<?xml version="1.0" encoding="UTF-8" ?>
<testsuite errors="0" failures="0" hostname="travis-job-c938ad76-ea31-48ba-bcf9-e2ef866756e2" name="ptolemy.actor.lib.test.junit.JUnitTclTest" skipped="0" tests="517" time="61.187" timestamp="2020-09-05T15:41:17">
  <properties>
    <property name="npm.executable" value="npm" />
    <property name="env.TRAVIS_ROOT" value="/" />
    <property name="ptII.mk.exists" value="true" />
    <property name="env.TRAVIS_APP_HOST" value="build.travis-ci.org" />
    <property name="env.rvm_bin_path" value="/home/travis/.rvm/bin" />
    <property name="java.home" value="/usr/local/lib/jvm/openjdk11" />
    <property name="env.TRAVIS_JOB_NUMBER" value="1755.8" />
    <property name="env.TRAVIS_HOME" value="/home/travis" />
    <property name="env.DISPLAY" value=":99.0" />
    <property name="env.TRAVIS_INIT" value="systemd" />
    <property name="env.SSH_TTY" value="/dev/pts/0" />
    <property name="java.net.preferIPv4Stack" value="true" />
    <property name="env.RUN_TESTS" value="true" />
    <property name="timeout.short" value="1000000" />
    <property name="junit.formatter" value="xml" />
    <property name="env.TRAVIS_SUDO" value="true" />
    <property name="env.TRAVIS_JOB_NAME" value="" />
    <property name="env.TRAVIS_STACK_NODE_ATTRIBUTES" value="/.node-attributes.yml" />
    <property name="env.LOGNAME" value="travis" />
    <property name="env.PT_TRAVIS_TEST_CORE1_XML" value="true" />
    <property name="jsdoc.home" value="node_modules/@terraswarm/jsdoc" />
    <property name="debuglevel" value="source,lines,vars" />
    <property name="checkstyle.formatter" value="xml" />
    <property name="bin.vergil.makeable" value="true" />
    <property name="sun.os.patch.level" value="unknown" />
    <property name="java.vendor.url" value="http://java.oracle.com/" />
    <property name="env.TRAVIS_BUILD_WEB_URL" value="https://travis-ci.org/icyphy/ptII/builds/724478641" />
    <property name="java.version" value="11.0.2" />
    <property name="env.TZ" value="UTC" />
    <property name="env.TRAVIS_PULL_REQUEST_SHA" value="" />
    <property name="env.PT_NO_NET" value="true" />
    <property name="env.TRAVIS_SECURE_ENV_VARS" value="true" />
    <property name="java.vendor.url.bug" value="http://bugreport.java.com/bugreport/" />
    <property name="npmjs-org-is-up" value="true" />
    <property name="env.LANGUAGE" value="en_US.UTF-8" />
    <property name="env.SSH_CLIENT" value="10.52.6.36 42422 22" />
    <property name="env.GEM_HOME" value="/home/travis/.rvm/gems/ruby-2.5.3" />
    <property name="env.HAS_ANTARES_THREE_LITTLE_FRONZIES_BADGE" value="true" />
    <property name="java.version.date" value="2019-01-15" />
    <property name="env.PS4" value="+" />
    <property name="ant.project.invoked-targets" value="build,test.core1.xml" />
    <property name="env.TRAVIS_PULL_REQUEST_BRANCH" value="" />
    <property name="env.TRAVIS_REPO_SLUG" value="icyphy/ptII" />
    <property name="env.XDG_DATA_DIRS" value="/usr/local/share:/usr/share:/var/lib/snapd/desktop" />
    <property name="jdk.debug" value="release" />
    <property name="env.TRAVIS_APT_PROXY" value="http://build-cache.travisci.net" />
    <property name="env.TRAVIS_CPU_ARCH" value="amd64" />
    <property name="node.in.path" value="true" />
    <property name="user.name" value="travis" />
    <property name="java.maxmemory" value="1400m" />
    <property name="env.RUBY_VERSION" value="ruby-2.5.3" />
    <property name="env.LANG" value="en_US.UTF-8" />
    <property name="sun.io.unicode.encoding" value="UnicodeLittle" />
    <property name="sun.jnu.encoding" value="UTF-8" />
    <property name="java.runtime.name" value="OpenJDK Runtime Environment" />
    <property name="usefile" value="false" />
    <property name="return.code" value="0" />
    <property name="junit.single.formatter" value="plain" />
    <property name="env.DYLD_LIBRARY_PATH" value="/home/travis/pthla/certi-tools/lib:" />
    <property name="env.DEBIAN_FRONTEND" value="noninteractive" />
    <property name="env.SSH_CONNECTION" value="10.52.6.36 42422 10.20.0.110 22" />
    <property name="env.MYSQL_UNIX_PORT" value="/var/run/mysqld/mysqld.sock" />
    <property name="env.LC_ALL" value="en_US.UTF-8" />
    <property name="env.TRAVIS_ALLOW_FAILURE" value="" />
    <property name="env.TRAVIS_JOB_WEB_URL" value="https://travis-ci.org/icyphy/ptII/jobs/724478659" />
    <property name="java.specification.name" value="Java Platform API Specification" />
    <property name="node.works" value="true" />
    <property name="user.timezone" value="" />
    <property name="path.separator" value=":" />
    <property name="env.TRAVIS_ENABLE_INFRA_DETECTION" value="true" />
    <property name="env.PYTHON_CFLAGS" value="-g -fstack-protector --param=ssp-buffer-size=4 -Wformat -Werror=format-security" />
    <property name="timeout.long" value="4000000" />
    <property name="env.CERTI_HOME" value="/home/travis/pthla/certi-tools" />
    <property name="ant.file.ptII" value="/home/travis/build/icyphy/ptII/build.xml" />
    <property name="javadoc.packagenames" value="com.*,diva.*,lbnl.*,org.hlacerti.*,org.json.*,org.ptolemy.*,org.terraswarm.*,ptolemy.*,ptserver.*" />
    <property name="file.encoding" value="UTF-8" />
    <property name="env.TRAVIS_PULL_REQUEST_SLUG" value="" />
    <property name="ant.project.default-target" value="build" />
    <property name="env.GIT_ASKPASS" value="echo" />
    <property name="env.HOME" value="/home/travis" />
    <property name="sun.java.command" value="org.apache.tools.ant.taskdefs.optional.junit.JUnitTestRunner ptolemy.actor.lib.test.junit.JUnitTclTest skipNonTests=false filtertrace=true haltOnError=false haltOnFailure=false formatter=org.apache.tools.ant.taskdefs.optional.junit.OutErrSummaryJUnitResultFormatter showoutput=true outputtoformatters=true logfailedtests=true threadid=0 logtestlistenerevents=false formatter=org.apache.tools.ant.taskdefs.optional.junit.XMLJUnitResultFormatter,/home/travis/build/icyphy/ptII/reports/junit/TEST-ptolemy.actor.lib.test.junit.JUnitTclTest.xml crashfile=/home/travis/build/icyphy/ptII/junitvmwatcher9003152599918109395.properties propsfile=/home/travis/build/icyphy/ptII/junit11613696419659558883.properties" />
    <property name="env.COMPOSER_NO_INTERACTION" value="1" />
    <property name="env.MANPATH" value="/home/travis/.nvm/versions/node/v7.10.1/share/man:/home/travis/.rvm/rubies/ruby-2.5.3/share/man:/usr/local/cmake-3.12.4/man:/usr/local/clang-7.0.0/share/man:/usr/local/man:/usr/local/share/man:/usr/share/man:/home/travis/.rvm/man" />
    <property name="env.TRAVIS_TIMER_ID" value="004a7308" />
    <property name="ant.file" value="/home/travis/build/icyphy/ptII/build.xml" />
    <property name="env.TRAVIS_COMMIT_RANGE" value="3bb573e462e9b4151952318d01b7e361e9f419ad...74248200255084cca0f8d02e5ad09f36c0965423" />
    <property name="ptII.classpath.optional.property" value="/home/travis/build/icyphy/ptII/lib/bsh-2.0b4.jar:/home/travis/build/icyphy/ptII/lib/ptCal.jar:/home/travis/build/icyphy/ptII/lib/java_cup.jar:/home/travis/build/icyphy/ptII/lib/saxon8.jar:/home/travis/build/icyphy/ptII/lib/saxon8-dom.jar:/home/travis/build/icyphy/ptII/lib/chic.jar:/home/travis/build/icyphy/ptII/lib/ptcolt.jar:/home/travis/build/icyphy/ptII/vendors/misc/itext/iText.jar:/home/travis/build/icyphy/ptII/lib/g4ltl.jar:/home/travis/build/icyphy/ptII/lib/StructuralCoder.jar:/home/travis/build/icyphy/ptII/lib/jcerti.jar:/home/travis/build/icyphy/ptII/lib/javax.mail.jar:/home/travis/build/icyphy/ptII/vendors/JMF-2.1.1e/lib/jmf.jar:/home/travis/build/icyphy/ptII/lib/jna-4.0.0-variadic.jar:/home/travis/build/icyphy/ptII/vendors/misc/joystick/Joystick.jar:/home/travis/build/icyphy/ptII/lib/ptjacl.jar:/home/travis/build/icyphy/ptII/lib/jsoup-1.8.2.jar:/home/travis/build/icyphy/ptII/lib/junit-4.8.2.jar:/home/travis/build/icyphy/ptII/lib/JUnitParams-0.4.0.jar:/home/travis/build/icyphy/ptII/ptolemy/actor/lib/excel/jxl.jar:/home/travis/build/icyphy/ptII/lib/jython.jar:/home/travis/build/icyphy/ptII/lib/kieler.jar:/home/travis/build/icyphy/ptII/vendors/opencv/share/OpenCV/java/opencv-341.jar:/home/travis/build/icyphy/ptII/lib/oscP5.jar:/home/travis/build/icyphy/ptII/lib/nrjavaserial-3.11.0.devel.jar:/home/travis/build/icyphy/ptII/vendors/j3d/lib/Linux/j3dcore.jar:/home/travis/build/icyphy/ptII/vendors/j3d/lib/Linux/j3dutils.jar:/home/travis/build/icyphy/ptII/vendors/j3d/lib/Linux/vecmath.jar:/home/travis/build/icyphy/ptII/vendors/jogl/lib/Linux/gluegen-rt-natives-linux-amd64.jar:/home/travis/build/icyphy/ptII/vendors/jogl/lib/Linux/gluegen-rt.jar:/home/travis/build/icyphy/ptII/vendors/jogl/lib/Linux/jogl-all-natives-linux-amd64.jar:/home/travis/build/icyphy/ptII/vendors/jogl/lib/Linux/jogl-all.jar:/home/travis/build/icyphy/ptII/ptolemy/distributed/jini/jar/jini-core.jar:/home/travis/build/icyphy/ptII/ptolemy/distributed/jini/jar/jini-ext.jar:/home/travis/build/icyphy/ptII/ptolemy/distributed/jini/jar/sun-util.jar:/home/travis/build/icyphy/ptII/lib/protobuf-java-2.4.1.jar:/home/travis/build/icyphy/ptII/lib/org.eclipse.paho.client.mqttv3.jar:/home/travis/build/icyphy/ptII/lib/mapss.jar:/home/travis/build/icyphy/ptII/ptolemy/actor/ptalon/antlr/antlr.jar:/home/travis/build/icyphy/ptII/lib/JRI.jar:/home/travis/build/icyphy/ptII/lib/commons-lang-2.6.jar:/home/travis/build/icyphy/ptII/lib/commons-logging-1.1.1.jar:/home/travis/build/icyphy/ptII/lib/sootclasses.jar:/home/travis/build/icyphy/ptII/ptolemy/actor/lib/database/mysql-connector-java-5.1.6-bin.jar:/home/travis/build/icyphy/ptII/vendors/misc/sphinx4/sphinx4-data-5prealpha.jar:/home/travis/build/icyphy/ptII/vendors/misc/sphinx4/sphinx4-core-5prealpha.jar:/home/travis/build/icyphy/ptII/lib/PDFRenderer.jar:/home/travis/build/icyphy/ptII/lib/svgSalamander.jar:/home/travis/build/icyphy/ptII/lib/rsyntaxtextarea-2.6.0-SNAPSHOT.jar:/home/travis/build/icyphy/ptII/lib/hazelcast-3.8.2.jar:/home/travis/build/icyphy/ptII/lib/jackson-annotations-2.9.0.jar:/home/travis/build/icyphy/ptII/lib/jackson-core-2.9.3.jar:/home/travis/build/icyphy/ptII/lib/jackson-databind-2.9.3.jar:/home/travis/build/icyphy/ptII/lib/netty-buffer-4.1.19.Final.jar:/home/travis/build/icyphy/ptII/lib/netty-codec-4.1.19.Final.jar:/home/travis/build/icyphy/ptII/lib/netty-codec-dns-4.1.19.Final.jar:/home/travis/build/icyphy/ptII/lib/netty-codec-http-4.1.19.Final.jar:/home/travis/build/icyphy/ptII/lib/netty-codec-http2-4.1.19.Final.jar:/home/travis/build/icyphy/ptII/lib/netty-common-4.1.19.Final.jar:/home/travis/build/icyphy/ptII/lib/netty-handler-4.1.19.Final.jar:/home/travis/build/icyphy/ptII/lib/netty-resolver-4.1.19.Final.jar:/home/travis/build/icyphy/ptII/lib/netty-resolver-dns-4.1.19.Final.jar:/home/travis/build/icyphy/ptII/lib/netty-transport-4.1.19.Final.jar:/home/travis/build/icyphy/ptII/lib/vertx-codegen-3.5.1.jar:/home/travis/build/icyphy/ptII/lib/vertx-core-3.5.2-SNAPSHOT.jar:/home/travis/build/icyphy/ptII/lib/vertx-hazelcast-3.5.1.jar:/home/travis/build/icyphy/ptII/lib/vertx-lang-js-3.5.1.jar:/home/travis/build/icyphy/ptII/lib/vertx-service-proxy-3.5.1.jar:/home/travis/build/icyphy/ptII/lib/vertx-web-3.5.1.jar:/home/travis/build/icyphy/ptII/lib/slf4j-api-1.7.13.jar:/home/travis/build/icyphy/ptII/lib/slf4j-simple-1.7.13.jar:/home/travis/build/icyphy/ptII/lib/webcam-capture-0.3.12.jar:/home/travis/build/icyphy/ptII/lib/bridj-0.7.0.jar:/home/travis/build/icyphy/ptII/lib/xbjlib-1.1.0.nrjavaserial.jar" />
    <property name="timeout" value="2400000" />
    <property name="test.batch" value="**/junit/*.java" />
    <property name="env._" value="/usr/bin/timeout" />
    <property name="java.io.tmpdir" value="/tmp" />
    <property name="user.language" value="en" />
    <property name="env.TRAVIS_INTERNAL_RUBY_REGEX" value="^ruby-(2\.[0-4]\.[0-9]|1\.9\.3)" />
    <property name="env.HISTCONTROL" value="ignoredups:ignorespace" />
    <property name="env.GOROOT" value="/home/travis/.gimme/versions/go1.11.1.linux.amd64" />
    <property name="line.separator" value="&#xa;" />
    <property name="target" value="11" />
    <property name="env.TRAVIS_BUILD_DIR" value="/home/travis/build/icyphy/ptII" />
    <property name="env.ANT_OPTS" value="-Xmx2048m" />
    <property name="ant.file.type" value="file" />
    <property name="ptolemy.ptII.batchMode" value="true" />
    <property name="env.HISTSIZE" value="1000" />
    <property name="env.MERB_ENV" value="test" />
    <property name="java.vm.info" value="mixed mode" />
    <property name="source" value="11" />
    <property name="java.vm.specification.name" value="Java Virtual Machine Specification" />
    <property name="env.TRAVIS_TEST_RESULT" value="0" />
    <property name="jsdoc.command" value="node_modules/@terraswarm/jsdoc/jsdoc.js" />
    <property name="npm.works" value="true" />
    <property name="cobertura.dir" value="/home/travis/build/icyphy/ptII/vendors/cobertura-2.0.3" />
    <property name="jsdoc.command.exists" value="true" />
    <property name="env.rvm_path" value="/home/travis/.rvm" />
    <property name="env.GEM_PATH" value="/home/travis/.rvm/gems/ruby-2.5.3:/home/travis/.rvm/gems/ruby-2.5.3@global" />
    <property name="env.LC_CTYPE" value="en_US.UTF-8" />
    <property name="env.TRAVIS_CMD" value="$PTII/bin/ptIITravisBuild.sh $SECONDS" />
    <property name="java.awt.printerjob" value="sun.print.PSPrinterJob" />
    <property name="env.TRAVIS_STACK_NAME" value="sardonyx" />
    <property name="env.TRAVIS_TIMER_START_TIME" value="1599319853858648723" />
    <property name="ant.version" value="Apache Ant(TM) version 1.10.1 compiled on February 2 2017" />
    <property name="ptII.reports" value="/home/travis/build/icyphy/ptII/reports" />
    <property name="env.TRAVIS_STACK_TIMESTAMP" value="2020-06-24 13:13:18 UTC" />
    <property name="ant.file.type.ptII" value="file" />
    <property name="env.RBENV_SHELL" value="bash" />
    <property name="os.name" value="Linux" />
    <property name="java.specification.vendor" value="Oracle Corporation" />
    <property name="env.rvm_version" value="1.29.10 (latest)" />
    <property name="env.TRAVIS_INFRA" value="unknown" />
    <property name="env.TERM" value="xterm" />
    <property name="java.vm.name" value="OpenJDK 64-Bit Server VM" />
    <property name="env.TRAVIS_BUILD_NUMBER" value="1755" />
    <property name="env.CI" value="true" />
    <property name="java.library.path" value="/home/travis/pthla/certi-tools/lib:/usr/lib/jni:/usr/local/share/OpenCV/java/:/usr/share/OpenCV/java::/usr/java/packages/lib:/usr/lib64:/lib64:/lib:/usr/lib" />
    <property name="jdk.module.path" value="/home/travis/build/icyphy/ptII/vendors/javafx/javafx-sdk-11.0.2/lib:" />
    <property name="env.rvm_prefix" value="/home/travis" />
    <property name="env.PATH" value="/home/travis/pthla/certi-tools/share/scripts:/home/travis/.rvm/gems/ruby-2.5.3/bin:/home/travis/.rvm/gems/ruby-2.5.3@global/bin:/home/travis/.rvm/rubies/ruby-2.5.3/bin:/home/travis/.rvm/bin:/home/travis/.nvm/versions/node/v7.10.1/bin:./node_modules/.bin:/home/travis/build/icyphy/ptII/bin:/home/travis/pthla/certi-tools/bin:/home/travis/bin:/home/travis/.local/bin:/usr/local/lib/jvm/openjdk11/bin:/opt/pyenv/shims:/home/travis/.phpenv/shims:/home/travis/perl5/perlbrew/bin:/home/travis/gopath/bin:/home/travis/.gimme/versions/go1.11.1.linux.amd64/bin:/usr/local/maven-3.6.3/bin:/usr/local/cmake-3.12.4/bin:/usr/local/clang-7.0.0/bin:/usr/local/sbin:/usr/local/bin:/usr/sbin:/usr/bin:/sbin:/bin:/snap/bin:/home/travis/.phpenv/bin:/opt/pyenv/bin:/home/travis/.yarn/bin" />
    <property name="env.TRAVIS_OS_NAME" value="linux" />
    <property name="ant.java.version" value="9" />
    <property name="basedir" value="/home/travis/build/icyphy/ptII" />
    <property name="java.class.version" value="55.0" />
    <property name="env.SHLVL" value="3" />
    <property name="env.LD_LIBRARY_PATH" value="/home/travis/pthla/certi-tools/lib:/usr/lib/jni:/usr/local/share/OpenCV/java/:/usr/share/OpenCV/java:" />
    <property name="env.RACK_ENV" value="test" />
    <property name="ant.home" value="/home/travis/build/icyphy/ptII/ant" />
    <property name="env.NVM_DIR" value="/home/travis/.nvm" />
    <property name="env.CERTI_FOM_PATH" value="/home/travis/pthla/certi-tools/share/federations" />
    <property name="env.TRAVIS_BUILD_ID" value="724478641" />
    <property name="env.PYENV_ROOT" value="/opt/pyenv" />
    <property name="env.TRAVIS_UID" value="2000" />
    <property name="prism.verbose" value="true" />
    <property name="env.NVM_BIN" value="/home/travis/.nvm/versions/node/v7.10.1/bin" />
    <property name="env.TRAVIS_COMMIT" value="74248200255084cca0f8d02e5ad09f36c0965423" />
    <property name="node.executable" value="node" />
    <property name="sun.boot.library.path" value="/usr/local/lib/jvm/openjdk11/lib" />
    <property name="sun.management.compiler" value="HotSpot 64-Bit Tiered Compilers" />
    <property name="java.awt.graphicsenv" value="sun.awt.X11GraphicsEnvironment" />
    <property name="env.GOPATH" value="/home/travis/gopath" />
    <property name="ptolemy.ptII.dir" value="/home/travis/build/icyphy/ptII" />
    <property name="env.USER" value="travis" />
    <property name="env.HISTFILESIZE" value="2000" />
    <property name="env.NVM_INC" value="/home/travis/.nvm/versions/node/v7.10.1/include/node" />
    <property name="timeout.longest" value="19000000" />
    <property name="env.PERLBREW_SHELLRC_VERSION" value="0.88" />
    <property name="env.TRAVIS_STACK_FEATURES" value="basic couchdb disabled-ipv6 docker docker-compose elasticsearch firefox go-toolchain google-chrome jdk memcached mongodb mysql nodejs_interpreter perl_interpreter perlbrew phantomjs postgresql python_interpreter redis ruby_interpreter sqlite xserver" />
    <property name="env.TRAVIS_PULL_REQUEST" value="false" />
    <property name="env.PYENV_SHELL" value="bash" />
    <property name="ant.project.name" value="ptII" />
    <property name="env.ANSI_RESET" value="\033[0m" />
    <property name="java.vm.specification.version" value="11" />
    <property name="env.TRAVIS_DIST" value="xenial" />
    <property name="env.CERTI_VERSION" value="4.0.0" />
    <property name="env.CERTI_HOST" value="localhost" />
    <property name="awt.toolkit" value="sun.awt.X11.XToolkit" />
    <property name="env.MY_RUBY_HOME" value="/home/travis/.rvm/rubies/ruby-2.5.3" />
    <property name="sun.cpu.isalist" value="" />
    <property name="env.TRAVIS_TMPDIR" value="/tmp/tmp.erZJn9x7Z8" />
    <property name="java.vm.compressedOopsMode" value="Zero based" />
    <property name="os.version" value="4.15.0-1077-gcp" />
    <property name="user.home" value="/home/travis" />
    <property name="java.vm.vendor" value="Oracle Corporation" />
    <property name="env.TRAVIS_TAG" value="nightly" />
    <property name="env.ANSI_YELLOW" value="\033[33;1m" />
    <property name="env.TRAVIS_FILTERED" value="redirect_io" />
    <property name="env.ANSI_GREEN" value="\033[32;1m" />
    <property name="env.JAVA_HOME" value="/usr/local/lib/jvm/openjdk11" />
    <property name="javadoc.excludepackagenames" value="adm.cvs2svn.*,build.*,config.*,doc.coding.templates.*,jni.test.jni.meaningOfLife.*,jni.test.jni.testDeux.*,jni.test.jni.testTrois.*,org.terraswarm.accessor.accessors.web.node_modules.*,org.terraswarm.accessor.accessors.web.hosts.cordova.demo.*,org.terraswarm.accessor.accessors.web.hosts.cordova.plugins.*,org.terraswarm.accessor.accessors-svn.*,pt-modules.*,ptolemy.apps.agilent.*,ptolemy.apps.anytimecontrol.*,ptolemy.apps.apes.*,ptolemy.apps.charon.*,ptolemy.apps.crazyboard.*,ptolemy.apps.eclipse.*,ptolemy.apps.etherealSting.*,ptolemy.apps.fullscreen.*,ptolemy.apps.giotto.*,ptolemy.apps.ia.*,ptolemy.apps.interfaces.*,ptolemy.apps.jmf.*,ptolemy.apps.kurt.*,ptolemy.apps.kvm.*,ptolemy.apps.lego.*,ptolemy.apps.lejos.*,ptolemy.apps.midp.*,ptolemy.apps.mobileCoding.*,ptolemy.apps.pendulum.*,ptolemy.apps.rijndael.*,ptolemy.apps.robot.*,ptolemy.apps.security.*,ptolemy.apps.sobel.*,ptolemy.apps.soot.*,ptolemy.apps.throttle.*,ptolemy.apps.tini.*,ptolemy.apps.transmission.*,ptolemy.apps.vergil.*,ptolemy.apps.waba.*,ptolemy.apps.websensor.*,ptolemy.apps.webstart.*,ptolemy.apps.xsl.*,ptolemy.apps.zaurus.*,ptolemy.codegen.c.actor.lib.oldJavaFiles.*,ptolemy.codegen.dsp.lib.*,ptolemy.codegen.kernel.newInterfaces.*,ptolemy.codegen.lib.*,ptolemy.copernicus.kernel.fragment.*,ptolemy.copernicus.shallow.cg.*,ptolemy.domains.giotto.demo.Hierarchy.Hierarchy.*,ptolemy.domains.giotto.demo.Multimode.Multimode.*,ptolemy.domains.giotto.demo.Simple.Simple.*,ptolemy.domains.gr.lib.experimental.*,ptolemy.domains.gro.*,ptolemy.domains.pdf.*,ptolemy.domains.ptinyos.demo.Surge.output.*,ptolemy.moml.test.NoPackageActor.java*,ptolemy.plot.adm.*,ptolemy.plot.servlet.*,reports.*,signed.*,src.*,target.*,vendors.*,ptolemy.copernicus.applet.*,ptolemy.media.viewer.*,ptolemy.actor.corba.*,doc.doclets.*,ptolemy.apps.eclipse.awt.*,ptolemy.backtrack.*,ptolemy.backtrack.ast.*,ptolemy.cg.adapter.generic.program.procedural.c.mbed*,ptolemy.homer.*,ptolemy.actor.lib.jai.*,org.ptolemy.scala.*,diva.util.java2d.svg.*,ptolemy.domains.ptinyos.*,ptolemy.actor.lib.fmi.fmipp.*,,org.terraswarm.accessor.accessors.web.node_modules.*,org.terraswarm.accessor.accessors-svn,ptolemy.apps.*,ptolemy.actor.ptalon.demo.ptinyos.SendAndReceiveCnt.output,ptolemy.actor.ptalon.demo.ptinyos.SenseToLeds.output,ptolemy.domains.ptinyos.demo.CntToLedsAndRfm.output,ptolemy.domains.ptinyos.demo.RfmToLeds.output,ptolemy.domains.ptinyos.demo.SendAndReceiveCnt.output,ptolemy.domains.ptinyos.demo.SenseToLeds.output,ptolemy.actor.lib.jjs.modules.udpSocket.*" />
    <property name="env.PTII" value="/home/travis/build/icyphy/ptII" />
    <property name="env.XDG_SESSION_ID" value="2" />
    <property name="keystore" value="ptKeystore" />
    <property name="env.TRAVIS_COMMIT_MESSAGE" value="Exclude org/hlacerti/newModels1516e/VariableArrayPTIIJavaFed" />
    <property name="junit.output.dir" value="/home/travis/build/icyphy/ptII/reports/junit" />
    <property name="npm.return.code" value="0" />
    <property name="user.dir" value="/home/travis/build/icyphy/ptII/ptolemy/actor/lib/test" />
    <property name="env.TRAVIS_NODE_VERSION" value="7" />
    <property name="env.TRAVIS_EVENT_TYPE" value="cron" />
    <property name="env.MAIL" value="/var/mail/travis" />
    <property name="env.PERLBREW_ROOT" value="/home/travis/perl5/perlbrew" />
    <property name="env.PWD" value="/home/travis/build/icyphy/ptII" />
    <property name="timeout.npm" value="45000" />
    <property name="env.TRAVIS_ARCH" value="amd64" />
    <property name="sun.cpu.endian" value="little" />
    <property name="env.PAGER" value="cat" />
    <property name="env.TRAVIS_BUILD_STAGE_NAME" value="test" />
    <property name="env.PERLBREW_HOME" value="/home/travis/.perlbrew" />
    <property name="java.vm.version" value="11.0.2+9" />
    <property name="env.RAILS_ENV" value="test" />
    <property name="java.class.path" value="/home/travis/.ptolemyII:/home/travis/.ptolemyII/*:/home/travis/build/icyphy/ptII:/home/travis/build/icyphy/ptII/lib/bsh-2.0b4.jar:/home/travis/build/icyphy/ptII/lib/ptCal.jar:/home/travis/build/icyphy/ptII/lib/java_cup.jar:/home/travis/build/icyphy/ptII/lib/saxon8.jar:/home/travis/build/icyphy/ptII/lib/saxon8-dom.jar:/home/travis/build/icyphy/ptII/lib/chic.jar:/home/travis/build/icyphy/ptII/lib/ptcolt.jar:/home/travis/build/icyphy/ptII/vendors/misc/itext/iText.jar:/home/travis/build/icyphy/ptII/lib/g4ltl.jar:/home/travis/build/icyphy/ptII/lib/StructuralCoder.jar:/home/travis/build/icyphy/ptII/lib/jcerti.jar:/home/travis/build/icyphy/ptII/lib/javax.mail.jar:/home/travis/build/icyphy/ptII/vendors/JMF-2.1.1e/lib/jmf.jar:/home/travis/build/icyphy/ptII/lib/jna-4.0.0-variadic.jar:/home/travis/build/icyphy/ptII/vendors/misc/joystick/Joystick.jar:/home/travis/build/icyphy/ptII/lib/ptjacl.jar:/home/travis/build/icyphy/ptII/lib/jsoup-1.8.2.jar:/home/travis/build/icyphy/ptII/lib/junit-4.8.2.jar:/home/travis/build/icyphy/ptII/lib/JUnitParams-0.4.0.jar:/home/travis/build/icyphy/ptII/ptolemy/actor/lib/excel/jxl.jar:/home/travis/build/icyphy/ptII/lib/jython.jar:/home/travis/build/icyphy/ptII/lib/kieler.jar:/home/travis/build/icyphy/ptII/vendors/opencv/share/OpenCV/java/opencv-341.jar:/home/travis/build/icyphy/ptII/lib/oscP5.jar:/home/travis/build/icyphy/ptII/lib/nrjavaserial-3.11.0.devel.jar:/home/travis/build/icyphy/ptII/vendors/j3d/lib/Linux/j3dcore.jar:/home/travis/build/icyphy/ptII/vendors/j3d/lib/Linux/j3dutils.jar:/home/travis/build/icyphy/ptII/vendors/j3d/lib/Linux/vecmath.jar:/home/travis/build/icyphy/ptII/vendors/jogl/lib/Linux/gluegen-rt-natives-linux-amd64.jar:/home/travis/build/icyphy/ptII/vendors/jogl/lib/Linux/gluegen-rt.jar:/home/travis/build/icyphy/ptII/vendors/jogl/lib/Linux/jogl-all-natives-linux-amd64.jar:/home/travis/build/icyphy/ptII/vendors/jogl/lib/Linux/jogl-all.jar:/home/travis/build/icyphy/ptII/ptolemy/distributed/jini/jar/jini-core.jar:/home/travis/build/icyphy/ptII/ptolemy/distributed/jini/jar/jini-ext.jar:/home/travis/build/icyphy/ptII/ptolemy/distributed/jini/jar/sun-util.jar:/home/travis/build/icyphy/ptII/lib/protobuf-java-2.4.1.jar:/home/travis/build/icyphy/ptII/lib/org.eclipse.paho.client.mqttv3.jar:/home/travis/build/icyphy/ptII/lib/mapss.jar:/home/travis/build/icyphy/ptII/ptolemy/actor/ptalon/antlr/antlr.jar:/home/travis/build/icyphy/ptII/lib/JRI.jar:/home/travis/build/icyphy/ptII/lib/commons-lang-2.6.jar:/home/travis/build/icyphy/ptII/lib/commons-logging-1.1.1.jar:/home/travis/build/icyphy/ptII/lib/sootclasses.jar:/home/travis/build/icyphy/ptII/ptolemy/actor/lib/database/mysql-connector-java-5.1.6-bin.jar:/home/travis/build/icyphy/ptII/vendors/misc/sphinx4/sphinx4-data-5prealpha.jar:/home/travis/build/icyphy/ptII/vendors/misc/sphinx4/sphinx4-core-5prealpha.jar:/home/travis/build/icyphy/ptII/lib/PDFRenderer.jar:/home/travis/build/icyphy/ptII/lib/svgSalamander.jar:/home/travis/build/icyphy/ptII/lib/rsyntaxtextarea-2.6.0-SNAPSHOT.jar:/home/travis/build/icyphy/ptII/lib/hazelcast-3.8.2.jar:/home/travis/build/icyphy/ptII/lib/jackson-annotations-2.9.0.jar:/home/travis/build/icyphy/ptII/lib/jackson-core-2.9.3.jar:/home/travis/build/icyphy/ptII/lib/jackson-databind-2.9.3.jar:/home/travis/build/icyphy/ptII/lib/netty-buffer-4.1.19.Final.jar:/home/travis/build/icyphy/ptII/lib/netty-codec-4.1.19.Final.jar:/home/travis/build/icyphy/ptII/lib/netty-codec-dns-4.1.19.Final.jar:/home/travis/build/icyphy/ptII/lib/netty-codec-http-4.1.19.Final.jar:/home/travis/build/icyphy/ptII/lib/netty-codec-http2-4.1.19.Final.jar:/home/travis/build/icyphy/ptII/lib/netty-common-4.1.19.Final.jar:/home/travis/build/icyphy/ptII/lib/netty-handler-4.1.19.Final.jar:/home/travis/build/icyphy/ptII/lib/netty-resolver-4.1.19.Final.jar:/home/travis/build/icyphy/ptII/lib/netty-resolver-dns-4.1.19.Final.jar:/home/travis/build/icyphy/ptII/lib/netty-transport-4.1.19.Final.jar:/home/travis/build/icyphy/ptII/lib/vertx-codegen-3.5.1.jar:/home/travis/build/icyphy/ptII/lib/vertx-core-3.5.2-SNAPSHOT.jar:/home/travis/build/icyphy/ptII/lib/vertx-hazelcast-3.5.1.jar:/home/travis/build/icyphy/ptII/lib/vertx-lang-js-3.5.1.jar:/home/travis/build/icyphy/ptII/lib/vertx-service-proxy-3.5.1.jar:/home/travis/build/icyphy/ptII/lib/vertx-web-3.5.1.jar:/home/travis/build/icyphy/ptII/lib/slf4j-api-1.7.13.jar:/home/travis/build/icyphy/ptII/lib/slf4j-simple-1.7.13.jar:/home/travis/build/icyphy/ptII/lib/webcam-capture-0.3.12.jar:/home/travis/build/icyphy/ptII/lib/bridj-0.7.0.jar:/home/travis/build/icyphy/ptII/lib/xbjlib-1.1.0.nrjavaserial.jar:/home/travis/build/icyphy/ptII/ptolemy/moml/test:/home/travis/build/icyphy/ptII/ant/lib/ant-launcher.jar:/home/travis/build/icyphy/ptII/ant/lib/ant.jar:/home/travis/build/icyphy/ptII/ant/lib/ant-junit.jar:/home/travis/build/icyphy/ptII/ant/lib/ant-junit4.jar" />
    <property name="ant.library.dir" value="/home/travis/build/icyphy/ptII/ant/lib" />
    <property name="os.arch" value="amd64" />
    <property name="env.CONTINUOUS_INTEGRATION" value="true" />
    <property name="env.TRAVIS_LANGUAGE" value="node_js" />
    <property name="env.TRAVIS_STACK_LANGUAGES" value="__sardonyx__ c c++ clojure cplusplus cpp default generic go groovy java node_js php pure_java python ruby scala" />
    <property name="test.name" value="ptolemy.actor.lib.test.junit.JUnitTclTest" />
    <property name="env.APT_KEY_DONT_WARN_ON_DANGEROUS_USAGE" value="1" />
    <property name="sun.java.launcher" value="SUN_STANDARD" />
    <property name="env.PYTHON_CONFIGURE_OPTS" value="--enable-unicode=ucs4 --with-wide-unicode --enable-shared --enable-ipv6 --enable-loadable-sqlite-extensions --with-computed-gotos" />
    <property name="ant.core.lib" value="/home/travis/build/icyphy/ptII/ant/lib/ant.jar" />
    <property name="java.vm.specification.vendor" value="Oracle Corporation" />
    <property name="env.BCVTB_HOME" value="/home/travis/build/icyphy/ptII/lbnl" />
    <property name="file.separator" value="/" />
    <property name="spotbugs.home" value="/home/travis/build/icyphy/ptII/vendors/spotbugs-3.1.1" />
    <property name="java.runtime.version" value="11.0.2+9" />
    <property name="env.ANSI_CLEAR" value="\033[0K" />
    <property name="javafx.verbose" value="true" />
    <property name="env.HAS_JOSH_K_SEAL_OF_APPROVAL" value="true" />
    <property name="env.XDG_RUNTIME_DIR" value="/run/user/2000" />
    <property name="env.TRAVIS_OSX_IMAGE" value="" />
    <property name="env.TRAVIS_JOB_ID" value="724478659" />
    <property name="env.TRAVIS_BRANCH" value="master" />
    <property name="user.country" value="US" />
    <property name="env.CERTI_HOME_TRAVIS" value="/home/travis/pthla/certi-tools" />
    <property name="env.SHELL" value="/bin/bash" />
    <property name="java.maxmemory.large" value="3200m" />
    <property name="model" value="" />
    <property name="env.CASHER_DIR" value="/home/travis/.casher" />
    <property name="env.NVM_CD_FLAGS" value="" />
    <property name="java.vendor.version" value="18.9" />
    <property name="jshint.executable" value="/home/travis/node_modules/jshint/bin/jshint" />
    <property name="env.JRUBY_OPTS" value=" --client -J-XX:+TieredCompilation -J-XX:TieredStopAtLevel=1 -J-Xss2m -Xcompile.invokedynamic=false" />
    <property name="java.vendor" value="Oracle Corporation" />
    <property name="env.TRAVIS_PRE_CHEF_BOOTSTRAP_TIME" value="2020-06-24T13:13:03" />
    <property name="env.TRAVIS_STACK_JOB_BOARD_REGISTER" value="/.job-board-register.yml" />
    <property name="env.ANSI_RED" value="\033[31;1m" />
    <property name="java.specification.version" value="11" />
    <property name="env.IRBRC" value="/home/travis/.rvm/rubies/ruby-2.5.3/.irbrc" />
    <property name="env.TRAVIS" value="true" />
    <property name="sun.arch.data.model" value="64" />
  </properties>
  <testcase classname="ptolemy.util.test.junit.TclTests" name="[0] /home/travis/build/icyphy/ptII/ptolemy/actor/lib/test/AbsoluteValue.tcl (RunTclFile)" time="0.622" />
  <testcase classname="ptolemy.util.test.junit.TclTests" name="[1] /home/travis/build/icyphy/ptII/ptolemy/actor/lib/test/AddSubtract.tcl (RunTclFile)" time="0.192" />
  <testcase classname="ptolemy.util.test.junit.TclTests" name="[2] /home/travis/build/icyphy/ptII/ptolemy/actor/lib/test/Average.tcl (RunTclFile)" time="0.062" />
  <testcase classname="ptolemy.util.test.junit.TclTests" name="[3] /home/travis/build/icyphy/ptII/ptolemy/actor/lib/test/Bernoulli.tcl (RunTclFile)" time="0.018" />
  <testcase classname="ptolemy.util.test.junit.TclTests" name="[4] /home/travis/build/icyphy/ptII/ptolemy/actor/lib/test/Clock.tcl (RunTclFile)" time="0.097" />
  <testcase classname="ptolemy.util.test.junit.TclTests" name="[5] /home/travis/build/icyphy/ptII/ptolemy/actor/lib/test/Commutator.tcl (RunTclFile)" time="0.168" />
  <testcase classname="ptolemy.util.test.junit.TclTests" name="[6] /home/travis/build/icyphy/ptII/ptolemy/actor/lib/test/Const.tcl (RunTclFile)" time="0.133" />
  <testcase classname="ptolemy.util.test.junit.TclTests" name="[7] /home/travis/build/icyphy/ptII/ptolemy/actor/lib/test/CurrentTime.tcl (RunTclFile)" time="0.034" />
  <testcase classname="ptolemy.util.test.junit.TclTests" name="[8] /home/travis/build/icyphy/ptII/ptolemy/actor/lib/test/DB.tcl (RunTclFile)" time="0.02" />
  <testcase classname="ptolemy.util.test.junit.TclTests" name="[9] /home/travis/build/icyphy/ptII/ptolemy/actor/lib/test/DiscreteRandomSource.tcl (RunTclFile)" time="0.032" />
  <testcase classname="ptolemy.util.test.junit.TclTests" name="[10] /home/travis/build/icyphy/ptII/ptolemy/actor/lib/test/Distributor.tcl (RunTclFile)" time="0.071" />
  <testcase classname="ptolemy.util.test.junit.TclTests" name="[11] /home/travis/build/icyphy/ptII/ptolemy/actor/lib/test/Exit.tcl (RunTclFile)" time="0.086" />
  <testcase classname="ptolemy.util.test.junit.TclTests" name="[12] /home/travis/build/icyphy/ptII/ptolemy/actor/lib/test/Expression.tcl (RunTclFile)" time="0.112" />
  <testcase classname="ptolemy.util.test.junit.TclTests" name="[13] /home/travis/build/icyphy/ptII/ptolemy/actor/lib/test/Gaussian.tcl (RunTclFile)" time="0.573" />
  <testcase classname="ptolemy.util.test.junit.TclTests" name="[14] /home/travis/build/icyphy/ptII/ptolemy/actor/lib/test/IIR.tcl (RunTclFile)" time="0.041" />
  <testcase classname="ptolemy.util.test.junit.TclTests" name="[15] /home/travis/build/icyphy/ptII/ptolemy/actor/lib/test/Interpolator.tcl (RunTclFile)" time="0.107" />
  <testcase classname="ptolemy.util.test.junit.TclTests" name="[16] /home/travis/build/icyphy/ptII/ptolemy/actor/lib/test/MathFunction.tcl (RunTclFile)" time="0.074" />
  <testcase classname="ptolemy.util.test.junit.TclTests" name="[17] /home/travis/build/icyphy/ptII/ptolemy/actor/lib/test/Maximum.tcl (RunTclFile)" time="0.035" />
  <testcase classname="ptolemy.util.test.junit.TclTests" name="[18] /home/travis/build/icyphy/ptII/ptolemy/actor/lib/test/Minimum.tcl (RunTclFile)" time="0.027" />
  <testcase classname="ptolemy.util.test.junit.TclTests" name="[19] /home/travis/build/icyphy/ptII/ptolemy/actor/lib/test/MultiplyDivide.tcl (RunTclFile)" time="0.028" />
  <testcase classname="ptolemy.util.test.junit.TclTests" name="[20] /home/travis/build/icyphy/ptII/ptolemy/actor/lib/test/OrderedMerge.tcl (RunTclFile)" time="0.107" />
  <testcase classname="ptolemy.util.test.junit.TclTests" name="[21] /home/travis/build/icyphy/ptII/ptolemy/actor/lib/test/Publisher.tcl (RunTclFile)" time="0.777" />
  <testcase classname="ptolemy.util.test.junit.TclTests" name="[22] /home/travis/build/icyphy/ptII/ptolemy/actor/lib/test/Pulse.tcl (RunTclFile)" time="0.039" />
  <testcase classname="ptolemy.util.test.junit.TclTests" name="[23] /home/travis/build/icyphy/ptII/ptolemy/actor/lib/test/Ramp.tcl (RunTclFile)" time="1.833" />
  <testcase classname="ptolemy.util.test.junit.TclTests" name="[24] /home/travis/build/icyphy/ptII/ptolemy/actor/lib/test/RampContinuous.tcl (RunTclFile)" time="0.016" />
  <testcase classname="ptolemy.util.test.junit.TclTests" name="[25] /home/travis/build/icyphy/ptII/ptolemy/actor/lib/test/RecordAssembler.tcl (RunTclFile)" time="0.015" />
  <testcase classname="ptolemy.util.test.junit.TclTests" name="[26] /home/travis/build/icyphy/ptII/ptolemy/actor/lib/test/RecordDisassembler.tcl (RunTclFile)" time="0.019" />
  <testcase classname="ptolemy.util.test.junit.TclTests" name="[27] /home/travis/build/icyphy/ptII/ptolemy/actor/lib/test/Scale.tcl (RunTclFile)" time="0.016" />
  <testcase classname="ptolemy.util.test.junit.TclTests" name="[28] /home/travis/build/icyphy/ptII/ptolemy/actor/lib/test/SequentialClock.tcl (RunTclFile)" time="0.012" />
  <testcase classname="ptolemy.util.test.junit.TclTests" name="[29] /home/travis/build/icyphy/ptII/ptolemy/actor/lib/test/SetVariable.tcl (RunTclFile)" time="0.011" />
  <testcase classname="ptolemy.util.test.junit.TclTests" name="[30] /home/travis/build/icyphy/ptII/ptolemy/actor/lib/test/Sinewave.tcl (RunTclFile)" time="0.052" />
  <testcase classname="ptolemy.util.test.junit.TclTests" name="[31] /home/travis/build/icyphy/ptII/ptolemy/actor/lib/test/SubscriptionAggregator.tcl (RunTclFile)" time="2.137" />
  <testcase classname="ptolemy.util.test.junit.TclTests" name="[32] /home/travis/build/icyphy/ptII/ptolemy/actor/lib/test/Test.tcl (RunTclFile)" time="0.103" />
  <testcase classname="ptolemy.util.test.junit.TclTests" name="[33] /home/travis/build/icyphy/ptII/ptolemy/actor/lib/test/TestExceptionHandler.tcl (RunTclFile)" time="0.012" />
  <testcase classname="ptolemy.util.test.junit.TclTests" name="[34] /home/travis/build/icyphy/ptII/ptolemy/actor/lib/test/UnionDisassembler.tcl (RunTclFile)" time="0.064" />
  <testcase classname="ptolemy.util.test.junit.TclTests" name="[35] /home/travis/build/icyphy/ptII/ptolemy/actor/lib/test/VariableClock.tcl (RunTclFile)" time="0.028" />
  <testcase classname="ptolemy.util.test.junit.AutoKnownFailedTests" name="[0] /home/travis/build/icyphy/ptII/ptolemy/actor/lib/test/auto/knownFailedTests/PublisherPortToplevelSubscriber.xml (RunModel)" time="0.033" />
  <testcase classname="ptolemy.util.test.junit.AutoKnownFailedTests" name="[1] /home/travis/build/icyphy/ptII/ptolemy/actor/lib/test/auto/knownFailedTests/PublisherSubscriberPortToplevel.xml (RunModel)" time="0.019" />
  <testcase classname="ptolemy.util.test.junit.AutoKnownFailedTests" name="[2] /home/travis/build/icyphy/ptII/ptolemy/actor/lib/test/auto/knownFailedTests/PublisherSubscriptionAggregatorPort.xml (RunModel)" time="0.02" />
  <testcase classname="ptolemy.util.test.junit.AutoKnownFailedTests" name="[3] /home/travis/build/icyphy/ptII/ptolemy/actor/lib/test/auto/knownFailedTests/sizedarray3.xml (RunModel)" time="0.025" />
  <testcase classname="ptolemy.util.test.junit.AutoNameArchTests" name="[0] ThereAreNoAutoArchTests (RunModel)" time="0.003" />
  <testcase classname="ptolemy.util.test.junit.AutoTests" name="[0] /home/travis/build/icyphy/ptII/ptolemy/actor/lib/test/auto/AbsoluteValue.xml (RunModel)" time="0.118" />
  <testcase classname="ptolemy.util.test.junit.AutoTests" name="[1] /home/travis/build/icyphy/ptII/ptolemy/actor/lib/test/auto/AbsoluteValue2.xml (RunModel)" time="0.037" />
  <testcase classname="ptolemy.util.test.junit.AutoTests" name="[2] /home/travis/build/icyphy/ptII/ptolemy/actor/lib/test/auto/Accumulator.xml (RunModel)" time="0.07" />
  <testcase classname="ptolemy.util.test.junit.AutoTests" name="[3] /home/travis/build/icyphy/ptII/ptolemy/actor/lib/test/auto/Accumulator2.xml (RunModel)" time="0.055" />
  <testcase classname="ptolemy.util.test.junit.AutoTests" name="[4] /home/travis/build/icyphy/ptII/ptolemy/actor/lib/test/auto/Accumulator3.xml (RunModel)" time="0.027" />
  <testcase classname="ptolemy.util.test.junit.AutoTests" name="[5] /home/travis/build/icyphy/ptII/ptolemy/actor/lib/test/auto/ArrayAppend.xml (RunModel)" time="0.029" />
  <testcase classname="ptolemy.util.test.junit.AutoTests" name="[6] /home/travis/build/icyphy/ptII/ptolemy/actor/lib/test/auto/ArrayAppend2.xml (RunModel)" time="0.417" />
  <testcase classname="ptolemy.util.test.junit.AutoTests" name="[7] /home/travis/build/icyphy/ptII/ptolemy/actor/lib/test/auto/ArrayAppend3.xml (RunModel)" time="0.018" />
  <testcase classname="ptolemy.util.test.junit.AutoTests" name="[8] /home/travis/build/icyphy/ptII/ptolemy/actor/lib/test/auto/ArrayAppend4.xml (RunModel)" time="0.016" />
  <testcase classname="ptolemy.util.test.junit.AutoTests" name="[9] /home/travis/build/icyphy/ptII/ptolemy/actor/lib/test/auto/ArrayAppend5.xml (RunModel)" time="0.024" />
  <testcase classname="ptolemy.util.test.junit.AutoTests" name="[10] /home/travis/build/icyphy/ptII/ptolemy/actor/lib/test/auto/ArrayAppend6.xml (RunModel)" time="0.019" />
  <testcase classname="ptolemy.util.test.junit.AutoTests" name="[11] /home/travis/build/icyphy/ptII/ptolemy/actor/lib/test/auto/ArrayAppendPerformanceTest.xml (RunModel)" time="0.109" />
  <testcase classname="ptolemy.util.test.junit.AutoTests" name="[12] /home/travis/build/icyphy/ptII/ptolemy/actor/lib/test/auto/ArrayAppendWithEmptyInput.xml (RunModel)" time="0.054" />
  <testcase classname="ptolemy.util.test.junit.AutoTests" name="[13] /home/travis/build/icyphy/ptII/ptolemy/actor/lib/test/auto/ArrayAverage.xml (RunModel)" time="0.063" />
  <testcase classname="ptolemy.util.test.junit.AutoTests" name="[14] /home/travis/build/icyphy/ptII/ptolemy/actor/lib/test/auto/ArrayContains.xml (RunModel)" time="0.038" />
  <testcase classname="ptolemy.util.test.junit.AutoTests" name="[15] /home/travis/build/icyphy/ptII/ptolemy/actor/lib/test/auto/ArrayElement.xml (RunModel)" time="0.026" />
  <testcase classname="ptolemy.util.test.junit.AutoTests" name="[16] /home/travis/build/icyphy/ptII/ptolemy/actor/lib/test/auto/ArrayElementAsMatrix.xml (RunModel)" time="0.052" />
  <testcase classname="ptolemy.util.test.junit.AutoTests" name="[17] /home/travis/build/icyphy/ptII/ptolemy/actor/lib/test/auto/ArrayElementI.xml (RunModel)" time="0.025" />
  <testcase classname="ptolemy.util.test.junit.AutoTests" name="[18] /home/travis/build/icyphy/ptII/ptolemy/actor/lib/test/auto/ArrayExtract.xml (RunModel)" time="0.036" />
  <testcase classname="ptolemy.util.test.junit.AutoTests" name="[19] /home/travis/build/icyphy/ptII/ptolemy/actor/lib/test/auto/ArrayExtract2.xml (RunModel)" time="0.025" />
  <testcase classname="ptolemy.util.test.junit.AutoTests" name="[20] /home/travis/build/icyphy/ptII/ptolemy/actor/lib/test/auto/ArrayLength.xml (RunModel)" time="0.017" />
  <testcase classname="ptolemy.util.test.junit.AutoTests" name="[21] /home/travis/build/icyphy/ptII/ptolemy/actor/lib/test/auto/ArrayLevelCrossing.xml (RunModel)" time="0.03" />
  <testcase classname="ptolemy.util.test.junit.AutoTests" name="[22] /home/travis/build/icyphy/ptII/ptolemy/actor/lib/test/auto/ArrayLevelCrossing2.xml (RunModel)" time="0.023" />
  <testcase classname="ptolemy.util.test.junit.AutoTests" name="[23] /home/travis/build/icyphy/ptII/ptolemy/actor/lib/test/auto/ArrayPeakSearch.xml (RunModel)" time="0.032" />
  <testcase classname="ptolemy.util.test.junit.AutoTests" name="[24] /home/travis/build/icyphy/ptII/ptolemy/actor/lib/test/auto/ArrayPeakSearch2.xml (RunModel)" time="0.029" />
  <testcase classname="ptolemy.util.test.junit.AutoTests" name="[25] /home/travis/build/icyphy/ptII/ptolemy/actor/lib/test/auto/ArrayPeakSearch3.xml (RunModel)" time="0.03" />
  <testcase classname="ptolemy.util.test.junit.AutoTests" name="[26] /home/travis/build/icyphy/ptII/ptolemy/actor/lib/test/auto/ArrayRemoveElement.xml (RunModel)" time="0.039" />
  <testcase classname="ptolemy.util.test.junit.AutoTests" name="[27] /home/travis/build/icyphy/ptII/ptolemy/actor/lib/test/auto/ArraySort.xml (RunModel)" time="0.028" />
  <testcase classname="ptolemy.util.test.junit.AutoTests" name="[28] /home/travis/build/icyphy/ptII/ptolemy/actor/lib/test/auto/ArraySum.xml (RunModel)" time="0.019" />
  <testcase classname="ptolemy.util.test.junit.AutoTests" name="[29] /home/travis/build/icyphy/ptII/ptolemy/actor/lib/test/auto/ArrayToElements.xml (RunModel)" time="0.02" />
  <testcase classname="ptolemy.util.test.junit.AutoTests" name="[30] /home/travis/build/icyphy/ptII/ptolemy/actor/lib/test/auto/ArrayToMatrix.xml (RunModel)" time="0.047" />
  <testcase classname="ptolemy.util.test.junit.AutoTests" name="[31] /home/travis/build/icyphy/ptII/ptolemy/actor/lib/test/auto/ArrayUpdate1.xml (RunModel)" time="0.013" />
  <testcase classname="ptolemy.util.test.junit.AutoTests" name="[32] /home/travis/build/icyphy/ptII/ptolemy/actor/lib/test/auto/ArrayUpdate2.xml (RunModel)" time="0.02" />
  <testcase classname="ptolemy.util.test.junit.AutoTests" name="[33] /home/travis/build/icyphy/ptII/ptolemy/actor/lib/test/auto/ArrayUpdate3.xml (RunModel)" time="0.016" />
  <testcase classname="ptolemy.util.test.junit.AutoTests" name="[34] /home/travis/build/icyphy/ptII/ptolemy/actor/lib/test/auto/Assert1.xml (RunModel)" time="0.021" />
  <testcase classname="ptolemy.util.test.junit.AutoTests" name="[35] /home/travis/build/icyphy/ptII/ptolemy/actor/lib/test/auto/Assert2.xml (RunModel)" time="0.01" />
  <testcase classname="ptolemy.util.test.junit.AutoTests" name="[36] /home/travis/build/icyphy/ptII/ptolemy/actor/lib/test/auto/BooleanMultiplexor.xml (RunModel)" time="0.045" />
  <testcase classname="ptolemy.util.test.junit.AutoTests" name="[37] /home/travis/build/icyphy/ptII/ptolemy/actor/lib/test/auto/BooleanMultiplexor2.xml (RunModel)" time="0.03" />
  <testcase classname="ptolemy.util.test.junit.AutoTests" name="[38] /home/travis/build/icyphy/ptII/ptolemy/actor/lib/test/auto/BooleanMultiplexor3.xml (RunModel)" time="0.019" />
  <testcase classname="ptolemy.util.test.junit.AutoTests" name="[39] /home/travis/build/icyphy/ptII/ptolemy/actor/lib/test/auto/BooleanSelect.xml (RunModel)" time="0.025" />
  <testcase classname="ptolemy.util.test.junit.AutoTests" name="[40] /home/travis/build/icyphy/ptII/ptolemy/actor/lib/test/auto/BooleanSelect2.xml (RunModel)" time="0.018" />
  <testcase classname="ptolemy.util.test.junit.AutoTests" name="[41] /home/travis/build/icyphy/ptII/ptolemy/actor/lib/test/auto/BooleanSwitch.xml (RunModel)" time="0.022" />
  <testcase classname="ptolemy.util.test.junit.AutoTests" name="[42] /home/travis/build/icyphy/ptII/ptolemy/actor/lib/test/auto/BooleanSwitch2.xml (RunModel)" time="0.012" />
  <testcase classname="ptolemy.util.test.junit.AutoTests" name="[43] /home/travis/build/icyphy/ptII/ptolemy/actor/lib/test/auto/BooleanSwitchCloningBugWithClassRelationGroup.xml (RunModel)" time="0.032" />
  <testcase classname="ptolemy.util.test.junit.AutoTests" name="[44] /home/travis/build/icyphy/ptII/ptolemy/actor/lib/test/auto/BusActors.xml (RunModel)" time="0.032" />
  <testcase classname="ptolemy.util.test.junit.AutoTests" name="[45] /home/travis/build/icyphy/ptII/ptolemy/actor/lib/test/auto/ClassWrapper.xml (RunModel)" time="0.023" />
  <testcase classname="ptolemy.util.test.junit.AutoTests" name="[46] /home/travis/build/icyphy/ptII/ptolemy/actor/lib/test/auto/Clock.xml (RunModel)" time="0.019" />
  <testcase classname="ptolemy.util.test.junit.AutoTests" name="[47] /home/travis/build/icyphy/ptII/ptolemy/actor/lib/test/auto/Clock10.xml (RunModel)" time="0.019" />
  <testcase classname="ptolemy.util.test.junit.AutoTests" name="[48] /home/travis/build/icyphy/ptII/ptolemy/actor/lib/test/auto/Clock11.xml (RunModel)" time="0.014" />
  <testcase classname="ptolemy.util.test.junit.AutoTests" name="[49] /home/travis/build/icyphy/ptII/ptolemy/actor/lib/test/auto/Clock12.xml (RunModel)" time="0.013" />
  <testcase classname="ptolemy.util.test.junit.AutoTests" name="[50] /home/travis/build/icyphy/ptII/ptolemy/actor/lib/test/auto/Clock13.xml (RunModel)" time="0.014" />
  <testcase classname="ptolemy.util.test.junit.AutoTests" name="[51] /home/travis/build/icyphy/ptII/ptolemy/actor/lib/test/auto/Clock14.xml (RunModel)" time="0.014" />
  <testcase classname="ptolemy.util.test.junit.AutoTests" name="[52] /home/travis/build/icyphy/ptII/ptolemy/actor/lib/test/auto/Clock15.xml (RunModel)" time="0.014" />
  <testcase classname="ptolemy.util.test.junit.AutoTests" name="[53] /home/travis/build/icyphy/ptII/ptolemy/actor/lib/test/auto/Clock16.xml (RunModel)" time="0.081" />
  <testcase classname="ptolemy.util.test.junit.AutoTests" name="[54] /home/travis/build/icyphy/ptII/ptolemy/actor/lib/test/auto/Clock17.xml (RunModel)" time="0.038" />
  <testcase classname="ptolemy.util.test.junit.AutoTests" name="[55] /home/travis/build/icyphy/ptII/ptolemy/actor/lib/test/auto/Clock18.xml (RunModel)" time="0.041" />
  <testcase classname="ptolemy.util.test.junit.AutoTests" name="[56] /home/travis/build/icyphy/ptII/ptolemy/actor/lib/test/auto/Clock19.xml (RunModel)" time="0.039" />
  <testcase classname="ptolemy.util.test.junit.AutoTests" name="[57] /home/travis/build/icyphy/ptII/ptolemy/actor/lib/test/auto/Clock2.xml (RunModel)" time="0.009" />
  <testcase classname="ptolemy.util.test.junit.AutoTests" name="[58] /home/travis/build/icyphy/ptII/ptolemy/actor/lib/test/auto/Clock20.xml (RunModel)" time="0.015" />
  <testcase classname="ptolemy.util.test.junit.AutoTests" name="[59] /home/travis/build/icyphy/ptII/ptolemy/actor/lib/test/auto/Clock21.xml (RunModel)" time="0.016" />
  <testcase classname="ptolemy.util.test.junit.AutoTests" name="[60] /home/travis/build/icyphy/ptII/ptolemy/actor/lib/test/auto/Clock22.xml (RunModel)" time="0.016" />
  <testcase classname="ptolemy.util.test.junit.AutoTests" name="[61] /home/travis/build/icyphy/ptII/ptolemy/actor/lib/test/auto/Clock23.xml (RunModel)" time="0.016" />
  <testcase classname="ptolemy.util.test.junit.AutoTests" name="[62] /home/travis/build/icyphy/ptII/ptolemy/actor/lib/test/auto/Clock24.xml (RunModel)" time="0.016" />
  <testcase classname="ptolemy.util.test.junit.AutoTests" name="[63] /home/travis/build/icyphy/ptII/ptolemy/actor/lib/test/auto/Clock4.xml (RunModel)" time="0.009" />
  <testcase classname="ptolemy.util.test.junit.AutoTests" name="[64] /home/travis/build/icyphy/ptII/ptolemy/actor/lib/test/auto/Clock5.xml (RunModel)" time="0.011" />
  <testcase classname="ptolemy.util.test.junit.AutoTests" name="[65] /home/travis/build/icyphy/ptII/ptolemy/actor/lib/test/auto/Clock6.xml (RunModel)" time="0.012" />
  <testcase classname="ptolemy.util.test.junit.AutoTests" name="[66] /home/travis/build/icyphy/ptII/ptolemy/actor/lib/test/auto/Clock7.xml (RunModel)" time="0.009" />
  <testcase classname="ptolemy.util.test.junit.AutoTests" name="[67] /home/travis/build/icyphy/ptII/ptolemy/actor/lib/test/auto/Clock8.xml (RunModel)" time="0.043" />
  <testcase classname="ptolemy.util.test.junit.AutoTests" name="[68] /home/travis/build/icyphy/ptII/ptolemy/actor/lib/test/auto/Clock9.xml (RunModel)" time="0.017" />
  <testcase classname="ptolemy.util.test.junit.AutoTests" name="[69] /home/travis/build/icyphy/ptII/ptolemy/actor/lib/test/auto/CommDistDiscard.xml (RunModel)" time="0.02" />
  <testcase classname="ptolemy.util.test.junit.AutoTests" name="[70] /home/travis/build/icyphy/ptII/ptolemy/actor/lib/test/auto/Commutator.xml (RunModel)" time="0.011" />
  <testcase classname="ptolemy.util.test.junit.AutoTests" name="[71] /home/travis/build/icyphy/ptII/ptolemy/actor/lib/test/auto/Commutator2.xml (RunModel)" time="0.009" />
  <testcase classname="ptolemy.util.test.junit.AutoTests" name="[72] /home/travis/build/icyphy/ptII/ptolemy/actor/lib/test/auto/Commutator3.xml (RunModel)" time="0.01" />
  <testcase classname="ptolemy.util.test.junit.AutoTests" name="[73] /home/travis/build/icyphy/ptII/ptolemy/actor/lib/test/auto/Compare.xml (RunModel)" time="0.015" />
  <testcase classname="ptolemy.util.test.junit.AutoTests" name="[74] /home/travis/build/icyphy/ptII/ptolemy/actor/lib/test/auto/CompareDE.xml (RunModel)" time="0.015" />
  <testcase classname="ptolemy.util.test.junit.AutoTests" name="[75] /home/travis/build/icyphy/ptII/ptolemy/actor/lib/test/auto/ComplexDivide.xml (RunModel)" time="0.008" />
  <testcase classname="ptolemy.util.test.junit.AutoTests" name="[76] /home/travis/build/icyphy/ptII/ptolemy/actor/lib/test/auto/ComputeHistogram.xml (RunModel)" time="0.059" />
  <testcase classname="ptolemy.util.test.junit.AutoTests" name="[77] /home/travis/build/icyphy/ptII/ptolemy/actor/lib/test/auto/ConfigurationSelect.xml (RunModel)" time="0.02" />
  <testcase classname="ptolemy.util.test.junit.AutoTests" name="[78] /home/travis/build/icyphy/ptII/ptolemy/actor/lib/test/auto/ConfigurationSelect2.xml (RunModel)" time="0.015" />
  <testcase classname="ptolemy.util.test.junit.AutoTests" name="[79] /home/travis/build/icyphy/ptII/ptolemy/actor/lib/test/auto/ConfigurationSwitch.xml (RunModel)" time="0.021" />
  <testcase classname="ptolemy.util.test.junit.AutoTests" name="[80] /home/travis/build/icyphy/ptII/ptolemy/actor/lib/test/auto/ConfigurationSwitch2.xml (RunModel)" time="0.023" />
  <testcase classname="ptolemy.util.test.junit.AutoTests" name="[81] /home/travis/build/icyphy/ptII/ptolemy/actor/lib/test/auto/ConfigurationSwitchCloningBugWithClassRelationGroup.xml (RunModel)" time="0.018" />
  <testcase classname="ptolemy.util.test.junit.AutoTests" name="[82] /home/travis/build/icyphy/ptII/ptolemy/actor/lib/test/auto/ConfigurationSwitchSelectSDF.xml (RunModel)" time="0.016" />
  <testcase classname="ptolemy.util.test.junit.AutoTests" name="[83] /home/travis/build/icyphy/ptII/ptolemy/actor/lib/test/auto/ConfigurationSwitchSelectSDF2.xml (RunModel)" time="0.012" />
  <testcase classname="ptolemy.util.test.junit.AutoTests" name="[84] /home/travis/build/icyphy/ptII/ptolemy/actor/lib/test/auto/Const.xml (RunModel)" time="0.006" />
  <testcase classname="ptolemy.util.test.junit.AutoTests" name="[85] /home/travis/build/icyphy/ptII/ptolemy/actor/lib/test/auto/Const2.xml (RunModel)" time="0.011" />
  <testcase classname="ptolemy.util.test.junit.AutoTests" name="[86] /home/travis/build/icyphy/ptII/ptolemy/actor/lib/test/auto/Const3.xml (RunModel)" time="0.006" />
  <testcase classname="ptolemy.util.test.junit.AutoTests" name="[87] /home/travis/build/icyphy/ptII/ptolemy/actor/lib/test/auto/ConstantPublisherPort1.xml (RunModel)" time="0.024" />
  <testcase classname="ptolemy.util.test.junit.AutoTests" name="[88] /home/travis/build/icyphy/ptII/ptolemy/actor/lib/test/auto/ConstantPublisherPort2.xml (RunModel)" time="0.022" />
  <testcase classname="ptolemy.util.test.junit.AutoTests" name="[89] /home/travis/build/icyphy/ptII/ptolemy/actor/lib/test/auto/ConstantPublisherPort3.xml (RunModel)" time="0.016" />
  <testcase classname="ptolemy.util.test.junit.AutoTests" name="[90] /home/travis/build/icyphy/ptII/ptolemy/actor/lib/test/auto/ConstantPublisherPort4.xml (RunModel)" time="0.015" />
  <testcase classname="ptolemy.util.test.junit.AutoTests" name="[91] /home/travis/build/icyphy/ptII/ptolemy/actor/lib/test/auto/ConstantPublisherPort5.xml (RunModel)" time="0.041" />
  <testcase classname="ptolemy.util.test.junit.AutoTests" name="[92] /home/travis/build/icyphy/ptII/ptolemy/actor/lib/test/auto/ConstantPublisherPort6.xml (RunModel)" time="0.035" />
  <testcase classname="ptolemy.util.test.junit.AutoTests" name="[93] /home/travis/build/icyphy/ptII/ptolemy/actor/lib/test/auto/ConstantPublisherPort7.xml (RunModel)" time="0.032" />
  <testcase classname="ptolemy.util.test.junit.AutoTests" name="[94] /home/travis/build/icyphy/ptII/ptolemy/actor/lib/test/auto/ConstraintMonitor1.xml (RunModel)" time="0.044" />
  <testcase classname="ptolemy.util.test.junit.AutoTests" name="[95] /home/travis/build/icyphy/ptII/ptolemy/actor/lib/test/auto/ConstraintMonitor2.xml (RunModel)" time="0.014" />
  <testcase classname="ptolemy.util.test.junit.AutoTests" name="[96] /home/travis/build/icyphy/ptII/ptolemy/actor/lib/test/auto/ConstraintMonitor3.xml (RunModel)" time="0.014" />
  <testcase classname="ptolemy.util.test.junit.AutoTests" name="[97] /home/travis/build/icyphy/ptII/ptolemy/actor/lib/test/auto/ConstraintMonitor4.xml (RunModel)" time="0.009" />
  <testcase classname="ptolemy.util.test.junit.AutoTests" name="[98] /home/travis/build/icyphy/ptII/ptolemy/actor/lib/test/auto/ConstraintMonitor5.xml (RunModel)" time="0.013" />
  <testcase classname="ptolemy.util.test.junit.AutoTests" name="[99] /home/travis/build/icyphy/ptII/ptolemy/actor/lib/test/auto/ConstraintMonitor6.xml (RunModel)" time="0.016" />
  <testcase classname="ptolemy.util.test.junit.AutoTests" name="[100] /home/travis/build/icyphy/ptII/ptolemy/actor/lib/test/auto/ConstraintMonitor7.xml (RunModel)" time="0.022" />
  <testcase classname="ptolemy.util.test.junit.AutoTests" name="[101] /home/travis/build/icyphy/ptII/ptolemy/actor/lib/test/auto/ConstraintMonitor8.xml (RunModel)" time="0.058" />
  <testcase classname="ptolemy.util.test.junit.AutoTests" name="[102] /home/travis/build/icyphy/ptII/ptolemy/actor/lib/test/auto/Counter.xml (RunModel)" time="0.017" />
  <testcase classname="ptolemy.util.test.junit.AutoTests" name="[103] /home/travis/build/icyphy/ptII/ptolemy/actor/lib/test/auto/CurrentTimeSDF.xml (RunModel)" time="0.011" />
  <testcase classname="ptolemy.util.test.junit.AutoTests" name="[104] /home/travis/build/icyphy/ptII/ptolemy/actor/lib/test/auto/DB.xml (RunModel)" time="0.015" />
  <testcase classname="ptolemy.util.test.junit.AutoTests" name="[105] /home/travis/build/icyphy/ptII/ptolemy/actor/lib/test/auto/DBDE.xml (RunModel)" time="0.017" />
  <testcase classname="ptolemy.util.test.junit.AutoTests" name="[106] /home/travis/build/icyphy/ptII/ptolemy/actor/lib/test/auto/DateConstructor.xml (RunModel)" time="0.083" />
  <testcase classname="ptolemy.util.test.junit.AutoTests" name="[107] /home/travis/build/icyphy/ptII/ptolemy/actor/lib/test/auto/DelayTime.xml (RunModel)" time="0.019" />
  <testcase classname="ptolemy.util.test.junit.AutoTests" name="[108] /home/travis/build/icyphy/ptII/ptolemy/actor/lib/test/auto/Dictionary1.xml (RunModel)" time="0.023" />
  <testcase classname="ptolemy.util.test.junit.AutoTests" name="[109] /home/travis/build/icyphy/ptII/ptolemy/actor/lib/test/auto/Dictionary2.xml (RunModel)" time="0.021" />
  <testcase classname="ptolemy.util.test.junit.AutoTests" name="[110] /home/travis/build/icyphy/ptII/ptolemy/actor/lib/test/auto/Dictionary3.xml (RunModel)" time="0.016" />
  <testcase classname="ptolemy.util.test.junit.AutoTests" name="[111] /home/travis/build/icyphy/ptII/ptolemy/actor/lib/test/auto/Dictionary4.xml (RunModel)" time="0.021" />
  <testcase classname="ptolemy.util.test.junit.AutoTests" name="[112] /home/travis/build/icyphy/ptII/ptolemy/actor/lib/test/auto/Differential.xml (RunModel)" time="0.016" />
  <testcase classname="ptolemy.util.test.junit.AutoTests" name="[113] /home/travis/build/icyphy/ptII/ptolemy/actor/lib/test/auto/Director.xml (RunModel)" time="0.013" />
  <testcase classname="ptolemy.util.test.junit.AutoTests" name="[114] /home/travis/build/icyphy/ptII/ptolemy/actor/lib/test/auto/DiscreteClock.xml (RunModel)" time="0.009" />
  <testcase classname="ptolemy.util.test.junit.AutoTests" name="[115] /home/travis/build/icyphy/ptII/ptolemy/actor/lib/test/auto/DiscreteClock10.xml (RunModel)" time="0.015" />
  <testcase classname="ptolemy.util.test.junit.AutoTests" name="[116] /home/travis/build/icyphy/ptII/ptolemy/actor/lib/test/auto/DiscreteClock11.xml (RunModel)" time="0.014" />
  <testcase classname="ptolemy.util.test.junit.AutoTests" name="[117] /home/travis/build/icyphy/ptII/ptolemy/actor/lib/test/auto/DiscreteClock12.xml (RunModel)" time="0.015" />
  <testcase classname="ptolemy.util.test.junit.AutoTests" name="[118] /home/travis/build/icyphy/ptII/ptolemy/actor/lib/test/auto/DiscreteClock13.xml (RunModel)" time="0.018" />
  <testcase classname="ptolemy.util.test.junit.AutoTests" name="[119] /home/travis/build/icyphy/ptII/ptolemy/actor/lib/test/auto/DiscreteClock14.xml (RunModel)" time="0.021" />
  <testcase classname="ptolemy.util.test.junit.AutoTests" name="[120] /home/travis/build/icyphy/ptII/ptolemy/actor/lib/test/auto/DiscreteClock15.xml (RunModel)" time="0.017" />
  <testcase classname="ptolemy.util.test.junit.AutoTests" name="[121] /home/travis/build/icyphy/ptII/ptolemy/actor/lib/test/auto/DiscreteClock16.xml (RunModel)" time="0.05" />
  <testcase classname="ptolemy.util.test.junit.AutoTests" name="[122] /home/travis/build/icyphy/ptII/ptolemy/actor/lib/test/auto/DiscreteClock17.xml (RunModel)" time="0.047" />
  <testcase classname="ptolemy.util.test.junit.AutoTests" name="[123] /home/travis/build/icyphy/ptII/ptolemy/actor/lib/test/auto/DiscreteClock18.xml (RunModel)" time="0.051" />
  <testcase classname="ptolemy.util.test.junit.AutoTests" name="[124] /home/travis/build/icyphy/ptII/ptolemy/actor/lib/test/auto/DiscreteClock19.xml (RunModel)" time="0.058" />
  <testcase classname="ptolemy.util.test.junit.AutoTests" name="[125] /home/travis/build/icyphy/ptII/ptolemy/actor/lib/test/auto/DiscreteClock2.xml (RunModel)" time="0.013" />
  <testcase classname="ptolemy.util.test.junit.AutoTests" name="[126] /home/travis/build/icyphy/ptII/ptolemy/actor/lib/test/auto/DiscreteClock20.xml (RunModel)" time="0.022" />
  <testcase classname="ptolemy.util.test.junit.AutoTests" name="[127] /home/travis/build/icyphy/ptII/ptolemy/actor/lib/test/auto/DiscreteClock21.xml (RunModel)" time="0.024" />
  <testcase classname="ptolemy.util.test.junit.AutoTests" name="[128] /home/travis/build/icyphy/ptII/ptolemy/actor/lib/test/auto/DiscreteClock22.xml (RunModel)" time="0.019" />
  <testcase classname="ptolemy.util.test.junit.AutoTests" name="[129] /home/travis/build/icyphy/ptII/ptolemy/actor/lib/test/auto/DiscreteClock23.xml (RunModel)" time="0.027" />
  <testcase classname="ptolemy.util.test.junit.AutoTests" name="[130] /home/travis/build/icyphy/ptII/ptolemy/actor/lib/test/auto/DiscreteClock24.xml (RunModel)" time="0.019" />
  <testcase classname="ptolemy.util.test.junit.AutoTests" name="[131] /home/travis/build/icyphy/ptII/ptolemy/actor/lib/test/auto/DiscreteClock4.xml (RunModel)" time="0.02" />
  <testcase classname="ptolemy.util.test.junit.AutoTests" name="[132] /home/travis/build/icyphy/ptII/ptolemy/actor/lib/test/auto/DiscreteClock5.xml (RunModel)" time="0.015" />
  <testcase classname="ptolemy.util.test.junit.AutoTests" name="[133] /home/travis/build/icyphy/ptII/ptolemy/actor/lib/test/auto/DiscreteClock6.xml (RunModel)" time="0.013" />
  <testcase classname="ptolemy.util.test.junit.AutoTests" name="[134] /home/travis/build/icyphy/ptII/ptolemy/actor/lib/test/auto/DiscreteClock7.xml (RunModel)" time="0.012" />
  <testcase classname="ptolemy.util.test.junit.AutoTests" name="[135] /home/travis/build/icyphy/ptII/ptolemy/actor/lib/test/auto/DiscreteClock8.xml (RunModel)" time="0.026" />
  <testcase classname="ptolemy.util.test.junit.AutoTests" name="[136] /home/travis/build/icyphy/ptII/ptolemy/actor/lib/test/auto/DiscreteClock9.xml (RunModel)" time="0.018" />
  <testcase classname="ptolemy.util.test.junit.AutoTests" name="[137] /home/travis/build/icyphy/ptII/ptolemy/actor/lib/test/auto/DisplayArray.xml (RunModel)" time="0.011" />
  <testcase classname="ptolemy.util.test.junit.AutoTests" name="[138] /home/travis/build/icyphy/ptII/ptolemy/actor/lib/test/auto/Distributor.xml (RunModel)" time="0.011" />
  <testcase classname="ptolemy.util.test.junit.AutoTests" name="[139] /home/travis/build/icyphy/ptII/ptolemy/actor/lib/test/auto/Distributor2.xml (RunModel)" time="0.01" />
  <testcase classname="ptolemy.util.test.junit.AutoTests" name="[140] /home/travis/build/icyphy/ptII/ptolemy/actor/lib/test/auto/DownSample.xml (RunModel)" time="0.014" />
  <testcase classname="ptolemy.util.test.junit.AutoTests" name="[141] /home/travis/build/icyphy/ptII/ptolemy/actor/lib/test/auto/ElectronicUnitBase1.xml (RunModel)" time="0.097" />
  <testcase classname="ptolemy.util.test.junit.AutoTests" name="[142] /home/travis/build/icyphy/ptII/ptolemy/actor/lib/test/auto/ElementsToArray.xml (RunModel)" time="0.011" />
  <testcase classname="ptolemy.util.test.junit.AutoTests" name="[143] /home/travis/build/icyphy/ptII/ptolemy/actor/lib/test/auto/Equals.xml (RunModel)" time="0.014" />
  <testcase classname="ptolemy.util.test.junit.AutoTests" name="[144] /home/travis/build/icyphy/ptII/ptolemy/actor/lib/test/auto/Exec.xml (RunModel)" time="0.025" />
  <testcase classname="ptolemy.util.test.junit.AutoTests" name="[145] /home/travis/build/icyphy/ptII/ptolemy/actor/lib/test/auto/ExecEnvironment.xml (RunModel)" time="0.043" />
  <testcase classname="ptolemy.util.test.junit.AutoTests" name="[146] /home/travis/build/icyphy/ptII/ptolemy/actor/lib/test/auto/ExecNonZeroReturnOutput.xml (RunModel)" time="0.191" />
  <testcase classname="ptolemy.util.test.junit.AutoTests" name="[147] /home/travis/build/icyphy/ptII/ptolemy/actor/lib/test/auto/ExecRunDemos.xml (RunModel)" time="10.402" />
  <testcase classname="ptolemy.util.test.junit.AutoTests" name="[148] /home/travis/build/icyphy/ptII/ptolemy/actor/lib/test/auto/ExecStop.xml (RunModel)" time="5.033" />
  <testcase classname="ptolemy.util.test.junit.AutoTests" name="[149] /home/travis/build/icyphy/ptII/ptolemy/actor/lib/test/auto/ExecutionTimeSDF.xml (RunModel)" time="6.04" />
  <testcase classname="ptolemy.util.test.junit.AutoTests" name="[150] /home/travis/build/icyphy/ptII/ptolemy/actor/lib/test/auto/Expression1.xml (RunModel)" time="0.011" />
  <testcase classname="ptolemy.util.test.junit.AutoTests" name="[151] /home/travis/build/icyphy/ptII/ptolemy/actor/lib/test/auto/Expression10.xml (RunModel)" time="0.014" />
  <testcase classname="ptolemy.util.test.junit.AutoTests" name="[152] /home/travis/build/icyphy/ptII/ptolemy/actor/lib/test/auto/Expression11.xml (RunModel)" time="0.017" />
  <testcase classname="ptolemy.util.test.junit.AutoTests" name="[153] /home/travis/build/icyphy/ptII/ptolemy/actor/lib/test/auto/Expression12.xml (RunModel)" time="0.03" />
  <testcase classname="ptolemy.util.test.junit.AutoTests" name="[154] /home/travis/build/icyphy/ptII/ptolemy/actor/lib/test/auto/Expression13.xml (RunModel)" time="0.025" />
  <testcase classname="ptolemy.util.test.junit.AutoTests" name="[155] /home/travis/build/icyphy/ptII/ptolemy/actor/lib/test/auto/Expression14.xml (RunModel)" time="0.018" />
  <testcase classname="ptolemy.util.test.junit.AutoTests" name="[156] /home/travis/build/icyphy/ptII/ptolemy/actor/lib/test/auto/Expression15.xml (RunModel)" time="0.009" />
  <testcase classname="ptolemy.util.test.junit.AutoTests" name="[157] /home/travis/build/icyphy/ptII/ptolemy/actor/lib/test/auto/Expression16.xml (RunModel)" time="0.012" />
  <testcase classname="ptolemy.util.test.junit.AutoTests" name="[158] /home/travis/build/icyphy/ptII/ptolemy/actor/lib/test/auto/Expression17.xml (RunModel)" time="0.01" />
  <testcase classname="ptolemy.util.test.junit.AutoTests" name="[159] /home/travis/build/icyphy/ptII/ptolemy/actor/lib/test/auto/Expression18.xml (RunModel)" time="0.012" />
  <testcase classname="ptolemy.util.test.junit.AutoTests" name="[160] /home/travis/build/icyphy/ptII/ptolemy/actor/lib/test/auto/Expression2.xml (RunModel)" time="0.012" />
  <testcase classname="ptolemy.util.test.junit.AutoTests" name="[161] /home/travis/build/icyphy/ptII/ptolemy/actor/lib/test/auto/Expression3.xml (RunModel)" time="0.013" />
  <testcase classname="ptolemy.util.test.junit.AutoTests" name="[162] /home/travis/build/icyphy/ptII/ptolemy/actor/lib/test/auto/Expression4.xml (RunModel)" time="0.02" />
  <testcase classname="ptolemy.util.test.junit.AutoTests" name="[163] /home/travis/build/icyphy/ptII/ptolemy/actor/lib/test/auto/Expression5.xml (RunModel)" time="0.013" />
  <testcase classname="ptolemy.util.test.junit.AutoTests" name="[164] /home/travis/build/icyphy/ptII/ptolemy/actor/lib/test/auto/Expression6.xml (RunModel)" time="0.008" />
  <testcase classname="ptolemy.util.test.junit.AutoTests" name="[165] /home/travis/build/icyphy/ptII/ptolemy/actor/lib/test/auto/Expression7.xml (RunModel)" time="0.013" />
  <testcase classname="ptolemy.util.test.junit.AutoTests" name="[166] /home/travis/build/icyphy/ptII/ptolemy/actor/lib/test/auto/Expression8.xml (RunModel)" time="0.015" />
  <testcase classname="ptolemy.util.test.junit.AutoTests" name="[167] /home/travis/build/icyphy/ptII/ptolemy/actor/lib/test/auto/Expression9.xml (RunModel)" time="0.009" />
  <testcase classname="ptolemy.util.test.junit.AutoTests" name="[168] /home/travis/build/icyphy/ptII/ptolemy/actor/lib/test/auto/ExpressionConcatenateArrayType.xml (RunModel)" time="0.025" />
  <testcase classname="ptolemy.util.test.junit.AutoTests" name="[169] /home/travis/build/icyphy/ptII/ptolemy/actor/lib/test/auto/ExpressionConcatenateArrayType2.xml (RunModel)" time="0.022" />
  <testcase classname="ptolemy.util.test.junit.AutoTests" name="[170] /home/travis/build/icyphy/ptII/ptolemy/actor/lib/test/auto/ExpressionFix.xml (RunModel)" time="0.044" />
  <testcase classname="ptolemy.util.test.junit.AutoTests" name="[171] /home/travis/build/icyphy/ptII/ptolemy/actor/lib/test/auto/ExpressionFix2.xml (RunModel)" time="0.008" />
  <testcase classname="ptolemy.util.test.junit.AutoTests" name="[172] /home/travis/build/icyphy/ptII/ptolemy/actor/lib/test/auto/ExpressionFix3.xml (RunModel)" time="0.009" />
  <testcase classname="ptolemy.util.test.junit.AutoTests" name="[173] /home/travis/build/icyphy/ptII/ptolemy/actor/lib/test/auto/FileWriter1.xml (RunModel)" time="0.008" />
  <testcase classname="ptolemy.util.test.junit.AutoTests" name="[174] /home/travis/build/icyphy/ptII/ptolemy/actor/lib/test/auto/FileWriter2.xml (RunModel)" time="0.009" />
  <testcase classname="ptolemy.util.test.junit.AutoTests" name="[175] /home/travis/build/icyphy/ptII/ptolemy/actor/lib/test/auto/FileWriter3.xml (RunModel)" time="0.01" />
  <testcase classname="ptolemy.util.test.junit.AutoTests" name="[176] /home/travis/build/icyphy/ptII/ptolemy/actor/lib/test/auto/Gaussian.xml (RunModel)" time="0.011" />
  <testcase classname="ptolemy.util.test.junit.AutoTests" name="[177] /home/travis/build/icyphy/ptII/ptolemy/actor/lib/test/auto/Gaussian1.xml (RunModel)" time="0.053" />
  <testcase classname="ptolemy.util.test.junit.AutoTests" name="[178] /home/travis/build/icyphy/ptII/ptolemy/actor/lib/test/auto/Gaussian2.xml (RunModel)" time="0.025" />
  <testcase classname="ptolemy.util.test.junit.AutoTests" name="[179] /home/travis/build/icyphy/ptII/ptolemy/actor/lib/test/auto/GradientAdaptiveLattice.xml (RunModel)" time="0.017" />
  <testcase classname="ptolemy.util.test.junit.AutoTests" name="[180] /home/travis/build/icyphy/ptII/ptolemy/actor/lib/test/auto/IIR.xml (RunModel)" time="0.01" />
  <testcase classname="ptolemy.util.test.junit.AutoTests" name="[181] /home/travis/build/icyphy/ptII/ptolemy/actor/lib/test/auto/InputOutputTransparentPorts.xml (RunModel)" time="0.017" />
  <testcase classname="ptolemy.util.test.junit.AutoTests" name="[182] /home/travis/build/icyphy/ptII/ptolemy/actor/lib/test/auto/Interpolator.xml (RunModel)" time="0.011" />
  <testcase classname="ptolemy.util.test.junit.AutoTests" name="[183] /home/travis/build/icyphy/ptII/ptolemy/actor/lib/test/auto/InterpolatorFiringLimitDE.xml (RunModel)" time="0.012" />
  <testcase classname="ptolemy.util.test.junit.AutoTests" name="[184] /home/travis/build/icyphy/ptII/ptolemy/actor/lib/test/auto/Lattice.xml (RunModel)" time="0.008" />
  <testcase classname="ptolemy.util.test.junit.AutoTests" name="[185] /home/travis/build/icyphy/ptII/ptolemy/actor/lib/test/auto/LazyAOCTestLazy.xml (RunModel)" time="0.03" />
  <testcase classname="ptolemy.util.test.junit.AutoTests" name="[186] /home/travis/build/icyphy/ptII/ptolemy/actor/lib/test/auto/LazyAOCTestNonLazy.xml (RunModel)" time="0.043" />
  <testcase classname="ptolemy.util.test.junit.AutoTests" name="[187] /home/travis/build/icyphy/ptII/ptolemy/actor/lib/test/auto/LazyInnerClass.xml (RunModel)" time="0.042" />
  <testcase classname="ptolemy.util.test.junit.AutoTests" name="[188] /home/travis/build/icyphy/ptII/ptolemy/actor/lib/test/auto/LazyPubSub.xml (RunModel)" time="0.065" />
  <testcase classname="ptolemy.util.test.junit.AutoTests" name="[189] /home/travis/build/icyphy/ptII/ptolemy/actor/lib/test/auto/LazyPubSub2.xml (RunModel)" time="0.028" />
  <testcase classname="ptolemy.util.test.junit.AutoTests" name="[190] /home/travis/build/icyphy/ptII/ptolemy/actor/lib/test/auto/LazyPubSub3.xml (RunModel)" time="0.047" />
  <testcase classname="ptolemy.util.test.junit.AutoTests" name="[191] /home/travis/build/icyphy/ptII/ptolemy/actor/lib/test/auto/LazySubClassModel.xml (RunModel)" time="0.026" />
  <testcase classname="ptolemy.util.test.junit.AutoTests" name="[192] /home/travis/build/icyphy/ptII/ptolemy/actor/lib/test/auto/LevelCrossTest1.xml (RunModel)" time="0.01" />
  <testcase classname="ptolemy.util.test.junit.AutoTests" name="[193] /home/travis/build/icyphy/ptII/ptolemy/actor/lib/test/auto/LevelCrossTest10.xml (RunModel)" time="0.015" />
  <testcase classname="ptolemy.util.test.junit.AutoTests" name="[194] /home/travis/build/icyphy/ptII/ptolemy/actor/lib/test/auto/LevelCrossTest11.xml (RunModel)" time="0.013" />
  <testcase classname="ptolemy.util.test.junit.AutoTests" name="[195] /home/travis/build/icyphy/ptII/ptolemy/actor/lib/test/auto/LevelCrossTest12.xml (RunModel)" time="0.016" />
  <testcase classname="ptolemy.util.test.junit.AutoTests" name="[196] /home/travis/build/icyphy/ptII/ptolemy/actor/lib/test/auto/LevelCrossTest13.xml (RunModel)" time="0.013" />
  <testcase classname="ptolemy.util.test.junit.AutoTests" name="[197] /home/travis/build/icyphy/ptII/ptolemy/actor/lib/test/auto/LevelCrossTest2.xml (RunModel)" time="0.01" />
  <testcase classname="ptolemy.util.test.junit.AutoTests" name="[198] /home/travis/build/icyphy/ptII/ptolemy/actor/lib/test/auto/LevelCrossTest3.xml (RunModel)" time="0.013" />
  <testcase classname="ptolemy.util.test.junit.AutoTests" name="[199] /home/travis/build/icyphy/ptII/ptolemy/actor/lib/test/auto/LevelCrossTest4.xml (RunModel)" time="0.01" />
  <testcase classname="ptolemy.util.test.junit.AutoTests" name="[200] /home/travis/build/icyphy/ptII/ptolemy/actor/lib/test/auto/LevelCrossTest5.xml (RunModel)" time="0.013" />
  <testcase classname="ptolemy.util.test.junit.AutoTests" name="[201] /home/travis/build/icyphy/ptII/ptolemy/actor/lib/test/auto/LevelCrossTest6.xml (RunModel)" time="0.013" />
  <testcase classname="ptolemy.util.test.junit.AutoTests" name="[202] /home/travis/build/icyphy/ptII/ptolemy/actor/lib/test/auto/LevelCrossTest7.xml (RunModel)" time="0.018" />
  <testcase classname="ptolemy.util.test.junit.AutoTests" name="[203] /home/travis/build/icyphy/ptII/ptolemy/actor/lib/test/auto/LevelCrossTest8.xml (RunModel)" time="0.014" />
  <testcase classname="ptolemy.util.test.junit.AutoTests" name="[204] /home/travis/build/icyphy/ptII/ptolemy/actor/lib/test/auto/LevelCrossTest9.xml (RunModel)" time="0.025" />
  <testcase classname="ptolemy.util.test.junit.AutoTests" name="[205] /home/travis/build/icyphy/ptII/ptolemy/actor/lib/test/auto/LevinsonDurbin.xml (RunModel)" time="0.012" />
  <testcase classname="ptolemy.util.test.junit.AutoTests" name="[206] /home/travis/build/icyphy/ptII/ptolemy/actor/lib/test/auto/LevinsonDurbin2.xml (RunModel)" time="0.009" />
  <testcase classname="ptolemy.util.test.junit.AutoTests" name="[207] /home/travis/build/icyphy/ptII/ptolemy/actor/lib/test/auto/LevinsonDurbin3.xml (RunModel)" time="0.01" />
  <testcase classname="ptolemy.util.test.junit.AutoTests" name="[208] /home/travis/build/icyphy/ptII/ptolemy/actor/lib/test/auto/Limiter.xml (RunModel)" time="0.035" />
  <testcase classname="ptolemy.util.test.junit.AutoTests" name="[209] /home/travis/build/icyphy/ptII/ptolemy/actor/lib/test/auto/LinearDifferenceEquationSystem.xml (RunModel)" time="0.023" />
  <testcase classname="ptolemy.util.test.junit.AutoTests" name="[210] /home/travis/build/icyphy/ptII/ptolemy/actor/lib/test/auto/LookupTable.xml (RunModel)" time="0.011" />
  <testcase classname="ptolemy.util.test.junit.AutoTests" name="[211] /home/travis/build/icyphy/ptII/ptolemy/actor/lib/test/auto/MathFunction.xml (RunModel)" time="0.036" />
  <testcase classname="ptolemy.util.test.junit.AutoTests" name="[212] /home/travis/build/icyphy/ptII/ptolemy/actor/lib/test/auto/MathFunction2.xml (RunModel)" time="0.016" />
  <testcase classname="ptolemy.util.test.junit.AutoTests" name="[213] /home/travis/build/icyphy/ptII/ptolemy/actor/lib/test/auto/MathFunction3.xml (RunModel)" time="0.019" />
  <testcase classname="ptolemy.util.test.junit.AutoTests" name="[214] /home/travis/build/icyphy/ptII/ptolemy/actor/lib/test/auto/MatrixCropBoolean.xml (RunModel)" time="0.011" />
  <testcase classname="ptolemy.util.test.junit.AutoTests" name="[215] /home/travis/build/icyphy/ptII/ptolemy/actor/lib/test/auto/MatrixCropComplex.xml (RunModel)" time="0.009" />
  <testcase classname="ptolemy.util.test.junit.AutoTests" name="[216] /home/travis/build/icyphy/ptII/ptolemy/actor/lib/test/auto/MatrixCropDouble.xml (RunModel)" time="0.009" />
  <testcase classname="ptolemy.util.test.junit.AutoTests" name="[217] /home/travis/build/icyphy/ptII/ptolemy/actor/lib/test/auto/MatrixCropFix.xml (RunModel)" time="0.012" />
  <testcase classname="ptolemy.util.test.junit.AutoTests" name="[218] /home/travis/build/icyphy/ptII/ptolemy/actor/lib/test/auto/MatrixCropInt.xml (RunModel)" time="0.008" />
  <testcase classname="ptolemy.util.test.junit.AutoTests" name="[219] /home/travis/build/icyphy/ptII/ptolemy/actor/lib/test/auto/MatrixCropLong.xml (RunModel)" time="0.009" />
  <testcase classname="ptolemy.util.test.junit.AutoTests" name="[220] /home/travis/build/icyphy/ptII/ptolemy/actor/lib/test/auto/MatrixToArray.xml (RunModel)" time="0.054" />
  <testcase classname="ptolemy.util.test.junit.AutoTests" name="[221] /home/travis/build/icyphy/ptII/ptolemy/actor/lib/test/auto/MaxIndex.xml (RunModel)" time="0.017" />
  <testcase classname="ptolemy.util.test.junit.AutoTests" name="[222] /home/travis/build/icyphy/ptII/ptolemy/actor/lib/test/auto/Maximum.xml (RunModel)" time="0.011" />
  <testcase classname="ptolemy.util.test.junit.AutoTests" name="[223] /home/travis/build/icyphy/ptII/ptolemy/actor/lib/test/auto/MaximumComplex.xml (RunModel)" time="0.016" />
  <testcase classname="ptolemy.util.test.junit.AutoTests" name="[224] /home/travis/build/icyphy/ptII/ptolemy/actor/lib/test/auto/MethodCallTest.xml (RunModel)" time="0.019" />
  <testcase classname="ptolemy.util.test.junit.AutoTests" name="[225] /home/travis/build/icyphy/ptII/ptolemy/actor/lib/test/auto/Minimum.xml (RunModel)" time="0.014" />
  <testcase classname="ptolemy.util.test.junit.AutoTests" name="[226] /home/travis/build/icyphy/ptII/ptolemy/actor/lib/test/auto/MinimumComplex.xml (RunModel)" time="0.022" />
  <testcase classname="ptolemy.util.test.junit.AutoTests" name="[227] /home/travis/build/icyphy/ptII/ptolemy/actor/lib/test/auto/MinimumMultiports.xml (RunModel)" time="0.016" />
  <testcase classname="ptolemy.util.test.junit.AutoTests" name="[228] /home/travis/build/icyphy/ptII/ptolemy/actor/lib/test/auto/ModifyDate.xml (RunModel)" time="0.036" />
  <testcase classname="ptolemy.util.test.junit.AutoTests" name="[229] /home/travis/build/icyphy/ptII/ptolemy/actor/lib/test/auto/ModifyDate2.xml (RunModel)" time="0.072" />
  <testcase classname="ptolemy.util.test.junit.AutoTests" name="[230] /home/travis/build/icyphy/ptII/ptolemy/actor/lib/test/auto/MovingAverage.xml (RunModel)" time="0.013" />
  <testcase classname="ptolemy.util.test.junit.AutoTests" name="[231] /home/travis/build/icyphy/ptII/ptolemy/actor/lib/test/auto/MovingMaximum.xml (RunModel)" time="0.011" />
  <testcase classname="ptolemy.util.test.junit.AutoTests" name="[232] /home/travis/build/icyphy/ptII/ptolemy/actor/lib/test/auto/MultipleLinksToSameRelation.xml (RunModel)" time="0.007" />
  <testcase classname="ptolemy.util.test.junit.AutoTests" name="[233] /home/travis/build/icyphy/ptII/ptolemy/actor/lib/test/auto/MultipleLinksToSameRelationDE.xml (RunModel)" time="0.008" />
  <testcase classname="ptolemy.util.test.junit.AutoTests" name="[234] /home/travis/build/icyphy/ptII/ptolemy/actor/lib/test/auto/Multiplexor.xml (RunModel)" time="0.011" />
  <testcase classname="ptolemy.util.test.junit.AutoTests" name="[235] /home/travis/build/icyphy/ptII/ptolemy/actor/lib/test/auto/Multiplexor1.xml (RunModel)" time="0.013" />
  <testcase classname="ptolemy.util.test.junit.AutoTests" name="[236] /home/travis/build/icyphy/ptII/ptolemy/actor/lib/test/auto/Multiplexor2.xml (RunModel)" time="0.014" />
  <testcase classname="ptolemy.util.test.junit.AutoTests" name="[237] /home/travis/build/icyphy/ptII/ptolemy/actor/lib/test/auto/Multiplexor3.xml (RunModel)" time="0.009" />
  <testcase classname="ptolemy.util.test.junit.AutoTests" name="[238] /home/travis/build/icyphy/ptII/ptolemy/actor/lib/test/auto/MultiplexorDE.xml (RunModel)" time="0.017" />
  <testcase classname="ptolemy.util.test.junit.AutoTests" name="[239] /home/travis/build/icyphy/ptII/ptolemy/actor/lib/test/auto/MultiportBroadcastTest.xml (RunModel)" time="0.09" />
  <testcase classname="ptolemy.util.test.junit.AutoTests" name="[240] /home/travis/build/icyphy/ptII/ptolemy/actor/lib/test/auto/MultiportOutHangDuringGetWidth.xml (RunModel)" time="0.042" />
  <testcase classname="ptolemy.util.test.junit.AutoTests" name="[241] /home/travis/build/icyphy/ptII/ptolemy/actor/lib/test/auto/NilToken.xml (RunModel)" time="0.007" />
  <testcase classname="ptolemy.util.test.junit.AutoTests" name="[242] /home/travis/build/icyphy/ptII/ptolemy/actor/lib/test/auto/NilTokenNonStrictTest.xml (RunModel)" time="0.009" />
  <testcase classname="ptolemy.util.test.junit.AutoTests" name="[243] /home/travis/build/icyphy/ptII/ptolemy/actor/lib/test/auto/NilTokenRecord.xml (RunModel)" time="0.019" />
  <testcase classname="ptolemy.util.test.junit.AutoTests" name="[244] /home/travis/build/icyphy/ptII/ptolemy/actor/lib/test/auto/NilTokenTypeTest.xml (RunModel)" time="0.021" />
  <testcase classname="ptolemy.util.test.junit.AutoTests" name="[245] /home/travis/build/icyphy/ptII/ptolemy/actor/lib/test/auto/ObjectToken1.xml (RunModel)" time="0.009" />
  <testcase classname="ptolemy.util.test.junit.AutoTests" name="[246] /home/travis/build/icyphy/ptII/ptolemy/actor/lib/test/auto/OrderedMerge.xml (RunModel)" time="0.02" />
  <testcase classname="ptolemy.util.test.junit.AutoTests" name="[247] /home/travis/build/icyphy/ptII/ptolemy/actor/lib/test/auto/OrderedRecordDisassembler.xml (RunModel)" time="0.018" />
  <testcase classname="ptolemy.util.test.junit.AutoTests" name="[248] /home/travis/build/icyphy/ptII/ptolemy/actor/lib/test/auto/OrderedRecordDisassembler2.xml (RunModel)" time="0.018" />
  <testcase classname="ptolemy.util.test.junit.AutoTests" name="[249] /home/travis/build/icyphy/ptII/ptolemy/actor/lib/test/auto/OrderedRecordUpdater.xml (RunModel)" time="0.009" />
  <testcase classname="ptolemy.util.test.junit.AutoTests" name="[250] /home/travis/build/icyphy/ptII/ptolemy/actor/lib/test/auto/OrderedRecordUpdater2.xml (RunModel)" time="0.016" />
  <testcase classname="ptolemy.util.test.junit.AutoTests" name="[251] /home/travis/build/icyphy/ptII/ptolemy/actor/lib/test/auto/PhaseUnwrap.xml (RunModel)" time="0.01" />
  <testcase classname="ptolemy.util.test.junit.AutoTests" name="[252] /home/travis/build/icyphy/ptII/ptolemy/actor/lib/test/auto/PoissonClock.xml (RunModel)" time="0.01" />
  <testcase classname="ptolemy.util.test.junit.AutoTests" name="[253] /home/travis/build/icyphy/ptII/ptolemy/actor/lib/test/auto/PoissonClock2.xml (RunModel)" time="0.007" />
  <testcase classname="ptolemy.util.test.junit.AutoTests" name="[254] /home/travis/build/icyphy/ptII/ptolemy/actor/lib/test/auto/PoissonClock3.xml (RunModel)" time="0.022" />
  <testcase classname="ptolemy.util.test.junit.AutoTests" name="[255] /home/travis/build/icyphy/ptII/ptolemy/actor/lib/test/auto/PubSubWithInitialTokens.xml (RunModel)" time="0.014" />
  <testcase classname="ptolemy.util.test.junit.AutoTests" name="[256] /home/travis/build/icyphy/ptII/ptolemy/actor/lib/test/auto/PubSubWithInitialTokens2.xml (RunModel)" time="0.012" />
  <testcase classname="ptolemy.util.test.junit.AutoTests" name="[257] /home/travis/build/icyphy/ptII/ptolemy/actor/lib/test/auto/PublisherClassNoParameter.xml (RunModel)" time="0.019" />
  <testcase classname="ptolemy.util.test.junit.AutoTests" name="[258] /home/travis/build/icyphy/ptII/ptolemy/actor/lib/test/auto/PublisherClassParameter.xml (RunModel)" time="0.02" />
  <testcase classname="ptolemy.util.test.junit.AutoTests" name="[259] /home/travis/build/icyphy/ptII/ptolemy/actor/lib/test/auto/PublisherNonStrictTest.xml (RunModel)" time="0.014" />
  <testcase classname="ptolemy.util.test.junit.AutoTests" name="[260] /home/travis/build/icyphy/ptII/ptolemy/actor/lib/test/auto/PublisherPort1.xml (RunModel)" time="0.019" />
  <testcase classname="ptolemy.util.test.junit.AutoTests" name="[261] /home/travis/build/icyphy/ptII/ptolemy/actor/lib/test/auto/PublisherPort2.xml (RunModel)" time="0.009" />
  <testcase classname="ptolemy.util.test.junit.AutoTests" name="[262] /home/travis/build/icyphy/ptII/ptolemy/actor/lib/test/auto/PublisherPort3.xml (RunModel)" time="0.011" />
  <testcase classname="ptolemy.util.test.junit.AutoTests" name="[263] /home/travis/build/icyphy/ptII/ptolemy/actor/lib/test/auto/PublisherPort4.xml (RunModel)" time="0.012" />
  <testcase classname="ptolemy.util.test.junit.AutoTests" name="[264] /home/travis/build/icyphy/ptII/ptolemy/actor/lib/test/auto/PublisherPort5.xml (RunModel)" time="0.012" />
  <testcase classname="ptolemy.util.test.junit.AutoTests" name="[265] /home/travis/build/icyphy/ptII/ptolemy/actor/lib/test/auto/PublisherPort5LookAlike.xml (RunModel)" time="0.016" />
  <testcase classname="ptolemy.util.test.junit.AutoTests" name="[266] /home/travis/build/icyphy/ptII/ptolemy/actor/lib/test/auto/PublisherPort6.xml (RunModel)" time="0.01" />
  <testcase classname="ptolemy.util.test.junit.AutoTests" name="[267] /home/travis/build/icyphy/ptII/ptolemy/actor/lib/test/auto/PublisherPort7.xml (RunModel)" time="0.015" />
  <testcase classname="ptolemy.util.test.junit.AutoTests" name="[268] /home/travis/build/icyphy/ptII/ptolemy/actor/lib/test/auto/PublisherPort8.xml (RunModel)" time="0.015" />
  <testcase classname="ptolemy.util.test.junit.AutoTests" name="[269] /home/travis/build/icyphy/ptII/ptolemy/actor/lib/test/auto/PublisherPortSubscriberChannelVariablesAOC2.xml (RunModel)" time="0.034" />
  <testcase classname="ptolemy.util.test.junit.AutoTests" name="[270] /home/travis/build/icyphy/ptII/ptolemy/actor/lib/test/auto/PublisherPortSubscriberOpaqueWidthInference.xml (RunModel)" time="0.013" />
  <testcase classname="ptolemy.util.test.junit.AutoTests" name="[271] /home/travis/build/icyphy/ptII/ptolemy/actor/lib/test/auto/PublisherPortSubscriberPortAdjacent.xml (RunModel)" time="0.017" />
  <testcase classname="ptolemy.util.test.junit.AutoTests" name="[272] /home/travis/build/icyphy/ptII/ptolemy/actor/lib/test/auto/PublisherPortSubscriberPortExpression.xml (RunModel)" time="0.014" />
  <testcase classname="ptolemy.util.test.junit.AutoTests" name="[273] /home/travis/build/icyphy/ptII/ptolemy/actor/lib/test/auto/PublisherPortSubscriberPortOpaqueD3Reverse.xml (RunModel)" time="0.02" />
  <testcase classname="ptolemy.util.test.junit.AutoTests" name="[274] /home/travis/build/icyphy/ptII/ptolemy/actor/lib/test/auto/PublisherPortSubscriberPortOpaqueWidthInference.xml (RunModel)" time="0.013" />
  <testcase classname="ptolemy.util.test.junit.AutoTests" name="[275] /home/travis/build/icyphy/ptII/ptolemy/actor/lib/test/auto/PublisherPortToplevelSubscriberPortAOC.xml (RunModel)" time="0.009" />
  <testcase classname="ptolemy.util.test.junit.AutoTests" name="[276] /home/travis/build/icyphy/ptII/ptolemy/actor/lib/test/auto/PublisherSubscriber.xml (RunModel)" time="0.011" />
  <testcase classname="ptolemy.util.test.junit.AutoTests" name="[277] /home/travis/build/icyphy/ptII/ptolemy/actor/lib/test/auto/PublisherSubscriber10.xml (RunModel)" time="0.018" />
  <testcase classname="ptolemy.util.test.junit.AutoTests" name="[278] /home/travis/build/icyphy/ptII/ptolemy/actor/lib/test/auto/PublisherSubscriber10InitialOutputs.xml (RunModel)" time="0.027" />
  <testcase classname="ptolemy.util.test.junit.AutoTests" name="[279] /home/travis/build/icyphy/ptII/ptolemy/actor/lib/test/auto/PublisherSubscriber11.xml (RunModel)" time="0.027" />
  <testcase classname="ptolemy.util.test.junit.AutoTests" name="[280] /home/travis/build/icyphy/ptII/ptolemy/actor/lib/test/auto/PublisherSubscriber12.xml (RunModel)" time="0.057" />
  <testcase classname="ptolemy.util.test.junit.AutoTests" name="[281] /home/travis/build/icyphy/ptII/ptolemy/actor/lib/test/auto/PublisherSubscriber13.xml (RunModel)" time="0.009" />
  <testcase classname="ptolemy.util.test.junit.AutoTests" name="[282] /home/travis/build/icyphy/ptII/ptolemy/actor/lib/test/auto/PublisherSubscriber14.xml (RunModel)" time="0.034" />
  <testcase classname="ptolemy.util.test.junit.AutoTests" name="[283] /home/travis/build/icyphy/ptII/ptolemy/actor/lib/test/auto/PublisherSubscriber2.xml (RunModel)" time="0.01" />
  <testcase classname="ptolemy.util.test.junit.AutoTests" name="[284] /home/travis/build/icyphy/ptII/ptolemy/actor/lib/test/auto/PublisherSubscriber3.xml (RunModel)" time="0.009" />
  <testcase classname="ptolemy.util.test.junit.AutoTests" name="[285] /home/travis/build/icyphy/ptII/ptolemy/actor/lib/test/auto/PublisherSubscriber4.xml (RunModel)" time="0.008" />
  <testcase classname="ptolemy.util.test.junit.AutoTests" name="[286] /home/travis/build/icyphy/ptII/ptolemy/actor/lib/test/auto/PublisherSubscriber5.xml (RunModel)" time="0.011" />
  <testcase classname="ptolemy.util.test.junit.AutoTests" name="[287] /home/travis/build/icyphy/ptII/ptolemy/actor/lib/test/auto/PublisherSubscriber6.xml (RunModel)" time="0.014" />
  <testcase classname="ptolemy.util.test.junit.AutoTests" name="[288] /home/travis/build/icyphy/ptII/ptolemy/actor/lib/test/auto/PublisherSubscriber7.xml (RunModel)" time="0.017" />
  <testcase classname="ptolemy.util.test.junit.AutoTests" name="[289] /home/travis/build/icyphy/ptII/ptolemy/actor/lib/test/auto/PublisherSubscriber8.xml (RunModel)" time="0.031" />
  <testcase classname="ptolemy.util.test.junit.AutoTests" name="[290] /home/travis/build/icyphy/ptII/ptolemy/actor/lib/test/auto/PublisherSubscriber9.xml (RunModel)" time="0.015" />
  <testcase classname="ptolemy.util.test.junit.AutoTests" name="[291] /home/travis/build/icyphy/ptII/ptolemy/actor/lib/test/auto/PublisherSubscriberAdjacent.xml (RunModel)" time="0.013" />
  <testcase classname="ptolemy.util.test.junit.AutoTests" name="[292] /home/travis/build/icyphy/ptII/ptolemy/actor/lib/test/auto/PublisherSubscriberChannelVariablesAOC2.xml (RunModel)" time="0.023" />
  <testcase classname="ptolemy.util.test.junit.AutoTests" name="[293] /home/travis/build/icyphy/ptII/ptolemy/actor/lib/test/auto/PublisherSubscriberD3.xml (RunModel)" time="0.011" />
  <testcase classname="ptolemy.util.test.junit.AutoTests" name="[294] /home/travis/build/icyphy/ptII/ptolemy/actor/lib/test/auto/PublisherSubscriberD3Reverse.xml (RunModel)" time="0.009" />
  <testcase classname="ptolemy.util.test.junit.AutoTests" name="[295] /home/travis/build/icyphy/ptII/ptolemy/actor/lib/test/auto/PublisherSubscriberExpression.xml (RunModel)" time="0.014" />
  <testcase classname="ptolemy.util.test.junit.AutoTests" name="[296] /home/travis/build/icyphy/ptII/ptolemy/actor/lib/test/auto/PublisherSubscriberOpaque.xml (RunModel)" time="0.014" />
  <testcase classname="ptolemy.util.test.junit.AutoTests" name="[297] /home/travis/build/icyphy/ptII/ptolemy/actor/lib/test/auto/PublisherSubscriberOpaqueD3.xml (RunModel)" time="0.02" />
  <testcase classname="ptolemy.util.test.junit.AutoTests" name="[298] /home/travis/build/icyphy/ptII/ptolemy/actor/lib/test/auto/PublisherSubscriberOpaqueD3Reverse.xml (RunModel)" time="0.02" />
  <testcase classname="ptolemy.util.test.junit.AutoTests" name="[299] /home/travis/build/icyphy/ptII/ptolemy/actor/lib/test/auto/PublisherSubscriberOpaqueWidthInference.xml (RunModel)" time="0.016" />
  <testcase classname="ptolemy.util.test.junit.AutoTests" name="[300] /home/travis/build/icyphy/ptII/ptolemy/actor/lib/test/auto/PublisherTestSubscriber.xml (RunModel)" time="0.015" />
  <testcase classname="ptolemy.util.test.junit.AutoTests" name="[301] /home/travis/build/icyphy/ptII/ptolemy/actor/lib/test/auto/PublisherToplevelSubscriberPortAOC.xml (RunModel)" time="0.01" />
  <testcase classname="ptolemy.util.test.junit.AutoTests" name="[302] /home/travis/build/icyphy/ptII/ptolemy/actor/lib/test/auto/PulseFiringLimitDE.xml (RunModel)" time="0.012" />
  <testcase classname="ptolemy.util.test.junit.AutoTests" name="[303] /home/travis/build/icyphy/ptII/ptolemy/actor/lib/test/auto/Ramp1.xml (RunModel)" time="0.006" />
  <testcase classname="ptolemy.util.test.junit.AutoTests" name="[304] /home/travis/build/icyphy/ptII/ptolemy/actor/lib/test/auto/RampFiringLimitDE.xml (RunModel)" time="0.009" />
  <testcase classname="ptolemy.util.test.junit.AutoTests" name="[305] /home/travis/build/icyphy/ptII/ptolemy/actor/lib/test/auto/RampFiringLimitSDF.xml (RunModel)" time="0.008" />
  <testcase classname="ptolemy.util.test.junit.AutoTests" name="[306] /home/travis/build/icyphy/ptII/ptolemy/actor/lib/test/auto/RandomInteger.xml (RunModel)" time="0.007" />
  <testcase classname="ptolemy.util.test.junit.AutoTests" name="[307] /home/travis/build/icyphy/ptII/ptolemy/actor/lib/test/auto/ReadFile1.xml (RunModel)" time="0.006" />
  <testcase classname="ptolemy.util.test.junit.AutoTests" name="[308] /home/travis/build/icyphy/ptII/ptolemy/actor/lib/test/auto/ReadFile2.xml (RunModel)" time="0.009" />
  <testcase classname="ptolemy.util.test.junit.AutoTests" name="[309] /home/travis/build/icyphy/ptII/ptolemy/actor/lib/test/auto/Reader.xml (RunModel)" time="0.011" />
  <testcase classname="ptolemy.util.test.junit.AutoTests" name="[310] /home/travis/build/icyphy/ptII/ptolemy/actor/lib/test/auto/RecordAssemblerDisplayNameTest.xml (RunModel)" time="3.041" />
  <testcase classname="ptolemy.util.test.junit.AutoTests" name="[311] /home/travis/build/icyphy/ptII/ptolemy/actor/lib/test/auto/RecordAssemblerTypeError.xml (RunModel)" time="0.037" />
  <testcase classname="ptolemy.util.test.junit.AutoTests" name="[312] /home/travis/build/icyphy/ptII/ptolemy/actor/lib/test/auto/RecordDisassember.xml (RunModel)" time="0.014" />
  <testcase classname="ptolemy.util.test.junit.AutoTests" name="[313] /home/travis/build/icyphy/ptII/ptolemy/actor/lib/test/auto/RecordDisassemberDisplayNameTest.xml (RunModel)" time="0.03" />
  <testcase classname="ptolemy.util.test.junit.AutoTests" name="[314] /home/travis/build/icyphy/ptII/ptolemy/actor/lib/test/auto/RecordDisassembler.xml (RunModel)" time="0.009" />
  <testcase classname="ptolemy.util.test.junit.AutoTests" name="[315] /home/travis/build/icyphy/ptII/ptolemy/actor/lib/test/auto/RecordDisassembler2.xml (RunModel)" time="0.014" />
  <testcase classname="ptolemy.util.test.junit.AutoTests" name="[316] /home/travis/build/icyphy/ptII/ptolemy/actor/lib/test/auto/RecordUpdater.xml (RunModel)" time="0.008" />
  <testcase classname="ptolemy.util.test.junit.AutoTests" name="[317] /home/travis/build/icyphy/ptII/ptolemy/actor/lib/test/auto/RecordUpdater2.xml (RunModel)" time="0.009" />
  <testcase classname="ptolemy.util.test.junit.AutoTests" name="[318] /home/travis/build/icyphy/ptII/ptolemy/actor/lib/test/auto/RecursiveLattice.xml (RunModel)" time="0.008" />
  <testcase classname="ptolemy.util.test.junit.AutoTests" name="[319] /home/travis/build/icyphy/ptII/ptolemy/actor/lib/test/auto/Router.xml (RunModel)" time="3.026" />
  <testcase classname="ptolemy.util.test.junit.AutoTests" name="[320] /home/travis/build/icyphy/ptII/ptolemy/actor/lib/test/auto/Router2.xml (RunModel)" time="3.03" />
  <testcase classname="ptolemy.util.test.junit.AutoTests" name="[321] /home/travis/build/icyphy/ptII/ptolemy/actor/lib/test/auto/RunningMaximum.xml (RunModel)" time="0.021" />
  <testcase classname="ptolemy.util.test.junit.AutoTests" name="[322] /home/travis/build/icyphy/ptII/ptolemy/actor/lib/test/auto/RunningMinimum.xml (RunModel)" time="0.019" />
  <testcase classname="ptolemy.util.test.junit.AutoTests" name="[323] /home/travis/build/icyphy/ptII/ptolemy/actor/lib/test/auto/Scale.xml (RunModel)" time="0.01" />
  <testcase classname="ptolemy.util.test.junit.AutoTests" name="[324] /home/travis/build/icyphy/ptII/ptolemy/actor/lib/test/auto/Scale2.xml (RunModel)" time="0.011" />
  <testcase classname="ptolemy.util.test.junit.AutoTests" name="[325] /home/travis/build/icyphy/ptII/ptolemy/actor/lib/test/auto/Scale3.xml (RunModel)" time="0.015" />
  <testcase classname="ptolemy.util.test.junit.AutoTests" name="[326] /home/travis/build/icyphy/ptII/ptolemy/actor/lib/test/auto/ScaleArray.xml (RunModel)" time="0.007" />
  <testcase classname="ptolemy.util.test.junit.AutoTests" name="[327] /home/travis/build/icyphy/ptII/ptolemy/actor/lib/test/auto/ScaleArray2.xml (RunModel)" time="0.008" />
  <testcase classname="ptolemy.util.test.junit.AutoTests" name="[328] /home/travis/build/icyphy/ptII/ptolemy/actor/lib/test/auto/ScaleMatrix.xml (RunModel)" time="0.139" />
  <testcase classname="ptolemy.util.test.junit.AutoTests" name="[329] /home/travis/build/icyphy/ptII/ptolemy/actor/lib/test/auto/Select.xml (RunModel)" time="0.013" />
  <testcase classname="ptolemy.util.test.junit.AutoTests" name="[330] /home/travis/build/icyphy/ptII/ptolemy/actor/lib/test/auto/Select2.xml (RunModel)" time="0.007" />
  <testcase classname="ptolemy.util.test.junit.AutoTests" name="[331] /home/travis/build/icyphy/ptII/ptolemy/actor/lib/test/auto/SequenceToArray2.xml (RunModel)" time="0.129" />
  <testcase classname="ptolemy.util.test.junit.AutoTests" name="[332] /home/travis/build/icyphy/ptII/ptolemy/actor/lib/test/auto/SequentialClock.xml (RunModel)" time="0.014" />
  <testcase classname="ptolemy.util.test.junit.AutoTests" name="[333] /home/travis/build/icyphy/ptII/ptolemy/actor/lib/test/auto/SetVariable.xml (RunModel)" time="0.01" />
  <testcase classname="ptolemy.util.test.junit.AutoTests" name="[334] /home/travis/build/icyphy/ptII/ptolemy/actor/lib/test/auto/SetVariable2.xml (RunModel)" time="0.011" />
  <testcase classname="ptolemy.util.test.junit.AutoTests" name="[335] /home/travis/build/icyphy/ptII/ptolemy/actor/lib/test/auto/SetVariable3.xml (RunModel)" time="0.016" />
  <testcase classname="ptolemy.util.test.junit.AutoTests" name="[336] /home/travis/build/icyphy/ptII/ptolemy/actor/lib/test/auto/SetVariable4.xml (RunModel)" time="0.043" />
  <testcase classname="ptolemy.util.test.junit.AutoTests" name="[337] /home/travis/build/icyphy/ptII/ptolemy/actor/lib/test/auto/SetVariable5.xml (RunModel)" time="0.03" />
  <testcase classname="ptolemy.util.test.junit.AutoTests" name="[338] /home/travis/build/icyphy/ptII/ptolemy/actor/lib/test/auto/Sinewave.xml (RunModel)" time="0.022" />
  <testcase classname="ptolemy.util.test.junit.AutoTests" name="[339] /home/travis/build/icyphy/ptII/ptolemy/actor/lib/test/auto/Sinewave2.xml (RunModel)" time="0.016" />
  <testcase classname="ptolemy.util.test.junit.AutoTests" name="[340] /home/travis/build/icyphy/ptII/ptolemy/actor/lib/test/auto/Sinewave3.xml (RunModel)" time="0.019" />
  <testcase classname="ptolemy.util.test.junit.AutoTests" name="[341] /home/travis/build/icyphy/ptII/ptolemy/actor/lib/test/auto/SingleEvent.xml (RunModel)" time="0.007" />
  <testcase classname="ptolemy.util.test.junit.AutoTests" name="[342] /home/travis/build/icyphy/ptII/ptolemy/actor/lib/test/auto/Sleep.xml (RunModel)" time="6.019" />
  <testcase classname="ptolemy.util.test.junit.AutoTests" name="[343] /home/travis/build/icyphy/ptII/ptolemy/actor/lib/test/auto/SleepMultipleFire.xml (RunModel)" time="1.025" />
  <testcase classname="ptolemy.util.test.junit.AutoTests" name="[344] /home/travis/build/icyphy/ptII/ptolemy/actor/lib/test/auto/StopDE.xml (RunModel)" time="0.015" />
  <testcase classname="ptolemy.util.test.junit.AutoTests" name="[345] /home/travis/build/icyphy/ptII/ptolemy/actor/lib/test/auto/StopSDF.xml (RunModel)" time="0.011" />
  <testcase classname="ptolemy.util.test.junit.AutoTests" name="[346] /home/travis/build/icyphy/ptII/ptolemy/actor/lib/test/auto/StringConstant.xml (RunModel)" time="0.014" />
  <testcase classname="ptolemy.util.test.junit.AutoTests" name="[347] /home/travis/build/icyphy/ptII/ptolemy/actor/lib/test/auto/SubscriberPortInitialValues1.xml (RunModel)" time="0.02" />
  <testcase classname="ptolemy.util.test.junit.AutoTests" name="[348] /home/travis/build/icyphy/ptII/ptolemy/actor/lib/test/auto/SubscriberPortInitialValues13.xml (RunModel)" time="0.025" />
  <testcase classname="ptolemy.util.test.junit.AutoTests" name="[349] /home/travis/build/icyphy/ptII/ptolemy/actor/lib/test/auto/SubscriberPortInitialValues14.xml (RunModel)" time="0.013" />
  <testcase classname="ptolemy.util.test.junit.AutoTests" name="[350] /home/travis/build/icyphy/ptII/ptolemy/actor/lib/test/auto/SubscriberPortInitialValues2.xml (RunModel)" time="0.013" />
  <testcase classname="ptolemy.util.test.junit.AutoTests" name="[351] /home/travis/build/icyphy/ptII/ptolemy/actor/lib/test/auto/SubscriberPortInitialValues3.xml (RunModel)" time="0.017" />
  <testcase classname="ptolemy.util.test.junit.AutoTests" name="[352] /home/travis/build/icyphy/ptII/ptolemy/actor/lib/test/auto/SubscriptionAggregator.xml (RunModel)" time="0.01" />
  <testcase classname="ptolemy.util.test.junit.AutoTests" name="[353] /home/travis/build/icyphy/ptII/ptolemy/actor/lib/test/auto/SubscriptionAggregator2.xml (RunModel)" time="0.01" />
  <testcase classname="ptolemy.util.test.junit.AutoTests" name="[354] /home/travis/build/icyphy/ptII/ptolemy/actor/lib/test/auto/SubscriptionAggregator3.xml (RunModel)" time="0.016" />
  <testcase classname="ptolemy.util.test.junit.AutoTests" name="[355] /home/travis/build/icyphy/ptII/ptolemy/actor/lib/test/auto/SubscriptionAggregatorMultiply.xml (RunModel)" time="0.022" />
  <testcase classname="ptolemy.util.test.junit.AutoTests" name="[356] /home/travis/build/icyphy/ptII/ptolemy/actor/lib/test/auto/SubscriptionAggregatorPortMultiply1.xml (RunModel)" time="0.013" />
  <testcase classname="ptolemy.util.test.junit.AutoTests" name="[357] /home/travis/build/icyphy/ptII/ptolemy/actor/lib/test/auto/Switch.xml (RunModel)" time="0.052" />
  <testcase classname="ptolemy.util.test.junit.AutoTests" name="[358] /home/travis/build/icyphy/ptII/ptolemy/actor/lib/test/auto/Switch2.xml (RunModel)" time="0.012" />
  <testcase classname="ptolemy.util.test.junit.AutoTests" name="[359] /home/travis/build/icyphy/ptII/ptolemy/actor/lib/test/auto/SwitchDE.xml (RunModel)" time="0.011" />
  <testcase classname="ptolemy.util.test.junit.AutoTests" name="[360] /home/travis/build/icyphy/ptII/ptolemy/actor/lib/test/auto/SynchronizerDE.xml (RunModel)" time="0.021" />
  <testcase classname="ptolemy.util.test.junit.AutoTests" name="[361] /home/travis/build/icyphy/ptII/ptolemy/actor/lib/test/auto/Test.xml (RunModel)" time="0.008" />
  <testcase classname="ptolemy.util.test.junit.AutoTests" name="[362] /home/travis/build/icyphy/ptII/ptolemy/actor/lib/test/auto/TestExceptionAttribute1.xml (RunModel)" time="0.008" />
  <testcase classname="ptolemy.util.test.junit.AutoTests" name="[363] /home/travis/build/icyphy/ptII/ptolemy/actor/lib/test/auto/TestExceptionAttribute2.xml (RunModel)" time="0.009" />
  <testcase classname="ptolemy.util.test.junit.AutoTests" name="[364] /home/travis/build/icyphy/ptII/ptolemy/actor/lib/test/auto/TestExceptionAttribute3.xml (RunModel)" time="0.009" />
  <testcase classname="ptolemy.util.test.junit.AutoTests" name="[365] /home/travis/build/icyphy/ptII/ptolemy/actor/lib/test/auto/TestExceptionAttribute4.xml (RunModel)" time="0.005" />
  <testcase classname="ptolemy.util.test.junit.AutoTests" name="[366] /home/travis/build/icyphy/ptII/ptolemy/actor/lib/test/auto/TestExceptionHandler1.xml (RunModel)" time="0.006" />
  <testcase classname="ptolemy.util.test.junit.AutoTests" name="[367] /home/travis/build/icyphy/ptII/ptolemy/actor/lib/test/auto/TestExceptionHandler2.xml (RunModel)" time="0.006" />
  <testcase classname="ptolemy.util.test.junit.AutoTests" name="[368] /home/travis/build/icyphy/ptII/ptolemy/actor/lib/test/auto/TestExceptionHandler3.xml (RunModel)" time="0.007" />
  <testcase classname="ptolemy.util.test.junit.AutoTests" name="[369] /home/travis/build/icyphy/ptII/ptolemy/actor/lib/test/auto/TestExceptionHandler4.xml (RunModel)" time="0.005" />
  <testcase classname="ptolemy.util.test.junit.AutoTests" name="[370] /home/travis/build/icyphy/ptII/ptolemy/actor/lib/test/auto/TestRequireCorrectOrder.xml (RunModel)" time="0.016" />
  <testcase classname="ptolemy.util.test.junit.AutoTests" name="[371] /home/travis/build/icyphy/ptII/ptolemy/actor/lib/test/auto/TestSimple.xml (RunModel)" time="0.006" />
  <testcase classname="ptolemy.util.test.junit.AutoTests" name="[372] /home/travis/build/icyphy/ptII/ptolemy/actor/lib/test/auto/ThrowModelError.xml (RunModel)" time="0.009" />
  <testcase classname="ptolemy.util.test.junit.AutoTests" name="[373] /home/travis/build/icyphy/ptII/ptolemy/actor/lib/test/auto/TimeDelayMicrosteps.xml (RunModel)" time="0.013" />
  <testcase classname="ptolemy.util.test.junit.AutoTests" name="[374] /home/travis/build/icyphy/ptII/ptolemy/actor/lib/test/auto/TimeDelayMicrosteps2.xml (RunModel)" time="0.014" />
  <testcase classname="ptolemy.util.test.junit.AutoTests" name="[375] /home/travis/build/icyphy/ptII/ptolemy/actor/lib/test/auto/TimeDelayMicrosteps3.xml (RunModel)" time="0.011" />
  <testcase classname="ptolemy.util.test.junit.AutoTests" name="[376] /home/travis/build/icyphy/ptII/ptolemy/actor/lib/test/auto/TimeDelayVariableMicrosteps.xml (RunModel)" time="0.011" />
  <testcase classname="ptolemy.util.test.junit.AutoTests" name="[377] /home/travis/build/icyphy/ptII/ptolemy/actor/lib/test/auto/TimeGap.xml (RunModel)" time="0.013" />
  <testcase classname="ptolemy.util.test.junit.AutoTests" name="[378] /home/travis/build/icyphy/ptII/ptolemy/actor/lib/test/auto/TimeGap2.xml (RunModel)" time="0.009" />
  <testcase classname="ptolemy.util.test.junit.AutoTests" name="[379] /home/travis/build/icyphy/ptII/ptolemy/actor/lib/test/auto/TimedSinewave.xml (RunModel)" time="0.058" />
  <testcase classname="ptolemy.util.test.junit.AutoTests" name="[380] /home/travis/build/icyphy/ptII/ptolemy/actor/lib/test/auto/TimedSinewavePhase.xml (RunModel)" time="0.028" />
  <testcase classname="ptolemy.util.test.junit.AutoTests" name="[381] /home/travis/build/icyphy/ptII/ptolemy/actor/lib/test/auto/Timer.xml (RunModel)" time="0.013" />
  <testcase classname="ptolemy.util.test.junit.AutoTests" name="[382] /home/travis/build/icyphy/ptII/ptolemy/actor/lib/test/auto/TriangularDistTestModel.xml (RunModel)" time="0.015" />
  <testcase classname="ptolemy.util.test.junit.AutoTests" name="[383] /home/travis/build/icyphy/ptII/ptolemy/actor/lib/test/auto/TrigFunction.xml (RunModel)" time="0.007" />
  <testcase classname="ptolemy.util.test.junit.AutoTests" name="[384] /home/travis/build/icyphy/ptII/ptolemy/actor/lib/test/auto/TrigFunctionDE.xml (RunModel)" time="0.009" />
  <testcase classname="ptolemy.util.test.junit.AutoTests" name="[385] /home/travis/build/icyphy/ptII/ptolemy/actor/lib/test/auto/TrigFunctionInverse.xml (RunModel)" time="0.008" />
  <testcase classname="ptolemy.util.test.junit.AutoTests" name="[386] /home/travis/build/icyphy/ptII/ptolemy/actor/lib/test/auto/TrigFunctionTan.xml (RunModel)" time="0.006" />
  <testcase classname="ptolemy.util.test.junit.AutoTests" name="[387] /home/travis/build/icyphy/ptII/ptolemy/actor/lib/test/auto/TriggeredClock.xml (RunModel)" time="0.013" />
  <testcase classname="ptolemy.util.test.junit.AutoTests" name="[388] /home/travis/build/icyphy/ptII/ptolemy/actor/lib/test/auto/URLDirectoryReader.xml (RunModel)" time="0.101" />
  <testcase classname="ptolemy.util.test.junit.AutoTests" name="[389] /home/travis/build/icyphy/ptII/ptolemy/actor/lib/test/auto/URLDirectoryReader3.xml (RunModel)" time="1.834" />
  <testcase classname="ptolemy.util.test.junit.AutoTests" name="[390] /home/travis/build/icyphy/ptII/ptolemy/actor/lib/test/auto/UnaryMathFunction.xml (RunModel)" time="0.027" />
  <testcase classname="ptolemy.util.test.junit.AutoTests" name="[391] /home/travis/build/icyphy/ptII/ptolemy/actor/lib/test/auto/Uniform.xml (RunModel)" time="0.009" />
  <testcase classname="ptolemy.util.test.junit.AutoTests" name="[392] /home/travis/build/icyphy/ptII/ptolemy/actor/lib/test/auto/UnionDisassemblerTest.xml (RunModel)" time="0.009" />
  <testcase classname="ptolemy.util.test.junit.AutoTests" name="[393] /home/travis/build/icyphy/ptII/ptolemy/actor/lib/test/auto/UtilityFunctions.xml (RunModel)" time="0.007" />
  <testcase classname="ptolemy.util.test.junit.AutoTests" name="[394] /home/travis/build/icyphy/ptII/ptolemy/actor/lib/test/auto/VariableSleep.xml (RunModel)" time="0.51" />
  <testcase classname="ptolemy.util.test.junit.AutoTests" name="[395] /home/travis/build/icyphy/ptII/ptolemy/actor/lib/test/auto/VectorAssemblerDisassemblerCT.xml (RunModel)" time="0.106" />
  <testcase classname="ptolemy.util.test.junit.AutoTests" name="[396] /home/travis/build/icyphy/ptII/ptolemy/actor/lib/test/auto/VectorAssemblerDisassemblerDE.xml (RunModel)" time="0.012" />
  <testcase classname="ptolemy.util.test.junit.AutoTests" name="[397] /home/travis/build/icyphy/ptII/ptolemy/actor/lib/test/auto/VectorAssemblerDisassemblerSDF.xml (RunModel)" time="0.012" />
  <testcase classname="ptolemy.util.test.junit.AutoTests" name="[398] /home/travis/build/icyphy/ptII/ptolemy/actor/lib/test/auto/WallClockTime.xml (RunModel)" time="1.011" />
  <testcase classname="ptolemy.util.test.junit.AutoTests" name="[399] /home/travis/build/icyphy/ptII/ptolemy/actor/lib/test/auto/WidthTestWithSubscriberPublisher.xml (RunModel)" time="0.039" />
  <testcase classname="ptolemy.util.test.junit.AutoTests" name="[400] /home/travis/build/icyphy/ptII/ptolemy/actor/lib/test/auto/WidthTestWithSubscriberPublisher2.xml (RunModel)" time="0.012" />
  <testcase classname="ptolemy.util.test.junit.AutoTests" name="[401] /home/travis/build/icyphy/ptII/ptolemy/actor/lib/test/auto/WidthTestWithSubscriberPublisher3.xml (RunModel)" time="0.011" />
  <testcase classname="ptolemy.util.test.junit.AutoTests" name="[402] /home/travis/build/icyphy/ptII/ptolemy/actor/lib/test/auto/Writer.xml (RunModel)" time="0.007" />
  <testcase classname="ptolemy.util.test.junit.AutoTests" name="[403] /home/travis/build/icyphy/ptII/ptolemy/actor/lib/test/auto/array.xml (RunModel)" time="0.008" />
  <testcase classname="ptolemy.util.test.junit.AutoTests" name="[404] /home/travis/build/icyphy/ptII/ptolemy/actor/lib/test/auto/array2.xml (RunModel)" time="0.011" />
  <testcase classname="ptolemy.util.test.junit.AutoTests" name="[405] /home/travis/build/icyphy/ptII/ptolemy/actor/lib/test/auto/arrayType.xml (RunModel)" time="0.01" />
  <testcase classname="ptolemy.util.test.junit.AutoTests" name="[406] /home/travis/build/icyphy/ptII/ptolemy/actor/lib/test/auto/arrayType10.xml (RunModel)" time="0.007" />
  <testcase classname="ptolemy.util.test.junit.AutoTests" name="[407] /home/travis/build/icyphy/ptII/ptolemy/actor/lib/test/auto/arrayType11.xml (RunModel)" time="0.009" />
  <testcase classname="ptolemy.util.test.junit.AutoTests" name="[408] /home/travis/build/icyphy/ptII/ptolemy/actor/lib/test/auto/arrayType12.xml (RunModel)" time="0.008" />
  <testcase classname="ptolemy.util.test.junit.AutoTests" name="[409] /home/travis/build/icyphy/ptII/ptolemy/actor/lib/test/auto/arrayType13.xml (RunModel)" time="0.008" />
  <testcase classname="ptolemy.util.test.junit.AutoTests" name="[410] /home/travis/build/icyphy/ptII/ptolemy/actor/lib/test/auto/arrayType14.xml (RunModel)" time="0.008" />
  <testcase classname="ptolemy.util.test.junit.AutoTests" name="[411] /home/travis/build/icyphy/ptII/ptolemy/actor/lib/test/auto/arrayType15.xml (RunModel)" time="0.009" />
  <testcase classname="ptolemy.util.test.junit.AutoTests" name="[412] /home/travis/build/icyphy/ptII/ptolemy/actor/lib/test/auto/arrayType16.xml (RunModel)" time="0.008" />
  <testcase classname="ptolemy.util.test.junit.AutoTests" name="[413] /home/travis/build/icyphy/ptII/ptolemy/actor/lib/test/auto/arrayType17.xml (RunModel)" time="0.008" />
  <testcase classname="ptolemy.util.test.junit.AutoTests" name="[414] /home/travis/build/icyphy/ptII/ptolemy/actor/lib/test/auto/arrayType18.xml (RunModel)" time="0.008" />
  <testcase classname="ptolemy.util.test.junit.AutoTests" name="[415] /home/travis/build/icyphy/ptII/ptolemy/actor/lib/test/auto/arrayType19.xml (RunModel)" time="0.007" />
  <testcase classname="ptolemy.util.test.junit.AutoTests" name="[416] /home/travis/build/icyphy/ptII/ptolemy/actor/lib/test/auto/arrayType2.xml (RunModel)" time="0.008" />
  <testcase classname="ptolemy.util.test.junit.AutoTests" name="[417] /home/travis/build/icyphy/ptII/ptolemy/actor/lib/test/auto/arrayType20.xml (RunModel)" time="0.009" />
  <testcase classname="ptolemy.util.test.junit.AutoTests" name="[418] /home/travis/build/icyphy/ptII/ptolemy/actor/lib/test/auto/arrayType21.xml (RunModel)" time="0.008" />
  <testcase classname="ptolemy.util.test.junit.AutoTests" name="[419] /home/travis/build/icyphy/ptII/ptolemy/actor/lib/test/auto/arrayType22.xml (RunModel)" time="0.009" />
  <testcase classname="ptolemy.util.test.junit.AutoTests" name="[420] /home/travis/build/icyphy/ptII/ptolemy/actor/lib/test/auto/arrayType23.xml (RunModel)" time="0.007" />
  <testcase classname="ptolemy.util.test.junit.AutoTests" name="[421] /home/travis/build/icyphy/ptII/ptolemy/actor/lib/test/auto/arrayType24.xml (RunModel)" time="0.009" />
  <testcase classname="ptolemy.util.test.junit.AutoTests" name="[422] /home/travis/build/icyphy/ptII/ptolemy/actor/lib/test/auto/arrayType25.xml (RunModel)" time="0.008" />
  <testcase classname="ptolemy.util.test.junit.AutoTests" name="[423] /home/travis/build/icyphy/ptII/ptolemy/actor/lib/test/auto/arrayType26.xml (RunModel)" time="0.008" />
  <testcase classname="ptolemy.util.test.junit.AutoTests" name="[424] /home/travis/build/icyphy/ptII/ptolemy/actor/lib/test/auto/arrayType27.xml (RunModel)" time="0.008" />
  <testcase classname="ptolemy.util.test.junit.AutoTests" name="[425] /home/travis/build/icyphy/ptII/ptolemy/actor/lib/test/auto/arrayType28.xml (RunModel)" time="0.01" />
  <testcase classname="ptolemy.util.test.junit.AutoTests" name="[426] /home/travis/build/icyphy/ptII/ptolemy/actor/lib/test/auto/arrayType3.xml (RunModel)" time="0.008" />
  <testcase classname="ptolemy.util.test.junit.AutoTests" name="[427] /home/travis/build/icyphy/ptII/ptolemy/actor/lib/test/auto/arrayType4.xml (RunModel)" time="0.008" />
  <testcase classname="ptolemy.util.test.junit.AutoTests" name="[428] /home/travis/build/icyphy/ptII/ptolemy/actor/lib/test/auto/arrayType5.xml (RunModel)" time="0.008" />
  <testcase classname="ptolemy.util.test.junit.AutoTests" name="[429] /home/travis/build/icyphy/ptII/ptolemy/actor/lib/test/auto/arrayType6.xml (RunModel)" time="0.007" />
  <testcase classname="ptolemy.util.test.junit.AutoTests" name="[430] /home/travis/build/icyphy/ptII/ptolemy/actor/lib/test/auto/arrayType7.xml (RunModel)" time="0.007" />
  <testcase classname="ptolemy.util.test.junit.AutoTests" name="[431] /home/travis/build/icyphy/ptII/ptolemy/actor/lib/test/auto/arrayType8.xml (RunModel)" time="0.025" />
  <testcase classname="ptolemy.util.test.junit.AutoTests" name="[432] /home/travis/build/icyphy/ptII/ptolemy/actor/lib/test/auto/arrayType9.xml (RunModel)" time="0.008" />
  <testcase classname="ptolemy.util.test.junit.AutoTests" name="[433] /home/travis/build/icyphy/ptII/ptolemy/actor/lib/test/auto/cast.xml (RunModel)" time="0.007" />
  <testcase classname="ptolemy.util.test.junit.AutoTests" name="[434] /home/travis/build/icyphy/ptII/ptolemy/actor/lib/test/auto/compositeMultiPort.xml (RunModel)" time="0.015" />
  <testcase classname="ptolemy.util.test.junit.AutoTests" name="[435] /home/travis/build/icyphy/ptII/ptolemy/actor/lib/test/auto/expressionCastInference.xml (RunModel)" time="0.008" />
  <testcase classname="ptolemy.util.test.junit.AutoTests" name="[436] /home/travis/build/icyphy/ptII/ptolemy/actor/lib/test/auto/expressionCastInference2.xml (RunModel)" time="0.008" />
  <testcase classname="ptolemy.util.test.junit.AutoTests" name="[437] /home/travis/build/icyphy/ptII/ptolemy/actor/lib/test/auto/expressionInference.xml (RunModel)" time="0.007" />
  <testcase classname="ptolemy.util.test.junit.AutoTests" name="[438] /home/travis/build/icyphy/ptII/ptolemy/actor/lib/test/auto/expression_bug.xml (RunModel)" time="0.007" />
  <testcase classname="ptolemy.util.test.junit.AutoTests" name="[439] /home/travis/build/icyphy/ptII/ptolemy/actor/lib/test/auto/factorial.xml (RunModel)" time="0.042" />
  <testcase classname="ptolemy.util.test.junit.AutoTests" name="[440] /home/travis/build/icyphy/ptII/ptolemy/actor/lib/test/auto/filterTest1.xml (RunModel)" time="0.021" />
  <testcase classname="ptolemy.util.test.junit.AutoTests" name="[441] /home/travis/build/icyphy/ptII/ptolemy/actor/lib/test/auto/funcApplyInConst.xml (RunModel)" time="0.007" />
  <testcase classname="ptolemy.util.test.junit.AutoTests" name="[442] /home/travis/build/icyphy/ptII/ptolemy/actor/lib/test/auto/funcApplyInExpr.xml (RunModel)" time="0.005" />
  <testcase classname="ptolemy.util.test.junit.AutoTests" name="[443] /home/travis/build/icyphy/ptII/ptolemy/actor/lib/test/auto/function.xml (RunModel)" time="0.01" />
  <testcase classname="ptolemy.util.test.junit.AutoTests" name="[444] /home/travis/build/icyphy/ptII/ptolemy/actor/lib/test/auto/function2.xml (RunModel)" time="0.008" />
  <testcase classname="ptolemy.util.test.junit.AutoTests" name="[445] /home/travis/build/icyphy/ptII/ptolemy/actor/lib/test/auto/function3.xml (RunModel)" time="0.007" />
  <testcase classname="ptolemy.util.test.junit.AutoTests" name="[446] /home/travis/build/icyphy/ptII/ptolemy/actor/lib/test/auto/functionClosureTest1.xml (RunModel)" time="0.009" />
  <testcase classname="ptolemy.util.test.junit.AutoTests" name="[447] /home/travis/build/icyphy/ptII/ptolemy/actor/lib/test/auto/functionClosureTest2.xml (RunModel)" time="0.007" />
  <testcase classname="ptolemy.util.test.junit.AutoTests" name="[448] /home/travis/build/icyphy/ptII/ptolemy/actor/lib/test/auto/functionClosureTest3.xml (RunModel)" time="0.01" />
  <testcase classname="ptolemy.util.test.junit.AutoTests" name="[449] /home/travis/build/icyphy/ptII/ptolemy/actor/lib/test/auto/functionClosureTest4.xml (RunModel)" time="0.017" />
  <testcase classname="ptolemy.util.test.junit.AutoTests" name="[450] /home/travis/build/icyphy/ptII/ptolemy/actor/lib/test/auto/functionClosureTest5.xml (RunModel)" time="0.067" />
  <testcase classname="ptolemy.util.test.junit.AutoTests" name="[451] /home/travis/build/icyphy/ptII/ptolemy/actor/lib/test/auto/functionClosureTest6.xml (RunModel)" time="0.026" />
  <testcase classname="ptolemy.util.test.junit.AutoTests" name="[452] /home/travis/build/icyphy/ptII/ptolemy/actor/lib/test/auto/functionsOnArcs.xml (RunModel)" time="0.014" />
  <testcase classname="ptolemy.util.test.junit.AutoTests" name="[453] /home/travis/build/icyphy/ptII/ptolemy/actor/lib/test/auto/functionsOnArcsHOF.xml (RunModel)" time="0.048" />
  <testcase classname="ptolemy.util.test.junit.AutoTests" name="[454] /home/travis/build/icyphy/ptII/ptolemy/actor/lib/test/auto/logic.xml (RunModel)" time="0.024" />
  <testcase classname="ptolemy.util.test.junit.AutoTests" name="[455] /home/travis/build/icyphy/ptII/ptolemy/actor/lib/test/auto/matrixType.xml (RunModel)" time="0.008" />
  <testcase classname="ptolemy.util.test.junit.AutoTests" name="[456] /home/travis/build/icyphy/ptII/ptolemy/actor/lib/test/auto/matrixType10.xml (RunModel)" time="0.032" />
  <testcase classname="ptolemy.util.test.junit.AutoTests" name="[457] /home/travis/build/icyphy/ptII/ptolemy/actor/lib/test/auto/matrixType11.xml (RunModel)" time="0.032" />
  <testcase classname="ptolemy.util.test.junit.AutoTests" name="[458] /home/travis/build/icyphy/ptII/ptolemy/actor/lib/test/auto/matrixType12.xml (RunModel)" time="0.038" />
  <testcase classname="ptolemy.util.test.junit.AutoTests" name="[459] /home/travis/build/icyphy/ptII/ptolemy/actor/lib/test/auto/matrixType13.xml (RunModel)" time="0.012" />
  <testcase classname="ptolemy.util.test.junit.AutoTests" name="[460] /home/travis/build/icyphy/ptII/ptolemy/actor/lib/test/auto/matrixType14.xml (RunModel)" time="0.009" />
  <testcase classname="ptolemy.util.test.junit.AutoTests" name="[461] /home/travis/build/icyphy/ptII/ptolemy/actor/lib/test/auto/matrixType2.xml (RunModel)" time="0.009" />
  <testcase classname="ptolemy.util.test.junit.AutoTests" name="[462] /home/travis/build/icyphy/ptII/ptolemy/actor/lib/test/auto/matrixType3.xml (RunModel)" time="0.01" />
  <testcase classname="ptolemy.util.test.junit.AutoTests" name="[463] /home/travis/build/icyphy/ptII/ptolemy/actor/lib/test/auto/matrixType4.xml (RunModel)" time="0.009" />
  <testcase classname="ptolemy.util.test.junit.AutoTests" name="[464] /home/travis/build/icyphy/ptII/ptolemy/actor/lib/test/auto/matrixType5.xml (RunModel)" time="0.007" />
  <testcase classname="ptolemy.util.test.junit.AutoTests" name="[465] /home/travis/build/icyphy/ptII/ptolemy/actor/lib/test/auto/matrixType6.xml (RunModel)" time="0.008" />
  <testcase classname="ptolemy.util.test.junit.AutoTests" name="[466] /home/travis/build/icyphy/ptII/ptolemy/actor/lib/test/auto/matrixType7.xml (RunModel)" time="0.009" />
  <testcase classname="ptolemy.util.test.junit.AutoTests" name="[467] /home/travis/build/icyphy/ptII/ptolemy/actor/lib/test/auto/matrixType8.xml (RunModel)" time="0.007" />
  <testcase classname="ptolemy.util.test.junit.AutoTests" name="[468] /home/travis/build/icyphy/ptII/ptolemy/actor/lib/test/auto/matrixType9.xml (RunModel)" time="0.006" />
  <testcase classname="ptolemy.util.test.junit.AutoTests" name="[469] /home/travis/build/icyphy/ptII/ptolemy/actor/lib/test/auto/paraFunctest.xml (RunModel)" time="0.006" />
  <testcase classname="ptolemy.util.test.junit.AutoTests" name="[470] /home/travis/build/icyphy/ptII/ptolemy/actor/lib/test/auto/paraFunctest2.xml (RunModel)" time="0.009" />
  <testcase classname="ptolemy.util.test.junit.AutoTests" name="[471] /home/travis/build/icyphy/ptII/ptolemy/actor/lib/test/auto/parameterPassing.xml (RunModel)" time="0.007" />
  <testcase classname="ptolemy.util.test.junit.AutoTests" name="[472] /home/travis/build/icyphy/ptII/ptolemy/actor/lib/test/auto/record.xml (RunModel)" time="0.009" />
  <testcase classname="ptolemy.util.test.junit.AutoTests" name="[473] /home/travis/build/icyphy/ptII/ptolemy/actor/lib/test/auto/sizedarray1.xml (RunModel)" time="0.008" />
  <testcase classname="ptolemy.util.test.junit.AutoTests" name="[474] /home/travis/build/icyphy/ptII/ptolemy/actor/lib/test/auto/sizedarray2.xml (RunModel)" time="0.009" />
  <testcase classname="ptolemy.util.test.junit.AutoTests" name="[475] /home/travis/build/icyphy/ptII/ptolemy/actor/lib/test/auto/twoPublishers.xml (RunModel)" time="0.022" />
  <system-out><![CDATA[/home/travis/build/icyphy/ptII/ptolemy/actor/lib/test/AbsoluteValue.tcl
testDefs.tcl: setting time out to 9000 seconds at Sat Sep 05 15:41:17 UTC 2020
114 ms. Memory: 129024K Free: 93123K (72%)
5 ms. Memory: 129024K Free: 91075K (71%)
10 ms. Memory: 129024K Free: 90561K (70%)
10 ms. Memory: 129024K Free: 89531K (69%)
/home/travis/build/icyphy/ptII/ptolemy/actor/lib/test/AddSubtract.tcl
20 ms. Memory: 129024K Free: 87475K (68%)
16 ms. Memory: 129024K Free: 86979K (67%)
6 ms. Memory: 129024K Free: 85955K (67%)
16 ms. Memory: 129024K Free: 85427K (66%)
63 ms. Memory: 129024K Free: 82369K (64%)
13 ms. Memory: 129024K Free: 81859K (63%)
/home/travis/build/icyphy/ptII/ptolemy/actor/lib/test/Average.tcl
16 ms. Memory: 129024K Free: 79811K (62%)
7 ms. Memory: 129024K Free: 78787K (61%)
/home/travis/build/icyphy/ptII/ptolemy/actor/lib/test/Bernoulli.tcl
4 ms. Memory: 129024K Free: 77249K (60%)
2 ms. Memory: 129024K Free: 76739K (59%)
/home/travis/build/icyphy/ptII/ptolemy/actor/lib/test/Clock.tcl
preinitializing
resolving types
initializing
executing number 1
wrapping up
idle
35 ms. Memory: 129024K Free: 74177K (57%)
Completed execution with 5 iterations
preinitializing
resolving types
initializing
executing number 1
wrapping up
idle
8 ms. Memory: 129024K Free: 73139K (57%)
Completed execution with 5 iterations
preinitializing
resolving types
initializing
executing number 1
wrapping up
idle
10 ms. Memory: 129024K Free: 72643K (56%)
Completed execution with 5 iterations
/home/travis/build/icyphy/ptII/ptolemy/actor/lib/test/Commutator.tcl
10 ms. Memory: 129024K Free: 70595K (55%)
18 ms. Memory: 129024K Free: 69571K (54%)
14 ms. Memory: 129024K Free: 63923K (50%)
/home/travis/build/icyphy/ptII/ptolemy/actor/lib/test/Const.tcl
10 ms. Memory: 129024K Free: 62403K (48%)
3 ms. Memory: 129024K Free: 61859K (48%)
4 ms. Memory: 129024K Free: 61379K (48%)
3 ms. Memory: 129024K Free: 60851K (47%)
2 ms. Memory: 129024K Free: 60355K (47%)
15 ms. Memory: 129024K Free: 58817K (46%)
4 ms. Memory: 129024K Free: 57283K (44%)
12 ms. Memory: 129024K Free: 56755K (44%)
/home/travis/build/icyphy/ptII/ptolemy/actor/lib/test/CurrentTime.tcl
preinitializing
resolving types
initializing
executing number 1
wrapping up
idle
16 ms. Memory: 129024K Free: 54707K (42%)
Completed execution with 11 iterations
/home/travis/build/icyphy/ptII/ptolemy/actor/lib/test/DB.tcl
4 ms. Memory: 129024K Free: 53187K (41%)
2 ms. Memory: 129024K Free: 52670K (41%)
1 ms. Memory: 129024K Free: 52163K (40%)
/home/travis/build/icyphy/ptII/ptolemy/actor/lib/test/DiscreteRandomSource.tcl
preinitializing
resolving types
initializing
executing number 1
wrapping up
idle
4 ms. Memory: 129024K Free: 50611K (39%)
Completed execution with 4 iterations
preinitializing
resolving types
initializing
executing number 1
wrapping up
idle
2 ms. Memory: 129024K Free: 50115K (39%)
Completed execution with 4 iterations
preinitializing
resolving types
initializing
executing number 1
wrapping up
idle
3 ms. Memory: 129024K Free: 49595K (38%)
Completed execution with 4 iterations
preinitializing
resolving types
initializing
executing number 1
wrapping up
idle
2 ms. Memory: 129024K Free: 49091K (38%)
Completed execution with 4 iterations
preinitializing
resolving types
initializing
executing number 1
wrapping up
idle
12 ms. Memory: 129024K Free: 48563K (38%)
Completed execution with 4 iterations
/home/travis/build/icyphy/ptII/ptolemy/actor/lib/test/Distributor.tcl
35 ms. Memory: 129024K Free: 113817K (88%)
10 ms. Memory: 129024K Free: 113210K (88%)
StreamChangeRequest.changeExecuted(): <deleteEntity name="rec2"/> succeeded
StreamChangeRequest.changeExecuted(): <deleteRelation name="r2"/> succeeded
StreamChangeRequest.changeExecuted(): Record firings per iteration succeeded
3 ms. Memory: 129024K Free: 110721K (86%)
/home/travis/build/icyphy/ptII/ptolemy/actor/lib/test/Exit.tcl
Exit.tcl: this will print a message about Manager.exitAfterWrapup, which can be ignored.
9 ms. Memory: 129024K Free: 107586K (83%)
/home/travis/build/icyphy/ptII/ptolemy/actor/lib/test/Expression.tcl
17 ms. Memory: 129024K Free: 103980K (81%)
8 ms. Memory: 129024K Free: 103577K (80%)
3 ms. Memory: 129024K Free: 102537K (79%)
preinitializing
resolving types
initializing
executing number 1
wrapping up
idle
12 ms. Memory: 129024K Free: 101328K (79%)
Completed execution with 6 iterations
8 ms. Memory: 129024K Free: 100487K (78%)
2 ms. Memory: 129024K Free: 99471K (77%)
7 ms. Memory: 129024K Free: 98417K (76%)
6 ms. Memory: 129024K Free: 97232K (75%)
6 ms. Memory: 129024K Free: 95764K (74%)
/home/travis/build/icyphy/ptII/ptolemy/actor/lib/test/Gaussian.tcl
23 ms. Memory: 129024K Free: 112597K (87%)
sleeping 1 seconds: ..................................................................................................................................................................................................................................................................................................................................................................................................................................................................................................................................................................................................................................................................................................................................................................................................................................................................................................................................................................................................................................................................................................................................................................................................................................................................................................................................................................................................................................................................................................................................................................................................................................................................................................................................................................................................................................................................................................................................................................................................................................................................................................................................................................................................................................................................................................................................................................................................................................................................................................................................................................................................................................................................................................................................................................................................................................................................................................................................................................................................................................................................................................................................................................................................................................................................................................................................................................................................................................................................................................................................................................................................................................................................................................................................................................................................................................................................................................................................................................................................................................................................................................................................................................................................................................................................................................................................................................................................................................................................................................................................................................................................................................................................................................................................................................................................................................................................................................................................................................................................................................................................................................................................................................................................................................................................................................................................................................................................................................................................................................................................................................................................................................................................................................................................................................................................................................................................................................................................................................................................................................................................................................................................................................................................................................................................................................................................................................................................................................................................................................................................................................................................................................................................................................................................................................................................................................................................................................................................................................................................................................................................................................................................................................................................................................................................................................................................................................................................................................................................................................................................................................................................................................................................................................................................................................................................................................................................................................................................................................................................................................................................................................................................................................................................................................................................................................................................................................................................................................................................................................................................................................................................................................................................................................................................................................................................................................................................................................................................................................................................................................................................................................................................................................................................................................................................................................................................................................................................................................................................................................................................................................................................................................................................................................................................................................................................................................................................................................................................................................................................................................................................................................................................................................................................................................................................................................................................................................................................................................................................................................................................................................................................................................................................................................................................................................................................................................................................................................................................................................................................................................................................................................................................................................................................................................................................................................................................................................................................................................................................................................................................................................................................................................................................................................................................................................................................................................................................................................................................................................................................................................................................................................................................................................................................................................................................................................................................................................................................................................................................................................................................................................................................................................................................................................................................................................................................................................................................................................................................................................................................................................................................................................................................................................................................................................................................................................................................................................................................................................................................................................................................................................................................................................................................................................................................................................................................................................................................................................................................................................................................................................................................................................................................................................................................................................................................................................................................................................................................................................................................................................................................................................................................................................................................................................................................................................................................................................................................................................................................................................................................................................................................................................................................................................................................................................................................................................................................................................................................................................................................................................................................................................................................................................................................................................................................................................................................................................................................................................................................................................................................................................................................................................................................................................................................................................................................................................................................................................................................................................................................................................................................................................................................................................................................................................................................................................................................................................................................................................................................................................................................................................................................................................................................................................................................................................................................................................................................................................................................................................................................................................................................................................................................................................................................................................................................................................................................................................................................................................................................................................................................................................................................................................................................................................................................................................................................................................................................................................................................................................................................................................................................................................................................................................................................................................................................................................................................................................................................................................................................................................................................................................................................................................................................................................................................................................................................................................................................................................................................................................................................................................................................................................................................................................................................................................................................................................................................................................................................................................................................................................................................................................................................................................................................................................................................................................................................................................................................................................................................................................................................................................................................................................................................................................................................................................................................................................................................................................................................................................................................................................................................................................................................................................................................................................................................................................................................................................................................................................................................................................................................................................................................................................................................................................................................................................................................................................................................................................................................................................................................................................................................................................................................................................................................................................................................................................................................................................................................................................................................................................................................................................................................................................................................................................................................................................................................................................................................................................................................................................................................................................................................................................................................................................................................................................................................................................................................................................................................................................................................................................................................................................................................................................................................................................................................................................................................................................................................................................................................................................................................................................................................................................................................................................................................................................................................................................................................................................................................................................................................................................................................................................................................................................................................................................................................................................................................................................................................................................................................................................................................................................................................................................................................................................................................................................................................................................................................................................................................................................................................................................................................................................................................................................................................................................................................................................................................................................................................................................................................................................................................................................................................................................................................................................................................................................................................................................................................................................................................................................................................................................................................................................................................................................................................................................................................................................................................................................................................................................................................................................................................................................................................................................................................................................................................................................................................................................................................................................................................................................................................................................................................................................................................................................................................................................................................................................................................................................................................................................................................................................................................................................................................................................................................................................................................................................................................................................................................................................................................................................................................................................................................................................................................................................................................................................................................................................................................................................................................................................................................................................................................................................................................................................................................................................................................................................................................................................................................................................................................................................................................................................................................................................................................................................................................................................................................................................................................................................................................................................................................................................................................................................................................................................................................................................................................................................................................................................................................................................................................................................................................................................................................................................................................................................................................................................................................................................................................................................................................................................................................................................................................................................................................................................................................................................................................................................................................................................................................................................................................................................................................................................................................................................................................................................................................................................................................................................................................................................................................................................................................................................................................................................................................................................................................................................................................................................................................................................................................................................................................................................................................................................................................................................................................................................................................................................................3 ms. Memory: 129024K Free: 61122K (47%)
2 ms. Memory: 129024K Free: 60114K (47%)
2 ms. Memory: 129024K Free: 59618K (46%)
2 ms. Memory: 129024K Free: 58932K (46%)
3 ms. Memory: 129024K Free: 58050K (45%)
/home/travis/build/icyphy/ptII/ptolemy/actor/lib/test/IIR.tcl
/home/travis/build/icyphy/ptII/ptolemy/actor/lib/test/Interpolator.tcl
3 ms. Memory: 129024K Free: 111125K (86%)
2 ms. Memory: 129024K Free: 110615K (86%)
2 ms. Memory: 129024K Free: 110101K (85%)
10 ms. Memory: 129024K Free: 109063K (85%)
2 ms. Memory: 129024K Free: 108567K (84%)
3 ms. Memory: 129024K Free: 107543K (83%)
3 ms. Memory: 129024K Free: 106519K (83%)
2 ms. Memory: 129024K Free: 105991K (82%)
12 ms. Memory: 129024K Free: 104967K (81%)
2 ms. Memory: 129024K Free: 103927K (81%)
/home/travis/build/icyphy/ptII/ptolemy/actor/lib/test/MathFunction.tcl
4 ms. Memory: 129024K Free: 101909K (79%)
2 ms. Memory: 129024K Free: 100855K (78%)
10 ms. Memory: 129024K Free: 99855K (77%)
2 ms. Memory: 129024K Free: 98823K (77%)
12 ms. Memory: 129024K Free: 97813K (76%)
12 ms. Memory: 129024K Free: 95735K (74%)
/home/travis/build/icyphy/ptII/ptolemy/actor/lib/test/Maximum.tcl
4 ms. Memory: 129024K Free: 93703K (73%)
3 ms. Memory: 129024K Free: 93207K (72%)
8 ms. Memory: 129024K Free: 92693K (72%)
3 ms. Memory: 129024K Free: 91655K (71%)
/home/travis/build/icyphy/ptII/ptolemy/actor/lib/test/Minimum.tcl
6 ms. Memory: 129024K Free: 90135K (70%)
4 ms. Memory: 129024K Free: 89591K (69%)
3 ms. Memory: 129024K Free: 88567K (69%)
2 ms. Memory: 129024K Free: 88087K (68%)
/home/travis/build/icyphy/ptII/ptolemy/actor/lib/test/MultiplyDivide.tcl
5 ms. Memory: 129024K Free: 86039K (67%)
2 ms. Memory: 129024K Free: 85511K (66%)
2 ms. Memory: 129024K Free: 84501K (65%)
2 ms. Memory: 129024K Free: 83991K (65%)
2 ms. Memory: 129024K Free: 83463K (65%)
/home/travis/build/icyphy/ptII/ptolemy/actor/lib/test/OrderedMerge.tcl
Connections changed on port: inputA
Connections changed on port: inputB
Connections changed on port: output
Connections changed on port: output
Connections changed on port: output
Connections changed on port: input
.top. Preinitializing ...
Invoking preinitialize():  .top.OrderedMerge
Called preinitialize()
Invoking preinitialize():  .top.Ramp
Called preinitialize()
Invoking preinitialize():  .top.Ramp2
Called preinitialize()
Invoking preinitialize():  .top.Test
Called preinitialize()
Connections changed on port: inputA
Connections changed on port: output
Connections changed on port: output
Connections changed on port: input
Connections changed on port: inputB
Connections changed on port: output
.top. Finished preinitialize().
Called initialize().
Invoking initialize():  .top.OrderedMerge
Initializing actor: .top.OrderedMerge
Adding a thread: .top.OrderedMerge
Invoking initialize():  .top.Ramp
Initializing actor: .top.Ramp
Adding a thread: .top.Ramp
Invoking initialize():  .top.Ramp2
Initializing actor: .top.Ramp2
Adding a thread: .top.Ramp2
Invoking initialize():  .top.Test
Initializing actor: .top.Test
Adding a thread: .top.Test
Called fire().
Checking for deadlock:
-- Starting thread.
Called initialize()
Called prefire()
Called fire()
-- Starting thread.
Called initialize()
Called prefire()
Called fire()
There are 0 Blocked actors, 0 Stopped actors, and 4 active threads.
Waiting for actors to stop.
-- Starting thread.
Called initialize()
Called prefire()
Called postfire()
Called prefire()
Called fire()
Called fire()
-- Starting thread.
Called initialize()
Called prefire()
Called fire()
Called postfire()
Called prefire()
Called fire()
Called postfire()
Called prefire()
Called fire()
Checking for deadlock:
There are 3 Blocked actors, 0 Stopped actors, and 4 active threads.
Waiting for actors to stop.
Read input token from inputA with value 0.0
Next port to read input from is inputB
Called postfire()
Called prefire()
Called fire()
Called postfire()
Called prefire()
Called fire()
Read input token from inputB with value 0.0
Sent output token with value 0.0
Next port to read input from is inputA
Called postfire()
Called prefire()
Called fire()
Read input token from inputA with value 1.0
Checking for deadlock:
There are 2 Blocked actors, 0 Stopped actors, and 4 active threads.
Waiting for actors to stop.
Called postfire()
Called prefire()
Called fire()
-- Read input: 0.0, which is expected to match: 0.0
Called prefire()
Called fire()
Checking for deadlock:
There are 3 Blocked actors, 0 Stopped actors, and 4 active threads.
Waiting for actors to stop.
-- Read input: 0.0, which is expected to match: 0.0
Called prefire()
Called fire()
Checking for deadlock:
There are 3 Blocked actors, 0 Stopped actors, and 4 active threads.
Waiting for actors to stop.
Sent output token with value 0.0
Next port to read input from is inputB
Called postfire()
Called prefire()
Called fire()
Checking for deadlock:
There are 2 Blocked actors, 0 Stopped actors, and 4 active threads.
Waiting for actors to stop.
Called postfire()
Called prefire()
Called fire()
Checking for deadlock:
There are 3 Blocked actors, 0 Stopped actors, and 4 active threads.
Waiting for actors to stop.
Read input token from inputB with value 1.5
-- Read input: 1.0, which is expected to match: 1.0
Called prefire()
Called fire()
Checking for deadlock:
There are 3 Blocked actors, 0 Stopped actors, and 4 active threads.
Waiting for actors to stop.
Sent output token with value 1.0
Next port to read input from is inputA
Called postfire()
Called prefire()
Called fire()
Called postfire()
Called prefire()
Called fire()
Checking for deadlock:
There are 3 Blocked actors, 0 Stopped actors, and 4 active threads.
Waiting for actors to stop.
Read input token from inputA with value 2.0
-- Read input: 1.5, which is expected to match: 1.5
Called prefire()
Called fire()
Checking for deadlock:
There are 3 Blocked actors, 0 Stopped actors, and 4 active threads.
Waiting for actors to stop.
Sent output token with value 1.5
Next port to read input from is inputB
Called postfire()
Called prefire()
Called fire()
Checking for deadlock:
There are 2 Blocked actors, 0 Stopped actors, and 4 active threads.
Waiting for actors to stop.
Called postfire()
Called prefire()
Called fire()
Checking for deadlock:
There are 3 Blocked actors, 0 Stopped actors, and 4 active threads.
Waiting for actors to stop.
Read input token from inputB with value 3.0
Checking for deadlock:
There are 2 Blocked actors, 0 Stopped actors, and 4 active threads.
Waiting for actors to stop.
-- Read input: 2.0, which is expected to match: 2.0
Called prefire()
Called fire()
Checking for deadlock:
There are 3 Blocked actors, 0 Stopped actors, and 4 active threads.
Waiting for actors to stop.
Sent output token with value 2.0
Next port to read input from is inputA
Called postfire()
Called prefire()
Called fire()
Called postfire()
Called prefire()
Called fire()
Checking for deadlock:
There are 3 Blocked actors, 0 Stopped actors, and 4 active threads.
Waiting for actors to stop.
Read input token from inputA with value 3.0
-- Read input: 3.0, which is expected to match: 3.0
Called prefire()
Called fire()
Checking for deadlock:
There are 3 Blocked actors, 0 Stopped actors, and 4 active threads.
Waiting for actors to stop.
Sent output token with value 3.0
Next port to read input from is inputB
Called postfire()
Called prefire()
Called fire()
Checking for deadlock:
There are 2 Blocked actors, 0 Stopped actors, and 4 active threads.
Waiting for actors to stop.
Called postfire()
Called prefire()
Called fire()
Checking for deadlock:
There are 3 Blocked actors, 0 Stopped actors, and 4 active threads.
Waiting for actors to stop.
Read input token from inputB with value 4.5
Checking for deadlock:
There are 2 Blocked actors, 0 Stopped actors, and 4 active threads.
Waiting for actors to stop.
-- Read input: 3.0, which is expected to match: 3.0
Called prefire()
Called fire()
Checking for deadlock:
There are 3 Blocked actors, 0 Stopped actors, and 4 active threads.
Waiting for actors to stop.
Sent output token with value 3.0
Next port to read input from is inputA
Called postfire()
Called prefire()
Called fire()
Called postfire()
Called prefire()
Called fire()
Checking for deadlock:
There are 3 Blocked actors, 0 Stopped actors, and 4 active threads.
Waiting for actors to stop.
Read input token from inputA with value 4.0
-- Read input: 4.0, which is expected to match: 4.0
Called prefire()
Called fire()
Past the end of training data. Read and discard all inputs.
Checking for deadlock:
There are 3 Blocked actors, 0 Stopped actors, and 4 active threads.
Waiting for actors to stop.
Sent output token with value 4.0
Next port to read input from is inputA
Called postfire()
Called prefire()
Called fire()
Called postfire()
Called prefire()
Called fire()
Checking for deadlock:
There are 3 Blocked actors, 0 Stopped actors, and 4 active threads.
Waiting for actors to stop.
Read input token from inputA with value 5.0
Called prefire()
Called fire()
Past the end of training data. Read and discard all inputs.
Checking for deadlock:
There are 3 Blocked actors, 0 Stopped actors, and 4 active threads.
Waiting for actors to stop.
Sent output token with value 4.5
Next port to read input from is inputB
Called postfire()
Called prefire()
Called fire()
Checking for deadlock:
There are 2 Blocked actors, 0 Stopped actors, and 4 active threads.
Waiting for actors to stop.
Called postfire()
Called prefire()
Called fire()
Checking for deadlock:
There are 3 Blocked actors, 0 Stopped actors, and 4 active threads.
Waiting for actors to stop.
Read input token from inputB with value 6.0
Checking for deadlock:
There are 2 Blocked actors, 0 Stopped actors, and 4 active threads.
Waiting for actors to stop.
Called prefire()
Called fire()
Past the end of training data. Read and discard all inputs.
Checking for deadlock:
There are 3 Blocked actors, 0 Stopped actors, and 4 active threads.
Waiting for actors to stop.
Sent output token with value 5.0
Next port to read input from is inputA
Called postfire()
Called prefire()
Called fire()
Called postfire()
Called prefire()
Called fire()
Checking for deadlock:
There are 3 Blocked actors, 0 Stopped actors, and 4 active threads.
Waiting for actors to stop.
Read input token from inputA with value 6.0
Called prefire()
Called fire()
Past the end of training data. Read and discard all inputs.
Checking for deadlock:
There are 3 Blocked actors, 0 Stopped actors, and 4 active threads.
Waiting for actors to stop.
Sent output token with value 6.0
Next port to read input from is inputB
Called postfire()
Called prefire()
Called fire()
Checking for deadlock:
There are 2 Blocked actors, 0 Stopped actors, and 4 active threads.
Waiting for actors to stop.
Called postfire()
Called prefire()
Called fire()
Checking for deadlock:
There are 3 Blocked actors, 0 Stopped actors, and 4 active threads.
Waiting for actors to stop.
Read input token from inputB with value 7.5
Checking for deadlock:
There are 2 Blocked actors, 0 Stopped actors, and 4 active threads.
Waiting for actors to stop.
Called prefire()
Called fire()
Past the end of training data. Read and discard all inputs.
Checking for deadlock:
There are 3 Blocked actors, 0 Stopped actors, and 4 active threads.
Waiting for actors to stop.
Sent output token with value 6.0
Next port to read input from is inputA
Called postfire()
Called prefire()
Called fire()
Called postfire()
Called prefire()
Called fire()
Checking for deadlock:
There are 3 Blocked actors, 0 Stopped actors, and 4 active threads.
Waiting for actors to stop.
Read input token from inputA with value 7.0
Called prefire()
Called fire()
Past the end of training data. Read and discard all inputs.
Checking for deadlock:
There are 3 Blocked actors, 0 Stopped actors, and 4 active threads.
Waiting for actors to stop.
Sent output token with value 7.0
Next port to read input from is inputA
Called postfire()
Called prefire()
Called fire()
-- Thread wrapup() called.
Called wrapup()
Thread .top.Ramp is exiting.
-- Thread stopped.
Checking for deadlock:
There are 2 Blocked actors, 0 Stopped actors, and 3 active threads.
Waiting for actors to stop.
Read input token from inputA with value 8.0
Checking for deadlock:
There are 1 Blocked actors, 0 Stopped actors, and 3 active threads.
Waiting for actors to stop.
Called prefire()
Called fire()
Past the end of training data. Read and discard all inputs.
Checking for deadlock:
There are 2 Blocked actors, 0 Stopped actors, and 3 active threads.
Waiting for actors to stop.
Sent output token with value 7.5
Next port to read input from is inputB
Called postfire()
Called prefire()
Called fire()
Checking for deadlock:
There are 1 Blocked actors, 0 Stopped actors, and 3 active threads.
Waiting for actors to stop.
Called postfire()
Called prefire()
Called fire()
Checking for deadlock:
There are 2 Blocked actors, 0 Stopped actors, and 3 active threads.
Waiting for actors to stop.
Read input token from inputB with value 9.0
Checking for deadlock:
There are 1 Blocked actors, 0 Stopped actors, and 3 active threads.
Waiting for actors to stop.
Called prefire()
Called fire()
Past the end of training data. Read and discard all inputs.
Checking for deadlock:
There are 2 Blocked actors, 0 Stopped actors, and 3 active threads.
Waiting for actors to stop.
Sent output token with value 8.0
Next port to read input from is inputA
Called postfire()
Called prefire()
Called fire()
Read input token from inputA with value 9.0
Called prefire()
Called fire()
Past the end of training data. Read and discard all inputs.
Checking for deadlock:
There are 2 Blocked actors, 0 Stopped actors, and 3 active threads.
Waiting for actors to stop.
Sent output token with value 9.0
Next port to read input from is inputB
Called postfire()
Called prefire()
Called fire()
Called postfire()
Called prefire()
Called fire()
Checking for deadlock:
There are 2 Blocked actors, 0 Stopped actors, and 3 active threads.
Waiting for actors to stop.
Read input token from inputB with value 10.5
Called prefire()
Called fire()
Past the end of training data. Read and discard all inputs.
Checking for deadlock:
There are 2 Blocked actors, 0 Stopped actors, and 3 active threads.
Waiting for actors to stop.
Sent output token with value 9.0
Next port to read input from is inputA
Called postfire()
Called prefire()
Called fire()
Checking for deadlock:
There are 3 Blocked actors, 0 Stopped actors, and 3 active threads.
Actors have stopped.
Checking for deadlock:
There are 3 Blocked actors, 0 Stopped actors, and 3 active threads.
Deadlock detected.
Resolving Deadlock
Checking for deadlock:
There are 3 Blocked actors, 0 Stopped actors, and 3 active threads.
Artificial Deadlock - increasing queue capacity.
increasing the capacity of receiver ptolemy.actor.TypedIOPort {.top.OrderedMerge.inputB} to 2
Director: Called postfire().
Called postfire().
_stopRequested = false
_stopFireRequested = false
Returning from postfire(): true
Called fire().
Checking for deadlock:
There are 2 Blocked actors, 0 Stopped actors, and 3 active threads.
Waiting for actors to stop.
-- Thread wrapup() called.
Called wrapup()
Thread .top.Ramp2 is exiting.
-- Thread stopped.
Checking for deadlock:
There are 2 Blocked actors, 0 Stopped actors, and 2 active threads.
Actors have stopped.
Checking for deadlock:
There are 2 Blocked actors, 0 Stopped actors, and 2 active threads.
Deadlock detected.
Resolving Deadlock
Checking for deadlock:
There are 2 Blocked actors, 0 Stopped actors, and 2 active threads.
Deadlock detected: no processes blocked on write, but some are blocked on read.
Called postfire().
_stopRequested = false
_stopFireRequested = false
Returning from postfire(): false
Finished deactivating branches.
Called wrapup().
-- Thread wrapup() called.
Called wrapup()
Thread .top.Test is exiting.
-- Thread stopped.
-- Blocked Receiver call threw TerminateProcessException.
-- Thread wrapup() called.
Called wrapup()
Thread .top.OrderedMerge is exiting.
-- Thread stopped.
-- Blocked Receiver call threw TerminateProcessException.
53 ms. Memory: 129024K Free: 78357K (61%)
.top. Preinitializing ...
Invoking preinitialize():  .top.OrderedMerge
Called preinitialize()
Invoking preinitialize():  .top.Ramp
Called preinitialize()
Invoking preinitialize():  .top.Ramp2
Called preinitialize()
Invoking preinitialize():  .top.Test
Called preinitialize()
.top. Finished preinitialize().
Called initialize().
Invoking initialize():  .top.OrderedMerge
Initializing actor: .top.OrderedMerge
Adding a thread: .top.OrderedMerge
Invoking initialize():  .top.Ramp
Initializing actor: .top.Ramp
Adding a thread: .top.Ramp
Invoking initialize():  .top.Ramp2
Initializing actor: .top.Ramp2
Adding a thread: .top.Ramp2
Invoking initialize():  .top.Test
Initializing actor: .top.Test
Adding a thread: .top.Test
-- Starting thread.
Called initialize()
-- Starting thread.
Called initialize()
Called prefire()
Called fire()
Called prefire()
Called fire()
Called postfire()
Called prefire()
Called fire()
Called fire().
Checking for deadlock:
There are 2 Blocked actors, 0 Stopped actors, and 4 active threads.
-- Starting thread.
Waiting for actors to stop.
-- Starting thread.
Called initialize()
Called prefire()
Called fire()
Called postfire()
Called prefire()
Called fire()
Called initialize()
Checking for deadlock:
Called prefire()
There are 3 Blocked actors, 0 Stopped actors, and 4 active threads.
Waiting for actors to stop.
Called fire()
Read input token from inputA with value 0.0
Next port to read input from is inputB
Called postfire()
Called prefire()
Called fire()
Read input token from inputB with value 0.0
Sent output token with value 0.0
Next port to read input from is inputA
Called postfire()
Called prefire()
Called fire()
Called postfire()
Called prefire()
Called fire()
Checking for deadlock:
There are 2 Blocked actors, 0 Stopped actors, and 4 active threads.
Waiting for actors to stop.
-- Read input: 0.0, which is expected to match: 0.0
Called prefire()
Called fire()
Called postfire()
Called prefire()
Called fire()
Checking for deadlock:
There are 3 Blocked actors, 0 Stopped actors, and 4 active threads.
Waiting for actors to stop.
Read input token from inputA with value 1.0
Sent output token with value 0.0
Next port to read input from is inputB
Called postfire()
Called prefire()
Called fire()
Read input token from inputB with value 1.5
Checking for deadlock:
There are 1 Blocked actors, 0 Stopped actors, and 4 active threads.
Waiting for actors to stop.
-- Read input: 0.0, which is expected to match: 0.0
Called prefire()
Called fire()
Checking for deadlock:
Called postfire()
There are 1 Blocked actors, 0 Stopped actors, and 4 active threads.
Called prefire()
Waiting for actors to stop.
Called fire()
Called postfire()
Called prefire()
Called fire()
Checking for deadlock:
There are 3 Blocked actors, 0 Stopped actors, and 4 active threads.
Waiting for actors to stop.
Checking for deadlock:
There are 2 Blocked actors, 0 Stopped actors, and 4 active threads.
Waiting for actors to stop.
-- Read input: 1.0, which is expected to match: 1.0
Called prefire()
Called fire()
Checking for deadlock:
There are 3 Blocked actors, 0 Stopped actors, and 4 active threads.
Waiting for actors to stop.
Sent output token with value 1.0
Next port to read input from is inputA
Called postfire()
Called prefire()
Called fire()
Checking for deadlock:
There are 2 Blocked actors, 0 Stopped actors, and 4 active threads.
Waiting for actors to stop.
Read input token from inputA with value 2.0
Sent output token with value 1.5
Checking for deadlock:
There are 1 Blocked actors, 0 Stopped actors, and 4 active threads.
Waiting for actors to stop.
-- Read input: 1.5, which is expected to match: 1.5
Called prefire()
Called fire()
Called postfire()
Checking for deadlock:
Called prefire()
There are 2 Blocked actors, 0 Stopped actors, and 4 active threads.
Waiting for actors to stop.
Called fire()
Checking for deadlock:
Next port to read input from is inputB
There are 3 Blocked actors, 0 Stopped actors, and 4 active threads.
Waiting for actors to stop.
Called postfire()
Called prefire()
Called fire()
Read input token from inputB with value 3.0
Sent output token with value 2.0
Checking for deadlock:
There are 1 Blocked actors, 0 Stopped actors, and 4 active threads.
Waiting for actors to stop.
-- Read input: 2.0, which is expected to match: 2.0
Next port to read input from is inputA
Called postfire()
Called prefire()
Called fire()
Called prefire()
Called fire()
Called postfire()
Called prefire()
Called fire()
Checking for deadlock:
There are 3 Blocked actors, 0 Stopped actors, and 4 active threads.
Waiting for actors to stop.
Read input token from inputA with value 3.0
Sent output token with value 3.0
Next port to read input from is inputB
Called postfire()
Called prefire()
Called fire()
Read input token from inputB with value 4.5
Checking for deadlock:
Called postfire()
Called prefire()
There are 1 Blocked actors, 0 Stopped actors, and 4 active threads.
Called fire()
Waiting for actors to stop.
-- Read input: 3.0, which is expected to match: 3.0
Called prefire()
Called fire()
Called postfire()
Called prefire()
Called fire()
Checking for deadlock:
There are 3 Blocked actors, 0 Stopped actors, and 4 active threads.
Waiting for actors to stop.
Sent output token with value 3.0
Next port to read input from is inputA
Called postfire()
Called prefire()
Called fire()
Read input token from inputA with value 4.0
Checking for deadlock:
There are 2 Blocked actors, 0 Stopped actors, and 4 active threads.
Waiting for actors to stop.
-- Read input: 3.0, which is expected to match: 3.0
Called prefire()
Called fire()
Checking for deadlock:
There are 2 Blocked actors, 0 Stopped actors, and 4 active threads.
Waiting for actors to stop.
Sent output token with value 4.0
Next port to read input from is inputA
Called postfire()
Called prefire()
Called fire()
Called postfire()
Called prefire()
Called fire()
Checking for deadlock:
There are 1 Blocked actors, 0 Stopped actors, and 4 active threads.
Read input token from inputA with value 5.0
Waiting for actors to stop.
-- Read input: 4.0, which is expected to match: 4.0
Called prefire()
Called fire()
Past the end of training data. Read and discard all inputs.
Checking for deadlock:
There are 2 Blocked actors, 0 Stopped actors, and 4 active threads.
Waiting for actors to stop.
Called postfire()
Called prefire()
Called fire()
Checking for deadlock:
There are 3 Blocked actors, 0 Stopped actors, and 4 active threads.
Waiting for actors to stop.
Sent output token with value 4.5
Next port to read input from is inputB
Called postfire()
Called prefire()
Called fire()
Read input token from inputB with value 6.0
Checking for deadlock:
Called postfire()
There are 2 Blocked actors, 0 Stopped actors, and 4 active threads.
Waiting for actors to stop.
Called prefire()
Called fire()
Checking for deadlock:
Called prefire()
Called fire()
There are 2 Blocked actors, 0 Stopped actors, and 4 active threads.
Waiting for actors to stop.
Past the end of training data. Read and discard all inputs.
Checking for deadlock:
There are 3 Blocked actors, 0 Stopped actors, and 4 active threads.
Waiting for actors to stop.
Called prefire()
Called fire()
Past the end of training data. Read and discard all inputs.
Checking for deadlock:
There are 3 Blocked actors, 0 Stopped actors, and 4 active threads.
Waiting for actors to stop.
Sent output token with value 5.0
Next port to read input from is inputA
Called postfire()
Called prefire()
Called fire()
Read input token from inputA with value 6.0
Sent output token with value 6.0
Next port to read input from is inputB
Called postfire()
Called prefire()
Called fire()
Read input token from inputB with value 7.5
Checking for deadlock:
There are 1 Blocked actors, 0 Stopped actors, and 4 active threads.
Waiting for actors to stop.
Called prefire()
Called fire()
Past the end of training data. Read and discard all inputs.
Checking for deadlock:
Called postfire()
There are 1 Blocked actors, 0 Stopped actors, and 4 active threads.
Called prefire()
Waiting for actors to stop.
Called fire()
Sent output token with value 6.0
Next port to read input from is inputA
Called postfire()
Called prefire()
Called fire()
Called postfire()
Called prefire()
Called fire()
Checking for deadlock:
There are 2 Blocked actors, 0 Stopped actors, and 4 active threads.
Waiting for actors to stop.
Called prefire()
Called fire()
Past the end of training data. Read and discard all inputs.
Checking for deadlock:
There are 2 Blocked actors, 0 Stopped actors, and 4 active threads.
Waiting for actors to stop.
Read input token from inputA with value 7.0
Sent output token with value 7.0
Next port to read input from is inputA
Called postfire()
Called prefire()
Called fire()
Checking for deadlock:
There are 2 Blocked actors, 0 Stopped actors, and 4 active threads.
Waiting for actors to stop.
Called prefire()
Called fire()
Past the end of training data. Read and discard all inputs.
Checking for deadlock:
There are 3 Blocked actors, 0 Stopped actors, and 4 active threads.
Waiting for actors to stop.
Called postfire()
Called prefire()
Called fire()
Checking for deadlock:
There are 2 Blocked actors, 0 Stopped actors, and 4 active threads.
Waiting for actors to stop.
Read input token from inputA with value 8.0
Checking for deadlock:
There are 1 Blocked actors, 0 Stopped actors, and 4 active threads.
Waiting for actors to stop.
Sent output token with value 7.5
Next port to read input from is inputB
Called postfire()
Called prefire()
Called fire()
Checking for deadlock:
There are 0 Blocked actors, 0 Stopped actors, and 4 active threads.
Waiting for actors to stop.
Read input token from inputB with value 9.0
Sent output token with value 8.0
Next port to read input from is inputA
Called postfire()
Called prefire()
Called fire()
Read input token from inputA with value 9.0
-- Thread wrapup() called.
Checking for deadlock:
Called postfire()
There are 1 Blocked actors, 0 Stopped actors, and 4 active threads.
Called prefire()
Called fire()
Called prefire()
Waiting for actors to stop.
Called wrapup()
Called fire()
Past the end of training data. Read and discard all inputs.
Called prefire()
Called fire()
Past the end of training data. Read and discard all inputs.
Thread .top.Ramp is exiting.
-- Thread stopped.
Checking for deadlock:
There are 2 Blocked actors, 0 Stopped actors, and 3 active threads.
Waiting for actors to stop.
Checking for deadlock:
There are 1 Blocked actors, 0 Stopped actors, and 3 active threads.
Sent output token with value 9.0
Waiting for actors to stop.
Called prefire()
Called fire()
Past the end of training data. Read and discard all inputs.
Checking for deadlock:
There are 2 Blocked actors, 0 Stopped actors, and 3 active threads.
Waiting for actors to stop.
Next port to read input from is inputB
Called postfire()
Called prefire()
Called fire()
Checking for deadlock:
There are 1 Blocked actors, 0 Stopped actors, and 3 active threads.
Waiting for actors to stop.
Called postfire()
Called prefire()
Called fire()
Checking for deadlock:
There are 2 Blocked actors, 0 Stopped actors, and 3 active threads.
Read input token from inputB with value 10.5
Waiting for actors to stop.
Checking for deadlock:
There are 1 Blocked actors, 0 Stopped actors, and 3 active threads.
Waiting for actors to stop.
Called prefire()
Called fire()
Past the end of training data. Read and discard all inputs.
Sent output token with value 9.0
Checking for deadlock:
There are 2 Blocked actors, 0 Stopped actors, and 3 active threads.
Waiting for actors to stop.
Next port to read input from is inputA
Called postfire()
Called prefire()
Called fire()
Checking for deadlock:
There are 3 Blocked actors, 0 Stopped actors, and 3 active threads.
Actors have stopped.
Checking for deadlock:
There are 3 Blocked actors, 0 Stopped actors, and 3 active threads.
Deadlock detected.
Resolving Deadlock
Checking for deadlock:
There are 3 Blocked actors, 0 Stopped actors, and 3 active threads.
Artificial Deadlock - increasing queue capacity.
increasing the capacity of receiver ptolemy.actor.TypedIOPort {.top.OrderedMerge.inputB} to 2
Director: Called postfire().
Called postfire().
-- Thread wrapup() called.
_stopRequested = false
Called wrapup()
_stopFireRequested = false
Returning from postfire(): true
Thread .top.Ramp2 is exiting.
-- Thread stopped.
Called fire().
Checking for deadlock:
There are 2 Blocked actors, 0 Stopped actors, and 2 active threads.
Actors have stopped.
Checking for deadlock:
There are 2 Blocked actors, 0 Stopped actors, and 2 active threads.
Deadlock detected.
Resolving Deadlock
Checking for deadlock:
There are 2 Blocked actors, 0 Stopped actors, and 2 active threads.
Deadlock detected: no processes blocked on write, but some are blocked on read.
Called postfire().
_stopRequested = false
_stopFireRequested = false
Returning from postfire(): false
Finished deactivating branches.
Called wrapup().
-- Thread wrapup() called.
Called wrapup()
Thread .top.OrderedMerge is exiting.
-- Thread stopped.
-- Blocked Receiver call threw TerminateProcessException.
-- Thread wrapup() called.
Called wrapup()
Thread .top.Test is exiting.
-- Thread stopped.
-- Blocked Receiver call threw TerminateProcessException.
41 ms. Memory: 129024K Free: 75799K (59%)
/home/travis/build/icyphy/ptII/ptolemy/actor/lib/test/Publisher.tcl
10 ms. Memory: 129024K Free: 69655K (54%)
15 ms. Memory: 129024K Free: 64535K (50%)
20 ms. Memory: 129024K Free: 112147K (87%)
9 ms. Memory: 129024K Free: 111195K (86%)
16 ms. Memory: 129024K Free: 110685K (86%)
20 ms. Memory: 129024K Free: 109661K (85%)
2 ms. Memory: 129024K Free: 109117K (85%)
9 ms. Memory: 129024K Free: 108123K (84%)
37 ms. Memory: 129024K Free: 97883K (76%)
3 ms. Memory: 129024K Free: 94301K (73%)
2 ms. Memory: 129024K Free: 93787K (73%)
4 ms. Memory: 129024K Free: 91229K (71%)
5 ms. Memory: 129024K Free: 83533K (65%)
12 ms. Memory: 129024K Free: 74331K (58%)
12 ms. Memory: 129024K Free: 63067K (49%)
/home/travis/build/icyphy/ptII/ptolemy/actor/lib/test/Pulse.tcl
2 ms. Memory: 129024K Free: 88181K (68%)
1 ms. Memory: 129024K Free: 87637K (68%)
1 ms. Memory: 129024K Free: 87157K (68%)
1 ms. Memory: 129024K Free: 86629K (67%)
1 ms. Memory: 129024K Free: 86133K (67%)
5 ms. Memory: 129024K Free: 85107K (66%)
2 ms. Memory: 129024K Free: 84085K (65%)
1 ms. Memory: 129024K Free: 83061K (64%)
6 ms. Memory: 129024K Free: 82547K (64%)
/home/travis/build/icyphy/ptII/ptolemy/actor/lib/test/Ramp.tcl
2 ms. Memory: 129024K Free: 80485K (62%)
6 ms. Memory: 129024K Free: 79989K (62%)
4 ms. Memory: 129024K Free: 78965K (61%)
1 ms. Memory: 129024K Free: 78437K (61%)
3 ms. Memory: 129024K Free: 77427K (60%)
3 ms. Memory: 129024K Free: 76389K (59%)
6 ms. Memory: 129024K Free: 75379K (58%)
5 actors
7000 microseconds per iteration to create
10 ms. Memory: 129024K Free: 72821K (56%)
2 ms. Memory: 129024K Free: 72277K (56%)
4 ms. Memory: 129024K Free: 71797K (56%)
1 ms. Memory: 129024K Free: 71253K (55%)
50 actors
44000 microseconds per iteration to create
31 ms. Memory: 129024K Free: 55413K (43%)
5 ms. Memory: 129024K Free: 54389K (42%)
7 ms. Memory: 129024K Free: 53365K (41%)
4 ms. Memory: 129024K Free: 52341K (41%)
500 actors
1317000 microseconds per iteration to create
210 ms. Memory: 155648K Free: 61907K (40%)
35 ms. Memory: 155648K Free: 56787K (36%)
58 ms. Memory: 155648K Free: 127898K (82%)
32 ms. Memory: 155648K Free: 122778K (79%)
/home/travis/build/icyphy/ptII/ptolemy/actor/lib/test/RampContinuous.tcl
6 ms. Memory: 155648K Free: 121225K (78%)
/home/travis/build/icyphy/ptII/ptolemy/actor/lib/test/RecordAssembler.tcl
4 ms. Memory: 155648K Free: 119706K (77%)
3 ms. Memory: 155648K Free: 118682K (76%)
/home/travis/build/icyphy/ptII/ptolemy/actor/lib/test/RecordDisassembler.tcl
6 ms. Memory: 155648K Free: 117129K (75%)
2 ms. Memory: 155648K Free: 116634K (75%)
4 ms. Memory: 155648K Free: 115096K (74%)
/home/travis/build/icyphy/ptII/ptolemy/actor/lib/test/Scale.tcl
2 ms. Memory: 155648K Free: 113562K (73%)
1 ms. Memory: 155648K Free: 112538K (72%)
2 ms. Memory: 155648K Free: 112024K (72%)
2 ms. Memory: 155648K Free: 110985K (71%)
2 ms. Memory: 155648K Free: 109969K (71%)
/home/travis/build/icyphy/ptII/ptolemy/actor/lib/test/SequentialClock.tcl
preinitializing
resolving types
initializing
executing number 1
wrapping up
idle
2 ms. Memory: 155648K Free: 108937K (70%)
Completed execution with 5 iterations
preinitializing
resolving types
initializing
executing number 1
wrapping up
idle
1 ms. Memory: 155648K Free: 108442K (70%)
Completed execution with 5 iterations
preinitializing
resolving types
initializing
executing number 1
wrapping up
idle
1 ms. Memory: 155648K Free: 107928K (69%)
Completed execution with 5 iterations
/home/travis/build/icyphy/ptII/ptolemy/actor/lib/test/SetVariable.tcl
4 ms. Memory: 155648K Free: 105880K (68%)
/home/travis/build/icyphy/ptII/ptolemy/actor/lib/test/Sinewave.tcl
/home/travis/build/icyphy/ptII/ptolemy/actor/lib/test/SubscriptionAggregator.tcl
3 ms. Memory: 155648K Free: 94601K (61%)
2 ms. Memory: 155648K Free: 94106K (60%)
1 ms. Memory: 155648K Free: 93592K (60%)
0 ms. Memory: 155648K Free: 93082K (60%)
2 ms. Memory: 155648K Free: 89481K (57%)
8 ms. Memory: 155648K Free: 86938K (56%)
...............................................................934 ms. Memory: 218112K Free: 118810K (54%)
/home/travis/build/icyphy/ptII/ptolemy/actor/lib/test/Test.tcl
 The next command will produce a warning about training mode,
   which may be ignored.
5 ms. Memory: 218112K Free: 116752K (54%)
4 ms. Memory: 218112K Free: 115742K (53%)
1 ms. Memory: 218112K Free: 115232K (53%)
1 ms. Memory: 218112K Free: 114704K (53%)
2 ms. Memory: 218112K Free: 114208K (52%)
3 ms. Memory: 218112K Free: 112670K (52%)
3 ms. Memory: 218112K Free: 111632K (51%)
 The next command will produce a warning about training mode,
   which may be ignored.
3 ms. Memory: 218112K Free: 109088K (50%)
 The next command will produce a warning about training mode,
   which may be ignored.
7 ms. Memory: 218112K Free: 108064K (50%)
1 ms. Memory: 218112K Free: 107536K (49%)
1 ms. Memory: 218112K Free: 107040K (49%)
2 ms. Memory: 218112K Free: 106512K (49%)
9 ms. Memory: 218112K Free: 105502K (48%)
5 ms. Memory: 218112K Free: 101406K (46%)
/home/travis/build/icyphy/ptII/ptolemy/actor/lib/test/TestExceptionHandler.tcl
 The next command will produce a warning about training mode,
   which may be ignored.
2 ms. Memory: 218112K Free: 100382K (46%)
1 ms. Memory: 218112K Free: 99872K (46%)
1 ms. Memory: 218112K Free: 99358K (46%)
/home/travis/build/icyphy/ptII/ptolemy/actor/lib/test/UnionDisassembler.tcl
25 ms. Memory: 218112K Free: 92176K (42%)
/home/travis/build/icyphy/ptII/ptolemy/actor/lib/test/VariableClock.tcl
preinitializing
resolving types
initializing
executing number 1
wrapping up
idle
8 ms. Memory: 218112K Free: 90128K (41%)
Completed execution with 11 iterations
preinitializing
resolving types
initializing
executing number 1
wrapping up
idle
11 ms. Memory: 218112K Free: 88608K (41%)
Completed execution with 10 iterations
09/05/20 03:41:25
Failed: 0  Total Tests: 233  ((Passed: 233, Newly Passed: 0)  Known Failed: 0) /home/travis/build/icyphy/ptII/ptolemy/actor/lib/test
----------------- testing (KnownFailure) /home/travis/build/icyphy/ptII/ptolemy/actor/lib/test/auto/knownFailedTests/PublisherPortToplevelSubscriber.xml
0 ms. Memory: 218112K Free: 85536K (39%)
Known Failure: java.lang.reflect.InvocationTargetException
----------------- testing (KnownFailure) /home/travis/build/icyphy/ptII/ptolemy/actor/lib/test/auto/knownFailedTests/PublisherSubscriberPortToplevel.xml
0 ms. Memory: 218112K Free: 81440K (37%)
Known Failure: java.lang.reflect.InvocationTargetException
----------------- testing (KnownFailure) /home/travis/build/icyphy/ptII/ptolemy/actor/lib/test/auto/knownFailedTests/PublisherSubscriptionAggregatorPort.xml
0 ms. Memory: 218112K Free: 77344K (35%)
Known Failure: java.lang.reflect.InvocationTargetException
----------------- testing (KnownFailure) /home/travis/build/icyphy/ptII/ptolemy/actor/lib/test/auto/knownFailedTests/sizedarray3.xml
4 ms. Memory: 218112K Free: 73248K (34%)
Known Failure: java.lang.reflect.InvocationTargetException
No auto/linux-amd64/*.xml tests in /home/travis/build/icyphy/ptII/ptolemy/actor/lib/test
AutoTests.java: About to close Vertx.
AutoTests.java: Vertx closed.

===========================================================================================
----------------- testing Sat Sep 05 15:41:26 UTC 2020 /home/travis/build/icyphy/ptII/ptolemy/actor/lib/test/auto/AbsoluteValue.xml
----------------- Instantiating /home/travis/build/icyphy/ptII/ptolemy/actor/lib/test/auto/AbsoluteValue.xml
10 ms. Memory: 357376K Free: 298276K (83%)
----------------- Invoking toplevel() on ptolemy.moml.MoMLSimpleApplication@68fd5cf3
----------------- Done invoking toplevel() on ptolemy.moml.MoMLSimpleApplication@68fd5cf3
reloadAllAccessors: .AbsoluteValue

===========================================================================================
----------------- testing Sat Sep 05 15:41:26 UTC 2020 /home/travis/build/icyphy/ptII/ptolemy/actor/lib/test/auto/AbsoluteValue2.xml
----------------- Instantiating /home/travis/build/icyphy/ptII/ptolemy/actor/lib/test/auto/AbsoluteValue2.xml
4 ms. Memory: 357376K Free: 291618K (82%)
----------------- Invoking toplevel() on ptolemy.moml.MoMLSimpleApplication@31e596bd
----------------- Done invoking toplevel() on ptolemy.moml.MoMLSimpleApplication@31e596bd
reloadAllAccessors: .AbsoluteValue2

===========================================================================================
----------------- testing Sat Sep 05 15:41:26 UTC 2020 /home/travis/build/icyphy/ptII/ptolemy/actor/lib/test/auto/Accumulator.xml
----------------- Instantiating /home/travis/build/icyphy/ptII/ptolemy/actor/lib/test/auto/Accumulator.xml
6 ms. Memory: 357376K Free: 284964K (80%)
----------------- Invoking toplevel() on ptolemy.moml.MoMLSimpleApplication@6fa3ae9
----------------- Done invoking toplevel() on ptolemy.moml.MoMLSimpleApplication@6fa3ae9
reloadAllAccessors: .Accumulator

===========================================================================================
----------------- testing Sat Sep 05 15:41:26 UTC 2020 /home/travis/build/icyphy/ptII/ptolemy/actor/lib/test/auto/Accumulator2.xml
----------------- Instantiating /home/travis/build/icyphy/ptII/ptolemy/actor/lib/test/auto/Accumulator2.xml
6 ms. Memory: 357376K Free: 279844K (78%)
----------------- Invoking toplevel() on ptolemy.moml.MoMLSimpleApplication@4b374c55
----------------- Done invoking toplevel() on ptolemy.moml.MoMLSimpleApplication@4b374c55
reloadAllAccessors: .Accumulator2

===========================================================================================
----------------- testing Sat Sep 05 15:41:26 UTC 2020 /home/travis/build/icyphy/ptII/ptolemy/actor/lib/test/auto/Accumulator3.xml
----------------- Instantiating /home/travis/build/icyphy/ptII/ptolemy/actor/lib/test/auto/Accumulator3.xml
3 ms. Memory: 357376K Free: 275234K (77%)
----------------- Invoking toplevel() on ptolemy.moml.MoMLSimpleApplication@48ee4204
----------------- Done invoking toplevel() on ptolemy.moml.MoMLSimpleApplication@48ee4204
reloadAllAccessors: .Accumulator3

===========================================================================================
----------------- testing Sat Sep 05 15:41:26 UTC 2020 /home/travis/build/icyphy/ptII/ptolemy/actor/lib/test/auto/ArrayAppend.xml
----------------- Instantiating /home/travis/build/icyphy/ptII/ptolemy/actor/lib/test/auto/ArrayAppend.xml
4 ms. Memory: 357376K Free: 269075K (75%)
----------------- Invoking toplevel() on ptolemy.moml.MoMLSimpleApplication@3d9fcfd3
----------------- Done invoking toplevel() on ptolemy.moml.MoMLSimpleApplication@3d9fcfd3
reloadAllAccessors: .ArrayAppend

===========================================================================================
----------------- testing Sat Sep 05 15:41:26 UTC 2020 /home/travis/build/icyphy/ptII/ptolemy/actor/lib/test/auto/ArrayAppend2.xml
----------------- Instantiating /home/travis/build/icyphy/ptII/ptolemy/actor/lib/test/auto/ArrayAppend2.xml
385 ms. Memory: 357376K Free: 186146K (52%)
----------------- Invoking toplevel() on ptolemy.moml.MoMLSimpleApplication@12a7401a
----------------- Done invoking toplevel() on ptolemy.moml.MoMLSimpleApplication@12a7401a
reloadAllAccessors: .ArrayAppend2

===========================================================================================
----------------- testing Sat Sep 05 15:41:26 UTC 2020 /home/travis/build/icyphy/ptII/ptolemy/actor/lib/test/auto/ArrayAppend3.xml
----------------- Instantiating /home/travis/build/icyphy/ptII/ptolemy/actor/lib/test/auto/ArrayAppend3.xml
3 ms. Memory: 357376K Free: 181026K (51%)
----------------- Invoking toplevel() on ptolemy.moml.MoMLSimpleApplication@26d3d1e5
----------------- Done invoking toplevel() on ptolemy.moml.MoMLSimpleApplication@26d3d1e5
reloadAllAccessors: .ArrayAppend3

===========================================================================================
----------------- testing Sat Sep 05 15:41:26 UTC 2020 /home/travis/build/icyphy/ptII/ptolemy/actor/lib/test/auto/ArrayAppend4.xml
----------------- Instantiating /home/travis/build/icyphy/ptII/ptolemy/actor/lib/test/auto/ArrayAppend4.xml
2 ms. Memory: 357376K Free: 175906K (49%)
----------------- Invoking toplevel() on ptolemy.moml.MoMLSimpleApplication@3b88512d
----------------- Done invoking toplevel() on ptolemy.moml.MoMLSimpleApplication@3b88512d
reloadAllAccessors: .ArrayAppend4

===========================================================================================
----------------- testing Sat Sep 05 15:41:26 UTC 2020 /home/travis/build/icyphy/ptII/ptolemy/actor/lib/test/auto/ArrayAppend5.xml
----------------- Instantiating /home/travis/build/icyphy/ptII/ptolemy/actor/lib/test/auto/ArrayAppend5.xml
2 ms. Memory: 357376K Free: 170276K (48%)
----------------- Invoking toplevel() on ptolemy.moml.MoMLSimpleApplication@6743a17d
----------------- Done invoking toplevel() on ptolemy.moml.MoMLSimpleApplication@6743a17d
reloadAllAccessors: .ArrayAppend5

===========================================================================================
----------------- testing Sat Sep 05 15:41:26 UTC 2020 /home/travis/build/icyphy/ptII/ptolemy/actor/lib/test/auto/ArrayAppend6.xml
----------------- Instantiating /home/travis/build/icyphy/ptII/ptolemy/actor/lib/test/auto/ArrayAppend6.xml
3 ms. Memory: 357376K Free: 165666K (46%)
----------------- Invoking toplevel() on ptolemy.moml.MoMLSimpleApplication@19779df
----------------- Done invoking toplevel() on ptolemy.moml.MoMLSimpleApplication@19779df
reloadAllAccessors: .ArrayAppend6

===========================================================================================
----------------- testing Sat Sep 05 15:41:27 UTC 2020 /home/travis/build/icyphy/ptII/ptolemy/actor/lib/test/auto/ArrayAppendPerformanceTest.xml
----------------- Instantiating /home/travis/build/icyphy/ptII/ptolemy/actor/lib/test/auto/ArrayAppendPerformanceTest.xml
81 ms. Memory: 357376K Free: 304276K (85%)
----------------- Invoking toplevel() on ptolemy.moml.MoMLSimpleApplication@4ece13d2
----------------- Done invoking toplevel() on ptolemy.moml.MoMLSimpleApplication@4ece13d2
reloadAllAccessors: .ArrayAppendPerformanceTest

===========================================================================================
----------------- testing Sat Sep 05 15:41:27 UTC 2020 /home/travis/build/icyphy/ptII/ptolemy/actor/lib/test/auto/ArrayAppendWithEmptyInput.xml
----------------- Instantiating /home/travis/build/icyphy/ptII/ptolemy/actor/lib/test/auto/ArrayAppendWithEmptyInput.xml
16 ms. Memory: 357376K Free: 295716K (83%)
----------------- Invoking toplevel() on ptolemy.moml.MoMLSimpleApplication@3d61922d
----------------- Done invoking toplevel() on ptolemy.moml.MoMLSimpleApplication@3d61922d
reloadAllAccessors: .ArrayAppendWithEmptyInput

===========================================================================================
----------------- testing Sat Sep 05 15:41:27 UTC 2020 /home/travis/build/icyphy/ptII/ptolemy/actor/lib/test/auto/ArrayAverage.xml
----------------- Instantiating /home/travis/build/icyphy/ptII/ptolemy/actor/lib/test/auto/ArrayAverage.xml
5 ms. Memory: 357376K Free: 288034K (81%)
----------------- Invoking toplevel() on ptolemy.moml.MoMLSimpleApplication@280b1bda
----------------- Done invoking toplevel() on ptolemy.moml.MoMLSimpleApplication@280b1bda
reloadAllAccessors: .ArrayAverage

===========================================================================================
----------------- testing Sat Sep 05 15:41:27 UTC 2020 /home/travis/build/icyphy/ptII/ptolemy/actor/lib/test/auto/ArrayContains.xml
----------------- Instantiating /home/travis/build/icyphy/ptII/ptolemy/actor/lib/test/auto/ArrayContains.xml
5 ms. Memory: 357376K Free: 281890K (79%)
----------------- Invoking toplevel() on ptolemy.moml.MoMLSimpleApplication@1a3b446
----------------- Done invoking toplevel() on ptolemy.moml.MoMLSimpleApplication@1a3b446
reloadAllAccessors: .ArrayContains

===========================================================================================
----------------- testing Sat Sep 05 15:41:27 UTC 2020 /home/travis/build/icyphy/ptII/ptolemy/actor/lib/test/auto/ArrayElement.xml
----------------- Instantiating /home/travis/build/icyphy/ptII/ptolemy/actor/lib/test/auto/ArrayElement.xml
3 ms. Memory: 357376K Free: 276260K (77%)
----------------- Invoking toplevel() on ptolemy.moml.MoMLSimpleApplication@288e3ef
----------------- Done invoking toplevel() on ptolemy.moml.MoMLSimpleApplication@288e3ef
reloadAllAccessors: .ArrayElement

===========================================================================================
----------------- testing Sat Sep 05 15:41:27 UTC 2020 /home/travis/build/icyphy/ptII/ptolemy/actor/lib/test/auto/ArrayElementAsMatrix.xml
----------------- Instantiating /home/travis/build/icyphy/ptII/ptolemy/actor/lib/test/auto/ArrayElementAsMatrix.xml
9 ms. Memory: 357376K Free: 266020K (74%)
----------------- Invoking toplevel() on ptolemy.moml.MoMLSimpleApplication@34fa3617
----------------- Done invoking toplevel() on ptolemy.moml.MoMLSimpleApplication@34fa3617
reloadAllAccessors: .ArrayElementAsMatrix

===========================================================================================
----------------- testing Sat Sep 05 15:41:27 UTC 2020 /home/travis/build/icyphy/ptII/ptolemy/actor/lib/test/auto/ArrayElementI.xml
----------------- Instantiating /home/travis/build/icyphy/ptII/ptolemy/actor/lib/test/auto/ArrayElementI.xml
4 ms. Memory: 357376K Free: 260900K (73%)
----------------- Invoking toplevel() on ptolemy.moml.MoMLSimpleApplication@1e0ed4a6
----------------- Done invoking toplevel() on ptolemy.moml.MoMLSimpleApplication@1e0ed4a6
reloadAllAccessors: .ArrayElementI

===========================================================================================
----------------- testing Sat Sep 05 15:41:27 UTC 2020 /home/travis/build/icyphy/ptII/ptolemy/actor/lib/test/auto/ArrayExtract.xml
----------------- Instantiating /home/travis/build/icyphy/ptII/ptolemy/actor/lib/test/auto/ArrayExtract.xml
9 ms. Memory: 357376K Free: 252194K (71%)
----------------- Invoking toplevel() on ptolemy.moml.MoMLSimpleApplication@7ddb96c2
----------------- Done invoking toplevel() on ptolemy.moml.MoMLSimpleApplication@7ddb96c2
reloadAllAccessors: .ArrayExtract

===========================================================================================
----------------- testing Sat Sep 05 15:41:27 UTC 2020 /home/travis/build/icyphy/ptII/ptolemy/actor/lib/test/auto/ArrayExtract2.xml
----------------- Instantiating /home/travis/build/icyphy/ptII/ptolemy/actor/lib/test/auto/ArrayExtract2.xml
2 ms. Memory: 357376K Free: 247043K (69%)
----------------- Invoking toplevel() on ptolemy.moml.MoMLSimpleApplication@8c03698
----------------- Done invoking toplevel() on ptolemy.moml.MoMLSimpleApplication@8c03698
reloadAllAccessors: .ArrayExtract2

===========================================================================================
----------------- testing Sat Sep 05 15:41:27 UTC 2020 /home/travis/build/icyphy/ptII/ptolemy/actor/lib/test/auto/ArrayLength.xml
----------------- Instantiating /home/travis/build/icyphy/ptII/ptolemy/actor/lib/test/auto/ArrayLength.xml
1 ms. Memory: 357376K Free: 242978K (68%)
----------------- Invoking toplevel() on ptolemy.moml.MoMLSimpleApplication@32187a5a
----------------- Done invoking toplevel() on ptolemy.moml.MoMLSimpleApplication@32187a5a
reloadAllAccessors: .ArrayLength

===========================================================================================
----------------- testing Sat Sep 05 15:41:27 UTC 2020 /home/travis/build/icyphy/ptII/ptolemy/actor/lib/test/auto/ArrayLevelCrossing.xml
----------------- Instantiating /home/travis/build/icyphy/ptII/ptolemy/actor/lib/test/auto/ArrayLevelCrossing.xml
3 ms. Memory: 357376K Free: 235300K (66%)
----------------- Invoking toplevel() on ptolemy.moml.MoMLSimpleApplication@12eba446
----------------- Done invoking toplevel() on ptolemy.moml.MoMLSimpleApplication@12eba446
reloadAllAccessors: .ArrayLevelCrossing

===========================================================================================
----------------- testing Sat Sep 05 15:41:27 UTC 2020 /home/travis/build/icyphy/ptII/ptolemy/actor/lib/test/auto/ArrayLevelCrossing2.xml
----------------- Instantiating /home/travis/build/icyphy/ptII/ptolemy/actor/lib/test/auto/ArrayLevelCrossing2.xml
2 ms. Memory: 357376K Free: 228132K (64%)
----------------- Invoking toplevel() on ptolemy.moml.MoMLSimpleApplication@50df3d50
----------------- Done invoking toplevel() on ptolemy.moml.MoMLSimpleApplication@50df3d50
reloadAllAccessors: .ArrayLevelCrossing2

===========================================================================================
----------------- testing Sat Sep 05 15:41:27 UTC 2020 /home/travis/build/icyphy/ptII/ptolemy/actor/lib/test/auto/ArrayPeakSearch.xml
----------------- Instantiating /home/travis/build/icyphy/ptII/ptolemy/actor/lib/test/auto/ArrayPeakSearch.xml
4 ms. Memory: 357376K Free: 218916K (61%)
----------------- Invoking toplevel() on ptolemy.moml.MoMLSimpleApplication@7a9ebd6e
----------------- Done invoking toplevel() on ptolemy.moml.MoMLSimpleApplication@7a9ebd6e
reloadAllAccessors: .ArrayPeakSearch

===========================================================================================
----------------- testing Sat Sep 05 15:41:27 UTC 2020 /home/travis/build/icyphy/ptII/ptolemy/actor/lib/test/auto/ArrayPeakSearch2.xml
----------------- Instantiating /home/travis/build/icyphy/ptII/ptolemy/actor/lib/test/auto/ArrayPeakSearch2.xml
5 ms. Memory: 357376K Free: 208676K (58%)
----------------- Invoking toplevel() on ptolemy.moml.MoMLSimpleApplication@56cfbd87
----------------- Done invoking toplevel() on ptolemy.moml.MoMLSimpleApplication@56cfbd87
reloadAllAccessors: .ArrayPeakSearch2

===========================================================================================
----------------- testing Sat Sep 05 15:41:27 UTC 2020 /home/travis/build/icyphy/ptII/ptolemy/actor/lib/test/auto/ArrayPeakSearch3.xml
----------------- Instantiating /home/travis/build/icyphy/ptII/ptolemy/actor/lib/test/auto/ArrayPeakSearch3.xml
4 ms. Memory: 357376K Free: 199460K (56%)
----------------- Invoking toplevel() on ptolemy.moml.MoMLSimpleApplication@5673941f
----------------- Done invoking toplevel() on ptolemy.moml.MoMLSimpleApplication@5673941f
reloadAllAccessors: .ArrayPeakSearch3

===========================================================================================
----------------- testing Sat Sep 05 15:41:27 UTC 2020 /home/travis/build/icyphy/ptII/ptolemy/actor/lib/test/auto/ArrayRemoveElement.xml
----------------- Instantiating /home/travis/build/icyphy/ptII/ptolemy/actor/lib/test/auto/ArrayRemoveElement.xml
3 ms. Memory: 357376K Free: 191778K (54%)
----------------- Invoking toplevel() on ptolemy.moml.MoMLSimpleApplication@65568224
----------------- Done invoking toplevel() on ptolemy.moml.MoMLSimpleApplication@65568224
reloadAllAccessors: .ArrayRemoveElement

===========================================================================================
----------------- testing Sat Sep 05 15:41:27 UTC 2020 /home/travis/build/icyphy/ptII/ptolemy/actor/lib/test/auto/ArraySort.xml
----------------- Instantiating /home/travis/build/icyphy/ptII/ptolemy/actor/lib/test/auto/ArraySort.xml
4 ms. Memory: 357376K Free: 182562K (51%)
----------------- Invoking toplevel() on ptolemy.moml.MoMLSimpleApplication@6f9e4425
----------------- Done invoking toplevel() on ptolemy.moml.MoMLSimpleApplication@6f9e4425
reloadAllAccessors: .ArraySort

===========================================================================================
----------------- testing Sat Sep 05 15:41:27 UTC 2020 /home/travis/build/icyphy/ptII/ptolemy/actor/lib/test/auto/ArraySum.xml
----------------- Instantiating /home/travis/build/icyphy/ptII/ptolemy/actor/lib/test/auto/ArraySum.xml
6 ms. Memory: 357376K Free: 177442K (50%)
----------------- Invoking toplevel() on ptolemy.moml.MoMLSimpleApplication@7bb83d4d
----------------- Done invoking toplevel() on ptolemy.moml.MoMLSimpleApplication@7bb83d4d
reloadAllAccessors: .ArraySum

===========================================================================================
----------------- testing Sat Sep 05 15:41:27 UTC 2020 /home/travis/build/icyphy/ptII/ptolemy/actor/lib/test/auto/ArrayToElements.xml
----------------- Instantiating /home/travis/build/icyphy/ptII/ptolemy/actor/lib/test/auto/ArrayToElements.xml
7 ms. Memory: 357376K Free: 171812K (48%)
----------------- Invoking toplevel() on ptolemy.moml.MoMLSimpleApplication@2d01f94f
----------------- Done invoking toplevel() on ptolemy.moml.MoMLSimpleApplication@2d01f94f
reloadAllAccessors: .ArrayToElements

===========================================================================================
----------------- testing Sat Sep 05 15:41:27 UTC 2020 /home/travis/build/icyphy/ptII/ptolemy/actor/lib/test/auto/ArrayToMatrix.xml
----------------- Instantiating /home/travis/build/icyphy/ptII/ptolemy/actor/lib/test/auto/ArrayToMatrix.xml
6 ms. Memory: 357376K Free: 157476K (44%)
----------------- Invoking toplevel() on ptolemy.moml.MoMLSimpleApplication@493d9c48
----------------- Done invoking toplevel() on ptolemy.moml.MoMLSimpleApplication@493d9c48
reloadAllAccessors: .ArrayToMatrix

===========================================================================================
----------------- testing Sat Sep 05 15:41:27 UTC 2020 /home/travis/build/icyphy/ptII/ptolemy/actor/lib/test/auto/ArrayUpdate1.xml
----------------- Instantiating /home/travis/build/icyphy/ptII/ptolemy/actor/lib/test/auto/ArrayUpdate1.xml
2 ms. Memory: 357376K Free: 152356K (43%)
----------------- Invoking toplevel() on ptolemy.moml.MoMLSimpleApplication@512b08db
----------------- Done invoking toplevel() on ptolemy.moml.MoMLSimpleApplication@512b08db
reloadAllAccessors: .ArrayUpdate1

===========================================================================================
----------------- testing Sat Sep 05 15:41:27 UTC 2020 /home/travis/build/icyphy/ptII/ptolemy/actor/lib/test/auto/ArrayUpdate2.xml
----------------- Instantiating /home/travis/build/icyphy/ptII/ptolemy/actor/lib/test/auto/ArrayUpdate2.xml
6 ms. Memory: 357376K Free: 146212K (41%)
----------------- Invoking toplevel() on ptolemy.moml.MoMLSimpleApplication@2c835793
----------------- Done invoking toplevel() on ptolemy.moml.MoMLSimpleApplication@2c835793
reloadAllAccessors: .ArrayUpdate2

===========================================================================================
----------------- testing Sat Sep 05 15:41:27 UTC 2020 /home/travis/build/icyphy/ptII/ptolemy/actor/lib/test/auto/ArrayUpdate3.xml
----------------- Instantiating /home/travis/build/icyphy/ptII/ptolemy/actor/lib/test/auto/ArrayUpdate3.xml
5 ms. Memory: 357376K Free: 141092K (39%)
----------------- Invoking toplevel() on ptolemy.moml.MoMLSimpleApplication@571c5b95
----------------- Done invoking toplevel() on ptolemy.moml.MoMLSimpleApplication@571c5b95
reloadAllAccessors: .ArrayUpdate3

===========================================================================================
----------------- testing Sat Sep 05 15:41:27 UTC 2020 /home/travis/build/icyphy/ptII/ptolemy/actor/lib/test/auto/Assert1.xml
----------------- Instantiating /home/travis/build/icyphy/ptII/ptolemy/actor/lib/test/auto/Assert1.xml
6 ms. Memory: 357376K Free: 136482K (38%)
----------------- Invoking toplevel() on ptolemy.moml.MoMLSimpleApplication@311d1a9d
----------------- Done invoking toplevel() on ptolemy.moml.MoMLSimpleApplication@311d1a9d
reloadAllAccessors: .Assert1

===========================================================================================
----------------- testing Sat Sep 05 15:41:27 UTC 2020 /home/travis/build/icyphy/ptII/ptolemy/actor/lib/test/auto/Assert2.xml
----------------- Instantiating /home/travis/build/icyphy/ptII/ptolemy/actor/lib/test/auto/Assert2.xml
2 ms. Memory: 357376K Free: 131362K (37%)
----------------- Invoking toplevel() on ptolemy.moml.MoMLSimpleApplication@899d980
----------------- Done invoking toplevel() on ptolemy.moml.MoMLSimpleApplication@899d980
reloadAllAccessors: .Assert2

===========================================================================================
----------------- testing Sat Sep 05 15:41:27 UTC 2020 /home/travis/build/icyphy/ptII/ptolemy/actor/lib/test/auto/BooleanMultiplexor.xml
----------------- Instantiating /home/travis/build/icyphy/ptII/ptolemy/actor/lib/test/auto/BooleanMultiplexor.xml
2 ms. Memory: 357376K Free: 306466K (86%)
----------------- Invoking toplevel() on ptolemy.moml.MoMLSimpleApplication@5ce1f928
----------------- Done invoking toplevel() on ptolemy.moml.MoMLSimpleApplication@5ce1f928
reloadAllAccessors: .BooleanMultiplexor

===========================================================================================
----------------- testing Sat Sep 05 15:41:28 UTC 2020 /home/travis/build/icyphy/ptII/ptolemy/actor/lib/test/auto/BooleanMultiplexor2.xml
----------------- Instantiating /home/travis/build/icyphy/ptII/ptolemy/actor/lib/test/auto/BooleanMultiplexor2.xml
11 ms. Memory: 357376K Free: 299810K (84%)
----------------- Invoking toplevel() on ptolemy.moml.MoMLSimpleApplication@1b34a1c8
----------------- Done invoking toplevel() on ptolemy.moml.MoMLSimpleApplication@1b34a1c8
reloadAllAccessors: .BooleanMultiplexor2

===========================================================================================
----------------- testing Sat Sep 05 15:41:28 UTC 2020 /home/travis/build/icyphy/ptII/ptolemy/actor/lib/test/auto/BooleanMultiplexor3.xml
----------------- Instantiating /home/travis/build/icyphy/ptII/ptolemy/actor/lib/test/auto/BooleanMultiplexor3.xml
4 ms. Memory: 357376K Free: 295716K (83%)
----------------- Invoking toplevel() on ptolemy.moml.MoMLSimpleApplication@51d47df
----------------- Done invoking toplevel() on ptolemy.moml.MoMLSimpleApplication@51d47df
reloadAllAccessors: .BooleanMultiplexor3

===========================================================================================
----------------- testing Sat Sep 05 15:41:28 UTC 2020 /home/travis/build/icyphy/ptII/ptolemy/actor/lib/test/auto/BooleanSelect.xml
----------------- Instantiating /home/travis/build/icyphy/ptII/ptolemy/actor/lib/test/auto/BooleanSelect.xml
10 ms. Memory: 357376K Free: 290067K (81%)
----------------- Invoking toplevel() on ptolemy.moml.MoMLSimpleApplication@203b3e30
----------------- Done invoking toplevel() on ptolemy.moml.MoMLSimpleApplication@203b3e30
reloadAllAccessors: .BooleanSelect

===========================================================================================
----------------- testing Sat Sep 05 15:41:28 UTC 2020 /home/travis/build/icyphy/ptII/ptolemy/actor/lib/test/auto/BooleanSelect2.xml
----------------- Instantiating /home/travis/build/icyphy/ptII/ptolemy/actor/lib/test/auto/BooleanSelect2.xml
1 ms. Memory: 357376K Free: 285476K (80%)
----------------- Invoking toplevel() on ptolemy.moml.MoMLSimpleApplication@28a12cae
----------------- Done invoking toplevel() on ptolemy.moml.MoMLSimpleApplication@28a12cae
reloadAllAccessors: .BooleanSelect2

===========================================================================================
----------------- testing Sat Sep 05 15:41:28 UTC 2020 /home/travis/build/icyphy/ptII/ptolemy/actor/lib/test/auto/BooleanSwitch.xml
----------------- Instantiating /home/travis/build/icyphy/ptII/ptolemy/actor/lib/test/auto/BooleanSwitch.xml
8 ms. Memory: 357376K Free: 279332K (78%)
----------------- Invoking toplevel() on ptolemy.moml.MoMLSimpleApplication@437cc9a9
----------------- Done invoking toplevel() on ptolemy.moml.MoMLSimpleApplication@437cc9a9
reloadAllAccessors: .BooleanSwitch

===========================================================================================
----------------- testing Sat Sep 05 15:41:28 UTC 2020 /home/travis/build/icyphy/ptII/ptolemy/actor/lib/test/auto/BooleanSwitch2.xml
----------------- Instantiating /home/travis/build/icyphy/ptII/ptolemy/actor/lib/test/auto/BooleanSwitch2.xml
2 ms. Memory: 357376K Free: 274212K (77%)
----------------- Invoking toplevel() on ptolemy.moml.MoMLSimpleApplication@39f98a54
----------------- Done invoking toplevel() on ptolemy.moml.MoMLSimpleApplication@39f98a54
reloadAllAccessors: .BooleanSwitch2

===========================================================================================
----------------- testing Sat Sep 05 15:41:28 UTC 2020 /home/travis/build/icyphy/ptII/ptolemy/actor/lib/test/auto/BooleanSwitchCloningBugWithClassRelationGroup.xml
----------------- Instantiating /home/travis/build/icyphy/ptII/ptolemy/actor/lib/test/auto/BooleanSwitchCloningBugWithClassRelationGroup.xml
4 ms. Memory: 357376K Free: 268068K (75%)
----------------- Invoking toplevel() on ptolemy.moml.MoMLSimpleApplication@3e830dca
----------------- Done invoking toplevel() on ptolemy.moml.MoMLSimpleApplication@3e830dca
reloadAllAccessors: .BooleanSwitchCloningBugWithClassRelationGroup

===========================================================================================
----------------- testing Sat Sep 05 15:41:28 UTC 2020 /home/travis/build/icyphy/ptII/ptolemy/actor/lib/test/auto/BusActors.xml
----------------- Instantiating /home/travis/build/icyphy/ptII/ptolemy/actor/lib/test/auto/BusActors.xml
6 ms. Memory: 357376K Free: 259876K (73%)
----------------- Invoking toplevel() on ptolemy.moml.MoMLSimpleApplication@4b12eabc
----------------- Done invoking toplevel() on ptolemy.moml.MoMLSimpleApplication@4b12eabc
reloadAllAccessors: .BusActors

===========================================================================================
----------------- testing Sat Sep 05 15:41:28 UTC 2020 /home/travis/build/icyphy/ptII/ptolemy/actor/lib/test/auto/ClassWrapper.xml
----------------- Instantiating /home/travis/build/icyphy/ptII/ptolemy/actor/lib/test/auto/ClassWrapper.xml
5 ms. Memory: 357376K Free: 255780K (72%)
----------------- Invoking toplevel() on ptolemy.moml.MoMLSimpleApplication@4b7f16
----------------- Done invoking toplevel() on ptolemy.moml.MoMLSimpleApplication@4b7f16
reloadAllAccessors: .ClassWrapper

===========================================================================================
----------------- testing Sat Sep 05 15:41:28 UTC 2020 /home/travis/build/icyphy/ptII/ptolemy/actor/lib/test/auto/Clock.xml
----------------- Instantiating /home/travis/build/icyphy/ptII/ptolemy/actor/lib/test/auto/Clock.xml
10 ms. Memory: 357376K Free: 251684K (70%)
----------------- Invoking toplevel() on ptolemy.moml.MoMLSimpleApplication@2cf50a65
----------------- Done invoking toplevel() on ptolemy.moml.MoMLSimpleApplication@2cf50a65
reloadAllAccessors: .Clock

===========================================================================================
----------------- testing Sat Sep 05 15:41:28 UTC 2020 /home/travis/build/icyphy/ptII/ptolemy/actor/lib/test/auto/Clock10.xml
----------------- Instantiating /home/travis/build/icyphy/ptII/ptolemy/actor/lib/test/auto/Clock10.xml
2 ms. Memory: 357376K Free: 246050K (69%)
----------------- Invoking toplevel() on ptolemy.moml.MoMLSimpleApplication@358b6a06
----------------- Done invoking toplevel() on ptolemy.moml.MoMLSimpleApplication@358b6a06
reloadAllAccessors: .Clock10

===========================================================================================
----------------- testing Sat Sep 05 15:41:28 UTC 2020 /home/travis/build/icyphy/ptII/ptolemy/actor/lib/test/auto/Clock11.xml
----------------- Instantiating /home/travis/build/icyphy/ptII/ptolemy/actor/lib/test/auto/Clock11.xml
2 ms. Memory: 357376K Free: 239906K (67%)
----------------- Invoking toplevel() on ptolemy.moml.MoMLSimpleApplication@2834b2cf
----------------- Done invoking toplevel() on ptolemy.moml.MoMLSimpleApplication@2834b2cf
reloadAllAccessors: .Clock11

===========================================================================================
----------------- testing Sat Sep 05 15:41:28 UTC 2020 /home/travis/build/icyphy/ptII/ptolemy/actor/lib/test/auto/Clock12.xml
----------------- Instantiating /home/travis/build/icyphy/ptII/ptolemy/actor/lib/test/auto/Clock12.xml
2 ms. Memory: 357376K Free: 234276K (66%)
----------------- Invoking toplevel() on ptolemy.moml.MoMLSimpleApplication@3020fe3f
----------------- Done invoking toplevel() on ptolemy.moml.MoMLSimpleApplication@3020fe3f
reloadAllAccessors: .Clock12

===========================================================================================
----------------- testing Sat Sep 05 15:41:28 UTC 2020 /home/travis/build/icyphy/ptII/ptolemy/actor/lib/test/auto/Clock13.xml
----------------- Instantiating /home/travis/build/icyphy/ptII/ptolemy/actor/lib/test/auto/Clock13.xml
4 ms. Memory: 357376K Free: 228132K (64%)
----------------- Invoking toplevel() on ptolemy.moml.MoMLSimpleApplication@6ffaafdf
----------------- Done invoking toplevel() on ptolemy.moml.MoMLSimpleApplication@6ffaafdf
reloadAllAccessors: .Clock13

===========================================================================================
----------------- testing Sat Sep 05 15:41:28 UTC 2020 /home/travis/build/icyphy/ptII/ptolemy/actor/lib/test/auto/Clock14.xml
----------------- Instantiating /home/travis/build/icyphy/ptII/ptolemy/actor/lib/test/auto/Clock14.xml
4 ms. Memory: 357376K Free: 222483K (62%)
----------------- Invoking toplevel() on ptolemy.moml.MoMLSimpleApplication@6ce8e075
----------------- Done invoking toplevel() on ptolemy.moml.MoMLSimpleApplication@6ce8e075
reloadAllAccessors: .Clock14

===========================================================================================
----------------- testing Sat Sep 05 15:41:28 UTC 2020 /home/travis/build/icyphy/ptII/ptolemy/actor/lib/test/auto/Clock15.xml
----------------- Instantiating /home/travis/build/icyphy/ptII/ptolemy/actor/lib/test/auto/Clock15.xml
4 ms. Memory: 357376K Free: 216339K (61%)
----------------- Invoking toplevel() on ptolemy.moml.MoMLSimpleApplication@55cd82a2
----------------- Done invoking toplevel() on ptolemy.moml.MoMLSimpleApplication@55cd82a2
reloadAllAccessors: .Clock15

===========================================================================================
----------------- testing Sat Sep 05 15:41:28 UTC 2020 /home/travis/build/icyphy/ptII/ptolemy/actor/lib/test/auto/Clock16.xml
----------------- Instantiating /home/travis/build/icyphy/ptII/ptolemy/actor/lib/test/auto/Clock16.xml
24 ms. Memory: 357376K Free: 201475K (56%)
----------------- Invoking toplevel() on ptolemy.moml.MoMLSimpleApplication@26072cb8
----------------- Done invoking toplevel() on ptolemy.moml.MoMLSimpleApplication@26072cb8
reloadAllAccessors: .Clock16

===========================================================================================
----------------- testing Sat Sep 05 15:41:28 UTC 2020 /home/travis/build/icyphy/ptII/ptolemy/actor/lib/test/auto/Clock17.xml
----------------- Instantiating /home/travis/build/icyphy/ptII/ptolemy/actor/lib/test/auto/Clock17.xml
13 ms. Memory: 357376K Free: 187667K (53%)
----------------- Invoking toplevel() on ptolemy.moml.MoMLSimpleApplication@20a0d5c
----------------- Done invoking toplevel() on ptolemy.moml.MoMLSimpleApplication@20a0d5c
reloadAllAccessors: .Clock17

===========================================================================================
----------------- testing Sat Sep 05 15:41:28 UTC 2020 /home/travis/build/icyphy/ptII/ptolemy/actor/lib/test/auto/Clock18.xml
----------------- Instantiating /home/travis/build/icyphy/ptII/ptolemy/actor/lib/test/auto/Clock18.xml
16 ms. Memory: 357376K Free: 174355K (49%)
----------------- Invoking toplevel() on ptolemy.moml.MoMLSimpleApplication@3aa1a522
----------------- Done invoking toplevel() on ptolemy.moml.MoMLSimpleApplication@3aa1a522
reloadAllAccessors: .Clock18

===========================================================================================
----------------- testing Sat Sep 05 15:41:28 UTC 2020 /home/travis/build/icyphy/ptII/ptolemy/actor/lib/test/auto/Clock19.xml
----------------- Instantiating /home/travis/build/icyphy/ptII/ptolemy/actor/lib/test/auto/Clock19.xml
15 ms. Memory: 357376K Free: 161572K (45%)
----------------- Invoking toplevel() on ptolemy.moml.MoMLSimpleApplication@5cf0a9d0
----------------- Done invoking toplevel() on ptolemy.moml.MoMLSimpleApplication@5cf0a9d0
reloadAllAccessors: .Clock19

===========================================================================================
----------------- testing Sat Sep 05 15:41:28 UTC 2020 /home/travis/build/icyphy/ptII/ptolemy/actor/lib/test/auto/Clock2.xml
----------------- Instantiating /home/travis/build/icyphy/ptII/ptolemy/actor/lib/test/auto/Clock2.xml
2 ms. Memory: 357376K Free: 156947K (44%)
----------------- Invoking toplevel() on ptolemy.moml.MoMLSimpleApplication@5b338b15
----------------- Done invoking toplevel() on ptolemy.moml.MoMLSimpleApplication@5b338b15
reloadAllAccessors: .Clock2

===========================================================================================
----------------- testing Sat Sep 05 15:41:28 UTC 2020 /home/travis/build/icyphy/ptII/ptolemy/actor/lib/test/auto/Clock20.xml
----------------- Instantiating /home/travis/build/icyphy/ptII/ptolemy/actor/lib/test/auto/Clock20.xml
5 ms. Memory: 357376K Free: 151842K (42%)
----------------- Invoking toplevel() on ptolemy.moml.MoMLSimpleApplication@7d92fadf
----------------- Done invoking toplevel() on ptolemy.moml.MoMLSimpleApplication@7d92fadf
reloadAllAccessors: .Clock20

===========================================================================================
----------------- testing Sat Sep 05 15:41:28 UTC 2020 /home/travis/build/icyphy/ptII/ptolemy/actor/lib/test/auto/Clock21.xml
----------------- Instantiating /home/travis/build/icyphy/ptII/ptolemy/actor/lib/test/auto/Clock21.xml
2 ms. Memory: 357376K Free: 146212K (41%)
----------------- Invoking toplevel() on ptolemy.moml.MoMLSimpleApplication@121651b9
----------------- Done invoking toplevel() on ptolemy.moml.MoMLSimpleApplication@121651b9
reloadAllAccessors: .Clock21

===========================================================================================
----------------- testing Sat Sep 05 15:41:28 UTC 2020 /home/travis/build/icyphy/ptII/ptolemy/actor/lib/test/auto/Clock22.xml
----------------- Instantiating /home/travis/build/icyphy/ptII/ptolemy/actor/lib/test/auto/Clock22.xml
2 ms. Memory: 357376K Free: 140578K (39%)
----------------- Invoking toplevel() on ptolemy.moml.MoMLSimpleApplication@5d4b9bf
----------------- Done invoking toplevel() on ptolemy.moml.MoMLSimpleApplication@5d4b9bf
reloadAllAccessors: .Clock22

===========================================================================================
----------------- testing Sat Sep 05 15:41:28 UTC 2020 /home/travis/build/icyphy/ptII/ptolemy/actor/lib/test/auto/Clock23.xml
----------------- Instantiating /home/travis/build/icyphy/ptII/ptolemy/actor/lib/test/auto/Clock23.xml
5 ms. Memory: 357376K Free: 135458K (38%)
----------------- Invoking toplevel() on ptolemy.moml.MoMLSimpleApplication@3cad80b4
----------------- Done invoking toplevel() on ptolemy.moml.MoMLSimpleApplication@3cad80b4
reloadAllAccessors: .Clock23

===========================================================================================
----------------- testing Sat Sep 05 15:41:28 UTC 2020 /home/travis/build/icyphy/ptII/ptolemy/actor/lib/test/auto/Clock24.xml
----------------- Instantiating /home/travis/build/icyphy/ptII/ptolemy/actor/lib/test/auto/Clock24.xml
5 ms. Memory: 357376K Free: 129828K (36%)
----------------- Invoking toplevel() on ptolemy.moml.MoMLSimpleApplication@4235cb49
----------------- Done invoking toplevel() on ptolemy.moml.MoMLSimpleApplication@4235cb49
reloadAllAccessors: .Clock24

===========================================================================================
----------------- testing Sat Sep 05 15:41:28 UTC 2020 /home/travis/build/icyphy/ptII/ptolemy/actor/lib/test/auto/Clock4.xml
----------------- Instantiating /home/travis/build/icyphy/ptII/ptolemy/actor/lib/test/auto/Clock4.xml
2 ms. Memory: 357376K Free: 125211K (35%)
----------------- Invoking toplevel() on ptolemy.moml.MoMLSimpleApplication@9813b17
----------------- Done invoking toplevel() on ptolemy.moml.MoMLSimpleApplication@9813b17
reloadAllAccessors: .Clock4

===========================================================================================
----------------- testing Sat Sep 05 15:41:28 UTC 2020 /home/travis/build/icyphy/ptII/ptolemy/actor/lib/test/auto/Clock5.xml
----------------- Instantiating /home/travis/build/icyphy/ptII/ptolemy/actor/lib/test/auto/Clock5.xml
2 ms. Memory: 357376K Free: 119588K (33%)
----------------- Invoking toplevel() on ptolemy.moml.MoMLSimpleApplication@47a7fcd9
----------------- Done invoking toplevel() on ptolemy.moml.MoMLSimpleApplication@47a7fcd9
reloadAllAccessors: .Clock5

===========================================================================================
----------------- testing Sat Sep 05 15:41:28 UTC 2020 /home/travis/build/icyphy/ptII/ptolemy/actor/lib/test/auto/Clock6.xml
----------------- Instantiating /home/travis/build/icyphy/ptII/ptolemy/actor/lib/test/auto/Clock6.xml
3 ms. Memory: 357376K Free: 115492K (32%)
----------------- Invoking toplevel() on ptolemy.moml.MoMLSimpleApplication@5cd75118
----------------- Done invoking toplevel() on ptolemy.moml.MoMLSimpleApplication@5cd75118
reloadAllAccessors: .Clock6

===========================================================================================
----------------- testing Sat Sep 05 15:41:28 UTC 2020 /home/travis/build/icyphy/ptII/ptolemy/actor/lib/test/auto/Clock7.xml
----------------- Instantiating /home/travis/build/icyphy/ptII/ptolemy/actor/lib/test/auto/Clock7.xml
1 ms. Memory: 357376K Free: 110882K (31%)
----------------- Invoking toplevel() on ptolemy.moml.MoMLSimpleApplication@fcfef21
----------------- Done invoking toplevel() on ptolemy.moml.MoMLSimpleApplication@fcfef21
reloadAllAccessors: .Clock7

===========================================================================================
----------------- testing Sat Sep 05 15:41:28 UTC 2020 /home/travis/build/icyphy/ptII/ptolemy/actor/lib/test/auto/Clock8.xml
----------------- Instantiating /home/travis/build/icyphy/ptII/ptolemy/actor/lib/test/auto/Clock8.xml
35 ms. Memory: 357376K Free: 308516K (86%)
----------------- Invoking toplevel() on ptolemy.moml.MoMLSimpleApplication@6fbc3006
----------------- Done invoking toplevel() on ptolemy.moml.MoMLSimpleApplication@6fbc3006
reloadAllAccessors: .Clock8

===========================================================================================
----------------- testing Sat Sep 05 15:41:28 UTC 2020 /home/travis/build/icyphy/ptII/ptolemy/actor/lib/test/auto/Clock9.xml
----------------- Instantiating /home/travis/build/icyphy/ptII/ptolemy/actor/lib/test/auto/Clock9.xml
4 ms. Memory: 357376K Free: 302372K (85%)
----------------- Invoking toplevel() on ptolemy.moml.MoMLSimpleApplication@5aa0c806
----------------- Done invoking toplevel() on ptolemy.moml.MoMLSimpleApplication@5aa0c806
reloadAllAccessors: .Clock9

===========================================================================================
----------------- testing Sat Sep 05 15:41:28 UTC 2020 /home/travis/build/icyphy/ptII/ptolemy/actor/lib/test/auto/CommDistDiscard.xml
----------------- Instantiating /home/travis/build/icyphy/ptII/ptolemy/actor/lib/test/auto/CommDistDiscard.xml
3 ms. Memory: 357376K Free: 297252K (83%)
----------------- Invoking toplevel() on ptolemy.moml.MoMLSimpleApplication@2d829485
----------------- Done invoking toplevel() on ptolemy.moml.MoMLSimpleApplication@2d829485
reloadAllAccessors: .CommDistDiscard

===========================================================================================
----------------- testing Sat Sep 05 15:41:28 UTC 2020 /home/travis/build/icyphy/ptII/ptolemy/actor/lib/test/auto/Commutator.xml
----------------- Instantiating /home/travis/build/icyphy/ptII/ptolemy/actor/lib/test/auto/Commutator.xml
2 ms. Memory: 357376K Free: 292642K (82%)
----------------- Invoking toplevel() on ptolemy.moml.MoMLSimpleApplication@373a2eb4
----------------- Done invoking toplevel() on ptolemy.moml.MoMLSimpleApplication@373a2eb4
reloadAllAccessors: .Commutator

===========================================================================================
----------------- testing Sat Sep 05 15:41:28 UTC 2020 /home/travis/build/icyphy/ptII/ptolemy/actor/lib/test/auto/Commutator2.xml
----------------- Instantiating /home/travis/build/icyphy/ptII/ptolemy/actor/lib/test/auto/Commutator2.xml
2 ms. Memory: 357376K Free: 288546K (81%)
----------------- Invoking toplevel() on ptolemy.moml.MoMLSimpleApplication@506e252d
----------------- Done invoking toplevel() on ptolemy.moml.MoMLSimpleApplication@506e252d
reloadAllAccessors: .Commutator2

===========================================================================================
----------------- testing Sat Sep 05 15:41:28 UTC 2020 /home/travis/build/icyphy/ptII/ptolemy/actor/lib/test/auto/Commutator3.xml
----------------- Instantiating /home/travis/build/icyphy/ptII/ptolemy/actor/lib/test/auto/Commutator3.xml
1 ms. Memory: 357376K Free: 283940K (79%)
----------------- Invoking toplevel() on ptolemy.moml.MoMLSimpleApplication@5c7f896c
----------------- Done invoking toplevel() on ptolemy.moml.MoMLSimpleApplication@5c7f896c
reloadAllAccessors: .Commutator3

===========================================================================================
----------------- testing Sat Sep 05 15:41:28 UTC 2020 /home/travis/build/icyphy/ptII/ptolemy/actor/lib/test/auto/Compare.xml
----------------- Instantiating /home/travis/build/icyphy/ptII/ptolemy/actor/lib/test/auto/Compare.xml
2 ms. Memory: 357376K Free: 277282K (78%)
----------------- Invoking toplevel() on ptolemy.moml.MoMLSimpleApplication@7bd3d3a2
----------------- Done invoking toplevel() on ptolemy.moml.MoMLSimpleApplication@7bd3d3a2
reloadAllAccessors: .Compare

===========================================================================================
----------------- testing Sat Sep 05 15:41:28 UTC 2020 /home/travis/build/icyphy/ptII/ptolemy/actor/lib/test/auto/CompareDE.xml
----------------- Instantiating /home/travis/build/icyphy/ptII/ptolemy/actor/lib/test/auto/CompareDE.xml
3 ms. Memory: 357376K Free: 270628K (76%)
----------------- Invoking toplevel() on ptolemy.moml.MoMLSimpleApplication@3b328abf
----------------- Done invoking toplevel() on ptolemy.moml.MoMLSimpleApplication@3b328abf
reloadAllAccessors: .CompareDE

===========================================================================================
----------------- testing Sat Sep 05 15:41:28 UTC 2020 /home/travis/build/icyphy/ptII/ptolemy/actor/lib/test/auto/ComplexDivide.xml
----------------- Instantiating /home/travis/build/icyphy/ptII/ptolemy/actor/lib/test/auto/ComplexDivide.xml
1 ms. Memory: 357376K Free: 266532K (75%)
----------------- Invoking toplevel() on ptolemy.moml.MoMLSimpleApplication@711045f2
----------------- Done invoking toplevel() on ptolemy.moml.MoMLSimpleApplication@711045f2
reloadAllAccessors: .ComplexDivide

===========================================================================================
----------------- testing Sat Sep 05 15:41:28 UTC 2020 /home/travis/build/icyphy/ptII/ptolemy/actor/lib/test/auto/ComputeHistogram.xml
----------------- Instantiating /home/travis/build/icyphy/ptII/ptolemy/actor/lib/test/auto/ComputeHistogram.xml
29 ms. Memory: 357376K Free: 254244K (71%)
----------------- Invoking toplevel() on ptolemy.moml.MoMLSimpleApplication@2ea64e35
----------------- Done invoking toplevel() on ptolemy.moml.MoMLSimpleApplication@2ea64e35
reloadAllAccessors: .ComputeHistogram

===========================================================================================
----------------- testing Sat Sep 05 15:41:29 UTC 2020 /home/travis/build/icyphy/ptII/ptolemy/actor/lib/test/auto/ConfigurationSelect.xml
----------------- Instantiating /home/travis/build/icyphy/ptII/ptolemy/actor/lib/test/auto/ConfigurationSelect.xml
9 ms. Memory: 357376K Free: 248595K (70%)
----------------- Invoking toplevel() on ptolemy.moml.MoMLSimpleApplication@43a7b641
----------------- Done invoking toplevel() on ptolemy.moml.MoMLSimpleApplication@43a7b641
reloadAllAccessors: .ConfigurationSelect

===========================================================================================
----------------- testing Sat Sep 05 15:41:29 UTC 2020 /home/travis/build/icyphy/ptII/ptolemy/actor/lib/test/auto/ConfigurationSelect2.xml
----------------- Instantiating /home/travis/build/icyphy/ptII/ptolemy/actor/lib/test/auto/ConfigurationSelect2.xml
2 ms. Memory: 357376K Free: 244004K (68%)
----------------- Invoking toplevel() on ptolemy.moml.MoMLSimpleApplication@375e19c6
----------------- Done invoking toplevel() on ptolemy.moml.MoMLSimpleApplication@375e19c6
reloadAllAccessors: .ConfigurationSelect2

===========================================================================================
----------------- testing Sat Sep 05 15:41:29 UTC 2020 /home/travis/build/icyphy/ptII/ptolemy/actor/lib/test/auto/ConfigurationSwitch.xml
----------------- Instantiating /home/travis/build/icyphy/ptII/ptolemy/actor/lib/test/auto/ConfigurationSwitch.xml
2 ms. Memory: 357376K Free: 238884K (67%)
----------------- Invoking toplevel() on ptolemy.moml.MoMLSimpleApplication@39fed84a
----------------- Done invoking toplevel() on ptolemy.moml.MoMLSimpleApplication@39fed84a
reloadAllAccessors: .ConfigurationSwitch

===========================================================================================
----------------- testing Sat Sep 05 15:41:29 UTC 2020 /home/travis/build/icyphy/ptII/ptolemy/actor/lib/test/auto/ConfigurationSwitch2.xml
----------------- Instantiating /home/travis/build/icyphy/ptII/ptolemy/actor/lib/test/auto/ConfigurationSwitch2.xml
3 ms. Memory: 357376K Free: 233250K (65%)
----------------- Invoking toplevel() on ptolemy.moml.MoMLSimpleApplication@1ebad53e
----------------- Done invoking toplevel() on ptolemy.moml.MoMLSimpleApplication@1ebad53e
reloadAllAccessors: .ConfigurationSwitch2

===========================================================================================
----------------- testing Sat Sep 05 15:41:29 UTC 2020 /home/travis/build/icyphy/ptII/ptolemy/actor/lib/test/auto/ConfigurationSwitchCloningBugWithClassRelationGroup.xml
----------------- Instantiating /home/travis/build/icyphy/ptII/ptolemy/actor/lib/test/auto/ConfigurationSwitchCloningBugWithClassRelationGroup.xml
2 ms. Memory: 357376K Free: 226596K (63%)
----------------- Invoking toplevel() on ptolemy.moml.MoMLSimpleApplication@152fb596
----------------- Done invoking toplevel() on ptolemy.moml.MoMLSimpleApplication@152fb596
reloadAllAccessors: .ConfigurationSwitchCloningBugWithClassRelationGroup

===========================================================================================
----------------- testing Sat Sep 05 15:41:29 UTC 2020 /home/travis/build/icyphy/ptII/ptolemy/actor/lib/test/auto/ConfigurationSwitchSelectSDF.xml
----------------- Instantiating /home/travis/build/icyphy/ptII/ptolemy/actor/lib/test/auto/ConfigurationSwitchSelectSDF.xml
2 ms. Memory: 357376K Free: 220962K (62%)
----------------- Invoking toplevel() on ptolemy.moml.MoMLSimpleApplication@45924698
----------------- Done invoking toplevel() on ptolemy.moml.MoMLSimpleApplication@45924698
reloadAllAccessors: .ConfigurationSwitchSelectSDF

===========================================================================================
----------------- testing Sat Sep 05 15:41:29 UTC 2020 /home/travis/build/icyphy/ptII/ptolemy/actor/lib/test/auto/ConfigurationSwitchSelectSDF2.xml
----------------- Instantiating /home/travis/build/icyphy/ptII/ptolemy/actor/lib/test/auto/ConfigurationSwitchSelectSDF2.xml
2 ms. Memory: 357376K Free: 214818K (60%)
----------------- Invoking toplevel() on ptolemy.moml.MoMLSimpleApplication@49321a0c
----------------- Done invoking toplevel() on ptolemy.moml.MoMLSimpleApplication@49321a0c
reloadAllAccessors: .ConfigurationSwitchSelectSDF2

===========================================================================================
----------------- testing Sat Sep 05 15:41:29 UTC 2020 /home/travis/build/icyphy/ptII/ptolemy/actor/lib/test/auto/Const.xml
----------------- Instantiating /home/travis/build/icyphy/ptII/ptolemy/actor/lib/test/auto/Const.xml
1 ms. Memory: 357376K Free: 211746K (59%)
----------------- Invoking toplevel() on ptolemy.moml.MoMLSimpleApplication@1743bafb
----------------- Done invoking toplevel() on ptolemy.moml.MoMLSimpleApplication@1743bafb
reloadAllAccessors: .Const

===========================================================================================
----------------- testing Sat Sep 05 15:41:29 UTC 2020 /home/travis/build/icyphy/ptII/ptolemy/actor/lib/test/auto/Const2.xml
----------------- Instantiating /home/travis/build/icyphy/ptII/ptolemy/actor/lib/test/auto/Const2.xml
1 ms. Memory: 357376K Free: 207650K (58%)
----------------- Invoking toplevel() on ptolemy.moml.MoMLSimpleApplication@37a0f1f6
----------------- Done invoking toplevel() on ptolemy.moml.MoMLSimpleApplication@37a0f1f6
reloadAllAccessors: .Const2

===========================================================================================
----------------- testing Sat Sep 05 15:41:29 UTC 2020 /home/travis/build/icyphy/ptII/ptolemy/actor/lib/test/auto/Const3.xml
----------------- Instantiating /home/travis/build/icyphy/ptII/ptolemy/actor/lib/test/auto/Const3.xml
1 ms. Memory: 357376K Free: 204578K (57%)
----------------- Invoking toplevel() on ptolemy.moml.MoMLSimpleApplication@7a0d6973
----------------- Done invoking toplevel() on ptolemy.moml.MoMLSimpleApplication@7a0d6973
reloadAllAccessors: .Const3

===========================================================================================
----------------- testing Sat Sep 05 15:41:29 UTC 2020 /home/travis/build/icyphy/ptII/ptolemy/actor/lib/test/auto/ConstantPublisherPort1.xml
----------------- Instantiating /home/travis/build/icyphy/ptII/ptolemy/actor/lib/test/auto/ConstantPublisherPort1.xml
8 ms. Memory: 357376K Free: 196386K (55%)
----------------- Invoking toplevel() on ptolemy.moml.MoMLSimpleApplication@2d2720b0
----------------- Done invoking toplevel() on ptolemy.moml.MoMLSimpleApplication@2d2720b0
reloadAllAccessors: .ConstantPublisherPort1

===========================================================================================
----------------- testing Sat Sep 05 15:41:29 UTC 2020 /home/travis/build/icyphy/ptII/ptolemy/actor/lib/test/auto/ConstantPublisherPort2.xml
----------------- Instantiating /home/travis/build/icyphy/ptII/ptolemy/actor/lib/test/auto/ConstantPublisherPort2.xml
9 ms. Memory: 357376K Free: 188708K (53%)
----------------- Invoking toplevel() on ptolemy.moml.MoMLSimpleApplication@2b6728ff
----------------- Done invoking toplevel() on ptolemy.moml.MoMLSimpleApplication@2b6728ff
reloadAllAccessors: .ConstantPublisherPort2

===========================================================================================
----------------- testing Sat Sep 05 15:41:29 UTC 2020 /home/travis/build/icyphy/ptII/ptolemy/actor/lib/test/auto/ConstantPublisherPort3.xml
----------------- Instantiating /home/travis/build/icyphy/ptII/ptolemy/actor/lib/test/auto/ConstantPublisherPort3.xml
3 ms. Memory: 357376K Free: 181026K (51%)
----------------- Invoking toplevel() on ptolemy.moml.MoMLSimpleApplication@27b84b25
----------------- Done invoking toplevel() on ptolemy.moml.MoMLSimpleApplication@27b84b25
reloadAllAccessors: .ConstantPublisherPort3

===========================================================================================
----------------- testing Sat Sep 05 15:41:29 UTC 2020 /home/travis/build/icyphy/ptII/ptolemy/actor/lib/test/auto/ConstantPublisherPort4.xml
----------------- Instantiating /home/travis/build/icyphy/ptII/ptolemy/actor/lib/test/auto/ConstantPublisherPort4.xml
3 ms. Memory: 357376K Free: 174372K (49%)
----------------- Invoking toplevel() on ptolemy.moml.MoMLSimpleApplication@62c6aa49
----------------- Done invoking toplevel() on ptolemy.moml.MoMLSimpleApplication@62c6aa49
reloadAllAccessors: .ConstantPublisherPort4

===========================================================================================
----------------- testing Sat Sep 05 15:41:29 UTC 2020 /home/travis/build/icyphy/ptII/ptolemy/actor/lib/test/auto/ConstantPublisherPort5.xml
----------------- Instantiating /home/travis/build/icyphy/ptII/ptolemy/actor/lib/test/auto/ConstantPublisherPort5.xml
26 ms. Memory: 357376K Free: 165156K (46%)
----------------- Invoking toplevel() on ptolemy.moml.MoMLSimpleApplication@74ac3bcb
----------------- Done invoking toplevel() on ptolemy.moml.MoMLSimpleApplication@74ac3bcb
reloadAllAccessors: .ConstantPublisherPort5

===========================================================================================
----------------- testing Sat Sep 05 15:41:29 UTC 2020 /home/travis/build/icyphy/ptII/ptolemy/actor/lib/test/auto/ConstantPublisherPort6.xml
----------------- Instantiating /home/travis/build/icyphy/ptII/ptolemy/actor/lib/test/auto/ConstantPublisherPort6.xml
20 ms. Memory: 357376K Free: 155426K (43%)
----------------- Invoking toplevel() on ptolemy.moml.MoMLSimpleApplication@7d330634
----------------- Done invoking toplevel() on ptolemy.moml.MoMLSimpleApplication@7d330634
reloadAllAccessors: .ConstantPublisherPort6

===========================================================================================
----------------- testing Sat Sep 05 15:41:29 UTC 2020 /home/travis/build/icyphy/ptII/ptolemy/actor/lib/test/auto/ConstantPublisherPort7.xml
----------------- Instantiating /home/travis/build/icyphy/ptII/ptolemy/actor/lib/test/auto/ConstantPublisherPort7.xml
15 ms. Memory: 357376K Free: 146210K (41%)
----------------- Invoking toplevel() on ptolemy.moml.MoMLSimpleApplication@711c3a81
----------------- Done invoking toplevel() on ptolemy.moml.MoMLSimpleApplication@711c3a81
reloadAllAccessors: .ConstantPublisherPort7

===========================================================================================
----------------- testing Sat Sep 05 15:41:29 UTC 2020 /home/travis/build/icyphy/ptII/ptolemy/actor/lib/test/auto/ConstraintMonitor1.xml
----------------- Instantiating /home/travis/build/icyphy/ptII/ptolemy/actor/lib/test/auto/ConstraintMonitor1.xml
4 ms. Memory: 357376K Free: 141090K (39%)
----------------- Invoking toplevel() on ptolemy.moml.MoMLSimpleApplication@38e5dc05
----------------- Done invoking toplevel() on ptolemy.moml.MoMLSimpleApplication@38e5dc05
reloadAllAccessors: .ConstraintMonitor1

===========================================================================================
----------------- testing Sat Sep 05 15:41:29 UTC 2020 /home/travis/build/icyphy/ptII/ptolemy/actor/lib/test/auto/ConstraintMonitor2.xml
----------------- Instantiating /home/travis/build/icyphy/ptII/ptolemy/actor/lib/test/auto/ConstraintMonitor2.xml
4 ms. Memory: 357376K Free: 135970K (38%)
----------------- Invoking toplevel() on ptolemy.moml.MoMLSimpleApplication@4bfd3fe0
----------------- Done invoking toplevel() on ptolemy.moml.MoMLSimpleApplication@4bfd3fe0
reloadAllAccessors: .ConstraintMonitor2

===========================================================================================
----------------- testing Sat Sep 05 15:41:29 UTC 2020 /home/travis/build/icyphy/ptII/ptolemy/actor/lib/test/auto/ConstraintMonitor3.xml
----------------- Instantiating /home/travis/build/icyphy/ptII/ptolemy/actor/lib/test/auto/ConstraintMonitor3.xml
5 ms. Memory: 357376K Free: 131364K (37%)
----------------- Invoking toplevel() on ptolemy.moml.MoMLSimpleApplication@2a86ff2c
----------------- Done invoking toplevel() on ptolemy.moml.MoMLSimpleApplication@2a86ff2c
reloadAllAccessors: .ConstraintMonitor3

===========================================================================================
----------------- testing Sat Sep 05 15:41:29 UTC 2020 /home/travis/build/icyphy/ptII/ptolemy/actor/lib/test/auto/ConstraintMonitor4.xml
----------------- Instantiating /home/travis/build/icyphy/ptII/ptolemy/actor/lib/test/auto/ConstraintMonitor4.xml
1 ms. Memory: 357376K Free: 126244K (35%)
----------------- Invoking toplevel() on ptolemy.moml.MoMLSimpleApplication@7545fec
----------------- Done invoking toplevel() on ptolemy.moml.MoMLSimpleApplication@7545fec
reloadAllAccessors: .ConstraintMonitor4

===========================================================================================
----------------- testing Sat Sep 05 15:41:29 UTC 2020 /home/travis/build/icyphy/ptII/ptolemy/actor/lib/test/auto/ConstraintMonitor5.xml
----------------- Instantiating /home/travis/build/icyphy/ptII/ptolemy/actor/lib/test/auto/ConstraintMonitor5.xml
4 ms. Memory: 357376K Free: 120610K (34%)
----------------- Invoking toplevel() on ptolemy.moml.MoMLSimpleApplication@7bf3b348
----------------- Done invoking toplevel() on ptolemy.moml.MoMLSimpleApplication@7bf3b348
reloadAllAccessors: .ConstraintMonitor5

===========================================================================================
----------------- testing Sat Sep 05 15:41:29 UTC 2020 /home/travis/build/icyphy/ptII/ptolemy/actor/lib/test/auto/ConstraintMonitor6.xml
----------------- Instantiating /home/travis/build/icyphy/ptII/ptolemy/actor/lib/test/auto/ConstraintMonitor6.xml
6 ms. Memory: 357376K Free: 114980K (32%)
----------------- Invoking toplevel() on ptolemy.moml.MoMLSimpleApplication@3e9fcfa9
----------------- Done invoking toplevel() on ptolemy.moml.MoMLSimpleApplication@3e9fcfa9
reloadAllAccessors: .ConstraintMonitor6

===========================================================================================
----------------- testing Sat Sep 05 15:41:29 UTC 2020 /home/travis/build/icyphy/ptII/ptolemy/actor/lib/test/auto/ConstraintMonitor7.xml
----------------- Instantiating /home/travis/build/icyphy/ptII/ptolemy/actor/lib/test/auto/ConstraintMonitor7.xml
8 ms. Memory: 357376K Free: 108836K (30%)
----------------- Invoking toplevel() on ptolemy.moml.MoMLSimpleApplication@7fd7495f
----------------- Done invoking toplevel() on ptolemy.moml.MoMLSimpleApplication@7fd7495f
reloadAllAccessors: .ConstraintMonitor7

===========================================================================================
----------------- testing Sat Sep 05 15:41:29 UTC 2020 /home/travis/build/icyphy/ptII/ptolemy/actor/lib/test/auto/ConstraintMonitor8.xml
----------------- Instantiating /home/travis/build/icyphy/ptII/ptolemy/actor/lib/test/auto/ConstraintMonitor8.xml
9 ms. Memory: 607232K Free: 553762K (91%)
----------------- Invoking toplevel() on ptolemy.moml.MoMLSimpleApplication@40fb1f6a
----------------- Done invoking toplevel() on ptolemy.moml.MoMLSimpleApplication@40fb1f6a
reloadAllAccessors: .ConstraintMonitor8

===========================================================================================
----------------- testing Sat Sep 05 15:41:29 UTC 2020 /home/travis/build/icyphy/ptII/ptolemy/actor/lib/test/auto/Counter.xml
----------------- Instantiating /home/travis/build/icyphy/ptII/ptolemy/actor/lib/test/auto/Counter.xml
3 ms. Memory: 607232K Free: 548132K (90%)
----------------- Invoking toplevel() on ptolemy.moml.MoMLSimpleApplication@3e06ddb
----------------- Done invoking toplevel() on ptolemy.moml.MoMLSimpleApplication@3e06ddb
reloadAllAccessors: .Counter

===========================================================================================
----------------- testing Sat Sep 05 15:41:29 UTC 2020 /home/travis/build/icyphy/ptII/ptolemy/actor/lib/test/auto/CurrentTimeSDF.xml
----------------- Instantiating /home/travis/build/icyphy/ptII/ptolemy/actor/lib/test/auto/CurrentTimeSDF.xml
2 ms. Memory: 607232K Free: 544036K (90%)
----------------- Invoking toplevel() on ptolemy.moml.MoMLSimpleApplication@780a4545
----------------- Done invoking toplevel() on ptolemy.moml.MoMLSimpleApplication@780a4545
reloadAllAccessors: .CurrentTimeSDF

===========================================================================================
----------------- testing Sat Sep 05 15:41:29 UTC 2020 /home/travis/build/icyphy/ptII/ptolemy/actor/lib/test/auto/DB.xml
----------------- Instantiating /home/travis/build/icyphy/ptII/ptolemy/actor/lib/test/auto/DB.xml
2 ms. Memory: 607232K Free: 538402K (89%)
----------------- Invoking toplevel() on ptolemy.moml.MoMLSimpleApplication@65b11756
----------------- Done invoking toplevel() on ptolemy.moml.MoMLSimpleApplication@65b11756
reloadAllAccessors: .DB

===========================================================================================
----------------- testing Sat Sep 05 15:41:29 UTC 2020 /home/travis/build/icyphy/ptII/ptolemy/actor/lib/test/auto/DBDE.xml
----------------- Instantiating /home/travis/build/icyphy/ptII/ptolemy/actor/lib/test/auto/DBDE.xml
3 ms. Memory: 607232K Free: 532772K (88%)
----------------- Invoking toplevel() on ptolemy.moml.MoMLSimpleApplication@7b7d55e0
----------------- Done invoking toplevel() on ptolemy.moml.MoMLSimpleApplication@7b7d55e0
reloadAllAccessors: .DBDE

===========================================================================================
----------------- testing Sat Sep 05 15:41:29 UTC 2020 /home/travis/build/icyphy/ptII/ptolemy/actor/lib/test/auto/DateConstructor.xml
----------------- Instantiating /home/travis/build/icyphy/ptII/ptolemy/actor/lib/test/auto/DateConstructor.xml
32 ms. Memory: 607232K Free: 514850K (85%)
----------------- Invoking toplevel() on ptolemy.moml.MoMLSimpleApplication@533815a4
----------------- Done invoking toplevel() on ptolemy.moml.MoMLSimpleApplication@533815a4
reloadAllAccessors: .DateConstructor

===========================================================================================
----------------- testing Sat Sep 05 15:41:29 UTC 2020 /home/travis/build/icyphy/ptII/ptolemy/actor/lib/test/auto/DelayTime.xml
----------------- Instantiating /home/travis/build/icyphy/ptII/ptolemy/actor/lib/test/auto/DelayTime.xml
6 ms. Memory: 607232K Free: 509730K (84%)
----------------- Invoking toplevel() on ptolemy.moml.MoMLSimpleApplication@1bed812
----------------- Done invoking toplevel() on ptolemy.moml.MoMLSimpleApplication@1bed812
reloadAllAccessors: .DelayTime

===========================================================================================
----------------- testing Sat Sep 05 15:41:29 UTC 2020 /home/travis/build/icyphy/ptII/ptolemy/actor/lib/test/auto/Dictionary1.xml
----------------- Instantiating /home/travis/build/icyphy/ptII/ptolemy/actor/lib/test/auto/Dictionary1.xml
1 ms. Memory: 607232K Free: 504610K (83%)
----------------- Invoking toplevel() on ptolemy.moml.MoMLSimpleApplication@36cba2f3
----------------- Done invoking toplevel() on ptolemy.moml.MoMLSimpleApplication@36cba2f3
reloadAllAccessors: .Dictionary1

===========================================================================================
----------------- testing Sat Sep 05 15:41:29 UTC 2020 /home/travis/build/icyphy/ptII/ptolemy/actor/lib/test/auto/Dictionary2.xml
----------------- Instantiating /home/travis/build/icyphy/ptII/ptolemy/actor/lib/test/auto/Dictionary2.xml
5 ms. Memory: 607232K Free: 498980K (82%)
----------------- Invoking toplevel() on ptolemy.moml.MoMLSimpleApplication@75b57f80
----------------- Done invoking toplevel() on ptolemy.moml.MoMLSimpleApplication@75b57f80
reloadAllAccessors: .Dictionary2

===========================================================================================
----------------- testing Sat Sep 05 15:41:29 UTC 2020 /home/travis/build/icyphy/ptII/ptolemy/actor/lib/test/auto/Dictionary3.xml
----------------- Instantiating /home/travis/build/icyphy/ptII/ptolemy/actor/lib/test/auto/Dictionary3.xml
3 ms. Memory: 607232K Free: 493346K (81%)
----------------- Invoking toplevel() on ptolemy.moml.MoMLSimpleApplication@3de7a0ee
----------------- Done invoking toplevel() on ptolemy.moml.MoMLSimpleApplication@3de7a0ee
reloadAllAccessors: .Dictionary3

===========================================================================================
----------------- testing Sat Sep 05 15:41:29 UTC 2020 /home/travis/build/icyphy/ptII/ptolemy/actor/lib/test/auto/Dictionary4.xml
----------------- Instantiating /home/travis/build/icyphy/ptII/ptolemy/actor/lib/test/auto/Dictionary4.xml
3 ms. Memory: 607232K Free: 486692K (80%)
----------------- Invoking toplevel() on ptolemy.moml.MoMLSimpleApplication@2c5217f6
----------------- Done invoking toplevel() on ptolemy.moml.MoMLSimpleApplication@2c5217f6
reloadAllAccessors: .Dictionary4

===========================================================================================
----------------- testing Sat Sep 05 15:41:30 UTC 2020 /home/travis/build/icyphy/ptII/ptolemy/actor/lib/test/auto/Differential.xml
----------------- Instantiating /home/travis/build/icyphy/ptII/ptolemy/actor/lib/test/auto/Differential.xml
4 ms. Memory: 607232K Free: 482082K (79%)
----------------- Invoking toplevel() on ptolemy.moml.MoMLSimpleApplication@15556f4f
----------------- Done invoking toplevel() on ptolemy.moml.MoMLSimpleApplication@15556f4f
reloadAllAccessors: .Differential

===========================================================================================
----------------- testing Sat Sep 05 15:41:30 UTC 2020 /home/travis/build/icyphy/ptII/ptolemy/actor/lib/test/auto/Director.xml
----------------- Instantiating /home/travis/build/icyphy/ptII/ptolemy/actor/lib/test/auto/Director.xml
3 ms. Memory: 607232K Free: 478500K (79%)
----------------- Invoking toplevel() on ptolemy.moml.MoMLSimpleApplication@1e40877e
----------------- Done invoking toplevel() on ptolemy.moml.MoMLSimpleApplication@1e40877e
reloadAllAccessors: .Director

===========================================================================================
----------------- testing Sat Sep 05 15:41:30 UTC 2020 /home/travis/build/icyphy/ptII/ptolemy/actor/lib/test/auto/DiscreteClock.xml
----------------- Instantiating /home/travis/build/icyphy/ptII/ptolemy/actor/lib/test/auto/DiscreteClock.xml
1 ms. Memory: 607232K Free: 474404K (78%)
----------------- Invoking toplevel() on ptolemy.moml.MoMLSimpleApplication@110caf3f
----------------- Done invoking toplevel() on ptolemy.moml.MoMLSimpleApplication@110caf3f
reloadAllAccessors: .DiscreteClock

===========================================================================================
----------------- testing Sat Sep 05 15:41:30 UTC 2020 /home/travis/build/icyphy/ptII/ptolemy/actor/lib/test/auto/DiscreteClock10.xml
----------------- Instantiating /home/travis/build/icyphy/ptII/ptolemy/actor/lib/test/auto/DiscreteClock10.xml
4 ms. Memory: 607232K Free: 468770K (77%)
----------------- Invoking toplevel() on ptolemy.moml.MoMLSimpleApplication@143009ab
----------------- Done invoking toplevel() on ptolemy.moml.MoMLSimpleApplication@143009ab
reloadAllAccessors: .DiscreteClock10

===========================================================================================
----------------- testing Sat Sep 05 15:41:30 UTC 2020 /home/travis/build/icyphy/ptII/ptolemy/actor/lib/test/auto/DiscreteClock11.xml
----------------- Instantiating /home/travis/build/icyphy/ptII/ptolemy/actor/lib/test/auto/DiscreteClock11.xml
2 ms. Memory: 607232K Free: 462626K (76%)
----------------- Invoking toplevel() on ptolemy.moml.MoMLSimpleApplication@1e2b4dc4
----------------- Done invoking toplevel() on ptolemy.moml.MoMLSimpleApplication@1e2b4dc4
reloadAllAccessors: .DiscreteClock11

===========================================================================================
----------------- testing Sat Sep 05 15:41:30 UTC 2020 /home/travis/build/icyphy/ptII/ptolemy/actor/lib/test/auto/DiscreteClock12.xml
----------------- Instantiating /home/travis/build/icyphy/ptII/ptolemy/actor/lib/test/auto/DiscreteClock12.xml
3 ms. Memory: 607232K Free: 456482K (75%)
----------------- Invoking toplevel() on ptolemy.moml.MoMLSimpleApplication@76c38dc
----------------- Done invoking toplevel() on ptolemy.moml.MoMLSimpleApplication@76c38dc
reloadAllAccessors: .DiscreteClock12

===========================================================================================
----------------- testing Sat Sep 05 15:41:30 UTC 2020 /home/travis/build/icyphy/ptII/ptolemy/actor/lib/test/auto/DiscreteClock13.xml
----------------- Instantiating /home/travis/build/icyphy/ptII/ptolemy/actor/lib/test/auto/DiscreteClock13.xml
3 ms. Memory: 607232K Free: 450852K (74%)
----------------- Invoking toplevel() on ptolemy.moml.MoMLSimpleApplication@56af6b08
----------------- Done invoking toplevel() on ptolemy.moml.MoMLSimpleApplication@56af6b08
reloadAllAccessors: .DiscreteClock13

===========================================================================================
----------------- testing Sat Sep 05 15:41:30 UTC 2020 /home/travis/build/icyphy/ptII/ptolemy/actor/lib/test/auto/DiscreteClock14.xml
----------------- Instantiating /home/travis/build/icyphy/ptII/ptolemy/actor/lib/test/auto/DiscreteClock14.xml
6 ms. Memory: 607232K Free: 444708K (73%)
----------------- Invoking toplevel() on ptolemy.moml.MoMLSimpleApplication@44ba70e4
----------------- Done invoking toplevel() on ptolemy.moml.MoMLSimpleApplication@44ba70e4
reloadAllAccessors: .DiscreteClock14

===========================================================================================
----------------- testing Sat Sep 05 15:41:30 UTC 2020 /home/travis/build/icyphy/ptII/ptolemy/actor/lib/test/auto/DiscreteClock15.xml
----------------- Instantiating /home/travis/build/icyphy/ptII/ptolemy/actor/lib/test/auto/DiscreteClock15.xml
6 ms. Memory: 607232K Free: 438564K (72%)
----------------- Invoking toplevel() on ptolemy.moml.MoMLSimpleApplication@39f4cded
----------------- Done invoking toplevel() on ptolemy.moml.MoMLSimpleApplication@39f4cded
reloadAllAccessors: .DiscreteClock15

===========================================================================================
----------------- testing Sat Sep 05 15:41:30 UTC 2020 /home/travis/build/icyphy/ptII/ptolemy/actor/lib/test/auto/DiscreteClock16.xml
----------------- Instantiating /home/travis/build/icyphy/ptII/ptolemy/actor/lib/test/auto/DiscreteClock16.xml
19 ms. Memory: 607232K Free: 424723K (70%)
----------------- Invoking toplevel() on ptolemy.moml.MoMLSimpleApplication@50e11ac5
----------------- Done invoking toplevel() on ptolemy.moml.MoMLSimpleApplication@50e11ac5
reloadAllAccessors: .DiscreteClock16

===========================================================================================
----------------- testing Sat Sep 05 15:41:30 UTC 2020 /home/travis/build/icyphy/ptII/ptolemy/actor/lib/test/auto/DiscreteClock17.xml
----------------- Instantiating /home/travis/build/icyphy/ptII/ptolemy/actor/lib/test/auto/DiscreteClock17.xml
19 ms. Memory: 607232K Free: 410371K (68%)
----------------- Invoking toplevel() on ptolemy.moml.MoMLSimpleApplication@59b0004f
----------------- Done invoking toplevel() on ptolemy.moml.MoMLSimpleApplication@59b0004f
reloadAllAccessors: .DiscreteClock17

===========================================================================================
----------------- testing Sat Sep 05 15:41:30 UTC 2020 /home/travis/build/icyphy/ptII/ptolemy/actor/lib/test/auto/DiscreteClock18.xml
----------------- Instantiating /home/travis/build/icyphy/ptII/ptolemy/actor/lib/test/auto/DiscreteClock18.xml
25 ms. Memory: 607232K Free: 396580K (65%)
----------------- Invoking toplevel() on ptolemy.moml.MoMLSimpleApplication@1b477816
----------------- Done invoking toplevel() on ptolemy.moml.MoMLSimpleApplication@1b477816
reloadAllAccessors: .DiscreteClock18

===========================================================================================
----------------- testing Sat Sep 05 15:41:30 UTC 2020 /home/travis/build/icyphy/ptII/ptolemy/actor/lib/test/auto/DiscreteClock19.xml
----------------- Instantiating /home/travis/build/icyphy/ptII/ptolemy/actor/lib/test/auto/DiscreteClock19.xml
23 ms. Memory: 607232K Free: 382754K (63%)
----------------- Invoking toplevel() on ptolemy.moml.MoMLSimpleApplication@32b71b8e
----------------- Done invoking toplevel() on ptolemy.moml.MoMLSimpleApplication@32b71b8e
reloadAllAccessors: .DiscreteClock19

===========================================================================================
----------------- testing Sat Sep 05 15:41:30 UTC 2020 /home/travis/build/icyphy/ptII/ptolemy/actor/lib/test/auto/DiscreteClock2.xml
----------------- Instantiating /home/travis/build/icyphy/ptII/ptolemy/actor/lib/test/auto/DiscreteClock2.xml
5 ms. Memory: 607232K Free: 377627K (62%)
----------------- Invoking toplevel() on ptolemy.moml.MoMLSimpleApplication@7b868410
----------------- Done invoking toplevel() on ptolemy.moml.MoMLSimpleApplication@7b868410
reloadAllAccessors: .DiscreteClock2

===========================================================================================
----------------- testing Sat Sep 05 15:41:30 UTC 2020 /home/travis/build/icyphy/ptII/ptolemy/actor/lib/test/auto/DiscreteClock20.xml
----------------- Instantiating /home/travis/build/icyphy/ptII/ptolemy/actor/lib/test/auto/DiscreteClock20.xml
9 ms. Memory: 607232K Free: 372514K (61%)
----------------- Invoking toplevel() on ptolemy.moml.MoMLSimpleApplication@65266f87
----------------- Done invoking toplevel() on ptolemy.moml.MoMLSimpleApplication@65266f87
reloadAllAccessors: .DiscreteClock20

===========================================================================================
----------------- testing Sat Sep 05 15:41:30 UTC 2020 /home/travis/build/icyphy/ptII/ptolemy/actor/lib/test/auto/DiscreteClock21.xml
----------------- Instantiating /home/travis/build/icyphy/ptII/ptolemy/actor/lib/test/auto/DiscreteClock21.xml
7 ms. Memory: 607232K Free: 366884K (60%)
----------------- Invoking toplevel() on ptolemy.moml.MoMLSimpleApplication@467f6f37
----------------- Done invoking toplevel() on ptolemy.moml.MoMLSimpleApplication@467f6f37
reloadAllAccessors: .DiscreteClock21

===========================================================================================
----------------- testing Sat Sep 05 15:41:30 UTC 2020 /home/travis/build/icyphy/ptII/ptolemy/actor/lib/test/auto/DiscreteClock22.xml
----------------- Instantiating /home/travis/build/icyphy/ptII/ptolemy/actor/lib/test/auto/DiscreteClock22.xml
5 ms. Memory: 607232K Free: 361250K (59%)
----------------- Invoking toplevel() on ptolemy.moml.MoMLSimpleApplication@1d437514
----------------- Done invoking toplevel() on ptolemy.moml.MoMLSimpleApplication@1d437514
reloadAllAccessors: .DiscreteClock22

===========================================================================================
----------------- testing Sat Sep 05 15:41:30 UTC 2020 /home/travis/build/icyphy/ptII/ptolemy/actor/lib/test/auto/DiscreteClock23.xml
----------------- Instantiating /home/travis/build/icyphy/ptII/ptolemy/actor/lib/test/auto/DiscreteClock23.xml
11 ms. Memory: 607232K Free: 355620K (59%)
----------------- Invoking toplevel() on ptolemy.moml.MoMLSimpleApplication@40c664af
----------------- Done invoking toplevel() on ptolemy.moml.MoMLSimpleApplication@40c664af
reloadAllAccessors: .DiscreteClock23

===========================================================================================
----------------- testing Sat Sep 05 15:41:30 UTC 2020 /home/travis/build/icyphy/ptII/ptolemy/actor/lib/test/auto/DiscreteClock24.xml
----------------- Instantiating /home/travis/build/icyphy/ptII/ptolemy/actor/lib/test/auto/DiscreteClock24.xml
5 ms. Memory: 607232K Free: 350500K (58%)
----------------- Invoking toplevel() on ptolemy.moml.MoMLSimpleApplication@38aba302
----------------- Done invoking toplevel() on ptolemy.moml.MoMLSimpleApplication@38aba302
reloadAllAccessors: .DiscreteClock24

===========================================================================================
----------------- testing Sat Sep 05 15:41:30 UTC 2020 /home/travis/build/icyphy/ptII/ptolemy/actor/lib/test/auto/DiscreteClock4.xml
----------------- Instantiating /home/travis/build/icyphy/ptII/ptolemy/actor/lib/test/auto/DiscreteClock4.xml
8 ms. Memory: 607232K Free: 344866K (57%)
----------------- Invoking toplevel() on ptolemy.moml.MoMLSimpleApplication@5755e64b
----------------- Done invoking toplevel() on ptolemy.moml.MoMLSimpleApplication@5755e64b
reloadAllAccessors: .DiscreteClock4

===========================================================================================
----------------- testing Sat Sep 05 15:41:30 UTC 2020 /home/travis/build/icyphy/ptII/ptolemy/actor/lib/test/auto/DiscreteClock5.xml
----------------- Instantiating /home/travis/build/icyphy/ptII/ptolemy/actor/lib/test/auto/DiscreteClock5.xml
2 ms. Memory: 607232K Free: 339236K (56%)
----------------- Invoking toplevel() on ptolemy.moml.MoMLSimpleApplication@16824d62
----------------- Done invoking toplevel() on ptolemy.moml.MoMLSimpleApplication@16824d62
reloadAllAccessors: .DiscreteClock5

===========================================================================================
----------------- testing Sat Sep 05 15:41:30 UTC 2020 /home/travis/build/icyphy/ptII/ptolemy/actor/lib/test/auto/DiscreteClock6.xml
----------------- Instantiating /home/travis/build/icyphy/ptII/ptolemy/actor/lib/test/auto/DiscreteClock6.xml
1 ms. Memory: 607232K Free: 334626K (55%)
----------------- Invoking toplevel() on ptolemy.moml.MoMLSimpleApplication@7b2f64a6
----------------- Done invoking toplevel() on ptolemy.moml.MoMLSimpleApplication@7b2f64a6
reloadAllAccessors: .DiscreteClock6

===========================================================================================
----------------- testing Sat Sep 05 15:41:30 UTC 2020 /home/travis/build/icyphy/ptII/ptolemy/actor/lib/test/auto/DiscreteClock7.xml
----------------- Instantiating /home/travis/build/icyphy/ptII/ptolemy/actor/lib/test/auto/DiscreteClock7.xml
2 ms. Memory: 607232K Free: 330530K (54%)
----------------- Invoking toplevel() on ptolemy.moml.MoMLSimpleApplication@5225f902
----------------- Done invoking toplevel() on ptolemy.moml.MoMLSimpleApplication@5225f902
reloadAllAccessors: .DiscreteClock7

===========================================================================================
----------------- testing Sat Sep 05 15:41:30 UTC 2020 /home/travis/build/icyphy/ptII/ptolemy/actor/lib/test/auto/DiscreteClock8.xml
----------------- Instantiating /home/travis/build/icyphy/ptII/ptolemy/actor/lib/test/auto/DiscreteClock8.xml
3 ms. Memory: 607232K Free: 324900K (54%)
----------------- Invoking toplevel() on ptolemy.moml.MoMLSimpleApplication@412d4987
----------------- Done invoking toplevel() on ptolemy.moml.MoMLSimpleApplication@412d4987
reloadAllAccessors: .DiscreteClock8

===========================================================================================
----------------- testing Sat Sep 05 15:41:30 UTC 2020 /home/travis/build/icyphy/ptII/ptolemy/actor/lib/test/auto/DiscreteClock9.xml
----------------- Instantiating /home/travis/build/icyphy/ptII/ptolemy/actor/lib/test/auto/DiscreteClock9.xml
7 ms. Memory: 607232K Free: 318756K (52%)
----------------- Invoking toplevel() on ptolemy.moml.MoMLSimpleApplication@3fb3fc90
----------------- Done invoking toplevel() on ptolemy.moml.MoMLSimpleApplication@3fb3fc90
reloadAllAccessors: .DiscreteClock9

===========================================================================================
----------------- testing Sat Sep 05 15:41:30 UTC 2020 /home/travis/build/icyphy/ptII/ptolemy/actor/lib/test/auto/DisplayArray.xml
----------------- Instantiating /home/travis/build/icyphy/ptII/ptolemy/actor/lib/test/auto/DisplayArray.xml
2 ms. Memory: 607232K Free: 315170K (52%)
----------------- Invoking toplevel() on ptolemy.moml.MoMLSimpleApplication@15522c5b
----------------- Done invoking toplevel() on ptolemy.moml.MoMLSimpleApplication@15522c5b
reloadAllAccessors: .DisplayArray

===========================================================================================
----------------- testing Sat Sep 05 15:41:30 UTC 2020 /home/travis/build/icyphy/ptII/ptolemy/actor/lib/test/auto/Distributor.xml
----------------- Instantiating /home/travis/build/icyphy/ptII/ptolemy/actor/lib/test/auto/Distributor.xml
2 ms. Memory: 607232K Free: 310050K (51%)
----------------- Invoking toplevel() on ptolemy.moml.MoMLSimpleApplication@288628d5
----------------- Done invoking toplevel() on ptolemy.moml.MoMLSimpleApplication@288628d5
reloadAllAccessors: .Distributor

===========================================================================================
----------------- testing Sat Sep 05 15:41:30 UTC 2020 /home/travis/build/icyphy/ptII/ptolemy/actor/lib/test/auto/Distributor2.xml
----------------- Instantiating /home/travis/build/icyphy/ptII/ptolemy/actor/lib/test/auto/Distributor2.xml
1 ms. Memory: 607232K Free: 305444K (50%)
----------------- Invoking toplevel() on ptolemy.moml.MoMLSimpleApplication@482f70b6
----------------- Done invoking toplevel() on ptolemy.moml.MoMLSimpleApplication@482f70b6
reloadAllAccessors: .Distributor2

===========================================================================================
----------------- testing Sat Sep 05 15:41:30 UTC 2020 /home/travis/build/icyphy/ptII/ptolemy/actor/lib/test/auto/DownSample.xml
----------------- Instantiating /home/travis/build/icyphy/ptII/ptolemy/actor/lib/test/auto/DownSample.xml
1 ms. Memory: 607232K Free: 300834K (50%)
----------------- Invoking toplevel() on ptolemy.moml.MoMLSimpleApplication@538f4096
----------------- Done invoking toplevel() on ptolemy.moml.MoMLSimpleApplication@538f4096
reloadAllAccessors: .DownSample

===========================================================================================
----------------- testing Sat Sep 05 15:41:30 UTC 2020 /home/travis/build/icyphy/ptII/ptolemy/actor/lib/test/auto/ElectronicUnitBase1.xml
----------------- Instantiating /home/travis/build/icyphy/ptII/ptolemy/actor/lib/test/auto/ElectronicUnitBase1.xml
20 ms. Memory: 607232K Free: 548644K (90%)
----------------- Invoking toplevel() on ptolemy.moml.MoMLSimpleApplication@76f467a5
----------------- Done invoking toplevel() on ptolemy.moml.MoMLSimpleApplication@76f467a5
reloadAllAccessors: .ElectronicUnitBase1

===========================================================================================
----------------- testing Sat Sep 05 15:41:30 UTC 2020 /home/travis/build/icyphy/ptII/ptolemy/actor/lib/test/auto/ElementsToArray.xml
----------------- Instantiating /home/travis/build/icyphy/ptII/ptolemy/actor/lib/test/auto/ElementsToArray.xml
3 ms. Memory: 607232K Free: 543524K (90%)
----------------- Invoking toplevel() on ptolemy.moml.MoMLSimpleApplication@3a0c2a34
----------------- Done invoking toplevel() on ptolemy.moml.MoMLSimpleApplication@3a0c2a34
reloadAllAccessors: .ElementsToArray

===========================================================================================
----------------- testing Sat Sep 05 15:41:30 UTC 2020 /home/travis/build/icyphy/ptII/ptolemy/actor/lib/test/auto/Equals.xml
----------------- Instantiating /home/travis/build/icyphy/ptII/ptolemy/actor/lib/test/auto/Equals.xml
3 ms. Memory: 607232K Free: 538914K (89%)
----------------- Invoking toplevel() on ptolemy.moml.MoMLSimpleApplication@58e0293a
----------------- Done invoking toplevel() on ptolemy.moml.MoMLSimpleApplication@58e0293a
reloadAllAccessors: .Equals

===========================================================================================
----------------- testing Sat Sep 05 15:41:30 UTC 2020 /home/travis/build/icyphy/ptII/ptolemy/actor/lib/test/auto/Exec.xml
----------------- Instantiating /home/travis/build/icyphy/ptII/ptolemy/actor/lib/test/auto/Exec.xml
14 ms. Memory: 607232K Free: 532770K (88%)
----------------- Invoking toplevel() on ptolemy.moml.MoMLSimpleApplication@20962d5e
----------------- Done invoking toplevel() on ptolemy.moml.MoMLSimpleApplication@20962d5e
reloadAllAccessors: .Exec

===========================================================================================
----------------- testing Sat Sep 05 15:41:30 UTC 2020 /home/travis/build/icyphy/ptII/ptolemy/actor/lib/test/auto/ExecEnvironment.xml
----------------- Instantiating /home/travis/build/icyphy/ptII/ptolemy/actor/lib/test/auto/ExecEnvironment.xml
29 ms. Memory: 607232K Free: 526626K (87%)
----------------- Invoking toplevel() on ptolemy.moml.MoMLSimpleApplication@2d49940a
----------------- Done invoking toplevel() on ptolemy.moml.MoMLSimpleApplication@2d49940a
reloadAllAccessors: .ExecEnvironment

===========================================================================================
----------------- testing Sat Sep 05 15:41:31 UTC 2020 /home/travis/build/icyphy/ptII/ptolemy/actor/lib/test/auto/ExecNonZeroReturnOutput.xml
----------------- Instantiating /home/travis/build/icyphy/ptII/ptolemy/actor/lib/test/auto/ExecNonZeroReturnOutput.xml
158 ms. Memory: 607232K Free: 515876K (85%)
----------------- Invoking toplevel() on ptolemy.moml.MoMLSimpleApplication@37201f72
----------------- Done invoking toplevel() on ptolemy.moml.MoMLSimpleApplication@37201f72
reloadAllAccessors: .ExecNonZeroReturnOutput

===========================================================================================
----------------- testing Sat Sep 05 15:41:31 UTC 2020 /home/travis/build/icyphy/ptII/ptolemy/actor/lib/test/auto/ExecRunDemos.xml
----------------- Instantiating /home/travis/build/icyphy/ptII/ptolemy/actor/lib/test/auto/ExecRunDemos.xml
Finished: 61 ms. Memory: 129024K Free: 112383K (87%)

Finished: 95 ms. Memory: 129024K Free: 109480K (85%)

Finished: 97 ms. Memory: 129024K Free: 109708K (85%)

Finished: 76 ms. Memory: 129024K Free: 110900K (86%)

Finished: 95 ms. Memory: 129024K Free: 111965K (87%)

10360 ms. Memory: 607232K Free: 494370K (81%)
----------------- Invoking toplevel() on ptolemy.moml.MoMLSimpleApplication@49f928fb
----------------- Done invoking toplevel() on ptolemy.moml.MoMLSimpleApplication@49f928fb
reloadAllAccessors: .ExecRunDemos

===========================================================================================
----------------- testing Sat Sep 05 15:41:41 UTC 2020 /home/travis/build/icyphy/ptII/ptolemy/actor/lib/test/auto/ExecStop.xml
----------------- Instantiating /home/travis/build/icyphy/ptII/ptolemy/actor/lib/test/auto/ExecStop.xml
5018 ms. Memory: 607232K Free: 356642K (59%)
----------------- Invoking toplevel() on ptolemy.moml.MoMLSimpleApplication@2342ba6c
----------------- Done invoking toplevel() on ptolemy.moml.MoMLSimpleApplication@2342ba6c
reloadAllAccessors: .ExecStop

===========================================================================================
----------------- testing Sat Sep 05 15:41:46 UTC 2020 /home/travis/build/icyphy/ptII/ptolemy/actor/lib/test/auto/ExecutionTimeSDF.xml
----------------- Instantiating /home/travis/build/icyphy/ptII/ptolemy/actor/lib/test/auto/ExecutionTimeSDF.xml
Fired ExecutionTime: -932567296
Fired ExecutionTime: 1337600000
Fired ExecutionTime: -201367296
6006 ms. Memory: 607232K Free: 344339K (57%)
----------------- Invoking toplevel() on ptolemy.moml.MoMLSimpleApplication@3584d49d
----------------- Done invoking toplevel() on ptolemy.moml.MoMLSimpleApplication@3584d49d
reloadAllAccessors: .ExecutionTimeSDF

===========================================================================================
----------------- testing Sat Sep 05 15:41:52 UTC 2020 /home/travis/build/icyphy/ptII/ptolemy/actor/lib/test/auto/Expression1.xml
----------------- Instantiating /home/travis/build/icyphy/ptII/ptolemy/actor/lib/test/auto/Expression1.xml
1 ms. Memory: 607232K Free: 340772K (56%)
----------------- Invoking toplevel() on ptolemy.moml.MoMLSimpleApplication@5d31c208
----------------- Done invoking toplevel() on ptolemy.moml.MoMLSimpleApplication@5d31c208
reloadAllAccessors: .Expression1

===========================================================================================
----------------- testing Sat Sep 05 15:41:52 UTC 2020 /home/travis/build/icyphy/ptII/ptolemy/actor/lib/test/auto/Expression10.xml
----------------- Instantiating /home/travis/build/icyphy/ptII/ptolemy/actor/lib/test/auto/Expression10.xml
5 ms. Memory: 607232K Free: 335652K (55%)
----------------- Invoking toplevel() on ptolemy.moml.MoMLSimpleApplication@c4d620
----------------- Done invoking toplevel() on ptolemy.moml.MoMLSimpleApplication@c4d620
reloadAllAccessors: .Expression10

===========================================================================================
----------------- testing Sat Sep 05 15:41:52 UTC 2020 /home/travis/build/icyphy/ptII/ptolemy/actor/lib/test/auto/Expression11.xml
----------------- Instantiating /home/travis/build/icyphy/ptII/ptolemy/actor/lib/test/auto/Expression11.xml
2 ms. Memory: 607232K Free: 331042K (55%)
----------------- Invoking toplevel() on ptolemy.moml.MoMLSimpleApplication@79577f86
----------------- Done invoking toplevel() on ptolemy.moml.MoMLSimpleApplication@79577f86
reloadAllAccessors: .Expression11

===========================================================================================
----------------- testing Sat Sep 05 15:41:52 UTC 2020 /home/travis/build/icyphy/ptII/ptolemy/actor/lib/test/auto/Expression12.xml
----------------- Instantiating /home/travis/build/icyphy/ptII/ptolemy/actor/lib/test/auto/Expression12.xml
2 ms. Memory: 607232K Free: 325412K (54%)
----------------- Invoking toplevel() on ptolemy.moml.MoMLSimpleApplication@485e193c
----------------- Done invoking toplevel() on ptolemy.moml.MoMLSimpleApplication@485e193c
reloadAllAccessors: .Expression12

===========================================================================================
----------------- testing Sat Sep 05 15:41:52 UTC 2020 /home/travis/build/icyphy/ptII/ptolemy/actor/lib/test/auto/Expression13.xml
----------------- Instantiating /home/travis/build/icyphy/ptII/ptolemy/actor/lib/test/auto/Expression13.xml
4 ms. Memory: 607232K Free: 320292K (53%)
----------------- Invoking toplevel() on ptolemy.moml.MoMLSimpleApplication@6735ac16
----------------- Done invoking toplevel() on ptolemy.moml.MoMLSimpleApplication@6735ac16
reloadAllAccessors: .Expression13

===========================================================================================
----------------- testing Sat Sep 05 15:41:52 UTC 2020 /home/travis/build/icyphy/ptII/ptolemy/actor/lib/test/auto/Expression14.xml
----------------- Instantiating /home/travis/build/icyphy/ptII/ptolemy/actor/lib/test/auto/Expression14.xml
7 ms. Memory: 607232K Free: 314148K (52%)
----------------- Invoking toplevel() on ptolemy.moml.MoMLSimpleApplication@13375e3d
----------------- Done invoking toplevel() on ptolemy.moml.MoMLSimpleApplication@13375e3d
reloadAllAccessors: .Expression14

===========================================================================================
----------------- testing Sat Sep 05 15:41:52 UTC 2020 /home/travis/build/icyphy/ptII/ptolemy/actor/lib/test/auto/Expression15.xml
----------------- Instantiating /home/travis/build/icyphy/ptII/ptolemy/actor/lib/test/auto/Expression15.xml
1 ms. Memory: 607232K Free: 310562K (51%)
----------------- Invoking toplevel() on ptolemy.moml.MoMLSimpleApplication@36311521
----------------- Done invoking toplevel() on ptolemy.moml.MoMLSimpleApplication@36311521
reloadAllAccessors: .Expression15

===========================================================================================
----------------- testing Sat Sep 05 15:41:52 UTC 2020 /home/travis/build/icyphy/ptII/ptolemy/actor/lib/test/auto/Expression16.xml
----------------- Instantiating /home/travis/build/icyphy/ptII/ptolemy/actor/lib/test/auto/Expression16.xml
3 ms. Memory: 607232K Free: 305442K (50%)
----------------- Invoking toplevel() on ptolemy.moml.MoMLSimpleApplication@191bac91
----------------- Done invoking toplevel() on ptolemy.moml.MoMLSimpleApplication@191bac91
reloadAllAccessors: .Expression16

===========================================================================================
----------------- testing Sat Sep 05 15:41:52 UTC 2020 /home/travis/build/icyphy/ptII/ptolemy/actor/lib/test/auto/Expression17.xml
----------------- Instantiating /home/travis/build/icyphy/ptII/ptolemy/actor/lib/test/auto/Expression17.xml
3 ms. Memory: 607232K Free: 300322K (49%)
----------------- Invoking toplevel() on ptolemy.moml.MoMLSimpleApplication@1f33a915
----------------- Done invoking toplevel() on ptolemy.moml.MoMLSimpleApplication@1f33a915
reloadAllAccessors: .Expression17

===========================================================================================
----------------- testing Sat Sep 05 15:41:52 UTC 2020 /home/travis/build/icyphy/ptII/ptolemy/actor/lib/test/auto/Expression18.xml
----------------- Instantiating /home/travis/build/icyphy/ptII/ptolemy/actor/lib/test/auto/Expression18.xml
3 ms. Memory: 607232K Free: 295202K (49%)
----------------- Invoking toplevel() on ptolemy.moml.MoMLSimpleApplication@568636f9
----------------- Done invoking toplevel() on ptolemy.moml.MoMLSimpleApplication@568636f9
reloadAllAccessors: .Expression18

===========================================================================================
----------------- testing Sat Sep 05 15:41:52 UTC 2020 /home/travis/build/icyphy/ptII/ptolemy/actor/lib/test/auto/Expression2.xml
----------------- Instantiating /home/travis/build/icyphy/ptII/ptolemy/actor/lib/test/auto/Expression2.xml
2 ms. Memory: 607232K Free: 290082K (48%)
----------------- Invoking toplevel() on ptolemy.moml.MoMLSimpleApplication@60ad8033
----------------- Done invoking toplevel() on ptolemy.moml.MoMLSimpleApplication@60ad8033
reloadAllAccessors: .Expression2

===========================================================================================
----------------- testing Sat Sep 05 15:41:52 UTC 2020 /home/travis/build/icyphy/ptII/ptolemy/actor/lib/test/auto/Expression3.xml
----------------- Instantiating /home/travis/build/icyphy/ptII/ptolemy/actor/lib/test/auto/Expression3.xml
5 ms. Memory: 607232K Free: 285476K (47%)
----------------- Invoking toplevel() on ptolemy.moml.MoMLSimpleApplication@3e58d2bb
----------------- Done invoking toplevel() on ptolemy.moml.MoMLSimpleApplication@3e58d2bb
reloadAllAccessors: .Expression3

===========================================================================================
----------------- testing Sat Sep 05 15:41:52 UTC 2020 /home/travis/build/icyphy/ptII/ptolemy/actor/lib/test/auto/Expression4.xml
----------------- Instantiating /home/travis/build/icyphy/ptII/ptolemy/actor/lib/test/auto/Expression4.xml
6 ms. Memory: 607232K Free: 277794K (46%)
----------------- Invoking toplevel() on ptolemy.moml.MoMLSimpleApplication@319ee537
----------------- Done invoking toplevel() on ptolemy.moml.MoMLSimpleApplication@319ee537
reloadAllAccessors: .Expression4

===========================================================================================
----------------- testing Sat Sep 05 15:41:52 UTC 2020 /home/travis/build/icyphy/ptII/ptolemy/actor/lib/test/auto/Expression5.xml
----------------- Instantiating /home/travis/build/icyphy/ptII/ptolemy/actor/lib/test/auto/Expression5.xml
3 ms. Memory: 607232K Free: 272674K (45%)
----------------- Invoking toplevel() on ptolemy.moml.MoMLSimpleApplication@2712aedd
----------------- Done invoking toplevel() on ptolemy.moml.MoMLSimpleApplication@2712aedd
reloadAllAccessors: .Expression5

===========================================================================================
----------------- testing Sat Sep 05 15:41:52 UTC 2020 /home/travis/build/icyphy/ptII/ptolemy/actor/lib/test/auto/Expression6.xml
----------------- Instantiating /home/travis/build/icyphy/ptII/ptolemy/actor/lib/test/auto/Expression6.xml
2 ms. Memory: 607232K Free: 268068K (44%)
----------------- Invoking toplevel() on ptolemy.moml.MoMLSimpleApplication@552701c7
----------------- Done invoking toplevel() on ptolemy.moml.MoMLSimpleApplication@552701c7
reloadAllAccessors: .Expression6

===========================================================================================
----------------- testing Sat Sep 05 15:41:52 UTC 2020 /home/travis/build/icyphy/ptII/ptolemy/actor/lib/test/auto/Expression7.xml
----------------- Instantiating /home/travis/build/icyphy/ptII/ptolemy/actor/lib/test/auto/Expression7.xml
2 ms. Memory: 607232K Free: 262948K (43%)
----------------- Invoking toplevel() on ptolemy.moml.MoMLSimpleApplication@46f5c0b9
----------------- Done invoking toplevel() on ptolemy.moml.MoMLSimpleApplication@46f5c0b9
reloadAllAccessors: .Expression7

===========================================================================================
----------------- testing Sat Sep 05 15:41:53 UTC 2020 /home/travis/build/icyphy/ptII/ptolemy/actor/lib/test/auto/Expression8.xml
----------------- Instantiating /home/travis/build/icyphy/ptII/ptolemy/actor/lib/test/auto/Expression8.xml
8 ms. Memory: 607232K Free: 257828K (42%)
----------------- Invoking toplevel() on ptolemy.moml.MoMLSimpleApplication@1131c65
----------------- Done invoking toplevel() on ptolemy.moml.MoMLSimpleApplication@1131c65
reloadAllAccessors: .Expression8

===========================================================================================
----------------- testing Sat Sep 05 15:41:53 UTC 2020 /home/travis/build/icyphy/ptII/ptolemy/actor/lib/test/auto/Expression9.xml
----------------- Instantiating /home/travis/build/icyphy/ptII/ptolemy/actor/lib/test/auto/Expression9.xml
2 ms. Memory: 607232K Free: 254242K (42%)
----------------- Invoking toplevel() on ptolemy.moml.MoMLSimpleApplication@85db03d
----------------- Done invoking toplevel() on ptolemy.moml.MoMLSimpleApplication@85db03d
reloadAllAccessors: .Expression9

===========================================================================================
----------------- testing Sat Sep 05 15:41:53 UTC 2020 /home/travis/build/icyphy/ptII/ptolemy/actor/lib/test/auto/ExpressionConcatenateArrayType.xml
----------------- Instantiating /home/travis/build/icyphy/ptII/ptolemy/actor/lib/test/auto/ExpressionConcatenateArrayType.xml
4 ms. Memory: 607232K Free: 247588K (41%)
----------------- Invoking toplevel() on ptolemy.moml.MoMLSimpleApplication@4d35c763
----------------- Done invoking toplevel() on ptolemy.moml.MoMLSimpleApplication@4d35c763
reloadAllAccessors: .ExpressionConcatenateArrayType

===========================================================================================
----------------- testing Sat Sep 05 15:41:53 UTC 2020 /home/travis/build/icyphy/ptII/ptolemy/actor/lib/test/auto/ExpressionConcatenateArrayType2.xml
----------------- Instantiating /home/travis/build/icyphy/ptII/ptolemy/actor/lib/test/auto/ExpressionConcatenateArrayType2.xml
2 ms. Memory: 607232K Free: 241954K (40%)
----------------- Invoking toplevel() on ptolemy.moml.MoMLSimpleApplication@540b0af2
----------------- Done invoking toplevel() on ptolemy.moml.MoMLSimpleApplication@540b0af2
reloadAllAccessors: .ExpressionConcatenateArrayType2

===========================================================================================
----------------- testing Sat Sep 05 15:41:53 UTC 2020 /home/travis/build/icyphy/ptII/ptolemy/actor/lib/test/auto/ExpressionFix.xml
----------------- Instantiating /home/travis/build/icyphy/ptII/ptolemy/actor/lib/test/auto/ExpressionFix.xml
20 ms. Memory: 607232K Free: 235300K (39%)
----------------- Invoking toplevel() on ptolemy.moml.MoMLSimpleApplication@60ab0c0c
----------------- Done invoking toplevel() on ptolemy.moml.MoMLSimpleApplication@60ab0c0c
reloadAllAccessors: .ExpressionFix

===========================================================================================
----------------- testing Sat Sep 05 15:41:53 UTC 2020 /home/travis/build/icyphy/ptII/ptolemy/actor/lib/test/auto/ExpressionFix2.xml
----------------- Instantiating /home/travis/build/icyphy/ptII/ptolemy/actor/lib/test/auto/ExpressionFix2.xml
2 ms. Memory: 607232K Free: 231204K (38%)
----------------- Invoking toplevel() on ptolemy.moml.MoMLSimpleApplication@3c636c9b
----------------- Done invoking toplevel() on ptolemy.moml.MoMLSimpleApplication@3c636c9b
reloadAllAccessors: .ExpressionFix2

===========================================================================================
----------------- testing Sat Sep 05 15:41:53 UTC 2020 /home/travis/build/icyphy/ptII/ptolemy/actor/lib/test/auto/ExpressionFix3.xml
----------------- Instantiating /home/travis/build/icyphy/ptII/ptolemy/actor/lib/test/auto/ExpressionFix3.xml
1 ms. Memory: 607232K Free: 226594K (37%)
----------------- Invoking toplevel() on ptolemy.moml.MoMLSimpleApplication@50c98992
----------------- Done invoking toplevel() on ptolemy.moml.MoMLSimpleApplication@50c98992
reloadAllAccessors: .ExpressionFix3

===========================================================================================
----------------- testing Sat Sep 05 15:41:53 UTC 2020 /home/travis/build/icyphy/ptII/ptolemy/actor/lib/test/auto/FileWriter1.xml
----------------- Instantiating /home/travis/build/icyphy/ptII/ptolemy/actor/lib/test/auto/FileWriter1.xml
2 ms. Memory: 607232K Free: 223012K (37%)
----------------- Invoking toplevel() on ptolemy.moml.MoMLSimpleApplication@2ef47889
----------------- Done invoking toplevel() on ptolemy.moml.MoMLSimpleApplication@2ef47889
reloadAllAccessors: .FileWriter1

===========================================================================================
----------------- testing Sat Sep 05 15:41:53 UTC 2020 /home/travis/build/icyphy/ptII/ptolemy/actor/lib/test/auto/FileWriter2.xml
----------------- Instantiating /home/travis/build/icyphy/ptII/ptolemy/actor/lib/test/auto/FileWriter2.xml
2 ms. Memory: 607232K Free: 218387K (36%)
----------------- Invoking toplevel() on ptolemy.moml.MoMLSimpleApplication@5318556b
----------------- Done invoking toplevel() on ptolemy.moml.MoMLSimpleApplication@5318556b
reloadAllAccessors: .FileWriter2

===========================================================================================
----------------- testing Sat Sep 05 15:41:53 UTC 2020 /home/travis/build/icyphy/ptII/ptolemy/actor/lib/test/auto/FileWriter3.xml
----------------- Instantiating /home/travis/build/icyphy/ptII/ptolemy/actor/lib/test/auto/FileWriter3.xml
1 ms. Memory: 607232K Free: 214306K (35%)
----------------- Invoking toplevel() on ptolemy.moml.MoMLSimpleApplication@4969b551
----------------- Done invoking toplevel() on ptolemy.moml.MoMLSimpleApplication@4969b551
reloadAllAccessors: .FileWriter3

===========================================================================================
----------------- testing Sat Sep 05 15:41:53 UTC 2020 /home/travis/build/icyphy/ptII/ptolemy/actor/lib/test/auto/Gaussian.xml
----------------- Instantiating /home/travis/build/icyphy/ptII/ptolemy/actor/lib/test/auto/Gaussian.xml
4 ms. Memory: 607232K Free: 209700K (35%)
----------------- Invoking toplevel() on ptolemy.moml.MoMLSimpleApplication@60a676a7
----------------- Done invoking toplevel() on ptolemy.moml.MoMLSimpleApplication@60a676a7
reloadAllAccessors: .Gaussian

===========================================================================================
----------------- testing Sat Sep 05 15:41:53 UTC 2020 /home/travis/build/icyphy/ptII/ptolemy/actor/lib/test/auto/Gaussian1.xml
----------------- Instantiating /home/travis/build/icyphy/ptII/ptolemy/actor/lib/test/auto/Gaussian1.xml
1 ms. Memory: 607232K Free: 555298K (91%)
----------------- Invoking toplevel() on ptolemy.moml.MoMLSimpleApplication@37d2e051
----------------- Done invoking toplevel() on ptolemy.moml.MoMLSimpleApplication@37d2e051
reloadAllAccessors: .Gaussian1

===========================================================================================
----------------- testing Sat Sep 05 15:41:53 UTC 2020 /home/travis/build/icyphy/ptII/ptolemy/actor/lib/test/auto/Gaussian2.xml
----------------- Instantiating /home/travis/build/icyphy/ptII/ptolemy/actor/lib/test/auto/Gaussian2.xml
8 ms. Memory: 607232K Free: 549668K (91%)
----------------- Invoking toplevel() on ptolemy.moml.MoMLSimpleApplication@7b38508f
----------------- Done invoking toplevel() on ptolemy.moml.MoMLSimpleApplication@7b38508f
reloadAllAccessors: .Gaussian2

===========================================================================================
----------------- testing Sat Sep 05 15:41:53 UTC 2020 /home/travis/build/icyphy/ptII/ptolemy/actor/lib/test/auto/GradientAdaptiveLattice.xml
----------------- Instantiating /home/travis/build/icyphy/ptII/ptolemy/actor/lib/test/auto/GradientAdaptiveLattice.xml
2 ms. Memory: 607232K Free: 544548K (90%)
----------------- Invoking toplevel() on ptolemy.moml.MoMLSimpleApplication@4671e149
----------------- Done invoking toplevel() on ptolemy.moml.MoMLSimpleApplication@4671e149
reloadAllAccessors: .GradientAdaptiveLattice

===========================================================================================
----------------- testing Sat Sep 05 15:41:53 UTC 2020 /home/travis/build/icyphy/ptII/ptolemy/actor/lib/test/auto/IIR.xml
----------------- Instantiating /home/travis/build/icyphy/ptII/ptolemy/actor/lib/test/auto/IIR.xml
1 ms. Memory: 607232K Free: 539938K (89%)
----------------- Invoking toplevel() on ptolemy.moml.MoMLSimpleApplication@fc48d2f
----------------- Done invoking toplevel() on ptolemy.moml.MoMLSimpleApplication@fc48d2f
reloadAllAccessors: .IIR

===========================================================================================
----------------- testing Sat Sep 05 15:41:53 UTC 2020 /home/travis/build/icyphy/ptII/ptolemy/actor/lib/test/auto/InputOutputTransparentPorts.xml
----------------- Instantiating /home/travis/build/icyphy/ptII/ptolemy/actor/lib/test/auto/InputOutputTransparentPorts.xml
1 ms. Memory: 607232K Free: 532770K (88%)
----------------- Invoking toplevel() on ptolemy.moml.MoMLSimpleApplication@2f810bb0
----------------- Done invoking toplevel() on ptolemy.moml.MoMLSimpleApplication@2f810bb0
reloadAllAccessors: .InputOutputTransparentPorts

===========================================================================================
----------------- testing Sat Sep 05 15:41:53 UTC 2020 /home/travis/build/icyphy/ptII/ptolemy/actor/lib/test/auto/Interpolator.xml
----------------- Instantiating /home/travis/build/icyphy/ptII/ptolemy/actor/lib/test/auto/Interpolator.xml
3 ms. Memory: 607232K Free: 528674K (87%)
----------------- Invoking toplevel() on ptolemy.moml.MoMLSimpleApplication@3c9a6240
----------------- Done invoking toplevel() on ptolemy.moml.MoMLSimpleApplication@3c9a6240
reloadAllAccessors: .Interpolator

===========================================================================================
----------------- testing Sat Sep 05 15:41:53 UTC 2020 /home/travis/build/icyphy/ptII/ptolemy/actor/lib/test/auto/InterpolatorFiringLimitDE.xml
----------------- Instantiating /home/travis/build/icyphy/ptII/ptolemy/actor/lib/test/auto/InterpolatorFiringLimitDE.xml
2 ms. Memory: 607232K Free: 522530K (86%)
----------------- Invoking toplevel() on ptolemy.moml.MoMLSimpleApplication@43d7d2b2
----------------- Done invoking toplevel() on ptolemy.moml.MoMLSimpleApplication@43d7d2b2
reloadAllAccessors: .InterpolatorFiringLimitDE

===========================================================================================
----------------- testing Sat Sep 05 15:41:53 UTC 2020 /home/travis/build/icyphy/ptII/ptolemy/actor/lib/test/auto/Lattice.xml
----------------- Instantiating /home/travis/build/icyphy/ptII/ptolemy/actor/lib/test/auto/Lattice.xml
1 ms. Memory: 607232K Free: 518434K (85%)
----------------- Invoking toplevel() on ptolemy.moml.MoMLSimpleApplication@77e6975f
----------------- Done invoking toplevel() on ptolemy.moml.MoMLSimpleApplication@77e6975f
reloadAllAccessors: .Lattice

===========================================================================================
----------------- testing Sat Sep 05 15:41:53 UTC 2020 /home/travis/build/icyphy/ptII/ptolemy/actor/lib/test/auto/LazyAOCTestLazy.xml
----------------- Instantiating /home/travis/build/icyphy/ptII/ptolemy/actor/lib/test/auto/LazyAOCTestLazy.xml
18 ms. Memory: 607232K Free: 512275K (84%)
----------------- Invoking toplevel() on ptolemy.moml.MoMLSimpleApplication@7e4d484a
----------------- Done invoking toplevel() on ptolemy.moml.MoMLSimpleApplication@7e4d484a
reloadAllAccessors: .LazyAOCTestLazy

===========================================================================================
----------------- testing Sat Sep 05 15:41:53 UTC 2020 /home/travis/build/icyphy/ptII/ptolemy/actor/lib/test/auto/LazyAOCTestNonLazy.xml
----------------- Instantiating /home/travis/build/icyphy/ptII/ptolemy/actor/lib/test/auto/LazyAOCTestNonLazy.xml
2 ms. Memory: 607232K Free: 506146K (83%)
----------------- Invoking toplevel() on ptolemy.moml.MoMLSimpleApplication@211060fd
----------------- Done invoking toplevel() on ptolemy.moml.MoMLSimpleApplication@211060fd
reloadAllAccessors: .LazyAOCTestNonLazy

===========================================================================================
----------------- testing Sat Sep 05 15:41:53 UTC 2020 /home/travis/build/icyphy/ptII/ptolemy/actor/lib/test/auto/LazyInnerClass.xml
----------------- Instantiating /home/travis/build/icyphy/ptII/ptolemy/actor/lib/test/auto/LazyInnerClass.xml
10 ms. Memory: 607232K Free: 497444K (82%)
----------------- Invoking toplevel() on ptolemy.moml.MoMLSimpleApplication@44387e40
----------------- Done invoking toplevel() on ptolemy.moml.MoMLSimpleApplication@44387e40
reloadAllAccessors: .LazyInnerClass

===========================================================================================
----------------- testing Sat Sep 05 15:41:53 UTC 2020 /home/travis/build/icyphy/ptII/ptolemy/actor/lib/test/auto/LazyPubSub.xml
----------------- Instantiating /home/travis/build/icyphy/ptII/ptolemy/actor/lib/test/auto/LazyPubSub.xml
26 ms. Memory: 607232K Free: 487204K (80%)
----------------- Invoking toplevel() on ptolemy.moml.MoMLSimpleApplication@6f6ee28a
----------------- Done invoking toplevel() on ptolemy.moml.MoMLSimpleApplication@6f6ee28a
reloadAllAccessors: .LazyPubSub

===========================================================================================
----------------- testing Sat Sep 05 15:41:53 UTC 2020 /home/travis/build/icyphy/ptII/ptolemy/actor/lib/test/auto/LazyPubSub2.xml
----------------- Instantiating /home/travis/build/icyphy/ptII/ptolemy/actor/lib/test/auto/LazyPubSub2.xml
15 ms. Memory: 607232K Free: 477474K (79%)
----------------- Invoking toplevel() on ptolemy.moml.MoMLSimpleApplication@4b8b606c
----------------- Done invoking toplevel() on ptolemy.moml.MoMLSimpleApplication@4b8b606c
reloadAllAccessors: .LazyPubSub2

===========================================================================================
----------------- testing Sat Sep 05 15:41:53 UTC 2020 /home/travis/build/icyphy/ptII/ptolemy/actor/lib/test/auto/LazyPubSub3.xml
----------------- Instantiating /home/travis/build/icyphy/ptII/ptolemy/actor/lib/test/auto/LazyPubSub3.xml
14 ms. Memory: 607232K Free: 467234K (77%)
----------------- Invoking toplevel() on ptolemy.moml.MoMLSimpleApplication@655eef38
----------------- Done invoking toplevel() on ptolemy.moml.MoMLSimpleApplication@655eef38
reloadAllAccessors: .LazyPubSub3

===========================================================================================
----------------- testing Sat Sep 05 15:41:53 UTC 2020 /home/travis/build/icyphy/ptII/ptolemy/actor/lib/test/auto/LazySubClassModel.xml
----------------- Instantiating /home/travis/build/icyphy/ptII/ptolemy/actor/lib/test/auto/LazySubClassModel.xml
7 ms. Memory: 607232K Free: 458018K (75%)
----------------- Invoking toplevel() on ptolemy.moml.MoMLSimpleApplication@5a3c12fa
----------------- Done invoking toplevel() on ptolemy.moml.MoMLSimpleApplication@5a3c12fa
reloadAllAccessors: .LazySubClassModel

===========================================================================================
----------------- testing Sat Sep 05 15:41:53 UTC 2020 /home/travis/build/icyphy/ptII/ptolemy/actor/lib/test/auto/LevelCrossTest1.xml
----------------- Instantiating /home/travis/build/icyphy/ptII/ptolemy/actor/lib/test/auto/LevelCrossTest1.xml
2 ms. Memory: 607232K Free: 452388K (75%)
----------------- Invoking toplevel() on ptolemy.moml.MoMLSimpleApplication@20a374b3
----------------- Done invoking toplevel() on ptolemy.moml.MoMLSimpleApplication@20a374b3
reloadAllAccessors: .broken

===========================================================================================
----------------- testing Sat Sep 05 15:41:53 UTC 2020 /home/travis/build/icyphy/ptII/ptolemy/actor/lib/test/auto/LevelCrossTest10.xml
----------------- Instantiating /home/travis/build/icyphy/ptII/ptolemy/actor/lib/test/auto/LevelCrossTest10.xml
1 ms. Memory: 607232K Free: 444196K (73%)
----------------- Invoking toplevel() on ptolemy.moml.MoMLSimpleApplication@7ade7562
----------------- Done invoking toplevel() on ptolemy.moml.MoMLSimpleApplication@7ade7562
reloadAllAccessors: .LevelCrossTest10

===========================================================================================
----------------- testing Sat Sep 05 15:41:53 UTC 2020 /home/travis/build/icyphy/ptII/ptolemy/actor/lib/test/auto/LevelCrossTest11.xml
----------------- Instantiating /home/travis/build/icyphy/ptII/ptolemy/actor/lib/test/auto/LevelCrossTest11.xml
1 ms. Memory: 607232K Free: 437538K (72%)
----------------- Invoking toplevel() on ptolemy.moml.MoMLSimpleApplication@43dc1cab
----------------- Done invoking toplevel() on ptolemy.moml.MoMLSimpleApplication@43dc1cab
reloadAllAccessors: .LevelCrossTest11

===========================================================================================
----------------- testing Sat Sep 05 15:41:53 UTC 2020 /home/travis/build/icyphy/ptII/ptolemy/actor/lib/test/auto/LevelCrossTest12.xml
----------------- Instantiating /home/travis/build/icyphy/ptII/ptolemy/actor/lib/test/auto/LevelCrossTest12.xml
1 ms. Memory: 607232K Free: 430370K (71%)
----------------- Invoking toplevel() on ptolemy.moml.MoMLSimpleApplication@5201f409
----------------- Done invoking toplevel() on ptolemy.moml.MoMLSimpleApplication@5201f409
reloadAllAccessors: .LevelCrossTest12

===========================================================================================
----------------- testing Sat Sep 05 15:41:53 UTC 2020 /home/travis/build/icyphy/ptII/ptolemy/actor/lib/test/auto/LevelCrossTest13.xml
----------------- Instantiating /home/travis/build/icyphy/ptII/ptolemy/actor/lib/test/auto/LevelCrossTest13.xml
1 ms. Memory: 607232K Free: 423202K (70%)
----------------- Invoking toplevel() on ptolemy.moml.MoMLSimpleApplication@5abc0ab1
----------------- Done invoking toplevel() on ptolemy.moml.MoMLSimpleApplication@5abc0ab1
reloadAllAccessors: .LevelCrossTest13

===========================================================================================
----------------- testing Sat Sep 05 15:41:53 UTC 2020 /home/travis/build/icyphy/ptII/ptolemy/actor/lib/test/auto/LevelCrossTest2.xml
----------------- Instantiating /home/travis/build/icyphy/ptII/ptolemy/actor/lib/test/auto/LevelCrossTest2.xml
1 ms. Memory: 607232K Free: 418082K (69%)
----------------- Invoking toplevel() on ptolemy.moml.MoMLSimpleApplication@12f17991
----------------- Done invoking toplevel() on ptolemy.moml.MoMLSimpleApplication@12f17991
reloadAllAccessors: .broken

===========================================================================================
----------------- testing Sat Sep 05 15:41:53 UTC 2020 /home/travis/build/icyphy/ptII/ptolemy/actor/lib/test/auto/LevelCrossTest3.xml
----------------- Instantiating /home/travis/build/icyphy/ptII/ptolemy/actor/lib/test/auto/LevelCrossTest3.xml
2 ms. Memory: 607232K Free: 411428K (68%)
----------------- Invoking toplevel() on ptolemy.moml.MoMLSimpleApplication@3d96c37
----------------- Done invoking toplevel() on ptolemy.moml.MoMLSimpleApplication@3d96c37
reloadAllAccessors: .LevelCrossTest3

===========================================================================================
----------------- testing Sat Sep 05 15:41:53 UTC 2020 /home/travis/build/icyphy/ptII/ptolemy/actor/lib/test/auto/LevelCrossTest4.xml
----------------- Instantiating /home/travis/build/icyphy/ptII/ptolemy/actor/lib/test/auto/LevelCrossTest4.xml
1 ms. Memory: 607232K Free: 405794K (67%)
----------------- Invoking toplevel() on ptolemy.moml.MoMLSimpleApplication@3fbc3d53
----------------- Done invoking toplevel() on ptolemy.moml.MoMLSimpleApplication@3fbc3d53
reloadAllAccessors: .broken

===========================================================================================
----------------- testing Sat Sep 05 15:41:53 UTC 2020 /home/travis/build/icyphy/ptII/ptolemy/actor/lib/test/auto/LevelCrossTest5.xml
----------------- Instantiating /home/travis/build/icyphy/ptII/ptolemy/actor/lib/test/auto/LevelCrossTest5.xml
2 ms. Memory: 607232K Free: 399140K (66%)
----------------- Invoking toplevel() on ptolemy.moml.MoMLSimpleApplication@63a97c4c
----------------- Done invoking toplevel() on ptolemy.moml.MoMLSimpleApplication@63a97c4c
reloadAllAccessors: .LevelCrossTest5

===========================================================================================
----------------- testing Sat Sep 05 15:41:53 UTC 2020 /home/travis/build/icyphy/ptII/ptolemy/actor/lib/test/auto/LevelCrossTest6.xml
----------------- Instantiating /home/travis/build/icyphy/ptII/ptolemy/actor/lib/test/auto/LevelCrossTest6.xml
1 ms. Memory: 607232K Free: 392482K (65%)
----------------- Invoking toplevel() on ptolemy.moml.MoMLSimpleApplication@3f49b819
----------------- Done invoking toplevel() on ptolemy.moml.MoMLSimpleApplication@3f49b819
reloadAllAccessors: .LevelCrossTest6

===========================================================================================
----------------- testing Sat Sep 05 15:41:53 UTC 2020 /home/travis/build/icyphy/ptII/ptolemy/actor/lib/test/auto/LevelCrossTest7.xml
----------------- Instantiating /home/travis/build/icyphy/ptII/ptolemy/actor/lib/test/auto/LevelCrossTest7.xml
1 ms. Memory: 607232K Free: 385314K (63%)
----------------- Invoking toplevel() on ptolemy.moml.MoMLSimpleApplication@11af4cbe
----------------- Done invoking toplevel() on ptolemy.moml.MoMLSimpleApplication@11af4cbe
reloadAllAccessors: .LevelCrossTest7

===========================================================================================
----------------- testing Sat Sep 05 15:41:53 UTC 2020 /home/travis/build/icyphy/ptII/ptolemy/actor/lib/test/auto/LevelCrossTest8.xml
----------------- Instantiating /home/travis/build/icyphy/ptII/ptolemy/actor/lib/test/auto/LevelCrossTest8.xml
1 ms. Memory: 607232K Free: 378146K (62%)
----------------- Invoking toplevel() on ptolemy.moml.MoMLSimpleApplication@5f5877f1
----------------- Done invoking toplevel() on ptolemy.moml.MoMLSimpleApplication@5f5877f1
reloadAllAccessors: .LevelCrossTest8

===========================================================================================
----------------- testing Sat Sep 05 15:41:53 UTC 2020 /home/travis/build/icyphy/ptII/ptolemy/actor/lib/test/auto/LevelCrossTest9.xml
----------------- Instantiating /home/travis/build/icyphy/ptII/ptolemy/actor/lib/test/auto/LevelCrossTest9.xml
15 ms. Memory: 607232K Free: 371492K (61%)
----------------- Invoking toplevel() on ptolemy.moml.MoMLSimpleApplication@19db5e39
----------------- Done invoking toplevel() on ptolemy.moml.MoMLSimpleApplication@19db5e39
reloadAllAccessors: .LevelCrossTest9

===========================================================================================
----------------- testing Sat Sep 05 15:41:53 UTC 2020 /home/travis/build/icyphy/ptII/ptolemy/actor/lib/test/auto/LevinsonDurbin.xml
----------------- Instantiating /home/travis/build/icyphy/ptII/ptolemy/actor/lib/test/auto/LevinsonDurbin.xml
1 ms. Memory: 607232K Free: 367396K (61%)
----------------- Invoking toplevel() on ptolemy.moml.MoMLSimpleApplication@32908a8d
----------------- Done invoking toplevel() on ptolemy.moml.MoMLSimpleApplication@32908a8d
reloadAllAccessors: .LevinsonDurbin

===========================================================================================
----------------- testing Sat Sep 05 15:41:53 UTC 2020 /home/travis/build/icyphy/ptII/ptolemy/actor/lib/test/auto/LevinsonDurbin2.xml
----------------- Instantiating /home/travis/build/icyphy/ptII/ptolemy/actor/lib/test/auto/LevinsonDurbin2.xml
1 ms. Memory: 607232K Free: 363300K (60%)
----------------- Invoking toplevel() on ptolemy.moml.MoMLSimpleApplication@46d35b2
----------------- Done invoking toplevel() on ptolemy.moml.MoMLSimpleApplication@46d35b2
reloadAllAccessors: .LevinsonDurbin2

===========================================================================================
----------------- testing Sat Sep 05 15:41:53 UTC 2020 /home/travis/build/icyphy/ptII/ptolemy/actor/lib/test/auto/LevinsonDurbin3.xml
----------------- Instantiating /home/travis/build/icyphy/ptII/ptolemy/actor/lib/test/auto/LevinsonDurbin3.xml
3 ms. Memory: 607232K Free: 359204K (59%)
----------------- Invoking toplevel() on ptolemy.moml.MoMLSimpleApplication@603d1edb
----------------- Done invoking toplevel() on ptolemy.moml.MoMLSimpleApplication@603d1edb
reloadAllAccessors: .LevinsonDurbin3

===========================================================================================
----------------- testing Sat Sep 05 15:41:53 UTC 2020 /home/travis/build/icyphy/ptII/ptolemy/actor/lib/test/auto/Limiter.xml
----------------- Instantiating /home/travis/build/icyphy/ptII/ptolemy/actor/lib/test/auto/Limiter.xml
4 ms. Memory: 607232K Free: 349988K (58%)
----------------- Invoking toplevel() on ptolemy.moml.MoMLSimpleApplication@6a250b71
----------------- Done invoking toplevel() on ptolemy.moml.MoMLSimpleApplication@6a250b71
reloadAllAccessors: .Limiter

===========================================================================================
----------------- testing Sat Sep 05 15:41:54 UTC 2020 /home/travis/build/icyphy/ptII/ptolemy/actor/lib/test/auto/LinearDifferenceEquationSystem.xml
----------------- Instantiating /home/travis/build/icyphy/ptII/ptolemy/actor/lib/test/auto/LinearDifferenceEquationSystem.xml
4 ms. Memory: 607232K Free: 342820K (56%)
----------------- Invoking toplevel() on ptolemy.moml.MoMLSimpleApplication@61a9d890
----------------- Done invoking toplevel() on ptolemy.moml.MoMLSimpleApplication@61a9d890
reloadAllAccessors: .LinearDifferenceEquationSystem

===========================================================================================
----------------- testing Sat Sep 05 15:41:54 UTC 2020 /home/travis/build/icyphy/ptII/ptolemy/actor/lib/test/auto/LookupTable.xml
----------------- Instantiating /home/travis/build/icyphy/ptII/ptolemy/actor/lib/test/auto/LookupTable.xml
2 ms. Memory: 607232K Free: 338210K (56%)
----------------- Invoking toplevel() on ptolemy.moml.MoMLSimpleApplication@264335e5
----------------- Done invoking toplevel() on ptolemy.moml.MoMLSimpleApplication@264335e5
reloadAllAccessors: .LookupTable

===========================================================================================
----------------- testing Sat Sep 05 15:41:54 UTC 2020 /home/travis/build/icyphy/ptII/ptolemy/actor/lib/test/auto/MathFunction.xml
----------------- Instantiating /home/travis/build/icyphy/ptII/ptolemy/actor/lib/test/auto/MathFunction.xml
5 ms. Memory: 607232K Free: 330018K (54%)
----------------- Invoking toplevel() on ptolemy.moml.MoMLSimpleApplication@2f9d75b2
----------------- Done invoking toplevel() on ptolemy.moml.MoMLSimpleApplication@2f9d75b2
reloadAllAccessors: .MathFunction

===========================================================================================
----------------- testing Sat Sep 05 15:41:54 UTC 2020 /home/travis/build/icyphy/ptII/ptolemy/actor/lib/test/auto/MathFunction2.xml
----------------- Instantiating /home/travis/build/icyphy/ptII/ptolemy/actor/lib/test/auto/MathFunction2.xml
7 ms. Memory: 607232K Free: 325922K (54%)
----------------- Invoking toplevel() on ptolemy.moml.MoMLSimpleApplication@2d35f828
----------------- Done invoking toplevel() on ptolemy.moml.MoMLSimpleApplication@2d35f828
reloadAllAccessors: .MathFunction2

===========================================================================================
----------------- testing Sat Sep 05 15:41:54 UTC 2020 /home/travis/build/icyphy/ptII/ptolemy/actor/lib/test/auto/MathFunction3.xml
----------------- Instantiating /home/travis/build/icyphy/ptII/ptolemy/actor/lib/test/auto/MathFunction3.xml
3 ms. Memory: 607232K Free: 318754K (52%)
----------------- Invoking toplevel() on ptolemy.moml.MoMLSimpleApplication@9a56244
----------------- Done invoking toplevel() on ptolemy.moml.MoMLSimpleApplication@9a56244
reloadAllAccessors: .MathFunction3

===========================================================================================
----------------- testing Sat Sep 05 15:41:54 UTC 2020 /home/travis/build/icyphy/ptII/ptolemy/actor/lib/test/auto/MatrixCropBoolean.xml
----------------- Instantiating /home/travis/build/icyphy/ptII/ptolemy/actor/lib/test/auto/MatrixCropBoolean.xml
2 ms. Memory: 607232K Free: 313603K (52%)
----------------- Invoking toplevel() on ptolemy.moml.MoMLSimpleApplication@7e55ef75
----------------- Done invoking toplevel() on ptolemy.moml.MoMLSimpleApplication@7e55ef75
reloadAllAccessors: .MatrixCropBoolean

===========================================================================================
----------------- testing Sat Sep 05 15:41:54 UTC 2020 /home/travis/build/icyphy/ptII/ptolemy/actor/lib/test/auto/MatrixCropComplex.xml
----------------- Instantiating /home/travis/build/icyphy/ptII/ptolemy/actor/lib/test/auto/MatrixCropComplex.xml
1 ms. Memory: 607232K Free: 308507K (51%)
----------------- Invoking toplevel() on ptolemy.moml.MoMLSimpleApplication@67697bd7
----------------- Done invoking toplevel() on ptolemy.moml.MoMLSimpleApplication@67697bd7
reloadAllAccessors: .MatrixCropComplex

===========================================================================================
----------------- testing Sat Sep 05 15:41:54 UTC 2020 /home/travis/build/icyphy/ptII/ptolemy/actor/lib/test/auto/MatrixCropDouble.xml
----------------- Instantiating /home/travis/build/icyphy/ptII/ptolemy/actor/lib/test/auto/MatrixCropDouble.xml
2 ms. Memory: 607232K Free: 303363K (50%)
----------------- Invoking toplevel() on ptolemy.moml.MoMLSimpleApplication@1f37ceb5
----------------- Done invoking toplevel() on ptolemy.moml.MoMLSimpleApplication@1f37ceb5
reloadAllAccessors: .MatrixCropDouble

===========================================================================================
----------------- testing Sat Sep 05 15:41:54 UTC 2020 /home/travis/build/icyphy/ptII/ptolemy/actor/lib/test/auto/MatrixCropFix.xml
----------------- Instantiating /home/travis/build/icyphy/ptII/ptolemy/actor/lib/test/auto/MatrixCropFix.xml
2 ms. Memory: 607232K Free: 298267K (49%)
----------------- Invoking toplevel() on ptolemy.moml.MoMLSimpleApplication@3cb94b49
----------------- Done invoking toplevel() on ptolemy.moml.MoMLSimpleApplication@3cb94b49
reloadAllAccessors: .MatrixCropFix

===========================================================================================
----------------- testing Sat Sep 05 15:41:54 UTC 2020 /home/travis/build/icyphy/ptII/ptolemy/actor/lib/test/auto/MatrixCropInt.xml
----------------- Instantiating /home/travis/build/icyphy/ptII/ptolemy/actor/lib/test/auto/MatrixCropInt.xml
2 ms. Memory: 607232K Free: 293139K (48%)
----------------- Invoking toplevel() on ptolemy.moml.MoMLSimpleApplication@139b1c8b
----------------- Done invoking toplevel() on ptolemy.moml.MoMLSimpleApplication@139b1c8b
reloadAllAccessors: .MatrixCropInt

===========================================================================================
----------------- testing Sat Sep 05 15:41:54 UTC 2020 /home/travis/build/icyphy/ptII/ptolemy/actor/lib/test/auto/MatrixCropLong.xml
----------------- Instantiating /home/travis/build/icyphy/ptII/ptolemy/actor/lib/test/auto/MatrixCropLong.xml
2 ms. Memory: 607232K Free: 288003K (47%)
----------------- Invoking toplevel() on ptolemy.moml.MoMLSimpleApplication@5a6bba94
----------------- Done invoking toplevel() on ptolemy.moml.MoMLSimpleApplication@5a6bba94
reloadAllAccessors: .MatrixCropLong

===========================================================================================
----------------- testing Sat Sep 05 15:41:54 UTC 2020 /home/travis/build/icyphy/ptII/ptolemy/actor/lib/test/auto/MatrixToArray.xml
----------------- Instantiating /home/travis/build/icyphy/ptII/ptolemy/actor/lib/test/auto/MatrixToArray.xml
10 ms. Memory: 607232K Free: 272674K (45%)
----------------- Invoking toplevel() on ptolemy.moml.MoMLSimpleApplication@6eab9caf
----------------- Done invoking toplevel() on ptolemy.moml.MoMLSimpleApplication@6eab9caf
reloadAllAccessors: .MatrixToArray

===========================================================================================
----------------- testing Sat Sep 05 15:41:54 UTC 2020 /home/travis/build/icyphy/ptII/ptolemy/actor/lib/test/auto/MaxIndex.xml
----------------- Instantiating /home/travis/build/icyphy/ptII/ptolemy/actor/lib/test/auto/MaxIndex.xml
2 ms. Memory: 607232K Free: 267554K (44%)
----------------- Invoking toplevel() on ptolemy.moml.MoMLSimpleApplication@642b52da
----------------- Done invoking toplevel() on ptolemy.moml.MoMLSimpleApplication@642b52da
reloadAllAccessors: .MaxIndex

===========================================================================================
----------------- testing Sat Sep 05 15:41:54 UTC 2020 /home/travis/build/icyphy/ptII/ptolemy/actor/lib/test/auto/Maximum.xml
----------------- Instantiating /home/travis/build/icyphy/ptII/ptolemy/actor/lib/test/auto/Maximum.xml
2 ms. Memory: 607232K Free: 260900K (43%)
----------------- Invoking toplevel() on ptolemy.moml.MoMLSimpleApplication@29d1b1db
----------------- Done invoking toplevel() on ptolemy.moml.MoMLSimpleApplication@29d1b1db
reloadAllAccessors: .Maximum

===========================================================================================
----------------- testing Sat Sep 05 15:41:54 UTC 2020 /home/travis/build/icyphy/ptII/ptolemy/actor/lib/test/auto/MaximumComplex.xml
----------------- Instantiating /home/travis/build/icyphy/ptII/ptolemy/actor/lib/test/auto/MaximumComplex.xml
5 ms. Memory: 607232K Free: 254756K (42%)
----------------- Invoking toplevel() on ptolemy.moml.MoMLSimpleApplication@6f3de737
----------------- Done invoking toplevel() on ptolemy.moml.MoMLSimpleApplication@6f3de737
reloadAllAccessors: .MaximumComplex

===========================================================================================
----------------- testing Sat Sep 05 15:41:54 UTC 2020 /home/travis/build/icyphy/ptII/ptolemy/actor/lib/test/auto/MethodCallTest.xml
----------------- Instantiating /home/travis/build/icyphy/ptII/ptolemy/actor/lib/test/auto/MethodCallTest.xml
3 ms. Memory: 607232K Free: 248098K (41%)
----------------- Invoking toplevel() on ptolemy.moml.MoMLSimpleApplication@74f9381c
----------------- Done invoking toplevel() on ptolemy.moml.MoMLSimpleApplication@74f9381c
reloadAllAccessors: .MethodCallTest

===========================================================================================
----------------- testing Sat Sep 05 15:41:54 UTC 2020 /home/travis/build/icyphy/ptII/ptolemy/actor/lib/test/auto/Minimum.xml
----------------- Instantiating /home/travis/build/icyphy/ptII/ptolemy/actor/lib/test/auto/Minimum.xml
2 ms. Memory: 607232K Free: 241444K (40%)
----------------- Invoking toplevel() on ptolemy.moml.MoMLSimpleApplication@7408d664
----------------- Done invoking toplevel() on ptolemy.moml.MoMLSimpleApplication@7408d664
reloadAllAccessors: .Minimum

===========================================================================================
----------------- testing Sat Sep 05 15:41:54 UTC 2020 /home/travis/build/icyphy/ptII/ptolemy/actor/lib/test/auto/MinimumComplex.xml
----------------- Instantiating /home/travis/build/icyphy/ptII/ptolemy/actor/lib/test/auto/MinimumComplex.xml
3 ms. Memory: 607232K Free: 235300K (39%)
----------------- Invoking toplevel() on ptolemy.moml.MoMLSimpleApplication@5e6dd997
----------------- Done invoking toplevel() on ptolemy.moml.MoMLSimpleApplication@5e6dd997
reloadAllAccessors: .MinimumComplex

===========================================================================================
----------------- testing Sat Sep 05 15:41:54 UTC 2020 /home/travis/build/icyphy/ptII/ptolemy/actor/lib/test/auto/MinimumMultiports.xml
----------------- Instantiating /home/travis/build/icyphy/ptII/ptolemy/actor/lib/test/auto/MinimumMultiports.xml
4 ms. Memory: 607232K Free: 226563K (37%)
----------------- Invoking toplevel() on ptolemy.moml.MoMLSimpleApplication@69d9c206
----------------- Done invoking toplevel() on ptolemy.moml.MoMLSimpleApplication@69d9c206
reloadAllAccessors: .MinimumMultiports

===========================================================================================
----------------- testing Sat Sep 05 15:41:54 UTC 2020 /home/travis/build/icyphy/ptII/ptolemy/actor/lib/test/auto/ModifyDate.xml
----------------- Instantiating /home/travis/build/icyphy/ptII/ptolemy/actor/lib/test/auto/ModifyDate.xml
4 ms. Memory: 607232K Free: 213796K (35%)
----------------- Invoking toplevel() on ptolemy.moml.MoMLSimpleApplication@2f169618
----------------- Done invoking toplevel() on ptolemy.moml.MoMLSimpleApplication@2f169618
reloadAllAccessors: .ModifyDate

===========================================================================================
----------------- testing Sat Sep 05 15:41:54 UTC 2020 /home/travis/build/icyphy/ptII/ptolemy/actor/lib/test/auto/ModifyDate2.xml
----------------- Instantiating /home/travis/build/icyphy/ptII/ptolemy/actor/lib/test/auto/ModifyDate2.xml
10 ms. Memory: 607232K Free: 556836K (92%)
----------------- Invoking toplevel() on ptolemy.moml.MoMLSimpleApplication@57f592f6
----------------- Done invoking toplevel() on ptolemy.moml.MoMLSimpleApplication@57f592f6
reloadAllAccessors: .ModifyDate2

===========================================================================================
----------------- testing Sat Sep 05 15:41:54 UTC 2020 /home/travis/build/icyphy/ptII/ptolemy/actor/lib/test/auto/MovingAverage.xml
----------------- Instantiating /home/travis/build/icyphy/ptII/ptolemy/actor/lib/test/auto/MovingAverage.xml
1 ms. Memory: 607232K Free: 551202K (91%)
----------------- Invoking toplevel() on ptolemy.moml.MoMLSimpleApplication@3f52000d
----------------- Done invoking toplevel() on ptolemy.moml.MoMLSimpleApplication@3f52000d
reloadAllAccessors: .MovingAverage

===========================================================================================
----------------- testing Sat Sep 05 15:41:54 UTC 2020 /home/travis/build/icyphy/ptII/ptolemy/actor/lib/test/auto/MovingMaximum.xml
----------------- Instantiating /home/travis/build/icyphy/ptII/ptolemy/actor/lib/test/auto/MovingMaximum.xml
2 ms. Memory: 607232K Free: 546596K (90%)
----------------- Invoking toplevel() on ptolemy.moml.MoMLSimpleApplication@7ac796ea
----------------- Done invoking toplevel() on ptolemy.moml.MoMLSimpleApplication@7ac796ea
reloadAllAccessors: .MovingMaximum

===========================================================================================
----------------- testing Sat Sep 05 15:41:54 UTC 2020 /home/travis/build/icyphy/ptII/ptolemy/actor/lib/test/auto/MultipleLinksToSameRelation.xml
----------------- Instantiating /home/travis/build/icyphy/ptII/ptolemy/actor/lib/test/auto/MultipleLinksToSameRelation.xml
2 ms. Memory: 607232K Free: 542500K (89%)
----------------- Invoking toplevel() on ptolemy.moml.MoMLSimpleApplication@2eff187
----------------- Done invoking toplevel() on ptolemy.moml.MoMLSimpleApplication@2eff187
reloadAllAccessors: .MultipleLinksToSameRelation

===========================================================================================
----------------- testing Sat Sep 05 15:41:54 UTC 2020 /home/travis/build/icyphy/ptII/ptolemy/actor/lib/test/auto/MultipleLinksToSameRelationDE.xml
----------------- Instantiating /home/travis/build/icyphy/ptII/ptolemy/actor/lib/test/auto/MultipleLinksToSameRelationDE.xml
2 ms. Memory: 607232K Free: 537875K (89%)
----------------- Invoking toplevel() on ptolemy.moml.MoMLSimpleApplication@a1a3a6a
----------------- Done invoking toplevel() on ptolemy.moml.MoMLSimpleApplication@a1a3a6a
reloadAllAccessors: .MultipleLinksToSameRelationDE

===========================================================================================
----------------- testing Sat Sep 05 15:41:54 UTC 2020 /home/travis/build/icyphy/ptII/ptolemy/actor/lib/test/auto/Multiplexor.xml
----------------- Instantiating /home/travis/build/icyphy/ptII/ptolemy/actor/lib/test/auto/Multiplexor.xml
2 ms. Memory: 607232K Free: 532260K (88%)
----------------- Invoking toplevel() on ptolemy.moml.MoMLSimpleApplication@29763346
----------------- Done invoking toplevel() on ptolemy.moml.MoMLSimpleApplication@29763346
reloadAllAccessors: .Multiplexor

===========================================================================================
----------------- testing Sat Sep 05 15:41:54 UTC 2020 /home/travis/build/icyphy/ptII/ptolemy/actor/lib/test/auto/Multiplexor1.xml
----------------- Instantiating /home/travis/build/icyphy/ptII/ptolemy/actor/lib/test/auto/Multiplexor1.xml
2 ms. Memory: 607232K Free: 526619K (87%)
----------------- Invoking toplevel() on ptolemy.moml.MoMLSimpleApplication@145000f0
----------------- Done invoking toplevel() on ptolemy.moml.MoMLSimpleApplication@145000f0
reloadAllAccessors: .Multiplexor1

===========================================================================================
----------------- testing Sat Sep 05 15:41:54 UTC 2020 /home/travis/build/icyphy/ptII/ptolemy/actor/lib/test/auto/Multiplexor2.xml
----------------- Instantiating /home/travis/build/icyphy/ptII/ptolemy/actor/lib/test/auto/Multiplexor2.xml
2 ms. Memory: 607232K Free: 519972K (86%)
----------------- Invoking toplevel() on ptolemy.moml.MoMLSimpleApplication@670e08e1
----------------- Done invoking toplevel() on ptolemy.moml.MoMLSimpleApplication@670e08e1
reloadAllAccessors: .Multiplexor2

===========================================================================================
----------------- testing Sat Sep 05 15:41:54 UTC 2020 /home/travis/build/icyphy/ptII/ptolemy/actor/lib/test/auto/Multiplexor3.xml
----------------- Instantiating /home/travis/build/icyphy/ptII/ptolemy/actor/lib/test/auto/Multiplexor3.xml
2 ms. Memory: 607232K Free: 515876K (85%)
----------------- Invoking toplevel() on ptolemy.moml.MoMLSimpleApplication@64fbc4e1
----------------- Done invoking toplevel() on ptolemy.moml.MoMLSimpleApplication@64fbc4e1
reloadAllAccessors: .Multiplexor3

===========================================================================================
----------------- testing Sat Sep 05 15:41:54 UTC 2020 /home/travis/build/icyphy/ptII/ptolemy/actor/lib/test/auto/MultiplexorDE.xml
----------------- Instantiating /home/travis/build/icyphy/ptII/ptolemy/actor/lib/test/auto/MultiplexorDE.xml
2 ms. Memory: 607232K Free: 508163K (84%)
----------------- Invoking toplevel() on ptolemy.moml.MoMLSimpleApplication@7f8a370d
----------------- Done invoking toplevel() on ptolemy.moml.MoMLSimpleApplication@7f8a370d
reloadAllAccessors: .MultiplexorDE

===========================================================================================
----------------- testing Sat Sep 05 15:41:54 UTC 2020 /home/travis/build/icyphy/ptII/ptolemy/actor/lib/test/auto/MultiportBroadcastTest.xml
----------------- Instantiating /home/travis/build/icyphy/ptII/ptolemy/actor/lib/test/auto/MultiportBroadcastTest.xml
82 ms. Memory: 607232K Free: 502043K (83%)
----------------- Invoking toplevel() on ptolemy.moml.MoMLSimpleApplication@b683228
----------------- Done invoking toplevel() on ptolemy.moml.MoMLSimpleApplication@b683228
reloadAllAccessors: .MultiportBroadcastTest

===========================================================================================
----------------- testing Sat Sep 05 15:41:54 UTC 2020 /home/travis/build/icyphy/ptII/ptolemy/actor/lib/test/auto/MultiportOutHangDuringGetWidth.xml
----------------- Instantiating /home/travis/build/icyphy/ptII/ptolemy/actor/lib/test/auto/MultiportOutHangDuringGetWidth.xml
5 ms. Memory: 607232K Free: 489747K (81%)
----------------- Invoking toplevel() on ptolemy.moml.MoMLSimpleApplication@4ddf766d
----------------- Done invoking toplevel() on ptolemy.moml.MoMLSimpleApplication@4ddf766d
reloadAllAccessors: .MultiportOutHangDuringGetWidth

===========================================================================================
----------------- testing Sat Sep 05 15:41:54 UTC 2020 /home/travis/build/icyphy/ptII/ptolemy/actor/lib/test/auto/NilToken.xml
----------------- Instantiating /home/travis/build/icyphy/ptII/ptolemy/actor/lib/test/auto/NilToken.xml
1 ms. Memory: 607232K Free: 485666K (80%)
----------------- Invoking toplevel() on ptolemy.moml.MoMLSimpleApplication@260fc8ff
----------------- Done invoking toplevel() on ptolemy.moml.MoMLSimpleApplication@260fc8ff
reloadAllAccessors: .NilToken

===========================================================================================
----------------- testing Sat Sep 05 15:41:54 UTC 2020 /home/travis/build/icyphy/ptII/ptolemy/actor/lib/test/auto/NilTokenNonStrictTest.xml
----------------- Instantiating /home/travis/build/icyphy/ptII/ptolemy/actor/lib/test/auto/NilTokenNonStrictTest.xml
2 ms. Memory: 607232K Free: 480546K (79%)
----------------- Invoking toplevel() on ptolemy.moml.MoMLSimpleApplication@7f324a94
----------------- Done invoking toplevel() on ptolemy.moml.MoMLSimpleApplication@7f324a94
reloadAllAccessors: .NilTokenNonStrictTest

===========================================================================================
----------------- testing Sat Sep 05 15:41:54 UTC 2020 /home/travis/build/icyphy/ptII/ptolemy/actor/lib/test/auto/NilTokenRecord.xml
----------------- Instantiating /home/travis/build/icyphy/ptII/ptolemy/actor/lib/test/auto/NilTokenRecord.xml
4 ms. Memory: 607232K Free: 473892K (78%)
----------------- Invoking toplevel() on ptolemy.moml.MoMLSimpleApplication@6b671a95
----------------- Done invoking toplevel() on ptolemy.moml.MoMLSimpleApplication@6b671a95
reloadAllAccessors: .NilTokenRecord

===========================================================================================
----------------- testing Sat Sep 05 15:41:54 UTC 2020 /home/travis/build/icyphy/ptII/ptolemy/actor/lib/test/auto/NilTokenTypeTest.xml
----------------- Instantiating /home/travis/build/icyphy/ptII/ptolemy/actor/lib/test/auto/NilTokenTypeTest.xml
4 ms. Memory: 607232K Free: 464162K (76%)
----------------- Invoking toplevel() on ptolemy.moml.MoMLSimpleApplication@16c07c7c
----------------- Done invoking toplevel() on ptolemy.moml.MoMLSimpleApplication@16c07c7c
reloadAllAccessors: .NilTokenTypeTest

===========================================================================================
----------------- testing Sat Sep 05 15:41:54 UTC 2020 /home/travis/build/icyphy/ptII/ptolemy/actor/lib/test/auto/ObjectToken1.xml
----------------- Instantiating /home/travis/build/icyphy/ptII/ptolemy/actor/lib/test/auto/ObjectToken1.xml
2 ms. Memory: 607232K Free: 460066K (76%)
----------------- Invoking toplevel() on ptolemy.moml.MoMLSimpleApplication@771243bb
----------------- Done invoking toplevel() on ptolemy.moml.MoMLSimpleApplication@771243bb
reloadAllAccessors: .ObjectToken1

===========================================================================================
----------------- testing Sat Sep 05 15:41:54 UTC 2020 /home/travis/build/icyphy/ptII/ptolemy/actor/lib/test/auto/OrderedMerge.xml
----------------- Instantiating /home/travis/build/icyphy/ptII/ptolemy/actor/lib/test/auto/OrderedMerge.xml
10 ms. Memory: 607232K Free: 454436K (75%)
----------------- Invoking toplevel() on ptolemy.moml.MoMLSimpleApplication@28a4827b
----------------- Done invoking toplevel() on ptolemy.moml.MoMLSimpleApplication@28a4827b
reloadAllAccessors: .OrderedMerge

===========================================================================================
----------------- testing Sat Sep 05 15:41:54 UTC 2020 /home/travis/build/icyphy/ptII/ptolemy/actor/lib/test/auto/OrderedRecordDisassembler.xml
----------------- Instantiating /home/travis/build/icyphy/ptII/ptolemy/actor/lib/test/auto/OrderedRecordDisassembler.xml
3 ms. Memory: 607232K Free: 449316K (74%)
----------------- Invoking toplevel() on ptolemy.moml.MoMLSimpleApplication@505c03be
----------------- Done invoking toplevel() on ptolemy.moml.MoMLSimpleApplication@505c03be
reloadAllAccessors: .OrderedRecordDisassembler

===========================================================================================
----------------- testing Sat Sep 05 15:41:54 UTC 2020 /home/travis/build/icyphy/ptII/ptolemy/actor/lib/test/auto/OrderedRecordDisassembler2.xml
----------------- Instantiating /home/travis/build/icyphy/ptII/ptolemy/actor/lib/test/auto/OrderedRecordDisassembler2.xml
4 ms. Memory: 607232K Free: 441619K (73%)
----------------- Invoking toplevel() on ptolemy.moml.MoMLSimpleApplication@4eaa4f91
----------------- Done invoking toplevel() on ptolemy.moml.MoMLSimpleApplication@4eaa4f91
reloadAllAccessors: .OrderedRecordDisassembler2

===========================================================================================
----------------- testing Sat Sep 05 15:41:54 UTC 2020 /home/travis/build/icyphy/ptII/ptolemy/actor/lib/test/auto/OrderedRecordUpdater.xml
----------------- Instantiating /home/travis/build/icyphy/ptII/ptolemy/actor/lib/test/auto/OrderedRecordUpdater.xml
2 ms. Memory: 607232K Free: 436004K (72%)
----------------- Invoking toplevel() on ptolemy.moml.MoMLSimpleApplication@3b32a337
----------------- Done invoking toplevel() on ptolemy.moml.MoMLSimpleApplication@3b32a337
reloadAllAccessors: .RecordUpdater

===========================================================================================
----------------- testing Sat Sep 05 15:41:54 UTC 2020 /home/travis/build/icyphy/ptII/ptolemy/actor/lib/test/auto/OrderedRecordUpdater2.xml
----------------- Instantiating /home/travis/build/icyphy/ptII/ptolemy/actor/lib/test/auto/OrderedRecordUpdater2.xml
2 ms. Memory: 607232K Free: 431394K (71%)
----------------- Invoking toplevel() on ptolemy.moml.MoMLSimpleApplication@7b9213f0
----------------- Done invoking toplevel() on ptolemy.moml.MoMLSimpleApplication@7b9213f0
reloadAllAccessors: .RecordUpdater2

===========================================================================================
----------------- testing Sat Sep 05 15:41:54 UTC 2020 /home/travis/build/icyphy/ptII/ptolemy/actor/lib/test/auto/PhaseUnwrap.xml
----------------- Instantiating /home/travis/build/icyphy/ptII/ptolemy/actor/lib/test/auto/PhaseUnwrap.xml
2 ms. Memory: 607232K Free: 426788K (70%)
----------------- Invoking toplevel() on ptolemy.moml.MoMLSimpleApplication@6ff1bd1
----------------- Done invoking toplevel() on ptolemy.moml.MoMLSimpleApplication@6ff1bd1
reloadAllAccessors: .PhaseUnwrap

===========================================================================================
----------------- testing Sat Sep 05 15:41:55 UTC 2020 /home/travis/build/icyphy/ptII/ptolemy/actor/lib/test/auto/PoissonClock.xml
----------------- Instantiating /home/travis/build/icyphy/ptII/ptolemy/actor/lib/test/auto/PoissonClock.xml
1 ms. Memory: 607232K Free: 422692K (70%)
----------------- Invoking toplevel() on ptolemy.moml.MoMLSimpleApplication@386914c9
----------------- Done invoking toplevel() on ptolemy.moml.MoMLSimpleApplication@386914c9
reloadAllAccessors: .PoissonClock

===========================================================================================
----------------- testing Sat Sep 05 15:41:55 UTC 2020 /home/travis/build/icyphy/ptII/ptolemy/actor/lib/test/auto/PoissonClock2.xml
----------------- Instantiating /home/travis/build/icyphy/ptII/ptolemy/actor/lib/test/auto/PoissonClock2.xml
1 ms. Memory: 607232K Free: 418082K (69%)
----------------- Invoking toplevel() on ptolemy.moml.MoMLSimpleApplication@51ce7264
----------------- Done invoking toplevel() on ptolemy.moml.MoMLSimpleApplication@51ce7264
reloadAllAccessors: .PoissonClock2

===========================================================================================
----------------- testing Sat Sep 05 15:41:55 UTC 2020 /home/travis/build/icyphy/ptII/ptolemy/actor/lib/test/auto/PoissonClock3.xml
----------------- Instantiating /home/travis/build/icyphy/ptII/ptolemy/actor/lib/test/auto/PoissonClock3.xml
2 ms. Memory: 607232K Free: 413476K (68%)
----------------- Invoking toplevel() on ptolemy.moml.MoMLSimpleApplication@2e6d8ab3
----------------- Done invoking toplevel() on ptolemy.moml.MoMLSimpleApplication@2e6d8ab3
reloadAllAccessors: .PoissonClock3

===========================================================================================
----------------- testing Sat Sep 05 15:41:55 UTC 2020 /home/travis/build/icyphy/ptII/ptolemy/actor/lib/test/auto/PubSubWithInitialTokens.xml
----------------- Instantiating /home/travis/build/icyphy/ptII/ptolemy/actor/lib/test/auto/PubSubWithInitialTokens.xml
2 ms. Memory: 607232K Free: 407835K (67%)
----------------- Invoking toplevel() on ptolemy.moml.MoMLSimpleApplication@487a31f5
----------------- Done invoking toplevel() on ptolemy.moml.MoMLSimpleApplication@487a31f5
reloadAllAccessors: .PubSubWithInitialTokens

===========================================================================================
----------------- testing Sat Sep 05 15:41:55 UTC 2020 /home/travis/build/icyphy/ptII/ptolemy/actor/lib/test/auto/PubSubWithInitialTokens2.xml
----------------- Instantiating /home/travis/build/icyphy/ptII/ptolemy/actor/lib/test/auto/PubSubWithInitialTokens2.xml
2 ms. Memory: 607232K Free: 401691K (66%)
----------------- Invoking toplevel() on ptolemy.moml.MoMLSimpleApplication@562ad126
----------------- Done invoking toplevel() on ptolemy.moml.MoMLSimpleApplication@562ad126
reloadAllAccessors: .PubSubWithInitialTokens2

===========================================================================================
----------------- testing Sat Sep 05 15:41:55 UTC 2020 /home/travis/build/icyphy/ptII/ptolemy/actor/lib/test/auto/PublisherClassNoParameter.xml
----------------- Instantiating /home/travis/build/icyphy/ptII/ptolemy/actor/lib/test/auto/PublisherClassNoParameter.xml
2 ms. Memory: 607232K Free: 391451K (64%)
----------------- Invoking toplevel() on ptolemy.moml.MoMLSimpleApplication@3df5c6d6
----------------- Done invoking toplevel() on ptolemy.moml.MoMLSimpleApplication@3df5c6d6
reloadAllAccessors: .PublisherClassNoParameter

===========================================================================================
----------------- testing Sat Sep 05 15:41:55 UTC 2020 /home/travis/build/icyphy/ptII/ptolemy/actor/lib/test/auto/PublisherClassParameter.xml
----------------- Instantiating /home/travis/build/icyphy/ptII/ptolemy/actor/lib/test/auto/PublisherClassParameter.xml
2 ms. Memory: 607232K Free: 381218K (63%)
----------------- Invoking toplevel() on ptolemy.moml.MoMLSimpleApplication@714b32be
----------------- Done invoking toplevel() on ptolemy.moml.MoMLSimpleApplication@714b32be
reloadAllAccessors: .PublisherClassParameter

===========================================================================================
----------------- testing Sat Sep 05 15:41:55 UTC 2020 /home/travis/build/icyphy/ptII/ptolemy/actor/lib/test/auto/PublisherNonStrictTest.xml
----------------- Instantiating /home/travis/build/icyphy/ptII/ptolemy/actor/lib/test/auto/PublisherNonStrictTest.xml
3 ms. Memory: 607232K Free: 373540K (62%)
----------------- Invoking toplevel() on ptolemy.moml.MoMLSimpleApplication@55adf325
----------------- Done invoking toplevel() on ptolemy.moml.MoMLSimpleApplication@55adf325
reloadAllAccessors: .PublisherNonStrictTest

===========================================================================================
----------------- testing Sat Sep 05 15:41:55 UTC 2020 /home/travis/build/icyphy/ptII/ptolemy/actor/lib/test/auto/PublisherPort1.xml
----------------- Instantiating /home/travis/build/icyphy/ptII/ptolemy/actor/lib/test/auto/PublisherPort1.xml
8 ms. Memory: 607232K Free: 367875K (61%)
----------------- Invoking toplevel() on ptolemy.moml.MoMLSimpleApplication@3936f3bd
----------------- Done invoking toplevel() on ptolemy.moml.MoMLSimpleApplication@3936f3bd
reloadAllAccessors: .PublisherPort1

===========================================================================================
----------------- testing Sat Sep 05 15:41:55 UTC 2020 /home/travis/build/icyphy/ptII/ptolemy/actor/lib/test/auto/PublisherPort2.xml
----------------- Instantiating /home/travis/build/icyphy/ptII/ptolemy/actor/lib/test/auto/PublisherPort2.xml
1 ms. Memory: 607232K Free: 362276K (60%)
----------------- Invoking toplevel() on ptolemy.moml.MoMLSimpleApplication@66dab6ce
----------------- Done invoking toplevel() on ptolemy.moml.MoMLSimpleApplication@66dab6ce
reloadAllAccessors: .PublisherPort2

===========================================================================================
----------------- testing Sat Sep 05 15:41:55 UTC 2020 /home/travis/build/icyphy/ptII/ptolemy/actor/lib/test/auto/PublisherPort3.xml
----------------- Instantiating /home/travis/build/icyphy/ptII/ptolemy/actor/lib/test/auto/PublisherPort3.xml
3 ms. Memory: 607232K Free: 355587K (59%)
----------------- Invoking toplevel() on ptolemy.moml.MoMLSimpleApplication@257d1a0f
----------------- Done invoking toplevel() on ptolemy.moml.MoMLSimpleApplication@257d1a0f
reloadAllAccessors: .PublisherPort3

===========================================================================================
----------------- testing Sat Sep 05 15:41:55 UTC 2020 /home/travis/build/icyphy/ptII/ptolemy/actor/lib/test/auto/PublisherPort4.xml
----------------- Instantiating /home/travis/build/icyphy/ptII/ptolemy/actor/lib/test/auto/PublisherPort4.xml
2 ms. Memory: 607232K Free: 349988K (58%)
----------------- Invoking toplevel() on ptolemy.moml.MoMLSimpleApplication@f2b4ce0
----------------- Done invoking toplevel() on ptolemy.moml.MoMLSimpleApplication@f2b4ce0
reloadAllAccessors: .PublisherPort4

===========================================================================================
----------------- testing Sat Sep 05 15:41:55 UTC 2020 /home/travis/build/icyphy/ptII/ptolemy/actor/lib/test/auto/PublisherPort5.xml
----------------- Instantiating /home/travis/build/icyphy/ptII/ptolemy/actor/lib/test/auto/PublisherPort5.xml
4 ms. Memory: 607232K Free: 342306K (56%)
----------------- Invoking toplevel() on ptolemy.moml.MoMLSimpleApplication@b698595
----------------- Done invoking toplevel() on ptolemy.moml.MoMLSimpleApplication@b698595
reloadAllAccessors: .PublisherPort5

===========================================================================================
----------------- testing Sat Sep 05 15:41:55 UTC 2020 /home/travis/build/icyphy/ptII/ptolemy/actor/lib/test/auto/PublisherPort5LookAlike.xml
----------------- Instantiating /home/travis/build/icyphy/ptII/ptolemy/actor/lib/test/auto/PublisherPort5LookAlike.xml
7 ms. Memory: 607232K Free: 334628K (55%)
----------------- Invoking toplevel() on ptolemy.moml.MoMLSimpleApplication@659b4586
----------------- Done invoking toplevel() on ptolemy.moml.MoMLSimpleApplication@659b4586
reloadAllAccessors: .PublisherPort5LookAlike

===========================================================================================
----------------- testing Sat Sep 05 15:41:55 UTC 2020 /home/travis/build/icyphy/ptII/ptolemy/actor/lib/test/auto/PublisherPort6.xml
----------------- Instantiating /home/travis/build/icyphy/ptII/ptolemy/actor/lib/test/auto/PublisherPort6.xml
1 ms. Memory: 607232K Free: 327970K (54%)
----------------- Invoking toplevel() on ptolemy.moml.MoMLSimpleApplication@fe3e372
----------------- Done invoking toplevel() on ptolemy.moml.MoMLSimpleApplication@fe3e372
reloadAllAccessors: .PublisherPort6

===========================================================================================
----------------- testing Sat Sep 05 15:41:55 UTC 2020 /home/travis/build/icyphy/ptII/ptolemy/actor/lib/test/auto/PublisherPort7.xml
----------------- Instantiating /home/travis/build/icyphy/ptII/ptolemy/actor/lib/test/auto/PublisherPort7.xml
3 ms. Memory: 607232K Free: 320292K (53%)
----------------- Invoking toplevel() on ptolemy.moml.MoMLSimpleApplication@36d41f0d
----------------- Done invoking toplevel() on ptolemy.moml.MoMLSimpleApplication@36d41f0d
reloadAllAccessors: .PublisherPort7

===========================================================================================
----------------- testing Sat Sep 05 15:41:55 UTC 2020 /home/travis/build/icyphy/ptII/ptolemy/actor/lib/test/auto/PublisherPort8.xml
----------------- Instantiating /home/travis/build/icyphy/ptII/ptolemy/actor/lib/test/auto/PublisherPort8.xml
3 ms. Memory: 607232K Free: 311586K (51%)
----------------- Invoking toplevel() on ptolemy.moml.MoMLSimpleApplication@4ef568d3
----------------- Done invoking toplevel() on ptolemy.moml.MoMLSimpleApplication@4ef568d3
reloadAllAccessors: .PublisherPort8

===========================================================================================
----------------- testing Sat Sep 05 15:41:55 UTC 2020 /home/travis/build/icyphy/ptII/ptolemy/actor/lib/test/auto/PublisherPortSubscriberChannelVariablesAOC2.xml
----------------- Instantiating /home/travis/build/icyphy/ptII/ptolemy/actor/lib/test/auto/PublisherPortSubscriberChannelVariablesAOC2.xml
3 ms. Memory: 607232K Free: 293154K (48%)
----------------- Invoking toplevel() on ptolemy.moml.MoMLSimpleApplication@e5428e6
----------------- Done invoking toplevel() on ptolemy.moml.MoMLSimpleApplication@e5428e6
reloadAllAccessors: .PublisherPortSubscriberChannelVariablesAOC2

===========================================================================================
----------------- testing Sat Sep 05 15:41:55 UTC 2020 /home/travis/build/icyphy/ptII/ptolemy/actor/lib/test/auto/PublisherPortSubscriberOpaqueWidthInference.xml
----------------- Instantiating /home/travis/build/icyphy/ptII/ptolemy/actor/lib/test/auto/PublisherPortSubscriberOpaqueWidthInference.xml
3 ms. Memory: 607232K Free: 285476K (47%)
----------------- Invoking toplevel() on ptolemy.moml.MoMLSimpleApplication@7a8415a7
----------------- Done invoking toplevel() on ptolemy.moml.MoMLSimpleApplication@7a8415a7
reloadAllAccessors: .PublisherPortSubscriberOpaqueWidthInference

===========================================================================================
----------------- testing Sat Sep 05 15:41:55 UTC 2020 /home/travis/build/icyphy/ptII/ptolemy/actor/lib/test/auto/PublisherPortSubscriberPortAdjacent.xml
----------------- Instantiating /home/travis/build/icyphy/ptII/ptolemy/actor/lib/test/auto/PublisherPortSubscriberPortAdjacent.xml
1 ms. Memory: 607232K Free: 277284K (46%)
----------------- Invoking toplevel() on ptolemy.moml.MoMLSimpleApplication@6f44879c
----------------- Done invoking toplevel() on ptolemy.moml.MoMLSimpleApplication@6f44879c
reloadAllAccessors: .PublisherPortSubscriberPortAdjacent

===========================================================================================
----------------- testing Sat Sep 05 15:41:55 UTC 2020 /home/travis/build/icyphy/ptII/ptolemy/actor/lib/test/auto/PublisherPortSubscriberPortExpression.xml
----------------- Instantiating /home/travis/build/icyphy/ptII/ptolemy/actor/lib/test/auto/PublisherPortSubscriberPortExpression.xml
3 ms. Memory: 607232K Free: 269092K (44%)
----------------- Invoking toplevel() on ptolemy.moml.MoMLSimpleApplication@2c10d845
----------------- Done invoking toplevel() on ptolemy.moml.MoMLSimpleApplication@2c10d845
reloadAllAccessors: .PublisherPortSubscriberPortExpression

===========================================================================================
----------------- testing Sat Sep 05 15:41:55 UTC 2020 /home/travis/build/icyphy/ptII/ptolemy/actor/lib/test/auto/PublisherPortSubscriberPortOpaqueD3Reverse.xml
----------------- Instantiating /home/travis/build/icyphy/ptII/ptolemy/actor/lib/test/auto/PublisherPortSubscriberPortOpaqueD3Reverse.xml
8 ms. Memory: 607232K Free: 258852K (43%)
----------------- Invoking toplevel() on ptolemy.moml.MoMLSimpleApplication@e9b7087
----------------- Done invoking toplevel() on ptolemy.moml.MoMLSimpleApplication@e9b7087
reloadAllAccessors: .PublisherPortSubscriberPortOpaqueD3Reverse

===========================================================================================
----------------- testing Sat Sep 05 15:41:55 UTC 2020 /home/travis/build/icyphy/ptII/ptolemy/actor/lib/test/auto/PublisherPortSubscriberPortOpaqueWidthInference.xml
----------------- Instantiating /home/travis/build/icyphy/ptII/ptolemy/actor/lib/test/auto/PublisherPortSubscriberPortOpaqueWidthInference.xml
4 ms. Memory: 607232K Free: 251155K (41%)
----------------- Invoking toplevel() on ptolemy.moml.MoMLSimpleApplication@5dcdc431
----------------- Done invoking toplevel() on ptolemy.moml.MoMLSimpleApplication@5dcdc431
reloadAllAccessors: .PublisherPortSubscriberPortOpaqueWidthInference

===========================================================================================
----------------- testing Sat Sep 05 15:41:55 UTC 2020 /home/travis/build/icyphy/ptII/ptolemy/actor/lib/test/auto/PublisherPortToplevelSubscriberPortAOC.xml
----------------- Instantiating /home/travis/build/icyphy/ptII/ptolemy/actor/lib/test/auto/PublisherPortToplevelSubscriberPortAOC.xml
.PublisherPortToplevelSubscriberPortAOC.TestExceptionAttribute: initialize() was not invoked, but wrapup() was.  This is unusual, but not always a problem.  For example, exporting JNLP will do this.
1 ms. Memory: 607232K Free: 245026K (40%)
----------------- Invoking toplevel() on ptolemy.moml.MoMLSimpleApplication@37b958f4
----------------- Done invoking toplevel() on ptolemy.moml.MoMLSimpleApplication@37b958f4
reloadAllAccessors: .PublisherPortToplevelSubscriberPortAOC

===========================================================================================
----------------- testing Sat Sep 05 15:41:55 UTC 2020 /home/travis/build/icyphy/ptII/ptolemy/actor/lib/test/auto/PublisherSubscriber.xml
----------------- Instantiating /home/travis/build/icyphy/ptII/ptolemy/actor/lib/test/auto/PublisherSubscriber.xml
3 ms. Memory: 607232K Free: 237348K (39%)
----------------- Invoking toplevel() on ptolemy.moml.MoMLSimpleApplication@7c89f9c3
----------------- Done invoking toplevel() on ptolemy.moml.MoMLSimpleApplication@7c89f9c3
reloadAllAccessors: .PublisherSubscriber

===========================================================================================
----------------- testing Sat Sep 05 15:41:55 UTC 2020 /home/travis/build/icyphy/ptII/ptolemy/actor/lib/test/auto/PublisherSubscriber10.xml
----------------- Instantiating /home/travis/build/icyphy/ptII/ptolemy/actor/lib/test/auto/PublisherSubscriber10.xml
5 ms. Memory: 607232K Free: 227618K (37%)
----------------- Invoking toplevel() on ptolemy.moml.MoMLSimpleApplication@4f660f55
----------------- Done invoking toplevel() on ptolemy.moml.MoMLSimpleApplication@4f660f55
reloadAllAccessors: .PublisherSubscriber10

===========================================================================================
----------------- testing Sat Sep 05 15:41:55 UTC 2020 /home/travis/build/icyphy/ptII/ptolemy/actor/lib/test/auto/PublisherSubscriber10InitialOutputs.xml
----------------- Instantiating /home/travis/build/icyphy/ptII/ptolemy/actor/lib/test/auto/PublisherSubscriber10InitialOutputs.xml
14 ms. Memory: 607232K Free: 218402K (36%)
----------------- Invoking toplevel() on ptolemy.moml.MoMLSimpleApplication@7b546370
----------------- Done invoking toplevel() on ptolemy.moml.MoMLSimpleApplication@7b546370
reloadAllAccessors: .PublisherSubscriber10InitialOutputs

===========================================================================================
----------------- testing Sat Sep 05 15:41:55 UTC 2020 /home/travis/build/icyphy/ptII/ptolemy/actor/lib/test/auto/PublisherSubscriber11.xml
----------------- Instantiating /home/travis/build/icyphy/ptII/ptolemy/actor/lib/test/auto/PublisherSubscriber11.xml
6 ms. Memory: 607232K Free: 211748K (35%)
----------------- Invoking toplevel() on ptolemy.moml.MoMLSimpleApplication@478af074
----------------- Done invoking toplevel() on ptolemy.moml.MoMLSimpleApplication@478af074
reloadAllAccessors: .PublisherSubscriber11

===========================================================================================
----------------- testing Sat Sep 05 15:41:55 UTC 2020 /home/travis/build/icyphy/ptII/ptolemy/actor/lib/test/auto/PublisherSubscriber12.xml
----------------- Instantiating /home/travis/build/icyphy/ptII/ptolemy/actor/lib/test/auto/PublisherSubscriber12.xml
2 ms. Memory: 607232K Free: 555779K (92%)
----------------- Invoking toplevel() on ptolemy.moml.MoMLSimpleApplication@54152399
----------------- Done invoking toplevel() on ptolemy.moml.MoMLSimpleApplication@54152399
reloadAllAccessors: .PublisherSubscriber12

===========================================================================================
----------------- testing Sat Sep 05 15:41:55 UTC 2020 /home/travis/build/icyphy/ptII/ptolemy/actor/lib/test/auto/PublisherSubscriber13.xml
----------------- Instantiating /home/travis/build/icyphy/ptII/ptolemy/actor/lib/test/auto/PublisherSubscriber13.xml
1 ms. Memory: 607232K Free: 549651K (91%)
----------------- Invoking toplevel() on ptolemy.moml.MoMLSimpleApplication@5b9990f4
----------------- Done invoking toplevel() on ptolemy.moml.MoMLSimpleApplication@5b9990f4
reloadAllAccessors: .PublisherSubscriber13

===========================================================================================
----------------- testing Sat Sep 05 15:41:55 UTC 2020 /home/travis/build/icyphy/ptII/ptolemy/actor/lib/test/auto/PublisherSubscriber14.xml
----------------- Instantiating /home/travis/build/icyphy/ptII/ptolemy/actor/lib/test/auto/PublisherSubscriber14.xml
8 ms. Memory: 607232K Free: 540964K (89%)
----------------- Invoking toplevel() on ptolemy.moml.MoMLSimpleApplication@41e3d5b1
----------------- Done invoking toplevel() on ptolemy.moml.MoMLSimpleApplication@41e3d5b1
reloadAllAccessors: .PublisherSubscriber14

===========================================================================================
----------------- testing Sat Sep 05 15:41:55 UTC 2020 /home/travis/build/icyphy/ptII/ptolemy/actor/lib/test/auto/PublisherSubscriber2.xml
----------------- Instantiating /home/travis/build/icyphy/ptII/ptolemy/actor/lib/test/auto/PublisherSubscriber2.xml
3 ms. Memory: 607232K Free: 535299K (88%)
----------------- Invoking toplevel() on ptolemy.moml.MoMLSimpleApplication@3e65357f
----------------- Done invoking toplevel() on ptolemy.moml.MoMLSimpleApplication@3e65357f
reloadAllAccessors: .PublisherSubscriber2

===========================================================================================
----------------- testing Sat Sep 05 15:41:55 UTC 2020 /home/travis/build/icyphy/ptII/ptolemy/actor/lib/test/auto/PublisherSubscriber3.xml
----------------- Instantiating /home/travis/build/icyphy/ptII/ptolemy/actor/lib/test/auto/PublisherSubscriber3.xml
2 ms. Memory: 607232K Free: 529700K (87%)
----------------- Invoking toplevel() on ptolemy.moml.MoMLSimpleApplication@332d86dd
----------------- Done invoking toplevel() on ptolemy.moml.MoMLSimpleApplication@332d86dd
reloadAllAccessors: .PublisherSubscriber3

===========================================================================================
----------------- testing Sat Sep 05 15:41:55 UTC 2020 /home/travis/build/icyphy/ptII/ptolemy/actor/lib/test/auto/PublisherSubscriber4.xml
----------------- Instantiating /home/travis/build/icyphy/ptII/ptolemy/actor/lib/test/auto/PublisherSubscriber4.xml
2 ms. Memory: 607232K Free: 524580K (86%)
----------------- Invoking toplevel() on ptolemy.moml.MoMLSimpleApplication@672a33d9
----------------- Done invoking toplevel() on ptolemy.moml.MoMLSimpleApplication@672a33d9
reloadAllAccessors: .PublisherSubscriber4

===========================================================================================
----------------- testing Sat Sep 05 15:41:55 UTC 2020 /home/travis/build/icyphy/ptII/ptolemy/actor/lib/test/auto/PublisherSubscriber5.xml
----------------- Instantiating /home/travis/build/icyphy/ptII/ptolemy/actor/lib/test/auto/PublisherSubscriber5.xml
2 ms. Memory: 607232K Free: 517412K (85%)
----------------- Invoking toplevel() on ptolemy.moml.MoMLSimpleApplication@2f5be818
----------------- Done invoking toplevel() on ptolemy.moml.MoMLSimpleApplication@2f5be818
reloadAllAccessors: .PublisherSubscriber5

===========================================================================================
----------------- testing Sat Sep 05 15:41:55 UTC 2020 /home/travis/build/icyphy/ptII/ptolemy/actor/lib/test/auto/PublisherSubscriber6.xml
----------------- Instantiating /home/travis/build/icyphy/ptII/ptolemy/actor/lib/test/auto/PublisherSubscriber6.xml
4 ms. Memory: 607232K Free: 510754K (84%)
----------------- Invoking toplevel() on ptolemy.moml.MoMLSimpleApplication@63c08ae7
----------------- Done invoking toplevel() on ptolemy.moml.MoMLSimpleApplication@63c08ae7
reloadAllAccessors: .PublisherSubscriber6

===========================================================================================
----------------- testing Sat Sep 05 15:41:55 UTC 2020 /home/travis/build/icyphy/ptII/ptolemy/actor/lib/test/auto/PublisherSubscriber7.xml
----------------- Instantiating /home/travis/build/icyphy/ptII/ptolemy/actor/lib/test/auto/PublisherSubscriber7.xml
6 ms. Memory: 607232K Free: 504100K (83%)
----------------- Invoking toplevel() on ptolemy.moml.MoMLSimpleApplication@7f0d3d13
----------------- Done invoking toplevel() on ptolemy.moml.MoMLSimpleApplication@7f0d3d13
reloadAllAccessors: .PublisherSubscriber7

===========================================================================================
----------------- testing Sat Sep 05 15:41:55 UTC 2020 /home/travis/build/icyphy/ptII/ptolemy/actor/lib/test/auto/PublisherSubscriber8.xml
----------------- Instantiating /home/travis/build/icyphy/ptII/ptolemy/actor/lib/test/auto/PublisherSubscriber8.xml
18 ms. Memory: 607232K Free: 492322K (81%)
----------------- Invoking toplevel() on ptolemy.moml.MoMLSimpleApplication@52216bd0
----------------- Done invoking toplevel() on ptolemy.moml.MoMLSimpleApplication@52216bd0
reloadAllAccessors: .PublisherSubscriber8

===========================================================================================
----------------- testing Sat Sep 05 15:41:55 UTC 2020 /home/travis/build/icyphy/ptII/ptolemy/actor/lib/test/auto/PublisherSubscriber9.xml
----------------- Instantiating /home/travis/build/icyphy/ptII/ptolemy/actor/lib/test/auto/PublisherSubscriber9.xml
2 ms. Memory: 607232K Free: 485154K (80%)
----------------- Invoking toplevel() on ptolemy.moml.MoMLSimpleApplication@54b25314
----------------- Done invoking toplevel() on ptolemy.moml.MoMLSimpleApplication@54b25314
reloadAllAccessors: .PublisherSubscriber9

===========================================================================================
----------------- testing Sat Sep 05 15:41:55 UTC 2020 /home/travis/build/icyphy/ptII/ptolemy/actor/lib/test/auto/PublisherSubscriberAdjacent.xml
----------------- Instantiating /home/travis/build/icyphy/ptII/ptolemy/actor/lib/test/auto/PublisherSubscriberAdjacent.xml
1 ms. Memory: 607232K Free: 476452K (78%)
----------------- Invoking toplevel() on ptolemy.moml.MoMLSimpleApplication@5fafa976
----------------- Done invoking toplevel() on ptolemy.moml.MoMLSimpleApplication@5fafa976
reloadAllAccessors: .PublisherSubscriberAdjacent

===========================================================================================
----------------- testing Sat Sep 05 15:41:55 UTC 2020 /home/travis/build/icyphy/ptII/ptolemy/actor/lib/test/auto/PublisherSubscriberChannelVariablesAOC2.xml
----------------- Instantiating /home/travis/build/icyphy/ptII/ptolemy/actor/lib/test/auto/PublisherSubscriberChannelVariablesAOC2.xml
3 ms. Memory: 607232K Free: 461587K (76%)
----------------- Invoking toplevel() on ptolemy.moml.MoMLSimpleApplication@5e88271e
----------------- Done invoking toplevel() on ptolemy.moml.MoMLSimpleApplication@5e88271e
reloadAllAccessors: .PublisherSubscriberChannelVariablesAOC2

===========================================================================================
----------------- testing Sat Sep 05 15:41:55 UTC 2020 /home/travis/build/icyphy/ptII/ptolemy/actor/lib/test/auto/PublisherSubscriberD3.xml
----------------- Instantiating /home/travis/build/icyphy/ptII/ptolemy/actor/lib/test/auto/PublisherSubscriberD3.xml
2 ms. Memory: 607232K Free: 454434K (75%)
----------------- Invoking toplevel() on ptolemy.moml.MoMLSimpleApplication@5f778a2e
----------------- Done invoking toplevel() on ptolemy.moml.MoMLSimpleApplication@5f778a2e
reloadAllAccessors: .PublisherSubscriberD3

===========================================================================================
----------------- testing Sat Sep 05 15:41:55 UTC 2020 /home/travis/build/icyphy/ptII/ptolemy/actor/lib/test/auto/PublisherSubscriberD3Reverse.xml
----------------- Instantiating /home/travis/build/icyphy/ptII/ptolemy/actor/lib/test/auto/PublisherSubscriberD3Reverse.xml
2 ms. Memory: 607232K Free: 448290K (74%)
----------------- Invoking toplevel() on ptolemy.moml.MoMLSimpleApplication@6cf4e7d3
----------------- Done invoking toplevel() on ptolemy.moml.MoMLSimpleApplication@6cf4e7d3
reloadAllAccessors: .PublisherSubscriberD3Reverse

===========================================================================================
----------------- testing Sat Sep 05 15:41:55 UTC 2020 /home/travis/build/icyphy/ptII/ptolemy/actor/lib/test/auto/PublisherSubscriberExpression.xml
----------------- Instantiating /home/travis/build/icyphy/ptII/ptolemy/actor/lib/test/auto/PublisherSubscriberExpression.xml
3 ms. Memory: 607232K Free: 440083K (72%)
----------------- Invoking toplevel() on ptolemy.moml.MoMLSimpleApplication@2ac39408
----------------- Done invoking toplevel() on ptolemy.moml.MoMLSimpleApplication@2ac39408
reloadAllAccessors: .PublisherSubscriberExpression

===========================================================================================
----------------- testing Sat Sep 05 15:41:55 UTC 2020 /home/travis/build/icyphy/ptII/ptolemy/actor/lib/test/auto/PublisherSubscriberOpaque.xml
----------------- Instantiating /home/travis/build/icyphy/ptII/ptolemy/actor/lib/test/auto/PublisherSubscriberOpaque.xml
3 ms. Memory: 607232K Free: 431396K (71%)
----------------- Invoking toplevel() on ptolemy.moml.MoMLSimpleApplication@35df6404
----------------- Done invoking toplevel() on ptolemy.moml.MoMLSimpleApplication@35df6404
reloadAllAccessors: .PublisherSubscriberOpaque

===========================================================================================
----------------- testing Sat Sep 05 15:41:55 UTC 2020 /home/travis/build/icyphy/ptII/ptolemy/actor/lib/test/auto/PublisherSubscriberOpaqueD3.xml
----------------- Instantiating /home/travis/build/icyphy/ptII/ptolemy/actor/lib/test/auto/PublisherSubscriberOpaqueD3.xml
5 ms. Memory: 607232K Free: 419618K (69%)
----------------- Invoking toplevel() on ptolemy.moml.MoMLSimpleApplication@1a9e62ea
----------------- Done invoking toplevel() on ptolemy.moml.MoMLSimpleApplication@1a9e62ea
reloadAllAccessors: .PublisherSubscriberOpaqueD3

===========================================================================================
----------------- testing Sat Sep 05 15:41:55 UTC 2020 /home/travis/build/icyphy/ptII/ptolemy/actor/lib/test/auto/PublisherSubscriberOpaqueD3Reverse.xml
----------------- Instantiating /home/travis/build/icyphy/ptII/ptolemy/actor/lib/test/auto/PublisherSubscriberOpaqueD3Reverse.xml
7 ms. Memory: 607232K Free: 408868K (67%)
----------------- Invoking toplevel() on ptolemy.moml.MoMLSimpleApplication@2c9a411d
----------------- Done invoking toplevel() on ptolemy.moml.MoMLSimpleApplication@2c9a411d
reloadAllAccessors: .PublisherSubscriberOpaqueD3Reverse

===========================================================================================
----------------- testing Sat Sep 05 15:41:55 UTC 2020 /home/travis/build/icyphy/ptII/ptolemy/actor/lib/test/auto/PublisherSubscriberOpaqueWidthInference.xml
----------------- Instantiating /home/travis/build/icyphy/ptII/ptolemy/actor/lib/test/auto/PublisherSubscriberOpaqueWidthInference.xml
4 ms. Memory: 607232K Free: 400676K (66%)
----------------- Invoking toplevel() on ptolemy.moml.MoMLSimpleApplication@69ef1ffd
----------------- Done invoking toplevel() on ptolemy.moml.MoMLSimpleApplication@69ef1ffd
reloadAllAccessors: .PublisherSubscriberOpaqueWidthInference

===========================================================================================
----------------- testing Sat Sep 05 15:41:55 UTC 2020 /home/travis/build/icyphy/ptII/ptolemy/actor/lib/test/auto/PublisherTestSubscriber.xml
----------------- Instantiating /home/travis/build/icyphy/ptII/ptolemy/actor/lib/test/auto/PublisherTestSubscriber.xml
2 ms. Memory: 607232K Free: 392987K (65%)
----------------- Invoking toplevel() on ptolemy.moml.MoMLSimpleApplication@2c17556
----------------- Done invoking toplevel() on ptolemy.moml.MoMLSimpleApplication@2c17556
reloadAllAccessors: .PublisherTestSubscriber

===========================================================================================
----------------- testing Sat Sep 05 15:41:55 UTC 2020 /home/travis/build/icyphy/ptII/ptolemy/actor/lib/test/auto/PublisherToplevelSubscriberPortAOC.xml
----------------- Instantiating /home/travis/build/icyphy/ptII/ptolemy/actor/lib/test/auto/PublisherToplevelSubscriberPortAOC.xml
1 ms. Memory: 607232K Free: 386340K (64%)
----------------- Invoking toplevel() on ptolemy.moml.MoMLSimpleApplication@1b4036c6
----------------- Done invoking toplevel() on ptolemy.moml.MoMLSimpleApplication@1b4036c6
reloadAllAccessors: .PublisherToplevelSubscriberPortAOC

===========================================================================================
----------------- testing Sat Sep 05 15:41:56 UTC 2020 /home/travis/build/icyphy/ptII/ptolemy/actor/lib/test/auto/PulseFiringLimitDE.xml
----------------- Instantiating /home/travis/build/icyphy/ptII/ptolemy/actor/lib/test/auto/PulseFiringLimitDE.xml
2 ms. Memory: 607232K Free: 380196K (63%)
----------------- Invoking toplevel() on ptolemy.moml.MoMLSimpleApplication@6269172c
----------------- Done invoking toplevel() on ptolemy.moml.MoMLSimpleApplication@6269172c
reloadAllAccessors: .PulseFiringLimitDE

===========================================================================================
----------------- testing Sat Sep 05 15:41:56 UTC 2020 /home/travis/build/icyphy/ptII/ptolemy/actor/lib/test/auto/Ramp1.xml
----------------- Instantiating /home/travis/build/icyphy/ptII/ptolemy/actor/lib/test/auto/Ramp1.xml
1 ms. Memory: 607232K Free: 376100K (62%)
----------------- Invoking toplevel() on ptolemy.moml.MoMLSimpleApplication@7bc20d3b
----------------- Done invoking toplevel() on ptolemy.moml.MoMLSimpleApplication@7bc20d3b
reloadAllAccessors: .Ramp1

===========================================================================================
----------------- testing Sat Sep 05 15:41:56 UTC 2020 /home/travis/build/icyphy/ptII/ptolemy/actor/lib/test/auto/RampFiringLimitDE.xml
----------------- Instantiating /home/travis/build/icyphy/ptII/ptolemy/actor/lib/test/auto/RampFiringLimitDE.xml
2 ms. Memory: 607232K Free: 369956K (61%)
----------------- Invoking toplevel() on ptolemy.moml.MoMLSimpleApplication@ba704c4
----------------- Done invoking toplevel() on ptolemy.moml.MoMLSimpleApplication@ba704c4
reloadAllAccessors: .RampFiringLimitDE

===========================================================================================
----------------- testing Sat Sep 05 15:41:56 UTC 2020 /home/travis/build/icyphy/ptII/ptolemy/actor/lib/test/auto/RampFiringLimitSDF.xml
----------------- Instantiating /home/travis/build/icyphy/ptII/ptolemy/actor/lib/test/auto/RampFiringLimitSDF.xml
2 ms. Memory: 607232K Free: 364836K (60%)
----------------- Invoking toplevel() on ptolemy.moml.MoMLSimpleApplication@58bbc428
----------------- Done invoking toplevel() on ptolemy.moml.MoMLSimpleApplication@58bbc428
reloadAllAccessors: .RampFiringLimitSDF

===========================================================================================
----------------- testing Sat Sep 05 15:41:56 UTC 2020 /home/travis/build/icyphy/ptII/ptolemy/actor/lib/test/auto/RandomInteger.xml
----------------- Instantiating /home/travis/build/icyphy/ptII/ptolemy/actor/lib/test/auto/RandomInteger.xml
1 ms. Memory: 607232K Free: 360226K (59%)
----------------- Invoking toplevel() on ptolemy.moml.MoMLSimpleApplication@68308d40
----------------- Done invoking toplevel() on ptolemy.moml.MoMLSimpleApplication@68308d40
reloadAllAccessors: .RandomInteger

===========================================================================================
----------------- testing Sat Sep 05 15:41:56 UTC 2020 /home/travis/build/icyphy/ptII/ptolemy/actor/lib/test/auto/ReadFile1.xml
----------------- Instantiating /home/travis/build/icyphy/ptII/ptolemy/actor/lib/test/auto/ReadFile1.xml
1 ms. Memory: 607232K Free: 355620K (59%)
----------------- Invoking toplevel() on ptolemy.moml.MoMLSimpleApplication@56ae051e
----------------- Done invoking toplevel() on ptolemy.moml.MoMLSimpleApplication@56ae051e
reloadAllAccessors: .ReadFile1

===========================================================================================
----------------- testing Sat Sep 05 15:41:56 UTC 2020 /home/travis/build/icyphy/ptII/ptolemy/actor/lib/test/auto/ReadFile2.xml
----------------- Instantiating /home/travis/build/icyphy/ptII/ptolemy/actor/lib/test/auto/ReadFile2.xml
1 ms. Memory: 607232K Free: 351524K (58%)
----------------- Invoking toplevel() on ptolemy.moml.MoMLSimpleApplication@3a980557
----------------- Done invoking toplevel() on ptolemy.moml.MoMLSimpleApplication@3a980557
reloadAllAccessors: .ReadFile2

===========================================================================================
----------------- testing Sat Sep 05 15:41:56 UTC 2020 /home/travis/build/icyphy/ptII/ptolemy/actor/lib/test/auto/Reader.xml
----------------- Instantiating /home/travis/build/icyphy/ptII/ptolemy/actor/lib/test/auto/Reader.xml
actor.lib.Reader is obsolete, use actor.lib.io.ExpressionReader instead
4 ms. Memory: 607232K Free: 347428K (57%)
----------------- Invoking toplevel() on ptolemy.moml.MoMLSimpleApplication@72192244
----------------- Done invoking toplevel() on ptolemy.moml.MoMLSimpleApplication@72192244
reloadAllAccessors: .Reader

===========================================================================================
----------------- testing Sat Sep 05 15:41:56 UTC 2020 /home/travis/build/icyphy/ptII/ptolemy/actor/lib/test/auto/RecordAssemblerDisplayNameTest.xml
----------------- Instantiating /home/travis/build/icyphy/ptII/ptolemy/actor/lib/test/auto/RecordAssemblerDisplayNameTest.xml
3033 ms. Memory: 607232K Free: 548642K (90%)
----------------- Invoking toplevel() on ptolemy.moml.MoMLSimpleApplication@b81867f
----------------- Done invoking toplevel() on ptolemy.moml.MoMLSimpleApplication@b81867f
reloadAllAccessors: .RecordAssemblerDisplayNameTest

===========================================================================================
----------------- testing Sat Sep 05 15:41:59 UTC 2020 /home/travis/build/icyphy/ptII/ptolemy/actor/lib/test/auto/RecordAssemblerTypeError.xml
----------------- Instantiating /home/travis/build/icyphy/ptII/ptolemy/actor/lib/test/auto/RecordAssemblerTypeError.xml
11 ms. Memory: 607232K Free: 538916K (89%)
----------------- Invoking toplevel() on ptolemy.moml.MoMLSimpleApplication@3d9b121c
----------------- Done invoking toplevel() on ptolemy.moml.MoMLSimpleApplication@3d9b121c
reloadAllAccessors: .RecordAssemblerTypeError

===========================================================================================
----------------- testing Sat Sep 05 15:41:59 UTC 2020 /home/travis/build/icyphy/ptII/ptolemy/actor/lib/test/auto/RecordDisassember.xml
----------------- Instantiating /home/travis/build/icyphy/ptII/ptolemy/actor/lib/test/auto/RecordDisassember.xml
8 ms. Memory: 607232K Free: 533796K (88%)
----------------- Invoking toplevel() on ptolemy.moml.MoMLSimpleApplication@2bcb05db
----------------- Done invoking toplevel() on ptolemy.moml.MoMLSimpleApplication@2bcb05db
reloadAllAccessors: .RecordDisassember

===========================================================================================
----------------- testing Sat Sep 05 15:41:59 UTC 2020 /home/travis/build/icyphy/ptII/ptolemy/actor/lib/test/auto/RecordDisassemberDisplayNameTest.xml
----------------- Instantiating /home/travis/build/icyphy/ptII/ptolemy/actor/lib/test/auto/RecordDisassemberDisplayNameTest.xml
4 ms. Memory: 607232K Free: 526114K (87%)
----------------- Invoking toplevel() on ptolemy.moml.MoMLSimpleApplication@a210a1a
----------------- Done invoking toplevel() on ptolemy.moml.MoMLSimpleApplication@a210a1a
reloadAllAccessors: .RecordDisassemberDisplayNameTest

===========================================================================================
----------------- testing Sat Sep 05 15:41:59 UTC 2020 /home/travis/build/icyphy/ptII/ptolemy/actor/lib/test/auto/RecordDisassembler.xml
----------------- Instantiating /home/travis/build/icyphy/ptII/ptolemy/actor/lib/test/auto/RecordDisassembler.xml
3 ms. Memory: 607232K Free: 520987K (86%)
----------------- Invoking toplevel() on ptolemy.moml.MoMLSimpleApplication@72e4b32f
----------------- Done invoking toplevel() on ptolemy.moml.MoMLSimpleApplication@72e4b32f
reloadAllAccessors: .RecordDisassembler

===========================================================================================
----------------- testing Sat Sep 05 15:41:59 UTC 2020 /home/travis/build/icyphy/ptII/ptolemy/actor/lib/test/auto/RecordDisassembler2.xml
----------------- Instantiating /home/travis/build/icyphy/ptII/ptolemy/actor/lib/test/auto/RecordDisassembler2.xml
4 ms. Memory: 607232K Free: 515859K (85%)
----------------- Invoking toplevel() on ptolemy.moml.MoMLSimpleApplication@2b5c8f47
----------------- Done invoking toplevel() on ptolemy.moml.MoMLSimpleApplication@2b5c8f47
reloadAllAccessors: .RecordDisassembler2

===========================================================================================
----------------- testing Sat Sep 05 15:41:59 UTC 2020 /home/travis/build/icyphy/ptII/ptolemy/actor/lib/test/auto/RecordUpdater.xml
----------------- Instantiating /home/travis/build/icyphy/ptII/ptolemy/actor/lib/test/auto/RecordUpdater.xml
2 ms. Memory: 607232K Free: 510754K (84%)
----------------- Invoking toplevel() on ptolemy.moml.MoMLSimpleApplication@7d200ccb
----------------- Done invoking toplevel() on ptolemy.moml.MoMLSimpleApplication@7d200ccb
reloadAllAccessors: .RecordUpdater

===========================================================================================
----------------- testing Sat Sep 05 15:41:59 UTC 2020 /home/travis/build/icyphy/ptII/ptolemy/actor/lib/test/auto/RecordUpdater2.xml
----------------- Instantiating /home/travis/build/icyphy/ptII/ptolemy/actor/lib/test/auto/RecordUpdater2.xml
3 ms. Memory: 607232K Free: 505634K (83%)
----------------- Invoking toplevel() on ptolemy.moml.MoMLSimpleApplication@426003
----------------- Done invoking toplevel() on ptolemy.moml.MoMLSimpleApplication@426003
reloadAllAccessors: .RecordUpdater2

===========================================================================================
----------------- testing Sat Sep 05 15:41:59 UTC 2020 /home/travis/build/icyphy/ptII/ptolemy/actor/lib/test/auto/RecursiveLattice.xml
----------------- Instantiating /home/travis/build/icyphy/ptII/ptolemy/actor/lib/test/auto/RecursiveLattice.xml
2 ms. Memory: 607232K Free: 501028K (83%)
----------------- Invoking toplevel() on ptolemy.moml.MoMLSimpleApplication@3d8951e8
----------------- Done invoking toplevel() on ptolemy.moml.MoMLSimpleApplication@3d8951e8
reloadAllAccessors: .RecursiveLattice

===========================================================================================
----------------- testing Sat Sep 05 15:41:59 UTC 2020 /home/travis/build/icyphy/ptII/ptolemy/actor/lib/test/auto/Router.xml
----------------- Instantiating /home/travis/build/icyphy/ptII/ptolemy/actor/lib/test/auto/Router.xml
3004 ms. Memory: 607232K Free: 490788K (81%)
----------------- Invoking toplevel() on ptolemy.moml.MoMLSimpleApplication@7f10939
----------------- Done invoking toplevel() on ptolemy.moml.MoMLSimpleApplication@7f10939
reloadAllAccessors: .Router

===========================================================================================
----------------- testing Sat Sep 05 15:42:02 UTC 2020 /home/travis/build/icyphy/ptII/ptolemy/actor/lib/test/auto/Router2.xml
----------------- Instantiating /home/travis/build/icyphy/ptII/ptolemy/actor/lib/test/auto/Router2.xml
3009 ms. Memory: 607232K Free: 478500K (79%)
----------------- Invoking toplevel() on ptolemy.moml.MoMLSimpleApplication@759fbcc9
----------------- Done invoking toplevel() on ptolemy.moml.MoMLSimpleApplication@759fbcc9
reloadAllAccessors: .Router2

===========================================================================================
----------------- testing Sat Sep 05 15:42:05 UTC 2020 /home/travis/build/icyphy/ptII/ptolemy/actor/lib/test/auto/RunningMaximum.xml
----------------- Instantiating /home/travis/build/icyphy/ptII/ptolemy/actor/lib/test/auto/RunningMaximum.xml
7 ms. Memory: 607232K Free: 473890K (78%)
----------------- Invoking toplevel() on ptolemy.moml.MoMLSimpleApplication@3193fafb
----------------- Done invoking toplevel() on ptolemy.moml.MoMLSimpleApplication@3193fafb
reloadAllAccessors: .RunningMaximum

===========================================================================================
----------------- testing Sat Sep 05 15:42:05 UTC 2020 /home/travis/build/icyphy/ptII/ptolemy/actor/lib/test/auto/RunningMinimum.xml
----------------- Instantiating /home/travis/build/icyphy/ptII/ptolemy/actor/lib/test/auto/RunningMinimum.xml
9 ms. Memory: 607232K Free: 469284K (77%)
----------------- Invoking toplevel() on ptolemy.moml.MoMLSimpleApplication@616f4fc6
----------------- Done invoking toplevel() on ptolemy.moml.MoMLSimpleApplication@616f4fc6
reloadAllAccessors: .RunningMinimum

===========================================================================================
----------------- testing Sat Sep 05 15:42:05 UTC 2020 /home/travis/build/icyphy/ptII/ptolemy/actor/lib/test/auto/Scale.xml
----------------- Instantiating /home/travis/build/icyphy/ptII/ptolemy/actor/lib/test/auto/Scale.xml
1 ms. Memory: 607232K Free: 464674K (77%)
----------------- Invoking toplevel() on ptolemy.moml.MoMLSimpleApplication@481acf40
----------------- Done invoking toplevel() on ptolemy.moml.MoMLSimpleApplication@481acf40
reloadAllAccessors: .Scale

===========================================================================================
----------------- testing Sat Sep 05 15:42:05 UTC 2020 /home/travis/build/icyphy/ptII/ptolemy/actor/lib/test/auto/Scale2.xml
----------------- Instantiating /home/travis/build/icyphy/ptII/ptolemy/actor/lib/test/auto/Scale2.xml
2 ms. Memory: 607232K Free: 459554K (76%)
----------------- Invoking toplevel() on ptolemy.moml.MoMLSimpleApplication@71910e3e
----------------- Done invoking toplevel() on ptolemy.moml.MoMLSimpleApplication@71910e3e
reloadAllAccessors: .Scale2

===========================================================================================
----------------- testing Sat Sep 05 15:42:05 UTC 2020 /home/travis/build/icyphy/ptII/ptolemy/actor/lib/test/auto/Scale3.xml
----------------- Instantiating /home/travis/build/icyphy/ptII/ptolemy/actor/lib/test/auto/Scale3.xml
2 ms. Memory: 607232K Free: 453410K (75%)
----------------- Invoking toplevel() on ptolemy.moml.MoMLSimpleApplication@1f8dd15c
----------------- Done invoking toplevel() on ptolemy.moml.MoMLSimpleApplication@1f8dd15c
reloadAllAccessors: .Scale3

===========================================================================================
----------------- testing Sat Sep 05 15:42:05 UTC 2020 /home/travis/build/icyphy/ptII/ptolemy/actor/lib/test/auto/ScaleArray.xml
----------------- Instantiating /home/travis/build/icyphy/ptII/ptolemy/actor/lib/test/auto/ScaleArray.xml
2 ms. Memory: 607232K Free: 448804K (74%)
----------------- Invoking toplevel() on ptolemy.moml.MoMLSimpleApplication@4dffc085
----------------- Done invoking toplevel() on ptolemy.moml.MoMLSimpleApplication@4dffc085
reloadAllAccessors: .ScaleArray

===========================================================================================
----------------- testing Sat Sep 05 15:42:05 UTC 2020 /home/travis/build/icyphy/ptII/ptolemy/actor/lib/test/auto/ScaleArray2.xml
----------------- Instantiating /home/travis/build/icyphy/ptII/ptolemy/actor/lib/test/auto/ScaleArray2.xml
2 ms. Memory: 607232K Free: 443684K (73%)
----------------- Invoking toplevel() on ptolemy.moml.MoMLSimpleApplication@46bbfcc4
----------------- Done invoking toplevel() on ptolemy.moml.MoMLSimpleApplication@46bbfcc4
reloadAllAccessors: .ScaleArray2

===========================================================================================
----------------- testing Sat Sep 05 15:42:05 UTC 2020 /home/travis/build/icyphy/ptII/ptolemy/actor/lib/test/auto/ScaleMatrix.xml
----------------- Instantiating /home/travis/build/icyphy/ptII/ptolemy/actor/lib/test/auto/ScaleMatrix.xml
131 ms. Memory: 607232K Free: 431396K (71%)
----------------- Invoking toplevel() on ptolemy.moml.MoMLSimpleApplication@71104e8b
----------------- Done invoking toplevel() on ptolemy.moml.MoMLSimpleApplication@71104e8b
reloadAllAccessors: .ScaleMatrix

===========================================================================================
----------------- testing Sat Sep 05 15:42:05 UTC 2020 /home/travis/build/icyphy/ptII/ptolemy/actor/lib/test/auto/Select.xml
----------------- Instantiating /home/travis/build/icyphy/ptII/ptolemy/actor/lib/test/auto/Select.xml
2 ms. Memory: 607232K Free: 425252K (70%)
----------------- Invoking toplevel() on ptolemy.moml.MoMLSimpleApplication@10ae013a
----------------- Done invoking toplevel() on ptolemy.moml.MoMLSimpleApplication@10ae013a
reloadAllAccessors: .Select

===========================================================================================
----------------- testing Sat Sep 05 15:42:05 UTC 2020 /home/travis/build/icyphy/ptII/ptolemy/actor/lib/test/auto/Select2.xml
----------------- Instantiating /home/travis/build/icyphy/ptII/ptolemy/actor/lib/test/auto/Select2.xml
1 ms. Memory: 607232K Free: 420642K (69%)
----------------- Invoking toplevel() on ptolemy.moml.MoMLSimpleApplication@49c19797
----------------- Done invoking toplevel() on ptolemy.moml.MoMLSimpleApplication@49c19797
reloadAllAccessors: .Select2

===========================================================================================
----------------- testing Sat Sep 05 15:42:05 UTC 2020 /home/travis/build/icyphy/ptII/ptolemy/actor/lib/test/auto/SequenceToArray2.xml
----------------- Instantiating /home/travis/build/icyphy/ptII/ptolemy/actor/lib/test/auto/SequenceToArray2.xml
93 ms. Memory: 607232K Free: 396051K (65%)
----------------- Invoking toplevel() on ptolemy.moml.MoMLSimpleApplication@711c3bf9
----------------- Done invoking toplevel() on ptolemy.moml.MoMLSimpleApplication@711c3bf9
reloadAllAccessors: .SequenceToArray2

===========================================================================================
----------------- testing Sat Sep 05 15:42:05 UTC 2020 /home/travis/build/icyphy/ptII/ptolemy/actor/lib/test/auto/SequentialClock.xml
----------------- Instantiating /home/travis/build/icyphy/ptII/ptolemy/actor/lib/test/auto/SequentialClock.xml
2 ms. Memory: 607232K Free: 391970K (65%)
----------------- Invoking toplevel() on ptolemy.moml.MoMLSimpleApplication@97c98ae
----------------- Done invoking toplevel() on ptolemy.moml.MoMLSimpleApplication@97c98ae
reloadAllAccessors: .SequentialClock

===========================================================================================
----------------- testing Sat Sep 05 15:42:05 UTC 2020 /home/travis/build/icyphy/ptII/ptolemy/actor/lib/test/auto/SetVariable.xml
----------------- Instantiating /home/travis/build/icyphy/ptII/ptolemy/actor/lib/test/auto/SetVariable.xml
3 ms. Memory: 607232K Free: 386850K (64%)
----------------- Invoking toplevel() on ptolemy.moml.MoMLSimpleApplication@60d7a10e
----------------- Done invoking toplevel() on ptolemy.moml.MoMLSimpleApplication@60d7a10e
reloadAllAccessors: .SetVariable

===========================================================================================
----------------- testing Sat Sep 05 15:42:05 UTC 2020 /home/travis/build/icyphy/ptII/ptolemy/actor/lib/test/auto/SetVariable2.xml
----------------- Instantiating /home/travis/build/icyphy/ptII/ptolemy/actor/lib/test/auto/SetVariable2.xml
4 ms. Memory: 607232K Free: 381220K (63%)
----------------- Invoking toplevel() on ptolemy.moml.MoMLSimpleApplication@6e33419a
----------------- Done invoking toplevel() on ptolemy.moml.MoMLSimpleApplication@6e33419a
reloadAllAccessors: .SetVariable2

===========================================================================================
----------------- testing Sat Sep 05 15:42:05 UTC 2020 /home/travis/build/icyphy/ptII/ptolemy/actor/lib/test/auto/SetVariable3.xml
----------------- Instantiating /home/travis/build/icyphy/ptII/ptolemy/actor/lib/test/auto/SetVariable3.xml
9 ms. Memory: 607232K Free: 376100K (62%)
----------------- Invoking toplevel() on ptolemy.moml.MoMLSimpleApplication@609435a6
----------------- Done invoking toplevel() on ptolemy.moml.MoMLSimpleApplication@609435a6
reloadAllAccessors: .SetVariable3

===========================================================================================
----------------- testing Sat Sep 05 15:42:05 UTC 2020 /home/travis/build/icyphy/ptII/ptolemy/actor/lib/test/auto/SetVariable4.xml
----------------- Instantiating /home/travis/build/icyphy/ptII/ptolemy/actor/lib/test/auto/SetVariable4.xml
33 ms. Memory: 607232K Free: 365858K (60%)
----------------- Invoking toplevel() on ptolemy.moml.MoMLSimpleApplication@125e2865
----------------- Done invoking toplevel() on ptolemy.moml.MoMLSimpleApplication@125e2865
reloadAllAccessors: .SetVariable4

===========================================================================================
----------------- testing Sat Sep 05 15:42:05 UTC 2020 /home/travis/build/icyphy/ptII/ptolemy/actor/lib/test/auto/SetVariable5.xml
----------------- Instantiating /home/travis/build/icyphy/ptII/ptolemy/actor/lib/test/auto/SetVariable5.xml
11 ms. Memory: 607232K Free: 356123K (59%)
----------------- Invoking toplevel() on ptolemy.moml.MoMLSimpleApplication@43e6f08d
----------------- Done invoking toplevel() on ptolemy.moml.MoMLSimpleApplication@43e6f08d
reloadAllAccessors: .SetVariable5

===========================================================================================
----------------- testing Sat Sep 05 15:42:05 UTC 2020 /home/travis/build/icyphy/ptII/ptolemy/actor/lib/test/auto/Sinewave.xml
----------------- Instantiating /home/travis/build/icyphy/ptII/ptolemy/actor/lib/test/auto/Sinewave.xml
4 ms. Memory: 607232K Free: 345890K (57%)
----------------- Invoking toplevel() on ptolemy.moml.MoMLSimpleApplication@752fc545
----------------- Done invoking toplevel() on ptolemy.moml.MoMLSimpleApplication@752fc545
reloadAllAccessors: .Sinewave

===========================================================================================
----------------- testing Sat Sep 05 15:42:05 UTC 2020 /home/travis/build/icyphy/ptII/ptolemy/actor/lib/test/auto/Sinewave2.xml
----------------- Instantiating /home/travis/build/icyphy/ptII/ptolemy/actor/lib/test/auto/Sinewave2.xml
5 ms. Memory: 607232K Free: 337188K (56%)
----------------- Invoking toplevel() on ptolemy.moml.MoMLSimpleApplication@5af4a76
----------------- Done invoking toplevel() on ptolemy.moml.MoMLSimpleApplication@5af4a76
reloadAllAccessors: .Sinewave2

===========================================================================================
----------------- testing Sat Sep 05 15:42:05 UTC 2020 /home/travis/build/icyphy/ptII/ptolemy/actor/lib/test/auto/Sinewave3.xml
----------------- Instantiating /home/travis/build/icyphy/ptII/ptolemy/actor/lib/test/auto/Sinewave3.xml
8 ms. Memory: 607232K Free: 328451K (54%)
----------------- Invoking toplevel() on ptolemy.moml.MoMLSimpleApplication@62b2e352
----------------- Done invoking toplevel() on ptolemy.moml.MoMLSimpleApplication@62b2e352
reloadAllAccessors: .Sinewave3

===========================================================================================
----------------- testing Sat Sep 05 15:42:05 UTC 2020 /home/travis/build/icyphy/ptII/ptolemy/actor/lib/test/auto/SingleEvent.xml
----------------- Instantiating /home/travis/build/icyphy/ptII/ptolemy/actor/lib/test/auto/SingleEvent.xml
1 ms. Memory: 607232K Free: 324386K (53%)
----------------- Invoking toplevel() on ptolemy.moml.MoMLSimpleApplication@18ed4fa2
----------------- Done invoking toplevel() on ptolemy.moml.MoMLSimpleApplication@18ed4fa2
reloadAllAccessors: .SingleEvent

===========================================================================================
----------------- testing Sat Sep 05 15:42:06 UTC 2020 /home/travis/build/icyphy/ptII/ptolemy/actor/lib/test/auto/Sleep.xml
----------------- Instantiating /home/travis/build/icyphy/ptII/ptolemy/actor/lib/test/auto/Sleep.xml
6003 ms. Memory: 607232K Free: 318756K (52%)
----------------- Invoking toplevel() on ptolemy.moml.MoMLSimpleApplication@1a21b793
----------------- Done invoking toplevel() on ptolemy.moml.MoMLSimpleApplication@1a21b793
reloadAllAccessors: .Sleep

===========================================================================================
----------------- testing Sat Sep 05 15:42:12 UTC 2020 /home/travis/build/icyphy/ptII/ptolemy/actor/lib/test/auto/SleepMultipleFire.xml
----------------- Instantiating /home/travis/build/icyphy/ptII/ptolemy/actor/lib/test/auto/SleepMultipleFire.xml
1011 ms. Memory: 607232K Free: 312612K (51%)
----------------- Invoking toplevel() on ptolemy.moml.MoMLSimpleApplication@58fe0d93
----------------- Done invoking toplevel() on ptolemy.moml.MoMLSimpleApplication@58fe0d93
reloadAllAccessors: .SleepMultipleFire

===========================================================================================
----------------- testing Sat Sep 05 15:42:13 UTC 2020 /home/travis/build/icyphy/ptII/ptolemy/actor/lib/test/auto/StopDE.xml
----------------- Instantiating /home/travis/build/icyphy/ptII/ptolemy/actor/lib/test/auto/StopDE.xml
4 ms. Memory: 607232K Free: 306978K (51%)
----------------- Invoking toplevel() on ptolemy.moml.MoMLSimpleApplication@195180b1
----------------- Done invoking toplevel() on ptolemy.moml.MoMLSimpleApplication@195180b1
reloadAllAccessors: .StopDE

===========================================================================================
----------------- testing Sat Sep 05 15:42:13 UTC 2020 /home/travis/build/icyphy/ptII/ptolemy/actor/lib/test/auto/StopSDF.xml
----------------- Instantiating /home/travis/build/icyphy/ptII/ptolemy/actor/lib/test/auto/StopSDF.xml
3 ms. Memory: 607232K Free: 301858K (50%)
----------------- Invoking toplevel() on ptolemy.moml.MoMLSimpleApplication@2f74d773
----------------- Done invoking toplevel() on ptolemy.moml.MoMLSimpleApplication@2f74d773
reloadAllAccessors: .StopSDF

===========================================================================================
----------------- testing Sat Sep 05 15:42:13 UTC 2020 /home/travis/build/icyphy/ptII/ptolemy/actor/lib/test/auto/StringConstant.xml
----------------- Instantiating /home/travis/build/icyphy/ptII/ptolemy/actor/lib/test/auto/StringConstant.xml
9 ms. Memory: 607232K Free: 297252K (49%)
----------------- Invoking toplevel() on ptolemy.moml.MoMLSimpleApplication@e556167
----------------- Done invoking toplevel() on ptolemy.moml.MoMLSimpleApplication@e556167
reloadAllAccessors: .StringConstant

===========================================================================================
----------------- testing Sat Sep 05 15:42:13 UTC 2020 /home/travis/build/icyphy/ptII/ptolemy/actor/lib/test/auto/SubscriberPortInitialValues1.xml
----------------- Instantiating /home/travis/build/icyphy/ptII/ptolemy/actor/lib/test/auto/SubscriberPortInitialValues1.xml
8 ms. Memory: 607232K Free: 288546K (48%)
----------------- Invoking toplevel() on ptolemy.moml.MoMLSimpleApplication@227b374d
----------------- Done invoking toplevel() on ptolemy.moml.MoMLSimpleApplication@227b374d
reloadAllAccessors: .SubscriberPortInitialValues1

===========================================================================================
----------------- testing Sat Sep 05 15:42:13 UTC 2020 /home/travis/build/icyphy/ptII/ptolemy/actor/lib/test/auto/SubscriberPortInitialValues13.xml
----------------- Instantiating /home/travis/build/icyphy/ptII/ptolemy/actor/lib/test/auto/SubscriberPortInitialValues13.xml
5 ms. Memory: 607232K Free: 276258K (45%)
----------------- Invoking toplevel() on ptolemy.moml.MoMLSimpleApplication@30f6918b
----------------- Done invoking toplevel() on ptolemy.moml.MoMLSimpleApplication@30f6918b
reloadAllAccessors: .SubscriberPortInitialValues13

===========================================================================================
----------------- testing Sat Sep 05 15:42:13 UTC 2020 /home/travis/build/icyphy/ptII/ptolemy/actor/lib/test/auto/SubscriberPortInitialValues14.xml
----------------- Instantiating /home/travis/build/icyphy/ptII/ptolemy/actor/lib/test/auto/SubscriberPortInitialValues14.xml
4 ms. Memory: 607232K Free: 268066K (44%)
----------------- Invoking toplevel() on ptolemy.moml.MoMLSimpleApplication@741e54c1
----------------- Done invoking toplevel() on ptolemy.moml.MoMLSimpleApplication@741e54c1
reloadAllAccessors: .SubscriberPortInitialValues14

===========================================================================================
----------------- testing Sat Sep 05 15:42:13 UTC 2020 /home/travis/build/icyphy/ptII/ptolemy/actor/lib/test/auto/SubscriberPortInitialValues2.xml
----------------- Instantiating /home/travis/build/icyphy/ptII/ptolemy/actor/lib/test/auto/SubscriberPortInitialValues2.xml
3 ms. Memory: 607232K Free: 260388K (43%)
----------------- Invoking toplevel() on ptolemy.moml.MoMLSimpleApplication@280dbfdb
----------------- Done invoking toplevel() on ptolemy.moml.MoMLSimpleApplication@280dbfdb
reloadAllAccessors: .SubscriberPortInitialValues2

===========================================================================================
----------------- testing Sat Sep 05 15:42:13 UTC 2020 /home/travis/build/icyphy/ptII/ptolemy/actor/lib/test/auto/SubscriberPortInitialValues3.xml
----------------- Instantiating /home/travis/build/icyphy/ptII/ptolemy/actor/lib/test/auto/SubscriberPortInitialValues3.xml
4 ms. Memory: 607232K Free: 249634K (41%)
----------------- Invoking toplevel() on ptolemy.moml.MoMLSimpleApplication@355dde79
----------------- Done invoking toplevel() on ptolemy.moml.MoMLSimpleApplication@355dde79
reloadAllAccessors: .SubscriberPortInitialValues3

===========================================================================================
----------------- testing Sat Sep 05 15:42:13 UTC 2020 /home/travis/build/icyphy/ptII/ptolemy/actor/lib/test/auto/SubscriptionAggregator.xml
----------------- Instantiating /home/travis/build/icyphy/ptII/ptolemy/actor/lib/test/auto/SubscriptionAggregator.xml
3 ms. Memory: 607232K Free: 242451K (40%)
----------------- Invoking toplevel() on ptolemy.moml.MoMLSimpleApplication@78909f83
----------------- Done invoking toplevel() on ptolemy.moml.MoMLSimpleApplication@78909f83
reloadAllAccessors: .SubscriptionAggregator

===========================================================================================
----------------- testing Sat Sep 05 15:42:13 UTC 2020 /home/travis/build/icyphy/ptII/ptolemy/actor/lib/test/auto/SubscriptionAggregator2.xml
----------------- Instantiating /home/travis/build/icyphy/ptII/ptolemy/actor/lib/test/auto/SubscriptionAggregator2.xml
2 ms. Memory: 607232K Free: 235812K (39%)
----------------- Invoking toplevel() on ptolemy.moml.MoMLSimpleApplication@767eda13
----------------- Done invoking toplevel() on ptolemy.moml.MoMLSimpleApplication@767eda13
reloadAllAccessors: .SubscriptionAggregator2

===========================================================================================
----------------- testing Sat Sep 05 15:42:13 UTC 2020 /home/travis/build/icyphy/ptII/ptolemy/actor/lib/test/auto/SubscriptionAggregator3.xml
----------------- Instantiating /home/travis/build/icyphy/ptII/ptolemy/actor/lib/test/auto/SubscriptionAggregator3.xml
5 ms. Memory: 607232K Free: 227099K (37%)
----------------- Invoking toplevel() on ptolemy.moml.MoMLSimpleApplication@67a19ffe
----------------- Done invoking toplevel() on ptolemy.moml.MoMLSimpleApplication@67a19ffe
reloadAllAccessors: .SubscriptionAggregator3

===========================================================================================
----------------- testing Sat Sep 05 15:42:13 UTC 2020 /home/travis/build/icyphy/ptII/ptolemy/actor/lib/test/auto/SubscriptionAggregatorMultiply.xml
----------------- Instantiating /home/travis/build/icyphy/ptII/ptolemy/actor/lib/test/auto/SubscriptionAggregatorMultiply.xml
13 ms. Memory: 607232K Free: 217883K (36%)
----------------- Invoking toplevel() on ptolemy.moml.MoMLSimpleApplication@41c7f9d8
----------------- Done invoking toplevel() on ptolemy.moml.MoMLSimpleApplication@41c7f9d8
reloadAllAccessors: .SubscriptionAggregatorMultiply

===========================================================================================
----------------- testing Sat Sep 05 15:42:13 UTC 2020 /home/travis/build/icyphy/ptII/ptolemy/actor/lib/test/auto/SubscriptionAggregatorPortMultiply1.xml
----------------- Instantiating /home/travis/build/icyphy/ptII/ptolemy/actor/lib/test/auto/SubscriptionAggregatorPortMultiply1.xml
4 ms. Memory: 607232K Free: 209698K (35%)
----------------- Invoking toplevel() on ptolemy.moml.MoMLSimpleApplication@49a822b8
----------------- Done invoking toplevel() on ptolemy.moml.MoMLSimpleApplication@49a822b8
reloadAllAccessors: .SubscriptionAggregatorPortMultiply1

===========================================================================================
----------------- testing Sat Sep 05 15:42:13 UTC 2020 /home/travis/build/icyphy/ptII/ptolemy/actor/lib/test/auto/Switch.xml
----------------- Instantiating /home/travis/build/icyphy/ptII/ptolemy/actor/lib/test/auto/Switch.xml
5 ms. Memory: 607232K Free: 552738K (91%)
----------------- Invoking toplevel() on ptolemy.moml.MoMLSimpleApplication@34c524c9
----------------- Done invoking toplevel() on ptolemy.moml.MoMLSimpleApplication@34c524c9
reloadAllAccessors: .Switch

===========================================================================================
----------------- testing Sat Sep 05 15:42:13 UTC 2020 /home/travis/build/icyphy/ptII/ptolemy/actor/lib/test/auto/Switch2.xml
----------------- Instantiating /home/travis/build/icyphy/ptII/ptolemy/actor/lib/test/auto/Switch2.xml
1 ms. Memory: 607232K Free: 547618K (90%)
----------------- Invoking toplevel() on ptolemy.moml.MoMLSimpleApplication@2c007328
----------------- Done invoking toplevel() on ptolemy.moml.MoMLSimpleApplication@2c007328
reloadAllAccessors: .Switch2

===========================================================================================
----------------- testing Sat Sep 05 15:42:13 UTC 2020 /home/travis/build/icyphy/ptII/ptolemy/actor/lib/test/auto/SwitchDE.xml
----------------- Instantiating /home/travis/build/icyphy/ptII/ptolemy/actor/lib/test/auto/SwitchDE.xml
3 ms. Memory: 607232K Free: 541443K (89%)
----------------- Invoking toplevel() on ptolemy.moml.MoMLSimpleApplication@561ac395
----------------- Done invoking toplevel() on ptolemy.moml.MoMLSimpleApplication@561ac395
reloadAllAccessors: .SwitchDE

===========================================================================================
----------------- testing Sat Sep 05 15:42:13 UTC 2020 /home/travis/build/icyphy/ptII/ptolemy/actor/lib/test/auto/SynchronizerDE.xml
----------------- Instantiating /home/travis/build/icyphy/ptII/ptolemy/actor/lib/test/auto/SynchronizerDE.xml
9 ms. Memory: 607232K Free: 532772K (88%)
----------------- Invoking toplevel() on ptolemy.moml.MoMLSimpleApplication@1c77e58b
----------------- Done invoking toplevel() on ptolemy.moml.MoMLSimpleApplication@1c77e58b
reloadAllAccessors: .SynchronizerDE

===========================================================================================
----------------- testing Sat Sep 05 15:42:13 UTC 2020 /home/travis/build/icyphy/ptII/ptolemy/actor/lib/test/auto/Test.xml
----------------- Instantiating /home/travis/build/icyphy/ptII/ptolemy/actor/lib/test/auto/Test.xml
1 ms. Memory: 607232K Free: 527652K (87%)
----------------- Invoking toplevel() on ptolemy.moml.MoMLSimpleApplication@6f468e8f
----------------- Done invoking toplevel() on ptolemy.moml.MoMLSimpleApplication@6f468e8f
reloadAllAccessors: .Test

===========================================================================================
----------------- testing Sat Sep 05 15:42:13 UTC 2020 /home/travis/build/icyphy/ptII/ptolemy/actor/lib/test/auto/TestExceptionAttribute1.xml
----------------- Instantiating /home/travis/build/icyphy/ptII/ptolemy/actor/lib/test/auto/TestExceptionAttribute1.xml
2 ms. Memory: 607232K Free: 524066K (86%)
----------------- Invoking toplevel() on ptolemy.moml.MoMLSimpleApplication@497c2fb1
----------------- Done invoking toplevel() on ptolemy.moml.MoMLSimpleApplication@497c2fb1
reloadAllAccessors: .TestExceptionAttribute1

===========================================================================================
----------------- testing Sat Sep 05 15:42:13 UTC 2020 /home/travis/build/icyphy/ptII/ptolemy/actor/lib/test/auto/TestExceptionAttribute2.xml
----------------- Instantiating /home/travis/build/icyphy/ptII/ptolemy/actor/lib/test/auto/TestExceptionAttribute2.xml
1 ms. Memory: 607232K Free: 519970K (86%)
----------------- Invoking toplevel() on ptolemy.moml.MoMLSimpleApplication@4c28490b
----------------- Done invoking toplevel() on ptolemy.moml.MoMLSimpleApplication@4c28490b
reloadAllAccessors: .TestExceptionAttribute2

===========================================================================================
----------------- testing Sat Sep 05 15:42:13 UTC 2020 /home/travis/build/icyphy/ptII/ptolemy/actor/lib/test/auto/TestExceptionAttribute3.xml
----------------- Instantiating /home/travis/build/icyphy/ptII/ptolemy/actor/lib/test/auto/TestExceptionAttribute3.xml
.TestExceptionAttribute3.TestExceptionAttribute: initialize() was not invoked, but wrapup() was.  This is unusual, but not always a problem.  For example, exporting JNLP will do this.
1 ms. Memory: 607232K Free: 516388K (85%)
----------------- Invoking toplevel() on ptolemy.moml.MoMLSimpleApplication@647fb667
----------------- Done invoking toplevel() on ptolemy.moml.MoMLSimpleApplication@647fb667
reloadAllAccessors: .TestExceptionAttribute3

===========================================================================================
----------------- testing Sat Sep 05 15:42:13 UTC 2020 /home/travis/build/icyphy/ptII/ptolemy/actor/lib/test/auto/TestExceptionAttribute4.xml
----------------- Instantiating /home/travis/build/icyphy/ptII/ptolemy/actor/lib/test/auto/TestExceptionAttribute4.xml
.TestExceptionAttribute4.TestExceptionAttribute: initialize() was not invoked, but wrapup() was.  This is unusual, but not always a problem.  For example, exporting JNLP will do this.
.TestExceptionAttribute4.TestExceptionAttribute2: initialize() was not invoked, but wrapup() was.  This is unusual, but not always a problem.  For example, exporting JNLP will do this.
0 ms. Memory: 607232K Free: 511778K (84%)
----------------- Invoking toplevel() on ptolemy.moml.MoMLSimpleApplication@350c02f5
----------------- Done invoking toplevel() on ptolemy.moml.MoMLSimpleApplication@350c02f5
reloadAllAccessors: .TestExceptionAttribute4

===========================================================================================
----------------- testing Sat Sep 05 15:42:13 UTC 2020 /home/travis/build/icyphy/ptII/ptolemy/actor/lib/test/auto/TestExceptionHandler1.xml
----------------- Instantiating /home/travis/build/icyphy/ptII/ptolemy/actor/lib/test/auto/TestExceptionHandler1.xml
0 ms. Memory: 607232K Free: 507172K (84%)
----------------- Invoking toplevel() on ptolemy.moml.MoMLSimpleApplication@7118883a
----------------- Done invoking toplevel() on ptolemy.moml.MoMLSimpleApplication@7118883a
reloadAllAccessors: .TestExceptionHandler1

===========================================================================================
----------------- testing Sat Sep 05 15:42:13 UTC 2020 /home/travis/build/icyphy/ptII/ptolemy/actor/lib/test/auto/TestExceptionHandler2.xml
----------------- Instantiating /home/travis/build/icyphy/ptII/ptolemy/actor/lib/test/auto/TestExceptionHandler2.xml
1 ms. Memory: 607232K Free: 503586K (83%)
----------------- Invoking toplevel() on ptolemy.moml.MoMLSimpleApplication@22b2b7b9
----------------- Done invoking toplevel() on ptolemy.moml.MoMLSimpleApplication@22b2b7b9
reloadAllAccessors: .TestExceptionHandler2

===========================================================================================
----------------- testing Sat Sep 05 15:42:13 UTC 2020 /home/travis/build/icyphy/ptII/ptolemy/actor/lib/test/auto/TestExceptionHandler3.xml
----------------- Instantiating /home/travis/build/icyphy/ptII/ptolemy/actor/lib/test/auto/TestExceptionHandler3.xml
0 ms. Memory: 607232K Free: 499490K (82%)
----------------- Invoking toplevel() on ptolemy.moml.MoMLSimpleApplication@74d7c35e
----------------- Done invoking toplevel() on ptolemy.moml.MoMLSimpleApplication@74d7c35e
reloadAllAccessors: .TestExceptionHandler3

===========================================================================================
----------------- testing Sat Sep 05 15:42:13 UTC 2020 /home/travis/build/icyphy/ptII/ptolemy/actor/lib/test/auto/TestExceptionHandler4.xml
----------------- Instantiating /home/travis/build/icyphy/ptII/ptolemy/actor/lib/test/auto/TestExceptionHandler4.xml
1 ms. Memory: 607232K Free: 495394K (82%)
----------------- Invoking toplevel() on ptolemy.moml.MoMLSimpleApplication@1200a775
----------------- Done invoking toplevel() on ptolemy.moml.MoMLSimpleApplication@1200a775
reloadAllAccessors: .TestExceptionHandler4

===========================================================================================
----------------- testing Sat Sep 05 15:42:13 UTC 2020 /home/travis/build/icyphy/ptII/ptolemy/actor/lib/test/auto/TestRequireCorrectOrder.xml
----------------- Instantiating /home/travis/build/icyphy/ptII/ptolemy/actor/lib/test/auto/TestRequireCorrectOrder.xml
5 ms. Memory: 607232K Free: 489764K (81%)
----------------- Invoking toplevel() on ptolemy.moml.MoMLSimpleApplication@75c2fa66
----------------- Done invoking toplevel() on ptolemy.moml.MoMLSimpleApplication@75c2fa66
reloadAllAccessors: .TestRequireCorrectOrder

===========================================================================================
----------------- testing Sat Sep 05 15:42:13 UTC 2020 /home/travis/build/icyphy/ptII/ptolemy/actor/lib/test/auto/TestSimple.xml
----------------- Instantiating /home/travis/build/icyphy/ptII/ptolemy/actor/lib/test/auto/TestSimple.xml
1 ms. Memory: 607232K Free: 485147K (80%)
----------------- Invoking toplevel() on ptolemy.moml.MoMLSimpleApplication@11a10d49
----------------- Done invoking toplevel() on ptolemy.moml.MoMLSimpleApplication@11a10d49
reloadAllAccessors: .TestSimple

===========================================================================================
----------------- testing Sat Sep 05 15:42:13 UTC 2020 /home/travis/build/icyphy/ptII/ptolemy/actor/lib/test/auto/ThrowModelError.xml
----------------- Instantiating /home/travis/build/icyphy/ptII/ptolemy/actor/lib/test/auto/ThrowModelError.xml
1 ms. Memory: 607232K Free: 480548K (79%)
----------------- Invoking toplevel() on ptolemy.moml.MoMLSimpleApplication@15c0c68d
----------------- Done invoking toplevel() on ptolemy.moml.MoMLSimpleApplication@15c0c68d
reloadAllAccessors: .ThrowModelError

===========================================================================================
----------------- testing Sat Sep 05 15:42:13 UTC 2020 /home/travis/build/icyphy/ptII/ptolemy/actor/lib/test/auto/TimeDelayMicrosteps.xml
----------------- Instantiating /home/travis/build/icyphy/ptII/ptolemy/actor/lib/test/auto/TimeDelayMicrosteps.xml
2 ms. Memory: 607232K Free: 473380K (78%)
----------------- Invoking toplevel() on ptolemy.moml.MoMLSimpleApplication@30ce4939
----------------- Done invoking toplevel() on ptolemy.moml.MoMLSimpleApplication@30ce4939
reloadAllAccessors: .TimeDelayMicrosteps

===========================================================================================
----------------- testing Sat Sep 05 15:42:13 UTC 2020 /home/travis/build/icyphy/ptII/ptolemy/actor/lib/test/auto/TimeDelayMicrosteps2.xml
----------------- Instantiating /home/travis/build/icyphy/ptII/ptolemy/actor/lib/test/auto/TimeDelayMicrosteps2.xml
3 ms. Memory: 607232K Free: 466212K (77%)
----------------- Invoking toplevel() on ptolemy.moml.MoMLSimpleApplication@31a94f9e
----------------- Done invoking toplevel() on ptolemy.moml.MoMLSimpleApplication@31a94f9e
reloadAllAccessors: .TimeDelayMicrosteps2

===========================================================================================
----------------- testing Sat Sep 05 15:42:13 UTC 2020 /home/travis/build/icyphy/ptII/ptolemy/actor/lib/test/auto/TimeDelayMicrosteps3.xml
----------------- Instantiating /home/travis/build/icyphy/ptII/ptolemy/actor/lib/test/auto/TimeDelayMicrosteps3.xml
3 ms. Memory: 607232K Free: 459044K (76%)
----------------- Invoking toplevel() on ptolemy.moml.MoMLSimpleApplication@7464d24f
----------------- Done invoking toplevel() on ptolemy.moml.MoMLSimpleApplication@7464d24f
reloadAllAccessors: .TimeDelayMicrosteps3

===========================================================================================
----------------- testing Sat Sep 05 15:42:13 UTC 2020 /home/travis/build/icyphy/ptII/ptolemy/actor/lib/test/auto/TimeDelayVariableMicrosteps.xml
----------------- Instantiating /home/travis/build/icyphy/ptII/ptolemy/actor/lib/test/auto/TimeDelayVariableMicrosteps.xml
2 ms. Memory: 607232K Free: 452898K (75%)
----------------- Invoking toplevel() on ptolemy.moml.MoMLSimpleApplication@6c8f6bd4
----------------- Done invoking toplevel() on ptolemy.moml.MoMLSimpleApplication@6c8f6bd4
reloadAllAccessors: .TimeDelayVariableMicrosteps

===========================================================================================
----------------- testing Sat Sep 05 15:42:13 UTC 2020 /home/travis/build/icyphy/ptII/ptolemy/actor/lib/test/auto/TimeGap.xml
----------------- Instantiating /home/travis/build/icyphy/ptII/ptolemy/actor/lib/test/auto/TimeGap.xml
4 ms. Memory: 607232K Free: 447251K (74%)
----------------- Invoking toplevel() on ptolemy.moml.MoMLSimpleApplication@5bdf677a
----------------- Done invoking toplevel() on ptolemy.moml.MoMLSimpleApplication@5bdf677a
reloadAllAccessors: .TimeGap

===========================================================================================
----------------- testing Sat Sep 05 15:42:13 UTC 2020 /home/travis/build/icyphy/ptII/ptolemy/actor/lib/test/auto/TimeGap2.xml
----------------- Instantiating /home/travis/build/icyphy/ptII/ptolemy/actor/lib/test/auto/TimeGap2.xml
2 ms. Memory: 607232K Free: 441636K (73%)
----------------- Invoking toplevel() on ptolemy.moml.MoMLSimpleApplication@204d3830
----------------- Done invoking toplevel() on ptolemy.moml.MoMLSimpleApplication@204d3830
reloadAllAccessors: .TimeGap2

===========================================================================================
----------------- testing Sat Sep 05 15:42:13 UTC 2020 /home/travis/build/icyphy/ptII/ptolemy/actor/lib/test/auto/TimedSinewave.xml
----------------- Instantiating /home/travis/build/icyphy/ptII/ptolemy/actor/lib/test/auto/TimedSinewave.xml
30 ms. Memory: 607232K Free: 427300K (70%)
----------------- Invoking toplevel() on ptolemy.moml.MoMLSimpleApplication@693bea1f
----------------- Done invoking toplevel() on ptolemy.moml.MoMLSimpleApplication@693bea1f
reloadAllAccessors: .TimedSinewave

===========================================================================================
----------------- testing Sat Sep 05 15:42:13 UTC 2020 /home/travis/build/icyphy/ptII/ptolemy/actor/lib/test/auto/TimedSinewavePhase.xml
----------------- Instantiating /home/travis/build/icyphy/ptII/ptolemy/actor/lib/test/auto/TimedSinewavePhase.xml
9 ms. Memory: 607232K Free: 417060K (69%)
----------------- Invoking toplevel() on ptolemy.moml.MoMLSimpleApplication@32a61055
----------------- Done invoking toplevel() on ptolemy.moml.MoMLSimpleApplication@32a61055
reloadAllAccessors: .TimedSinewavePhase

===========================================================================================
----------------- testing Sat Sep 05 15:42:13 UTC 2020 /home/travis/build/icyphy/ptII/ptolemy/actor/lib/test/auto/Timer.xml
----------------- Instantiating /home/travis/build/icyphy/ptII/ptolemy/actor/lib/test/auto/Timer.xml
2 ms. Memory: 607232K Free: 411419K (68%)
----------------- Invoking toplevel() on ptolemy.moml.MoMLSimpleApplication@2cd837a5
----------------- Done invoking toplevel() on ptolemy.moml.MoMLSimpleApplication@2cd837a5
reloadAllAccessors: .Timer

===========================================================================================
----------------- testing Sat Sep 05 15:42:13 UTC 2020 /home/travis/build/icyphy/ptII/ptolemy/actor/lib/test/auto/TriangularDistTestModel.xml
----------------- Instantiating /home/travis/build/icyphy/ptII/ptolemy/actor/lib/test/auto/TriangularDistTestModel.xml
2 ms. Memory: 607232K Free: 405267K (67%)
----------------- Invoking toplevel() on ptolemy.moml.MoMLSimpleApplication@3f4f8b98
----------------- Done invoking toplevel() on ptolemy.moml.MoMLSimpleApplication@3f4f8b98
reloadAllAccessors: .TriangularDistTestModel

===========================================================================================
----------------- testing Sat Sep 05 15:42:13 UTC 2020 /home/travis/build/icyphy/ptII/ptolemy/actor/lib/test/auto/TrigFunction.xml
----------------- Instantiating /home/travis/build/icyphy/ptII/ptolemy/actor/lib/test/auto/TrigFunction.xml
1 ms. Memory: 607232K Free: 400162K (66%)
----------------- Invoking toplevel() on ptolemy.moml.MoMLSimpleApplication@2d00fe41
----------------- Done invoking toplevel() on ptolemy.moml.MoMLSimpleApplication@2d00fe41
reloadAllAccessors: .TrigFunction

===========================================================================================
----------------- testing Sat Sep 05 15:42:13 UTC 2020 /home/travis/build/icyphy/ptII/ptolemy/actor/lib/test/auto/TrigFunctionDE.xml
----------------- Instantiating /home/travis/build/icyphy/ptII/ptolemy/actor/lib/test/auto/TrigFunctionDE.xml
2 ms. Memory: 607232K Free: 394018K (65%)
----------------- Invoking toplevel() on ptolemy.moml.MoMLSimpleApplication@44a741d9
----------------- Done invoking toplevel() on ptolemy.moml.MoMLSimpleApplication@44a741d9
reloadAllAccessors: .TrigFunctionDE

===========================================================================================
----------------- testing Sat Sep 05 15:42:13 UTC 2020 /home/travis/build/icyphy/ptII/ptolemy/actor/lib/test/auto/TrigFunctionInverse.xml
----------------- Instantiating /home/travis/build/icyphy/ptII/ptolemy/actor/lib/test/auto/TrigFunctionInverse.xml
2 ms. Memory: 607232K Free: 388898K (64%)
----------------- Invoking toplevel() on ptolemy.moml.MoMLSimpleApplication@62232db0
----------------- Done invoking toplevel() on ptolemy.moml.MoMLSimpleApplication@62232db0
reloadAllAccessors: .TrigFunctionInverse

===========================================================================================
----------------- testing Sat Sep 05 15:42:13 UTC 2020 /home/travis/build/icyphy/ptII/ptolemy/actor/lib/test/auto/TrigFunctionTan.xml
----------------- Instantiating /home/travis/build/icyphy/ptII/ptolemy/actor/lib/test/auto/TrigFunctionTan.xml
2 ms. Memory: 607232K Free: 384292K (63%)
----------------- Invoking toplevel() on ptolemy.moml.MoMLSimpleApplication@488fd4d0
----------------- Done invoking toplevel() on ptolemy.moml.MoMLSimpleApplication@488fd4d0
reloadAllAccessors: .TrigFunctionTan

===========================================================================================
----------------- testing Sat Sep 05 15:42:13 UTC 2020 /home/travis/build/icyphy/ptII/ptolemy/actor/lib/test/auto/TriggeredClock.xml
----------------- Instantiating /home/travis/build/icyphy/ptII/ptolemy/actor/lib/test/auto/TriggeredClock.xml
6 ms. Memory: 607232K Free: 379172K (62%)
----------------- Invoking toplevel() on ptolemy.moml.MoMLSimpleApplication@74d91210
----------------- Done invoking toplevel() on ptolemy.moml.MoMLSimpleApplication@74d91210
reloadAllAccessors: .TriggeredClock

===========================================================================================
----------------- testing Sat Sep 05 15:42:13 UTC 2020 /home/travis/build/icyphy/ptII/ptolemy/actor/lib/test/auto/URLDirectoryReader.xml
----------------- Instantiating /home/travis/build/icyphy/ptII/ptolemy/actor/lib/test/auto/URLDirectoryReader.xml
26 ms. Memory: 607232K Free: 369442K (61%)
----------------- Invoking toplevel() on ptolemy.moml.MoMLSimpleApplication@11bbc277
----------------- Done invoking toplevel() on ptolemy.moml.MoMLSimpleApplication@11bbc277
reloadAllAccessors: .URLDirectoryReader

===========================================================================================
----------------- testing Sat Sep 05 15:42:13 UTC 2020 /home/travis/build/icyphy/ptII/ptolemy/actor/lib/test/auto/URLDirectoryReader3.xml
----------------- Instantiating /home/travis/build/icyphy/ptII/ptolemy/actor/lib/test/auto/URLDirectoryReader3.xml
1418 ms. Memory: 607232K Free: 548217K (90%)
----------------- Invoking toplevel() on ptolemy.moml.MoMLSimpleApplication@6574dca9
----------------- Done invoking toplevel() on ptolemy.moml.MoMLSimpleApplication@6574dca9
reloadAllAccessors: .URLDirectoryReader3

===========================================================================================
----------------- testing Sat Sep 05 15:42:15 UTC 2020 /home/travis/build/icyphy/ptII/ptolemy/actor/lib/test/auto/UnaryMathFunction.xml
----------------- Instantiating /home/travis/build/icyphy/ptII/ptolemy/actor/lib/test/auto/UnaryMathFunction.xml
2 ms. Memory: 607232K Free: 540452K (89%)
----------------- Invoking toplevel() on ptolemy.moml.MoMLSimpleApplication@2ace4779
----------------- Done invoking toplevel() on ptolemy.moml.MoMLSimpleApplication@2ace4779
reloadAllAccessors: .UnaryMathFunction

===========================================================================================
----------------- testing Sat Sep 05 15:42:15 UTC 2020 /home/travis/build/icyphy/ptII/ptolemy/actor/lib/test/auto/Uniform.xml
----------------- Instantiating /home/travis/build/icyphy/ptII/ptolemy/actor/lib/test/auto/Uniform.xml
1 ms. Memory: 607232K Free: 535332K (88%)
----------------- Invoking toplevel() on ptolemy.moml.MoMLSimpleApplication@1a8fbc22
----------------- Done invoking toplevel() on ptolemy.moml.MoMLSimpleApplication@1a8fbc22
reloadAllAccessors: .Uniform

===========================================================================================
----------------- testing Sat Sep 05 15:42:15 UTC 2020 /home/travis/build/icyphy/ptII/ptolemy/actor/lib/test/auto/UnionDisassemblerTest.xml
----------------- Instantiating /home/travis/build/icyphy/ptII/ptolemy/actor/lib/test/auto/UnionDisassemblerTest.xml
8 ms. Memory: 607232K Free: 531731K (88%)
----------------- Invoking toplevel() on ptolemy.moml.MoMLSimpleApplication@2dddd369
----------------- Done invoking toplevel() on ptolemy.moml.MoMLSimpleApplication@2dddd369
reloadAllAccessors: .UnionDisassemblerTest

===========================================================================================
----------------- testing Sat Sep 05 15:42:15 UTC 2020 /home/travis/build/icyphy/ptII/ptolemy/actor/lib/test/auto/UtilityFunctions.xml
----------------- Instantiating /home/travis/build/icyphy/ptII/ptolemy/actor/lib/test/auto/UtilityFunctions.xml
1 ms. Memory: 607232K Free: 527140K (87%)
----------------- Invoking toplevel() on ptolemy.moml.MoMLSimpleApplication@4fd0070d
----------------- Done invoking toplevel() on ptolemy.moml.MoMLSimpleApplication@4fd0070d
reloadAllAccessors: .UtilityFunctions

===========================================================================================
----------------- testing Sat Sep 05 15:42:15 UTC 2020 /home/travis/build/icyphy/ptII/ptolemy/actor/lib/test/auto/VariableSleep.xml
----------------- Instantiating /home/travis/build/icyphy/ptII/ptolemy/actor/lib/test/auto/VariableSleep.xml
503 ms. Memory: 607232K Free: 522020K (86%)
----------------- Invoking toplevel() on ptolemy.moml.MoMLSimpleApplication@46788ca0
----------------- Done invoking toplevel() on ptolemy.moml.MoMLSimpleApplication@46788ca0
reloadAllAccessors: .VariableSleep

===========================================================================================
----------------- testing Sat Sep 05 15:42:16 UTC 2020 /home/travis/build/icyphy/ptII/ptolemy/actor/lib/test/auto/VectorAssemblerDisassemblerCT.xml
----------------- Instantiating /home/travis/build/icyphy/ptII/ptolemy/actor/lib/test/auto/VectorAssemblerDisassemblerCT.xml
69 ms. Memory: 607232K Free: 501540K (83%)
----------------- Invoking toplevel() on ptolemy.moml.MoMLSimpleApplication@7252778f
----------------- Done invoking toplevel() on ptolemy.moml.MoMLSimpleApplication@7252778f
reloadAllAccessors: .VectorAssemblerDisassemblerCT

===========================================================================================
----------------- testing Sat Sep 05 15:42:16 UTC 2020 /home/travis/build/icyphy/ptII/ptolemy/actor/lib/test/auto/VectorAssemblerDisassemblerDE.xml
----------------- Instantiating /home/travis/build/icyphy/ptII/ptolemy/actor/lib/test/auto/VectorAssemblerDisassemblerDE.xml
3 ms. Memory: 607232K Free: 494372K (81%)
----------------- Invoking toplevel() on ptolemy.moml.MoMLSimpleApplication@61d133a9
----------------- Done invoking toplevel() on ptolemy.moml.MoMLSimpleApplication@61d133a9
reloadAllAccessors: .VectorAssemblerDisassemblerDE

===========================================================================================
----------------- testing Sat Sep 05 15:42:16 UTC 2020 /home/travis/build/icyphy/ptII/ptolemy/actor/lib/test/auto/VectorAssemblerDisassemblerSDF.xml
----------------- Instantiating /home/travis/build/icyphy/ptII/ptolemy/actor/lib/test/auto/VectorAssemblerDisassemblerSDF.xml
2 ms. Memory: 607232K Free: 487714K (80%)
----------------- Invoking toplevel() on ptolemy.moml.MoMLSimpleApplication@4f89ce43
----------------- Done invoking toplevel() on ptolemy.moml.MoMLSimpleApplication@4f89ce43
reloadAllAccessors: .VectorAssemblerDisassemblerSDF

===========================================================================================
----------------- testing Sat Sep 05 15:42:16 UTC 2020 /home/travis/build/icyphy/ptII/ptolemy/actor/lib/test/auto/WallClockTime.xml
----------------- Instantiating /home/travis/build/icyphy/ptII/ptolemy/actor/lib/test/auto/WallClockTime.xml
1004 ms. Memory: 607232K Free: 482594K (79%)
----------------- Invoking toplevel() on ptolemy.moml.MoMLSimpleApplication@7d3301d1
----------------- Done invoking toplevel() on ptolemy.moml.MoMLSimpleApplication@7d3301d1
reloadAllAccessors: .WallClockTime

===========================================================================================
----------------- testing Sat Sep 05 15:42:17 UTC 2020 /home/travis/build/icyphy/ptII/ptolemy/actor/lib/test/auto/WidthTestWithSubscriberPublisher.xml
----------------- Instantiating /home/travis/build/icyphy/ptII/ptolemy/actor/lib/test/auto/WidthTestWithSubscriberPublisher.xml
6 ms. Memory: 607232K Free: 464162K (76%)
----------------- Invoking toplevel() on ptolemy.moml.MoMLSimpleApplication@2adbfb3a
----------------- Done invoking toplevel() on ptolemy.moml.MoMLSimpleApplication@2adbfb3a
reloadAllAccessors: .WidthTestWithSubscriberPublisher

===========================================================================================
----------------- testing Sat Sep 05 15:42:17 UTC 2020 /home/travis/build/icyphy/ptII/ptolemy/actor/lib/test/auto/WidthTestWithSubscriberPublisher2.xml
----------------- Instantiating /home/travis/build/icyphy/ptII/ptolemy/actor/lib/test/auto/WidthTestWithSubscriberPublisher2.xml
2 ms. Memory: 607232K Free: 458018K (75%)
----------------- Invoking toplevel() on ptolemy.moml.MoMLSimpleApplication@17aca3be
----------------- Done invoking toplevel() on ptolemy.moml.MoMLSimpleApplication@17aca3be
reloadAllAccessors: .WidthTestWithSubscriberPublisher2

===========================================================================================
----------------- testing Sat Sep 05 15:42:17 UTC 2020 /home/travis/build/icyphy/ptII/ptolemy/actor/lib/test/auto/WidthTestWithSubscriberPublisher3.xml
----------------- Instantiating /home/travis/build/icyphy/ptII/ptolemy/actor/lib/test/auto/WidthTestWithSubscriberPublisher3.xml
1 ms. Memory: 607232K Free: 452388K (75%)
----------------- Invoking toplevel() on ptolemy.moml.MoMLSimpleApplication@18583335
----------------- Done invoking toplevel() on ptolemy.moml.MoMLSimpleApplication@18583335
reloadAllAccessors: .WidthTestWithSubscriberPublisher3

===========================================================================================
----------------- testing Sat Sep 05 15:42:17 UTC 2020 /home/travis/build/icyphy/ptII/ptolemy/actor/lib/test/auto/Writer.xml
----------------- Instantiating /home/travis/build/icyphy/ptII/ptolemy/actor/lib/test/auto/Writer.xml
0
1
2
3
4
1 ms. Memory: 607232K Free: 447747K (74%)
----------------- Invoking toplevel() on ptolemy.moml.MoMLSimpleApplication@7d9bc3e
----------------- Done invoking toplevel() on ptolemy.moml.MoMLSimpleApplication@7d9bc3e
reloadAllAccessors: .Writer

===========================================================================================
----------------- testing Sat Sep 05 15:42:17 UTC 2020 /home/travis/build/icyphy/ptII/ptolemy/actor/lib/test/auto/array.xml
----------------- Instantiating /home/travis/build/icyphy/ptII/ptolemy/actor/lib/test/auto/array.xml
1 ms. Memory: 607232K Free: 443172K (73%)
----------------- Invoking toplevel() on ptolemy.moml.MoMLSimpleApplication@339ce3b3
----------------- Done invoking toplevel() on ptolemy.moml.MoMLSimpleApplication@339ce3b3
reloadAllAccessors: .array

===========================================================================================
----------------- testing Sat Sep 05 15:42:17 UTC 2020 /home/travis/build/icyphy/ptII/ptolemy/actor/lib/test/auto/array2.xml
----------------- Instantiating /home/travis/build/icyphy/ptII/ptolemy/actor/lib/test/auto/array2.xml
5 ms. Memory: 607232K Free: 438052K (72%)
----------------- Invoking toplevel() on ptolemy.moml.MoMLSimpleApplication@1eeda5d8
----------------- Done invoking toplevel() on ptolemy.moml.MoMLSimpleApplication@1eeda5d8
reloadAllAccessors: .array2

===========================================================================================
----------------- testing Sat Sep 05 15:42:17 UTC 2020 /home/travis/build/icyphy/ptII/ptolemy/actor/lib/test/auto/arrayType.xml
----------------- Instantiating /home/travis/build/icyphy/ptII/ptolemy/actor/lib/test/auto/arrayType.xml
2 ms. Memory: 607232K Free: 432418K (71%)
----------------- Invoking toplevel() on ptolemy.moml.MoMLSimpleApplication@52b74ef4
----------------- Done invoking toplevel() on ptolemy.moml.MoMLSimpleApplication@52b74ef4
reloadAllAccessors: .arrayType

===========================================================================================
----------------- testing Sat Sep 05 15:42:17 UTC 2020 /home/travis/build/icyphy/ptII/ptolemy/actor/lib/test/auto/arrayType10.xml
----------------- Instantiating /home/travis/build/icyphy/ptII/ptolemy/actor/lib/test/auto/arrayType10.xml
1 ms. Memory: 607232K Free: 427812K (70%)
----------------- Invoking toplevel() on ptolemy.moml.MoMLSimpleApplication@2d826ae9
----------------- Done invoking toplevel() on ptolemy.moml.MoMLSimpleApplication@2d826ae9
reloadAllAccessors: .arrayType10

===========================================================================================
----------------- testing Sat Sep 05 15:42:17 UTC 2020 /home/travis/build/icyphy/ptII/ptolemy/actor/lib/test/auto/arrayType11.xml
----------------- Instantiating /home/travis/build/icyphy/ptII/ptolemy/actor/lib/test/auto/arrayType11.xml
1 ms. Memory: 607232K Free: 423202K (70%)
----------------- Invoking toplevel() on ptolemy.moml.MoMLSimpleApplication@51ff81ef
----------------- Done invoking toplevel() on ptolemy.moml.MoMLSimpleApplication@51ff81ef
reloadAllAccessors: .arrayType11

===========================================================================================
----------------- testing Sat Sep 05 15:42:17 UTC 2020 /home/travis/build/icyphy/ptII/ptolemy/actor/lib/test/auto/arrayType12.xml
----------------- Instantiating /home/travis/build/icyphy/ptII/ptolemy/actor/lib/test/auto/arrayType12.xml
1 ms. Memory: 607232K Free: 418067K (69%)
----------------- Invoking toplevel() on ptolemy.moml.MoMLSimpleApplication@6f5b2c4a
----------------- Done invoking toplevel() on ptolemy.moml.MoMLSimpleApplication@6f5b2c4a
reloadAllAccessors: .arrayType12

===========================================================================================
----------------- testing Sat Sep 05 15:42:17 UTC 2020 /home/travis/build/icyphy/ptII/ptolemy/actor/lib/test/auto/arrayType13.xml
----------------- Instantiating /home/travis/build/icyphy/ptII/ptolemy/actor/lib/test/auto/arrayType13.xml
2 ms. Memory: 607232K Free: 412962K (68%)
----------------- Invoking toplevel() on ptolemy.moml.MoMLSimpleApplication@152a56db
----------------- Done invoking toplevel() on ptolemy.moml.MoMLSimpleApplication@152a56db
reloadAllAccessors: .arrayType13

===========================================================================================
----------------- testing Sat Sep 05 15:42:17 UTC 2020 /home/travis/build/icyphy/ptII/ptolemy/actor/lib/test/auto/arrayType14.xml
----------------- Instantiating /home/travis/build/icyphy/ptII/ptolemy/actor/lib/test/auto/arrayType14.xml
2 ms. Memory: 607232K Free: 407842K (67%)
----------------- Invoking toplevel() on ptolemy.moml.MoMLSimpleApplication@1ee5aa2f
----------------- Done invoking toplevel() on ptolemy.moml.MoMLSimpleApplication@1ee5aa2f
reloadAllAccessors: .arrayType14

===========================================================================================
----------------- testing Sat Sep 05 15:42:17 UTC 2020 /home/travis/build/icyphy/ptII/ptolemy/actor/lib/test/auto/arrayType15.xml
----------------- Instantiating /home/travis/build/icyphy/ptII/ptolemy/actor/lib/test/auto/arrayType15.xml
2 ms. Memory: 607232K Free: 402722K (66%)
----------------- Invoking toplevel() on ptolemy.moml.MoMLSimpleApplication@61442776
----------------- Done invoking toplevel() on ptolemy.moml.MoMLSimpleApplication@61442776
reloadAllAccessors: .arrayType15

===========================================================================================
----------------- testing Sat Sep 05 15:42:17 UTC 2020 /home/travis/build/icyphy/ptII/ptolemy/actor/lib/test/auto/arrayType16.xml
----------------- Instantiating /home/travis/build/icyphy/ptII/ptolemy/actor/lib/test/auto/arrayType16.xml
2 ms. Memory: 607232K Free: 397602K (65%)
----------------- Invoking toplevel() on ptolemy.moml.MoMLSimpleApplication@129ce669
----------------- Done invoking toplevel() on ptolemy.moml.MoMLSimpleApplication@129ce669
reloadAllAccessors: .arrayType16

===========================================================================================
----------------- testing Sat Sep 05 15:42:17 UTC 2020 /home/travis/build/icyphy/ptII/ptolemy/actor/lib/test/auto/arrayType17.xml
----------------- Instantiating /home/travis/build/icyphy/ptII/ptolemy/actor/lib/test/auto/arrayType17.xml
1 ms. Memory: 607232K Free: 391972K (65%)
----------------- Invoking toplevel() on ptolemy.moml.MoMLSimpleApplication@425109d9
----------------- Done invoking toplevel() on ptolemy.moml.MoMLSimpleApplication@425109d9
reloadAllAccessors: .arrayType17

===========================================================================================
----------------- testing Sat Sep 05 15:42:17 UTC 2020 /home/travis/build/icyphy/ptII/ptolemy/actor/lib/test/auto/arrayType18.xml
----------------- Instantiating /home/travis/build/icyphy/ptII/ptolemy/actor/lib/test/auto/arrayType18.xml
1 ms. Memory: 607232K Free: 387362K (64%)
----------------- Invoking toplevel() on ptolemy.moml.MoMLSimpleApplication@4173ef17
----------------- Done invoking toplevel() on ptolemy.moml.MoMLSimpleApplication@4173ef17
reloadAllAccessors: .arrayType18

===========================================================================================
----------------- testing Sat Sep 05 15:42:17 UTC 2020 /home/travis/build/icyphy/ptII/ptolemy/actor/lib/test/auto/arrayType19.xml
----------------- Instantiating /home/travis/build/icyphy/ptII/ptolemy/actor/lib/test/auto/arrayType19.xml
1 ms. Memory: 607232K Free: 382756K (63%)
----------------- Invoking toplevel() on ptolemy.moml.MoMLSimpleApplication@6409a819
----------------- Done invoking toplevel() on ptolemy.moml.MoMLSimpleApplication@6409a819
reloadAllAccessors: .arrayType19

===========================================================================================
----------------- testing Sat Sep 05 15:42:17 UTC 2020 /home/travis/build/icyphy/ptII/ptolemy/actor/lib/test/auto/arrayType2.xml
----------------- Instantiating /home/travis/build/icyphy/ptII/ptolemy/actor/lib/test/auto/arrayType2.xml
1 ms. Memory: 607232K Free: 377122K (62%)
----------------- Invoking toplevel() on ptolemy.moml.MoMLSimpleApplication@7c33da60
----------------- Done invoking toplevel() on ptolemy.moml.MoMLSimpleApplication@7c33da60
reloadAllAccessors: .arrayType2

===========================================================================================
----------------- testing Sat Sep 05 15:42:17 UTC 2020 /home/travis/build/icyphy/ptII/ptolemy/actor/lib/test/auto/arrayType20.xml
----------------- Instantiating /home/travis/build/icyphy/ptII/ptolemy/actor/lib/test/auto/arrayType20.xml
1 ms. Memory: 607232K Free: 372516K (61%)
----------------- Invoking toplevel() on ptolemy.moml.MoMLSimpleApplication@5698e059
----------------- Done invoking toplevel() on ptolemy.moml.MoMLSimpleApplication@5698e059
reloadAllAccessors: .arrayType20

===========================================================================================
----------------- testing Sat Sep 05 15:42:17 UTC 2020 /home/travis/build/icyphy/ptII/ptolemy/actor/lib/test/auto/arrayType21.xml
----------------- Instantiating /home/travis/build/icyphy/ptII/ptolemy/actor/lib/test/auto/arrayType21.xml
1 ms. Memory: 607232K Free: 367906K (61%)
----------------- Invoking toplevel() on ptolemy.moml.MoMLSimpleApplication@bf8750e
----------------- Done invoking toplevel() on ptolemy.moml.MoMLSimpleApplication@bf8750e
reloadAllAccessors: .arrayType21

===========================================================================================
----------------- testing Sat Sep 05 15:42:17 UTC 2020 /home/travis/build/icyphy/ptII/ptolemy/actor/lib/test/auto/arrayType22.xml
----------------- Instantiating /home/travis/build/icyphy/ptII/ptolemy/actor/lib/test/auto/arrayType22.xml
1 ms. Memory: 607232K Free: 362786K (60%)
----------------- Invoking toplevel() on ptolemy.moml.MoMLSimpleApplication@6821e548
----------------- Done invoking toplevel() on ptolemy.moml.MoMLSimpleApplication@6821e548
reloadAllAccessors: .arrayType22

===========================================================================================
----------------- testing Sat Sep 05 15:42:17 UTC 2020 /home/travis/build/icyphy/ptII/ptolemy/actor/lib/test/auto/arrayType23.xml
----------------- Instantiating /home/travis/build/icyphy/ptII/ptolemy/actor/lib/test/auto/arrayType23.xml
1 ms. Memory: 607232K Free: 358180K (59%)
----------------- Invoking toplevel() on ptolemy.moml.MoMLSimpleApplication@71c2b59
----------------- Done invoking toplevel() on ptolemy.moml.MoMLSimpleApplication@71c2b59
reloadAllAccessors: .arrayType23

===========================================================================================
----------------- testing Sat Sep 05 15:42:17 UTC 2020 /home/travis/build/icyphy/ptII/ptolemy/actor/lib/test/auto/arrayType24.xml
----------------- Instantiating /home/travis/build/icyphy/ptII/ptolemy/actor/lib/test/auto/arrayType24.xml
2 ms. Memory: 607232K Free: 353060K (58%)
----------------- Invoking toplevel() on ptolemy.moml.MoMLSimpleApplication@46d42f90
----------------- Done invoking toplevel() on ptolemy.moml.MoMLSimpleApplication@46d42f90
reloadAllAccessors: .arrayType24

===========================================================================================
----------------- testing Sat Sep 05 15:42:17 UTC 2020 /home/travis/build/icyphy/ptII/ptolemy/actor/lib/test/auto/arrayType25.xml
----------------- Instantiating /home/travis/build/icyphy/ptII/ptolemy/actor/lib/test/auto/arrayType25.xml
1 ms. Memory: 607232K Free: 348450K (57%)
----------------- Invoking toplevel() on ptolemy.moml.MoMLSimpleApplication@1aa6a61b
----------------- Done invoking toplevel() on ptolemy.moml.MoMLSimpleApplication@1aa6a61b
reloadAllAccessors: .arrayType25

===========================================================================================
----------------- testing Sat Sep 05 15:42:17 UTC 2020 /home/travis/build/icyphy/ptII/ptolemy/actor/lib/test/auto/arrayType26.xml
----------------- Instantiating /home/travis/build/icyphy/ptII/ptolemy/actor/lib/test/auto/arrayType26.xml
2 ms. Memory: 607232K Free: 343330K (57%)
----------------- Invoking toplevel() on ptolemy.moml.MoMLSimpleApplication@387a59ba
----------------- Done invoking toplevel() on ptolemy.moml.MoMLSimpleApplication@387a59ba
reloadAllAccessors: .arrayType26

===========================================================================================
----------------- testing Sat Sep 05 15:42:17 UTC 2020 /home/travis/build/icyphy/ptII/ptolemy/actor/lib/test/auto/arrayType27.xml
----------------- Instantiating /home/travis/build/icyphy/ptII/ptolemy/actor/lib/test/auto/arrayType27.xml
1 ms. Memory: 607232K Free: 337186K (56%)
----------------- Invoking toplevel() on ptolemy.moml.MoMLSimpleApplication@3f293464
----------------- Done invoking toplevel() on ptolemy.moml.MoMLSimpleApplication@3f293464
reloadAllAccessors: .arrayType27

===========================================================================================
----------------- testing Sat Sep 05 15:42:17 UTC 2020 /home/travis/build/icyphy/ptII/ptolemy/actor/lib/test/auto/arrayType28.xml
----------------- Instantiating /home/travis/build/icyphy/ptII/ptolemy/actor/lib/test/auto/arrayType28.xml
3 ms. Memory: 607232K Free: 332066K (55%)
----------------- Invoking toplevel() on ptolemy.moml.MoMLSimpleApplication@10470c04
----------------- Done invoking toplevel() on ptolemy.moml.MoMLSimpleApplication@10470c04
reloadAllAccessors: .arrayType28

===========================================================================================
----------------- testing Sat Sep 05 15:42:17 UTC 2020 /home/travis/build/icyphy/ptII/ptolemy/actor/lib/test/auto/arrayType3.xml
----------------- Instantiating /home/travis/build/icyphy/ptII/ptolemy/actor/lib/test/auto/arrayType3.xml
1 ms. Memory: 607232K Free: 326946K (54%)
----------------- Invoking toplevel() on ptolemy.moml.MoMLSimpleApplication@64f0c095
----------------- Done invoking toplevel() on ptolemy.moml.MoMLSimpleApplication@64f0c095
reloadAllAccessors: .arrayType3

===========================================================================================
----------------- testing Sat Sep 05 15:42:17 UTC 2020 /home/travis/build/icyphy/ptII/ptolemy/actor/lib/test/auto/arrayType4.xml
----------------- Instantiating /home/travis/build/icyphy/ptII/ptolemy/actor/lib/test/auto/arrayType4.xml
2 ms. Memory: 607232K Free: 321826K (53%)
----------------- Invoking toplevel() on ptolemy.moml.MoMLSimpleApplication@192fb0dc
----------------- Done invoking toplevel() on ptolemy.moml.MoMLSimpleApplication@192fb0dc
reloadAllAccessors: .arrayType4

===========================================================================================
----------------- testing Sat Sep 05 15:42:17 UTC 2020 /home/travis/build/icyphy/ptII/ptolemy/actor/lib/test/auto/arrayType5.xml
----------------- Instantiating /home/travis/build/icyphy/ptII/ptolemy/actor/lib/test/auto/arrayType5.xml
1 ms. Memory: 607232K Free: 316706K (52%)
----------------- Invoking toplevel() on ptolemy.moml.MoMLSimpleApplication@2a6f43e0
----------------- Done invoking toplevel() on ptolemy.moml.MoMLSimpleApplication@2a6f43e0
reloadAllAccessors: .arrayType5

===========================================================================================
----------------- testing Sat Sep 05 15:42:17 UTC 2020 /home/travis/build/icyphy/ptII/ptolemy/actor/lib/test/auto/arrayType6.xml
----------------- Instantiating /home/travis/build/icyphy/ptII/ptolemy/actor/lib/test/auto/arrayType6.xml
1 ms. Memory: 607232K Free: 311586K (51%)
----------------- Invoking toplevel() on ptolemy.moml.MoMLSimpleApplication@6b9056f2
----------------- Done invoking toplevel() on ptolemy.moml.MoMLSimpleApplication@6b9056f2
reloadAllAccessors: .arrayType6

===========================================================================================
----------------- testing Sat Sep 05 15:42:17 UTC 2020 /home/travis/build/icyphy/ptII/ptolemy/actor/lib/test/auto/arrayType7.xml
----------------- Instantiating /home/travis/build/icyphy/ptII/ptolemy/actor/lib/test/auto/arrayType7.xml
1 ms. Memory: 607232K Free: 306980K (51%)
----------------- Invoking toplevel() on ptolemy.moml.MoMLSimpleApplication@2482aefb
----------------- Done invoking toplevel() on ptolemy.moml.MoMLSimpleApplication@2482aefb
reloadAllAccessors: .arrayType7

===========================================================================================
----------------- testing Sat Sep 05 15:42:17 UTC 2020 /home/travis/build/icyphy/ptII/ptolemy/actor/lib/test/auto/arrayType8.xml
----------------- Instantiating /home/travis/build/icyphy/ptII/ptolemy/actor/lib/test/auto/arrayType8.xml
5 ms. Memory: 607232K Free: 301860K (50%)
----------------- Invoking toplevel() on ptolemy.moml.MoMLSimpleApplication@363b4a24
----------------- Done invoking toplevel() on ptolemy.moml.MoMLSimpleApplication@363b4a24
reloadAllAccessors: .arrayType8

===========================================================================================
----------------- testing Sat Sep 05 15:42:17 UTC 2020 /home/travis/build/icyphy/ptII/ptolemy/actor/lib/test/auto/arrayType9.xml
----------------- Instantiating /home/travis/build/icyphy/ptII/ptolemy/actor/lib/test/auto/arrayType9.xml
1 ms. Memory: 607232K Free: 297250K (49%)
----------------- Invoking toplevel() on ptolemy.moml.MoMLSimpleApplication@578cb437
----------------- Done invoking toplevel() on ptolemy.moml.MoMLSimpleApplication@578cb437
reloadAllAccessors: .arrayType9

===========================================================================================
----------------- testing Sat Sep 05 15:42:17 UTC 2020 /home/travis/build/icyphy/ptII/ptolemy/actor/lib/test/auto/cast.xml
----------------- Instantiating /home/travis/build/icyphy/ptII/ptolemy/actor/lib/test/auto/cast.xml
1 ms. Memory: 607232K Free: 292130K (48%)
----------------- Invoking toplevel() on ptolemy.moml.MoMLSimpleApplication@3dc05e54
----------------- Done invoking toplevel() on ptolemy.moml.MoMLSimpleApplication@3dc05e54
reloadAllAccessors: .cast

===========================================================================================
----------------- testing Sat Sep 05 15:42:17 UTC 2020 /home/travis/build/icyphy/ptII/ptolemy/actor/lib/test/auto/compositeMultiPort.xml
----------------- Instantiating /home/travis/build/icyphy/ptII/ptolemy/actor/lib/test/auto/compositeMultiPort.xml
3 ms. Memory: 607232K Free: 283428K (47%)
----------------- Invoking toplevel() on ptolemy.moml.MoMLSimpleApplication@31c826a0
----------------- Done invoking toplevel() on ptolemy.moml.MoMLSimpleApplication@31c826a0
reloadAllAccessors: .compositeMultiPort

===========================================================================================
----------------- testing Sat Sep 05 15:42:18 UTC 2020 /home/travis/build/icyphy/ptII/ptolemy/actor/lib/test/auto/expressionCastInference.xml
----------------- Instantiating /home/travis/build/icyphy/ptII/ptolemy/actor/lib/test/auto/expressionCastInference.xml
2 ms. Memory: 607232K Free: 278818K (46%)
----------------- Invoking toplevel() on ptolemy.moml.MoMLSimpleApplication@6ae46240
----------------- Done invoking toplevel() on ptolemy.moml.MoMLSimpleApplication@6ae46240
reloadAllAccessors: .expressionCastInference

===========================================================================================
----------------- testing Sat Sep 05 15:42:18 UTC 2020 /home/travis/build/icyphy/ptII/ptolemy/actor/lib/test/auto/expressionCastInference2.xml
----------------- Instantiating /home/travis/build/icyphy/ptII/ptolemy/actor/lib/test/auto/expressionCastInference2.xml
2 ms. Memory: 607232K Free: 273698K (45%)
----------------- Invoking toplevel() on ptolemy.moml.MoMLSimpleApplication@7eae9e69
----------------- Done invoking toplevel() on ptolemy.moml.MoMLSimpleApplication@7eae9e69
reloadAllAccessors: .expressionCastInference2

===========================================================================================
----------------- testing Sat Sep 05 15:42:18 UTC 2020 /home/travis/build/icyphy/ptII/ptolemy/actor/lib/test/auto/expressionInference.xml
----------------- Instantiating /home/travis/build/icyphy/ptII/ptolemy/actor/lib/test/auto/expressionInference.xml
1 ms. Memory: 607232K Free: 269602K (44%)
----------------- Invoking toplevel() on ptolemy.moml.MoMLSimpleApplication@47122e77
----------------- Done invoking toplevel() on ptolemy.moml.MoMLSimpleApplication@47122e77
reloadAllAccessors: .expressionInference

===========================================================================================
----------------- testing Sat Sep 05 15:42:18 UTC 2020 /home/travis/build/icyphy/ptII/ptolemy/actor/lib/test/auto/expression_bug.xml
----------------- Instantiating /home/travis/build/icyphy/ptII/ptolemy/actor/lib/test/auto/expression_bug.xml
1 ms. Memory: 607232K Free: 264482K (44%)
----------------- Invoking toplevel() on ptolemy.moml.MoMLSimpleApplication@5e6b0c7c
----------------- Done invoking toplevel() on ptolemy.moml.MoMLSimpleApplication@5e6b0c7c
reloadAllAccessors: .expression_bug

===========================================================================================
----------------- testing Sat Sep 05 15:42:18 UTC 2020 /home/travis/build/icyphy/ptII/ptolemy/actor/lib/test/auto/factorial.xml
----------------- Instantiating /home/travis/build/icyphy/ptII/ptolemy/actor/lib/test/auto/factorial.xml
28 ms. Memory: 607232K Free: 255780K (42%)
----------------- Invoking toplevel() on ptolemy.moml.MoMLSimpleApplication@366b565f
----------------- Done invoking toplevel() on ptolemy.moml.MoMLSimpleApplication@366b565f
reloadAllAccessors: .factorial

===========================================================================================
----------------- testing Sat Sep 05 15:42:18 UTC 2020 /home/travis/build/icyphy/ptII/ptolemy/actor/lib/test/auto/filterTest1.xml
----------------- Instantiating /home/travis/build/icyphy/ptII/ptolemy/actor/lib/test/auto/filterTest1.xml
9 ms. Memory: 607232K Free: 249636K (41%)
----------------- Invoking toplevel() on ptolemy.moml.MoMLSimpleApplication@75e98b33
----------------- Done invoking toplevel() on ptolemy.moml.MoMLSimpleApplication@75e98b33
reloadAllAccessors: .filterTest1

===========================================================================================
----------------- testing Sat Sep 05 15:42:18 UTC 2020 /home/travis/build/icyphy/ptII/ptolemy/actor/lib/test/auto/funcApplyInConst.xml
----------------- Instantiating /home/travis/build/icyphy/ptII/ptolemy/actor/lib/test/auto/funcApplyInConst.xml
1 ms. Memory: 607232K Free: 246050K (41%)
----------------- Invoking toplevel() on ptolemy.moml.MoMLSimpleApplication@75098aad
----------------- Done invoking toplevel() on ptolemy.moml.MoMLSimpleApplication@75098aad
reloadAllAccessors: .funcApplyInConst

===========================================================================================
----------------- testing Sat Sep 05 15:42:18 UTC 2020 /home/travis/build/icyphy/ptII/ptolemy/actor/lib/test/auto/funcApplyInExpr.xml
----------------- Instantiating /home/travis/build/icyphy/ptII/ptolemy/actor/lib/test/auto/funcApplyInExpr.xml
1 ms. Memory: 607232K Free: 241954K (40%)
----------------- Invoking toplevel() on ptolemy.moml.MoMLSimpleApplication@476861f3
----------------- Done invoking toplevel() on ptolemy.moml.MoMLSimpleApplication@476861f3
reloadAllAccessors: .funcApplyInExpr

===========================================================================================
----------------- testing Sat Sep 05 15:42:18 UTC 2020 /home/travis/build/icyphy/ptII/ptolemy/actor/lib/test/auto/function.xml
----------------- Instantiating /home/travis/build/icyphy/ptII/ptolemy/actor/lib/test/auto/function.xml
2 ms. Memory: 607232K Free: 237348K (39%)
----------------- Invoking toplevel() on ptolemy.moml.MoMLSimpleApplication@7ffa28ea
----------------- Done invoking toplevel() on ptolemy.moml.MoMLSimpleApplication@7ffa28ea
reloadAllAccessors: .function

===========================================================================================
----------------- testing Sat Sep 05 15:42:18 UTC 2020 /home/travis/build/icyphy/ptII/ptolemy/actor/lib/test/auto/function2.xml
----------------- Instantiating /home/travis/build/icyphy/ptII/ptolemy/actor/lib/test/auto/function2.xml
2 ms. Memory: 607232K Free: 232738K (38%)
----------------- Invoking toplevel() on ptolemy.moml.MoMLSimpleApplication@47e2efe3
----------------- Done invoking toplevel() on ptolemy.moml.MoMLSimpleApplication@47e2efe3
reloadAllAccessors: .function2

===========================================================================================
----------------- testing Sat Sep 05 15:42:18 UTC 2020 /home/travis/build/icyphy/ptII/ptolemy/actor/lib/test/auto/function3.xml
----------------- Instantiating /home/travis/build/icyphy/ptII/ptolemy/actor/lib/test/auto/function3.xml
1 ms. Memory: 607232K Free: 228642K (38%)
----------------- Invoking toplevel() on ptolemy.moml.MoMLSimpleApplication@52bc91da
----------------- Done invoking toplevel() on ptolemy.moml.MoMLSimpleApplication@52bc91da
reloadAllAccessors: .function3

===========================================================================================
----------------- testing Sat Sep 05 15:42:18 UTC 2020 /home/travis/build/icyphy/ptII/ptolemy/actor/lib/test/auto/functionClosureTest1.xml
----------------- Instantiating /home/travis/build/icyphy/ptII/ptolemy/actor/lib/test/auto/functionClosureTest1.xml
2 ms. Memory: 607232K Free: 223012K (37%)
----------------- Invoking toplevel() on ptolemy.moml.MoMLSimpleApplication@45c36594
----------------- Done invoking toplevel() on ptolemy.moml.MoMLSimpleApplication@45c36594
reloadAllAccessors: .functionClosureTest1

===========================================================================================
----------------- testing Sat Sep 05 15:42:18 UTC 2020 /home/travis/build/icyphy/ptII/ptolemy/actor/lib/test/auto/functionClosureTest2.xml
----------------- Instantiating /home/travis/build/icyphy/ptII/ptolemy/actor/lib/test/auto/functionClosureTest2.xml
1 ms. Memory: 607232K Free: 218916K (36%)
----------------- Invoking toplevel() on ptolemy.moml.MoMLSimpleApplication@375077df
----------------- Done invoking toplevel() on ptolemy.moml.MoMLSimpleApplication@375077df
reloadAllAccessors: .functionClosureTest2

===========================================================================================
----------------- testing Sat Sep 05 15:42:18 UTC 2020 /home/travis/build/icyphy/ptII/ptolemy/actor/lib/test/auto/functionClosureTest3.xml
----------------- Instantiating /home/travis/build/icyphy/ptII/ptolemy/actor/lib/test/auto/functionClosureTest3.xml
3 ms. Memory: 607232K Free: 213796K (35%)
----------------- Invoking toplevel() on ptolemy.moml.MoMLSimpleApplication@3913af57
----------------- Done invoking toplevel() on ptolemy.moml.MoMLSimpleApplication@3913af57
reloadAllAccessors: .functionClosureTest3

===========================================================================================
----------------- testing Sat Sep 05 15:42:18 UTC 2020 /home/travis/build/icyphy/ptII/ptolemy/actor/lib/test/auto/functionClosureTest4.xml
----------------- Instantiating /home/travis/build/icyphy/ptII/ptolemy/actor/lib/test/auto/functionClosureTest4.xml
5 ms. Memory: 607232K Free: 207138K (34%)
----------------- Invoking toplevel() on ptolemy.moml.MoMLSimpleApplication@5812a92a
----------------- Done invoking toplevel() on ptolemy.moml.MoMLSimpleApplication@5812a92a
reloadAllAccessors: .functionClosureTest4

===========================================================================================
----------------- testing Sat Sep 05 15:42:18 UTC 2020 /home/travis/build/icyphy/ptII/ptolemy/actor/lib/test/auto/functionClosureTest5.xml
----------------- Instantiating /home/travis/build/icyphy/ptII/ptolemy/actor/lib/test/auto/functionClosureTest5.xml
10 ms. Memory: 607232K Free: 549935K (91%)
----------------- Invoking toplevel() on ptolemy.moml.MoMLSimpleApplication@3d4fc8b0
----------------- Done invoking toplevel() on ptolemy.moml.MoMLSimpleApplication@3d4fc8b0
reloadAllAccessors: .functionClosureTest5

===========================================================================================
----------------- testing Sat Sep 05 15:42:18 UTC 2020 /home/travis/build/icyphy/ptII/ptolemy/actor/lib/test/auto/functionClosureTest6.xml
----------------- Instantiating /home/travis/build/icyphy/ptII/ptolemy/actor/lib/test/auto/functionClosureTest6.xml
3 ms. Memory: 607232K Free: 544815K (90%)
----------------- Invoking toplevel() on ptolemy.moml.MoMLSimpleApplication@6362e2c6
----------------- Done invoking toplevel() on ptolemy.moml.MoMLSimpleApplication@6362e2c6
reloadAllAccessors: .functionClosureTest6

===========================================================================================
----------------- testing Sat Sep 05 15:42:18 UTC 2020 /home/travis/build/icyphy/ptII/ptolemy/actor/lib/test/auto/functionsOnArcs.xml
----------------- Instantiating /home/travis/build/icyphy/ptII/ptolemy/actor/lib/test/auto/functionsOnArcs.xml
2 ms. Memory: 607232K Free: 539695K (89%)
----------------- Invoking toplevel() on ptolemy.moml.MoMLSimpleApplication@507f8cf4
----------------- Done invoking toplevel() on ptolemy.moml.MoMLSimpleApplication@507f8cf4
reloadAllAccessors: .functionsOnArcs

===========================================================================================
----------------- testing Sat Sep 05 15:42:18 UTC 2020 /home/travis/build/icyphy/ptII/ptolemy/actor/lib/test/auto/functionsOnArcsHOF.xml
----------------- Instantiating /home/travis/build/icyphy/ptII/ptolemy/actor/lib/test/auto/functionsOnArcsHOF.xml
6 ms. Memory: 607232K Free: 533551K (88%)
----------------- Invoking toplevel() on ptolemy.moml.MoMLSimpleApplication@51df0075
----------------- Done invoking toplevel() on ptolemy.moml.MoMLSimpleApplication@51df0075
reloadAllAccessors: .functionsOnArcsHOF

===========================================================================================
----------------- testing Sat Sep 05 15:42:18 UTC 2020 /home/travis/build/icyphy/ptII/ptolemy/actor/lib/test/auto/logic.xml
----------------- Instantiating /home/travis/build/icyphy/ptII/ptolemy/actor/lib/test/auto/logic.xml
2 ms. Memory: 607232K Free: 526383K (87%)
----------------- Invoking toplevel() on ptolemy.moml.MoMLSimpleApplication@7b030f7a
----------------- Done invoking toplevel() on ptolemy.moml.MoMLSimpleApplication@7b030f7a
reloadAllAccessors: .logic

===========================================================================================
----------------- testing Sat Sep 05 15:42:18 UTC 2020 /home/travis/build/icyphy/ptII/ptolemy/actor/lib/test/auto/matrixType.xml
----------------- Instantiating /home/travis/build/icyphy/ptII/ptolemy/actor/lib/test/auto/matrixType.xml
2 ms. Memory: 607232K Free: 520735K (86%)
----------------- Invoking toplevel() on ptolemy.moml.MoMLSimpleApplication@724ad146
----------------- Done invoking toplevel() on ptolemy.moml.MoMLSimpleApplication@724ad146
reloadAllAccessors: .matrixType

===========================================================================================
----------------- testing Sat Sep 05 15:42:18 UTC 2020 /home/travis/build/icyphy/ptII/ptolemy/actor/lib/test/auto/matrixType10.xml
----------------- Instantiating /home/travis/build/icyphy/ptII/ptolemy/actor/lib/test/auto/matrixType10.xml
22 ms. Memory: 607232K Free: 516143K (85%)
----------------- Invoking toplevel() on ptolemy.moml.MoMLSimpleApplication@641bbfe7
----------------- Done invoking toplevel() on ptolemy.moml.MoMLSimpleApplication@641bbfe7
reloadAllAccessors: .matrixType10

===========================================================================================
----------------- testing Sat Sep 05 15:42:18 UTC 2020 /home/travis/build/icyphy/ptII/ptolemy/actor/lib/test/auto/matrixType11.xml
----------------- Instantiating /home/travis/build/icyphy/ptII/ptolemy/actor/lib/test/auto/matrixType11.xml
2 ms. Memory: 607232K Free: 511023K (84%)
----------------- Invoking toplevel() on ptolemy.moml.MoMLSimpleApplication@3e854653
----------------- Done invoking toplevel() on ptolemy.moml.MoMLSimpleApplication@3e854653
reloadAllAccessors: .matrixType11

===========================================================================================
----------------- testing Sat Sep 05 15:42:18 UTC 2020 /home/travis/build/icyphy/ptII/ptolemy/actor/lib/test/auto/matrixType12.xml
----------------- Instantiating /home/travis/build/icyphy/ptII/ptolemy/actor/lib/test/auto/matrixType12.xml
1 ms. Memory: 607232K Free: 506413K (83%)
----------------- Invoking toplevel() on ptolemy.moml.MoMLSimpleApplication@bbdf233
----------------- Done invoking toplevel() on ptolemy.moml.MoMLSimpleApplication@bbdf233
reloadAllAccessors: .matrixType12

===========================================================================================
----------------- testing Sat Sep 05 15:42:18 UTC 2020 /home/travis/build/icyphy/ptII/ptolemy/actor/lib/test/auto/matrixType13.xml
----------------- Instantiating /home/travis/build/icyphy/ptII/ptolemy/actor/lib/test/auto/matrixType13.xml
1 ms. Memory: 607232K Free: 501293K (83%)
----------------- Invoking toplevel() on ptolemy.moml.MoMLSimpleApplication@9dfd45a
----------------- Done invoking toplevel() on ptolemy.moml.MoMLSimpleApplication@9dfd45a
reloadAllAccessors: .matrixType13

===========================================================================================
----------------- testing Sat Sep 05 15:42:18 UTC 2020 /home/travis/build/icyphy/ptII/ptolemy/actor/lib/test/auto/matrixType14.xml
----------------- Instantiating /home/travis/build/icyphy/ptII/ptolemy/actor/lib/test/auto/matrixType14.xml
2 ms. Memory: 607232K Free: 496159K (82%)
----------------- Invoking toplevel() on ptolemy.moml.MoMLSimpleApplication@46acd075
----------------- Done invoking toplevel() on ptolemy.moml.MoMLSimpleApplication@46acd075
reloadAllAccessors: .matrixType14

===========================================================================================
----------------- testing Sat Sep 05 15:42:18 UTC 2020 /home/travis/build/icyphy/ptII/ptolemy/actor/lib/test/auto/matrixType2.xml
----------------- Instantiating /home/travis/build/icyphy/ptII/ptolemy/actor/lib/test/auto/matrixType2.xml
1 ms. Memory: 607232K Free: 491053K (81%)
----------------- Invoking toplevel() on ptolemy.moml.MoMLSimpleApplication@57e1e4e9
----------------- Done invoking toplevel() on ptolemy.moml.MoMLSimpleApplication@57e1e4e9
reloadAllAccessors: .matrixType2

===========================================================================================
----------------- testing Sat Sep 05 15:42:18 UTC 2020 /home/travis/build/icyphy/ptII/ptolemy/actor/lib/test/auto/matrixType3.xml
----------------- Instantiating /home/travis/build/icyphy/ptII/ptolemy/actor/lib/test/auto/matrixType3.xml
3 ms. Memory: 607232K Free: 486447K (80%)
----------------- Invoking toplevel() on ptolemy.moml.MoMLSimpleApplication@35743a17
----------------- Done invoking toplevel() on ptolemy.moml.MoMLSimpleApplication@35743a17
reloadAllAccessors: .matrixType3

===========================================================================================
----------------- testing Sat Sep 05 15:42:18 UTC 2020 /home/travis/build/icyphy/ptII/ptolemy/actor/lib/test/auto/matrixType4.xml
----------------- Instantiating /home/travis/build/icyphy/ptII/ptolemy/actor/lib/test/auto/matrixType4.xml
1 ms. Memory: 607232K Free: 481327K (79%)
----------------- Invoking toplevel() on ptolemy.moml.MoMLSimpleApplication@5d7e81a8
----------------- Done invoking toplevel() on ptolemy.moml.MoMLSimpleApplication@5d7e81a8
reloadAllAccessors: .matrixType4

===========================================================================================
----------------- testing Sat Sep 05 15:42:18 UTC 2020 /home/travis/build/icyphy/ptII/ptolemy/actor/lib/test/auto/matrixType5.xml
----------------- Instantiating /home/travis/build/icyphy/ptII/ptolemy/actor/lib/test/auto/matrixType5.xml
1 ms. Memory: 607232K Free: 476717K (79%)
----------------- Invoking toplevel() on ptolemy.moml.MoMLSimpleApplication@3ba1a83a
----------------- Done invoking toplevel() on ptolemy.moml.MoMLSimpleApplication@3ba1a83a
reloadAllAccessors: .matrixType5

===========================================================================================
----------------- testing Sat Sep 05 15:42:18 UTC 2020 /home/travis/build/icyphy/ptII/ptolemy/actor/lib/test/auto/matrixType6.xml
----------------- Instantiating /home/travis/build/icyphy/ptII/ptolemy/actor/lib/test/auto/matrixType6.xml
2 ms. Memory: 607232K Free: 471597K (78%)
----------------- Invoking toplevel() on ptolemy.moml.MoMLSimpleApplication@19fc903e
----------------- Done invoking toplevel() on ptolemy.moml.MoMLSimpleApplication@19fc903e
reloadAllAccessors: .matrixType6

===========================================================================================
----------------- testing Sat Sep 05 15:42:18 UTC 2020 /home/travis/build/icyphy/ptII/ptolemy/actor/lib/test/auto/matrixType7.xml
----------------- Instantiating /home/travis/build/icyphy/ptII/ptolemy/actor/lib/test/auto/matrixType7.xml
1 ms. Memory: 607232K Free: 466477K (77%)
----------------- Invoking toplevel() on ptolemy.moml.MoMLSimpleApplication@316234ac
----------------- Done invoking toplevel() on ptolemy.moml.MoMLSimpleApplication@316234ac
reloadAllAccessors: .matrixType7

===========================================================================================
----------------- testing Sat Sep 05 15:42:18 UTC 2020 /home/travis/build/icyphy/ptII/ptolemy/actor/lib/test/auto/matrixType8.xml
----------------- Instantiating /home/travis/build/icyphy/ptII/ptolemy/actor/lib/test/auto/matrixType8.xml
2 ms. Memory: 607232K Free: 461871K (76%)
----------------- Invoking toplevel() on ptolemy.moml.MoMLSimpleApplication@155b6a24
----------------- Done invoking toplevel() on ptolemy.moml.MoMLSimpleApplication@155b6a24
reloadAllAccessors: .matrixType8

===========================================================================================
----------------- testing Sat Sep 05 15:42:18 UTC 2020 /home/travis/build/icyphy/ptII/ptolemy/actor/lib/test/auto/matrixType9.xml
----------------- Instantiating /home/travis/build/icyphy/ptII/ptolemy/actor/lib/test/auto/matrixType9.xml
1 ms. Memory: 607232K Free: 456751K (75%)
----------------- Invoking toplevel() on ptolemy.moml.MoMLSimpleApplication@3d7b0b88
----------------- Done invoking toplevel() on ptolemy.moml.MoMLSimpleApplication@3d7b0b88
reloadAllAccessors: .matrixType9

===========================================================================================
----------------- testing Sat Sep 05 15:42:18 UTC 2020 /home/travis/build/icyphy/ptII/ptolemy/actor/lib/test/auto/paraFunctest.xml
----------------- Instantiating /home/travis/build/icyphy/ptII/ptolemy/actor/lib/test/auto/paraFunctest.xml
1 ms. Memory: 607232K Free: 452655K (75%)
----------------- Invoking toplevel() on ptolemy.moml.MoMLSimpleApplication@74685281
----------------- Done invoking toplevel() on ptolemy.moml.MoMLSimpleApplication@74685281
reloadAllAccessors: .paraFunctest

===========================================================================================
----------------- testing Sat Sep 05 15:42:18 UTC 2020 /home/travis/build/icyphy/ptII/ptolemy/actor/lib/test/auto/paraFunctest2.xml
----------------- Instantiating /home/travis/build/icyphy/ptII/ptolemy/actor/lib/test/auto/paraFunctest2.xml
1 ms. Memory: 607232K Free: 448559K (74%)
----------------- Invoking toplevel() on ptolemy.moml.MoMLSimpleApplication@31653d31
----------------- Done invoking toplevel() on ptolemy.moml.MoMLSimpleApplication@31653d31
reloadAllAccessors: .paraFunctest2

===========================================================================================
----------------- testing Sat Sep 05 15:42:18 UTC 2020 /home/travis/build/icyphy/ptII/ptolemy/actor/lib/test/auto/parameterPassing.xml
----------------- Instantiating /home/travis/build/icyphy/ptII/ptolemy/actor/lib/test/auto/parameterPassing.xml
1 ms. Memory: 607232K Free: 444463K (73%)
----------------- Invoking toplevel() on ptolemy.moml.MoMLSimpleApplication@47d1fd62
----------------- Done invoking toplevel() on ptolemy.moml.MoMLSimpleApplication@47d1fd62
reloadAllAccessors: .parameterPassing

===========================================================================================
----------------- testing Sat Sep 05 15:42:18 UTC 2020 /home/travis/build/icyphy/ptII/ptolemy/actor/lib/test/auto/record.xml
----------------- Instantiating /home/travis/build/icyphy/ptII/ptolemy/actor/lib/test/auto/record.xml
2 ms. Memory: 607232K Free: 439343K (72%)
----------------- Invoking toplevel() on ptolemy.moml.MoMLSimpleApplication@26032918
----------------- Done invoking toplevel() on ptolemy.moml.MoMLSimpleApplication@26032918
reloadAllAccessors: .record

===========================================================================================
----------------- testing Sat Sep 05 15:42:18 UTC 2020 /home/travis/build/icyphy/ptII/ptolemy/actor/lib/test/auto/sizedarray1.xml
----------------- Instantiating /home/travis/build/icyphy/ptII/ptolemy/actor/lib/test/auto/sizedarray1.xml
1 ms. Memory: 607232K Free: 434223K (72%)
----------------- Invoking toplevel() on ptolemy.moml.MoMLSimpleApplication@66c806f3
----------------- Done invoking toplevel() on ptolemy.moml.MoMLSimpleApplication@66c806f3
reloadAllAccessors: .sizedarray1

===========================================================================================
----------------- testing Sat Sep 05 15:42:18 UTC 2020 /home/travis/build/icyphy/ptII/ptolemy/actor/lib/test/auto/sizedarray2.xml
----------------- Instantiating /home/travis/build/icyphy/ptII/ptolemy/actor/lib/test/auto/sizedarray2.xml
2 ms. Memory: 607232K Free: 428079K (70%)
----------------- Invoking toplevel() on ptolemy.moml.MoMLSimpleApplication@4c94d76b
----------------- Done invoking toplevel() on ptolemy.moml.MoMLSimpleApplication@4c94d76b
reloadAllAccessors: .sizedarray2

===========================================================================================
----------------- testing Sat Sep 05 15:42:18 UTC 2020 /home/travis/build/icyphy/ptII/ptolemy/actor/lib/test/auto/twoPublishers.xml
----------------- Instantiating /home/travis/build/icyphy/ptII/ptolemy/actor/lib/test/auto/twoPublishers.xml
5 ms. Memory: 607232K Free: 417839K (69%)
----------------- Invoking toplevel() on ptolemy.moml.MoMLSimpleApplication@c2c1725
----------------- Done invoking toplevel() on ptolemy.moml.MoMLSimpleApplication@c2c1725
reloadAllAccessors: .twoPublishers
AutoTests.java: About to close Vertx.
AutoTests.java: Vertx closed.
]]></system-out>
  <system-err><![CDATA[java.lang.RuntimeException: Execution failed
	at ptolemy.moml.MoMLSimpleApplication$UnloadThread.run(MoMLSimpleApplication.java:402)
Caused by: java.lang.RuntimeException: StringUtilities.exit() was called. Normally, we would exit here because Manager.exitAfterWrapup() was called.  However, because the ptolemy.ptII.exitAfterWrapup property is set, we throw this exception instead.
	at ptolemy.util.StringUtilities.exit(StringUtilities.java:365)
	at ptolemy.actor.Manager.wrapup(Manager.java:1549)
	at ptolemy.actor.Manager.execute(Manager.java:407)
	at ptolemy.actor.Manager.run(Manager.java:1263)
	at ptolemy.actor.Manager$PtolemyRunThread.run(Manager.java:1933)
Warning: '.top.test' is in training mode, set the trainingMode parameter to false before checking in
Warning: '.top.test' is in training mode, set the trainingMode parameter to false before checking in
Warning: '.top.test' is in training mode, set the trainingMode parameter to false before checking in
Warning: '.BooleanSwitch_RegressionTest_WrongTrainingValues.Test' is in training mode, set the trainingMode parameter to false before checking in
Warning: '.BooleanSwitch_RegressionTest_WrongTrainingValues.Test2' is in training mode, set the trainingMode parameter to false before checking in
Warning: '.BooleanSwitch_RegressionTest_WrongTrainingValues.Test2' The test produced 0 tokens.
Warning: '.top.testExceptionHandler' is in training mode, set the trainingMode parameter to false before checking in
java.lang.RuntimeException: Execution failed
	at ptolemy.moml.MoMLSimpleApplication$UnloadThread.run(MoMLSimpleApplication.java:402)
Caused by: ptolemy.kernel.util.IllegalActionException: PublisherPorts cannot be used at the top level, use a Publisher actor instead.
  in .PublisherPortToplevelSubscriber.PublisherPort
	at ptolemy.actor.PublisherPort.preinitialize(PublisherPort.java:403)
	at ptolemy.actor.CompositeActor.preinitialize(CompositeActor.java:1769)
	at ptolemy.actor.Manager.preinitializeAndResolveTypes(Manager.java:1040)
	at ptolemy.actor.Manager.initialize(Manager.java:710)
	at ptolemy.actor.Manager.execute(Manager.java:356)
	at ptolemy.actor.Manager.run(Manager.java:1263)
	at ptolemy.actor.Manager$PtolemyRunThread.run(Manager.java:1933)
java.lang.reflect.InvocationTargetException
	at java.base/jdk.internal.reflect.NativeConstructorAccessorImpl.newInstance0(Native Method)
	at java.base/jdk.internal.reflect.NativeConstructorAccessorImpl.newInstance(NativeConstructorAccessorImpl.java:62)
	at java.base/jdk.internal.reflect.DelegatingConstructorAccessorImpl.newInstance(DelegatingConstructorAccessorImpl.java:45)
	at java.base/java.lang.reflect.Constructor.newInstance(Constructor.java:490)
	at ptolemy.util.test.junit.AutoKnownFailedTests.RunModel(AutoKnownFailedTests.java:105)
	at java.base/jdk.internal.reflect.NativeMethodAccessorImpl.invoke0(Native Method)
	at java.base/jdk.internal.reflect.NativeMethodAccessorImpl.invoke(NativeMethodAccessorImpl.java:62)
	at java.base/jdk.internal.reflect.DelegatingMethodAccessorImpl.invoke(DelegatingMethodAccessorImpl.java:43)
	at java.base/java.lang.reflect.Method.invoke(Method.java:566)
	at org.junit.runners.model.FrameworkMethod$1.runReflectiveCall(FrameworkMethod.java:44)
	at org.junit.internal.runners.model.ReflectiveCallable.run(ReflectiveCallable.java:15)
	at org.junit.runners.model.FrameworkMethod.invokeExplosively(FrameworkMethod.java:41)
	at junitparams.internal.InvokeParameterisedMethod.evaluate(InvokeParameterisedMethod.java:102)
	at org.junit.internal.runners.statements.FailOnTimeout$1.run(FailOnTimeout.java:28)
Caused by: ptolemy.kernel.util.IllegalActionException: PublisherPorts cannot be used at the top level, use a Publisher actor instead.
  in .PublisherPortToplevelSubscriber.PublisherPort
	at ptolemy.actor.PublisherPort.preinitialize(PublisherPort.java:403)
	at ptolemy.actor.CompositeActor.preinitialize(CompositeActor.java:1769)
	at ptolemy.actor.Manager.preinitializeAndResolveTypes(Manager.java:1040)
	at ptolemy.actor.Manager.initialize(Manager.java:710)
	at ptolemy.actor.Manager.execute(Manager.java:356)
	at ptolemy.actor.Manager.run(Manager.java:1263)
	at ptolemy.actor.Manager$PtolemyRunThread.run(Manager.java:1933)
java.lang.RuntimeException: Execution failed
	at ptolemy.moml.MoMLSimpleApplication$UnloadThread.run(MoMLSimpleApplication.java:402)
Caused by: ptolemy.kernel.util.IllegalActionException: SubscriberPorts cannot be used at the top level, use a Subscriber actor instead.
  in .PublisherSubscriberPortToplevel.SubscriberPort
	at ptolemy.actor.SubscriberPort.preinitialize(SubscriberPort.java:328)
	at ptolemy.actor.CompositeActor.preinitialize(CompositeActor.java:1769)
	at ptolemy.actor.Manager.preinitializeAndResolveTypes(Manager.java:1040)
	at ptolemy.actor.Manager.initialize(Manager.java:710)
	at ptolemy.actor.Manager.execute(Manager.java:356)
	at ptolemy.actor.Manager.run(Manager.java:1263)
	at ptolemy.actor.Manager$PtolemyRunThread.run(Manager.java:1933)
java.lang.reflect.InvocationTargetException
	at java.base/jdk.internal.reflect.NativeConstructorAccessorImpl.newInstance0(Native Method)
	at java.base/jdk.internal.reflect.NativeConstructorAccessorImpl.newInstance(NativeConstructorAccessorImpl.java:62)
	at java.base/jdk.internal.reflect.DelegatingConstructorAccessorImpl.newInstance(DelegatingConstructorAccessorImpl.java:45)
	at java.base/java.lang.reflect.Constructor.newInstance(Constructor.java:490)
	at ptolemy.util.test.junit.AutoKnownFailedTests.RunModel(AutoKnownFailedTests.java:105)
	at java.base/jdk.internal.reflect.NativeMethodAccessorImpl.invoke0(Native Method)
	at java.base/jdk.internal.reflect.NativeMethodAccessorImpl.invoke(NativeMethodAccessorImpl.java:62)
	at java.base/jdk.internal.reflect.DelegatingMethodAccessorImpl.invoke(DelegatingMethodAccessorImpl.java:43)
	at java.base/java.lang.reflect.Method.invoke(Method.java:566)
	at org.junit.runners.model.FrameworkMethod$1.runReflectiveCall(FrameworkMethod.java:44)
	at org.junit.internal.runners.model.ReflectiveCallable.run(ReflectiveCallable.java:15)
	at org.junit.runners.model.FrameworkMethod.invokeExplosively(FrameworkMethod.java:41)
	at junitparams.internal.InvokeParameterisedMethod.evaluate(InvokeParameterisedMethod.java:102)
	at org.junit.internal.runners.statements.FailOnTimeout$1.run(FailOnTimeout.java:28)
Caused by: ptolemy.kernel.util.IllegalActionException: SubscriberPorts cannot be used at the top level, use a Subscriber actor instead.
  in .PublisherSubscriberPortToplevel.SubscriberPort
	at ptolemy.actor.SubscriberPort.preinitialize(SubscriberPort.java:328)
	at ptolemy.actor.CompositeActor.preinitialize(CompositeActor.java:1769)
	at ptolemy.actor.Manager.preinitializeAndResolveTypes(Manager.java:1040)
	at ptolemy.actor.Manager.initialize(Manager.java:710)
	at ptolemy.actor.Manager.execute(Manager.java:356)
	at ptolemy.actor.Manager.run(Manager.java:1263)
	at ptolemy.actor.Manager$PtolemyRunThread.run(Manager.java:1933)
java.lang.RuntimeException: Execution failed
	at ptolemy.moml.MoMLSimpleApplication$UnloadThread.run(MoMLSimpleApplication.java:402)
Caused by: ptolemy.kernel.util.IllegalActionException: SubscriptionAggregatorPorts cannot be used at the top level, use a SubscriptionAggregator actor instead.
  in .PublisherSubscriptionAggregatorPort.SubscriptionAggregatorPort
	at ptolemy.actor.SubscriptionAggregatorPort.preinitialize(SubscriptionAggregatorPort.java:353)
	at ptolemy.actor.CompositeActor.preinitialize(CompositeActor.java:1769)
	at ptolemy.actor.Manager.preinitializeAndResolveTypes(Manager.java:1040)
	at ptolemy.actor.Manager.initialize(Manager.java:710)
	at ptolemy.actor.Manager.execute(Manager.java:356)
	at ptolemy.actor.Manager.run(Manager.java:1263)
	at ptolemy.actor.Manager$PtolemyRunThread.run(Manager.java:1933)
java.lang.reflect.InvocationTargetException
	at java.base/jdk.internal.reflect.NativeConstructorAccessorImpl.newInstance0(Native Method)
	at java.base/jdk.internal.reflect.NativeConstructorAccessorImpl.newInstance(NativeConstructorAccessorImpl.java:62)
	at java.base/jdk.internal.reflect.DelegatingConstructorAccessorImpl.newInstance(DelegatingConstructorAccessorImpl.java:45)
	at java.base/java.lang.reflect.Constructor.newInstance(Constructor.java:490)
	at ptolemy.util.test.junit.AutoKnownFailedTests.RunModel(AutoKnownFailedTests.java:105)
	at java.base/jdk.internal.reflect.NativeMethodAccessorImpl.invoke0(Native Method)
	at java.base/jdk.internal.reflect.NativeMethodAccessorImpl.invoke(NativeMethodAccessorImpl.java:62)
	at java.base/jdk.internal.reflect.DelegatingMethodAccessorImpl.invoke(DelegatingMethodAccessorImpl.java:43)
	at java.base/java.lang.reflect.Method.invoke(Method.java:566)
	at org.junit.runners.model.FrameworkMethod$1.runReflectiveCall(FrameworkMethod.java:44)
	at org.junit.internal.runners.model.ReflectiveCallable.run(ReflectiveCallable.java:15)
	at org.junit.runners.model.FrameworkMethod.invokeExplosively(FrameworkMethod.java:41)
	at junitparams.internal.InvokeParameterisedMethod.evaluate(InvokeParameterisedMethod.java:102)
	at org.junit.internal.runners.statements.FailOnTimeout$1.run(FailOnTimeout.java:28)
Caused by: ptolemy.kernel.util.IllegalActionException: SubscriptionAggregatorPorts cannot be used at the top level, use a SubscriptionAggregator actor instead.
  in .PublisherSubscriptionAggregatorPort.SubscriptionAggregatorPort
	at ptolemy.actor.SubscriptionAggregatorPort.preinitialize(SubscriptionAggregatorPort.java:353)
	at ptolemy.actor.CompositeActor.preinitialize(CompositeActor.java:1769)
	at ptolemy.actor.Manager.preinitializeAndResolveTypes(Manager.java:1040)
	at ptolemy.actor.Manager.initialize(Manager.java:710)
	at ptolemy.actor.Manager.execute(Manager.java:356)
	at ptolemy.actor.Manager.run(Manager.java:1263)
	at ptolemy.actor.Manager$PtolemyRunThread.run(Manager.java:1933)
java.lang.RuntimeException: Execution failed
	at ptolemy.moml.MoMLSimpleApplication$UnloadThread.run(MoMLSimpleApplication.java:402)
Caused by: ptolemy.kernel.util.IllegalActionException: TypeTest actor has no training data.
  in .sizedarray3.TypeTest
	at ptolemy.actor.lib.TypeTest.initialize(TypeTest.java:250)
	at ptolemy.actor.Director.initialize(Director.java:938)
	at ptolemy.actor.Director.initialize(Director.java:907)
	at ptolemy.actor.sched.StaticSchedulingDirector.initialize(StaticSchedulingDirector.java:159)
	at ptolemy.domains.sdf.kernel.SDFDirector.initialize(SDFDirector.java:544)
	at ptolemy.actor.CompositeActor.initialize(CompositeActor.java:935)
	at ptolemy.actor.Manager.initialize(Manager.java:724)
	at ptolemy.actor.Manager.execute(Manager.java:356)
	at ptolemy.actor.Manager.run(Manager.java:1263)
	at ptolemy.actor.Manager$PtolemyRunThread.run(Manager.java:1933)
java.lang.reflect.InvocationTargetException
	at java.base/jdk.internal.reflect.NativeConstructorAccessorImpl.newInstance0(Native Method)
	at java.base/jdk.internal.reflect.NativeConstructorAccessorImpl.newInstance(NativeConstructorAccessorImpl.java:62)
	at java.base/jdk.internal.reflect.DelegatingConstructorAccessorImpl.newInstance(DelegatingConstructorAccessorImpl.java:45)
	at java.base/java.lang.reflect.Constructor.newInstance(Constructor.java:490)
	at ptolemy.util.test.junit.AutoKnownFailedTests.RunModel(AutoKnownFailedTests.java:105)
	at java.base/jdk.internal.reflect.NativeMethodAccessorImpl.invoke0(Native Method)
	at java.base/jdk.internal.reflect.NativeMethodAccessorImpl.invoke(NativeMethodAccessorImpl.java:62)
	at java.base/jdk.internal.reflect.DelegatingMethodAccessorImpl.invoke(DelegatingMethodAccessorImpl.java:43)
	at java.base/java.lang.reflect.Method.invoke(Method.java:566)
	at org.junit.runners.model.FrameworkMethod$1.runReflectiveCall(FrameworkMethod.java:44)
	at org.junit.internal.runners.model.ReflectiveCallable.run(ReflectiveCallable.java:15)
	at org.junit.runners.model.FrameworkMethod.invokeExplosively(FrameworkMethod.java:41)
	at junitparams.internal.InvokeParameterisedMethod.evaluate(InvokeParameterisedMethod.java:102)
	at org.junit.internal.runners.statements.FailOnTimeout$1.run(FailOnTimeout.java:28)
Caused by: ptolemy.kernel.util.IllegalActionException: TypeTest actor has no training data.
  in .sizedarray3.TypeTest
	at ptolemy.actor.lib.TypeTest.initialize(TypeTest.java:250)
	at ptolemy.actor.Director.initialize(Director.java:938)
	at ptolemy.actor.Director.initialize(Director.java:907)
	at ptolemy.actor.sched.StaticSchedulingDirector.initialize(StaticSchedulingDirector.java:159)
	at ptolemy.domains.sdf.kernel.SDFDirector.initialize(SDFDirector.java:544)
	at ptolemy.actor.CompositeActor.initialize(CompositeActor.java:935)
	at ptolemy.actor.Manager.initialize(Manager.java:724)
	at ptolemy.actor.Manager.execute(Manager.java:356)
	at ptolemy.actor.Manager.run(Manager.java:1263)
	at ptolemy.actor.Manager$PtolemyRunThread.run(Manager.java:1933)
]]></system-err>
</testsuite>
