<?xml version="1.0" encoding="UTF-8" ?>
<testsuite errors="0" failures="1" hostname="travis-job-db0962a5-c30f-436b-bacf-a4391ce1d091" name="ptolemy.actor.lib.test.junit.JUnitTclTest" skipped="0" tests="517" time="66.211" timestamp="2019-11-30T06:26:30">
  <properties>
    <property name="npm.executable" value="npm" />
    <property name="env.TRAVIS_ROOT" value="/" />
    <property name="ptII.mk.exists" value="true" />
    <property name="env.TRAVIS_APP_HOST" value="build.travis-ci.org" />
    <property name="env.rvm_bin_path" value="/home/travis/.rvm/bin" />
    <property name="java.home" value="/usr/local/lib/jvm/openjdk11" />
    <property name="env.TRAVIS_JOB_NUMBER" value="1413.8" />
    <property name="env.TRAVIS_HOME" value="/home/travis" />
    <property name="env.DISPLAY" value=":99.0" />
    <property name="env.TRAVIS_INIT" value="systemd" />
    <property name="env.SSH_TTY" value="/dev/pts/0" />
    <property name="java.net.preferIPv4Stack" value="true" />
    <property name="env.RUN_TESTS" value="true" />
    <property name="timeout.short" value="1000000" />
    <property name="junit.formatter" value="xml" />
    <property name="env.TRAVIS_SUDO" value="true" />
    <property name="env.TRAVIS_JOB_NAME" value="" />
    <property name="env.TRAVIS_STACK_NODE_ATTRIBUTES" value="/.node-attributes.yml" />
    <property name="env.LOGNAME" value="travis" />
    <property name="env.PT_TRAVIS_TEST_CORE1_XML" value="true" />
    <property name="jsdoc.home" value="node_modules/@terraswarm/jsdoc" />
    <property name="debuglevel" value="source,lines,vars" />
    <property name="checkstyle.formatter" value="xml" />
    <property name="env._system_version" value="16.04" />
    <property name="bin.vergil.makeable" value="true" />
    <property name="sun.os.patch.level" value="unknown" />
    <property name="java.vendor.url" value="http://java.oracle.com/" />
    <property name="env.TRAVIS_BUILD_WEB_URL" value="https://travis-ci.org/icyphy/ptII/builds/618846862" />
    <property name="java.version" value="11.0.2" />
    <property name="env.TZ" value="UTC" />
    <property name="env.TRAVIS_PULL_REQUEST_SHA" value="" />
    <property name="env.PT_NO_NET" value="true" />
    <property name="env.TRAVIS_SECURE_ENV_VARS" value="true" />
    <property name="env._system_type" value="Linux" />
    <property name="java.vendor.url.bug" value="http://bugreport.java.com/bugreport/" />
    <property name="npmjs-org-is-up" value="true" />
    <property name="env.LANGUAGE" value="en_US.UTF-8" />
    <property name="env.SSH_CLIENT" value="10.16.4.9 54586 22" />
    <property name="env.GEM_HOME" value="/home/travis/.rvm/gems/ruby-2.5.3" />
    <property name="env.HAS_ANTARES_THREE_LITTLE_FRONZIES_BADGE" value="true" />
    <property name="java.version.date" value="2019-01-15" />
    <property name="env.PS4" value="+" />
    <property name="ant.project.invoked-targets" value="build,test.core1.xml" />
    <property name="env.TRAVIS_PULL_REQUEST_BRANCH" value="" />
    <property name="env.TRAVIS_REPO_SLUG" value="icyphy/ptII" />
    <property name="env.XDG_DATA_DIRS" value="/usr/local/share:/usr/share:/var/lib/snapd/desktop" />
    <property name="jdk.debug" value="release" />
    <property name="env.TRAVIS_APT_PROXY" value="http://apt.cache.travis-ci.com" />
    <property name="env.TRAVIS_CPU_ARCH" value="amd64" />
    <property name="node.in.path" value="true" />
    <property name="user.name" value="travis" />
    <property name="java.maxmemory" value="1400m" />
    <property name="env.RUBY_VERSION" value="ruby-2.5.3" />
    <property name="env.LANG" value="en_US.UTF-8" />
    <property name="sun.io.unicode.encoding" value="UnicodeLittle" />
    <property name="sun.jnu.encoding" value="UTF-8" />
    <property name="java.runtime.name" value="OpenJDK Runtime Environment" />
    <property name="usefile" value="false" />
    <property name="return.code" value="0" />
    <property name="junit.single.formatter" value="plain" />
    <property name="env.DYLD_LIBRARY_PATH" value="/home/travis/pthla/certi-tools/lib:" />
    <property name="env.DEBIAN_FRONTEND" value="noninteractive" />
    <property name="env.SSH_CONNECTION" value="10.16.4.9 54586 10.20.0.71 22" />
    <property name="env.MYSQL_UNIX_PORT" value="/var/run/mysqld/mysqld.sock" />
    <property name="env.LC_ALL" value="en_US.UTF-8" />
    <property name="env.TRAVIS_ALLOW_FAILURE" value="false" />
    <property name="env.TRAVIS_JOB_WEB_URL" value="https://travis-ci.org/icyphy/ptII/jobs/618846870" />
    <property name="java.specification.name" value="Java Platform API Specification" />
    <property name="node.works" value="true" />
    <property name="user.timezone" value="" />
    <property name="path.separator" value=":" />
    <property name="env.TRAVIS_ENABLE_INFRA_DETECTION" value="true" />
    <property name="env.PYTHON_CFLAGS" value="-g -fstack-protector --param=ssp-buffer-size=4 -Wformat -Werror=format-security" />
    <property name="timeout.long" value="4000000" />
    <property name="env.CERTI_HOME" value="/home/travis/pthla/certi-tools" />
    <property name="ant.file.ptII" value="/home/travis/build/icyphy/ptII/build.xml" />
    <property name="javadoc.packagenames" value="com.*,diva.*,lbnl.*,org.hlacerti.*,org.json.*,org.ptolemy.*,org.terraswarm.*,ptolemy.*,ptserver.*" />
    <property name="file.encoding" value="UTF-8" />
    <property name="env.TRAVIS_PULL_REQUEST_SLUG" value="" />
    <property name="ant.project.default-target" value="build" />
    <property name="env.GIT_ASKPASS" value="echo" />
    <property name="env.HOME" value="/home/travis" />
    <property name="sun.java.command" value="org.apache.tools.ant.taskdefs.optional.junit.JUnitTestRunner ptolemy.actor.lib.test.junit.JUnitTclTest skipNonTests=false filtertrace=true haltOnError=false haltOnFailure=false formatter=org.apache.tools.ant.taskdefs.optional.junit.OutErrSummaryJUnitResultFormatter showoutput=true outputtoformatters=true logfailedtests=true threadid=0 logtestlistenerevents=false formatter=org.apache.tools.ant.taskdefs.optional.junit.XMLJUnitResultFormatter,/home/travis/build/icyphy/ptII/reports/junit/TEST-ptolemy.actor.lib.test.junit.JUnitTclTest.xml crashfile=/home/travis/build/icyphy/ptII/junitvmwatcher5318532325652613070.properties propsfile=/home/travis/build/icyphy/ptII/junit4627203126047798178.properties" />
    <property name="env.COMPOSER_NO_INTERACTION" value="1" />
    <property name="env.MANPATH" value="/home/travis/.nvm/versions/node/v7.10.1/share/man:/home/travis/.rvm/rubies/ruby-2.5.3/share/man:/usr/local/cmake-3.12.4/man:/usr/local/clang-7.0.0/share/man:/usr/local/man:/usr/local/share/man:/usr/share/man:/home/travis/.rvm/man" />
    <property name="env.TRAVIS_TIMER_ID" value="15307752" />
    <property name="ant.file" value="/home/travis/build/icyphy/ptII/build.xml" />
    <property name="env.TRAVIS_COMMIT_RANGE" value="45a1af74cde64810f1a740ff9bd66386be4e642c...11deb69804adb5926cd4863c8231df6048994796" />
    <property name="env._system_name" value="Ubuntu" />
    <property name="ptII.classpath.optional.property" value="/home/travis/build/icyphy/ptII/lib/bsh-2.0b4.jar:/home/travis/build/icyphy/ptII/lib/ptCal.jar:/home/travis/build/icyphy/ptII/lib/java_cup.jar:/home/travis/build/icyphy/ptII/lib/saxon8.jar:/home/travis/build/icyphy/ptII/lib/saxon8-dom.jar:/home/travis/build/icyphy/ptII/lib/chic.jar:/home/travis/build/icyphy/ptII/lib/ptcolt.jar:/home/travis/build/icyphy/ptII/vendors/misc/itext/iText.jar:/home/travis/build/icyphy/ptII/lib/g4ltl.jar:/home/travis/build/icyphy/ptII/lib/StructuralCoder.jar:/home/travis/build/icyphy/ptII/lib/jcerti.jar:/home/travis/build/icyphy/ptII/lib/javax.mail.jar:/home/travis/build/icyphy/ptII/vendors/JMF-2.1.1e/lib/jmf.jar:/home/travis/build/icyphy/ptII/lib/jna-4.0.0-variadic.jar:/home/travis/build/icyphy/ptII/vendors/misc/joystick/Joystick.jar:/home/travis/build/icyphy/ptII/lib/ptjacl.jar:/home/travis/build/icyphy/ptII/lib/jsoup-1.8.2.jar:/home/travis/build/icyphy/ptII/lib/junit-4.8.2.jar:/home/travis/build/icyphy/ptII/lib/JUnitParams-0.4.0.jar:/home/travis/build/icyphy/ptII/ptolemy/actor/lib/excel/jxl.jar:/home/travis/build/icyphy/ptII/lib/jython.jar:/home/travis/build/icyphy/ptII/lib/kieler.jar:/home/travis/build/icyphy/ptII/vendors/opencv/share/OpenCV/java/opencv-341.jar:/home/travis/build/icyphy/ptII/lib/oscP5.jar:/home/travis/build/icyphy/ptII/lib/nrjavaserial-3.11.0.devel.jar:/home/travis/build/icyphy/ptII/vendors/j3d/lib/Linux/j3dcore.jar:/home/travis/build/icyphy/ptII/vendors/j3d/lib/Linux/j3dutils.jar:/home/travis/build/icyphy/ptII/vendors/j3d/lib/Linux/vecmath.jar:/home/travis/build/icyphy/ptII/vendors/jogl/lib/Linux/gluegen-rt-natives-linux-amd64.jar:/home/travis/build/icyphy/ptII/vendors/jogl/lib/Linux/gluegen-rt.jar:/home/travis/build/icyphy/ptII/vendors/jogl/lib/Linux/jogl-all-natives-linux-amd64.jar:/home/travis/build/icyphy/ptII/vendors/jogl/lib/Linux/jogl-all.jar:/home/travis/build/icyphy/ptII/ptolemy/distributed/jini/jar/jini-core.jar:/home/travis/build/icyphy/ptII/ptolemy/distributed/jini/jar/jini-ext.jar:/home/travis/build/icyphy/ptII/ptolemy/distributed/jini/jar/sun-util.jar:/home/travis/build/icyphy/ptII/lib/protobuf-java-2.4.1.jar:/home/travis/build/icyphy/ptII/lib/org.eclipse.paho.client.mqttv3.jar:/home/travis/build/icyphy/ptII/lib/mapss.jar:/home/travis/build/icyphy/ptII/ptolemy/actor/ptalon/antlr/antlr.jar:/home/travis/build/icyphy/ptII/lib/JRI.jar:/home/travis/build/icyphy/ptII/lib/commons-lang-2.6.jar:/home/travis/build/icyphy/ptII/lib/commons-logging-1.1.1.jar:/home/travis/build/icyphy/ptII/lib/sootclasses.jar:/home/travis/build/icyphy/ptII/ptolemy/actor/lib/database/mysql-connector-java-5.1.6-bin.jar:/home/travis/build/icyphy/ptII/vendors/misc/sphinx4/sphinx4-data-5prealpha.jar:/home/travis/build/icyphy/ptII/vendors/misc/sphinx4/sphinx4-core-5prealpha.jar:/home/travis/build/icyphy/ptII/lib/PDFRenderer.jar:/home/travis/build/icyphy/ptII/lib/svgSalamander.jar:/home/travis/build/icyphy/ptII/lib/rsyntaxtextarea-2.6.0-SNAPSHOT.jar:/home/travis/build/icyphy/ptII/lib/hazelcast-3.8.2.jar:/home/travis/build/icyphy/ptII/lib/jackson-annotations-2.9.0.jar:/home/travis/build/icyphy/ptII/lib/jackson-core-2.9.3.jar:/home/travis/build/icyphy/ptII/lib/jackson-databind-2.9.3.jar:/home/travis/build/icyphy/ptII/lib/netty-buffer-4.1.19.Final.jar:/home/travis/build/icyphy/ptII/lib/netty-codec-4.1.19.Final.jar:/home/travis/build/icyphy/ptII/lib/netty-codec-dns-4.1.19.Final.jar:/home/travis/build/icyphy/ptII/lib/netty-codec-http-4.1.19.Final.jar:/home/travis/build/icyphy/ptII/lib/netty-codec-http2-4.1.19.Final.jar:/home/travis/build/icyphy/ptII/lib/netty-common-4.1.19.Final.jar:/home/travis/build/icyphy/ptII/lib/netty-handler-4.1.19.Final.jar:/home/travis/build/icyphy/ptII/lib/netty-resolver-4.1.19.Final.jar:/home/travis/build/icyphy/ptII/lib/netty-resolver-dns-4.1.19.Final.jar:/home/travis/build/icyphy/ptII/lib/netty-transport-4.1.19.Final.jar:/home/travis/build/icyphy/ptII/lib/vertx-codegen-3.5.1.jar:/home/travis/build/icyphy/ptII/lib/vertx-core-3.5.2-SNAPSHOT.jar:/home/travis/build/icyphy/ptII/lib/vertx-hazelcast-3.5.1.jar:/home/travis/build/icyphy/ptII/lib/vertx-lang-js-3.5.1.jar:/home/travis/build/icyphy/ptII/lib/vertx-service-proxy-3.5.1.jar:/home/travis/build/icyphy/ptII/lib/vertx-web-3.5.1.jar:/home/travis/build/icyphy/ptII/lib/slf4j-api-1.7.13.jar:/home/travis/build/icyphy/ptII/lib/slf4j-simple-1.7.13.jar:/home/travis/build/icyphy/ptII/lib/webcam-capture-0.3.12.jar:/home/travis/build/icyphy/ptII/lib/bridj-0.7.0.jar:/home/travis/build/icyphy/ptII/lib/xbjlib-1.1.0.nrjavaserial.jar" />
    <property name="timeout" value="2400000" />
    <property name="test.batch" value="**/junit/*.java" />
    <property name="env._" value="/usr/bin/timeout" />
    <property name="java.io.tmpdir" value="/tmp" />
    <property name="user.language" value="en" />
    <property name="env.TRAVIS_INTERNAL_RUBY_REGEX" value="^ruby-(2\.[0-4]\.[0-9]|1\.9\.3)" />
    <property name="env.HISTCONTROL" value="ignoredups:ignorespace" />
    <property name="env.GOROOT" value="/home/travis/.gimme/versions/go1.11.1.linux.amd64" />
    <property name="line.separator" value="&#xa;" />
    <property name="target" value="11" />
    <property name="env.TRAVIS_BUILD_DIR" value="/home/travis/build/icyphy/ptII" />
    <property name="env.ANT_OPTS" value="-Xmx2048m" />
    <property name="ant.file.type" value="file" />
    <property name="ptolemy.ptII.batchMode" value="true" />
    <property name="env.HISTSIZE" value="1000" />
    <property name="env.MERB_ENV" value="test" />
    <property name="java.vm.info" value="mixed mode" />
    <property name="source" value="11" />
    <property name="java.vm.specification.name" value="Java Virtual Machine Specification" />
    <property name="env.TRAVIS_TEST_RESULT" value="0" />
    <property name="jsdoc.command" value="node_modules/@terraswarm/jsdoc/jsdoc.js" />
    <property name="npm.works" value="true" />
    <property name="cobertura.dir" value="/home/travis/build/icyphy/ptII/vendors/cobertura-2.0.3" />
    <property name="jsdoc.command.exists" value="true" />
    <property name="env.rvm_path" value="/home/travis/.rvm" />
    <property name="env.GEM_PATH" value="/home/travis/.rvm/gems/ruby-2.5.3:/home/travis/.rvm/gems/ruby-2.5.3@global" />
    <property name="env.LC_CTYPE" value="en_US.UTF-8" />
    <property name="env.TRAVIS_CMD" value="$PTII/bin/ptIITravisBuild.sh $SECONDS" />
    <property name="java.awt.printerjob" value="sun.print.PSPrinterJob" />
    <property name="env.TRAVIS_STACK_NAME" value="sardonyx" />
    <property name="env.TRAVIS_TIMER_START_TIME" value="1575094502469182576" />
    <property name="ant.version" value="Apache Ant(TM) version 1.10.1 compiled on February 2 2017" />
    <property name="ptII.reports" value="/home/travis/build/icyphy/ptII/reports" />
    <property name="env.TRAVIS_STACK_TIMESTAMP" value="2019-03-25 16:16:56 UTC" />
    <property name="ant.file.type.ptII" value="file" />
    <property name="env.RBENV_SHELL" value="bash" />
    <property name="os.name" value="Linux" />
    <property name="java.specification.vendor" value="Oracle Corporation" />
    <property name="env.rvm_version" value="1.29.7 (latest)" />
    <property name="env.TRAVIS_INFRA" value="gce" />
    <property name="env.TERM" value="xterm" />
    <property name="java.vm.name" value="OpenJDK 64-Bit Server VM" />
    <property name="env.TRAVIS_BUILD_NUMBER" value="1413" />
    <property name="env.CI" value="true" />
    <property name="java.library.path" value="/home/travis/pthla/certi-tools/lib:/usr/lib/jni:/usr/local/share/OpenCV/java/:/usr/share/OpenCV/java::/usr/java/packages/lib:/usr/lib64:/lib64:/lib:/usr/lib" />
    <property name="jdk.module.path" value="/home/travis/build/icyphy/ptII/vendors/javafx/javafx-sdk-11.0.2/lib:" />
    <property name="env.rvm_prefix" value="/home/travis" />
    <property name="env.PATH" value="/home/travis/pthla/certi-tools/share/scripts:/home/travis/.rvm/gems/ruby-2.5.3/bin:/home/travis/.rvm/gems/ruby-2.5.3@global/bin:/home/travis/.rvm/rubies/ruby-2.5.3/bin:/home/travis/.rvm/bin:/home/travis/.nvm/versions/node/v7.10.1/bin:./node_modules/.bin:/home/travis/build/icyphy/ptII/bin:/home/travis/pthla/certi-tools/bin:/home/travis/bin:/home/travis/.local/bin:/usr/local/lib/jvm/openjdk11/bin:/opt/pyenv/shims:/home/travis/.phpenv/shims:/home/travis/perl5/perlbrew/bin:/home/travis/gopath/bin:/home/travis/.gimme/versions/go1.11.1.linux.amd64/bin:/usr/local/maven-3.6.0/bin:/usr/local/cmake-3.12.4/bin:/usr/local/clang-7.0.0/bin:/usr/local/sbin:/usr/local/bin:/usr/sbin:/usr/bin:/sbin:/bin:/snap/bin:/home/travis/.phpenv/bin:/opt/pyenv/bin:/home/travis/.yarn/bin" />
    <property name="env.TRAVIS_OS_NAME" value="linux" />
    <property name="ant.java.version" value="9" />
    <property name="basedir" value="/home/travis/build/icyphy/ptII" />
    <property name="java.class.version" value="55.0" />
    <property name="env.SHLVL" value="3" />
    <property name="env.LD_LIBRARY_PATH" value="/home/travis/pthla/certi-tools/lib:/usr/lib/jni:/usr/local/share/OpenCV/java/:/usr/share/OpenCV/java:" />
    <property name="env.RACK_ENV" value="test" />
    <property name="ant.home" value="/home/travis/build/icyphy/ptII/ant" />
    <property name="env.NVM_DIR" value="/home/travis/.nvm" />
    <property name="env.CERTI_FOM_PATH" value="/home/travis/pthla/certi-tools/share/federations" />
    <property name="env.TRAVIS_BUILD_ID" value="618846862" />
    <property name="env.PYENV_ROOT" value="/opt/pyenv" />
    <property name="env.TRAVIS_UID" value="2000" />
    <property name="prism.verbose" value="true" />
    <property name="env.NVM_BIN" value="/home/travis/.nvm/versions/node/v7.10.1/bin" />
    <property name="env.TRAVIS_COMMIT" value="11deb69804adb5926cd4863c8231df6048994796" />
    <property name="env._system_arch" value="x86_64" />
    <property name="node.executable" value="node" />
    <property name="sun.boot.library.path" value="/usr/local/lib/jvm/openjdk11/lib" />
    <property name="sun.management.compiler" value="HotSpot 64-Bit Tiered Compilers" />
    <property name="java.awt.graphicsenv" value="sun.awt.X11GraphicsEnvironment" />
    <property name="env.GOPATH" value="/home/travis/gopath" />
    <property name="ptolemy.ptII.dir" value="/home/travis/build/icyphy/ptII" />
    <property name="env.USER" value="travis" />
    <property name="env.HISTFILESIZE" value="2000" />
    <property name="timeout.longest" value="19000000" />
    <property name="env.PERLBREW_SHELLRC_VERSION" value="0.86" />
    <property name="env.TRAVIS_STACK_FEATURES" value="basic couchdb disabled-ipv6 docker docker-compose elasticsearch firefox go-toolchain google-chrome jdk memcached mongodb mysql nodejs_interpreter perl_interpreter perlbrew phantomjs postgresql python_interpreter redis ruby_interpreter sqlite xserver" />
    <property name="env.TRAVIS_PULL_REQUEST" value="false" />
    <property name="env.PYENV_SHELL" value="bash" />
    <property name="ant.project.name" value="ptII" />
    <property name="env.ANSI_RESET" value="\033[0m" />
    <property name="java.vm.specification.version" value="11" />
    <property name="env.TRAVIS_DIST" value="xenial" />
    <property name="env.CERTI_VERSION" value="4.0.0" />
    <property name="env.CERTI_HOST" value="localhost" />
    <property name="awt.toolkit" value="sun.awt.X11.XToolkit" />
    <property name="env.MY_RUBY_HOME" value="/home/travis/.rvm/rubies/ruby-2.5.3" />
    <property name="sun.cpu.isalist" value="" />
    <property name="env.TRAVIS_TMPDIR" value="/tmp/tmp.5VGayoyho1" />
    <property name="java.vm.compressedOopsMode" value="Zero based" />
    <property name="os.version" value="4.15.0-1028-gcp" />
    <property name="user.home" value="/home/travis" />
    <property name="java.vm.vendor" value="Oracle Corporation" />
    <property name="env.TRAVIS_TAG" value="nightly" />
    <property name="env.ANSI_YELLOW" value="\033[33;1m" />
    <property name="env.TRAVIS_FILTERED" value="redirect_io" />
    <property name="env.ANSI_GREEN" value="\033[32;1m" />
    <property name="env.JAVA_HOME" value="/usr/local/lib/jvm/openjdk11" />
    <property name="javadoc.excludepackagenames" value="adm.cvs2svn.*,build.*,config.*,doc.coding.templates.*,jni.test.jni.meaningOfLife.*,jni.test.jni.testDeux.*,jni.test.jni.testTrois.*,org.terraswarm.accessor.accessors.web.node_modules.*,org.terraswarm.accessor.accessors.web.hosts.cordova.demo.*,org.terraswarm.accessor.accessors.web.hosts.cordova.plugins.*,org.terraswarm.accessor.accessors-svn.*,pt-modules.*,ptolemy.apps.agilent.*,ptolemy.apps.anytimecontrol.*,ptolemy.apps.apes.*,ptolemy.apps.charon.*,ptolemy.apps.crazyboard.*,ptolemy.apps.eclipse.*,ptolemy.apps.etherealSting.*,ptolemy.apps.fullscreen.*,ptolemy.apps.giotto.*,ptolemy.apps.ia.*,ptolemy.apps.interfaces.*,ptolemy.apps.jmf.*,ptolemy.apps.kurt.*,ptolemy.apps.kvm.*,ptolemy.apps.lego.*,ptolemy.apps.lejos.*,ptolemy.apps.midp.*,ptolemy.apps.mobileCoding.*,ptolemy.apps.pendulum.*,ptolemy.apps.rijndael.*,ptolemy.apps.robot.*,ptolemy.apps.security.*,ptolemy.apps.sobel.*,ptolemy.apps.soot.*,ptolemy.apps.throttle.*,ptolemy.apps.tini.*,ptolemy.apps.transmission.*,ptolemy.apps.vergil.*,ptolemy.apps.waba.*,ptolemy.apps.websensor.*,ptolemy.apps.webstart.*,ptolemy.apps.xsl.*,ptolemy.apps.zaurus.*,ptolemy.codegen.c.actor.lib.oldJavaFiles.*,ptolemy.codegen.dsp.lib.*,ptolemy.codegen.kernel.newInterfaces.*,ptolemy.codegen.lib.*,ptolemy.copernicus.kernel.fragment.*,ptolemy.copernicus.shallow.cg.*,ptolemy.domains.giotto.demo.Hierarchy.Hierarchy.*,ptolemy.domains.giotto.demo.Multimode.Multimode.*,ptolemy.domains.giotto.demo.Simple.Simple.*,ptolemy.domains.gr.lib.experimental.*,ptolemy.domains.gro.*,ptolemy.domains.pdf.*,ptolemy.domains.ptinyos.demo.Surge.output.*,ptolemy.moml.test.NoPackageActor.java*,ptolemy.plot.adm.*,ptolemy.plot.servlet.*,reports.*,signed.*,src.*,target.*,vendors.*,ptolemy.copernicus.applet.*,ptolemy.media.viewer.*,ptolemy.actor.corba.*,doc.doclets.*,ptolemy.apps.eclipse.awt.*,ptolemy.backtrack.*,ptolemy.backtrack.ast.*,ptolemy.cg.adapter.generic.program.procedural.c.mbed*,ptolemy.homer.*,ptolemy.actor.lib.jai.*,org.ptolemy.scala.*,diva.util.java2d.svg.*,ptolemy.domains.ptinyos.*,ptolemy.actor.lib.fmi.fmipp.*,,org.terraswarm.accessor.accessors.web.node_modules.*,org.terraswarm.accessor.accessors-svn,ptolemy.apps.*,ptolemy.actor.ptalon.demo.ptinyos.SendAndReceiveCnt.output,ptolemy.actor.ptalon.demo.ptinyos.SenseToLeds.output,ptolemy.domains.ptinyos.demo.CntToLedsAndRfm.output,ptolemy.domains.ptinyos.demo.RfmToLeds.output,ptolemy.domains.ptinyos.demo.SendAndReceiveCnt.output,ptolemy.domains.ptinyos.demo.SenseToLeds.output,ptolemy.actor.lib.jjs.modules.udpSocket.*" />
    <property name="env.PTII" value="/home/travis/build/icyphy/ptII" />
    <property name="env.XDG_SESSION_ID" value="2" />
    <property name="keystore" value="ptKeystore" />
    <property name="env.TRAVIS_COMMIT_MESSAGE" value="Conform a model to new HlaManager design." />
    <property name="junit.output.dir" value="/home/travis/build/icyphy/ptII/reports/junit" />
    <property name="npm.return.code" value="0" />
    <property name="user.dir" value="/home/travis/build/icyphy/ptII/ptolemy/actor/lib/test" />
    <property name="env.TRAVIS_NODE_VERSION" value="7" />
    <property name="env.TRAVIS_EVENT_TYPE" value="cron" />
    <property name="env.MAIL" value="/var/mail/travis" />
    <property name="env.PERLBREW_ROOT" value="/home/travis/perl5/perlbrew" />
    <property name="env.PWD" value="/home/travis/build/icyphy/ptII" />
    <property name="timeout.npm" value="45000" />
    <property name="env.TRAVIS_ARCH" value="amd64" />
    <property name="sun.cpu.endian" value="little" />
    <property name="env.PAGER" value="cat" />
    <property name="env.TRAVIS_BUILD_STAGE_NAME" value="Test" />
    <property name="env.PERLBREW_HOME" value="/home/travis/.perlbrew" />
    <property name="java.vm.version" value="11.0.2+9" />
    <property name="env.RAILS_ENV" value="test" />
    <property name="java.class.path" value="/home/travis/.ptolemyII:/home/travis/.ptolemyII/*:/home/travis/build/icyphy/ptII:/home/travis/build/icyphy/ptII/lib/bsh-2.0b4.jar:/home/travis/build/icyphy/ptII/lib/ptCal.jar:/home/travis/build/icyphy/ptII/lib/java_cup.jar:/home/travis/build/icyphy/ptII/lib/saxon8.jar:/home/travis/build/icyphy/ptII/lib/saxon8-dom.jar:/home/travis/build/icyphy/ptII/lib/chic.jar:/home/travis/build/icyphy/ptII/lib/ptcolt.jar:/home/travis/build/icyphy/ptII/vendors/misc/itext/iText.jar:/home/travis/build/icyphy/ptII/lib/g4ltl.jar:/home/travis/build/icyphy/ptII/lib/StructuralCoder.jar:/home/travis/build/icyphy/ptII/lib/jcerti.jar:/home/travis/build/icyphy/ptII/lib/javax.mail.jar:/home/travis/build/icyphy/ptII/vendors/JMF-2.1.1e/lib/jmf.jar:/home/travis/build/icyphy/ptII/lib/jna-4.0.0-variadic.jar:/home/travis/build/icyphy/ptII/vendors/misc/joystick/Joystick.jar:/home/travis/build/icyphy/ptII/lib/ptjacl.jar:/home/travis/build/icyphy/ptII/lib/jsoup-1.8.2.jar:/home/travis/build/icyphy/ptII/lib/junit-4.8.2.jar:/home/travis/build/icyphy/ptII/lib/JUnitParams-0.4.0.jar:/home/travis/build/icyphy/ptII/ptolemy/actor/lib/excel/jxl.jar:/home/travis/build/icyphy/ptII/lib/jython.jar:/home/travis/build/icyphy/ptII/lib/kieler.jar:/home/travis/build/icyphy/ptII/vendors/opencv/share/OpenCV/java/opencv-341.jar:/home/travis/build/icyphy/ptII/lib/oscP5.jar:/home/travis/build/icyphy/ptII/lib/nrjavaserial-3.11.0.devel.jar:/home/travis/build/icyphy/ptII/vendors/j3d/lib/Linux/j3dcore.jar:/home/travis/build/icyphy/ptII/vendors/j3d/lib/Linux/j3dutils.jar:/home/travis/build/icyphy/ptII/vendors/j3d/lib/Linux/vecmath.jar:/home/travis/build/icyphy/ptII/vendors/jogl/lib/Linux/gluegen-rt-natives-linux-amd64.jar:/home/travis/build/icyphy/ptII/vendors/jogl/lib/Linux/gluegen-rt.jar:/home/travis/build/icyphy/ptII/vendors/jogl/lib/Linux/jogl-all-natives-linux-amd64.jar:/home/travis/build/icyphy/ptII/vendors/jogl/lib/Linux/jogl-all.jar:/home/travis/build/icyphy/ptII/ptolemy/distributed/jini/jar/jini-core.jar:/home/travis/build/icyphy/ptII/ptolemy/distributed/jini/jar/jini-ext.jar:/home/travis/build/icyphy/ptII/ptolemy/distributed/jini/jar/sun-util.jar:/home/travis/build/icyphy/ptII/lib/protobuf-java-2.4.1.jar:/home/travis/build/icyphy/ptII/lib/org.eclipse.paho.client.mqttv3.jar:/home/travis/build/icyphy/ptII/lib/mapss.jar:/home/travis/build/icyphy/ptII/ptolemy/actor/ptalon/antlr/antlr.jar:/home/travis/build/icyphy/ptII/lib/JRI.jar:/home/travis/build/icyphy/ptII/lib/commons-lang-2.6.jar:/home/travis/build/icyphy/ptII/lib/commons-logging-1.1.1.jar:/home/travis/build/icyphy/ptII/lib/sootclasses.jar:/home/travis/build/icyphy/ptII/ptolemy/actor/lib/database/mysql-connector-java-5.1.6-bin.jar:/home/travis/build/icyphy/ptII/vendors/misc/sphinx4/sphinx4-data-5prealpha.jar:/home/travis/build/icyphy/ptII/vendors/misc/sphinx4/sphinx4-core-5prealpha.jar:/home/travis/build/icyphy/ptII/lib/PDFRenderer.jar:/home/travis/build/icyphy/ptII/lib/svgSalamander.jar:/home/travis/build/icyphy/ptII/lib/rsyntaxtextarea-2.6.0-SNAPSHOT.jar:/home/travis/build/icyphy/ptII/lib/hazelcast-3.8.2.jar:/home/travis/build/icyphy/ptII/lib/jackson-annotations-2.9.0.jar:/home/travis/build/icyphy/ptII/lib/jackson-core-2.9.3.jar:/home/travis/build/icyphy/ptII/lib/jackson-databind-2.9.3.jar:/home/travis/build/icyphy/ptII/lib/netty-buffer-4.1.19.Final.jar:/home/travis/build/icyphy/ptII/lib/netty-codec-4.1.19.Final.jar:/home/travis/build/icyphy/ptII/lib/netty-codec-dns-4.1.19.Final.jar:/home/travis/build/icyphy/ptII/lib/netty-codec-http-4.1.19.Final.jar:/home/travis/build/icyphy/ptII/lib/netty-codec-http2-4.1.19.Final.jar:/home/travis/build/icyphy/ptII/lib/netty-common-4.1.19.Final.jar:/home/travis/build/icyphy/ptII/lib/netty-handler-4.1.19.Final.jar:/home/travis/build/icyphy/ptII/lib/netty-resolver-4.1.19.Final.jar:/home/travis/build/icyphy/ptII/lib/netty-resolver-dns-4.1.19.Final.jar:/home/travis/build/icyphy/ptII/lib/netty-transport-4.1.19.Final.jar:/home/travis/build/icyphy/ptII/lib/vertx-codegen-3.5.1.jar:/home/travis/build/icyphy/ptII/lib/vertx-core-3.5.2-SNAPSHOT.jar:/home/travis/build/icyphy/ptII/lib/vertx-hazelcast-3.5.1.jar:/home/travis/build/icyphy/ptII/lib/vertx-lang-js-3.5.1.jar:/home/travis/build/icyphy/ptII/lib/vertx-service-proxy-3.5.1.jar:/home/travis/build/icyphy/ptII/lib/vertx-web-3.5.1.jar:/home/travis/build/icyphy/ptII/lib/slf4j-api-1.7.13.jar:/home/travis/build/icyphy/ptII/lib/slf4j-simple-1.7.13.jar:/home/travis/build/icyphy/ptII/lib/webcam-capture-0.3.12.jar:/home/travis/build/icyphy/ptII/lib/bridj-0.7.0.jar:/home/travis/build/icyphy/ptII/lib/xbjlib-1.1.0.nrjavaserial.jar:/home/travis/build/icyphy/ptII/ptolemy/moml/test:/home/travis/build/icyphy/ptII/ant/lib/ant-launcher.jar:/home/travis/build/icyphy/ptII/ant/lib/ant.jar:/home/travis/build/icyphy/ptII/ant/lib/ant-junit.jar:/home/travis/build/icyphy/ptII/ant/lib/ant-junit4.jar" />
    <property name="ant.library.dir" value="/home/travis/build/icyphy/ptII/ant/lib" />
    <property name="os.arch" value="amd64" />
    <property name="env.CONTINUOUS_INTEGRATION" value="true" />
    <property name="env.TRAVIS_LANGUAGE" value="node_js" />
    <property name="env.TRAVIS_STACK_LANGUAGES" value="__sardonyx__ c c++ clojure cplusplus cpp default generic go groovy java node_js php pure_java python ruby scala" />
    <property name="test.name" value="ptolemy.actor.lib.test.junit.JUnitTclTest" />
    <property name="env.APT_KEY_DONT_WARN_ON_DANGEROUS_USAGE" value="1" />
    <property name="sun.java.launcher" value="SUN_STANDARD" />
    <property name="env.PYTHON_CONFIGURE_OPTS" value="--enable-unicode=ucs4 --with-wide-unicode --enable-shared --enable-ipv6 --enable-loadable-sqlite-extensions --with-computed-gotos" />
    <property name="ant.core.lib" value="/home/travis/build/icyphy/ptII/ant/lib/ant.jar" />
    <property name="java.vm.specification.vendor" value="Oracle Corporation" />
    <property name="env.BCVTB_HOME" value="/home/travis/build/icyphy/ptII/lbnl" />
    <property name="file.separator" value="/" />
    <property name="spotbugs.home" value="/home/travis/build/icyphy/ptII/vendors/spotbugs-3.1.1" />
    <property name="java.runtime.version" value="11.0.2+9" />
    <property name="env.ANSI_CLEAR" value="\033[0K" />
    <property name="javafx.verbose" value="true" />
    <property name="env.HAS_JOSH_K_SEAL_OF_APPROVAL" value="true" />
    <property name="env.XDG_RUNTIME_DIR" value="/run/user/2000" />
    <property name="env.TRAVIS_OSX_IMAGE" value="" />
    <property name="env.TRAVIS_JOB_ID" value="618846870" />
    <property name="env.TRAVIS_BRANCH" value="master" />
    <property name="user.country" value="US" />
    <property name="env.CERTI_HOME_TRAVIS" value="/home/travis/pthla/certi-tools" />
    <property name="env.SHELL" value="/bin/bash" />
    <property name="java.maxmemory.large" value="3200m" />
    <property name="model" value="" />
    <property name="env.CASHER_DIR" value="/home/travis/.casher" />
    <property name="env.NVM_CD_FLAGS" value="" />
    <property name="java.vendor.version" value="18.9" />
    <property name="jshint.executable" value="/home/travis/node_modules/jshint/bin/jshint" />
    <property name="env.JRUBY_OPTS" value=" --client -J-XX:+TieredCompilation -J-XX:TieredStopAtLevel=1 -J-Xss2m -Xcompile.invokedynamic=false" />
    <property name="java.vendor" value="Oracle Corporation" />
    <property name="env.TRAVIS_PRE_CHEF_BOOTSTRAP_TIME" value="2019-03-25T16:16:42" />
    <property name="env.TRAVIS_STACK_JOB_BOARD_REGISTER" value="/.job-board-register.yml" />
    <property name="env.ANSI_RED" value="\033[31;1m" />
    <property name="java.specification.version" value="11" />
    <property name="env.IRBRC" value="/home/travis/.rvm/rubies/ruby-2.5.3/.irbrc" />
    <property name="env.TRAVIS" value="true" />
    <property name="sun.arch.data.model" value="64" />
  </properties>
  <testcase classname="ptolemy.util.test.junit.TclTests" name="[0] /home/travis/build/icyphy/ptII/ptolemy/actor/lib/test/AbsoluteValue.tcl (RunTclFile)" time="0.498" />
  <testcase classname="ptolemy.util.test.junit.TclTests" name="[1] /home/travis/build/icyphy/ptII/ptolemy/actor/lib/test/AddSubtract.tcl (RunTclFile)" time="0.186" />
  <testcase classname="ptolemy.util.test.junit.TclTests" name="[2] /home/travis/build/icyphy/ptII/ptolemy/actor/lib/test/Average.tcl (RunTclFile)" time="0.062" />
  <testcase classname="ptolemy.util.test.junit.TclTests" name="[3] /home/travis/build/icyphy/ptII/ptolemy/actor/lib/test/Bernoulli.tcl (RunTclFile)" time="0.037" />
  <testcase classname="ptolemy.util.test.junit.TclTests" name="[4] /home/travis/build/icyphy/ptII/ptolemy/actor/lib/test/Clock.tcl (RunTclFile)" time="0.135" />
  <testcase classname="ptolemy.util.test.junit.TclTests" name="[5] /home/travis/build/icyphy/ptII/ptolemy/actor/lib/test/Commutator.tcl (RunTclFile)" time="0.147" />
  <testcase classname="ptolemy.util.test.junit.TclTests" name="[6] /home/travis/build/icyphy/ptII/ptolemy/actor/lib/test/Const.tcl (RunTclFile)" time="0.1" />
  <testcase classname="ptolemy.util.test.junit.TclTests" name="[7] /home/travis/build/icyphy/ptII/ptolemy/actor/lib/test/CurrentTime.tcl (RunTclFile)" time="0.024" />
  <testcase classname="ptolemy.util.test.junit.TclTests" name="[8] /home/travis/build/icyphy/ptII/ptolemy/actor/lib/test/DB.tcl (RunTclFile)" time="0.081" />
  <testcase classname="ptolemy.util.test.junit.TclTests" name="[9] /home/travis/build/icyphy/ptII/ptolemy/actor/lib/test/DiscreteRandomSource.tcl (RunTclFile)" time="0.031" />
  <testcase classname="ptolemy.util.test.junit.TclTests" name="[10] /home/travis/build/icyphy/ptII/ptolemy/actor/lib/test/Distributor.tcl (RunTclFile)" time="0.057" />
  <testcase classname="ptolemy.util.test.junit.TclTests" name="[11] /home/travis/build/icyphy/ptII/ptolemy/actor/lib/test/Exit.tcl (RunTclFile)" time="0.114" />
  <testcase classname="ptolemy.util.test.junit.TclTests" name="[12] /home/travis/build/icyphy/ptII/ptolemy/actor/lib/test/Expression.tcl (RunTclFile)" time="0.162" />
  <testcase classname="ptolemy.util.test.junit.TclTests" name="[13] /home/travis/build/icyphy/ptII/ptolemy/actor/lib/test/Gaussian.tcl (RunTclFile)" time="0.857" />
  <testcase classname="ptolemy.util.test.junit.TclTests" name="[14] /home/travis/build/icyphy/ptII/ptolemy/actor/lib/test/IIR.tcl (RunTclFile)" time="0.037" />
  <testcase classname="ptolemy.util.test.junit.TclTests" name="[15] /home/travis/build/icyphy/ptII/ptolemy/actor/lib/test/Interpolator.tcl (RunTclFile)" time="0.059" />
  <testcase classname="ptolemy.util.test.junit.TclTests" name="[16] /home/travis/build/icyphy/ptII/ptolemy/actor/lib/test/MathFunction.tcl (RunTclFile)" time="0.092" />
  <testcase classname="ptolemy.util.test.junit.TclTests" name="[17] /home/travis/build/icyphy/ptII/ptolemy/actor/lib/test/Maximum.tcl (RunTclFile)" time="0.049" />
  <testcase classname="ptolemy.util.test.junit.TclTests" name="[18] /home/travis/build/icyphy/ptII/ptolemy/actor/lib/test/Minimum.tcl (RunTclFile)" time="0.039" />
  <testcase classname="ptolemy.util.test.junit.TclTests" name="[19] /home/travis/build/icyphy/ptII/ptolemy/actor/lib/test/MultiplyDivide.tcl (RunTclFile)" time="0.046" />
  <testcase classname="ptolemy.util.test.junit.TclTests" name="[20] /home/travis/build/icyphy/ptII/ptolemy/actor/lib/test/OrderedMerge.tcl (RunTclFile)" time="0.169" />
  <testcase classname="ptolemy.util.test.junit.TclTests" name="[21] /home/travis/build/icyphy/ptII/ptolemy/actor/lib/test/Publisher.tcl (RunTclFile)" time="0.818" />
  <testcase classname="ptolemy.util.test.junit.TclTests" name="[22] /home/travis/build/icyphy/ptII/ptolemy/actor/lib/test/Pulse.tcl (RunTclFile)" time="0.061" />
  <testcase classname="ptolemy.util.test.junit.TclTests" name="[23] /home/travis/build/icyphy/ptII/ptolemy/actor/lib/test/Ramp.tcl (RunTclFile)" time="2.369" />
  <testcase classname="ptolemy.util.test.junit.TclTests" name="[24] /home/travis/build/icyphy/ptII/ptolemy/actor/lib/test/RampContinuous.tcl (RunTclFile)" time="0.02" />
  <testcase classname="ptolemy.util.test.junit.TclTests" name="[25] /home/travis/build/icyphy/ptII/ptolemy/actor/lib/test/RecordAssembler.tcl (RunTclFile)" time="0.014" />
  <testcase classname="ptolemy.util.test.junit.TclTests" name="[26] /home/travis/build/icyphy/ptII/ptolemy/actor/lib/test/RecordDisassembler.tcl (RunTclFile)" time="0.019" />
  <testcase classname="ptolemy.util.test.junit.TclTests" name="[27] /home/travis/build/icyphy/ptII/ptolemy/actor/lib/test/Scale.tcl (RunTclFile)" time="0.018" />
  <testcase classname="ptolemy.util.test.junit.TclTests" name="[28] /home/travis/build/icyphy/ptII/ptolemy/actor/lib/test/SequentialClock.tcl (RunTclFile)" time="0.017" />
  <testcase classname="ptolemy.util.test.junit.TclTests" name="[29] /home/travis/build/icyphy/ptII/ptolemy/actor/lib/test/SetVariable.tcl (RunTclFile)" time="0.034">
    <failure message="Number of failed tests is has increased. expected:&lt;0&gt; but was:&lt;1&gt;" type="junit.framework.AssertionFailedError">junit.framework.AssertionFailedError: Number of failed tests is has increased. expected:&lt;0&gt; but was:&lt;1&gt;
	at ptolemy.util.test.junit.TclTests.RunTclFile(TclTests.java:286)
	at jdk.internal.reflect.GeneratedMethodAccessor19.invoke(Unknown Source)
	at java.base/jdk.internal.reflect.DelegatingMethodAccessorImpl.invoke(DelegatingMethodAccessorImpl.java:43)
	at junitparams.internal.InvokeParameterisedMethod.evaluate(InvokeParameterisedMethod.java:102)
	at junitparams.internal.ParameterisedTestMethodRunner.runMethodInvoker(ParameterisedTestMethodRunner.java:47)
	at junitparams.internal.ParameterisedTestMethodRunner.runTestMethod(ParameterisedTestMethodRunner.java:41)
	at junitparams.internal.ParameterisedTestClassRunner.runParameterisedTest(ParameterisedTestClassRunner.java:143)
	at junitparams.JUnitParamsRunner.runChild(JUnitParamsRunner.java:237)
	at junitparams.JUnitParamsRunner.runChild(JUnitParamsRunner.java:215)
</failure>
  </testcase>
  <testcase classname="ptolemy.util.test.junit.TclTests" name="[30] /home/travis/build/icyphy/ptII/ptolemy/actor/lib/test/Sinewave.tcl (RunTclFile)" time="0.064" />
  <testcase classname="ptolemy.util.test.junit.TclTests" name="[31] /home/travis/build/icyphy/ptII/ptolemy/actor/lib/test/SubscriptionAggregator.tcl (RunTclFile)" time="2.47" />
  <testcase classname="ptolemy.util.test.junit.TclTests" name="[32] /home/travis/build/icyphy/ptII/ptolemy/actor/lib/test/Test.tcl (RunTclFile)" time="0.087" />
  <testcase classname="ptolemy.util.test.junit.TclTests" name="[33] /home/travis/build/icyphy/ptII/ptolemy/actor/lib/test/TestExceptionHandler.tcl (RunTclFile)" time="0.012" />
  <testcase classname="ptolemy.util.test.junit.TclTests" name="[34] /home/travis/build/icyphy/ptII/ptolemy/actor/lib/test/UnionDisassembler.tcl (RunTclFile)" time="0.055" />
  <testcase classname="ptolemy.util.test.junit.TclTests" name="[35] /home/travis/build/icyphy/ptII/ptolemy/actor/lib/test/VariableClock.tcl (RunTclFile)" time="0.018" />
  <testcase classname="ptolemy.util.test.junit.AutoKnownFailedTests" name="[0] /home/travis/build/icyphy/ptII/ptolemy/actor/lib/test/auto/knownFailedTests/PublisherPortToplevelSubscriber.xml (RunModel)" time="0.129" />
  <testcase classname="ptolemy.util.test.junit.AutoKnownFailedTests" name="[1] /home/travis/build/icyphy/ptII/ptolemy/actor/lib/test/auto/knownFailedTests/PublisherSubscriberPortToplevel.xml (RunModel)" time="0.02" />
  <testcase classname="ptolemy.util.test.junit.AutoKnownFailedTests" name="[2] /home/travis/build/icyphy/ptII/ptolemy/actor/lib/test/auto/knownFailedTests/PublisherSubscriptionAggregatorPort.xml (RunModel)" time="0.023" />
  <testcase classname="ptolemy.util.test.junit.AutoKnownFailedTests" name="[3] /home/travis/build/icyphy/ptII/ptolemy/actor/lib/test/auto/knownFailedTests/sizedarray3.xml (RunModel)" time="0.039" />
  <testcase classname="ptolemy.util.test.junit.AutoNameArchTests" name="[0] ThereAreNoAutoArchTests (RunModel)" time="0.001" />
  <testcase classname="ptolemy.util.test.junit.AutoTests" name="[0] /home/travis/build/icyphy/ptII/ptolemy/actor/lib/test/auto/AbsoluteValue.xml (RunModel)" time="0.119" />
  <testcase classname="ptolemy.util.test.junit.AutoTests" name="[1] /home/travis/build/icyphy/ptII/ptolemy/actor/lib/test/auto/AbsoluteValue2.xml (RunModel)" time="0.031" />
  <testcase classname="ptolemy.util.test.junit.AutoTests" name="[2] /home/travis/build/icyphy/ptII/ptolemy/actor/lib/test/auto/Accumulator.xml (RunModel)" time="0.029" />
  <testcase classname="ptolemy.util.test.junit.AutoTests" name="[3] /home/travis/build/icyphy/ptII/ptolemy/actor/lib/test/auto/Accumulator2.xml (RunModel)" time="0.048" />
  <testcase classname="ptolemy.util.test.junit.AutoTests" name="[4] /home/travis/build/icyphy/ptII/ptolemy/actor/lib/test/auto/Accumulator3.xml (RunModel)" time="0.021" />
  <testcase classname="ptolemy.util.test.junit.AutoTests" name="[5] /home/travis/build/icyphy/ptII/ptolemy/actor/lib/test/auto/ArrayAppend.xml (RunModel)" time="0.075" />
  <testcase classname="ptolemy.util.test.junit.AutoTests" name="[6] /home/travis/build/icyphy/ptII/ptolemy/actor/lib/test/auto/ArrayAppend2.xml (RunModel)" time="0.53" />
  <testcase classname="ptolemy.util.test.junit.AutoTests" name="[7] /home/travis/build/icyphy/ptII/ptolemy/actor/lib/test/auto/ArrayAppend3.xml (RunModel)" time="0.054" />
  <testcase classname="ptolemy.util.test.junit.AutoTests" name="[8] /home/travis/build/icyphy/ptII/ptolemy/actor/lib/test/auto/ArrayAppend4.xml (RunModel)" time="0.028" />
  <testcase classname="ptolemy.util.test.junit.AutoTests" name="[9] /home/travis/build/icyphy/ptII/ptolemy/actor/lib/test/auto/ArrayAppend5.xml (RunModel)" time="0.021" />
  <testcase classname="ptolemy.util.test.junit.AutoTests" name="[10] /home/travis/build/icyphy/ptII/ptolemy/actor/lib/test/auto/ArrayAppend6.xml (RunModel)" time="0.024" />
  <testcase classname="ptolemy.util.test.junit.AutoTests" name="[11] /home/travis/build/icyphy/ptII/ptolemy/actor/lib/test/auto/ArrayAppendPerformanceTest.xml (RunModel)" time="0.083" />
  <testcase classname="ptolemy.util.test.junit.AutoTests" name="[12] /home/travis/build/icyphy/ptII/ptolemy/actor/lib/test/auto/ArrayAppendWithEmptyInput.xml (RunModel)" time="0.048" />
  <testcase classname="ptolemy.util.test.junit.AutoTests" name="[13] /home/travis/build/icyphy/ptII/ptolemy/actor/lib/test/auto/ArrayAverage.xml (RunModel)" time="0.055" />
  <testcase classname="ptolemy.util.test.junit.AutoTests" name="[14] /home/travis/build/icyphy/ptII/ptolemy/actor/lib/test/auto/ArrayContains.xml (RunModel)" time="0.045" />
  <testcase classname="ptolemy.util.test.junit.AutoTests" name="[15] /home/travis/build/icyphy/ptII/ptolemy/actor/lib/test/auto/ArrayElement.xml (RunModel)" time="0.054" />
  <testcase classname="ptolemy.util.test.junit.AutoTests" name="[16] /home/travis/build/icyphy/ptII/ptolemy/actor/lib/test/auto/ArrayElementAsMatrix.xml (RunModel)" time="0.076" />
  <testcase classname="ptolemy.util.test.junit.AutoTests" name="[17] /home/travis/build/icyphy/ptII/ptolemy/actor/lib/test/auto/ArrayElementI.xml (RunModel)" time="0.025" />
  <testcase classname="ptolemy.util.test.junit.AutoTests" name="[18] /home/travis/build/icyphy/ptII/ptolemy/actor/lib/test/auto/ArrayExtract.xml (RunModel)" time="0.06" />
  <testcase classname="ptolemy.util.test.junit.AutoTests" name="[19] /home/travis/build/icyphy/ptII/ptolemy/actor/lib/test/auto/ArrayExtract2.xml (RunModel)" time="0.041" />
  <testcase classname="ptolemy.util.test.junit.AutoTests" name="[20] /home/travis/build/icyphy/ptII/ptolemy/actor/lib/test/auto/ArrayLength.xml (RunModel)" time="0.029" />
  <testcase classname="ptolemy.util.test.junit.AutoTests" name="[21] /home/travis/build/icyphy/ptII/ptolemy/actor/lib/test/auto/ArrayLevelCrossing.xml (RunModel)" time="0.047" />
  <testcase classname="ptolemy.util.test.junit.AutoTests" name="[22] /home/travis/build/icyphy/ptII/ptolemy/actor/lib/test/auto/ArrayLevelCrossing2.xml (RunModel)" time="0.036" />
  <testcase classname="ptolemy.util.test.junit.AutoTests" name="[23] /home/travis/build/icyphy/ptII/ptolemy/actor/lib/test/auto/ArrayPeakSearch.xml (RunModel)" time="0.058" />
  <testcase classname="ptolemy.util.test.junit.AutoTests" name="[24] /home/travis/build/icyphy/ptII/ptolemy/actor/lib/test/auto/ArrayPeakSearch2.xml (RunModel)" time="0.058" />
  <testcase classname="ptolemy.util.test.junit.AutoTests" name="[25] /home/travis/build/icyphy/ptII/ptolemy/actor/lib/test/auto/ArrayPeakSearch3.xml (RunModel)" time="0.053" />
  <testcase classname="ptolemy.util.test.junit.AutoTests" name="[26] /home/travis/build/icyphy/ptII/ptolemy/actor/lib/test/auto/ArrayRemoveElement.xml (RunModel)" time="0.039" />
  <testcase classname="ptolemy.util.test.junit.AutoTests" name="[27] /home/travis/build/icyphy/ptII/ptolemy/actor/lib/test/auto/ArraySort.xml (RunModel)" time="0.045" />
  <testcase classname="ptolemy.util.test.junit.AutoTests" name="[28] /home/travis/build/icyphy/ptII/ptolemy/actor/lib/test/auto/ArraySum.xml (RunModel)" time="0.023" />
  <testcase classname="ptolemy.util.test.junit.AutoTests" name="[29] /home/travis/build/icyphy/ptII/ptolemy/actor/lib/test/auto/ArrayToElements.xml (RunModel)" time="0.026" />
  <testcase classname="ptolemy.util.test.junit.AutoTests" name="[30] /home/travis/build/icyphy/ptII/ptolemy/actor/lib/test/auto/ArrayToMatrix.xml (RunModel)" time="0.067" />
  <testcase classname="ptolemy.util.test.junit.AutoTests" name="[31] /home/travis/build/icyphy/ptII/ptolemy/actor/lib/test/auto/ArrayUpdate1.xml (RunModel)" time="0.029" />
  <testcase classname="ptolemy.util.test.junit.AutoTests" name="[32] /home/travis/build/icyphy/ptII/ptolemy/actor/lib/test/auto/ArrayUpdate2.xml (RunModel)" time="0.027" />
  <testcase classname="ptolemy.util.test.junit.AutoTests" name="[33] /home/travis/build/icyphy/ptII/ptolemy/actor/lib/test/auto/ArrayUpdate3.xml (RunModel)" time="0.019" />
  <testcase classname="ptolemy.util.test.junit.AutoTests" name="[34] /home/travis/build/icyphy/ptII/ptolemy/actor/lib/test/auto/Assert1.xml (RunModel)" time="0.031" />
  <testcase classname="ptolemy.util.test.junit.AutoTests" name="[35] /home/travis/build/icyphy/ptII/ptolemy/actor/lib/test/auto/Assert2.xml (RunModel)" time="0.013" />
  <testcase classname="ptolemy.util.test.junit.AutoTests" name="[36] /home/travis/build/icyphy/ptII/ptolemy/actor/lib/test/auto/BooleanMultiplexor.xml (RunModel)" time="0.021" />
  <testcase classname="ptolemy.util.test.junit.AutoTests" name="[37] /home/travis/build/icyphy/ptII/ptolemy/actor/lib/test/auto/BooleanMultiplexor2.xml (RunModel)" time="0.03" />
  <testcase classname="ptolemy.util.test.junit.AutoTests" name="[38] /home/travis/build/icyphy/ptII/ptolemy/actor/lib/test/auto/BooleanMultiplexor3.xml (RunModel)" time="0.017" />
  <testcase classname="ptolemy.util.test.junit.AutoTests" name="[39] /home/travis/build/icyphy/ptII/ptolemy/actor/lib/test/auto/BooleanSelect.xml (RunModel)" time="0.038" />
  <testcase classname="ptolemy.util.test.junit.AutoTests" name="[40] /home/travis/build/icyphy/ptII/ptolemy/actor/lib/test/auto/BooleanSelect2.xml (RunModel)" time="0.016" />
  <testcase classname="ptolemy.util.test.junit.AutoTests" name="[41] /home/travis/build/icyphy/ptII/ptolemy/actor/lib/test/auto/BooleanSwitch.xml (RunModel)" time="0.034" />
  <testcase classname="ptolemy.util.test.junit.AutoTests" name="[42] /home/travis/build/icyphy/ptII/ptolemy/actor/lib/test/auto/BooleanSwitch2.xml (RunModel)" time="0.017" />
  <testcase classname="ptolemy.util.test.junit.AutoTests" name="[43] /home/travis/build/icyphy/ptII/ptolemy/actor/lib/test/auto/BooleanSwitchCloningBugWithClassRelationGroup.xml (RunModel)" time="0.029" />
  <testcase classname="ptolemy.util.test.junit.AutoTests" name="[44] /home/travis/build/icyphy/ptII/ptolemy/actor/lib/test/auto/BusActors.xml (RunModel)" time="0.039" />
  <testcase classname="ptolemy.util.test.junit.AutoTests" name="[45] /home/travis/build/icyphy/ptII/ptolemy/actor/lib/test/auto/ClassWrapper.xml (RunModel)" time="0.028" />
  <testcase classname="ptolemy.util.test.junit.AutoTests" name="[46] /home/travis/build/icyphy/ptII/ptolemy/actor/lib/test/auto/Clock.xml (RunModel)" time="0.01" />
  <testcase classname="ptolemy.util.test.junit.AutoTests" name="[47] /home/travis/build/icyphy/ptII/ptolemy/actor/lib/test/auto/Clock10.xml (RunModel)" time="0.019" />
  <testcase classname="ptolemy.util.test.junit.AutoTests" name="[48] /home/travis/build/icyphy/ptII/ptolemy/actor/lib/test/auto/Clock11.xml (RunModel)" time="0.023" />
  <testcase classname="ptolemy.util.test.junit.AutoTests" name="[49] /home/travis/build/icyphy/ptII/ptolemy/actor/lib/test/auto/Clock12.xml (RunModel)" time="0.021" />
  <testcase classname="ptolemy.util.test.junit.AutoTests" name="[50] /home/travis/build/icyphy/ptII/ptolemy/actor/lib/test/auto/Clock13.xml (RunModel)" time="0.021" />
  <testcase classname="ptolemy.util.test.junit.AutoTests" name="[51] /home/travis/build/icyphy/ptII/ptolemy/actor/lib/test/auto/Clock14.xml (RunModel)" time="0.017" />
  <testcase classname="ptolemy.util.test.junit.AutoTests" name="[52] /home/travis/build/icyphy/ptII/ptolemy/actor/lib/test/auto/Clock15.xml (RunModel)" time="0.026" />
  <testcase classname="ptolemy.util.test.junit.AutoTests" name="[53] /home/travis/build/icyphy/ptII/ptolemy/actor/lib/test/auto/Clock16.xml (RunModel)" time="0.135" />
  <testcase classname="ptolemy.util.test.junit.AutoTests" name="[54] /home/travis/build/icyphy/ptII/ptolemy/actor/lib/test/auto/Clock17.xml (RunModel)" time="0.078" />
  <testcase classname="ptolemy.util.test.junit.AutoTests" name="[55] /home/travis/build/icyphy/ptII/ptolemy/actor/lib/test/auto/Clock18.xml (RunModel)" time="0.064" />
  <testcase classname="ptolemy.util.test.junit.AutoTests" name="[56] /home/travis/build/icyphy/ptII/ptolemy/actor/lib/test/auto/Clock19.xml (RunModel)" time="0.04" />
  <testcase classname="ptolemy.util.test.junit.AutoTests" name="[57] /home/travis/build/icyphy/ptII/ptolemy/actor/lib/test/auto/Clock2.xml (RunModel)" time="0.017" />
  <testcase classname="ptolemy.util.test.junit.AutoTests" name="[58] /home/travis/build/icyphy/ptII/ptolemy/actor/lib/test/auto/Clock20.xml (RunModel)" time="0.023" />
  <testcase classname="ptolemy.util.test.junit.AutoTests" name="[59] /home/travis/build/icyphy/ptII/ptolemy/actor/lib/test/auto/Clock21.xml (RunModel)" time="0.018" />
  <testcase classname="ptolemy.util.test.junit.AutoTests" name="[60] /home/travis/build/icyphy/ptII/ptolemy/actor/lib/test/auto/Clock22.xml (RunModel)" time="0.014" />
  <testcase classname="ptolemy.util.test.junit.AutoTests" name="[61] /home/travis/build/icyphy/ptII/ptolemy/actor/lib/test/auto/Clock23.xml (RunModel)" time="0.021" />
  <testcase classname="ptolemy.util.test.junit.AutoTests" name="[62] /home/travis/build/icyphy/ptII/ptolemy/actor/lib/test/auto/Clock24.xml (RunModel)" time="0.018" />
  <testcase classname="ptolemy.util.test.junit.AutoTests" name="[63] /home/travis/build/icyphy/ptII/ptolemy/actor/lib/test/auto/Clock4.xml (RunModel)" time="0.013" />
  <testcase classname="ptolemy.util.test.junit.AutoTests" name="[64] /home/travis/build/icyphy/ptII/ptolemy/actor/lib/test/auto/Clock5.xml (RunModel)" time="0.012" />
  <testcase classname="ptolemy.util.test.junit.AutoTests" name="[65] /home/travis/build/icyphy/ptII/ptolemy/actor/lib/test/auto/Clock6.xml (RunModel)" time="0.008" />
  <testcase classname="ptolemy.util.test.junit.AutoTests" name="[66] /home/travis/build/icyphy/ptII/ptolemy/actor/lib/test/auto/Clock7.xml (RunModel)" time="0.01" />
  <testcase classname="ptolemy.util.test.junit.AutoTests" name="[67] /home/travis/build/icyphy/ptII/ptolemy/actor/lib/test/auto/Clock8.xml (RunModel)" time="0.017" />
  <testcase classname="ptolemy.util.test.junit.AutoTests" name="[68] /home/travis/build/icyphy/ptII/ptolemy/actor/lib/test/auto/Clock9.xml (RunModel)" time="0.016" />
  <testcase classname="ptolemy.util.test.junit.AutoTests" name="[69] /home/travis/build/icyphy/ptII/ptolemy/actor/lib/test/auto/CommDistDiscard.xml (RunModel)" time="0.027" />
  <testcase classname="ptolemy.util.test.junit.AutoTests" name="[70] /home/travis/build/icyphy/ptII/ptolemy/actor/lib/test/auto/Commutator.xml (RunModel)" time="0.014" />
  <testcase classname="ptolemy.util.test.junit.AutoTests" name="[71] /home/travis/build/icyphy/ptII/ptolemy/actor/lib/test/auto/Commutator2.xml (RunModel)" time="0.011" />
  <testcase classname="ptolemy.util.test.junit.AutoTests" name="[72] /home/travis/build/icyphy/ptII/ptolemy/actor/lib/test/auto/Commutator3.xml (RunModel)" time="0.033" />
  <testcase classname="ptolemy.util.test.junit.AutoTests" name="[73] /home/travis/build/icyphy/ptII/ptolemy/actor/lib/test/auto/Compare.xml (RunModel)" time="0.042" />
  <testcase classname="ptolemy.util.test.junit.AutoTests" name="[74] /home/travis/build/icyphy/ptII/ptolemy/actor/lib/test/auto/CompareDE.xml (RunModel)" time="0.026" />
  <testcase classname="ptolemy.util.test.junit.AutoTests" name="[75] /home/travis/build/icyphy/ptII/ptolemy/actor/lib/test/auto/ComplexDivide.xml (RunModel)" time="0.011" />
  <testcase classname="ptolemy.util.test.junit.AutoTests" name="[76] /home/travis/build/icyphy/ptII/ptolemy/actor/lib/test/auto/ComputeHistogram.xml (RunModel)" time="0.083" />
  <testcase classname="ptolemy.util.test.junit.AutoTests" name="[77] /home/travis/build/icyphy/ptII/ptolemy/actor/lib/test/auto/ConfigurationSelect.xml (RunModel)" time="0.026" />
  <testcase classname="ptolemy.util.test.junit.AutoTests" name="[78] /home/travis/build/icyphy/ptII/ptolemy/actor/lib/test/auto/ConfigurationSelect2.xml (RunModel)" time="0.017" />
  <testcase classname="ptolemy.util.test.junit.AutoTests" name="[79] /home/travis/build/icyphy/ptII/ptolemy/actor/lib/test/auto/ConfigurationSwitch.xml (RunModel)" time="0.028" />
  <testcase classname="ptolemy.util.test.junit.AutoTests" name="[80] /home/travis/build/icyphy/ptII/ptolemy/actor/lib/test/auto/ConfigurationSwitch2.xml (RunModel)" time="0.03" />
  <testcase classname="ptolemy.util.test.junit.AutoTests" name="[81] /home/travis/build/icyphy/ptII/ptolemy/actor/lib/test/auto/ConfigurationSwitchCloningBugWithClassRelationGroup.xml (RunModel)" time="0.023" />
  <testcase classname="ptolemy.util.test.junit.AutoTests" name="[82] /home/travis/build/icyphy/ptII/ptolemy/actor/lib/test/auto/ConfigurationSwitchSelectSDF.xml (RunModel)" time="0.018" />
  <testcase classname="ptolemy.util.test.junit.AutoTests" name="[83] /home/travis/build/icyphy/ptII/ptolemy/actor/lib/test/auto/ConfigurationSwitchSelectSDF2.xml (RunModel)" time="0.018" />
  <testcase classname="ptolemy.util.test.junit.AutoTests" name="[84] /home/travis/build/icyphy/ptII/ptolemy/actor/lib/test/auto/Const.xml (RunModel)" time="0.007" />
  <testcase classname="ptolemy.util.test.junit.AutoTests" name="[85] /home/travis/build/icyphy/ptII/ptolemy/actor/lib/test/auto/Const2.xml (RunModel)" time="0.011" />
  <testcase classname="ptolemy.util.test.junit.AutoTests" name="[86] /home/travis/build/icyphy/ptII/ptolemy/actor/lib/test/auto/Const3.xml (RunModel)" time="0.01" />
  <testcase classname="ptolemy.util.test.junit.AutoTests" name="[87] /home/travis/build/icyphy/ptII/ptolemy/actor/lib/test/auto/ConstantPublisherPort1.xml (RunModel)" time="0.038" />
  <testcase classname="ptolemy.util.test.junit.AutoTests" name="[88] /home/travis/build/icyphy/ptII/ptolemy/actor/lib/test/auto/ConstantPublisherPort2.xml (RunModel)" time="0.032" />
  <testcase classname="ptolemy.util.test.junit.AutoTests" name="[89] /home/travis/build/icyphy/ptII/ptolemy/actor/lib/test/auto/ConstantPublisherPort3.xml (RunModel)" time="0.026" />
  <testcase classname="ptolemy.util.test.junit.AutoTests" name="[90] /home/travis/build/icyphy/ptII/ptolemy/actor/lib/test/auto/ConstantPublisherPort4.xml (RunModel)" time="0.018" />
  <testcase classname="ptolemy.util.test.junit.AutoTests" name="[91] /home/travis/build/icyphy/ptII/ptolemy/actor/lib/test/auto/ConstantPublisherPort5.xml (RunModel)" time="0.052" />
  <testcase classname="ptolemy.util.test.junit.AutoTests" name="[92] /home/travis/build/icyphy/ptII/ptolemy/actor/lib/test/auto/ConstantPublisherPort6.xml (RunModel)" time="0.041" />
  <testcase classname="ptolemy.util.test.junit.AutoTests" name="[93] /home/travis/build/icyphy/ptII/ptolemy/actor/lib/test/auto/ConstantPublisherPort7.xml (RunModel)" time="0.034" />
  <testcase classname="ptolemy.util.test.junit.AutoTests" name="[94] /home/travis/build/icyphy/ptII/ptolemy/actor/lib/test/auto/ConstraintMonitor1.xml (RunModel)" time="0.048" />
  <testcase classname="ptolemy.util.test.junit.AutoTests" name="[95] /home/travis/build/icyphy/ptII/ptolemy/actor/lib/test/auto/ConstraintMonitor2.xml (RunModel)" time="0.018" />
  <testcase classname="ptolemy.util.test.junit.AutoTests" name="[96] /home/travis/build/icyphy/ptII/ptolemy/actor/lib/test/auto/ConstraintMonitor3.xml (RunModel)" time="0.027" />
  <testcase classname="ptolemy.util.test.junit.AutoTests" name="[97] /home/travis/build/icyphy/ptII/ptolemy/actor/lib/test/auto/ConstraintMonitor4.xml (RunModel)" time="0.012" />
  <testcase classname="ptolemy.util.test.junit.AutoTests" name="[98] /home/travis/build/icyphy/ptII/ptolemy/actor/lib/test/auto/ConstraintMonitor5.xml (RunModel)" time="0.018" />
  <testcase classname="ptolemy.util.test.junit.AutoTests" name="[99] /home/travis/build/icyphy/ptII/ptolemy/actor/lib/test/auto/ConstraintMonitor6.xml (RunModel)" time="0.02" />
  <testcase classname="ptolemy.util.test.junit.AutoTests" name="[100] /home/travis/build/icyphy/ptII/ptolemy/actor/lib/test/auto/ConstraintMonitor7.xml (RunModel)" time="0.021" />
  <testcase classname="ptolemy.util.test.junit.AutoTests" name="[101] /home/travis/build/icyphy/ptII/ptolemy/actor/lib/test/auto/ConstraintMonitor8.xml (RunModel)" time="0.022" />
  <testcase classname="ptolemy.util.test.junit.AutoTests" name="[102] /home/travis/build/icyphy/ptII/ptolemy/actor/lib/test/auto/Counter.xml (RunModel)" time="0.019" />
  <testcase classname="ptolemy.util.test.junit.AutoTests" name="[103] /home/travis/build/icyphy/ptII/ptolemy/actor/lib/test/auto/CurrentTimeSDF.xml (RunModel)" time="0.01" />
  <testcase classname="ptolemy.util.test.junit.AutoTests" name="[104] /home/travis/build/icyphy/ptII/ptolemy/actor/lib/test/auto/DB.xml (RunModel)" time="0.015" />
  <testcase classname="ptolemy.util.test.junit.AutoTests" name="[105] /home/travis/build/icyphy/ptII/ptolemy/actor/lib/test/auto/DBDE.xml (RunModel)" time="0.013" />
  <testcase classname="ptolemy.util.test.junit.AutoTests" name="[106] /home/travis/build/icyphy/ptII/ptolemy/actor/lib/test/auto/DateConstructor.xml (RunModel)" time="0.085" />
  <testcase classname="ptolemy.util.test.junit.AutoTests" name="[107] /home/travis/build/icyphy/ptII/ptolemy/actor/lib/test/auto/DelayTime.xml (RunModel)" time="0.021" />
  <testcase classname="ptolemy.util.test.junit.AutoTests" name="[108] /home/travis/build/icyphy/ptII/ptolemy/actor/lib/test/auto/Dictionary1.xml (RunModel)" time="0.029" />
  <testcase classname="ptolemy.util.test.junit.AutoTests" name="[109] /home/travis/build/icyphy/ptII/ptolemy/actor/lib/test/auto/Dictionary2.xml (RunModel)" time="0.02" />
  <testcase classname="ptolemy.util.test.junit.AutoTests" name="[110] /home/travis/build/icyphy/ptII/ptolemy/actor/lib/test/auto/Dictionary3.xml (RunModel)" time="0.015" />
  <testcase classname="ptolemy.util.test.junit.AutoTests" name="[111] /home/travis/build/icyphy/ptII/ptolemy/actor/lib/test/auto/Dictionary4.xml (RunModel)" time="0.021" />
  <testcase classname="ptolemy.util.test.junit.AutoTests" name="[112] /home/travis/build/icyphy/ptII/ptolemy/actor/lib/test/auto/Differential.xml (RunModel)" time="0.014" />
  <testcase classname="ptolemy.util.test.junit.AutoTests" name="[113] /home/travis/build/icyphy/ptII/ptolemy/actor/lib/test/auto/Director.xml (RunModel)" time="0.027" />
  <testcase classname="ptolemy.util.test.junit.AutoTests" name="[114] /home/travis/build/icyphy/ptII/ptolemy/actor/lib/test/auto/DiscreteClock.xml (RunModel)" time="0.011" />
  <testcase classname="ptolemy.util.test.junit.AutoTests" name="[115] /home/travis/build/icyphy/ptII/ptolemy/actor/lib/test/auto/DiscreteClock10.xml (RunModel)" time="0.015" />
  <testcase classname="ptolemy.util.test.junit.AutoTests" name="[116] /home/travis/build/icyphy/ptII/ptolemy/actor/lib/test/auto/DiscreteClock11.xml (RunModel)" time="0.013" />
  <testcase classname="ptolemy.util.test.junit.AutoTests" name="[117] /home/travis/build/icyphy/ptII/ptolemy/actor/lib/test/auto/DiscreteClock12.xml (RunModel)" time="0.014" />
  <testcase classname="ptolemy.util.test.junit.AutoTests" name="[118] /home/travis/build/icyphy/ptII/ptolemy/actor/lib/test/auto/DiscreteClock13.xml (RunModel)" time="0.017" />
  <testcase classname="ptolemy.util.test.junit.AutoTests" name="[119] /home/travis/build/icyphy/ptII/ptolemy/actor/lib/test/auto/DiscreteClock14.xml (RunModel)" time="0.018" />
  <testcase classname="ptolemy.util.test.junit.AutoTests" name="[120] /home/travis/build/icyphy/ptII/ptolemy/actor/lib/test/auto/DiscreteClock15.xml (RunModel)" time="0.018" />
  <testcase classname="ptolemy.util.test.junit.AutoTests" name="[121] /home/travis/build/icyphy/ptII/ptolemy/actor/lib/test/auto/DiscreteClock16.xml (RunModel)" time="0.048" />
  <testcase classname="ptolemy.util.test.junit.AutoTests" name="[122] /home/travis/build/icyphy/ptII/ptolemy/actor/lib/test/auto/DiscreteClock17.xml (RunModel)" time="0.049" />
  <testcase classname="ptolemy.util.test.junit.AutoTests" name="[123] /home/travis/build/icyphy/ptII/ptolemy/actor/lib/test/auto/DiscreteClock18.xml (RunModel)" time="0.049" />
  <testcase classname="ptolemy.util.test.junit.AutoTests" name="[124] /home/travis/build/icyphy/ptII/ptolemy/actor/lib/test/auto/DiscreteClock19.xml (RunModel)" time="0.052" />
  <testcase classname="ptolemy.util.test.junit.AutoTests" name="[125] /home/travis/build/icyphy/ptII/ptolemy/actor/lib/test/auto/DiscreteClock2.xml (RunModel)" time="0.016" />
  <testcase classname="ptolemy.util.test.junit.AutoTests" name="[126] /home/travis/build/icyphy/ptII/ptolemy/actor/lib/test/auto/DiscreteClock20.xml (RunModel)" time="0.017" />
  <testcase classname="ptolemy.util.test.junit.AutoTests" name="[127] /home/travis/build/icyphy/ptII/ptolemy/actor/lib/test/auto/DiscreteClock21.xml (RunModel)" time="0.019" />
  <testcase classname="ptolemy.util.test.junit.AutoTests" name="[128] /home/travis/build/icyphy/ptII/ptolemy/actor/lib/test/auto/DiscreteClock22.xml (RunModel)" time="0.017" />
  <testcase classname="ptolemy.util.test.junit.AutoTests" name="[129] /home/travis/build/icyphy/ptII/ptolemy/actor/lib/test/auto/DiscreteClock23.xml (RunModel)" time="0.022" />
  <testcase classname="ptolemy.util.test.junit.AutoTests" name="[130] /home/travis/build/icyphy/ptII/ptolemy/actor/lib/test/auto/DiscreteClock24.xml (RunModel)" time="0.014" />
  <testcase classname="ptolemy.util.test.junit.AutoTests" name="[131] /home/travis/build/icyphy/ptII/ptolemy/actor/lib/test/auto/DiscreteClock4.xml (RunModel)" time="0.012" />
  <testcase classname="ptolemy.util.test.junit.AutoTests" name="[132] /home/travis/build/icyphy/ptII/ptolemy/actor/lib/test/auto/DiscreteClock5.xml (RunModel)" time="0.01" />
  <testcase classname="ptolemy.util.test.junit.AutoTests" name="[133] /home/travis/build/icyphy/ptII/ptolemy/actor/lib/test/auto/DiscreteClock6.xml (RunModel)" time="0.012" />
  <testcase classname="ptolemy.util.test.junit.AutoTests" name="[134] /home/travis/build/icyphy/ptII/ptolemy/actor/lib/test/auto/DiscreteClock7.xml (RunModel)" time="0.012" />
  <testcase classname="ptolemy.util.test.junit.AutoTests" name="[135] /home/travis/build/icyphy/ptII/ptolemy/actor/lib/test/auto/DiscreteClock8.xml (RunModel)" time="0.032" />
  <testcase classname="ptolemy.util.test.junit.AutoTests" name="[136] /home/travis/build/icyphy/ptII/ptolemy/actor/lib/test/auto/DiscreteClock9.xml (RunModel)" time="0.016" />
  <testcase classname="ptolemy.util.test.junit.AutoTests" name="[137] /home/travis/build/icyphy/ptII/ptolemy/actor/lib/test/auto/DisplayArray.xml (RunModel)" time="0.01" />
  <testcase classname="ptolemy.util.test.junit.AutoTests" name="[138] /home/travis/build/icyphy/ptII/ptolemy/actor/lib/test/auto/Distributor.xml (RunModel)" time="0.009" />
  <testcase classname="ptolemy.util.test.junit.AutoTests" name="[139] /home/travis/build/icyphy/ptII/ptolemy/actor/lib/test/auto/Distributor2.xml (RunModel)" time="0.01" />
  <testcase classname="ptolemy.util.test.junit.AutoTests" name="[140] /home/travis/build/icyphy/ptII/ptolemy/actor/lib/test/auto/DownSample.xml (RunModel)" time="0.009" />
  <testcase classname="ptolemy.util.test.junit.AutoTests" name="[141] /home/travis/build/icyphy/ptII/ptolemy/actor/lib/test/auto/ElectronicUnitBase1.xml (RunModel)" time="0.065" />
  <testcase classname="ptolemy.util.test.junit.AutoTests" name="[142] /home/travis/build/icyphy/ptII/ptolemy/actor/lib/test/auto/ElementsToArray.xml (RunModel)" time="0.011" />
  <testcase classname="ptolemy.util.test.junit.AutoTests" name="[143] /home/travis/build/icyphy/ptII/ptolemy/actor/lib/test/auto/Equals.xml (RunModel)" time="0.015" />
  <testcase classname="ptolemy.util.test.junit.AutoTests" name="[144] /home/travis/build/icyphy/ptII/ptolemy/actor/lib/test/auto/Exec.xml (RunModel)" time="0.033" />
  <testcase classname="ptolemy.util.test.junit.AutoTests" name="[145] /home/travis/build/icyphy/ptII/ptolemy/actor/lib/test/auto/ExecEnvironment.xml (RunModel)" time="0.044" />
  <testcase classname="ptolemy.util.test.junit.AutoTests" name="[146] /home/travis/build/icyphy/ptII/ptolemy/actor/lib/test/auto/ExecNonZeroReturnOutput.xml (RunModel)" time="0.222" />
  <testcase classname="ptolemy.util.test.junit.AutoTests" name="[147] /home/travis/build/icyphy/ptII/ptolemy/actor/lib/test/auto/ExecRunDemos.xml (RunModel)" time="11.303" />
  <testcase classname="ptolemy.util.test.junit.AutoTests" name="[148] /home/travis/build/icyphy/ptII/ptolemy/actor/lib/test/auto/ExecStop.xml (RunModel)" time="5.045" />
  <testcase classname="ptolemy.util.test.junit.AutoTests" name="[149] /home/travis/build/icyphy/ptII/ptolemy/actor/lib/test/auto/ExecutionTimeSDF.xml (RunModel)" time="6.043" />
  <testcase classname="ptolemy.util.test.junit.AutoTests" name="[150] /home/travis/build/icyphy/ptII/ptolemy/actor/lib/test/auto/Expression1.xml (RunModel)" time="0.017" />
  <testcase classname="ptolemy.util.test.junit.AutoTests" name="[151] /home/travis/build/icyphy/ptII/ptolemy/actor/lib/test/auto/Expression10.xml (RunModel)" time="0.034" />
  <testcase classname="ptolemy.util.test.junit.AutoTests" name="[152] /home/travis/build/icyphy/ptII/ptolemy/actor/lib/test/auto/Expression11.xml (RunModel)" time="0.013" />
  <testcase classname="ptolemy.util.test.junit.AutoTests" name="[153] /home/travis/build/icyphy/ptII/ptolemy/actor/lib/test/auto/Expression12.xml (RunModel)" time="0.014" />
  <testcase classname="ptolemy.util.test.junit.AutoTests" name="[154] /home/travis/build/icyphy/ptII/ptolemy/actor/lib/test/auto/Expression13.xml (RunModel)" time="0.012" />
  <testcase classname="ptolemy.util.test.junit.AutoTests" name="[155] /home/travis/build/icyphy/ptII/ptolemy/actor/lib/test/auto/Expression14.xml (RunModel)" time="0.02" />
  <testcase classname="ptolemy.util.test.junit.AutoTests" name="[156] /home/travis/build/icyphy/ptII/ptolemy/actor/lib/test/auto/Expression15.xml (RunModel)" time="0.009" />
  <testcase classname="ptolemy.util.test.junit.AutoTests" name="[157] /home/travis/build/icyphy/ptII/ptolemy/actor/lib/test/auto/Expression16.xml (RunModel)" time="0.012" />
  <testcase classname="ptolemy.util.test.junit.AutoTests" name="[158] /home/travis/build/icyphy/ptII/ptolemy/actor/lib/test/auto/Expression17.xml (RunModel)" time="0.01" />
  <testcase classname="ptolemy.util.test.junit.AutoTests" name="[159] /home/travis/build/icyphy/ptII/ptolemy/actor/lib/test/auto/Expression18.xml (RunModel)" time="0.015" />
  <testcase classname="ptolemy.util.test.junit.AutoTests" name="[160] /home/travis/build/icyphy/ptII/ptolemy/actor/lib/test/auto/Expression2.xml (RunModel)" time="0.012" />
  <testcase classname="ptolemy.util.test.junit.AutoTests" name="[161] /home/travis/build/icyphy/ptII/ptolemy/actor/lib/test/auto/Expression3.xml (RunModel)" time="0.014" />
  <testcase classname="ptolemy.util.test.junit.AutoTests" name="[162] /home/travis/build/icyphy/ptII/ptolemy/actor/lib/test/auto/Expression4.xml (RunModel)" time="0.019" />
  <testcase classname="ptolemy.util.test.junit.AutoTests" name="[163] /home/travis/build/icyphy/ptII/ptolemy/actor/lib/test/auto/Expression5.xml (RunModel)" time="0.017" />
  <testcase classname="ptolemy.util.test.junit.AutoTests" name="[164] /home/travis/build/icyphy/ptII/ptolemy/actor/lib/test/auto/Expression6.xml (RunModel)" time="0.01" />
  <testcase classname="ptolemy.util.test.junit.AutoTests" name="[165] /home/travis/build/icyphy/ptII/ptolemy/actor/lib/test/auto/Expression7.xml (RunModel)" time="0.02" />
  <testcase classname="ptolemy.util.test.junit.AutoTests" name="[166] /home/travis/build/icyphy/ptII/ptolemy/actor/lib/test/auto/Expression8.xml (RunModel)" time="0.017" />
  <testcase classname="ptolemy.util.test.junit.AutoTests" name="[167] /home/travis/build/icyphy/ptII/ptolemy/actor/lib/test/auto/Expression9.xml (RunModel)" time="0.009" />
  <testcase classname="ptolemy.util.test.junit.AutoTests" name="[168] /home/travis/build/icyphy/ptII/ptolemy/actor/lib/test/auto/ExpressionConcatenateArrayType.xml (RunModel)" time="0.03" />
  <testcase classname="ptolemy.util.test.junit.AutoTests" name="[169] /home/travis/build/icyphy/ptII/ptolemy/actor/lib/test/auto/ExpressionConcatenateArrayType2.xml (RunModel)" time="0.024" />
  <testcase classname="ptolemy.util.test.junit.AutoTests" name="[170] /home/travis/build/icyphy/ptII/ptolemy/actor/lib/test/auto/ExpressionFix.xml (RunModel)" time="0.053" />
  <testcase classname="ptolemy.util.test.junit.AutoTests" name="[171] /home/travis/build/icyphy/ptII/ptolemy/actor/lib/test/auto/ExpressionFix2.xml (RunModel)" time="0.022" />
  <testcase classname="ptolemy.util.test.junit.AutoTests" name="[172] /home/travis/build/icyphy/ptII/ptolemy/actor/lib/test/auto/ExpressionFix3.xml (RunModel)" time="0.013" />
  <testcase classname="ptolemy.util.test.junit.AutoTests" name="[173] /home/travis/build/icyphy/ptII/ptolemy/actor/lib/test/auto/FileWriter1.xml (RunModel)" time="0.009" />
  <testcase classname="ptolemy.util.test.junit.AutoTests" name="[174] /home/travis/build/icyphy/ptII/ptolemy/actor/lib/test/auto/FileWriter2.xml (RunModel)" time="0.015" />
  <testcase classname="ptolemy.util.test.junit.AutoTests" name="[175] /home/travis/build/icyphy/ptII/ptolemy/actor/lib/test/auto/FileWriter3.xml (RunModel)" time="0.011" />
  <testcase classname="ptolemy.util.test.junit.AutoTests" name="[176] /home/travis/build/icyphy/ptII/ptolemy/actor/lib/test/auto/Gaussian.xml (RunModel)" time="0.011" />
  <testcase classname="ptolemy.util.test.junit.AutoTests" name="[177] /home/travis/build/icyphy/ptII/ptolemy/actor/lib/test/auto/Gaussian1.xml (RunModel)" time="0.022" />
  <testcase classname="ptolemy.util.test.junit.AutoTests" name="[178] /home/travis/build/icyphy/ptII/ptolemy/actor/lib/test/auto/Gaussian2.xml (RunModel)" time="0.021" />
  <testcase classname="ptolemy.util.test.junit.AutoTests" name="[179] /home/travis/build/icyphy/ptII/ptolemy/actor/lib/test/auto/GradientAdaptiveLattice.xml (RunModel)" time="0.018" />
  <testcase classname="ptolemy.util.test.junit.AutoTests" name="[180] /home/travis/build/icyphy/ptII/ptolemy/actor/lib/test/auto/IIR.xml (RunModel)" time="0.013" />
  <testcase classname="ptolemy.util.test.junit.AutoTests" name="[181] /home/travis/build/icyphy/ptII/ptolemy/actor/lib/test/auto/InputOutputTransparentPorts.xml (RunModel)" time="0.02" />
  <testcase classname="ptolemy.util.test.junit.AutoTests" name="[182] /home/travis/build/icyphy/ptII/ptolemy/actor/lib/test/auto/Interpolator.xml (RunModel)" time="0.015" />
  <testcase classname="ptolemy.util.test.junit.AutoTests" name="[183] /home/travis/build/icyphy/ptII/ptolemy/actor/lib/test/auto/InterpolatorFiringLimitDE.xml (RunModel)" time="0.02" />
  <testcase classname="ptolemy.util.test.junit.AutoTests" name="[184] /home/travis/build/icyphy/ptII/ptolemy/actor/lib/test/auto/Lattice.xml (RunModel)" time="0.009" />
  <testcase classname="ptolemy.util.test.junit.AutoTests" name="[185] /home/travis/build/icyphy/ptII/ptolemy/actor/lib/test/auto/LazyAOCTestLazy.xml (RunModel)" time="0.032" />
  <testcase classname="ptolemy.util.test.junit.AutoTests" name="[186] /home/travis/build/icyphy/ptII/ptolemy/actor/lib/test/auto/LazyAOCTestNonLazy.xml (RunModel)" time="0.05" />
  <testcase classname="ptolemy.util.test.junit.AutoTests" name="[187] /home/travis/build/icyphy/ptII/ptolemy/actor/lib/test/auto/LazyInnerClass.xml (RunModel)" time="0.02" />
  <testcase classname="ptolemy.util.test.junit.AutoTests" name="[188] /home/travis/build/icyphy/ptII/ptolemy/actor/lib/test/auto/LazyPubSub.xml (RunModel)" time="0.027" />
  <testcase classname="ptolemy.util.test.junit.AutoTests" name="[189] /home/travis/build/icyphy/ptII/ptolemy/actor/lib/test/auto/LazyPubSub2.xml (RunModel)" time="0.082" />
  <testcase classname="ptolemy.util.test.junit.AutoTests" name="[190] /home/travis/build/icyphy/ptII/ptolemy/actor/lib/test/auto/LazyPubSub3.xml (RunModel)" time="0.06" />
  <testcase classname="ptolemy.util.test.junit.AutoTests" name="[191] /home/travis/build/icyphy/ptII/ptolemy/actor/lib/test/auto/LazySubClassModel.xml (RunModel)" time="0.054" />
  <testcase classname="ptolemy.util.test.junit.AutoTests" name="[192] /home/travis/build/icyphy/ptII/ptolemy/actor/lib/test/auto/LevelCrossTest1.xml (RunModel)" time="0.011" />
  <testcase classname="ptolemy.util.test.junit.AutoTests" name="[193] /home/travis/build/icyphy/ptII/ptolemy/actor/lib/test/auto/LevelCrossTest10.xml (RunModel)" time="0.016" />
  <testcase classname="ptolemy.util.test.junit.AutoTests" name="[194] /home/travis/build/icyphy/ptII/ptolemy/actor/lib/test/auto/LevelCrossTest11.xml (RunModel)" time="0.017" />
  <testcase classname="ptolemy.util.test.junit.AutoTests" name="[195] /home/travis/build/icyphy/ptII/ptolemy/actor/lib/test/auto/LevelCrossTest12.xml (RunModel)" time="0.02" />
  <testcase classname="ptolemy.util.test.junit.AutoTests" name="[196] /home/travis/build/icyphy/ptII/ptolemy/actor/lib/test/auto/LevelCrossTest13.xml (RunModel)" time="0.016" />
  <testcase classname="ptolemy.util.test.junit.AutoTests" name="[197] /home/travis/build/icyphy/ptII/ptolemy/actor/lib/test/auto/LevelCrossTest2.xml (RunModel)" time="0.012" />
  <testcase classname="ptolemy.util.test.junit.AutoTests" name="[198] /home/travis/build/icyphy/ptII/ptolemy/actor/lib/test/auto/LevelCrossTest3.xml (RunModel)" time="0.014" />
  <testcase classname="ptolemy.util.test.junit.AutoTests" name="[199] /home/travis/build/icyphy/ptII/ptolemy/actor/lib/test/auto/LevelCrossTest4.xml (RunModel)" time="0.013" />
  <testcase classname="ptolemy.util.test.junit.AutoTests" name="[200] /home/travis/build/icyphy/ptII/ptolemy/actor/lib/test/auto/LevelCrossTest5.xml (RunModel)" time="0.019" />
  <testcase classname="ptolemy.util.test.junit.AutoTests" name="[201] /home/travis/build/icyphy/ptII/ptolemy/actor/lib/test/auto/LevelCrossTest6.xml (RunModel)" time="0.023" />
  <testcase classname="ptolemy.util.test.junit.AutoTests" name="[202] /home/travis/build/icyphy/ptII/ptolemy/actor/lib/test/auto/LevelCrossTest7.xml (RunModel)" time="0.016" />
  <testcase classname="ptolemy.util.test.junit.AutoTests" name="[203] /home/travis/build/icyphy/ptII/ptolemy/actor/lib/test/auto/LevelCrossTest8.xml (RunModel)" time="0.016" />
  <testcase classname="ptolemy.util.test.junit.AutoTests" name="[204] /home/travis/build/icyphy/ptII/ptolemy/actor/lib/test/auto/LevelCrossTest9.xml (RunModel)" time="0.015" />
  <testcase classname="ptolemy.util.test.junit.AutoTests" name="[205] /home/travis/build/icyphy/ptII/ptolemy/actor/lib/test/auto/LevinsonDurbin.xml (RunModel)" time="0.019" />
  <testcase classname="ptolemy.util.test.junit.AutoTests" name="[206] /home/travis/build/icyphy/ptII/ptolemy/actor/lib/test/auto/LevinsonDurbin2.xml (RunModel)" time="0.011" />
  <testcase classname="ptolemy.util.test.junit.AutoTests" name="[207] /home/travis/build/icyphy/ptII/ptolemy/actor/lib/test/auto/LevinsonDurbin3.xml (RunModel)" time="0.011" />
  <testcase classname="ptolemy.util.test.junit.AutoTests" name="[208] /home/travis/build/icyphy/ptII/ptolemy/actor/lib/test/auto/Limiter.xml (RunModel)" time="0.048" />
  <testcase classname="ptolemy.util.test.junit.AutoTests" name="[209] /home/travis/build/icyphy/ptII/ptolemy/actor/lib/test/auto/LinearDifferenceEquationSystem.xml (RunModel)" time="0.033" />
  <testcase classname="ptolemy.util.test.junit.AutoTests" name="[210] /home/travis/build/icyphy/ptII/ptolemy/actor/lib/test/auto/LookupTable.xml (RunModel)" time="0.022" />
  <testcase classname="ptolemy.util.test.junit.AutoTests" name="[211] /home/travis/build/icyphy/ptII/ptolemy/actor/lib/test/auto/MathFunction.xml (RunModel)" time="0.021" />
  <testcase classname="ptolemy.util.test.junit.AutoTests" name="[212] /home/travis/build/icyphy/ptII/ptolemy/actor/lib/test/auto/MathFunction2.xml (RunModel)" time="0.01" />
  <testcase classname="ptolemy.util.test.junit.AutoTests" name="[213] /home/travis/build/icyphy/ptII/ptolemy/actor/lib/test/auto/MathFunction3.xml (RunModel)" time="0.017" />
  <testcase classname="ptolemy.util.test.junit.AutoTests" name="[214] /home/travis/build/icyphy/ptII/ptolemy/actor/lib/test/auto/MatrixCropBoolean.xml (RunModel)" time="0.015" />
  <testcase classname="ptolemy.util.test.junit.AutoTests" name="[215] /home/travis/build/icyphy/ptII/ptolemy/actor/lib/test/auto/MatrixCropComplex.xml (RunModel)" time="0.01" />
  <testcase classname="ptolemy.util.test.junit.AutoTests" name="[216] /home/travis/build/icyphy/ptII/ptolemy/actor/lib/test/auto/MatrixCropDouble.xml (RunModel)" time="0.008" />
  <testcase classname="ptolemy.util.test.junit.AutoTests" name="[217] /home/travis/build/icyphy/ptII/ptolemy/actor/lib/test/auto/MatrixCropFix.xml (RunModel)" time="0.014" />
  <testcase classname="ptolemy.util.test.junit.AutoTests" name="[218] /home/travis/build/icyphy/ptII/ptolemy/actor/lib/test/auto/MatrixCropInt.xml (RunModel)" time="0.009" />
  <testcase classname="ptolemy.util.test.junit.AutoTests" name="[219] /home/travis/build/icyphy/ptII/ptolemy/actor/lib/test/auto/MatrixCropLong.xml (RunModel)" time="0.01" />
  <testcase classname="ptolemy.util.test.junit.AutoTests" name="[220] /home/travis/build/icyphy/ptII/ptolemy/actor/lib/test/auto/MatrixToArray.xml (RunModel)" time="0.054" />
  <testcase classname="ptolemy.util.test.junit.AutoTests" name="[221] /home/travis/build/icyphy/ptII/ptolemy/actor/lib/test/auto/MaxIndex.xml (RunModel)" time="0.012" />
  <testcase classname="ptolemy.util.test.junit.AutoTests" name="[222] /home/travis/build/icyphy/ptII/ptolemy/actor/lib/test/auto/Maximum.xml (RunModel)" time="0.041" />
  <testcase classname="ptolemy.util.test.junit.AutoTests" name="[223] /home/travis/build/icyphy/ptII/ptolemy/actor/lib/test/auto/MaximumComplex.xml (RunModel)" time="0.019" />
  <testcase classname="ptolemy.util.test.junit.AutoTests" name="[224] /home/travis/build/icyphy/ptII/ptolemy/actor/lib/test/auto/MethodCallTest.xml (RunModel)" time="0.029" />
  <testcase classname="ptolemy.util.test.junit.AutoTests" name="[225] /home/travis/build/icyphy/ptII/ptolemy/actor/lib/test/auto/Minimum.xml (RunModel)" time="0.018" />
  <testcase classname="ptolemy.util.test.junit.AutoTests" name="[226] /home/travis/build/icyphy/ptII/ptolemy/actor/lib/test/auto/MinimumComplex.xml (RunModel)" time="0.033" />
  <testcase classname="ptolemy.util.test.junit.AutoTests" name="[227] /home/travis/build/icyphy/ptII/ptolemy/actor/lib/test/auto/MinimumMultiports.xml (RunModel)" time="0.023" />
  <testcase classname="ptolemy.util.test.junit.AutoTests" name="[228] /home/travis/build/icyphy/ptII/ptolemy/actor/lib/test/auto/ModifyDate.xml (RunModel)" time="0.057" />
  <testcase classname="ptolemy.util.test.junit.AutoTests" name="[229] /home/travis/build/icyphy/ptII/ptolemy/actor/lib/test/auto/ModifyDate2.xml (RunModel)" time="0.031" />
  <testcase classname="ptolemy.util.test.junit.AutoTests" name="[230] /home/travis/build/icyphy/ptII/ptolemy/actor/lib/test/auto/MovingAverage.xml (RunModel)" time="0.012" />
  <testcase classname="ptolemy.util.test.junit.AutoTests" name="[231] /home/travis/build/icyphy/ptII/ptolemy/actor/lib/test/auto/MovingMaximum.xml (RunModel)" time="0.011" />
  <testcase classname="ptolemy.util.test.junit.AutoTests" name="[232] /home/travis/build/icyphy/ptII/ptolemy/actor/lib/test/auto/MultipleLinksToSameRelation.xml (RunModel)" time="0.011" />
  <testcase classname="ptolemy.util.test.junit.AutoTests" name="[233] /home/travis/build/icyphy/ptII/ptolemy/actor/lib/test/auto/MultipleLinksToSameRelationDE.xml (RunModel)" time="0.008" />
  <testcase classname="ptolemy.util.test.junit.AutoTests" name="[234] /home/travis/build/icyphy/ptII/ptolemy/actor/lib/test/auto/Multiplexor.xml (RunModel)" time="0.019" />
  <testcase classname="ptolemy.util.test.junit.AutoTests" name="[235] /home/travis/build/icyphy/ptII/ptolemy/actor/lib/test/auto/Multiplexor1.xml (RunModel)" time="0.011" />
  <testcase classname="ptolemy.util.test.junit.AutoTests" name="[236] /home/travis/build/icyphy/ptII/ptolemy/actor/lib/test/auto/Multiplexor2.xml (RunModel)" time="0.015" />
  <testcase classname="ptolemy.util.test.junit.AutoTests" name="[237] /home/travis/build/icyphy/ptII/ptolemy/actor/lib/test/auto/Multiplexor3.xml (RunModel)" time="0.008" />
  <testcase classname="ptolemy.util.test.junit.AutoTests" name="[238] /home/travis/build/icyphy/ptII/ptolemy/actor/lib/test/auto/MultiplexorDE.xml (RunModel)" time="0.018" />
  <testcase classname="ptolemy.util.test.junit.AutoTests" name="[239] /home/travis/build/icyphy/ptII/ptolemy/actor/lib/test/auto/MultiportBroadcastTest.xml (RunModel)" time="0.093" />
  <testcase classname="ptolemy.util.test.junit.AutoTests" name="[240] /home/travis/build/icyphy/ptII/ptolemy/actor/lib/test/auto/MultiportOutHangDuringGetWidth.xml (RunModel)" time="0.03" />
  <testcase classname="ptolemy.util.test.junit.AutoTests" name="[241] /home/travis/build/icyphy/ptII/ptolemy/actor/lib/test/auto/NilToken.xml (RunModel)" time="0.012" />
  <testcase classname="ptolemy.util.test.junit.AutoTests" name="[242] /home/travis/build/icyphy/ptII/ptolemy/actor/lib/test/auto/NilTokenNonStrictTest.xml (RunModel)" time="0.01" />
  <testcase classname="ptolemy.util.test.junit.AutoTests" name="[243] /home/travis/build/icyphy/ptII/ptolemy/actor/lib/test/auto/NilTokenRecord.xml (RunModel)" time="0.024" />
  <testcase classname="ptolemy.util.test.junit.AutoTests" name="[244] /home/travis/build/icyphy/ptII/ptolemy/actor/lib/test/auto/NilTokenTypeTest.xml (RunModel)" time="0.038" />
  <testcase classname="ptolemy.util.test.junit.AutoTests" name="[245] /home/travis/build/icyphy/ptII/ptolemy/actor/lib/test/auto/ObjectToken1.xml (RunModel)" time="0.011" />
  <testcase classname="ptolemy.util.test.junit.AutoTests" name="[246] /home/travis/build/icyphy/ptII/ptolemy/actor/lib/test/auto/OrderedMerge.xml (RunModel)" time="0.015" />
  <testcase classname="ptolemy.util.test.junit.AutoTests" name="[247] /home/travis/build/icyphy/ptII/ptolemy/actor/lib/test/auto/OrderedRecordDisassembler.xml (RunModel)" time="0.021" />
  <testcase classname="ptolemy.util.test.junit.AutoTests" name="[248] /home/travis/build/icyphy/ptII/ptolemy/actor/lib/test/auto/OrderedRecordDisassembler2.xml (RunModel)" time="0.023" />
  <testcase classname="ptolemy.util.test.junit.AutoTests" name="[249] /home/travis/build/icyphy/ptII/ptolemy/actor/lib/test/auto/OrderedRecordUpdater.xml (RunModel)" time="0.011" />
  <testcase classname="ptolemy.util.test.junit.AutoTests" name="[250] /home/travis/build/icyphy/ptII/ptolemy/actor/lib/test/auto/OrderedRecordUpdater2.xml (RunModel)" time="0.02" />
  <testcase classname="ptolemy.util.test.junit.AutoTests" name="[251] /home/travis/build/icyphy/ptII/ptolemy/actor/lib/test/auto/PhaseUnwrap.xml (RunModel)" time="0.016" />
  <testcase classname="ptolemy.util.test.junit.AutoTests" name="[252] /home/travis/build/icyphy/ptII/ptolemy/actor/lib/test/auto/PoissonClock.xml (RunModel)" time="0.011" />
  <testcase classname="ptolemy.util.test.junit.AutoTests" name="[253] /home/travis/build/icyphy/ptII/ptolemy/actor/lib/test/auto/PoissonClock2.xml (RunModel)" time="0.01" />
  <testcase classname="ptolemy.util.test.junit.AutoTests" name="[254] /home/travis/build/icyphy/ptII/ptolemy/actor/lib/test/auto/PoissonClock3.xml (RunModel)" time="0.03" />
  <testcase classname="ptolemy.util.test.junit.AutoTests" name="[255] /home/travis/build/icyphy/ptII/ptolemy/actor/lib/test/auto/PubSubWithInitialTokens.xml (RunModel)" time="0.019" />
  <testcase classname="ptolemy.util.test.junit.AutoTests" name="[256] /home/travis/build/icyphy/ptII/ptolemy/actor/lib/test/auto/PubSubWithInitialTokens2.xml (RunModel)" time="0.015" />
  <testcase classname="ptolemy.util.test.junit.AutoTests" name="[257] /home/travis/build/icyphy/ptII/ptolemy/actor/lib/test/auto/PublisherClassNoParameter.xml (RunModel)" time="0.025" />
  <testcase classname="ptolemy.util.test.junit.AutoTests" name="[258] /home/travis/build/icyphy/ptII/ptolemy/actor/lib/test/auto/PublisherClassParameter.xml (RunModel)" time="0.022" />
  <testcase classname="ptolemy.util.test.junit.AutoTests" name="[259] /home/travis/build/icyphy/ptII/ptolemy/actor/lib/test/auto/PublisherNonStrictTest.xml (RunModel)" time="0.015" />
  <testcase classname="ptolemy.util.test.junit.AutoTests" name="[260] /home/travis/build/icyphy/ptII/ptolemy/actor/lib/test/auto/PublisherPort1.xml (RunModel)" time="0.01" />
  <testcase classname="ptolemy.util.test.junit.AutoTests" name="[261] /home/travis/build/icyphy/ptII/ptolemy/actor/lib/test/auto/PublisherPort2.xml (RunModel)" time="0.014" />
  <testcase classname="ptolemy.util.test.junit.AutoTests" name="[262] /home/travis/build/icyphy/ptII/ptolemy/actor/lib/test/auto/PublisherPort3.xml (RunModel)" time="0.02" />
  <testcase classname="ptolemy.util.test.junit.AutoTests" name="[263] /home/travis/build/icyphy/ptII/ptolemy/actor/lib/test/auto/PublisherPort4.xml (RunModel)" time="0.025" />
  <testcase classname="ptolemy.util.test.junit.AutoTests" name="[264] /home/travis/build/icyphy/ptII/ptolemy/actor/lib/test/auto/PublisherPort5.xml (RunModel)" time="0.014" />
  <testcase classname="ptolemy.util.test.junit.AutoTests" name="[265] /home/travis/build/icyphy/ptII/ptolemy/actor/lib/test/auto/PublisherPort5LookAlike.xml (RunModel)" time="0.019" />
  <testcase classname="ptolemy.util.test.junit.AutoTests" name="[266] /home/travis/build/icyphy/ptII/ptolemy/actor/lib/test/auto/PublisherPort6.xml (RunModel)" time="0.012" />
  <testcase classname="ptolemy.util.test.junit.AutoTests" name="[267] /home/travis/build/icyphy/ptII/ptolemy/actor/lib/test/auto/PublisherPort7.xml (RunModel)" time="0.016" />
  <testcase classname="ptolemy.util.test.junit.AutoTests" name="[268] /home/travis/build/icyphy/ptII/ptolemy/actor/lib/test/auto/PublisherPort8.xml (RunModel)" time="0.017" />
  <testcase classname="ptolemy.util.test.junit.AutoTests" name="[269] /home/travis/build/icyphy/ptII/ptolemy/actor/lib/test/auto/PublisherPortSubscriberChannelVariablesAOC2.xml (RunModel)" time="0.039" />
  <testcase classname="ptolemy.util.test.junit.AutoTests" name="[270] /home/travis/build/icyphy/ptII/ptolemy/actor/lib/test/auto/PublisherPortSubscriberOpaqueWidthInference.xml (RunModel)" time="0.016" />
  <testcase classname="ptolemy.util.test.junit.AutoTests" name="[271] /home/travis/build/icyphy/ptII/ptolemy/actor/lib/test/auto/PublisherPortSubscriberPortAdjacent.xml (RunModel)" time="0.019" />
  <testcase classname="ptolemy.util.test.junit.AutoTests" name="[272] /home/travis/build/icyphy/ptII/ptolemy/actor/lib/test/auto/PublisherPortSubscriberPortExpression.xml (RunModel)" time="0.016" />
  <testcase classname="ptolemy.util.test.junit.AutoTests" name="[273] /home/travis/build/icyphy/ptII/ptolemy/actor/lib/test/auto/PublisherPortSubscriberPortOpaqueD3Reverse.xml (RunModel)" time="0.018" />
  <testcase classname="ptolemy.util.test.junit.AutoTests" name="[274] /home/travis/build/icyphy/ptII/ptolemy/actor/lib/test/auto/PublisherPortSubscriberPortOpaqueWidthInference.xml (RunModel)" time="0.014" />
  <testcase classname="ptolemy.util.test.junit.AutoTests" name="[275] /home/travis/build/icyphy/ptII/ptolemy/actor/lib/test/auto/PublisherPortToplevelSubscriberPortAOC.xml (RunModel)" time="0.01" />
  <testcase classname="ptolemy.util.test.junit.AutoTests" name="[276] /home/travis/build/icyphy/ptII/ptolemy/actor/lib/test/auto/PublisherSubscriber.xml (RunModel)" time="0.014" />
  <testcase classname="ptolemy.util.test.junit.AutoTests" name="[277] /home/travis/build/icyphy/ptII/ptolemy/actor/lib/test/auto/PublisherSubscriber10.xml (RunModel)" time="0.022" />
  <testcase classname="ptolemy.util.test.junit.AutoTests" name="[278] /home/travis/build/icyphy/ptII/ptolemy/actor/lib/test/auto/PublisherSubscriber10InitialOutputs.xml (RunModel)" time="0.034" />
  <testcase classname="ptolemy.util.test.junit.AutoTests" name="[279] /home/travis/build/icyphy/ptII/ptolemy/actor/lib/test/auto/PublisherSubscriber11.xml (RunModel)" time="0.017" />
  <testcase classname="ptolemy.util.test.junit.AutoTests" name="[280] /home/travis/build/icyphy/ptII/ptolemy/actor/lib/test/auto/PublisherSubscriber12.xml (RunModel)" time="0.015" />
  <testcase classname="ptolemy.util.test.junit.AutoTests" name="[281] /home/travis/build/icyphy/ptII/ptolemy/actor/lib/test/auto/PublisherSubscriber13.xml (RunModel)" time="0.01" />
  <testcase classname="ptolemy.util.test.junit.AutoTests" name="[282] /home/travis/build/icyphy/ptII/ptolemy/actor/lib/test/auto/PublisherSubscriber14.xml (RunModel)" time="0.024" />
  <testcase classname="ptolemy.util.test.junit.AutoTests" name="[283] /home/travis/build/icyphy/ptII/ptolemy/actor/lib/test/auto/PublisherSubscriber2.xml (RunModel)" time="0.011" />
  <testcase classname="ptolemy.util.test.junit.AutoTests" name="[284] /home/travis/build/icyphy/ptII/ptolemy/actor/lib/test/auto/PublisherSubscriber3.xml (RunModel)" time="0.01" />
  <testcase classname="ptolemy.util.test.junit.AutoTests" name="[285] /home/travis/build/icyphy/ptII/ptolemy/actor/lib/test/auto/PublisherSubscriber4.xml (RunModel)" time="0.01" />
  <testcase classname="ptolemy.util.test.junit.AutoTests" name="[286] /home/travis/build/icyphy/ptII/ptolemy/actor/lib/test/auto/PublisherSubscriber5.xml (RunModel)" time="0.013" />
  <testcase classname="ptolemy.util.test.junit.AutoTests" name="[287] /home/travis/build/icyphy/ptII/ptolemy/actor/lib/test/auto/PublisherSubscriber6.xml (RunModel)" time="0.019" />
  <testcase classname="ptolemy.util.test.junit.AutoTests" name="[288] /home/travis/build/icyphy/ptII/ptolemy/actor/lib/test/auto/PublisherSubscriber7.xml (RunModel)" time="0.019" />
  <testcase classname="ptolemy.util.test.junit.AutoTests" name="[289] /home/travis/build/icyphy/ptII/ptolemy/actor/lib/test/auto/PublisherSubscriber8.xml (RunModel)" time="0.034" />
  <testcase classname="ptolemy.util.test.junit.AutoTests" name="[290] /home/travis/build/icyphy/ptII/ptolemy/actor/lib/test/auto/PublisherSubscriber9.xml (RunModel)" time="0.02" />
  <testcase classname="ptolemy.util.test.junit.AutoTests" name="[291] /home/travis/build/icyphy/ptII/ptolemy/actor/lib/test/auto/PublisherSubscriberAdjacent.xml (RunModel)" time="0.025" />
  <testcase classname="ptolemy.util.test.junit.AutoTests" name="[292] /home/travis/build/icyphy/ptII/ptolemy/actor/lib/test/auto/PublisherSubscriberChannelVariablesAOC2.xml (RunModel)" time="0.032" />
  <testcase classname="ptolemy.util.test.junit.AutoTests" name="[293] /home/travis/build/icyphy/ptII/ptolemy/actor/lib/test/auto/PublisherSubscriberD3.xml (RunModel)" time="0.015" />
  <testcase classname="ptolemy.util.test.junit.AutoTests" name="[294] /home/travis/build/icyphy/ptII/ptolemy/actor/lib/test/auto/PublisherSubscriberD3Reverse.xml (RunModel)" time="0.011" />
  <testcase classname="ptolemy.util.test.junit.AutoTests" name="[295] /home/travis/build/icyphy/ptII/ptolemy/actor/lib/test/auto/PublisherSubscriberExpression.xml (RunModel)" time="0.018" />
  <testcase classname="ptolemy.util.test.junit.AutoTests" name="[296] /home/travis/build/icyphy/ptII/ptolemy/actor/lib/test/auto/PublisherSubscriberOpaque.xml (RunModel)" time="0.042" />
  <testcase classname="ptolemy.util.test.junit.AutoTests" name="[297] /home/travis/build/icyphy/ptII/ptolemy/actor/lib/test/auto/PublisherSubscriberOpaqueD3.xml (RunModel)" time="0.026" />
  <testcase classname="ptolemy.util.test.junit.AutoTests" name="[298] /home/travis/build/icyphy/ptII/ptolemy/actor/lib/test/auto/PublisherSubscriberOpaqueD3Reverse.xml (RunModel)" time="0.024" />
  <testcase classname="ptolemy.util.test.junit.AutoTests" name="[299] /home/travis/build/icyphy/ptII/ptolemy/actor/lib/test/auto/PublisherSubscriberOpaqueWidthInference.xml (RunModel)" time="0.02" />
  <testcase classname="ptolemy.util.test.junit.AutoTests" name="[300] /home/travis/build/icyphy/ptII/ptolemy/actor/lib/test/auto/PublisherTestSubscriber.xml (RunModel)" time="0.016" />
  <testcase classname="ptolemy.util.test.junit.AutoTests" name="[301] /home/travis/build/icyphy/ptII/ptolemy/actor/lib/test/auto/PublisherToplevelSubscriberPortAOC.xml (RunModel)" time="0.013" />
  <testcase classname="ptolemy.util.test.junit.AutoTests" name="[302] /home/travis/build/icyphy/ptII/ptolemy/actor/lib/test/auto/PulseFiringLimitDE.xml (RunModel)" time="0.016" />
  <testcase classname="ptolemy.util.test.junit.AutoTests" name="[303] /home/travis/build/icyphy/ptII/ptolemy/actor/lib/test/auto/Ramp1.xml (RunModel)" time="0.007" />
  <testcase classname="ptolemy.util.test.junit.AutoTests" name="[304] /home/travis/build/icyphy/ptII/ptolemy/actor/lib/test/auto/RampFiringLimitDE.xml (RunModel)" time="0.012" />
  <testcase classname="ptolemy.util.test.junit.AutoTests" name="[305] /home/travis/build/icyphy/ptII/ptolemy/actor/lib/test/auto/RampFiringLimitSDF.xml (RunModel)" time="0.01" />
  <testcase classname="ptolemy.util.test.junit.AutoTests" name="[306] /home/travis/build/icyphy/ptII/ptolemy/actor/lib/test/auto/RandomInteger.xml (RunModel)" time="0.01" />
  <testcase classname="ptolemy.util.test.junit.AutoTests" name="[307] /home/travis/build/icyphy/ptII/ptolemy/actor/lib/test/auto/ReadFile1.xml (RunModel)" time="0.009" />
  <testcase classname="ptolemy.util.test.junit.AutoTests" name="[308] /home/travis/build/icyphy/ptII/ptolemy/actor/lib/test/auto/ReadFile2.xml (RunModel)" time="0.007" />
  <testcase classname="ptolemy.util.test.junit.AutoTests" name="[309] /home/travis/build/icyphy/ptII/ptolemy/actor/lib/test/auto/Reader.xml (RunModel)" time="0.011" />
  <testcase classname="ptolemy.util.test.junit.AutoTests" name="[310] /home/travis/build/icyphy/ptII/ptolemy/actor/lib/test/auto/RecordAssemblerDisplayNameTest.xml (RunModel)" time="4.156" />
  <testcase classname="ptolemy.util.test.junit.AutoTests" name="[311] /home/travis/build/icyphy/ptII/ptolemy/actor/lib/test/auto/RecordAssemblerTypeError.xml (RunModel)" time="0.032" />
  <testcase classname="ptolemy.util.test.junit.AutoTests" name="[312] /home/travis/build/icyphy/ptII/ptolemy/actor/lib/test/auto/RecordDisassember.xml (RunModel)" time="0.01" />
  <testcase classname="ptolemy.util.test.junit.AutoTests" name="[313] /home/travis/build/icyphy/ptII/ptolemy/actor/lib/test/auto/RecordDisassemberDisplayNameTest.xml (RunModel)" time="0.017" />
  <testcase classname="ptolemy.util.test.junit.AutoTests" name="[314] /home/travis/build/icyphy/ptII/ptolemy/actor/lib/test/auto/RecordDisassembler.xml (RunModel)" time="0.007" />
  <testcase classname="ptolemy.util.test.junit.AutoTests" name="[315] /home/travis/build/icyphy/ptII/ptolemy/actor/lib/test/auto/RecordDisassembler2.xml (RunModel)" time="0.009" />
  <testcase classname="ptolemy.util.test.junit.AutoTests" name="[316] /home/travis/build/icyphy/ptII/ptolemy/actor/lib/test/auto/RecordUpdater.xml (RunModel)" time="0.008" />
  <testcase classname="ptolemy.util.test.junit.AutoTests" name="[317] /home/travis/build/icyphy/ptII/ptolemy/actor/lib/test/auto/RecordUpdater2.xml (RunModel)" time="0.007" />
  <testcase classname="ptolemy.util.test.junit.AutoTests" name="[318] /home/travis/build/icyphy/ptII/ptolemy/actor/lib/test/auto/RecursiveLattice.xml (RunModel)" time="0.009" />
  <testcase classname="ptolemy.util.test.junit.AutoTests" name="[319] /home/travis/build/icyphy/ptII/ptolemy/actor/lib/test/auto/Router.xml (RunModel)" time="3.023" />
  <testcase classname="ptolemy.util.test.junit.AutoTests" name="[320] /home/travis/build/icyphy/ptII/ptolemy/actor/lib/test/auto/Router2.xml (RunModel)" time="3.041" />
  <testcase classname="ptolemy.util.test.junit.AutoTests" name="[321] /home/travis/build/icyphy/ptII/ptolemy/actor/lib/test/auto/RunningMaximum.xml (RunModel)" time="0.025" />
  <testcase classname="ptolemy.util.test.junit.AutoTests" name="[322] /home/travis/build/icyphy/ptII/ptolemy/actor/lib/test/auto/RunningMinimum.xml (RunModel)" time="0.039" />
  <testcase classname="ptolemy.util.test.junit.AutoTests" name="[323] /home/travis/build/icyphy/ptII/ptolemy/actor/lib/test/auto/Scale.xml (RunModel)" time="0.028" />
  <testcase classname="ptolemy.util.test.junit.AutoTests" name="[324] /home/travis/build/icyphy/ptII/ptolemy/actor/lib/test/auto/Scale2.xml (RunModel)" time="0.036" />
  <testcase classname="ptolemy.util.test.junit.AutoTests" name="[325] /home/travis/build/icyphy/ptII/ptolemy/actor/lib/test/auto/Scale3.xml (RunModel)" time="0.047" />
  <testcase classname="ptolemy.util.test.junit.AutoTests" name="[326] /home/travis/build/icyphy/ptII/ptolemy/actor/lib/test/auto/ScaleArray.xml (RunModel)" time="0.029" />
  <testcase classname="ptolemy.util.test.junit.AutoTests" name="[327] /home/travis/build/icyphy/ptII/ptolemy/actor/lib/test/auto/ScaleArray2.xml (RunModel)" time="0.031" />
  <testcase classname="ptolemy.util.test.junit.AutoTests" name="[328] /home/travis/build/icyphy/ptII/ptolemy/actor/lib/test/auto/ScaleMatrix.xml (RunModel)" time="0.225" />
  <testcase classname="ptolemy.util.test.junit.AutoTests" name="[329] /home/travis/build/icyphy/ptII/ptolemy/actor/lib/test/auto/Select.xml (RunModel)" time="0.026" />
  <testcase classname="ptolemy.util.test.junit.AutoTests" name="[330] /home/travis/build/icyphy/ptII/ptolemy/actor/lib/test/auto/Select2.xml (RunModel)" time="0.008" />
  <testcase classname="ptolemy.util.test.junit.AutoTests" name="[331] /home/travis/build/icyphy/ptII/ptolemy/actor/lib/test/auto/SequenceToArray2.xml (RunModel)" time="0.156" />
  <testcase classname="ptolemy.util.test.junit.AutoTests" name="[332] /home/travis/build/icyphy/ptII/ptolemy/actor/lib/test/auto/SequentialClock.xml (RunModel)" time="0.009" />
  <testcase classname="ptolemy.util.test.junit.AutoTests" name="[333] /home/travis/build/icyphy/ptII/ptolemy/actor/lib/test/auto/SetVariable.xml (RunModel)" time="0.012" />
  <testcase classname="ptolemy.util.test.junit.AutoTests" name="[334] /home/travis/build/icyphy/ptII/ptolemy/actor/lib/test/auto/SetVariable2.xml (RunModel)" time="0.011" />
  <testcase classname="ptolemy.util.test.junit.AutoTests" name="[335] /home/travis/build/icyphy/ptII/ptolemy/actor/lib/test/auto/SetVariable3.xml (RunModel)" time="0.017" />
  <testcase classname="ptolemy.util.test.junit.AutoTests" name="[336] /home/travis/build/icyphy/ptII/ptolemy/actor/lib/test/auto/SetVariable4.xml (RunModel)" time="0.031" />
  <testcase classname="ptolemy.util.test.junit.AutoTests" name="[337] /home/travis/build/icyphy/ptII/ptolemy/actor/lib/test/auto/SetVariable5.xml (RunModel)" time="0.038" />
  <testcase classname="ptolemy.util.test.junit.AutoTests" name="[338] /home/travis/build/icyphy/ptII/ptolemy/actor/lib/test/auto/Sinewave.xml (RunModel)" time="0.026" />
  <testcase classname="ptolemy.util.test.junit.AutoTests" name="[339] /home/travis/build/icyphy/ptII/ptolemy/actor/lib/test/auto/Sinewave2.xml (RunModel)" time="0.015" />
  <testcase classname="ptolemy.util.test.junit.AutoTests" name="[340] /home/travis/build/icyphy/ptII/ptolemy/actor/lib/test/auto/Sinewave3.xml (RunModel)" time="0.021" />
  <testcase classname="ptolemy.util.test.junit.AutoTests" name="[341] /home/travis/build/icyphy/ptII/ptolemy/actor/lib/test/auto/SingleEvent.xml (RunModel)" time="0.009" />
  <testcase classname="ptolemy.util.test.junit.AutoTests" name="[342] /home/travis/build/icyphy/ptII/ptolemy/actor/lib/test/auto/Sleep.xml (RunModel)" time="6.021" />
  <testcase classname="ptolemy.util.test.junit.AutoTests" name="[343] /home/travis/build/icyphy/ptII/ptolemy/actor/lib/test/auto/SleepMultipleFire.xml (RunModel)" time="1.019" />
  <testcase classname="ptolemy.util.test.junit.AutoTests" name="[344] /home/travis/build/icyphy/ptII/ptolemy/actor/lib/test/auto/StopDE.xml (RunModel)" time="0.017" />
  <testcase classname="ptolemy.util.test.junit.AutoTests" name="[345] /home/travis/build/icyphy/ptII/ptolemy/actor/lib/test/auto/StopSDF.xml (RunModel)" time="0.015" />
  <testcase classname="ptolemy.util.test.junit.AutoTests" name="[346] /home/travis/build/icyphy/ptII/ptolemy/actor/lib/test/auto/StringConstant.xml (RunModel)" time="0.02" />
  <testcase classname="ptolemy.util.test.junit.AutoTests" name="[347] /home/travis/build/icyphy/ptII/ptolemy/actor/lib/test/auto/SubscriberPortInitialValues1.xml (RunModel)" time="0.029" />
  <testcase classname="ptolemy.util.test.junit.AutoTests" name="[348] /home/travis/build/icyphy/ptII/ptolemy/actor/lib/test/auto/SubscriberPortInitialValues13.xml (RunModel)" time="0.032" />
  <testcase classname="ptolemy.util.test.junit.AutoTests" name="[349] /home/travis/build/icyphy/ptII/ptolemy/actor/lib/test/auto/SubscriberPortInitialValues14.xml (RunModel)" time="0.019" />
  <testcase classname="ptolemy.util.test.junit.AutoTests" name="[350] /home/travis/build/icyphy/ptII/ptolemy/actor/lib/test/auto/SubscriberPortInitialValues2.xml (RunModel)" time="0.017" />
  <testcase classname="ptolemy.util.test.junit.AutoTests" name="[351] /home/travis/build/icyphy/ptII/ptolemy/actor/lib/test/auto/SubscriberPortInitialValues3.xml (RunModel)" time="0.022" />
  <testcase classname="ptolemy.util.test.junit.AutoTests" name="[352] /home/travis/build/icyphy/ptII/ptolemy/actor/lib/test/auto/SubscriptionAggregator.xml (RunModel)" time="0.013" />
  <testcase classname="ptolemy.util.test.junit.AutoTests" name="[353] /home/travis/build/icyphy/ptII/ptolemy/actor/lib/test/auto/SubscriptionAggregator2.xml (RunModel)" time="0.014" />
  <testcase classname="ptolemy.util.test.junit.AutoTests" name="[354] /home/travis/build/icyphy/ptII/ptolemy/actor/lib/test/auto/SubscriptionAggregator3.xml (RunModel)" time="0.023" />
  <testcase classname="ptolemy.util.test.junit.AutoTests" name="[355] /home/travis/build/icyphy/ptII/ptolemy/actor/lib/test/auto/SubscriptionAggregatorMultiply.xml (RunModel)" time="0.017" />
  <testcase classname="ptolemy.util.test.junit.AutoTests" name="[356] /home/travis/build/icyphy/ptII/ptolemy/actor/lib/test/auto/SubscriptionAggregatorPortMultiply1.xml (RunModel)" time="0.017" />
  <testcase classname="ptolemy.util.test.junit.AutoTests" name="[357] /home/travis/build/icyphy/ptII/ptolemy/actor/lib/test/auto/Switch.xml (RunModel)" time="0.02" />
  <testcase classname="ptolemy.util.test.junit.AutoTests" name="[358] /home/travis/build/icyphy/ptII/ptolemy/actor/lib/test/auto/Switch2.xml (RunModel)" time="0.023" />
  <testcase classname="ptolemy.util.test.junit.AutoTests" name="[359] /home/travis/build/icyphy/ptII/ptolemy/actor/lib/test/auto/SwitchDE.xml (RunModel)" time="0.018" />
  <testcase classname="ptolemy.util.test.junit.AutoTests" name="[360] /home/travis/build/icyphy/ptII/ptolemy/actor/lib/test/auto/SynchronizerDE.xml (RunModel)" time="0.022" />
  <testcase classname="ptolemy.util.test.junit.AutoTests" name="[361] /home/travis/build/icyphy/ptII/ptolemy/actor/lib/test/auto/Test.xml (RunModel)" time="0.018" />
  <testcase classname="ptolemy.util.test.junit.AutoTests" name="[362] /home/travis/build/icyphy/ptII/ptolemy/actor/lib/test/auto/TestExceptionAttribute1.xml (RunModel)" time="0.007" />
  <testcase classname="ptolemy.util.test.junit.AutoTests" name="[363] /home/travis/build/icyphy/ptII/ptolemy/actor/lib/test/auto/TestExceptionAttribute2.xml (RunModel)" time="0.008" />
  <testcase classname="ptolemy.util.test.junit.AutoTests" name="[364] /home/travis/build/icyphy/ptII/ptolemy/actor/lib/test/auto/TestExceptionAttribute3.xml (RunModel)" time="0.012" />
  <testcase classname="ptolemy.util.test.junit.AutoTests" name="[365] /home/travis/build/icyphy/ptII/ptolemy/actor/lib/test/auto/TestExceptionAttribute4.xml (RunModel)" time="0.009" />
  <testcase classname="ptolemy.util.test.junit.AutoTests" name="[366] /home/travis/build/icyphy/ptII/ptolemy/actor/lib/test/auto/TestExceptionHandler1.xml (RunModel)" time="0.007" />
  <testcase classname="ptolemy.util.test.junit.AutoTests" name="[367] /home/travis/build/icyphy/ptII/ptolemy/actor/lib/test/auto/TestExceptionHandler2.xml (RunModel)" time="0.01" />
  <testcase classname="ptolemy.util.test.junit.AutoTests" name="[368] /home/travis/build/icyphy/ptII/ptolemy/actor/lib/test/auto/TestExceptionHandler3.xml (RunModel)" time="0.005" />
  <testcase classname="ptolemy.util.test.junit.AutoTests" name="[369] /home/travis/build/icyphy/ptII/ptolemy/actor/lib/test/auto/TestExceptionHandler4.xml (RunModel)" time="0.006" />
  <testcase classname="ptolemy.util.test.junit.AutoTests" name="[370] /home/travis/build/icyphy/ptII/ptolemy/actor/lib/test/auto/TestRequireCorrectOrder.xml (RunModel)" time="0.013" />
  <testcase classname="ptolemy.util.test.junit.AutoTests" name="[371] /home/travis/build/icyphy/ptII/ptolemy/actor/lib/test/auto/TestSimple.xml (RunModel)" time="0.006" />
  <testcase classname="ptolemy.util.test.junit.AutoTests" name="[372] /home/travis/build/icyphy/ptII/ptolemy/actor/lib/test/auto/ThrowModelError.xml (RunModel)" time="0.011" />
  <testcase classname="ptolemy.util.test.junit.AutoTests" name="[373] /home/travis/build/icyphy/ptII/ptolemy/actor/lib/test/auto/TimeDelayMicrosteps.xml (RunModel)" time="0.017" />
  <testcase classname="ptolemy.util.test.junit.AutoTests" name="[374] /home/travis/build/icyphy/ptII/ptolemy/actor/lib/test/auto/TimeDelayMicrosteps2.xml (RunModel)" time="0.015" />
  <testcase classname="ptolemy.util.test.junit.AutoTests" name="[375] /home/travis/build/icyphy/ptII/ptolemy/actor/lib/test/auto/TimeDelayMicrosteps3.xml (RunModel)" time="0.012" />
  <testcase classname="ptolemy.util.test.junit.AutoTests" name="[376] /home/travis/build/icyphy/ptII/ptolemy/actor/lib/test/auto/TimeDelayVariableMicrosteps.xml (RunModel)" time="0.012" />
  <testcase classname="ptolemy.util.test.junit.AutoTests" name="[377] /home/travis/build/icyphy/ptII/ptolemy/actor/lib/test/auto/TimeGap.xml (RunModel)" time="0.016" />
  <testcase classname="ptolemy.util.test.junit.AutoTests" name="[378] /home/travis/build/icyphy/ptII/ptolemy/actor/lib/test/auto/TimeGap2.xml (RunModel)" time="0.01" />
  <testcase classname="ptolemy.util.test.junit.AutoTests" name="[379] /home/travis/build/icyphy/ptII/ptolemy/actor/lib/test/auto/TimedSinewave.xml (RunModel)" time="0.058" />
  <testcase classname="ptolemy.util.test.junit.AutoTests" name="[380] /home/travis/build/icyphy/ptII/ptolemy/actor/lib/test/auto/TimedSinewavePhase.xml (RunModel)" time="0.03" />
  <testcase classname="ptolemy.util.test.junit.AutoTests" name="[381] /home/travis/build/icyphy/ptII/ptolemy/actor/lib/test/auto/Timer.xml (RunModel)" time="0.013" />
  <testcase classname="ptolemy.util.test.junit.AutoTests" name="[382] /home/travis/build/icyphy/ptII/ptolemy/actor/lib/test/auto/TriangularDistTestModel.xml (RunModel)" time="0.016" />
  <testcase classname="ptolemy.util.test.junit.AutoTests" name="[383] /home/travis/build/icyphy/ptII/ptolemy/actor/lib/test/auto/TrigFunction.xml (RunModel)" time="0.008" />
  <testcase classname="ptolemy.util.test.junit.AutoTests" name="[384] /home/travis/build/icyphy/ptII/ptolemy/actor/lib/test/auto/TrigFunctionDE.xml (RunModel)" time="0.011" />
  <testcase classname="ptolemy.util.test.junit.AutoTests" name="[385] /home/travis/build/icyphy/ptII/ptolemy/actor/lib/test/auto/TrigFunctionInverse.xml (RunModel)" time="0.024" />
  <testcase classname="ptolemy.util.test.junit.AutoTests" name="[386] /home/travis/build/icyphy/ptII/ptolemy/actor/lib/test/auto/TrigFunctionTan.xml (RunModel)" time="0.008" />
  <testcase classname="ptolemy.util.test.junit.AutoTests" name="[387] /home/travis/build/icyphy/ptII/ptolemy/actor/lib/test/auto/TriggeredClock.xml (RunModel)" time="0.016" />
  <testcase classname="ptolemy.util.test.junit.AutoTests" name="[388] /home/travis/build/icyphy/ptII/ptolemy/actor/lib/test/auto/URLDirectoryReader.xml (RunModel)" time="0.115" />
  <testcase classname="ptolemy.util.test.junit.AutoTests" name="[389] /home/travis/build/icyphy/ptII/ptolemy/actor/lib/test/auto/URLDirectoryReader3.xml (RunModel)" time="1.414" />
  <testcase classname="ptolemy.util.test.junit.AutoTests" name="[390] /home/travis/build/icyphy/ptII/ptolemy/actor/lib/test/auto/UnaryMathFunction.xml (RunModel)" time="0.049" />
  <testcase classname="ptolemy.util.test.junit.AutoTests" name="[391] /home/travis/build/icyphy/ptII/ptolemy/actor/lib/test/auto/Uniform.xml (RunModel)" time="0.014" />
  <testcase classname="ptolemy.util.test.junit.AutoTests" name="[392] /home/travis/build/icyphy/ptII/ptolemy/actor/lib/test/auto/UnionDisassemblerTest.xml (RunModel)" time="0.03" />
  <testcase classname="ptolemy.util.test.junit.AutoTests" name="[393] /home/travis/build/icyphy/ptII/ptolemy/actor/lib/test/auto/UtilityFunctions.xml (RunModel)" time="0.015" />
  <testcase classname="ptolemy.util.test.junit.AutoTests" name="[394] /home/travis/build/icyphy/ptII/ptolemy/actor/lib/test/auto/VariableSleep.xml (RunModel)" time="0.513" />
  <testcase classname="ptolemy.util.test.junit.AutoTests" name="[395] /home/travis/build/icyphy/ptII/ptolemy/actor/lib/test/auto/VectorAssemblerDisassemblerCT.xml (RunModel)" time="0.147" />
  <testcase classname="ptolemy.util.test.junit.AutoTests" name="[396] /home/travis/build/icyphy/ptII/ptolemy/actor/lib/test/auto/VectorAssemblerDisassemblerDE.xml (RunModel)" time="0.019" />
  <testcase classname="ptolemy.util.test.junit.AutoTests" name="[397] /home/travis/build/icyphy/ptII/ptolemy/actor/lib/test/auto/VectorAssemblerDisassemblerSDF.xml (RunModel)" time="0.016" />
  <testcase classname="ptolemy.util.test.junit.AutoTests" name="[398] /home/travis/build/icyphy/ptII/ptolemy/actor/lib/test/auto/WallClockTime.xml (RunModel)" time="1.017" />
  <testcase classname="ptolemy.util.test.junit.AutoTests" name="[399] /home/travis/build/icyphy/ptII/ptolemy/actor/lib/test/auto/WidthTestWithSubscriberPublisher.xml (RunModel)" time="0.059" />
  <testcase classname="ptolemy.util.test.junit.AutoTests" name="[400] /home/travis/build/icyphy/ptII/ptolemy/actor/lib/test/auto/WidthTestWithSubscriberPublisher2.xml (RunModel)" time="0.022" />
  <testcase classname="ptolemy.util.test.junit.AutoTests" name="[401] /home/travis/build/icyphy/ptII/ptolemy/actor/lib/test/auto/WidthTestWithSubscriberPublisher3.xml (RunModel)" time="0.012" />
  <testcase classname="ptolemy.util.test.junit.AutoTests" name="[402] /home/travis/build/icyphy/ptII/ptolemy/actor/lib/test/auto/Writer.xml (RunModel)" time="0.008" />
  <testcase classname="ptolemy.util.test.junit.AutoTests" name="[403] /home/travis/build/icyphy/ptII/ptolemy/actor/lib/test/auto/array.xml (RunModel)" time="0.008" />
  <testcase classname="ptolemy.util.test.junit.AutoTests" name="[404] /home/travis/build/icyphy/ptII/ptolemy/actor/lib/test/auto/array2.xml (RunModel)" time="0.011" />
  <testcase classname="ptolemy.util.test.junit.AutoTests" name="[405] /home/travis/build/icyphy/ptII/ptolemy/actor/lib/test/auto/arrayType.xml (RunModel)" time="0.01" />
  <testcase classname="ptolemy.util.test.junit.AutoTests" name="[406] /home/travis/build/icyphy/ptII/ptolemy/actor/lib/test/auto/arrayType10.xml (RunModel)" time="0.007" />
  <testcase classname="ptolemy.util.test.junit.AutoTests" name="[407] /home/travis/build/icyphy/ptII/ptolemy/actor/lib/test/auto/arrayType11.xml (RunModel)" time="0.009" />
  <testcase classname="ptolemy.util.test.junit.AutoTests" name="[408] /home/travis/build/icyphy/ptII/ptolemy/actor/lib/test/auto/arrayType12.xml (RunModel)" time="0.008" />
  <testcase classname="ptolemy.util.test.junit.AutoTests" name="[409] /home/travis/build/icyphy/ptII/ptolemy/actor/lib/test/auto/arrayType13.xml (RunModel)" time="0.009" />
  <testcase classname="ptolemy.util.test.junit.AutoTests" name="[410] /home/travis/build/icyphy/ptII/ptolemy/actor/lib/test/auto/arrayType14.xml (RunModel)" time="0.008" />
  <testcase classname="ptolemy.util.test.junit.AutoTests" name="[411] /home/travis/build/icyphy/ptII/ptolemy/actor/lib/test/auto/arrayType15.xml (RunModel)" time="0.008" />
  <testcase classname="ptolemy.util.test.junit.AutoTests" name="[412] /home/travis/build/icyphy/ptII/ptolemy/actor/lib/test/auto/arrayType16.xml (RunModel)" time="0.007" />
  <testcase classname="ptolemy.util.test.junit.AutoTests" name="[413] /home/travis/build/icyphy/ptII/ptolemy/actor/lib/test/auto/arrayType17.xml (RunModel)" time="0.008" />
  <testcase classname="ptolemy.util.test.junit.AutoTests" name="[414] /home/travis/build/icyphy/ptII/ptolemy/actor/lib/test/auto/arrayType18.xml (RunModel)" time="0.008" />
  <testcase classname="ptolemy.util.test.junit.AutoTests" name="[415] /home/travis/build/icyphy/ptII/ptolemy/actor/lib/test/auto/arrayType19.xml (RunModel)" time="0.008" />
  <testcase classname="ptolemy.util.test.junit.AutoTests" name="[416] /home/travis/build/icyphy/ptII/ptolemy/actor/lib/test/auto/arrayType2.xml (RunModel)" time="0.007" />
  <testcase classname="ptolemy.util.test.junit.AutoTests" name="[417] /home/travis/build/icyphy/ptII/ptolemy/actor/lib/test/auto/arrayType20.xml (RunModel)" time="0.007" />
  <testcase classname="ptolemy.util.test.junit.AutoTests" name="[418] /home/travis/build/icyphy/ptII/ptolemy/actor/lib/test/auto/arrayType21.xml (RunModel)" time="0.007" />
  <testcase classname="ptolemy.util.test.junit.AutoTests" name="[419] /home/travis/build/icyphy/ptII/ptolemy/actor/lib/test/auto/arrayType22.xml (RunModel)" time="0.007" />
  <testcase classname="ptolemy.util.test.junit.AutoTests" name="[420] /home/travis/build/icyphy/ptII/ptolemy/actor/lib/test/auto/arrayType23.xml (RunModel)" time="0.007" />
  <testcase classname="ptolemy.util.test.junit.AutoTests" name="[421] /home/travis/build/icyphy/ptII/ptolemy/actor/lib/test/auto/arrayType24.xml (RunModel)" time="0.01" />
  <testcase classname="ptolemy.util.test.junit.AutoTests" name="[422] /home/travis/build/icyphy/ptII/ptolemy/actor/lib/test/auto/arrayType25.xml (RunModel)" time="0.007" />
  <testcase classname="ptolemy.util.test.junit.AutoTests" name="[423] /home/travis/build/icyphy/ptII/ptolemy/actor/lib/test/auto/arrayType26.xml (RunModel)" time="0.007" />
  <testcase classname="ptolemy.util.test.junit.AutoTests" name="[424] /home/travis/build/icyphy/ptII/ptolemy/actor/lib/test/auto/arrayType27.xml (RunModel)" time="0.007" />
  <testcase classname="ptolemy.util.test.junit.AutoTests" name="[425] /home/travis/build/icyphy/ptII/ptolemy/actor/lib/test/auto/arrayType28.xml (RunModel)" time="0.009" />
  <testcase classname="ptolemy.util.test.junit.AutoTests" name="[426] /home/travis/build/icyphy/ptII/ptolemy/actor/lib/test/auto/arrayType3.xml (RunModel)" time="0.008" />
  <testcase classname="ptolemy.util.test.junit.AutoTests" name="[427] /home/travis/build/icyphy/ptII/ptolemy/actor/lib/test/auto/arrayType4.xml (RunModel)" time="0.009" />
  <testcase classname="ptolemy.util.test.junit.AutoTests" name="[428] /home/travis/build/icyphy/ptII/ptolemy/actor/lib/test/auto/arrayType5.xml (RunModel)" time="0.009" />
  <testcase classname="ptolemy.util.test.junit.AutoTests" name="[429] /home/travis/build/icyphy/ptII/ptolemy/actor/lib/test/auto/arrayType6.xml (RunModel)" time="0.009" />
  <testcase classname="ptolemy.util.test.junit.AutoTests" name="[430] /home/travis/build/icyphy/ptII/ptolemy/actor/lib/test/auto/arrayType7.xml (RunModel)" time="0.008" />
  <testcase classname="ptolemy.util.test.junit.AutoTests" name="[431] /home/travis/build/icyphy/ptII/ptolemy/actor/lib/test/auto/arrayType8.xml (RunModel)" time="0.028" />
  <testcase classname="ptolemy.util.test.junit.AutoTests" name="[432] /home/travis/build/icyphy/ptII/ptolemy/actor/lib/test/auto/arrayType9.xml (RunModel)" time="0.009" />
  <testcase classname="ptolemy.util.test.junit.AutoTests" name="[433] /home/travis/build/icyphy/ptII/ptolemy/actor/lib/test/auto/cast.xml (RunModel)" time="0.048" />
  <testcase classname="ptolemy.util.test.junit.AutoTests" name="[434] /home/travis/build/icyphy/ptII/ptolemy/actor/lib/test/auto/compositeMultiPort.xml (RunModel)" time="0.068" />
  <testcase classname="ptolemy.util.test.junit.AutoTests" name="[435] /home/travis/build/icyphy/ptII/ptolemy/actor/lib/test/auto/expressionCastInference.xml (RunModel)" time="0.027" />
  <testcase classname="ptolemy.util.test.junit.AutoTests" name="[436] /home/travis/build/icyphy/ptII/ptolemy/actor/lib/test/auto/expressionCastInference2.xml (RunModel)" time="0.014" />
  <testcase classname="ptolemy.util.test.junit.AutoTests" name="[437] /home/travis/build/icyphy/ptII/ptolemy/actor/lib/test/auto/expressionInference.xml (RunModel)" time="0.007" />
  <testcase classname="ptolemy.util.test.junit.AutoTests" name="[438] /home/travis/build/icyphy/ptII/ptolemy/actor/lib/test/auto/expression_bug.xml (RunModel)" time="0.007" />
  <testcase classname="ptolemy.util.test.junit.AutoTests" name="[439] /home/travis/build/icyphy/ptII/ptolemy/actor/lib/test/auto/factorial.xml (RunModel)" time="0.051" />
  <testcase classname="ptolemy.util.test.junit.AutoTests" name="[440] /home/travis/build/icyphy/ptII/ptolemy/actor/lib/test/auto/filterTest1.xml (RunModel)" time="0.051" />
  <testcase classname="ptolemy.util.test.junit.AutoTests" name="[441] /home/travis/build/icyphy/ptII/ptolemy/actor/lib/test/auto/funcApplyInConst.xml (RunModel)" time="0.024" />
  <testcase classname="ptolemy.util.test.junit.AutoTests" name="[442] /home/travis/build/icyphy/ptII/ptolemy/actor/lib/test/auto/funcApplyInExpr.xml (RunModel)" time="0.014" />
  <testcase classname="ptolemy.util.test.junit.AutoTests" name="[443] /home/travis/build/icyphy/ptII/ptolemy/actor/lib/test/auto/function.xml (RunModel)" time="0.011" />
  <testcase classname="ptolemy.util.test.junit.AutoTests" name="[444] /home/travis/build/icyphy/ptII/ptolemy/actor/lib/test/auto/function2.xml (RunModel)" time="0.009" />
  <testcase classname="ptolemy.util.test.junit.AutoTests" name="[445] /home/travis/build/icyphy/ptII/ptolemy/actor/lib/test/auto/function3.xml (RunModel)" time="0.007" />
  <testcase classname="ptolemy.util.test.junit.AutoTests" name="[446] /home/travis/build/icyphy/ptII/ptolemy/actor/lib/test/auto/functionClosureTest1.xml (RunModel)" time="0.011" />
  <testcase classname="ptolemy.util.test.junit.AutoTests" name="[447] /home/travis/build/icyphy/ptII/ptolemy/actor/lib/test/auto/functionClosureTest2.xml (RunModel)" time="0.019" />
  <testcase classname="ptolemy.util.test.junit.AutoTests" name="[448] /home/travis/build/icyphy/ptII/ptolemy/actor/lib/test/auto/functionClosureTest3.xml (RunModel)" time="0.011" />
  <testcase classname="ptolemy.util.test.junit.AutoTests" name="[449] /home/travis/build/icyphy/ptII/ptolemy/actor/lib/test/auto/functionClosureTest4.xml (RunModel)" time="0.022" />
  <testcase classname="ptolemy.util.test.junit.AutoTests" name="[450] /home/travis/build/icyphy/ptII/ptolemy/actor/lib/test/auto/functionClosureTest5.xml (RunModel)" time="0.016" />
  <testcase classname="ptolemy.util.test.junit.AutoTests" name="[451] /home/travis/build/icyphy/ptII/ptolemy/actor/lib/test/auto/functionClosureTest6.xml (RunModel)" time="0.009" />
  <testcase classname="ptolemy.util.test.junit.AutoTests" name="[452] /home/travis/build/icyphy/ptII/ptolemy/actor/lib/test/auto/functionsOnArcs.xml (RunModel)" time="0.014" />
  <testcase classname="ptolemy.util.test.junit.AutoTests" name="[453] /home/travis/build/icyphy/ptII/ptolemy/actor/lib/test/auto/functionsOnArcsHOF.xml (RunModel)" time="0.013" />
  <testcase classname="ptolemy.util.test.junit.AutoTests" name="[454] /home/travis/build/icyphy/ptII/ptolemy/actor/lib/test/auto/logic.xml (RunModel)" time="0.017" />
  <testcase classname="ptolemy.util.test.junit.AutoTests" name="[455] /home/travis/build/icyphy/ptII/ptolemy/actor/lib/test/auto/matrixType.xml (RunModel)" time="0.008" />
  <testcase classname="ptolemy.util.test.junit.AutoTests" name="[456] /home/travis/build/icyphy/ptII/ptolemy/actor/lib/test/auto/matrixType10.xml (RunModel)" time="0.009" />
  <testcase classname="ptolemy.util.test.junit.AutoTests" name="[457] /home/travis/build/icyphy/ptII/ptolemy/actor/lib/test/auto/matrixType11.xml (RunModel)" time="0.008" />
  <testcase classname="ptolemy.util.test.junit.AutoTests" name="[458] /home/travis/build/icyphy/ptII/ptolemy/actor/lib/test/auto/matrixType12.xml (RunModel)" time="0.01" />
  <testcase classname="ptolemy.util.test.junit.AutoTests" name="[459] /home/travis/build/icyphy/ptII/ptolemy/actor/lib/test/auto/matrixType13.xml (RunModel)" time="0.008" />
  <testcase classname="ptolemy.util.test.junit.AutoTests" name="[460] /home/travis/build/icyphy/ptII/ptolemy/actor/lib/test/auto/matrixType14.xml (RunModel)" time="0.01" />
  <testcase classname="ptolemy.util.test.junit.AutoTests" name="[461] /home/travis/build/icyphy/ptII/ptolemy/actor/lib/test/auto/matrixType2.xml (RunModel)" time="0.009" />
  <testcase classname="ptolemy.util.test.junit.AutoTests" name="[462] /home/travis/build/icyphy/ptII/ptolemy/actor/lib/test/auto/matrixType3.xml (RunModel)" time="0.012" />
  <testcase classname="ptolemy.util.test.junit.AutoTests" name="[463] /home/travis/build/icyphy/ptII/ptolemy/actor/lib/test/auto/matrixType4.xml (RunModel)" time="0.009" />
  <testcase classname="ptolemy.util.test.junit.AutoTests" name="[464] /home/travis/build/icyphy/ptII/ptolemy/actor/lib/test/auto/matrixType5.xml (RunModel)" time="0.008" />
  <testcase classname="ptolemy.util.test.junit.AutoTests" name="[465] /home/travis/build/icyphy/ptII/ptolemy/actor/lib/test/auto/matrixType6.xml (RunModel)" time="0.008" />
  <testcase classname="ptolemy.util.test.junit.AutoTests" name="[466] /home/travis/build/icyphy/ptII/ptolemy/actor/lib/test/auto/matrixType7.xml (RunModel)" time="0.008" />
  <testcase classname="ptolemy.util.test.junit.AutoTests" name="[467] /home/travis/build/icyphy/ptII/ptolemy/actor/lib/test/auto/matrixType8.xml (RunModel)" time="0.009" />
  <testcase classname="ptolemy.util.test.junit.AutoTests" name="[468] /home/travis/build/icyphy/ptII/ptolemy/actor/lib/test/auto/matrixType9.xml (RunModel)" time="0.008" />
  <testcase classname="ptolemy.util.test.junit.AutoTests" name="[469] /home/travis/build/icyphy/ptII/ptolemy/actor/lib/test/auto/paraFunctest.xml (RunModel)" time="0.007" />
  <testcase classname="ptolemy.util.test.junit.AutoTests" name="[470] /home/travis/build/icyphy/ptII/ptolemy/actor/lib/test/auto/paraFunctest2.xml (RunModel)" time="0.015" />
  <testcase classname="ptolemy.util.test.junit.AutoTests" name="[471] /home/travis/build/icyphy/ptII/ptolemy/actor/lib/test/auto/parameterPassing.xml (RunModel)" time="0.01" />
  <testcase classname="ptolemy.util.test.junit.AutoTests" name="[472] /home/travis/build/icyphy/ptII/ptolemy/actor/lib/test/auto/record.xml (RunModel)" time="0.01" />
  <testcase classname="ptolemy.util.test.junit.AutoTests" name="[473] /home/travis/build/icyphy/ptII/ptolemy/actor/lib/test/auto/sizedarray1.xml (RunModel)" time="0.011" />
  <testcase classname="ptolemy.util.test.junit.AutoTests" name="[474] /home/travis/build/icyphy/ptII/ptolemy/actor/lib/test/auto/sizedarray2.xml (RunModel)" time="0.01" />
  <testcase classname="ptolemy.util.test.junit.AutoTests" name="[475] /home/travis/build/icyphy/ptII/ptolemy/actor/lib/test/auto/twoPublishers.xml (RunModel)" time="0.022" />
  <system-out><![CDATA[/home/travis/build/icyphy/ptII/ptolemy/actor/lib/test/AbsoluteValue.tcl
testDefs.tcl: setting time out to 9000 seconds at Sat Nov 30 06:26:30 UTC 2019
105 ms. Memory: 120832K Free: 85956K (71%)
6 ms. Memory: 120832K Free: 84411K (70%)
6 ms. Memory: 120832K Free: 83379K (69%)
5 ms. Memory: 120832K Free: 82884K (69%)
/home/travis/build/icyphy/ptII/ptolemy/actor/lib/test/AddSubtract.tcl
23 ms. Memory: 120832K Free: 80836K (67%)
17 ms. Memory: 120832K Free: 80315K (66%)
13 ms. Memory: 120832K Free: 79298K (66%)
22 ms. Memory: 120832K Free: 78274K (65%)
75 ms. Memory: 120832K Free: 75716K (63%)
6 ms. Memory: 120832K Free: 74692K (62%)
/home/travis/build/icyphy/ptII/ptolemy/actor/lib/test/Average.tcl
17 ms. Memory: 120832K Free: 73154K (61%)
13 ms. Memory: 120832K Free: 72115K (60%)
/home/travis/build/icyphy/ptII/ptolemy/actor/lib/test/Bernoulli.tcl
9 ms. Memory: 120832K Free: 70596K (58%)
2 ms. Memory: 120832K Free: 70082K (58%)
/home/travis/build/icyphy/ptII/ptolemy/actor/lib/test/Clock.tcl
preinitializing
resolving types
initializing
executing number 1
wrapping up
idle
37 ms. Memory: 120832K Free: 67524K (56%)
Completed execution with 5 iterations
preinitializing
resolving types
initializing
executing number 1
wrapping up
idle
12 ms. Memory: 120832K Free: 66500K (55%)
Completed execution with 5 iterations
preinitializing
resolving types
initializing
executing number 1
wrapping up
idle
10 ms. Memory: 120832K Free: 65979K (55%)
Completed execution with 5 iterations
/home/travis/build/icyphy/ptII/ptolemy/actor/lib/test/Commutator.tcl
19 ms. Memory: 120832K Free: 63923K (53%)
7 ms. Memory: 120832K Free: 62914K (52%)
11 ms. Memory: 120832K Free: 57284K (47%)
/home/travis/build/icyphy/ptII/ptolemy/actor/lib/test/Const.tcl
13 ms. Memory: 120832K Free: 55715K (46%)
2 ms. Memory: 120832K Free: 55236K (46%)
4 ms. Memory: 120832K Free: 54722K (45%)
3 ms. Memory: 120832K Free: 54212K (45%)
2 ms. Memory: 120832K Free: 53188K (44%)
21 ms. Memory: 120832K Free: 51650K (43%)
5 ms. Memory: 120832K Free: 50626K (42%)
4 ms. Memory: 120832K Free: 50116K (41%)
/home/travis/build/icyphy/ptII/ptolemy/actor/lib/test/CurrentTime.tcl
preinitializing
resolving types
initializing
executing number 1
wrapping up
idle
9 ms. Memory: 120832K Free: 48068K (40%)
Completed execution with 11 iterations
/home/travis/build/icyphy/ptII/ptolemy/actor/lib/test/DB.tcl
5 ms. Memory: 120832K Free: 46020K (38%)
48 ms. Memory: 120832K Free: 107314K (89%)
2 ms. Memory: 120832K Free: 107314K (89%)
/home/travis/build/icyphy/ptII/ptolemy/actor/lib/test/DiscreteRandomSource.tcl
preinitializing
resolving types
initializing
executing number 1
wrapping up
idle
5 ms. Memory: 120832K Free: 105795K (88%)
Completed execution with 4 iterations
preinitializing
resolving types
initializing
executing number 1
wrapping up
idle
2 ms. Memory: 120832K Free: 105266K (87%)
Completed execution with 4 iterations
preinitializing
resolving types
initializing
executing number 1
wrapping up
idle
3 ms. Memory: 120832K Free: 104771K (87%)
Completed execution with 4 iterations
preinitializing
resolving types
initializing
executing number 1
wrapping up
idle
3 ms. Memory: 120832K Free: 104250K (86%)
Completed execution with 4 iterations
preinitializing
resolving types
initializing
executing number 1
wrapping up
idle
4 ms. Memory: 120832K Free: 103747K (86%)
Completed execution with 4 iterations
/home/travis/build/icyphy/ptII/ptolemy/actor/lib/test/Distributor.tcl
5 ms. Memory: 120832K Free: 102194K (85%)
11 ms. Memory: 120832K Free: 101699K (84%)
StreamChangeRequest.changeExecuted(): <deleteEntity name="rec2"/> succeeded
StreamChangeRequest.changeExecuted(): <deleteRelation name="r2"/> succeeded
StreamChangeRequest.changeExecuted(): Record firings per iteration succeeded
8 ms. Memory: 120832K Free: 99106K (82%)
/home/travis/build/icyphy/ptII/ptolemy/actor/lib/test/Exit.tcl
Exit.tcl: this will print a message about Manager.exitAfterWrapup, which can be ignored.
7 ms. Memory: 120832K Free: 104311K (86%)
/home/travis/build/icyphy/ptII/ptolemy/actor/lib/test/Expression.tcl
23 ms. Memory: 120832K Free: 100746K (83%)
8 ms. Memory: 120832K Free: 99739K (83%)
15 ms. Memory: 120832K Free: 99166K (82%)
preinitializing
resolving types
initializing
executing number 1
wrapping up
idle
14 ms. Memory: 120832K Free: 97667K (81%)
Completed execution with 6 iterations
5 ms. Memory: 120832K Free: 96603K (80%)
11 ms. Memory: 120832K Free: 96104K (80%)
6 ms. Memory: 120832K Free: 94617K (78%)
15 ms. Memory: 120832K Free: 93547K (77%)
3 ms. Memory: 120832K Free: 92571K (77%)
/home/travis/build/icyphy/ptII/ptolemy/actor/lib/test/Gaussian.tcl
4 ms. Memory: 120832K Free: 90499K (75%)
sleeping 1 seconds: .......................................................................................................................................................................................................................................................................................................................................................................................................................................................................................................................................................................................................................................................................................................................................................................................................................................................................................................................................................................................................................................................................................................................................................................................................................................................................................................................................................................................................................................................................................................................................................................................................................................................................................................................................................................................................................................................................................................................................................................................................................................................................................................................................................................................................................................................................................................................................................................................................................................................................................................................................................................................................................................................................................................................................................................................................................................................................................................................................................................................................................................................................................................................................................................................................................................................................................................................................................................................................................................................................................................................................................................................................................................................................................................................................................................................................................................................................................................................................................................................................................................................................................................................................................................................................................................................................................................................................................................................................................................................................................................................................................................................................................................................................................................................................................................................................................................................................................................................................................................................................................................................................................................................................................................................................................................................................................................................................................................................................................................................................................................................................................................................................................................................................................................................................................................................................................................................................................................................................................................................................................................................................................................................................................................................................................................................................................................................................................................................................................................................................................................................................................................................................................................................................................................................................................................................................................................................................................................................................................................................................................................................................................................................................................................................................................................................................................................................................................................................................................................................................................................................................................................................................................................................................................................................................................................................................................................................................................................................................................................................................................................................................................................................................................................................................................................................................................................................................................................................................................................................................................................................................................................................................................................................................................................................................................................................................................................................................................................................................................................................................................................................................................................................................................................................................................................................................................................................................................................................................................................................................................................................................................................................................................................................................................................................................................................................................................................................................................................................................................................................................................................................................................................................................................................................................................................................................................................................................................................................................................................................................................................................................................................................................................................................................................................................................................................................................................................................................................................................................................................................................................................................................................................................................................................................................................................................................................................................................................................................................................................................................................................................................................................................................................................................................................................................................................................................................................................................................................................................................................................................................................................................................................................................................................................................................................................................................................................................................................................................................................................................................................................................................................................................................................................................................................................................................................................................................................................................................................................................................................................................................................................................................................................................................................................................................................................................................................................................................................................................................................................................................................................................................................................................................................................................................................................................................................................................................................................................................................................................................................................................................................................................................................................................................................................................................................................................................................................................................................................................................................................................................................................................................................................................................................................................................................................................................................................................................................................................................................................................................................................................................................................................................................................................................................................................................................................................................................................................................................................................................................................................................................................................................................................................................................................................................................................................................................................................................................................................................................................................................................................................................................................................................................................................................................................................................................................................................................................................................................................................................................................................................................................................................................................................................................................................................................................................................................................................................................................................................................................................................................................................................................................................................................................................................................................................................................................................................................................................................................................................................................................................................................................................................................................................................................................................................................................................................................................................................................................................................................................................................................................................................................................................................................................................................................................................................................................................................................................................................................................................................................................................................................................................................................................................................................................................................................................................................................................................................................................................................................................................................................................................................................................................................................................................................................................................................................................................................................................................................................................................................................................................................................................................................................................................................................................................................................................................................................................................................................................................................................................................................................................................................................................................................................................................................................................................................................................................................................................................................................................................................................................................................................................................................................................................................................................................................................................................................................................................................................................................................................................................................................................................................................................................................................................................................................................................................................................................................................................................................................................................................................................................................................................................................................................................................................................................................................................................................................................................................................................................................................................................................................................................................................................................................................................................................................................................................................................................................................................................................................................................................................................................................................................................................................................................................................................................................................................................................................................................................................................................................................................................................................................................................................................................................................................................................................................................................................................................................................................................................................................................................................................................................................................................................................................................................................................................................................................................................................................................................................................................................................................................................................................................................................................................................................................................................................................................................................................................................................................................................................................................................................................................................................................................................................................................................................................................................................................................................................................................................................................................................................................................................................................................................................................................................................................................................................................................................................................................................................................................................................................................................................................................................................................................................................................................................................................................................................................................................................................................................................................................................................................................................................................................................................................................................................................................................................................................................................................................................................................................................................................................................................................................................................................................................................................................................................................................................................................................................................................................................................................................................................................................................................................................................................................................................................................................................................................................................................................................................................................................................................................................................................................................................................................................................................................................................................................................................................................................................................................................................................................................................................................................................................................................................................................................................................................................................................................................................................................................................................................................................................................................................................................................................................................................................................................................................................................................................................................................................................................................................................................................................................................................................................................................................................................................................................................................................................................................................................................................................................................................................................................................................................................................................................................................................................................................................................................................................................................................................................................................................................................................................................................................................................................................................................................................................................................................................................................................................................................................................................................................................................................................................................................................................................................................................................................................................................................................................................................................................................................................................................................................................................................................................................................................................................................................................................................................................................................................................................................................................................................................................................................................................................................................................................................................................................................................................................................................................................................................................................................................................................................................................................................................................................................................................................................................................................................................................................................................................................................................................................................................................................................................................................................................................................................................................................................................................................................................................................................................................................................................................................................................................................................................................................................................................................................................................................................................................................................................................................................................................................................................................................................................................................................................................................................................................................................................................................................................................................................................................................................................................................................................................................................................................................................................................................................................................................................................................................................................................................................................................................................................................................................................................................................................................................................................................................................................................................................................................................................................................................................................................................................................................................................................................................................................................................................................................................................................................................................................................................................................................................................................................................................................................................................................................................................................................................................................................................................................................................................................................................................................................................................................................................................................................................................................................................................................................................................................................................................................................................................................................................................................................................................................................................................................................................................................................................................................................................................................................................................................................................................................................................................................................................................................................................................................................................................................................................................................................................................................................................................................................................................................................................................................................................................................................................................................................................................................................................................................................................................................................................................................................................................................................................................................................................................................................................................................................................................................................................................................................................................................................................................................................................................................................................................................................................................................................................................................................................................................................................3 ms. Memory: 153600K Free: 132874K (87%)
2 ms. Memory: 153600K Free: 131880K (86%)
2 ms. Memory: 153600K Free: 131370K (86%)
2 ms. Memory: 153600K Free: 130842K (85%)
2 ms. Memory: 153600K Free: 130346K (85%)
/home/travis/build/icyphy/ptII/ptolemy/actor/lib/test/IIR.tcl
/home/travis/build/icyphy/ptII/ptolemy/actor/lib/test/Interpolator.tcl
4 ms. Memory: 153600K Free: 126760K (83%)
2 ms. Memory: 153600K Free: 125736K (82%)
2 ms. Memory: 153600K Free: 125226K (82%)
2 ms. Memory: 153600K Free: 124698K (81%)
2 ms. Memory: 153600K Free: 124202K (81%)
2 ms. Memory: 153600K Free: 123178K (80%)
2 ms. Memory: 153600K Free: 122154K (80%)
3 ms. Memory: 153600K Free: 121130K (79%)
2 ms. Memory: 153600K Free: 120602K (79%)
2 ms. Memory: 153600K Free: 119578K (78%)
/home/travis/build/icyphy/ptII/ptolemy/actor/lib/test/MathFunction.tcl
9 ms. Memory: 153600K Free: 117530K (77%)
3 ms. Memory: 153600K Free: 116504K (76%)
2 ms. Memory: 153600K Free: 115482K (75%)
2 ms. Memory: 153600K Free: 114442K (75%)
3 ms. Memory: 153600K Free: 113442K (74%)
11 ms. Memory: 153600K Free: 111370K (73%)
/home/travis/build/icyphy/ptII/ptolemy/actor/lib/test/Maximum.tcl
4 ms. Memory: 153600K Free: 109322K (71%)
2 ms. Memory: 153600K Free: 108842K (71%)
2 ms. Memory: 153600K Free: 107818K (70%)
3 ms. Memory: 153600K Free: 107274K (70%)
/home/travis/build/icyphy/ptII/ptolemy/actor/lib/test/Minimum.tcl
8 ms. Memory: 153600K Free: 105770K (69%)
5 ms. Memory: 153600K Free: 104746K (68%)
3 ms. Memory: 153600K Free: 104202K (68%)
3 ms. Memory: 153600K Free: 103722K (68%)
/home/travis/build/icyphy/ptII/ptolemy/actor/lib/test/MultiplyDivide.tcl
13 ms. Memory: 153600K Free: 101674K (66%)
3 ms. Memory: 153600K Free: 101154K (66%)
2 ms. Memory: 153600K Free: 100136K (65%)
5 ms. Memory: 153600K Free: 99626K (65%)
6 ms. Memory: 153600K Free: 98602K (64%)
/home/travis/build/icyphy/ptII/ptolemy/actor/lib/test/OrderedMerge.tcl
Connections changed on port: inputA
Connections changed on port: inputB
Connections changed on port: output
Connections changed on port: output
Connections changed on port: output
Connections changed on port: input
.top. Preinitializing ...
Invoking preinitialize():  .top.OrderedMerge
Called preinitialize()
Invoking preinitialize():  .top.Ramp
Called preinitialize()
Invoking preinitialize():  .top.Ramp2
Called preinitialize()
Invoking preinitialize():  .top.Test
Called preinitialize()
Connections changed on port: inputA
Connections changed on port: output
Connections changed on port: output
Connections changed on port: input
Connections changed on port: inputB
Connections changed on port: output
.top. Finished preinitialize().
Called initialize().
Invoking initialize():  .top.OrderedMerge
Initializing actor: .top.OrderedMerge
Adding a thread: .top.OrderedMerge
Invoking initialize():  .top.Ramp
Initializing actor: .top.Ramp
Adding a thread: .top.Ramp
Invoking initialize():  .top.Ramp2
Initializing actor: .top.Ramp2
Adding a thread: .top.Ramp2
Invoking initialize():  .top.Test
Initializing actor: .top.Test
Adding a thread: .top.Test
Called fire().
Checking for deadlock:
-- Starting thread.
Called initialize()
Called prefire()
Called fire()
-- Starting thread.
Called initialize()
-- Starting thread.
Called initialize()
Called prefire()
Called prefire()
Called fire()
There are 0 Blocked actors, 0 Stopped actors, and 4 active threads.
Waiting for actors to stop.
Checking for deadlock:
There are 1 Blocked actors, 0 Stopped actors, and 4 active threads.
Waiting for actors to stop.
-- Starting thread.
Called postfire()
Called prefire()
Called fire()
Called fire()
Called postfire()
Called prefire()
Called fire()
Called initialize()
Called prefire()
Called fire()
Checking for deadlock:
There are 2 Blocked actors, 0 Stopped actors, and 4 active threads.
Waiting for actors to stop.
Read input token from inputA with value 0.0
Called postfire()
Called prefire()
Called fire()
Next port to read input from is inputB
Called postfire()
Called prefire()
Called fire()
Read input token from inputB with value 0.0
Sent output token with value 0.0
Next port to read input from is inputA
Called postfire()
Called prefire()
Called fire()
Read input token from inputA with value 1.0
Checking for deadlock:
There are 1 Blocked actors, 0 Stopped actors, and 4 active threads.
Waiting for actors to stop.
Called postfire()
Called prefire()
Called fire()
-- Read input: 0.0, which is expected to match: 0.0
Called prefire()
Called fire()
Called postfire()
Called prefire()
Called fire()
Sent output token with value 0.0
Next port to read input from is inputB
Called postfire()
Called prefire()
Called fire()
Read input token from inputB with value 1.5
Checking for deadlock:
There are 2 Blocked actors, 0 Stopped actors, and 4 active threads.
Waiting for actors to stop.
Called postfire()
Called prefire()
Called fire()
-- Read input: 0.0, which is expected to match: 0.0
Called prefire()
Called fire()
Checking for deadlock:
There are 3 Blocked actors, 0 Stopped actors, and 4 active threads.
Waiting for actors to stop.
-- Read input: 1.0, which is expected to match: 1.0
Called prefire()
Called fire()
Sent output token with value 1.0
Next port to read input from is inputA
Called postfire()
Called prefire()
Called fire()
Read input token from inputA with value 2.0
Sent output token with value 1.5
Next port to read input from is inputB
Called postfire()
Called prefire()
Called fire()
Read input token from inputB with value 3.0
Checking for deadlock:
There are 1 Blocked actors, 0 Stopped actors, and 4 active threads.
Waiting for actors to stop.
Called postfire()
Called postfire()
Called prefire()
Called prefire()
Called fire()
Called fire()
Checking for deadlock:
There are 2 Blocked actors, 0 Stopped actors, and 4 active threads.
Waiting for actors to stop.
-- Read input: 1.5, which is expected to match: 1.5
Called prefire()
Called fire()
Checking for deadlock:
Sent output token with value 2.0
There are 2 Blocked actors, 0 Stopped actors, and 4 active threads.
Waiting for actors to stop.
-- Read input: 2.0, which is expected to match: 2.0
Called prefire()
Called fire()
Next port to read input from is inputA
Called postfire()
Called prefire()
Called fire()
Checking for deadlock:
There are 3 Blocked actors, 0 Stopped actors, and 4 active threads.
Waiting for actors to stop.
Read input token from inputA with value 3.0
Sent output token with value 3.0
Next port to read input from is inputB
Called postfire()
Called prefire()
Called fire()
Read input token from inputB with value 4.5
Checking for deadlock:
There are 1 Blocked actors, 0 Stopped actors, and 4 active threads.
Waiting for actors to stop.
Called postfire()
Called prefire()
Called fire()
Called postfire()
Called prefire()
Called fire()
Checking for deadlock:
There are 3 Blocked actors, 0 Stopped actors, and 4 active threads.
Waiting for actors to stop.
Sent output token with value 3.0
-- Read input: 3.0, which is expected to match: 3.0
Next port to read input from is inputA
Called postfire()
Called prefire()
Called fire()
Called prefire()
Called fire()
Read input token from inputA with value 4.0
-- Read input: 3.0, which is expected to match: 3.0
Called prefire()
Called fire()
-- Read input: 4.0, which is expected to match: 4.0
Called prefire()
Called fire()
Past the end of training data. Read and discard all inputs.
Checking for deadlock:
There are 2 Blocked actors, 0 Stopped actors, and 4 active threads.
Waiting for actors to stop.
Called postfire()
Called prefire()
Called fire()
Checking for deadlock:
There are 3 Blocked actors, 0 Stopped actors, and 4 active threads.
Waiting for actors to stop.
Sent output token with value 4.0
Next port to read input from is inputA
Called postfire()
Called prefire()
Called fire()
Read input token from inputA with value 5.0
Called postfire()
Called prefire()
Called fire()
Sent output token with value 4.5
Next port to read input from is inputB
Called postfire()
Called prefire()
Called fire()
Called prefire()
Called fire()
Past the end of training data. Read and discard all inputs.
Checking for deadlock:
Read input token from inputB with value 6.0
There are 2 Blocked actors, 0 Stopped actors, and 4 active threads.
Waiting for actors to stop.
Called postfire()
Sent output token with value 5.0
Called prefire()
Called fire()
Next port to read input from is inputA
Called postfire()
Called prefire()
Called fire()
Checking for deadlock:
There are 2 Blocked actors, 0 Stopped actors, and 4 active threads.
Waiting for actors to stop.
Called prefire()
Called fire()
Past the end of training data. Read and discard all inputs.
Read input token from inputA with value 6.0
Checking for deadlock:
There are 2 Blocked actors, 0 Stopped actors, and 4 active threads.
Waiting for actors to stop.
Called postfire()
Called prefire()
Called fire()
Sent output token with value 6.0
Checking for deadlock:
There are 2 Blocked actors, 0 Stopped actors, and 4 active threads.
Next port to read input from is inputB
Called postfire()
Waiting for actors to stop.
Called prefire()
Called prefire()
Called fire()
Called fire()
Past the end of training data. Read and discard all inputs.
Checking for deadlock:
There are 2 Blocked actors, 0 Stopped actors, and 4 active threads.
Read input token from inputB with value 7.5
Waiting for actors to stop.
Called postfire()
Called prefire()
Called fire()
Checking for deadlock:
There are 3 Blocked actors, 0 Stopped actors, and 4 active threads.
Waiting for actors to stop.
Checking for deadlock:
There are 2 Blocked actors, 0 Stopped actors, and 4 active threads.
Waiting for actors to stop.
Called prefire()
Called fire()
Past the end of training data. Read and discard all inputs.
Sent output token with value 6.0
Checking for deadlock:
There are 3 Blocked actors, 0 Stopped actors, and 4 active threads.
Waiting for actors to stop.
Next port to read input from is inputA
Called postfire()
Called prefire()
Called fire()
Checking for deadlock:
There are 2 Blocked actors, 0 Stopped actors, and 4 active threads.
Read input token from inputA with value 7.0
Waiting for actors to stop.
Called postfire()
Called prefire()
Sent output token with value 7.0
Called prefire()
Called fire()
Next port to read input from is inputA
Called postfire()
Checking for deadlock:
Called fire()
Called prefire()
Called fire()
Past the end of training data. Read and discard all inputs.
There are 1 Blocked actors, 0 Stopped actors, and 4 active threads.
Waiting for actors to stop.
Checking for deadlock:
There are 3 Blocked actors, 0 Stopped actors, and 4 active threads.
Waiting for actors to stop.
Read input token from inputA with value 8.0
-- Thread wrapup() called.
Called wrapup()
Checking for deadlock:
There are 2 Blocked actors, 0 Stopped actors, and 4 active threads.
Waiting for actors to stop.
Thread .top.Ramp is exiting.
-- Thread stopped.
Sent output token with value 7.5
Next port to read input from is inputB
Called postfire()
Called prefire()
Called fire()
Read input token from inputB with value 9.0
Called prefire()
Called fire()
Past the end of training data. Read and discard all inputs.
Sent output token with value 8.0
Called prefire()
Called fire()
Next port to read input from is inputA
Past the end of training data. Read and discard all inputs.
Called postfire()
Called prefire()
Checking for deadlock:
Called fire()
There are 1 Blocked actors, 0 Stopped actors, and 3 active threads.
Waiting for actors to stop.
Called postfire()
Called prefire()
Called fire()
Checking for deadlock:
There are 2 Blocked actors, 0 Stopped actors, and 3 active threads.
Waiting for actors to stop.
Read input token from inputA with value 9.0
Called prefire()
Sent output token with value 9.0
Called fire()
Past the end of training data. Read and discard all inputs.
Checking for deadlock:
Next port to read input from is inputB
Called postfire()
Called prefire()
Called fire()
There are 2 Blocked actors, 0 Stopped actors, and 3 active threads.
Waiting for actors to stop.
Checking for deadlock:
There are 1 Blocked actors, 0 Stopped actors, and 3 active threads.
Waiting for actors to stop.
Called postfire()
Called prefire()
Called fire()
Checking for deadlock:
There are 2 Blocked actors, 0 Stopped actors, and 3 active threads.
Read input token from inputB with value 10.5
Waiting for actors to stop.
Checking for deadlock:
Sent output token with value 9.0
There are 1 Blocked actors, 0 Stopped actors, and 3 active threads.
Waiting for actors to stop.
Called prefire()
Called fire()
Next port to read input from is inputA
Past the end of training data. Read and discard all inputs.
Called postfire()
Called prefire()
Checking for deadlock:
Called fire()
There are 2 Blocked actors, 0 Stopped actors, and 3 active threads.
Waiting for actors to stop.
Checking for deadlock:
There are 3 Blocked actors, 0 Stopped actors, and 3 active threads.
Actors have stopped.
Checking for deadlock:
There are 3 Blocked actors, 0 Stopped actors, and 3 active threads.
Deadlock detected.
Resolving Deadlock
Checking for deadlock:
There are 3 Blocked actors, 0 Stopped actors, and 3 active threads.
Artificial Deadlock - increasing queue capacity.
increasing the capacity of receiver ptolemy.actor.TypedIOPort {.top.OrderedMerge.inputB} to 2
-- Thread wrapup() called.
Called wrapup()
Thread .top.Ramp2 is exiting.
-- Thread stopped.
Director: Called postfire().
Called postfire().
_stopRequested = false
_stopFireRequested = false
Returning from postfire(): true
Called fire().
Checking for deadlock:
There are 2 Blocked actors, 0 Stopped actors, and 2 active threads.
Actors have stopped.
Checking for deadlock:
There are 2 Blocked actors, 0 Stopped actors, and 2 active threads.
Deadlock detected.
Resolving Deadlock
Checking for deadlock:
There are 2 Blocked actors, 0 Stopped actors, and 2 active threads.
Deadlock detected: no processes blocked on write, but some are blocked on read.
Called postfire().
_stopRequested = false
_stopFireRequested = false
Returning from postfire(): false
Finished deactivating branches.
Called wrapup().
-- Thread wrapup() called.
-- Thread wrapup() called.
Called wrapup()
Called wrapup()
Thread .top.OrderedMerge is exiting.
-- Thread stopped.
-- Blocked Receiver call threw TerminateProcessException.
Thread .top.Test is exiting.
-- Thread stopped.
-- Blocked Receiver call threw TerminateProcessException.
81 ms. Memory: 153600K Free: 93990K (61%)
.top. Preinitializing ...
Invoking preinitialize():  .top.OrderedMerge
Called preinitialize()
Invoking preinitialize():  .top.Ramp
Called preinitialize()
Invoking preinitialize():  .top.Ramp2
Called preinitialize()
Invoking preinitialize():  .top.Test
Called preinitialize()
.top. Finished preinitialize().
Called initialize().
Invoking initialize():  .top.OrderedMerge
Initializing actor: .top.OrderedMerge
Adding a thread: .top.OrderedMerge
Invoking initialize():  .top.Ramp
Initializing actor: .top.Ramp
Adding a thread: .top.Ramp
Invoking initialize():  .top.Ramp2
Initializing actor: .top.Ramp2
Adding a thread: .top.Ramp2
Invoking initialize():  .top.Test
Initializing actor: .top.Test
Adding a thread: .top.Test
-- Starting thread.
Called initialize()
Called prefire()
Called fire()
-- Starting thread.
Called initialize()
Called prefire()
Called fire()
Called postfire()
Called prefire()
Called fire()
-- Starting thread.
Called initialize()
Called prefire()
Called fire()
Called postfire()
Called prefire()
Called fire()
Called fire().
Checking for deadlock:
There are 3 Blocked actors, 0 Stopped actors, and 4 active threads.
Waiting for actors to stop.
-- Starting thread.
Called initialize()
Called prefire()
Called fire()
Called postfire()
Called prefire()
Called fire()
Read input token from inputA with value 0.0
Checking for deadlock:
There are 3 Blocked actors, 0 Stopped actors, and 4 active threads.
Waiting for actors to stop.
Next port to read input from is inputB
Called postfire()
Called prefire()
Called fire()
Called postfire()
Called prefire()
Called fire()
Read input token from inputB with value 0.0
Sent output token with value 0.0
Next port to read input from is inputA
Called postfire()
Called prefire()
Called fire()
Read input token from inputA with value 1.0
Checking for deadlock:
There are 2 Blocked actors, 0 Stopped actors, and 4 active threads.
Waiting for actors to stop.
-- Read input: 0.0, which is expected to match: 0.0
Called prefire()
Called fire()
Called postfire()
Called prefire()
Called fire()
Checking for deadlock:
There are 3 Blocked actors, 0 Stopped actors, and 4 active threads.
Waiting for actors to stop.
Sent output token with value 0.0
Next port to read input from is inputB
Called postfire()
Called prefire()
Called fire()
Read input token from inputB with value 1.5
Called postfire()
Called prefire()
Called fire()
-- Read input: 0.0, which is expected to match: 0.0
Called prefire()
Called fire()
Checking for deadlock:
There are 3 Blocked actors, 0 Stopped actors, and 4 active threads.
Waiting for actors to stop.
Sent output token with value 1.0
Next port to read input from is inputA
Called postfire()
Called prefire()
Called fire()
Read input token from inputA with value 2.0
Called postfire()
Called prefire()
Called fire()
Checking for deadlock:
There are 3 Blocked actors, 0 Stopped actors, and 4 active threads.
Waiting for actors to stop.
-- Read input: 1.0, which is expected to match: 1.0
Called prefire()
Called fire()
Checking for deadlock:
There are 3 Blocked actors, 0 Stopped actors, and 4 active threads.
Waiting for actors to stop.
Sent output token with value 1.5
Next port to read input from is inputB
Called postfire()
Called prefire()
Called fire()
Read input token from inputB with value 3.0
Checking for deadlock:
There are 1 Blocked actors, 0 Stopped actors, and 4 active threads.
-- Read input: 1.5, which is expected to match: 1.5
Waiting for actors to stop.
Called prefire()
Called fire()
Checking for deadlock:
There are 2 Blocked actors, 0 Stopped actors, and 4 active threads.
Waiting for actors to stop.
Called postfire()
Called prefire()
Called fire()
Sent output token with value 2.0
Next port to read input from is inputA
Called postfire()
Called prefire()
Called fire()
Read input token from inputA with value 3.0
Called postfire()
Called prefire()
Called fire()
Checking for deadlock:
There are 3 Blocked actors, 0 Stopped actors, and 4 active threads.
Waiting for actors to stop.
-- Read input: 2.0, which is expected to match: 2.0
Called prefire()
Called fire()
Checking for deadlock:
There are 3 Blocked actors, 0 Stopped actors, and 4 active threads.
Waiting for actors to stop.
Checking for deadlock:
There are 2 Blocked actors, 0 Stopped actors, and 4 active threads.
Waiting for actors to stop.
-- Read input: 3.0, which is expected to match: 3.0
Called prefire()
Called fire()
Checking for deadlock:
There are 3 Blocked actors, 0 Stopped actors, and 4 active threads.
Waiting for actors to stop.
Sent output token with value 3.0
Next port to read input from is inputB
Called postfire()
Called prefire()
Called fire()
Read input token from inputB with value 4.5
Sent output token with value 3.0
Next port to read input from is inputA
Called postfire()
Called prefire()
Called fire()
Read input token from inputA with value 4.0
Called postfire()
Called postfire()
Called prefire()
Called prefire()
Called fire()
Called fire()
Checking for deadlock:
There are 2 Blocked actors, 0 Stopped actors, and 4 active threads.
Waiting for actors to stop.
-- Read input: 3.0, which is expected to match: 3.0
Called prefire()
Called fire()
Sent output token with value 4.0
Next port to read input from is inputA
Called postfire()
Called prefire()
Called fire()
Read input token from inputA with value 5.0
Checking for deadlock:
There are 1 Blocked actors, 0 Stopped actors, and 4 active threads.
Waiting for actors to stop.
-- Read input: 4.0, which is expected to match: 4.0
Called prefire()
Called postfire()
Called fire()
Called prefire()
Past the end of training data. Read and discard all inputs.
Called fire()
Sent output token with value 4.5
Next port to read input from is inputB
Called postfire()
Called prefire()
Called fire()
Read input token from inputB with value 6.0
Called postfire()
Called prefire()
Called fire()
Checking for deadlock:
Called prefire()
Called fire()
There are 2 Blocked actors, 0 Stopped actors, and 4 active threads.
Past the end of training data. Read and discard all inputs.
Waiting for actors to stop.
Checking for deadlock:
There are 3 Blocked actors, 0 Stopped actors, and 4 active threads.
Waiting for actors to stop.
Sent output token with value 5.0
Next port to read input from is inputA
Called postfire()
Called prefire()
Called fire()
Read input token from inputA with value 6.0
Checking for deadlock:
Called prefire()
There are 1 Blocked actors, 0 Stopped actors, and 4 active threads.
Called fire()
Waiting for actors to stop.
Past the end of training data. Read and discard all inputs.
Called postfire()
Called prefire()
Checking for deadlock:
Called fire()
There are 2 Blocked actors, 0 Stopped actors, and 4 active threads.
Waiting for actors to stop.
Sent output token with value 6.0
Next port to read input from is inputB
Called postfire()
Called prefire()
Called fire()
Read input token from inputB with value 7.5
Checking for deadlock:
There are 2 Blocked actors, 0 Stopped actors, and 4 active threads.
Waiting for actors to stop.
Called postfire()
Called prefire()
Called fire()
Called prefire()
Called fire()
Past the end of training data. Read and discard all inputs.
Checking for deadlock:
There are 3 Blocked actors, 0 Stopped actors, and 4 active threads.
Waiting for actors to stop.
Sent output token with value 6.0
Next port to read input from is inputA
Called postfire()
Called prefire()
Called fire()
Read input token from inputA with value 7.0
Checking for deadlock:
Called postfire()
There are 2 Blocked actors, 0 Stopped actors, and 4 active threads.
Called prefire()
Waiting for actors to stop.
Called fire()
Called prefire()
Called fire()
Past the end of training data. Read and discard all inputs.
Sent output token with value 7.0
Next port to read input from is inputA
Called postfire()
Called prefire()
Called fire()
Read input token from inputA with value 8.0
Checking for deadlock:
There are 2 Blocked actors, 0 Stopped actors, and 4 active threads.
Waiting for actors to stop.
-- Thread wrapup() called.
Called prefire()
Called fire()
Called wrapup()
Past the end of training data. Read and discard all inputs.
Thread .top.Ramp is exiting.
-- Thread stopped.
Sent output token with value 7.5
Next port to read input from is inputB
Called postfire()
Called prefire()
Called fire()
Read input token from inputB with value 9.0
Called prefire()
Called fire()
Past the end of training data. Read and discard all inputs.
Called postfire()
Called prefire()
Called fire()
Checking for deadlock:
There are 2 Blocked actors, 0 Stopped actors, and 3 active threads.
Waiting for actors to stop.
Sent output token with value 8.0
Next port to read input from is inputA
Called postfire()
Called prefire()
Called fire()
Read input token from inputA with value 9.0
Called prefire()
Called fire()
Past the end of training data. Read and discard all inputs.
Checking for deadlock:
There are 2 Blocked actors, 0 Stopped actors, and 3 active threads.
Waiting for actors to stop.
Sent output token with value 9.0
Next port to read input from is inputB
Called postfire()
Called prefire()
Called fire()
Read input token from inputB with value 10.5
Called prefire()
Called fire()
Past the end of training data. Read and discard all inputs.
Called postfire()
Called prefire()
Called fire()
Checking for deadlock:
There are 2 Blocked actors, 0 Stopped actors, and 3 active threads.
Waiting for actors to stop.
Called prefire()
Called fire()
Past the end of training data. Read and discard all inputs.
Checking for deadlock:
There are 2 Blocked actors, 0 Stopped actors, and 3 active threads.
Waiting for actors to stop.
Sent output token with value 9.0
Next port to read input from is inputA
Called postfire()
Called prefire()
Called fire()
Checking for deadlock:
There are 3 Blocked actors, 0 Stopped actors, and 3 active threads.
Actors have stopped.
Checking for deadlock:
There are 3 Blocked actors, 0 Stopped actors, and 3 active threads.
Deadlock detected.
Resolving Deadlock
Checking for deadlock:
There are 3 Blocked actors, 0 Stopped actors, and 3 active threads.
Artificial Deadlock - increasing queue capacity.
increasing the capacity of receiver ptolemy.actor.TypedIOPort {.top.OrderedMerge.inputB} to 2
Director: Called postfire().
Called postfire().
_stopRequested = false
_stopFireRequested = false
Returning from postfire(): true
Called fire().
Checking for deadlock:
There are 2 Blocked actors, 0 Stopped actors, and 3 active threads.
Waiting for actors to stop.
-- Thread wrapup() called.
Called wrapup()
Thread .top.Ramp2 is exiting.
-- Thread stopped.
Checking for deadlock:
There are 2 Blocked actors, 0 Stopped actors, and 2 active threads.
Actors have stopped.
Checking for deadlock:
There are 2 Blocked actors, 0 Stopped actors, and 2 active threads.
Deadlock detected.
Resolving Deadlock
Checking for deadlock:
There are 2 Blocked actors, 0 Stopped actors, and 2 active threads.
Deadlock detected: no processes blocked on write, but some are blocked on read.
Called postfire().
_stopRequested = false
_stopFireRequested = false
Returning from postfire(): false
Finished deactivating branches.
Called wrapup().
-- Thread wrapup() called.
Called wrapup()
-- Thread wrapup() called.
Called wrapup()
Thread .top.Test is exiting.
-- Thread stopped.
-- Blocked Receiver call threw TerminateProcessException.
Thread .top.OrderedMerge is exiting.
-- Thread stopped.
-- Blocked Receiver call threw TerminateProcessException.
61 ms. Memory: 153600K Free: 91434K (60%)
/home/travis/build/icyphy/ptII/ptolemy/actor/lib/test/Publisher.tcl
13 ms. Memory: 153600K Free: 85290K (56%)
9 ms. Memory: 153600K Free: 80170K (52%)
8 ms. Memory: 153600K Free: 76570K (50%)
9 ms. Memory: 153600K Free: 75546K (49%)
4 ms. Memory: 153600K Free: 74536K (49%)
12 ms. Memory: 153600K Free: 74026K (48%)
2 ms. Memory: 153600K Free: 73002K (48%)
9 ms. Memory: 153600K Free: 71978K (47%)
47 ms. Memory: 153600K Free: 137327K (89%)
4 ms. Memory: 153600K Free: 133231K (87%)
2 ms. Memory: 153600K Free: 132711K (86%)
3 ms. Memory: 153600K Free: 130655K (85%)
6 ms. Memory: 153600K Free: 122991K (80%)
5 ms. Memory: 153600K Free: 113261K (74%)
6 ms. Memory: 153600K Free: 102511K (67%)
/home/travis/build/icyphy/ptII/ptolemy/actor/lib/test/Pulse.tcl
7 ms. Memory: 153600K Free: 65119K (42%)
1 ms. Memory: 153600K Free: 64623K (42%)
4 ms. Memory: 153600K Free: 64109K (42%)
2 ms. Memory: 153600K Free: 63599K (41%)
1 ms. Memory: 153600K Free: 62575K (41%)
16 ms. Memory: 184320K Free: 166999K (91%)
3 ms. Memory: 184320K Free: 165975K (90%)
2 ms. Memory: 184320K Free: 165461K (90%)
2 ms. Memory: 184320K Free: 164951K (89%)
/home/travis/build/icyphy/ptII/ptolemy/actor/lib/test/Ramp.tcl
7 ms. Memory: 184320K Free: 162903K (88%)
2 ms. Memory: 184320K Free: 161879K (88%)
2 ms. Memory: 184320K Free: 161351K (88%)
3 ms. Memory: 184320K Free: 160327K (87%)
7 ms. Memory: 184320K Free: 159831K (87%)
10 ms. Memory: 184320K Free: 158807K (86%)
8 ms. Memory: 184320K Free: 157783K (86%)
5 actors
5000 microseconds per iteration to create
11 ms. Memory: 184320K Free: 155207K (84%)
3 ms. Memory: 184320K Free: 154711K (84%)
6 ms. Memory: 184320K Free: 154116K (84%)
8 ms. Memory: 184320K Free: 153173K (83%)
50 actors
58000 microseconds per iteration to create
56 ms. Memory: 184320K Free: 137813K (75%)
20 ms. Memory: 184320K Free: 136789K (74%)
5 ms. Memory: 184320K Free: 135765K (74%)
11 ms. Memory: 184320K Free: 134741K (73%)
500 actors
1684000 microseconds per iteration to create
276 ms. Memory: 184320K Free: 72138K (39%)
38 ms. Memory: 184320K Free: 67018K (36%)
37 ms. Memory: 184320K Free: 61898K (34%)
70 ms. Memory: 184320K Free: 158494K (86%)
/home/travis/build/icyphy/ptII/ptolemy/actor/lib/test/RampContinuous.tcl
8 ms. Memory: 184320K Free: 156909K (85%)
/home/travis/build/icyphy/ptII/ptolemy/actor/lib/test/RecordAssembler.tcl
4 ms. Memory: 184320K Free: 155422K (84%)
2 ms. Memory: 184320K Free: 154398K (84%)
/home/travis/build/icyphy/ptII/ptolemy/actor/lib/test/RecordDisassembler.tcl
7 ms. Memory: 184320K Free: 152350K (83%)
3 ms. Memory: 184320K Free: 151821K (82%)
3 ms. Memory: 184320K Free: 150781K (82%)
/home/travis/build/icyphy/ptII/ptolemy/actor/lib/test/Scale.tcl
3 ms. Memory: 184320K Free: 148749K (81%)
2 ms. Memory: 184320K Free: 148254K (80%)
1 ms. Memory: 184320K Free: 147230K (80%)
3 ms. Memory: 184320K Free: 146206K (79%)
2 ms. Memory: 184320K Free: 145661K (79%)
/home/travis/build/icyphy/ptII/ptolemy/actor/lib/test/SequentialClock.tcl
preinitializing
resolving types
initializing
executing number 1
wrapping up
idle
7 ms. Memory: 184320K Free: 144158K (78%)
Completed execution with 5 iterations
preinitializing
resolving types
initializing
executing number 1
wrapping up
idle
1 ms. Memory: 184320K Free: 143637K (78%)
Completed execution with 5 iterations
preinitializing
resolving types
initializing
executing number 1
wrapping up
idle
1 ms. Memory: 184320K Free: 143134K (78%)
Completed execution with 5 iterations
/home/travis/build/icyphy/ptII/ptolemy/actor/lib/test/SetVariable.tcl
4 ms. Memory: 184320K Free: 141581K (77%)


==== $PTII/ptolemy/actor/lib/test/SetVariable.tcl: SetVariable-3.1 changeFailed
==== Contents of test case:

    #Uses 2.1 above
    jdkCaptureErr {
        # This test was failing if we ran Exit.tcl and then this test.
        # MessageHandler.error() now actually throws the Exception.
	catch {$setVariable changeFailed [java::null]  [java::new Exception {Test exception for SetVariable.changeFailed()}]} errMsg
    } results
    list [string range $results 0 89] "\n" $errMsg

==== Result was:
{java.lang.Exception: Test exception for SetVariable.changeFailed()
	at java.base/jdk.inter} {
} {java.lang.RuntimeException: java.lang.Exception: Test exception for SetVariable.changeFailed()}
---- Result should have been:
{Failed to set variable.
java.lang.Exception: Test exception for SetVariable.changeFailed()} {
} {java.lang.RuntimeException: java.lang.Exception: Test exception for SetVariable.changeFailed()}
---- SetVariable-3.1 FAILED
/home/travis/build/icyphy/ptII/ptolemy/actor/lib/test/Sinewave.tcl
/home/travis/build/icyphy/ptII/ptolemy/actor/lib/test/SubscriptionAggregator.tcl
11 ms. Memory: 184320K Free: 129308K (70%)
3 ms. Memory: 184320K Free: 128798K (70%)
1 ms. Memory: 184320K Free: 128284K (70%)
1 ms. Memory: 184320K Free: 127774K (69%)
2 ms. Memory: 184320K Free: 124188K (67%)
22 ms. Memory: 184320K Free: 122140K (66%)
...............................................................1071 ms. Memory: 236544K Free: 106756K (45%)
/home/travis/build/icyphy/ptII/ptolemy/actor/lib/test/Test.tcl
 The next command will produce a warning about training mode,
   which may be ignored.
5 ms. Memory: 236544K Free: 104179K (44%)
3 ms. Memory: 236544K Free: 103684K (44%)
2 ms. Memory: 236544K Free: 103155K (44%)
2 ms. Memory: 236544K Free: 102131K (43%)
1 ms. Memory: 236544K Free: 101636K (43%)
3 ms. Memory: 236544K Free: 100612K (43%)
4 ms. Memory: 236544K Free: 99067K (42%)
 The next command will produce a warning about training mode,
   which may be ignored.
4 ms. Memory: 236544K Free: 97026K (41%)
 The next command will produce a warning about training mode,
   which may be ignored.
2 ms. Memory: 236544K Free: 95492K (40%)
1 ms. Memory: 236544K Free: 95492K (40%)
2 ms. Memory: 236544K Free: 94978K (40%)
2 ms. Memory: 236544K Free: 94468K (40%)
7 ms. Memory: 236544K Free: 93444K (40%)
3 ms. Memory: 236544K Free: 89348K (38%)
/home/travis/build/icyphy/ptII/ptolemy/actor/lib/test/TestExceptionHandler.tcl
 The next command will produce a warning about training mode,
   which may be ignored.
3 ms. Memory: 236544K Free: 88324K (37%)
1 ms. Memory: 236544K Free: 87810K (37%)
1 ms. Memory: 236544K Free: 87298K (37%)
/home/travis/build/icyphy/ptII/ptolemy/actor/lib/test/UnionDisassembler.tcl
16 ms. Memory: 236544K Free: 79618K (34%)
/home/travis/build/icyphy/ptII/ptolemy/actor/lib/test/VariableClock.tcl
preinitializing
resolving types
initializing
executing number 1
wrapping up
idle
4 ms. Memory: 236544K Free: 78084K (33%)
Completed execution with 11 iterations
preinitializing
resolving types
initializing
executing number 1
wrapping up
idle
3 ms. Memory: 236544K Free: 76546K (32%)
Completed execution with 10 iterations
11/30/19 06:26:39
Failed: 1  Total Tests: 234  ((Passed: 233, Newly Passed: 0)  Known Failed: 0) /home/travis/build/icyphy/ptII/ptolemy/actor/lib/test
----------------- testing (KnownFailure) /home/travis/build/icyphy/ptII/ptolemy/actor/lib/test/auto/knownFailedTests/PublisherPortToplevelSubscriber.xml
0 ms. Memory: 236544K Free: 190605K (81%)
Known Failure: java.lang.reflect.InvocationTargetException
----------------- testing (KnownFailure) /home/travis/build/icyphy/ptII/ptolemy/actor/lib/test/auto/knownFailedTests/PublisherSubscriberPortToplevel.xml
1 ms. Memory: 236544K Free: 186276K (79%)
Known Failure: java.lang.reflect.InvocationTargetException
----------------- testing (KnownFailure) /home/travis/build/icyphy/ptII/ptolemy/actor/lib/test/auto/knownFailedTests/PublisherSubscriptionAggregatorPort.xml
0 ms. Memory: 236544K Free: 182180K (77%)
Known Failure: java.lang.reflect.InvocationTargetException
----------------- testing (KnownFailure) /home/travis/build/icyphy/ptII/ptolemy/actor/lib/test/auto/knownFailedTests/sizedarray3.xml
4 ms. Memory: 236544K Free: 177570K (75%)
Known Failure: java.lang.reflect.InvocationTargetException
No auto/linux-amd64/*.xml tests in /home/travis/build/icyphy/ptII/ptolemy/actor/lib/test
AutoTests.java: About to close Vertx.
AutoTests.java: Vertx closed.

===========================================================================================
----------------- testing Sat Nov 30 06:26:40 UTC 2019 /home/travis/build/icyphy/ptII/ptolemy/actor/lib/test/auto/AbsoluteValue.xml
----------------- Instantiating /home/travis/build/icyphy/ptII/ptolemy/actor/lib/test/auto/AbsoluteValue.xml
7 ms. Memory: 236544K Free: 153508K (65%)
----------------- Invoking toplevel() on ptolemy.moml.MoMLSimpleApplication@10c266ea
----------------- Done invoking toplevel() on ptolemy.moml.MoMLSimpleApplication@10c266ea
reloadAllAccessors: .AbsoluteValue

===========================================================================================
----------------- testing Sat Nov 30 06:26:40 UTC 2019 /home/travis/build/icyphy/ptII/ptolemy/actor/lib/test/auto/AbsoluteValue2.xml
----------------- Instantiating /home/travis/build/icyphy/ptII/ptolemy/actor/lib/test/auto/AbsoluteValue2.xml
5 ms. Memory: 236544K Free: 146850K (62%)
----------------- Invoking toplevel() on ptolemy.moml.MoMLSimpleApplication@49b83a5
----------------- Done invoking toplevel() on ptolemy.moml.MoMLSimpleApplication@49b83a5
reloadAllAccessors: .AbsoluteValue2

===========================================================================================
----------------- testing Sat Nov 30 06:26:40 UTC 2019 /home/travis/build/icyphy/ptII/ptolemy/actor/lib/test/auto/Accumulator.xml
----------------- Instantiating /home/travis/build/icyphy/ptII/ptolemy/actor/lib/test/auto/Accumulator.xml
5 ms. Memory: 236544K Free: 140706K (59%)
----------------- Invoking toplevel() on ptolemy.moml.MoMLSimpleApplication@69620be8
----------------- Done invoking toplevel() on ptolemy.moml.MoMLSimpleApplication@69620be8
reloadAllAccessors: .Accumulator

===========================================================================================
----------------- testing Sat Nov 30 06:26:40 UTC 2019 /home/travis/build/icyphy/ptII/ptolemy/actor/lib/test/auto/Accumulator2.xml
----------------- Instantiating /home/travis/build/icyphy/ptII/ptolemy/actor/lib/test/auto/Accumulator2.xml
4 ms. Memory: 236544K Free: 135076K (57%)
----------------- Invoking toplevel() on ptolemy.moml.MoMLSimpleApplication@426783b7
----------------- Done invoking toplevel() on ptolemy.moml.MoMLSimpleApplication@426783b7
reloadAllAccessors: .Accumulator2

===========================================================================================
----------------- testing Sat Nov 30 06:26:40 UTC 2019 /home/travis/build/icyphy/ptII/ptolemy/actor/lib/test/auto/Accumulator3.xml
----------------- Instantiating /home/travis/build/icyphy/ptII/ptolemy/actor/lib/test/auto/Accumulator3.xml
3 ms. Memory: 236544K Free: 130980K (55%)
----------------- Invoking toplevel() on ptolemy.moml.MoMLSimpleApplication@14e24255
----------------- Done invoking toplevel() on ptolemy.moml.MoMLSimpleApplication@14e24255
reloadAllAccessors: .Accumulator3

===========================================================================================
----------------- testing Sat Nov 30 06:26:40 UTC 2019 /home/travis/build/icyphy/ptII/ptolemy/actor/lib/test/auto/ArrayAppend.xml
----------------- Instantiating /home/travis/build/icyphy/ptII/ptolemy/actor/lib/test/auto/ArrayAppend.xml
6 ms. Memory: 236544K Free: 124836K (53%)
----------------- Invoking toplevel() on ptolemy.moml.MoMLSimpleApplication@63a67af1
----------------- Done invoking toplevel() on ptolemy.moml.MoMLSimpleApplication@63a67af1
reloadAllAccessors: .ArrayAppend

===========================================================================================
----------------- testing Sat Nov 30 06:26:40 UTC 2019 /home/travis/build/icyphy/ptII/ptolemy/actor/lib/test/auto/ArrayAppend2.xml
----------------- Instantiating /home/travis/build/icyphy/ptII/ptolemy/actor/lib/test/auto/ArrayAppend2.xml
488 ms. Memory: 438272K Free: 387628K (88%)
----------------- Invoking toplevel() on ptolemy.moml.MoMLSimpleApplication@76a5668e
----------------- Done invoking toplevel() on ptolemy.moml.MoMLSimpleApplication@76a5668e
reloadAllAccessors: .ArrayAppend2

===========================================================================================
----------------- testing Sat Nov 30 06:26:41 UTC 2019 /home/travis/build/icyphy/ptII/ptolemy/actor/lib/test/auto/ArrayAppend3.xml
----------------- Instantiating /home/travis/build/icyphy/ptII/ptolemy/actor/lib/test/auto/ArrayAppend3.xml
6 ms. Memory: 438272K Free: 381484K (87%)
----------------- Invoking toplevel() on ptolemy.moml.MoMLSimpleApplication@412825ef
----------------- Done invoking toplevel() on ptolemy.moml.MoMLSimpleApplication@412825ef
reloadAllAccessors: .ArrayAppend3

===========================================================================================
----------------- testing Sat Nov 30 06:26:41 UTC 2019 /home/travis/build/icyphy/ptII/ptolemy/actor/lib/test/auto/ArrayAppend4.xml
----------------- Instantiating /home/travis/build/icyphy/ptII/ptolemy/actor/lib/test/auto/ArrayAppend4.xml
3 ms. Memory: 438272K Free: 376364K (86%)
----------------- Invoking toplevel() on ptolemy.moml.MoMLSimpleApplication@cec798b
----------------- Done invoking toplevel() on ptolemy.moml.MoMLSimpleApplication@cec798b
reloadAllAccessors: .ArrayAppend4

===========================================================================================
----------------- testing Sat Nov 30 06:26:41 UTC 2019 /home/travis/build/icyphy/ptII/ptolemy/actor/lib/test/auto/ArrayAppend5.xml
----------------- Instantiating /home/travis/build/icyphy/ptII/ptolemy/actor/lib/test/auto/ArrayAppend5.xml
2 ms. Memory: 438272K Free: 370734K (85%)
----------------- Invoking toplevel() on ptolemy.moml.MoMLSimpleApplication@7a43060a
----------------- Done invoking toplevel() on ptolemy.moml.MoMLSimpleApplication@7a43060a
reloadAllAccessors: .ArrayAppend5

===========================================================================================
----------------- testing Sat Nov 30 06:26:41 UTC 2019 /home/travis/build/icyphy/ptII/ptolemy/actor/lib/test/auto/ArrayAppend6.xml
----------------- Instantiating /home/travis/build/icyphy/ptII/ptolemy/actor/lib/test/auto/ArrayAppend6.xml
5 ms. Memory: 438272K Free: 365614K (83%)
----------------- Invoking toplevel() on ptolemy.moml.MoMLSimpleApplication@5336ee7f
----------------- Done invoking toplevel() on ptolemy.moml.MoMLSimpleApplication@5336ee7f
reloadAllAccessors: .ArrayAppend6

===========================================================================================
----------------- testing Sat Nov 30 06:26:41 UTC 2019 /home/travis/build/icyphy/ptII/ptolemy/actor/lib/test/auto/ArrayAppendPerformanceTest.xml
----------------- Instantiating /home/travis/build/icyphy/ptII/ptolemy/actor/lib/test/auto/ArrayAppendPerformanceTest.xml
47 ms. Memory: 438272K Free: 354350K (81%)
----------------- Invoking toplevel() on ptolemy.moml.MoMLSimpleApplication@103d0d81
----------------- Done invoking toplevel() on ptolemy.moml.MoMLSimpleApplication@103d0d81
reloadAllAccessors: .ArrayAppendPerformanceTest

===========================================================================================
----------------- testing Sat Nov 30 06:26:41 UTC 2019 /home/travis/build/icyphy/ptII/ptolemy/actor/lib/test/auto/ArrayAppendWithEmptyInput.xml
----------------- Instantiating /home/travis/build/icyphy/ptII/ptolemy/actor/lib/test/auto/ArrayAppendWithEmptyInput.xml
13 ms. Memory: 438272K Free: 346668K (79%)
----------------- Invoking toplevel() on ptolemy.moml.MoMLSimpleApplication@4fac464b
----------------- Done invoking toplevel() on ptolemy.moml.MoMLSimpleApplication@4fac464b
reloadAllAccessors: .ArrayAppendWithEmptyInput

===========================================================================================
----------------- testing Sat Nov 30 06:26:41 UTC 2019 /home/travis/build/icyphy/ptII/ptolemy/actor/lib/test/auto/ArrayAverage.xml
----------------- Instantiating /home/travis/build/icyphy/ptII/ptolemy/actor/lib/test/auto/ArrayAverage.xml
6 ms. Memory: 438272K Free: 338990K (77%)
----------------- Invoking toplevel() on ptolemy.moml.MoMLSimpleApplication@3eeb4d5a
----------------- Done invoking toplevel() on ptolemy.moml.MoMLSimpleApplication@3eeb4d5a
reloadAllAccessors: .ArrayAverage

===========================================================================================
----------------- testing Sat Nov 30 06:26:41 UTC 2019 /home/travis/build/icyphy/ptII/ptolemy/actor/lib/test/auto/ArrayContains.xml
----------------- Instantiating /home/travis/build/icyphy/ptII/ptolemy/actor/lib/test/auto/ArrayContains.xml
12 ms. Memory: 438272K Free: 332846K (76%)
----------------- Invoking toplevel() on ptolemy.moml.MoMLSimpleApplication@1415ac68
----------------- Done invoking toplevel() on ptolemy.moml.MoMLSimpleApplication@1415ac68
reloadAllAccessors: .ArrayContains

===========================================================================================
----------------- testing Sat Nov 30 06:26:41 UTC 2019 /home/travis/build/icyphy/ptII/ptolemy/actor/lib/test/auto/ArrayElement.xml
----------------- Instantiating /home/travis/build/icyphy/ptII/ptolemy/actor/lib/test/auto/ArrayElement.xml
27 ms. Memory: 438272K Free: 327212K (75%)
----------------- Invoking toplevel() on ptolemy.moml.MoMLSimpleApplication@2c192ce8
----------------- Done invoking toplevel() on ptolemy.moml.MoMLSimpleApplication@2c192ce8
reloadAllAccessors: .ArrayElement

===========================================================================================
----------------- testing Sat Nov 30 06:26:41 UTC 2019 /home/travis/build/icyphy/ptII/ptolemy/actor/lib/test/auto/ArrayElementAsMatrix.xml
----------------- Instantiating /home/travis/build/icyphy/ptII/ptolemy/actor/lib/test/auto/ArrayElementAsMatrix.xml
29 ms. Memory: 438272K Free: 316972K (72%)
----------------- Invoking toplevel() on ptolemy.moml.MoMLSimpleApplication@74447e15
----------------- Done invoking toplevel() on ptolemy.moml.MoMLSimpleApplication@74447e15
reloadAllAccessors: .ArrayElementAsMatrix

===========================================================================================
----------------- testing Sat Nov 30 06:26:41 UTC 2019 /home/travis/build/icyphy/ptII/ptolemy/actor/lib/test/auto/ArrayElementI.xml
----------------- Instantiating /home/travis/build/icyphy/ptII/ptolemy/actor/lib/test/auto/ArrayElementI.xml
5 ms. Memory: 438272K Free: 311852K (71%)
----------------- Invoking toplevel() on ptolemy.moml.MoMLSimpleApplication@28d3ebeb
----------------- Done invoking toplevel() on ptolemy.moml.MoMLSimpleApplication@28d3ebeb
reloadAllAccessors: .ArrayElementI

===========================================================================================
----------------- testing Sat Nov 30 06:26:41 UTC 2019 /home/travis/build/icyphy/ptII/ptolemy/actor/lib/test/auto/ArrayExtract.xml
----------------- Instantiating /home/travis/build/icyphy/ptII/ptolemy/actor/lib/test/auto/ArrayExtract.xml
10 ms. Memory: 438272K Free: 303150K (69%)
----------------- Invoking toplevel() on ptolemy.moml.MoMLSimpleApplication@4f088c6e
----------------- Done invoking toplevel() on ptolemy.moml.MoMLSimpleApplication@4f088c6e
reloadAllAccessors: .ArrayExtract

===========================================================================================
----------------- testing Sat Nov 30 06:26:41 UTC 2019 /home/travis/build/icyphy/ptII/ptolemy/actor/lib/test/auto/ArrayExtract2.xml
----------------- Instantiating /home/travis/build/icyphy/ptII/ptolemy/actor/lib/test/auto/ArrayExtract2.xml
9 ms. Memory: 438272K Free: 298030K (68%)
----------------- Invoking toplevel() on ptolemy.moml.MoMLSimpleApplication@64c03827
----------------- Done invoking toplevel() on ptolemy.moml.MoMLSimpleApplication@64c03827
reloadAllAccessors: .ArrayExtract2

===========================================================================================
----------------- testing Sat Nov 30 06:26:41 UTC 2019 /home/travis/build/icyphy/ptII/ptolemy/actor/lib/test/auto/ArrayLength.xml
----------------- Instantiating /home/travis/build/icyphy/ptII/ptolemy/actor/lib/test/auto/ArrayLength.xml
2 ms. Memory: 438272K Free: 293934K (67%)
----------------- Invoking toplevel() on ptolemy.moml.MoMLSimpleApplication@383149
----------------- Done invoking toplevel() on ptolemy.moml.MoMLSimpleApplication@383149
reloadAllAccessors: .ArrayLength

===========================================================================================
----------------- testing Sat Nov 30 06:26:41 UTC 2019 /home/travis/build/icyphy/ptII/ptolemy/actor/lib/test/auto/ArrayLevelCrossing.xml
----------------- Instantiating /home/travis/build/icyphy/ptII/ptolemy/actor/lib/test/auto/ArrayLevelCrossing.xml
5 ms. Memory: 438272K Free: 286252K (65%)
----------------- Invoking toplevel() on ptolemy.moml.MoMLSimpleApplication@533c9edb
----------------- Done invoking toplevel() on ptolemy.moml.MoMLSimpleApplication@533c9edb
reloadAllAccessors: .ArrayLevelCrossing

===========================================================================================
----------------- testing Sat Nov 30 06:26:41 UTC 2019 /home/travis/build/icyphy/ptII/ptolemy/actor/lib/test/auto/ArrayLevelCrossing2.xml
----------------- Instantiating /home/travis/build/icyphy/ptII/ptolemy/actor/lib/test/auto/ArrayLevelCrossing2.xml
5 ms. Memory: 438272K Free: 278574K (64%)
----------------- Invoking toplevel() on ptolemy.moml.MoMLSimpleApplication@635ea449
----------------- Done invoking toplevel() on ptolemy.moml.MoMLSimpleApplication@635ea449
reloadAllAccessors: .ArrayLevelCrossing2

===========================================================================================
----------------- testing Sat Nov 30 06:26:41 UTC 2019 /home/travis/build/icyphy/ptII/ptolemy/actor/lib/test/auto/ArrayPeakSearch.xml
----------------- Instantiating /home/travis/build/icyphy/ptII/ptolemy/actor/lib/test/auto/ArrayPeakSearch.xml
9 ms. Memory: 438272K Free: 269868K (62%)
----------------- Invoking toplevel() on ptolemy.moml.MoMLSimpleApplication@2380a6a
----------------- Done invoking toplevel() on ptolemy.moml.MoMLSimpleApplication@2380a6a
reloadAllAccessors: .ArrayPeakSearch

===========================================================================================
----------------- testing Sat Nov 30 06:26:42 UTC 2019 /home/travis/build/icyphy/ptII/ptolemy/actor/lib/test/auto/ArrayPeakSearch2.xml
----------------- Instantiating /home/travis/build/icyphy/ptII/ptolemy/actor/lib/test/auto/ArrayPeakSearch2.xml
10 ms. Memory: 438272K Free: 259597K (59%)
----------------- Invoking toplevel() on ptolemy.moml.MoMLSimpleApplication@600200cc
----------------- Done invoking toplevel() on ptolemy.moml.MoMLSimpleApplication@600200cc
reloadAllAccessors: .ArrayPeakSearch2

===========================================================================================
----------------- testing Sat Nov 30 06:26:42 UTC 2019 /home/travis/build/icyphy/ptII/ptolemy/actor/lib/test/auto/ArrayPeakSearch3.xml
----------------- Instantiating /home/travis/build/icyphy/ptII/ptolemy/actor/lib/test/auto/ArrayPeakSearch3.xml
7 ms. Memory: 438272K Free: 250412K (57%)
----------------- Invoking toplevel() on ptolemy.moml.MoMLSimpleApplication@5662da87
----------------- Done invoking toplevel() on ptolemy.moml.MoMLSimpleApplication@5662da87
reloadAllAccessors: .ArrayPeakSearch3

===========================================================================================
----------------- testing Sat Nov 30 06:26:42 UTC 2019 /home/travis/build/icyphy/ptII/ptolemy/actor/lib/test/auto/ArrayRemoveElement.xml
----------------- Instantiating /home/travis/build/icyphy/ptII/ptolemy/actor/lib/test/auto/ArrayRemoveElement.xml
4 ms. Memory: 438272K Free: 242734K (55%)
----------------- Invoking toplevel() on ptolemy.moml.MoMLSimpleApplication@7862d955
----------------- Done invoking toplevel() on ptolemy.moml.MoMLSimpleApplication@7862d955
reloadAllAccessors: .ArrayRemoveElement

===========================================================================================
----------------- testing Sat Nov 30 06:26:42 UTC 2019 /home/travis/build/icyphy/ptII/ptolemy/actor/lib/test/auto/ArraySort.xml
----------------- Instantiating /home/travis/build/icyphy/ptII/ptolemy/actor/lib/test/auto/ArraySort.xml
12 ms. Memory: 438272K Free: 233518K (53%)
----------------- Invoking toplevel() on ptolemy.moml.MoMLSimpleApplication@a42cfbd
----------------- Done invoking toplevel() on ptolemy.moml.MoMLSimpleApplication@a42cfbd
reloadAllAccessors: .ArraySort

===========================================================================================
----------------- testing Sat Nov 30 06:26:42 UTC 2019 /home/travis/build/icyphy/ptII/ptolemy/actor/lib/test/auto/ArraySum.xml
----------------- Instantiating /home/travis/build/icyphy/ptII/ptolemy/actor/lib/test/auto/ArraySum.xml
7 ms. Memory: 438272K Free: 228398K (52%)
----------------- Invoking toplevel() on ptolemy.moml.MoMLSimpleApplication@4f62336a
----------------- Done invoking toplevel() on ptolemy.moml.MoMLSimpleApplication@4f62336a
reloadAllAccessors: .ArraySum

===========================================================================================
----------------- testing Sat Nov 30 06:26:42 UTC 2019 /home/travis/build/icyphy/ptII/ptolemy/actor/lib/test/auto/ArrayToElements.xml
----------------- Instantiating /home/travis/build/icyphy/ptII/ptolemy/actor/lib/test/auto/ArrayToElements.xml
10 ms. Memory: 438272K Free: 222764K (51%)
----------------- Invoking toplevel() on ptolemy.moml.MoMLSimpleApplication@19f4c50f
----------------- Done invoking toplevel() on ptolemy.moml.MoMLSimpleApplication@19f4c50f
reloadAllAccessors: .ArrayToElements

===========================================================================================
----------------- testing Sat Nov 30 06:26:42 UTC 2019 /home/travis/build/icyphy/ptII/ptolemy/actor/lib/test/auto/ArrayToMatrix.xml
----------------- Instantiating /home/travis/build/icyphy/ptII/ptolemy/actor/lib/test/auto/ArrayToMatrix.xml
14 ms. Memory: 438272K Free: 208942K (48%)
----------------- Invoking toplevel() on ptolemy.moml.MoMLSimpleApplication@d5700e3
----------------- Done invoking toplevel() on ptolemy.moml.MoMLSimpleApplication@d5700e3
reloadAllAccessors: .ArrayToMatrix

===========================================================================================
----------------- testing Sat Nov 30 06:26:42 UTC 2019 /home/travis/build/icyphy/ptII/ptolemy/actor/lib/test/auto/ArrayUpdate1.xml
----------------- Instantiating /home/travis/build/icyphy/ptII/ptolemy/actor/lib/test/auto/ArrayUpdate1.xml
7 ms. Memory: 438272K Free: 203822K (47%)
----------------- Invoking toplevel() on ptolemy.moml.MoMLSimpleApplication@247bba22
----------------- Done invoking toplevel() on ptolemy.moml.MoMLSimpleApplication@247bba22
reloadAllAccessors: .ArrayUpdate1

===========================================================================================
----------------- testing Sat Nov 30 06:26:42 UTC 2019 /home/travis/build/icyphy/ptII/ptolemy/actor/lib/test/auto/ArrayUpdate2.xml
----------------- Instantiating /home/travis/build/icyphy/ptII/ptolemy/actor/lib/test/auto/ArrayUpdate2.xml
4 ms. Memory: 438272K Free: 197678K (45%)
----------------- Invoking toplevel() on ptolemy.moml.MoMLSimpleApplication@3528f9
----------------- Done invoking toplevel() on ptolemy.moml.MoMLSimpleApplication@3528f9
reloadAllAccessors: .ArrayUpdate2

===========================================================================================
----------------- testing Sat Nov 30 06:26:42 UTC 2019 /home/travis/build/icyphy/ptII/ptolemy/actor/lib/test/auto/ArrayUpdate3.xml
----------------- Instantiating /home/travis/build/icyphy/ptII/ptolemy/actor/lib/test/auto/ArrayUpdate3.xml
7 ms. Memory: 438272K Free: 387630K (88%)
----------------- Invoking toplevel() on ptolemy.moml.MoMLSimpleApplication@25c84110
----------------- Done invoking toplevel() on ptolemy.moml.MoMLSimpleApplication@25c84110
reloadAllAccessors: .ArrayUpdate3

===========================================================================================
----------------- testing Sat Nov 30 06:26:42 UTC 2019 /home/travis/build/icyphy/ptII/ptolemy/actor/lib/test/auto/Assert1.xml
----------------- Instantiating /home/travis/build/icyphy/ptII/ptolemy/actor/lib/test/auto/Assert1.xml
7 ms. Memory: 438272K Free: 383534K (88%)
----------------- Invoking toplevel() on ptolemy.moml.MoMLSimpleApplication@89de165
----------------- Done invoking toplevel() on ptolemy.moml.MoMLSimpleApplication@89de165
reloadAllAccessors: .Assert1

===========================================================================================
----------------- testing Sat Nov 30 06:26:42 UTC 2019 /home/travis/build/icyphy/ptII/ptolemy/actor/lib/test/auto/Assert2.xml
----------------- Instantiating /home/travis/build/icyphy/ptII/ptolemy/actor/lib/test/auto/Assert2.xml
3 ms. Memory: 438272K Free: 377900K (86%)
----------------- Invoking toplevel() on ptolemy.moml.MoMLSimpleApplication@d6a8cfc
----------------- Done invoking toplevel() on ptolemy.moml.MoMLSimpleApplication@d6a8cfc
reloadAllAccessors: .Assert2

===========================================================================================
----------------- testing Sat Nov 30 06:26:42 UTC 2019 /home/travis/build/icyphy/ptII/ptolemy/actor/lib/test/auto/BooleanMultiplexor.xml
----------------- Instantiating /home/travis/build/icyphy/ptII/ptolemy/actor/lib/test/auto/BooleanMultiplexor.xml
3 ms. Memory: 438272K Free: 372765K (85%)
----------------- Invoking toplevel() on ptolemy.moml.MoMLSimpleApplication@30bb7e3e
----------------- Done invoking toplevel() on ptolemy.moml.MoMLSimpleApplication@30bb7e3e
reloadAllAccessors: .BooleanMultiplexor

===========================================================================================
----------------- testing Sat Nov 30 06:26:42 UTC 2019 /home/travis/build/icyphy/ptII/ptolemy/actor/lib/test/auto/BooleanMultiplexor2.xml
----------------- Instantiating /home/travis/build/icyphy/ptII/ptolemy/actor/lib/test/auto/BooleanMultiplexor2.xml
13 ms. Memory: 438272K Free: 366126K (84%)
----------------- Invoking toplevel() on ptolemy.moml.MoMLSimpleApplication@77170953
----------------- Done invoking toplevel() on ptolemy.moml.MoMLSimpleApplication@77170953
reloadAllAccessors: .BooleanMultiplexor2

===========================================================================================
----------------- testing Sat Nov 30 06:26:42 UTC 2019 /home/travis/build/icyphy/ptII/ptolemy/actor/lib/test/auto/BooleanMultiplexor3.xml
----------------- Instantiating /home/travis/build/icyphy/ptII/ptolemy/actor/lib/test/auto/BooleanMultiplexor3.xml
2 ms. Memory: 438272K Free: 362540K (83%)
----------------- Invoking toplevel() on ptolemy.moml.MoMLSimpleApplication@6079a9c7
----------------- Done invoking toplevel() on ptolemy.moml.MoMLSimpleApplication@6079a9c7
reloadAllAccessors: .BooleanMultiplexor3

===========================================================================================
----------------- testing Sat Nov 30 06:26:42 UTC 2019 /home/travis/build/icyphy/ptII/ptolemy/actor/lib/test/auto/BooleanSelect.xml
----------------- Instantiating /home/travis/build/icyphy/ptII/ptolemy/actor/lib/test/auto/BooleanSelect.xml
5 ms. Memory: 438272K Free: 356381K (81%)
----------------- Invoking toplevel() on ptolemy.moml.MoMLSimpleApplication@15f95716
----------------- Done invoking toplevel() on ptolemy.moml.MoMLSimpleApplication@15f95716
reloadAllAccessors: .BooleanSelect

===========================================================================================
----------------- testing Sat Nov 30 06:26:42 UTC 2019 /home/travis/build/icyphy/ptII/ptolemy/actor/lib/test/auto/BooleanSelect2.xml
----------------- Instantiating /home/travis/build/icyphy/ptII/ptolemy/actor/lib/test/auto/BooleanSelect2.xml
1 ms. Memory: 438272K Free: 352300K (80%)
----------------- Invoking toplevel() on ptolemy.moml.MoMLSimpleApplication@157f1d4
----------------- Done invoking toplevel() on ptolemy.moml.MoMLSimpleApplication@157f1d4
reloadAllAccessors: .BooleanSelect2

===========================================================================================
----------------- testing Sat Nov 30 06:26:42 UTC 2019 /home/travis/build/icyphy/ptII/ptolemy/actor/lib/test/auto/BooleanSwitch.xml
----------------- Instantiating /home/travis/build/icyphy/ptII/ptolemy/actor/lib/test/auto/BooleanSwitch.xml
19 ms. Memory: 438272K Free: 346156K (79%)
----------------- Invoking toplevel() on ptolemy.moml.MoMLSimpleApplication@5030c228
----------------- Done invoking toplevel() on ptolemy.moml.MoMLSimpleApplication@5030c228
reloadAllAccessors: .BooleanSwitch

===========================================================================================
----------------- testing Sat Nov 30 06:26:42 UTC 2019 /home/travis/build/icyphy/ptII/ptolemy/actor/lib/test/auto/BooleanSwitch2.xml
----------------- Instantiating /home/travis/build/icyphy/ptII/ptolemy/actor/lib/test/auto/BooleanSwitch2.xml
2 ms. Memory: 438272K Free: 341550K (78%)
----------------- Invoking toplevel() on ptolemy.moml.MoMLSimpleApplication@63b19716
----------------- Done invoking toplevel() on ptolemy.moml.MoMLSimpleApplication@63b19716
reloadAllAccessors: .BooleanSwitch2

===========================================================================================
----------------- testing Sat Nov 30 06:26:42 UTC 2019 /home/travis/build/icyphy/ptII/ptolemy/actor/lib/test/auto/BooleanSwitchCloningBugWithClassRelationGroup.xml
----------------- Instantiating /home/travis/build/icyphy/ptII/ptolemy/actor/lib/test/auto/BooleanSwitchCloningBugWithClassRelationGroup.xml
3 ms. Memory: 438272K Free: 335406K (77%)
----------------- Invoking toplevel() on ptolemy.moml.MoMLSimpleApplication@719925f6
----------------- Done invoking toplevel() on ptolemy.moml.MoMLSimpleApplication@719925f6
reloadAllAccessors: .BooleanSwitchCloningBugWithClassRelationGroup

===========================================================================================
----------------- testing Sat Nov 30 06:26:42 UTC 2019 /home/travis/build/icyphy/ptII/ptolemy/actor/lib/test/auto/BusActors.xml
----------------- Instantiating /home/travis/build/icyphy/ptII/ptolemy/actor/lib/test/auto/BusActors.xml
4 ms. Memory: 438272K Free: 327724K (75%)
----------------- Invoking toplevel() on ptolemy.moml.MoMLSimpleApplication@8deb87f
----------------- Done invoking toplevel() on ptolemy.moml.MoMLSimpleApplication@8deb87f
reloadAllAccessors: .BusActors

===========================================================================================
----------------- testing Sat Nov 30 06:26:42 UTC 2019 /home/travis/build/icyphy/ptII/ptolemy/actor/lib/test/auto/ClassWrapper.xml
----------------- Instantiating /home/travis/build/icyphy/ptII/ptolemy/actor/lib/test/auto/ClassWrapper.xml
4 ms. Memory: 438272K Free: 323628K (74%)
----------------- Invoking toplevel() on ptolemy.moml.MoMLSimpleApplication@754d5b0f
----------------- Done invoking toplevel() on ptolemy.moml.MoMLSimpleApplication@754d5b0f
reloadAllAccessors: .ClassWrapper

===========================================================================================
----------------- testing Sat Nov 30 06:26:42 UTC 2019 /home/travis/build/icyphy/ptII/ptolemy/actor/lib/test/auto/Clock.xml
----------------- Instantiating /home/travis/build/icyphy/ptII/ptolemy/actor/lib/test/auto/Clock.xml
1 ms. Memory: 438272K Free: 319532K (73%)
----------------- Invoking toplevel() on ptolemy.moml.MoMLSimpleApplication@3a58b2a5
----------------- Done invoking toplevel() on ptolemy.moml.MoMLSimpleApplication@3a58b2a5
reloadAllAccessors: .Clock

===========================================================================================
----------------- testing Sat Nov 30 06:26:42 UTC 2019 /home/travis/build/icyphy/ptII/ptolemy/actor/lib/test/auto/Clock10.xml
----------------- Instantiating /home/travis/build/icyphy/ptII/ptolemy/actor/lib/test/auto/Clock10.xml
3 ms. Memory: 438272K Free: 313902K (72%)
----------------- Invoking toplevel() on ptolemy.moml.MoMLSimpleApplication@20afb8a1
----------------- Done invoking toplevel() on ptolemy.moml.MoMLSimpleApplication@20afb8a1
reloadAllAccessors: .Clock10

===========================================================================================
----------------- testing Sat Nov 30 06:26:42 UTC 2019 /home/travis/build/icyphy/ptII/ptolemy/actor/lib/test/auto/Clock11.xml
----------------- Instantiating /home/travis/build/icyphy/ptII/ptolemy/actor/lib/test/auto/Clock11.xml
9 ms. Memory: 438272K Free: 307758K (70%)
----------------- Invoking toplevel() on ptolemy.moml.MoMLSimpleApplication@3e4e6eb
----------------- Done invoking toplevel() on ptolemy.moml.MoMLSimpleApplication@3e4e6eb
reloadAllAccessors: .Clock11

===========================================================================================
----------------- testing Sat Nov 30 06:26:42 UTC 2019 /home/travis/build/icyphy/ptII/ptolemy/actor/lib/test/auto/Clock12.xml
----------------- Instantiating /home/travis/build/icyphy/ptII/ptolemy/actor/lib/test/auto/Clock12.xml
6 ms. Memory: 438272K Free: 302124K (69%)
----------------- Invoking toplevel() on ptolemy.moml.MoMLSimpleApplication@663688ff
----------------- Done invoking toplevel() on ptolemy.moml.MoMLSimpleApplication@663688ff
reloadAllAccessors: .Clock12

===========================================================================================
----------------- testing Sat Nov 30 06:26:43 UTC 2019 /home/travis/build/icyphy/ptII/ptolemy/actor/lib/test/auto/Clock13.xml
----------------- Instantiating /home/travis/build/icyphy/ptII/ptolemy/actor/lib/test/auto/Clock13.xml
6 ms. Memory: 438272K Free: 295949K (68%)
----------------- Invoking toplevel() on ptolemy.moml.MoMLSimpleApplication@4a7fa8f4
----------------- Done invoking toplevel() on ptolemy.moml.MoMLSimpleApplication@4a7fa8f4
reloadAllAccessors: .Clock13

===========================================================================================
----------------- testing Sat Nov 30 06:26:43 UTC 2019 /home/travis/build/icyphy/ptII/ptolemy/actor/lib/test/auto/Clock14.xml
----------------- Instantiating /home/travis/build/icyphy/ptII/ptolemy/actor/lib/test/auto/Clock14.xml
3 ms. Memory: 438272K Free: 290350K (66%)
----------------- Invoking toplevel() on ptolemy.moml.MoMLSimpleApplication@12c6722e
----------------- Done invoking toplevel() on ptolemy.moml.MoMLSimpleApplication@12c6722e
reloadAllAccessors: .Clock14

===========================================================================================
----------------- testing Sat Nov 30 06:26:43 UTC 2019 /home/travis/build/icyphy/ptII/ptolemy/actor/lib/test/auto/Clock15.xml
----------------- Instantiating /home/travis/build/icyphy/ptII/ptolemy/actor/lib/test/auto/Clock15.xml
5 ms. Memory: 438272K Free: 284206K (65%)
----------------- Invoking toplevel() on ptolemy.moml.MoMLSimpleApplication@5419e41f
----------------- Done invoking toplevel() on ptolemy.moml.MoMLSimpleApplication@5419e41f
reloadAllAccessors: .Clock15

===========================================================================================
----------------- testing Sat Nov 30 06:26:43 UTC 2019 /home/travis/build/icyphy/ptII/ptolemy/actor/lib/test/auto/Clock16.xml
----------------- Instantiating /home/travis/build/icyphy/ptII/ptolemy/actor/lib/test/auto/Clock16.xml
42 ms. Memory: 438272K Free: 269870K (62%)
----------------- Invoking toplevel() on ptolemy.moml.MoMLSimpleApplication@589588cc
----------------- Done invoking toplevel() on ptolemy.moml.MoMLSimpleApplication@589588cc
reloadAllAccessors: .Clock16

===========================================================================================
----------------- testing Sat Nov 30 06:26:43 UTC 2019 /home/travis/build/icyphy/ptII/ptolemy/actor/lib/test/auto/Clock17.xml
----------------- Instantiating /home/travis/build/icyphy/ptII/ptolemy/actor/lib/test/auto/Clock17.xml
27 ms. Memory: 438272K Free: 255534K (58%)
----------------- Invoking toplevel() on ptolemy.moml.MoMLSimpleApplication@1ee8433e
----------------- Done invoking toplevel() on ptolemy.moml.MoMLSimpleApplication@1ee8433e
reloadAllAccessors: .Clock17

===========================================================================================
----------------- testing Sat Nov 30 06:26:43 UTC 2019 /home/travis/build/icyphy/ptII/ptolemy/actor/lib/test/auto/Clock18.xml
----------------- Instantiating /home/travis/build/icyphy/ptII/ptolemy/actor/lib/test/auto/Clock18.xml
24 ms. Memory: 438272K Free: 241708K (55%)
----------------- Invoking toplevel() on ptolemy.moml.MoMLSimpleApplication@151ea1e4
----------------- Done invoking toplevel() on ptolemy.moml.MoMLSimpleApplication@151ea1e4
reloadAllAccessors: .Clock18

===========================================================================================
----------------- testing Sat Nov 30 06:26:43 UTC 2019 /home/travis/build/icyphy/ptII/ptolemy/actor/lib/test/auto/Clock19.xml
----------------- Instantiating /home/travis/build/icyphy/ptII/ptolemy/actor/lib/test/auto/Clock19.xml
12 ms. Memory: 438272K Free: 228910K (52%)
----------------- Invoking toplevel() on ptolemy.moml.MoMLSimpleApplication@392bcd43
----------------- Done invoking toplevel() on ptolemy.moml.MoMLSimpleApplication@392bcd43
reloadAllAccessors: .Clock19

===========================================================================================
----------------- testing Sat Nov 30 06:26:43 UTC 2019 /home/travis/build/icyphy/ptII/ptolemy/actor/lib/test/auto/Clock2.xml
----------------- Instantiating /home/travis/build/icyphy/ptII/ptolemy/actor/lib/test/auto/Clock2.xml
6 ms. Memory: 438272K Free: 223261K (51%)
----------------- Invoking toplevel() on ptolemy.moml.MoMLSimpleApplication@46f9c4eb
----------------- Done invoking toplevel() on ptolemy.moml.MoMLSimpleApplication@46f9c4eb
reloadAllAccessors: .Clock2

===========================================================================================
----------------- testing Sat Nov 30 06:26:43 UTC 2019 /home/travis/build/icyphy/ptII/ptolemy/actor/lib/test/auto/Clock20.xml
----------------- Instantiating /home/travis/build/icyphy/ptII/ptolemy/actor/lib/test/auto/Clock20.xml
10 ms. Memory: 438272K Free: 218156K (50%)
----------------- Invoking toplevel() on ptolemy.moml.MoMLSimpleApplication@72169dcc
----------------- Done invoking toplevel() on ptolemy.moml.MoMLSimpleApplication@72169dcc
reloadAllAccessors: .Clock20

===========================================================================================
----------------- testing Sat Nov 30 06:26:43 UTC 2019 /home/travis/build/icyphy/ptII/ptolemy/actor/lib/test/auto/Clock21.xml
----------------- Instantiating /home/travis/build/icyphy/ptII/ptolemy/actor/lib/test/auto/Clock21.xml
8 ms. Memory: 438272K Free: 212526K (48%)
----------------- Invoking toplevel() on ptolemy.moml.MoMLSimpleApplication@245af7da
----------------- Done invoking toplevel() on ptolemy.moml.MoMLSimpleApplication@245af7da
reloadAllAccessors: .Clock21

===========================================================================================
----------------- testing Sat Nov 30 06:26:43 UTC 2019 /home/travis/build/icyphy/ptII/ptolemy/actor/lib/test/auto/Clock22.xml
----------------- Instantiating /home/travis/build/icyphy/ptII/ptolemy/actor/lib/test/auto/Clock22.xml
4 ms. Memory: 438272K Free: 207406K (47%)
----------------- Invoking toplevel() on ptolemy.moml.MoMLSimpleApplication@50dc00ab
----------------- Done invoking toplevel() on ptolemy.moml.MoMLSimpleApplication@50dc00ab
reloadAllAccessors: .Clock22

===========================================================================================
----------------- testing Sat Nov 30 06:26:43 UTC 2019 /home/travis/build/icyphy/ptII/ptolemy/actor/lib/test/auto/Clock23.xml
----------------- Instantiating /home/travis/build/icyphy/ptII/ptolemy/actor/lib/test/auto/Clock23.xml
8 ms. Memory: 438272K Free: 201772K (46%)
----------------- Invoking toplevel() on ptolemy.moml.MoMLSimpleApplication@58c908d1
----------------- Done invoking toplevel() on ptolemy.moml.MoMLSimpleApplication@58c908d1
reloadAllAccessors: .Clock23

===========================================================================================
----------------- testing Sat Nov 30 06:26:43 UTC 2019 /home/travis/build/icyphy/ptII/ptolemy/actor/lib/test/auto/Clock24.xml
----------------- Instantiating /home/travis/build/icyphy/ptII/ptolemy/actor/lib/test/auto/Clock24.xml
7 ms. Memory: 438272K Free: 196142K (45%)
----------------- Invoking toplevel() on ptolemy.moml.MoMLSimpleApplication@7d6bc116
----------------- Done invoking toplevel() on ptolemy.moml.MoMLSimpleApplication@7d6bc116
reloadAllAccessors: .Clock24

===========================================================================================
----------------- testing Sat Nov 30 06:26:43 UTC 2019 /home/travis/build/icyphy/ptII/ptolemy/actor/lib/test/auto/Clock4.xml
----------------- Instantiating /home/travis/build/icyphy/ptII/ptolemy/actor/lib/test/auto/Clock4.xml
2 ms. Memory: 438272K Free: 191501K (44%)
----------------- Invoking toplevel() on ptolemy.moml.MoMLSimpleApplication@76ac4ac5
----------------- Done invoking toplevel() on ptolemy.moml.MoMLSimpleApplication@76ac4ac5
reloadAllAccessors: .Clock4

===========================================================================================
----------------- testing Sat Nov 30 06:26:43 UTC 2019 /home/travis/build/icyphy/ptII/ptolemy/actor/lib/test/auto/Clock5.xml
----------------- Instantiating /home/travis/build/icyphy/ptII/ptolemy/actor/lib/test/auto/Clock5.xml
2 ms. Memory: 438272K Free: 185902K (42%)
----------------- Invoking toplevel() on ptolemy.moml.MoMLSimpleApplication@216850f7
----------------- Done invoking toplevel() on ptolemy.moml.MoMLSimpleApplication@216850f7
reloadAllAccessors: .Clock5

===========================================================================================
----------------- testing Sat Nov 30 06:26:43 UTC 2019 /home/travis/build/icyphy/ptII/ptolemy/actor/lib/test/auto/Clock6.xml
----------------- Instantiating /home/travis/build/icyphy/ptII/ptolemy/actor/lib/test/auto/Clock6.xml
1 ms. Memory: 438272K Free: 181806K (41%)
----------------- Invoking toplevel() on ptolemy.moml.MoMLSimpleApplication@1127ba9
----------------- Done invoking toplevel() on ptolemy.moml.MoMLSimpleApplication@1127ba9
reloadAllAccessors: .Clock6

===========================================================================================
----------------- testing Sat Nov 30 06:26:43 UTC 2019 /home/travis/build/icyphy/ptII/ptolemy/actor/lib/test/auto/Clock7.xml
----------------- Instantiating /home/travis/build/icyphy/ptII/ptolemy/actor/lib/test/auto/Clock7.xml
3 ms. Memory: 438272K Free: 177196K (40%)
----------------- Invoking toplevel() on ptolemy.moml.MoMLSimpleApplication@51dff98
----------------- Done invoking toplevel() on ptolemy.moml.MoMLSimpleApplication@51dff98
reloadAllAccessors: .Clock7

===========================================================================================
----------------- testing Sat Nov 30 06:26:43 UTC 2019 /home/travis/build/icyphy/ptII/ptolemy/actor/lib/test/auto/Clock8.xml
----------------- Instantiating /home/travis/build/icyphy/ptII/ptolemy/actor/lib/test/auto/Clock8.xml
5 ms. Memory: 438272K Free: 171566K (39%)
----------------- Invoking toplevel() on ptolemy.moml.MoMLSimpleApplication@1211c183
----------------- Done invoking toplevel() on ptolemy.moml.MoMLSimpleApplication@1211c183
reloadAllAccessors: .Clock8

===========================================================================================
----------------- testing Sat Nov 30 06:26:43 UTC 2019 /home/travis/build/icyphy/ptII/ptolemy/actor/lib/test/auto/Clock9.xml
----------------- Instantiating /home/travis/build/icyphy/ptII/ptolemy/actor/lib/test/auto/Clock9.xml
5 ms. Memory: 438272K Free: 166446K (38%)
----------------- Invoking toplevel() on ptolemy.moml.MoMLSimpleApplication@4252ad2a
----------------- Done invoking toplevel() on ptolemy.moml.MoMLSimpleApplication@4252ad2a
reloadAllAccessors: .Clock9

===========================================================================================
----------------- testing Sat Nov 30 06:26:43 UTC 2019 /home/travis/build/icyphy/ptII/ptolemy/actor/lib/test/auto/CommDistDiscard.xml
----------------- Instantiating /home/travis/build/icyphy/ptII/ptolemy/actor/lib/test/auto/CommDistDiscard.xml
6 ms. Memory: 438272K Free: 160812K (37%)
----------------- Invoking toplevel() on ptolemy.moml.MoMLSimpleApplication@eb1be32
----------------- Done invoking toplevel() on ptolemy.moml.MoMLSimpleApplication@eb1be32
reloadAllAccessors: .CommDistDiscard

===========================================================================================
----------------- testing Sat Nov 30 06:26:43 UTC 2019 /home/travis/build/icyphy/ptII/ptolemy/actor/lib/test/auto/Commutator.xml
----------------- Instantiating /home/travis/build/icyphy/ptII/ptolemy/actor/lib/test/auto/Commutator.xml
2 ms. Memory: 438272K Free: 156716K (36%)
----------------- Invoking toplevel() on ptolemy.moml.MoMLSimpleApplication@49b09850
----------------- Done invoking toplevel() on ptolemy.moml.MoMLSimpleApplication@49b09850
reloadAllAccessors: .Commutator

===========================================================================================
----------------- testing Sat Nov 30 06:26:43 UTC 2019 /home/travis/build/icyphy/ptII/ptolemy/actor/lib/test/auto/Commutator2.xml
----------------- Instantiating /home/travis/build/icyphy/ptII/ptolemy/actor/lib/test/auto/Commutator2.xml
2 ms. Memory: 438272K Free: 152110K (35%)
----------------- Invoking toplevel() on ptolemy.moml.MoMLSimpleApplication@4b1b69db
----------------- Done invoking toplevel() on ptolemy.moml.MoMLSimpleApplication@4b1b69db
reloadAllAccessors: .Commutator2

===========================================================================================
----------------- testing Sat Nov 30 06:26:43 UTC 2019 /home/travis/build/icyphy/ptII/ptolemy/actor/lib/test/auto/Commutator3.xml
----------------- Instantiating /home/travis/build/icyphy/ptII/ptolemy/actor/lib/test/auto/Commutator3.xml
4 ms. Memory: 438272K Free: 387743K (88%)
----------------- Invoking toplevel() on ptolemy.moml.MoMLSimpleApplication@701ec560
----------------- Done invoking toplevel() on ptolemy.moml.MoMLSimpleApplication@701ec560
reloadAllAccessors: .Commutator3

===========================================================================================
----------------- testing Sat Nov 30 06:26:43 UTC 2019 /home/travis/build/icyphy/ptII/ptolemy/actor/lib/test/auto/Compare.xml
----------------- Instantiating /home/travis/build/icyphy/ptII/ptolemy/actor/lib/test/auto/Compare.xml
2 ms. Memory: 438272K Free: 381599K (87%)
----------------- Invoking toplevel() on ptolemy.moml.MoMLSimpleApplication@6e0acedd
----------------- Done invoking toplevel() on ptolemy.moml.MoMLSimpleApplication@6e0acedd
reloadAllAccessors: .Compare

===========================================================================================
----------------- testing Sat Nov 30 06:26:43 UTC 2019 /home/travis/build/icyphy/ptII/ptolemy/actor/lib/test/auto/CompareDE.xml
----------------- Instantiating /home/travis/build/icyphy/ptII/ptolemy/actor/lib/test/auto/CompareDE.xml
9 ms. Memory: 438272K Free: 374431K (85%)
----------------- Invoking toplevel() on ptolemy.moml.MoMLSimpleApplication@1714bc82
----------------- Done invoking toplevel() on ptolemy.moml.MoMLSimpleApplication@1714bc82
reloadAllAccessors: .CompareDE

===========================================================================================
----------------- testing Sat Nov 30 06:26:43 UTC 2019 /home/travis/build/icyphy/ptII/ptolemy/actor/lib/test/auto/ComplexDivide.xml
----------------- Instantiating /home/travis/build/icyphy/ptII/ptolemy/actor/lib/test/auto/ComplexDivide.xml
1 ms. Memory: 438272K Free: 370849K (85%)
----------------- Invoking toplevel() on ptolemy.moml.MoMLSimpleApplication@a4eaa1c
----------------- Done invoking toplevel() on ptolemy.moml.MoMLSimpleApplication@a4eaa1c
reloadAllAccessors: .ComplexDivide

===========================================================================================
----------------- testing Sat Nov 30 06:26:43 UTC 2019 /home/travis/build/icyphy/ptII/ptolemy/actor/lib/test/auto/ComputeHistogram.xml
----------------- Instantiating /home/travis/build/icyphy/ptII/ptolemy/actor/lib/test/auto/ComputeHistogram.xml
44 ms. Memory: 438272K Free: 358047K (82%)
----------------- Invoking toplevel() on ptolemy.moml.MoMLSimpleApplication@51c05a29
----------------- Done invoking toplevel() on ptolemy.moml.MoMLSimpleApplication@51c05a29
reloadAllAccessors: .ComputeHistogram

===========================================================================================
----------------- testing Sat Nov 30 06:26:43 UTC 2019 /home/travis/build/icyphy/ptII/ptolemy/actor/lib/test/auto/ConfigurationSelect.xml
----------------- Instantiating /home/travis/build/icyphy/ptII/ptolemy/actor/lib/test/auto/ConfigurationSelect.xml
8 ms. Memory: 438272K Free: 352417K (80%)
----------------- Invoking toplevel() on ptolemy.moml.MoMLSimpleApplication@1f984275
----------------- Done invoking toplevel() on ptolemy.moml.MoMLSimpleApplication@1f984275
reloadAllAccessors: .ConfigurationSelect

===========================================================================================
----------------- testing Sat Nov 30 06:26:44 UTC 2019 /home/travis/build/icyphy/ptII/ptolemy/actor/lib/test/auto/ConfigurationSelect2.xml
----------------- Instantiating /home/travis/build/icyphy/ptII/ptolemy/actor/lib/test/auto/ConfigurationSelect2.xml
2 ms. Memory: 438272K Free: 348321K (79%)
----------------- Invoking toplevel() on ptolemy.moml.MoMLSimpleApplication@577c3574
----------------- Done invoking toplevel() on ptolemy.moml.MoMLSimpleApplication@577c3574
reloadAllAccessors: .ConfigurationSelect2

===========================================================================================
----------------- testing Sat Nov 30 06:26:44 UTC 2019 /home/travis/build/icyphy/ptII/ptolemy/actor/lib/test/auto/ConfigurationSwitch.xml
----------------- Instantiating /home/travis/build/icyphy/ptII/ptolemy/actor/lib/test/auto/ConfigurationSwitch.xml
3 ms. Memory: 438272K Free: 342687K (78%)
----------------- Invoking toplevel() on ptolemy.moml.MoMLSimpleApplication@55a7a7c4
----------------- Done invoking toplevel() on ptolemy.moml.MoMLSimpleApplication@55a7a7c4
reloadAllAccessors: .ConfigurationSwitch

===========================================================================================
----------------- testing Sat Nov 30 06:26:44 UTC 2019 /home/travis/build/icyphy/ptII/ptolemy/actor/lib/test/auto/ConfigurationSwitch2.xml
----------------- Instantiating /home/travis/build/icyphy/ptII/ptolemy/actor/lib/test/auto/ConfigurationSwitch2.xml
2 ms. Memory: 438272K Free: 337567K (77%)
----------------- Invoking toplevel() on ptolemy.moml.MoMLSimpleApplication@11aaf3b9
----------------- Done invoking toplevel() on ptolemy.moml.MoMLSimpleApplication@11aaf3b9
reloadAllAccessors: .ConfigurationSwitch2

===========================================================================================
----------------- testing Sat Nov 30 06:26:44 UTC 2019 /home/travis/build/icyphy/ptII/ptolemy/actor/lib/test/auto/ConfigurationSwitchCloningBugWithClassRelationGroup.xml
----------------- Instantiating /home/travis/build/icyphy/ptII/ptolemy/actor/lib/test/auto/ConfigurationSwitchCloningBugWithClassRelationGroup.xml
2 ms. Memory: 438272K Free: 330399K (75%)
----------------- Invoking toplevel() on ptolemy.moml.MoMLSimpleApplication@1071a3df
----------------- Done invoking toplevel() on ptolemy.moml.MoMLSimpleApplication@1071a3df
reloadAllAccessors: .ConfigurationSwitchCloningBugWithClassRelationGroup

===========================================================================================
----------------- testing Sat Nov 30 06:26:44 UTC 2019 /home/travis/build/icyphy/ptII/ptolemy/actor/lib/test/auto/ConfigurationSwitchSelectSDF.xml
----------------- Instantiating /home/travis/build/icyphy/ptII/ptolemy/actor/lib/test/auto/ConfigurationSwitchSelectSDF.xml
3 ms. Memory: 438272K Free: 324255K (74%)
----------------- Invoking toplevel() on ptolemy.moml.MoMLSimpleApplication@2f8db883
----------------- Done invoking toplevel() on ptolemy.moml.MoMLSimpleApplication@2f8db883
reloadAllAccessors: .ConfigurationSwitchSelectSDF

===========================================================================================
----------------- testing Sat Nov 30 06:26:44 UTC 2019 /home/travis/build/icyphy/ptII/ptolemy/actor/lib/test/auto/ConfigurationSwitchSelectSDF2.xml
----------------- Instantiating /home/travis/build/icyphy/ptII/ptolemy/actor/lib/test/auto/ConfigurationSwitchSelectSDF2.xml
3 ms. Memory: 438272K Free: 318625K (73%)
----------------- Invoking toplevel() on ptolemy.moml.MoMLSimpleApplication@7c91fc26
----------------- Done invoking toplevel() on ptolemy.moml.MoMLSimpleApplication@7c91fc26
reloadAllAccessors: .ConfigurationSwitchSelectSDF2

===========================================================================================
----------------- testing Sat Nov 30 06:26:44 UTC 2019 /home/travis/build/icyphy/ptII/ptolemy/actor/lib/test/auto/Const.xml
----------------- Instantiating /home/travis/build/icyphy/ptII/ptolemy/actor/lib/test/auto/Const.xml
2 ms. Memory: 438272K Free: 315039K (72%)
----------------- Invoking toplevel() on ptolemy.moml.MoMLSimpleApplication@43f61373
----------------- Done invoking toplevel() on ptolemy.moml.MoMLSimpleApplication@43f61373
reloadAllAccessors: .Const

===========================================================================================
----------------- testing Sat Nov 30 06:26:44 UTC 2019 /home/travis/build/icyphy/ptII/ptolemy/actor/lib/test/auto/Const2.xml
----------------- Instantiating /home/travis/build/icyphy/ptII/ptolemy/actor/lib/test/auto/Const2.xml
2 ms. Memory: 438272K Free: 310943K (71%)
----------------- Invoking toplevel() on ptolemy.moml.MoMLSimpleApplication@5527bf31
----------------- Done invoking toplevel() on ptolemy.moml.MoMLSimpleApplication@5527bf31
reloadAllAccessors: .Const2

===========================================================================================
----------------- testing Sat Nov 30 06:26:44 UTC 2019 /home/travis/build/icyphy/ptII/ptolemy/actor/lib/test/auto/Const3.xml
----------------- Instantiating /home/travis/build/icyphy/ptII/ptolemy/actor/lib/test/auto/Const3.xml
1 ms. Memory: 438272K Free: 308385K (70%)
----------------- Invoking toplevel() on ptolemy.moml.MoMLSimpleApplication@a6523b4
----------------- Done invoking toplevel() on ptolemy.moml.MoMLSimpleApplication@a6523b4
reloadAllAccessors: .Const3

===========================================================================================
----------------- testing Sat Nov 30 06:26:44 UTC 2019 /home/travis/build/icyphy/ptII/ptolemy/actor/lib/test/auto/ConstantPublisherPort1.xml
----------------- Instantiating /home/travis/build/icyphy/ptII/ptolemy/actor/lib/test/auto/ConstantPublisherPort1.xml
8 ms. Memory: 438272K Free: 299679K (68%)
----------------- Invoking toplevel() on ptolemy.moml.MoMLSimpleApplication@3e790b4f
----------------- Done invoking toplevel() on ptolemy.moml.MoMLSimpleApplication@3e790b4f
reloadAllAccessors: .ConstantPublisherPort1

===========================================================================================
----------------- testing Sat Nov 30 06:26:44 UTC 2019 /home/travis/build/icyphy/ptII/ptolemy/actor/lib/test/auto/ConstantPublisherPort2.xml
----------------- Instantiating /home/travis/build/icyphy/ptII/ptolemy/actor/lib/test/auto/ConstantPublisherPort2.xml
14 ms. Memory: 438272K Free: 292001K (67%)
----------------- Invoking toplevel() on ptolemy.moml.MoMLSimpleApplication@7793fce5
----------------- Done invoking toplevel() on ptolemy.moml.MoMLSimpleApplication@7793fce5
reloadAllAccessors: .ConstantPublisherPort2

===========================================================================================
----------------- testing Sat Nov 30 06:26:44 UTC 2019 /home/travis/build/icyphy/ptII/ptolemy/actor/lib/test/auto/ConstantPublisherPort3.xml
----------------- Instantiating /home/travis/build/icyphy/ptII/ptolemy/actor/lib/test/auto/ConstantPublisherPort3.xml
7 ms. Memory: 438272K Free: 284833K (65%)
----------------- Invoking toplevel() on ptolemy.moml.MoMLSimpleApplication@70a70fa6
----------------- Done invoking toplevel() on ptolemy.moml.MoMLSimpleApplication@70a70fa6
reloadAllAccessors: .ConstantPublisherPort3

===========================================================================================
----------------- testing Sat Nov 30 06:26:44 UTC 2019 /home/travis/build/icyphy/ptII/ptolemy/actor/lib/test/auto/ConstantPublisherPort4.xml
----------------- Instantiating /home/travis/build/icyphy/ptII/ptolemy/actor/lib/test/auto/ConstantPublisherPort4.xml
3 ms. Memory: 438272K Free: 277665K (63%)
----------------- Invoking toplevel() on ptolemy.moml.MoMLSimpleApplication@5a88ce51
----------------- Done invoking toplevel() on ptolemy.moml.MoMLSimpleApplication@5a88ce51
reloadAllAccessors: .ConstantPublisherPort4

===========================================================================================
----------------- testing Sat Nov 30 06:26:44 UTC 2019 /home/travis/build/icyphy/ptII/ptolemy/actor/lib/test/auto/ConstantPublisherPort5.xml
----------------- Instantiating /home/travis/build/icyphy/ptII/ptolemy/actor/lib/test/auto/ConstantPublisherPort5.xml
35 ms. Memory: 438272K Free: 267935K (61%)
----------------- Invoking toplevel() on ptolemy.moml.MoMLSimpleApplication@5352aeb3
----------------- Done invoking toplevel() on ptolemy.moml.MoMLSimpleApplication@5352aeb3
reloadAllAccessors: .ConstantPublisherPort5

===========================================================================================
----------------- testing Sat Nov 30 06:26:44 UTC 2019 /home/travis/build/icyphy/ptII/ptolemy/actor/lib/test/auto/ConstantPublisherPort6.xml
----------------- Instantiating /home/travis/build/icyphy/ptII/ptolemy/actor/lib/test/auto/ConstantPublisherPort6.xml
17 ms. Memory: 438272K Free: 259233K (59%)
----------------- Invoking toplevel() on ptolemy.moml.MoMLSimpleApplication@64a25ba3
----------------- Done invoking toplevel() on ptolemy.moml.MoMLSimpleApplication@64a25ba3
reloadAllAccessors: .ConstantPublisherPort6

===========================================================================================
----------------- testing Sat Nov 30 06:26:44 UTC 2019 /home/travis/build/icyphy/ptII/ptolemy/actor/lib/test/auto/ConstantPublisherPort7.xml
----------------- Instantiating /home/travis/build/icyphy/ptII/ptolemy/actor/lib/test/auto/ConstantPublisherPort7.xml
16 ms. Memory: 438272K Free: 250017K (57%)
----------------- Invoking toplevel() on ptolemy.moml.MoMLSimpleApplication@1bc345a1
----------------- Done invoking toplevel() on ptolemy.moml.MoMLSimpleApplication@1bc345a1
reloadAllAccessors: .ConstantPublisherPort7

===========================================================================================
----------------- testing Sat Nov 30 06:26:44 UTC 2019 /home/travis/build/icyphy/ptII/ptolemy/actor/lib/test/auto/ConstraintMonitor1.xml
----------------- Instantiating /home/travis/build/icyphy/ptII/ptolemy/actor/lib/test/auto/ConstraintMonitor1.xml
7 ms. Memory: 438272K Free: 244383K (56%)
----------------- Invoking toplevel() on ptolemy.moml.MoMLSimpleApplication@6f83e0eb
----------------- Done invoking toplevel() on ptolemy.moml.MoMLSimpleApplication@6f83e0eb
reloadAllAccessors: .ConstraintMonitor1

===========================================================================================
----------------- testing Sat Nov 30 06:26:44 UTC 2019 /home/travis/build/icyphy/ptII/ptolemy/actor/lib/test/auto/ConstraintMonitor2.xml
----------------- Instantiating /home/travis/build/icyphy/ptII/ptolemy/actor/lib/test/auto/ConstraintMonitor2.xml
8 ms. Memory: 438272K Free: 239777K (55%)
----------------- Invoking toplevel() on ptolemy.moml.MoMLSimpleApplication@28faf32a
----------------- Done invoking toplevel() on ptolemy.moml.MoMLSimpleApplication@28faf32a
reloadAllAccessors: .ConstraintMonitor2

===========================================================================================
----------------- testing Sat Nov 30 06:26:44 UTC 2019 /home/travis/build/icyphy/ptII/ptolemy/actor/lib/test/auto/ConstraintMonitor3.xml
----------------- Instantiating /home/travis/build/icyphy/ptII/ptolemy/actor/lib/test/auto/ConstraintMonitor3.xml
1 ms. Memory: 438272K Free: 234657K (54%)
----------------- Invoking toplevel() on ptolemy.moml.MoMLSimpleApplication@5cb315d7
----------------- Done invoking toplevel() on ptolemy.moml.MoMLSimpleApplication@5cb315d7
reloadAllAccessors: .ConstraintMonitor3

===========================================================================================
----------------- testing Sat Nov 30 06:26:44 UTC 2019 /home/travis/build/icyphy/ptII/ptolemy/actor/lib/test/auto/ConstraintMonitor4.xml
----------------- Instantiating /home/travis/build/icyphy/ptII/ptolemy/actor/lib/test/auto/ConstraintMonitor4.xml
3 ms. Memory: 438272K Free: 229537K (52%)
----------------- Invoking toplevel() on ptolemy.moml.MoMLSimpleApplication@359286eb
----------------- Done invoking toplevel() on ptolemy.moml.MoMLSimpleApplication@359286eb
reloadAllAccessors: .ConstraintMonitor4

===========================================================================================
----------------- testing Sat Nov 30 06:26:44 UTC 2019 /home/travis/build/icyphy/ptII/ptolemy/actor/lib/test/auto/ConstraintMonitor5.xml
----------------- Instantiating /home/travis/build/icyphy/ptII/ptolemy/actor/lib/test/auto/ConstraintMonitor5.xml
3 ms. Memory: 438272K Free: 224417K (51%)
----------------- Invoking toplevel() on ptolemy.moml.MoMLSimpleApplication@43cb8ee2
----------------- Done invoking toplevel() on ptolemy.moml.MoMLSimpleApplication@43cb8ee2
reloadAllAccessors: .ConstraintMonitor5

===========================================================================================
----------------- testing Sat Nov 30 06:26:44 UTC 2019 /home/travis/build/icyphy/ptII/ptolemy/actor/lib/test/auto/ConstraintMonitor6.xml
----------------- Instantiating /home/travis/build/icyphy/ptII/ptolemy/actor/lib/test/auto/ConstraintMonitor6.xml
3 ms. Memory: 438272K Free: 218273K (50%)
----------------- Invoking toplevel() on ptolemy.moml.MoMLSimpleApplication@9fc5209
----------------- Done invoking toplevel() on ptolemy.moml.MoMLSimpleApplication@9fc5209
reloadAllAccessors: .ConstraintMonitor6

===========================================================================================
----------------- testing Sat Nov 30 06:26:44 UTC 2019 /home/travis/build/icyphy/ptII/ptolemy/actor/lib/test/auto/ConstraintMonitor7.xml
----------------- Instantiating /home/travis/build/icyphy/ptII/ptolemy/actor/lib/test/auto/ConstraintMonitor7.xml
5 ms. Memory: 438272K Free: 211609K (48%)
----------------- Invoking toplevel() on ptolemy.moml.MoMLSimpleApplication@283ece2c
----------------- Done invoking toplevel() on ptolemy.moml.MoMLSimpleApplication@283ece2c
reloadAllAccessors: .ConstraintMonitor7

===========================================================================================
----------------- testing Sat Nov 30 06:26:44 UTC 2019 /home/travis/build/icyphy/ptII/ptolemy/actor/lib/test/auto/ConstraintMonitor8.xml
----------------- Instantiating /home/travis/build/icyphy/ptII/ptolemy/actor/lib/test/auto/ConstraintMonitor8.xml
7 ms. Memory: 438272K Free: 204447K (47%)
----------------- Invoking toplevel() on ptolemy.moml.MoMLSimpleApplication@755faab
----------------- Done invoking toplevel() on ptolemy.moml.MoMLSimpleApplication@755faab
reloadAllAccessors: .ConstraintMonitor8

===========================================================================================
----------------- testing Sat Nov 30 06:26:44 UTC 2019 /home/travis/build/icyphy/ptII/ptolemy/actor/lib/test/auto/Counter.xml
----------------- Instantiating /home/travis/build/icyphy/ptII/ptolemy/actor/lib/test/auto/Counter.xml
2 ms. Memory: 438272K Free: 199327K (45%)
----------------- Invoking toplevel() on ptolemy.moml.MoMLSimpleApplication@21eb49ed
----------------- Done invoking toplevel() on ptolemy.moml.MoMLSimpleApplication@21eb49ed
reloadAllAccessors: .Counter

===========================================================================================
----------------- testing Sat Nov 30 06:26:44 UTC 2019 /home/travis/build/icyphy/ptII/ptolemy/actor/lib/test/auto/CurrentTimeSDF.xml
----------------- Instantiating /home/travis/build/icyphy/ptII/ptolemy/actor/lib/test/auto/CurrentTimeSDF.xml
2 ms. Memory: 438272K Free: 195231K (45%)
----------------- Invoking toplevel() on ptolemy.moml.MoMLSimpleApplication@1c52451e
----------------- Done invoking toplevel() on ptolemy.moml.MoMLSimpleApplication@1c52451e
reloadAllAccessors: .CurrentTimeSDF

===========================================================================================
----------------- testing Sat Nov 30 06:26:44 UTC 2019 /home/travis/build/icyphy/ptII/ptolemy/actor/lib/test/auto/DB.xml
----------------- Instantiating /home/travis/build/icyphy/ptII/ptolemy/actor/lib/test/auto/DB.xml
3 ms. Memory: 438272K Free: 190625K (43%)
----------------- Invoking toplevel() on ptolemy.moml.MoMLSimpleApplication@5e907f18
----------------- Done invoking toplevel() on ptolemy.moml.MoMLSimpleApplication@5e907f18
reloadAllAccessors: .DB

===========================================================================================
----------------- testing Sat Nov 30 06:26:44 UTC 2019 /home/travis/build/icyphy/ptII/ptolemy/actor/lib/test/auto/DBDE.xml
----------------- Instantiating /home/travis/build/icyphy/ptII/ptolemy/actor/lib/test/auto/DBDE.xml
3 ms. Memory: 438272K Free: 184481K (42%)
----------------- Invoking toplevel() on ptolemy.moml.MoMLSimpleApplication@3d01acd3
----------------- Done invoking toplevel() on ptolemy.moml.MoMLSimpleApplication@3d01acd3
reloadAllAccessors: .DBDE

===========================================================================================
----------------- testing Sat Nov 30 06:26:44 UTC 2019 /home/travis/build/icyphy/ptII/ptolemy/actor/lib/test/auto/DateConstructor.xml
----------------- Instantiating /home/travis/build/icyphy/ptII/ptolemy/actor/lib/test/auto/DateConstructor.xml
32 ms. Memory: 438272K Free: 167073K (38%)
----------------- Invoking toplevel() on ptolemy.moml.MoMLSimpleApplication@271b0729
----------------- Done invoking toplevel() on ptolemy.moml.MoMLSimpleApplication@271b0729
reloadAllAccessors: .DateConstructor

===========================================================================================
----------------- testing Sat Nov 30 06:26:44 UTC 2019 /home/travis/build/icyphy/ptII/ptolemy/actor/lib/test/auto/DelayTime.xml
----------------- Instantiating /home/travis/build/icyphy/ptII/ptolemy/actor/lib/test/auto/DelayTime.xml
6 ms. Memory: 438272K Free: 162463K (37%)
----------------- Invoking toplevel() on ptolemy.moml.MoMLSimpleApplication@1f8e263d
----------------- Done invoking toplevel() on ptolemy.moml.MoMLSimpleApplication@1f8e263d
reloadAllAccessors: .DelayTime

===========================================================================================
----------------- testing Sat Nov 30 06:26:44 UTC 2019 /home/travis/build/icyphy/ptII/ptolemy/actor/lib/test/auto/Dictionary1.xml
----------------- Instantiating /home/travis/build/icyphy/ptII/ptolemy/actor/lib/test/auto/Dictionary1.xml
2 ms. Memory: 438272K Free: 156833K (36%)
----------------- Invoking toplevel() on ptolemy.moml.MoMLSimpleApplication@7ccd9ee4
----------------- Done invoking toplevel() on ptolemy.moml.MoMLSimpleApplication@7ccd9ee4
reloadAllAccessors: .Dictionary1

===========================================================================================
----------------- testing Sat Nov 30 06:26:45 UTC 2019 /home/travis/build/icyphy/ptII/ptolemy/actor/lib/test/auto/Dictionary2.xml
----------------- Instantiating /home/travis/build/icyphy/ptII/ptolemy/actor/lib/test/auto/Dictionary2.xml
5 ms. Memory: 438272K Free: 151199K (34%)
----------------- Invoking toplevel() on ptolemy.moml.MoMLSimpleApplication@ee37139
----------------- Done invoking toplevel() on ptolemy.moml.MoMLSimpleApplication@ee37139
reloadAllAccessors: .Dictionary2

===========================================================================================
----------------- testing Sat Nov 30 06:26:45 UTC 2019 /home/travis/build/icyphy/ptII/ptolemy/actor/lib/test/auto/Dictionary3.xml
----------------- Instantiating /home/travis/build/icyphy/ptII/ptolemy/actor/lib/test/auto/Dictionary3.xml
1 ms. Memory: 438272K Free: 145569K (33%)
----------------- Invoking toplevel() on ptolemy.moml.MoMLSimpleApplication@42201f7e
----------------- Done invoking toplevel() on ptolemy.moml.MoMLSimpleApplication@42201f7e
reloadAllAccessors: .Dictionary3

===========================================================================================
----------------- testing Sat Nov 30 06:26:45 UTC 2019 /home/travis/build/icyphy/ptII/ptolemy/actor/lib/test/auto/Dictionary4.xml
----------------- Instantiating /home/travis/build/icyphy/ptII/ptolemy/actor/lib/test/auto/Dictionary4.xml
3 ms. Memory: 438272K Free: 138911K (32%)
----------------- Invoking toplevel() on ptolemy.moml.MoMLSimpleApplication@43a580d7
----------------- Done invoking toplevel() on ptolemy.moml.MoMLSimpleApplication@43a580d7
reloadAllAccessors: .Dictionary4

===========================================================================================
----------------- testing Sat Nov 30 06:26:45 UTC 2019 /home/travis/build/icyphy/ptII/ptolemy/actor/lib/test/auto/Differential.xml
----------------- Instantiating /home/travis/build/icyphy/ptII/ptolemy/actor/lib/test/auto/Differential.xml
3 ms. Memory: 438272K Free: 134305K (31%)
----------------- Invoking toplevel() on ptolemy.moml.MoMLSimpleApplication@4282bb97
----------------- Done invoking toplevel() on ptolemy.moml.MoMLSimpleApplication@4282bb97
reloadAllAccessors: .Differential

===========================================================================================
----------------- testing Sat Nov 30 06:26:45 UTC 2019 /home/travis/build/icyphy/ptII/ptolemy/actor/lib/test/auto/Director.xml
----------------- Instantiating /home/travis/build/icyphy/ptII/ptolemy/actor/lib/test/auto/Director.xml
18 ms. Memory: 438272K Free: 390700K (89%)
----------------- Invoking toplevel() on ptolemy.moml.MoMLSimpleApplication@4aa8e44
----------------- Done invoking toplevel() on ptolemy.moml.MoMLSimpleApplication@4aa8e44
reloadAllAccessors: .Director

===========================================================================================
----------------- testing Sat Nov 30 06:26:45 UTC 2019 /home/travis/build/icyphy/ptII/ptolemy/actor/lib/test/auto/DiscreteClock.xml
----------------- Instantiating /home/travis/build/icyphy/ptII/ptolemy/actor/lib/test/auto/DiscreteClock.xml
4 ms. Memory: 438272K Free: 386094K (88%)
----------------- Invoking toplevel() on ptolemy.moml.MoMLSimpleApplication@7f6f1c99
----------------- Done invoking toplevel() on ptolemy.moml.MoMLSimpleApplication@7f6f1c99
reloadAllAccessors: .DiscreteClock

===========================================================================================
----------------- testing Sat Nov 30 06:26:45 UTC 2019 /home/travis/build/icyphy/ptII/ptolemy/actor/lib/test/auto/DiscreteClock10.xml
----------------- Instantiating /home/travis/build/icyphy/ptII/ptolemy/actor/lib/test/auto/DiscreteClock10.xml
4 ms. Memory: 438272K Free: 380460K (87%)
----------------- Invoking toplevel() on ptolemy.moml.MoMLSimpleApplication@31c809f7
----------------- Done invoking toplevel() on ptolemy.moml.MoMLSimpleApplication@31c809f7
reloadAllAccessors: .DiscreteClock10

===========================================================================================
----------------- testing Sat Nov 30 06:26:45 UTC 2019 /home/travis/build/icyphy/ptII/ptolemy/actor/lib/test/auto/DiscreteClock11.xml
----------------- Instantiating /home/travis/build/icyphy/ptII/ptolemy/actor/lib/test/auto/DiscreteClock11.xml
2 ms. Memory: 438272K Free: 374316K (85%)
----------------- Invoking toplevel() on ptolemy.moml.MoMLSimpleApplication@1214cc12
----------------- Done invoking toplevel() on ptolemy.moml.MoMLSimpleApplication@1214cc12
reloadAllAccessors: .DiscreteClock11

===========================================================================================
----------------- testing Sat Nov 30 06:26:45 UTC 2019 /home/travis/build/icyphy/ptII/ptolemy/actor/lib/test/auto/DiscreteClock12.xml
----------------- Instantiating /home/travis/build/icyphy/ptII/ptolemy/actor/lib/test/auto/DiscreteClock12.xml
3 ms. Memory: 438272K Free: 368172K (84%)
----------------- Invoking toplevel() on ptolemy.moml.MoMLSimpleApplication@6bc13440
----------------- Done invoking toplevel() on ptolemy.moml.MoMLSimpleApplication@6bc13440
reloadAllAccessors: .DiscreteClock12

===========================================================================================
----------------- testing Sat Nov 30 06:26:45 UTC 2019 /home/travis/build/icyphy/ptII/ptolemy/actor/lib/test/auto/DiscreteClock13.xml
----------------- Instantiating /home/travis/build/icyphy/ptII/ptolemy/actor/lib/test/auto/DiscreteClock13.xml
5 ms. Memory: 438272K Free: 361997K (83%)
----------------- Invoking toplevel() on ptolemy.moml.MoMLSimpleApplication@15829aa3
----------------- Done invoking toplevel() on ptolemy.moml.MoMLSimpleApplication@15829aa3
reloadAllAccessors: .DiscreteClock13

===========================================================================================
----------------- testing Sat Nov 30 06:26:45 UTC 2019 /home/travis/build/icyphy/ptII/ptolemy/actor/lib/test/auto/DiscreteClock14.xml
----------------- Instantiating /home/travis/build/icyphy/ptII/ptolemy/actor/lib/test/auto/DiscreteClock14.xml
6 ms. Memory: 438272K Free: 356398K (81%)
----------------- Invoking toplevel() on ptolemy.moml.MoMLSimpleApplication@5478b504
----------------- Done invoking toplevel() on ptolemy.moml.MoMLSimpleApplication@5478b504
reloadAllAccessors: .DiscreteClock14

===========================================================================================
----------------- testing Sat Nov 30 06:26:45 UTC 2019 /home/travis/build/icyphy/ptII/ptolemy/actor/lib/test/auto/DiscreteClock15.xml
----------------- Instantiating /home/travis/build/icyphy/ptII/ptolemy/actor/lib/test/auto/DiscreteClock15.xml
3 ms. Memory: 438272K Free: 350254K (80%)
----------------- Invoking toplevel() on ptolemy.moml.MoMLSimpleApplication@4e46a50f
----------------- Done invoking toplevel() on ptolemy.moml.MoMLSimpleApplication@4e46a50f
reloadAllAccessors: .DiscreteClock15

===========================================================================================
----------------- testing Sat Nov 30 06:26:45 UTC 2019 /home/travis/build/icyphy/ptII/ptolemy/actor/lib/test/auto/DiscreteClock16.xml
----------------- Instantiating /home/travis/build/icyphy/ptII/ptolemy/actor/lib/test/auto/DiscreteClock16.xml
19 ms. Memory: 438272K Free: 336428K (77%)
----------------- Invoking toplevel() on ptolemy.moml.MoMLSimpleApplication@152b3433
----------------- Done invoking toplevel() on ptolemy.moml.MoMLSimpleApplication@152b3433
reloadAllAccessors: .DiscreteClock16

===========================================================================================
----------------- testing Sat Nov 30 06:26:45 UTC 2019 /home/travis/build/icyphy/ptII/ptolemy/actor/lib/test/auto/DiscreteClock17.xml
----------------- Instantiating /home/travis/build/icyphy/ptII/ptolemy/actor/lib/test/auto/DiscreteClock17.xml
20 ms. Memory: 438272K Free: 322077K (73%)
----------------- Invoking toplevel() on ptolemy.moml.MoMLSimpleApplication@21a0ab71
----------------- Done invoking toplevel() on ptolemy.moml.MoMLSimpleApplication@21a0ab71
reloadAllAccessors: .DiscreteClock17

===========================================================================================
----------------- testing Sat Nov 30 06:26:45 UTC 2019 /home/travis/build/icyphy/ptII/ptolemy/actor/lib/test/auto/DiscreteClock18.xml
----------------- Instantiating /home/travis/build/icyphy/ptII/ptolemy/actor/lib/test/auto/DiscreteClock18.xml
24 ms. Memory: 438272K Free: 308780K (70%)
----------------- Invoking toplevel() on ptolemy.moml.MoMLSimpleApplication@2ed68580
----------------- Done invoking toplevel() on ptolemy.moml.MoMLSimpleApplication@2ed68580
reloadAllAccessors: .DiscreteClock18

===========================================================================================
----------------- testing Sat Nov 30 06:26:45 UTC 2019 /home/travis/build/icyphy/ptII/ptolemy/actor/lib/test/auto/DiscreteClock19.xml
----------------- Instantiating /home/travis/build/icyphy/ptII/ptolemy/actor/lib/test/auto/DiscreteClock19.xml
22 ms. Memory: 438272K Free: 294958K (67%)
----------------- Invoking toplevel() on ptolemy.moml.MoMLSimpleApplication@27e4fb92
----------------- Done invoking toplevel() on ptolemy.moml.MoMLSimpleApplication@27e4fb92
reloadAllAccessors: .DiscreteClock19

===========================================================================================
----------------- testing Sat Nov 30 06:26:45 UTC 2019 /home/travis/build/icyphy/ptII/ptolemy/actor/lib/test/auto/DiscreteClock2.xml
----------------- Instantiating /home/travis/build/icyphy/ptII/ptolemy/actor/lib/test/auto/DiscreteClock2.xml
5 ms. Memory: 438272K Free: 289838K (66%)
----------------- Invoking toplevel() on ptolemy.moml.MoMLSimpleApplication@7da52adf
----------------- Done invoking toplevel() on ptolemy.moml.MoMLSimpleApplication@7da52adf
reloadAllAccessors: .DiscreteClock2

===========================================================================================
----------------- testing Sat Nov 30 06:26:45 UTC 2019 /home/travis/build/icyphy/ptII/ptolemy/actor/lib/test/auto/DiscreteClock20.xml
----------------- Instantiating /home/travis/build/icyphy/ptII/ptolemy/actor/lib/test/auto/DiscreteClock20.xml
7 ms. Memory: 438272K Free: 284204K (65%)
----------------- Invoking toplevel() on ptolemy.moml.MoMLSimpleApplication@1f0cc784
----------------- Done invoking toplevel() on ptolemy.moml.MoMLSimpleApplication@1f0cc784
reloadAllAccessors: .DiscreteClock20

===========================================================================================
----------------- testing Sat Nov 30 06:26:45 UTC 2019 /home/travis/build/icyphy/ptII/ptolemy/actor/lib/test/auto/DiscreteClock21.xml
----------------- Instantiating /home/travis/build/icyphy/ptII/ptolemy/actor/lib/test/auto/DiscreteClock21.xml
6 ms. Memory: 438272K Free: 279084K (64%)
----------------- Invoking toplevel() on ptolemy.moml.MoMLSimpleApplication@6fde3bf4
----------------- Done invoking toplevel() on ptolemy.moml.MoMLSimpleApplication@6fde3bf4
reloadAllAccessors: .DiscreteClock21

===========================================================================================
----------------- testing Sat Nov 30 06:26:45 UTC 2019 /home/travis/build/icyphy/ptII/ptolemy/actor/lib/test/auto/DiscreteClock22.xml
----------------- Instantiating /home/travis/build/icyphy/ptII/ptolemy/actor/lib/test/auto/DiscreteClock22.xml
6 ms. Memory: 438272K Free: 273454K (62%)
----------------- Invoking toplevel() on ptolemy.moml.MoMLSimpleApplication@10745542
----------------- Done invoking toplevel() on ptolemy.moml.MoMLSimpleApplication@10745542
reloadAllAccessors: .DiscreteClock22

===========================================================================================
----------------- testing Sat Nov 30 06:26:45 UTC 2019 /home/travis/build/icyphy/ptII/ptolemy/actor/lib/test/auto/DiscreteClock23.xml
----------------- Instantiating /home/travis/build/icyphy/ptII/ptolemy/actor/lib/test/auto/DiscreteClock23.xml
9 ms. Memory: 438272K Free: 267820K (61%)
----------------- Invoking toplevel() on ptolemy.moml.MoMLSimpleApplication@3087fe3b
----------------- Done invoking toplevel() on ptolemy.moml.MoMLSimpleApplication@3087fe3b
reloadAllAccessors: .DiscreteClock23

===========================================================================================
----------------- testing Sat Nov 30 06:26:45 UTC 2019 /home/travis/build/icyphy/ptII/ptolemy/actor/lib/test/auto/DiscreteClock24.xml
----------------- Instantiating /home/travis/build/icyphy/ptII/ptolemy/actor/lib/test/auto/DiscreteClock24.xml
5 ms. Memory: 438272K Free: 262190K (60%)
----------------- Invoking toplevel() on ptolemy.moml.MoMLSimpleApplication@29fe47a5
----------------- Done invoking toplevel() on ptolemy.moml.MoMLSimpleApplication@29fe47a5
reloadAllAccessors: .DiscreteClock24

===========================================================================================
----------------- testing Sat Nov 30 06:26:45 UTC 2019 /home/travis/build/icyphy/ptII/ptolemy/actor/lib/test/auto/DiscreteClock4.xml
----------------- Instantiating /home/travis/build/icyphy/ptII/ptolemy/actor/lib/test/auto/DiscreteClock4.xml
5 ms. Memory: 438272K Free: 257070K (59%)
----------------- Invoking toplevel() on ptolemy.moml.MoMLSimpleApplication@3408f7d4
----------------- Done invoking toplevel() on ptolemy.moml.MoMLSimpleApplication@3408f7d4
reloadAllAccessors: .DiscreteClock4

===========================================================================================
----------------- testing Sat Nov 30 06:26:45 UTC 2019 /home/travis/build/icyphy/ptII/ptolemy/actor/lib/test/auto/DiscreteClock5.xml
----------------- Instantiating /home/travis/build/icyphy/ptII/ptolemy/actor/lib/test/auto/DiscreteClock5.xml
2 ms. Memory: 438272K Free: 251429K (57%)
----------------- Invoking toplevel() on ptolemy.moml.MoMLSimpleApplication@4d4580a8
----------------- Done invoking toplevel() on ptolemy.moml.MoMLSimpleApplication@4d4580a8
reloadAllAccessors: .DiscreteClock5

===========================================================================================
----------------- testing Sat Nov 30 06:26:45 UTC 2019 /home/travis/build/icyphy/ptII/ptolemy/actor/lib/test/auto/DiscreteClock6.xml
----------------- Instantiating /home/travis/build/icyphy/ptII/ptolemy/actor/lib/test/auto/DiscreteClock6.xml
1 ms. Memory: 438272K Free: 247325K (56%)
----------------- Invoking toplevel() on ptolemy.moml.MoMLSimpleApplication@8cf2c3a
----------------- Done invoking toplevel() on ptolemy.moml.MoMLSimpleApplication@8cf2c3a
reloadAllAccessors: .DiscreteClock6

===========================================================================================
----------------- testing Sat Nov 30 06:26:45 UTC 2019 /home/travis/build/icyphy/ptII/ptolemy/actor/lib/test/auto/DiscreteClock7.xml
----------------- Instantiating /home/travis/build/icyphy/ptII/ptolemy/actor/lib/test/auto/DiscreteClock7.xml
1 ms. Memory: 438272K Free: 242220K (55%)
----------------- Invoking toplevel() on ptolemy.moml.MoMLSimpleApplication@4d0de80
----------------- Done invoking toplevel() on ptolemy.moml.MoMLSimpleApplication@4d0de80
reloadAllAccessors: .DiscreteClock7

===========================================================================================
----------------- testing Sat Nov 30 06:26:45 UTC 2019 /home/travis/build/icyphy/ptII/ptolemy/actor/lib/test/auto/DiscreteClock8.xml
----------------- Instantiating /home/travis/build/icyphy/ptII/ptolemy/actor/lib/test/auto/DiscreteClock8.xml
4 ms. Memory: 438272K Free: 236590K (54%)
----------------- Invoking toplevel() on ptolemy.moml.MoMLSimpleApplication@30167448
----------------- Done invoking toplevel() on ptolemy.moml.MoMLSimpleApplication@30167448
reloadAllAccessors: .DiscreteClock8

===========================================================================================
----------------- testing Sat Nov 30 06:26:45 UTC 2019 /home/travis/build/icyphy/ptII/ptolemy/actor/lib/test/auto/DiscreteClock9.xml
----------------- Instantiating /home/travis/build/icyphy/ptII/ptolemy/actor/lib/test/auto/DiscreteClock9.xml
7 ms. Memory: 438272K Free: 230949K (53%)
----------------- Invoking toplevel() on ptolemy.moml.MoMLSimpleApplication@520b12f
----------------- Done invoking toplevel() on ptolemy.moml.MoMLSimpleApplication@520b12f
reloadAllAccessors: .DiscreteClock9

===========================================================================================
----------------- testing Sat Nov 30 06:26:45 UTC 2019 /home/travis/build/icyphy/ptII/ptolemy/actor/lib/test/auto/DisplayArray.xml
----------------- Instantiating /home/travis/build/icyphy/ptII/ptolemy/actor/lib/test/auto/DisplayArray.xml
2 ms. Memory: 438272K Free: 227374K (52%)
----------------- Invoking toplevel() on ptolemy.moml.MoMLSimpleApplication@73644c36
----------------- Done invoking toplevel() on ptolemy.moml.MoMLSimpleApplication@73644c36
reloadAllAccessors: .DisplayArray

===========================================================================================
----------------- testing Sat Nov 30 06:26:45 UTC 2019 /home/travis/build/icyphy/ptII/ptolemy/actor/lib/test/auto/Distributor.xml
----------------- Instantiating /home/travis/build/icyphy/ptII/ptolemy/actor/lib/test/auto/Distributor.xml
2 ms. Memory: 438272K Free: 222254K (51%)
----------------- Invoking toplevel() on ptolemy.moml.MoMLSimpleApplication@6a58d46e
----------------- Done invoking toplevel() on ptolemy.moml.MoMLSimpleApplication@6a58d46e
reloadAllAccessors: .Distributor

===========================================================================================
----------------- testing Sat Nov 30 06:26:45 UTC 2019 /home/travis/build/icyphy/ptII/ptolemy/actor/lib/test/auto/Distributor2.xml
----------------- Instantiating /home/travis/build/icyphy/ptII/ptolemy/actor/lib/test/auto/Distributor2.xml
2 ms. Memory: 438272K Free: 217644K (50%)
----------------- Invoking toplevel() on ptolemy.moml.MoMLSimpleApplication@69dd280e
----------------- Done invoking toplevel() on ptolemy.moml.MoMLSimpleApplication@69dd280e
reloadAllAccessors: .Distributor2

===========================================================================================
----------------- testing Sat Nov 30 06:26:45 UTC 2019 /home/travis/build/icyphy/ptII/ptolemy/actor/lib/test/auto/DownSample.xml
----------------- Instantiating /home/travis/build/icyphy/ptII/ptolemy/actor/lib/test/auto/DownSample.xml
2 ms. Memory: 438272K Free: 212524K (48%)
----------------- Invoking toplevel() on ptolemy.moml.MoMLSimpleApplication@6613009b
----------------- Done invoking toplevel() on ptolemy.moml.MoMLSimpleApplication@6613009b
reloadAllAccessors: .DownSample

===========================================================================================
----------------- testing Sat Nov 30 06:26:45 UTC 2019 /home/travis/build/icyphy/ptII/ptolemy/actor/lib/test/auto/ElectronicUnitBase1.xml
----------------- Instantiating /home/travis/build/icyphy/ptII/ptolemy/actor/lib/test/auto/ElectronicUnitBase1.xml
20 ms. Memory: 438272K Free: 196654K (45%)
----------------- Invoking toplevel() on ptolemy.moml.MoMLSimpleApplication@1e33416b
----------------- Done invoking toplevel() on ptolemy.moml.MoMLSimpleApplication@1e33416b
reloadAllAccessors: .ElectronicUnitBase1

===========================================================================================
----------------- testing Sat Nov 30 06:26:45 UTC 2019 /home/travis/build/icyphy/ptII/ptolemy/actor/lib/test/auto/ElementsToArray.xml
----------------- Instantiating /home/travis/build/icyphy/ptII/ptolemy/actor/lib/test/auto/ElementsToArray.xml
3 ms. Memory: 438272K Free: 191534K (44%)
----------------- Invoking toplevel() on ptolemy.moml.MoMLSimpleApplication@4698ea71
----------------- Done invoking toplevel() on ptolemy.moml.MoMLSimpleApplication@4698ea71
reloadAllAccessors: .ElementsToArray

===========================================================================================
----------------- testing Sat Nov 30 06:26:45 UTC 2019 /home/travis/build/icyphy/ptII/ptolemy/actor/lib/test/auto/Equals.xml
----------------- Instantiating /home/travis/build/icyphy/ptII/ptolemy/actor/lib/test/auto/Equals.xml
3 ms. Memory: 438272K Free: 186924K (43%)
----------------- Invoking toplevel() on ptolemy.moml.MoMLSimpleApplication@354beb3e
----------------- Done invoking toplevel() on ptolemy.moml.MoMLSimpleApplication@354beb3e
reloadAllAccessors: .Equals

===========================================================================================
----------------- testing Sat Nov 30 06:26:45 UTC 2019 /home/travis/build/icyphy/ptII/ptolemy/actor/lib/test/auto/Exec.xml
----------------- Instantiating /home/travis/build/icyphy/ptII/ptolemy/actor/lib/test/auto/Exec.xml
22 ms. Memory: 438272K Free: 181292K (41%)
----------------- Invoking toplevel() on ptolemy.moml.MoMLSimpleApplication@7a9d1276
----------------- Done invoking toplevel() on ptolemy.moml.MoMLSimpleApplication@7a9d1276
reloadAllAccessors: .Exec

===========================================================================================
----------------- testing Sat Nov 30 06:26:45 UTC 2019 /home/travis/build/icyphy/ptII/ptolemy/actor/lib/test/auto/ExecEnvironment.xml
----------------- Instantiating /home/travis/build/icyphy/ptII/ptolemy/actor/lib/test/auto/ExecEnvironment.xml
32 ms. Memory: 438272K Free: 175645K (40%)
----------------- Invoking toplevel() on ptolemy.moml.MoMLSimpleApplication@132c15b8
----------------- Done invoking toplevel() on ptolemy.moml.MoMLSimpleApplication@132c15b8
reloadAllAccessors: .ExecEnvironment

===========================================================================================
----------------- testing Sat Nov 30 06:26:46 UTC 2019 /home/travis/build/icyphy/ptII/ptolemy/actor/lib/test/auto/ExecNonZeroReturnOutput.xml
----------------- Instantiating /home/travis/build/icyphy/ptII/ptolemy/actor/lib/test/auto/ExecNonZeroReturnOutput.xml
196 ms. Memory: 438272K Free: 164910K (38%)
----------------- Invoking toplevel() on ptolemy.moml.MoMLSimpleApplication@1554a816
----------------- Done invoking toplevel() on ptolemy.moml.MoMLSimpleApplication@1554a816
reloadAllAccessors: .ExecNonZeroReturnOutput

===========================================================================================
----------------- testing Sat Nov 30 06:26:46 UTC 2019 /home/travis/build/icyphy/ptII/ptolemy/actor/lib/test/auto/ExecRunDemos.xml
----------------- Instantiating /home/travis/build/icyphy/ptII/ptolemy/actor/lib/test/auto/ExecRunDemos.xml
Finished: 128 ms. Memory: 120832K Free: 104563K (87%)

Finished: 72 ms. Memory: 120832K Free: 110892K (92%)

Finished: 170 ms. Memory: 120832K Free: 110661K (92%)

Finished: 95 ms. Memory: 120832K Free: 103351K (86%)

Finished: 89 ms. Memory: 120832K Free: 104315K (86%)

11258 ms. Memory: 438272K Free: 143406K (33%)
----------------- Invoking toplevel() on ptolemy.moml.MoMLSimpleApplication@356bd42b
----------------- Done invoking toplevel() on ptolemy.moml.MoMLSimpleApplication@356bd42b
reloadAllAccessors: .ExecRunDemos

===========================================================================================
----------------- testing Sat Nov 30 06:26:57 UTC 2019 /home/travis/build/icyphy/ptII/ptolemy/actor/lib/test/auto/ExecStop.xml
----------------- Instantiating /home/travis/build/icyphy/ptII/ptolemy/actor/lib/test/auto/ExecStop.xml
5022 ms. Memory: 438272K Free: 311342K (71%)
----------------- Invoking toplevel() on ptolemy.moml.MoMLSimpleApplication@1a3bf73
----------------- Done invoking toplevel() on ptolemy.moml.MoMLSimpleApplication@1a3bf73
reloadAllAccessors: .ExecStop

===========================================================================================
----------------- testing Sat Nov 30 06:27:02 UTC 2019 /home/travis/build/icyphy/ptII/ptolemy/actor/lib/test/auto/ExecutionTimeSDF.xml
----------------- Instantiating /home/travis/build/icyphy/ptII/ptolemy/actor/lib/test/auto/ExecutionTimeSDF.xml
Fired ExecutionTime: 2130400000
Fired ExecutionTime: 1061600000
Fired ExecutionTime: -1639767296
6008 ms. Memory: 438272K Free: 298525K (68%)
----------------- Invoking toplevel() on ptolemy.moml.MoMLSimpleApplication@68cfa20c
----------------- Done invoking toplevel() on ptolemy.moml.MoMLSimpleApplication@68cfa20c
reloadAllAccessors: .ExecutionTimeSDF

===========================================================================================
----------------- testing Sat Nov 30 06:27:08 UTC 2019 /home/travis/build/icyphy/ptII/ptolemy/actor/lib/test/auto/Expression1.xml
----------------- Instantiating /home/travis/build/icyphy/ptII/ptolemy/actor/lib/test/auto/Expression1.xml
2 ms. Memory: 438272K Free: 295468K (67%)
----------------- Invoking toplevel() on ptolemy.moml.MoMLSimpleApplication@36808785
----------------- Done invoking toplevel() on ptolemy.moml.MoMLSimpleApplication@36808785
reloadAllAccessors: .Expression1

===========================================================================================
----------------- testing Sat Nov 30 06:27:08 UTC 2019 /home/travis/build/icyphy/ptII/ptolemy/actor/lib/test/auto/Expression10.xml
----------------- Instantiating /home/travis/build/icyphy/ptII/ptolemy/actor/lib/test/auto/Expression10.xml
8 ms. Memory: 438272K Free: 289838K (66%)
----------------- Invoking toplevel() on ptolemy.moml.MoMLSimpleApplication@4a1ffd7b
----------------- Done invoking toplevel() on ptolemy.moml.MoMLSimpleApplication@4a1ffd7b
reloadAllAccessors: .Expression10

===========================================================================================
----------------- testing Sat Nov 30 06:27:08 UTC 2019 /home/travis/build/icyphy/ptII/ptolemy/actor/lib/test/auto/Expression11.xml
----------------- Instantiating /home/travis/build/icyphy/ptII/ptolemy/actor/lib/test/auto/Expression11.xml
4 ms. Memory: 438272K Free: 285742K (65%)
----------------- Invoking toplevel() on ptolemy.moml.MoMLSimpleApplication@65ea7648
----------------- Done invoking toplevel() on ptolemy.moml.MoMLSimpleApplication@65ea7648
reloadAllAccessors: .Expression11

===========================================================================================
----------------- testing Sat Nov 30 06:27:08 UTC 2019 /home/travis/build/icyphy/ptII/ptolemy/actor/lib/test/auto/Expression12.xml
----------------- Instantiating /home/travis/build/icyphy/ptII/ptolemy/actor/lib/test/auto/Expression12.xml
4 ms. Memory: 438272K Free: 280108K (64%)
----------------- Invoking toplevel() on ptolemy.moml.MoMLSimpleApplication@47994e77
----------------- Done invoking toplevel() on ptolemy.moml.MoMLSimpleApplication@47994e77
reloadAllAccessors: .Expression12

===========================================================================================
----------------- testing Sat Nov 30 06:27:08 UTC 2019 /home/travis/build/icyphy/ptII/ptolemy/actor/lib/test/auto/Expression13.xml
----------------- Instantiating /home/travis/build/icyphy/ptII/ptolemy/actor/lib/test/auto/Expression13.xml
3 ms. Memory: 438272K Free: 274988K (63%)
----------------- Invoking toplevel() on ptolemy.moml.MoMLSimpleApplication@7f132cd0
----------------- Done invoking toplevel() on ptolemy.moml.MoMLSimpleApplication@7f132cd0
reloadAllAccessors: .Expression13

===========================================================================================
----------------- testing Sat Nov 30 06:27:08 UTC 2019 /home/travis/build/icyphy/ptII/ptolemy/actor/lib/test/auto/Expression14.xml
----------------- Instantiating /home/travis/build/icyphy/ptII/ptolemy/actor/lib/test/auto/Expression14.xml
7 ms. Memory: 438272K Free: 269358K (61%)
----------------- Invoking toplevel() on ptolemy.moml.MoMLSimpleApplication@61a5dfb2
----------------- Done invoking toplevel() on ptolemy.moml.MoMLSimpleApplication@61a5dfb2
reloadAllAccessors: .Expression14

===========================================================================================
----------------- testing Sat Nov 30 06:27:08 UTC 2019 /home/travis/build/icyphy/ptII/ptolemy/actor/lib/test/auto/Expression15.xml
----------------- Instantiating /home/travis/build/icyphy/ptII/ptolemy/actor/lib/test/auto/Expression15.xml
2 ms. Memory: 438272K Free: 265262K (61%)
----------------- Invoking toplevel() on ptolemy.moml.MoMLSimpleApplication@2003c79e
----------------- Done invoking toplevel() on ptolemy.moml.MoMLSimpleApplication@2003c79e
reloadAllAccessors: .Expression15

===========================================================================================
----------------- testing Sat Nov 30 06:27:08 UTC 2019 /home/travis/build/icyphy/ptII/ptolemy/actor/lib/test/auto/Expression16.xml
----------------- Instantiating /home/travis/build/icyphy/ptII/ptolemy/actor/lib/test/auto/Expression16.xml
3 ms. Memory: 438272K Free: 260652K (59%)
----------------- Invoking toplevel() on ptolemy.moml.MoMLSimpleApplication@3133f4be
----------------- Done invoking toplevel() on ptolemy.moml.MoMLSimpleApplication@3133f4be
reloadAllAccessors: .Expression16

===========================================================================================
----------------- testing Sat Nov 30 06:27:08 UTC 2019 /home/travis/build/icyphy/ptII/ptolemy/actor/lib/test/auto/Expression17.xml
----------------- Instantiating /home/travis/build/icyphy/ptII/ptolemy/actor/lib/test/auto/Expression17.xml
3 ms. Memory: 438272K Free: 255532K (58%)
----------------- Invoking toplevel() on ptolemy.moml.MoMLSimpleApplication@7de30199
----------------- Done invoking toplevel() on ptolemy.moml.MoMLSimpleApplication@7de30199
reloadAllAccessors: .Expression17

===========================================================================================
----------------- testing Sat Nov 30 06:27:08 UTC 2019 /home/travis/build/icyphy/ptII/ptolemy/actor/lib/test/auto/Expression18.xml
----------------- Instantiating /home/travis/build/icyphy/ptII/ptolemy/actor/lib/test/auto/Expression18.xml
3 ms. Memory: 438272K Free: 250412K (57%)
----------------- Invoking toplevel() on ptolemy.moml.MoMLSimpleApplication@21676807
----------------- Done invoking toplevel() on ptolemy.moml.MoMLSimpleApplication@21676807
reloadAllAccessors: .Expression18

===========================================================================================
----------------- testing Sat Nov 30 06:27:08 UTC 2019 /home/travis/build/icyphy/ptII/ptolemy/actor/lib/test/auto/Expression2.xml
----------------- Instantiating /home/travis/build/icyphy/ptII/ptolemy/actor/lib/test/auto/Expression2.xml
3 ms. Memory: 438272K Free: 245806K (56%)
----------------- Invoking toplevel() on ptolemy.moml.MoMLSimpleApplication@768c605d
----------------- Done invoking toplevel() on ptolemy.moml.MoMLSimpleApplication@768c605d
reloadAllAccessors: .Expression2

===========================================================================================
----------------- testing Sat Nov 30 06:27:08 UTC 2019 /home/travis/build/icyphy/ptII/ptolemy/actor/lib/test/auto/Expression3.xml
----------------- Instantiating /home/travis/build/icyphy/ptII/ptolemy/actor/lib/test/auto/Expression3.xml
7 ms. Memory: 438272K Free: 240686K (55%)
----------------- Invoking toplevel() on ptolemy.moml.MoMLSimpleApplication@2599a0e3
----------------- Done invoking toplevel() on ptolemy.moml.MoMLSimpleApplication@2599a0e3
reloadAllAccessors: .Expression3

===========================================================================================
----------------- testing Sat Nov 30 06:27:08 UTC 2019 /home/travis/build/icyphy/ptII/ptolemy/actor/lib/test/auto/Expression4.xml
----------------- Instantiating /home/travis/build/icyphy/ptII/ptolemy/actor/lib/test/auto/Expression4.xml
4 ms. Memory: 438272K Free: 233518K (53%)
----------------- Invoking toplevel() on ptolemy.moml.MoMLSimpleApplication@780b0241
----------------- Done invoking toplevel() on ptolemy.moml.MoMLSimpleApplication@780b0241
reloadAllAccessors: .Expression4

===========================================================================================
----------------- testing Sat Nov 30 06:27:08 UTC 2019 /home/travis/build/icyphy/ptII/ptolemy/actor/lib/test/auto/Expression5.xml
----------------- Instantiating /home/travis/build/icyphy/ptII/ptolemy/actor/lib/test/auto/Expression5.xml
6 ms. Memory: 438272K Free: 228398K (52%)
----------------- Invoking toplevel() on ptolemy.moml.MoMLSimpleApplication@39f93355
----------------- Done invoking toplevel() on ptolemy.moml.MoMLSimpleApplication@39f93355
reloadAllAccessors: .Expression5

===========================================================================================
----------------- testing Sat Nov 30 06:27:08 UTC 2019 /home/travis/build/icyphy/ptII/ptolemy/actor/lib/test/auto/Expression6.xml
----------------- Instantiating /home/travis/build/icyphy/ptII/ptolemy/actor/lib/test/auto/Expression6.xml
2 ms. Memory: 438272K Free: 223788K (51%)
----------------- Invoking toplevel() on ptolemy.moml.MoMLSimpleApplication@259e12ad
----------------- Done invoking toplevel() on ptolemy.moml.MoMLSimpleApplication@259e12ad
reloadAllAccessors: .Expression6

===========================================================================================
----------------- testing Sat Nov 30 06:27:08 UTC 2019 /home/travis/build/icyphy/ptII/ptolemy/actor/lib/test/auto/Expression7.xml
----------------- Instantiating /home/travis/build/icyphy/ptII/ptolemy/actor/lib/test/auto/Expression7.xml
9 ms. Memory: 438272K Free: 219180K (50%)
----------------- Invoking toplevel() on ptolemy.moml.MoMLSimpleApplication@771e62fa
----------------- Done invoking toplevel() on ptolemy.moml.MoMLSimpleApplication@771e62fa
reloadAllAccessors: .Expression7

===========================================================================================
----------------- testing Sat Nov 30 06:27:08 UTC 2019 /home/travis/build/icyphy/ptII/ptolemy/actor/lib/test/auto/Expression8.xml
----------------- Instantiating /home/travis/build/icyphy/ptII/ptolemy/actor/lib/test/auto/Expression8.xml
9 ms. Memory: 438272K Free: 214062K (49%)
----------------- Invoking toplevel() on ptolemy.moml.MoMLSimpleApplication@ad86ab5
----------------- Done invoking toplevel() on ptolemy.moml.MoMLSimpleApplication@ad86ab5
reloadAllAccessors: .Expression8

===========================================================================================
----------------- testing Sat Nov 30 06:27:08 UTC 2019 /home/travis/build/icyphy/ptII/ptolemy/actor/lib/test/auto/Expression9.xml
----------------- Instantiating /home/travis/build/icyphy/ptII/ptolemy/actor/lib/test/auto/Expression9.xml
1 ms. Memory: 438272K Free: 210476K (48%)
----------------- Invoking toplevel() on ptolemy.moml.MoMLSimpleApplication@2038529b
----------------- Done invoking toplevel() on ptolemy.moml.MoMLSimpleApplication@2038529b
reloadAllAccessors: .Expression9

===========================================================================================
----------------- testing Sat Nov 30 06:27:09 UTC 2019 /home/travis/build/icyphy/ptII/ptolemy/actor/lib/test/auto/ExpressionConcatenateArrayType.xml
----------------- Instantiating /home/travis/build/icyphy/ptII/ptolemy/actor/lib/test/auto/ExpressionConcatenateArrayType.xml
3 ms. Memory: 438272K Free: 203822K (47%)
----------------- Invoking toplevel() on ptolemy.moml.MoMLSimpleApplication@6c8a1b9c
----------------- Done invoking toplevel() on ptolemy.moml.MoMLSimpleApplication@6c8a1b9c
reloadAllAccessors: .ExpressionConcatenateArrayType

===========================================================================================
----------------- testing Sat Nov 30 06:27:09 UTC 2019 /home/travis/build/icyphy/ptII/ptolemy/actor/lib/test/auto/ExpressionConcatenateArrayType2.xml
----------------- Instantiating /home/travis/build/icyphy/ptII/ptolemy/actor/lib/test/auto/ExpressionConcatenateArrayType2.xml
3 ms. Memory: 438272K Free: 198188K (45%)
----------------- Invoking toplevel() on ptolemy.moml.MoMLSimpleApplication@6db0ee96
----------------- Done invoking toplevel() on ptolemy.moml.MoMLSimpleApplication@6db0ee96
reloadAllAccessors: .ExpressionConcatenateArrayType2

===========================================================================================
----------------- testing Sat Nov 30 06:27:09 UTC 2019 /home/travis/build/icyphy/ptII/ptolemy/actor/lib/test/auto/ExpressionFix.xml
----------------- Instantiating /home/travis/build/icyphy/ptII/ptolemy/actor/lib/test/auto/ExpressionFix.xml
25 ms. Memory: 438272K Free: 192044K (44%)
----------------- Invoking toplevel() on ptolemy.moml.MoMLSimpleApplication@6bccb773
----------------- Done invoking toplevel() on ptolemy.moml.MoMLSimpleApplication@6bccb773
reloadAllAccessors: .ExpressionFix

===========================================================================================
----------------- testing Sat Nov 30 06:27:09 UTC 2019 /home/travis/build/icyphy/ptII/ptolemy/actor/lib/test/auto/ExpressionFix2.xml
----------------- Instantiating /home/travis/build/icyphy/ptII/ptolemy/actor/lib/test/auto/ExpressionFix2.xml
4 ms. Memory: 438272K Free: 187948K (43%)
----------------- Invoking toplevel() on ptolemy.moml.MoMLSimpleApplication@787572c0
----------------- Done invoking toplevel() on ptolemy.moml.MoMLSimpleApplication@787572c0
reloadAllAccessors: .ExpressionFix2

===========================================================================================
----------------- testing Sat Nov 30 06:27:09 UTC 2019 /home/travis/build/icyphy/ptII/ptolemy/actor/lib/test/auto/ExpressionFix3.xml
----------------- Instantiating /home/travis/build/icyphy/ptII/ptolemy/actor/lib/test/auto/ExpressionFix3.xml
2 ms. Memory: 438272K Free: 183342K (42%)
----------------- Invoking toplevel() on ptolemy.moml.MoMLSimpleApplication@24be6e5b
----------------- Done invoking toplevel() on ptolemy.moml.MoMLSimpleApplication@24be6e5b
reloadAllAccessors: .ExpressionFix3

===========================================================================================
----------------- testing Sat Nov 30 06:27:09 UTC 2019 /home/travis/build/icyphy/ptII/ptolemy/actor/lib/test/auto/FileWriter1.xml
----------------- Instantiating /home/travis/build/icyphy/ptII/ptolemy/actor/lib/test/auto/FileWriter1.xml
2 ms. Memory: 438272K Free: 179756K (41%)
----------------- Invoking toplevel() on ptolemy.moml.MoMLSimpleApplication@8b9f9af
----------------- Done invoking toplevel() on ptolemy.moml.MoMLSimpleApplication@8b9f9af
reloadAllAccessors: .FileWriter1

===========================================================================================
----------------- testing Sat Nov 30 06:27:09 UTC 2019 /home/travis/build/icyphy/ptII/ptolemy/actor/lib/test/auto/FileWriter2.xml
----------------- Instantiating /home/travis/build/icyphy/ptII/ptolemy/actor/lib/test/auto/FileWriter2.xml
6 ms. Memory: 438272K Free: 175150K (40%)
----------------- Invoking toplevel() on ptolemy.moml.MoMLSimpleApplication@339da108
----------------- Done invoking toplevel() on ptolemy.moml.MoMLSimpleApplication@339da108
reloadAllAccessors: .FileWriter2

===========================================================================================
----------------- testing Sat Nov 30 06:27:09 UTC 2019 /home/travis/build/icyphy/ptII/ptolemy/actor/lib/test/auto/FileWriter3.xml
----------------- Instantiating /home/travis/build/icyphy/ptII/ptolemy/actor/lib/test/auto/FileWriter3.xml
2 ms. Memory: 438272K Free: 171564K (39%)
----------------- Invoking toplevel() on ptolemy.moml.MoMLSimpleApplication@3a73064
----------------- Done invoking toplevel() on ptolemy.moml.MoMLSimpleApplication@3a73064
reloadAllAccessors: .FileWriter3

===========================================================================================
----------------- testing Sat Nov 30 06:27:09 UTC 2019 /home/travis/build/icyphy/ptII/ptolemy/actor/lib/test/auto/Gaussian.xml
----------------- Instantiating /home/travis/build/icyphy/ptII/ptolemy/actor/lib/test/auto/Gaussian.xml
3 ms. Memory: 438272K Free: 166958K (38%)
----------------- Invoking toplevel() on ptolemy.moml.MoMLSimpleApplication@6a6c8f41
----------------- Done invoking toplevel() on ptolemy.moml.MoMLSimpleApplication@6a6c8f41
reloadAllAccessors: .Gaussian

===========================================================================================
----------------- testing Sat Nov 30 06:27:09 UTC 2019 /home/travis/build/icyphy/ptII/ptolemy/actor/lib/test/auto/Gaussian1.xml
----------------- Instantiating /home/travis/build/icyphy/ptII/ptolemy/actor/lib/test/auto/Gaussian1.xml
10 ms. Memory: 438272K Free: 161309K (37%)
----------------- Invoking toplevel() on ptolemy.moml.MoMLSimpleApplication@51be5d2b
----------------- Done invoking toplevel() on ptolemy.moml.MoMLSimpleApplication@51be5d2b
reloadAllAccessors: .Gaussian1

===========================================================================================
----------------- testing Sat Nov 30 06:27:09 UTC 2019 /home/travis/build/icyphy/ptII/ptolemy/actor/lib/test/auto/Gaussian2.xml
----------------- Instantiating /home/travis/build/icyphy/ptII/ptolemy/actor/lib/test/auto/Gaussian2.xml
2 ms. Memory: 438272K Free: 156189K (36%)
----------------- Invoking toplevel() on ptolemy.moml.MoMLSimpleApplication@3ca068f2
----------------- Done invoking toplevel() on ptolemy.moml.MoMLSimpleApplication@3ca068f2
reloadAllAccessors: .Gaussian2

===========================================================================================
----------------- testing Sat Nov 30 06:27:09 UTC 2019 /home/travis/build/icyphy/ptII/ptolemy/actor/lib/test/auto/GradientAdaptiveLattice.xml
----------------- Instantiating /home/travis/build/icyphy/ptII/ptolemy/actor/lib/test/auto/GradientAdaptiveLattice.xml
3 ms. Memory: 438272K Free: 151084K (34%)
----------------- Invoking toplevel() on ptolemy.moml.MoMLSimpleApplication@75d1f862
----------------- Done invoking toplevel() on ptolemy.moml.MoMLSimpleApplication@75d1f862
reloadAllAccessors: .GradientAdaptiveLattice

===========================================================================================
----------------- testing Sat Nov 30 06:27:09 UTC 2019 /home/travis/build/icyphy/ptII/ptolemy/actor/lib/test/auto/IIR.xml
----------------- Instantiating /home/travis/build/icyphy/ptII/ptolemy/actor/lib/test/auto/IIR.xml
2 ms. Memory: 438272K Free: 146478K (33%)
----------------- Invoking toplevel() on ptolemy.moml.MoMLSimpleApplication@6e00dd88
----------------- Done invoking toplevel() on ptolemy.moml.MoMLSimpleApplication@6e00dd88
reloadAllAccessors: .IIR

===========================================================================================
----------------- testing Sat Nov 30 06:27:09 UTC 2019 /home/travis/build/icyphy/ptII/ptolemy/actor/lib/test/auto/InputOutputTransparentPorts.xml
----------------- Instantiating /home/travis/build/icyphy/ptII/ptolemy/actor/lib/test/auto/InputOutputTransparentPorts.xml
2 ms. Memory: 438272K Free: 139820K (32%)
----------------- Invoking toplevel() on ptolemy.moml.MoMLSimpleApplication@63ae7ca8
----------------- Done invoking toplevel() on ptolemy.moml.MoMLSimpleApplication@63ae7ca8
reloadAllAccessors: .InputOutputTransparentPorts

===========================================================================================
----------------- testing Sat Nov 30 06:27:09 UTC 2019 /home/travis/build/icyphy/ptII/ptolemy/actor/lib/test/auto/Interpolator.xml
----------------- Instantiating /home/travis/build/icyphy/ptII/ptolemy/actor/lib/test/auto/Interpolator.xml
6 ms. Memory: 438272K Free: 135709K (31%)
----------------- Invoking toplevel() on ptolemy.moml.MoMLSimpleApplication@4aea7c88
----------------- Done invoking toplevel() on ptolemy.moml.MoMLSimpleApplication@4aea7c88
reloadAllAccessors: .Interpolator

===========================================================================================
----------------- testing Sat Nov 30 06:27:09 UTC 2019 /home/travis/build/icyphy/ptII/ptolemy/actor/lib/test/auto/InterpolatorFiringLimitDE.xml
----------------- Instantiating /home/travis/build/icyphy/ptII/ptolemy/actor/lib/test/auto/InterpolatorFiringLimitDE.xml
2 ms. Memory: 438272K Free: 388309K (89%)
----------------- Invoking toplevel() on ptolemy.moml.MoMLSimpleApplication@a00e010
----------------- Done invoking toplevel() on ptolemy.moml.MoMLSimpleApplication@a00e010
reloadAllAccessors: .InterpolatorFiringLimitDE

===========================================================================================
----------------- testing Sat Nov 30 06:27:09 UTC 2019 /home/travis/build/icyphy/ptII/ptolemy/actor/lib/test/auto/Lattice.xml
----------------- Instantiating /home/travis/build/icyphy/ptII/ptolemy/actor/lib/test/auto/Lattice.xml
1 ms. Memory: 438272K Free: 383699K (88%)
----------------- Invoking toplevel() on ptolemy.moml.MoMLSimpleApplication@14928aa
----------------- Done invoking toplevel() on ptolemy.moml.MoMLSimpleApplication@14928aa
reloadAllAccessors: .Lattice

===========================================================================================
----------------- testing Sat Nov 30 06:27:09 UTC 2019 /home/travis/build/icyphy/ptII/ptolemy/actor/lib/test/auto/LazyAOCTestLazy.xml
----------------- Instantiating /home/travis/build/icyphy/ptII/ptolemy/actor/lib/test/auto/LazyAOCTestLazy.xml
18 ms. Memory: 438272K Free: 378069K (86%)
----------------- Invoking toplevel() on ptolemy.moml.MoMLSimpleApplication@2d9aa8ba
----------------- Done invoking toplevel() on ptolemy.moml.MoMLSimpleApplication@2d9aa8ba
reloadAllAccessors: .LazyAOCTestLazy

===========================================================================================
----------------- testing Sat Nov 30 06:27:09 UTC 2019 /home/travis/build/icyphy/ptII/ptolemy/actor/lib/test/auto/LazyAOCTestNonLazy.xml
----------------- Instantiating /home/travis/build/icyphy/ptII/ptolemy/actor/lib/test/auto/LazyAOCTestNonLazy.xml
2 ms. Memory: 438272K Free: 371411K (85%)
----------------- Invoking toplevel() on ptolemy.moml.MoMLSimpleApplication@470c981d
----------------- Done invoking toplevel() on ptolemy.moml.MoMLSimpleApplication@470c981d
reloadAllAccessors: .LazyAOCTestNonLazy

===========================================================================================
----------------- testing Sat Nov 30 06:27:09 UTC 2019 /home/travis/build/icyphy/ptII/ptolemy/actor/lib/test/auto/LazyInnerClass.xml
----------------- Instantiating /home/travis/build/icyphy/ptII/ptolemy/actor/lib/test/auto/LazyInnerClass.xml
11 ms. Memory: 438272K Free: 362709K (83%)
----------------- Invoking toplevel() on ptolemy.moml.MoMLSimpleApplication@6a8e0e13
----------------- Done invoking toplevel() on ptolemy.moml.MoMLSimpleApplication@6a8e0e13
reloadAllAccessors: .LazyInnerClass

===========================================================================================
----------------- testing Sat Nov 30 06:27:09 UTC 2019 /home/travis/build/icyphy/ptII/ptolemy/actor/lib/test/auto/LazyPubSub.xml
----------------- Instantiating /home/travis/build/icyphy/ptII/ptolemy/actor/lib/test/auto/LazyPubSub.xml
14 ms. Memory: 438272K Free: 352979K (81%)
----------------- Invoking toplevel() on ptolemy.moml.MoMLSimpleApplication@1293641
----------------- Done invoking toplevel() on ptolemy.moml.MoMLSimpleApplication@1293641
reloadAllAccessors: .LazyPubSub

===========================================================================================
----------------- testing Sat Nov 30 06:27:09 UTC 2019 /home/travis/build/icyphy/ptII/ptolemy/actor/lib/test/auto/LazyPubSub2.xml
----------------- Instantiating /home/travis/build/icyphy/ptII/ptolemy/actor/lib/test/auto/LazyPubSub2.xml
31 ms. Memory: 438272K Free: 342739K (78%)
----------------- Invoking toplevel() on ptolemy.moml.MoMLSimpleApplication@2011264c
----------------- Done invoking toplevel() on ptolemy.moml.MoMLSimpleApplication@2011264c
reloadAllAccessors: .LazyPubSub2

===========================================================================================
----------------- testing Sat Nov 30 06:27:09 UTC 2019 /home/travis/build/icyphy/ptII/ptolemy/actor/lib/test/auto/LazyPubSub3.xml
----------------- Instantiating /home/travis/build/icyphy/ptII/ptolemy/actor/lib/test/auto/LazyPubSub3.xml
23 ms. Memory: 438272K Free: 332499K (76%)
----------------- Invoking toplevel() on ptolemy.moml.MoMLSimpleApplication@5773658f
----------------- Done invoking toplevel() on ptolemy.moml.MoMLSimpleApplication@5773658f
reloadAllAccessors: .LazyPubSub3

===========================================================================================
----------------- testing Sat Nov 30 06:27:09 UTC 2019 /home/travis/build/icyphy/ptII/ptolemy/actor/lib/test/auto/LazySubClassModel.xml
----------------- Instantiating /home/travis/build/icyphy/ptII/ptolemy/actor/lib/test/auto/LazySubClassModel.xml
2 ms. Memory: 438272K Free: 323797K (74%)
----------------- Invoking toplevel() on ptolemy.moml.MoMLSimpleApplication@74ea7cf5
----------------- Done invoking toplevel() on ptolemy.moml.MoMLSimpleApplication@74ea7cf5
reloadAllAccessors: .LazySubClassModel

===========================================================================================
----------------- testing Sat Nov 30 06:27:09 UTC 2019 /home/travis/build/icyphy/ptII/ptolemy/actor/lib/test/auto/LevelCrossTest1.xml
----------------- Instantiating /home/travis/build/icyphy/ptII/ptolemy/actor/lib/test/auto/LevelCrossTest1.xml
2 ms. Memory: 438272K Free: 318163K (73%)
----------------- Invoking toplevel() on ptolemy.moml.MoMLSimpleApplication@7b283f7b
----------------- Done invoking toplevel() on ptolemy.moml.MoMLSimpleApplication@7b283f7b
reloadAllAccessors: .broken

===========================================================================================
----------------- testing Sat Nov 30 06:27:09 UTC 2019 /home/travis/build/icyphy/ptII/ptolemy/actor/lib/test/auto/LevelCrossTest10.xml
----------------- Instantiating /home/travis/build/icyphy/ptII/ptolemy/actor/lib/test/auto/LevelCrossTest10.xml
2 ms. Memory: 438272K Free: 310485K (71%)
----------------- Invoking toplevel() on ptolemy.moml.MoMLSimpleApplication@19bb20e7
----------------- Done invoking toplevel() on ptolemy.moml.MoMLSimpleApplication@19bb20e7
reloadAllAccessors: .LevelCrossTest10

===========================================================================================
----------------- testing Sat Nov 30 06:27:09 UTC 2019 /home/travis/build/icyphy/ptII/ptolemy/actor/lib/test/auto/LevelCrossTest11.xml
----------------- Instantiating /home/travis/build/icyphy/ptII/ptolemy/actor/lib/test/auto/LevelCrossTest11.xml
2 ms. Memory: 438272K Free: 303317K (69%)
----------------- Invoking toplevel() on ptolemy.moml.MoMLSimpleApplication@45c7e572
----------------- Done invoking toplevel() on ptolemy.moml.MoMLSimpleApplication@45c7e572
reloadAllAccessors: .LevelCrossTest11

===========================================================================================
----------------- testing Sat Nov 30 06:27:09 UTC 2019 /home/travis/build/icyphy/ptII/ptolemy/actor/lib/test/auto/LevelCrossTest12.xml
----------------- Instantiating /home/travis/build/icyphy/ptII/ptolemy/actor/lib/test/auto/LevelCrossTest12.xml
1 ms. Memory: 438272K Free: 296659K (68%)
----------------- Invoking toplevel() on ptolemy.moml.MoMLSimpleApplication@4384a1be
----------------- Done invoking toplevel() on ptolemy.moml.MoMLSimpleApplication@4384a1be
reloadAllAccessors: .LevelCrossTest12

===========================================================================================
----------------- testing Sat Nov 30 06:27:09 UTC 2019 /home/travis/build/icyphy/ptII/ptolemy/actor/lib/test/auto/LevelCrossTest13.xml
----------------- Instantiating /home/travis/build/icyphy/ptII/ptolemy/actor/lib/test/auto/LevelCrossTest13.xml
2 ms. Memory: 438272K Free: 288467K (66%)
----------------- Invoking toplevel() on ptolemy.moml.MoMLSimpleApplication@55efaf79
----------------- Done invoking toplevel() on ptolemy.moml.MoMLSimpleApplication@55efaf79
reloadAllAccessors: .LevelCrossTest13

===========================================================================================
----------------- testing Sat Nov 30 06:27:09 UTC 2019 /home/travis/build/icyphy/ptII/ptolemy/actor/lib/test/auto/LevelCrossTest2.xml
----------------- Instantiating /home/travis/build/icyphy/ptII/ptolemy/actor/lib/test/auto/LevelCrossTest2.xml
1 ms. Memory: 438272K Free: 282837K (65%)
----------------- Invoking toplevel() on ptolemy.moml.MoMLSimpleApplication@1d546b1e
----------------- Done invoking toplevel() on ptolemy.moml.MoMLSimpleApplication@1d546b1e
reloadAllAccessors: .broken

===========================================================================================
----------------- testing Sat Nov 30 06:27:09 UTC 2019 /home/travis/build/icyphy/ptII/ptolemy/actor/lib/test/auto/LevelCrossTest3.xml
----------------- Instantiating /home/travis/build/icyphy/ptII/ptolemy/actor/lib/test/auto/LevelCrossTest3.xml
1 ms. Memory: 438272K Free: 276693K (63%)
----------------- Invoking toplevel() on ptolemy.moml.MoMLSimpleApplication@1ee0651
----------------- Done invoking toplevel() on ptolemy.moml.MoMLSimpleApplication@1ee0651
reloadAllAccessors: .LevelCrossTest3

===========================================================================================
----------------- testing Sat Nov 30 06:27:09 UTC 2019 /home/travis/build/icyphy/ptII/ptolemy/actor/lib/test/auto/LevelCrossTest4.xml
----------------- Instantiating /home/travis/build/icyphy/ptII/ptolemy/actor/lib/test/auto/LevelCrossTest4.xml
2 ms. Memory: 438272K Free: 271059K (62%)
----------------- Invoking toplevel() on ptolemy.moml.MoMLSimpleApplication@43b65fd5
----------------- Done invoking toplevel() on ptolemy.moml.MoMLSimpleApplication@43b65fd5
reloadAllAccessors: .broken

===========================================================================================
----------------- testing Sat Nov 30 06:27:09 UTC 2019 /home/travis/build/icyphy/ptII/ptolemy/actor/lib/test/auto/LevelCrossTest5.xml
----------------- Instantiating /home/travis/build/icyphy/ptII/ptolemy/actor/lib/test/auto/LevelCrossTest5.xml
7 ms. Memory: 438272K Free: 263891K (60%)
----------------- Invoking toplevel() on ptolemy.moml.MoMLSimpleApplication@7d1be052
----------------- Done invoking toplevel() on ptolemy.moml.MoMLSimpleApplication@7d1be052
reloadAllAccessors: .LevelCrossTest5

===========================================================================================
----------------- testing Sat Nov 30 06:27:09 UTC 2019 /home/travis/build/icyphy/ptII/ptolemy/actor/lib/test/auto/LevelCrossTest6.xml
----------------- Instantiating /home/travis/build/icyphy/ptII/ptolemy/actor/lib/test/auto/LevelCrossTest6.xml
4 ms. Memory: 438272K Free: 257747K (59%)
----------------- Invoking toplevel() on ptolemy.moml.MoMLSimpleApplication@6ee63c7e
----------------- Done invoking toplevel() on ptolemy.moml.MoMLSimpleApplication@6ee63c7e
reloadAllAccessors: .LevelCrossTest6

===========================================================================================
----------------- testing Sat Nov 30 06:27:09 UTC 2019 /home/travis/build/icyphy/ptII/ptolemy/actor/lib/test/auto/LevelCrossTest7.xml
----------------- Instantiating /home/travis/build/icyphy/ptII/ptolemy/actor/lib/test/auto/LevelCrossTest7.xml
2 ms. Memory: 438272K Free: 250069K (57%)
----------------- Invoking toplevel() on ptolemy.moml.MoMLSimpleApplication@3337f68b
----------------- Done invoking toplevel() on ptolemy.moml.MoMLSimpleApplication@3337f68b
reloadAllAccessors: .LevelCrossTest7

===========================================================================================
----------------- testing Sat Nov 30 06:27:09 UTC 2019 /home/travis/build/icyphy/ptII/ptolemy/actor/lib/test/auto/LevelCrossTest8.xml
----------------- Instantiating /home/travis/build/icyphy/ptII/ptolemy/actor/lib/test/auto/LevelCrossTest8.xml
2 ms. Memory: 438272K Free: 243411K (56%)
----------------- Invoking toplevel() on ptolemy.moml.MoMLSimpleApplication@4377973
----------------- Done invoking toplevel() on ptolemy.moml.MoMLSimpleApplication@4377973
reloadAllAccessors: .LevelCrossTest8

===========================================================================================
----------------- testing Sat Nov 30 06:27:09 UTC 2019 /home/travis/build/icyphy/ptII/ptolemy/actor/lib/test/auto/LevelCrossTest9.xml
----------------- Instantiating /home/travis/build/icyphy/ptII/ptolemy/actor/lib/test/auto/LevelCrossTest9.xml
2 ms. Memory: 438272K Free: 236243K (54%)
----------------- Invoking toplevel() on ptolemy.moml.MoMLSimpleApplication@444f9633
----------------- Done invoking toplevel() on ptolemy.moml.MoMLSimpleApplication@444f9633
reloadAllAccessors: .LevelCrossTest9

===========================================================================================
----------------- testing Sat Nov 30 06:27:10 UTC 2019 /home/travis/build/icyphy/ptII/ptolemy/actor/lib/test/auto/LevinsonDurbin.xml
----------------- Instantiating /home/travis/build/icyphy/ptII/ptolemy/actor/lib/test/auto/LevinsonDurbin.xml
12 ms. Memory: 438272K Free: 232661K (53%)
----------------- Invoking toplevel() on ptolemy.moml.MoMLSimpleApplication@5336bc4a
----------------- Done invoking toplevel() on ptolemy.moml.MoMLSimpleApplication@5336bc4a
reloadAllAccessors: .LevinsonDurbin

===========================================================================================
----------------- testing Sat Nov 30 06:27:10 UTC 2019 /home/travis/build/icyphy/ptII/ptolemy/actor/lib/test/auto/LevinsonDurbin2.xml
----------------- Instantiating /home/travis/build/icyphy/ptII/ptolemy/actor/lib/test/auto/LevinsonDurbin2.xml
1 ms. Memory: 438272K Free: 228565K (52%)
----------------- Invoking toplevel() on ptolemy.moml.MoMLSimpleApplication@187fb82f
----------------- Done invoking toplevel() on ptolemy.moml.MoMLSimpleApplication@187fb82f
reloadAllAccessors: .LevinsonDurbin2

===========================================================================================
----------------- testing Sat Nov 30 06:27:10 UTC 2019 /home/travis/build/icyphy/ptII/ptolemy/actor/lib/test/auto/LevinsonDurbin3.xml
----------------- Instantiating /home/travis/build/icyphy/ptII/ptolemy/actor/lib/test/auto/LevinsonDurbin3.xml
2 ms. Memory: 438272K Free: 224469K (51%)
----------------- Invoking toplevel() on ptolemy.moml.MoMLSimpleApplication@7ea5d803
----------------- Done invoking toplevel() on ptolemy.moml.MoMLSimpleApplication@7ea5d803
reloadAllAccessors: .LevinsonDurbin3

===========================================================================================
----------------- testing Sat Nov 30 06:27:10 UTC 2019 /home/travis/build/icyphy/ptII/ptolemy/actor/lib/test/auto/Limiter.xml
----------------- Instantiating /home/travis/build/icyphy/ptII/ptolemy/actor/lib/test/auto/Limiter.xml
8 ms. Memory: 438272K Free: 215253K (49%)
----------------- Invoking toplevel() on ptolemy.moml.MoMLSimpleApplication@177862dd
----------------- Done invoking toplevel() on ptolemy.moml.MoMLSimpleApplication@177862dd
reloadAllAccessors: .Limiter

===========================================================================================
----------------- testing Sat Nov 30 06:27:10 UTC 2019 /home/travis/build/icyphy/ptII/ptolemy/actor/lib/test/auto/LinearDifferenceEquationSystem.xml
----------------- Instantiating /home/travis/build/icyphy/ptII/ptolemy/actor/lib/test/auto/LinearDifferenceEquationSystem.xml
13 ms. Memory: 438272K Free: 208085K (47%)
----------------- Invoking toplevel() on ptolemy.moml.MoMLSimpleApplication@6923d615
----------------- Done invoking toplevel() on ptolemy.moml.MoMLSimpleApplication@6923d615
reloadAllAccessors: .LinearDifferenceEquationSystem

===========================================================================================
----------------- testing Sat Nov 30 06:27:10 UTC 2019 /home/travis/build/icyphy/ptII/ptolemy/actor/lib/test/auto/LookupTable.xml
----------------- Instantiating /home/travis/build/icyphy/ptII/ptolemy/actor/lib/test/auto/LookupTable.xml
2 ms. Memory: 438272K Free: 203475K (46%)
----------------- Invoking toplevel() on ptolemy.moml.MoMLSimpleApplication@5b42f27b
----------------- Done invoking toplevel() on ptolemy.moml.MoMLSimpleApplication@5b42f27b
reloadAllAccessors: .LookupTable

===========================================================================================
----------------- testing Sat Nov 30 06:27:10 UTC 2019 /home/travis/build/icyphy/ptII/ptolemy/actor/lib/test/auto/MathFunction.xml
----------------- Instantiating /home/travis/build/icyphy/ptII/ptolemy/actor/lib/test/auto/MathFunction.xml
3 ms. Memory: 438272K Free: 195283K (45%)
----------------- Invoking toplevel() on ptolemy.moml.MoMLSimpleApplication@50063782
----------------- Done invoking toplevel() on ptolemy.moml.MoMLSimpleApplication@50063782
reloadAllAccessors: .MathFunction

===========================================================================================
----------------- testing Sat Nov 30 06:27:10 UTC 2019 /home/travis/build/icyphy/ptII/ptolemy/actor/lib/test/auto/MathFunction2.xml
----------------- Instantiating /home/travis/build/icyphy/ptII/ptolemy/actor/lib/test/auto/MathFunction2.xml
1 ms. Memory: 438272K Free: 191701K (44%)
----------------- Invoking toplevel() on ptolemy.moml.MoMLSimpleApplication@6eb88d30
----------------- Done invoking toplevel() on ptolemy.moml.MoMLSimpleApplication@6eb88d30
reloadAllAccessors: .MathFunction2

===========================================================================================
----------------- testing Sat Nov 30 06:27:10 UTC 2019 /home/travis/build/icyphy/ptII/ptolemy/actor/lib/test/auto/MathFunction3.xml
----------------- Instantiating /home/travis/build/icyphy/ptII/ptolemy/actor/lib/test/auto/MathFunction3.xml
2 ms. Memory: 438272K Free: 184533K (42%)
----------------- Invoking toplevel() on ptolemy.moml.MoMLSimpleApplication@28684839
----------------- Done invoking toplevel() on ptolemy.moml.MoMLSimpleApplication@28684839
reloadAllAccessors: .MathFunction3

===========================================================================================
----------------- testing Sat Nov 30 06:27:10 UTC 2019 /home/travis/build/icyphy/ptII/ptolemy/actor/lib/test/auto/MatrixCropBoolean.xml
----------------- Instantiating /home/travis/build/icyphy/ptII/ptolemy/actor/lib/test/auto/MatrixCropBoolean.xml
2 ms. Memory: 438272K Free: 179413K (41%)
----------------- Invoking toplevel() on ptolemy.moml.MoMLSimpleApplication@3da3c576
----------------- Done invoking toplevel() on ptolemy.moml.MoMLSimpleApplication@3da3c576
reloadAllAccessors: .MatrixCropBoolean

===========================================================================================
----------------- testing Sat Nov 30 06:27:10 UTC 2019 /home/travis/build/icyphy/ptII/ptolemy/actor/lib/test/auto/MatrixCropComplex.xml
----------------- Instantiating /home/travis/build/icyphy/ptII/ptolemy/actor/lib/test/auto/MatrixCropComplex.xml
2 ms. Memory: 438272K Free: 174293K (40%)
----------------- Invoking toplevel() on ptolemy.moml.MoMLSimpleApplication@1973a805
----------------- Done invoking toplevel() on ptolemy.moml.MoMLSimpleApplication@1973a805
reloadAllAccessors: .MatrixCropComplex

===========================================================================================
----------------- testing Sat Nov 30 06:27:10 UTC 2019 /home/travis/build/icyphy/ptII/ptolemy/actor/lib/test/auto/MatrixCropDouble.xml
----------------- Instantiating /home/travis/build/icyphy/ptII/ptolemy/actor/lib/test/auto/MatrixCropDouble.xml
2 ms. Memory: 438272K Free: 169653K (39%)
----------------- Invoking toplevel() on ptolemy.moml.MoMLSimpleApplication@35ab070b
----------------- Done invoking toplevel() on ptolemy.moml.MoMLSimpleApplication@35ab070b
reloadAllAccessors: .MatrixCropDouble

===========================================================================================
----------------- testing Sat Nov 30 06:27:10 UTC 2019 /home/travis/build/icyphy/ptII/ptolemy/actor/lib/test/auto/MatrixCropFix.xml
----------------- Instantiating /home/travis/build/icyphy/ptII/ptolemy/actor/lib/test/auto/MatrixCropFix.xml
4 ms. Memory: 438272K Free: 164549K (38%)
----------------- Invoking toplevel() on ptolemy.moml.MoMLSimpleApplication@7ca10a05
----------------- Done invoking toplevel() on ptolemy.moml.MoMLSimpleApplication@7ca10a05
reloadAllAccessors: .MatrixCropFix

===========================================================================================
----------------- testing Sat Nov 30 06:27:10 UTC 2019 /home/travis/build/icyphy/ptII/ptolemy/actor/lib/test/auto/MatrixCropInt.xml
----------------- Instantiating /home/travis/build/icyphy/ptII/ptolemy/actor/lib/test/auto/MatrixCropInt.xml
2 ms. Memory: 438272K Free: 159413K (36%)
----------------- Invoking toplevel() on ptolemy.moml.MoMLSimpleApplication@48ddc632
----------------- Done invoking toplevel() on ptolemy.moml.MoMLSimpleApplication@48ddc632
reloadAllAccessors: .MatrixCropInt

===========================================================================================
----------------- testing Sat Nov 30 06:27:10 UTC 2019 /home/travis/build/icyphy/ptII/ptolemy/actor/lib/test/auto/MatrixCropLong.xml
----------------- Instantiating /home/travis/build/icyphy/ptII/ptolemy/actor/lib/test/auto/MatrixCropLong.xml
1 ms. Memory: 438272K Free: 154293K (35%)
----------------- Invoking toplevel() on ptolemy.moml.MoMLSimpleApplication@a6cb553
----------------- Done invoking toplevel() on ptolemy.moml.MoMLSimpleApplication@a6cb553
reloadAllAccessors: .MatrixCropLong

===========================================================================================
----------------- testing Sat Nov 30 06:27:10 UTC 2019 /home/travis/build/icyphy/ptII/ptolemy/actor/lib/test/auto/MatrixToArray.xml
----------------- Instantiating /home/travis/build/icyphy/ptII/ptolemy/actor/lib/test/auto/MatrixToArray.xml
6 ms. Memory: 438272K Free: 139477K (32%)
----------------- Invoking toplevel() on ptolemy.moml.MoMLSimpleApplication@1ff1c15e
----------------- Done invoking toplevel() on ptolemy.moml.MoMLSimpleApplication@1ff1c15e
reloadAllAccessors: .MatrixToArray

===========================================================================================
----------------- testing Sat Nov 30 06:27:10 UTC 2019 /home/travis/build/icyphy/ptII/ptolemy/actor/lib/test/auto/MaxIndex.xml
----------------- Instantiating /home/travis/build/icyphy/ptII/ptolemy/actor/lib/test/auto/MaxIndex.xml
2 ms. Memory: 438272K Free: 134357K (31%)
----------------- Invoking toplevel() on ptolemy.moml.MoMLSimpleApplication@29683e3f
----------------- Done invoking toplevel() on ptolemy.moml.MoMLSimpleApplication@29683e3f
reloadAllAccessors: .MaxIndex

===========================================================================================
----------------- testing Sat Nov 30 06:27:10 UTC 2019 /home/travis/build/icyphy/ptII/ptolemy/actor/lib/test/auto/Maximum.xml
----------------- Instantiating /home/travis/build/icyphy/ptII/ptolemy/actor/lib/test/auto/Maximum.xml
7 ms. Memory: 438272K Free: 387683K (88%)
----------------- Invoking toplevel() on ptolemy.moml.MoMLSimpleApplication@6b9799bd
----------------- Done invoking toplevel() on ptolemy.moml.MoMLSimpleApplication@6b9799bd
reloadAllAccessors: .Maximum

===========================================================================================
----------------- testing Sat Nov 30 06:27:10 UTC 2019 /home/travis/build/icyphy/ptII/ptolemy/actor/lib/test/auto/MaximumComplex.xml
----------------- Instantiating /home/travis/build/icyphy/ptII/ptolemy/actor/lib/test/auto/MaximumComplex.xml
7 ms. Memory: 438272K Free: 381525K (87%)
----------------- Invoking toplevel() on ptolemy.moml.MoMLSimpleApplication@3d85a443
----------------- Done invoking toplevel() on ptolemy.moml.MoMLSimpleApplication@3d85a443
reloadAllAccessors: .MaximumComplex

===========================================================================================
----------------- testing Sat Nov 30 06:27:10 UTC 2019 /home/travis/build/icyphy/ptII/ptolemy/actor/lib/test/auto/MethodCallTest.xml
----------------- Instantiating /home/travis/build/icyphy/ptII/ptolemy/actor/lib/test/auto/MethodCallTest.xml
3 ms. Memory: 438272K Free: 374885K (86%)
----------------- Invoking toplevel() on ptolemy.moml.MoMLSimpleApplication@31d62bf5
----------------- Done invoking toplevel() on ptolemy.moml.MoMLSimpleApplication@31d62bf5
reloadAllAccessors: .MethodCallTest

===========================================================================================
----------------- testing Sat Nov 30 06:27:10 UTC 2019 /home/travis/build/icyphy/ptII/ptolemy/actor/lib/test/auto/Minimum.xml
----------------- Instantiating /home/travis/build/icyphy/ptII/ptolemy/actor/lib/test/auto/Minimum.xml
3 ms. Memory: 438272K Free: 368227K (84%)
----------------- Invoking toplevel() on ptolemy.moml.MoMLSimpleApplication@3389f4e9
----------------- Done invoking toplevel() on ptolemy.moml.MoMLSimpleApplication@3389f4e9
reloadAllAccessors: .Minimum

===========================================================================================
----------------- testing Sat Nov 30 06:27:10 UTC 2019 /home/travis/build/icyphy/ptII/ptolemy/actor/lib/test/auto/MinimumComplex.xml
----------------- Instantiating /home/travis/build/icyphy/ptII/ptolemy/actor/lib/test/auto/MinimumComplex.xml
4 ms. Memory: 438272K Free: 362069K (83%)
----------------- Invoking toplevel() on ptolemy.moml.MoMLSimpleApplication@721e693c
----------------- Done invoking toplevel() on ptolemy.moml.MoMLSimpleApplication@721e693c
reloadAllAccessors: .MinimumComplex

===========================================================================================
----------------- testing Sat Nov 30 06:27:10 UTC 2019 /home/travis/build/icyphy/ptII/ptolemy/actor/lib/test/auto/MinimumMultiports.xml
----------------- Instantiating /home/travis/build/icyphy/ptII/ptolemy/actor/lib/test/auto/MinimumMultiports.xml
5 ms. Memory: 438272K Free: 353861K (81%)
----------------- Invoking toplevel() on ptolemy.moml.MoMLSimpleApplication@4e13c07
----------------- Done invoking toplevel() on ptolemy.moml.MoMLSimpleApplication@4e13c07
reloadAllAccessors: .MinimumMultiports

===========================================================================================
----------------- testing Sat Nov 30 06:27:10 UTC 2019 /home/travis/build/icyphy/ptII/ptolemy/actor/lib/test/auto/ModifyDate.xml
----------------- Instantiating /home/travis/build/icyphy/ptII/ptolemy/actor/lib/test/auto/ModifyDate.xml
13 ms. Memory: 438272K Free: 341093K (78%)
----------------- Invoking toplevel() on ptolemy.moml.MoMLSimpleApplication@7acb1f56
----------------- Done invoking toplevel() on ptolemy.moml.MoMLSimpleApplication@7acb1f56
reloadAllAccessors: .ModifyDate

===========================================================================================
----------------- testing Sat Nov 30 06:27:10 UTC 2019 /home/travis/build/icyphy/ptII/ptolemy/actor/lib/test/auto/ModifyDate2.xml
----------------- Instantiating /home/travis/build/icyphy/ptII/ptolemy/actor/lib/test/auto/ModifyDate2.xml
3 ms. Memory: 438272K Free: 332387K (76%)
----------------- Invoking toplevel() on ptolemy.moml.MoMLSimpleApplication@6e946d82
----------------- Done invoking toplevel() on ptolemy.moml.MoMLSimpleApplication@6e946d82
reloadAllAccessors: .ModifyDate2

===========================================================================================
----------------- testing Sat Nov 30 06:27:10 UTC 2019 /home/travis/build/icyphy/ptII/ptolemy/actor/lib/test/auto/MovingAverage.xml
----------------- Instantiating /home/travis/build/icyphy/ptII/ptolemy/actor/lib/test/auto/MovingAverage.xml
2 ms. Memory: 438272K Free: 327267K (75%)
----------------- Invoking toplevel() on ptolemy.moml.MoMLSimpleApplication@3a84d0e1
----------------- Done invoking toplevel() on ptolemy.moml.MoMLSimpleApplication@3a84d0e1
reloadAllAccessors: .MovingAverage

===========================================================================================
----------------- testing Sat Nov 30 06:27:10 UTC 2019 /home/travis/build/icyphy/ptII/ptolemy/actor/lib/test/auto/MovingMaximum.xml
----------------- Instantiating /home/travis/build/icyphy/ptII/ptolemy/actor/lib/test/auto/MovingMaximum.xml
1 ms. Memory: 438272K Free: 322661K (74%)
----------------- Invoking toplevel() on ptolemy.moml.MoMLSimpleApplication@792c54d
----------------- Done invoking toplevel() on ptolemy.moml.MoMLSimpleApplication@792c54d
reloadAllAccessors: .MovingMaximum

===========================================================================================
----------------- testing Sat Nov 30 06:27:10 UTC 2019 /home/travis/build/icyphy/ptII/ptolemy/actor/lib/test/auto/MultipleLinksToSameRelation.xml
----------------- Instantiating /home/travis/build/icyphy/ptII/ptolemy/actor/lib/test/auto/MultipleLinksToSameRelation.xml
6 ms. Memory: 438272K Free: 319075K (73%)
----------------- Invoking toplevel() on ptolemy.moml.MoMLSimpleApplication@26a672a7
----------------- Done invoking toplevel() on ptolemy.moml.MoMLSimpleApplication@26a672a7
reloadAllAccessors: .MultipleLinksToSameRelation

===========================================================================================
----------------- testing Sat Nov 30 06:27:10 UTC 2019 /home/travis/build/icyphy/ptII/ptolemy/actor/lib/test/auto/MultipleLinksToSameRelationDE.xml
----------------- Instantiating /home/travis/build/icyphy/ptII/ptolemy/actor/lib/test/auto/MultipleLinksToSameRelationDE.xml
2 ms. Memory: 438272K Free: 314469K (72%)
----------------- Invoking toplevel() on ptolemy.moml.MoMLSimpleApplication@388b0eac
----------------- Done invoking toplevel() on ptolemy.moml.MoMLSimpleApplication@388b0eac
reloadAllAccessors: .MultipleLinksToSameRelationDE

===========================================================================================
----------------- testing Sat Nov 30 06:27:10 UTC 2019 /home/travis/build/icyphy/ptII/ptolemy/actor/lib/test/auto/Multiplexor.xml
----------------- Instantiating /home/travis/build/icyphy/ptII/ptolemy/actor/lib/test/auto/Multiplexor.xml
2 ms. Memory: 438272K Free: 308835K (70%)
----------------- Invoking toplevel() on ptolemy.moml.MoMLSimpleApplication@de394b
----------------- Done invoking toplevel() on ptolemy.moml.MoMLSimpleApplication@de394b
reloadAllAccessors: .Multiplexor

===========================================================================================
----------------- testing Sat Nov 30 06:27:10 UTC 2019 /home/travis/build/icyphy/ptII/ptolemy/actor/lib/test/auto/Multiplexor1.xml
----------------- Instantiating /home/travis/build/icyphy/ptII/ptolemy/actor/lib/test/auto/Multiplexor1.xml
2 ms. Memory: 438272K Free: 303205K (69%)
----------------- Invoking toplevel() on ptolemy.moml.MoMLSimpleApplication@52773e19
----------------- Done invoking toplevel() on ptolemy.moml.MoMLSimpleApplication@52773e19
reloadAllAccessors: .Multiplexor1

===========================================================================================
----------------- testing Sat Nov 30 06:27:10 UTC 2019 /home/travis/build/icyphy/ptII/ptolemy/actor/lib/test/auto/Multiplexor2.xml
----------------- Instantiating /home/travis/build/icyphy/ptII/ptolemy/actor/lib/test/auto/Multiplexor2.xml
6 ms. Memory: 438272K Free: 296547K (68%)
----------------- Invoking toplevel() on ptolemy.moml.MoMLSimpleApplication@661124d2
----------------- Done invoking toplevel() on ptolemy.moml.MoMLSimpleApplication@661124d2
reloadAllAccessors: .Multiplexor2

===========================================================================================
----------------- testing Sat Nov 30 06:27:10 UTC 2019 /home/travis/build/icyphy/ptII/ptolemy/actor/lib/test/auto/Multiplexor3.xml
----------------- Instantiating /home/travis/build/icyphy/ptII/ptolemy/actor/lib/test/auto/Multiplexor3.xml
1 ms. Memory: 438272K Free: 292451K (67%)
----------------- Invoking toplevel() on ptolemy.moml.MoMLSimpleApplication@4fdc0436
----------------- Done invoking toplevel() on ptolemy.moml.MoMLSimpleApplication@4fdc0436
reloadAllAccessors: .Multiplexor3

===========================================================================================
----------------- testing Sat Nov 30 06:27:10 UTC 2019 /home/travis/build/icyphy/ptII/ptolemy/actor/lib/test/auto/MultiplexorDE.xml
----------------- Instantiating /home/travis/build/icyphy/ptII/ptolemy/actor/lib/test/auto/MultiplexorDE.xml
4 ms. Memory: 438272K Free: 285269K (65%)
----------------- Invoking toplevel() on ptolemy.moml.MoMLSimpleApplication@106bf65c
----------------- Done invoking toplevel() on ptolemy.moml.MoMLSimpleApplication@106bf65c
reloadAllAccessors: .MultiplexorDE

===========================================================================================
----------------- testing Sat Nov 30 06:27:10 UTC 2019 /home/travis/build/icyphy/ptII/ptolemy/actor/lib/test/auto/MultiportBroadcastTest.xml
----------------- Instantiating /home/travis/build/icyphy/ptII/ptolemy/actor/lib/test/auto/MultiportBroadcastTest.xml
85 ms. Memory: 438272K Free: 279133K (64%)
----------------- Invoking toplevel() on ptolemy.moml.MoMLSimpleApplication@33d2b2ed
----------------- Done invoking toplevel() on ptolemy.moml.MoMLSimpleApplication@33d2b2ed
reloadAllAccessors: .MultiportBroadcastTest

===========================================================================================
----------------- testing Sat Nov 30 06:27:10 UTC 2019 /home/travis/build/icyphy/ptII/ptolemy/actor/lib/test/auto/MultiportOutHangDuringGetWidth.xml
----------------- Instantiating /home/travis/build/icyphy/ptII/ptolemy/actor/lib/test/auto/MultiportOutHangDuringGetWidth.xml
5 ms. Memory: 438272K Free: 266837K (61%)
----------------- Invoking toplevel() on ptolemy.moml.MoMLSimpleApplication@728fbb9a
----------------- Done invoking toplevel() on ptolemy.moml.MoMLSimpleApplication@728fbb9a
reloadAllAccessors: .MultiportOutHangDuringGetWidth

===========================================================================================
----------------- testing Sat Nov 30 06:27:10 UTC 2019 /home/travis/build/icyphy/ptII/ptolemy/actor/lib/test/auto/NilToken.xml
----------------- Instantiating /home/travis/build/icyphy/ptII/ptolemy/actor/lib/test/auto/NilToken.xml
1 ms. Memory: 438272K Free: 262755K (60%)
----------------- Invoking toplevel() on ptolemy.moml.MoMLSimpleApplication@49512e3f
----------------- Done invoking toplevel() on ptolemy.moml.MoMLSimpleApplication@49512e3f
reloadAllAccessors: .NilToken

===========================================================================================
----------------- testing Sat Nov 30 06:27:10 UTC 2019 /home/travis/build/icyphy/ptII/ptolemy/actor/lib/test/auto/NilTokenNonStrictTest.xml
----------------- Instantiating /home/travis/build/icyphy/ptII/ptolemy/actor/lib/test/auto/NilTokenNonStrictTest.xml
2 ms. Memory: 438272K Free: 258149K (59%)
----------------- Invoking toplevel() on ptolemy.moml.MoMLSimpleApplication@641c262
----------------- Done invoking toplevel() on ptolemy.moml.MoMLSimpleApplication@641c262
reloadAllAccessors: .NilTokenNonStrictTest

===========================================================================================
----------------- testing Sat Nov 30 06:27:10 UTC 2019 /home/travis/build/icyphy/ptII/ptolemy/actor/lib/test/auto/NilTokenRecord.xml
----------------- Instantiating /home/travis/build/icyphy/ptII/ptolemy/actor/lib/test/auto/NilTokenRecord.xml
6 ms. Memory: 438272K Free: 251491K (57%)
----------------- Invoking toplevel() on ptolemy.moml.MoMLSimpleApplication@1cbb3cbb
----------------- Done invoking toplevel() on ptolemy.moml.MoMLSimpleApplication@1cbb3cbb
reloadAllAccessors: .NilTokenRecord

===========================================================================================
----------------- testing Sat Nov 30 06:27:11 UTC 2019 /home/travis/build/icyphy/ptII/ptolemy/actor/lib/test/auto/NilTokenTypeTest.xml
----------------- Instantiating /home/travis/build/icyphy/ptII/ptolemy/actor/lib/test/auto/NilTokenTypeTest.xml
14 ms. Memory: 438272K Free: 242275K (55%)
----------------- Invoking toplevel() on ptolemy.moml.MoMLSimpleApplication@570a628f
----------------- Done invoking toplevel() on ptolemy.moml.MoMLSimpleApplication@570a628f
reloadAllAccessors: .NilTokenTypeTest

===========================================================================================
----------------- testing Sat Nov 30 06:27:11 UTC 2019 /home/travis/build/icyphy/ptII/ptolemy/actor/lib/test/auto/ObjectToken1.xml
----------------- Instantiating /home/travis/build/icyphy/ptII/ptolemy/actor/lib/test/auto/ObjectToken1.xml
3 ms. Memory: 438272K Free: 238179K (54%)
----------------- Invoking toplevel() on ptolemy.moml.MoMLSimpleApplication@6d0ebccf
----------------- Done invoking toplevel() on ptolemy.moml.MoMLSimpleApplication@6d0ebccf
reloadAllAccessors: .ObjectToken1

===========================================================================================
----------------- testing Sat Nov 30 06:27:11 UTC 2019 /home/travis/build/icyphy/ptII/ptolemy/actor/lib/test/auto/OrderedMerge.xml
----------------- Instantiating /home/travis/build/icyphy/ptII/ptolemy/actor/lib/test/auto/OrderedMerge.xml
7 ms. Memory: 438272K Free: 232549K (53%)
----------------- Invoking toplevel() on ptolemy.moml.MoMLSimpleApplication@352fb8eb
----------------- Done invoking toplevel() on ptolemy.moml.MoMLSimpleApplication@352fb8eb
reloadAllAccessors: .OrderedMerge

===========================================================================================
----------------- testing Sat Nov 30 06:27:11 UTC 2019 /home/travis/build/icyphy/ptII/ptolemy/actor/lib/test/auto/OrderedRecordDisassembler.xml
----------------- Instantiating /home/travis/build/icyphy/ptII/ptolemy/actor/lib/test/auto/OrderedRecordDisassembler.xml
3 ms. Memory: 438272K Free: 227429K (52%)
----------------- Invoking toplevel() on ptolemy.moml.MoMLSimpleApplication@3200b316
----------------- Done invoking toplevel() on ptolemy.moml.MoMLSimpleApplication@3200b316
reloadAllAccessors: .OrderedRecordDisassembler

===========================================================================================
----------------- testing Sat Nov 30 06:27:11 UTC 2019 /home/travis/build/icyphy/ptII/ptolemy/actor/lib/test/auto/OrderedRecordDisassembler2.xml
----------------- Instantiating /home/travis/build/icyphy/ptII/ptolemy/actor/lib/test/auto/OrderedRecordDisassembler2.xml
5 ms. Memory: 438272K Free: 219747K (50%)
----------------- Invoking toplevel() on ptolemy.moml.MoMLSimpleApplication@29a32b94
----------------- Done invoking toplevel() on ptolemy.moml.MoMLSimpleApplication@29a32b94
reloadAllAccessors: .OrderedRecordDisassembler2

===========================================================================================
----------------- testing Sat Nov 30 06:27:11 UTC 2019 /home/travis/build/icyphy/ptII/ptolemy/actor/lib/test/auto/OrderedRecordUpdater.xml
----------------- Instantiating /home/travis/build/icyphy/ptII/ptolemy/actor/lib/test/auto/OrderedRecordUpdater.xml
3 ms. Memory: 438272K Free: 214627K (49%)
----------------- Invoking toplevel() on ptolemy.moml.MoMLSimpleApplication@3fc9a506
----------------- Done invoking toplevel() on ptolemy.moml.MoMLSimpleApplication@3fc9a506
reloadAllAccessors: .RecordUpdater

===========================================================================================
----------------- testing Sat Nov 30 06:27:11 UTC 2019 /home/travis/build/icyphy/ptII/ptolemy/actor/lib/test/auto/OrderedRecordUpdater2.xml
----------------- Instantiating /home/travis/build/icyphy/ptII/ptolemy/actor/lib/test/auto/OrderedRecordUpdater2.xml
3 ms. Memory: 438272K Free: 210531K (48%)
----------------- Invoking toplevel() on ptolemy.moml.MoMLSimpleApplication@2df28bb7
----------------- Done invoking toplevel() on ptolemy.moml.MoMLSimpleApplication@2df28bb7
reloadAllAccessors: .RecordUpdater2

===========================================================================================
----------------- testing Sat Nov 30 06:27:11 UTC 2019 /home/travis/build/icyphy/ptII/ptolemy/actor/lib/test/auto/PhaseUnwrap.xml
----------------- Instantiating /home/travis/build/icyphy/ptII/ptolemy/actor/lib/test/auto/PhaseUnwrap.xml
2 ms. Memory: 438272K Free: 205925K (47%)
----------------- Invoking toplevel() on ptolemy.moml.MoMLSimpleApplication@1d85c2c0
----------------- Done invoking toplevel() on ptolemy.moml.MoMLSimpleApplication@1d85c2c0
reloadAllAccessors: .PhaseUnwrap

===========================================================================================
----------------- testing Sat Nov 30 06:27:11 UTC 2019 /home/travis/build/icyphy/ptII/ptolemy/actor/lib/test/auto/PoissonClock.xml
----------------- Instantiating /home/travis/build/icyphy/ptII/ptolemy/actor/lib/test/auto/PoissonClock.xml
2 ms. Memory: 438272K Free: 201829K (46%)
----------------- Invoking toplevel() on ptolemy.moml.MoMLSimpleApplication@72633ecd
----------------- Done invoking toplevel() on ptolemy.moml.MoMLSimpleApplication@72633ecd
reloadAllAccessors: .PoissonClock

===========================================================================================
----------------- testing Sat Nov 30 06:27:11 UTC 2019 /home/travis/build/icyphy/ptII/ptolemy/actor/lib/test/auto/PoissonClock2.xml
----------------- Instantiating /home/travis/build/icyphy/ptII/ptolemy/actor/lib/test/auto/PoissonClock2.xml
2 ms. Memory: 438272K Free: 197733K (45%)
----------------- Invoking toplevel() on ptolemy.moml.MoMLSimpleApplication@260c7636
----------------- Done invoking toplevel() on ptolemy.moml.MoMLSimpleApplication@260c7636
reloadAllAccessors: .PoissonClock2

===========================================================================================
----------------- testing Sat Nov 30 06:27:11 UTC 2019 /home/travis/build/icyphy/ptII/ptolemy/actor/lib/test/auto/PoissonClock3.xml
----------------- Instantiating /home/travis/build/icyphy/ptII/ptolemy/actor/lib/test/auto/PoissonClock3.xml
1 ms. Memory: 438272K Free: 192613K (44%)
----------------- Invoking toplevel() on ptolemy.moml.MoMLSimpleApplication@faea58d
----------------- Done invoking toplevel() on ptolemy.moml.MoMLSimpleApplication@faea58d
reloadAllAccessors: .PoissonClock3

===========================================================================================
----------------- testing Sat Nov 30 06:27:11 UTC 2019 /home/travis/build/icyphy/ptII/ptolemy/actor/lib/test/auto/PubSubWithInitialTokens.xml
----------------- Instantiating /home/travis/build/icyphy/ptII/ptolemy/actor/lib/test/auto/PubSubWithInitialTokens.xml
3 ms. Memory: 438272K Free: 186973K (43%)
----------------- Invoking toplevel() on ptolemy.moml.MoMLSimpleApplication@37d50147
----------------- Done invoking toplevel() on ptolemy.moml.MoMLSimpleApplication@37d50147
reloadAllAccessors: .PubSubWithInitialTokens

===========================================================================================
----------------- testing Sat Nov 30 06:27:11 UTC 2019 /home/travis/build/icyphy/ptII/ptolemy/actor/lib/test/auto/PubSubWithInitialTokens2.xml
----------------- Instantiating /home/travis/build/icyphy/ptII/ptolemy/actor/lib/test/auto/PubSubWithInitialTokens2.xml
2 ms. Memory: 438272K Free: 180821K (41%)
----------------- Invoking toplevel() on ptolemy.moml.MoMLSimpleApplication@2b7d0a57
----------------- Done invoking toplevel() on ptolemy.moml.MoMLSimpleApplication@2b7d0a57
reloadAllAccessors: .PubSubWithInitialTokens2

===========================================================================================
----------------- testing Sat Nov 30 06:27:11 UTC 2019 /home/travis/build/icyphy/ptII/ptolemy/actor/lib/test/auto/PublisherClassNoParameter.xml
----------------- Instantiating /home/travis/build/icyphy/ptII/ptolemy/actor/lib/test/auto/PublisherClassNoParameter.xml
2 ms. Memory: 438272K Free: 171109K (39%)
----------------- Invoking toplevel() on ptolemy.moml.MoMLSimpleApplication@2edda3bc
----------------- Done invoking toplevel() on ptolemy.moml.MoMLSimpleApplication@2edda3bc
reloadAllAccessors: .PublisherClassNoParameter

===========================================================================================
----------------- testing Sat Nov 30 06:27:11 UTC 2019 /home/travis/build/icyphy/ptII/ptolemy/actor/lib/test/auto/PublisherClassParameter.xml
----------------- Instantiating /home/travis/build/icyphy/ptII/ptolemy/actor/lib/test/auto/PublisherClassParameter.xml
2 ms. Memory: 438272K Free: 161379K (37%)
----------------- Invoking toplevel() on ptolemy.moml.MoMLSimpleApplication@8b045f4
----------------- Done invoking toplevel() on ptolemy.moml.MoMLSimpleApplication@8b045f4
reloadAllAccessors: .PublisherClassParameter

===========================================================================================
----------------- testing Sat Nov 30 06:27:11 UTC 2019 /home/travis/build/icyphy/ptII/ptolemy/actor/lib/test/auto/PublisherNonStrictTest.xml
----------------- Instantiating /home/travis/build/icyphy/ptII/ptolemy/actor/lib/test/auto/PublisherNonStrictTest.xml
3 ms. Memory: 438272K Free: 153701K (35%)
----------------- Invoking toplevel() on ptolemy.moml.MoMLSimpleApplication@166ab525
----------------- Done invoking toplevel() on ptolemy.moml.MoMLSimpleApplication@166ab525
reloadAllAccessors: .PublisherNonStrictTest

===========================================================================================
----------------- testing Sat Nov 30 06:27:11 UTC 2019 /home/travis/build/icyphy/ptII/ptolemy/actor/lib/test/auto/PublisherPort1.xml
----------------- Instantiating /home/travis/build/icyphy/ptII/ptolemy/actor/lib/test/auto/PublisherPort1.xml
2 ms. Memory: 438272K Free: 148053K (34%)
----------------- Invoking toplevel() on ptolemy.moml.MoMLSimpleApplication@5cd7fb8e
----------------- Done invoking toplevel() on ptolemy.moml.MoMLSimpleApplication@5cd7fb8e
reloadAllAccessors: .PublisherPort1

===========================================================================================
----------------- testing Sat Nov 30 06:27:11 UTC 2019 /home/travis/build/icyphy/ptII/ptolemy/actor/lib/test/auto/PublisherPort2.xml
----------------- Instantiating /home/travis/build/icyphy/ptII/ptolemy/actor/lib/test/auto/PublisherPort2.xml
8 ms. Memory: 438272K Free: 142947K (33%)
----------------- Invoking toplevel() on ptolemy.moml.MoMLSimpleApplication@3f090e77
----------------- Done invoking toplevel() on ptolemy.moml.MoMLSimpleApplication@3f090e77
reloadAllAccessors: .PublisherPort2

===========================================================================================
----------------- testing Sat Nov 30 06:27:11 UTC 2019 /home/travis/build/icyphy/ptII/ptolemy/actor/lib/test/auto/PublisherPort3.xml
----------------- Instantiating /home/travis/build/icyphy/ptII/ptolemy/actor/lib/test/auto/PublisherPort3.xml
4 ms. Memory: 438272K Free: 136293K (31%)
----------------- Invoking toplevel() on ptolemy.moml.MoMLSimpleApplication@280462d2
----------------- Done invoking toplevel() on ptolemy.moml.MoMLSimpleApplication@280462d2
reloadAllAccessors: .PublisherPort3

===========================================================================================
----------------- testing Sat Nov 30 06:27:11 UTC 2019 /home/travis/build/icyphy/ptII/ptolemy/actor/lib/test/auto/PublisherPort4.xml
----------------- Instantiating /home/travis/build/icyphy/ptII/ptolemy/actor/lib/test/auto/PublisherPort4.xml
14 ms. Memory: 438272K Free: 389635K (89%)
----------------- Invoking toplevel() on ptolemy.moml.MoMLSimpleApplication@4161039e
----------------- Done invoking toplevel() on ptolemy.moml.MoMLSimpleApplication@4161039e
reloadAllAccessors: .PublisherPort4

===========================================================================================
----------------- testing Sat Nov 30 06:27:11 UTC 2019 /home/travis/build/icyphy/ptII/ptolemy/actor/lib/test/auto/PublisherPort5.xml
----------------- Instantiating /home/travis/build/icyphy/ptII/ptolemy/actor/lib/test/auto/PublisherPort5.xml
4 ms. Memory: 438272K Free: 381484K (87%)
----------------- Invoking toplevel() on ptolemy.moml.MoMLSimpleApplication@6308d25c
----------------- Done invoking toplevel() on ptolemy.moml.MoMLSimpleApplication@6308d25c
reloadAllAccessors: .PublisherPort5

===========================================================================================
----------------- testing Sat Nov 30 06:27:11 UTC 2019 /home/travis/build/icyphy/ptII/ptolemy/actor/lib/test/auto/PublisherPort5LookAlike.xml
----------------- Instantiating /home/travis/build/icyphy/ptII/ptolemy/actor/lib/test/auto/PublisherPort5LookAlike.xml
8 ms. Memory: 438272K Free: 373806K (85%)
----------------- Invoking toplevel() on ptolemy.moml.MoMLSimpleApplication@5e688abc
----------------- Done invoking toplevel() on ptolemy.moml.MoMLSimpleApplication@5e688abc
reloadAllAccessors: .PublisherPort5LookAlike

===========================================================================================
----------------- testing Sat Nov 30 06:27:11 UTC 2019 /home/travis/build/icyphy/ptII/ptolemy/actor/lib/test/auto/PublisherPort6.xml
----------------- Instantiating /home/travis/build/icyphy/ptII/ptolemy/actor/lib/test/auto/PublisherPort6.xml
2 ms. Memory: 438272K Free: 367148K (84%)
----------------- Invoking toplevel() on ptolemy.moml.MoMLSimpleApplication@6892c6ba
----------------- Done invoking toplevel() on ptolemy.moml.MoMLSimpleApplication@6892c6ba
reloadAllAccessors: .PublisherPort6

===========================================================================================
----------------- testing Sat Nov 30 06:27:11 UTC 2019 /home/travis/build/icyphy/ptII/ptolemy/actor/lib/test/auto/PublisherPort7.xml
----------------- Instantiating /home/travis/build/icyphy/ptII/ptolemy/actor/lib/test/auto/PublisherPort7.xml
4 ms. Memory: 438272K Free: 359470K (82%)
----------------- Invoking toplevel() on ptolemy.moml.MoMLSimpleApplication@1ab35e9d
----------------- Done invoking toplevel() on ptolemy.moml.MoMLSimpleApplication@1ab35e9d
reloadAllAccessors: .PublisherPort7

===========================================================================================
----------------- testing Sat Nov 30 06:27:11 UTC 2019 /home/travis/build/icyphy/ptII/ptolemy/actor/lib/test/auto/PublisherPort8.xml
----------------- Instantiating /home/travis/build/icyphy/ptII/ptolemy/actor/lib/test/auto/PublisherPort8.xml
4 ms. Memory: 438272K Free: 350764K (80%)
----------------- Invoking toplevel() on ptolemy.moml.MoMLSimpleApplication@66cb43f5
----------------- Done invoking toplevel() on ptolemy.moml.MoMLSimpleApplication@66cb43f5
reloadAllAccessors: .PublisherPort8

===========================================================================================
----------------- testing Sat Nov 30 06:27:11 UTC 2019 /home/travis/build/icyphy/ptII/ptolemy/actor/lib/test/auto/PublisherPortSubscriberChannelVariablesAOC2.xml
----------------- Instantiating /home/travis/build/icyphy/ptII/ptolemy/actor/lib/test/auto/PublisherPortSubscriberChannelVariablesAOC2.xml
4 ms. Memory: 438272K Free: 332846K (76%)
----------------- Invoking toplevel() on ptolemy.moml.MoMLSimpleApplication@6d3c86f
----------------- Done invoking toplevel() on ptolemy.moml.MoMLSimpleApplication@6d3c86f
reloadAllAccessors: .PublisherPortSubscriberChannelVariablesAOC2

===========================================================================================
----------------- testing Sat Nov 30 06:27:11 UTC 2019 /home/travis/build/icyphy/ptII/ptolemy/actor/lib/test/auto/PublisherPortSubscriberOpaqueWidthInference.xml
----------------- Instantiating /home/travis/build/icyphy/ptII/ptolemy/actor/lib/test/auto/PublisherPortSubscriberOpaqueWidthInference.xml
4 ms. Memory: 438272K Free: 325678K (74%)
----------------- Invoking toplevel() on ptolemy.moml.MoMLSimpleApplication@2d5d0a9f
----------------- Done invoking toplevel() on ptolemy.moml.MoMLSimpleApplication@2d5d0a9f
reloadAllAccessors: .PublisherPortSubscriberOpaqueWidthInference

===========================================================================================
----------------- testing Sat Nov 30 06:27:11 UTC 2019 /home/travis/build/icyphy/ptII/ptolemy/actor/lib/test/auto/PublisherPortSubscriberPortAdjacent.xml
----------------- Instantiating /home/travis/build/icyphy/ptII/ptolemy/actor/lib/test/auto/PublisherPortSubscriberPortAdjacent.xml
2 ms. Memory: 438272K Free: 317486K (72%)
----------------- Invoking toplevel() on ptolemy.moml.MoMLSimpleApplication@1b632c55
----------------- Done invoking toplevel() on ptolemy.moml.MoMLSimpleApplication@1b632c55
reloadAllAccessors: .PublisherPortSubscriberPortAdjacent

===========================================================================================
----------------- testing Sat Nov 30 06:27:11 UTC 2019 /home/travis/build/icyphy/ptII/ptolemy/actor/lib/test/auto/PublisherPortSubscriberPortExpression.xml
----------------- Instantiating /home/travis/build/icyphy/ptII/ptolemy/actor/lib/test/auto/PublisherPortSubscriberPortExpression.xml
3 ms. Memory: 438272K Free: 309789K (71%)
----------------- Invoking toplevel() on ptolemy.moml.MoMLSimpleApplication@6a34ead3
----------------- Done invoking toplevel() on ptolemy.moml.MoMLSimpleApplication@6a34ead3
reloadAllAccessors: .PublisherPortSubscriberPortExpression

===========================================================================================
----------------- testing Sat Nov 30 06:27:11 UTC 2019 /home/travis/build/icyphy/ptII/ptolemy/actor/lib/test/auto/PublisherPortSubscriberPortOpaqueD3Reverse.xml
----------------- Instantiating /home/travis/build/icyphy/ptII/ptolemy/actor/lib/test/auto/PublisherPortSubscriberPortOpaqueD3Reverse.xml
6 ms. Memory: 438272K Free: 299564K (68%)
----------------- Invoking toplevel() on ptolemy.moml.MoMLSimpleApplication@5838c221
----------------- Done invoking toplevel() on ptolemy.moml.MoMLSimpleApplication@5838c221
reloadAllAccessors: .PublisherPortSubscriberPortOpaqueD3Reverse

===========================================================================================
----------------- testing Sat Nov 30 06:27:11 UTC 2019 /home/travis/build/icyphy/ptII/ptolemy/actor/lib/test/auto/PublisherPortSubscriberPortOpaqueWidthInference.xml
----------------- Instantiating /home/travis/build/icyphy/ptII/ptolemy/actor/lib/test/auto/PublisherPortSubscriberPortOpaqueWidthInference.xml
4 ms. Memory: 438272K Free: 291886K (67%)
----------------- Invoking toplevel() on ptolemy.moml.MoMLSimpleApplication@4589ebfb
----------------- Done invoking toplevel() on ptolemy.moml.MoMLSimpleApplication@4589ebfb
reloadAllAccessors: .PublisherPortSubscriberPortOpaqueWidthInference

===========================================================================================
----------------- testing Sat Nov 30 06:27:11 UTC 2019 /home/travis/build/icyphy/ptII/ptolemy/actor/lib/test/auto/PublisherPortToplevelSubscriberPortAOC.xml
----------------- Instantiating /home/travis/build/icyphy/ptII/ptolemy/actor/lib/test/auto/PublisherPortToplevelSubscriberPortAOC.xml
.PublisherPortToplevelSubscriberPortAOC.TestExceptionAttribute: initialize() was not invoked, but wrapup() was.  This is unusual, but not always a problem.  For example, exporting JNLP will do this.
1 ms. Memory: 438272K Free: 286252K (65%)
----------------- Invoking toplevel() on ptolemy.moml.MoMLSimpleApplication@1213003c
----------------- Done invoking toplevel() on ptolemy.moml.MoMLSimpleApplication@1213003c
reloadAllAccessors: .PublisherPortToplevelSubscriberPortAOC

===========================================================================================
----------------- testing Sat Nov 30 06:27:11 UTC 2019 /home/travis/build/icyphy/ptII/ptolemy/actor/lib/test/auto/PublisherSubscriber.xml
----------------- Instantiating /home/travis/build/icyphy/ptII/ptolemy/actor/lib/test/auto/PublisherSubscriber.xml
2 ms. Memory: 438272K Free: 279053K (64%)
----------------- Invoking toplevel() on ptolemy.moml.MoMLSimpleApplication@3767fe4e
----------------- Done invoking toplevel() on ptolemy.moml.MoMLSimpleApplication@3767fe4e
reloadAllAccessors: .PublisherSubscriber

===========================================================================================
----------------- testing Sat Nov 30 06:27:11 UTC 2019 /home/travis/build/icyphy/ptII/ptolemy/actor/lib/test/auto/PublisherSubscriber10.xml
----------------- Instantiating /home/travis/build/icyphy/ptII/ptolemy/actor/lib/test/auto/PublisherSubscriber10.xml
8 ms. Memory: 438272K Free: 269358K (61%)
----------------- Invoking toplevel() on ptolemy.moml.MoMLSimpleApplication@64074676
----------------- Done invoking toplevel() on ptolemy.moml.MoMLSimpleApplication@64074676
reloadAllAccessors: .PublisherSubscriber10

===========================================================================================
----------------- testing Sat Nov 30 06:27:11 UTC 2019 /home/travis/build/icyphy/ptII/ptolemy/actor/lib/test/auto/PublisherSubscriber10InitialOutputs.xml
----------------- Instantiating /home/travis/build/icyphy/ptII/ptolemy/actor/lib/test/auto/PublisherSubscriber10InitialOutputs.xml
16 ms. Memory: 438272K Free: 260142K (59%)
----------------- Invoking toplevel() on ptolemy.moml.MoMLSimpleApplication@446ddb13
----------------- Done invoking toplevel() on ptolemy.moml.MoMLSimpleApplication@446ddb13
reloadAllAccessors: .PublisherSubscriber10InitialOutputs

===========================================================================================
----------------- testing Sat Nov 30 06:27:11 UTC 2019 /home/travis/build/icyphy/ptII/ptolemy/actor/lib/test/auto/PublisherSubscriber11.xml
----------------- Instantiating /home/travis/build/icyphy/ptII/ptolemy/actor/lib/test/auto/PublisherSubscriber11.xml
3 ms. Memory: 438272K Free: 253998K (58%)
----------------- Invoking toplevel() on ptolemy.moml.MoMLSimpleApplication@3a50c3c4
----------------- Done invoking toplevel() on ptolemy.moml.MoMLSimpleApplication@3a50c3c4
reloadAllAccessors: .PublisherSubscriber11

===========================================================================================
----------------- testing Sat Nov 30 06:27:11 UTC 2019 /home/travis/build/icyphy/ptII/ptolemy/actor/lib/test/auto/PublisherSubscriber12.xml
----------------- Instantiating /home/travis/build/icyphy/ptII/ptolemy/actor/lib/test/auto/PublisherSubscriber12.xml
6 ms. Memory: 438272K Free: 246830K (56%)
----------------- Invoking toplevel() on ptolemy.moml.MoMLSimpleApplication@2e137fc0
----------------- Done invoking toplevel() on ptolemy.moml.MoMLSimpleApplication@2e137fc0
reloadAllAccessors: .PublisherSubscriber12

===========================================================================================
----------------- testing Sat Nov 30 06:27:11 UTC 2019 /home/travis/build/icyphy/ptII/ptolemy/actor/lib/test/auto/PublisherSubscriber13.xml
----------------- Instantiating /home/travis/build/icyphy/ptII/ptolemy/actor/lib/test/auto/PublisherSubscriber13.xml
2 ms. Memory: 438272K Free: 241165K (55%)
----------------- Invoking toplevel() on ptolemy.moml.MoMLSimpleApplication@745bc1ba
----------------- Done invoking toplevel() on ptolemy.moml.MoMLSimpleApplication@745bc1ba
reloadAllAccessors: .PublisherSubscriber13

===========================================================================================
----------------- testing Sat Nov 30 06:27:11 UTC 2019 /home/travis/build/icyphy/ptII/ptolemy/actor/lib/test/auto/PublisherSubscriber14.xml
----------------- Instantiating /home/travis/build/icyphy/ptII/ptolemy/actor/lib/test/auto/PublisherSubscriber14.xml
2 ms. Memory: 438272K Free: 232494K (53%)
----------------- Invoking toplevel() on ptolemy.moml.MoMLSimpleApplication@7079883f
----------------- Done invoking toplevel() on ptolemy.moml.MoMLSimpleApplication@7079883f
reloadAllAccessors: .PublisherSubscriber14

===========================================================================================
----------------- testing Sat Nov 30 06:27:11 UTC 2019 /home/travis/build/icyphy/ptII/ptolemy/actor/lib/test/auto/PublisherSubscriber2.xml
----------------- Instantiating /home/travis/build/icyphy/ptII/ptolemy/actor/lib/test/auto/PublisherSubscriber2.xml
4 ms. Memory: 438272K Free: 226829K (52%)
----------------- Invoking toplevel() on ptolemy.moml.MoMLSimpleApplication@29375070
----------------- Done invoking toplevel() on ptolemy.moml.MoMLSimpleApplication@29375070
reloadAllAccessors: .PublisherSubscriber2

===========================================================================================
----------------- testing Sat Nov 30 06:27:11 UTC 2019 /home/travis/build/icyphy/ptII/ptolemy/actor/lib/test/auto/PublisherSubscriber3.xml
----------------- Instantiating /home/travis/build/icyphy/ptII/ptolemy/actor/lib/test/auto/PublisherSubscriber3.xml
2 ms. Memory: 438272K Free: 221230K (50%)
----------------- Invoking toplevel() on ptolemy.moml.MoMLSimpleApplication@23d7962f
----------------- Done invoking toplevel() on ptolemy.moml.MoMLSimpleApplication@23d7962f
reloadAllAccessors: .PublisherSubscriber3

===========================================================================================
----------------- testing Sat Nov 30 06:27:11 UTC 2019 /home/travis/build/icyphy/ptII/ptolemy/actor/lib/test/auto/PublisherSubscriber4.xml
----------------- Instantiating /home/travis/build/icyphy/ptII/ptolemy/actor/lib/test/auto/PublisherSubscriber4.xml
4 ms. Memory: 438272K Free: 216110K (49%)
----------------- Invoking toplevel() on ptolemy.moml.MoMLSimpleApplication@23f173a0
----------------- Done invoking toplevel() on ptolemy.moml.MoMLSimpleApplication@23f173a0
reloadAllAccessors: .PublisherSubscriber4

===========================================================================================
----------------- testing Sat Nov 30 06:27:11 UTC 2019 /home/travis/build/icyphy/ptII/ptolemy/actor/lib/test/auto/PublisherSubscriber5.xml
----------------- Instantiating /home/travis/build/icyphy/ptII/ptolemy/actor/lib/test/auto/PublisherSubscriber5.xml
2 ms. Memory: 438272K Free: 209966K (48%)
----------------- Invoking toplevel() on ptolemy.moml.MoMLSimpleApplication@4c407f4d
----------------- Done invoking toplevel() on ptolemy.moml.MoMLSimpleApplication@4c407f4d
reloadAllAccessors: .PublisherSubscriber5

===========================================================================================
----------------- testing Sat Nov 30 06:27:11 UTC 2019 /home/travis/build/icyphy/ptII/ptolemy/actor/lib/test/auto/PublisherSubscriber6.xml
----------------- Instantiating /home/travis/build/icyphy/ptII/ptolemy/actor/lib/test/auto/PublisherSubscriber6.xml
5 ms. Memory: 438272K Free: 203301K (46%)
----------------- Invoking toplevel() on ptolemy.moml.MoMLSimpleApplication@23a99e88
----------------- Done invoking toplevel() on ptolemy.moml.MoMLSimpleApplication@23a99e88
reloadAllAccessors: .PublisherSubscriber6

===========================================================================================
----------------- testing Sat Nov 30 06:27:11 UTC 2019 /home/travis/build/icyphy/ptII/ptolemy/actor/lib/test/auto/PublisherSubscriber7.xml
----------------- Instantiating /home/travis/build/icyphy/ptII/ptolemy/actor/lib/test/auto/PublisherSubscriber7.xml
9 ms. Memory: 438272K Free: 196654K (45%)
----------------- Invoking toplevel() on ptolemy.moml.MoMLSimpleApplication@62b7e3e6
----------------- Done invoking toplevel() on ptolemy.moml.MoMLSimpleApplication@62b7e3e6
reloadAllAccessors: .PublisherSubscriber7

===========================================================================================
----------------- testing Sat Nov 30 06:27:12 UTC 2019 /home/travis/build/icyphy/ptII/ptolemy/actor/lib/test/auto/PublisherSubscriber8.xml
----------------- Instantiating /home/travis/build/icyphy/ptII/ptolemy/actor/lib/test/auto/PublisherSubscriber8.xml
22 ms. Memory: 438272K Free: 185388K (42%)
----------------- Invoking toplevel() on ptolemy.moml.MoMLSimpleApplication@7a2f788d
----------------- Done invoking toplevel() on ptolemy.moml.MoMLSimpleApplication@7a2f788d
reloadAllAccessors: .PublisherSubscriber8

===========================================================================================
----------------- testing Sat Nov 30 06:27:12 UTC 2019 /home/travis/build/icyphy/ptII/ptolemy/actor/lib/test/auto/PublisherSubscriber9.xml
----------------- Instantiating /home/travis/build/icyphy/ptII/ptolemy/actor/lib/test/auto/PublisherSubscriber9.xml
3 ms. Memory: 438272K Free: 178222K (41%)
----------------- Invoking toplevel() on ptolemy.moml.MoMLSimpleApplication@2e21c829
----------------- Done invoking toplevel() on ptolemy.moml.MoMLSimpleApplication@2e21c829
reloadAllAccessors: .PublisherSubscriber9

===========================================================================================
----------------- testing Sat Nov 30 06:27:12 UTC 2019 /home/travis/build/icyphy/ptII/ptolemy/actor/lib/test/auto/PublisherSubscriberAdjacent.xml
----------------- Instantiating /home/travis/build/icyphy/ptII/ptolemy/actor/lib/test/auto/PublisherSubscriberAdjacent.xml
3 ms. Memory: 438272K Free: 170030K (39%)
----------------- Invoking toplevel() on ptolemy.moml.MoMLSimpleApplication@c6539ba
----------------- Done invoking toplevel() on ptolemy.moml.MoMLSimpleApplication@c6539ba
reloadAllAccessors: .PublisherSubscriberAdjacent

===========================================================================================
----------------- testing Sat Nov 30 06:27:12 UTC 2019 /home/travis/build/icyphy/ptII/ptolemy/actor/lib/test/auto/PublisherSubscriberChannelVariablesAOC2.xml
----------------- Instantiating /home/travis/build/icyphy/ptII/ptolemy/actor/lib/test/auto/PublisherSubscriberChannelVariablesAOC2.xml
3 ms. Memory: 438272K Free: 154670K (35%)
----------------- Invoking toplevel() on ptolemy.moml.MoMLSimpleApplication@52f2c44f
----------------- Done invoking toplevel() on ptolemy.moml.MoMLSimpleApplication@52f2c44f
reloadAllAccessors: .PublisherSubscriberChannelVariablesAOC2

===========================================================================================
----------------- testing Sat Nov 30 06:27:12 UTC 2019 /home/travis/build/icyphy/ptII/ptolemy/actor/lib/test/auto/PublisherSubscriberD3.xml
----------------- Instantiating /home/travis/build/icyphy/ptII/ptolemy/actor/lib/test/auto/PublisherSubscriberD3.xml
2 ms. Memory: 438272K Free: 147502K (34%)
----------------- Invoking toplevel() on ptolemy.moml.MoMLSimpleApplication@221d86e
----------------- Done invoking toplevel() on ptolemy.moml.MoMLSimpleApplication@221d86e
reloadAllAccessors: .PublisherSubscriberD3

===========================================================================================
----------------- testing Sat Nov 30 06:27:12 UTC 2019 /home/travis/build/icyphy/ptII/ptolemy/actor/lib/test/auto/PublisherSubscriberD3Reverse.xml
----------------- Instantiating /home/travis/build/icyphy/ptII/ptolemy/actor/lib/test/auto/PublisherSubscriberD3Reverse.xml
1 ms. Memory: 438272K Free: 141358K (32%)
----------------- Invoking toplevel() on ptolemy.moml.MoMLSimpleApplication@399f69f8
----------------- Done invoking toplevel() on ptolemy.moml.MoMLSimpleApplication@399f69f8
reloadAllAccessors: .PublisherSubscriberD3Reverse

===========================================================================================
----------------- testing Sat Nov 30 06:27:12 UTC 2019 /home/travis/build/icyphy/ptII/ptolemy/actor/lib/test/auto/PublisherSubscriberExpression.xml
----------------- Instantiating /home/travis/build/icyphy/ptII/ptolemy/actor/lib/test/auto/PublisherSubscriberExpression.xml
4 ms. Memory: 438272K Free: 133166K (30%)
----------------- Invoking toplevel() on ptolemy.moml.MoMLSimpleApplication@8cd5af9
----------------- Done invoking toplevel() on ptolemy.moml.MoMLSimpleApplication@8cd5af9
reloadAllAccessors: .PublisherSubscriberExpression

===========================================================================================
----------------- testing Sat Nov 30 06:27:12 UTC 2019 /home/travis/build/icyphy/ptII/ptolemy/actor/lib/test/auto/PublisherSubscriberOpaque.xml
----------------- Instantiating /home/travis/build/icyphy/ptII/ptolemy/actor/lib/test/auto/PublisherSubscriberOpaque.xml
4 ms. Memory: 438272K Free: 383790K (88%)
----------------- Invoking toplevel() on ptolemy.moml.MoMLSimpleApplication@50bdf976
----------------- Done invoking toplevel() on ptolemy.moml.MoMLSimpleApplication@50bdf976
reloadAllAccessors: .PublisherSubscriberOpaque

===========================================================================================
----------------- testing Sat Nov 30 06:27:12 UTC 2019 /home/travis/build/icyphy/ptII/ptolemy/actor/lib/test/auto/PublisherSubscriberOpaqueD3.xml
----------------- Instantiating /home/travis/build/icyphy/ptII/ptolemy/actor/lib/test/auto/PublisherSubscriberOpaqueD3.xml
6 ms. Memory: 438272K Free: 372526K (85%)
----------------- Invoking toplevel() on ptolemy.moml.MoMLSimpleApplication@567c67fc
----------------- Done invoking toplevel() on ptolemy.moml.MoMLSimpleApplication@567c67fc
reloadAllAccessors: .PublisherSubscriberOpaqueD3

===========================================================================================
----------------- testing Sat Nov 30 06:27:12 UTC 2019 /home/travis/build/icyphy/ptII/ptolemy/actor/lib/test/auto/PublisherSubscriberOpaqueD3Reverse.xml
----------------- Instantiating /home/travis/build/icyphy/ptII/ptolemy/actor/lib/test/auto/PublisherSubscriberOpaqueD3Reverse.xml
9 ms. Memory: 438272K Free: 361772K (83%)
----------------- Invoking toplevel() on ptolemy.moml.MoMLSimpleApplication@2b562891
----------------- Done invoking toplevel() on ptolemy.moml.MoMLSimpleApplication@2b562891
reloadAllAccessors: .PublisherSubscriberOpaqueD3Reverse

===========================================================================================
----------------- testing Sat Nov 30 06:27:12 UTC 2019 /home/travis/build/icyphy/ptII/ptolemy/actor/lib/test/auto/PublisherSubscriberOpaqueWidthInference.xml
----------------- Instantiating /home/travis/build/icyphy/ptII/ptolemy/actor/lib/test/auto/PublisherSubscriberOpaqueWidthInference.xml
5 ms. Memory: 438272K Free: 353566K (81%)
----------------- Invoking toplevel() on ptolemy.moml.MoMLSimpleApplication@14446f33
----------------- Done invoking toplevel() on ptolemy.moml.MoMLSimpleApplication@14446f33
reloadAllAccessors: .PublisherSubscriberOpaqueWidthInference

===========================================================================================
----------------- testing Sat Nov 30 06:27:12 UTC 2019 /home/travis/build/icyphy/ptII/ptolemy/actor/lib/test/auto/PublisherTestSubscriber.xml
----------------- Instantiating /home/travis/build/icyphy/ptII/ptolemy/actor/lib/test/auto/PublisherTestSubscriber.xml
3 ms. Memory: 438272K Free: 345902K (79%)
----------------- Invoking toplevel() on ptolemy.moml.MoMLSimpleApplication@1d11f75
----------------- Done invoking toplevel() on ptolemy.moml.MoMLSimpleApplication@1d11f75
reloadAllAccessors: .PublisherTestSubscriber

===========================================================================================
----------------- testing Sat Nov 30 06:27:12 UTC 2019 /home/travis/build/icyphy/ptII/ptolemy/actor/lib/test/auto/PublisherToplevelSubscriberPortAOC.xml
----------------- Instantiating /home/travis/build/icyphy/ptII/ptolemy/actor/lib/test/auto/PublisherToplevelSubscriberPortAOC.xml
3 ms. Memory: 438272K Free: 339230K (77%)
----------------- Invoking toplevel() on ptolemy.moml.MoMLSimpleApplication@6302b292
----------------- Done invoking toplevel() on ptolemy.moml.MoMLSimpleApplication@6302b292
reloadAllAccessors: .PublisherToplevelSubscriberPortAOC

===========================================================================================
----------------- testing Sat Nov 30 06:27:12 UTC 2019 /home/travis/build/icyphy/ptII/ptolemy/actor/lib/test/auto/PulseFiringLimitDE.xml
----------------- Instantiating /home/travis/build/icyphy/ptII/ptolemy/actor/lib/test/auto/PulseFiringLimitDE.xml
2 ms. Memory: 438272K Free: 333100K (76%)
----------------- Invoking toplevel() on ptolemy.moml.MoMLSimpleApplication@4ab4f750
----------------- Done invoking toplevel() on ptolemy.moml.MoMLSimpleApplication@4ab4f750
reloadAllAccessors: .PulseFiringLimitDE

===========================================================================================
----------------- testing Sat Nov 30 06:27:12 UTC 2019 /home/travis/build/icyphy/ptII/ptolemy/actor/lib/test/auto/Ramp1.xml
----------------- Instantiating /home/travis/build/icyphy/ptII/ptolemy/actor/lib/test/auto/Ramp1.xml
1 ms. Memory: 438272K Free: 328998K (75%)
----------------- Invoking toplevel() on ptolemy.moml.MoMLSimpleApplication@4dd61186
----------------- Done invoking toplevel() on ptolemy.moml.MoMLSimpleApplication@4dd61186
reloadAllAccessors: .Ramp1

===========================================================================================
----------------- testing Sat Nov 30 06:27:12 UTC 2019 /home/travis/build/icyphy/ptII/ptolemy/actor/lib/test/auto/RampFiringLimitDE.xml
----------------- Instantiating /home/travis/build/icyphy/ptII/ptolemy/actor/lib/test/auto/RampFiringLimitDE.xml
2 ms. Memory: 438272K Free: 322350K (74%)
----------------- Invoking toplevel() on ptolemy.moml.MoMLSimpleApplication@40142c2a
----------------- Done invoking toplevel() on ptolemy.moml.MoMLSimpleApplication@40142c2a
reloadAllAccessors: .RampFiringLimitDE

===========================================================================================
----------------- testing Sat Nov 30 06:27:12 UTC 2019 /home/travis/build/icyphy/ptII/ptolemy/actor/lib/test/auto/RampFiringLimitSDF.xml
----------------- Instantiating /home/travis/build/icyphy/ptII/ptolemy/actor/lib/test/auto/RampFiringLimitSDF.xml
2 ms. Memory: 438272K Free: 317230K (72%)
----------------- Invoking toplevel() on ptolemy.moml.MoMLSimpleApplication@4f0c1888
----------------- Done invoking toplevel() on ptolemy.moml.MoMLSimpleApplication@4f0c1888
reloadAllAccessors: .RampFiringLimitSDF

===========================================================================================
----------------- testing Sat Nov 30 06:27:12 UTC 2019 /home/travis/build/icyphy/ptII/ptolemy/actor/lib/test/auto/RandomInteger.xml
----------------- Instantiating /home/travis/build/icyphy/ptII/ptolemy/actor/lib/test/auto/RandomInteger.xml
1 ms. Memory: 438272K Free: 313134K (71%)
----------------- Invoking toplevel() on ptolemy.moml.MoMLSimpleApplication@203478a3
----------------- Done invoking toplevel() on ptolemy.moml.MoMLSimpleApplication@203478a3
reloadAllAccessors: .RandomInteger

===========================================================================================
----------------- testing Sat Nov 30 06:27:12 UTC 2019 /home/travis/build/icyphy/ptII/ptolemy/actor/lib/test/auto/ReadFile1.xml
----------------- Instantiating /home/travis/build/icyphy/ptII/ptolemy/actor/lib/test/auto/ReadFile1.xml
2 ms. Memory: 438272K Free: 308518K (70%)
----------------- Invoking toplevel() on ptolemy.moml.MoMLSimpleApplication@d4bb8e9
----------------- Done invoking toplevel() on ptolemy.moml.MoMLSimpleApplication@d4bb8e9
reloadAllAccessors: .ReadFile1

===========================================================================================
----------------- testing Sat Nov 30 06:27:12 UTC 2019 /home/travis/build/icyphy/ptII/ptolemy/actor/lib/test/auto/ReadFile2.xml
----------------- Instantiating /home/travis/build/icyphy/ptII/ptolemy/actor/lib/test/auto/ReadFile2.xml
1 ms. Memory: 438272K Free: 304428K (69%)
----------------- Invoking toplevel() on ptolemy.moml.MoMLSimpleApplication@6541ba1
----------------- Done invoking toplevel() on ptolemy.moml.MoMLSimpleApplication@6541ba1
reloadAllAccessors: .ReadFile2

===========================================================================================
----------------- testing Sat Nov 30 06:27:12 UTC 2019 /home/travis/build/icyphy/ptII/ptolemy/actor/lib/test/auto/Reader.xml
----------------- Instantiating /home/travis/build/icyphy/ptII/ptolemy/actor/lib/test/auto/Reader.xml
actor.lib.Reader is obsolete, use actor.lib.io.ExpressionReader instead
4 ms. Memory: 438272K Free: 300332K (69%)
----------------- Invoking toplevel() on ptolemy.moml.MoMLSimpleApplication@2f13d62
----------------- Done invoking toplevel() on ptolemy.moml.MoMLSimpleApplication@2f13d62
reloadAllAccessors: .Reader

===========================================================================================
----------------- testing Sat Nov 30 06:27:12 UTC 2019 /home/travis/build/icyphy/ptII/ptolemy/actor/lib/test/auto/RecordAssemblerDisplayNameTest.xml
----------------- Instantiating /home/travis/build/icyphy/ptII/ptolemy/actor/lib/test/auto/RecordAssemblerDisplayNameTest.xml
4146 ms. Memory: 438272K Free: 372248K (85%)
----------------- Invoking toplevel() on ptolemy.moml.MoMLSimpleApplication@141c7621
----------------- Done invoking toplevel() on ptolemy.moml.MoMLSimpleApplication@141c7621
reloadAllAccessors: .RecordAssemblerDisplayNameTest

===========================================================================================
----------------- testing Sat Nov 30 06:27:16 UTC 2019 /home/travis/build/icyphy/ptII/ptolemy/actor/lib/test/auto/RecordAssemblerTypeError.xml
----------------- Instantiating /home/travis/build/icyphy/ptII/ptolemy/actor/lib/test/auto/RecordAssemblerTypeError.xml
5 ms. Memory: 438272K Free: 362518K (83%)
----------------- Invoking toplevel() on ptolemy.moml.MoMLSimpleApplication@3309534b
----------------- Done invoking toplevel() on ptolemy.moml.MoMLSimpleApplication@3309534b
reloadAllAccessors: .RecordAssemblerTypeError

===========================================================================================
----------------- testing Sat Nov 30 06:27:16 UTC 2019 /home/travis/build/icyphy/ptII/ptolemy/actor/lib/test/auto/RecordDisassember.xml
----------------- Instantiating /home/travis/build/icyphy/ptII/ptolemy/actor/lib/test/auto/RecordDisassember.xml
3 ms. Memory: 438272K Free: 357912K (82%)
----------------- Invoking toplevel() on ptolemy.moml.MoMLSimpleApplication@6737626d
----------------- Done invoking toplevel() on ptolemy.moml.MoMLSimpleApplication@6737626d
reloadAllAccessors: .RecordDisassember

===========================================================================================
----------------- testing Sat Nov 30 06:27:16 UTC 2019 /home/travis/build/icyphy/ptII/ptolemy/actor/lib/test/auto/RecordDisassemberDisplayNameTest.xml
----------------- Instantiating /home/travis/build/icyphy/ptII/ptolemy/actor/lib/test/auto/RecordDisassemberDisplayNameTest.xml
5 ms. Memory: 438272K Free: 350230K (80%)
----------------- Invoking toplevel() on ptolemy.moml.MoMLSimpleApplication@b15d322
----------------- Done invoking toplevel() on ptolemy.moml.MoMLSimpleApplication@b15d322
reloadAllAccessors: .RecordDisassemberDisplayNameTest

===========================================================================================
----------------- testing Sat Nov 30 06:27:16 UTC 2019 /home/travis/build/icyphy/ptII/ptolemy/actor/lib/test/auto/RecordDisassembler.xml
----------------- Instantiating /home/travis/build/icyphy/ptII/ptolemy/actor/lib/test/auto/RecordDisassembler.xml
2 ms. Memory: 438272K Free: 345080K (79%)
----------------- Invoking toplevel() on ptolemy.moml.MoMLSimpleApplication@35d44598
----------------- Done invoking toplevel() on ptolemy.moml.MoMLSimpleApplication@35d44598
reloadAllAccessors: .RecordDisassembler

===========================================================================================
----------------- testing Sat Nov 30 06:27:16 UTC 2019 /home/travis/build/icyphy/ptII/ptolemy/actor/lib/test/auto/RecordDisassembler2.xml
----------------- Instantiating /home/travis/build/icyphy/ptII/ptolemy/actor/lib/test/auto/RecordDisassembler2.xml
2 ms. Memory: 438272K Free: 339976K (78%)
----------------- Invoking toplevel() on ptolemy.moml.MoMLSimpleApplication@4c66951c
----------------- Done invoking toplevel() on ptolemy.moml.MoMLSimpleApplication@4c66951c
reloadAllAccessors: .RecordDisassembler2

===========================================================================================
----------------- testing Sat Nov 30 06:27:16 UTC 2019 /home/travis/build/icyphy/ptII/ptolemy/actor/lib/test/auto/RecordUpdater.xml
----------------- Instantiating /home/travis/build/icyphy/ptII/ptolemy/actor/lib/test/auto/RecordUpdater.xml
2 ms. Memory: 438272K Free: 334870K (76%)
----------------- Invoking toplevel() on ptolemy.moml.MoMLSimpleApplication@501133a9
----------------- Done invoking toplevel() on ptolemy.moml.MoMLSimpleApplication@501133a9
reloadAllAccessors: .RecordUpdater

===========================================================================================
----------------- testing Sat Nov 30 06:27:16 UTC 2019 /home/travis/build/icyphy/ptII/ptolemy/actor/lib/test/auto/RecordUpdater2.xml
----------------- Instantiating /home/travis/build/icyphy/ptII/ptolemy/actor/lib/test/auto/RecordUpdater2.xml
2 ms. Memory: 438272K Free: 329750K (75%)
----------------- Invoking toplevel() on ptolemy.moml.MoMLSimpleApplication@4d36e044
----------------- Done invoking toplevel() on ptolemy.moml.MoMLSimpleApplication@4d36e044
reloadAllAccessors: .RecordUpdater2

===========================================================================================
----------------- testing Sat Nov 30 06:27:16 UTC 2019 /home/travis/build/icyphy/ptII/ptolemy/actor/lib/test/auto/RecursiveLattice.xml
----------------- Instantiating /home/travis/build/icyphy/ptII/ptolemy/actor/lib/test/auto/RecursiveLattice.xml
1 ms. Memory: 438272K Free: 325624K (74%)
----------------- Invoking toplevel() on ptolemy.moml.MoMLSimpleApplication@b7b9c6e
----------------- Done invoking toplevel() on ptolemy.moml.MoMLSimpleApplication@b7b9c6e
reloadAllAccessors: .RecursiveLattice

===========================================================================================
----------------- testing Sat Nov 30 06:27:16 UTC 2019 /home/travis/build/icyphy/ptII/ptolemy/actor/lib/test/auto/Router.xml
----------------- Instantiating /home/travis/build/icyphy/ptII/ptolemy/actor/lib/test/auto/Router.xml
3005 ms. Memory: 438272K Free: 313880K (72%)
----------------- Invoking toplevel() on ptolemy.moml.MoMLSimpleApplication@7dd0d53
----------------- Done invoking toplevel() on ptolemy.moml.MoMLSimpleApplication@7dd0d53
reloadAllAccessors: .Router

===========================================================================================
----------------- testing Sat Nov 30 06:27:19 UTC 2019 /home/travis/build/icyphy/ptII/ptolemy/actor/lib/test/auto/Router2.xml
----------------- Instantiating /home/travis/build/icyphy/ptII/ptolemy/actor/lib/test/auto/Router2.xml
3006 ms. Memory: 438272K Free: 303126K (69%)
----------------- Invoking toplevel() on ptolemy.moml.MoMLSimpleApplication@6cb80743
----------------- Done invoking toplevel() on ptolemy.moml.MoMLSimpleApplication@6cb80743
reloadAllAccessors: .Router2

===========================================================================================
----------------- testing Sat Nov 30 06:27:22 UTC 2019 /home/travis/build/icyphy/ptII/ptolemy/actor/lib/test/auto/RunningMaximum.xml
----------------- Instantiating /home/travis/build/icyphy/ptII/ptolemy/actor/lib/test/auto/RunningMaximum.xml
2 ms. Memory: 438272K Free: 298006K (68%)
----------------- Invoking toplevel() on ptolemy.moml.MoMLSimpleApplication@3a51b5ef
----------------- Done invoking toplevel() on ptolemy.moml.MoMLSimpleApplication@3a51b5ef
reloadAllAccessors: .RunningMaximum

===========================================================================================
----------------- testing Sat Nov 30 06:27:22 UTC 2019 /home/travis/build/icyphy/ptII/ptolemy/actor/lib/test/auto/RunningMinimum.xml
----------------- Instantiating /home/travis/build/icyphy/ptII/ptolemy/actor/lib/test/auto/RunningMinimum.xml
1 ms. Memory: 438272K Free: 293400K (67%)
----------------- Invoking toplevel() on ptolemy.moml.MoMLSimpleApplication@1e234ff9
----------------- Done invoking toplevel() on ptolemy.moml.MoMLSimpleApplication@1e234ff9
reloadAllAccessors: .RunningMinimum

===========================================================================================
----------------- testing Sat Nov 30 06:27:22 UTC 2019 /home/travis/build/icyphy/ptII/ptolemy/actor/lib/test/auto/Scale.xml
----------------- Instantiating /home/travis/build/icyphy/ptII/ptolemy/actor/lib/test/auto/Scale.xml
1 ms. Memory: 438272K Free: 288790K (66%)
----------------- Invoking toplevel() on ptolemy.moml.MoMLSimpleApplication@1df5304c
----------------- Done invoking toplevel() on ptolemy.moml.MoMLSimpleApplication@1df5304c
reloadAllAccessors: .Scale

===========================================================================================
----------------- testing Sat Nov 30 06:27:22 UTC 2019 /home/travis/build/icyphy/ptII/ptolemy/actor/lib/test/auto/Scale2.xml
----------------- Instantiating /home/travis/build/icyphy/ptII/ptolemy/actor/lib/test/auto/Scale2.xml
1 ms. Memory: 438272K Free: 284184K (65%)
----------------- Invoking toplevel() on ptolemy.moml.MoMLSimpleApplication@96307c3
----------------- Done invoking toplevel() on ptolemy.moml.MoMLSimpleApplication@96307c3
reloadAllAccessors: .Scale2

===========================================================================================
----------------- testing Sat Nov 30 06:27:22 UTC 2019 /home/travis/build/icyphy/ptII/ptolemy/actor/lib/test/auto/Scale3.xml
----------------- Instantiating /home/travis/build/icyphy/ptII/ptolemy/actor/lib/test/auto/Scale3.xml
3 ms. Memory: 438272K Free: 278040K (63%)
----------------- Invoking toplevel() on ptolemy.moml.MoMLSimpleApplication@ad99f30
----------------- Done invoking toplevel() on ptolemy.moml.MoMLSimpleApplication@ad99f30
reloadAllAccessors: .Scale3

===========================================================================================
----------------- testing Sat Nov 30 06:27:23 UTC 2019 /home/travis/build/icyphy/ptII/ptolemy/actor/lib/test/auto/ScaleArray.xml
----------------- Instantiating /home/travis/build/icyphy/ptII/ptolemy/actor/lib/test/auto/ScaleArray.xml
1 ms. Memory: 438272K Free: 272920K (62%)
----------------- Invoking toplevel() on ptolemy.moml.MoMLSimpleApplication@2cb63519
----------------- Done invoking toplevel() on ptolemy.moml.MoMLSimpleApplication@2cb63519
reloadAllAccessors: .ScaleArray

===========================================================================================
----------------- testing Sat Nov 30 06:27:23 UTC 2019 /home/travis/build/icyphy/ptII/ptolemy/actor/lib/test/auto/ScaleArray2.xml
----------------- Instantiating /home/travis/build/icyphy/ptII/ptolemy/actor/lib/test/auto/ScaleArray2.xml
2 ms. Memory: 438272K Free: 268310K (61%)
----------------- Invoking toplevel() on ptolemy.moml.MoMLSimpleApplication@33db584b
----------------- Done invoking toplevel() on ptolemy.moml.MoMLSimpleApplication@33db584b
reloadAllAccessors: .ScaleArray2

===========================================================================================
----------------- testing Sat Nov 30 06:27:23 UTC 2019 /home/travis/build/icyphy/ptII/ptolemy/actor/lib/test/auto/ScaleMatrix.xml
----------------- Instantiating /home/travis/build/icyphy/ptII/ptolemy/actor/lib/test/auto/ScaleMatrix.xml
201 ms. Memory: 438272K Free: 253974K (58%)
----------------- Invoking toplevel() on ptolemy.moml.MoMLSimpleApplication@644578e8
----------------- Done invoking toplevel() on ptolemy.moml.MoMLSimpleApplication@644578e8
reloadAllAccessors: .ScaleMatrix

===========================================================================================
----------------- testing Sat Nov 30 06:27:23 UTC 2019 /home/travis/build/icyphy/ptII/ptolemy/actor/lib/test/auto/Select.xml
----------------- Instantiating /home/travis/build/icyphy/ptII/ptolemy/actor/lib/test/auto/Select.xml
3 ms. Memory: 438272K Free: 247816K (57%)
----------------- Invoking toplevel() on ptolemy.moml.MoMLSimpleApplication@6d776707
----------------- Done invoking toplevel() on ptolemy.moml.MoMLSimpleApplication@6d776707
reloadAllAccessors: .Select

===========================================================================================
----------------- testing Sat Nov 30 06:27:23 UTC 2019 /home/travis/build/icyphy/ptII/ptolemy/actor/lib/test/auto/Select2.xml
----------------- Instantiating /home/travis/build/icyphy/ptII/ptolemy/actor/lib/test/auto/Select2.xml
1 ms. Memory: 438272K Free: 243224K (55%)
----------------- Invoking toplevel() on ptolemy.moml.MoMLSimpleApplication@7572f7ce
----------------- Done invoking toplevel() on ptolemy.moml.MoMLSimpleApplication@7572f7ce
reloadAllAccessors: .Select2

===========================================================================================
----------------- testing Sat Nov 30 06:27:23 UTC 2019 /home/travis/build/icyphy/ptII/ptolemy/actor/lib/test/auto/SequenceToArray2.xml
----------------- Instantiating /home/travis/build/icyphy/ptII/ptolemy/actor/lib/test/auto/SequenceToArray2.xml
117 ms. Memory: 438272K Free: 219144K (50%)
----------------- Invoking toplevel() on ptolemy.moml.MoMLSimpleApplication@6a4eb17a
----------------- Done invoking toplevel() on ptolemy.moml.MoMLSimpleApplication@6a4eb17a
reloadAllAccessors: .SequenceToArray2

===========================================================================================
----------------- testing Sat Nov 30 06:27:23 UTC 2019 /home/travis/build/icyphy/ptII/ptolemy/actor/lib/test/auto/SequentialClock.xml
----------------- Instantiating /home/travis/build/icyphy/ptII/ptolemy/actor/lib/test/auto/SequentialClock.xml
1 ms. Memory: 438272K Free: 215062K (49%)
----------------- Invoking toplevel() on ptolemy.moml.MoMLSimpleApplication@162846bf
----------------- Done invoking toplevel() on ptolemy.moml.MoMLSimpleApplication@162846bf
reloadAllAccessors: .SequentialClock

===========================================================================================
----------------- testing Sat Nov 30 06:27:23 UTC 2019 /home/travis/build/icyphy/ptII/ptolemy/actor/lib/test/auto/SetVariable.xml
----------------- Instantiating /home/travis/build/icyphy/ptII/ptolemy/actor/lib/test/auto/SetVariable.xml
4 ms. Memory: 438272K Free: 210456K (48%)
----------------- Invoking toplevel() on ptolemy.moml.MoMLSimpleApplication@4b602c24
----------------- Done invoking toplevel() on ptolemy.moml.MoMLSimpleApplication@4b602c24
reloadAllAccessors: .SetVariable

===========================================================================================
----------------- testing Sat Nov 30 06:27:23 UTC 2019 /home/travis/build/icyphy/ptII/ptolemy/actor/lib/test/auto/SetVariable2.xml
----------------- Instantiating /home/travis/build/icyphy/ptII/ptolemy/actor/lib/test/auto/SetVariable2.xml
4 ms. Memory: 438272K Free: 205336K (47%)
----------------- Invoking toplevel() on ptolemy.moml.MoMLSimpleApplication@15ab3030
----------------- Done invoking toplevel() on ptolemy.moml.MoMLSimpleApplication@15ab3030
reloadAllAccessors: .SetVariable2

===========================================================================================
----------------- testing Sat Nov 30 06:27:23 UTC 2019 /home/travis/build/icyphy/ptII/ptolemy/actor/lib/test/auto/SetVariable3.xml
----------------- Instantiating /home/travis/build/icyphy/ptII/ptolemy/actor/lib/test/auto/SetVariable3.xml
7 ms. Memory: 438272K Free: 199702K (46%)
----------------- Invoking toplevel() on ptolemy.moml.MoMLSimpleApplication@4118b2e9
----------------- Done invoking toplevel() on ptolemy.moml.MoMLSimpleApplication@4118b2e9
reloadAllAccessors: .SetVariable3

===========================================================================================
----------------- testing Sat Nov 30 06:27:23 UTC 2019 /home/travis/build/icyphy/ptII/ptolemy/actor/lib/test/auto/SetVariable4.xml
----------------- Instantiating /home/travis/build/icyphy/ptII/ptolemy/actor/lib/test/auto/SetVariable4.xml
21 ms. Memory: 438272K Free: 189976K (43%)
----------------- Invoking toplevel() on ptolemy.moml.MoMLSimpleApplication@156329ac
----------------- Done invoking toplevel() on ptolemy.moml.MoMLSimpleApplication@156329ac
reloadAllAccessors: .SetVariable4

===========================================================================================
----------------- testing Sat Nov 30 06:27:23 UTC 2019 /home/travis/build/icyphy/ptII/ptolemy/actor/lib/test/auto/SetVariable5.xml
----------------- Instantiating /home/travis/build/icyphy/ptII/ptolemy/actor/lib/test/auto/SetVariable5.xml
18 ms. Memory: 438272K Free: 180760K (41%)
----------------- Invoking toplevel() on ptolemy.moml.MoMLSimpleApplication@24583341
----------------- Done invoking toplevel() on ptolemy.moml.MoMLSimpleApplication@24583341
reloadAllAccessors: .SetVariable5

===========================================================================================
----------------- testing Sat Nov 30 06:27:23 UTC 2019 /home/travis/build/icyphy/ptII/ptolemy/actor/lib/test/auto/Sinewave.xml
----------------- Instantiating /home/travis/build/icyphy/ptII/ptolemy/actor/lib/test/auto/Sinewave.xml
5 ms. Memory: 438272K Free: 170520K (39%)
----------------- Invoking toplevel() on ptolemy.moml.MoMLSimpleApplication@1daa0395
----------------- Done invoking toplevel() on ptolemy.moml.MoMLSimpleApplication@1daa0395
reloadAllAccessors: .Sinewave

===========================================================================================
----------------- testing Sat Nov 30 06:27:23 UTC 2019 /home/travis/build/icyphy/ptII/ptolemy/actor/lib/test/auto/Sinewave2.xml
----------------- Instantiating /home/travis/build/icyphy/ptII/ptolemy/actor/lib/test/auto/Sinewave2.xml
5 ms. Memory: 438272K Free: 162328K (37%)
----------------- Invoking toplevel() on ptolemy.moml.MoMLSimpleApplication@2da75b1d
----------------- Done invoking toplevel() on ptolemy.moml.MoMLSimpleApplication@2da75b1d
reloadAllAccessors: .Sinewave2

===========================================================================================
----------------- testing Sat Nov 30 06:27:23 UTC 2019 /home/travis/build/icyphy/ptII/ptolemy/actor/lib/test/auto/Sinewave3.xml
----------------- Instantiating /home/travis/build/icyphy/ptII/ptolemy/actor/lib/test/auto/Sinewave3.xml
10 ms. Memory: 438272K Free: 154136K (35%)
----------------- Invoking toplevel() on ptolemy.moml.MoMLSimpleApplication@1ec7f29c
----------------- Done invoking toplevel() on ptolemy.moml.MoMLSimpleApplication@1ec7f29c
reloadAllAccessors: .Sinewave3

===========================================================================================
----------------- testing Sat Nov 30 06:27:23 UTC 2019 /home/travis/build/icyphy/ptII/ptolemy/actor/lib/test/auto/SingleEvent.xml
----------------- Instantiating /home/travis/build/icyphy/ptII/ptolemy/actor/lib/test/auto/SingleEvent.xml
1 ms. Memory: 438272K Free: 150040K (34%)
----------------- Invoking toplevel() on ptolemy.moml.MoMLSimpleApplication@6788720c
----------------- Done invoking toplevel() on ptolemy.moml.MoMLSimpleApplication@6788720c
reloadAllAccessors: .SingleEvent

===========================================================================================
----------------- testing Sat Nov 30 06:27:23 UTC 2019 /home/travis/build/icyphy/ptII/ptolemy/actor/lib/test/auto/Sleep.xml
----------------- Instantiating /home/travis/build/icyphy/ptII/ptolemy/actor/lib/test/auto/Sleep.xml
6003 ms. Memory: 438272K Free: 144406K (33%)
----------------- Invoking toplevel() on ptolemy.moml.MoMLSimpleApplication@6ee2e8ca
----------------- Done invoking toplevel() on ptolemy.moml.MoMLSimpleApplication@6ee2e8ca
reloadAllAccessors: .Sleep

===========================================================================================
----------------- testing Sat Nov 30 06:27:29 UTC 2019 /home/travis/build/icyphy/ptII/ptolemy/actor/lib/test/auto/SleepMultipleFire.xml
----------------- Instantiating /home/travis/build/icyphy/ptII/ptolemy/actor/lib/test/auto/SleepMultipleFire.xml
1006 ms. Memory: 438272K Free: 138776K (32%)
----------------- Invoking toplevel() on ptolemy.moml.MoMLSimpleApplication@5be4a75e
----------------- Done invoking toplevel() on ptolemy.moml.MoMLSimpleApplication@5be4a75e
reloadAllAccessors: .SleepMultipleFire

===========================================================================================
----------------- testing Sat Nov 30 06:27:30 UTC 2019 /home/travis/build/icyphy/ptII/ptolemy/actor/lib/test/auto/StopDE.xml
----------------- Instantiating /home/travis/build/icyphy/ptII/ptolemy/actor/lib/test/auto/StopDE.xml
4 ms. Memory: 438272K Free: 133142K (30%)
----------------- Invoking toplevel() on ptolemy.moml.MoMLSimpleApplication@13c43705
----------------- Done invoking toplevel() on ptolemy.moml.MoMLSimpleApplication@13c43705
reloadAllAccessors: .StopDE

===========================================================================================
----------------- testing Sat Nov 30 06:27:30 UTC 2019 /home/travis/build/icyphy/ptII/ptolemy/actor/lib/test/auto/StopSDF.xml
----------------- Instantiating /home/travis/build/icyphy/ptII/ptolemy/actor/lib/test/auto/StopSDF.xml
3 ms. Memory: 438272K Free: 385601K (88%)
----------------- Invoking toplevel() on ptolemy.moml.MoMLSimpleApplication@186cd096
----------------- Done invoking toplevel() on ptolemy.moml.MoMLSimpleApplication@186cd096
reloadAllAccessors: .StopSDF

===========================================================================================
----------------- testing Sat Nov 30 06:27:30 UTC 2019 /home/travis/build/icyphy/ptII/ptolemy/actor/lib/test/auto/StringConstant.xml
----------------- Instantiating /home/travis/build/icyphy/ptII/ptolemy/actor/lib/test/auto/StringConstant.xml
12 ms. Memory: 438272K Free: 380989K (87%)
----------------- Invoking toplevel() on ptolemy.moml.MoMLSimpleApplication@72b8d18f
----------------- Done invoking toplevel() on ptolemy.moml.MoMLSimpleApplication@72b8d18f
reloadAllAccessors: .StringConstant

===========================================================================================
----------------- testing Sat Nov 30 06:27:30 UTC 2019 /home/travis/build/icyphy/ptII/ptolemy/actor/lib/test/auto/SubscriberPortInitialValues1.xml
----------------- Instantiating /home/travis/build/icyphy/ptII/ptolemy/actor/lib/test/auto/SubscriberPortInitialValues1.xml
11 ms. Memory: 438272K Free: 372289K (85%)
----------------- Invoking toplevel() on ptolemy.moml.MoMLSimpleApplication@72b11bcf
----------------- Done invoking toplevel() on ptolemy.moml.MoMLSimpleApplication@72b11bcf
reloadAllAccessors: .SubscriberPortInitialValues1

===========================================================================================
----------------- testing Sat Nov 30 06:27:30 UTC 2019 /home/travis/build/icyphy/ptII/ptolemy/actor/lib/test/auto/SubscriberPortInitialValues13.xml
----------------- Instantiating /home/travis/build/icyphy/ptII/ptolemy/actor/lib/test/auto/SubscriberPortInitialValues13.xml
6 ms. Memory: 438272K Free: 359487K (82%)
----------------- Invoking toplevel() on ptolemy.moml.MoMLSimpleApplication@48a1b1cb
----------------- Done invoking toplevel() on ptolemy.moml.MoMLSimpleApplication@48a1b1cb
reloadAllAccessors: .SubscriberPortInitialValues13

===========================================================================================
----------------- testing Sat Nov 30 06:27:30 UTC 2019 /home/travis/build/icyphy/ptII/ptolemy/actor/lib/test/auto/SubscriberPortInitialValues14.xml
----------------- Instantiating /home/travis/build/icyphy/ptII/ptolemy/actor/lib/test/auto/SubscriberPortInitialValues14.xml
4 ms. Memory: 438272K Free: 351809K (80%)
----------------- Invoking toplevel() on ptolemy.moml.MoMLSimpleApplication@30cef5b8
----------------- Done invoking toplevel() on ptolemy.moml.MoMLSimpleApplication@30cef5b8
reloadAllAccessors: .SubscriberPortInitialValues14

===========================================================================================
----------------- testing Sat Nov 30 06:27:30 UTC 2019 /home/travis/build/icyphy/ptII/ptolemy/actor/lib/test/auto/SubscriberPortInitialValues2.xml
----------------- Instantiating /home/travis/build/icyphy/ptII/ptolemy/actor/lib/test/auto/SubscriberPortInitialValues2.xml
4 ms. Memory: 438272K Free: 344127K (79%)
----------------- Invoking toplevel() on ptolemy.moml.MoMLSimpleApplication@23dbd6f1
----------------- Done invoking toplevel() on ptolemy.moml.MoMLSimpleApplication@23dbd6f1
reloadAllAccessors: .SubscriberPortInitialValues2

===========================================================================================
----------------- testing Sat Nov 30 06:27:31 UTC 2019 /home/travis/build/icyphy/ptII/ptolemy/actor/lib/test/auto/SubscriberPortInitialValues3.xml
----------------- Instantiating /home/travis/build/icyphy/ptII/ptolemy/actor/lib/test/auto/SubscriberPortInitialValues3.xml
4 ms. Memory: 438272K Free: 333377K (76%)
----------------- Invoking toplevel() on ptolemy.moml.MoMLSimpleApplication@6d539ed9
----------------- Done invoking toplevel() on ptolemy.moml.MoMLSimpleApplication@6d539ed9
reloadAllAccessors: .SubscriberPortInitialValues3

===========================================================================================
----------------- testing Sat Nov 30 06:27:31 UTC 2019 /home/travis/build/icyphy/ptII/ptolemy/actor/lib/test/auto/SubscriptionAggregator.xml
----------------- Instantiating /home/travis/build/icyphy/ptII/ptolemy/actor/lib/test/auto/SubscriptionAggregator.xml
3 ms. Memory: 438272K Free: 326705K (75%)
----------------- Invoking toplevel() on ptolemy.moml.MoMLSimpleApplication@6dca983f
----------------- Done invoking toplevel() on ptolemy.moml.MoMLSimpleApplication@6dca983f
reloadAllAccessors: .SubscriptionAggregator

===========================================================================================
----------------- testing Sat Nov 30 06:27:31 UTC 2019 /home/travis/build/icyphy/ptII/ptolemy/actor/lib/test/auto/SubscriptionAggregator2.xml
----------------- Instantiating /home/travis/build/icyphy/ptII/ptolemy/actor/lib/test/auto/SubscriptionAggregator2.xml
4 ms. Memory: 438272K Free: 320065K (73%)
----------------- Invoking toplevel() on ptolemy.moml.MoMLSimpleApplication@66a9db10
----------------- Done invoking toplevel() on ptolemy.moml.MoMLSimpleApplication@66a9db10
reloadAllAccessors: .SubscriptionAggregator2

===========================================================================================
----------------- testing Sat Nov 30 06:27:31 UTC 2019 /home/travis/build/icyphy/ptII/ptolemy/actor/lib/test/auto/SubscriptionAggregator3.xml
----------------- Instantiating /home/travis/build/icyphy/ptII/ptolemy/actor/lib/test/auto/SubscriptionAggregator3.xml
9 ms. Memory: 438272K Free: 311353K (71%)
----------------- Invoking toplevel() on ptolemy.moml.MoMLSimpleApplication@435352de
----------------- Done invoking toplevel() on ptolemy.moml.MoMLSimpleApplication@435352de
reloadAllAccessors: .SubscriptionAggregator3

===========================================================================================
----------------- testing Sat Nov 30 06:27:31 UTC 2019 /home/travis/build/icyphy/ptII/ptolemy/actor/lib/test/auto/SubscriptionAggregatorMultiply.xml
----------------- Instantiating /home/travis/build/icyphy/ptII/ptolemy/actor/lib/test/auto/SubscriptionAggregatorMultiply.xml
4 ms. Memory: 438272K Free: 303161K (69%)
----------------- Invoking toplevel() on ptolemy.moml.MoMLSimpleApplication@436dde5f
----------------- Done invoking toplevel() on ptolemy.moml.MoMLSimpleApplication@436dde5f
reloadAllAccessors: .SubscriptionAggregatorMultiply

===========================================================================================
----------------- testing Sat Nov 30 06:27:31 UTC 2019 /home/travis/build/icyphy/ptII/ptolemy/actor/lib/test/auto/SubscriptionAggregatorPortMultiply1.xml
----------------- Instantiating /home/travis/build/icyphy/ptII/ptolemy/actor/lib/test/auto/SubscriptionAggregatorPortMultiply1.xml
4 ms. Memory: 438272K Free: 295489K (67%)
----------------- Invoking toplevel() on ptolemy.moml.MoMLSimpleApplication@63a6464e
----------------- Done invoking toplevel() on ptolemy.moml.MoMLSimpleApplication@63a6464e
reloadAllAccessors: .SubscriptionAggregatorPortMultiply1

===========================================================================================
----------------- testing Sat Nov 30 06:27:31 UTC 2019 /home/travis/build/icyphy/ptII/ptolemy/actor/lib/test/auto/Switch.xml
----------------- Instantiating /home/travis/build/icyphy/ptII/ptolemy/actor/lib/test/auto/Switch.xml
8 ms. Memory: 438272K Free: 286273K (65%)
----------------- Invoking toplevel() on ptolemy.moml.MoMLSimpleApplication@486d5601
----------------- Done invoking toplevel() on ptolemy.moml.MoMLSimpleApplication@486d5601
reloadAllAccessors: .Switch

===========================================================================================
----------------- testing Sat Nov 30 06:27:31 UTC 2019 /home/travis/build/icyphy/ptII/ptolemy/actor/lib/test/auto/Switch2.xml
----------------- Instantiating /home/travis/build/icyphy/ptII/ptolemy/actor/lib/test/auto/Switch2.xml
2 ms. Memory: 438272K Free: 281663K (64%)
----------------- Invoking toplevel() on ptolemy.moml.MoMLSimpleApplication@7c19391c
----------------- Done invoking toplevel() on ptolemy.moml.MoMLSimpleApplication@7c19391c
reloadAllAccessors: .Switch2

===========================================================================================
----------------- testing Sat Nov 30 06:27:31 UTC 2019 /home/travis/build/icyphy/ptII/ptolemy/actor/lib/test/auto/SwitchDE.xml
----------------- Instantiating /home/travis/build/icyphy/ptII/ptolemy/actor/lib/test/auto/SwitchDE.xml
5 ms. Memory: 438272K Free: 275489K (63%)
----------------- Invoking toplevel() on ptolemy.moml.MoMLSimpleApplication@7077a35a
----------------- Done invoking toplevel() on ptolemy.moml.MoMLSimpleApplication@7077a35a
reloadAllAccessors: .SwitchDE

===========================================================================================
----------------- testing Sat Nov 30 06:27:31 UTC 2019 /home/travis/build/icyphy/ptII/ptolemy/actor/lib/test/auto/SynchronizerDE.xml
----------------- Instantiating /home/travis/build/icyphy/ptII/ptolemy/actor/lib/test/auto/SynchronizerDE.xml
7 ms. Memory: 438272K Free: 267321K (61%)
----------------- Invoking toplevel() on ptolemy.moml.MoMLSimpleApplication@3afb5a88
----------------- Done invoking toplevel() on ptolemy.moml.MoMLSimpleApplication@3afb5a88
reloadAllAccessors: .SynchronizerDE

===========================================================================================
----------------- testing Sat Nov 30 06:27:31 UTC 2019 /home/travis/build/icyphy/ptII/ptolemy/actor/lib/test/auto/Test.xml
----------------- Instantiating /home/travis/build/icyphy/ptII/ptolemy/actor/lib/test/auto/Test.xml
11 ms. Memory: 438272K Free: 262177K (60%)
----------------- Invoking toplevel() on ptolemy.moml.MoMLSimpleApplication@6cd32d93
----------------- Done invoking toplevel() on ptolemy.moml.MoMLSimpleApplication@6cd32d93
reloadAllAccessors: .Test

===========================================================================================
----------------- testing Sat Nov 30 06:27:31 UTC 2019 /home/travis/build/icyphy/ptII/ptolemy/actor/lib/test/auto/TestExceptionAttribute1.xml
----------------- Instantiating /home/travis/build/icyphy/ptII/ptolemy/actor/lib/test/auto/TestExceptionAttribute1.xml
1 ms. Memory: 438272K Free: 257601K (59%)
----------------- Invoking toplevel() on ptolemy.moml.MoMLSimpleApplication@1a01ea2b
----------------- Done invoking toplevel() on ptolemy.moml.MoMLSimpleApplication@1a01ea2b
reloadAllAccessors: .TestExceptionAttribute1

===========================================================================================
----------------- testing Sat Nov 30 06:27:31 UTC 2019 /home/travis/build/icyphy/ptII/ptolemy/actor/lib/test/auto/TestExceptionAttribute2.xml
----------------- Instantiating /home/travis/build/icyphy/ptII/ptolemy/actor/lib/test/auto/TestExceptionAttribute2.xml
1 ms. Memory: 438272K Free: 254015K (58%)
----------------- Invoking toplevel() on ptolemy.moml.MoMLSimpleApplication@7f63e0ea
----------------- Done invoking toplevel() on ptolemy.moml.MoMLSimpleApplication@7f63e0ea
reloadAllAccessors: .TestExceptionAttribute2

===========================================================================================
----------------- testing Sat Nov 30 06:27:31 UTC 2019 /home/travis/build/icyphy/ptII/ptolemy/actor/lib/test/auto/TestExceptionAttribute3.xml
----------------- Instantiating /home/travis/build/icyphy/ptII/ptolemy/actor/lib/test/auto/TestExceptionAttribute3.xml
.TestExceptionAttribute3.TestExceptionAttribute: initialize() was not invoked, but wrapup() was.  This is unusual, but not always a problem.  For example, exporting JNLP will do this.
1 ms. Memory: 438272K Free: 250433K (57%)
----------------- Invoking toplevel() on ptolemy.moml.MoMLSimpleApplication@65d45be
----------------- Done invoking toplevel() on ptolemy.moml.MoMLSimpleApplication@65d45be
reloadAllAccessors: .TestExceptionAttribute3

===========================================================================================
----------------- testing Sat Nov 30 06:27:31 UTC 2019 /home/travis/build/icyphy/ptII/ptolemy/actor/lib/test/auto/TestExceptionAttribute4.xml
----------------- Instantiating /home/travis/build/icyphy/ptII/ptolemy/actor/lib/test/auto/TestExceptionAttribute4.xml
.TestExceptionAttribute4.TestExceptionAttribute: initialize() was not invoked, but wrapup() was.  This is unusual, but not always a problem.  For example, exporting JNLP will do this.
.TestExceptionAttribute4.TestExceptionAttribute2: initialize() was not invoked, but wrapup() was.  This is unusual, but not always a problem.  For example, exporting JNLP will do this.
1 ms. Memory: 438272K Free: 246337K (56%)
----------------- Invoking toplevel() on ptolemy.moml.MoMLSimpleApplication@2bc87a80
----------------- Done invoking toplevel() on ptolemy.moml.MoMLSimpleApplication@2bc87a80
reloadAllAccessors: .TestExceptionAttribute4

===========================================================================================
----------------- testing Sat Nov 30 06:27:31 UTC 2019 /home/travis/build/icyphy/ptII/ptolemy/actor/lib/test/auto/TestExceptionHandler1.xml
----------------- Instantiating /home/travis/build/icyphy/ptII/ptolemy/actor/lib/test/auto/TestExceptionHandler1.xml
2 ms. Memory: 438272K Free: 242241K (55%)
----------------- Invoking toplevel() on ptolemy.moml.MoMLSimpleApplication@724aa594
----------------- Done invoking toplevel() on ptolemy.moml.MoMLSimpleApplication@724aa594
reloadAllAccessors: .TestExceptionHandler1

===========================================================================================
----------------- testing Sat Nov 30 06:27:31 UTC 2019 /home/travis/build/icyphy/ptII/ptolemy/actor/lib/test/auto/TestExceptionHandler2.xml
----------------- Instantiating /home/travis/build/icyphy/ptII/ptolemy/actor/lib/test/auto/TestExceptionHandler2.xml
2 ms. Memory: 438272K Free: 238655K (54%)
----------------- Invoking toplevel() on ptolemy.moml.MoMLSimpleApplication@4c93eb0f
----------------- Done invoking toplevel() on ptolemy.moml.MoMLSimpleApplication@4c93eb0f
reloadAllAccessors: .TestExceptionHandler2

===========================================================================================
----------------- testing Sat Nov 30 06:27:31 UTC 2019 /home/travis/build/icyphy/ptII/ptolemy/actor/lib/test/auto/TestExceptionHandler3.xml
----------------- Instantiating /home/travis/build/icyphy/ptII/ptolemy/actor/lib/test/auto/TestExceptionHandler3.xml
1 ms. Memory: 438272K Free: 235073K (54%)
----------------- Invoking toplevel() on ptolemy.moml.MoMLSimpleApplication@785e8145
----------------- Done invoking toplevel() on ptolemy.moml.MoMLSimpleApplication@785e8145
reloadAllAccessors: .TestExceptionHandler3

===========================================================================================
----------------- testing Sat Nov 30 06:27:31 UTC 2019 /home/travis/build/icyphy/ptII/ptolemy/actor/lib/test/auto/TestExceptionHandler4.xml
----------------- Instantiating /home/travis/build/icyphy/ptII/ptolemy/actor/lib/test/auto/TestExceptionHandler4.xml
0 ms. Memory: 438272K Free: 230977K (53%)
----------------- Invoking toplevel() on ptolemy.moml.MoMLSimpleApplication@3900f6cf
----------------- Done invoking toplevel() on ptolemy.moml.MoMLSimpleApplication@3900f6cf
reloadAllAccessors: .TestExceptionHandler4

===========================================================================================
----------------- testing Sat Nov 30 06:27:31 UTC 2019 /home/travis/build/icyphy/ptII/ptolemy/actor/lib/test/auto/TestRequireCorrectOrder.xml
----------------- Instantiating /home/travis/build/icyphy/ptII/ptolemy/actor/lib/test/auto/TestRequireCorrectOrder.xml
6 ms. Memory: 438272K Free: 225857K (52%)
----------------- Invoking toplevel() on ptolemy.moml.MoMLSimpleApplication@12bed0b9
----------------- Done invoking toplevel() on ptolemy.moml.MoMLSimpleApplication@12bed0b9
reloadAllAccessors: .TestRequireCorrectOrder

===========================================================================================
----------------- testing Sat Nov 30 06:27:31 UTC 2019 /home/travis/build/icyphy/ptII/ptolemy/actor/lib/test/auto/TestSimple.xml
----------------- Instantiating /home/travis/build/icyphy/ptII/ptolemy/actor/lib/test/auto/TestSimple.xml
1 ms. Memory: 438272K Free: 221247K (50%)
----------------- Invoking toplevel() on ptolemy.moml.MoMLSimpleApplication@44f76052
----------------- Done invoking toplevel() on ptolemy.moml.MoMLSimpleApplication@44f76052
reloadAllAccessors: .TestSimple

===========================================================================================
----------------- testing Sat Nov 30 06:27:31 UTC 2019 /home/travis/build/icyphy/ptII/ptolemy/actor/lib/test/auto/ThrowModelError.xml
----------------- Instantiating /home/travis/build/icyphy/ptII/ptolemy/actor/lib/test/auto/ThrowModelError.xml
1 ms. Memory: 438272K Free: 216641K (49%)
----------------- Invoking toplevel() on ptolemy.moml.MoMLSimpleApplication@6a458492
----------------- Done invoking toplevel() on ptolemy.moml.MoMLSimpleApplication@6a458492
reloadAllAccessors: .ThrowModelError

===========================================================================================
----------------- testing Sat Nov 30 06:27:31 UTC 2019 /home/travis/build/icyphy/ptII/ptolemy/actor/lib/test/auto/TimeDelayMicrosteps.xml
----------------- Instantiating /home/travis/build/icyphy/ptII/ptolemy/actor/lib/test/auto/TimeDelayMicrosteps.xml
3 ms. Memory: 438272K Free: 209969K (48%)
----------------- Invoking toplevel() on ptolemy.moml.MoMLSimpleApplication@2a48dd03
----------------- Done invoking toplevel() on ptolemy.moml.MoMLSimpleApplication@2a48dd03
reloadAllAccessors: .TimeDelayMicrosteps

===========================================================================================
----------------- testing Sat Nov 30 06:27:31 UTC 2019 /home/travis/build/icyphy/ptII/ptolemy/actor/lib/test/auto/TimeDelayMicrosteps2.xml
----------------- Instantiating /home/travis/build/icyphy/ptII/ptolemy/actor/lib/test/auto/TimeDelayMicrosteps2.xml
3 ms. Memory: 438272K Free: 202785K (46%)
----------------- Invoking toplevel() on ptolemy.moml.MoMLSimpleApplication@31acb36d
----------------- Done invoking toplevel() on ptolemy.moml.MoMLSimpleApplication@31acb36d
reloadAllAccessors: .TimeDelayMicrosteps2

===========================================================================================
----------------- testing Sat Nov 30 06:27:31 UTC 2019 /home/travis/build/icyphy/ptII/ptolemy/actor/lib/test/auto/TimeDelayMicrosteps3.xml
----------------- Instantiating /home/travis/build/icyphy/ptII/ptolemy/actor/lib/test/auto/TimeDelayMicrosteps3.xml
2 ms. Memory: 438272K Free: 195617K (45%)
----------------- Invoking toplevel() on ptolemy.moml.MoMLSimpleApplication@28597e66
----------------- Done invoking toplevel() on ptolemy.moml.MoMLSimpleApplication@28597e66
reloadAllAccessors: .TimeDelayMicrosteps3

===========================================================================================
----------------- testing Sat Nov 30 06:27:31 UTC 2019 /home/travis/build/icyphy/ptII/ptolemy/actor/lib/test/auto/TimeDelayVariableMicrosteps.xml
----------------- Instantiating /home/travis/build/icyphy/ptII/ptolemy/actor/lib/test/auto/TimeDelayVariableMicrosteps.xml
3 ms. Memory: 438272K Free: 188993K (43%)
----------------- Invoking toplevel() on ptolemy.moml.MoMLSimpleApplication@3b64b43b
----------------- Done invoking toplevel() on ptolemy.moml.MoMLSimpleApplication@3b64b43b
reloadAllAccessors: .TimeDelayVariableMicrosteps

===========================================================================================
----------------- testing Sat Nov 30 06:27:31 UTC 2019 /home/travis/build/icyphy/ptII/ptolemy/actor/lib/test/auto/TimeGap.xml
----------------- Instantiating /home/travis/build/icyphy/ptII/ptolemy/actor/lib/test/auto/TimeGap.xml
4 ms. Memory: 438272K Free: 183873K (42%)
----------------- Invoking toplevel() on ptolemy.moml.MoMLSimpleApplication@6c860fc7
----------------- Done invoking toplevel() on ptolemy.moml.MoMLSimpleApplication@6c860fc7
reloadAllAccessors: .TimeGap

===========================================================================================
----------------- testing Sat Nov 30 06:27:31 UTC 2019 /home/travis/build/icyphy/ptII/ptolemy/actor/lib/test/auto/TimeGap2.xml
----------------- Instantiating /home/travis/build/icyphy/ptII/ptolemy/actor/lib/test/auto/TimeGap2.xml
2 ms. Memory: 438272K Free: 178233K (41%)
----------------- Invoking toplevel() on ptolemy.moml.MoMLSimpleApplication@5b67b93e
----------------- Done invoking toplevel() on ptolemy.moml.MoMLSimpleApplication@5b67b93e
reloadAllAccessors: .TimeGap2

===========================================================================================
----------------- testing Sat Nov 30 06:27:31 UTC 2019 /home/travis/build/icyphy/ptII/ptolemy/actor/lib/test/auto/TimedSinewave.xml
----------------- Instantiating /home/travis/build/icyphy/ptII/ptolemy/actor/lib/test/auto/TimedSinewave.xml
25 ms. Memory: 438272K Free: 164417K (38%)
----------------- Invoking toplevel() on ptolemy.moml.MoMLSimpleApplication@595100af
----------------- Done invoking toplevel() on ptolemy.moml.MoMLSimpleApplication@595100af
reloadAllAccessors: .TimedSinewave

===========================================================================================
----------------- testing Sat Nov 30 06:27:31 UTC 2019 /home/travis/build/icyphy/ptII/ptolemy/actor/lib/test/auto/TimedSinewavePhase.xml
----------------- Instantiating /home/travis/build/icyphy/ptII/ptolemy/actor/lib/test/auto/TimedSinewavePhase.xml
10 ms. Memory: 438272K Free: 154687K (35%)
----------------- Invoking toplevel() on ptolemy.moml.MoMLSimpleApplication@75bb4646
----------------- Done invoking toplevel() on ptolemy.moml.MoMLSimpleApplication@75bb4646
reloadAllAccessors: .TimedSinewavePhase

===========================================================================================
----------------- testing Sat Nov 30 06:27:31 UTC 2019 /home/travis/build/icyphy/ptII/ptolemy/actor/lib/test/auto/Timer.xml
----------------- Instantiating /home/travis/build/icyphy/ptII/ptolemy/actor/lib/test/auto/Timer.xml
2 ms. Memory: 438272K Free: 149057K (34%)
----------------- Invoking toplevel() on ptolemy.moml.MoMLSimpleApplication@5066b980
----------------- Done invoking toplevel() on ptolemy.moml.MoMLSimpleApplication@5066b980
reloadAllAccessors: .Timer

===========================================================================================
----------------- testing Sat Nov 30 06:27:31 UTC 2019 /home/travis/build/icyphy/ptII/ptolemy/actor/lib/test/auto/TriangularDistTestModel.xml
----------------- Instantiating /home/travis/build/icyphy/ptII/ptolemy/actor/lib/test/auto/TriangularDistTestModel.xml
2 ms. Memory: 438272K Free: 142913K (33%)
----------------- Invoking toplevel() on ptolemy.moml.MoMLSimpleApplication@5e241eda
----------------- Done invoking toplevel() on ptolemy.moml.MoMLSimpleApplication@5e241eda
reloadAllAccessors: .TriangularDistTestModel

===========================================================================================
----------------- testing Sat Nov 30 06:27:31 UTC 2019 /home/travis/build/icyphy/ptII/ptolemy/actor/lib/test/auto/TrigFunction.xml
----------------- Instantiating /home/travis/build/icyphy/ptII/ptolemy/actor/lib/test/auto/TrigFunction.xml
2 ms. Memory: 438272K Free: 138303K (32%)
----------------- Invoking toplevel() on ptolemy.moml.MoMLSimpleApplication@2248e0c7
----------------- Done invoking toplevel() on ptolemy.moml.MoMLSimpleApplication@2248e0c7
reloadAllAccessors: .TrigFunction

===========================================================================================
----------------- testing Sat Nov 30 06:27:31 UTC 2019 /home/travis/build/icyphy/ptII/ptolemy/actor/lib/test/auto/TrigFunctionDE.xml
----------------- Instantiating /home/travis/build/icyphy/ptII/ptolemy/actor/lib/test/auto/TrigFunctionDE.xml
2 ms. Memory: 438272K Free: 132673K (30%)
----------------- Invoking toplevel() on ptolemy.moml.MoMLSimpleApplication@67ef0d2
----------------- Done invoking toplevel() on ptolemy.moml.MoMLSimpleApplication@67ef0d2
reloadAllAccessors: .TrigFunctionDE

===========================================================================================
----------------- testing Sat Nov 30 06:27:31 UTC 2019 /home/travis/build/icyphy/ptII/ptolemy/actor/lib/test/auto/TrigFunctionInverse.xml
----------------- Instantiating /home/travis/build/icyphy/ptII/ptolemy/actor/lib/test/auto/TrigFunctionInverse.xml
4 ms. Memory: 438272K Free: 385569K (88%)
----------------- Invoking toplevel() on ptolemy.moml.MoMLSimpleApplication@63498d89
----------------- Done invoking toplevel() on ptolemy.moml.MoMLSimpleApplication@63498d89
reloadAllAccessors: .TrigFunctionInverse

===========================================================================================
----------------- testing Sat Nov 30 06:27:31 UTC 2019 /home/travis/build/icyphy/ptII/ptolemy/actor/lib/test/auto/TrigFunctionTan.xml
----------------- Instantiating /home/travis/build/icyphy/ptII/ptolemy/actor/lib/test/auto/TrigFunctionTan.xml
2 ms. Memory: 438272K Free: 380449K (87%)
----------------- Invoking toplevel() on ptolemy.moml.MoMLSimpleApplication@5aab4c5c
----------------- Done invoking toplevel() on ptolemy.moml.MoMLSimpleApplication@5aab4c5c
reloadAllAccessors: .TrigFunctionTan

===========================================================================================
----------------- testing Sat Nov 30 06:27:31 UTC 2019 /home/travis/build/icyphy/ptII/ptolemy/actor/lib/test/auto/TriggeredClock.xml
----------------- Instantiating /home/travis/build/icyphy/ptII/ptolemy/actor/lib/test/auto/TriggeredClock.xml
1 ms. Memory: 438272K Free: 375329K (86%)
----------------- Invoking toplevel() on ptolemy.moml.MoMLSimpleApplication@5da8fb7c
----------------- Done invoking toplevel() on ptolemy.moml.MoMLSimpleApplication@5da8fb7c
reloadAllAccessors: .TriggeredClock

===========================================================================================
----------------- testing Sat Nov 30 06:27:31 UTC 2019 /home/travis/build/icyphy/ptII/ptolemy/actor/lib/test/auto/URLDirectoryReader.xml
----------------- Instantiating /home/travis/build/icyphy/ptII/ptolemy/actor/lib/test/auto/URLDirectoryReader.xml
34 ms. Memory: 438272K Free: 366113K (84%)
----------------- Invoking toplevel() on ptolemy.moml.MoMLSimpleApplication@65bcc2e2
----------------- Done invoking toplevel() on ptolemy.moml.MoMLSimpleApplication@65bcc2e2
reloadAllAccessors: .URLDirectoryReader

===========================================================================================
----------------- testing Sat Nov 30 06:27:31 UTC 2019 /home/travis/build/icyphy/ptII/ptolemy/actor/lib/test/auto/URLDirectoryReader3.xml
----------------- Instantiating /home/travis/build/icyphy/ptII/ptolemy/actor/lib/test/auto/URLDirectoryReader3.xml
1180 ms. Memory: 438272K Free: 379758K (87%)
----------------- Invoking toplevel() on ptolemy.moml.MoMLSimpleApplication@2c854845
----------------- Done invoking toplevel() on ptolemy.moml.MoMLSimpleApplication@2c854845
reloadAllAccessors: .URLDirectoryReader3

===========================================================================================
----------------- testing Sat Nov 30 06:27:33 UTC 2019 /home/travis/build/icyphy/ptII/ptolemy/actor/lib/test/auto/UnaryMathFunction.xml
----------------- Instantiating /home/travis/build/icyphy/ptII/ptolemy/actor/lib/test/auto/UnaryMathFunction.xml
2 ms. Memory: 438272K Free: 371568K (85%)
----------------- Invoking toplevel() on ptolemy.moml.MoMLSimpleApplication@6616a15a
----------------- Done invoking toplevel() on ptolemy.moml.MoMLSimpleApplication@6616a15a
reloadAllAccessors: .UnaryMathFunction

===========================================================================================
----------------- testing Sat Nov 30 06:27:33 UTC 2019 /home/travis/build/icyphy/ptII/ptolemy/actor/lib/test/auto/Uniform.xml
----------------- Instantiating /home/travis/build/icyphy/ptII/ptolemy/actor/lib/test/auto/Uniform.xml
4 ms. Memory: 438272K Free: 366958K (84%)
----------------- Invoking toplevel() on ptolemy.moml.MoMLSimpleApplication@6f269012
----------------- Done invoking toplevel() on ptolemy.moml.MoMLSimpleApplication@6f269012
reloadAllAccessors: .Uniform

===========================================================================================
----------------- testing Sat Nov 30 06:27:33 UTC 2019 /home/travis/build/icyphy/ptII/ptolemy/actor/lib/test/auto/UnionDisassemblerTest.xml
----------------- Instantiating /home/travis/build/icyphy/ptII/ptolemy/actor/lib/test/auto/UnionDisassemblerTest.xml
28 ms. Memory: 438272K Free: 363376K (83%)
----------------- Invoking toplevel() on ptolemy.moml.MoMLSimpleApplication@7823ff07
----------------- Done invoking toplevel() on ptolemy.moml.MoMLSimpleApplication@7823ff07
reloadAllAccessors: .UnionDisassemblerTest

===========================================================================================
----------------- testing Sat Nov 30 06:27:33 UTC 2019 /home/travis/build/icyphy/ptII/ptolemy/actor/lib/test/auto/UtilityFunctions.xml
----------------- Instantiating /home/travis/build/icyphy/ptII/ptolemy/actor/lib/test/auto/UtilityFunctions.xml
1 ms. Memory: 438272K Free: 359280K (82%)
----------------- Invoking toplevel() on ptolemy.moml.MoMLSimpleApplication@32408e30
----------------- Done invoking toplevel() on ptolemy.moml.MoMLSimpleApplication@32408e30
reloadAllAccessors: .UtilityFunctions

===========================================================================================
----------------- testing Sat Nov 30 06:27:33 UTC 2019 /home/travis/build/icyphy/ptII/ptolemy/actor/lib/test/auto/VariableSleep.xml
----------------- Instantiating /home/travis/build/icyphy/ptII/ptolemy/actor/lib/test/auto/VariableSleep.xml
504 ms. Memory: 438272K Free: 354160K (81%)
----------------- Invoking toplevel() on ptolemy.moml.MoMLSimpleApplication@59d5568
----------------- Done invoking toplevel() on ptolemy.moml.MoMLSimpleApplication@59d5568
reloadAllAccessors: .VariableSleep

===========================================================================================
----------------- testing Sat Nov 30 06:27:33 UTC 2019 /home/travis/build/icyphy/ptII/ptolemy/actor/lib/test/auto/VectorAssemblerDisassemblerCT.xml
----------------- Instantiating /home/travis/build/icyphy/ptII/ptolemy/actor/lib/test/auto/VectorAssemblerDisassemblerCT.xml
97 ms. Memory: 438272K Free: 333680K (76%)
----------------- Invoking toplevel() on ptolemy.moml.MoMLSimpleApplication@2c7b64d3
----------------- Done invoking toplevel() on ptolemy.moml.MoMLSimpleApplication@2c7b64d3
reloadAllAccessors: .VectorAssemblerDisassemblerCT

===========================================================================================
----------------- testing Sat Nov 30 06:27:34 UTC 2019 /home/travis/build/icyphy/ptII/ptolemy/actor/lib/test/auto/VectorAssemblerDisassemblerDE.xml
----------------- Instantiating /home/travis/build/icyphy/ptII/ptolemy/actor/lib/test/auto/VectorAssemblerDisassemblerDE.xml
4 ms. Memory: 438272K Free: 326512K (74%)
----------------- Invoking toplevel() on ptolemy.moml.MoMLSimpleApplication@1c13b8c2
----------------- Done invoking toplevel() on ptolemy.moml.MoMLSimpleApplication@1c13b8c2
reloadAllAccessors: .VectorAssemblerDisassemblerDE

===========================================================================================
----------------- testing Sat Nov 30 06:27:34 UTC 2019 /home/travis/build/icyphy/ptII/ptolemy/actor/lib/test/auto/VectorAssemblerDisassemblerSDF.xml
----------------- Instantiating /home/travis/build/icyphy/ptII/ptolemy/actor/lib/test/auto/VectorAssemblerDisassemblerSDF.xml
3 ms. Memory: 438272K Free: 320368K (73%)
----------------- Invoking toplevel() on ptolemy.moml.MoMLSimpleApplication@1632e008
----------------- Done invoking toplevel() on ptolemy.moml.MoMLSimpleApplication@1632e008
reloadAllAccessors: .VectorAssemblerDisassemblerSDF

===========================================================================================
----------------- testing Sat Nov 30 06:27:34 UTC 2019 /home/travis/build/icyphy/ptII/ptolemy/actor/lib/test/auto/WallClockTime.xml
----------------- Instantiating /home/travis/build/icyphy/ptII/ptolemy/actor/lib/test/auto/WallClockTime.xml
1006 ms. Memory: 438272K Free: 315248K (72%)
----------------- Invoking toplevel() on ptolemy.moml.MoMLSimpleApplication@5d36b1c8
----------------- Done invoking toplevel() on ptolemy.moml.MoMLSimpleApplication@5d36b1c8
reloadAllAccessors: .WallClockTime

===========================================================================================
----------------- testing Sat Nov 30 06:27:35 UTC 2019 /home/travis/build/icyphy/ptII/ptolemy/actor/lib/test/auto/WidthTestWithSubscriberPublisher.xml
----------------- Instantiating /home/travis/build/icyphy/ptII/ptolemy/actor/lib/test/auto/WidthTestWithSubscriberPublisher.xml
14 ms. Memory: 438272K Free: 297326K (68%)
----------------- Invoking toplevel() on ptolemy.moml.MoMLSimpleApplication@65c0bbf7
----------------- Done invoking toplevel() on ptolemy.moml.MoMLSimpleApplication@65c0bbf7
reloadAllAccessors: .WidthTestWithSubscriberPublisher

===========================================================================================
----------------- testing Sat Nov 30 06:27:35 UTC 2019 /home/travis/build/icyphy/ptII/ptolemy/actor/lib/test/auto/WidthTestWithSubscriberPublisher2.xml
----------------- Instantiating /home/travis/build/icyphy/ptII/ptolemy/actor/lib/test/auto/WidthTestWithSubscriberPublisher2.xml
2 ms. Memory: 438272K Free: 291182K (66%)
----------------- Invoking toplevel() on ptolemy.moml.MoMLSimpleApplication@4155919e
----------------- Done invoking toplevel() on ptolemy.moml.MoMLSimpleApplication@4155919e
reloadAllAccessors: .WidthTestWithSubscriberPublisher2

===========================================================================================
----------------- testing Sat Nov 30 06:27:35 UTC 2019 /home/travis/build/icyphy/ptII/ptolemy/actor/lib/test/auto/WidthTestWithSubscriberPublisher3.xml
----------------- Instantiating /home/travis/build/icyphy/ptII/ptolemy/actor/lib/test/auto/WidthTestWithSubscriberPublisher3.xml
2 ms. Memory: 438272K Free: 285038K (65%)
----------------- Invoking toplevel() on ptolemy.moml.MoMLSimpleApplication@16d40420
----------------- Done invoking toplevel() on ptolemy.moml.MoMLSimpleApplication@16d40420
reloadAllAccessors: .WidthTestWithSubscriberPublisher3

===========================================================================================
----------------- testing Sat Nov 30 06:27:35 UTC 2019 /home/travis/build/icyphy/ptII/ptolemy/actor/lib/test/auto/Writer.xml
----------------- Instantiating /home/travis/build/icyphy/ptII/ptolemy/actor/lib/test/auto/Writer.xml
0
1
2
3
4
2 ms. Memory: 438272K Free: 280936K (64%)
----------------- Invoking toplevel() on ptolemy.moml.MoMLSimpleApplication@63cb0f67
----------------- Done invoking toplevel() on ptolemy.moml.MoMLSimpleApplication@63cb0f67
reloadAllAccessors: .Writer

===========================================================================================
----------------- testing Sat Nov 30 06:27:35 UTC 2019 /home/travis/build/icyphy/ptII/ptolemy/actor/lib/test/auto/array.xml
----------------- Instantiating /home/travis/build/icyphy/ptII/ptolemy/actor/lib/test/auto/array.xml
2 ms. Memory: 438272K Free: 276336K (63%)
----------------- Invoking toplevel() on ptolemy.moml.MoMLSimpleApplication@4c6a7f6
----------------- Done invoking toplevel() on ptolemy.moml.MoMLSimpleApplication@4c6a7f6
reloadAllAccessors: .array

===========================================================================================
----------------- testing Sat Nov 30 06:27:35 UTC 2019 /home/travis/build/icyphy/ptII/ptolemy/actor/lib/test/auto/array2.xml
----------------- Instantiating /home/travis/build/icyphy/ptII/ptolemy/actor/lib/test/auto/array2.xml
6 ms. Memory: 438272K Free: 271216K (62%)
----------------- Invoking toplevel() on ptolemy.moml.MoMLSimpleApplication@7960624c
----------------- Done invoking toplevel() on ptolemy.moml.MoMLSimpleApplication@7960624c
reloadAllAccessors: .array2

===========================================================================================
----------------- testing Sat Nov 30 06:27:35 UTC 2019 /home/travis/build/icyphy/ptII/ptolemy/actor/lib/test/auto/arrayType.xml
----------------- Instantiating /home/travis/build/icyphy/ptII/ptolemy/actor/lib/test/auto/arrayType.xml
2 ms. Memory: 438272K Free: 265582K (61%)
----------------- Invoking toplevel() on ptolemy.moml.MoMLSimpleApplication@4b6ba3cc
----------------- Done invoking toplevel() on ptolemy.moml.MoMLSimpleApplication@4b6ba3cc
reloadAllAccessors: .arrayType

===========================================================================================
----------------- testing Sat Nov 30 06:27:35 UTC 2019 /home/travis/build/icyphy/ptII/ptolemy/actor/lib/test/auto/arrayType10.xml
----------------- Instantiating /home/travis/build/icyphy/ptII/ptolemy/actor/lib/test/auto/arrayType10.xml
2 ms. Memory: 438272K Free: 260976K (60%)
----------------- Invoking toplevel() on ptolemy.moml.MoMLSimpleApplication@30acc7f6
----------------- Done invoking toplevel() on ptolemy.moml.MoMLSimpleApplication@30acc7f6
reloadAllAccessors: .arrayType10

===========================================================================================
----------------- testing Sat Nov 30 06:27:35 UTC 2019 /home/travis/build/icyphy/ptII/ptolemy/actor/lib/test/auto/arrayType11.xml
----------------- Instantiating /home/travis/build/icyphy/ptII/ptolemy/actor/lib/test/auto/arrayType11.xml
1 ms. Memory: 438272K Free: 256366K (58%)
----------------- Invoking toplevel() on ptolemy.moml.MoMLSimpleApplication@6eee8196
----------------- Done invoking toplevel() on ptolemy.moml.MoMLSimpleApplication@6eee8196
reloadAllAccessors: .arrayType11

===========================================================================================
----------------- testing Sat Nov 30 06:27:35 UTC 2019 /home/travis/build/icyphy/ptII/ptolemy/actor/lib/test/auto/arrayType12.xml
----------------- Instantiating /home/travis/build/icyphy/ptII/ptolemy/actor/lib/test/auto/arrayType12.xml
2 ms. Memory: 438272K Free: 251760K (57%)
----------------- Invoking toplevel() on ptolemy.moml.MoMLSimpleApplication@52c6296a
----------------- Done invoking toplevel() on ptolemy.moml.MoMLSimpleApplication@52c6296a
reloadAllAccessors: .arrayType12

===========================================================================================
----------------- testing Sat Nov 30 06:27:35 UTC 2019 /home/travis/build/icyphy/ptII/ptolemy/actor/lib/test/auto/arrayType13.xml
----------------- Instantiating /home/travis/build/icyphy/ptII/ptolemy/actor/lib/test/auto/arrayType13.xml
2 ms. Memory: 438272K Free: 246640K (56%)
----------------- Invoking toplevel() on ptolemy.moml.MoMLSimpleApplication@11d31141
----------------- Done invoking toplevel() on ptolemy.moml.MoMLSimpleApplication@11d31141
reloadAllAccessors: .arrayType13

===========================================================================================
----------------- testing Sat Nov 30 06:27:35 UTC 2019 /home/travis/build/icyphy/ptII/ptolemy/actor/lib/test/auto/arrayType14.xml
----------------- Instantiating /home/travis/build/icyphy/ptII/ptolemy/actor/lib/test/auto/arrayType14.xml
1 ms. Memory: 438272K Free: 241006K (55%)
----------------- Invoking toplevel() on ptolemy.moml.MoMLSimpleApplication@59af8b12
----------------- Done invoking toplevel() on ptolemy.moml.MoMLSimpleApplication@59af8b12
reloadAllAccessors: .arrayType14

===========================================================================================
----------------- testing Sat Nov 30 06:27:35 UTC 2019 /home/travis/build/icyphy/ptII/ptolemy/actor/lib/test/auto/arrayType15.xml
----------------- Instantiating /home/travis/build/icyphy/ptII/ptolemy/actor/lib/test/auto/arrayType15.xml
3 ms. Memory: 438272K Free: 235886K (54%)
----------------- Invoking toplevel() on ptolemy.moml.MoMLSimpleApplication@49396cdf
----------------- Done invoking toplevel() on ptolemy.moml.MoMLSimpleApplication@49396cdf
reloadAllAccessors: .arrayType15

===========================================================================================
----------------- testing Sat Nov 30 06:27:35 UTC 2019 /home/travis/build/icyphy/ptII/ptolemy/actor/lib/test/auto/arrayType16.xml
----------------- Instantiating /home/travis/build/icyphy/ptII/ptolemy/actor/lib/test/auto/arrayType16.xml
2 ms. Memory: 438272K Free: 230766K (53%)
----------------- Invoking toplevel() on ptolemy.moml.MoMLSimpleApplication@40526a89
----------------- Done invoking toplevel() on ptolemy.moml.MoMLSimpleApplication@40526a89
reloadAllAccessors: .arrayType16

===========================================================================================
----------------- testing Sat Nov 30 06:27:35 UTC 2019 /home/travis/build/icyphy/ptII/ptolemy/actor/lib/test/auto/arrayType17.xml
----------------- Instantiating /home/travis/build/icyphy/ptII/ptolemy/actor/lib/test/auto/arrayType17.xml
2 ms. Memory: 438272K Free: 225646K (51%)
----------------- Invoking toplevel() on ptolemy.moml.MoMLSimpleApplication@67f9c45f
----------------- Done invoking toplevel() on ptolemy.moml.MoMLSimpleApplication@67f9c45f
reloadAllAccessors: .arrayType17

===========================================================================================
----------------- testing Sat Nov 30 06:27:35 UTC 2019 /home/travis/build/icyphy/ptII/ptolemy/actor/lib/test/auto/arrayType18.xml
----------------- Instantiating /home/travis/build/icyphy/ptII/ptolemy/actor/lib/test/auto/arrayType18.xml
1 ms. Memory: 438272K Free: 220526K (50%)
----------------- Invoking toplevel() on ptolemy.moml.MoMLSimpleApplication@510f7b80
----------------- Done invoking toplevel() on ptolemy.moml.MoMLSimpleApplication@510f7b80
reloadAllAccessors: .arrayType18

===========================================================================================
----------------- testing Sat Nov 30 06:27:35 UTC 2019 /home/travis/build/icyphy/ptII/ptolemy/actor/lib/test/auto/arrayType19.xml
----------------- Instantiating /home/travis/build/icyphy/ptII/ptolemy/actor/lib/test/auto/arrayType19.xml
2 ms. Memory: 438272K Free: 215920K (49%)
----------------- Invoking toplevel() on ptolemy.moml.MoMLSimpleApplication@47a041f
----------------- Done invoking toplevel() on ptolemy.moml.MoMLSimpleApplication@47a041f
reloadAllAccessors: .arrayType19

===========================================================================================
----------------- testing Sat Nov 30 06:27:35 UTC 2019 /home/travis/build/icyphy/ptII/ptolemy/actor/lib/test/auto/arrayType2.xml
----------------- Instantiating /home/travis/build/icyphy/ptII/ptolemy/actor/lib/test/auto/arrayType2.xml
1 ms. Memory: 438272K Free: 210800K (48%)
----------------- Invoking toplevel() on ptolemy.moml.MoMLSimpleApplication@3cd79c2
----------------- Done invoking toplevel() on ptolemy.moml.MoMLSimpleApplication@3cd79c2
reloadAllAccessors: .arrayType2

===========================================================================================
----------------- testing Sat Nov 30 06:27:35 UTC 2019 /home/travis/build/icyphy/ptII/ptolemy/actor/lib/test/auto/arrayType20.xml
----------------- Instantiating /home/travis/build/icyphy/ptII/ptolemy/actor/lib/test/auto/arrayType20.xml
2 ms. Memory: 438272K Free: 206190K (47%)
----------------- Invoking toplevel() on ptolemy.moml.MoMLSimpleApplication@4d0f1a92
----------------- Done invoking toplevel() on ptolemy.moml.MoMLSimpleApplication@4d0f1a92
reloadAllAccessors: .arrayType20

===========================================================================================
----------------- testing Sat Nov 30 06:27:35 UTC 2019 /home/travis/build/icyphy/ptII/ptolemy/actor/lib/test/auto/arrayType21.xml
----------------- Instantiating /home/travis/build/icyphy/ptII/ptolemy/actor/lib/test/auto/arrayType21.xml
2 ms. Memory: 438272K Free: 201070K (46%)
----------------- Invoking toplevel() on ptolemy.moml.MoMLSimpleApplication@2368579e
----------------- Done invoking toplevel() on ptolemy.moml.MoMLSimpleApplication@2368579e
reloadAllAccessors: .arrayType21

===========================================================================================
----------------- testing Sat Nov 30 06:27:35 UTC 2019 /home/travis/build/icyphy/ptII/ptolemy/actor/lib/test/auto/arrayType22.xml
----------------- Instantiating /home/travis/build/icyphy/ptII/ptolemy/actor/lib/test/auto/arrayType22.xml
2 ms. Memory: 438272K Free: 196464K (45%)
----------------- Invoking toplevel() on ptolemy.moml.MoMLSimpleApplication@2ad053c4
----------------- Done invoking toplevel() on ptolemy.moml.MoMLSimpleApplication@2ad053c4
reloadAllAccessors: .arrayType22

===========================================================================================
----------------- testing Sat Nov 30 06:27:35 UTC 2019 /home/travis/build/icyphy/ptII/ptolemy/actor/lib/test/auto/arrayType23.xml
----------------- Instantiating /home/travis/build/icyphy/ptII/ptolemy/actor/lib/test/auto/arrayType23.xml
1 ms. Memory: 438272K Free: 191854K (44%)
----------------- Invoking toplevel() on ptolemy.moml.MoMLSimpleApplication@648576e9
----------------- Done invoking toplevel() on ptolemy.moml.MoMLSimpleApplication@648576e9
reloadAllAccessors: .arrayType23

===========================================================================================
----------------- testing Sat Nov 30 06:27:35 UTC 2019 /home/travis/build/icyphy/ptII/ptolemy/actor/lib/test/auto/arrayType24.xml
----------------- Instantiating /home/travis/build/icyphy/ptII/ptolemy/actor/lib/test/auto/arrayType24.xml
3 ms. Memory: 438272K Free: 187248K (43%)
----------------- Invoking toplevel() on ptolemy.moml.MoMLSimpleApplication@354c107c
----------------- Done invoking toplevel() on ptolemy.moml.MoMLSimpleApplication@354c107c
reloadAllAccessors: .arrayType24

===========================================================================================
----------------- testing Sat Nov 30 06:27:35 UTC 2019 /home/travis/build/icyphy/ptII/ptolemy/actor/lib/test/auto/arrayType25.xml
----------------- Instantiating /home/travis/build/icyphy/ptII/ptolemy/actor/lib/test/auto/arrayType25.xml
1 ms. Memory: 438272K Free: 181614K (41%)
----------------- Invoking toplevel() on ptolemy.moml.MoMLSimpleApplication@da0ad8b
----------------- Done invoking toplevel() on ptolemy.moml.MoMLSimpleApplication@da0ad8b
reloadAllAccessors: .arrayType25

===========================================================================================
----------------- testing Sat Nov 30 06:27:35 UTC 2019 /home/travis/build/icyphy/ptII/ptolemy/actor/lib/test/auto/arrayType26.xml
----------------- Instantiating /home/travis/build/icyphy/ptII/ptolemy/actor/lib/test/auto/arrayType26.xml
1 ms. Memory: 438272K Free: 176494K (40%)
----------------- Invoking toplevel() on ptolemy.moml.MoMLSimpleApplication@1a9b84bf
----------------- Done invoking toplevel() on ptolemy.moml.MoMLSimpleApplication@1a9b84bf
reloadAllAccessors: .arrayType26

===========================================================================================
----------------- testing Sat Nov 30 06:27:35 UTC 2019 /home/travis/build/icyphy/ptII/ptolemy/actor/lib/test/auto/arrayType27.xml
----------------- Instantiating /home/travis/build/icyphy/ptII/ptolemy/actor/lib/test/auto/arrayType27.xml
1 ms. Memory: 438272K Free: 171374K (39%)
----------------- Invoking toplevel() on ptolemy.moml.MoMLSimpleApplication@2504cf5a
----------------- Done invoking toplevel() on ptolemy.moml.MoMLSimpleApplication@2504cf5a
reloadAllAccessors: .arrayType27

===========================================================================================
----------------- testing Sat Nov 30 06:27:35 UTC 2019 /home/travis/build/icyphy/ptII/ptolemy/actor/lib/test/auto/arrayType28.xml
----------------- Instantiating /home/travis/build/icyphy/ptII/ptolemy/actor/lib/test/auto/arrayType28.xml
1 ms. Memory: 438272K Free: 166254K (38%)
----------------- Invoking toplevel() on ptolemy.moml.MoMLSimpleApplication@42fe3009
----------------- Done invoking toplevel() on ptolemy.moml.MoMLSimpleApplication@42fe3009
reloadAllAccessors: .arrayType28

===========================================================================================
----------------- testing Sat Nov 30 06:27:35 UTC 2019 /home/travis/build/icyphy/ptII/ptolemy/actor/lib/test/auto/arrayType3.xml
----------------- Instantiating /home/travis/build/icyphy/ptII/ptolemy/actor/lib/test/auto/arrayType3.xml
2 ms. Memory: 438272K Free: 160624K (37%)
----------------- Invoking toplevel() on ptolemy.moml.MoMLSimpleApplication@258e1237
----------------- Done invoking toplevel() on ptolemy.moml.MoMLSimpleApplication@258e1237
reloadAllAccessors: .arrayType3

===========================================================================================
----------------- testing Sat Nov 30 06:27:35 UTC 2019 /home/travis/build/icyphy/ptII/ptolemy/actor/lib/test/auto/arrayType4.xml
----------------- Instantiating /home/travis/build/icyphy/ptII/ptolemy/actor/lib/test/auto/arrayType4.xml
2 ms. Memory: 438272K Free: 155504K (35%)
----------------- Invoking toplevel() on ptolemy.moml.MoMLSimpleApplication@4af2e287
----------------- Done invoking toplevel() on ptolemy.moml.MoMLSimpleApplication@4af2e287
reloadAllAccessors: .arrayType4

===========================================================================================
----------------- testing Sat Nov 30 06:27:35 UTC 2019 /home/travis/build/icyphy/ptII/ptolemy/actor/lib/test/auto/arrayType5.xml
----------------- Instantiating /home/travis/build/icyphy/ptII/ptolemy/actor/lib/test/auto/arrayType5.xml
2 ms. Memory: 438272K Free: 150384K (34%)
----------------- Invoking toplevel() on ptolemy.moml.MoMLSimpleApplication@c26d1c1
----------------- Done invoking toplevel() on ptolemy.moml.MoMLSimpleApplication@c26d1c1
reloadAllAccessors: .arrayType5

===========================================================================================
----------------- testing Sat Nov 30 06:27:35 UTC 2019 /home/travis/build/icyphy/ptII/ptolemy/actor/lib/test/auto/arrayType6.xml
----------------- Instantiating /home/travis/build/icyphy/ptII/ptolemy/actor/lib/test/auto/arrayType6.xml
2 ms. Memory: 438272K Free: 145774K (33%)
----------------- Invoking toplevel() on ptolemy.moml.MoMLSimpleApplication@3bae6b6
----------------- Done invoking toplevel() on ptolemy.moml.MoMLSimpleApplication@3bae6b6
reloadAllAccessors: .arrayType6

===========================================================================================
----------------- testing Sat Nov 30 06:27:35 UTC 2019 /home/travis/build/icyphy/ptII/ptolemy/actor/lib/test/auto/arrayType7.xml
----------------- Instantiating /home/travis/build/icyphy/ptII/ptolemy/actor/lib/test/auto/arrayType7.xml
2 ms. Memory: 438272K Free: 140654K (32%)
----------------- Invoking toplevel() on ptolemy.moml.MoMLSimpleApplication@2c3459f1
----------------- Done invoking toplevel() on ptolemy.moml.MoMLSimpleApplication@2c3459f1
reloadAllAccessors: .arrayType7

===========================================================================================
----------------- testing Sat Nov 30 06:27:35 UTC 2019 /home/travis/build/icyphy/ptII/ptolemy/actor/lib/test/auto/arrayType8.xml
----------------- Instantiating /home/travis/build/icyphy/ptII/ptolemy/actor/lib/test/auto/arrayType8.xml
1 ms. Memory: 438272K Free: 136048K (31%)
----------------- Invoking toplevel() on ptolemy.moml.MoMLSimpleApplication@4088d2e
----------------- Done invoking toplevel() on ptolemy.moml.MoMLSimpleApplication@4088d2e
reloadAllAccessors: .arrayType8

===========================================================================================
----------------- testing Sat Nov 30 06:27:35 UTC 2019 /home/travis/build/icyphy/ptII/ptolemy/actor/lib/test/auto/arrayType9.xml
----------------- Instantiating /home/travis/build/icyphy/ptII/ptolemy/actor/lib/test/auto/arrayType9.xml
2 ms. Memory: 438272K Free: 131438K (30%)
----------------- Invoking toplevel() on ptolemy.moml.MoMLSimpleApplication@4139bc58
----------------- Done invoking toplevel() on ptolemy.moml.MoMLSimpleApplication@4139bc58
reloadAllAccessors: .arrayType9

===========================================================================================
----------------- testing Sat Nov 30 06:27:35 UTC 2019 /home/travis/build/icyphy/ptII/ptolemy/actor/lib/test/auto/cast.xml
----------------- Instantiating /home/travis/build/icyphy/ptII/ptolemy/actor/lib/test/auto/cast.xml
2 ms. Memory: 438272K Free: 382849K (87%)
----------------- Invoking toplevel() on ptolemy.moml.MoMLSimpleApplication@7831020e
----------------- Done invoking toplevel() on ptolemy.moml.MoMLSimpleApplication@7831020e
reloadAllAccessors: .cast

===========================================================================================
----------------- testing Sat Nov 30 06:27:35 UTC 2019 /home/travis/build/icyphy/ptII/ptolemy/actor/lib/test/auto/compositeMultiPort.xml
----------------- Instantiating /home/travis/build/icyphy/ptII/ptolemy/actor/lib/test/auto/compositeMultiPort.xml
20 ms. Memory: 438272K Free: 373633K (85%)
----------------- Invoking toplevel() on ptolemy.moml.MoMLSimpleApplication@1db302eb
----------------- Done invoking toplevel() on ptolemy.moml.MoMLSimpleApplication@1db302eb
reloadAllAccessors: .compositeMultiPort

===========================================================================================
----------------- testing Sat Nov 30 06:27:35 UTC 2019 /home/travis/build/icyphy/ptII/ptolemy/actor/lib/test/auto/expressionCastInference.xml
----------------- Instantiating /home/travis/build/icyphy/ptII/ptolemy/actor/lib/test/auto/expressionCastInference.xml
4 ms. Memory: 438272K Free: 369023K (84%)
----------------- Invoking toplevel() on ptolemy.moml.MoMLSimpleApplication@3555994f
----------------- Done invoking toplevel() on ptolemy.moml.MoMLSimpleApplication@3555994f
reloadAllAccessors: .expressionCastInference

===========================================================================================
----------------- testing Sat Nov 30 06:27:35 UTC 2019 /home/travis/build/icyphy/ptII/ptolemy/actor/lib/test/auto/expressionCastInference2.xml
----------------- Instantiating /home/travis/build/icyphy/ptII/ptolemy/actor/lib/test/auto/expressionCastInference2.xml
2 ms. Memory: 438272K Free: 364417K (83%)
----------------- Invoking toplevel() on ptolemy.moml.MoMLSimpleApplication@67fe8a6e
----------------- Done invoking toplevel() on ptolemy.moml.MoMLSimpleApplication@67fe8a6e
reloadAllAccessors: .expressionCastInference2

===========================================================================================
----------------- testing Sat Nov 30 06:27:35 UTC 2019 /home/travis/build/icyphy/ptII/ptolemy/actor/lib/test/auto/expressionInference.xml
----------------- Instantiating /home/travis/build/icyphy/ptII/ptolemy/actor/lib/test/auto/expressionInference.xml
1 ms. Memory: 438272K Free: 359807K (82%)
----------------- Invoking toplevel() on ptolemy.moml.MoMLSimpleApplication@64de0bb4
----------------- Done invoking toplevel() on ptolemy.moml.MoMLSimpleApplication@64de0bb4
reloadAllAccessors: .expressionInference

===========================================================================================
----------------- testing Sat Nov 30 06:27:35 UTC 2019 /home/travis/build/icyphy/ptII/ptolemy/actor/lib/test/auto/expression_bug.xml
----------------- Instantiating /home/travis/build/icyphy/ptII/ptolemy/actor/lib/test/auto/expression_bug.xml
2 ms. Memory: 438272K Free: 355711K (81%)
----------------- Invoking toplevel() on ptolemy.moml.MoMLSimpleApplication@6168438b
----------------- Done invoking toplevel() on ptolemy.moml.MoMLSimpleApplication@6168438b
reloadAllAccessors: .expression_bug

===========================================================================================
----------------- testing Sat Nov 30 06:27:35 UTC 2019 /home/travis/build/icyphy/ptII/ptolemy/actor/lib/test/auto/factorial.xml
----------------- Instantiating /home/travis/build/icyphy/ptII/ptolemy/actor/lib/test/auto/factorial.xml
35 ms. Memory: 438272K Free: 347519K (79%)
----------------- Invoking toplevel() on ptolemy.moml.MoMLSimpleApplication@18cae72e
----------------- Done invoking toplevel() on ptolemy.moml.MoMLSimpleApplication@18cae72e
reloadAllAccessors: .factorial

===========================================================================================
----------------- testing Sat Nov 30 06:27:35 UTC 2019 /home/travis/build/icyphy/ptII/ptolemy/actor/lib/test/auto/filterTest1.xml
----------------- Instantiating /home/travis/build/icyphy/ptII/ptolemy/actor/lib/test/auto/filterTest1.xml
4 ms. Memory: 438272K Free: 341361K (78%)
----------------- Invoking toplevel() on ptolemy.moml.MoMLSimpleApplication@cf83fea
----------------- Done invoking toplevel() on ptolemy.moml.MoMLSimpleApplication@cf83fea
reloadAllAccessors: .filterTest1

===========================================================================================
----------------- testing Sat Nov 30 06:27:35 UTC 2019 /home/travis/build/icyphy/ptII/ptolemy/actor/lib/test/auto/funcApplyInConst.xml
----------------- Instantiating /home/travis/build/icyphy/ptII/ptolemy/actor/lib/test/auto/funcApplyInConst.xml
1 ms. Memory: 438272K Free: 337793K (77%)
----------------- Invoking toplevel() on ptolemy.moml.MoMLSimpleApplication@3bccc0d7
----------------- Done invoking toplevel() on ptolemy.moml.MoMLSimpleApplication@3bccc0d7
reloadAllAccessors: .funcApplyInConst

===========================================================================================
----------------- testing Sat Nov 30 06:27:35 UTC 2019 /home/travis/build/icyphy/ptII/ptolemy/actor/lib/test/auto/funcApplyInExpr.xml
----------------- Instantiating /home/travis/build/icyphy/ptII/ptolemy/actor/lib/test/auto/funcApplyInExpr.xml
2 ms. Memory: 438272K Free: 334207K (76%)
----------------- Invoking toplevel() on ptolemy.moml.MoMLSimpleApplication@eb8a01
----------------- Done invoking toplevel() on ptolemy.moml.MoMLSimpleApplication@eb8a01
reloadAllAccessors: .funcApplyInExpr

===========================================================================================
----------------- testing Sat Nov 30 06:27:35 UTC 2019 /home/travis/build/icyphy/ptII/ptolemy/actor/lib/test/auto/function.xml
----------------- Instantiating /home/travis/build/icyphy/ptII/ptolemy/actor/lib/test/auto/function.xml
3 ms. Memory: 438272K Free: 329087K (75%)
----------------- Invoking toplevel() on ptolemy.moml.MoMLSimpleApplication@6718b5a2
----------------- Done invoking toplevel() on ptolemy.moml.MoMLSimpleApplication@6718b5a2
reloadAllAccessors: .function

===========================================================================================
----------------- testing Sat Nov 30 06:27:36 UTC 2019 /home/travis/build/icyphy/ptII/ptolemy/actor/lib/test/auto/function2.xml
----------------- Instantiating /home/travis/build/icyphy/ptII/ptolemy/actor/lib/test/auto/function2.xml
2 ms. Memory: 438272K Free: 324481K (74%)
----------------- Invoking toplevel() on ptolemy.moml.MoMLSimpleApplication@517a7bf3
----------------- Done invoking toplevel() on ptolemy.moml.MoMLSimpleApplication@517a7bf3
reloadAllAccessors: .function2

===========================================================================================
----------------- testing Sat Nov 30 06:27:36 UTC 2019 /home/travis/build/icyphy/ptII/ptolemy/actor/lib/test/auto/function3.xml
----------------- Instantiating /home/travis/build/icyphy/ptII/ptolemy/actor/lib/test/auto/function3.xml
1 ms. Memory: 438272K Free: 320895K (73%)
----------------- Invoking toplevel() on ptolemy.moml.MoMLSimpleApplication@5072debe
----------------- Done invoking toplevel() on ptolemy.moml.MoMLSimpleApplication@5072debe
reloadAllAccessors: .function3

===========================================================================================
----------------- testing Sat Nov 30 06:27:36 UTC 2019 /home/travis/build/icyphy/ptII/ptolemy/actor/lib/test/auto/functionClosureTest1.xml
----------------- Instantiating /home/travis/build/icyphy/ptII/ptolemy/actor/lib/test/auto/functionClosureTest1.xml
2 ms. Memory: 438272K Free: 314751K (72%)
----------------- Invoking toplevel() on ptolemy.moml.MoMLSimpleApplication@625249dc
----------------- Done invoking toplevel() on ptolemy.moml.MoMLSimpleApplication@625249dc
reloadAllAccessors: .functionClosureTest1

===========================================================================================
----------------- testing Sat Nov 30 06:27:36 UTC 2019 /home/travis/build/icyphy/ptII/ptolemy/actor/lib/test/auto/functionClosureTest2.xml
----------------- Instantiating /home/travis/build/icyphy/ptII/ptolemy/actor/lib/test/auto/functionClosureTest2.xml
1 ms. Memory: 438272K Free: 311169K (71%)
----------------- Invoking toplevel() on ptolemy.moml.MoMLSimpleApplication@5dc939bc
----------------- Done invoking toplevel() on ptolemy.moml.MoMLSimpleApplication@5dc939bc
reloadAllAccessors: .functionClosureTest2

===========================================================================================
----------------- testing Sat Nov 30 06:27:36 UTC 2019 /home/travis/build/icyphy/ptII/ptolemy/actor/lib/test/auto/functionClosureTest3.xml
----------------- Instantiating /home/travis/build/icyphy/ptII/ptolemy/actor/lib/test/auto/functionClosureTest3.xml
3 ms. Memory: 438272K Free: 306049K (70%)
----------------- Invoking toplevel() on ptolemy.moml.MoMLSimpleApplication@1c976d17
----------------- Done invoking toplevel() on ptolemy.moml.MoMLSimpleApplication@1c976d17
reloadAllAccessors: .functionClosureTest3

===========================================================================================
----------------- testing Sat Nov 30 06:27:36 UTC 2019 /home/travis/build/icyphy/ptII/ptolemy/actor/lib/test/auto/functionClosureTest4.xml
----------------- Instantiating /home/travis/build/icyphy/ptII/ptolemy/actor/lib/test/auto/functionClosureTest4.xml
10 ms. Memory: 438272K Free: 299391K (68%)
----------------- Invoking toplevel() on ptolemy.moml.MoMLSimpleApplication@6daf886c
----------------- Done invoking toplevel() on ptolemy.moml.MoMLSimpleApplication@6daf886c
reloadAllAccessors: .functionClosureTest4

===========================================================================================
----------------- testing Sat Nov 30 06:27:36 UTC 2019 /home/travis/build/icyphy/ptII/ptolemy/actor/lib/test/auto/functionClosureTest5.xml
----------------- Instantiating /home/travis/build/icyphy/ptII/ptolemy/actor/lib/test/auto/functionClosureTest5.xml
5 ms. Memory: 438272K Free: 294257K (67%)
----------------- Invoking toplevel() on ptolemy.moml.MoMLSimpleApplication@471db40e
----------------- Done invoking toplevel() on ptolemy.moml.MoMLSimpleApplication@471db40e
reloadAllAccessors: .functionClosureTest5

===========================================================================================
----------------- testing Sat Nov 30 06:27:36 UTC 2019 /home/travis/build/icyphy/ptII/ptolemy/actor/lib/test/auto/functionClosureTest6.xml
----------------- Instantiating /home/travis/build/icyphy/ptII/ptolemy/actor/lib/test/auto/functionClosureTest6.xml
2 ms. Memory: 438272K Free: 289665K (66%)
----------------- Invoking toplevel() on ptolemy.moml.MoMLSimpleApplication@fa41ce4
----------------- Done invoking toplevel() on ptolemy.moml.MoMLSimpleApplication@fa41ce4
reloadAllAccessors: .functionClosureTest6

===========================================================================================
----------------- testing Sat Nov 30 06:27:36 UTC 2019 /home/travis/build/icyphy/ptII/ptolemy/actor/lib/test/auto/functionsOnArcs.xml
----------------- Instantiating /home/travis/build/icyphy/ptII/ptolemy/actor/lib/test/auto/functionsOnArcs.xml
5 ms. Memory: 438272K Free: 284031K (65%)
----------------- Invoking toplevel() on ptolemy.moml.MoMLSimpleApplication@4e29aa40
----------------- Done invoking toplevel() on ptolemy.moml.MoMLSimpleApplication@4e29aa40
reloadAllAccessors: .functionsOnArcs

===========================================================================================
----------------- testing Sat Nov 30 06:27:36 UTC 2019 /home/travis/build/icyphy/ptII/ptolemy/actor/lib/test/auto/functionsOnArcsHOF.xml
----------------- Instantiating /home/travis/build/icyphy/ptII/ptolemy/actor/lib/test/auto/functionsOnArcsHOF.xml
4 ms. Memory: 438272K Free: 278401K (64%)
----------------- Invoking toplevel() on ptolemy.moml.MoMLSimpleApplication@4dd5f318
----------------- Done invoking toplevel() on ptolemy.moml.MoMLSimpleApplication@4dd5f318
reloadAllAccessors: .functionsOnArcsHOF

===========================================================================================
----------------- testing Sat Nov 30 06:27:36 UTC 2019 /home/travis/build/icyphy/ptII/ptolemy/actor/lib/test/auto/logic.xml
----------------- Instantiating /home/travis/build/icyphy/ptII/ptolemy/actor/lib/test/auto/logic.xml
2 ms. Memory: 438272K Free: 271233K (62%)
----------------- Invoking toplevel() on ptolemy.moml.MoMLSimpleApplication@29bc33ea
----------------- Done invoking toplevel() on ptolemy.moml.MoMLSimpleApplication@29bc33ea
reloadAllAccessors: .logic

===========================================================================================
----------------- testing Sat Nov 30 06:27:36 UTC 2019 /home/travis/build/icyphy/ptII/ptolemy/actor/lib/test/auto/matrixType.xml
----------------- Instantiating /home/travis/build/icyphy/ptII/ptolemy/actor/lib/test/auto/matrixType.xml
2 ms. Memory: 438272K Free: 265599K (61%)
----------------- Invoking toplevel() on ptolemy.moml.MoMLSimpleApplication@5f74e982
----------------- Done invoking toplevel() on ptolemy.moml.MoMLSimpleApplication@5f74e982
reloadAllAccessors: .matrixType

===========================================================================================
----------------- testing Sat Nov 30 06:27:36 UTC 2019 /home/travis/build/icyphy/ptII/ptolemy/actor/lib/test/auto/matrixType10.xml
----------------- Instantiating /home/travis/build/icyphy/ptII/ptolemy/actor/lib/test/auto/matrixType10.xml
2 ms. Memory: 438272K Free: 260993K (60%)
----------------- Invoking toplevel() on ptolemy.moml.MoMLSimpleApplication@1b11eb6f
----------------- Done invoking toplevel() on ptolemy.moml.MoMLSimpleApplication@1b11eb6f
reloadAllAccessors: .matrixType10

===========================================================================================
----------------- testing Sat Nov 30 06:27:36 UTC 2019 /home/travis/build/icyphy/ptII/ptolemy/actor/lib/test/auto/matrixType11.xml
----------------- Instantiating /home/travis/build/icyphy/ptII/ptolemy/actor/lib/test/auto/matrixType11.xml
1 ms. Memory: 438272K Free: 256383K (58%)
----------------- Invoking toplevel() on ptolemy.moml.MoMLSimpleApplication@680b568b
----------------- Done invoking toplevel() on ptolemy.moml.MoMLSimpleApplication@680b568b
reloadAllAccessors: .matrixType11

===========================================================================================
----------------- testing Sat Nov 30 06:27:36 UTC 2019 /home/travis/build/icyphy/ptII/ptolemy/actor/lib/test/auto/matrixType12.xml
----------------- Instantiating /home/travis/build/icyphy/ptII/ptolemy/actor/lib/test/auto/matrixType12.xml
1 ms. Memory: 438272K Free: 251263K (57%)
----------------- Invoking toplevel() on ptolemy.moml.MoMLSimpleApplication@23fbe421
----------------- Done invoking toplevel() on ptolemy.moml.MoMLSimpleApplication@23fbe421
reloadAllAccessors: .matrixType12

===========================================================================================
----------------- testing Sat Nov 30 06:27:36 UTC 2019 /home/travis/build/icyphy/ptII/ptolemy/actor/lib/test/auto/matrixType13.xml
----------------- Instantiating /home/travis/build/icyphy/ptII/ptolemy/actor/lib/test/auto/matrixType13.xml
1 ms. Memory: 438272K Free: 246657K (56%)
----------------- Invoking toplevel() on ptolemy.moml.MoMLSimpleApplication@739b13c5
----------------- Done invoking toplevel() on ptolemy.moml.MoMLSimpleApplication@739b13c5
reloadAllAccessors: .matrixType13

===========================================================================================
----------------- testing Sat Nov 30 06:27:36 UTC 2019 /home/travis/build/icyphy/ptII/ptolemy/actor/lib/test/auto/matrixType14.xml
----------------- Instantiating /home/travis/build/icyphy/ptII/ptolemy/actor/lib/test/auto/matrixType14.xml
2 ms. Memory: 438272K Free: 242047K (55%)
----------------- Invoking toplevel() on ptolemy.moml.MoMLSimpleApplication@6cb9ab4
----------------- Done invoking toplevel() on ptolemy.moml.MoMLSimpleApplication@6cb9ab4
reloadAllAccessors: .matrixType14

===========================================================================================
----------------- testing Sat Nov 30 06:27:36 UTC 2019 /home/travis/build/icyphy/ptII/ptolemy/actor/lib/test/auto/matrixType2.xml
----------------- Instantiating /home/travis/build/icyphy/ptII/ptolemy/actor/lib/test/auto/matrixType2.xml
2 ms. Memory: 438272K Free: 236927K (54%)
----------------- Invoking toplevel() on ptolemy.moml.MoMLSimpleApplication@4bbbba2b
----------------- Done invoking toplevel() on ptolemy.moml.MoMLSimpleApplication@4bbbba2b
reloadAllAccessors: .matrixType2

===========================================================================================
----------------- testing Sat Nov 30 06:27:36 UTC 2019 /home/travis/build/icyphy/ptII/ptolemy/actor/lib/test/auto/matrixType3.xml
----------------- Instantiating /home/travis/build/icyphy/ptII/ptolemy/actor/lib/test/auto/matrixType3.xml
4 ms. Memory: 438272K Free: 232321K (53%)
----------------- Invoking toplevel() on ptolemy.moml.MoMLSimpleApplication@71c73322
----------------- Done invoking toplevel() on ptolemy.moml.MoMLSimpleApplication@71c73322
reloadAllAccessors: .matrixType3

===========================================================================================
----------------- testing Sat Nov 30 06:27:36 UTC 2019 /home/travis/build/icyphy/ptII/ptolemy/actor/lib/test/auto/matrixType4.xml
----------------- Instantiating /home/travis/build/icyphy/ptII/ptolemy/actor/lib/test/auto/matrixType4.xml
1 ms. Memory: 438272K Free: 227711K (52%)
----------------- Invoking toplevel() on ptolemy.moml.MoMLSimpleApplication@1ed9adba
----------------- Done invoking toplevel() on ptolemy.moml.MoMLSimpleApplication@1ed9adba
reloadAllAccessors: .matrixType4

===========================================================================================
----------------- testing Sat Nov 30 06:27:36 UTC 2019 /home/travis/build/icyphy/ptII/ptolemy/actor/lib/test/auto/matrixType5.xml
----------------- Instantiating /home/travis/build/icyphy/ptII/ptolemy/actor/lib/test/auto/matrixType5.xml
1 ms. Memory: 438272K Free: 222591K (51%)
----------------- Invoking toplevel() on ptolemy.moml.MoMLSimpleApplication@2580a1d7
----------------- Done invoking toplevel() on ptolemy.moml.MoMLSimpleApplication@2580a1d7
reloadAllAccessors: .matrixType5

===========================================================================================
----------------- testing Sat Nov 30 06:27:36 UTC 2019 /home/travis/build/icyphy/ptII/ptolemy/actor/lib/test/auto/matrixType6.xml
----------------- Instantiating /home/travis/build/icyphy/ptII/ptolemy/actor/lib/test/auto/matrixType6.xml
1 ms. Memory: 438272K Free: 217985K (50%)
----------------- Invoking toplevel() on ptolemy.moml.MoMLSimpleApplication@3dc06231
----------------- Done invoking toplevel() on ptolemy.moml.MoMLSimpleApplication@3dc06231
reloadAllAccessors: .matrixType6

===========================================================================================
----------------- testing Sat Nov 30 06:27:36 UTC 2019 /home/travis/build/icyphy/ptII/ptolemy/actor/lib/test/auto/matrixType7.xml
----------------- Instantiating /home/travis/build/icyphy/ptII/ptolemy/actor/lib/test/auto/matrixType7.xml
2 ms. Memory: 438272K Free: 212865K (49%)
----------------- Invoking toplevel() on ptolemy.moml.MoMLSimpleApplication@37ed88bb
----------------- Done invoking toplevel() on ptolemy.moml.MoMLSimpleApplication@37ed88bb
reloadAllAccessors: .matrixType7

===========================================================================================
----------------- testing Sat Nov 30 06:27:36 UTC 2019 /home/travis/build/icyphy/ptII/ptolemy/actor/lib/test/auto/matrixType8.xml
----------------- Instantiating /home/travis/build/icyphy/ptII/ptolemy/actor/lib/test/auto/matrixType8.xml
1 ms. Memory: 438272K Free: 208255K (48%)
----------------- Invoking toplevel() on ptolemy.moml.MoMLSimpleApplication@771aaa24
----------------- Done invoking toplevel() on ptolemy.moml.MoMLSimpleApplication@771aaa24
reloadAllAccessors: .matrixType8

===========================================================================================
----------------- testing Sat Nov 30 06:27:36 UTC 2019 /home/travis/build/icyphy/ptII/ptolemy/actor/lib/test/auto/matrixType9.xml
----------------- Instantiating /home/travis/build/icyphy/ptII/ptolemy/actor/lib/test/auto/matrixType9.xml
1 ms. Memory: 438272K Free: 203649K (46%)
----------------- Invoking toplevel() on ptolemy.moml.MoMLSimpleApplication@520ab0f0
----------------- Done invoking toplevel() on ptolemy.moml.MoMLSimpleApplication@520ab0f0
reloadAllAccessors: .matrixType9

===========================================================================================
----------------- testing Sat Nov 30 06:27:36 UTC 2019 /home/travis/build/icyphy/ptII/ptolemy/actor/lib/test/auto/paraFunctest.xml
----------------- Instantiating /home/travis/build/icyphy/ptII/ptolemy/actor/lib/test/auto/paraFunctest.xml
2 ms. Memory: 438272K Free: 199553K (46%)
----------------- Invoking toplevel() on ptolemy.moml.MoMLSimpleApplication@1a56d5d9
----------------- Done invoking toplevel() on ptolemy.moml.MoMLSimpleApplication@1a56d5d9
reloadAllAccessors: .paraFunctest

===========================================================================================
----------------- testing Sat Nov 30 06:27:36 UTC 2019 /home/travis/build/icyphy/ptII/ptolemy/actor/lib/test/auto/paraFunctest2.xml
----------------- Instantiating /home/travis/build/icyphy/ptII/ptolemy/actor/lib/test/auto/paraFunctest2.xml
2 ms. Memory: 438272K Free: 194943K (44%)
----------------- Invoking toplevel() on ptolemy.moml.MoMLSimpleApplication@2c7f63e4
----------------- Done invoking toplevel() on ptolemy.moml.MoMLSimpleApplication@2c7f63e4
reloadAllAccessors: .paraFunctest2

===========================================================================================
----------------- testing Sat Nov 30 06:27:36 UTC 2019 /home/travis/build/icyphy/ptII/ptolemy/actor/lib/test/auto/parameterPassing.xml
----------------- Instantiating /home/travis/build/icyphy/ptII/ptolemy/actor/lib/test/auto/parameterPassing.xml
1 ms. Memory: 438272K Free: 190337K (43%)
----------------- Invoking toplevel() on ptolemy.moml.MoMLSimpleApplication@46af1744
----------------- Done invoking toplevel() on ptolemy.moml.MoMLSimpleApplication@46af1744
reloadAllAccessors: .parameterPassing

===========================================================================================
----------------- testing Sat Nov 30 06:27:36 UTC 2019 /home/travis/build/icyphy/ptII/ptolemy/actor/lib/test/auto/record.xml
----------------- Instantiating /home/travis/build/icyphy/ptII/ptolemy/actor/lib/test/auto/record.xml
3 ms. Memory: 438272K Free: 185727K (42%)
----------------- Invoking toplevel() on ptolemy.moml.MoMLSimpleApplication@713776eb
----------------- Done invoking toplevel() on ptolemy.moml.MoMLSimpleApplication@713776eb
reloadAllAccessors: .record

===========================================================================================
----------------- testing Sat Nov 30 06:27:36 UTC 2019 /home/travis/build/icyphy/ptII/ptolemy/actor/lib/test/auto/sizedarray1.xml
----------------- Instantiating /home/travis/build/icyphy/ptII/ptolemy/actor/lib/test/auto/sizedarray1.xml
3 ms. Memory: 438272K Free: 180607K (41%)
----------------- Invoking toplevel() on ptolemy.moml.MoMLSimpleApplication@4497c17a
----------------- Done invoking toplevel() on ptolemy.moml.MoMLSimpleApplication@4497c17a
reloadAllAccessors: .sizedarray1

===========================================================================================
----------------- testing Sat Nov 30 06:27:36 UTC 2019 /home/travis/build/icyphy/ptII/ptolemy/actor/lib/test/auto/sizedarray2.xml
----------------- Instantiating /home/travis/build/icyphy/ptII/ptolemy/actor/lib/test/auto/sizedarray2.xml
2 ms. Memory: 438272K Free: 174977K (40%)
----------------- Invoking toplevel() on ptolemy.moml.MoMLSimpleApplication@61d40685
----------------- Done invoking toplevel() on ptolemy.moml.MoMLSimpleApplication@61d40685
reloadAllAccessors: .sizedarray2

===========================================================================================
----------------- testing Sat Nov 30 06:27:36 UTC 2019 /home/travis/build/icyphy/ptII/ptolemy/actor/lib/test/auto/twoPublishers.xml
----------------- Instantiating /home/travis/build/icyphy/ptII/ptolemy/actor/lib/test/auto/twoPublishers.xml
4 ms. Memory: 438272K Free: 164223K (37%)
----------------- Invoking toplevel() on ptolemy.moml.MoMLSimpleApplication@663c8951
----------------- Done invoking toplevel() on ptolemy.moml.MoMLSimpleApplication@663c8951
reloadAllAccessors: .twoPublishers
AutoTests.java: About to close Vertx.
AutoTests.java: Vertx closed.
]]></system-out>
  <system-err><![CDATA[java.lang.RuntimeException: Execution failed
	at ptolemy.moml.MoMLSimpleApplication$UnloadThread.run(MoMLSimpleApplication.java:402)
Caused by: java.lang.RuntimeException: StringUtilities.exit() was called. Normally, we would exit here because Manager.exitAfterWrapup() was called.  However, because the ptolemy.ptII.exitAfterWrapup property is set, we throw this exception instead.
	at ptolemy.util.StringUtilities.exit(StringUtilities.java:365)
	at ptolemy.actor.Manager.wrapup(Manager.java:1549)
	at ptolemy.actor.Manager.execute(Manager.java:407)
	at ptolemy.actor.Manager.run(Manager.java:1263)
	at ptolemy.actor.Manager$PtolemyRunThread.run(Manager.java:1933)
Warning: '.top.test' is in training mode, set the trainingMode parameter to false before checking in
Warning: '.top.test' is in training mode, set the trainingMode parameter to false before checking in
Warning: '.top.test' is in training mode, set the trainingMode parameter to false before checking in
Warning: '.BooleanSwitch_RegressionTest_WrongTrainingValues.Test' is in training mode, set the trainingMode parameter to false before checking in
Warning: '.BooleanSwitch_RegressionTest_WrongTrainingValues.Test2' is in training mode, set the trainingMode parameter to false before checking in
Warning: '.BooleanSwitch_RegressionTest_WrongTrainingValues.Test2' The test produced 0 tokens.
Warning: '.top.testExceptionHandler' is in training mode, set the trainingMode parameter to false before checking in
java.lang.RuntimeException: Execution failed
	at ptolemy.moml.MoMLSimpleApplication$UnloadThread.run(MoMLSimpleApplication.java:402)
Caused by: ptolemy.kernel.util.IllegalActionException: PublisherPorts cannot be used at the top level, use a Publisher actor instead.
  in .PublisherPortToplevelSubscriber.PublisherPort
	at ptolemy.actor.PublisherPort.preinitialize(PublisherPort.java:403)
	at ptolemy.actor.CompositeActor.preinitialize(CompositeActor.java:1769)
	at ptolemy.actor.Manager.preinitializeAndResolveTypes(Manager.java:1040)
	at ptolemy.actor.Manager.initialize(Manager.java:710)
	at ptolemy.actor.Manager.execute(Manager.java:356)
	at ptolemy.actor.Manager.run(Manager.java:1263)
	at ptolemy.actor.Manager$PtolemyRunThread.run(Manager.java:1933)
java.lang.reflect.InvocationTargetException
	at java.base/jdk.internal.reflect.NativeConstructorAccessorImpl.newInstance0(Native Method)
	at java.base/jdk.internal.reflect.NativeConstructorAccessorImpl.newInstance(NativeConstructorAccessorImpl.java:62)
	at java.base/jdk.internal.reflect.DelegatingConstructorAccessorImpl.newInstance(DelegatingConstructorAccessorImpl.java:45)
	at java.base/java.lang.reflect.Constructor.newInstance(Constructor.java:490)
	at ptolemy.util.test.junit.AutoKnownFailedTests.RunModel(AutoKnownFailedTests.java:105)
	at java.base/jdk.internal.reflect.NativeMethodAccessorImpl.invoke0(Native Method)
	at java.base/jdk.internal.reflect.NativeMethodAccessorImpl.invoke(NativeMethodAccessorImpl.java:62)
	at java.base/jdk.internal.reflect.DelegatingMethodAccessorImpl.invoke(DelegatingMethodAccessorImpl.java:43)
	at java.base/java.lang.reflect.Method.invoke(Method.java:566)
	at org.junit.runners.model.FrameworkMethod$1.runReflectiveCall(FrameworkMethod.java:44)
	at org.junit.internal.runners.model.ReflectiveCallable.run(ReflectiveCallable.java:15)
	at org.junit.runners.model.FrameworkMethod.invokeExplosively(FrameworkMethod.java:41)
	at junitparams.internal.InvokeParameterisedMethod.evaluate(InvokeParameterisedMethod.java:102)
	at org.junit.internal.runners.statements.FailOnTimeout$1.run(FailOnTimeout.java:28)
Caused by: ptolemy.kernel.util.IllegalActionException: PublisherPorts cannot be used at the top level, use a Publisher actor instead.
  in .PublisherPortToplevelSubscriber.PublisherPort
	at ptolemy.actor.PublisherPort.preinitialize(PublisherPort.java:403)
	at ptolemy.actor.CompositeActor.preinitialize(CompositeActor.java:1769)
	at ptolemy.actor.Manager.preinitializeAndResolveTypes(Manager.java:1040)
	at ptolemy.actor.Manager.initialize(Manager.java:710)
	at ptolemy.actor.Manager.execute(Manager.java:356)
	at ptolemy.actor.Manager.run(Manager.java:1263)
	at ptolemy.actor.Manager$PtolemyRunThread.run(Manager.java:1933)
java.lang.RuntimeException: Execution failed
	at ptolemy.moml.MoMLSimpleApplication$UnloadThread.run(MoMLSimpleApplication.java:402)
Caused by: ptolemy.kernel.util.IllegalActionException: SubscriberPorts cannot be used at the top level, use a Subscriber actor instead.
  in .PublisherSubscriberPortToplevel.SubscriberPort
	at ptolemy.actor.SubscriberPort.preinitialize(SubscriberPort.java:328)
	at ptolemy.actor.CompositeActor.preinitialize(CompositeActor.java:1769)
	at ptolemy.actor.Manager.preinitializeAndResolveTypes(Manager.java:1040)
	at ptolemy.actor.Manager.initialize(Manager.java:710)
	at ptolemy.actor.Manager.execute(Manager.java:356)
	at ptolemy.actor.Manager.run(Manager.java:1263)
	at ptolemy.actor.Manager$PtolemyRunThread.run(Manager.java:1933)
java.lang.reflect.InvocationTargetException
	at java.base/jdk.internal.reflect.NativeConstructorAccessorImpl.newInstance0(Native Method)
	at java.base/jdk.internal.reflect.NativeConstructorAccessorImpl.newInstance(NativeConstructorAccessorImpl.java:62)
	at java.base/jdk.internal.reflect.DelegatingConstructorAccessorImpl.newInstance(DelegatingConstructorAccessorImpl.java:45)
	at java.base/java.lang.reflect.Constructor.newInstance(Constructor.java:490)
	at ptolemy.util.test.junit.AutoKnownFailedTests.RunModel(AutoKnownFailedTests.java:105)
	at java.base/jdk.internal.reflect.NativeMethodAccessorImpl.invoke0(Native Method)
	at java.base/jdk.internal.reflect.NativeMethodAccessorImpl.invoke(NativeMethodAccessorImpl.java:62)
	at java.base/jdk.internal.reflect.DelegatingMethodAccessorImpl.invoke(DelegatingMethodAccessorImpl.java:43)
	at java.base/java.lang.reflect.Method.invoke(Method.java:566)
	at org.junit.runners.model.FrameworkMethod$1.runReflectiveCall(FrameworkMethod.java:44)
	at org.junit.internal.runners.model.ReflectiveCallable.run(ReflectiveCallable.java:15)
	at org.junit.runners.model.FrameworkMethod.invokeExplosively(FrameworkMethod.java:41)
	at junitparams.internal.InvokeParameterisedMethod.evaluate(InvokeParameterisedMethod.java:102)
	at org.junit.internal.runners.statements.FailOnTimeout$1.run(FailOnTimeout.java:28)
Caused by: ptolemy.kernel.util.IllegalActionException: SubscriberPorts cannot be used at the top level, use a Subscriber actor instead.
  in .PublisherSubscriberPortToplevel.SubscriberPort
	at ptolemy.actor.SubscriberPort.preinitialize(SubscriberPort.java:328)
	at ptolemy.actor.CompositeActor.preinitialize(CompositeActor.java:1769)
	at ptolemy.actor.Manager.preinitializeAndResolveTypes(Manager.java:1040)
	at ptolemy.actor.Manager.initialize(Manager.java:710)
	at ptolemy.actor.Manager.execute(Manager.java:356)
	at ptolemy.actor.Manager.run(Manager.java:1263)
	at ptolemy.actor.Manager$PtolemyRunThread.run(Manager.java:1933)
java.lang.RuntimeException: Execution failed
	at ptolemy.moml.MoMLSimpleApplication$UnloadThread.run(MoMLSimpleApplication.java:402)
Caused by: ptolemy.kernel.util.IllegalActionException: SubscriptionAggregatorPorts cannot be used at the top level, use a SubscriptionAggregator actor instead.
  in .PublisherSubscriptionAggregatorPort.SubscriptionAggregatorPort
	at ptolemy.actor.SubscriptionAggregatorPort.preinitialize(SubscriptionAggregatorPort.java:353)
	at ptolemy.actor.CompositeActor.preinitialize(CompositeActor.java:1769)
	at ptolemy.actor.Manager.preinitializeAndResolveTypes(Manager.java:1040)
	at ptolemy.actor.Manager.initialize(Manager.java:710)
	at ptolemy.actor.Manager.execute(Manager.java:356)
	at ptolemy.actor.Manager.run(Manager.java:1263)
	at ptolemy.actor.Manager$PtolemyRunThread.run(Manager.java:1933)
java.lang.reflect.InvocationTargetException
	at java.base/jdk.internal.reflect.NativeConstructorAccessorImpl.newInstance0(Native Method)
	at java.base/jdk.internal.reflect.NativeConstructorAccessorImpl.newInstance(NativeConstructorAccessorImpl.java:62)
	at java.base/jdk.internal.reflect.DelegatingConstructorAccessorImpl.newInstance(DelegatingConstructorAccessorImpl.java:45)
	at java.base/java.lang.reflect.Constructor.newInstance(Constructor.java:490)
	at ptolemy.util.test.junit.AutoKnownFailedTests.RunModel(AutoKnownFailedTests.java:105)
	at java.base/jdk.internal.reflect.NativeMethodAccessorImpl.invoke0(Native Method)
	at java.base/jdk.internal.reflect.NativeMethodAccessorImpl.invoke(NativeMethodAccessorImpl.java:62)
	at java.base/jdk.internal.reflect.DelegatingMethodAccessorImpl.invoke(DelegatingMethodAccessorImpl.java:43)
	at java.base/java.lang.reflect.Method.invoke(Method.java:566)
	at org.junit.runners.model.FrameworkMethod$1.runReflectiveCall(FrameworkMethod.java:44)
	at org.junit.internal.runners.model.ReflectiveCallable.run(ReflectiveCallable.java:15)
	at org.junit.runners.model.FrameworkMethod.invokeExplosively(FrameworkMethod.java:41)
	at junitparams.internal.InvokeParameterisedMethod.evaluate(InvokeParameterisedMethod.java:102)
	at org.junit.internal.runners.statements.FailOnTimeout$1.run(FailOnTimeout.java:28)
Caused by: ptolemy.kernel.util.IllegalActionException: SubscriptionAggregatorPorts cannot be used at the top level, use a SubscriptionAggregator actor instead.
  in .PublisherSubscriptionAggregatorPort.SubscriptionAggregatorPort
	at ptolemy.actor.SubscriptionAggregatorPort.preinitialize(SubscriptionAggregatorPort.java:353)
	at ptolemy.actor.CompositeActor.preinitialize(CompositeActor.java:1769)
	at ptolemy.actor.Manager.preinitializeAndResolveTypes(Manager.java:1040)
	at ptolemy.actor.Manager.initialize(Manager.java:710)
	at ptolemy.actor.Manager.execute(Manager.java:356)
	at ptolemy.actor.Manager.run(Manager.java:1263)
	at ptolemy.actor.Manager$PtolemyRunThread.run(Manager.java:1933)
java.lang.RuntimeException: Execution failed
	at ptolemy.moml.MoMLSimpleApplication$UnloadThread.run(MoMLSimpleApplication.java:402)
Caused by: ptolemy.kernel.util.IllegalActionException: TypeTest actor has no training data.
  in .sizedarray3.TypeTest
	at ptolemy.actor.lib.TypeTest.initialize(TypeTest.java:250)
	at ptolemy.actor.Director.initialize(Director.java:938)
	at ptolemy.actor.Director.initialize(Director.java:907)
	at ptolemy.actor.sched.StaticSchedulingDirector.initialize(StaticSchedulingDirector.java:159)
	at ptolemy.domains.sdf.kernel.SDFDirector.initialize(SDFDirector.java:544)
	at ptolemy.actor.CompositeActor.initialize(CompositeActor.java:935)
	at ptolemy.actor.Manager.initialize(Manager.java:724)
	at ptolemy.actor.Manager.execute(Manager.java:356)
	at ptolemy.actor.Manager.run(Manager.java:1263)
	at ptolemy.actor.Manager$PtolemyRunThread.run(Manager.java:1933)
java.lang.reflect.InvocationTargetException
	at java.base/jdk.internal.reflect.NativeConstructorAccessorImpl.newInstance0(Native Method)
	at java.base/jdk.internal.reflect.NativeConstructorAccessorImpl.newInstance(NativeConstructorAccessorImpl.java:62)
	at java.base/jdk.internal.reflect.DelegatingConstructorAccessorImpl.newInstance(DelegatingConstructorAccessorImpl.java:45)
	at java.base/java.lang.reflect.Constructor.newInstance(Constructor.java:490)
	at ptolemy.util.test.junit.AutoKnownFailedTests.RunModel(AutoKnownFailedTests.java:105)
	at java.base/jdk.internal.reflect.NativeMethodAccessorImpl.invoke0(Native Method)
	at java.base/jdk.internal.reflect.NativeMethodAccessorImpl.invoke(NativeMethodAccessorImpl.java:62)
	at java.base/jdk.internal.reflect.DelegatingMethodAccessorImpl.invoke(DelegatingMethodAccessorImpl.java:43)
	at java.base/java.lang.reflect.Method.invoke(Method.java:566)
	at org.junit.runners.model.FrameworkMethod$1.runReflectiveCall(FrameworkMethod.java:44)
	at org.junit.internal.runners.model.ReflectiveCallable.run(ReflectiveCallable.java:15)
	at org.junit.runners.model.FrameworkMethod.invokeExplosively(FrameworkMethod.java:41)
	at junitparams.internal.InvokeParameterisedMethod.evaluate(InvokeParameterisedMethod.java:102)
	at org.junit.internal.runners.statements.FailOnTimeout$1.run(FailOnTimeout.java:28)
Caused by: ptolemy.kernel.util.IllegalActionException: TypeTest actor has no training data.
  in .sizedarray3.TypeTest
	at ptolemy.actor.lib.TypeTest.initialize(TypeTest.java:250)
	at ptolemy.actor.Director.initialize(Director.java:938)
	at ptolemy.actor.Director.initialize(Director.java:907)
	at ptolemy.actor.sched.StaticSchedulingDirector.initialize(StaticSchedulingDirector.java:159)
	at ptolemy.domains.sdf.kernel.SDFDirector.initialize(SDFDirector.java:544)
	at ptolemy.actor.CompositeActor.initialize(CompositeActor.java:935)
	at ptolemy.actor.Manager.initialize(Manager.java:724)
	at ptolemy.actor.Manager.execute(Manager.java:356)
	at ptolemy.actor.Manager.run(Manager.java:1263)
	at ptolemy.actor.Manager$PtolemyRunThread.run(Manager.java:1933)
]]></system-err>
</testsuite>
