<?xml version="1.0" encoding="UTF-8" ?>
<testsuite errors="0" failures="0" hostname="travis-job-484cc87b-8490-4c6d-97d0-271ef39abe6f" name="ptolemy.actor.lib.test.junit.JUnitTclTest" skipped="0" tests="517" time="59.722" timestamp="2019-05-23T04:22:03">
  <properties>
    <property name="npm.executable" value="npm" />
    <property name="file.encoding.pkg" value="sun.io" />
    <property name="env.TRAVIS_ROOT" value="/" />
    <property name="ptII.mk.exists" value="true" />
    <property name="env.TRAVIS_APP_HOST" value="build.travis-ci.org" />
    <property name="env.rvm_bin_path" value="/home/travis/.rvm/bin" />
    <property name="java.home" value="/usr/lib/jvm/java-8-oracle/jre" />
    <property name="env.TRAVIS_JOB_NUMBER" value="1140.8" />
    <property name="env.TRAVIS_HOME" value="/home/travis" />
    <property name="env.DISPLAY" value=":99.0" />
    <property name="java.net.preferIPv4Stack" value="true" />
    <property name="env.TRAVIS_INIT" value="upstart" />
    <property name="env.SSH_TTY" value="/dev/pts/0" />
    <property name="env.RUN_TESTS" value="true" />
    <property name="timeout.short" value="1000000" />
    <property name="env.TRAVIS_JOB_NAME" value="" />
    <property name="env.TRAVIS_STACK_NODE_ATTRIBUTES" value="/.node-attributes.yml" />
    <property name="junit.formatter" value="xml" />
    <property name="java.endorsed.dirs" value="/usr/lib/jvm/java-8-oracle/jre/lib/endorsed" />
    <property name="env.TRAVIS_SUDO" value="true" />
    <property name="env.LOGNAME" value="travis" />
    <property name="env.PT_TRAVIS_TEST_CORE1_XML" value="true" />
    <property name="jsdoc.home" value="node_modules/@terraswarm/jsdoc" />
    <property name="debuglevel" value="source,lines,vars" />
    <property name="checkstyle.formatter" value="xml" />
    <property name="bin.vergil.makeable" value="true" />
    <property name="env._system_version" value="14.04" />
    <property name="sun.os.patch.level" value="unknown" />
    <property name="java.vendor.url" value="http://java.oracle.com/" />
    <property name="env.TRAVIS_BUILD_WEB_URL" value="https://travis-ci.org/icyphy/ptII/builds/536088794" />
    <property name="java.version" value="1.8.0_151" />
    <property name="env.TZ" value="UTC" />
    <property name="env.PT_NO_NET" value="true" />
    <property name="env.TRAVIS_PULL_REQUEST_SHA" value="" />
    <property name="env.TRAVIS_SECURE_ENV_VARS" value="true" />
    <property name="env._system_type" value="Linux" />
    <property name="java.vendor.url.bug" value="http://bugreport.sun.com/bugreport/" />
    <property name="env.SSH_CLIENT" value="10.10.19.229 49994 22" />
    <property name="npmjs-org-is-up" value="true" />
    <property name="env.GEM_HOME" value="/home/travis/.rvm/gems/ruby-2.4.1" />
    <property name="env.HAS_ANTARES_THREE_LITTLE_FRONZIES_BADGE" value="true" />
    <property name="env.PS4" value="+" />
    <property name="ant.project.invoked-targets" value="build,test.core1.xml" />
    <property name="env.TRAVIS_PULL_REQUEST_BRANCH" value="" />
    <property name="env.TRAVIS_REPO_SLUG" value="icyphy/ptII" />
    <property name="env.TRAVIS_APT_PROXY" value="http://build-cache.travisci.net" />
    <property name="node.in.path" value="true" />
    <property name="java.maxmemory" value="1400m" />
    <property name="env.RUBY_VERSION" value="ruby-2.4.1" />
    <property name="user.name" value="travis" />
    <property name="env.LANG" value="en_US.UTF-8" />
    <property name="sun.io.unicode.encoding" value="UnicodeLittle" />
    <property name="sun.jnu.encoding" value="UTF-8" />
    <property name="java.runtime.name" value="Java(TM) SE Runtime Environment" />
    <property name="usefile" value="false" />
    <property name="return.code" value="0" />
    <property name="junit.single.formatter" value="plain" />
    <property name="env.DEBIAN_FRONTEND" value="noninteractive" />
    <property name="env.SSH_CONNECTION" value="10.10.19.229 49994 10.20.0.44 22" />
    <property name="env.MYSQL_UNIX_PORT" value="/var/run/mysqld/mysqld.sock" />
    <property name="env.TRAVIS_ALLOW_FAILURE" value="false" />
    <property name="env.LC_ALL" value="en_US.UTF-8" />
    <property name="env.TRAVIS_JOB_WEB_URL" value="https://travis-ci.org/icyphy/ptII/jobs/536088802" />
    <property name="java.specification.name" value="Java Platform API Specification" />
    <property name="node.works" value="true" />
    <property name="user.timezone" value="" />
    <property name="path.separator" value=":" />
    <property name="env.TRAVIS_ENABLE_INFRA_DETECTION" value="true" />
    <property name="env.PYTHON_CFLAGS" value="-g -fstack-protector --param=ssp-buffer-size=4 -Wformat -Werror=format-security" />
    <property name="timeout.long" value="4000000" />
    <property name="file.encoding" value="UTF-8" />
    <property name="ant.file.ptII" value="/home/travis/build/icyphy/ptII/build.xml" />
    <property name="javadoc.packagenames" value="com.*,diva.*,lbnl.*,org.hlacerti.*,org.json.*,org.ptolemy.*,org.terraswarm.*,ptolemy.*,ptserver.*" />
    <property name="env.TRAVIS_PULL_REQUEST_SLUG" value="" />
    <property name="ant.project.default-target" value="build" />
    <property name="env.GIT_ASKPASS" value="echo" />
    <property name="env.HOME" value="/home/travis" />
    <property name="sun.java.command" value="org.apache.tools.ant.taskdefs.optional.junit.JUnitTestRunner ptolemy.actor.lib.test.junit.JUnitTclTest skipNonTests=false filtertrace=true haltOnError=false haltOnFailure=false formatter=org.apache.tools.ant.taskdefs.optional.junit.OutErrSummaryJUnitResultFormatter showoutput=true outputtoformatters=true logfailedtests=true threadid=0 logtestlistenerevents=false formatter=org.apache.tools.ant.taskdefs.optional.junit.XMLJUnitResultFormatter,/home/travis/build/icyphy/ptII/reports/junit/TEST-ptolemy.actor.lib.test.junit.JUnitTclTest.xml crashfile=/home/travis/build/icyphy/ptII/junitvmwatcher696942442813582925.properties propsfile=/home/travis/build/icyphy/ptII/junit7417452256870863486.properties" />
    <property name="env.MANPATH" value="/home/travis/.nvm/versions/node/v7.10.1/share/man:/home/travis/.kiex/elixirs/elixir-1.4.5/man:/home/travis/.rvm/rubies/ruby-2.4.1/share/man:/usr/local/man:/usr/local/cmake-3.9.2/man:/usr/local/clang-5.0.0/share/man:/usr/local/share/man:/usr/share/man:/home/travis/.rvm/man" />
    <property name="env.COMPOSER_NO_INTERACTION" value="1" />
    <property name="env.JDK_SWITCHER_DEFAULT" value="oraclejdk8" />
    <property name="env.TRAVIS_TIMER_ID" value="364246b4" />
    <property name="ant.file" value="/home/travis/build/icyphy/ptII/build.xml" />
    <property name="env.TRAVIS_COMMIT_RANGE" value="25358e19e906f8e9155807d44808777cd5710b63...03859736f61821d9cf596b8cb9a71eb7250d4667" />
    <property name="env._system_name" value="Ubuntu" />
    <property name="timeout" value="2400000" />
    <property name="ptII.classpath.optional.property" value="/home/travis/build/icyphy/ptII/lib/bsh-2.0b4.jar:/home/travis/build/icyphy/ptII/lib/ptCal.jar:/home/travis/build/icyphy/ptII/lib/java_cup.jar:/home/travis/build/icyphy/ptII/lib/saxon8.jar:/home/travis/build/icyphy/ptII/lib/saxon8-dom.jar:/home/travis/build/icyphy/ptII/lib/chic.jar:/home/travis/build/icyphy/ptII/lib/ptcolt.jar:/usr/lib/jvm/java-8-oracle/lib/tools.jar:/home/travis/build/icyphy/ptII/vendors/misc/itext/iText.jar:/home/travis/build/icyphy/ptII/lib/g4ltl.jar:/home/travis/build/icyphy/ptII/lib/StructuralCoder.jar:/home/travis/build/icyphy/ptII/vendors/jai-1_1_2_01/lib/jai_core.jar:/home/travis/build/icyphy/ptII/vendors/jai-1_1_2_01/lib/jai_codec.jar:/home/travis/build/icyphy/ptII/lib/jcerti.jar:/home/travis/build/icyphy/ptII/lib/javax.mail.jar:/home/travis/build/icyphy/ptII/vendors/JMF-2.1.1e/lib/jmf.jar:/home/travis/build/icyphy/ptII/lib/jna-4.0.0-variadic.jar:/home/travis/build/icyphy/ptII/vendors/misc/joystick/Joystick.jar:/home/travis/build/icyphy/ptII/lib/ptjacl.jar:/home/travis/build/icyphy/ptII/lib/jsoup-1.8.2.jar:/home/travis/build/icyphy/ptII/lib/junit-4.8.2.jar:/home/travis/build/icyphy/ptII/lib/JUnitParams-0.4.0.jar:/home/travis/build/icyphy/ptII/ptolemy/actor/lib/excel/jxl.jar:/home/travis/build/icyphy/ptII/lib/jython.jar:/home/travis/build/icyphy/ptII/lib/kieler.jar:/home/travis/build/icyphy/ptII/vendors/opencv/share/OpenCV/java/opencv-341.jar:/home/travis/build/icyphy/ptII/lib/oscP5.jar:/home/travis/build/icyphy/ptII/lib/nrjavaserial-3.11.0.devel.jar:/home/travis/build/icyphy/ptII/vendors/j3d/lib/j3dcore.jar:/home/travis/build/icyphy/ptII/vendors/j3d/lib/j3dutils.jar:/home/travis/build/icyphy/ptII/vendors/j3d/lib/vecmath.jar:/home/travis/build/icyphy/ptII/ptolemy/distributed/jini/jar/jini-core.jar:/home/travis/build/icyphy/ptII/ptolemy/distributed/jini/jar/jini-ext.jar:/home/travis/build/icyphy/ptII/ptolemy/distributed/jini/jar/sun-util.jar:/home/travis/build/icyphy/ptII/lib/protobuf-java-2.4.1.jar:/home/travis/build/icyphy/ptII/lib/org.eclipse.paho.client.mqttv3.jar:/home/travis/build/icyphy/ptII/lib/mapss.jar:/home/travis/build/icyphy/ptII/ptolemy/actor/ptalon/antlr/antlr.jar:/home/travis/build/icyphy/ptII/lib/JRI.jar:/home/travis/build/icyphy/ptII/lib/commons-lang-2.6.jar:/home/travis/build/icyphy/ptII/lib/commons-logging-1.1.1.jar:/home/travis/build/icyphy/ptII/lib/sootclasses.jar:/home/travis/build/icyphy/ptII/ptolemy/actor/lib/database/mysql-connector-java-5.1.6-bin.jar:/home/travis/build/icyphy/ptII/vendors/misc/sphinx4/sphinx4-data-5prealpha.jar:/home/travis/build/icyphy/ptII/vendors/misc/sphinx4/sphinx4-core-5prealpha.jar:/home/travis/build/icyphy/ptII/lib/PDFRenderer.jar:/home/travis/build/icyphy/ptII/lib/svgSalamander.jar:/home/travis/build/icyphy/ptII/lib/rsyntaxtextarea-2.6.0-SNAPSHOT.jar:/home/travis/build/icyphy/ptII/lib/hazelcast-3.8.2.jar:/home/travis/build/icyphy/ptII/lib/jackson-annotations-2.9.0.jar:/home/travis/build/icyphy/ptII/lib/jackson-core-2.9.3.jar:/home/travis/build/icyphy/ptII/lib/jackson-databind-2.9.3.jar:/home/travis/build/icyphy/ptII/lib/netty-buffer-4.1.19.Final.jar:/home/travis/build/icyphy/ptII/lib/netty-codec-4.1.19.Final.jar:/home/travis/build/icyphy/ptII/lib/netty-codec-dns-4.1.19.Final.jar:/home/travis/build/icyphy/ptII/lib/netty-codec-http-4.1.19.Final.jar:/home/travis/build/icyphy/ptII/lib/netty-codec-http2-4.1.19.Final.jar:/home/travis/build/icyphy/ptII/lib/netty-common-4.1.19.Final.jar:/home/travis/build/icyphy/ptII/lib/netty-handler-4.1.19.Final.jar:/home/travis/build/icyphy/ptII/lib/netty-resolver-4.1.19.Final.jar:/home/travis/build/icyphy/ptII/lib/netty-resolver-dns-4.1.19.Final.jar:/home/travis/build/icyphy/ptII/lib/netty-transport-4.1.19.Final.jar:/home/travis/build/icyphy/ptII/lib/vertx-codegen-3.5.1.jar:/home/travis/build/icyphy/ptII/lib/vertx-core-3.5.2-SNAPSHOT.jar:/home/travis/build/icyphy/ptII/lib/vertx-hazelcast-3.5.1.jar:/home/travis/build/icyphy/ptII/lib/vertx-lang-js-3.5.1.jar:/home/travis/build/icyphy/ptII/lib/vertx-service-proxy-3.5.1.jar:/home/travis/build/icyphy/ptII/lib/vertx-web-3.5.1.jar:/home/travis/build/icyphy/ptII/lib/slf4j-api-1.7.13.jar:/home/travis/build/icyphy/ptII/lib/slf4j-simple-1.7.13.jar:/home/travis/build/icyphy/ptII/lib/webcam-capture-0.3.12.jar:/home/travis/build/icyphy/ptII/lib/bridj-0.7.0.jar:/home/travis/build/icyphy/ptII/lib/xbjlib-1.1.0.nrjavaserial.jar" />
    <property name="test.batch" value="**/junit/*.java" />
    <property name="env._" value="/usr/bin/timeout" />
    <property name="java.io.tmpdir" value="/tmp" />
    <property name="env.TRAVIS_INTERNAL_RUBY_REGEX" value="^ruby-(2\.[0-4]\.[0-9]|1\.9\.3)" />
    <property name="user.language" value="en" />
    <property name="env.HISTCONTROL" value="ignoredups:ignorespace" />
    <property name="env.GOROOT" value="/home/travis/.gimme/versions/go1.7.4.linux.amd64" />
    <property name="line.separator" value="&#xa;" />
    <property name="target" value="1.8" />
    <property name="env.TRAVIS_BUILD_DIR" value="/home/travis/build/icyphy/ptII" />
    <property name="env.ANT_OPTS" value="-Xmx2048m" />
    <property name="ant.file.type" value="file" />
    <property name="ptolemy.ptII.batchMode" value="true" />
    <property name="env.HISTSIZE" value="1000" />
    <property name="env.MERB_ENV" value="test" />
    <property name="java.vm.info" value="mixed mode" />
    <property name="source" value="1.8" />
    <property name="java.vm.specification.name" value="Java Virtual Machine Specification" />
    <property name="env.TRAVIS_TEST_RESULT" value="0" />
    <property name="jsdoc.command" value="node_modules/@terraswarm/jsdoc/jsdoc.js" />
    <property name="npm.works" value="true" />
    <property name="cobertura.dir" value="/home/travis/build/icyphy/ptII/vendors/cobertura-2.0.3" />
    <property name="env.rvm_path" value="/home/travis/.rvm" />
    <property name="env.GEM_PATH" value="/home/travis/.rvm/gems/ruby-2.4.1:/home/travis/.rvm/gems/ruby-2.4.1@global" />
    <property name="env.LC_CTYPE" value="en_US.UTF-8" />
    <property name="java.awt.printerjob" value="sun.print.PSPrinterJob" />
    <property name="env.TRAVIS_CMD" value="$PTII/bin/ptIITravisBuild.sh $SECONDS" />
    <property name="env.TRAVIS_STACK_NAME" value="garnet" />
    <property name="env.TRAVIS_TIMER_START_TIME" value="1558584964466924308" />
    <property name="ant.version" value="Apache Ant(TM) version 1.10.1 compiled on February 2 2017" />
    <property name="ptII.reports" value="/home/travis/build/icyphy/ptII/reports" />
    <property name="env.TRAVIS_STACK_TIMESTAMP" value="2017-12-05 19:33:09 UTC" />
    <property name="ant.file.type.ptII" value="file" />
    <property name="env.RBENV_SHELL" value="bash" />
    <property name="os.name" value="Linux" />
    <property name="java.specification.vendor" value="Oracle Corporation" />
    <property name="env.rvm_version" value="1.29.3 (latest)" />
    <property name="env.TRAVIS_INFRA" value="gce" />
    <property name="env.TERM" value="xterm" />
    <property name="java.vm.name" value="Java HotSpot(TM) 64-Bit Server VM" />
    <property name="env.TRAVIS_BUILD_NUMBER" value="1140" />
    <property name="env.CI" value="true" />
    <property name="java.library.path" value="/usr/lib/jni:/usr/local/share/OpenCV/java/:/usr/share/OpenCV/java::/usr/java/packages/lib/amd64:/usr/lib64:/lib64:/lib:/usr/lib" />
    <property name="env.rvm_prefix" value="/home/travis" />
    <property name="env.PATH" value="/home/travis/.rvm/gems/ruby-2.4.1/bin:/home/travis/.rvm/gems/ruby-2.4.1@global/bin:/home/travis/.rvm/rubies/ruby-2.4.1/bin:/home/travis/.rvm/bin:/home/travis/.nvm/versions/node/v7.10.1/bin:./node_modules/.bin:/home/travis/build/icyphy/ptII/bin:/home/travis/pthla/certi-tools/bin:/home/travis/bin:/home/travis/.local/bin:/opt/pyenv/shims:/home/travis/.phpenv/shims:/home/travis/perl5/perlbrew/bin:/home/travis/.kiex/elixirs/elixir-1.4.5/bin:/home/travis/.kiex/bin:/home/travis/gopath/bin:/home/travis/.gimme/versions/go1.7.4.linux.amd64/bin:/usr/local/phantomjs/bin:/usr/local/phantomjs:/usr/local/neo4j-3.2.7/bin:/usr/local/maven-3.5.2/bin:/usr/local/cmake-3.9.2/bin:/usr/local/clang-5.0.0/bin:/usr/local/sbin:/usr/local/bin:/usr/sbin:/usr/bin:/sbin:/bin:/home/travis/.phpenv/bin:/opt/pyenv/bin:/home/travis/.yarn/bin" />
    <property name="env.TRAVIS_OS_NAME" value="linux" />
    <property name="ant.java.version" value="1.8" />
    <property name="basedir" value="/home/travis/build/icyphy/ptII" />
    <property name="java.class.version" value="52.0" />
    <property name="env.SHLVL" value="3" />
    <property name="env.LD_LIBRARY_PATH" value="/usr/lib/jni:/usr/local/share/OpenCV/java/:/usr/share/OpenCV/java:" />
    <property name="env.RACK_ENV" value="test" />
    <property name="ant.home" value="/home/travis/build/icyphy/ptII/ant" />
    <property name="env.NVM_DIR" value="/home/travis/.nvm" />
    <property name="env.PERLBREW_BASHRC_VERSION" value="0.80" />
    <property name="env.TRAVIS_BUILD_ID" value="536088794" />
    <property name="env.PYENV_ROOT" value="/opt/pyenv" />
    <property name="env.TRAVIS_UID" value="2000" />
    <property name="env.rvm_pretty_print_flag" value="auto" />
    <property name="env.NVM_BIN" value="/home/travis/.nvm/versions/node/v7.10.1/bin" />
    <property name="env.TRAVIS_COMMIT" value="03859736f61821d9cf596b8cb9a71eb7250d4667" />
    <property name="env._system_arch" value="x86_64" />
    <property name="node.executable" value="node" />
    <property name="sun.boot.library.path" value="/usr/lib/jvm/java-8-oracle/jre/lib/amd64" />
    <property name="sun.management.compiler" value="HotSpot 64-Bit Tiered Compilers" />
    <property name="env.GOPATH" value="/home/travis/gopath" />
    <property name="java.awt.graphicsenv" value="sun.awt.X11GraphicsEnvironment" />
    <property name="ptolemy.ptII.dir" value="/home/travis/build/icyphy/ptII" />
    <property name="env.USER" value="travis" />
    <property name="env.HISTFILESIZE" value="2000" />
    <property name="timeout.longest" value="19000000" />
    <property name="env.TRAVIS_STACK_FEATURES" value="basic cassandra chromium couchdb disabled-ipv6 docker docker-compose elasticsearch firefox go-toolchain google-chrome jdk memcached mongodb mysql neo4j nodejs_interpreter perl_interpreter perlbrew phantomjs postgresql python_interpreter rabbitmq redis riak ruby_interpreter sqlite xserver" />
    <property name="env.TRAVIS_PULL_REQUEST" value="false" />
    <property name="env.PYENV_SHELL" value="bash" />
    <property name="ant.project.name" value="ptII" />
    <property name="java.vm.specification.version" value="1.8" />
    <property name="env.ANSI_RESET" value="\033[0m" />
    <property name="env.TRAVIS_DIST" value="trusty" />
    <property name="env.NLSPATH" value="/usr/dt/lib/nls/msg/%L/%N.cat" />
    <property name="awt.toolkit" value="sun.awt.X11.XToolkit" />
    <property name="env.MY_RUBY_HOME" value="/home/travis/.rvm/rubies/ruby-2.4.1" />
    <property name="sun.cpu.isalist" value="" />
    <property name="env.TRAVIS_TMPDIR" value="/tmp/tmp.d8h8zUIYFD" />
    <property name="java.ext.dirs" value="/usr/lib/jvm/java-8-oracle/jre/lib/ext:/usr/java/packages/lib/ext" />
    <property name="os.version" value="4.4.0-101-generic" />
    <property name="user.home" value="/home/travis" />
    <property name="env.MIX_ARCHIVES" value="/home/travis/.kiex/mix/elixir-1.4.5" />
    <property name="java.vm.vendor" value="Oracle Corporation" />
    <property name="env.TRAVIS_TAG" value="nightly" />
    <property name="env.ANSI_YELLOW" value="\033[33;1m" />
    <property name="env.TRAVIS_FILTERED" value="redirect_io" />
    <property name="env.PTII" value="/home/travis/build/icyphy/ptII" />
    <property name="env.JAVA_HOME" value="/usr/lib/jvm/java-8-oracle" />
    <property name="javadoc.excludepackagenames" value="adm.cvs2svn.*,build.*,config.*,doc.coding.templates.*,jni.test.jni.meaningOfLife.*,jni.test.jni.testDeux.*,jni.test.jni.testTrois.*,org.terraswarm.accessor.accessors.web.node_modules.*,org.terraswarm.accessor.accessors.web.hosts.cordova.demo.*,org.terraswarm.accessor.accessors.web.hosts.cordova.plugins.*,org.terraswarm.accessor.accessors-svn.*,pt-modules.*,ptolemy.apps.agilent.*,ptolemy.apps.anytimecontrol.*,ptolemy.apps.apes.*,ptolemy.apps.charon.*,ptolemy.apps.crazyboard.*,ptolemy.apps.eclipse.*,ptolemy.apps.etherealSting.*,ptolemy.apps.fullscreen.*,ptolemy.apps.giotto.*,ptolemy.apps.ia.*,ptolemy.apps.interfaces.*,ptolemy.apps.jmf.*,ptolemy.apps.kurt.*,ptolemy.apps.kvm.*,ptolemy.apps.lego.*,ptolemy.apps.lejos.*,ptolemy.apps.midp.*,ptolemy.apps.mobileCoding.*,ptolemy.apps.pendulum.*,ptolemy.apps.rijndael.*,ptolemy.apps.robot.*,ptolemy.apps.security.*,ptolemy.apps.sobel.*,ptolemy.apps.soot.*,ptolemy.apps.throttle.*,ptolemy.apps.tini.*,ptolemy.apps.transmission.*,ptolemy.apps.vergil.*,ptolemy.apps.waba.*,ptolemy.apps.websensor.*,ptolemy.apps.webstart.*,ptolemy.apps.xsl.*,ptolemy.apps.zaurus.*,ptolemy.codegen.c.actor.lib.oldJavaFiles.*,ptolemy.codegen.dsp.lib.*,ptolemy.codegen.kernel.newInterfaces.*,ptolemy.codegen.lib.*,ptolemy.copernicus.kernel.fragment.*,ptolemy.copernicus.shallow.cg.*,ptolemy.domains.giotto.demo.Hierarchy.Hierarchy.*,ptolemy.domains.giotto.demo.Multimode.Multimode.*,ptolemy.domains.giotto.demo.Simple.Simple.*,ptolemy.domains.gr.lib.experimental.*,ptolemy.domains.gro.*,ptolemy.domains.pdf.*,ptolemy.domains.ptinyos.demo.Surge.output.*,ptolemy.moml.test.NoPackageActor.java*,ptolemy.plot.adm.*,ptolemy.plot.servlet.*,reports.*,signed.*,src.*,target.*,vendors.*,ptolemy.apps.eclipse.awt.*,ptolemy.backtrack.*,ptolemy.backtrack.ast.*,ptolemy.cg.adapter.generic.program.procedural.c.mbed*,ptolemy.homer.*,org.ptolemy.scala.*,diva.util.java2d.svg.*,ptolemy.domains.ptinyos.*,ptolemy.actor.lib.fmi.fmipp.*,,org.terraswarm.accessor.accessors.web.node_modules.*,org.terraswarm.accessor.accessors-svn,ptolemy.apps.*,ptolemy.actor.ptalon.demo.ptinyos.SendAndReceiveCnt.output,ptolemy.actor.ptalon.demo.ptinyos.SenseToLeds.output,ptolemy.domains.ptinyos.demo.CntToLedsAndRfm.output,ptolemy.domains.ptinyos.demo.RfmToLeds.output,ptolemy.domains.ptinyos.demo.SendAndReceiveCnt.output,ptolemy.domains.ptinyos.demo.SenseToLeds.output,ptolemy.actor.lib.jjs.modules.udpSocket.*" />
    <property name="env.ANSI_GREEN" value="\033[32;1m" />
    <property name="env.TRAVIS_COMMIT_MESSAGE" value="Tuning docs" />
    <property name="keystore" value="ptKeystore" />
    <property name="env.XDG_SESSION_ID" value="2" />
    <property name="junit.output.dir" value="/home/travis/build/icyphy/ptII/reports/junit" />
    <property name="npm.return.code" value="0" />
    <property name="user.dir" value="/home/travis/build/icyphy/ptII/ptolemy/actor/lib/test" />
    <property name="env.XFILESEARCHPATH" value="/usr/dt/app-defaults/%L/Dt" />
    <property name="env.TRAVIS_NODE_VERSION" value="7" />
    <property name="env.MAIL" value="/var/mail/travis" />
    <property name="env.TRAVIS_EVENT_TYPE" value="cron" />
    <property name="env.PWD" value="/home/travis/build/icyphy/ptII" />
    <property name="env.PERLBREW_ROOT" value="/home/travis/perl5/perlbrew" />
    <property name="timeout.npm" value="45000" />
    <property name="env.TRAVIS_ARCH" value="amd64" />
    <property name="env.PAGER" value="cat" />
    <property name="sun.cpu.endian" value="little" />
    <property name="env.TRAVIS_BUILD_STAGE_NAME" value="Test" />
    <property name="env.PERLBREW_HOME" value="/home/travis/.perlbrew" />
    <property name="java.vm.version" value="25.151-b12" />
    <property name="env.RAILS_ENV" value="test" />
    <property name="java.class.path" value="/home/travis/.ptolemyII:/home/travis/.ptolemyII/*:/home/travis/build/icyphy/ptII:/home/travis/build/icyphy/ptII/lib/bsh-2.0b4.jar:/home/travis/build/icyphy/ptII/lib/ptCal.jar:/home/travis/build/icyphy/ptII/lib/java_cup.jar:/home/travis/build/icyphy/ptII/lib/saxon8.jar:/home/travis/build/icyphy/ptII/lib/saxon8-dom.jar:/home/travis/build/icyphy/ptII/lib/chic.jar:/home/travis/build/icyphy/ptII/lib/ptcolt.jar:/usr/lib/jvm/java-8-oracle/lib/tools.jar:/home/travis/build/icyphy/ptII/vendors/misc/itext/iText.jar:/home/travis/build/icyphy/ptII/lib/g4ltl.jar:/home/travis/build/icyphy/ptII/lib/StructuralCoder.jar:/home/travis/build/icyphy/ptII/vendors/jai-1_1_2_01/lib/jai_core.jar:/home/travis/build/icyphy/ptII/vendors/jai-1_1_2_01/lib/jai_codec.jar:/home/travis/build/icyphy/ptII/lib/jcerti.jar:/home/travis/build/icyphy/ptII/lib/javax.mail.jar:/home/travis/build/icyphy/ptII/vendors/JMF-2.1.1e/lib/jmf.jar:/home/travis/build/icyphy/ptII/lib/jna-4.0.0-variadic.jar:/home/travis/build/icyphy/ptII/vendors/misc/joystick/Joystick.jar:/home/travis/build/icyphy/ptII/lib/ptjacl.jar:/home/travis/build/icyphy/ptII/lib/jsoup-1.8.2.jar:/home/travis/build/icyphy/ptII/lib/junit-4.8.2.jar:/home/travis/build/icyphy/ptII/lib/JUnitParams-0.4.0.jar:/home/travis/build/icyphy/ptII/ptolemy/actor/lib/excel/jxl.jar:/home/travis/build/icyphy/ptII/lib/jython.jar:/home/travis/build/icyphy/ptII/lib/kieler.jar:/home/travis/build/icyphy/ptII/vendors/opencv/share/OpenCV/java/opencv-341.jar:/home/travis/build/icyphy/ptII/lib/oscP5.jar:/home/travis/build/icyphy/ptII/lib/nrjavaserial-3.11.0.devel.jar:/home/travis/build/icyphy/ptII/vendors/j3d/lib/j3dcore.jar:/home/travis/build/icyphy/ptII/vendors/j3d/lib/j3dutils.jar:/home/travis/build/icyphy/ptII/vendors/j3d/lib/vecmath.jar:/home/travis/build/icyphy/ptII/ptolemy/distributed/jini/jar/jini-core.jar:/home/travis/build/icyphy/ptII/ptolemy/distributed/jini/jar/jini-ext.jar:/home/travis/build/icyphy/ptII/ptolemy/distributed/jini/jar/sun-util.jar:/home/travis/build/icyphy/ptII/lib/protobuf-java-2.4.1.jar:/home/travis/build/icyphy/ptII/lib/org.eclipse.paho.client.mqttv3.jar:/home/travis/build/icyphy/ptII/lib/mapss.jar:/home/travis/build/icyphy/ptII/ptolemy/actor/ptalon/antlr/antlr.jar:/home/travis/build/icyphy/ptII/lib/JRI.jar:/home/travis/build/icyphy/ptII/lib/commons-lang-2.6.jar:/home/travis/build/icyphy/ptII/lib/commons-logging-1.1.1.jar:/home/travis/build/icyphy/ptII/lib/sootclasses.jar:/home/travis/build/icyphy/ptII/ptolemy/actor/lib/database/mysql-connector-java-5.1.6-bin.jar:/home/travis/build/icyphy/ptII/vendors/misc/sphinx4/sphinx4-data-5prealpha.jar:/home/travis/build/icyphy/ptII/vendors/misc/sphinx4/sphinx4-core-5prealpha.jar:/home/travis/build/icyphy/ptII/lib/PDFRenderer.jar:/home/travis/build/icyphy/ptII/lib/svgSalamander.jar:/home/travis/build/icyphy/ptII/lib/rsyntaxtextarea-2.6.0-SNAPSHOT.jar:/home/travis/build/icyphy/ptII/lib/hazelcast-3.8.2.jar:/home/travis/build/icyphy/ptII/lib/jackson-annotations-2.9.0.jar:/home/travis/build/icyphy/ptII/lib/jackson-core-2.9.3.jar:/home/travis/build/icyphy/ptII/lib/jackson-databind-2.9.3.jar:/home/travis/build/icyphy/ptII/lib/netty-buffer-4.1.19.Final.jar:/home/travis/build/icyphy/ptII/lib/netty-codec-4.1.19.Final.jar:/home/travis/build/icyphy/ptII/lib/netty-codec-dns-4.1.19.Final.jar:/home/travis/build/icyphy/ptII/lib/netty-codec-http-4.1.19.Final.jar:/home/travis/build/icyphy/ptII/lib/netty-codec-http2-4.1.19.Final.jar:/home/travis/build/icyphy/ptII/lib/netty-common-4.1.19.Final.jar:/home/travis/build/icyphy/ptII/lib/netty-handler-4.1.19.Final.jar:/home/travis/build/icyphy/ptII/lib/netty-resolver-4.1.19.Final.jar:/home/travis/build/icyphy/ptII/lib/netty-resolver-dns-4.1.19.Final.jar:/home/travis/build/icyphy/ptII/lib/netty-transport-4.1.19.Final.jar:/home/travis/build/icyphy/ptII/lib/vertx-codegen-3.5.1.jar:/home/travis/build/icyphy/ptII/lib/vertx-core-3.5.2-SNAPSHOT.jar:/home/travis/build/icyphy/ptII/lib/vertx-hazelcast-3.5.1.jar:/home/travis/build/icyphy/ptII/lib/vertx-lang-js-3.5.1.jar:/home/travis/build/icyphy/ptII/lib/vertx-service-proxy-3.5.1.jar:/home/travis/build/icyphy/ptII/lib/vertx-web-3.5.1.jar:/home/travis/build/icyphy/ptII/lib/slf4j-api-1.7.13.jar:/home/travis/build/icyphy/ptII/lib/slf4j-simple-1.7.13.jar:/home/travis/build/icyphy/ptII/lib/webcam-capture-0.3.12.jar:/home/travis/build/icyphy/ptII/lib/bridj-0.7.0.jar:/home/travis/build/icyphy/ptII/lib/xbjlib-1.1.0.nrjavaserial.jar:/home/travis/build/icyphy/ptII/ptolemy/moml/test:/home/travis/build/icyphy/ptII/ant/lib/ant-launcher.jar:/home/travis/build/icyphy/ptII/ant/lib/ant.jar:/home/travis/build/icyphy/ptII/ant/lib/ant-junit.jar:/home/travis/build/icyphy/ptII/ant/lib/ant-junit4.jar" />
    <property name="ant.library.dir" value="/home/travis/build/icyphy/ptII/ant/lib" />
    <property name="os.arch" value="amd64" />
    <property name="env.TRAVIS_LANGUAGE" value="node_js" />
    <property name="env.CONTINUOUS_INTEGRATION" value="true" />
    <property name="env.TRAVIS_STACK_LANGUAGES" value="__garnet__ c c++ clojure cplusplus cpp default go groovy java node_js php pure_java python ruby scala" />
    <property name="test.name" value="ptolemy.actor.lib.test.junit.JUnitTclTest" />
    <property name="sun.java.launcher" value="SUN_STANDARD" />
    <property name="env.PYTHON_CONFIGURE_OPTS" value="--enable-unicode=ucs4 --with-wide-unicode --enable-shared --enable-ipv6 --enable-loadable-sqlite-extensions --with-computed-gotos" />
    <property name="ant.core.lib" value="/home/travis/build/icyphy/ptII/ant/lib/ant.jar" />
    <property name="java.vm.specification.vendor" value="Oracle Corporation" />
    <property name="env.BCVTB_HOME" value="/home/travis/build/icyphy/ptII/lbnl" />
    <property name="file.separator" value="/" />
    <property name="java.runtime.version" value="1.8.0_151-b12" />
    <property name="spotbugs.home" value="/home/travis/build/icyphy/ptII/vendors/spotbugs-3.1.1" />
    <property name="sun.boot.class.path" value="/usr/lib/jvm/java-8-oracle/jre/lib/resources.jar:/usr/lib/jvm/java-8-oracle/jre/lib/rt.jar:/usr/lib/jvm/java-8-oracle/jre/lib/sunrsasign.jar:/usr/lib/jvm/java-8-oracle/jre/lib/jsse.jar:/usr/lib/jvm/java-8-oracle/jre/lib/jce.jar:/usr/lib/jvm/java-8-oracle/jre/lib/charsets.jar:/usr/lib/jvm/java-8-oracle/jre/lib/jfr.jar:/usr/lib/jvm/java-8-oracle/jre/classes" />
    <property name="env.ANSI_CLEAR" value="\033[0K" />
    <property name="env.HAS_JOSH_K_SEAL_OF_APPROVAL" value="true" />
    <property name="env.TRAVIS_OSX_IMAGE" value="" />
    <property name="env.XDG_RUNTIME_DIR" value="/run/user/2000" />
    <property name="env.TRAVIS_JOB_ID" value="536088802" />
    <property name="env.TRAVIS_BRANCH" value="master" />
    <property name="user.country" value="US" />
    <property name="env.CERTI_HOME_TRAVIS" value="/home/travis/pthla/certi-tools" />
    <property name="env.SHELL" value="/bin/bash" />
    <property name="java.maxmemory.large" value="5000m" />
    <property name="model" value="" />
    <property name="env.CASHER_DIR" value="/home/travis/.casher" />
    <property name="env.NVM_CD_FLAGS" value="" />
    <property name="jshint.executable" value="/home/travis/node_modules/jshint/bin/jshint" />
    <property name="java.vendor" value="Oracle Corporation" />
    <property name="env.JRUBY_OPTS" value=" --client -J-XX:+TieredCompilation -J-XX:TieredStopAtLevel=1 -J-Xss2m -Xcompile.invokedynamic=false" />
    <property name="env.TRAVIS_PRE_CHEF_BOOTSTRAP_TIME" value="2017-12-05T19:32:55" />
    <property name="env.TRAVIS_STACK_JOB_BOARD_REGISTER" value="/.job-board-register.yml" />
    <property name="env.ELIXIR_VERSION" value="1.4.5" />
    <property name="env.ANSI_RED" value="\033[31;1m" />
    <property name="java.specification.version" value="1.8" />
    <property name="env.TRAVIS" value="true" />
    <property name="env.IRBRC" value="/home/travis/.rvm/rubies/ruby-2.4.1/.irbrc" />
    <property name="sun.arch.data.model" value="64" />
  </properties>
  <testcase classname="ptolemy.util.test.junit.TclTests" name="[0] /home/travis/build/icyphy/ptII/ptolemy/actor/lib/test/AbsoluteValue.tcl (RunTclFile)" time="0.461" />
  <testcase classname="ptolemy.util.test.junit.TclTests" name="[1] /home/travis/build/icyphy/ptII/ptolemy/actor/lib/test/AddSubtract.tcl (RunTclFile)" time="0.107" />
  <testcase classname="ptolemy.util.test.junit.TclTests" name="[2] /home/travis/build/icyphy/ptII/ptolemy/actor/lib/test/Average.tcl (RunTclFile)" time="0.058" />
  <testcase classname="ptolemy.util.test.junit.TclTests" name="[3] /home/travis/build/icyphy/ptII/ptolemy/actor/lib/test/Bernoulli.tcl (RunTclFile)" time="0.027" />
  <testcase classname="ptolemy.util.test.junit.TclTests" name="[4] /home/travis/build/icyphy/ptII/ptolemy/actor/lib/test/Clock.tcl (RunTclFile)" time="0.1" />
  <testcase classname="ptolemy.util.test.junit.TclTests" name="[5] /home/travis/build/icyphy/ptII/ptolemy/actor/lib/test/Commutator.tcl (RunTclFile)" time="0.12" />
  <testcase classname="ptolemy.util.test.junit.TclTests" name="[6] /home/travis/build/icyphy/ptII/ptolemy/actor/lib/test/Const.tcl (RunTclFile)" time="0.109" />
  <testcase classname="ptolemy.util.test.junit.TclTests" name="[7] /home/travis/build/icyphy/ptII/ptolemy/actor/lib/test/CurrentTime.tcl (RunTclFile)" time="0.035" />
  <testcase classname="ptolemy.util.test.junit.TclTests" name="[8] /home/travis/build/icyphy/ptII/ptolemy/actor/lib/test/DB.tcl (RunTclFile)" time="0.026" />
  <testcase classname="ptolemy.util.test.junit.TclTests" name="[9] /home/travis/build/icyphy/ptII/ptolemy/actor/lib/test/DiscreteRandomSource.tcl (RunTclFile)" time="0.044" />
  <testcase classname="ptolemy.util.test.junit.TclTests" name="[10] /home/travis/build/icyphy/ptII/ptolemy/actor/lib/test/Distributor.tcl (RunTclFile)" time="0.042" />
  <testcase classname="ptolemy.util.test.junit.TclTests" name="[11] /home/travis/build/icyphy/ptII/ptolemy/actor/lib/test/Exit.tcl (RunTclFile)" time="0.053" />
  <testcase classname="ptolemy.util.test.junit.TclTests" name="[12] /home/travis/build/icyphy/ptII/ptolemy/actor/lib/test/Expression.tcl (RunTclFile)" time="0.065" />
  <testcase classname="ptolemy.util.test.junit.TclTests" name="[13] /home/travis/build/icyphy/ptII/ptolemy/actor/lib/test/Gaussian.tcl (RunTclFile)" time="0.854" />
  <testcase classname="ptolemy.util.test.junit.TclTests" name="[14] /home/travis/build/icyphy/ptII/ptolemy/actor/lib/test/IIR.tcl (RunTclFile)" time="0.048" />
  <testcase classname="ptolemy.util.test.junit.TclTests" name="[15] /home/travis/build/icyphy/ptII/ptolemy/actor/lib/test/Interpolator.tcl (RunTclFile)" time="0.087" />
  <testcase classname="ptolemy.util.test.junit.TclTests" name="[16] /home/travis/build/icyphy/ptII/ptolemy/actor/lib/test/MathFunction.tcl (RunTclFile)" time="0.07" />
  <testcase classname="ptolemy.util.test.junit.TclTests" name="[17] /home/travis/build/icyphy/ptII/ptolemy/actor/lib/test/Maximum.tcl (RunTclFile)" time="0.032" />
  <testcase classname="ptolemy.util.test.junit.TclTests" name="[18] /home/travis/build/icyphy/ptII/ptolemy/actor/lib/test/Minimum.tcl (RunTclFile)" time="0.02" />
  <testcase classname="ptolemy.util.test.junit.TclTests" name="[19] /home/travis/build/icyphy/ptII/ptolemy/actor/lib/test/MultiplyDivide.tcl (RunTclFile)" time="0.043" />
  <testcase classname="ptolemy.util.test.junit.TclTests" name="[20] /home/travis/build/icyphy/ptII/ptolemy/actor/lib/test/OrderedMerge.tcl (RunTclFile)" time="0.063" />
  <testcase classname="ptolemy.util.test.junit.TclTests" name="[21] /home/travis/build/icyphy/ptII/ptolemy/actor/lib/test/Publisher.tcl (RunTclFile)" time="0.599" />
  <testcase classname="ptolemy.util.test.junit.TclTests" name="[22] /home/travis/build/icyphy/ptII/ptolemy/actor/lib/test/Pulse.tcl (RunTclFile)" time="0.07" />
  <testcase classname="ptolemy.util.test.junit.TclTests" name="[23] /home/travis/build/icyphy/ptII/ptolemy/actor/lib/test/Ramp.tcl (RunTclFile)" time="1.86" />
  <testcase classname="ptolemy.util.test.junit.TclTests" name="[24] /home/travis/build/icyphy/ptII/ptolemy/actor/lib/test/RampContinuous.tcl (RunTclFile)" time="0.019" />
  <testcase classname="ptolemy.util.test.junit.TclTests" name="[25] /home/travis/build/icyphy/ptII/ptolemy/actor/lib/test/RecordAssembler.tcl (RunTclFile)" time="0.016" />
  <testcase classname="ptolemy.util.test.junit.TclTests" name="[26] /home/travis/build/icyphy/ptII/ptolemy/actor/lib/test/RecordDisassembler.tcl (RunTclFile)" time="0.018" />
  <testcase classname="ptolemy.util.test.junit.TclTests" name="[27] /home/travis/build/icyphy/ptII/ptolemy/actor/lib/test/Scale.tcl (RunTclFile)" time="0.016" />
  <testcase classname="ptolemy.util.test.junit.TclTests" name="[28] /home/travis/build/icyphy/ptII/ptolemy/actor/lib/test/SequentialClock.tcl (RunTclFile)" time="0.011" />
  <testcase classname="ptolemy.util.test.junit.TclTests" name="[29] /home/travis/build/icyphy/ptII/ptolemy/actor/lib/test/SetVariable.tcl (RunTclFile)" time="0.023" />
  <testcase classname="ptolemy.util.test.junit.TclTests" name="[30] /home/travis/build/icyphy/ptII/ptolemy/actor/lib/test/Sinewave.tcl (RunTclFile)" time="0.064" />
  <testcase classname="ptolemy.util.test.junit.TclTests" name="[31] /home/travis/build/icyphy/ptII/ptolemy/actor/lib/test/SubscriptionAggregator.tcl (RunTclFile)" time="1.953" />
  <testcase classname="ptolemy.util.test.junit.TclTests" name="[32] /home/travis/build/icyphy/ptII/ptolemy/actor/lib/test/Test.tcl (RunTclFile)" time="0.104" />
  <testcase classname="ptolemy.util.test.junit.TclTests" name="[33] /home/travis/build/icyphy/ptII/ptolemy/actor/lib/test/TestExceptionHandler.tcl (RunTclFile)" time="0.012" />
  <testcase classname="ptolemy.util.test.junit.TclTests" name="[34] /home/travis/build/icyphy/ptII/ptolemy/actor/lib/test/UnionDisassembler.tcl (RunTclFile)" time="0.078" />
  <testcase classname="ptolemy.util.test.junit.TclTests" name="[35] /home/travis/build/icyphy/ptII/ptolemy/actor/lib/test/VariableClock.tcl (RunTclFile)" time="0.031" />
  <testcase classname="ptolemy.util.test.junit.AutoKnownFailedTests" name="[0] /home/travis/build/icyphy/ptII/ptolemy/actor/lib/test/auto/knownFailedTests/PublisherPortToplevelSubscriber.xml (RunModel)" time="0.087" />
  <testcase classname="ptolemy.util.test.junit.AutoKnownFailedTests" name="[1] /home/travis/build/icyphy/ptII/ptolemy/actor/lib/test/auto/knownFailedTests/PublisherSubscriberPortToplevel.xml (RunModel)" time="0.015" />
  <testcase classname="ptolemy.util.test.junit.AutoKnownFailedTests" name="[2] /home/travis/build/icyphy/ptII/ptolemy/actor/lib/test/auto/knownFailedTests/PublisherSubscriptionAggregatorPort.xml (RunModel)" time="0.028" />
  <testcase classname="ptolemy.util.test.junit.AutoKnownFailedTests" name="[3] /home/travis/build/icyphy/ptII/ptolemy/actor/lib/test/auto/knownFailedTests/sizedarray3.xml (RunModel)" time="0.035" />
  <testcase classname="ptolemy.util.test.junit.AutoNameArchTests" name="[0] ThereAreNoAutoArchTests (RunModel)" time="0.0" />
  <testcase classname="ptolemy.util.test.junit.AutoTests" name="[0] /home/travis/build/icyphy/ptII/ptolemy/actor/lib/test/auto/AbsoluteValue.xml (RunModel)" time="0.116" />
  <testcase classname="ptolemy.util.test.junit.AutoTests" name="[1] /home/travis/build/icyphy/ptII/ptolemy/actor/lib/test/auto/AbsoluteValue2.xml (RunModel)" time="0.062" />
  <testcase classname="ptolemy.util.test.junit.AutoTests" name="[2] /home/travis/build/icyphy/ptII/ptolemy/actor/lib/test/auto/Accumulator.xml (RunModel)" time="0.055" />
  <testcase classname="ptolemy.util.test.junit.AutoTests" name="[3] /home/travis/build/icyphy/ptII/ptolemy/actor/lib/test/auto/Accumulator2.xml (RunModel)" time="0.054" />
  <testcase classname="ptolemy.util.test.junit.AutoTests" name="[4] /home/travis/build/icyphy/ptII/ptolemy/actor/lib/test/auto/Accumulator3.xml (RunModel)" time="0.039" />
  <testcase classname="ptolemy.util.test.junit.AutoTests" name="[5] /home/travis/build/icyphy/ptII/ptolemy/actor/lib/test/auto/ArrayAppend.xml (RunModel)" time="0.035" />
  <testcase classname="ptolemy.util.test.junit.AutoTests" name="[6] /home/travis/build/icyphy/ptII/ptolemy/actor/lib/test/auto/ArrayAppend2.xml (RunModel)" time="0.403" />
  <testcase classname="ptolemy.util.test.junit.AutoTests" name="[7] /home/travis/build/icyphy/ptII/ptolemy/actor/lib/test/auto/ArrayAppend3.xml (RunModel)" time="0.025" />
  <testcase classname="ptolemy.util.test.junit.AutoTests" name="[8] /home/travis/build/icyphy/ptII/ptolemy/actor/lib/test/auto/ArrayAppend4.xml (RunModel)" time="0.023" />
  <testcase classname="ptolemy.util.test.junit.AutoTests" name="[9] /home/travis/build/icyphy/ptII/ptolemy/actor/lib/test/auto/ArrayAppend5.xml (RunModel)" time="0.03" />
  <testcase classname="ptolemy.util.test.junit.AutoTests" name="[10] /home/travis/build/icyphy/ptII/ptolemy/actor/lib/test/auto/ArrayAppend6.xml (RunModel)" time="0.023" />
  <testcase classname="ptolemy.util.test.junit.AutoTests" name="[11] /home/travis/build/icyphy/ptII/ptolemy/actor/lib/test/auto/ArrayAppendPerformanceTest.xml (RunModel)" time="0.047" />
  <testcase classname="ptolemy.util.test.junit.AutoTests" name="[12] /home/travis/build/icyphy/ptII/ptolemy/actor/lib/test/auto/ArrayAppendWithEmptyInput.xml (RunModel)" time="0.066" />
  <testcase classname="ptolemy.util.test.junit.AutoTests" name="[13] /home/travis/build/icyphy/ptII/ptolemy/actor/lib/test/auto/ArrayAverage.xml (RunModel)" time="0.061" />
  <testcase classname="ptolemy.util.test.junit.AutoTests" name="[14] /home/travis/build/icyphy/ptII/ptolemy/actor/lib/test/auto/ArrayContains.xml (RunModel)" time="0.035" />
  <testcase classname="ptolemy.util.test.junit.AutoTests" name="[15] /home/travis/build/icyphy/ptII/ptolemy/actor/lib/test/auto/ArrayElement.xml (RunModel)" time="0.033" />
  <testcase classname="ptolemy.util.test.junit.AutoTests" name="[16] /home/travis/build/icyphy/ptII/ptolemy/actor/lib/test/auto/ArrayElementAsMatrix.xml (RunModel)" time="0.066" />
  <testcase classname="ptolemy.util.test.junit.AutoTests" name="[17] /home/travis/build/icyphy/ptII/ptolemy/actor/lib/test/auto/ArrayElementI.xml (RunModel)" time="0.025" />
  <testcase classname="ptolemy.util.test.junit.AutoTests" name="[18] /home/travis/build/icyphy/ptII/ptolemy/actor/lib/test/auto/ArrayExtract.xml (RunModel)" time="0.043" />
  <testcase classname="ptolemy.util.test.junit.AutoTests" name="[19] /home/travis/build/icyphy/ptII/ptolemy/actor/lib/test/auto/ArrayExtract2.xml (RunModel)" time="0.022" />
  <testcase classname="ptolemy.util.test.junit.AutoTests" name="[20] /home/travis/build/icyphy/ptII/ptolemy/actor/lib/test/auto/ArrayLength.xml (RunModel)" time="0.027" />
  <testcase classname="ptolemy.util.test.junit.AutoTests" name="[21] /home/travis/build/icyphy/ptII/ptolemy/actor/lib/test/auto/ArrayLevelCrossing.xml (RunModel)" time="0.03" />
  <testcase classname="ptolemy.util.test.junit.AutoTests" name="[22] /home/travis/build/icyphy/ptII/ptolemy/actor/lib/test/auto/ArrayLevelCrossing2.xml (RunModel)" time="0.024" />
  <testcase classname="ptolemy.util.test.junit.AutoTests" name="[23] /home/travis/build/icyphy/ptII/ptolemy/actor/lib/test/auto/ArrayPeakSearch.xml (RunModel)" time="0.05" />
  <testcase classname="ptolemy.util.test.junit.AutoTests" name="[24] /home/travis/build/icyphy/ptII/ptolemy/actor/lib/test/auto/ArrayPeakSearch2.xml (RunModel)" time="0.042" />
  <testcase classname="ptolemy.util.test.junit.AutoTests" name="[25] /home/travis/build/icyphy/ptII/ptolemy/actor/lib/test/auto/ArrayPeakSearch3.xml (RunModel)" time="0.031" />
  <testcase classname="ptolemy.util.test.junit.AutoTests" name="[26] /home/travis/build/icyphy/ptII/ptolemy/actor/lib/test/auto/ArrayRemoveElement.xml (RunModel)" time="0.027" />
  <testcase classname="ptolemy.util.test.junit.AutoTests" name="[27] /home/travis/build/icyphy/ptII/ptolemy/actor/lib/test/auto/ArraySort.xml (RunModel)" time="0.087" />
  <testcase classname="ptolemy.util.test.junit.AutoTests" name="[28] /home/travis/build/icyphy/ptII/ptolemy/actor/lib/test/auto/ArraySum.xml (RunModel)" time="0.023" />
  <testcase classname="ptolemy.util.test.junit.AutoTests" name="[29] /home/travis/build/icyphy/ptII/ptolemy/actor/lib/test/auto/ArrayToElements.xml (RunModel)" time="0.02" />
  <testcase classname="ptolemy.util.test.junit.AutoTests" name="[30] /home/travis/build/icyphy/ptII/ptolemy/actor/lib/test/auto/ArrayToMatrix.xml (RunModel)" time="0.049" />
  <testcase classname="ptolemy.util.test.junit.AutoTests" name="[31] /home/travis/build/icyphy/ptII/ptolemy/actor/lib/test/auto/ArrayUpdate1.xml (RunModel)" time="0.022" />
  <testcase classname="ptolemy.util.test.junit.AutoTests" name="[32] /home/travis/build/icyphy/ptII/ptolemy/actor/lib/test/auto/ArrayUpdate2.xml (RunModel)" time="0.024" />
  <testcase classname="ptolemy.util.test.junit.AutoTests" name="[33] /home/travis/build/icyphy/ptII/ptolemy/actor/lib/test/auto/ArrayUpdate3.xml (RunModel)" time="0.017" />
  <testcase classname="ptolemy.util.test.junit.AutoTests" name="[34] /home/travis/build/icyphy/ptII/ptolemy/actor/lib/test/auto/Assert1.xml (RunModel)" time="0.024" />
  <testcase classname="ptolemy.util.test.junit.AutoTests" name="[35] /home/travis/build/icyphy/ptII/ptolemy/actor/lib/test/auto/Assert2.xml (RunModel)" time="0.016" />
  <testcase classname="ptolemy.util.test.junit.AutoTests" name="[36] /home/travis/build/icyphy/ptII/ptolemy/actor/lib/test/auto/BooleanMultiplexor.xml (RunModel)" time="0.014" />
  <testcase classname="ptolemy.util.test.junit.AutoTests" name="[37] /home/travis/build/icyphy/ptII/ptolemy/actor/lib/test/auto/BooleanMultiplexor2.xml (RunModel)" time="0.016" />
  <testcase classname="ptolemy.util.test.junit.AutoTests" name="[38] /home/travis/build/icyphy/ptII/ptolemy/actor/lib/test/auto/BooleanMultiplexor3.xml (RunModel)" time="0.028" />
  <testcase classname="ptolemy.util.test.junit.AutoTests" name="[39] /home/travis/build/icyphy/ptII/ptolemy/actor/lib/test/auto/BooleanSelect.xml (RunModel)" time="0.018" />
  <testcase classname="ptolemy.util.test.junit.AutoTests" name="[40] /home/travis/build/icyphy/ptII/ptolemy/actor/lib/test/auto/BooleanSelect2.xml (RunModel)" time="0.017" />
  <testcase classname="ptolemy.util.test.junit.AutoTests" name="[41] /home/travis/build/icyphy/ptII/ptolemy/actor/lib/test/auto/BooleanSwitch.xml (RunModel)" time="0.02" />
  <testcase classname="ptolemy.util.test.junit.AutoTests" name="[42] /home/travis/build/icyphy/ptII/ptolemy/actor/lib/test/auto/BooleanSwitch2.xml (RunModel)" time="0.015" />
  <testcase classname="ptolemy.util.test.junit.AutoTests" name="[43] /home/travis/build/icyphy/ptII/ptolemy/actor/lib/test/auto/BooleanSwitchCloningBugWithClassRelationGroup.xml (RunModel)" time="0.02" />
  <testcase classname="ptolemy.util.test.junit.AutoTests" name="[44] /home/travis/build/icyphy/ptII/ptolemy/actor/lib/test/auto/BusActors.xml (RunModel)" time="0.024" />
  <testcase classname="ptolemy.util.test.junit.AutoTests" name="[45] /home/travis/build/icyphy/ptII/ptolemy/actor/lib/test/auto/ClassWrapper.xml (RunModel)" time="0.01" />
  <testcase classname="ptolemy.util.test.junit.AutoTests" name="[46] /home/travis/build/icyphy/ptII/ptolemy/actor/lib/test/auto/Clock.xml (RunModel)" time="0.009" />
  <testcase classname="ptolemy.util.test.junit.AutoTests" name="[47] /home/travis/build/icyphy/ptII/ptolemy/actor/lib/test/auto/Clock10.xml (RunModel)" time="0.014" />
  <testcase classname="ptolemy.util.test.junit.AutoTests" name="[48] /home/travis/build/icyphy/ptII/ptolemy/actor/lib/test/auto/Clock11.xml (RunModel)" time="0.013" />
  <testcase classname="ptolemy.util.test.junit.AutoTests" name="[49] /home/travis/build/icyphy/ptII/ptolemy/actor/lib/test/auto/Clock12.xml (RunModel)" time="0.013" />
  <testcase classname="ptolemy.util.test.junit.AutoTests" name="[50] /home/travis/build/icyphy/ptII/ptolemy/actor/lib/test/auto/Clock13.xml (RunModel)" time="0.021" />
  <testcase classname="ptolemy.util.test.junit.AutoTests" name="[51] /home/travis/build/icyphy/ptII/ptolemy/actor/lib/test/auto/Clock14.xml (RunModel)" time="0.019" />
  <testcase classname="ptolemy.util.test.junit.AutoTests" name="[52] /home/travis/build/icyphy/ptII/ptolemy/actor/lib/test/auto/Clock15.xml (RunModel)" time="0.016" />
  <testcase classname="ptolemy.util.test.junit.AutoTests" name="[53] /home/travis/build/icyphy/ptII/ptolemy/actor/lib/test/auto/Clock16.xml (RunModel)" time="0.089" />
  <testcase classname="ptolemy.util.test.junit.AutoTests" name="[54] /home/travis/build/icyphy/ptII/ptolemy/actor/lib/test/auto/Clock17.xml (RunModel)" time="0.053" />
  <testcase classname="ptolemy.util.test.junit.AutoTests" name="[55] /home/travis/build/icyphy/ptII/ptolemy/actor/lib/test/auto/Clock18.xml (RunModel)" time="0.06" />
  <testcase classname="ptolemy.util.test.junit.AutoTests" name="[56] /home/travis/build/icyphy/ptII/ptolemy/actor/lib/test/auto/Clock19.xml (RunModel)" time="0.047" />
  <testcase classname="ptolemy.util.test.junit.AutoTests" name="[57] /home/travis/build/icyphy/ptII/ptolemy/actor/lib/test/auto/Clock2.xml (RunModel)" time="0.013" />
  <testcase classname="ptolemy.util.test.junit.AutoTests" name="[58] /home/travis/build/icyphy/ptII/ptolemy/actor/lib/test/auto/Clock20.xml (RunModel)" time="0.021" />
  <testcase classname="ptolemy.util.test.junit.AutoTests" name="[59] /home/travis/build/icyphy/ptII/ptolemy/actor/lib/test/auto/Clock21.xml (RunModel)" time="0.012" />
  <testcase classname="ptolemy.util.test.junit.AutoTests" name="[60] /home/travis/build/icyphy/ptII/ptolemy/actor/lib/test/auto/Clock22.xml (RunModel)" time="0.011" />
  <testcase classname="ptolemy.util.test.junit.AutoTests" name="[61] /home/travis/build/icyphy/ptII/ptolemy/actor/lib/test/auto/Clock23.xml (RunModel)" time="0.016" />
  <testcase classname="ptolemy.util.test.junit.AutoTests" name="[62] /home/travis/build/icyphy/ptII/ptolemy/actor/lib/test/auto/Clock24.xml (RunModel)" time="0.016" />
  <testcase classname="ptolemy.util.test.junit.AutoTests" name="[63] /home/travis/build/icyphy/ptII/ptolemy/actor/lib/test/auto/Clock4.xml (RunModel)" time="0.015" />
  <testcase classname="ptolemy.util.test.junit.AutoTests" name="[64] /home/travis/build/icyphy/ptII/ptolemy/actor/lib/test/auto/Clock5.xml (RunModel)" time="0.013" />
  <testcase classname="ptolemy.util.test.junit.AutoTests" name="[65] /home/travis/build/icyphy/ptII/ptolemy/actor/lib/test/auto/Clock6.xml (RunModel)" time="0.011" />
  <testcase classname="ptolemy.util.test.junit.AutoTests" name="[66] /home/travis/build/icyphy/ptII/ptolemy/actor/lib/test/auto/Clock7.xml (RunModel)" time="0.012" />
  <testcase classname="ptolemy.util.test.junit.AutoTests" name="[67] /home/travis/build/icyphy/ptII/ptolemy/actor/lib/test/auto/Clock8.xml (RunModel)" time="0.017" />
  <testcase classname="ptolemy.util.test.junit.AutoTests" name="[68] /home/travis/build/icyphy/ptII/ptolemy/actor/lib/test/auto/Clock9.xml (RunModel)" time="0.014" />
  <testcase classname="ptolemy.util.test.junit.AutoTests" name="[69] /home/travis/build/icyphy/ptII/ptolemy/actor/lib/test/auto/CommDistDiscard.xml (RunModel)" time="0.019" />
  <testcase classname="ptolemy.util.test.junit.AutoTests" name="[70] /home/travis/build/icyphy/ptII/ptolemy/actor/lib/test/auto/Commutator.xml (RunModel)" time="0.016" />
  <testcase classname="ptolemy.util.test.junit.AutoTests" name="[71] /home/travis/build/icyphy/ptII/ptolemy/actor/lib/test/auto/Commutator2.xml (RunModel)" time="0.012" />
  <testcase classname="ptolemy.util.test.junit.AutoTests" name="[72] /home/travis/build/icyphy/ptII/ptolemy/actor/lib/test/auto/Commutator3.xml (RunModel)" time="0.012" />
  <testcase classname="ptolemy.util.test.junit.AutoTests" name="[73] /home/travis/build/icyphy/ptII/ptolemy/actor/lib/test/auto/Compare.xml (RunModel)" time="0.017" />
  <testcase classname="ptolemy.util.test.junit.AutoTests" name="[74] /home/travis/build/icyphy/ptII/ptolemy/actor/lib/test/auto/CompareDE.xml (RunModel)" time="0.018" />
  <testcase classname="ptolemy.util.test.junit.AutoTests" name="[75] /home/travis/build/icyphy/ptII/ptolemy/actor/lib/test/auto/ComplexDivide.xml (RunModel)" time="0.011" />
  <testcase classname="ptolemy.util.test.junit.AutoTests" name="[76] /home/travis/build/icyphy/ptII/ptolemy/actor/lib/test/auto/ComputeHistogram.xml (RunModel)" time="0.052" />
  <testcase classname="ptolemy.util.test.junit.AutoTests" name="[77] /home/travis/build/icyphy/ptII/ptolemy/actor/lib/test/auto/ConfigurationSelect.xml (RunModel)" time="0.015" />
  <testcase classname="ptolemy.util.test.junit.AutoTests" name="[78] /home/travis/build/icyphy/ptII/ptolemy/actor/lib/test/auto/ConfigurationSelect2.xml (RunModel)" time="0.012" />
  <testcase classname="ptolemy.util.test.junit.AutoTests" name="[79] /home/travis/build/icyphy/ptII/ptolemy/actor/lib/test/auto/ConfigurationSwitch.xml (RunModel)" time="0.015" />
  <testcase classname="ptolemy.util.test.junit.AutoTests" name="[80] /home/travis/build/icyphy/ptII/ptolemy/actor/lib/test/auto/ConfigurationSwitch2.xml (RunModel)" time="0.016" />
  <testcase classname="ptolemy.util.test.junit.AutoTests" name="[81] /home/travis/build/icyphy/ptII/ptolemy/actor/lib/test/auto/ConfigurationSwitchCloningBugWithClassRelationGroup.xml (RunModel)" time="0.024" />
  <testcase classname="ptolemy.util.test.junit.AutoTests" name="[82] /home/travis/build/icyphy/ptII/ptolemy/actor/lib/test/auto/ConfigurationSwitchSelectSDF.xml (RunModel)" time="0.014" />
  <testcase classname="ptolemy.util.test.junit.AutoTests" name="[83] /home/travis/build/icyphy/ptII/ptolemy/actor/lib/test/auto/ConfigurationSwitchSelectSDF2.xml (RunModel)" time="0.014" />
  <testcase classname="ptolemy.util.test.junit.AutoTests" name="[84] /home/travis/build/icyphy/ptII/ptolemy/actor/lib/test/auto/Const.xml (RunModel)" time="0.009" />
  <testcase classname="ptolemy.util.test.junit.AutoTests" name="[85] /home/travis/build/icyphy/ptII/ptolemy/actor/lib/test/auto/Const2.xml (RunModel)" time="0.011" />
  <testcase classname="ptolemy.util.test.junit.AutoTests" name="[86] /home/travis/build/icyphy/ptII/ptolemy/actor/lib/test/auto/Const3.xml (RunModel)" time="0.006" />
  <testcase classname="ptolemy.util.test.junit.AutoTests" name="[87] /home/travis/build/icyphy/ptII/ptolemy/actor/lib/test/auto/ConstantPublisherPort1.xml (RunModel)" time="0.024" />
  <testcase classname="ptolemy.util.test.junit.AutoTests" name="[88] /home/travis/build/icyphy/ptII/ptolemy/actor/lib/test/auto/ConstantPublisherPort2.xml (RunModel)" time="0.025" />
  <testcase classname="ptolemy.util.test.junit.AutoTests" name="[89] /home/travis/build/icyphy/ptII/ptolemy/actor/lib/test/auto/ConstantPublisherPort3.xml (RunModel)" time="0.02" />
  <testcase classname="ptolemy.util.test.junit.AutoTests" name="[90] /home/travis/build/icyphy/ptII/ptolemy/actor/lib/test/auto/ConstantPublisherPort4.xml (RunModel)" time="0.015" />
  <testcase classname="ptolemy.util.test.junit.AutoTests" name="[91] /home/travis/build/icyphy/ptII/ptolemy/actor/lib/test/auto/ConstantPublisherPort5.xml (RunModel)" time="0.048" />
  <testcase classname="ptolemy.util.test.junit.AutoTests" name="[92] /home/travis/build/icyphy/ptII/ptolemy/actor/lib/test/auto/ConstantPublisherPort6.xml (RunModel)" time="0.031" />
  <testcase classname="ptolemy.util.test.junit.AutoTests" name="[93] /home/travis/build/icyphy/ptII/ptolemy/actor/lib/test/auto/ConstantPublisherPort7.xml (RunModel)" time="0.034" />
  <testcase classname="ptolemy.util.test.junit.AutoTests" name="[94] /home/travis/build/icyphy/ptII/ptolemy/actor/lib/test/auto/ConstraintMonitor1.xml (RunModel)" time="0.043" />
  <testcase classname="ptolemy.util.test.junit.AutoTests" name="[95] /home/travis/build/icyphy/ptII/ptolemy/actor/lib/test/auto/ConstraintMonitor2.xml (RunModel)" time="0.016" />
  <testcase classname="ptolemy.util.test.junit.AutoTests" name="[96] /home/travis/build/icyphy/ptII/ptolemy/actor/lib/test/auto/ConstraintMonitor3.xml (RunModel)" time="0.017" />
  <testcase classname="ptolemy.util.test.junit.AutoTests" name="[97] /home/travis/build/icyphy/ptII/ptolemy/actor/lib/test/auto/ConstraintMonitor4.xml (RunModel)" time="0.015" />
  <testcase classname="ptolemy.util.test.junit.AutoTests" name="[98] /home/travis/build/icyphy/ptII/ptolemy/actor/lib/test/auto/ConstraintMonitor5.xml (RunModel)" time="0.014" />
  <testcase classname="ptolemy.util.test.junit.AutoTests" name="[99] /home/travis/build/icyphy/ptII/ptolemy/actor/lib/test/auto/ConstraintMonitor6.xml (RunModel)" time="0.021" />
  <testcase classname="ptolemy.util.test.junit.AutoTests" name="[100] /home/travis/build/icyphy/ptII/ptolemy/actor/lib/test/auto/ConstraintMonitor7.xml (RunModel)" time="0.022" />
  <testcase classname="ptolemy.util.test.junit.AutoTests" name="[101] /home/travis/build/icyphy/ptII/ptolemy/actor/lib/test/auto/ConstraintMonitor8.xml (RunModel)" time="0.018" />
  <testcase classname="ptolemy.util.test.junit.AutoTests" name="[102] /home/travis/build/icyphy/ptII/ptolemy/actor/lib/test/auto/Counter.xml (RunModel)" time="0.012" />
  <testcase classname="ptolemy.util.test.junit.AutoTests" name="[103] /home/travis/build/icyphy/ptII/ptolemy/actor/lib/test/auto/CurrentTimeSDF.xml (RunModel)" time="0.009" />
  <testcase classname="ptolemy.util.test.junit.AutoTests" name="[104] /home/travis/build/icyphy/ptII/ptolemy/actor/lib/test/auto/DB.xml (RunModel)" time="0.015" />
  <testcase classname="ptolemy.util.test.junit.AutoTests" name="[105] /home/travis/build/icyphy/ptII/ptolemy/actor/lib/test/auto/DBDE.xml (RunModel)" time="0.015" />
  <testcase classname="ptolemy.util.test.junit.AutoTests" name="[106] /home/travis/build/icyphy/ptII/ptolemy/actor/lib/test/auto/DateConstructor.xml (RunModel)" time="0.062" />
  <testcase classname="ptolemy.util.test.junit.AutoTests" name="[107] /home/travis/build/icyphy/ptII/ptolemy/actor/lib/test/auto/DelayTime.xml (RunModel)" time="0.015" />
  <testcase classname="ptolemy.util.test.junit.AutoTests" name="[108] /home/travis/build/icyphy/ptII/ptolemy/actor/lib/test/auto/Dictionary1.xml (RunModel)" time="0.016" />
  <testcase classname="ptolemy.util.test.junit.AutoTests" name="[109] /home/travis/build/icyphy/ptII/ptolemy/actor/lib/test/auto/Dictionary2.xml (RunModel)" time="0.015" />
  <testcase classname="ptolemy.util.test.junit.AutoTests" name="[110] /home/travis/build/icyphy/ptII/ptolemy/actor/lib/test/auto/Dictionary3.xml (RunModel)" time="0.014" />
  <testcase classname="ptolemy.util.test.junit.AutoTests" name="[111] /home/travis/build/icyphy/ptII/ptolemy/actor/lib/test/auto/Dictionary4.xml (RunModel)" time="0.02" />
  <testcase classname="ptolemy.util.test.junit.AutoTests" name="[112] /home/travis/build/icyphy/ptII/ptolemy/actor/lib/test/auto/Differential.xml (RunModel)" time="0.013" />
  <testcase classname="ptolemy.util.test.junit.AutoTests" name="[113] /home/travis/build/icyphy/ptII/ptolemy/actor/lib/test/auto/Director.xml (RunModel)" time="0.008" />
  <testcase classname="ptolemy.util.test.junit.AutoTests" name="[114] /home/travis/build/icyphy/ptII/ptolemy/actor/lib/test/auto/DiscreteClock.xml (RunModel)" time="0.008" />
  <testcase classname="ptolemy.util.test.junit.AutoTests" name="[115] /home/travis/build/icyphy/ptII/ptolemy/actor/lib/test/auto/DiscreteClock10.xml (RunModel)" time="0.016" />
  <testcase classname="ptolemy.util.test.junit.AutoTests" name="[116] /home/travis/build/icyphy/ptII/ptolemy/actor/lib/test/auto/DiscreteClock11.xml (RunModel)" time="0.012" />
  <testcase classname="ptolemy.util.test.junit.AutoTests" name="[117] /home/travis/build/icyphy/ptII/ptolemy/actor/lib/test/auto/DiscreteClock12.xml (RunModel)" time="0.014" />
  <testcase classname="ptolemy.util.test.junit.AutoTests" name="[118] /home/travis/build/icyphy/ptII/ptolemy/actor/lib/test/auto/DiscreteClock13.xml (RunModel)" time="0.016" />
  <testcase classname="ptolemy.util.test.junit.AutoTests" name="[119] /home/travis/build/icyphy/ptII/ptolemy/actor/lib/test/auto/DiscreteClock14.xml (RunModel)" time="0.016" />
  <testcase classname="ptolemy.util.test.junit.AutoTests" name="[120] /home/travis/build/icyphy/ptII/ptolemy/actor/lib/test/auto/DiscreteClock15.xml (RunModel)" time="0.016" />
  <testcase classname="ptolemy.util.test.junit.AutoTests" name="[121] /home/travis/build/icyphy/ptII/ptolemy/actor/lib/test/auto/DiscreteClock16.xml (RunModel)" time="0.044" />
  <testcase classname="ptolemy.util.test.junit.AutoTests" name="[122] /home/travis/build/icyphy/ptII/ptolemy/actor/lib/test/auto/DiscreteClock17.xml (RunModel)" time="0.039" />
  <testcase classname="ptolemy.util.test.junit.AutoTests" name="[123] /home/travis/build/icyphy/ptII/ptolemy/actor/lib/test/auto/DiscreteClock18.xml (RunModel)" time="0.048" />
  <testcase classname="ptolemy.util.test.junit.AutoTests" name="[124] /home/travis/build/icyphy/ptII/ptolemy/actor/lib/test/auto/DiscreteClock19.xml (RunModel)" time="0.051" />
  <testcase classname="ptolemy.util.test.junit.AutoTests" name="[125] /home/travis/build/icyphy/ptII/ptolemy/actor/lib/test/auto/DiscreteClock2.xml (RunModel)" time="0.015" />
  <testcase classname="ptolemy.util.test.junit.AutoTests" name="[126] /home/travis/build/icyphy/ptII/ptolemy/actor/lib/test/auto/DiscreteClock20.xml (RunModel)" time="0.019" />
  <testcase classname="ptolemy.util.test.junit.AutoTests" name="[127] /home/travis/build/icyphy/ptII/ptolemy/actor/lib/test/auto/DiscreteClock21.xml (RunModel)" time="0.023" />
  <testcase classname="ptolemy.util.test.junit.AutoTests" name="[128] /home/travis/build/icyphy/ptII/ptolemy/actor/lib/test/auto/DiscreteClock22.xml (RunModel)" time="0.017" />
  <testcase classname="ptolemy.util.test.junit.AutoTests" name="[129] /home/travis/build/icyphy/ptII/ptolemy/actor/lib/test/auto/DiscreteClock23.xml (RunModel)" time="0.021" />
  <testcase classname="ptolemy.util.test.junit.AutoTests" name="[130] /home/travis/build/icyphy/ptII/ptolemy/actor/lib/test/auto/DiscreteClock24.xml (RunModel)" time="0.017" />
  <testcase classname="ptolemy.util.test.junit.AutoTests" name="[131] /home/travis/build/icyphy/ptII/ptolemy/actor/lib/test/auto/DiscreteClock4.xml (RunModel)" time="0.016" />
  <testcase classname="ptolemy.util.test.junit.AutoTests" name="[132] /home/travis/build/icyphy/ptII/ptolemy/actor/lib/test/auto/DiscreteClock5.xml (RunModel)" time="0.01" />
  <testcase classname="ptolemy.util.test.junit.AutoTests" name="[133] /home/travis/build/icyphy/ptII/ptolemy/actor/lib/test/auto/DiscreteClock6.xml (RunModel)" time="0.43" />
  <testcase classname="ptolemy.util.test.junit.AutoTests" name="[134] /home/travis/build/icyphy/ptII/ptolemy/actor/lib/test/auto/DiscreteClock7.xml (RunModel)" time="0.017" />
  <testcase classname="ptolemy.util.test.junit.AutoTests" name="[135] /home/travis/build/icyphy/ptII/ptolemy/actor/lib/test/auto/DiscreteClock8.xml (RunModel)" time="0.02" />
  <testcase classname="ptolemy.util.test.junit.AutoTests" name="[136] /home/travis/build/icyphy/ptII/ptolemy/actor/lib/test/auto/DiscreteClock9.xml (RunModel)" time="0.018" />
  <testcase classname="ptolemy.util.test.junit.AutoTests" name="[137] /home/travis/build/icyphy/ptII/ptolemy/actor/lib/test/auto/DisplayArray.xml (RunModel)" time="0.021" />
  <testcase classname="ptolemy.util.test.junit.AutoTests" name="[138] /home/travis/build/icyphy/ptII/ptolemy/actor/lib/test/auto/Distributor.xml (RunModel)" time="0.01" />
  <testcase classname="ptolemy.util.test.junit.AutoTests" name="[139] /home/travis/build/icyphy/ptII/ptolemy/actor/lib/test/auto/Distributor2.xml (RunModel)" time="0.009" />
  <testcase classname="ptolemy.util.test.junit.AutoTests" name="[140] /home/travis/build/icyphy/ptII/ptolemy/actor/lib/test/auto/DownSample.xml (RunModel)" time="0.031" />
  <testcase classname="ptolemy.util.test.junit.AutoTests" name="[141] /home/travis/build/icyphy/ptII/ptolemy/actor/lib/test/auto/ElectronicUnitBase1.xml (RunModel)" time="0.061" />
  <testcase classname="ptolemy.util.test.junit.AutoTests" name="[142] /home/travis/build/icyphy/ptII/ptolemy/actor/lib/test/auto/ElementsToArray.xml (RunModel)" time="0.01" />
  <testcase classname="ptolemy.util.test.junit.AutoTests" name="[143] /home/travis/build/icyphy/ptII/ptolemy/actor/lib/test/auto/Equals.xml (RunModel)" time="0.014" />
  <testcase classname="ptolemy.util.test.junit.AutoTests" name="[144] /home/travis/build/icyphy/ptII/ptolemy/actor/lib/test/auto/Exec.xml (RunModel)" time="0.021" />
  <testcase classname="ptolemy.util.test.junit.AutoTests" name="[145] /home/travis/build/icyphy/ptII/ptolemy/actor/lib/test/auto/ExecEnvironment.xml (RunModel)" time="0.039" />
  <testcase classname="ptolemy.util.test.junit.AutoTests" name="[146] /home/travis/build/icyphy/ptII/ptolemy/actor/lib/test/auto/ExecNonZeroReturnOutput.xml (RunModel)" time="0.143" />
  <testcase classname="ptolemy.util.test.junit.AutoTests" name="[147] /home/travis/build/icyphy/ptII/ptolemy/actor/lib/test/auto/ExecRunDemos.xml (RunModel)" time="9.252" />
  <testcase classname="ptolemy.util.test.junit.AutoTests" name="[148] /home/travis/build/icyphy/ptII/ptolemy/actor/lib/test/auto/ExecStop.xml (RunModel)" time="5.023" />
  <testcase classname="ptolemy.util.test.junit.AutoTests" name="[149] /home/travis/build/icyphy/ptII/ptolemy/actor/lib/test/auto/ExecutionTimeSDF.xml (RunModel)" time="6.036" />
  <testcase classname="ptolemy.util.test.junit.AutoTests" name="[150] /home/travis/build/icyphy/ptII/ptolemy/actor/lib/test/auto/Expression1.xml (RunModel)" time="0.012" />
  <testcase classname="ptolemy.util.test.junit.AutoTests" name="[151] /home/travis/build/icyphy/ptII/ptolemy/actor/lib/test/auto/Expression10.xml (RunModel)" time="0.02" />
  <testcase classname="ptolemy.util.test.junit.AutoTests" name="[152] /home/travis/build/icyphy/ptII/ptolemy/actor/lib/test/auto/Expression11.xml (RunModel)" time="0.027" />
  <testcase classname="ptolemy.util.test.junit.AutoTests" name="[153] /home/travis/build/icyphy/ptII/ptolemy/actor/lib/test/auto/Expression12.xml (RunModel)" time="0.013" />
  <testcase classname="ptolemy.util.test.junit.AutoTests" name="[154] /home/travis/build/icyphy/ptII/ptolemy/actor/lib/test/auto/Expression13.xml (RunModel)" time="0.014" />
  <testcase classname="ptolemy.util.test.junit.AutoTests" name="[155] /home/travis/build/icyphy/ptII/ptolemy/actor/lib/test/auto/Expression14.xml (RunModel)" time="0.017" />
  <testcase classname="ptolemy.util.test.junit.AutoTests" name="[156] /home/travis/build/icyphy/ptII/ptolemy/actor/lib/test/auto/Expression15.xml (RunModel)" time="0.011" />
  <testcase classname="ptolemy.util.test.junit.AutoTests" name="[157] /home/travis/build/icyphy/ptII/ptolemy/actor/lib/test/auto/Expression16.xml (RunModel)" time="0.013" />
  <testcase classname="ptolemy.util.test.junit.AutoTests" name="[158] /home/travis/build/icyphy/ptII/ptolemy/actor/lib/test/auto/Expression17.xml (RunModel)" time="0.014" />
  <testcase classname="ptolemy.util.test.junit.AutoTests" name="[159] /home/travis/build/icyphy/ptII/ptolemy/actor/lib/test/auto/Expression18.xml (RunModel)" time="0.015" />
  <testcase classname="ptolemy.util.test.junit.AutoTests" name="[160] /home/travis/build/icyphy/ptII/ptolemy/actor/lib/test/auto/Expression2.xml (RunModel)" time="0.013" />
  <testcase classname="ptolemy.util.test.junit.AutoTests" name="[161] /home/travis/build/icyphy/ptII/ptolemy/actor/lib/test/auto/Expression3.xml (RunModel)" time="0.012" />
  <testcase classname="ptolemy.util.test.junit.AutoTests" name="[162] /home/travis/build/icyphy/ptII/ptolemy/actor/lib/test/auto/Expression4.xml (RunModel)" time="0.02" />
  <testcase classname="ptolemy.util.test.junit.AutoTests" name="[163] /home/travis/build/icyphy/ptII/ptolemy/actor/lib/test/auto/Expression5.xml (RunModel)" time="0.012" />
  <testcase classname="ptolemy.util.test.junit.AutoTests" name="[164] /home/travis/build/icyphy/ptII/ptolemy/actor/lib/test/auto/Expression6.xml (RunModel)" time="0.012" />
  <testcase classname="ptolemy.util.test.junit.AutoTests" name="[165] /home/travis/build/icyphy/ptII/ptolemy/actor/lib/test/auto/Expression7.xml (RunModel)" time="0.012" />
  <testcase classname="ptolemy.util.test.junit.AutoTests" name="[166] /home/travis/build/icyphy/ptII/ptolemy/actor/lib/test/auto/Expression8.xml (RunModel)" time="0.013" />
  <testcase classname="ptolemy.util.test.junit.AutoTests" name="[167] /home/travis/build/icyphy/ptII/ptolemy/actor/lib/test/auto/Expression9.xml (RunModel)" time="0.011" />
  <testcase classname="ptolemy.util.test.junit.AutoTests" name="[168] /home/travis/build/icyphy/ptII/ptolemy/actor/lib/test/auto/ExpressionConcatenateArrayType.xml (RunModel)" time="0.033" />
  <testcase classname="ptolemy.util.test.junit.AutoTests" name="[169] /home/travis/build/icyphy/ptII/ptolemy/actor/lib/test/auto/ExpressionConcatenateArrayType2.xml (RunModel)" time="0.017" />
  <testcase classname="ptolemy.util.test.junit.AutoTests" name="[170] /home/travis/build/icyphy/ptII/ptolemy/actor/lib/test/auto/ExpressionFix.xml (RunModel)" time="0.028" />
  <testcase classname="ptolemy.util.test.junit.AutoTests" name="[171] /home/travis/build/icyphy/ptII/ptolemy/actor/lib/test/auto/ExpressionFix2.xml (RunModel)" time="0.015" />
  <testcase classname="ptolemy.util.test.junit.AutoTests" name="[172] /home/travis/build/icyphy/ptII/ptolemy/actor/lib/test/auto/ExpressionFix3.xml (RunModel)" time="0.017" />
  <testcase classname="ptolemy.util.test.junit.AutoTests" name="[173] /home/travis/build/icyphy/ptII/ptolemy/actor/lib/test/auto/FileWriter1.xml (RunModel)" time="0.011" />
  <testcase classname="ptolemy.util.test.junit.AutoTests" name="[174] /home/travis/build/icyphy/ptII/ptolemy/actor/lib/test/auto/FileWriter2.xml (RunModel)" time="0.022" />
  <testcase classname="ptolemy.util.test.junit.AutoTests" name="[175] /home/travis/build/icyphy/ptII/ptolemy/actor/lib/test/auto/FileWriter3.xml (RunModel)" time="0.017" />
  <testcase classname="ptolemy.util.test.junit.AutoTests" name="[176] /home/travis/build/icyphy/ptII/ptolemy/actor/lib/test/auto/Gaussian.xml (RunModel)" time="0.013" />
  <testcase classname="ptolemy.util.test.junit.AutoTests" name="[177] /home/travis/build/icyphy/ptII/ptolemy/actor/lib/test/auto/Gaussian1.xml (RunModel)" time="0.013" />
  <testcase classname="ptolemy.util.test.junit.AutoTests" name="[178] /home/travis/build/icyphy/ptII/ptolemy/actor/lib/test/auto/Gaussian2.xml (RunModel)" time="0.018" />
  <testcase classname="ptolemy.util.test.junit.AutoTests" name="[179] /home/travis/build/icyphy/ptII/ptolemy/actor/lib/test/auto/GradientAdaptiveLattice.xml (RunModel)" time="0.022" />
  <testcase classname="ptolemy.util.test.junit.AutoTests" name="[180] /home/travis/build/icyphy/ptII/ptolemy/actor/lib/test/auto/IIR.xml (RunModel)" time="0.016" />
  <testcase classname="ptolemy.util.test.junit.AutoTests" name="[181] /home/travis/build/icyphy/ptII/ptolemy/actor/lib/test/auto/InputOutputTransparentPorts.xml (RunModel)" time="0.018" />
  <testcase classname="ptolemy.util.test.junit.AutoTests" name="[182] /home/travis/build/icyphy/ptII/ptolemy/actor/lib/test/auto/Interpolator.xml (RunModel)" time="0.012" />
  <testcase classname="ptolemy.util.test.junit.AutoTests" name="[183] /home/travis/build/icyphy/ptII/ptolemy/actor/lib/test/auto/InterpolatorFiringLimitDE.xml (RunModel)" time="0.014" />
  <testcase classname="ptolemy.util.test.junit.AutoTests" name="[184] /home/travis/build/icyphy/ptII/ptolemy/actor/lib/test/auto/Lattice.xml (RunModel)" time="0.01" />
  <testcase classname="ptolemy.util.test.junit.AutoTests" name="[185] /home/travis/build/icyphy/ptII/ptolemy/actor/lib/test/auto/LazyAOCTestLazy.xml (RunModel)" time="0.032" />
  <testcase classname="ptolemy.util.test.junit.AutoTests" name="[186] /home/travis/build/icyphy/ptII/ptolemy/actor/lib/test/auto/LazyAOCTestNonLazy.xml (RunModel)" time="0.043" />
  <testcase classname="ptolemy.util.test.junit.AutoTests" name="[187] /home/travis/build/icyphy/ptII/ptolemy/actor/lib/test/auto/LazyInnerClass.xml (RunModel)" time="0.058" />
  <testcase classname="ptolemy.util.test.junit.AutoTests" name="[188] /home/travis/build/icyphy/ptII/ptolemy/actor/lib/test/auto/LazyPubSub.xml (RunModel)" time="0.044" />
  <testcase classname="ptolemy.util.test.junit.AutoTests" name="[189] /home/travis/build/icyphy/ptII/ptolemy/actor/lib/test/auto/LazyPubSub2.xml (RunModel)" time="0.032" />
  <testcase classname="ptolemy.util.test.junit.AutoTests" name="[190] /home/travis/build/icyphy/ptII/ptolemy/actor/lib/test/auto/LazyPubSub3.xml (RunModel)" time="0.031" />
  <testcase classname="ptolemy.util.test.junit.AutoTests" name="[191] /home/travis/build/icyphy/ptII/ptolemy/actor/lib/test/auto/LazySubClassModel.xml (RunModel)" time="0.025" />
  <testcase classname="ptolemy.util.test.junit.AutoTests" name="[192] /home/travis/build/icyphy/ptII/ptolemy/actor/lib/test/auto/LevelCrossTest1.xml (RunModel)" time="0.012" />
  <testcase classname="ptolemy.util.test.junit.AutoTests" name="[193] /home/travis/build/icyphy/ptII/ptolemy/actor/lib/test/auto/LevelCrossTest10.xml (RunModel)" time="0.022" />
  <testcase classname="ptolemy.util.test.junit.AutoTests" name="[194] /home/travis/build/icyphy/ptII/ptolemy/actor/lib/test/auto/LevelCrossTest11.xml (RunModel)" time="0.014" />
  <testcase classname="ptolemy.util.test.junit.AutoTests" name="[195] /home/travis/build/icyphy/ptII/ptolemy/actor/lib/test/auto/LevelCrossTest12.xml (RunModel)" time="0.021" />
  <testcase classname="ptolemy.util.test.junit.AutoTests" name="[196] /home/travis/build/icyphy/ptII/ptolemy/actor/lib/test/auto/LevelCrossTest13.xml (RunModel)" time="0.015" />
  <testcase classname="ptolemy.util.test.junit.AutoTests" name="[197] /home/travis/build/icyphy/ptII/ptolemy/actor/lib/test/auto/LevelCrossTest2.xml (RunModel)" time="0.011" />
  <testcase classname="ptolemy.util.test.junit.AutoTests" name="[198] /home/travis/build/icyphy/ptII/ptolemy/actor/lib/test/auto/LevelCrossTest3.xml (RunModel)" time="0.012" />
  <testcase classname="ptolemy.util.test.junit.AutoTests" name="[199] /home/travis/build/icyphy/ptII/ptolemy/actor/lib/test/auto/LevelCrossTest4.xml (RunModel)" time="0.01" />
  <testcase classname="ptolemy.util.test.junit.AutoTests" name="[200] /home/travis/build/icyphy/ptII/ptolemy/actor/lib/test/auto/LevelCrossTest5.xml (RunModel)" time="0.014" />
  <testcase classname="ptolemy.util.test.junit.AutoTests" name="[201] /home/travis/build/icyphy/ptII/ptolemy/actor/lib/test/auto/LevelCrossTest6.xml (RunModel)" time="0.016" />
  <testcase classname="ptolemy.util.test.junit.AutoTests" name="[202] /home/travis/build/icyphy/ptII/ptolemy/actor/lib/test/auto/LevelCrossTest7.xml (RunModel)" time="0.023" />
  <testcase classname="ptolemy.util.test.junit.AutoTests" name="[203] /home/travis/build/icyphy/ptII/ptolemy/actor/lib/test/auto/LevelCrossTest8.xml (RunModel)" time="0.014" />
  <testcase classname="ptolemy.util.test.junit.AutoTests" name="[204] /home/travis/build/icyphy/ptII/ptolemy/actor/lib/test/auto/LevelCrossTest9.xml (RunModel)" time="0.015" />
  <testcase classname="ptolemy.util.test.junit.AutoTests" name="[205] /home/travis/build/icyphy/ptII/ptolemy/actor/lib/test/auto/LevinsonDurbin.xml (RunModel)" time="0.011" />
  <testcase classname="ptolemy.util.test.junit.AutoTests" name="[206] /home/travis/build/icyphy/ptII/ptolemy/actor/lib/test/auto/LevinsonDurbin2.xml (RunModel)" time="0.009" />
  <testcase classname="ptolemy.util.test.junit.AutoTests" name="[207] /home/travis/build/icyphy/ptII/ptolemy/actor/lib/test/auto/LevinsonDurbin3.xml (RunModel)" time="0.014" />
  <testcase classname="ptolemy.util.test.junit.AutoTests" name="[208] /home/travis/build/icyphy/ptII/ptolemy/actor/lib/test/auto/Limiter.xml (RunModel)" time="0.037" />
  <testcase classname="ptolemy.util.test.junit.AutoTests" name="[209] /home/travis/build/icyphy/ptII/ptolemy/actor/lib/test/auto/LinearDifferenceEquationSystem.xml (RunModel)" time="0.023" />
  <testcase classname="ptolemy.util.test.junit.AutoTests" name="[210] /home/travis/build/icyphy/ptII/ptolemy/actor/lib/test/auto/LookupTable.xml (RunModel)" time="0.01" />
  <testcase classname="ptolemy.util.test.junit.AutoTests" name="[211] /home/travis/build/icyphy/ptII/ptolemy/actor/lib/test/auto/MathFunction.xml (RunModel)" time="0.025" />
  <testcase classname="ptolemy.util.test.junit.AutoTests" name="[212] /home/travis/build/icyphy/ptII/ptolemy/actor/lib/test/auto/MathFunction2.xml (RunModel)" time="0.01" />
  <testcase classname="ptolemy.util.test.junit.AutoTests" name="[213] /home/travis/build/icyphy/ptII/ptolemy/actor/lib/test/auto/MathFunction3.xml (RunModel)" time="0.026" />
  <testcase classname="ptolemy.util.test.junit.AutoTests" name="[214] /home/travis/build/icyphy/ptII/ptolemy/actor/lib/test/auto/MatrixCropBoolean.xml (RunModel)" time="0.027" />
  <testcase classname="ptolemy.util.test.junit.AutoTests" name="[215] /home/travis/build/icyphy/ptII/ptolemy/actor/lib/test/auto/MatrixCropComplex.xml (RunModel)" time="0.01" />
  <testcase classname="ptolemy.util.test.junit.AutoTests" name="[216] /home/travis/build/icyphy/ptII/ptolemy/actor/lib/test/auto/MatrixCropDouble.xml (RunModel)" time="0.009" />
  <testcase classname="ptolemy.util.test.junit.AutoTests" name="[217] /home/travis/build/icyphy/ptII/ptolemy/actor/lib/test/auto/MatrixCropFix.xml (RunModel)" time="0.01" />
  <testcase classname="ptolemy.util.test.junit.AutoTests" name="[218] /home/travis/build/icyphy/ptII/ptolemy/actor/lib/test/auto/MatrixCropInt.xml (RunModel)" time="0.01" />
  <testcase classname="ptolemy.util.test.junit.AutoTests" name="[219] /home/travis/build/icyphy/ptII/ptolemy/actor/lib/test/auto/MatrixCropLong.xml (RunModel)" time="0.008" />
  <testcase classname="ptolemy.util.test.junit.AutoTests" name="[220] /home/travis/build/icyphy/ptII/ptolemy/actor/lib/test/auto/MatrixToArray.xml (RunModel)" time="0.04" />
  <testcase classname="ptolemy.util.test.junit.AutoTests" name="[221] /home/travis/build/icyphy/ptII/ptolemy/actor/lib/test/auto/MaxIndex.xml (RunModel)" time="0.012" />
  <testcase classname="ptolemy.util.test.junit.AutoTests" name="[222] /home/travis/build/icyphy/ptII/ptolemy/actor/lib/test/auto/Maximum.xml (RunModel)" time="0.015" />
  <testcase classname="ptolemy.util.test.junit.AutoTests" name="[223] /home/travis/build/icyphy/ptII/ptolemy/actor/lib/test/auto/MaximumComplex.xml (RunModel)" time="0.018" />
  <testcase classname="ptolemy.util.test.junit.AutoTests" name="[224] /home/travis/build/icyphy/ptII/ptolemy/actor/lib/test/auto/MethodCallTest.xml (RunModel)" time="0.023" />
  <testcase classname="ptolemy.util.test.junit.AutoTests" name="[225] /home/travis/build/icyphy/ptII/ptolemy/actor/lib/test/auto/Minimum.xml (RunModel)" time="0.014" />
  <testcase classname="ptolemy.util.test.junit.AutoTests" name="[226] /home/travis/build/icyphy/ptII/ptolemy/actor/lib/test/auto/MinimumComplex.xml (RunModel)" time="0.018" />
  <testcase classname="ptolemy.util.test.junit.AutoTests" name="[227] /home/travis/build/icyphy/ptII/ptolemy/actor/lib/test/auto/MinimumMultiports.xml (RunModel)" time="0.022" />
  <testcase classname="ptolemy.util.test.junit.AutoTests" name="[228] /home/travis/build/icyphy/ptII/ptolemy/actor/lib/test/auto/ModifyDate.xml (RunModel)" time="0.042" />
  <testcase classname="ptolemy.util.test.junit.AutoTests" name="[229] /home/travis/build/icyphy/ptII/ptolemy/actor/lib/test/auto/ModifyDate2.xml (RunModel)" time="0.032" />
  <testcase classname="ptolemy.util.test.junit.AutoTests" name="[230] /home/travis/build/icyphy/ptII/ptolemy/actor/lib/test/auto/MovingAverage.xml (RunModel)" time="0.013" />
  <testcase classname="ptolemy.util.test.junit.AutoTests" name="[231] /home/travis/build/icyphy/ptII/ptolemy/actor/lib/test/auto/MovingMaximum.xml (RunModel)" time="0.019" />
  <testcase classname="ptolemy.util.test.junit.AutoTests" name="[232] /home/travis/build/icyphy/ptII/ptolemy/actor/lib/test/auto/MultipleLinksToSameRelation.xml (RunModel)" time="0.009" />
  <testcase classname="ptolemy.util.test.junit.AutoTests" name="[233] /home/travis/build/icyphy/ptII/ptolemy/actor/lib/test/auto/MultipleLinksToSameRelationDE.xml (RunModel)" time="0.012" />
  <testcase classname="ptolemy.util.test.junit.AutoTests" name="[234] /home/travis/build/icyphy/ptII/ptolemy/actor/lib/test/auto/Multiplexor.xml (RunModel)" time="0.015" />
  <testcase classname="ptolemy.util.test.junit.AutoTests" name="[235] /home/travis/build/icyphy/ptII/ptolemy/actor/lib/test/auto/Multiplexor1.xml (RunModel)" time="0.011" />
  <testcase classname="ptolemy.util.test.junit.AutoTests" name="[236] /home/travis/build/icyphy/ptII/ptolemy/actor/lib/test/auto/Multiplexor2.xml (RunModel)" time="0.018" />
  <testcase classname="ptolemy.util.test.junit.AutoTests" name="[237] /home/travis/build/icyphy/ptII/ptolemy/actor/lib/test/auto/Multiplexor3.xml (RunModel)" time="0.012" />
  <testcase classname="ptolemy.util.test.junit.AutoTests" name="[238] /home/travis/build/icyphy/ptII/ptolemy/actor/lib/test/auto/MultiplexorDE.xml (RunModel)" time="0.02" />
  <testcase classname="ptolemy.util.test.junit.AutoTests" name="[239] /home/travis/build/icyphy/ptII/ptolemy/actor/lib/test/auto/MultiportBroadcastTest.xml (RunModel)" time="0.105" />
  <testcase classname="ptolemy.util.test.junit.AutoTests" name="[240] /home/travis/build/icyphy/ptII/ptolemy/actor/lib/test/auto/MultiportOutHangDuringGetWidth.xml (RunModel)" time="0.036" />
  <testcase classname="ptolemy.util.test.junit.AutoTests" name="[241] /home/travis/build/icyphy/ptII/ptolemy/actor/lib/test/auto/NilToken.xml (RunModel)" time="0.014" />
  <testcase classname="ptolemy.util.test.junit.AutoTests" name="[242] /home/travis/build/icyphy/ptII/ptolemy/actor/lib/test/auto/NilTokenNonStrictTest.xml (RunModel)" time="0.013" />
  <testcase classname="ptolemy.util.test.junit.AutoTests" name="[243] /home/travis/build/icyphy/ptII/ptolemy/actor/lib/test/auto/NilTokenRecord.xml (RunModel)" time="0.019" />
  <testcase classname="ptolemy.util.test.junit.AutoTests" name="[244] /home/travis/build/icyphy/ptII/ptolemy/actor/lib/test/auto/NilTokenTypeTest.xml (RunModel)" time="0.03" />
  <testcase classname="ptolemy.util.test.junit.AutoTests" name="[245] /home/travis/build/icyphy/ptII/ptolemy/actor/lib/test/auto/ObjectToken1.xml (RunModel)" time="0.009" />
  <testcase classname="ptolemy.util.test.junit.AutoTests" name="[246] /home/travis/build/icyphy/ptII/ptolemy/actor/lib/test/auto/OrderedMerge.xml (RunModel)" time="0.012" />
  <testcase classname="ptolemy.util.test.junit.AutoTests" name="[247] /home/travis/build/icyphy/ptII/ptolemy/actor/lib/test/auto/OrderedRecordDisassembler.xml (RunModel)" time="0.016" />
  <testcase classname="ptolemy.util.test.junit.AutoTests" name="[248] /home/travis/build/icyphy/ptII/ptolemy/actor/lib/test/auto/OrderedRecordDisassembler2.xml (RunModel)" time="0.017" />
  <testcase classname="ptolemy.util.test.junit.AutoTests" name="[249] /home/travis/build/icyphy/ptII/ptolemy/actor/lib/test/auto/OrderedRecordUpdater.xml (RunModel)" time="0.009" />
  <testcase classname="ptolemy.util.test.junit.AutoTests" name="[250] /home/travis/build/icyphy/ptII/ptolemy/actor/lib/test/auto/OrderedRecordUpdater2.xml (RunModel)" time="0.01" />
  <testcase classname="ptolemy.util.test.junit.AutoTests" name="[251] /home/travis/build/icyphy/ptII/ptolemy/actor/lib/test/auto/PhaseUnwrap.xml (RunModel)" time="0.017" />
  <testcase classname="ptolemy.util.test.junit.AutoTests" name="[252] /home/travis/build/icyphy/ptII/ptolemy/actor/lib/test/auto/PoissonClock.xml (RunModel)" time="0.012" />
  <testcase classname="ptolemy.util.test.junit.AutoTests" name="[253] /home/travis/build/icyphy/ptII/ptolemy/actor/lib/test/auto/PoissonClock2.xml (RunModel)" time="0.014" />
  <testcase classname="ptolemy.util.test.junit.AutoTests" name="[254] /home/travis/build/icyphy/ptII/ptolemy/actor/lib/test/auto/PoissonClock3.xml (RunModel)" time="0.009" />
  <testcase classname="ptolemy.util.test.junit.AutoTests" name="[255] /home/travis/build/icyphy/ptII/ptolemy/actor/lib/test/auto/PubSubWithInitialTokens.xml (RunModel)" time="0.009" />
  <testcase classname="ptolemy.util.test.junit.AutoTests" name="[256] /home/travis/build/icyphy/ptII/ptolemy/actor/lib/test/auto/PubSubWithInitialTokens2.xml (RunModel)" time="0.01" />
  <testcase classname="ptolemy.util.test.junit.AutoTests" name="[257] /home/travis/build/icyphy/ptII/ptolemy/actor/lib/test/auto/PublisherClassNoParameter.xml (RunModel)" time="0.018" />
  <testcase classname="ptolemy.util.test.junit.AutoTests" name="[258] /home/travis/build/icyphy/ptII/ptolemy/actor/lib/test/auto/PublisherClassParameter.xml (RunModel)" time="0.019" />
  <testcase classname="ptolemy.util.test.junit.AutoTests" name="[259] /home/travis/build/icyphy/ptII/ptolemy/actor/lib/test/auto/PublisherNonStrictTest.xml (RunModel)" time="0.015" />
  <testcase classname="ptolemy.util.test.junit.AutoTests" name="[260] /home/travis/build/icyphy/ptII/ptolemy/actor/lib/test/auto/PublisherPort1.xml (RunModel)" time="0.011" />
  <testcase classname="ptolemy.util.test.junit.AutoTests" name="[261] /home/travis/build/icyphy/ptII/ptolemy/actor/lib/test/auto/PublisherPort2.xml (RunModel)" time="0.014" />
  <testcase classname="ptolemy.util.test.junit.AutoTests" name="[262] /home/travis/build/icyphy/ptII/ptolemy/actor/lib/test/auto/PublisherPort3.xml (RunModel)" time="0.011" />
  <testcase classname="ptolemy.util.test.junit.AutoTests" name="[263] /home/travis/build/icyphy/ptII/ptolemy/actor/lib/test/auto/PublisherPort4.xml (RunModel)" time="0.017" />
  <testcase classname="ptolemy.util.test.junit.AutoTests" name="[264] /home/travis/build/icyphy/ptII/ptolemy/actor/lib/test/auto/PublisherPort5.xml (RunModel)" time="0.013" />
  <testcase classname="ptolemy.util.test.junit.AutoTests" name="[265] /home/travis/build/icyphy/ptII/ptolemy/actor/lib/test/auto/PublisherPort5LookAlike.xml (RunModel)" time="0.014" />
  <testcase classname="ptolemy.util.test.junit.AutoTests" name="[266] /home/travis/build/icyphy/ptII/ptolemy/actor/lib/test/auto/PublisherPort6.xml (RunModel)" time="0.012" />
  <testcase classname="ptolemy.util.test.junit.AutoTests" name="[267] /home/travis/build/icyphy/ptII/ptolemy/actor/lib/test/auto/PublisherPort7.xml (RunModel)" time="0.015" />
  <testcase classname="ptolemy.util.test.junit.AutoTests" name="[268] /home/travis/build/icyphy/ptII/ptolemy/actor/lib/test/auto/PublisherPort8.xml (RunModel)" time="0.017" />
  <testcase classname="ptolemy.util.test.junit.AutoTests" name="[269] /home/travis/build/icyphy/ptII/ptolemy/actor/lib/test/auto/PublisherPortSubscriberChannelVariablesAOC2.xml (RunModel)" time="0.03" />
  <testcase classname="ptolemy.util.test.junit.AutoTests" name="[270] /home/travis/build/icyphy/ptII/ptolemy/actor/lib/test/auto/PublisherPortSubscriberOpaqueWidthInference.xml (RunModel)" time="0.015" />
  <testcase classname="ptolemy.util.test.junit.AutoTests" name="[271] /home/travis/build/icyphy/ptII/ptolemy/actor/lib/test/auto/PublisherPortSubscriberPortAdjacent.xml (RunModel)" time="0.016" />
  <testcase classname="ptolemy.util.test.junit.AutoTests" name="[272] /home/travis/build/icyphy/ptII/ptolemy/actor/lib/test/auto/PublisherPortSubscriberPortExpression.xml (RunModel)" time="0.016" />
  <testcase classname="ptolemy.util.test.junit.AutoTests" name="[273] /home/travis/build/icyphy/ptII/ptolemy/actor/lib/test/auto/PublisherPortSubscriberPortOpaqueD3Reverse.xml (RunModel)" time="0.02" />
  <testcase classname="ptolemy.util.test.junit.AutoTests" name="[274] /home/travis/build/icyphy/ptII/ptolemy/actor/lib/test/auto/PublisherPortSubscriberPortOpaqueWidthInference.xml (RunModel)" time="0.046" />
  <testcase classname="ptolemy.util.test.junit.AutoTests" name="[275] /home/travis/build/icyphy/ptII/ptolemy/actor/lib/test/auto/PublisherPortToplevelSubscriberPortAOC.xml (RunModel)" time="0.016" />
  <testcase classname="ptolemy.util.test.junit.AutoTests" name="[276] /home/travis/build/icyphy/ptII/ptolemy/actor/lib/test/auto/PublisherSubscriber.xml (RunModel)" time="0.013" />
  <testcase classname="ptolemy.util.test.junit.AutoTests" name="[277] /home/travis/build/icyphy/ptII/ptolemy/actor/lib/test/auto/PublisherSubscriber10.xml (RunModel)" time="0.02" />
  <testcase classname="ptolemy.util.test.junit.AutoTests" name="[278] /home/travis/build/icyphy/ptII/ptolemy/actor/lib/test/auto/PublisherSubscriber10InitialOutputs.xml (RunModel)" time="0.034" />
  <testcase classname="ptolemy.util.test.junit.AutoTests" name="[279] /home/travis/build/icyphy/ptII/ptolemy/actor/lib/test/auto/PublisherSubscriber11.xml (RunModel)" time="0.02" />
  <testcase classname="ptolemy.util.test.junit.AutoTests" name="[280] /home/travis/build/icyphy/ptII/ptolemy/actor/lib/test/auto/PublisherSubscriber12.xml (RunModel)" time="0.017" />
  <testcase classname="ptolemy.util.test.junit.AutoTests" name="[281] /home/travis/build/icyphy/ptII/ptolemy/actor/lib/test/auto/PublisherSubscriber13.xml (RunModel)" time="0.028" />
  <testcase classname="ptolemy.util.test.junit.AutoTests" name="[282] /home/travis/build/icyphy/ptII/ptolemy/actor/lib/test/auto/PublisherSubscriber14.xml (RunModel)" time="0.022" />
  <testcase classname="ptolemy.util.test.junit.AutoTests" name="[283] /home/travis/build/icyphy/ptII/ptolemy/actor/lib/test/auto/PublisherSubscriber2.xml (RunModel)" time="0.01" />
  <testcase classname="ptolemy.util.test.junit.AutoTests" name="[284] /home/travis/build/icyphy/ptII/ptolemy/actor/lib/test/auto/PublisherSubscriber3.xml (RunModel)" time="0.01" />
  <testcase classname="ptolemy.util.test.junit.AutoTests" name="[285] /home/travis/build/icyphy/ptII/ptolemy/actor/lib/test/auto/PublisherSubscriber4.xml (RunModel)" time="0.008" />
  <testcase classname="ptolemy.util.test.junit.AutoTests" name="[286] /home/travis/build/icyphy/ptII/ptolemy/actor/lib/test/auto/PublisherSubscriber5.xml (RunModel)" time="0.011" />
  <testcase classname="ptolemy.util.test.junit.AutoTests" name="[287] /home/travis/build/icyphy/ptII/ptolemy/actor/lib/test/auto/PublisherSubscriber6.xml (RunModel)" time="0.019" />
  <testcase classname="ptolemy.util.test.junit.AutoTests" name="[288] /home/travis/build/icyphy/ptII/ptolemy/actor/lib/test/auto/PublisherSubscriber7.xml (RunModel)" time="0.018" />
  <testcase classname="ptolemy.util.test.junit.AutoTests" name="[289] /home/travis/build/icyphy/ptII/ptolemy/actor/lib/test/auto/PublisherSubscriber8.xml (RunModel)" time="0.033" />
  <testcase classname="ptolemy.util.test.junit.AutoTests" name="[290] /home/travis/build/icyphy/ptII/ptolemy/actor/lib/test/auto/PublisherSubscriber9.xml (RunModel)" time="0.022" />
  <testcase classname="ptolemy.util.test.junit.AutoTests" name="[291] /home/travis/build/icyphy/ptII/ptolemy/actor/lib/test/auto/PublisherSubscriberAdjacent.xml (RunModel)" time="0.015" />
  <testcase classname="ptolemy.util.test.junit.AutoTests" name="[292] /home/travis/build/icyphy/ptII/ptolemy/actor/lib/test/auto/PublisherSubscriberChannelVariablesAOC2.xml (RunModel)" time="0.027" />
  <testcase classname="ptolemy.util.test.junit.AutoTests" name="[293] /home/travis/build/icyphy/ptII/ptolemy/actor/lib/test/auto/PublisherSubscriberD3.xml (RunModel)" time="0.017" />
  <testcase classname="ptolemy.util.test.junit.AutoTests" name="[294] /home/travis/build/icyphy/ptII/ptolemy/actor/lib/test/auto/PublisherSubscriberD3Reverse.xml (RunModel)" time="0.011" />
  <testcase classname="ptolemy.util.test.junit.AutoTests" name="[295] /home/travis/build/icyphy/ptII/ptolemy/actor/lib/test/auto/PublisherSubscriberExpression.xml (RunModel)" time="0.018" />
  <testcase classname="ptolemy.util.test.junit.AutoTests" name="[296] /home/travis/build/icyphy/ptII/ptolemy/actor/lib/test/auto/PublisherSubscriberOpaque.xml (RunModel)" time="0.012" />
  <testcase classname="ptolemy.util.test.junit.AutoTests" name="[297] /home/travis/build/icyphy/ptII/ptolemy/actor/lib/test/auto/PublisherSubscriberOpaqueD3.xml (RunModel)" time="0.02" />
  <testcase classname="ptolemy.util.test.junit.AutoTests" name="[298] /home/travis/build/icyphy/ptII/ptolemy/actor/lib/test/auto/PublisherSubscriberOpaqueD3Reverse.xml (RunModel)" time="0.021" />
  <testcase classname="ptolemy.util.test.junit.AutoTests" name="[299] /home/travis/build/icyphy/ptII/ptolemy/actor/lib/test/auto/PublisherSubscriberOpaqueWidthInference.xml (RunModel)" time="0.018" />
  <testcase classname="ptolemy.util.test.junit.AutoTests" name="[300] /home/travis/build/icyphy/ptII/ptolemy/actor/lib/test/auto/PublisherTestSubscriber.xml (RunModel)" time="0.019" />
  <testcase classname="ptolemy.util.test.junit.AutoTests" name="[301] /home/travis/build/icyphy/ptII/ptolemy/actor/lib/test/auto/PublisherToplevelSubscriberPortAOC.xml (RunModel)" time="0.011" />
  <testcase classname="ptolemy.util.test.junit.AutoTests" name="[302] /home/travis/build/icyphy/ptII/ptolemy/actor/lib/test/auto/PulseFiringLimitDE.xml (RunModel)" time="0.018" />
  <testcase classname="ptolemy.util.test.junit.AutoTests" name="[303] /home/travis/build/icyphy/ptII/ptolemy/actor/lib/test/auto/Ramp1.xml (RunModel)" time="0.007" />
  <testcase classname="ptolemy.util.test.junit.AutoTests" name="[304] /home/travis/build/icyphy/ptII/ptolemy/actor/lib/test/auto/RampFiringLimitDE.xml (RunModel)" time="0.011" />
  <testcase classname="ptolemy.util.test.junit.AutoTests" name="[305] /home/travis/build/icyphy/ptII/ptolemy/actor/lib/test/auto/RampFiringLimitSDF.xml (RunModel)" time="0.011" />
  <testcase classname="ptolemy.util.test.junit.AutoTests" name="[306] /home/travis/build/icyphy/ptII/ptolemy/actor/lib/test/auto/RandomInteger.xml (RunModel)" time="0.013" />
  <testcase classname="ptolemy.util.test.junit.AutoTests" name="[307] /home/travis/build/icyphy/ptII/ptolemy/actor/lib/test/auto/ReadFile1.xml (RunModel)" time="0.015" />
  <testcase classname="ptolemy.util.test.junit.AutoTests" name="[308] /home/travis/build/icyphy/ptII/ptolemy/actor/lib/test/auto/ReadFile2.xml (RunModel)" time="0.009" />
  <testcase classname="ptolemy.util.test.junit.AutoTests" name="[309] /home/travis/build/icyphy/ptII/ptolemy/actor/lib/test/auto/Reader.xml (RunModel)" time="0.01" />
  <testcase classname="ptolemy.util.test.junit.AutoTests" name="[310] /home/travis/build/icyphy/ptII/ptolemy/actor/lib/test/auto/RecordAssemblerDisplayNameTest.xml (RunModel)" time="3.033" />
  <testcase classname="ptolemy.util.test.junit.AutoTests" name="[311] /home/travis/build/icyphy/ptII/ptolemy/actor/lib/test/auto/RecordAssemblerTypeError.xml (RunModel)" time="0.036" />
  <testcase classname="ptolemy.util.test.junit.AutoTests" name="[312] /home/travis/build/icyphy/ptII/ptolemy/actor/lib/test/auto/RecordDisassember.xml (RunModel)" time="0.012" />
  <testcase classname="ptolemy.util.test.junit.AutoTests" name="[313] /home/travis/build/icyphy/ptII/ptolemy/actor/lib/test/auto/RecordDisassemberDisplayNameTest.xml (RunModel)" time="0.022" />
  <testcase classname="ptolemy.util.test.junit.AutoTests" name="[314] /home/travis/build/icyphy/ptII/ptolemy/actor/lib/test/auto/RecordDisassembler.xml (RunModel)" time="0.009" />
  <testcase classname="ptolemy.util.test.junit.AutoTests" name="[315] /home/travis/build/icyphy/ptII/ptolemy/actor/lib/test/auto/RecordDisassembler2.xml (RunModel)" time="0.011" />
  <testcase classname="ptolemy.util.test.junit.AutoTests" name="[316] /home/travis/build/icyphy/ptII/ptolemy/actor/lib/test/auto/RecordUpdater.xml (RunModel)" time="0.009" />
  <testcase classname="ptolemy.util.test.junit.AutoTests" name="[317] /home/travis/build/icyphy/ptII/ptolemy/actor/lib/test/auto/RecordUpdater2.xml (RunModel)" time="0.008" />
  <testcase classname="ptolemy.util.test.junit.AutoTests" name="[318] /home/travis/build/icyphy/ptII/ptolemy/actor/lib/test/auto/RecursiveLattice.xml (RunModel)" time="0.009" />
  <testcase classname="ptolemy.util.test.junit.AutoTests" name="[319] /home/travis/build/icyphy/ptII/ptolemy/actor/lib/test/auto/Router.xml (RunModel)" time="3.03" />
  <testcase classname="ptolemy.util.test.junit.AutoTests" name="[320] /home/travis/build/icyphy/ptII/ptolemy/actor/lib/test/auto/Router2.xml (RunModel)" time="3.021" />
  <testcase classname="ptolemy.util.test.junit.AutoTests" name="[321] /home/travis/build/icyphy/ptII/ptolemy/actor/lib/test/auto/RunningMaximum.xml (RunModel)" time="0.015" />
  <testcase classname="ptolemy.util.test.junit.AutoTests" name="[322] /home/travis/build/icyphy/ptII/ptolemy/actor/lib/test/auto/RunningMinimum.xml (RunModel)" time="0.011" />
  <testcase classname="ptolemy.util.test.junit.AutoTests" name="[323] /home/travis/build/icyphy/ptII/ptolemy/actor/lib/test/auto/Scale.xml (RunModel)" time="0.008" />
  <testcase classname="ptolemy.util.test.junit.AutoTests" name="[324] /home/travis/build/icyphy/ptII/ptolemy/actor/lib/test/auto/Scale2.xml (RunModel)" time="0.012" />
  <testcase classname="ptolemy.util.test.junit.AutoTests" name="[325] /home/travis/build/icyphy/ptII/ptolemy/actor/lib/test/auto/Scale3.xml (RunModel)" time="0.013" />
  <testcase classname="ptolemy.util.test.junit.AutoTests" name="[326] /home/travis/build/icyphy/ptII/ptolemy/actor/lib/test/auto/ScaleArray.xml (RunModel)" time="0.007" />
  <testcase classname="ptolemy.util.test.junit.AutoTests" name="[327] /home/travis/build/icyphy/ptII/ptolemy/actor/lib/test/auto/ScaleArray2.xml (RunModel)" time="0.008" />
  <testcase classname="ptolemy.util.test.junit.AutoTests" name="[328] /home/travis/build/icyphy/ptII/ptolemy/actor/lib/test/auto/ScaleMatrix.xml (RunModel)" time="0.109" />
  <testcase classname="ptolemy.util.test.junit.AutoTests" name="[329] /home/travis/build/icyphy/ptII/ptolemy/actor/lib/test/auto/Select.xml (RunModel)" time="0.013" />
  <testcase classname="ptolemy.util.test.junit.AutoTests" name="[330] /home/travis/build/icyphy/ptII/ptolemy/actor/lib/test/auto/Select2.xml (RunModel)" time="0.009" />
  <testcase classname="ptolemy.util.test.junit.AutoTests" name="[331] /home/travis/build/icyphy/ptII/ptolemy/actor/lib/test/auto/SequenceToArray2.xml (RunModel)" time="0.108" />
  <testcase classname="ptolemy.util.test.junit.AutoTests" name="[332] /home/travis/build/icyphy/ptII/ptolemy/actor/lib/test/auto/SequentialClock.xml (RunModel)" time="0.009" />
  <testcase classname="ptolemy.util.test.junit.AutoTests" name="[333] /home/travis/build/icyphy/ptII/ptolemy/actor/lib/test/auto/SetVariable.xml (RunModel)" time="0.01" />
  <testcase classname="ptolemy.util.test.junit.AutoTests" name="[334] /home/travis/build/icyphy/ptII/ptolemy/actor/lib/test/auto/SetVariable2.xml (RunModel)" time="0.015" />
  <testcase classname="ptolemy.util.test.junit.AutoTests" name="[335] /home/travis/build/icyphy/ptII/ptolemy/actor/lib/test/auto/SetVariable3.xml (RunModel)" time="0.011" />
  <testcase classname="ptolemy.util.test.junit.AutoTests" name="[336] /home/travis/build/icyphy/ptII/ptolemy/actor/lib/test/auto/SetVariable4.xml (RunModel)" time="0.027" />
  <testcase classname="ptolemy.util.test.junit.AutoTests" name="[337] /home/travis/build/icyphy/ptII/ptolemy/actor/lib/test/auto/SetVariable5.xml (RunModel)" time="0.03" />
  <testcase classname="ptolemy.util.test.junit.AutoTests" name="[338] /home/travis/build/icyphy/ptII/ptolemy/actor/lib/test/auto/Sinewave.xml (RunModel)" time="0.026" />
  <testcase classname="ptolemy.util.test.junit.AutoTests" name="[339] /home/travis/build/icyphy/ptII/ptolemy/actor/lib/test/auto/Sinewave2.xml (RunModel)" time="0.014" />
  <testcase classname="ptolemy.util.test.junit.AutoTests" name="[340] /home/travis/build/icyphy/ptII/ptolemy/actor/lib/test/auto/Sinewave3.xml (RunModel)" time="0.014" />
  <testcase classname="ptolemy.util.test.junit.AutoTests" name="[341] /home/travis/build/icyphy/ptII/ptolemy/actor/lib/test/auto/SingleEvent.xml (RunModel)" time="0.006" />
  <testcase classname="ptolemy.util.test.junit.AutoTests" name="[342] /home/travis/build/icyphy/ptII/ptolemy/actor/lib/test/auto/Sleep.xml (RunModel)" time="6.011" />
  <testcase classname="ptolemy.util.test.junit.AutoTests" name="[343] /home/travis/build/icyphy/ptII/ptolemy/actor/lib/test/auto/SleepMultipleFire.xml (RunModel)" time="1.017" />
  <testcase classname="ptolemy.util.test.junit.AutoTests" name="[344] /home/travis/build/icyphy/ptII/ptolemy/actor/lib/test/auto/StopDE.xml (RunModel)" time="0.018" />
  <testcase classname="ptolemy.util.test.junit.AutoTests" name="[345] /home/travis/build/icyphy/ptII/ptolemy/actor/lib/test/auto/StopSDF.xml (RunModel)" time="0.016" />
  <testcase classname="ptolemy.util.test.junit.AutoTests" name="[346] /home/travis/build/icyphy/ptII/ptolemy/actor/lib/test/auto/StringConstant.xml (RunModel)" time="0.016" />
  <testcase classname="ptolemy.util.test.junit.AutoTests" name="[347] /home/travis/build/icyphy/ptII/ptolemy/actor/lib/test/auto/SubscriberPortInitialValues1.xml (RunModel)" time="0.026" />
  <testcase classname="ptolemy.util.test.junit.AutoTests" name="[348] /home/travis/build/icyphy/ptII/ptolemy/actor/lib/test/auto/SubscriberPortInitialValues13.xml (RunModel)" time="0.027" />
  <testcase classname="ptolemy.util.test.junit.AutoTests" name="[349] /home/travis/build/icyphy/ptII/ptolemy/actor/lib/test/auto/SubscriberPortInitialValues14.xml (RunModel)" time="0.016" />
  <testcase classname="ptolemy.util.test.junit.AutoTests" name="[350] /home/travis/build/icyphy/ptII/ptolemy/actor/lib/test/auto/SubscriberPortInitialValues2.xml (RunModel)" time="0.014" />
  <testcase classname="ptolemy.util.test.junit.AutoTests" name="[351] /home/travis/build/icyphy/ptII/ptolemy/actor/lib/test/auto/SubscriberPortInitialValues3.xml (RunModel)" time="0.022" />
  <testcase classname="ptolemy.util.test.junit.AutoTests" name="[352] /home/travis/build/icyphy/ptII/ptolemy/actor/lib/test/auto/SubscriptionAggregator.xml (RunModel)" time="0.011" />
  <testcase classname="ptolemy.util.test.junit.AutoTests" name="[353] /home/travis/build/icyphy/ptII/ptolemy/actor/lib/test/auto/SubscriptionAggregator2.xml (RunModel)" time="0.012" />
  <testcase classname="ptolemy.util.test.junit.AutoTests" name="[354] /home/travis/build/icyphy/ptII/ptolemy/actor/lib/test/auto/SubscriptionAggregator3.xml (RunModel)" time="0.015" />
  <testcase classname="ptolemy.util.test.junit.AutoTests" name="[355] /home/travis/build/icyphy/ptII/ptolemy/actor/lib/test/auto/SubscriptionAggregatorMultiply.xml (RunModel)" time="0.016" />
  <testcase classname="ptolemy.util.test.junit.AutoTests" name="[356] /home/travis/build/icyphy/ptII/ptolemy/actor/lib/test/auto/SubscriptionAggregatorPortMultiply1.xml (RunModel)" time="0.014" />
  <testcase classname="ptolemy.util.test.junit.AutoTests" name="[357] /home/travis/build/icyphy/ptII/ptolemy/actor/lib/test/auto/Switch.xml (RunModel)" time="0.015" />
  <testcase classname="ptolemy.util.test.junit.AutoTests" name="[358] /home/travis/build/icyphy/ptII/ptolemy/actor/lib/test/auto/Switch2.xml (RunModel)" time="0.012" />
  <testcase classname="ptolemy.util.test.junit.AutoTests" name="[359] /home/travis/build/icyphy/ptII/ptolemy/actor/lib/test/auto/SwitchDE.xml (RunModel)" time="0.015" />
  <testcase classname="ptolemy.util.test.junit.AutoTests" name="[360] /home/travis/build/icyphy/ptII/ptolemy/actor/lib/test/auto/SynchronizerDE.xml (RunModel)" time="0.019" />
  <testcase classname="ptolemy.util.test.junit.AutoTests" name="[361] /home/travis/build/icyphy/ptII/ptolemy/actor/lib/test/auto/Test.xml (RunModel)" time="0.017" />
  <testcase classname="ptolemy.util.test.junit.AutoTests" name="[362] /home/travis/build/icyphy/ptII/ptolemy/actor/lib/test/auto/TestExceptionAttribute1.xml (RunModel)" time="0.007" />
  <testcase classname="ptolemy.util.test.junit.AutoTests" name="[363] /home/travis/build/icyphy/ptII/ptolemy/actor/lib/test/auto/TestExceptionAttribute2.xml (RunModel)" time="0.008" />
  <testcase classname="ptolemy.util.test.junit.AutoTests" name="[364] /home/travis/build/icyphy/ptII/ptolemy/actor/lib/test/auto/TestExceptionAttribute3.xml (RunModel)" time="0.007" />
  <testcase classname="ptolemy.util.test.junit.AutoTests" name="[365] /home/travis/build/icyphy/ptII/ptolemy/actor/lib/test/auto/TestExceptionAttribute4.xml (RunModel)" time="0.009" />
  <testcase classname="ptolemy.util.test.junit.AutoTests" name="[366] /home/travis/build/icyphy/ptII/ptolemy/actor/lib/test/auto/TestExceptionHandler1.xml (RunModel)" time="0.006" />
  <testcase classname="ptolemy.util.test.junit.AutoTests" name="[367] /home/travis/build/icyphy/ptII/ptolemy/actor/lib/test/auto/TestExceptionHandler2.xml (RunModel)" time="0.009" />
  <testcase classname="ptolemy.util.test.junit.AutoTests" name="[368] /home/travis/build/icyphy/ptII/ptolemy/actor/lib/test/auto/TestExceptionHandler3.xml (RunModel)" time="0.009" />
  <testcase classname="ptolemy.util.test.junit.AutoTests" name="[369] /home/travis/build/icyphy/ptII/ptolemy/actor/lib/test/auto/TestExceptionHandler4.xml (RunModel)" time="0.006" />
  <testcase classname="ptolemy.util.test.junit.AutoTests" name="[370] /home/travis/build/icyphy/ptII/ptolemy/actor/lib/test/auto/TestRequireCorrectOrder.xml (RunModel)" time="0.011" />
  <testcase classname="ptolemy.util.test.junit.AutoTests" name="[371] /home/travis/build/icyphy/ptII/ptolemy/actor/lib/test/auto/TestSimple.xml (RunModel)" time="0.007" />
  <testcase classname="ptolemy.util.test.junit.AutoTests" name="[372] /home/travis/build/icyphy/ptII/ptolemy/actor/lib/test/auto/ThrowModelError.xml (RunModel)" time="0.012" />
  <testcase classname="ptolemy.util.test.junit.AutoTests" name="[373] /home/travis/build/icyphy/ptII/ptolemy/actor/lib/test/auto/TimeDelayMicrosteps.xml (RunModel)" time="0.013" />
  <testcase classname="ptolemy.util.test.junit.AutoTests" name="[374] /home/travis/build/icyphy/ptII/ptolemy/actor/lib/test/auto/TimeDelayMicrosteps2.xml (RunModel)" time="0.014" />
  <testcase classname="ptolemy.util.test.junit.AutoTests" name="[375] /home/travis/build/icyphy/ptII/ptolemy/actor/lib/test/auto/TimeDelayMicrosteps3.xml (RunModel)" time="0.012" />
  <testcase classname="ptolemy.util.test.junit.AutoTests" name="[376] /home/travis/build/icyphy/ptII/ptolemy/actor/lib/test/auto/TimeDelayVariableMicrosteps.xml (RunModel)" time="0.012" />
  <testcase classname="ptolemy.util.test.junit.AutoTests" name="[377] /home/travis/build/icyphy/ptII/ptolemy/actor/lib/test/auto/TimeGap.xml (RunModel)" time="0.011" />
  <testcase classname="ptolemy.util.test.junit.AutoTests" name="[378] /home/travis/build/icyphy/ptII/ptolemy/actor/lib/test/auto/TimeGap2.xml (RunModel)" time="0.011" />
  <testcase classname="ptolemy.util.test.junit.AutoTests" name="[379] /home/travis/build/icyphy/ptII/ptolemy/actor/lib/test/auto/TimedSinewave.xml (RunModel)" time="0.038" />
  <testcase classname="ptolemy.util.test.junit.AutoTests" name="[380] /home/travis/build/icyphy/ptII/ptolemy/actor/lib/test/auto/TimedSinewavePhase.xml (RunModel)" time="0.022" />
  <testcase classname="ptolemy.util.test.junit.AutoTests" name="[381] /home/travis/build/icyphy/ptII/ptolemy/actor/lib/test/auto/Timer.xml (RunModel)" time="0.015" />
  <testcase classname="ptolemy.util.test.junit.AutoTests" name="[382] /home/travis/build/icyphy/ptII/ptolemy/actor/lib/test/auto/TriangularDistTestModel.xml (RunModel)" time="0.017" />
  <testcase classname="ptolemy.util.test.junit.AutoTests" name="[383] /home/travis/build/icyphy/ptII/ptolemy/actor/lib/test/auto/TrigFunction.xml (RunModel)" time="0.008" />
  <testcase classname="ptolemy.util.test.junit.AutoTests" name="[384] /home/travis/build/icyphy/ptII/ptolemy/actor/lib/test/auto/TrigFunctionDE.xml (RunModel)" time="0.011" />
  <testcase classname="ptolemy.util.test.junit.AutoTests" name="[385] /home/travis/build/icyphy/ptII/ptolemy/actor/lib/test/auto/TrigFunctionInverse.xml (RunModel)" time="0.009" />
  <testcase classname="ptolemy.util.test.junit.AutoTests" name="[386] /home/travis/build/icyphy/ptII/ptolemy/actor/lib/test/auto/TrigFunctionTan.xml (RunModel)" time="0.007" />
  <testcase classname="ptolemy.util.test.junit.AutoTests" name="[387] /home/travis/build/icyphy/ptII/ptolemy/actor/lib/test/auto/TriggeredClock.xml (RunModel)" time="0.009" />
  <testcase classname="ptolemy.util.test.junit.AutoTests" name="[388] /home/travis/build/icyphy/ptII/ptolemy/actor/lib/test/auto/URLDirectoryReader.xml (RunModel)" time="0.074" />
  <testcase classname="ptolemy.util.test.junit.AutoTests" name="[389] /home/travis/build/icyphy/ptII/ptolemy/actor/lib/test/auto/URLDirectoryReader3.xml (RunModel)" time="1.266" />
  <testcase classname="ptolemy.util.test.junit.AutoTests" name="[390] /home/travis/build/icyphy/ptII/ptolemy/actor/lib/test/auto/UnaryMathFunction.xml (RunModel)" time="0.024" />
  <testcase classname="ptolemy.util.test.junit.AutoTests" name="[391] /home/travis/build/icyphy/ptII/ptolemy/actor/lib/test/auto/Uniform.xml (RunModel)" time="0.012" />
  <testcase classname="ptolemy.util.test.junit.AutoTests" name="[392] /home/travis/build/icyphy/ptII/ptolemy/actor/lib/test/auto/UnionDisassemblerTest.xml (RunModel)" time="0.008" />
  <testcase classname="ptolemy.util.test.junit.AutoTests" name="[393] /home/travis/build/icyphy/ptII/ptolemy/actor/lib/test/auto/UtilityFunctions.xml (RunModel)" time="0.01" />
  <testcase classname="ptolemy.util.test.junit.AutoTests" name="[394] /home/travis/build/icyphy/ptII/ptolemy/actor/lib/test/auto/VariableSleep.xml (RunModel)" time="0.534" />
  <testcase classname="ptolemy.util.test.junit.AutoTests" name="[395] /home/travis/build/icyphy/ptII/ptolemy/actor/lib/test/auto/VectorAssemblerDisassemblerCT.xml (RunModel)" time="0.135" />
  <testcase classname="ptolemy.util.test.junit.AutoTests" name="[396] /home/travis/build/icyphy/ptII/ptolemy/actor/lib/test/auto/VectorAssemblerDisassemblerDE.xml (RunModel)" time="0.016" />
  <testcase classname="ptolemy.util.test.junit.AutoTests" name="[397] /home/travis/build/icyphy/ptII/ptolemy/actor/lib/test/auto/VectorAssemblerDisassemblerSDF.xml (RunModel)" time="0.015" />
  <testcase classname="ptolemy.util.test.junit.AutoTests" name="[398] /home/travis/build/icyphy/ptII/ptolemy/actor/lib/test/auto/WallClockTime.xml (RunModel)" time="1.016" />
  <testcase classname="ptolemy.util.test.junit.AutoTests" name="[399] /home/travis/build/icyphy/ptII/ptolemy/actor/lib/test/auto/WidthTestWithSubscriberPublisher.xml (RunModel)" time="0.068" />
  <testcase classname="ptolemy.util.test.junit.AutoTests" name="[400] /home/travis/build/icyphy/ptII/ptolemy/actor/lib/test/auto/WidthTestWithSubscriberPublisher2.xml (RunModel)" time="0.015" />
  <testcase classname="ptolemy.util.test.junit.AutoTests" name="[401] /home/travis/build/icyphy/ptII/ptolemy/actor/lib/test/auto/WidthTestWithSubscriberPublisher3.xml (RunModel)" time="0.011" />
  <testcase classname="ptolemy.util.test.junit.AutoTests" name="[402] /home/travis/build/icyphy/ptII/ptolemy/actor/lib/test/auto/Writer.xml (RunModel)" time="0.008" />
  <testcase classname="ptolemy.util.test.junit.AutoTests" name="[403] /home/travis/build/icyphy/ptII/ptolemy/actor/lib/test/auto/array.xml (RunModel)" time="0.009" />
  <testcase classname="ptolemy.util.test.junit.AutoTests" name="[404] /home/travis/build/icyphy/ptII/ptolemy/actor/lib/test/auto/array2.xml (RunModel)" time="0.009" />
  <testcase classname="ptolemy.util.test.junit.AutoTests" name="[405] /home/travis/build/icyphy/ptII/ptolemy/actor/lib/test/auto/arrayType.xml (RunModel)" time="0.013" />
  <testcase classname="ptolemy.util.test.junit.AutoTests" name="[406] /home/travis/build/icyphy/ptII/ptolemy/actor/lib/test/auto/arrayType10.xml (RunModel)" time="0.01" />
  <testcase classname="ptolemy.util.test.junit.AutoTests" name="[407] /home/travis/build/icyphy/ptII/ptolemy/actor/lib/test/auto/arrayType11.xml (RunModel)" time="0.009" />
  <testcase classname="ptolemy.util.test.junit.AutoTests" name="[408] /home/travis/build/icyphy/ptII/ptolemy/actor/lib/test/auto/arrayType12.xml (RunModel)" time="0.01" />
  <testcase classname="ptolemy.util.test.junit.AutoTests" name="[409] /home/travis/build/icyphy/ptII/ptolemy/actor/lib/test/auto/arrayType13.xml (RunModel)" time="0.009" />
  <testcase classname="ptolemy.util.test.junit.AutoTests" name="[410] /home/travis/build/icyphy/ptII/ptolemy/actor/lib/test/auto/arrayType14.xml (RunModel)" time="0.01" />
  <testcase classname="ptolemy.util.test.junit.AutoTests" name="[411] /home/travis/build/icyphy/ptII/ptolemy/actor/lib/test/auto/arrayType15.xml (RunModel)" time="0.01" />
  <testcase classname="ptolemy.util.test.junit.AutoTests" name="[412] /home/travis/build/icyphy/ptII/ptolemy/actor/lib/test/auto/arrayType16.xml (RunModel)" time="0.009" />
  <testcase classname="ptolemy.util.test.junit.AutoTests" name="[413] /home/travis/build/icyphy/ptII/ptolemy/actor/lib/test/auto/arrayType17.xml (RunModel)" time="0.01" />
  <testcase classname="ptolemy.util.test.junit.AutoTests" name="[414] /home/travis/build/icyphy/ptII/ptolemy/actor/lib/test/auto/arrayType18.xml (RunModel)" time="0.009" />
  <testcase classname="ptolemy.util.test.junit.AutoTests" name="[415] /home/travis/build/icyphy/ptII/ptolemy/actor/lib/test/auto/arrayType19.xml (RunModel)" time="0.009" />
  <testcase classname="ptolemy.util.test.junit.AutoTests" name="[416] /home/travis/build/icyphy/ptII/ptolemy/actor/lib/test/auto/arrayType2.xml (RunModel)" time="0.014" />
  <testcase classname="ptolemy.util.test.junit.AutoTests" name="[417] /home/travis/build/icyphy/ptII/ptolemy/actor/lib/test/auto/arrayType20.xml (RunModel)" time="0.009" />
  <testcase classname="ptolemy.util.test.junit.AutoTests" name="[418] /home/travis/build/icyphy/ptII/ptolemy/actor/lib/test/auto/arrayType21.xml (RunModel)" time="0.008" />
  <testcase classname="ptolemy.util.test.junit.AutoTests" name="[419] /home/travis/build/icyphy/ptII/ptolemy/actor/lib/test/auto/arrayType22.xml (RunModel)" time="0.01" />
  <testcase classname="ptolemy.util.test.junit.AutoTests" name="[420] /home/travis/build/icyphy/ptII/ptolemy/actor/lib/test/auto/arrayType23.xml (RunModel)" time="0.008" />
  <testcase classname="ptolemy.util.test.junit.AutoTests" name="[421] /home/travis/build/icyphy/ptII/ptolemy/actor/lib/test/auto/arrayType24.xml (RunModel)" time="0.009" />
  <testcase classname="ptolemy.util.test.junit.AutoTests" name="[422] /home/travis/build/icyphy/ptII/ptolemy/actor/lib/test/auto/arrayType25.xml (RunModel)" time="0.009" />
  <testcase classname="ptolemy.util.test.junit.AutoTests" name="[423] /home/travis/build/icyphy/ptII/ptolemy/actor/lib/test/auto/arrayType26.xml (RunModel)" time="0.009" />
  <testcase classname="ptolemy.util.test.junit.AutoTests" name="[424] /home/travis/build/icyphy/ptII/ptolemy/actor/lib/test/auto/arrayType27.xml (RunModel)" time="0.009" />
  <testcase classname="ptolemy.util.test.junit.AutoTests" name="[425] /home/travis/build/icyphy/ptII/ptolemy/actor/lib/test/auto/arrayType28.xml (RunModel)" time="0.009" />
  <testcase classname="ptolemy.util.test.junit.AutoTests" name="[426] /home/travis/build/icyphy/ptII/ptolemy/actor/lib/test/auto/arrayType3.xml (RunModel)" time="0.009" />
  <testcase classname="ptolemy.util.test.junit.AutoTests" name="[427] /home/travis/build/icyphy/ptII/ptolemy/actor/lib/test/auto/arrayType4.xml (RunModel)" time="0.01" />
  <testcase classname="ptolemy.util.test.junit.AutoTests" name="[428] /home/travis/build/icyphy/ptII/ptolemy/actor/lib/test/auto/arrayType5.xml (RunModel)" time="0.011" />
  <testcase classname="ptolemy.util.test.junit.AutoTests" name="[429] /home/travis/build/icyphy/ptII/ptolemy/actor/lib/test/auto/arrayType6.xml (RunModel)" time="0.009" />
  <testcase classname="ptolemy.util.test.junit.AutoTests" name="[430] /home/travis/build/icyphy/ptII/ptolemy/actor/lib/test/auto/arrayType7.xml (RunModel)" time="0.022" />
  <testcase classname="ptolemy.util.test.junit.AutoTests" name="[431] /home/travis/build/icyphy/ptII/ptolemy/actor/lib/test/auto/arrayType8.xml (RunModel)" time="0.011" />
  <testcase classname="ptolemy.util.test.junit.AutoTests" name="[432] /home/travis/build/icyphy/ptII/ptolemy/actor/lib/test/auto/arrayType9.xml (RunModel)" time="0.009" />
  <testcase classname="ptolemy.util.test.junit.AutoTests" name="[433] /home/travis/build/icyphy/ptII/ptolemy/actor/lib/test/auto/cast.xml (RunModel)" time="0.01" />
  <testcase classname="ptolemy.util.test.junit.AutoTests" name="[434] /home/travis/build/icyphy/ptII/ptolemy/actor/lib/test/auto/compositeMultiPort.xml (RunModel)" time="0.018" />
  <testcase classname="ptolemy.util.test.junit.AutoTests" name="[435] /home/travis/build/icyphy/ptII/ptolemy/actor/lib/test/auto/expressionCastInference.xml (RunModel)" time="0.009" />
  <testcase classname="ptolemy.util.test.junit.AutoTests" name="[436] /home/travis/build/icyphy/ptII/ptolemy/actor/lib/test/auto/expressionCastInference2.xml (RunModel)" time="0.009" />
  <testcase classname="ptolemy.util.test.junit.AutoTests" name="[437] /home/travis/build/icyphy/ptII/ptolemy/actor/lib/test/auto/expressionInference.xml (RunModel)" time="0.009" />
  <testcase classname="ptolemy.util.test.junit.AutoTests" name="[438] /home/travis/build/icyphy/ptII/ptolemy/actor/lib/test/auto/expression_bug.xml (RunModel)" time="0.009" />
  <testcase classname="ptolemy.util.test.junit.AutoTests" name="[439] /home/travis/build/icyphy/ptII/ptolemy/actor/lib/test/auto/factorial.xml (RunModel)" time="0.058" />
  <testcase classname="ptolemy.util.test.junit.AutoTests" name="[440] /home/travis/build/icyphy/ptII/ptolemy/actor/lib/test/auto/filterTest1.xml (RunModel)" time="0.013" />
  <testcase classname="ptolemy.util.test.junit.AutoTests" name="[441] /home/travis/build/icyphy/ptII/ptolemy/actor/lib/test/auto/funcApplyInConst.xml (RunModel)" time="0.008" />
  <testcase classname="ptolemy.util.test.junit.AutoTests" name="[442] /home/travis/build/icyphy/ptII/ptolemy/actor/lib/test/auto/funcApplyInExpr.xml (RunModel)" time="0.007" />
  <testcase classname="ptolemy.util.test.junit.AutoTests" name="[443] /home/travis/build/icyphy/ptII/ptolemy/actor/lib/test/auto/function.xml (RunModel)" time="0.012" />
  <testcase classname="ptolemy.util.test.junit.AutoTests" name="[444] /home/travis/build/icyphy/ptII/ptolemy/actor/lib/test/auto/function2.xml (RunModel)" time="0.012" />
  <testcase classname="ptolemy.util.test.junit.AutoTests" name="[445] /home/travis/build/icyphy/ptII/ptolemy/actor/lib/test/auto/function3.xml (RunModel)" time="0.008" />
  <testcase classname="ptolemy.util.test.junit.AutoTests" name="[446] /home/travis/build/icyphy/ptII/ptolemy/actor/lib/test/auto/functionClosureTest1.xml (RunModel)" time="0.011" />
  <testcase classname="ptolemy.util.test.junit.AutoTests" name="[447] /home/travis/build/icyphy/ptII/ptolemy/actor/lib/test/auto/functionClosureTest2.xml (RunModel)" time="0.008" />
  <testcase classname="ptolemy.util.test.junit.AutoTests" name="[448] /home/travis/build/icyphy/ptII/ptolemy/actor/lib/test/auto/functionClosureTest3.xml (RunModel)" time="0.011" />
  <testcase classname="ptolemy.util.test.junit.AutoTests" name="[449] /home/travis/build/icyphy/ptII/ptolemy/actor/lib/test/auto/functionClosureTest4.xml (RunModel)" time="0.016" />
  <testcase classname="ptolemy.util.test.junit.AutoTests" name="[450] /home/travis/build/icyphy/ptII/ptolemy/actor/lib/test/auto/functionClosureTest5.xml (RunModel)" time="0.013" />
  <testcase classname="ptolemy.util.test.junit.AutoTests" name="[451] /home/travis/build/icyphy/ptII/ptolemy/actor/lib/test/auto/functionClosureTest6.xml (RunModel)" time="0.011" />
  <testcase classname="ptolemy.util.test.junit.AutoTests" name="[452] /home/travis/build/icyphy/ptII/ptolemy/actor/lib/test/auto/functionsOnArcs.xml (RunModel)" time="0.009" />
  <testcase classname="ptolemy.util.test.junit.AutoTests" name="[453] /home/travis/build/icyphy/ptII/ptolemy/actor/lib/test/auto/functionsOnArcsHOF.xml (RunModel)" time="0.014" />
  <testcase classname="ptolemy.util.test.junit.AutoTests" name="[454] /home/travis/build/icyphy/ptII/ptolemy/actor/lib/test/auto/logic.xml (RunModel)" time="0.021" />
  <testcase classname="ptolemy.util.test.junit.AutoTests" name="[455] /home/travis/build/icyphy/ptII/ptolemy/actor/lib/test/auto/matrixType.xml (RunModel)" time="0.009" />
  <testcase classname="ptolemy.util.test.junit.AutoTests" name="[456] /home/travis/build/icyphy/ptII/ptolemy/actor/lib/test/auto/matrixType10.xml (RunModel)" time="0.009" />
  <testcase classname="ptolemy.util.test.junit.AutoTests" name="[457] /home/travis/build/icyphy/ptII/ptolemy/actor/lib/test/auto/matrixType11.xml (RunModel)" time="0.009" />
  <testcase classname="ptolemy.util.test.junit.AutoTests" name="[458] /home/travis/build/icyphy/ptII/ptolemy/actor/lib/test/auto/matrixType12.xml (RunModel)" time="0.011" />
  <testcase classname="ptolemy.util.test.junit.AutoTests" name="[459] /home/travis/build/icyphy/ptII/ptolemy/actor/lib/test/auto/matrixType13.xml (RunModel)" time="0.009" />
  <testcase classname="ptolemy.util.test.junit.AutoTests" name="[460] /home/travis/build/icyphy/ptII/ptolemy/actor/lib/test/auto/matrixType14.xml (RunModel)" time="0.009" />
  <testcase classname="ptolemy.util.test.junit.AutoTests" name="[461] /home/travis/build/icyphy/ptII/ptolemy/actor/lib/test/auto/matrixType2.xml (RunModel)" time="0.011" />
  <testcase classname="ptolemy.util.test.junit.AutoTests" name="[462] /home/travis/build/icyphy/ptII/ptolemy/actor/lib/test/auto/matrixType3.xml (RunModel)" time="0.013" />
  <testcase classname="ptolemy.util.test.junit.AutoTests" name="[463] /home/travis/build/icyphy/ptII/ptolemy/actor/lib/test/auto/matrixType4.xml (RunModel)" time="0.009" />
  <testcase classname="ptolemy.util.test.junit.AutoTests" name="[464] /home/travis/build/icyphy/ptII/ptolemy/actor/lib/test/auto/matrixType5.xml (RunModel)" time="0.01" />
  <testcase classname="ptolemy.util.test.junit.AutoTests" name="[465] /home/travis/build/icyphy/ptII/ptolemy/actor/lib/test/auto/matrixType6.xml (RunModel)" time="0.009" />
  <testcase classname="ptolemy.util.test.junit.AutoTests" name="[466] /home/travis/build/icyphy/ptII/ptolemy/actor/lib/test/auto/matrixType7.xml (RunModel)" time="0.01" />
  <testcase classname="ptolemy.util.test.junit.AutoTests" name="[467] /home/travis/build/icyphy/ptII/ptolemy/actor/lib/test/auto/matrixType8.xml (RunModel)" time="0.012" />
  <testcase classname="ptolemy.util.test.junit.AutoTests" name="[468] /home/travis/build/icyphy/ptII/ptolemy/actor/lib/test/auto/matrixType9.xml (RunModel)" time="0.009" />
  <testcase classname="ptolemy.util.test.junit.AutoTests" name="[469] /home/travis/build/icyphy/ptII/ptolemy/actor/lib/test/auto/paraFunctest.xml (RunModel)" time="0.008" />
  <testcase classname="ptolemy.util.test.junit.AutoTests" name="[470] /home/travis/build/icyphy/ptII/ptolemy/actor/lib/test/auto/paraFunctest2.xml (RunModel)" time="0.012" />
  <testcase classname="ptolemy.util.test.junit.AutoTests" name="[471] /home/travis/build/icyphy/ptII/ptolemy/actor/lib/test/auto/parameterPassing.xml (RunModel)" time="0.01" />
  <testcase classname="ptolemy.util.test.junit.AutoTests" name="[472] /home/travis/build/icyphy/ptII/ptolemy/actor/lib/test/auto/record.xml (RunModel)" time="0.013" />
  <testcase classname="ptolemy.util.test.junit.AutoTests" name="[473] /home/travis/build/icyphy/ptII/ptolemy/actor/lib/test/auto/sizedarray1.xml (RunModel)" time="0.01" />
  <testcase classname="ptolemy.util.test.junit.AutoTests" name="[474] /home/travis/build/icyphy/ptII/ptolemy/actor/lib/test/auto/sizedarray2.xml (RunModel)" time="0.012" />
  <testcase classname="ptolemy.util.test.junit.AutoTests" name="[475] /home/travis/build/icyphy/ptII/ptolemy/actor/lib/test/auto/twoPublishers.xml (RunModel)" time="0.022" />
  <system-out><![CDATA[/home/travis/build/icyphy/ptII/ptolemy/actor/lib/test/AbsoluteValue.tcl
testDefs.tcl: setting time out to 9000 seconds at Thu May 23 04:22:03 UTC 2019
78 ms. Memory: 116224K Free: 109612K (94%)
4 ms. Memory: 116224K Free: 108413K (93%)
4 ms. Memory: 116224K Free: 107777K (93%)
4 ms. Memory: 116224K Free: 107182K (92%)
/home/travis/build/icyphy/ptII/ptolemy/actor/lib/test/AddSubtract.tcl
17 ms. Memory: 116224K Free: 104783K (90%)
14 ms. Memory: 116224K Free: 104180K (90%)
11 ms. Memory: 116224K Free: 103569K (89%)
14 ms. Memory: 116224K Free: 102378K (88%)
13 ms. Memory: 116224K Free: 101766K (88%)
9 ms. Memory: 116224K Free: 101163K (87%)
/home/travis/build/icyphy/ptII/ptolemy/actor/lib/test/Average.tcl
7 ms. Memory: 116224K Free: 99336K (85%)
10 ms. Memory: 116224K Free: 98129K (84%)
/home/travis/build/icyphy/ptII/ptolemy/actor/lib/test/Bernoulli.tcl
7 ms. Memory: 116224K Free: 96327K (83%)
1 ms. Memory: 116224K Free: 95715K (82%)
/home/travis/build/icyphy/ptII/ptolemy/actor/lib/test/Clock.tcl
preinitializing
resolving types
initializing
executing number 1
wrapping up
idle
18 ms. Memory: 116224K Free: 93921K (81%)
Completed execution with 5 iterations
preinitializing
resolving types
initializing
executing number 1
wrapping up
idle
3 ms. Memory: 116224K Free: 92714K (80%)
Completed execution with 5 iterations
preinitializing
resolving types
initializing
executing number 1
wrapping up
idle
3 ms. Memory: 116224K Free: 92078K (79%)
Completed execution with 5 iterations
/home/travis/build/icyphy/ptII/ptolemy/actor/lib/test/Commutator.tcl
9 ms. Memory: 116224K Free: 90235K (78%)
16 ms. Memory: 116224K Free: 89036K (77%)
8 ms. Memory: 116224K Free: 84828K (73%)
/home/travis/build/icyphy/ptII/ptolemy/actor/lib/test/Const.tcl
3 ms. Memory: 116224K Free: 83033K (71%)
12 ms. Memory: 116224K Free: 82430K (71%)
2 ms. Memory: 116224K Free: 81826K (70%)
1 ms. Memory: 116224K Free: 81215K (70%)
19 ms. Memory: 146944K Free: 140412K (96%)
20 ms. Memory: 146944K Free: 138817K (94%)
4 ms. Memory: 146944K Free: 137621K (94%)
3 ms. Memory: 146944K Free: 135180K (92%)
/home/travis/build/icyphy/ptII/ptolemy/actor/lib/test/CurrentTime.tcl
preinitializing
resolving types
initializing
executing number 1
wrapping up
idle
15 ms. Memory: 146944K Free: 133968K (91%)
Completed execution with 11 iterations
/home/travis/build/icyphy/ptII/ptolemy/actor/lib/test/DB.tcl
7 ms. Memory: 146944K Free: 131568K (90%)
1 ms. Memory: 146944K Free: 131568K (90%)
2 ms. Memory: 146944K Free: 130373K (89%)
/home/travis/build/icyphy/ptII/ptolemy/actor/lib/test/DiscreteRandomSource.tcl
preinitializing
resolving types
initializing
executing number 1
wrapping up
idle
9 ms. Memory: 146944K Free: 129161K (88%)
Completed execution with 4 iterations
preinitializing
resolving types
initializing
executing number 1
wrapping up
idle
2 ms. Memory: 146944K Free: 129161K (88%)
Completed execution with 4 iterations
preinitializing
resolving types
initializing
executing number 1
wrapping up
idle
2 ms. Memory: 146944K Free: 127965K (87%)
Completed execution with 4 iterations
preinitializing
resolving types
initializing
executing number 1
wrapping up
idle
7 ms. Memory: 146944K Free: 127965K (87%)
Completed execution with 4 iterations
preinitializing
resolving types
initializing
executing number 1
wrapping up
idle
4 ms. Memory: 146944K Free: 127965K (87%)
Completed execution with 4 iterations
/home/travis/build/icyphy/ptII/ptolemy/actor/lib/test/Distributor.tcl
4 ms. Memory: 146944K Free: 125573K (85%)
3 ms. Memory: 146944K Free: 125573K (85%)
StreamChangeRequest.changeExecuted(): <deleteEntity name="rec2"/> succeeded
StreamChangeRequest.changeExecuted(): <deleteRelation name="r2"/> succeeded
StreamChangeRequest.changeExecuted(): Record firings per iteration succeeded
4 ms. Memory: 146944K Free: 123180K (84%)
/home/travis/build/icyphy/ptII/ptolemy/actor/lib/test/Exit.tcl
Exit.tcl: this will print a message about Manager.exitAfterWrapup, which can be ignored.
5 ms. Memory: 146944K Free: 118978K (81%)
/home/travis/build/icyphy/ptII/ptolemy/actor/lib/test/Expression.tcl
6 ms. Memory: 146944K Free: 116553K (79%)
3 ms. Memory: 146944K Free: 115357K (79%)
2 ms. Memory: 146944K Free: 115357K (79%)
preinitializing
resolving types
initializing
executing number 1
wrapping up
idle
4 ms. Memory: 146944K Free: 112965K (77%)
Completed execution with 6 iterations
3 ms. Memory: 146944K Free: 112965K (77%)
2 ms. Memory: 146944K Free: 111769K (76%)
4 ms. Memory: 146944K Free: 110573K (75%)
3 ms. Memory: 146944K Free: 109377K (74%)
3 ms. Memory: 146944K Free: 108181K (74%)
/home/travis/build/icyphy/ptII/ptolemy/actor/lib/test/Gaussian.tcl
10 ms. Memory: 146944K Free: 106985K (73%)
sleeping 1 seconds: .....................................................................................................................................................................................................................................................................................................................................................................................................................................................................................................................................................................................................................................................................................................................................................................................................................................................................................................................................................................................................................................................................................................................................................................................................................................................................................................................................................................................................................................................................................................................................................................................................................................................................................................................................................................................................................................................................................................................................................................................................................................................................................................................................................................................................................................................................................................................................................................................................................................................................................................................................................................................................................................................................................................................................................................................................................................................................................................................................................................................................................................................................................................................................................................................................................................................................................................................................................................................................................................................................................................................................................................................................................................................................................................................................................................................................................................................................................................................................................................................................................................................................................................................................................................................................................................................................................................................................................................................................................................................................................................................................................................................................................................................................................................................................................................................................................................................................................................................................................................................................................................................................................................................................................................................................................................................................................................................................................................................................................................................................................................................................................................................................................................................................................................................................................................................................................................................................................................................................................................................................................................................................................................................................................................................................................................................................................................................................................................................................................................................................................................................................................................................................................................................................................................................................................................................................................................................................................................................................................................................................................................................................................................................................................................................................................................................................................................................................................................................................................................................................................................................................................................................................................................................................................................................................................................................................................................................................................................................................................................................................................................................................................................................................................................................................................................................................................................................................................................................................................................................................................................................................................................................................................................................................................................................................................................................................................................................................................................................................................................................................................................................................................................................................................................................................................................................................................................................................................................................................................................................................................................................................................................................................................................................................................................................................................................................................................................................................................................................................................................................................................................................................................................................................................................................................................................................................................................................................................................................................................................................................................................................................................................................................................................................................................................................................................................................................................................................................................................................................................................................................................................................................................................................................................................................................................................................................................................................................................................................................................................................................................................................................................................................................................................................................................................................................................................................................................................................................................................................................................................................................................................................................................................................................................................................................................................................................................................................................................................................................................................................................................................................................................................................................................................................................................................................................................................................................................................................................................................................................................................................................................................................................................................................................................................................................................................................................................................................................................................................................................................................................................................................................................................................................................................................................................................................................................................................................................................................................................................................................................................................................................................................................................................................................................................................................................................................................................................................................................................................................................................................................................................................................................................................................................................................................................................................................................................................................................................................................................................................................................................................................................................................................................................................................................................................................................................................................................................................................................................................................................................................................................................................................................................................................................................................................................................................................................................................................................................................................................................................................................................................................................................................................................................................................................................................................................................................................................................................................................................................................................................................................................................................................................................................................................................................................................................................................................................................................................................................................................................................................................................................................................................................................................................................................................................................................................................................................................................................................................................................................................................................................................................................................................................................................................................................................................................................................................................................................................................................................................................................................................................................................................................................................................................................................................................................................................................................................................................................................................................................................................................................................................................................................................................................................................................................................................................................................................................................................................................................................................................................................................................................................................................................................................................................................................................................................................................................................................................................................................................................................................................................................................................................................................................................................................................................................................................................................................................................................................................................................................................................................................................................................................................................................................................................................................................................................................................................................................................................................................................................................................................................................................................................................................................................................................................................................................................................................................................................................................................................................................................................................................................................................................................................................................................................................................................................................................................................................................................................................................................................................................................................................................................................................................................................................................................................................................................................................................................................................................................................................................................................................................................................................................................................................................................................................................................................................................................................................................................................................................................................................................................................................................................................................................................................................................................................................................................................................................................................................................................................................................................................................................................................................................................................................................................................................................................................................................................................................................................................................................................................................................................................................................................................................................................................................................................................................................................................................................................................................................................................................................................................................................................................................................................................................................................................................................................................................................................................................................................................................................................................................................................................................................................................................................................................................................................................................................................................................................................................................................................................................................................................................................................................................................................................................................................................................................................................................................................................................................................................................................................................................................................................................................................................................................................................................................................................................................................................................................................................................................................................................................................................................................................................................................................................................................................................................................................................................................................................................................................................................................................................................................................................................................................................................................................................................................................................................................................................................................................................................................................................................................................................................................................................................................................................................................................................................................................................................................................................................................................................................................................................................................................................................................................................................................................................................................................................................................................................................................................................................................................................................................................................................................................................................................................................................................................................................................................................................................................................................................................................................................................................................................................................................................................................................................................................................................................................................................................................................................................................................................................................................................................................................................................................................................................................................................................................................................................................................................................................................................................................................................................................................................................................................................................................................................................................................................................................................................................................................................................................................................................................................................................................................................................................................................................................................................................................................................................................................................................................................................................................................................................................................................................................................................................................................................................................................................................................................................................................................................................................................................................................................................................................................................................................................................................................................................................................................................................................................................................................................................................................................................................................................................................................................................................................................................................................................................................................................................................................................................................................................................................................................................................................................................................................................................................................................................................................................................................................................................................................................................................................................................................................................................................................................................................................................................................................................................................................................................................................................................................................................................................................................................................................................................................................................................................................................................................................................................................................................................................................................................................................................................................................................................................................................................................................................................................................................................................................................................................................................................................................................................................................................................................................................................................................................................................................................................................................................................................................................................................................................................................................................................................................................................................................................................................................................................................................................................................................................................................................................................................................................................................................................................................................................................................................................................................................................................................................................................................................................................................................................................................................................................................................................................................................................................................................................................................................................................................................................................................................................................................................................................................................................................................................................................................................................................................................................................................................................................................................................................................................................................................................................................................................................................................................................................................................................................................................................................................................................................................................................................................................................................................................................................................................................................................................................................................................................................................................................................................................................................................................................................................................................................................................................................................................................................................................................................................................................................................................................................................................................................................................................................................................................................................................................................................................................................................................................................................................................................................................................................................................................................................................................................................................................................................................................................................................................................................................................................................................................................................................................................................................................................................................................................................................................................................................................................................................................................................................................................................................................................................................................................................................................................................................................................................................................................................................................................................................................................................................................................................................................................................................................................................................................................................................................................................................................................................................................................................................................................................................................................................................................................................................................................................................................................................................................................................................................................................................................................................................................................................................................................................................................................................................................................................................................................................................................................................................................................................................................................................................................................................................................................................................................................................................................................................................................................................................................................................................................................................................................................................................................................................................................................................................................................................................................................................................................................................................................................................................................................................................................................................................................................................................................................................................................................................................................................................................................................................................................................................................................................................................................................................................................................................................................................................................................................................................................................................................................................................................................................................................................................................................................................................................................................................................................................................................................................................................................................................................................................................................................................................................................................................................................................................................................................................................................................................................................................................................................................................................................................................................................................................................................................................................................................................................................................................................................................................................................................................................................................................................................................................................................................................................................................................................................................................................................................................................................................................................................................................................................................................................................................................................................................................................................................................................................................................................................................................................................................................................................................................................................................................................................................................................................................................................................................................................................................................................................................................................................................................................................................................................................................................................................................................................................................................................................................................................................................................................................................................................................................................................................................................................................................................................................................................................................................................................................................................................................................................................................................................................................................................................................................................................................................................................................................................................................................................................................................................................................................................................................................................................................................................................................................................................................................................................................................................................................................................................................................................................................................................................................................................................................................................................................................................................................................................................................................................................................................................................................................................................................................................................................................................................................................................................................................................................................................................................................................................................................................................................................................................................................................................................................................................................................................................................................................................................................................................................................................................................................................................................................................................................................................................................................................................................................................................................................................................................................................................................................................................................................................................................................................................................................................................................................................................................................................................................................................................................................................................................................................................................................................................................................................................................................................................................................................................................................................................................................................................................................................................................................................................................................................................................................................................................................................................................................................................................................................................................................................................................................................................................................................................................................................................................................................................................................................................................................................................................................................................................................................................................................................................................................................................................................................................................................................................................................................................................................................................................................................................................................................................................................................................................................................................................................................................................................................................................................................................................................................................................................................................................................................................................................................................................................................................................................................................................................................................................................................................................................................................................................................................................................................................................................................................................................................................................................................................................................................................................................................................................................................................................................................................................................................................................................................................................................................................................................................................................................................................................................................................................................................................................................................................................................................................................................................................................................................................................................................................................................................................................................................................................................................................................................................................................................................................................................................................................................................................................................................................................................................................................................................................................................................................................................................................................................................................................................................................................................................................................................................................................................................................................................................................................................................................................................................................................................................................................................................................................................................................................................................................................................................................................................................................................................................................................................................................................................................................................................................................................................................................................................................................................................................................................................................................................................................................................................................................................................................................................................................................................................................................................................................................................................................................................................................................................................................................................................................................................................................................................................................................................................................................................................................................................................................................................................................................................................................................................................................................................................................................................................................................................................................................................................................................................................................................................................................................................................................................................................................................................................................................................................................................................................................................................................................................................................................................................................................................................................................................................................................................................................................................................................................................................................................................................................................................................................................................................................................................................................................................................................................................................................................................................................................................................................................................................................................................................................................................................................................................................................................................................................................................................................................................................................................................................................................................................................................................................................................................................................................................................................................................................................................................................................................................................................................................................................................................................................................................................................................................................................................................................................................................................................................................................................................................................................................................................................................................................................................................................................................................................................................................................................................................................................................................................................................................................................................................................................................................................................................................................................................................................................................................................................................................................................................................................................................................................................................4 ms. Memory: 208384K Free: 154435K (74%)
3 ms. Memory: 208384K Free: 154435K (74%)
2 ms. Memory: 208384K Free: 154435K (74%)
7 ms. Memory: 208384K Free: 154435K (74%)
6 ms. Memory: 208384K Free: 152016K (73%)
/home/travis/build/icyphy/ptII/ptolemy/actor/lib/test/IIR.tcl
/home/travis/build/icyphy/ptII/ptolemy/actor/lib/test/Interpolator.tcl
6 ms. Memory: 208384K Free: 149597K (72%)
7 ms. Memory: 208384K Free: 147178K (71%)
2 ms. Memory: 208384K Free: 147178K (71%)
9 ms. Memory: 208384K Free: 147178K (71%)
2 ms. Memory: 208384K Free: 147178K (71%)
7 ms. Memory: 208384K Free: 144758K (69%)
2 ms. Memory: 208384K Free: 144758K (69%)
2 ms. Memory: 208384K Free: 142339K (68%)
2 ms. Memory: 208384K Free: 142339K (68%)
2 ms. Memory: 208384K Free: 142339K (68%)
/home/travis/build/icyphy/ptII/ptolemy/actor/lib/test/MathFunction.tcl
8 ms. Memory: 208384K Free: 139920K (67%)
12 ms. Memory: 208384K Free: 137501K (66%)
1 ms. Memory: 208384K Free: 137501K (66%)
1 ms. Memory: 208384K Free: 137501K (66%)
4 ms. Memory: 208384K Free: 135082K (65%)
4 ms. Memory: 208384K Free: 132663K (64%)
/home/travis/build/icyphy/ptII/ptolemy/actor/lib/test/Maximum.tcl
5 ms. Memory: 208384K Free: 132663K (64%)
3 ms. Memory: 208384K Free: 130243K (63%)
3 ms. Memory: 208384K Free: 130243K (63%)
2 ms. Memory: 208384K Free: 130243K (63%)
/home/travis/build/icyphy/ptII/ptolemy/actor/lib/test/Minimum.tcl
4 ms. Memory: 208384K Free: 127824K (61%)
2 ms. Memory: 208384K Free: 127824K (61%)
2 ms. Memory: 208384K Free: 125405K (60%)
2 ms. Memory: 208384K Free: 125405K (60%)
/home/travis/build/icyphy/ptII/ptolemy/actor/lib/test/MultiplyDivide.tcl
6 ms. Memory: 208384K Free: 122986K (59%)
8 ms. Memory: 208384K Free: 122986K (59%)
2 ms. Memory: 208384K Free: 122986K (59%)
4 ms. Memory: 208384K Free: 120567K (58%)
4 ms. Memory: 208384K Free: 120567K (58%)
/home/travis/build/icyphy/ptII/ptolemy/actor/lib/test/OrderedMerge.tcl
Connections changed on port: inputA
Connections changed on port: inputB
Connections changed on port: output
Connections changed on port: output
Connections changed on port: output
Connections changed on port: input
.top. Preinitializing ...
Invoking preinitialize():  .top.OrderedMerge
Called preinitialize()
Invoking preinitialize():  .top.Ramp
Called preinitialize()
Invoking preinitialize():  .top.Ramp2
Called preinitialize()
Invoking preinitialize():  .top.Test
Called preinitialize()
Connections changed on port: inputA
Connections changed on port: output
Connections changed on port: inputB
Connections changed on port: output
Connections changed on port: output
Connections changed on port: input
.top. Finished preinitialize().
Called initialize().
Invoking initialize():  .top.OrderedMerge
Initializing actor: .top.OrderedMerge
Adding a thread: .top.OrderedMerge
Invoking initialize():  .top.Ramp
Initializing actor: .top.Ramp
Adding a thread: .top.Ramp
Invoking initialize():  .top.Ramp2
Initializing actor: .top.Ramp2
Adding a thread: .top.Ramp2
Invoking initialize():  .top.Test
Initializing actor: .top.Test
Adding a thread: .top.Test
-- Starting thread.
Called initialize()
Called prefire()
Called fire()
-- Starting thread.
Called initialize()
Called prefire()
Called fire()
Called postfire()
Called prefire()
Called fire()
-- Starting thread.
Called initialize()
Called prefire()
Called fire()
Called postfire()
Called prefire()
Called fire()
Called fire().
Checking for deadlock:
There are 3 Blocked actors, 0 Stopped actors, and 4 active threads.
Waiting for actors to stop.
-- Starting thread.
Called initialize()
Called prefire()
Called fire()
Checking for deadlock:
There are 2 Blocked actors, 0 Stopped actors, and 4 active threads.
Waiting for actors to stop.
Called postfire()
Called prefire()
Called fire()
Checking for deadlock:
There are 3 Blocked actors, 0 Stopped actors, and 4 active threads.
Waiting for actors to stop.
Read input token from inputA with value 0.0
Next port to read input from is inputB
Called postfire()
Called prefire()
Called fire()
Checking for deadlock:
There are 2 Blocked actors, 0 Stopped actors, and 4 active threads.
Waiting for actors to stop.
Called postfire()
Called prefire()
Called fire()
Checking for deadlock:
There are 3 Blocked actors, 0 Stopped actors, and 4 active threads.
Waiting for actors to stop.
Read input token from inputB with value 0.0
Checking for deadlock:
There are 2 Blocked actors, 0 Stopped actors, and 4 active threads.
Waiting for actors to stop.
-- Read input: 0.0, which is expected to match: 0.0
Sent output token with value 0.0
Called prefire()
Called fire()
Checking for deadlock:
There are 3 Blocked actors, 0 Stopped actors, and 4 active threads.
Waiting for actors to stop.
Next port to read input from is inputA
Called postfire()
Called prefire()
Called fire()
Checking for deadlock:
There are 2 Blocked actors, 0 Stopped actors, and 4 active threads.
Waiting for actors to stop.
Called postfire()
Called prefire()
Called fire()
Checking for deadlock:
There are 3 Blocked actors, 0 Stopped actors, and 4 active threads.
Waiting for actors to stop.
Read input token from inputA with value 1.0
Checking for deadlock:
There are 2 Blocked actors, 0 Stopped actors, and 4 active threads.
Waiting for actors to stop.
-- Read input: 0.0, which is expected to match: 0.0
Called prefire()
Called fire()
Checking for deadlock:
There are 3 Blocked actors, 0 Stopped actors, and 4 active threads.
Waiting for actors to stop.
Sent output token with value 0.0
Next port to read input from is inputB
Called postfire()
Called prefire()
Called fire()
Checking for deadlock:
There are 2 Blocked actors, 0 Stopped actors, and 4 active threads.
Waiting for actors to stop.
Called postfire()
Called prefire()
Called fire()
Checking for deadlock:
There are 3 Blocked actors, 0 Stopped actors, and 4 active threads.
Waiting for actors to stop.
Read input token from inputB with value 1.5
Checking for deadlock:
There are 2 Blocked actors, 0 Stopped actors, and 4 active threads.
Waiting for actors to stop.
-- Read input: 1.0, which is expected to match: 1.0
Called prefire()
Called fire()
Checking for deadlock:
There are 3 Blocked actors, 0 Stopped actors, and 4 active threads.
Waiting for actors to stop.
Sent output token with value 1.0
Next port to read input from is inputA
Called postfire()
Called prefire()
Called fire()
Checking for deadlock:
There are 2 Blocked actors, 0 Stopped actors, and 4 active threads.
Waiting for actors to stop.
Called postfire()
Called prefire()
Called fire()
Checking for deadlock:
There are 3 Blocked actors, 0 Stopped actors, and 4 active threads.
Waiting for actors to stop.
Read input token from inputA with value 2.0
Checking for deadlock:
There are 2 Blocked actors, 0 Stopped actors, and 4 active threads.
Waiting for actors to stop.
-- Read input: 1.5, which is expected to match: 1.5
Called prefire()
Called fire()
Checking for deadlock:
There are 3 Blocked actors, 0 Stopped actors, and 4 active threads.
Waiting for actors to stop.
Sent output token with value 1.5
Next port to read input from is inputB
Called postfire()
Called prefire()
Called fire()
Checking for deadlock:
There are 2 Blocked actors, 0 Stopped actors, and 4 active threads.
Waiting for actors to stop.
Called postfire()
Called prefire()
Called fire()
Checking for deadlock:
There are 3 Blocked actors, 0 Stopped actors, and 4 active threads.
Waiting for actors to stop.
Read input token from inputB with value 3.0
Checking for deadlock:
There are 2 Blocked actors, 0 Stopped actors, and 4 active threads.
Waiting for actors to stop.
-- Read input: 2.0, which is expected to match: 2.0
Called prefire()
Called fire()
Checking for deadlock:
There are 3 Blocked actors, 0 Stopped actors, and 4 active threads.
Waiting for actors to stop.
Sent output token with value 2.0
Next port to read input from is inputA
Called postfire()
Called prefire()
Called fire()
Checking for deadlock:
There are 2 Blocked actors, 0 Stopped actors, and 4 active threads.
Waiting for actors to stop.
Called postfire()
Called prefire()
Called fire()
Checking for deadlock:
There are 3 Blocked actors, 0 Stopped actors, and 4 active threads.
Waiting for actors to stop.
Read input token from inputA with value 3.0
Checking for deadlock:
There are 2 Blocked actors, 0 Stopped actors, and 4 active threads.
Waiting for actors to stop.
-- Read input: 3.0, which is expected to match: 3.0
Called prefire()
Called fire()
Checking for deadlock:
There are 3 Blocked actors, 0 Stopped actors, and 4 active threads.
Waiting for actors to stop.
Sent output token with value 3.0
Next port to read input from is inputB
Called postfire()
Called prefire()
Called fire()
Checking for deadlock:
There are 2 Blocked actors, 0 Stopped actors, and 4 active threads.
Waiting for actors to stop.
Called postfire()
Called prefire()
Called fire()
Checking for deadlock:
There are 3 Blocked actors, 0 Stopped actors, and 4 active threads.
Waiting for actors to stop.
Read input token from inputB with value 4.5
Checking for deadlock:
There are 2 Blocked actors, 0 Stopped actors, and 4 active threads.
Waiting for actors to stop.
-- Read input: 3.0, which is expected to match: 3.0
Called prefire()
Called fire()
Checking for deadlock:
There are 3 Blocked actors, 0 Stopped actors, and 4 active threads.
Waiting for actors to stop.
Sent output token with value 3.0
Next port to read input from is inputA
Called postfire()
Called prefire()
Called fire()
Checking for deadlock:
There are 2 Blocked actors, 0 Stopped actors, and 4 active threads.
Waiting for actors to stop.
Called postfire()
Called prefire()
Called fire()
Checking for deadlock:
There are 3 Blocked actors, 0 Stopped actors, and 4 active threads.
Waiting for actors to stop.
Read input token from inputA with value 4.0
Checking for deadlock:
There are 2 Blocked actors, 0 Stopped actors, and 4 active threads.
Waiting for actors to stop.
-- Read input: 4.0, which is expected to match: 4.0
Called prefire()
Called fire()
Past the end of training data. Read and discard all inputs.
Checking for deadlock:
There are 3 Blocked actors, 0 Stopped actors, and 4 active threads.
Waiting for actors to stop.
Sent output token with value 4.0
Next port to read input from is inputA
Called postfire()
Called prefire()
Called fire()
Checking for deadlock:
There are 2 Blocked actors, 0 Stopped actors, and 4 active threads.
Waiting for actors to stop.
Called postfire()
Called prefire()
Called fire()
Checking for deadlock:
There are 3 Blocked actors, 0 Stopped actors, and 4 active threads.
Waiting for actors to stop.
Read input token from inputA with value 5.0
Checking for deadlock:
There are 2 Blocked actors, 0 Stopped actors, and 4 active threads.
Waiting for actors to stop.
Called prefire()
Called fire()
Past the end of training data. Read and discard all inputs.
Checking for deadlock:
There are 3 Blocked actors, 0 Stopped actors, and 4 active threads.
Waiting for actors to stop.
Sent output token with value 4.5
Next port to read input from is inputB
Called postfire()
Called prefire()
Called fire()
Checking for deadlock:
There are 2 Blocked actors, 0 Stopped actors, and 4 active threads.
Waiting for actors to stop.
Called postfire()
Called prefire()
Called fire()
Checking for deadlock:
There are 3 Blocked actors, 0 Stopped actors, and 4 active threads.
Waiting for actors to stop.
Read input token from inputB with value 6.0
Checking for deadlock:
There are 2 Blocked actors, 0 Stopped actors, and 4 active threads.
Waiting for actors to stop.
Called prefire()
Called fire()
Past the end of training data. Read and discard all inputs.
Checking for deadlock:
There are 3 Blocked actors, 0 Stopped actors, and 4 active threads.
Waiting for actors to stop.
Sent output token with value 5.0
Next port to read input from is inputA
Called postfire()
Called prefire()
Called fire()
Checking for deadlock:
There are 2 Blocked actors, 0 Stopped actors, and 4 active threads.
Waiting for actors to stop.
Called postfire()
Called prefire()
Called fire()
Checking for deadlock:
There are 3 Blocked actors, 0 Stopped actors, and 4 active threads.
Waiting for actors to stop.
Read input token from inputA with value 6.0
Checking for deadlock:
There are 2 Blocked actors, 0 Stopped actors, and 4 active threads.
Waiting for actors to stop.
Called prefire()
Called fire()
Past the end of training data. Read and discard all inputs.
Checking for deadlock:
There are 3 Blocked actors, 0 Stopped actors, and 4 active threads.
Waiting for actors to stop.
Sent output token with value 6.0
Next port to read input from is inputB
Called postfire()
Called prefire()
Called fire()
Checking for deadlock:
There are 2 Blocked actors, 0 Stopped actors, and 4 active threads.
Waiting for actors to stop.
Called postfire()
Called prefire()
Called fire()
Checking for deadlock:
There are 3 Blocked actors, 0 Stopped actors, and 4 active threads.
Waiting for actors to stop.
Read input token from inputB with value 7.5
Checking for deadlock:
There are 2 Blocked actors, 0 Stopped actors, and 4 active threads.
Waiting for actors to stop.
Called prefire()
Called fire()
Past the end of training data. Read and discard all inputs.
Checking for deadlock:
There are 3 Blocked actors, 0 Stopped actors, and 4 active threads.
Waiting for actors to stop.
Sent output token with value 6.0
Next port to read input from is inputA
Called postfire()
Called prefire()
Called fire()
Checking for deadlock:
There are 2 Blocked actors, 0 Stopped actors, and 4 active threads.
Waiting for actors to stop.
Called postfire()
Called prefire()
Called fire()
Checking for deadlock:
There are 3 Blocked actors, 0 Stopped actors, and 4 active threads.
Waiting for actors to stop.
Read input token from inputA with value 7.0
Checking for deadlock:
There are 2 Blocked actors, 0 Stopped actors, and 4 active threads.
Waiting for actors to stop.
Called prefire()
Called fire()
Past the end of training data. Read and discard all inputs.
Checking for deadlock:
There are 3 Blocked actors, 0 Stopped actors, and 4 active threads.
Waiting for actors to stop.
Sent output token with value 7.0
Next port to read input from is inputA
Called postfire()
Called prefire()
Called fire()
Checking for deadlock:
There are 2 Blocked actors, 0 Stopped actors, and 4 active threads.
Waiting for actors to stop.
-- Thread wrapup() called.
Called wrapup()
Thread .top.Ramp is exiting.
-- Thread stopped.
Checking for deadlock:
There are 2 Blocked actors, 0 Stopped actors, and 3 active threads.
Waiting for actors to stop.
Read input token from inputA with value 8.0
Checking for deadlock:
There are 1 Blocked actors, 0 Stopped actors, and 3 active threads.
Waiting for actors to stop.
Called prefire()
Called fire()
Past the end of training data. Read and discard all inputs.
Checking for deadlock:
There are 2 Blocked actors, 0 Stopped actors, and 3 active threads.
Waiting for actors to stop.
Sent output token with value 7.5
Next port to read input from is inputB
Called postfire()
Called prefire()
Called fire()
Checking for deadlock:
There are 1 Blocked actors, 0 Stopped actors, and 3 active threads.
Waiting for actors to stop.
Called postfire()
Called prefire()
Called fire()
Checking for deadlock:
There are 2 Blocked actors, 0 Stopped actors, and 3 active threads.
Waiting for actors to stop.
Read input token from inputB with value 9.0
Checking for deadlock:
There are 1 Blocked actors, 0 Stopped actors, and 3 active threads.
Waiting for actors to stop.
Called prefire()
Called fire()
Past the end of training data. Read and discard all inputs.
Checking for deadlock:
There are 2 Blocked actors, 0 Stopped actors, and 3 active threads.
Waiting for actors to stop.
Sent output token with value 8.0
Next port to read input from is inputA
Called postfire()
Called prefire()
Called fire()
Read input token from inputA with value 9.0
Checking for deadlock:
There are 1 Blocked actors, 0 Stopped actors, and 3 active threads.
Waiting for actors to stop.
Called prefire()
Called fire()
Past the end of training data. Read and discard all inputs.
Checking for deadlock:
There are 2 Blocked actors, 0 Stopped actors, and 3 active threads.
Waiting for actors to stop.
Sent output token with value 9.0
Next port to read input from is inputB
Called postfire()
Called prefire()
Called fire()
Checking for deadlock:
There are 1 Blocked actors, 0 Stopped actors, and 3 active threads.
Waiting for actors to stop.
Called postfire()
Called prefire()
Called fire()
Checking for deadlock:
There are 2 Blocked actors, 0 Stopped actors, and 3 active threads.
Waiting for actors to stop.
Read input token from inputB with value 10.5
Checking for deadlock:
There are 1 Blocked actors, 0 Stopped actors, and 3 active threads.
Waiting for actors to stop.
Called prefire()
Called fire()
Past the end of training data. Read and discard all inputs.
Checking for deadlock:
There are 2 Blocked actors, 0 Stopped actors, and 3 active threads.
Waiting for actors to stop.
Sent output token with value 9.0
Next port to read input from is inputA
Called postfire()
Called prefire()
Called fire()
Checking for deadlock:
There are 3 Blocked actors, 0 Stopped actors, and 3 active threads.
Actors have stopped.
Checking for deadlock:
There are 3 Blocked actors, 0 Stopped actors, and 3 active threads.
Deadlock detected.
Resolving Deadlock
Checking for deadlock:
There are 3 Blocked actors, 0 Stopped actors, and 3 active threads.
Artificial Deadlock - increasing queue capacity.
increasing the capacity of receiver ptolemy.actor.TypedIOPort {.top.OrderedMerge.inputB} to 2
Director: Called postfire().
Called postfire().
_stopRequested = false
_stopFireRequested = false
Returning from postfire(): true
Called fire().
Checking for deadlock:
There are 2 Blocked actors, 0 Stopped actors, and 3 active threads.
Waiting for actors to stop.
-- Thread wrapup() called.
Called wrapup()
Thread .top.Ramp2 is exiting.
-- Thread stopped.
Checking for deadlock:
There are 2 Blocked actors, 0 Stopped actors, and 2 active threads.
Actors have stopped.
Checking for deadlock:
There are 2 Blocked actors, 0 Stopped actors, and 2 active threads.
Deadlock detected.
Resolving Deadlock
Checking for deadlock:
There are 2 Blocked actors, 0 Stopped actors, and 2 active threads.
Deadlock detected: no processes blocked on write, but some are blocked on read.
Called postfire().
_stopRequested = false
_stopFireRequested = false
Returning from postfire(): false
Finished deactivating branches.
Called wrapup().
-- Thread wrapup() called.
Called wrapup()
Thread .top.Test is exiting.
-- Thread stopped.
-- Blocked Receiver call threw TerminateProcessException.
-- Thread wrapup() called.
Called wrapup()
Thread .top.OrderedMerge is exiting.
23 ms. Memory: 208384K Free: 113232K (54%)
.top. Preinitializing ...
Invoking preinitialize():  .top.OrderedMerge
Called preinitialize()
Invoking preinitialize():  .top.Ramp
Called preinitialize()
Invoking preinitialize():  .top.Ramp2
Called preinitialize()
Invoking preinitialize():  .top.Test
Called preinitialize()
.top. Finished preinitialize().
Called initialize().
Invoking initialize():  .top.OrderedMerge
Initializing actor: .top.OrderedMerge
Adding a thread: .top.OrderedMerge
Invoking initialize():  .top.Ramp
Initializing actor: .top.Ramp
Adding a thread: .top.Ramp
Invoking initialize():  .top.Ramp2
Initializing actor: .top.Ramp2
Adding a thread: .top.Ramp2
Invoking initialize():  .top.Test
Initializing actor: .top.Test
Adding a thread: .top.Test
-- Thread stopped.
-- Blocked Receiver call threw TerminateProcessException.
-- Starting thread.
Called initialize()
Called prefire()
Called fire()
-- Starting thread.
Called initialize()
Called prefire()
Called fire()
Called postfire()
Called prefire()
Called fire()
-- Starting thread.
Called initialize()
Called prefire()
Called fire()
Called postfire()
Called prefire()
Called fire()
Called fire().
Checking for deadlock:
There are 3 Blocked actors, 0 Stopped actors, and 4 active threads.
Waiting for actors to stop.
-- Starting thread.
Called initialize()
Called prefire()
Called fire()
Checking for deadlock:
There are 2 Blocked actors, 0 Stopped actors, and 4 active threads.
Waiting for actors to stop.
Called postfire()
Called prefire()
Called fire()
Checking for deadlock:
There are 3 Blocked actors, 0 Stopped actors, and 4 active threads.
Waiting for actors to stop.
Read input token from inputA with value 0.0
Next port to read input from is inputB
Called postfire()
Called prefire()
Called fire()
Checking for deadlock:
There are 2 Blocked actors, 0 Stopped actors, and 4 active threads.
Waiting for actors to stop.
Called postfire()
Called prefire()
Called fire()
Checking for deadlock:
There are 3 Blocked actors, 0 Stopped actors, and 4 active threads.
Waiting for actors to stop.
Read input token from inputB with value 0.0
Checking for deadlock:
There are 2 Blocked actors, 0 Stopped actors, and 4 active threads.
Waiting for actors to stop.
-- Read input: 0.0, which is expected to match: 0.0
Called prefire()
Called fire()
Checking for deadlock:
There are 3 Blocked actors, 0 Stopped actors, and 4 active threads.
Waiting for actors to stop.
Sent output token with value 0.0
Next port to read input from is inputA
Called postfire()
Called prefire()
Called fire()
Checking for deadlock:
There are 2 Blocked actors, 0 Stopped actors, and 4 active threads.
Waiting for actors to stop.
Called postfire()
Called prefire()
Called fire()
Checking for deadlock:
There are 3 Blocked actors, 0 Stopped actors, and 4 active threads.
Waiting for actors to stop.
Read input token from inputA with value 1.0
Checking for deadlock:
There are 2 Blocked actors, 0 Stopped actors, and 4 active threads.
Waiting for actors to stop.
-- Read input: 0.0, which is expected to match: 0.0
Called prefire()
Called fire()
Checking for deadlock:
There are 3 Blocked actors, 0 Stopped actors, and 4 active threads.
Waiting for actors to stop.
Sent output token with value 0.0
Next port to read input from is inputB
Called postfire()
Called prefire()
Called fire()
Checking for deadlock:
There are 2 Blocked actors, 0 Stopped actors, and 4 active threads.
Waiting for actors to stop.
Called postfire()
Called prefire()
Called fire()
Checking for deadlock:
There are 3 Blocked actors, 0 Stopped actors, and 4 active threads.
Waiting for actors to stop.
Read input token from inputB with value 1.5
Checking for deadlock:
There are 2 Blocked actors, 0 Stopped actors, and 4 active threads.
Waiting for actors to stop.
-- Read input: 1.0, which is expected to match: 1.0
Called prefire()
Called fire()
Checking for deadlock:
There are 3 Blocked actors, 0 Stopped actors, and 4 active threads.
Waiting for actors to stop.
Sent output token with value 1.0
Next port to read input from is inputA
Called postfire()
Called prefire()
Called fire()
Checking for deadlock:
There are 2 Blocked actors, 0 Stopped actors, and 4 active threads.
Waiting for actors to stop.
Called postfire()
Called prefire()
Called fire()
Checking for deadlock:
There are 3 Blocked actors, 0 Stopped actors, and 4 active threads.
Waiting for actors to stop.
Read input token from inputA with value 2.0
Checking for deadlock:
There are 2 Blocked actors, 0 Stopped actors, and 4 active threads.
Waiting for actors to stop.
-- Read input: 1.5, which is expected to match: 1.5
Called prefire()
Called fire()
Checking for deadlock:
There are 3 Blocked actors, 0 Stopped actors, and 4 active threads.
Waiting for actors to stop.
Sent output token with value 1.5
Next port to read input from is inputB
Called postfire()
Called prefire()
Called fire()
Checking for deadlock:
There are 2 Blocked actors, 0 Stopped actors, and 4 active threads.
Waiting for actors to stop.
Called postfire()
Called prefire()
Called fire()
Checking for deadlock:
There are 3 Blocked actors, 0 Stopped actors, and 4 active threads.
Waiting for actors to stop.
Read input token from inputB with value 3.0
Checking for deadlock:
There are 2 Blocked actors, 0 Stopped actors, and 4 active threads.
Waiting for actors to stop.
-- Read input: 2.0, which is expected to match: 2.0
Called prefire()
Called fire()
Checking for deadlock:
There are 3 Blocked actors, 0 Stopped actors, and 4 active threads.
Waiting for actors to stop.
Sent output token with value 2.0
Next port to read input from is inputA
Called postfire()
Called prefire()
Called fire()
Checking for deadlock:
There are 2 Blocked actors, 0 Stopped actors, and 4 active threads.
Waiting for actors to stop.
Called postfire()
Called prefire()
Called fire()
Checking for deadlock:
There are 3 Blocked actors, 0 Stopped actors, and 4 active threads.
Waiting for actors to stop.
Read input token from inputA with value 3.0
Checking for deadlock:
There are 2 Blocked actors, 0 Stopped actors, and 4 active threads.
Waiting for actors to stop.
-- Read input: 3.0, which is expected to match: 3.0
Called prefire()
Called fire()
Checking for deadlock:
There are 3 Blocked actors, 0 Stopped actors, and 4 active threads.
Waiting for actors to stop.
Sent output token with value 3.0
Next port to read input from is inputB
Called postfire()
Called prefire()
Called fire()
Checking for deadlock:
There are 2 Blocked actors, 0 Stopped actors, and 4 active threads.
Waiting for actors to stop.
Called postfire()
Called prefire()
Called fire()
Checking for deadlock:
There are 3 Blocked actors, 0 Stopped actors, and 4 active threads.
Waiting for actors to stop.
Read input token from inputB with value 4.5
Checking for deadlock:
There are 2 Blocked actors, 0 Stopped actors, and 4 active threads.
Waiting for actors to stop.
-- Read input: 3.0, which is expected to match: 3.0
Called prefire()
Called fire()
Checking for deadlock:
There are 3 Blocked actors, 0 Stopped actors, and 4 active threads.
Waiting for actors to stop.
Sent output token with value 3.0
Next port to read input from is inputA
Called postfire()
Called prefire()
Called fire()
Checking for deadlock:
There are 2 Blocked actors, 0 Stopped actors, and 4 active threads.
Waiting for actors to stop.
Called postfire()
Called prefire()
Called fire()
Checking for deadlock:
There are 3 Blocked actors, 0 Stopped actors, and 4 active threads.
Waiting for actors to stop.
Read input token from inputA with value 4.0
Checking for deadlock:
There are 2 Blocked actors, 0 Stopped actors, and 4 active threads.
Waiting for actors to stop.
-- Read input: 4.0, which is expected to match: 4.0
Called prefire()
Called fire()
Past the end of training data. Read and discard all inputs.
Checking for deadlock:
There are 3 Blocked actors, 0 Stopped actors, and 4 active threads.
Waiting for actors to stop.
Sent output token with value 4.0
Next port to read input from is inputA
Called postfire()
Called prefire()
Called fire()
Checking for deadlock:
There are 2 Blocked actors, 0 Stopped actors, and 4 active threads.
Waiting for actors to stop.
Called postfire()
Called prefire()
Called fire()
Checking for deadlock:
There are 3 Blocked actors, 0 Stopped actors, and 4 active threads.
Waiting for actors to stop.
Read input token from inputA with value 5.0
Checking for deadlock:
There are 2 Blocked actors, 0 Stopped actors, and 4 active threads.
Waiting for actors to stop.
Called prefire()
Called fire()
Past the end of training data. Read and discard all inputs.
Checking for deadlock:
There are 3 Blocked actors, 0 Stopped actors, and 4 active threads.
Waiting for actors to stop.
Sent output token with value 4.5
Next port to read input from is inputB
Called postfire()
Called prefire()
Called fire()
Checking for deadlock:
There are 2 Blocked actors, 0 Stopped actors, and 4 active threads.
Waiting for actors to stop.
Called postfire()
Called prefire()
Called fire()
Checking for deadlock:
There are 3 Blocked actors, 0 Stopped actors, and 4 active threads.
Waiting for actors to stop.
Read input token from inputB with value 6.0
Checking for deadlock:
There are 2 Blocked actors, 0 Stopped actors, and 4 active threads.
Waiting for actors to stop.
Called prefire()
Called fire()
Past the end of training data. Read and discard all inputs.
Checking for deadlock:
There are 3 Blocked actors, 0 Stopped actors, and 4 active threads.
Waiting for actors to stop.
Sent output token with value 5.0
Next port to read input from is inputA
Called postfire()
Called prefire()
Called fire()
Checking for deadlock:
There are 2 Blocked actors, 0 Stopped actors, and 4 active threads.
Waiting for actors to stop.
Called postfire()
Called prefire()
Called fire()
Checking for deadlock:
There are 3 Blocked actors, 0 Stopped actors, and 4 active threads.
Waiting for actors to stop.
Read input token from inputA with value 6.0
Checking for deadlock:
There are 2 Blocked actors, 0 Stopped actors, and 4 active threads.
Waiting for actors to stop.
Called prefire()
Called fire()
Past the end of training data. Read and discard all inputs.
Checking for deadlock:
There are 3 Blocked actors, 0 Stopped actors, and 4 active threads.
Waiting for actors to stop.
Sent output token with value 6.0
Next port to read input from is inputB
Called postfire()
Called prefire()
Called fire()
Checking for deadlock:
There are 2 Blocked actors, 0 Stopped actors, and 4 active threads.
Waiting for actors to stop.
Called postfire()
Called prefire()
Called fire()
Checking for deadlock:
There are 3 Blocked actors, 0 Stopped actors, and 4 active threads.
Waiting for actors to stop.
Read input token from inputB with value 7.5
Checking for deadlock:
There are 2 Blocked actors, 0 Stopped actors, and 4 active threads.
Waiting for actors to stop.
Called prefire()
Called fire()
Past the end of training data. Read and discard all inputs.
Checking for deadlock:
There are 3 Blocked actors, 0 Stopped actors, and 4 active threads.
Waiting for actors to stop.
Sent output token with value 6.0
Next port to read input from is inputA
Called postfire()
Called prefire()
Called fire()
Called postfire()
Called prefire()
Called fire()
Checking for deadlock:
There are 3 Blocked actors, 0 Stopped actors, and 4 active threads.
Waiting for actors to stop.
Read input token from inputA with value 7.0
Called prefire()
Called fire()
Past the end of training data. Read and discard all inputs.
Checking for deadlock:
There are 3 Blocked actors, 0 Stopped actors, and 4 active threads.
Waiting for actors to stop.
Sent output token with value 7.0
Next port to read input from is inputA
Called postfire()
Called prefire()
Called fire()
-- Thread wrapup() called.
Called wrapup()
Thread .top.Ramp is exiting.
-- Thread stopped.
Checking for deadlock:
There are 2 Blocked actors, 0 Stopped actors, and 3 active threads.
Waiting for actors to stop.
Read input token from inputA with value 8.0
Called prefire()
Called fire()
Past the end of training data. Read and discard all inputs.
Checking for deadlock:
There are 2 Blocked actors, 0 Stopped actors, and 3 active threads.
Waiting for actors to stop.
Sent output token with value 7.5
Next port to read input from is inputB
Called postfire()
Called prefire()
Called fire()
Checking for deadlock:
There are 1 Blocked actors, 0 Stopped actors, and 3 active threads.
Waiting for actors to stop.
Called postfire()
Called prefire()
Called fire()
Checking for deadlock:
There are 2 Blocked actors, 0 Stopped actors, and 3 active threads.
Waiting for actors to stop.
Read input token from inputB with value 9.0
Checking for deadlock:
There are 1 Blocked actors, 0 Stopped actors, and 3 active threads.
Waiting for actors to stop.
Called prefire()
Called fire()
Past the end of training data. Read and discard all inputs.
Checking for deadlock:
There are 2 Blocked actors, 0 Stopped actors, and 3 active threads.
Waiting for actors to stop.
Sent output token with value 8.0
Next port to read input from is inputA
Called postfire()
Called prefire()
Called fire()
Read input token from inputA with value 9.0
Checking for deadlock:
There are 1 Blocked actors, 0 Stopped actors, and 3 active threads.
Waiting for actors to stop.
Called prefire()
Called fire()
Past the end of training data. Read and discard all inputs.
Checking for deadlock:
There are 2 Blocked actors, 0 Stopped actors, and 3 active threads.
Waiting for actors to stop.
Sent output token with value 9.0
Next port to read input from is inputB
Called postfire()
Called prefire()
Called fire()
Checking for deadlock:
There are 1 Blocked actors, 0 Stopped actors, and 3 active threads.
Waiting for actors to stop.
Called postfire()
Called prefire()
Called fire()
Checking for deadlock:
There are 2 Blocked actors, 0 Stopped actors, and 3 active threads.
Waiting for actors to stop.
Read input token from inputB with value 10.5
Checking for deadlock:
There are 1 Blocked actors, 0 Stopped actors, and 3 active threads.
Waiting for actors to stop.
Called prefire()
Called fire()
Past the end of training data. Read and discard all inputs.
Checking for deadlock:
There are 2 Blocked actors, 0 Stopped actors, and 3 active threads.
Waiting for actors to stop.
Sent output token with value 9.0
Next port to read input from is inputA
Called postfire()
Called prefire()
Called fire()
Checking for deadlock:
There are 3 Blocked actors, 0 Stopped actors, and 3 active threads.
Actors have stopped.
Checking for deadlock:
There are 3 Blocked actors, 0 Stopped actors, and 3 active threads.
Deadlock detected.
Resolving Deadlock
Checking for deadlock:
There are 3 Blocked actors, 0 Stopped actors, and 3 active threads.
Artificial Deadlock - increasing queue capacity.
increasing the capacity of receiver ptolemy.actor.TypedIOPort {.top.OrderedMerge.inputB} to 2
Director: Called postfire().
Called postfire().
_stopRequested = false
_stopFireRequested = false
Returning from postfire(): true
Called fire().
Checking for deadlock:
There are 2 Blocked actors, 0 Stopped actors, and 3 active threads.
Waiting for actors to stop.
-- Thread wrapup() called.
Called wrapup()
Thread .top.Ramp2 is exiting.
-- Thread stopped.
Checking for deadlock:
There are 2 Blocked actors, 0 Stopped actors, and 2 active threads.
Actors have stopped.
Checking for deadlock:
There are 2 Blocked actors, 0 Stopped actors, and 2 active threads.
Deadlock detected.
Resolving Deadlock
Checking for deadlock:
There are 2 Blocked actors, 0 Stopped actors, and 2 active threads.
Deadlock detected: no processes blocked on write, but some are blocked on read.
Called postfire().
_stopRequested = false
_stopFireRequested = false
Returning from postfire(): false
Finished deactivating branches.
Called wrapup().
-- Thread wrapup() called.
Called wrapup()
Thread .top.Test is exiting.
-- Thread stopped.
-- Blocked Receiver call threw TerminateProcessException.
-- Thread wrapup() called.
Called wrapup()
Thread .top.OrderedMerge is exiting.
18 ms. Memory: 208384K Free: 108317K (52%)
/home/travis/build/icyphy/ptII/ptolemy/actor/lib/test/Publisher.tcl
-- Thread stopped.
-- Blocked Receiver call threw TerminateProcessException.
25 ms. Memory: 208384K Free: 101059K (48%)
4 ms. Memory: 208384K Free: 96221K (46%)
2 ms. Memory: 208384K Free: 93802K (45%)
3 ms. Memory: 208384K Free: 91383K (44%)
2 ms. Memory: 208384K Free: 91383K (44%)
2 ms. Memory: 208384K Free: 91383K (44%)
2 ms. Memory: 208384K Free: 88932K (43%)
3 ms. Memory: 208384K Free: 88932K (43%)
1 ms. Memory: 208384K Free: 80459K (39%)
3 ms. Memory: 330752K Free: 319655K (97%)
2 ms. Memory: 330752K Free: 319655K (97%)
1 ms. Memory: 330752K Free: 314923K (95%)
6 ms. Memory: 330752K Free: 304786K (92%)
15 ms. Memory: 330752K Free: 295322K (89%)
5 ms. Memory: 330752K Free: 285858K (86%)
/home/travis/build/icyphy/ptII/ptolemy/actor/lib/test/Pulse.tcl
5 ms. Memory: 330752K Free: 243269K (74%)
5 ms. Memory: 330752K Free: 243269K (74%)
1 ms. Memory: 330752K Free: 243269K (74%)
2 ms. Memory: 330752K Free: 243269K (74%)
1 ms. Memory: 330752K Free: 243269K (74%)
2 ms. Memory: 330752K Free: 243269K (74%)
2 ms. Memory: 330752K Free: 238537K (72%)
9 ms. Memory: 330752K Free: 238537K (72%)
1 ms. Memory: 330752K Free: 238537K (72%)
/home/travis/build/icyphy/ptII/ptolemy/actor/lib/test/Ramp.tcl
3 ms. Memory: 330752K Free: 238537K (72%)
2 ms. Memory: 330752K Free: 238537K (72%)
1 ms. Memory: 330752K Free: 233805K (71%)
2 ms. Memory: 330752K Free: 233805K (71%)
7 ms. Memory: 330752K Free: 233805K (71%)
8 ms. Memory: 330752K Free: 233805K (71%)
3 ms. Memory: 330752K Free: 233805K (71%)
5 actors
5000 microseconds per iteration to create
6 ms. Memory: 330752K Free: 229073K (69%)
2 ms. Memory: 330752K Free: 229073K (69%)
2 ms. Memory: 330752K Free: 229073K (69%)
2 ms. Memory: 330752K Free: 229073K (69%)
50 actors
26000 microseconds per iteration to create
26 ms. Memory: 330752K Free: 210144K (64%)
5 ms. Memory: 330752K Free: 210144K (64%)
5 ms. Memory: 330752K Free: 210144K (64%)
5 ms. Memory: 330752K Free: 210144K (64%)
500 actors
1268000 microseconds per iteration to create
306 ms. Memory: 331776K Free: 281436K (85%)
57 ms. Memory: 331776K Free: 276647K (83%)
46 ms. Memory: 331776K Free: 271858K (82%)
43 ms. Memory: 331776K Free: 267069K (80%)
/home/travis/build/icyphy/ptII/ptolemy/actor/lib/test/RampContinuous.tcl
6 ms. Memory: 331776K Free: 262280K (79%)
/home/travis/build/icyphy/ptII/ptolemy/actor/lib/test/RecordAssembler.tcl
5 ms. Memory: 331776K Free: 262280K (79%)
3 ms. Memory: 331776K Free: 262280K (79%)
/home/travis/build/icyphy/ptII/ptolemy/actor/lib/test/RecordDisassembler.tcl
4 ms. Memory: 331776K Free: 262280K (79%)
2 ms. Memory: 331776K Free: 257491K (78%)
3 ms. Memory: 331776K Free: 257491K (78%)
/home/travis/build/icyphy/ptII/ptolemy/actor/lib/test/Scale.tcl
3 ms. Memory: 331776K Free: 257491K (78%)
1 ms. Memory: 331776K Free: 257491K (78%)
1 ms. Memory: 331776K Free: 252702K (76%)
2 ms. Memory: 331776K Free: 252702K (76%)
2 ms. Memory: 331776K Free: 252702K (76%)
/home/travis/build/icyphy/ptII/ptolemy/actor/lib/test/SequentialClock.tcl
preinitializing
resolving types
initializing
executing number 1
wrapping up
idle
2 ms. Memory: 331776K Free: 252702K (76%)
Completed execution with 5 iterations
preinitializing
resolving types
initializing
executing number 1
wrapping up
idle
1 ms. Memory: 331776K Free: 252702K (76%)
Completed execution with 5 iterations
preinitializing
resolving types
initializing
executing number 1
wrapping up
idle
1 ms. Memory: 331776K Free: 252702K (76%)
Completed execution with 5 iterations
/home/travis/build/icyphy/ptII/ptolemy/actor/lib/test/SetVariable.tcl
8 ms. Memory: 331776K Free: 247913K (75%)
/home/travis/build/icyphy/ptII/ptolemy/actor/lib/test/Sinewave.tcl
/home/travis/build/icyphy/ptII/ptolemy/actor/lib/test/SubscriptionAggregator.tcl
9 ms. Memory: 331776K Free: 233546K (70%)
2 ms. Memory: 331776K Free: 233546K (70%)
1 ms. Memory: 331776K Free: 233546K (70%)
1 ms. Memory: 331776K Free: 233546K (70%)
1 ms. Memory: 331776K Free: 228757K (69%)
8 ms. Memory: 331776K Free: 228757K (69%)
...............................................................918 ms. Memory: 575488K Free: 105657K (18%)
/home/travis/build/icyphy/ptII/ptolemy/actor/lib/test/Test.tcl
 The next command will produce a warning about training mode,
   which may be ignored.
4 ms. Memory: 575488K Free: 105657K (18%)
2 ms. Memory: 575488K Free: 105657K (18%)
1 ms. Memory: 575488K Free: 105657K (18%)
1 ms. Memory: 575488K Free: 105657K (18%)
3 ms. Memory: 575488K Free: 105657K (18%)
2 ms. Memory: 575488K Free: 105657K (18%)
5 ms. Memory: 575488K Free: 96118K (17%)
 The next command will produce a warning about training mode,
   which may be ignored.
5 ms. Memory: 575488K Free: 96118K (17%)
 The next command will produce a warning about training mode,
   which may be ignored.
2 ms. Memory: 575488K Free: 96118K (17%)
2 ms. Memory: 575488K Free: 96118K (17%)
1 ms. Memory: 575488K Free: 96118K (17%)
2 ms. Memory: 575488K Free: 96118K (17%)
4 ms. Memory: 575488K Free: 96118K (17%)
5 ms. Memory: 575488K Free: 86563K (15%)
/home/travis/build/icyphy/ptII/ptolemy/actor/lib/test/TestExceptionHandler.tcl
 The next command will produce a warning about training mode,
   which may be ignored.
2 ms. Memory: 575488K Free: 86563K (15%)
0 ms. Memory: 575488K Free: 86563K (15%)
1 ms. Memory: 575488K Free: 86563K (15%)
/home/travis/build/icyphy/ptII/ptolemy/actor/lib/test/UnionDisassembler.tcl
26 ms. Memory: 575488K Free: 77024K (13%)
/home/travis/build/icyphy/ptII/ptolemy/actor/lib/test/VariableClock.tcl
preinitializing
resolving types
initializing
executing number 1
wrapping up
idle
9 ms. Memory: 575488K Free: 77024K (13%)
Completed execution with 11 iterations
preinitializing
resolving types
initializing
executing number 1
wrapping up
idle
10 ms. Memory: 575488K Free: 77024K (13%)
Completed execution with 10 iterations
05/23/19 04:22:11
Failed: 0  Total Tests: 234  ((Passed: 234, Newly Passed: 0)  Known Failed: 0) /home/travis/build/icyphy/ptII/ptolemy/actor/lib/test
----------------- testing (KnownFailure) /home/travis/build/icyphy/ptII/ptolemy/actor/lib/test/auto/knownFailedTests/PublisherPortToplevelSubscriber.xml
1 ms. Memory: 575488K Free: 68956K (12%)
Known Failure: java.lang.reflect.InvocationTargetException
----------------- testing (KnownFailure) /home/travis/build/icyphy/ptII/ptolemy/actor/lib/test/auto/knownFailedTests/PublisherSubscriberPortToplevel.xml
0 ms. Memory: 579072K Free: 514337K (89%)
Known Failure: java.lang.reflect.InvocationTargetException
----------------- testing (KnownFailure) /home/travis/build/icyphy/ptII/ptolemy/actor/lib/test/auto/knownFailedTests/PublisherSubscriptionAggregatorPort.xml
2 ms. Memory: 579072K Free: 501380K (87%)
Known Failure: java.lang.reflect.InvocationTargetException
----------------- testing (KnownFailure) /home/travis/build/icyphy/ptII/ptolemy/actor/lib/test/auto/knownFailedTests/sizedarray3.xml
6 ms. Memory: 579072K Free: 488423K (84%)
Known Failure: java.lang.reflect.InvocationTargetException
No auto/linux-amd64/*.xml tests in /home/travis/build/icyphy/ptII/ptolemy/actor/lib/test
AutoTests.java: About to close Vertx.
AutoTests.java: Vertx closed.

===========================================================================================
----------------- testing Thu May 23 04:22:11 UTC 2019 /home/travis/build/icyphy/ptII/ptolemy/actor/lib/test/auto/AbsoluteValue.xml
----------------- Instantiating /home/travis/build/icyphy/ptII/ptolemy/actor/lib/test/auto/AbsoluteValue.xml
12 ms. Memory: 579072K Free: 430237K (74%)
----------------- Invoking toplevel() on ptolemy.moml.MoMLSimpleApplication@4d2b5083
----------------- Done invoking toplevel() on ptolemy.moml.MoMLSimpleApplication@4d2b5083
reloadAllAccessors: .AbsoluteValue

===========================================================================================
----------------- testing Thu May 23 04:22:11 UTC 2019 /home/travis/build/icyphy/ptII/ptolemy/actor/lib/test/auto/AbsoluteValue2.xml
----------------- Instantiating /home/travis/build/icyphy/ptII/ptolemy/actor/lib/test/auto/AbsoluteValue2.xml
4 ms. Memory: 579072K Free: 420511K (73%)
----------------- Invoking toplevel() on ptolemy.moml.MoMLSimpleApplication@5af0fd6a
----------------- Done invoking toplevel() on ptolemy.moml.MoMLSimpleApplication@5af0fd6a
reloadAllAccessors: .AbsoluteValue2

===========================================================================================
----------------- testing Thu May 23 04:22:11 UTC 2019 /home/travis/build/icyphy/ptII/ptolemy/actor/lib/test/auto/Accumulator.xml
----------------- Instantiating /home/travis/build/icyphy/ptII/ptolemy/actor/lib/test/auto/Accumulator.xml
7 ms. Memory: 579072K Free: 410786K (71%)
----------------- Invoking toplevel() on ptolemy.moml.MoMLSimpleApplication@76919a60
----------------- Done invoking toplevel() on ptolemy.moml.MoMLSimpleApplication@76919a60
reloadAllAccessors: .Accumulator

===========================================================================================
----------------- testing Thu May 23 04:22:12 UTC 2019 /home/travis/build/icyphy/ptII/ptolemy/actor/lib/test/auto/Accumulator2.xml
----------------- Instantiating /home/travis/build/icyphy/ptII/ptolemy/actor/lib/test/auto/Accumulator2.xml
8 ms. Memory: 579072K Free: 394834K (68%)
----------------- Invoking toplevel() on ptolemy.moml.MoMLSimpleApplication@13978cae
----------------- Done invoking toplevel() on ptolemy.moml.MoMLSimpleApplication@13978cae
reloadAllAccessors: .Accumulator2

===========================================================================================
----------------- testing Thu May 23 04:22:12 UTC 2019 /home/travis/build/icyphy/ptII/ptolemy/actor/lib/test/auto/Accumulator3.xml
----------------- Instantiating /home/travis/build/icyphy/ptII/ptolemy/actor/lib/test/auto/Accumulator3.xml
4 ms. Memory: 579072K Free: 388355K (67%)
----------------- Invoking toplevel() on ptolemy.moml.MoMLSimpleApplication@78e9c47b
----------------- Done invoking toplevel() on ptolemy.moml.MoMLSimpleApplication@78e9c47b
reloadAllAccessors: .Accumulator3

===========================================================================================
----------------- testing Thu May 23 04:22:12 UTC 2019 /home/travis/build/icyphy/ptII/ptolemy/actor/lib/test/auto/ArrayAppend.xml
----------------- Instantiating /home/travis/build/icyphy/ptII/ptolemy/actor/lib/test/auto/ArrayAppend.xml
4 ms. Memory: 579072K Free: 378621K (65%)
----------------- Invoking toplevel() on ptolemy.moml.MoMLSimpleApplication@4446bbd9
----------------- Done invoking toplevel() on ptolemy.moml.MoMLSimpleApplication@4446bbd9
reloadAllAccessors: .ArrayAppend

===========================================================================================
----------------- testing Thu May 23 04:22:12 UTC 2019 /home/travis/build/icyphy/ptII/ptolemy/actor/lib/test/auto/ArrayAppend2.xml
----------------- Instantiating /home/travis/build/icyphy/ptII/ptolemy/actor/lib/test/auto/ArrayAppend2.xml
373 ms. Memory: 579072K Free: 291161K (50%)
----------------- Invoking toplevel() on ptolemy.moml.MoMLSimpleApplication@2fa80639
----------------- Done invoking toplevel() on ptolemy.moml.MoMLSimpleApplication@2fa80639
reloadAllAccessors: .ArrayAppend2

===========================================================================================
----------------- testing Thu May 23 04:22:12 UTC 2019 /home/travis/build/icyphy/ptII/ptolemy/actor/lib/test/auto/ArrayAppend3.xml
----------------- Instantiating /home/travis/build/icyphy/ptII/ptolemy/actor/lib/test/auto/ArrayAppend3.xml
3 ms. Memory: 579072K Free: 284683K (49%)
----------------- Invoking toplevel() on ptolemy.moml.MoMLSimpleApplication@257841cf
----------------- Done invoking toplevel() on ptolemy.moml.MoMLSimpleApplication@257841cf
reloadAllAccessors: .ArrayAppend3

===========================================================================================
----------------- testing Thu May 23 04:22:12 UTC 2019 /home/travis/build/icyphy/ptII/ptolemy/actor/lib/test/auto/ArrayAppend4.xml
----------------- Instantiating /home/travis/build/icyphy/ptII/ptolemy/actor/lib/test/auto/ArrayAppend4.xml
2 ms. Memory: 579072K Free: 268731K (46%)
----------------- Invoking toplevel() on ptolemy.moml.MoMLSimpleApplication@3f62c3cd
----------------- Done invoking toplevel() on ptolemy.moml.MoMLSimpleApplication@3f62c3cd
reloadAllAccessors: .ArrayAppend4

===========================================================================================
----------------- testing Thu May 23 04:22:12 UTC 2019 /home/travis/build/icyphy/ptII/ptolemy/actor/lib/test/auto/ArrayAppend5.xml
----------------- Instantiating /home/travis/build/icyphy/ptII/ptolemy/actor/lib/test/auto/ArrayAppend5.xml
2 ms. Memory: 579072K Free: 262252K (45%)
----------------- Invoking toplevel() on ptolemy.moml.MoMLSimpleApplication@a00fc43
----------------- Done invoking toplevel() on ptolemy.moml.MoMLSimpleApplication@a00fc43
reloadAllAccessors: .ArrayAppend5

===========================================================================================
----------------- testing Thu May 23 04:22:12 UTC 2019 /home/travis/build/icyphy/ptII/ptolemy/actor/lib/test/auto/ArrayAppend6.xml
----------------- Instantiating /home/travis/build/icyphy/ptII/ptolemy/actor/lib/test/auto/ArrayAppend6.xml
3 ms. Memory: 579072K Free: 255774K (44%)
----------------- Invoking toplevel() on ptolemy.moml.MoMLSimpleApplication@2786aecc
----------------- Done invoking toplevel() on ptolemy.moml.MoMLSimpleApplication@2786aecc
reloadAllAccessors: .ArrayAppend6

===========================================================================================
----------------- testing Thu May 23 04:22:12 UTC 2019 /home/travis/build/icyphy/ptII/ptolemy/actor/lib/test/auto/ArrayAppendPerformanceTest.xml
----------------- Instantiating /home/travis/build/icyphy/ptII/ptolemy/actor/lib/test/auto/ArrayAppendPerformanceTest.xml
18 ms. Memory: 579072K Free: 242792K (42%)
----------------- Invoking toplevel() on ptolemy.moml.MoMLSimpleApplication@3522ee31
----------------- Done invoking toplevel() on ptolemy.moml.MoMLSimpleApplication@3522ee31
reloadAllAccessors: .ArrayAppendPerformanceTest

===========================================================================================
----------------- testing Thu May 23 04:22:12 UTC 2019 /home/travis/build/icyphy/ptII/ptolemy/actor/lib/test/auto/ArrayAppendWithEmptyInput.xml
----------------- Instantiating /home/travis/build/icyphy/ptII/ptolemy/actor/lib/test/auto/ArrayAppendWithEmptyInput.xml
25 ms. Memory: 579072K Free: 223585K (39%)
----------------- Invoking toplevel() on ptolemy.moml.MoMLSimpleApplication@561e9fd8
----------------- Done invoking toplevel() on ptolemy.moml.MoMLSimpleApplication@561e9fd8
reloadAllAccessors: .ArrayAppendWithEmptyInput

===========================================================================================
----------------- testing Thu May 23 04:22:12 UTC 2019 /home/travis/build/icyphy/ptII/ptolemy/actor/lib/test/auto/ArrayAverage.xml
----------------- Instantiating /home/travis/build/icyphy/ptII/ptolemy/actor/lib/test/auto/ArrayAverage.xml
7 ms. Memory: 579072K Free: 213859K (37%)
----------------- Invoking toplevel() on ptolemy.moml.MoMLSimpleApplication@1b491a73
----------------- Done invoking toplevel() on ptolemy.moml.MoMLSimpleApplication@1b491a73
reloadAllAccessors: .ArrayAverage

===========================================================================================
----------------- testing Thu May 23 04:22:12 UTC 2019 /home/travis/build/icyphy/ptII/ptolemy/actor/lib/test/auto/ArrayContains.xml
----------------- Instantiating /home/travis/build/icyphy/ptII/ptolemy/actor/lib/test/auto/ArrayContains.xml
5 ms. Memory: 579072K Free: 204126K (35%)
----------------- Invoking toplevel() on ptolemy.moml.MoMLSimpleApplication@5f23aa2e
----------------- Done invoking toplevel() on ptolemy.moml.MoMLSimpleApplication@5f23aa2e
reloadAllAccessors: .ArrayContains

===========================================================================================
----------------- testing Thu May 23 04:22:12 UTC 2019 /home/travis/build/icyphy/ptII/ptolemy/actor/lib/test/auto/ArrayElement.xml
----------------- Instantiating /home/travis/build/icyphy/ptII/ptolemy/actor/lib/test/auto/ArrayElement.xml
9 ms. Memory: 579072K Free: 197647K (34%)
----------------- Invoking toplevel() on ptolemy.moml.MoMLSimpleApplication@20d3c849
----------------- Done invoking toplevel() on ptolemy.moml.MoMLSimpleApplication@20d3c849
reloadAllAccessors: .ArrayElement

===========================================================================================
----------------- testing Thu May 23 04:22:12 UTC 2019 /home/travis/build/icyphy/ptII/ptolemy/actor/lib/test/auto/ArrayElementAsMatrix.xml
----------------- Instantiating /home/travis/build/icyphy/ptII/ptolemy/actor/lib/test/auto/ArrayElementAsMatrix.xml
19 ms. Memory: 579072K Free: 178456K (31%)
----------------- Invoking toplevel() on ptolemy.moml.MoMLSimpleApplication@4608f5e1
----------------- Done invoking toplevel() on ptolemy.moml.MoMLSimpleApplication@4608f5e1
reloadAllAccessors: .ArrayElementAsMatrix

===========================================================================================
----------------- testing Thu May 23 04:22:13 UTC 2019 /home/travis/build/icyphy/ptII/ptolemy/actor/lib/test/auto/ArrayElementI.xml
----------------- Instantiating /home/travis/build/icyphy/ptII/ptolemy/actor/lib/test/auto/ArrayElementI.xml
5 ms. Memory: 579072K Free: 171977K (30%)
----------------- Invoking toplevel() on ptolemy.moml.MoMLSimpleApplication@7457b2ea
----------------- Done invoking toplevel() on ptolemy.moml.MoMLSimpleApplication@7457b2ea
reloadAllAccessors: .ArrayElementI

===========================================================================================
----------------- testing Thu May 23 04:22:13 UTC 2019 /home/travis/build/icyphy/ptII/ptolemy/actor/lib/test/auto/ArrayExtract.xml
----------------- Instantiating /home/travis/build/icyphy/ptII/ptolemy/actor/lib/test/auto/ArrayExtract.xml
5 ms. Memory: 579072K Free: 162243K (28%)
----------------- Invoking toplevel() on ptolemy.moml.MoMLSimpleApplication@50b2bacb
----------------- Done invoking toplevel() on ptolemy.moml.MoMLSimpleApplication@50b2bacb
reloadAllAccessors: .ArrayExtract

===========================================================================================
----------------- testing Thu May 23 04:22:13 UTC 2019 /home/travis/build/icyphy/ptII/ptolemy/actor/lib/test/auto/ArrayExtract2.xml
----------------- Instantiating /home/travis/build/icyphy/ptII/ptolemy/actor/lib/test/auto/ArrayExtract2.xml
2 ms. Memory: 579072K Free: 155765K (27%)
----------------- Invoking toplevel() on ptolemy.moml.MoMLSimpleApplication@16f7589a
----------------- Done invoking toplevel() on ptolemy.moml.MoMLSimpleApplication@16f7589a
reloadAllAccessors: .ArrayExtract2

===========================================================================================
----------------- testing Thu May 23 04:22:13 UTC 2019 /home/travis/build/icyphy/ptII/ptolemy/actor/lib/test/auto/ArrayLength.xml
----------------- Instantiating /home/travis/build/icyphy/ptII/ptolemy/actor/lib/test/auto/ArrayLength.xml
3 ms. Memory: 579072K Free: 149286K (26%)
----------------- Invoking toplevel() on ptolemy.moml.MoMLSimpleApplication@4c872276
----------------- Done invoking toplevel() on ptolemy.moml.MoMLSimpleApplication@4c872276
reloadAllAccessors: .ArrayLength

===========================================================================================
----------------- testing Thu May 23 04:22:13 UTC 2019 /home/travis/build/icyphy/ptII/ptolemy/actor/lib/test/auto/ArrayLevelCrossing.xml
----------------- Instantiating /home/travis/build/icyphy/ptII/ptolemy/actor/lib/test/auto/ArrayLevelCrossing.xml
3 ms. Memory: 579072K Free: 130095K (22%)
----------------- Invoking toplevel() on ptolemy.moml.MoMLSimpleApplication@1f5218cb
----------------- Done invoking toplevel() on ptolemy.moml.MoMLSimpleApplication@1f5218cb
reloadAllAccessors: .ArrayLevelCrossing

===========================================================================================
----------------- testing Thu May 23 04:22:13 UTC 2019 /home/travis/build/icyphy/ptII/ptolemy/actor/lib/test/auto/ArrayLevelCrossing2.xml
----------------- Instantiating /home/travis/build/icyphy/ptII/ptolemy/actor/lib/test/auto/ArrayLevelCrossing2.xml
3 ms. Memory: 579072K Free: 120361K (21%)
----------------- Invoking toplevel() on ptolemy.moml.MoMLSimpleApplication@6775a5c6
----------------- Done invoking toplevel() on ptolemy.moml.MoMLSimpleApplication@6775a5c6
reloadAllAccessors: .ArrayLevelCrossing2

===========================================================================================
----------------- testing Thu May 23 04:22:13 UTC 2019 /home/travis/build/icyphy/ptII/ptolemy/actor/lib/test/auto/ArrayPeakSearch.xml
----------------- Instantiating /home/travis/build/icyphy/ptII/ptolemy/actor/lib/test/auto/ArrayPeakSearch.xml
12 ms. Memory: 579072K Free: 107388K (19%)
----------------- Invoking toplevel() on ptolemy.moml.MoMLSimpleApplication@71d17360
----------------- Done invoking toplevel() on ptolemy.moml.MoMLSimpleApplication@71d17360
reloadAllAccessors: .ArrayPeakSearch

===========================================================================================
----------------- testing Thu May 23 04:22:13 UTC 2019 /home/travis/build/icyphy/ptII/ptolemy/actor/lib/test/auto/ArrayPeakSearch2.xml
----------------- Instantiating /home/travis/build/icyphy/ptII/ptolemy/actor/lib/test/auto/ArrayPeakSearch2.xml
4 ms. Memory: 579072K Free: 94430K (16%)
----------------- Invoking toplevel() on ptolemy.moml.MoMLSimpleApplication@399cdd08
----------------- Done invoking toplevel() on ptolemy.moml.MoMLSimpleApplication@399cdd08
reloadAllAccessors: .ArrayPeakSearch2

===========================================================================================
----------------- testing Thu May 23 04:22:13 UTC 2019 /home/travis/build/icyphy/ptII/ptolemy/actor/lib/test/auto/ArrayPeakSearch3.xml
----------------- Instantiating /home/travis/build/icyphy/ptII/ptolemy/actor/lib/test/auto/ArrayPeakSearch3.xml
3 ms. Memory: 579072K Free: 71968K (12%)
----------------- Invoking toplevel() on ptolemy.moml.MoMLSimpleApplication@66efc84d
----------------- Done invoking toplevel() on ptolemy.moml.MoMLSimpleApplication@66efc84d
reloadAllAccessors: .ArrayPeakSearch3

===========================================================================================
----------------- testing Thu May 23 04:22:13 UTC 2019 /home/travis/build/icyphy/ptII/ptolemy/actor/lib/test/auto/ArrayRemoveElement.xml
----------------- Instantiating /home/travis/build/icyphy/ptII/ptolemy/actor/lib/test/auto/ArrayRemoveElement.xml
2 ms. Memory: 579072K Free: 62234K (11%)
----------------- Invoking toplevel() on ptolemy.moml.MoMLSimpleApplication@47a9d136
----------------- Done invoking toplevel() on ptolemy.moml.MoMLSimpleApplication@47a9d136
reloadAllAccessors: .ArrayRemoveElement

===========================================================================================
----------------- testing Thu May 23 04:22:13 UTC 2019 /home/travis/build/icyphy/ptII/ptolemy/actor/lib/test/auto/ArraySort.xml
----------------- Instantiating /home/travis/build/icyphy/ptII/ptolemy/actor/lib/test/auto/ArraySort.xml
4 ms. Memory: 877568K Free: 829550K (95%)
----------------- Invoking toplevel() on ptolemy.moml.MoMLSimpleApplication@1327f0c5
----------------- Done invoking toplevel() on ptolemy.moml.MoMLSimpleApplication@1327f0c5
reloadAllAccessors: .ArraySort

===========================================================================================
----------------- testing Thu May 23 04:22:13 UTC 2019 /home/travis/build/icyphy/ptII/ptolemy/actor/lib/test/auto/ArraySum.xml
----------------- Instantiating /home/travis/build/icyphy/ptII/ptolemy/actor/lib/test/auto/ArraySum.xml
2 ms. Memory: 877568K Free: 800644K (91%)
----------------- Invoking toplevel() on ptolemy.moml.MoMLSimpleApplication@3d6e14e5
----------------- Done invoking toplevel() on ptolemy.moml.MoMLSimpleApplication@3d6e14e5
reloadAllAccessors: .ArraySum

===========================================================================================
----------------- testing Thu May 23 04:22:13 UTC 2019 /home/travis/build/icyphy/ptII/ptolemy/actor/lib/test/auto/ArrayToElements.xml
----------------- Instantiating /home/travis/build/icyphy/ptII/ptolemy/actor/lib/test/auto/ArrayToElements.xml
3 ms. Memory: 877568K Free: 790274K (90%)
----------------- Invoking toplevel() on ptolemy.moml.MoMLSimpleApplication@63ec00e5
----------------- Done invoking toplevel() on ptolemy.moml.MoMLSimpleApplication@63ec00e5
reloadAllAccessors: .ArrayToElements

===========================================================================================
----------------- testing Thu May 23 04:22:13 UTC 2019 /home/travis/build/icyphy/ptII/ptolemy/actor/lib/test/auto/ArrayToMatrix.xml
----------------- Instantiating /home/travis/build/icyphy/ptII/ptolemy/actor/lib/test/auto/ArrayToMatrix.xml
6 ms. Memory: 877568K Free: 769527K (88%)
----------------- Invoking toplevel() on ptolemy.moml.MoMLSimpleApplication@68fddada
----------------- Done invoking toplevel() on ptolemy.moml.MoMLSimpleApplication@68fddada
reloadAllAccessors: .ArrayToMatrix

===========================================================================================
----------------- testing Thu May 23 04:22:13 UTC 2019 /home/travis/build/icyphy/ptII/ptolemy/actor/lib/test/auto/ArrayUpdate1.xml
----------------- Instantiating /home/travis/build/icyphy/ptII/ptolemy/actor/lib/test/auto/ArrayUpdate1.xml
2 ms. Memory: 877568K Free: 759157K (87%)
----------------- Invoking toplevel() on ptolemy.moml.MoMLSimpleApplication@412a86d0
----------------- Done invoking toplevel() on ptolemy.moml.MoMLSimpleApplication@412a86d0
reloadAllAccessors: .ArrayUpdate1

===========================================================================================
----------------- testing Thu May 23 04:22:13 UTC 2019 /home/travis/build/icyphy/ptII/ptolemy/actor/lib/test/auto/ArrayUpdate2.xml
----------------- Instantiating /home/travis/build/icyphy/ptII/ptolemy/actor/lib/test/auto/ArrayUpdate2.xml
5 ms. Memory: 877568K Free: 737646K (84%)
----------------- Invoking toplevel() on ptolemy.moml.MoMLSimpleApplication@4708fdfe
----------------- Done invoking toplevel() on ptolemy.moml.MoMLSimpleApplication@4708fdfe
reloadAllAccessors: .ArrayUpdate2

===========================================================================================
----------------- testing Thu May 23 04:22:13 UTC 2019 /home/travis/build/icyphy/ptII/ptolemy/actor/lib/test/auto/ArrayUpdate3.xml
----------------- Instantiating /home/travis/build/icyphy/ptII/ptolemy/actor/lib/test/auto/ArrayUpdate3.xml
2 ms. Memory: 877568K Free: 727276K (83%)
----------------- Invoking toplevel() on ptolemy.moml.MoMLSimpleApplication@15fa6bc6
----------------- Done invoking toplevel() on ptolemy.moml.MoMLSimpleApplication@15fa6bc6
reloadAllAccessors: .ArrayUpdate3

===========================================================================================
----------------- testing Thu May 23 04:22:13 UTC 2019 /home/travis/build/icyphy/ptII/ptolemy/actor/lib/test/auto/Assert1.xml
----------------- Instantiating /home/travis/build/icyphy/ptII/ptolemy/actor/lib/test/auto/Assert1.xml
3 ms. Memory: 877568K Free: 716906K (82%)
----------------- Invoking toplevel() on ptolemy.moml.MoMLSimpleApplication@7853193b
----------------- Done invoking toplevel() on ptolemy.moml.MoMLSimpleApplication@7853193b
reloadAllAccessors: .Assert1

===========================================================================================
----------------- testing Thu May 23 04:22:13 UTC 2019 /home/travis/build/icyphy/ptII/ptolemy/actor/lib/test/auto/Assert2.xml
----------------- Instantiating /home/travis/build/icyphy/ptII/ptolemy/actor/lib/test/auto/Assert2.xml
6 ms. Memory: 877568K Free: 706537K (81%)
----------------- Invoking toplevel() on ptolemy.moml.MoMLSimpleApplication@6d948724
----------------- Done invoking toplevel() on ptolemy.moml.MoMLSimpleApplication@6d948724
reloadAllAccessors: .Assert2

===========================================================================================
----------------- testing Thu May 23 04:22:13 UTC 2019 /home/travis/build/icyphy/ptII/ptolemy/actor/lib/test/auto/BooleanMultiplexor.xml
----------------- Instantiating /home/travis/build/icyphy/ptII/ptolemy/actor/lib/test/auto/BooleanMultiplexor.xml
2 ms. Memory: 877568K Free: 696167K (79%)
----------------- Invoking toplevel() on ptolemy.moml.MoMLSimpleApplication@306b4a7c
----------------- Done invoking toplevel() on ptolemy.moml.MoMLSimpleApplication@306b4a7c
reloadAllAccessors: .BooleanMultiplexor

===========================================================================================
----------------- testing Thu May 23 04:22:13 UTC 2019 /home/travis/build/icyphy/ptII/ptolemy/actor/lib/test/auto/BooleanMultiplexor2.xml
----------------- Instantiating /home/travis/build/icyphy/ptII/ptolemy/actor/lib/test/auto/BooleanMultiplexor2.xml
3 ms. Memory: 877568K Free: 675038K (77%)
----------------- Invoking toplevel() on ptolemy.moml.MoMLSimpleApplication@1be9dbb0
----------------- Done invoking toplevel() on ptolemy.moml.MoMLSimpleApplication@1be9dbb0
reloadAllAccessors: .BooleanMultiplexor2

===========================================================================================
----------------- testing Thu May 23 04:22:13 UTC 2019 /home/travis/build/icyphy/ptII/ptolemy/actor/lib/test/auto/BooleanMultiplexor3.xml
----------------- Instantiating /home/travis/build/icyphy/ptII/ptolemy/actor/lib/test/auto/BooleanMultiplexor3.xml
2 ms. Memory: 877568K Free: 664668K (76%)
----------------- Invoking toplevel() on ptolemy.moml.MoMLSimpleApplication@345701d0
----------------- Done invoking toplevel() on ptolemy.moml.MoMLSimpleApplication@345701d0
reloadAllAccessors: .BooleanMultiplexor3

===========================================================================================
----------------- testing Thu May 23 04:22:13 UTC 2019 /home/travis/build/icyphy/ptII/ptolemy/actor/lib/test/auto/BooleanSelect.xml
----------------- Instantiating /home/travis/build/icyphy/ptII/ptolemy/actor/lib/test/auto/BooleanSelect.xml
3 ms. Memory: 877568K Free: 654298K (75%)
----------------- Invoking toplevel() on ptolemy.moml.MoMLSimpleApplication@7d4f627d
----------------- Done invoking toplevel() on ptolemy.moml.MoMLSimpleApplication@7d4f627d
reloadAllAccessors: .BooleanSelect

===========================================================================================
----------------- testing Thu May 23 04:22:13 UTC 2019 /home/travis/build/icyphy/ptII/ptolemy/actor/lib/test/auto/BooleanSelect2.xml
----------------- Instantiating /home/travis/build/icyphy/ptII/ptolemy/actor/lib/test/auto/BooleanSelect2.xml
2 ms. Memory: 877568K Free: 643929K (73%)
----------------- Invoking toplevel() on ptolemy.moml.MoMLSimpleApplication@482ce749
----------------- Done invoking toplevel() on ptolemy.moml.MoMLSimpleApplication@482ce749
reloadAllAccessors: .BooleanSelect2

===========================================================================================
----------------- testing Thu May 23 04:22:13 UTC 2019 /home/travis/build/icyphy/ptII/ptolemy/actor/lib/test/auto/BooleanSwitch.xml
----------------- Instantiating /home/travis/build/icyphy/ptII/ptolemy/actor/lib/test/auto/BooleanSwitch.xml
4 ms. Memory: 877568K Free: 633559K (72%)
----------------- Invoking toplevel() on ptolemy.moml.MoMLSimpleApplication@65bc3292
----------------- Done invoking toplevel() on ptolemy.moml.MoMLSimpleApplication@65bc3292
reloadAllAccessors: .BooleanSwitch

===========================================================================================
----------------- testing Thu May 23 04:22:13 UTC 2019 /home/travis/build/icyphy/ptII/ptolemy/actor/lib/test/auto/BooleanSwitch2.xml
----------------- Instantiating /home/travis/build/icyphy/ptII/ptolemy/actor/lib/test/auto/BooleanSwitch2.xml
2 ms. Memory: 877568K Free: 612430K (70%)
----------------- Invoking toplevel() on ptolemy.moml.MoMLSimpleApplication@48e22a00
----------------- Done invoking toplevel() on ptolemy.moml.MoMLSimpleApplication@48e22a00
reloadAllAccessors: .BooleanSwitch2

===========================================================================================
----------------- testing Thu May 23 04:22:13 UTC 2019 /home/travis/build/icyphy/ptII/ptolemy/actor/lib/test/auto/BooleanSwitchCloningBugWithClassRelationGroup.xml
----------------- Instantiating /home/travis/build/icyphy/ptII/ptolemy/actor/lib/test/auto/BooleanSwitchCloningBugWithClassRelationGroup.xml
2 ms. Memory: 877568K Free: 602060K (69%)
----------------- Invoking toplevel() on ptolemy.moml.MoMLSimpleApplication@1409ff4b
----------------- Done invoking toplevel() on ptolemy.moml.MoMLSimpleApplication@1409ff4b
reloadAllAccessors: .BooleanSwitchCloningBugWithClassRelationGroup

===========================================================================================
----------------- testing Thu May 23 04:22:13 UTC 2019 /home/travis/build/icyphy/ptII/ptolemy/actor/lib/test/auto/BusActors.xml
----------------- Instantiating /home/travis/build/icyphy/ptII/ptolemy/actor/lib/test/auto/BusActors.xml
4 ms. Memory: 877568K Free: 586505K (67%)
----------------- Invoking toplevel() on ptolemy.moml.MoMLSimpleApplication@cf796a1
----------------- Done invoking toplevel() on ptolemy.moml.MoMLSimpleApplication@cf796a1
reloadAllAccessors: .BusActors

===========================================================================================
----------------- testing Thu May 23 04:22:13 UTC 2019 /home/travis/build/icyphy/ptII/ptolemy/actor/lib/test/auto/ClassWrapper.xml
----------------- Instantiating /home/travis/build/icyphy/ptII/ptolemy/actor/lib/test/auto/ClassWrapper.xml
2 ms. Memory: 877568K Free: 576136K (66%)
----------------- Invoking toplevel() on ptolemy.moml.MoMLSimpleApplication@3cf211bf
----------------- Done invoking toplevel() on ptolemy.moml.MoMLSimpleApplication@3cf211bf
reloadAllAccessors: .ClassWrapper

===========================================================================================
----------------- testing Thu May 23 04:22:13 UTC 2019 /home/travis/build/icyphy/ptII/ptolemy/actor/lib/test/auto/Clock.xml
----------------- Instantiating /home/travis/build/icyphy/ptII/ptolemy/actor/lib/test/auto/Clock.xml
1 ms. Memory: 877568K Free: 565766K (64%)
----------------- Invoking toplevel() on ptolemy.moml.MoMLSimpleApplication@48866223
----------------- Done invoking toplevel() on ptolemy.moml.MoMLSimpleApplication@48866223
reloadAllAccessors: .Clock

===========================================================================================
----------------- testing Thu May 23 04:22:13 UTC 2019 /home/travis/build/icyphy/ptII/ptolemy/actor/lib/test/auto/Clock10.xml
----------------- Instantiating /home/travis/build/icyphy/ptII/ptolemy/actor/lib/test/auto/Clock10.xml
2 ms. Memory: 877568K Free: 544637K (62%)
----------------- Invoking toplevel() on ptolemy.moml.MoMLSimpleApplication@34840302
----------------- Done invoking toplevel() on ptolemy.moml.MoMLSimpleApplication@34840302
reloadAllAccessors: .Clock10

===========================================================================================
----------------- testing Thu May 23 04:22:14 UTC 2019 /home/travis/build/icyphy/ptII/ptolemy/actor/lib/test/auto/Clock11.xml
----------------- Instantiating /home/travis/build/icyphy/ptII/ptolemy/actor/lib/test/auto/Clock11.xml
2 ms. Memory: 877568K Free: 534267K (61%)
----------------- Invoking toplevel() on ptolemy.moml.MoMLSimpleApplication@4b84f4be
----------------- Done invoking toplevel() on ptolemy.moml.MoMLSimpleApplication@4b84f4be
reloadAllAccessors: .Clock11

===========================================================================================
----------------- testing Thu May 23 04:22:14 UTC 2019 /home/travis/build/icyphy/ptII/ptolemy/actor/lib/test/auto/Clock12.xml
----------------- Instantiating /home/travis/build/icyphy/ptII/ptolemy/actor/lib/test/auto/Clock12.xml
2 ms. Memory: 877568K Free: 523897K (60%)
----------------- Invoking toplevel() on ptolemy.moml.MoMLSimpleApplication@6762b746
----------------- Done invoking toplevel() on ptolemy.moml.MoMLSimpleApplication@6762b746
reloadAllAccessors: .Clock12

===========================================================================================
----------------- testing Thu May 23 04:22:14 UTC 2019 /home/travis/build/icyphy/ptII/ptolemy/actor/lib/test/auto/Clock13.xml
----------------- Instantiating /home/travis/build/icyphy/ptII/ptolemy/actor/lib/test/auto/Clock13.xml
2 ms. Memory: 877568K Free: 513527K (59%)
----------------- Invoking toplevel() on ptolemy.moml.MoMLSimpleApplication@5c275f3c
----------------- Done invoking toplevel() on ptolemy.moml.MoMLSimpleApplication@5c275f3c
reloadAllAccessors: .Clock13

===========================================================================================
----------------- testing Thu May 23 04:22:14 UTC 2019 /home/travis/build/icyphy/ptII/ptolemy/actor/lib/test/auto/Clock14.xml
----------------- Instantiating /home/travis/build/icyphy/ptII/ptolemy/actor/lib/test/auto/Clock14.xml
3 ms. Memory: 877568K Free: 503158K (57%)
----------------- Invoking toplevel() on ptolemy.moml.MoMLSimpleApplication@383214c3
----------------- Done invoking toplevel() on ptolemy.moml.MoMLSimpleApplication@383214c3
reloadAllAccessors: .Clock14

===========================================================================================
----------------- testing Thu May 23 04:22:14 UTC 2019 /home/travis/build/icyphy/ptII/ptolemy/actor/lib/test/auto/Clock15.xml
----------------- Instantiating /home/travis/build/icyphy/ptII/ptolemy/actor/lib/test/auto/Clock15.xml
6 ms. Memory: 877568K Free: 482029K (55%)
----------------- Invoking toplevel() on ptolemy.moml.MoMLSimpleApplication@64bb09d3
----------------- Done invoking toplevel() on ptolemy.moml.MoMLSimpleApplication@64bb09d3
reloadAllAccessors: .Clock15

===========================================================================================
----------------- testing Thu May 23 04:22:14 UTC 2019 /home/travis/build/icyphy/ptII/ptolemy/actor/lib/test/auto/Clock16.xml
----------------- Instantiating /home/travis/build/icyphy/ptII/ptolemy/actor/lib/test/auto/Clock16.xml
27 ms. Memory: 877568K Free: 466458K (53%)
----------------- Invoking toplevel() on ptolemy.moml.MoMLSimpleApplication@338581cf
----------------- Done invoking toplevel() on ptolemy.moml.MoMLSimpleApplication@338581cf
reloadAllAccessors: .Clock16

===========================================================================================
----------------- testing Thu May 23 04:22:14 UTC 2019 /home/travis/build/icyphy/ptII/ptolemy/actor/lib/test/auto/Clock17.xml
----------------- Instantiating /home/travis/build/icyphy/ptII/ptolemy/actor/lib/test/auto/Clock17.xml
11 ms. Memory: 877568K Free: 450895K (51%)
----------------- Invoking toplevel() on ptolemy.moml.MoMLSimpleApplication@4eb6e7f7
----------------- Done invoking toplevel() on ptolemy.moml.MoMLSimpleApplication@4eb6e7f7
reloadAllAccessors: .Clock17

===========================================================================================
----------------- testing Thu May 23 04:22:14 UTC 2019 /home/travis/build/icyphy/ptII/ptolemy/actor/lib/test/auto/Clock18.xml
----------------- Instantiating /home/travis/build/icyphy/ptII/ptolemy/actor/lib/test/auto/Clock18.xml
28 ms. Memory: 877568K Free: 435325K (50%)
----------------- Invoking toplevel() on ptolemy.moml.MoMLSimpleApplication@243729cb
----------------- Done invoking toplevel() on ptolemy.moml.MoMLSimpleApplication@243729cb
reloadAllAccessors: .Clock18

===========================================================================================
----------------- testing Thu May 23 04:22:14 UTC 2019 /home/travis/build/icyphy/ptII/ptolemy/actor/lib/test/auto/Clock19.xml
----------------- Instantiating /home/travis/build/icyphy/ptII/ptolemy/actor/lib/test/auto/Clock19.xml
15 ms. Memory: 877568K Free: 408995K (47%)
----------------- Invoking toplevel() on ptolemy.moml.MoMLSimpleApplication@7b805386
----------------- Done invoking toplevel() on ptolemy.moml.MoMLSimpleApplication@7b805386
reloadAllAccessors: .Clock19

===========================================================================================
----------------- testing Thu May 23 04:22:14 UTC 2019 /home/travis/build/icyphy/ptII/ptolemy/actor/lib/test/auto/Clock2.xml
----------------- Instantiating /home/travis/build/icyphy/ptII/ptolemy/actor/lib/test/auto/Clock2.xml
1 ms. Memory: 877568K Free: 398625K (45%)
----------------- Invoking toplevel() on ptolemy.moml.MoMLSimpleApplication@122d9260
----------------- Done invoking toplevel() on ptolemy.moml.MoMLSimpleApplication@122d9260
reloadAllAccessors: .Clock2

===========================================================================================
----------------- testing Thu May 23 04:22:14 UTC 2019 /home/travis/build/icyphy/ptII/ptolemy/actor/lib/test/auto/Clock20.xml
----------------- Instantiating /home/travis/build/icyphy/ptII/ptolemy/actor/lib/test/auto/Clock20.xml
3 ms. Memory: 877568K Free: 388256K (44%)
----------------- Invoking toplevel() on ptolemy.moml.MoMLSimpleApplication@1278207e
----------------- Done invoking toplevel() on ptolemy.moml.MoMLSimpleApplication@1278207e
reloadAllAccessors: .Clock20

===========================================================================================
----------------- testing Thu May 23 04:22:14 UTC 2019 /home/travis/build/icyphy/ptII/ptolemy/actor/lib/test/auto/Clock21.xml
----------------- Instantiating /home/travis/build/icyphy/ptII/ptolemy/actor/lib/test/auto/Clock21.xml
2 ms. Memory: 877568K Free: 377886K (43%)
----------------- Invoking toplevel() on ptolemy.moml.MoMLSimpleApplication@709a5e9b
----------------- Done invoking toplevel() on ptolemy.moml.MoMLSimpleApplication@709a5e9b
reloadAllAccessors: .Clock21

===========================================================================================
----------------- testing Thu May 23 04:22:14 UTC 2019 /home/travis/build/icyphy/ptII/ptolemy/actor/lib/test/auto/Clock22.xml
----------------- Instantiating /home/travis/build/icyphy/ptII/ptolemy/actor/lib/test/auto/Clock22.xml
2 ms. Memory: 877568K Free: 367516K (42%)
----------------- Invoking toplevel() on ptolemy.moml.MoMLSimpleApplication@6475c01d
----------------- Done invoking toplevel() on ptolemy.moml.MoMLSimpleApplication@6475c01d
reloadAllAccessors: .Clock22

===========================================================================================
----------------- testing Thu May 23 04:22:14 UTC 2019 /home/travis/build/icyphy/ptII/ptolemy/actor/lib/test/auto/Clock23.xml
----------------- Instantiating /home/travis/build/icyphy/ptII/ptolemy/actor/lib/test/auto/Clock23.xml
6 ms. Memory: 877568K Free: 346387K (39%)
----------------- Invoking toplevel() on ptolemy.moml.MoMLSimpleApplication@5100e6e5
----------------- Done invoking toplevel() on ptolemy.moml.MoMLSimpleApplication@5100e6e5
reloadAllAccessors: .Clock23

===========================================================================================
----------------- testing Thu May 23 04:22:14 UTC 2019 /home/travis/build/icyphy/ptII/ptolemy/actor/lib/test/auto/Clock24.xml
----------------- Instantiating /home/travis/build/icyphy/ptII/ptolemy/actor/lib/test/auto/Clock24.xml
6 ms. Memory: 877568K Free: 336017K (38%)
----------------- Invoking toplevel() on ptolemy.moml.MoMLSimpleApplication@373ec386
----------------- Done invoking toplevel() on ptolemy.moml.MoMLSimpleApplication@373ec386
reloadAllAccessors: .Clock24

===========================================================================================
----------------- testing Thu May 23 04:22:14 UTC 2019 /home/travis/build/icyphy/ptII/ptolemy/actor/lib/test/auto/Clock4.xml
----------------- Instantiating /home/travis/build/icyphy/ptII/ptolemy/actor/lib/test/auto/Clock4.xml
6 ms. Memory: 877568K Free: 325647K (37%)
----------------- Invoking toplevel() on ptolemy.moml.MoMLSimpleApplication@234b2181
----------------- Done invoking toplevel() on ptolemy.moml.MoMLSimpleApplication@234b2181
reloadAllAccessors: .Clock4

===========================================================================================
----------------- testing Thu May 23 04:22:14 UTC 2019 /home/travis/build/icyphy/ptII/ptolemy/actor/lib/test/auto/Clock5.xml
----------------- Instantiating /home/travis/build/icyphy/ptII/ptolemy/actor/lib/test/auto/Clock5.xml
2 ms. Memory: 877568K Free: 315278K (36%)
----------------- Invoking toplevel() on ptolemy.moml.MoMLSimpleApplication@7829ff2a
----------------- Done invoking toplevel() on ptolemy.moml.MoMLSimpleApplication@7829ff2a
reloadAllAccessors: .Clock5

===========================================================================================
----------------- testing Thu May 23 04:22:14 UTC 2019 /home/travis/build/icyphy/ptII/ptolemy/actor/lib/test/auto/Clock6.xml
----------------- Instantiating /home/travis/build/icyphy/ptII/ptolemy/actor/lib/test/auto/Clock6.xml
2 ms. Memory: 877568K Free: 304908K (35%)
----------------- Invoking toplevel() on ptolemy.moml.MoMLSimpleApplication@4f5d3b78
----------------- Done invoking toplevel() on ptolemy.moml.MoMLSimpleApplication@4f5d3b78
reloadAllAccessors: .Clock6

===========================================================================================
----------------- testing Thu May 23 04:22:14 UTC 2019 /home/travis/build/icyphy/ptII/ptolemy/actor/lib/test/auto/Clock7.xml
----------------- Instantiating /home/travis/build/icyphy/ptII/ptolemy/actor/lib/test/auto/Clock7.xml
2 ms. Memory: 877568K Free: 283779K (32%)
----------------- Invoking toplevel() on ptolemy.moml.MoMLSimpleApplication@7c64426f
----------------- Done invoking toplevel() on ptolemy.moml.MoMLSimpleApplication@7c64426f
reloadAllAccessors: .Clock7

===========================================================================================
----------------- testing Thu May 23 04:22:14 UTC 2019 /home/travis/build/icyphy/ptII/ptolemy/actor/lib/test/auto/Clock8.xml
----------------- Instantiating /home/travis/build/icyphy/ptII/ptolemy/actor/lib/test/auto/Clock8.xml
6 ms. Memory: 877568K Free: 273409K (31%)
----------------- Invoking toplevel() on ptolemy.moml.MoMLSimpleApplication@17b9b3d7
----------------- Done invoking toplevel() on ptolemy.moml.MoMLSimpleApplication@17b9b3d7
reloadAllAccessors: .Clock8

===========================================================================================
----------------- testing Thu May 23 04:22:14 UTC 2019 /home/travis/build/icyphy/ptII/ptolemy/actor/lib/test/auto/Clock9.xml
----------------- Instantiating /home/travis/build/icyphy/ptII/ptolemy/actor/lib/test/auto/Clock9.xml
4 ms. Memory: 877568K Free: 263040K (30%)
----------------- Invoking toplevel() on ptolemy.moml.MoMLSimpleApplication@1cbcd42
----------------- Done invoking toplevel() on ptolemy.moml.MoMLSimpleApplication@1cbcd42
reloadAllAccessors: .Clock9

===========================================================================================
----------------- testing Thu May 23 04:22:14 UTC 2019 /home/travis/build/icyphy/ptII/ptolemy/actor/lib/test/auto/CommDistDiscard.xml
----------------- Instantiating /home/travis/build/icyphy/ptII/ptolemy/actor/lib/test/auto/CommDistDiscard.xml
2 ms. Memory: 877568K Free: 252670K (29%)
----------------- Invoking toplevel() on ptolemy.moml.MoMLSimpleApplication@6cd3f3f6
----------------- Done invoking toplevel() on ptolemy.moml.MoMLSimpleApplication@6cd3f3f6
reloadAllAccessors: .CommDistDiscard

===========================================================================================
----------------- testing Thu May 23 04:22:14 UTC 2019 /home/travis/build/icyphy/ptII/ptolemy/actor/lib/test/auto/Commutator.xml
----------------- Instantiating /home/travis/build/icyphy/ptII/ptolemy/actor/lib/test/auto/Commutator.xml
3 ms. Memory: 877568K Free: 242300K (28%)
----------------- Invoking toplevel() on ptolemy.moml.MoMLSimpleApplication@f0faa70
----------------- Done invoking toplevel() on ptolemy.moml.MoMLSimpleApplication@f0faa70
reloadAllAccessors: .Commutator

===========================================================================================
----------------- testing Thu May 23 04:22:14 UTC 2019 /home/travis/build/icyphy/ptII/ptolemy/actor/lib/test/auto/Commutator2.xml
----------------- Instantiating /home/travis/build/icyphy/ptII/ptolemy/actor/lib/test/auto/Commutator2.xml
1 ms. Memory: 877568K Free: 221171K (25%)
----------------- Invoking toplevel() on ptolemy.moml.MoMLSimpleApplication@32ecc727
----------------- Done invoking toplevel() on ptolemy.moml.MoMLSimpleApplication@32ecc727
reloadAllAccessors: .Commutator2

===========================================================================================
----------------- testing Thu May 23 04:22:14 UTC 2019 /home/travis/build/icyphy/ptII/ptolemy/actor/lib/test/auto/Commutator3.xml
----------------- Instantiating /home/travis/build/icyphy/ptII/ptolemy/actor/lib/test/auto/Commutator3.xml
1 ms. Memory: 877568K Free: 210801K (24%)
----------------- Invoking toplevel() on ptolemy.moml.MoMLSimpleApplication@1869a0f7
----------------- Done invoking toplevel() on ptolemy.moml.MoMLSimpleApplication@1869a0f7
reloadAllAccessors: .Commutator3

===========================================================================================
----------------- testing Thu May 23 04:22:14 UTC 2019 /home/travis/build/icyphy/ptII/ptolemy/actor/lib/test/auto/Compare.xml
----------------- Instantiating /home/travis/build/icyphy/ptII/ptolemy/actor/lib/test/auto/Compare.xml
2 ms. Memory: 877568K Free: 200432K (23%)
----------------- Invoking toplevel() on ptolemy.moml.MoMLSimpleApplication@63dec3c2
----------------- Done invoking toplevel() on ptolemy.moml.MoMLSimpleApplication@63dec3c2
reloadAllAccessors: .Compare

===========================================================================================
----------------- testing Thu May 23 04:22:14 UTC 2019 /home/travis/build/icyphy/ptII/ptolemy/actor/lib/test/auto/CompareDE.xml
----------------- Instantiating /home/travis/build/icyphy/ptII/ptolemy/actor/lib/test/auto/CompareDE.xml
3 ms. Memory: 877568K Free: 190062K (22%)
----------------- Invoking toplevel() on ptolemy.moml.MoMLSimpleApplication@2703cb73
----------------- Done invoking toplevel() on ptolemy.moml.MoMLSimpleApplication@2703cb73
reloadAllAccessors: .CompareDE

===========================================================================================
----------------- testing Thu May 23 04:22:14 UTC 2019 /home/travis/build/icyphy/ptII/ptolemy/actor/lib/test/auto/ComplexDivide.xml
----------------- Instantiating /home/travis/build/icyphy/ptII/ptolemy/actor/lib/test/auto/ComplexDivide.xml
3 ms. Memory: 877568K Free: 179692K (20%)
----------------- Invoking toplevel() on ptolemy.moml.MoMLSimpleApplication@1d5857a6
----------------- Done invoking toplevel() on ptolemy.moml.MoMLSimpleApplication@1d5857a6
reloadAllAccessors: .ComplexDivide

===========================================================================================
----------------- testing Thu May 23 04:22:14 UTC 2019 /home/travis/build/icyphy/ptII/ptolemy/actor/lib/test/auto/ComputeHistogram.xml
----------------- Instantiating /home/travis/build/icyphy/ptII/ptolemy/actor/lib/test/auto/ComputeHistogram.xml
24 ms. Memory: 877568K Free: 153378K (17%)
----------------- Invoking toplevel() on ptolemy.moml.MoMLSimpleApplication@132811a6
----------------- Done invoking toplevel() on ptolemy.moml.MoMLSimpleApplication@132811a6
reloadAllAccessors: .ComputeHistogram

===========================================================================================
----------------- testing Thu May 23 04:22:14 UTC 2019 /home/travis/build/icyphy/ptII/ptolemy/actor/lib/test/auto/ConfigurationSelect.xml
----------------- Instantiating /home/travis/build/icyphy/ptII/ptolemy/actor/lib/test/auto/ConfigurationSelect.xml
3 ms. Memory: 877568K Free: 143008K (16%)
----------------- Invoking toplevel() on ptolemy.moml.MoMLSimpleApplication@2efebf23
----------------- Done invoking toplevel() on ptolemy.moml.MoMLSimpleApplication@2efebf23
reloadAllAccessors: .ConfigurationSelect

===========================================================================================
----------------- testing Thu May 23 04:22:14 UTC 2019 /home/travis/build/icyphy/ptII/ptolemy/actor/lib/test/auto/ConfigurationSelect2.xml
----------------- Instantiating /home/travis/build/icyphy/ptII/ptolemy/actor/lib/test/auto/ConfigurationSelect2.xml
2 ms. Memory: 877568K Free: 132638K (15%)
----------------- Invoking toplevel() on ptolemy.moml.MoMLSimpleApplication@438cb7a9
----------------- Done invoking toplevel() on ptolemy.moml.MoMLSimpleApplication@438cb7a9
reloadAllAccessors: .ConfigurationSelect2

===========================================================================================
----------------- testing Thu May 23 04:22:14 UTC 2019 /home/travis/build/icyphy/ptII/ptolemy/actor/lib/test/auto/ConfigurationSwitch.xml
----------------- Instantiating /home/travis/build/icyphy/ptII/ptolemy/actor/lib/test/auto/ConfigurationSwitch.xml
2 ms. Memory: 877568K Free: 122269K (14%)
----------------- Invoking toplevel() on ptolemy.moml.MoMLSimpleApplication@3f49d7ad
----------------- Done invoking toplevel() on ptolemy.moml.MoMLSimpleApplication@3f49d7ad
reloadAllAccessors: .ConfigurationSwitch

===========================================================================================
----------------- testing Thu May 23 04:22:14 UTC 2019 /home/travis/build/icyphy/ptII/ptolemy/actor/lib/test/auto/ConfigurationSwitch2.xml
----------------- Instantiating /home/travis/build/icyphy/ptII/ptolemy/actor/lib/test/auto/ConfigurationSwitch2.xml
3 ms. Memory: 877568K Free: 101139K (12%)
----------------- Invoking toplevel() on ptolemy.moml.MoMLSimpleApplication@25cd05fa
----------------- Done invoking toplevel() on ptolemy.moml.MoMLSimpleApplication@25cd05fa
reloadAllAccessors: .ConfigurationSwitch2

===========================================================================================
----------------- testing Thu May 23 04:22:14 UTC 2019 /home/travis/build/icyphy/ptII/ptolemy/actor/lib/test/auto/ConfigurationSwitchCloningBugWithClassRelationGroup.xml
----------------- Instantiating /home/travis/build/icyphy/ptII/ptolemy/actor/lib/test/auto/ConfigurationSwitchCloningBugWithClassRelationGroup.xml
1 ms. Memory: 877568K Free: 90770K (10%)
----------------- Invoking toplevel() on ptolemy.moml.MoMLSimpleApplication@78e52a82
----------------- Done invoking toplevel() on ptolemy.moml.MoMLSimpleApplication@78e52a82
reloadAllAccessors: .ConfigurationSwitchCloningBugWithClassRelationGroup

===========================================================================================
----------------- testing Thu May 23 04:22:14 UTC 2019 /home/travis/build/icyphy/ptII/ptolemy/actor/lib/test/auto/ConfigurationSwitchSelectSDF.xml
----------------- Instantiating /home/travis/build/icyphy/ptII/ptolemy/actor/lib/test/auto/ConfigurationSwitchSelectSDF.xml
4 ms. Memory: 877568K Free: 80400K (9%)
----------------- Invoking toplevel() on ptolemy.moml.MoMLSimpleApplication@5182a7bc
----------------- Done invoking toplevel() on ptolemy.moml.MoMLSimpleApplication@5182a7bc
reloadAllAccessors: .ConfigurationSwitchSelectSDF

===========================================================================================
----------------- testing Thu May 23 04:22:14 UTC 2019 /home/travis/build/icyphy/ptII/ptolemy/actor/lib/test/auto/ConfigurationSwitchSelectSDF2.xml
----------------- Instantiating /home/travis/build/icyphy/ptII/ptolemy/actor/lib/test/auto/ConfigurationSwitchSelectSDF2.xml
3 ms. Memory: 877568K Free: 70030K (8%)
----------------- Invoking toplevel() on ptolemy.moml.MoMLSimpleApplication@43963a9
----------------- Done invoking toplevel() on ptolemy.moml.MoMLSimpleApplication@43963a9
reloadAllAccessors: .ConfigurationSwitchSelectSDF2

===========================================================================================
----------------- testing Thu May 23 04:22:14 UTC 2019 /home/travis/build/icyphy/ptII/ptolemy/actor/lib/test/auto/Const.xml
----------------- Instantiating /home/travis/build/icyphy/ptII/ptolemy/actor/lib/test/auto/Const.xml
2 ms. Memory: 877568K Free: 59692K (7%)
----------------- Invoking toplevel() on ptolemy.moml.MoMLSimpleApplication@25cf4df8
----------------- Done invoking toplevel() on ptolemy.moml.MoMLSimpleApplication@25cf4df8
reloadAllAccessors: .Const

===========================================================================================
----------------- testing Thu May 23 04:22:15 UTC 2019 /home/travis/build/icyphy/ptII/ptolemy/actor/lib/test/auto/Const2.xml
----------------- Instantiating /home/travis/build/icyphy/ptII/ptolemy/actor/lib/test/auto/Const2.xml
1 ms. Memory: 877568K Free: 820426K (93%)
----------------- Invoking toplevel() on ptolemy.moml.MoMLSimpleApplication@10086b2e
----------------- Done invoking toplevel() on ptolemy.moml.MoMLSimpleApplication@10086b2e
reloadAllAccessors: .Const2

===========================================================================================
----------------- testing Thu May 23 04:22:15 UTC 2019 /home/travis/build/icyphy/ptII/ptolemy/actor/lib/test/auto/Const3.xml
----------------- Instantiating /home/travis/build/icyphy/ptII/ptolemy/actor/lib/test/auto/Const3.xml
1 ms. Memory: 877568K Free: 809808K (92%)
----------------- Invoking toplevel() on ptolemy.moml.MoMLSimpleApplication@14c09dd9
----------------- Done invoking toplevel() on ptolemy.moml.MoMLSimpleApplication@14c09dd9
reloadAllAccessors: .Const3

===========================================================================================
----------------- testing Thu May 23 04:22:15 UTC 2019 /home/travis/build/icyphy/ptII/ptolemy/actor/lib/test/auto/ConstantPublisherPort1.xml
----------------- Instantiating /home/travis/build/icyphy/ptII/ptolemy/actor/lib/test/auto/ConstantPublisherPort1.xml
5 ms. Memory: 877568K Free: 794238K (91%)
----------------- Invoking toplevel() on ptolemy.moml.MoMLSimpleApplication@41e2e8bd
----------------- Done invoking toplevel() on ptolemy.moml.MoMLSimpleApplication@41e2e8bd
reloadAllAccessors: .ConstantPublisherPort1

===========================================================================================
----------------- testing Thu May 23 04:22:15 UTC 2019 /home/travis/build/icyphy/ptII/ptolemy/actor/lib/test/auto/ConstantPublisherPort2.xml
----------------- Instantiating /home/travis/build/icyphy/ptII/ptolemy/actor/lib/test/auto/ConstantPublisherPort2.xml
9 ms. Memory: 877568K Free: 775930K (88%)
----------------- Invoking toplevel() on ptolemy.moml.MoMLSimpleApplication@3488fc9a
----------------- Done invoking toplevel() on ptolemy.moml.MoMLSimpleApplication@3488fc9a
reloadAllAccessors: .ConstantPublisherPort2

===========================================================================================
----------------- testing Thu May 23 04:22:15 UTC 2019 /home/travis/build/icyphy/ptII/ptolemy/actor/lib/test/auto/ConstantPublisherPort3.xml
----------------- Instantiating /home/travis/build/icyphy/ptII/ptolemy/actor/lib/test/auto/ConstantPublisherPort3.xml
5 ms. Memory: 877568K Free: 765561K (87%)
----------------- Invoking toplevel() on ptolemy.moml.MoMLSimpleApplication@123fe93
----------------- Done invoking toplevel() on ptolemy.moml.MoMLSimpleApplication@123fe93
reloadAllAccessors: .ConstantPublisherPort3

===========================================================================================
----------------- testing Thu May 23 04:22:15 UTC 2019 /home/travis/build/icyphy/ptII/ptolemy/actor/lib/test/auto/ConstantPublisherPort4.xml
----------------- Instantiating /home/travis/build/icyphy/ptII/ptolemy/actor/lib/test/auto/ConstantPublisherPort4.xml
3 ms. Memory: 877568K Free: 755191K (86%)
----------------- Invoking toplevel() on ptolemy.moml.MoMLSimpleApplication@f4e0381
----------------- Done invoking toplevel() on ptolemy.moml.MoMLSimpleApplication@f4e0381
reloadAllAccessors: .ConstantPublisherPort4

===========================================================================================
----------------- testing Thu May 23 04:22:15 UTC 2019 /home/travis/build/icyphy/ptII/ptolemy/actor/lib/test/auto/ConstantPublisherPort5.xml
----------------- Instantiating /home/travis/build/icyphy/ptII/ptolemy/actor/lib/test/auto/ConstantPublisherPort5.xml
29 ms. Memory: 877568K Free: 729250K (83%)
----------------- Invoking toplevel() on ptolemy.moml.MoMLSimpleApplication@692be9d
----------------- Done invoking toplevel() on ptolemy.moml.MoMLSimpleApplication@692be9d
reloadAllAccessors: .ConstantPublisherPort5

===========================================================================================
----------------- testing Thu May 23 04:22:15 UTC 2019 /home/travis/build/icyphy/ptII/ptolemy/actor/lib/test/auto/ConstantPublisherPort6.xml
----------------- Instantiating /home/travis/build/icyphy/ptII/ptolemy/actor/lib/test/auto/ConstantPublisherPort6.xml
13 ms. Memory: 877568K Free: 695389K (79%)
----------------- Invoking toplevel() on ptolemy.moml.MoMLSimpleApplication@9774834
----------------- Done invoking toplevel() on ptolemy.moml.MoMLSimpleApplication@9774834
reloadAllAccessors: .ConstantPublisherPort6

===========================================================================================
----------------- testing Thu May 23 04:22:15 UTC 2019 /home/travis/build/icyphy/ptII/ptolemy/actor/lib/test/auto/ConstantPublisherPort7.xml
----------------- Instantiating /home/travis/build/icyphy/ptII/ptolemy/actor/lib/test/auto/ConstantPublisherPort7.xml
14 ms. Memory: 877568K Free: 669464K (76%)
----------------- Invoking toplevel() on ptolemy.moml.MoMLSimpleApplication@1563ac1d
----------------- Done invoking toplevel() on ptolemy.moml.MoMLSimpleApplication@1563ac1d
reloadAllAccessors: .ConstantPublisherPort7

===========================================================================================
----------------- testing Thu May 23 04:22:15 UTC 2019 /home/travis/build/icyphy/ptII/ptolemy/actor/lib/test/auto/ConstraintMonitor1.xml
----------------- Instantiating /home/travis/build/icyphy/ptII/ptolemy/actor/lib/test/auto/ConstraintMonitor1.xml
2 ms. Memory: 877568K Free: 659094K (75%)
----------------- Invoking toplevel() on ptolemy.moml.MoMLSimpleApplication@5e71bf15
----------------- Done invoking toplevel() on ptolemy.moml.MoMLSimpleApplication@5e71bf15
reloadAllAccessors: .ConstraintMonitor1

===========================================================================================
----------------- testing Thu May 23 04:22:15 UTC 2019 /home/travis/build/icyphy/ptII/ptolemy/actor/lib/test/auto/ConstraintMonitor2.xml
----------------- Instantiating /home/travis/build/icyphy/ptII/ptolemy/actor/lib/test/auto/ConstraintMonitor2.xml
6 ms. Memory: 877568K Free: 640787K (73%)
----------------- Invoking toplevel() on ptolemy.moml.MoMLSimpleApplication@18a3a9ee
----------------- Done invoking toplevel() on ptolemy.moml.MoMLSimpleApplication@18a3a9ee
reloadAllAccessors: .ConstraintMonitor2

===========================================================================================
----------------- testing Thu May 23 04:22:15 UTC 2019 /home/travis/build/icyphy/ptII/ptolemy/actor/lib/test/auto/ConstraintMonitor3.xml
----------------- Instantiating /home/travis/build/icyphy/ptII/ptolemy/actor/lib/test/auto/ConstraintMonitor3.xml
3 ms. Memory: 877568K Free: 630418K (72%)
----------------- Invoking toplevel() on ptolemy.moml.MoMLSimpleApplication@571d3d39
----------------- Done invoking toplevel() on ptolemy.moml.MoMLSimpleApplication@571d3d39
reloadAllAccessors: .ConstraintMonitor3

===========================================================================================
----------------- testing Thu May 23 04:22:15 UTC 2019 /home/travis/build/icyphy/ptII/ptolemy/actor/lib/test/auto/ConstraintMonitor4.xml
----------------- Instantiating /home/travis/build/icyphy/ptII/ptolemy/actor/lib/test/auto/ConstraintMonitor4.xml
6 ms. Memory: 877568K Free: 620048K (71%)
----------------- Invoking toplevel() on ptolemy.moml.MoMLSimpleApplication@5e238dd7
----------------- Done invoking toplevel() on ptolemy.moml.MoMLSimpleApplication@5e238dd7
reloadAllAccessors: .ConstraintMonitor4

===========================================================================================
----------------- testing Thu May 23 04:22:15 UTC 2019 /home/travis/build/icyphy/ptII/ptolemy/actor/lib/test/auto/ConstraintMonitor5.xml
----------------- Instantiating /home/travis/build/icyphy/ptII/ptolemy/actor/lib/test/auto/ConstraintMonitor5.xml
6 ms. Memory: 877568K Free: 609678K (69%)
----------------- Invoking toplevel() on ptolemy.moml.MoMLSimpleApplication@5d92fd08
----------------- Done invoking toplevel() on ptolemy.moml.MoMLSimpleApplication@5d92fd08
reloadAllAccessors: .ConstraintMonitor5

===========================================================================================
----------------- testing Thu May 23 04:22:15 UTC 2019 /home/travis/build/icyphy/ptII/ptolemy/actor/lib/test/auto/ConstraintMonitor6.xml
----------------- Instantiating /home/travis/build/icyphy/ptII/ptolemy/actor/lib/test/auto/ConstraintMonitor6.xml
10 ms. Memory: 877568K Free: 591371K (67%)
----------------- Invoking toplevel() on ptolemy.moml.MoMLSimpleApplication@2c1f2fc2
----------------- Done invoking toplevel() on ptolemy.moml.MoMLSimpleApplication@2c1f2fc2
reloadAllAccessors: .ConstraintMonitor6

===========================================================================================
----------------- testing Thu May 23 04:22:15 UTC 2019 /home/travis/build/icyphy/ptII/ptolemy/actor/lib/test/auto/ConstraintMonitor7.xml
----------------- Instantiating /home/travis/build/icyphy/ptII/ptolemy/actor/lib/test/auto/ConstraintMonitor7.xml
7 ms. Memory: 877568K Free: 581001K (66%)
----------------- Invoking toplevel() on ptolemy.moml.MoMLSimpleApplication@6f866f2a
----------------- Done invoking toplevel() on ptolemy.moml.MoMLSimpleApplication@6f866f2a
reloadAllAccessors: .ConstraintMonitor7

===========================================================================================
----------------- testing Thu May 23 04:22:15 UTC 2019 /home/travis/build/icyphy/ptII/ptolemy/actor/lib/test/auto/ConstraintMonitor8.xml
----------------- Instantiating /home/travis/build/icyphy/ptII/ptolemy/actor/lib/test/auto/ConstraintMonitor8.xml
4 ms. Memory: 877568K Free: 570631K (65%)
----------------- Invoking toplevel() on ptolemy.moml.MoMLSimpleApplication@9638e9e
----------------- Done invoking toplevel() on ptolemy.moml.MoMLSimpleApplication@9638e9e
reloadAllAccessors: .ConstraintMonitor8

===========================================================================================
----------------- testing Thu May 23 04:22:15 UTC 2019 /home/travis/build/icyphy/ptII/ptolemy/actor/lib/test/auto/Counter.xml
----------------- Instantiating /home/travis/build/icyphy/ptII/ptolemy/actor/lib/test/auto/Counter.xml
3 ms. Memory: 877568K Free: 552324K (63%)
----------------- Invoking toplevel() on ptolemy.moml.MoMLSimpleApplication@50510ec2
----------------- Done invoking toplevel() on ptolemy.moml.MoMLSimpleApplication@50510ec2
reloadAllAccessors: .Counter

===========================================================================================
----------------- testing Thu May 23 04:22:15 UTC 2019 /home/travis/build/icyphy/ptII/ptolemy/actor/lib/test/auto/CurrentTimeSDF.xml
----------------- Instantiating /home/travis/build/icyphy/ptII/ptolemy/actor/lib/test/auto/CurrentTimeSDF.xml
2 ms. Memory: 877568K Free: 541954K (62%)
----------------- Invoking toplevel() on ptolemy.moml.MoMLSimpleApplication@2e90302f
----------------- Done invoking toplevel() on ptolemy.moml.MoMLSimpleApplication@2e90302f
reloadAllAccessors: .CurrentTimeSDF

===========================================================================================
----------------- testing Thu May 23 04:22:15 UTC 2019 /home/travis/build/icyphy/ptII/ptolemy/actor/lib/test/auto/DB.xml
----------------- Instantiating /home/travis/build/icyphy/ptII/ptolemy/actor/lib/test/auto/DB.xml
1 ms. Memory: 877568K Free: 531585K (61%)
----------------- Invoking toplevel() on ptolemy.moml.MoMLSimpleApplication@dfb7ef1
----------------- Done invoking toplevel() on ptolemy.moml.MoMLSimpleApplication@dfb7ef1
reloadAllAccessors: .DB

===========================================================================================
----------------- testing Thu May 23 04:22:15 UTC 2019 /home/travis/build/icyphy/ptII/ptolemy/actor/lib/test/auto/DBDE.xml
----------------- Instantiating /home/travis/build/icyphy/ptII/ptolemy/actor/lib/test/auto/DBDE.xml
3 ms. Memory: 877568K Free: 521215K (59%)
----------------- Invoking toplevel() on ptolemy.moml.MoMLSimpleApplication@2bb36c6e
----------------- Done invoking toplevel() on ptolemy.moml.MoMLSimpleApplication@2bb36c6e
reloadAllAccessors: .DBDE

===========================================================================================
----------------- testing Thu May 23 04:22:15 UTC 2019 /home/travis/build/icyphy/ptII/ptolemy/actor/lib/test/auto/DateConstructor.xml
----------------- Instantiating /home/travis/build/icyphy/ptII/ptolemy/actor/lib/test/auto/DateConstructor.xml
13 ms. Memory: 877568K Free: 492522K (56%)
----------------- Invoking toplevel() on ptolemy.moml.MoMLSimpleApplication@23ebfa75
----------------- Done invoking toplevel() on ptolemy.moml.MoMLSimpleApplication@23ebfa75
reloadAllAccessors: .DateConstructor

===========================================================================================
----------------- testing Thu May 23 04:22:15 UTC 2019 /home/travis/build/icyphy/ptII/ptolemy/actor/lib/test/auto/DelayTime.xml
----------------- Instantiating /home/travis/build/icyphy/ptII/ptolemy/actor/lib/test/auto/DelayTime.xml
3 ms. Memory: 877568K Free: 482152K (55%)
----------------- Invoking toplevel() on ptolemy.moml.MoMLSimpleApplication@642552d3
----------------- Done invoking toplevel() on ptolemy.moml.MoMLSimpleApplication@642552d3
reloadAllAccessors: .DelayTime

===========================================================================================
----------------- testing Thu May 23 04:22:15 UTC 2019 /home/travis/build/icyphy/ptII/ptolemy/actor/lib/test/auto/Dictionary1.xml
----------------- Instantiating /home/travis/build/icyphy/ptII/ptolemy/actor/lib/test/auto/Dictionary1.xml
1 ms. Memory: 877568K Free: 471782K (54%)
----------------- Invoking toplevel() on ptolemy.moml.MoMLSimpleApplication@3591278e
----------------- Done invoking toplevel() on ptolemy.moml.MoMLSimpleApplication@3591278e
reloadAllAccessors: .Dictionary1

===========================================================================================
----------------- testing Thu May 23 04:22:15 UTC 2019 /home/travis/build/icyphy/ptII/ptolemy/actor/lib/test/auto/Dictionary2.xml
----------------- Instantiating /home/travis/build/icyphy/ptII/ptolemy/actor/lib/test/auto/Dictionary2.xml
3 ms. Memory: 877568K Free: 453475K (52%)
----------------- Invoking toplevel() on ptolemy.moml.MoMLSimpleApplication@35043deb
----------------- Done invoking toplevel() on ptolemy.moml.MoMLSimpleApplication@35043deb
reloadAllAccessors: .Dictionary2

===========================================================================================
----------------- testing Thu May 23 04:22:15 UTC 2019 /home/travis/build/icyphy/ptII/ptolemy/actor/lib/test/auto/Dictionary3.xml
----------------- Instantiating /home/travis/build/icyphy/ptII/ptolemy/actor/lib/test/auto/Dictionary3.xml
1 ms. Memory: 877568K Free: 443105K (50%)
----------------- Invoking toplevel() on ptolemy.moml.MoMLSimpleApplication@7f170482
----------------- Done invoking toplevel() on ptolemy.moml.MoMLSimpleApplication@7f170482
reloadAllAccessors: .Dictionary3

===========================================================================================
----------------- testing Thu May 23 04:22:15 UTC 2019 /home/travis/build/icyphy/ptII/ptolemy/actor/lib/test/auto/Dictionary4.xml
----------------- Instantiating /home/travis/build/icyphy/ptII/ptolemy/actor/lib/test/auto/Dictionary4.xml
2 ms. Memory: 877568K Free: 432736K (49%)
----------------- Invoking toplevel() on ptolemy.moml.MoMLSimpleApplication@418f6421
----------------- Done invoking toplevel() on ptolemy.moml.MoMLSimpleApplication@418f6421
reloadAllAccessors: .Dictionary4

===========================================================================================
----------------- testing Thu May 23 04:22:15 UTC 2019 /home/travis/build/icyphy/ptII/ptolemy/actor/lib/test/auto/Differential.xml
----------------- Instantiating /home/travis/build/icyphy/ptII/ptolemy/actor/lib/test/auto/Differential.xml
3 ms. Memory: 877568K Free: 422366K (48%)
----------------- Invoking toplevel() on ptolemy.moml.MoMLSimpleApplication@11282842
----------------- Done invoking toplevel() on ptolemy.moml.MoMLSimpleApplication@11282842
reloadAllAccessors: .Differential

===========================================================================================
----------------- testing Thu May 23 04:22:15 UTC 2019 /home/travis/build/icyphy/ptII/ptolemy/actor/lib/test/auto/Director.xml
----------------- Instantiating /home/travis/build/icyphy/ptII/ptolemy/actor/lib/test/auto/Director.xml
2 ms. Memory: 877568K Free: 404059K (46%)
----------------- Invoking toplevel() on ptolemy.moml.MoMLSimpleApplication@41ca6ced
----------------- Done invoking toplevel() on ptolemy.moml.MoMLSimpleApplication@41ca6ced
reloadAllAccessors: .Director

===========================================================================================
----------------- testing Thu May 23 04:22:15 UTC 2019 /home/travis/build/icyphy/ptII/ptolemy/actor/lib/test/auto/DiscreteClock.xml
----------------- Instantiating /home/travis/build/icyphy/ptII/ptolemy/actor/lib/test/auto/DiscreteClock.xml
1 ms. Memory: 877568K Free: 393689K (45%)
----------------- Invoking toplevel() on ptolemy.moml.MoMLSimpleApplication@58015401
----------------- Done invoking toplevel() on ptolemy.moml.MoMLSimpleApplication@58015401
reloadAllAccessors: .DiscreteClock

===========================================================================================
----------------- testing Thu May 23 04:22:15 UTC 2019 /home/travis/build/icyphy/ptII/ptolemy/actor/lib/test/auto/DiscreteClock10.xml
----------------- Instantiating /home/travis/build/icyphy/ptII/ptolemy/actor/lib/test/auto/DiscreteClock10.xml
4 ms. Memory: 877568K Free: 383319K (44%)
----------------- Invoking toplevel() on ptolemy.moml.MoMLSimpleApplication@59bbc0f
----------------- Done invoking toplevel() on ptolemy.moml.MoMLSimpleApplication@59bbc0f
reloadAllAccessors: .DiscreteClock10

===========================================================================================
----------------- testing Thu May 23 04:22:15 UTC 2019 /home/travis/build/icyphy/ptII/ptolemy/actor/lib/test/auto/DiscreteClock11.xml
----------------- Instantiating /home/travis/build/icyphy/ptII/ptolemy/actor/lib/test/auto/DiscreteClock11.xml
2 ms. Memory: 877568K Free: 365012K (42%)
----------------- Invoking toplevel() on ptolemy.moml.MoMLSimpleApplication@ac38b10
----------------- Done invoking toplevel() on ptolemy.moml.MoMLSimpleApplication@ac38b10
reloadAllAccessors: .DiscreteClock11

===========================================================================================
----------------- testing Thu May 23 04:22:15 UTC 2019 /home/travis/build/icyphy/ptII/ptolemy/actor/lib/test/auto/DiscreteClock12.xml
----------------- Instantiating /home/travis/build/icyphy/ptII/ptolemy/actor/lib/test/auto/DiscreteClock12.xml
3 ms. Memory: 877568K Free: 354642K (40%)
----------------- Invoking toplevel() on ptolemy.moml.MoMLSimpleApplication@15ccb9f9
----------------- Done invoking toplevel() on ptolemy.moml.MoMLSimpleApplication@15ccb9f9
reloadAllAccessors: .DiscreteClock12

===========================================================================================
----------------- testing Thu May 23 04:22:15 UTC 2019 /home/travis/build/icyphy/ptII/ptolemy/actor/lib/test/auto/DiscreteClock13.xml
----------------- Instantiating /home/travis/build/icyphy/ptII/ptolemy/actor/lib/test/auto/DiscreteClock13.xml
6 ms. Memory: 877568K Free: 344272K (39%)
----------------- Invoking toplevel() on ptolemy.moml.MoMLSimpleApplication@3857b532
----------------- Done invoking toplevel() on ptolemy.moml.MoMLSimpleApplication@3857b532
reloadAllAccessors: .DiscreteClock13

===========================================================================================
----------------- testing Thu May 23 04:22:15 UTC 2019 /home/travis/build/icyphy/ptII/ptolemy/actor/lib/test/auto/DiscreteClock14.xml
----------------- Instantiating /home/travis/build/icyphy/ptII/ptolemy/actor/lib/test/auto/DiscreteClock14.xml
7 ms. Memory: 877568K Free: 325965K (37%)
----------------- Invoking toplevel() on ptolemy.moml.MoMLSimpleApplication@1e3167a1
----------------- Done invoking toplevel() on ptolemy.moml.MoMLSimpleApplication@1e3167a1
reloadAllAccessors: .DiscreteClock14

===========================================================================================
----------------- testing Thu May 23 04:22:15 UTC 2019 /home/travis/build/icyphy/ptII/ptolemy/actor/lib/test/auto/DiscreteClock15.xml
----------------- Instantiating /home/travis/build/icyphy/ptII/ptolemy/actor/lib/test/auto/DiscreteClock15.xml
7 ms. Memory: 877568K Free: 315595K (36%)
----------------- Invoking toplevel() on ptolemy.moml.MoMLSimpleApplication@2dd716a6
----------------- Done invoking toplevel() on ptolemy.moml.MoMLSimpleApplication@2dd716a6
reloadAllAccessors: .DiscreteClock15

===========================================================================================
----------------- testing Thu May 23 04:22:15 UTC 2019 /home/travis/build/icyphy/ptII/ptolemy/actor/lib/test/auto/DiscreteClock16.xml
----------------- Instantiating /home/travis/build/icyphy/ptII/ptolemy/actor/lib/test/auto/DiscreteClock16.xml
17 ms. Memory: 877568K Free: 300033K (34%)
----------------- Invoking toplevel() on ptolemy.moml.MoMLSimpleApplication@109d60d4
----------------- Done invoking toplevel() on ptolemy.moml.MoMLSimpleApplication@109d60d4
reloadAllAccessors: .DiscreteClock16

===========================================================================================
----------------- testing Thu May 23 04:22:15 UTC 2019 /home/travis/build/icyphy/ptII/ptolemy/actor/lib/test/auto/DiscreteClock17.xml
----------------- Instantiating /home/travis/build/icyphy/ptII/ptolemy/actor/lib/test/auto/DiscreteClock17.xml
17 ms. Memory: 877568K Free: 284478K (32%)
----------------- Invoking toplevel() on ptolemy.moml.MoMLSimpleApplication@62e36163
----------------- Done invoking toplevel() on ptolemy.moml.MoMLSimpleApplication@62e36163
reloadAllAccessors: .DiscreteClock17

===========================================================================================
----------------- testing Thu May 23 04:22:16 UTC 2019 /home/travis/build/icyphy/ptII/ptolemy/actor/lib/test/auto/DiscreteClock18.xml
----------------- Instantiating /home/travis/build/icyphy/ptII/ptolemy/actor/lib/test/auto/DiscreteClock18.xml
25 ms. Memory: 877568K Free: 260970K (30%)
----------------- Invoking toplevel() on ptolemy.moml.MoMLSimpleApplication@76214c42
----------------- Done invoking toplevel() on ptolemy.moml.MoMLSimpleApplication@76214c42
reloadAllAccessors: .DiscreteClock18

===========================================================================================
----------------- testing Thu May 23 04:22:16 UTC 2019 /home/travis/build/icyphy/ptII/ptolemy/actor/lib/test/auto/DiscreteClock19.xml
----------------- Instantiating /home/travis/build/icyphy/ptII/ptolemy/actor/lib/test/auto/DiscreteClock19.xml
19 ms. Memory: 877568K Free: 245399K (28%)
----------------- Invoking toplevel() on ptolemy.moml.MoMLSimpleApplication@56a4c03e
----------------- Done invoking toplevel() on ptolemy.moml.MoMLSimpleApplication@56a4c03e
reloadAllAccessors: .DiscreteClock19

===========================================================================================
----------------- testing Thu May 23 04:22:16 UTC 2019 /home/travis/build/icyphy/ptII/ptolemy/actor/lib/test/auto/DiscreteClock2.xml
----------------- Instantiating /home/travis/build/icyphy/ptII/ptolemy/actor/lib/test/auto/DiscreteClock2.xml
6 ms. Memory: 877568K Free: 235029K (27%)
----------------- Invoking toplevel() on ptolemy.moml.MoMLSimpleApplication@647e2355
----------------- Done invoking toplevel() on ptolemy.moml.MoMLSimpleApplication@647e2355
reloadAllAccessors: .DiscreteClock2

===========================================================================================
----------------- testing Thu May 23 04:22:16 UTC 2019 /home/travis/build/icyphy/ptII/ptolemy/actor/lib/test/auto/DiscreteClock20.xml
----------------- Instantiating /home/travis/build/icyphy/ptII/ptolemy/actor/lib/test/auto/DiscreteClock20.xml
8 ms. Memory: 877568K Free: 216722K (25%)
----------------- Invoking toplevel() on ptolemy.moml.MoMLSimpleApplication@357e7cf1
----------------- Done invoking toplevel() on ptolemy.moml.MoMLSimpleApplication@357e7cf1
reloadAllAccessors: .DiscreteClock20

===========================================================================================
----------------- testing Thu May 23 04:22:16 UTC 2019 /home/travis/build/icyphy/ptII/ptolemy/actor/lib/test/auto/DiscreteClock21.xml
----------------- Instantiating /home/travis/build/icyphy/ptII/ptolemy/actor/lib/test/auto/DiscreteClock21.xml
7 ms. Memory: 877568K Free: 206352K (24%)
----------------- Invoking toplevel() on ptolemy.moml.MoMLSimpleApplication@31ec80b8
----------------- Done invoking toplevel() on ptolemy.moml.MoMLSimpleApplication@31ec80b8
reloadAllAccessors: .DiscreteClock21

===========================================================================================
----------------- testing Thu May 23 04:22:16 UTC 2019 /home/travis/build/icyphy/ptII/ptolemy/actor/lib/test/auto/DiscreteClock22.xml
----------------- Instantiating /home/travis/build/icyphy/ptII/ptolemy/actor/lib/test/auto/DiscreteClock22.xml
8 ms. Memory: 877568K Free: 195983K (22%)
----------------- Invoking toplevel() on ptolemy.moml.MoMLSimpleApplication@612d648e
----------------- Done invoking toplevel() on ptolemy.moml.MoMLSimpleApplication@612d648e
reloadAllAccessors: .DiscreteClock22

===========================================================================================
----------------- testing Thu May 23 04:22:16 UTC 2019 /home/travis/build/icyphy/ptII/ptolemy/actor/lib/test/auto/DiscreteClock23.xml
----------------- Instantiating /home/travis/build/icyphy/ptII/ptolemy/actor/lib/test/auto/DiscreteClock23.xml
10 ms. Memory: 877568K Free: 185613K (21%)
----------------- Invoking toplevel() on ptolemy.moml.MoMLSimpleApplication@5c2bea42
----------------- Done invoking toplevel() on ptolemy.moml.MoMLSimpleApplication@5c2bea42
reloadAllAccessors: .DiscreteClock23

===========================================================================================
----------------- testing Thu May 23 04:22:16 UTC 2019 /home/travis/build/icyphy/ptII/ptolemy/actor/lib/test/auto/DiscreteClock24.xml
----------------- Instantiating /home/travis/build/icyphy/ptII/ptolemy/actor/lib/test/auto/DiscreteClock24.xml
6 ms. Memory: 877568K Free: 167306K (19%)
----------------- Invoking toplevel() on ptolemy.moml.MoMLSimpleApplication@654501e6
----------------- Done invoking toplevel() on ptolemy.moml.MoMLSimpleApplication@654501e6
reloadAllAccessors: .DiscreteClock24

===========================================================================================
----------------- testing Thu May 23 04:22:16 UTC 2019 /home/travis/build/icyphy/ptII/ptolemy/actor/lib/test/auto/DiscreteClock4.xml
----------------- Instantiating /home/travis/build/icyphy/ptII/ptolemy/actor/lib/test/auto/DiscreteClock4.xml
4 ms. Memory: 877568K Free: 156936K (18%)
----------------- Invoking toplevel() on ptolemy.moml.MoMLSimpleApplication@428b2ecb
----------------- Done invoking toplevel() on ptolemy.moml.MoMLSimpleApplication@428b2ecb
reloadAllAccessors: .DiscreteClock4

===========================================================================================
----------------- testing Thu May 23 04:22:16 UTC 2019 /home/travis/build/icyphy/ptII/ptolemy/actor/lib/test/auto/DiscreteClock5.xml
----------------- Instantiating /home/travis/build/icyphy/ptII/ptolemy/actor/lib/test/auto/DiscreteClock5.xml
2 ms. Memory: 877568K Free: 146566K (17%)
----------------- Invoking toplevel() on ptolemy.moml.MoMLSimpleApplication@5d6a5953
----------------- Done invoking toplevel() on ptolemy.moml.MoMLSimpleApplication@5d6a5953
reloadAllAccessors: .DiscreteClock5

===========================================================================================
----------------- testing Thu May 23 04:22:16 UTC 2019 /home/travis/build/icyphy/ptII/ptolemy/actor/lib/test/auto/DiscreteClock6.xml
----------------- Instantiating /home/travis/build/icyphy/ptII/ptolemy/actor/lib/test/auto/DiscreteClock6.xml
1 ms. Memory: 1359872K Free: 1302314K (96%)
----------------- Invoking toplevel() on ptolemy.moml.MoMLSimpleApplication@f431145
----------------- Done invoking toplevel() on ptolemy.moml.MoMLSimpleApplication@f431145
reloadAllAccessors: .DiscreteClock6

===========================================================================================
----------------- testing Thu May 23 04:22:16 UTC 2019 /home/travis/build/icyphy/ptII/ptolemy/actor/lib/test/auto/DiscreteClock7.xml
----------------- Instantiating /home/travis/build/icyphy/ptII/ptolemy/actor/lib/test/auto/DiscreteClock7.xml
1 ms. Memory: 1359872K Free: 1276100K (94%)
----------------- Invoking toplevel() on ptolemy.moml.MoMLSimpleApplication@66e87477
----------------- Done invoking toplevel() on ptolemy.moml.MoMLSimpleApplication@66e87477
reloadAllAccessors: .DiscreteClock7

===========================================================================================
----------------- testing Thu May 23 04:22:16 UTC 2019 /home/travis/build/icyphy/ptII/ptolemy/actor/lib/test/auto/DiscreteClock8.xml
----------------- Instantiating /home/travis/build/icyphy/ptII/ptolemy/actor/lib/test/auto/DiscreteClock8.xml
10 ms. Memory: 1359872K Free: 1259511K (93%)
----------------- Invoking toplevel() on ptolemy.moml.MoMLSimpleApplication@3040ac9b
----------------- Done invoking toplevel() on ptolemy.moml.MoMLSimpleApplication@3040ac9b
reloadAllAccessors: .DiscreteClock8

===========================================================================================
----------------- testing Thu May 23 04:22:16 UTC 2019 /home/travis/build/icyphy/ptII/ptolemy/actor/lib/test/auto/DiscreteClock9.xml
----------------- Instantiating /home/travis/build/icyphy/ptII/ptolemy/actor/lib/test/auto/DiscreteClock9.xml
6 ms. Memory: 1359872K Free: 1242922K (91%)
----------------- Invoking toplevel() on ptolemy.moml.MoMLSimpleApplication@67e776d9
----------------- Done invoking toplevel() on ptolemy.moml.MoMLSimpleApplication@67e776d9
reloadAllAccessors: .DiscreteClock9

===========================================================================================
----------------- testing Thu May 23 04:22:16 UTC 2019 /home/travis/build/icyphy/ptII/ptolemy/actor/lib/test/auto/DisplayArray.xml
----------------- Instantiating /home/travis/build/icyphy/ptII/ptolemy/actor/lib/test/auto/DisplayArray.xml
2 ms. Memory: 1359872K Free: 1226075K (90%)
----------------- Invoking toplevel() on ptolemy.moml.MoMLSimpleApplication@efa3aae
----------------- Done invoking toplevel() on ptolemy.moml.MoMLSimpleApplication@efa3aae
reloadAllAccessors: .DisplayArray

===========================================================================================
----------------- testing Thu May 23 04:22:16 UTC 2019 /home/travis/build/icyphy/ptII/ptolemy/actor/lib/test/auto/Distributor.xml
----------------- Instantiating /home/travis/build/icyphy/ptII/ptolemy/actor/lib/test/auto/Distributor.xml
1 ms. Memory: 1359872K Free: 1199860K (88%)
----------------- Invoking toplevel() on ptolemy.moml.MoMLSimpleApplication@de5c3f4
----------------- Done invoking toplevel() on ptolemy.moml.MoMLSimpleApplication@de5c3f4
reloadAllAccessors: .Distributor

===========================================================================================
----------------- testing Thu May 23 04:22:16 UTC 2019 /home/travis/build/icyphy/ptII/ptolemy/actor/lib/test/auto/Distributor2.xml
----------------- Instantiating /home/travis/build/icyphy/ptII/ptolemy/actor/lib/test/auto/Distributor2.xml
1 ms. Memory: 1359872K Free: 1183272K (87%)
----------------- Invoking toplevel() on ptolemy.moml.MoMLSimpleApplication@56f3a56f
----------------- Done invoking toplevel() on ptolemy.moml.MoMLSimpleApplication@56f3a56f
reloadAllAccessors: .Distributor2

===========================================================================================
----------------- testing Thu May 23 04:22:16 UTC 2019 /home/travis/build/icyphy/ptII/ptolemy/actor/lib/test/auto/DownSample.xml
----------------- Instantiating /home/travis/build/icyphy/ptII/ptolemy/actor/lib/test/auto/DownSample.xml
1 ms. Memory: 1359872K Free: 1166683K (86%)
----------------- Invoking toplevel() on ptolemy.moml.MoMLSimpleApplication@de7b19f
----------------- Done invoking toplevel() on ptolemy.moml.MoMLSimpleApplication@de7b19f
reloadAllAccessors: .DownSample

===========================================================================================
----------------- testing Thu May 23 04:22:16 UTC 2019 /home/travis/build/icyphy/ptII/ptolemy/actor/lib/test/auto/ElectronicUnitBase1.xml
----------------- Instantiating /home/travis/build/icyphy/ptII/ptolemy/actor/lib/test/auto/ElectronicUnitBase1.xml
17 ms. Memory: 1359872K Free: 1141783K (84%)
----------------- Invoking toplevel() on ptolemy.moml.MoMLSimpleApplication@7e6cede9
----------------- Done invoking toplevel() on ptolemy.moml.MoMLSimpleApplication@7e6cede9
reloadAllAccessors: .ElectronicUnitBase1

===========================================================================================
----------------- testing Thu May 23 04:22:16 UTC 2019 /home/travis/build/icyphy/ptII/ptolemy/actor/lib/test/auto/ElementsToArray.xml
----------------- Instantiating /home/travis/build/icyphy/ptII/ptolemy/actor/lib/test/auto/ElementsToArray.xml
2 ms. Memory: 1359872K Free: 1115569K (82%)
----------------- Invoking toplevel() on ptolemy.moml.MoMLSimpleApplication@281bd4f9
----------------- Done invoking toplevel() on ptolemy.moml.MoMLSimpleApplication@281bd4f9
reloadAllAccessors: .ElementsToArray

===========================================================================================
----------------- testing Thu May 23 04:22:16 UTC 2019 /home/travis/build/icyphy/ptII/ptolemy/actor/lib/test/auto/Equals.xml
----------------- Instantiating /home/travis/build/icyphy/ptII/ptolemy/actor/lib/test/auto/Equals.xml
3 ms. Memory: 1359872K Free: 1098980K (81%)
----------------- Invoking toplevel() on ptolemy.moml.MoMLSimpleApplication@4a1bb54d
----------------- Done invoking toplevel() on ptolemy.moml.MoMLSimpleApplication@4a1bb54d
reloadAllAccessors: .Equals

===========================================================================================
----------------- testing Thu May 23 04:22:17 UTC 2019 /home/travis/build/icyphy/ptII/ptolemy/actor/lib/test/auto/Exec.xml
----------------- Instantiating /home/travis/build/icyphy/ptII/ptolemy/actor/lib/test/auto/Exec.xml
7 ms. Memory: 1359872K Free: 1061655K (78%)
----------------- Invoking toplevel() on ptolemy.moml.MoMLSimpleApplication@5799f510
----------------- Done invoking toplevel() on ptolemy.moml.MoMLSimpleApplication@5799f510
reloadAllAccessors: .Exec

===========================================================================================
----------------- testing Thu May 23 04:22:17 UTC 2019 /home/travis/build/icyphy/ptII/ptolemy/actor/lib/test/auto/ExecEnvironment.xml
----------------- Instantiating /home/travis/build/icyphy/ptII/ptolemy/actor/lib/test/auto/ExecEnvironment.xml
28 ms. Memory: 1359872K Free: 1028477K (76%)
----------------- Invoking toplevel() on ptolemy.moml.MoMLSimpleApplication@79d1c598
----------------- Done invoking toplevel() on ptolemy.moml.MoMLSimpleApplication@79d1c598
reloadAllAccessors: .ExecEnvironment

===========================================================================================
----------------- testing Thu May 23 04:22:17 UTC 2019 /home/travis/build/icyphy/ptII/ptolemy/actor/lib/test/auto/ExecNonZeroReturnOutput.xml
----------------- Instantiating /home/travis/build/icyphy/ptII/ptolemy/actor/lib/test/auto/ExecNonZeroReturnOutput.xml
124 ms. Memory: 1359872K Free: 894434K (66%)
----------------- Invoking toplevel() on ptolemy.moml.MoMLSimpleApplication@7bba34
----------------- Done invoking toplevel() on ptolemy.moml.MoMLSimpleApplication@7bba34
reloadAllAccessors: .ExecNonZeroReturnOutput

===========================================================================================
----------------- testing Thu May 23 04:22:17 UTC 2019 /home/travis/build/icyphy/ptII/ptolemy/actor/lib/test/auto/ExecRunDemos.xml
----------------- Instantiating /home/travis/build/icyphy/ptII/ptolemy/actor/lib/test/auto/ExecRunDemos.xml
Finished: 46 ms. Memory: 116224K Free: 100561K (87%)

Finished: 47 ms. Memory: 116224K Free: 97678K (84%)

Finished: 75 ms. Memory: 116224K Free: 98220K (85%)

Finished: 48 ms. Memory: 116224K Free: 99546K (86%)

Finished: 56 ms. Memory: 116224K Free: 100660K (87%)

9210 ms. Memory: 1359872K Free: 786598K (58%)
----------------- Invoking toplevel() on ptolemy.moml.MoMLSimpleApplication@4e23f99e
----------------- Done invoking toplevel() on ptolemy.moml.MoMLSimpleApplication@4e23f99e
reloadAllAccessors: .ExecRunDemos

===========================================================================================
----------------- testing Thu May 23 04:22:26 UTC 2019 /home/travis/build/icyphy/ptII/ptolemy/actor/lib/test/auto/ExecStop.xml
----------------- Instantiating /home/travis/build/icyphy/ptII/ptolemy/actor/lib/test/auto/ExecStop.xml
5008 ms. Memory: 1359872K Free: 570942K (42%)
----------------- Invoking toplevel() on ptolemy.moml.MoMLSimpleApplication@64284c11
----------------- Done invoking toplevel() on ptolemy.moml.MoMLSimpleApplication@64284c11
reloadAllAccessors: .ExecStop

===========================================================================================
----------------- testing Thu May 23 04:22:31 UTC 2019 /home/travis/build/icyphy/ptII/ptolemy/actor/lib/test/auto/ExecutionTimeSDF.xml
----------------- Instantiating /home/travis/build/icyphy/ptII/ptolemy/actor/lib/test/auto/ExecutionTimeSDF.xml
Fired ExecutionTime: -662567296
Fired ExecutionTime: 989200000
Fired ExecutionTime: -1682967296
6009 ms. Memory: 1359872K Free: 546051K (40%)
----------------- Invoking toplevel() on ptolemy.moml.MoMLSimpleApplication@131800e3
----------------- Done invoking toplevel() on ptolemy.moml.MoMLSimpleApplication@131800e3
reloadAllAccessors: .ExecutionTimeSDF

===========================================================================================
----------------- testing Thu May 23 04:22:37 UTC 2019 /home/travis/build/icyphy/ptII/ptolemy/actor/lib/test/auto/Expression1.xml
----------------- Instantiating /home/travis/build/icyphy/ptII/ptolemy/actor/lib/test/auto/Expression1.xml
2 ms. Memory: 1359872K Free: 519836K (38%)
----------------- Invoking toplevel() on ptolemy.moml.MoMLSimpleApplication@10c3a900
----------------- Done invoking toplevel() on ptolemy.moml.MoMLSimpleApplication@10c3a900
reloadAllAccessors: .Expression1

===========================================================================================
----------------- testing Thu May 23 04:22:37 UTC 2019 /home/travis/build/icyphy/ptII/ptolemy/actor/lib/test/auto/Expression10.xml
----------------- Instantiating /home/travis/build/icyphy/ptII/ptolemy/actor/lib/test/auto/Expression10.xml
6 ms. Memory: 1359872K Free: 503247K (37%)
----------------- Invoking toplevel() on ptolemy.moml.MoMLSimpleApplication@150f1da8
----------------- Done invoking toplevel() on ptolemy.moml.MoMLSimpleApplication@150f1da8
reloadAllAccessors: .Expression10

===========================================================================================
----------------- testing Thu May 23 04:22:37 UTC 2019 /home/travis/build/icyphy/ptII/ptolemy/actor/lib/test/auto/Expression11.xml
----------------- Instantiating /home/travis/build/icyphy/ptII/ptolemy/actor/lib/test/auto/Expression11.xml
3 ms. Memory: 1359872K Free: 486658K (36%)
----------------- Invoking toplevel() on ptolemy.moml.MoMLSimpleApplication@21b13bd1
----------------- Done invoking toplevel() on ptolemy.moml.MoMLSimpleApplication@21b13bd1
reloadAllAccessors: .Expression11

===========================================================================================
----------------- testing Thu May 23 04:22:37 UTC 2019 /home/travis/build/icyphy/ptII/ptolemy/actor/lib/test/auto/Expression12.xml
----------------- Instantiating /home/travis/build/icyphy/ptII/ptolemy/actor/lib/test/auto/Expression12.xml
3 ms. Memory: 1359872K Free: 470069K (35%)
----------------- Invoking toplevel() on ptolemy.moml.MoMLSimpleApplication@4a1829b5
----------------- Done invoking toplevel() on ptolemy.moml.MoMLSimpleApplication@4a1829b5
reloadAllAccessors: .Expression12

===========================================================================================
----------------- testing Thu May 23 04:22:37 UTC 2019 /home/travis/build/icyphy/ptII/ptolemy/actor/lib/test/auto/Expression13.xml
----------------- Instantiating /home/travis/build/icyphy/ptII/ptolemy/actor/lib/test/auto/Expression13.xml
4 ms. Memory: 1359872K Free: 443855K (33%)
----------------- Invoking toplevel() on ptolemy.moml.MoMLSimpleApplication@57da3d55
----------------- Done invoking toplevel() on ptolemy.moml.MoMLSimpleApplication@57da3d55
reloadAllAccessors: .Expression13

===========================================================================================
----------------- testing Thu May 23 04:22:37 UTC 2019 /home/travis/build/icyphy/ptII/ptolemy/actor/lib/test/auto/Expression14.xml
----------------- Instantiating /home/travis/build/icyphy/ptII/ptolemy/actor/lib/test/auto/Expression14.xml
4 ms. Memory: 1359872K Free: 427266K (31%)
----------------- Invoking toplevel() on ptolemy.moml.MoMLSimpleApplication@7d04063f
----------------- Done invoking toplevel() on ptolemy.moml.MoMLSimpleApplication@7d04063f
reloadAllAccessors: .Expression14

===========================================================================================
----------------- testing Thu May 23 04:22:37 UTC 2019 /home/travis/build/icyphy/ptII/ptolemy/actor/lib/test/auto/Expression15.xml
----------------- Instantiating /home/travis/build/icyphy/ptII/ptolemy/actor/lib/test/auto/Expression15.xml
2 ms. Memory: 1359872K Free: 410677K (30%)
----------------- Invoking toplevel() on ptolemy.moml.MoMLSimpleApplication@42650d9
----------------- Done invoking toplevel() on ptolemy.moml.MoMLSimpleApplication@42650d9
reloadAllAccessors: .Expression15

===========================================================================================
----------------- testing Thu May 23 04:22:37 UTC 2019 /home/travis/build/icyphy/ptII/ptolemy/actor/lib/test/auto/Expression16.xml
----------------- Instantiating /home/travis/build/icyphy/ptII/ptolemy/actor/lib/test/auto/Expression16.xml
2 ms. Memory: 1359872K Free: 394088K (29%)
----------------- Invoking toplevel() on ptolemy.moml.MoMLSimpleApplication@5b96b5d6
----------------- Done invoking toplevel() on ptolemy.moml.MoMLSimpleApplication@5b96b5d6
reloadAllAccessors: .Expression16

===========================================================================================
----------------- testing Thu May 23 04:22:37 UTC 2019 /home/travis/build/icyphy/ptII/ptolemy/actor/lib/test/auto/Expression17.xml
----------------- Instantiating /home/travis/build/icyphy/ptII/ptolemy/actor/lib/test/auto/Expression17.xml
4 ms. Memory: 1359872K Free: 367874K (27%)
----------------- Invoking toplevel() on ptolemy.moml.MoMLSimpleApplication@41abb4c5
----------------- Done invoking toplevel() on ptolemy.moml.MoMLSimpleApplication@41abb4c5
reloadAllAccessors: .Expression17

===========================================================================================
----------------- testing Thu May 23 04:22:37 UTC 2019 /home/travis/build/icyphy/ptII/ptolemy/actor/lib/test/auto/Expression18.xml
----------------- Instantiating /home/travis/build/icyphy/ptII/ptolemy/actor/lib/test/auto/Expression18.xml
2 ms. Memory: 1359872K Free: 351285K (26%)
----------------- Invoking toplevel() on ptolemy.moml.MoMLSimpleApplication@ccf2e1d
----------------- Done invoking toplevel() on ptolemy.moml.MoMLSimpleApplication@ccf2e1d
reloadAllAccessors: .Expression18

===========================================================================================
----------------- testing Thu May 23 04:22:37 UTC 2019 /home/travis/build/icyphy/ptII/ptolemy/actor/lib/test/auto/Expression2.xml
----------------- Instantiating /home/travis/build/icyphy/ptII/ptolemy/actor/lib/test/auto/Expression2.xml
3 ms. Memory: 1359872K Free: 334696K (25%)
----------------- Invoking toplevel() on ptolemy.moml.MoMLSimpleApplication@10114730
----------------- Done invoking toplevel() on ptolemy.moml.MoMLSimpleApplication@10114730
reloadAllAccessors: .Expression2

===========================================================================================
----------------- testing Thu May 23 04:22:37 UTC 2019 /home/travis/build/icyphy/ptII/ptolemy/actor/lib/test/auto/Expression3.xml
----------------- Instantiating /home/travis/build/icyphy/ptII/ptolemy/actor/lib/test/auto/Expression3.xml
3 ms. Memory: 1359872K Free: 318107K (23%)
----------------- Invoking toplevel() on ptolemy.moml.MoMLSimpleApplication@6cb2df78
----------------- Done invoking toplevel() on ptolemy.moml.MoMLSimpleApplication@6cb2df78
reloadAllAccessors: .Expression3

===========================================================================================
----------------- testing Thu May 23 04:22:37 UTC 2019 /home/travis/build/icyphy/ptII/ptolemy/actor/lib/test/auto/Expression4.xml
----------------- Instantiating /home/travis/build/icyphy/ptII/ptolemy/actor/lib/test/auto/Expression4.xml
4 ms. Memory: 1359872K Free: 291893K (21%)
----------------- Invoking toplevel() on ptolemy.moml.MoMLSimpleApplication@8ebba8c
----------------- Done invoking toplevel() on ptolemy.moml.MoMLSimpleApplication@8ebba8c
reloadAllAccessors: .Expression4

===========================================================================================
----------------- testing Thu May 23 04:22:37 UTC 2019 /home/travis/build/icyphy/ptII/ptolemy/actor/lib/test/auto/Expression5.xml
----------------- Instantiating /home/travis/build/icyphy/ptII/ptolemy/actor/lib/test/auto/Expression5.xml
3 ms. Memory: 1359872K Free: 275304K (20%)
----------------- Invoking toplevel() on ptolemy.moml.MoMLSimpleApplication@1a46033d
----------------- Done invoking toplevel() on ptolemy.moml.MoMLSimpleApplication@1a46033d
reloadAllAccessors: .Expression5

===========================================================================================
----------------- testing Thu May 23 04:22:37 UTC 2019 /home/travis/build/icyphy/ptII/ptolemy/actor/lib/test/auto/Expression6.xml
----------------- Instantiating /home/travis/build/icyphy/ptII/ptolemy/actor/lib/test/auto/Expression6.xml
3 ms. Memory: 1359872K Free: 258715K (19%)
----------------- Invoking toplevel() on ptolemy.moml.MoMLSimpleApplication@3f10985
----------------- Done invoking toplevel() on ptolemy.moml.MoMLSimpleApplication@3f10985
reloadAllAccessors: .Expression6

===========================================================================================
----------------- testing Thu May 23 04:22:37 UTC 2019 /home/travis/build/icyphy/ptII/ptolemy/actor/lib/test/auto/Expression7.xml
----------------- Instantiating /home/travis/build/icyphy/ptII/ptolemy/actor/lib/test/auto/Expression7.xml
3 ms. Memory: 1359872K Free: 242126K (18%)
----------------- Invoking toplevel() on ptolemy.moml.MoMLSimpleApplication@4dd4c903
----------------- Done invoking toplevel() on ptolemy.moml.MoMLSimpleApplication@4dd4c903
reloadAllAccessors: .Expression7

===========================================================================================
----------------- testing Thu May 23 04:22:37 UTC 2019 /home/travis/build/icyphy/ptII/ptolemy/actor/lib/test/auto/Expression8.xml
----------------- Instantiating /home/travis/build/icyphy/ptII/ptolemy/actor/lib/test/auto/Expression8.xml
4 ms. Memory: 1359872K Free: 215912K (16%)
----------------- Invoking toplevel() on ptolemy.moml.MoMLSimpleApplication@71e1d63e
----------------- Done invoking toplevel() on ptolemy.moml.MoMLSimpleApplication@71e1d63e
reloadAllAccessors: .Expression8

===========================================================================================
----------------- testing Thu May 23 04:22:37 UTC 2019 /home/travis/build/icyphy/ptII/ptolemy/actor/lib/test/auto/Expression9.xml
----------------- Instantiating /home/travis/build/icyphy/ptII/ptolemy/actor/lib/test/auto/Expression9.xml
2 ms. Memory: 1359872K Free: 199323K (15%)
----------------- Invoking toplevel() on ptolemy.moml.MoMLSimpleApplication@73a1b25b
----------------- Done invoking toplevel() on ptolemy.moml.MoMLSimpleApplication@73a1b25b
reloadAllAccessors: .Expression9

===========================================================================================
----------------- testing Thu May 23 04:22:37 UTC 2019 /home/travis/build/icyphy/ptII/ptolemy/actor/lib/test/auto/ExpressionConcatenateArrayType.xml
----------------- Instantiating /home/travis/build/icyphy/ptII/ptolemy/actor/lib/test/auto/ExpressionConcatenateArrayType.xml
3 ms. Memory: 1359872K Free: 182734K (13%)
----------------- Invoking toplevel() on ptolemy.moml.MoMLSimpleApplication@6bbb72e
----------------- Done invoking toplevel() on ptolemy.moml.MoMLSimpleApplication@6bbb72e
reloadAllAccessors: .ExpressionConcatenateArrayType

===========================================================================================
----------------- testing Thu May 23 04:22:37 UTC 2019 /home/travis/build/icyphy/ptII/ptolemy/actor/lib/test/auto/ExpressionConcatenateArrayType2.xml
----------------- Instantiating /home/travis/build/icyphy/ptII/ptolemy/actor/lib/test/auto/ExpressionConcatenateArrayType2.xml
2 ms. Memory: 1359872K Free: 166145K (12%)
----------------- Invoking toplevel() on ptolemy.moml.MoMLSimpleApplication@44ed0e03
----------------- Done invoking toplevel() on ptolemy.moml.MoMLSimpleApplication@44ed0e03
reloadAllAccessors: .ExpressionConcatenateArrayType2

===========================================================================================
----------------- testing Thu May 23 04:22:37 UTC 2019 /home/travis/build/icyphy/ptII/ptolemy/actor/lib/test/auto/ExpressionFix.xml
----------------- Instantiating /home/travis/build/icyphy/ptII/ptolemy/actor/lib/test/auto/ExpressionFix.xml
9 ms. Memory: 1359872K Free: 139930K (10%)
----------------- Invoking toplevel() on ptolemy.moml.MoMLSimpleApplication@9bc1786
----------------- Done invoking toplevel() on ptolemy.moml.MoMLSimpleApplication@9bc1786
reloadAllAccessors: .ExpressionFix

===========================================================================================
----------------- testing Thu May 23 04:22:38 UTC 2019 /home/travis/build/icyphy/ptII/ptolemy/actor/lib/test/auto/ExpressionFix2.xml
----------------- Instantiating /home/travis/build/icyphy/ptII/ptolemy/actor/lib/test/auto/ExpressionFix2.xml
5 ms. Memory: 1359872K Free: 123342K (9%)
----------------- Invoking toplevel() on ptolemy.moml.MoMLSimpleApplication@acad09d
----------------- Done invoking toplevel() on ptolemy.moml.MoMLSimpleApplication@acad09d
reloadAllAccessors: .ExpressionFix2

===========================================================================================
----------------- testing Thu May 23 04:22:38 UTC 2019 /home/travis/build/icyphy/ptII/ptolemy/actor/lib/test/auto/ExpressionFix3.xml
----------------- Instantiating /home/travis/build/icyphy/ptII/ptolemy/actor/lib/test/auto/ExpressionFix3.xml
3 ms. Memory: 1359872K Free: 106753K (8%)
----------------- Invoking toplevel() on ptolemy.moml.MoMLSimpleApplication@617c21f3
----------------- Done invoking toplevel() on ptolemy.moml.MoMLSimpleApplication@617c21f3
reloadAllAccessors: .ExpressionFix3

===========================================================================================
----------------- testing Thu May 23 04:22:38 UTC 2019 /home/travis/build/icyphy/ptII/ptolemy/actor/lib/test/auto/FileWriter1.xml
----------------- Instantiating /home/travis/build/icyphy/ptII/ptolemy/actor/lib/test/auto/FileWriter1.xml
2 ms. Memory: 1359872K Free: 90164K (7%)
----------------- Invoking toplevel() on ptolemy.moml.MoMLSimpleApplication@5596fa51
----------------- Done invoking toplevel() on ptolemy.moml.MoMLSimpleApplication@5596fa51
reloadAllAccessors: .FileWriter1

===========================================================================================
----------------- testing Thu May 23 04:22:38 UTC 2019 /home/travis/build/icyphy/ptII/ptolemy/actor/lib/test/auto/FileWriter2.xml
----------------- Instantiating /home/travis/build/icyphy/ptII/ptolemy/actor/lib/test/auto/FileWriter2.xml
13 ms. Memory: 1360384K Free: 1318384K (97%)
----------------- Invoking toplevel() on ptolemy.moml.MoMLSimpleApplication@498e22e9
----------------- Done invoking toplevel() on ptolemy.moml.MoMLSimpleApplication@498e22e9
reloadAllAccessors: .FileWriter2

===========================================================================================
----------------- testing Thu May 23 04:22:38 UTC 2019 /home/travis/build/icyphy/ptII/ptolemy/actor/lib/test/auto/FileWriter3.xml
----------------- Instantiating /home/travis/build/icyphy/ptII/ptolemy/actor/lib/test/auto/FileWriter3.xml
5 ms. Memory: 1360384K Free: 1294864K (95%)
----------------- Invoking toplevel() on ptolemy.moml.MoMLSimpleApplication@1b44d4d5
----------------- Done invoking toplevel() on ptolemy.moml.MoMLSimpleApplication@1b44d4d5
reloadAllAccessors: .FileWriter3

===========================================================================================
----------------- testing Thu May 23 04:22:38 UTC 2019 /home/travis/build/icyphy/ptII/ptolemy/actor/lib/test/auto/Gaussian.xml
----------------- Instantiating /home/travis/build/icyphy/ptII/ptolemy/actor/lib/test/auto/Gaussian.xml
3 ms. Memory: 1360384K Free: 1282423K (94%)
----------------- Invoking toplevel() on ptolemy.moml.MoMLSimpleApplication@9e3ef00
----------------- Done invoking toplevel() on ptolemy.moml.MoMLSimpleApplication@9e3ef00
reloadAllAccessors: .Gaussian

===========================================================================================
----------------- testing Thu May 23 04:22:38 UTC 2019 /home/travis/build/icyphy/ptII/ptolemy/actor/lib/test/auto/Gaussian1.xml
----------------- Instantiating /home/travis/build/icyphy/ptII/ptolemy/actor/lib/test/auto/Gaussian1.xml
2 ms. Memory: 1360384K Free: 1263051K (93%)
----------------- Invoking toplevel() on ptolemy.moml.MoMLSimpleApplication@5270f543
----------------- Done invoking toplevel() on ptolemy.moml.MoMLSimpleApplication@5270f543
reloadAllAccessors: .Gaussian1

===========================================================================================
----------------- testing Thu May 23 04:22:38 UTC 2019 /home/travis/build/icyphy/ptII/ptolemy/actor/lib/test/auto/Gaussian2.xml
----------------- Instantiating /home/travis/build/icyphy/ptII/ptolemy/actor/lib/test/auto/Gaussian2.xml
1 ms. Memory: 1360384K Free: 1250609K (92%)
----------------- Invoking toplevel() on ptolemy.moml.MoMLSimpleApplication@ad062f2
----------------- Done invoking toplevel() on ptolemy.moml.MoMLSimpleApplication@ad062f2
reloadAllAccessors: .Gaussian2

===========================================================================================
----------------- testing Thu May 23 04:22:38 UTC 2019 /home/travis/build/icyphy/ptII/ptolemy/actor/lib/test/auto/GradientAdaptiveLattice.xml
----------------- Instantiating /home/travis/build/icyphy/ptII/ptolemy/actor/lib/test/auto/GradientAdaptiveLattice.xml
8 ms. Memory: 1360384K Free: 1238167K (91%)
----------------- Invoking toplevel() on ptolemy.moml.MoMLSimpleApplication@2d1e2b43
----------------- Done invoking toplevel() on ptolemy.moml.MoMLSimpleApplication@2d1e2b43
reloadAllAccessors: .GradientAdaptiveLattice

===========================================================================================
----------------- testing Thu May 23 04:22:38 UTC 2019 /home/travis/build/icyphy/ptII/ptolemy/actor/lib/test/auto/IIR.xml
----------------- Instantiating /home/travis/build/icyphy/ptII/ptolemy/actor/lib/test/auto/IIR.xml
2 ms. Memory: 1360384K Free: 1218795K (90%)
----------------- Invoking toplevel() on ptolemy.moml.MoMLSimpleApplication@49fad5a
----------------- Done invoking toplevel() on ptolemy.moml.MoMLSimpleApplication@49fad5a
reloadAllAccessors: .IIR

===========================================================================================
----------------- testing Thu May 23 04:22:38 UTC 2019 /home/travis/build/icyphy/ptII/ptolemy/actor/lib/test/auto/InputOutputTransparentPorts.xml
----------------- Instantiating /home/travis/build/icyphy/ptII/ptolemy/actor/lib/test/auto/InputOutputTransparentPorts.xml
2 ms. Memory: 1360384K Free: 1206354K (89%)
----------------- Invoking toplevel() on ptolemy.moml.MoMLSimpleApplication@63f696b9
----------------- Done invoking toplevel() on ptolemy.moml.MoMLSimpleApplication@63f696b9
reloadAllAccessors: .InputOutputTransparentPorts

===========================================================================================
----------------- testing Thu May 23 04:22:38 UTC 2019 /home/travis/build/icyphy/ptII/ptolemy/actor/lib/test/auto/Interpolator.xml
----------------- Instantiating /home/travis/build/icyphy/ptII/ptolemy/actor/lib/test/auto/Interpolator.xml
3 ms. Memory: 1360384K Free: 1193912K (88%)
----------------- Invoking toplevel() on ptolemy.moml.MoMLSimpleApplication@2d007f1e
----------------- Done invoking toplevel() on ptolemy.moml.MoMLSimpleApplication@2d007f1e
reloadAllAccessors: .Interpolator

===========================================================================================
----------------- testing Thu May 23 04:22:38 UTC 2019 /home/travis/build/icyphy/ptII/ptolemy/actor/lib/test/auto/InterpolatorFiringLimitDE.xml
----------------- Instantiating /home/travis/build/icyphy/ptII/ptolemy/actor/lib/test/auto/InterpolatorFiringLimitDE.xml
1 ms. Memory: 1360384K Free: 1174540K (86%)
----------------- Invoking toplevel() on ptolemy.moml.MoMLSimpleApplication@4412c510
----------------- Done invoking toplevel() on ptolemy.moml.MoMLSimpleApplication@4412c510
reloadAllAccessors: .InterpolatorFiringLimitDE

===========================================================================================
----------------- testing Thu May 23 04:22:38 UTC 2019 /home/travis/build/icyphy/ptII/ptolemy/actor/lib/test/auto/Lattice.xml
----------------- Instantiating /home/travis/build/icyphy/ptII/ptolemy/actor/lib/test/auto/Lattice.xml
1 ms. Memory: 1360384K Free: 1162098K (85%)
----------------- Invoking toplevel() on ptolemy.moml.MoMLSimpleApplication@765e676b
----------------- Done invoking toplevel() on ptolemy.moml.MoMLSimpleApplication@765e676b
reloadAllAccessors: .Lattice

===========================================================================================
----------------- testing Thu May 23 04:22:38 UTC 2019 /home/travis/build/icyphy/ptII/ptolemy/actor/lib/test/auto/LazyAOCTestLazy.xml
----------------- Instantiating /home/travis/build/icyphy/ptII/ptolemy/actor/lib/test/auto/LazyAOCTestLazy.xml
17 ms. Memory: 1360384K Free: 1149656K (85%)
----------------- Invoking toplevel() on ptolemy.moml.MoMLSimpleApplication@5dee811e
----------------- Done invoking toplevel() on ptolemy.moml.MoMLSimpleApplication@5dee811e
reloadAllAccessors: .LazyAOCTestLazy

===========================================================================================
----------------- testing Thu May 23 04:22:38 UTC 2019 /home/travis/build/icyphy/ptII/ptolemy/actor/lib/test/auto/LazyAOCTestNonLazy.xml
----------------- Instantiating /home/travis/build/icyphy/ptII/ptolemy/actor/lib/test/auto/LazyAOCTestNonLazy.xml
10 ms. Memory: 1360384K Free: 1130284K (83%)
----------------- Invoking toplevel() on ptolemy.moml.MoMLSimpleApplication@181a88f6
----------------- Done invoking toplevel() on ptolemy.moml.MoMLSimpleApplication@181a88f6
reloadAllAccessors: .LazyAOCTestNonLazy

===========================================================================================
----------------- testing Thu May 23 04:22:38 UTC 2019 /home/travis/build/icyphy/ptII/ptolemy/actor/lib/test/auto/LazyInnerClass.xml
----------------- Instantiating /home/travis/build/icyphy/ptII/ptolemy/actor/lib/test/auto/LazyInnerClass.xml
28 ms. Memory: 1360384K Free: 1117843K (82%)
----------------- Invoking toplevel() on ptolemy.moml.MoMLSimpleApplication@525b3610
----------------- Done invoking toplevel() on ptolemy.moml.MoMLSimpleApplication@525b3610
reloadAllAccessors: .LazyInnerClass

===========================================================================================
----------------- testing Thu May 23 04:22:38 UTC 2019 /home/travis/build/icyphy/ptII/ptolemy/actor/lib/test/auto/LazyPubSub.xml
----------------- Instantiating /home/travis/build/icyphy/ptII/ptolemy/actor/lib/test/auto/LazyPubSub.xml
12 ms. Memory: 1360384K Free: 1105233K (81%)
----------------- Invoking toplevel() on ptolemy.moml.MoMLSimpleApplication@3d4456b5
----------------- Done invoking toplevel() on ptolemy.moml.MoMLSimpleApplication@3d4456b5
reloadAllAccessors: .LazyPubSub

===========================================================================================
----------------- testing Thu May 23 04:22:38 UTC 2019 /home/travis/build/icyphy/ptII/ptolemy/actor/lib/test/auto/LazyPubSub2.xml
----------------- Instantiating /home/travis/build/icyphy/ptII/ptolemy/actor/lib/test/auto/LazyPubSub2.xml
11 ms. Memory: 1360384K Free: 1085861K (80%)
----------------- Invoking toplevel() on ptolemy.moml.MoMLSimpleApplication@ef13dfe
----------------- Done invoking toplevel() on ptolemy.moml.MoMLSimpleApplication@ef13dfe
reloadAllAccessors: .LazyPubSub2

===========================================================================================
----------------- testing Thu May 23 04:22:38 UTC 2019 /home/travis/build/icyphy/ptII/ptolemy/actor/lib/test/auto/LazyPubSub3.xml
----------------- Instantiating /home/travis/build/icyphy/ptII/ptolemy/actor/lib/test/auto/LazyPubSub3.xml
15 ms. Memory: 1360384K Free: 1073419K (79%)
----------------- Invoking toplevel() on ptolemy.moml.MoMLSimpleApplication@5264aa8b
----------------- Done invoking toplevel() on ptolemy.moml.MoMLSimpleApplication@5264aa8b
reloadAllAccessors: .LazyPubSub3

===========================================================================================
----------------- testing Thu May 23 04:22:38 UTC 2019 /home/travis/build/icyphy/ptII/ptolemy/actor/lib/test/auto/LazySubClassModel.xml
----------------- Instantiating /home/travis/build/icyphy/ptII/ptolemy/actor/lib/test/auto/LazySubClassModel.xml
2 ms. Memory: 1360384K Free: 1054741K (78%)
----------------- Invoking toplevel() on ptolemy.moml.MoMLSimpleApplication@754ecabf
----------------- Done invoking toplevel() on ptolemy.moml.MoMLSimpleApplication@754ecabf
reloadAllAccessors: .LazySubClassModel

===========================================================================================
----------------- testing Thu May 23 04:22:38 UTC 2019 /home/travis/build/icyphy/ptII/ptolemy/actor/lib/test/auto/LevelCrossTest1.xml
----------------- Instantiating /home/travis/build/icyphy/ptII/ptolemy/actor/lib/test/auto/LevelCrossTest1.xml
1 ms. Memory: 1360384K Free: 1035368K (76%)
----------------- Invoking toplevel() on ptolemy.moml.MoMLSimpleApplication@62987ab
----------------- Done invoking toplevel() on ptolemy.moml.MoMLSimpleApplication@62987ab
reloadAllAccessors: .broken

===========================================================================================
----------------- testing Thu May 23 04:22:38 UTC 2019 /home/travis/build/icyphy/ptII/ptolemy/actor/lib/test/auto/LevelCrossTest10.xml
----------------- Instantiating /home/travis/build/icyphy/ptII/ptolemy/actor/lib/test/auto/LevelCrossTest10.xml
1 ms. Memory: 1360384K Free: 1022927K (75%)
----------------- Invoking toplevel() on ptolemy.moml.MoMLSimpleApplication@2797836c
----------------- Done invoking toplevel() on ptolemy.moml.MoMLSimpleApplication@2797836c
reloadAllAccessors: .LevelCrossTest10

===========================================================================================
----------------- testing Thu May 23 04:22:38 UTC 2019 /home/travis/build/icyphy/ptII/ptolemy/actor/lib/test/auto/LevelCrossTest11.xml
----------------- Instantiating /home/travis/build/icyphy/ptII/ptolemy/actor/lib/test/auto/LevelCrossTest11.xml
1 ms. Memory: 1360384K Free: 1010485K (74%)
----------------- Invoking toplevel() on ptolemy.moml.MoMLSimpleApplication@47462ead
----------------- Done invoking toplevel() on ptolemy.moml.MoMLSimpleApplication@47462ead
reloadAllAccessors: .LevelCrossTest11

===========================================================================================
----------------- testing Thu May 23 04:22:38 UTC 2019 /home/travis/build/icyphy/ptII/ptolemy/actor/lib/test/auto/LevelCrossTest12.xml
----------------- Instantiating /home/travis/build/icyphy/ptII/ptolemy/actor/lib/test/auto/LevelCrossTest12.xml
1 ms. Memory: 1360384K Free: 991113K (73%)
----------------- Invoking toplevel() on ptolemy.moml.MoMLSimpleApplication@7aa06080
----------------- Done invoking toplevel() on ptolemy.moml.MoMLSimpleApplication@7aa06080
reloadAllAccessors: .LevelCrossTest12

===========================================================================================
----------------- testing Thu May 23 04:22:38 UTC 2019 /home/travis/build/icyphy/ptII/ptolemy/actor/lib/test/auto/LevelCrossTest13.xml
----------------- Instantiating /home/travis/build/icyphy/ptII/ptolemy/actor/lib/test/auto/LevelCrossTest13.xml
1 ms. Memory: 1360384K Free: 978671K (72%)
----------------- Invoking toplevel() on ptolemy.moml.MoMLSimpleApplication@7df162
----------------- Done invoking toplevel() on ptolemy.moml.MoMLSimpleApplication@7df162
reloadAllAccessors: .LevelCrossTest13

===========================================================================================
----------------- testing Thu May 23 04:22:38 UTC 2019 /home/travis/build/icyphy/ptII/ptolemy/actor/lib/test/auto/LevelCrossTest2.xml
----------------- Instantiating /home/travis/build/icyphy/ptII/ptolemy/actor/lib/test/auto/LevelCrossTest2.xml
1 ms. Memory: 1360384K Free: 966230K (71%)
----------------- Invoking toplevel() on ptolemy.moml.MoMLSimpleApplication@77d691df
----------------- Done invoking toplevel() on ptolemy.moml.MoMLSimpleApplication@77d691df
reloadAllAccessors: .broken

===========================================================================================
----------------- testing Thu May 23 04:22:38 UTC 2019 /home/travis/build/icyphy/ptII/ptolemy/actor/lib/test/auto/LevelCrossTest3.xml
----------------- Instantiating /home/travis/build/icyphy/ptII/ptolemy/actor/lib/test/auto/LevelCrossTest3.xml
1 ms. Memory: 1360384K Free: 946857K (70%)
----------------- Invoking toplevel() on ptolemy.moml.MoMLSimpleApplication@7a13b06
----------------- Done invoking toplevel() on ptolemy.moml.MoMLSimpleApplication@7a13b06
reloadAllAccessors: .LevelCrossTest3

===========================================================================================
----------------- testing Thu May 23 04:22:38 UTC 2019 /home/travis/build/icyphy/ptII/ptolemy/actor/lib/test/auto/LevelCrossTest4.xml
----------------- Instantiating /home/travis/build/icyphy/ptII/ptolemy/actor/lib/test/auto/LevelCrossTest4.xml
1 ms. Memory: 1360384K Free: 934416K (69%)
----------------- Invoking toplevel() on ptolemy.moml.MoMLSimpleApplication@245713f2
----------------- Done invoking toplevel() on ptolemy.moml.MoMLSimpleApplication@245713f2
reloadAllAccessors: .broken

===========================================================================================
----------------- testing Thu May 23 04:22:38 UTC 2019 /home/travis/build/icyphy/ptII/ptolemy/actor/lib/test/auto/LevelCrossTest5.xml
----------------- Instantiating /home/travis/build/icyphy/ptII/ptolemy/actor/lib/test/auto/LevelCrossTest5.xml
1 ms. Memory: 1360384K Free: 915043K (67%)
----------------- Invoking toplevel() on ptolemy.moml.MoMLSimpleApplication@1a658a68
----------------- Done invoking toplevel() on ptolemy.moml.MoMLSimpleApplication@1a658a68
reloadAllAccessors: .LevelCrossTest5

===========================================================================================
----------------- testing Thu May 23 04:22:38 UTC 2019 /home/travis/build/icyphy/ptII/ptolemy/actor/lib/test/auto/LevelCrossTest6.xml
----------------- Instantiating /home/travis/build/icyphy/ptII/ptolemy/actor/lib/test/auto/LevelCrossTest6.xml
4 ms. Memory: 1360384K Free: 902602K (66%)
----------------- Invoking toplevel() on ptolemy.moml.MoMLSimpleApplication@613cdc9f
----------------- Done invoking toplevel() on ptolemy.moml.MoMLSimpleApplication@613cdc9f
reloadAllAccessors: .LevelCrossTest6

===========================================================================================
----------------- testing Thu May 23 04:22:38 UTC 2019 /home/travis/build/icyphy/ptII/ptolemy/actor/lib/test/auto/LevelCrossTest7.xml
----------------- Instantiating /home/travis/build/icyphy/ptII/ptolemy/actor/lib/test/auto/LevelCrossTest7.xml
1 ms. Memory: 1360384K Free: 890160K (65%)
----------------- Invoking toplevel() on ptolemy.moml.MoMLSimpleApplication@1f71ca6c
----------------- Done invoking toplevel() on ptolemy.moml.MoMLSimpleApplication@1f71ca6c
reloadAllAccessors: .LevelCrossTest7

===========================================================================================
----------------- testing Thu May 23 04:22:38 UTC 2019 /home/travis/build/icyphy/ptII/ptolemy/actor/lib/test/auto/LevelCrossTest8.xml
----------------- Instantiating /home/travis/build/icyphy/ptII/ptolemy/actor/lib/test/auto/LevelCrossTest8.xml
1 ms. Memory: 1360384K Free: 870788K (64%)
----------------- Invoking toplevel() on ptolemy.moml.MoMLSimpleApplication@2ecc98b4
----------------- Done invoking toplevel() on ptolemy.moml.MoMLSimpleApplication@2ecc98b4
reloadAllAccessors: .LevelCrossTest8

===========================================================================================
----------------- testing Thu May 23 04:22:38 UTC 2019 /home/travis/build/icyphy/ptII/ptolemy/actor/lib/test/auto/LevelCrossTest9.xml
----------------- Instantiating /home/travis/build/icyphy/ptII/ptolemy/actor/lib/test/auto/LevelCrossTest9.xml
1 ms. Memory: 1360384K Free: 858346K (63%)
----------------- Invoking toplevel() on ptolemy.moml.MoMLSimpleApplication@109071ac
----------------- Done invoking toplevel() on ptolemy.moml.MoMLSimpleApplication@109071ac
reloadAllAccessors: .LevelCrossTest9

===========================================================================================
----------------- testing Thu May 23 04:22:38 UTC 2019 /home/travis/build/icyphy/ptII/ptolemy/actor/lib/test/auto/LevinsonDurbin.xml
----------------- Instantiating /home/travis/build/icyphy/ptII/ptolemy/actor/lib/test/auto/LevinsonDurbin.xml
1 ms. Memory: 1360384K Free: 845905K (62%)
----------------- Invoking toplevel() on ptolemy.moml.MoMLSimpleApplication@45033e87
----------------- Done invoking toplevel() on ptolemy.moml.MoMLSimpleApplication@45033e87
reloadAllAccessors: .LevinsonDurbin

===========================================================================================
----------------- testing Thu May 23 04:22:38 UTC 2019 /home/travis/build/icyphy/ptII/ptolemy/actor/lib/test/auto/LevinsonDurbin2.xml
----------------- Instantiating /home/travis/build/icyphy/ptII/ptolemy/actor/lib/test/auto/LevinsonDurbin2.xml
1 ms. Memory: 1360384K Free: 826532K (61%)
----------------- Invoking toplevel() on ptolemy.moml.MoMLSimpleApplication@7f667f70
----------------- Done invoking toplevel() on ptolemy.moml.MoMLSimpleApplication@7f667f70
reloadAllAccessors: .LevinsonDurbin2

===========================================================================================
----------------- testing Thu May 23 04:22:38 UTC 2019 /home/travis/build/icyphy/ptII/ptolemy/actor/lib/test/auto/LevinsonDurbin3.xml
----------------- Instantiating /home/travis/build/icyphy/ptII/ptolemy/actor/lib/test/auto/LevinsonDurbin3.xml
6 ms. Memory: 1360384K Free: 814090K (60%)
----------------- Invoking toplevel() on ptolemy.moml.MoMLSimpleApplication@76b1d6db
----------------- Done invoking toplevel() on ptolemy.moml.MoMLSimpleApplication@76b1d6db
reloadAllAccessors: .LevinsonDurbin3

===========================================================================================
----------------- testing Thu May 23 04:22:38 UTC 2019 /home/travis/build/icyphy/ptII/ptolemy/actor/lib/test/auto/Limiter.xml
----------------- Instantiating /home/travis/build/icyphy/ptII/ptolemy/actor/lib/test/auto/Limiter.xml
6 ms. Memory: 1360384K Free: 801649K (59%)
----------------- Invoking toplevel() on ptolemy.moml.MoMLSimpleApplication@3eeba4e
----------------- Done invoking toplevel() on ptolemy.moml.MoMLSimpleApplication@3eeba4e
reloadAllAccessors: .Limiter

===========================================================================================
----------------- testing Thu May 23 04:22:38 UTC 2019 /home/travis/build/icyphy/ptII/ptolemy/actor/lib/test/auto/LinearDifferenceEquationSystem.xml
----------------- Instantiating /home/travis/build/icyphy/ptII/ptolemy/actor/lib/test/auto/LinearDifferenceEquationSystem.xml
4 ms. Memory: 1360384K Free: 782277K (58%)
----------------- Invoking toplevel() on ptolemy.moml.MoMLSimpleApplication@57a9dc77
----------------- Done invoking toplevel() on ptolemy.moml.MoMLSimpleApplication@57a9dc77
reloadAllAccessors: .LinearDifferenceEquationSystem

===========================================================================================
----------------- testing Thu May 23 04:22:38 UTC 2019 /home/travis/build/icyphy/ptII/ptolemy/actor/lib/test/auto/LookupTable.xml
----------------- Instantiating /home/travis/build/icyphy/ptII/ptolemy/actor/lib/test/auto/LookupTable.xml
1 ms. Memory: 1360384K Free: 769835K (57%)
----------------- Invoking toplevel() on ptolemy.moml.MoMLSimpleApplication@44560818
----------------- Done invoking toplevel() on ptolemy.moml.MoMLSimpleApplication@44560818
reloadAllAccessors: .LookupTable

===========================================================================================
----------------- testing Thu May 23 04:22:38 UTC 2019 /home/travis/build/icyphy/ptII/ptolemy/actor/lib/test/auto/MathFunction.xml
----------------- Instantiating /home/travis/build/icyphy/ptII/ptolemy/actor/lib/test/auto/MathFunction.xml
2 ms. Memory: 1360384K Free: 757393K (56%)
----------------- Invoking toplevel() on ptolemy.moml.MoMLSimpleApplication@bf67a7d
----------------- Done invoking toplevel() on ptolemy.moml.MoMLSimpleApplication@bf67a7d
reloadAllAccessors: .MathFunction

===========================================================================================
----------------- testing Thu May 23 04:22:39 UTC 2019 /home/travis/build/icyphy/ptII/ptolemy/actor/lib/test/auto/MathFunction2.xml
----------------- Instantiating /home/travis/build/icyphy/ptII/ptolemy/actor/lib/test/auto/MathFunction2.xml
1 ms. Memory: 1360384K Free: 738021K (54%)
----------------- Invoking toplevel() on ptolemy.moml.MoMLSimpleApplication@7d9c62fb
----------------- Done invoking toplevel() on ptolemy.moml.MoMLSimpleApplication@7d9c62fb
reloadAllAccessors: .MathFunction2

===========================================================================================
----------------- testing Thu May 23 04:22:39 UTC 2019 /home/travis/build/icyphy/ptII/ptolemy/actor/lib/test/auto/MathFunction3.xml
----------------- Instantiating /home/travis/build/icyphy/ptII/ptolemy/actor/lib/test/auto/MathFunction3.xml
5 ms. Memory: 1360384K Free: 725579K (53%)
----------------- Invoking toplevel() on ptolemy.moml.MoMLSimpleApplication@1b998fa8
----------------- Done invoking toplevel() on ptolemy.moml.MoMLSimpleApplication@1b998fa8
reloadAllAccessors: .MathFunction3

===========================================================================================
----------------- testing Thu May 23 04:22:39 UTC 2019 /home/travis/build/icyphy/ptII/ptolemy/actor/lib/test/auto/MatrixCropBoolean.xml
----------------- Instantiating /home/travis/build/icyphy/ptII/ptolemy/actor/lib/test/auto/MatrixCropBoolean.xml
3 ms. Memory: 1360384K Free: 713138K (52%)
----------------- Invoking toplevel() on ptolemy.moml.MoMLSimpleApplication@1b9135a2
----------------- Done invoking toplevel() on ptolemy.moml.MoMLSimpleApplication@1b9135a2
reloadAllAccessors: .MatrixCropBoolean

===========================================================================================
----------------- testing Thu May 23 04:22:39 UTC 2019 /home/travis/build/icyphy/ptII/ptolemy/actor/lib/test/auto/MatrixCropComplex.xml
----------------- Instantiating /home/travis/build/icyphy/ptII/ptolemy/actor/lib/test/auto/MatrixCropComplex.xml
2 ms. Memory: 1360384K Free: 693765K (51%)
----------------- Invoking toplevel() on ptolemy.moml.MoMLSimpleApplication@5778fd33
----------------- Done invoking toplevel() on ptolemy.moml.MoMLSimpleApplication@5778fd33
reloadAllAccessors: .MatrixCropComplex

===========================================================================================
----------------- testing Thu May 23 04:22:39 UTC 2019 /home/travis/build/icyphy/ptII/ptolemy/actor/lib/test/auto/MatrixCropDouble.xml
----------------- Instantiating /home/travis/build/icyphy/ptII/ptolemy/actor/lib/test/auto/MatrixCropDouble.xml
1 ms. Memory: 1360384K Free: 681324K (50%)
----------------- Invoking toplevel() on ptolemy.moml.MoMLSimpleApplication@69e5b517
----------------- Done invoking toplevel() on ptolemy.moml.MoMLSimpleApplication@69e5b517
reloadAllAccessors: .MatrixCropDouble

===========================================================================================
----------------- testing Thu May 23 04:22:39 UTC 2019 /home/travis/build/icyphy/ptII/ptolemy/actor/lib/test/auto/MatrixCropFix.xml
----------------- Instantiating /home/travis/build/icyphy/ptII/ptolemy/actor/lib/test/auto/MatrixCropFix.xml
2 ms. Memory: 1360384K Free: 661952K (49%)
----------------- Invoking toplevel() on ptolemy.moml.MoMLSimpleApplication@696868d3
----------------- Done invoking toplevel() on ptolemy.moml.MoMLSimpleApplication@696868d3
reloadAllAccessors: .MatrixCropFix

===========================================================================================
----------------- testing Thu May 23 04:22:39 UTC 2019 /home/travis/build/icyphy/ptII/ptolemy/actor/lib/test/auto/MatrixCropInt.xml
----------------- Instantiating /home/travis/build/icyphy/ptII/ptolemy/actor/lib/test/auto/MatrixCropInt.xml
2 ms. Memory: 1360384K Free: 649510K (48%)
----------------- Invoking toplevel() on ptolemy.moml.MoMLSimpleApplication@97e27c7
----------------- Done invoking toplevel() on ptolemy.moml.MoMLSimpleApplication@97e27c7
reloadAllAccessors: .MatrixCropInt

===========================================================================================
----------------- testing Thu May 23 04:22:39 UTC 2019 /home/travis/build/icyphy/ptII/ptolemy/actor/lib/test/auto/MatrixCropLong.xml
----------------- Instantiating /home/travis/build/icyphy/ptII/ptolemy/actor/lib/test/auto/MatrixCropLong.xml
2 ms. Memory: 1360384K Free: 637069K (47%)
----------------- Invoking toplevel() on ptolemy.moml.MoMLSimpleApplication@7f655feb
----------------- Done invoking toplevel() on ptolemy.moml.MoMLSimpleApplication@7f655feb
reloadAllAccessors: .MatrixCropLong

===========================================================================================
----------------- testing Thu May 23 04:22:39 UTC 2019 /home/travis/build/icyphy/ptII/ptolemy/actor/lib/test/auto/MatrixToArray.xml
----------------- Instantiating /home/travis/build/icyphy/ptII/ptolemy/actor/lib/test/auto/MatrixToArray.xml
5 ms. Memory: 1360384K Free: 605223K (44%)
----------------- Invoking toplevel() on ptolemy.moml.MoMLSimpleApplication@5364642d
----------------- Done invoking toplevel() on ptolemy.moml.MoMLSimpleApplication@5364642d
reloadAllAccessors: .MatrixToArray

===========================================================================================
----------------- testing Thu May 23 04:22:39 UTC 2019 /home/travis/build/icyphy/ptII/ptolemy/actor/lib/test/auto/MaxIndex.xml
----------------- Instantiating /home/travis/build/icyphy/ptII/ptolemy/actor/lib/test/auto/MaxIndex.xml
1 ms. Memory: 1360384K Free: 592781K (44%)
----------------- Invoking toplevel() on ptolemy.moml.MoMLSimpleApplication@33c23ff4
----------------- Done invoking toplevel() on ptolemy.moml.MoMLSimpleApplication@33c23ff4
reloadAllAccessors: .MaxIndex

===========================================================================================
----------------- testing Thu May 23 04:22:39 UTC 2019 /home/travis/build/icyphy/ptII/ptolemy/actor/lib/test/auto/Maximum.xml
----------------- Instantiating /home/travis/build/icyphy/ptII/ptolemy/actor/lib/test/auto/Maximum.xml
2 ms. Memory: 1360384K Free: 580339K (43%)
----------------- Invoking toplevel() on ptolemy.moml.MoMLSimpleApplication@570eafd7
----------------- Done invoking toplevel() on ptolemy.moml.MoMLSimpleApplication@570eafd7
reloadAllAccessors: .Maximum

===========================================================================================
----------------- testing Thu May 23 04:22:39 UTC 2019 /home/travis/build/icyphy/ptII/ptolemy/actor/lib/test/auto/MaximumComplex.xml
----------------- Instantiating /home/travis/build/icyphy/ptII/ptolemy/actor/lib/test/auto/MaximumComplex.xml
4 ms. Memory: 1360384K Free: 560967K (41%)
----------------- Invoking toplevel() on ptolemy.moml.MoMLSimpleApplication@111ccf16
----------------- Done invoking toplevel() on ptolemy.moml.MoMLSimpleApplication@111ccf16
reloadAllAccessors: .MaximumComplex

===========================================================================================
----------------- testing Thu May 23 04:22:39 UTC 2019 /home/travis/build/icyphy/ptII/ptolemy/actor/lib/test/auto/MethodCallTest.xml
----------------- Instantiating /home/travis/build/icyphy/ptII/ptolemy/actor/lib/test/auto/MethodCallTest.xml
2 ms. Memory: 1360384K Free: 548526K (40%)
----------------- Invoking toplevel() on ptolemy.moml.MoMLSimpleApplication@5001df9f
----------------- Done invoking toplevel() on ptolemy.moml.MoMLSimpleApplication@5001df9f
reloadAllAccessors: .MethodCallTest

===========================================================================================
----------------- testing Thu May 23 04:22:39 UTC 2019 /home/travis/build/icyphy/ptII/ptolemy/actor/lib/test/auto/Minimum.xml
----------------- Instantiating /home/travis/build/icyphy/ptII/ptolemy/actor/lib/test/auto/Minimum.xml
2 ms. Memory: 1360384K Free: 536084K (39%)
----------------- Invoking toplevel() on ptolemy.moml.MoMLSimpleApplication@1acd4ea
----------------- Done invoking toplevel() on ptolemy.moml.MoMLSimpleApplication@1acd4ea
reloadAllAccessors: .Minimum

===========================================================================================
----------------- testing Thu May 23 04:22:39 UTC 2019 /home/travis/build/icyphy/ptII/ptolemy/actor/lib/test/auto/MinimumComplex.xml
----------------- Instantiating /home/travis/build/icyphy/ptII/ptolemy/actor/lib/test/auto/MinimumComplex.xml
3 ms. Memory: 1360384K Free: 516712K (38%)
----------------- Invoking toplevel() on ptolemy.moml.MoMLSimpleApplication@299e1c1
----------------- Done invoking toplevel() on ptolemy.moml.MoMLSimpleApplication@299e1c1
reloadAllAccessors: .MinimumComplex

===========================================================================================
----------------- testing Thu May 23 04:22:39 UTC 2019 /home/travis/build/icyphy/ptII/ptolemy/actor/lib/test/auto/MinimumMultiports.xml
----------------- Instantiating /home/travis/build/icyphy/ptII/ptolemy/actor/lib/test/auto/MinimumMultiports.xml
4 ms. Memory: 1360384K Free: 504270K (37%)
----------------- Invoking toplevel() on ptolemy.moml.MoMLSimpleApplication@1a08b9c9
----------------- Done invoking toplevel() on ptolemy.moml.MoMLSimpleApplication@1a08b9c9
reloadAllAccessors: .MinimumMultiports

===========================================================================================
----------------- testing Thu May 23 04:22:39 UTC 2019 /home/travis/build/icyphy/ptII/ptolemy/actor/lib/test/auto/ModifyDate.xml
----------------- Instantiating /home/travis/build/icyphy/ptII/ptolemy/actor/lib/test/auto/ModifyDate.xml
9 ms. Memory: 1360384K Free: 485592K (36%)
----------------- Invoking toplevel() on ptolemy.moml.MoMLSimpleApplication@46ed17b1
----------------- Done invoking toplevel() on ptolemy.moml.MoMLSimpleApplication@46ed17b1
reloadAllAccessors: .ModifyDate

===========================================================================================
----------------- testing Thu May 23 04:22:39 UTC 2019 /home/travis/build/icyphy/ptII/ptolemy/actor/lib/test/auto/ModifyDate2.xml
----------------- Instantiating /home/travis/build/icyphy/ptII/ptolemy/actor/lib/test/auto/ModifyDate2.xml
5 ms. Memory: 1360384K Free: 459999K (34%)
----------------- Invoking toplevel() on ptolemy.moml.MoMLSimpleApplication@62fd2b1d
----------------- Done invoking toplevel() on ptolemy.moml.MoMLSimpleApplication@62fd2b1d
reloadAllAccessors: .ModifyDate2

===========================================================================================
----------------- testing Thu May 23 04:22:39 UTC 2019 /home/travis/build/icyphy/ptII/ptolemy/actor/lib/test/auto/MovingAverage.xml
----------------- Instantiating /home/travis/build/icyphy/ptII/ptolemy/actor/lib/test/auto/MovingAverage.xml
2 ms. Memory: 1360384K Free: 447557K (33%)
----------------- Invoking toplevel() on ptolemy.moml.MoMLSimpleApplication@3d55a06a
----------------- Done invoking toplevel() on ptolemy.moml.MoMLSimpleApplication@3d55a06a
reloadAllAccessors: .MovingAverage

===========================================================================================
----------------- testing Thu May 23 04:22:39 UTC 2019 /home/travis/build/icyphy/ptII/ptolemy/actor/lib/test/auto/MovingMaximum.xml
----------------- Instantiating /home/travis/build/icyphy/ptII/ptolemy/actor/lib/test/auto/MovingMaximum.xml
5 ms. Memory: 1360384K Free: 435116K (32%)
----------------- Invoking toplevel() on ptolemy.moml.MoMLSimpleApplication@4f7e902
----------------- Done invoking toplevel() on ptolemy.moml.MoMLSimpleApplication@4f7e902
reloadAllAccessors: .MovingMaximum

===========================================================================================
----------------- testing Thu May 23 04:22:39 UTC 2019 /home/travis/build/icyphy/ptII/ptolemy/actor/lib/test/auto/MultipleLinksToSameRelation.xml
----------------- Instantiating /home/travis/build/icyphy/ptII/ptolemy/actor/lib/test/auto/MultipleLinksToSameRelation.xml
2 ms. Memory: 1360384K Free: 415743K (31%)
----------------- Invoking toplevel() on ptolemy.moml.MoMLSimpleApplication@54b368bf
----------------- Done invoking toplevel() on ptolemy.moml.MoMLSimpleApplication@54b368bf
reloadAllAccessors: .MultipleLinksToSameRelation

===========================================================================================
----------------- testing Thu May 23 04:22:39 UTC 2019 /home/travis/build/icyphy/ptII/ptolemy/actor/lib/test/auto/MultipleLinksToSameRelationDE.xml
----------------- Instantiating /home/travis/build/icyphy/ptII/ptolemy/actor/lib/test/auto/MultipleLinksToSameRelationDE.xml
5 ms. Memory: 1360384K Free: 403302K (30%)
----------------- Invoking toplevel() on ptolemy.moml.MoMLSimpleApplication@6a29c593
----------------- Done invoking toplevel() on ptolemy.moml.MoMLSimpleApplication@6a29c593
reloadAllAccessors: .MultipleLinksToSameRelationDE

===========================================================================================
----------------- testing Thu May 23 04:22:39 UTC 2019 /home/travis/build/icyphy/ptII/ptolemy/actor/lib/test/auto/Multiplexor.xml
----------------- Instantiating /home/travis/build/icyphy/ptII/ptolemy/actor/lib/test/auto/Multiplexor.xml
2 ms. Memory: 1360384K Free: 383930K (28%)
----------------- Invoking toplevel() on ptolemy.moml.MoMLSimpleApplication@662124a9
----------------- Done invoking toplevel() on ptolemy.moml.MoMLSimpleApplication@662124a9
reloadAllAccessors: .Multiplexor

===========================================================================================
----------------- testing Thu May 23 04:22:39 UTC 2019 /home/travis/build/icyphy/ptII/ptolemy/actor/lib/test/auto/Multiplexor1.xml
----------------- Instantiating /home/travis/build/icyphy/ptII/ptolemy/actor/lib/test/auto/Multiplexor1.xml
2 ms. Memory: 1360384K Free: 371488K (27%)
----------------- Invoking toplevel() on ptolemy.moml.MoMLSimpleApplication@74f9bc07
----------------- Done invoking toplevel() on ptolemy.moml.MoMLSimpleApplication@74f9bc07
reloadAllAccessors: .Multiplexor1

===========================================================================================
----------------- testing Thu May 23 04:22:39 UTC 2019 /home/travis/build/icyphy/ptII/ptolemy/actor/lib/test/auto/Multiplexor2.xml
----------------- Instantiating /home/travis/build/icyphy/ptII/ptolemy/actor/lib/test/auto/Multiplexor2.xml
6 ms. Memory: 1360384K Free: 359047K (26%)
----------------- Invoking toplevel() on ptolemy.moml.MoMLSimpleApplication@2cc0db9
----------------- Done invoking toplevel() on ptolemy.moml.MoMLSimpleApplication@2cc0db9
reloadAllAccessors: .Multiplexor2

===========================================================================================
----------------- testing Thu May 23 04:22:39 UTC 2019 /home/travis/build/icyphy/ptII/ptolemy/actor/lib/test/auto/Multiplexor3.xml
----------------- Instantiating /home/travis/build/icyphy/ptII/ptolemy/actor/lib/test/auto/Multiplexor3.xml
2 ms. Memory: 1360384K Free: 339675K (25%)
----------------- Invoking toplevel() on ptolemy.moml.MoMLSimpleApplication@3c2ce60e
----------------- Done invoking toplevel() on ptolemy.moml.MoMLSimpleApplication@3c2ce60e
reloadAllAccessors: .Multiplexor3

===========================================================================================
----------------- testing Thu May 23 04:22:39 UTC 2019 /home/travis/build/icyphy/ptII/ptolemy/actor/lib/test/auto/MultiplexorDE.xml
----------------- Instantiating /home/travis/build/icyphy/ptII/ptolemy/actor/lib/test/auto/MultiplexorDE.xml
2 ms. Memory: 1360384K Free: 327233K (24%)
----------------- Invoking toplevel() on ptolemy.moml.MoMLSimpleApplication@1e0d4608
----------------- Done invoking toplevel() on ptolemy.moml.MoMLSimpleApplication@1e0d4608
reloadAllAccessors: .MultiplexorDE

===========================================================================================
----------------- testing Thu May 23 04:22:39 UTC 2019 /home/travis/build/icyphy/ptII/ptolemy/actor/lib/test/auto/MultiportBroadcastTest.xml
----------------- Instantiating /home/travis/build/icyphy/ptII/ptolemy/actor/lib/test/auto/MultiportBroadcastTest.xml
97 ms. Memory: 1360384K Free: 314791K (23%)
----------------- Invoking toplevel() on ptolemy.moml.MoMLSimpleApplication@68460bb8
----------------- Done invoking toplevel() on ptolemy.moml.MoMLSimpleApplication@68460bb8
reloadAllAccessors: .MultiportBroadcastTest

===========================================================================================
----------------- testing Thu May 23 04:22:39 UTC 2019 /home/travis/build/icyphy/ptII/ptolemy/actor/lib/test/auto/MultiportOutHangDuringGetWidth.xml
----------------- Instantiating /home/travis/build/icyphy/ptII/ptolemy/actor/lib/test/auto/MultiportOutHangDuringGetWidth.xml
6 ms. Memory: 1360384K Free: 289199K (21%)
----------------- Invoking toplevel() on ptolemy.moml.MoMLSimpleApplication@f382891
----------------- Done invoking toplevel() on ptolemy.moml.MoMLSimpleApplication@f382891
reloadAllAccessors: .MultiportOutHangDuringGetWidth

===========================================================================================
----------------- testing Thu May 23 04:22:39 UTC 2019 /home/travis/build/icyphy/ptII/ptolemy/actor/lib/test/auto/NilToken.xml
----------------- Instantiating /home/travis/build/icyphy/ptII/ptolemy/actor/lib/test/auto/NilToken.xml
1 ms. Memory: 1360384K Free: 276757K (20%)
----------------- Invoking toplevel() on ptolemy.moml.MoMLSimpleApplication@5dea153b
----------------- Done invoking toplevel() on ptolemy.moml.MoMLSimpleApplication@5dea153b
reloadAllAccessors: .NilToken

===========================================================================================
----------------- testing Thu May 23 04:22:39 UTC 2019 /home/travis/build/icyphy/ptII/ptolemy/actor/lib/test/auto/NilTokenNonStrictTest.xml
----------------- Instantiating /home/travis/build/icyphy/ptII/ptolemy/actor/lib/test/auto/NilTokenNonStrictTest.xml
2 ms. Memory: 1360384K Free: 264315K (19%)
----------------- Invoking toplevel() on ptolemy.moml.MoMLSimpleApplication@5ba470f2
----------------- Done invoking toplevel() on ptolemy.moml.MoMLSimpleApplication@5ba470f2
reloadAllAccessors: .NilTokenNonStrictTest

===========================================================================================
----------------- testing Thu May 23 04:22:39 UTC 2019 /home/travis/build/icyphy/ptII/ptolemy/actor/lib/test/auto/NilTokenRecord.xml
----------------- Instantiating /home/travis/build/icyphy/ptII/ptolemy/actor/lib/test/auto/NilTokenRecord.xml
5 ms. Memory: 1360384K Free: 244943K (18%)
----------------- Invoking toplevel() on ptolemy.moml.MoMLSimpleApplication@4f94bb9e
----------------- Done invoking toplevel() on ptolemy.moml.MoMLSimpleApplication@4f94bb9e
reloadAllAccessors: .NilTokenRecord

===========================================================================================
----------------- testing Thu May 23 04:22:39 UTC 2019 /home/travis/build/icyphy/ptII/ptolemy/actor/lib/test/auto/NilTokenTypeTest.xml
----------------- Instantiating /home/travis/build/icyphy/ptII/ptolemy/actor/lib/test/auto/NilTokenTypeTest.xml
3 ms. Memory: 1360384K Free: 226265K (17%)
----------------- Invoking toplevel() on ptolemy.moml.MoMLSimpleApplication@6d1d8277
----------------- Done invoking toplevel() on ptolemy.moml.MoMLSimpleApplication@6d1d8277
reloadAllAccessors: .NilTokenTypeTest

===========================================================================================
----------------- testing Thu May 23 04:22:39 UTC 2019 /home/travis/build/icyphy/ptII/ptolemy/actor/lib/test/auto/ObjectToken1.xml
----------------- Instantiating /home/travis/build/icyphy/ptII/ptolemy/actor/lib/test/auto/ObjectToken1.xml
2 ms. Memory: 1360384K Free: 206893K (15%)
----------------- Invoking toplevel() on ptolemy.moml.MoMLSimpleApplication@7c405301
----------------- Done invoking toplevel() on ptolemy.moml.MoMLSimpleApplication@7c405301
reloadAllAccessors: .ObjectToken1

===========================================================================================
----------------- testing Thu May 23 04:22:39 UTC 2019 /home/travis/build/icyphy/ptII/ptolemy/actor/lib/test/auto/OrderedMerge.xml
----------------- Instantiating /home/travis/build/icyphy/ptII/ptolemy/actor/lib/test/auto/OrderedMerge.xml
6 ms. Memory: 1360384K Free: 169568K (12%)
----------------- Invoking toplevel() on ptolemy.moml.MoMLSimpleApplication@12913ff8
----------------- Done invoking toplevel() on ptolemy.moml.MoMLSimpleApplication@12913ff8
reloadAllAccessors: .OrderedMerge

===========================================================================================
----------------- testing Thu May 23 04:22:39 UTC 2019 /home/travis/build/icyphy/ptII/ptolemy/actor/lib/test/auto/OrderedRecordDisassembler.xml
----------------- Instantiating /home/travis/build/icyphy/ptII/ptolemy/actor/lib/test/auto/OrderedRecordDisassembler.xml
3 ms. Memory: 1360384K Free: 157126K (12%)
----------------- Invoking toplevel() on ptolemy.moml.MoMLSimpleApplication@13a04fd4
----------------- Done invoking toplevel() on ptolemy.moml.MoMLSimpleApplication@13a04fd4
reloadAllAccessors: .OrderedRecordDisassembler

===========================================================================================
----------------- testing Thu May 23 04:22:39 UTC 2019 /home/travis/build/icyphy/ptII/ptolemy/actor/lib/test/auto/OrderedRecordDisassembler2.xml
----------------- Instantiating /home/travis/build/icyphy/ptII/ptolemy/actor/lib/test/auto/OrderedRecordDisassembler2.xml
4 ms. Memory: 1360384K Free: 137754K (10%)
----------------- Invoking toplevel() on ptolemy.moml.MoMLSimpleApplication@c299992
----------------- Done invoking toplevel() on ptolemy.moml.MoMLSimpleApplication@c299992
reloadAllAccessors: .OrderedRecordDisassembler2

===========================================================================================
----------------- testing Thu May 23 04:22:39 UTC 2019 /home/travis/build/icyphy/ptII/ptolemy/actor/lib/test/auto/OrderedRecordUpdater.xml
----------------- Instantiating /home/travis/build/icyphy/ptII/ptolemy/actor/lib/test/auto/OrderedRecordUpdater.xml
2 ms. Memory: 1360384K Free: 125312K (9%)
----------------- Invoking toplevel() on ptolemy.moml.MoMLSimpleApplication@1df770
----------------- Done invoking toplevel() on ptolemy.moml.MoMLSimpleApplication@1df770
reloadAllAccessors: .RecordUpdater

===========================================================================================
----------------- testing Thu May 23 04:22:39 UTC 2019 /home/travis/build/icyphy/ptII/ptolemy/actor/lib/test/auto/OrderedRecordUpdater2.xml
----------------- Instantiating /home/travis/build/icyphy/ptII/ptolemy/actor/lib/test/auto/OrderedRecordUpdater2.xml
2 ms. Memory: 1360384K Free: 112871K (8%)
----------------- Invoking toplevel() on ptolemy.moml.MoMLSimpleApplication@66ce1b50
----------------- Done invoking toplevel() on ptolemy.moml.MoMLSimpleApplication@66ce1b50
reloadAllAccessors: .RecordUpdater2

===========================================================================================
----------------- testing Thu May 23 04:22:39 UTC 2019 /home/travis/build/icyphy/ptII/ptolemy/actor/lib/test/auto/PhaseUnwrap.xml
----------------- Instantiating /home/travis/build/icyphy/ptII/ptolemy/actor/lib/test/auto/PhaseUnwrap.xml
7 ms. Memory: 1360384K Free: 93499K (7%)
----------------- Invoking toplevel() on ptolemy.moml.MoMLSimpleApplication@5212383
----------------- Done invoking toplevel() on ptolemy.moml.MoMLSimpleApplication@5212383
reloadAllAccessors: .PhaseUnwrap

===========================================================================================
----------------- testing Thu May 23 04:22:40 UTC 2019 /home/travis/build/icyphy/ptII/ptolemy/actor/lib/test/auto/PoissonClock.xml
----------------- Instantiating /home/travis/build/icyphy/ptII/ptolemy/actor/lib/test/auto/PoissonClock.xml
2 ms. Memory: 1360384K Free: 81057K (6%)
----------------- Invoking toplevel() on ptolemy.moml.MoMLSimpleApplication@1ef24db8
----------------- Done invoking toplevel() on ptolemy.moml.MoMLSimpleApplication@1ef24db8
reloadAllAccessors: .PoissonClock

===========================================================================================
----------------- testing Thu May 23 04:22:40 UTC 2019 /home/travis/build/icyphy/ptII/ptolemy/actor/lib/test/auto/PoissonClock2.xml
----------------- Instantiating /home/travis/build/icyphy/ptII/ptolemy/actor/lib/test/auto/PoissonClock2.xml
6 ms. Memory: 1554432K Free: 1512419K (97%)
----------------- Invoking toplevel() on ptolemy.moml.MoMLSimpleApplication@628f3aea
----------------- Done invoking toplevel() on ptolemy.moml.MoMLSimpleApplication@628f3aea
reloadAllAccessors: .PoissonClock2

===========================================================================================
----------------- testing Thu May 23 04:22:40 UTC 2019 /home/travis/build/icyphy/ptII/ptolemy/actor/lib/test/auto/PoissonClock3.xml
----------------- Instantiating /home/travis/build/icyphy/ptII/ptolemy/actor/lib/test/auto/PoissonClock3.xml
1 ms. Memory: 1554432K Free: 1487277K (96%)
----------------- Invoking toplevel() on ptolemy.moml.MoMLSimpleApplication@7b02816e
----------------- Done invoking toplevel() on ptolemy.moml.MoMLSimpleApplication@7b02816e
reloadAllAccessors: .PoissonClock3

===========================================================================================
----------------- testing Thu May 23 04:22:40 UTC 2019 /home/travis/build/icyphy/ptII/ptolemy/actor/lib/test/auto/PubSubWithInitialTokens.xml
----------------- Instantiating /home/travis/build/icyphy/ptII/ptolemy/actor/lib/test/auto/PubSubWithInitialTokens.xml
2 ms. Memory: 1554432K Free: 1472715K (95%)
----------------- Invoking toplevel() on ptolemy.moml.MoMLSimpleApplication@31499ab5
----------------- Done invoking toplevel() on ptolemy.moml.MoMLSimpleApplication@31499ab5
reloadAllAccessors: .PubSubWithInitialTokens

===========================================================================================
----------------- testing Thu May 23 04:22:40 UTC 2019 /home/travis/build/icyphy/ptII/ptolemy/actor/lib/test/auto/PubSubWithInitialTokens2.xml
----------------- Instantiating /home/travis/build/icyphy/ptII/ptolemy/actor/lib/test/auto/PubSubWithInitialTokens2.xml
1 ms. Memory: 1554432K Free: 1451341K (93%)
----------------- Invoking toplevel() on ptolemy.moml.MoMLSimpleApplication@54ea1412
----------------- Done invoking toplevel() on ptolemy.moml.MoMLSimpleApplication@54ea1412
reloadAllAccessors: .PubSubWithInitialTokens2

===========================================================================================
----------------- testing Thu May 23 04:22:40 UTC 2019 /home/travis/build/icyphy/ptII/ptolemy/actor/lib/test/auto/PublisherClassNoParameter.xml
----------------- Instantiating /home/travis/build/icyphy/ptII/ptolemy/actor/lib/test/auto/PublisherClassNoParameter.xml
2 ms. Memory: 1554432K Free: 1429499K (92%)
----------------- Invoking toplevel() on ptolemy.moml.MoMLSimpleApplication@6aa5ff4e
----------------- Done invoking toplevel() on ptolemy.moml.MoMLSimpleApplication@6aa5ff4e
reloadAllAccessors: .PublisherClassNoParameter

===========================================================================================
----------------- testing Thu May 23 04:22:40 UTC 2019 /home/travis/build/icyphy/ptII/ptolemy/actor/lib/test/auto/PublisherClassParameter.xml
----------------- Instantiating /home/travis/build/icyphy/ptII/ptolemy/actor/lib/test/auto/PublisherClassParameter.xml
2 ms. Memory: 1554432K Free: 1407649K (91%)
----------------- Invoking toplevel() on ptolemy.moml.MoMLSimpleApplication@4437f744
----------------- Done invoking toplevel() on ptolemy.moml.MoMLSimpleApplication@4437f744
reloadAllAccessors: .PublisherClassParameter

===========================================================================================
----------------- testing Thu May 23 04:22:40 UTC 2019 /home/travis/build/icyphy/ptII/ptolemy/actor/lib/test/auto/PublisherNonStrictTest.xml
----------------- Instantiating /home/travis/build/icyphy/ptII/ptolemy/actor/lib/test/auto/PublisherNonStrictTest.xml
3 ms. Memory: 1554432K Free: 1386275K (89%)
----------------- Invoking toplevel() on ptolemy.moml.MoMLSimpleApplication@6aa87303
----------------- Done invoking toplevel() on ptolemy.moml.MoMLSimpleApplication@6aa87303
reloadAllAccessors: .PublisherNonStrictTest

===========================================================================================
----------------- testing Thu May 23 04:22:40 UTC 2019 /home/travis/build/icyphy/ptII/ptolemy/actor/lib/test/auto/PublisherPort1.xml
----------------- Instantiating /home/travis/build/icyphy/ptII/ptolemy/actor/lib/test/auto/PublisherPort1.xml
2 ms. Memory: 1554432K Free: 1371714K (88%)
----------------- Invoking toplevel() on ptolemy.moml.MoMLSimpleApplication@566f2812
----------------- Done invoking toplevel() on ptolemy.moml.MoMLSimpleApplication@566f2812
reloadAllAccessors: .PublisherPort1

===========================================================================================
----------------- testing Thu May 23 04:22:40 UTC 2019 /home/travis/build/icyphy/ptII/ptolemy/actor/lib/test/auto/PublisherPort2.xml
----------------- Instantiating /home/travis/build/icyphy/ptII/ptolemy/actor/lib/test/auto/PublisherPort2.xml
1 ms. Memory: 1554432K Free: 1357153K (87%)
----------------- Invoking toplevel() on ptolemy.moml.MoMLSimpleApplication@24c7837f
----------------- Done invoking toplevel() on ptolemy.moml.MoMLSimpleApplication@24c7837f
reloadAllAccessors: .PublisherPort2

===========================================================================================
----------------- testing Thu May 23 04:22:40 UTC 2019 /home/travis/build/icyphy/ptII/ptolemy/actor/lib/test/auto/PublisherPort3.xml
----------------- Instantiating /home/travis/build/icyphy/ptII/ptolemy/actor/lib/test/auto/PublisherPort3.xml
2 ms. Memory: 1554432K Free: 1335779K (86%)
----------------- Invoking toplevel() on ptolemy.moml.MoMLSimpleApplication@54c3d40c
----------------- Done invoking toplevel() on ptolemy.moml.MoMLSimpleApplication@54c3d40c
reloadAllAccessors: .PublisherPort3

===========================================================================================
----------------- testing Thu May 23 04:22:40 UTC 2019 /home/travis/build/icyphy/ptII/ptolemy/actor/lib/test/auto/PublisherPort4.xml
----------------- Instantiating /home/travis/build/icyphy/ptII/ptolemy/actor/lib/test/auto/PublisherPort4.xml
1 ms. Memory: 1554432K Free: 1321217K (85%)
----------------- Invoking toplevel() on ptolemy.moml.MoMLSimpleApplication@e46282d
----------------- Done invoking toplevel() on ptolemy.moml.MoMLSimpleApplication@e46282d
reloadAllAccessors: .PublisherPort4

===========================================================================================
----------------- testing Thu May 23 04:22:40 UTC 2019 /home/travis/build/icyphy/ptII/ptolemy/actor/lib/test/auto/PublisherPort5.xml
----------------- Instantiating /home/travis/build/icyphy/ptII/ptolemy/actor/lib/test/auto/PublisherPort5.xml
3 ms. Memory: 1554432K Free: 1299843K (84%)
----------------- Invoking toplevel() on ptolemy.moml.MoMLSimpleApplication@7a3e5800
----------------- Done invoking toplevel() on ptolemy.moml.MoMLSimpleApplication@7a3e5800
reloadAllAccessors: .PublisherPort5

===========================================================================================
----------------- testing Thu May 23 04:22:40 UTC 2019 /home/travis/build/icyphy/ptII/ptolemy/actor/lib/test/auto/PublisherPort5LookAlike.xml
----------------- Instantiating /home/travis/build/icyphy/ptII/ptolemy/actor/lib/test/auto/PublisherPort5LookAlike.xml
3 ms. Memory: 1554432K Free: 1285282K (83%)
----------------- Invoking toplevel() on ptolemy.moml.MoMLSimpleApplication@55a4e686
----------------- Done invoking toplevel() on ptolemy.moml.MoMLSimpleApplication@55a4e686
reloadAllAccessors: .PublisherPort5LookAlike

===========================================================================================
----------------- testing Thu May 23 04:22:40 UTC 2019 /home/travis/build/icyphy/ptII/ptolemy/actor/lib/test/auto/PublisherPort6.xml
----------------- Instantiating /home/travis/build/icyphy/ptII/ptolemy/actor/lib/test/auto/PublisherPort6.xml
2 ms. Memory: 1554432K Free: 1270721K (82%)
----------------- Invoking toplevel() on ptolemy.moml.MoMLSimpleApplication@734d3999
----------------- Done invoking toplevel() on ptolemy.moml.MoMLSimpleApplication@734d3999
reloadAllAccessors: .PublisherPort6

===========================================================================================
----------------- testing Thu May 23 04:22:40 UTC 2019 /home/travis/build/icyphy/ptII/ptolemy/actor/lib/test/auto/PublisherPort7.xml
----------------- Instantiating /home/travis/build/icyphy/ptII/ptolemy/actor/lib/test/auto/PublisherPort7.xml
3 ms. Memory: 1554432K Free: 1249347K (80%)
----------------- Invoking toplevel() on ptolemy.moml.MoMLSimpleApplication@563833f5
----------------- Done invoking toplevel() on ptolemy.moml.MoMLSimpleApplication@563833f5
reloadAllAccessors: .PublisherPort7

===========================================================================================
----------------- testing Thu May 23 04:22:40 UTC 2019 /home/travis/build/icyphy/ptII/ptolemy/actor/lib/test/auto/PublisherPort8.xml
----------------- Instantiating /home/travis/build/icyphy/ptII/ptolemy/actor/lib/test/auto/PublisherPort8.xml
5 ms. Memory: 1554432K Free: 1234786K (79%)
----------------- Invoking toplevel() on ptolemy.moml.MoMLSimpleApplication@7c4f2853
----------------- Done invoking toplevel() on ptolemy.moml.MoMLSimpleApplication@7c4f2853
reloadAllAccessors: .PublisherPort8

===========================================================================================
----------------- testing Thu May 23 04:22:40 UTC 2019 /home/travis/build/icyphy/ptII/ptolemy/actor/lib/test/auto/PublisherPortSubscriberChannelVariablesAOC2.xml
----------------- Instantiating /home/travis/build/icyphy/ptII/ptolemy/actor/lib/test/auto/PublisherPortSubscriberChannelVariablesAOC2.xml
2 ms. Memory: 1554432K Free: 1205631K (78%)
----------------- Invoking toplevel() on ptolemy.moml.MoMLSimpleApplication@226f28b1
----------------- Done invoking toplevel() on ptolemy.moml.MoMLSimpleApplication@226f28b1
reloadAllAccessors: .PublisherPortSubscriberChannelVariablesAOC2

===========================================================================================
----------------- testing Thu May 23 04:22:40 UTC 2019 /home/travis/build/icyphy/ptII/ptolemy/actor/lib/test/auto/PublisherPortSubscriberOpaqueWidthInference.xml
----------------- Instantiating /home/travis/build/icyphy/ptII/ptolemy/actor/lib/test/auto/PublisherPortSubscriberOpaqueWidthInference.xml
3 ms. Memory: 1554432K Free: 1184257K (76%)
----------------- Invoking toplevel() on ptolemy.moml.MoMLSimpleApplication@4684b88f
----------------- Done invoking toplevel() on ptolemy.moml.MoMLSimpleApplication@4684b88f
reloadAllAccessors: .PublisherPortSubscriberOpaqueWidthInference

===========================================================================================
----------------- testing Thu May 23 04:22:40 UTC 2019 /home/travis/build/icyphy/ptII/ptolemy/actor/lib/test/auto/PublisherPortSubscriberPortAdjacent.xml
----------------- Instantiating /home/travis/build/icyphy/ptII/ptolemy/actor/lib/test/auto/PublisherPortSubscriberPortAdjacent.xml
1 ms. Memory: 1554432K Free: 1169696K (75%)
----------------- Invoking toplevel() on ptolemy.moml.MoMLSimpleApplication@660da59a
----------------- Done invoking toplevel() on ptolemy.moml.MoMLSimpleApplication@660da59a
reloadAllAccessors: .PublisherPortSubscriberPortAdjacent

===========================================================================================
----------------- testing Thu May 23 04:22:40 UTC 2019 /home/travis/build/icyphy/ptII/ptolemy/actor/lib/test/auto/PublisherPortSubscriberPortExpression.xml
----------------- Instantiating /home/travis/build/icyphy/ptII/ptolemy/actor/lib/test/auto/PublisherPortSubscriberPortExpression.xml
3 ms. Memory: 1554432K Free: 1148322K (74%)
----------------- Invoking toplevel() on ptolemy.moml.MoMLSimpleApplication@2350c5a
----------------- Done invoking toplevel() on ptolemy.moml.MoMLSimpleApplication@2350c5a
reloadAllAccessors: .PublisherPortSubscriberPortExpression

===========================================================================================
----------------- testing Thu May 23 04:22:40 UTC 2019 /home/travis/build/icyphy/ptII/ptolemy/actor/lib/test/auto/PublisherPortSubscriberPortOpaqueD3Reverse.xml
----------------- Instantiating /home/travis/build/icyphy/ptII/ptolemy/actor/lib/test/auto/PublisherPortSubscriberPortOpaqueD3Reverse.xml
6 ms. Memory: 1554432K Free: 1133760K (73%)
----------------- Invoking toplevel() on ptolemy.moml.MoMLSimpleApplication@222d2761
----------------- Done invoking toplevel() on ptolemy.moml.MoMLSimpleApplication@222d2761
reloadAllAccessors: .PublisherPortSubscriberPortOpaqueD3Reverse

===========================================================================================
----------------- testing Thu May 23 04:22:40 UTC 2019 /home/travis/build/icyphy/ptII/ptolemy/actor/lib/test/auto/PublisherPortSubscriberPortOpaqueWidthInference.xml
----------------- Instantiating /home/travis/build/icyphy/ptII/ptolemy/actor/lib/test/auto/PublisherPortSubscriberPortOpaqueWidthInference.xml
8 ms. Memory: 1554432K Free: 1119199K (72%)
----------------- Invoking toplevel() on ptolemy.moml.MoMLSimpleApplication@282fd670
----------------- Done invoking toplevel() on ptolemy.moml.MoMLSimpleApplication@282fd670
reloadAllAccessors: .PublisherPortSubscriberPortOpaqueWidthInference

===========================================================================================
----------------- testing Thu May 23 04:22:40 UTC 2019 /home/travis/build/icyphy/ptII/ptolemy/actor/lib/test/auto/PublisherPortToplevelSubscriberPortAOC.xml
----------------- Instantiating /home/travis/build/icyphy/ptII/ptolemy/actor/lib/test/auto/PublisherPortToplevelSubscriberPortAOC.xml
.PublisherPortToplevelSubscriberPortAOC.TestExceptionAttribute: initialize() was not invoked, but wrapup() was.  This is unusual, but not always a problem.  For example, exporting JNLP will do this.
0 ms. Memory: 1554432K Free: 1097825K (71%)
----------------- Invoking toplevel() on ptolemy.moml.MoMLSimpleApplication@71fd377d
----------------- Done invoking toplevel() on ptolemy.moml.MoMLSimpleApplication@71fd377d
reloadAllAccessors: .PublisherPortToplevelSubscriberPortAOC

===========================================================================================
----------------- testing Thu May 23 04:22:40 UTC 2019 /home/travis/build/icyphy/ptII/ptolemy/actor/lib/test/auto/PublisherSubscriber.xml
----------------- Instantiating /home/travis/build/icyphy/ptII/ptolemy/actor/lib/test/auto/PublisherSubscriber.xml
3 ms. Memory: 1554432K Free: 1083264K (70%)
----------------- Invoking toplevel() on ptolemy.moml.MoMLSimpleApplication@4b99d8ff
----------------- Done invoking toplevel() on ptolemy.moml.MoMLSimpleApplication@4b99d8ff
reloadAllAccessors: .PublisherSubscriber

===========================================================================================
----------------- testing Thu May 23 04:22:40 UTC 2019 /home/travis/build/icyphy/ptII/ptolemy/actor/lib/test/auto/PublisherSubscriber10.xml
----------------- Instantiating /home/travis/build/icyphy/ptII/ptolemy/actor/lib/test/auto/PublisherSubscriber10.xml
6 ms. Memory: 1554432K Free: 1068702K (69%)
----------------- Invoking toplevel() on ptolemy.moml.MoMLSimpleApplication@400caff2
----------------- Done invoking toplevel() on ptolemy.moml.MoMLSimpleApplication@400caff2
reloadAllAccessors: .PublisherSubscriber10

===========================================================================================
----------------- testing Thu May 23 04:22:40 UTC 2019 /home/travis/build/icyphy/ptII/ptolemy/actor/lib/test/auto/PublisherSubscriber10InitialOutputs.xml
----------------- Instantiating /home/travis/build/icyphy/ptII/ptolemy/actor/lib/test/auto/PublisherSubscriber10InitialOutputs.xml
16 ms. Memory: 1554432K Free: 1047328K (67%)
----------------- Invoking toplevel() on ptolemy.moml.MoMLSimpleApplication@7b9f9217
----------------- Done invoking toplevel() on ptolemy.moml.MoMLSimpleApplication@7b9f9217
reloadAllAccessors: .PublisherSubscriber10InitialOutputs

===========================================================================================
----------------- testing Thu May 23 04:22:40 UTC 2019 /home/travis/build/icyphy/ptII/ptolemy/actor/lib/test/auto/PublisherSubscriber11.xml
----------------- Instantiating /home/travis/build/icyphy/ptII/ptolemy/actor/lib/test/auto/PublisherSubscriber11.xml
4 ms. Memory: 1554432K Free: 1032767K (66%)
----------------- Invoking toplevel() on ptolemy.moml.MoMLSimpleApplication@51245095
----------------- Done invoking toplevel() on ptolemy.moml.MoMLSimpleApplication@51245095
reloadAllAccessors: .PublisherSubscriber11

===========================================================================================
----------------- testing Thu May 23 04:22:40 UTC 2019 /home/travis/build/icyphy/ptII/ptolemy/actor/lib/test/auto/PublisherSubscriber12.xml
----------------- Instantiating /home/travis/build/icyphy/ptII/ptolemy/actor/lib/test/auto/PublisherSubscriber12.xml
6 ms. Memory: 1554432K Free: 1018206K (66%)
----------------- Invoking toplevel() on ptolemy.moml.MoMLSimpleApplication@639661b1
----------------- Done invoking toplevel() on ptolemy.moml.MoMLSimpleApplication@639661b1
reloadAllAccessors: .PublisherSubscriber12

===========================================================================================
----------------- testing Thu May 23 04:22:40 UTC 2019 /home/travis/build/icyphy/ptII/ptolemy/actor/lib/test/auto/PublisherSubscriber13.xml
----------------- Instantiating /home/travis/build/icyphy/ptII/ptolemy/actor/lib/test/auto/PublisherSubscriber13.xml
2 ms. Memory: 1554432K Free: 996832K (64%)
----------------- Invoking toplevel() on ptolemy.moml.MoMLSimpleApplication@3c5b49ed
----------------- Done invoking toplevel() on ptolemy.moml.MoMLSimpleApplication@3c5b49ed
reloadAllAccessors: .PublisherSubscriber13

===========================================================================================
----------------- testing Thu May 23 04:22:40 UTC 2019 /home/travis/build/icyphy/ptII/ptolemy/actor/lib/test/auto/PublisherSubscriber14.xml
----------------- Instantiating /home/travis/build/icyphy/ptII/ptolemy/actor/lib/test/auto/PublisherSubscriber14.xml
1 ms. Memory: 1554432K Free: 982271K (63%)
----------------- Invoking toplevel() on ptolemy.moml.MoMLSimpleApplication@39cb64f0
----------------- Done invoking toplevel() on ptolemy.moml.MoMLSimpleApplication@39cb64f0
reloadAllAccessors: .PublisherSubscriber14

===========================================================================================
----------------- testing Thu May 23 04:22:40 UTC 2019 /home/travis/build/icyphy/ptII/ptolemy/actor/lib/test/auto/PublisherSubscriber2.xml
----------------- Instantiating /home/travis/build/icyphy/ptII/ptolemy/actor/lib/test/auto/PublisherSubscriber2.xml
3 ms. Memory: 1554432K Free: 960897K (62%)
----------------- Invoking toplevel() on ptolemy.moml.MoMLSimpleApplication@618b3543
----------------- Done invoking toplevel() on ptolemy.moml.MoMLSimpleApplication@618b3543
reloadAllAccessors: .PublisherSubscriber2

===========================================================================================
----------------- testing Thu May 23 04:22:40 UTC 2019 /home/travis/build/icyphy/ptII/ptolemy/actor/lib/test/auto/PublisherSubscriber3.xml
----------------- Instantiating /home/travis/build/icyphy/ptII/ptolemy/actor/lib/test/auto/PublisherSubscriber3.xml
1 ms. Memory: 1554432K Free: 946335K (61%)
----------------- Invoking toplevel() on ptolemy.moml.MoMLSimpleApplication@166b9e83
----------------- Done invoking toplevel() on ptolemy.moml.MoMLSimpleApplication@166b9e83
reloadAllAccessors: .PublisherSubscriber3

===========================================================================================
----------------- testing Thu May 23 04:22:40 UTC 2019 /home/travis/build/icyphy/ptII/ptolemy/actor/lib/test/auto/PublisherSubscriber4.xml
----------------- Instantiating /home/travis/build/icyphy/ptII/ptolemy/actor/lib/test/auto/PublisherSubscriber4.xml
1 ms. Memory: 1554432K Free: 931774K (60%)
----------------- Invoking toplevel() on ptolemy.moml.MoMLSimpleApplication@46240e43
----------------- Done invoking toplevel() on ptolemy.moml.MoMLSimpleApplication@46240e43
reloadAllAccessors: .PublisherSubscriber4

===========================================================================================
----------------- testing Thu May 23 04:22:40 UTC 2019 /home/travis/build/icyphy/ptII/ptolemy/actor/lib/test/auto/PublisherSubscriber5.xml
----------------- Instantiating /home/travis/build/icyphy/ptII/ptolemy/actor/lib/test/auto/PublisherSubscriber5.xml
2 ms. Memory: 1554432K Free: 910400K (59%)
----------------- Invoking toplevel() on ptolemy.moml.MoMLSimpleApplication@3a0392e5
----------------- Done invoking toplevel() on ptolemy.moml.MoMLSimpleApplication@3a0392e5
reloadAllAccessors: .PublisherSubscriber5

===========================================================================================
----------------- testing Thu May 23 04:22:40 UTC 2019 /home/travis/build/icyphy/ptII/ptolemy/actor/lib/test/auto/PublisherSubscriber6.xml
----------------- Instantiating /home/travis/build/icyphy/ptII/ptolemy/actor/lib/test/auto/PublisherSubscriber6.xml
3 ms. Memory: 1554432K Free: 895839K (58%)
----------------- Invoking toplevel() on ptolemy.moml.MoMLSimpleApplication@1462355a
----------------- Done invoking toplevel() on ptolemy.moml.MoMLSimpleApplication@1462355a
reloadAllAccessors: .PublisherSubscriber6

===========================================================================================
----------------- testing Thu May 23 04:22:40 UTC 2019 /home/travis/build/icyphy/ptII/ptolemy/actor/lib/test/auto/PublisherSubscriber7.xml
----------------- Instantiating /home/travis/build/icyphy/ptII/ptolemy/actor/lib/test/auto/PublisherSubscriber7.xml
5 ms. Memory: 1554432K Free: 881277K (57%)
----------------- Invoking toplevel() on ptolemy.moml.MoMLSimpleApplication@194b41d8
----------------- Done invoking toplevel() on ptolemy.moml.MoMLSimpleApplication@194b41d8
reloadAllAccessors: .PublisherSubscriber7

===========================================================================================
----------------- testing Thu May 23 04:22:40 UTC 2019 /home/travis/build/icyphy/ptII/ptolemy/actor/lib/test/auto/PublisherSubscriber8.xml
----------------- Instantiating /home/travis/build/icyphy/ptII/ptolemy/actor/lib/test/auto/PublisherSubscriber8.xml
15 ms. Memory: 1554432K Free: 787096K (51%)
----------------- Invoking toplevel() on ptolemy.moml.MoMLSimpleApplication@3fb5d12b
----------------- Done invoking toplevel() on ptolemy.moml.MoMLSimpleApplication@3fb5d12b
reloadAllAccessors: .PublisherSubscriber8

===========================================================================================
----------------- testing Thu May 23 04:22:40 UTC 2019 /home/travis/build/icyphy/ptII/ptolemy/actor/lib/test/auto/PublisherSubscriber9.xml
----------------- Instantiating /home/travis/build/icyphy/ptII/ptolemy/actor/lib/test/auto/PublisherSubscriber9.xml
2 ms. Memory: 1554432K Free: 772535K (50%)
----------------- Invoking toplevel() on ptolemy.moml.MoMLSimpleApplication@766d62ff
----------------- Done invoking toplevel() on ptolemy.moml.MoMLSimpleApplication@766d62ff
reloadAllAccessors: .PublisherSubscriber9

===========================================================================================
----------------- testing Thu May 23 04:22:40 UTC 2019 /home/travis/build/icyphy/ptII/ptolemy/actor/lib/test/auto/PublisherSubscriberAdjacent.xml
----------------- Instantiating /home/travis/build/icyphy/ptII/ptolemy/actor/lib/test/auto/PublisherSubscriberAdjacent.xml
1 ms. Memory: 1554432K Free: 751161K (48%)
----------------- Invoking toplevel() on ptolemy.moml.MoMLSimpleApplication@22b32e93
----------------- Done invoking toplevel() on ptolemy.moml.MoMLSimpleApplication@22b32e93
reloadAllAccessors: .PublisherSubscriberAdjacent

===========================================================================================
----------------- testing Thu May 23 04:22:40 UTC 2019 /home/travis/build/icyphy/ptII/ptolemy/actor/lib/test/auto/PublisherSubscriberChannelVariablesAOC2.xml
----------------- Instantiating /home/travis/build/icyphy/ptII/ptolemy/actor/lib/test/auto/PublisherSubscriberChannelVariablesAOC2.xml
3 ms. Memory: 1554432K Free: 729303K (47%)
----------------- Invoking toplevel() on ptolemy.moml.MoMLSimpleApplication@552c7b1d
----------------- Done invoking toplevel() on ptolemy.moml.MoMLSimpleApplication@552c7b1d
reloadAllAccessors: .PublisherSubscriberChannelVariablesAOC2

===========================================================================================
----------------- testing Thu May 23 04:22:40 UTC 2019 /home/travis/build/icyphy/ptII/ptolemy/actor/lib/test/auto/PublisherSubscriberD3.xml
----------------- Instantiating /home/travis/build/icyphy/ptII/ptolemy/actor/lib/test/auto/PublisherSubscriberD3.xml
2 ms. Memory: 1554432K Free: 714742K (46%)
----------------- Invoking toplevel() on ptolemy.moml.MoMLSimpleApplication@62eaf86e
----------------- Done invoking toplevel() on ptolemy.moml.MoMLSimpleApplication@62eaf86e
reloadAllAccessors: .PublisherSubscriberD3

===========================================================================================
----------------- testing Thu May 23 04:22:40 UTC 2019 /home/travis/build/icyphy/ptII/ptolemy/actor/lib/test/auto/PublisherSubscriberD3Reverse.xml
----------------- Instantiating /home/travis/build/icyphy/ptII/ptolemy/actor/lib/test/auto/PublisherSubscriberD3Reverse.xml
2 ms. Memory: 1554432K Free: 693367K (45%)
----------------- Invoking toplevel() on ptolemy.moml.MoMLSimpleApplication@dc39557
----------------- Done invoking toplevel() on ptolemy.moml.MoMLSimpleApplication@dc39557
reloadAllAccessors: .PublisherSubscriberD3Reverse

===========================================================================================
----------------- testing Thu May 23 04:22:40 UTC 2019 /home/travis/build/icyphy/ptII/ptolemy/actor/lib/test/auto/PublisherSubscriberExpression.xml
----------------- Instantiating /home/travis/build/icyphy/ptII/ptolemy/actor/lib/test/auto/PublisherSubscriberExpression.xml
3 ms. Memory: 1554432K Free: 678806K (44%)
----------------- Invoking toplevel() on ptolemy.moml.MoMLSimpleApplication@7519b756
----------------- Done invoking toplevel() on ptolemy.moml.MoMLSimpleApplication@7519b756
reloadAllAccessors: .PublisherSubscriberExpression

===========================================================================================
----------------- testing Thu May 23 04:22:40 UTC 2019 /home/travis/build/icyphy/ptII/ptolemy/actor/lib/test/auto/PublisherSubscriberOpaque.xml
----------------- Instantiating /home/travis/build/icyphy/ptII/ptolemy/actor/lib/test/auto/PublisherSubscriberOpaque.xml
2 ms. Memory: 1554432K Free: 664245K (43%)
----------------- Invoking toplevel() on ptolemy.moml.MoMLSimpleApplication@53ddcfd
----------------- Done invoking toplevel() on ptolemy.moml.MoMLSimpleApplication@53ddcfd
reloadAllAccessors: .PublisherSubscriberOpaque

===========================================================================================
----------------- testing Thu May 23 04:22:41 UTC 2019 /home/travis/build/icyphy/ptII/ptolemy/actor/lib/test/auto/PublisherSubscriberOpaqueD3.xml
----------------- Instantiating /home/travis/build/icyphy/ptII/ptolemy/actor/lib/test/auto/PublisherSubscriberOpaqueD3.xml
5 ms. Memory: 1554432K Free: 635582K (41%)
----------------- Invoking toplevel() on ptolemy.moml.MoMLSimpleApplication@62af96e
----------------- Done invoking toplevel() on ptolemy.moml.MoMLSimpleApplication@62af96e
reloadAllAccessors: .PublisherSubscriberOpaqueD3

===========================================================================================
----------------- testing Thu May 23 04:22:41 UTC 2019 /home/travis/build/icyphy/ptII/ptolemy/actor/lib/test/auto/PublisherSubscriberOpaqueD3Reverse.xml
----------------- Instantiating /home/travis/build/icyphy/ptII/ptolemy/actor/lib/test/auto/PublisherSubscriberOpaqueD3Reverse.xml
6 ms. Memory: 1554432K Free: 621021K (40%)
----------------- Invoking toplevel() on ptolemy.moml.MoMLSimpleApplication@62ac1a21
----------------- Done invoking toplevel() on ptolemy.moml.MoMLSimpleApplication@62ac1a21
reloadAllAccessors: .PublisherSubscriberOpaqueD3Reverse

===========================================================================================
----------------- testing Thu May 23 04:22:41 UTC 2019 /home/travis/build/icyphy/ptII/ptolemy/actor/lib/test/auto/PublisherSubscriberOpaqueWidthInference.xml
----------------- Instantiating /home/travis/build/icyphy/ptII/ptolemy/actor/lib/test/auto/PublisherSubscriberOpaqueWidthInference.xml
5 ms. Memory: 1554432K Free: 599647K (39%)
----------------- Invoking toplevel() on ptolemy.moml.MoMLSimpleApplication@7aa93f5
----------------- Done invoking toplevel() on ptolemy.moml.MoMLSimpleApplication@7aa93f5
reloadAllAccessors: .PublisherSubscriberOpaqueWidthInference

===========================================================================================
----------------- testing Thu May 23 04:22:41 UTC 2019 /home/travis/build/icyphy/ptII/ptolemy/actor/lib/test/auto/PublisherTestSubscriber.xml
----------------- Instantiating /home/travis/build/icyphy/ptII/ptolemy/actor/lib/test/auto/PublisherTestSubscriber.xml
3 ms. Memory: 1554432K Free: 585086K (38%)
----------------- Invoking toplevel() on ptolemy.moml.MoMLSimpleApplication@7e1833f3
----------------- Done invoking toplevel() on ptolemy.moml.MoMLSimpleApplication@7e1833f3
reloadAllAccessors: .PublisherTestSubscriber

===========================================================================================
----------------- testing Thu May 23 04:22:41 UTC 2019 /home/travis/build/icyphy/ptII/ptolemy/actor/lib/test/auto/PublisherToplevelSubscriberPortAOC.xml
----------------- Instantiating /home/travis/build/icyphy/ptII/ptolemy/actor/lib/test/auto/PublisherToplevelSubscriberPortAOC.xml
1 ms. Memory: 1554432K Free: 570525K (37%)
----------------- Invoking toplevel() on ptolemy.moml.MoMLSimpleApplication@35c93893
----------------- Done invoking toplevel() on ptolemy.moml.MoMLSimpleApplication@35c93893
reloadAllAccessors: .PublisherToplevelSubscriberPortAOC

===========================================================================================
----------------- testing Thu May 23 04:22:41 UTC 2019 /home/travis/build/icyphy/ptII/ptolemy/actor/lib/test/auto/PulseFiringLimitDE.xml
----------------- Instantiating /home/travis/build/icyphy/ptII/ptolemy/actor/lib/test/auto/PulseFiringLimitDE.xml
4 ms. Memory: 1554432K Free: 549151K (35%)
----------------- Invoking toplevel() on ptolemy.moml.MoMLSimpleApplication@29d5d9ae
----------------- Done invoking toplevel() on ptolemy.moml.MoMLSimpleApplication@29d5d9ae
reloadAllAccessors: .PulseFiringLimitDE

===========================================================================================
----------------- testing Thu May 23 04:22:41 UTC 2019 /home/travis/build/icyphy/ptII/ptolemy/actor/lib/test/auto/Ramp1.xml
----------------- Instantiating /home/travis/build/icyphy/ptII/ptolemy/actor/lib/test/auto/Ramp1.xml
1 ms. Memory: 1554432K Free: 534589K (34%)
----------------- Invoking toplevel() on ptolemy.moml.MoMLSimpleApplication@7ddca2ea
----------------- Done invoking toplevel() on ptolemy.moml.MoMLSimpleApplication@7ddca2ea
reloadAllAccessors: .Ramp1

===========================================================================================
----------------- testing Thu May 23 04:22:41 UTC 2019 /home/travis/build/icyphy/ptII/ptolemy/actor/lib/test/auto/RampFiringLimitDE.xml
----------------- Instantiating /home/travis/build/icyphy/ptII/ptolemy/actor/lib/test/auto/RampFiringLimitDE.xml
2 ms. Memory: 1554432K Free: 520028K (33%)
----------------- Invoking toplevel() on ptolemy.moml.MoMLSimpleApplication@d80249
----------------- Done invoking toplevel() on ptolemy.moml.MoMLSimpleApplication@d80249
reloadAllAccessors: .RampFiringLimitDE

===========================================================================================
----------------- testing Thu May 23 04:22:41 UTC 2019 /home/travis/build/icyphy/ptII/ptolemy/actor/lib/test/auto/RampFiringLimitSDF.xml
----------------- Instantiating /home/travis/build/icyphy/ptII/ptolemy/actor/lib/test/auto/RampFiringLimitSDF.xml
2 ms. Memory: 1554432K Free: 498654K (32%)
----------------- Invoking toplevel() on ptolemy.moml.MoMLSimpleApplication@5cd11820
----------------- Done invoking toplevel() on ptolemy.moml.MoMLSimpleApplication@5cd11820
reloadAllAccessors: .RampFiringLimitSDF

===========================================================================================
----------------- testing Thu May 23 04:22:41 UTC 2019 /home/travis/build/icyphy/ptII/ptolemy/actor/lib/test/auto/RandomInteger.xml
----------------- Instantiating /home/travis/build/icyphy/ptII/ptolemy/actor/lib/test/auto/RandomInteger.xml
2 ms. Memory: 1554432K Free: 484092K (31%)
----------------- Invoking toplevel() on ptolemy.moml.MoMLSimpleApplication@355d6825
----------------- Done invoking toplevel() on ptolemy.moml.MoMLSimpleApplication@355d6825
reloadAllAccessors: .RandomInteger

===========================================================================================
----------------- testing Thu May 23 04:22:41 UTC 2019 /home/travis/build/icyphy/ptII/ptolemy/actor/lib/test/auto/ReadFile1.xml
----------------- Instantiating /home/travis/build/icyphy/ptII/ptolemy/actor/lib/test/auto/ReadFile1.xml
2 ms. Memory: 1554432K Free: 462718K (30%)
----------------- Invoking toplevel() on ptolemy.moml.MoMLSimpleApplication@6ee09d33
----------------- Done invoking toplevel() on ptolemy.moml.MoMLSimpleApplication@6ee09d33
reloadAllAccessors: .ReadFile1

===========================================================================================
----------------- testing Thu May 23 04:22:41 UTC 2019 /home/travis/build/icyphy/ptII/ptolemy/actor/lib/test/auto/ReadFile2.xml
----------------- Instantiating /home/travis/build/icyphy/ptII/ptolemy/actor/lib/test/auto/ReadFile2.xml
1 ms. Memory: 1554432K Free: 448157K (29%)
----------------- Invoking toplevel() on ptolemy.moml.MoMLSimpleApplication@4f0ae326
----------------- Done invoking toplevel() on ptolemy.moml.MoMLSimpleApplication@4f0ae326
reloadAllAccessors: .ReadFile2

===========================================================================================
----------------- testing Thu May 23 04:22:41 UTC 2019 /home/travis/build/icyphy/ptII/ptolemy/actor/lib/test/auto/Reader.xml
----------------- Instantiating /home/travis/build/icyphy/ptII/ptolemy/actor/lib/test/auto/Reader.xml
actor.lib.Reader is obsolete, use actor.lib.io.ExpressionReader instead
2 ms. Memory: 1554432K Free: 433596K (28%)
----------------- Invoking toplevel() on ptolemy.moml.MoMLSimpleApplication@2107bae9
----------------- Done invoking toplevel() on ptolemy.moml.MoMLSimpleApplication@2107bae9
reloadAllAccessors: .Reader

===========================================================================================
----------------- testing Thu May 23 04:22:41 UTC 2019 /home/travis/build/icyphy/ptII/ptolemy/actor/lib/test/auto/RecordAssemblerDisplayNameTest.xml
----------------- Instantiating /home/travis/build/icyphy/ptII/ptolemy/actor/lib/test/auto/RecordAssemblerDisplayNameTest.xml
3022 ms. Memory: 1593344K Free: 673019K (42%)
----------------- Invoking toplevel() on ptolemy.moml.MoMLSimpleApplication@61a4b2b4
----------------- Done invoking toplevel() on ptolemy.moml.MoMLSimpleApplication@61a4b2b4
reloadAllAccessors: .RecordAssemblerDisplayNameTest

===========================================================================================
----------------- testing Thu May 23 04:22:44 UTC 2019 /home/travis/build/icyphy/ptII/ptolemy/actor/lib/test/auto/RecordAssemblerTypeError.xml
----------------- Instantiating /home/travis/build/icyphy/ptII/ptolemy/actor/lib/test/auto/RecordAssemblerTypeError.xml
9 ms. Memory: 1593344K Free: 641507K (40%)
----------------- Invoking toplevel() on ptolemy.moml.MoMLSimpleApplication@22d43029
----------------- Done invoking toplevel() on ptolemy.moml.MoMLSimpleApplication@22d43029
reloadAllAccessors: .RecordAssemblerTypeError

===========================================================================================
----------------- testing Thu May 23 04:22:44 UTC 2019 /home/travis/build/icyphy/ptII/ptolemy/actor/lib/test/auto/RecordDisassember.xml
----------------- Instantiating /home/travis/build/icyphy/ptII/ptolemy/actor/lib/test/auto/RecordDisassember.xml
3 ms. Memory: 1593344K Free: 626730K (39%)
----------------- Invoking toplevel() on ptolemy.moml.MoMLSimpleApplication@31fa1a38
----------------- Done invoking toplevel() on ptolemy.moml.MoMLSimpleApplication@31fa1a38
reloadAllAccessors: .RecordDisassember

===========================================================================================
----------------- testing Thu May 23 04:22:44 UTC 2019 /home/travis/build/icyphy/ptII/ptolemy/actor/lib/test/auto/RecordDisassemberDisplayNameTest.xml
----------------- Instantiating /home/travis/build/icyphy/ptII/ptolemy/actor/lib/test/auto/RecordDisassemberDisplayNameTest.xml
4 ms. Memory: 1593344K Free: 606400K (38%)
----------------- Invoking toplevel() on ptolemy.moml.MoMLSimpleApplication@732c8544
----------------- Done invoking toplevel() on ptolemy.moml.MoMLSimpleApplication@732c8544
reloadAllAccessors: .RecordDisassemberDisplayNameTest

===========================================================================================
----------------- testing Thu May 23 04:22:44 UTC 2019 /home/travis/build/icyphy/ptII/ptolemy/actor/lib/test/auto/RecordDisassembler.xml
----------------- Instantiating /home/travis/build/icyphy/ptII/ptolemy/actor/lib/test/auto/RecordDisassembler.xml
2 ms. Memory: 1593344K Free: 591624K (37%)
----------------- Invoking toplevel() on ptolemy.moml.MoMLSimpleApplication@35ce47e0
----------------- Done invoking toplevel() on ptolemy.moml.MoMLSimpleApplication@35ce47e0
reloadAllAccessors: .RecordDisassembler

===========================================================================================
----------------- testing Thu May 23 04:22:44 UTC 2019 /home/travis/build/icyphy/ptII/ptolemy/actor/lib/test/auto/RecordDisassembler2.xml
----------------- Instantiating /home/travis/build/icyphy/ptII/ptolemy/actor/lib/test/auto/RecordDisassembler2.xml
2 ms. Memory: 1593344K Free: 571294K (36%)
----------------- Invoking toplevel() on ptolemy.moml.MoMLSimpleApplication@15120fa
----------------- Done invoking toplevel() on ptolemy.moml.MoMLSimpleApplication@15120fa
reloadAllAccessors: .RecordDisassembler2

===========================================================================================
----------------- testing Thu May 23 04:22:44 UTC 2019 /home/travis/build/icyphy/ptII/ptolemy/actor/lib/test/auto/RecordUpdater.xml
----------------- Instantiating /home/travis/build/icyphy/ptII/ptolemy/actor/lib/test/auto/RecordUpdater.xml
1 ms. Memory: 1593344K Free: 556518K (35%)
----------------- Invoking toplevel() on ptolemy.moml.MoMLSimpleApplication@26378171
----------------- Done invoking toplevel() on ptolemy.moml.MoMLSimpleApplication@26378171
reloadAllAccessors: .RecordUpdater

===========================================================================================
----------------- testing Thu May 23 04:22:44 UTC 2019 /home/travis/build/icyphy/ptII/ptolemy/actor/lib/test/auto/RecordUpdater2.xml
----------------- Instantiating /home/travis/build/icyphy/ptII/ptolemy/actor/lib/test/auto/RecordUpdater2.xml
1 ms. Memory: 1593344K Free: 536188K (34%)
----------------- Invoking toplevel() on ptolemy.moml.MoMLSimpleApplication@12dc7963
----------------- Done invoking toplevel() on ptolemy.moml.MoMLSimpleApplication@12dc7963
reloadAllAccessors: .RecordUpdater2

===========================================================================================
----------------- testing Thu May 23 04:22:44 UTC 2019 /home/travis/build/icyphy/ptII/ptolemy/actor/lib/test/auto/RecursiveLattice.xml
----------------- Instantiating /home/travis/build/icyphy/ptII/ptolemy/actor/lib/test/auto/RecursiveLattice.xml
2 ms. Memory: 1593344K Free: 521412K (33%)
----------------- Invoking toplevel() on ptolemy.moml.MoMLSimpleApplication@69529bf0
----------------- Done invoking toplevel() on ptolemy.moml.MoMLSimpleApplication@69529bf0
reloadAllAccessors: .RecursiveLattice

===========================================================================================
----------------- testing Thu May 23 04:22:44 UTC 2019 /home/travis/build/icyphy/ptII/ptolemy/actor/lib/test/auto/Router.xml
----------------- Instantiating /home/travis/build/icyphy/ptII/ptolemy/actor/lib/test/auto/Router.xml
3004 ms. Memory: 1593344K Free: 501082K (31%)
----------------- Invoking toplevel() on ptolemy.moml.MoMLSimpleApplication@410a4dff
----------------- Done invoking toplevel() on ptolemy.moml.MoMLSimpleApplication@410a4dff
reloadAllAccessors: .Router

===========================================================================================
----------------- testing Thu May 23 04:22:47 UTC 2019 /home/travis/build/icyphy/ptII/ptolemy/actor/lib/test/auto/Router2.xml
----------------- Instantiating /home/travis/build/icyphy/ptII/ptolemy/actor/lib/test/auto/Router2.xml
3003 ms. Memory: 1593344K Free: 486306K (31%)
----------------- Invoking toplevel() on ptolemy.moml.MoMLSimpleApplication@53577770
----------------- Done invoking toplevel() on ptolemy.moml.MoMLSimpleApplication@53577770
reloadAllAccessors: .Router2

===========================================================================================
----------------- testing Thu May 23 04:22:50 UTC 2019 /home/travis/build/icyphy/ptII/ptolemy/actor/lib/test/auto/RunningMaximum.xml
----------------- Instantiating /home/travis/build/icyphy/ptII/ptolemy/actor/lib/test/auto/RunningMaximum.xml
1 ms. Memory: 1593344K Free: 465976K (29%)
----------------- Invoking toplevel() on ptolemy.moml.MoMLSimpleApplication@28f0c0b3
----------------- Done invoking toplevel() on ptolemy.moml.MoMLSimpleApplication@28f0c0b3
reloadAllAccessors: .RunningMaximum

===========================================================================================
----------------- testing Thu May 23 04:22:50 UTC 2019 /home/travis/build/icyphy/ptII/ptolemy/actor/lib/test/auto/RunningMinimum.xml
----------------- Instantiating /home/travis/build/icyphy/ptII/ptolemy/actor/lib/test/auto/RunningMinimum.xml
2 ms. Memory: 1593344K Free: 451200K (28%)
----------------- Invoking toplevel() on ptolemy.moml.MoMLSimpleApplication@7e2f98d6
----------------- Done invoking toplevel() on ptolemy.moml.MoMLSimpleApplication@7e2f98d6
reloadAllAccessors: .RunningMinimum

===========================================================================================
----------------- testing Thu May 23 04:22:50 UTC 2019 /home/travis/build/icyphy/ptII/ptolemy/actor/lib/test/auto/Scale.xml
----------------- Instantiating /home/travis/build/icyphy/ptII/ptolemy/actor/lib/test/auto/Scale.xml
1 ms. Memory: 1593344K Free: 436424K (27%)
----------------- Invoking toplevel() on ptolemy.moml.MoMLSimpleApplication@4b5ea73e
----------------- Done invoking toplevel() on ptolemy.moml.MoMLSimpleApplication@4b5ea73e
reloadAllAccessors: .Scale

===========================================================================================
----------------- testing Thu May 23 04:22:50 UTC 2019 /home/travis/build/icyphy/ptII/ptolemy/actor/lib/test/auto/Scale2.xml
----------------- Instantiating /home/travis/build/icyphy/ptII/ptolemy/actor/lib/test/auto/Scale2.xml
3 ms. Memory: 1593344K Free: 416094K (26%)
----------------- Invoking toplevel() on ptolemy.moml.MoMLSimpleApplication@320f73d6
----------------- Done invoking toplevel() on ptolemy.moml.MoMLSimpleApplication@320f73d6
reloadAllAccessors: .Scale2

===========================================================================================
----------------- testing Thu May 23 04:22:50 UTC 2019 /home/travis/build/icyphy/ptII/ptolemy/actor/lib/test/auto/Scale3.xml
----------------- Instantiating /home/travis/build/icyphy/ptII/ptolemy/actor/lib/test/auto/Scale3.xml
3 ms. Memory: 1593344K Free: 401318K (25%)
----------------- Invoking toplevel() on ptolemy.moml.MoMLSimpleApplication@15b14fa6
----------------- Done invoking toplevel() on ptolemy.moml.MoMLSimpleApplication@15b14fa6
reloadAllAccessors: .Scale3

===========================================================================================
----------------- testing Thu May 23 04:22:50 UTC 2019 /home/travis/build/icyphy/ptII/ptolemy/actor/lib/test/auto/ScaleArray.xml
----------------- Instantiating /home/travis/build/icyphy/ptII/ptolemy/actor/lib/test/auto/ScaleArray.xml
1 ms. Memory: 1593344K Free: 380988K (24%)
----------------- Invoking toplevel() on ptolemy.moml.MoMLSimpleApplication@49ad02d8
----------------- Done invoking toplevel() on ptolemy.moml.MoMLSimpleApplication@49ad02d8
reloadAllAccessors: .ScaleArray

===========================================================================================
----------------- testing Thu May 23 04:22:50 UTC 2019 /home/travis/build/icyphy/ptII/ptolemy/actor/lib/test/auto/ScaleArray2.xml
----------------- Instantiating /home/travis/build/icyphy/ptII/ptolemy/actor/lib/test/auto/ScaleArray2.xml
1 ms. Memory: 1593344K Free: 366211K (23%)
----------------- Invoking toplevel() on ptolemy.moml.MoMLSimpleApplication@1ee1ecdb
----------------- Done invoking toplevel() on ptolemy.moml.MoMLSimpleApplication@1ee1ecdb
reloadAllAccessors: .ScaleArray2

===========================================================================================
----------------- testing Thu May 23 04:22:50 UTC 2019 /home/travis/build/icyphy/ptII/ptolemy/actor/lib/test/auto/ScaleMatrix.xml
----------------- Instantiating /home/travis/build/icyphy/ptII/ptolemy/actor/lib/test/auto/ScaleMatrix.xml
103 ms. Memory: 1593344K Free: 338493K (21%)
----------------- Invoking toplevel() on ptolemy.moml.MoMLSimpleApplication@32b3e1cc
----------------- Done invoking toplevel() on ptolemy.moml.MoMLSimpleApplication@32b3e1cc
reloadAllAccessors: .ScaleMatrix

===========================================================================================
----------------- testing Thu May 23 04:22:50 UTC 2019 /home/travis/build/icyphy/ptII/ptolemy/actor/lib/test/auto/Select.xml
----------------- Instantiating /home/travis/build/icyphy/ptII/ptolemy/actor/lib/test/auto/Select.xml
2 ms. Memory: 1593344K Free: 323717K (20%)
----------------- Invoking toplevel() on ptolemy.moml.MoMLSimpleApplication@73bae105
----------------- Done invoking toplevel() on ptolemy.moml.MoMLSimpleApplication@73bae105
reloadAllAccessors: .Select

===========================================================================================
----------------- testing Thu May 23 04:22:50 UTC 2019 /home/travis/build/icyphy/ptII/ptolemy/actor/lib/test/auto/Select2.xml
----------------- Instantiating /home/travis/build/icyphy/ptII/ptolemy/actor/lib/test/auto/Select2.xml
1 ms. Memory: 1593344K Free: 303387K (19%)
----------------- Invoking toplevel() on ptolemy.moml.MoMLSimpleApplication@3b1e1c5e
----------------- Done invoking toplevel() on ptolemy.moml.MoMLSimpleApplication@3b1e1c5e
reloadAllAccessors: .Select2

===========================================================================================
----------------- testing Thu May 23 04:22:50 UTC 2019 /home/travis/build/icyphy/ptII/ptolemy/actor/lib/test/auto/SequenceToArray2.xml
----------------- Instantiating /home/travis/build/icyphy/ptII/ptolemy/actor/lib/test/auto/SequenceToArray2.xml
75 ms. Memory: 1593344K Free: 214713K (13%)
----------------- Invoking toplevel() on ptolemy.moml.MoMLSimpleApplication@1855016
----------------- Done invoking toplevel() on ptolemy.moml.MoMLSimpleApplication@1855016
reloadAllAccessors: .SequenceToArray2

===========================================================================================
----------------- testing Thu May 23 04:22:50 UTC 2019 /home/travis/build/icyphy/ptII/ptolemy/actor/lib/test/auto/SequentialClock.xml
----------------- Instantiating /home/travis/build/icyphy/ptII/ptolemy/actor/lib/test/auto/SequentialClock.xml
2 ms. Memory: 1593344K Free: 194383K (12%)
----------------- Invoking toplevel() on ptolemy.moml.MoMLSimpleApplication@175a677b
----------------- Done invoking toplevel() on ptolemy.moml.MoMLSimpleApplication@175a677b
reloadAllAccessors: .SequentialClock

===========================================================================================
----------------- testing Thu May 23 04:22:50 UTC 2019 /home/travis/build/icyphy/ptII/ptolemy/actor/lib/test/auto/SetVariable.xml
----------------- Instantiating /home/travis/build/icyphy/ptII/ptolemy/actor/lib/test/auto/SetVariable.xml
2 ms. Memory: 1593344K Free: 179607K (11%)
----------------- Invoking toplevel() on ptolemy.moml.MoMLSimpleApplication@1e0a9b4c
----------------- Done invoking toplevel() on ptolemy.moml.MoMLSimpleApplication@1e0a9b4c
reloadAllAccessors: .SetVariable

===========================================================================================
----------------- testing Thu May 23 04:22:50 UTC 2019 /home/travis/build/icyphy/ptII/ptolemy/actor/lib/test/auto/SetVariable2.xml
----------------- Instantiating /home/travis/build/icyphy/ptII/ptolemy/actor/lib/test/auto/SetVariable2.xml
2 ms. Memory: 1593344K Free: 164831K (10%)
----------------- Invoking toplevel() on ptolemy.moml.MoMLSimpleApplication@60ae5c4
----------------- Done invoking toplevel() on ptolemy.moml.MoMLSimpleApplication@60ae5c4
reloadAllAccessors: .SetVariable2

===========================================================================================
----------------- testing Thu May 23 04:22:50 UTC 2019 /home/travis/build/icyphy/ptII/ptolemy/actor/lib/test/auto/SetVariable3.xml
----------------- Instantiating /home/travis/build/icyphy/ptII/ptolemy/actor/lib/test/auto/SetVariable3.xml
3 ms. Memory: 1593344K Free: 144501K (9%)
----------------- Invoking toplevel() on ptolemy.moml.MoMLSimpleApplication@5176ed56
----------------- Done invoking toplevel() on ptolemy.moml.MoMLSimpleApplication@5176ed56
reloadAllAccessors: .SetVariable3

===========================================================================================
----------------- testing Thu May 23 04:22:50 UTC 2019 /home/travis/build/icyphy/ptII/ptolemy/actor/lib/test/auto/SetVariable4.xml
----------------- Instantiating /home/travis/build/icyphy/ptII/ptolemy/actor/lib/test/auto/SetVariable4.xml
14 ms. Memory: 1593344K Free: 78008K (5%)
----------------- Invoking toplevel() on ptolemy.moml.MoMLSimpleApplication@c4a1848
----------------- Done invoking toplevel() on ptolemy.moml.MoMLSimpleApplication@c4a1848
reloadAllAccessors: .SetVariable4

===========================================================================================
----------------- testing Thu May 23 04:22:50 UTC 2019 /home/travis/build/icyphy/ptII/ptolemy/actor/lib/test/auto/SetVariable5.xml
----------------- Instantiating /home/travis/build/icyphy/ptII/ptolemy/actor/lib/test/auto/SetVariable5.xml
14 ms. Memory: 1752064K Free: 1685825K (96%)
----------------- Invoking toplevel() on ptolemy.moml.MoMLSimpleApplication@3ad9136e
----------------- Done invoking toplevel() on ptolemy.moml.MoMLSimpleApplication@3ad9136e
reloadAllAccessors: .SetVariable5

===========================================================================================
----------------- testing Thu May 23 04:22:51 UTC 2019 /home/travis/build/icyphy/ptII/ptolemy/actor/lib/test/auto/Sinewave.xml
----------------- Instantiating /home/travis/build/icyphy/ptII/ptolemy/actor/lib/test/auto/Sinewave.xml
7 ms. Memory: 1752064K Free: 1663788K (95%)
----------------- Invoking toplevel() on ptolemy.moml.MoMLSimpleApplication@2947538a
----------------- Done invoking toplevel() on ptolemy.moml.MoMLSimpleApplication@2947538a
reloadAllAccessors: .Sinewave

===========================================================================================
----------------- testing Thu May 23 04:22:51 UTC 2019 /home/travis/build/icyphy/ptII/ptolemy/actor/lib/test/auto/Sinewave2.xml
----------------- Instantiating /home/travis/build/icyphy/ptII/ptolemy/actor/lib/test/auto/Sinewave2.xml
4 ms. Memory: 1752064K Free: 1637125K (93%)
----------------- Invoking toplevel() on ptolemy.moml.MoMLSimpleApplication@6aabeaf6
----------------- Done invoking toplevel() on ptolemy.moml.MoMLSimpleApplication@6aabeaf6
reloadAllAccessors: .Sinewave2

===========================================================================================
----------------- testing Thu May 23 04:22:51 UTC 2019 /home/travis/build/icyphy/ptII/ptolemy/actor/lib/test/auto/Sinewave3.xml
----------------- Instantiating /home/travis/build/icyphy/ptII/ptolemy/actor/lib/test/auto/Sinewave3.xml
4 ms. Memory: 1752064K Free: 1615088K (92%)
----------------- Invoking toplevel() on ptolemy.moml.MoMLSimpleApplication@748fc62b
----------------- Done invoking toplevel() on ptolemy.moml.MoMLSimpleApplication@748fc62b
reloadAllAccessors: .Sinewave3

===========================================================================================
----------------- testing Thu May 23 04:22:51 UTC 2019 /home/travis/build/icyphy/ptII/ptolemy/actor/lib/test/auto/SingleEvent.xml
----------------- Instantiating /home/travis/build/icyphy/ptII/ptolemy/actor/lib/test/auto/SingleEvent.xml
1 ms. Memory: 1752064K Free: 1588425K (91%)
----------------- Invoking toplevel() on ptolemy.moml.MoMLSimpleApplication@470c8bfc
----------------- Done invoking toplevel() on ptolemy.moml.MoMLSimpleApplication@470c8bfc
reloadAllAccessors: .SingleEvent

===========================================================================================
----------------- testing Thu May 23 04:22:51 UTC 2019 /home/travis/build/icyphy/ptII/ptolemy/actor/lib/test/auto/Sleep.xml
----------------- Instantiating /home/travis/build/icyphy/ptII/ptolemy/actor/lib/test/auto/Sleep.xml
6003 ms. Memory: 1752064K Free: 1566389K (89%)
----------------- Invoking toplevel() on ptolemy.moml.MoMLSimpleApplication@77a4fd6d
----------------- Done invoking toplevel() on ptolemy.moml.MoMLSimpleApplication@77a4fd6d
reloadAllAccessors: .Sleep

===========================================================================================
----------------- testing Thu May 23 04:22:57 UTC 2019 /home/travis/build/icyphy/ptII/ptolemy/actor/lib/test/auto/SleepMultipleFire.xml
----------------- Instantiating /home/travis/build/icyphy/ptII/ptolemy/actor/lib/test/auto/SleepMultipleFire.xml
1006 ms. Memory: 1752064K Free: 1539725K (88%)
----------------- Invoking toplevel() on ptolemy.moml.MoMLSimpleApplication@4136201a
----------------- Done invoking toplevel() on ptolemy.moml.MoMLSimpleApplication@4136201a
reloadAllAccessors: .SleepMultipleFire

===========================================================================================
----------------- testing Thu May 23 04:22:58 UTC 2019 /home/travis/build/icyphy/ptII/ptolemy/actor/lib/test/auto/StopDE.xml
----------------- Instantiating /home/travis/build/icyphy/ptII/ptolemy/actor/lib/test/auto/StopDE.xml
6 ms. Memory: 1752064K Free: 1517689K (87%)
----------------- Invoking toplevel() on ptolemy.moml.MoMLSimpleApplication@5f1047f8
----------------- Done invoking toplevel() on ptolemy.moml.MoMLSimpleApplication@5f1047f8
reloadAllAccessors: .StopDE

===========================================================================================
----------------- testing Thu May 23 04:22:58 UTC 2019 /home/travis/build/icyphy/ptII/ptolemy/actor/lib/test/auto/StopSDF.xml
----------------- Instantiating /home/travis/build/icyphy/ptII/ptolemy/actor/lib/test/auto/StopSDF.xml
5 ms. Memory: 1752064K Free: 1491026K (85%)
----------------- Invoking toplevel() on ptolemy.moml.MoMLSimpleApplication@1f790f3b
----------------- Done invoking toplevel() on ptolemy.moml.MoMLSimpleApplication@1f790f3b
reloadAllAccessors: .StopSDF

===========================================================================================
----------------- testing Thu May 23 04:22:58 UTC 2019 /home/travis/build/icyphy/ptII/ptolemy/actor/lib/test/auto/StringConstant.xml
----------------- Instantiating /home/travis/build/icyphy/ptII/ptolemy/actor/lib/test/auto/StringConstant.xml
7 ms. Memory: 1752064K Free: 1464362K (84%)
----------------- Invoking toplevel() on ptolemy.moml.MoMLSimpleApplication@3e57240
----------------- Done invoking toplevel() on ptolemy.moml.MoMLSimpleApplication@3e57240
reloadAllAccessors: .StringConstant

===========================================================================================
----------------- testing Thu May 23 04:22:58 UTC 2019 /home/travis/build/icyphy/ptII/ptolemy/actor/lib/test/auto/SubscriberPortInitialValues1.xml
----------------- Instantiating /home/travis/build/icyphy/ptII/ptolemy/actor/lib/test/auto/SubscriberPortInitialValues1.xml
10 ms. Memory: 1752064K Free: 1442326K (82%)
----------------- Invoking toplevel() on ptolemy.moml.MoMLSimpleApplication@535743e0
----------------- Done invoking toplevel() on ptolemy.moml.MoMLSimpleApplication@535743e0
reloadAllAccessors: .SubscriberPortInitialValues1

===========================================================================================
----------------- testing Thu May 23 04:22:58 UTC 2019 /home/travis/build/icyphy/ptII/ptolemy/actor/lib/test/auto/SubscriberPortInitialValues13.xml
----------------- Instantiating /home/travis/build/icyphy/ptII/ptolemy/actor/lib/test/auto/SubscriberPortInitialValues13.xml
6 ms. Memory: 1752064K Free: 1415662K (81%)
----------------- Invoking toplevel() on ptolemy.moml.MoMLSimpleApplication@7a44bd37
----------------- Done invoking toplevel() on ptolemy.moml.MoMLSimpleApplication@7a44bd37
reloadAllAccessors: .SubscriberPortInitialValues13

===========================================================================================
----------------- testing Thu May 23 04:22:58 UTC 2019 /home/travis/build/icyphy/ptII/ptolemy/actor/lib/test/auto/SubscriberPortInitialValues14.xml
----------------- Instantiating /home/travis/build/icyphy/ptII/ptolemy/actor/lib/test/auto/SubscriberPortInitialValues14.xml
5 ms. Memory: 1752064K Free: 1393626K (80%)
----------------- Invoking toplevel() on ptolemy.moml.MoMLSimpleApplication@2c33392
----------------- Done invoking toplevel() on ptolemy.moml.MoMLSimpleApplication@2c33392
reloadAllAccessors: .SubscriberPortInitialValues14

===========================================================================================
----------------- testing Thu May 23 04:22:58 UTC 2019 /home/travis/build/icyphy/ptII/ptolemy/actor/lib/test/auto/SubscriberPortInitialValues2.xml
----------------- Instantiating /home/travis/build/icyphy/ptII/ptolemy/actor/lib/test/auto/SubscriberPortInitialValues2.xml
3 ms. Memory: 1752064K Free: 1366963K (78%)
----------------- Invoking toplevel() on ptolemy.moml.MoMLSimpleApplication@4b198c2a
----------------- Done invoking toplevel() on ptolemy.moml.MoMLSimpleApplication@4b198c2a
reloadAllAccessors: .SubscriberPortInitialValues2

===========================================================================================
----------------- testing Thu May 23 04:22:58 UTC 2019 /home/travis/build/icyphy/ptII/ptolemy/actor/lib/test/auto/SubscriberPortInitialValues3.xml
----------------- Instantiating /home/travis/build/icyphy/ptII/ptolemy/actor/lib/test/auto/SubscriberPortInitialValues3.xml
4 ms. Memory: 1752064K Free: 1344926K (77%)
----------------- Invoking toplevel() on ptolemy.moml.MoMLSimpleApplication@74cad580
----------------- Done invoking toplevel() on ptolemy.moml.MoMLSimpleApplication@74cad580
reloadAllAccessors: .SubscriberPortInitialValues3

===========================================================================================
----------------- testing Thu May 23 04:22:58 UTC 2019 /home/travis/build/icyphy/ptII/ptolemy/actor/lib/test/auto/SubscriptionAggregator.xml
----------------- Instantiating /home/travis/build/icyphy/ptII/ptolemy/actor/lib/test/auto/SubscriptionAggregator.xml
3 ms. Memory: 1752064K Free: 1318263K (75%)
----------------- Invoking toplevel() on ptolemy.moml.MoMLSimpleApplication@4074c68c
----------------- Done invoking toplevel() on ptolemy.moml.MoMLSimpleApplication@4074c68c
reloadAllAccessors: .SubscriptionAggregator

===========================================================================================
----------------- testing Thu May 23 04:22:58 UTC 2019 /home/travis/build/icyphy/ptII/ptolemy/actor/lib/test/auto/SubscriptionAggregator2.xml
----------------- Instantiating /home/travis/build/icyphy/ptII/ptolemy/actor/lib/test/auto/SubscriptionAggregator2.xml
3 ms. Memory: 1752064K Free: 1296227K (74%)
----------------- Invoking toplevel() on ptolemy.moml.MoMLSimpleApplication@31851a77
----------------- Done invoking toplevel() on ptolemy.moml.MoMLSimpleApplication@31851a77
reloadAllAccessors: .SubscriptionAggregator2

===========================================================================================
----------------- testing Thu May 23 04:22:58 UTC 2019 /home/travis/build/icyphy/ptII/ptolemy/actor/lib/test/auto/SubscriptionAggregator3.xml
----------------- Instantiating /home/travis/build/icyphy/ptII/ptolemy/actor/lib/test/auto/SubscriptionAggregator3.xml
4 ms. Memory: 1752064K Free: 1269563K (72%)
----------------- Invoking toplevel() on ptolemy.moml.MoMLSimpleApplication@678a6e32
----------------- Done invoking toplevel() on ptolemy.moml.MoMLSimpleApplication@678a6e32
reloadAllAccessors: .SubscriptionAggregator3

===========================================================================================
----------------- testing Thu May 23 04:22:58 UTC 2019 /home/travis/build/icyphy/ptII/ptolemy/actor/lib/test/auto/SubscriptionAggregatorMultiply.xml
----------------- Instantiating /home/travis/build/icyphy/ptII/ptolemy/actor/lib/test/auto/SubscriptionAggregatorMultiply.xml
3 ms. Memory: 1752064K Free: 1242900K (71%)
----------------- Invoking toplevel() on ptolemy.moml.MoMLSimpleApplication@3ff12edb
----------------- Done invoking toplevel() on ptolemy.moml.MoMLSimpleApplication@3ff12edb
reloadAllAccessors: .SubscriptionAggregatorMultiply

===========================================================================================
----------------- testing Thu May 23 04:22:58 UTC 2019 /home/travis/build/icyphy/ptII/ptolemy/actor/lib/test/auto/SubscriptionAggregatorPortMultiply1.xml
----------------- Instantiating /home/travis/build/icyphy/ptII/ptolemy/actor/lib/test/auto/SubscriptionAggregatorPortMultiply1.xml
3 ms. Memory: 1752064K Free: 1220864K (70%)
----------------- Invoking toplevel() on ptolemy.moml.MoMLSimpleApplication@5c37a0c9
----------------- Done invoking toplevel() on ptolemy.moml.MoMLSimpleApplication@5c37a0c9
reloadAllAccessors: .SubscriptionAggregatorPortMultiply1

===========================================================================================
----------------- testing Thu May 23 04:22:58 UTC 2019 /home/travis/build/icyphy/ptII/ptolemy/actor/lib/test/auto/Switch.xml
----------------- Instantiating /home/travis/build/icyphy/ptII/ptolemy/actor/lib/test/auto/Switch.xml
4 ms. Memory: 1752064K Free: 1128091K (64%)
----------------- Invoking toplevel() on ptolemy.moml.MoMLSimpleApplication@560642d3
----------------- Done invoking toplevel() on ptolemy.moml.MoMLSimpleApplication@560642d3
reloadAllAccessors: .Switch

===========================================================================================
----------------- testing Thu May 23 04:22:58 UTC 2019 /home/travis/build/icyphy/ptII/ptolemy/actor/lib/test/auto/Switch2.xml
----------------- Instantiating /home/travis/build/icyphy/ptII/ptolemy/actor/lib/test/auto/Switch2.xml
1 ms. Memory: 1752064K Free: 1106055K (63%)
----------------- Invoking toplevel() on ptolemy.moml.MoMLSimpleApplication@290480cf
----------------- Done invoking toplevel() on ptolemy.moml.MoMLSimpleApplication@290480cf
reloadAllAccessors: .Switch2

===========================================================================================
----------------- testing Thu May 23 04:22:58 UTC 2019 /home/travis/build/icyphy/ptII/ptolemy/actor/lib/test/auto/SwitchDE.xml
----------------- Instantiating /home/travis/build/icyphy/ptII/ptolemy/actor/lib/test/auto/SwitchDE.xml
2 ms. Memory: 1752064K Free: 1079391K (62%)
----------------- Invoking toplevel() on ptolemy.moml.MoMLSimpleApplication@50bc70a3
----------------- Done invoking toplevel() on ptolemy.moml.MoMLSimpleApplication@50bc70a3
reloadAllAccessors: .SwitchDE

===========================================================================================
----------------- testing Thu May 23 04:22:58 UTC 2019 /home/travis/build/icyphy/ptII/ptolemy/actor/lib/test/auto/SynchronizerDE.xml
----------------- Instantiating /home/travis/build/icyphy/ptII/ptolemy/actor/lib/test/auto/SynchronizerDE.xml
4 ms. Memory: 1752064K Free: 1057355K (60%)
----------------- Invoking toplevel() on ptolemy.moml.MoMLSimpleApplication@75d22633
----------------- Done invoking toplevel() on ptolemy.moml.MoMLSimpleApplication@75d22633
reloadAllAccessors: .SynchronizerDE

===========================================================================================
----------------- testing Thu May 23 04:22:58 UTC 2019 /home/travis/build/icyphy/ptII/ptolemy/actor/lib/test/auto/Test.xml
----------------- Instantiating /home/travis/build/icyphy/ptII/ptolemy/actor/lib/test/auto/Test.xml
6 ms. Memory: 1752064K Free: 1030692K (59%)
----------------- Invoking toplevel() on ptolemy.moml.MoMLSimpleApplication@31da6987
----------------- Done invoking toplevel() on ptolemy.moml.MoMLSimpleApplication@31da6987
reloadAllAccessors: .Test

===========================================================================================
----------------- testing Thu May 23 04:22:58 UTC 2019 /home/travis/build/icyphy/ptII/ptolemy/actor/lib/test/auto/TestExceptionAttribute1.xml
----------------- Instantiating /home/travis/build/icyphy/ptII/ptolemy/actor/lib/test/auto/TestExceptionAttribute1.xml
1 ms. Memory: 1752064K Free: 1008655K (58%)
----------------- Invoking toplevel() on ptolemy.moml.MoMLSimpleApplication@134a9325
----------------- Done invoking toplevel() on ptolemy.moml.MoMLSimpleApplication@134a9325
reloadAllAccessors: .TestExceptionAttribute1

===========================================================================================
----------------- testing Thu May 23 04:22:58 UTC 2019 /home/travis/build/icyphy/ptII/ptolemy/actor/lib/test/auto/TestExceptionAttribute2.xml
----------------- Instantiating /home/travis/build/icyphy/ptII/ptolemy/actor/lib/test/auto/TestExceptionAttribute2.xml
1 ms. Memory: 1752064K Free: 981992K (56%)
----------------- Invoking toplevel() on ptolemy.moml.MoMLSimpleApplication@bf92f39
----------------- Done invoking toplevel() on ptolemy.moml.MoMLSimpleApplication@bf92f39
reloadAllAccessors: .TestExceptionAttribute2

===========================================================================================
----------------- testing Thu May 23 04:22:58 UTC 2019 /home/travis/build/icyphy/ptII/ptolemy/actor/lib/test/auto/TestExceptionAttribute3.xml
----------------- Instantiating /home/travis/build/icyphy/ptII/ptolemy/actor/lib/test/auto/TestExceptionAttribute3.xml
.TestExceptionAttribute3.TestExceptionAttribute: initialize() was not invoked, but wrapup() was.  This is unusual, but not always a problem.  For example, exporting JNLP will do this.
1 ms. Memory: 1752064K Free: 955329K (55%)
----------------- Invoking toplevel() on ptolemy.moml.MoMLSimpleApplication@7ac6f374
----------------- Done invoking toplevel() on ptolemy.moml.MoMLSimpleApplication@7ac6f374
reloadAllAccessors: .TestExceptionAttribute3

===========================================================================================
----------------- testing Thu May 23 04:22:58 UTC 2019 /home/travis/build/icyphy/ptII/ptolemy/actor/lib/test/auto/TestExceptionAttribute4.xml
----------------- Instantiating /home/travis/build/icyphy/ptII/ptolemy/actor/lib/test/auto/TestExceptionAttribute4.xml
.TestExceptionAttribute4.TestExceptionAttribute: initialize() was not invoked, but wrapup() was.  This is unusual, but not always a problem.  For example, exporting JNLP will do this.
.TestExceptionAttribute4.TestExceptionAttribute2: initialize() was not invoked, but wrapup() was.  This is unusual, but not always a problem.  For example, exporting JNLP will do this.
3 ms. Memory: 1752064K Free: 933292K (53%)
----------------- Invoking toplevel() on ptolemy.moml.MoMLSimpleApplication@cb5a981
----------------- Done invoking toplevel() on ptolemy.moml.MoMLSimpleApplication@cb5a981
reloadAllAccessors: .TestExceptionAttribute4

===========================================================================================
----------------- testing Thu May 23 04:22:58 UTC 2019 /home/travis/build/icyphy/ptII/ptolemy/actor/lib/test/auto/TestExceptionHandler1.xml
----------------- Instantiating /home/travis/build/icyphy/ptII/ptolemy/actor/lib/test/auto/TestExceptionHandler1.xml
0 ms. Memory: 1752064K Free: 906629K (52%)
----------------- Invoking toplevel() on ptolemy.moml.MoMLSimpleApplication@34fbe857
----------------- Done invoking toplevel() on ptolemy.moml.MoMLSimpleApplication@34fbe857
reloadAllAccessors: .TestExceptionHandler1

===========================================================================================
----------------- testing Thu May 23 04:22:58 UTC 2019 /home/travis/build/icyphy/ptII/ptolemy/actor/lib/test/auto/TestExceptionHandler2.xml
----------------- Instantiating /home/travis/build/icyphy/ptII/ptolemy/actor/lib/test/auto/TestExceptionHandler2.xml
1 ms. Memory: 1752064K Free: 884592K (50%)
----------------- Invoking toplevel() on ptolemy.moml.MoMLSimpleApplication@24ea2175
----------------- Done invoking toplevel() on ptolemy.moml.MoMLSimpleApplication@24ea2175
reloadAllAccessors: .TestExceptionHandler2

===========================================================================================
----------------- testing Thu May 23 04:22:58 UTC 2019 /home/travis/build/icyphy/ptII/ptolemy/actor/lib/test/auto/TestExceptionHandler3.xml
----------------- Instantiating /home/travis/build/icyphy/ptII/ptolemy/actor/lib/test/auto/TestExceptionHandler3.xml
1 ms. Memory: 1752064K Free: 857929K (49%)
----------------- Invoking toplevel() on ptolemy.moml.MoMLSimpleApplication@6f18b02c
----------------- Done invoking toplevel() on ptolemy.moml.MoMLSimpleApplication@6f18b02c
reloadAllAccessors: .TestExceptionHandler3

===========================================================================================
----------------- testing Thu May 23 04:22:58 UTC 2019 /home/travis/build/icyphy/ptII/ptolemy/actor/lib/test/auto/TestExceptionHandler4.xml
----------------- Instantiating /home/travis/build/icyphy/ptII/ptolemy/actor/lib/test/auto/TestExceptionHandler4.xml
1 ms. Memory: 1752064K Free: 835892K (48%)
----------------- Invoking toplevel() on ptolemy.moml.MoMLSimpleApplication@5d8890f6
----------------- Done invoking toplevel() on ptolemy.moml.MoMLSimpleApplication@5d8890f6
reloadAllAccessors: .TestExceptionHandler4

===========================================================================================
----------------- testing Thu May 23 04:22:58 UTC 2019 /home/travis/build/icyphy/ptII/ptolemy/actor/lib/test/auto/TestRequireCorrectOrder.xml
----------------- Instantiating /home/travis/build/icyphy/ptII/ptolemy/actor/lib/test/auto/TestRequireCorrectOrder.xml
4 ms. Memory: 1752064K Free: 809229K (46%)
----------------- Invoking toplevel() on ptolemy.moml.MoMLSimpleApplication@4d3cd9eb
----------------- Done invoking toplevel() on ptolemy.moml.MoMLSimpleApplication@4d3cd9eb
reloadAllAccessors: .TestRequireCorrectOrder

===========================================================================================
----------------- testing Thu May 23 04:22:58 UTC 2019 /home/travis/build/icyphy/ptII/ptolemy/actor/lib/test/auto/TestSimple.xml
----------------- Instantiating /home/travis/build/icyphy/ptII/ptolemy/actor/lib/test/auto/TestSimple.xml
1 ms. Memory: 1752064K Free: 782566K (45%)
----------------- Invoking toplevel() on ptolemy.moml.MoMLSimpleApplication@3fcf36f8
----------------- Done invoking toplevel() on ptolemy.moml.MoMLSimpleApplication@3fcf36f8
reloadAllAccessors: .TestSimple

===========================================================================================
----------------- testing Thu May 23 04:22:58 UTC 2019 /home/travis/build/icyphy/ptII/ptolemy/actor/lib/test/auto/ThrowModelError.xml
----------------- Instantiating /home/travis/build/icyphy/ptII/ptolemy/actor/lib/test/auto/ThrowModelError.xml
1 ms. Memory: 1752064K Free: 760529K (43%)
----------------- Invoking toplevel() on ptolemy.moml.MoMLSimpleApplication@33ea6c83
----------------- Done invoking toplevel() on ptolemy.moml.MoMLSimpleApplication@33ea6c83
reloadAllAccessors: .ThrowModelError

===========================================================================================
----------------- testing Thu May 23 04:22:58 UTC 2019 /home/travis/build/icyphy/ptII/ptolemy/actor/lib/test/auto/TimeDelayMicrosteps.xml
----------------- Instantiating /home/travis/build/icyphy/ptII/ptolemy/actor/lib/test/auto/TimeDelayMicrosteps.xml
3 ms. Memory: 1752064K Free: 733866K (42%)
----------------- Invoking toplevel() on ptolemy.moml.MoMLSimpleApplication@209368d7
----------------- Done invoking toplevel() on ptolemy.moml.MoMLSimpleApplication@209368d7
reloadAllAccessors: .TimeDelayMicrosteps

===========================================================================================
----------------- testing Thu May 23 04:22:58 UTC 2019 /home/travis/build/icyphy/ptII/ptolemy/actor/lib/test/auto/TimeDelayMicrosteps2.xml
----------------- Instantiating /home/travis/build/icyphy/ptII/ptolemy/actor/lib/test/auto/TimeDelayMicrosteps2.xml
3 ms. Memory: 1752064K Free: 711829K (41%)
----------------- Invoking toplevel() on ptolemy.moml.MoMLSimpleApplication@3e892381
----------------- Done invoking toplevel() on ptolemy.moml.MoMLSimpleApplication@3e892381
reloadAllAccessors: .TimeDelayMicrosteps2

===========================================================================================
----------------- testing Thu May 23 04:22:58 UTC 2019 /home/travis/build/icyphy/ptII/ptolemy/actor/lib/test/auto/TimeDelayMicrosteps3.xml
----------------- Instantiating /home/travis/build/icyphy/ptII/ptolemy/actor/lib/test/auto/TimeDelayMicrosteps3.xml
3 ms. Memory: 1752064K Free: 685166K (39%)
----------------- Invoking toplevel() on ptolemy.moml.MoMLSimpleApplication@30fb5b67
----------------- Done invoking toplevel() on ptolemy.moml.MoMLSimpleApplication@30fb5b67
reloadAllAccessors: .TimeDelayMicrosteps3

===========================================================================================
----------------- testing Thu May 23 04:22:58 UTC 2019 /home/travis/build/icyphy/ptII/ptolemy/actor/lib/test/auto/TimeDelayVariableMicrosteps.xml
----------------- Instantiating /home/travis/build/icyphy/ptII/ptolemy/actor/lib/test/auto/TimeDelayVariableMicrosteps.xml
2 ms. Memory: 1752064K Free: 663130K (38%)
----------------- Invoking toplevel() on ptolemy.moml.MoMLSimpleApplication@37ceba07
----------------- Done invoking toplevel() on ptolemy.moml.MoMLSimpleApplication@37ceba07
reloadAllAccessors: .TimeDelayVariableMicrosteps

===========================================================================================
----------------- testing Thu May 23 04:22:58 UTC 2019 /home/travis/build/icyphy/ptII/ptolemy/actor/lib/test/auto/TimeGap.xml
----------------- Instantiating /home/travis/build/icyphy/ptII/ptolemy/actor/lib/test/auto/TimeGap.xml
2 ms. Memory: 1752064K Free: 636467K (36%)
----------------- Invoking toplevel() on ptolemy.moml.MoMLSimpleApplication@51bf1ba8
----------------- Done invoking toplevel() on ptolemy.moml.MoMLSimpleApplication@51bf1ba8
reloadAllAccessors: .TimeGap

===========================================================================================
----------------- testing Thu May 23 04:22:58 UTC 2019 /home/travis/build/icyphy/ptII/ptolemy/actor/lib/test/auto/TimeGap2.xml
----------------- Instantiating /home/travis/build/icyphy/ptII/ptolemy/actor/lib/test/auto/TimeGap2.xml
2 ms. Memory: 1752064K Free: 614430K (35%)
----------------- Invoking toplevel() on ptolemy.moml.MoMLSimpleApplication@581bdb16
----------------- Done invoking toplevel() on ptolemy.moml.MoMLSimpleApplication@581bdb16
reloadAllAccessors: .TimeGap2

===========================================================================================
----------------- testing Thu May 23 04:22:58 UTC 2019 /home/travis/build/icyphy/ptII/ptolemy/actor/lib/test/auto/TimedSinewave.xml
----------------- Instantiating /home/travis/build/icyphy/ptII/ptolemy/actor/lib/test/auto/TimedSinewave.xml
12 ms. Memory: 1752064K Free: 587766K (34%)
----------------- Invoking toplevel() on ptolemy.moml.MoMLSimpleApplication@228faab8
----------------- Done invoking toplevel() on ptolemy.moml.MoMLSimpleApplication@228faab8
reloadAllAccessors: .TimedSinewave

===========================================================================================
----------------- testing Thu May 23 04:22:58 UTC 2019 /home/travis/build/icyphy/ptII/ptolemy/actor/lib/test/auto/TimedSinewavePhase.xml
----------------- Instantiating /home/travis/build/icyphy/ptII/ptolemy/actor/lib/test/auto/TimedSinewavePhase.xml
9 ms. Memory: 1752064K Free: 561103K (32%)
----------------- Invoking toplevel() on ptolemy.moml.MoMLSimpleApplication@bafde06
----------------- Done invoking toplevel() on ptolemy.moml.MoMLSimpleApplication@bafde06
reloadAllAccessors: .TimedSinewavePhase

===========================================================================================
----------------- testing Thu May 23 04:22:58 UTC 2019 /home/travis/build/icyphy/ptII/ptolemy/actor/lib/test/auto/Timer.xml
----------------- Instantiating /home/travis/build/icyphy/ptII/ptolemy/actor/lib/test/auto/Timer.xml
2 ms. Memory: 1752064K Free: 539067K (31%)
----------------- Invoking toplevel() on ptolemy.moml.MoMLSimpleApplication@1a5f86dc
----------------- Done invoking toplevel() on ptolemy.moml.MoMLSimpleApplication@1a5f86dc
reloadAllAccessors: .Timer

===========================================================================================
----------------- testing Thu May 23 04:22:58 UTC 2019 /home/travis/build/icyphy/ptII/ptolemy/actor/lib/test/auto/TriangularDistTestModel.xml
----------------- Instantiating /home/travis/build/icyphy/ptII/ptolemy/actor/lib/test/auto/TriangularDistTestModel.xml
2 ms. Memory: 1752064K Free: 512403K (29%)
----------------- Invoking toplevel() on ptolemy.moml.MoMLSimpleApplication@1165340
----------------- Done invoking toplevel() on ptolemy.moml.MoMLSimpleApplication@1165340
reloadAllAccessors: .TriangularDistTestModel

===========================================================================================
----------------- testing Thu May 23 04:22:58 UTC 2019 /home/travis/build/icyphy/ptII/ptolemy/actor/lib/test/auto/TrigFunction.xml
----------------- Instantiating /home/travis/build/icyphy/ptII/ptolemy/actor/lib/test/auto/TrigFunction.xml
2 ms. Memory: 1752064K Free: 490367K (28%)
----------------- Invoking toplevel() on ptolemy.moml.MoMLSimpleApplication@27f84a6f
----------------- Done invoking toplevel() on ptolemy.moml.MoMLSimpleApplication@27f84a6f
reloadAllAccessors: .TrigFunction

===========================================================================================
----------------- testing Thu May 23 04:22:58 UTC 2019 /home/travis/build/icyphy/ptII/ptolemy/actor/lib/test/auto/TrigFunctionDE.xml
----------------- Instantiating /home/travis/build/icyphy/ptII/ptolemy/actor/lib/test/auto/TrigFunctionDE.xml
2 ms. Memory: 1752064K Free: 463704K (26%)
----------------- Invoking toplevel() on ptolemy.moml.MoMLSimpleApplication@1a5cc7eb
----------------- Done invoking toplevel() on ptolemy.moml.MoMLSimpleApplication@1a5cc7eb
reloadAllAccessors: .TrigFunctionDE

===========================================================================================
----------------- testing Thu May 23 04:22:58 UTC 2019 /home/travis/build/icyphy/ptII/ptolemy/actor/lib/test/auto/TrigFunctionInverse.xml
----------------- Instantiating /home/travis/build/icyphy/ptII/ptolemy/actor/lib/test/auto/TrigFunctionInverse.xml
2 ms. Memory: 1752064K Free: 441667K (25%)
----------------- Invoking toplevel() on ptolemy.moml.MoMLSimpleApplication@13bb6f74
----------------- Done invoking toplevel() on ptolemy.moml.MoMLSimpleApplication@13bb6f74
reloadAllAccessors: .TrigFunctionInverse

===========================================================================================
----------------- testing Thu May 23 04:22:58 UTC 2019 /home/travis/build/icyphy/ptII/ptolemy/actor/lib/test/auto/TrigFunctionTan.xml
----------------- Instantiating /home/travis/build/icyphy/ptII/ptolemy/actor/lib/test/auto/TrigFunctionTan.xml
1 ms. Memory: 1752064K Free: 415004K (24%)
----------------- Invoking toplevel() on ptolemy.moml.MoMLSimpleApplication@77b9ba7c
----------------- Done invoking toplevel() on ptolemy.moml.MoMLSimpleApplication@77b9ba7c
reloadAllAccessors: .TrigFunctionTan

===========================================================================================
----------------- testing Thu May 23 04:22:58 UTC 2019 /home/travis/build/icyphy/ptII/ptolemy/actor/lib/test/auto/TriggeredClock.xml
----------------- Instantiating /home/travis/build/icyphy/ptII/ptolemy/actor/lib/test/auto/TriggeredClock.xml
2 ms. Memory: 1752064K Free: 388340K (22%)
----------------- Invoking toplevel() on ptolemy.moml.MoMLSimpleApplication@74d1155c
----------------- Done invoking toplevel() on ptolemy.moml.MoMLSimpleApplication@74d1155c
reloadAllAccessors: .TriggeredClock

===========================================================================================
----------------- testing Thu May 23 04:22:58 UTC 2019 /home/travis/build/icyphy/ptII/ptolemy/actor/lib/test/auto/URLDirectoryReader.xml
----------------- Instantiating /home/travis/build/icyphy/ptII/ptolemy/actor/lib/test/auto/URLDirectoryReader.xml
30 ms. Memory: 1752064K Free: 366304K (21%)
----------------- Invoking toplevel() on ptolemy.moml.MoMLSimpleApplication@41257f2
----------------- Done invoking toplevel() on ptolemy.moml.MoMLSimpleApplication@41257f2
reloadAllAccessors: .URLDirectoryReader

===========================================================================================
----------------- testing Thu May 23 04:22:59 UTC 2019 /home/travis/build/icyphy/ptII/ptolemy/actor/lib/test/auto/URLDirectoryReader3.xml
----------------- Instantiating /home/travis/build/icyphy/ptII/ptolemy/actor/lib/test/auto/URLDirectoryReader3.xml
1055 ms. Memory: 1752064K Free: 295567K (17%)
----------------- Invoking toplevel() on ptolemy.moml.MoMLSimpleApplication@678b61c1
----------------- Done invoking toplevel() on ptolemy.moml.MoMLSimpleApplication@678b61c1
reloadAllAccessors: .URLDirectoryReader3

===========================================================================================
----------------- testing Thu May 23 04:23:00 UTC 2019 /home/travis/build/icyphy/ptII/ptolemy/actor/lib/test/auto/UnaryMathFunction.xml
----------------- Instantiating /home/travis/build/icyphy/ptII/ptolemy/actor/lib/test/auto/UnaryMathFunction.xml
2 ms. Memory: 1752064K Free: 273531K (16%)
----------------- Invoking toplevel() on ptolemy.moml.MoMLSimpleApplication@121de1e2
----------------- Done invoking toplevel() on ptolemy.moml.MoMLSimpleApplication@121de1e2
reloadAllAccessors: .UnaryMathFunction

===========================================================================================
----------------- testing Thu May 23 04:23:00 UTC 2019 /home/travis/build/icyphy/ptII/ptolemy/actor/lib/test/auto/Uniform.xml
----------------- Instantiating /home/travis/build/icyphy/ptII/ptolemy/actor/lib/test/auto/Uniform.xml
1 ms. Memory: 1752064K Free: 246867K (14%)
----------------- Invoking toplevel() on ptolemy.moml.MoMLSimpleApplication@38dff5a2
----------------- Done invoking toplevel() on ptolemy.moml.MoMLSimpleApplication@38dff5a2
reloadAllAccessors: .Uniform

===========================================================================================
----------------- testing Thu May 23 04:23:00 UTC 2019 /home/travis/build/icyphy/ptII/ptolemy/actor/lib/test/auto/UnionDisassemblerTest.xml
----------------- Instantiating /home/travis/build/icyphy/ptII/ptolemy/actor/lib/test/auto/UnionDisassemblerTest.xml
6 ms. Memory: 1752064K Free: 224831K (13%)
----------------- Invoking toplevel() on ptolemy.moml.MoMLSimpleApplication@396708d0
----------------- Done invoking toplevel() on ptolemy.moml.MoMLSimpleApplication@396708d0
reloadAllAccessors: .UnionDisassemblerTest

===========================================================================================
----------------- testing Thu May 23 04:23:00 UTC 2019 /home/travis/build/icyphy/ptII/ptolemy/actor/lib/test/auto/UtilityFunctions.xml
----------------- Instantiating /home/travis/build/icyphy/ptII/ptolemy/actor/lib/test/auto/UtilityFunctions.xml
2 ms. Memory: 1752064K Free: 198168K (11%)
----------------- Invoking toplevel() on ptolemy.moml.MoMLSimpleApplication@21b24454
----------------- Done invoking toplevel() on ptolemy.moml.MoMLSimpleApplication@21b24454
reloadAllAccessors: .UtilityFunctions

===========================================================================================
----------------- testing Thu May 23 04:23:00 UTC 2019 /home/travis/build/icyphy/ptII/ptolemy/actor/lib/test/auto/VariableSleep.xml
----------------- Instantiating /home/travis/build/icyphy/ptII/ptolemy/actor/lib/test/auto/VariableSleep.xml
512 ms. Memory: 1752064K Free: 171504K (10%)
----------------- Invoking toplevel() on ptolemy.moml.MoMLSimpleApplication@2256c4c0
----------------- Done invoking toplevel() on ptolemy.moml.MoMLSimpleApplication@2256c4c0
reloadAllAccessors: .VariableSleep

===========================================================================================
----------------- testing Thu May 23 04:23:00 UTC 2019 /home/travis/build/icyphy/ptII/ptolemy/actor/lib/test/auto/VectorAssemblerDisassemblerCT.xml
----------------- Instantiating /home/travis/build/icyphy/ptII/ptolemy/actor/lib/test/auto/VectorAssemblerDisassemblerCT.xml
74 ms. Memory: 1752064K Free: 138442K (8%)
----------------- Invoking toplevel() on ptolemy.moml.MoMLSimpleApplication@debe728
----------------- Done invoking toplevel() on ptolemy.moml.MoMLSimpleApplication@debe728
reloadAllAccessors: .VectorAssemblerDisassemblerCT

===========================================================================================
----------------- testing Thu May 23 04:23:01 UTC 2019 /home/travis/build/icyphy/ptII/ptolemy/actor/lib/test/auto/VectorAssemblerDisassemblerDE.xml
----------------- Instantiating /home/travis/build/icyphy/ptII/ptolemy/actor/lib/test/auto/VectorAssemblerDisassemblerDE.xml
3 ms. Memory: 1752064K Free: 111778K (6%)
----------------- Invoking toplevel() on ptolemy.moml.MoMLSimpleApplication@75da42c5
----------------- Done invoking toplevel() on ptolemy.moml.MoMLSimpleApplication@75da42c5
reloadAllAccessors: .VectorAssemblerDisassemblerDE

===========================================================================================
----------------- testing Thu May 23 04:23:01 UTC 2019 /home/travis/build/icyphy/ptII/ptolemy/actor/lib/test/auto/VectorAssemblerDisassemblerSDF.xml
----------------- Instantiating /home/travis/build/icyphy/ptII/ptolemy/actor/lib/test/auto/VectorAssemblerDisassemblerSDF.xml
3 ms. Memory: 1752064K Free: 89742K (5%)
----------------- Invoking toplevel() on ptolemy.moml.MoMLSimpleApplication@13c7c9
----------------- Done invoking toplevel() on ptolemy.moml.MoMLSimpleApplication@13c7c9
reloadAllAccessors: .VectorAssemblerDisassemblerSDF

===========================================================================================
----------------- testing Thu May 23 04:23:01 UTC 2019 /home/travis/build/icyphy/ptII/ptolemy/actor/lib/test/auto/WallClockTime.xml
----------------- Instantiating /home/travis/build/icyphy/ptII/ptolemy/actor/lib/test/auto/WallClockTime.xml
1006 ms. Memory: 1752064K Free: 63078K (4%)
----------------- Invoking toplevel() on ptolemy.moml.MoMLSimpleApplication@179ff447
----------------- Done invoking toplevel() on ptolemy.moml.MoMLSimpleApplication@179ff447
reloadAllAccessors: .WallClockTime

===========================================================================================
----------------- testing Thu May 23 04:23:02 UTC 2019 /home/travis/build/icyphy/ptII/ptolemy/actor/lib/test/auto/WidthTestWithSubscriberPublisher.xml
----------------- Instantiating /home/travis/build/icyphy/ptII/ptolemy/actor/lib/test/auto/WidthTestWithSubscriberPublisher.xml
7 ms. Memory: 1768960K Free: 1693020K (96%)
----------------- Invoking toplevel() on ptolemy.moml.MoMLSimpleApplication@3785612e
----------------- Done invoking toplevel() on ptolemy.moml.MoMLSimpleApplication@3785612e
reloadAllAccessors: .WidthTestWithSubscriberPublisher

===========================================================================================
----------------- testing Thu May 23 04:23:02 UTC 2019 /home/travis/build/icyphy/ptII/ptolemy/actor/lib/test/auto/WidthTestWithSubscriberPublisher2.xml
----------------- Instantiating /home/travis/build/icyphy/ptII/ptolemy/actor/lib/test/auto/WidthTestWithSubscriberPublisher2.xml
3 ms. Memory: 1768960K Free: 1672359K (95%)
----------------- Invoking toplevel() on ptolemy.moml.MoMLSimpleApplication@693b4304
----------------- Done invoking toplevel() on ptolemy.moml.MoMLSimpleApplication@693b4304
reloadAllAccessors: .WidthTestWithSubscriberPublisher2

===========================================================================================
----------------- testing Thu May 23 04:23:02 UTC 2019 /home/travis/build/icyphy/ptII/ptolemy/actor/lib/test/auto/WidthTestWithSubscriberPublisher3.xml
----------------- Instantiating /home/travis/build/icyphy/ptII/ptolemy/actor/lib/test/auto/WidthTestWithSubscriberPublisher3.xml
1 ms. Memory: 1768960K Free: 1651697K (93%)
----------------- Invoking toplevel() on ptolemy.moml.MoMLSimpleApplication@2fd2a525
----------------- Done invoking toplevel() on ptolemy.moml.MoMLSimpleApplication@2fd2a525
reloadAllAccessors: .WidthTestWithSubscriberPublisher3

===========================================================================================
----------------- testing Thu May 23 04:23:02 UTC 2019 /home/travis/build/icyphy/ptII/ptolemy/actor/lib/test/auto/Writer.xml
----------------- Instantiating /home/travis/build/icyphy/ptII/ptolemy/actor/lib/test/auto/Writer.xml
0
1
2
3
4
2 ms. Memory: 1768960K Free: 1635149K (92%)
----------------- Invoking toplevel() on ptolemy.moml.MoMLSimpleApplication@1aeecc1e
----------------- Done invoking toplevel() on ptolemy.moml.MoMLSimpleApplication@1aeecc1e
reloadAllAccessors: .Writer

===========================================================================================
----------------- testing Thu May 23 04:23:02 UTC 2019 /home/travis/build/icyphy/ptII/ptolemy/actor/lib/test/auto/array.xml
----------------- Instantiating /home/travis/build/icyphy/ptII/ptolemy/actor/lib/test/auto/array.xml
2 ms. Memory: 1768960K Free: 1614488K (91%)
----------------- Invoking toplevel() on ptolemy.moml.MoMLSimpleApplication@19abb04b
----------------- Done invoking toplevel() on ptolemy.moml.MoMLSimpleApplication@19abb04b
reloadAllAccessors: .array

===========================================================================================
----------------- testing Thu May 23 04:23:02 UTC 2019 /home/travis/build/icyphy/ptII/ptolemy/actor/lib/test/auto/array2.xml
----------------- Instantiating /home/travis/build/icyphy/ptII/ptolemy/actor/lib/test/auto/array2.xml
2 ms. Memory: 1768960K Free: 1593826K (90%)
----------------- Invoking toplevel() on ptolemy.moml.MoMLSimpleApplication@708a67d3
----------------- Done invoking toplevel() on ptolemy.moml.MoMLSimpleApplication@708a67d3
reloadAllAccessors: .array2

===========================================================================================
----------------- testing Thu May 23 04:23:02 UTC 2019 /home/travis/build/icyphy/ptII/ptolemy/actor/lib/test/auto/arrayType.xml
----------------- Instantiating /home/travis/build/icyphy/ptII/ptolemy/actor/lib/test/auto/arrayType.xml
1 ms. Memory: 1768960K Free: 1577278K (89%)
----------------- Invoking toplevel() on ptolemy.moml.MoMLSimpleApplication@5690649d
----------------- Done invoking toplevel() on ptolemy.moml.MoMLSimpleApplication@5690649d
reloadAllAccessors: .arrayType

===========================================================================================
----------------- testing Thu May 23 04:23:02 UTC 2019 /home/travis/build/icyphy/ptII/ptolemy/actor/lib/test/auto/arrayType10.xml
----------------- Instantiating /home/travis/build/icyphy/ptII/ptolemy/actor/lib/test/auto/arrayType10.xml
2 ms. Memory: 1768960K Free: 1556616K (88%)
----------------- Invoking toplevel() on ptolemy.moml.MoMLSimpleApplication@185bdb1
----------------- Done invoking toplevel() on ptolemy.moml.MoMLSimpleApplication@185bdb1
reloadAllAccessors: .arrayType10

===========================================================================================
----------------- testing Thu May 23 04:23:02 UTC 2019 /home/travis/build/icyphy/ptII/ptolemy/actor/lib/test/auto/arrayType11.xml
----------------- Instantiating /home/travis/build/icyphy/ptII/ptolemy/actor/lib/test/auto/arrayType11.xml
1 ms. Memory: 1768960K Free: 1535955K (87%)
----------------- Invoking toplevel() on ptolemy.moml.MoMLSimpleApplication@3e6f30dc
----------------- Done invoking toplevel() on ptolemy.moml.MoMLSimpleApplication@3e6f30dc
reloadAllAccessors: .arrayType11

===========================================================================================
----------------- testing Thu May 23 04:23:02 UTC 2019 /home/travis/build/icyphy/ptII/ptolemy/actor/lib/test/auto/arrayType12.xml
----------------- Instantiating /home/travis/build/icyphy/ptII/ptolemy/actor/lib/test/auto/arrayType12.xml
1 ms. Memory: 1768960K Free: 1519407K (86%)
----------------- Invoking toplevel() on ptolemy.moml.MoMLSimpleApplication@3eeae451
----------------- Done invoking toplevel() on ptolemy.moml.MoMLSimpleApplication@3eeae451
reloadAllAccessors: .arrayType12

===========================================================================================
----------------- testing Thu May 23 04:23:02 UTC 2019 /home/travis/build/icyphy/ptII/ptolemy/actor/lib/test/auto/arrayType13.xml
----------------- Instantiating /home/travis/build/icyphy/ptII/ptolemy/actor/lib/test/auto/arrayType13.xml
2 ms. Memory: 1768960K Free: 1498745K (85%)
----------------- Invoking toplevel() on ptolemy.moml.MoMLSimpleApplication@d70fdcc
----------------- Done invoking toplevel() on ptolemy.moml.MoMLSimpleApplication@d70fdcc
reloadAllAccessors: .arrayType13

===========================================================================================
----------------- testing Thu May 23 04:23:02 UTC 2019 /home/travis/build/icyphy/ptII/ptolemy/actor/lib/test/auto/arrayType14.xml
----------------- Instantiating /home/travis/build/icyphy/ptII/ptolemy/actor/lib/test/auto/arrayType14.xml
2 ms. Memory: 1768960K Free: 1478084K (84%)
----------------- Invoking toplevel() on ptolemy.moml.MoMLSimpleApplication@1d3d83a5
----------------- Done invoking toplevel() on ptolemy.moml.MoMLSimpleApplication@1d3d83a5
reloadAllAccessors: .arrayType14

===========================================================================================
----------------- testing Thu May 23 04:23:02 UTC 2019 /home/travis/build/icyphy/ptII/ptolemy/actor/lib/test/auto/arrayType15.xml
----------------- Instantiating /home/travis/build/icyphy/ptII/ptolemy/actor/lib/test/auto/arrayType15.xml
2 ms. Memory: 1768960K Free: 1461536K (83%)
----------------- Invoking toplevel() on ptolemy.moml.MoMLSimpleApplication@3ba7e83f
----------------- Done invoking toplevel() on ptolemy.moml.MoMLSimpleApplication@3ba7e83f
reloadAllAccessors: .arrayType15

===========================================================================================
----------------- testing Thu May 23 04:23:02 UTC 2019 /home/travis/build/icyphy/ptII/ptolemy/actor/lib/test/auto/arrayType16.xml
----------------- Instantiating /home/travis/build/icyphy/ptII/ptolemy/actor/lib/test/auto/arrayType16.xml
1 ms. Memory: 1768960K Free: 1440875K (81%)
----------------- Invoking toplevel() on ptolemy.moml.MoMLSimpleApplication@5d34e511
----------------- Done invoking toplevel() on ptolemy.moml.MoMLSimpleApplication@5d34e511
reloadAllAccessors: .arrayType16

===========================================================================================
----------------- testing Thu May 23 04:23:02 UTC 2019 /home/travis/build/icyphy/ptII/ptolemy/actor/lib/test/auto/arrayType17.xml
----------------- Instantiating /home/travis/build/icyphy/ptII/ptolemy/actor/lib/test/auto/arrayType17.xml
2 ms. Memory: 1768960K Free: 1420213K (80%)
----------------- Invoking toplevel() on ptolemy.moml.MoMLSimpleApplication@4f17b73c
----------------- Done invoking toplevel() on ptolemy.moml.MoMLSimpleApplication@4f17b73c
reloadAllAccessors: .arrayType17

===========================================================================================
----------------- testing Thu May 23 04:23:02 UTC 2019 /home/travis/build/icyphy/ptII/ptolemy/actor/lib/test/auto/arrayType18.xml
----------------- Instantiating /home/travis/build/icyphy/ptII/ptolemy/actor/lib/test/auto/arrayType18.xml
2 ms. Memory: 1768960K Free: 1403665K (79%)
----------------- Invoking toplevel() on ptolemy.moml.MoMLSimpleApplication@663416a2
----------------- Done invoking toplevel() on ptolemy.moml.MoMLSimpleApplication@663416a2
reloadAllAccessors: .arrayType18

===========================================================================================
----------------- testing Thu May 23 04:23:02 UTC 2019 /home/travis/build/icyphy/ptII/ptolemy/actor/lib/test/auto/arrayType19.xml
----------------- Instantiating /home/travis/build/icyphy/ptII/ptolemy/actor/lib/test/auto/arrayType19.xml
2 ms. Memory: 1768960K Free: 1383004K (78%)
----------------- Invoking toplevel() on ptolemy.moml.MoMLSimpleApplication@519dc603
----------------- Done invoking toplevel() on ptolemy.moml.MoMLSimpleApplication@519dc603
reloadAllAccessors: .arrayType19

===========================================================================================
----------------- testing Thu May 23 04:23:02 UTC 2019 /home/travis/build/icyphy/ptII/ptolemy/actor/lib/test/auto/arrayType2.xml
----------------- Instantiating /home/travis/build/icyphy/ptII/ptolemy/actor/lib/test/auto/arrayType2.xml
1 ms. Memory: 1768960K Free: 1366456K (77%)
----------------- Invoking toplevel() on ptolemy.moml.MoMLSimpleApplication@29ae82bc
----------------- Done invoking toplevel() on ptolemy.moml.MoMLSimpleApplication@29ae82bc
reloadAllAccessors: .arrayType2

===========================================================================================
----------------- testing Thu May 23 04:23:02 UTC 2019 /home/travis/build/icyphy/ptII/ptolemy/actor/lib/test/auto/arrayType20.xml
----------------- Instantiating /home/travis/build/icyphy/ptII/ptolemy/actor/lib/test/auto/arrayType20.xml
2 ms. Memory: 1768960K Free: 1345794K (76%)
----------------- Invoking toplevel() on ptolemy.moml.MoMLSimpleApplication@5ca8556f
----------------- Done invoking toplevel() on ptolemy.moml.MoMLSimpleApplication@5ca8556f
reloadAllAccessors: .arrayType20

===========================================================================================
----------------- testing Thu May 23 04:23:02 UTC 2019 /home/travis/build/icyphy/ptII/ptolemy/actor/lib/test/auto/arrayType21.xml
----------------- Instantiating /home/travis/build/icyphy/ptII/ptolemy/actor/lib/test/auto/arrayType21.xml
1 ms. Memory: 1768960K Free: 1325133K (75%)
----------------- Invoking toplevel() on ptolemy.moml.MoMLSimpleApplication@28a35aca
----------------- Done invoking toplevel() on ptolemy.moml.MoMLSimpleApplication@28a35aca
reloadAllAccessors: .arrayType21

===========================================================================================
----------------- testing Thu May 23 04:23:02 UTC 2019 /home/travis/build/icyphy/ptII/ptolemy/actor/lib/test/auto/arrayType22.xml
----------------- Instantiating /home/travis/build/icyphy/ptII/ptolemy/actor/lib/test/auto/arrayType22.xml
2 ms. Memory: 1768960K Free: 1308545K (74%)
----------------- Invoking toplevel() on ptolemy.moml.MoMLSimpleApplication@32f79a5
----------------- Done invoking toplevel() on ptolemy.moml.MoMLSimpleApplication@32f79a5
reloadAllAccessors: .arrayType22

===========================================================================================
----------------- testing Thu May 23 04:23:02 UTC 2019 /home/travis/build/icyphy/ptII/ptolemy/actor/lib/test/auto/arrayType23.xml
----------------- Instantiating /home/travis/build/icyphy/ptII/ptolemy/actor/lib/test/auto/arrayType23.xml
1 ms. Memory: 1768960K Free: 1287883K (73%)
----------------- Invoking toplevel() on ptolemy.moml.MoMLSimpleApplication@364c8309
----------------- Done invoking toplevel() on ptolemy.moml.MoMLSimpleApplication@364c8309
reloadAllAccessors: .arrayType23

===========================================================================================
----------------- testing Thu May 23 04:23:02 UTC 2019 /home/travis/build/icyphy/ptII/ptolemy/actor/lib/test/auto/arrayType24.xml
----------------- Instantiating /home/travis/build/icyphy/ptII/ptolemy/actor/lib/test/auto/arrayType24.xml
1 ms. Memory: 1768960K Free: 1267222K (72%)
----------------- Invoking toplevel() on ptolemy.moml.MoMLSimpleApplication@77932815
----------------- Done invoking toplevel() on ptolemy.moml.MoMLSimpleApplication@77932815
reloadAllAccessors: .arrayType24

===========================================================================================
----------------- testing Thu May 23 04:23:02 UTC 2019 /home/travis/build/icyphy/ptII/ptolemy/actor/lib/test/auto/arrayType25.xml
----------------- Instantiating /home/travis/build/icyphy/ptII/ptolemy/actor/lib/test/auto/arrayType25.xml
1 ms. Memory: 1768960K Free: 1250674K (71%)
----------------- Invoking toplevel() on ptolemy.moml.MoMLSimpleApplication@53e7567b
----------------- Done invoking toplevel() on ptolemy.moml.MoMLSimpleApplication@53e7567b
reloadAllAccessors: .arrayType25

===========================================================================================
----------------- testing Thu May 23 04:23:02 UTC 2019 /home/travis/build/icyphy/ptII/ptolemy/actor/lib/test/auto/arrayType26.xml
----------------- Instantiating /home/travis/build/icyphy/ptII/ptolemy/actor/lib/test/auto/arrayType26.xml
2 ms. Memory: 1768960K Free: 1230013K (70%)
----------------- Invoking toplevel() on ptolemy.moml.MoMLSimpleApplication@4e749624
----------------- Done invoking toplevel() on ptolemy.moml.MoMLSimpleApplication@4e749624
reloadAllAccessors: .arrayType26

===========================================================================================
----------------- testing Thu May 23 04:23:02 UTC 2019 /home/travis/build/icyphy/ptII/ptolemy/actor/lib/test/auto/arrayType27.xml
----------------- Instantiating /home/travis/build/icyphy/ptII/ptolemy/actor/lib/test/auto/arrayType27.xml
1 ms. Memory: 1768960K Free: 1209351K (68%)
----------------- Invoking toplevel() on ptolemy.moml.MoMLSimpleApplication@ea4fa8
----------------- Done invoking toplevel() on ptolemy.moml.MoMLSimpleApplication@ea4fa8
reloadAllAccessors: .arrayType27

===========================================================================================
----------------- testing Thu May 23 04:23:02 UTC 2019 /home/travis/build/icyphy/ptII/ptolemy/actor/lib/test/auto/arrayType28.xml
----------------- Instantiating /home/travis/build/icyphy/ptII/ptolemy/actor/lib/test/auto/arrayType28.xml
1 ms. Memory: 1768960K Free: 1192803K (67%)
----------------- Invoking toplevel() on ptolemy.moml.MoMLSimpleApplication@f741cc
----------------- Done invoking toplevel() on ptolemy.moml.MoMLSimpleApplication@f741cc
reloadAllAccessors: .arrayType28

===========================================================================================
----------------- testing Thu May 23 04:23:02 UTC 2019 /home/travis/build/icyphy/ptII/ptolemy/actor/lib/test/auto/arrayType3.xml
----------------- Instantiating /home/travis/build/icyphy/ptII/ptolemy/actor/lib/test/auto/arrayType3.xml
1 ms. Memory: 1768960K Free: 1172142K (66%)
----------------- Invoking toplevel() on ptolemy.moml.MoMLSimpleApplication@4dcc4647
----------------- Done invoking toplevel() on ptolemy.moml.MoMLSimpleApplication@4dcc4647
reloadAllAccessors: .arrayType3

===========================================================================================
----------------- testing Thu May 23 04:23:02 UTC 2019 /home/travis/build/icyphy/ptII/ptolemy/actor/lib/test/auto/arrayType4.xml
----------------- Instantiating /home/travis/build/icyphy/ptII/ptolemy/actor/lib/test/auto/arrayType4.xml
1 ms. Memory: 1768960K Free: 1151480K (65%)
----------------- Invoking toplevel() on ptolemy.moml.MoMLSimpleApplication@69732f6c
----------------- Done invoking toplevel() on ptolemy.moml.MoMLSimpleApplication@69732f6c
reloadAllAccessors: .arrayType4

===========================================================================================
----------------- testing Thu May 23 04:23:02 UTC 2019 /home/travis/build/icyphy/ptII/ptolemy/actor/lib/test/auto/arrayType5.xml
----------------- Instantiating /home/travis/build/icyphy/ptII/ptolemy/actor/lib/test/auto/arrayType5.xml
2 ms. Memory: 1768960K Free: 1134932K (64%)
----------------- Invoking toplevel() on ptolemy.moml.MoMLSimpleApplication@791cc4c5
----------------- Done invoking toplevel() on ptolemy.moml.MoMLSimpleApplication@791cc4c5
reloadAllAccessors: .arrayType5

===========================================================================================
----------------- testing Thu May 23 04:23:02 UTC 2019 /home/travis/build/icyphy/ptII/ptolemy/actor/lib/test/auto/arrayType6.xml
----------------- Instantiating /home/travis/build/icyphy/ptII/ptolemy/actor/lib/test/auto/arrayType6.xml
1 ms. Memory: 1768960K Free: 1114271K (63%)
----------------- Invoking toplevel() on ptolemy.moml.MoMLSimpleApplication@6dea30aa
----------------- Done invoking toplevel() on ptolemy.moml.MoMLSimpleApplication@6dea30aa
reloadAllAccessors: .arrayType6

===========================================================================================
----------------- testing Thu May 23 04:23:02 UTC 2019 /home/travis/build/icyphy/ptII/ptolemy/actor/lib/test/auto/arrayType7.xml
----------------- Instantiating /home/travis/build/icyphy/ptII/ptolemy/actor/lib/test/auto/arrayType7.xml
2 ms. Memory: 1768960K Free: 1093609K (62%)
----------------- Invoking toplevel() on ptolemy.moml.MoMLSimpleApplication@3354b224
----------------- Done invoking toplevel() on ptolemy.moml.MoMLSimpleApplication@3354b224
reloadAllAccessors: .arrayType7

===========================================================================================
----------------- testing Thu May 23 04:23:02 UTC 2019 /home/travis/build/icyphy/ptII/ptolemy/actor/lib/test/auto/arrayType8.xml
----------------- Instantiating /home/travis/build/icyphy/ptII/ptolemy/actor/lib/test/auto/arrayType8.xml
2 ms. Memory: 1768960K Free: 1077062K (61%)
----------------- Invoking toplevel() on ptolemy.moml.MoMLSimpleApplication@1b7ee0ec
----------------- Done invoking toplevel() on ptolemy.moml.MoMLSimpleApplication@1b7ee0ec
reloadAllAccessors: .arrayType8

===========================================================================================
----------------- testing Thu May 23 04:23:02 UTC 2019 /home/travis/build/icyphy/ptII/ptolemy/actor/lib/test/auto/arrayType9.xml
----------------- Instantiating /home/travis/build/icyphy/ptII/ptolemy/actor/lib/test/auto/arrayType9.xml
2 ms. Memory: 1768960K Free: 1056400K (60%)
----------------- Invoking toplevel() on ptolemy.moml.MoMLSimpleApplication@3bb08c8a
----------------- Done invoking toplevel() on ptolemy.moml.MoMLSimpleApplication@3bb08c8a
reloadAllAccessors: .arrayType9

===========================================================================================
----------------- testing Thu May 23 04:23:02 UTC 2019 /home/travis/build/icyphy/ptII/ptolemy/actor/lib/test/auto/cast.xml
----------------- Instantiating /home/travis/build/icyphy/ptII/ptolemy/actor/lib/test/auto/cast.xml
2 ms. Memory: 1768960K Free: 1039852K (59%)
----------------- Invoking toplevel() on ptolemy.moml.MoMLSimpleApplication@7cd262ed
----------------- Done invoking toplevel() on ptolemy.moml.MoMLSimpleApplication@7cd262ed
reloadAllAccessors: .cast

===========================================================================================
----------------- testing Thu May 23 04:23:02 UTC 2019 /home/travis/build/icyphy/ptII/ptolemy/actor/lib/test/auto/compositeMultiPort.xml
----------------- Instantiating /home/travis/build/icyphy/ptII/ptolemy/actor/lib/test/auto/compositeMultiPort.xml
3 ms. Memory: 1768960K Free: 1019191K (58%)
----------------- Invoking toplevel() on ptolemy.moml.MoMLSimpleApplication@4cc789d6
----------------- Done invoking toplevel() on ptolemy.moml.MoMLSimpleApplication@4cc789d6
reloadAllAccessors: .compositeMultiPort

===========================================================================================
----------------- testing Thu May 23 04:23:02 UTC 2019 /home/travis/build/icyphy/ptII/ptolemy/actor/lib/test/auto/expressionCastInference.xml
----------------- Instantiating /home/travis/build/icyphy/ptII/ptolemy/actor/lib/test/auto/expressionCastInference.xml
3 ms. Memory: 1768960K Free: 998529K (56%)
----------------- Invoking toplevel() on ptolemy.moml.MoMLSimpleApplication@38404649
----------------- Done invoking toplevel() on ptolemy.moml.MoMLSimpleApplication@38404649
reloadAllAccessors: .expressionCastInference

===========================================================================================
----------------- testing Thu May 23 04:23:02 UTC 2019 /home/travis/build/icyphy/ptII/ptolemy/actor/lib/test/auto/expressionCastInference2.xml
----------------- Instantiating /home/travis/build/icyphy/ptII/ptolemy/actor/lib/test/auto/expressionCastInference2.xml
2 ms. Memory: 1768960K Free: 981981K (56%)
----------------- Invoking toplevel() on ptolemy.moml.MoMLSimpleApplication@5a49cb2d
----------------- Done invoking toplevel() on ptolemy.moml.MoMLSimpleApplication@5a49cb2d
reloadAllAccessors: .expressionCastInference2

===========================================================================================
----------------- testing Thu May 23 04:23:02 UTC 2019 /home/travis/build/icyphy/ptII/ptolemy/actor/lib/test/auto/expressionInference.xml
----------------- Instantiating /home/travis/build/icyphy/ptII/ptolemy/actor/lib/test/auto/expressionInference.xml
1 ms. Memory: 1768960K Free: 961320K (54%)
----------------- Invoking toplevel() on ptolemy.moml.MoMLSimpleApplication@6355ddb2
----------------- Done invoking toplevel() on ptolemy.moml.MoMLSimpleApplication@6355ddb2
reloadAllAccessors: .expressionInference

===========================================================================================
----------------- testing Thu May 23 04:23:02 UTC 2019 /home/travis/build/icyphy/ptII/ptolemy/actor/lib/test/auto/expression_bug.xml
----------------- Instantiating /home/travis/build/icyphy/ptII/ptolemy/actor/lib/test/auto/expression_bug.xml
1 ms. Memory: 1768960K Free: 940658K (53%)
----------------- Invoking toplevel() on ptolemy.moml.MoMLSimpleApplication@4c106367
----------------- Done invoking toplevel() on ptolemy.moml.MoMLSimpleApplication@4c106367
reloadAllAccessors: .expression_bug

===========================================================================================
----------------- testing Thu May 23 04:23:02 UTC 2019 /home/travis/build/icyphy/ptII/ptolemy/actor/lib/test/auto/factorial.xml
----------------- Instantiating /home/travis/build/icyphy/ptII/ptolemy/actor/lib/test/auto/factorial.xml
44 ms. Memory: 1768960K Free: 924110K (52%)
----------------- Invoking toplevel() on ptolemy.moml.MoMLSimpleApplication@4d612ea4
----------------- Done invoking toplevel() on ptolemy.moml.MoMLSimpleApplication@4d612ea4
reloadAllAccessors: .factorial

===========================================================================================
----------------- testing Thu May 23 04:23:02 UTC 2019 /home/travis/build/icyphy/ptII/ptolemy/actor/lib/test/auto/filterTest1.xml
----------------- Instantiating /home/travis/build/icyphy/ptII/ptolemy/actor/lib/test/auto/filterTest1.xml
3 ms. Memory: 1768960K Free: 903448K (51%)
----------------- Invoking toplevel() on ptolemy.moml.MoMLSimpleApplication@180b419b
----------------- Done invoking toplevel() on ptolemy.moml.MoMLSimpleApplication@180b419b
reloadAllAccessors: .filterTest1

===========================================================================================
----------------- testing Thu May 23 04:23:02 UTC 2019 /home/travis/build/icyphy/ptII/ptolemy/actor/lib/test/auto/funcApplyInConst.xml
----------------- Instantiating /home/travis/build/icyphy/ptII/ptolemy/actor/lib/test/auto/funcApplyInConst.xml
1 ms. Memory: 1768960K Free: 882787K (50%)
----------------- Invoking toplevel() on ptolemy.moml.MoMLSimpleApplication@60e8b852
----------------- Done invoking toplevel() on ptolemy.moml.MoMLSimpleApplication@60e8b852
reloadAllAccessors: .funcApplyInConst

===========================================================================================
----------------- testing Thu May 23 04:23:02 UTC 2019 /home/travis/build/icyphy/ptII/ptolemy/actor/lib/test/auto/funcApplyInExpr.xml
----------------- Instantiating /home/travis/build/icyphy/ptII/ptolemy/actor/lib/test/auto/funcApplyInExpr.xml
2 ms. Memory: 1768960K Free: 866239K (49%)
----------------- Invoking toplevel() on ptolemy.moml.MoMLSimpleApplication@2c6751ab
----------------- Done invoking toplevel() on ptolemy.moml.MoMLSimpleApplication@2c6751ab
reloadAllAccessors: .funcApplyInExpr

===========================================================================================
----------------- testing Thu May 23 04:23:02 UTC 2019 /home/travis/build/icyphy/ptII/ptolemy/actor/lib/test/auto/function.xml
----------------- Instantiating /home/travis/build/icyphy/ptII/ptolemy/actor/lib/test/auto/function.xml
2 ms. Memory: 1768960K Free: 845578K (48%)
----------------- Invoking toplevel() on ptolemy.moml.MoMLSimpleApplication@4419a838
----------------- Done invoking toplevel() on ptolemy.moml.MoMLSimpleApplication@4419a838
reloadAllAccessors: .function

===========================================================================================
----------------- testing Thu May 23 04:23:02 UTC 2019 /home/travis/build/icyphy/ptII/ptolemy/actor/lib/test/auto/function2.xml
----------------- Instantiating /home/travis/build/icyphy/ptII/ptolemy/actor/lib/test/auto/function2.xml
1 ms. Memory: 1768960K Free: 824916K (47%)
----------------- Invoking toplevel() on ptolemy.moml.MoMLSimpleApplication@1f25ce02
----------------- Done invoking toplevel() on ptolemy.moml.MoMLSimpleApplication@1f25ce02
reloadAllAccessors: .function2

===========================================================================================
----------------- testing Thu May 23 04:23:02 UTC 2019 /home/travis/build/icyphy/ptII/ptolemy/actor/lib/test/auto/function3.xml
----------------- Instantiating /home/travis/build/icyphy/ptII/ptolemy/actor/lib/test/auto/function3.xml
2 ms. Memory: 1768960K Free: 808368K (46%)
----------------- Invoking toplevel() on ptolemy.moml.MoMLSimpleApplication@76d61876
----------------- Done invoking toplevel() on ptolemy.moml.MoMLSimpleApplication@76d61876
reloadAllAccessors: .function3

===========================================================================================
----------------- testing Thu May 23 04:23:02 UTC 2019 /home/travis/build/icyphy/ptII/ptolemy/actor/lib/test/auto/functionClosureTest1.xml
----------------- Instantiating /home/travis/build/icyphy/ptII/ptolemy/actor/lib/test/auto/functionClosureTest1.xml
2 ms. Memory: 1768960K Free: 787707K (45%)
----------------- Invoking toplevel() on ptolemy.moml.MoMLSimpleApplication@354bf6ab
----------------- Done invoking toplevel() on ptolemy.moml.MoMLSimpleApplication@354bf6ab
reloadAllAccessors: .functionClosureTest1

===========================================================================================
----------------- testing Thu May 23 04:23:02 UTC 2019 /home/travis/build/icyphy/ptII/ptolemy/actor/lib/test/auto/functionClosureTest2.xml
----------------- Instantiating /home/travis/build/icyphy/ptII/ptolemy/actor/lib/test/auto/functionClosureTest2.xml
1 ms. Memory: 1768960K Free: 767045K (43%)
----------------- Invoking toplevel() on ptolemy.moml.MoMLSimpleApplication@2719d1e6
----------------- Done invoking toplevel() on ptolemy.moml.MoMLSimpleApplication@2719d1e6
reloadAllAccessors: .functionClosureTest2

===========================================================================================
----------------- testing Thu May 23 04:23:03 UTC 2019 /home/travis/build/icyphy/ptII/ptolemy/actor/lib/test/auto/functionClosureTest3.xml
----------------- Instantiating /home/travis/build/icyphy/ptII/ptolemy/actor/lib/test/auto/functionClosureTest3.xml
2 ms. Memory: 1768960K Free: 750497K (42%)
----------------- Invoking toplevel() on ptolemy.moml.MoMLSimpleApplication@2fa2a34b
----------------- Done invoking toplevel() on ptolemy.moml.MoMLSimpleApplication@2fa2a34b
reloadAllAccessors: .functionClosureTest3

===========================================================================================
----------------- testing Thu May 23 04:23:03 UTC 2019 /home/travis/build/icyphy/ptII/ptolemy/actor/lib/test/auto/functionClosureTest4.xml
----------------- Instantiating /home/travis/build/icyphy/ptII/ptolemy/actor/lib/test/auto/functionClosureTest4.xml
3 ms. Memory: 1768960K Free: 729836K (41%)
----------------- Invoking toplevel() on ptolemy.moml.MoMLSimpleApplication@57a9d783
----------------- Done invoking toplevel() on ptolemy.moml.MoMLSimpleApplication@57a9d783
reloadAllAccessors: .functionClosureTest4

===========================================================================================
----------------- testing Thu May 23 04:23:03 UTC 2019 /home/travis/build/icyphy/ptII/ptolemy/actor/lib/test/auto/functionClosureTest5.xml
----------------- Instantiating /home/travis/build/icyphy/ptII/ptolemy/actor/lib/test/auto/functionClosureTest5.xml
4 ms. Memory: 1768960K Free: 709174K (40%)
----------------- Invoking toplevel() on ptolemy.moml.MoMLSimpleApplication@f4b00d8
----------------- Done invoking toplevel() on ptolemy.moml.MoMLSimpleApplication@f4b00d8
reloadAllAccessors: .functionClosureTest5

===========================================================================================
----------------- testing Thu May 23 04:23:03 UTC 2019 /home/travis/build/icyphy/ptII/ptolemy/actor/lib/test/auto/functionClosureTest6.xml
----------------- Instantiating /home/travis/build/icyphy/ptII/ptolemy/actor/lib/test/auto/functionClosureTest6.xml
2 ms. Memory: 1768960K Free: 692626K (39%)
----------------- Invoking toplevel() on ptolemy.moml.MoMLSimpleApplication@61fcf9a0
----------------- Done invoking toplevel() on ptolemy.moml.MoMLSimpleApplication@61fcf9a0
reloadAllAccessors: .functionClosureTest6

===========================================================================================
----------------- testing Thu May 23 04:23:03 UTC 2019 /home/travis/build/icyphy/ptII/ptolemy/actor/lib/test/auto/functionsOnArcs.xml
----------------- Instantiating /home/travis/build/icyphy/ptII/ptolemy/actor/lib/test/auto/functionsOnArcs.xml
2 ms. Memory: 1768960K Free: 671965K (38%)
----------------- Invoking toplevel() on ptolemy.moml.MoMLSimpleApplication@231f46aa
----------------- Done invoking toplevel() on ptolemy.moml.MoMLSimpleApplication@231f46aa
reloadAllAccessors: .functionsOnArcs

===========================================================================================
----------------- testing Thu May 23 04:23:03 UTC 2019 /home/travis/build/icyphy/ptII/ptolemy/actor/lib/test/auto/functionsOnArcsHOF.xml
----------------- Instantiating /home/travis/build/icyphy/ptII/ptolemy/actor/lib/test/auto/functionsOnArcsHOF.xml
4 ms. Memory: 1768960K Free: 651303K (37%)
----------------- Invoking toplevel() on ptolemy.moml.MoMLSimpleApplication@f8d0462
----------------- Done invoking toplevel() on ptolemy.moml.MoMLSimpleApplication@f8d0462
reloadAllAccessors: .functionsOnArcsHOF

===========================================================================================
----------------- testing Thu May 23 04:23:03 UTC 2019 /home/travis/build/icyphy/ptII/ptolemy/actor/lib/test/auto/logic.xml
----------------- Instantiating /home/travis/build/icyphy/ptII/ptolemy/actor/lib/test/auto/logic.xml
2 ms. Memory: 1768960K Free: 634755K (36%)
----------------- Invoking toplevel() on ptolemy.moml.MoMLSimpleApplication@3346b00b
----------------- Done invoking toplevel() on ptolemy.moml.MoMLSimpleApplication@3346b00b
reloadAllAccessors: .logic

===========================================================================================
----------------- testing Thu May 23 04:23:03 UTC 2019 /home/travis/build/icyphy/ptII/ptolemy/actor/lib/test/auto/matrixType.xml
----------------- Instantiating /home/travis/build/icyphy/ptII/ptolemy/actor/lib/test/auto/matrixType.xml
1 ms. Memory: 1768960K Free: 614094K (35%)
----------------- Invoking toplevel() on ptolemy.moml.MoMLSimpleApplication@6ea435b4
----------------- Done invoking toplevel() on ptolemy.moml.MoMLSimpleApplication@6ea435b4
reloadAllAccessors: .matrixType

===========================================================================================
----------------- testing Thu May 23 04:23:03 UTC 2019 /home/travis/build/icyphy/ptII/ptolemy/actor/lib/test/auto/matrixType10.xml
----------------- Instantiating /home/travis/build/icyphy/ptII/ptolemy/actor/lib/test/auto/matrixType10.xml
1 ms. Memory: 1768960K Free: 593432K (34%)
----------------- Invoking toplevel() on ptolemy.moml.MoMLSimpleApplication@6b05dfd4
----------------- Done invoking toplevel() on ptolemy.moml.MoMLSimpleApplication@6b05dfd4
reloadAllAccessors: .matrixType10

===========================================================================================
----------------- testing Thu May 23 04:23:03 UTC 2019 /home/travis/build/icyphy/ptII/ptolemy/actor/lib/test/auto/matrixType11.xml
----------------- Instantiating /home/travis/build/icyphy/ptII/ptolemy/actor/lib/test/auto/matrixType11.xml
2 ms. Memory: 1768960K Free: 576885K (33%)
----------------- Invoking toplevel() on ptolemy.moml.MoMLSimpleApplication@3740dad6
----------------- Done invoking toplevel() on ptolemy.moml.MoMLSimpleApplication@3740dad6
reloadAllAccessors: .matrixType11

===========================================================================================
----------------- testing Thu May 23 04:23:03 UTC 2019 /home/travis/build/icyphy/ptII/ptolemy/actor/lib/test/auto/matrixType12.xml
----------------- Instantiating /home/travis/build/icyphy/ptII/ptolemy/actor/lib/test/auto/matrixType12.xml
2 ms. Memory: 1768960K Free: 556223K (31%)
----------------- Invoking toplevel() on ptolemy.moml.MoMLSimpleApplication@2fdb7bb4
----------------- Done invoking toplevel() on ptolemy.moml.MoMLSimpleApplication@2fdb7bb4
reloadAllAccessors: .matrixType12

===========================================================================================
----------------- testing Thu May 23 04:23:03 UTC 2019 /home/travis/build/icyphy/ptII/ptolemy/actor/lib/test/auto/matrixType13.xml
----------------- Instantiating /home/travis/build/icyphy/ptII/ptolemy/actor/lib/test/auto/matrixType13.xml
1 ms. Memory: 1768960K Free: 535561K (30%)
----------------- Invoking toplevel() on ptolemy.moml.MoMLSimpleApplication@4b7f77fc
----------------- Done invoking toplevel() on ptolemy.moml.MoMLSimpleApplication@4b7f77fc
reloadAllAccessors: .matrixType13

===========================================================================================
----------------- testing Thu May 23 04:23:03 UTC 2019 /home/travis/build/icyphy/ptII/ptolemy/actor/lib/test/auto/matrixType14.xml
----------------- Instantiating /home/travis/build/icyphy/ptII/ptolemy/actor/lib/test/auto/matrixType14.xml
1 ms. Memory: 1768960K Free: 519013K (29%)
----------------- Invoking toplevel() on ptolemy.moml.MoMLSimpleApplication@34640a4f
----------------- Done invoking toplevel() on ptolemy.moml.MoMLSimpleApplication@34640a4f
reloadAllAccessors: .matrixType14

===========================================================================================
----------------- testing Thu May 23 04:23:03 UTC 2019 /home/travis/build/icyphy/ptII/ptolemy/actor/lib/test/auto/matrixType2.xml
----------------- Instantiating /home/travis/build/icyphy/ptII/ptolemy/actor/lib/test/auto/matrixType2.xml
2 ms. Memory: 1768960K Free: 498352K (28%)
----------------- Invoking toplevel() on ptolemy.moml.MoMLSimpleApplication@6addf3b5
----------------- Done invoking toplevel() on ptolemy.moml.MoMLSimpleApplication@6addf3b5
reloadAllAccessors: .matrixType2

===========================================================================================
----------------- testing Thu May 23 04:23:03 UTC 2019 /home/travis/build/icyphy/ptII/ptolemy/actor/lib/test/auto/matrixType3.xml
----------------- Instantiating /home/travis/build/icyphy/ptII/ptolemy/actor/lib/test/auto/matrixType3.xml
4 ms. Memory: 1768960K Free: 477690K (27%)
----------------- Invoking toplevel() on ptolemy.moml.MoMLSimpleApplication@7d1fa5d7
----------------- Done invoking toplevel() on ptolemy.moml.MoMLSimpleApplication@7d1fa5d7
reloadAllAccessors: .matrixType3

===========================================================================================
----------------- testing Thu May 23 04:23:03 UTC 2019 /home/travis/build/icyphy/ptII/ptolemy/actor/lib/test/auto/matrixType4.xml
----------------- Instantiating /home/travis/build/icyphy/ptII/ptolemy/actor/lib/test/auto/matrixType4.xml
2 ms. Memory: 1768960K Free: 461142K (26%)
----------------- Invoking toplevel() on ptolemy.moml.MoMLSimpleApplication@7f41fa9d
----------------- Done invoking toplevel() on ptolemy.moml.MoMLSimpleApplication@7f41fa9d
reloadAllAccessors: .matrixType4

===========================================================================================
----------------- testing Thu May 23 04:23:03 UTC 2019 /home/travis/build/icyphy/ptII/ptolemy/actor/lib/test/auto/matrixType5.xml
----------------- Instantiating /home/travis/build/icyphy/ptII/ptolemy/actor/lib/test/auto/matrixType5.xml
1 ms. Memory: 1768960K Free: 440481K (25%)
----------------- Invoking toplevel() on ptolemy.moml.MoMLSimpleApplication@299f501d
----------------- Done invoking toplevel() on ptolemy.moml.MoMLSimpleApplication@299f501d
reloadAllAccessors: .matrixType5

===========================================================================================
----------------- testing Thu May 23 04:23:03 UTC 2019 /home/travis/build/icyphy/ptII/ptolemy/actor/lib/test/auto/matrixType6.xml
----------------- Instantiating /home/travis/build/icyphy/ptII/ptolemy/actor/lib/test/auto/matrixType6.xml
1 ms. Memory: 1768960K Free: 419819K (24%)
----------------- Invoking toplevel() on ptolemy.moml.MoMLSimpleApplication@70f72cf6
----------------- Done invoking toplevel() on ptolemy.moml.MoMLSimpleApplication@70f72cf6
reloadAllAccessors: .matrixType6

===========================================================================================
----------------- testing Thu May 23 04:23:03 UTC 2019 /home/travis/build/icyphy/ptII/ptolemy/actor/lib/test/auto/matrixType7.xml
----------------- Instantiating /home/travis/build/icyphy/ptII/ptolemy/actor/lib/test/auto/matrixType7.xml
2 ms. Memory: 1768960K Free: 403271K (23%)
----------------- Invoking toplevel() on ptolemy.moml.MoMLSimpleApplication@743ae91d
----------------- Done invoking toplevel() on ptolemy.moml.MoMLSimpleApplication@743ae91d
reloadAllAccessors: .matrixType7

===========================================================================================
----------------- testing Thu May 23 04:23:03 UTC 2019 /home/travis/build/icyphy/ptII/ptolemy/actor/lib/test/auto/matrixType8.xml
----------------- Instantiating /home/travis/build/icyphy/ptII/ptolemy/actor/lib/test/auto/matrixType8.xml
1 ms. Memory: 1768960K Free: 382610K (22%)
----------------- Invoking toplevel() on ptolemy.moml.MoMLSimpleApplication@7ab5471
----------------- Done invoking toplevel() on ptolemy.moml.MoMLSimpleApplication@7ab5471
reloadAllAccessors: .matrixType8

===========================================================================================
----------------- testing Thu May 23 04:23:03 UTC 2019 /home/travis/build/icyphy/ptII/ptolemy/actor/lib/test/auto/matrixType9.xml
----------------- Instantiating /home/travis/build/icyphy/ptII/ptolemy/actor/lib/test/auto/matrixType9.xml
1 ms. Memory: 1768960K Free: 361948K (20%)
----------------- Invoking toplevel() on ptolemy.moml.MoMLSimpleApplication@4b2f4e4c
----------------- Done invoking toplevel() on ptolemy.moml.MoMLSimpleApplication@4b2f4e4c
reloadAllAccessors: .matrixType9

===========================================================================================
----------------- testing Thu May 23 04:23:03 UTC 2019 /home/travis/build/icyphy/ptII/ptolemy/actor/lib/test/auto/paraFunctest.xml
----------------- Instantiating /home/travis/build/icyphy/ptII/ptolemy/actor/lib/test/auto/paraFunctest.xml
1 ms. Memory: 1768960K Free: 345400K (20%)
----------------- Invoking toplevel() on ptolemy.moml.MoMLSimpleApplication@55eaeddc
----------------- Done invoking toplevel() on ptolemy.moml.MoMLSimpleApplication@55eaeddc
reloadAllAccessors: .paraFunctest

===========================================================================================
----------------- testing Thu May 23 04:23:03 UTC 2019 /home/travis/build/icyphy/ptII/ptolemy/actor/lib/test/auto/paraFunctest2.xml
----------------- Instantiating /home/travis/build/icyphy/ptII/ptolemy/actor/lib/test/auto/paraFunctest2.xml
1 ms. Memory: 1768960K Free: 324739K (18%)
----------------- Invoking toplevel() on ptolemy.moml.MoMLSimpleApplication@5b894305
----------------- Done invoking toplevel() on ptolemy.moml.MoMLSimpleApplication@5b894305
reloadAllAccessors: .paraFunctest2

===========================================================================================
----------------- testing Thu May 23 04:23:03 UTC 2019 /home/travis/build/icyphy/ptII/ptolemy/actor/lib/test/auto/parameterPassing.xml
----------------- Instantiating /home/travis/build/icyphy/ptII/ptolemy/actor/lib/test/auto/parameterPassing.xml
1 ms. Memory: 1768960K Free: 304077K (17%)
----------------- Invoking toplevel() on ptolemy.moml.MoMLSimpleApplication@21f004f7
----------------- Done invoking toplevel() on ptolemy.moml.MoMLSimpleApplication@21f004f7
reloadAllAccessors: .parameterPassing

===========================================================================================
----------------- testing Thu May 23 04:23:03 UTC 2019 /home/travis/build/icyphy/ptII/ptolemy/actor/lib/test/auto/record.xml
----------------- Instantiating /home/travis/build/icyphy/ptII/ptolemy/actor/lib/test/auto/record.xml
2 ms. Memory: 1768960K Free: 287529K (16%)
----------------- Invoking toplevel() on ptolemy.moml.MoMLSimpleApplication@7cf99601
----------------- Done invoking toplevel() on ptolemy.moml.MoMLSimpleApplication@7cf99601
reloadAllAccessors: .record

===========================================================================================
----------------- testing Thu May 23 04:23:03 UTC 2019 /home/travis/build/icyphy/ptII/ptolemy/actor/lib/test/auto/sizedarray1.xml
----------------- Instantiating /home/travis/build/icyphy/ptII/ptolemy/actor/lib/test/auto/sizedarray1.xml
1 ms. Memory: 1768960K Free: 266867K (15%)
----------------- Invoking toplevel() on ptolemy.moml.MoMLSimpleApplication@200cd194
----------------- Done invoking toplevel() on ptolemy.moml.MoMLSimpleApplication@200cd194
reloadAllAccessors: .sizedarray1

===========================================================================================
----------------- testing Thu May 23 04:23:03 UTC 2019 /home/travis/build/icyphy/ptII/ptolemy/actor/lib/test/auto/sizedarray2.xml
----------------- Instantiating /home/travis/build/icyphy/ptII/ptolemy/actor/lib/test/auto/sizedarray2.xml
4 ms. Memory: 1768960K Free: 246206K (14%)
----------------- Invoking toplevel() on ptolemy.moml.MoMLSimpleApplication@60917dc5
----------------- Done invoking toplevel() on ptolemy.moml.MoMLSimpleApplication@60917dc5
reloadAllAccessors: .sizedarray2

===========================================================================================
----------------- testing Thu May 23 04:23:03 UTC 2019 /home/travis/build/icyphy/ptII/ptolemy/actor/lib/test/auto/twoPublishers.xml
----------------- Instantiating /home/travis/build/icyphy/ptII/ptolemy/actor/lib/test/auto/twoPublishers.xml
5 ms. Memory: 1768960K Free: 221384K (13%)
----------------- Invoking toplevel() on ptolemy.moml.MoMLSimpleApplication@7cf4c559
----------------- Done invoking toplevel() on ptolemy.moml.MoMLSimpleApplication@7cf4c559
reloadAllAccessors: .twoPublishers
AutoTests.java: About to close Vertx.
AutoTests.java: Vertx closed.
]]></system-out>
  <system-err><![CDATA[java.lang.RuntimeException: Execution failed
	at ptolemy.moml.MoMLSimpleApplication$UnloadThread.run(MoMLSimpleApplication.java:402)
Caused by: java.lang.RuntimeException: StringUtilities.exit() was called. Normally, we would exit here because Manager.exitAfterWrapup() was called.  However, because the ptolemy.ptII.exitAfterWrapup property is set, we throw this exception instead.
	at ptolemy.util.StringUtilities.exit(StringUtilities.java:363)
	at ptolemy.actor.Manager.wrapup(Manager.java:1531)
	at ptolemy.actor.Manager.execute(Manager.java:407)
	at ptolemy.actor.Manager.run(Manager.java:1263)
	at ptolemy.actor.Manager$PtolemyRunThread.run(Manager.java:1915)
Warning: '.top.test' is in training mode, set the trainingMode parameter to false before checking in
Warning: '.top.test' is in training mode, set the trainingMode parameter to false before checking in
Warning: '.top.test' is in training mode, set the trainingMode parameter to false before checking in
Warning: '.BooleanSwitch_RegressionTest_WrongTrainingValues.Test' is in training mode, set the trainingMode parameter to false before checking in
Warning: '.BooleanSwitch_RegressionTest_WrongTrainingValues.Test2' is in training mode, set the trainingMode parameter to false before checking in
Warning: '.BooleanSwitch_RegressionTest_WrongTrainingValues.Test2' The test produced 0 tokens.
Warning: '.top.testExceptionHandler' is in training mode, set the trainingMode parameter to false before checking in
java.lang.RuntimeException: Execution failed
	at ptolemy.moml.MoMLSimpleApplication$UnloadThread.run(MoMLSimpleApplication.java:402)
Caused by: ptolemy.kernel.util.IllegalActionException: PublisherPorts cannot be used at the top level, use a Publisher actor instead.
  in .PublisherPortToplevelSubscriber.PublisherPort
	at ptolemy.actor.PublisherPort.preinitialize(PublisherPort.java:403)
	at ptolemy.actor.CompositeActor.preinitialize(CompositeActor.java:1769)
	at ptolemy.actor.Manager.preinitializeAndResolveTypes(Manager.java:1040)
	at ptolemy.actor.Manager.initialize(Manager.java:710)
	at ptolemy.actor.Manager.execute(Manager.java:356)
	at ptolemy.actor.Manager.run(Manager.java:1263)
	at ptolemy.actor.Manager$PtolemyRunThread.run(Manager.java:1915)
java.lang.reflect.InvocationTargetException
	at sun.reflect.NativeConstructorAccessorImpl.newInstance0(Native Method)
	at sun.reflect.NativeConstructorAccessorImpl.newInstance(NativeConstructorAccessorImpl.java:62)
	at sun.reflect.DelegatingConstructorAccessorImpl.newInstance(DelegatingConstructorAccessorImpl.java:45)
	at java.lang.reflect.Constructor.newInstance(Constructor.java:423)
	at ptolemy.util.test.junit.AutoKnownFailedTests.RunModel(AutoKnownFailedTests.java:105)
	at sun.reflect.NativeMethodAccessorImpl.invoke0(Native Method)
	at sun.reflect.NativeMethodAccessorImpl.invoke(NativeMethodAccessorImpl.java:62)
	at sun.reflect.DelegatingMethodAccessorImpl.invoke(DelegatingMethodAccessorImpl.java:43)
	at java.lang.reflect.Method.invoke(Method.java:498)
	at org.junit.runners.model.FrameworkMethod$1.runReflectiveCall(FrameworkMethod.java:44)
	at org.junit.internal.runners.model.ReflectiveCallable.run(ReflectiveCallable.java:15)
	at org.junit.runners.model.FrameworkMethod.invokeExplosively(FrameworkMethod.java:41)
	at junitparams.internal.InvokeParameterisedMethod.evaluate(InvokeParameterisedMethod.java:102)
	at org.junit.internal.runners.statements.FailOnTimeout$1.run(FailOnTimeout.java:28)
Caused by: ptolemy.kernel.util.IllegalActionException: PublisherPorts cannot be used at the top level, use a Publisher actor instead.
  in .PublisherPortToplevelSubscriber.PublisherPort
	at ptolemy.actor.PublisherPort.preinitialize(PublisherPort.java:403)
	at ptolemy.actor.CompositeActor.preinitialize(CompositeActor.java:1769)
	at ptolemy.actor.Manager.preinitializeAndResolveTypes(Manager.java:1040)
	at ptolemy.actor.Manager.initialize(Manager.java:710)
	at ptolemy.actor.Manager.execute(Manager.java:356)
	at ptolemy.actor.Manager.run(Manager.java:1263)
	at ptolemy.actor.Manager$PtolemyRunThread.run(Manager.java:1915)
java.lang.RuntimeException: Execution failed
	at ptolemy.moml.MoMLSimpleApplication$UnloadThread.run(MoMLSimpleApplication.java:402)
Caused by: ptolemy.kernel.util.IllegalActionException: SubscriberPorts cannot be used at the top level, use a Subscriber actor instead.
  in .PublisherSubscriberPortToplevel.SubscriberPort
	at ptolemy.actor.SubscriberPort.preinitialize(SubscriberPort.java:328)
	at ptolemy.actor.CompositeActor.preinitialize(CompositeActor.java:1769)
	at ptolemy.actor.Manager.preinitializeAndResolveTypes(Manager.java:1040)
	at ptolemy.actor.Manager.initialize(Manager.java:710)
	at ptolemy.actor.Manager.execute(Manager.java:356)
	at ptolemy.actor.Manager.run(Manager.java:1263)
	at ptolemy.actor.Manager$PtolemyRunThread.run(Manager.java:1915)
java.lang.reflect.InvocationTargetException
	at sun.reflect.NativeConstructorAccessorImpl.newInstance0(Native Method)
	at sun.reflect.NativeConstructorAccessorImpl.newInstance(NativeConstructorAccessorImpl.java:62)
	at sun.reflect.DelegatingConstructorAccessorImpl.newInstance(DelegatingConstructorAccessorImpl.java:45)
	at java.lang.reflect.Constructor.newInstance(Constructor.java:423)
	at ptolemy.util.test.junit.AutoKnownFailedTests.RunModel(AutoKnownFailedTests.java:105)
	at sun.reflect.NativeMethodAccessorImpl.invoke0(Native Method)
	at sun.reflect.NativeMethodAccessorImpl.invoke(NativeMethodAccessorImpl.java:62)
	at sun.reflect.DelegatingMethodAccessorImpl.invoke(DelegatingMethodAccessorImpl.java:43)
	at java.lang.reflect.Method.invoke(Method.java:498)
	at org.junit.runners.model.FrameworkMethod$1.runReflectiveCall(FrameworkMethod.java:44)
	at org.junit.internal.runners.model.ReflectiveCallable.run(ReflectiveCallable.java:15)
	at org.junit.runners.model.FrameworkMethod.invokeExplosively(FrameworkMethod.java:41)
	at junitparams.internal.InvokeParameterisedMethod.evaluate(InvokeParameterisedMethod.java:102)
	at org.junit.internal.runners.statements.FailOnTimeout$1.run(FailOnTimeout.java:28)
Caused by: ptolemy.kernel.util.IllegalActionException: SubscriberPorts cannot be used at the top level, use a Subscriber actor instead.
  in .PublisherSubscriberPortToplevel.SubscriberPort
	at ptolemy.actor.SubscriberPort.preinitialize(SubscriberPort.java:328)
	at ptolemy.actor.CompositeActor.preinitialize(CompositeActor.java:1769)
	at ptolemy.actor.Manager.preinitializeAndResolveTypes(Manager.java:1040)
	at ptolemy.actor.Manager.initialize(Manager.java:710)
	at ptolemy.actor.Manager.execute(Manager.java:356)
	at ptolemy.actor.Manager.run(Manager.java:1263)
	at ptolemy.actor.Manager$PtolemyRunThread.run(Manager.java:1915)
java.lang.RuntimeException: Execution failed
	at ptolemy.moml.MoMLSimpleApplication$UnloadThread.run(MoMLSimpleApplication.java:402)
Caused by: ptolemy.kernel.util.IllegalActionException: SubscriptionAggregatorPorts cannot be used at the top level, use a SubscriptionAggregator actor instead.
  in .PublisherSubscriptionAggregatorPort.SubscriptionAggregatorPort
	at ptolemy.actor.SubscriptionAggregatorPort.preinitialize(SubscriptionAggregatorPort.java:353)
	at ptolemy.actor.CompositeActor.preinitialize(CompositeActor.java:1769)
	at ptolemy.actor.Manager.preinitializeAndResolveTypes(Manager.java:1040)
	at ptolemy.actor.Manager.initialize(Manager.java:710)
	at ptolemy.actor.Manager.execute(Manager.java:356)
	at ptolemy.actor.Manager.run(Manager.java:1263)
	at ptolemy.actor.Manager$PtolemyRunThread.run(Manager.java:1915)
java.lang.reflect.InvocationTargetException
	at sun.reflect.NativeConstructorAccessorImpl.newInstance0(Native Method)
	at sun.reflect.NativeConstructorAccessorImpl.newInstance(NativeConstructorAccessorImpl.java:62)
	at sun.reflect.DelegatingConstructorAccessorImpl.newInstance(DelegatingConstructorAccessorImpl.java:45)
	at java.lang.reflect.Constructor.newInstance(Constructor.java:423)
	at ptolemy.util.test.junit.AutoKnownFailedTests.RunModel(AutoKnownFailedTests.java:105)
	at sun.reflect.NativeMethodAccessorImpl.invoke0(Native Method)
	at sun.reflect.NativeMethodAccessorImpl.invoke(NativeMethodAccessorImpl.java:62)
	at sun.reflect.DelegatingMethodAccessorImpl.invoke(DelegatingMethodAccessorImpl.java:43)
	at java.lang.reflect.Method.invoke(Method.java:498)
	at org.junit.runners.model.FrameworkMethod$1.runReflectiveCall(FrameworkMethod.java:44)
	at org.junit.internal.runners.model.ReflectiveCallable.run(ReflectiveCallable.java:15)
	at org.junit.runners.model.FrameworkMethod.invokeExplosively(FrameworkMethod.java:41)
	at junitparams.internal.InvokeParameterisedMethod.evaluate(InvokeParameterisedMethod.java:102)
	at org.junit.internal.runners.statements.FailOnTimeout$1.run(FailOnTimeout.java:28)
Caused by: ptolemy.kernel.util.IllegalActionException: SubscriptionAggregatorPorts cannot be used at the top level, use a SubscriptionAggregator actor instead.
  in .PublisherSubscriptionAggregatorPort.SubscriptionAggregatorPort
	at ptolemy.actor.SubscriptionAggregatorPort.preinitialize(SubscriptionAggregatorPort.java:353)
	at ptolemy.actor.CompositeActor.preinitialize(CompositeActor.java:1769)
	at ptolemy.actor.Manager.preinitializeAndResolveTypes(Manager.java:1040)
	at ptolemy.actor.Manager.initialize(Manager.java:710)
	at ptolemy.actor.Manager.execute(Manager.java:356)
	at ptolemy.actor.Manager.run(Manager.java:1263)
	at ptolemy.actor.Manager$PtolemyRunThread.run(Manager.java:1915)
java.lang.RuntimeException: Execution failed
	at ptolemy.moml.MoMLSimpleApplication$UnloadThread.run(MoMLSimpleApplication.java:402)
Caused by: ptolemy.kernel.util.IllegalActionException: TypeTest actor has no training data.
  in .sizedarray3.TypeTest
	at ptolemy.actor.lib.TypeTest.initialize(TypeTest.java:250)
	at ptolemy.actor.Director.initialize(Director.java:938)
	at ptolemy.actor.Director.initialize(Director.java:907)
	at ptolemy.actor.sched.StaticSchedulingDirector.initialize(StaticSchedulingDirector.java:159)
	at ptolemy.domains.sdf.kernel.SDFDirector.initialize(SDFDirector.java:544)
	at ptolemy.actor.CompositeActor.initialize(CompositeActor.java:935)
	at ptolemy.actor.Manager.initialize(Manager.java:724)
	at ptolemy.actor.Manager.execute(Manager.java:356)
	at ptolemy.actor.Manager.run(Manager.java:1263)
	at ptolemy.actor.Manager$PtolemyRunThread.run(Manager.java:1915)
java.lang.reflect.InvocationTargetException
	at sun.reflect.NativeConstructorAccessorImpl.newInstance0(Native Method)
	at sun.reflect.NativeConstructorAccessorImpl.newInstance(NativeConstructorAccessorImpl.java:62)
	at sun.reflect.DelegatingConstructorAccessorImpl.newInstance(DelegatingConstructorAccessorImpl.java:45)
	at java.lang.reflect.Constructor.newInstance(Constructor.java:423)
	at ptolemy.util.test.junit.AutoKnownFailedTests.RunModel(AutoKnownFailedTests.java:105)
	at sun.reflect.NativeMethodAccessorImpl.invoke0(Native Method)
	at sun.reflect.NativeMethodAccessorImpl.invoke(NativeMethodAccessorImpl.java:62)
	at sun.reflect.DelegatingMethodAccessorImpl.invoke(DelegatingMethodAccessorImpl.java:43)
	at java.lang.reflect.Method.invoke(Method.java:498)
	at org.junit.runners.model.FrameworkMethod$1.runReflectiveCall(FrameworkMethod.java:44)
	at org.junit.internal.runners.model.ReflectiveCallable.run(ReflectiveCallable.java:15)
	at org.junit.runners.model.FrameworkMethod.invokeExplosively(FrameworkMethod.java:41)
	at junitparams.internal.InvokeParameterisedMethod.evaluate(InvokeParameterisedMethod.java:102)
	at org.junit.internal.runners.statements.FailOnTimeout$1.run(FailOnTimeout.java:28)
Caused by: ptolemy.kernel.util.IllegalActionException: TypeTest actor has no training data.
  in .sizedarray3.TypeTest
	at ptolemy.actor.lib.TypeTest.initialize(TypeTest.java:250)
	at ptolemy.actor.Director.initialize(Director.java:938)
	at ptolemy.actor.Director.initialize(Director.java:907)
	at ptolemy.actor.sched.StaticSchedulingDirector.initialize(StaticSchedulingDirector.java:159)
	at ptolemy.domains.sdf.kernel.SDFDirector.initialize(SDFDirector.java:544)
	at ptolemy.actor.CompositeActor.initialize(CompositeActor.java:935)
	at ptolemy.actor.Manager.initialize(Manager.java:724)
	at ptolemy.actor.Manager.execute(Manager.java:356)
	at ptolemy.actor.Manager.run(Manager.java:1263)
	at ptolemy.actor.Manager$PtolemyRunThread.run(Manager.java:1915)
]]></system-err>
</testsuite>
