<?xml version="1.0" encoding="UTF-8" ?>
<testsuite errors="0" failures="0" hostname="travis-job-c14b5613-6fa5-4ca3-a04d-86229fb9a2ba" name="ptolemy.actor.lib.test.junit.JUnitTclTest" skipped="0" tests="517" time="61.453" timestamp="2020-09-07T15:41:41">
  <properties>
    <property name="npm.executable" value="npm" />
    <property name="env.TRAVIS_ROOT" value="/" />
    <property name="ptII.mk.exists" value="true" />
    <property name="env.TRAVIS_APP_HOST" value="build.travis-ci.org" />
    <property name="env.rvm_bin_path" value="/home/travis/.rvm/bin" />
    <property name="java.home" value="/usr/local/lib/jvm/openjdk11" />
    <property name="env.TRAVIS_JOB_NUMBER" value="1757.8" />
    <property name="env.TRAVIS_HOME" value="/home/travis" />
    <property name="env.DISPLAY" value=":99.0" />
    <property name="env.TRAVIS_INIT" value="systemd" />
    <property name="env.SSH_TTY" value="/dev/pts/0" />
    <property name="java.net.preferIPv4Stack" value="true" />
    <property name="env.RUN_TESTS" value="true" />
    <property name="timeout.short" value="1000000" />
    <property name="junit.formatter" value="xml" />
    <property name="env.TRAVIS_SUDO" value="true" />
    <property name="env.TRAVIS_JOB_NAME" value="" />
    <property name="env.TRAVIS_STACK_NODE_ATTRIBUTES" value="/.node-attributes.yml" />
    <property name="env.LOGNAME" value="travis" />
    <property name="env.PT_TRAVIS_TEST_CORE1_XML" value="true" />
    <property name="jsdoc.home" value="node_modules/@terraswarm/jsdoc" />
    <property name="debuglevel" value="source,lines,vars" />
    <property name="checkstyle.formatter" value="xml" />
    <property name="bin.vergil.makeable" value="true" />
    <property name="sun.os.patch.level" value="unknown" />
    <property name="java.vendor.url" value="http://java.oracle.com/" />
    <property name="env.TRAVIS_BUILD_WEB_URL" value="https://travis-ci.org/icyphy/ptII/builds/724964353" />
    <property name="java.version" value="11.0.2" />
    <property name="env.TZ" value="UTC" />
    <property name="env.TRAVIS_PULL_REQUEST_SHA" value="" />
    <property name="env.PT_NO_NET" value="true" />
    <property name="env.TRAVIS_SECURE_ENV_VARS" value="true" />
    <property name="java.vendor.url.bug" value="http://bugreport.java.com/bugreport/" />
    <property name="npmjs-org-is-up" value="true" />
    <property name="env.LANGUAGE" value="en_US.UTF-8" />
    <property name="env.SSH_CLIENT" value="10.52.7.38 53964 22" />
    <property name="env.GEM_HOME" value="/home/travis/.rvm/gems/ruby-2.5.3" />
    <property name="env.HAS_ANTARES_THREE_LITTLE_FRONZIES_BADGE" value="true" />
    <property name="java.version.date" value="2019-01-15" />
    <property name="env.PS4" value="+" />
    <property name="ant.project.invoked-targets" value="build,test.core1.xml" />
    <property name="env.TRAVIS_PULL_REQUEST_BRANCH" value="" />
    <property name="env.TRAVIS_REPO_SLUG" value="icyphy/ptII" />
    <property name="env.XDG_DATA_DIRS" value="/usr/local/share:/usr/share:/var/lib/snapd/desktop" />
    <property name="jdk.debug" value="release" />
    <property name="env.TRAVIS_APT_PROXY" value="http://build-cache.travisci.net" />
    <property name="env.TRAVIS_CPU_ARCH" value="amd64" />
    <property name="node.in.path" value="true" />
    <property name="user.name" value="travis" />
    <property name="java.maxmemory" value="1400m" />
    <property name="env.RUBY_VERSION" value="ruby-2.5.3" />
    <property name="env.LANG" value="en_US.UTF-8" />
    <property name="sun.io.unicode.encoding" value="UnicodeLittle" />
    <property name="sun.jnu.encoding" value="UTF-8" />
    <property name="java.runtime.name" value="OpenJDK Runtime Environment" />
    <property name="usefile" value="false" />
    <property name="return.code" value="0" />
    <property name="junit.single.formatter" value="plain" />
    <property name="env.DYLD_LIBRARY_PATH" value="/home/travis/pthla/certi-tools/lib:" />
    <property name="env.DEBIAN_FRONTEND" value="noninteractive" />
    <property name="env.SSH_CONNECTION" value="10.52.7.38 53964 10.20.0.182 22" />
    <property name="env.MYSQL_UNIX_PORT" value="/var/run/mysqld/mysqld.sock" />
    <property name="env.LC_ALL" value="en_US.UTF-8" />
    <property name="env.TRAVIS_ALLOW_FAILURE" value="" />
    <property name="env.TRAVIS_JOB_WEB_URL" value="https://travis-ci.org/icyphy/ptII/jobs/724964366" />
    <property name="java.specification.name" value="Java Platform API Specification" />
    <property name="node.works" value="true" />
    <property name="user.timezone" value="" />
    <property name="path.separator" value=":" />
    <property name="env.TRAVIS_ENABLE_INFRA_DETECTION" value="true" />
    <property name="env.PYTHON_CFLAGS" value="-g -fstack-protector --param=ssp-buffer-size=4 -Wformat -Werror=format-security" />
    <property name="timeout.long" value="4000000" />
    <property name="env.CERTI_HOME" value="/home/travis/pthla/certi-tools" />
    <property name="ant.file.ptII" value="/home/travis/build/icyphy/ptII/build.xml" />
    <property name="javadoc.packagenames" value="com.*,diva.*,lbnl.*,org.hlacerti.*,org.json.*,org.ptolemy.*,org.terraswarm.*,ptolemy.*,ptserver.*" />
    <property name="file.encoding" value="UTF-8" />
    <property name="env.TRAVIS_PULL_REQUEST_SLUG" value="" />
    <property name="ant.project.default-target" value="build" />
    <property name="env.GIT_ASKPASS" value="echo" />
    <property name="env.HOME" value="/home/travis" />
    <property name="sun.java.command" value="org.apache.tools.ant.taskdefs.optional.junit.JUnitTestRunner ptolemy.actor.lib.test.junit.JUnitTclTest skipNonTests=false filtertrace=true haltOnError=false haltOnFailure=false formatter=org.apache.tools.ant.taskdefs.optional.junit.OutErrSummaryJUnitResultFormatter showoutput=true outputtoformatters=true logfailedtests=true threadid=0 logtestlistenerevents=false formatter=org.apache.tools.ant.taskdefs.optional.junit.XMLJUnitResultFormatter,/home/travis/build/icyphy/ptII/reports/junit/TEST-ptolemy.actor.lib.test.junit.JUnitTclTest.xml crashfile=/home/travis/build/icyphy/ptII/junitvmwatcher15343777321287214425.properties propsfile=/home/travis/build/icyphy/ptII/junit3531443801614753526.properties" />
    <property name="env.COMPOSER_NO_INTERACTION" value="1" />
    <property name="env.MANPATH" value="/home/travis/.nvm/versions/node/v7.10.1/share/man:/home/travis/.rvm/rubies/ruby-2.5.3/share/man:/usr/local/cmake-3.12.4/man:/usr/local/clang-7.0.0/share/man:/usr/local/man:/usr/local/share/man:/usr/share/man:/home/travis/.rvm/man" />
    <property name="env.TRAVIS_TIMER_ID" value="0878ef1b" />
    <property name="ant.file" value="/home/travis/build/icyphy/ptII/build.xml" />
    <property name="env.TRAVIS_COMMIT_RANGE" value="3bb573e462e9b4151952318d01b7e361e9f419ad...74248200255084cca0f8d02e5ad09f36c0965423" />
    <property name="ptII.classpath.optional.property" value="/home/travis/build/icyphy/ptII/lib/bsh-2.0b4.jar:/home/travis/build/icyphy/ptII/lib/ptCal.jar:/home/travis/build/icyphy/ptII/lib/java_cup.jar:/home/travis/build/icyphy/ptII/lib/saxon8.jar:/home/travis/build/icyphy/ptII/lib/saxon8-dom.jar:/home/travis/build/icyphy/ptII/lib/chic.jar:/home/travis/build/icyphy/ptII/lib/ptcolt.jar:/home/travis/build/icyphy/ptII/vendors/misc/itext/iText.jar:/home/travis/build/icyphy/ptII/lib/g4ltl.jar:/home/travis/build/icyphy/ptII/lib/StructuralCoder.jar:/home/travis/build/icyphy/ptII/lib/jcerti.jar:/home/travis/build/icyphy/ptII/lib/javax.mail.jar:/home/travis/build/icyphy/ptII/vendors/JMF-2.1.1e/lib/jmf.jar:/home/travis/build/icyphy/ptII/lib/jna-4.0.0-variadic.jar:/home/travis/build/icyphy/ptII/vendors/misc/joystick/Joystick.jar:/home/travis/build/icyphy/ptII/lib/ptjacl.jar:/home/travis/build/icyphy/ptII/lib/jsoup-1.8.2.jar:/home/travis/build/icyphy/ptII/lib/junit-4.8.2.jar:/home/travis/build/icyphy/ptII/lib/JUnitParams-0.4.0.jar:/home/travis/build/icyphy/ptII/ptolemy/actor/lib/excel/jxl.jar:/home/travis/build/icyphy/ptII/lib/jython.jar:/home/travis/build/icyphy/ptII/lib/kieler.jar:/home/travis/build/icyphy/ptII/vendors/opencv/share/OpenCV/java/opencv-341.jar:/home/travis/build/icyphy/ptII/lib/oscP5.jar:/home/travis/build/icyphy/ptII/lib/nrjavaserial-3.11.0.devel.jar:/home/travis/build/icyphy/ptII/vendors/j3d/lib/Linux/j3dcore.jar:/home/travis/build/icyphy/ptII/vendors/j3d/lib/Linux/j3dutils.jar:/home/travis/build/icyphy/ptII/vendors/j3d/lib/Linux/vecmath.jar:/home/travis/build/icyphy/ptII/vendors/jogl/lib/Linux/gluegen-rt-natives-linux-amd64.jar:/home/travis/build/icyphy/ptII/vendors/jogl/lib/Linux/gluegen-rt.jar:/home/travis/build/icyphy/ptII/vendors/jogl/lib/Linux/jogl-all-natives-linux-amd64.jar:/home/travis/build/icyphy/ptII/vendors/jogl/lib/Linux/jogl-all.jar:/home/travis/build/icyphy/ptII/ptolemy/distributed/jini/jar/jini-core.jar:/home/travis/build/icyphy/ptII/ptolemy/distributed/jini/jar/jini-ext.jar:/home/travis/build/icyphy/ptII/ptolemy/distributed/jini/jar/sun-util.jar:/home/travis/build/icyphy/ptII/lib/protobuf-java-2.4.1.jar:/home/travis/build/icyphy/ptII/lib/org.eclipse.paho.client.mqttv3.jar:/home/travis/build/icyphy/ptII/lib/mapss.jar:/home/travis/build/icyphy/ptII/ptolemy/actor/ptalon/antlr/antlr.jar:/home/travis/build/icyphy/ptII/lib/JRI.jar:/home/travis/build/icyphy/ptII/lib/commons-lang-2.6.jar:/home/travis/build/icyphy/ptII/lib/commons-logging-1.1.1.jar:/home/travis/build/icyphy/ptII/lib/sootclasses.jar:/home/travis/build/icyphy/ptII/ptolemy/actor/lib/database/mysql-connector-java-5.1.6-bin.jar:/home/travis/build/icyphy/ptII/vendors/misc/sphinx4/sphinx4-data-5prealpha.jar:/home/travis/build/icyphy/ptII/vendors/misc/sphinx4/sphinx4-core-5prealpha.jar:/home/travis/build/icyphy/ptII/lib/PDFRenderer.jar:/home/travis/build/icyphy/ptII/lib/svgSalamander.jar:/home/travis/build/icyphy/ptII/lib/rsyntaxtextarea-2.6.0-SNAPSHOT.jar:/home/travis/build/icyphy/ptII/lib/hazelcast-3.8.2.jar:/home/travis/build/icyphy/ptII/lib/jackson-annotations-2.9.0.jar:/home/travis/build/icyphy/ptII/lib/jackson-core-2.9.3.jar:/home/travis/build/icyphy/ptII/lib/jackson-databind-2.9.3.jar:/home/travis/build/icyphy/ptII/lib/netty-buffer-4.1.19.Final.jar:/home/travis/build/icyphy/ptII/lib/netty-codec-4.1.19.Final.jar:/home/travis/build/icyphy/ptII/lib/netty-codec-dns-4.1.19.Final.jar:/home/travis/build/icyphy/ptII/lib/netty-codec-http-4.1.19.Final.jar:/home/travis/build/icyphy/ptII/lib/netty-codec-http2-4.1.19.Final.jar:/home/travis/build/icyphy/ptII/lib/netty-common-4.1.19.Final.jar:/home/travis/build/icyphy/ptII/lib/netty-handler-4.1.19.Final.jar:/home/travis/build/icyphy/ptII/lib/netty-resolver-4.1.19.Final.jar:/home/travis/build/icyphy/ptII/lib/netty-resolver-dns-4.1.19.Final.jar:/home/travis/build/icyphy/ptII/lib/netty-transport-4.1.19.Final.jar:/home/travis/build/icyphy/ptII/lib/vertx-codegen-3.5.1.jar:/home/travis/build/icyphy/ptII/lib/vertx-core-3.5.2-SNAPSHOT.jar:/home/travis/build/icyphy/ptII/lib/vertx-hazelcast-3.5.1.jar:/home/travis/build/icyphy/ptII/lib/vertx-lang-js-3.5.1.jar:/home/travis/build/icyphy/ptII/lib/vertx-service-proxy-3.5.1.jar:/home/travis/build/icyphy/ptII/lib/vertx-web-3.5.1.jar:/home/travis/build/icyphy/ptII/lib/slf4j-api-1.7.13.jar:/home/travis/build/icyphy/ptII/lib/slf4j-simple-1.7.13.jar:/home/travis/build/icyphy/ptII/lib/webcam-capture-0.3.12.jar:/home/travis/build/icyphy/ptII/lib/bridj-0.7.0.jar:/home/travis/build/icyphy/ptII/lib/xbjlib-1.1.0.nrjavaserial.jar" />
    <property name="timeout" value="2400000" />
    <property name="test.batch" value="**/junit/*.java" />
    <property name="env._" value="/usr/bin/timeout" />
    <property name="java.io.tmpdir" value="/tmp" />
    <property name="user.language" value="en" />
    <property name="env.TRAVIS_INTERNAL_RUBY_REGEX" value="^ruby-(2\.[0-4]\.[0-9]|1\.9\.3)" />
    <property name="env.HISTCONTROL" value="ignoredups:ignorespace" />
    <property name="env.GOROOT" value="/home/travis/.gimme/versions/go1.11.1.linux.amd64" />
    <property name="line.separator" value="&#xa;" />
    <property name="target" value="11" />
    <property name="env.TRAVIS_BUILD_DIR" value="/home/travis/build/icyphy/ptII" />
    <property name="env.ANT_OPTS" value="-Xmx2048m" />
    <property name="ant.file.type" value="file" />
    <property name="ptolemy.ptII.batchMode" value="true" />
    <property name="env.HISTSIZE" value="1000" />
    <property name="env.MERB_ENV" value="test" />
    <property name="java.vm.info" value="mixed mode" />
    <property name="source" value="11" />
    <property name="java.vm.specification.name" value="Java Virtual Machine Specification" />
    <property name="env.TRAVIS_TEST_RESULT" value="0" />
    <property name="jsdoc.command" value="node_modules/@terraswarm/jsdoc/jsdoc.js" />
    <property name="npm.works" value="true" />
    <property name="cobertura.dir" value="/home/travis/build/icyphy/ptII/vendors/cobertura-2.0.3" />
    <property name="jsdoc.command.exists" value="true" />
    <property name="env.rvm_path" value="/home/travis/.rvm" />
    <property name="env.GEM_PATH" value="/home/travis/.rvm/gems/ruby-2.5.3:/home/travis/.rvm/gems/ruby-2.5.3@global" />
    <property name="env.LC_CTYPE" value="en_US.UTF-8" />
    <property name="env.TRAVIS_CMD" value="$PTII/bin/ptIITravisBuild.sh $SECONDS" />
    <property name="java.awt.printerjob" value="sun.print.PSPrinterJob" />
    <property name="env.TRAVIS_STACK_NAME" value="sardonyx" />
    <property name="env.TRAVIS_TIMER_START_TIME" value="1599492673449548937" />
    <property name="ant.version" value="Apache Ant(TM) version 1.10.1 compiled on February 2 2017" />
    <property name="ptII.reports" value="/home/travis/build/icyphy/ptII/reports" />
    <property name="env.TRAVIS_STACK_TIMESTAMP" value="2020-06-24 13:13:18 UTC" />
    <property name="ant.file.type.ptII" value="file" />
    <property name="env.RBENV_SHELL" value="bash" />
    <property name="os.name" value="Linux" />
    <property name="java.specification.vendor" value="Oracle Corporation" />
    <property name="env.rvm_version" value="1.29.10 (latest)" />
    <property name="env.TRAVIS_INFRA" value="unknown" />
    <property name="env.TERM" value="xterm" />
    <property name="java.vm.name" value="OpenJDK 64-Bit Server VM" />
    <property name="env.TRAVIS_BUILD_NUMBER" value="1757" />
    <property name="env.CI" value="true" />
    <property name="java.library.path" value="/home/travis/pthla/certi-tools/lib:/usr/lib/jni:/usr/local/share/OpenCV/java/:/usr/share/OpenCV/java::/usr/java/packages/lib:/usr/lib64:/lib64:/lib:/usr/lib" />
    <property name="jdk.module.path" value="/home/travis/build/icyphy/ptII/vendors/javafx/javafx-sdk-11.0.2/lib:" />
    <property name="env.rvm_prefix" value="/home/travis" />
    <property name="env.PATH" value="/home/travis/pthla/certi-tools/share/scripts:/home/travis/.rvm/gems/ruby-2.5.3/bin:/home/travis/.rvm/gems/ruby-2.5.3@global/bin:/home/travis/.rvm/rubies/ruby-2.5.3/bin:/home/travis/.rvm/bin:/home/travis/.nvm/versions/node/v7.10.1/bin:./node_modules/.bin:/home/travis/build/icyphy/ptII/bin:/home/travis/pthla/certi-tools/bin:/home/travis/bin:/home/travis/.local/bin:/usr/local/lib/jvm/openjdk11/bin:/opt/pyenv/shims:/home/travis/.phpenv/shims:/home/travis/perl5/perlbrew/bin:/home/travis/gopath/bin:/home/travis/.gimme/versions/go1.11.1.linux.amd64/bin:/usr/local/maven-3.6.3/bin:/usr/local/cmake-3.12.4/bin:/usr/local/clang-7.0.0/bin:/usr/local/sbin:/usr/local/bin:/usr/sbin:/usr/bin:/sbin:/bin:/snap/bin:/home/travis/.phpenv/bin:/opt/pyenv/bin:/home/travis/.yarn/bin" />
    <property name="env.TRAVIS_OS_NAME" value="linux" />
    <property name="ant.java.version" value="9" />
    <property name="basedir" value="/home/travis/build/icyphy/ptII" />
    <property name="java.class.version" value="55.0" />
    <property name="env.SHLVL" value="3" />
    <property name="env.LD_LIBRARY_PATH" value="/home/travis/pthla/certi-tools/lib:/usr/lib/jni:/usr/local/share/OpenCV/java/:/usr/share/OpenCV/java:" />
    <property name="env.RACK_ENV" value="test" />
    <property name="ant.home" value="/home/travis/build/icyphy/ptII/ant" />
    <property name="env.NVM_DIR" value="/home/travis/.nvm" />
    <property name="env.CERTI_FOM_PATH" value="/home/travis/pthla/certi-tools/share/federations" />
    <property name="env.TRAVIS_BUILD_ID" value="724964353" />
    <property name="env.PYENV_ROOT" value="/opt/pyenv" />
    <property name="env.TRAVIS_UID" value="2000" />
    <property name="prism.verbose" value="true" />
    <property name="env.NVM_BIN" value="/home/travis/.nvm/versions/node/v7.10.1/bin" />
    <property name="env.TRAVIS_COMMIT" value="74248200255084cca0f8d02e5ad09f36c0965423" />
    <property name="node.executable" value="node" />
    <property name="sun.boot.library.path" value="/usr/local/lib/jvm/openjdk11/lib" />
    <property name="sun.management.compiler" value="HotSpot 64-Bit Tiered Compilers" />
    <property name="java.awt.graphicsenv" value="sun.awt.X11GraphicsEnvironment" />
    <property name="env.GOPATH" value="/home/travis/gopath" />
    <property name="ptolemy.ptII.dir" value="/home/travis/build/icyphy/ptII" />
    <property name="env.USER" value="travis" />
    <property name="env.HISTFILESIZE" value="2000" />
    <property name="env.NVM_INC" value="/home/travis/.nvm/versions/node/v7.10.1/include/node" />
    <property name="timeout.longest" value="19000000" />
    <property name="env.PERLBREW_SHELLRC_VERSION" value="0.88" />
    <property name="env.TRAVIS_STACK_FEATURES" value="basic couchdb disabled-ipv6 docker docker-compose elasticsearch firefox go-toolchain google-chrome jdk memcached mongodb mysql nodejs_interpreter perl_interpreter perlbrew phantomjs postgresql python_interpreter redis ruby_interpreter sqlite xserver" />
    <property name="env.TRAVIS_PULL_REQUEST" value="false" />
    <property name="env.PYENV_SHELL" value="bash" />
    <property name="ant.project.name" value="ptII" />
    <property name="env.ANSI_RESET" value="\033[0m" />
    <property name="java.vm.specification.version" value="11" />
    <property name="env.TRAVIS_DIST" value="xenial" />
    <property name="env.CERTI_VERSION" value="4.0.0" />
    <property name="env.CERTI_HOST" value="localhost" />
    <property name="awt.toolkit" value="sun.awt.X11.XToolkit" />
    <property name="env.MY_RUBY_HOME" value="/home/travis/.rvm/rubies/ruby-2.5.3" />
    <property name="sun.cpu.isalist" value="" />
    <property name="env.TRAVIS_TMPDIR" value="/tmp/tmp.EheCkdvvQy" />
    <property name="java.vm.compressedOopsMode" value="Zero based" />
    <property name="os.version" value="4.15.0-1077-gcp" />
    <property name="user.home" value="/home/travis" />
    <property name="java.vm.vendor" value="Oracle Corporation" />
    <property name="env.TRAVIS_TAG" value="nightly" />
    <property name="env.ANSI_YELLOW" value="\033[33;1m" />
    <property name="env.TRAVIS_FILTERED" value="redirect_io" />
    <property name="env.ANSI_GREEN" value="\033[32;1m" />
    <property name="env.JAVA_HOME" value="/usr/local/lib/jvm/openjdk11" />
    <property name="javadoc.excludepackagenames" value="adm.cvs2svn.*,build.*,config.*,doc.coding.templates.*,jni.test.jni.meaningOfLife.*,jni.test.jni.testDeux.*,jni.test.jni.testTrois.*,org.terraswarm.accessor.accessors.web.node_modules.*,org.terraswarm.accessor.accessors.web.hosts.cordova.demo.*,org.terraswarm.accessor.accessors.web.hosts.cordova.plugins.*,org.terraswarm.accessor.accessors-svn.*,pt-modules.*,ptolemy.apps.agilent.*,ptolemy.apps.anytimecontrol.*,ptolemy.apps.apes.*,ptolemy.apps.charon.*,ptolemy.apps.crazyboard.*,ptolemy.apps.eclipse.*,ptolemy.apps.etherealSting.*,ptolemy.apps.fullscreen.*,ptolemy.apps.giotto.*,ptolemy.apps.ia.*,ptolemy.apps.interfaces.*,ptolemy.apps.jmf.*,ptolemy.apps.kurt.*,ptolemy.apps.kvm.*,ptolemy.apps.lego.*,ptolemy.apps.lejos.*,ptolemy.apps.midp.*,ptolemy.apps.mobileCoding.*,ptolemy.apps.pendulum.*,ptolemy.apps.rijndael.*,ptolemy.apps.robot.*,ptolemy.apps.security.*,ptolemy.apps.sobel.*,ptolemy.apps.soot.*,ptolemy.apps.throttle.*,ptolemy.apps.tini.*,ptolemy.apps.transmission.*,ptolemy.apps.vergil.*,ptolemy.apps.waba.*,ptolemy.apps.websensor.*,ptolemy.apps.webstart.*,ptolemy.apps.xsl.*,ptolemy.apps.zaurus.*,ptolemy.codegen.c.actor.lib.oldJavaFiles.*,ptolemy.codegen.dsp.lib.*,ptolemy.codegen.kernel.newInterfaces.*,ptolemy.codegen.lib.*,ptolemy.copernicus.kernel.fragment.*,ptolemy.copernicus.shallow.cg.*,ptolemy.domains.giotto.demo.Hierarchy.Hierarchy.*,ptolemy.domains.giotto.demo.Multimode.Multimode.*,ptolemy.domains.giotto.demo.Simple.Simple.*,ptolemy.domains.gr.lib.experimental.*,ptolemy.domains.gro.*,ptolemy.domains.pdf.*,ptolemy.domains.ptinyos.demo.Surge.output.*,ptolemy.moml.test.NoPackageActor.java*,ptolemy.plot.adm.*,ptolemy.plot.servlet.*,reports.*,signed.*,src.*,target.*,vendors.*,ptolemy.copernicus.applet.*,ptolemy.media.viewer.*,ptolemy.actor.corba.*,doc.doclets.*,ptolemy.apps.eclipse.awt.*,ptolemy.backtrack.*,ptolemy.backtrack.ast.*,ptolemy.cg.adapter.generic.program.procedural.c.mbed*,ptolemy.homer.*,ptolemy.actor.lib.jai.*,org.ptolemy.scala.*,diva.util.java2d.svg.*,ptolemy.domains.ptinyos.*,ptolemy.actor.lib.fmi.fmipp.*,,org.terraswarm.accessor.accessors.web.node_modules.*,org.terraswarm.accessor.accessors-svn,ptolemy.apps.*,ptolemy.actor.ptalon.demo.ptinyos.SendAndReceiveCnt.output,ptolemy.actor.ptalon.demo.ptinyos.SenseToLeds.output,ptolemy.domains.ptinyos.demo.CntToLedsAndRfm.output,ptolemy.domains.ptinyos.demo.RfmToLeds.output,ptolemy.domains.ptinyos.demo.SendAndReceiveCnt.output,ptolemy.domains.ptinyos.demo.SenseToLeds.output,ptolemy.actor.lib.jjs.modules.udpSocket.*" />
    <property name="env.PTII" value="/home/travis/build/icyphy/ptII" />
    <property name="env.XDG_SESSION_ID" value="2" />
    <property name="keystore" value="ptKeystore" />
    <property name="env.TRAVIS_COMMIT_MESSAGE" value="Exclude org/hlacerti/newModels1516e/VariableArrayPTIIJavaFed" />
    <property name="junit.output.dir" value="/home/travis/build/icyphy/ptII/reports/junit" />
    <property name="npm.return.code" value="0" />
    <property name="user.dir" value="/home/travis/build/icyphy/ptII/ptolemy/actor/lib/test" />
    <property name="env.TRAVIS_NODE_VERSION" value="7" />
    <property name="env.TRAVIS_EVENT_TYPE" value="cron" />
    <property name="env.MAIL" value="/var/mail/travis" />
    <property name="env.PERLBREW_ROOT" value="/home/travis/perl5/perlbrew" />
    <property name="env.PWD" value="/home/travis/build/icyphy/ptII" />
    <property name="timeout.npm" value="45000" />
    <property name="env.TRAVIS_ARCH" value="amd64" />
    <property name="sun.cpu.endian" value="little" />
    <property name="env.PAGER" value="cat" />
    <property name="env.TRAVIS_BUILD_STAGE_NAME" value="test" />
    <property name="env.PERLBREW_HOME" value="/home/travis/.perlbrew" />
    <property name="java.vm.version" value="11.0.2+9" />
    <property name="env.RAILS_ENV" value="test" />
    <property name="java.class.path" value="/home/travis/.ptolemyII:/home/travis/.ptolemyII/*:/home/travis/build/icyphy/ptII:/home/travis/build/icyphy/ptII/lib/bsh-2.0b4.jar:/home/travis/build/icyphy/ptII/lib/ptCal.jar:/home/travis/build/icyphy/ptII/lib/java_cup.jar:/home/travis/build/icyphy/ptII/lib/saxon8.jar:/home/travis/build/icyphy/ptII/lib/saxon8-dom.jar:/home/travis/build/icyphy/ptII/lib/chic.jar:/home/travis/build/icyphy/ptII/lib/ptcolt.jar:/home/travis/build/icyphy/ptII/vendors/misc/itext/iText.jar:/home/travis/build/icyphy/ptII/lib/g4ltl.jar:/home/travis/build/icyphy/ptII/lib/StructuralCoder.jar:/home/travis/build/icyphy/ptII/lib/jcerti.jar:/home/travis/build/icyphy/ptII/lib/javax.mail.jar:/home/travis/build/icyphy/ptII/vendors/JMF-2.1.1e/lib/jmf.jar:/home/travis/build/icyphy/ptII/lib/jna-4.0.0-variadic.jar:/home/travis/build/icyphy/ptII/vendors/misc/joystick/Joystick.jar:/home/travis/build/icyphy/ptII/lib/ptjacl.jar:/home/travis/build/icyphy/ptII/lib/jsoup-1.8.2.jar:/home/travis/build/icyphy/ptII/lib/junit-4.8.2.jar:/home/travis/build/icyphy/ptII/lib/JUnitParams-0.4.0.jar:/home/travis/build/icyphy/ptII/ptolemy/actor/lib/excel/jxl.jar:/home/travis/build/icyphy/ptII/lib/jython.jar:/home/travis/build/icyphy/ptII/lib/kieler.jar:/home/travis/build/icyphy/ptII/vendors/opencv/share/OpenCV/java/opencv-341.jar:/home/travis/build/icyphy/ptII/lib/oscP5.jar:/home/travis/build/icyphy/ptII/lib/nrjavaserial-3.11.0.devel.jar:/home/travis/build/icyphy/ptII/vendors/j3d/lib/Linux/j3dcore.jar:/home/travis/build/icyphy/ptII/vendors/j3d/lib/Linux/j3dutils.jar:/home/travis/build/icyphy/ptII/vendors/j3d/lib/Linux/vecmath.jar:/home/travis/build/icyphy/ptII/vendors/jogl/lib/Linux/gluegen-rt-natives-linux-amd64.jar:/home/travis/build/icyphy/ptII/vendors/jogl/lib/Linux/gluegen-rt.jar:/home/travis/build/icyphy/ptII/vendors/jogl/lib/Linux/jogl-all-natives-linux-amd64.jar:/home/travis/build/icyphy/ptII/vendors/jogl/lib/Linux/jogl-all.jar:/home/travis/build/icyphy/ptII/ptolemy/distributed/jini/jar/jini-core.jar:/home/travis/build/icyphy/ptII/ptolemy/distributed/jini/jar/jini-ext.jar:/home/travis/build/icyphy/ptII/ptolemy/distributed/jini/jar/sun-util.jar:/home/travis/build/icyphy/ptII/lib/protobuf-java-2.4.1.jar:/home/travis/build/icyphy/ptII/lib/org.eclipse.paho.client.mqttv3.jar:/home/travis/build/icyphy/ptII/lib/mapss.jar:/home/travis/build/icyphy/ptII/ptolemy/actor/ptalon/antlr/antlr.jar:/home/travis/build/icyphy/ptII/lib/JRI.jar:/home/travis/build/icyphy/ptII/lib/commons-lang-2.6.jar:/home/travis/build/icyphy/ptII/lib/commons-logging-1.1.1.jar:/home/travis/build/icyphy/ptII/lib/sootclasses.jar:/home/travis/build/icyphy/ptII/ptolemy/actor/lib/database/mysql-connector-java-5.1.6-bin.jar:/home/travis/build/icyphy/ptII/vendors/misc/sphinx4/sphinx4-data-5prealpha.jar:/home/travis/build/icyphy/ptII/vendors/misc/sphinx4/sphinx4-core-5prealpha.jar:/home/travis/build/icyphy/ptII/lib/PDFRenderer.jar:/home/travis/build/icyphy/ptII/lib/svgSalamander.jar:/home/travis/build/icyphy/ptII/lib/rsyntaxtextarea-2.6.0-SNAPSHOT.jar:/home/travis/build/icyphy/ptII/lib/hazelcast-3.8.2.jar:/home/travis/build/icyphy/ptII/lib/jackson-annotations-2.9.0.jar:/home/travis/build/icyphy/ptII/lib/jackson-core-2.9.3.jar:/home/travis/build/icyphy/ptII/lib/jackson-databind-2.9.3.jar:/home/travis/build/icyphy/ptII/lib/netty-buffer-4.1.19.Final.jar:/home/travis/build/icyphy/ptII/lib/netty-codec-4.1.19.Final.jar:/home/travis/build/icyphy/ptII/lib/netty-codec-dns-4.1.19.Final.jar:/home/travis/build/icyphy/ptII/lib/netty-codec-http-4.1.19.Final.jar:/home/travis/build/icyphy/ptII/lib/netty-codec-http2-4.1.19.Final.jar:/home/travis/build/icyphy/ptII/lib/netty-common-4.1.19.Final.jar:/home/travis/build/icyphy/ptII/lib/netty-handler-4.1.19.Final.jar:/home/travis/build/icyphy/ptII/lib/netty-resolver-4.1.19.Final.jar:/home/travis/build/icyphy/ptII/lib/netty-resolver-dns-4.1.19.Final.jar:/home/travis/build/icyphy/ptII/lib/netty-transport-4.1.19.Final.jar:/home/travis/build/icyphy/ptII/lib/vertx-codegen-3.5.1.jar:/home/travis/build/icyphy/ptII/lib/vertx-core-3.5.2-SNAPSHOT.jar:/home/travis/build/icyphy/ptII/lib/vertx-hazelcast-3.5.1.jar:/home/travis/build/icyphy/ptII/lib/vertx-lang-js-3.5.1.jar:/home/travis/build/icyphy/ptII/lib/vertx-service-proxy-3.5.1.jar:/home/travis/build/icyphy/ptII/lib/vertx-web-3.5.1.jar:/home/travis/build/icyphy/ptII/lib/slf4j-api-1.7.13.jar:/home/travis/build/icyphy/ptII/lib/slf4j-simple-1.7.13.jar:/home/travis/build/icyphy/ptII/lib/webcam-capture-0.3.12.jar:/home/travis/build/icyphy/ptII/lib/bridj-0.7.0.jar:/home/travis/build/icyphy/ptII/lib/xbjlib-1.1.0.nrjavaserial.jar:/home/travis/build/icyphy/ptII/ptolemy/moml/test:/home/travis/build/icyphy/ptII/ant/lib/ant-launcher.jar:/home/travis/build/icyphy/ptII/ant/lib/ant.jar:/home/travis/build/icyphy/ptII/ant/lib/ant-junit.jar:/home/travis/build/icyphy/ptII/ant/lib/ant-junit4.jar" />
    <property name="ant.library.dir" value="/home/travis/build/icyphy/ptII/ant/lib" />
    <property name="os.arch" value="amd64" />
    <property name="env.CONTINUOUS_INTEGRATION" value="true" />
    <property name="env.TRAVIS_LANGUAGE" value="node_js" />
    <property name="env.TRAVIS_STACK_LANGUAGES" value="__sardonyx__ c c++ clojure cplusplus cpp default generic go groovy java node_js php pure_java python ruby scala" />
    <property name="test.name" value="ptolemy.actor.lib.test.junit.JUnitTclTest" />
    <property name="env.APT_KEY_DONT_WARN_ON_DANGEROUS_USAGE" value="1" />
    <property name="sun.java.launcher" value="SUN_STANDARD" />
    <property name="env.PYTHON_CONFIGURE_OPTS" value="--enable-unicode=ucs4 --with-wide-unicode --enable-shared --enable-ipv6 --enable-loadable-sqlite-extensions --with-computed-gotos" />
    <property name="ant.core.lib" value="/home/travis/build/icyphy/ptII/ant/lib/ant.jar" />
    <property name="java.vm.specification.vendor" value="Oracle Corporation" />
    <property name="env.BCVTB_HOME" value="/home/travis/build/icyphy/ptII/lbnl" />
    <property name="file.separator" value="/" />
    <property name="spotbugs.home" value="/home/travis/build/icyphy/ptII/vendors/spotbugs-3.1.1" />
    <property name="java.runtime.version" value="11.0.2+9" />
    <property name="env.ANSI_CLEAR" value="\033[0K" />
    <property name="javafx.verbose" value="true" />
    <property name="env.HAS_JOSH_K_SEAL_OF_APPROVAL" value="true" />
    <property name="env.XDG_RUNTIME_DIR" value="/run/user/2000" />
    <property name="env.TRAVIS_OSX_IMAGE" value="" />
    <property name="env.TRAVIS_JOB_ID" value="724964366" />
    <property name="env.TRAVIS_BRANCH" value="master" />
    <property name="user.country" value="US" />
    <property name="env.CERTI_HOME_TRAVIS" value="/home/travis/pthla/certi-tools" />
    <property name="env.SHELL" value="/bin/bash" />
    <property name="java.maxmemory.large" value="3200m" />
    <property name="model" value="" />
    <property name="env.CASHER_DIR" value="/home/travis/.casher" />
    <property name="env.NVM_CD_FLAGS" value="" />
    <property name="java.vendor.version" value="18.9" />
    <property name="jshint.executable" value="/home/travis/node_modules/jshint/bin/jshint" />
    <property name="env.JRUBY_OPTS" value=" --client -J-XX:+TieredCompilation -J-XX:TieredStopAtLevel=1 -J-Xss2m -Xcompile.invokedynamic=false" />
    <property name="java.vendor" value="Oracle Corporation" />
    <property name="env.TRAVIS_PRE_CHEF_BOOTSTRAP_TIME" value="2020-06-24T13:13:03" />
    <property name="env.TRAVIS_STACK_JOB_BOARD_REGISTER" value="/.job-board-register.yml" />
    <property name="env.ANSI_RED" value="\033[31;1m" />
    <property name="java.specification.version" value="11" />
    <property name="env.IRBRC" value="/home/travis/.rvm/rubies/ruby-2.5.3/.irbrc" />
    <property name="env.TRAVIS" value="true" />
    <property name="sun.arch.data.model" value="64" />
  </properties>
  <testcase classname="ptolemy.util.test.junit.TclTests" name="[0] /home/travis/build/icyphy/ptII/ptolemy/actor/lib/test/AbsoluteValue.tcl (RunTclFile)" time="0.627" />
  <testcase classname="ptolemy.util.test.junit.TclTests" name="[1] /home/travis/build/icyphy/ptII/ptolemy/actor/lib/test/AddSubtract.tcl (RunTclFile)" time="0.13" />
  <testcase classname="ptolemy.util.test.junit.TclTests" name="[2] /home/travis/build/icyphy/ptII/ptolemy/actor/lib/test/Average.tcl (RunTclFile)" time="0.044" />
  <testcase classname="ptolemy.util.test.junit.TclTests" name="[3] /home/travis/build/icyphy/ptII/ptolemy/actor/lib/test/Bernoulli.tcl (RunTclFile)" time="0.018" />
  <testcase classname="ptolemy.util.test.junit.TclTests" name="[4] /home/travis/build/icyphy/ptII/ptolemy/actor/lib/test/Clock.tcl (RunTclFile)" time="0.087" />
  <testcase classname="ptolemy.util.test.junit.TclTests" name="[5] /home/travis/build/icyphy/ptII/ptolemy/actor/lib/test/Commutator.tcl (RunTclFile)" time="0.172" />
  <testcase classname="ptolemy.util.test.junit.TclTests" name="[6] /home/travis/build/icyphy/ptII/ptolemy/actor/lib/test/Const.tcl (RunTclFile)" time="0.074" />
  <testcase classname="ptolemy.util.test.junit.TclTests" name="[7] /home/travis/build/icyphy/ptII/ptolemy/actor/lib/test/CurrentTime.tcl (RunTclFile)" time="0.02" />
  <testcase classname="ptolemy.util.test.junit.TclTests" name="[8] /home/travis/build/icyphy/ptII/ptolemy/actor/lib/test/DB.tcl (RunTclFile)" time="0.021" />
  <testcase classname="ptolemy.util.test.junit.TclTests" name="[9] /home/travis/build/icyphy/ptII/ptolemy/actor/lib/test/DiscreteRandomSource.tcl (RunTclFile)" time="0.042" />
  <testcase classname="ptolemy.util.test.junit.TclTests" name="[10] /home/travis/build/icyphy/ptII/ptolemy/actor/lib/test/Distributor.tcl (RunTclFile)" time="0.08" />
  <testcase classname="ptolemy.util.test.junit.TclTests" name="[11] /home/travis/build/icyphy/ptII/ptolemy/actor/lib/test/Exit.tcl (RunTclFile)" time="0.098" />
  <testcase classname="ptolemy.util.test.junit.TclTests" name="[12] /home/travis/build/icyphy/ptII/ptolemy/actor/lib/test/Expression.tcl (RunTclFile)" time="0.068" />
  <testcase classname="ptolemy.util.test.junit.TclTests" name="[13] /home/travis/build/icyphy/ptII/ptolemy/actor/lib/test/Gaussian.tcl (RunTclFile)" time="0.616" />
  <testcase classname="ptolemy.util.test.junit.TclTests" name="[14] /home/travis/build/icyphy/ptII/ptolemy/actor/lib/test/IIR.tcl (RunTclFile)" time="0.043" />
  <testcase classname="ptolemy.util.test.junit.TclTests" name="[15] /home/travis/build/icyphy/ptII/ptolemy/actor/lib/test/Interpolator.tcl (RunTclFile)" time="0.107" />
  <testcase classname="ptolemy.util.test.junit.TclTests" name="[16] /home/travis/build/icyphy/ptII/ptolemy/actor/lib/test/MathFunction.tcl (RunTclFile)" time="0.085" />
  <testcase classname="ptolemy.util.test.junit.TclTests" name="[17] /home/travis/build/icyphy/ptII/ptolemy/actor/lib/test/Maximum.tcl (RunTclFile)" time="0.043" />
  <testcase classname="ptolemy.util.test.junit.TclTests" name="[18] /home/travis/build/icyphy/ptII/ptolemy/actor/lib/test/Minimum.tcl (RunTclFile)" time="0.033" />
  <testcase classname="ptolemy.util.test.junit.TclTests" name="[19] /home/travis/build/icyphy/ptII/ptolemy/actor/lib/test/MultiplyDivide.tcl (RunTclFile)" time="0.045" />
  <testcase classname="ptolemy.util.test.junit.TclTests" name="[20] /home/travis/build/icyphy/ptII/ptolemy/actor/lib/test/OrderedMerge.tcl (RunTclFile)" time="0.176" />
  <testcase classname="ptolemy.util.test.junit.TclTests" name="[21] /home/travis/build/icyphy/ptII/ptolemy/actor/lib/test/Publisher.tcl (RunTclFile)" time="0.781" />
  <testcase classname="ptolemy.util.test.junit.TclTests" name="[22] /home/travis/build/icyphy/ptII/ptolemy/actor/lib/test/Pulse.tcl (RunTclFile)" time="0.058" />
  <testcase classname="ptolemy.util.test.junit.TclTests" name="[23] /home/travis/build/icyphy/ptII/ptolemy/actor/lib/test/Ramp.tcl (RunTclFile)" time="1.964" />
  <testcase classname="ptolemy.util.test.junit.TclTests" name="[24] /home/travis/build/icyphy/ptII/ptolemy/actor/lib/test/RampContinuous.tcl (RunTclFile)" time="0.015" />
  <testcase classname="ptolemy.util.test.junit.TclTests" name="[25] /home/travis/build/icyphy/ptII/ptolemy/actor/lib/test/RecordAssembler.tcl (RunTclFile)" time="0.013" />
  <testcase classname="ptolemy.util.test.junit.TclTests" name="[26] /home/travis/build/icyphy/ptII/ptolemy/actor/lib/test/RecordDisassembler.tcl (RunTclFile)" time="0.018" />
  <testcase classname="ptolemy.util.test.junit.TclTests" name="[27] /home/travis/build/icyphy/ptII/ptolemy/actor/lib/test/Scale.tcl (RunTclFile)" time="0.016" />
  <testcase classname="ptolemy.util.test.junit.TclTests" name="[28] /home/travis/build/icyphy/ptII/ptolemy/actor/lib/test/SequentialClock.tcl (RunTclFile)" time="0.011" />
  <testcase classname="ptolemy.util.test.junit.TclTests" name="[29] /home/travis/build/icyphy/ptII/ptolemy/actor/lib/test/SetVariable.tcl (RunTclFile)" time="0.009" />
  <testcase classname="ptolemy.util.test.junit.TclTests" name="[30] /home/travis/build/icyphy/ptII/ptolemy/actor/lib/test/Sinewave.tcl (RunTclFile)" time="0.062" />
  <testcase classname="ptolemy.util.test.junit.TclTests" name="[31] /home/travis/build/icyphy/ptII/ptolemy/actor/lib/test/SubscriptionAggregator.tcl (RunTclFile)" time="1.937" />
  <testcase classname="ptolemy.util.test.junit.TclTests" name="[32] /home/travis/build/icyphy/ptII/ptolemy/actor/lib/test/Test.tcl (RunTclFile)" time="0.079" />
  <testcase classname="ptolemy.util.test.junit.TclTests" name="[33] /home/travis/build/icyphy/ptII/ptolemy/actor/lib/test/TestExceptionHandler.tcl (RunTclFile)" time="0.012" />
  <testcase classname="ptolemy.util.test.junit.TclTests" name="[34] /home/travis/build/icyphy/ptII/ptolemy/actor/lib/test/UnionDisassembler.tcl (RunTclFile)" time="0.119" />
  <testcase classname="ptolemy.util.test.junit.TclTests" name="[35] /home/travis/build/icyphy/ptII/ptolemy/actor/lib/test/VariableClock.tcl (RunTclFile)" time="0.033" />
  <testcase classname="ptolemy.util.test.junit.AutoKnownFailedTests" name="[0] /home/travis/build/icyphy/ptII/ptolemy/actor/lib/test/auto/knownFailedTests/PublisherPortToplevelSubscriber.xml (RunModel)" time="0.027" />
  <testcase classname="ptolemy.util.test.junit.AutoKnownFailedTests" name="[1] /home/travis/build/icyphy/ptII/ptolemy/actor/lib/test/auto/knownFailedTests/PublisherSubscriberPortToplevel.xml (RunModel)" time="0.021" />
  <testcase classname="ptolemy.util.test.junit.AutoKnownFailedTests" name="[2] /home/travis/build/icyphy/ptII/ptolemy/actor/lib/test/auto/knownFailedTests/PublisherSubscriptionAggregatorPort.xml (RunModel)" time="0.02" />
  <testcase classname="ptolemy.util.test.junit.AutoKnownFailedTests" name="[3] /home/travis/build/icyphy/ptII/ptolemy/actor/lib/test/auto/knownFailedTests/sizedarray3.xml (RunModel)" time="0.025" />
  <testcase classname="ptolemy.util.test.junit.AutoNameArchTests" name="[0] ThereAreNoAutoArchTests (RunModel)" time="0.001" />
  <testcase classname="ptolemy.util.test.junit.AutoTests" name="[0] /home/travis/build/icyphy/ptII/ptolemy/actor/lib/test/auto/AbsoluteValue.xml (RunModel)" time="0.096" />
  <testcase classname="ptolemy.util.test.junit.AutoTests" name="[1] /home/travis/build/icyphy/ptII/ptolemy/actor/lib/test/auto/AbsoluteValue2.xml (RunModel)" time="0.067" />
  <testcase classname="ptolemy.util.test.junit.AutoTests" name="[2] /home/travis/build/icyphy/ptII/ptolemy/actor/lib/test/auto/Accumulator.xml (RunModel)" time="0.038" />
  <testcase classname="ptolemy.util.test.junit.AutoTests" name="[3] /home/travis/build/icyphy/ptII/ptolemy/actor/lib/test/auto/Accumulator2.xml (RunModel)" time="0.029" />
  <testcase classname="ptolemy.util.test.junit.AutoTests" name="[4] /home/travis/build/icyphy/ptII/ptolemy/actor/lib/test/auto/Accumulator3.xml (RunModel)" time="0.027" />
  <testcase classname="ptolemy.util.test.junit.AutoTests" name="[5] /home/travis/build/icyphy/ptII/ptolemy/actor/lib/test/auto/ArrayAppend.xml (RunModel)" time="0.077" />
  <testcase classname="ptolemy.util.test.junit.AutoTests" name="[6] /home/travis/build/icyphy/ptII/ptolemy/actor/lib/test/auto/ArrayAppend2.xml (RunModel)" time="0.323" />
  <testcase classname="ptolemy.util.test.junit.AutoTests" name="[7] /home/travis/build/icyphy/ptII/ptolemy/actor/lib/test/auto/ArrayAppend3.xml (RunModel)" time="0.035" />
  <testcase classname="ptolemy.util.test.junit.AutoTests" name="[8] /home/travis/build/icyphy/ptII/ptolemy/actor/lib/test/auto/ArrayAppend4.xml (RunModel)" time="0.025" />
  <testcase classname="ptolemy.util.test.junit.AutoTests" name="[9] /home/travis/build/icyphy/ptII/ptolemy/actor/lib/test/auto/ArrayAppend5.xml (RunModel)" time="0.02" />
  <testcase classname="ptolemy.util.test.junit.AutoTests" name="[10] /home/travis/build/icyphy/ptII/ptolemy/actor/lib/test/auto/ArrayAppend6.xml (RunModel)" time="0.103" />
  <testcase classname="ptolemy.util.test.junit.AutoTests" name="[11] /home/travis/build/icyphy/ptII/ptolemy/actor/lib/test/auto/ArrayAppendPerformanceTest.xml (RunModel)" time="0.052" />
  <testcase classname="ptolemy.util.test.junit.AutoTests" name="[12] /home/travis/build/icyphy/ptII/ptolemy/actor/lib/test/auto/ArrayAppendWithEmptyInput.xml (RunModel)" time="0.059" />
  <testcase classname="ptolemy.util.test.junit.AutoTests" name="[13] /home/travis/build/icyphy/ptII/ptolemy/actor/lib/test/auto/ArrayAverage.xml (RunModel)" time="0.054" />
  <testcase classname="ptolemy.util.test.junit.AutoTests" name="[14] /home/travis/build/icyphy/ptII/ptolemy/actor/lib/test/auto/ArrayContains.xml (RunModel)" time="0.054" />
  <testcase classname="ptolemy.util.test.junit.AutoTests" name="[15] /home/travis/build/icyphy/ptII/ptolemy/actor/lib/test/auto/ArrayElement.xml (RunModel)" time="0.025" />
  <testcase classname="ptolemy.util.test.junit.AutoTests" name="[16] /home/travis/build/icyphy/ptII/ptolemy/actor/lib/test/auto/ArrayElementAsMatrix.xml (RunModel)" time="0.061" />
  <testcase classname="ptolemy.util.test.junit.AutoTests" name="[17] /home/travis/build/icyphy/ptII/ptolemy/actor/lib/test/auto/ArrayElementI.xml (RunModel)" time="0.017" />
  <testcase classname="ptolemy.util.test.junit.AutoTests" name="[18] /home/travis/build/icyphy/ptII/ptolemy/actor/lib/test/auto/ArrayExtract.xml (RunModel)" time="0.032" />
  <testcase classname="ptolemy.util.test.junit.AutoTests" name="[19] /home/travis/build/icyphy/ptII/ptolemy/actor/lib/test/auto/ArrayExtract2.xml (RunModel)" time="0.018" />
  <testcase classname="ptolemy.util.test.junit.AutoTests" name="[20] /home/travis/build/icyphy/ptII/ptolemy/actor/lib/test/auto/ArrayLength.xml (RunModel)" time="0.03" />
  <testcase classname="ptolemy.util.test.junit.AutoTests" name="[21] /home/travis/build/icyphy/ptII/ptolemy/actor/lib/test/auto/ArrayLevelCrossing.xml (RunModel)" time="0.032" />
  <testcase classname="ptolemy.util.test.junit.AutoTests" name="[22] /home/travis/build/icyphy/ptII/ptolemy/actor/lib/test/auto/ArrayLevelCrossing2.xml (RunModel)" time="0.025" />
  <testcase classname="ptolemy.util.test.junit.AutoTests" name="[23] /home/travis/build/icyphy/ptII/ptolemy/actor/lib/test/auto/ArrayPeakSearch.xml (RunModel)" time="0.044" />
  <testcase classname="ptolemy.util.test.junit.AutoTests" name="[24] /home/travis/build/icyphy/ptII/ptolemy/actor/lib/test/auto/ArrayPeakSearch2.xml (RunModel)" time="0.039" />
  <testcase classname="ptolemy.util.test.junit.AutoTests" name="[25] /home/travis/build/icyphy/ptII/ptolemy/actor/lib/test/auto/ArrayPeakSearch3.xml (RunModel)" time="0.036" />
  <testcase classname="ptolemy.util.test.junit.AutoTests" name="[26] /home/travis/build/icyphy/ptII/ptolemy/actor/lib/test/auto/ArrayRemoveElement.xml (RunModel)" time="0.03" />
  <testcase classname="ptolemy.util.test.junit.AutoTests" name="[27] /home/travis/build/icyphy/ptII/ptolemy/actor/lib/test/auto/ArraySort.xml (RunModel)" time="0.035" />
  <testcase classname="ptolemy.util.test.junit.AutoTests" name="[28] /home/travis/build/icyphy/ptII/ptolemy/actor/lib/test/auto/ArraySum.xml (RunModel)" time="0.021" />
  <testcase classname="ptolemy.util.test.junit.AutoTests" name="[29] /home/travis/build/icyphy/ptII/ptolemy/actor/lib/test/auto/ArrayToElements.xml (RunModel)" time="0.02" />
  <testcase classname="ptolemy.util.test.junit.AutoTests" name="[30] /home/travis/build/icyphy/ptII/ptolemy/actor/lib/test/auto/ArrayToMatrix.xml (RunModel)" time="0.05" />
  <testcase classname="ptolemy.util.test.junit.AutoTests" name="[31] /home/travis/build/icyphy/ptII/ptolemy/actor/lib/test/auto/ArrayUpdate1.xml (RunModel)" time="0.02" />
  <testcase classname="ptolemy.util.test.junit.AutoTests" name="[32] /home/travis/build/icyphy/ptII/ptolemy/actor/lib/test/auto/ArrayUpdate2.xml (RunModel)" time="0.023" />
  <testcase classname="ptolemy.util.test.junit.AutoTests" name="[33] /home/travis/build/icyphy/ptII/ptolemy/actor/lib/test/auto/ArrayUpdate3.xml (RunModel)" time="0.025" />
  <testcase classname="ptolemy.util.test.junit.AutoTests" name="[34] /home/travis/build/icyphy/ptII/ptolemy/actor/lib/test/auto/Assert1.xml (RunModel)" time="0.026" />
  <testcase classname="ptolemy.util.test.junit.AutoTests" name="[35] /home/travis/build/icyphy/ptII/ptolemy/actor/lib/test/auto/Assert2.xml (RunModel)" time="0.02" />
  <testcase classname="ptolemy.util.test.junit.AutoTests" name="[36] /home/travis/build/icyphy/ptII/ptolemy/actor/lib/test/auto/BooleanMultiplexor.xml (RunModel)" time="0.025" />
  <testcase classname="ptolemy.util.test.junit.AutoTests" name="[37] /home/travis/build/icyphy/ptII/ptolemy/actor/lib/test/auto/BooleanMultiplexor2.xml (RunModel)" time="0.028" />
  <testcase classname="ptolemy.util.test.junit.AutoTests" name="[38] /home/travis/build/icyphy/ptII/ptolemy/actor/lib/test/auto/BooleanMultiplexor3.xml (RunModel)" time="0.021" />
  <testcase classname="ptolemy.util.test.junit.AutoTests" name="[39] /home/travis/build/icyphy/ptII/ptolemy/actor/lib/test/auto/BooleanSelect.xml (RunModel)" time="0.022" />
  <testcase classname="ptolemy.util.test.junit.AutoTests" name="[40] /home/travis/build/icyphy/ptII/ptolemy/actor/lib/test/auto/BooleanSelect2.xml (RunModel)" time="0.017" />
  <testcase classname="ptolemy.util.test.junit.AutoTests" name="[41] /home/travis/build/icyphy/ptII/ptolemy/actor/lib/test/auto/BooleanSwitch.xml (RunModel)" time="0.017" />
  <testcase classname="ptolemy.util.test.junit.AutoTests" name="[42] /home/travis/build/icyphy/ptII/ptolemy/actor/lib/test/auto/BooleanSwitch2.xml (RunModel)" time="0.013" />
  <testcase classname="ptolemy.util.test.junit.AutoTests" name="[43] /home/travis/build/icyphy/ptII/ptolemy/actor/lib/test/auto/BooleanSwitchCloningBugWithClassRelationGroup.xml (RunModel)" time="0.044" />
  <testcase classname="ptolemy.util.test.junit.AutoTests" name="[44] /home/travis/build/icyphy/ptII/ptolemy/actor/lib/test/auto/BusActors.xml (RunModel)" time="0.031" />
  <testcase classname="ptolemy.util.test.junit.AutoTests" name="[45] /home/travis/build/icyphy/ptII/ptolemy/actor/lib/test/auto/ClassWrapper.xml (RunModel)" time="0.011" />
  <testcase classname="ptolemy.util.test.junit.AutoTests" name="[46] /home/travis/build/icyphy/ptII/ptolemy/actor/lib/test/auto/Clock.xml (RunModel)" time="0.011" />
  <testcase classname="ptolemy.util.test.junit.AutoTests" name="[47] /home/travis/build/icyphy/ptII/ptolemy/actor/lib/test/auto/Clock10.xml (RunModel)" time="0.023" />
  <testcase classname="ptolemy.util.test.junit.AutoTests" name="[48] /home/travis/build/icyphy/ptII/ptolemy/actor/lib/test/auto/Clock11.xml (RunModel)" time="0.016" />
  <testcase classname="ptolemy.util.test.junit.AutoTests" name="[49] /home/travis/build/icyphy/ptII/ptolemy/actor/lib/test/auto/Clock12.xml (RunModel)" time="0.018" />
  <testcase classname="ptolemy.util.test.junit.AutoTests" name="[50] /home/travis/build/icyphy/ptII/ptolemy/actor/lib/test/auto/Clock13.xml (RunModel)" time="0.015" />
  <testcase classname="ptolemy.util.test.junit.AutoTests" name="[51] /home/travis/build/icyphy/ptII/ptolemy/actor/lib/test/auto/Clock14.xml (RunModel)" time="0.01" />
  <testcase classname="ptolemy.util.test.junit.AutoTests" name="[52] /home/travis/build/icyphy/ptII/ptolemy/actor/lib/test/auto/Clock15.xml (RunModel)" time="0.013" />
  <testcase classname="ptolemy.util.test.junit.AutoTests" name="[53] /home/travis/build/icyphy/ptII/ptolemy/actor/lib/test/auto/Clock16.xml (RunModel)" time="0.092" />
  <testcase classname="ptolemy.util.test.junit.AutoTests" name="[54] /home/travis/build/icyphy/ptII/ptolemy/actor/lib/test/auto/Clock17.xml (RunModel)" time="0.07" />
  <testcase classname="ptolemy.util.test.junit.AutoTests" name="[55] /home/travis/build/icyphy/ptII/ptolemy/actor/lib/test/auto/Clock18.xml (RunModel)" time="0.043" />
  <testcase classname="ptolemy.util.test.junit.AutoTests" name="[56] /home/travis/build/icyphy/ptII/ptolemy/actor/lib/test/auto/Clock19.xml (RunModel)" time="0.047" />
  <testcase classname="ptolemy.util.test.junit.AutoTests" name="[57] /home/travis/build/icyphy/ptII/ptolemy/actor/lib/test/auto/Clock2.xml (RunModel)" time="0.014" />
  <testcase classname="ptolemy.util.test.junit.AutoTests" name="[58] /home/travis/build/icyphy/ptII/ptolemy/actor/lib/test/auto/Clock20.xml (RunModel)" time="0.022" />
  <testcase classname="ptolemy.util.test.junit.AutoTests" name="[59] /home/travis/build/icyphy/ptII/ptolemy/actor/lib/test/auto/Clock21.xml (RunModel)" time="0.019" />
  <testcase classname="ptolemy.util.test.junit.AutoTests" name="[60] /home/travis/build/icyphy/ptII/ptolemy/actor/lib/test/auto/Clock22.xml (RunModel)" time="0.015" />
  <testcase classname="ptolemy.util.test.junit.AutoTests" name="[61] /home/travis/build/icyphy/ptII/ptolemy/actor/lib/test/auto/Clock23.xml (RunModel)" time="0.018" />
  <testcase classname="ptolemy.util.test.junit.AutoTests" name="[62] /home/travis/build/icyphy/ptII/ptolemy/actor/lib/test/auto/Clock24.xml (RunModel)" time="0.013" />
  <testcase classname="ptolemy.util.test.junit.AutoTests" name="[63] /home/travis/build/icyphy/ptII/ptolemy/actor/lib/test/auto/Clock4.xml (RunModel)" time="0.011" />
  <testcase classname="ptolemy.util.test.junit.AutoTests" name="[64] /home/travis/build/icyphy/ptII/ptolemy/actor/lib/test/auto/Clock5.xml (RunModel)" time="0.014" />
  <testcase classname="ptolemy.util.test.junit.AutoTests" name="[65] /home/travis/build/icyphy/ptII/ptolemy/actor/lib/test/auto/Clock6.xml (RunModel)" time="0.008" />
  <testcase classname="ptolemy.util.test.junit.AutoTests" name="[66] /home/travis/build/icyphy/ptII/ptolemy/actor/lib/test/auto/Clock7.xml (RunModel)" time="0.008" />
  <testcase classname="ptolemy.util.test.junit.AutoTests" name="[67] /home/travis/build/icyphy/ptII/ptolemy/actor/lib/test/auto/Clock8.xml (RunModel)" time="0.013" />
  <testcase classname="ptolemy.util.test.junit.AutoTests" name="[68] /home/travis/build/icyphy/ptII/ptolemy/actor/lib/test/auto/Clock9.xml (RunModel)" time="0.016" />
  <testcase classname="ptolemy.util.test.junit.AutoTests" name="[69] /home/travis/build/icyphy/ptII/ptolemy/actor/lib/test/auto/CommDistDiscard.xml (RunModel)" time="0.021" />
  <testcase classname="ptolemy.util.test.junit.AutoTests" name="[70] /home/travis/build/icyphy/ptII/ptolemy/actor/lib/test/auto/Commutator.xml (RunModel)" time="0.016" />
  <testcase classname="ptolemy.util.test.junit.AutoTests" name="[71] /home/travis/build/icyphy/ptII/ptolemy/actor/lib/test/auto/Commutator2.xml (RunModel)" time="0.009" />
  <testcase classname="ptolemy.util.test.junit.AutoTests" name="[72] /home/travis/build/icyphy/ptII/ptolemy/actor/lib/test/auto/Commutator3.xml (RunModel)" time="0.013" />
  <testcase classname="ptolemy.util.test.junit.AutoTests" name="[73] /home/travis/build/icyphy/ptII/ptolemy/actor/lib/test/auto/Compare.xml (RunModel)" time="0.019" />
  <testcase classname="ptolemy.util.test.junit.AutoTests" name="[74] /home/travis/build/icyphy/ptII/ptolemy/actor/lib/test/auto/CompareDE.xml (RunModel)" time="0.016" />
  <testcase classname="ptolemy.util.test.junit.AutoTests" name="[75] /home/travis/build/icyphy/ptII/ptolemy/actor/lib/test/auto/ComplexDivide.xml (RunModel)" time="0.011" />
  <testcase classname="ptolemy.util.test.junit.AutoTests" name="[76] /home/travis/build/icyphy/ptII/ptolemy/actor/lib/test/auto/ComputeHistogram.xml (RunModel)" time="0.064" />
  <testcase classname="ptolemy.util.test.junit.AutoTests" name="[77] /home/travis/build/icyphy/ptII/ptolemy/actor/lib/test/auto/ConfigurationSelect.xml (RunModel)" time="0.02" />
  <testcase classname="ptolemy.util.test.junit.AutoTests" name="[78] /home/travis/build/icyphy/ptII/ptolemy/actor/lib/test/auto/ConfigurationSelect2.xml (RunModel)" time="0.013" />
  <testcase classname="ptolemy.util.test.junit.AutoTests" name="[79] /home/travis/build/icyphy/ptII/ptolemy/actor/lib/test/auto/ConfigurationSwitch.xml (RunModel)" time="0.021" />
  <testcase classname="ptolemy.util.test.junit.AutoTests" name="[80] /home/travis/build/icyphy/ptII/ptolemy/actor/lib/test/auto/ConfigurationSwitch2.xml (RunModel)" time="0.027" />
  <testcase classname="ptolemy.util.test.junit.AutoTests" name="[81] /home/travis/build/icyphy/ptII/ptolemy/actor/lib/test/auto/ConfigurationSwitchCloningBugWithClassRelationGroup.xml (RunModel)" time="0.024" />
  <testcase classname="ptolemy.util.test.junit.AutoTests" name="[82] /home/travis/build/icyphy/ptII/ptolemy/actor/lib/test/auto/ConfigurationSwitchSelectSDF.xml (RunModel)" time="0.015" />
  <testcase classname="ptolemy.util.test.junit.AutoTests" name="[83] /home/travis/build/icyphy/ptII/ptolemy/actor/lib/test/auto/ConfigurationSwitchSelectSDF2.xml (RunModel)" time="0.017" />
  <testcase classname="ptolemy.util.test.junit.AutoTests" name="[84] /home/travis/build/icyphy/ptII/ptolemy/actor/lib/test/auto/Const.xml (RunModel)" time="0.006" />
  <testcase classname="ptolemy.util.test.junit.AutoTests" name="[85] /home/travis/build/icyphy/ptII/ptolemy/actor/lib/test/auto/Const2.xml (RunModel)" time="0.01" />
  <testcase classname="ptolemy.util.test.junit.AutoTests" name="[86] /home/travis/build/icyphy/ptII/ptolemy/actor/lib/test/auto/Const3.xml (RunModel)" time="0.008" />
  <testcase classname="ptolemy.util.test.junit.AutoTests" name="[87] /home/travis/build/icyphy/ptII/ptolemy/actor/lib/test/auto/ConstantPublisherPort1.xml (RunModel)" time="0.023" />
  <testcase classname="ptolemy.util.test.junit.AutoTests" name="[88] /home/travis/build/icyphy/ptII/ptolemy/actor/lib/test/auto/ConstantPublisherPort2.xml (RunModel)" time="0.031" />
  <testcase classname="ptolemy.util.test.junit.AutoTests" name="[89] /home/travis/build/icyphy/ptII/ptolemy/actor/lib/test/auto/ConstantPublisherPort3.xml (RunModel)" time="0.018" />
  <testcase classname="ptolemy.util.test.junit.AutoTests" name="[90] /home/travis/build/icyphy/ptII/ptolemy/actor/lib/test/auto/ConstantPublisherPort4.xml (RunModel)" time="0.015" />
  <testcase classname="ptolemy.util.test.junit.AutoTests" name="[91] /home/travis/build/icyphy/ptII/ptolemy/actor/lib/test/auto/ConstantPublisherPort5.xml (RunModel)" time="0.042" />
  <testcase classname="ptolemy.util.test.junit.AutoTests" name="[92] /home/travis/build/icyphy/ptII/ptolemy/actor/lib/test/auto/ConstantPublisherPort6.xml (RunModel)" time="0.028" />
  <testcase classname="ptolemy.util.test.junit.AutoTests" name="[93] /home/travis/build/icyphy/ptII/ptolemy/actor/lib/test/auto/ConstantPublisherPort7.xml (RunModel)" time="0.028" />
  <testcase classname="ptolemy.util.test.junit.AutoTests" name="[94] /home/travis/build/icyphy/ptII/ptolemy/actor/lib/test/auto/ConstraintMonitor1.xml (RunModel)" time="0.038" />
  <testcase classname="ptolemy.util.test.junit.AutoTests" name="[95] /home/travis/build/icyphy/ptII/ptolemy/actor/lib/test/auto/ConstraintMonitor2.xml (RunModel)" time="0.013" />
  <testcase classname="ptolemy.util.test.junit.AutoTests" name="[96] /home/travis/build/icyphy/ptII/ptolemy/actor/lib/test/auto/ConstraintMonitor3.xml (RunModel)" time="0.009" />
  <testcase classname="ptolemy.util.test.junit.AutoTests" name="[97] /home/travis/build/icyphy/ptII/ptolemy/actor/lib/test/auto/ConstraintMonitor4.xml (RunModel)" time="0.013" />
  <testcase classname="ptolemy.util.test.junit.AutoTests" name="[98] /home/travis/build/icyphy/ptII/ptolemy/actor/lib/test/auto/ConstraintMonitor5.xml (RunModel)" time="0.018" />
  <testcase classname="ptolemy.util.test.junit.AutoTests" name="[99] /home/travis/build/icyphy/ptII/ptolemy/actor/lib/test/auto/ConstraintMonitor6.xml (RunModel)" time="0.019" />
  <testcase classname="ptolemy.util.test.junit.AutoTests" name="[100] /home/travis/build/icyphy/ptII/ptolemy/actor/lib/test/auto/ConstraintMonitor7.xml (RunModel)" time="0.018" />
  <testcase classname="ptolemy.util.test.junit.AutoTests" name="[101] /home/travis/build/icyphy/ptII/ptolemy/actor/lib/test/auto/ConstraintMonitor8.xml (RunModel)" time="0.013" />
  <testcase classname="ptolemy.util.test.junit.AutoTests" name="[102] /home/travis/build/icyphy/ptII/ptolemy/actor/lib/test/auto/Counter.xml (RunModel)" time="0.012" />
  <testcase classname="ptolemy.util.test.junit.AutoTests" name="[103] /home/travis/build/icyphy/ptII/ptolemy/actor/lib/test/auto/CurrentTimeSDF.xml (RunModel)" time="0.009" />
  <testcase classname="ptolemy.util.test.junit.AutoTests" name="[104] /home/travis/build/icyphy/ptII/ptolemy/actor/lib/test/auto/DB.xml (RunModel)" time="0.011" />
  <testcase classname="ptolemy.util.test.junit.AutoTests" name="[105] /home/travis/build/icyphy/ptII/ptolemy/actor/lib/test/auto/DBDE.xml (RunModel)" time="0.013" />
  <testcase classname="ptolemy.util.test.junit.AutoTests" name="[106] /home/travis/build/icyphy/ptII/ptolemy/actor/lib/test/auto/DateConstructor.xml (RunModel)" time="0.061" />
  <testcase classname="ptolemy.util.test.junit.AutoTests" name="[107] /home/travis/build/icyphy/ptII/ptolemy/actor/lib/test/auto/DelayTime.xml (RunModel)" time="0.015" />
  <testcase classname="ptolemy.util.test.junit.AutoTests" name="[108] /home/travis/build/icyphy/ptII/ptolemy/actor/lib/test/auto/Dictionary1.xml (RunModel)" time="0.026" />
  <testcase classname="ptolemy.util.test.junit.AutoTests" name="[109] /home/travis/build/icyphy/ptII/ptolemy/actor/lib/test/auto/Dictionary2.xml (RunModel)" time="0.012" />
  <testcase classname="ptolemy.util.test.junit.AutoTests" name="[110] /home/travis/build/icyphy/ptII/ptolemy/actor/lib/test/auto/Dictionary3.xml (RunModel)" time="0.011" />
  <testcase classname="ptolemy.util.test.junit.AutoTests" name="[111] /home/travis/build/icyphy/ptII/ptolemy/actor/lib/test/auto/Dictionary4.xml (RunModel)" time="0.029" />
  <testcase classname="ptolemy.util.test.junit.AutoTests" name="[112] /home/travis/build/icyphy/ptII/ptolemy/actor/lib/test/auto/Differential.xml (RunModel)" time="0.014" />
  <testcase classname="ptolemy.util.test.junit.AutoTests" name="[113] /home/travis/build/icyphy/ptII/ptolemy/actor/lib/test/auto/Director.xml (RunModel)" time="0.01" />
  <testcase classname="ptolemy.util.test.junit.AutoTests" name="[114] /home/travis/build/icyphy/ptII/ptolemy/actor/lib/test/auto/DiscreteClock.xml (RunModel)" time="0.011" />
  <testcase classname="ptolemy.util.test.junit.AutoTests" name="[115] /home/travis/build/icyphy/ptII/ptolemy/actor/lib/test/auto/DiscreteClock10.xml (RunModel)" time="0.018" />
  <testcase classname="ptolemy.util.test.junit.AutoTests" name="[116] /home/travis/build/icyphy/ptII/ptolemy/actor/lib/test/auto/DiscreteClock11.xml (RunModel)" time="0.013" />
  <testcase classname="ptolemy.util.test.junit.AutoTests" name="[117] /home/travis/build/icyphy/ptII/ptolemy/actor/lib/test/auto/DiscreteClock12.xml (RunModel)" time="0.014" />
  <testcase classname="ptolemy.util.test.junit.AutoTests" name="[118] /home/travis/build/icyphy/ptII/ptolemy/actor/lib/test/auto/DiscreteClock13.xml (RunModel)" time="0.019" />
  <testcase classname="ptolemy.util.test.junit.AutoTests" name="[119] /home/travis/build/icyphy/ptII/ptolemy/actor/lib/test/auto/DiscreteClock14.xml (RunModel)" time="0.015" />
  <testcase classname="ptolemy.util.test.junit.AutoTests" name="[120] /home/travis/build/icyphy/ptII/ptolemy/actor/lib/test/auto/DiscreteClock15.xml (RunModel)" time="0.016" />
  <testcase classname="ptolemy.util.test.junit.AutoTests" name="[121] /home/travis/build/icyphy/ptII/ptolemy/actor/lib/test/auto/DiscreteClock16.xml (RunModel)" time="0.046" />
  <testcase classname="ptolemy.util.test.junit.AutoTests" name="[122] /home/travis/build/icyphy/ptII/ptolemy/actor/lib/test/auto/DiscreteClock17.xml (RunModel)" time="0.043" />
  <testcase classname="ptolemy.util.test.junit.AutoTests" name="[123] /home/travis/build/icyphy/ptII/ptolemy/actor/lib/test/auto/DiscreteClock18.xml (RunModel)" time="0.047" />
  <testcase classname="ptolemy.util.test.junit.AutoTests" name="[124] /home/travis/build/icyphy/ptII/ptolemy/actor/lib/test/auto/DiscreteClock19.xml (RunModel)" time="0.053" />
  <testcase classname="ptolemy.util.test.junit.AutoTests" name="[125] /home/travis/build/icyphy/ptII/ptolemy/actor/lib/test/auto/DiscreteClock2.xml (RunModel)" time="0.012" />
  <testcase classname="ptolemy.util.test.junit.AutoTests" name="[126] /home/travis/build/icyphy/ptII/ptolemy/actor/lib/test/auto/DiscreteClock20.xml (RunModel)" time="0.016" />
  <testcase classname="ptolemy.util.test.junit.AutoTests" name="[127] /home/travis/build/icyphy/ptII/ptolemy/actor/lib/test/auto/DiscreteClock21.xml (RunModel)" time="0.019" />
  <testcase classname="ptolemy.util.test.junit.AutoTests" name="[128] /home/travis/build/icyphy/ptII/ptolemy/actor/lib/test/auto/DiscreteClock22.xml (RunModel)" time="0.015" />
  <testcase classname="ptolemy.util.test.junit.AutoTests" name="[129] /home/travis/build/icyphy/ptII/ptolemy/actor/lib/test/auto/DiscreteClock23.xml (RunModel)" time="0.016" />
  <testcase classname="ptolemy.util.test.junit.AutoTests" name="[130] /home/travis/build/icyphy/ptII/ptolemy/actor/lib/test/auto/DiscreteClock24.xml (RunModel)" time="0.019" />
  <testcase classname="ptolemy.util.test.junit.AutoTests" name="[131] /home/travis/build/icyphy/ptII/ptolemy/actor/lib/test/auto/DiscreteClock4.xml (RunModel)" time="0.013" />
  <testcase classname="ptolemy.util.test.junit.AutoTests" name="[132] /home/travis/build/icyphy/ptII/ptolemy/actor/lib/test/auto/DiscreteClock5.xml (RunModel)" time="0.012" />
  <testcase classname="ptolemy.util.test.junit.AutoTests" name="[133] /home/travis/build/icyphy/ptII/ptolemy/actor/lib/test/auto/DiscreteClock6.xml (RunModel)" time="0.013" />
  <testcase classname="ptolemy.util.test.junit.AutoTests" name="[134] /home/travis/build/icyphy/ptII/ptolemy/actor/lib/test/auto/DiscreteClock7.xml (RunModel)" time="0.011" />
  <testcase classname="ptolemy.util.test.junit.AutoTests" name="[135] /home/travis/build/icyphy/ptII/ptolemy/actor/lib/test/auto/DiscreteClock8.xml (RunModel)" time="0.022" />
  <testcase classname="ptolemy.util.test.junit.AutoTests" name="[136] /home/travis/build/icyphy/ptII/ptolemy/actor/lib/test/auto/DiscreteClock9.xml (RunModel)" time="0.014" />
  <testcase classname="ptolemy.util.test.junit.AutoTests" name="[137] /home/travis/build/icyphy/ptII/ptolemy/actor/lib/test/auto/DisplayArray.xml (RunModel)" time="0.01" />
  <testcase classname="ptolemy.util.test.junit.AutoTests" name="[138] /home/travis/build/icyphy/ptII/ptolemy/actor/lib/test/auto/Distributor.xml (RunModel)" time="0.01" />
  <testcase classname="ptolemy.util.test.junit.AutoTests" name="[139] /home/travis/build/icyphy/ptII/ptolemy/actor/lib/test/auto/Distributor2.xml (RunModel)" time="0.014" />
  <testcase classname="ptolemy.util.test.junit.AutoTests" name="[140] /home/travis/build/icyphy/ptII/ptolemy/actor/lib/test/auto/DownSample.xml (RunModel)" time="0.01" />
  <testcase classname="ptolemy.util.test.junit.AutoTests" name="[141] /home/travis/build/icyphy/ptII/ptolemy/actor/lib/test/auto/ElectronicUnitBase1.xml (RunModel)" time="0.082" />
  <testcase classname="ptolemy.util.test.junit.AutoTests" name="[142] /home/travis/build/icyphy/ptII/ptolemy/actor/lib/test/auto/ElementsToArray.xml (RunModel)" time="0.012" />
  <testcase classname="ptolemy.util.test.junit.AutoTests" name="[143] /home/travis/build/icyphy/ptII/ptolemy/actor/lib/test/auto/Equals.xml (RunModel)" time="0.017" />
  <testcase classname="ptolemy.util.test.junit.AutoTests" name="[144] /home/travis/build/icyphy/ptII/ptolemy/actor/lib/test/auto/Exec.xml (RunModel)" time="0.029" />
  <testcase classname="ptolemy.util.test.junit.AutoTests" name="[145] /home/travis/build/icyphy/ptII/ptolemy/actor/lib/test/auto/ExecEnvironment.xml (RunModel)" time="0.037" />
  <testcase classname="ptolemy.util.test.junit.AutoTests" name="[146] /home/travis/build/icyphy/ptII/ptolemy/actor/lib/test/auto/ExecNonZeroReturnOutput.xml (RunModel)" time="0.204" />
  <testcase classname="ptolemy.util.test.junit.AutoTests" name="[147] /home/travis/build/icyphy/ptII/ptolemy/actor/lib/test/auto/ExecRunDemos.xml (RunModel)" time="10.266" />
  <testcase classname="ptolemy.util.test.junit.AutoTests" name="[148] /home/travis/build/icyphy/ptII/ptolemy/actor/lib/test/auto/ExecStop.xml (RunModel)" time="5.051" />
  <testcase classname="ptolemy.util.test.junit.AutoTests" name="[149] /home/travis/build/icyphy/ptII/ptolemy/actor/lib/test/auto/ExecutionTimeSDF.xml (RunModel)" time="6.034" />
  <testcase classname="ptolemy.util.test.junit.AutoTests" name="[150] /home/travis/build/icyphy/ptII/ptolemy/actor/lib/test/auto/Expression1.xml (RunModel)" time="0.014" />
  <testcase classname="ptolemy.util.test.junit.AutoTests" name="[151] /home/travis/build/icyphy/ptII/ptolemy/actor/lib/test/auto/Expression10.xml (RunModel)" time="0.02" />
  <testcase classname="ptolemy.util.test.junit.AutoTests" name="[152] /home/travis/build/icyphy/ptII/ptolemy/actor/lib/test/auto/Expression11.xml (RunModel)" time="0.01" />
  <testcase classname="ptolemy.util.test.junit.AutoTests" name="[153] /home/travis/build/icyphy/ptII/ptolemy/actor/lib/test/auto/Expression12.xml (RunModel)" time="0.012" />
  <testcase classname="ptolemy.util.test.junit.AutoTests" name="[154] /home/travis/build/icyphy/ptII/ptolemy/actor/lib/test/auto/Expression13.xml (RunModel)" time="0.01" />
  <testcase classname="ptolemy.util.test.junit.AutoTests" name="[155] /home/travis/build/icyphy/ptII/ptolemy/actor/lib/test/auto/Expression14.xml (RunModel)" time="0.018" />
  <testcase classname="ptolemy.util.test.junit.AutoTests" name="[156] /home/travis/build/icyphy/ptII/ptolemy/actor/lib/test/auto/Expression15.xml (RunModel)" time="0.007" />
  <testcase classname="ptolemy.util.test.junit.AutoTests" name="[157] /home/travis/build/icyphy/ptII/ptolemy/actor/lib/test/auto/Expression16.xml (RunModel)" time="0.012" />
  <testcase classname="ptolemy.util.test.junit.AutoTests" name="[158] /home/travis/build/icyphy/ptII/ptolemy/actor/lib/test/auto/Expression17.xml (RunModel)" time="0.01" />
  <testcase classname="ptolemy.util.test.junit.AutoTests" name="[159] /home/travis/build/icyphy/ptII/ptolemy/actor/lib/test/auto/Expression18.xml (RunModel)" time="0.012" />
  <testcase classname="ptolemy.util.test.junit.AutoTests" name="[160] /home/travis/build/icyphy/ptII/ptolemy/actor/lib/test/auto/Expression2.xml (RunModel)" time="0.012" />
  <testcase classname="ptolemy.util.test.junit.AutoTests" name="[161] /home/travis/build/icyphy/ptII/ptolemy/actor/lib/test/auto/Expression3.xml (RunModel)" time="0.013" />
  <testcase classname="ptolemy.util.test.junit.AutoTests" name="[162] /home/travis/build/icyphy/ptII/ptolemy/actor/lib/test/auto/Expression4.xml (RunModel)" time="0.017" />
  <testcase classname="ptolemy.util.test.junit.AutoTests" name="[163] /home/travis/build/icyphy/ptII/ptolemy/actor/lib/test/auto/Expression5.xml (RunModel)" time="0.013" />
  <testcase classname="ptolemy.util.test.junit.AutoTests" name="[164] /home/travis/build/icyphy/ptII/ptolemy/actor/lib/test/auto/Expression6.xml (RunModel)" time="0.008" />
  <testcase classname="ptolemy.util.test.junit.AutoTests" name="[165] /home/travis/build/icyphy/ptII/ptolemy/actor/lib/test/auto/Expression7.xml (RunModel)" time="0.011" />
  <testcase classname="ptolemy.util.test.junit.AutoTests" name="[166] /home/travis/build/icyphy/ptII/ptolemy/actor/lib/test/auto/Expression8.xml (RunModel)" time="0.014" />
  <testcase classname="ptolemy.util.test.junit.AutoTests" name="[167] /home/travis/build/icyphy/ptII/ptolemy/actor/lib/test/auto/Expression9.xml (RunModel)" time="0.007" />
  <testcase classname="ptolemy.util.test.junit.AutoTests" name="[168] /home/travis/build/icyphy/ptII/ptolemy/actor/lib/test/auto/ExpressionConcatenateArrayType.xml (RunModel)" time="0.028" />
  <testcase classname="ptolemy.util.test.junit.AutoTests" name="[169] /home/travis/build/icyphy/ptII/ptolemy/actor/lib/test/auto/ExpressionConcatenateArrayType2.xml (RunModel)" time="0.021" />
  <testcase classname="ptolemy.util.test.junit.AutoTests" name="[170] /home/travis/build/icyphy/ptII/ptolemy/actor/lib/test/auto/ExpressionFix.xml (RunModel)" time="0.04" />
  <testcase classname="ptolemy.util.test.junit.AutoTests" name="[171] /home/travis/build/icyphy/ptII/ptolemy/actor/lib/test/auto/ExpressionFix2.xml (RunModel)" time="0.011" />
  <testcase classname="ptolemy.util.test.junit.AutoTests" name="[172] /home/travis/build/icyphy/ptII/ptolemy/actor/lib/test/auto/ExpressionFix3.xml (RunModel)" time="0.011" />
  <testcase classname="ptolemy.util.test.junit.AutoTests" name="[173] /home/travis/build/icyphy/ptII/ptolemy/actor/lib/test/auto/FileWriter1.xml (RunModel)" time="0.011" />
  <testcase classname="ptolemy.util.test.junit.AutoTests" name="[174] /home/travis/build/icyphy/ptII/ptolemy/actor/lib/test/auto/FileWriter2.xml (RunModel)" time="0.015" />
  <testcase classname="ptolemy.util.test.junit.AutoTests" name="[175] /home/travis/build/icyphy/ptII/ptolemy/actor/lib/test/auto/FileWriter3.xml (RunModel)" time="0.013" />
  <testcase classname="ptolemy.util.test.junit.AutoTests" name="[176] /home/travis/build/icyphy/ptII/ptolemy/actor/lib/test/auto/Gaussian.xml (RunModel)" time="0.011" />
  <testcase classname="ptolemy.util.test.junit.AutoTests" name="[177] /home/travis/build/icyphy/ptII/ptolemy/actor/lib/test/auto/Gaussian1.xml (RunModel)" time="0.021" />
  <testcase classname="ptolemy.util.test.junit.AutoTests" name="[178] /home/travis/build/icyphy/ptII/ptolemy/actor/lib/test/auto/Gaussian2.xml (RunModel)" time="0.017" />
  <testcase classname="ptolemy.util.test.junit.AutoTests" name="[179] /home/travis/build/icyphy/ptII/ptolemy/actor/lib/test/auto/GradientAdaptiveLattice.xml (RunModel)" time="0.014" />
  <testcase classname="ptolemy.util.test.junit.AutoTests" name="[180] /home/travis/build/icyphy/ptII/ptolemy/actor/lib/test/auto/IIR.xml (RunModel)" time="0.01" />
  <testcase classname="ptolemy.util.test.junit.AutoTests" name="[181] /home/travis/build/icyphy/ptII/ptolemy/actor/lib/test/auto/InputOutputTransparentPorts.xml (RunModel)" time="0.016" />
  <testcase classname="ptolemy.util.test.junit.AutoTests" name="[182] /home/travis/build/icyphy/ptII/ptolemy/actor/lib/test/auto/Interpolator.xml (RunModel)" time="0.011" />
  <testcase classname="ptolemy.util.test.junit.AutoTests" name="[183] /home/travis/build/icyphy/ptII/ptolemy/actor/lib/test/auto/InterpolatorFiringLimitDE.xml (RunModel)" time="0.013" />
  <testcase classname="ptolemy.util.test.junit.AutoTests" name="[184] /home/travis/build/icyphy/ptII/ptolemy/actor/lib/test/auto/Lattice.xml (RunModel)" time="0.008" />
  <testcase classname="ptolemy.util.test.junit.AutoTests" name="[185] /home/travis/build/icyphy/ptII/ptolemy/actor/lib/test/auto/LazyAOCTestLazy.xml (RunModel)" time="0.027" />
  <testcase classname="ptolemy.util.test.junit.AutoTests" name="[186] /home/travis/build/icyphy/ptII/ptolemy/actor/lib/test/auto/LazyAOCTestNonLazy.xml (RunModel)" time="0.048" />
  <testcase classname="ptolemy.util.test.junit.AutoTests" name="[187] /home/travis/build/icyphy/ptII/ptolemy/actor/lib/test/auto/LazyInnerClass.xml (RunModel)" time="0.044" />
  <testcase classname="ptolemy.util.test.junit.AutoTests" name="[188] /home/travis/build/icyphy/ptII/ptolemy/actor/lib/test/auto/LazyPubSub.xml (RunModel)" time="0.05" />
  <testcase classname="ptolemy.util.test.junit.AutoTests" name="[189] /home/travis/build/icyphy/ptII/ptolemy/actor/lib/test/auto/LazyPubSub2.xml (RunModel)" time="0.033" />
  <testcase classname="ptolemy.util.test.junit.AutoTests" name="[190] /home/travis/build/icyphy/ptII/ptolemy/actor/lib/test/auto/LazyPubSub3.xml (RunModel)" time="0.026" />
  <testcase classname="ptolemy.util.test.junit.AutoTests" name="[191] /home/travis/build/icyphy/ptII/ptolemy/actor/lib/test/auto/LazySubClassModel.xml (RunModel)" time="0.022" />
  <testcase classname="ptolemy.util.test.junit.AutoTests" name="[192] /home/travis/build/icyphy/ptII/ptolemy/actor/lib/test/auto/LevelCrossTest1.xml (RunModel)" time="0.01" />
  <testcase classname="ptolemy.util.test.junit.AutoTests" name="[193] /home/travis/build/icyphy/ptII/ptolemy/actor/lib/test/auto/LevelCrossTest10.xml (RunModel)" time="0.014" />
  <testcase classname="ptolemy.util.test.junit.AutoTests" name="[194] /home/travis/build/icyphy/ptII/ptolemy/actor/lib/test/auto/LevelCrossTest11.xml (RunModel)" time="0.015" />
  <testcase classname="ptolemy.util.test.junit.AutoTests" name="[195] /home/travis/build/icyphy/ptII/ptolemy/actor/lib/test/auto/LevelCrossTest12.xml (RunModel)" time="0.019" />
  <testcase classname="ptolemy.util.test.junit.AutoTests" name="[196] /home/travis/build/icyphy/ptII/ptolemy/actor/lib/test/auto/LevelCrossTest13.xml (RunModel)" time="0.015" />
  <testcase classname="ptolemy.util.test.junit.AutoTests" name="[197] /home/travis/build/icyphy/ptII/ptolemy/actor/lib/test/auto/LevelCrossTest2.xml (RunModel)" time="0.011" />
  <testcase classname="ptolemy.util.test.junit.AutoTests" name="[198] /home/travis/build/icyphy/ptII/ptolemy/actor/lib/test/auto/LevelCrossTest3.xml (RunModel)" time="0.011" />
  <testcase classname="ptolemy.util.test.junit.AutoTests" name="[199] /home/travis/build/icyphy/ptII/ptolemy/actor/lib/test/auto/LevelCrossTest4.xml (RunModel)" time="0.01" />
  <testcase classname="ptolemy.util.test.junit.AutoTests" name="[200] /home/travis/build/icyphy/ptII/ptolemy/actor/lib/test/auto/LevelCrossTest5.xml (RunModel)" time="0.014" />
  <testcase classname="ptolemy.util.test.junit.AutoTests" name="[201] /home/travis/build/icyphy/ptII/ptolemy/actor/lib/test/auto/LevelCrossTest6.xml (RunModel)" time="0.017" />
  <testcase classname="ptolemy.util.test.junit.AutoTests" name="[202] /home/travis/build/icyphy/ptII/ptolemy/actor/lib/test/auto/LevelCrossTest7.xml (RunModel)" time="0.014" />
  <testcase classname="ptolemy.util.test.junit.AutoTests" name="[203] /home/travis/build/icyphy/ptII/ptolemy/actor/lib/test/auto/LevelCrossTest8.xml (RunModel)" time="0.013" />
  <testcase classname="ptolemy.util.test.junit.AutoTests" name="[204] /home/travis/build/icyphy/ptII/ptolemy/actor/lib/test/auto/LevelCrossTest9.xml (RunModel)" time="0.015" />
  <testcase classname="ptolemy.util.test.junit.AutoTests" name="[205] /home/travis/build/icyphy/ptII/ptolemy/actor/lib/test/auto/LevinsonDurbin.xml (RunModel)" time="0.015" />
  <testcase classname="ptolemy.util.test.junit.AutoTests" name="[206] /home/travis/build/icyphy/ptII/ptolemy/actor/lib/test/auto/LevinsonDurbin2.xml (RunModel)" time="0.01" />
  <testcase classname="ptolemy.util.test.junit.AutoTests" name="[207] /home/travis/build/icyphy/ptII/ptolemy/actor/lib/test/auto/LevinsonDurbin3.xml (RunModel)" time="0.009" />
  <testcase classname="ptolemy.util.test.junit.AutoTests" name="[208] /home/travis/build/icyphy/ptII/ptolemy/actor/lib/test/auto/Limiter.xml (RunModel)" time="0.037" />
  <testcase classname="ptolemy.util.test.junit.AutoTests" name="[209] /home/travis/build/icyphy/ptII/ptolemy/actor/lib/test/auto/LinearDifferenceEquationSystem.xml (RunModel)" time="0.022" />
  <testcase classname="ptolemy.util.test.junit.AutoTests" name="[210] /home/travis/build/icyphy/ptII/ptolemy/actor/lib/test/auto/LookupTable.xml (RunModel)" time="0.01" />
  <testcase classname="ptolemy.util.test.junit.AutoTests" name="[211] /home/travis/build/icyphy/ptII/ptolemy/actor/lib/test/auto/MathFunction.xml (RunModel)" time="0.026" />
  <testcase classname="ptolemy.util.test.junit.AutoTests" name="[212] /home/travis/build/icyphy/ptII/ptolemy/actor/lib/test/auto/MathFunction2.xml (RunModel)" time="0.02" />
  <testcase classname="ptolemy.util.test.junit.AutoTests" name="[213] /home/travis/build/icyphy/ptII/ptolemy/actor/lib/test/auto/MathFunction3.xml (RunModel)" time="0.026" />
  <testcase classname="ptolemy.util.test.junit.AutoTests" name="[214] /home/travis/build/icyphy/ptII/ptolemy/actor/lib/test/auto/MatrixCropBoolean.xml (RunModel)" time="0.014" />
  <testcase classname="ptolemy.util.test.junit.AutoTests" name="[215] /home/travis/build/icyphy/ptII/ptolemy/actor/lib/test/auto/MatrixCropComplex.xml (RunModel)" time="0.013" />
  <testcase classname="ptolemy.util.test.junit.AutoTests" name="[216] /home/travis/build/icyphy/ptII/ptolemy/actor/lib/test/auto/MatrixCropDouble.xml (RunModel)" time="0.01" />
  <testcase classname="ptolemy.util.test.junit.AutoTests" name="[217] /home/travis/build/icyphy/ptII/ptolemy/actor/lib/test/auto/MatrixCropFix.xml (RunModel)" time="0.012" />
  <testcase classname="ptolemy.util.test.junit.AutoTests" name="[218] /home/travis/build/icyphy/ptII/ptolemy/actor/lib/test/auto/MatrixCropInt.xml (RunModel)" time="0.011" />
  <testcase classname="ptolemy.util.test.junit.AutoTests" name="[219] /home/travis/build/icyphy/ptII/ptolemy/actor/lib/test/auto/MatrixCropLong.xml (RunModel)" time="0.012" />
  <testcase classname="ptolemy.util.test.junit.AutoTests" name="[220] /home/travis/build/icyphy/ptII/ptolemy/actor/lib/test/auto/MatrixToArray.xml (RunModel)" time="0.061" />
  <testcase classname="ptolemy.util.test.junit.AutoTests" name="[221] /home/travis/build/icyphy/ptII/ptolemy/actor/lib/test/auto/MaxIndex.xml (RunModel)" time="0.016" />
  <testcase classname="ptolemy.util.test.junit.AutoTests" name="[222] /home/travis/build/icyphy/ptII/ptolemy/actor/lib/test/auto/Maximum.xml (RunModel)" time="0.015" />
  <testcase classname="ptolemy.util.test.junit.AutoTests" name="[223] /home/travis/build/icyphy/ptII/ptolemy/actor/lib/test/auto/MaximumComplex.xml (RunModel)" time="0.017" />
  <testcase classname="ptolemy.util.test.junit.AutoTests" name="[224] /home/travis/build/icyphy/ptII/ptolemy/actor/lib/test/auto/MethodCallTest.xml (RunModel)" time="0.02" />
  <testcase classname="ptolemy.util.test.junit.AutoTests" name="[225] /home/travis/build/icyphy/ptII/ptolemy/actor/lib/test/auto/Minimum.xml (RunModel)" time="0.014" />
  <testcase classname="ptolemy.util.test.junit.AutoTests" name="[226] /home/travis/build/icyphy/ptII/ptolemy/actor/lib/test/auto/MinimumComplex.xml (RunModel)" time="0.024" />
  <testcase classname="ptolemy.util.test.junit.AutoTests" name="[227] /home/travis/build/icyphy/ptII/ptolemy/actor/lib/test/auto/MinimumMultiports.xml (RunModel)" time="0.016" />
  <testcase classname="ptolemy.util.test.junit.AutoTests" name="[228] /home/travis/build/icyphy/ptII/ptolemy/actor/lib/test/auto/ModifyDate.xml (RunModel)" time="0.041" />
  <testcase classname="ptolemy.util.test.junit.AutoTests" name="[229] /home/travis/build/icyphy/ptII/ptolemy/actor/lib/test/auto/ModifyDate2.xml (RunModel)" time="0.033" />
  <testcase classname="ptolemy.util.test.junit.AutoTests" name="[230] /home/travis/build/icyphy/ptII/ptolemy/actor/lib/test/auto/MovingAverage.xml (RunModel)" time="0.016" />
  <testcase classname="ptolemy.util.test.junit.AutoTests" name="[231] /home/travis/build/icyphy/ptII/ptolemy/actor/lib/test/auto/MovingMaximum.xml (RunModel)" time="0.01" />
  <testcase classname="ptolemy.util.test.junit.AutoTests" name="[232] /home/travis/build/icyphy/ptII/ptolemy/actor/lib/test/auto/MultipleLinksToSameRelation.xml (RunModel)" time="0.007" />
  <testcase classname="ptolemy.util.test.junit.AutoTests" name="[233] /home/travis/build/icyphy/ptII/ptolemy/actor/lib/test/auto/MultipleLinksToSameRelationDE.xml (RunModel)" time="0.009" />
  <testcase classname="ptolemy.util.test.junit.AutoTests" name="[234] /home/travis/build/icyphy/ptII/ptolemy/actor/lib/test/auto/Multiplexor.xml (RunModel)" time="0.011" />
  <testcase classname="ptolemy.util.test.junit.AutoTests" name="[235] /home/travis/build/icyphy/ptII/ptolemy/actor/lib/test/auto/Multiplexor1.xml (RunModel)" time="0.01" />
  <testcase classname="ptolemy.util.test.junit.AutoTests" name="[236] /home/travis/build/icyphy/ptII/ptolemy/actor/lib/test/auto/Multiplexor2.xml (RunModel)" time="0.016" />
  <testcase classname="ptolemy.util.test.junit.AutoTests" name="[237] /home/travis/build/icyphy/ptII/ptolemy/actor/lib/test/auto/Multiplexor3.xml (RunModel)" time="0.008" />
  <testcase classname="ptolemy.util.test.junit.AutoTests" name="[238] /home/travis/build/icyphy/ptII/ptolemy/actor/lib/test/auto/MultiplexorDE.xml (RunModel)" time="0.015" />
  <testcase classname="ptolemy.util.test.junit.AutoTests" name="[239] /home/travis/build/icyphy/ptII/ptolemy/actor/lib/test/auto/MultiportBroadcastTest.xml (RunModel)" time="0.08" />
  <testcase classname="ptolemy.util.test.junit.AutoTests" name="[240] /home/travis/build/icyphy/ptII/ptolemy/actor/lib/test/auto/MultiportOutHangDuringGetWidth.xml (RunModel)" time="0.03" />
  <testcase classname="ptolemy.util.test.junit.AutoTests" name="[241] /home/travis/build/icyphy/ptII/ptolemy/actor/lib/test/auto/NilToken.xml (RunModel)" time="0.01" />
  <testcase classname="ptolemy.util.test.junit.AutoTests" name="[242] /home/travis/build/icyphy/ptII/ptolemy/actor/lib/test/auto/NilTokenNonStrictTest.xml (RunModel)" time="0.01" />
  <testcase classname="ptolemy.util.test.junit.AutoTests" name="[243] /home/travis/build/icyphy/ptII/ptolemy/actor/lib/test/auto/NilTokenRecord.xml (RunModel)" time="0.024" />
  <testcase classname="ptolemy.util.test.junit.AutoTests" name="[244] /home/travis/build/icyphy/ptII/ptolemy/actor/lib/test/auto/NilTokenTypeTest.xml (RunModel)" time="0.03" />
  <testcase classname="ptolemy.util.test.junit.AutoTests" name="[245] /home/travis/build/icyphy/ptII/ptolemy/actor/lib/test/auto/ObjectToken1.xml (RunModel)" time="0.007" />
  <testcase classname="ptolemy.util.test.junit.AutoTests" name="[246] /home/travis/build/icyphy/ptII/ptolemy/actor/lib/test/auto/OrderedMerge.xml (RunModel)" time="0.017" />
  <testcase classname="ptolemy.util.test.junit.AutoTests" name="[247] /home/travis/build/icyphy/ptII/ptolemy/actor/lib/test/auto/OrderedRecordDisassembler.xml (RunModel)" time="0.017" />
  <testcase classname="ptolemy.util.test.junit.AutoTests" name="[248] /home/travis/build/icyphy/ptII/ptolemy/actor/lib/test/auto/OrderedRecordDisassembler2.xml (RunModel)" time="0.017" />
  <testcase classname="ptolemy.util.test.junit.AutoTests" name="[249] /home/travis/build/icyphy/ptII/ptolemy/actor/lib/test/auto/OrderedRecordUpdater.xml (RunModel)" time="0.009" />
  <testcase classname="ptolemy.util.test.junit.AutoTests" name="[250] /home/travis/build/icyphy/ptII/ptolemy/actor/lib/test/auto/OrderedRecordUpdater2.xml (RunModel)" time="0.016" />
  <testcase classname="ptolemy.util.test.junit.AutoTests" name="[251] /home/travis/build/icyphy/ptII/ptolemy/actor/lib/test/auto/PhaseUnwrap.xml (RunModel)" time="0.012" />
  <testcase classname="ptolemy.util.test.junit.AutoTests" name="[252] /home/travis/build/icyphy/ptII/ptolemy/actor/lib/test/auto/PoissonClock.xml (RunModel)" time="0.009" />
  <testcase classname="ptolemy.util.test.junit.AutoTests" name="[253] /home/travis/build/icyphy/ptII/ptolemy/actor/lib/test/auto/PoissonClock2.xml (RunModel)" time="0.007" />
  <testcase classname="ptolemy.util.test.junit.AutoTests" name="[254] /home/travis/build/icyphy/ptII/ptolemy/actor/lib/test/auto/PoissonClock3.xml (RunModel)" time="0.023" />
  <testcase classname="ptolemy.util.test.junit.AutoTests" name="[255] /home/travis/build/icyphy/ptII/ptolemy/actor/lib/test/auto/PubSubWithInitialTokens.xml (RunModel)" time="0.023" />
  <testcase classname="ptolemy.util.test.junit.AutoTests" name="[256] /home/travis/build/icyphy/ptII/ptolemy/actor/lib/test/auto/PubSubWithInitialTokens2.xml (RunModel)" time="0.013" />
  <testcase classname="ptolemy.util.test.junit.AutoTests" name="[257] /home/travis/build/icyphy/ptII/ptolemy/actor/lib/test/auto/PublisherClassNoParameter.xml (RunModel)" time="0.022" />
  <testcase classname="ptolemy.util.test.junit.AutoTests" name="[258] /home/travis/build/icyphy/ptII/ptolemy/actor/lib/test/auto/PublisherClassParameter.xml (RunModel)" time="0.019" />
  <testcase classname="ptolemy.util.test.junit.AutoTests" name="[259] /home/travis/build/icyphy/ptII/ptolemy/actor/lib/test/auto/PublisherNonStrictTest.xml (RunModel)" time="0.013" />
  <testcase classname="ptolemy.util.test.junit.AutoTests" name="[260] /home/travis/build/icyphy/ptII/ptolemy/actor/lib/test/auto/PublisherPort1.xml (RunModel)" time="0.008" />
  <testcase classname="ptolemy.util.test.junit.AutoTests" name="[261] /home/travis/build/icyphy/ptII/ptolemy/actor/lib/test/auto/PublisherPort2.xml (RunModel)" time="0.007" />
  <testcase classname="ptolemy.util.test.junit.AutoTests" name="[262] /home/travis/build/icyphy/ptII/ptolemy/actor/lib/test/auto/PublisherPort3.xml (RunModel)" time="0.02" />
  <testcase classname="ptolemy.util.test.junit.AutoTests" name="[263] /home/travis/build/icyphy/ptII/ptolemy/actor/lib/test/auto/PublisherPort4.xml (RunModel)" time="0.019" />
  <testcase classname="ptolemy.util.test.junit.AutoTests" name="[264] /home/travis/build/icyphy/ptII/ptolemy/actor/lib/test/auto/PublisherPort5.xml (RunModel)" time="0.016" />
  <testcase classname="ptolemy.util.test.junit.AutoTests" name="[265] /home/travis/build/icyphy/ptII/ptolemy/actor/lib/test/auto/PublisherPort5LookAlike.xml (RunModel)" time="0.015" />
  <testcase classname="ptolemy.util.test.junit.AutoTests" name="[266] /home/travis/build/icyphy/ptII/ptolemy/actor/lib/test/auto/PublisherPort6.xml (RunModel)" time="0.011" />
  <testcase classname="ptolemy.util.test.junit.AutoTests" name="[267] /home/travis/build/icyphy/ptII/ptolemy/actor/lib/test/auto/PublisherPort7.xml (RunModel)" time="0.021" />
  <testcase classname="ptolemy.util.test.junit.AutoTests" name="[268] /home/travis/build/icyphy/ptII/ptolemy/actor/lib/test/auto/PublisherPort8.xml (RunModel)" time="0.022" />
  <testcase classname="ptolemy.util.test.junit.AutoTests" name="[269] /home/travis/build/icyphy/ptII/ptolemy/actor/lib/test/auto/PublisherPortSubscriberChannelVariablesAOC2.xml (RunModel)" time="0.031" />
  <testcase classname="ptolemy.util.test.junit.AutoTests" name="[270] /home/travis/build/icyphy/ptII/ptolemy/actor/lib/test/auto/PublisherPortSubscriberOpaqueWidthInference.xml (RunModel)" time="0.013" />
  <testcase classname="ptolemy.util.test.junit.AutoTests" name="[271] /home/travis/build/icyphy/ptII/ptolemy/actor/lib/test/auto/PublisherPortSubscriberPortAdjacent.xml (RunModel)" time="0.018" />
  <testcase classname="ptolemy.util.test.junit.AutoTests" name="[272] /home/travis/build/icyphy/ptII/ptolemy/actor/lib/test/auto/PublisherPortSubscriberPortExpression.xml (RunModel)" time="0.015" />
  <testcase classname="ptolemy.util.test.junit.AutoTests" name="[273] /home/travis/build/icyphy/ptII/ptolemy/actor/lib/test/auto/PublisherPortSubscriberPortOpaqueD3Reverse.xml (RunModel)" time="0.037" />
  <testcase classname="ptolemy.util.test.junit.AutoTests" name="[274] /home/travis/build/icyphy/ptII/ptolemy/actor/lib/test/auto/PublisherPortSubscriberPortOpaqueWidthInference.xml (RunModel)" time="0.014" />
  <testcase classname="ptolemy.util.test.junit.AutoTests" name="[275] /home/travis/build/icyphy/ptII/ptolemy/actor/lib/test/auto/PublisherPortToplevelSubscriberPortAOC.xml (RunModel)" time="0.009" />
  <testcase classname="ptolemy.util.test.junit.AutoTests" name="[276] /home/travis/build/icyphy/ptII/ptolemy/actor/lib/test/auto/PublisherSubscriber.xml (RunModel)" time="0.011" />
  <testcase classname="ptolemy.util.test.junit.AutoTests" name="[277] /home/travis/build/icyphy/ptII/ptolemy/actor/lib/test/auto/PublisherSubscriber10.xml (RunModel)" time="0.019" />
  <testcase classname="ptolemy.util.test.junit.AutoTests" name="[278] /home/travis/build/icyphy/ptII/ptolemy/actor/lib/test/auto/PublisherSubscriber10InitialOutputs.xml (RunModel)" time="0.026" />
  <testcase classname="ptolemy.util.test.junit.AutoTests" name="[279] /home/travis/build/icyphy/ptII/ptolemy/actor/lib/test/auto/PublisherSubscriber11.xml (RunModel)" time="0.021" />
  <testcase classname="ptolemy.util.test.junit.AutoTests" name="[280] /home/travis/build/icyphy/ptII/ptolemy/actor/lib/test/auto/PublisherSubscriber12.xml (RunModel)" time="0.01" />
  <testcase classname="ptolemy.util.test.junit.AutoTests" name="[281] /home/travis/build/icyphy/ptII/ptolemy/actor/lib/test/auto/PublisherSubscriber13.xml (RunModel)" time="0.008" />
  <testcase classname="ptolemy.util.test.junit.AutoTests" name="[282] /home/travis/build/icyphy/ptII/ptolemy/actor/lib/test/auto/PublisherSubscriber14.xml (RunModel)" time="0.017" />
  <testcase classname="ptolemy.util.test.junit.AutoTests" name="[283] /home/travis/build/icyphy/ptII/ptolemy/actor/lib/test/auto/PublisherSubscriber2.xml (RunModel)" time="0.009" />
  <testcase classname="ptolemy.util.test.junit.AutoTests" name="[284] /home/travis/build/icyphy/ptII/ptolemy/actor/lib/test/auto/PublisherSubscriber3.xml (RunModel)" time="0.009" />
  <testcase classname="ptolemy.util.test.junit.AutoTests" name="[285] /home/travis/build/icyphy/ptII/ptolemy/actor/lib/test/auto/PublisherSubscriber4.xml (RunModel)" time="0.008" />
  <testcase classname="ptolemy.util.test.junit.AutoTests" name="[286] /home/travis/build/icyphy/ptII/ptolemy/actor/lib/test/auto/PublisherSubscriber5.xml (RunModel)" time="0.01" />
  <testcase classname="ptolemy.util.test.junit.AutoTests" name="[287] /home/travis/build/icyphy/ptII/ptolemy/actor/lib/test/auto/PublisherSubscriber6.xml (RunModel)" time="0.012" />
  <testcase classname="ptolemy.util.test.junit.AutoTests" name="[288] /home/travis/build/icyphy/ptII/ptolemy/actor/lib/test/auto/PublisherSubscriber7.xml (RunModel)" time="0.017" />
  <testcase classname="ptolemy.util.test.junit.AutoTests" name="[289] /home/travis/build/icyphy/ptII/ptolemy/actor/lib/test/auto/PublisherSubscriber8.xml (RunModel)" time="0.028" />
  <testcase classname="ptolemy.util.test.junit.AutoTests" name="[290] /home/travis/build/icyphy/ptII/ptolemy/actor/lib/test/auto/PublisherSubscriber9.xml (RunModel)" time="0.027" />
  <testcase classname="ptolemy.util.test.junit.AutoTests" name="[291] /home/travis/build/icyphy/ptII/ptolemy/actor/lib/test/auto/PublisherSubscriberAdjacent.xml (RunModel)" time="0.013" />
  <testcase classname="ptolemy.util.test.junit.AutoTests" name="[292] /home/travis/build/icyphy/ptII/ptolemy/actor/lib/test/auto/PublisherSubscriberChannelVariablesAOC2.xml (RunModel)" time="0.023" />
  <testcase classname="ptolemy.util.test.junit.AutoTests" name="[293] /home/travis/build/icyphy/ptII/ptolemy/actor/lib/test/auto/PublisherSubscriberD3.xml (RunModel)" time="0.011" />
  <testcase classname="ptolemy.util.test.junit.AutoTests" name="[294] /home/travis/build/icyphy/ptII/ptolemy/actor/lib/test/auto/PublisherSubscriberD3Reverse.xml (RunModel)" time="0.012" />
  <testcase classname="ptolemy.util.test.junit.AutoTests" name="[295] /home/travis/build/icyphy/ptII/ptolemy/actor/lib/test/auto/PublisherSubscriberExpression.xml (RunModel)" time="0.014" />
  <testcase classname="ptolemy.util.test.junit.AutoTests" name="[296] /home/travis/build/icyphy/ptII/ptolemy/actor/lib/test/auto/PublisherSubscriberOpaque.xml (RunModel)" time="0.012" />
  <testcase classname="ptolemy.util.test.junit.AutoTests" name="[297] /home/travis/build/icyphy/ptII/ptolemy/actor/lib/test/auto/PublisherSubscriberOpaqueD3.xml (RunModel)" time="0.019" />
  <testcase classname="ptolemy.util.test.junit.AutoTests" name="[298] /home/travis/build/icyphy/ptII/ptolemy/actor/lib/test/auto/PublisherSubscriberOpaqueD3Reverse.xml (RunModel)" time="0.02" />
  <testcase classname="ptolemy.util.test.junit.AutoTests" name="[299] /home/travis/build/icyphy/ptII/ptolemy/actor/lib/test/auto/PublisherSubscriberOpaqueWidthInference.xml (RunModel)" time="0.015" />
  <testcase classname="ptolemy.util.test.junit.AutoTests" name="[300] /home/travis/build/icyphy/ptII/ptolemy/actor/lib/test/auto/PublisherTestSubscriber.xml (RunModel)" time="0.014" />
  <testcase classname="ptolemy.util.test.junit.AutoTests" name="[301] /home/travis/build/icyphy/ptII/ptolemy/actor/lib/test/auto/PublisherToplevelSubscriberPortAOC.xml (RunModel)" time="0.013" />
  <testcase classname="ptolemy.util.test.junit.AutoTests" name="[302] /home/travis/build/icyphy/ptII/ptolemy/actor/lib/test/auto/PulseFiringLimitDE.xml (RunModel)" time="0.013" />
  <testcase classname="ptolemy.util.test.junit.AutoTests" name="[303] /home/travis/build/icyphy/ptII/ptolemy/actor/lib/test/auto/Ramp1.xml (RunModel)" time="0.006" />
  <testcase classname="ptolemy.util.test.junit.AutoTests" name="[304] /home/travis/build/icyphy/ptII/ptolemy/actor/lib/test/auto/RampFiringLimitDE.xml (RunModel)" time="0.011" />
  <testcase classname="ptolemy.util.test.junit.AutoTests" name="[305] /home/travis/build/icyphy/ptII/ptolemy/actor/lib/test/auto/RampFiringLimitSDF.xml (RunModel)" time="0.009" />
  <testcase classname="ptolemy.util.test.junit.AutoTests" name="[306] /home/travis/build/icyphy/ptII/ptolemy/actor/lib/test/auto/RandomInteger.xml (RunModel)" time="0.007" />
  <testcase classname="ptolemy.util.test.junit.AutoTests" name="[307] /home/travis/build/icyphy/ptII/ptolemy/actor/lib/test/auto/ReadFile1.xml (RunModel)" time="0.008" />
  <testcase classname="ptolemy.util.test.junit.AutoTests" name="[308] /home/travis/build/icyphy/ptII/ptolemy/actor/lib/test/auto/ReadFile2.xml (RunModel)" time="0.007" />
  <testcase classname="ptolemy.util.test.junit.AutoTests" name="[309] /home/travis/build/icyphy/ptII/ptolemy/actor/lib/test/auto/Reader.xml (RunModel)" time="0.013" />
  <testcase classname="ptolemy.util.test.junit.AutoTests" name="[310] /home/travis/build/icyphy/ptII/ptolemy/actor/lib/test/auto/RecordAssemblerDisplayNameTest.xml (RunModel)" time="3.433" />
  <testcase classname="ptolemy.util.test.junit.AutoTests" name="[311] /home/travis/build/icyphy/ptII/ptolemy/actor/lib/test/auto/RecordAssemblerTypeError.xml (RunModel)" time="0.035" />
  <testcase classname="ptolemy.util.test.junit.AutoTests" name="[312] /home/travis/build/icyphy/ptII/ptolemy/actor/lib/test/auto/RecordDisassember.xml (RunModel)" time="0.017" />
  <testcase classname="ptolemy.util.test.junit.AutoTests" name="[313] /home/travis/build/icyphy/ptII/ptolemy/actor/lib/test/auto/RecordDisassemberDisplayNameTest.xml (RunModel)" time="0.023" />
  <testcase classname="ptolemy.util.test.junit.AutoTests" name="[314] /home/travis/build/icyphy/ptII/ptolemy/actor/lib/test/auto/RecordDisassembler.xml (RunModel)" time="0.011" />
  <testcase classname="ptolemy.util.test.junit.AutoTests" name="[315] /home/travis/build/icyphy/ptII/ptolemy/actor/lib/test/auto/RecordDisassembler2.xml (RunModel)" time="0.009" />
  <testcase classname="ptolemy.util.test.junit.AutoTests" name="[316] /home/travis/build/icyphy/ptII/ptolemy/actor/lib/test/auto/RecordUpdater.xml (RunModel)" time="0.008" />
  <testcase classname="ptolemy.util.test.junit.AutoTests" name="[317] /home/travis/build/icyphy/ptII/ptolemy/actor/lib/test/auto/RecordUpdater2.xml (RunModel)" time="0.009" />
  <testcase classname="ptolemy.util.test.junit.AutoTests" name="[318] /home/travis/build/icyphy/ptII/ptolemy/actor/lib/test/auto/RecursiveLattice.xml (RunModel)" time="0.008" />
  <testcase classname="ptolemy.util.test.junit.AutoTests" name="[319] /home/travis/build/icyphy/ptII/ptolemy/actor/lib/test/auto/Router.xml (RunModel)" time="3.024" />
  <testcase classname="ptolemy.util.test.junit.AutoTests" name="[320] /home/travis/build/icyphy/ptII/ptolemy/actor/lib/test/auto/Router2.xml (RunModel)" time="3.027" />
  <testcase classname="ptolemy.util.test.junit.AutoTests" name="[321] /home/travis/build/icyphy/ptII/ptolemy/actor/lib/test/auto/RunningMaximum.xml (RunModel)" time="0.013" />
  <testcase classname="ptolemy.util.test.junit.AutoTests" name="[322] /home/travis/build/icyphy/ptII/ptolemy/actor/lib/test/auto/RunningMinimum.xml (RunModel)" time="0.017" />
  <testcase classname="ptolemy.util.test.junit.AutoTests" name="[323] /home/travis/build/icyphy/ptII/ptolemy/actor/lib/test/auto/Scale.xml (RunModel)" time="0.007" />
  <testcase classname="ptolemy.util.test.junit.AutoTests" name="[324] /home/travis/build/icyphy/ptII/ptolemy/actor/lib/test/auto/Scale2.xml (RunModel)" time="0.009" />
  <testcase classname="ptolemy.util.test.junit.AutoTests" name="[325] /home/travis/build/icyphy/ptII/ptolemy/actor/lib/test/auto/Scale3.xml (RunModel)" time="0.013" />
  <testcase classname="ptolemy.util.test.junit.AutoTests" name="[326] /home/travis/build/icyphy/ptII/ptolemy/actor/lib/test/auto/ScaleArray.xml (RunModel)" time="0.011" />
  <testcase classname="ptolemy.util.test.junit.AutoTests" name="[327] /home/travis/build/icyphy/ptII/ptolemy/actor/lib/test/auto/ScaleArray2.xml (RunModel)" time="0.007" />
  <testcase classname="ptolemy.util.test.junit.AutoTests" name="[328] /home/travis/build/icyphy/ptII/ptolemy/actor/lib/test/auto/ScaleMatrix.xml (RunModel)" time="0.105" />
  <testcase classname="ptolemy.util.test.junit.AutoTests" name="[329] /home/travis/build/icyphy/ptII/ptolemy/actor/lib/test/auto/Select.xml (RunModel)" time="0.025" />
  <testcase classname="ptolemy.util.test.junit.AutoTests" name="[330] /home/travis/build/icyphy/ptII/ptolemy/actor/lib/test/auto/Select2.xml (RunModel)" time="0.007" />
  <testcase classname="ptolemy.util.test.junit.AutoTests" name="[331] /home/travis/build/icyphy/ptII/ptolemy/actor/lib/test/auto/SequenceToArray2.xml (RunModel)" time="0.102" />
  <testcase classname="ptolemy.util.test.junit.AutoTests" name="[332] /home/travis/build/icyphy/ptII/ptolemy/actor/lib/test/auto/SequentialClock.xml (RunModel)" time="0.01" />
  <testcase classname="ptolemy.util.test.junit.AutoTests" name="[333] /home/travis/build/icyphy/ptII/ptolemy/actor/lib/test/auto/SetVariable.xml (RunModel)" time="0.009" />
  <testcase classname="ptolemy.util.test.junit.AutoTests" name="[334] /home/travis/build/icyphy/ptII/ptolemy/actor/lib/test/auto/SetVariable2.xml (RunModel)" time="0.009" />
  <testcase classname="ptolemy.util.test.junit.AutoTests" name="[335] /home/travis/build/icyphy/ptII/ptolemy/actor/lib/test/auto/SetVariable3.xml (RunModel)" time="0.013" />
  <testcase classname="ptolemy.util.test.junit.AutoTests" name="[336] /home/travis/build/icyphy/ptII/ptolemy/actor/lib/test/auto/SetVariable4.xml (RunModel)" time="0.027" />
  <testcase classname="ptolemy.util.test.junit.AutoTests" name="[337] /home/travis/build/icyphy/ptII/ptolemy/actor/lib/test/auto/SetVariable5.xml (RunModel)" time="0.035" />
  <testcase classname="ptolemy.util.test.junit.AutoTests" name="[338] /home/travis/build/icyphy/ptII/ptolemy/actor/lib/test/auto/Sinewave.xml (RunModel)" time="0.03" />
  <testcase classname="ptolemy.util.test.junit.AutoTests" name="[339] /home/travis/build/icyphy/ptII/ptolemy/actor/lib/test/auto/Sinewave2.xml (RunModel)" time="0.021" />
  <testcase classname="ptolemy.util.test.junit.AutoTests" name="[340] /home/travis/build/icyphy/ptII/ptolemy/actor/lib/test/auto/Sinewave3.xml (RunModel)" time="0.016" />
  <testcase classname="ptolemy.util.test.junit.AutoTests" name="[341] /home/travis/build/icyphy/ptII/ptolemy/actor/lib/test/auto/SingleEvent.xml (RunModel)" time="0.006" />
  <testcase classname="ptolemy.util.test.junit.AutoTests" name="[342] /home/travis/build/icyphy/ptII/ptolemy/actor/lib/test/auto/Sleep.xml (RunModel)" time="6.014" />
  <testcase classname="ptolemy.util.test.junit.AutoTests" name="[343] /home/travis/build/icyphy/ptII/ptolemy/actor/lib/test/auto/SleepMultipleFire.xml (RunModel)" time="1.015" />
  <testcase classname="ptolemy.util.test.junit.AutoTests" name="[344] /home/travis/build/icyphy/ptII/ptolemy/actor/lib/test/auto/StopDE.xml (RunModel)" time="0.026" />
  <testcase classname="ptolemy.util.test.junit.AutoTests" name="[345] /home/travis/build/icyphy/ptII/ptolemy/actor/lib/test/auto/StopSDF.xml (RunModel)" time="0.011" />
  <testcase classname="ptolemy.util.test.junit.AutoTests" name="[346] /home/travis/build/icyphy/ptII/ptolemy/actor/lib/test/auto/StringConstant.xml (RunModel)" time="0.017" />
  <testcase classname="ptolemy.util.test.junit.AutoTests" name="[347] /home/travis/build/icyphy/ptII/ptolemy/actor/lib/test/auto/SubscriberPortInitialValues1.xml (RunModel)" time="0.02" />
  <testcase classname="ptolemy.util.test.junit.AutoTests" name="[348] /home/travis/build/icyphy/ptII/ptolemy/actor/lib/test/auto/SubscriberPortInitialValues13.xml (RunModel)" time="0.024" />
  <testcase classname="ptolemy.util.test.junit.AutoTests" name="[349] /home/travis/build/icyphy/ptII/ptolemy/actor/lib/test/auto/SubscriberPortInitialValues14.xml (RunModel)" time="0.014" />
  <testcase classname="ptolemy.util.test.junit.AutoTests" name="[350] /home/travis/build/icyphy/ptII/ptolemy/actor/lib/test/auto/SubscriberPortInitialValues2.xml (RunModel)" time="0.034" />
  <testcase classname="ptolemy.util.test.junit.AutoTests" name="[351] /home/travis/build/icyphy/ptII/ptolemy/actor/lib/test/auto/SubscriberPortInitialValues3.xml (RunModel)" time="0.018" />
  <testcase classname="ptolemy.util.test.junit.AutoTests" name="[352] /home/travis/build/icyphy/ptII/ptolemy/actor/lib/test/auto/SubscriptionAggregator.xml (RunModel)" time="0.01" />
  <testcase classname="ptolemy.util.test.junit.AutoTests" name="[353] /home/travis/build/icyphy/ptII/ptolemy/actor/lib/test/auto/SubscriptionAggregator2.xml (RunModel)" time="0.01" />
  <testcase classname="ptolemy.util.test.junit.AutoTests" name="[354] /home/travis/build/icyphy/ptII/ptolemy/actor/lib/test/auto/SubscriptionAggregator3.xml (RunModel)" time="0.014" />
  <testcase classname="ptolemy.util.test.junit.AutoTests" name="[355] /home/travis/build/icyphy/ptII/ptolemy/actor/lib/test/auto/SubscriptionAggregatorMultiply.xml (RunModel)" time="0.021" />
  <testcase classname="ptolemy.util.test.junit.AutoTests" name="[356] /home/travis/build/icyphy/ptII/ptolemy/actor/lib/test/auto/SubscriptionAggregatorPortMultiply1.xml (RunModel)" time="0.015" />
  <testcase classname="ptolemy.util.test.junit.AutoTests" name="[357] /home/travis/build/icyphy/ptII/ptolemy/actor/lib/test/auto/Switch.xml (RunModel)" time="0.015" />
  <testcase classname="ptolemy.util.test.junit.AutoTests" name="[358] /home/travis/build/icyphy/ptII/ptolemy/actor/lib/test/auto/Switch2.xml (RunModel)" time="0.009" />
  <testcase classname="ptolemy.util.test.junit.AutoTests" name="[359] /home/travis/build/icyphy/ptII/ptolemy/actor/lib/test/auto/SwitchDE.xml (RunModel)" time="0.014" />
  <testcase classname="ptolemy.util.test.junit.AutoTests" name="[360] /home/travis/build/icyphy/ptII/ptolemy/actor/lib/test/auto/SynchronizerDE.xml (RunModel)" time="0.021" />
  <testcase classname="ptolemy.util.test.junit.AutoTests" name="[361] /home/travis/build/icyphy/ptII/ptolemy/actor/lib/test/auto/Test.xml (RunModel)" time="0.009" />
  <testcase classname="ptolemy.util.test.junit.AutoTests" name="[362] /home/travis/build/icyphy/ptII/ptolemy/actor/lib/test/auto/TestExceptionAttribute1.xml (RunModel)" time="0.007" />
  <testcase classname="ptolemy.util.test.junit.AutoTests" name="[363] /home/travis/build/icyphy/ptII/ptolemy/actor/lib/test/auto/TestExceptionAttribute2.xml (RunModel)" time="0.014" />
  <testcase classname="ptolemy.util.test.junit.AutoTests" name="[364] /home/travis/build/icyphy/ptII/ptolemy/actor/lib/test/auto/TestExceptionAttribute3.xml (RunModel)" time="0.012" />
  <testcase classname="ptolemy.util.test.junit.AutoTests" name="[365] /home/travis/build/icyphy/ptII/ptolemy/actor/lib/test/auto/TestExceptionAttribute4.xml (RunModel)" time="0.006" />
  <testcase classname="ptolemy.util.test.junit.AutoTests" name="[366] /home/travis/build/icyphy/ptII/ptolemy/actor/lib/test/auto/TestExceptionHandler1.xml (RunModel)" time="0.008" />
  <testcase classname="ptolemy.util.test.junit.AutoTests" name="[367] /home/travis/build/icyphy/ptII/ptolemy/actor/lib/test/auto/TestExceptionHandler2.xml (RunModel)" time="0.015" />
  <testcase classname="ptolemy.util.test.junit.AutoTests" name="[368] /home/travis/build/icyphy/ptII/ptolemy/actor/lib/test/auto/TestExceptionHandler3.xml (RunModel)" time="0.006" />
  <testcase classname="ptolemy.util.test.junit.AutoTests" name="[369] /home/travis/build/icyphy/ptII/ptolemy/actor/lib/test/auto/TestExceptionHandler4.xml (RunModel)" time="0.006" />
  <testcase classname="ptolemy.util.test.junit.AutoTests" name="[370] /home/travis/build/icyphy/ptII/ptolemy/actor/lib/test/auto/TestRequireCorrectOrder.xml (RunModel)" time="0.012" />
  <testcase classname="ptolemy.util.test.junit.AutoTests" name="[371] /home/travis/build/icyphy/ptII/ptolemy/actor/lib/test/auto/TestSimple.xml (RunModel)" time="0.006" />
  <testcase classname="ptolemy.util.test.junit.AutoTests" name="[372] /home/travis/build/icyphy/ptII/ptolemy/actor/lib/test/auto/ThrowModelError.xml (RunModel)" time="0.01" />
  <testcase classname="ptolemy.util.test.junit.AutoTests" name="[373] /home/travis/build/icyphy/ptII/ptolemy/actor/lib/test/auto/TimeDelayMicrosteps.xml (RunModel)" time="0.012" />
  <testcase classname="ptolemy.util.test.junit.AutoTests" name="[374] /home/travis/build/icyphy/ptII/ptolemy/actor/lib/test/auto/TimeDelayMicrosteps2.xml (RunModel)" time="0.012" />
  <testcase classname="ptolemy.util.test.junit.AutoTests" name="[375] /home/travis/build/icyphy/ptII/ptolemy/actor/lib/test/auto/TimeDelayMicrosteps3.xml (RunModel)" time="0.011" />
  <testcase classname="ptolemy.util.test.junit.AutoTests" name="[376] /home/travis/build/icyphy/ptII/ptolemy/actor/lib/test/auto/TimeDelayVariableMicrosteps.xml (RunModel)" time="0.01" />
  <testcase classname="ptolemy.util.test.junit.AutoTests" name="[377] /home/travis/build/icyphy/ptII/ptolemy/actor/lib/test/auto/TimeGap.xml (RunModel)" time="0.013" />
  <testcase classname="ptolemy.util.test.junit.AutoTests" name="[378] /home/travis/build/icyphy/ptII/ptolemy/actor/lib/test/auto/TimeGap2.xml (RunModel)" time="0.01" />
  <testcase classname="ptolemy.util.test.junit.AutoTests" name="[379] /home/travis/build/icyphy/ptII/ptolemy/actor/lib/test/auto/TimedSinewave.xml (RunModel)" time="0.044" />
  <testcase classname="ptolemy.util.test.junit.AutoTests" name="[380] /home/travis/build/icyphy/ptII/ptolemy/actor/lib/test/auto/TimedSinewavePhase.xml (RunModel)" time="0.035" />
  <testcase classname="ptolemy.util.test.junit.AutoTests" name="[381] /home/travis/build/icyphy/ptII/ptolemy/actor/lib/test/auto/Timer.xml (RunModel)" time="0.015" />
  <testcase classname="ptolemy.util.test.junit.AutoTests" name="[382] /home/travis/build/icyphy/ptII/ptolemy/actor/lib/test/auto/TriangularDistTestModel.xml (RunModel)" time="0.017" />
  <testcase classname="ptolemy.util.test.junit.AutoTests" name="[383] /home/travis/build/icyphy/ptII/ptolemy/actor/lib/test/auto/TrigFunction.xml (RunModel)" time="0.01" />
  <testcase classname="ptolemy.util.test.junit.AutoTests" name="[384] /home/travis/build/icyphy/ptII/ptolemy/actor/lib/test/auto/TrigFunctionDE.xml (RunModel)" time="0.011" />
  <testcase classname="ptolemy.util.test.junit.AutoTests" name="[385] /home/travis/build/icyphy/ptII/ptolemy/actor/lib/test/auto/TrigFunctionInverse.xml (RunModel)" time="0.009" />
  <testcase classname="ptolemy.util.test.junit.AutoTests" name="[386] /home/travis/build/icyphy/ptII/ptolemy/actor/lib/test/auto/TrigFunctionTan.xml (RunModel)" time="0.007" />
  <testcase classname="ptolemy.util.test.junit.AutoTests" name="[387] /home/travis/build/icyphy/ptII/ptolemy/actor/lib/test/auto/TriggeredClock.xml (RunModel)" time="0.008" />
  <testcase classname="ptolemy.util.test.junit.AutoTests" name="[388] /home/travis/build/icyphy/ptII/ptolemy/actor/lib/test/auto/URLDirectoryReader.xml (RunModel)" time="0.119" />
  <testcase classname="ptolemy.util.test.junit.AutoTests" name="[389] /home/travis/build/icyphy/ptII/ptolemy/actor/lib/test/auto/URLDirectoryReader3.xml (RunModel)" time="2.182" />
  <testcase classname="ptolemy.util.test.junit.AutoTests" name="[390] /home/travis/build/icyphy/ptII/ptolemy/actor/lib/test/auto/UnaryMathFunction.xml (RunModel)" time="0.046" />
  <testcase classname="ptolemy.util.test.junit.AutoTests" name="[391] /home/travis/build/icyphy/ptII/ptolemy/actor/lib/test/auto/Uniform.xml (RunModel)" time="0.01" />
  <testcase classname="ptolemy.util.test.junit.AutoTests" name="[392] /home/travis/build/icyphy/ptII/ptolemy/actor/lib/test/auto/UnionDisassemblerTest.xml (RunModel)" time="0.009" />
  <testcase classname="ptolemy.util.test.junit.AutoTests" name="[393] /home/travis/build/icyphy/ptII/ptolemy/actor/lib/test/auto/UtilityFunctions.xml (RunModel)" time="0.006" />
  <testcase classname="ptolemy.util.test.junit.AutoTests" name="[394] /home/travis/build/icyphy/ptII/ptolemy/actor/lib/test/auto/VariableSleep.xml (RunModel)" time="0.51" />
  <testcase classname="ptolemy.util.test.junit.AutoTests" name="[395] /home/travis/build/icyphy/ptII/ptolemy/actor/lib/test/auto/VectorAssemblerDisassemblerCT.xml (RunModel)" time="0.099" />
  <testcase classname="ptolemy.util.test.junit.AutoTests" name="[396] /home/travis/build/icyphy/ptII/ptolemy/actor/lib/test/auto/VectorAssemblerDisassemblerDE.xml (RunModel)" time="0.011" />
  <testcase classname="ptolemy.util.test.junit.AutoTests" name="[397] /home/travis/build/icyphy/ptII/ptolemy/actor/lib/test/auto/VectorAssemblerDisassemblerSDF.xml (RunModel)" time="0.011" />
  <testcase classname="ptolemy.util.test.junit.AutoTests" name="[398] /home/travis/build/icyphy/ptII/ptolemy/actor/lib/test/auto/WallClockTime.xml (RunModel)" time="1.01" />
  <testcase classname="ptolemy.util.test.junit.AutoTests" name="[399] /home/travis/build/icyphy/ptII/ptolemy/actor/lib/test/auto/WidthTestWithSubscriberPublisher.xml (RunModel)" time="0.048" />
  <testcase classname="ptolemy.util.test.junit.AutoTests" name="[400] /home/travis/build/icyphy/ptII/ptolemy/actor/lib/test/auto/WidthTestWithSubscriberPublisher2.xml (RunModel)" time="0.024" />
  <testcase classname="ptolemy.util.test.junit.AutoTests" name="[401] /home/travis/build/icyphy/ptII/ptolemy/actor/lib/test/auto/WidthTestWithSubscriberPublisher3.xml (RunModel)" time="0.011" />
  <testcase classname="ptolemy.util.test.junit.AutoTests" name="[402] /home/travis/build/icyphy/ptII/ptolemy/actor/lib/test/auto/Writer.xml (RunModel)" time="0.006" />
  <testcase classname="ptolemy.util.test.junit.AutoTests" name="[403] /home/travis/build/icyphy/ptII/ptolemy/actor/lib/test/auto/array.xml (RunModel)" time="0.009" />
  <testcase classname="ptolemy.util.test.junit.AutoTests" name="[404] /home/travis/build/icyphy/ptII/ptolemy/actor/lib/test/auto/array2.xml (RunModel)" time="0.026" />
  <testcase classname="ptolemy.util.test.junit.AutoTests" name="[405] /home/travis/build/icyphy/ptII/ptolemy/actor/lib/test/auto/arrayType.xml (RunModel)" time="0.01" />
  <testcase classname="ptolemy.util.test.junit.AutoTests" name="[406] /home/travis/build/icyphy/ptII/ptolemy/actor/lib/test/auto/arrayType10.xml (RunModel)" time="0.008" />
  <testcase classname="ptolemy.util.test.junit.AutoTests" name="[407] /home/travis/build/icyphy/ptII/ptolemy/actor/lib/test/auto/arrayType11.xml (RunModel)" time="0.008" />
  <testcase classname="ptolemy.util.test.junit.AutoTests" name="[408] /home/travis/build/icyphy/ptII/ptolemy/actor/lib/test/auto/arrayType12.xml (RunModel)" time="0.008" />
  <testcase classname="ptolemy.util.test.junit.AutoTests" name="[409] /home/travis/build/icyphy/ptII/ptolemy/actor/lib/test/auto/arrayType13.xml (RunModel)" time="0.007" />
  <testcase classname="ptolemy.util.test.junit.AutoTests" name="[410] /home/travis/build/icyphy/ptII/ptolemy/actor/lib/test/auto/arrayType14.xml (RunModel)" time="0.008" />
  <testcase classname="ptolemy.util.test.junit.AutoTests" name="[411] /home/travis/build/icyphy/ptII/ptolemy/actor/lib/test/auto/arrayType15.xml (RunModel)" time="0.008" />
  <testcase classname="ptolemy.util.test.junit.AutoTests" name="[412] /home/travis/build/icyphy/ptII/ptolemy/actor/lib/test/auto/arrayType16.xml (RunModel)" time="0.009" />
  <testcase classname="ptolemy.util.test.junit.AutoTests" name="[413] /home/travis/build/icyphy/ptII/ptolemy/actor/lib/test/auto/arrayType17.xml (RunModel)" time="0.008" />
  <testcase classname="ptolemy.util.test.junit.AutoTests" name="[414] /home/travis/build/icyphy/ptII/ptolemy/actor/lib/test/auto/arrayType18.xml (RunModel)" time="0.007" />
  <testcase classname="ptolemy.util.test.junit.AutoTests" name="[415] /home/travis/build/icyphy/ptII/ptolemy/actor/lib/test/auto/arrayType19.xml (RunModel)" time="0.007" />
  <testcase classname="ptolemy.util.test.junit.AutoTests" name="[416] /home/travis/build/icyphy/ptII/ptolemy/actor/lib/test/auto/arrayType2.xml (RunModel)" time="0.008" />
  <testcase classname="ptolemy.util.test.junit.AutoTests" name="[417] /home/travis/build/icyphy/ptII/ptolemy/actor/lib/test/auto/arrayType20.xml (RunModel)" time="0.008" />
  <testcase classname="ptolemy.util.test.junit.AutoTests" name="[418] /home/travis/build/icyphy/ptII/ptolemy/actor/lib/test/auto/arrayType21.xml (RunModel)" time="0.007" />
  <testcase classname="ptolemy.util.test.junit.AutoTests" name="[419] /home/travis/build/icyphy/ptII/ptolemy/actor/lib/test/auto/arrayType22.xml (RunModel)" time="0.008" />
  <testcase classname="ptolemy.util.test.junit.AutoTests" name="[420] /home/travis/build/icyphy/ptII/ptolemy/actor/lib/test/auto/arrayType23.xml (RunModel)" time="0.008" />
  <testcase classname="ptolemy.util.test.junit.AutoTests" name="[421] /home/travis/build/icyphy/ptII/ptolemy/actor/lib/test/auto/arrayType24.xml (RunModel)" time="0.011" />
  <testcase classname="ptolemy.util.test.junit.AutoTests" name="[422] /home/travis/build/icyphy/ptII/ptolemy/actor/lib/test/auto/arrayType25.xml (RunModel)" time="0.009" />
  <testcase classname="ptolemy.util.test.junit.AutoTests" name="[423] /home/travis/build/icyphy/ptII/ptolemy/actor/lib/test/auto/arrayType26.xml (RunModel)" time="0.008" />
  <testcase classname="ptolemy.util.test.junit.AutoTests" name="[424] /home/travis/build/icyphy/ptII/ptolemy/actor/lib/test/auto/arrayType27.xml (RunModel)" time="0.009" />
  <testcase classname="ptolemy.util.test.junit.AutoTests" name="[425] /home/travis/build/icyphy/ptII/ptolemy/actor/lib/test/auto/arrayType28.xml (RunModel)" time="0.008" />
  <testcase classname="ptolemy.util.test.junit.AutoTests" name="[426] /home/travis/build/icyphy/ptII/ptolemy/actor/lib/test/auto/arrayType3.xml (RunModel)" time="0.008" />
  <testcase classname="ptolemy.util.test.junit.AutoTests" name="[427] /home/travis/build/icyphy/ptII/ptolemy/actor/lib/test/auto/arrayType4.xml (RunModel)" time="0.009" />
  <testcase classname="ptolemy.util.test.junit.AutoTests" name="[428] /home/travis/build/icyphy/ptII/ptolemy/actor/lib/test/auto/arrayType5.xml (RunModel)" time="0.009" />
  <testcase classname="ptolemy.util.test.junit.AutoTests" name="[429] /home/travis/build/icyphy/ptII/ptolemy/actor/lib/test/auto/arrayType6.xml (RunModel)" time="0.008" />
  <testcase classname="ptolemy.util.test.junit.AutoTests" name="[430] /home/travis/build/icyphy/ptII/ptolemy/actor/lib/test/auto/arrayType7.xml (RunModel)" time="0.012" />
  <testcase classname="ptolemy.util.test.junit.AutoTests" name="[431] /home/travis/build/icyphy/ptII/ptolemy/actor/lib/test/auto/arrayType8.xml (RunModel)" time="0.027" />
  <testcase classname="ptolemy.util.test.junit.AutoTests" name="[432] /home/travis/build/icyphy/ptII/ptolemy/actor/lib/test/auto/arrayType9.xml (RunModel)" time="0.043" />
  <testcase classname="ptolemy.util.test.junit.AutoTests" name="[433] /home/travis/build/icyphy/ptII/ptolemy/actor/lib/test/auto/cast.xml (RunModel)" time="0.008" />
  <testcase classname="ptolemy.util.test.junit.AutoTests" name="[434] /home/travis/build/icyphy/ptII/ptolemy/actor/lib/test/auto/compositeMultiPort.xml (RunModel)" time="0.047" />
  <testcase classname="ptolemy.util.test.junit.AutoTests" name="[435] /home/travis/build/icyphy/ptII/ptolemy/actor/lib/test/auto/expressionCastInference.xml (RunModel)" time="0.042" />
  <testcase classname="ptolemy.util.test.junit.AutoTests" name="[436] /home/travis/build/icyphy/ptII/ptolemy/actor/lib/test/auto/expressionCastInference2.xml (RunModel)" time="0.041" />
  <testcase classname="ptolemy.util.test.junit.AutoTests" name="[437] /home/travis/build/icyphy/ptII/ptolemy/actor/lib/test/auto/expressionInference.xml (RunModel)" time="0.018" />
  <testcase classname="ptolemy.util.test.junit.AutoTests" name="[438] /home/travis/build/icyphy/ptII/ptolemy/actor/lib/test/auto/expression_bug.xml (RunModel)" time="0.006" />
  <testcase classname="ptolemy.util.test.junit.AutoTests" name="[439] /home/travis/build/icyphy/ptII/ptolemy/actor/lib/test/auto/factorial.xml (RunModel)" time="0.045" />
  <testcase classname="ptolemy.util.test.junit.AutoTests" name="[440] /home/travis/build/icyphy/ptII/ptolemy/actor/lib/test/auto/filterTest1.xml (RunModel)" time="0.013" />
  <testcase classname="ptolemy.util.test.junit.AutoTests" name="[441] /home/travis/build/icyphy/ptII/ptolemy/actor/lib/test/auto/funcApplyInConst.xml (RunModel)" time="0.007" />
  <testcase classname="ptolemy.util.test.junit.AutoTests" name="[442] /home/travis/build/icyphy/ptII/ptolemy/actor/lib/test/auto/funcApplyInExpr.xml (RunModel)" time="0.006" />
  <testcase classname="ptolemy.util.test.junit.AutoTests" name="[443] /home/travis/build/icyphy/ptII/ptolemy/actor/lib/test/auto/function.xml (RunModel)" time="0.009" />
  <testcase classname="ptolemy.util.test.junit.AutoTests" name="[444] /home/travis/build/icyphy/ptII/ptolemy/actor/lib/test/auto/function2.xml (RunModel)" time="0.009" />
  <testcase classname="ptolemy.util.test.junit.AutoTests" name="[445] /home/travis/build/icyphy/ptII/ptolemy/actor/lib/test/auto/function3.xml (RunModel)" time="0.006" />
  <testcase classname="ptolemy.util.test.junit.AutoTests" name="[446] /home/travis/build/icyphy/ptII/ptolemy/actor/lib/test/auto/functionClosureTest1.xml (RunModel)" time="0.009" />
  <testcase classname="ptolemy.util.test.junit.AutoTests" name="[447] /home/travis/build/icyphy/ptII/ptolemy/actor/lib/test/auto/functionClosureTest2.xml (RunModel)" time="0.006" />
  <testcase classname="ptolemy.util.test.junit.AutoTests" name="[448] /home/travis/build/icyphy/ptII/ptolemy/actor/lib/test/auto/functionClosureTest3.xml (RunModel)" time="0.009" />
  <testcase classname="ptolemy.util.test.junit.AutoTests" name="[449] /home/travis/build/icyphy/ptII/ptolemy/actor/lib/test/auto/functionClosureTest4.xml (RunModel)" time="0.019" />
  <testcase classname="ptolemy.util.test.junit.AutoTests" name="[450] /home/travis/build/icyphy/ptII/ptolemy/actor/lib/test/auto/functionClosureTest5.xml (RunModel)" time="0.013" />
  <testcase classname="ptolemy.util.test.junit.AutoTests" name="[451] /home/travis/build/icyphy/ptII/ptolemy/actor/lib/test/auto/functionClosureTest6.xml (RunModel)" time="0.007" />
  <testcase classname="ptolemy.util.test.junit.AutoTests" name="[452] /home/travis/build/icyphy/ptII/ptolemy/actor/lib/test/auto/functionsOnArcs.xml (RunModel)" time="0.008" />
  <testcase classname="ptolemy.util.test.junit.AutoTests" name="[453] /home/travis/build/icyphy/ptII/ptolemy/actor/lib/test/auto/functionsOnArcsHOF.xml (RunModel)" time="0.011" />
  <testcase classname="ptolemy.util.test.junit.AutoTests" name="[454] /home/travis/build/icyphy/ptII/ptolemy/actor/lib/test/auto/logic.xml (RunModel)" time="0.016" />
  <testcase classname="ptolemy.util.test.junit.AutoTests" name="[455] /home/travis/build/icyphy/ptII/ptolemy/actor/lib/test/auto/matrixType.xml (RunModel)" time="0.008" />
  <testcase classname="ptolemy.util.test.junit.AutoTests" name="[456] /home/travis/build/icyphy/ptII/ptolemy/actor/lib/test/auto/matrixType10.xml (RunModel)" time="0.008" />
  <testcase classname="ptolemy.util.test.junit.AutoTests" name="[457] /home/travis/build/icyphy/ptII/ptolemy/actor/lib/test/auto/matrixType11.xml (RunModel)" time="0.008" />
  <testcase classname="ptolemy.util.test.junit.AutoTests" name="[458] /home/travis/build/icyphy/ptII/ptolemy/actor/lib/test/auto/matrixType12.xml (RunModel)" time="0.011" />
  <testcase classname="ptolemy.util.test.junit.AutoTests" name="[459] /home/travis/build/icyphy/ptII/ptolemy/actor/lib/test/auto/matrixType13.xml (RunModel)" time="0.007" />
  <testcase classname="ptolemy.util.test.junit.AutoTests" name="[460] /home/travis/build/icyphy/ptII/ptolemy/actor/lib/test/auto/matrixType14.xml (RunModel)" time="0.009" />
  <testcase classname="ptolemy.util.test.junit.AutoTests" name="[461] /home/travis/build/icyphy/ptII/ptolemy/actor/lib/test/auto/matrixType2.xml (RunModel)" time="0.008" />
  <testcase classname="ptolemy.util.test.junit.AutoTests" name="[462] /home/travis/build/icyphy/ptII/ptolemy/actor/lib/test/auto/matrixType3.xml (RunModel)" time="0.01" />
  <testcase classname="ptolemy.util.test.junit.AutoTests" name="[463] /home/travis/build/icyphy/ptII/ptolemy/actor/lib/test/auto/matrixType4.xml (RunModel)" time="0.007" />
  <testcase classname="ptolemy.util.test.junit.AutoTests" name="[464] /home/travis/build/icyphy/ptII/ptolemy/actor/lib/test/auto/matrixType5.xml (RunModel)" time="0.007" />
  <testcase classname="ptolemy.util.test.junit.AutoTests" name="[465] /home/travis/build/icyphy/ptII/ptolemy/actor/lib/test/auto/matrixType6.xml (RunModel)" time="0.007" />
  <testcase classname="ptolemy.util.test.junit.AutoTests" name="[466] /home/travis/build/icyphy/ptII/ptolemy/actor/lib/test/auto/matrixType7.xml (RunModel)" time="0.008" />
  <testcase classname="ptolemy.util.test.junit.AutoTests" name="[467] /home/travis/build/icyphy/ptII/ptolemy/actor/lib/test/auto/matrixType8.xml (RunModel)" time="0.008" />
  <testcase classname="ptolemy.util.test.junit.AutoTests" name="[468] /home/travis/build/icyphy/ptII/ptolemy/actor/lib/test/auto/matrixType9.xml (RunModel)" time="0.008" />
  <testcase classname="ptolemy.util.test.junit.AutoTests" name="[469] /home/travis/build/icyphy/ptII/ptolemy/actor/lib/test/auto/paraFunctest.xml (RunModel)" time="0.007" />
  <testcase classname="ptolemy.util.test.junit.AutoTests" name="[470] /home/travis/build/icyphy/ptII/ptolemy/actor/lib/test/auto/paraFunctest2.xml (RunModel)" time="0.01" />
  <testcase classname="ptolemy.util.test.junit.AutoTests" name="[471] /home/travis/build/icyphy/ptII/ptolemy/actor/lib/test/auto/parameterPassing.xml (RunModel)" time="0.007" />
  <testcase classname="ptolemy.util.test.junit.AutoTests" name="[472] /home/travis/build/icyphy/ptII/ptolemy/actor/lib/test/auto/record.xml (RunModel)" time="0.009" />
  <testcase classname="ptolemy.util.test.junit.AutoTests" name="[473] /home/travis/build/icyphy/ptII/ptolemy/actor/lib/test/auto/sizedarray1.xml (RunModel)" time="0.009" />
  <testcase classname="ptolemy.util.test.junit.AutoTests" name="[474] /home/travis/build/icyphy/ptII/ptolemy/actor/lib/test/auto/sizedarray2.xml (RunModel)" time="0.009" />
  <testcase classname="ptolemy.util.test.junit.AutoTests" name="[475] /home/travis/build/icyphy/ptII/ptolemy/actor/lib/test/auto/twoPublishers.xml (RunModel)" time="0.021" />
  <system-out><![CDATA[/home/travis/build/icyphy/ptII/ptolemy/actor/lib/test/AbsoluteValue.tcl
testDefs.tcl: setting time out to 9000 seconds at Mon Sep 07 15:41:41 UTC 2020
107 ms. Memory: 129024K Free: 92613K (72%)
9 ms. Memory: 129024K Free: 90550K (70%)
6 ms. Memory: 129024K Free: 90053K (70%)
9 ms. Memory: 129024K Free: 89031K (69%)
/home/travis/build/icyphy/ptII/ptolemy/actor/lib/test/AddSubtract.tcl
12 ms. Memory: 129024K Free: 86983K (67%)
5 ms. Memory: 129024K Free: 86438K (67%)
6 ms. Memory: 129024K Free: 85445K (66%)
8 ms. Memory: 129024K Free: 84935K (66%)
51 ms. Memory: 129024K Free: 81863K (63%)
11 ms. Memory: 129024K Free: 80839K (63%)
/home/travis/build/icyphy/ptII/ptolemy/actor/lib/test/Average.tcl
7 ms. Memory: 129024K Free: 79301K (61%)
6 ms. Memory: 129024K Free: 78277K (61%)
/home/travis/build/icyphy/ptII/ptolemy/actor/lib/test/Bernoulli.tcl
4 ms. Memory: 129024K Free: 76743K (59%)
1 ms. Memory: 129024K Free: 76214K (59%)
/home/travis/build/icyphy/ptII/ptolemy/actor/lib/test/Clock.tcl
preinitializing
resolving types
initializing
executing number 1
wrapping up
idle
19 ms. Memory: 129024K Free: 73671K (57%)
Completed execution with 5 iterations
preinitializing
resolving types
initializing
executing number 1
wrapping up
idle
4 ms. Memory: 129024K Free: 72647K (56%)
Completed execution with 5 iterations
preinitializing
resolving types
initializing
executing number 1
wrapping up
idle
6 ms. Memory: 129024K Free: 72118K (56%)
Completed execution with 5 iterations
/home/travis/build/icyphy/ptII/ptolemy/actor/lib/test/Commutator.tcl
19 ms. Memory: 129024K Free: 70054K (54%)
6 ms. Memory: 129024K Free: 69030K (54%)
20 ms. Memory: 129024K Free: 63431K (49%)
/home/travis/build/icyphy/ptII/ptolemy/actor/lib/test/Const.tcl
4 ms. Memory: 129024K Free: 61878K (48%)
3 ms. Memory: 129024K Free: 61383K (48%)
3 ms. Memory: 129024K Free: 60854K (47%)
2 ms. Memory: 129024K Free: 60359K (47%)
2 ms. Memory: 129024K Free: 59845K (46%)
11 ms. Memory: 129024K Free: 57797K (45%)
4 ms. Memory: 129024K Free: 56758K (44%)
3 ms. Memory: 129024K Free: 56263K (44%)
/home/travis/build/icyphy/ptII/ptolemy/actor/lib/test/CurrentTime.tcl
preinitializing
resolving types
initializing
executing number 1
wrapping up
idle
8 ms. Memory: 129024K Free: 54215K (42%)
Completed execution with 11 iterations
/home/travis/build/icyphy/ptII/ptolemy/actor/lib/test/DB.tcl
4 ms. Memory: 129024K Free: 52662K (41%)
2 ms. Memory: 129024K Free: 52167K (40%)
2 ms. Memory: 129024K Free: 51653K (40%)
/home/travis/build/icyphy/ptII/ptolemy/actor/lib/test/DiscreteRandomSource.tcl
preinitializing
resolving types
initializing
executing number 1
wrapping up
idle
4 ms. Memory: 129024K Free: 50119K (39%)
Completed execution with 4 iterations
preinitializing
resolving types
initializing
executing number 1
wrapping up
idle
3 ms. Memory: 129024K Free: 49598K (38%)
Completed execution with 4 iterations
preinitializing
resolving types
initializing
executing number 1
wrapping up
idle
10 ms. Memory: 129024K Free: 49095K (38%)
Completed execution with 4 iterations
preinitializing
resolving types
initializing
executing number 1
wrapping up
idle
3 ms. Memory: 129024K Free: 48566K (38%)
Completed execution with 4 iterations
preinitializing
resolving types
initializing
executing number 1
wrapping up
idle
7 ms. Memory: 129024K Free: 48071K (37%)
Completed execution with 4 iterations
/home/travis/build/icyphy/ptII/ptolemy/actor/lib/test/Distributor.tcl
4 ms. Memory: 129024K Free: 113103K (88%)
16 ms. Memory: 129024K Free: 112606K (87%)
StreamChangeRequest.changeExecuted(): <deleteEntity name="rec2"/> succeeded
StreamChangeRequest.changeExecuted(): <deleteRelation name="r2"/> succeeded
StreamChangeRequest.changeExecuted(): Record firings per iteration succeeded
10 ms. Memory: 129024K Free: 109583K (85%)
/home/travis/build/icyphy/ptII/ptolemy/actor/lib/test/Exit.tcl
Exit.tcl: this will print a message about Manager.exitAfterWrapup, which can be ignored.
8 ms. Memory: 129024K Free: 106958K (83%)
/home/travis/build/icyphy/ptII/ptolemy/actor/lib/test/Expression.tcl
12 ms. Memory: 129024K Free: 103447K (80%)
3 ms. Memory: 129024K Free: 102879K (80%)
3 ms. Memory: 129024K Free: 102341K (79%)
preinitializing
resolving types
initializing
executing number 1
wrapping up
idle
5 ms. Memory: 129024K Free: 100831K (78%)
Completed execution with 6 iterations
3 ms. Memory: 129024K Free: 99815K (77%)
3 ms. Memory: 129024K Free: 98805K (77%)
5 ms. Memory: 129024K Free: 97759K (76%)
4 ms. Memory: 129024K Free: 96743K (75%)
4 ms. Memory: 129024K Free: 95223K (74%)
/home/travis/build/icyphy/ptII/ptolemy/actor/lib/test/Gaussian.tcl
4 ms. Memory: 129024K Free: 93685K (73%)
sleeping 1 seconds: .............................................................................................................................................................................................................................................................................................................................................................................................................................................................................................................................................................................................................................................................................................................................................................................................................................................................................................................................................................................................................................................................................................................................................................................................................................................................................................................................................................................................................................................................................................................................................................................................................................................................................................................................................................................................................................................................................................................................................................................................................................................................................................................................................................................................................................................................................................................................................................................................................................................................................................................................................................................................................................................................................................................................................................................................................................................................................................................................................................................................................................................................................................................................................................................................................................................................................................................................................................................................................................................................................................................................................................................................................................................................................................................................................................................................................................................................................................................................................................................................................................................................................................................................................................................................................................................................................................................................................................................................................................................................................................................................................................................................................................................................................................................................................................................................................................................................................................................................................................................................................................................................................................................................................................................................................................................................................................................................................................................................................................................................................................................................................................................................................................................................................................................................................................................................................................................................................................................................................................................................................................................................................................................................................................................................................................................................................................................................................................................................................................................................................................................................................................................................................................................................................................................................................................................................................................................................................................................................................................................................................................................................................................................................................................................................................................................................................................................................................................................................................................................................................................................................................................................................................................................................................................................................................................................................................................................................................................................................................................................................................................................................................................................................................................................................................................................................................................................................................................................................................................................................................................................................................................................................................................................................................................................................................................................................................................................................................................................................................................................................................................................................................................................................................................................................................................................................................................................................................................................................................................................................................................................................................................................................................................................................................................................................................................................................................................................................................................................................................................................................................................................................................................................................................................................................................................................................................................................................................................................................................................................................................................................................................................................................................................................................................................................................................................................................................................................................................................................................................................................................................................................................................................................................................................................................................................................................................................................................................................................................................................................................................................................................................................................................................................................................................................................................................................................................................................................................................................................................................................................................................................................................................................................................................................................................................................................................................................................................................................................................................................................................................................................................................................................................................................................................................................................................................................................................................................................................................................................................................................................................................................................................................................................................................................................................................................................................................................................................................................................................................................................................................................................................................................................................................................................................................................................................................................................................................................................................................................................................................................................................................................................................................................................................................................................................................................................................................................................................................................................................................................................................................................................................................................................................................................................................................................................................................................................................................................................................................................................................................................................................................................................................................................................................................................................................................................................................................................................................................................................................................................................................................................................................................................................................................................................................................................................................................................................................................................................................................................................................................................................................................................................................................................................................................................................................................................................................................................................................................................................................................................................................................................................................................................................................................................................................................................................................................................................................................................................................................................................................................................................................................................................................................................................................................................................................................................................................................................................................................................................................................................................................................................................................................................................................................................................................................................................................................................................................................................................................................................................................................................................................................................................................................................................................................................................................................................................................................................................................................................................................................................................................................................................................................................................................................................................................................................................................................................................................................................................................................................................................................................................................................................................................................................................................................................................................................................................................................................................................................................................................................................................................................................................................................................................................................................................................................................................................................................................................................................................................................................................................................................................................................................................................................................................................................................................................................................................................................................................................................................................................................................................................................................................................................................................................................................................................................................................................................................................................................................................................................................................................................................................................................................................................................................................................................................................................................................................................................................................................................................................................................................................................................................................................................................................................................................................................................................................................................................................................................................................................................................................................................................................................................................................................................................................................................................................................................................................................................................................................................................................................................................................................................................................................................................................................................................................................................................................................................................................................................................................................................................................................................................................................................................................................................................................................................................................................................................................................................................................................................................................................................................................................................................................................................................................................................................................................................................................................................................................................................................................................................................................................................................................................................................................................................................................................................................................................................................................................................................................................................................................................................................................................................................................................................................................................................................................................................................................................................................................................................................................................................................................................................................................................................................................................................................................................................................................................................................................................................................................................................................................................................................................................................................................................................................................................................................................................................................................................................................................................................................................................................................................................................................................................................................................................................................................................................................................................................................................................................................................................................................................................................................................................................................................................................................................................................................................................................................................................................................................................................................................................................................................................................................................................................................................................................................................................................................................................................................................................................................................................................................................................................................................................................................................................................................................................................................................................................................................................................................................................................................................................................................................................................................................................................................................................................................................................................................................................................................................................................................................................................................................................................................................................................................................................................................................................................................................................................................................................................................................................................................................................................................................................................................................................................................................................................................................................................................................................................................................................................................................................................................................................................................................................................................................................................................................................................................................................................................................................................................................................................................................................................................................................................................................................................................................................................................................................................................................................................................................................................................................................................................................................................................................................................................................................................................................................................................................................................................................................................................................................................................................................................................................................................................................................................................................................................................................................................................................................................................................................................................................................................................................................................................................................................................................................................................................................................................................................................................................................................................8 ms. Memory: 129024K Free: 70389K (55%)
2 ms. Memory: 129024K Free: 69525K (54%)
4 ms. Memory: 129024K Free: 69015K (53%)
5 ms. Memory: 129024K Free: 67991K (53%)
3 ms. Memory: 129024K Free: 67477K (52%)
/home/travis/build/icyphy/ptII/ptolemy/actor/lib/test/IIR.tcl
/home/travis/build/icyphy/ptII/ptolemy/actor/lib/test/Interpolator.tcl
5 ms. Memory: 129024K Free: 63895K (50%)
2 ms. Memory: 129024K Free: 63367K (49%)
6 ms. Memory: 129024K Free: 62871K (49%)
2 ms. Memory: 129024K Free: 61847K (48%)
11 ms. Memory: 129024K Free: 61303K (48%)
2 ms. Memory: 129024K Free: 60279K (47%)
10 ms. Memory: 129024K Free: 59799K (46%)
7 ms. Memory: 129024K Free: 58775K (46%)
2 ms. Memory: 129024K Free: 57751K (45%)
2 ms. Memory: 129024K Free: 56727K (44%)
/home/travis/build/icyphy/ptII/ptolemy/actor/lib/test/MathFunction.tcl
15 ms. Memory: 129024K Free: 112677K (87%)
5 ms. Memory: 129024K Free: 111653K (87%)
2 ms. Memory: 129024K Free: 110629K (86%)
2 ms. Memory: 129024K Free: 109605K (85%)
6 ms. Memory: 129024K Free: 108581K (84%)
7 ms. Memory: 129024K Free: 106533K (83%)
/home/travis/build/icyphy/ptII/ptolemy/actor/lib/test/Maximum.tcl
6 ms. Memory: 129024K Free: 104485K (81%)
6 ms. Memory: 129024K Free: 103971K (81%)
5 ms. Memory: 129024K Free: 103461K (80%)
5 ms. Memory: 129024K Free: 102437K (79%)
/home/travis/build/icyphy/ptII/ptolemy/actor/lib/test/Minimum.tcl
11 ms. Memory: 129024K Free: 100885K (78%)
2 ms. Memory: 129024K Free: 100389K (78%)
1 ms. Memory: 129024K Free: 99875K (77%)
1 ms. Memory: 129024K Free: 98821K (77%)
/home/travis/build/icyphy/ptII/ptolemy/actor/lib/test/MultiplyDivide.tcl
10 ms. Memory: 129024K Free: 96789K (75%)
10 ms. Memory: 129024K Free: 96293K (75%)
2 ms. Memory: 129024K Free: 95773K (74%)
8 ms. Memory: 129024K Free: 94644K (73%)
2 ms. Memory: 129024K Free: 94245K (73%)
/home/travis/build/icyphy/ptII/ptolemy/actor/lib/test/OrderedMerge.tcl
Connections changed on port: inputA
Connections changed on port: inputB
Connections changed on port: output
Connections changed on port: output
Connections changed on port: output
Connections changed on port: input
.top. Preinitializing ...
Invoking preinitialize():  .top.OrderedMerge
Called preinitialize()
Invoking preinitialize():  .top.Ramp
Called preinitialize()
Invoking preinitialize():  .top.Ramp2
Called preinitialize()
Invoking preinitialize():  .top.Test
Called preinitialize()
Connections changed on port: inputA
Connections changed on port: output
Connections changed on port: output
Connections changed on port: input
Connections changed on port: inputB
Connections changed on port: output
.top. Finished preinitialize().
Called initialize().
Invoking initialize():  .top.OrderedMerge
Initializing actor: .top.OrderedMerge
Adding a thread: .top.OrderedMerge
Invoking initialize():  .top.Ramp
Initializing actor: .top.Ramp
Adding a thread: .top.Ramp
Invoking initialize():  .top.Ramp2
Initializing actor: .top.Ramp2
Adding a thread: .top.Ramp2
Invoking initialize():  .top.Test
Initializing actor: .top.Test
Adding a thread: .top.Test
Called fire().
Checking for deadlock:
-- Starting thread.
Called initialize()
Called prefire()
Called fire()
-- Starting thread.
Called initialize()
Called prefire()
Called fire()
There are 0 Blocked actors, 0 Stopped actors, and 4 active threads.
Waiting for actors to stop.
Called postfire()
Called prefire()
Called fire()
-- Starting thread.
Called initialize()
Called prefire()
Called fire()
Called postfire()
Called prefire()
Called fire()
-- Starting thread.
Called initialize()
Called prefire()
Called fire()
Checking for deadlock:
There are 2 Blocked actors, 0 Stopped actors, and 4 active threads.
Waiting for actors to stop.
Called postfire()
Called prefire()
Called fire()
Read input token from inputA with value 0.0
Next port to read input from is inputB
Called postfire()
Called prefire()
Called fire()
Read input token from inputB with value 0.0
Sent output token with value 0.0
Next port to read input from is inputA
Called postfire()
Called prefire()
Called fire()
Read input token from inputA with value 1.0
Checking for deadlock:
There are 1 Blocked actors, 0 Stopped actors, and 4 active threads.
Waiting for actors to stop.
Called postfire()
Called prefire()
Called fire()
-- Read input: 0.0, which is expected to match: 0.0
Called prefire()
Called fire()
Called postfire()
Called prefire()
Called fire()
Checking for deadlock:
There are 3 Blocked actors, 0 Stopped actors, and 4 active threads.
Waiting for actors to stop.
-- Read input: 0.0, which is expected to match: 0.0
Called prefire()
Called fire()
Sent output token with value 0.0
Next port to read input from is inputB
Called postfire()
Called prefire()
Called fire()
Read input token from inputB with value 1.5
Sent output token with value 1.0
Next port to read input from is inputA
Called postfire()
Checking for deadlock:
There are 1 Blocked actors, 0 Stopped actors, and 4 active threads.
Waiting for actors to stop.
-- Read input: 1.0, which is expected to match: 1.0
Called prefire()
Called fire()
Called postfire()
Called prefire()
Called fire()
Checking for deadlock:
There are 3 Blocked actors, 0 Stopped actors, and 4 active threads.
Waiting for actors to stop.
Called prefire()
Called fire()
Checking for deadlock:
There are 2 Blocked actors, 0 Stopped actors, and 4 active threads.
Waiting for actors to stop.
Called postfire()
Called prefire()
Called fire()
Checking for deadlock:
There are 3 Blocked actors, 0 Stopped actors, and 4 active threads.
Waiting for actors to stop.
Read input token from inputA with value 2.0
-- Read input: 1.5, which is expected to match: 1.5
Called prefire()
Called fire()
Checking for deadlock:
There are 3 Blocked actors, 0 Stopped actors, and 4 active threads.
Waiting for actors to stop.
Sent output token with value 1.5
Next port to read input from is inputB
Called postfire()
Called prefire()
Called fire()
Called postfire()
Called prefire()
Called fire()
Checking for deadlock:
There are 3 Blocked actors, 0 Stopped actors, and 4 active threads.
Waiting for actors to stop.
Read input token from inputB with value 3.0
-- Read input: 2.0, which is expected to match: 2.0
Called prefire()
Called fire()
Checking for deadlock:
There are 3 Blocked actors, 0 Stopped actors, and 4 active threads.
Waiting for actors to stop.
Sent output token with value 2.0
Next port to read input from is inputA
Called postfire()
Called prefire()
Called fire()
Checking for deadlock:
There are 2 Blocked actors, 0 Stopped actors, and 4 active threads.
Waiting for actors to stop.
Called postfire()
Called prefire()
Called fire()
Checking for deadlock:
There are 3 Blocked actors, 0 Stopped actors, and 4 active threads.
Waiting for actors to stop.
Read input token from inputA with value 3.0
Checking for deadlock:
There are 2 Blocked actors, 0 Stopped actors, and 4 active threads.
Waiting for actors to stop.
-- Read input: 3.0, which is expected to match: 3.0
Called prefire()
Called fire()
Checking for deadlock:
There are 3 Blocked actors, 0 Stopped actors, and 4 active threads.
Waiting for actors to stop.
Sent output token with value 3.0
Next port to read input from is inputB
Called postfire()
Called prefire()
Called fire()
Called postfire()
Called prefire()
Called fire()
Checking for deadlock:
There are 3 Blocked actors, 0 Stopped actors, and 4 active threads.
Waiting for actors to stop.
Read input token from inputB with value 4.5
-- Read input: 3.0, which is expected to match: 3.0
Called prefire()
Called fire()
Checking for deadlock:
There are 3 Blocked actors, 0 Stopped actors, and 4 active threads.
Waiting for actors to stop.
Sent output token with value 3.0
Next port to read input from is inputA
Called postfire()
Called prefire()
Called fire()
Checking for deadlock:
There are 2 Blocked actors, 0 Stopped actors, and 4 active threads.
Waiting for actors to stop.
Called postfire()
Called prefire()
Called fire()
Checking for deadlock:
There are 3 Blocked actors, 0 Stopped actors, and 4 active threads.
Waiting for actors to stop.
Read input token from inputA with value 4.0
Checking for deadlock:
There are 2 Blocked actors, 0 Stopped actors, and 4 active threads.
Waiting for actors to stop.
-- Read input: 4.0, which is expected to match: 4.0
Called prefire()
Called fire()
Past the end of training data. Read and discard all inputs.
Checking for deadlock:
There are 3 Blocked actors, 0 Stopped actors, and 4 active threads.
Waiting for actors to stop.
Sent output token with value 4.0
Next port to read input from is inputA
Called postfire()
Called prefire()
Called fire()
Checking for deadlock:
There are 2 Blocked actors, 0 Stopped actors, and 4 active threads.
Waiting for actors to stop.
Called postfire()
Called prefire()
Called fire()
Checking for deadlock:
There are 3 Blocked actors, 0 Stopped actors, and 4 active threads.
Waiting for actors to stop.
Read input token from inputA with value 5.0
Checking for deadlock:
There are 2 Blocked actors, 0 Stopped actors, and 4 active threads.
Waiting for actors to stop.
Called prefire()
Called fire()
Past the end of training data. Read and discard all inputs.
Checking for deadlock:
There are 3 Blocked actors, 0 Stopped actors, and 4 active threads.
Waiting for actors to stop.
Sent output token with value 4.5
Next port to read input from is inputB
Called postfire()
Called prefire()
Called fire()
Called postfire()
Called prefire()
Called fire()
Checking for deadlock:
There are 3 Blocked actors, 0 Stopped actors, and 4 active threads.
Waiting for actors to stop.
Read input token from inputB with value 6.0
Called prefire()
Called fire()
Past the end of training data. Read and discard all inputs.
Checking for deadlock:
There are 3 Blocked actors, 0 Stopped actors, and 4 active threads.
Waiting for actors to stop.
Sent output token with value 5.0
Next port to read input from is inputA
Called postfire()
Called prefire()
Called fire()
Checking for deadlock:
There are 2 Blocked actors, 0 Stopped actors, and 4 active threads.
Waiting for actors to stop.
Called postfire()
Called prefire()
Called fire()
Checking for deadlock:
There are 3 Blocked actors, 0 Stopped actors, and 4 active threads.
Waiting for actors to stop.
Read input token from inputA with value 6.0
Checking for deadlock:
There are 2 Blocked actors, 0 Stopped actors, and 4 active threads.
Waiting for actors to stop.
Called prefire()
Called fire()
Past the end of training data. Read and discard all inputs.
Checking for deadlock:
There are 3 Blocked actors, 0 Stopped actors, and 4 active threads.
Waiting for actors to stop.
Sent output token with value 6.0
Next port to read input from is inputB
Called postfire()
Called prefire()
Called fire()
Called postfire()
Called prefire()
Called fire()
Checking for deadlock:
There are 3 Blocked actors, 0 Stopped actors, and 4 active threads.
Waiting for actors to stop.
Read input token from inputB with value 7.5
Called prefire()
Called fire()
Past the end of training data. Read and discard all inputs.
Checking for deadlock:
There are 3 Blocked actors, 0 Stopped actors, and 4 active threads.
Waiting for actors to stop.
Sent output token with value 6.0
Next port to read input from is inputA
Called postfire()
Called prefire()
Called fire()
Checking for deadlock:
There are 2 Blocked actors, 0 Stopped actors, and 4 active threads.
Waiting for actors to stop.
Called postfire()
Called prefire()
Called fire()
Checking for deadlock:
There are 3 Blocked actors, 0 Stopped actors, and 4 active threads.
Waiting for actors to stop.
Read input token from inputA with value 7.0
Checking for deadlock:
There are 2 Blocked actors, 0 Stopped actors, and 4 active threads.
Waiting for actors to stop.
Called prefire()
Called fire()
Past the end of training data. Read and discard all inputs.
Checking for deadlock:
There are 3 Blocked actors, 0 Stopped actors, and 4 active threads.
Waiting for actors to stop.
Sent output token with value 7.0
Next port to read input from is inputA
Called postfire()
Called prefire()
Called fire()
Checking for deadlock:
There are 2 Blocked actors, 0 Stopped actors, and 4 active threads.
Waiting for actors to stop.
-- Thread wrapup() called.
Called wrapup()
Thread .top.Ramp is exiting.
-- Thread stopped.
Checking for deadlock:
There are 2 Blocked actors, 0 Stopped actors, and 3 active threads.
Waiting for actors to stop.
Read input token from inputA with value 8.0
Called prefire()
Called fire()
Past the end of training data. Read and discard all inputs.
Checking for deadlock:
There are 2 Blocked actors, 0 Stopped actors, and 3 active threads.
Waiting for actors to stop.
Sent output token with value 7.5
Next port to read input from is inputB
Called postfire()
Called prefire()
Called fire()
Checking for deadlock:
There are 1 Blocked actors, 0 Stopped actors, and 3 active threads.
Waiting for actors to stop.
Called postfire()
Called prefire()
Called fire()
Checking for deadlock:
There are 2 Blocked actors, 0 Stopped actors, and 3 active threads.
Waiting for actors to stop.
Read input token from inputB with value 9.0
Checking for deadlock:
There are 1 Blocked actors, 0 Stopped actors, and 3 active threads.
Waiting for actors to stop.
Called prefire()
Called fire()
Past the end of training data. Read and discard all inputs.
Checking for deadlock:
There are 2 Blocked actors, 0 Stopped actors, and 3 active threads.
Waiting for actors to stop.
Sent output token with value 8.0
Next port to read input from is inputA
Called postfire()
Called prefire()
Called fire()
Read input token from inputA with value 9.0
Called prefire()
Called fire()
Past the end of training data. Read and discard all inputs.
Checking for deadlock:
There are 2 Blocked actors, 0 Stopped actors, and 3 active threads.
Waiting for actors to stop.
Sent output token with value 9.0
Next port to read input from is inputB
Called postfire()
Called prefire()
Called fire()
Called postfire()
Called prefire()
Called fire()
Checking for deadlock:
There are 2 Blocked actors, 0 Stopped actors, and 3 active threads.
Waiting for actors to stop.
Read input token from inputB with value 10.5
Called prefire()
Called fire()
Past the end of training data. Read and discard all inputs.
Checking for deadlock:
There are 2 Blocked actors, 0 Stopped actors, and 3 active threads.
Waiting for actors to stop.
Sent output token with value 9.0
Next port to read input from is inputA
Called postfire()
Called prefire()
Called fire()
Checking for deadlock:
There are 3 Blocked actors, 0 Stopped actors, and 3 active threads.
Actors have stopped.
Checking for deadlock:
There are 3 Blocked actors, 0 Stopped actors, and 3 active threads.
Deadlock detected.
Resolving Deadlock
Checking for deadlock:
There are 3 Blocked actors, 0 Stopped actors, and 3 active threads.
Artificial Deadlock - increasing queue capacity.
increasing the capacity of receiver ptolemy.actor.TypedIOPort {.top.OrderedMerge.inputB} to 2
Director: Called postfire().
Called postfire().
_stopRequested = false
_stopFireRequested = false
Returning from postfire(): true
Called fire().
Checking for deadlock:
There are 2 Blocked actors, 0 Stopped actors, and 3 active threads.
Waiting for actors to stop.
-- Thread wrapup() called.
Called wrapup()
Thread .top.Ramp2 is exiting.
-- Thread stopped.
Checking for deadlock:
There are 2 Blocked actors, 0 Stopped actors, and 2 active threads.
Actors have stopped.
Checking for deadlock:
There are 2 Blocked actors, 0 Stopped actors, and 2 active threads.
Deadlock detected.
Resolving Deadlock
Checking for deadlock:
There are 2 Blocked actors, 0 Stopped actors, and 2 active threads.
Deadlock detected: no processes blocked on write, but some are blocked on read.
Called postfire().
_stopRequested = false
_stopFireRequested = false
Returning from postfire(): false
Finished deactivating branches.
Called wrapup().
-- Thread wrapup() called.
Called wrapup()
-- Thread wrapup() called.
Called wrapup()
Thread .top.OrderedMerge is exiting.
-- Thread stopped.
Thread .top.Test is exiting.
-- Blocked Receiver call threw TerminateProcessException.
-- Thread stopped.
-- Blocked Receiver call threw TerminateProcessException.
84 ms. Memory: 129024K Free: 89125K (69%)
.top. Preinitializing ...
Invoking preinitialize():  .top.OrderedMerge
Called preinitialize()
Invoking preinitialize():  .top.Ramp
Called preinitialize()
Invoking preinitialize():  .top.Ramp2
Called preinitialize()
Invoking preinitialize():  .top.Test
Called preinitialize()
.top. Finished preinitialize().
Called initialize().
Invoking initialize():  .top.OrderedMerge
Initializing actor: .top.OrderedMerge
Adding a thread: .top.OrderedMerge
Invoking initialize():  .top.Ramp
Initializing actor: .top.Ramp
Adding a thread: .top.Ramp
Invoking initialize():  .top.Ramp2
Initializing actor: .top.Ramp2
Adding a thread: .top.Ramp2
Invoking initialize():  .top.Test
Initializing actor: .top.Test
Adding a thread: .top.Test
-- Starting thread.
Called initialize()
Called prefire()
Called fire()
-- Starting thread.
Called initialize()
Called prefire()
Called fire()
Called postfire()
Called prefire()
Called fire()
-- Starting thread.
Called initialize()
Called prefire()
Called fire()
Called postfire()
Called prefire()
Called fire()
Called fire().
Checking for deadlock:
There are 3 Blocked actors, 0 Stopped actors, and 4 active threads.
Waiting for actors to stop.
-- Starting thread.
Called initialize()
Called prefire()
Called fire()
Checking for deadlock:
There are 2 Blocked actors, 0 Stopped actors, and 4 active threads.
Waiting for actors to stop.
Called postfire()
Called prefire()
Called fire()
Checking for deadlock:
There are 3 Blocked actors, 0 Stopped actors, and 4 active threads.
Waiting for actors to stop.
Read input token from inputA with value 0.0
Next port to read input from is inputB
Called postfire()
Called prefire()
Called fire()
Checking for deadlock:
There are 2 Blocked actors, 0 Stopped actors, and 4 active threads.
Waiting for actors to stop.
Called postfire()
Called prefire()
Called fire()
Read input token from inputB with value 0.0
Checking for deadlock:
There are 3 Blocked actors, 0 Stopped actors, and 4 active threads.
Waiting for actors to stop.
Checking for deadlock:
There are 2 Blocked actors, 0 Stopped actors, and 4 active threads.
Waiting for actors to stop.
Sent output token with value 0.0
-- Read input: 0.0, which is expected to match: 0.0
Next port to read input from is inputA
Called prefire()
Called postfire()
Called fire()
Called prefire()
Called fire()
Checking for deadlock:
There are 2 Blocked actors, 0 Stopped actors, and 4 active threads.
Waiting for actors to stop.
Called postfire()
Called prefire()
Called fire()
Checking for deadlock:
There are 3 Blocked actors, 0 Stopped actors, and 4 active threads.
Waiting for actors to stop.
Read input token from inputA with value 1.0
Checking for deadlock:
There are 2 Blocked actors, 0 Stopped actors, and 4 active threads.
Waiting for actors to stop.
Sent output token with value 0.0
-- Read input: 0.0, which is expected to match: 0.0
Next port to read input from is inputB
Called postfire()
Called prefire()
Called fire()
Checking for deadlock:
There are 3 Blocked actors, 0 Stopped actors, and 4 active threads.
Waiting for actors to stop.
Called prefire()
Called fire()
Checking for deadlock:
There are 2 Blocked actors, 0 Stopped actors, and 4 active threads.
Waiting for actors to stop.
Called postfire()
Called prefire()
Called fire()
Checking for deadlock:
There are 3 Blocked actors, 0 Stopped actors, and 4 active threads.
Waiting for actors to stop.
Read input token from inputB with value 1.5
Checking for deadlock:
There are 2 Blocked actors, 0 Stopped actors, and 4 active threads.
Waiting for actors to stop.
Sent output token with value 1.0
-- Read input: 1.0, which is expected to match: 1.0
Next port to read input from is inputA
Called prefire()
Called fire()
Called postfire()
Called prefire()
Called fire()
Checking for deadlock:
There are 2 Blocked actors, 0 Stopped actors, and 4 active threads.
Waiting for actors to stop.
Called postfire()
Called prefire()
Called fire()
Read input token from inputA with value 2.0
Checking for deadlock:
There are 3 Blocked actors, 0 Stopped actors, and 4 active threads.
Waiting for actors to stop.
-- Read input: 1.5, which is expected to match: 1.5
Called prefire()
Called fire()
Checking for deadlock:
There are 3 Blocked actors, 0 Stopped actors, and 4 active threads.
Waiting for actors to stop.
Sent output token with value 1.5
Next port to read input from is inputB
Called postfire()
Called prefire()
Called fire()
Read input token from inputB with value 3.0
Sent output token with value 2.0
Next port to read input from is inputA
Called postfire()
Called prefire()
Called fire()
Read input token from inputA with value 3.0
Called postfire()
Checking for deadlock:
There are 1 Blocked actors, 0 Stopped actors, and 4 active threads.
Waiting for actors to stop.
-- Read input: 2.0, which is expected to match: 2.0
Called prefire()
Called fire()
Called postfire()
Called prefire()
Called prefire()
Called fire()
Checking for deadlock:
There are 1 Blocked actors, 0 Stopped actors, and 4 active threads.
Waiting for actors to stop.
Called fire()
Sent output token with value 3.0
Next port to read input from is inputB
Called postfire()
Called prefire()
Called fire()
Read input token from inputB with value 4.5
-- Read input: 3.0, which is expected to match: 3.0
Called prefire()
Called fire()
Called postfire()
Called prefire()
Called fire()
Checking for deadlock:
There are 3 Blocked actors, 0 Stopped actors, and 4 active threads.
Waiting for actors to stop.
-- Read input: 3.0, which is expected to match: 3.0
Called prefire()
Called fire()
Checking for deadlock:
There are 3 Blocked actors, 0 Stopped actors, and 4 active threads.
Waiting for actors to stop.
Sent output token with value 3.0
Next port to read input from is inputA
Called postfire()
Called prefire()
Called fire()
Checking for deadlock:
There are 2 Blocked actors, 0 Stopped actors, and 4 active threads.
Waiting for actors to stop.
Called postfire()
Called prefire()
Read input token from inputA with value 4.0
Called fire()
-- Read input: 4.0, which is expected to match: 4.0
Called prefire()
Called fire()
Past the end of training data. Read and discard all inputs.
Checking for deadlock:
There are 3 Blocked actors, 0 Stopped actors, and 4 active threads.
Waiting for actors to stop.
Sent output token with value 4.0
Next port to read input from is inputA
Called postfire()
Called prefire()
Called fire()
Checking for deadlock:
Called postfire()
There are 2 Blocked actors, 0 Stopped actors, and 4 active threads.
Waiting for actors to stop.
Called prefire()
Called fire()
Read input token from inputA with value 5.0
Checking for deadlock:
There are 3 Blocked actors, 0 Stopped actors, and 4 active threads.
Waiting for actors to stop.
Checking for deadlock:
There are 2 Blocked actors, 0 Stopped actors, and 4 active threads.
Waiting for actors to stop.
Called prefire()
Called fire()
Past the end of training data. Read and discard all inputs.
Checking for deadlock:
There are 3 Blocked actors, 0 Stopped actors, and 4 active threads.
Waiting for actors to stop.
Sent output token with value 4.5
Next port to read input from is inputB
Called postfire()
Called prefire()
Called fire()
Called postfire()
Called prefire()
Called fire()
Checking for deadlock:
There are 3 Blocked actors, 0 Stopped actors, and 4 active threads.
Waiting for actors to stop.
Read input token from inputB with value 6.0
Sent output token with value 5.0
Next port to read input from is inputA
Called postfire()
Called prefire()
Called fire()
Called prefire()
Called fire()
Called postfire()
Checking for deadlock:
There are 1 Blocked actors, 0 Stopped actors, and 4 active threads.
Waiting for actors to stop.
Past the end of training data. Read and discard all inputs.
Called prefire()
Called fire()
Checking for deadlock:
There are 2 Blocked actors, 0 Stopped actors, and 4 active threads.
Waiting for actors to stop.
Read input token from inputA with value 6.0
Checking for deadlock:
There are 3 Blocked actors, 0 Stopped actors, and 4 active threads.
Waiting for actors to stop.
Called prefire()
Called fire()
Past the end of training data. Read and discard all inputs.
Checking for deadlock:
There are 3 Blocked actors, 0 Stopped actors, and 4 active threads.
Waiting for actors to stop.
Sent output token with value 6.0
Next port to read input from is inputB
Called postfire()
Called prefire()
Called fire()
Checking for deadlock:
There are 2 Blocked actors, 0 Stopped actors, and 4 active threads.
Waiting for actors to stop.
Called postfire()
Called prefire()
Called fire()
Checking for deadlock:
There are 3 Blocked actors, 0 Stopped actors, and 4 active threads.
Waiting for actors to stop.
Read input token from inputB with value 7.5
Checking for deadlock:
There are 2 Blocked actors, 0 Stopped actors, and 4 active threads.
Waiting for actors to stop.
Called prefire()
Called fire()
Past the end of training data. Read and discard all inputs.
Checking for deadlock:
There are 3 Blocked actors, 0 Stopped actors, and 4 active threads.
Waiting for actors to stop.
Sent output token with value 6.0
Next port to read input from is inputA
Called postfire()
Called prefire()
Called fire()
Checking for deadlock:
There are 2 Blocked actors, 0 Stopped actors, and 4 active threads.
Waiting for actors to stop.
Called postfire()
Called prefire()
Called fire()
Read input token from inputA with value 7.0
Checking for deadlock:
There are 3 Blocked actors, 0 Stopped actors, and 4 active threads.
Waiting for actors to stop.
Checking for deadlock:
There are 2 Blocked actors, 0 Stopped actors, and 4 active threads.
Waiting for actors to stop.
Called prefire()
Called fire()
Past the end of training data. Read and discard all inputs.
Checking for deadlock:
There are 3 Blocked actors, 0 Stopped actors, and 4 active threads.
Waiting for actors to stop.
Sent output token with value 7.0
Next port to read input from is inputA
Called postfire()
Called prefire()
Called fire()
Checking for deadlock:
There are 2 Blocked actors, 0 Stopped actors, and 4 active threads.
Waiting for actors to stop.
-- Thread wrapup() called.
Called wrapup()
Read input token from inputA with value 8.0
Thread .top.Ramp is exiting.
-- Thread stopped.
Called prefire()
Called fire()
Past the end of training data. Read and discard all inputs.
Checking for deadlock:
There are 2 Blocked actors, 0 Stopped actors, and 3 active threads.
Waiting for actors to stop.
Sent output token with value 7.5
Next port to read input from is inputB
Called postfire()
Called prefire()
Called fire()
Called postfire()
Called prefire()
Called fire()
Checking for deadlock:
There are 2 Blocked actors, 0 Stopped actors, and 3 active threads.
Waiting for actors to stop.
Read input token from inputB with value 9.0
Called prefire()
Called fire()
Past the end of training data. Read and discard all inputs.
Checking for deadlock:
There are 2 Blocked actors, 0 Stopped actors, and 3 active threads.
Waiting for actors to stop.
Sent output token with value 8.0
Next port to read input from is inputA
Called postfire()
Called prefire()
Called fire()
Read input token from inputA with value 9.0
Called prefire()
Called fire()
Past the end of training data. Read and discard all inputs.
Checking for deadlock:
There are 2 Blocked actors, 0 Stopped actors, and 3 active threads.
Waiting for actors to stop.
Sent output token with value 9.0
Next port to read input from is inputB
Called postfire()
Called prefire()
Called fire()
Checking for deadlock:
There are 1 Blocked actors, 0 Stopped actors, and 3 active threads.
Waiting for actors to stop.
Called postfire()
Called prefire()
Called fire()
Checking for deadlock:
There are 2 Blocked actors, 0 Stopped actors, and 3 active threads.
Waiting for actors to stop.
Read input token from inputB with value 10.5
Checking for deadlock:
There are 1 Blocked actors, 0 Stopped actors, and 3 active threads.
Waiting for actors to stop.
Called prefire()
Called fire()
Past the end of training data. Read and discard all inputs.
Checking for deadlock:
There are 2 Blocked actors, 0 Stopped actors, and 3 active threads.
Waiting for actors to stop.
Sent output token with value 9.0
Next port to read input from is inputA
Called postfire()
Called prefire()
Called fire()
Checking for deadlock:
There are 3 Blocked actors, 0 Stopped actors, and 3 active threads.
Actors have stopped.
Checking for deadlock:
There are 3 Blocked actors, 0 Stopped actors, and 3 active threads.
Deadlock detected.
Resolving Deadlock
Checking for deadlock:
There are 3 Blocked actors, 0 Stopped actors, and 3 active threads.
Artificial Deadlock - increasing queue capacity.
increasing the capacity of receiver ptolemy.actor.TypedIOPort {.top.OrderedMerge.inputB} to 2
Director: Called postfire().
Called postfire().
_stopRequested = false
_stopFireRequested = false
Returning from postfire(): true
Called fire().
Checking for deadlock:
There are 2 Blocked actors, 0 Stopped actors, and 3 active threads.
Waiting for actors to stop.
-- Thread wrapup() called.
Called wrapup()
Thread .top.Ramp2 is exiting.
-- Thread stopped.
Checking for deadlock:
There are 2 Blocked actors, 0 Stopped actors, and 2 active threads.
Actors have stopped.
Checking for deadlock:
There are 2 Blocked actors, 0 Stopped actors, and 2 active threads.
Deadlock detected.
Resolving Deadlock
Checking for deadlock:
There are 2 Blocked actors, 0 Stopped actors, and 2 active threads.
Deadlock detected: no processes blocked on write, but some are blocked on read.
Called postfire().
_stopRequested = false
_stopFireRequested = false
Returning from postfire(): false
Finished deactivating branches.
Called wrapup().
-- Thread wrapup() called.
Called wrapup()
-- Thread wrapup() called.
Called wrapup()
Thread .top.Test is exiting.
-- Thread stopped.
-- Blocked Receiver call threw TerminateProcessException.
Thread .top.OrderedMerge is exiting.
-- Thread stopped.
-- Blocked Receiver call threw TerminateProcessException.
69 ms. Memory: 129024K Free: 86563K (67%)
/home/travis/build/icyphy/ptII/ptolemy/actor/lib/test/Publisher.tcl
6 ms. Memory: 129024K Free: 80405K (62%)
4 ms. Memory: 129024K Free: 75299K (58%)
2 ms. Memory: 129024K Free: 71717K (56%)
3 ms. Memory: 129024K Free: 70693K (55%)
2 ms. Memory: 129024K Free: 69669K (54%)
3 ms. Memory: 129024K Free: 69141K (54%)
2 ms. Memory: 129024K Free: 68131K (53%)
3 ms. Memory: 129024K Free: 67093K (52%)
20 ms. Memory: 155648K Free: 133744K (86%)
5 ms. Memory: 155648K Free: 130162K (84%)
2 ms. Memory: 155648K Free: 129138K (83%)
3 ms. Memory: 155648K Free: 127090K (82%)
14 ms. Memory: 155648K Free: 119408K (77%)
14 ms. Memory: 155648K Free: 109682K (70%)
5 ms. Memory: 155648K Free: 98913K (64%)
/home/travis/build/icyphy/ptII/ptolemy/actor/lib/test/Pulse.tcl
2 ms. Memory: 155648K Free: 135538K (87%)
1 ms. Memory: 155648K Free: 135042K (87%)
1 ms. Memory: 155648K Free: 134514K (86%)
2 ms. Memory: 155648K Free: 134018K (86%)
3 ms. Memory: 155648K Free: 133490K (86%)
9 ms. Memory: 155648K Free: 132450K (85%)
8 ms. Memory: 155648K Free: 131442K (84%)
1 ms. Memory: 155648K Free: 130418K (84%)
1 ms. Memory: 155648K Free: 129922K (83%)
/home/travis/build/icyphy/ptII/ptolemy/actor/lib/test/Ramp.tcl
8 ms. Memory: 155648K Free: 127874K (82%)
3 ms. Memory: 155648K Free: 127346K (82%)
2 ms. Memory: 155648K Free: 126336K (81%)
2 ms. Memory: 155648K Free: 125826K (81%)
7 ms. Memory: 155648K Free: 124802K (80%)
7 ms. Memory: 155648K Free: 124258K (80%)
5 ms. Memory: 155648K Free: 123264K (79%)
5 actors
5000 microseconds per iteration to create
10 ms. Memory: 155648K Free: 120706K (78%)
1 ms. Memory: 155648K Free: 119682K (77%)
1 ms. Memory: 155648K Free: 119168K (77%)
4 ms. Memory: 155648K Free: 118658K (76%)
50 actors
42000 microseconds per iteration to create
39 ms. Memory: 155648K Free: 103298K (66%)
5 ms. Memory: 155648K Free: 102274K (66%)
21 ms. Memory: 155648K Free: 101250K (65%)
5 ms. Memory: 155648K Free: 100226K (64%)
500 actors
1474000 microseconds per iteration to create
203 ms. Memory: 155648K Free: 98281K (63%)
33 ms. Memory: 155648K Free: 93167K (60%)
30 ms. Memory: 155648K Free: 88047K (57%)
30 ms. Memory: 155648K Free: 82927K (53%)
/home/travis/build/icyphy/ptII/ptolemy/actor/lib/test/RampContinuous.tcl
6 ms. Memory: 155648K Free: 81393K (52%)
/home/travis/build/icyphy/ptII/ptolemy/actor/lib/test/RecordAssembler.tcl
4 ms. Memory: 155648K Free: 79841K (51%)
3 ms. Memory: 155648K Free: 78831K (51%)
/home/travis/build/icyphy/ptII/ptolemy/actor/lib/test/RecordDisassembler.tcl
5 ms. Memory: 155648K Free: 76783K (49%)
2 ms. Memory: 155648K Free: 76273K (49%)
3 ms. Memory: 155648K Free: 75249K (48%)
/home/travis/build/icyphy/ptII/ptolemy/actor/lib/test/Scale.tcl
2 ms. Memory: 155648K Free: 73201K (47%)
1 ms. Memory: 155648K Free: 72673K (47%)
1 ms. Memory: 155648K Free: 71649K (46%)
2 ms. Memory: 155648K Free: 70639K (45%)
2 ms. Memory: 155648K Free: 70129K (45%)
/home/travis/build/icyphy/ptII/ptolemy/actor/lib/test/SequentialClock.tcl
preinitializing
resolving types
initializing
executing number 1
wrapping up
idle
2 ms. Memory: 155648K Free: 68577K (44%)
Completed execution with 5 iterations
preinitializing
resolving types
initializing
executing number 1
wrapping up
idle
2 ms. Memory: 155648K Free: 68081K (44%)
Completed execution with 5 iterations
preinitializing
resolving types
initializing
executing number 1
wrapping up
idle
1 ms. Memory: 155648K Free: 67567K (43%)
Completed execution with 5 iterations
/home/travis/build/icyphy/ptII/ptolemy/actor/lib/test/SetVariable.tcl
3 ms. Memory: 155648K Free: 66033K (42%)
/home/travis/build/icyphy/ptII/ptolemy/actor/lib/test/Sinewave.tcl
/home/travis/build/icyphy/ptII/ptolemy/actor/lib/test/SubscriptionAggregator.tcl
4 ms. Memory: 155648K Free: 54255K (35%)
2 ms. Memory: 155648K Free: 53745K (35%)
0 ms. Memory: 155648K Free: 53225K (34%)
1 ms. Memory: 155648K Free: 53225K (34%)
2 ms. Memory: 155648K Free: 49121K (32%)
24 ms. Memory: 187392K Free: 163723K (87%)
...............................................................826 ms. Memory: 282624K Free: 131063K (46%)
/home/travis/build/icyphy/ptII/ptolemy/actor/lib/test/Test.tcl
 The next command will produce a warning about training mode,
   which may be ignored.
4 ms. Memory: 282624K Free: 129007K (46%)
2 ms. Memory: 282624K Free: 128512K (45%)
2 ms. Memory: 282624K Free: 127486K (45%)
1 ms. Memory: 282624K Free: 126941K (45%)
1 ms. Memory: 282624K Free: 126464K (45%)
3 ms. Memory: 282624K Free: 124926K (44%)
3 ms. Memory: 282624K Free: 123895K (44%)
 The next command will produce a warning about training mode,
   which may be ignored.
3 ms. Memory: 282624K Free: 121344K (43%)
 The next command will produce a warning about training mode,
   which may be ignored.
2 ms. Memory: 282624K Free: 120320K (43%)
1 ms. Memory: 282624K Free: 119799K (42%)
0 ms. Memory: 282624K Free: 119296K (42%)
1 ms. Memory: 282624K Free: 118775K (42%)
7 ms. Memory: 282624K Free: 117758K (42%)
4 ms. Memory: 282624K Free: 114176K (40%)
/home/travis/build/icyphy/ptII/ptolemy/actor/lib/test/TestExceptionHandler.tcl
 The next command will produce a warning about training mode,
   which may be ignored.
3 ms. Memory: 282624K Free: 112638K (40%)
1 ms. Memory: 282624K Free: 112128K (40%)
0 ms. Memory: 282624K Free: 111607K (39%)
/home/travis/build/icyphy/ptII/ptolemy/actor/lib/test/UnionDisassembler.tcl
78 ms. Memory: 282624K Free: 236007K (84%)
/home/travis/build/icyphy/ptII/ptolemy/actor/lib/test/VariableClock.tcl
preinitializing
resolving types
initializing
executing number 1
wrapping up
idle
9 ms. Memory: 282624K Free: 233982K (83%)
Completed execution with 11 iterations
preinitializing
resolving types
initializing
executing number 1
wrapping up
idle
7 ms. Memory: 282624K Free: 232448K (82%)
Completed execution with 10 iterations
09/07/20 03:41:49
Failed: 0  Total Tests: 233  ((Passed: 233, Newly Passed: 0)  Known Failed: 0) /home/travis/build/icyphy/ptII/ptolemy/actor/lib/test
----------------- testing (KnownFailure) /home/travis/build/icyphy/ptII/ptolemy/actor/lib/test/auto/knownFailedTests/PublisherPortToplevelSubscriber.xml
0 ms. Memory: 282624K Free: 229376K (81%)
Known Failure: java.lang.reflect.InvocationTargetException
----------------- testing (KnownFailure) /home/travis/build/icyphy/ptII/ptolemy/actor/lib/test/auto/knownFailedTests/PublisherSubscriberPortToplevel.xml
1 ms. Memory: 282624K Free: 225790K (80%)
Known Failure: java.lang.reflect.InvocationTargetException
----------------- testing (KnownFailure) /home/travis/build/icyphy/ptII/ptolemy/actor/lib/test/auto/knownFailedTests/PublisherSubscriptionAggregatorPort.xml
0 ms. Memory: 282624K Free: 221694K (78%)
Known Failure: java.lang.reflect.InvocationTargetException
----------------- testing (KnownFailure) /home/travis/build/icyphy/ptII/ptolemy/actor/lib/test/auto/knownFailedTests/sizedarray3.xml
3 ms. Memory: 282624K Free: 217088K (77%)
Known Failure: java.lang.reflect.InvocationTargetException
No auto/linux-amd64/*.xml tests in /home/travis/build/icyphy/ptII/ptolemy/actor/lib/test
AutoTests.java: About to close Vertx.
AutoTests.java: Vertx closed.

===========================================================================================
----------------- testing Mon Sep 07 15:41:50 UTC 2020 /home/travis/build/icyphy/ptII/ptolemy/actor/lib/test/auto/AbsoluteValue.xml
----------------- Instantiating /home/travis/build/icyphy/ptII/ptolemy/actor/lib/test/auto/AbsoluteValue.xml
9 ms. Memory: 282624K Free: 194046K (69%)
----------------- Invoking toplevel() on ptolemy.moml.MoMLSimpleApplication@bb10b7e
----------------- Done invoking toplevel() on ptolemy.moml.MoMLSimpleApplication@bb10b7e
reloadAllAccessors: .AbsoluteValue

===========================================================================================
----------------- testing Mon Sep 07 15:41:50 UTC 2020 /home/travis/build/icyphy/ptII/ptolemy/actor/lib/test/auto/AbsoluteValue2.xml
----------------- Instantiating /home/travis/build/icyphy/ptII/ptolemy/actor/lib/test/auto/AbsoluteValue2.xml
8 ms. Memory: 282624K Free: 187392K (66%)
----------------- Invoking toplevel() on ptolemy.moml.MoMLSimpleApplication@70696240
----------------- Done invoking toplevel() on ptolemy.moml.MoMLSimpleApplication@70696240
reloadAllAccessors: .AbsoluteValue2

===========================================================================================
----------------- testing Mon Sep 07 15:41:50 UTC 2020 /home/travis/build/icyphy/ptII/ptolemy/actor/lib/test/auto/Accumulator.xml
----------------- Instantiating /home/travis/build/icyphy/ptII/ptolemy/actor/lib/test/auto/Accumulator.xml
5 ms. Memory: 282624K Free: 180734K (64%)
----------------- Invoking toplevel() on ptolemy.moml.MoMLSimpleApplication@6d21292b
----------------- Done invoking toplevel() on ptolemy.moml.MoMLSimpleApplication@6d21292b
reloadAllAccessors: .Accumulator

===========================================================================================
----------------- testing Mon Sep 07 15:41:50 UTC 2020 /home/travis/build/icyphy/ptII/ptolemy/actor/lib/test/auto/Accumulator2.xml
----------------- Instantiating /home/travis/build/icyphy/ptII/ptolemy/actor/lib/test/auto/Accumulator2.xml
3 ms. Memory: 282624K Free: 175614K (62%)
----------------- Invoking toplevel() on ptolemy.moml.MoMLSimpleApplication@458adbc2
----------------- Done invoking toplevel() on ptolemy.moml.MoMLSimpleApplication@458adbc2
reloadAllAccessors: .Accumulator2

===========================================================================================
----------------- testing Mon Sep 07 15:41:50 UTC 2020 /home/travis/build/icyphy/ptII/ptolemy/actor/lib/test/auto/Accumulator3.xml
----------------- Instantiating /home/travis/build/icyphy/ptII/ptolemy/actor/lib/test/auto/Accumulator3.xml
2 ms. Memory: 282624K Free: 171518K (61%)
----------------- Invoking toplevel() on ptolemy.moml.MoMLSimpleApplication@1e33b757
----------------- Done invoking toplevel() on ptolemy.moml.MoMLSimpleApplication@1e33b757
reloadAllAccessors: .Accumulator3

===========================================================================================
----------------- testing Mon Sep 07 15:41:50 UTC 2020 /home/travis/build/icyphy/ptII/ptolemy/actor/lib/test/auto/ArrayAppend.xml
----------------- Instantiating /home/travis/build/icyphy/ptII/ptolemy/actor/lib/test/auto/ArrayAppend.xml
5 ms. Memory: 282624K Free: 164864K (58%)
----------------- Invoking toplevel() on ptolemy.moml.MoMLSimpleApplication@588716a0
----------------- Done invoking toplevel() on ptolemy.moml.MoMLSimpleApplication@588716a0
reloadAllAccessors: .ArrayAppend

===========================================================================================
----------------- testing Mon Sep 07 15:41:50 UTC 2020 /home/travis/build/icyphy/ptII/ptolemy/actor/lib/test/auto/ArrayAppend2.xml
----------------- Instantiating /home/travis/build/icyphy/ptII/ptolemy/actor/lib/test/auto/ArrayAppend2.xml
286 ms. Memory: 282624K Free: 105980K (37%)
----------------- Invoking toplevel() on ptolemy.moml.MoMLSimpleApplication@1ba86a01
----------------- Done invoking toplevel() on ptolemy.moml.MoMLSimpleApplication@1ba86a01
reloadAllAccessors: .ArrayAppend2

===========================================================================================
----------------- testing Mon Sep 07 15:41:50 UTC 2020 /home/travis/build/icyphy/ptII/ptolemy/actor/lib/test/auto/ArrayAppend3.xml
----------------- Instantiating /home/travis/build/icyphy/ptII/ptolemy/actor/lib/test/auto/ArrayAppend3.xml
5 ms. Memory: 282624K Free: 100352K (36%)
----------------- Invoking toplevel() on ptolemy.moml.MoMLSimpleApplication@4322b3dc
----------------- Done invoking toplevel() on ptolemy.moml.MoMLSimpleApplication@4322b3dc
reloadAllAccessors: .ArrayAppend3

===========================================================================================
----------------- testing Mon Sep 07 15:41:50 UTC 2020 /home/travis/build/icyphy/ptII/ptolemy/actor/lib/test/auto/ArrayAppend4.xml
----------------- Instantiating /home/travis/build/icyphy/ptII/ptolemy/actor/lib/test/auto/ArrayAppend4.xml
3 ms. Memory: 282624K Free: 95232K (34%)
----------------- Invoking toplevel() on ptolemy.moml.MoMLSimpleApplication@627f2409
----------------- Done invoking toplevel() on ptolemy.moml.MoMLSimpleApplication@627f2409
reloadAllAccessors: .ArrayAppend4

===========================================================================================
----------------- testing Mon Sep 07 15:41:50 UTC 2020 /home/travis/build/icyphy/ptII/ptolemy/actor/lib/test/auto/ArrayAppend5.xml
----------------- Instantiating /home/travis/build/icyphy/ptII/ptolemy/actor/lib/test/auto/ArrayAppend5.xml
1 ms. Memory: 282624K Free: 89598K (32%)
----------------- Invoking toplevel() on ptolemy.moml.MoMLSimpleApplication@65368645
----------------- Done invoking toplevel() on ptolemy.moml.MoMLSimpleApplication@65368645
reloadAllAccessors: .ArrayAppend5

===========================================================================================
----------------- testing Mon Sep 07 15:41:50 UTC 2020 /home/travis/build/icyphy/ptII/ptolemy/actor/lib/test/auto/ArrayAppend6.xml
----------------- Instantiating /home/travis/build/icyphy/ptII/ptolemy/actor/lib/test/auto/ArrayAppend6.xml
3 ms. Memory: 282624K Free: 232704K (82%)
----------------- Invoking toplevel() on ptolemy.moml.MoMLSimpleApplication@77ccb3f3
----------------- Done invoking toplevel() on ptolemy.moml.MoMLSimpleApplication@77ccb3f3
reloadAllAccessors: .ArrayAppend6

===========================================================================================
----------------- testing Mon Sep 07 15:41:51 UTC 2020 /home/travis/build/icyphy/ptII/ptolemy/actor/lib/test/auto/ArrayAppendPerformanceTest.xml
----------------- Instantiating /home/travis/build/icyphy/ptII/ptolemy/actor/lib/test/auto/ArrayAppendPerformanceTest.xml
27 ms. Memory: 282624K Free: 221440K (78%)
----------------- Invoking toplevel() on ptolemy.moml.MoMLSimpleApplication@1ee74f04
----------------- Done invoking toplevel() on ptolemy.moml.MoMLSimpleApplication@1ee74f04
reloadAllAccessors: .ArrayAppendPerformanceTest

===========================================================================================
----------------- testing Mon Sep 07 15:41:51 UTC 2020 /home/travis/build/icyphy/ptII/ptolemy/actor/lib/test/auto/ArrayAppendWithEmptyInput.xml
----------------- Instantiating /home/travis/build/icyphy/ptII/ptolemy/actor/lib/test/auto/ArrayAppendWithEmptyInput.xml
16 ms. Memory: 282624K Free: 213758K (76%)
----------------- Invoking toplevel() on ptolemy.moml.MoMLSimpleApplication@45a49c5a
----------------- Done invoking toplevel() on ptolemy.moml.MoMLSimpleApplication@45a49c5a
reloadAllAccessors: .ArrayAppendWithEmptyInput

===========================================================================================
----------------- testing Mon Sep 07 15:41:51 UTC 2020 /home/travis/build/icyphy/ptII/ptolemy/actor/lib/test/auto/ArrayAverage.xml
----------------- Instantiating /home/travis/build/icyphy/ptII/ptolemy/actor/lib/test/auto/ArrayAverage.xml
4 ms. Memory: 282624K Free: 205566K (73%)
----------------- Invoking toplevel() on ptolemy.moml.MoMLSimpleApplication@496f1b6a
----------------- Done invoking toplevel() on ptolemy.moml.MoMLSimpleApplication@496f1b6a
reloadAllAccessors: .ArrayAverage

===========================================================================================
----------------- testing Mon Sep 07 15:41:51 UTC 2020 /home/travis/build/icyphy/ptII/ptolemy/actor/lib/test/auto/ArrayContains.xml
----------------- Instantiating /home/travis/build/icyphy/ptII/ptolemy/actor/lib/test/auto/ArrayContains.xml
9 ms. Memory: 282624K Free: 199936K (71%)
----------------- Invoking toplevel() on ptolemy.moml.MoMLSimpleApplication@3d982c0a
----------------- Done invoking toplevel() on ptolemy.moml.MoMLSimpleApplication@3d982c0a
reloadAllAccessors: .ArrayContains

===========================================================================================
----------------- testing Mon Sep 07 15:41:51 UTC 2020 /home/travis/build/icyphy/ptII/ptolemy/actor/lib/test/auto/ArrayElement.xml
----------------- Instantiating /home/travis/build/icyphy/ptII/ptolemy/actor/lib/test/auto/ArrayElement.xml
5 ms. Memory: 282624K Free: 194271K (69%)
----------------- Invoking toplevel() on ptolemy.moml.MoMLSimpleApplication@448a4d88
----------------- Done invoking toplevel() on ptolemy.moml.MoMLSimpleApplication@448a4d88
reloadAllAccessors: .ArrayElement

===========================================================================================
----------------- testing Mon Sep 07 15:41:51 UTC 2020 /home/travis/build/icyphy/ptII/ptolemy/actor/lib/test/auto/ArrayElementAsMatrix.xml
----------------- Instantiating /home/travis/build/icyphy/ptII/ptolemy/actor/lib/test/auto/ArrayElementAsMatrix.xml
21 ms. Memory: 282624K Free: 184576K (65%)
----------------- Invoking toplevel() on ptolemy.moml.MoMLSimpleApplication@ecef1aa
----------------- Done invoking toplevel() on ptolemy.moml.MoMLSimpleApplication@ecef1aa
reloadAllAccessors: .ArrayElementAsMatrix

===========================================================================================
----------------- testing Mon Sep 07 15:41:51 UTC 2020 /home/travis/build/icyphy/ptII/ptolemy/actor/lib/test/auto/ArrayElementI.xml
----------------- Instantiating /home/travis/build/icyphy/ptII/ptolemy/actor/lib/test/auto/ArrayElementI.xml
4 ms. Memory: 282624K Free: 178942K (63%)
----------------- Invoking toplevel() on ptolemy.moml.MoMLSimpleApplication@1509cf49
----------------- Done invoking toplevel() on ptolemy.moml.MoMLSimpleApplication@1509cf49
reloadAllAccessors: .ArrayElementI

===========================================================================================
----------------- testing Mon Sep 07 15:41:51 UTC 2020 /home/travis/build/icyphy/ptII/ptolemy/actor/lib/test/auto/ArrayExtract.xml
----------------- Instantiating /home/travis/build/icyphy/ptII/ptolemy/actor/lib/test/auto/ArrayExtract.xml
5 ms. Memory: 282624K Free: 170750K (60%)
----------------- Invoking toplevel() on ptolemy.moml.MoMLSimpleApplication@77c5cca1
----------------- Done invoking toplevel() on ptolemy.moml.MoMLSimpleApplication@77c5cca1
reloadAllAccessors: .ArrayExtract

===========================================================================================
----------------- testing Mon Sep 07 15:41:51 UTC 2020 /home/travis/build/icyphy/ptII/ptolemy/actor/lib/test/auto/ArrayExtract2.xml
----------------- Instantiating /home/travis/build/icyphy/ptII/ptolemy/actor/lib/test/auto/ArrayExtract2.xml
2 ms. Memory: 282624K Free: 165630K (59%)
----------------- Invoking toplevel() on ptolemy.moml.MoMLSimpleApplication@23748e01
----------------- Done invoking toplevel() on ptolemy.moml.MoMLSimpleApplication@23748e01
reloadAllAccessors: .ArrayExtract2

===========================================================================================
----------------- testing Mon Sep 07 15:41:51 UTC 2020 /home/travis/build/icyphy/ptII/ptolemy/actor/lib/test/auto/ArrayLength.xml
----------------- Instantiating /home/travis/build/icyphy/ptII/ptolemy/actor/lib/test/auto/ArrayLength.xml
2 ms. Memory: 282624K Free: 162048K (57%)
----------------- Invoking toplevel() on ptolemy.moml.MoMLSimpleApplication@640dc61
----------------- Done invoking toplevel() on ptolemy.moml.MoMLSimpleApplication@640dc61
reloadAllAccessors: .ArrayLength

===========================================================================================
----------------- testing Mon Sep 07 15:41:51 UTC 2020 /home/travis/build/icyphy/ptII/ptolemy/actor/lib/test/auto/ArrayLevelCrossing.xml
----------------- Instantiating /home/travis/build/icyphy/ptII/ptolemy/actor/lib/test/auto/ArrayLevelCrossing.xml
4 ms. Memory: 282624K Free: 154366K (55%)
----------------- Invoking toplevel() on ptolemy.moml.MoMLSimpleApplication@2c136a45
----------------- Done invoking toplevel() on ptolemy.moml.MoMLSimpleApplication@2c136a45
reloadAllAccessors: .ArrayLevelCrossing

===========================================================================================
----------------- testing Mon Sep 07 15:41:51 UTC 2020 /home/travis/build/icyphy/ptII/ptolemy/actor/lib/test/auto/ArrayLevelCrossing2.xml
----------------- Instantiating /home/travis/build/icyphy/ptII/ptolemy/actor/lib/test/auto/ArrayLevelCrossing2.xml
2 ms. Memory: 282624K Free: 146688K (52%)
----------------- Invoking toplevel() on ptolemy.moml.MoMLSimpleApplication@1405c0a5
----------------- Done invoking toplevel() on ptolemy.moml.MoMLSimpleApplication@1405c0a5
reloadAllAccessors: .ArrayLevelCrossing2

===========================================================================================
----------------- testing Mon Sep 07 15:41:51 UTC 2020 /home/travis/build/icyphy/ptII/ptolemy/actor/lib/test/auto/ArrayPeakSearch.xml
----------------- Instantiating /home/travis/build/icyphy/ptII/ptolemy/actor/lib/test/auto/ArrayPeakSearch.xml
9 ms. Memory: 282624K Free: 137982K (49%)
----------------- Invoking toplevel() on ptolemy.moml.MoMLSimpleApplication@1266c011
----------------- Done invoking toplevel() on ptolemy.moml.MoMLSimpleApplication@1266c011
reloadAllAccessors: .ArrayPeakSearch

===========================================================================================
----------------- testing Mon Sep 07 15:41:51 UTC 2020 /home/travis/build/icyphy/ptII/ptolemy/actor/lib/test/auto/ArrayPeakSearch2.xml
----------------- Instantiating /home/travis/build/icyphy/ptII/ptolemy/actor/lib/test/auto/ArrayPeakSearch2.xml
5 ms. Memory: 282624K Free: 127232K (45%)
----------------- Invoking toplevel() on ptolemy.moml.MoMLSimpleApplication@3d56c698
----------------- Done invoking toplevel() on ptolemy.moml.MoMLSimpleApplication@3d56c698
reloadAllAccessors: .ArrayPeakSearch2

===========================================================================================
----------------- testing Mon Sep 07 15:41:51 UTC 2020 /home/travis/build/icyphy/ptII/ptolemy/actor/lib/test/auto/ArrayPeakSearch3.xml
----------------- Instantiating /home/travis/build/icyphy/ptII/ptolemy/actor/lib/test/auto/ArrayPeakSearch3.xml
6 ms. Memory: 282624K Free: 118526K (42%)
----------------- Invoking toplevel() on ptolemy.moml.MoMLSimpleApplication@446e9a8d
----------------- Done invoking toplevel() on ptolemy.moml.MoMLSimpleApplication@446e9a8d
reloadAllAccessors: .ArrayPeakSearch3

===========================================================================================
----------------- testing Mon Sep 07 15:41:51 UTC 2020 /home/travis/build/icyphy/ptII/ptolemy/actor/lib/test/auto/ArrayRemoveElement.xml
----------------- Instantiating /home/travis/build/icyphy/ptII/ptolemy/actor/lib/test/auto/ArrayRemoveElement.xml
3 ms. Memory: 282624K Free: 110334K (39%)
----------------- Invoking toplevel() on ptolemy.moml.MoMLSimpleApplication@1815716b
----------------- Done invoking toplevel() on ptolemy.moml.MoMLSimpleApplication@1815716b
reloadAllAccessors: .ArrayRemoveElement

===========================================================================================
----------------- testing Mon Sep 07 15:41:51 UTC 2020 /home/travis/build/icyphy/ptII/ptolemy/actor/lib/test/auto/ArraySort.xml
----------------- Instantiating /home/travis/build/icyphy/ptII/ptolemy/actor/lib/test/auto/ArraySort.xml
6 ms. Memory: 282624K Free: 101632K (36%)
----------------- Invoking toplevel() on ptolemy.moml.MoMLSimpleApplication@49275b8d
----------------- Done invoking toplevel() on ptolemy.moml.MoMLSimpleApplication@49275b8d
reloadAllAccessors: .ArraySort

===========================================================================================
----------------- testing Mon Sep 07 15:41:51 UTC 2020 /home/travis/build/icyphy/ptII/ptolemy/actor/lib/test/auto/ArraySum.xml
----------------- Instantiating /home/travis/build/icyphy/ptII/ptolemy/actor/lib/test/auto/ArraySum.xml
6 ms. Memory: 282624K Free: 95998K (34%)
----------------- Invoking toplevel() on ptolemy.moml.MoMLSimpleApplication@6ada282e
----------------- Done invoking toplevel() on ptolemy.moml.MoMLSimpleApplication@6ada282e
reloadAllAccessors: .ArraySum

===========================================================================================
----------------- testing Mon Sep 07 15:41:51 UTC 2020 /home/travis/build/icyphy/ptII/ptolemy/actor/lib/test/auto/ArrayToElements.xml
----------------- Instantiating /home/travis/build/icyphy/ptII/ptolemy/actor/lib/test/auto/ArrayToElements.xml
6 ms. Memory: 282624K Free: 90878K (32%)
----------------- Invoking toplevel() on ptolemy.moml.MoMLSimpleApplication@5e13aadf
----------------- Done invoking toplevel() on ptolemy.moml.MoMLSimpleApplication@5e13aadf
reloadAllAccessors: .ArrayToElements

===========================================================================================
----------------- testing Mon Sep 07 15:41:51 UTC 2020 /home/travis/build/icyphy/ptII/ptolemy/actor/lib/test/auto/ArrayToMatrix.xml
----------------- Instantiating /home/travis/build/icyphy/ptII/ptolemy/actor/lib/test/auto/ArrayToMatrix.xml
11 ms. Memory: 282624K Free: 76542K (27%)
----------------- Invoking toplevel() on ptolemy.moml.MoMLSimpleApplication@680adb2
----------------- Done invoking toplevel() on ptolemy.moml.MoMLSimpleApplication@680adb2
reloadAllAccessors: .ArrayToMatrix

===========================================================================================
----------------- testing Mon Sep 07 15:41:51 UTC 2020 /home/travis/build/icyphy/ptII/ptolemy/actor/lib/test/auto/ArrayUpdate1.xml
----------------- Instantiating /home/travis/build/icyphy/ptII/ptolemy/actor/lib/test/auto/ArrayUpdate1.xml
6 ms. Memory: 282624K Free: 230656K (82%)
----------------- Invoking toplevel() on ptolemy.moml.MoMLSimpleApplication@327e7bdb
----------------- Done invoking toplevel() on ptolemy.moml.MoMLSimpleApplication@327e7bdb
reloadAllAccessors: .ArrayUpdate1

===========================================================================================
----------------- testing Mon Sep 07 15:41:51 UTC 2020 /home/travis/build/icyphy/ptII/ptolemy/actor/lib/test/auto/ArrayUpdate2.xml
----------------- Instantiating /home/travis/build/icyphy/ptII/ptolemy/actor/lib/test/auto/ArrayUpdate2.xml
8 ms. Memory: 282624K Free: 224512K (79%)
----------------- Invoking toplevel() on ptolemy.moml.MoMLSimpleApplication@26af5c88
----------------- Done invoking toplevel() on ptolemy.moml.MoMLSimpleApplication@26af5c88
reloadAllAccessors: .ArrayUpdate2

===========================================================================================
----------------- testing Mon Sep 07 15:41:51 UTC 2020 /home/travis/build/icyphy/ptII/ptolemy/actor/lib/test/auto/ArrayUpdate3.xml
----------------- Instantiating /home/travis/build/icyphy/ptII/ptolemy/actor/lib/test/auto/ArrayUpdate3.xml
10 ms. Memory: 282624K Free: 219902K (78%)
----------------- Invoking toplevel() on ptolemy.moml.MoMLSimpleApplication@12898922
----------------- Done invoking toplevel() on ptolemy.moml.MoMLSimpleApplication@12898922
reloadAllAccessors: .ArrayUpdate3

===========================================================================================
----------------- testing Mon Sep 07 15:41:51 UTC 2020 /home/travis/build/icyphy/ptII/ptolemy/actor/lib/test/auto/Assert1.xml
----------------- Instantiating /home/travis/build/icyphy/ptII/ptolemy/actor/lib/test/auto/Assert1.xml
10 ms. Memory: 282624K Free: 215296K (76%)
----------------- Invoking toplevel() on ptolemy.moml.MoMLSimpleApplication@2e7762a4
----------------- Done invoking toplevel() on ptolemy.moml.MoMLSimpleApplication@2e7762a4
reloadAllAccessors: .Assert1

===========================================================================================
----------------- testing Mon Sep 07 15:41:52 UTC 2020 /home/travis/build/icyphy/ptII/ptolemy/actor/lib/test/auto/Assert2.xml
----------------- Instantiating /home/travis/build/icyphy/ptII/ptolemy/actor/lib/test/auto/Assert2.xml
8 ms. Memory: 282624K Free: 210686K (75%)
----------------- Invoking toplevel() on ptolemy.moml.MoMLSimpleApplication@6458339c
----------------- Done invoking toplevel() on ptolemy.moml.MoMLSimpleApplication@6458339c
reloadAllAccessors: .Assert2

===========================================================================================
----------------- testing Mon Sep 07 15:41:52 UTC 2020 /home/travis/build/icyphy/ptII/ptolemy/actor/lib/test/auto/BooleanMultiplexor.xml
----------------- Instantiating /home/travis/build/icyphy/ptII/ptolemy/actor/lib/test/auto/BooleanMultiplexor.xml
2 ms. Memory: 282624K Free: 205056K (73%)
----------------- Invoking toplevel() on ptolemy.moml.MoMLSimpleApplication@227e703f
----------------- Done invoking toplevel() on ptolemy.moml.MoMLSimpleApplication@227e703f
reloadAllAccessors: .BooleanMultiplexor

===========================================================================================
----------------- testing Mon Sep 07 15:41:52 UTC 2020 /home/travis/build/icyphy/ptII/ptolemy/actor/lib/test/auto/BooleanMultiplexor2.xml
----------------- Instantiating /home/travis/build/icyphy/ptII/ptolemy/actor/lib/test/auto/BooleanMultiplexor2.xml
12 ms. Memory: 282624K Free: 198912K (70%)
----------------- Invoking toplevel() on ptolemy.moml.MoMLSimpleApplication@382f3f41
----------------- Done invoking toplevel() on ptolemy.moml.MoMLSimpleApplication@382f3f41
reloadAllAccessors: .BooleanMultiplexor2

===========================================================================================
----------------- testing Mon Sep 07 15:41:52 UTC 2020 /home/travis/build/icyphy/ptII/ptolemy/actor/lib/test/auto/BooleanMultiplexor3.xml
----------------- Instantiating /home/travis/build/icyphy/ptII/ptolemy/actor/lib/test/auto/BooleanMultiplexor3.xml
4 ms. Memory: 282624K Free: 194816K (69%)
----------------- Invoking toplevel() on ptolemy.moml.MoMLSimpleApplication@75ea0e4
----------------- Done invoking toplevel() on ptolemy.moml.MoMLSimpleApplication@75ea0e4
reloadAllAccessors: .BooleanMultiplexor3

===========================================================================================
----------------- testing Mon Sep 07 15:41:52 UTC 2020 /home/travis/build/icyphy/ptII/ptolemy/actor/lib/test/auto/BooleanSelect.xml
----------------- Instantiating /home/travis/build/icyphy/ptII/ptolemy/actor/lib/test/auto/BooleanSelect.xml
8 ms. Memory: 282624K Free: 189167K (67%)
----------------- Invoking toplevel() on ptolemy.moml.MoMLSimpleApplication@35d1033d
----------------- Done invoking toplevel() on ptolemy.moml.MoMLSimpleApplication@35d1033d
reloadAllAccessors: .BooleanSelect

===========================================================================================
----------------- testing Mon Sep 07 15:41:52 UTC 2020 /home/travis/build/icyphy/ptII/ptolemy/actor/lib/test/auto/BooleanSelect2.xml
----------------- Instantiating /home/travis/build/icyphy/ptII/ptolemy/actor/lib/test/auto/BooleanSelect2.xml
1 ms. Memory: 282624K Free: 184576K (65%)
----------------- Invoking toplevel() on ptolemy.moml.MoMLSimpleApplication@10b35a39
----------------- Done invoking toplevel() on ptolemy.moml.MoMLSimpleApplication@10b35a39
reloadAllAccessors: .BooleanSelect2

===========================================================================================
----------------- testing Mon Sep 07 15:41:52 UTC 2020 /home/travis/build/icyphy/ptII/ptolemy/actor/lib/test/auto/BooleanSwitch.xml
----------------- Instantiating /home/travis/build/icyphy/ptII/ptolemy/actor/lib/test/auto/BooleanSwitch.xml
5 ms. Memory: 282624K Free: 178942K (63%)
----------------- Invoking toplevel() on ptolemy.moml.MoMLSimpleApplication@39e54de8
----------------- Done invoking toplevel() on ptolemy.moml.MoMLSimpleApplication@39e54de8
reloadAllAccessors: .BooleanSwitch

===========================================================================================
----------------- testing Mon Sep 07 15:41:52 UTC 2020 /home/travis/build/icyphy/ptII/ptolemy/actor/lib/test/auto/BooleanSwitch2.xml
----------------- Instantiating /home/travis/build/icyphy/ptII/ptolemy/actor/lib/test/auto/BooleanSwitch2.xml
1 ms. Memory: 282624K Free: 174336K (62%)
----------------- Invoking toplevel() on ptolemy.moml.MoMLSimpleApplication@349c7539
----------------- Done invoking toplevel() on ptolemy.moml.MoMLSimpleApplication@349c7539
reloadAllAccessors: .BooleanSwitch2

===========================================================================================
----------------- testing Mon Sep 07 15:41:52 UTC 2020 /home/travis/build/icyphy/ptII/ptolemy/actor/lib/test/auto/BooleanSwitchCloningBugWithClassRelationGroup.xml
----------------- Instantiating /home/travis/build/icyphy/ptII/ptolemy/actor/lib/test/auto/BooleanSwitchCloningBugWithClassRelationGroup.xml
2 ms. Memory: 282624K Free: 168192K (60%)
----------------- Invoking toplevel() on ptolemy.moml.MoMLSimpleApplication@719925f6
----------------- Done invoking toplevel() on ptolemy.moml.MoMLSimpleApplication@719925f6
reloadAllAccessors: .BooleanSwitchCloningBugWithClassRelationGroup

===========================================================================================
----------------- testing Mon Sep 07 15:41:52 UTC 2020 /home/travis/build/icyphy/ptII/ptolemy/actor/lib/test/auto/BusActors.xml
----------------- Instantiating /home/travis/build/icyphy/ptII/ptolemy/actor/lib/test/auto/BusActors.xml
4 ms. Memory: 282624K Free: 160510K (57%)
----------------- Invoking toplevel() on ptolemy.moml.MoMLSimpleApplication@49e80dfb
----------------- Done invoking toplevel() on ptolemy.moml.MoMLSimpleApplication@49e80dfb
reloadAllAccessors: .BusActors

===========================================================================================
----------------- testing Mon Sep 07 15:41:52 UTC 2020 /home/travis/build/icyphy/ptII/ptolemy/actor/lib/test/auto/ClassWrapper.xml
----------------- Instantiating /home/travis/build/icyphy/ptII/ptolemy/actor/lib/test/auto/ClassWrapper.xml
3 ms. Memory: 282624K Free: 155904K (55%)
----------------- Invoking toplevel() on ptolemy.moml.MoMLSimpleApplication@4fc8f0df
----------------- Done invoking toplevel() on ptolemy.moml.MoMLSimpleApplication@4fc8f0df
reloadAllAccessors: .ClassWrapper

===========================================================================================
----------------- testing Mon Sep 07 15:41:52 UTC 2020 /home/travis/build/icyphy/ptII/ptolemy/actor/lib/test/auto/Clock.xml
----------------- Instantiating /home/travis/build/icyphy/ptII/ptolemy/actor/lib/test/auto/Clock.xml
3 ms. Memory: 282624K Free: 151808K (54%)
----------------- Invoking toplevel() on ptolemy.moml.MoMLSimpleApplication@2b772dd
----------------- Done invoking toplevel() on ptolemy.moml.MoMLSimpleApplication@2b772dd
reloadAllAccessors: .Clock

===========================================================================================
----------------- testing Mon Sep 07 15:41:52 UTC 2020 /home/travis/build/icyphy/ptII/ptolemy/actor/lib/test/auto/Clock10.xml
----------------- Instantiating /home/travis/build/icyphy/ptII/ptolemy/actor/lib/test/auto/Clock10.xml
4 ms. Memory: 282624K Free: 145664K (52%)
----------------- Invoking toplevel() on ptolemy.moml.MoMLSimpleApplication@20afb8a1
----------------- Done invoking toplevel() on ptolemy.moml.MoMLSimpleApplication@20afb8a1
reloadAllAccessors: .Clock10

===========================================================================================
----------------- testing Mon Sep 07 15:41:52 UTC 2020 /home/travis/build/icyphy/ptII/ptolemy/actor/lib/test/auto/Clock11.xml
----------------- Instantiating /home/travis/build/icyphy/ptII/ptolemy/actor/lib/test/auto/Clock11.xml
4 ms. Memory: 282624K Free: 140030K (50%)
----------------- Invoking toplevel() on ptolemy.moml.MoMLSimpleApplication@5e9e04e5
----------------- Done invoking toplevel() on ptolemy.moml.MoMLSimpleApplication@5e9e04e5
reloadAllAccessors: .Clock11

===========================================================================================
----------------- testing Mon Sep 07 15:41:52 UTC 2020 /home/travis/build/icyphy/ptII/ptolemy/actor/lib/test/auto/Clock12.xml
----------------- Instantiating /home/travis/build/icyphy/ptII/ptolemy/actor/lib/test/auto/Clock12.xml
4 ms. Memory: 282624K Free: 133886K (47%)
----------------- Invoking toplevel() on ptolemy.moml.MoMLSimpleApplication@581f1e44
----------------- Done invoking toplevel() on ptolemy.moml.MoMLSimpleApplication@581f1e44
reloadAllAccessors: .Clock12

===========================================================================================
----------------- testing Mon Sep 07 15:41:52 UTC 2020 /home/travis/build/icyphy/ptII/ptolemy/actor/lib/test/auto/Clock13.xml
----------------- Instantiating /home/travis/build/icyphy/ptII/ptolemy/actor/lib/test/auto/Clock13.xml
2 ms. Memory: 282624K Free: 128256K (45%)
----------------- Invoking toplevel() on ptolemy.moml.MoMLSimpleApplication@7b2e3850
----------------- Done invoking toplevel() on ptolemy.moml.MoMLSimpleApplication@7b2e3850
reloadAllAccessors: .Clock13

===========================================================================================
----------------- testing Mon Sep 07 15:41:52 UTC 2020 /home/travis/build/icyphy/ptII/ptolemy/actor/lib/test/auto/Clock14.xml
----------------- Instantiating /home/travis/build/icyphy/ptII/ptolemy/actor/lib/test/auto/Clock14.xml
2 ms. Memory: 282624K Free: 122112K (43%)
----------------- Invoking toplevel() on ptolemy.moml.MoMLSimpleApplication@6c2cd4cb
----------------- Done invoking toplevel() on ptolemy.moml.MoMLSimpleApplication@6c2cd4cb
reloadAllAccessors: .Clock14

===========================================================================================
----------------- testing Mon Sep 07 15:41:52 UTC 2020 /home/travis/build/icyphy/ptII/ptolemy/actor/lib/test/auto/Clock15.xml
----------------- Instantiating /home/travis/build/icyphy/ptII/ptolemy/actor/lib/test/auto/Clock15.xml
4 ms. Memory: 282624K Free: 116471K (41%)
----------------- Invoking toplevel() on ptolemy.moml.MoMLSimpleApplication@741b6a36
----------------- Done invoking toplevel() on ptolemy.moml.MoMLSimpleApplication@741b6a36
reloadAllAccessors: .Clock15

===========================================================================================
----------------- testing Mon Sep 07 15:41:52 UTC 2020 /home/travis/build/icyphy/ptII/ptolemy/actor/lib/test/auto/Clock16.xml
----------------- Instantiating /home/travis/build/icyphy/ptII/ptolemy/actor/lib/test/auto/Clock16.xml
43 ms. Memory: 282624K Free: 101118K (36%)
----------------- Invoking toplevel() on ptolemy.moml.MoMLSimpleApplication@30dacc06
----------------- Done invoking toplevel() on ptolemy.moml.MoMLSimpleApplication@30dacc06
reloadAllAccessors: .Clock16

===========================================================================================
----------------- testing Mon Sep 07 15:41:52 UTC 2020 /home/travis/build/icyphy/ptII/ptolemy/actor/lib/test/auto/Clock17.xml
----------------- Instantiating /home/travis/build/icyphy/ptII/ptolemy/actor/lib/test/auto/Clock17.xml
28 ms. Memory: 282624K Free: 87296K (31%)
----------------- Invoking toplevel() on ptolemy.moml.MoMLSimpleApplication@4e5d7bcf
----------------- Done invoking toplevel() on ptolemy.moml.MoMLSimpleApplication@4e5d7bcf
reloadAllAccessors: .Clock17

===========================================================================================
----------------- testing Mon Sep 07 15:41:52 UTC 2020 /home/travis/build/icyphy/ptII/ptolemy/actor/lib/test/auto/Clock18.xml
----------------- Instantiating /home/travis/build/icyphy/ptII/ptolemy/actor/lib/test/auto/Clock18.xml
18 ms. Memory: 282624K Free: 73455K (26%)
----------------- Invoking toplevel() on ptolemy.moml.MoMLSimpleApplication@3d7696c2
----------------- Done invoking toplevel() on ptolemy.moml.MoMLSimpleApplication@3d7696c2
reloadAllAccessors: .Clock18

===========================================================================================
----------------- testing Mon Sep 07 15:41:52 UTC 2020 /home/travis/build/icyphy/ptII/ptolemy/actor/lib/test/auto/Clock19.xml
----------------- Instantiating /home/travis/build/icyphy/ptII/ptolemy/actor/lib/test/auto/Clock19.xml
13 ms. Memory: 282624K Free: 226560K (80%)
----------------- Invoking toplevel() on ptolemy.moml.MoMLSimpleApplication@5a36e17f
----------------- Done invoking toplevel() on ptolemy.moml.MoMLSimpleApplication@5a36e17f
reloadAllAccessors: .Clock19

===========================================================================================
----------------- testing Mon Sep 07 15:41:52 UTC 2020 /home/travis/build/icyphy/ptII/ptolemy/actor/lib/test/auto/Clock2.xml
----------------- Instantiating /home/travis/build/icyphy/ptII/ptolemy/actor/lib/test/auto/Clock2.xml
7 ms. Memory: 282624K Free: 221440K (78%)
----------------- Invoking toplevel() on ptolemy.moml.MoMLSimpleApplication@95425dd
----------------- Done invoking toplevel() on ptolemy.moml.MoMLSimpleApplication@95425dd
reloadAllAccessors: .Clock2

===========================================================================================
----------------- testing Mon Sep 07 15:41:52 UTC 2020 /home/travis/build/icyphy/ptII/ptolemy/actor/lib/test/auto/Clock20.xml
----------------- Instantiating /home/travis/build/icyphy/ptII/ptolemy/actor/lib/test/auto/Clock20.xml
9 ms. Memory: 282624K Free: 215806K (76%)
----------------- Invoking toplevel() on ptolemy.moml.MoMLSimpleApplication@48d30777
----------------- Done invoking toplevel() on ptolemy.moml.MoMLSimpleApplication@48d30777
reloadAllAccessors: .Clock20

===========================================================================================
----------------- testing Mon Sep 07 15:41:52 UTC 2020 /home/travis/build/icyphy/ptII/ptolemy/actor/lib/test/auto/Clock21.xml
----------------- Instantiating /home/travis/build/icyphy/ptII/ptolemy/actor/lib/test/auto/Clock21.xml
7 ms. Memory: 282624K Free: 210686K (75%)
----------------- Invoking toplevel() on ptolemy.moml.MoMLSimpleApplication@d228d12
----------------- Done invoking toplevel() on ptolemy.moml.MoMLSimpleApplication@d228d12
reloadAllAccessors: .Clock21

===========================================================================================
----------------- testing Mon Sep 07 15:41:52 UTC 2020 /home/travis/build/icyphy/ptII/ptolemy/actor/lib/test/auto/Clock22.xml
----------------- Instantiating /home/travis/build/icyphy/ptII/ptolemy/actor/lib/test/auto/Clock22.xml
5 ms. Memory: 282624K Free: 205056K (73%)
----------------- Invoking toplevel() on ptolemy.moml.MoMLSimpleApplication@531e70f9
----------------- Done invoking toplevel() on ptolemy.moml.MoMLSimpleApplication@531e70f9
reloadAllAccessors: .Clock22

===========================================================================================
----------------- testing Mon Sep 07 15:41:52 UTC 2020 /home/travis/build/icyphy/ptII/ptolemy/actor/lib/test/auto/Clock23.xml
----------------- Instantiating /home/travis/build/icyphy/ptII/ptolemy/actor/lib/test/auto/Clock23.xml
6 ms. Memory: 282624K Free: 199936K (71%)
----------------- Invoking toplevel() on ptolemy.moml.MoMLSimpleApplication@2bed8491
----------------- Done invoking toplevel() on ptolemy.moml.MoMLSimpleApplication@2bed8491
reloadAllAccessors: .Clock23

===========================================================================================
----------------- testing Mon Sep 07 15:41:52 UTC 2020 /home/travis/build/icyphy/ptII/ptolemy/actor/lib/test/auto/Clock24.xml
----------------- Instantiating /home/travis/build/icyphy/ptII/ptolemy/actor/lib/test/auto/Clock24.xml
4 ms. Memory: 282624K Free: 194302K (69%)
----------------- Invoking toplevel() on ptolemy.moml.MoMLSimpleApplication@7ef206f3
----------------- Done invoking toplevel() on ptolemy.moml.MoMLSimpleApplication@7ef206f3
reloadAllAccessors: .Clock24

===========================================================================================
----------------- testing Mon Sep 07 15:41:52 UTC 2020 /home/travis/build/icyphy/ptII/ptolemy/actor/lib/test/auto/Clock4.xml
----------------- Instantiating /home/travis/build/icyphy/ptII/ptolemy/actor/lib/test/auto/Clock4.xml
1 ms. Memory: 282624K Free: 189696K (67%)
----------------- Invoking toplevel() on ptolemy.moml.MoMLSimpleApplication@3295f584
----------------- Done invoking toplevel() on ptolemy.moml.MoMLSimpleApplication@3295f584
reloadAllAccessors: .Clock4

===========================================================================================
----------------- testing Mon Sep 07 15:41:52 UTC 2020 /home/travis/build/icyphy/ptII/ptolemy/actor/lib/test/auto/Clock5.xml
----------------- Instantiating /home/travis/build/icyphy/ptII/ptolemy/actor/lib/test/auto/Clock5.xml
1 ms. Memory: 282624K Free: 184062K (65%)
----------------- Invoking toplevel() on ptolemy.moml.MoMLSimpleApplication@2e24587f
----------------- Done invoking toplevel() on ptolemy.moml.MoMLSimpleApplication@2e24587f
reloadAllAccessors: .Clock5

===========================================================================================
----------------- testing Mon Sep 07 15:41:52 UTC 2020 /home/travis/build/icyphy/ptII/ptolemy/actor/lib/test/auto/Clock6.xml
----------------- Instantiating /home/travis/build/icyphy/ptII/ptolemy/actor/lib/test/auto/Clock6.xml
1 ms. Memory: 282624K Free: 179456K (63%)
----------------- Invoking toplevel() on ptolemy.moml.MoMLSimpleApplication@6f843378
----------------- Done invoking toplevel() on ptolemy.moml.MoMLSimpleApplication@6f843378
reloadAllAccessors: .Clock6

===========================================================================================
----------------- testing Mon Sep 07 15:41:52 UTC 2020 /home/travis/build/icyphy/ptII/ptolemy/actor/lib/test/auto/Clock7.xml
----------------- Instantiating /home/travis/build/icyphy/ptII/ptolemy/actor/lib/test/auto/Clock7.xml
1 ms. Memory: 282624K Free: 174846K (62%)
----------------- Invoking toplevel() on ptolemy.moml.MoMLSimpleApplication@55da07a8
----------------- Done invoking toplevel() on ptolemy.moml.MoMLSimpleApplication@55da07a8
reloadAllAccessors: .Clock7

===========================================================================================
----------------- testing Mon Sep 07 15:41:52 UTC 2020 /home/travis/build/icyphy/ptII/ptolemy/actor/lib/test/auto/Clock8.xml
----------------- Instantiating /home/travis/build/icyphy/ptII/ptolemy/actor/lib/test/auto/Clock8.xml
4 ms. Memory: 282624K Free: 169216K (60%)
----------------- Invoking toplevel() on ptolemy.moml.MoMLSimpleApplication@1e9f65fa
----------------- Done invoking toplevel() on ptolemy.moml.MoMLSimpleApplication@1e9f65fa
reloadAllAccessors: .Clock8

===========================================================================================
----------------- testing Mon Sep 07 15:41:52 UTC 2020 /home/travis/build/icyphy/ptII/ptolemy/actor/lib/test/auto/Clock9.xml
----------------- Instantiating /home/travis/build/icyphy/ptII/ptolemy/actor/lib/test/auto/Clock9.xml
6 ms. Memory: 282624K Free: 164096K (58%)
----------------- Invoking toplevel() on ptolemy.moml.MoMLSimpleApplication@3e652b71
----------------- Done invoking toplevel() on ptolemy.moml.MoMLSimpleApplication@3e652b71
reloadAllAccessors: .Clock9

===========================================================================================
----------------- testing Mon Sep 07 15:41:52 UTC 2020 /home/travis/build/icyphy/ptII/ptolemy/actor/lib/test/auto/CommDistDiscard.xml
----------------- Instantiating /home/travis/build/icyphy/ptII/ptolemy/actor/lib/test/auto/CommDistDiscard.xml
3 ms. Memory: 282624K Free: 158462K (56%)
----------------- Invoking toplevel() on ptolemy.moml.MoMLSimpleApplication@35fa52ec
----------------- Done invoking toplevel() on ptolemy.moml.MoMLSimpleApplication@35fa52ec
reloadAllAccessors: .CommDistDiscard

===========================================================================================
----------------- testing Mon Sep 07 15:41:52 UTC 2020 /home/travis/build/icyphy/ptII/ptolemy/actor/lib/test/auto/Commutator.xml
----------------- Instantiating /home/travis/build/icyphy/ptII/ptolemy/actor/lib/test/auto/Commutator.xml
4 ms. Memory: 282624K Free: 153856K (54%)
----------------- Invoking toplevel() on ptolemy.moml.MoMLSimpleApplication@488f9322
----------------- Done invoking toplevel() on ptolemy.moml.MoMLSimpleApplication@488f9322
reloadAllAccessors: .Commutator

===========================================================================================
----------------- testing Mon Sep 07 15:41:53 UTC 2020 /home/travis/build/icyphy/ptII/ptolemy/actor/lib/test/auto/Commutator2.xml
----------------- Instantiating /home/travis/build/icyphy/ptII/ptolemy/actor/lib/test/auto/Commutator2.xml
2 ms. Memory: 282624K Free: 149760K (53%)
----------------- Invoking toplevel() on ptolemy.moml.MoMLSimpleApplication@701ec560
----------------- Done invoking toplevel() on ptolemy.moml.MoMLSimpleApplication@701ec560
reloadAllAccessors: .Commutator2

===========================================================================================
----------------- testing Mon Sep 07 15:41:53 UTC 2020 /home/travis/build/icyphy/ptII/ptolemy/actor/lib/test/auto/Commutator3.xml
----------------- Instantiating /home/travis/build/icyphy/ptII/ptolemy/actor/lib/test/auto/Commutator3.xml
2 ms. Memory: 282624K Free: 145150K (51%)
----------------- Invoking toplevel() on ptolemy.moml.MoMLSimpleApplication@7209f89c
----------------- Done invoking toplevel() on ptolemy.moml.MoMLSimpleApplication@7209f89c
reloadAllAccessors: .Commutator3

===========================================================================================
----------------- testing Mon Sep 07 15:41:53 UTC 2020 /home/travis/build/icyphy/ptII/ptolemy/actor/lib/test/auto/Compare.xml
----------------- Instantiating /home/travis/build/icyphy/ptII/ptolemy/actor/lib/test/auto/Compare.xml
3 ms. Memory: 282624K Free: 139006K (49%)
----------------- Invoking toplevel() on ptolemy.moml.MoMLSimpleApplication@63c22689
----------------- Done invoking toplevel() on ptolemy.moml.MoMLSimpleApplication@63c22689
reloadAllAccessors: .Compare

===========================================================================================
----------------- testing Mon Sep 07 15:41:53 UTC 2020 /home/travis/build/icyphy/ptII/ptolemy/actor/lib/test/auto/CompareDE.xml
----------------- Instantiating /home/travis/build/icyphy/ptII/ptolemy/actor/lib/test/auto/CompareDE.xml
3 ms. Memory: 282624K Free: 131823K (47%)
----------------- Invoking toplevel() on ptolemy.moml.MoMLSimpleApplication@f5fb0eb
----------------- Done invoking toplevel() on ptolemy.moml.MoMLSimpleApplication@f5fb0eb
reloadAllAccessors: .CompareDE

===========================================================================================
----------------- testing Mon Sep 07 15:41:53 UTC 2020 /home/travis/build/icyphy/ptII/ptolemy/actor/lib/test/auto/ComplexDivide.xml
----------------- Instantiating /home/travis/build/icyphy/ptII/ptolemy/actor/lib/test/auto/ComplexDivide.xml
2 ms. Memory: 282624K Free: 127742K (45%)
----------------- Invoking toplevel() on ptolemy.moml.MoMLSimpleApplication@20c239ab
----------------- Done invoking toplevel() on ptolemy.moml.MoMLSimpleApplication@20c239ab
reloadAllAccessors: .ComplexDivide

===========================================================================================
----------------- testing Mon Sep 07 15:41:53 UTC 2020 /home/travis/build/icyphy/ptII/ptolemy/actor/lib/test/auto/ComputeHistogram.xml
----------------- Instantiating /home/travis/build/icyphy/ptII/ptolemy/actor/lib/test/auto/ComputeHistogram.xml
32 ms. Memory: 282624K Free: 115454K (41%)
----------------- Invoking toplevel() on ptolemy.moml.MoMLSimpleApplication@3e988df3
----------------- Done invoking toplevel() on ptolemy.moml.MoMLSimpleApplication@3e988df3
reloadAllAccessors: .ComputeHistogram

===========================================================================================
----------------- testing Mon Sep 07 15:41:53 UTC 2020 /home/travis/build/icyphy/ptII/ptolemy/actor/lib/test/auto/ConfigurationSelect.xml
----------------- Instantiating /home/travis/build/icyphy/ptII/ptolemy/actor/lib/test/auto/ConfigurationSelect.xml
8 ms. Memory: 282624K Free: 109824K (39%)
----------------- Invoking toplevel() on ptolemy.moml.MoMLSimpleApplication@1f984275
----------------- Done invoking toplevel() on ptolemy.moml.MoMLSimpleApplication@1f984275
reloadAllAccessors: .ConfigurationSelect

===========================================================================================
----------------- testing Mon Sep 07 15:41:53 UTC 2020 /home/travis/build/icyphy/ptII/ptolemy/actor/lib/test/auto/ConfigurationSelect2.xml
----------------- Instantiating /home/travis/build/icyphy/ptII/ptolemy/actor/lib/test/auto/ConfigurationSelect2.xml
2 ms. Memory: 282624K Free: 105214K (37%)
----------------- Invoking toplevel() on ptolemy.moml.MoMLSimpleApplication@28a454
----------------- Done invoking toplevel() on ptolemy.moml.MoMLSimpleApplication@28a454
reloadAllAccessors: .ConfigurationSelect2

===========================================================================================
----------------- testing Mon Sep 07 15:41:53 UTC 2020 /home/travis/build/icyphy/ptII/ptolemy/actor/lib/test/auto/ConfigurationSwitch.xml
----------------- Instantiating /home/travis/build/icyphy/ptII/ptolemy/actor/lib/test/auto/ConfigurationSwitch.xml
1 ms. Memory: 282624K Free: 100094K (35%)
----------------- Invoking toplevel() on ptolemy.moml.MoMLSimpleApplication@5caf59cf
----------------- Done invoking toplevel() on ptolemy.moml.MoMLSimpleApplication@5caf59cf
reloadAllAccessors: .ConfigurationSwitch

===========================================================================================
----------------- testing Mon Sep 07 15:41:53 UTC 2020 /home/travis/build/icyphy/ptII/ptolemy/actor/lib/test/auto/ConfigurationSwitch2.xml
----------------- Instantiating /home/travis/build/icyphy/ptII/ptolemy/actor/lib/test/auto/ConfigurationSwitch2.xml
1 ms. Memory: 282624K Free: 94464K (33%)
----------------- Invoking toplevel() on ptolemy.moml.MoMLSimpleApplication@6a413256
----------------- Done invoking toplevel() on ptolemy.moml.MoMLSimpleApplication@6a413256
reloadAllAccessors: .ConfigurationSwitch2

===========================================================================================
----------------- testing Mon Sep 07 15:41:53 UTC 2020 /home/travis/build/icyphy/ptII/ptolemy/actor/lib/test/auto/ConfigurationSwitchCloningBugWithClassRelationGroup.xml
----------------- Instantiating /home/travis/build/icyphy/ptII/ptolemy/actor/lib/test/auto/ConfigurationSwitchCloningBugWithClassRelationGroup.xml
1 ms. Memory: 282624K Free: 88320K (31%)
----------------- Invoking toplevel() on ptolemy.moml.MoMLSimpleApplication@75cc8f11
----------------- Done invoking toplevel() on ptolemy.moml.MoMLSimpleApplication@75cc8f11
reloadAllAccessors: .ConfigurationSwitchCloningBugWithClassRelationGroup

===========================================================================================
----------------- testing Mon Sep 07 15:41:53 UTC 2020 /home/travis/build/icyphy/ptII/ptolemy/actor/lib/test/auto/ConfigurationSwitchSelectSDF.xml
----------------- Instantiating /home/travis/build/icyphy/ptII/ptolemy/actor/lib/test/auto/ConfigurationSwitchSelectSDF.xml
2 ms. Memory: 282624K Free: 82176K (29%)
----------------- Invoking toplevel() on ptolemy.moml.MoMLSimpleApplication@1c1f2207
----------------- Done invoking toplevel() on ptolemy.moml.MoMLSimpleApplication@1c1f2207
reloadAllAccessors: .ConfigurationSwitchSelectSDF

===========================================================================================
----------------- testing Mon Sep 07 15:41:53 UTC 2020 /home/travis/build/icyphy/ptII/ptolemy/actor/lib/test/auto/ConfigurationSwitchSelectSDF2.xml
----------------- Instantiating /home/travis/build/icyphy/ptII/ptolemy/actor/lib/test/auto/ConfigurationSwitchSelectSDF2.xml
2 ms. Memory: 282624K Free: 76032K (27%)
----------------- Invoking toplevel() on ptolemy.moml.MoMLSimpleApplication@426b0159
----------------- Done invoking toplevel() on ptolemy.moml.MoMLSimpleApplication@426b0159
reloadAllAccessors: .ConfigurationSwitchSelectSDF2

===========================================================================================
----------------- testing Mon Sep 07 15:41:53 UTC 2020 /home/travis/build/icyphy/ptII/ptolemy/actor/lib/test/auto/Const.xml
----------------- Instantiating /home/travis/build/icyphy/ptII/ptolemy/actor/lib/test/auto/Const.xml
1 ms. Memory: 282624K Free: 72960K (26%)
----------------- Invoking toplevel() on ptolemy.moml.MoMLSimpleApplication@43f61373
----------------- Done invoking toplevel() on ptolemy.moml.MoMLSimpleApplication@43f61373
reloadAllAccessors: .Const

===========================================================================================
----------------- testing Mon Sep 07 15:41:53 UTC 2020 /home/travis/build/icyphy/ptII/ptolemy/actor/lib/test/auto/Const2.xml
----------------- Instantiating /home/travis/build/icyphy/ptII/ptolemy/actor/lib/test/auto/Const2.xml
1 ms. Memory: 282624K Free: 68864K (24%)
----------------- Invoking toplevel() on ptolemy.moml.MoMLSimpleApplication@5b3ebffb
----------------- Done invoking toplevel() on ptolemy.moml.MoMLSimpleApplication@5b3ebffb
reloadAllAccessors: .Const2

===========================================================================================
----------------- testing Mon Sep 07 15:41:53 UTC 2020 /home/travis/build/icyphy/ptII/ptolemy/actor/lib/test/auto/Const3.xml
----------------- Instantiating /home/travis/build/icyphy/ptII/ptolemy/actor/lib/test/auto/Const3.xml
1 ms. Memory: 282624K Free: 232792K (82%)
----------------- Invoking toplevel() on ptolemy.moml.MoMLSimpleApplication@3ebd89f
----------------- Done invoking toplevel() on ptolemy.moml.MoMLSimpleApplication@3ebd89f
reloadAllAccessors: .Const3

===========================================================================================
----------------- testing Mon Sep 07 15:41:53 UTC 2020 /home/travis/build/icyphy/ptII/ptolemy/actor/lib/test/auto/ConstantPublisherPort1.xml
----------------- Instantiating /home/travis/build/icyphy/ptII/ptolemy/actor/lib/test/auto/ConstantPublisherPort1.xml
7 ms. Memory: 282624K Free: 224086K (79%)
----------------- Invoking toplevel() on ptolemy.moml.MoMLSimpleApplication@35788ed3
----------------- Done invoking toplevel() on ptolemy.moml.MoMLSimpleApplication@35788ed3
reloadAllAccessors: .ConstantPublisherPort1

===========================================================================================
----------------- testing Mon Sep 07 15:41:53 UTC 2020 /home/travis/build/icyphy/ptII/ptolemy/actor/lib/test/auto/ConstantPublisherPort2.xml
----------------- Instantiating /home/travis/build/icyphy/ptII/ptolemy/actor/lib/test/auto/ConstantPublisherPort2.xml
10 ms. Memory: 282624K Free: 216408K (77%)
----------------- Invoking toplevel() on ptolemy.moml.MoMLSimpleApplication@3e5e5aca
----------------- Done invoking toplevel() on ptolemy.moml.MoMLSimpleApplication@3e5e5aca
reloadAllAccessors: .ConstantPublisherPort2

===========================================================================================
----------------- testing Mon Sep 07 15:41:53 UTC 2020 /home/travis/build/icyphy/ptII/ptolemy/actor/lib/test/auto/ConstantPublisherPort3.xml
----------------- Instantiating /home/travis/build/icyphy/ptII/ptolemy/actor/lib/test/auto/ConstantPublisherPort3.xml
5 ms. Memory: 282624K Free: 208216K (74%)
----------------- Invoking toplevel() on ptolemy.moml.MoMLSimpleApplication@7e0357a1
----------------- Done invoking toplevel() on ptolemy.moml.MoMLSimpleApplication@7e0357a1
reloadAllAccessors: .ConstantPublisherPort3

===========================================================================================
----------------- testing Mon Sep 07 15:41:53 UTC 2020 /home/travis/build/icyphy/ptII/ptolemy/actor/lib/test/auto/ConstantPublisherPort4.xml
----------------- Instantiating /home/travis/build/icyphy/ptII/ptolemy/actor/lib/test/auto/ConstantPublisherPort4.xml
2 ms. Memory: 282624K Free: 201558K (71%)
----------------- Invoking toplevel() on ptolemy.moml.MoMLSimpleApplication@20fe1787
----------------- Done invoking toplevel() on ptolemy.moml.MoMLSimpleApplication@20fe1787
reloadAllAccessors: .ConstantPublisherPort4

===========================================================================================
----------------- testing Mon Sep 07 15:41:53 UTC 2020 /home/travis/build/icyphy/ptII/ptolemy/actor/lib/test/auto/ConstantPublisherPort5.xml
----------------- Instantiating /home/travis/build/icyphy/ptII/ptolemy/actor/lib/test/auto/ConstantPublisherPort5.xml
25 ms. Memory: 282624K Free: 191832K (68%)
----------------- Invoking toplevel() on ptolemy.moml.MoMLSimpleApplication@3d1b4561
----------------- Done invoking toplevel() on ptolemy.moml.MoMLSimpleApplication@3d1b4561
reloadAllAccessors: .ConstantPublisherPort5

===========================================================================================
----------------- testing Mon Sep 07 15:41:53 UTC 2020 /home/travis/build/icyphy/ptII/ptolemy/actor/lib/test/auto/ConstantPublisherPort6.xml
----------------- Instantiating /home/travis/build/icyphy/ptII/ptolemy/actor/lib/test/auto/ConstantPublisherPort6.xml
13 ms. Memory: 282624K Free: 183126K (65%)
----------------- Invoking toplevel() on ptolemy.moml.MoMLSimpleApplication@4d7b704
----------------- Done invoking toplevel() on ptolemy.moml.MoMLSimpleApplication@4d7b704
reloadAllAccessors: .ConstantPublisherPort6

===========================================================================================
----------------- testing Mon Sep 07 15:41:53 UTC 2020 /home/travis/build/icyphy/ptII/ptolemy/actor/lib/test/auto/ConstantPublisherPort7.xml
----------------- Instantiating /home/travis/build/icyphy/ptII/ptolemy/actor/lib/test/auto/ConstantPublisherPort7.xml
14 ms. Memory: 282624K Free: 173910K (62%)
----------------- Invoking toplevel() on ptolemy.moml.MoMLSimpleApplication@5a708af7
----------------- Done invoking toplevel() on ptolemy.moml.MoMLSimpleApplication@5a708af7
reloadAllAccessors: .ConstantPublisherPort7

===========================================================================================
----------------- testing Mon Sep 07 15:41:53 UTC 2020 /home/travis/build/icyphy/ptII/ptolemy/actor/lib/test/auto/ConstraintMonitor1.xml
----------------- Instantiating /home/travis/build/icyphy/ptII/ptolemy/actor/lib/test/auto/ConstraintMonitor1.xml
5 ms. Memory: 282624K Free: 168790K (60%)
----------------- Invoking toplevel() on ptolemy.moml.MoMLSimpleApplication@3f3c07ef
----------------- Done invoking toplevel() on ptolemy.moml.MoMLSimpleApplication@3f3c07ef
reloadAllAccessors: .ConstraintMonitor1

===========================================================================================
----------------- testing Mon Sep 07 15:41:53 UTC 2020 /home/travis/build/icyphy/ptII/ptolemy/actor/lib/test/auto/ConstraintMonitor2.xml
----------------- Instantiating /home/travis/build/icyphy/ptII/ptolemy/actor/lib/test/auto/ConstraintMonitor2.xml
3 ms. Memory: 282624K Free: 164184K (58%)
----------------- Invoking toplevel() on ptolemy.moml.MoMLSimpleApplication@28faf32a
----------------- Done invoking toplevel() on ptolemy.moml.MoMLSimpleApplication@28faf32a
reloadAllAccessors: .ConstraintMonitor2

===========================================================================================
----------------- testing Mon Sep 07 15:41:53 UTC 2020 /home/travis/build/icyphy/ptII/ptolemy/actor/lib/test/auto/ConstraintMonitor3.xml
----------------- Instantiating /home/travis/build/icyphy/ptII/ptolemy/actor/lib/test/auto/ConstraintMonitor3.xml
1 ms. Memory: 282624K Free: 159574K (56%)
----------------- Invoking toplevel() on ptolemy.moml.MoMLSimpleApplication@5feb32c7
----------------- Done invoking toplevel() on ptolemy.moml.MoMLSimpleApplication@5feb32c7
reloadAllAccessors: .ConstraintMonitor3

===========================================================================================
----------------- testing Mon Sep 07 15:41:53 UTC 2020 /home/travis/build/icyphy/ptII/ptolemy/actor/lib/test/auto/ConstraintMonitor4.xml
----------------- Instantiating /home/travis/build/icyphy/ptII/ptolemy/actor/lib/test/auto/ConstraintMonitor4.xml
6 ms. Memory: 282624K Free: 154454K (55%)
----------------- Invoking toplevel() on ptolemy.moml.MoMLSimpleApplication@3da78c33
----------------- Done invoking toplevel() on ptolemy.moml.MoMLSimpleApplication@3da78c33
reloadAllAccessors: .ConstraintMonitor4

===========================================================================================
----------------- testing Mon Sep 07 15:41:53 UTC 2020 /home/travis/build/icyphy/ptII/ptolemy/actor/lib/test/auto/ConstraintMonitor5.xml
----------------- Instantiating /home/travis/build/icyphy/ptII/ptolemy/actor/lib/test/auto/ConstraintMonitor5.xml
7 ms. Memory: 282624K Free: 149848K (53%)
----------------- Invoking toplevel() on ptolemy.moml.MoMLSimpleApplication@7efb7ec2
----------------- Done invoking toplevel() on ptolemy.moml.MoMLSimpleApplication@7efb7ec2
reloadAllAccessors: .ConstraintMonitor5

===========================================================================================
----------------- testing Mon Sep 07 15:41:53 UTC 2020 /home/travis/build/icyphy/ptII/ptolemy/actor/lib/test/auto/ConstraintMonitor6.xml
----------------- Instantiating /home/travis/build/icyphy/ptII/ptolemy/actor/lib/test/auto/ConstraintMonitor6.xml
5 ms. Memory: 282624K Free: 143160K (51%)
----------------- Invoking toplevel() on ptolemy.moml.MoMLSimpleApplication@662c61cf
----------------- Done invoking toplevel() on ptolemy.moml.MoMLSimpleApplication@662c61cf
reloadAllAccessors: .ConstraintMonitor6

===========================================================================================
----------------- testing Mon Sep 07 15:41:53 UTC 2020 /home/travis/build/icyphy/ptII/ptolemy/actor/lib/test/auto/ConstraintMonitor7.xml
----------------- Instantiating /home/travis/build/icyphy/ptII/ptolemy/actor/lib/test/auto/ConstraintMonitor7.xml
5 ms. Memory: 282624K Free: 136536K (48%)
----------------- Invoking toplevel() on ptolemy.moml.MoMLSimpleApplication@5cef36a1
----------------- Done invoking toplevel() on ptolemy.moml.MoMLSimpleApplication@5cef36a1
reloadAllAccessors: .ConstraintMonitor7

===========================================================================================
----------------- testing Mon Sep 07 15:41:53 UTC 2020 /home/travis/build/icyphy/ptII/ptolemy/actor/lib/test/auto/ConstraintMonitor8.xml
----------------- Instantiating /home/travis/build/icyphy/ptII/ptolemy/actor/lib/test/auto/ConstraintMonitor8.xml
3 ms. Memory: 282624K Free: 129368K (46%)
----------------- Invoking toplevel() on ptolemy.moml.MoMLSimpleApplication@7e873ab3
----------------- Done invoking toplevel() on ptolemy.moml.MoMLSimpleApplication@7e873ab3
reloadAllAccessors: .ConstraintMonitor8

===========================================================================================
----------------- testing Mon Sep 07 15:41:53 UTC 2020 /home/travis/build/icyphy/ptII/ptolemy/actor/lib/test/auto/Counter.xml
----------------- Instantiating /home/travis/build/icyphy/ptII/ptolemy/actor/lib/test/auto/Counter.xml
2 ms. Memory: 282624K Free: 123734K (44%)
----------------- Invoking toplevel() on ptolemy.moml.MoMLSimpleApplication@1423d1
----------------- Done invoking toplevel() on ptolemy.moml.MoMLSimpleApplication@1423d1
reloadAllAccessors: .Counter

===========================================================================================
----------------- testing Mon Sep 07 15:41:53 UTC 2020 /home/travis/build/icyphy/ptII/ptolemy/actor/lib/test/auto/CurrentTimeSDF.xml
----------------- Instantiating /home/travis/build/icyphy/ptII/ptolemy/actor/lib/test/auto/CurrentTimeSDF.xml
1 ms. Memory: 282624K Free: 119638K (42%)
----------------- Invoking toplevel() on ptolemy.moml.MoMLSimpleApplication@6fd08f89
----------------- Done invoking toplevel() on ptolemy.moml.MoMLSimpleApplication@6fd08f89
reloadAllAccessors: .CurrentTimeSDF

===========================================================================================
----------------- testing Mon Sep 07 15:41:53 UTC 2020 /home/travis/build/icyphy/ptII/ptolemy/actor/lib/test/auto/DB.xml
----------------- Instantiating /home/travis/build/icyphy/ptII/ptolemy/actor/lib/test/auto/DB.xml
1 ms. Memory: 282624K Free: 114518K (41%)
----------------- Invoking toplevel() on ptolemy.moml.MoMLSimpleApplication@5417250a
----------------- Done invoking toplevel() on ptolemy.moml.MoMLSimpleApplication@5417250a
reloadAllAccessors: .DB

===========================================================================================
----------------- testing Mon Sep 07 15:41:53 UTC 2020 /home/travis/build/icyphy/ptII/ptolemy/actor/lib/test/auto/DBDE.xml
----------------- Instantiating /home/travis/build/icyphy/ptII/ptolemy/actor/lib/test/auto/DBDE.xml
2 ms. Memory: 282624K Free: 108344K (38%)
----------------- Invoking toplevel() on ptolemy.moml.MoMLSimpleApplication@5419df7b
----------------- Done invoking toplevel() on ptolemy.moml.MoMLSimpleApplication@5419df7b
reloadAllAccessors: .DBDE

===========================================================================================
----------------- testing Mon Sep 07 15:41:53 UTC 2020 /home/travis/build/icyphy/ptII/ptolemy/actor/lib/test/auto/DateConstructor.xml
----------------- Instantiating /home/travis/build/icyphy/ptII/ptolemy/actor/lib/test/auto/DateConstructor.xml
20 ms. Memory: 282624K Free: 90966K (32%)
----------------- Invoking toplevel() on ptolemy.moml.MoMLSimpleApplication@41ae4e09
----------------- Done invoking toplevel() on ptolemy.moml.MoMLSimpleApplication@41ae4e09
reloadAllAccessors: .DateConstructor

===========================================================================================
----------------- testing Mon Sep 07 15:41:53 UTC 2020 /home/travis/build/icyphy/ptII/ptolemy/actor/lib/test/auto/DelayTime.xml
----------------- Instantiating /home/travis/build/icyphy/ptII/ptolemy/actor/lib/test/auto/DelayTime.xml
5 ms. Memory: 282624K Free: 86360K (31%)
----------------- Invoking toplevel() on ptolemy.moml.MoMLSimpleApplication@250cef08
----------------- Done invoking toplevel() on ptolemy.moml.MoMLSimpleApplication@250cef08
reloadAllAccessors: .DelayTime

===========================================================================================
----------------- testing Mon Sep 07 15:41:53 UTC 2020 /home/travis/build/icyphy/ptII/ptolemy/actor/lib/test/auto/Dictionary1.xml
----------------- Instantiating /home/travis/build/icyphy/ptII/ptolemy/actor/lib/test/auto/Dictionary1.xml
11 ms. Memory: 282624K Free: 80726K (29%)
----------------- Invoking toplevel() on ptolemy.moml.MoMLSimpleApplication@64525bed
----------------- Done invoking toplevel() on ptolemy.moml.MoMLSimpleApplication@64525bed
reloadAllAccessors: .Dictionary1

===========================================================================================
----------------- testing Mon Sep 07 15:41:53 UTC 2020 /home/travis/build/icyphy/ptII/ptolemy/actor/lib/test/auto/Dictionary2.xml
----------------- Instantiating /home/travis/build/icyphy/ptII/ptolemy/actor/lib/test/auto/Dictionary2.xml
2 ms. Memory: 282624K Free: 75096K (27%)
----------------- Invoking toplevel() on ptolemy.moml.MoMLSimpleApplication@b2884c4
----------------- Done invoking toplevel() on ptolemy.moml.MoMLSimpleApplication@b2884c4
reloadAllAccessors: .Dictionary2

===========================================================================================
----------------- testing Mon Sep 07 15:41:53 UTC 2020 /home/travis/build/icyphy/ptII/ptolemy/actor/lib/test/auto/Dictionary3.xml
----------------- Instantiating /home/travis/build/icyphy/ptII/ptolemy/actor/lib/test/auto/Dictionary3.xml
2 ms. Memory: 282624K Free: 69976K (25%)
----------------- Invoking toplevel() on ptolemy.moml.MoMLSimpleApplication@798bf12
----------------- Done invoking toplevel() on ptolemy.moml.MoMLSimpleApplication@798bf12
reloadAllAccessors: .Dictionary3

===========================================================================================
----------------- testing Mon Sep 07 15:41:53 UTC 2020 /home/travis/build/icyphy/ptII/ptolemy/actor/lib/test/auto/Dictionary4.xml
----------------- Instantiating /home/travis/build/icyphy/ptII/ptolemy/actor/lib/test/auto/Dictionary4.xml
7 ms. Memory: 506880K Free: 454036K (90%)
----------------- Invoking toplevel() on ptolemy.moml.MoMLSimpleApplication@67f16380
----------------- Done invoking toplevel() on ptolemy.moml.MoMLSimpleApplication@67f16380
reloadAllAccessors: .Dictionary4

===========================================================================================
----------------- testing Mon Sep 07 15:41:54 UTC 2020 /home/travis/build/icyphy/ptII/ptolemy/actor/lib/test/auto/Differential.xml
----------------- Instantiating /home/travis/build/icyphy/ptII/ptolemy/actor/lib/test/auto/Differential.xml
3 ms. Memory: 506880K Free: 449436K (89%)
----------------- Invoking toplevel() on ptolemy.moml.MoMLSimpleApplication@105f22f3
----------------- Done invoking toplevel() on ptolemy.moml.MoMLSimpleApplication@105f22f3
reloadAllAccessors: .Differential

===========================================================================================
----------------- testing Mon Sep 07 15:41:54 UTC 2020 /home/travis/build/icyphy/ptII/ptolemy/actor/lib/test/auto/Director.xml
----------------- Instantiating /home/travis/build/icyphy/ptII/ptolemy/actor/lib/test/auto/Director.xml
2 ms. Memory: 506880K Free: 445850K (88%)
----------------- Invoking toplevel() on ptolemy.moml.MoMLSimpleApplication@2fb63af3
----------------- Done invoking toplevel() on ptolemy.moml.MoMLSimpleApplication@2fb63af3
reloadAllAccessors: .Director

===========================================================================================
----------------- testing Mon Sep 07 15:41:54 UTC 2020 /home/travis/build/icyphy/ptII/ptolemy/actor/lib/test/auto/DiscreteClock.xml
----------------- Instantiating /home/travis/build/icyphy/ptII/ptolemy/actor/lib/test/auto/DiscreteClock.xml
1 ms. Memory: 506880K Free: 441754K (87%)
----------------- Invoking toplevel() on ptolemy.moml.MoMLSimpleApplication@67da5cd7
----------------- Done invoking toplevel() on ptolemy.moml.MoMLSimpleApplication@67da5cd7
reloadAllAccessors: .DiscreteClock

===========================================================================================
----------------- testing Mon Sep 07 15:41:54 UTC 2020 /home/travis/build/icyphy/ptII/ptolemy/actor/lib/test/auto/DiscreteClock10.xml
----------------- Instantiating /home/travis/build/icyphy/ptII/ptolemy/actor/lib/test/auto/DiscreteClock10.xml
4 ms. Memory: 506880K Free: 436124K (86%)
----------------- Invoking toplevel() on ptolemy.moml.MoMLSimpleApplication@74038fe5
----------------- Done invoking toplevel() on ptolemy.moml.MoMLSimpleApplication@74038fe5
reloadAllAccessors: .DiscreteClock10

===========================================================================================
----------------- testing Mon Sep 07 15:41:54 UTC 2020 /home/travis/build/icyphy/ptII/ptolemy/actor/lib/test/auto/DiscreteClock11.xml
----------------- Instantiating /home/travis/build/icyphy/ptII/ptolemy/actor/lib/test/auto/DiscreteClock11.xml
3 ms. Memory: 506880K Free: 429980K (85%)
----------------- Invoking toplevel() on ptolemy.moml.MoMLSimpleApplication@40114b8b
----------------- Done invoking toplevel() on ptolemy.moml.MoMLSimpleApplication@40114b8b
reloadAllAccessors: .DiscreteClock11

===========================================================================================
----------------- testing Mon Sep 07 15:41:54 UTC 2020 /home/travis/build/icyphy/ptII/ptolemy/actor/lib/test/auto/DiscreteClock12.xml
----------------- Instantiating /home/travis/build/icyphy/ptII/ptolemy/actor/lib/test/auto/DiscreteClock12.xml
3 ms. Memory: 506880K Free: 423836K (84%)
----------------- Invoking toplevel() on ptolemy.moml.MoMLSimpleApplication@5f5fe209
----------------- Done invoking toplevel() on ptolemy.moml.MoMLSimpleApplication@5f5fe209
reloadAllAccessors: .DiscreteClock12

===========================================================================================
----------------- testing Mon Sep 07 15:41:54 UTC 2020 /home/travis/build/icyphy/ptII/ptolemy/actor/lib/test/auto/DiscreteClock13.xml
----------------- Instantiating /home/travis/build/icyphy/ptII/ptolemy/actor/lib/test/auto/DiscreteClock13.xml
7 ms. Memory: 506880K Free: 417692K (82%)
----------------- Invoking toplevel() on ptolemy.moml.MoMLSimpleApplication@10266b2b
----------------- Done invoking toplevel() on ptolemy.moml.MoMLSimpleApplication@10266b2b
reloadAllAccessors: .DiscreteClock13

===========================================================================================
----------------- testing Mon Sep 07 15:41:54 UTC 2020 /home/travis/build/icyphy/ptII/ptolemy/actor/lib/test/auto/DiscreteClock14.xml
----------------- Instantiating /home/travis/build/icyphy/ptII/ptolemy/actor/lib/test/auto/DiscreteClock14.xml
5 ms. Memory: 506880K Free: 412025K (81%)
----------------- Invoking toplevel() on ptolemy.moml.MoMLSimpleApplication@4e46a50f
----------------- Done invoking toplevel() on ptolemy.moml.MoMLSimpleApplication@4e46a50f
reloadAllAccessors: .DiscreteClock14

===========================================================================================
----------------- testing Mon Sep 07 15:41:54 UTC 2020 /home/travis/build/icyphy/ptII/ptolemy/actor/lib/test/auto/DiscreteClock15.xml
----------------- Instantiating /home/travis/build/icyphy/ptII/ptolemy/actor/lib/test/auto/DiscreteClock15.xml
5 ms. Memory: 506880K Free: 405884K (80%)
----------------- Invoking toplevel() on ptolemy.moml.MoMLSimpleApplication@7ffecd54
----------------- Done invoking toplevel() on ptolemy.moml.MoMLSimpleApplication@7ffecd54
reloadAllAccessors: .DiscreteClock15

===========================================================================================
----------------- testing Mon Sep 07 15:41:54 UTC 2020 /home/travis/build/icyphy/ptII/ptolemy/actor/lib/test/auto/DiscreteClock16.xml
----------------- Instantiating /home/travis/build/icyphy/ptII/ptolemy/actor/lib/test/auto/DiscreteClock16.xml
18 ms. Memory: 506880K Free: 392092K (77%)
----------------- Invoking toplevel() on ptolemy.moml.MoMLSimpleApplication@134e791
----------------- Done invoking toplevel() on ptolemy.moml.MoMLSimpleApplication@134e791
reloadAllAccessors: .DiscreteClock16

===========================================================================================
----------------- testing Mon Sep 07 15:41:54 UTC 2020 /home/travis/build/icyphy/ptII/ptolemy/actor/lib/test/auto/DiscreteClock17.xml
----------------- Instantiating /home/travis/build/icyphy/ptII/ptolemy/actor/lib/test/auto/DiscreteClock17.xml
18 ms. Memory: 506880K Free: 377228K (74%)
----------------- Invoking toplevel() on ptolemy.moml.MoMLSimpleApplication@68897a31
----------------- Done invoking toplevel() on ptolemy.moml.MoMLSimpleApplication@68897a31
reloadAllAccessors: .DiscreteClock17

===========================================================================================
----------------- testing Mon Sep 07 15:41:54 UTC 2020 /home/travis/build/icyphy/ptII/ptolemy/actor/lib/test/auto/DiscreteClock18.xml
----------------- Instantiating /home/travis/build/icyphy/ptII/ptolemy/actor/lib/test/auto/DiscreteClock18.xml
22 ms. Memory: 506880K Free: 363930K (72%)
----------------- Invoking toplevel() on ptolemy.moml.MoMLSimpleApplication@35f4e6f1
----------------- Done invoking toplevel() on ptolemy.moml.MoMLSimpleApplication@35f4e6f1
reloadAllAccessors: .DiscreteClock18

===========================================================================================
----------------- testing Mon Sep 07 15:41:54 UTC 2020 /home/travis/build/icyphy/ptII/ptolemy/actor/lib/test/auto/DiscreteClock19.xml
----------------- Instantiating /home/travis/build/icyphy/ptII/ptolemy/actor/lib/test/auto/DiscreteClock19.xml
20 ms. Memory: 506880K Free: 350108K (69%)
----------------- Invoking toplevel() on ptolemy.moml.MoMLSimpleApplication@7e4817fc
----------------- Done invoking toplevel() on ptolemy.moml.MoMLSimpleApplication@7e4817fc
reloadAllAccessors: .DiscreteClock19

===========================================================================================
----------------- testing Mon Sep 07 15:41:54 UTC 2020 /home/travis/build/icyphy/ptII/ptolemy/actor/lib/test/auto/DiscreteClock2.xml
----------------- Instantiating /home/travis/build/icyphy/ptII/ptolemy/actor/lib/test/auto/DiscreteClock2.xml
5 ms. Memory: 506880K Free: 344988K (68%)
----------------- Invoking toplevel() on ptolemy.moml.MoMLSimpleApplication@55c82060
----------------- Done invoking toplevel() on ptolemy.moml.MoMLSimpleApplication@55c82060
reloadAllAccessors: .DiscreteClock2

===========================================================================================
----------------- testing Mon Sep 07 15:41:54 UTC 2020 /home/travis/build/icyphy/ptII/ptolemy/actor/lib/test/auto/DiscreteClock20.xml
----------------- Instantiating /home/travis/build/icyphy/ptII/ptolemy/actor/lib/test/auto/DiscreteClock20.xml
6 ms. Memory: 506880K Free: 339354K (67%)
----------------- Invoking toplevel() on ptolemy.moml.MoMLSimpleApplication@6409636
----------------- Done invoking toplevel() on ptolemy.moml.MoMLSimpleApplication@6409636
reloadAllAccessors: .DiscreteClock20

===========================================================================================
----------------- testing Mon Sep 07 15:41:54 UTC 2020 /home/travis/build/icyphy/ptII/ptolemy/actor/lib/test/auto/DiscreteClock21.xml
----------------- Instantiating /home/travis/build/icyphy/ptII/ptolemy/actor/lib/test/auto/DiscreteClock21.xml
9 ms. Memory: 506880K Free: 334234K (66%)
----------------- Invoking toplevel() on ptolemy.moml.MoMLSimpleApplication@1dac238a
----------------- Done invoking toplevel() on ptolemy.moml.MoMLSimpleApplication@1dac238a
reloadAllAccessors: .DiscreteClock21

===========================================================================================
----------------- testing Mon Sep 07 15:41:54 UTC 2020 /home/travis/build/icyphy/ptII/ptolemy/actor/lib/test/auto/DiscreteClock22.xml
----------------- Instantiating /home/travis/build/icyphy/ptII/ptolemy/actor/lib/test/auto/DiscreteClock22.xml
5 ms. Memory: 506880K Free: 328604K (65%)
----------------- Invoking toplevel() on ptolemy.moml.MoMLSimpleApplication@7c7bd5c9
----------------- Done invoking toplevel() on ptolemy.moml.MoMLSimpleApplication@7c7bd5c9
reloadAllAccessors: .DiscreteClock22

===========================================================================================
----------------- testing Mon Sep 07 15:41:54 UTC 2020 /home/travis/build/icyphy/ptII/ptolemy/actor/lib/test/auto/DiscreteClock23.xml
----------------- Instantiating /home/travis/build/icyphy/ptII/ptolemy/actor/lib/test/auto/DiscreteClock23.xml
6 ms. Memory: 506880K Free: 322970K (64%)
----------------- Invoking toplevel() on ptolemy.moml.MoMLSimpleApplication@59da2f67
----------------- Done invoking toplevel() on ptolemy.moml.MoMLSimpleApplication@59da2f67
reloadAllAccessors: .DiscreteClock23

===========================================================================================
----------------- testing Mon Sep 07 15:41:54 UTC 2020 /home/travis/build/icyphy/ptII/ptolemy/actor/lib/test/auto/DiscreteClock24.xml
----------------- Instantiating /home/travis/build/icyphy/ptII/ptolemy/actor/lib/test/auto/DiscreteClock24.xml
5 ms. Memory: 506880K Free: 317340K (63%)
----------------- Invoking toplevel() on ptolemy.moml.MoMLSimpleApplication@22e5a8b3
----------------- Done invoking toplevel() on ptolemy.moml.MoMLSimpleApplication@22e5a8b3
reloadAllAccessors: .DiscreteClock24

===========================================================================================
----------------- testing Mon Sep 07 15:41:54 UTC 2020 /home/travis/build/icyphy/ptII/ptolemy/actor/lib/test/auto/DiscreteClock4.xml
----------------- Instantiating /home/travis/build/icyphy/ptII/ptolemy/actor/lib/test/auto/DiscreteClock4.xml
4 ms. Memory: 506880K Free: 312220K (62%)
----------------- Invoking toplevel() on ptolemy.moml.MoMLSimpleApplication@37a549f0
----------------- Done invoking toplevel() on ptolemy.moml.MoMLSimpleApplication@37a549f0
reloadAllAccessors: .DiscreteClock4

===========================================================================================
----------------- testing Mon Sep 07 15:41:54 UTC 2020 /home/travis/build/icyphy/ptII/ptolemy/actor/lib/test/auto/DiscreteClock5.xml
----------------- Instantiating /home/travis/build/icyphy/ptII/ptolemy/actor/lib/test/auto/DiscreteClock5.xml
2 ms. Memory: 506880K Free: 306580K (60%)
----------------- Invoking toplevel() on ptolemy.moml.MoMLSimpleApplication@72391d1d
----------------- Done invoking toplevel() on ptolemy.moml.MoMLSimpleApplication@72391d1d
reloadAllAccessors: .DiscreteClock5

===========================================================================================
----------------- testing Mon Sep 07 15:41:54 UTC 2020 /home/travis/build/icyphy/ptII/ptolemy/actor/lib/test/auto/DiscreteClock6.xml
----------------- Instantiating /home/travis/build/icyphy/ptII/ptolemy/actor/lib/test/auto/DiscreteClock6.xml
1 ms. Memory: 506880K Free: 302476K (60%)
----------------- Invoking toplevel() on ptolemy.moml.MoMLSimpleApplication@fbf4fa2
----------------- Done invoking toplevel() on ptolemy.moml.MoMLSimpleApplication@fbf4fa2
reloadAllAccessors: .DiscreteClock6

===========================================================================================
----------------- testing Mon Sep 07 15:41:54 UTC 2020 /home/travis/build/icyphy/ptII/ptolemy/actor/lib/test/auto/DiscreteClock7.xml
----------------- Instantiating /home/travis/build/icyphy/ptII/ptolemy/actor/lib/test/auto/DiscreteClock7.xml
2 ms. Memory: 506880K Free: 297370K (59%)
----------------- Invoking toplevel() on ptolemy.moml.MoMLSimpleApplication@2c113159
----------------- Done invoking toplevel() on ptolemy.moml.MoMLSimpleApplication@2c113159
reloadAllAccessors: .DiscreteClock7

===========================================================================================
----------------- testing Mon Sep 07 15:41:54 UTC 2020 /home/travis/build/icyphy/ptII/ptolemy/actor/lib/test/auto/DiscreteClock8.xml
----------------- Instantiating /home/travis/build/icyphy/ptII/ptolemy/actor/lib/test/auto/DiscreteClock8.xml
5 ms. Memory: 506880K Free: 291740K (58%)
----------------- Invoking toplevel() on ptolemy.moml.MoMLSimpleApplication@27b7e44f
----------------- Done invoking toplevel() on ptolemy.moml.MoMLSimpleApplication@27b7e44f
reloadAllAccessors: .DiscreteClock8

===========================================================================================
----------------- testing Mon Sep 07 15:41:54 UTC 2020 /home/travis/build/icyphy/ptII/ptolemy/actor/lib/test/auto/DiscreteClock9.xml
----------------- Instantiating /home/travis/build/icyphy/ptII/ptolemy/actor/lib/test/auto/DiscreteClock9.xml
5 ms. Memory: 506880K Free: 286100K (56%)
----------------- Invoking toplevel() on ptolemy.moml.MoMLSimpleApplication@316315e4
----------------- Done invoking toplevel() on ptolemy.moml.MoMLSimpleApplication@316315e4
reloadAllAccessors: .DiscreteClock9

===========================================================================================
----------------- testing Mon Sep 07 15:41:54 UTC 2020 /home/travis/build/icyphy/ptII/ptolemy/actor/lib/test/auto/DisplayArray.xml
----------------- Instantiating /home/travis/build/icyphy/ptII/ptolemy/actor/lib/test/auto/DisplayArray.xml
1 ms. Memory: 506880K Free: 282524K (56%)
----------------- Invoking toplevel() on ptolemy.moml.MoMLSimpleApplication@47548ec2
----------------- Done invoking toplevel() on ptolemy.moml.MoMLSimpleApplication@47548ec2
reloadAllAccessors: .DisplayArray

===========================================================================================
----------------- testing Mon Sep 07 15:41:54 UTC 2020 /home/travis/build/icyphy/ptII/ptolemy/actor/lib/test/auto/Distributor.xml
----------------- Instantiating /home/travis/build/icyphy/ptII/ptolemy/actor/lib/test/auto/Distributor.xml
2 ms. Memory: 506880K Free: 277404K (55%)
----------------- Invoking toplevel() on ptolemy.moml.MoMLSimpleApplication@13950005
----------------- Done invoking toplevel() on ptolemy.moml.MoMLSimpleApplication@13950005
reloadAllAccessors: .Distributor

===========================================================================================
----------------- testing Mon Sep 07 15:41:54 UTC 2020 /home/travis/build/icyphy/ptII/ptolemy/actor/lib/test/auto/Distributor2.xml
----------------- Instantiating /home/travis/build/icyphy/ptII/ptolemy/actor/lib/test/auto/Distributor2.xml
2 ms. Memory: 506880K Free: 272284K (54%)
----------------- Invoking toplevel() on ptolemy.moml.MoMLSimpleApplication@10134f3a
----------------- Done invoking toplevel() on ptolemy.moml.MoMLSimpleApplication@10134f3a
reloadAllAccessors: .Distributor2

===========================================================================================
----------------- testing Mon Sep 07 15:41:54 UTC 2020 /home/travis/build/icyphy/ptII/ptolemy/actor/lib/test/auto/DownSample.xml
----------------- Instantiating /home/travis/build/icyphy/ptII/ptolemy/actor/lib/test/auto/DownSample.xml
1 ms. Memory: 506880K Free: 267674K (53%)
----------------- Invoking toplevel() on ptolemy.moml.MoMLSimpleApplication@cb0f419
----------------- Done invoking toplevel() on ptolemy.moml.MoMLSimpleApplication@cb0f419
reloadAllAccessors: .DownSample

===========================================================================================
----------------- testing Mon Sep 07 15:41:54 UTC 2020 /home/travis/build/icyphy/ptII/ptolemy/actor/lib/test/auto/ElectronicUnitBase1.xml
----------------- Instantiating /home/travis/build/icyphy/ptII/ptolemy/actor/lib/test/auto/ElectronicUnitBase1.xml
14 ms. Memory: 506880K Free: 251804K (50%)
----------------- Invoking toplevel() on ptolemy.moml.MoMLSimpleApplication@322e285a
----------------- Done invoking toplevel() on ptolemy.moml.MoMLSimpleApplication@322e285a
reloadAllAccessors: .ElectronicUnitBase1

===========================================================================================
----------------- testing Mon Sep 07 15:41:54 UTC 2020 /home/travis/build/icyphy/ptII/ptolemy/actor/lib/test/auto/ElementsToArray.xml
----------------- Instantiating /home/travis/build/icyphy/ptII/ptolemy/actor/lib/test/auto/ElementsToArray.xml
3 ms. Memory: 506880K Free: 246684K (49%)
----------------- Invoking toplevel() on ptolemy.moml.MoMLSimpleApplication@6bce83f2
----------------- Done invoking toplevel() on ptolemy.moml.MoMLSimpleApplication@6bce83f2
reloadAllAccessors: .ElementsToArray

===========================================================================================
----------------- testing Mon Sep 07 15:41:54 UTC 2020 /home/travis/build/icyphy/ptII/ptolemy/actor/lib/test/auto/Equals.xml
----------------- Instantiating /home/travis/build/icyphy/ptII/ptolemy/actor/lib/test/auto/Equals.xml
3 ms. Memory: 506880K Free: 242074K (48%)
----------------- Invoking toplevel() on ptolemy.moml.MoMLSimpleApplication@3bb6ecdb
----------------- Done invoking toplevel() on ptolemy.moml.MoMLSimpleApplication@3bb6ecdb
reloadAllAccessors: .Equals

===========================================================================================
----------------- testing Mon Sep 07 15:41:54 UTC 2020 /home/travis/build/icyphy/ptII/ptolemy/actor/lib/test/auto/Exec.xml
----------------- Instantiating /home/travis/build/icyphy/ptII/ptolemy/actor/lib/test/auto/Exec.xml
17 ms. Memory: 506880K Free: 235930K (47%)
----------------- Invoking toplevel() on ptolemy.moml.MoMLSimpleApplication@21004525
----------------- Done invoking toplevel() on ptolemy.moml.MoMLSimpleApplication@21004525
reloadAllAccessors: .Exec

===========================================================================================
----------------- testing Mon Sep 07 15:41:54 UTC 2020 /home/travis/build/icyphy/ptII/ptolemy/actor/lib/test/auto/ExecEnvironment.xml
----------------- Instantiating /home/travis/build/icyphy/ptII/ptolemy/actor/lib/test/auto/ExecEnvironment.xml
24 ms. Memory: 506880K Free: 230796K (46%)
----------------- Invoking toplevel() on ptolemy.moml.MoMLSimpleApplication@420ee79b
----------------- Done invoking toplevel() on ptolemy.moml.MoMLSimpleApplication@420ee79b
reloadAllAccessors: .ExecEnvironment

===========================================================================================
----------------- testing Mon Sep 07 15:41:54 UTC 2020 /home/travis/build/icyphy/ptII/ptolemy/actor/lib/test/auto/ExecNonZeroReturnOutput.xml
----------------- Instantiating /home/travis/build/icyphy/ptII/ptolemy/actor/lib/test/auto/ExecNonZeroReturnOutput.xml
188 ms. Memory: 506880K Free: 454682K (90%)
----------------- Invoking toplevel() on ptolemy.moml.MoMLSimpleApplication@b7c262a
----------------- Done invoking toplevel() on ptolemy.moml.MoMLSimpleApplication@b7c262a
reloadAllAccessors: .ExecNonZeroReturnOutput

===========================================================================================
----------------- testing Mon Sep 07 15:41:55 UTC 2020 /home/travis/build/icyphy/ptII/ptolemy/actor/lib/test/auto/ExecRunDemos.xml
----------------- Instantiating /home/travis/build/icyphy/ptII/ptolemy/actor/lib/test/auto/ExecRunDemos.xml
Finished: 72 ms. Memory: 129024K Free: 112167K (87%)

Finished: 77 ms. Memory: 129024K Free: 109423K (85%)

Finished: 65 ms. Memory: 129024K Free: 109541K (85%)

Finished: 76 ms. Memory: 129024K Free: 111039K (86%)

Finished: 78 ms. Memory: 129024K Free: 111961K (87%)

10223 ms. Memory: 506880K Free: 433830K (86%)
----------------- Invoking toplevel() on ptolemy.moml.MoMLSimpleApplication@3be66b24
----------------- Done invoking toplevel() on ptolemy.moml.MoMLSimpleApplication@3be66b24
reloadAllAccessors: .ExecRunDemos

===========================================================================================
----------------- testing Mon Sep 07 15:42:05 UTC 2020 /home/travis/build/icyphy/ptII/ptolemy/actor/lib/test/auto/ExecStop.xml
----------------- Instantiating /home/travis/build/icyphy/ptII/ptolemy/actor/lib/test/auto/ExecStop.xml
5025 ms. Memory: 506880K Free: 292520K (58%)
----------------- Invoking toplevel() on ptolemy.moml.MoMLSimpleApplication@586a40f0
----------------- Done invoking toplevel() on ptolemy.moml.MoMLSimpleApplication@586a40f0
reloadAllAccessors: .ExecStop

===========================================================================================
----------------- testing Mon Sep 07 15:42:10 UTC 2020 /home/travis/build/icyphy/ptII/ptolemy/actor/lib/test/auto/ExecutionTimeSDF.xml
----------------- Instantiating /home/travis/build/icyphy/ptII/ptolemy/actor/lib/test/auto/ExecutionTimeSDF.xml
Fired ExecutionTime: -325367296
Fired ExecutionTime: 1570000000
Fired ExecutionTime: 184232704
6007 ms. Memory: 506880K Free: 280232K (55%)
----------------- Invoking toplevel() on ptolemy.moml.MoMLSimpleApplication@40176f39
----------------- Done invoking toplevel() on ptolemy.moml.MoMLSimpleApplication@40176f39
reloadAllAccessors: .ExecutionTimeSDF

===========================================================================================
----------------- testing Mon Sep 07 15:42:16 UTC 2020 /home/travis/build/icyphy/ptII/ptolemy/actor/lib/test/auto/Expression1.xml
----------------- Instantiating /home/travis/build/icyphy/ptII/ptolemy/actor/lib/test/auto/Expression1.xml
2 ms. Memory: 506880K Free: 276646K (55%)
----------------- Invoking toplevel() on ptolemy.moml.MoMLSimpleApplication@4623deaa
----------------- Done invoking toplevel() on ptolemy.moml.MoMLSimpleApplication@4623deaa
reloadAllAccessors: .Expression1

===========================================================================================
----------------- testing Mon Sep 07 15:42:16 UTC 2020 /home/travis/build/icyphy/ptII/ptolemy/actor/lib/test/auto/Expression10.xml
----------------- Instantiating /home/travis/build/icyphy/ptII/ptolemy/actor/lib/test/auto/Expression10.xml
9 ms. Memory: 506880K Free: 271526K (54%)
----------------- Invoking toplevel() on ptolemy.moml.MoMLSimpleApplication@1635d85f
----------------- Done invoking toplevel() on ptolemy.moml.MoMLSimpleApplication@1635d85f
reloadAllAccessors: .Expression10

===========================================================================================
----------------- testing Mon Sep 07 15:42:16 UTC 2020 /home/travis/build/icyphy/ptII/ptolemy/actor/lib/test/auto/Expression11.xml
----------------- Instantiating /home/travis/build/icyphy/ptII/ptolemy/actor/lib/test/auto/Expression11.xml
2 ms. Memory: 506880K Free: 266406K (53%)
----------------- Invoking toplevel() on ptolemy.moml.MoMLSimpleApplication@1908a3c6
----------------- Done invoking toplevel() on ptolemy.moml.MoMLSimpleApplication@1908a3c6
reloadAllAccessors: .Expression11

===========================================================================================
----------------- testing Mon Sep 07 15:42:16 UTC 2020 /home/travis/build/icyphy/ptII/ptolemy/actor/lib/test/auto/Expression12.xml
----------------- Instantiating /home/travis/build/icyphy/ptII/ptolemy/actor/lib/test/auto/Expression12.xml
2 ms. Memory: 506880K Free: 260776K (51%)
----------------- Invoking toplevel() on ptolemy.moml.MoMLSimpleApplication@46029192
----------------- Done invoking toplevel() on ptolemy.moml.MoMLSimpleApplication@46029192
reloadAllAccessors: .Expression12

===========================================================================================
----------------- testing Mon Sep 07 15:42:16 UTC 2020 /home/travis/build/icyphy/ptII/ptolemy/actor/lib/test/auto/Expression13.xml
----------------- Instantiating /home/travis/build/icyphy/ptII/ptolemy/actor/lib/test/auto/Expression13.xml
3 ms. Memory: 506880K Free: 255656K (50%)
----------------- Invoking toplevel() on ptolemy.moml.MoMLSimpleApplication@52cadba2
----------------- Done invoking toplevel() on ptolemy.moml.MoMLSimpleApplication@52cadba2
reloadAllAccessors: .Expression13

===========================================================================================
----------------- testing Mon Sep 07 15:42:16 UTC 2020 /home/travis/build/icyphy/ptII/ptolemy/actor/lib/test/auto/Expression14.xml
----------------- Instantiating /home/travis/build/icyphy/ptII/ptolemy/actor/lib/test/auto/Expression14.xml
8 ms. Memory: 506880K Free: 249512K (49%)
----------------- Invoking toplevel() on ptolemy.moml.MoMLSimpleApplication@40c6e450
----------------- Done invoking toplevel() on ptolemy.moml.MoMLSimpleApplication@40c6e450
reloadAllAccessors: .Expression14

===========================================================================================
----------------- testing Mon Sep 07 15:42:16 UTC 2020 /home/travis/build/icyphy/ptII/ptolemy/actor/lib/test/auto/Expression15.xml
----------------- Instantiating /home/travis/build/icyphy/ptII/ptolemy/actor/lib/test/auto/Expression15.xml
1 ms. Memory: 506880K Free: 245926K (49%)
----------------- Invoking toplevel() on ptolemy.moml.MoMLSimpleApplication@622594b8
----------------- Done invoking toplevel() on ptolemy.moml.MoMLSimpleApplication@622594b8
reloadAllAccessors: .Expression15

===========================================================================================
----------------- testing Mon Sep 07 15:42:16 UTC 2020 /home/travis/build/icyphy/ptII/ptolemy/actor/lib/test/auto/Expression16.xml
----------------- Instantiating /home/travis/build/icyphy/ptII/ptolemy/actor/lib/test/auto/Expression16.xml
3 ms. Memory: 506880K Free: 240806K (48%)
----------------- Invoking toplevel() on ptolemy.moml.MoMLSimpleApplication@56991541
----------------- Done invoking toplevel() on ptolemy.moml.MoMLSimpleApplication@56991541
reloadAllAccessors: .Expression16

===========================================================================================
----------------- testing Mon Sep 07 15:42:16 UTC 2020 /home/travis/build/icyphy/ptII/ptolemy/actor/lib/test/auto/Expression17.xml
----------------- Instantiating /home/travis/build/icyphy/ptII/ptolemy/actor/lib/test/auto/Expression17.xml
2 ms. Memory: 506880K Free: 235686K (46%)
----------------- Invoking toplevel() on ptolemy.moml.MoMLSimpleApplication@7de30199
----------------- Done invoking toplevel() on ptolemy.moml.MoMLSimpleApplication@7de30199
reloadAllAccessors: .Expression17

===========================================================================================
----------------- testing Mon Sep 07 15:42:16 UTC 2020 /home/travis/build/icyphy/ptII/ptolemy/actor/lib/test/auto/Expression18.xml
----------------- Instantiating /home/travis/build/icyphy/ptII/ptolemy/actor/lib/test/auto/Expression18.xml
2 ms. Memory: 506880K Free: 230566K (45%)
----------------- Invoking toplevel() on ptolemy.moml.MoMLSimpleApplication@21676807
----------------- Done invoking toplevel() on ptolemy.moml.MoMLSimpleApplication@21676807
reloadAllAccessors: .Expression18

===========================================================================================
----------------- testing Mon Sep 07 15:42:16 UTC 2020 /home/travis/build/icyphy/ptII/ptolemy/actor/lib/test/auto/Expression2.xml
----------------- Instantiating /home/travis/build/icyphy/ptII/ptolemy/actor/lib/test/auto/Expression2.xml
3 ms. Memory: 506880K Free: 225446K (44%)
----------------- Invoking toplevel() on ptolemy.moml.MoMLSimpleApplication@768c605d
----------------- Done invoking toplevel() on ptolemy.moml.MoMLSimpleApplication@768c605d
reloadAllAccessors: .Expression2

===========================================================================================
----------------- testing Mon Sep 07 15:42:16 UTC 2020 /home/travis/build/icyphy/ptII/ptolemy/actor/lib/test/auto/Expression3.xml
----------------- Instantiating /home/travis/build/icyphy/ptII/ptolemy/actor/lib/test/auto/Expression3.xml
5 ms. Memory: 506880K Free: 220840K (44%)
----------------- Invoking toplevel() on ptolemy.moml.MoMLSimpleApplication@2685907
----------------- Done invoking toplevel() on ptolemy.moml.MoMLSimpleApplication@2685907
reloadAllAccessors: .Expression3

===========================================================================================
----------------- testing Mon Sep 07 15:42:16 UTC 2020 /home/travis/build/icyphy/ptII/ptolemy/actor/lib/test/auto/Expression4.xml
----------------- Instantiating /home/travis/build/icyphy/ptII/ptolemy/actor/lib/test/auto/Expression4.xml
4 ms. Memory: 506880K Free: 213144K (42%)
----------------- Invoking toplevel() on ptolemy.moml.MoMLSimpleApplication@475519f8
----------------- Done invoking toplevel() on ptolemy.moml.MoMLSimpleApplication@475519f8
reloadAllAccessors: .Expression4

===========================================================================================
----------------- testing Mon Sep 07 15:42:16 UTC 2020 /home/travis/build/icyphy/ptII/ptolemy/actor/lib/test/auto/Expression5.xml
----------------- Instantiating /home/travis/build/icyphy/ptII/ptolemy/actor/lib/test/auto/Expression5.xml
5 ms. Memory: 506880K Free: 208038K (41%)
----------------- Invoking toplevel() on ptolemy.moml.MoMLSimpleApplication@4c3b03c3
----------------- Done invoking toplevel() on ptolemy.moml.MoMLSimpleApplication@4c3b03c3
reloadAllAccessors: .Expression5

===========================================================================================
----------------- testing Mon Sep 07 15:42:16 UTC 2020 /home/travis/build/icyphy/ptII/ptolemy/actor/lib/test/auto/Expression6.xml
----------------- Instantiating /home/travis/build/icyphy/ptII/ptolemy/actor/lib/test/auto/Expression6.xml
2 ms. Memory: 506880K Free: 203432K (40%)
----------------- Invoking toplevel() on ptolemy.moml.MoMLSimpleApplication@263d1cde
----------------- Done invoking toplevel() on ptolemy.moml.MoMLSimpleApplication@263d1cde
reloadAllAccessors: .Expression6

===========================================================================================
----------------- testing Mon Sep 07 15:42:16 UTC 2020 /home/travis/build/icyphy/ptII/ptolemy/actor/lib/test/auto/Expression7.xml
----------------- Instantiating /home/travis/build/icyphy/ptII/ptolemy/actor/lib/test/auto/Expression7.xml
3 ms. Memory: 506880K Free: 198312K (39%)
----------------- Invoking toplevel() on ptolemy.moml.MoMLSimpleApplication@42e920d9
----------------- Done invoking toplevel() on ptolemy.moml.MoMLSimpleApplication@42e920d9
reloadAllAccessors: .Expression7

===========================================================================================
----------------- testing Mon Sep 07 15:42:16 UTC 2020 /home/travis/build/icyphy/ptII/ptolemy/actor/lib/test/auto/Expression8.xml
----------------- Instantiating /home/travis/build/icyphy/ptII/ptolemy/actor/lib/test/auto/Expression8.xml
8 ms. Memory: 506880K Free: 193702K (38%)
----------------- Invoking toplevel() on ptolemy.moml.MoMLSimpleApplication@1aa3cefb
----------------- Done invoking toplevel() on ptolemy.moml.MoMLSimpleApplication@1aa3cefb
reloadAllAccessors: .Expression8

===========================================================================================
----------------- testing Mon Sep 07 15:42:16 UTC 2020 /home/travis/build/icyphy/ptII/ptolemy/actor/lib/test/auto/Expression9.xml
----------------- Instantiating /home/travis/build/icyphy/ptII/ptolemy/actor/lib/test/auto/Expression9.xml
1 ms. Memory: 506880K Free: 189606K (37%)
----------------- Invoking toplevel() on ptolemy.moml.MoMLSimpleApplication@52c90bea
----------------- Done invoking toplevel() on ptolemy.moml.MoMLSimpleApplication@52c90bea
reloadAllAccessors: .Expression9

===========================================================================================
----------------- testing Mon Sep 07 15:42:16 UTC 2020 /home/travis/build/icyphy/ptII/ptolemy/actor/lib/test/auto/ExpressionConcatenateArrayType.xml
----------------- Instantiating /home/travis/build/icyphy/ptII/ptolemy/actor/lib/test/auto/ExpressionConcatenateArrayType.xml
3 ms. Memory: 506880K Free: 182952K (36%)
----------------- Invoking toplevel() on ptolemy.moml.MoMLSimpleApplication@35af2954
----------------- Done invoking toplevel() on ptolemy.moml.MoMLSimpleApplication@35af2954
reloadAllAccessors: .ExpressionConcatenateArrayType

===========================================================================================
----------------- testing Mon Sep 07 15:42:16 UTC 2020 /home/travis/build/icyphy/ptII/ptolemy/actor/lib/test/auto/ExpressionConcatenateArrayType2.xml
----------------- Instantiating /home/travis/build/icyphy/ptII/ptolemy/actor/lib/test/auto/ExpressionConcatenateArrayType2.xml
4 ms. Memory: 506880K Free: 177318K (35%)
----------------- Invoking toplevel() on ptolemy.moml.MoMLSimpleApplication@592ec4c5
----------------- Done invoking toplevel() on ptolemy.moml.MoMLSimpleApplication@592ec4c5
reloadAllAccessors: .ExpressionConcatenateArrayType2

===========================================================================================
----------------- testing Mon Sep 07 15:42:16 UTC 2020 /home/travis/build/icyphy/ptII/ptolemy/actor/lib/test/auto/ExpressionFix.xml
----------------- Instantiating /home/travis/build/icyphy/ptII/ptolemy/actor/lib/test/auto/ExpressionFix.xml
20 ms. Memory: 506880K Free: 170664K (34%)
----------------- Invoking toplevel() on ptolemy.moml.MoMLSimpleApplication@4915cb4c
----------------- Done invoking toplevel() on ptolemy.moml.MoMLSimpleApplication@4915cb4c
reloadAllAccessors: .ExpressionFix

===========================================================================================
----------------- testing Mon Sep 07 15:42:16 UTC 2020 /home/travis/build/icyphy/ptII/ptolemy/actor/lib/test/auto/ExpressionFix2.xml
----------------- Instantiating /home/travis/build/icyphy/ptII/ptolemy/actor/lib/test/auto/ExpressionFix2.xml
4 ms. Memory: 506880K Free: 166054K (33%)
----------------- Invoking toplevel() on ptolemy.moml.MoMLSimpleApplication@1ee18cf0
----------------- Done invoking toplevel() on ptolemy.moml.MoMLSimpleApplication@1ee18cf0
reloadAllAccessors: .ExpressionFix2

===========================================================================================
----------------- testing Mon Sep 07 15:42:16 UTC 2020 /home/travis/build/icyphy/ptII/ptolemy/actor/lib/test/auto/ExpressionFix3.xml
----------------- Instantiating /home/travis/build/icyphy/ptII/ptolemy/actor/lib/test/auto/ExpressionFix3.xml
3 ms. Memory: 506880K Free: 161958K (32%)
----------------- Invoking toplevel() on ptolemy.moml.MoMLSimpleApplication@3457bc7b
----------------- Done invoking toplevel() on ptolemy.moml.MoMLSimpleApplication@3457bc7b
reloadAllAccessors: .ExpressionFix3

===========================================================================================
----------------- testing Mon Sep 07 15:42:16 UTC 2020 /home/travis/build/icyphy/ptII/ptolemy/actor/lib/test/auto/FileWriter1.xml
----------------- Instantiating /home/travis/build/icyphy/ptII/ptolemy/actor/lib/test/auto/FileWriter1.xml
4 ms. Memory: 506880K Free: 157862K (31%)
----------------- Invoking toplevel() on ptolemy.moml.MoMLSimpleApplication@34d9d58f
----------------- Done invoking toplevel() on ptolemy.moml.MoMLSimpleApplication@34d9d58f
reloadAllAccessors: .FileWriter1

===========================================================================================
----------------- testing Mon Sep 07 15:42:16 UTC 2020 /home/travis/build/icyphy/ptII/ptolemy/actor/lib/test/auto/FileWriter2.xml
----------------- Instantiating /home/travis/build/icyphy/ptII/ptolemy/actor/lib/test/auto/FileWriter2.xml
2 ms. Memory: 506880K Free: 454273K (90%)
----------------- Invoking toplevel() on ptolemy.moml.MoMLSimpleApplication@46eb0be
----------------- Done invoking toplevel() on ptolemy.moml.MoMLSimpleApplication@46eb0be
reloadAllAccessors: .FileWriter2

===========================================================================================
----------------- testing Mon Sep 07 15:42:16 UTC 2020 /home/travis/build/icyphy/ptII/ptolemy/actor/lib/test/auto/FileWriter3.xml
----------------- Instantiating /home/travis/build/icyphy/ptII/ptolemy/actor/lib/test/auto/FileWriter3.xml
5 ms. Memory: 506880K Free: 450177K (89%)
----------------- Invoking toplevel() on ptolemy.moml.MoMLSimpleApplication@545bb60b
----------------- Done invoking toplevel() on ptolemy.moml.MoMLSimpleApplication@545bb60b
reloadAllAccessors: .FileWriter3

===========================================================================================
----------------- testing Mon Sep 07 15:42:16 UTC 2020 /home/travis/build/icyphy/ptII/ptolemy/actor/lib/test/auto/Gaussian.xml
----------------- Instantiating /home/travis/build/icyphy/ptII/ptolemy/actor/lib/test/auto/Gaussian.xml
2 ms. Memory: 506880K Free: 445567K (88%)
----------------- Invoking toplevel() on ptolemy.moml.MoMLSimpleApplication@77cacd23
----------------- Done invoking toplevel() on ptolemy.moml.MoMLSimpleApplication@77cacd23
reloadAllAccessors: .Gaussian

===========================================================================================
----------------- testing Mon Sep 07 15:42:16 UTC 2020 /home/travis/build/icyphy/ptII/ptolemy/actor/lib/test/auto/Gaussian1.xml
----------------- Instantiating /home/travis/build/icyphy/ptII/ptolemy/actor/lib/test/auto/Gaussian1.xml
10 ms. Memory: 506880K Free: 439937K (87%)
----------------- Invoking toplevel() on ptolemy.moml.MoMLSimpleApplication@39da8cf9
----------------- Done invoking toplevel() on ptolemy.moml.MoMLSimpleApplication@39da8cf9
reloadAllAccessors: .Gaussian1

===========================================================================================
----------------- testing Mon Sep 07 15:42:16 UTC 2020 /home/travis/build/icyphy/ptII/ptolemy/actor/lib/test/auto/Gaussian2.xml
----------------- Instantiating /home/travis/build/icyphy/ptII/ptolemy/actor/lib/test/auto/Gaussian2.xml
2 ms. Memory: 506880K Free: 434817K (86%)
----------------- Invoking toplevel() on ptolemy.moml.MoMLSimpleApplication@a07e03d
----------------- Done invoking toplevel() on ptolemy.moml.MoMLSimpleApplication@a07e03d
reloadAllAccessors: .Gaussian2

===========================================================================================
----------------- testing Mon Sep 07 15:42:17 UTC 2020 /home/travis/build/icyphy/ptII/ptolemy/actor/lib/test/auto/GradientAdaptiveLattice.xml
----------------- Instantiating /home/travis/build/icyphy/ptII/ptolemy/actor/lib/test/auto/GradientAdaptiveLattice.xml
2 ms. Memory: 506880K Free: 429697K (85%)
----------------- Invoking toplevel() on ptolemy.moml.MoMLSimpleApplication@31cfb6b0
----------------- Done invoking toplevel() on ptolemy.moml.MoMLSimpleApplication@31cfb6b0
reloadAllAccessors: .GradientAdaptiveLattice

===========================================================================================
----------------- testing Mon Sep 07 15:42:17 UTC 2020 /home/travis/build/icyphy/ptII/ptolemy/actor/lib/test/auto/IIR.xml
----------------- Instantiating /home/travis/build/icyphy/ptII/ptolemy/actor/lib/test/auto/IIR.xml
1 ms. Memory: 506880K Free: 425087K (84%)
----------------- Invoking toplevel() on ptolemy.moml.MoMLSimpleApplication@3549e503
----------------- Done invoking toplevel() on ptolemy.moml.MoMLSimpleApplication@3549e503
reloadAllAccessors: .IIR

===========================================================================================
----------------- testing Mon Sep 07 15:42:17 UTC 2020 /home/travis/build/icyphy/ptII/ptolemy/actor/lib/test/auto/InputOutputTransparentPorts.xml
----------------- Instantiating /home/travis/build/icyphy/ptII/ptolemy/actor/lib/test/auto/InputOutputTransparentPorts.xml
2 ms. Memory: 506880K Free: 417919K (82%)
----------------- Invoking toplevel() on ptolemy.moml.MoMLSimpleApplication@44e9c8fe
----------------- Done invoking toplevel() on ptolemy.moml.MoMLSimpleApplication@44e9c8fe
reloadAllAccessors: .InputOutputTransparentPorts

===========================================================================================
----------------- testing Mon Sep 07 15:42:17 UTC 2020 /home/travis/build/icyphy/ptII/ptolemy/actor/lib/test/auto/Interpolator.xml
----------------- Instantiating /home/travis/build/icyphy/ptII/ptolemy/actor/lib/test/auto/Interpolator.xml
4 ms. Memory: 506880K Free: 413823K (82%)
----------------- Invoking toplevel() on ptolemy.moml.MoMLSimpleApplication@23f49f53
----------------- Done invoking toplevel() on ptolemy.moml.MoMLSimpleApplication@23f49f53
reloadAllAccessors: .Interpolator

===========================================================================================
----------------- testing Mon Sep 07 15:42:17 UTC 2020 /home/travis/build/icyphy/ptII/ptolemy/actor/lib/test/auto/InterpolatorFiringLimitDE.xml
----------------- Instantiating /home/travis/build/icyphy/ptII/ptolemy/actor/lib/test/auto/InterpolatorFiringLimitDE.xml
1 ms. Memory: 506880K Free: 407679K (80%)
----------------- Invoking toplevel() on ptolemy.moml.MoMLSimpleApplication@b44992d
----------------- Done invoking toplevel() on ptolemy.moml.MoMLSimpleApplication@b44992d
reloadAllAccessors: .InterpolatorFiringLimitDE

===========================================================================================
----------------- testing Mon Sep 07 15:42:17 UTC 2020 /home/travis/build/icyphy/ptII/ptolemy/actor/lib/test/auto/Lattice.xml
----------------- Instantiating /home/travis/build/icyphy/ptII/ptolemy/actor/lib/test/auto/Lattice.xml
1 ms. Memory: 506880K Free: 403583K (80%)
----------------- Invoking toplevel() on ptolemy.moml.MoMLSimpleApplication@f47a2cb
----------------- Done invoking toplevel() on ptolemy.moml.MoMLSimpleApplication@f47a2cb
reloadAllAccessors: .Lattice

===========================================================================================
----------------- testing Mon Sep 07 15:42:17 UTC 2020 /home/travis/build/icyphy/ptII/ptolemy/actor/lib/test/auto/LazyAOCTestLazy.xml
----------------- Instantiating /home/travis/build/icyphy/ptII/ptolemy/actor/lib/test/auto/LazyAOCTestLazy.xml
16 ms. Memory: 506880K Free: 397953K (79%)
----------------- Invoking toplevel() on ptolemy.moml.MoMLSimpleApplication@48120c94
----------------- Done invoking toplevel() on ptolemy.moml.MoMLSimpleApplication@48120c94
reloadAllAccessors: .LazyAOCTestLazy

===========================================================================================
----------------- testing Mon Sep 07 15:42:17 UTC 2020 /home/travis/build/icyphy/ptII/ptolemy/actor/lib/test/auto/LazyAOCTestNonLazy.xml
----------------- Instantiating /home/travis/build/icyphy/ptII/ptolemy/actor/lib/test/auto/LazyAOCTestNonLazy.xml
2 ms. Memory: 506880K Free: 391295K (77%)
----------------- Invoking toplevel() on ptolemy.moml.MoMLSimpleApplication@67541f98
----------------- Done invoking toplevel() on ptolemy.moml.MoMLSimpleApplication@67541f98
reloadAllAccessors: .LazyAOCTestNonLazy

===========================================================================================
----------------- testing Mon Sep 07 15:42:17 UTC 2020 /home/travis/build/icyphy/ptII/ptolemy/actor/lib/test/auto/LazyInnerClass.xml
----------------- Instantiating /home/travis/build/icyphy/ptII/ptolemy/actor/lib/test/auto/LazyInnerClass.xml
19 ms. Memory: 506880K Free: 382593K (75%)
----------------- Invoking toplevel() on ptolemy.moml.MoMLSimpleApplication@29d21281
----------------- Done invoking toplevel() on ptolemy.moml.MoMLSimpleApplication@29d21281
reloadAllAccessors: .LazyInnerClass

===========================================================================================
----------------- testing Mon Sep 07 15:42:17 UTC 2020 /home/travis/build/icyphy/ptII/ptolemy/actor/lib/test/auto/LazyPubSub.xml
----------------- Instantiating /home/travis/build/icyphy/ptII/ptolemy/actor/lib/test/auto/LazyPubSub.xml
16 ms. Memory: 506880K Free: 372353K (73%)
----------------- Invoking toplevel() on ptolemy.moml.MoMLSimpleApplication@b15c645
----------------- Done invoking toplevel() on ptolemy.moml.MoMLSimpleApplication@b15c645
reloadAllAccessors: .LazyPubSub

===========================================================================================
----------------- testing Mon Sep 07 15:42:17 UTC 2020 /home/travis/build/icyphy/ptII/ptolemy/actor/lib/test/auto/LazyPubSub2.xml
----------------- Instantiating /home/travis/build/icyphy/ptII/ptolemy/actor/lib/test/auto/LazyPubSub2.xml
13 ms. Memory: 506880K Free: 362113K (71%)
----------------- Invoking toplevel() on ptolemy.moml.MoMLSimpleApplication@25760c37
----------------- Done invoking toplevel() on ptolemy.moml.MoMLSimpleApplication@25760c37
reloadAllAccessors: .LazyPubSub2

===========================================================================================
----------------- testing Mon Sep 07 15:42:17 UTC 2020 /home/travis/build/icyphy/ptII/ptolemy/actor/lib/test/auto/LazyPubSub3.xml
----------------- Instantiating /home/travis/build/icyphy/ptII/ptolemy/actor/lib/test/auto/LazyPubSub3.xml
15 ms. Memory: 506880K Free: 351873K (69%)
----------------- Invoking toplevel() on ptolemy.moml.MoMLSimpleApplication@64d65da7
----------------- Done invoking toplevel() on ptolemy.moml.MoMLSimpleApplication@64d65da7
reloadAllAccessors: .LazyPubSub3

===========================================================================================
----------------- testing Mon Sep 07 15:42:17 UTC 2020 /home/travis/build/icyphy/ptII/ptolemy/actor/lib/test/auto/LazySubClassModel.xml
----------------- Instantiating /home/travis/build/icyphy/ptII/ptolemy/actor/lib/test/auto/LazySubClassModel.xml
1 ms. Memory: 506880K Free: 342657K (68%)
----------------- Invoking toplevel() on ptolemy.moml.MoMLSimpleApplication@9c8442f
----------------- Done invoking toplevel() on ptolemy.moml.MoMLSimpleApplication@9c8442f
reloadAllAccessors: .LazySubClassModel

===========================================================================================
----------------- testing Mon Sep 07 15:42:17 UTC 2020 /home/travis/build/icyphy/ptII/ptolemy/actor/lib/test/auto/LevelCrossTest1.xml
----------------- Instantiating /home/travis/build/icyphy/ptII/ptolemy/actor/lib/test/auto/LevelCrossTest1.xml
1 ms. Memory: 506880K Free: 337023K (66%)
----------------- Invoking toplevel() on ptolemy.moml.MoMLSimpleApplication@fa7f508
----------------- Done invoking toplevel() on ptolemy.moml.MoMLSimpleApplication@fa7f508
reloadAllAccessors: .broken

===========================================================================================
----------------- testing Mon Sep 07 15:42:17 UTC 2020 /home/travis/build/icyphy/ptII/ptolemy/actor/lib/test/auto/LevelCrossTest10.xml
----------------- Instantiating /home/travis/build/icyphy/ptII/ptolemy/actor/lib/test/auto/LevelCrossTest10.xml
1 ms. Memory: 506880K Free: 329345K (65%)
----------------- Invoking toplevel() on ptolemy.moml.MoMLSimpleApplication@18f3db7c
----------------- Done invoking toplevel() on ptolemy.moml.MoMLSimpleApplication@18f3db7c
reloadAllAccessors: .LevelCrossTest10

===========================================================================================
----------------- testing Mon Sep 07 15:42:17 UTC 2020 /home/travis/build/icyphy/ptII/ptolemy/actor/lib/test/auto/LevelCrossTest11.xml
----------------- Instantiating /home/travis/build/icyphy/ptII/ptolemy/actor/lib/test/auto/LevelCrossTest11.xml
1 ms. Memory: 506880K Free: 322177K (64%)
----------------- Invoking toplevel() on ptolemy.moml.MoMLSimpleApplication@20e6e8b3
----------------- Done invoking toplevel() on ptolemy.moml.MoMLSimpleApplication@20e6e8b3
reloadAllAccessors: .LevelCrossTest11

===========================================================================================
----------------- testing Mon Sep 07 15:42:17 UTC 2020 /home/travis/build/icyphy/ptII/ptolemy/actor/lib/test/auto/LevelCrossTest12.xml
----------------- Instantiating /home/travis/build/icyphy/ptII/ptolemy/actor/lib/test/auto/LevelCrossTest12.xml
5 ms. Memory: 506880K Free: 314495K (62%)
----------------- Invoking toplevel() on ptolemy.moml.MoMLSimpleApplication@568060c3
----------------- Done invoking toplevel() on ptolemy.moml.MoMLSimpleApplication@568060c3
reloadAllAccessors: .LevelCrossTest12

===========================================================================================
----------------- testing Mon Sep 07 15:42:17 UTC 2020 /home/travis/build/icyphy/ptII/ptolemy/actor/lib/test/auto/LevelCrossTest13.xml
----------------- Instantiating /home/travis/build/icyphy/ptII/ptolemy/actor/lib/test/auto/LevelCrossTest13.xml
2 ms. Memory: 506880K Free: 305793K (60%)
----------------- Invoking toplevel() on ptolemy.moml.MoMLSimpleApplication@3e464904
----------------- Done invoking toplevel() on ptolemy.moml.MoMLSimpleApplication@3e464904
reloadAllAccessors: .LevelCrossTest13

===========================================================================================
----------------- testing Mon Sep 07 15:42:17 UTC 2020 /home/travis/build/icyphy/ptII/ptolemy/actor/lib/test/auto/LevelCrossTest2.xml
----------------- Instantiating /home/travis/build/icyphy/ptII/ptolemy/actor/lib/test/auto/LevelCrossTest2.xml
1 ms. Memory: 506880K Free: 300159K (59%)
----------------- Invoking toplevel() on ptolemy.moml.MoMLSimpleApplication@1474b720
----------------- Done invoking toplevel() on ptolemy.moml.MoMLSimpleApplication@1474b720
reloadAllAccessors: .broken

===========================================================================================
----------------- testing Mon Sep 07 15:42:17 UTC 2020 /home/travis/build/icyphy/ptII/ptolemy/actor/lib/test/auto/LevelCrossTest3.xml
----------------- Instantiating /home/travis/build/icyphy/ptII/ptolemy/actor/lib/test/auto/LevelCrossTest3.xml
1 ms. Memory: 506880K Free: 293505K (58%)
----------------- Invoking toplevel() on ptolemy.moml.MoMLSimpleApplication@1608e174
----------------- Done invoking toplevel() on ptolemy.moml.MoMLSimpleApplication@1608e174
reloadAllAccessors: .LevelCrossTest3

===========================================================================================
----------------- testing Mon Sep 07 15:42:17 UTC 2020 /home/travis/build/icyphy/ptII/ptolemy/actor/lib/test/auto/LevelCrossTest4.xml
----------------- Instantiating /home/travis/build/icyphy/ptII/ptolemy/actor/lib/test/auto/LevelCrossTest4.xml
1 ms. Memory: 506880K Free: 287871K (57%)
----------------- Invoking toplevel() on ptolemy.moml.MoMLSimpleApplication@5208e184
----------------- Done invoking toplevel() on ptolemy.moml.MoMLSimpleApplication@5208e184
reloadAllAccessors: .broken

===========================================================================================
----------------- testing Mon Sep 07 15:42:17 UTC 2020 /home/travis/build/icyphy/ptII/ptolemy/actor/lib/test/auto/LevelCrossTest5.xml
----------------- Instantiating /home/travis/build/icyphy/ptII/ptolemy/actor/lib/test/auto/LevelCrossTest5.xml
3 ms. Memory: 506880K Free: 281217K (55%)
----------------- Invoking toplevel() on ptolemy.moml.MoMLSimpleApplication@6ee63c7e
----------------- Done invoking toplevel() on ptolemy.moml.MoMLSimpleApplication@6ee63c7e
reloadAllAccessors: .LevelCrossTest5

===========================================================================================
----------------- testing Mon Sep 07 15:42:17 UTC 2020 /home/travis/build/icyphy/ptII/ptolemy/actor/lib/test/auto/LevelCrossTest6.xml
----------------- Instantiating /home/travis/build/icyphy/ptII/ptolemy/actor/lib/test/auto/LevelCrossTest6.xml
1 ms. Memory: 506880K Free: 274559K (54%)
----------------- Invoking toplevel() on ptolemy.moml.MoMLSimpleApplication@4bca1e5a
----------------- Done invoking toplevel() on ptolemy.moml.MoMLSimpleApplication@4bca1e5a
reloadAllAccessors: .LevelCrossTest6

===========================================================================================
----------------- testing Mon Sep 07 15:42:17 UTC 2020 /home/travis/build/icyphy/ptII/ptolemy/actor/lib/test/auto/LevelCrossTest7.xml
----------------- Instantiating /home/travis/build/icyphy/ptII/ptolemy/actor/lib/test/auto/LevelCrossTest7.xml
1 ms. Memory: 506880K Free: 266881K (53%)
----------------- Invoking toplevel() on ptolemy.moml.MoMLSimpleApplication@4e751de1
----------------- Done invoking toplevel() on ptolemy.moml.MoMLSimpleApplication@4e751de1
reloadAllAccessors: .LevelCrossTest7

===========================================================================================
----------------- testing Mon Sep 07 15:42:17 UTC 2020 /home/travis/build/icyphy/ptII/ptolemy/actor/lib/test/auto/LevelCrossTest8.xml
----------------- Instantiating /home/travis/build/icyphy/ptII/ptolemy/actor/lib/test/auto/LevelCrossTest8.xml
2 ms. Memory: 506880K Free: 260737K (51%)
----------------- Invoking toplevel() on ptolemy.moml.MoMLSimpleApplication@112daa2f
----------------- Done invoking toplevel() on ptolemy.moml.MoMLSimpleApplication@112daa2f
reloadAllAccessors: .LevelCrossTest8

===========================================================================================
----------------- testing Mon Sep 07 15:42:17 UTC 2020 /home/travis/build/icyphy/ptII/ptolemy/actor/lib/test/auto/LevelCrossTest9.xml
----------------- Instantiating /home/travis/build/icyphy/ptII/ptolemy/actor/lib/test/auto/LevelCrossTest9.xml
2 ms. Memory: 506880K Free: 254079K (50%)
----------------- Invoking toplevel() on ptolemy.moml.MoMLSimpleApplication@2d310980
----------------- Done invoking toplevel() on ptolemy.moml.MoMLSimpleApplication@2d310980
reloadAllAccessors: .LevelCrossTest9

===========================================================================================
----------------- testing Mon Sep 07 15:42:17 UTC 2020 /home/travis/build/icyphy/ptII/ptolemy/actor/lib/test/auto/LevinsonDurbin.xml
----------------- Instantiating /home/travis/build/icyphy/ptII/ptolemy/actor/lib/test/auto/LevinsonDurbin.xml
8 ms. Memory: 506880K Free: 249983K (49%)
----------------- Invoking toplevel() on ptolemy.moml.MoMLSimpleApplication@4080871e
----------------- Done invoking toplevel() on ptolemy.moml.MoMLSimpleApplication@4080871e
reloadAllAccessors: .LevinsonDurbin

===========================================================================================
----------------- testing Mon Sep 07 15:42:17 UTC 2020 /home/travis/build/icyphy/ptII/ptolemy/actor/lib/test/auto/LevinsonDurbin2.xml
----------------- Instantiating /home/travis/build/icyphy/ptII/ptolemy/actor/lib/test/auto/LevinsonDurbin2.xml
1 ms. Memory: 506880K Free: 245887K (49%)
----------------- Invoking toplevel() on ptolemy.moml.MoMLSimpleApplication@187fb82f
----------------- Done invoking toplevel() on ptolemy.moml.MoMLSimpleApplication@187fb82f
reloadAllAccessors: .LevinsonDurbin2

===========================================================================================
----------------- testing Mon Sep 07 15:42:17 UTC 2020 /home/travis/build/icyphy/ptII/ptolemy/actor/lib/test/auto/LevinsonDurbin3.xml
----------------- Instantiating /home/travis/build/icyphy/ptII/ptolemy/actor/lib/test/auto/LevinsonDurbin3.xml
2 ms. Memory: 506880K Free: 241791K (48%)
----------------- Invoking toplevel() on ptolemy.moml.MoMLSimpleApplication@7ea5d803
----------------- Done invoking toplevel() on ptolemy.moml.MoMLSimpleApplication@7ea5d803
reloadAllAccessors: .LevinsonDurbin3

===========================================================================================
----------------- testing Mon Sep 07 15:42:17 UTC 2020 /home/travis/build/icyphy/ptII/ptolemy/actor/lib/test/auto/Limiter.xml
----------------- Instantiating /home/travis/build/icyphy/ptII/ptolemy/actor/lib/test/auto/Limiter.xml
5 ms. Memory: 506880K Free: 232561K (46%)
----------------- Invoking toplevel() on ptolemy.moml.MoMLSimpleApplication@46c21f06
----------------- Done invoking toplevel() on ptolemy.moml.MoMLSimpleApplication@46c21f06
reloadAllAccessors: .Limiter

===========================================================================================
----------------- testing Mon Sep 07 15:42:17 UTC 2020 /home/travis/build/icyphy/ptII/ptolemy/actor/lib/test/auto/LinearDifferenceEquationSystem.xml
----------------- Instantiating /home/travis/build/icyphy/ptII/ptolemy/actor/lib/test/auto/LinearDifferenceEquationSystem.xml
3 ms. Memory: 506880K Free: 225407K (44%)
----------------- Invoking toplevel() on ptolemy.moml.MoMLSimpleApplication@26cd5766
----------------- Done invoking toplevel() on ptolemy.moml.MoMLSimpleApplication@26cd5766
reloadAllAccessors: .LinearDifferenceEquationSystem

===========================================================================================
----------------- testing Mon Sep 07 15:42:17 UTC 2020 /home/travis/build/icyphy/ptII/ptolemy/actor/lib/test/auto/LookupTable.xml
----------------- Instantiating /home/travis/build/icyphy/ptII/ptolemy/actor/lib/test/auto/LookupTable.xml
2 ms. Memory: 506880K Free: 220801K (44%)
----------------- Invoking toplevel() on ptolemy.moml.MoMLSimpleApplication@47ebe18d
----------------- Done invoking toplevel() on ptolemy.moml.MoMLSimpleApplication@47ebe18d
reloadAllAccessors: .LookupTable

===========================================================================================
----------------- testing Mon Sep 07 15:42:17 UTC 2020 /home/travis/build/icyphy/ptII/ptolemy/actor/lib/test/auto/MathFunction.xml
----------------- Instantiating /home/travis/build/icyphy/ptII/ptolemy/actor/lib/test/auto/MathFunction.xml
2 ms. Memory: 506880K Free: 212609K (42%)
----------------- Invoking toplevel() on ptolemy.moml.MoMLSimpleApplication@50063782
----------------- Done invoking toplevel() on ptolemy.moml.MoMLSimpleApplication@50063782
reloadAllAccessors: .MathFunction

===========================================================================================
----------------- testing Mon Sep 07 15:42:17 UTC 2020 /home/travis/build/icyphy/ptII/ptolemy/actor/lib/test/auto/MathFunction2.xml
----------------- Instantiating /home/travis/build/icyphy/ptII/ptolemy/actor/lib/test/auto/MathFunction2.xml
11 ms. Memory: 506880K Free: 208513K (41%)
----------------- Invoking toplevel() on ptolemy.moml.MoMLSimpleApplication@5d5000ea
----------------- Done invoking toplevel() on ptolemy.moml.MoMLSimpleApplication@5d5000ea
reloadAllAccessors: .MathFunction2

===========================================================================================
----------------- testing Mon Sep 07 15:42:17 UTC 2020 /home/travis/build/icyphy/ptII/ptolemy/actor/lib/test/auto/MathFunction3.xml
----------------- Instantiating /home/travis/build/icyphy/ptII/ptolemy/actor/lib/test/auto/MathFunction3.xml
2 ms. Memory: 506880K Free: 201345K (40%)
----------------- Invoking toplevel() on ptolemy.moml.MoMLSimpleApplication@23d09804
----------------- Done invoking toplevel() on ptolemy.moml.MoMLSimpleApplication@23d09804
reloadAllAccessors: .MathFunction3

===========================================================================================
----------------- testing Mon Sep 07 15:42:17 UTC 2020 /home/travis/build/icyphy/ptII/ptolemy/actor/lib/test/auto/MatrixCropBoolean.xml
----------------- Instantiating /home/travis/build/icyphy/ptII/ptolemy/actor/lib/test/auto/MatrixCropBoolean.xml
1 ms. Memory: 506880K Free: 196735K (39%)
----------------- Invoking toplevel() on ptolemy.moml.MoMLSimpleApplication@255d0765
----------------- Done invoking toplevel() on ptolemy.moml.MoMLSimpleApplication@255d0765
reloadAllAccessors: .MatrixCropBoolean

===========================================================================================
----------------- testing Mon Sep 07 15:42:17 UTC 2020 /home/travis/build/icyphy/ptII/ptolemy/actor/lib/test/auto/MatrixCropComplex.xml
----------------- Instantiating /home/travis/build/icyphy/ptII/ptolemy/actor/lib/test/auto/MatrixCropComplex.xml
2 ms. Memory: 506880K Free: 191609K (38%)
----------------- Invoking toplevel() on ptolemy.moml.MoMLSimpleApplication@2b220186
----------------- Done invoking toplevel() on ptolemy.moml.MoMLSimpleApplication@2b220186
reloadAllAccessors: .MatrixCropComplex

===========================================================================================
----------------- testing Mon Sep 07 15:42:17 UTC 2020 /home/travis/build/icyphy/ptII/ptolemy/actor/lib/test/auto/MatrixCropDouble.xml
----------------- Instantiating /home/travis/build/icyphy/ptII/ptolemy/actor/lib/test/auto/MatrixCropDouble.xml
2 ms. Memory: 506880K Free: 187009K (37%)
----------------- Invoking toplevel() on ptolemy.moml.MoMLSimpleApplication@2ace51e6
----------------- Done invoking toplevel() on ptolemy.moml.MoMLSimpleApplication@2ace51e6
reloadAllAccessors: .MatrixCropDouble

===========================================================================================
----------------- testing Mon Sep 07 15:42:17 UTC 2020 /home/travis/build/icyphy/ptII/ptolemy/actor/lib/test/auto/MatrixCropFix.xml
----------------- Instantiating /home/travis/build/icyphy/ptII/ptolemy/actor/lib/test/auto/MatrixCropFix.xml
2 ms. Memory: 506880K Free: 181889K (36%)
----------------- Invoking toplevel() on ptolemy.moml.MoMLSimpleApplication@724eba6
----------------- Done invoking toplevel() on ptolemy.moml.MoMLSimpleApplication@724eba6
reloadAllAccessors: .MatrixCropFix

===========================================================================================
----------------- testing Mon Sep 07 15:42:17 UTC 2020 /home/travis/build/icyphy/ptII/ptolemy/actor/lib/test/auto/MatrixCropInt.xml
----------------- Instantiating /home/travis/build/icyphy/ptII/ptolemy/actor/lib/test/auto/MatrixCropInt.xml
1 ms. Memory: 506880K Free: 177273K (35%)
----------------- Invoking toplevel() on ptolemy.moml.MoMLSimpleApplication@7ca10a05
----------------- Done invoking toplevel() on ptolemy.moml.MoMLSimpleApplication@7ca10a05
reloadAllAccessors: .MatrixCropInt

===========================================================================================
----------------- testing Mon Sep 07 15:42:17 UTC 2020 /home/travis/build/icyphy/ptII/ptolemy/actor/lib/test/auto/MatrixCropLong.xml
----------------- Instantiating /home/travis/build/icyphy/ptII/ptolemy/actor/lib/test/auto/MatrixCropLong.xml
1 ms. Memory: 506880K Free: 172129K (34%)
----------------- Invoking toplevel() on ptolemy.moml.MoMLSimpleApplication@531ca303
----------------- Done invoking toplevel() on ptolemy.moml.MoMLSimpleApplication@531ca303
reloadAllAccessors: .MatrixCropLong

===========================================================================================
----------------- testing Mon Sep 07 15:42:17 UTC 2020 /home/travis/build/icyphy/ptII/ptolemy/actor/lib/test/auto/MatrixToArray.xml
----------------- Instantiating /home/travis/build/icyphy/ptII/ptolemy/actor/lib/test/auto/MatrixToArray.xml
13 ms. Memory: 506880K Free: 457283K (90%)
----------------- Invoking toplevel() on ptolemy.moml.MoMLSimpleApplication@66ec4ab7
----------------- Done invoking toplevel() on ptolemy.moml.MoMLSimpleApplication@66ec4ab7
reloadAllAccessors: .MatrixToArray

===========================================================================================
----------------- testing Mon Sep 07 15:42:17 UTC 2020 /home/travis/build/icyphy/ptII/ptolemy/actor/lib/test/auto/MaxIndex.xml
----------------- Instantiating /home/travis/build/icyphy/ptII/ptolemy/actor/lib/test/auto/MaxIndex.xml
2 ms. Memory: 506880K Free: 451406K (89%)
----------------- Invoking toplevel() on ptolemy.moml.MoMLSimpleApplication@6d42ca3d
----------------- Done invoking toplevel() on ptolemy.moml.MoMLSimpleApplication@6d42ca3d
reloadAllAccessors: .MaxIndex

===========================================================================================
----------------- testing Mon Sep 07 15:42:17 UTC 2020 /home/travis/build/icyphy/ptII/ptolemy/actor/lib/test/auto/Maximum.xml
----------------- Instantiating /home/travis/build/icyphy/ptII/ptolemy/actor/lib/test/auto/Maximum.xml
6 ms. Memory: 506880K Free: 444718K (88%)
----------------- Invoking toplevel() on ptolemy.moml.MoMLSimpleApplication@f8b92d3
----------------- Done invoking toplevel() on ptolemy.moml.MoMLSimpleApplication@f8b92d3
reloadAllAccessors: .Maximum

===========================================================================================
----------------- testing Mon Sep 07 15:42:18 UTC 2020 /home/travis/build/icyphy/ptII/ptolemy/actor/lib/test/auto/MaximumComplex.xml
----------------- Instantiating /home/travis/build/icyphy/ptII/ptolemy/actor/lib/test/auto/MaximumComplex.xml
4 ms. Memory: 506880K Free: 438590K (87%)
----------------- Invoking toplevel() on ptolemy.moml.MoMLSimpleApplication@e2190a0
----------------- Done invoking toplevel() on ptolemy.moml.MoMLSimpleApplication@e2190a0
reloadAllAccessors: .MaximumComplex

===========================================================================================
----------------- testing Mon Sep 07 15:42:18 UTC 2020 /home/travis/build/icyphy/ptII/ptolemy/actor/lib/test/auto/MethodCallTest.xml
----------------- Instantiating /home/travis/build/icyphy/ptII/ptolemy/actor/lib/test/auto/MethodCallTest.xml
2 ms. Memory: 506880K Free: 431950K (85%)
----------------- Invoking toplevel() on ptolemy.moml.MoMLSimpleApplication@2df0473e
----------------- Done invoking toplevel() on ptolemy.moml.MoMLSimpleApplication@2df0473e
reloadAllAccessors: .MethodCallTest

===========================================================================================
----------------- testing Mon Sep 07 15:42:18 UTC 2020 /home/travis/build/icyphy/ptII/ptolemy/actor/lib/test/auto/Minimum.xml
----------------- Instantiating /home/travis/build/icyphy/ptII/ptolemy/actor/lib/test/auto/Minimum.xml
2 ms. Memory: 506880K Free: 425278K (84%)
----------------- Invoking toplevel() on ptolemy.moml.MoMLSimpleApplication@37ef0b13
----------------- Done invoking toplevel() on ptolemy.moml.MoMLSimpleApplication@37ef0b13
reloadAllAccessors: .Minimum

===========================================================================================
----------------- testing Mon Sep 07 15:42:18 UTC 2020 /home/travis/build/icyphy/ptII/ptolemy/actor/lib/test/auto/MinimumComplex.xml
----------------- Instantiating /home/travis/build/icyphy/ptII/ptolemy/actor/lib/test/auto/MinimumComplex.xml
3 ms. Memory: 506880K Free: 419148K (83%)
----------------- Invoking toplevel() on ptolemy.moml.MoMLSimpleApplication@217907f5
----------------- Done invoking toplevel() on ptolemy.moml.MoMLSimpleApplication@217907f5
reloadAllAccessors: .MinimumComplex

===========================================================================================
----------------- testing Mon Sep 07 15:42:18 UTC 2020 /home/travis/build/icyphy/ptII/ptolemy/actor/lib/test/auto/MinimumMultiports.xml
----------------- Instantiating /home/travis/build/icyphy/ptII/ptolemy/actor/lib/test/auto/MinimumMultiports.xml
3 ms. Memory: 506880K Free: 410446K (81%)
----------------- Invoking toplevel() on ptolemy.moml.MoMLSimpleApplication@367eb34e
----------------- Done invoking toplevel() on ptolemy.moml.MoMLSimpleApplication@367eb34e
reloadAllAccessors: .MinimumMultiports

===========================================================================================
----------------- testing Mon Sep 07 15:42:18 UTC 2020 /home/travis/build/icyphy/ptII/ptolemy/actor/lib/test/auto/ModifyDate.xml
----------------- Instantiating /home/travis/build/icyphy/ptII/ptolemy/actor/lib/test/auto/ModifyDate.xml
9 ms. Memory: 506880K Free: 397644K (78%)
----------------- Invoking toplevel() on ptolemy.moml.MoMLSimpleApplication@191f93aa
----------------- Done invoking toplevel() on ptolemy.moml.MoMLSimpleApplication@191f93aa
reloadAllAccessors: .ModifyDate

===========================================================================================
----------------- testing Mon Sep 07 15:42:18 UTC 2020 /home/travis/build/icyphy/ptII/ptolemy/actor/lib/test/auto/ModifyDate2.xml
----------------- Instantiating /home/travis/build/icyphy/ptII/ptolemy/actor/lib/test/auto/ModifyDate2.xml
3 ms. Memory: 506880K Free: 388942K (77%)
----------------- Invoking toplevel() on ptolemy.moml.MoMLSimpleApplication@45588a87
----------------- Done invoking toplevel() on ptolemy.moml.MoMLSimpleApplication@45588a87
reloadAllAccessors: .ModifyDate2

===========================================================================================
----------------- testing Mon Sep 07 15:42:18 UTC 2020 /home/travis/build/icyphy/ptII/ptolemy/actor/lib/test/auto/MovingAverage.xml
----------------- Instantiating /home/travis/build/icyphy/ptII/ptolemy/actor/lib/test/auto/MovingAverage.xml
1 ms. Memory: 506880K Free: 383822K (76%)
----------------- Invoking toplevel() on ptolemy.moml.MoMLSimpleApplication@72a59f34
----------------- Done invoking toplevel() on ptolemy.moml.MoMLSimpleApplication@72a59f34
reloadAllAccessors: .MovingAverage

===========================================================================================
----------------- testing Mon Sep 07 15:42:18 UTC 2020 /home/travis/build/icyphy/ptII/ptolemy/actor/lib/test/auto/MovingMaximum.xml
----------------- Instantiating /home/travis/build/icyphy/ptII/ptolemy/actor/lib/test/auto/MovingMaximum.xml
1 ms. Memory: 506880K Free: 379212K (75%)
----------------- Invoking toplevel() on ptolemy.moml.MoMLSimpleApplication@3d593f44
----------------- Done invoking toplevel() on ptolemy.moml.MoMLSimpleApplication@3d593f44
reloadAllAccessors: .MovingMaximum

===========================================================================================
----------------- testing Mon Sep 07 15:42:18 UTC 2020 /home/travis/build/icyphy/ptII/ptolemy/actor/lib/test/auto/MultipleLinksToSameRelation.xml
----------------- Instantiating /home/travis/build/icyphy/ptII/ptolemy/actor/lib/test/auto/MultipleLinksToSameRelation.xml
1 ms. Memory: 506880K Free: 375116K (74%)
----------------- Invoking toplevel() on ptolemy.moml.MoMLSimpleApplication@49bc5382
----------------- Done invoking toplevel() on ptolemy.moml.MoMLSimpleApplication@49bc5382
reloadAllAccessors: .MultipleLinksToSameRelation

===========================================================================================
----------------- testing Mon Sep 07 15:42:18 UTC 2020 /home/travis/build/icyphy/ptII/ptolemy/actor/lib/test/auto/MultipleLinksToSameRelationDE.xml
----------------- Instantiating /home/travis/build/icyphy/ptII/ptolemy/actor/lib/test/auto/MultipleLinksToSameRelationDE.xml
1 ms. Memory: 506880K Free: 370510K (73%)
----------------- Invoking toplevel() on ptolemy.moml.MoMLSimpleApplication@29db6df3
----------------- Done invoking toplevel() on ptolemy.moml.MoMLSimpleApplication@29db6df3
reloadAllAccessors: .MultipleLinksToSameRelationDE

===========================================================================================
----------------- testing Mon Sep 07 15:42:18 UTC 2020 /home/travis/build/icyphy/ptII/ptolemy/actor/lib/test/auto/Multiplexor.xml
----------------- Instantiating /home/travis/build/icyphy/ptII/ptolemy/actor/lib/test/auto/Multiplexor.xml
2 ms. Memory: 506880K Free: 364876K (72%)
----------------- Invoking toplevel() on ptolemy.moml.MoMLSimpleApplication@50b0f8dd
----------------- Done invoking toplevel() on ptolemy.moml.MoMLSimpleApplication@50b0f8dd
reloadAllAccessors: .Multiplexor

===========================================================================================
----------------- testing Mon Sep 07 15:42:18 UTC 2020 /home/travis/build/icyphy/ptII/ptolemy/actor/lib/test/auto/Multiplexor1.xml
----------------- Instantiating /home/travis/build/icyphy/ptII/ptolemy/actor/lib/test/auto/Multiplexor1.xml
2 ms. Memory: 506880K Free: 359246K (71%)
----------------- Invoking toplevel() on ptolemy.moml.MoMLSimpleApplication@152a5188
----------------- Done invoking toplevel() on ptolemy.moml.MoMLSimpleApplication@152a5188
reloadAllAccessors: .Multiplexor1

===========================================================================================
----------------- testing Mon Sep 07 15:42:18 UTC 2020 /home/travis/build/icyphy/ptII/ptolemy/actor/lib/test/auto/Multiplexor2.xml
----------------- Instantiating /home/travis/build/icyphy/ptII/ptolemy/actor/lib/test/auto/Multiplexor2.xml
4 ms. Memory: 506880K Free: 352588K (70%)
----------------- Invoking toplevel() on ptolemy.moml.MoMLSimpleApplication@297877e0
----------------- Done invoking toplevel() on ptolemy.moml.MoMLSimpleApplication@297877e0
reloadAllAccessors: .Multiplexor2

===========================================================================================
----------------- testing Mon Sep 07 15:42:18 UTC 2020 /home/travis/build/icyphy/ptII/ptolemy/actor/lib/test/auto/Multiplexor3.xml
----------------- Instantiating /home/travis/build/icyphy/ptII/ptolemy/actor/lib/test/auto/Multiplexor3.xml
2 ms. Memory: 506880K Free: 348492K (69%)
----------------- Invoking toplevel() on ptolemy.moml.MoMLSimpleApplication@6761c21b
----------------- Done invoking toplevel() on ptolemy.moml.MoMLSimpleApplication@6761c21b
reloadAllAccessors: .Multiplexor3

===========================================================================================
----------------- testing Mon Sep 07 15:42:18 UTC 2020 /home/travis/build/icyphy/ptII/ptolemy/actor/lib/test/auto/MultiplexorDE.xml
----------------- Instantiating /home/travis/build/icyphy/ptII/ptolemy/actor/lib/test/auto/MultiplexorDE.xml
2 ms. Memory: 506880K Free: 340814K (67%)
----------------- Invoking toplevel() on ptolemy.moml.MoMLSimpleApplication@620addfc
----------------- Done invoking toplevel() on ptolemy.moml.MoMLSimpleApplication@620addfc
reloadAllAccessors: .MultiplexorDE

===========================================================================================
----------------- testing Mon Sep 07 15:42:18 UTC 2020 /home/travis/build/icyphy/ptII/ptolemy/actor/lib/test/auto/MultiportBroadcastTest.xml
----------------- Instantiating /home/travis/build/icyphy/ptII/ptolemy/actor/lib/test/auto/MultiportBroadcastTest.xml
71 ms. Memory: 506880K Free: 333646K (66%)
----------------- Invoking toplevel() on ptolemy.moml.MoMLSimpleApplication@3de89a52
----------------- Done invoking toplevel() on ptolemy.moml.MoMLSimpleApplication@3de89a52
reloadAllAccessors: .MultiportBroadcastTest

===========================================================================================
----------------- testing Mon Sep 07 15:42:18 UTC 2020 /home/travis/build/icyphy/ptII/ptolemy/actor/lib/test/auto/MultiportOutHangDuringGetWidth.xml
----------------- Instantiating /home/travis/build/icyphy/ptII/ptolemy/actor/lib/test/auto/MultiportOutHangDuringGetWidth.xml
5 ms. Memory: 506880K Free: 321358K (63%)
----------------- Invoking toplevel() on ptolemy.moml.MoMLSimpleApplication@5ef10731
----------------- Done invoking toplevel() on ptolemy.moml.MoMLSimpleApplication@5ef10731
reloadAllAccessors: .MultiportOutHangDuringGetWidth

===========================================================================================
----------------- testing Mon Sep 07 15:42:18 UTC 2020 /home/travis/build/icyphy/ptII/ptolemy/actor/lib/test/auto/NilToken.xml
----------------- Instantiating /home/travis/build/icyphy/ptII/ptolemy/actor/lib/test/auto/NilToken.xml
1 ms. Memory: 506880K Free: 317262K (63%)
----------------- Invoking toplevel() on ptolemy.moml.MoMLSimpleApplication@20a6ff77
----------------- Done invoking toplevel() on ptolemy.moml.MoMLSimpleApplication@20a6ff77
reloadAllAccessors: .NilToken

===========================================================================================
----------------- testing Mon Sep 07 15:42:18 UTC 2020 /home/travis/build/icyphy/ptII/ptolemy/actor/lib/test/auto/NilTokenNonStrictTest.xml
----------------- Instantiating /home/travis/build/icyphy/ptII/ptolemy/actor/lib/test/auto/NilTokenNonStrictTest.xml
1 ms. Memory: 506880K Free: 312652K (62%)
----------------- Invoking toplevel() on ptolemy.moml.MoMLSimpleApplication@7f876756
----------------- Done invoking toplevel() on ptolemy.moml.MoMLSimpleApplication@7f876756
reloadAllAccessors: .NilTokenNonStrictTest

===========================================================================================
----------------- testing Mon Sep 07 15:42:18 UTC 2020 /home/travis/build/icyphy/ptII/ptolemy/actor/lib/test/auto/NilTokenRecord.xml
----------------- Instantiating /home/travis/build/icyphy/ptII/ptolemy/actor/lib/test/auto/NilTokenRecord.xml
5 ms. Memory: 506880K Free: 305998K (60%)
----------------- Invoking toplevel() on ptolemy.moml.MoMLSimpleApplication@1cbce189
----------------- Done invoking toplevel() on ptolemy.moml.MoMLSimpleApplication@1cbce189
reloadAllAccessors: .NilTokenRecord

===========================================================================================
----------------- testing Mon Sep 07 15:42:18 UTC 2020 /home/travis/build/icyphy/ptII/ptolemy/actor/lib/test/auto/NilTokenTypeTest.xml
----------------- Instantiating /home/travis/build/icyphy/ptII/ptolemy/actor/lib/test/auto/NilTokenTypeTest.xml
8 ms. Memory: 506880K Free: 296268K (58%)
----------------- Invoking toplevel() on ptolemy.moml.MoMLSimpleApplication@921d92
----------------- Done invoking toplevel() on ptolemy.moml.MoMLSimpleApplication@921d92
reloadAllAccessors: .NilTokenTypeTest

===========================================================================================
----------------- testing Mon Sep 07 15:42:18 UTC 2020 /home/travis/build/icyphy/ptII/ptolemy/actor/lib/test/auto/ObjectToken1.xml
----------------- Instantiating /home/travis/build/icyphy/ptII/ptolemy/actor/lib/test/auto/ObjectToken1.xml
2 ms. Memory: 506880K Free: 292172K (58%)
----------------- Invoking toplevel() on ptolemy.moml.MoMLSimpleApplication@31342d34
----------------- Done invoking toplevel() on ptolemy.moml.MoMLSimpleApplication@31342d34
reloadAllAccessors: .ObjectToken1

===========================================================================================
----------------- testing Mon Sep 07 15:42:18 UTC 2020 /home/travis/build/icyphy/ptII/ptolemy/actor/lib/test/auto/OrderedMerge.xml
----------------- Instantiating /home/travis/build/icyphy/ptII/ptolemy/actor/lib/test/auto/OrderedMerge.xml
9 ms. Memory: 506880K Free: 286542K (57%)
----------------- Invoking toplevel() on ptolemy.moml.MoMLSimpleApplication@52c0d19f
----------------- Done invoking toplevel() on ptolemy.moml.MoMLSimpleApplication@52c0d19f
reloadAllAccessors: .OrderedMerge

===========================================================================================
----------------- testing Mon Sep 07 15:42:18 UTC 2020 /home/travis/build/icyphy/ptII/ptolemy/actor/lib/test/auto/OrderedRecordDisassembler.xml
----------------- Instantiating /home/travis/build/icyphy/ptII/ptolemy/actor/lib/test/auto/OrderedRecordDisassembler.xml
3 ms. Memory: 506880K Free: 281422K (56%)
----------------- Invoking toplevel() on ptolemy.moml.MoMLSimpleApplication@1a32052d
----------------- Done invoking toplevel() on ptolemy.moml.MoMLSimpleApplication@1a32052d
reloadAllAccessors: .OrderedRecordDisassembler

===========================================================================================
----------------- testing Mon Sep 07 15:42:18 UTC 2020 /home/travis/build/icyphy/ptII/ptolemy/actor/lib/test/auto/OrderedRecordDisassembler2.xml
----------------- Instantiating /home/travis/build/icyphy/ptII/ptolemy/actor/lib/test/auto/OrderedRecordDisassembler2.xml
4 ms. Memory: 506880K Free: 273710K (54%)
----------------- Invoking toplevel() on ptolemy.moml.MoMLSimpleApplication@792f3df8
----------------- Done invoking toplevel() on ptolemy.moml.MoMLSimpleApplication@792f3df8
reloadAllAccessors: .OrderedRecordDisassembler2

===========================================================================================
----------------- testing Mon Sep 07 15:42:18 UTC 2020 /home/travis/build/icyphy/ptII/ptolemy/actor/lib/test/auto/OrderedRecordUpdater.xml
----------------- Instantiating /home/travis/build/icyphy/ptII/ptolemy/actor/lib/test/auto/OrderedRecordUpdater.xml
2 ms. Memory: 506880K Free: 268620K (53%)
----------------- Invoking toplevel() on ptolemy.moml.MoMLSimpleApplication@6f4fe928
----------------- Done invoking toplevel() on ptolemy.moml.MoMLSimpleApplication@6f4fe928
reloadAllAccessors: .RecordUpdater

===========================================================================================
----------------- testing Mon Sep 07 15:42:18 UTC 2020 /home/travis/build/icyphy/ptII/ptolemy/actor/lib/test/auto/OrderedRecordUpdater2.xml
----------------- Instantiating /home/travis/build/icyphy/ptII/ptolemy/actor/lib/test/auto/OrderedRecordUpdater2.xml
2 ms. Memory: 506880K Free: 263500K (52%)
----------------- Invoking toplevel() on ptolemy.moml.MoMLSimpleApplication@5d7d5a57
----------------- Done invoking toplevel() on ptolemy.moml.MoMLSimpleApplication@5d7d5a57
reloadAllAccessors: .RecordUpdater2

===========================================================================================
----------------- testing Mon Sep 07 15:42:18 UTC 2020 /home/travis/build/icyphy/ptII/ptolemy/actor/lib/test/auto/PhaseUnwrap.xml
----------------- Instantiating /home/travis/build/icyphy/ptII/ptolemy/actor/lib/test/auto/PhaseUnwrap.xml
1 ms. Memory: 506880K Free: 258894K (51%)
----------------- Invoking toplevel() on ptolemy.moml.MoMLSimpleApplication@3c52c4fc
----------------- Done invoking toplevel() on ptolemy.moml.MoMLSimpleApplication@3c52c4fc
reloadAllAccessors: .PhaseUnwrap

===========================================================================================
----------------- testing Mon Sep 07 15:42:18 UTC 2020 /home/travis/build/icyphy/ptII/ptolemy/actor/lib/test/auto/PoissonClock.xml
----------------- Instantiating /home/travis/build/icyphy/ptII/ptolemy/actor/lib/test/auto/PoissonClock.xml
1 ms. Memory: 506880K Free: 254798K (50%)
----------------- Invoking toplevel() on ptolemy.moml.MoMLSimpleApplication@252210cc
----------------- Done invoking toplevel() on ptolemy.moml.MoMLSimpleApplication@252210cc
reloadAllAccessors: .PoissonClock

===========================================================================================
----------------- testing Mon Sep 07 15:42:18 UTC 2020 /home/travis/build/icyphy/ptII/ptolemy/actor/lib/test/auto/PoissonClock2.xml
----------------- Instantiating /home/travis/build/icyphy/ptII/ptolemy/actor/lib/test/auto/PoissonClock2.xml
1 ms. Memory: 506880K Free: 250702K (49%)
----------------- Invoking toplevel() on ptolemy.moml.MoMLSimpleApplication@5cc75394
----------------- Done invoking toplevel() on ptolemy.moml.MoMLSimpleApplication@5cc75394
reloadAllAccessors: .PoissonClock2

===========================================================================================
----------------- testing Mon Sep 07 15:42:18 UTC 2020 /home/travis/build/icyphy/ptII/ptolemy/actor/lib/test/auto/PoissonClock3.xml
----------------- Instantiating /home/travis/build/icyphy/ptII/ptolemy/actor/lib/test/auto/PoissonClock3.xml
1 ms. Memory: 506880K Free: 246092K (49%)
----------------- Invoking toplevel() on ptolemy.moml.MoMLSimpleApplication@8308e94
----------------- Done invoking toplevel() on ptolemy.moml.MoMLSimpleApplication@8308e94
reloadAllAccessors: .PoissonClock3

===========================================================================================
----------------- testing Mon Sep 07 15:42:18 UTC 2020 /home/travis/build/icyphy/ptII/ptolemy/actor/lib/test/auto/PubSubWithInitialTokens.xml
----------------- Instantiating /home/travis/build/icyphy/ptII/ptolemy/actor/lib/test/auto/PubSubWithInitialTokens.xml
3 ms. Memory: 506880K Free: 240462K (47%)
----------------- Invoking toplevel() on ptolemy.moml.MoMLSimpleApplication@704f3a1d
----------------- Done invoking toplevel() on ptolemy.moml.MoMLSimpleApplication@704f3a1d
reloadAllAccessors: .PubSubWithInitialTokens

===========================================================================================
----------------- testing Mon Sep 07 15:42:18 UTC 2020 /home/travis/build/icyphy/ptII/ptolemy/actor/lib/test/auto/PubSubWithInitialTokens2.xml
----------------- Instantiating /home/travis/build/icyphy/ptII/ptolemy/actor/lib/test/auto/PubSubWithInitialTokens2.xml
1 ms. Memory: 506880K Free: 233774K (46%)
----------------- Invoking toplevel() on ptolemy.moml.MoMLSimpleApplication@7fc3a7ed
----------------- Done invoking toplevel() on ptolemy.moml.MoMLSimpleApplication@7fc3a7ed
reloadAllAccessors: .PubSubWithInitialTokens2

===========================================================================================
----------------- testing Mon Sep 07 15:42:18 UTC 2020 /home/travis/build/icyphy/ptII/ptolemy/actor/lib/test/auto/PublisherClassNoParameter.xml
----------------- Instantiating /home/travis/build/icyphy/ptII/ptolemy/actor/lib/test/auto/PublisherClassNoParameter.xml
3 ms. Memory: 506880K Free: 224078K (44%)
----------------- Invoking toplevel() on ptolemy.moml.MoMLSimpleApplication@1e7ea9ed
----------------- Done invoking toplevel() on ptolemy.moml.MoMLSimpleApplication@1e7ea9ed
reloadAllAccessors: .PublisherClassNoParameter

===========================================================================================
----------------- testing Mon Sep 07 15:42:18 UTC 2020 /home/travis/build/icyphy/ptII/ptolemy/actor/lib/test/auto/PublisherClassParameter.xml
----------------- Instantiating /home/travis/build/icyphy/ptII/ptolemy/actor/lib/test/auto/PublisherClassParameter.xml
2 ms. Memory: 506880K Free: 213838K (42%)
----------------- Invoking toplevel() on ptolemy.moml.MoMLSimpleApplication@40cfb152
----------------- Done invoking toplevel() on ptolemy.moml.MoMLSimpleApplication@40cfb152
reloadAllAccessors: .PublisherClassParameter

===========================================================================================
----------------- testing Mon Sep 07 15:42:18 UTC 2020 /home/travis/build/icyphy/ptII/ptolemy/actor/lib/test/auto/PublisherNonStrictTest.xml
----------------- Instantiating /home/travis/build/icyphy/ptII/ptolemy/actor/lib/test/auto/PublisherNonStrictTest.xml
2 ms. Memory: 506880K Free: 206150K (41%)
----------------- Invoking toplevel() on ptolemy.moml.MoMLSimpleApplication@8bd8703
----------------- Done invoking toplevel() on ptolemy.moml.MoMLSimpleApplication@8bd8703
reloadAllAccessors: .PublisherNonStrictTest

===========================================================================================
----------------- testing Mon Sep 07 15:42:18 UTC 2020 /home/travis/build/icyphy/ptII/ptolemy/actor/lib/test/auto/PublisherPort1.xml
----------------- Instantiating /home/travis/build/icyphy/ptII/ptolemy/actor/lib/test/auto/PublisherPort1.xml
2 ms. Memory: 506880K Free: 200526K (40%)
----------------- Invoking toplevel() on ptolemy.moml.MoMLSimpleApplication@5ca0c1d8
----------------- Done invoking toplevel() on ptolemy.moml.MoMLSimpleApplication@5ca0c1d8
reloadAllAccessors: .PublisherPort1

===========================================================================================
----------------- testing Mon Sep 07 15:42:18 UTC 2020 /home/travis/build/icyphy/ptII/ptolemy/actor/lib/test/auto/PublisherPort2.xml
----------------- Instantiating /home/travis/build/icyphy/ptII/ptolemy/actor/lib/test/auto/PublisherPort2.xml
1 ms. Memory: 506880K Free: 195406K (39%)
----------------- Invoking toplevel() on ptolemy.moml.MoMLSimpleApplication@7f4d24dd
----------------- Done invoking toplevel() on ptolemy.moml.MoMLSimpleApplication@7f4d24dd
reloadAllAccessors: .PublisherPort2

===========================================================================================
----------------- testing Mon Sep 07 15:42:18 UTC 2020 /home/travis/build/icyphy/ptII/ptolemy/actor/lib/test/auto/PublisherPort3.xml
----------------- Instantiating /home/travis/build/icyphy/ptII/ptolemy/actor/lib/test/auto/PublisherPort3.xml
13 ms. Memory: 506880K Free: 188718K (37%)
----------------- Invoking toplevel() on ptolemy.moml.MoMLSimpleApplication@2c32d164
----------------- Done invoking toplevel() on ptolemy.moml.MoMLSimpleApplication@2c32d164
reloadAllAccessors: .PublisherPort3

===========================================================================================
----------------- testing Mon Sep 07 15:42:18 UTC 2020 /home/travis/build/icyphy/ptII/ptolemy/actor/lib/test/auto/PublisherPort4.xml
----------------- Instantiating /home/travis/build/icyphy/ptII/ptolemy/actor/lib/test/auto/PublisherPort4.xml
2 ms. Memory: 506880K Free: 183118K (36%)
----------------- Invoking toplevel() on ptolemy.moml.MoMLSimpleApplication@58cfa465
----------------- Done invoking toplevel() on ptolemy.moml.MoMLSimpleApplication@58cfa465
reloadAllAccessors: .PublisherPort4

===========================================================================================
----------------- testing Mon Sep 07 15:42:18 UTC 2020 /home/travis/build/icyphy/ptII/ptolemy/actor/lib/test/auto/PublisherPort5.xml
----------------- Instantiating /home/travis/build/icyphy/ptII/ptolemy/actor/lib/test/auto/PublisherPort5.xml
6 ms. Memory: 506880K Free: 175436K (35%)
----------------- Invoking toplevel() on ptolemy.moml.MoMLSimpleApplication@d0b41b5
----------------- Done invoking toplevel() on ptolemy.moml.MoMLSimpleApplication@d0b41b5
reloadAllAccessors: .PublisherPort5

===========================================================================================
----------------- testing Mon Sep 07 15:42:18 UTC 2020 /home/travis/build/icyphy/ptII/ptolemy/actor/lib/test/auto/PublisherPort5LookAlike.xml
----------------- Instantiating /home/travis/build/icyphy/ptII/ptolemy/actor/lib/test/auto/PublisherPort5LookAlike.xml
6 ms. Memory: 506880K Free: 167758K (33%)
----------------- Invoking toplevel() on ptolemy.moml.MoMLSimpleApplication@2493b400
----------------- Done invoking toplevel() on ptolemy.moml.MoMLSimpleApplication@2493b400
reloadAllAccessors: .PublisherPort5LookAlike

===========================================================================================
----------------- testing Mon Sep 07 15:42:18 UTC 2020 /home/travis/build/icyphy/ptII/ptolemy/actor/lib/test/auto/PublisherPort6.xml
----------------- Instantiating /home/travis/build/icyphy/ptII/ptolemy/actor/lib/test/auto/PublisherPort6.xml
2 ms. Memory: 506880K Free: 161086K (32%)
----------------- Invoking toplevel() on ptolemy.moml.MoMLSimpleApplication@1881d92b
----------------- Done invoking toplevel() on ptolemy.moml.MoMLSimpleApplication@1881d92b
reloadAllAccessors: .PublisherPort6

===========================================================================================
----------------- testing Mon Sep 07 15:42:18 UTC 2020 /home/travis/build/icyphy/ptII/ptolemy/actor/lib/test/auto/PublisherPort7.xml
----------------- Instantiating /home/travis/build/icyphy/ptII/ptolemy/actor/lib/test/auto/PublisherPort7.xml
3 ms. Memory: 506880K Free: 453104K (89%)
----------------- Invoking toplevel() on ptolemy.moml.MoMLSimpleApplication@a619f0f
----------------- Done invoking toplevel() on ptolemy.moml.MoMLSimpleApplication@a619f0f
reloadAllAccessors: .PublisherPort7

===========================================================================================
----------------- testing Mon Sep 07 15:42:18 UTC 2020 /home/travis/build/icyphy/ptII/ptolemy/actor/lib/test/auto/PublisherPort8.xml
----------------- Instantiating /home/travis/build/icyphy/ptII/ptolemy/actor/lib/test/auto/PublisherPort8.xml
4 ms. Memory: 506880K Free: 443902K (88%)
----------------- Invoking toplevel() on ptolemy.moml.MoMLSimpleApplication@6d580cc3
----------------- Done invoking toplevel() on ptolemy.moml.MoMLSimpleApplication@6d580cc3
reloadAllAccessors: .PublisherPort8

===========================================================================================
----------------- testing Mon Sep 07 15:42:18 UTC 2020 /home/travis/build/icyphy/ptII/ptolemy/actor/lib/test/auto/PublisherPortSubscriberChannelVariablesAOC2.xml
----------------- Instantiating /home/travis/build/icyphy/ptII/ptolemy/actor/lib/test/auto/PublisherPortSubscriberChannelVariablesAOC2.xml
2 ms. Memory: 506880K Free: 426494K (84%)
----------------- Invoking toplevel() on ptolemy.moml.MoMLSimpleApplication@8d5ff25
----------------- Done invoking toplevel() on ptolemy.moml.MoMLSimpleApplication@8d5ff25
reloadAllAccessors: .PublisherPortSubscriberChannelVariablesAOC2

===========================================================================================
----------------- testing Mon Sep 07 15:42:19 UTC 2020 /home/travis/build/icyphy/ptII/ptolemy/actor/lib/test/auto/PublisherPortSubscriberOpaqueWidthInference.xml
----------------- Instantiating /home/travis/build/icyphy/ptII/ptolemy/actor/lib/test/auto/PublisherPortSubscriberOpaqueWidthInference.xml
3 ms. Memory: 506880K Free: 418288K (83%)
----------------- Invoking toplevel() on ptolemy.moml.MoMLSimpleApplication@422bd584
----------------- Done invoking toplevel() on ptolemy.moml.MoMLSimpleApplication@422bd584
reloadAllAccessors: .PublisherPortSubscriberOpaqueWidthInference

===========================================================================================
----------------- testing Mon Sep 07 15:42:19 UTC 2020 /home/travis/build/icyphy/ptII/ptolemy/actor/lib/test/auto/PublisherPortSubscriberPortAdjacent.xml
----------------- Instantiating /home/travis/build/icyphy/ptII/ptolemy/actor/lib/test/auto/PublisherPortSubscriberPortAdjacent.xml
1 ms. Memory: 506880K Free: 410110K (81%)
----------------- Invoking toplevel() on ptolemy.moml.MoMLSimpleApplication@1d05322e
----------------- Done invoking toplevel() on ptolemy.moml.MoMLSimpleApplication@1d05322e
reloadAllAccessors: .PublisherPortSubscriberPortAdjacent

===========================================================================================
----------------- testing Mon Sep 07 15:42:19 UTC 2020 /home/travis/build/icyphy/ptII/ptolemy/actor/lib/test/auto/PublisherPortSubscriberPortExpression.xml
----------------- Instantiating /home/travis/build/icyphy/ptII/ptolemy/actor/lib/test/auto/PublisherPortSubscriberPortExpression.xml
3 ms. Memory: 506880K Free: 402432K (79%)
----------------- Invoking toplevel() on ptolemy.moml.MoMLSimpleApplication@7caab0c8
----------------- Done invoking toplevel() on ptolemy.moml.MoMLSimpleApplication@7caab0c8
reloadAllAccessors: .PublisherPortSubscriberPortExpression

===========================================================================================
----------------- testing Mon Sep 07 15:42:19 UTC 2020 /home/travis/build/icyphy/ptII/ptolemy/actor/lib/test/auto/PublisherPortSubscriberPortOpaqueD3Reverse.xml
----------------- Instantiating /home/travis/build/icyphy/ptII/ptolemy/actor/lib/test/auto/PublisherPortSubscriberPortOpaqueD3Reverse.xml
6 ms. Memory: 506880K Free: 392192K (77%)
----------------- Invoking toplevel() on ptolemy.moml.MoMLSimpleApplication@79bc88fe
----------------- Done invoking toplevel() on ptolemy.moml.MoMLSimpleApplication@79bc88fe
reloadAllAccessors: .PublisherPortSubscriberPortOpaqueD3Reverse

===========================================================================================
----------------- testing Mon Sep 07 15:42:19 UTC 2020 /home/travis/build/icyphy/ptII/ptolemy/actor/lib/test/auto/PublisherPortSubscriberPortOpaqueWidthInference.xml
----------------- Instantiating /home/travis/build/icyphy/ptII/ptolemy/actor/lib/test/auto/PublisherPortSubscriberPortOpaqueWidthInference.xml
3 ms. Memory: 506880K Free: 384496K (76%)
----------------- Invoking toplevel() on ptolemy.moml.MoMLSimpleApplication@4547856a
----------------- Done invoking toplevel() on ptolemy.moml.MoMLSimpleApplication@4547856a
reloadAllAccessors: .PublisherPortSubscriberPortOpaqueWidthInference

===========================================================================================
----------------- testing Mon Sep 07 15:42:19 UTC 2020 /home/travis/build/icyphy/ptII/ptolemy/actor/lib/test/auto/PublisherPortToplevelSubscriberPortAOC.xml
----------------- Instantiating /home/travis/build/icyphy/ptII/ptolemy/actor/lib/test/auto/PublisherPortToplevelSubscriberPortAOC.xml
.PublisherPortToplevelSubscriberPortAOC.TestExceptionAttribute: initialize() was not invoked, but wrapup() was.  This is unusual, but not always a problem.  For example, exporting JNLP will do this.
1 ms. Memory: 506880K Free: 378880K (75%)
----------------- Invoking toplevel() on ptolemy.moml.MoMLSimpleApplication@703e13d0
----------------- Done invoking toplevel() on ptolemy.moml.MoMLSimpleApplication@703e13d0
reloadAllAccessors: .PublisherPortToplevelSubscriberPortAOC

===========================================================================================
----------------- testing Mon Sep 07 15:42:19 UTC 2020 /home/travis/build/icyphy/ptII/ptolemy/actor/lib/test/auto/PublisherSubscriber.xml
----------------- Instantiating /home/travis/build/icyphy/ptII/ptolemy/actor/lib/test/auto/PublisherSubscriber.xml
2 ms. Memory: 506880K Free: 370688K (73%)
----------------- Invoking toplevel() on ptolemy.moml.MoMLSimpleApplication@21fcca3
----------------- Done invoking toplevel() on ptolemy.moml.MoMLSimpleApplication@21fcca3
reloadAllAccessors: .PublisherSubscriber

===========================================================================================
----------------- testing Mon Sep 07 15:42:19 UTC 2020 /home/travis/build/icyphy/ptII/ptolemy/actor/lib/test/auto/PublisherSubscriber10.xml
----------------- Instantiating /home/travis/build/icyphy/ptII/ptolemy/actor/lib/test/auto/PublisherSubscriber10.xml
5 ms. Memory: 506880K Free: 360958K (71%)
----------------- Invoking toplevel() on ptolemy.moml.MoMLSimpleApplication@1c59091f
----------------- Done invoking toplevel() on ptolemy.moml.MoMLSimpleApplication@1c59091f
reloadAllAccessors: .PublisherSubscriber10

===========================================================================================
----------------- testing Mon Sep 07 15:42:19 UTC 2020 /home/travis/build/icyphy/ptII/ptolemy/actor/lib/test/auto/PublisherSubscriber10InitialOutputs.xml
----------------- Instantiating /home/travis/build/icyphy/ptII/ptolemy/actor/lib/test/auto/PublisherSubscriber10InitialOutputs.xml
15 ms. Memory: 506880K Free: 351742K (69%)
----------------- Invoking toplevel() on ptolemy.moml.MoMLSimpleApplication@746042b5
----------------- Done invoking toplevel() on ptolemy.moml.MoMLSimpleApplication@746042b5
reloadAllAccessors: .PublisherSubscriber10InitialOutputs

===========================================================================================
----------------- testing Mon Sep 07 15:42:19 UTC 2020 /home/travis/build/icyphy/ptII/ptolemy/actor/lib/test/auto/PublisherSubscriber11.xml
----------------- Instantiating /home/travis/build/icyphy/ptII/ptolemy/actor/lib/test/auto/PublisherSubscriber11.xml
3 ms. Memory: 506880K Free: 345568K (68%)
----------------- Invoking toplevel() on ptolemy.moml.MoMLSimpleApplication@4f525b42
----------------- Done invoking toplevel() on ptolemy.moml.MoMLSimpleApplication@4f525b42
reloadAllAccessors: .PublisherSubscriber11

===========================================================================================
----------------- testing Mon Sep 07 15:42:19 UTC 2020 /home/travis/build/icyphy/ptII/ptolemy/actor/lib/test/auto/PublisherSubscriber12.xml
----------------- Instantiating /home/travis/build/icyphy/ptII/ptolemy/actor/lib/test/auto/PublisherSubscriber12.xml
3 ms. Memory: 506880K Free: 338430K (67%)
----------------- Invoking toplevel() on ptolemy.moml.MoMLSimpleApplication@59a0d41b
----------------- Done invoking toplevel() on ptolemy.moml.MoMLSimpleApplication@59a0d41b
reloadAllAccessors: .PublisherSubscriber12

===========================================================================================
----------------- testing Mon Sep 07 15:42:19 UTC 2020 /home/travis/build/icyphy/ptII/ptolemy/actor/lib/test/auto/PublisherSubscriber13.xml
----------------- Instantiating /home/travis/build/icyphy/ptII/ptolemy/actor/lib/test/auto/PublisherSubscriber13.xml
2 ms. Memory: 506880K Free: 332800K (66%)
----------------- Invoking toplevel() on ptolemy.moml.MoMLSimpleApplication@1ecaeb88
----------------- Done invoking toplevel() on ptolemy.moml.MoMLSimpleApplication@1ecaeb88
reloadAllAccessors: .PublisherSubscriber13

===========================================================================================
----------------- testing Mon Sep 07 15:42:19 UTC 2020 /home/travis/build/icyphy/ptII/ptolemy/actor/lib/test/auto/PublisherSubscriber14.xml
----------------- Instantiating /home/travis/build/icyphy/ptII/ptolemy/actor/lib/test/auto/PublisherSubscriber14.xml
2 ms. Memory: 506880K Free: 324064K (64%)
----------------- Invoking toplevel() on ptolemy.moml.MoMLSimpleApplication@244df022
----------------- Done invoking toplevel() on ptolemy.moml.MoMLSimpleApplication@244df022
reloadAllAccessors: .PublisherSubscriber14

===========================================================================================
----------------- testing Mon Sep 07 15:42:19 UTC 2020 /home/travis/build/icyphy/ptII/ptolemy/actor/lib/test/auto/PublisherSubscriber2.xml
----------------- Instantiating /home/travis/build/icyphy/ptII/ptolemy/actor/lib/test/auto/PublisherSubscriber2.xml
1 ms. Memory: 506880K Free: 317936K (63%)
----------------- Invoking toplevel() on ptolemy.moml.MoMLSimpleApplication@5ca26a2
----------------- Done invoking toplevel() on ptolemy.moml.MoMLSimpleApplication@5ca26a2
reloadAllAccessors: .PublisherSubscriber2

===========================================================================================
----------------- testing Mon Sep 07 15:42:19 UTC 2020 /home/travis/build/icyphy/ptII/ptolemy/actor/lib/test/auto/PublisherSubscriber3.xml
----------------- Instantiating /home/travis/build/icyphy/ptII/ptolemy/actor/lib/test/auto/PublisherSubscriber3.xml
1 ms. Memory: 506880K Free: 312320K (62%)
----------------- Invoking toplevel() on ptolemy.moml.MoMLSimpleApplication@64761907
----------------- Done invoking toplevel() on ptolemy.moml.MoMLSimpleApplication@64761907
reloadAllAccessors: .PublisherSubscriber3

===========================================================================================
----------------- testing Mon Sep 07 15:42:19 UTC 2020 /home/travis/build/icyphy/ptII/ptolemy/actor/lib/test/auto/PublisherSubscriber4.xml
----------------- Instantiating /home/travis/build/icyphy/ptII/ptolemy/actor/lib/test/auto/PublisherSubscriber4.xml
1 ms. Memory: 506880K Free: 306656K (60%)
----------------- Invoking toplevel() on ptolemy.moml.MoMLSimpleApplication@413f08dc
----------------- Done invoking toplevel() on ptolemy.moml.MoMLSimpleApplication@413f08dc
reloadAllAccessors: .PublisherSubscriber4

===========================================================================================
----------------- testing Mon Sep 07 15:42:19 UTC 2020 /home/travis/build/icyphy/ptII/ptolemy/actor/lib/test/auto/PublisherSubscriber5.xml
----------------- Instantiating /home/travis/build/icyphy/ptII/ptolemy/actor/lib/test/auto/PublisherSubscriber5.xml
1 ms. Memory: 506880K Free: 300032K (59%)
----------------- Invoking toplevel() on ptolemy.moml.MoMLSimpleApplication@1ba9a918
----------------- Done invoking toplevel() on ptolemy.moml.MoMLSimpleApplication@1ba9a918
reloadAllAccessors: .PublisherSubscriber5

===========================================================================================
----------------- testing Mon Sep 07 15:42:19 UTC 2020 /home/travis/build/icyphy/ptII/ptolemy/actor/lib/test/auto/PublisherSubscriber6.xml
----------------- Instantiating /home/travis/build/icyphy/ptII/ptolemy/actor/lib/test/auto/PublisherSubscriber6.xml
4 ms. Memory: 506880K Free: 293360K (58%)
----------------- Invoking toplevel() on ptolemy.moml.MoMLSimpleApplication@247b75b3
----------------- Done invoking toplevel() on ptolemy.moml.MoMLSimpleApplication@247b75b3
reloadAllAccessors: .PublisherSubscriber6

===========================================================================================
----------------- testing Mon Sep 07 15:42:19 UTC 2020 /home/travis/build/icyphy/ptII/ptolemy/actor/lib/test/auto/PublisherSubscriber7.xml
----------------- Instantiating /home/travis/build/icyphy/ptII/ptolemy/actor/lib/test/auto/PublisherSubscriber7.xml
6 ms. Memory: 506880K Free: 286192K (56%)
----------------- Invoking toplevel() on ptolemy.moml.MoMLSimpleApplication@4e48e7da
----------------- Done invoking toplevel() on ptolemy.moml.MoMLSimpleApplication@4e48e7da
reloadAllAccessors: .PublisherSubscriber7

===========================================================================================
----------------- testing Mon Sep 07 15:42:19 UTC 2020 /home/travis/build/icyphy/ptII/ptolemy/actor/lib/test/auto/PublisherSubscriber8.xml
----------------- Instantiating /home/travis/build/icyphy/ptII/ptolemy/actor/lib/test/auto/PublisherSubscriber8.xml
16 ms. Memory: 506880K Free: 274432K (54%)
----------------- Invoking toplevel() on ptolemy.moml.MoMLSimpleApplication@7d3b2f08
----------------- Done invoking toplevel() on ptolemy.moml.MoMLSimpleApplication@7d3b2f08
reloadAllAccessors: .PublisherSubscriber8

===========================================================================================
----------------- testing Mon Sep 07 15:42:19 UTC 2020 /home/travis/build/icyphy/ptII/ptolemy/actor/lib/test/auto/PublisherSubscriber9.xml
----------------- Instantiating /home/travis/build/icyphy/ptII/ptolemy/actor/lib/test/auto/PublisherSubscriber9.xml
2 ms. Memory: 506880K Free: 267264K (53%)
----------------- Invoking toplevel() on ptolemy.moml.MoMLSimpleApplication@45e054d0
----------------- Done invoking toplevel() on ptolemy.moml.MoMLSimpleApplication@45e054d0
reloadAllAccessors: .PublisherSubscriber9

===========================================================================================
----------------- testing Mon Sep 07 15:42:19 UTC 2020 /home/travis/build/icyphy/ptII/ptolemy/actor/lib/test/auto/PublisherSubscriberAdjacent.xml
----------------- Instantiating /home/travis/build/icyphy/ptII/ptolemy/actor/lib/test/auto/PublisherSubscriberAdjacent.xml
2 ms. Memory: 506880K Free: 259072K (51%)
----------------- Invoking toplevel() on ptolemy.moml.MoMLSimpleApplication@47bb470f
----------------- Done invoking toplevel() on ptolemy.moml.MoMLSimpleApplication@47bb470f
reloadAllAccessors: .PublisherSubscriberAdjacent

===========================================================================================
----------------- testing Mon Sep 07 15:42:19 UTC 2020 /home/travis/build/icyphy/ptII/ptolemy/actor/lib/test/auto/PublisherSubscriberChannelVariablesAOC2.xml
----------------- Instantiating /home/travis/build/icyphy/ptII/ptolemy/actor/lib/test/auto/PublisherSubscriberChannelVariablesAOC2.xml
2 ms. Memory: 506880K Free: 243712K (48%)
----------------- Invoking toplevel() on ptolemy.moml.MoMLSimpleApplication@2124060a
----------------- Done invoking toplevel() on ptolemy.moml.MoMLSimpleApplication@2124060a
reloadAllAccessors: .PublisherSubscriberChannelVariablesAOC2

===========================================================================================
----------------- testing Mon Sep 07 15:42:19 UTC 2020 /home/travis/build/icyphy/ptII/ptolemy/actor/lib/test/auto/PublisherSubscriberD3.xml
----------------- Instantiating /home/travis/build/icyphy/ptII/ptolemy/actor/lib/test/auto/PublisherSubscriberD3.xml
1 ms. Memory: 506880K Free: 236544K (47%)
----------------- Invoking toplevel() on ptolemy.moml.MoMLSimpleApplication@50f27447
----------------- Done invoking toplevel() on ptolemy.moml.MoMLSimpleApplication@50f27447
reloadAllAccessors: .PublisherSubscriberD3

===========================================================================================
----------------- testing Mon Sep 07 15:42:19 UTC 2020 /home/travis/build/icyphy/ptII/ptolemy/actor/lib/test/auto/PublisherSubscriberD3Reverse.xml
----------------- Instantiating /home/travis/build/icyphy/ptII/ptolemy/actor/lib/test/auto/PublisherSubscriberD3Reverse.xml
2 ms. Memory: 506880K Free: 229886K (45%)
----------------- Invoking toplevel() on ptolemy.moml.MoMLSimpleApplication@258aa1e9
----------------- Done invoking toplevel() on ptolemy.moml.MoMLSimpleApplication@258aa1e9
reloadAllAccessors: .PublisherSubscriberD3Reverse

===========================================================================================
----------------- testing Mon Sep 07 15:42:19 UTC 2020 /home/travis/build/icyphy/ptII/ptolemy/actor/lib/test/auto/PublisherSubscriberExpression.xml
----------------- Instantiating /home/travis/build/icyphy/ptII/ptolemy/actor/lib/test/auto/PublisherSubscriberExpression.xml
3 ms. Memory: 506880K Free: 221680K (44%)
----------------- Invoking toplevel() on ptolemy.moml.MoMLSimpleApplication@8cd5af9
----------------- Done invoking toplevel() on ptolemy.moml.MoMLSimpleApplication@8cd5af9
reloadAllAccessors: .PublisherSubscriberExpression

===========================================================================================
----------------- testing Mon Sep 07 15:42:19 UTC 2020 /home/travis/build/icyphy/ptII/ptolemy/actor/lib/test/auto/PublisherSubscriberOpaque.xml
----------------- Instantiating /home/travis/build/icyphy/ptII/ptolemy/actor/lib/test/auto/PublisherSubscriberOpaque.xml
3 ms. Memory: 506880K Free: 213502K (42%)
----------------- Invoking toplevel() on ptolemy.moml.MoMLSimpleApplication@5d7c3d38
----------------- Done invoking toplevel() on ptolemy.moml.MoMLSimpleApplication@5d7c3d38
reloadAllAccessors: .PublisherSubscriberOpaque

===========================================================================================
----------------- testing Mon Sep 07 15:42:19 UTC 2020 /home/travis/build/icyphy/ptII/ptolemy/actor/lib/test/auto/PublisherSubscriberOpaqueD3.xml
----------------- Instantiating /home/travis/build/icyphy/ptII/ptolemy/actor/lib/test/auto/PublisherSubscriberOpaqueD3.xml
5 ms. Memory: 506880K Free: 202238K (40%)
----------------- Invoking toplevel() on ptolemy.moml.MoMLSimpleApplication@2d8f9063
----------------- Done invoking toplevel() on ptolemy.moml.MoMLSimpleApplication@2d8f9063
reloadAllAccessors: .PublisherSubscriberOpaqueD3

===========================================================================================
----------------- testing Mon Sep 07 15:42:19 UTC 2020 /home/travis/build/icyphy/ptII/ptolemy/actor/lib/test/auto/PublisherSubscriberOpaqueD3Reverse.xml
----------------- Instantiating /home/travis/build/icyphy/ptII/ptolemy/actor/lib/test/auto/PublisherSubscriberOpaqueD3Reverse.xml
9 ms. Memory: 506880K Free: 191488K (38%)
----------------- Invoking toplevel() on ptolemy.moml.MoMLSimpleApplication@5492fad
----------------- Done invoking toplevel() on ptolemy.moml.MoMLSimpleApplication@5492fad
reloadAllAccessors: .PublisherSubscriberOpaqueD3Reverse

===========================================================================================
----------------- testing Mon Sep 07 15:42:19 UTC 2020 /home/travis/build/icyphy/ptII/ptolemy/actor/lib/test/auto/PublisherSubscriberOpaqueWidthInference.xml
----------------- Instantiating /home/travis/build/icyphy/ptII/ptolemy/actor/lib/test/auto/PublisherSubscriberOpaqueWidthInference.xml
5 ms. Memory: 506880K Free: 183296K (36%)
----------------- Invoking toplevel() on ptolemy.moml.MoMLSimpleApplication@7070cba8
----------------- Done invoking toplevel() on ptolemy.moml.MoMLSimpleApplication@7070cba8
reloadAllAccessors: .PublisherSubscriberOpaqueWidthInference

===========================================================================================
----------------- testing Mon Sep 07 15:42:19 UTC 2020 /home/travis/build/icyphy/ptII/ptolemy/actor/lib/test/auto/PublisherTestSubscriber.xml
----------------- Instantiating /home/travis/build/icyphy/ptII/ptolemy/actor/lib/test/auto/PublisherTestSubscriber.xml
3 ms. Memory: 506880K Free: 175104K (35%)
----------------- Invoking toplevel() on ptolemy.moml.MoMLSimpleApplication@74c476a4
----------------- Done invoking toplevel() on ptolemy.moml.MoMLSimpleApplication@74c476a4
reloadAllAccessors: .PublisherTestSubscriber

===========================================================================================
----------------- testing Mon Sep 07 15:42:19 UTC 2020 /home/travis/build/icyphy/ptII/ptolemy/actor/lib/test/auto/PublisherToplevelSubscriberPortAOC.xml
----------------- Instantiating /home/travis/build/icyphy/ptII/ptolemy/actor/lib/test/auto/PublisherToplevelSubscriberPortAOC.xml
2 ms. Memory: 506880K Free: 168960K (33%)
----------------- Invoking toplevel() on ptolemy.moml.MoMLSimpleApplication@1fcdea77
----------------- Done invoking toplevel() on ptolemy.moml.MoMLSimpleApplication@1fcdea77
reloadAllAccessors: .PublisherToplevelSubscriberPortAOC

===========================================================================================
----------------- testing Mon Sep 07 15:42:19 UTC 2020 /home/travis/build/icyphy/ptII/ptolemy/actor/lib/test/auto/PulseFiringLimitDE.xml
----------------- Instantiating /home/travis/build/icyphy/ptII/ptolemy/actor/lib/test/auto/PulseFiringLimitDE.xml
2 ms. Memory: 506880K Free: 162816K (32%)
----------------- Invoking toplevel() on ptolemy.moml.MoMLSimpleApplication@4b387bdb
----------------- Done invoking toplevel() on ptolemy.moml.MoMLSimpleApplication@4b387bdb
reloadAllAccessors: .PulseFiringLimitDE

===========================================================================================
----------------- testing Mon Sep 07 15:42:19 UTC 2020 /home/travis/build/icyphy/ptII/ptolemy/actor/lib/test/auto/Ramp1.xml
----------------- Instantiating /home/travis/build/icyphy/ptII/ptolemy/actor/lib/test/auto/Ramp1.xml
1 ms. Memory: 506880K Free: 158192K (31%)
----------------- Invoking toplevel() on ptolemy.moml.MoMLSimpleApplication@7c013ea7
----------------- Done invoking toplevel() on ptolemy.moml.MoMLSimpleApplication@7c013ea7
reloadAllAccessors: .Ramp1

===========================================================================================
----------------- testing Mon Sep 07 15:42:19 UTC 2020 /home/travis/build/icyphy/ptII/ptolemy/actor/lib/test/auto/RampFiringLimitDE.xml
----------------- Instantiating /home/travis/build/icyphy/ptII/ptolemy/actor/lib/test/auto/RampFiringLimitDE.xml
2 ms. Memory: 506880K Free: 452066K (89%)
----------------- Invoking toplevel() on ptolemy.moml.MoMLSimpleApplication@49f8735e
----------------- Done invoking toplevel() on ptolemy.moml.MoMLSimpleApplication@49f8735e
reloadAllAccessors: .RampFiringLimitDE

===========================================================================================
----------------- testing Mon Sep 07 15:42:19 UTC 2020 /home/travis/build/icyphy/ptII/ptolemy/actor/lib/test/auto/RampFiringLimitSDF.xml
----------------- Instantiating /home/travis/build/icyphy/ptII/ptolemy/actor/lib/test/auto/RampFiringLimitSDF.xml
2 ms. Memory: 506880K Free: 446450K (88%)
----------------- Invoking toplevel() on ptolemy.moml.MoMLSimpleApplication@7d36994b
----------------- Done invoking toplevel() on ptolemy.moml.MoMLSimpleApplication@7d36994b
reloadAllAccessors: .RampFiringLimitSDF

===========================================================================================
----------------- testing Mon Sep 07 15:42:19 UTC 2020 /home/travis/build/icyphy/ptII/ptolemy/actor/lib/test/auto/RandomInteger.xml
----------------- Instantiating /home/travis/build/icyphy/ptII/ptolemy/actor/lib/test/auto/RandomInteger.xml
1 ms. Memory: 506880K Free: 442354K (87%)
----------------- Invoking toplevel() on ptolemy.moml.MoMLSimpleApplication@283fb9e5
----------------- Done invoking toplevel() on ptolemy.moml.MoMLSimpleApplication@283fb9e5
reloadAllAccessors: .RandomInteger

===========================================================================================
----------------- testing Mon Sep 07 15:42:19 UTC 2020 /home/travis/build/icyphy/ptII/ptolemy/actor/lib/test/auto/ReadFile1.xml
----------------- Instantiating /home/travis/build/icyphy/ptII/ptolemy/actor/lib/test/auto/ReadFile1.xml
1 ms. Memory: 506880K Free: 437738K (86%)
----------------- Invoking toplevel() on ptolemy.moml.MoMLSimpleApplication@3705a7d
----------------- Done invoking toplevel() on ptolemy.moml.MoMLSimpleApplication@3705a7d
reloadAllAccessors: .ReadFile1

===========================================================================================
----------------- testing Mon Sep 07 15:42:19 UTC 2020 /home/travis/build/icyphy/ptII/ptolemy/actor/lib/test/auto/ReadFile2.xml
----------------- Instantiating /home/travis/build/icyphy/ptII/ptolemy/actor/lib/test/auto/ReadFile2.xml
1 ms. Memory: 506880K Free: 433648K (86%)
----------------- Invoking toplevel() on ptolemy.moml.MoMLSimpleApplication@34b0dd33
----------------- Done invoking toplevel() on ptolemy.moml.MoMLSimpleApplication@34b0dd33
reloadAllAccessors: .ReadFile2

===========================================================================================
----------------- testing Mon Sep 07 15:42:19 UTC 2020 /home/travis/build/icyphy/ptII/ptolemy/actor/lib/test/auto/Reader.xml
----------------- Instantiating /home/travis/build/icyphy/ptII/ptolemy/actor/lib/test/auto/Reader.xml
actor.lib.Reader is obsolete, use actor.lib.io.ExpressionReader instead
4 ms. Memory: 506880K Free: 429042K (85%)
----------------- Invoking toplevel() on ptolemy.moml.MoMLSimpleApplication@ed0abd5
----------------- Done invoking toplevel() on ptolemy.moml.MoMLSimpleApplication@ed0abd5
reloadAllAccessors: .Reader

===========================================================================================
----------------- testing Mon Sep 07 15:42:19 UTC 2020 /home/travis/build/icyphy/ptII/ptolemy/actor/lib/test/auto/RecordAssemblerDisplayNameTest.xml
----------------- Instantiating /home/travis/build/icyphy/ptII/ptolemy/actor/lib/test/auto/RecordAssemblerDisplayNameTest.xml
3424 ms. Memory: 506880K Free: 398825K (79%)
----------------- Invoking toplevel() on ptolemy.moml.MoMLSimpleApplication@5390f96e
----------------- Done invoking toplevel() on ptolemy.moml.MoMLSimpleApplication@5390f96e
reloadAllAccessors: .RecordAssemblerDisplayNameTest

===========================================================================================
----------------- testing Mon Sep 07 15:42:23 UTC 2020 /home/travis/build/icyphy/ptII/ptolemy/actor/lib/test/auto/RecordAssemblerTypeError.xml
----------------- Instantiating /home/travis/build/icyphy/ptII/ptolemy/actor/lib/test/auto/RecordAssemblerTypeError.xml
10 ms. Memory: 506880K Free: 389099K (77%)
----------------- Invoking toplevel() on ptolemy.moml.MoMLSimpleApplication@24a45d85
----------------- Done invoking toplevel() on ptolemy.moml.MoMLSimpleApplication@24a45d85
reloadAllAccessors: .RecordAssemblerTypeError

===========================================================================================
----------------- testing Mon Sep 07 15:42:23 UTC 2020 /home/travis/build/icyphy/ptII/ptolemy/actor/lib/test/auto/RecordDisassember.xml
----------------- Instantiating /home/travis/build/icyphy/ptII/ptolemy/actor/lib/test/auto/RecordDisassember.xml
11 ms. Memory: 506880K Free: 384459K (76%)
----------------- Invoking toplevel() on ptolemy.moml.MoMLSimpleApplication@30c639c3
----------------- Done invoking toplevel() on ptolemy.moml.MoMLSimpleApplication@30c639c3
reloadAllAccessors: .RecordDisassember

===========================================================================================
----------------- testing Mon Sep 07 15:42:23 UTC 2020 /home/travis/build/icyphy/ptII/ptolemy/actor/lib/test/auto/RecordDisassemberDisplayNameTest.xml
----------------- Instantiating /home/travis/build/icyphy/ptII/ptolemy/actor/lib/test/auto/RecordDisassemberDisplayNameTest.xml
5 ms. Memory: 506880K Free: 376297K (74%)
----------------- Invoking toplevel() on ptolemy.moml.MoMLSimpleApplication@6b571803
----------------- Done invoking toplevel() on ptolemy.moml.MoMLSimpleApplication@6b571803
reloadAllAccessors: .RecordDisassemberDisplayNameTest

===========================================================================================
----------------- testing Mon Sep 07 15:42:23 UTC 2020 /home/travis/build/icyphy/ptII/ptolemy/actor/lib/test/auto/RecordDisassembler.xml
----------------- Instantiating /home/travis/build/icyphy/ptII/ptolemy/actor/lib/test/auto/RecordDisassembler.xml
3 ms. Memory: 506880K Free: 371171K (73%)
----------------- Invoking toplevel() on ptolemy.moml.MoMLSimpleApplication@6737626d
----------------- Done invoking toplevel() on ptolemy.moml.MoMLSimpleApplication@6737626d
reloadAllAccessors: .RecordDisassembler

===========================================================================================
----------------- testing Mon Sep 07 15:42:23 UTC 2020 /home/travis/build/icyphy/ptII/ptolemy/actor/lib/test/auto/RecordDisassembler2.xml
----------------- Instantiating /home/travis/build/icyphy/ptII/ptolemy/actor/lib/test/auto/RecordDisassembler2.xml
2 ms. Memory: 506880K Free: 366027K (72%)
----------------- Invoking toplevel() on ptolemy.moml.MoMLSimpleApplication@403d27b6
----------------- Done invoking toplevel() on ptolemy.moml.MoMLSimpleApplication@403d27b6
reloadAllAccessors: .RecordDisassembler2

===========================================================================================
----------------- testing Mon Sep 07 15:42:23 UTC 2020 /home/travis/build/icyphy/ptII/ptolemy/actor/lib/test/auto/RecordUpdater.xml
----------------- Instantiating /home/travis/build/icyphy/ptII/ptolemy/actor/lib/test/auto/RecordUpdater.xml
2 ms. Memory: 506880K Free: 360427K (71%)
----------------- Invoking toplevel() on ptolemy.moml.MoMLSimpleApplication@bb82a37
----------------- Done invoking toplevel() on ptolemy.moml.MoMLSimpleApplication@bb82a37
reloadAllAccessors: .RecordUpdater

===========================================================================================
----------------- testing Mon Sep 07 15:42:23 UTC 2020 /home/travis/build/icyphy/ptII/ptolemy/actor/lib/test/auto/RecordUpdater2.xml
----------------- Instantiating /home/travis/build/icyphy/ptII/ptolemy/actor/lib/test/auto/RecordUpdater2.xml
2 ms. Memory: 506880K Free: 355817K (70%)
----------------- Invoking toplevel() on ptolemy.moml.MoMLSimpleApplication@4776d081
----------------- Done invoking toplevel() on ptolemy.moml.MoMLSimpleApplication@4776d081
reloadAllAccessors: .RecordUpdater2

===========================================================================================
----------------- testing Mon Sep 07 15:42:23 UTC 2020 /home/travis/build/icyphy/ptII/ptolemy/actor/lib/test/auto/RecursiveLattice.xml
----------------- Instantiating /home/travis/build/icyphy/ptII/ptolemy/actor/lib/test/auto/RecursiveLattice.xml
1 ms. Memory: 506880K Free: 351211K (69%)
----------------- Invoking toplevel() on ptolemy.moml.MoMLSimpleApplication@30be4ea7
----------------- Done invoking toplevel() on ptolemy.moml.MoMLSimpleApplication@30be4ea7
reloadAllAccessors: .RecursiveLattice

===========================================================================================
----------------- testing Mon Sep 07 15:42:23 UTC 2020 /home/travis/build/icyphy/ptII/ptolemy/actor/lib/test/auto/Router.xml
----------------- Instantiating /home/travis/build/icyphy/ptII/ptolemy/actor/lib/test/auto/Router.xml
3004 ms. Memory: 506880K Free: 340457K (67%)
----------------- Invoking toplevel() on ptolemy.moml.MoMLSimpleApplication@473ea088
----------------- Done invoking toplevel() on ptolemy.moml.MoMLSimpleApplication@473ea088
reloadAllAccessors: .Router

===========================================================================================
----------------- testing Mon Sep 07 15:42:26 UTC 2020 /home/travis/build/icyphy/ptII/ptolemy/actor/lib/test/auto/Router2.xml
----------------- Instantiating /home/travis/build/icyphy/ptII/ptolemy/actor/lib/test/auto/Router2.xml
3003 ms. Memory: 506880K Free: 329707K (65%)
----------------- Invoking toplevel() on ptolemy.moml.MoMLSimpleApplication@6412c550
----------------- Done invoking toplevel() on ptolemy.moml.MoMLSimpleApplication@6412c550
reloadAllAccessors: .Router2

===========================================================================================
----------------- testing Mon Sep 07 15:42:29 UTC 2020 /home/travis/build/icyphy/ptII/ptolemy/actor/lib/test/auto/RunningMaximum.xml
----------------- Instantiating /home/travis/build/icyphy/ptII/ptolemy/actor/lib/test/auto/RunningMaximum.xml
2 ms. Memory: 506880K Free: 325097K (64%)
----------------- Invoking toplevel() on ptolemy.moml.MoMLSimpleApplication@1b08083e
----------------- Done invoking toplevel() on ptolemy.moml.MoMLSimpleApplication@1b08083e
reloadAllAccessors: .RunningMaximum

===========================================================================================
----------------- testing Mon Sep 07 15:42:29 UTC 2020 /home/travis/build/icyphy/ptII/ptolemy/actor/lib/test/auto/RunningMinimum.xml
----------------- Instantiating /home/travis/build/icyphy/ptII/ptolemy/actor/lib/test/auto/RunningMinimum.xml
8 ms. Memory: 506880K Free: 320491K (63%)
----------------- Invoking toplevel() on ptolemy.moml.MoMLSimpleApplication@3a51b5ef
----------------- Done invoking toplevel() on ptolemy.moml.MoMLSimpleApplication@3a51b5ef
reloadAllAccessors: .RunningMinimum

===========================================================================================
----------------- testing Mon Sep 07 15:42:29 UTC 2020 /home/travis/build/icyphy/ptII/ptolemy/actor/lib/test/auto/Scale.xml
----------------- Instantiating /home/travis/build/icyphy/ptII/ptolemy/actor/lib/test/auto/Scale.xml
1 ms. Memory: 506880K Free: 315881K (62%)
----------------- Invoking toplevel() on ptolemy.moml.MoMLSimpleApplication@5bce54b6
----------------- Done invoking toplevel() on ptolemy.moml.MoMLSimpleApplication@5bce54b6
reloadAllAccessors: .Scale

===========================================================================================
----------------- testing Mon Sep 07 15:42:29 UTC 2020 /home/travis/build/icyphy/ptII/ptolemy/actor/lib/test/auto/Scale2.xml
----------------- Instantiating /home/travis/build/icyphy/ptII/ptolemy/actor/lib/test/auto/Scale2.xml
1 ms. Memory: 506880K Free: 310761K (61%)
----------------- Invoking toplevel() on ptolemy.moml.MoMLSimpleApplication@54954823
----------------- Done invoking toplevel() on ptolemy.moml.MoMLSimpleApplication@54954823
reloadAllAccessors: .Scale2

===========================================================================================
----------------- testing Mon Sep 07 15:42:29 UTC 2020 /home/travis/build/icyphy/ptII/ptolemy/actor/lib/test/auto/Scale3.xml
----------------- Instantiating /home/travis/build/icyphy/ptII/ptolemy/actor/lib/test/auto/Scale3.xml
3 ms. Memory: 506880K Free: 304107K (60%)
----------------- Invoking toplevel() on ptolemy.moml.MoMLSimpleApplication@69f4921c
----------------- Done invoking toplevel() on ptolemy.moml.MoMLSimpleApplication@69f4921c
reloadAllAccessors: .Scale3

===========================================================================================
----------------- testing Mon Sep 07 15:42:29 UTC 2020 /home/travis/build/icyphy/ptII/ptolemy/actor/lib/test/auto/ScaleArray.xml
----------------- Instantiating /home/travis/build/icyphy/ptII/ptolemy/actor/lib/test/auto/ScaleArray.xml
6 ms. Memory: 506880K Free: 299497K (59%)
----------------- Invoking toplevel() on ptolemy.moml.MoMLSimpleApplication@65d5dd0d
----------------- Done invoking toplevel() on ptolemy.moml.MoMLSimpleApplication@65d5dd0d
reloadAllAccessors: .ScaleArray

===========================================================================================
----------------- testing Mon Sep 07 15:42:29 UTC 2020 /home/travis/build/icyphy/ptII/ptolemy/actor/lib/test/auto/ScaleArray2.xml
----------------- Instantiating /home/travis/build/icyphy/ptII/ptolemy/actor/lib/test/auto/ScaleArray2.xml
1 ms. Memory: 506880K Free: 294891K (58%)
----------------- Invoking toplevel() on ptolemy.moml.MoMLSimpleApplication@7ec2ccb2
----------------- Done invoking toplevel() on ptolemy.moml.MoMLSimpleApplication@7ec2ccb2
reloadAllAccessors: .ScaleArray2

===========================================================================================
----------------- testing Mon Sep 07 15:42:29 UTC 2020 /home/travis/build/icyphy/ptII/ptolemy/actor/lib/test/auto/ScaleMatrix.xml
----------------- Instantiating /home/travis/build/icyphy/ptII/ptolemy/actor/lib/test/auto/ScaleMatrix.xml
99 ms. Memory: 506880K Free: 279017K (55%)
----------------- Invoking toplevel() on ptolemy.moml.MoMLSimpleApplication@41fb90a4
----------------- Done invoking toplevel() on ptolemy.moml.MoMLSimpleApplication@41fb90a4
reloadAllAccessors: .ScaleMatrix

===========================================================================================
----------------- testing Mon Sep 07 15:42:29 UTC 2020 /home/travis/build/icyphy/ptII/ptolemy/actor/lib/test/auto/Select.xml
----------------- Instantiating /home/travis/build/icyphy/ptII/ptolemy/actor/lib/test/auto/Select.xml
2 ms. Memory: 506880K Free: 272859K (54%)
----------------- Invoking toplevel() on ptolemy.moml.MoMLSimpleApplication@331b1f0c
----------------- Done invoking toplevel() on ptolemy.moml.MoMLSimpleApplication@331b1f0c
reloadAllAccessors: .Select

===========================================================================================
----------------- testing Mon Sep 07 15:42:29 UTC 2020 /home/travis/build/icyphy/ptII/ptolemy/actor/lib/test/auto/Select2.xml
----------------- Instantiating /home/travis/build/icyphy/ptII/ptolemy/actor/lib/test/auto/Select2.xml
1 ms. Memory: 506880K Free: 268267K (53%)
----------------- Invoking toplevel() on ptolemy.moml.MoMLSimpleApplication@13546b1b
----------------- Done invoking toplevel() on ptolemy.moml.MoMLSimpleApplication@13546b1b
reloadAllAccessors: .Select2

===========================================================================================
----------------- testing Mon Sep 07 15:42:29 UTC 2020 /home/travis/build/icyphy/ptII/ptolemy/actor/lib/test/auto/SequenceToArray2.xml
----------------- Instantiating /home/travis/build/icyphy/ptII/ptolemy/actor/lib/test/auto/SequenceToArray2.xml
70 ms. Memory: 506880K Free: 244187K (48%)
----------------- Invoking toplevel() on ptolemy.moml.MoMLSimpleApplication@4e0c9b9a
----------------- Done invoking toplevel() on ptolemy.moml.MoMLSimpleApplication@4e0c9b9a
reloadAllAccessors: .SequenceToArray2

===========================================================================================
----------------- testing Mon Sep 07 15:42:29 UTC 2020 /home/travis/build/icyphy/ptII/ptolemy/actor/lib/test/auto/SequentialClock.xml
----------------- Instantiating /home/travis/build/icyphy/ptII/ptolemy/actor/lib/test/auto/SequentialClock.xml
1 ms. Memory: 506880K Free: 239595K (47%)
----------------- Invoking toplevel() on ptolemy.moml.MoMLSimpleApplication@1de34dd3
----------------- Done invoking toplevel() on ptolemy.moml.MoMLSimpleApplication@1de34dd3
reloadAllAccessors: .SequentialClock

===========================================================================================
----------------- testing Mon Sep 07 15:42:29 UTC 2020 /home/travis/build/icyphy/ptII/ptolemy/actor/lib/test/auto/SetVariable.xml
----------------- Instantiating /home/travis/build/icyphy/ptII/ptolemy/actor/lib/test/auto/SetVariable.xml
3 ms. Memory: 506880K Free: 234985K (46%)
----------------- Invoking toplevel() on ptolemy.moml.MoMLSimpleApplication@6020c07a
----------------- Done invoking toplevel() on ptolemy.moml.MoMLSimpleApplication@6020c07a
reloadAllAccessors: .SetVariable

===========================================================================================
----------------- testing Mon Sep 07 15:42:29 UTC 2020 /home/travis/build/icyphy/ptII/ptolemy/actor/lib/test/auto/SetVariable2.xml
----------------- Instantiating /home/travis/build/icyphy/ptII/ptolemy/actor/lib/test/auto/SetVariable2.xml
3 ms. Memory: 506880K Free: 229865K (45%)
----------------- Invoking toplevel() on ptolemy.moml.MoMLSimpleApplication@4169f719
----------------- Done invoking toplevel() on ptolemy.moml.MoMLSimpleApplication@4169f719
reloadAllAccessors: .SetVariable2

===========================================================================================
----------------- testing Mon Sep 07 15:42:29 UTC 2020 /home/travis/build/icyphy/ptII/ptolemy/actor/lib/test/auto/SetVariable3.xml
----------------- Instantiating /home/travis/build/icyphy/ptII/ptolemy/actor/lib/test/auto/SetVariable3.xml
6 ms. Memory: 506880K Free: 224235K (44%)
----------------- Invoking toplevel() on ptolemy.moml.MoMLSimpleApplication@5b61fe25
----------------- Done invoking toplevel() on ptolemy.moml.MoMLSimpleApplication@5b61fe25
reloadAllAccessors: .SetVariable3

===========================================================================================
----------------- testing Mon Sep 07 15:42:29 UTC 2020 /home/travis/build/icyphy/ptII/ptolemy/actor/lib/test/auto/SetVariable4.xml
----------------- Instantiating /home/travis/build/icyphy/ptII/ptolemy/actor/lib/test/auto/SetVariable4.xml
16 ms. Memory: 506880K Free: 213995K (42%)
----------------- Invoking toplevel() on ptolemy.moml.MoMLSimpleApplication@52fc63ce
----------------- Done invoking toplevel() on ptolemy.moml.MoMLSimpleApplication@52fc63ce
reloadAllAccessors: .SetVariable4

===========================================================================================
----------------- testing Mon Sep 07 15:42:29 UTC 2020 /home/travis/build/icyphy/ptII/ptolemy/actor/lib/test/auto/SetVariable5.xml
----------------- Instantiating /home/travis/build/icyphy/ptII/ptolemy/actor/lib/test/auto/SetVariable5.xml
17 ms. Memory: 506880K Free: 204779K (40%)
----------------- Invoking toplevel() on ptolemy.moml.MoMLSimpleApplication@430b5c3c
----------------- Done invoking toplevel() on ptolemy.moml.MoMLSimpleApplication@430b5c3c
reloadAllAccessors: .SetVariable5

===========================================================================================
----------------- testing Mon Sep 07 15:42:29 UTC 2020 /home/travis/build/icyphy/ptII/ptolemy/actor/lib/test/auto/Sinewave.xml
----------------- Instantiating /home/travis/build/icyphy/ptII/ptolemy/actor/lib/test/auto/Sinewave.xml
11 ms. Memory: 506880K Free: 194539K (38%)
----------------- Invoking toplevel() on ptolemy.moml.MoMLSimpleApplication@280d37b5
----------------- Done invoking toplevel() on ptolemy.moml.MoMLSimpleApplication@280d37b5
reloadAllAccessors: .Sinewave

===========================================================================================
----------------- testing Mon Sep 07 15:42:29 UTC 2020 /home/travis/build/icyphy/ptII/ptolemy/actor/lib/test/auto/Sinewave2.xml
----------------- Instantiating /home/travis/build/icyphy/ptII/ptolemy/actor/lib/test/auto/Sinewave2.xml
7 ms. Memory: 506880K Free: 185827K (37%)
----------------- Invoking toplevel() on ptolemy.moml.MoMLSimpleApplication@3b9223a8
----------------- Done invoking toplevel() on ptolemy.moml.MoMLSimpleApplication@3b9223a8
reloadAllAccessors: .Sinewave2

===========================================================================================
----------------- testing Mon Sep 07 15:42:29 UTC 2020 /home/travis/build/icyphy/ptII/ptolemy/actor/lib/test/auto/Sinewave3.xml
----------------- Instantiating /home/travis/build/icyphy/ptII/ptolemy/actor/lib/test/auto/Sinewave3.xml
6 ms. Memory: 506880K Free: 177131K (35%)
----------------- Invoking toplevel() on ptolemy.moml.MoMLSimpleApplication@5476da8e
----------------- Done invoking toplevel() on ptolemy.moml.MoMLSimpleApplication@5476da8e
reloadAllAccessors: .Sinewave3

===========================================================================================
----------------- testing Mon Sep 07 15:42:29 UTC 2020 /home/travis/build/icyphy/ptII/ptolemy/actor/lib/test/auto/SingleEvent.xml
----------------- Instantiating /home/travis/build/icyphy/ptII/ptolemy/actor/lib/test/auto/SingleEvent.xml
1 ms. Memory: 506880K Free: 173035K (34%)
----------------- Invoking toplevel() on ptolemy.moml.MoMLSimpleApplication@2a14473f
----------------- Done invoking toplevel() on ptolemy.moml.MoMLSimpleApplication@2a14473f
reloadAllAccessors: .SingleEvent

===========================================================================================
----------------- testing Mon Sep 07 15:42:29 UTC 2020 /home/travis/build/icyphy/ptII/ptolemy/actor/lib/test/auto/Sleep.xml
----------------- Instantiating /home/travis/build/icyphy/ptII/ptolemy/actor/lib/test/auto/Sleep.xml
6003 ms. Memory: 506880K Free: 166891K (33%)
----------------- Invoking toplevel() on ptolemy.moml.MoMLSimpleApplication@485eca36
----------------- Done invoking toplevel() on ptolemy.moml.MoMLSimpleApplication@485eca36
reloadAllAccessors: .Sleep

===========================================================================================
----------------- testing Mon Sep 07 15:42:35 UTC 2020 /home/travis/build/icyphy/ptII/ptolemy/actor/lib/test/auto/SleepMultipleFire.xml
----------------- Instantiating /home/travis/build/icyphy/ptII/ptolemy/actor/lib/test/auto/SleepMultipleFire.xml
1004 ms. Memory: 506880K Free: 161257K (32%)
----------------- Invoking toplevel() on ptolemy.moml.MoMLSimpleApplication@5d9b755
----------------- Done invoking toplevel() on ptolemy.moml.MoMLSimpleApplication@5d9b755
reloadAllAccessors: .SleepMultipleFire

===========================================================================================
----------------- testing Mon Sep 07 15:42:36 UTC 2020 /home/travis/build/icyphy/ptII/ptolemy/actor/lib/test/auto/StopDE.xml
----------------- Instantiating /home/travis/build/icyphy/ptII/ptolemy/actor/lib/test/auto/StopDE.xml
5 ms. Memory: 506880K Free: 455106K (90%)
----------------- Invoking toplevel() on ptolemy.moml.MoMLSimpleApplication@515f79f6
----------------- Done invoking toplevel() on ptolemy.moml.MoMLSimpleApplication@515f79f6
reloadAllAccessors: .StopDE

===========================================================================================
----------------- testing Mon Sep 07 15:42:37 UTC 2020 /home/travis/build/icyphy/ptII/ptolemy/actor/lib/test/auto/StopSDF.xml
----------------- Instantiating /home/travis/build/icyphy/ptII/ptolemy/actor/lib/test/auto/StopSDF.xml
3 ms. Memory: 506880K Free: 449472K (89%)
----------------- Invoking toplevel() on ptolemy.moml.MoMLSimpleApplication@75e208e6
----------------- Done invoking toplevel() on ptolemy.moml.MoMLSimpleApplication@75e208e6
reloadAllAccessors: .StopSDF

===========================================================================================
----------------- testing Mon Sep 07 15:42:37 UTC 2020 /home/travis/build/icyphy/ptII/ptolemy/actor/lib/test/auto/StringConstant.xml
----------------- Instantiating /home/travis/build/icyphy/ptII/ptolemy/actor/lib/test/auto/StringConstant.xml
9 ms. Memory: 506880K Free: 445373K (88%)
----------------- Invoking toplevel() on ptolemy.moml.MoMLSimpleApplication@76b4c0ce
----------------- Done invoking toplevel() on ptolemy.moml.MoMLSimpleApplication@76b4c0ce
reloadAllAccessors: .StringConstant

===========================================================================================
----------------- testing Mon Sep 07 15:42:37 UTC 2020 /home/travis/build/icyphy/ptII/ptolemy/actor/lib/test/auto/SubscriberPortInitialValues1.xml
----------------- Instantiating /home/travis/build/icyphy/ptII/ptolemy/actor/lib/test/auto/SubscriberPortInitialValues1.xml
10 ms. Memory: 506880K Free: 436674K (86%)
----------------- Invoking toplevel() on ptolemy.moml.MoMLSimpleApplication@28b33cb9
----------------- Done invoking toplevel() on ptolemy.moml.MoMLSimpleApplication@28b33cb9
reloadAllAccessors: .SubscriberPortInitialValues1

===========================================================================================
----------------- testing Mon Sep 07 15:42:37 UTC 2020 /home/travis/build/icyphy/ptII/ptolemy/actor/lib/test/auto/SubscriberPortInitialValues13.xml
----------------- Instantiating /home/travis/build/icyphy/ptII/ptolemy/actor/lib/test/auto/SubscriberPortInitialValues13.xml
5 ms. Memory: 506880K Free: 423362K (84%)
----------------- Invoking toplevel() on ptolemy.moml.MoMLSimpleApplication@68b3ee5a
----------------- Done invoking toplevel() on ptolemy.moml.MoMLSimpleApplication@68b3ee5a
reloadAllAccessors: .SubscriberPortInitialValues13

===========================================================================================
----------------- testing Mon Sep 07 15:42:37 UTC 2020 /home/travis/build/icyphy/ptII/ptolemy/actor/lib/test/auto/SubscriberPortInitialValues14.xml
----------------- Instantiating /home/travis/build/icyphy/ptII/ptolemy/actor/lib/test/auto/SubscriberPortInitialValues14.xml
4 ms. Memory: 506880K Free: 415680K (82%)
----------------- Invoking toplevel() on ptolemy.moml.MoMLSimpleApplication@12af698c
----------------- Done invoking toplevel() on ptolemy.moml.MoMLSimpleApplication@12af698c
reloadAllAccessors: .SubscriberPortInitialValues14

===========================================================================================
----------------- testing Mon Sep 07 15:42:37 UTC 2020 /home/travis/build/icyphy/ptII/ptolemy/actor/lib/test/auto/SubscriberPortInitialValues2.xml
----------------- Instantiating /home/travis/build/icyphy/ptII/ptolemy/actor/lib/test/auto/SubscriberPortInitialValues2.xml
4 ms. Memory: 506880K Free: 408002K (80%)
----------------- Invoking toplevel() on ptolemy.moml.MoMLSimpleApplication@de9ff6
----------------- Done invoking toplevel() on ptolemy.moml.MoMLSimpleApplication@de9ff6
reloadAllAccessors: .SubscriberPortInitialValues2

===========================================================================================
----------------- testing Mon Sep 07 15:42:37 UTC 2020 /home/travis/build/icyphy/ptII/ptolemy/actor/lib/test/auto/SubscriberPortInitialValues3.xml
----------------- Instantiating /home/travis/build/icyphy/ptII/ptolemy/actor/lib/test/auto/SubscriberPortInitialValues3.xml
4 ms. Memory: 506880K Free: 396224K (78%)
----------------- Invoking toplevel() on ptolemy.moml.MoMLSimpleApplication@6e1a4035
----------------- Done invoking toplevel() on ptolemy.moml.MoMLSimpleApplication@6e1a4035
reloadAllAccessors: .SubscriberPortInitialValues3

===========================================================================================
----------------- testing Mon Sep 07 15:42:37 UTC 2020 /home/travis/build/icyphy/ptII/ptolemy/actor/lib/test/auto/SubscriptionAggregator.xml
----------------- Instantiating /home/travis/build/icyphy/ptII/ptolemy/actor/lib/test/auto/SubscriptionAggregator.xml
3 ms. Memory: 506880K Free: 389570K (77%)
----------------- Invoking toplevel() on ptolemy.moml.MoMLSimpleApplication@300c0886
----------------- Done invoking toplevel() on ptolemy.moml.MoMLSimpleApplication@300c0886
reloadAllAccessors: .SubscriptionAggregator

===========================================================================================
----------------- testing Mon Sep 07 15:42:37 UTC 2020 /home/travis/build/icyphy/ptII/ptolemy/actor/lib/test/auto/SubscriptionAggregator2.xml
----------------- Instantiating /home/travis/build/icyphy/ptII/ptolemy/actor/lib/test/auto/SubscriptionAggregator2.xml
2 ms. Memory: 506880K Free: 382906K (76%)
----------------- Invoking toplevel() on ptolemy.moml.MoMLSimpleApplication@5a1fa741
----------------- Done invoking toplevel() on ptolemy.moml.MoMLSimpleApplication@5a1fa741
reloadAllAccessors: .SubscriptionAggregator2

===========================================================================================
----------------- testing Mon Sep 07 15:42:37 UTC 2020 /home/travis/build/icyphy/ptII/ptolemy/actor/lib/test/auto/SubscriptionAggregator3.xml
----------------- Instantiating /home/travis/build/icyphy/ptII/ptolemy/actor/lib/test/auto/SubscriptionAggregator3.xml
4 ms. Memory: 506880K Free: 374210K (74%)
----------------- Invoking toplevel() on ptolemy.moml.MoMLSimpleApplication@2fd69536
----------------- Done invoking toplevel() on ptolemy.moml.MoMLSimpleApplication@2fd69536
reloadAllAccessors: .SubscriptionAggregator3

===========================================================================================
----------------- testing Mon Sep 07 15:42:37 UTC 2020 /home/travis/build/icyphy/ptII/ptolemy/actor/lib/test/auto/SubscriptionAggregatorMultiply.xml
----------------- Instantiating /home/travis/build/icyphy/ptII/ptolemy/actor/lib/test/auto/SubscriptionAggregatorMultiply.xml
8 ms. Memory: 506880K Free: 364994K (72%)
----------------- Invoking toplevel() on ptolemy.moml.MoMLSimpleApplication@31f6ef52
----------------- Done invoking toplevel() on ptolemy.moml.MoMLSimpleApplication@31f6ef52
reloadAllAccessors: .SubscriptionAggregatorMultiply

===========================================================================================
----------------- testing Mon Sep 07 15:42:37 UTC 2020 /home/travis/build/icyphy/ptII/ptolemy/actor/lib/test/auto/SubscriptionAggregatorPortMultiply1.xml
----------------- Instantiating /home/travis/build/icyphy/ptII/ptolemy/actor/lib/test/auto/SubscriptionAggregatorPortMultiply1.xml
3 ms. Memory: 506880K Free: 356802K (70%)
----------------- Invoking toplevel() on ptolemy.moml.MoMLSimpleApplication@4da5e2e1
----------------- Done invoking toplevel() on ptolemy.moml.MoMLSimpleApplication@4da5e2e1
reloadAllAccessors: .SubscriptionAggregatorPortMultiply1

===========================================================================================
----------------- testing Mon Sep 07 15:42:37 UTC 2020 /home/travis/build/icyphy/ptII/ptolemy/actor/lib/test/auto/Switch.xml
----------------- Instantiating /home/travis/build/icyphy/ptII/ptolemy/actor/lib/test/auto/Switch.xml
6 ms. Memory: 506880K Free: 348610K (69%)
----------------- Invoking toplevel() on ptolemy.moml.MoMLSimpleApplication@524fc00d
----------------- Done invoking toplevel() on ptolemy.moml.MoMLSimpleApplication@524fc00d
reloadAllAccessors: .Switch

===========================================================================================
----------------- testing Mon Sep 07 15:42:37 UTC 2020 /home/travis/build/icyphy/ptII/ptolemy/actor/lib/test/auto/Switch2.xml
----------------- Instantiating /home/travis/build/icyphy/ptII/ptolemy/actor/lib/test/auto/Switch2.xml
1 ms. Memory: 506880K Free: 343490K (68%)
----------------- Invoking toplevel() on ptolemy.moml.MoMLSimpleApplication@4256359f
----------------- Done invoking toplevel() on ptolemy.moml.MoMLSimpleApplication@4256359f
reloadAllAccessors: .Switch2

===========================================================================================
----------------- testing Mon Sep 07 15:42:37 UTC 2020 /home/travis/build/icyphy/ptII/ptolemy/actor/lib/test/auto/SwitchDE.xml
----------------- Instantiating /home/travis/build/icyphy/ptII/ptolemy/actor/lib/test/auto/SwitchDE.xml
3 ms. Memory: 506880K Free: 337346K (67%)
----------------- Invoking toplevel() on ptolemy.moml.MoMLSimpleApplication@233cb142
----------------- Done invoking toplevel() on ptolemy.moml.MoMLSimpleApplication@233cb142
reloadAllAccessors: .SwitchDE

===========================================================================================
----------------- testing Mon Sep 07 15:42:37 UTC 2020 /home/travis/build/icyphy/ptII/ptolemy/actor/lib/test/auto/SynchronizerDE.xml
----------------- Instantiating /home/travis/build/icyphy/ptII/ptolemy/actor/lib/test/auto/SynchronizerDE.xml
6 ms. Memory: 506880K Free: 329154K (65%)
----------------- Invoking toplevel() on ptolemy.moml.MoMLSimpleApplication@1b4804c0
----------------- Done invoking toplevel() on ptolemy.moml.MoMLSimpleApplication@1b4804c0
reloadAllAccessors: .SynchronizerDE

===========================================================================================
----------------- testing Mon Sep 07 15:42:37 UTC 2020 /home/travis/build/icyphy/ptII/ptolemy/actor/lib/test/auto/Test.xml
----------------- Instantiating /home/travis/build/icyphy/ptII/ptolemy/actor/lib/test/auto/Test.xml
2 ms. Memory: 506880K Free: 324034K (64%)
----------------- Invoking toplevel() on ptolemy.moml.MoMLSimpleApplication@12b16c50
----------------- Done invoking toplevel() on ptolemy.moml.MoMLSimpleApplication@12b16c50
reloadAllAccessors: .Test

===========================================================================================
----------------- testing Mon Sep 07 15:42:37 UTC 2020 /home/travis/build/icyphy/ptII/ptolemy/actor/lib/test/auto/TestExceptionAttribute1.xml
----------------- Instantiating /home/travis/build/icyphy/ptII/ptolemy/actor/lib/test/auto/TestExceptionAttribute1.xml
1 ms. Memory: 506880K Free: 319938K (63%)
----------------- Invoking toplevel() on ptolemy.moml.MoMLSimpleApplication@4f8b749f
----------------- Done invoking toplevel() on ptolemy.moml.MoMLSimpleApplication@4f8b749f
reloadAllAccessors: .TestExceptionAttribute1

===========================================================================================
----------------- testing Mon Sep 07 15:42:37 UTC 2020 /home/travis/build/icyphy/ptII/ptolemy/actor/lib/test/auto/TestExceptionAttribute2.xml
----------------- Instantiating /home/travis/build/icyphy/ptII/ptolemy/actor/lib/test/auto/TestExceptionAttribute2.xml
1 ms. Memory: 506880K Free: 316352K (62%)
----------------- Invoking toplevel() on ptolemy.moml.MoMLSimpleApplication@558b1085
----------------- Done invoking toplevel() on ptolemy.moml.MoMLSimpleApplication@558b1085
reloadAllAccessors: .TestExceptionAttribute2

===========================================================================================
----------------- testing Mon Sep 07 15:42:37 UTC 2020 /home/travis/build/icyphy/ptII/ptolemy/actor/lib/test/auto/TestExceptionAttribute3.xml
----------------- Instantiating /home/travis/build/icyphy/ptII/ptolemy/actor/lib/test/auto/TestExceptionAttribute3.xml
.TestExceptionAttribute3.TestExceptionAttribute: initialize() was not invoked, but wrapup() was.  This is unusual, but not always a problem.  For example, exporting JNLP will do this.
1 ms. Memory: 506880K Free: 312770K (62%)
----------------- Invoking toplevel() on ptolemy.moml.MoMLSimpleApplication@d277479
----------------- Done invoking toplevel() on ptolemy.moml.MoMLSimpleApplication@d277479
reloadAllAccessors: .TestExceptionAttribute3

===========================================================================================
----------------- testing Mon Sep 07 15:42:37 UTC 2020 /home/travis/build/icyphy/ptII/ptolemy/actor/lib/test/auto/TestExceptionAttribute4.xml
----------------- Instantiating /home/travis/build/icyphy/ptII/ptolemy/actor/lib/test/auto/TestExceptionAttribute4.xml
.TestExceptionAttribute4.TestExceptionAttribute: initialize() was not invoked, but wrapup() was.  This is unusual, but not always a problem.  For example, exporting JNLP will do this.
.TestExceptionAttribute4.TestExceptionAttribute2: initialize() was not invoked, but wrapup() was.  This is unusual, but not always a problem.  For example, exporting JNLP will do this.
0 ms. Memory: 506880K Free: 308160K (61%)
----------------- Invoking toplevel() on ptolemy.moml.MoMLSimpleApplication@91d4277
----------------- Done invoking toplevel() on ptolemy.moml.MoMLSimpleApplication@91d4277
reloadAllAccessors: .TestExceptionAttribute4

===========================================================================================
----------------- testing Mon Sep 07 15:42:37 UTC 2020 /home/travis/build/icyphy/ptII/ptolemy/actor/lib/test/auto/TestExceptionHandler1.xml
----------------- Instantiating /home/travis/build/icyphy/ptII/ptolemy/actor/lib/test/auto/TestExceptionHandler1.xml
1 ms. Memory: 506880K Free: 303554K (60%)
----------------- Invoking toplevel() on ptolemy.moml.MoMLSimpleApplication@672a8614
----------------- Done invoking toplevel() on ptolemy.moml.MoMLSimpleApplication@672a8614
reloadAllAccessors: .TestExceptionHandler1

===========================================================================================
----------------- testing Mon Sep 07 15:42:37 UTC 2020 /home/travis/build/icyphy/ptII/ptolemy/actor/lib/test/auto/TestExceptionHandler2.xml
----------------- Instantiating /home/travis/build/icyphy/ptII/ptolemy/actor/lib/test/auto/TestExceptionHandler2.xml
1 ms. Memory: 506880K Free: 299968K (59%)
----------------- Invoking toplevel() on ptolemy.moml.MoMLSimpleApplication@1614a82
----------------- Done invoking toplevel() on ptolemy.moml.MoMLSimpleApplication@1614a82
reloadAllAccessors: .TestExceptionHandler2

===========================================================================================
----------------- testing Mon Sep 07 15:42:37 UTC 2020 /home/travis/build/icyphy/ptII/ptolemy/actor/lib/test/auto/TestExceptionHandler3.xml
----------------- Instantiating /home/travis/build/icyphy/ptII/ptolemy/actor/lib/test/auto/TestExceptionHandler3.xml
0 ms. Memory: 506880K Free: 296386K (58%)
----------------- Invoking toplevel() on ptolemy.moml.MoMLSimpleApplication@68042357
----------------- Done invoking toplevel() on ptolemy.moml.MoMLSimpleApplication@68042357
reloadAllAccessors: .TestExceptionHandler3

===========================================================================================
----------------- testing Mon Sep 07 15:42:37 UTC 2020 /home/travis/build/icyphy/ptII/ptolemy/actor/lib/test/auto/TestExceptionHandler4.xml
----------------- Instantiating /home/travis/build/icyphy/ptII/ptolemy/actor/lib/test/auto/TestExceptionHandler4.xml
0 ms. Memory: 506880K Free: 291776K (58%)
----------------- Invoking toplevel() on ptolemy.moml.MoMLSimpleApplication@ac8ac4e
----------------- Done invoking toplevel() on ptolemy.moml.MoMLSimpleApplication@ac8ac4e
reloadAllAccessors: .TestExceptionHandler4

===========================================================================================
----------------- testing Mon Sep 07 15:42:37 UTC 2020 /home/travis/build/icyphy/ptII/ptolemy/actor/lib/test/auto/TestRequireCorrectOrder.xml
----------------- Instantiating /home/travis/build/icyphy/ptII/ptolemy/actor/lib/test/auto/TestRequireCorrectOrder.xml
5 ms. Memory: 506880K Free: 286626K (57%)
----------------- Invoking toplevel() on ptolemy.moml.MoMLSimpleApplication@4e7cb957
----------------- Done invoking toplevel() on ptolemy.moml.MoMLSimpleApplication@4e7cb957
reloadAllAccessors: .TestRequireCorrectOrder

===========================================================================================
----------------- testing Mon Sep 07 15:42:37 UTC 2020 /home/travis/build/icyphy/ptII/ptolemy/actor/lib/test/auto/TestSimple.xml
----------------- Instantiating /home/travis/build/icyphy/ptII/ptolemy/actor/lib/test/auto/TestSimple.xml
2 ms. Memory: 506880K Free: 282050K (56%)
----------------- Invoking toplevel() on ptolemy.moml.MoMLSimpleApplication@36105e3f
----------------- Done invoking toplevel() on ptolemy.moml.MoMLSimpleApplication@36105e3f
reloadAllAccessors: .TestSimple

===========================================================================================
----------------- testing Mon Sep 07 15:42:37 UTC 2020 /home/travis/build/icyphy/ptII/ptolemy/actor/lib/test/auto/ThrowModelError.xml
----------------- Instantiating /home/travis/build/icyphy/ptII/ptolemy/actor/lib/test/auto/ThrowModelError.xml
1 ms. Memory: 506880K Free: 276930K (55%)
----------------- Invoking toplevel() on ptolemy.moml.MoMLSimpleApplication@4b1163ec
----------------- Done invoking toplevel() on ptolemy.moml.MoMLSimpleApplication@4b1163ec
reloadAllAccessors: .ThrowModelError

===========================================================================================
----------------- testing Mon Sep 07 15:42:37 UTC 2020 /home/travis/build/icyphy/ptII/ptolemy/actor/lib/test/auto/TimeDelayMicrosteps.xml
----------------- Instantiating /home/travis/build/icyphy/ptII/ptolemy/actor/lib/test/auto/TimeDelayMicrosteps.xml
3 ms. Memory: 506880K Free: 270258K (53%)
----------------- Invoking toplevel() on ptolemy.moml.MoMLSimpleApplication@77f48a4e
----------------- Done invoking toplevel() on ptolemy.moml.MoMLSimpleApplication@77f48a4e
reloadAllAccessors: .TimeDelayMicrosteps

===========================================================================================
----------------- testing Mon Sep 07 15:42:37 UTC 2020 /home/travis/build/icyphy/ptII/ptolemy/actor/lib/test/auto/TimeDelayMicrosteps2.xml
----------------- Instantiating /home/travis/build/icyphy/ptII/ptolemy/actor/lib/test/auto/TimeDelayMicrosteps2.xml
3 ms. Memory: 506880K Free: 263074K (52%)
----------------- Invoking toplevel() on ptolemy.moml.MoMLSimpleApplication@60af0ea5
----------------- Done invoking toplevel() on ptolemy.moml.MoMLSimpleApplication@60af0ea5
reloadAllAccessors: .TimeDelayMicrosteps2

===========================================================================================
----------------- testing Mon Sep 07 15:42:37 UTC 2020 /home/travis/build/icyphy/ptII/ptolemy/actor/lib/test/auto/TimeDelayMicrosteps3.xml
----------------- Instantiating /home/travis/build/icyphy/ptII/ptolemy/actor/lib/test/auto/TimeDelayMicrosteps3.xml
3 ms. Memory: 506880K Free: 255906K (50%)
----------------- Invoking toplevel() on ptolemy.moml.MoMLSimpleApplication@53ab232c
----------------- Done invoking toplevel() on ptolemy.moml.MoMLSimpleApplication@53ab232c
reloadAllAccessors: .TimeDelayMicrosteps3

===========================================================================================
----------------- testing Mon Sep 07 15:42:37 UTC 2020 /home/travis/build/icyphy/ptII/ptolemy/actor/lib/test/auto/TimeDelayVariableMicrosteps.xml
----------------- Instantiating /home/travis/build/icyphy/ptII/ptolemy/actor/lib/test/auto/TimeDelayVariableMicrosteps.xml
3 ms. Memory: 506880K Free: 249282K (49%)
----------------- Invoking toplevel() on ptolemy.moml.MoMLSimpleApplication@34723082
----------------- Done invoking toplevel() on ptolemy.moml.MoMLSimpleApplication@34723082
reloadAllAccessors: .TimeDelayVariableMicrosteps

===========================================================================================
----------------- testing Mon Sep 07 15:42:37 UTC 2020 /home/travis/build/icyphy/ptII/ptolemy/actor/lib/test/auto/TimeGap.xml
----------------- Instantiating /home/travis/build/icyphy/ptII/ptolemy/actor/lib/test/auto/TimeGap.xml
3 ms. Memory: 506880K Free: 243634K (48%)
----------------- Invoking toplevel() on ptolemy.moml.MoMLSimpleApplication@63b3406
----------------- Done invoking toplevel() on ptolemy.moml.MoMLSimpleApplication@63b3406
reloadAllAccessors: .TimeGap

===========================================================================================
----------------- testing Mon Sep 07 15:42:37 UTC 2020 /home/travis/build/icyphy/ptII/ptolemy/actor/lib/test/auto/TimeGap2.xml
----------------- Instantiating /home/travis/build/icyphy/ptII/ptolemy/actor/lib/test/auto/TimeGap2.xml
1 ms. Memory: 506880K Free: 238018K (47%)
----------------- Invoking toplevel() on ptolemy.moml.MoMLSimpleApplication@3b7d1010
----------------- Done invoking toplevel() on ptolemy.moml.MoMLSimpleApplication@3b7d1010
reloadAllAccessors: .TimeGap2

===========================================================================================
----------------- testing Mon Sep 07 15:42:37 UTC 2020 /home/travis/build/icyphy/ptII/ptolemy/actor/lib/test/auto/TimedSinewave.xml
----------------- Instantiating /home/travis/build/icyphy/ptII/ptolemy/actor/lib/test/auto/TimedSinewave.xml
19 ms. Memory: 506880K Free: 223682K (44%)
----------------- Invoking toplevel() on ptolemy.moml.MoMLSimpleApplication@3a5174d0
----------------- Done invoking toplevel() on ptolemy.moml.MoMLSimpleApplication@3a5174d0
reloadAllAccessors: .TimedSinewave

===========================================================================================
----------------- testing Mon Sep 07 15:42:37 UTC 2020 /home/travis/build/icyphy/ptII/ptolemy/actor/lib/test/auto/TimedSinewavePhase.xml
----------------- Instantiating /home/travis/build/icyphy/ptII/ptolemy/actor/lib/test/auto/TimedSinewavePhase.xml
8 ms. Memory: 506880K Free: 213442K (42%)
----------------- Invoking toplevel() on ptolemy.moml.MoMLSimpleApplication@64747ae7
----------------- Done invoking toplevel() on ptolemy.moml.MoMLSimpleApplication@64747ae7
reloadAllAccessors: .TimedSinewavePhase

===========================================================================================
----------------- testing Mon Sep 07 15:42:37 UTC 2020 /home/travis/build/icyphy/ptII/ptolemy/actor/lib/test/auto/Timer.xml
----------------- Instantiating /home/travis/build/icyphy/ptII/ptolemy/actor/lib/test/auto/Timer.xml
2 ms. Memory: 506880K Free: 207802K (41%)
----------------- Invoking toplevel() on ptolemy.moml.MoMLSimpleApplication@5fa55f02
----------------- Done invoking toplevel() on ptolemy.moml.MoMLSimpleApplication@5fa55f02
reloadAllAccessors: .Timer

===========================================================================================
----------------- testing Mon Sep 07 15:42:37 UTC 2020 /home/travis/build/icyphy/ptII/ptolemy/actor/lib/test/auto/TriangularDistTestModel.xml
----------------- Instantiating /home/travis/build/icyphy/ptII/ptolemy/actor/lib/test/auto/TriangularDistTestModel.xml
2 ms. Memory: 506880K Free: 202178K (40%)
----------------- Invoking toplevel() on ptolemy.moml.MoMLSimpleApplication@27896ab1
----------------- Done invoking toplevel() on ptolemy.moml.MoMLSimpleApplication@27896ab1
reloadAllAccessors: .TriangularDistTestModel

===========================================================================================
----------------- testing Mon Sep 07 15:42:37 UTC 2020 /home/travis/build/icyphy/ptII/ptolemy/actor/lib/test/auto/TrigFunction.xml
----------------- Instantiating /home/travis/build/icyphy/ptII/ptolemy/actor/lib/test/auto/TrigFunction.xml
2 ms. Memory: 506880K Free: 197058K (39%)
----------------- Invoking toplevel() on ptolemy.moml.MoMLSimpleApplication@3a958181
----------------- Done invoking toplevel() on ptolemy.moml.MoMLSimpleApplication@3a958181
reloadAllAccessors: .TrigFunction

===========================================================================================
----------------- testing Mon Sep 07 15:42:37 UTC 2020 /home/travis/build/icyphy/ptII/ptolemy/actor/lib/test/auto/TrigFunctionDE.xml
----------------- Instantiating /home/travis/build/icyphy/ptII/ptolemy/actor/lib/test/auto/TrigFunctionDE.xml
1 ms. Memory: 506880K Free: 191424K (38%)
----------------- Invoking toplevel() on ptolemy.moml.MoMLSimpleApplication@5e7551cd
----------------- Done invoking toplevel() on ptolemy.moml.MoMLSimpleApplication@5e7551cd
reloadAllAccessors: .TrigFunctionDE

===========================================================================================
----------------- testing Mon Sep 07 15:42:37 UTC 2020 /home/travis/build/icyphy/ptII/ptolemy/actor/lib/test/auto/TrigFunctionInverse.xml
----------------- Instantiating /home/travis/build/icyphy/ptII/ptolemy/actor/lib/test/auto/TrigFunctionInverse.xml
1 ms. Memory: 506880K Free: 186304K (37%)
----------------- Invoking toplevel() on ptolemy.moml.MoMLSimpleApplication@30e885bb
----------------- Done invoking toplevel() on ptolemy.moml.MoMLSimpleApplication@30e885bb
reloadAllAccessors: .TrigFunctionInverse

===========================================================================================
----------------- testing Mon Sep 07 15:42:37 UTC 2020 /home/travis/build/icyphy/ptII/ptolemy/actor/lib/test/auto/TrigFunctionTan.xml
----------------- Instantiating /home/travis/build/icyphy/ptII/ptolemy/actor/lib/test/auto/TrigFunctionTan.xml
1 ms. Memory: 506880K Free: 181698K (36%)
----------------- Invoking toplevel() on ptolemy.moml.MoMLSimpleApplication@a23d506
----------------- Done invoking toplevel() on ptolemy.moml.MoMLSimpleApplication@a23d506
reloadAllAccessors: .TrigFunctionTan

===========================================================================================
----------------- testing Mon Sep 07 15:42:37 UTC 2020 /home/travis/build/icyphy/ptII/ptolemy/actor/lib/test/auto/TriggeredClock.xml
----------------- Instantiating /home/travis/build/icyphy/ptII/ptolemy/actor/lib/test/auto/TriggeredClock.xml
1 ms. Memory: 506880K Free: 176578K (35%)
----------------- Invoking toplevel() on ptolemy.moml.MoMLSimpleApplication@225e2f39
----------------- Done invoking toplevel() on ptolemy.moml.MoMLSimpleApplication@225e2f39
reloadAllAccessors: .TriggeredClock

===========================================================================================
----------------- testing Mon Sep 07 15:42:37 UTC 2020 /home/travis/build/icyphy/ptII/ptolemy/actor/lib/test/auto/URLDirectoryReader.xml
----------------- Instantiating /home/travis/build/icyphy/ptII/ptolemy/actor/lib/test/auto/URLDirectoryReader.xml
36 ms. Memory: 506880K Free: 167872K (33%)
----------------- Invoking toplevel() on ptolemy.moml.MoMLSimpleApplication@3a06c622
----------------- Done invoking toplevel() on ptolemy.moml.MoMLSimpleApplication@3a06c622
reloadAllAccessors: .URLDirectoryReader

===========================================================================================
----------------- testing Mon Sep 07 15:42:37 UTC 2020 /home/travis/build/icyphy/ptII/ptolemy/actor/lib/test/auto/URLDirectoryReader3.xml
----------------- Instantiating /home/travis/build/icyphy/ptII/ptolemy/actor/lib/test/auto/URLDirectoryReader3.xml
1784 ms. Memory: 506880K Free: 447539K (88%)
----------------- Invoking toplevel() on ptolemy.moml.MoMLSimpleApplication@187c7876
----------------- Done invoking toplevel() on ptolemy.moml.MoMLSimpleApplication@187c7876
reloadAllAccessors: .URLDirectoryReader3

===========================================================================================
----------------- testing Mon Sep 07 15:42:40 UTC 2020 /home/travis/build/icyphy/ptII/ptolemy/actor/lib/test/auto/UnaryMathFunction.xml
----------------- Instantiating /home/travis/build/icyphy/ptII/ptolemy/actor/lib/test/auto/UnaryMathFunction.xml
3 ms. Memory: 506880K Free: 439622K (87%)
----------------- Invoking toplevel() on ptolemy.moml.MoMLSimpleApplication@1bdd9761
----------------- Done invoking toplevel() on ptolemy.moml.MoMLSimpleApplication@1bdd9761
reloadAllAccessors: .UnaryMathFunction

===========================================================================================
----------------- testing Mon Sep 07 15:42:40 UTC 2020 /home/travis/build/icyphy/ptII/ptolemy/actor/lib/test/auto/Uniform.xml
----------------- Instantiating /home/travis/build/icyphy/ptII/ptolemy/actor/lib/test/auto/Uniform.xml
2 ms. Memory: 506880K Free: 435012K (86%)
----------------- Invoking toplevel() on ptolemy.moml.MoMLSimpleApplication@7d5c0c7d
----------------- Done invoking toplevel() on ptolemy.moml.MoMLSimpleApplication@7d5c0c7d
reloadAllAccessors: .Uniform

===========================================================================================
----------------- testing Mon Sep 07 15:42:40 UTC 2020 /home/travis/build/icyphy/ptII/ptolemy/actor/lib/test/auto/UnionDisassemblerTest.xml
----------------- Instantiating /home/travis/build/icyphy/ptII/ptolemy/actor/lib/test/auto/UnionDisassemblerTest.xml
8 ms. Memory: 506880K Free: 430910K (85%)
----------------- Invoking toplevel() on ptolemy.moml.MoMLSimpleApplication@6a69c12b
----------------- Done invoking toplevel() on ptolemy.moml.MoMLSimpleApplication@6a69c12b
reloadAllAccessors: .UnionDisassemblerTest

===========================================================================================
----------------- testing Mon Sep 07 15:42:40 UTC 2020 /home/travis/build/icyphy/ptII/ptolemy/actor/lib/test/auto/UtilityFunctions.xml
----------------- Instantiating /home/travis/build/icyphy/ptII/ptolemy/actor/lib/test/auto/UtilityFunctions.xml
1 ms. Memory: 506880K Free: 427334K (84%)
----------------- Invoking toplevel() on ptolemy.moml.MoMLSimpleApplication@417c4f4d
----------------- Done invoking toplevel() on ptolemy.moml.MoMLSimpleApplication@417c4f4d
reloadAllAccessors: .UtilityFunctions

===========================================================================================
----------------- testing Mon Sep 07 15:42:40 UTC 2020 /home/travis/build/icyphy/ptII/ptolemy/actor/lib/test/auto/VariableSleep.xml
----------------- Instantiating /home/travis/build/icyphy/ptII/ptolemy/actor/lib/test/auto/VariableSleep.xml
502 ms. Memory: 506880K Free: 422214K (83%)
----------------- Invoking toplevel() on ptolemy.moml.MoMLSimpleApplication@9d93e85
----------------- Done invoking toplevel() on ptolemy.moml.MoMLSimpleApplication@9d93e85
reloadAllAccessors: .VariableSleep

===========================================================================================
----------------- testing Mon Sep 07 15:42:40 UTC 2020 /home/travis/build/icyphy/ptII/ptolemy/actor/lib/test/auto/VectorAssemblerDisassemblerCT.xml
----------------- Instantiating /home/travis/build/icyphy/ptII/ptolemy/actor/lib/test/auto/VectorAssemblerDisassemblerCT.xml
65 ms. Memory: 506880K Free: 401220K (79%)
----------------- Invoking toplevel() on ptolemy.moml.MoMLSimpleApplication@14a5768a
----------------- Done invoking toplevel() on ptolemy.moml.MoMLSimpleApplication@14a5768a
reloadAllAccessors: .VectorAssemblerDisassemblerCT

===========================================================================================
----------------- testing Mon Sep 07 15:42:40 UTC 2020 /home/travis/build/icyphy/ptII/ptolemy/actor/lib/test/auto/VectorAssemblerDisassemblerDE.xml
----------------- Instantiating /home/travis/build/icyphy/ptII/ptolemy/actor/lib/test/auto/VectorAssemblerDisassemblerDE.xml
2 ms. Memory: 506880K Free: 394052K (78%)
----------------- Invoking toplevel() on ptolemy.moml.MoMLSimpleApplication@223207ae
----------------- Done invoking toplevel() on ptolemy.moml.MoMLSimpleApplication@223207ae
reloadAllAccessors: .VectorAssemblerDisassemblerDE

===========================================================================================
----------------- testing Mon Sep 07 15:42:40 UTC 2020 /home/travis/build/icyphy/ptII/ptolemy/actor/lib/test/auto/VectorAssemblerDisassemblerSDF.xml
----------------- Instantiating /home/travis/build/icyphy/ptII/ptolemy/actor/lib/test/auto/VectorAssemblerDisassemblerSDF.xml
2 ms. Memory: 506880K Free: 387398K (76%)
----------------- Invoking toplevel() on ptolemy.moml.MoMLSimpleApplication@e9f747f
----------------- Done invoking toplevel() on ptolemy.moml.MoMLSimpleApplication@e9f747f
reloadAllAccessors: .VectorAssemblerDisassemblerSDF

===========================================================================================
----------------- testing Mon Sep 07 15:42:40 UTC 2020 /home/travis/build/icyphy/ptII/ptolemy/actor/lib/test/auto/WallClockTime.xml
----------------- Instantiating /home/travis/build/icyphy/ptII/ptolemy/actor/lib/test/auto/WallClockTime.xml
1004 ms. Memory: 506880K Free: 382278K (75%)
----------------- Invoking toplevel() on ptolemy.moml.MoMLSimpleApplication@f059903
----------------- Done invoking toplevel() on ptolemy.moml.MoMLSimpleApplication@f059903
reloadAllAccessors: .WallClockTime

===========================================================================================
----------------- testing Mon Sep 07 15:42:41 UTC 2020 /home/travis/build/icyphy/ptII/ptolemy/actor/lib/test/auto/WidthTestWithSubscriberPublisher.xml
----------------- Instantiating /home/travis/build/icyphy/ptII/ptolemy/actor/lib/test/auto/WidthTestWithSubscriberPublisher.xml
11 ms. Memory: 506880K Free: 364356K (72%)
----------------- Invoking toplevel() on ptolemy.moml.MoMLSimpleApplication@5ff647f
----------------- Done invoking toplevel() on ptolemy.moml.MoMLSimpleApplication@5ff647f
reloadAllAccessors: .WidthTestWithSubscriberPublisher

===========================================================================================
----------------- testing Mon Sep 07 15:42:41 UTC 2020 /home/travis/build/icyphy/ptII/ptolemy/actor/lib/test/auto/WidthTestWithSubscriberPublisher2.xml
----------------- Instantiating /home/travis/build/icyphy/ptII/ptolemy/actor/lib/test/auto/WidthTestWithSubscriberPublisher2.xml
2 ms. Memory: 506880K Free: 357702K (71%)
----------------- Invoking toplevel() on ptolemy.moml.MoMLSimpleApplication@5f094f47
----------------- Done invoking toplevel() on ptolemy.moml.MoMLSimpleApplication@5f094f47
reloadAllAccessors: .WidthTestWithSubscriberPublisher2

===========================================================================================
----------------- testing Mon Sep 07 15:42:41 UTC 2020 /home/travis/build/icyphy/ptII/ptolemy/actor/lib/test/auto/WidthTestWithSubscriberPublisher3.xml
----------------- Instantiating /home/travis/build/icyphy/ptII/ptolemy/actor/lib/test/auto/WidthTestWithSubscriberPublisher3.xml
1 ms. Memory: 506880K Free: 351558K (69%)
----------------- Invoking toplevel() on ptolemy.moml.MoMLSimpleApplication@61615ed8
----------------- Done invoking toplevel() on ptolemy.moml.MoMLSimpleApplication@61615ed8
reloadAllAccessors: .WidthTestWithSubscriberPublisher3

===========================================================================================
----------------- testing Mon Sep 07 15:42:41 UTC 2020 /home/travis/build/icyphy/ptII/ptolemy/actor/lib/test/auto/Writer.xml
----------------- Instantiating /home/travis/build/icyphy/ptII/ptolemy/actor/lib/test/auto/Writer.xml
0
1
2
3
4
1 ms. Memory: 506880K Free: 347462K (69%)
----------------- Invoking toplevel() on ptolemy.moml.MoMLSimpleApplication@2dcb00b7
----------------- Done invoking toplevel() on ptolemy.moml.MoMLSimpleApplication@2dcb00b7
reloadAllAccessors: .Writer

===========================================================================================
----------------- testing Mon Sep 07 15:42:41 UTC 2020 /home/travis/build/icyphy/ptII/ptolemy/actor/lib/test/auto/array.xml
----------------- Instantiating /home/travis/build/icyphy/ptII/ptolemy/actor/lib/test/auto/array.xml
2 ms. Memory: 506880K Free: 342342K (68%)
----------------- Invoking toplevel() on ptolemy.moml.MoMLSimpleApplication@276d45c7
----------------- Done invoking toplevel() on ptolemy.moml.MoMLSimpleApplication@276d45c7
reloadAllAccessors: .array

===========================================================================================
----------------- testing Mon Sep 07 15:42:41 UTC 2020 /home/travis/build/icyphy/ptII/ptolemy/actor/lib/test/auto/array2.xml
----------------- Instantiating /home/travis/build/icyphy/ptII/ptolemy/actor/lib/test/auto/array2.xml
6 ms. Memory: 506880K Free: 337718K (67%)
----------------- Invoking toplevel() on ptolemy.moml.MoMLSimpleApplication@68c58781
----------------- Done invoking toplevel() on ptolemy.moml.MoMLSimpleApplication@68c58781
reloadAllAccessors: .array2

===========================================================================================
----------------- testing Mon Sep 07 15:42:41 UTC 2020 /home/travis/build/icyphy/ptII/ptolemy/actor/lib/test/auto/arrayType.xml
----------------- Instantiating /home/travis/build/icyphy/ptII/ptolemy/actor/lib/test/auto/arrayType.xml
1 ms. Memory: 506880K Free: 332102K (66%)
----------------- Invoking toplevel() on ptolemy.moml.MoMLSimpleApplication@11de2875
----------------- Done invoking toplevel() on ptolemy.moml.MoMLSimpleApplication@11de2875
reloadAllAccessors: .arrayType

===========================================================================================
----------------- testing Mon Sep 07 15:42:42 UTC 2020 /home/travis/build/icyphy/ptII/ptolemy/actor/lib/test/auto/arrayType10.xml
----------------- Instantiating /home/travis/build/icyphy/ptII/ptolemy/actor/lib/test/auto/arrayType10.xml
1 ms. Memory: 506880K Free: 327492K (65%)
----------------- Invoking toplevel() on ptolemy.moml.MoMLSimpleApplication@2261e
----------------- Done invoking toplevel() on ptolemy.moml.MoMLSimpleApplication@2261e
reloadAllAccessors: .arrayType10

===========================================================================================
----------------- testing Mon Sep 07 15:42:42 UTC 2020 /home/travis/build/icyphy/ptII/ptolemy/actor/lib/test/auto/arrayType11.xml
----------------- Instantiating /home/travis/build/icyphy/ptII/ptolemy/actor/lib/test/auto/arrayType11.xml
1 ms. Memory: 506880K Free: 322372K (64%)
----------------- Invoking toplevel() on ptolemy.moml.MoMLSimpleApplication@57b87405
----------------- Done invoking toplevel() on ptolemy.moml.MoMLSimpleApplication@57b87405
reloadAllAccessors: .arrayType11

===========================================================================================
----------------- testing Mon Sep 07 15:42:42 UTC 2020 /home/travis/build/icyphy/ptII/ptolemy/actor/lib/test/auto/arrayType12.xml
----------------- Instantiating /home/travis/build/icyphy/ptII/ptolemy/actor/lib/test/auto/arrayType12.xml
1 ms. Memory: 506880K Free: 317766K (63%)
----------------- Invoking toplevel() on ptolemy.moml.MoMLSimpleApplication@20d9f075
----------------- Done invoking toplevel() on ptolemy.moml.MoMLSimpleApplication@20d9f075
reloadAllAccessors: .arrayType12

===========================================================================================
----------------- testing Mon Sep 07 15:42:42 UTC 2020 /home/travis/build/icyphy/ptII/ptolemy/actor/lib/test/auto/arrayType13.xml
----------------- Instantiating /home/travis/build/icyphy/ptII/ptolemy/actor/lib/test/auto/arrayType13.xml
1 ms. Memory: 506880K Free: 312646K (62%)
----------------- Invoking toplevel() on ptolemy.moml.MoMLSimpleApplication@341ceb24
----------------- Done invoking toplevel() on ptolemy.moml.MoMLSimpleApplication@341ceb24
reloadAllAccessors: .arrayType13

===========================================================================================
----------------- testing Mon Sep 07 15:42:42 UTC 2020 /home/travis/build/icyphy/ptII/ptolemy/actor/lib/test/auto/arrayType14.xml
----------------- Instantiating /home/travis/build/icyphy/ptII/ptolemy/actor/lib/test/auto/arrayType14.xml
1 ms. Memory: 506880K Free: 307012K (61%)
----------------- Invoking toplevel() on ptolemy.moml.MoMLSimpleApplication@7b21fd25
----------------- Done invoking toplevel() on ptolemy.moml.MoMLSimpleApplication@7b21fd25
reloadAllAccessors: .arrayType14

===========================================================================================
----------------- testing Mon Sep 07 15:42:42 UTC 2020 /home/travis/build/icyphy/ptII/ptolemy/actor/lib/test/auto/arrayType15.xml
----------------- Instantiating /home/travis/build/icyphy/ptII/ptolemy/actor/lib/test/auto/arrayType15.xml
2 ms. Memory: 506880K Free: 301892K (60%)
----------------- Invoking toplevel() on ptolemy.moml.MoMLSimpleApplication@46de0a37
----------------- Done invoking toplevel() on ptolemy.moml.MoMLSimpleApplication@46de0a37
reloadAllAccessors: .arrayType15

===========================================================================================
----------------- testing Mon Sep 07 15:42:42 UTC 2020 /home/travis/build/icyphy/ptII/ptolemy/actor/lib/test/auto/arrayType16.xml
----------------- Instantiating /home/travis/build/icyphy/ptII/ptolemy/actor/lib/test/auto/arrayType16.xml
2 ms. Memory: 506880K Free: 296262K (58%)
----------------- Invoking toplevel() on ptolemy.moml.MoMLSimpleApplication@98f7878
----------------- Done invoking toplevel() on ptolemy.moml.MoMLSimpleApplication@98f7878
reloadAllAccessors: .arrayType16

===========================================================================================
----------------- testing Mon Sep 07 15:42:42 UTC 2020 /home/travis/build/icyphy/ptII/ptolemy/actor/lib/test/auto/arrayType17.xml
----------------- Instantiating /home/travis/build/icyphy/ptII/ptolemy/actor/lib/test/auto/arrayType17.xml
1 ms. Memory: 506880K Free: 291142K (57%)
----------------- Invoking toplevel() on ptolemy.moml.MoMLSimpleApplication@6d53da63
----------------- Done invoking toplevel() on ptolemy.moml.MoMLSimpleApplication@6d53da63
reloadAllAccessors: .arrayType17

===========================================================================================
----------------- testing Mon Sep 07 15:42:42 UTC 2020 /home/travis/build/icyphy/ptII/ptolemy/actor/lib/test/auto/arrayType18.xml
----------------- Instantiating /home/travis/build/icyphy/ptII/ptolemy/actor/lib/test/auto/arrayType18.xml
1 ms. Memory: 506880K Free: 286532K (57%)
----------------- Invoking toplevel() on ptolemy.moml.MoMLSimpleApplication@1452d242
----------------- Done invoking toplevel() on ptolemy.moml.MoMLSimpleApplication@1452d242
reloadAllAccessors: .arrayType18

===========================================================================================
----------------- testing Mon Sep 07 15:42:42 UTC 2020 /home/travis/build/icyphy/ptII/ptolemy/actor/lib/test/auto/arrayType19.xml
----------------- Instantiating /home/travis/build/icyphy/ptII/ptolemy/actor/lib/test/auto/arrayType19.xml
1 ms. Memory: 506880K Free: 281412K (56%)
----------------- Invoking toplevel() on ptolemy.moml.MoMLSimpleApplication@797f8395
----------------- Done invoking toplevel() on ptolemy.moml.MoMLSimpleApplication@797f8395
reloadAllAccessors: .arrayType19

===========================================================================================
----------------- testing Mon Sep 07 15:42:42 UTC 2020 /home/travis/build/icyphy/ptII/ptolemy/actor/lib/test/auto/arrayType2.xml
----------------- Instantiating /home/travis/build/icyphy/ptII/ptolemy/actor/lib/test/auto/arrayType2.xml
2 ms. Memory: 506880K Free: 276292K (55%)
----------------- Invoking toplevel() on ptolemy.moml.MoMLSimpleApplication@3275a56a
----------------- Done invoking toplevel() on ptolemy.moml.MoMLSimpleApplication@3275a56a
reloadAllAccessors: .arrayType2

===========================================================================================
----------------- testing Mon Sep 07 15:42:42 UTC 2020 /home/travis/build/icyphy/ptII/ptolemy/actor/lib/test/auto/arrayType20.xml
----------------- Instantiating /home/travis/build/icyphy/ptII/ptolemy/actor/lib/test/auto/arrayType20.xml
2 ms. Memory: 506880K Free: 271172K (53%)
----------------- Invoking toplevel() on ptolemy.moml.MoMLSimpleApplication@5a289e16
----------------- Done invoking toplevel() on ptolemy.moml.MoMLSimpleApplication@5a289e16
reloadAllAccessors: .arrayType20

===========================================================================================
----------------- testing Mon Sep 07 15:42:42 UTC 2020 /home/travis/build/icyphy/ptII/ptolemy/actor/lib/test/auto/arrayType21.xml
----------------- Instantiating /home/travis/build/icyphy/ptII/ptolemy/actor/lib/test/auto/arrayType21.xml
1 ms. Memory: 506880K Free: 266052K (52%)
----------------- Invoking toplevel() on ptolemy.moml.MoMLSimpleApplication@4b60eb81
----------------- Done invoking toplevel() on ptolemy.moml.MoMLSimpleApplication@4b60eb81
reloadAllAccessors: .arrayType21

===========================================================================================
----------------- testing Mon Sep 07 15:42:42 UTC 2020 /home/travis/build/icyphy/ptII/ptolemy/actor/lib/test/auto/arrayType22.xml
----------------- Instantiating /home/travis/build/icyphy/ptII/ptolemy/actor/lib/test/auto/arrayType22.xml
2 ms. Memory: 506880K Free: 260932K (51%)
----------------- Invoking toplevel() on ptolemy.moml.MoMLSimpleApplication@1d5854d
----------------- Done invoking toplevel() on ptolemy.moml.MoMLSimpleApplication@1d5854d
reloadAllAccessors: .arrayType22

===========================================================================================
----------------- testing Mon Sep 07 15:42:42 UTC 2020 /home/travis/build/icyphy/ptII/ptolemy/actor/lib/test/auto/arrayType23.xml
----------------- Instantiating /home/travis/build/icyphy/ptII/ptolemy/actor/lib/test/auto/arrayType23.xml
1 ms. Memory: 506880K Free: 256326K (51%)
----------------- Invoking toplevel() on ptolemy.moml.MoMLSimpleApplication@52b05e33
----------------- Done invoking toplevel() on ptolemy.moml.MoMLSimpleApplication@52b05e33
reloadAllAccessors: .arrayType23

===========================================================================================
----------------- testing Mon Sep 07 15:42:42 UTC 2020 /home/travis/build/icyphy/ptII/ptolemy/actor/lib/test/auto/arrayType24.xml
----------------- Instantiating /home/travis/build/icyphy/ptII/ptolemy/actor/lib/test/auto/arrayType24.xml
5 ms. Memory: 506880K Free: 251206K (50%)
----------------- Invoking toplevel() on ptolemy.moml.MoMLSimpleApplication@610d3026
----------------- Done invoking toplevel() on ptolemy.moml.MoMLSimpleApplication@610d3026
reloadAllAccessors: .arrayType24

===========================================================================================
----------------- testing Mon Sep 07 15:42:42 UTC 2020 /home/travis/build/icyphy/ptII/ptolemy/actor/lib/test/auto/arrayType25.xml
----------------- Instantiating /home/travis/build/icyphy/ptII/ptolemy/actor/lib/test/auto/arrayType25.xml
2 ms. Memory: 506880K Free: 246086K (49%)
----------------- Invoking toplevel() on ptolemy.moml.MoMLSimpleApplication@34c370f2
----------------- Done invoking toplevel() on ptolemy.moml.MoMLSimpleApplication@34c370f2
reloadAllAccessors: .arrayType25

===========================================================================================
----------------- testing Mon Sep 07 15:42:42 UTC 2020 /home/travis/build/icyphy/ptII/ptolemy/actor/lib/test/auto/arrayType26.xml
----------------- Instantiating /home/travis/build/icyphy/ptII/ptolemy/actor/lib/test/auto/arrayType26.xml
1 ms. Memory: 506880K Free: 240452K (47%)
----------------- Invoking toplevel() on ptolemy.moml.MoMLSimpleApplication@4b6ba3cc
----------------- Done invoking toplevel() on ptolemy.moml.MoMLSimpleApplication@4b6ba3cc
reloadAllAccessors: .arrayType26

===========================================================================================
----------------- testing Mon Sep 07 15:42:42 UTC 2020 /home/travis/build/icyphy/ptII/ptolemy/actor/lib/test/auto/arrayType27.xml
----------------- Instantiating /home/travis/build/icyphy/ptII/ptolemy/actor/lib/test/auto/arrayType27.xml
3 ms. Memory: 506880K Free: 235332K (46%)
----------------- Invoking toplevel() on ptolemy.moml.MoMLSimpleApplication@1e85b71d
----------------- Done invoking toplevel() on ptolemy.moml.MoMLSimpleApplication@1e85b71d
reloadAllAccessors: .arrayType27

===========================================================================================
----------------- testing Mon Sep 07 15:42:42 UTC 2020 /home/travis/build/icyphy/ptII/ptolemy/actor/lib/test/auto/arrayType28.xml
----------------- Instantiating /home/travis/build/icyphy/ptII/ptolemy/actor/lib/test/auto/arrayType28.xml
1 ms. Memory: 506880K Free: 230198K (45%)
----------------- Invoking toplevel() on ptolemy.moml.MoMLSimpleApplication@485bdf9b
----------------- Done invoking toplevel() on ptolemy.moml.MoMLSimpleApplication@485bdf9b
reloadAllAccessors: .arrayType28

===========================================================================================
----------------- testing Mon Sep 07 15:42:42 UTC 2020 /home/travis/build/icyphy/ptII/ptolemy/actor/lib/test/auto/arrayType3.xml
----------------- Instantiating /home/travis/build/icyphy/ptII/ptolemy/actor/lib/test/auto/arrayType3.xml
1 ms. Memory: 506880K Free: 224582K (44%)
----------------- Invoking toplevel() on ptolemy.moml.MoMLSimpleApplication@73fcaf08
----------------- Done invoking toplevel() on ptolemy.moml.MoMLSimpleApplication@73fcaf08
reloadAllAccessors: .arrayType3

===========================================================================================
----------------- testing Mon Sep 07 15:42:42 UTC 2020 /home/travis/build/icyphy/ptII/ptolemy/actor/lib/test/auto/arrayType4.xml
----------------- Instantiating /home/travis/build/icyphy/ptII/ptolemy/actor/lib/test/auto/arrayType4.xml
1 ms. Memory: 506880K Free: 219462K (43%)
----------------- Invoking toplevel() on ptolemy.moml.MoMLSimpleApplication@12082da0
----------------- Done invoking toplevel() on ptolemy.moml.MoMLSimpleApplication@12082da0
reloadAllAccessors: .arrayType4

===========================================================================================
----------------- testing Mon Sep 07 15:42:42 UTC 2020 /home/travis/build/icyphy/ptII/ptolemy/actor/lib/test/auto/arrayType5.xml
----------------- Instantiating /home/travis/build/icyphy/ptII/ptolemy/actor/lib/test/auto/arrayType5.xml
2 ms. Memory: 506880K Free: 213828K (42%)
----------------- Invoking toplevel() on ptolemy.moml.MoMLSimpleApplication@793c74e7
----------------- Done invoking toplevel() on ptolemy.moml.MoMLSimpleApplication@793c74e7
reloadAllAccessors: .arrayType5

===========================================================================================
----------------- testing Mon Sep 07 15:42:42 UTC 2020 /home/travis/build/icyphy/ptII/ptolemy/actor/lib/test/auto/arrayType6.xml
----------------- Instantiating /home/travis/build/icyphy/ptII/ptolemy/actor/lib/test/auto/arrayType6.xml
1 ms. Memory: 506880K Free: 209222K (41%)
----------------- Invoking toplevel() on ptolemy.moml.MoMLSimpleApplication@269e2a86
----------------- Done invoking toplevel() on ptolemy.moml.MoMLSimpleApplication@269e2a86
reloadAllAccessors: .arrayType6

===========================================================================================
----------------- testing Mon Sep 07 15:42:42 UTC 2020 /home/travis/build/icyphy/ptII/ptolemy/actor/lib/test/auto/arrayType7.xml
----------------- Instantiating /home/travis/build/icyphy/ptII/ptolemy/actor/lib/test/auto/arrayType7.xml
6 ms. Memory: 506880K Free: 204102K (40%)
----------------- Invoking toplevel() on ptolemy.moml.MoMLSimpleApplication@47bb3083
----------------- Done invoking toplevel() on ptolemy.moml.MoMLSimpleApplication@47bb3083
reloadAllAccessors: .arrayType7

===========================================================================================
----------------- testing Mon Sep 07 15:42:42 UTC 2020 /home/travis/build/icyphy/ptII/ptolemy/actor/lib/test/auto/arrayType8.xml
----------------- Instantiating /home/travis/build/icyphy/ptII/ptolemy/actor/lib/test/auto/arrayType8.xml
1 ms. Memory: 506880K Free: 452196K (89%)
----------------- Invoking toplevel() on ptolemy.moml.MoMLSimpleApplication@d2baa0f
----------------- Done invoking toplevel() on ptolemy.moml.MoMLSimpleApplication@d2baa0f
reloadAllAccessors: .arrayType8

===========================================================================================
----------------- testing Mon Sep 07 15:42:42 UTC 2020 /home/travis/build/icyphy/ptII/ptolemy/actor/lib/test/auto/arrayType9.xml
----------------- Instantiating /home/travis/build/icyphy/ptII/ptolemy/actor/lib/test/auto/arrayType9.xml
1 ms. Memory: 506880K Free: 446566K (88%)
----------------- Invoking toplevel() on ptolemy.moml.MoMLSimpleApplication@3e854653
----------------- Done invoking toplevel() on ptolemy.moml.MoMLSimpleApplication@3e854653
reloadAllAccessors: .arrayType9

===========================================================================================
----------------- testing Mon Sep 07 15:42:42 UTC 2020 /home/travis/build/icyphy/ptII/ptolemy/actor/lib/test/auto/cast.xml
----------------- Instantiating /home/travis/build/icyphy/ptII/ptolemy/actor/lib/test/auto/cast.xml
2 ms. Memory: 506880K Free: 441956K (87%)
----------------- Invoking toplevel() on ptolemy.moml.MoMLSimpleApplication@4cb6ccdb
----------------- Done invoking toplevel() on ptolemy.moml.MoMLSimpleApplication@4cb6ccdb
reloadAllAccessors: .cast

===========================================================================================
----------------- testing Mon Sep 07 15:42:42 UTC 2020 /home/travis/build/icyphy/ptII/ptolemy/actor/lib/test/auto/compositeMultiPort.xml
----------------- Instantiating /home/travis/build/icyphy/ptII/ptolemy/actor/lib/test/auto/compositeMultiPort.xml
3 ms. Memory: 506880K Free: 432726K (85%)
----------------- Invoking toplevel() on ptolemy.moml.MoMLSimpleApplication@1a8c9c29
----------------- Done invoking toplevel() on ptolemy.moml.MoMLSimpleApplication@1a8c9c29
reloadAllAccessors: .compositeMultiPort

===========================================================================================
----------------- testing Mon Sep 07 15:42:42 UTC 2020 /home/travis/build/icyphy/ptII/ptolemy/actor/lib/test/auto/expressionCastInference.xml
----------------- Instantiating /home/travis/build/icyphy/ptII/ptolemy/actor/lib/test/auto/expressionCastInference.xml
2 ms. Memory: 506880K Free: 428134K (84%)
----------------- Invoking toplevel() on ptolemy.moml.MoMLSimpleApplication@64f5617a
----------------- Done invoking toplevel() on ptolemy.moml.MoMLSimpleApplication@64f5617a
reloadAllAccessors: .expressionCastInference

===========================================================================================
----------------- testing Mon Sep 07 15:42:42 UTC 2020 /home/travis/build/icyphy/ptII/ptolemy/actor/lib/test/auto/expressionCastInference2.xml
----------------- Instantiating /home/travis/build/icyphy/ptII/ptolemy/actor/lib/test/auto/expressionCastInference2.xml
2 ms. Memory: 506880K Free: 423014K (83%)
----------------- Invoking toplevel() on ptolemy.moml.MoMLSimpleApplication@13c61569
----------------- Done invoking toplevel() on ptolemy.moml.MoMLSimpleApplication@13c61569
reloadAllAccessors: .expressionCastInference2

===========================================================================================
----------------- testing Mon Sep 07 15:42:42 UTC 2020 /home/travis/build/icyphy/ptII/ptolemy/actor/lib/test/auto/expressionInference.xml
----------------- Instantiating /home/travis/build/icyphy/ptII/ptolemy/actor/lib/test/auto/expressionInference.xml
2 ms. Memory: 506880K Free: 418918K (83%)
----------------- Invoking toplevel() on ptolemy.moml.MoMLSimpleApplication@2fa9fb7e
----------------- Done invoking toplevel() on ptolemy.moml.MoMLSimpleApplication@2fa9fb7e
reloadAllAccessors: .expressionInference

===========================================================================================
----------------- testing Mon Sep 07 15:42:42 UTC 2020 /home/travis/build/icyphy/ptII/ptolemy/actor/lib/test/auto/expression_bug.xml
----------------- Instantiating /home/travis/build/icyphy/ptII/ptolemy/actor/lib/test/auto/expression_bug.xml
2 ms. Memory: 506880K Free: 414308K (82%)
----------------- Invoking toplevel() on ptolemy.moml.MoMLSimpleApplication@762a57f7
----------------- Done invoking toplevel() on ptolemy.moml.MoMLSimpleApplication@762a57f7
reloadAllAccessors: .expression_bug

===========================================================================================
----------------- testing Mon Sep 07 15:42:42 UTC 2020 /home/travis/build/icyphy/ptII/ptolemy/actor/lib/test/auto/factorial.xml
----------------- Instantiating /home/travis/build/icyphy/ptII/ptolemy/actor/lib/test/auto/factorial.xml
34 ms. Memory: 506880K Free: 406116K (80%)
----------------- Invoking toplevel() on ptolemy.moml.MoMLSimpleApplication@314f8842
----------------- Done invoking toplevel() on ptolemy.moml.MoMLSimpleApplication@314f8842
reloadAllAccessors: .factorial

===========================================================================================
----------------- testing Mon Sep 07 15:42:42 UTC 2020 /home/travis/build/icyphy/ptII/ptolemy/actor/lib/test/auto/filterTest1.xml
----------------- Instantiating /home/travis/build/icyphy/ptII/ptolemy/actor/lib/test/auto/filterTest1.xml
3 ms. Memory: 506880K Free: 399958K (79%)
----------------- Invoking toplevel() on ptolemy.moml.MoMLSimpleApplication@68be3fec
----------------- Done invoking toplevel() on ptolemy.moml.MoMLSimpleApplication@68be3fec
reloadAllAccessors: .filterTest1

===========================================================================================
----------------- testing Mon Sep 07 15:42:42 UTC 2020 /home/travis/build/icyphy/ptII/ptolemy/actor/lib/test/auto/funcApplyInConst.xml
----------------- Instantiating /home/travis/build/icyphy/ptII/ptolemy/actor/lib/test/auto/funcApplyInConst.xml
1 ms. Memory: 506880K Free: 395876K (78%)
----------------- Invoking toplevel() on ptolemy.moml.MoMLSimpleApplication@6c82d373
----------------- Done invoking toplevel() on ptolemy.moml.MoMLSimpleApplication@6c82d373
reloadAllAccessors: .funcApplyInConst

===========================================================================================
----------------- testing Mon Sep 07 15:42:42 UTC 2020 /home/travis/build/icyphy/ptII/ptolemy/actor/lib/test/auto/funcApplyInExpr.xml
----------------- Instantiating /home/travis/build/icyphy/ptII/ptolemy/actor/lib/test/auto/funcApplyInExpr.xml
1 ms. Memory: 506880K Free: 392294K (77%)
----------------- Invoking toplevel() on ptolemy.moml.MoMLSimpleApplication@293bf8e4
----------------- Done invoking toplevel() on ptolemy.moml.MoMLSimpleApplication@293bf8e4
reloadAllAccessors: .funcApplyInExpr

===========================================================================================
----------------- testing Mon Sep 07 15:42:42 UTC 2020 /home/travis/build/icyphy/ptII/ptolemy/actor/lib/test/auto/function.xml
----------------- Instantiating /home/travis/build/icyphy/ptII/ptolemy/actor/lib/test/auto/function.xml
2 ms. Memory: 506880K Free: 387174K (76%)
----------------- Invoking toplevel() on ptolemy.moml.MoMLSimpleApplication@318da895
----------------- Done invoking toplevel() on ptolemy.moml.MoMLSimpleApplication@318da895
reloadAllAccessors: .function

===========================================================================================
----------------- testing Mon Sep 07 15:42:42 UTC 2020 /home/travis/build/icyphy/ptII/ptolemy/actor/lib/test/auto/function2.xml
----------------- Instantiating /home/travis/build/icyphy/ptII/ptolemy/actor/lib/test/auto/function2.xml
3 ms. Memory: 506880K Free: 382564K (75%)
----------------- Invoking toplevel() on ptolemy.moml.MoMLSimpleApplication@6a6aab0f
----------------- Done invoking toplevel() on ptolemy.moml.MoMLSimpleApplication@6a6aab0f
reloadAllAccessors: .function2

===========================================================================================
----------------- testing Mon Sep 07 15:42:42 UTC 2020 /home/travis/build/icyphy/ptII/ptolemy/actor/lib/test/auto/function3.xml
----------------- Instantiating /home/travis/build/icyphy/ptII/ptolemy/actor/lib/test/auto/function3.xml
1 ms. Memory: 506880K Free: 378468K (75%)
----------------- Invoking toplevel() on ptolemy.moml.MoMLSimpleApplication@25d2284e
----------------- Done invoking toplevel() on ptolemy.moml.MoMLSimpleApplication@25d2284e
reloadAllAccessors: .function3

===========================================================================================
----------------- testing Mon Sep 07 15:42:42 UTC 2020 /home/travis/build/icyphy/ptII/ptolemy/actor/lib/test/auto/functionClosureTest1.xml
----------------- Instantiating /home/travis/build/icyphy/ptII/ptolemy/actor/lib/test/auto/functionClosureTest1.xml
2 ms. Memory: 506880K Free: 372838K (74%)
----------------- Invoking toplevel() on ptolemy.moml.MoMLSimpleApplication@3ab8bf84
----------------- Done invoking toplevel() on ptolemy.moml.MoMLSimpleApplication@3ab8bf84
reloadAllAccessors: .functionClosureTest1

===========================================================================================
----------------- testing Mon Sep 07 15:42:42 UTC 2020 /home/travis/build/icyphy/ptII/ptolemy/actor/lib/test/auto/functionClosureTest2.xml
----------------- Instantiating /home/travis/build/icyphy/ptII/ptolemy/actor/lib/test/auto/functionClosureTest2.xml
2 ms. Memory: 506880K Free: 368742K (73%)
----------------- Invoking toplevel() on ptolemy.moml.MoMLSimpleApplication@63ce097d
----------------- Done invoking toplevel() on ptolemy.moml.MoMLSimpleApplication@63ce097d
reloadAllAccessors: .functionClosureTest2

===========================================================================================
----------------- testing Mon Sep 07 15:42:42 UTC 2020 /home/travis/build/icyphy/ptII/ptolemy/actor/lib/test/auto/functionClosureTest3.xml
----------------- Instantiating /home/travis/build/icyphy/ptII/ptolemy/actor/lib/test/auto/functionClosureTest3.xml
2 ms. Memory: 506880K Free: 363622K (72%)
----------------- Invoking toplevel() on ptolemy.moml.MoMLSimpleApplication@7cf0fc51
----------------- Done invoking toplevel() on ptolemy.moml.MoMLSimpleApplication@7cf0fc51
reloadAllAccessors: .functionClosureTest3

===========================================================================================
----------------- testing Mon Sep 07 15:42:42 UTC 2020 /home/travis/build/icyphy/ptII/ptolemy/actor/lib/test/auto/functionClosureTest4.xml
----------------- Instantiating /home/travis/build/icyphy/ptII/ptolemy/actor/lib/test/auto/functionClosureTest4.xml
6 ms. Memory: 506880K Free: 357478K (71%)
----------------- Invoking toplevel() on ptolemy.moml.MoMLSimpleApplication@105af7c8
----------------- Done invoking toplevel() on ptolemy.moml.MoMLSimpleApplication@105af7c8
reloadAllAccessors: .functionClosureTest4

===========================================================================================
----------------- testing Mon Sep 07 15:42:42 UTC 2020 /home/travis/build/icyphy/ptII/ptolemy/actor/lib/test/auto/functionClosureTest5.xml
----------------- Instantiating /home/travis/build/icyphy/ptII/ptolemy/actor/lib/test/auto/functionClosureTest5.xml
5 ms. Memory: 506880K Free: 351830K (69%)
----------------- Invoking toplevel() on ptolemy.moml.MoMLSimpleApplication@7fbc91b4
----------------- Done invoking toplevel() on ptolemy.moml.MoMLSimpleApplication@7fbc91b4
reloadAllAccessors: .functionClosureTest5

===========================================================================================
----------------- testing Mon Sep 07 15:42:42 UTC 2020 /home/travis/build/icyphy/ptII/ptolemy/actor/lib/test/auto/functionClosureTest6.xml
----------------- Instantiating /home/travis/build/icyphy/ptII/ptolemy/actor/lib/test/auto/functionClosureTest6.xml
2 ms. Memory: 506880K Free: 347238K (69%)
----------------- Invoking toplevel() on ptolemy.moml.MoMLSimpleApplication@7e543bb7
----------------- Done invoking toplevel() on ptolemy.moml.MoMLSimpleApplication@7e543bb7
reloadAllAccessors: .functionClosureTest6

===========================================================================================
----------------- testing Mon Sep 07 15:42:42 UTC 2020 /home/travis/build/icyphy/ptII/ptolemy/actor/lib/test/auto/functionsOnArcs.xml
----------------- Instantiating /home/travis/build/icyphy/ptII/ptolemy/actor/lib/test/auto/functionsOnArcs.xml
2 ms. Memory: 506880K Free: 341604K (67%)
----------------- Invoking toplevel() on ptolemy.moml.MoMLSimpleApplication@3990043c
----------------- Done invoking toplevel() on ptolemy.moml.MoMLSimpleApplication@3990043c
reloadAllAccessors: .functionsOnArcs

===========================================================================================
----------------- testing Mon Sep 07 15:42:42 UTC 2020 /home/travis/build/icyphy/ptII/ptolemy/actor/lib/test/auto/functionsOnArcsHOF.xml
----------------- Instantiating /home/travis/build/icyphy/ptII/ptolemy/actor/lib/test/auto/functionsOnArcsHOF.xml
4 ms. Memory: 506880K Free: 335974K (66%)
----------------- Invoking toplevel() on ptolemy.moml.MoMLSimpleApplication@40790864
----------------- Done invoking toplevel() on ptolemy.moml.MoMLSimpleApplication@40790864
reloadAllAccessors: .functionsOnArcsHOF

===========================================================================================
----------------- testing Mon Sep 07 15:42:42 UTC 2020 /home/travis/build/icyphy/ptII/ptolemy/actor/lib/test/auto/logic.xml
----------------- Instantiating /home/travis/build/icyphy/ptII/ptolemy/actor/lib/test/auto/logic.xml
2 ms. Memory: 506880K Free: 328292K (65%)
----------------- Invoking toplevel() on ptolemy.moml.MoMLSimpleApplication@6a65980c
----------------- Done invoking toplevel() on ptolemy.moml.MoMLSimpleApplication@6a65980c
reloadAllAccessors: .logic

===========================================================================================
----------------- testing Mon Sep 07 15:42:42 UTC 2020 /home/travis/build/icyphy/ptII/ptolemy/actor/lib/test/auto/matrixType.xml
----------------- Instantiating /home/travis/build/icyphy/ptII/ptolemy/actor/lib/test/auto/matrixType.xml
2 ms. Memory: 506880K Free: 323172K (64%)
----------------- Invoking toplevel() on ptolemy.moml.MoMLSimpleApplication@2edc2219
----------------- Done invoking toplevel() on ptolemy.moml.MoMLSimpleApplication@2edc2219
reloadAllAccessors: .matrixType

===========================================================================================
----------------- testing Mon Sep 07 15:42:42 UTC 2020 /home/travis/build/icyphy/ptII/ptolemy/actor/lib/test/auto/matrixType10.xml
----------------- Instantiating /home/travis/build/icyphy/ptII/ptolemy/actor/lib/test/auto/matrixType10.xml
2 ms. Memory: 506880K Free: 318052K (63%)
----------------- Invoking toplevel() on ptolemy.moml.MoMLSimpleApplication@59115953
----------------- Done invoking toplevel() on ptolemy.moml.MoMLSimpleApplication@59115953
reloadAllAccessors: .matrixType10

===========================================================================================
----------------- testing Mon Sep 07 15:42:42 UTC 2020 /home/travis/build/icyphy/ptII/ptolemy/actor/lib/test/auto/matrixType11.xml
----------------- Instantiating /home/travis/build/icyphy/ptII/ptolemy/actor/lib/test/auto/matrixType11.xml
1 ms. Memory: 506880K Free: 313446K (62%)
----------------- Invoking toplevel() on ptolemy.moml.MoMLSimpleApplication@518c6325
----------------- Done invoking toplevel() on ptolemy.moml.MoMLSimpleApplication@518c6325
reloadAllAccessors: .matrixType11

===========================================================================================
----------------- testing Mon Sep 07 15:42:42 UTC 2020 /home/travis/build/icyphy/ptII/ptolemy/actor/lib/test/auto/matrixType12.xml
----------------- Instantiating /home/travis/build/icyphy/ptII/ptolemy/actor/lib/test/auto/matrixType12.xml
1 ms. Memory: 506880K Free: 308326K (61%)
----------------- Invoking toplevel() on ptolemy.moml.MoMLSimpleApplication@7d1f4a3f
----------------- Done invoking toplevel() on ptolemy.moml.MoMLSimpleApplication@7d1f4a3f
reloadAllAccessors: .matrixType12

===========================================================================================
----------------- testing Mon Sep 07 15:42:42 UTC 2020 /home/travis/build/icyphy/ptII/ptolemy/actor/lib/test/auto/matrixType13.xml
----------------- Instantiating /home/travis/build/icyphy/ptII/ptolemy/actor/lib/test/auto/matrixType13.xml
2 ms. Memory: 506880K Free: 303716K (60%)
----------------- Invoking toplevel() on ptolemy.moml.MoMLSimpleApplication@68efecfb
----------------- Done invoking toplevel() on ptolemy.moml.MoMLSimpleApplication@68efecfb
reloadAllAccessors: .matrixType13

===========================================================================================
----------------- testing Mon Sep 07 15:42:42 UTC 2020 /home/travis/build/icyphy/ptII/ptolemy/actor/lib/test/auto/matrixType14.xml
----------------- Instantiating /home/travis/build/icyphy/ptII/ptolemy/actor/lib/test/auto/matrixType14.xml
1 ms. Memory: 506880K Free: 298596K (59%)
----------------- Invoking toplevel() on ptolemy.moml.MoMLSimpleApplication@23a1bd55
----------------- Done invoking toplevel() on ptolemy.moml.MoMLSimpleApplication@23a1bd55
reloadAllAccessors: .matrixType14

===========================================================================================
----------------- testing Mon Sep 07 15:42:42 UTC 2020 /home/travis/build/icyphy/ptII/ptolemy/actor/lib/test/auto/matrixType2.xml
----------------- Instantiating /home/travis/build/icyphy/ptII/ptolemy/actor/lib/test/auto/matrixType2.xml
1 ms. Memory: 506880K Free: 293476K (58%)
----------------- Invoking toplevel() on ptolemy.moml.MoMLSimpleApplication@2f2073a9
----------------- Done invoking toplevel() on ptolemy.moml.MoMLSimpleApplication@2f2073a9
reloadAllAccessors: .matrixType2

===========================================================================================
----------------- testing Mon Sep 07 15:42:42 UTC 2020 /home/travis/build/icyphy/ptII/ptolemy/actor/lib/test/auto/matrixType3.xml
----------------- Instantiating /home/travis/build/icyphy/ptII/ptolemy/actor/lib/test/auto/matrixType3.xml
3 ms. Memory: 506880K Free: 288356K (57%)
----------------- Invoking toplevel() on ptolemy.moml.MoMLSimpleApplication@6e4cea39
----------------- Done invoking toplevel() on ptolemy.moml.MoMLSimpleApplication@6e4cea39
reloadAllAccessors: .matrixType3

===========================================================================================
----------------- testing Mon Sep 07 15:42:42 UTC 2020 /home/travis/build/icyphy/ptII/ptolemy/actor/lib/test/auto/matrixType4.xml
----------------- Instantiating /home/travis/build/icyphy/ptII/ptolemy/actor/lib/test/auto/matrixType4.xml
1 ms. Memory: 506880K Free: 283750K (56%)
----------------- Invoking toplevel() on ptolemy.moml.MoMLSimpleApplication@28a8152f
----------------- Done invoking toplevel() on ptolemy.moml.MoMLSimpleApplication@28a8152f
reloadAllAccessors: .matrixType4

===========================================================================================
----------------- testing Mon Sep 07 15:42:42 UTC 2020 /home/travis/build/icyphy/ptII/ptolemy/actor/lib/test/auto/matrixType5.xml
----------------- Instantiating /home/travis/build/icyphy/ptII/ptolemy/actor/lib/test/auto/matrixType5.xml
1 ms. Memory: 506880K Free: 278630K (55%)
----------------- Invoking toplevel() on ptolemy.moml.MoMLSimpleApplication@5e76710d
----------------- Done invoking toplevel() on ptolemy.moml.MoMLSimpleApplication@5e76710d
reloadAllAccessors: .matrixType5

===========================================================================================
----------------- testing Mon Sep 07 15:42:42 UTC 2020 /home/travis/build/icyphy/ptII/ptolemy/actor/lib/test/auto/matrixType6.xml
----------------- Instantiating /home/travis/build/icyphy/ptII/ptolemy/actor/lib/test/auto/matrixType6.xml
1 ms. Memory: 506880K Free: 274020K (54%)
----------------- Invoking toplevel() on ptolemy.moml.MoMLSimpleApplication@27a645b7
----------------- Done invoking toplevel() on ptolemy.moml.MoMLSimpleApplication@27a645b7
reloadAllAccessors: .matrixType6

===========================================================================================
----------------- testing Mon Sep 07 15:42:42 UTC 2020 /home/travis/build/icyphy/ptII/ptolemy/actor/lib/test/auto/matrixType7.xml
----------------- Instantiating /home/travis/build/icyphy/ptII/ptolemy/actor/lib/test/auto/matrixType7.xml
2 ms. Memory: 506880K Free: 268900K (53%)
----------------- Invoking toplevel() on ptolemy.moml.MoMLSimpleApplication@3449d81a
----------------- Done invoking toplevel() on ptolemy.moml.MoMLSimpleApplication@3449d81a
reloadAllAccessors: .matrixType7

===========================================================================================
----------------- testing Mon Sep 07 15:42:42 UTC 2020 /home/travis/build/icyphy/ptII/ptolemy/actor/lib/test/auto/matrixType8.xml
----------------- Instantiating /home/travis/build/icyphy/ptII/ptolemy/actor/lib/test/auto/matrixType8.xml
2 ms. Memory: 506880K Free: 264294K (52%)
----------------- Invoking toplevel() on ptolemy.moml.MoMLSimpleApplication@348440fe
----------------- Done invoking toplevel() on ptolemy.moml.MoMLSimpleApplication@348440fe
reloadAllAccessors: .matrixType8

===========================================================================================
----------------- testing Mon Sep 07 15:42:42 UTC 2020 /home/travis/build/icyphy/ptII/ptolemy/actor/lib/test/auto/matrixType9.xml
----------------- Instantiating /home/travis/build/icyphy/ptII/ptolemy/actor/lib/test/auto/matrixType9.xml
1 ms. Memory: 506880K Free: 259174K (51%)
----------------- Invoking toplevel() on ptolemy.moml.MoMLSimpleApplication@741a51b0
----------------- Done invoking toplevel() on ptolemy.moml.MoMLSimpleApplication@741a51b0
reloadAllAccessors: .matrixType9

===========================================================================================
----------------- testing Mon Sep 07 15:42:42 UTC 2020 /home/travis/build/icyphy/ptII/ptolemy/actor/lib/test/auto/paraFunctest.xml
----------------- Instantiating /home/travis/build/icyphy/ptII/ptolemy/actor/lib/test/auto/paraFunctest.xml
1 ms. Memory: 506880K Free: 255078K (50%)
----------------- Invoking toplevel() on ptolemy.moml.MoMLSimpleApplication@24c88b92
----------------- Done invoking toplevel() on ptolemy.moml.MoMLSimpleApplication@24c88b92
reloadAllAccessors: .paraFunctest

===========================================================================================
----------------- testing Mon Sep 07 15:42:43 UTC 2020 /home/travis/build/icyphy/ptII/ptolemy/actor/lib/test/auto/paraFunctest2.xml
----------------- Instantiating /home/travis/build/icyphy/ptII/ptolemy/actor/lib/test/auto/paraFunctest2.xml
1 ms. Memory: 506880K Free: 250982K (50%)
----------------- Invoking toplevel() on ptolemy.moml.MoMLSimpleApplication@4a8a21da
----------------- Done invoking toplevel() on ptolemy.moml.MoMLSimpleApplication@4a8a21da
reloadAllAccessors: .paraFunctest2

===========================================================================================
----------------- testing Mon Sep 07 15:42:43 UTC 2020 /home/travis/build/icyphy/ptII/ptolemy/actor/lib/test/auto/parameterPassing.xml
----------------- Instantiating /home/travis/build/icyphy/ptII/ptolemy/actor/lib/test/auto/parameterPassing.xml
1 ms. Memory: 506880K Free: 246886K (49%)
----------------- Invoking toplevel() on ptolemy.moml.MoMLSimpleApplication@51298e86
----------------- Done invoking toplevel() on ptolemy.moml.MoMLSimpleApplication@51298e86
reloadAllAccessors: .parameterPassing

===========================================================================================
----------------- testing Mon Sep 07 15:42:43 UTC 2020 /home/travis/build/icyphy/ptII/ptolemy/actor/lib/test/auto/record.xml
----------------- Instantiating /home/travis/build/icyphy/ptII/ptolemy/actor/lib/test/auto/record.xml
2 ms. Memory: 506880K Free: 241766K (48%)
----------------- Invoking toplevel() on ptolemy.moml.MoMLSimpleApplication@4fb6b5d1
----------------- Done invoking toplevel() on ptolemy.moml.MoMLSimpleApplication@4fb6b5d1
reloadAllAccessors: .record

===========================================================================================
----------------- testing Mon Sep 07 15:42:43 UTC 2020 /home/travis/build/icyphy/ptII/ptolemy/actor/lib/test/auto/sizedarray1.xml
----------------- Instantiating /home/travis/build/icyphy/ptII/ptolemy/actor/lib/test/auto/sizedarray1.xml
2 ms. Memory: 506880K Free: 236646K (47%)
----------------- Invoking toplevel() on ptolemy.moml.MoMLSimpleApplication@3e62e6c4
----------------- Done invoking toplevel() on ptolemy.moml.MoMLSimpleApplication@3e62e6c4
reloadAllAccessors: .sizedarray1

===========================================================================================
----------------- testing Mon Sep 07 15:42:43 UTC 2020 /home/travis/build/icyphy/ptII/ptolemy/actor/lib/test/auto/sizedarray2.xml
----------------- Instantiating /home/travis/build/icyphy/ptII/ptolemy/actor/lib/test/auto/sizedarray2.xml
2 ms. Memory: 506880K Free: 230502K (45%)
----------------- Invoking toplevel() on ptolemy.moml.MoMLSimpleApplication@212f36fc
----------------- Done invoking toplevel() on ptolemy.moml.MoMLSimpleApplication@212f36fc
reloadAllAccessors: .sizedarray2

===========================================================================================
----------------- testing Mon Sep 07 15:42:43 UTC 2020 /home/travis/build/icyphy/ptII/ptolemy/actor/lib/test/auto/twoPublishers.xml
----------------- Instantiating /home/travis/build/icyphy/ptII/ptolemy/actor/lib/test/auto/twoPublishers.xml
5 ms. Memory: 506880K Free: 219748K (43%)
----------------- Invoking toplevel() on ptolemy.moml.MoMLSimpleApplication@5d02d608
----------------- Done invoking toplevel() on ptolemy.moml.MoMLSimpleApplication@5d02d608
reloadAllAccessors: .twoPublishers
AutoTests.java: About to close Vertx.
AutoTests.java: Vertx closed.
]]></system-out>
  <system-err><![CDATA[java.lang.RuntimeException: Execution failed
	at ptolemy.moml.MoMLSimpleApplication$UnloadThread.run(MoMLSimpleApplication.java:402)
Caused by: java.lang.RuntimeException: StringUtilities.exit() was called. Normally, we would exit here because Manager.exitAfterWrapup() was called.  However, because the ptolemy.ptII.exitAfterWrapup property is set, we throw this exception instead.
	at ptolemy.util.StringUtilities.exit(StringUtilities.java:365)
	at ptolemy.actor.Manager.wrapup(Manager.java:1549)
	at ptolemy.actor.Manager.execute(Manager.java:407)
	at ptolemy.actor.Manager.run(Manager.java:1263)
	at ptolemy.actor.Manager$PtolemyRunThread.run(Manager.java:1933)
Warning: '.top.test' is in training mode, set the trainingMode parameter to false before checking in
Warning: '.top.test' is in training mode, set the trainingMode parameter to false before checking in
Warning: '.top.test' is in training mode, set the trainingMode parameter to false before checking in
Warning: '.BooleanSwitch_RegressionTest_WrongTrainingValues.Test' is in training mode, set the trainingMode parameter to false before checking in
Warning: '.BooleanSwitch_RegressionTest_WrongTrainingValues.Test2' is in training mode, set the trainingMode parameter to false before checking in
Warning: '.BooleanSwitch_RegressionTest_WrongTrainingValues.Test2' The test produced 0 tokens.
Warning: '.top.testExceptionHandler' is in training mode, set the trainingMode parameter to false before checking in
java.lang.RuntimeException: Execution failed
	at ptolemy.moml.MoMLSimpleApplication$UnloadThread.run(MoMLSimpleApplication.java:402)
Caused by: ptolemy.kernel.util.IllegalActionException: PublisherPorts cannot be used at the top level, use a Publisher actor instead.
  in .PublisherPortToplevelSubscriber.PublisherPort
	at ptolemy.actor.PublisherPort.preinitialize(PublisherPort.java:403)
	at ptolemy.actor.CompositeActor.preinitialize(CompositeActor.java:1769)
	at ptolemy.actor.Manager.preinitializeAndResolveTypes(Manager.java:1040)
	at ptolemy.actor.Manager.initialize(Manager.java:710)
	at ptolemy.actor.Manager.execute(Manager.java:356)
	at ptolemy.actor.Manager.run(Manager.java:1263)
	at ptolemy.actor.Manager$PtolemyRunThread.run(Manager.java:1933)
java.lang.reflect.InvocationTargetException
	at java.base/jdk.internal.reflect.NativeConstructorAccessorImpl.newInstance0(Native Method)
	at java.base/jdk.internal.reflect.NativeConstructorAccessorImpl.newInstance(NativeConstructorAccessorImpl.java:62)
	at java.base/jdk.internal.reflect.DelegatingConstructorAccessorImpl.newInstance(DelegatingConstructorAccessorImpl.java:45)
	at java.base/java.lang.reflect.Constructor.newInstance(Constructor.java:490)
	at ptolemy.util.test.junit.AutoKnownFailedTests.RunModel(AutoKnownFailedTests.java:105)
	at java.base/jdk.internal.reflect.NativeMethodAccessorImpl.invoke0(Native Method)
	at java.base/jdk.internal.reflect.NativeMethodAccessorImpl.invoke(NativeMethodAccessorImpl.java:62)
	at java.base/jdk.internal.reflect.DelegatingMethodAccessorImpl.invoke(DelegatingMethodAccessorImpl.java:43)
	at java.base/java.lang.reflect.Method.invoke(Method.java:566)
	at org.junit.runners.model.FrameworkMethod$1.runReflectiveCall(FrameworkMethod.java:44)
	at org.junit.internal.runners.model.ReflectiveCallable.run(ReflectiveCallable.java:15)
	at org.junit.runners.model.FrameworkMethod.invokeExplosively(FrameworkMethod.java:41)
	at junitparams.internal.InvokeParameterisedMethod.evaluate(InvokeParameterisedMethod.java:102)
	at org.junit.internal.runners.statements.FailOnTimeout$1.run(FailOnTimeout.java:28)
Caused by: ptolemy.kernel.util.IllegalActionException: PublisherPorts cannot be used at the top level, use a Publisher actor instead.
  in .PublisherPortToplevelSubscriber.PublisherPort
	at ptolemy.actor.PublisherPort.preinitialize(PublisherPort.java:403)
	at ptolemy.actor.CompositeActor.preinitialize(CompositeActor.java:1769)
	at ptolemy.actor.Manager.preinitializeAndResolveTypes(Manager.java:1040)
	at ptolemy.actor.Manager.initialize(Manager.java:710)
	at ptolemy.actor.Manager.execute(Manager.java:356)
	at ptolemy.actor.Manager.run(Manager.java:1263)
	at ptolemy.actor.Manager$PtolemyRunThread.run(Manager.java:1933)
java.lang.RuntimeException: Execution failed
	at ptolemy.moml.MoMLSimpleApplication$UnloadThread.run(MoMLSimpleApplication.java:402)
Caused by: ptolemy.kernel.util.IllegalActionException: SubscriberPorts cannot be used at the top level, use a Subscriber actor instead.
  in .PublisherSubscriberPortToplevel.SubscriberPort
	at ptolemy.actor.SubscriberPort.preinitialize(SubscriberPort.java:328)
	at ptolemy.actor.CompositeActor.preinitialize(CompositeActor.java:1769)
	at ptolemy.actor.Manager.preinitializeAndResolveTypes(Manager.java:1040)
	at ptolemy.actor.Manager.initialize(Manager.java:710)
	at ptolemy.actor.Manager.execute(Manager.java:356)
	at ptolemy.actor.Manager.run(Manager.java:1263)
	at ptolemy.actor.Manager$PtolemyRunThread.run(Manager.java:1933)
java.lang.reflect.InvocationTargetException
	at java.base/jdk.internal.reflect.NativeConstructorAccessorImpl.newInstance0(Native Method)
	at java.base/jdk.internal.reflect.NativeConstructorAccessorImpl.newInstance(NativeConstructorAccessorImpl.java:62)
	at java.base/jdk.internal.reflect.DelegatingConstructorAccessorImpl.newInstance(DelegatingConstructorAccessorImpl.java:45)
	at java.base/java.lang.reflect.Constructor.newInstance(Constructor.java:490)
	at ptolemy.util.test.junit.AutoKnownFailedTests.RunModel(AutoKnownFailedTests.java:105)
	at java.base/jdk.internal.reflect.NativeMethodAccessorImpl.invoke0(Native Method)
	at java.base/jdk.internal.reflect.NativeMethodAccessorImpl.invoke(NativeMethodAccessorImpl.java:62)
	at java.base/jdk.internal.reflect.DelegatingMethodAccessorImpl.invoke(DelegatingMethodAccessorImpl.java:43)
	at java.base/java.lang.reflect.Method.invoke(Method.java:566)
	at org.junit.runners.model.FrameworkMethod$1.runReflectiveCall(FrameworkMethod.java:44)
	at org.junit.internal.runners.model.ReflectiveCallable.run(ReflectiveCallable.java:15)
	at org.junit.runners.model.FrameworkMethod.invokeExplosively(FrameworkMethod.java:41)
	at junitparams.internal.InvokeParameterisedMethod.evaluate(InvokeParameterisedMethod.java:102)
	at org.junit.internal.runners.statements.FailOnTimeout$1.run(FailOnTimeout.java:28)
Caused by: ptolemy.kernel.util.IllegalActionException: SubscriberPorts cannot be used at the top level, use a Subscriber actor instead.
  in .PublisherSubscriberPortToplevel.SubscriberPort
	at ptolemy.actor.SubscriberPort.preinitialize(SubscriberPort.java:328)
	at ptolemy.actor.CompositeActor.preinitialize(CompositeActor.java:1769)
	at ptolemy.actor.Manager.preinitializeAndResolveTypes(Manager.java:1040)
	at ptolemy.actor.Manager.initialize(Manager.java:710)
	at ptolemy.actor.Manager.execute(Manager.java:356)
	at ptolemy.actor.Manager.run(Manager.java:1263)
	at ptolemy.actor.Manager$PtolemyRunThread.run(Manager.java:1933)
java.lang.RuntimeException: Execution failed
	at ptolemy.moml.MoMLSimpleApplication$UnloadThread.run(MoMLSimpleApplication.java:402)
Caused by: ptolemy.kernel.util.IllegalActionException: SubscriptionAggregatorPorts cannot be used at the top level, use a SubscriptionAggregator actor instead.
  in .PublisherSubscriptionAggregatorPort.SubscriptionAggregatorPort
	at ptolemy.actor.SubscriptionAggregatorPort.preinitialize(SubscriptionAggregatorPort.java:353)
	at ptolemy.actor.CompositeActor.preinitialize(CompositeActor.java:1769)
	at ptolemy.actor.Manager.preinitializeAndResolveTypes(Manager.java:1040)
	at ptolemy.actor.Manager.initialize(Manager.java:710)
	at ptolemy.actor.Manager.execute(Manager.java:356)
	at ptolemy.actor.Manager.run(Manager.java:1263)
	at ptolemy.actor.Manager$PtolemyRunThread.run(Manager.java:1933)
java.lang.reflect.InvocationTargetException
	at java.base/jdk.internal.reflect.NativeConstructorAccessorImpl.newInstance0(Native Method)
	at java.base/jdk.internal.reflect.NativeConstructorAccessorImpl.newInstance(NativeConstructorAccessorImpl.java:62)
	at java.base/jdk.internal.reflect.DelegatingConstructorAccessorImpl.newInstance(DelegatingConstructorAccessorImpl.java:45)
	at java.base/java.lang.reflect.Constructor.newInstance(Constructor.java:490)
	at ptolemy.util.test.junit.AutoKnownFailedTests.RunModel(AutoKnownFailedTests.java:105)
	at java.base/jdk.internal.reflect.NativeMethodAccessorImpl.invoke0(Native Method)
	at java.base/jdk.internal.reflect.NativeMethodAccessorImpl.invoke(NativeMethodAccessorImpl.java:62)
	at java.base/jdk.internal.reflect.DelegatingMethodAccessorImpl.invoke(DelegatingMethodAccessorImpl.java:43)
	at java.base/java.lang.reflect.Method.invoke(Method.java:566)
	at org.junit.runners.model.FrameworkMethod$1.runReflectiveCall(FrameworkMethod.java:44)
	at org.junit.internal.runners.model.ReflectiveCallable.run(ReflectiveCallable.java:15)
	at org.junit.runners.model.FrameworkMethod.invokeExplosively(FrameworkMethod.java:41)
	at junitparams.internal.InvokeParameterisedMethod.evaluate(InvokeParameterisedMethod.java:102)
	at org.junit.internal.runners.statements.FailOnTimeout$1.run(FailOnTimeout.java:28)
Caused by: ptolemy.kernel.util.IllegalActionException: SubscriptionAggregatorPorts cannot be used at the top level, use a SubscriptionAggregator actor instead.
  in .PublisherSubscriptionAggregatorPort.SubscriptionAggregatorPort
	at ptolemy.actor.SubscriptionAggregatorPort.preinitialize(SubscriptionAggregatorPort.java:353)
	at ptolemy.actor.CompositeActor.preinitialize(CompositeActor.java:1769)
	at ptolemy.actor.Manager.preinitializeAndResolveTypes(Manager.java:1040)
	at ptolemy.actor.Manager.initialize(Manager.java:710)
	at ptolemy.actor.Manager.execute(Manager.java:356)
	at ptolemy.actor.Manager.run(Manager.java:1263)
	at ptolemy.actor.Manager$PtolemyRunThread.run(Manager.java:1933)
java.lang.RuntimeException: Execution failed
	at ptolemy.moml.MoMLSimpleApplication$UnloadThread.run(MoMLSimpleApplication.java:402)
Caused by: ptolemy.kernel.util.IllegalActionException: TypeTest actor has no training data.
  in .sizedarray3.TypeTest
	at ptolemy.actor.lib.TypeTest.initialize(TypeTest.java:250)
	at ptolemy.actor.Director.initialize(Director.java:938)
	at ptolemy.actor.Director.initialize(Director.java:907)
	at ptolemy.actor.sched.StaticSchedulingDirector.initialize(StaticSchedulingDirector.java:159)
	at ptolemy.domains.sdf.kernel.SDFDirector.initialize(SDFDirector.java:544)
	at ptolemy.actor.CompositeActor.initialize(CompositeActor.java:935)
	at ptolemy.actor.Manager.initialize(Manager.java:724)
	at ptolemy.actor.Manager.execute(Manager.java:356)
	at ptolemy.actor.Manager.run(Manager.java:1263)
	at ptolemy.actor.Manager$PtolemyRunThread.run(Manager.java:1933)
java.lang.reflect.InvocationTargetException
	at java.base/jdk.internal.reflect.NativeConstructorAccessorImpl.newInstance0(Native Method)
	at java.base/jdk.internal.reflect.NativeConstructorAccessorImpl.newInstance(NativeConstructorAccessorImpl.java:62)
	at java.base/jdk.internal.reflect.DelegatingConstructorAccessorImpl.newInstance(DelegatingConstructorAccessorImpl.java:45)
	at java.base/java.lang.reflect.Constructor.newInstance(Constructor.java:490)
	at ptolemy.util.test.junit.AutoKnownFailedTests.RunModel(AutoKnownFailedTests.java:105)
	at java.base/jdk.internal.reflect.NativeMethodAccessorImpl.invoke0(Native Method)
	at java.base/jdk.internal.reflect.NativeMethodAccessorImpl.invoke(NativeMethodAccessorImpl.java:62)
	at java.base/jdk.internal.reflect.DelegatingMethodAccessorImpl.invoke(DelegatingMethodAccessorImpl.java:43)
	at java.base/java.lang.reflect.Method.invoke(Method.java:566)
	at org.junit.runners.model.FrameworkMethod$1.runReflectiveCall(FrameworkMethod.java:44)
	at org.junit.internal.runners.model.ReflectiveCallable.run(ReflectiveCallable.java:15)
	at org.junit.runners.model.FrameworkMethod.invokeExplosively(FrameworkMethod.java:41)
	at junitparams.internal.InvokeParameterisedMethod.evaluate(InvokeParameterisedMethod.java:102)
	at org.junit.internal.runners.statements.FailOnTimeout$1.run(FailOnTimeout.java:28)
Caused by: ptolemy.kernel.util.IllegalActionException: TypeTest actor has no training data.
  in .sizedarray3.TypeTest
	at ptolemy.actor.lib.TypeTest.initialize(TypeTest.java:250)
	at ptolemy.actor.Director.initialize(Director.java:938)
	at ptolemy.actor.Director.initialize(Director.java:907)
	at ptolemy.actor.sched.StaticSchedulingDirector.initialize(StaticSchedulingDirector.java:159)
	at ptolemy.domains.sdf.kernel.SDFDirector.initialize(SDFDirector.java:544)
	at ptolemy.actor.CompositeActor.initialize(CompositeActor.java:935)
	at ptolemy.actor.Manager.initialize(Manager.java:724)
	at ptolemy.actor.Manager.execute(Manager.java:356)
	at ptolemy.actor.Manager.run(Manager.java:1263)
	at ptolemy.actor.Manager$PtolemyRunThread.run(Manager.java:1933)
]]></system-err>
</testsuite>
