<?xml version="1.0" encoding="UTF-8" ?>
<testsuite errors="1" failures="1" hostname="travis-job-ee855065-e58e-4cad-b097-e69b4faeb7a8" name="ptolemy.actor.lib.test.junit.JUnitTclTest" skipped="0" tests="517" time="62.569" timestamp="2019-06-20T13:13:24">
  <properties>
    <property name="npm.executable" value="npm" />
    <property name="env.TRAVIS_ROOT" value="/" />
    <property name="ptII.mk.exists" value="true" />
    <property name="env.TRAVIS_APP_HOST" value="build.travis-ci.org" />
    <property name="env.rvm_bin_path" value="/home/travis/.rvm/bin" />
    <property name="java.home" value="/usr/local/lib/jvm/openjdk11" />
    <property name="env.TRAVIS_JOB_NUMBER" value="1174.8" />
    <property name="env.TRAVIS_HOME" value="/home/travis" />
    <property name="env.DISPLAY" value=":99.0" />
    <property name="env.TRAVIS_INIT" value="systemd" />
    <property name="env.SSH_TTY" value="/dev/pts/0" />
    <property name="java.net.preferIPv4Stack" value="true" />
    <property name="env.RUN_TESTS" value="true" />
    <property name="timeout.short" value="1000000" />
    <property name="junit.formatter" value="xml" />
    <property name="env.TRAVIS_SUDO" value="true" />
    <property name="env.TRAVIS_JOB_NAME" value="" />
    <property name="env.TRAVIS_STACK_NODE_ATTRIBUTES" value="/.node-attributes.yml" />
    <property name="env.LOGNAME" value="travis" />
    <property name="env.PT_TRAVIS_TEST_CORE1_XML" value="true" />
    <property name="jsdoc.home" value="node_modules/@terraswarm/jsdoc" />
    <property name="debuglevel" value="source,lines,vars" />
    <property name="checkstyle.formatter" value="xml" />
    <property name="env._system_version" value="16.04" />
    <property name="bin.vergil.makeable" value="true" />
    <property name="sun.os.patch.level" value="unknown" />
    <property name="java.vendor.url" value="http://java.oracle.com/" />
    <property name="env.TRAVIS_BUILD_WEB_URL" value="https://travis-ci.org/icyphy/ptII/builds/548159423" />
    <property name="java.version" value="11.0.2" />
    <property name="env.TZ" value="UTC" />
    <property name="env.TRAVIS_PULL_REQUEST_SHA" value="" />
    <property name="env.PT_NO_NET" value="true" />
    <property name="env.TRAVIS_SECURE_ENV_VARS" value="true" />
    <property name="env._system_type" value="Linux" />
    <property name="java.vendor.url.bug" value="http://bugreport.java.com/bugreport/" />
    <property name="npmjs-org-is-up" value="true" />
    <property name="env.LANGUAGE" value="en_US.UTF-8" />
    <property name="env.SSH_CLIENT" value="10.10.4.84 53404 22" />
    <property name="env.GEM_HOME" value="/home/travis/.rvm/gems/ruby-2.5.3" />
    <property name="env.HAS_ANTARES_THREE_LITTLE_FRONZIES_BADGE" value="true" />
    <property name="java.version.date" value="2019-01-15" />
    <property name="env.PS4" value="+" />
    <property name="ant.project.invoked-targets" value="build,test.core1.xml" />
    <property name="env.TRAVIS_PULL_REQUEST_BRANCH" value="" />
    <property name="env.TRAVIS_REPO_SLUG" value="icyphy/ptII" />
    <property name="env.XDG_DATA_DIRS" value="/usr/local/share:/usr/share:/var/lib/snapd/desktop" />
    <property name="jdk.debug" value="release" />
    <property name="env.TRAVIS_APT_PROXY" value="http://apt.cache.travis-ci.com" />
    <property name="node.in.path" value="true" />
    <property name="user.name" value="travis" />
    <property name="java.maxmemory" value="1400m" />
    <property name="env.RUBY_VERSION" value="ruby-2.5.3" />
    <property name="env.LANG" value="en_US.UTF-8" />
    <property name="sun.io.unicode.encoding" value="UnicodeLittle" />
    <property name="sun.jnu.encoding" value="UTF-8" />
    <property name="java.runtime.name" value="OpenJDK Runtime Environment" />
    <property name="usefile" value="false" />
    <property name="return.code" value="0" />
    <property name="junit.single.formatter" value="plain" />
    <property name="env.DYLD_LIBRARY_PATH" value="/home/travis/pthla/certi-tools/lib:" />
    <property name="env.DEBIAN_FRONTEND" value="noninteractive" />
    <property name="env.SSH_CONNECTION" value="10.10.4.84 53404 10.20.1.150 22" />
    <property name="env.MYSQL_UNIX_PORT" value="/var/run/mysqld/mysqld.sock" />
    <property name="env.LC_ALL" value="en_US.UTF-8" />
    <property name="env.TRAVIS_ALLOW_FAILURE" value="false" />
    <property name="env.TRAVIS_JOB_WEB_URL" value="https://travis-ci.org/icyphy/ptII/jobs/548159431" />
    <property name="java.specification.name" value="Java Platform API Specification" />
    <property name="node.works" value="true" />
    <property name="user.timezone" value="" />
    <property name="path.separator" value=":" />
    <property name="env.TRAVIS_ENABLE_INFRA_DETECTION" value="true" />
    <property name="env.PYTHON_CFLAGS" value="-g -fstack-protector --param=ssp-buffer-size=4 -Wformat -Werror=format-security" />
    <property name="timeout.long" value="4000000" />
    <property name="env.CERTI_HOME" value="/home/travis/pthla/certi-tools" />
    <property name="ant.file.ptII" value="/home/travis/build/icyphy/ptII/build.xml" />
    <property name="javadoc.packagenames" value="com.*,diva.*,lbnl.*,org.hlacerti.*,org.json.*,org.ptolemy.*,org.terraswarm.*,ptolemy.*,ptserver.*" />
    <property name="file.encoding" value="UTF-8" />
    <property name="env.TRAVIS_PULL_REQUEST_SLUG" value="" />
    <property name="ant.project.default-target" value="build" />
    <property name="env.GIT_ASKPASS" value="echo" />
    <property name="env.HOME" value="/home/travis" />
    <property name="sun.java.command" value="org.apache.tools.ant.taskdefs.optional.junit.JUnitTestRunner ptolemy.actor.lib.test.junit.JUnitTclTest skipNonTests=false filtertrace=true haltOnError=false haltOnFailure=false formatter=org.apache.tools.ant.taskdefs.optional.junit.OutErrSummaryJUnitResultFormatter showoutput=true outputtoformatters=true logfailedtests=true threadid=0 logtestlistenerevents=false formatter=org.apache.tools.ant.taskdefs.optional.junit.XMLJUnitResultFormatter,/home/travis/build/icyphy/ptII/reports/junit/TEST-ptolemy.actor.lib.test.junit.JUnitTclTest.xml crashfile=/home/travis/build/icyphy/ptII/junitvmwatcher9664261480156735370.properties propsfile=/home/travis/build/icyphy/ptII/junit948193482936767979.properties" />
    <property name="env.COMPOSER_NO_INTERACTION" value="1" />
    <property name="env.MANPATH" value="/home/travis/.nvm/versions/node/v7.10.1/share/man:/home/travis/.rvm/rubies/ruby-2.5.3/share/man:/usr/local/cmake-3.12.4/man:/usr/local/clang-7.0.0/share/man:/usr/local/man:/usr/local/share/man:/usr/share/man:/home/travis/.rvm/man" />
    <property name="env.TRAVIS_TIMER_ID" value="03e4fa6c" />
    <property name="ant.file" value="/home/travis/build/icyphy/ptII/build.xml" />
    <property name="env.TRAVIS_COMMIT_RANGE" value="21a84221cb4b...02afe38d4688" />
    <property name="env._system_name" value="Ubuntu" />
    <property name="ptII.classpath.optional.property" value="/home/travis/build/icyphy/ptII/lib/bsh-2.0b4.jar:/home/travis/build/icyphy/ptII/lib/ptCal.jar:/home/travis/build/icyphy/ptII/lib/java_cup.jar:/home/travis/build/icyphy/ptII/lib/saxon8.jar:/home/travis/build/icyphy/ptII/lib/saxon8-dom.jar:/home/travis/build/icyphy/ptII/lib/chic.jar:/home/travis/build/icyphy/ptII/lib/ptcolt.jar:/home/travis/build/icyphy/ptII/vendors/misc/itext/iText.jar:/home/travis/build/icyphy/ptII/lib/g4ltl.jar:/home/travis/build/icyphy/ptII/lib/StructuralCoder.jar:/home/travis/build/icyphy/ptII/vendors/jai-1_1_2_01/lib/jai_core.jar:/home/travis/build/icyphy/ptII/vendors/jai-1_1_2_01/lib/jai_codec.jar:/home/travis/build/icyphy/ptII/lib/jcerti.jar:/home/travis/build/icyphy/ptII/lib/javax.mail.jar:/home/travis/build/icyphy/ptII/vendors/JMF-2.1.1e/lib/jmf.jar:/home/travis/build/icyphy/ptII/lib/jna-4.0.0-variadic.jar:/home/travis/build/icyphy/ptII/vendors/misc/joystick/Joystick.jar:/home/travis/build/icyphy/ptII/lib/ptjacl.jar:/home/travis/build/icyphy/ptII/lib/jsoup-1.8.2.jar:/home/travis/build/icyphy/ptII/lib/junit-4.8.2.jar:/home/travis/build/icyphy/ptII/lib/JUnitParams-0.4.0.jar:/home/travis/build/icyphy/ptII/ptolemy/actor/lib/excel/jxl.jar:/home/travis/build/icyphy/ptII/lib/jython.jar:/home/travis/build/icyphy/ptII/lib/kieler.jar:/home/travis/build/icyphy/ptII/vendors/opencv/share/OpenCV/java/opencv-341.jar:/home/travis/build/icyphy/ptII/lib/oscP5.jar:/home/travis/build/icyphy/ptII/lib/nrjavaserial-3.11.0.devel.jar:/home/travis/build/icyphy/ptII/vendors/j3d/lib/j3dcore.jar:/home/travis/build/icyphy/ptII/vendors/j3d/lib/j3dutils.jar:/home/travis/build/icyphy/ptII/vendors/j3d/lib/vecmath.jar:/home/travis/build/icyphy/ptII/ptolemy/distributed/jini/jar/jini-core.jar:/home/travis/build/icyphy/ptII/ptolemy/distributed/jini/jar/jini-ext.jar:/home/travis/build/icyphy/ptII/ptolemy/distributed/jini/jar/sun-util.jar:/home/travis/build/icyphy/ptII/lib/protobuf-java-2.4.1.jar:/home/travis/build/icyphy/ptII/lib/org.eclipse.paho.client.mqttv3.jar:/home/travis/build/icyphy/ptII/lib/mapss.jar:/home/travis/build/icyphy/ptII/ptolemy/actor/ptalon/antlr/antlr.jar:/home/travis/build/icyphy/ptII/lib/JRI.jar:/home/travis/build/icyphy/ptII/lib/commons-lang-2.6.jar:/home/travis/build/icyphy/ptII/lib/commons-logging-1.1.1.jar:/home/travis/build/icyphy/ptII/lib/sootclasses.jar:/home/travis/build/icyphy/ptII/ptolemy/actor/lib/database/mysql-connector-java-5.1.6-bin.jar:/home/travis/build/icyphy/ptII/vendors/misc/sphinx4/sphinx4-data-5prealpha.jar:/home/travis/build/icyphy/ptII/vendors/misc/sphinx4/sphinx4-core-5prealpha.jar:/home/travis/build/icyphy/ptII/lib/PDFRenderer.jar:/home/travis/build/icyphy/ptII/lib/svgSalamander.jar:/home/travis/build/icyphy/ptII/lib/rsyntaxtextarea-2.6.0-SNAPSHOT.jar:/home/travis/build/icyphy/ptII/lib/hazelcast-3.8.2.jar:/home/travis/build/icyphy/ptII/lib/jackson-annotations-2.9.0.jar:/home/travis/build/icyphy/ptII/lib/jackson-core-2.9.3.jar:/home/travis/build/icyphy/ptII/lib/jackson-databind-2.9.3.jar:/home/travis/build/icyphy/ptII/lib/netty-buffer-4.1.19.Final.jar:/home/travis/build/icyphy/ptII/lib/netty-codec-4.1.19.Final.jar:/home/travis/build/icyphy/ptII/lib/netty-codec-dns-4.1.19.Final.jar:/home/travis/build/icyphy/ptII/lib/netty-codec-http-4.1.19.Final.jar:/home/travis/build/icyphy/ptII/lib/netty-codec-http2-4.1.19.Final.jar:/home/travis/build/icyphy/ptII/lib/netty-common-4.1.19.Final.jar:/home/travis/build/icyphy/ptII/lib/netty-handler-4.1.19.Final.jar:/home/travis/build/icyphy/ptII/lib/netty-resolver-4.1.19.Final.jar:/home/travis/build/icyphy/ptII/lib/netty-resolver-dns-4.1.19.Final.jar:/home/travis/build/icyphy/ptII/lib/netty-transport-4.1.19.Final.jar:/home/travis/build/icyphy/ptII/lib/vertx-codegen-3.5.1.jar:/home/travis/build/icyphy/ptII/lib/vertx-core-3.5.2-SNAPSHOT.jar:/home/travis/build/icyphy/ptII/lib/vertx-hazelcast-3.5.1.jar:/home/travis/build/icyphy/ptII/lib/vertx-lang-js-3.5.1.jar:/home/travis/build/icyphy/ptII/lib/vertx-service-proxy-3.5.1.jar:/home/travis/build/icyphy/ptII/lib/vertx-web-3.5.1.jar:/home/travis/build/icyphy/ptII/lib/slf4j-api-1.7.13.jar:/home/travis/build/icyphy/ptII/lib/slf4j-simple-1.7.13.jar:/home/travis/build/icyphy/ptII/lib/webcam-capture-0.3.12.jar:/home/travis/build/icyphy/ptII/lib/bridj-0.7.0.jar:/home/travis/build/icyphy/ptII/lib/xbjlib-1.1.0.nrjavaserial.jar" />
    <property name="timeout" value="2400000" />
    <property name="test.batch" value="**/junit/*.java" />
    <property name="env._" value="/usr/bin/timeout" />
    <property name="java.io.tmpdir" value="/tmp" />
    <property name="user.language" value="en" />
    <property name="env.TRAVIS_INTERNAL_RUBY_REGEX" value="^ruby-(2\.[0-4]\.[0-9]|1\.9\.3)" />
    <property name="env.HISTCONTROL" value="ignoredups:ignorespace" />
    <property name="env.GOROOT" value="/home/travis/.gimme/versions/go1.11.1.linux.amd64" />
    <property name="line.separator" value="&#xa;" />
    <property name="target" value="11" />
    <property name="env.TRAVIS_BUILD_DIR" value="/home/travis/build/icyphy/ptII" />
    <property name="env.ANT_OPTS" value="-Xmx2048m" />
    <property name="ant.file.type" value="file" />
    <property name="ptolemy.ptII.batchMode" value="true" />
    <property name="env.HISTSIZE" value="1000" />
    <property name="env.MERB_ENV" value="test" />
    <property name="java.vm.info" value="mixed mode" />
    <property name="source" value="11" />
    <property name="java.vm.specification.name" value="Java Virtual Machine Specification" />
    <property name="env.TRAVIS_TEST_RESULT" value="0" />
    <property name="jsdoc.command" value="node_modules/@terraswarm/jsdoc/jsdoc.js" />
    <property name="npm.works" value="true" />
    <property name="cobertura.dir" value="/home/travis/build/icyphy/ptII/vendors/cobertura-2.0.3" />
    <property name="env.rvm_path" value="/home/travis/.rvm" />
    <property name="env.GEM_PATH" value="/home/travis/.rvm/gems/ruby-2.5.3:/home/travis/.rvm/gems/ruby-2.5.3@global" />
    <property name="env.LC_CTYPE" value="en_US.UTF-8" />
    <property name="env.TRAVIS_CMD" value="$PTII/bin/ptIITravisBuild.sh $SECONDS" />
    <property name="java.awt.printerjob" value="sun.print.PSPrinterJob" />
    <property name="env.TRAVIS_STACK_NAME" value="sardonyx" />
    <property name="env.TRAVIS_TIMER_START_TIME" value="1561035769270978362" />
    <property name="ant.version" value="Apache Ant(TM) version 1.10.1 compiled on February 2 2017" />
    <property name="ptII.reports" value="/home/travis/build/icyphy/ptII/reports" />
    <property name="env.TRAVIS_STACK_TIMESTAMP" value="2019-03-25 16:16:56 UTC" />
    <property name="ant.file.type.ptII" value="file" />
    <property name="env.RBENV_SHELL" value="bash" />
    <property name="os.name" value="Linux" />
    <property name="java.specification.vendor" value="Oracle Corporation" />
    <property name="env.rvm_version" value="1.29.7 (latest)" />
    <property name="env.TRAVIS_INFRA" value="gce" />
    <property name="env.TERM" value="xterm" />
    <property name="java.vm.name" value="OpenJDK 64-Bit Server VM" />
    <property name="env.TRAVIS_BUILD_NUMBER" value="1174" />
    <property name="env.CI" value="true" />
    <property name="java.library.path" value="/home/travis/pthla/certi-tools/lib:/usr/lib/jni:/usr/local/share/OpenCV/java/:/usr/share/OpenCV/java::/usr/java/packages/lib:/usr/lib64:/lib64:/lib:/usr/lib" />
    <property name="env.rvm_prefix" value="/home/travis" />
    <property name="env.PATH" value="/home/travis/pthla/certi-tools/share/scripts:/home/travis/.rvm/gems/ruby-2.5.3/bin:/home/travis/.rvm/gems/ruby-2.5.3@global/bin:/home/travis/.rvm/rubies/ruby-2.5.3/bin:/home/travis/.rvm/bin:/home/travis/.nvm/versions/node/v7.10.1/bin:./node_modules/.bin:/home/travis/build/icyphy/ptII/bin:/home/travis/pthla/certi-tools/bin:/home/travis/bin:/home/travis/.local/bin:/usr/local/lib/jvm/openjdk11/bin:/opt/pyenv/shims:/home/travis/.phpenv/shims:/home/travis/perl5/perlbrew/bin:/home/travis/gopath/bin:/home/travis/.gimme/versions/go1.11.1.linux.amd64/bin:/usr/local/maven-3.6.0/bin:/usr/local/cmake-3.12.4/bin:/usr/local/clang-7.0.0/bin:/usr/local/sbin:/usr/local/bin:/usr/sbin:/usr/bin:/sbin:/bin:/snap/bin:/home/travis/.phpenv/bin:/opt/pyenv/bin:/home/travis/.yarn/bin" />
    <property name="env.TRAVIS_OS_NAME" value="linux" />
    <property name="ant.java.version" value="9" />
    <property name="basedir" value="/home/travis/build/icyphy/ptII" />
    <property name="java.class.version" value="55.0" />
    <property name="env.SHLVL" value="3" />
    <property name="env.LD_LIBRARY_PATH" value="/home/travis/pthla/certi-tools/lib:/usr/lib/jni:/usr/local/share/OpenCV/java/:/usr/share/OpenCV/java:" />
    <property name="env.RACK_ENV" value="test" />
    <property name="ant.home" value="/home/travis/build/icyphy/ptII/ant" />
    <property name="env.NVM_DIR" value="/home/travis/.nvm" />
    <property name="env.CERTI_FOM_PATH" value="/home/travis/pthla/certi-tools/share/federations" />
    <property name="env.TRAVIS_BUILD_ID" value="548159423" />
    <property name="env.PYENV_ROOT" value="/opt/pyenv" />
    <property name="env.TRAVIS_UID" value="2000" />
    <property name="env.NVM_BIN" value="/home/travis/.nvm/versions/node/v7.10.1/bin" />
    <property name="env.TRAVIS_COMMIT" value="02afe38d468878b3a6dab5418f36a6f702f8c5ef" />
    <property name="env._system_arch" value="x86_64" />
    <property name="node.executable" value="node" />
    <property name="sun.boot.library.path" value="/usr/local/lib/jvm/openjdk11/lib" />
    <property name="sun.management.compiler" value="HotSpot 64-Bit Tiered Compilers" />
    <property name="java.awt.graphicsenv" value="sun.awt.X11GraphicsEnvironment" />
    <property name="env.GOPATH" value="/home/travis/gopath" />
    <property name="ptolemy.ptII.dir" value="/home/travis/build/icyphy/ptII" />
    <property name="env.USER" value="travis" />
    <property name="env.HISTFILESIZE" value="2000" />
    <property name="timeout.longest" value="19000000" />
    <property name="env.PERLBREW_SHELLRC_VERSION" value="0.86" />
    <property name="env.TRAVIS_STACK_FEATURES" value="basic couchdb disabled-ipv6 docker docker-compose elasticsearch firefox go-toolchain google-chrome jdk memcached mongodb mysql nodejs_interpreter perl_interpreter perlbrew phantomjs postgresql python_interpreter redis ruby_interpreter sqlite xserver" />
    <property name="env.TRAVIS_PULL_REQUEST" value="false" />
    <property name="env.PYENV_SHELL" value="bash" />
    <property name="ant.project.name" value="ptII" />
    <property name="env.ANSI_RESET" value="\033[0m" />
    <property name="java.vm.specification.version" value="11" />
    <property name="env.TRAVIS_DIST" value="xenial" />
    <property name="env.CERTI_VERSION" value="4.0.0" />
    <property name="env.CERTI_HOST" value="localhost" />
    <property name="awt.toolkit" value="sun.awt.X11.XToolkit" />
    <property name="env.MY_RUBY_HOME" value="/home/travis/.rvm/rubies/ruby-2.5.3" />
    <property name="sun.cpu.isalist" value="" />
    <property name="env.TRAVIS_TMPDIR" value="/tmp/tmp.TrfuhHfASy" />
    <property name="java.vm.compressedOopsMode" value="Zero based" />
    <property name="os.version" value="4.15.0-1028-gcp" />
    <property name="user.home" value="/home/travis" />
    <property name="java.vm.vendor" value="Oracle Corporation" />
    <property name="env.TRAVIS_TAG" value="nightly" />
    <property name="env.ANSI_YELLOW" value="\033[33;1m" />
    <property name="env.TRAVIS_FILTERED" value="redirect_io" />
    <property name="env.ANSI_GREEN" value="\033[32;1m" />
    <property name="env.JAVA_HOME" value="/usr/local/lib/jvm/openjdk11" />
    <property name="javadoc.excludepackagenames" value="adm.cvs2svn.*,build.*,config.*,doc.coding.templates.*,jni.test.jni.meaningOfLife.*,jni.test.jni.testDeux.*,jni.test.jni.testTrois.*,org.terraswarm.accessor.accessors.web.node_modules.*,org.terraswarm.accessor.accessors.web.hosts.cordova.demo.*,org.terraswarm.accessor.accessors.web.hosts.cordova.plugins.*,org.terraswarm.accessor.accessors-svn.*,pt-modules.*,ptolemy.apps.agilent.*,ptolemy.apps.anytimecontrol.*,ptolemy.apps.apes.*,ptolemy.apps.charon.*,ptolemy.apps.crazyboard.*,ptolemy.apps.eclipse.*,ptolemy.apps.etherealSting.*,ptolemy.apps.fullscreen.*,ptolemy.apps.giotto.*,ptolemy.apps.ia.*,ptolemy.apps.interfaces.*,ptolemy.apps.jmf.*,ptolemy.apps.kurt.*,ptolemy.apps.kvm.*,ptolemy.apps.lego.*,ptolemy.apps.lejos.*,ptolemy.apps.midp.*,ptolemy.apps.mobileCoding.*,ptolemy.apps.pendulum.*,ptolemy.apps.rijndael.*,ptolemy.apps.robot.*,ptolemy.apps.security.*,ptolemy.apps.sobel.*,ptolemy.apps.soot.*,ptolemy.apps.throttle.*,ptolemy.apps.tini.*,ptolemy.apps.transmission.*,ptolemy.apps.vergil.*,ptolemy.apps.waba.*,ptolemy.apps.websensor.*,ptolemy.apps.webstart.*,ptolemy.apps.xsl.*,ptolemy.apps.zaurus.*,ptolemy.codegen.c.actor.lib.oldJavaFiles.*,ptolemy.codegen.dsp.lib.*,ptolemy.codegen.kernel.newInterfaces.*,ptolemy.codegen.lib.*,ptolemy.copernicus.kernel.fragment.*,ptolemy.copernicus.shallow.cg.*,ptolemy.domains.giotto.demo.Hierarchy.Hierarchy.*,ptolemy.domains.giotto.demo.Multimode.Multimode.*,ptolemy.domains.giotto.demo.Simple.Simple.*,ptolemy.domains.gr.lib.experimental.*,ptolemy.domains.gro.*,ptolemy.domains.pdf.*,ptolemy.domains.ptinyos.demo.Surge.output.*,ptolemy.moml.test.NoPackageActor.java*,ptolemy.plot.adm.*,ptolemy.plot.servlet.*,reports.*,signed.*,src.*,target.*,vendors.*,ptolemy.copernicus.applet.*,ptolemy.media.viewer.*,ptolemy.actor.corba.*,doc.doclets.*,ptolemy.apps.eclipse.awt.*,ptolemy.backtrack.*,ptolemy.backtrack.ast.*,ptolemy.cg.adapter.generic.program.procedural.c.mbed*,ptolemy.homer.*,ptolemy.actor.lib.jjs.modules.audio.*,org.ptolemy.scala.*,diva.util.java2d.svg.*,ptolemy.domains.ptinyos.*,ptolemy.actor.lib.fmi.fmipp.*,,org.terraswarm.accessor.accessors.web.node_modules.*,org.terraswarm.accessor.accessors-svn,ptolemy.apps.*,ptolemy.actor.ptalon.demo.ptinyos.SendAndReceiveCnt.output,ptolemy.actor.ptalon.demo.ptinyos.SenseToLeds.output,ptolemy.domains.ptinyos.demo.CntToLedsAndRfm.output,ptolemy.domains.ptinyos.demo.RfmToLeds.output,ptolemy.domains.ptinyos.demo.SendAndReceiveCnt.output,ptolemy.domains.ptinyos.demo.SenseToLeds.output,ptolemy.actor.lib.jjs.modules.udpSocket.*" />
    <property name="env.PTII" value="/home/travis/build/icyphy/ptII" />
    <property name="env.XDG_SESSION_ID" value="2" />
    <property name="keystore" value="ptKeystore" />
    <property name="env.TRAVIS_COMMIT_MESSAGE" value="Updated Travis yml file to start xvfb using services." />
    <property name="junit.output.dir" value="/home/travis/build/icyphy/ptII/reports/junit" />
    <property name="npm.return.code" value="0" />
    <property name="user.dir" value="/home/travis/build/icyphy/ptII/ptolemy/actor/lib/test" />
    <property name="env.TRAVIS_NODE_VERSION" value="7" />
    <property name="env.TRAVIS_EVENT_TYPE" value="push" />
    <property name="env.MAIL" value="/var/mail/travis" />
    <property name="env.PERLBREW_ROOT" value="/home/travis/perl5/perlbrew" />
    <property name="env.PWD" value="/home/travis/build/icyphy/ptII" />
    <property name="timeout.npm" value="45000" />
    <property name="env.TRAVIS_ARCH" value="amd64" />
    <property name="sun.cpu.endian" value="little" />
    <property name="env.PAGER" value="cat" />
    <property name="env.TRAVIS_BUILD_STAGE_NAME" value="Test" />
    <property name="env.PERLBREW_HOME" value="/home/travis/.perlbrew" />
    <property name="java.vm.version" value="11.0.2+9" />
    <property name="env.RAILS_ENV" value="test" />
    <property name="java.class.path" value="/home/travis/.ptolemyII:/home/travis/.ptolemyII/*:/home/travis/build/icyphy/ptII:/home/travis/build/icyphy/ptII/lib/bsh-2.0b4.jar:/home/travis/build/icyphy/ptII/lib/ptCal.jar:/home/travis/build/icyphy/ptII/lib/java_cup.jar:/home/travis/build/icyphy/ptII/lib/saxon8.jar:/home/travis/build/icyphy/ptII/lib/saxon8-dom.jar:/home/travis/build/icyphy/ptII/lib/chic.jar:/home/travis/build/icyphy/ptII/lib/ptcolt.jar:/home/travis/build/icyphy/ptII/vendors/misc/itext/iText.jar:/home/travis/build/icyphy/ptII/lib/g4ltl.jar:/home/travis/build/icyphy/ptII/lib/StructuralCoder.jar:/home/travis/build/icyphy/ptII/vendors/jai-1_1_2_01/lib/jai_core.jar:/home/travis/build/icyphy/ptII/vendors/jai-1_1_2_01/lib/jai_codec.jar:/home/travis/build/icyphy/ptII/lib/jcerti.jar:/home/travis/build/icyphy/ptII/lib/javax.mail.jar:/home/travis/build/icyphy/ptII/vendors/JMF-2.1.1e/lib/jmf.jar:/home/travis/build/icyphy/ptII/lib/jna-4.0.0-variadic.jar:/home/travis/build/icyphy/ptII/vendors/misc/joystick/Joystick.jar:/home/travis/build/icyphy/ptII/lib/ptjacl.jar:/home/travis/build/icyphy/ptII/lib/jsoup-1.8.2.jar:/home/travis/build/icyphy/ptII/lib/junit-4.8.2.jar:/home/travis/build/icyphy/ptII/lib/JUnitParams-0.4.0.jar:/home/travis/build/icyphy/ptII/ptolemy/actor/lib/excel/jxl.jar:/home/travis/build/icyphy/ptII/lib/jython.jar:/home/travis/build/icyphy/ptII/lib/kieler.jar:/home/travis/build/icyphy/ptII/vendors/opencv/share/OpenCV/java/opencv-341.jar:/home/travis/build/icyphy/ptII/lib/oscP5.jar:/home/travis/build/icyphy/ptII/lib/nrjavaserial-3.11.0.devel.jar:/home/travis/build/icyphy/ptII/vendors/j3d/lib/j3dcore.jar:/home/travis/build/icyphy/ptII/vendors/j3d/lib/j3dutils.jar:/home/travis/build/icyphy/ptII/vendors/j3d/lib/vecmath.jar:/home/travis/build/icyphy/ptII/ptolemy/distributed/jini/jar/jini-core.jar:/home/travis/build/icyphy/ptII/ptolemy/distributed/jini/jar/jini-ext.jar:/home/travis/build/icyphy/ptII/ptolemy/distributed/jini/jar/sun-util.jar:/home/travis/build/icyphy/ptII/lib/protobuf-java-2.4.1.jar:/home/travis/build/icyphy/ptII/lib/org.eclipse.paho.client.mqttv3.jar:/home/travis/build/icyphy/ptII/lib/mapss.jar:/home/travis/build/icyphy/ptII/ptolemy/actor/ptalon/antlr/antlr.jar:/home/travis/build/icyphy/ptII/lib/JRI.jar:/home/travis/build/icyphy/ptII/lib/commons-lang-2.6.jar:/home/travis/build/icyphy/ptII/lib/commons-logging-1.1.1.jar:/home/travis/build/icyphy/ptII/lib/sootclasses.jar:/home/travis/build/icyphy/ptII/ptolemy/actor/lib/database/mysql-connector-java-5.1.6-bin.jar:/home/travis/build/icyphy/ptII/vendors/misc/sphinx4/sphinx4-data-5prealpha.jar:/home/travis/build/icyphy/ptII/vendors/misc/sphinx4/sphinx4-core-5prealpha.jar:/home/travis/build/icyphy/ptII/lib/PDFRenderer.jar:/home/travis/build/icyphy/ptII/lib/svgSalamander.jar:/home/travis/build/icyphy/ptII/lib/rsyntaxtextarea-2.6.0-SNAPSHOT.jar:/home/travis/build/icyphy/ptII/lib/hazelcast-3.8.2.jar:/home/travis/build/icyphy/ptII/lib/jackson-annotations-2.9.0.jar:/home/travis/build/icyphy/ptII/lib/jackson-core-2.9.3.jar:/home/travis/build/icyphy/ptII/lib/jackson-databind-2.9.3.jar:/home/travis/build/icyphy/ptII/lib/netty-buffer-4.1.19.Final.jar:/home/travis/build/icyphy/ptII/lib/netty-codec-4.1.19.Final.jar:/home/travis/build/icyphy/ptII/lib/netty-codec-dns-4.1.19.Final.jar:/home/travis/build/icyphy/ptII/lib/netty-codec-http-4.1.19.Final.jar:/home/travis/build/icyphy/ptII/lib/netty-codec-http2-4.1.19.Final.jar:/home/travis/build/icyphy/ptII/lib/netty-common-4.1.19.Final.jar:/home/travis/build/icyphy/ptII/lib/netty-handler-4.1.19.Final.jar:/home/travis/build/icyphy/ptII/lib/netty-resolver-4.1.19.Final.jar:/home/travis/build/icyphy/ptII/lib/netty-resolver-dns-4.1.19.Final.jar:/home/travis/build/icyphy/ptII/lib/netty-transport-4.1.19.Final.jar:/home/travis/build/icyphy/ptII/lib/vertx-codegen-3.5.1.jar:/home/travis/build/icyphy/ptII/lib/vertx-core-3.5.2-SNAPSHOT.jar:/home/travis/build/icyphy/ptII/lib/vertx-hazelcast-3.5.1.jar:/home/travis/build/icyphy/ptII/lib/vertx-lang-js-3.5.1.jar:/home/travis/build/icyphy/ptII/lib/vertx-service-proxy-3.5.1.jar:/home/travis/build/icyphy/ptII/lib/vertx-web-3.5.1.jar:/home/travis/build/icyphy/ptII/lib/slf4j-api-1.7.13.jar:/home/travis/build/icyphy/ptII/lib/slf4j-simple-1.7.13.jar:/home/travis/build/icyphy/ptII/lib/webcam-capture-0.3.12.jar:/home/travis/build/icyphy/ptII/lib/bridj-0.7.0.jar:/home/travis/build/icyphy/ptII/lib/xbjlib-1.1.0.nrjavaserial.jar:/home/travis/build/icyphy/ptII/ptolemy/moml/test:/home/travis/build/icyphy/ptII/ant/lib/ant-launcher.jar:/home/travis/build/icyphy/ptII/ant/lib/ant.jar:/home/travis/build/icyphy/ptII/ant/lib/ant-junit.jar:/home/travis/build/icyphy/ptII/ant/lib/ant-junit4.jar" />
    <property name="ant.library.dir" value="/home/travis/build/icyphy/ptII/ant/lib" />
    <property name="os.arch" value="amd64" />
    <property name="env.CONTINUOUS_INTEGRATION" value="true" />
    <property name="env.TRAVIS_LANGUAGE" value="node_js" />
    <property name="env.TRAVIS_STACK_LANGUAGES" value="__sardonyx__ c c++ clojure cplusplus cpp default generic go groovy java node_js php pure_java python ruby scala" />
    <property name="test.name" value="ptolemy.actor.lib.test.junit.JUnitTclTest" />
    <property name="env.APT_KEY_DONT_WARN_ON_DANGEROUS_USAGE" value="1" />
    <property name="sun.java.launcher" value="SUN_STANDARD" />
    <property name="env.PYTHON_CONFIGURE_OPTS" value="--enable-unicode=ucs4 --with-wide-unicode --enable-shared --enable-ipv6 --enable-loadable-sqlite-extensions --with-computed-gotos" />
    <property name="ant.core.lib" value="/home/travis/build/icyphy/ptII/ant/lib/ant.jar" />
    <property name="java.vm.specification.vendor" value="Oracle Corporation" />
    <property name="env.BCVTB_HOME" value="/home/travis/build/icyphy/ptII/lbnl" />
    <property name="file.separator" value="/" />
    <property name="spotbugs.home" value="/home/travis/build/icyphy/ptII/vendors/spotbugs-3.1.1" />
    <property name="java.runtime.version" value="11.0.2+9" />
    <property name="env.ANSI_CLEAR" value="\033[0K" />
    <property name="env.HAS_JOSH_K_SEAL_OF_APPROVAL" value="true" />
    <property name="env.XDG_RUNTIME_DIR" value="/run/user/2000" />
    <property name="env.TRAVIS_OSX_IMAGE" value="" />
    <property name="env.TRAVIS_JOB_ID" value="548159431" />
    <property name="env.TRAVIS_BRANCH" value="master" />
    <property name="user.country" value="US" />
    <property name="env.CERTI_HOME_TRAVIS" value="/home/travis/pthla/certi-tools" />
    <property name="env.SHELL" value="/bin/bash" />
    <property name="java.maxmemory.large" value="5000m" />
    <property name="model" value="" />
    <property name="env.CASHER_DIR" value="/home/travis/.casher" />
    <property name="env.NVM_CD_FLAGS" value="" />
    <property name="java.vendor.version" value="18.9" />
    <property name="jshint.executable" value="/home/travis/node_modules/jshint/bin/jshint" />
    <property name="env.JRUBY_OPTS" value=" --client -J-XX:+TieredCompilation -J-XX:TieredStopAtLevel=1 -J-Xss2m -Xcompile.invokedynamic=false" />
    <property name="java.vendor" value="Oracle Corporation" />
    <property name="env.TRAVIS_PRE_CHEF_BOOTSTRAP_TIME" value="2019-03-25T16:16:42" />
    <property name="env.TRAVIS_STACK_JOB_BOARD_REGISTER" value="/.job-board-register.yml" />
    <property name="env.ANSI_RED" value="\033[31;1m" />
    <property name="java.specification.version" value="11" />
    <property name="env.IRBRC" value="/home/travis/.rvm/rubies/ruby-2.5.3/.irbrc" />
    <property name="env.TRAVIS" value="true" />
    <property name="sun.arch.data.model" value="64" />
  </properties>
  <testcase classname="ptolemy.util.test.junit.TclTests" name="[0] /home/travis/build/icyphy/ptII/ptolemy/actor/lib/test/AbsoluteValue.tcl (RunTclFile)" time="0.624" />
  <testcase classname="ptolemy.util.test.junit.TclTests" name="[1] /home/travis/build/icyphy/ptII/ptolemy/actor/lib/test/AddSubtract.tcl (RunTclFile)" time="0.201" />
  <testcase classname="ptolemy.util.test.junit.TclTests" name="[2] /home/travis/build/icyphy/ptII/ptolemy/actor/lib/test/Average.tcl (RunTclFile)" time="0.059" />
  <testcase classname="ptolemy.util.test.junit.TclTests" name="[3] /home/travis/build/icyphy/ptII/ptolemy/actor/lib/test/Bernoulli.tcl (RunTclFile)" time="0.031" />
  <testcase classname="ptolemy.util.test.junit.TclTests" name="[4] /home/travis/build/icyphy/ptII/ptolemy/actor/lib/test/Clock.tcl (RunTclFile)" time="0.113" />
  <testcase classname="ptolemy.util.test.junit.TclTests" name="[5] /home/travis/build/icyphy/ptII/ptolemy/actor/lib/test/Commutator.tcl (RunTclFile)" time="0.196" />
  <testcase classname="ptolemy.util.test.junit.TclTests" name="[6] /home/travis/build/icyphy/ptII/ptolemy/actor/lib/test/Const.tcl (RunTclFile)" time="0.11" />
  <testcase classname="ptolemy.util.test.junit.TclTests" name="[7] /home/travis/build/icyphy/ptII/ptolemy/actor/lib/test/CurrentTime.tcl (RunTclFile)" time="0.027" />
  <testcase classname="ptolemy.util.test.junit.TclTests" name="[8] /home/travis/build/icyphy/ptII/ptolemy/actor/lib/test/DB.tcl (RunTclFile)" time="0.034" />
  <testcase classname="ptolemy.util.test.junit.TclTests" name="[9] /home/travis/build/icyphy/ptII/ptolemy/actor/lib/test/DiscreteRandomSource.tcl (RunTclFile)" time="0.05" />
  <testcase classname="ptolemy.util.test.junit.TclTests" name="[10] /home/travis/build/icyphy/ptII/ptolemy/actor/lib/test/Distributor.tcl (RunTclFile)" time="0.069" />
  <testcase classname="ptolemy.util.test.junit.TclTests" name="[11] /home/travis/build/icyphy/ptII/ptolemy/actor/lib/test/Exit.tcl (RunTclFile)" time="0.097" />
  <testcase classname="ptolemy.util.test.junit.TclTests" name="[12] /home/travis/build/icyphy/ptII/ptolemy/actor/lib/test/Expression.tcl (RunTclFile)" time="0.114" />
  <testcase classname="ptolemy.util.test.junit.TclTests" name="[13] /home/travis/build/icyphy/ptII/ptolemy/actor/lib/test/Gaussian.tcl (RunTclFile)" time="0.428" />
  <testcase classname="ptolemy.util.test.junit.TclTests" name="[14] /home/travis/build/icyphy/ptII/ptolemy/actor/lib/test/IIR.tcl (RunTclFile)" time="0.021" />
  <testcase classname="ptolemy.util.test.junit.TclTests" name="[15] /home/travis/build/icyphy/ptII/ptolemy/actor/lib/test/Interpolator.tcl (RunTclFile)" time="0.095" />
  <testcase classname="ptolemy.util.test.junit.TclTests" name="[16] /home/travis/build/icyphy/ptII/ptolemy/actor/lib/test/MathFunction.tcl (RunTclFile)" time="0.076" />
  <testcase classname="ptolemy.util.test.junit.TclTests" name="[17] /home/travis/build/icyphy/ptII/ptolemy/actor/lib/test/Maximum.tcl (RunTclFile)" time="0.034" />
  <testcase classname="ptolemy.util.test.junit.TclTests" name="[18] /home/travis/build/icyphy/ptII/ptolemy/actor/lib/test/Minimum.tcl (RunTclFile)" time="0.028" />
  <testcase classname="ptolemy.util.test.junit.TclTests" name="[19] /home/travis/build/icyphy/ptII/ptolemy/actor/lib/test/MultiplyDivide.tcl (RunTclFile)" time="0.023" />
  <testcase classname="ptolemy.util.test.junit.TclTests" name="[20] /home/travis/build/icyphy/ptII/ptolemy/actor/lib/test/OrderedMerge.tcl (RunTclFile)" time="0.133" />
  <testcase classname="ptolemy.util.test.junit.TclTests" name="[21] /home/travis/build/icyphy/ptII/ptolemy/actor/lib/test/Publisher.tcl (RunTclFile)" time="0.837" />
  <testcase classname="ptolemy.util.test.junit.TclTests" name="[22] /home/travis/build/icyphy/ptII/ptolemy/actor/lib/test/Pulse.tcl (RunTclFile)" time="0.041" />
  <testcase classname="ptolemy.util.test.junit.TclTests" name="[23] /home/travis/build/icyphy/ptII/ptolemy/actor/lib/test/Ramp.tcl (RunTclFile)" time="2.134" />
  <testcase classname="ptolemy.util.test.junit.TclTests" name="[24] /home/travis/build/icyphy/ptII/ptolemy/actor/lib/test/RampContinuous.tcl (RunTclFile)" time="0.021" />
  <testcase classname="ptolemy.util.test.junit.TclTests" name="[25] /home/travis/build/icyphy/ptII/ptolemy/actor/lib/test/RecordAssembler.tcl (RunTclFile)" time="0.017" />
  <testcase classname="ptolemy.util.test.junit.TclTests" name="[26] /home/travis/build/icyphy/ptII/ptolemy/actor/lib/test/RecordDisassembler.tcl (RunTclFile)" time="0.036" />
  <testcase classname="ptolemy.util.test.junit.TclTests" name="[27] /home/travis/build/icyphy/ptII/ptolemy/actor/lib/test/Scale.tcl (RunTclFile)" time="0.029" />
  <testcase classname="ptolemy.util.test.junit.TclTests" name="[28] /home/travis/build/icyphy/ptII/ptolemy/actor/lib/test/SequentialClock.tcl (RunTclFile)" time="0.014" />
  <testcase classname="ptolemy.util.test.junit.TclTests" name="[29] /home/travis/build/icyphy/ptII/ptolemy/actor/lib/test/SetVariable.tcl (RunTclFile)" time="0.027">
    <failure message="Number of failed tests is has increased. expected:&lt;0&gt; but was:&lt;1&gt;" type="junit.framework.AssertionFailedError">junit.framework.AssertionFailedError: Number of failed tests is has increased. expected:&lt;0&gt; but was:&lt;1&gt;
	at ptolemy.util.test.junit.TclTests.RunTclFile(TclTests.java:286)
	at jdk.internal.reflect.GeneratedMethodAccessor19.invoke(Unknown Source)
	at java.base/jdk.internal.reflect.DelegatingMethodAccessorImpl.invoke(DelegatingMethodAccessorImpl.java:43)
	at junitparams.internal.InvokeParameterisedMethod.evaluate(InvokeParameterisedMethod.java:102)
	at junitparams.internal.ParameterisedTestMethodRunner.runMethodInvoker(ParameterisedTestMethodRunner.java:47)
	at junitparams.internal.ParameterisedTestMethodRunner.runTestMethod(ParameterisedTestMethodRunner.java:41)
	at junitparams.internal.ParameterisedTestClassRunner.runParameterisedTest(ParameterisedTestClassRunner.java:143)
	at junitparams.JUnitParamsRunner.runChild(JUnitParamsRunner.java:237)
	at junitparams.JUnitParamsRunner.runChild(JUnitParamsRunner.java:215)
</failure>
  </testcase>
  <testcase classname="ptolemy.util.test.junit.TclTests" name="[30] /home/travis/build/icyphy/ptII/ptolemy/actor/lib/test/Sinewave.tcl (RunTclFile)" time="0.058" />
  <testcase classname="ptolemy.util.test.junit.TclTests" name="[31] /home/travis/build/icyphy/ptII/ptolemy/actor/lib/test/SubscriptionAggregator.tcl (RunTclFile)" time="2.19" />
  <testcase classname="ptolemy.util.test.junit.TclTests" name="[32] /home/travis/build/icyphy/ptII/ptolemy/actor/lib/test/Test.tcl (RunTclFile)" time="0.127" />
  <testcase classname="ptolemy.util.test.junit.TclTests" name="[33] /home/travis/build/icyphy/ptII/ptolemy/actor/lib/test/TestExceptionHandler.tcl (RunTclFile)" time="0.012" />
  <testcase classname="ptolemy.util.test.junit.TclTests" name="[34] /home/travis/build/icyphy/ptII/ptolemy/actor/lib/test/UnionDisassembler.tcl (RunTclFile)" time="0.071" />
  <testcase classname="ptolemy.util.test.junit.TclTests" name="[35] /home/travis/build/icyphy/ptII/ptolemy/actor/lib/test/VariableClock.tcl (RunTclFile)" time="0.021" />
  <testcase classname="ptolemy.util.test.junit.AutoKnownFailedTests" name="[0] /home/travis/build/icyphy/ptII/ptolemy/actor/lib/test/auto/knownFailedTests/PublisherPortToplevelSubscriber.xml (RunModel)" time="0.02" />
  <testcase classname="ptolemy.util.test.junit.AutoKnownFailedTests" name="[1] /home/travis/build/icyphy/ptII/ptolemy/actor/lib/test/auto/knownFailedTests/PublisherSubscriberPortToplevel.xml (RunModel)" time="0.02" />
  <testcase classname="ptolemy.util.test.junit.AutoKnownFailedTests" name="[2] /home/travis/build/icyphy/ptII/ptolemy/actor/lib/test/auto/knownFailedTests/PublisherSubscriptionAggregatorPort.xml (RunModel)" time="0.019" />
  <testcase classname="ptolemy.util.test.junit.AutoKnownFailedTests" name="[3] /home/travis/build/icyphy/ptII/ptolemy/actor/lib/test/auto/knownFailedTests/sizedarray3.xml (RunModel)" time="0.024" />
  <testcase classname="ptolemy.util.test.junit.AutoNameArchTests" name="[0] ThereAreNoAutoArchTests (RunModel)" time="0.005" />
  <testcase classname="ptolemy.util.test.junit.AutoTests" name="[0] /home/travis/build/icyphy/ptII/ptolemy/actor/lib/test/auto/AbsoluteValue.xml (RunModel)" time="0.124" />
  <testcase classname="ptolemy.util.test.junit.AutoTests" name="[1] /home/travis/build/icyphy/ptII/ptolemy/actor/lib/test/auto/AbsoluteValue2.xml (RunModel)" time="0.057" />
  <testcase classname="ptolemy.util.test.junit.AutoTests" name="[2] /home/travis/build/icyphy/ptII/ptolemy/actor/lib/test/auto/Accumulator.xml (RunModel)" time="0.132" />
  <testcase classname="ptolemy.util.test.junit.AutoTests" name="[3] /home/travis/build/icyphy/ptII/ptolemy/actor/lib/test/auto/Accumulator2.xml (RunModel)" time="0.019" />
  <testcase classname="ptolemy.util.test.junit.AutoTests" name="[4] /home/travis/build/icyphy/ptII/ptolemy/actor/lib/test/auto/Accumulator3.xml (RunModel)" time="0.019" />
  <testcase classname="ptolemy.util.test.junit.AutoTests" name="[5] /home/travis/build/icyphy/ptII/ptolemy/actor/lib/test/auto/ArrayAppend.xml (RunModel)" time="0.036" />
  <testcase classname="ptolemy.util.test.junit.AutoTests" name="[6] /home/travis/build/icyphy/ptII/ptolemy/actor/lib/test/auto/ArrayAppend2.xml (RunModel)" time="0.366" />
  <testcase classname="ptolemy.util.test.junit.AutoTests" name="[7] /home/travis/build/icyphy/ptII/ptolemy/actor/lib/test/auto/ArrayAppend3.xml (RunModel)" time="0.037" />
  <testcase classname="ptolemy.util.test.junit.AutoTests" name="[8] /home/travis/build/icyphy/ptII/ptolemy/actor/lib/test/auto/ArrayAppend4.xml (RunModel)" time="0.034" />
  <testcase classname="ptolemy.util.test.junit.AutoTests" name="[9] /home/travis/build/icyphy/ptII/ptolemy/actor/lib/test/auto/ArrayAppend5.xml (RunModel)" time="0.023" />
  <testcase classname="ptolemy.util.test.junit.AutoTests" name="[10] /home/travis/build/icyphy/ptII/ptolemy/actor/lib/test/auto/ArrayAppend6.xml (RunModel)" time="0.019" />
  <testcase classname="ptolemy.util.test.junit.AutoTests" name="[11] /home/travis/build/icyphy/ptII/ptolemy/actor/lib/test/auto/ArrayAppendPerformanceTest.xml (RunModel)" time="0.055" />
  <testcase classname="ptolemy.util.test.junit.AutoTests" name="[12] /home/travis/build/icyphy/ptII/ptolemy/actor/lib/test/auto/ArrayAppendWithEmptyInput.xml (RunModel)" time="0.05" />
  <testcase classname="ptolemy.util.test.junit.AutoTests" name="[13] /home/travis/build/icyphy/ptII/ptolemy/actor/lib/test/auto/ArrayAverage.xml (RunModel)" time="0.034" />
  <testcase classname="ptolemy.util.test.junit.AutoTests" name="[14] /home/travis/build/icyphy/ptII/ptolemy/actor/lib/test/auto/ArrayContains.xml (RunModel)" time="0.032" />
  <testcase classname="ptolemy.util.test.junit.AutoTests" name="[15] /home/travis/build/icyphy/ptII/ptolemy/actor/lib/test/auto/ArrayElement.xml (RunModel)" time="0.041" />
  <testcase classname="ptolemy.util.test.junit.AutoTests" name="[16] /home/travis/build/icyphy/ptII/ptolemy/actor/lib/test/auto/ArrayElementAsMatrix.xml (RunModel)" time="0.071" />
  <testcase classname="ptolemy.util.test.junit.AutoTests" name="[17] /home/travis/build/icyphy/ptII/ptolemy/actor/lib/test/auto/ArrayElementI.xml (RunModel)" time="0.022" />
  <testcase classname="ptolemy.util.test.junit.AutoTests" name="[18] /home/travis/build/icyphy/ptII/ptolemy/actor/lib/test/auto/ArrayExtract.xml (RunModel)" time="0.035" />
  <testcase classname="ptolemy.util.test.junit.AutoTests" name="[19] /home/travis/build/icyphy/ptII/ptolemy/actor/lib/test/auto/ArrayExtract2.xml (RunModel)" time="0.016" />
  <testcase classname="ptolemy.util.test.junit.AutoTests" name="[20] /home/travis/build/icyphy/ptII/ptolemy/actor/lib/test/auto/ArrayLength.xml (RunModel)" time="0.019" />
  <testcase classname="ptolemy.util.test.junit.AutoTests" name="[21] /home/travis/build/icyphy/ptII/ptolemy/actor/lib/test/auto/ArrayLevelCrossing.xml (RunModel)" time="0.032" />
  <testcase classname="ptolemy.util.test.junit.AutoTests" name="[22] /home/travis/build/icyphy/ptII/ptolemy/actor/lib/test/auto/ArrayLevelCrossing2.xml (RunModel)" time="0.028" />
  <testcase classname="ptolemy.util.test.junit.AutoTests" name="[23] /home/travis/build/icyphy/ptII/ptolemy/actor/lib/test/auto/ArrayPeakSearch.xml (RunModel)" time="0.044" />
  <testcase classname="ptolemy.util.test.junit.AutoTests" name="[24] /home/travis/build/icyphy/ptII/ptolemy/actor/lib/test/auto/ArrayPeakSearch2.xml (RunModel)" time="0.044" />
  <testcase classname="ptolemy.util.test.junit.AutoTests" name="[25] /home/travis/build/icyphy/ptII/ptolemy/actor/lib/test/auto/ArrayPeakSearch3.xml (RunModel)" time="0.036" />
  <testcase classname="ptolemy.util.test.junit.AutoTests" name="[26] /home/travis/build/icyphy/ptII/ptolemy/actor/lib/test/auto/ArrayRemoveElement.xml (RunModel)" time="0.031" />
  <testcase classname="ptolemy.util.test.junit.AutoTests" name="[27] /home/travis/build/icyphy/ptII/ptolemy/actor/lib/test/auto/ArraySort.xml (RunModel)" time="0.036" />
  <testcase classname="ptolemy.util.test.junit.AutoTests" name="[28] /home/travis/build/icyphy/ptII/ptolemy/actor/lib/test/auto/ArraySum.xml (RunModel)" time="0.018" />
  <testcase classname="ptolemy.util.test.junit.AutoTests" name="[29] /home/travis/build/icyphy/ptII/ptolemy/actor/lib/test/auto/ArrayToElements.xml (RunModel)" time="0.023" />
  <testcase classname="ptolemy.util.test.junit.AutoTests" name="[30] /home/travis/build/icyphy/ptII/ptolemy/actor/lib/test/auto/ArrayToMatrix.xml (RunModel)" time="0.051" />
  <testcase classname="ptolemy.util.test.junit.AutoTests" name="[31] /home/travis/build/icyphy/ptII/ptolemy/actor/lib/test/auto/ArrayUpdate1.xml (RunModel)" time="0.027" />
  <testcase classname="ptolemy.util.test.junit.AutoTests" name="[32] /home/travis/build/icyphy/ptII/ptolemy/actor/lib/test/auto/ArrayUpdate2.xml (RunModel)" time="0.017" />
  <testcase classname="ptolemy.util.test.junit.AutoTests" name="[33] /home/travis/build/icyphy/ptII/ptolemy/actor/lib/test/auto/ArrayUpdate3.xml (RunModel)" time="0.014" />
  <testcase classname="ptolemy.util.test.junit.AutoTests" name="[34] /home/travis/build/icyphy/ptII/ptolemy/actor/lib/test/auto/Assert1.xml (RunModel)" time="0.021" />
  <testcase classname="ptolemy.util.test.junit.AutoTests" name="[35] /home/travis/build/icyphy/ptII/ptolemy/actor/lib/test/auto/Assert2.xml (RunModel)" time="0.01" />
  <testcase classname="ptolemy.util.test.junit.AutoTests" name="[36] /home/travis/build/icyphy/ptII/ptolemy/actor/lib/test/auto/BooleanMultiplexor.xml (RunModel)" time="0.014" />
  <testcase classname="ptolemy.util.test.junit.AutoTests" name="[37] /home/travis/build/icyphy/ptII/ptolemy/actor/lib/test/auto/BooleanMultiplexor2.xml (RunModel)" time="0.025" />
  <testcase classname="ptolemy.util.test.junit.AutoTests" name="[38] /home/travis/build/icyphy/ptII/ptolemy/actor/lib/test/auto/BooleanMultiplexor3.xml (RunModel)" time="0.02" />
  <testcase classname="ptolemy.util.test.junit.AutoTests" name="[39] /home/travis/build/icyphy/ptII/ptolemy/actor/lib/test/auto/BooleanSelect.xml (RunModel)" time="0.026" />
  <testcase classname="ptolemy.util.test.junit.AutoTests" name="[40] /home/travis/build/icyphy/ptII/ptolemy/actor/lib/test/auto/BooleanSelect2.xml (RunModel)" time="0.014" />
  <testcase classname="ptolemy.util.test.junit.AutoTests" name="[41] /home/travis/build/icyphy/ptII/ptolemy/actor/lib/test/auto/BooleanSwitch.xml (RunModel)" time="0.025" />
  <testcase classname="ptolemy.util.test.junit.AutoTests" name="[42] /home/travis/build/icyphy/ptII/ptolemy/actor/lib/test/auto/BooleanSwitch2.xml (RunModel)" time="0.014" />
  <testcase classname="ptolemy.util.test.junit.AutoTests" name="[43] /home/travis/build/icyphy/ptII/ptolemy/actor/lib/test/auto/BooleanSwitchCloningBugWithClassRelationGroup.xml (RunModel)" time="0.045" />
  <testcase classname="ptolemy.util.test.junit.AutoTests" name="[44] /home/travis/build/icyphy/ptII/ptolemy/actor/lib/test/auto/BusActors.xml (RunModel)" time="0.035" />
  <testcase classname="ptolemy.util.test.junit.AutoTests" name="[45] /home/travis/build/icyphy/ptII/ptolemy/actor/lib/test/auto/ClassWrapper.xml (RunModel)" time="0.022" />
  <testcase classname="ptolemy.util.test.junit.AutoTests" name="[46] /home/travis/build/icyphy/ptII/ptolemy/actor/lib/test/auto/Clock.xml (RunModel)" time="0.015" />
  <testcase classname="ptolemy.util.test.junit.AutoTests" name="[47] /home/travis/build/icyphy/ptII/ptolemy/actor/lib/test/auto/Clock10.xml (RunModel)" time="0.018" />
  <testcase classname="ptolemy.util.test.junit.AutoTests" name="[48] /home/travis/build/icyphy/ptII/ptolemy/actor/lib/test/auto/Clock11.xml (RunModel)" time="0.017" />
  <testcase classname="ptolemy.util.test.junit.AutoTests" name="[49] /home/travis/build/icyphy/ptII/ptolemy/actor/lib/test/auto/Clock12.xml (RunModel)" time="0.023" />
  <testcase classname="ptolemy.util.test.junit.AutoTests" name="[50] /home/travis/build/icyphy/ptII/ptolemy/actor/lib/test/auto/Clock13.xml (RunModel)" time="0.018" />
  <testcase classname="ptolemy.util.test.junit.AutoTests" name="[51] /home/travis/build/icyphy/ptII/ptolemy/actor/lib/test/auto/Clock14.xml (RunModel)" time="0.034" />
  <testcase classname="ptolemy.util.test.junit.AutoTests" name="[52] /home/travis/build/icyphy/ptII/ptolemy/actor/lib/test/auto/Clock15.xml (RunModel)" time="0.017" />
  <testcase classname="ptolemy.util.test.junit.AutoTests" name="[53] /home/travis/build/icyphy/ptII/ptolemy/actor/lib/test/auto/Clock16.xml (RunModel)" time="0.1" />
  <testcase classname="ptolemy.util.test.junit.AutoTests" name="[54] /home/travis/build/icyphy/ptII/ptolemy/actor/lib/test/auto/Clock17.xml (RunModel)" time="0.077" />
  <testcase classname="ptolemy.util.test.junit.AutoTests" name="[55] /home/travis/build/icyphy/ptII/ptolemy/actor/lib/test/auto/Clock18.xml (RunModel)" time="0.052" />
  <testcase classname="ptolemy.util.test.junit.AutoTests" name="[56] /home/travis/build/icyphy/ptII/ptolemy/actor/lib/test/auto/Clock19.xml (RunModel)" time="0.046" />
  <testcase classname="ptolemy.util.test.junit.AutoTests" name="[57] /home/travis/build/icyphy/ptII/ptolemy/actor/lib/test/auto/Clock2.xml (RunModel)" time="0.014" />
  <testcase classname="ptolemy.util.test.junit.AutoTests" name="[58] /home/travis/build/icyphy/ptII/ptolemy/actor/lib/test/auto/Clock20.xml (RunModel)" time="0.02" />
  <testcase classname="ptolemy.util.test.junit.AutoTests" name="[59] /home/travis/build/icyphy/ptII/ptolemy/actor/lib/test/auto/Clock21.xml (RunModel)" time="0.017" />
  <testcase classname="ptolemy.util.test.junit.AutoTests" name="[60] /home/travis/build/icyphy/ptII/ptolemy/actor/lib/test/auto/Clock22.xml (RunModel)" time="0.017" />
  <testcase classname="ptolemy.util.test.junit.AutoTests" name="[61] /home/travis/build/icyphy/ptII/ptolemy/actor/lib/test/auto/Clock23.xml (RunModel)" time="0.017" />
  <testcase classname="ptolemy.util.test.junit.AutoTests" name="[62] /home/travis/build/icyphy/ptII/ptolemy/actor/lib/test/auto/Clock24.xml (RunModel)" time="0.018" />
  <testcase classname="ptolemy.util.test.junit.AutoTests" name="[63] /home/travis/build/icyphy/ptII/ptolemy/actor/lib/test/auto/Clock4.xml (RunModel)" time="0.014" />
  <testcase classname="ptolemy.util.test.junit.AutoTests" name="[64] /home/travis/build/icyphy/ptII/ptolemy/actor/lib/test/auto/Clock5.xml (RunModel)" time="0.014" />
  <testcase classname="ptolemy.util.test.junit.AutoTests" name="[65] /home/travis/build/icyphy/ptII/ptolemy/actor/lib/test/auto/Clock6.xml (RunModel)" time="0.014" />
  <testcase classname="ptolemy.util.test.junit.AutoTests" name="[66] /home/travis/build/icyphy/ptII/ptolemy/actor/lib/test/auto/Clock7.xml (RunModel)" time="0.013" />
  <testcase classname="ptolemy.util.test.junit.AutoTests" name="[67] /home/travis/build/icyphy/ptII/ptolemy/actor/lib/test/auto/Clock8.xml (RunModel)" time="0.021" />
  <testcase classname="ptolemy.util.test.junit.AutoTests" name="[68] /home/travis/build/icyphy/ptII/ptolemy/actor/lib/test/auto/Clock9.xml (RunModel)" time="0.015" />
  <testcase classname="ptolemy.util.test.junit.AutoTests" name="[69] /home/travis/build/icyphy/ptII/ptolemy/actor/lib/test/auto/CommDistDiscard.xml (RunModel)" time="0.026" />
  <testcase classname="ptolemy.util.test.junit.AutoTests" name="[70] /home/travis/build/icyphy/ptII/ptolemy/actor/lib/test/auto/Commutator.xml (RunModel)" time="0.015" />
  <testcase classname="ptolemy.util.test.junit.AutoTests" name="[71] /home/travis/build/icyphy/ptII/ptolemy/actor/lib/test/auto/Commutator2.xml (RunModel)" time="0.011" />
  <testcase classname="ptolemy.util.test.junit.AutoTests" name="[72] /home/travis/build/icyphy/ptII/ptolemy/actor/lib/test/auto/Commutator3.xml (RunModel)" time="0.018" />
  <testcase classname="ptolemy.util.test.junit.AutoTests" name="[73] /home/travis/build/icyphy/ptII/ptolemy/actor/lib/test/auto/Compare.xml (RunModel)" time="0.02" />
  <testcase classname="ptolemy.util.test.junit.AutoTests" name="[74] /home/travis/build/icyphy/ptII/ptolemy/actor/lib/test/auto/CompareDE.xml (RunModel)" time="0.021" />
  <testcase classname="ptolemy.util.test.junit.AutoTests" name="[75] /home/travis/build/icyphy/ptII/ptolemy/actor/lib/test/auto/ComplexDivide.xml (RunModel)" time="0.013" />
  <testcase classname="ptolemy.util.test.junit.AutoTests" name="[76] /home/travis/build/icyphy/ptII/ptolemy/actor/lib/test/auto/ComputeHistogram.xml (RunModel)" time="0.072" />
  <testcase classname="ptolemy.util.test.junit.AutoTests" name="[77] /home/travis/build/icyphy/ptII/ptolemy/actor/lib/test/auto/ConfigurationSelect.xml (RunModel)" time="0.023" />
  <testcase classname="ptolemy.util.test.junit.AutoTests" name="[78] /home/travis/build/icyphy/ptII/ptolemy/actor/lib/test/auto/ConfigurationSelect2.xml (RunModel)" time="0.016" />
  <testcase classname="ptolemy.util.test.junit.AutoTests" name="[79] /home/travis/build/icyphy/ptII/ptolemy/actor/lib/test/auto/ConfigurationSwitch.xml (RunModel)" time="0.034" />
  <testcase classname="ptolemy.util.test.junit.AutoTests" name="[80] /home/travis/build/icyphy/ptII/ptolemy/actor/lib/test/auto/ConfigurationSwitch2.xml (RunModel)" time="0.028" />
  <testcase classname="ptolemy.util.test.junit.AutoTests" name="[81] /home/travis/build/icyphy/ptII/ptolemy/actor/lib/test/auto/ConfigurationSwitchCloningBugWithClassRelationGroup.xml (RunModel)" time="0.024" />
  <testcase classname="ptolemy.util.test.junit.AutoTests" name="[82] /home/travis/build/icyphy/ptII/ptolemy/actor/lib/test/auto/ConfigurationSwitchSelectSDF.xml (RunModel)" time="0.018" />
  <testcase classname="ptolemy.util.test.junit.AutoTests" name="[83] /home/travis/build/icyphy/ptII/ptolemy/actor/lib/test/auto/ConfigurationSwitchSelectSDF2.xml (RunModel)" time="0.019" />
  <testcase classname="ptolemy.util.test.junit.AutoTests" name="[84] /home/travis/build/icyphy/ptII/ptolemy/actor/lib/test/auto/Const.xml (RunModel)" time="0.008" />
  <testcase classname="ptolemy.util.test.junit.AutoTests" name="[85] /home/travis/build/icyphy/ptII/ptolemy/actor/lib/test/auto/Const2.xml (RunModel)" time="0.012" />
  <testcase classname="ptolemy.util.test.junit.AutoTests" name="[86] /home/travis/build/icyphy/ptII/ptolemy/actor/lib/test/auto/Const3.xml (RunModel)" time="0.008" />
  <testcase classname="ptolemy.util.test.junit.AutoTests" name="[87] /home/travis/build/icyphy/ptII/ptolemy/actor/lib/test/auto/ConstantPublisherPort1.xml (RunModel)" time="0.025" />
  <testcase classname="ptolemy.util.test.junit.AutoTests" name="[88] /home/travis/build/icyphy/ptII/ptolemy/actor/lib/test/auto/ConstantPublisherPort2.xml (RunModel)" time="0.038" />
  <testcase classname="ptolemy.util.test.junit.AutoTests" name="[89] /home/travis/build/icyphy/ptII/ptolemy/actor/lib/test/auto/ConstantPublisherPort3.xml (RunModel)" time="0.023" />
  <testcase classname="ptolemy.util.test.junit.AutoTests" name="[90] /home/travis/build/icyphy/ptII/ptolemy/actor/lib/test/auto/ConstantPublisherPort4.xml (RunModel)" time="0.021" />
  <testcase classname="ptolemy.util.test.junit.AutoTests" name="[91] /home/travis/build/icyphy/ptII/ptolemy/actor/lib/test/auto/ConstantPublisherPort5.xml (RunModel)" time="0.046" />
  <testcase classname="ptolemy.util.test.junit.AutoTests" name="[92] /home/travis/build/icyphy/ptII/ptolemy/actor/lib/test/auto/ConstantPublisherPort6.xml (RunModel)" time="0.029" />
  <testcase classname="ptolemy.util.test.junit.AutoTests" name="[93] /home/travis/build/icyphy/ptII/ptolemy/actor/lib/test/auto/ConstantPublisherPort7.xml (RunModel)" time="0.032" />
  <testcase classname="ptolemy.util.test.junit.AutoTests" name="[94] /home/travis/build/icyphy/ptII/ptolemy/actor/lib/test/auto/ConstraintMonitor1.xml (RunModel)" time="0.038" />
  <testcase classname="ptolemy.util.test.junit.AutoTests" name="[95] /home/travis/build/icyphy/ptII/ptolemy/actor/lib/test/auto/ConstraintMonitor2.xml (RunModel)" time="0.019" />
  <testcase classname="ptolemy.util.test.junit.AutoTests" name="[96] /home/travis/build/icyphy/ptII/ptolemy/actor/lib/test/auto/ConstraintMonitor3.xml (RunModel)" time="0.014" />
  <testcase classname="ptolemy.util.test.junit.AutoTests" name="[97] /home/travis/build/icyphy/ptII/ptolemy/actor/lib/test/auto/ConstraintMonitor4.xml (RunModel)" time="0.013" />
  <testcase classname="ptolemy.util.test.junit.AutoTests" name="[98] /home/travis/build/icyphy/ptII/ptolemy/actor/lib/test/auto/ConstraintMonitor5.xml (RunModel)" time="0.014" />
  <testcase classname="ptolemy.util.test.junit.AutoTests" name="[99] /home/travis/build/icyphy/ptII/ptolemy/actor/lib/test/auto/ConstraintMonitor6.xml (RunModel)" time="0.012" />
  <testcase classname="ptolemy.util.test.junit.AutoTests" name="[100] /home/travis/build/icyphy/ptII/ptolemy/actor/lib/test/auto/ConstraintMonitor7.xml (RunModel)" time="0.019" />
  <testcase classname="ptolemy.util.test.junit.AutoTests" name="[101] /home/travis/build/icyphy/ptII/ptolemy/actor/lib/test/auto/ConstraintMonitor8.xml (RunModel)" time="0.019" />
  <testcase classname="ptolemy.util.test.junit.AutoTests" name="[102] /home/travis/build/icyphy/ptII/ptolemy/actor/lib/test/auto/Counter.xml (RunModel)" time="0.022" />
  <testcase classname="ptolemy.util.test.junit.AutoTests" name="[103] /home/travis/build/icyphy/ptII/ptolemy/actor/lib/test/auto/CurrentTimeSDF.xml (RunModel)" time="0.01" />
  <testcase classname="ptolemy.util.test.junit.AutoTests" name="[104] /home/travis/build/icyphy/ptII/ptolemy/actor/lib/test/auto/DB.xml (RunModel)" time="0.013" />
  <testcase classname="ptolemy.util.test.junit.AutoTests" name="[105] /home/travis/build/icyphy/ptII/ptolemy/actor/lib/test/auto/DBDE.xml (RunModel)" time="0.015" />
  <testcase classname="ptolemy.util.test.junit.AutoTests" name="[106] /home/travis/build/icyphy/ptII/ptolemy/actor/lib/test/auto/DateConstructor.xml (RunModel)" time="0.078" />
  <testcase classname="ptolemy.util.test.junit.AutoTests" name="[107] /home/travis/build/icyphy/ptII/ptolemy/actor/lib/test/auto/DelayTime.xml (RunModel)" time="0.022" />
  <testcase classname="ptolemy.util.test.junit.AutoTests" name="[108] /home/travis/build/icyphy/ptII/ptolemy/actor/lib/test/auto/Dictionary1.xml (RunModel)" time="0.017" />
  <testcase classname="ptolemy.util.test.junit.AutoTests" name="[109] /home/travis/build/icyphy/ptII/ptolemy/actor/lib/test/auto/Dictionary2.xml (RunModel)" time="0.014" />
  <testcase classname="ptolemy.util.test.junit.AutoTests" name="[110] /home/travis/build/icyphy/ptII/ptolemy/actor/lib/test/auto/Dictionary3.xml (RunModel)" time="0.016" />
  <testcase classname="ptolemy.util.test.junit.AutoTests" name="[111] /home/travis/build/icyphy/ptII/ptolemy/actor/lib/test/auto/Dictionary4.xml (RunModel)" time="0.022" />
  <testcase classname="ptolemy.util.test.junit.AutoTests" name="[112] /home/travis/build/icyphy/ptII/ptolemy/actor/lib/test/auto/Differential.xml (RunModel)" time="0.013" />
  <testcase classname="ptolemy.util.test.junit.AutoTests" name="[113] /home/travis/build/icyphy/ptII/ptolemy/actor/lib/test/auto/Director.xml (RunModel)" time="0.011" />
  <testcase classname="ptolemy.util.test.junit.AutoTests" name="[114] /home/travis/build/icyphy/ptII/ptolemy/actor/lib/test/auto/DiscreteClock.xml (RunModel)" time="0.008" />
  <testcase classname="ptolemy.util.test.junit.AutoTests" name="[115] /home/travis/build/icyphy/ptII/ptolemy/actor/lib/test/auto/DiscreteClock10.xml (RunModel)" time="0.013" />
  <testcase classname="ptolemy.util.test.junit.AutoTests" name="[116] /home/travis/build/icyphy/ptII/ptolemy/actor/lib/test/auto/DiscreteClock11.xml (RunModel)" time="0.012" />
  <testcase classname="ptolemy.util.test.junit.AutoTests" name="[117] /home/travis/build/icyphy/ptII/ptolemy/actor/lib/test/auto/DiscreteClock12.xml (RunModel)" time="0.014" />
  <testcase classname="ptolemy.util.test.junit.AutoTests" name="[118] /home/travis/build/icyphy/ptII/ptolemy/actor/lib/test/auto/DiscreteClock13.xml (RunModel)" time="0.015" />
  <testcase classname="ptolemy.util.test.junit.AutoTests" name="[119] /home/travis/build/icyphy/ptII/ptolemy/actor/lib/test/auto/DiscreteClock14.xml (RunModel)" time="0.014" />
  <testcase classname="ptolemy.util.test.junit.AutoTests" name="[120] /home/travis/build/icyphy/ptII/ptolemy/actor/lib/test/auto/DiscreteClock15.xml (RunModel)" time="0.015" />
  <testcase classname="ptolemy.util.test.junit.AutoTests" name="[121] /home/travis/build/icyphy/ptII/ptolemy/actor/lib/test/auto/DiscreteClock16.xml (RunModel)" time="0.043" />
  <testcase classname="ptolemy.util.test.junit.AutoTests" name="[122] /home/travis/build/icyphy/ptII/ptolemy/actor/lib/test/auto/DiscreteClock17.xml (RunModel)" time="0.036" />
  <testcase classname="ptolemy.util.test.junit.AutoTests" name="[123] /home/travis/build/icyphy/ptII/ptolemy/actor/lib/test/auto/DiscreteClock18.xml (RunModel)" time="0.036" />
  <testcase classname="ptolemy.util.test.junit.AutoTests" name="[124] /home/travis/build/icyphy/ptII/ptolemy/actor/lib/test/auto/DiscreteClock19.xml (RunModel)" time="0.052" />
  <testcase classname="ptolemy.util.test.junit.AutoTests" name="[125] /home/travis/build/icyphy/ptII/ptolemy/actor/lib/test/auto/DiscreteClock2.xml (RunModel)" time="0.012" />
  <testcase classname="ptolemy.util.test.junit.AutoTests" name="[126] /home/travis/build/icyphy/ptII/ptolemy/actor/lib/test/auto/DiscreteClock20.xml (RunModel)" time="0.019" />
  <testcase classname="ptolemy.util.test.junit.AutoTests" name="[127] /home/travis/build/icyphy/ptII/ptolemy/actor/lib/test/auto/DiscreteClock21.xml (RunModel)" time="0.021" />
  <testcase classname="ptolemy.util.test.junit.AutoTests" name="[128] /home/travis/build/icyphy/ptII/ptolemy/actor/lib/test/auto/DiscreteClock22.xml (RunModel)" time="0.015" />
  <testcase classname="ptolemy.util.test.junit.AutoTests" name="[129] /home/travis/build/icyphy/ptII/ptolemy/actor/lib/test/auto/DiscreteClock23.xml (RunModel)" time="0.023" />
  <testcase classname="ptolemy.util.test.junit.AutoTests" name="[130] /home/travis/build/icyphy/ptII/ptolemy/actor/lib/test/auto/DiscreteClock24.xml (RunModel)" time="0.014" />
  <testcase classname="ptolemy.util.test.junit.AutoTests" name="[131] /home/travis/build/icyphy/ptII/ptolemy/actor/lib/test/auto/DiscreteClock4.xml (RunModel)" time="0.013" />
  <testcase classname="ptolemy.util.test.junit.AutoTests" name="[132] /home/travis/build/icyphy/ptII/ptolemy/actor/lib/test/auto/DiscreteClock5.xml (RunModel)" time="0.014" />
  <testcase classname="ptolemy.util.test.junit.AutoTests" name="[133] /home/travis/build/icyphy/ptII/ptolemy/actor/lib/test/auto/DiscreteClock6.xml (RunModel)" time="0.012" />
  <testcase classname="ptolemy.util.test.junit.AutoTests" name="[134] /home/travis/build/icyphy/ptII/ptolemy/actor/lib/test/auto/DiscreteClock7.xml (RunModel)" time="0.01" />
  <testcase classname="ptolemy.util.test.junit.AutoTests" name="[135] /home/travis/build/icyphy/ptII/ptolemy/actor/lib/test/auto/DiscreteClock8.xml (RunModel)" time="0.024" />
  <testcase classname="ptolemy.util.test.junit.AutoTests" name="[136] /home/travis/build/icyphy/ptII/ptolemy/actor/lib/test/auto/DiscreteClock9.xml (RunModel)" time="0.019" />
  <testcase classname="ptolemy.util.test.junit.AutoTests" name="[137] /home/travis/build/icyphy/ptII/ptolemy/actor/lib/test/auto/DisplayArray.xml (RunModel)" time="0.008" />
  <testcase classname="ptolemy.util.test.junit.AutoTests" name="[138] /home/travis/build/icyphy/ptII/ptolemy/actor/lib/test/auto/Distributor.xml (RunModel)" time="0.009" />
  <testcase classname="ptolemy.util.test.junit.AutoTests" name="[139] /home/travis/build/icyphy/ptII/ptolemy/actor/lib/test/auto/Distributor2.xml (RunModel)" time="0.012" />
  <testcase classname="ptolemy.util.test.junit.AutoTests" name="[140] /home/travis/build/icyphy/ptII/ptolemy/actor/lib/test/auto/DownSample.xml (RunModel)" time="0.009" />
  <testcase classname="ptolemy.util.test.junit.AutoTests" name="[141] /home/travis/build/icyphy/ptII/ptolemy/actor/lib/test/auto/ElectronicUnitBase1.xml (RunModel)" time="0.063" />
  <testcase classname="ptolemy.util.test.junit.AutoTests" name="[142] /home/travis/build/icyphy/ptII/ptolemy/actor/lib/test/auto/ElementsToArray.xml (RunModel)" time="0.01" />
  <testcase classname="ptolemy.util.test.junit.AutoTests" name="[143] /home/travis/build/icyphy/ptII/ptolemy/actor/lib/test/auto/Equals.xml (RunModel)" time="0.015" />
  <testcase classname="ptolemy.util.test.junit.AutoTests" name="[144] /home/travis/build/icyphy/ptII/ptolemy/actor/lib/test/auto/Exec.xml (RunModel)" time="0.03" />
  <testcase classname="ptolemy.util.test.junit.AutoTests" name="[145] /home/travis/build/icyphy/ptII/ptolemy/actor/lib/test/auto/ExecEnvironment.xml (RunModel)" time="0.05" />
  <testcase classname="ptolemy.util.test.junit.AutoTests" name="[146] /home/travis/build/icyphy/ptII/ptolemy/actor/lib/test/auto/ExecNonZeroReturnOutput.xml (RunModel)" time="0.198" />
  <testcase classname="ptolemy.util.test.junit.AutoTests" name="[147] /home/travis/build/icyphy/ptII/ptolemy/actor/lib/test/auto/ExecRunDemos.xml (RunModel)" time="10.664">
    <error type="java.lang.reflect.InvocationTargetException">java.lang.reflect.InvocationTargetException
	at jdk.internal.reflect.GeneratedConstructorAccessor36.newInstance(Unknown Source)
	at java.base/jdk.internal.reflect.DelegatingConstructorAccessorImpl.newInstance(DelegatingConstructorAccessorImpl.java:45)
	at java.base/java.lang.reflect.Constructor.newInstance(Constructor.java:490)
	at ptolemy.util.test.junit.AutoTests.RunModel(AutoTests.java:193)
	at jdk.internal.reflect.GeneratedMethodAccessor43.invoke(Unknown Source)
	at java.base/jdk.internal.reflect.DelegatingMethodAccessorImpl.invoke(DelegatingMethodAccessorImpl.java:43)
	at junitparams.internal.InvokeParameterisedMethod.evaluate(InvokeParameterisedMethod.java:102)
Caused by: ptolemy.kernel.util.IllegalActionException: Test fails in iteration 0.
Value was: &quot;WARNING: An illegal reflective access operation has occurred\nWARNING: Illegal reflective access by io.netty.util.internal.ReflectionUtil (file:/home/travis/build/icyphy/ptII/lib/netty-common-4.1.19.Final.jar) to constructor java.nio.DirectByteBuffer(long,int)\nWARNING: Please consider reporting this to the maintainers of io.netty.util.internal.ReflectionUtil\nWARNING: Use --illegal-access=warn to enable warnings of further illegal reflective access operations\nWARNING: All illegal access operations will be denied in a future release\n&quot;. Should have been: &quot;&quot;
  in .ExecRunDemos.Test
	at ptolemy.actor.lib.Test.fire(Test.java:268)
	at ptolemy.actor.AtomicActor.iterate(AtomicActor.java:512)
	at ptolemy.actor.sched.StaticSchedulingDirector.fire(StaticSchedulingDirector.java:216)
	at ptolemy.domains.sdf.kernel.SDFDirector.fire(SDFDirector.java:500)
	at ptolemy.actor.CompositeActor.fire(CompositeActor.java:455)
	at ptolemy.actor.Manager.iterate(Manager.java:851)
	at ptolemy.actor.Manager.execute(Manager.java:369)
	at ptolemy.actor.Manager.run(Manager.java:1263)
	at ptolemy.actor.Manager$PtolemyRunThread.run(Manager.java:1915)
</error>
  </testcase>
  <testcase classname="ptolemy.util.test.junit.AutoTests" name="[148] /home/travis/build/icyphy/ptII/ptolemy/actor/lib/test/auto/ExecStop.xml (RunModel)" time="5.05" />
  <testcase classname="ptolemy.util.test.junit.AutoTests" name="[149] /home/travis/build/icyphy/ptII/ptolemy/actor/lib/test/auto/ExecutionTimeSDF.xml (RunModel)" time="6.039" />
  <testcase classname="ptolemy.util.test.junit.AutoTests" name="[150] /home/travis/build/icyphy/ptII/ptolemy/actor/lib/test/auto/Expression1.xml (RunModel)" time="0.011" />
  <testcase classname="ptolemy.util.test.junit.AutoTests" name="[151] /home/travis/build/icyphy/ptII/ptolemy/actor/lib/test/auto/Expression10.xml (RunModel)" time="0.017" />
  <testcase classname="ptolemy.util.test.junit.AutoTests" name="[152] /home/travis/build/icyphy/ptII/ptolemy/actor/lib/test/auto/Expression11.xml (RunModel)" time="0.027" />
  <testcase classname="ptolemy.util.test.junit.AutoTests" name="[153] /home/travis/build/icyphy/ptII/ptolemy/actor/lib/test/auto/Expression12.xml (RunModel)" time="0.014" />
  <testcase classname="ptolemy.util.test.junit.AutoTests" name="[154] /home/travis/build/icyphy/ptII/ptolemy/actor/lib/test/auto/Expression13.xml (RunModel)" time="0.011" />
  <testcase classname="ptolemy.util.test.junit.AutoTests" name="[155] /home/travis/build/icyphy/ptII/ptolemy/actor/lib/test/auto/Expression14.xml (RunModel)" time="0.02" />
  <testcase classname="ptolemy.util.test.junit.AutoTests" name="[156] /home/travis/build/icyphy/ptII/ptolemy/actor/lib/test/auto/Expression15.xml (RunModel)" time="0.008" />
  <testcase classname="ptolemy.util.test.junit.AutoTests" name="[157] /home/travis/build/icyphy/ptII/ptolemy/actor/lib/test/auto/Expression16.xml (RunModel)" time="0.015" />
  <testcase classname="ptolemy.util.test.junit.AutoTests" name="[158] /home/travis/build/icyphy/ptII/ptolemy/actor/lib/test/auto/Expression17.xml (RunModel)" time="0.011" />
  <testcase classname="ptolemy.util.test.junit.AutoTests" name="[159] /home/travis/build/icyphy/ptII/ptolemy/actor/lib/test/auto/Expression18.xml (RunModel)" time="0.017" />
  <testcase classname="ptolemy.util.test.junit.AutoTests" name="[160] /home/travis/build/icyphy/ptII/ptolemy/actor/lib/test/auto/Expression2.xml (RunModel)" time="0.012" />
  <testcase classname="ptolemy.util.test.junit.AutoTests" name="[161] /home/travis/build/icyphy/ptII/ptolemy/actor/lib/test/auto/Expression3.xml (RunModel)" time="0.013" />
  <testcase classname="ptolemy.util.test.junit.AutoTests" name="[162] /home/travis/build/icyphy/ptII/ptolemy/actor/lib/test/auto/Expression4.xml (RunModel)" time="0.019" />
  <testcase classname="ptolemy.util.test.junit.AutoTests" name="[163] /home/travis/build/icyphy/ptII/ptolemy/actor/lib/test/auto/Expression5.xml (RunModel)" time="0.014" />
  <testcase classname="ptolemy.util.test.junit.AutoTests" name="[164] /home/travis/build/icyphy/ptII/ptolemy/actor/lib/test/auto/Expression6.xml (RunModel)" time="0.009" />
  <testcase classname="ptolemy.util.test.junit.AutoTests" name="[165] /home/travis/build/icyphy/ptII/ptolemy/actor/lib/test/auto/Expression7.xml (RunModel)" time="0.011" />
  <testcase classname="ptolemy.util.test.junit.AutoTests" name="[166] /home/travis/build/icyphy/ptII/ptolemy/actor/lib/test/auto/Expression8.xml (RunModel)" time="0.018" />
  <testcase classname="ptolemy.util.test.junit.AutoTests" name="[167] /home/travis/build/icyphy/ptII/ptolemy/actor/lib/test/auto/Expression9.xml (RunModel)" time="0.009" />
  <testcase classname="ptolemy.util.test.junit.AutoTests" name="[168] /home/travis/build/icyphy/ptII/ptolemy/actor/lib/test/auto/ExpressionConcatenateArrayType.xml (RunModel)" time="0.027" />
  <testcase classname="ptolemy.util.test.junit.AutoTests" name="[169] /home/travis/build/icyphy/ptII/ptolemy/actor/lib/test/auto/ExpressionConcatenateArrayType2.xml (RunModel)" time="0.024" />
  <testcase classname="ptolemy.util.test.junit.AutoTests" name="[170] /home/travis/build/icyphy/ptII/ptolemy/actor/lib/test/auto/ExpressionFix.xml (RunModel)" time="0.043" />
  <testcase classname="ptolemy.util.test.junit.AutoTests" name="[171] /home/travis/build/icyphy/ptII/ptolemy/actor/lib/test/auto/ExpressionFix2.xml (RunModel)" time="0.018" />
  <testcase classname="ptolemy.util.test.junit.AutoTests" name="[172] /home/travis/build/icyphy/ptII/ptolemy/actor/lib/test/auto/ExpressionFix3.xml (RunModel)" time="0.013" />
  <testcase classname="ptolemy.util.test.junit.AutoTests" name="[173] /home/travis/build/icyphy/ptII/ptolemy/actor/lib/test/auto/FileWriter1.xml (RunModel)" time="0.008" />
  <testcase classname="ptolemy.util.test.junit.AutoTests" name="[174] /home/travis/build/icyphy/ptII/ptolemy/actor/lib/test/auto/FileWriter2.xml (RunModel)" time="0.011" />
  <testcase classname="ptolemy.util.test.junit.AutoTests" name="[175] /home/travis/build/icyphy/ptII/ptolemy/actor/lib/test/auto/FileWriter3.xml (RunModel)" time="0.016" />
  <testcase classname="ptolemy.util.test.junit.AutoTests" name="[176] /home/travis/build/icyphy/ptII/ptolemy/actor/lib/test/auto/Gaussian.xml (RunModel)" time="0.013" />
  <testcase classname="ptolemy.util.test.junit.AutoTests" name="[177] /home/travis/build/icyphy/ptII/ptolemy/actor/lib/test/auto/Gaussian1.xml (RunModel)" time="0.022" />
  <testcase classname="ptolemy.util.test.junit.AutoTests" name="[178] /home/travis/build/icyphy/ptII/ptolemy/actor/lib/test/auto/Gaussian2.xml (RunModel)" time="0.02" />
  <testcase classname="ptolemy.util.test.junit.AutoTests" name="[179] /home/travis/build/icyphy/ptII/ptolemy/actor/lib/test/auto/GradientAdaptiveLattice.xml (RunModel)" time="0.018" />
  <testcase classname="ptolemy.util.test.junit.AutoTests" name="[180] /home/travis/build/icyphy/ptII/ptolemy/actor/lib/test/auto/IIR.xml (RunModel)" time="0.011" />
  <testcase classname="ptolemy.util.test.junit.AutoTests" name="[181] /home/travis/build/icyphy/ptII/ptolemy/actor/lib/test/auto/InputOutputTransparentPorts.xml (RunModel)" time="0.022" />
  <testcase classname="ptolemy.util.test.junit.AutoTests" name="[182] /home/travis/build/icyphy/ptII/ptolemy/actor/lib/test/auto/Interpolator.xml (RunModel)" time="0.017" />
  <testcase classname="ptolemy.util.test.junit.AutoTests" name="[183] /home/travis/build/icyphy/ptII/ptolemy/actor/lib/test/auto/InterpolatorFiringLimitDE.xml (RunModel)" time="0.016" />
  <testcase classname="ptolemy.util.test.junit.AutoTests" name="[184] /home/travis/build/icyphy/ptII/ptolemy/actor/lib/test/auto/Lattice.xml (RunModel)" time="0.009" />
  <testcase classname="ptolemy.util.test.junit.AutoTests" name="[185] /home/travis/build/icyphy/ptII/ptolemy/actor/lib/test/auto/LazyAOCTestLazy.xml (RunModel)" time="0.032" />
  <testcase classname="ptolemy.util.test.junit.AutoTests" name="[186] /home/travis/build/icyphy/ptII/ptolemy/actor/lib/test/auto/LazyAOCTestNonLazy.xml (RunModel)" time="0.051" />
  <testcase classname="ptolemy.util.test.junit.AutoTests" name="[187] /home/travis/build/icyphy/ptII/ptolemy/actor/lib/test/auto/LazyInnerClass.xml (RunModel)" time="0.049" />
  <testcase classname="ptolemy.util.test.junit.AutoTests" name="[188] /home/travis/build/icyphy/ptII/ptolemy/actor/lib/test/auto/LazyPubSub.xml (RunModel)" time="0.071" />
  <testcase classname="ptolemy.util.test.junit.AutoTests" name="[189] /home/travis/build/icyphy/ptII/ptolemy/actor/lib/test/auto/LazyPubSub2.xml (RunModel)" time="0.034" />
  <testcase classname="ptolemy.util.test.junit.AutoTests" name="[190] /home/travis/build/icyphy/ptII/ptolemy/actor/lib/test/auto/LazyPubSub3.xml (RunModel)" time="0.03" />
  <testcase classname="ptolemy.util.test.junit.AutoTests" name="[191] /home/travis/build/icyphy/ptII/ptolemy/actor/lib/test/auto/LazySubClassModel.xml (RunModel)" time="0.023" />
  <testcase classname="ptolemy.util.test.junit.AutoTests" name="[192] /home/travis/build/icyphy/ptII/ptolemy/actor/lib/test/auto/LevelCrossTest1.xml (RunModel)" time="0.011" />
  <testcase classname="ptolemy.util.test.junit.AutoTests" name="[193] /home/travis/build/icyphy/ptII/ptolemy/actor/lib/test/auto/LevelCrossTest10.xml (RunModel)" time="0.014" />
  <testcase classname="ptolemy.util.test.junit.AutoTests" name="[194] /home/travis/build/icyphy/ptII/ptolemy/actor/lib/test/auto/LevelCrossTest11.xml (RunModel)" time="0.015" />
  <testcase classname="ptolemy.util.test.junit.AutoTests" name="[195] /home/travis/build/icyphy/ptII/ptolemy/actor/lib/test/auto/LevelCrossTest12.xml (RunModel)" time="0.019" />
  <testcase classname="ptolemy.util.test.junit.AutoTests" name="[196] /home/travis/build/icyphy/ptII/ptolemy/actor/lib/test/auto/LevelCrossTest13.xml (RunModel)" time="0.014" />
  <testcase classname="ptolemy.util.test.junit.AutoTests" name="[197] /home/travis/build/icyphy/ptII/ptolemy/actor/lib/test/auto/LevelCrossTest2.xml (RunModel)" time="0.011" />
  <testcase classname="ptolemy.util.test.junit.AutoTests" name="[198] /home/travis/build/icyphy/ptII/ptolemy/actor/lib/test/auto/LevelCrossTest3.xml (RunModel)" time="0.012" />
  <testcase classname="ptolemy.util.test.junit.AutoTests" name="[199] /home/travis/build/icyphy/ptII/ptolemy/actor/lib/test/auto/LevelCrossTest4.xml (RunModel)" time="0.011" />
  <testcase classname="ptolemy.util.test.junit.AutoTests" name="[200] /home/travis/build/icyphy/ptII/ptolemy/actor/lib/test/auto/LevelCrossTest5.xml (RunModel)" time="0.014" />
  <testcase classname="ptolemy.util.test.junit.AutoTests" name="[201] /home/travis/build/icyphy/ptII/ptolemy/actor/lib/test/auto/LevelCrossTest6.xml (RunModel)" time="0.016" />
  <testcase classname="ptolemy.util.test.junit.AutoTests" name="[202] /home/travis/build/icyphy/ptII/ptolemy/actor/lib/test/auto/LevelCrossTest7.xml (RunModel)" time="0.028" />
  <testcase classname="ptolemy.util.test.junit.AutoTests" name="[203] /home/travis/build/icyphy/ptII/ptolemy/actor/lib/test/auto/LevelCrossTest8.xml (RunModel)" time="0.019" />
  <testcase classname="ptolemy.util.test.junit.AutoTests" name="[204] /home/travis/build/icyphy/ptII/ptolemy/actor/lib/test/auto/LevelCrossTest9.xml (RunModel)" time="0.014" />
  <testcase classname="ptolemy.util.test.junit.AutoTests" name="[205] /home/travis/build/icyphy/ptII/ptolemy/actor/lib/test/auto/LevinsonDurbin.xml (RunModel)" time="0.01" />
  <testcase classname="ptolemy.util.test.junit.AutoTests" name="[206] /home/travis/build/icyphy/ptII/ptolemy/actor/lib/test/auto/LevinsonDurbin2.xml (RunModel)" time="0.007" />
  <testcase classname="ptolemy.util.test.junit.AutoTests" name="[207] /home/travis/build/icyphy/ptII/ptolemy/actor/lib/test/auto/LevinsonDurbin3.xml (RunModel)" time="0.013" />
  <testcase classname="ptolemy.util.test.junit.AutoTests" name="[208] /home/travis/build/icyphy/ptII/ptolemy/actor/lib/test/auto/Limiter.xml (RunModel)" time="0.047" />
  <testcase classname="ptolemy.util.test.junit.AutoTests" name="[209] /home/travis/build/icyphy/ptII/ptolemy/actor/lib/test/auto/LinearDifferenceEquationSystem.xml (RunModel)" time="0.031" />
  <testcase classname="ptolemy.util.test.junit.AutoTests" name="[210] /home/travis/build/icyphy/ptII/ptolemy/actor/lib/test/auto/LookupTable.xml (RunModel)" time="0.011" />
  <testcase classname="ptolemy.util.test.junit.AutoTests" name="[211] /home/travis/build/icyphy/ptII/ptolemy/actor/lib/test/auto/MathFunction.xml (RunModel)" time="0.02" />
  <testcase classname="ptolemy.util.test.junit.AutoTests" name="[212] /home/travis/build/icyphy/ptII/ptolemy/actor/lib/test/auto/MathFunction2.xml (RunModel)" time="0.01" />
  <testcase classname="ptolemy.util.test.junit.AutoTests" name="[213] /home/travis/build/icyphy/ptII/ptolemy/actor/lib/test/auto/MathFunction3.xml (RunModel)" time="0.024" />
  <testcase classname="ptolemy.util.test.junit.AutoTests" name="[214] /home/travis/build/icyphy/ptII/ptolemy/actor/lib/test/auto/MatrixCropBoolean.xml (RunModel)" time="0.016" />
  <testcase classname="ptolemy.util.test.junit.AutoTests" name="[215] /home/travis/build/icyphy/ptII/ptolemy/actor/lib/test/auto/MatrixCropComplex.xml (RunModel)" time="0.011" />
  <testcase classname="ptolemy.util.test.junit.AutoTests" name="[216] /home/travis/build/icyphy/ptII/ptolemy/actor/lib/test/auto/MatrixCropDouble.xml (RunModel)" time="0.009" />
  <testcase classname="ptolemy.util.test.junit.AutoTests" name="[217] /home/travis/build/icyphy/ptII/ptolemy/actor/lib/test/auto/MatrixCropFix.xml (RunModel)" time="0.013" />
  <testcase classname="ptolemy.util.test.junit.AutoTests" name="[218] /home/travis/build/icyphy/ptII/ptolemy/actor/lib/test/auto/MatrixCropInt.xml (RunModel)" time="0.009" />
  <testcase classname="ptolemy.util.test.junit.AutoTests" name="[219] /home/travis/build/icyphy/ptII/ptolemy/actor/lib/test/auto/MatrixCropLong.xml (RunModel)" time="0.008" />
  <testcase classname="ptolemy.util.test.junit.AutoTests" name="[220] /home/travis/build/icyphy/ptII/ptolemy/actor/lib/test/auto/MatrixToArray.xml (RunModel)" time="0.058" />
  <testcase classname="ptolemy.util.test.junit.AutoTests" name="[221] /home/travis/build/icyphy/ptII/ptolemy/actor/lib/test/auto/MaxIndex.xml (RunModel)" time="0.017" />
  <testcase classname="ptolemy.util.test.junit.AutoTests" name="[222] /home/travis/build/icyphy/ptII/ptolemy/actor/lib/test/auto/Maximum.xml (RunModel)" time="0.023" />
  <testcase classname="ptolemy.util.test.junit.AutoTests" name="[223] /home/travis/build/icyphy/ptII/ptolemy/actor/lib/test/auto/MaximumComplex.xml (RunModel)" time="0.019" />
  <testcase classname="ptolemy.util.test.junit.AutoTests" name="[224] /home/travis/build/icyphy/ptII/ptolemy/actor/lib/test/auto/MethodCallTest.xml (RunModel)" time="0.023" />
  <testcase classname="ptolemy.util.test.junit.AutoTests" name="[225] /home/travis/build/icyphy/ptII/ptolemy/actor/lib/test/auto/Minimum.xml (RunModel)" time="0.015" />
  <testcase classname="ptolemy.util.test.junit.AutoTests" name="[226] /home/travis/build/icyphy/ptII/ptolemy/actor/lib/test/auto/MinimumComplex.xml (RunModel)" time="0.028" />
  <testcase classname="ptolemy.util.test.junit.AutoTests" name="[227] /home/travis/build/icyphy/ptII/ptolemy/actor/lib/test/auto/MinimumMultiports.xml (RunModel)" time="0.031" />
  <testcase classname="ptolemy.util.test.junit.AutoTests" name="[228] /home/travis/build/icyphy/ptII/ptolemy/actor/lib/test/auto/ModifyDate.xml (RunModel)" time="0.048" />
  <testcase classname="ptolemy.util.test.junit.AutoTests" name="[229] /home/travis/build/icyphy/ptII/ptolemy/actor/lib/test/auto/ModifyDate2.xml (RunModel)" time="0.033" />
  <testcase classname="ptolemy.util.test.junit.AutoTests" name="[230] /home/travis/build/icyphy/ptII/ptolemy/actor/lib/test/auto/MovingAverage.xml (RunModel)" time="0.012" />
  <testcase classname="ptolemy.util.test.junit.AutoTests" name="[231] /home/travis/build/icyphy/ptII/ptolemy/actor/lib/test/auto/MovingMaximum.xml (RunModel)" time="0.011" />
  <testcase classname="ptolemy.util.test.junit.AutoTests" name="[232] /home/travis/build/icyphy/ptII/ptolemy/actor/lib/test/auto/MultipleLinksToSameRelation.xml (RunModel)" time="0.01" />
  <testcase classname="ptolemy.util.test.junit.AutoTests" name="[233] /home/travis/build/icyphy/ptII/ptolemy/actor/lib/test/auto/MultipleLinksToSameRelationDE.xml (RunModel)" time="0.011" />
  <testcase classname="ptolemy.util.test.junit.AutoTests" name="[234] /home/travis/build/icyphy/ptII/ptolemy/actor/lib/test/auto/Multiplexor.xml (RunModel)" time="0.012" />
  <testcase classname="ptolemy.util.test.junit.AutoTests" name="[235] /home/travis/build/icyphy/ptII/ptolemy/actor/lib/test/auto/Multiplexor1.xml (RunModel)" time="0.01" />
  <testcase classname="ptolemy.util.test.junit.AutoTests" name="[236] /home/travis/build/icyphy/ptII/ptolemy/actor/lib/test/auto/Multiplexor2.xml (RunModel)" time="0.016" />
  <testcase classname="ptolemy.util.test.junit.AutoTests" name="[237] /home/travis/build/icyphy/ptII/ptolemy/actor/lib/test/auto/Multiplexor3.xml (RunModel)" time="0.01" />
  <testcase classname="ptolemy.util.test.junit.AutoTests" name="[238] /home/travis/build/icyphy/ptII/ptolemy/actor/lib/test/auto/MultiplexorDE.xml (RunModel)" time="0.019" />
  <testcase classname="ptolemy.util.test.junit.AutoTests" name="[239] /home/travis/build/icyphy/ptII/ptolemy/actor/lib/test/auto/MultiportBroadcastTest.xml (RunModel)" time="0.103" />
  <testcase classname="ptolemy.util.test.junit.AutoTests" name="[240] /home/travis/build/icyphy/ptII/ptolemy/actor/lib/test/auto/MultiportOutHangDuringGetWidth.xml (RunModel)" time="0.035" />
  <testcase classname="ptolemy.util.test.junit.AutoTests" name="[241] /home/travis/build/icyphy/ptII/ptolemy/actor/lib/test/auto/NilToken.xml (RunModel)" time="0.012" />
  <testcase classname="ptolemy.util.test.junit.AutoTests" name="[242] /home/travis/build/icyphy/ptII/ptolemy/actor/lib/test/auto/NilTokenNonStrictTest.xml (RunModel)" time="0.012" />
  <testcase classname="ptolemy.util.test.junit.AutoTests" name="[243] /home/travis/build/icyphy/ptII/ptolemy/actor/lib/test/auto/NilTokenRecord.xml (RunModel)" time="0.021" />
  <testcase classname="ptolemy.util.test.junit.AutoTests" name="[244] /home/travis/build/icyphy/ptII/ptolemy/actor/lib/test/auto/NilTokenTypeTest.xml (RunModel)" time="0.048" />
  <testcase classname="ptolemy.util.test.junit.AutoTests" name="[245] /home/travis/build/icyphy/ptII/ptolemy/actor/lib/test/auto/ObjectToken1.xml (RunModel)" time="0.013" />
  <testcase classname="ptolemy.util.test.junit.AutoTests" name="[246] /home/travis/build/icyphy/ptII/ptolemy/actor/lib/test/auto/OrderedMerge.xml (RunModel)" time="0.02" />
  <testcase classname="ptolemy.util.test.junit.AutoTests" name="[247] /home/travis/build/icyphy/ptII/ptolemy/actor/lib/test/auto/OrderedRecordDisassembler.xml (RunModel)" time="0.02" />
  <testcase classname="ptolemy.util.test.junit.AutoTests" name="[248] /home/travis/build/icyphy/ptII/ptolemy/actor/lib/test/auto/OrderedRecordDisassembler2.xml (RunModel)" time="0.022" />
  <testcase classname="ptolemy.util.test.junit.AutoTests" name="[249] /home/travis/build/icyphy/ptII/ptolemy/actor/lib/test/auto/OrderedRecordUpdater.xml (RunModel)" time="0.009" />
  <testcase classname="ptolemy.util.test.junit.AutoTests" name="[250] /home/travis/build/icyphy/ptII/ptolemy/actor/lib/test/auto/OrderedRecordUpdater2.xml (RunModel)" time="0.021" />
  <testcase classname="ptolemy.util.test.junit.AutoTests" name="[251] /home/travis/build/icyphy/ptII/ptolemy/actor/lib/test/auto/PhaseUnwrap.xml (RunModel)" time="0.013" />
  <testcase classname="ptolemy.util.test.junit.AutoTests" name="[252] /home/travis/build/icyphy/ptII/ptolemy/actor/lib/test/auto/PoissonClock.xml (RunModel)" time="0.013" />
  <testcase classname="ptolemy.util.test.junit.AutoTests" name="[253] /home/travis/build/icyphy/ptII/ptolemy/actor/lib/test/auto/PoissonClock2.xml (RunModel)" time="0.008" />
  <testcase classname="ptolemy.util.test.junit.AutoTests" name="[254] /home/travis/build/icyphy/ptII/ptolemy/actor/lib/test/auto/PoissonClock3.xml (RunModel)" time="0.024" />
  <testcase classname="ptolemy.util.test.junit.AutoTests" name="[255] /home/travis/build/icyphy/ptII/ptolemy/actor/lib/test/auto/PubSubWithInitialTokens.xml (RunModel)" time="0.015" />
  <testcase classname="ptolemy.util.test.junit.AutoTests" name="[256] /home/travis/build/icyphy/ptII/ptolemy/actor/lib/test/auto/PubSubWithInitialTokens2.xml (RunModel)" time="0.012" />
  <testcase classname="ptolemy.util.test.junit.AutoTests" name="[257] /home/travis/build/icyphy/ptII/ptolemy/actor/lib/test/auto/PublisherClassNoParameter.xml (RunModel)" time="0.024" />
  <testcase classname="ptolemy.util.test.junit.AutoTests" name="[258] /home/travis/build/icyphy/ptII/ptolemy/actor/lib/test/auto/PublisherClassParameter.xml (RunModel)" time="0.02" />
  <testcase classname="ptolemy.util.test.junit.AutoTests" name="[259] /home/travis/build/icyphy/ptII/ptolemy/actor/lib/test/auto/PublisherNonStrictTest.xml (RunModel)" time="0.019" />
  <testcase classname="ptolemy.util.test.junit.AutoTests" name="[260] /home/travis/build/icyphy/ptII/ptolemy/actor/lib/test/auto/PublisherPort1.xml (RunModel)" time="0.01" />
  <testcase classname="ptolemy.util.test.junit.AutoTests" name="[261] /home/travis/build/icyphy/ptII/ptolemy/actor/lib/test/auto/PublisherPort2.xml (RunModel)" time="0.008" />
  <testcase classname="ptolemy.util.test.junit.AutoTests" name="[262] /home/travis/build/icyphy/ptII/ptolemy/actor/lib/test/auto/PublisherPort3.xml (RunModel)" time="0.018" />
  <testcase classname="ptolemy.util.test.junit.AutoTests" name="[263] /home/travis/build/icyphy/ptII/ptolemy/actor/lib/test/auto/PublisherPort4.xml (RunModel)" time="0.016" />
  <testcase classname="ptolemy.util.test.junit.AutoTests" name="[264] /home/travis/build/icyphy/ptII/ptolemy/actor/lib/test/auto/PublisherPort5.xml (RunModel)" time="0.014" />
  <testcase classname="ptolemy.util.test.junit.AutoTests" name="[265] /home/travis/build/icyphy/ptII/ptolemy/actor/lib/test/auto/PublisherPort5LookAlike.xml (RunModel)" time="0.019" />
  <testcase classname="ptolemy.util.test.junit.AutoTests" name="[266] /home/travis/build/icyphy/ptII/ptolemy/actor/lib/test/auto/PublisherPort6.xml (RunModel)" time="0.012" />
  <testcase classname="ptolemy.util.test.junit.AutoTests" name="[267] /home/travis/build/icyphy/ptII/ptolemy/actor/lib/test/auto/PublisherPort7.xml (RunModel)" time="0.014" />
  <testcase classname="ptolemy.util.test.junit.AutoTests" name="[268] /home/travis/build/icyphy/ptII/ptolemy/actor/lib/test/auto/PublisherPort8.xml (RunModel)" time="0.017" />
  <testcase classname="ptolemy.util.test.junit.AutoTests" name="[269] /home/travis/build/icyphy/ptII/ptolemy/actor/lib/test/auto/PublisherPortSubscriberChannelVariablesAOC2.xml (RunModel)" time="0.045" />
  <testcase classname="ptolemy.util.test.junit.AutoTests" name="[270] /home/travis/build/icyphy/ptII/ptolemy/actor/lib/test/auto/PublisherPortSubscriberOpaqueWidthInference.xml (RunModel)" time="0.018" />
  <testcase classname="ptolemy.util.test.junit.AutoTests" name="[271] /home/travis/build/icyphy/ptII/ptolemy/actor/lib/test/auto/PublisherPortSubscriberPortAdjacent.xml (RunModel)" time="0.019" />
  <testcase classname="ptolemy.util.test.junit.AutoTests" name="[272] /home/travis/build/icyphy/ptII/ptolemy/actor/lib/test/auto/PublisherPortSubscriberPortExpression.xml (RunModel)" time="0.017" />
  <testcase classname="ptolemy.util.test.junit.AutoTests" name="[273] /home/travis/build/icyphy/ptII/ptolemy/actor/lib/test/auto/PublisherPortSubscriberPortOpaqueD3Reverse.xml (RunModel)" time="0.021" />
  <testcase classname="ptolemy.util.test.junit.AutoTests" name="[274] /home/travis/build/icyphy/ptII/ptolemy/actor/lib/test/auto/PublisherPortSubscriberPortOpaqueWidthInference.xml (RunModel)" time="0.015" />
  <testcase classname="ptolemy.util.test.junit.AutoTests" name="[275] /home/travis/build/icyphy/ptII/ptolemy/actor/lib/test/auto/PublisherPortToplevelSubscriberPortAOC.xml (RunModel)" time="0.011" />
  <testcase classname="ptolemy.util.test.junit.AutoTests" name="[276] /home/travis/build/icyphy/ptII/ptolemy/actor/lib/test/auto/PublisherSubscriber.xml (RunModel)" time="0.014" />
  <testcase classname="ptolemy.util.test.junit.AutoTests" name="[277] /home/travis/build/icyphy/ptII/ptolemy/actor/lib/test/auto/PublisherSubscriber10.xml (RunModel)" time="0.024" />
  <testcase classname="ptolemy.util.test.junit.AutoTests" name="[278] /home/travis/build/icyphy/ptII/ptolemy/actor/lib/test/auto/PublisherSubscriber10InitialOutputs.xml (RunModel)" time="0.032" />
  <testcase classname="ptolemy.util.test.junit.AutoTests" name="[279] /home/travis/build/icyphy/ptII/ptolemy/actor/lib/test/auto/PublisherSubscriber11.xml (RunModel)" time="0.014" />
  <testcase classname="ptolemy.util.test.junit.AutoTests" name="[280] /home/travis/build/icyphy/ptII/ptolemy/actor/lib/test/auto/PublisherSubscriber12.xml (RunModel)" time="0.015" />
  <testcase classname="ptolemy.util.test.junit.AutoTests" name="[281] /home/travis/build/icyphy/ptII/ptolemy/actor/lib/test/auto/PublisherSubscriber13.xml (RunModel)" time="0.012" />
  <testcase classname="ptolemy.util.test.junit.AutoTests" name="[282] /home/travis/build/icyphy/ptII/ptolemy/actor/lib/test/auto/PublisherSubscriber14.xml (RunModel)" time="0.022" />
  <testcase classname="ptolemy.util.test.junit.AutoTests" name="[283] /home/travis/build/icyphy/ptII/ptolemy/actor/lib/test/auto/PublisherSubscriber2.xml (RunModel)" time="0.018" />
  <testcase classname="ptolemy.util.test.junit.AutoTests" name="[284] /home/travis/build/icyphy/ptII/ptolemy/actor/lib/test/auto/PublisherSubscriber3.xml (RunModel)" time="0.009" />
  <testcase classname="ptolemy.util.test.junit.AutoTests" name="[285] /home/travis/build/icyphy/ptII/ptolemy/actor/lib/test/auto/PublisherSubscriber4.xml (RunModel)" time="0.009" />
  <testcase classname="ptolemy.util.test.junit.AutoTests" name="[286] /home/travis/build/icyphy/ptII/ptolemy/actor/lib/test/auto/PublisherSubscriber5.xml (RunModel)" time="0.011" />
  <testcase classname="ptolemy.util.test.junit.AutoTests" name="[287] /home/travis/build/icyphy/ptII/ptolemy/actor/lib/test/auto/PublisherSubscriber6.xml (RunModel)" time="0.015" />
  <testcase classname="ptolemy.util.test.junit.AutoTests" name="[288] /home/travis/build/icyphy/ptII/ptolemy/actor/lib/test/auto/PublisherSubscriber7.xml (RunModel)" time="0.044" />
  <testcase classname="ptolemy.util.test.junit.AutoTests" name="[289] /home/travis/build/icyphy/ptII/ptolemy/actor/lib/test/auto/PublisherSubscriber8.xml (RunModel)" time="0.033" />
  <testcase classname="ptolemy.util.test.junit.AutoTests" name="[290] /home/travis/build/icyphy/ptII/ptolemy/actor/lib/test/auto/PublisherSubscriber9.xml (RunModel)" time="0.018" />
  <testcase classname="ptolemy.util.test.junit.AutoTests" name="[291] /home/travis/build/icyphy/ptII/ptolemy/actor/lib/test/auto/PublisherSubscriberAdjacent.xml (RunModel)" time="0.014" />
  <testcase classname="ptolemy.util.test.junit.AutoTests" name="[292] /home/travis/build/icyphy/ptII/ptolemy/actor/lib/test/auto/PublisherSubscriberChannelVariablesAOC2.xml (RunModel)" time="0.025" />
  <testcase classname="ptolemy.util.test.junit.AutoTests" name="[293] /home/travis/build/icyphy/ptII/ptolemy/actor/lib/test/auto/PublisherSubscriberD3.xml (RunModel)" time="0.012" />
  <testcase classname="ptolemy.util.test.junit.AutoTests" name="[294] /home/travis/build/icyphy/ptII/ptolemy/actor/lib/test/auto/PublisherSubscriberD3Reverse.xml (RunModel)" time="0.023" />
  <testcase classname="ptolemy.util.test.junit.AutoTests" name="[295] /home/travis/build/icyphy/ptII/ptolemy/actor/lib/test/auto/PublisherSubscriberExpression.xml (RunModel)" time="0.017" />
  <testcase classname="ptolemy.util.test.junit.AutoTests" name="[296] /home/travis/build/icyphy/ptII/ptolemy/actor/lib/test/auto/PublisherSubscriberOpaque.xml (RunModel)" time="0.031" />
  <testcase classname="ptolemy.util.test.junit.AutoTests" name="[297] /home/travis/build/icyphy/ptII/ptolemy/actor/lib/test/auto/PublisherSubscriberOpaqueD3.xml (RunModel)" time="0.038" />
  <testcase classname="ptolemy.util.test.junit.AutoTests" name="[298] /home/travis/build/icyphy/ptII/ptolemy/actor/lib/test/auto/PublisherSubscriberOpaqueD3Reverse.xml (RunModel)" time="0.021" />
  <testcase classname="ptolemy.util.test.junit.AutoTests" name="[299] /home/travis/build/icyphy/ptII/ptolemy/actor/lib/test/auto/PublisherSubscriberOpaqueWidthInference.xml (RunModel)" time="0.017" />
  <testcase classname="ptolemy.util.test.junit.AutoTests" name="[300] /home/travis/build/icyphy/ptII/ptolemy/actor/lib/test/auto/PublisherTestSubscriber.xml (RunModel)" time="0.015" />
  <testcase classname="ptolemy.util.test.junit.AutoTests" name="[301] /home/travis/build/icyphy/ptII/ptolemy/actor/lib/test/auto/PublisherToplevelSubscriberPortAOC.xml (RunModel)" time="0.011" />
  <testcase classname="ptolemy.util.test.junit.AutoTests" name="[302] /home/travis/build/icyphy/ptII/ptolemy/actor/lib/test/auto/PulseFiringLimitDE.xml (RunModel)" time="0.015" />
  <testcase classname="ptolemy.util.test.junit.AutoTests" name="[303] /home/travis/build/icyphy/ptII/ptolemy/actor/lib/test/auto/Ramp1.xml (RunModel)" time="0.007" />
  <testcase classname="ptolemy.util.test.junit.AutoTests" name="[304] /home/travis/build/icyphy/ptII/ptolemy/actor/lib/test/auto/RampFiringLimitDE.xml (RunModel)" time="0.011" />
  <testcase classname="ptolemy.util.test.junit.AutoTests" name="[305] /home/travis/build/icyphy/ptII/ptolemy/actor/lib/test/auto/RampFiringLimitSDF.xml (RunModel)" time="0.01" />
  <testcase classname="ptolemy.util.test.junit.AutoTests" name="[306] /home/travis/build/icyphy/ptII/ptolemy/actor/lib/test/auto/RandomInteger.xml (RunModel)" time="0.011" />
  <testcase classname="ptolemy.util.test.junit.AutoTests" name="[307] /home/travis/build/icyphy/ptII/ptolemy/actor/lib/test/auto/ReadFile1.xml (RunModel)" time="0.008" />
  <testcase classname="ptolemy.util.test.junit.AutoTests" name="[308] /home/travis/build/icyphy/ptII/ptolemy/actor/lib/test/auto/ReadFile2.xml (RunModel)" time="0.01" />
  <testcase classname="ptolemy.util.test.junit.AutoTests" name="[309] /home/travis/build/icyphy/ptII/ptolemy/actor/lib/test/auto/Reader.xml (RunModel)" time="0.009" />
  <testcase classname="ptolemy.util.test.junit.AutoTests" name="[310] /home/travis/build/icyphy/ptII/ptolemy/actor/lib/test/auto/RecordAssemblerDisplayNameTest.xml (RunModel)" time="3.49" />
  <testcase classname="ptolemy.util.test.junit.AutoTests" name="[311] /home/travis/build/icyphy/ptII/ptolemy/actor/lib/test/auto/RecordAssemblerTypeError.xml (RunModel)" time="0.038" />
  <testcase classname="ptolemy.util.test.junit.AutoTests" name="[312] /home/travis/build/icyphy/ptII/ptolemy/actor/lib/test/auto/RecordDisassember.xml (RunModel)" time="0.009" />
  <testcase classname="ptolemy.util.test.junit.AutoTests" name="[313] /home/travis/build/icyphy/ptII/ptolemy/actor/lib/test/auto/RecordDisassemberDisplayNameTest.xml (RunModel)" time="0.028" />
  <testcase classname="ptolemy.util.test.junit.AutoTests" name="[314] /home/travis/build/icyphy/ptII/ptolemy/actor/lib/test/auto/RecordDisassembler.xml (RunModel)" time="0.012" />
  <testcase classname="ptolemy.util.test.junit.AutoTests" name="[315] /home/travis/build/icyphy/ptII/ptolemy/actor/lib/test/auto/RecordDisassembler2.xml (RunModel)" time="0.011" />
  <testcase classname="ptolemy.util.test.junit.AutoTests" name="[316] /home/travis/build/icyphy/ptII/ptolemy/actor/lib/test/auto/RecordUpdater.xml (RunModel)" time="0.01" />
  <testcase classname="ptolemy.util.test.junit.AutoTests" name="[317] /home/travis/build/icyphy/ptII/ptolemy/actor/lib/test/auto/RecordUpdater2.xml (RunModel)" time="0.009" />
  <testcase classname="ptolemy.util.test.junit.AutoTests" name="[318] /home/travis/build/icyphy/ptII/ptolemy/actor/lib/test/auto/RecursiveLattice.xml (RunModel)" time="0.007" />
  <testcase classname="ptolemy.util.test.junit.AutoTests" name="[319] /home/travis/build/icyphy/ptII/ptolemy/actor/lib/test/auto/Router.xml (RunModel)" time="3.028" />
  <testcase classname="ptolemy.util.test.junit.AutoTests" name="[320] /home/travis/build/icyphy/ptII/ptolemy/actor/lib/test/auto/Router2.xml (RunModel)" time="3.03" />
  <testcase classname="ptolemy.util.test.junit.AutoTests" name="[321] /home/travis/build/icyphy/ptII/ptolemy/actor/lib/test/auto/RunningMaximum.xml (RunModel)" time="0.019" />
  <testcase classname="ptolemy.util.test.junit.AutoTests" name="[322] /home/travis/build/icyphy/ptII/ptolemy/actor/lib/test/auto/RunningMinimum.xml (RunModel)" time="0.02" />
  <testcase classname="ptolemy.util.test.junit.AutoTests" name="[323] /home/travis/build/icyphy/ptII/ptolemy/actor/lib/test/auto/Scale.xml (RunModel)" time="0.01" />
  <testcase classname="ptolemy.util.test.junit.AutoTests" name="[324] /home/travis/build/icyphy/ptII/ptolemy/actor/lib/test/auto/Scale2.xml (RunModel)" time="0.009" />
  <testcase classname="ptolemy.util.test.junit.AutoTests" name="[325] /home/travis/build/icyphy/ptII/ptolemy/actor/lib/test/auto/Scale3.xml (RunModel)" time="0.014" />
  <testcase classname="ptolemy.util.test.junit.AutoTests" name="[326] /home/travis/build/icyphy/ptII/ptolemy/actor/lib/test/auto/ScaleArray.xml (RunModel)" time="0.007" />
  <testcase classname="ptolemy.util.test.junit.AutoTests" name="[327] /home/travis/build/icyphy/ptII/ptolemy/actor/lib/test/auto/ScaleArray2.xml (RunModel)" time="0.008" />
  <testcase classname="ptolemy.util.test.junit.AutoTests" name="[328] /home/travis/build/icyphy/ptII/ptolemy/actor/lib/test/auto/ScaleMatrix.xml (RunModel)" time="0.157" />
  <testcase classname="ptolemy.util.test.junit.AutoTests" name="[329] /home/travis/build/icyphy/ptII/ptolemy/actor/lib/test/auto/Select.xml (RunModel)" time="0.018" />
  <testcase classname="ptolemy.util.test.junit.AutoTests" name="[330] /home/travis/build/icyphy/ptII/ptolemy/actor/lib/test/auto/Select2.xml (RunModel)" time="0.009" />
  <testcase classname="ptolemy.util.test.junit.AutoTests" name="[331] /home/travis/build/icyphy/ptII/ptolemy/actor/lib/test/auto/SequenceToArray2.xml (RunModel)" time="0.099" />
  <testcase classname="ptolemy.util.test.junit.AutoTests" name="[332] /home/travis/build/icyphy/ptII/ptolemy/actor/lib/test/auto/SequentialClock.xml (RunModel)" time="0.014" />
  <testcase classname="ptolemy.util.test.junit.AutoTests" name="[333] /home/travis/build/icyphy/ptII/ptolemy/actor/lib/test/auto/SetVariable.xml (RunModel)" time="0.013" />
  <testcase classname="ptolemy.util.test.junit.AutoTests" name="[334] /home/travis/build/icyphy/ptII/ptolemy/actor/lib/test/auto/SetVariable2.xml (RunModel)" time="0.009" />
  <testcase classname="ptolemy.util.test.junit.AutoTests" name="[335] /home/travis/build/icyphy/ptII/ptolemy/actor/lib/test/auto/SetVariable3.xml (RunModel)" time="0.021" />
  <testcase classname="ptolemy.util.test.junit.AutoTests" name="[336] /home/travis/build/icyphy/ptII/ptolemy/actor/lib/test/auto/SetVariable4.xml (RunModel)" time="0.029" />
  <testcase classname="ptolemy.util.test.junit.AutoTests" name="[337] /home/travis/build/icyphy/ptII/ptolemy/actor/lib/test/auto/SetVariable5.xml (RunModel)" time="0.036" />
  <testcase classname="ptolemy.util.test.junit.AutoTests" name="[338] /home/travis/build/icyphy/ptII/ptolemy/actor/lib/test/auto/Sinewave.xml (RunModel)" time="0.025" />
  <testcase classname="ptolemy.util.test.junit.AutoTests" name="[339] /home/travis/build/icyphy/ptII/ptolemy/actor/lib/test/auto/Sinewave2.xml (RunModel)" time="0.017" />
  <testcase classname="ptolemy.util.test.junit.AutoTests" name="[340] /home/travis/build/icyphy/ptII/ptolemy/actor/lib/test/auto/Sinewave3.xml (RunModel)" time="0.021" />
  <testcase classname="ptolemy.util.test.junit.AutoTests" name="[341] /home/travis/build/icyphy/ptII/ptolemy/actor/lib/test/auto/SingleEvent.xml (RunModel)" time="0.007" />
  <testcase classname="ptolemy.util.test.junit.AutoTests" name="[342] /home/travis/build/icyphy/ptII/ptolemy/actor/lib/test/auto/Sleep.xml (RunModel)" time="6.015" />
  <testcase classname="ptolemy.util.test.junit.AutoTests" name="[343] /home/travis/build/icyphy/ptII/ptolemy/actor/lib/test/auto/SleepMultipleFire.xml (RunModel)" time="1.022" />
  <testcase classname="ptolemy.util.test.junit.AutoTests" name="[344] /home/travis/build/icyphy/ptII/ptolemy/actor/lib/test/auto/StopDE.xml (RunModel)" time="0.016" />
  <testcase classname="ptolemy.util.test.junit.AutoTests" name="[345] /home/travis/build/icyphy/ptII/ptolemy/actor/lib/test/auto/StopSDF.xml (RunModel)" time="0.011" />
  <testcase classname="ptolemy.util.test.junit.AutoTests" name="[346] /home/travis/build/icyphy/ptII/ptolemy/actor/lib/test/auto/StringConstant.xml (RunModel)" time="0.017" />
  <testcase classname="ptolemy.util.test.junit.AutoTests" name="[347] /home/travis/build/icyphy/ptII/ptolemy/actor/lib/test/auto/SubscriberPortInitialValues1.xml (RunModel)" time="0.023" />
  <testcase classname="ptolemy.util.test.junit.AutoTests" name="[348] /home/travis/build/icyphy/ptII/ptolemy/actor/lib/test/auto/SubscriberPortInitialValues13.xml (RunModel)" time="0.027" />
  <testcase classname="ptolemy.util.test.junit.AutoTests" name="[349] /home/travis/build/icyphy/ptII/ptolemy/actor/lib/test/auto/SubscriberPortInitialValues14.xml (RunModel)" time="0.014" />
  <testcase classname="ptolemy.util.test.junit.AutoTests" name="[350] /home/travis/build/icyphy/ptII/ptolemy/actor/lib/test/auto/SubscriberPortInitialValues2.xml (RunModel)" time="0.015" />
  <testcase classname="ptolemy.util.test.junit.AutoTests" name="[351] /home/travis/build/icyphy/ptII/ptolemy/actor/lib/test/auto/SubscriberPortInitialValues3.xml (RunModel)" time="0.018" />
  <testcase classname="ptolemy.util.test.junit.AutoTests" name="[352] /home/travis/build/icyphy/ptII/ptolemy/actor/lib/test/auto/SubscriptionAggregator.xml (RunModel)" time="0.011" />
  <testcase classname="ptolemy.util.test.junit.AutoTests" name="[353] /home/travis/build/icyphy/ptII/ptolemy/actor/lib/test/auto/SubscriptionAggregator2.xml (RunModel)" time="0.019" />
  <testcase classname="ptolemy.util.test.junit.AutoTests" name="[354] /home/travis/build/icyphy/ptII/ptolemy/actor/lib/test/auto/SubscriptionAggregator3.xml (RunModel)" time="0.015" />
  <testcase classname="ptolemy.util.test.junit.AutoTests" name="[355] /home/travis/build/icyphy/ptII/ptolemy/actor/lib/test/auto/SubscriptionAggregatorMultiply.xml (RunModel)" time="0.023" />
  <testcase classname="ptolemy.util.test.junit.AutoTests" name="[356] /home/travis/build/icyphy/ptII/ptolemy/actor/lib/test/auto/SubscriptionAggregatorPortMultiply1.xml (RunModel)" time="0.015" />
  <testcase classname="ptolemy.util.test.junit.AutoTests" name="[357] /home/travis/build/icyphy/ptII/ptolemy/actor/lib/test/auto/Switch.xml (RunModel)" time="0.015" />
  <testcase classname="ptolemy.util.test.junit.AutoTests" name="[358] /home/travis/build/icyphy/ptII/ptolemy/actor/lib/test/auto/Switch2.xml (RunModel)" time="0.01" />
  <testcase classname="ptolemy.util.test.junit.AutoTests" name="[359] /home/travis/build/icyphy/ptII/ptolemy/actor/lib/test/auto/SwitchDE.xml (RunModel)" time="0.013" />
  <testcase classname="ptolemy.util.test.junit.AutoTests" name="[360] /home/travis/build/icyphy/ptII/ptolemy/actor/lib/test/auto/SynchronizerDE.xml (RunModel)" time="0.022" />
  <testcase classname="ptolemy.util.test.junit.AutoTests" name="[361] /home/travis/build/icyphy/ptII/ptolemy/actor/lib/test/auto/Test.xml (RunModel)" time="0.015" />
  <testcase classname="ptolemy.util.test.junit.AutoTests" name="[362] /home/travis/build/icyphy/ptII/ptolemy/actor/lib/test/auto/TestExceptionAttribute1.xml (RunModel)" time="0.012" />
  <testcase classname="ptolemy.util.test.junit.AutoTests" name="[363] /home/travis/build/icyphy/ptII/ptolemy/actor/lib/test/auto/TestExceptionAttribute2.xml (RunModel)" time="0.012" />
  <testcase classname="ptolemy.util.test.junit.AutoTests" name="[364] /home/travis/build/icyphy/ptII/ptolemy/actor/lib/test/auto/TestExceptionAttribute3.xml (RunModel)" time="0.006" />
  <testcase classname="ptolemy.util.test.junit.AutoTests" name="[365] /home/travis/build/icyphy/ptII/ptolemy/actor/lib/test/auto/TestExceptionAttribute4.xml (RunModel)" time="0.007" />
  <testcase classname="ptolemy.util.test.junit.AutoTests" name="[366] /home/travis/build/icyphy/ptII/ptolemy/actor/lib/test/auto/TestExceptionHandler1.xml (RunModel)" time="0.006" />
  <testcase classname="ptolemy.util.test.junit.AutoTests" name="[367] /home/travis/build/icyphy/ptII/ptolemy/actor/lib/test/auto/TestExceptionHandler2.xml (RunModel)" time="0.013" />
  <testcase classname="ptolemy.util.test.junit.AutoTests" name="[368] /home/travis/build/icyphy/ptII/ptolemy/actor/lib/test/auto/TestExceptionHandler3.xml (RunModel)" time="0.005" />
  <testcase classname="ptolemy.util.test.junit.AutoTests" name="[369] /home/travis/build/icyphy/ptII/ptolemy/actor/lib/test/auto/TestExceptionHandler4.xml (RunModel)" time="0.006" />
  <testcase classname="ptolemy.util.test.junit.AutoTests" name="[370] /home/travis/build/icyphy/ptII/ptolemy/actor/lib/test/auto/TestRequireCorrectOrder.xml (RunModel)" time="0.01" />
  <testcase classname="ptolemy.util.test.junit.AutoTests" name="[371] /home/travis/build/icyphy/ptII/ptolemy/actor/lib/test/auto/TestSimple.xml (RunModel)" time="0.01" />
  <testcase classname="ptolemy.util.test.junit.AutoTests" name="[372] /home/travis/build/icyphy/ptII/ptolemy/actor/lib/test/auto/ThrowModelError.xml (RunModel)" time="0.01" />
  <testcase classname="ptolemy.util.test.junit.AutoTests" name="[373] /home/travis/build/icyphy/ptII/ptolemy/actor/lib/test/auto/TimeDelayMicrosteps.xml (RunModel)" time="0.015" />
  <testcase classname="ptolemy.util.test.junit.AutoTests" name="[374] /home/travis/build/icyphy/ptII/ptolemy/actor/lib/test/auto/TimeDelayMicrosteps2.xml (RunModel)" time="0.014" />
  <testcase classname="ptolemy.util.test.junit.AutoTests" name="[375] /home/travis/build/icyphy/ptII/ptolemy/actor/lib/test/auto/TimeDelayMicrosteps3.xml (RunModel)" time="0.01" />
  <testcase classname="ptolemy.util.test.junit.AutoTests" name="[376] /home/travis/build/icyphy/ptII/ptolemy/actor/lib/test/auto/TimeDelayVariableMicrosteps.xml (RunModel)" time="0.012" />
  <testcase classname="ptolemy.util.test.junit.AutoTests" name="[377] /home/travis/build/icyphy/ptII/ptolemy/actor/lib/test/auto/TimeGap.xml (RunModel)" time="0.019" />
  <testcase classname="ptolemy.util.test.junit.AutoTests" name="[378] /home/travis/build/icyphy/ptII/ptolemy/actor/lib/test/auto/TimeGap2.xml (RunModel)" time="0.01" />
  <testcase classname="ptolemy.util.test.junit.AutoTests" name="[379] /home/travis/build/icyphy/ptII/ptolemy/actor/lib/test/auto/TimedSinewave.xml (RunModel)" time="0.056" />
  <testcase classname="ptolemy.util.test.junit.AutoTests" name="[380] /home/travis/build/icyphy/ptII/ptolemy/actor/lib/test/auto/TimedSinewavePhase.xml (RunModel)" time="0.032" />
  <testcase classname="ptolemy.util.test.junit.AutoTests" name="[381] /home/travis/build/icyphy/ptII/ptolemy/actor/lib/test/auto/Timer.xml (RunModel)" time="0.017" />
  <testcase classname="ptolemy.util.test.junit.AutoTests" name="[382] /home/travis/build/icyphy/ptII/ptolemy/actor/lib/test/auto/TriangularDistTestModel.xml (RunModel)" time="0.019" />
  <testcase classname="ptolemy.util.test.junit.AutoTests" name="[383] /home/travis/build/icyphy/ptII/ptolemy/actor/lib/test/auto/TrigFunction.xml (RunModel)" time="0.008" />
  <testcase classname="ptolemy.util.test.junit.AutoTests" name="[384] /home/travis/build/icyphy/ptII/ptolemy/actor/lib/test/auto/TrigFunctionDE.xml (RunModel)" time="0.01" />
  <testcase classname="ptolemy.util.test.junit.AutoTests" name="[385] /home/travis/build/icyphy/ptII/ptolemy/actor/lib/test/auto/TrigFunctionInverse.xml (RunModel)" time="0.009" />
  <testcase classname="ptolemy.util.test.junit.AutoTests" name="[386] /home/travis/build/icyphy/ptII/ptolemy/actor/lib/test/auto/TrigFunctionTan.xml (RunModel)" time="0.006" />
  <testcase classname="ptolemy.util.test.junit.AutoTests" name="[387] /home/travis/build/icyphy/ptII/ptolemy/actor/lib/test/auto/TriggeredClock.xml (RunModel)" time="0.008" />
  <testcase classname="ptolemy.util.test.junit.AutoTests" name="[388] /home/travis/build/icyphy/ptII/ptolemy/actor/lib/test/auto/URLDirectoryReader.xml (RunModel)" time="0.113" />
  <testcase classname="ptolemy.util.test.junit.AutoTests" name="[389] /home/travis/build/icyphy/ptII/ptolemy/actor/lib/test/auto/URLDirectoryReader3.xml (RunModel)" time="1.365" />
  <testcase classname="ptolemy.util.test.junit.AutoTests" name="[390] /home/travis/build/icyphy/ptII/ptolemy/actor/lib/test/auto/UnaryMathFunction.xml (RunModel)" time="0.035" />
  <testcase classname="ptolemy.util.test.junit.AutoTests" name="[391] /home/travis/build/icyphy/ptII/ptolemy/actor/lib/test/auto/Uniform.xml (RunModel)" time="0.02" />
  <testcase classname="ptolemy.util.test.junit.AutoTests" name="[392] /home/travis/build/icyphy/ptII/ptolemy/actor/lib/test/auto/UnionDisassemblerTest.xml (RunModel)" time="0.009" />
  <testcase classname="ptolemy.util.test.junit.AutoTests" name="[393] /home/travis/build/icyphy/ptII/ptolemy/actor/lib/test/auto/UtilityFunctions.xml (RunModel)" time="0.007" />
  <testcase classname="ptolemy.util.test.junit.AutoTests" name="[394] /home/travis/build/icyphy/ptII/ptolemy/actor/lib/test/auto/VariableSleep.xml (RunModel)" time="0.512" />
  <testcase classname="ptolemy.util.test.junit.AutoTests" name="[395] /home/travis/build/icyphy/ptII/ptolemy/actor/lib/test/auto/VectorAssemblerDisassemblerCT.xml (RunModel)" time="0.121" />
  <testcase classname="ptolemy.util.test.junit.AutoTests" name="[396] /home/travis/build/icyphy/ptII/ptolemy/actor/lib/test/auto/VectorAssemblerDisassemblerDE.xml (RunModel)" time="0.013" />
  <testcase classname="ptolemy.util.test.junit.AutoTests" name="[397] /home/travis/build/icyphy/ptII/ptolemy/actor/lib/test/auto/VectorAssemblerDisassemblerSDF.xml (RunModel)" time="0.013" />
  <testcase classname="ptolemy.util.test.junit.AutoTests" name="[398] /home/travis/build/icyphy/ptII/ptolemy/actor/lib/test/auto/WallClockTime.xml (RunModel)" time="1.013" />
  <testcase classname="ptolemy.util.test.junit.AutoTests" name="[399] /home/travis/build/icyphy/ptII/ptolemy/actor/lib/test/auto/WidthTestWithSubscriberPublisher.xml (RunModel)" time="0.041" />
  <testcase classname="ptolemy.util.test.junit.AutoTests" name="[400] /home/travis/build/icyphy/ptII/ptolemy/actor/lib/test/auto/WidthTestWithSubscriberPublisher2.xml (RunModel)" time="0.02" />
  <testcase classname="ptolemy.util.test.junit.AutoTests" name="[401] /home/travis/build/icyphy/ptII/ptolemy/actor/lib/test/auto/WidthTestWithSubscriberPublisher3.xml (RunModel)" time="0.011" />
  <testcase classname="ptolemy.util.test.junit.AutoTests" name="[402] /home/travis/build/icyphy/ptII/ptolemy/actor/lib/test/auto/Writer.xml (RunModel)" time="0.008" />
  <testcase classname="ptolemy.util.test.junit.AutoTests" name="[403] /home/travis/build/icyphy/ptII/ptolemy/actor/lib/test/auto/array.xml (RunModel)" time="0.008" />
  <testcase classname="ptolemy.util.test.junit.AutoTests" name="[404] /home/travis/build/icyphy/ptII/ptolemy/actor/lib/test/auto/array2.xml (RunModel)" time="0.013" />
  <testcase classname="ptolemy.util.test.junit.AutoTests" name="[405] /home/travis/build/icyphy/ptII/ptolemy/actor/lib/test/auto/arrayType.xml (RunModel)" time="0.01" />
  <testcase classname="ptolemy.util.test.junit.AutoTests" name="[406] /home/travis/build/icyphy/ptII/ptolemy/actor/lib/test/auto/arrayType10.xml (RunModel)" time="0.009" />
  <testcase classname="ptolemy.util.test.junit.AutoTests" name="[407] /home/travis/build/icyphy/ptII/ptolemy/actor/lib/test/auto/arrayType11.xml (RunModel)" time="0.009" />
  <testcase classname="ptolemy.util.test.junit.AutoTests" name="[408] /home/travis/build/icyphy/ptII/ptolemy/actor/lib/test/auto/arrayType12.xml (RunModel)" time="0.009" />
  <testcase classname="ptolemy.util.test.junit.AutoTests" name="[409] /home/travis/build/icyphy/ptII/ptolemy/actor/lib/test/auto/arrayType13.xml (RunModel)" time="0.009" />
  <testcase classname="ptolemy.util.test.junit.AutoTests" name="[410] /home/travis/build/icyphy/ptII/ptolemy/actor/lib/test/auto/arrayType14.xml (RunModel)" time="0.009" />
  <testcase classname="ptolemy.util.test.junit.AutoTests" name="[411] /home/travis/build/icyphy/ptII/ptolemy/actor/lib/test/auto/arrayType15.xml (RunModel)" time="0.011" />
  <testcase classname="ptolemy.util.test.junit.AutoTests" name="[412] /home/travis/build/icyphy/ptII/ptolemy/actor/lib/test/auto/arrayType16.xml (RunModel)" time="0.008" />
  <testcase classname="ptolemy.util.test.junit.AutoTests" name="[413] /home/travis/build/icyphy/ptII/ptolemy/actor/lib/test/auto/arrayType17.xml (RunModel)" time="0.009" />
  <testcase classname="ptolemy.util.test.junit.AutoTests" name="[414] /home/travis/build/icyphy/ptII/ptolemy/actor/lib/test/auto/arrayType18.xml (RunModel)" time="0.008" />
  <testcase classname="ptolemy.util.test.junit.AutoTests" name="[415] /home/travis/build/icyphy/ptII/ptolemy/actor/lib/test/auto/arrayType19.xml (RunModel)" time="0.009" />
  <testcase classname="ptolemy.util.test.junit.AutoTests" name="[416] /home/travis/build/icyphy/ptII/ptolemy/actor/lib/test/auto/arrayType2.xml (RunModel)" time="0.012" />
  <testcase classname="ptolemy.util.test.junit.AutoTests" name="[417] /home/travis/build/icyphy/ptII/ptolemy/actor/lib/test/auto/arrayType20.xml (RunModel)" time="0.007" />
  <testcase classname="ptolemy.util.test.junit.AutoTests" name="[418] /home/travis/build/icyphy/ptII/ptolemy/actor/lib/test/auto/arrayType21.xml (RunModel)" time="0.008" />
  <testcase classname="ptolemy.util.test.junit.AutoTests" name="[419] /home/travis/build/icyphy/ptII/ptolemy/actor/lib/test/auto/arrayType22.xml (RunModel)" time="0.008" />
  <testcase classname="ptolemy.util.test.junit.AutoTests" name="[420] /home/travis/build/icyphy/ptII/ptolemy/actor/lib/test/auto/arrayType23.xml (RunModel)" time="0.008" />
  <testcase classname="ptolemy.util.test.junit.AutoTests" name="[421] /home/travis/build/icyphy/ptII/ptolemy/actor/lib/test/auto/arrayType24.xml (RunModel)" time="0.009" />
  <testcase classname="ptolemy.util.test.junit.AutoTests" name="[422] /home/travis/build/icyphy/ptII/ptolemy/actor/lib/test/auto/arrayType25.xml (RunModel)" time="0.008" />
  <testcase classname="ptolemy.util.test.junit.AutoTests" name="[423] /home/travis/build/icyphy/ptII/ptolemy/actor/lib/test/auto/arrayType26.xml (RunModel)" time="0.009" />
  <testcase classname="ptolemy.util.test.junit.AutoTests" name="[424] /home/travis/build/icyphy/ptII/ptolemy/actor/lib/test/auto/arrayType27.xml (RunModel)" time="0.008" />
  <testcase classname="ptolemy.util.test.junit.AutoTests" name="[425] /home/travis/build/icyphy/ptII/ptolemy/actor/lib/test/auto/arrayType28.xml (RunModel)" time="0.01" />
  <testcase classname="ptolemy.util.test.junit.AutoTests" name="[426] /home/travis/build/icyphy/ptII/ptolemy/actor/lib/test/auto/arrayType3.xml (RunModel)" time="0.009" />
  <testcase classname="ptolemy.util.test.junit.AutoTests" name="[427] /home/travis/build/icyphy/ptII/ptolemy/actor/lib/test/auto/arrayType4.xml (RunModel)" time="0.009" />
  <testcase classname="ptolemy.util.test.junit.AutoTests" name="[428] /home/travis/build/icyphy/ptII/ptolemy/actor/lib/test/auto/arrayType5.xml (RunModel)" time="0.009" />
  <testcase classname="ptolemy.util.test.junit.AutoTests" name="[429] /home/travis/build/icyphy/ptII/ptolemy/actor/lib/test/auto/arrayType6.xml (RunModel)" time="0.013" />
  <testcase classname="ptolemy.util.test.junit.AutoTests" name="[430] /home/travis/build/icyphy/ptII/ptolemy/actor/lib/test/auto/arrayType7.xml (RunModel)" time="0.021" />
  <testcase classname="ptolemy.util.test.junit.AutoTests" name="[431] /home/travis/build/icyphy/ptII/ptolemy/actor/lib/test/auto/arrayType8.xml (RunModel)" time="0.009" />
  <testcase classname="ptolemy.util.test.junit.AutoTests" name="[432] /home/travis/build/icyphy/ptII/ptolemy/actor/lib/test/auto/arrayType9.xml (RunModel)" time="0.008" />
  <testcase classname="ptolemy.util.test.junit.AutoTests" name="[433] /home/travis/build/icyphy/ptII/ptolemy/actor/lib/test/auto/cast.xml (RunModel)" time="0.008" />
  <testcase classname="ptolemy.util.test.junit.AutoTests" name="[434] /home/travis/build/icyphy/ptII/ptolemy/actor/lib/test/auto/compositeMultiPort.xml (RunModel)" time="0.016" />
  <testcase classname="ptolemy.util.test.junit.AutoTests" name="[435] /home/travis/build/icyphy/ptII/ptolemy/actor/lib/test/auto/expressionCastInference.xml (RunModel)" time="0.008" />
  <testcase classname="ptolemy.util.test.junit.AutoTests" name="[436] /home/travis/build/icyphy/ptII/ptolemy/actor/lib/test/auto/expressionCastInference2.xml (RunModel)" time="0.008" />
  <testcase classname="ptolemy.util.test.junit.AutoTests" name="[437] /home/travis/build/icyphy/ptII/ptolemy/actor/lib/test/auto/expressionInference.xml (RunModel)" time="0.007" />
  <testcase classname="ptolemy.util.test.junit.AutoTests" name="[438] /home/travis/build/icyphy/ptII/ptolemy/actor/lib/test/auto/expression_bug.xml (RunModel)" time="0.007" />
  <testcase classname="ptolemy.util.test.junit.AutoTests" name="[439] /home/travis/build/icyphy/ptII/ptolemy/actor/lib/test/auto/factorial.xml (RunModel)" time="0.047" />
  <testcase classname="ptolemy.util.test.junit.AutoTests" name="[440] /home/travis/build/icyphy/ptII/ptolemy/actor/lib/test/auto/filterTest1.xml (RunModel)" time="0.013" />
  <testcase classname="ptolemy.util.test.junit.AutoTests" name="[441] /home/travis/build/icyphy/ptII/ptolemy/actor/lib/test/auto/funcApplyInConst.xml (RunModel)" time="0.005" />
  <testcase classname="ptolemy.util.test.junit.AutoTests" name="[442] /home/travis/build/icyphy/ptII/ptolemy/actor/lib/test/auto/funcApplyInExpr.xml (RunModel)" time="0.008" />
  <testcase classname="ptolemy.util.test.junit.AutoTests" name="[443] /home/travis/build/icyphy/ptII/ptolemy/actor/lib/test/auto/function.xml (RunModel)" time="0.01" />
  <testcase classname="ptolemy.util.test.junit.AutoTests" name="[444] /home/travis/build/icyphy/ptII/ptolemy/actor/lib/test/auto/function2.xml (RunModel)" time="0.008" />
  <testcase classname="ptolemy.util.test.junit.AutoTests" name="[445] /home/travis/build/icyphy/ptII/ptolemy/actor/lib/test/auto/function3.xml (RunModel)" time="0.006" />
  <testcase classname="ptolemy.util.test.junit.AutoTests" name="[446] /home/travis/build/icyphy/ptII/ptolemy/actor/lib/test/auto/functionClosureTest1.xml (RunModel)" time="0.01" />
  <testcase classname="ptolemy.util.test.junit.AutoTests" name="[447] /home/travis/build/icyphy/ptII/ptolemy/actor/lib/test/auto/functionClosureTest2.xml (RunModel)" time="0.007" />
  <testcase classname="ptolemy.util.test.junit.AutoTests" name="[448] /home/travis/build/icyphy/ptII/ptolemy/actor/lib/test/auto/functionClosureTest3.xml (RunModel)" time="0.037" />
  <testcase classname="ptolemy.util.test.junit.AutoTests" name="[449] /home/travis/build/icyphy/ptII/ptolemy/actor/lib/test/auto/functionClosureTest4.xml (RunModel)" time="0.054" />
  <testcase classname="ptolemy.util.test.junit.AutoTests" name="[450] /home/travis/build/icyphy/ptII/ptolemy/actor/lib/test/auto/functionClosureTest5.xml (RunModel)" time="0.031" />
  <testcase classname="ptolemy.util.test.junit.AutoTests" name="[451] /home/travis/build/icyphy/ptII/ptolemy/actor/lib/test/auto/functionClosureTest6.xml (RunModel)" time="0.044" />
  <testcase classname="ptolemy.util.test.junit.AutoTests" name="[452] /home/travis/build/icyphy/ptII/ptolemy/actor/lib/test/auto/functionsOnArcs.xml (RunModel)" time="0.032" />
  <testcase classname="ptolemy.util.test.junit.AutoTests" name="[453] /home/travis/build/icyphy/ptII/ptolemy/actor/lib/test/auto/functionsOnArcsHOF.xml (RunModel)" time="0.035" />
  <testcase classname="ptolemy.util.test.junit.AutoTests" name="[454] /home/travis/build/icyphy/ptII/ptolemy/actor/lib/test/auto/logic.xml (RunModel)" time="0.03" />
  <testcase classname="ptolemy.util.test.junit.AutoTests" name="[455] /home/travis/build/icyphy/ptII/ptolemy/actor/lib/test/auto/matrixType.xml (RunModel)" time="0.009" />
  <testcase classname="ptolemy.util.test.junit.AutoTests" name="[456] /home/travis/build/icyphy/ptII/ptolemy/actor/lib/test/auto/matrixType10.xml (RunModel)" time="0.009" />
  <testcase classname="ptolemy.util.test.junit.AutoTests" name="[457] /home/travis/build/icyphy/ptII/ptolemy/actor/lib/test/auto/matrixType11.xml (RunModel)" time="0.008" />
  <testcase classname="ptolemy.util.test.junit.AutoTests" name="[458] /home/travis/build/icyphy/ptII/ptolemy/actor/lib/test/auto/matrixType12.xml (RunModel)" time="0.01" />
  <testcase classname="ptolemy.util.test.junit.AutoTests" name="[459] /home/travis/build/icyphy/ptII/ptolemy/actor/lib/test/auto/matrixType13.xml (RunModel)" time="0.007" />
  <testcase classname="ptolemy.util.test.junit.AutoTests" name="[460] /home/travis/build/icyphy/ptII/ptolemy/actor/lib/test/auto/matrixType14.xml (RunModel)" time="0.009" />
  <testcase classname="ptolemy.util.test.junit.AutoTests" name="[461] /home/travis/build/icyphy/ptII/ptolemy/actor/lib/test/auto/matrixType2.xml (RunModel)" time="0.008" />
  <testcase classname="ptolemy.util.test.junit.AutoTests" name="[462] /home/travis/build/icyphy/ptII/ptolemy/actor/lib/test/auto/matrixType3.xml (RunModel)" time="0.009" />
  <testcase classname="ptolemy.util.test.junit.AutoTests" name="[463] /home/travis/build/icyphy/ptII/ptolemy/actor/lib/test/auto/matrixType4.xml (RunModel)" time="0.008" />
  <testcase classname="ptolemy.util.test.junit.AutoTests" name="[464] /home/travis/build/icyphy/ptII/ptolemy/actor/lib/test/auto/matrixType5.xml (RunModel)" time="0.007" />
  <testcase classname="ptolemy.util.test.junit.AutoTests" name="[465] /home/travis/build/icyphy/ptII/ptolemy/actor/lib/test/auto/matrixType6.xml (RunModel)" time="0.007" />
  <testcase classname="ptolemy.util.test.junit.AutoTests" name="[466] /home/travis/build/icyphy/ptII/ptolemy/actor/lib/test/auto/matrixType7.xml (RunModel)" time="0.008" />
  <testcase classname="ptolemy.util.test.junit.AutoTests" name="[467] /home/travis/build/icyphy/ptII/ptolemy/actor/lib/test/auto/matrixType8.xml (RunModel)" time="0.008" />
  <testcase classname="ptolemy.util.test.junit.AutoTests" name="[468] /home/travis/build/icyphy/ptII/ptolemy/actor/lib/test/auto/matrixType9.xml (RunModel)" time="0.007" />
  <testcase classname="ptolemy.util.test.junit.AutoTests" name="[469] /home/travis/build/icyphy/ptII/ptolemy/actor/lib/test/auto/paraFunctest.xml (RunModel)" time="0.008" />
  <testcase classname="ptolemy.util.test.junit.AutoTests" name="[470] /home/travis/build/icyphy/ptII/ptolemy/actor/lib/test/auto/paraFunctest2.xml (RunModel)" time="0.008" />
  <testcase classname="ptolemy.util.test.junit.AutoTests" name="[471] /home/travis/build/icyphy/ptII/ptolemy/actor/lib/test/auto/parameterPassing.xml (RunModel)" time="0.01" />
  <testcase classname="ptolemy.util.test.junit.AutoTests" name="[472] /home/travis/build/icyphy/ptII/ptolemy/actor/lib/test/auto/record.xml (RunModel)" time="0.011" />
  <testcase classname="ptolemy.util.test.junit.AutoTests" name="[473] /home/travis/build/icyphy/ptII/ptolemy/actor/lib/test/auto/sizedarray1.xml (RunModel)" time="0.009" />
  <testcase classname="ptolemy.util.test.junit.AutoTests" name="[474] /home/travis/build/icyphy/ptII/ptolemy/actor/lib/test/auto/sizedarray2.xml (RunModel)" time="0.01" />
  <testcase classname="ptolemy.util.test.junit.AutoTests" name="[475] /home/travis/build/icyphy/ptII/ptolemy/actor/lib/test/auto/twoPublishers.xml (RunModel)" time="0.024" />
  <system-out><![CDATA[/home/travis/build/icyphy/ptII/ptolemy/actor/lib/test/AbsoluteValue.tcl
testDefs.tcl: setting time out to 9000 seconds at Thu Jun 20 13:13:24 UTC 2019
98 ms. Memory: 120832K Free: 101256K (84%)
7 ms. Memory: 120832K Free: 99196K (82%)
6 ms. Memory: 120832K Free: 98454K (81%)
10 ms. Memory: 120832K Free: 97712K (81%)
/home/travis/build/icyphy/ptII/ptolemy/actor/lib/test/AddSubtract.tcl
27 ms. Memory: 120832K Free: 108776K (90%)
13 ms. Memory: 120832K Free: 108296K (90%)
11 ms. Memory: 120832K Free: 107362K (89%)
19 ms. Memory: 120832K Free: 106744K (88%)
77 ms. Memory: 120832K Free: 103686K (86%)
10 ms. Memory: 120832K Free: 103084K (85%)
/home/travis/build/icyphy/ptII/ptolemy/actor/lib/test/Average.tcl
16 ms. Memory: 120832K Free: 101172K (84%)
6 ms. Memory: 120832K Free: 100180K (83%)
/home/travis/build/icyphy/ptII/ptolemy/actor/lib/test/Bernoulli.tcl
6 ms. Memory: 120832K Free: 98566K (82%)
5 ms. Memory: 120832K Free: 98106K (81%)
/home/travis/build/icyphy/ptII/ptolemy/actor/lib/test/Clock.tcl
preinitializing
resolving types
initializing
executing number 1
wrapping up
idle
40 ms. Memory: 120832K Free: 95493K (79%)
Completed execution with 5 iterations
preinitializing
resolving types
initializing
executing number 1
wrapping up
idle
5 ms. Memory: 120832K Free: 94456K (78%)
Completed execution with 5 iterations
preinitializing
resolving types
initializing
executing number 1
wrapping up
idle
11 ms. Memory: 120832K Free: 93996K (78%)
Completed execution with 5 iterations
/home/travis/build/icyphy/ptII/ptolemy/actor/lib/test/Commutator.tcl
15 ms. Memory: 120832K Free: 91962K (76%)
6 ms. Memory: 120832K Free: 90962K (75%)
12 ms. Memory: 164864K Free: 149898K (91%)
/home/travis/build/icyphy/ptII/ptolemy/actor/lib/test/Const.tcl
10 ms. Memory: 164864K Free: 148364K (90%)
8 ms. Memory: 164864K Free: 147723K (90%)
3 ms. Memory: 164864K Free: 147340K (89%)
4 ms. Memory: 164864K Free: 146826K (89%)
2 ms. Memory: 164864K Free: 145802K (88%)
10 ms. Memory: 164864K Free: 144268K (88%)
5 ms. Memory: 164864K Free: 142730K (87%)
3 ms. Memory: 164864K Free: 142220K (86%)
/home/travis/build/icyphy/ptII/ptolemy/actor/lib/test/CurrentTime.tcl
preinitializing
resolving types
initializing
executing number 1
wrapping up
idle
8 ms. Memory: 164864K Free: 140172K (85%)
Completed execution with 11 iterations
/home/travis/build/icyphy/ptII/ptolemy/actor/lib/test/DB.tcl
7 ms. Memory: 164864K Free: 138124K (84%)
3 ms. Memory: 164864K Free: 137596K (83%)
2 ms. Memory: 164864K Free: 137596K (83%)
/home/travis/build/icyphy/ptII/ptolemy/actor/lib/test/DiscreteRandomSource.tcl
preinitializing
resolving types
initializing
executing number 1
wrapping up
idle
5 ms. Memory: 164864K Free: 136076K (83%)
Completed execution with 4 iterations
preinitializing
resolving types
initializing
executing number 1
wrapping up
idle
4 ms. Memory: 164864K Free: 135562K (82%)
Completed execution with 4 iterations
preinitializing
resolving types
initializing
executing number 1
wrapping up
idle
6 ms. Memory: 164864K Free: 135052K (82%)
Completed execution with 4 iterations
preinitializing
resolving types
initializing
executing number 1
wrapping up
idle
8 ms. Memory: 164864K Free: 134524K (82%)
Completed execution with 4 iterations
preinitializing
resolving types
initializing
executing number 1
wrapping up
idle
5 ms. Memory: 164864K Free: 134028K (81%)
Completed execution with 4 iterations
/home/travis/build/icyphy/ptII/ptolemy/actor/lib/test/Distributor.tcl
9 ms. Memory: 164864K Free: 132490K (80%)
6 ms. Memory: 164864K Free: 131980K (80%)
StreamChangeRequest.changeExecuted(): <deleteEntity name="rec2"/> succeeded
StreamChangeRequest.changeExecuted(): <deleteRelation name="r2"/> succeeded
StreamChangeRequest.changeExecuted(): Record firings per iteration succeeded
12 ms. Memory: 164864K Free: 129404K (78%)
/home/travis/build/icyphy/ptII/ptolemy/actor/lib/test/Exit.tcl
Exit.tcl: this will print a message about Manager.exitAfterWrapup, which can be ignored.
6 ms. Memory: 164864K Free: 126346K (77%)
/home/travis/build/icyphy/ptII/ptolemy/actor/lib/test/Expression.tcl
14 ms. Memory: 164864K Free: 122250K (74%)
3 ms. Memory: 164864K Free: 121740K (74%)
3 ms. Memory: 164864K Free: 121196K (74%)
preinitializing
resolving types
initializing
executing number 1
wrapping up
idle
6 ms. Memory: 164864K Free: 119692K (73%)
Completed execution with 6 iterations
3 ms. Memory: 164864K Free: 118668K (72%)
10 ms. Memory: 164864K Free: 118140K (72%)
9 ms. Memory: 164864K Free: 116620K (71%)
7 ms. Memory: 164864K Free: 115596K (70%)
7 ms. Memory: 164864K Free: 114572K (69%)
/home/travis/build/icyphy/ptII/ptolemy/actor/lib/test/Gaussian.tcl
8 ms. Memory: 164864K Free: 112524K (68%)
sleeping 1 seconds: ................................................................................................................................................................................................................................................................................................................................................................................................................................................................................................................................................................................................................................................................................................................................................................................................................................................................................................................................................................................................................................................................................................................................................................................................................................................................................................................................................................................................................................................................................................................................................................................................................................................................................................................................................................................................................................................................................................................................................................................................................................................................................................................................................................................................................................................................................................................................................................................................................................................................................................................................................................................................................................................................................................................................................................................................................................................................................................................................................................................................................................................................................................................................................................................................................................................................................................................................................................................................................................................................................................................................................................................................................................................................................................................................................................................................................................................................................................................................................................................................................................................................................................................................................................................................................................................................................................................................................................................................................................................................................................................................................................................................................................................................................................................................................................................................................................................................................................................................................................................................................................................................................................................................................................................................................................................................................................................................................................................................................................................................................................................................................................................................................................................................................................................................................................................................................................................................................................................................................................................................................................................................................................................................................................................................................................................................................................................................................................................................................................................................................................................................................................................................................................................................................................................................................................................................................................................................................................................................................................................................................................................................................................................................................................................................................................................................................................................................................................................................................................................................................................................................................................................................................................................................................................................................................................................................................................................................................................................................................................................................................................................................................................................................................................................................................................................................................................................................................................................................................................................................................................................................................................................................................................................................................................................................................................................................................................................................................................................................................................................................................................................................................................................................................................................................................................................................................................................................................................................................................................................................................................................................................................................................................................................................................................................................................................................................................................................................................................................................................................................................................................................................................................................................................................................................................................................................................................................................................................................................................................................................................................................................................................................................................................................................................................................................................................................................................................................................................................................................................................................................................................................................................................................................................................................................................................................................................................................................................................................................................................................................................................................................................................................................................................................................................................................................................................................................................................................................................................................................................................................................................................................................................................................................................................................................................................................................................................................................................................................................................................................................................................................................................................................................................................................................................................................................................................................................................................................................................................................................................................................................................................................................................................................................................................................................................................................................................................................................................................................................................................................................................................................................................................................................................................................................................................................................................................................................................................................................................................................................................................................................................................................................................................................................................................................................................................................................................................................................................................................................................................................................................................................................................................................................................................................................................................................................................................................................................................................................................................................................................................................................................................................................................................................................................................................................................................................................................................................................................................................................................................................................................................................................................................................................................................................................................................................................................................................................................................................................................................................................................................................................................................................................................................................................................................................................................................................................................................................................................................................................................................................................................................................................................................................................................................................................................................................................................................................................................................................................................................................................................................................................................................................................................................................................................................................................................................................................................................................................................................................................................................................................................................................................................................................................................................................................................................................................................................................................................................................................................................................................................................................................................................................................................................................................................................................................................................................................................................................................................................................................................................................................................................................................................................................................................................................................................................................................................................................................................................................................................................................................................................................................................................................................................................................................................................................................................................................................................................................................................................................................................................................................................................................................................................................................................2 ms. Memory: 164864K Free: 102038K (62%)
1 ms. Memory: 164864K Free: 101509K (62%)
1 ms. Memory: 164864K Free: 100493K (61%)
2 ms. Memory: 164864K Free: 99990K (61%)
1 ms. Memory: 164864K Free: 99461K (60%)
/home/travis/build/icyphy/ptII/ptolemy/actor/lib/test/IIR.tcl
/home/travis/build/icyphy/ptII/ptolemy/actor/lib/test/Interpolator.tcl
5 ms. Memory: 164864K Free: 95380K (58%)
1 ms. Memory: 164864K Free: 94870K (58%)
3 ms. Memory: 164864K Free: 94356K (57%)
2 ms. Memory: 164864K Free: 93846K (57%)
2 ms. Memory: 164864K Free: 92822K (56%)
3 ms. Memory: 164864K Free: 92293K (56%)
9 ms. Memory: 164864K Free: 91269K (55%)
7 ms. Memory: 164864K Free: 90260K (55%)
2 ms. Memory: 164864K Free: 89750K (54%)
5 ms. Memory: 164864K Free: 88726K (54%)
/home/travis/build/icyphy/ptII/ptolemy/actor/lib/test/MathFunction.tcl
3 ms. Memory: 164864K Free: 86678K (53%)
1 ms. Memory: 164864K Free: 85654K (52%)
1 ms. Memory: 164864K Free: 84630K (51%)
1 ms. Memory: 164864K Free: 83606K (51%)
3 ms. Memory: 164864K Free: 82582K (50%)
9 ms. Memory: 164864K Free: 80534K (49%)
/home/travis/build/icyphy/ptII/ptolemy/actor/lib/test/Maximum.tcl
5 ms. Memory: 164864K Free: 78486K (48%)
3 ms. Memory: 164864K Free: 77957K (47%)
5 ms. Memory: 164864K Free: 76948K (47%)
3 ms. Memory: 164864K Free: 76438K (46%)
/home/travis/build/icyphy/ptII/ptolemy/actor/lib/test/Minimum.tcl
6 ms. Memory: 164864K Free: 74900K (45%)
3 ms. Memory: 164864K Free: 74390K (45%)
3 ms. Memory: 164864K Free: 73366K (45%)
1 ms. Memory: 164864K Free: 72852K (44%)
/home/travis/build/icyphy/ptII/ptolemy/actor/lib/test/MultiplyDivide.tcl
4 ms. Memory: 164864K Free: 70804K (43%)
2 ms. Memory: 164864K Free: 70294K (43%)
3 ms. Memory: 164864K Free: 69270K (42%)
2 ms. Memory: 164864K Free: 68756K (42%)
2 ms. Memory: 164864K Free: 68246K (41%)
/home/travis/build/icyphy/ptII/ptolemy/actor/lib/test/OrderedMerge.tcl
Connections changed on port: inputA
Connections changed on port: inputB
Connections changed on port: output
Connections changed on port: output
Connections changed on port: output
Connections changed on port: input
.top. Preinitializing ...
Invoking preinitialize():  .top.OrderedMerge
Called preinitialize()
Invoking preinitialize():  .top.Ramp
Called preinitialize()
Invoking preinitialize():  .top.Ramp2
Called preinitialize()
Invoking preinitialize():  .top.Test
Called preinitialize()
Connections changed on port: inputA
Connections changed on port: output
Connections changed on port: output
Connections changed on port: input
Connections changed on port: inputB
Connections changed on port: output
.top. Finished preinitialize().
Called initialize().
Invoking initialize():  .top.OrderedMerge
Initializing actor: .top.OrderedMerge
Adding a thread: .top.OrderedMerge
Invoking initialize():  .top.Ramp
Initializing actor: .top.Ramp
Adding a thread: .top.Ramp
Invoking initialize():  .top.Ramp2
Initializing actor: .top.Ramp2
Adding a thread: .top.Ramp2
Invoking initialize():  .top.Test
Initializing actor: .top.Test
Adding a thread: .top.Test
-- Starting thread.
Called initialize()
Called prefire()
Called fire()
Called fire().
Checking for deadlock:
-- Starting thread.
Called initialize()
-- Starting thread.
Called initialize()
Called prefire()
Called fire()
Called prefire()
Called fire()
-- Starting thread.
Called initialize()
Called prefire()
Called fire()
There are 1 Blocked actors, 0 Stopped actors, and 4 active threads.
Waiting for actors to stop.
Called postfire()
Called prefire()
Called fire()
Called postfire()
Called prefire()
Called fire()
Checking for deadlock:
There are 1 Blocked actors, 0 Stopped actors, and 4 active threads.
Waiting for actors to stop.
Read input token from inputA with value 0.0
Called postfire()
Called prefire()
Called fire()
Next port to read input from is inputB
Called postfire()
Called prefire()
Called fire()
Read input token from inputB with value 0.0
Sent output token with value 0.0
Next port to read input from is inputA
Called postfire()
Called prefire()
Called fire()
Read input token from inputA with value 1.0
Called postfire()
Called prefire()
Called postfire()
Called prefire()
Called fire()
-- Read input: 0.0, which is expected to match: 0.0
Called prefire()
Called fire()
Called fire()
Checking for deadlock:
There are 3 Blocked actors, 0 Stopped actors, and 4 active threads.
Waiting for actors to stop.
-- Read input: 0.0, which is expected to match: 0.0
Called prefire()
Called fire()
Sent output token with value 0.0
Next port to read input from is inputB
Called postfire()
Called prefire()
Called fire()
Read input token from inputB with value 1.5
Sent output token with value 1.0
Next port to read input from is inputA
Called postfire()
Called prefire()
Called fire()
Read input token from inputA with value 2.0
Checking for deadlock:
There are 1 Blocked actors, 0 Stopped actors, and 4 active threads.
Waiting for actors to stop.
Called postfire()
Called prefire()
-- Read input: 1.0, which is expected to match: 1.0
Called fire()
Called prefire()
Called fire()
Called postfire()
Called prefire()
Called fire()
Checking for deadlock:
There are 3 Blocked actors, 0 Stopped actors, and 4 active threads.
Waiting for actors to stop.
-- Read input: 1.5, which is expected to match: 1.5
Called prefire()
Called fire()
Sent output token with value 1.5
Next port to read input from is inputB
Called postfire()
Called prefire()
Called fire()
Read input token from inputB with value 3.0
Sent output token with value 2.0
Next port to read input from is inputA
Called postfire()
Called prefire()
Called fire()
Read input token from inputA with value 3.0
Checking for deadlock:
There are 1 Blocked actors, 0 Stopped actors, and 4 active threads.
Waiting for actors to stop.
-- Read input: 2.0, which is expected to match: 2.0
Called prefire()
Called fire()
Checking for deadlock:
There are 1 Blocked actors, 0 Stopped actors, and 4 active threads.
Waiting for actors to stop.
Called postfire()
Called prefire()
Called fire()
Called postfire()
Called prefire()
Called fire()
Checking for deadlock:
There are 3 Blocked actors, 0 Stopped actors, and 4 active threads.
Waiting for actors to stop.
-- Read input: 3.0, which is expected to match: 3.0
Called prefire()
Called fire()
Checking for deadlock:
There are 3 Blocked actors, 0 Stopped actors, and 4 active threads.
Waiting for actors to stop.
Sent output token with value 3.0
Next port to read input from is inputB
Called postfire()
Called prefire()
Called fire()
Called postfire()
Called prefire()
Called fire()
Checking for deadlock:
There are 3 Blocked actors, 0 Stopped actors, and 4 active threads.
Waiting for actors to stop.
Read input token from inputB with value 4.5
-- Read input: 3.0, which is expected to match: 3.0
Called prefire()
Called fire()
Checking for deadlock:
There are 3 Blocked actors, 0 Stopped actors, and 4 active threads.
Waiting for actors to stop.
Sent output token with value 3.0
Next port to read input from is inputA
Called postfire()
Called prefire()
Called fire()
Called postfire()
Called prefire()
Called fire()
Checking for deadlock:
There are 3 Blocked actors, 0 Stopped actors, and 4 active threads.
Waiting for actors to stop.
Read input token from inputA with value 4.0
-- Read input: 4.0, which is expected to match: 4.0
Called prefire()
Called fire()
Past the end of training data. Read and discard all inputs.
Checking for deadlock:
There are 3 Blocked actors, 0 Stopped actors, and 4 active threads.
Waiting for actors to stop.
Sent output token with value 4.0
Next port to read input from is inputA
Called postfire()
Called prefire()
Called fire()
Called postfire()
Called prefire()
Called fire()
Checking for deadlock:
There are 3 Blocked actors, 0 Stopped actors, and 4 active threads.
Waiting for actors to stop.
Read input token from inputA with value 5.0
Called prefire()
Called fire()
Past the end of training data. Read and discard all inputs.
Checking for deadlock:
There are 3 Blocked actors, 0 Stopped actors, and 4 active threads.
Waiting for actors to stop.
Sent output token with value 4.5
Next port to read input from is inputB
Called postfire()
Called prefire()
Called fire()
Checking for deadlock:
There are 2 Blocked actors, 0 Stopped actors, and 4 active threads.
Waiting for actors to stop.
Called postfire()
Called prefire()
Called fire()
Checking for deadlock:
There are 3 Blocked actors, 0 Stopped actors, and 4 active threads.
Waiting for actors to stop.
Read input token from inputB with value 6.0
Checking for deadlock:
There are 2 Blocked actors, 0 Stopped actors, and 4 active threads.
Waiting for actors to stop.
Called prefire()
Called fire()
Past the end of training data. Read and discard all inputs.
Checking for deadlock:
There are 3 Blocked actors, 0 Stopped actors, and 4 active threads.
Waiting for actors to stop.
Sent output token with value 5.0
Next port to read input from is inputA
Called postfire()
Called prefire()
Called fire()
Called postfire()
Called prefire()
Called fire()
Checking for deadlock:
There are 3 Blocked actors, 0 Stopped actors, and 4 active threads.
Waiting for actors to stop.
Read input token from inputA with value 6.0
Called prefire()
Called fire()
Past the end of training data. Read and discard all inputs.
Checking for deadlock:
There are 3 Blocked actors, 0 Stopped actors, and 4 active threads.
Waiting for actors to stop.
Sent output token with value 6.0
Next port to read input from is inputB
Called postfire()
Called prefire()
Called fire()
Checking for deadlock:
There are 2 Blocked actors, 0 Stopped actors, and 4 active threads.
Waiting for actors to stop.
Called postfire()
Called prefire()
Called fire()
Checking for deadlock:
There are 3 Blocked actors, 0 Stopped actors, and 4 active threads.
Waiting for actors to stop.
Read input token from inputB with value 7.5
Checking for deadlock:
There are 2 Blocked actors, 0 Stopped actors, and 4 active threads.
Waiting for actors to stop.
Called prefire()
Called fire()
Past the end of training data. Read and discard all inputs.
Checking for deadlock:
There are 3 Blocked actors, 0 Stopped actors, and 4 active threads.
Waiting for actors to stop.
Sent output token with value 6.0
Next port to read input from is inputA
Called postfire()
Called prefire()
Called fire()
Called postfire()
Called prefire()
Called fire()
Checking for deadlock:
There are 3 Blocked actors, 0 Stopped actors, and 4 active threads.
Waiting for actors to stop.
Read input token from inputA with value 7.0
Called prefire()
Called fire()
Past the end of training data. Read and discard all inputs.
Checking for deadlock:
There are 3 Blocked actors, 0 Stopped actors, and 4 active threads.
Waiting for actors to stop.
Sent output token with value 7.0
Next port to read input from is inputA
Called postfire()
Called prefire()
Called fire()
-- Thread wrapup() called.
Called wrapup()
Thread .top.Ramp is exiting.
-- Thread stopped.
Read input token from inputA with value 8.0
Sent output token with value 7.5
Next port to read input from is inputB
Called postfire()
Called prefire()
Called fire()
Read input token from inputB with value 9.0
Checking for deadlock:
There are 1 Blocked actors, 0 Stopped actors, and 3 active threads.
Waiting for actors to stop.
Called postfire()
Called prefire()
Called fire()
Called prefire()
Called fire()
Past the end of training data. Read and discard all inputs.
Checking for deadlock:
There are 2 Blocked actors, 0 Stopped actors, and 3 active threads.
Waiting for actors to stop.
Called prefire()
Called fire()
Past the end of training data. Read and discard all inputs.
Checking for deadlock:
There are 2 Blocked actors, 0 Stopped actors, and 3 active threads.
Waiting for actors to stop.
Sent output token with value 8.0
Next port to read input from is inputA
Called postfire()
Called prefire()
Called fire()
Read input token from inputA with value 9.0
Called prefire()
Called fire()
Past the end of training data. Read and discard all inputs.
Checking for deadlock:
There are 2 Blocked actors, 0 Stopped actors, and 3 active threads.
Waiting for actors to stop.
Sent output token with value 9.0
Next port to read input from is inputB
Called postfire()
Called prefire()
Called fire()
Called postfire()
Called prefire()
Called fire()
Checking for deadlock:
There are 2 Blocked actors, 0 Stopped actors, and 3 active threads.
Waiting for actors to stop.
Read input token from inputB with value 10.5
Called prefire()
Called fire()
Past the end of training data. Read and discard all inputs.
Checking for deadlock:
There are 2 Blocked actors, 0 Stopped actors, and 3 active threads.
Waiting for actors to stop.
Sent output token with value 9.0
Next port to read input from is inputA
Called postfire()
Called prefire()
Called fire()
Checking for deadlock:
There are 3 Blocked actors, 0 Stopped actors, and 3 active threads.
Actors have stopped.
Checking for deadlock:
There are 3 Blocked actors, 0 Stopped actors, and 3 active threads.
Deadlock detected.
Resolving Deadlock
Checking for deadlock:
There are 3 Blocked actors, 0 Stopped actors, and 3 active threads.
Artificial Deadlock - increasing queue capacity.
increasing the capacity of receiver ptolemy.actor.TypedIOPort {.top.OrderedMerge.inputB} to 2
Director: Called postfire().
Called postfire().
_stopRequested = false
_stopFireRequested = false
Returning from postfire(): true
Called fire().
Checking for deadlock:
There are 2 Blocked actors, 0 Stopped actors, and 3 active threads.
Waiting for actors to stop.
-- Thread wrapup() called.
Called wrapup()
Thread .top.Ramp2 is exiting.
-- Thread stopped.
Checking for deadlock:
There are 2 Blocked actors, 0 Stopped actors, and 2 active threads.
Actors have stopped.
Checking for deadlock:
There are 2 Blocked actors, 0 Stopped actors, and 2 active threads.
Deadlock detected.
Resolving Deadlock
Checking for deadlock:
There are 2 Blocked actors, 0 Stopped actors, and 2 active threads.
Deadlock detected: no processes blocked on write, but some are blocked on read.
Called postfire().
_stopRequested = false
_stopFireRequested = false
Returning from postfire(): false
Finished deactivating branches.
Called wrapup().
-- Thread wrapup() called.
Called wrapup()
Thread .top.Test is exiting.
-- Thread stopped.
-- Blocked Receiver call threw TerminateProcessException.
-- Thread wrapup() called.
Called wrapup()
Thread .top.OrderedMerge is exiting.
-- Thread stopped.
-- Blocked Receiver call threw TerminateProcessException.
53 ms. Memory: 164864K Free: 145404K (88%)
.top. Preinitializing ...
Invoking preinitialize():  .top.OrderedMerge
Called preinitialize()
Invoking preinitialize():  .top.Ramp
Called preinitialize()
Invoking preinitialize():  .top.Ramp2
Called preinitialize()
Invoking preinitialize():  .top.Test
Called preinitialize()
.top. Finished preinitialize().
Called initialize().
Invoking initialize():  .top.OrderedMerge
Initializing actor: .top.OrderedMerge
Adding a thread: .top.OrderedMerge
Invoking initialize():  .top.Ramp
Initializing actor: .top.Ramp
Adding a thread: .top.Ramp
Invoking initialize():  .top.Ramp2
Initializing actor: .top.Ramp2
Adding a thread: .top.Ramp2
Invoking initialize():  .top.Test
Initializing actor: .top.Test
Adding a thread: .top.Test
-- Starting thread.
Called initialize()
Called prefire()
Called fire()
-- Starting thread.
Called initialize()
Called prefire()
Called fire()
Called postfire()
Called prefire()
Called fire()
-- Starting thread.
Called initialize()
Called prefire()
Called fire()
Called postfire()
Called prefire()
Called fire()
Called fire().
Checking for deadlock:
There are 3 Blocked actors, 0 Stopped actors, and 4 active threads.
Waiting for actors to stop.
-- Starting thread.
Called initialize()
Called prefire()
Called fire()
Checking for deadlock:
There are 2 Blocked actors, 0 Stopped actors, and 4 active threads.
Waiting for actors to stop.
Called postfire()
Called prefire()
Called fire()
Checking for deadlock:
There are 3 Blocked actors, 0 Stopped actors, and 4 active threads.
Read input token from inputA with value 0.0
Waiting for actors to stop.
Next port to read input from is inputB
Called postfire()
Called prefire()
Called fire()
Called postfire()
Called prefire()
Called fire()
Checking for deadlock:
There are 3 Blocked actors, 0 Stopped actors, and 4 active threads.
Waiting for actors to stop.
Read input token from inputB with value 0.0
Checking for deadlock:
There are 2 Blocked actors, 0 Stopped actors, and 4 active threads.
Sent output token with value 0.0
Waiting for actors to stop.
-- Read input: 0.0, which is expected to match: 0.0
Called prefire()
Called fire()
Checking for deadlock:
There are 3 Blocked actors, 0 Stopped actors, and 4 active threads.
Waiting for actors to stop.
Next port to read input from is inputA
Called postfire()
Called prefire()
Called fire()
Checking for deadlock:
There are 2 Blocked actors, 0 Stopped actors, and 4 active threads.
Waiting for actors to stop.
Called postfire()
Called prefire()
Called fire()
Checking for deadlock:
There are 3 Blocked actors, 0 Stopped actors, and 4 active threads.
Waiting for actors to stop.
Read input token from inputA with value 1.0
Checking for deadlock:
There are 2 Blocked actors, 0 Stopped actors, and 4 active threads.
Waiting for actors to stop.
Sent output token with value 0.0
-- Read input: 0.0, which is expected to match: 0.0
Called prefire()
Called fire()
Checking for deadlock:
There are 3 Blocked actors, 0 Stopped actors, and 4 active threads.
Waiting for actors to stop.
Next port to read input from is inputB
Called postfire()
Called prefire()
Called fire()
Checking for deadlock:
There are 2 Blocked actors, 0 Stopped actors, and 4 active threads.
Waiting for actors to stop.
Called postfire()
Called prefire()
Called fire()
Checking for deadlock:
Read input token from inputB with value 1.5
There are 3 Blocked actors, 0 Stopped actors, and 4 active threads.
Waiting for actors to stop.
Checking for deadlock:
There are 2 Blocked actors, 0 Stopped actors, and 4 active threads.
Waiting for actors to stop.
-- Read input: 1.0, which is expected to match: 1.0
Called prefire()
Called fire()
Checking for deadlock:
There are 3 Blocked actors, 0 Stopped actors, and 4 active threads.
Waiting for actors to stop.
Sent output token with value 1.0
Next port to read input from is inputA
Called postfire()
Called prefire()
Called fire()
Called postfire()
Called prefire()
Called fire()
Checking for deadlock:
There are 3 Blocked actors, 0 Stopped actors, and 4 active threads.
Waiting for actors to stop.
Read input token from inputA with value 2.0
-- Read input: 1.5, which is expected to match: 1.5
Called prefire()
Called fire()
Checking for deadlock:
There are 3 Blocked actors, 0 Stopped actors, and 4 active threads.
Waiting for actors to stop.
Sent output token with value 1.5
Next port to read input from is inputB
Called postfire()
Called prefire()
Called fire()
Checking for deadlock:
There are 2 Blocked actors, 0 Stopped actors, and 4 active threads.
Waiting for actors to stop.
Called postfire()
Called prefire()
Called fire()
Read input token from inputB with value 3.0
Sent output token with value 2.0
Next port to read input from is inputA
Called postfire()
Called prefire()
Called fire()
Read input token from inputA with value 3.0
Checking for deadlock:
There are 2 Blocked actors, 0 Stopped actors, and 4 active threads.
Waiting for actors to stop.
Called postfire()
Called prefire()
Called fire()
-- Read input: 2.0, which is expected to match: 2.0
Called prefire()
Called fire()
Checking for deadlock:
There are 3 Blocked actors, 0 Stopped actors, and 4 active threads.
Waiting for actors to stop.
Checking for deadlock:
There are 2 Blocked actors, 0 Stopped actors, and 4 active threads.
Waiting for actors to stop.
-- Read input: 3.0, which is expected to match: 3.0
Called prefire()
Called fire()
Checking for deadlock:
There are 3 Blocked actors, 0 Stopped actors, and 4 active threads.
Sent output token with value 3.0
Waiting for actors to stop.
Next port to read input from is inputB
Called postfire()
Called prefire()
Called fire()
Read input token from inputB with value 4.5
Checking for deadlock:
There are 2 Blocked actors, 0 Stopped actors, and 4 active threads.
Waiting for actors to stop.
Called postfire()
Called prefire()
Called fire()
Checking for deadlock:
There are 1 Blocked actors, 0 Stopped actors, and 4 active threads.
Waiting for actors to stop.
-- Read input: 3.0, which is expected to match: 3.0
Called prefire()
Called fire()
Checking for deadlock:
There are 3 Blocked actors, 0 Stopped actors, and 4 active threads.
Waiting for actors to stop.
Sent output token with value 3.0
Next port to read input from is inputA
Called postfire()
Called prefire()
Called fire()
Called postfire()
Read input token from inputA with value 4.0
Called prefire()
Called fire()
Sent output token with value 4.0
Next port to read input from is inputA
Called postfire()
Checking for deadlock:
There are 2 Blocked actors, 0 Stopped actors, and 4 active threads.
Waiting for actors to stop.
-- Read input: 4.0, which is expected to match: 4.0
Called prefire()
Called fire()
Past the end of training data. Read and discard all inputs.
Called prefire()
Called fire()
Checking for deadlock:
Read input token from inputA with value 5.0
There are 2 Blocked actors, 0 Stopped actors, and 4 active threads.
Waiting for actors to stop.
Called postfire()
Called prefire()
Checking for deadlock:
There are 1 Blocked actors, 0 Stopped actors, and 4 active threads.
Waiting for actors to stop.
Called prefire()
Sent output token with value 4.5
Called fire()
Called fire()
Past the end of training data. Read and discard all inputs.
Checking for deadlock:
There are 2 Blocked actors, 0 Stopped actors, and 4 active threads.
Waiting for actors to stop.
Next port to read input from is inputB
Called postfire()
Called prefire()
Called fire()
Checking for deadlock:
There are 2 Blocked actors, 0 Stopped actors, and 4 active threads.
Waiting for actors to stop.
Read input token from inputB with value 6.0
Called postfire()
Called prefire()
Called fire()
Checking for deadlock:
There are 2 Blocked actors, 0 Stopped actors, and 4 active threads.
Waiting for actors to stop.
Called prefire()
Called fire()
Past the end of training data. Read and discard all inputs.
Checking for deadlock:
Sent output token with value 5.0
There are 3 Blocked actors, 0 Stopped actors, and 4 active threads.
Waiting for actors to stop.
Next port to read input from is inputA
Called postfire()
Called prefire()
Called fire()
Checking for deadlock:
There are 2 Blocked actors, 0 Stopped actors, and 4 active threads.
Waiting for actors to stop.
Read input token from inputA with value 6.0
Called postfire()
Called prefire()
Called fire()
Sent output token with value 6.0
Checking for deadlock:
There are 2 Blocked actors, 0 Stopped actors, and 4 active threads.
Next port to read input from is inputB
Called postfire()
Waiting for actors to stop.
Called prefire()
Called fire()
Called prefire()
Called fire()
Past the end of training data. Read and discard all inputs.
Read input token from inputB with value 7.5
Checking for deadlock:
There are 2 Blocked actors, 0 Stopped actors, and 4 active threads.
Waiting for actors to stop.
Called postfire()
Called prefire()
Called fire()
Checking for deadlock:
Sent output token with value 6.0
There are 2 Blocked actors, 0 Stopped actors, and 4 active threads.
Waiting for actors to stop.
Next port to read input from is inputA
Called postfire()
Called prefire()
Called fire()
Called prefire()
Called fire()
Past the end of training data. Read and discard all inputs.
Read input token from inputA with value 7.0
Sent output token with value 7.0
Called postfire()
Next port to read input from is inputA
Called postfire()
Checking for deadlock:
There are 1 Blocked actors, 0 Stopped actors, and 4 active threads.
Waiting for actors to stop.
Called prefire()
Called fire()
Called prefire()
Called fire()
Past the end of training data. Read and discard all inputs.
Checking for deadlock:
There are 3 Blocked actors, 0 Stopped actors, and 4 active threads.
Waiting for actors to stop.
Called prefire()
Called fire()
Read input token from inputA with value 8.0
-- Thread wrapup() called.
Called wrapup()
Sent output token with value 7.5
Thread .top.Ramp is exiting.
-- Thread stopped.
Next port to read input from is inputB
Called postfire()
Called prefire()
Called fire()
Read input token from inputB with value 9.0
Checking for deadlock:
There are 1 Blocked actors, 0 Stopped actors, and 3 active threads.
Waiting for actors to stop.
Called postfire()
Called prefire()
Called fire()
Called prefire()
Called fire()
Past the end of training data. Read and discard all inputs.
Checking for deadlock:
There are 2 Blocked actors, 0 Stopped actors, and 3 active threads.
Waiting for actors to stop.
Sent output token with value 8.0
Checking for deadlock:
There are 1 Blocked actors, 0 Stopped actors, and 3 active threads.
Waiting for actors to stop.
Next port to read input from is inputA
Called prefire()
Called fire()
Called postfire()
Called prefire()
Called fire()
Past the end of training data. Read and discard all inputs.
Read input token from inputA with value 9.0
Checking for deadlock:
There are 2 Blocked actors, 0 Stopped actors, and 3 active threads.
Waiting for actors to stop.
Sent output token with value 9.0
Checking for deadlock:
There are 1 Blocked actors, 0 Stopped actors, and 3 active threads.
Waiting for actors to stop.
Called prefire()
Next port to read input from is inputB
Called postfire()
Called fire()
Called prefire()
Past the end of training data. Read and discard all inputs.
Called fire()
Checking for deadlock:
There are 1 Blocked actors, 0 Stopped actors, and 3 active threads.
Waiting for actors to stop.
Read input token from inputB with value 10.5
Called postfire()
Sent output token with value 9.0
Called prefire()
Called fire()
Next port to read input from is inputA
Called postfire()
Checking for deadlock:
Called prefire()
Called fire()
There are 1 Blocked actors, 0 Stopped actors, and 3 active threads.
Waiting for actors to stop.
Called prefire()
Called fire()
Past the end of training data. Read and discard all inputs.
Checking for deadlock:
There are 3 Blocked actors, 0 Stopped actors, and 3 active threads.
Actors have stopped.
Checking for deadlock:
There are 3 Blocked actors, 0 Stopped actors, and 3 active threads.
Deadlock detected.
Resolving Deadlock
Checking for deadlock:
There are 3 Blocked actors, 0 Stopped actors, and 3 active threads.
Artificial Deadlock - increasing queue capacity.
increasing the capacity of receiver ptolemy.actor.TypedIOPort {.top.OrderedMerge.inputB} to 2
Director: Called postfire().
Called postfire().
_stopRequested = false
_stopFireRequested = false
Returning from postfire(): true
Called fire().
Checking for deadlock:
There are 2 Blocked actors, 0 Stopped actors, and 3 active threads.
Waiting for actors to stop.
-- Thread wrapup() called.
Called wrapup()
Thread .top.Ramp2 is exiting.
-- Thread stopped.
Checking for deadlock:
There are 2 Blocked actors, 0 Stopped actors, and 2 active threads.
Actors have stopped.
Checking for deadlock:
There are 2 Blocked actors, 0 Stopped actors, and 2 active threads.
Deadlock detected.
Resolving Deadlock
Checking for deadlock:
There are 2 Blocked actors, 0 Stopped actors, and 2 active threads.
Deadlock detected: no processes blocked on write, but some are blocked on read.
Called postfire().
_stopRequested = false
_stopFireRequested = false
Returning from postfire(): false
Finished deactivating branches.
Called wrapup().
-- Thread wrapup() called.
Called wrapup()
-- Thread wrapup() called.
Thread .top.OrderedMerge is exiting.
Called wrapup()
-- Thread stopped.
-- Blocked Receiver call threw TerminateProcessException.
Thread .top.Test is exiting.
-- Thread stopped.
-- Blocked Receiver call threw TerminateProcessException.
56 ms. Memory: 164864K Free: 142842K (87%)
/home/travis/build/icyphy/ptII/ptolemy/actor/lib/test/Publisher.tcl
16 ms. Memory: 164864K Free: 136698K (83%)
6 ms. Memory: 164864K Free: 131578K (80%)
7 ms. Memory: 164864K Free: 127468K (77%)
5 ms. Memory: 164864K Free: 126458K (77%)
4 ms. Memory: 164864K Free: 125948K (76%)
16 ms. Memory: 164864K Free: 124924K (76%)
2 ms. Memory: 164864K Free: 124396K (75%)
2 ms. Memory: 164864K Free: 123386K (75%)
19 ms. Memory: 164864K Free: 113660K (69%)
6 ms. Memory: 164864K Free: 109564K (66%)
5 ms. Memory: 164864K Free: 109036K (66%)
3 ms. Memory: 164864K Free: 106492K (65%)
6 ms. Memory: 164864K Free: 147264K (89%)
5 ms. Memory: 164864K Free: 138048K (84%)
17 ms. Memory: 164864K Free: 126784K (77%)
/home/travis/build/icyphy/ptII/ptolemy/actor/lib/test/Pulse.tcl
5 ms. Memory: 164864K Free: 89920K (55%)
2 ms. Memory: 164864K Free: 89375K (54%)
2 ms. Memory: 164864K Free: 88896K (54%)
1 ms. Memory: 164864K Free: 88367K (54%)
1 ms. Memory: 164864K Free: 87872K (53%)
6 ms. Memory: 164864K Free: 86334K (52%)
3 ms. Memory: 164864K Free: 85824K (52%)
1 ms. Memory: 164864K Free: 84800K (51%)
1 ms. Memory: 164864K Free: 84286K (51%)
/home/travis/build/icyphy/ptII/ptolemy/actor/lib/test/Ramp.tcl
3 ms. Memory: 164864K Free: 82223K (50%)
8 ms. Memory: 164864K Free: 81728K (50%)
1 ms. Memory: 164864K Free: 80704K (49%)
1 ms. Memory: 164864K Free: 80175K (49%)
8 ms. Memory: 164864K Free: 79166K (48%)
4 ms. Memory: 164864K Free: 78142K (47%)
13 ms. Memory: 164864K Free: 77630K (47%)
5 actors
7000 microseconds per iteration to create
11 ms. Memory: 164864K Free: 74560K (45%)
3 ms. Memory: 164864K Free: 74015K (45%)
3 ms. Memory: 164864K Free: 73536K (45%)
2 ms. Memory: 164864K Free: 72991K (44%)
50 actors
48000 microseconds per iteration to create
56 ms. Memory: 230400K Free: 210296K (91%)
5 ms. Memory: 230400K Free: 209272K (91%)
5 ms. Memory: 230400K Free: 208248K (90%)
5 ms. Memory: 230400K Free: 207224K (90%)
500 actors
1504000 microseconds per iteration to create
275 ms. Memory: 230400K Free: 146750K (64%)
47 ms. Memory: 230400K Free: 141630K (61%)
50 ms. Memory: 230400K Free: 136510K (59%)
46 ms. Memory: 230400K Free: 130880K (57%)
/home/travis/build/icyphy/ptII/ptolemy/actor/lib/test/RampContinuous.tcl
8 ms. Memory: 230400K Free: 129856K (56%)
/home/travis/build/icyphy/ptII/ptolemy/actor/lib/test/RecordAssembler.tcl
4 ms. Memory: 230400K Free: 128303K (56%)
4 ms. Memory: 230400K Free: 127279K (55%)
/home/travis/build/icyphy/ptII/ptolemy/actor/lib/test/RecordDisassembler.tcl
6 ms. Memory: 230400K Free: 125246K (54%)
7 ms. Memory: 230400K Free: 124736K (54%)
4 ms. Memory: 230400K Free: 123167K (53%)
/home/travis/build/icyphy/ptII/ptolemy/actor/lib/test/Scale.tcl
3 ms. Memory: 230400K Free: 121664K (53%)
2 ms. Memory: 230400K Free: 120640K (52%)
2 ms. Memory: 230400K Free: 120119K (52%)
2 ms. Memory: 230400K Free: 119071K (52%)
2 ms. Memory: 230400K Free: 118592K (51%)
/home/travis/build/icyphy/ptII/ptolemy/actor/lib/test/SequentialClock.tcl
preinitializing
resolving types
initializing
executing number 1
wrapping up
idle
3 ms. Memory: 230400K Free: 117039K (51%)
Completed execution with 5 iterations
preinitializing
resolving types
initializing
executing number 1
wrapping up
idle
1 ms. Memory: 230400K Free: 116544K (51%)
Completed execution with 5 iterations
preinitializing
resolving types
initializing
executing number 1
wrapping up
idle
1 ms. Memory: 230400K Free: 116023K (50%)
Completed execution with 5 iterations
/home/travis/build/icyphy/ptII/ptolemy/actor/lib/test/SetVariable.tcl
5 ms. Memory: 230400K Free: 113967K (49%)


==== $PTII/ptolemy/actor/lib/test/SetVariable.tcl: SetVariable-3.1 changeFailed
==== Contents of test case:

    #Uses 2.1 above
    jdkCaptureErr {
        # This test was failing if we ran Exit.tcl and then this test.
        # MessageHandler.error() now actually throws the Exception.
	catch {$setVariable changeFailed [java::null]  [java::new Exception {Test exception for SetVariable.changeFailed()}]} errMsg
    } results
    list [string range $results 0 89] "\n" $errMsg

==== Result was:
{java.lang.Exception: Test exception for SetVariable.changeFailed()
	at java.base/jdk.inter} {
} {java.lang.RuntimeException: java.lang.Exception: Test exception for SetVariable.changeFailed()}
---- Result should have been:
{java.lang.Exception: Test exception for SetVariable.changeFailed()
	at sun.reflect.NativeC} {
} {java.lang.RuntimeException: java.lang.Exception: Test exception for SetVariable.changeFailed()}
---- SetVariable-3.1 FAILED
/home/travis/build/icyphy/ptII/ptolemy/actor/lib/test/Sinewave.tcl
/home/travis/build/icyphy/ptII/ptolemy/actor/lib/test/SubscriptionAggregator.tcl
4 ms. Memory: 230400K Free: 102208K (44%)
2 ms. Memory: 230400K Free: 101694K (44%)
0 ms. Memory: 230400K Free: 101184K (44%)
0 ms. Memory: 230400K Free: 100670K (44%)
2 ms. Memory: 230400K Free: 97088K (42%)
8 ms. Memory: 230400K Free: 94526K (41%)
...............................................................1022 ms. Memory: 340992K Free: 211285K (62%)
/home/travis/build/icyphy/ptII/ptolemy/actor/lib/test/Test.tcl
 The next command will produce a warning about training mode,
   which may be ignored.
4 ms. Memory: 340992K Free: 209237K (61%)
10 ms. Memory: 340992K Free: 208727K (61%)
2 ms. Memory: 340992K Free: 208199K (61%)
1 ms. Memory: 340992K Free: 207703K (61%)
2 ms. Memory: 340992K Free: 206679K (61%)
3 ms. Memory: 340992K Free: 205655K (60%)
6 ms. Memory: 340992K Free: 204087K (60%)
 The next command will produce a warning about training mode,
   which may be ignored.
4 ms. Memory: 340992K Free: 202039K (59%)
 The next command will produce a warning about training mode,
   which may be ignored.
2 ms. Memory: 340992K Free: 201015K (59%)
1 ms. Memory: 340992K Free: 200535K (59%)
1 ms. Memory: 340992K Free: 200021K (59%)
1 ms. Memory: 340992K Free: 199511K (59%)
5 ms. Memory: 340992K Free: 198487K (58%)
6 ms. Memory: 340992K Free: 194391K (57%)
/home/travis/build/icyphy/ptII/ptolemy/actor/lib/test/TestExceptionHandler.tcl
 The next command will produce a warning about training mode,
   which may be ignored.
3 ms. Memory: 340992K Free: 193367K (57%)
1 ms. Memory: 340992K Free: 192853K (57%)
0 ms. Memory: 340992K Free: 192343K (56%)
/home/travis/build/icyphy/ptII/ptolemy/actor/lib/test/UnionDisassembler.tcl
27 ms. Memory: 340992K Free: 185175K (54%)
/home/travis/build/icyphy/ptII/ptolemy/actor/lib/test/VariableClock.tcl
preinitializing
resolving types
initializing
executing number 1
wrapping up
idle
9 ms. Memory: 340992K Free: 183127K (54%)
Completed execution with 11 iterations
preinitializing
resolving types
initializing
executing number 1
wrapping up
idle
3 ms. Memory: 340992K Free: 181575K (53%)
Completed execution with 10 iterations
06/20/19 01:13:33
Failed: 1  Total Tests: 234  ((Passed: 233, Newly Passed: 0)  Known Failed: 0) /home/travis/build/icyphy/ptII/ptolemy/actor/lib/test
----------------- testing (KnownFailure) /home/travis/build/icyphy/ptII/ptolemy/actor/lib/test/auto/knownFailedTests/PublisherPortToplevelSubscriber.xml
1 ms. Memory: 340992K Free: 178517K (52%)
Known Failure: java.lang.reflect.InvocationTargetException
----------------- testing (KnownFailure) /home/travis/build/icyphy/ptII/ptolemy/actor/lib/test/auto/knownFailedTests/PublisherSubscriberPortToplevel.xml
0 ms. Memory: 340992K Free: 173911K (51%)
Known Failure: java.lang.reflect.InvocationTargetException
----------------- testing (KnownFailure) /home/travis/build/icyphy/ptII/ptolemy/actor/lib/test/auto/knownFailedTests/PublisherSubscriptionAggregatorPort.xml
0 ms. Memory: 340992K Free: 169815K (50%)
Known Failure: java.lang.reflect.InvocationTargetException
----------------- testing (KnownFailure) /home/travis/build/icyphy/ptII/ptolemy/actor/lib/test/auto/knownFailedTests/sizedarray3.xml
3 ms. Memory: 340992K Free: 165719K (49%)
Known Failure: java.lang.reflect.InvocationTargetException
No auto/linux-amd64/*.xml tests in /home/travis/build/icyphy/ptII/ptolemy/actor/lib/test
AutoTests.java: About to close Vertx.
AutoTests.java: Vertx closed.

===========================================================================================
----------------- testing Thu Jun 20 13:13:33 UTC 2019 /home/travis/build/icyphy/ptII/ptolemy/actor/lib/test/auto/AbsoluteValue.xml
----------------- Instantiating /home/travis/build/icyphy/ptII/ptolemy/actor/lib/test/auto/AbsoluteValue.xml
4 ms. Memory: 340992K Free: 143701K (42%)
----------------- Invoking toplevel() on ptolemy.moml.MoMLSimpleApplication@593678b7
----------------- Done invoking toplevel() on ptolemy.moml.MoMLSimpleApplication@593678b7
reloadAllAccessors: .AbsoluteValue

===========================================================================================
----------------- testing Thu Jun 20 13:13:33 UTC 2019 /home/travis/build/icyphy/ptII/ptolemy/actor/lib/test/auto/AbsoluteValue2.xml
----------------- Instantiating /home/travis/build/icyphy/ptII/ptolemy/actor/lib/test/auto/AbsoluteValue2.xml
12 ms. Memory: 340992K Free: 136533K (40%)
----------------- Invoking toplevel() on ptolemy.moml.MoMLSimpleApplication@2098c8e6
----------------- Done invoking toplevel() on ptolemy.moml.MoMLSimpleApplication@2098c8e6
reloadAllAccessors: .AbsoluteValue2

===========================================================================================
----------------- testing Thu Jun 20 13:13:33 UTC 2019 /home/travis/build/icyphy/ptII/ptolemy/actor/lib/test/auto/Accumulator.xml
----------------- Instantiating /home/travis/build/icyphy/ptII/ptolemy/actor/lib/test/auto/Accumulator.xml
6 ms. Memory: 340992K Free: 291840K (86%)
----------------- Invoking toplevel() on ptolemy.moml.MoMLSimpleApplication@22f536da
----------------- Done invoking toplevel() on ptolemy.moml.MoMLSimpleApplication@22f536da
reloadAllAccessors: .Accumulator

===========================================================================================
----------------- testing Thu Jun 20 13:13:33 UTC 2019 /home/travis/build/icyphy/ptII/ptolemy/actor/lib/test/auto/Accumulator2.xml
----------------- Instantiating /home/travis/build/icyphy/ptII/ptolemy/actor/lib/test/auto/Accumulator2.xml
3 ms. Memory: 340992K Free: 286206K (84%)
----------------- Invoking toplevel() on ptolemy.moml.MoMLSimpleApplication@47a5f31d
----------------- Done invoking toplevel() on ptolemy.moml.MoMLSimpleApplication@47a5f31d
reloadAllAccessors: .Accumulator2

===========================================================================================
----------------- testing Thu Jun 20 13:13:33 UTC 2019 /home/travis/build/icyphy/ptII/ptolemy/actor/lib/test/auto/Accumulator3.xml
----------------- Instantiating /home/travis/build/icyphy/ptII/ptolemy/actor/lib/test/auto/Accumulator3.xml
8 ms. Memory: 340992K Free: 282110K (83%)
----------------- Invoking toplevel() on ptolemy.moml.MoMLSimpleApplication@538a6aa
----------------- Done invoking toplevel() on ptolemy.moml.MoMLSimpleApplication@538a6aa
reloadAllAccessors: .Accumulator3

===========================================================================================
----------------- testing Thu Jun 20 13:13:33 UTC 2019 /home/travis/build/icyphy/ptII/ptolemy/actor/lib/test/auto/ArrayAppend.xml
----------------- Instantiating /home/travis/build/icyphy/ptII/ptolemy/actor/lib/test/auto/ArrayAppend.xml
4 ms. Memory: 340992K Free: 275951K (81%)
----------------- Invoking toplevel() on ptolemy.moml.MoMLSimpleApplication@60770058
----------------- Done invoking toplevel() on ptolemy.moml.MoMLSimpleApplication@60770058
reloadAllAccessors: .ArrayAppend

===========================================================================================
----------------- testing Thu Jun 20 13:13:33 UTC 2019 /home/travis/build/icyphy/ptII/ptolemy/actor/lib/test/auto/ArrayAppend2.xml
----------------- Instantiating /home/travis/build/icyphy/ptII/ptolemy/actor/lib/test/auto/ArrayAppend2.xml
342 ms. Memory: 340992K Free: 205310K (60%)
----------------- Invoking toplevel() on ptolemy.moml.MoMLSimpleApplication@2d910476
----------------- Done invoking toplevel() on ptolemy.moml.MoMLSimpleApplication@2d910476
reloadAllAccessors: .ArrayAppend2

===========================================================================================
----------------- testing Thu Jun 20 13:13:34 UTC 2019 /home/travis/build/icyphy/ptII/ptolemy/actor/lib/test/auto/ArrayAppend3.xml
----------------- Instantiating /home/travis/build/icyphy/ptII/ptolemy/actor/lib/test/auto/ArrayAppend3.xml
4 ms. Memory: 340992K Free: 200190K (59%)
----------------- Invoking toplevel() on ptolemy.moml.MoMLSimpleApplication@7687de4
----------------- Done invoking toplevel() on ptolemy.moml.MoMLSimpleApplication@7687de4
reloadAllAccessors: .ArrayAppend3

===========================================================================================
----------------- testing Thu Jun 20 13:13:34 UTC 2019 /home/travis/build/icyphy/ptII/ptolemy/actor/lib/test/auto/ArrayAppend4.xml
----------------- Instantiating /home/travis/build/icyphy/ptII/ptolemy/actor/lib/test/auto/ArrayAppend4.xml
2 ms. Memory: 340992K Free: 195070K (57%)
----------------- Invoking toplevel() on ptolemy.moml.MoMLSimpleApplication@2bfe59f8
----------------- Done invoking toplevel() on ptolemy.moml.MoMLSimpleApplication@2bfe59f8
reloadAllAccessors: .ArrayAppend4

===========================================================================================
----------------- testing Thu Jun 20 13:13:34 UTC 2019 /home/travis/build/icyphy/ptII/ptolemy/actor/lib/test/auto/ArrayAppend5.xml
----------------- Instantiating /home/travis/build/icyphy/ptII/ptolemy/actor/lib/test/auto/ArrayAppend5.xml
2 ms. Memory: 340992K Free: 190943K (56%)
----------------- Invoking toplevel() on ptolemy.moml.MoMLSimpleApplication@477f83c8
----------------- Done invoking toplevel() on ptolemy.moml.MoMLSimpleApplication@477f83c8
reloadAllAccessors: .ArrayAppend5

===========================================================================================
----------------- testing Thu Jun 20 13:13:34 UTC 2019 /home/travis/build/icyphy/ptII/ptolemy/actor/lib/test/auto/ArrayAppend6.xml
----------------- Instantiating /home/travis/build/icyphy/ptII/ptolemy/actor/lib/test/auto/ArrayAppend6.xml
3 ms. Memory: 340992K Free: 184830K (54%)
----------------- Invoking toplevel() on ptolemy.moml.MoMLSimpleApplication@17fdb315
----------------- Done invoking toplevel() on ptolemy.moml.MoMLSimpleApplication@17fdb315
reloadAllAccessors: .ArrayAppend6

===========================================================================================
----------------- testing Thu Jun 20 13:13:34 UTC 2019 /home/travis/build/icyphy/ptII/ptolemy/actor/lib/test/auto/ArrayAppendPerformanceTest.xml
----------------- Instantiating /home/travis/build/icyphy/ptII/ptolemy/actor/lib/test/auto/ArrayAppendPerformanceTest.xml
31 ms. Memory: 340992K Free: 174590K (51%)
----------------- Invoking toplevel() on ptolemy.moml.MoMLSimpleApplication@3dba5418
----------------- Done invoking toplevel() on ptolemy.moml.MoMLSimpleApplication@3dba5418
reloadAllAccessors: .ArrayAppendPerformanceTest

===========================================================================================
----------------- testing Thu Jun 20 13:13:34 UTC 2019 /home/travis/build/icyphy/ptII/ptolemy/actor/lib/test/auto/ArrayAppendWithEmptyInput.xml
----------------- Instantiating /home/travis/build/icyphy/ptII/ptolemy/actor/lib/test/auto/ArrayAppendWithEmptyInput.xml
9 ms. Memory: 340992K Free: 166398K (49%)
----------------- Invoking toplevel() on ptolemy.moml.MoMLSimpleApplication@1d05bc30
----------------- Done invoking toplevel() on ptolemy.moml.MoMLSimpleApplication@1d05bc30
reloadAllAccessors: .ArrayAppendWithEmptyInput

===========================================================================================
----------------- testing Thu Jun 20 13:13:34 UTC 2019 /home/travis/build/icyphy/ptII/ptolemy/actor/lib/test/auto/ArrayAverage.xml
----------------- Instantiating /home/travis/build/icyphy/ptII/ptolemy/actor/lib/test/auto/ArrayAverage.xml
5 ms. Memory: 340992K Free: 159230K (47%)
----------------- Invoking toplevel() on ptolemy.moml.MoMLSimpleApplication@6e96cb11
----------------- Done invoking toplevel() on ptolemy.moml.MoMLSimpleApplication@6e96cb11
reloadAllAccessors: .ArrayAverage

===========================================================================================
----------------- testing Thu Jun 20 13:13:34 UTC 2019 /home/travis/build/icyphy/ptII/ptolemy/actor/lib/test/auto/ArrayContains.xml
----------------- Instantiating /home/travis/build/icyphy/ptII/ptolemy/actor/lib/test/auto/ArrayContains.xml
7 ms. Memory: 340992K Free: 153086K (45%)
----------------- Invoking toplevel() on ptolemy.moml.MoMLSimpleApplication@2e5da45a
----------------- Done invoking toplevel() on ptolemy.moml.MoMLSimpleApplication@2e5da45a
reloadAllAccessors: .ArrayContains

===========================================================================================
----------------- testing Thu Jun 20 13:13:34 UTC 2019 /home/travis/build/icyphy/ptII/ptolemy/actor/lib/test/auto/ArrayElement.xml
----------------- Instantiating /home/travis/build/icyphy/ptII/ptolemy/actor/lib/test/auto/ArrayElement.xml
9 ms. Memory: 340992K Free: 147456K (43%)
----------------- Invoking toplevel() on ptolemy.moml.MoMLSimpleApplication@586a2448
----------------- Done invoking toplevel() on ptolemy.moml.MoMLSimpleApplication@586a2448
reloadAllAccessors: .ArrayElement

===========================================================================================
----------------- testing Thu Jun 20 13:13:34 UTC 2019 /home/travis/build/icyphy/ptII/ptolemy/actor/lib/test/auto/ArrayElementAsMatrix.xml
----------------- Instantiating /home/travis/build/icyphy/ptII/ptolemy/actor/lib/test/auto/ArrayElementAsMatrix.xml
11 ms. Memory: 340992K Free: 137216K (40%)
----------------- Invoking toplevel() on ptolemy.moml.MoMLSimpleApplication@2be94e08
----------------- Done invoking toplevel() on ptolemy.moml.MoMLSimpleApplication@2be94e08
reloadAllAccessors: .ArrayElementAsMatrix

===========================================================================================
----------------- testing Thu Jun 20 13:13:34 UTC 2019 /home/travis/build/icyphy/ptII/ptolemy/actor/lib/test/auto/ArrayElementI.xml
----------------- Instantiating /home/travis/build/icyphy/ptII/ptolemy/actor/lib/test/auto/ArrayElementI.xml
4 ms. Memory: 340992K Free: 132591K (39%)
----------------- Invoking toplevel() on ptolemy.moml.MoMLSimpleApplication@61fd62ca
----------------- Done invoking toplevel() on ptolemy.moml.MoMLSimpleApplication@61fd62ca
reloadAllAccessors: .ArrayElementI

===========================================================================================
----------------- testing Thu Jun 20 13:13:34 UTC 2019 /home/travis/build/icyphy/ptII/ptolemy/actor/lib/test/auto/ArrayExtract.xml
----------------- Instantiating /home/travis/build/icyphy/ptII/ptolemy/actor/lib/test/auto/ArrayExtract.xml
4 ms. Memory: 340992K Free: 124414K (36%)
----------------- Invoking toplevel() on ptolemy.moml.MoMLSimpleApplication@4684f10a
----------------- Done invoking toplevel() on ptolemy.moml.MoMLSimpleApplication@4684f10a
reloadAllAccessors: .ArrayExtract

===========================================================================================
----------------- testing Thu Jun 20 13:13:34 UTC 2019 /home/travis/build/icyphy/ptII/ptolemy/actor/lib/test/auto/ArrayExtract2.xml
----------------- Instantiating /home/travis/build/icyphy/ptII/ptolemy/actor/lib/test/auto/ArrayExtract2.xml
3 ms. Memory: 340992K Free: 118784K (35%)
----------------- Invoking toplevel() on ptolemy.moml.MoMLSimpleApplication@37f92c03
----------------- Done invoking toplevel() on ptolemy.moml.MoMLSimpleApplication@37f92c03
reloadAllAccessors: .ArrayExtract2

===========================================================================================
----------------- testing Thu Jun 20 13:13:34 UTC 2019 /home/travis/build/icyphy/ptII/ptolemy/actor/lib/test/auto/ArrayLength.xml
----------------- Instantiating /home/travis/build/icyphy/ptII/ptolemy/actor/lib/test/auto/ArrayLength.xml
3 ms. Memory: 340992K Free: 115198K (34%)
----------------- Invoking toplevel() on ptolemy.moml.MoMLSimpleApplication@2f9d19d8
----------------- Done invoking toplevel() on ptolemy.moml.MoMLSimpleApplication@2f9d19d8
reloadAllAccessors: .ArrayLength

===========================================================================================
----------------- testing Thu Jun 20 13:13:34 UTC 2019 /home/travis/build/icyphy/ptII/ptolemy/actor/lib/test/auto/ArrayLevelCrossing.xml
----------------- Instantiating /home/travis/build/icyphy/ptII/ptolemy/actor/lib/test/auto/ArrayLevelCrossing.xml
8 ms. Memory: 340992K Free: 286755K (84%)
----------------- Invoking toplevel() on ptolemy.moml.MoMLSimpleApplication@35c6b100
----------------- Done invoking toplevel() on ptolemy.moml.MoMLSimpleApplication@35c6b100
reloadAllAccessors: .ArrayLevelCrossing

===========================================================================================
----------------- testing Thu Jun 20 13:13:34 UTC 2019 /home/travis/build/icyphy/ptII/ptolemy/actor/lib/test/auto/ArrayLevelCrossing2.xml
----------------- Instantiating /home/travis/build/icyphy/ptII/ptolemy/actor/lib/test/auto/ArrayLevelCrossing2.xml
2 ms. Memory: 340992K Free: 279573K (82%)
----------------- Invoking toplevel() on ptolemy.moml.MoMLSimpleApplication@557d5fc5
----------------- Done invoking toplevel() on ptolemy.moml.MoMLSimpleApplication@557d5fc5
reloadAllAccessors: .ArrayLevelCrossing2

===========================================================================================
----------------- testing Thu Jun 20 13:13:35 UTC 2019 /home/travis/build/icyphy/ptII/ptolemy/actor/lib/test/auto/ArrayPeakSearch.xml
----------------- Instantiating /home/travis/build/icyphy/ptII/ptolemy/actor/lib/test/auto/ArrayPeakSearch.xml
10 ms. Memory: 340992K Free: 270371K (79%)
----------------- Invoking toplevel() on ptolemy.moml.MoMLSimpleApplication@497a09a2
----------------- Done invoking toplevel() on ptolemy.moml.MoMLSimpleApplication@497a09a2
reloadAllAccessors: .ArrayPeakSearch

===========================================================================================
----------------- testing Thu Jun 20 13:13:35 UTC 2019 /home/travis/build/icyphy/ptII/ptolemy/actor/lib/test/auto/ArrayPeakSearch2.xml
----------------- Instantiating /home/travis/build/icyphy/ptII/ptolemy/actor/lib/test/auto/ArrayPeakSearch2.xml
7 ms. Memory: 340992K Free: 260117K (76%)
----------------- Invoking toplevel() on ptolemy.moml.MoMLSimpleApplication@8c437b6
----------------- Done invoking toplevel() on ptolemy.moml.MoMLSimpleApplication@8c437b6
reloadAllAccessors: .ArrayPeakSearch2

===========================================================================================
----------------- testing Thu Jun 20 13:13:35 UTC 2019 /home/travis/build/icyphy/ptII/ptolemy/actor/lib/test/auto/ArrayPeakSearch3.xml
----------------- Instantiating /home/travis/build/icyphy/ptII/ptolemy/actor/lib/test/auto/ArrayPeakSearch3.xml
6 ms. Memory: 340992K Free: 250915K (74%)
----------------- Invoking toplevel() on ptolemy.moml.MoMLSimpleApplication@50f933ce
----------------- Done invoking toplevel() on ptolemy.moml.MoMLSimpleApplication@50f933ce
reloadAllAccessors: .ArrayPeakSearch3

===========================================================================================
----------------- testing Thu Jun 20 13:13:35 UTC 2019 /home/travis/build/icyphy/ptII/ptolemy/actor/lib/test/auto/ArrayRemoveElement.xml
----------------- Instantiating /home/travis/build/icyphy/ptII/ptolemy/actor/lib/test/auto/ArrayRemoveElement.xml
3 ms. Memory: 340992K Free: 243237K (71%)
----------------- Invoking toplevel() on ptolemy.moml.MoMLSimpleApplication@227736a5
----------------- Done invoking toplevel() on ptolemy.moml.MoMLSimpleApplication@227736a5
reloadAllAccessors: .ArrayRemoveElement

===========================================================================================
----------------- testing Thu Jun 20 13:13:35 UTC 2019 /home/travis/build/icyphy/ptII/ptolemy/actor/lib/test/auto/ArraySort.xml
----------------- Instantiating /home/travis/build/icyphy/ptII/ptolemy/actor/lib/test/auto/ArraySort.xml
6 ms. Memory: 340992K Free: 234021K (69%)
----------------- Invoking toplevel() on ptolemy.moml.MoMLSimpleApplication@6114a0ba
----------------- Done invoking toplevel() on ptolemy.moml.MoMLSimpleApplication@6114a0ba
reloadAllAccessors: .ArraySort

===========================================================================================
----------------- testing Thu Jun 20 13:13:35 UTC 2019 /home/travis/build/icyphy/ptII/ptolemy/actor/lib/test/auto/ArraySum.xml
----------------- Instantiating /home/travis/build/icyphy/ptII/ptolemy/actor/lib/test/auto/ArraySum.xml
5 ms. Memory: 340992K Free: 228901K (67%)
----------------- Invoking toplevel() on ptolemy.moml.MoMLSimpleApplication@3b32d19b
----------------- Done invoking toplevel() on ptolemy.moml.MoMLSimpleApplication@3b32d19b
reloadAllAccessors: .ArraySum

===========================================================================================
----------------- testing Thu Jun 20 13:13:35 UTC 2019 /home/travis/build/icyphy/ptII/ptolemy/actor/lib/test/auto/ArrayToElements.xml
----------------- Instantiating /home/travis/build/icyphy/ptII/ptolemy/actor/lib/test/auto/ArrayToElements.xml
9 ms. Memory: 340992K Free: 223267K (65%)
----------------- Invoking toplevel() on ptolemy.moml.MoMLSimpleApplication@3811c9c8
----------------- Done invoking toplevel() on ptolemy.moml.MoMLSimpleApplication@3811c9c8
reloadAllAccessors: .ArrayToElements

===========================================================================================
----------------- testing Thu Jun 20 13:13:35 UTC 2019 /home/travis/build/icyphy/ptII/ptolemy/actor/lib/test/auto/ArrayToMatrix.xml
----------------- Instantiating /home/travis/build/icyphy/ptII/ptolemy/actor/lib/test/auto/ArrayToMatrix.xml
13 ms. Memory: 340992K Free: 209445K (61%)
----------------- Invoking toplevel() on ptolemy.moml.MoMLSimpleApplication@27f7d36c
----------------- Done invoking toplevel() on ptolemy.moml.MoMLSimpleApplication@27f7d36c
reloadAllAccessors: .ArrayToMatrix

===========================================================================================
----------------- testing Thu Jun 20 13:13:35 UTC 2019 /home/travis/build/icyphy/ptII/ptolemy/actor/lib/test/auto/ArrayUpdate1.xml
----------------- Instantiating /home/travis/build/icyphy/ptII/ptolemy/actor/lib/test/auto/ArrayUpdate1.xml
2 ms. Memory: 340992K Free: 204325K (60%)
----------------- Invoking toplevel() on ptolemy.moml.MoMLSimpleApplication@5561707b
----------------- Done invoking toplevel() on ptolemy.moml.MoMLSimpleApplication@5561707b
reloadAllAccessors: .ArrayUpdate1

===========================================================================================
----------------- testing Thu Jun 20 13:13:35 UTC 2019 /home/travis/build/icyphy/ptII/ptolemy/actor/lib/test/auto/ArrayUpdate2.xml
----------------- Instantiating /home/travis/build/icyphy/ptII/ptolemy/actor/lib/test/auto/ArrayUpdate2.xml
6 ms. Memory: 340992K Free: 198181K (58%)
----------------- Invoking toplevel() on ptolemy.moml.MoMLSimpleApplication@184f6a0c
----------------- Done invoking toplevel() on ptolemy.moml.MoMLSimpleApplication@184f6a0c
reloadAllAccessors: .ArrayUpdate2

===========================================================================================
----------------- testing Thu Jun 20 13:13:35 UTC 2019 /home/travis/build/icyphy/ptII/ptolemy/actor/lib/test/auto/ArrayUpdate3.xml
----------------- Instantiating /home/travis/build/icyphy/ptII/ptolemy/actor/lib/test/auto/ArrayUpdate3.xml
4 ms. Memory: 340992K Free: 193061K (57%)
----------------- Invoking toplevel() on ptolemy.moml.MoMLSimpleApplication@1308706b
----------------- Done invoking toplevel() on ptolemy.moml.MoMLSimpleApplication@1308706b
reloadAllAccessors: .ArrayUpdate3

===========================================================================================
----------------- testing Thu Jun 20 13:13:35 UTC 2019 /home/travis/build/icyphy/ptII/ptolemy/actor/lib/test/auto/Assert1.xml
----------------- Instantiating /home/travis/build/icyphy/ptII/ptolemy/actor/lib/test/auto/Assert1.xml
5 ms. Memory: 340992K Free: 188965K (55%)
----------------- Invoking toplevel() on ptolemy.moml.MoMLSimpleApplication@4704b70e
----------------- Done invoking toplevel() on ptolemy.moml.MoMLSimpleApplication@4704b70e
reloadAllAccessors: .Assert1

===========================================================================================
----------------- testing Thu Jun 20 13:13:35 UTC 2019 /home/travis/build/icyphy/ptII/ptolemy/actor/lib/test/auto/Assert2.xml
----------------- Instantiating /home/travis/build/icyphy/ptII/ptolemy/actor/lib/test/auto/Assert2.xml
2 ms. Memory: 340992K Free: 183331K (54%)
----------------- Invoking toplevel() on ptolemy.moml.MoMLSimpleApplication@3b22c454
----------------- Done invoking toplevel() on ptolemy.moml.MoMLSimpleApplication@3b22c454
reloadAllAccessors: .Assert2

===========================================================================================
----------------- testing Thu Jun 20 13:13:35 UTC 2019 /home/travis/build/icyphy/ptII/ptolemy/actor/lib/test/auto/BooleanMultiplexor.xml
----------------- Instantiating /home/travis/build/icyphy/ptII/ptolemy/actor/lib/test/auto/BooleanMultiplexor.xml
2 ms. Memory: 340992K Free: 178197K (52%)
----------------- Invoking toplevel() on ptolemy.moml.MoMLSimpleApplication@7f92bebc
----------------- Done invoking toplevel() on ptolemy.moml.MoMLSimpleApplication@7f92bebc
reloadAllAccessors: .BooleanMultiplexor

===========================================================================================
----------------- testing Thu Jun 20 13:13:35 UTC 2019 /home/travis/build/icyphy/ptII/ptolemy/actor/lib/test/auto/BooleanMultiplexor2.xml
----------------- Instantiating /home/travis/build/icyphy/ptII/ptolemy/actor/lib/test/auto/BooleanMultiplexor2.xml
12 ms. Memory: 340992K Free: 171557K (50%)
----------------- Invoking toplevel() on ptolemy.moml.MoMLSimpleApplication@225ec87e
----------------- Done invoking toplevel() on ptolemy.moml.MoMLSimpleApplication@225ec87e
reloadAllAccessors: .BooleanMultiplexor2

===========================================================================================
----------------- testing Thu Jun 20 13:13:35 UTC 2019 /home/travis/build/icyphy/ptII/ptolemy/actor/lib/test/auto/BooleanMultiplexor3.xml
----------------- Instantiating /home/travis/build/icyphy/ptII/ptolemy/actor/lib/test/auto/BooleanMultiplexor3.xml
2 ms. Memory: 340992K Free: 167971K (49%)
----------------- Invoking toplevel() on ptolemy.moml.MoMLSimpleApplication@60275e51
----------------- Done invoking toplevel() on ptolemy.moml.MoMLSimpleApplication@60275e51
reloadAllAccessors: .BooleanMultiplexor3

===========================================================================================
----------------- testing Thu Jun 20 13:13:35 UTC 2019 /home/travis/build/icyphy/ptII/ptolemy/actor/lib/test/auto/BooleanSelect.xml
----------------- Instantiating /home/travis/build/icyphy/ptII/ptolemy/actor/lib/test/auto/BooleanSelect.xml
11 ms. Memory: 340992K Free: 161797K (47%)
----------------- Invoking toplevel() on ptolemy.moml.MoMLSimpleApplication@4af33457
----------------- Done invoking toplevel() on ptolemy.moml.MoMLSimpleApplication@4af33457
reloadAllAccessors: .BooleanSelect

===========================================================================================
----------------- testing Thu Jun 20 13:13:35 UTC 2019 /home/travis/build/icyphy/ptII/ptolemy/actor/lib/test/auto/BooleanSelect2.xml
----------------- Instantiating /home/travis/build/icyphy/ptII/ptolemy/actor/lib/test/auto/BooleanSelect2.xml
2 ms. Memory: 340992K Free: 157731K (46%)
----------------- Invoking toplevel() on ptolemy.moml.MoMLSimpleApplication@1dceac3a
----------------- Done invoking toplevel() on ptolemy.moml.MoMLSimpleApplication@1dceac3a
reloadAllAccessors: .BooleanSelect2

===========================================================================================
----------------- testing Thu Jun 20 13:13:35 UTC 2019 /home/travis/build/icyphy/ptII/ptolemy/actor/lib/test/auto/BooleanSwitch.xml
----------------- Instantiating /home/travis/build/icyphy/ptII/ptolemy/actor/lib/test/auto/BooleanSwitch.xml
7 ms. Memory: 340992K Free: 151582K (44%)
----------------- Invoking toplevel() on ptolemy.moml.MoMLSimpleApplication@160f16f1
----------------- Done invoking toplevel() on ptolemy.moml.MoMLSimpleApplication@160f16f1
reloadAllAccessors: .BooleanSwitch

===========================================================================================
----------------- testing Thu Jun 20 13:13:35 UTC 2019 /home/travis/build/icyphy/ptII/ptolemy/actor/lib/test/auto/BooleanSwitch2.xml
----------------- Instantiating /home/travis/build/icyphy/ptII/ptolemy/actor/lib/test/auto/BooleanSwitch2.xml
2 ms. Memory: 340992K Free: 146981K (43%)
----------------- Invoking toplevel() on ptolemy.moml.MoMLSimpleApplication@738f3f08
----------------- Done invoking toplevel() on ptolemy.moml.MoMLSimpleApplication@738f3f08
reloadAllAccessors: .BooleanSwitch2

===========================================================================================
----------------- testing Thu Jun 20 13:13:35 UTC 2019 /home/travis/build/icyphy/ptII/ptolemy/actor/lib/test/auto/BooleanSwitchCloningBugWithClassRelationGroup.xml
----------------- Instantiating /home/travis/build/icyphy/ptII/ptolemy/actor/lib/test/auto/BooleanSwitchCloningBugWithClassRelationGroup.xml
2 ms. Memory: 340992K Free: 140323K (41%)
----------------- Invoking toplevel() on ptolemy.moml.MoMLSimpleApplication@60266b0
----------------- Done invoking toplevel() on ptolemy.moml.MoMLSimpleApplication@60266b0
reloadAllAccessors: .BooleanSwitchCloningBugWithClassRelationGroup

===========================================================================================
----------------- testing Thu Jun 20 13:13:35 UTC 2019 /home/travis/build/icyphy/ptII/ptolemy/actor/lib/test/auto/BusActors.xml
----------------- Instantiating /home/travis/build/icyphy/ptII/ptolemy/actor/lib/test/auto/BusActors.xml
5 ms. Memory: 340992K Free: 133155K (39%)
----------------- Invoking toplevel() on ptolemy.moml.MoMLSimpleApplication@660a1b89
----------------- Done invoking toplevel() on ptolemy.moml.MoMLSimpleApplication@660a1b89
reloadAllAccessors: .BusActors

===========================================================================================
----------------- testing Thu Jun 20 13:13:35 UTC 2019 /home/travis/build/icyphy/ptII/ptolemy/actor/lib/test/auto/ClassWrapper.xml
----------------- Instantiating /home/travis/build/icyphy/ptII/ptolemy/actor/lib/test/auto/ClassWrapper.xml
3 ms. Memory: 340992K Free: 128549K (38%)
----------------- Invoking toplevel() on ptolemy.moml.MoMLSimpleApplication@17cc12c9
----------------- Done invoking toplevel() on ptolemy.moml.MoMLSimpleApplication@17cc12c9
reloadAllAccessors: .ClassWrapper

===========================================================================================
----------------- testing Thu Jun 20 13:13:35 UTC 2019 /home/travis/build/icyphy/ptII/ptolemy/actor/lib/test/auto/Clock.xml
----------------- Instantiating /home/travis/build/icyphy/ptII/ptolemy/actor/lib/test/auto/Clock.xml
3 ms. Memory: 340992K Free: 124963K (37%)
----------------- Invoking toplevel() on ptolemy.moml.MoMLSimpleApplication@4b34954d
----------------- Done invoking toplevel() on ptolemy.moml.MoMLSimpleApplication@4b34954d
reloadAllAccessors: .Clock

===========================================================================================
----------------- testing Thu Jun 20 13:13:35 UTC 2019 /home/travis/build/icyphy/ptII/ptolemy/actor/lib/test/auto/Clock10.xml
----------------- Instantiating /home/travis/build/icyphy/ptII/ptolemy/actor/lib/test/auto/Clock10.xml
3 ms. Memory: 340992K Free: 118819K (35%)
----------------- Invoking toplevel() on ptolemy.moml.MoMLSimpleApplication@222e81ce
----------------- Done invoking toplevel() on ptolemy.moml.MoMLSimpleApplication@222e81ce
reloadAllAccessors: .Clock10

===========================================================================================
----------------- testing Thu Jun 20 13:13:35 UTC 2019 /home/travis/build/icyphy/ptII/ptolemy/actor/lib/test/auto/Clock11.xml
----------------- Instantiating /home/travis/build/icyphy/ptII/ptolemy/actor/lib/test/auto/Clock11.xml
4 ms. Memory: 340992K Free: 112675K (33%)
----------------- Invoking toplevel() on ptolemy.moml.MoMLSimpleApplication@77a1ac6c
----------------- Done invoking toplevel() on ptolemy.moml.MoMLSimpleApplication@77a1ac6c
reloadAllAccessors: .Clock11

===========================================================================================
----------------- testing Thu Jun 20 13:13:35 UTC 2019 /home/travis/build/icyphy/ptII/ptolemy/actor/lib/test/auto/Clock12.xml
----------------- Instantiating /home/travis/build/icyphy/ptII/ptolemy/actor/lib/test/auto/Clock12.xml
4 ms. Memory: 340992K Free: 107045K (31%)
----------------- Invoking toplevel() on ptolemy.moml.MoMLSimpleApplication@1f1c236b
----------------- Done invoking toplevel() on ptolemy.moml.MoMLSimpleApplication@1f1c236b
reloadAllAccessors: .Clock12

===========================================================================================
----------------- testing Thu Jun 20 13:13:35 UTC 2019 /home/travis/build/icyphy/ptII/ptolemy/actor/lib/test/auto/Clock13.xml
----------------- Instantiating /home/travis/build/icyphy/ptII/ptolemy/actor/lib/test/auto/Clock13.xml
7 ms. Memory: 340992K Free: 100901K (30%)
----------------- Invoking toplevel() on ptolemy.moml.MoMLSimpleApplication@381ab4d7
----------------- Done invoking toplevel() on ptolemy.moml.MoMLSimpleApplication@381ab4d7
reloadAllAccessors: .Clock13

===========================================================================================
----------------- testing Thu Jun 20 13:13:35 UTC 2019 /home/travis/build/icyphy/ptII/ptolemy/actor/lib/test/auto/Clock14.xml
----------------- Instantiating /home/travis/build/icyphy/ptII/ptolemy/actor/lib/test/auto/Clock14.xml
9 ms. Memory: 610304K Free: 561173K (92%)
----------------- Invoking toplevel() on ptolemy.moml.MoMLSimpleApplication@4eba0f59
----------------- Done invoking toplevel() on ptolemy.moml.MoMLSimpleApplication@4eba0f59
reloadAllAccessors: .Clock14

===========================================================================================
----------------- testing Thu Jun 20 13:13:35 UTC 2019 /home/travis/build/icyphy/ptII/ptolemy/actor/lib/test/auto/Clock15.xml
----------------- Instantiating /home/travis/build/icyphy/ptII/ptolemy/actor/lib/test/auto/Clock15.xml
6 ms. Memory: 610304K Free: 555013K (91%)
----------------- Invoking toplevel() on ptolemy.moml.MoMLSimpleApplication@fc0dac9
----------------- Done invoking toplevel() on ptolemy.moml.MoMLSimpleApplication@fc0dac9
reloadAllAccessors: .Clock15

===========================================================================================
----------------- testing Thu Jun 20 13:13:35 UTC 2019 /home/travis/build/icyphy/ptII/ptolemy/actor/lib/test/auto/Clock16.xml
----------------- Instantiating /home/travis/build/icyphy/ptII/ptolemy/actor/lib/test/auto/Clock16.xml
36 ms. Memory: 610304K Free: 540195K (89%)
----------------- Invoking toplevel() on ptolemy.moml.MoMLSimpleApplication@2e12011b
----------------- Done invoking toplevel() on ptolemy.moml.MoMLSimpleApplication@2e12011b
reloadAllAccessors: .Clock16

===========================================================================================
----------------- testing Thu Jun 20 13:13:36 UTC 2019 /home/travis/build/icyphy/ptII/ptolemy/actor/lib/test/auto/Clock17.xml
----------------- Instantiating /home/travis/build/icyphy/ptII/ptolemy/actor/lib/test/auto/Clock17.xml
30 ms. Memory: 610304K Free: 526357K (86%)
----------------- Invoking toplevel() on ptolemy.moml.MoMLSimpleApplication@6af3c511
----------------- Done invoking toplevel() on ptolemy.moml.MoMLSimpleApplication@6af3c511
reloadAllAccessors: .Clock17

===========================================================================================
----------------- testing Thu Jun 20 13:13:36 UTC 2019 /home/travis/build/icyphy/ptII/ptolemy/actor/lib/test/auto/Clock18.xml
----------------- Instantiating /home/travis/build/icyphy/ptII/ptolemy/actor/lib/test/auto/Clock18.xml
18 ms. Memory: 610304K Free: 513029K (84%)
----------------- Invoking toplevel() on ptolemy.moml.MoMLSimpleApplication@3b1ce177
----------------- Done invoking toplevel() on ptolemy.moml.MoMLSimpleApplication@3b1ce177
reloadAllAccessors: .Clock18

===========================================================================================
----------------- testing Thu Jun 20 13:13:36 UTC 2019 /home/travis/build/icyphy/ptII/ptolemy/actor/lib/test/auto/Clock19.xml
----------------- Instantiating /home/travis/build/icyphy/ptII/ptolemy/actor/lib/test/auto/Clock19.xml
14 ms. Memory: 610304K Free: 500261K (82%)
----------------- Invoking toplevel() on ptolemy.moml.MoMLSimpleApplication@7f3a3a75
----------------- Done invoking toplevel() on ptolemy.moml.MoMLSimpleApplication@7f3a3a75
reloadAllAccessors: .Clock19

===========================================================================================
----------------- testing Thu Jun 20 13:13:36 UTC 2019 /home/travis/build/icyphy/ptII/ptolemy/actor/lib/test/auto/Clock2.xml
----------------- Instantiating /home/travis/build/icyphy/ptII/ptolemy/actor/lib/test/auto/Clock2.xml
5 ms. Memory: 610304K Free: 495645K (81%)
----------------- Invoking toplevel() on ptolemy.moml.MoMLSimpleApplication@6f9bfe3b
----------------- Done invoking toplevel() on ptolemy.moml.MoMLSimpleApplication@6f9bfe3b
reloadAllAccessors: .Clock2

===========================================================================================
----------------- testing Thu Jun 20 13:13:36 UTC 2019 /home/travis/build/icyphy/ptII/ptolemy/actor/lib/test/auto/Clock20.xml
----------------- Instantiating /home/travis/build/icyphy/ptII/ptolemy/actor/lib/test/auto/Clock20.xml
7 ms. Memory: 610304K Free: 490021K (80%)
----------------- Invoking toplevel() on ptolemy.moml.MoMLSimpleApplication@69a6e98f
----------------- Done invoking toplevel() on ptolemy.moml.MoMLSimpleApplication@69a6e98f
reloadAllAccessors: .Clock20

===========================================================================================
----------------- testing Thu Jun 20 13:13:36 UTC 2019 /home/travis/build/icyphy/ptII/ptolemy/actor/lib/test/auto/Clock21.xml
----------------- Instantiating /home/travis/build/icyphy/ptII/ptolemy/actor/lib/test/auto/Clock21.xml
3 ms. Memory: 610304K Free: 484901K (79%)
----------------- Invoking toplevel() on ptolemy.moml.MoMLSimpleApplication@5aa9d11e
----------------- Done invoking toplevel() on ptolemy.moml.MoMLSimpleApplication@5aa9d11e
reloadAllAccessors: .Clock21

===========================================================================================
----------------- testing Thu Jun 20 13:13:36 UTC 2019 /home/travis/build/icyphy/ptII/ptolemy/actor/lib/test/auto/Clock22.xml
----------------- Instantiating /home/travis/build/icyphy/ptII/ptolemy/actor/lib/test/auto/Clock22.xml
2 ms. Memory: 610304K Free: 479267K (79%)
----------------- Invoking toplevel() on ptolemy.moml.MoMLSimpleApplication@742d628d
----------------- Done invoking toplevel() on ptolemy.moml.MoMLSimpleApplication@742d628d
reloadAllAccessors: .Clock22

===========================================================================================
----------------- testing Thu Jun 20 13:13:36 UTC 2019 /home/travis/build/icyphy/ptII/ptolemy/actor/lib/test/auto/Clock23.xml
----------------- Instantiating /home/travis/build/icyphy/ptII/ptolemy/actor/lib/test/auto/Clock23.xml
4 ms. Memory: 610304K Free: 474147K (78%)
----------------- Invoking toplevel() on ptolemy.moml.MoMLSimpleApplication@2854201f
----------------- Done invoking toplevel() on ptolemy.moml.MoMLSimpleApplication@2854201f
reloadAllAccessors: .Clock23

===========================================================================================
----------------- testing Thu Jun 20 13:13:36 UTC 2019 /home/travis/build/icyphy/ptII/ptolemy/actor/lib/test/auto/Clock24.xml
----------------- Instantiating /home/travis/build/icyphy/ptII/ptolemy/actor/lib/test/auto/Clock24.xml
2 ms. Memory: 610304K Free: 468517K (77%)
----------------- Invoking toplevel() on ptolemy.moml.MoMLSimpleApplication@5f0eef02
----------------- Done invoking toplevel() on ptolemy.moml.MoMLSimpleApplication@5f0eef02
reloadAllAccessors: .Clock24

===========================================================================================
----------------- testing Thu Jun 20 13:13:36 UTC 2019 /home/travis/build/icyphy/ptII/ptolemy/actor/lib/test/auto/Clock4.xml
----------------- Instantiating /home/travis/build/icyphy/ptII/ptolemy/actor/lib/test/auto/Clock4.xml
2 ms. Memory: 610304K Free: 463877K (76%)
----------------- Invoking toplevel() on ptolemy.moml.MoMLSimpleApplication@4fafecb7
----------------- Done invoking toplevel() on ptolemy.moml.MoMLSimpleApplication@4fafecb7
reloadAllAccessors: .Clock4

===========================================================================================
----------------- testing Thu Jun 20 13:13:36 UTC 2019 /home/travis/build/icyphy/ptII/ptolemy/actor/lib/test/auto/Clock5.xml
----------------- Instantiating /home/travis/build/icyphy/ptII/ptolemy/actor/lib/test/auto/Clock5.xml
2 ms. Memory: 610304K Free: 458277K (75%)
----------------- Invoking toplevel() on ptolemy.moml.MoMLSimpleApplication@6e132df6
----------------- Done invoking toplevel() on ptolemy.moml.MoMLSimpleApplication@6e132df6
reloadAllAccessors: .Clock5

===========================================================================================
----------------- testing Thu Jun 20 13:13:36 UTC 2019 /home/travis/build/icyphy/ptII/ptolemy/actor/lib/test/auto/Clock6.xml
----------------- Instantiating /home/travis/build/icyphy/ptII/ptolemy/actor/lib/test/auto/Clock6.xml
3 ms. Memory: 610304K Free: 453667K (74%)
----------------- Invoking toplevel() on ptolemy.moml.MoMLSimpleApplication@11171616
----------------- Done invoking toplevel() on ptolemy.moml.MoMLSimpleApplication@11171616
reloadAllAccessors: .Clock6

===========================================================================================
----------------- testing Thu Jun 20 13:13:36 UTC 2019 /home/travis/build/icyphy/ptII/ptolemy/actor/lib/test/auto/Clock7.xml
----------------- Instantiating /home/travis/build/icyphy/ptII/ptolemy/actor/lib/test/auto/Clock7.xml
3 ms. Memory: 610304K Free: 449571K (74%)
----------------- Invoking toplevel() on ptolemy.moml.MoMLSimpleApplication@617ae867
----------------- Done invoking toplevel() on ptolemy.moml.MoMLSimpleApplication@617ae867
reloadAllAccessors: .Clock7

===========================================================================================
----------------- testing Thu Jun 20 13:13:36 UTC 2019 /home/travis/build/icyphy/ptII/ptolemy/actor/lib/test/auto/Clock8.xml
----------------- Instantiating /home/travis/build/icyphy/ptII/ptolemy/actor/lib/test/auto/Clock8.xml
3 ms. Memory: 610304K Free: 443941K (73%)
----------------- Invoking toplevel() on ptolemy.moml.MoMLSimpleApplication@7f3264da
----------------- Done invoking toplevel() on ptolemy.moml.MoMLSimpleApplication@7f3264da
reloadAllAccessors: .Clock8

===========================================================================================
----------------- testing Thu Jun 20 13:13:36 UTC 2019 /home/travis/build/icyphy/ptII/ptolemy/actor/lib/test/auto/Clock9.xml
----------------- Instantiating /home/travis/build/icyphy/ptII/ptolemy/actor/lib/test/auto/Clock9.xml
3 ms. Memory: 610304K Free: 438821K (72%)
----------------- Invoking toplevel() on ptolemy.moml.MoMLSimpleApplication@540557e7
----------------- Done invoking toplevel() on ptolemy.moml.MoMLSimpleApplication@540557e7
reloadAllAccessors: .Clock9

===========================================================================================
----------------- testing Thu Jun 20 13:13:36 UTC 2019 /home/travis/build/icyphy/ptII/ptolemy/actor/lib/test/auto/CommDistDiscard.xml
----------------- Instantiating /home/travis/build/icyphy/ptII/ptolemy/actor/lib/test/auto/CommDistDiscard.xml
4 ms. Memory: 610304K Free: 433187K (71%)
----------------- Invoking toplevel() on ptolemy.moml.MoMLSimpleApplication@210587db
----------------- Done invoking toplevel() on ptolemy.moml.MoMLSimpleApplication@210587db
reloadAllAccessors: .CommDistDiscard

===========================================================================================
----------------- testing Thu Jun 20 13:13:36 UTC 2019 /home/travis/build/icyphy/ptII/ptolemy/actor/lib/test/auto/Commutator.xml
----------------- Instantiating /home/travis/build/icyphy/ptII/ptolemy/actor/lib/test/auto/Commutator.xml
1 ms. Memory: 610304K Free: 428581K (70%)
----------------- Invoking toplevel() on ptolemy.moml.MoMLSimpleApplication@5ee2c8f5
----------------- Done invoking toplevel() on ptolemy.moml.MoMLSimpleApplication@5ee2c8f5
reloadAllAccessors: .Commutator

===========================================================================================
----------------- testing Thu Jun 20 13:13:36 UTC 2019 /home/travis/build/icyphy/ptII/ptolemy/actor/lib/test/auto/Commutator2.xml
----------------- Instantiating /home/travis/build/icyphy/ptII/ptolemy/actor/lib/test/auto/Commutator2.xml
1 ms. Memory: 610304K Free: 424485K (70%)
----------------- Invoking toplevel() on ptolemy.moml.MoMLSimpleApplication@511963ed
----------------- Done invoking toplevel() on ptolemy.moml.MoMLSimpleApplication@511963ed
reloadAllAccessors: .Commutator2

===========================================================================================
----------------- testing Thu Jun 20 13:13:36 UTC 2019 /home/travis/build/icyphy/ptII/ptolemy/actor/lib/test/auto/Commutator3.xml
----------------- Instantiating /home/travis/build/icyphy/ptII/ptolemy/actor/lib/test/auto/Commutator3.xml
1 ms. Memory: 610304K Free: 419875K (69%)
----------------- Invoking toplevel() on ptolemy.moml.MoMLSimpleApplication@4c7af8c6
----------------- Done invoking toplevel() on ptolemy.moml.MoMLSimpleApplication@4c7af8c6
reloadAllAccessors: .Commutator3

===========================================================================================
----------------- testing Thu Jun 20 13:13:36 UTC 2019 /home/travis/build/icyphy/ptII/ptolemy/actor/lib/test/auto/Compare.xml
----------------- Instantiating /home/travis/build/icyphy/ptII/ptolemy/actor/lib/test/auto/Compare.xml
2 ms. Memory: 610304K Free: 413731K (68%)
----------------- Invoking toplevel() on ptolemy.moml.MoMLSimpleApplication@25c58e5d
----------------- Done invoking toplevel() on ptolemy.moml.MoMLSimpleApplication@25c58e5d
reloadAllAccessors: .Compare

===========================================================================================
----------------- testing Thu Jun 20 13:13:36 UTC 2019 /home/travis/build/icyphy/ptII/ptolemy/actor/lib/test/auto/CompareDE.xml
----------------- Instantiating /home/travis/build/icyphy/ptII/ptolemy/actor/lib/test/auto/CompareDE.xml
4 ms. Memory: 610304K Free: 406549K (67%)
----------------- Invoking toplevel() on ptolemy.moml.MoMLSimpleApplication@644d1301
----------------- Done invoking toplevel() on ptolemy.moml.MoMLSimpleApplication@644d1301
reloadAllAccessors: .CompareDE

===========================================================================================
----------------- testing Thu Jun 20 13:13:36 UTC 2019 /home/travis/build/icyphy/ptII/ptolemy/actor/lib/test/auto/ComplexDivide.xml
----------------- Instantiating /home/travis/build/icyphy/ptII/ptolemy/actor/lib/test/auto/ComplexDivide.xml
2 ms. Memory: 610304K Free: 402467K (66%)
----------------- Invoking toplevel() on ptolemy.moml.MoMLSimpleApplication@5247161b
----------------- Done invoking toplevel() on ptolemy.moml.MoMLSimpleApplication@5247161b
reloadAllAccessors: .ComplexDivide

===========================================================================================
----------------- testing Thu Jun 20 13:13:36 UTC 2019 /home/travis/build/icyphy/ptII/ptolemy/actor/lib/test/auto/ComputeHistogram.xml
----------------- Instantiating /home/travis/build/icyphy/ptII/ptolemy/actor/lib/test/auto/ComputeHistogram.xml
36 ms. Memory: 610304K Free: 390179K (64%)
----------------- Invoking toplevel() on ptolemy.moml.MoMLSimpleApplication@44ae96ad
----------------- Done invoking toplevel() on ptolemy.moml.MoMLSimpleApplication@44ae96ad
reloadAllAccessors: .ComputeHistogram

===========================================================================================
----------------- testing Thu Jun 20 13:13:36 UTC 2019 /home/travis/build/icyphy/ptII/ptolemy/actor/lib/test/auto/ConfigurationSelect.xml
----------------- Instantiating /home/travis/build/icyphy/ptII/ptolemy/actor/lib/test/auto/ConfigurationSelect.xml
9 ms. Memory: 610304K Free: 384549K (63%)
----------------- Invoking toplevel() on ptolemy.moml.MoMLSimpleApplication@2a5ecca
----------------- Done invoking toplevel() on ptolemy.moml.MoMLSimpleApplication@2a5ecca
reloadAllAccessors: .ConfigurationSelect

===========================================================================================
----------------- testing Thu Jun 20 13:13:36 UTC 2019 /home/travis/build/icyphy/ptII/ptolemy/actor/lib/test/auto/ConfigurationSelect2.xml
----------------- Instantiating /home/travis/build/icyphy/ptII/ptolemy/actor/lib/test/auto/ConfigurationSelect2.xml
2 ms. Memory: 610304K Free: 379939K (62%)
----------------- Invoking toplevel() on ptolemy.moml.MoMLSimpleApplication@547b5d4b
----------------- Done invoking toplevel() on ptolemy.moml.MoMLSimpleApplication@547b5d4b
reloadAllAccessors: .ConfigurationSelect2

===========================================================================================
----------------- testing Thu Jun 20 13:13:36 UTC 2019 /home/travis/build/icyphy/ptII/ptolemy/actor/lib/test/auto/ConfigurationSwitch.xml
----------------- Instantiating /home/travis/build/icyphy/ptII/ptolemy/actor/lib/test/auto/ConfigurationSwitch.xml
6 ms. Memory: 610304K Free: 374819K (61%)
----------------- Invoking toplevel() on ptolemy.moml.MoMLSimpleApplication@45a9e968
----------------- Done invoking toplevel() on ptolemy.moml.MoMLSimpleApplication@45a9e968
reloadAllAccessors: .ConfigurationSwitch

===========================================================================================
----------------- testing Thu Jun 20 13:13:36 UTC 2019 /home/travis/build/icyphy/ptII/ptolemy/actor/lib/test/auto/ConfigurationSwitch2.xml
----------------- Instantiating /home/travis/build/icyphy/ptII/ptolemy/actor/lib/test/auto/ConfigurationSwitch2.xml
2 ms. Memory: 610304K Free: 369189K (60%)
----------------- Invoking toplevel() on ptolemy.moml.MoMLSimpleApplication@32df3330
----------------- Done invoking toplevel() on ptolemy.moml.MoMLSimpleApplication@32df3330
reloadAllAccessors: .ConfigurationSwitch2

===========================================================================================
----------------- testing Thu Jun 20 13:13:36 UTC 2019 /home/travis/build/icyphy/ptII/ptolemy/actor/lib/test/auto/ConfigurationSwitchCloningBugWithClassRelationGroup.xml
----------------- Instantiating /home/travis/build/icyphy/ptII/ptolemy/actor/lib/test/auto/ConfigurationSwitchCloningBugWithClassRelationGroup.xml
2 ms. Memory: 610304K Free: 363045K (59%)
----------------- Invoking toplevel() on ptolemy.moml.MoMLSimpleApplication@7dc21c6a
----------------- Done invoking toplevel() on ptolemy.moml.MoMLSimpleApplication@7dc21c6a
reloadAllAccessors: .ConfigurationSwitchCloningBugWithClassRelationGroup

===========================================================================================
----------------- testing Thu Jun 20 13:13:36 UTC 2019 /home/travis/build/icyphy/ptII/ptolemy/actor/lib/test/auto/ConfigurationSwitchSelectSDF.xml
----------------- Instantiating /home/travis/build/icyphy/ptII/ptolemy/actor/lib/test/auto/ConfigurationSwitchSelectSDF.xml
3 ms. Memory: 610304K Free: 357411K (59%)
----------------- Invoking toplevel() on ptolemy.moml.MoMLSimpleApplication@22e6b2a3
----------------- Done invoking toplevel() on ptolemy.moml.MoMLSimpleApplication@22e6b2a3
reloadAllAccessors: .ConfigurationSwitchSelectSDF

===========================================================================================
----------------- testing Thu Jun 20 13:13:36 UTC 2019 /home/travis/build/icyphy/ptII/ptolemy/actor/lib/test/auto/ConfigurationSwitchSelectSDF2.xml
----------------- Instantiating /home/travis/build/icyphy/ptII/ptolemy/actor/lib/test/auto/ConfigurationSwitchSelectSDF2.xml
4 ms. Memory: 610304K Free: 351267K (58%)
----------------- Invoking toplevel() on ptolemy.moml.MoMLSimpleApplication@92d523c
----------------- Done invoking toplevel() on ptolemy.moml.MoMLSimpleApplication@92d523c
reloadAllAccessors: .ConfigurationSwitchSelectSDF2

===========================================================================================
----------------- testing Thu Jun 20 13:13:36 UTC 2019 /home/travis/build/icyphy/ptII/ptolemy/actor/lib/test/auto/Const.xml
----------------- Instantiating /home/travis/build/icyphy/ptII/ptolemy/actor/lib/test/auto/Const.xml
1 ms. Memory: 610304K Free: 348195K (57%)
----------------- Invoking toplevel() on ptolemy.moml.MoMLSimpleApplication@4f5551bf
----------------- Done invoking toplevel() on ptolemy.moml.MoMLSimpleApplication@4f5551bf
reloadAllAccessors: .Const

===========================================================================================
----------------- testing Thu Jun 20 13:13:36 UTC 2019 /home/travis/build/icyphy/ptII/ptolemy/actor/lib/test/auto/Const2.xml
----------------- Instantiating /home/travis/build/icyphy/ptII/ptolemy/actor/lib/test/auto/Const2.xml
1 ms. Memory: 610304K Free: 344099K (56%)
----------------- Invoking toplevel() on ptolemy.moml.MoMLSimpleApplication@b0c85e
----------------- Done invoking toplevel() on ptolemy.moml.MoMLSimpleApplication@b0c85e
reloadAllAccessors: .Const2

===========================================================================================
----------------- testing Thu Jun 20 13:13:37 UTC 2019 /home/travis/build/icyphy/ptII/ptolemy/actor/lib/test/auto/Const3.xml
----------------- Instantiating /home/travis/build/icyphy/ptII/ptolemy/actor/lib/test/auto/Const3.xml
1 ms. Memory: 610304K Free: 341027K (56%)
----------------- Invoking toplevel() on ptolemy.moml.MoMLSimpleApplication@54b9532
----------------- Done invoking toplevel() on ptolemy.moml.MoMLSimpleApplication@54b9532
reloadAllAccessors: .Const3

===========================================================================================
----------------- testing Thu Jun 20 13:13:37 UTC 2019 /home/travis/build/icyphy/ptII/ptolemy/actor/lib/test/auto/ConstantPublisherPort1.xml
----------------- Instantiating /home/travis/build/icyphy/ptII/ptolemy/actor/lib/test/auto/ConstantPublisherPort1.xml
6 ms. Memory: 610304K Free: 332325K (54%)
----------------- Invoking toplevel() on ptolemy.moml.MoMLSimpleApplication@4e3f6800
----------------- Done invoking toplevel() on ptolemy.moml.MoMLSimpleApplication@4e3f6800
reloadAllAccessors: .ConstantPublisherPort1

===========================================================================================
----------------- testing Thu Jun 20 13:13:37 UTC 2019 /home/travis/build/icyphy/ptII/ptolemy/actor/lib/test/auto/ConstantPublisherPort2.xml
----------------- Instantiating /home/travis/build/icyphy/ptII/ptolemy/actor/lib/test/auto/ConstantPublisherPort2.xml
11 ms. Memory: 610304K Free: 324643K (53%)
----------------- Invoking toplevel() on ptolemy.moml.MoMLSimpleApplication@53c6fadd
----------------- Done invoking toplevel() on ptolemy.moml.MoMLSimpleApplication@53c6fadd
reloadAllAccessors: .ConstantPublisherPort2

===========================================================================================
----------------- testing Thu Jun 20 13:13:37 UTC 2019 /home/travis/build/icyphy/ptII/ptolemy/actor/lib/test/auto/ConstantPublisherPort3.xml
----------------- Instantiating /home/travis/build/icyphy/ptII/ptolemy/actor/lib/test/auto/ConstantPublisherPort3.xml
6 ms. Memory: 610304K Free: 316965K (52%)
----------------- Invoking toplevel() on ptolemy.moml.MoMLSimpleApplication@3afa8781
----------------- Done invoking toplevel() on ptolemy.moml.MoMLSimpleApplication@3afa8781
reloadAllAccessors: .ConstantPublisherPort3

===========================================================================================
----------------- testing Thu Jun 20 13:13:37 UTC 2019 /home/travis/build/icyphy/ptII/ptolemy/actor/lib/test/auto/ConstantPublisherPort4.xml
----------------- Instantiating /home/travis/build/icyphy/ptII/ptolemy/actor/lib/test/auto/ConstantPublisherPort4.xml
3 ms. Memory: 610304K Free: 310301K (51%)
----------------- Invoking toplevel() on ptolemy.moml.MoMLSimpleApplication@440d8af5
----------------- Done invoking toplevel() on ptolemy.moml.MoMLSimpleApplication@440d8af5
reloadAllAccessors: .ConstantPublisherPort4

===========================================================================================
----------------- testing Thu Jun 20 13:13:37 UTC 2019 /home/travis/build/icyphy/ptII/ptolemy/actor/lib/test/auto/ConstantPublisherPort5.xml
----------------- Instantiating /home/travis/build/icyphy/ptII/ptolemy/actor/lib/test/auto/ConstantPublisherPort5.xml
26 ms. Memory: 610304K Free: 301091K (49%)
----------------- Invoking toplevel() on ptolemy.moml.MoMLSimpleApplication@3849c9f2
----------------- Done invoking toplevel() on ptolemy.moml.MoMLSimpleApplication@3849c9f2
reloadAllAccessors: .ConstantPublisherPort5

===========================================================================================
----------------- testing Thu Jun 20 13:13:37 UTC 2019 /home/travis/build/icyphy/ptII/ptolemy/actor/lib/test/auto/ConstantPublisherPort6.xml
----------------- Instantiating /home/travis/build/icyphy/ptII/ptolemy/actor/lib/test/auto/ConstantPublisherPort6.xml
11 ms. Memory: 610304K Free: 292389K (48%)
----------------- Invoking toplevel() on ptolemy.moml.MoMLSimpleApplication@863dc27
----------------- Done invoking toplevel() on ptolemy.moml.MoMLSimpleApplication@863dc27
reloadAllAccessors: .ConstantPublisherPort6

===========================================================================================
----------------- testing Thu Jun 20 13:13:37 UTC 2019 /home/travis/build/icyphy/ptII/ptolemy/actor/lib/test/auto/ConstantPublisherPort7.xml
----------------- Instantiating /home/travis/build/icyphy/ptII/ptolemy/actor/lib/test/auto/ConstantPublisherPort7.xml
14 ms. Memory: 610304K Free: 283683K (46%)
----------------- Invoking toplevel() on ptolemy.moml.MoMLSimpleApplication@166f2fbc
----------------- Done invoking toplevel() on ptolemy.moml.MoMLSimpleApplication@166f2fbc
reloadAllAccessors: .ConstantPublisherPort7

===========================================================================================
----------------- testing Thu Jun 20 13:13:37 UTC 2019 /home/travis/build/icyphy/ptII/ptolemy/actor/lib/test/auto/ConstraintMonitor1.xml
----------------- Instantiating /home/travis/build/icyphy/ptII/ptolemy/actor/lib/test/auto/ConstraintMonitor1.xml
3 ms. Memory: 610304K Free: 278563K (46%)
----------------- Invoking toplevel() on ptolemy.moml.MoMLSimpleApplication@5dae187b
----------------- Done invoking toplevel() on ptolemy.moml.MoMLSimpleApplication@5dae187b
reloadAllAccessors: .ConstraintMonitor1

===========================================================================================
----------------- testing Thu Jun 20 13:13:37 UTC 2019 /home/travis/build/icyphy/ptII/ptolemy/actor/lib/test/auto/ConstraintMonitor2.xml
----------------- Instantiating /home/travis/build/icyphy/ptII/ptolemy/actor/lib/test/auto/ConstraintMonitor2.xml
2 ms. Memory: 610304K Free: 560470K (92%)
----------------- Invoking toplevel() on ptolemy.moml.MoMLSimpleApplication@3bbfc4a1
----------------- Done invoking toplevel() on ptolemy.moml.MoMLSimpleApplication@3bbfc4a1
reloadAllAccessors: .ConstraintMonitor2

===========================================================================================
----------------- testing Thu Jun 20 13:13:37 UTC 2019 /home/travis/build/icyphy/ptII/ptolemy/actor/lib/test/auto/ConstraintMonitor3.xml
----------------- Instantiating /home/travis/build/icyphy/ptII/ptolemy/actor/lib/test/auto/ConstraintMonitor3.xml
2 ms. Memory: 610304K Free: 555860K (91%)
----------------- Invoking toplevel() on ptolemy.moml.MoMLSimpleApplication@188da05d
----------------- Done invoking toplevel() on ptolemy.moml.MoMLSimpleApplication@188da05d
reloadAllAccessors: .ConstraintMonitor3

===========================================================================================
----------------- testing Thu Jun 20 13:13:37 UTC 2019 /home/travis/build/icyphy/ptII/ptolemy/actor/lib/test/auto/ConstraintMonitor4.xml
----------------- Instantiating /home/travis/build/icyphy/ptII/ptolemy/actor/lib/test/auto/ConstraintMonitor4.xml
4 ms. Memory: 610304K Free: 550740K (90%)
----------------- Invoking toplevel() on ptolemy.moml.MoMLSimpleApplication@780db415
----------------- Done invoking toplevel() on ptolemy.moml.MoMLSimpleApplication@780db415
reloadAllAccessors: .ConstraintMonitor4

===========================================================================================
----------------- testing Thu Jun 20 13:13:37 UTC 2019 /home/travis/build/icyphy/ptII/ptolemy/actor/lib/test/auto/ConstraintMonitor5.xml
----------------- Instantiating /home/travis/build/icyphy/ptII/ptolemy/actor/lib/test/auto/ConstraintMonitor5.xml
4 ms. Memory: 610304K Free: 545110K (89%)
----------------- Invoking toplevel() on ptolemy.moml.MoMLSimpleApplication@55f88806
----------------- Done invoking toplevel() on ptolemy.moml.MoMLSimpleApplication@55f88806
reloadAllAccessors: .ConstraintMonitor5

===========================================================================================
----------------- testing Thu Jun 20 13:13:37 UTC 2019 /home/travis/build/icyphy/ptII/ptolemy/actor/lib/test/auto/ConstraintMonitor6.xml
----------------- Instantiating /home/travis/build/icyphy/ptII/ptolemy/actor/lib/test/auto/ConstraintMonitor6.xml
2 ms. Memory: 610304K Free: 539470K (88%)
----------------- Invoking toplevel() on ptolemy.moml.MoMLSimpleApplication@53827d24
----------------- Done invoking toplevel() on ptolemy.moml.MoMLSimpleApplication@53827d24
reloadAllAccessors: .ConstraintMonitor6

===========================================================================================
----------------- testing Thu Jun 20 13:13:37 UTC 2019 /home/travis/build/icyphy/ptII/ptolemy/actor/lib/test/auto/ConstraintMonitor7.xml
----------------- Instantiating /home/travis/build/icyphy/ptII/ptolemy/actor/lib/test/auto/ConstraintMonitor7.xml
6 ms. Memory: 610304K Free: 532278K (87%)
----------------- Invoking toplevel() on ptolemy.moml.MoMLSimpleApplication@75223744
----------------- Done invoking toplevel() on ptolemy.moml.MoMLSimpleApplication@75223744
reloadAllAccessors: .ConstraintMonitor7

===========================================================================================
----------------- testing Thu Jun 20 13:13:37 UTC 2019 /home/travis/build/icyphy/ptII/ptolemy/actor/lib/test/auto/ConstraintMonitor8.xml
----------------- Instantiating /home/travis/build/icyphy/ptII/ptolemy/actor/lib/test/auto/ConstraintMonitor8.xml
6 ms. Memory: 610304K Free: 524630K (86%)
----------------- Invoking toplevel() on ptolemy.moml.MoMLSimpleApplication@327b91c0
----------------- Done invoking toplevel() on ptolemy.moml.MoMLSimpleApplication@327b91c0
reloadAllAccessors: .ConstraintMonitor8

===========================================================================================
----------------- testing Thu Jun 20 13:13:37 UTC 2019 /home/travis/build/icyphy/ptII/ptolemy/actor/lib/test/auto/Counter.xml
----------------- Instantiating /home/travis/build/icyphy/ptII/ptolemy/actor/lib/test/auto/Counter.xml
3 ms. Memory: 610304K Free: 520020K (85%)
----------------- Invoking toplevel() on ptolemy.moml.MoMLSimpleApplication@676c7f46
----------------- Done invoking toplevel() on ptolemy.moml.MoMLSimpleApplication@676c7f46
reloadAllAccessors: .Counter

===========================================================================================
----------------- testing Thu Jun 20 13:13:37 UTC 2019 /home/travis/build/icyphy/ptII/ptolemy/actor/lib/test/auto/CurrentTimeSDF.xml
----------------- Instantiating /home/travis/build/icyphy/ptII/ptolemy/actor/lib/test/auto/CurrentTimeSDF.xml
2 ms. Memory: 610304K Free: 515924K (85%)
----------------- Invoking toplevel() on ptolemy.moml.MoMLSimpleApplication@4c3e8aa1
----------------- Done invoking toplevel() on ptolemy.moml.MoMLSimpleApplication@4c3e8aa1
reloadAllAccessors: .CurrentTimeSDF

===========================================================================================
----------------- testing Thu Jun 20 13:13:37 UTC 2019 /home/travis/build/icyphy/ptII/ptolemy/actor/lib/test/auto/DB.xml
----------------- Instantiating /home/travis/build/icyphy/ptII/ptolemy/actor/lib/test/auto/DB.xml
2 ms. Memory: 610304K Free: 510804K (84%)
----------------- Invoking toplevel() on ptolemy.moml.MoMLSimpleApplication@4a682ebd
----------------- Done invoking toplevel() on ptolemy.moml.MoMLSimpleApplication@4a682ebd
reloadAllAccessors: .DB

===========================================================================================
----------------- testing Thu Jun 20 13:13:37 UTC 2019 /home/travis/build/icyphy/ptII/ptolemy/actor/lib/test/auto/DBDE.xml
----------------- Instantiating /home/travis/build/icyphy/ptII/ptolemy/actor/lib/test/auto/DBDE.xml
2 ms. Memory: 610304K Free: 505174K (83%)
----------------- Invoking toplevel() on ptolemy.moml.MoMLSimpleApplication@25d446
----------------- Done invoking toplevel() on ptolemy.moml.MoMLSimpleApplication@25d446
reloadAllAccessors: .DBDE

===========================================================================================
----------------- testing Thu Jun 20 13:13:37 UTC 2019 /home/travis/build/icyphy/ptII/ptolemy/actor/lib/test/auto/DateConstructor.xml
----------------- Instantiating /home/travis/build/icyphy/ptII/ptolemy/actor/lib/test/auto/DateConstructor.xml
31 ms. Memory: 610304K Free: 487252K (80%)
----------------- Invoking toplevel() on ptolemy.moml.MoMLSimpleApplication@48488bac
----------------- Done invoking toplevel() on ptolemy.moml.MoMLSimpleApplication@48488bac
reloadAllAccessors: .DateConstructor

===========================================================================================
----------------- testing Thu Jun 20 13:13:37 UTC 2019 /home/travis/build/icyphy/ptII/ptolemy/actor/lib/test/auto/DelayTime.xml
----------------- Instantiating /home/travis/build/icyphy/ptII/ptolemy/actor/lib/test/auto/DelayTime.xml
6 ms. Memory: 610304K Free: 482132K (79%)
----------------- Invoking toplevel() on ptolemy.moml.MoMLSimpleApplication@236b54f3
----------------- Done invoking toplevel() on ptolemy.moml.MoMLSimpleApplication@236b54f3
reloadAllAccessors: .DelayTime

===========================================================================================
----------------- testing Thu Jun 20 13:13:37 UTC 2019 /home/travis/build/icyphy/ptII/ptolemy/actor/lib/test/auto/Dictionary1.xml
----------------- Instantiating /home/travis/build/icyphy/ptII/ptolemy/actor/lib/test/auto/Dictionary1.xml
2 ms. Memory: 610304K Free: 476502K (78%)
----------------- Invoking toplevel() on ptolemy.moml.MoMLSimpleApplication@743e193c
----------------- Done invoking toplevel() on ptolemy.moml.MoMLSimpleApplication@743e193c
reloadAllAccessors: .Dictionary1

===========================================================================================
----------------- testing Thu Jun 20 13:13:37 UTC 2019 /home/travis/build/icyphy/ptII/ptolemy/actor/lib/test/auto/Dictionary2.xml
----------------- Instantiating /home/travis/build/icyphy/ptII/ptolemy/actor/lib/test/auto/Dictionary2.xml
1 ms. Memory: 610304K Free: 471382K (77%)
----------------- Invoking toplevel() on ptolemy.moml.MoMLSimpleApplication@18bdc79f
----------------- Done invoking toplevel() on ptolemy.moml.MoMLSimpleApplication@18bdc79f
reloadAllAccessors: .Dictionary2

===========================================================================================
----------------- testing Thu Jun 20 13:13:37 UTC 2019 /home/travis/build/icyphy/ptII/ptolemy/actor/lib/test/auto/Dictionary3.xml
----------------- Instantiating /home/travis/build/icyphy/ptII/ptolemy/actor/lib/test/auto/Dictionary3.xml
2 ms. Memory: 610304K Free: 465748K (76%)
----------------- Invoking toplevel() on ptolemy.moml.MoMLSimpleApplication@2a1dcceb
----------------- Done invoking toplevel() on ptolemy.moml.MoMLSimpleApplication@2a1dcceb
reloadAllAccessors: .Dictionary3

===========================================================================================
----------------- testing Thu Jun 20 13:13:37 UTC 2019 /home/travis/build/icyphy/ptII/ptolemy/actor/lib/test/auto/Dictionary4.xml
----------------- Instantiating /home/travis/build/icyphy/ptII/ptolemy/actor/lib/test/auto/Dictionary4.xml
5 ms. Memory: 610304K Free: 458574K (75%)
----------------- Invoking toplevel() on ptolemy.moml.MoMLSimpleApplication@2bd9b2c3
----------------- Done invoking toplevel() on ptolemy.moml.MoMLSimpleApplication@2bd9b2c3
reloadAllAccessors: .Dictionary4

===========================================================================================
----------------- testing Thu Jun 20 13:13:37 UTC 2019 /home/travis/build/icyphy/ptII/ptolemy/actor/lib/test/auto/Differential.xml
----------------- Instantiating /home/travis/build/icyphy/ptII/ptolemy/actor/lib/test/auto/Differential.xml
2 ms. Memory: 610304K Free: 454484K (74%)
----------------- Invoking toplevel() on ptolemy.moml.MoMLSimpleApplication@accfce8
----------------- Done invoking toplevel() on ptolemy.moml.MoMLSimpleApplication@accfce8
reloadAllAccessors: .Differential

===========================================================================================
----------------- testing Thu Jun 20 13:13:37 UTC 2019 /home/travis/build/icyphy/ptII/ptolemy/actor/lib/test/auto/Director.xml
----------------- Instantiating /home/travis/build/icyphy/ptII/ptolemy/actor/lib/test/auto/Director.xml
4 ms. Memory: 610304K Free: 450902K (74%)
----------------- Invoking toplevel() on ptolemy.moml.MoMLSimpleApplication@1866c140
----------------- Done invoking toplevel() on ptolemy.moml.MoMLSimpleApplication@1866c140
reloadAllAccessors: .Director

===========================================================================================
----------------- testing Thu Jun 20 13:13:37 UTC 2019 /home/travis/build/icyphy/ptII/ptolemy/actor/lib/test/auto/DiscreteClock.xml
----------------- Instantiating /home/travis/build/icyphy/ptII/ptolemy/actor/lib/test/auto/DiscreteClock.xml
2 ms. Memory: 610304K Free: 446806K (73%)
----------------- Invoking toplevel() on ptolemy.moml.MoMLSimpleApplication@60dccc4c
----------------- Done invoking toplevel() on ptolemy.moml.MoMLSimpleApplication@60dccc4c
reloadAllAccessors: .DiscreteClock

===========================================================================================
----------------- testing Thu Jun 20 13:13:37 UTC 2019 /home/travis/build/icyphy/ptII/ptolemy/actor/lib/test/auto/DiscreteClock10.xml
----------------- Instantiating /home/travis/build/icyphy/ptII/ptolemy/actor/lib/test/auto/DiscreteClock10.xml
2 ms. Memory: 610304K Free: 440662K (72%)
----------------- Invoking toplevel() on ptolemy.moml.MoMLSimpleApplication@6ed68888
----------------- Done invoking toplevel() on ptolemy.moml.MoMLSimpleApplication@6ed68888
reloadAllAccessors: .DiscreteClock10

===========================================================================================
----------------- testing Thu Jun 20 13:13:37 UTC 2019 /home/travis/build/icyphy/ptII/ptolemy/actor/lib/test/auto/DiscreteClock11.xml
----------------- Instantiating /home/travis/build/icyphy/ptII/ptolemy/actor/lib/test/auto/DiscreteClock11.xml
2 ms. Memory: 610304K Free: 435028K (71%)
----------------- Invoking toplevel() on ptolemy.moml.MoMLSimpleApplication@640be919
----------------- Done invoking toplevel() on ptolemy.moml.MoMLSimpleApplication@640be919
reloadAllAccessors: .DiscreteClock11

===========================================================================================
----------------- testing Thu Jun 20 13:13:37 UTC 2019 /home/travis/build/icyphy/ptII/ptolemy/actor/lib/test/auto/DiscreteClock12.xml
----------------- Instantiating /home/travis/build/icyphy/ptII/ptolemy/actor/lib/test/auto/DiscreteClock12.xml
3 ms. Memory: 610304K Free: 428884K (70%)
----------------- Invoking toplevel() on ptolemy.moml.MoMLSimpleApplication@4b67883b
----------------- Done invoking toplevel() on ptolemy.moml.MoMLSimpleApplication@4b67883b
reloadAllAccessors: .DiscreteClock12

===========================================================================================
----------------- testing Thu Jun 20 13:13:37 UTC 2019 /home/travis/build/icyphy/ptII/ptolemy/actor/lib/test/auto/DiscreteClock13.xml
----------------- Instantiating /home/travis/build/icyphy/ptII/ptolemy/actor/lib/test/auto/DiscreteClock13.xml
4 ms. Memory: 610304K Free: 422710K (69%)
----------------- Invoking toplevel() on ptolemy.moml.MoMLSimpleApplication@78bf59c2
----------------- Done invoking toplevel() on ptolemy.moml.MoMLSimpleApplication@78bf59c2
reloadAllAccessors: .DiscreteClock13

===========================================================================================
----------------- testing Thu Jun 20 13:13:37 UTC 2019 /home/travis/build/icyphy/ptII/ptolemy/actor/lib/test/auto/DiscreteClock14.xml
----------------- Instantiating /home/travis/build/icyphy/ptII/ptolemy/actor/lib/test/auto/DiscreteClock14.xml
5 ms. Memory: 610304K Free: 417110K (68%)
----------------- Invoking toplevel() on ptolemy.moml.MoMLSimpleApplication@3b78346c
----------------- Done invoking toplevel() on ptolemy.moml.MoMLSimpleApplication@3b78346c
reloadAllAccessors: .DiscreteClock14

===========================================================================================
----------------- testing Thu Jun 20 13:13:37 UTC 2019 /home/travis/build/icyphy/ptII/ptolemy/actor/lib/test/auto/DiscreteClock15.xml
----------------- Instantiating /home/travis/build/icyphy/ptII/ptolemy/actor/lib/test/auto/DiscreteClock15.xml
4 ms. Memory: 610304K Free: 410966K (67%)
----------------- Invoking toplevel() on ptolemy.moml.MoMLSimpleApplication@31d522
----------------- Done invoking toplevel() on ptolemy.moml.MoMLSimpleApplication@31d522
reloadAllAccessors: .DiscreteClock15

===========================================================================================
----------------- testing Thu Jun 20 13:13:37 UTC 2019 /home/travis/build/icyphy/ptII/ptolemy/actor/lib/test/auto/DiscreteClock16.xml
----------------- Instantiating /home/travis/build/icyphy/ptII/ptolemy/actor/lib/test/auto/DiscreteClock16.xml
15 ms. Memory: 610304K Free: 397654K (65%)
----------------- Invoking toplevel() on ptolemy.moml.MoMLSimpleApplication@44d1e139
----------------- Done invoking toplevel() on ptolemy.moml.MoMLSimpleApplication@44d1e139
reloadAllAccessors: .DiscreteClock16

===========================================================================================
----------------- testing Thu Jun 20 13:13:37 UTC 2019 /home/travis/build/icyphy/ptII/ptolemy/actor/lib/test/auto/DiscreteClock17.xml
----------------- Instantiating /home/travis/build/icyphy/ptII/ptolemy/actor/lib/test/auto/DiscreteClock17.xml
14 ms. Memory: 610304K Free: 382790K (63%)
----------------- Invoking toplevel() on ptolemy.moml.MoMLSimpleApplication@58ae3214
----------------- Done invoking toplevel() on ptolemy.moml.MoMLSimpleApplication@58ae3214
reloadAllAccessors: .DiscreteClock17

===========================================================================================
----------------- testing Thu Jun 20 13:13:38 UTC 2019 /home/travis/build/icyphy/ptII/ptolemy/actor/lib/test/auto/DiscreteClock18.xml
----------------- Instantiating /home/travis/build/icyphy/ptII/ptolemy/actor/lib/test/auto/DiscreteClock18.xml
14 ms. Memory: 610304K Free: 370006K (61%)
----------------- Invoking toplevel() on ptolemy.moml.MoMLSimpleApplication@60ae72a2
----------------- Done invoking toplevel() on ptolemy.moml.MoMLSimpleApplication@60ae72a2
reloadAllAccessors: .DiscreteClock18

===========================================================================================
----------------- testing Thu Jun 20 13:13:38 UTC 2019 /home/travis/build/icyphy/ptII/ptolemy/actor/lib/test/auto/DiscreteClock19.xml
----------------- Instantiating /home/travis/build/icyphy/ptII/ptolemy/actor/lib/test/auto/DiscreteClock19.xml
19 ms. Memory: 610304K Free: 356162K (58%)
----------------- Invoking toplevel() on ptolemy.moml.MoMLSimpleApplication@259a9161
----------------- Done invoking toplevel() on ptolemy.moml.MoMLSimpleApplication@259a9161
reloadAllAccessors: .DiscreteClock19

===========================================================================================
----------------- testing Thu Jun 20 13:13:38 UTC 2019 /home/travis/build/icyphy/ptII/ptolemy/actor/lib/test/auto/DiscreteClock2.xml
----------------- Instantiating /home/travis/build/icyphy/ptII/ptolemy/actor/lib/test/auto/DiscreteClock2.xml
5 ms. Memory: 610304K Free: 351046K (58%)
----------------- Invoking toplevel() on ptolemy.moml.MoMLSimpleApplication@1f829f8e
----------------- Done invoking toplevel() on ptolemy.moml.MoMLSimpleApplication@1f829f8e
reloadAllAccessors: .DiscreteClock2

===========================================================================================
----------------- testing Thu Jun 20 13:13:38 UTC 2019 /home/travis/build/icyphy/ptII/ptolemy/actor/lib/test/auto/DiscreteClock20.xml
----------------- Instantiating /home/travis/build/icyphy/ptII/ptolemy/actor/lib/test/auto/DiscreteClock20.xml
7 ms. Memory: 610304K Free: 345430K (57%)
----------------- Invoking toplevel() on ptolemy.moml.MoMLSimpleApplication@41b85325
----------------- Done invoking toplevel() on ptolemy.moml.MoMLSimpleApplication@41b85325
reloadAllAccessors: .DiscreteClock20

===========================================================================================
----------------- testing Thu Jun 20 13:13:38 UTC 2019 /home/travis/build/icyphy/ptII/ptolemy/actor/lib/test/auto/DiscreteClock21.xml
----------------- Instantiating /home/travis/build/icyphy/ptII/ptolemy/actor/lib/test/auto/DiscreteClock21.xml
5 ms. Memory: 610304K Free: 339796K (56%)
----------------- Invoking toplevel() on ptolemy.moml.MoMLSimpleApplication@ff893b9
----------------- Done invoking toplevel() on ptolemy.moml.MoMLSimpleApplication@ff893b9
reloadAllAccessors: .DiscreteClock21

===========================================================================================
----------------- testing Thu Jun 20 13:13:38 UTC 2019 /home/travis/build/icyphy/ptII/ptolemy/actor/lib/test/auto/DiscreteClock22.xml
----------------- Instantiating /home/travis/build/icyphy/ptII/ptolemy/actor/lib/test/auto/DiscreteClock22.xml
6 ms. Memory: 610304K Free: 334676K (55%)
----------------- Invoking toplevel() on ptolemy.moml.MoMLSimpleApplication@6c76772
----------------- Done invoking toplevel() on ptolemy.moml.MoMLSimpleApplication@6c76772
reloadAllAccessors: .DiscreteClock22

===========================================================================================
----------------- testing Thu Jun 20 13:13:38 UTC 2019 /home/travis/build/icyphy/ptII/ptolemy/actor/lib/test/auto/DiscreteClock23.xml
----------------- Instantiating /home/travis/build/icyphy/ptII/ptolemy/actor/lib/test/auto/DiscreteClock23.xml
12 ms. Memory: 610304K Free: 329046K (54%)
----------------- Invoking toplevel() on ptolemy.moml.MoMLSimpleApplication@6c6dcf54
----------------- Done invoking toplevel() on ptolemy.moml.MoMLSimpleApplication@6c6dcf54
reloadAllAccessors: .DiscreteClock23

===========================================================================================
----------------- testing Thu Jun 20 13:13:38 UTC 2019 /home/travis/build/icyphy/ptII/ptolemy/actor/lib/test/auto/DiscreteClock24.xml
----------------- Instantiating /home/travis/build/icyphy/ptII/ptolemy/actor/lib/test/auto/DiscreteClock24.xml
5 ms. Memory: 610304K Free: 323412K (53%)
----------------- Invoking toplevel() on ptolemy.moml.MoMLSimpleApplication@5c6f0e22
----------------- Done invoking toplevel() on ptolemy.moml.MoMLSimpleApplication@5c6f0e22
reloadAllAccessors: .DiscreteClock24

===========================================================================================
----------------- testing Thu Jun 20 13:13:38 UTC 2019 /home/travis/build/icyphy/ptII/ptolemy/actor/lib/test/auto/DiscreteClock4.xml
----------------- Instantiating /home/travis/build/icyphy/ptII/ptolemy/actor/lib/test/auto/DiscreteClock4.xml
4 ms. Memory: 610304K Free: 317782K (52%)
----------------- Invoking toplevel() on ptolemy.moml.MoMLSimpleApplication@237e99a9
----------------- Done invoking toplevel() on ptolemy.moml.MoMLSimpleApplication@237e99a9
reloadAllAccessors: .DiscreteClock4

===========================================================================================
----------------- testing Thu Jun 20 13:13:38 UTC 2019 /home/travis/build/icyphy/ptII/ptolemy/actor/lib/test/auto/DiscreteClock5.xml
----------------- Instantiating /home/travis/build/icyphy/ptII/ptolemy/actor/lib/test/auto/DiscreteClock5.xml
2 ms. Memory: 610304K Free: 312662K (51%)
----------------- Invoking toplevel() on ptolemy.moml.MoMLSimpleApplication@278ccb2b
----------------- Done invoking toplevel() on ptolemy.moml.MoMLSimpleApplication@278ccb2b
reloadAllAccessors: .DiscreteClock5

===========================================================================================
----------------- testing Thu Jun 20 13:13:38 UTC 2019 /home/travis/build/icyphy/ptII/ptolemy/actor/lib/test/auto/DiscreteClock6.xml
----------------- Instantiating /home/travis/build/icyphy/ptII/ptolemy/actor/lib/test/auto/DiscreteClock6.xml
2 ms. Memory: 610304K Free: 308566K (51%)
----------------- Invoking toplevel() on ptolemy.moml.MoMLSimpleApplication@58d96e10
----------------- Done invoking toplevel() on ptolemy.moml.MoMLSimpleApplication@58d96e10
reloadAllAccessors: .DiscreteClock6

===========================================================================================
----------------- testing Thu Jun 20 13:13:38 UTC 2019 /home/travis/build/icyphy/ptII/ptolemy/actor/lib/test/auto/DiscreteClock7.xml
----------------- Instantiating /home/travis/build/icyphy/ptII/ptolemy/actor/lib/test/auto/DiscreteClock7.xml
2 ms. Memory: 610304K Free: 303956K (50%)
----------------- Invoking toplevel() on ptolemy.moml.MoMLSimpleApplication@3ff093b1
----------------- Done invoking toplevel() on ptolemy.moml.MoMLSimpleApplication@3ff093b1
reloadAllAccessors: .DiscreteClock7

===========================================================================================
----------------- testing Thu Jun 20 13:13:38 UTC 2019 /home/travis/build/icyphy/ptII/ptolemy/actor/lib/test/auto/DiscreteClock8.xml
----------------- Instantiating /home/travis/build/icyphy/ptII/ptolemy/actor/lib/test/auto/DiscreteClock8.xml
2 ms. Memory: 610304K Free: 298326K (49%)
----------------- Invoking toplevel() on ptolemy.moml.MoMLSimpleApplication@102d760a
----------------- Done invoking toplevel() on ptolemy.moml.MoMLSimpleApplication@102d760a
reloadAllAccessors: .DiscreteClock8

===========================================================================================
----------------- testing Thu Jun 20 13:13:38 UTC 2019 /home/travis/build/icyphy/ptII/ptolemy/actor/lib/test/auto/DiscreteClock9.xml
----------------- Instantiating /home/travis/build/icyphy/ptII/ptolemy/actor/lib/test/auto/DiscreteClock9.xml
4 ms. Memory: 610304K Free: 293206K (48%)
----------------- Invoking toplevel() on ptolemy.moml.MoMLSimpleApplication@630633be
----------------- Done invoking toplevel() on ptolemy.moml.MoMLSimpleApplication@630633be
reloadAllAccessors: .DiscreteClock9

===========================================================================================
----------------- testing Thu Jun 20 13:13:38 UTC 2019 /home/travis/build/icyphy/ptII/ptolemy/actor/lib/test/auto/DisplayArray.xml
----------------- Instantiating /home/travis/build/icyphy/ptII/ptolemy/actor/lib/test/auto/DisplayArray.xml
2 ms. Memory: 610304K Free: 289620K (47%)
----------------- Invoking toplevel() on ptolemy.moml.MoMLSimpleApplication@748db13a
----------------- Done invoking toplevel() on ptolemy.moml.MoMLSimpleApplication@748db13a
reloadAllAccessors: .DisplayArray

===========================================================================================
----------------- testing Thu Jun 20 13:13:38 UTC 2019 /home/travis/build/icyphy/ptII/ptolemy/actor/lib/test/auto/Distributor.xml
----------------- Instantiating /home/travis/build/icyphy/ptII/ptolemy/actor/lib/test/auto/Distributor.xml
2 ms. Memory: 610304K Free: 284500K (47%)
----------------- Invoking toplevel() on ptolemy.moml.MoMLSimpleApplication@2c409204
----------------- Done invoking toplevel() on ptolemy.moml.MoMLSimpleApplication@2c409204
reloadAllAccessors: .Distributor

===========================================================================================
----------------- testing Thu Jun 20 13:13:38 UTC 2019 /home/travis/build/icyphy/ptII/ptolemy/actor/lib/test/auto/Distributor2.xml
----------------- Instantiating /home/travis/build/icyphy/ptII/ptolemy/actor/lib/test/auto/Distributor2.xml
2 ms. Memory: 610304K Free: 279380K (46%)
----------------- Invoking toplevel() on ptolemy.moml.MoMLSimpleApplication@416dade4
----------------- Done invoking toplevel() on ptolemy.moml.MoMLSimpleApplication@416dade4
reloadAllAccessors: .Distributor2

===========================================================================================
----------------- testing Thu Jun 20 13:13:38 UTC 2019 /home/travis/build/icyphy/ptII/ptolemy/actor/lib/test/auto/DownSample.xml
----------------- Instantiating /home/travis/build/icyphy/ptII/ptolemy/actor/lib/test/auto/DownSample.xml
2 ms. Memory: 610304K Free: 275284K (45%)
----------------- Invoking toplevel() on ptolemy.moml.MoMLSimpleApplication@4dac48d9
----------------- Done invoking toplevel() on ptolemy.moml.MoMLSimpleApplication@4dac48d9
reloadAllAccessors: .DownSample

===========================================================================================
----------------- testing Thu Jun 20 13:13:38 UTC 2019 /home/travis/build/icyphy/ptII/ptolemy/actor/lib/test/auto/ElectronicUnitBase1.xml
----------------- Instantiating /home/travis/build/icyphy/ptII/ptolemy/actor/lib/test/auto/ElectronicUnitBase1.xml
18 ms. Memory: 610304K Free: 259414K (43%)
----------------- Invoking toplevel() on ptolemy.moml.MoMLSimpleApplication@58d70beb
----------------- Done invoking toplevel() on ptolemy.moml.MoMLSimpleApplication@58d70beb
reloadAllAccessors: .ElectronicUnitBase1

===========================================================================================
----------------- testing Thu Jun 20 13:13:38 UTC 2019 /home/travis/build/icyphy/ptII/ptolemy/actor/lib/test/auto/ElementsToArray.xml
----------------- Instantiating /home/travis/build/icyphy/ptII/ptolemy/actor/lib/test/auto/ElementsToArray.xml
3 ms. Memory: 610304K Free: 254294K (42%)
----------------- Invoking toplevel() on ptolemy.moml.MoMLSimpleApplication@2cd67fca
----------------- Done invoking toplevel() on ptolemy.moml.MoMLSimpleApplication@2cd67fca
reloadAllAccessors: .ElementsToArray

===========================================================================================
----------------- testing Thu Jun 20 13:13:38 UTC 2019 /home/travis/build/icyphy/ptII/ptolemy/actor/lib/test/auto/Equals.xml
----------------- Instantiating /home/travis/build/icyphy/ptII/ptolemy/actor/lib/test/auto/Equals.xml
3 ms. Memory: 610304K Free: 249684K (41%)
----------------- Invoking toplevel() on ptolemy.moml.MoMLSimpleApplication@1bcb9447
----------------- Done invoking toplevel() on ptolemy.moml.MoMLSimpleApplication@1bcb9447
reloadAllAccessors: .Equals

===========================================================================================
----------------- testing Thu Jun 20 13:13:38 UTC 2019 /home/travis/build/icyphy/ptII/ptolemy/actor/lib/test/auto/Exec.xml
----------------- Instantiating /home/travis/build/icyphy/ptII/ptolemy/actor/lib/test/auto/Exec.xml
20 ms. Memory: 610304K Free: 244564K (40%)
----------------- Invoking toplevel() on ptolemy.moml.MoMLSimpleApplication@6bda64e0
----------------- Done invoking toplevel() on ptolemy.moml.MoMLSimpleApplication@6bda64e0
reloadAllAccessors: .Exec

===========================================================================================
----------------- testing Thu Jun 20 13:13:38 UTC 2019 /home/travis/build/icyphy/ptII/ptolemy/actor/lib/test/auto/ExecEnvironment.xml
----------------- Instantiating /home/travis/build/icyphy/ptII/ptolemy/actor/lib/test/auto/ExecEnvironment.xml
39 ms. Memory: 610304K Free: 239430K (39%)
----------------- Invoking toplevel() on ptolemy.moml.MoMLSimpleApplication@4af9d69e
----------------- Done invoking toplevel() on ptolemy.moml.MoMLSimpleApplication@4af9d69e
reloadAllAccessors: .ExecEnvironment

===========================================================================================
----------------- testing Thu Jun 20 13:13:38 UTC 2019 /home/travis/build/icyphy/ptII/ptolemy/actor/lib/test/auto/ExecNonZeroReturnOutput.xml
----------------- Instantiating /home/travis/build/icyphy/ptII/ptolemy/actor/lib/test/auto/ExecNonZeroReturnOutput.xml
180 ms. Memory: 610304K Free: 227670K (37%)
----------------- Invoking toplevel() on ptolemy.moml.MoMLSimpleApplication@45a3790
----------------- Done invoking toplevel() on ptolemy.moml.MoMLSimpleApplication@45a3790
reloadAllAccessors: .ExecNonZeroReturnOutput

===========================================================================================
----------------- testing Thu Jun 20 13:13:38 UTC 2019 /home/travis/build/icyphy/ptII/ptolemy/actor/lib/test/auto/ExecRunDemos.xml
----------------- Instantiating /home/travis/build/icyphy/ptII/ptolemy/actor/lib/test/auto/ExecRunDemos.xml
10616 ms. Memory: 610304K Free: 550485K (90%)

===========================================================================================
----------------- testing Thu Jun 20 13:13:49 UTC 2019 /home/travis/build/icyphy/ptII/ptolemy/actor/lib/test/auto/ExecStop.xml
----------------- Instantiating /home/travis/build/icyphy/ptII/ptolemy/actor/lib/test/auto/ExecStop.xml
5025 ms. Memory: 610304K Free: 428115K (70%)
----------------- Invoking toplevel() on ptolemy.moml.MoMLSimpleApplication@e25103b
----------------- Done invoking toplevel() on ptolemy.moml.MoMLSimpleApplication@e25103b
reloadAllAccessors: .ExecStop

===========================================================================================
----------------- testing Thu Jun 20 13:13:54 UTC 2019 /home/travis/build/icyphy/ptII/ptolemy/actor/lib/test/auto/ExecutionTimeSDF.xml
----------------- Instantiating /home/travis/build/icyphy/ptII/ptolemy/actor/lib/test/auto/ExecutionTimeSDF.xml
Fired ExecutionTime: 2006800000
Fired ExecutionTime: 1045600000
Fired ExecutionTime: -1089767296
6006 ms. Memory: 610304K Free: 416341K (68%)
----------------- Invoking toplevel() on ptolemy.moml.MoMLSimpleApplication@1e44a6a6
----------------- Done invoking toplevel() on ptolemy.moml.MoMLSimpleApplication@1e44a6a6
reloadAllAccessors: .ExecutionTimeSDF

===========================================================================================
----------------- testing Thu Jun 20 13:14:00 UTC 2019 /home/travis/build/icyphy/ptII/ptolemy/actor/lib/test/auto/Expression1.xml
----------------- Instantiating /home/travis/build/icyphy/ptII/ptolemy/actor/lib/test/auto/Expression1.xml
1 ms. Memory: 610304K Free: 412755K (68%)
----------------- Invoking toplevel() on ptolemy.moml.MoMLSimpleApplication@312097f9
----------------- Done invoking toplevel() on ptolemy.moml.MoMLSimpleApplication@312097f9
reloadAllAccessors: .Expression1

===========================================================================================
----------------- testing Thu Jun 20 13:14:00 UTC 2019 /home/travis/build/icyphy/ptII/ptolemy/actor/lib/test/auto/Expression10.xml
----------------- Instantiating /home/travis/build/icyphy/ptII/ptolemy/actor/lib/test/auto/Expression10.xml
8 ms. Memory: 610304K Free: 407125K (67%)
----------------- Invoking toplevel() on ptolemy.moml.MoMLSimpleApplication@173c5d05
----------------- Done invoking toplevel() on ptolemy.moml.MoMLSimpleApplication@173c5d05
reloadAllAccessors: .Expression10

===========================================================================================
----------------- testing Thu Jun 20 13:14:00 UTC 2019 /home/travis/build/icyphy/ptII/ptolemy/actor/lib/test/auto/Expression11.xml
----------------- Instantiating /home/travis/build/icyphy/ptII/ptolemy/actor/lib/test/auto/Expression11.xml
2 ms. Memory: 610304K Free: 402515K (66%)
----------------- Invoking toplevel() on ptolemy.moml.MoMLSimpleApplication@47bd204b
----------------- Done invoking toplevel() on ptolemy.moml.MoMLSimpleApplication@47bd204b
reloadAllAccessors: .Expression11

===========================================================================================
----------------- testing Thu Jun 20 13:14:00 UTC 2019 /home/travis/build/icyphy/ptII/ptolemy/actor/lib/test/auto/Expression12.xml
----------------- Instantiating /home/travis/build/icyphy/ptII/ptolemy/actor/lib/test/auto/Expression12.xml
4 ms. Memory: 610304K Free: 397395K (65%)
----------------- Invoking toplevel() on ptolemy.moml.MoMLSimpleApplication@9fed469
----------------- Done invoking toplevel() on ptolemy.moml.MoMLSimpleApplication@9fed469
reloadAllAccessors: .Expression12

===========================================================================================
----------------- testing Thu Jun 20 13:14:00 UTC 2019 /home/travis/build/icyphy/ptII/ptolemy/actor/lib/test/auto/Expression13.xml
----------------- Instantiating /home/travis/build/icyphy/ptII/ptolemy/actor/lib/test/auto/Expression13.xml
2 ms. Memory: 610304K Free: 392275K (64%)
----------------- Invoking toplevel() on ptolemy.moml.MoMLSimpleApplication@56a4707d
----------------- Done invoking toplevel() on ptolemy.moml.MoMLSimpleApplication@56a4707d
reloadAllAccessors: .Expression13

===========================================================================================
----------------- testing Thu Jun 20 13:14:00 UTC 2019 /home/travis/build/icyphy/ptII/ptolemy/actor/lib/test/auto/Expression14.xml
----------------- Instantiating /home/travis/build/icyphy/ptII/ptolemy/actor/lib/test/auto/Expression14.xml
9 ms. Memory: 610304K Free: 386131K (63%)
----------------- Invoking toplevel() on ptolemy.moml.MoMLSimpleApplication@20c82065
----------------- Done invoking toplevel() on ptolemy.moml.MoMLSimpleApplication@20c82065
reloadAllAccessors: .Expression14

===========================================================================================
----------------- testing Thu Jun 20 13:14:00 UTC 2019 /home/travis/build/icyphy/ptII/ptolemy/actor/lib/test/auto/Expression15.xml
----------------- Instantiating /home/travis/build/icyphy/ptII/ptolemy/actor/lib/test/auto/Expression15.xml
2 ms. Memory: 610304K Free: 382549K (63%)
----------------- Invoking toplevel() on ptolemy.moml.MoMLSimpleApplication@63da1671
----------------- Done invoking toplevel() on ptolemy.moml.MoMLSimpleApplication@63da1671
reloadAllAccessors: .Expression15

===========================================================================================
----------------- testing Thu Jun 20 13:14:00 UTC 2019 /home/travis/build/icyphy/ptII/ptolemy/actor/lib/test/auto/Expression16.xml
----------------- Instantiating /home/travis/build/icyphy/ptII/ptolemy/actor/lib/test/auto/Expression16.xml
3 ms. Memory: 610304K Free: 377939K (62%)
----------------- Invoking toplevel() on ptolemy.moml.MoMLSimpleApplication@1ecb2f7c
----------------- Done invoking toplevel() on ptolemy.moml.MoMLSimpleApplication@1ecb2f7c
reloadAllAccessors: .Expression16

===========================================================================================
----------------- testing Thu Jun 20 13:14:00 UTC 2019 /home/travis/build/icyphy/ptII/ptolemy/actor/lib/test/auto/Expression17.xml
----------------- Instantiating /home/travis/build/icyphy/ptII/ptolemy/actor/lib/test/auto/Expression17.xml
4 ms. Memory: 610304K Free: 372819K (61%)
----------------- Invoking toplevel() on ptolemy.moml.MoMLSimpleApplication@19d9a386
----------------- Done invoking toplevel() on ptolemy.moml.MoMLSimpleApplication@19d9a386
reloadAllAccessors: .Expression17

===========================================================================================
----------------- testing Thu Jun 20 13:14:00 UTC 2019 /home/travis/build/icyphy/ptII/ptolemy/actor/lib/test/auto/Expression18.xml
----------------- Instantiating /home/travis/build/icyphy/ptII/ptolemy/actor/lib/test/auto/Expression18.xml
2 ms. Memory: 610304K Free: 367699K (60%)
----------------- Invoking toplevel() on ptolemy.moml.MoMLSimpleApplication@6b54ca2
----------------- Done invoking toplevel() on ptolemy.moml.MoMLSimpleApplication@6b54ca2
reloadAllAccessors: .Expression18

===========================================================================================
----------------- testing Thu Jun 20 13:14:00 UTC 2019 /home/travis/build/icyphy/ptII/ptolemy/actor/lib/test/auto/Expression2.xml
----------------- Instantiating /home/travis/build/icyphy/ptII/ptolemy/actor/lib/test/auto/Expression2.xml
3 ms. Memory: 610304K Free: 362579K (59%)
----------------- Invoking toplevel() on ptolemy.moml.MoMLSimpleApplication@1eb279f4
----------------- Done invoking toplevel() on ptolemy.moml.MoMLSimpleApplication@1eb279f4
reloadAllAccessors: .Expression2

===========================================================================================
----------------- testing Thu Jun 20 13:14:00 UTC 2019 /home/travis/build/icyphy/ptII/ptolemy/actor/lib/test/auto/Expression3.xml
----------------- Instantiating /home/travis/build/icyphy/ptII/ptolemy/actor/lib/test/auto/Expression3.xml
7 ms. Memory: 610304K Free: 357459K (59%)
----------------- Invoking toplevel() on ptolemy.moml.MoMLSimpleApplication@5d6e1d9e
----------------- Done invoking toplevel() on ptolemy.moml.MoMLSimpleApplication@5d6e1d9e
reloadAllAccessors: .Expression3

===========================================================================================
----------------- testing Thu Jun 20 13:14:00 UTC 2019 /home/travis/build/icyphy/ptII/ptolemy/actor/lib/test/auto/Expression4.xml
----------------- Instantiating /home/travis/build/icyphy/ptII/ptolemy/actor/lib/test/auto/Expression4.xml
6 ms. Memory: 610304K Free: 350277K (57%)
----------------- Invoking toplevel() on ptolemy.moml.MoMLSimpleApplication@c3b6b72
----------------- Done invoking toplevel() on ptolemy.moml.MoMLSimpleApplication@c3b6b72
reloadAllAccessors: .Expression4

===========================================================================================
----------------- testing Thu Jun 20 13:14:00 UTC 2019 /home/travis/build/icyphy/ptII/ptolemy/actor/lib/test/auto/Expression5.xml
----------------- Instantiating /home/travis/build/icyphy/ptII/ptolemy/actor/lib/test/auto/Expression5.xml
3 ms. Memory: 610304K Free: 345171K (57%)
----------------- Invoking toplevel() on ptolemy.moml.MoMLSimpleApplication@410d0702
----------------- Done invoking toplevel() on ptolemy.moml.MoMLSimpleApplication@410d0702
reloadAllAccessors: .Expression5

===========================================================================================
----------------- testing Thu Jun 20 13:14:00 UTC 2019 /home/travis/build/icyphy/ptII/ptolemy/actor/lib/test/auto/Expression6.xml
----------------- Instantiating /home/travis/build/icyphy/ptII/ptolemy/actor/lib/test/auto/Expression6.xml
1 ms. Memory: 610304K Free: 340565K (56%)
----------------- Invoking toplevel() on ptolemy.moml.MoMLSimpleApplication@2f6ad5f
----------------- Done invoking toplevel() on ptolemy.moml.MoMLSimpleApplication@2f6ad5f
reloadAllAccessors: .Expression6

===========================================================================================
----------------- testing Thu Jun 20 13:14:00 UTC 2019 /home/travis/build/icyphy/ptII/ptolemy/actor/lib/test/auto/Expression7.xml
----------------- Instantiating /home/travis/build/icyphy/ptII/ptolemy/actor/lib/test/auto/Expression7.xml
2 ms. Memory: 610304K Free: 335445K (55%)
----------------- Invoking toplevel() on ptolemy.moml.MoMLSimpleApplication@25aa63d2
----------------- Done invoking toplevel() on ptolemy.moml.MoMLSimpleApplication@25aa63d2
reloadAllAccessors: .Expression7

===========================================================================================
----------------- testing Thu Jun 20 13:14:00 UTC 2019 /home/travis/build/icyphy/ptII/ptolemy/actor/lib/test/auto/Expression8.xml
----------------- Instantiating /home/travis/build/icyphy/ptII/ptolemy/actor/lib/test/auto/Expression8.xml
8 ms. Memory: 610304K Free: 330325K (54%)
----------------- Invoking toplevel() on ptolemy.moml.MoMLSimpleApplication@6cf0c3a
----------------- Done invoking toplevel() on ptolemy.moml.MoMLSimpleApplication@6cf0c3a
reloadAllAccessors: .Expression8

===========================================================================================
----------------- testing Thu Jun 20 13:14:00 UTC 2019 /home/travis/build/icyphy/ptII/ptolemy/actor/lib/test/auto/Expression9.xml
----------------- Instantiating /home/travis/build/icyphy/ptII/ptolemy/actor/lib/test/auto/Expression9.xml
1 ms. Memory: 610304K Free: 326229K (53%)
----------------- Invoking toplevel() on ptolemy.moml.MoMLSimpleApplication@3b95089a
----------------- Done invoking toplevel() on ptolemy.moml.MoMLSimpleApplication@3b95089a
reloadAllAccessors: .Expression9

===========================================================================================
----------------- testing Thu Jun 20 13:14:00 UTC 2019 /home/travis/build/icyphy/ptII/ptolemy/actor/lib/test/auto/ExpressionConcatenateArrayType.xml
----------------- Instantiating /home/travis/build/icyphy/ptII/ptolemy/actor/lib/test/auto/ExpressionConcatenateArrayType.xml
3 ms. Memory: 610304K Free: 320085K (52%)
----------------- Invoking toplevel() on ptolemy.moml.MoMLSimpleApplication@25e32066
----------------- Done invoking toplevel() on ptolemy.moml.MoMLSimpleApplication@25e32066
reloadAllAccessors: .ExpressionConcatenateArrayType

===========================================================================================
----------------- testing Thu Jun 20 13:14:00 UTC 2019 /home/travis/build/icyphy/ptII/ptolemy/actor/lib/test/auto/ExpressionConcatenateArrayType2.xml
----------------- Instantiating /home/travis/build/icyphy/ptII/ptolemy/actor/lib/test/auto/ExpressionConcatenateArrayType2.xml
2 ms. Memory: 610304K Free: 314451K (52%)
----------------- Invoking toplevel() on ptolemy.moml.MoMLSimpleApplication@6cb86b8f
----------------- Done invoking toplevel() on ptolemy.moml.MoMLSimpleApplication@6cb86b8f
reloadAllAccessors: .ExpressionConcatenateArrayType2

===========================================================================================
----------------- testing Thu Jun 20 13:14:00 UTC 2019 /home/travis/build/icyphy/ptII/ptolemy/actor/lib/test/auto/ExpressionFix.xml
----------------- Instantiating /home/travis/build/icyphy/ptII/ptolemy/actor/lib/test/auto/ExpressionFix.xml
20 ms. Memory: 610304K Free: 307797K (50%)
----------------- Invoking toplevel() on ptolemy.moml.MoMLSimpleApplication@71e04912
----------------- Done invoking toplevel() on ptolemy.moml.MoMLSimpleApplication@71e04912
reloadAllAccessors: .ExpressionFix

===========================================================================================
----------------- testing Thu Jun 20 13:14:01 UTC 2019 /home/travis/build/icyphy/ptII/ptolemy/actor/lib/test/auto/ExpressionFix2.xml
----------------- Instantiating /home/travis/build/icyphy/ptII/ptolemy/actor/lib/test/auto/ExpressionFix2.xml
7 ms. Memory: 610304K Free: 303701K (50%)
----------------- Invoking toplevel() on ptolemy.moml.MoMLSimpleApplication@68fa743c
----------------- Done invoking toplevel() on ptolemy.moml.MoMLSimpleApplication@68fa743c
reloadAllAccessors: .ExpressionFix2

===========================================================================================
----------------- testing Thu Jun 20 13:14:01 UTC 2019 /home/travis/build/icyphy/ptII/ptolemy/actor/lib/test/auto/ExpressionFix3.xml
----------------- Instantiating /home/travis/build/icyphy/ptII/ptolemy/actor/lib/test/auto/ExpressionFix3.xml
2 ms. Memory: 610304K Free: 299091K (49%)
----------------- Invoking toplevel() on ptolemy.moml.MoMLSimpleApplication@3493a7c9
----------------- Done invoking toplevel() on ptolemy.moml.MoMLSimpleApplication@3493a7c9
reloadAllAccessors: .ExpressionFix3

===========================================================================================
----------------- testing Thu Jun 20 13:14:01 UTC 2019 /home/travis/build/icyphy/ptII/ptolemy/actor/lib/test/auto/FileWriter1.xml
----------------- Instantiating /home/travis/build/icyphy/ptII/ptolemy/actor/lib/test/auto/FileWriter1.xml
2 ms. Memory: 610304K Free: 295509K (48%)
----------------- Invoking toplevel() on ptolemy.moml.MoMLSimpleApplication@5aec0d78
----------------- Done invoking toplevel() on ptolemy.moml.MoMLSimpleApplication@5aec0d78
reloadAllAccessors: .FileWriter1

===========================================================================================
----------------- testing Thu Jun 20 13:14:01 UTC 2019 /home/travis/build/icyphy/ptII/ptolemy/actor/lib/test/auto/FileWriter2.xml
----------------- Instantiating /home/travis/build/icyphy/ptII/ptolemy/actor/lib/test/auto/FileWriter2.xml
4 ms. Memory: 610304K Free: 290899K (48%)
----------------- Invoking toplevel() on ptolemy.moml.MoMLSimpleApplication@32f24387
----------------- Done invoking toplevel() on ptolemy.moml.MoMLSimpleApplication@32f24387
reloadAllAccessors: .FileWriter2

===========================================================================================
----------------- testing Thu Jun 20 13:14:01 UTC 2019 /home/travis/build/icyphy/ptII/ptolemy/actor/lib/test/auto/FileWriter3.xml
----------------- Instantiating /home/travis/build/icyphy/ptII/ptolemy/actor/lib/test/auto/FileWriter3.xml
5 ms. Memory: 610304K Free: 286803K (47%)
----------------- Invoking toplevel() on ptolemy.moml.MoMLSimpleApplication@5c5ed973
----------------- Done invoking toplevel() on ptolemy.moml.MoMLSimpleApplication@5c5ed973
reloadAllAccessors: .FileWriter3

===========================================================================================
----------------- testing Thu Jun 20 13:14:01 UTC 2019 /home/travis/build/icyphy/ptII/ptolemy/actor/lib/test/auto/Gaussian.xml
----------------- Instantiating /home/travis/build/icyphy/ptII/ptolemy/actor/lib/test/auto/Gaussian.xml
3 ms. Memory: 610304K Free: 282197K (46%)
----------------- Invoking toplevel() on ptolemy.moml.MoMLSimpleApplication@5c20d421
----------------- Done invoking toplevel() on ptolemy.moml.MoMLSimpleApplication@5c20d421
reloadAllAccessors: .Gaussian

===========================================================================================
----------------- testing Thu Jun 20 13:14:01 UTC 2019 /home/travis/build/icyphy/ptII/ptolemy/actor/lib/test/auto/Gaussian1.xml
----------------- Instantiating /home/travis/build/icyphy/ptII/ptolemy/actor/lib/test/auto/Gaussian1.xml
9 ms. Memory: 610304K Free: 276533K (45%)
----------------- Invoking toplevel() on ptolemy.moml.MoMLSimpleApplication@375d8861
----------------- Done invoking toplevel() on ptolemy.moml.MoMLSimpleApplication@375d8861
reloadAllAccessors: .Gaussian1

===========================================================================================
----------------- testing Thu Jun 20 13:14:01 UTC 2019 /home/travis/build/icyphy/ptII/ptolemy/actor/lib/test/auto/Gaussian2.xml
----------------- Instantiating /home/travis/build/icyphy/ptII/ptolemy/actor/lib/test/auto/Gaussian2.xml
2 ms. Memory: 610304K Free: 270933K (44%)
----------------- Invoking toplevel() on ptolemy.moml.MoMLSimpleApplication@41bb6ad1
----------------- Done invoking toplevel() on ptolemy.moml.MoMLSimpleApplication@41bb6ad1
reloadAllAccessors: .Gaussian2

===========================================================================================
----------------- testing Thu Jun 20 13:14:01 UTC 2019 /home/travis/build/icyphy/ptII/ptolemy/actor/lib/test/auto/GradientAdaptiveLattice.xml
----------------- Instantiating /home/travis/build/icyphy/ptII/ptolemy/actor/lib/test/auto/GradientAdaptiveLattice.xml
3 ms. Memory: 610304K Free: 266323K (44%)
----------------- Invoking toplevel() on ptolemy.moml.MoMLSimpleApplication@753dc744
----------------- Done invoking toplevel() on ptolemy.moml.MoMLSimpleApplication@753dc744
reloadAllAccessors: .GradientAdaptiveLattice

===========================================================================================
----------------- testing Thu Jun 20 13:14:01 UTC 2019 /home/travis/build/icyphy/ptII/ptolemy/actor/lib/test/auto/IIR.xml
----------------- Instantiating /home/travis/build/icyphy/ptII/ptolemy/actor/lib/test/auto/IIR.xml
2 ms. Memory: 610304K Free: 261717K (43%)
----------------- Invoking toplevel() on ptolemy.moml.MoMLSimpleApplication@7d2ea758
----------------- Done invoking toplevel() on ptolemy.moml.MoMLSimpleApplication@7d2ea758
reloadAllAccessors: .IIR

===========================================================================================
----------------- testing Thu Jun 20 13:14:01 UTC 2019 /home/travis/build/icyphy/ptII/ptolemy/actor/lib/test/auto/InputOutputTransparentPorts.xml
----------------- Instantiating /home/travis/build/icyphy/ptII/ptolemy/actor/lib/test/auto/InputOutputTransparentPorts.xml
1 ms. Memory: 610304K Free: 254035K (42%)
----------------- Invoking toplevel() on ptolemy.moml.MoMLSimpleApplication@280c48a9
----------------- Done invoking toplevel() on ptolemy.moml.MoMLSimpleApplication@280c48a9
reloadAllAccessors: .InputOutputTransparentPorts

===========================================================================================
----------------- testing Thu Jun 20 13:14:01 UTC 2019 /home/travis/build/icyphy/ptII/ptolemy/actor/lib/test/auto/Interpolator.xml
----------------- Instantiating /home/travis/build/icyphy/ptII/ptolemy/actor/lib/test/auto/Interpolator.xml
8 ms. Memory: 610304K Free: 249939K (41%)
----------------- Invoking toplevel() on ptolemy.moml.MoMLSimpleApplication@581760a8
----------------- Done invoking toplevel() on ptolemy.moml.MoMLSimpleApplication@581760a8
reloadAllAccessors: .Interpolator

===========================================================================================
----------------- testing Thu Jun 20 13:14:01 UTC 2019 /home/travis/build/icyphy/ptII/ptolemy/actor/lib/test/auto/InterpolatorFiringLimitDE.xml
----------------- Instantiating /home/travis/build/icyphy/ptII/ptolemy/actor/lib/test/auto/InterpolatorFiringLimitDE.xml
3 ms. Memory: 610304K Free: 243795K (40%)
----------------- Invoking toplevel() on ptolemy.moml.MoMLSimpleApplication@59f9a67c
----------------- Done invoking toplevel() on ptolemy.moml.MoMLSimpleApplication@59f9a67c
reloadAllAccessors: .InterpolatorFiringLimitDE

===========================================================================================
----------------- testing Thu Jun 20 13:14:01 UTC 2019 /home/travis/build/icyphy/ptII/ptolemy/actor/lib/test/auto/Lattice.xml
----------------- Instantiating /home/travis/build/icyphy/ptII/ptolemy/actor/lib/test/auto/Lattice.xml
1 ms. Memory: 610304K Free: 239699K (39%)
----------------- Invoking toplevel() on ptolemy.moml.MoMLSimpleApplication@2070eb58
----------------- Done invoking toplevel() on ptolemy.moml.MoMLSimpleApplication@2070eb58
reloadAllAccessors: .Lattice

===========================================================================================
----------------- testing Thu Jun 20 13:14:01 UTC 2019 /home/travis/build/icyphy/ptII/ptolemy/actor/lib/test/auto/LazyAOCTestLazy.xml
----------------- Instantiating /home/travis/build/icyphy/ptII/ptolemy/actor/lib/test/auto/LazyAOCTestLazy.xml
18 ms. Memory: 610304K Free: 233541K (38%)
----------------- Invoking toplevel() on ptolemy.moml.MoMLSimpleApplication@253d1299
----------------- Done invoking toplevel() on ptolemy.moml.MoMLSimpleApplication@253d1299
reloadAllAccessors: .LazyAOCTestLazy

===========================================================================================
----------------- testing Thu Jun 20 13:14:01 UTC 2019 /home/travis/build/icyphy/ptII/ptolemy/actor/lib/test/auto/LazyAOCTestNonLazy.xml
----------------- Instantiating /home/travis/build/icyphy/ptII/ptolemy/actor/lib/test/auto/LazyAOCTestNonLazy.xml
2 ms. Memory: 610304K Free: 227411K (37%)
----------------- Invoking toplevel() on ptolemy.moml.MoMLSimpleApplication@7ff0e765
----------------- Done invoking toplevel() on ptolemy.moml.MoMLSimpleApplication@7ff0e765
reloadAllAccessors: .LazyAOCTestNonLazy

===========================================================================================
----------------- testing Thu Jun 20 13:14:01 UTC 2019 /home/travis/build/icyphy/ptII/ptolemy/actor/lib/test/auto/LazyInnerClass.xml
----------------- Instantiating /home/travis/build/icyphy/ptII/ptolemy/actor/lib/test/auto/LazyInnerClass.xml
18 ms. Memory: 610304K Free: 218709K (36%)
----------------- Invoking toplevel() on ptolemy.moml.MoMLSimpleApplication@f08916b
----------------- Done invoking toplevel() on ptolemy.moml.MoMLSimpleApplication@f08916b
reloadAllAccessors: .LazyInnerClass

===========================================================================================
----------------- testing Thu Jun 20 13:14:01 UTC 2019 /home/travis/build/icyphy/ptII/ptolemy/actor/lib/test/auto/LazyPubSub.xml
----------------- Instantiating /home/travis/build/icyphy/ptII/ptolemy/actor/lib/test/auto/LazyPubSub.xml
33 ms. Memory: 610304K Free: 208979K (34%)
----------------- Invoking toplevel() on ptolemy.moml.MoMLSimpleApplication@7c1cd168
----------------- Done invoking toplevel() on ptolemy.moml.MoMLSimpleApplication@7c1cd168
reloadAllAccessors: .LazyPubSub

===========================================================================================
----------------- testing Thu Jun 20 13:14:01 UTC 2019 /home/travis/build/icyphy/ptII/ptolemy/actor/lib/test/auto/LazyPubSub2.xml
----------------- Instantiating /home/travis/build/icyphy/ptII/ptolemy/actor/lib/test/auto/LazyPubSub2.xml
15 ms. Memory: 610304K Free: 199253K (33%)
----------------- Invoking toplevel() on ptolemy.moml.MoMLSimpleApplication@768391a8
----------------- Done invoking toplevel() on ptolemy.moml.MoMLSimpleApplication@768391a8
reloadAllAccessors: .LazyPubSub2

===========================================================================================
----------------- testing Thu Jun 20 13:14:01 UTC 2019 /home/travis/build/icyphy/ptII/ptolemy/actor/lib/test/auto/LazyPubSub3.xml
----------------- Instantiating /home/travis/build/icyphy/ptII/ptolemy/actor/lib/test/auto/LazyPubSub3.xml
15 ms. Memory: 610304K Free: 551738K (90%)
----------------- Invoking toplevel() on ptolemy.moml.MoMLSimpleApplication@23d14d86
----------------- Done invoking toplevel() on ptolemy.moml.MoMLSimpleApplication@23d14d86
reloadAllAccessors: .LazyPubSub3

===========================================================================================
----------------- testing Thu Jun 20 13:14:01 UTC 2019 /home/travis/build/icyphy/ptII/ptolemy/actor/lib/test/auto/LazySubClassModel.xml
----------------- Instantiating /home/travis/build/icyphy/ptII/ptolemy/actor/lib/test/auto/LazySubClassModel.xml
1 ms. Memory: 610304K Free: 542008K (89%)
----------------- Invoking toplevel() on ptolemy.moml.MoMLSimpleApplication@9bad50c
----------------- Done invoking toplevel() on ptolemy.moml.MoMLSimpleApplication@9bad50c
reloadAllAccessors: .LazySubClassModel

===========================================================================================
----------------- testing Thu Jun 20 13:14:01 UTC 2019 /home/travis/build/icyphy/ptII/ptolemy/actor/lib/test/auto/LevelCrossTest1.xml
----------------- Instantiating /home/travis/build/icyphy/ptII/ptolemy/actor/lib/test/auto/LevelCrossTest1.xml
1 ms. Memory: 610304K Free: 536378K (88%)
----------------- Invoking toplevel() on ptolemy.moml.MoMLSimpleApplication@1a3d13a
----------------- Done invoking toplevel() on ptolemy.moml.MoMLSimpleApplication@1a3d13a
reloadAllAccessors: .broken

===========================================================================================
----------------- testing Thu Jun 20 13:14:01 UTC 2019 /home/travis/build/icyphy/ptII/ptolemy/actor/lib/test/auto/LevelCrossTest10.xml
----------------- Instantiating /home/travis/build/icyphy/ptII/ptolemy/actor/lib/test/auto/LevelCrossTest10.xml
1 ms. Memory: 610304K Free: 529210K (87%)
----------------- Invoking toplevel() on ptolemy.moml.MoMLSimpleApplication@730c4ffa
----------------- Done invoking toplevel() on ptolemy.moml.MoMLSimpleApplication@730c4ffa
reloadAllAccessors: .LevelCrossTest10

===========================================================================================
----------------- testing Thu Jun 20 13:14:01 UTC 2019 /home/travis/build/icyphy/ptII/ptolemy/actor/lib/test/auto/LevelCrossTest11.xml
----------------- Instantiating /home/travis/build/icyphy/ptII/ptolemy/actor/lib/test/auto/LevelCrossTest11.xml
1 ms. Memory: 610304K Free: 522552K (86%)
----------------- Invoking toplevel() on ptolemy.moml.MoMLSimpleApplication@219fdf
----------------- Done invoking toplevel() on ptolemy.moml.MoMLSimpleApplication@219fdf
reloadAllAccessors: .LevelCrossTest11

===========================================================================================
----------------- testing Thu Jun 20 13:14:01 UTC 2019 /home/travis/build/icyphy/ptII/ptolemy/actor/lib/test/auto/LevelCrossTest12.xml
----------------- Instantiating /home/travis/build/icyphy/ptII/ptolemy/actor/lib/test/auto/LevelCrossTest12.xml
1 ms. Memory: 610304K Free: 514874K (84%)
----------------- Invoking toplevel() on ptolemy.moml.MoMLSimpleApplication@78bbc739
----------------- Done invoking toplevel() on ptolemy.moml.MoMLSimpleApplication@78bbc739
reloadAllAccessors: .LevelCrossTest12

===========================================================================================
----------------- testing Thu Jun 20 13:14:01 UTC 2019 /home/travis/build/icyphy/ptII/ptolemy/actor/lib/test/auto/LevelCrossTest13.xml
----------------- Instantiating /home/travis/build/icyphy/ptII/ptolemy/actor/lib/test/auto/LevelCrossTest13.xml
1 ms. Memory: 610304K Free: 507192K (83%)
----------------- Invoking toplevel() on ptolemy.moml.MoMLSimpleApplication@6e55cdfc
----------------- Done invoking toplevel() on ptolemy.moml.MoMLSimpleApplication@6e55cdfc
reloadAllAccessors: .LevelCrossTest13

===========================================================================================
----------------- testing Thu Jun 20 13:14:01 UTC 2019 /home/travis/build/icyphy/ptII/ptolemy/actor/lib/test/auto/LevelCrossTest2.xml
----------------- Instantiating /home/travis/build/icyphy/ptII/ptolemy/actor/lib/test/auto/LevelCrossTest2.xml
1 ms. Memory: 610304K Free: 501562K (82%)
----------------- Invoking toplevel() on ptolemy.moml.MoMLSimpleApplication@75efb7db
----------------- Done invoking toplevel() on ptolemy.moml.MoMLSimpleApplication@75efb7db
reloadAllAccessors: .broken

===========================================================================================
----------------- testing Thu Jun 20 13:14:01 UTC 2019 /home/travis/build/icyphy/ptII/ptolemy/actor/lib/test/auto/LevelCrossTest3.xml
----------------- Instantiating /home/travis/build/icyphy/ptII/ptolemy/actor/lib/test/auto/LevelCrossTest3.xml
1 ms. Memory: 610304K Free: 495418K (81%)
----------------- Invoking toplevel() on ptolemy.moml.MoMLSimpleApplication@570e79da
----------------- Done invoking toplevel() on ptolemy.moml.MoMLSimpleApplication@570e79da
reloadAllAccessors: .LevelCrossTest3

===========================================================================================
----------------- testing Thu Jun 20 13:14:01 UTC 2019 /home/travis/build/icyphy/ptII/ptolemy/actor/lib/test/auto/LevelCrossTest4.xml
----------------- Instantiating /home/travis/build/icyphy/ptII/ptolemy/actor/lib/test/auto/LevelCrossTest4.xml
2 ms. Memory: 610304K Free: 489784K (80%)
----------------- Invoking toplevel() on ptolemy.moml.MoMLSimpleApplication@7cc3d1aa
----------------- Done invoking toplevel() on ptolemy.moml.MoMLSimpleApplication@7cc3d1aa
reloadAllAccessors: .broken

===========================================================================================
----------------- testing Thu Jun 20 13:14:01 UTC 2019 /home/travis/build/icyphy/ptII/ptolemy/actor/lib/test/auto/LevelCrossTest5.xml
----------------- Instantiating /home/travis/build/icyphy/ptII/ptolemy/actor/lib/test/auto/LevelCrossTest5.xml
1 ms. Memory: 610304K Free: 483130K (79%)
----------------- Invoking toplevel() on ptolemy.moml.MoMLSimpleApplication@54feed16
----------------- Done invoking toplevel() on ptolemy.moml.MoMLSimpleApplication@54feed16
reloadAllAccessors: .LevelCrossTest5

===========================================================================================
----------------- testing Thu Jun 20 13:14:01 UTC 2019 /home/travis/build/icyphy/ptII/ptolemy/actor/lib/test/auto/LevelCrossTest6.xml
----------------- Instantiating /home/travis/build/icyphy/ptII/ptolemy/actor/lib/test/auto/LevelCrossTest6.xml
4 ms. Memory: 610304K Free: 475962K (78%)
----------------- Invoking toplevel() on ptolemy.moml.MoMLSimpleApplication@10c069fa
----------------- Done invoking toplevel() on ptolemy.moml.MoMLSimpleApplication@10c069fa
reloadAllAccessors: .LevelCrossTest6

===========================================================================================
----------------- testing Thu Jun 20 13:14:01 UTC 2019 /home/travis/build/icyphy/ptII/ptolemy/actor/lib/test/auto/LevelCrossTest7.xml
----------------- Instantiating /home/travis/build/icyphy/ptII/ptolemy/actor/lib/test/auto/LevelCrossTest7.xml
9 ms. Memory: 610304K Free: 468794K (77%)
----------------- Invoking toplevel() on ptolemy.moml.MoMLSimpleApplication@151cdc31
----------------- Done invoking toplevel() on ptolemy.moml.MoMLSimpleApplication@151cdc31
reloadAllAccessors: .LevelCrossTest7

===========================================================================================
----------------- testing Thu Jun 20 13:14:01 UTC 2019 /home/travis/build/icyphy/ptII/ptolemy/actor/lib/test/auto/LevelCrossTest8.xml
----------------- Instantiating /home/travis/build/icyphy/ptII/ptolemy/actor/lib/test/auto/LevelCrossTest8.xml
1 ms. Memory: 610304K Free: 462650K (76%)
----------------- Invoking toplevel() on ptolemy.moml.MoMLSimpleApplication@3eb716d0
----------------- Done invoking toplevel() on ptolemy.moml.MoMLSimpleApplication@3eb716d0
reloadAllAccessors: .LevelCrossTest8

===========================================================================================
----------------- testing Thu Jun 20 13:14:01 UTC 2019 /home/travis/build/icyphy/ptII/ptolemy/actor/lib/test/auto/LevelCrossTest9.xml
----------------- Instantiating /home/travis/build/icyphy/ptII/ptolemy/actor/lib/test/auto/LevelCrossTest9.xml
2 ms. Memory: 610304K Free: 455482K (75%)
----------------- Invoking toplevel() on ptolemy.moml.MoMLSimpleApplication@76bd6c7a
----------------- Done invoking toplevel() on ptolemy.moml.MoMLSimpleApplication@76bd6c7a
reloadAllAccessors: .LevelCrossTest9

===========================================================================================
----------------- testing Thu Jun 20 13:14:01 UTC 2019 /home/travis/build/icyphy/ptII/ptolemy/actor/lib/test/auto/LevinsonDurbin.xml
----------------- Instantiating /home/travis/build/icyphy/ptII/ptolemy/actor/lib/test/auto/LevinsonDurbin.xml
2 ms. Memory: 610304K Free: 451386K (74%)
----------------- Invoking toplevel() on ptolemy.moml.MoMLSimpleApplication@26c75a9b
----------------- Done invoking toplevel() on ptolemy.moml.MoMLSimpleApplication@26c75a9b
reloadAllAccessors: .LevinsonDurbin

===========================================================================================
----------------- testing Thu Jun 20 13:14:01 UTC 2019 /home/travis/build/icyphy/ptII/ptolemy/actor/lib/test/auto/LevinsonDurbin2.xml
----------------- Instantiating /home/travis/build/icyphy/ptII/ptolemy/actor/lib/test/auto/LevinsonDurbin2.xml
1 ms. Memory: 610304K Free: 447290K (73%)
----------------- Invoking toplevel() on ptolemy.moml.MoMLSimpleApplication@4efc4283
----------------- Done invoking toplevel() on ptolemy.moml.MoMLSimpleApplication@4efc4283
reloadAllAccessors: .LevinsonDurbin2

===========================================================================================
----------------- testing Thu Jun 20 13:14:01 UTC 2019 /home/travis/build/icyphy/ptII/ptolemy/actor/lib/test/auto/LevinsonDurbin3.xml
----------------- Instantiating /home/travis/build/icyphy/ptII/ptolemy/actor/lib/test/auto/LevinsonDurbin3.xml
2 ms. Memory: 610304K Free: 443194K (73%)
----------------- Invoking toplevel() on ptolemy.moml.MoMLSimpleApplication@4e03dc87
----------------- Done invoking toplevel() on ptolemy.moml.MoMLSimpleApplication@4e03dc87
reloadAllAccessors: .LevinsonDurbin3

===========================================================================================
----------------- testing Thu Jun 20 13:14:01 UTC 2019 /home/travis/build/icyphy/ptII/ptolemy/actor/lib/test/auto/Limiter.xml
----------------- Instantiating /home/travis/build/icyphy/ptII/ptolemy/actor/lib/test/auto/Limiter.xml
12 ms. Memory: 610304K Free: 433978K (71%)
----------------- Invoking toplevel() on ptolemy.moml.MoMLSimpleApplication@49eee75d
----------------- Done invoking toplevel() on ptolemy.moml.MoMLSimpleApplication@49eee75d
reloadAllAccessors: .Limiter

===========================================================================================
----------------- testing Thu Jun 20 13:14:01 UTC 2019 /home/travis/build/icyphy/ptII/ptolemy/actor/lib/test/auto/LinearDifferenceEquationSystem.xml
----------------- Instantiating /home/travis/build/icyphy/ptII/ptolemy/actor/lib/test/auto/LinearDifferenceEquationSystem.xml
4 ms. Memory: 610304K Free: 426810K (70%)
----------------- Invoking toplevel() on ptolemy.moml.MoMLSimpleApplication@1447277e
----------------- Done invoking toplevel() on ptolemy.moml.MoMLSimpleApplication@1447277e
reloadAllAccessors: .LinearDifferenceEquationSystem

===========================================================================================
----------------- testing Thu Jun 20 13:14:01 UTC 2019 /home/travis/build/icyphy/ptII/ptolemy/actor/lib/test/auto/LookupTable.xml
----------------- Instantiating /home/travis/build/icyphy/ptII/ptolemy/actor/lib/test/auto/LookupTable.xml
1 ms. Memory: 610304K Free: 422200K (69%)
----------------- Invoking toplevel() on ptolemy.moml.MoMLSimpleApplication@16e2851a
----------------- Done invoking toplevel() on ptolemy.moml.MoMLSimpleApplication@16e2851a
reloadAllAccessors: .LookupTable

===========================================================================================
----------------- testing Thu Jun 20 13:14:02 UTC 2019 /home/travis/build/icyphy/ptII/ptolemy/actor/lib/test/auto/MathFunction.xml
----------------- Instantiating /home/travis/build/icyphy/ptII/ptolemy/actor/lib/test/auto/MathFunction.xml
2 ms. Memory: 610304K Free: 414008K (68%)
----------------- Invoking toplevel() on ptolemy.moml.MoMLSimpleApplication@4d35d237
----------------- Done invoking toplevel() on ptolemy.moml.MoMLSimpleApplication@4d35d237
reloadAllAccessors: .MathFunction

===========================================================================================
----------------- testing Thu Jun 20 13:14:02 UTC 2019 /home/travis/build/icyphy/ptII/ptolemy/actor/lib/test/auto/MathFunction2.xml
----------------- Instantiating /home/travis/build/icyphy/ptII/ptolemy/actor/lib/test/auto/MathFunction2.xml
1 ms. Memory: 610304K Free: 409912K (67%)
----------------- Invoking toplevel() on ptolemy.moml.MoMLSimpleApplication@7a70aa5c
----------------- Done invoking toplevel() on ptolemy.moml.MoMLSimpleApplication@7a70aa5c
reloadAllAccessors: .MathFunction2

===========================================================================================
----------------- testing Thu Jun 20 13:14:02 UTC 2019 /home/travis/build/icyphy/ptII/ptolemy/actor/lib/test/auto/MathFunction3.xml
----------------- Instantiating /home/travis/build/icyphy/ptII/ptolemy/actor/lib/test/auto/MathFunction3.xml
6 ms. Memory: 610304K Free: 402744K (66%)
----------------- Invoking toplevel() on ptolemy.moml.MoMLSimpleApplication@210ec122
----------------- Done invoking toplevel() on ptolemy.moml.MoMLSimpleApplication@210ec122
reloadAllAccessors: .MathFunction3

===========================================================================================
----------------- testing Thu Jun 20 13:14:02 UTC 2019 /home/travis/build/icyphy/ptII/ptolemy/actor/lib/test/auto/MatrixCropBoolean.xml
----------------- Instantiating /home/travis/build/icyphy/ptII/ptolemy/actor/lib/test/auto/MatrixCropBoolean.xml
1 ms. Memory: 610304K Free: 397610K (65%)
----------------- Invoking toplevel() on ptolemy.moml.MoMLSimpleApplication@44a0952d
----------------- Done invoking toplevel() on ptolemy.moml.MoMLSimpleApplication@44a0952d
reloadAllAccessors: .MatrixCropBoolean

===========================================================================================
----------------- testing Thu Jun 20 13:14:02 UTC 2019 /home/travis/build/icyphy/ptII/ptolemy/actor/lib/test/auto/MatrixCropComplex.xml
----------------- Instantiating /home/travis/build/icyphy/ptII/ptolemy/actor/lib/test/auto/MatrixCropComplex.xml
2 ms. Memory: 610304K Free: 393018K (64%)
----------------- Invoking toplevel() on ptolemy.moml.MoMLSimpleApplication@1a79d5d2
----------------- Done invoking toplevel() on ptolemy.moml.MoMLSimpleApplication@1a79d5d2
reloadAllAccessors: .MatrixCropComplex

===========================================================================================
----------------- testing Thu Jun 20 13:14:02 UTC 2019 /home/travis/build/icyphy/ptII/ptolemy/actor/lib/test/auto/MatrixCropDouble.xml
----------------- Instantiating /home/travis/build/icyphy/ptII/ptolemy/actor/lib/test/auto/MatrixCropDouble.xml
1 ms. Memory: 610304K Free: 388922K (64%)
----------------- Invoking toplevel() on ptolemy.moml.MoMLSimpleApplication@4da7d32c
----------------- Done invoking toplevel() on ptolemy.moml.MoMLSimpleApplication@4da7d32c
reloadAllAccessors: .MatrixCropDouble

===========================================================================================
----------------- testing Thu Jun 20 13:14:02 UTC 2019 /home/travis/build/icyphy/ptII/ptolemy/actor/lib/test/auto/MatrixCropFix.xml
----------------- Instantiating /home/travis/build/icyphy/ptII/ptolemy/actor/lib/test/auto/MatrixCropFix.xml
2 ms. Memory: 610304K Free: 383258K (63%)
----------------- Invoking toplevel() on ptolemy.moml.MoMLSimpleApplication@3f48a3a8
----------------- Done invoking toplevel() on ptolemy.moml.MoMLSimpleApplication@3f48a3a8
reloadAllAccessors: .MatrixCropFix

===========================================================================================
----------------- testing Thu Jun 20 13:14:02 UTC 2019 /home/travis/build/icyphy/ptII/ptolemy/actor/lib/test/auto/MatrixCropInt.xml
----------------- Instantiating /home/travis/build/icyphy/ptII/ptolemy/actor/lib/test/auto/MatrixCropInt.xml
1 ms. Memory: 610304K Free: 378154K (62%)
----------------- Invoking toplevel() on ptolemy.moml.MoMLSimpleApplication@6572dee7
----------------- Done invoking toplevel() on ptolemy.moml.MoMLSimpleApplication@6572dee7
reloadAllAccessors: .MatrixCropInt

===========================================================================================
----------------- testing Thu Jun 20 13:14:02 UTC 2019 /home/travis/build/icyphy/ptII/ptolemy/actor/lib/test/auto/MatrixCropLong.xml
----------------- Instantiating /home/travis/build/icyphy/ptII/ptolemy/actor/lib/test/auto/MatrixCropLong.xml
2 ms. Memory: 610304K Free: 373034K (61%)
----------------- Invoking toplevel() on ptolemy.moml.MoMLSimpleApplication@41a4bcc3
----------------- Done invoking toplevel() on ptolemy.moml.MoMLSimpleApplication@41a4bcc3
reloadAllAccessors: .MatrixCropLong

===========================================================================================
----------------- testing Thu Jun 20 13:14:02 UTC 2019 /home/travis/build/icyphy/ptII/ptolemy/actor/lib/test/auto/MatrixToArray.xml
----------------- Instantiating /home/travis/build/icyphy/ptII/ptolemy/actor/lib/test/auto/MatrixToArray.xml
8 ms. Memory: 610304K Free: 358202K (59%)
----------------- Invoking toplevel() on ptolemy.moml.MoMLSimpleApplication@6e21a096
----------------- Done invoking toplevel() on ptolemy.moml.MoMLSimpleApplication@6e21a096
reloadAllAccessors: .MatrixToArray

===========================================================================================
----------------- testing Thu Jun 20 13:14:02 UTC 2019 /home/travis/build/icyphy/ptII/ptolemy/actor/lib/test/auto/MaxIndex.xml
----------------- Instantiating /home/travis/build/icyphy/ptII/ptolemy/actor/lib/test/auto/MaxIndex.xml
1 ms. Memory: 610304K Free: 353082K (58%)
----------------- Invoking toplevel() on ptolemy.moml.MoMLSimpleApplication@8249d89
----------------- Done invoking toplevel() on ptolemy.moml.MoMLSimpleApplication@8249d89
reloadAllAccessors: .MaxIndex

===========================================================================================
----------------- testing Thu Jun 20 13:14:02 UTC 2019 /home/travis/build/icyphy/ptII/ptolemy/actor/lib/test/auto/Maximum.xml
----------------- Instantiating /home/travis/build/icyphy/ptII/ptolemy/actor/lib/test/auto/Maximum.xml
9 ms. Memory: 610304K Free: 346394K (57%)
----------------- Invoking toplevel() on ptolemy.moml.MoMLSimpleApplication@68f00239
----------------- Done invoking toplevel() on ptolemy.moml.MoMLSimpleApplication@68f00239
reloadAllAccessors: .Maximum

===========================================================================================
----------------- testing Thu Jun 20 13:14:02 UTC 2019 /home/travis/build/icyphy/ptII/ptolemy/actor/lib/test/auto/MaximumComplex.xml
----------------- Instantiating /home/travis/build/icyphy/ptII/ptolemy/actor/lib/test/auto/MaximumComplex.xml
4 ms. Memory: 610304K Free: 340266K (56%)
----------------- Invoking toplevel() on ptolemy.moml.MoMLSimpleApplication@5ab1c1ab
----------------- Done invoking toplevel() on ptolemy.moml.MoMLSimpleApplication@5ab1c1ab
reloadAllAccessors: .MaximumComplex

===========================================================================================
----------------- testing Thu Jun 20 13:14:02 UTC 2019 /home/travis/build/icyphy/ptII/ptolemy/actor/lib/test/auto/MethodCallTest.xml
----------------- Instantiating /home/travis/build/icyphy/ptII/ptolemy/actor/lib/test/auto/MethodCallTest.xml
2 ms. Memory: 610304K Free: 333626K (55%)
----------------- Invoking toplevel() on ptolemy.moml.MoMLSimpleApplication@2cd30953
----------------- Done invoking toplevel() on ptolemy.moml.MoMLSimpleApplication@2cd30953
reloadAllAccessors: .MethodCallTest

===========================================================================================
----------------- testing Thu Jun 20 13:14:02 UTC 2019 /home/travis/build/icyphy/ptII/ptolemy/actor/lib/test/auto/Minimum.xml
----------------- Instantiating /home/travis/build/icyphy/ptII/ptolemy/actor/lib/test/auto/Minimum.xml
2 ms. Memory: 610304K Free: 327482K (54%)
----------------- Invoking toplevel() on ptolemy.moml.MoMLSimpleApplication@6538035e
----------------- Done invoking toplevel() on ptolemy.moml.MoMLSimpleApplication@6538035e
reloadAllAccessors: .Minimum

===========================================================================================
----------------- testing Thu Jun 20 13:14:02 UTC 2019 /home/travis/build/icyphy/ptII/ptolemy/actor/lib/test/auto/MinimumComplex.xml
----------------- Instantiating /home/travis/build/icyphy/ptII/ptolemy/actor/lib/test/auto/MinimumComplex.xml
2 ms. Memory: 610304K Free: 321338K (53%)
----------------- Invoking toplevel() on ptolemy.moml.MoMLSimpleApplication@1c989ba
----------------- Done invoking toplevel() on ptolemy.moml.MoMLSimpleApplication@1c989ba
reloadAllAccessors: .MinimumComplex

===========================================================================================
----------------- testing Thu Jun 20 13:14:02 UTC 2019 /home/travis/build/icyphy/ptII/ptolemy/actor/lib/test/auto/MinimumMultiports.xml
----------------- Instantiating /home/travis/build/icyphy/ptII/ptolemy/actor/lib/test/auto/MinimumMultiports.xml
9 ms. Memory: 610304K Free: 312626K (51%)
----------------- Invoking toplevel() on ptolemy.moml.MoMLSimpleApplication@394d554e
----------------- Done invoking toplevel() on ptolemy.moml.MoMLSimpleApplication@394d554e
reloadAllAccessors: .MinimumMultiports

===========================================================================================
----------------- testing Thu Jun 20 13:14:02 UTC 2019 /home/travis/build/icyphy/ptII/ptolemy/actor/lib/test/auto/ModifyDate.xml
----------------- Instantiating /home/travis/build/icyphy/ptII/ptolemy/actor/lib/test/auto/ModifyDate.xml
10 ms. Memory: 610304K Free: 299834K (49%)
----------------- Invoking toplevel() on ptolemy.moml.MoMLSimpleApplication@5bde1ccd
----------------- Done invoking toplevel() on ptolemy.moml.MoMLSimpleApplication@5bde1ccd
reloadAllAccessors: .ModifyDate

===========================================================================================
----------------- testing Thu Jun 20 13:14:02 UTC 2019 /home/travis/build/icyphy/ptII/ptolemy/actor/lib/test/auto/ModifyDate2.xml
----------------- Instantiating /home/travis/build/icyphy/ptII/ptolemy/actor/lib/test/auto/ModifyDate2.xml
3 ms. Memory: 610304K Free: 291128K (48%)
----------------- Invoking toplevel() on ptolemy.moml.MoMLSimpleApplication@6e52efcc
----------------- Done invoking toplevel() on ptolemy.moml.MoMLSimpleApplication@6e52efcc
reloadAllAccessors: .ModifyDate2

===========================================================================================
----------------- testing Thu Jun 20 13:14:02 UTC 2019 /home/travis/build/icyphy/ptII/ptolemy/actor/lib/test/auto/MovingAverage.xml
----------------- Instantiating /home/travis/build/icyphy/ptII/ptolemy/actor/lib/test/auto/MovingAverage.xml
2 ms. Memory: 610304K Free: 286008K (47%)
----------------- Invoking toplevel() on ptolemy.moml.MoMLSimpleApplication@fb5def3
----------------- Done invoking toplevel() on ptolemy.moml.MoMLSimpleApplication@fb5def3
reloadAllAccessors: .MovingAverage

===========================================================================================
----------------- testing Thu Jun 20 13:14:02 UTC 2019 /home/travis/build/icyphy/ptII/ptolemy/actor/lib/test/auto/MovingMaximum.xml
----------------- Instantiating /home/travis/build/icyphy/ptII/ptolemy/actor/lib/test/auto/MovingMaximum.xml
2 ms. Memory: 610304K Free: 281402K (46%)
----------------- Invoking toplevel() on ptolemy.moml.MoMLSimpleApplication@7308a378
----------------- Done invoking toplevel() on ptolemy.moml.MoMLSimpleApplication@7308a378
reloadAllAccessors: .MovingMaximum

===========================================================================================
----------------- testing Thu Jun 20 13:14:02 UTC 2019 /home/travis/build/icyphy/ptII/ptolemy/actor/lib/test/auto/MultipleLinksToSameRelation.xml
----------------- Instantiating /home/travis/build/icyphy/ptII/ptolemy/actor/lib/test/auto/MultipleLinksToSameRelation.xml
5 ms. Memory: 610304K Free: 277306K (45%)
----------------- Invoking toplevel() on ptolemy.moml.MoMLSimpleApplication@e343237
----------------- Done invoking toplevel() on ptolemy.moml.MoMLSimpleApplication@e343237
reloadAllAccessors: .MultipleLinksToSameRelation

===========================================================================================
----------------- testing Thu Jun 20 13:14:02 UTC 2019 /home/travis/build/icyphy/ptII/ptolemy/actor/lib/test/auto/MultipleLinksToSameRelationDE.xml
----------------- Instantiating /home/travis/build/icyphy/ptII/ptolemy/actor/lib/test/auto/MultipleLinksToSameRelationDE.xml
2 ms. Memory: 610304K Free: 272666K (45%)
----------------- Invoking toplevel() on ptolemy.moml.MoMLSimpleApplication@4a2e1a9a
----------------- Done invoking toplevel() on ptolemy.moml.MoMLSimpleApplication@4a2e1a9a
reloadAllAccessors: .MultipleLinksToSameRelationDE

===========================================================================================
----------------- testing Thu Jun 20 13:14:02 UTC 2019 /home/travis/build/icyphy/ptII/ptolemy/actor/lib/test/auto/Multiplexor.xml
----------------- Instantiating /home/travis/build/icyphy/ptII/ptolemy/actor/lib/test/auto/Multiplexor.xml
2 ms. Memory: 610304K Free: 267066K (44%)
----------------- Invoking toplevel() on ptolemy.moml.MoMLSimpleApplication@70e5f55b
----------------- Done invoking toplevel() on ptolemy.moml.MoMLSimpleApplication@70e5f55b
reloadAllAccessors: .Multiplexor

===========================================================================================
----------------- testing Thu Jun 20 13:14:02 UTC 2019 /home/travis/build/icyphy/ptII/ptolemy/actor/lib/test/auto/Multiplexor1.xml
----------------- Instantiating /home/travis/build/icyphy/ptII/ptolemy/actor/lib/test/auto/Multiplexor1.xml
2 ms. Memory: 610304K Free: 261418K (43%)
----------------- Invoking toplevel() on ptolemy.moml.MoMLSimpleApplication@384409d7
----------------- Done invoking toplevel() on ptolemy.moml.MoMLSimpleApplication@384409d7
reloadAllAccessors: .Multiplexor1

===========================================================================================
----------------- testing Thu Jun 20 13:14:02 UTC 2019 /home/travis/build/icyphy/ptII/ptolemy/actor/lib/test/auto/Multiplexor2.xml
----------------- Instantiating /home/travis/build/icyphy/ptII/ptolemy/actor/lib/test/auto/Multiplexor2.xml
6 ms. Memory: 610304K Free: 254778K (42%)
----------------- Invoking toplevel() on ptolemy.moml.MoMLSimpleApplication@66dcdd33
----------------- Done invoking toplevel() on ptolemy.moml.MoMLSimpleApplication@66dcdd33
reloadAllAccessors: .Multiplexor2

===========================================================================================
----------------- testing Thu Jun 20 13:14:02 UTC 2019 /home/travis/build/icyphy/ptII/ptolemy/actor/lib/test/auto/Multiplexor3.xml
----------------- Instantiating /home/travis/build/icyphy/ptII/ptolemy/actor/lib/test/auto/Multiplexor3.xml
2 ms. Memory: 610304K Free: 250682K (41%)
----------------- Invoking toplevel() on ptolemy.moml.MoMLSimpleApplication@6f38acef
----------------- Done invoking toplevel() on ptolemy.moml.MoMLSimpleApplication@6f38acef
reloadAllAccessors: .Multiplexor3

===========================================================================================
----------------- testing Thu Jun 20 13:14:02 UTC 2019 /home/travis/build/icyphy/ptII/ptolemy/actor/lib/test/auto/MultiplexorDE.xml
----------------- Instantiating /home/travis/build/icyphy/ptII/ptolemy/actor/lib/test/auto/MultiplexorDE.xml
3 ms. Memory: 610304K Free: 242970K (40%)
----------------- Invoking toplevel() on ptolemy.moml.MoMLSimpleApplication@74030789
----------------- Done invoking toplevel() on ptolemy.moml.MoMLSimpleApplication@74030789
reloadAllAccessors: .MultiplexorDE

===========================================================================================
----------------- testing Thu Jun 20 13:14:02 UTC 2019 /home/travis/build/icyphy/ptII/ptolemy/actor/lib/test/auto/MultiportBroadcastTest.xml
----------------- Instantiating /home/travis/build/icyphy/ptII/ptolemy/actor/lib/test/auto/MultiportBroadcastTest.xml
94 ms. Memory: 610304K Free: 236842K (39%)
----------------- Invoking toplevel() on ptolemy.moml.MoMLSimpleApplication@3c83f5a4
----------------- Done invoking toplevel() on ptolemy.moml.MoMLSimpleApplication@3c83f5a4
reloadAllAccessors: .MultiportBroadcastTest

===========================================================================================
----------------- testing Thu Jun 20 13:14:02 UTC 2019 /home/travis/build/icyphy/ptII/ptolemy/actor/lib/test/auto/MultiportOutHangDuringGetWidth.xml
----------------- Instantiating /home/travis/build/icyphy/ptII/ptolemy/actor/lib/test/auto/MultiportOutHangDuringGetWidth.xml
6 ms. Memory: 610304K Free: 225082K (37%)
----------------- Invoking toplevel() on ptolemy.moml.MoMLSimpleApplication@44834956
----------------- Done invoking toplevel() on ptolemy.moml.MoMLSimpleApplication@44834956
reloadAllAccessors: .MultiportOutHangDuringGetWidth

===========================================================================================
----------------- testing Thu Jun 20 13:14:02 UTC 2019 /home/travis/build/icyphy/ptII/ptolemy/actor/lib/test/auto/NilToken.xml
----------------- Instantiating /home/travis/build/icyphy/ptII/ptolemy/actor/lib/test/auto/NilToken.xml
1 ms. Memory: 610304K Free: 220472K (36%)
----------------- Invoking toplevel() on ptolemy.moml.MoMLSimpleApplication@304d2c51
----------------- Done invoking toplevel() on ptolemy.moml.MoMLSimpleApplication@304d2c51
reloadAllAccessors: .NilToken

===========================================================================================
----------------- testing Thu Jun 20 13:14:02 UTC 2019 /home/travis/build/icyphy/ptII/ptolemy/actor/lib/test/auto/NilTokenNonStrictTest.xml
----------------- Instantiating /home/travis/build/icyphy/ptII/ptolemy/actor/lib/test/auto/NilTokenNonStrictTest.xml
3 ms. Memory: 610304K Free: 215352K (35%)
----------------- Invoking toplevel() on ptolemy.moml.MoMLSimpleApplication@26c2b6e3
----------------- Done invoking toplevel() on ptolemy.moml.MoMLSimpleApplication@26c2b6e3
reloadAllAccessors: .NilTokenNonStrictTest

===========================================================================================
----------------- testing Thu Jun 20 13:14:02 UTC 2019 /home/travis/build/icyphy/ptII/ptolemy/actor/lib/test/auto/NilTokenRecord.xml
----------------- Instantiating /home/travis/build/icyphy/ptII/ptolemy/actor/lib/test/auto/NilTokenRecord.xml
6 ms. Memory: 610304K Free: 208698K (34%)
----------------- Invoking toplevel() on ptolemy.moml.MoMLSimpleApplication@372392c7
----------------- Done invoking toplevel() on ptolemy.moml.MoMLSimpleApplication@372392c7
reloadAllAccessors: .NilTokenRecord

===========================================================================================
----------------- testing Thu Jun 20 13:14:02 UTC 2019 /home/travis/build/icyphy/ptII/ptolemy/actor/lib/test/auto/NilTokenTypeTest.xml
----------------- Instantiating /home/travis/build/icyphy/ptII/ptolemy/actor/lib/test/auto/NilTokenTypeTest.xml
23 ms. Memory: 610304K Free: 561205K (92%)
----------------- Invoking toplevel() on ptolemy.moml.MoMLSimpleApplication@6ac6a951
----------------- Done invoking toplevel() on ptolemy.moml.MoMLSimpleApplication@6ac6a951
reloadAllAccessors: .NilTokenTypeTest

===========================================================================================
----------------- testing Thu Jun 20 13:14:02 UTC 2019 /home/travis/build/icyphy/ptII/ptolemy/actor/lib/test/auto/ObjectToken1.xml
----------------- Instantiating /home/travis/build/icyphy/ptII/ptolemy/actor/lib/test/auto/ObjectToken1.xml
3 ms. Memory: 610304K Free: 556608K (91%)
----------------- Invoking toplevel() on ptolemy.moml.MoMLSimpleApplication@73abe61a
----------------- Done invoking toplevel() on ptolemy.moml.MoMLSimpleApplication@73abe61a
reloadAllAccessors: .ObjectToken1

===========================================================================================
----------------- testing Thu Jun 20 13:14:02 UTC 2019 /home/travis/build/icyphy/ptII/ptolemy/actor/lib/test/auto/OrderedMerge.xml
----------------- Instantiating /home/travis/build/icyphy/ptII/ptolemy/actor/lib/test/auto/OrderedMerge.xml
11 ms. Memory: 610304K Free: 550466K (90%)
----------------- Invoking toplevel() on ptolemy.moml.MoMLSimpleApplication@3e806ac0
----------------- Done invoking toplevel() on ptolemy.moml.MoMLSimpleApplication@3e806ac0
reloadAllAccessors: .OrderedMerge

===========================================================================================
----------------- testing Thu Jun 20 13:14:02 UTC 2019 /home/travis/build/icyphy/ptII/ptolemy/actor/lib/test/auto/OrderedRecordDisassembler.xml
----------------- Instantiating /home/travis/build/icyphy/ptII/ptolemy/actor/lib/test/auto/OrderedRecordDisassembler.xml
3 ms. Memory: 610304K Free: 545346K (89%)
----------------- Invoking toplevel() on ptolemy.moml.MoMLSimpleApplication@6dc47f64
----------------- Done invoking toplevel() on ptolemy.moml.MoMLSimpleApplication@6dc47f64
reloadAllAccessors: .OrderedRecordDisassembler

===========================================================================================
----------------- testing Thu Jun 20 13:14:02 UTC 2019 /home/travis/build/icyphy/ptII/ptolemy/actor/lib/test/auto/OrderedRecordDisassembler2.xml
----------------- Instantiating /home/travis/build/icyphy/ptII/ptolemy/actor/lib/test/auto/OrderedRecordDisassembler2.xml
7 ms. Memory: 610304K Free: 537664K (88%)
----------------- Invoking toplevel() on ptolemy.moml.MoMLSimpleApplication@683f1c59
----------------- Done invoking toplevel() on ptolemy.moml.MoMLSimpleApplication@683f1c59
reloadAllAccessors: .OrderedRecordDisassembler2

===========================================================================================
----------------- testing Thu Jun 20 13:14:03 UTC 2019 /home/travis/build/icyphy/ptII/ptolemy/actor/lib/test/auto/OrderedRecordUpdater.xml
----------------- Instantiating /home/travis/build/icyphy/ptII/ptolemy/actor/lib/test/auto/OrderedRecordUpdater.xml
2 ms. Memory: 610304K Free: 532544K (87%)
----------------- Invoking toplevel() on ptolemy.moml.MoMLSimpleApplication@75d67563
----------------- Done invoking toplevel() on ptolemy.moml.MoMLSimpleApplication@75d67563
reloadAllAccessors: .RecordUpdater

===========================================================================================
----------------- testing Thu Jun 20 13:14:03 UTC 2019 /home/travis/build/icyphy/ptII/ptolemy/actor/lib/test/auto/OrderedRecordUpdater2.xml
----------------- Instantiating /home/travis/build/icyphy/ptII/ptolemy/actor/lib/test/auto/OrderedRecordUpdater2.xml
3 ms. Memory: 610304K Free: 527424K (86%)
----------------- Invoking toplevel() on ptolemy.moml.MoMLSimpleApplication@2617862e
----------------- Done invoking toplevel() on ptolemy.moml.MoMLSimpleApplication@2617862e
reloadAllAccessors: .RecordUpdater2

===========================================================================================
----------------- testing Thu Jun 20 13:14:03 UTC 2019 /home/travis/build/icyphy/ptII/ptolemy/actor/lib/test/auto/PhaseUnwrap.xml
----------------- Instantiating /home/travis/build/icyphy/ptII/ptolemy/actor/lib/test/auto/PhaseUnwrap.xml
2 ms. Memory: 610304K Free: 522818K (86%)
----------------- Invoking toplevel() on ptolemy.moml.MoMLSimpleApplication@7af83e3c
----------------- Done invoking toplevel() on ptolemy.moml.MoMLSimpleApplication@7af83e3c
reloadAllAccessors: .PhaseUnwrap

===========================================================================================
----------------- testing Thu Jun 20 13:14:03 UTC 2019 /home/travis/build/icyphy/ptII/ptolemy/actor/lib/test/auto/PoissonClock.xml
----------------- Instantiating /home/travis/build/icyphy/ptII/ptolemy/actor/lib/test/auto/PoissonClock.xml
3 ms. Memory: 610304K Free: 518722K (85%)
----------------- Invoking toplevel() on ptolemy.moml.MoMLSimpleApplication@6b395594
----------------- Done invoking toplevel() on ptolemy.moml.MoMLSimpleApplication@6b395594
reloadAllAccessors: .PoissonClock

===========================================================================================
----------------- testing Thu Jun 20 13:14:03 UTC 2019 /home/travis/build/icyphy/ptII/ptolemy/actor/lib/test/auto/PoissonClock2.xml
----------------- Instantiating /home/travis/build/icyphy/ptII/ptolemy/actor/lib/test/auto/PoissonClock2.xml
2 ms. Memory: 610304K Free: 514112K (84%)
----------------- Invoking toplevel() on ptolemy.moml.MoMLSimpleApplication@11b1d03c
----------------- Done invoking toplevel() on ptolemy.moml.MoMLSimpleApplication@11b1d03c
reloadAllAccessors: .PoissonClock2

===========================================================================================
----------------- testing Thu Jun 20 13:14:03 UTC 2019 /home/travis/build/icyphy/ptII/ptolemy/actor/lib/test/auto/PoissonClock3.xml
----------------- Instantiating /home/travis/build/icyphy/ptII/ptolemy/actor/lib/test/auto/PoissonClock3.xml
1 ms. Memory: 610304K Free: 509506K (83%)
----------------- Invoking toplevel() on ptolemy.moml.MoMLSimpleApplication@4f3048f8
----------------- Done invoking toplevel() on ptolemy.moml.MoMLSimpleApplication@4f3048f8
reloadAllAccessors: .PoissonClock3

===========================================================================================
----------------- testing Thu Jun 20 13:14:03 UTC 2019 /home/travis/build/icyphy/ptII/ptolemy/actor/lib/test/auto/PubSubWithInitialTokens.xml
----------------- Instantiating /home/travis/build/icyphy/ptII/ptolemy/actor/lib/test/auto/PubSubWithInitialTokens.xml
2 ms. Memory: 610304K Free: 503362K (82%)
----------------- Invoking toplevel() on ptolemy.moml.MoMLSimpleApplication@12f28049
----------------- Done invoking toplevel() on ptolemy.moml.MoMLSimpleApplication@12f28049
reloadAllAccessors: .PubSubWithInitialTokens

===========================================================================================
----------------- testing Thu Jun 20 13:14:03 UTC 2019 /home/travis/build/icyphy/ptII/ptolemy/actor/lib/test/auto/PubSubWithInitialTokens2.xml
----------------- Instantiating /home/travis/build/icyphy/ptII/ptolemy/actor/lib/test/auto/PubSubWithInitialTokens2.xml
2 ms. Memory: 610304K Free: 497218K (81%)
----------------- Invoking toplevel() on ptolemy.moml.MoMLSimpleApplication@4d84157b
----------------- Done invoking toplevel() on ptolemy.moml.MoMLSimpleApplication@4d84157b
reloadAllAccessors: .PubSubWithInitialTokens2

===========================================================================================
----------------- testing Thu Jun 20 13:14:03 UTC 2019 /home/travis/build/icyphy/ptII/ptolemy/actor/lib/test/auto/PublisherClassNoParameter.xml
----------------- Instantiating /home/travis/build/icyphy/ptII/ptolemy/actor/lib/test/auto/PublisherClassNoParameter.xml
3 ms. Memory: 610304K Free: 487482K (80%)
----------------- Invoking toplevel() on ptolemy.moml.MoMLSimpleApplication@5544f5d0
----------------- Done invoking toplevel() on ptolemy.moml.MoMLSimpleApplication@5544f5d0
reloadAllAccessors: .PublisherClassNoParameter

===========================================================================================
----------------- testing Thu Jun 20 13:14:03 UTC 2019 /home/travis/build/icyphy/ptII/ptolemy/actor/lib/test/auto/PublisherClassParameter.xml
----------------- Instantiating /home/travis/build/icyphy/ptII/ptolemy/actor/lib/test/auto/PublisherClassParameter.xml
2 ms. Memory: 610304K Free: 477234K (78%)
----------------- Invoking toplevel() on ptolemy.moml.MoMLSimpleApplication@6caa5ded
----------------- Done invoking toplevel() on ptolemy.moml.MoMLSimpleApplication@6caa5ded
reloadAllAccessors: .PublisherClassParameter

===========================================================================================
----------------- testing Thu Jun 20 13:14:03 UTC 2019 /home/travis/build/icyphy/ptII/ptolemy/actor/lib/test/auto/PublisherNonStrictTest.xml
----------------- Instantiating /home/travis/build/icyphy/ptII/ptolemy/actor/lib/test/auto/PublisherNonStrictTest.xml
3 ms. Memory: 610304K Free: 469570K (77%)
----------------- Invoking toplevel() on ptolemy.moml.MoMLSimpleApplication@4d25ae8
----------------- Done invoking toplevel() on ptolemy.moml.MoMLSimpleApplication@4d25ae8
reloadAllAccessors: .PublisherNonStrictTest

===========================================================================================
----------------- testing Thu Jun 20 13:14:03 UTC 2019 /home/travis/build/icyphy/ptII/ptolemy/actor/lib/test/auto/PublisherPort1.xml
----------------- Instantiating /home/travis/build/icyphy/ptII/ptolemy/actor/lib/test/auto/PublisherPort1.xml
2 ms. Memory: 610304K Free: 463922K (76%)
----------------- Invoking toplevel() on ptolemy.moml.MoMLSimpleApplication@68c6ecfc
----------------- Done invoking toplevel() on ptolemy.moml.MoMLSimpleApplication@68c6ecfc
reloadAllAccessors: .PublisherPort1

===========================================================================================
----------------- testing Thu Jun 20 13:14:03 UTC 2019 /home/travis/build/icyphy/ptII/ptolemy/actor/lib/test/auto/PublisherPort2.xml
----------------- Instantiating /home/travis/build/icyphy/ptII/ptolemy/actor/lib/test/auto/PublisherPort2.xml
1 ms. Memory: 610304K Free: 458816K (75%)
----------------- Invoking toplevel() on ptolemy.moml.MoMLSimpleApplication@1f0ba725
----------------- Done invoking toplevel() on ptolemy.moml.MoMLSimpleApplication@1f0ba725
reloadAllAccessors: .PublisherPort2

===========================================================================================
----------------- testing Thu Jun 20 13:14:03 UTC 2019 /home/travis/build/icyphy/ptII/ptolemy/actor/lib/test/auto/PublisherPort3.xml
----------------- Instantiating /home/travis/build/icyphy/ptII/ptolemy/actor/lib/test/auto/PublisherPort3.xml
10 ms. Memory: 610304K Free: 452162K (74%)
----------------- Invoking toplevel() on ptolemy.moml.MoMLSimpleApplication@630552f4
----------------- Done invoking toplevel() on ptolemy.moml.MoMLSimpleApplication@630552f4
reloadAllAccessors: .PublisherPort3

===========================================================================================
----------------- testing Thu Jun 20 13:14:03 UTC 2019 /home/travis/build/icyphy/ptII/ptolemy/actor/lib/test/auto/PublisherPort4.xml
----------------- Instantiating /home/travis/build/icyphy/ptII/ptolemy/actor/lib/test/auto/PublisherPort4.xml
2 ms. Memory: 610304K Free: 446522K (73%)
----------------- Invoking toplevel() on ptolemy.moml.MoMLSimpleApplication@41a17a6e
----------------- Done invoking toplevel() on ptolemy.moml.MoMLSimpleApplication@41a17a6e
reloadAllAccessors: .PublisherPort4

===========================================================================================
----------------- testing Thu Jun 20 13:14:03 UTC 2019 /home/travis/build/icyphy/ptII/ptolemy/actor/lib/test/auto/PublisherPort5.xml
----------------- Instantiating /home/travis/build/icyphy/ptII/ptolemy/actor/lib/test/auto/PublisherPort5.xml
3 ms. Memory: 610304K Free: 438850K (72%)
----------------- Invoking toplevel() on ptolemy.moml.MoMLSimpleApplication@64513eb4
----------------- Done invoking toplevel() on ptolemy.moml.MoMLSimpleApplication@64513eb4
reloadAllAccessors: .PublisherPort5

===========================================================================================
----------------- testing Thu Jun 20 13:14:03 UTC 2019 /home/travis/build/icyphy/ptII/ptolemy/actor/lib/test/auto/PublisherPort5LookAlike.xml
----------------- Instantiating /home/travis/build/icyphy/ptII/ptolemy/actor/lib/test/auto/PublisherPort5LookAlike.xml
8 ms. Memory: 610304K Free: 431168K (71%)
----------------- Invoking toplevel() on ptolemy.moml.MoMLSimpleApplication@580a8968
----------------- Done invoking toplevel() on ptolemy.moml.MoMLSimpleApplication@580a8968
reloadAllAccessors: .PublisherPort5LookAlike

===========================================================================================
----------------- testing Thu Jun 20 13:14:03 UTC 2019 /home/travis/build/icyphy/ptII/ptolemy/actor/lib/test/auto/PublisherPort6.xml
----------------- Instantiating /home/travis/build/icyphy/ptII/ptolemy/actor/lib/test/auto/PublisherPort6.xml
2 ms. Memory: 610304K Free: 424514K (70%)
----------------- Invoking toplevel() on ptolemy.moml.MoMLSimpleApplication@13df5dc
----------------- Done invoking toplevel() on ptolemy.moml.MoMLSimpleApplication@13df5dc
reloadAllAccessors: .PublisherPort6

===========================================================================================
----------------- testing Thu Jun 20 13:14:03 UTC 2019 /home/travis/build/icyphy/ptII/ptolemy/actor/lib/test/auto/PublisherPort7.xml
----------------- Instantiating /home/travis/build/icyphy/ptII/ptolemy/actor/lib/test/auto/PublisherPort7.xml
3 ms. Memory: 610304K Free: 416832K (68%)
----------------- Invoking toplevel() on ptolemy.moml.MoMLSimpleApplication@3535409e
----------------- Done invoking toplevel() on ptolemy.moml.MoMLSimpleApplication@3535409e
reloadAllAccessors: .PublisherPort7

===========================================================================================
----------------- testing Thu Jun 20 13:14:03 UTC 2019 /home/travis/build/icyphy/ptII/ptolemy/actor/lib/test/auto/PublisherPort8.xml
----------------- Instantiating /home/travis/build/icyphy/ptII/ptolemy/actor/lib/test/auto/PublisherPort8.xml
4 ms. Memory: 610304K Free: 408130K (67%)
----------------- Invoking toplevel() on ptolemy.moml.MoMLSimpleApplication@1713478f
----------------- Done invoking toplevel() on ptolemy.moml.MoMLSimpleApplication@1713478f
reloadAllAccessors: .PublisherPort8

===========================================================================================
----------------- testing Thu Jun 20 13:14:03 UTC 2019 /home/travis/build/icyphy/ptII/ptolemy/actor/lib/test/auto/PublisherPortSubscriberChannelVariablesAOC2.xml
----------------- Instantiating /home/travis/build/icyphy/ptII/ptolemy/actor/lib/test/auto/PublisherPortSubscriberChannelVariablesAOC2.xml
3 ms. Memory: 610304K Free: 390208K (64%)
----------------- Invoking toplevel() on ptolemy.moml.MoMLSimpleApplication@3acb59ec
----------------- Done invoking toplevel() on ptolemy.moml.MoMLSimpleApplication@3acb59ec
reloadAllAccessors: .PublisherPortSubscriberChannelVariablesAOC2

===========================================================================================
----------------- testing Thu Jun 20 13:14:03 UTC 2019 /home/travis/build/icyphy/ptII/ptolemy/actor/lib/test/auto/PublisherPortSubscriberOpaqueWidthInference.xml
----------------- Instantiating /home/travis/build/icyphy/ptII/ptolemy/actor/lib/test/auto/PublisherPortSubscriberOpaqueWidthInference.xml
3 ms. Memory: 610304K Free: 382530K (63%)
----------------- Invoking toplevel() on ptolemy.moml.MoMLSimpleApplication@20fa99ce
----------------- Done invoking toplevel() on ptolemy.moml.MoMLSimpleApplication@20fa99ce
reloadAllAccessors: .PublisherPortSubscriberOpaqueWidthInference

===========================================================================================
----------------- testing Thu Jun 20 13:14:03 UTC 2019 /home/travis/build/icyphy/ptII/ptolemy/actor/lib/test/auto/PublisherPortSubscriberPortAdjacent.xml
----------------- Instantiating /home/travis/build/icyphy/ptII/ptolemy/actor/lib/test/auto/PublisherPortSubscriberPortAdjacent.xml
2 ms. Memory: 610304K Free: 374338K (61%)
----------------- Invoking toplevel() on ptolemy.moml.MoMLSimpleApplication@4326f763
----------------- Done invoking toplevel() on ptolemy.moml.MoMLSimpleApplication@4326f763
reloadAllAccessors: .PublisherPortSubscriberPortAdjacent

===========================================================================================
----------------- testing Thu Jun 20 13:14:03 UTC 2019 /home/travis/build/icyphy/ptII/ptolemy/actor/lib/test/auto/PublisherPortSubscriberPortExpression.xml
----------------- Instantiating /home/travis/build/icyphy/ptII/ptolemy/actor/lib/test/auto/PublisherPortSubscriberPortExpression.xml
4 ms. Memory: 610304K Free: 366650K (60%)
----------------- Invoking toplevel() on ptolemy.moml.MoMLSimpleApplication@4a2feea3
----------------- Done invoking toplevel() on ptolemy.moml.MoMLSimpleApplication@4a2feea3
reloadAllAccessors: .PublisherPortSubscriberPortExpression

===========================================================================================
----------------- testing Thu Jun 20 13:14:03 UTC 2019 /home/travis/build/icyphy/ptII/ptolemy/actor/lib/test/auto/PublisherPortSubscriberPortOpaqueD3Reverse.xml
----------------- Instantiating /home/travis/build/icyphy/ptII/ptolemy/actor/lib/test/auto/PublisherPortSubscriberPortOpaqueD3Reverse.xml
6 ms. Memory: 610304K Free: 356416K (58%)
----------------- Invoking toplevel() on ptolemy.moml.MoMLSimpleApplication@4780de40
----------------- Done invoking toplevel() on ptolemy.moml.MoMLSimpleApplication@4780de40
reloadAllAccessors: .PublisherPortSubscriberPortOpaqueD3Reverse

===========================================================================================
----------------- testing Thu Jun 20 13:14:03 UTC 2019 /home/travis/build/icyphy/ptII/ptolemy/actor/lib/test/auto/PublisherPortSubscriberPortOpaqueWidthInference.xml
----------------- Instantiating /home/travis/build/icyphy/ptII/ptolemy/actor/lib/test/auto/PublisherPortSubscriberPortOpaqueWidthInference.xml
3 ms. Memory: 610304K Free: 348738K (57%)
----------------- Invoking toplevel() on ptolemy.moml.MoMLSimpleApplication@69a2a828
----------------- Done invoking toplevel() on ptolemy.moml.MoMLSimpleApplication@69a2a828
reloadAllAccessors: .PublisherPortSubscriberPortOpaqueWidthInference

===========================================================================================
----------------- testing Thu Jun 20 13:14:03 UTC 2019 /home/travis/build/icyphy/ptII/ptolemy/actor/lib/test/auto/PublisherPortToplevelSubscriberPortAOC.xml
----------------- Instantiating /home/travis/build/icyphy/ptII/ptolemy/actor/lib/test/auto/PublisherPortToplevelSubscriberPortAOC.xml
.PublisherPortToplevelSubscriberPortAOC.TestExceptionAttribute: initialize() was not invoked, but wrapup() was.  This is unusual, but not always a problem.  For example, exporting JNLP will do this.
1 ms. Memory: 610304K Free: 342594K (56%)
----------------- Invoking toplevel() on ptolemy.moml.MoMLSimpleApplication@4e8fc32c
----------------- Done invoking toplevel() on ptolemy.moml.MoMLSimpleApplication@4e8fc32c
reloadAllAccessors: .PublisherPortToplevelSubscriberPortAOC

===========================================================================================
----------------- testing Thu Jun 20 13:14:03 UTC 2019 /home/travis/build/icyphy/ptII/ptolemy/actor/lib/test/auto/PublisherSubscriber.xml
----------------- Instantiating /home/travis/build/icyphy/ptII/ptolemy/actor/lib/test/auto/PublisherSubscriber.xml
3 ms. Memory: 610304K Free: 335426K (55%)
----------------- Invoking toplevel() on ptolemy.moml.MoMLSimpleApplication@54df6170
----------------- Done invoking toplevel() on ptolemy.moml.MoMLSimpleApplication@54df6170
reloadAllAccessors: .PublisherSubscriber

===========================================================================================
----------------- testing Thu Jun 20 13:14:03 UTC 2019 /home/travis/build/icyphy/ptII/ptolemy/actor/lib/test/auto/PublisherSubscriber10.xml
----------------- Instantiating /home/travis/build/icyphy/ptII/ptolemy/actor/lib/test/auto/PublisherSubscriber10.xml
6 ms. Memory: 610304K Free: 325696K (53%)
----------------- Invoking toplevel() on ptolemy.moml.MoMLSimpleApplication@5a70c1d2
----------------- Done invoking toplevel() on ptolemy.moml.MoMLSimpleApplication@5a70c1d2
reloadAllAccessors: .PublisherSubscriber10

===========================================================================================
----------------- testing Thu Jun 20 13:14:03 UTC 2019 /home/travis/build/icyphy/ptII/ptolemy/actor/lib/test/auto/PublisherSubscriber10InitialOutputs.xml
----------------- Instantiating /home/travis/build/icyphy/ptII/ptolemy/actor/lib/test/auto/PublisherSubscriber10InitialOutputs.xml
17 ms. Memory: 610304K Free: 316480K (52%)
----------------- Invoking toplevel() on ptolemy.moml.MoMLSimpleApplication@39f5af83
----------------- Done invoking toplevel() on ptolemy.moml.MoMLSimpleApplication@39f5af83
reloadAllAccessors: .PublisherSubscriber10InitialOutputs

===========================================================================================
----------------- testing Thu Jun 20 13:14:03 UTC 2019 /home/travis/build/icyphy/ptII/ptolemy/actor/lib/test/auto/PublisherSubscriber11.xml
----------------- Instantiating /home/travis/build/icyphy/ptII/ptolemy/actor/lib/test/auto/PublisherSubscriber11.xml
4 ms. Memory: 610304K Free: 309826K (51%)
----------------- Invoking toplevel() on ptolemy.moml.MoMLSimpleApplication@645e784c
----------------- Done invoking toplevel() on ptolemy.moml.MoMLSimpleApplication@645e784c
reloadAllAccessors: .PublisherSubscriber11

===========================================================================================
----------------- testing Thu Jun 20 13:14:03 UTC 2019 /home/travis/build/icyphy/ptII/ptolemy/actor/lib/test/auto/PublisherSubscriber12.xml
----------------- Instantiating /home/travis/build/icyphy/ptII/ptolemy/actor/lib/test/auto/PublisherSubscriber12.xml
6 ms. Memory: 610304K Free: 302658K (50%)
----------------- Invoking toplevel() on ptolemy.moml.MoMLSimpleApplication@6c6d0501
----------------- Done invoking toplevel() on ptolemy.moml.MoMLSimpleApplication@6c6d0501
reloadAllAccessors: .PublisherSubscriber12

===========================================================================================
----------------- testing Thu Jun 20 13:14:03 UTC 2019 /home/travis/build/icyphy/ptII/ptolemy/actor/lib/test/auto/PublisherSubscriber13.xml
----------------- Instantiating /home/travis/build/icyphy/ptII/ptolemy/actor/lib/test/auto/PublisherSubscriber13.xml
4 ms. Memory: 610304K Free: 297010K (49%)
----------------- Invoking toplevel() on ptolemy.moml.MoMLSimpleApplication@62467c1f
----------------- Done invoking toplevel() on ptolemy.moml.MoMLSimpleApplication@62467c1f
reloadAllAccessors: .PublisherSubscriber13

===========================================================================================
----------------- testing Thu Jun 20 13:14:03 UTC 2019 /home/travis/build/icyphy/ptII/ptolemy/actor/lib/test/auto/PublisherSubscriber14.xml
----------------- Instantiating /home/travis/build/icyphy/ptII/ptolemy/actor/lib/test/auto/PublisherSubscriber14.xml
2 ms. Memory: 610304K Free: 288322K (47%)
----------------- Invoking toplevel() on ptolemy.moml.MoMLSimpleApplication@4b77d6f7
----------------- Done invoking toplevel() on ptolemy.moml.MoMLSimpleApplication@4b77d6f7
reloadAllAccessors: .PublisherSubscriber14

===========================================================================================
----------------- testing Thu Jun 20 13:14:03 UTC 2019 /home/travis/build/icyphy/ptII/ptolemy/actor/lib/test/auto/PublisherSubscriber2.xml
----------------- Instantiating /home/travis/build/icyphy/ptII/ptolemy/actor/lib/test/auto/PublisherSubscriber2.xml
3 ms. Memory: 610304K Free: 282674K (46%)
----------------- Invoking toplevel() on ptolemy.moml.MoMLSimpleApplication@3e9f54ba
----------------- Done invoking toplevel() on ptolemy.moml.MoMLSimpleApplication@3e9f54ba
reloadAllAccessors: .PublisherSubscriber2

===========================================================================================
----------------- testing Thu Jun 20 13:14:03 UTC 2019 /home/travis/build/icyphy/ptII/ptolemy/actor/lib/test/auto/PublisherSubscriber3.xml
----------------- Instantiating /home/travis/build/icyphy/ptII/ptolemy/actor/lib/test/auto/PublisherSubscriber3.xml
2 ms. Memory: 610304K Free: 277568K (45%)
----------------- Invoking toplevel() on ptolemy.moml.MoMLSimpleApplication@1cf02aa0
----------------- Done invoking toplevel() on ptolemy.moml.MoMLSimpleApplication@1cf02aa0
reloadAllAccessors: .PublisherSubscriber3

===========================================================================================
----------------- testing Thu Jun 20 13:14:03 UTC 2019 /home/travis/build/icyphy/ptII/ptolemy/actor/lib/test/auto/PublisherSubscriber4.xml
----------------- Instantiating /home/travis/build/icyphy/ptII/ptolemy/actor/lib/test/auto/PublisherSubscriber4.xml
2 ms. Memory: 610304K Free: 272448K (45%)
----------------- Invoking toplevel() on ptolemy.moml.MoMLSimpleApplication@375e7d97
----------------- Done invoking toplevel() on ptolemy.moml.MoMLSimpleApplication@375e7d97
reloadAllAccessors: .PublisherSubscriber4

===========================================================================================
----------------- testing Thu Jun 20 13:14:03 UTC 2019 /home/travis/build/icyphy/ptII/ptolemy/actor/lib/test/auto/PublisherSubscriber5.xml
----------------- Instantiating /home/travis/build/icyphy/ptII/ptolemy/actor/lib/test/auto/PublisherSubscriber5.xml
2 ms. Memory: 610304K Free: 265794K (44%)
----------------- Invoking toplevel() on ptolemy.moml.MoMLSimpleApplication@42e5e057
----------------- Done invoking toplevel() on ptolemy.moml.MoMLSimpleApplication@42e5e057
reloadAllAccessors: .PublisherSubscriber5

===========================================================================================
----------------- testing Thu Jun 20 13:14:03 UTC 2019 /home/travis/build/icyphy/ptII/ptolemy/actor/lib/test/auto/PublisherSubscriber6.xml
----------------- Instantiating /home/travis/build/icyphy/ptII/ptolemy/actor/lib/test/auto/PublisherSubscriber6.xml
4 ms. Memory: 610304K Free: 258626K (42%)
----------------- Invoking toplevel() on ptolemy.moml.MoMLSimpleApplication@6024c53a
----------------- Done invoking toplevel() on ptolemy.moml.MoMLSimpleApplication@6024c53a
reloadAllAccessors: .PublisherSubscriber6

===========================================================================================
----------------- testing Thu Jun 20 13:14:03 UTC 2019 /home/travis/build/icyphy/ptII/ptolemy/actor/lib/test/auto/PublisherSubscriber7.xml
----------------- Instantiating /home/travis/build/icyphy/ptII/ptolemy/actor/lib/test/auto/PublisherSubscriber7.xml
8 ms. Memory: 610304K Free: 251968K (41%)
----------------- Invoking toplevel() on ptolemy.moml.MoMLSimpleApplication@672f5fda
----------------- Done invoking toplevel() on ptolemy.moml.MoMLSimpleApplication@672f5fda
reloadAllAccessors: .PublisherSubscriber7

===========================================================================================
----------------- testing Thu Jun 20 13:14:03 UTC 2019 /home/travis/build/icyphy/ptII/ptolemy/actor/lib/test/auto/PublisherSubscriber8.xml
----------------- Instantiating /home/travis/build/icyphy/ptII/ptolemy/actor/lib/test/auto/PublisherSubscriber8.xml
18 ms. Memory: 610304K Free: 240194K (39%)
----------------- Invoking toplevel() on ptolemy.moml.MoMLSimpleApplication@5b13cf10
----------------- Done invoking toplevel() on ptolemy.moml.MoMLSimpleApplication@5b13cf10
reloadAllAccessors: .PublisherSubscriber8

===========================================================================================
----------------- testing Thu Jun 20 13:14:03 UTC 2019 /home/travis/build/icyphy/ptII/ptolemy/actor/lib/test/auto/PublisherSubscriber9.xml
----------------- Instantiating /home/travis/build/icyphy/ptII/ptolemy/actor/lib/test/auto/PublisherSubscriber9.xml
2 ms. Memory: 610304K Free: 233026K (38%)
----------------- Invoking toplevel() on ptolemy.moml.MoMLSimpleApplication@fc9b815
----------------- Done invoking toplevel() on ptolemy.moml.MoMLSimpleApplication@fc9b815
reloadAllAccessors: .PublisherSubscriber9

===========================================================================================
----------------- testing Thu Jun 20 13:14:03 UTC 2019 /home/travis/build/icyphy/ptII/ptolemy/actor/lib/test/auto/PublisherSubscriberAdjacent.xml
----------------- Instantiating /home/travis/build/icyphy/ptII/ptolemy/actor/lib/test/auto/PublisherSubscriberAdjacent.xml
2 ms. Memory: 610304K Free: 224834K (37%)
----------------- Invoking toplevel() on ptolemy.moml.MoMLSimpleApplication@232ca66e
----------------- Done invoking toplevel() on ptolemy.moml.MoMLSimpleApplication@232ca66e
reloadAllAccessors: .PublisherSubscriberAdjacent

===========================================================================================
----------------- testing Thu Jun 20 13:14:03 UTC 2019 /home/travis/build/icyphy/ptII/ptolemy/actor/lib/test/auto/PublisherSubscriberChannelVariablesAOC2.xml
----------------- Instantiating /home/travis/build/icyphy/ptII/ptolemy/actor/lib/test/auto/PublisherSubscriberChannelVariablesAOC2.xml
2 ms. Memory: 610304K Free: 209970K (34%)
----------------- Invoking toplevel() on ptolemy.moml.MoMLSimpleApplication@55e68215
----------------- Done invoking toplevel() on ptolemy.moml.MoMLSimpleApplication@55e68215
reloadAllAccessors: .PublisherSubscriberChannelVariablesAOC2

===========================================================================================
----------------- testing Thu Jun 20 13:14:03 UTC 2019 /home/travis/build/icyphy/ptII/ptolemy/actor/lib/test/auto/PublisherSubscriberD3.xml
----------------- Instantiating /home/travis/build/icyphy/ptII/ptolemy/actor/lib/test/auto/PublisherSubscriberD3.xml
1 ms. Memory: 610304K Free: 202306K (33%)
----------------- Invoking toplevel() on ptolemy.moml.MoMLSimpleApplication@1b93470d
----------------- Done invoking toplevel() on ptolemy.moml.MoMLSimpleApplication@1b93470d
reloadAllAccessors: .PublisherSubscriberD3

===========================================================================================
----------------- testing Thu Jun 20 13:14:03 UTC 2019 /home/travis/build/icyphy/ptII/ptolemy/actor/lib/test/auto/PublisherSubscriberD3Reverse.xml
----------------- Instantiating /home/travis/build/icyphy/ptII/ptolemy/actor/lib/test/auto/PublisherSubscriberD3Reverse.xml
2 ms. Memory: 610304K Free: 559237K (92%)
----------------- Invoking toplevel() on ptolemy.moml.MoMLSimpleApplication@734363e2
----------------- Done invoking toplevel() on ptolemy.moml.MoMLSimpleApplication@734363e2
reloadAllAccessors: .PublisherSubscriberD3Reverse

===========================================================================================
----------------- testing Thu Jun 20 13:14:04 UTC 2019 /home/travis/build/icyphy/ptII/ptolemy/actor/lib/test/auto/PublisherSubscriberExpression.xml
----------------- Instantiating /home/travis/build/icyphy/ptII/ptolemy/actor/lib/test/auto/PublisherSubscriberExpression.xml
3 ms. Memory: 610304K Free: 550549K (90%)
----------------- Invoking toplevel() on ptolemy.moml.MoMLSimpleApplication@7d0659d5
----------------- Done invoking toplevel() on ptolemy.moml.MoMLSimpleApplication@7d0659d5
reloadAllAccessors: .PublisherSubscriberExpression

===========================================================================================
----------------- testing Thu Jun 20 13:14:04 UTC 2019 /home/travis/build/icyphy/ptII/ptolemy/actor/lib/test/auto/PublisherSubscriberOpaque.xml
----------------- Instantiating /home/travis/build/icyphy/ptII/ptolemy/actor/lib/test/auto/PublisherSubscriberOpaque.xml
2 ms. Memory: 610304K Free: 542357K (89%)
----------------- Invoking toplevel() on ptolemy.moml.MoMLSimpleApplication@31e211ee
----------------- Done invoking toplevel() on ptolemy.moml.MoMLSimpleApplication@31e211ee
reloadAllAccessors: .PublisherSubscriberOpaque

===========================================================================================
----------------- testing Thu Jun 20 13:14:04 UTC 2019 /home/travis/build/icyphy/ptII/ptolemy/actor/lib/test/auto/PublisherSubscriberOpaqueD3.xml
----------------- Instantiating /home/travis/build/icyphy/ptII/ptolemy/actor/lib/test/auto/PublisherSubscriberOpaqueD3.xml
5 ms. Memory: 610304K Free: 531093K (87%)
----------------- Invoking toplevel() on ptolemy.moml.MoMLSimpleApplication@6c025fc6
----------------- Done invoking toplevel() on ptolemy.moml.MoMLSimpleApplication@6c025fc6
reloadAllAccessors: .PublisherSubscriberOpaqueD3

===========================================================================================
----------------- testing Thu Jun 20 13:14:04 UTC 2019 /home/travis/build/icyphy/ptII/ptolemy/actor/lib/test/auto/PublisherSubscriberOpaqueD3Reverse.xml
----------------- Instantiating /home/travis/build/icyphy/ptII/ptolemy/actor/lib/test/auto/PublisherSubscriberOpaqueD3Reverse.xml
8 ms. Memory: 610304K Free: 519829K (85%)
----------------- Invoking toplevel() on ptolemy.moml.MoMLSimpleApplication@383e847f
----------------- Done invoking toplevel() on ptolemy.moml.MoMLSimpleApplication@383e847f
reloadAllAccessors: .PublisherSubscriberOpaqueD3Reverse

===========================================================================================
----------------- testing Thu Jun 20 13:14:04 UTC 2019 /home/travis/build/icyphy/ptII/ptolemy/actor/lib/test/auto/PublisherSubscriberOpaqueWidthInference.xml
----------------- Instantiating /home/travis/build/icyphy/ptII/ptolemy/actor/lib/test/auto/PublisherSubscriberOpaqueWidthInference.xml
5 ms. Memory: 610304K Free: 511637K (84%)
----------------- Invoking toplevel() on ptolemy.moml.MoMLSimpleApplication@6c928f2a
----------------- Done invoking toplevel() on ptolemy.moml.MoMLSimpleApplication@6c928f2a
reloadAllAccessors: .PublisherSubscriberOpaqueWidthInference

===========================================================================================
----------------- testing Thu Jun 20 13:14:04 UTC 2019 /home/travis/build/icyphy/ptII/ptolemy/actor/lib/test/auto/PublisherTestSubscriber.xml
----------------- Instantiating /home/travis/build/icyphy/ptII/ptolemy/actor/lib/test/auto/PublisherTestSubscriber.xml
2 ms. Memory: 610304K Free: 503949K (83%)
----------------- Invoking toplevel() on ptolemy.moml.MoMLSimpleApplication@4da7652b
----------------- Done invoking toplevel() on ptolemy.moml.MoMLSimpleApplication@4da7652b
reloadAllAccessors: .PublisherTestSubscriber

===========================================================================================
----------------- testing Thu Jun 20 13:14:04 UTC 2019 /home/travis/build/icyphy/ptII/ptolemy/actor/lib/test/auto/PublisherToplevelSubscriberPortAOC.xml
----------------- Instantiating /home/travis/build/icyphy/ptII/ptolemy/actor/lib/test/auto/PublisherToplevelSubscriberPortAOC.xml
1 ms. Memory: 610304K Free: 497301K (81%)
----------------- Invoking toplevel() on ptolemy.moml.MoMLSimpleApplication@7a9cc4c
----------------- Done invoking toplevel() on ptolemy.moml.MoMLSimpleApplication@7a9cc4c
reloadAllAccessors: .PublisherToplevelSubscriberPortAOC

===========================================================================================
----------------- testing Thu Jun 20 13:14:04 UTC 2019 /home/travis/build/icyphy/ptII/ptolemy/actor/lib/test/auto/PulseFiringLimitDE.xml
----------------- Instantiating /home/travis/build/icyphy/ptII/ptolemy/actor/lib/test/auto/PulseFiringLimitDE.xml
2 ms. Memory: 610304K Free: 491157K (80%)
----------------- Invoking toplevel() on ptolemy.moml.MoMLSimpleApplication@2d5fed92
----------------- Done invoking toplevel() on ptolemy.moml.MoMLSimpleApplication@2d5fed92
reloadAllAccessors: .PulseFiringLimitDE

===========================================================================================
----------------- testing Thu Jun 20 13:14:04 UTC 2019 /home/travis/build/icyphy/ptII/ptolemy/actor/lib/test/auto/Ramp1.xml
----------------- Instantiating /home/travis/build/icyphy/ptII/ptolemy/actor/lib/test/auto/Ramp1.xml
1 ms. Memory: 610304K Free: 487061K (80%)
----------------- Invoking toplevel() on ptolemy.moml.MoMLSimpleApplication@3a48428a
----------------- Done invoking toplevel() on ptolemy.moml.MoMLSimpleApplication@3a48428a
reloadAllAccessors: .Ramp1

===========================================================================================
----------------- testing Thu Jun 20 13:14:04 UTC 2019 /home/travis/build/icyphy/ptII/ptolemy/actor/lib/test/auto/RampFiringLimitDE.xml
----------------- Instantiating /home/travis/build/icyphy/ptII/ptolemy/actor/lib/test/auto/RampFiringLimitDE.xml
3 ms. Memory: 610304K Free: 480389K (79%)
----------------- Invoking toplevel() on ptolemy.moml.MoMLSimpleApplication@5aea88d6
----------------- Done invoking toplevel() on ptolemy.moml.MoMLSimpleApplication@5aea88d6
reloadAllAccessors: .RampFiringLimitDE

===========================================================================================
----------------- testing Thu Jun 20 13:14:04 UTC 2019 /home/travis/build/icyphy/ptII/ptolemy/actor/lib/test/auto/RampFiringLimitSDF.xml
----------------- Instantiating /home/travis/build/icyphy/ptII/ptolemy/actor/lib/test/auto/RampFiringLimitSDF.xml
2 ms. Memory: 610304K Free: 475253K (78%)
----------------- Invoking toplevel() on ptolemy.moml.MoMLSimpleApplication@a75c076
----------------- Done invoking toplevel() on ptolemy.moml.MoMLSimpleApplication@a75c076
reloadAllAccessors: .RampFiringLimitSDF

===========================================================================================
----------------- testing Thu Jun 20 13:14:04 UTC 2019 /home/travis/build/icyphy/ptII/ptolemy/actor/lib/test/auto/RandomInteger.xml
----------------- Instantiating /home/travis/build/icyphy/ptII/ptolemy/actor/lib/test/auto/RandomInteger.xml
2 ms. Memory: 610304K Free: 471187K (77%)
----------------- Invoking toplevel() on ptolemy.moml.MoMLSimpleApplication@d3db848
----------------- Done invoking toplevel() on ptolemy.moml.MoMLSimpleApplication@d3db848
reloadAllAccessors: .RandomInteger

===========================================================================================
----------------- testing Thu Jun 20 13:14:04 UTC 2019 /home/travis/build/icyphy/ptII/ptolemy/actor/lib/test/auto/ReadFile1.xml
----------------- Instantiating /home/travis/build/icyphy/ptII/ptolemy/actor/lib/test/auto/ReadFile1.xml
1 ms. Memory: 610304K Free: 466581K (76%)
----------------- Invoking toplevel() on ptolemy.moml.MoMLSimpleApplication@4f98b463
----------------- Done invoking toplevel() on ptolemy.moml.MoMLSimpleApplication@4f98b463
reloadAllAccessors: .ReadFile1

===========================================================================================
----------------- testing Thu Jun 20 13:14:04 UTC 2019 /home/travis/build/icyphy/ptII/ptolemy/actor/lib/test/auto/ReadFile2.xml
----------------- Instantiating /home/travis/build/icyphy/ptII/ptolemy/actor/lib/test/auto/ReadFile2.xml
1 ms. Memory: 610304K Free: 462485K (76%)
----------------- Invoking toplevel() on ptolemy.moml.MoMLSimpleApplication@4b6dcb4f
----------------- Done invoking toplevel() on ptolemy.moml.MoMLSimpleApplication@4b6dcb4f
reloadAllAccessors: .ReadFile2

===========================================================================================
----------------- testing Thu Jun 20 13:14:04 UTC 2019 /home/travis/build/icyphy/ptII/ptolemy/actor/lib/test/auto/Reader.xml
----------------- Instantiating /home/travis/build/icyphy/ptII/ptolemy/actor/lib/test/auto/Reader.xml
actor.lib.Reader is obsolete, use actor.lib.io.ExpressionReader instead
2 ms. Memory: 610304K Free: 458389K (75%)
----------------- Invoking toplevel() on ptolemy.moml.MoMLSimpleApplication@651db70d
----------------- Done invoking toplevel() on ptolemy.moml.MoMLSimpleApplication@651db70d
reloadAllAccessors: .Reader

===========================================================================================
----------------- testing Thu Jun 20 13:14:04 UTC 2019 /home/travis/build/icyphy/ptII/ptolemy/actor/lib/test/auto/RecordAssemblerDisplayNameTest.xml
----------------- Instantiating /home/travis/build/icyphy/ptII/ptolemy/actor/lib/test/auto/RecordAssemblerDisplayNameTest.xml
3479 ms. Memory: 610304K Free: 366689K (60%)
----------------- Invoking toplevel() on ptolemy.moml.MoMLSimpleApplication@6a3815da
----------------- Done invoking toplevel() on ptolemy.moml.MoMLSimpleApplication@6a3815da
reloadAllAccessors: .RecordAssemblerDisplayNameTest

===========================================================================================
----------------- testing Thu Jun 20 13:14:07 UTC 2019 /home/travis/build/icyphy/ptII/ptolemy/actor/lib/test/auto/RecordAssemblerTypeError.xml
----------------- Instantiating /home/travis/build/icyphy/ptII/ptolemy/actor/lib/test/auto/RecordAssemblerTypeError.xml
8 ms. Memory: 610304K Free: 356963K (58%)
----------------- Invoking toplevel() on ptolemy.moml.MoMLSimpleApplication@734faa5a
----------------- Done invoking toplevel() on ptolemy.moml.MoMLSimpleApplication@734faa5a
reloadAllAccessors: .RecordAssemblerTypeError

===========================================================================================
----------------- testing Thu Jun 20 13:14:07 UTC 2019 /home/travis/build/icyphy/ptII/ptolemy/actor/lib/test/auto/RecordDisassember.xml
----------------- Instantiating /home/travis/build/icyphy/ptII/ptolemy/actor/lib/test/auto/RecordDisassember.xml
3 ms. Memory: 610304K Free: 352339K (58%)
----------------- Invoking toplevel() on ptolemy.moml.MoMLSimpleApplication@2449ed04
----------------- Done invoking toplevel() on ptolemy.moml.MoMLSimpleApplication@2449ed04
reloadAllAccessors: .RecordDisassember

===========================================================================================
----------------- testing Thu Jun 20 13:14:07 UTC 2019 /home/travis/build/icyphy/ptII/ptolemy/actor/lib/test/auto/RecordDisassemberDisplayNameTest.xml
----------------- Instantiating /home/travis/build/icyphy/ptII/ptolemy/actor/lib/test/auto/RecordDisassemberDisplayNameTest.xml
15 ms. Memory: 610304K Free: 344675K (56%)
----------------- Invoking toplevel() on ptolemy.moml.MoMLSimpleApplication@4321efc2
----------------- Done invoking toplevel() on ptolemy.moml.MoMLSimpleApplication@4321efc2
reloadAllAccessors: .RecordDisassemberDisplayNameTest

===========================================================================================
----------------- testing Thu Jun 20 13:14:07 UTC 2019 /home/travis/build/icyphy/ptII/ptolemy/actor/lib/test/auto/RecordDisassembler.xml
----------------- Instantiating /home/travis/build/icyphy/ptII/ptolemy/actor/lib/test/auto/RecordDisassembler.xml
2 ms. Memory: 610304K Free: 339027K (56%)
----------------- Invoking toplevel() on ptolemy.moml.MoMLSimpleApplication@43d9abc4
----------------- Done invoking toplevel() on ptolemy.moml.MoMLSimpleApplication@43d9abc4
reloadAllAccessors: .RecordDisassembler

===========================================================================================
----------------- testing Thu Jun 20 13:14:07 UTC 2019 /home/travis/build/icyphy/ptII/ptolemy/actor/lib/test/auto/RecordDisassembler2.xml
----------------- Instantiating /home/travis/build/icyphy/ptII/ptolemy/actor/lib/test/auto/RecordDisassembler2.xml
2 ms. Memory: 610304K Free: 333915K (55%)
----------------- Invoking toplevel() on ptolemy.moml.MoMLSimpleApplication@5d38d684
----------------- Done invoking toplevel() on ptolemy.moml.MoMLSimpleApplication@5d38d684
reloadAllAccessors: .RecordDisassembler2

===========================================================================================
----------------- testing Thu Jun 20 13:14:07 UTC 2019 /home/travis/build/icyphy/ptII/ptolemy/actor/lib/test/auto/RecordUpdater.xml
----------------- Instantiating /home/travis/build/icyphy/ptII/ptolemy/actor/lib/test/auto/RecordUpdater.xml
2 ms. Memory: 610304K Free: 328801K (54%)
----------------- Invoking toplevel() on ptolemy.moml.MoMLSimpleApplication@38f7ad48
----------------- Done invoking toplevel() on ptolemy.moml.MoMLSimpleApplication@38f7ad48
reloadAllAccessors: .RecordUpdater

===========================================================================================
----------------- testing Thu Jun 20 13:14:07 UTC 2019 /home/travis/build/icyphy/ptII/ptolemy/actor/lib/test/auto/RecordUpdater2.xml
----------------- Instantiating /home/travis/build/icyphy/ptII/ptolemy/actor/lib/test/auto/RecordUpdater2.xml
1 ms. Memory: 610304K Free: 323681K (53%)
----------------- Invoking toplevel() on ptolemy.moml.MoMLSimpleApplication@6f71735b
----------------- Done invoking toplevel() on ptolemy.moml.MoMLSimpleApplication@6f71735b
reloadAllAccessors: .RecordUpdater2

===========================================================================================
----------------- testing Thu Jun 20 13:14:07 UTC 2019 /home/travis/build/icyphy/ptII/ptolemy/actor/lib/test/auto/RecursiveLattice.xml
----------------- Instantiating /home/travis/build/icyphy/ptII/ptolemy/actor/lib/test/auto/RecursiveLattice.xml
1 ms. Memory: 610304K Free: 319585K (52%)
----------------- Invoking toplevel() on ptolemy.moml.MoMLSimpleApplication@61a8cc49
----------------- Done invoking toplevel() on ptolemy.moml.MoMLSimpleApplication@61a8cc49
reloadAllAccessors: .RecursiveLattice

===========================================================================================
----------------- testing Thu Jun 20 13:14:07 UTC 2019 /home/travis/build/icyphy/ptII/ptolemy/actor/lib/test/auto/Router.xml
----------------- Instantiating /home/travis/build/icyphy/ptII/ptolemy/actor/lib/test/auto/Router.xml
3004 ms. Memory: 610304K Free: 309345K (51%)
----------------- Invoking toplevel() on ptolemy.moml.MoMLSimpleApplication@20121659
----------------- Done invoking toplevel() on ptolemy.moml.MoMLSimpleApplication@20121659
reloadAllAccessors: .Router

===========================================================================================
----------------- testing Thu Jun 20 13:14:10 UTC 2019 /home/travis/build/icyphy/ptII/ptolemy/actor/lib/test/auto/Router2.xml
----------------- Instantiating /home/travis/build/icyphy/ptII/ptolemy/actor/lib/test/auto/Router2.xml
3005 ms. Memory: 610304K Free: 299105K (49%)
----------------- Invoking toplevel() on ptolemy.moml.MoMLSimpleApplication@369096f
----------------- Done invoking toplevel() on ptolemy.moml.MoMLSimpleApplication@369096f
reloadAllAccessors: .Router2

===========================================================================================
----------------- testing Thu Jun 20 13:14:14 UTC 2019 /home/travis/build/icyphy/ptII/ptolemy/actor/lib/test/auto/RunningMaximum.xml
----------------- Instantiating /home/travis/build/icyphy/ptII/ptolemy/actor/lib/test/auto/RunningMaximum.xml
2 ms. Memory: 610304K Free: 293985K (48%)
----------------- Invoking toplevel() on ptolemy.moml.MoMLSimpleApplication@27b8267b
----------------- Done invoking toplevel() on ptolemy.moml.MoMLSimpleApplication@27b8267b
reloadAllAccessors: .RunningMaximum

===========================================================================================
----------------- testing Thu Jun 20 13:14:14 UTC 2019 /home/travis/build/icyphy/ptII/ptolemy/actor/lib/test/auto/RunningMinimum.xml
----------------- Instantiating /home/travis/build/icyphy/ptII/ptolemy/actor/lib/test/auto/RunningMinimum.xml
8 ms. Memory: 610304K Free: 289379K (47%)
----------------- Invoking toplevel() on ptolemy.moml.MoMLSimpleApplication@22728d5
----------------- Done invoking toplevel() on ptolemy.moml.MoMLSimpleApplication@22728d5
reloadAllAccessors: .RunningMinimum

===========================================================================================
----------------- testing Thu Jun 20 13:14:14 UTC 2019 /home/travis/build/icyphy/ptII/ptolemy/actor/lib/test/auto/Scale.xml
----------------- Instantiating /home/travis/build/icyphy/ptII/ptolemy/actor/lib/test/auto/Scale.xml
1 ms. Memory: 610304K Free: 284769K (47%)
----------------- Invoking toplevel() on ptolemy.moml.MoMLSimpleApplication@31f6cc6a
----------------- Done invoking toplevel() on ptolemy.moml.MoMLSimpleApplication@31f6cc6a
reloadAllAccessors: .Scale

===========================================================================================
----------------- testing Thu Jun 20 13:14:14 UTC 2019 /home/travis/build/icyphy/ptII/ptolemy/actor/lib/test/auto/Scale2.xml
----------------- Instantiating /home/travis/build/icyphy/ptII/ptolemy/actor/lib/test/auto/Scale2.xml
2 ms. Memory: 610304K Free: 280163K (46%)
----------------- Invoking toplevel() on ptolemy.moml.MoMLSimpleApplication@44f56c95
----------------- Done invoking toplevel() on ptolemy.moml.MoMLSimpleApplication@44f56c95
reloadAllAccessors: .Scale2

===========================================================================================
----------------- testing Thu Jun 20 13:14:14 UTC 2019 /home/travis/build/icyphy/ptII/ptolemy/actor/lib/test/auto/Scale3.xml
----------------- Instantiating /home/travis/build/icyphy/ptII/ptolemy/actor/lib/test/auto/Scale3.xml
2 ms. Memory: 610304K Free: 274019K (45%)
----------------- Invoking toplevel() on ptolemy.moml.MoMLSimpleApplication@186a9e4a
----------------- Done invoking toplevel() on ptolemy.moml.MoMLSimpleApplication@186a9e4a
reloadAllAccessors: .Scale3

===========================================================================================
----------------- testing Thu Jun 20 13:14:14 UTC 2019 /home/travis/build/icyphy/ptII/ptolemy/actor/lib/test/auto/ScaleArray.xml
----------------- Instantiating /home/travis/build/icyphy/ptII/ptolemy/actor/lib/test/auto/ScaleArray.xml
2 ms. Memory: 610304K Free: 269409K (44%)
----------------- Invoking toplevel() on ptolemy.moml.MoMLSimpleApplication@f1fc2bb
----------------- Done invoking toplevel() on ptolemy.moml.MoMLSimpleApplication@f1fc2bb
reloadAllAccessors: .ScaleArray

===========================================================================================
----------------- testing Thu Jun 20 13:14:14 UTC 2019 /home/travis/build/icyphy/ptII/ptolemy/actor/lib/test/auto/ScaleArray2.xml
----------------- Instantiating /home/travis/build/icyphy/ptII/ptolemy/actor/lib/test/auto/ScaleArray2.xml
1 ms. Memory: 610304K Free: 264289K (43%)
----------------- Invoking toplevel() on ptolemy.moml.MoMLSimpleApplication@1db6da7c
----------------- Done invoking toplevel() on ptolemy.moml.MoMLSimpleApplication@1db6da7c
reloadAllAccessors: .ScaleArray2

===========================================================================================
----------------- testing Thu Jun 20 13:14:14 UTC 2019 /home/travis/build/icyphy/ptII/ptolemy/actor/lib/test/auto/ScaleMatrix.xml
----------------- Instantiating /home/travis/build/icyphy/ptII/ptolemy/actor/lib/test/auto/ScaleMatrix.xml
150 ms. Memory: 610304K Free: 248929K (41%)
----------------- Invoking toplevel() on ptolemy.moml.MoMLSimpleApplication@4f759774
----------------- Done invoking toplevel() on ptolemy.moml.MoMLSimpleApplication@4f759774
reloadAllAccessors: .ScaleMatrix

===========================================================================================
----------------- testing Thu Jun 20 13:14:14 UTC 2019 /home/travis/build/icyphy/ptII/ptolemy/actor/lib/test/auto/Select.xml
----------------- Instantiating /home/travis/build/icyphy/ptII/ptolemy/actor/lib/test/auto/Select.xml
2 ms. Memory: 610304K Free: 242755K (40%)
----------------- Invoking toplevel() on ptolemy.moml.MoMLSimpleApplication@c6cd957
----------------- Done invoking toplevel() on ptolemy.moml.MoMLSimpleApplication@c6cd957
reloadAllAccessors: .Select

===========================================================================================
----------------- testing Thu Jun 20 13:14:14 UTC 2019 /home/travis/build/icyphy/ptII/ptolemy/actor/lib/test/auto/Select2.xml
----------------- Instantiating /home/travis/build/icyphy/ptII/ptolemy/actor/lib/test/auto/Select2.xml
1 ms. Memory: 610304K Free: 238179K (39%)
----------------- Invoking toplevel() on ptolemy.moml.MoMLSimpleApplication@66618b60
----------------- Done invoking toplevel() on ptolemy.moml.MoMLSimpleApplication@66618b60
reloadAllAccessors: .Select2

===========================================================================================
----------------- testing Thu Jun 20 13:14:14 UTC 2019 /home/travis/build/icyphy/ptII/ptolemy/actor/lib/test/auto/SequenceToArray2.xml
----------------- Instantiating /home/travis/build/icyphy/ptII/ptolemy/actor/lib/test/auto/SequenceToArray2.xml
67 ms. Memory: 610304K Free: 214627K (35%)
----------------- Invoking toplevel() on ptolemy.moml.MoMLSimpleApplication@53a629cc
----------------- Done invoking toplevel() on ptolemy.moml.MoMLSimpleApplication@53a629cc
reloadAllAccessors: .SequenceToArray2

===========================================================================================
----------------- testing Thu Jun 20 13:14:14 UTC 2019 /home/travis/build/icyphy/ptII/ptolemy/actor/lib/test/auto/SequentialClock.xml
----------------- Instantiating /home/travis/build/icyphy/ptII/ptolemy/actor/lib/test/auto/SequentialClock.xml
1 ms. Memory: 610304K Free: 210531K (34%)
----------------- Invoking toplevel() on ptolemy.moml.MoMLSimpleApplication@290b1cba
----------------- Done invoking toplevel() on ptolemy.moml.MoMLSimpleApplication@290b1cba
reloadAllAccessors: .SequentialClock

===========================================================================================
----------------- testing Thu Jun 20 13:14:14 UTC 2019 /home/travis/build/icyphy/ptII/ptolemy/actor/lib/test/auto/SetVariable.xml
----------------- Instantiating /home/travis/build/icyphy/ptII/ptolemy/actor/lib/test/auto/SetVariable.xml
4 ms. Memory: 610304K Free: 205411K (34%)
----------------- Invoking toplevel() on ptolemy.moml.MoMLSimpleApplication@58e9254a
----------------- Done invoking toplevel() on ptolemy.moml.MoMLSimpleApplication@58e9254a
reloadAllAccessors: .SetVariable

===========================================================================================
----------------- testing Thu Jun 20 13:14:14 UTC 2019 /home/travis/build/icyphy/ptII/ptolemy/actor/lib/test/auto/SetVariable2.xml
----------------- Instantiating /home/travis/build/icyphy/ptII/ptolemy/actor/lib/test/auto/SetVariable2.xml
3 ms. Memory: 610304K Free: 200291K (33%)
----------------- Invoking toplevel() on ptolemy.moml.MoMLSimpleApplication@343791bf
----------------- Done invoking toplevel() on ptolemy.moml.MoMLSimpleApplication@343791bf
reloadAllAccessors: .SetVariable2

===========================================================================================
----------------- testing Thu Jun 20 13:14:14 UTC 2019 /home/travis/build/icyphy/ptII/ptolemy/actor/lib/test/auto/SetVariable3.xml
----------------- Instantiating /home/travis/build/icyphy/ptII/ptolemy/actor/lib/test/auto/SetVariable3.xml
8 ms. Memory: 610304K Free: 557362K (91%)
----------------- Invoking toplevel() on ptolemy.moml.MoMLSimpleApplication@a594a2a
----------------- Done invoking toplevel() on ptolemy.moml.MoMLSimpleApplication@a594a2a
reloadAllAccessors: .SetVariable3

===========================================================================================
----------------- testing Thu Jun 20 13:14:14 UTC 2019 /home/travis/build/icyphy/ptII/ptolemy/actor/lib/test/auto/SetVariable4.xml
----------------- Instantiating /home/travis/build/icyphy/ptII/ptolemy/actor/lib/test/auto/SetVariable4.xml
19 ms. Memory: 610304K Free: 548144K (90%)
----------------- Invoking toplevel() on ptolemy.moml.MoMLSimpleApplication@2168ef8d
----------------- Done invoking toplevel() on ptolemy.moml.MoMLSimpleApplication@2168ef8d
reloadAllAccessors: .SetVariable4

===========================================================================================
----------------- testing Thu Jun 20 13:14:14 UTC 2019 /home/travis/build/icyphy/ptII/ptolemy/actor/lib/test/auto/SetVariable5.xml
----------------- Instantiating /home/travis/build/icyphy/ptII/ptolemy/actor/lib/test/auto/SetVariable5.xml
17 ms. Memory: 610304K Free: 538930K (88%)
----------------- Invoking toplevel() on ptolemy.moml.MoMLSimpleApplication@2c73088d
----------------- Done invoking toplevel() on ptolemy.moml.MoMLSimpleApplication@2c73088d
reloadAllAccessors: .SetVariable5

===========================================================================================
----------------- testing Thu Jun 20 13:14:14 UTC 2019 /home/travis/build/icyphy/ptII/ptolemy/actor/lib/test/auto/Sinewave.xml
----------------- Instantiating /home/travis/build/icyphy/ptII/ptolemy/actor/lib/test/auto/Sinewave.xml
5 ms. Memory: 610304K Free: 528176K (87%)
----------------- Invoking toplevel() on ptolemy.moml.MoMLSimpleApplication@5c42c6f5
----------------- Done invoking toplevel() on ptolemy.moml.MoMLSimpleApplication@5c42c6f5
reloadAllAccessors: .Sinewave

===========================================================================================
----------------- testing Thu Jun 20 13:14:14 UTC 2019 /home/travis/build/icyphy/ptII/ptolemy/actor/lib/test/auto/Sinewave2.xml
----------------- Instantiating /home/travis/build/icyphy/ptII/ptolemy/actor/lib/test/auto/Sinewave2.xml
6 ms. Memory: 610304K Free: 520498K (85%)
----------------- Invoking toplevel() on ptolemy.moml.MoMLSimpleApplication@cc446e1
----------------- Done invoking toplevel() on ptolemy.moml.MoMLSimpleApplication@cc446e1
reloadAllAccessors: .Sinewave2

===========================================================================================
----------------- testing Thu Jun 20 13:14:14 UTC 2019 /home/travis/build/icyphy/ptII/ptolemy/actor/lib/test/auto/Sinewave3.xml
----------------- Instantiating /home/travis/build/icyphy/ptII/ptolemy/actor/lib/test/auto/Sinewave3.xml
9 ms. Memory: 610304K Free: 512306K (84%)
----------------- Invoking toplevel() on ptolemy.moml.MoMLSimpleApplication@52ed36bb
----------------- Done invoking toplevel() on ptolemy.moml.MoMLSimpleApplication@52ed36bb
reloadAllAccessors: .Sinewave3

===========================================================================================
----------------- testing Thu Jun 20 13:14:14 UTC 2019 /home/travis/build/icyphy/ptII/ptolemy/actor/lib/test/auto/SingleEvent.xml
----------------- Instantiating /home/travis/build/icyphy/ptII/ptolemy/actor/lib/test/auto/SingleEvent.xml
1 ms. Memory: 610304K Free: 508210K (83%)
----------------- Invoking toplevel() on ptolemy.moml.MoMLSimpleApplication@1789bf9f
----------------- Done invoking toplevel() on ptolemy.moml.MoMLSimpleApplication@1789bf9f
reloadAllAccessors: .SingleEvent

===========================================================================================
----------------- testing Thu Jun 20 13:14:14 UTC 2019 /home/travis/build/icyphy/ptII/ptolemy/actor/lib/test/auto/Sleep.xml
----------------- Instantiating /home/travis/build/icyphy/ptII/ptolemy/actor/lib/test/auto/Sleep.xml
6003 ms. Memory: 610304K Free: 502576K (82%)
----------------- Invoking toplevel() on ptolemy.moml.MoMLSimpleApplication@710ba3d7
----------------- Done invoking toplevel() on ptolemy.moml.MoMLSimpleApplication@710ba3d7
reloadAllAccessors: .Sleep

===========================================================================================
----------------- testing Thu Jun 20 13:14:20 UTC 2019 /home/travis/build/icyphy/ptII/ptolemy/actor/lib/test/auto/SleepMultipleFire.xml
----------------- Instantiating /home/travis/build/icyphy/ptII/ptolemy/actor/lib/test/auto/SleepMultipleFire.xml
1005 ms. Memory: 610304K Free: 495922K (81%)
----------------- Invoking toplevel() on ptolemy.moml.MoMLSimpleApplication@c565c1a
----------------- Done invoking toplevel() on ptolemy.moml.MoMLSimpleApplication@c565c1a
reloadAllAccessors: .SleepMultipleFire

===========================================================================================
----------------- testing Thu Jun 20 13:14:21 UTC 2019 /home/travis/build/icyphy/ptII/ptolemy/actor/lib/test/auto/StopDE.xml
----------------- Instantiating /home/travis/build/icyphy/ptII/ptolemy/actor/lib/test/auto/StopDE.xml
3 ms. Memory: 610304K Free: 490288K (80%)
----------------- Invoking toplevel() on ptolemy.moml.MoMLSimpleApplication@65fcfc50
----------------- Done invoking toplevel() on ptolemy.moml.MoMLSimpleApplication@65fcfc50
reloadAllAccessors: .StopDE

===========================================================================================
----------------- testing Thu Jun 20 13:14:21 UTC 2019 /home/travis/build/icyphy/ptII/ptolemy/actor/lib/test/auto/StopSDF.xml
----------------- Instantiating /home/travis/build/icyphy/ptII/ptolemy/actor/lib/test/auto/StopSDF.xml
2 ms. Memory: 610304K Free: 485168K (79%)
----------------- Invoking toplevel() on ptolemy.moml.MoMLSimpleApplication@38066e8c
----------------- Done invoking toplevel() on ptolemy.moml.MoMLSimpleApplication@38066e8c
reloadAllAccessors: .StopSDF

===========================================================================================
----------------- testing Thu Jun 20 13:14:21 UTC 2019 /home/travis/build/icyphy/ptII/ptolemy/actor/lib/test/auto/StringConstant.xml
----------------- Instantiating /home/travis/build/icyphy/ptII/ptolemy/actor/lib/test/auto/StringConstant.xml
10 ms. Memory: 610304K Free: 481072K (79%)
----------------- Invoking toplevel() on ptolemy.moml.MoMLSimpleApplication@428fba8d
----------------- Done invoking toplevel() on ptolemy.moml.MoMLSimpleApplication@428fba8d
reloadAllAccessors: .StringConstant

===========================================================================================
----------------- testing Thu Jun 20 13:14:21 UTC 2019 /home/travis/build/icyphy/ptII/ptolemy/actor/lib/test/auto/SubscriberPortInitialValues1.xml
----------------- Instantiating /home/travis/build/icyphy/ptII/ptolemy/actor/lib/test/auto/SubscriberPortInitialValues1.xml
12 ms. Memory: 610304K Free: 472370K (77%)
----------------- Invoking toplevel() on ptolemy.moml.MoMLSimpleApplication@b7664bd
----------------- Done invoking toplevel() on ptolemy.moml.MoMLSimpleApplication@b7664bd
reloadAllAccessors: .SubscriberPortInitialValues1

===========================================================================================
----------------- testing Thu Jun 20 13:14:21 UTC 2019 /home/travis/build/icyphy/ptII/ptolemy/actor/lib/test/auto/SubscriberPortInitialValues13.xml
----------------- Instantiating /home/travis/build/icyphy/ptII/ptolemy/actor/lib/test/auto/SubscriberPortInitialValues13.xml
7 ms. Memory: 610304K Free: 458544K (75%)
----------------- Invoking toplevel() on ptolemy.moml.MoMLSimpleApplication@404b5223
----------------- Done invoking toplevel() on ptolemy.moml.MoMLSimpleApplication@404b5223
reloadAllAccessors: .SubscriberPortInitialValues13

===========================================================================================
----------------- testing Thu Jun 20 13:14:21 UTC 2019 /home/travis/build/icyphy/ptII/ptolemy/actor/lib/test/auto/SubscriberPortInitialValues14.xml
----------------- Instantiating /home/travis/build/icyphy/ptII/ptolemy/actor/lib/test/auto/SubscriberPortInitialValues14.xml
3 ms. Memory: 610304K Free: 450864K (74%)
----------------- Invoking toplevel() on ptolemy.moml.MoMLSimpleApplication@50059f16
----------------- Done invoking toplevel() on ptolemy.moml.MoMLSimpleApplication@50059f16
reloadAllAccessors: .SubscriberPortInitialValues14

===========================================================================================
----------------- testing Thu Jun 20 13:14:21 UTC 2019 /home/travis/build/icyphy/ptII/ptolemy/actor/lib/test/auto/SubscriberPortInitialValues2.xml
----------------- Instantiating /home/travis/build/icyphy/ptII/ptolemy/actor/lib/test/auto/SubscriberPortInitialValues2.xml
4 ms. Memory: 610304K Free: 443184K (73%)
----------------- Invoking toplevel() on ptolemy.moml.MoMLSimpleApplication@6835006d
----------------- Done invoking toplevel() on ptolemy.moml.MoMLSimpleApplication@6835006d
reloadAllAccessors: .SubscriberPortInitialValues2

===========================================================================================
----------------- testing Thu Jun 20 13:14:21 UTC 2019 /home/travis/build/icyphy/ptII/ptolemy/actor/lib/test/auto/SubscriberPortInitialValues3.xml
----------------- Instantiating /home/travis/build/icyphy/ptII/ptolemy/actor/lib/test/auto/SubscriberPortInitialValues3.xml
3 ms. Memory: 610304K Free: 432434K (71%)
----------------- Invoking toplevel() on ptolemy.moml.MoMLSimpleApplication@26fdc026
----------------- Done invoking toplevel() on ptolemy.moml.MoMLSimpleApplication@26fdc026
reloadAllAccessors: .SubscriberPortInitialValues3

===========================================================================================
----------------- testing Thu Jun 20 13:14:21 UTC 2019 /home/travis/build/icyphy/ptII/ptolemy/actor/lib/test/auto/SubscriptionAggregator.xml
----------------- Instantiating /home/travis/build/icyphy/ptII/ptolemy/actor/lib/test/auto/SubscriptionAggregator.xml
2 ms. Memory: 610304K Free: 425266K (70%)
----------------- Invoking toplevel() on ptolemy.moml.MoMLSimpleApplication@6862b8fc
----------------- Done invoking toplevel() on ptolemy.moml.MoMLSimpleApplication@6862b8fc
reloadAllAccessors: .SubscriptionAggregator

===========================================================================================
----------------- testing Thu Jun 20 13:14:21 UTC 2019 /home/travis/build/icyphy/ptII/ptolemy/actor/lib/test/auto/SubscriptionAggregator2.xml
----------------- Instantiating /home/travis/build/icyphy/ptII/ptolemy/actor/lib/test/auto/SubscriptionAggregator2.xml
11 ms. Memory: 610304K Free: 418602K (69%)
----------------- Invoking toplevel() on ptolemy.moml.MoMLSimpleApplication@ae3a14c
----------------- Done invoking toplevel() on ptolemy.moml.MoMLSimpleApplication@ae3a14c
reloadAllAccessors: .SubscriptionAggregator2

===========================================================================================
----------------- testing Thu Jun 20 13:14:21 UTC 2019 /home/travis/build/icyphy/ptII/ptolemy/actor/lib/test/auto/SubscriptionAggregator3.xml
----------------- Instantiating /home/travis/build/icyphy/ptII/ptolemy/actor/lib/test/auto/SubscriptionAggregator3.xml
4 ms. Memory: 610304K Free: 409906K (67%)
----------------- Invoking toplevel() on ptolemy.moml.MoMLSimpleApplication@59773a86
----------------- Done invoking toplevel() on ptolemy.moml.MoMLSimpleApplication@59773a86
reloadAllAccessors: .SubscriptionAggregator3

===========================================================================================
----------------- testing Thu Jun 20 13:14:21 UTC 2019 /home/travis/build/icyphy/ptII/ptolemy/actor/lib/test/auto/SubscriptionAggregatorMultiply.xml
----------------- Instantiating /home/travis/build/icyphy/ptII/ptolemy/actor/lib/test/auto/SubscriptionAggregatorMultiply.xml
13 ms. Memory: 610304K Free: 401714K (66%)
----------------- Invoking toplevel() on ptolemy.moml.MoMLSimpleApplication@22febb12
----------------- Done invoking toplevel() on ptolemy.moml.MoMLSimpleApplication@22febb12
reloadAllAccessors: .SubscriptionAggregatorMultiply

===========================================================================================
----------------- testing Thu Jun 20 13:14:21 UTC 2019 /home/travis/build/icyphy/ptII/ptolemy/actor/lib/test/auto/SubscriptionAggregatorPortMultiply1.xml
----------------- Instantiating /home/travis/build/icyphy/ptII/ptolemy/actor/lib/test/auto/SubscriptionAggregatorPortMultiply1.xml
3 ms. Memory: 610304K Free: 393522K (64%)
----------------- Invoking toplevel() on ptolemy.moml.MoMLSimpleApplication@5a2fe101
----------------- Done invoking toplevel() on ptolemy.moml.MoMLSimpleApplication@5a2fe101
reloadAllAccessors: .SubscriptionAggregatorPortMultiply1

===========================================================================================
----------------- testing Thu Jun 20 13:14:22 UTC 2019 /home/travis/build/icyphy/ptII/ptolemy/actor/lib/test/auto/Switch.xml
----------------- Instantiating /home/travis/build/icyphy/ptII/ptolemy/actor/lib/test/auto/Switch.xml
6 ms. Memory: 610304K Free: 385330K (63%)
----------------- Invoking toplevel() on ptolemy.moml.MoMLSimpleApplication@4e947a9b
----------------- Done invoking toplevel() on ptolemy.moml.MoMLSimpleApplication@4e947a9b
reloadAllAccessors: .Switch

===========================================================================================
----------------- testing Thu Jun 20 13:14:22 UTC 2019 /home/travis/build/icyphy/ptII/ptolemy/actor/lib/test/auto/Switch2.xml
----------------- Instantiating /home/travis/build/icyphy/ptII/ptolemy/actor/lib/test/auto/Switch2.xml
1 ms. Memory: 610304K Free: 380720K (62%)
----------------- Invoking toplevel() on ptolemy.moml.MoMLSimpleApplication@5c31b420
----------------- Done invoking toplevel() on ptolemy.moml.MoMLSimpleApplication@5c31b420
reloadAllAccessors: .Switch2

===========================================================================================
----------------- testing Thu Jun 20 13:14:22 UTC 2019 /home/travis/build/icyphy/ptII/ptolemy/actor/lib/test/auto/SwitchDE.xml
----------------- Instantiating /home/travis/build/icyphy/ptII/ptolemy/actor/lib/test/auto/SwitchDE.xml
3 ms. Memory: 610304K Free: 374546K (61%)
----------------- Invoking toplevel() on ptolemy.moml.MoMLSimpleApplication@7099bb86
----------------- Done invoking toplevel() on ptolemy.moml.MoMLSimpleApplication@7099bb86
reloadAllAccessors: .SwitchDE

===========================================================================================
----------------- testing Thu Jun 20 13:14:22 UTC 2019 /home/travis/build/icyphy/ptII/ptolemy/actor/lib/test/auto/SynchronizerDE.xml
----------------- Instantiating /home/travis/build/icyphy/ptII/ptolemy/actor/lib/test/auto/SynchronizerDE.xml
8 ms. Memory: 610304K Free: 365874K (60%)
----------------- Invoking toplevel() on ptolemy.moml.MoMLSimpleApplication@53cb2d07
----------------- Done invoking toplevel() on ptolemy.moml.MoMLSimpleApplication@53cb2d07
reloadAllAccessors: .SynchronizerDE

===========================================================================================
----------------- testing Thu Jun 20 13:14:22 UTC 2019 /home/travis/build/icyphy/ptII/ptolemy/actor/lib/test/auto/Test.xml
----------------- Instantiating /home/travis/build/icyphy/ptII/ptolemy/actor/lib/test/auto/Test.xml
5 ms. Memory: 610304K Free: 360754K (59%)
----------------- Invoking toplevel() on ptolemy.moml.MoMLSimpleApplication@6e3ec61
----------------- Done invoking toplevel() on ptolemy.moml.MoMLSimpleApplication@6e3ec61
reloadAllAccessors: .Test

===========================================================================================
----------------- testing Thu Jun 20 13:14:22 UTC 2019 /home/travis/build/icyphy/ptII/ptolemy/actor/lib/test/auto/TestExceptionAttribute1.xml
----------------- Instantiating /home/travis/build/icyphy/ptII/ptolemy/actor/lib/test/auto/TestExceptionAttribute1.xml
1 ms. Memory: 610304K Free: 357168K (59%)
----------------- Invoking toplevel() on ptolemy.moml.MoMLSimpleApplication@6f08cb34
----------------- Done invoking toplevel() on ptolemy.moml.MoMLSimpleApplication@6f08cb34
reloadAllAccessors: .TestExceptionAttribute1

===========================================================================================
----------------- testing Thu Jun 20 13:14:22 UTC 2019 /home/travis/build/icyphy/ptII/ptolemy/actor/lib/test/auto/TestExceptionAttribute2.xml
----------------- Instantiating /home/travis/build/icyphy/ptII/ptolemy/actor/lib/test/auto/TestExceptionAttribute2.xml
2 ms. Memory: 610304K Free: 353586K (58%)
----------------- Invoking toplevel() on ptolemy.moml.MoMLSimpleApplication@31402511
----------------- Done invoking toplevel() on ptolemy.moml.MoMLSimpleApplication@31402511
reloadAllAccessors: .TestExceptionAttribute2

===========================================================================================
----------------- testing Thu Jun 20 13:14:22 UTC 2019 /home/travis/build/icyphy/ptII/ptolemy/actor/lib/test/auto/TestExceptionAttribute3.xml
----------------- Instantiating /home/travis/build/icyphy/ptII/ptolemy/actor/lib/test/auto/TestExceptionAttribute3.xml
.TestExceptionAttribute3.TestExceptionAttribute: initialize() was not invoked, but wrapup() was.  This is unusual, but not always a problem.  For example, exporting JNLP will do this.
0 ms. Memory: 610304K Free: 349490K (57%)
----------------- Invoking toplevel() on ptolemy.moml.MoMLSimpleApplication@528f3821
----------------- Done invoking toplevel() on ptolemy.moml.MoMLSimpleApplication@528f3821
reloadAllAccessors: .TestExceptionAttribute3

===========================================================================================
----------------- testing Thu Jun 20 13:14:22 UTC 2019 /home/travis/build/icyphy/ptII/ptolemy/actor/lib/test/auto/TestExceptionAttribute4.xml
----------------- Instantiating /home/travis/build/icyphy/ptII/ptolemy/actor/lib/test/auto/TestExceptionAttribute4.xml
.TestExceptionAttribute4.TestExceptionAttribute: initialize() was not invoked, but wrapup() was.  This is unusual, but not always a problem.  For example, exporting JNLP will do this.
.TestExceptionAttribute4.TestExceptionAttribute2: initialize() was not invoked, but wrapup() was.  This is unusual, but not always a problem.  For example, exporting JNLP will do this.
0 ms. Memory: 610304K Free: 345394K (57%)
----------------- Invoking toplevel() on ptolemy.moml.MoMLSimpleApplication@1a701c01
----------------- Done invoking toplevel() on ptolemy.moml.MoMLSimpleApplication@1a701c01
reloadAllAccessors: .TestExceptionAttribute4

===========================================================================================
----------------- testing Thu Jun 20 13:14:22 UTC 2019 /home/travis/build/icyphy/ptII/ptolemy/actor/lib/test/auto/TestExceptionHandler1.xml
----------------- Instantiating /home/travis/build/icyphy/ptII/ptolemy/actor/lib/test/auto/TestExceptionHandler1.xml
1 ms. Memory: 610304K Free: 341808K (56%)
----------------- Invoking toplevel() on ptolemy.moml.MoMLSimpleApplication@43ccbcf3
----------------- Done invoking toplevel() on ptolemy.moml.MoMLSimpleApplication@43ccbcf3
reloadAllAccessors: .TestExceptionHandler1

===========================================================================================
----------------- testing Thu Jun 20 13:14:22 UTC 2019 /home/travis/build/icyphy/ptII/ptolemy/actor/lib/test/auto/TestExceptionHandler2.xml
----------------- Instantiating /home/travis/build/icyphy/ptII/ptolemy/actor/lib/test/auto/TestExceptionHandler2.xml
1 ms. Memory: 610304K Free: 338226K (55%)
----------------- Invoking toplevel() on ptolemy.moml.MoMLSimpleApplication@45a90940
----------------- Done invoking toplevel() on ptolemy.moml.MoMLSimpleApplication@45a90940
reloadAllAccessors: .TestExceptionHandler2

===========================================================================================
----------------- testing Thu Jun 20 13:14:22 UTC 2019 /home/travis/build/icyphy/ptII/ptolemy/actor/lib/test/auto/TestExceptionHandler3.xml
----------------- Instantiating /home/travis/build/icyphy/ptII/ptolemy/actor/lib/test/auto/TestExceptionHandler3.xml
1 ms. Memory: 610304K Free: 334130K (55%)
----------------- Invoking toplevel() on ptolemy.moml.MoMLSimpleApplication@6e4de4f5
----------------- Done invoking toplevel() on ptolemy.moml.MoMLSimpleApplication@6e4de4f5
reloadAllAccessors: .TestExceptionHandler3

===========================================================================================
----------------- testing Thu Jun 20 13:14:22 UTC 2019 /home/travis/build/icyphy/ptII/ptolemy/actor/lib/test/auto/TestExceptionHandler4.xml
----------------- Instantiating /home/travis/build/icyphy/ptII/ptolemy/actor/lib/test/auto/TestExceptionHandler4.xml
1 ms. Memory: 610304K Free: 330034K (54%)
----------------- Invoking toplevel() on ptolemy.moml.MoMLSimpleApplication@391885e9
----------------- Done invoking toplevel() on ptolemy.moml.MoMLSimpleApplication@391885e9
reloadAllAccessors: .TestExceptionHandler4

===========================================================================================
----------------- testing Thu Jun 20 13:14:22 UTC 2019 /home/travis/build/icyphy/ptII/ptolemy/actor/lib/test/auto/TestRequireCorrectOrder.xml
----------------- Instantiating /home/travis/build/icyphy/ptII/ptolemy/actor/lib/test/auto/TestRequireCorrectOrder.xml
2 ms. Memory: 610304K Free: 324914K (53%)
----------------- Invoking toplevel() on ptolemy.moml.MoMLSimpleApplication@2ca689eb
----------------- Done invoking toplevel() on ptolemy.moml.MoMLSimpleApplication@2ca689eb
reloadAllAccessors: .TestRequireCorrectOrder

===========================================================================================
----------------- testing Thu Jun 20 13:14:22 UTC 2019 /home/travis/build/icyphy/ptII/ptolemy/actor/lib/test/auto/TestSimple.xml
----------------- Instantiating /home/travis/build/icyphy/ptII/ptolemy/actor/lib/test/auto/TestSimple.xml
5 ms. Memory: 610304K Free: 320304K (52%)
----------------- Invoking toplevel() on ptolemy.moml.MoMLSimpleApplication@6a60512
----------------- Done invoking toplevel() on ptolemy.moml.MoMLSimpleApplication@6a60512
reloadAllAccessors: .TestSimple

===========================================================================================
----------------- testing Thu Jun 20 13:14:22 UTC 2019 /home/travis/build/icyphy/ptII/ptolemy/actor/lib/test/auto/ThrowModelError.xml
----------------- Instantiating /home/travis/build/icyphy/ptII/ptolemy/actor/lib/test/auto/ThrowModelError.xml
1 ms. Memory: 610304K Free: 315698K (52%)
----------------- Invoking toplevel() on ptolemy.moml.MoMLSimpleApplication@66fbcee1
----------------- Done invoking toplevel() on ptolemy.moml.MoMLSimpleApplication@66fbcee1
reloadAllAccessors: .ThrowModelError

===========================================================================================
----------------- testing Thu Jun 20 13:14:22 UTC 2019 /home/travis/build/icyphy/ptII/ptolemy/actor/lib/test/auto/TimeDelayMicrosteps.xml
----------------- Instantiating /home/travis/build/icyphy/ptII/ptolemy/actor/lib/test/auto/TimeDelayMicrosteps.xml
4 ms. Memory: 610304K Free: 309554K (51%)
----------------- Invoking toplevel() on ptolemy.moml.MoMLSimpleApplication@6fbde66
----------------- Done invoking toplevel() on ptolemy.moml.MoMLSimpleApplication@6fbde66
reloadAllAccessors: .TimeDelayMicrosteps

===========================================================================================
----------------- testing Thu Jun 20 13:14:22 UTC 2019 /home/travis/build/icyphy/ptII/ptolemy/actor/lib/test/auto/TimeDelayMicrosteps2.xml
----------------- Instantiating /home/travis/build/icyphy/ptII/ptolemy/actor/lib/test/auto/TimeDelayMicrosteps2.xml
3 ms. Memory: 610304K Free: 302386K (50%)
----------------- Invoking toplevel() on ptolemy.moml.MoMLSimpleApplication@2f6a6e82
----------------- Done invoking toplevel() on ptolemy.moml.MoMLSimpleApplication@2f6a6e82
reloadAllAccessors: .TimeDelayMicrosteps2

===========================================================================================
----------------- testing Thu Jun 20 13:14:22 UTC 2019 /home/travis/build/icyphy/ptII/ptolemy/actor/lib/test/auto/TimeDelayMicrosteps3.xml
----------------- Instantiating /home/travis/build/icyphy/ptII/ptolemy/actor/lib/test/auto/TimeDelayMicrosteps3.xml
3 ms. Memory: 610304K Free: 295218K (48%)
----------------- Invoking toplevel() on ptolemy.moml.MoMLSimpleApplication@791457c5
----------------- Done invoking toplevel() on ptolemy.moml.MoMLSimpleApplication@791457c5
reloadAllAccessors: .TimeDelayMicrosteps3

===========================================================================================
----------------- testing Thu Jun 20 13:14:22 UTC 2019 /home/travis/build/icyphy/ptII/ptolemy/actor/lib/test/auto/TimeDelayVariableMicrosteps.xml
----------------- Instantiating /home/travis/build/icyphy/ptII/ptolemy/actor/lib/test/auto/TimeDelayVariableMicrosteps.xml
3 ms. Memory: 610304K Free: 288560K (47%)
----------------- Invoking toplevel() on ptolemy.moml.MoMLSimpleApplication@3099b0f1
----------------- Done invoking toplevel() on ptolemy.moml.MoMLSimpleApplication@3099b0f1
reloadAllAccessors: .TimeDelayVariableMicrosteps

===========================================================================================
----------------- testing Thu Jun 20 13:14:22 UTC 2019 /home/travis/build/icyphy/ptII/ptolemy/actor/lib/test/auto/TimeGap.xml
----------------- Instantiating /home/travis/build/icyphy/ptII/ptolemy/actor/lib/test/auto/TimeGap.xml
3 ms. Memory: 610304K Free: 283410K (46%)
----------------- Invoking toplevel() on ptolemy.moml.MoMLSimpleApplication@7b88db4f
----------------- Done invoking toplevel() on ptolemy.moml.MoMLSimpleApplication@7b88db4f
reloadAllAccessors: .TimeGap

===========================================================================================
----------------- testing Thu Jun 20 13:14:22 UTC 2019 /home/travis/build/icyphy/ptII/ptolemy/actor/lib/test/auto/TimeGap2.xml
----------------- Instantiating /home/travis/build/icyphy/ptII/ptolemy/actor/lib/test/auto/TimeGap2.xml
2 ms. Memory: 610304K Free: 277282K (45%)
----------------- Invoking toplevel() on ptolemy.moml.MoMLSimpleApplication@14d7d871
----------------- Done invoking toplevel() on ptolemy.moml.MoMLSimpleApplication@14d7d871
reloadAllAccessors: .TimeGap2

===========================================================================================
----------------- testing Thu Jun 20 13:14:22 UTC 2019 /home/travis/build/icyphy/ptII/ptolemy/actor/lib/test/auto/TimedSinewave.xml
----------------- Instantiating /home/travis/build/icyphy/ptII/ptolemy/actor/lib/test/auto/TimedSinewave.xml
23 ms. Memory: 610304K Free: 263474K (43%)
----------------- Invoking toplevel() on ptolemy.moml.MoMLSimpleApplication@496d4a3c
----------------- Done invoking toplevel() on ptolemy.moml.MoMLSimpleApplication@496d4a3c
reloadAllAccessors: .TimedSinewave

===========================================================================================
----------------- testing Thu Jun 20 13:14:22 UTC 2019 /home/travis/build/icyphy/ptII/ptolemy/actor/lib/test/auto/TimedSinewavePhase.xml
----------------- Instantiating /home/travis/build/icyphy/ptII/ptolemy/actor/lib/test/auto/TimedSinewavePhase.xml
10 ms. Memory: 610304K Free: 253744K (42%)
----------------- Invoking toplevel() on ptolemy.moml.MoMLSimpleApplication@7e1b8067
----------------- Done invoking toplevel() on ptolemy.moml.MoMLSimpleApplication@7e1b8067
reloadAllAccessors: .TimedSinewavePhase

===========================================================================================
----------------- testing Thu Jun 20 13:14:22 UTC 2019 /home/travis/build/icyphy/ptII/ptolemy/actor/lib/test/auto/Timer.xml
----------------- Instantiating /home/travis/build/icyphy/ptII/ptolemy/actor/lib/test/auto/Timer.xml
2 ms. Memory: 610304K Free: 247594K (41%)
----------------- Invoking toplevel() on ptolemy.moml.MoMLSimpleApplication@58d5d
----------------- Done invoking toplevel() on ptolemy.moml.MoMLSimpleApplication@58d5d
reloadAllAccessors: .Timer

===========================================================================================
----------------- testing Thu Jun 20 13:14:22 UTC 2019 /home/travis/build/icyphy/ptII/ptolemy/actor/lib/test/auto/TriangularDistTestModel.xml
----------------- Instantiating /home/travis/build/icyphy/ptII/ptolemy/actor/lib/test/auto/TriangularDistTestModel.xml
2 ms. Memory: 610304K Free: 241970K (40%)
----------------- Invoking toplevel() on ptolemy.moml.MoMLSimpleApplication@1dacd742
----------------- Done invoking toplevel() on ptolemy.moml.MoMLSimpleApplication@1dacd742
reloadAllAccessors: .TriangularDistTestModel

===========================================================================================
----------------- testing Thu Jun 20 13:14:22 UTC 2019 /home/travis/build/icyphy/ptII/ptolemy/actor/lib/test/auto/TrigFunction.xml
----------------- Instantiating /home/travis/build/icyphy/ptII/ptolemy/actor/lib/test/auto/TrigFunction.xml
1 ms. Memory: 610304K Free: 237360K (39%)
----------------- Invoking toplevel() on ptolemy.moml.MoMLSimpleApplication@a45d9cd
----------------- Done invoking toplevel() on ptolemy.moml.MoMLSimpleApplication@a45d9cd
reloadAllAccessors: .TrigFunction

===========================================================================================
----------------- testing Thu Jun 20 13:14:22 UTC 2019 /home/travis/build/icyphy/ptII/ptolemy/actor/lib/test/auto/TrigFunctionDE.xml
----------------- Instantiating /home/travis/build/icyphy/ptII/ptolemy/actor/lib/test/auto/TrigFunctionDE.xml
2 ms. Memory: 610304K Free: 231216K (38%)
----------------- Invoking toplevel() on ptolemy.moml.MoMLSimpleApplication@d087ec0
----------------- Done invoking toplevel() on ptolemy.moml.MoMLSimpleApplication@d087ec0
reloadAllAccessors: .TrigFunctionDE

===========================================================================================
----------------- testing Thu Jun 20 13:14:22 UTC 2019 /home/travis/build/icyphy/ptII/ptolemy/actor/lib/test/auto/TrigFunctionInverse.xml
----------------- Instantiating /home/travis/build/icyphy/ptII/ptolemy/actor/lib/test/auto/TrigFunctionInverse.xml
1 ms. Memory: 610304K Free: 226096K (37%)
----------------- Invoking toplevel() on ptolemy.moml.MoMLSimpleApplication@7f1fa7dc
----------------- Done invoking toplevel() on ptolemy.moml.MoMLSimpleApplication@7f1fa7dc
reloadAllAccessors: .TrigFunctionInverse

===========================================================================================
----------------- testing Thu Jun 20 13:14:22 UTC 2019 /home/travis/build/icyphy/ptII/ptolemy/actor/lib/test/auto/TrigFunctionTan.xml
----------------- Instantiating /home/travis/build/icyphy/ptII/ptolemy/actor/lib/test/auto/TrigFunctionTan.xml
1 ms. Memory: 610304K Free: 222000K (36%)
----------------- Invoking toplevel() on ptolemy.moml.MoMLSimpleApplication@695503fc
----------------- Done invoking toplevel() on ptolemy.moml.MoMLSimpleApplication@695503fc
reloadAllAccessors: .TrigFunctionTan

===========================================================================================
----------------- testing Thu Jun 20 13:14:22 UTC 2019 /home/travis/build/icyphy/ptII/ptolemy/actor/lib/test/auto/TriggeredClock.xml
----------------- Instantiating /home/travis/build/icyphy/ptII/ptolemy/actor/lib/test/auto/TriggeredClock.xml
1 ms. Memory: 610304K Free: 216338K (35%)
----------------- Invoking toplevel() on ptolemy.moml.MoMLSimpleApplication@226bdde4
----------------- Done invoking toplevel() on ptolemy.moml.MoMLSimpleApplication@226bdde4
reloadAllAccessors: .TriggeredClock

===========================================================================================
----------------- testing Thu Jun 20 13:14:22 UTC 2019 /home/travis/build/icyphy/ptII/ptolemy/actor/lib/test/auto/URLDirectoryReader.xml
----------------- Instantiating /home/travis/build/icyphy/ptII/ptolemy/actor/lib/test/auto/URLDirectoryReader.xml
36 ms. Memory: 610304K Free: 206130K (34%)
----------------- Invoking toplevel() on ptolemy.moml.MoMLSimpleApplication@38aae09d
----------------- Done invoking toplevel() on ptolemy.moml.MoMLSimpleApplication@38aae09d
reloadAllAccessors: .URLDirectoryReader

===========================================================================================
----------------- testing Thu Jun 20 13:14:22 UTC 2019 /home/travis/build/icyphy/ptII/ptolemy/actor/lib/test/auto/URLDirectoryReader3.xml
----------------- Instantiating /home/travis/build/icyphy/ptII/ptolemy/actor/lib/test/auto/URLDirectoryReader3.xml
1149 ms. Memory: 610304K Free: 553241K (91%)
----------------- Invoking toplevel() on ptolemy.moml.MoMLSimpleApplication@7bdf6ff
----------------- Done invoking toplevel() on ptolemy.moml.MoMLSimpleApplication@7bdf6ff
reloadAllAccessors: .URLDirectoryReader3

===========================================================================================
----------------- testing Thu Jun 20 13:14:24 UTC 2019 /home/travis/build/icyphy/ptII/ptolemy/actor/lib/test/auto/UnaryMathFunction.xml
----------------- Instantiating /home/travis/build/icyphy/ptII/ptolemy/actor/lib/test/auto/UnaryMathFunction.xml
2 ms. Memory: 610304K Free: 545317K (89%)
----------------- Invoking toplevel() on ptolemy.moml.MoMLSimpleApplication@42ec2dee
----------------- Done invoking toplevel() on ptolemy.moml.MoMLSimpleApplication@42ec2dee
reloadAllAccessors: .UnaryMathFunction

===========================================================================================
----------------- testing Thu Jun 20 13:14:24 UTC 2019 /home/travis/build/icyphy/ptII/ptolemy/actor/lib/test/auto/Uniform.xml
----------------- Instantiating /home/travis/build/icyphy/ptII/ptolemy/actor/lib/test/auto/Uniform.xml
2 ms. Memory: 610304K Free: 540707K (89%)
----------------- Invoking toplevel() on ptolemy.moml.MoMLSimpleApplication@15c1b172
----------------- Done invoking toplevel() on ptolemy.moml.MoMLSimpleApplication@15c1b172
reloadAllAccessors: .Uniform

===========================================================================================
----------------- testing Thu Jun 20 13:14:24 UTC 2019 /home/travis/build/icyphy/ptII/ptolemy/actor/lib/test/auto/UnionDisassemblerTest.xml
----------------- Instantiating /home/travis/build/icyphy/ptII/ptolemy/actor/lib/test/auto/UnionDisassemblerTest.xml
8 ms. Memory: 610304K Free: 536597K (88%)
----------------- Invoking toplevel() on ptolemy.moml.MoMLSimpleApplication@6c817a87
----------------- Done invoking toplevel() on ptolemy.moml.MoMLSimpleApplication@6c817a87
reloadAllAccessors: .UnionDisassemblerTest

===========================================================================================
----------------- testing Thu Jun 20 13:14:24 UTC 2019 /home/travis/build/icyphy/ptII/ptolemy/actor/lib/test/auto/UtilityFunctions.xml
----------------- Instantiating /home/travis/build/icyphy/ptII/ptolemy/actor/lib/test/auto/UtilityFunctions.xml
1 ms. Memory: 610304K Free: 532515K (87%)
----------------- Invoking toplevel() on ptolemy.moml.MoMLSimpleApplication@77d0fee8
----------------- Done invoking toplevel() on ptolemy.moml.MoMLSimpleApplication@77d0fee8
reloadAllAccessors: .UtilityFunctions

===========================================================================================
----------------- testing Thu Jun 20 13:14:24 UTC 2019 /home/travis/build/icyphy/ptII/ptolemy/actor/lib/test/auto/VariableSleep.xml
----------------- Instantiating /home/travis/build/icyphy/ptII/ptolemy/actor/lib/test/auto/VariableSleep.xml
503 ms. Memory: 610304K Free: 527395K (86%)
----------------- Invoking toplevel() on ptolemy.moml.MoMLSimpleApplication@1620f8d3
----------------- Done invoking toplevel() on ptolemy.moml.MoMLSimpleApplication@1620f8d3
reloadAllAccessors: .VariableSleep

===========================================================================================
----------------- testing Thu Jun 20 13:14:24 UTC 2019 /home/travis/build/icyphy/ptII/ptolemy/actor/lib/test/auto/VectorAssemblerDisassemblerCT.xml
----------------- Instantiating /home/travis/build/icyphy/ptII/ptolemy/actor/lib/test/auto/VectorAssemblerDisassemblerCT.xml
77 ms. Memory: 610304K Free: 506915K (83%)
----------------- Invoking toplevel() on ptolemy.moml.MoMLSimpleApplication@35a09269
----------------- Done invoking toplevel() on ptolemy.moml.MoMLSimpleApplication@35a09269
reloadAllAccessors: .VectorAssemblerDisassemblerCT

===========================================================================================
----------------- testing Thu Jun 20 13:14:24 UTC 2019 /home/travis/build/icyphy/ptII/ptolemy/actor/lib/test/auto/VectorAssemblerDisassemblerDE.xml
----------------- Instantiating /home/travis/build/icyphy/ptII/ptolemy/actor/lib/test/auto/VectorAssemblerDisassemblerDE.xml
2 ms. Memory: 610304K Free: 499747K (82%)
----------------- Invoking toplevel() on ptolemy.moml.MoMLSimpleApplication@2cc0edad
----------------- Done invoking toplevel() on ptolemy.moml.MoMLSimpleApplication@2cc0edad
reloadAllAccessors: .VectorAssemblerDisassemblerDE

===========================================================================================
----------------- testing Thu Jun 20 13:14:24 UTC 2019 /home/travis/build/icyphy/ptII/ptolemy/actor/lib/test/auto/VectorAssemblerDisassemblerSDF.xml
----------------- Instantiating /home/travis/build/icyphy/ptII/ptolemy/actor/lib/test/auto/VectorAssemblerDisassemblerSDF.xml
2 ms. Memory: 610304K Free: 493093K (81%)
----------------- Invoking toplevel() on ptolemy.moml.MoMLSimpleApplication@8b6fc83
----------------- Done invoking toplevel() on ptolemy.moml.MoMLSimpleApplication@8b6fc83
reloadAllAccessors: .VectorAssemblerDisassemblerSDF

===========================================================================================
----------------- testing Thu Jun 20 13:14:24 UTC 2019 /home/travis/build/icyphy/ptII/ptolemy/actor/lib/test/auto/WallClockTime.xml
----------------- Instantiating /home/travis/build/icyphy/ptII/ptolemy/actor/lib/test/auto/WallClockTime.xml
1004 ms. Memory: 610304K Free: 487459K (80%)
----------------- Invoking toplevel() on ptolemy.moml.MoMLSimpleApplication@4dd05c7e
----------------- Done invoking toplevel() on ptolemy.moml.MoMLSimpleApplication@4dd05c7e
reloadAllAccessors: .WallClockTime

===========================================================================================
----------------- testing Thu Jun 20 13:14:25 UTC 2019 /home/travis/build/icyphy/ptII/ptolemy/actor/lib/test/auto/WidthTestWithSubscriberPublisher.xml
----------------- Instantiating /home/travis/build/icyphy/ptII/ptolemy/actor/lib/test/auto/WidthTestWithSubscriberPublisher.xml
7 ms. Memory: 610304K Free: 470051K (77%)
----------------- Invoking toplevel() on ptolemy.moml.MoMLSimpleApplication@37583e20
----------------- Done invoking toplevel() on ptolemy.moml.MoMLSimpleApplication@37583e20
reloadAllAccessors: .WidthTestWithSubscriberPublisher

===========================================================================================
----------------- testing Thu Jun 20 13:14:25 UTC 2019 /home/travis/build/icyphy/ptII/ptolemy/actor/lib/test/auto/WidthTestWithSubscriberPublisher2.xml
----------------- Instantiating /home/travis/build/icyphy/ptII/ptolemy/actor/lib/test/auto/WidthTestWithSubscriberPublisher2.xml
5 ms. Memory: 610304K Free: 463907K (76%)
----------------- Invoking toplevel() on ptolemy.moml.MoMLSimpleApplication@32304b94
----------------- Done invoking toplevel() on ptolemy.moml.MoMLSimpleApplication@32304b94
reloadAllAccessors: .WidthTestWithSubscriberPublisher2

===========================================================================================
----------------- testing Thu Jun 20 13:14:25 UTC 2019 /home/travis/build/icyphy/ptII/ptolemy/actor/lib/test/auto/WidthTestWithSubscriberPublisher3.xml
----------------- Instantiating /home/travis/build/icyphy/ptII/ptolemy/actor/lib/test/auto/WidthTestWithSubscriberPublisher3.xml
2 ms. Memory: 610304K Free: 457763K (75%)
----------------- Invoking toplevel() on ptolemy.moml.MoMLSimpleApplication@2277ae0b
----------------- Done invoking toplevel() on ptolemy.moml.MoMLSimpleApplication@2277ae0b
reloadAllAccessors: .WidthTestWithSubscriberPublisher3

===========================================================================================
----------------- testing Thu Jun 20 13:14:25 UTC 2019 /home/travis/build/icyphy/ptII/ptolemy/actor/lib/test/auto/Writer.xml
----------------- Instantiating /home/travis/build/icyphy/ptII/ptolemy/actor/lib/test/auto/Writer.xml
0
1
2
3
4
1 ms. Memory: 610304K Free: 453653K (74%)
----------------- Invoking toplevel() on ptolemy.moml.MoMLSimpleApplication@2a007868
----------------- Done invoking toplevel() on ptolemy.moml.MoMLSimpleApplication@2a007868
reloadAllAccessors: .Writer

===========================================================================================
----------------- testing Thu Jun 20 13:14:25 UTC 2019 /home/travis/build/icyphy/ptII/ptolemy/actor/lib/test/auto/array.xml
----------------- Instantiating /home/travis/build/icyphy/ptII/ptolemy/actor/lib/test/auto/array.xml
2 ms. Memory: 610304K Free: 449061K (74%)
----------------- Invoking toplevel() on ptolemy.moml.MoMLSimpleApplication@32378ee6
----------------- Done invoking toplevel() on ptolemy.moml.MoMLSimpleApplication@32378ee6
reloadAllAccessors: .array

===========================================================================================
----------------- testing Thu Jun 20 13:14:25 UTC 2019 /home/travis/build/icyphy/ptII/ptolemy/actor/lib/test/auto/array2.xml
----------------- Instantiating /home/travis/build/icyphy/ptII/ptolemy/actor/lib/test/auto/array2.xml
5 ms. Memory: 610304K Free: 443941K (73%)
----------------- Invoking toplevel() on ptolemy.moml.MoMLSimpleApplication@3f76b7ae
----------------- Done invoking toplevel() on ptolemy.moml.MoMLSimpleApplication@3f76b7ae
reloadAllAccessors: .array2

===========================================================================================
----------------- testing Thu Jun 20 13:14:25 UTC 2019 /home/travis/build/icyphy/ptII/ptolemy/actor/lib/test/auto/arrayType.xml
----------------- Instantiating /home/travis/build/icyphy/ptII/ptolemy/actor/lib/test/auto/arrayType.xml
2 ms. Memory: 610304K Free: 438821K (72%)
----------------- Invoking toplevel() on ptolemy.moml.MoMLSimpleApplication@2d355c65
----------------- Done invoking toplevel() on ptolemy.moml.MoMLSimpleApplication@2d355c65
reloadAllAccessors: .arrayType

===========================================================================================
----------------- testing Thu Jun 20 13:14:25 UTC 2019 /home/travis/build/icyphy/ptII/ptolemy/actor/lib/test/auto/arrayType10.xml
----------------- Instantiating /home/travis/build/icyphy/ptII/ptolemy/actor/lib/test/auto/arrayType10.xml
1 ms. Memory: 610304K Free: 434211K (71%)
----------------- Invoking toplevel() on ptolemy.moml.MoMLSimpleApplication@57e43726
----------------- Done invoking toplevel() on ptolemy.moml.MoMLSimpleApplication@57e43726
reloadAllAccessors: .arrayType10

===========================================================================================
----------------- testing Thu Jun 20 13:14:25 UTC 2019 /home/travis/build/icyphy/ptII/ptolemy/actor/lib/test/auto/arrayType11.xml
----------------- Instantiating /home/travis/build/icyphy/ptII/ptolemy/actor/lib/test/auto/arrayType11.xml
1 ms. Memory: 610304K Free: 429091K (70%)
----------------- Invoking toplevel() on ptolemy.moml.MoMLSimpleApplication@61c4ff1d
----------------- Done invoking toplevel() on ptolemy.moml.MoMLSimpleApplication@61c4ff1d
reloadAllAccessors: .arrayType11

===========================================================================================
----------------- testing Thu Jun 20 13:14:25 UTC 2019 /home/travis/build/icyphy/ptII/ptolemy/actor/lib/test/auto/arrayType12.xml
----------------- Instantiating /home/travis/build/icyphy/ptII/ptolemy/actor/lib/test/auto/arrayType12.xml
2 ms. Memory: 610304K Free: 423971K (69%)
----------------- Invoking toplevel() on ptolemy.moml.MoMLSimpleApplication@699c0da5
----------------- Done invoking toplevel() on ptolemy.moml.MoMLSimpleApplication@699c0da5
reloadAllAccessors: .arrayType12

===========================================================================================
----------------- testing Thu Jun 20 13:14:26 UTC 2019 /home/travis/build/icyphy/ptII/ptolemy/actor/lib/test/auto/arrayType13.xml
----------------- Instantiating /home/travis/build/icyphy/ptII/ptolemy/actor/lib/test/auto/arrayType13.xml
1 ms. Memory: 610304K Free: 418851K (69%)
----------------- Invoking toplevel() on ptolemy.moml.MoMLSimpleApplication@6405ceaf
----------------- Done invoking toplevel() on ptolemy.moml.MoMLSimpleApplication@6405ceaf
reloadAllAccessors: .arrayType13

===========================================================================================
----------------- testing Thu Jun 20 13:14:26 UTC 2019 /home/travis/build/icyphy/ptII/ptolemy/actor/lib/test/auto/arrayType14.xml
----------------- Instantiating /home/travis/build/icyphy/ptII/ptolemy/actor/lib/test/auto/arrayType14.xml
1 ms. Memory: 610304K Free: 413221K (68%)
----------------- Invoking toplevel() on ptolemy.moml.MoMLSimpleApplication@758b7e5e
----------------- Done invoking toplevel() on ptolemy.moml.MoMLSimpleApplication@758b7e5e
reloadAllAccessors: .arrayType14

===========================================================================================
----------------- testing Thu Jun 20 13:14:26 UTC 2019 /home/travis/build/icyphy/ptII/ptolemy/actor/lib/test/auto/arrayType15.xml
----------------- Instantiating /home/travis/build/icyphy/ptII/ptolemy/actor/lib/test/auto/arrayType15.xml
3 ms. Memory: 610304K Free: 408101K (67%)
----------------- Invoking toplevel() on ptolemy.moml.MoMLSimpleApplication@ae77db5
----------------- Done invoking toplevel() on ptolemy.moml.MoMLSimpleApplication@ae77db5
reloadAllAccessors: .arrayType15

===========================================================================================
----------------- testing Thu Jun 20 13:14:26 UTC 2019 /home/travis/build/icyphy/ptII/ptolemy/actor/lib/test/auto/arrayType16.xml
----------------- Instantiating /home/travis/build/icyphy/ptII/ptolemy/actor/lib/test/auto/arrayType16.xml
2 ms. Memory: 610304K Free: 402981K (66%)
----------------- Invoking toplevel() on ptolemy.moml.MoMLSimpleApplication@7f6c6bb8
----------------- Done invoking toplevel() on ptolemy.moml.MoMLSimpleApplication@7f6c6bb8
reloadAllAccessors: .arrayType16

===========================================================================================
----------------- testing Thu Jun 20 13:14:26 UTC 2019 /home/travis/build/icyphy/ptII/ptolemy/actor/lib/test/auto/arrayType17.xml
----------------- Instantiating /home/travis/build/icyphy/ptII/ptolemy/actor/lib/test/auto/arrayType17.xml
1 ms. Memory: 610304K Free: 397347K (65%)
----------------- Invoking toplevel() on ptolemy.moml.MoMLSimpleApplication@61162c7e
----------------- Done invoking toplevel() on ptolemy.moml.MoMLSimpleApplication@61162c7e
reloadAllAccessors: .arrayType17

===========================================================================================
----------------- testing Thu Jun 20 13:14:26 UTC 2019 /home/travis/build/icyphy/ptII/ptolemy/actor/lib/test/auto/arrayType18.xml
----------------- Instantiating /home/travis/build/icyphy/ptII/ptolemy/actor/lib/test/auto/arrayType18.xml
1 ms. Memory: 610304K Free: 392741K (64%)
----------------- Invoking toplevel() on ptolemy.moml.MoMLSimpleApplication@38c72c15
----------------- Done invoking toplevel() on ptolemy.moml.MoMLSimpleApplication@38c72c15
reloadAllAccessors: .arrayType18

===========================================================================================
----------------- testing Thu Jun 20 13:14:26 UTC 2019 /home/travis/build/icyphy/ptII/ptolemy/actor/lib/test/auto/arrayType19.xml
----------------- Instantiating /home/travis/build/icyphy/ptII/ptolemy/actor/lib/test/auto/arrayType19.xml
1 ms. Memory: 610304K Free: 388131K (64%)
----------------- Invoking toplevel() on ptolemy.moml.MoMLSimpleApplication@5cc9bcff
----------------- Done invoking toplevel() on ptolemy.moml.MoMLSimpleApplication@5cc9bcff
reloadAllAccessors: .arrayType19

===========================================================================================
----------------- testing Thu Jun 20 13:14:26 UTC 2019 /home/travis/build/icyphy/ptII/ptolemy/actor/lib/test/auto/arrayType2.xml
----------------- Instantiating /home/travis/build/icyphy/ptII/ptolemy/actor/lib/test/auto/arrayType2.xml
5 ms. Memory: 610304K Free: 382501K (63%)
----------------- Invoking toplevel() on ptolemy.moml.MoMLSimpleApplication@7de38b6f
----------------- Done invoking toplevel() on ptolemy.moml.MoMLSimpleApplication@7de38b6f
reloadAllAccessors: .arrayType2

===========================================================================================
----------------- testing Thu Jun 20 13:14:26 UTC 2019 /home/travis/build/icyphy/ptII/ptolemy/actor/lib/test/auto/arrayType20.xml
----------------- Instantiating /home/travis/build/icyphy/ptII/ptolemy/actor/lib/test/auto/arrayType20.xml
1 ms. Memory: 610304K Free: 377891K (62%)
----------------- Invoking toplevel() on ptolemy.moml.MoMLSimpleApplication@2e652166
----------------- Done invoking toplevel() on ptolemy.moml.MoMLSimpleApplication@2e652166
reloadAllAccessors: .arrayType20

===========================================================================================
----------------- testing Thu Jun 20 13:14:26 UTC 2019 /home/travis/build/icyphy/ptII/ptolemy/actor/lib/test/auto/arrayType21.xml
----------------- Instantiating /home/travis/build/icyphy/ptII/ptolemy/actor/lib/test/auto/arrayType21.xml
1 ms. Memory: 610304K Free: 373285K (61%)
----------------- Invoking toplevel() on ptolemy.moml.MoMLSimpleApplication@bd3a92b
----------------- Done invoking toplevel() on ptolemy.moml.MoMLSimpleApplication@bd3a92b
reloadAllAccessors: .arrayType21

===========================================================================================
----------------- testing Thu Jun 20 13:14:26 UTC 2019 /home/travis/build/icyphy/ptII/ptolemy/actor/lib/test/auto/arrayType22.xml
----------------- Instantiating /home/travis/build/icyphy/ptII/ptolemy/actor/lib/test/auto/arrayType22.xml
1 ms. Memory: 610304K Free: 368165K (60%)
----------------- Invoking toplevel() on ptolemy.moml.MoMLSimpleApplication@6703d8f5
----------------- Done invoking toplevel() on ptolemy.moml.MoMLSimpleApplication@6703d8f5
reloadAllAccessors: .arrayType22

===========================================================================================
----------------- testing Thu Jun 20 13:14:26 UTC 2019 /home/travis/build/icyphy/ptII/ptolemy/actor/lib/test/auto/arrayType23.xml
----------------- Instantiating /home/travis/build/icyphy/ptII/ptolemy/actor/lib/test/auto/arrayType23.xml
1 ms. Memory: 610304K Free: 363555K (60%)
----------------- Invoking toplevel() on ptolemy.moml.MoMLSimpleApplication@1757e11d
----------------- Done invoking toplevel() on ptolemy.moml.MoMLSimpleApplication@1757e11d
reloadAllAccessors: .arrayType23

===========================================================================================
----------------- testing Thu Jun 20 13:14:26 UTC 2019 /home/travis/build/icyphy/ptII/ptolemy/actor/lib/test/auto/arrayType24.xml
----------------- Instantiating /home/travis/build/icyphy/ptII/ptolemy/actor/lib/test/auto/arrayType24.xml
2 ms. Memory: 610304K Free: 358435K (59%)
----------------- Invoking toplevel() on ptolemy.moml.MoMLSimpleApplication@2c84936c
----------------- Done invoking toplevel() on ptolemy.moml.MoMLSimpleApplication@2c84936c
reloadAllAccessors: .arrayType24

===========================================================================================
----------------- testing Thu Jun 20 13:14:26 UTC 2019 /home/travis/build/icyphy/ptII/ptolemy/actor/lib/test/auto/arrayType25.xml
----------------- Instantiating /home/travis/build/icyphy/ptII/ptolemy/actor/lib/test/auto/arrayType25.xml
1 ms. Memory: 610304K Free: 352805K (58%)
----------------- Invoking toplevel() on ptolemy.moml.MoMLSimpleApplication@6e55fc8d
----------------- Done invoking toplevel() on ptolemy.moml.MoMLSimpleApplication@6e55fc8d
reloadAllAccessors: .arrayType25

===========================================================================================
----------------- testing Thu Jun 20 13:14:26 UTC 2019 /home/travis/build/icyphy/ptII/ptolemy/actor/lib/test/auto/arrayType26.xml
----------------- Instantiating /home/travis/build/icyphy/ptII/ptolemy/actor/lib/test/auto/arrayType26.xml
1 ms. Memory: 610304K Free: 347685K (57%)
----------------- Invoking toplevel() on ptolemy.moml.MoMLSimpleApplication@3fa10689
----------------- Done invoking toplevel() on ptolemy.moml.MoMLSimpleApplication@3fa10689
reloadAllAccessors: .arrayType26

===========================================================================================
----------------- testing Thu Jun 20 13:14:26 UTC 2019 /home/travis/build/icyphy/ptII/ptolemy/actor/lib/test/auto/arrayType27.xml
----------------- Instantiating /home/travis/build/icyphy/ptII/ptolemy/actor/lib/test/auto/arrayType27.xml
1 ms. Memory: 610304K Free: 342051K (56%)
----------------- Invoking toplevel() on ptolemy.moml.MoMLSimpleApplication@f1cccac
----------------- Done invoking toplevel() on ptolemy.moml.MoMLSimpleApplication@f1cccac
reloadAllAccessors: .arrayType27

===========================================================================================
----------------- testing Thu Jun 20 13:14:26 UTC 2019 /home/travis/build/icyphy/ptII/ptolemy/actor/lib/test/auto/arrayType28.xml
----------------- Instantiating /home/travis/build/icyphy/ptII/ptolemy/actor/lib/test/auto/arrayType28.xml
1 ms. Memory: 610304K Free: 336917K (55%)
----------------- Invoking toplevel() on ptolemy.moml.MoMLSimpleApplication@7a2f454a
----------------- Done invoking toplevel() on ptolemy.moml.MoMLSimpleApplication@7a2f454a
reloadAllAccessors: .arrayType28

===========================================================================================
----------------- testing Thu Jun 20 13:14:26 UTC 2019 /home/travis/build/icyphy/ptII/ptolemy/actor/lib/test/auto/arrayType3.xml
----------------- Instantiating /home/travis/build/icyphy/ptII/ptolemy/actor/lib/test/auto/arrayType3.xml
1 ms. Memory: 610304K Free: 331797K (54%)
----------------- Invoking toplevel() on ptolemy.moml.MoMLSimpleApplication@323519ac
----------------- Done invoking toplevel() on ptolemy.moml.MoMLSimpleApplication@323519ac
reloadAllAccessors: .arrayType3

===========================================================================================
----------------- testing Thu Jun 20 13:14:26 UTC 2019 /home/travis/build/icyphy/ptII/ptolemy/actor/lib/test/auto/arrayType4.xml
----------------- Instantiating /home/travis/build/icyphy/ptII/ptolemy/actor/lib/test/auto/arrayType4.xml
1 ms. Memory: 610304K Free: 326181K (53%)
----------------- Invoking toplevel() on ptolemy.moml.MoMLSimpleApplication@6fcc13c
----------------- Done invoking toplevel() on ptolemy.moml.MoMLSimpleApplication@6fcc13c
reloadAllAccessors: .arrayType4

===========================================================================================
----------------- testing Thu Jun 20 13:14:26 UTC 2019 /home/travis/build/icyphy/ptII/ptolemy/actor/lib/test/auto/arrayType5.xml
----------------- Instantiating /home/travis/build/icyphy/ptII/ptolemy/actor/lib/test/auto/arrayType5.xml
1 ms. Memory: 610304K Free: 321061K (53%)
----------------- Invoking toplevel() on ptolemy.moml.MoMLSimpleApplication@3a8d41ab
----------------- Done invoking toplevel() on ptolemy.moml.MoMLSimpleApplication@3a8d41ab
reloadAllAccessors: .arrayType5

===========================================================================================
----------------- testing Thu Jun 20 13:14:26 UTC 2019 /home/travis/build/icyphy/ptII/ptolemy/actor/lib/test/auto/arrayType6.xml
----------------- Instantiating /home/travis/build/icyphy/ptII/ptolemy/actor/lib/test/auto/arrayType6.xml
2 ms. Memory: 610304K Free: 315941K (52%)
----------------- Invoking toplevel() on ptolemy.moml.MoMLSimpleApplication@7a9e840f
----------------- Done invoking toplevel() on ptolemy.moml.MoMLSimpleApplication@7a9e840f
reloadAllAccessors: .arrayType6

===========================================================================================
----------------- testing Thu Jun 20 13:14:26 UTC 2019 /home/travis/build/icyphy/ptII/ptolemy/actor/lib/test/auto/arrayType7.xml
----------------- Instantiating /home/travis/build/icyphy/ptII/ptolemy/actor/lib/test/auto/arrayType7.xml
1 ms. Memory: 610304K Free: 311331K (51%)
----------------- Invoking toplevel() on ptolemy.moml.MoMLSimpleApplication@347beb15
----------------- Done invoking toplevel() on ptolemy.moml.MoMLSimpleApplication@347beb15
reloadAllAccessors: .arrayType7

===========================================================================================
----------------- testing Thu Jun 20 13:14:26 UTC 2019 /home/travis/build/icyphy/ptII/ptolemy/actor/lib/test/auto/arrayType8.xml
----------------- Instantiating /home/travis/build/icyphy/ptII/ptolemy/actor/lib/test/auto/arrayType8.xml
2 ms. Memory: 610304K Free: 306725K (50%)
----------------- Invoking toplevel() on ptolemy.moml.MoMLSimpleApplication@55adc3fb
----------------- Done invoking toplevel() on ptolemy.moml.MoMLSimpleApplication@55adc3fb
reloadAllAccessors: .arrayType8

===========================================================================================
----------------- testing Thu Jun 20 13:14:26 UTC 2019 /home/travis/build/icyphy/ptII/ptolemy/actor/lib/test/auto/arrayType9.xml
----------------- Instantiating /home/travis/build/icyphy/ptII/ptolemy/actor/lib/test/auto/arrayType9.xml
2 ms. Memory: 610304K Free: 301605K (49%)
----------------- Invoking toplevel() on ptolemy.moml.MoMLSimpleApplication@3dc2da8b
----------------- Done invoking toplevel() on ptolemy.moml.MoMLSimpleApplication@3dc2da8b
reloadAllAccessors: .arrayType9

===========================================================================================
----------------- testing Thu Jun 20 13:14:26 UTC 2019 /home/travis/build/icyphy/ptII/ptolemy/actor/lib/test/auto/cast.xml
----------------- Instantiating /home/travis/build/icyphy/ptII/ptolemy/actor/lib/test/auto/cast.xml
2 ms. Memory: 610304K Free: 296995K (49%)
----------------- Invoking toplevel() on ptolemy.moml.MoMLSimpleApplication@136c0170
----------------- Done invoking toplevel() on ptolemy.moml.MoMLSimpleApplication@136c0170
reloadAllAccessors: .cast

===========================================================================================
----------------- testing Thu Jun 20 13:14:26 UTC 2019 /home/travis/build/icyphy/ptII/ptolemy/actor/lib/test/auto/compositeMultiPort.xml
----------------- Instantiating /home/travis/build/icyphy/ptII/ptolemy/actor/lib/test/auto/compositeMultiPort.xml
3 ms. Memory: 610304K Free: 287773K (47%)
----------------- Invoking toplevel() on ptolemy.moml.MoMLSimpleApplication@756981fe
----------------- Done invoking toplevel() on ptolemy.moml.MoMLSimpleApplication@756981fe
reloadAllAccessors: .compositeMultiPort

===========================================================================================
----------------- testing Thu Jun 20 13:14:26 UTC 2019 /home/travis/build/icyphy/ptII/ptolemy/actor/lib/test/auto/expressionCastInference.xml
----------------- Instantiating /home/travis/build/icyphy/ptII/ptolemy/actor/lib/test/auto/expressionCastInference.xml
2 ms. Memory: 610304K Free: 283173K (46%)
----------------- Invoking toplevel() on ptolemy.moml.MoMLSimpleApplication@6165260b
----------------- Done invoking toplevel() on ptolemy.moml.MoMLSimpleApplication@6165260b
reloadAllAccessors: .expressionCastInference

===========================================================================================
----------------- testing Thu Jun 20 13:14:26 UTC 2019 /home/travis/build/icyphy/ptII/ptolemy/actor/lib/test/auto/expressionCastInference2.xml
----------------- Instantiating /home/travis/build/icyphy/ptII/ptolemy/actor/lib/test/auto/expressionCastInference2.xml
2 ms. Memory: 610304K Free: 278563K (46%)
----------------- Invoking toplevel() on ptolemy.moml.MoMLSimpleApplication@56c93189
----------------- Done invoking toplevel() on ptolemy.moml.MoMLSimpleApplication@56c93189
reloadAllAccessors: .expressionCastInference2

===========================================================================================
----------------- testing Thu Jun 20 13:14:26 UTC 2019 /home/travis/build/icyphy/ptII/ptolemy/actor/lib/test/auto/expressionInference.xml
----------------- Instantiating /home/travis/build/icyphy/ptII/ptolemy/actor/lib/test/auto/expressionInference.xml
2 ms. Memory: 610304K Free: 273957K (45%)
----------------- Invoking toplevel() on ptolemy.moml.MoMLSimpleApplication@292d9d1a
----------------- Done invoking toplevel() on ptolemy.moml.MoMLSimpleApplication@292d9d1a
reloadAllAccessors: .expressionInference

===========================================================================================
----------------- testing Thu Jun 20 13:14:26 UTC 2019 /home/travis/build/icyphy/ptII/ptolemy/actor/lib/test/auto/expression_bug.xml
----------------- Instantiating /home/travis/build/icyphy/ptII/ptolemy/actor/lib/test/auto/expression_bug.xml
1 ms. Memory: 610304K Free: 269861K (44%)
----------------- Invoking toplevel() on ptolemy.moml.MoMLSimpleApplication@5572c784
----------------- Done invoking toplevel() on ptolemy.moml.MoMLSimpleApplication@5572c784
reloadAllAccessors: .expression_bug

===========================================================================================
----------------- testing Thu Jun 20 13:14:26 UTC 2019 /home/travis/build/icyphy/ptII/ptolemy/actor/lib/test/auto/factorial.xml
----------------- Instantiating /home/travis/build/icyphy/ptII/ptolemy/actor/lib/test/auto/factorial.xml
28 ms. Memory: 610304K Free: 261155K (43%)
----------------- Invoking toplevel() on ptolemy.moml.MoMLSimpleApplication@191937e
----------------- Done invoking toplevel() on ptolemy.moml.MoMLSimpleApplication@191937e
reloadAllAccessors: .factorial

===========================================================================================
----------------- testing Thu Jun 20 13:14:26 UTC 2019 /home/travis/build/icyphy/ptII/ptolemy/actor/lib/test/auto/filterTest1.xml
----------------- Instantiating /home/travis/build/icyphy/ptII/ptolemy/actor/lib/test/auto/filterTest1.xml
3 ms. Memory: 610304K Free: 255525K (42%)
----------------- Invoking toplevel() on ptolemy.moml.MoMLSimpleApplication@73f539be
----------------- Done invoking toplevel() on ptolemy.moml.MoMLSimpleApplication@73f539be
reloadAllAccessors: .filterTest1

===========================================================================================
----------------- testing Thu Jun 20 13:14:26 UTC 2019 /home/travis/build/icyphy/ptII/ptolemy/actor/lib/test/auto/funcApplyInConst.xml
----------------- Instantiating /home/travis/build/icyphy/ptII/ptolemy/actor/lib/test/auto/funcApplyInConst.xml
1 ms. Memory: 610304K Free: 251429K (41%)
----------------- Invoking toplevel() on ptolemy.moml.MoMLSimpleApplication@337d98
----------------- Done invoking toplevel() on ptolemy.moml.MoMLSimpleApplication@337d98
reloadAllAccessors: .funcApplyInConst

===========================================================================================
----------------- testing Thu Jun 20 13:14:26 UTC 2019 /home/travis/build/icyphy/ptII/ptolemy/actor/lib/test/auto/funcApplyInExpr.xml
----------------- Instantiating /home/travis/build/icyphy/ptII/ptolemy/actor/lib/test/auto/funcApplyInExpr.xml
5 ms. Memory: 610304K Free: 247843K (41%)
----------------- Invoking toplevel() on ptolemy.moml.MoMLSimpleApplication@66febe42
----------------- Done invoking toplevel() on ptolemy.moml.MoMLSimpleApplication@66febe42
reloadAllAccessors: .funcApplyInExpr

===========================================================================================
----------------- testing Thu Jun 20 13:14:26 UTC 2019 /home/travis/build/icyphy/ptII/ptolemy/actor/lib/test/auto/function.xml
----------------- Instantiating /home/travis/build/icyphy/ptII/ptolemy/actor/lib/test/auto/function.xml
2 ms. Memory: 610304K Free: 243237K (40%)
----------------- Invoking toplevel() on ptolemy.moml.MoMLSimpleApplication@901f668
----------------- Done invoking toplevel() on ptolemy.moml.MoMLSimpleApplication@901f668
reloadAllAccessors: .function

===========================================================================================
----------------- testing Thu Jun 20 13:14:26 UTC 2019 /home/travis/build/icyphy/ptII/ptolemy/actor/lib/test/auto/function2.xml
----------------- Instantiating /home/travis/build/icyphy/ptII/ptolemy/actor/lib/test/auto/function2.xml
1 ms. Memory: 610304K Free: 238117K (39%)
----------------- Invoking toplevel() on ptolemy.moml.MoMLSimpleApplication@7b0de4b1
----------------- Done invoking toplevel() on ptolemy.moml.MoMLSimpleApplication@7b0de4b1
reloadAllAccessors: .function2

===========================================================================================
----------------- testing Thu Jun 20 13:14:26 UTC 2019 /home/travis/build/icyphy/ptII/ptolemy/actor/lib/test/auto/function3.xml
----------------- Instantiating /home/travis/build/icyphy/ptII/ptolemy/actor/lib/test/auto/function3.xml
2 ms. Memory: 610304K Free: 234531K (38%)
----------------- Invoking toplevel() on ptolemy.moml.MoMLSimpleApplication@22f08be7
----------------- Done invoking toplevel() on ptolemy.moml.MoMLSimpleApplication@22f08be7
reloadAllAccessors: .function3

===========================================================================================
----------------- testing Thu Jun 20 13:14:26 UTC 2019 /home/travis/build/icyphy/ptII/ptolemy/actor/lib/test/auto/functionClosureTest1.xml
----------------- Instantiating /home/travis/build/icyphy/ptII/ptolemy/actor/lib/test/auto/functionClosureTest1.xml
2 ms. Memory: 610304K Free: 228357K (37%)
----------------- Invoking toplevel() on ptolemy.moml.MoMLSimpleApplication@c94b562
----------------- Done invoking toplevel() on ptolemy.moml.MoMLSimpleApplication@c94b562
reloadAllAccessors: .functionClosureTest1

===========================================================================================
----------------- testing Thu Jun 20 13:14:26 UTC 2019 /home/travis/build/icyphy/ptII/ptolemy/actor/lib/test/auto/functionClosureTest2.xml
----------------- Instantiating /home/travis/build/icyphy/ptII/ptolemy/actor/lib/test/auto/functionClosureTest2.xml
1 ms. Memory: 610304K Free: 224805K (37%)
----------------- Invoking toplevel() on ptolemy.moml.MoMLSimpleApplication@8c85fef
----------------- Done invoking toplevel() on ptolemy.moml.MoMLSimpleApplication@8c85fef
reloadAllAccessors: .functionClosureTest2

===========================================================================================
----------------- testing Thu Jun 20 13:14:26 UTC 2019 /home/travis/build/icyphy/ptII/ptolemy/actor/lib/test/auto/functionClosureTest3.xml
----------------- Instantiating /home/travis/build/icyphy/ptII/ptolemy/actor/lib/test/auto/functionClosureTest3.xml
2 ms. Memory: 610304K Free: 552598K (91%)
----------------- Invoking toplevel() on ptolemy.moml.MoMLSimpleApplication@32d5d97f
----------------- Done invoking toplevel() on ptolemy.moml.MoMLSimpleApplication@32d5d97f
reloadAllAccessors: .functionClosureTest3

===========================================================================================
----------------- testing Thu Jun 20 13:14:26 UTC 2019 /home/travis/build/icyphy/ptII/ptolemy/actor/lib/test/auto/functionClosureTest4.xml
----------------- Instantiating /home/travis/build/icyphy/ptII/ptolemy/actor/lib/test/auto/functionClosureTest4.xml
4 ms. Memory: 610304K Free: 546454K (90%)
----------------- Invoking toplevel() on ptolemy.moml.MoMLSimpleApplication@18d9d42d
----------------- Done invoking toplevel() on ptolemy.moml.MoMLSimpleApplication@18d9d42d
reloadAllAccessors: .functionClosureTest4

===========================================================================================
----------------- testing Thu Jun 20 13:14:26 UTC 2019 /home/travis/build/icyphy/ptII/ptolemy/actor/lib/test/auto/functionClosureTest5.xml
----------------- Instantiating /home/travis/build/icyphy/ptII/ptolemy/actor/lib/test/auto/functionClosureTest5.xml
6 ms. Memory: 610304K Free: 540820K (89%)
----------------- Invoking toplevel() on ptolemy.moml.MoMLSimpleApplication@f1727a
----------------- Done invoking toplevel() on ptolemy.moml.MoMLSimpleApplication@f1727a
reloadAllAccessors: .functionClosureTest5

===========================================================================================
----------------- testing Thu Jun 20 13:14:26 UTC 2019 /home/travis/build/icyphy/ptII/ptolemy/actor/lib/test/auto/functionClosureTest6.xml
----------------- Instantiating /home/travis/build/icyphy/ptII/ptolemy/actor/lib/test/auto/functionClosureTest6.xml
22 ms. Memory: 610304K Free: 536214K (88%)
----------------- Invoking toplevel() on ptolemy.moml.MoMLSimpleApplication@7b8e1c5c
----------------- Done invoking toplevel() on ptolemy.moml.MoMLSimpleApplication@7b8e1c5c
reloadAllAccessors: .functionClosureTest6

===========================================================================================
----------------- testing Thu Jun 20 13:14:26 UTC 2019 /home/travis/build/icyphy/ptII/ptolemy/actor/lib/test/auto/functionsOnArcs.xml
----------------- Instantiating /home/travis/build/icyphy/ptII/ptolemy/actor/lib/test/auto/functionsOnArcs.xml
3 ms. Memory: 610304K Free: 530580K (87%)
----------------- Invoking toplevel() on ptolemy.moml.MoMLSimpleApplication@696e662a
----------------- Done invoking toplevel() on ptolemy.moml.MoMLSimpleApplication@696e662a
reloadAllAccessors: .functionsOnArcs

===========================================================================================
----------------- testing Thu Jun 20 13:14:26 UTC 2019 /home/travis/build/icyphy/ptII/ptolemy/actor/lib/test/auto/functionsOnArcsHOF.xml
----------------- Instantiating /home/travis/build/icyphy/ptII/ptolemy/actor/lib/test/auto/functionsOnArcsHOF.xml
3 ms. Memory: 610304K Free: 524950K (86%)
----------------- Invoking toplevel() on ptolemy.moml.MoMLSimpleApplication@79b27ca5
----------------- Done invoking toplevel() on ptolemy.moml.MoMLSimpleApplication@79b27ca5
reloadAllAccessors: .functionsOnArcsHOF

===========================================================================================
----------------- testing Thu Jun 20 13:14:26 UTC 2019 /home/travis/build/icyphy/ptII/ptolemy/actor/lib/test/auto/logic.xml
----------------- Instantiating /home/travis/build/icyphy/ptII/ptolemy/actor/lib/test/auto/logic.xml
1 ms. Memory: 610304K Free: 517782K (85%)
----------------- Invoking toplevel() on ptolemy.moml.MoMLSimpleApplication@43a63aa6
----------------- Done invoking toplevel() on ptolemy.moml.MoMLSimpleApplication@43a63aa6
reloadAllAccessors: .logic

===========================================================================================
----------------- testing Thu Jun 20 13:14:26 UTC 2019 /home/travis/build/icyphy/ptII/ptolemy/actor/lib/test/auto/matrixType.xml
----------------- Instantiating /home/travis/build/icyphy/ptII/ptolemy/actor/lib/test/auto/matrixType.xml
1 ms. Memory: 610304K Free: 512148K (84%)
----------------- Invoking toplevel() on ptolemy.moml.MoMLSimpleApplication@7a68972a
----------------- Done invoking toplevel() on ptolemy.moml.MoMLSimpleApplication@7a68972a
reloadAllAccessors: .matrixType

===========================================================================================
----------------- testing Thu Jun 20 13:14:26 UTC 2019 /home/travis/build/icyphy/ptII/ptolemy/actor/lib/test/auto/matrixType10.xml
----------------- Instantiating /home/travis/build/icyphy/ptII/ptolemy/actor/lib/test/auto/matrixType10.xml
2 ms. Memory: 610304K Free: 507542K (83%)
----------------- Invoking toplevel() on ptolemy.moml.MoMLSimpleApplication@fc5dd3f
----------------- Done invoking toplevel() on ptolemy.moml.MoMLSimpleApplication@fc5dd3f
reloadAllAccessors: .matrixType10

===========================================================================================
----------------- testing Thu Jun 20 13:14:26 UTC 2019 /home/travis/build/icyphy/ptII/ptolemy/actor/lib/test/auto/matrixType11.xml
----------------- Instantiating /home/travis/build/icyphy/ptII/ptolemy/actor/lib/test/auto/matrixType11.xml
2 ms. Memory: 610304K Free: 502422K (82%)
----------------- Invoking toplevel() on ptolemy.moml.MoMLSimpleApplication@3c4eafe9
----------------- Done invoking toplevel() on ptolemy.moml.MoMLSimpleApplication@3c4eafe9
reloadAllAccessors: .matrixType11

===========================================================================================
----------------- testing Thu Jun 20 13:14:26 UTC 2019 /home/travis/build/icyphy/ptII/ptolemy/actor/lib/test/auto/matrixType12.xml
----------------- Instantiating /home/travis/build/icyphy/ptII/ptolemy/actor/lib/test/auto/matrixType12.xml
1 ms. Memory: 610304K Free: 497812K (82%)
----------------- Invoking toplevel() on ptolemy.moml.MoMLSimpleApplication@2005a3fd
----------------- Done invoking toplevel() on ptolemy.moml.MoMLSimpleApplication@2005a3fd
reloadAllAccessors: .matrixType12

===========================================================================================
----------------- testing Thu Jun 20 13:14:26 UTC 2019 /home/travis/build/icyphy/ptII/ptolemy/actor/lib/test/auto/matrixType13.xml
----------------- Instantiating /home/travis/build/icyphy/ptII/ptolemy/actor/lib/test/auto/matrixType13.xml
1 ms. Memory: 610304K Free: 492692K (81%)
----------------- Invoking toplevel() on ptolemy.moml.MoMLSimpleApplication@7f7c7932
----------------- Done invoking toplevel() on ptolemy.moml.MoMLSimpleApplication@7f7c7932
reloadAllAccessors: .matrixType13

===========================================================================================
----------------- testing Thu Jun 20 13:14:26 UTC 2019 /home/travis/build/icyphy/ptII/ptolemy/actor/lib/test/auto/matrixType14.xml
----------------- Instantiating /home/travis/build/icyphy/ptII/ptolemy/actor/lib/test/auto/matrixType14.xml
1 ms. Memory: 610304K Free: 487572K (80%)
----------------- Invoking toplevel() on ptolemy.moml.MoMLSimpleApplication@ebd340e
----------------- Done invoking toplevel() on ptolemy.moml.MoMLSimpleApplication@ebd340e
reloadAllAccessors: .matrixType14

===========================================================================================
----------------- testing Thu Jun 20 13:14:26 UTC 2019 /home/travis/build/icyphy/ptII/ptolemy/actor/lib/test/auto/matrixType2.xml
----------------- Instantiating /home/travis/build/icyphy/ptII/ptolemy/actor/lib/test/auto/matrixType2.xml
1 ms. Memory: 610304K Free: 482452K (79%)
----------------- Invoking toplevel() on ptolemy.moml.MoMLSimpleApplication@2ce921ac
----------------- Done invoking toplevel() on ptolemy.moml.MoMLSimpleApplication@2ce921ac
reloadAllAccessors: .matrixType2

===========================================================================================
----------------- testing Thu Jun 20 13:14:26 UTC 2019 /home/travis/build/icyphy/ptII/ptolemy/actor/lib/test/auto/matrixType3.xml
----------------- Instantiating /home/travis/build/icyphy/ptII/ptolemy/actor/lib/test/auto/matrixType3.xml
3 ms. Memory: 610304K Free: 477846K (78%)
----------------- Invoking toplevel() on ptolemy.moml.MoMLSimpleApplication@1e76447b
----------------- Done invoking toplevel() on ptolemy.moml.MoMLSimpleApplication@1e76447b
reloadAllAccessors: .matrixType3

===========================================================================================
----------------- testing Thu Jun 20 13:14:26 UTC 2019 /home/travis/build/icyphy/ptII/ptolemy/actor/lib/test/auto/matrixType4.xml
----------------- Instantiating /home/travis/build/icyphy/ptII/ptolemy/actor/lib/test/auto/matrixType4.xml
1 ms. Memory: 610304K Free: 472726K (77%)
----------------- Invoking toplevel() on ptolemy.moml.MoMLSimpleApplication@31db6d30
----------------- Done invoking toplevel() on ptolemy.moml.MoMLSimpleApplication@31db6d30
reloadAllAccessors: .matrixType4

===========================================================================================
----------------- testing Thu Jun 20 13:14:27 UTC 2019 /home/travis/build/icyphy/ptII/ptolemy/actor/lib/test/auto/matrixType5.xml
----------------- Instantiating /home/travis/build/icyphy/ptII/ptolemy/actor/lib/test/auto/matrixType5.xml
1 ms. Memory: 610304K Free: 468116K (77%)
----------------- Invoking toplevel() on ptolemy.moml.MoMLSimpleApplication@40473d8c
----------------- Done invoking toplevel() on ptolemy.moml.MoMLSimpleApplication@40473d8c
reloadAllAccessors: .matrixType5

===========================================================================================
----------------- testing Thu Jun 20 13:14:27 UTC 2019 /home/travis/build/icyphy/ptII/ptolemy/actor/lib/test/auto/matrixType6.xml
----------------- Instantiating /home/travis/build/icyphy/ptII/ptolemy/actor/lib/test/auto/matrixType6.xml
1 ms. Memory: 610304K Free: 462996K (76%)
----------------- Invoking toplevel() on ptolemy.moml.MoMLSimpleApplication@717e7ed8
----------------- Done invoking toplevel() on ptolemy.moml.MoMLSimpleApplication@717e7ed8
reloadAllAccessors: .matrixType6

===========================================================================================
----------------- testing Thu Jun 20 13:14:27 UTC 2019 /home/travis/build/icyphy/ptII/ptolemy/actor/lib/test/auto/matrixType7.xml
----------------- Instantiating /home/travis/build/icyphy/ptII/ptolemy/actor/lib/test/auto/matrixType7.xml
1 ms. Memory: 610304K Free: 458390K (75%)
----------------- Invoking toplevel() on ptolemy.moml.MoMLSimpleApplication@70943ab3
----------------- Done invoking toplevel() on ptolemy.moml.MoMLSimpleApplication@70943ab3
reloadAllAccessors: .matrixType7

===========================================================================================
----------------- testing Thu Jun 20 13:14:27 UTC 2019 /home/travis/build/icyphy/ptII/ptolemy/actor/lib/test/auto/matrixType8.xml
----------------- Instantiating /home/travis/build/icyphy/ptII/ptolemy/actor/lib/test/auto/matrixType8.xml
2 ms. Memory: 610304K Free: 453270K (74%)
----------------- Invoking toplevel() on ptolemy.moml.MoMLSimpleApplication@5197c8d0
----------------- Done invoking toplevel() on ptolemy.moml.MoMLSimpleApplication@5197c8d0
reloadAllAccessors: .matrixType8

===========================================================================================
----------------- testing Thu Jun 20 13:14:27 UTC 2019 /home/travis/build/icyphy/ptII/ptolemy/actor/lib/test/auto/matrixType9.xml
----------------- Instantiating /home/travis/build/icyphy/ptII/ptolemy/actor/lib/test/auto/matrixType9.xml
1 ms. Memory: 610304K Free: 448660K (74%)
----------------- Invoking toplevel() on ptolemy.moml.MoMLSimpleApplication@13868e67
----------------- Done invoking toplevel() on ptolemy.moml.MoMLSimpleApplication@13868e67
reloadAllAccessors: .matrixType9

===========================================================================================
----------------- testing Thu Jun 20 13:14:27 UTC 2019 /home/travis/build/icyphy/ptII/ptolemy/actor/lib/test/auto/paraFunctest.xml
----------------- Instantiating /home/travis/build/icyphy/ptII/ptolemy/actor/lib/test/auto/paraFunctest.xml
1 ms. Memory: 610304K Free: 444054K (73%)
----------------- Invoking toplevel() on ptolemy.moml.MoMLSimpleApplication@406792b0
----------------- Done invoking toplevel() on ptolemy.moml.MoMLSimpleApplication@406792b0
reloadAllAccessors: .paraFunctest

===========================================================================================
----------------- testing Thu Jun 20 13:14:27 UTC 2019 /home/travis/build/icyphy/ptII/ptolemy/actor/lib/test/auto/paraFunctest2.xml
----------------- Instantiating /home/travis/build/icyphy/ptII/ptolemy/actor/lib/test/auto/paraFunctest2.xml
1 ms. Memory: 610304K Free: 439444K (72%)
----------------- Invoking toplevel() on ptolemy.moml.MoMLSimpleApplication@4ab14635
----------------- Done invoking toplevel() on ptolemy.moml.MoMLSimpleApplication@4ab14635
reloadAllAccessors: .paraFunctest2

===========================================================================================
----------------- testing Thu Jun 20 13:14:27 UTC 2019 /home/travis/build/icyphy/ptII/ptolemy/actor/lib/test/auto/parameterPassing.xml
----------------- Instantiating /home/travis/build/icyphy/ptII/ptolemy/actor/lib/test/auto/parameterPassing.xml
1 ms. Memory: 610304K Free: 434838K (71%)
----------------- Invoking toplevel() on ptolemy.moml.MoMLSimpleApplication@1a556b61
----------------- Done invoking toplevel() on ptolemy.moml.MoMLSimpleApplication@1a556b61
reloadAllAccessors: .parameterPassing

===========================================================================================
----------------- testing Thu Jun 20 13:14:27 UTC 2019 /home/travis/build/icyphy/ptII/ptolemy/actor/lib/test/auto/record.xml
----------------- Instantiating /home/travis/build/icyphy/ptII/ptolemy/actor/lib/test/auto/record.xml
2 ms. Memory: 610304K Free: 430228K (70%)
----------------- Invoking toplevel() on ptolemy.moml.MoMLSimpleApplication@155418f
----------------- Done invoking toplevel() on ptolemy.moml.MoMLSimpleApplication@155418f
reloadAllAccessors: .record

===========================================================================================
----------------- testing Thu Jun 20 13:14:27 UTC 2019 /home/travis/build/icyphy/ptII/ptolemy/actor/lib/test/auto/sizedarray1.xml
----------------- Instantiating /home/travis/build/icyphy/ptII/ptolemy/actor/lib/test/auto/sizedarray1.xml
2 ms. Memory: 610304K Free: 424598K (70%)
----------------- Invoking toplevel() on ptolemy.moml.MoMLSimpleApplication@51d3999e
----------------- Done invoking toplevel() on ptolemy.moml.MoMLSimpleApplication@51d3999e
reloadAllAccessors: .sizedarray1

===========================================================================================
----------------- testing Thu Jun 20 13:14:27 UTC 2019 /home/travis/build/icyphy/ptII/ptolemy/actor/lib/test/auto/sizedarray2.xml
----------------- Instantiating /home/travis/build/icyphy/ptII/ptolemy/actor/lib/test/auto/sizedarray2.xml
2 ms. Memory: 610304K Free: 419478K (69%)
----------------- Invoking toplevel() on ptolemy.moml.MoMLSimpleApplication@1f587704
----------------- Done invoking toplevel() on ptolemy.moml.MoMLSimpleApplication@1f587704
reloadAllAccessors: .sizedarray2

===========================================================================================
----------------- testing Thu Jun 20 13:14:27 UTC 2019 /home/travis/build/icyphy/ptII/ptolemy/actor/lib/test/auto/twoPublishers.xml
----------------- Instantiating /home/travis/build/icyphy/ptII/ptolemy/actor/lib/test/auto/twoPublishers.xml
7 ms. Memory: 610304K Free: 408214K (67%)
----------------- Invoking toplevel() on ptolemy.moml.MoMLSimpleApplication@1f467723
----------------- Done invoking toplevel() on ptolemy.moml.MoMLSimpleApplication@1f467723
reloadAllAccessors: .twoPublishers
AutoTests.java: About to close Vertx.
AutoTests.java: Vertx closed.
]]></system-out>
  <system-err><![CDATA[java.lang.RuntimeException: Execution failed
	at ptolemy.moml.MoMLSimpleApplication$UnloadThread.run(MoMLSimpleApplication.java:402)
Caused by: java.lang.RuntimeException: StringUtilities.exit() was called. Normally, we would exit here because Manager.exitAfterWrapup() was called.  However, because the ptolemy.ptII.exitAfterWrapup property is set, we throw this exception instead.
	at ptolemy.util.StringUtilities.exit(StringUtilities.java:363)
	at ptolemy.actor.Manager.wrapup(Manager.java:1531)
	at ptolemy.actor.Manager.execute(Manager.java:407)
	at ptolemy.actor.Manager.run(Manager.java:1263)
	at ptolemy.actor.Manager$PtolemyRunThread.run(Manager.java:1915)
Warning: '.top.test' is in training mode, set the trainingMode parameter to false before checking in
Warning: '.top.test' is in training mode, set the trainingMode parameter to false before checking in
Warning: '.top.test' is in training mode, set the trainingMode parameter to false before checking in
Warning: '.BooleanSwitch_RegressionTest_WrongTrainingValues.Test' is in training mode, set the trainingMode parameter to false before checking in
Warning: '.BooleanSwitch_RegressionTest_WrongTrainingValues.Test2' is in training mode, set the trainingMode parameter to false before checking in
Warning: '.BooleanSwitch_RegressionTest_WrongTrainingValues.Test2' The test produced 0 tokens.
Warning: '.top.testExceptionHandler' is in training mode, set the trainingMode parameter to false before checking in
java.lang.RuntimeException: Execution failed
	at ptolemy.moml.MoMLSimpleApplication$UnloadThread.run(MoMLSimpleApplication.java:402)
Caused by: ptolemy.kernel.util.IllegalActionException: PublisherPorts cannot be used at the top level, use a Publisher actor instead.
  in .PublisherPortToplevelSubscriber.PublisherPort
	at ptolemy.actor.PublisherPort.preinitialize(PublisherPort.java:403)
	at ptolemy.actor.CompositeActor.preinitialize(CompositeActor.java:1769)
	at ptolemy.actor.Manager.preinitializeAndResolveTypes(Manager.java:1040)
	at ptolemy.actor.Manager.initialize(Manager.java:710)
	at ptolemy.actor.Manager.execute(Manager.java:356)
	at ptolemy.actor.Manager.run(Manager.java:1263)
	at ptolemy.actor.Manager$PtolemyRunThread.run(Manager.java:1915)
java.lang.reflect.InvocationTargetException
	at java.base/jdk.internal.reflect.NativeConstructorAccessorImpl.newInstance0(Native Method)
	at java.base/jdk.internal.reflect.NativeConstructorAccessorImpl.newInstance(NativeConstructorAccessorImpl.java:62)
	at java.base/jdk.internal.reflect.DelegatingConstructorAccessorImpl.newInstance(DelegatingConstructorAccessorImpl.java:45)
	at java.base/java.lang.reflect.Constructor.newInstance(Constructor.java:490)
	at ptolemy.util.test.junit.AutoKnownFailedTests.RunModel(AutoKnownFailedTests.java:105)
	at java.base/jdk.internal.reflect.NativeMethodAccessorImpl.invoke0(Native Method)
	at java.base/jdk.internal.reflect.NativeMethodAccessorImpl.invoke(NativeMethodAccessorImpl.java:62)
	at java.base/jdk.internal.reflect.DelegatingMethodAccessorImpl.invoke(DelegatingMethodAccessorImpl.java:43)
	at java.base/java.lang.reflect.Method.invoke(Method.java:566)
	at org.junit.runners.model.FrameworkMethod$1.runReflectiveCall(FrameworkMethod.java:44)
	at org.junit.internal.runners.model.ReflectiveCallable.run(ReflectiveCallable.java:15)
	at org.junit.runners.model.FrameworkMethod.invokeExplosively(FrameworkMethod.java:41)
	at junitparams.internal.InvokeParameterisedMethod.evaluate(InvokeParameterisedMethod.java:102)
	at org.junit.internal.runners.statements.FailOnTimeout$1.run(FailOnTimeout.java:28)
Caused by: ptolemy.kernel.util.IllegalActionException: PublisherPorts cannot be used at the top level, use a Publisher actor instead.
  in .PublisherPortToplevelSubscriber.PublisherPort
	at ptolemy.actor.PublisherPort.preinitialize(PublisherPort.java:403)
	at ptolemy.actor.CompositeActor.preinitialize(CompositeActor.java:1769)
	at ptolemy.actor.Manager.preinitializeAndResolveTypes(Manager.java:1040)
	at ptolemy.actor.Manager.initialize(Manager.java:710)
	at ptolemy.actor.Manager.execute(Manager.java:356)
	at ptolemy.actor.Manager.run(Manager.java:1263)
	at ptolemy.actor.Manager$PtolemyRunThread.run(Manager.java:1915)
java.lang.RuntimeException: Execution failed
	at ptolemy.moml.MoMLSimpleApplication$UnloadThread.run(MoMLSimpleApplication.java:402)
Caused by: ptolemy.kernel.util.IllegalActionException: SubscriberPorts cannot be used at the top level, use a Subscriber actor instead.
  in .PublisherSubscriberPortToplevel.SubscriberPort
	at ptolemy.actor.SubscriberPort.preinitialize(SubscriberPort.java:328)
	at ptolemy.actor.CompositeActor.preinitialize(CompositeActor.java:1769)
	at ptolemy.actor.Manager.preinitializeAndResolveTypes(Manager.java:1040)
	at ptolemy.actor.Manager.initialize(Manager.java:710)
	at ptolemy.actor.Manager.execute(Manager.java:356)
	at ptolemy.actor.Manager.run(Manager.java:1263)
	at ptolemy.actor.Manager$PtolemyRunThread.run(Manager.java:1915)
java.lang.reflect.InvocationTargetException
	at java.base/jdk.internal.reflect.NativeConstructorAccessorImpl.newInstance0(Native Method)
	at java.base/jdk.internal.reflect.NativeConstructorAccessorImpl.newInstance(NativeConstructorAccessorImpl.java:62)
	at java.base/jdk.internal.reflect.DelegatingConstructorAccessorImpl.newInstance(DelegatingConstructorAccessorImpl.java:45)
	at java.base/java.lang.reflect.Constructor.newInstance(Constructor.java:490)
	at ptolemy.util.test.junit.AutoKnownFailedTests.RunModel(AutoKnownFailedTests.java:105)
	at java.base/jdk.internal.reflect.NativeMethodAccessorImpl.invoke0(Native Method)
	at java.base/jdk.internal.reflect.NativeMethodAccessorImpl.invoke(NativeMethodAccessorImpl.java:62)
	at java.base/jdk.internal.reflect.DelegatingMethodAccessorImpl.invoke(DelegatingMethodAccessorImpl.java:43)
	at java.base/java.lang.reflect.Method.invoke(Method.java:566)
	at org.junit.runners.model.FrameworkMethod$1.runReflectiveCall(FrameworkMethod.java:44)
	at org.junit.internal.runners.model.ReflectiveCallable.run(ReflectiveCallable.java:15)
	at org.junit.runners.model.FrameworkMethod.invokeExplosively(FrameworkMethod.java:41)
	at junitparams.internal.InvokeParameterisedMethod.evaluate(InvokeParameterisedMethod.java:102)
	at org.junit.internal.runners.statements.FailOnTimeout$1.run(FailOnTimeout.java:28)
Caused by: ptolemy.kernel.util.IllegalActionException: SubscriberPorts cannot be used at the top level, use a Subscriber actor instead.
  in .PublisherSubscriberPortToplevel.SubscriberPort
	at ptolemy.actor.SubscriberPort.preinitialize(SubscriberPort.java:328)
	at ptolemy.actor.CompositeActor.preinitialize(CompositeActor.java:1769)
	at ptolemy.actor.Manager.preinitializeAndResolveTypes(Manager.java:1040)
	at ptolemy.actor.Manager.initialize(Manager.java:710)
	at ptolemy.actor.Manager.execute(Manager.java:356)
	at ptolemy.actor.Manager.run(Manager.java:1263)
	at ptolemy.actor.Manager$PtolemyRunThread.run(Manager.java:1915)
java.lang.RuntimeException: Execution failed
	at ptolemy.moml.MoMLSimpleApplication$UnloadThread.run(MoMLSimpleApplication.java:402)
Caused by: ptolemy.kernel.util.IllegalActionException: SubscriptionAggregatorPorts cannot be used at the top level, use a SubscriptionAggregator actor instead.
  in .PublisherSubscriptionAggregatorPort.SubscriptionAggregatorPort
	at ptolemy.actor.SubscriptionAggregatorPort.preinitialize(SubscriptionAggregatorPort.java:353)
	at ptolemy.actor.CompositeActor.preinitialize(CompositeActor.java:1769)
	at ptolemy.actor.Manager.preinitializeAndResolveTypes(Manager.java:1040)
	at ptolemy.actor.Manager.initialize(Manager.java:710)
	at ptolemy.actor.Manager.execute(Manager.java:356)
	at ptolemy.actor.Manager.run(Manager.java:1263)
	at ptolemy.actor.Manager$PtolemyRunThread.run(Manager.java:1915)
java.lang.reflect.InvocationTargetException
	at java.base/jdk.internal.reflect.NativeConstructorAccessorImpl.newInstance0(Native Method)
	at java.base/jdk.internal.reflect.NativeConstructorAccessorImpl.newInstance(NativeConstructorAccessorImpl.java:62)
	at java.base/jdk.internal.reflect.DelegatingConstructorAccessorImpl.newInstance(DelegatingConstructorAccessorImpl.java:45)
	at java.base/java.lang.reflect.Constructor.newInstance(Constructor.java:490)
	at ptolemy.util.test.junit.AutoKnownFailedTests.RunModel(AutoKnownFailedTests.java:105)
	at java.base/jdk.internal.reflect.NativeMethodAccessorImpl.invoke0(Native Method)
	at java.base/jdk.internal.reflect.NativeMethodAccessorImpl.invoke(NativeMethodAccessorImpl.java:62)
	at java.base/jdk.internal.reflect.DelegatingMethodAccessorImpl.invoke(DelegatingMethodAccessorImpl.java:43)
	at java.base/java.lang.reflect.Method.invoke(Method.java:566)
	at org.junit.runners.model.FrameworkMethod$1.runReflectiveCall(FrameworkMethod.java:44)
	at org.junit.internal.runners.model.ReflectiveCallable.run(ReflectiveCallable.java:15)
	at org.junit.runners.model.FrameworkMethod.invokeExplosively(FrameworkMethod.java:41)
	at junitparams.internal.InvokeParameterisedMethod.evaluate(InvokeParameterisedMethod.java:102)
	at org.junit.internal.runners.statements.FailOnTimeout$1.run(FailOnTimeout.java:28)
Caused by: ptolemy.kernel.util.IllegalActionException: SubscriptionAggregatorPorts cannot be used at the top level, use a SubscriptionAggregator actor instead.
  in .PublisherSubscriptionAggregatorPort.SubscriptionAggregatorPort
	at ptolemy.actor.SubscriptionAggregatorPort.preinitialize(SubscriptionAggregatorPort.java:353)
	at ptolemy.actor.CompositeActor.preinitialize(CompositeActor.java:1769)
	at ptolemy.actor.Manager.preinitializeAndResolveTypes(Manager.java:1040)
	at ptolemy.actor.Manager.initialize(Manager.java:710)
	at ptolemy.actor.Manager.execute(Manager.java:356)
	at ptolemy.actor.Manager.run(Manager.java:1263)
	at ptolemy.actor.Manager$PtolemyRunThread.run(Manager.java:1915)
java.lang.RuntimeException: Execution failed
	at ptolemy.moml.MoMLSimpleApplication$UnloadThread.run(MoMLSimpleApplication.java:402)
Caused by: ptolemy.kernel.util.IllegalActionException: TypeTest actor has no training data.
  in .sizedarray3.TypeTest
	at ptolemy.actor.lib.TypeTest.initialize(TypeTest.java:250)
	at ptolemy.actor.Director.initialize(Director.java:938)
	at ptolemy.actor.Director.initialize(Director.java:907)
	at ptolemy.actor.sched.StaticSchedulingDirector.initialize(StaticSchedulingDirector.java:159)
	at ptolemy.domains.sdf.kernel.SDFDirector.initialize(SDFDirector.java:544)
	at ptolemy.actor.CompositeActor.initialize(CompositeActor.java:935)
	at ptolemy.actor.Manager.initialize(Manager.java:724)
	at ptolemy.actor.Manager.execute(Manager.java:356)
	at ptolemy.actor.Manager.run(Manager.java:1263)
	at ptolemy.actor.Manager$PtolemyRunThread.run(Manager.java:1915)
java.lang.reflect.InvocationTargetException
	at java.base/jdk.internal.reflect.NativeConstructorAccessorImpl.newInstance0(Native Method)
	at java.base/jdk.internal.reflect.NativeConstructorAccessorImpl.newInstance(NativeConstructorAccessorImpl.java:62)
	at java.base/jdk.internal.reflect.DelegatingConstructorAccessorImpl.newInstance(DelegatingConstructorAccessorImpl.java:45)
	at java.base/java.lang.reflect.Constructor.newInstance(Constructor.java:490)
	at ptolemy.util.test.junit.AutoKnownFailedTests.RunModel(AutoKnownFailedTests.java:105)
	at java.base/jdk.internal.reflect.NativeMethodAccessorImpl.invoke0(Native Method)
	at java.base/jdk.internal.reflect.NativeMethodAccessorImpl.invoke(NativeMethodAccessorImpl.java:62)
	at java.base/jdk.internal.reflect.DelegatingMethodAccessorImpl.invoke(DelegatingMethodAccessorImpl.java:43)
	at java.base/java.lang.reflect.Method.invoke(Method.java:566)
	at org.junit.runners.model.FrameworkMethod$1.runReflectiveCall(FrameworkMethod.java:44)
	at org.junit.internal.runners.model.ReflectiveCallable.run(ReflectiveCallable.java:15)
	at org.junit.runners.model.FrameworkMethod.invokeExplosively(FrameworkMethod.java:41)
	at junitparams.internal.InvokeParameterisedMethod.evaluate(InvokeParameterisedMethod.java:102)
	at org.junit.internal.runners.statements.FailOnTimeout$1.run(FailOnTimeout.java:28)
Caused by: ptolemy.kernel.util.IllegalActionException: TypeTest actor has no training data.
  in .sizedarray3.TypeTest
	at ptolemy.actor.lib.TypeTest.initialize(TypeTest.java:250)
	at ptolemy.actor.Director.initialize(Director.java:938)
	at ptolemy.actor.Director.initialize(Director.java:907)
	at ptolemy.actor.sched.StaticSchedulingDirector.initialize(StaticSchedulingDirector.java:159)
	at ptolemy.domains.sdf.kernel.SDFDirector.initialize(SDFDirector.java:544)
	at ptolemy.actor.CompositeActor.initialize(CompositeActor.java:935)
	at ptolemy.actor.Manager.initialize(Manager.java:724)
	at ptolemy.actor.Manager.execute(Manager.java:356)
	at ptolemy.actor.Manager.run(Manager.java:1263)
	at ptolemy.actor.Manager$PtolemyRunThread.run(Manager.java:1915)
java.lang.RuntimeException: Execution failed
	at ptolemy.moml.MoMLSimpleApplication$UnloadThread.run(MoMLSimpleApplication.java:402)
Caused by: ptolemy.kernel.util.IllegalActionException: Test fails in iteration 0.
Value was: "WARNING: An illegal reflective access operation has occurred\nWARNING: Illegal reflective access by io.netty.util.internal.ReflectionUtil (file:/home/travis/build/icyphy/ptII/lib/netty-common-4.1.19.Final.jar) to constructor java.nio.DirectByteBuffer(long,int)\nWARNING: Please consider reporting this to the maintainers of io.netty.util.internal.ReflectionUtil\nWARNING: Use --illegal-access=warn to enable warnings of further illegal reflective access operations\nWARNING: All illegal access operations will be denied in a future release\n". Should have been: ""
  in .ExecRunDemos.Test
	at ptolemy.actor.lib.Test.fire(Test.java:268)
	at ptolemy.actor.AtomicActor.iterate(AtomicActor.java:512)
	at ptolemy.actor.sched.StaticSchedulingDirector.fire(StaticSchedulingDirector.java:216)
	at ptolemy.domains.sdf.kernel.SDFDirector.fire(SDFDirector.java:500)
	at ptolemy.actor.CompositeActor.fire(CompositeActor.java:455)
	at ptolemy.actor.Manager.iterate(Manager.java:851)
	at ptolemy.actor.Manager.execute(Manager.java:369)
	at ptolemy.actor.Manager.run(Manager.java:1263)
	at ptolemy.actor.Manager$PtolemyRunThread.run(Manager.java:1915)
]]></system-err>
</testsuite>
