<?xml version="1.0" encoding="UTF-8" ?>
<testsuite errors="0" failures="0" hostname="travis-job-f1f6b014-eb46-4a59-9cf4-388bce23d48d" name="ptolemy.actor.lib.test.junit.JUnitTclTest" skipped="0" tests="518" time="61.292" timestamp="2018-06-02T17:40:43">
  <properties>
    <property name="npm.executable" value="npm" />
    <property name="file.encoding.pkg" value="sun.io" />
    <property name="ptII.mk.exists" value="true" />
    <property name="env.rvm_bin_path" value="/home/travis/.rvm/bin" />
    <property name="java.home" value="/usr/lib/jvm/java-8-oracle/jre" />
    <property name="env.TRAVIS_JOB_NUMBER" value="514.7" />
    <property name="env.DISPLAY" value=":99.0" />
    <property name="java.net.preferIPv4Stack" value="true" />
    <property name="env.SSH_TTY" value="/dev/pts/0" />
    <property name="env.RUN_TESTS" value="true" />
    <property name="timeout.short" value="1000000" />
    <property name="env.TRAVIS_STACK_NODE_ATTRIBUTES" value="/.node-attributes.yml" />
    <property name="junit.formatter" value="xml" />
    <property name="java.endorsed.dirs" value="/usr/lib/jvm/java-8-oracle/jre/lib/endorsed" />
    <property name="env.TRAVIS_SUDO" value="true" />
    <property name="env.LOGNAME" value="travis" />
    <property name="env.PT_TRAVIS_TEST_CORE1_XML" value="true" />
    <property name="jsdoc.home" value="node_modules/@terraswarm/jsdoc" />
    <property name="debuglevel" value="source,lines,vars" />
    <property name="checkstyle.formatter" value="xml" />
    <property name="bin.vergil.makeable" value="true" />
    <property name="env._system_version" value="14.04" />
    <property name="sun.os.patch.level" value="unknown" />
    <property name="java.vendor.url" value="http://java.oracle.com/" />
    <property name="java.version" value="1.8.0_151" />
    <property name="env.TZ" value="UTC" />
    <property name="env.PT_NO_NET" value="true" />
    <property name="env.TRAVIS_PULL_REQUEST_SHA" value="" />
    <property name="env.TRAVIS_SECURE_ENV_VARS" value="true" />
    <property name="env._system_type" value="Linux" />
    <property name="java.vendor.url.bug" value="http://bugreport.sun.com/bugreport/" />
    <property name="env.SSH_CLIENT" value="10.10.4.40 44832 22" />
    <property name="npmjs-org-is-up" value="true" />
    <property name="env.GEM_HOME" value="/home/travis/.rvm/gems/ruby-2.4.1" />
    <property name="env.HAS_ANTARES_THREE_LITTLE_FRONZIES_BADGE" value="true" />
    <property name="env.PS4" value="+" />
    <property name="ant.project.invoked-targets" value="build,test.core1.xml" />
    <property name="env.TRAVIS_PULL_REQUEST_BRANCH" value="" />
    <property name="env.TRAVIS_REPO_SLUG" value="icyphy/ptII" />
    <property name="node.in.path" value="true" />
    <property name="java.maxmemory" value="1400m" />
    <property name="env.RUBY_VERSION" value="ruby-2.4.1" />
    <property name="user.name" value="travis" />
    <property name="env.LANG" value="en_US.UTF-8" />
    <property name="sun.io.unicode.encoding" value="UnicodeLittle" />
    <property name="sun.jnu.encoding" value="UTF-8" />
    <property name="java.runtime.name" value="Java(TM) SE Runtime Environment" />
    <property name="usefile" value="false" />
    <property name="return.code" value="0" />
    <property name="junit.single.formatter" value="plain" />
    <property name="env.DYLD_LIBRARY_PATH" value="/home/travis/pthla/certi-tools/lib:" />
    <property name="env.DEBIAN_FRONTEND" value="noninteractive" />
    <property name="env.SSH_CONNECTION" value="10.10.4.40 44832 10.20.255.10 22" />
    <property name="env.MYSQL_UNIX_PORT" value="/var/run/mysqld/mysqld.sock" />
    <property name="env.TRAVIS_ALLOW_FAILURE" value="false" />
    <property name="env.LC_ALL" value="en_US.UTF-8" />
    <property name="java.specification.name" value="Java Platform API Specification" />
    <property name="node.works" value="true" />
    <property name="user.timezone" value="" />
    <property name="path.separator" value=":" />
    <property name="env.PYTHON_CFLAGS" value="-g -fstack-protector --param=ssp-buffer-size=4 -Wformat -Werror=format-security" />
    <property name="timeout.long" value="4000000" />
    <property name="env.CERTI_HOME" value="/home/travis/pthla/certi-tools" />
    <property name="file.encoding" value="UTF-8" />
    <property name="ant.file.ptII" value="/home/travis/build/icyphy/ptII/build.xml" />
    <property name="javadoc.packagenames" value="com.*,diva.*,lbnl.*,org.hlacerti.*,org.json.*,org.ptolemy.*,org.terraswarm.*,ptolemy.*,ptserver.*" />
    <property name="env.TRAVIS_PULL_REQUEST_SLUG" value="" />
    <property name="ant.project.default-target" value="build" />
    <property name="env.GIT_ASKPASS" value="echo" />
    <property name="env.HOME" value="/home/travis" />
    <property name="sun.java.command" value="org.apache.tools.ant.taskdefs.optional.junit.JUnitTestRunner ptolemy.actor.lib.test.junit.JUnitTclTest skipNonTests=false filtertrace=true haltOnError=false haltOnFailure=false formatter=org.apache.tools.ant.taskdefs.optional.junit.OutErrSummaryJUnitResultFormatter showoutput=true outputtoformatters=true logfailedtests=true threadid=0 logtestlistenerevents=false formatter=org.apache.tools.ant.taskdefs.optional.junit.XMLJUnitResultFormatter,/home/travis/build/icyphy/ptII/reports/junit/TEST-ptolemy.actor.lib.test.junit.JUnitTclTest.xml crashfile=/home/travis/build/icyphy/ptII/junitvmwatcher6426130796187428128.properties propsfile=/home/travis/build/icyphy/ptII/junit2503310073394756555.properties" />
    <property name="env.MANPATH" value="/home/travis/.nvm/versions/node/v7.10.1/share/man:/home/travis/.kiex/elixirs/elixir-1.4.5/man:/home/travis/.rvm/rubies/ruby-2.4.1/share/man:/usr/local/man:/usr/local/cmake-3.9.2/man:/usr/local/clang-5.0.0/share/man:/usr/local/share/man:/usr/share/man:/home/travis/.rvm/man" />
    <property name="env.COMPOSER_NO_INTERACTION" value="1" />
    <property name="env.JDK_SWITCHER_DEFAULT" value="oraclejdk8" />
    <property name="ant.file" value="/home/travis/build/icyphy/ptII/build.xml" />
    <property name="env.TRAVIS_COMMIT_RANGE" value="b291d2b50dc8...f7e6759bc3d9" />
    <property name="env._system_name" value="Ubuntu" />
    <property name="timeout" value="2400000" />
    <property name="ptII.classpath.optional.property" value="/home/travis/build/icyphy/ptII/lib/bsh-2.0b4.jar:/home/travis/build/icyphy/ptII/lib/ptCal.jar:/home/travis/build/icyphy/ptII/lib/java_cup.jar:/home/travis/build/icyphy/ptII/lib/saxon8.jar:/home/travis/build/icyphy/ptII/lib/saxon8-dom.jar:/home/travis/build/icyphy/ptII/lib/chic.jar:/home/travis/build/icyphy/ptII/lib/ptcolt.jar:/usr/lib/jvm/java-8-oracle/lib/tools.jar:/usr/lib/eclipse/plugins/org.eclipse.jdt.core_3.8.2.dist.jar:/usr/lib/eclipse/plugins/org.eclipse.core.runtime_3.8.0.dist.jar:/usr/lib/eclipse/plugins/org.eclipse.osgi_3.8.1.dist.jar:/usr/lib/eclipse/plugins/org.eclipse.core.resources_3.8.1.dist.jar:/usr/lib/eclipse/plugins/org.eclipse.equinox.common_3.6.100.dist.jar:/usr/lib/eclipse/plugins/org.eclipse.core.jobs_3.5.200.dist.jar:/usr/lib/eclipse/plugins/org.eclipse.core.contenttype_3.4.200.dist.jar:/usr/lib/eclipse/plugins/org.eclipse.equinox.preferences_3.5.0.dist.jar:/usr/lib/eclipse/plugins/org.eclipse.text_3.5.200.dist.jar:/usr/lib/eclipse/plugins/org.eclipse.ui.workbench_3.8.1.dist.jar:/usr/lib/eclipse/plugins/org.eclipse.jface_3.8.0.dist.jar:/usr/lib/eclipse/plugins/org.eclipse.swt_3.8.2.jar:/usr/lib/eclipse/plugins/org.eclipse.jface.text_3.8.1.dist.jar:/usr/lib/eclipse/plugins/org.eclipse.ui.workbench.texteditor_3.8.0.dist.jar:/usr/lib/eclipse/plugins/org.eclipse.ui.editors_3.8.0.dist.jar:/usr/lib/eclipse/plugins/org.eclipse.core.commands_3.6.1.dist.jar:/usr/lib/eclipse/plugins/org.eclipse.equinox.registry_3.5.200.dist.jar:/usr/lib/eclipse/plugins/org.eclipse.ui.console_3.5.100.dist.jar:/usr/lib/eclipse/plugins/org.eclipse.ui.forms_3.5.200.dist.jar:/usr/lib/eclipse/plugins/org.eclipse.ui.ide_3.8.1.dist.jar:/home/travis/build/icyphy/ptII/vendors/oracle/dbxml.jar:/home/travis/build/icyphy/ptII/vendors/oracle/db.jar:/home/travis/build/icyphy/ptII/vendors/misc/itext/iText.jar:/home/travis/build/icyphy/ptII/lib/g4ltl.jar:/home/travis/build/icyphy/ptII/lib/StructuralCoder.jar:/home/travis/build/icyphy/ptII/lib/org-openide-util.jar:/home/travis/build/icyphy/ptII/lib/org-openide-util-lookup.jar:/home/travis/build/icyphy/ptII/lib/org-netbeans-api-visual.jar:/home/travis/build/icyphy/ptII/vendors/jai-1_1_2_01/lib/jai_core.jar:/home/travis/build/icyphy/ptII/vendors/jai-1_1_2_01/lib/jai_codec.jar:/home/travis/build/icyphy/ptII/lib/jcerti.jar:/home/travis/build/icyphy/ptII/lib/smack.jar:/home/travis/build/icyphy/ptII/lib/smackx.jar:/home/travis/build/icyphy/ptII/lib/jetty-all-8.1.5-v20120716.jar:/home/travis/build/icyphy/ptII/lib/javax.servlet-api-3.0.1.jar:/home/travis/build/icyphy/ptII/lib/javax.mail.jar:/home/travis/build/icyphy/ptII/vendors/JMF-2.1.1e/lib/jmf.jar:/home/travis/build/icyphy/ptII/lib/jna-4.0.0-variadic.jar:/home/travis/build/icyphy/ptII/vendors/misc/joystick/Joystick.jar:/home/travis/build/icyphy/ptII/lib/ptjacl.jar:/home/travis/build/icyphy/ptII/lib/jsoup-1.8.2.jar:/home/travis/build/icyphy/ptII/lib/junit-4.8.2.jar:/home/travis/build/icyphy/ptII/lib/JUnitParams-0.4.0.jar:/home/travis/build/icyphy/ptII/ptolemy/actor/lib/excel/jxl.jar:/home/travis/build/icyphy/ptII/lib/jython.jar:/home/travis/build/icyphy/ptII/lib/kieler.jar:/home/travis/build/icyphy/ptII/vendors/opencv/share/OpenCV/java/opencv-341.jar:/home/travis/build/icyphy/ptII/lib/oscP5.jar:/home/travis/build/icyphy/ptII/lib/nrjavaserial-3.11.0.devel.jar:/usr/share/java/j3dcore.jar:/usr/share/java/j3dutils.jar:/usr/share/java/vecmath.jar:/home/travis/build/icyphy/ptII/ptolemy/distributed/jini/jar/jini-core.jar:/home/travis/build/icyphy/ptII/ptolemy/distributed/jini/jar/jini-ext.jar:/home/travis/build/icyphy/ptII/ptolemy/distributed/jini/jar/sun-util.jar:/home/travis/build/icyphy/ptII/lib/protobuf-java-2.4.1.jar:/home/travis/build/icyphy/ptII/lib/org.eclipse.paho.client.mqttv3.jar:/home/travis/build/icyphy/ptII/ptserver/lib/hessian-4.0.7.jar:/home/travis/build/icyphy/ptII/ptserver/lib/wmqtt.jar:/home/travis/build/icyphy/ptII/lib/mapss.jar:/home/travis/build/icyphy/ptII/ptolemy/actor/ptalon/antlr/antlr.jar:/home/travis/build/icyphy/ptII/lib/JRI.jar:/home/travis/build/icyphy/ptII/lib/commons-lang-2.6.jar:/home/travis/build/icyphy/ptII/lib/commons-logging-1.1.1.jar:/home/travis/build/icyphy/ptII/lib/sootclasses.jar:/home/travis/build/icyphy/ptII/ptolemy/actor/lib/database/mysql-connector-java-5.1.6-bin.jar:/home/travis/build/icyphy/ptII/vendors/misc/sphinx4/sphinx4-data-5prealpha.jar:/home/travis/build/icyphy/ptII/vendors/misc/sphinx4/sphinx4-core-5prealpha.jar:/home/travis/build/icyphy/ptII/lib/PDFRenderer.jar:/home/travis/build/icyphy/ptII/lib/svgSalamander.jar:/home/travis/build/icyphy/ptII/lib/rsyntaxtextarea-2.6.0-SNAPSHOT.jar:/home/travis/build/icyphy/ptII/lib/hazelcast-3.8.2.jar:/home/travis/build/icyphy/ptII/lib/jackson-annotations-2.9.0.jar:/home/travis/build/icyphy/ptII/lib/jackson-core-2.9.3.jar:/home/travis/build/icyphy/ptII/lib/jackson-databind-2.9.3.jar:/home/travis/build/icyphy/ptII/lib/netty-buffer-4.1.19.Final.jar:/home/travis/build/icyphy/ptII/lib/netty-codec-4.1.19.Final.jar:/home/travis/build/icyphy/ptII/lib/netty-codec-dns-4.1.19.Final.jar:/home/travis/build/icyphy/ptII/lib/netty-codec-http-4.1.19.Final.jar:/home/travis/build/icyphy/ptII/lib/netty-codec-http2-4.1.19.Final.jar:/home/travis/build/icyphy/ptII/lib/netty-common-4.1.19.Final.jar:/home/travis/build/icyphy/ptII/lib/netty-handler-4.1.19.Final.jar:/home/travis/build/icyphy/ptII/lib/netty-resolver-4.1.19.Final.jar:/home/travis/build/icyphy/ptII/lib/netty-resolver-dns-4.1.19.Final.jar:/home/travis/build/icyphy/ptII/lib/netty-transport-4.1.19.Final.jar:/home/travis/build/icyphy/ptII/lib/vertx-codegen-3.5.1.jar:/home/travis/build/icyphy/ptII/lib/vertx-core-3.5.2-SNAPSHOT.jar:/home/travis/build/icyphy/ptII/lib/vertx-hazelcast-3.5.1.jar:/home/travis/build/icyphy/ptII/lib/vertx-lang-js-3.5.1.jar:/home/travis/build/icyphy/ptII/lib/vertx-service-proxy-3.5.1.jar:/home/travis/build/icyphy/ptII/lib/vertx-web-3.5.1.jar:/home/travis/build/icyphy/ptII/lib/slf4j-api-1.7.13.jar:/home/travis/build/icyphy/ptII/lib/slf4j-simple-1.7.13.jar:/home/travis/build/icyphy/ptII/lib/webcam-capture-0.3.12.jar:/home/travis/build/icyphy/ptII/lib/bridj-0.7.0.jar:/home/travis/build/icyphy/ptII/lib/xbjlib-1.1.0.nrjavaserial.jar" />
    <property name="test.batch" value="**/junit/*.java" />
    <property name="env._" value="/usr/bin/timeout" />
    <property name="java.io.tmpdir" value="/tmp" />
    <property name="user.language" value="en" />
    <property name="env.HISTCONTROL" value="ignoredups:ignorespace" />
    <property name="env.GOROOT" value="/home/travis/.gimme/versions/go1.7.4.linux.amd64" />
    <property name="line.separator" value="&#xa;" />
    <property name="target" value="1.8" />
    <property name="env.TRAVIS_BUILD_DIR" value="/home/travis/build/icyphy/ptII" />
    <property name="env.ANT_OPTS" value="-Xmx2048m" />
    <property name="ant.file.type" value="file" />
    <property name="ptolemy.ptII.batchMode" value="true" />
    <property name="env.HISTSIZE" value="1000" />
    <property name="env.MERB_ENV" value="test" />
    <property name="java.vm.info" value="mixed mode" />
    <property name="source" value="1.8" />
    <property name="java.vm.specification.name" value="Java Virtual Machine Specification" />
    <property name="env.TRAVIS_TEST_RESULT" value="0" />
    <property name="jsdoc.command" value="node_modules/@terraswarm/jsdoc/jsdoc.js" />
    <property name="npm.works" value="true" />
    <property name="cobertura.dir" value="/home/travis/build/icyphy/ptII/vendors/cobertura-2.0.3" />
    <property name="env.rvm_path" value="/home/travis/.rvm" />
    <property name="env.GEM_PATH" value="/home/travis/.rvm/gems/ruby-2.4.1:/home/travis/.rvm/gems/ruby-2.4.1@global" />
    <property name="env.LC_CTYPE" value="en_US.UTF-8" />
    <property name="java.awt.printerjob" value="sun.print.PSPrinterJob" />
    <property name="env.TRAVIS_STACK_NAME" value="garnet" />
    <property name="ant.version" value="Apache Ant(TM) version 1.10.1 compiled on February 2 2017" />
    <property name="ptII.reports" value="/home/travis/build/icyphy/ptII/reports" />
    <property name="env.TRAVIS_STACK_TIMESTAMP" value="2017-12-05 19:33:09 UTC" />
    <property name="ant.file.type.ptII" value="file" />
    <property name="env.RBENV_SHELL" value="bash" />
    <property name="os.name" value="Linux" />
    <property name="java.specification.vendor" value="Oracle Corporation" />
    <property name="env.rvm_version" value="1.29.3 (latest)" />
    <property name="env.TERM" value="xterm" />
    <property name="java.vm.name" value="Java HotSpot(TM) 64-Bit Server VM" />
    <property name="env.TRAVIS_BUILD_NUMBER" value="514" />
    <property name="env.CI" value="true" />
    <property name="java.library.path" value="/home/travis/pthla/certi-tools/lib:/usr/lib/jni:/usr/local/share/OpenCV/java/:/usr/share/OpenCV/java::/usr/java/packages/lib/amd64:/usr/lib64:/lib64:/lib:/usr/lib" />
    <property name="env.rvm_prefix" value="/home/travis" />
    <property name="env.PATH" value="/home/travis/pthla/certi-tools/share/scripts:/home/travis/.rvm/gems/ruby-2.4.1/bin:/home/travis/.rvm/gems/ruby-2.4.1@global/bin:/home/travis/.rvm/rubies/ruby-2.4.1/bin:/home/travis/.rvm/bin:/home/travis/.nvm/versions/node/v7.10.1/bin:./node_modules/.bin:/home/travis/build/icyphy/ptII/bin:/home/travis/pthla/certi-tools/bin:/home/travis/bin:/home/travis/.local/bin:/opt/pyenv/shims:/home/travis/.phpenv/shims:/home/travis/perl5/perlbrew/bin:/home/travis/.kiex/elixirs/elixir-1.4.5/bin:/home/travis/.kiex/bin:/home/travis/gopath/bin:/home/travis/.gimme/versions/go1.7.4.linux.amd64/bin:/usr/local/phantomjs/bin:/usr/local/phantomjs:/usr/local/neo4j-3.2.7/bin:/usr/local/maven-3.5.2/bin:/usr/local/cmake-3.9.2/bin:/usr/local/clang-5.0.0/bin:/usr/local/sbin:/usr/local/bin:/usr/sbin:/usr/bin:/sbin:/bin:/home/travis/.phpenv/bin:/opt/pyenv/bin:/home/travis/.yarn/bin" />
    <property name="env.TRAVIS_OS_NAME" value="linux" />
    <property name="ant.java.version" value="1.8" />
    <property name="basedir" value="/home/travis/build/icyphy/ptII" />
    <property name="java.class.version" value="52.0" />
    <property name="env.SHLVL" value="3" />
    <property name="env.LD_LIBRARY_PATH" value="/home/travis/pthla/certi-tools/lib:/usr/lib/jni:/usr/local/share/OpenCV/java/:/usr/share/OpenCV/java:" />
    <property name="env.RACK_ENV" value="test" />
    <property name="ant.home" value="/home/travis/build/icyphy/ptII/ant" />
    <property name="env.NVM_DIR" value="/home/travis/.nvm" />
    <property name="env.PERLBREW_BASHRC_VERSION" value="0.80" />
    <property name="env.CERTI_FOM_PATH" value="/home/travis/pthla/certi-tools/share/federations" />
    <property name="env.TRAVIS_BUILD_ID" value="387119460" />
    <property name="env.PYENV_ROOT" value="/opt/pyenv" />
    <property name="env.TRAVIS_UID" value="2000" />
    <property name="env.rvm_pretty_print_flag" value="auto" />
    <property name="env.NVM_BIN" value="/home/travis/.nvm/versions/node/v7.10.1/bin" />
    <property name="env.TRAVIS_COMMIT" value="f7e6759bc3d970f3798a1ae93e8ae32e8fa4a87f" />
    <property name="env._system_arch" value="x86_64" />
    <property name="node.executable" value="node" />
    <property name="sun.boot.library.path" value="/usr/lib/jvm/java-8-oracle/jre/lib/amd64" />
    <property name="sun.management.compiler" value="HotSpot 64-Bit Tiered Compilers" />
    <property name="env.GOPATH" value="/home/travis/gopath" />
    <property name="java.awt.graphicsenv" value="sun.awt.X11GraphicsEnvironment" />
    <property name="ptolemy.ptII.dir" value="/home/travis/build/icyphy/ptII" />
    <property name="env.USER" value="travis" />
    <property name="env.HISTFILESIZE" value="2000" />
    <property name="timeout.longest" value="19000000" />
    <property name="env.TRAVIS_STACK_FEATURES" value="basic cassandra chromium couchdb disabled-ipv6 docker docker-compose elasticsearch firefox go-toolchain google-chrome jdk memcached mongodb mysql neo4j nodejs_interpreter perl_interpreter perlbrew phantomjs postgresql python_interpreter rabbitmq redis riak ruby_interpreter sqlite xserver" />
    <property name="env.TRAVIS_PULL_REQUEST" value="false" />
    <property name="env.PYENV_SHELL" value="bash" />
    <property name="ant.project.name" value="ptII" />
    <property name="java.vm.specification.version" value="1.8" />
    <property name="env.CERTI_VERSION" value="4.0.0" />
    <property name="env.NLSPATH" value="/usr/dt/lib/nls/msg/%L/%N.cat" />
    <property name="awt.toolkit" value="sun.awt.X11.XToolkit" />
    <property name="env.CERTI_HOST" value="localhost" />
    <property name="env.MY_RUBY_HOME" value="/home/travis/.rvm/rubies/ruby-2.4.1" />
    <property name="sun.cpu.isalist" value="" />
    <property name="java.ext.dirs" value="/usr/lib/jvm/java-8-oracle/jre/lib/ext:/usr/java/packages/lib/ext" />
    <property name="os.version" value="4.4.0-101-generic" />
    <property name="user.home" value="/home/travis" />
    <property name="env.MIX_ARCHIVES" value="/home/travis/.kiex/mix/elixir-1.4.5" />
    <property name="java.vm.vendor" value="Oracle Corporation" />
    <property name="env.TRAVIS_TAG" value="nightly" />
    <property name="env.TRAVIS_FILTERED" value="redirect_io" />
    <property name="javadoc.excludepackagenames" value="adm.cvs2svn.*,build.*,config.*,doc.coding.templates.*,jni.test.jni.meaningOfLife.*,jni.test.jni.testDeux.*,jni.test.jni.testTrois.*,org.terraswarm.accessor.accessors.web.node_modules.*,org.terraswarm.accessor.accessors.web.hosts.cordova.demo.*,org.terraswarm.accessor.accessors.web.hosts.cordova.plugins.*,org.terraswarm.accessor.accessors-svn.*,pt-modules.*,ptolemy.apps.agilent.*,ptolemy.apps.anytimecontrol.*,ptolemy.apps.apes.*,ptolemy.apps.charon.*,ptolemy.apps.crazyboard.*,ptolemy.apps.eclipse.*,ptolemy.apps.etherealSting.*,ptolemy.apps.fullscreen.*,ptolemy.apps.giotto.*,ptolemy.apps.ia.*,ptolemy.apps.interfaces.*,ptolemy.apps.jmf.*,ptolemy.apps.kurt.*,ptolemy.apps.kvm.*,ptolemy.apps.lego.*,ptolemy.apps.lejos.*,ptolemy.apps.midp.*,ptolemy.apps.mobileCoding.*,ptolemy.apps.pendulum.*,ptolemy.apps.rijndael.*,ptolemy.apps.robot.*,ptolemy.apps.security.*,ptolemy.apps.sobel.*,ptolemy.apps.soot.*,ptolemy.apps.throttle.*,ptolemy.apps.tini.*,ptolemy.apps.transmission.*,ptolemy.apps.vergil.*,ptolemy.apps.waba.*,ptolemy.apps.websensor.*,ptolemy.apps.webstart.*,ptolemy.apps.xsl.*,ptolemy.apps.zaurus.*,ptolemy.backtrack.eclipse.plugin.*,ptolemy.backtrack.test.*,ptolemy.codegen.c.actor.lib.oldJavaFiles.*,ptolemy.codegen.dsp.lib.*,ptolemy.codegen.kernel.newInterfaces.*,ptolemy.codegen.lib.*,ptolemy.copernicus.kernel.fragment.*,ptolemy.copernicus.shallow.cg.*,ptolemy.domains.giotto.demo.Hierarchy.Hierarchy.*,ptolemy.domains.giotto.demo.Multimode.Multimode.*,ptolemy.domains.giotto.demo.Simple.Simple.*,ptolemy.domains.gr.lib.experimental.*,ptolemy.domains.gro.*,ptolemy.domains.pdf.*,ptolemy.domains.ptinyos.demo.Surge.output.*,ptolemy.moml.test.NoPackageActor.java*,ptolemy.plot.adm.*,ptolemy.plot.servlet.*,reports.*,signed.*,src.*,target.*,vendors.*,ptolemy.cg.adapter.generic.program.procedural.c.mbed*,ptolemy.actor.lib.fmi.fmus.omc*,ptolemy.domains.openmodelica*,ptdb.kernel.bl.save.test.*,ptdb.kernel.bl.load.test.*,ptdb.kernel.bl.search.test.*,ptdb.kernel.bl.migration.test.*,ptdb.kernel.database.test.*,ptdb.test.*,ptdb.gui.test.*,org.ptolemy.scala.*,diva.util.java2d.svg.*,ptolemy.domains.ptinyos.*,ptolemy.actor.lib.fmi.fmipp.*,,org.terraswarm.accessor.accessors.web.node_modules.*,org.terraswarm.accessor.accessors-svn,ptolemy.actor.ptalon.demo.ptinyos.SendAndReceiveCnt.output,ptolemy.actor.ptalon.demo.ptinyos.SenseToLeds.output,ptolemy.domains.ptinyos.demo.CntToLedsAndRfm.output,ptolemy.domains.ptinyos.demo.RfmToLeds.output,ptolemy.domains.ptinyos.demo.SendAndReceiveCnt.output,ptolemy.domains.ptinyos.demo.SenseToLeds.output" />
    <property name="env.JAVA_HOME" value="/usr/lib/jvm/java-8-oracle" />
    <property name="env.PTII" value="/home/travis/build/icyphy/ptII" />
    <property name="env.TRAVIS_COMMIT_MESSAGE" value="Under Travis, don&apos;t run SpeechSynthesisTest.xml and a TCPSocket test." />
    <property name="keystore" value="ptKeystore" />
    <property name="env.XDG_SESSION_ID" value="2" />
    <property name="junit.output.dir" value="/home/travis/build/icyphy/ptII/reports/junit" />
    <property name="npm.return.code" value="0" />
    <property name="user.dir" value="/home/travis/build/icyphy/ptII/ptolemy/actor/lib/test" />
    <property name="env.TRAVIS_NODE_VERSION" value="7" />
    <property name="env.XFILESEARCHPATH" value="/usr/dt/app-defaults/%L/Dt" />
    <property name="env.TRAVIS_EVENT_TYPE" value="push" />
    <property name="env.MAIL" value="/var/mail/travis" />
    <property name="env.PWD" value="/home/travis/build/icyphy/ptII" />
    <property name="env.PERLBREW_ROOT" value="/home/travis/perl5/perlbrew" />
    <property name="timeout.npm" value="45000" />
    <property name="env.PAGER" value="cat" />
    <property name="sun.cpu.endian" value="little" />
    <property name="env.TRAVIS_BUILD_STAGE_NAME" value="Test" />
    <property name="env.PERLBREW_HOME" value="/home/travis/.perlbrew" />
    <property name="env.RAILS_ENV" value="test" />
    <property name="java.vm.version" value="25.151-b12" />
    <property name="java.class.path" value="/home/travis/.ptolemyII:/home/travis/.ptolemyII/*:/home/travis/build/icyphy/ptII:/home/travis/build/icyphy/ptII/lib/bsh-2.0b4.jar:/home/travis/build/icyphy/ptII/lib/ptCal.jar:/home/travis/build/icyphy/ptII/lib/java_cup.jar:/home/travis/build/icyphy/ptII/lib/saxon8.jar:/home/travis/build/icyphy/ptII/lib/saxon8-dom.jar:/home/travis/build/icyphy/ptII/lib/chic.jar:/home/travis/build/icyphy/ptII/lib/ptcolt.jar:/usr/lib/jvm/java-8-oracle/lib/tools.jar:/usr/lib/eclipse/plugins/org.eclipse.jdt.core_3.8.2.dist.jar:/usr/lib/eclipse/plugins/org.eclipse.core.runtime_3.8.0.dist.jar:/usr/lib/eclipse/plugins/org.eclipse.osgi_3.8.1.dist.jar:/usr/lib/eclipse/plugins/org.eclipse.core.resources_3.8.1.dist.jar:/usr/lib/eclipse/plugins/org.eclipse.equinox.common_3.6.100.dist.jar:/usr/lib/eclipse/plugins/org.eclipse.core.jobs_3.5.200.dist.jar:/usr/lib/eclipse/plugins/org.eclipse.core.contenttype_3.4.200.dist.jar:/usr/lib/eclipse/plugins/org.eclipse.equinox.preferences_3.5.0.dist.jar:/usr/lib/eclipse/plugins/org.eclipse.text_3.5.200.dist.jar:/usr/lib/eclipse/plugins/org.eclipse.ui.workbench_3.8.1.dist.jar:/usr/lib/eclipse/plugins/org.eclipse.jface_3.8.0.dist.jar:/usr/lib/eclipse/plugins/org.eclipse.swt_3.8.2.jar:/usr/lib/eclipse/plugins/org.eclipse.jface.text_3.8.1.dist.jar:/usr/lib/eclipse/plugins/org.eclipse.ui.workbench.texteditor_3.8.0.dist.jar:/usr/lib/eclipse/plugins/org.eclipse.ui.editors_3.8.0.dist.jar:/usr/lib/eclipse/plugins/org.eclipse.core.commands_3.6.1.dist.jar:/usr/lib/eclipse/plugins/org.eclipse.equinox.registry_3.5.200.dist.jar:/usr/lib/eclipse/plugins/org.eclipse.ui.console_3.5.100.dist.jar:/usr/lib/eclipse/plugins/org.eclipse.ui.forms_3.5.200.dist.jar:/usr/lib/eclipse/plugins/org.eclipse.ui.ide_3.8.1.dist.jar:/home/travis/build/icyphy/ptII/vendors/oracle/dbxml.jar:/home/travis/build/icyphy/ptII/vendors/oracle/db.jar:/home/travis/build/icyphy/ptII/vendors/misc/itext/iText.jar:/home/travis/build/icyphy/ptII/lib/g4ltl.jar:/home/travis/build/icyphy/ptII/lib/StructuralCoder.jar:/home/travis/build/icyphy/ptII/lib/org-openide-util.jar:/home/travis/build/icyphy/ptII/lib/org-openide-util-lookup.jar:/home/travis/build/icyphy/ptII/lib/org-netbeans-api-visual.jar:/home/travis/build/icyphy/ptII/vendors/jai-1_1_2_01/lib/jai_core.jar:/home/travis/build/icyphy/ptII/vendors/jai-1_1_2_01/lib/jai_codec.jar:/home/travis/build/icyphy/ptII/lib/jcerti.jar:/home/travis/build/icyphy/ptII/lib/smack.jar:/home/travis/build/icyphy/ptII/lib/smackx.jar:/home/travis/build/icyphy/ptII/lib/jetty-all-8.1.5-v20120716.jar:/home/travis/build/icyphy/ptII/lib/javax.servlet-api-3.0.1.jar:/home/travis/build/icyphy/ptII/lib/javax.mail.jar:/home/travis/build/icyphy/ptII/vendors/JMF-2.1.1e/lib/jmf.jar:/home/travis/build/icyphy/ptII/lib/jna-4.0.0-variadic.jar:/home/travis/build/icyphy/ptII/vendors/misc/joystick/Joystick.jar:/home/travis/build/icyphy/ptII/lib/ptjacl.jar:/home/travis/build/icyphy/ptII/lib/jsoup-1.8.2.jar:/home/travis/build/icyphy/ptII/lib/junit-4.8.2.jar:/home/travis/build/icyphy/ptII/lib/JUnitParams-0.4.0.jar:/home/travis/build/icyphy/ptII/ptolemy/actor/lib/excel/jxl.jar:/home/travis/build/icyphy/ptII/lib/jython.jar:/home/travis/build/icyphy/ptII/lib/kieler.jar:/home/travis/build/icyphy/ptII/vendors/opencv/share/OpenCV/java/opencv-341.jar:/home/travis/build/icyphy/ptII/lib/oscP5.jar:/home/travis/build/icyphy/ptII/lib/nrjavaserial-3.11.0.devel.jar:/usr/share/java/j3dcore.jar:/usr/share/java/j3dutils.jar:/usr/share/java/vecmath.jar:/home/travis/build/icyphy/ptII/ptolemy/distributed/jini/jar/jini-core.jar:/home/travis/build/icyphy/ptII/ptolemy/distributed/jini/jar/jini-ext.jar:/home/travis/build/icyphy/ptII/ptolemy/distributed/jini/jar/sun-util.jar:/home/travis/build/icyphy/ptII/lib/protobuf-java-2.4.1.jar:/home/travis/build/icyphy/ptII/lib/org.eclipse.paho.client.mqttv3.jar:/home/travis/build/icyphy/ptII/ptserver/lib/hessian-4.0.7.jar:/home/travis/build/icyphy/ptII/ptserver/lib/wmqtt.jar:/home/travis/build/icyphy/ptII/lib/mapss.jar:/home/travis/build/icyphy/ptII/ptolemy/actor/ptalon/antlr/antlr.jar:/home/travis/build/icyphy/ptII/lib/JRI.jar:/home/travis/build/icyphy/ptII/lib/commons-lang-2.6.jar:/home/travis/build/icyphy/ptII/lib/commons-logging-1.1.1.jar:/home/travis/build/icyphy/ptII/lib/sootclasses.jar:/home/travis/build/icyphy/ptII/ptolemy/actor/lib/database/mysql-connector-java-5.1.6-bin.jar:/home/travis/build/icyphy/ptII/vendors/misc/sphinx4/sphinx4-data-5prealpha.jar:/home/travis/build/icyphy/ptII/vendors/misc/sphinx4/sphinx4-core-5prealpha.jar:/home/travis/build/icyphy/ptII/lib/PDFRenderer.jar:/home/travis/build/icyphy/ptII/lib/svgSalamander.jar:/home/travis/build/icyphy/ptII/lib/rsyntaxtextarea-2.6.0-SNAPSHOT.jar:/home/travis/build/icyphy/ptII/lib/hazelcast-3.8.2.jar:/home/travis/build/icyphy/ptII/lib/jackson-annotations-2.9.0.jar:/home/travis/build/icyphy/ptII/lib/jackson-core-2.9.3.jar:/home/travis/build/icyphy/ptII/lib/jackson-databind-2.9.3.jar:/home/travis/build/icyphy/ptII/lib/netty-buffer-4.1.19.Final.jar:/home/travis/build/icyphy/ptII/lib/netty-codec-4.1.19.Final.jar:/home/travis/build/icyphy/ptII/lib/netty-codec-dns-4.1.19.Final.jar:/home/travis/build/icyphy/ptII/lib/netty-codec-http-4.1.19.Final.jar:/home/travis/build/icyphy/ptII/lib/netty-codec-http2-4.1.19.Final.jar:/home/travis/build/icyphy/ptII/lib/netty-common-4.1.19.Final.jar:/home/travis/build/icyphy/ptII/lib/netty-handler-4.1.19.Final.jar:/home/travis/build/icyphy/ptII/lib/netty-resolver-4.1.19.Final.jar:/home/travis/build/icyphy/ptII/lib/netty-resolver-dns-4.1.19.Final.jar:/home/travis/build/icyphy/ptII/lib/netty-transport-4.1.19.Final.jar:/home/travis/build/icyphy/ptII/lib/vertx-codegen-3.5.1.jar:/home/travis/build/icyphy/ptII/lib/vertx-core-3.5.2-SNAPSHOT.jar:/home/travis/build/icyphy/ptII/lib/vertx-hazelcast-3.5.1.jar:/home/travis/build/icyphy/ptII/lib/vertx-lang-js-3.5.1.jar:/home/travis/build/icyphy/ptII/lib/vertx-service-proxy-3.5.1.jar:/home/travis/build/icyphy/ptII/lib/vertx-web-3.5.1.jar:/home/travis/build/icyphy/ptII/lib/slf4j-api-1.7.13.jar:/home/travis/build/icyphy/ptII/lib/slf4j-simple-1.7.13.jar:/home/travis/build/icyphy/ptII/lib/webcam-capture-0.3.12.jar:/home/travis/build/icyphy/ptII/lib/bridj-0.7.0.jar:/home/travis/build/icyphy/ptII/lib/xbjlib-1.1.0.nrjavaserial.jar:/home/travis/build/icyphy/ptII/ptolemy/moml/test:/home/travis/build/icyphy/ptII/ant/lib/ant-launcher.jar:/home/travis/build/icyphy/ptII/ant/lib/ant.jar:/home/travis/build/icyphy/ptII/ant/lib/ant-junit.jar:/home/travis/build/icyphy/ptII/ant/lib/ant-junit4.jar" />
    <property name="ant.library.dir" value="/home/travis/build/icyphy/ptII/ant/lib" />
    <property name="os.arch" value="amd64" />
    <property name="env.TRAVIS_LANGUAGE" value="node_js" />
    <property name="env.CONTINUOUS_INTEGRATION" value="true" />
    <property name="env.TRAVIS_STACK_LANGUAGES" value="__garnet__ c c++ clojure cplusplus cpp default go groovy java node_js php pure_java python ruby scala" />
    <property name="test.name" value="ptolemy.actor.lib.test.junit.JUnitTclTest" />
    <property name="sun.java.launcher" value="SUN_STANDARD" />
    <property name="env.PYTHON_CONFIGURE_OPTS" value="--enable-unicode=ucs4 --with-wide-unicode --enable-shared --enable-ipv6 --enable-loadable-sqlite-extensions --with-computed-gotos" />
    <property name="ant.core.lib" value="/home/travis/build/icyphy/ptII/ant/lib/ant.jar" />
    <property name="java.vm.specification.vendor" value="Oracle Corporation" />
    <property name="env.BCVTB_HOME" value="/home/travis/build/icyphy/ptII/lbnl" />
    <property name="file.separator" value="/" />
    <property name="java.runtime.version" value="1.8.0_151-b12" />
    <property name="spotbugs.home" value="/home/travis/build/icyphy/ptII/vendors/spotbugs-3.1.1" />
    <property name="sun.boot.class.path" value="/usr/lib/jvm/java-8-oracle/jre/lib/resources.jar:/usr/lib/jvm/java-8-oracle/jre/lib/rt.jar:/usr/lib/jvm/java-8-oracle/jre/lib/sunrsasign.jar:/usr/lib/jvm/java-8-oracle/jre/lib/jsse.jar:/usr/lib/jvm/java-8-oracle/jre/lib/jce.jar:/usr/lib/jvm/java-8-oracle/jre/lib/charsets.jar:/usr/lib/jvm/java-8-oracle/jre/lib/jfr.jar:/usr/lib/jvm/java-8-oracle/jre/classes" />
    <property name="env.HAS_JOSH_K_SEAL_OF_APPROVAL" value="true" />
    <property name="env.TRAVIS_OSX_IMAGE" value="" />
    <property name="env.XDG_RUNTIME_DIR" value="/run/user/2000" />
    <property name="env.TRAVIS_BRANCH" value="master" />
    <property name="env.TRAVIS_JOB_ID" value="387119467" />
    <property name="env.CERTI_HOME_TRAVIS" value="/home/travis/pthla/certi-tools" />
    <property name="user.country" value="US" />
    <property name="env.SHELL" value="/bin/bash" />
    <property name="java.maxmemory.large" value="5000m" />
    <property name="model" value="" />
    <property name="env.CASHER_DIR" value="/home/travis/.casher" />
    <property name="env.NVM_CD_FLAGS" value="" />
    <property name="jshint.executable" value="/home/travis/node_modules/jshint/bin/jshint" />
    <property name="java.vendor" value="Oracle Corporation" />
    <property name="env.JRUBY_OPTS" value=" --client -J-XX:+TieredCompilation -J-XX:TieredStopAtLevel=1 -J-Xss2m -Xcompile.invokedynamic=false" />
    <property name="env.TRAVIS_PRE_CHEF_BOOTSTRAP_TIME" value="2017-12-05T19:32:55" />
    <property name="env.TRAVIS_STACK_JOB_BOARD_REGISTER" value="/.job-board-register.yml" />
    <property name="env.ELIXIR_VERSION" value="1.4.5" />
    <property name="java.specification.version" value="1.8" />
    <property name="env.IRBRC" value="/home/travis/.rvm/rubies/ruby-2.4.1/.irbrc" />
    <property name="env.TRAVIS" value="true" />
    <property name="sun.arch.data.model" value="64" />
  </properties>
  <testcase classname="ptolemy.util.test.junit.TclTests" name="[0] /home/travis/build/icyphy/ptII/ptolemy/actor/lib/test/AbsoluteValue.tcl (RunTclFile)" time="0.443" />
  <testcase classname="ptolemy.util.test.junit.TclTests" name="[1] /home/travis/build/icyphy/ptII/ptolemy/actor/lib/test/AddSubtract.tcl (RunTclFile)" time="0.079" />
  <testcase classname="ptolemy.util.test.junit.TclTests" name="[2] /home/travis/build/icyphy/ptII/ptolemy/actor/lib/test/Average.tcl (RunTclFile)" time="0.051" />
  <testcase classname="ptolemy.util.test.junit.TclTests" name="[3] /home/travis/build/icyphy/ptII/ptolemy/actor/lib/test/Bernoulli.tcl (RunTclFile)" time="0.026" />
  <testcase classname="ptolemy.util.test.junit.TclTests" name="[4] /home/travis/build/icyphy/ptII/ptolemy/actor/lib/test/Clock.tcl (RunTclFile)" time="0.068" />
  <testcase classname="ptolemy.util.test.junit.TclTests" name="[5] /home/travis/build/icyphy/ptII/ptolemy/actor/lib/test/Commutator.tcl (RunTclFile)" time="0.094" />
  <testcase classname="ptolemy.util.test.junit.TclTests" name="[6] /home/travis/build/icyphy/ptII/ptolemy/actor/lib/test/Const.tcl (RunTclFile)" time="0.073" />
  <testcase classname="ptolemy.util.test.junit.TclTests" name="[7] /home/travis/build/icyphy/ptII/ptolemy/actor/lib/test/CurrentTime.tcl (RunTclFile)" time="0.019" />
  <testcase classname="ptolemy.util.test.junit.TclTests" name="[8] /home/travis/build/icyphy/ptII/ptolemy/actor/lib/test/DB.tcl (RunTclFile)" time="0.018" />
  <testcase classname="ptolemy.util.test.junit.TclTests" name="[9] /home/travis/build/icyphy/ptII/ptolemy/actor/lib/test/DiscreteRandomSource.tcl (RunTclFile)" time="0.022" />
  <testcase classname="ptolemy.util.test.junit.TclTests" name="[10] /home/travis/build/icyphy/ptII/ptolemy/actor/lib/test/Distributor.tcl (RunTclFile)" time="0.064" />
  <testcase classname="ptolemy.util.test.junit.TclTests" name="[11] /home/travis/build/icyphy/ptII/ptolemy/actor/lib/test/Exit.tcl (RunTclFile)" time="0.063" />
  <testcase classname="ptolemy.util.test.junit.TclTests" name="[12] /home/travis/build/icyphy/ptII/ptolemy/actor/lib/test/Expression.tcl (RunTclFile)" time="0.075" />
  <testcase classname="ptolemy.util.test.junit.TclTests" name="[13] /home/travis/build/icyphy/ptII/ptolemy/actor/lib/test/Gaussian.tcl (RunTclFile)" time="0.769" />
  <testcase classname="ptolemy.util.test.junit.TclTests" name="[14] /home/travis/build/icyphy/ptII/ptolemy/actor/lib/test/IIR.tcl (RunTclFile)" time="0.036" />
  <testcase classname="ptolemy.util.test.junit.TclTests" name="[15] /home/travis/build/icyphy/ptII/ptolemy/actor/lib/test/Interpolator.tcl (RunTclFile)" time="0.058" />
  <testcase classname="ptolemy.util.test.junit.TclTests" name="[16] /home/travis/build/icyphy/ptII/ptolemy/actor/lib/test/MathFunction.tcl (RunTclFile)" time="0.066" />
  <testcase classname="ptolemy.util.test.junit.TclTests" name="[17] /home/travis/build/icyphy/ptII/ptolemy/actor/lib/test/Maximum.tcl (RunTclFile)" time="0.032" />
  <testcase classname="ptolemy.util.test.junit.TclTests" name="[18] /home/travis/build/icyphy/ptII/ptolemy/actor/lib/test/Minimum.tcl (RunTclFile)" time="0.019" />
  <testcase classname="ptolemy.util.test.junit.TclTests" name="[19] /home/travis/build/icyphy/ptII/ptolemy/actor/lib/test/MultiplyDivide.tcl (RunTclFile)" time="0.027" />
  <testcase classname="ptolemy.util.test.junit.TclTests" name="[20] /home/travis/build/icyphy/ptII/ptolemy/actor/lib/test/OrderedMerge.tcl (RunTclFile)" time="0.073" />
  <testcase classname="ptolemy.util.test.junit.TclTests" name="[21] /home/travis/build/icyphy/ptII/ptolemy/actor/lib/test/Publisher.tcl (RunTclFile)" time="0.644" />
  <testcase classname="ptolemy.util.test.junit.TclTests" name="[22] /home/travis/build/icyphy/ptII/ptolemy/actor/lib/test/Pulse.tcl (RunTclFile)" time="0.064" />
  <testcase classname="ptolemy.util.test.junit.TclTests" name="[23] /home/travis/build/icyphy/ptII/ptolemy/actor/lib/test/Ramp.tcl (RunTclFile)" time="1.896" />
  <testcase classname="ptolemy.util.test.junit.TclTests" name="[24] /home/travis/build/icyphy/ptII/ptolemy/actor/lib/test/RampContinuous.tcl (RunTclFile)" time="0.024" />
  <testcase classname="ptolemy.util.test.junit.TclTests" name="[25] /home/travis/build/icyphy/ptII/ptolemy/actor/lib/test/RecordAssembler.tcl (RunTclFile)" time="0.017" />
  <testcase classname="ptolemy.util.test.junit.TclTests" name="[26] /home/travis/build/icyphy/ptII/ptolemy/actor/lib/test/RecordDisassembler.tcl (RunTclFile)" time="0.026" />
  <testcase classname="ptolemy.util.test.junit.TclTests" name="[27] /home/travis/build/icyphy/ptII/ptolemy/actor/lib/test/Scale.tcl (RunTclFile)" time="0.032" />
  <testcase classname="ptolemy.util.test.junit.TclTests" name="[28] /home/travis/build/icyphy/ptII/ptolemy/actor/lib/test/SequentialClock.tcl (RunTclFile)" time="0.026" />
  <testcase classname="ptolemy.util.test.junit.TclTests" name="[29] /home/travis/build/icyphy/ptII/ptolemy/actor/lib/test/SetVariable.tcl (RunTclFile)" time="0.014" />
  <testcase classname="ptolemy.util.test.junit.TclTests" name="[30] /home/travis/build/icyphy/ptII/ptolemy/actor/lib/test/Sinewave.tcl (RunTclFile)" time="0.056" />
  <testcase classname="ptolemy.util.test.junit.TclTests" name="[31] /home/travis/build/icyphy/ptII/ptolemy/actor/lib/test/SubscriptionAggregator.tcl (RunTclFile)" time="1.832" />
  <testcase classname="ptolemy.util.test.junit.TclTests" name="[32] /home/travis/build/icyphy/ptII/ptolemy/actor/lib/test/Test.tcl (RunTclFile)" time="0.065" />
  <testcase classname="ptolemy.util.test.junit.TclTests" name="[33] /home/travis/build/icyphy/ptII/ptolemy/actor/lib/test/TestExceptionHandler.tcl (RunTclFile)" time="0.011" />
  <testcase classname="ptolemy.util.test.junit.TclTests" name="[34] /home/travis/build/icyphy/ptII/ptolemy/actor/lib/test/UnionDisassembler.tcl (RunTclFile)" time="0.067" />
  <testcase classname="ptolemy.util.test.junit.TclTests" name="[35] /home/travis/build/icyphy/ptII/ptolemy/actor/lib/test/VariableClock.tcl (RunTclFile)" time="0.03" />
  <testcase classname="ptolemy.util.test.junit.AutoKnownFailedTests" name="[0] /home/travis/build/icyphy/ptII/ptolemy/actor/lib/test/auto/knownFailedTests/PublisherPortToplevelSubscriber.xml (RunModel)" time="0.022" />
  <testcase classname="ptolemy.util.test.junit.AutoKnownFailedTests" name="[1] /home/travis/build/icyphy/ptII/ptolemy/actor/lib/test/auto/knownFailedTests/PublisherSubscriberPortToplevel.xml (RunModel)" time="0.12" />
  <testcase classname="ptolemy.util.test.junit.AutoKnownFailedTests" name="[2] /home/travis/build/icyphy/ptII/ptolemy/actor/lib/test/auto/knownFailedTests/PublisherSubscriptionAggregatorPort.xml (RunModel)" time="0.02" />
  <testcase classname="ptolemy.util.test.junit.AutoKnownFailedTests" name="[3] /home/travis/build/icyphy/ptII/ptolemy/actor/lib/test/auto/knownFailedTests/sizedarray3.xml (RunModel)" time="0.05" />
  <testcase classname="ptolemy.util.test.junit.AutoNameArchTests" name="[0] ThereAreNoAutoArchTests (RunModel)" time="0.001" />
  <testcase classname="ptolemy.util.test.junit.AutoTests" name="[0] /home/travis/build/icyphy/ptII/ptolemy/actor/lib/test/auto/AbsoluteValue.xml (RunModel)" time="0.09" />
  <testcase classname="ptolemy.util.test.junit.AutoTests" name="[1] /home/travis/build/icyphy/ptII/ptolemy/actor/lib/test/auto/AbsoluteValue2.xml (RunModel)" time="0.058" />
  <testcase classname="ptolemy.util.test.junit.AutoTests" name="[2] /home/travis/build/icyphy/ptII/ptolemy/actor/lib/test/auto/Accumulator.xml (RunModel)" time="0.065" />
  <testcase classname="ptolemy.util.test.junit.AutoTests" name="[3] /home/travis/build/icyphy/ptII/ptolemy/actor/lib/test/auto/Accumulator2.xml (RunModel)" time="0.047" />
  <testcase classname="ptolemy.util.test.junit.AutoTests" name="[4] /home/travis/build/icyphy/ptII/ptolemy/actor/lib/test/auto/Accumulator3.xml (RunModel)" time="0.044" />
  <testcase classname="ptolemy.util.test.junit.AutoTests" name="[5] /home/travis/build/icyphy/ptII/ptolemy/actor/lib/test/auto/ArrayAppend.xml (RunModel)" time="0.04" />
  <testcase classname="ptolemy.util.test.junit.AutoTests" name="[6] /home/travis/build/icyphy/ptII/ptolemy/actor/lib/test/auto/ArrayAppend2.xml (RunModel)" time="0.648" />
  <testcase classname="ptolemy.util.test.junit.AutoTests" name="[7] /home/travis/build/icyphy/ptII/ptolemy/actor/lib/test/auto/ArrayAppend3.xml (RunModel)" time="0.022" />
  <testcase classname="ptolemy.util.test.junit.AutoTests" name="[8] /home/travis/build/icyphy/ptII/ptolemy/actor/lib/test/auto/ArrayAppend4.xml (RunModel)" time="0.018" />
  <testcase classname="ptolemy.util.test.junit.AutoTests" name="[9] /home/travis/build/icyphy/ptII/ptolemy/actor/lib/test/auto/ArrayAppend5.xml (RunModel)" time="0.032" />
  <testcase classname="ptolemy.util.test.junit.AutoTests" name="[10] /home/travis/build/icyphy/ptII/ptolemy/actor/lib/test/auto/ArrayAppend6.xml (RunModel)" time="0.015" />
  <testcase classname="ptolemy.util.test.junit.AutoTests" name="[11] /home/travis/build/icyphy/ptII/ptolemy/actor/lib/test/auto/ArrayAppendPerformanceTest.xml (RunModel)" time="0.053" />
  <testcase classname="ptolemy.util.test.junit.AutoTests" name="[12] /home/travis/build/icyphy/ptII/ptolemy/actor/lib/test/auto/ArrayAppendWithEmptyInput.xml (RunModel)" time="0.047" />
  <testcase classname="ptolemy.util.test.junit.AutoTests" name="[13] /home/travis/build/icyphy/ptII/ptolemy/actor/lib/test/auto/ArrayAverage.xml (RunModel)" time="0.054" />
  <testcase classname="ptolemy.util.test.junit.AutoTests" name="[14] /home/travis/build/icyphy/ptII/ptolemy/actor/lib/test/auto/ArrayContains.xml (RunModel)" time="0.026" />
  <testcase classname="ptolemy.util.test.junit.AutoTests" name="[15] /home/travis/build/icyphy/ptII/ptolemy/actor/lib/test/auto/ArrayElement.xml (RunModel)" time="0.032" />
  <testcase classname="ptolemy.util.test.junit.AutoTests" name="[16] /home/travis/build/icyphy/ptII/ptolemy/actor/lib/test/auto/ArrayElementAsMatrix.xml (RunModel)" time="0.056" />
  <testcase classname="ptolemy.util.test.junit.AutoTests" name="[17] /home/travis/build/icyphy/ptII/ptolemy/actor/lib/test/auto/ArrayElementI.xml (RunModel)" time="0.022" />
  <testcase classname="ptolemy.util.test.junit.AutoTests" name="[18] /home/travis/build/icyphy/ptII/ptolemy/actor/lib/test/auto/ArrayExtract.xml (RunModel)" time="0.043" />
  <testcase classname="ptolemy.util.test.junit.AutoTests" name="[19] /home/travis/build/icyphy/ptII/ptolemy/actor/lib/test/auto/ArrayExtract2.xml (RunModel)" time="0.015" />
  <testcase classname="ptolemy.util.test.junit.AutoTests" name="[20] /home/travis/build/icyphy/ptII/ptolemy/actor/lib/test/auto/ArrayLength.xml (RunModel)" time="0.022" />
  <testcase classname="ptolemy.util.test.junit.AutoTests" name="[21] /home/travis/build/icyphy/ptII/ptolemy/actor/lib/test/auto/ArrayLevelCrossing.xml (RunModel)" time="0.026" />
  <testcase classname="ptolemy.util.test.junit.AutoTests" name="[22] /home/travis/build/icyphy/ptII/ptolemy/actor/lib/test/auto/ArrayLevelCrossing2.xml (RunModel)" time="0.067" />
  <testcase classname="ptolemy.util.test.junit.AutoTests" name="[23] /home/travis/build/icyphy/ptII/ptolemy/actor/lib/test/auto/ArrayPeakSearch.xml (RunModel)" time="0.028" />
  <testcase classname="ptolemy.util.test.junit.AutoTests" name="[24] /home/travis/build/icyphy/ptII/ptolemy/actor/lib/test/auto/ArrayPeakSearch2.xml (RunModel)" time="0.031" />
  <testcase classname="ptolemy.util.test.junit.AutoTests" name="[25] /home/travis/build/icyphy/ptII/ptolemy/actor/lib/test/auto/ArrayPeakSearch3.xml (RunModel)" time="0.027" />
  <testcase classname="ptolemy.util.test.junit.AutoTests" name="[26] /home/travis/build/icyphy/ptII/ptolemy/actor/lib/test/auto/ArrayRemoveElement.xml (RunModel)" time="0.024" />
  <testcase classname="ptolemy.util.test.junit.AutoTests" name="[27] /home/travis/build/icyphy/ptII/ptolemy/actor/lib/test/auto/ArraySort.xml (RunModel)" time="0.028" />
  <testcase classname="ptolemy.util.test.junit.AutoTests" name="[28] /home/travis/build/icyphy/ptII/ptolemy/actor/lib/test/auto/ArraySum.xml (RunModel)" time="0.017" />
  <testcase classname="ptolemy.util.test.junit.AutoTests" name="[29] /home/travis/build/icyphy/ptII/ptolemy/actor/lib/test/auto/ArrayToElements.xml (RunModel)" time="0.02" />
  <testcase classname="ptolemy.util.test.junit.AutoTests" name="[30] /home/travis/build/icyphy/ptII/ptolemy/actor/lib/test/auto/ArrayToMatrix.xml (RunModel)" time="0.047" />
  <testcase classname="ptolemy.util.test.junit.AutoTests" name="[31] /home/travis/build/icyphy/ptII/ptolemy/actor/lib/test/auto/ArrayUpdate1.xml (RunModel)" time="0.014" />
  <testcase classname="ptolemy.util.test.junit.AutoTests" name="[32] /home/travis/build/icyphy/ptII/ptolemy/actor/lib/test/auto/ArrayUpdate2.xml (RunModel)" time="0.02" />
  <testcase classname="ptolemy.util.test.junit.AutoTests" name="[33] /home/travis/build/icyphy/ptII/ptolemy/actor/lib/test/auto/ArrayUpdate3.xml (RunModel)" time="0.017" />
  <testcase classname="ptolemy.util.test.junit.AutoTests" name="[34] /home/travis/build/icyphy/ptII/ptolemy/actor/lib/test/auto/Assert1.xml (RunModel)" time="0.025" />
  <testcase classname="ptolemy.util.test.junit.AutoTests" name="[35] /home/travis/build/icyphy/ptII/ptolemy/actor/lib/test/auto/Assert2.xml (RunModel)" time="0.016" />
  <testcase classname="ptolemy.util.test.junit.AutoTests" name="[36] /home/travis/build/icyphy/ptII/ptolemy/actor/lib/test/auto/BooleanMultiplexor.xml (RunModel)" time="0.018" />
  <testcase classname="ptolemy.util.test.junit.AutoTests" name="[37] /home/travis/build/icyphy/ptII/ptolemy/actor/lib/test/auto/BooleanMultiplexor2.xml (RunModel)" time="0.027" />
  <testcase classname="ptolemy.util.test.junit.AutoTests" name="[38] /home/travis/build/icyphy/ptII/ptolemy/actor/lib/test/auto/BooleanMultiplexor3.xml (RunModel)" time="0.031" />
  <testcase classname="ptolemy.util.test.junit.AutoTests" name="[39] /home/travis/build/icyphy/ptII/ptolemy/actor/lib/test/auto/BooleanSelect.xml (RunModel)" time="0.023" />
  <testcase classname="ptolemy.util.test.junit.AutoTests" name="[40] /home/travis/build/icyphy/ptII/ptolemy/actor/lib/test/auto/BooleanSelect2.xml (RunModel)" time="0.013" />
  <testcase classname="ptolemy.util.test.junit.AutoTests" name="[41] /home/travis/build/icyphy/ptII/ptolemy/actor/lib/test/auto/BooleanSwitch.xml (RunModel)" time="0.014" />
  <testcase classname="ptolemy.util.test.junit.AutoTests" name="[42] /home/travis/build/icyphy/ptII/ptolemy/actor/lib/test/auto/BooleanSwitch2.xml (RunModel)" time="0.01" />
  <testcase classname="ptolemy.util.test.junit.AutoTests" name="[43] /home/travis/build/icyphy/ptII/ptolemy/actor/lib/test/auto/BooleanSwitchCloningBugWithClassRelationGroup.xml (RunModel)" time="0.02" />
  <testcase classname="ptolemy.util.test.junit.AutoTests" name="[44] /home/travis/build/icyphy/ptII/ptolemy/actor/lib/test/auto/BusActors.xml (RunModel)" time="0.032" />
  <testcase classname="ptolemy.util.test.junit.AutoTests" name="[45] /home/travis/build/icyphy/ptII/ptolemy/actor/lib/test/auto/ClassWrapper.xml (RunModel)" time="0.01" />
  <testcase classname="ptolemy.util.test.junit.AutoTests" name="[46] /home/travis/build/icyphy/ptII/ptolemy/actor/lib/test/auto/Clock.xml (RunModel)" time="0.008" />
  <testcase classname="ptolemy.util.test.junit.AutoTests" name="[47] /home/travis/build/icyphy/ptII/ptolemy/actor/lib/test/auto/Clock10.xml (RunModel)" time="0.019" />
  <testcase classname="ptolemy.util.test.junit.AutoTests" name="[48] /home/travis/build/icyphy/ptII/ptolemy/actor/lib/test/auto/Clock11.xml (RunModel)" time="0.018" />
  <testcase classname="ptolemy.util.test.junit.AutoTests" name="[49] /home/travis/build/icyphy/ptII/ptolemy/actor/lib/test/auto/Clock12.xml (RunModel)" time="0.033" />
  <testcase classname="ptolemy.util.test.junit.AutoTests" name="[50] /home/travis/build/icyphy/ptII/ptolemy/actor/lib/test/auto/Clock13.xml (RunModel)" time="0.026" />
  <testcase classname="ptolemy.util.test.junit.AutoTests" name="[51] /home/travis/build/icyphy/ptII/ptolemy/actor/lib/test/auto/Clock14.xml (RunModel)" time="0.022" />
  <testcase classname="ptolemy.util.test.junit.AutoTests" name="[52] /home/travis/build/icyphy/ptII/ptolemy/actor/lib/test/auto/Clock15.xml (RunModel)" time="0.023" />
  <testcase classname="ptolemy.util.test.junit.AutoTests" name="[53] /home/travis/build/icyphy/ptII/ptolemy/actor/lib/test/auto/Clock16.xml (RunModel)" time="0.084" />
  <testcase classname="ptolemy.util.test.junit.AutoTests" name="[54] /home/travis/build/icyphy/ptII/ptolemy/actor/lib/test/auto/Clock17.xml (RunModel)" time="0.039" />
  <testcase classname="ptolemy.util.test.junit.AutoTests" name="[55] /home/travis/build/icyphy/ptII/ptolemy/actor/lib/test/auto/Clock18.xml (RunModel)" time="0.036" />
  <testcase classname="ptolemy.util.test.junit.AutoTests" name="[56] /home/travis/build/icyphy/ptII/ptolemy/actor/lib/test/auto/Clock19.xml (RunModel)" time="0.04" />
  <testcase classname="ptolemy.util.test.junit.AutoTests" name="[57] /home/travis/build/icyphy/ptII/ptolemy/actor/lib/test/auto/Clock2.xml (RunModel)" time="0.018" />
  <testcase classname="ptolemy.util.test.junit.AutoTests" name="[58] /home/travis/build/icyphy/ptII/ptolemy/actor/lib/test/auto/Clock20.xml (RunModel)" time="0.023" />
  <testcase classname="ptolemy.util.test.junit.AutoTests" name="[59] /home/travis/build/icyphy/ptII/ptolemy/actor/lib/test/auto/Clock21.xml (RunModel)" time="0.02" />
  <testcase classname="ptolemy.util.test.junit.AutoTests" name="[60] /home/travis/build/icyphy/ptII/ptolemy/actor/lib/test/auto/Clock22.xml (RunModel)" time="0.018" />
  <testcase classname="ptolemy.util.test.junit.AutoTests" name="[61] /home/travis/build/icyphy/ptII/ptolemy/actor/lib/test/auto/Clock23.xml (RunModel)" time="0.018" />
  <testcase classname="ptolemy.util.test.junit.AutoTests" name="[62] /home/travis/build/icyphy/ptII/ptolemy/actor/lib/test/auto/Clock24.xml (RunModel)" time="0.017" />
  <testcase classname="ptolemy.util.test.junit.AutoTests" name="[63] /home/travis/build/icyphy/ptII/ptolemy/actor/lib/test/auto/Clock4.xml (RunModel)" time="0.017" />
  <testcase classname="ptolemy.util.test.junit.AutoTests" name="[64] /home/travis/build/icyphy/ptII/ptolemy/actor/lib/test/auto/Clock5.xml (RunModel)" time="0.011" />
  <testcase classname="ptolemy.util.test.junit.AutoTests" name="[65] /home/travis/build/icyphy/ptII/ptolemy/actor/lib/test/auto/Clock6.xml (RunModel)" time="0.008" />
  <testcase classname="ptolemy.util.test.junit.AutoTests" name="[66] /home/travis/build/icyphy/ptII/ptolemy/actor/lib/test/auto/Clock7.xml (RunModel)" time="0.012" />
  <testcase classname="ptolemy.util.test.junit.AutoTests" name="[67] /home/travis/build/icyphy/ptII/ptolemy/actor/lib/test/auto/Clock8.xml (RunModel)" time="0.018" />
  <testcase classname="ptolemy.util.test.junit.AutoTests" name="[68] /home/travis/build/icyphy/ptII/ptolemy/actor/lib/test/auto/Clock9.xml (RunModel)" time="0.017" />
  <testcase classname="ptolemy.util.test.junit.AutoTests" name="[69] /home/travis/build/icyphy/ptII/ptolemy/actor/lib/test/auto/CommDistDiscard.xml (RunModel)" time="0.031" />
  <testcase classname="ptolemy.util.test.junit.AutoTests" name="[70] /home/travis/build/icyphy/ptII/ptolemy/actor/lib/test/auto/Commutator.xml (RunModel)" time="0.015" />
  <testcase classname="ptolemy.util.test.junit.AutoTests" name="[71] /home/travis/build/icyphy/ptII/ptolemy/actor/lib/test/auto/Commutator2.xml (RunModel)" time="0.011" />
  <testcase classname="ptolemy.util.test.junit.AutoTests" name="[72] /home/travis/build/icyphy/ptII/ptolemy/actor/lib/test/auto/Commutator3.xml (RunModel)" time="0.012" />
  <testcase classname="ptolemy.util.test.junit.AutoTests" name="[73] /home/travis/build/icyphy/ptII/ptolemy/actor/lib/test/auto/Compare.xml (RunModel)" time="0.018" />
  <testcase classname="ptolemy.util.test.junit.AutoTests" name="[74] /home/travis/build/icyphy/ptII/ptolemy/actor/lib/test/auto/CompareDE.xml (RunModel)" time="0.018" />
  <testcase classname="ptolemy.util.test.junit.AutoTests" name="[75] /home/travis/build/icyphy/ptII/ptolemy/actor/lib/test/auto/ComplexDivide.xml (RunModel)" time="0.01" />
  <testcase classname="ptolemy.util.test.junit.AutoTests" name="[76] /home/travis/build/icyphy/ptII/ptolemy/actor/lib/test/auto/ComputeHistogram.xml (RunModel)" time="0.066" />
  <testcase classname="ptolemy.util.test.junit.AutoTests" name="[77] /home/travis/build/icyphy/ptII/ptolemy/actor/lib/test/auto/ConfigurationSelect.xml (RunModel)" time="0.044" />
  <testcase classname="ptolemy.util.test.junit.AutoTests" name="[78] /home/travis/build/icyphy/ptII/ptolemy/actor/lib/test/auto/ConfigurationSelect2.xml (RunModel)" time="0.011" />
  <testcase classname="ptolemy.util.test.junit.AutoTests" name="[79] /home/travis/build/icyphy/ptII/ptolemy/actor/lib/test/auto/ConfigurationSwitch.xml (RunModel)" time="0.019" />
  <testcase classname="ptolemy.util.test.junit.AutoTests" name="[80] /home/travis/build/icyphy/ptII/ptolemy/actor/lib/test/auto/ConfigurationSwitch2.xml (RunModel)" time="0.014" />
  <testcase classname="ptolemy.util.test.junit.AutoTests" name="[81] /home/travis/build/icyphy/ptII/ptolemy/actor/lib/test/auto/ConfigurationSwitchCloningBugWithClassRelationGroup.xml (RunModel)" time="0.015" />
  <testcase classname="ptolemy.util.test.junit.AutoTests" name="[82] /home/travis/build/icyphy/ptII/ptolemy/actor/lib/test/auto/ConfigurationSwitchSelectSDF.xml (RunModel)" time="0.015" />
  <testcase classname="ptolemy.util.test.junit.AutoTests" name="[83] /home/travis/build/icyphy/ptII/ptolemy/actor/lib/test/auto/ConfigurationSwitchSelectSDF2.xml (RunModel)" time="0.012" />
  <testcase classname="ptolemy.util.test.junit.AutoTests" name="[84] /home/travis/build/icyphy/ptII/ptolemy/actor/lib/test/auto/Const.xml (RunModel)" time="0.006" />
  <testcase classname="ptolemy.util.test.junit.AutoTests" name="[85] /home/travis/build/icyphy/ptII/ptolemy/actor/lib/test/auto/Const2.xml (RunModel)" time="0.008" />
  <testcase classname="ptolemy.util.test.junit.AutoTests" name="[86] /home/travis/build/icyphy/ptII/ptolemy/actor/lib/test/auto/Const3.xml (RunModel)" time="0.006" />
  <testcase classname="ptolemy.util.test.junit.AutoTests" name="[87] /home/travis/build/icyphy/ptII/ptolemy/actor/lib/test/auto/ConstantPublisherPort1.xml (RunModel)" time="0.021" />
  <testcase classname="ptolemy.util.test.junit.AutoTests" name="[88] /home/travis/build/icyphy/ptII/ptolemy/actor/lib/test/auto/ConstantPublisherPort2.xml (RunModel)" time="0.022" />
  <testcase classname="ptolemy.util.test.junit.AutoTests" name="[89] /home/travis/build/icyphy/ptII/ptolemy/actor/lib/test/auto/ConstantPublisherPort3.xml (RunModel)" time="0.016" />
  <testcase classname="ptolemy.util.test.junit.AutoTests" name="[90] /home/travis/build/icyphy/ptII/ptolemy/actor/lib/test/auto/ConstantPublisherPort4.xml (RunModel)" time="0.014" />
  <testcase classname="ptolemy.util.test.junit.AutoTests" name="[91] /home/travis/build/icyphy/ptII/ptolemy/actor/lib/test/auto/ConstantPublisherPort5.xml (RunModel)" time="0.048" />
  <testcase classname="ptolemy.util.test.junit.AutoTests" name="[92] /home/travis/build/icyphy/ptII/ptolemy/actor/lib/test/auto/ConstantPublisherPort6.xml (RunModel)" time="0.022" />
  <testcase classname="ptolemy.util.test.junit.AutoTests" name="[93] /home/travis/build/icyphy/ptII/ptolemy/actor/lib/test/auto/ConstantPublisherPort7.xml (RunModel)" time="0.031" />
  <testcase classname="ptolemy.util.test.junit.AutoTests" name="[94] /home/travis/build/icyphy/ptII/ptolemy/actor/lib/test/auto/ConstraintMonitor1.xml (RunModel)" time="0.031" />
  <testcase classname="ptolemy.util.test.junit.AutoTests" name="[95] /home/travis/build/icyphy/ptII/ptolemy/actor/lib/test/auto/ConstraintMonitor2.xml (RunModel)" time="0.013" />
  <testcase classname="ptolemy.util.test.junit.AutoTests" name="[96] /home/travis/build/icyphy/ptII/ptolemy/actor/lib/test/auto/ConstraintMonitor3.xml (RunModel)" time="0.015" />
  <testcase classname="ptolemy.util.test.junit.AutoTests" name="[97] /home/travis/build/icyphy/ptII/ptolemy/actor/lib/test/auto/ConstraintMonitor4.xml (RunModel)" time="0.01" />
  <testcase classname="ptolemy.util.test.junit.AutoTests" name="[98] /home/travis/build/icyphy/ptII/ptolemy/actor/lib/test/auto/ConstraintMonitor5.xml (RunModel)" time="0.015" />
  <testcase classname="ptolemy.util.test.junit.AutoTests" name="[99] /home/travis/build/icyphy/ptII/ptolemy/actor/lib/test/auto/ConstraintMonitor6.xml (RunModel)" time="0.019" />
  <testcase classname="ptolemy.util.test.junit.AutoTests" name="[100] /home/travis/build/icyphy/ptII/ptolemy/actor/lib/test/auto/ConstraintMonitor7.xml (RunModel)" time="0.014" />
  <testcase classname="ptolemy.util.test.junit.AutoTests" name="[101] /home/travis/build/icyphy/ptII/ptolemy/actor/lib/test/auto/ConstraintMonitor8.xml (RunModel)" time="0.016" />
  <testcase classname="ptolemy.util.test.junit.AutoTests" name="[102] /home/travis/build/icyphy/ptII/ptolemy/actor/lib/test/auto/Counter.xml (RunModel)" time="0.011" />
  <testcase classname="ptolemy.util.test.junit.AutoTests" name="[103] /home/travis/build/icyphy/ptII/ptolemy/actor/lib/test/auto/CurrentTimeSDF.xml (RunModel)" time="0.008" />
  <testcase classname="ptolemy.util.test.junit.AutoTests" name="[104] /home/travis/build/icyphy/ptII/ptolemy/actor/lib/test/auto/DB.xml (RunModel)" time="0.013" />
  <testcase classname="ptolemy.util.test.junit.AutoTests" name="[105] /home/travis/build/icyphy/ptII/ptolemy/actor/lib/test/auto/DBDE.xml (RunModel)" time="0.013" />
  <testcase classname="ptolemy.util.test.junit.AutoTests" name="[106] /home/travis/build/icyphy/ptII/ptolemy/actor/lib/test/auto/DateConstructor.xml (RunModel)" time="0.047" />
  <testcase classname="ptolemy.util.test.junit.AutoTests" name="[107] /home/travis/build/icyphy/ptII/ptolemy/actor/lib/test/auto/DelayTime.xml (RunModel)" time="0.014" />
  <testcase classname="ptolemy.util.test.junit.AutoTests" name="[108] /home/travis/build/icyphy/ptII/ptolemy/actor/lib/test/auto/Dictionary1.xml (RunModel)" time="0.017" />
  <testcase classname="ptolemy.util.test.junit.AutoTests" name="[109] /home/travis/build/icyphy/ptII/ptolemy/actor/lib/test/auto/Dictionary2.xml (RunModel)" time="0.015" />
  <testcase classname="ptolemy.util.test.junit.AutoTests" name="[110] /home/travis/build/icyphy/ptII/ptolemy/actor/lib/test/auto/Dictionary3.xml (RunModel)" time="0.011" />
  <testcase classname="ptolemy.util.test.junit.AutoTests" name="[111] /home/travis/build/icyphy/ptII/ptolemy/actor/lib/test/auto/Dictionary4.xml (RunModel)" time="0.022" />
  <testcase classname="ptolemy.util.test.junit.AutoTests" name="[112] /home/travis/build/icyphy/ptII/ptolemy/actor/lib/test/auto/Differential.xml (RunModel)" time="0.011" />
  <testcase classname="ptolemy.util.test.junit.AutoTests" name="[113] /home/travis/build/icyphy/ptII/ptolemy/actor/lib/test/auto/Director.xml (RunModel)" time="0.009" />
  <testcase classname="ptolemy.util.test.junit.AutoTests" name="[114] /home/travis/build/icyphy/ptII/ptolemy/actor/lib/test/auto/DiscreteClock.xml (RunModel)" time="0.007" />
  <testcase classname="ptolemy.util.test.junit.AutoTests" name="[115] /home/travis/build/icyphy/ptII/ptolemy/actor/lib/test/auto/DiscreteClock10.xml (RunModel)" time="0.01" />
  <testcase classname="ptolemy.util.test.junit.AutoTests" name="[116] /home/travis/build/icyphy/ptII/ptolemy/actor/lib/test/auto/DiscreteClock11.xml (RunModel)" time="0.011" />
  <testcase classname="ptolemy.util.test.junit.AutoTests" name="[117] /home/travis/build/icyphy/ptII/ptolemy/actor/lib/test/auto/DiscreteClock12.xml (RunModel)" time="0.014" />
  <testcase classname="ptolemy.util.test.junit.AutoTests" name="[118] /home/travis/build/icyphy/ptII/ptolemy/actor/lib/test/auto/DiscreteClock13.xml (RunModel)" time="0.02" />
  <testcase classname="ptolemy.util.test.junit.AutoTests" name="[119] /home/travis/build/icyphy/ptII/ptolemy/actor/lib/test/auto/DiscreteClock14.xml (RunModel)" time="0.014" />
  <testcase classname="ptolemy.util.test.junit.AutoTests" name="[120] /home/travis/build/icyphy/ptII/ptolemy/actor/lib/test/auto/DiscreteClock15.xml (RunModel)" time="0.012" />
  <testcase classname="ptolemy.util.test.junit.AutoTests" name="[121] /home/travis/build/icyphy/ptII/ptolemy/actor/lib/test/auto/DiscreteClock16.xml (RunModel)" time="0.037" />
  <testcase classname="ptolemy.util.test.junit.AutoTests" name="[122] /home/travis/build/icyphy/ptII/ptolemy/actor/lib/test/auto/DiscreteClock17.xml (RunModel)" time="0.041" />
  <testcase classname="ptolemy.util.test.junit.AutoTests" name="[123] /home/travis/build/icyphy/ptII/ptolemy/actor/lib/test/auto/DiscreteClock18.xml (RunModel)" time="0.035" />
  <testcase classname="ptolemy.util.test.junit.AutoTests" name="[124] /home/travis/build/icyphy/ptII/ptolemy/actor/lib/test/auto/DiscreteClock19.xml (RunModel)" time="0.036" />
  <testcase classname="ptolemy.util.test.junit.AutoTests" name="[125] /home/travis/build/icyphy/ptII/ptolemy/actor/lib/test/auto/DiscreteClock2.xml (RunModel)" time="0.013" />
  <testcase classname="ptolemy.util.test.junit.AutoTests" name="[126] /home/travis/build/icyphy/ptII/ptolemy/actor/lib/test/auto/DiscreteClock20.xml (RunModel)" time="0.016" />
  <testcase classname="ptolemy.util.test.junit.AutoTests" name="[127] /home/travis/build/icyphy/ptII/ptolemy/actor/lib/test/auto/DiscreteClock21.xml (RunModel)" time="0.548" />
  <testcase classname="ptolemy.util.test.junit.AutoTests" name="[128] /home/travis/build/icyphy/ptII/ptolemy/actor/lib/test/auto/DiscreteClock22.xml (RunModel)" time="0.012" />
  <testcase classname="ptolemy.util.test.junit.AutoTests" name="[129] /home/travis/build/icyphy/ptII/ptolemy/actor/lib/test/auto/DiscreteClock23.xml (RunModel)" time="0.011" />
  <testcase classname="ptolemy.util.test.junit.AutoTests" name="[130] /home/travis/build/icyphy/ptII/ptolemy/actor/lib/test/auto/DiscreteClock24.xml (RunModel)" time="0.01" />
  <testcase classname="ptolemy.util.test.junit.AutoTests" name="[131] /home/travis/build/icyphy/ptII/ptolemy/actor/lib/test/auto/DiscreteClock4.xml (RunModel)" time="0.01" />
  <testcase classname="ptolemy.util.test.junit.AutoTests" name="[132] /home/travis/build/icyphy/ptII/ptolemy/actor/lib/test/auto/DiscreteClock5.xml (RunModel)" time="0.012" />
  <testcase classname="ptolemy.util.test.junit.AutoTests" name="[133] /home/travis/build/icyphy/ptII/ptolemy/actor/lib/test/auto/DiscreteClock6.xml (RunModel)" time="0.007" />
  <testcase classname="ptolemy.util.test.junit.AutoTests" name="[134] /home/travis/build/icyphy/ptII/ptolemy/actor/lib/test/auto/DiscreteClock7.xml (RunModel)" time="0.008" />
  <testcase classname="ptolemy.util.test.junit.AutoTests" name="[135] /home/travis/build/icyphy/ptII/ptolemy/actor/lib/test/auto/DiscreteClock8.xml (RunModel)" time="0.01" />
  <testcase classname="ptolemy.util.test.junit.AutoTests" name="[136] /home/travis/build/icyphy/ptII/ptolemy/actor/lib/test/auto/DiscreteClock9.xml (RunModel)" time="0.014" />
  <testcase classname="ptolemy.util.test.junit.AutoTests" name="[137] /home/travis/build/icyphy/ptII/ptolemy/actor/lib/test/auto/DisplayArray.xml (RunModel)" time="0.018" />
  <testcase classname="ptolemy.util.test.junit.AutoTests" name="[138] /home/travis/build/icyphy/ptII/ptolemy/actor/lib/test/auto/Distributor.xml (RunModel)" time="0.013" />
  <testcase classname="ptolemy.util.test.junit.AutoTests" name="[139] /home/travis/build/icyphy/ptII/ptolemy/actor/lib/test/auto/Distributor2.xml (RunModel)" time="0.01" />
  <testcase classname="ptolemy.util.test.junit.AutoTests" name="[140] /home/travis/build/icyphy/ptII/ptolemy/actor/lib/test/auto/DownSample.xml (RunModel)" time="0.026" />
  <testcase classname="ptolemy.util.test.junit.AutoTests" name="[141] /home/travis/build/icyphy/ptII/ptolemy/actor/lib/test/auto/ElectronicUnitBase1.xml (RunModel)" time="0.067" />
  <testcase classname="ptolemy.util.test.junit.AutoTests" name="[142] /home/travis/build/icyphy/ptII/ptolemy/actor/lib/test/auto/ElementsToArray.xml (RunModel)" time="0.01" />
  <testcase classname="ptolemy.util.test.junit.AutoTests" name="[143] /home/travis/build/icyphy/ptII/ptolemy/actor/lib/test/auto/Equals.xml (RunModel)" time="0.014" />
  <testcase classname="ptolemy.util.test.junit.AutoTests" name="[144] /home/travis/build/icyphy/ptII/ptolemy/actor/lib/test/auto/Exec.xml (RunModel)" time="0.021" />
  <testcase classname="ptolemy.util.test.junit.AutoTests" name="[145] /home/travis/build/icyphy/ptII/ptolemy/actor/lib/test/auto/ExecEnvironment.xml (RunModel)" time="0.032" />
  <testcase classname="ptolemy.util.test.junit.AutoTests" name="[146] /home/travis/build/icyphy/ptII/ptolemy/actor/lib/test/auto/ExecNonZeroReturnOutput.xml (RunModel)" time="0.134" />
  <testcase classname="ptolemy.util.test.junit.AutoTests" name="[147] /home/travis/build/icyphy/ptII/ptolemy/actor/lib/test/auto/ExecRunDemos.xml (RunModel)" time="9.41" />
  <testcase classname="ptolemy.util.test.junit.AutoTests" name="[148] /home/travis/build/icyphy/ptII/ptolemy/actor/lib/test/auto/ExecStop.xml (RunModel)" time="5.025" />
  <testcase classname="ptolemy.util.test.junit.AutoTests" name="[149] /home/travis/build/icyphy/ptII/ptolemy/actor/lib/test/auto/ExecutionTimePN.xml (RunModel)" time="2.03" />
  <testcase classname="ptolemy.util.test.junit.AutoTests" name="[150] /home/travis/build/icyphy/ptII/ptolemy/actor/lib/test/auto/ExecutionTimeSDF.xml (RunModel)" time="6.031" />
  <testcase classname="ptolemy.util.test.junit.AutoTests" name="[151] /home/travis/build/icyphy/ptII/ptolemy/actor/lib/test/auto/Expression1.xml (RunModel)" time="0.011" />
  <testcase classname="ptolemy.util.test.junit.AutoTests" name="[152] /home/travis/build/icyphy/ptII/ptolemy/actor/lib/test/auto/Expression10.xml (RunModel)" time="0.016" />
  <testcase classname="ptolemy.util.test.junit.AutoTests" name="[153] /home/travis/build/icyphy/ptII/ptolemy/actor/lib/test/auto/Expression11.xml (RunModel)" time="0.014" />
  <testcase classname="ptolemy.util.test.junit.AutoTests" name="[154] /home/travis/build/icyphy/ptII/ptolemy/actor/lib/test/auto/Expression12.xml (RunModel)" time="0.015" />
  <testcase classname="ptolemy.util.test.junit.AutoTests" name="[155] /home/travis/build/icyphy/ptII/ptolemy/actor/lib/test/auto/Expression13.xml (RunModel)" time="0.015" />
  <testcase classname="ptolemy.util.test.junit.AutoTests" name="[156] /home/travis/build/icyphy/ptII/ptolemy/actor/lib/test/auto/Expression14.xml (RunModel)" time="0.019" />
  <testcase classname="ptolemy.util.test.junit.AutoTests" name="[157] /home/travis/build/icyphy/ptII/ptolemy/actor/lib/test/auto/Expression15.xml (RunModel)" time="0.01" />
  <testcase classname="ptolemy.util.test.junit.AutoTests" name="[158] /home/travis/build/icyphy/ptII/ptolemy/actor/lib/test/auto/Expression16.xml (RunModel)" time="0.017" />
  <testcase classname="ptolemy.util.test.junit.AutoTests" name="[159] /home/travis/build/icyphy/ptII/ptolemy/actor/lib/test/auto/Expression17.xml (RunModel)" time="0.015" />
  <testcase classname="ptolemy.util.test.junit.AutoTests" name="[160] /home/travis/build/icyphy/ptII/ptolemy/actor/lib/test/auto/Expression18.xml (RunModel)" time="0.016" />
  <testcase classname="ptolemy.util.test.junit.AutoTests" name="[161] /home/travis/build/icyphy/ptII/ptolemy/actor/lib/test/auto/Expression2.xml (RunModel)" time="0.017" />
  <testcase classname="ptolemy.util.test.junit.AutoTests" name="[162] /home/travis/build/icyphy/ptII/ptolemy/actor/lib/test/auto/Expression3.xml (RunModel)" time="0.017" />
  <testcase classname="ptolemy.util.test.junit.AutoTests" name="[163] /home/travis/build/icyphy/ptII/ptolemy/actor/lib/test/auto/Expression4.xml (RunModel)" time="0.023" />
  <testcase classname="ptolemy.util.test.junit.AutoTests" name="[164] /home/travis/build/icyphy/ptII/ptolemy/actor/lib/test/auto/Expression5.xml (RunModel)" time="0.015" />
  <testcase classname="ptolemy.util.test.junit.AutoTests" name="[165] /home/travis/build/icyphy/ptII/ptolemy/actor/lib/test/auto/Expression6.xml (RunModel)" time="0.013" />
  <testcase classname="ptolemy.util.test.junit.AutoTests" name="[166] /home/travis/build/icyphy/ptII/ptolemy/actor/lib/test/auto/Expression7.xml (RunModel)" time="0.014" />
  <testcase classname="ptolemy.util.test.junit.AutoTests" name="[167] /home/travis/build/icyphy/ptII/ptolemy/actor/lib/test/auto/Expression8.xml (RunModel)" time="0.013" />
  <testcase classname="ptolemy.util.test.junit.AutoTests" name="[168] /home/travis/build/icyphy/ptII/ptolemy/actor/lib/test/auto/Expression9.xml (RunModel)" time="0.01" />
  <testcase classname="ptolemy.util.test.junit.AutoTests" name="[169] /home/travis/build/icyphy/ptII/ptolemy/actor/lib/test/auto/ExpressionConcatenateArrayType.xml (RunModel)" time="0.024" />
  <testcase classname="ptolemy.util.test.junit.AutoTests" name="[170] /home/travis/build/icyphy/ptII/ptolemy/actor/lib/test/auto/ExpressionConcatenateArrayType2.xml (RunModel)" time="0.018" />
  <testcase classname="ptolemy.util.test.junit.AutoTests" name="[171] /home/travis/build/icyphy/ptII/ptolemy/actor/lib/test/auto/ExpressionFix.xml (RunModel)" time="0.032" />
  <testcase classname="ptolemy.util.test.junit.AutoTests" name="[172] /home/travis/build/icyphy/ptII/ptolemy/actor/lib/test/auto/ExpressionFix2.xml (RunModel)" time="0.016" />
  <testcase classname="ptolemy.util.test.junit.AutoTests" name="[173] /home/travis/build/icyphy/ptII/ptolemy/actor/lib/test/auto/ExpressionFix3.xml (RunModel)" time="0.012" />
  <testcase classname="ptolemy.util.test.junit.AutoTests" name="[174] /home/travis/build/icyphy/ptII/ptolemy/actor/lib/test/auto/FileWriter1.xml (RunModel)" time="0.011" />
  <testcase classname="ptolemy.util.test.junit.AutoTests" name="[175] /home/travis/build/icyphy/ptII/ptolemy/actor/lib/test/auto/FileWriter2.xml (RunModel)" time="0.01" />
  <testcase classname="ptolemy.util.test.junit.AutoTests" name="[176] /home/travis/build/icyphy/ptII/ptolemy/actor/lib/test/auto/FileWriter3.xml (RunModel)" time="0.016" />
  <testcase classname="ptolemy.util.test.junit.AutoTests" name="[177] /home/travis/build/icyphy/ptII/ptolemy/actor/lib/test/auto/Gaussian.xml (RunModel)" time="0.012" />
  <testcase classname="ptolemy.util.test.junit.AutoTests" name="[178] /home/travis/build/icyphy/ptII/ptolemy/actor/lib/test/auto/Gaussian1.xml (RunModel)" time="0.015" />
  <testcase classname="ptolemy.util.test.junit.AutoTests" name="[179] /home/travis/build/icyphy/ptII/ptolemy/actor/lib/test/auto/Gaussian2.xml (RunModel)" time="0.017" />
  <testcase classname="ptolemy.util.test.junit.AutoTests" name="[180] /home/travis/build/icyphy/ptII/ptolemy/actor/lib/test/auto/GradientAdaptiveLattice.xml (RunModel)" time="0.017" />
  <testcase classname="ptolemy.util.test.junit.AutoTests" name="[181] /home/travis/build/icyphy/ptII/ptolemy/actor/lib/test/auto/IIR.xml (RunModel)" time="0.013" />
  <testcase classname="ptolemy.util.test.junit.AutoTests" name="[182] /home/travis/build/icyphy/ptII/ptolemy/actor/lib/test/auto/InputOutputTransparentPorts.xml (RunModel)" time="0.017" />
  <testcase classname="ptolemy.util.test.junit.AutoTests" name="[183] /home/travis/build/icyphy/ptII/ptolemy/actor/lib/test/auto/Interpolator.xml (RunModel)" time="0.01" />
  <testcase classname="ptolemy.util.test.junit.AutoTests" name="[184] /home/travis/build/icyphy/ptII/ptolemy/actor/lib/test/auto/InterpolatorFiringLimitDE.xml (RunModel)" time="0.013" />
  <testcase classname="ptolemy.util.test.junit.AutoTests" name="[185] /home/travis/build/icyphy/ptII/ptolemy/actor/lib/test/auto/Lattice.xml (RunModel)" time="0.008" />
  <testcase classname="ptolemy.util.test.junit.AutoTests" name="[186] /home/travis/build/icyphy/ptII/ptolemy/actor/lib/test/auto/LazyAOCTestLazy.xml (RunModel)" time="0.025" />
  <testcase classname="ptolemy.util.test.junit.AutoTests" name="[187] /home/travis/build/icyphy/ptII/ptolemy/actor/lib/test/auto/LazyAOCTestNonLazy.xml (RunModel)" time="0.044" />
  <testcase classname="ptolemy.util.test.junit.AutoTests" name="[188] /home/travis/build/icyphy/ptII/ptolemy/actor/lib/test/auto/LazyInnerClass.xml (RunModel)" time="0.045" />
  <testcase classname="ptolemy.util.test.junit.AutoTests" name="[189] /home/travis/build/icyphy/ptII/ptolemy/actor/lib/test/auto/LazyPubSub.xml (RunModel)" time="0.061" />
  <testcase classname="ptolemy.util.test.junit.AutoTests" name="[190] /home/travis/build/icyphy/ptII/ptolemy/actor/lib/test/auto/LazyPubSub2.xml (RunModel)" time="0.045" />
  <testcase classname="ptolemy.util.test.junit.AutoTests" name="[191] /home/travis/build/icyphy/ptII/ptolemy/actor/lib/test/auto/LazyPubSub3.xml (RunModel)" time="0.033" />
  <testcase classname="ptolemy.util.test.junit.AutoTests" name="[192] /home/travis/build/icyphy/ptII/ptolemy/actor/lib/test/auto/LazySubClassModel.xml (RunModel)" time="0.029" />
  <testcase classname="ptolemy.util.test.junit.AutoTests" name="[193] /home/travis/build/icyphy/ptII/ptolemy/actor/lib/test/auto/LevelCrossTest1.xml (RunModel)" time="0.009" />
  <testcase classname="ptolemy.util.test.junit.AutoTests" name="[194] /home/travis/build/icyphy/ptII/ptolemy/actor/lib/test/auto/LevelCrossTest10.xml (RunModel)" time="0.014" />
  <testcase classname="ptolemy.util.test.junit.AutoTests" name="[195] /home/travis/build/icyphy/ptII/ptolemy/actor/lib/test/auto/LevelCrossTest11.xml (RunModel)" time="0.015" />
  <testcase classname="ptolemy.util.test.junit.AutoTests" name="[196] /home/travis/build/icyphy/ptII/ptolemy/actor/lib/test/auto/LevelCrossTest12.xml (RunModel)" time="0.012" />
  <testcase classname="ptolemy.util.test.junit.AutoTests" name="[197] /home/travis/build/icyphy/ptII/ptolemy/actor/lib/test/auto/LevelCrossTest13.xml (RunModel)" time="0.017" />
  <testcase classname="ptolemy.util.test.junit.AutoTests" name="[198] /home/travis/build/icyphy/ptII/ptolemy/actor/lib/test/auto/LevelCrossTest2.xml (RunModel)" time="0.01" />
  <testcase classname="ptolemy.util.test.junit.AutoTests" name="[199] /home/travis/build/icyphy/ptII/ptolemy/actor/lib/test/auto/LevelCrossTest3.xml (RunModel)" time="0.011" />
  <testcase classname="ptolemy.util.test.junit.AutoTests" name="[200] /home/travis/build/icyphy/ptII/ptolemy/actor/lib/test/auto/LevelCrossTest4.xml (RunModel)" time="0.01" />
  <testcase classname="ptolemy.util.test.junit.AutoTests" name="[201] /home/travis/build/icyphy/ptII/ptolemy/actor/lib/test/auto/LevelCrossTest5.xml (RunModel)" time="0.012" />
  <testcase classname="ptolemy.util.test.junit.AutoTests" name="[202] /home/travis/build/icyphy/ptII/ptolemy/actor/lib/test/auto/LevelCrossTest6.xml (RunModel)" time="0.018" />
  <testcase classname="ptolemy.util.test.junit.AutoTests" name="[203] /home/travis/build/icyphy/ptII/ptolemy/actor/lib/test/auto/LevelCrossTest7.xml (RunModel)" time="0.013" />
  <testcase classname="ptolemy.util.test.junit.AutoTests" name="[204] /home/travis/build/icyphy/ptII/ptolemy/actor/lib/test/auto/LevelCrossTest8.xml (RunModel)" time="0.015" />
  <testcase classname="ptolemy.util.test.junit.AutoTests" name="[205] /home/travis/build/icyphy/ptII/ptolemy/actor/lib/test/auto/LevelCrossTest9.xml (RunModel)" time="0.017" />
  <testcase classname="ptolemy.util.test.junit.AutoTests" name="[206] /home/travis/build/icyphy/ptII/ptolemy/actor/lib/test/auto/LevinsonDurbin.xml (RunModel)" time="0.014" />
  <testcase classname="ptolemy.util.test.junit.AutoTests" name="[207] /home/travis/build/icyphy/ptII/ptolemy/actor/lib/test/auto/LevinsonDurbin2.xml (RunModel)" time="0.008" />
  <testcase classname="ptolemy.util.test.junit.AutoTests" name="[208] /home/travis/build/icyphy/ptII/ptolemy/actor/lib/test/auto/LevinsonDurbin3.xml (RunModel)" time="0.008" />
  <testcase classname="ptolemy.util.test.junit.AutoTests" name="[209] /home/travis/build/icyphy/ptII/ptolemy/actor/lib/test/auto/Limiter.xml (RunModel)" time="0.03" />
  <testcase classname="ptolemy.util.test.junit.AutoTests" name="[210] /home/travis/build/icyphy/ptII/ptolemy/actor/lib/test/auto/LinearDifferenceEquationSystem.xml (RunModel)" time="0.023" />
  <testcase classname="ptolemy.util.test.junit.AutoTests" name="[211] /home/travis/build/icyphy/ptII/ptolemy/actor/lib/test/auto/LookupTable.xml (RunModel)" time="0.009" />
  <testcase classname="ptolemy.util.test.junit.AutoTests" name="[212] /home/travis/build/icyphy/ptII/ptolemy/actor/lib/test/auto/MathFunction.xml (RunModel)" time="0.024" />
  <testcase classname="ptolemy.util.test.junit.AutoTests" name="[213] /home/travis/build/icyphy/ptII/ptolemy/actor/lib/test/auto/MathFunction2.xml (RunModel)" time="0.014" />
  <testcase classname="ptolemy.util.test.junit.AutoTests" name="[214] /home/travis/build/icyphy/ptII/ptolemy/actor/lib/test/auto/MathFunction3.xml (RunModel)" time="0.026" />
  <testcase classname="ptolemy.util.test.junit.AutoTests" name="[215] /home/travis/build/icyphy/ptII/ptolemy/actor/lib/test/auto/MatrixCropBoolean.xml (RunModel)" time="0.009" />
  <testcase classname="ptolemy.util.test.junit.AutoTests" name="[216] /home/travis/build/icyphy/ptII/ptolemy/actor/lib/test/auto/MatrixCropComplex.xml (RunModel)" time="0.008" />
  <testcase classname="ptolemy.util.test.junit.AutoTests" name="[217] /home/travis/build/icyphy/ptII/ptolemy/actor/lib/test/auto/MatrixCropDouble.xml (RunModel)" time="0.008" />
  <testcase classname="ptolemy.util.test.junit.AutoTests" name="[218] /home/travis/build/icyphy/ptII/ptolemy/actor/lib/test/auto/MatrixCropFix.xml (RunModel)" time="0.009" />
  <testcase classname="ptolemy.util.test.junit.AutoTests" name="[219] /home/travis/build/icyphy/ptII/ptolemy/actor/lib/test/auto/MatrixCropInt.xml (RunModel)" time="0.008" />
  <testcase classname="ptolemy.util.test.junit.AutoTests" name="[220] /home/travis/build/icyphy/ptII/ptolemy/actor/lib/test/auto/MatrixCropLong.xml (RunModel)" time="0.008" />
  <testcase classname="ptolemy.util.test.junit.AutoTests" name="[221] /home/travis/build/icyphy/ptII/ptolemy/actor/lib/test/auto/MatrixToArray.xml (RunModel)" time="0.063" />
  <testcase classname="ptolemy.util.test.junit.AutoTests" name="[222] /home/travis/build/icyphy/ptII/ptolemy/actor/lib/test/auto/MaxIndex.xml (RunModel)" time="0.01" />
  <testcase classname="ptolemy.util.test.junit.AutoTests" name="[223] /home/travis/build/icyphy/ptII/ptolemy/actor/lib/test/auto/Maximum.xml (RunModel)" time="0.012" />
  <testcase classname="ptolemy.util.test.junit.AutoTests" name="[224] /home/travis/build/icyphy/ptII/ptolemy/actor/lib/test/auto/MaximumComplex.xml (RunModel)" time="0.012" />
  <testcase classname="ptolemy.util.test.junit.AutoTests" name="[225] /home/travis/build/icyphy/ptII/ptolemy/actor/lib/test/auto/MethodCallTest.xml (RunModel)" time="0.017" />
  <testcase classname="ptolemy.util.test.junit.AutoTests" name="[226] /home/travis/build/icyphy/ptII/ptolemy/actor/lib/test/auto/Minimum.xml (RunModel)" time="0.011" />
  <testcase classname="ptolemy.util.test.junit.AutoTests" name="[227] /home/travis/build/icyphy/ptII/ptolemy/actor/lib/test/auto/MinimumComplex.xml (RunModel)" time="0.012" />
  <testcase classname="ptolemy.util.test.junit.AutoTests" name="[228] /home/travis/build/icyphy/ptII/ptolemy/actor/lib/test/auto/MinimumMultiports.xml (RunModel)" time="0.017" />
  <testcase classname="ptolemy.util.test.junit.AutoTests" name="[229] /home/travis/build/icyphy/ptII/ptolemy/actor/lib/test/auto/ModifyDate.xml (RunModel)" time="0.037" />
  <testcase classname="ptolemy.util.test.junit.AutoTests" name="[230] /home/travis/build/icyphy/ptII/ptolemy/actor/lib/test/auto/ModifyDate2.xml (RunModel)" time="0.027" />
  <testcase classname="ptolemy.util.test.junit.AutoTests" name="[231] /home/travis/build/icyphy/ptII/ptolemy/actor/lib/test/auto/MovingAverage.xml (RunModel)" time="0.011" />
  <testcase classname="ptolemy.util.test.junit.AutoTests" name="[232] /home/travis/build/icyphy/ptII/ptolemy/actor/lib/test/auto/MovingMaximum.xml (RunModel)" time="0.01" />
  <testcase classname="ptolemy.util.test.junit.AutoTests" name="[233] /home/travis/build/icyphy/ptII/ptolemy/actor/lib/test/auto/MultipleLinksToSameRelation.xml (RunModel)" time="0.006" />
  <testcase classname="ptolemy.util.test.junit.AutoTests" name="[234] /home/travis/build/icyphy/ptII/ptolemy/actor/lib/test/auto/MultipleLinksToSameRelationDE.xml (RunModel)" time="0.007" />
  <testcase classname="ptolemy.util.test.junit.AutoTests" name="[235] /home/travis/build/icyphy/ptII/ptolemy/actor/lib/test/auto/Multiplexor.xml (RunModel)" time="0.011" />
  <testcase classname="ptolemy.util.test.junit.AutoTests" name="[236] /home/travis/build/icyphy/ptII/ptolemy/actor/lib/test/auto/Multiplexor1.xml (RunModel)" time="0.012" />
  <testcase classname="ptolemy.util.test.junit.AutoTests" name="[237] /home/travis/build/icyphy/ptII/ptolemy/actor/lib/test/auto/Multiplexor2.xml (RunModel)" time="0.012" />
  <testcase classname="ptolemy.util.test.junit.AutoTests" name="[238] /home/travis/build/icyphy/ptII/ptolemy/actor/lib/test/auto/Multiplexor3.xml (RunModel)" time="0.009" />
  <testcase classname="ptolemy.util.test.junit.AutoTests" name="[239] /home/travis/build/icyphy/ptII/ptolemy/actor/lib/test/auto/MultiplexorDE.xml (RunModel)" time="0.015" />
  <testcase classname="ptolemy.util.test.junit.AutoTests" name="[240] /home/travis/build/icyphy/ptII/ptolemy/actor/lib/test/auto/MultiportBroadcastTest.xml (RunModel)" time="0.086" />
  <testcase classname="ptolemy.util.test.junit.AutoTests" name="[241] /home/travis/build/icyphy/ptII/ptolemy/actor/lib/test/auto/MultiportOutHangDuringGetWidth.xml (RunModel)" time="0.041" />
  <testcase classname="ptolemy.util.test.junit.AutoTests" name="[242] /home/travis/build/icyphy/ptII/ptolemy/actor/lib/test/auto/NilToken.xml (RunModel)" time="0.007" />
  <testcase classname="ptolemy.util.test.junit.AutoTests" name="[243] /home/travis/build/icyphy/ptII/ptolemy/actor/lib/test/auto/NilTokenNonStrictTest.xml (RunModel)" time="0.011" />
  <testcase classname="ptolemy.util.test.junit.AutoTests" name="[244] /home/travis/build/icyphy/ptII/ptolemy/actor/lib/test/auto/NilTokenRecord.xml (RunModel)" time="0.023" />
  <testcase classname="ptolemy.util.test.junit.AutoTests" name="[245] /home/travis/build/icyphy/ptII/ptolemy/actor/lib/test/auto/NilTokenTypeTest.xml (RunModel)" time="0.026" />
  <testcase classname="ptolemy.util.test.junit.AutoTests" name="[246] /home/travis/build/icyphy/ptII/ptolemy/actor/lib/test/auto/ObjectToken1.xml (RunModel)" time="0.009" />
  <testcase classname="ptolemy.util.test.junit.AutoTests" name="[247] /home/travis/build/icyphy/ptII/ptolemy/actor/lib/test/auto/OrderedMerge.xml (RunModel)" time="0.014" />
  <testcase classname="ptolemy.util.test.junit.AutoTests" name="[248] /home/travis/build/icyphy/ptII/ptolemy/actor/lib/test/auto/OrderedRecordDisassembler.xml (RunModel)" time="0.015" />
  <testcase classname="ptolemy.util.test.junit.AutoTests" name="[249] /home/travis/build/icyphy/ptII/ptolemy/actor/lib/test/auto/OrderedRecordDisassembler2.xml (RunModel)" time="0.017" />
  <testcase classname="ptolemy.util.test.junit.AutoTests" name="[250] /home/travis/build/icyphy/ptII/ptolemy/actor/lib/test/auto/OrderedRecordUpdater.xml (RunModel)" time="0.017" />
  <testcase classname="ptolemy.util.test.junit.AutoTests" name="[251] /home/travis/build/icyphy/ptII/ptolemy/actor/lib/test/auto/OrderedRecordUpdater2.xml (RunModel)" time="0.013" />
  <testcase classname="ptolemy.util.test.junit.AutoTests" name="[252] /home/travis/build/icyphy/ptII/ptolemy/actor/lib/test/auto/PhaseUnwrap.xml (RunModel)" time="0.011" />
  <testcase classname="ptolemy.util.test.junit.AutoTests" name="[253] /home/travis/build/icyphy/ptII/ptolemy/actor/lib/test/auto/PoissonClock.xml (RunModel)" time="0.009" />
  <testcase classname="ptolemy.util.test.junit.AutoTests" name="[254] /home/travis/build/icyphy/ptII/ptolemy/actor/lib/test/auto/PoissonClock2.xml (RunModel)" time="0.017" />
  <testcase classname="ptolemy.util.test.junit.AutoTests" name="[255] /home/travis/build/icyphy/ptII/ptolemy/actor/lib/test/auto/PoissonClock3.xml (RunModel)" time="0.014" />
  <testcase classname="ptolemy.util.test.junit.AutoTests" name="[256] /home/travis/build/icyphy/ptII/ptolemy/actor/lib/test/auto/PubSubWithInitialTokens.xml (RunModel)" time="0.012" />
  <testcase classname="ptolemy.util.test.junit.AutoTests" name="[257] /home/travis/build/icyphy/ptII/ptolemy/actor/lib/test/auto/PubSubWithInitialTokens2.xml (RunModel)" time="0.013" />
  <testcase classname="ptolemy.util.test.junit.AutoTests" name="[258] /home/travis/build/icyphy/ptII/ptolemy/actor/lib/test/auto/PublisherClassNoParameter.xml (RunModel)" time="0.029" />
  <testcase classname="ptolemy.util.test.junit.AutoTests" name="[259] /home/travis/build/icyphy/ptII/ptolemy/actor/lib/test/auto/PublisherClassParameter.xml (RunModel)" time="0.019" />
  <testcase classname="ptolemy.util.test.junit.AutoTests" name="[260] /home/travis/build/icyphy/ptII/ptolemy/actor/lib/test/auto/PublisherNonStrictTest.xml (RunModel)" time="0.013" />
  <testcase classname="ptolemy.util.test.junit.AutoTests" name="[261] /home/travis/build/icyphy/ptII/ptolemy/actor/lib/test/auto/PublisherPort1.xml (RunModel)" time="0.016" />
  <testcase classname="ptolemy.util.test.junit.AutoTests" name="[262] /home/travis/build/icyphy/ptII/ptolemy/actor/lib/test/auto/PublisherPort2.xml (RunModel)" time="0.013" />
  <testcase classname="ptolemy.util.test.junit.AutoTests" name="[263] /home/travis/build/icyphy/ptII/ptolemy/actor/lib/test/auto/PublisherPort3.xml (RunModel)" time="0.012" />
  <testcase classname="ptolemy.util.test.junit.AutoTests" name="[264] /home/travis/build/icyphy/ptII/ptolemy/actor/lib/test/auto/PublisherPort4.xml (RunModel)" time="0.01" />
  <testcase classname="ptolemy.util.test.junit.AutoTests" name="[265] /home/travis/build/icyphy/ptII/ptolemy/actor/lib/test/auto/PublisherPort5.xml (RunModel)" time="0.013" />
  <testcase classname="ptolemy.util.test.junit.AutoTests" name="[266] /home/travis/build/icyphy/ptII/ptolemy/actor/lib/test/auto/PublisherPort5LookAlike.xml (RunModel)" time="0.013" />
  <testcase classname="ptolemy.util.test.junit.AutoTests" name="[267] /home/travis/build/icyphy/ptII/ptolemy/actor/lib/test/auto/PublisherPort6.xml (RunModel)" time="0.012" />
  <testcase classname="ptolemy.util.test.junit.AutoTests" name="[268] /home/travis/build/icyphy/ptII/ptolemy/actor/lib/test/auto/PublisherPort7.xml (RunModel)" time="0.014" />
  <testcase classname="ptolemy.util.test.junit.AutoTests" name="[269] /home/travis/build/icyphy/ptII/ptolemy/actor/lib/test/auto/PublisherPort8.xml (RunModel)" time="0.015" />
  <testcase classname="ptolemy.util.test.junit.AutoTests" name="[270] /home/travis/build/icyphy/ptII/ptolemy/actor/lib/test/auto/PublisherPortSubscriberChannelVariablesAOC2.xml (RunModel)" time="0.027" />
  <testcase classname="ptolemy.util.test.junit.AutoTests" name="[271] /home/travis/build/icyphy/ptII/ptolemy/actor/lib/test/auto/PublisherPortSubscriberOpaqueWidthInference.xml (RunModel)" time="0.013" />
  <testcase classname="ptolemy.util.test.junit.AutoTests" name="[272] /home/travis/build/icyphy/ptII/ptolemy/actor/lib/test/auto/PublisherPortSubscriberPortAdjacent.xml (RunModel)" time="0.015" />
  <testcase classname="ptolemy.util.test.junit.AutoTests" name="[273] /home/travis/build/icyphy/ptII/ptolemy/actor/lib/test/auto/PublisherPortSubscriberPortExpression.xml (RunModel)" time="0.014" />
  <testcase classname="ptolemy.util.test.junit.AutoTests" name="[274] /home/travis/build/icyphy/ptII/ptolemy/actor/lib/test/auto/PublisherPortSubscriberPortOpaqueD3Reverse.xml (RunModel)" time="0.019" />
  <testcase classname="ptolemy.util.test.junit.AutoTests" name="[275] /home/travis/build/icyphy/ptII/ptolemy/actor/lib/test/auto/PublisherPortSubscriberPortOpaqueWidthInference.xml (RunModel)" time="0.014" />
  <testcase classname="ptolemy.util.test.junit.AutoTests" name="[276] /home/travis/build/icyphy/ptII/ptolemy/actor/lib/test/auto/PublisherPortToplevelSubscriberPortAOC.xml (RunModel)" time="0.008" />
  <testcase classname="ptolemy.util.test.junit.AutoTests" name="[277] /home/travis/build/icyphy/ptII/ptolemy/actor/lib/test/auto/PublisherSubscriber.xml (RunModel)" time="0.011" />
  <testcase classname="ptolemy.util.test.junit.AutoTests" name="[278] /home/travis/build/icyphy/ptII/ptolemy/actor/lib/test/auto/PublisherSubscriber10.xml (RunModel)" time="0.017" />
  <testcase classname="ptolemy.util.test.junit.AutoTests" name="[279] /home/travis/build/icyphy/ptII/ptolemy/actor/lib/test/auto/PublisherSubscriber10InitialOutputs.xml (RunModel)" time="0.018" />
  <testcase classname="ptolemy.util.test.junit.AutoTests" name="[280] /home/travis/build/icyphy/ptII/ptolemy/actor/lib/test/auto/PublisherSubscriber11.xml (RunModel)" time="0.031" />
  <testcase classname="ptolemy.util.test.junit.AutoTests" name="[281] /home/travis/build/icyphy/ptII/ptolemy/actor/lib/test/auto/PublisherSubscriber12.xml (RunModel)" time="0.021" />
  <testcase classname="ptolemy.util.test.junit.AutoTests" name="[282] /home/travis/build/icyphy/ptII/ptolemy/actor/lib/test/auto/PublisherSubscriber13.xml (RunModel)" time="0.009" />
  <testcase classname="ptolemy.util.test.junit.AutoTests" name="[283] /home/travis/build/icyphy/ptII/ptolemy/actor/lib/test/auto/PublisherSubscriber14.xml (RunModel)" time="0.019" />
  <testcase classname="ptolemy.util.test.junit.AutoTests" name="[284] /home/travis/build/icyphy/ptII/ptolemy/actor/lib/test/auto/PublisherSubscriber2.xml (RunModel)" time="0.01" />
  <testcase classname="ptolemy.util.test.junit.AutoTests" name="[285] /home/travis/build/icyphy/ptII/ptolemy/actor/lib/test/auto/PublisherSubscriber3.xml (RunModel)" time="0.009" />
  <testcase classname="ptolemy.util.test.junit.AutoTests" name="[286] /home/travis/build/icyphy/ptII/ptolemy/actor/lib/test/auto/PublisherSubscriber4.xml (RunModel)" time="0.007" />
  <testcase classname="ptolemy.util.test.junit.AutoTests" name="[287] /home/travis/build/icyphy/ptII/ptolemy/actor/lib/test/auto/PublisherSubscriber5.xml (RunModel)" time="0.01" />
  <testcase classname="ptolemy.util.test.junit.AutoTests" name="[288] /home/travis/build/icyphy/ptII/ptolemy/actor/lib/test/auto/PublisherSubscriber6.xml (RunModel)" time="0.013" />
  <testcase classname="ptolemy.util.test.junit.AutoTests" name="[289] /home/travis/build/icyphy/ptII/ptolemy/actor/lib/test/auto/PublisherSubscriber7.xml (RunModel)" time="0.017" />
  <testcase classname="ptolemy.util.test.junit.AutoTests" name="[290] /home/travis/build/icyphy/ptII/ptolemy/actor/lib/test/auto/PublisherSubscriber8.xml (RunModel)" time="0.026" />
  <testcase classname="ptolemy.util.test.junit.AutoTests" name="[291] /home/travis/build/icyphy/ptII/ptolemy/actor/lib/test/auto/PublisherSubscriber9.xml (RunModel)" time="0.015" />
  <testcase classname="ptolemy.util.test.junit.AutoTests" name="[292] /home/travis/build/icyphy/ptII/ptolemy/actor/lib/test/auto/PublisherSubscriberAdjacent.xml (RunModel)" time="0.015" />
  <testcase classname="ptolemy.util.test.junit.AutoTests" name="[293] /home/travis/build/icyphy/ptII/ptolemy/actor/lib/test/auto/PublisherSubscriberChannelVariablesAOC2.xml (RunModel)" time="0.029" />
  <testcase classname="ptolemy.util.test.junit.AutoTests" name="[294] /home/travis/build/icyphy/ptII/ptolemy/actor/lib/test/auto/PublisherSubscriberD3.xml (RunModel)" time="0.012" />
  <testcase classname="ptolemy.util.test.junit.AutoTests" name="[295] /home/travis/build/icyphy/ptII/ptolemy/actor/lib/test/auto/PublisherSubscriberD3Reverse.xml (RunModel)" time="0.011" />
  <testcase classname="ptolemy.util.test.junit.AutoTests" name="[296] /home/travis/build/icyphy/ptII/ptolemy/actor/lib/test/auto/PublisherSubscriberExpression.xml (RunModel)" time="0.015" />
  <testcase classname="ptolemy.util.test.junit.AutoTests" name="[297] /home/travis/build/icyphy/ptII/ptolemy/actor/lib/test/auto/PublisherSubscriberOpaque.xml (RunModel)" time="0.014" />
  <testcase classname="ptolemy.util.test.junit.AutoTests" name="[298] /home/travis/build/icyphy/ptII/ptolemy/actor/lib/test/auto/PublisherSubscriberOpaqueD3.xml (RunModel)" time="0.02" />
  <testcase classname="ptolemy.util.test.junit.AutoTests" name="[299] /home/travis/build/icyphy/ptII/ptolemy/actor/lib/test/auto/PublisherSubscriberOpaqueD3Reverse.xml (RunModel)" time="0.019" />
  <testcase classname="ptolemy.util.test.junit.AutoTests" name="[300] /home/travis/build/icyphy/ptII/ptolemy/actor/lib/test/auto/PublisherSubscriberOpaqueWidthInference.xml (RunModel)" time="0.02" />
  <testcase classname="ptolemy.util.test.junit.AutoTests" name="[301] /home/travis/build/icyphy/ptII/ptolemy/actor/lib/test/auto/PublisherTestSubscriber.xml (RunModel)" time="0.013" />
  <testcase classname="ptolemy.util.test.junit.AutoTests" name="[302] /home/travis/build/icyphy/ptII/ptolemy/actor/lib/test/auto/PublisherToplevelSubscriberPortAOC.xml (RunModel)" time="0.009" />
  <testcase classname="ptolemy.util.test.junit.AutoTests" name="[303] /home/travis/build/icyphy/ptII/ptolemy/actor/lib/test/auto/PulseFiringLimitDE.xml (RunModel)" time="0.013" />
  <testcase classname="ptolemy.util.test.junit.AutoTests" name="[304] /home/travis/build/icyphy/ptII/ptolemy/actor/lib/test/auto/Ramp1.xml (RunModel)" time="0.007" />
  <testcase classname="ptolemy.util.test.junit.AutoTests" name="[305] /home/travis/build/icyphy/ptII/ptolemy/actor/lib/test/auto/RampFiringLimitDE.xml (RunModel)" time="0.008" />
  <testcase classname="ptolemy.util.test.junit.AutoTests" name="[306] /home/travis/build/icyphy/ptII/ptolemy/actor/lib/test/auto/RampFiringLimitSDF.xml (RunModel)" time="0.009" />
  <testcase classname="ptolemy.util.test.junit.AutoTests" name="[307] /home/travis/build/icyphy/ptII/ptolemy/actor/lib/test/auto/RandomInteger.xml (RunModel)" time="0.007" />
  <testcase classname="ptolemy.util.test.junit.AutoTests" name="[308] /home/travis/build/icyphy/ptII/ptolemy/actor/lib/test/auto/ReadFile1.xml (RunModel)" time="0.008" />
  <testcase classname="ptolemy.util.test.junit.AutoTests" name="[309] /home/travis/build/icyphy/ptII/ptolemy/actor/lib/test/auto/ReadFile2.xml (RunModel)" time="0.007" />
  <testcase classname="ptolemy.util.test.junit.AutoTests" name="[310] /home/travis/build/icyphy/ptII/ptolemy/actor/lib/test/auto/Reader.xml (RunModel)" time="0.016" />
  <testcase classname="ptolemy.util.test.junit.AutoTests" name="[311] /home/travis/build/icyphy/ptII/ptolemy/actor/lib/test/auto/RecordAssemblerDisplayNameTest.xml (RunModel)" time="2.955" />
  <testcase classname="ptolemy.util.test.junit.AutoTests" name="[312] /home/travis/build/icyphy/ptII/ptolemy/actor/lib/test/auto/RecordAssemblerTypeError.xml (RunModel)" time="0.031" />
  <testcase classname="ptolemy.util.test.junit.AutoTests" name="[313] /home/travis/build/icyphy/ptII/ptolemy/actor/lib/test/auto/RecordDisassember.xml (RunModel)" time="0.009" />
  <testcase classname="ptolemy.util.test.junit.AutoTests" name="[314] /home/travis/build/icyphy/ptII/ptolemy/actor/lib/test/auto/RecordDisassemberDisplayNameTest.xml (RunModel)" time="0.016" />
  <testcase classname="ptolemy.util.test.junit.AutoTests" name="[315] /home/travis/build/icyphy/ptII/ptolemy/actor/lib/test/auto/RecordDisassembler.xml (RunModel)" time="0.008" />
  <testcase classname="ptolemy.util.test.junit.AutoTests" name="[316] /home/travis/build/icyphy/ptII/ptolemy/actor/lib/test/auto/RecordDisassembler2.xml (RunModel)" time="0.011" />
  <testcase classname="ptolemy.util.test.junit.AutoTests" name="[317] /home/travis/build/icyphy/ptII/ptolemy/actor/lib/test/auto/RecordUpdater.xml (RunModel)" time="0.008" />
  <testcase classname="ptolemy.util.test.junit.AutoTests" name="[318] /home/travis/build/icyphy/ptII/ptolemy/actor/lib/test/auto/RecordUpdater2.xml (RunModel)" time="0.008" />
  <testcase classname="ptolemy.util.test.junit.AutoTests" name="[319] /home/travis/build/icyphy/ptII/ptolemy/actor/lib/test/auto/RecursiveLattice.xml (RunModel)" time="0.007" />
  <testcase classname="ptolemy.util.test.junit.AutoTests" name="[320] /home/travis/build/icyphy/ptII/ptolemy/actor/lib/test/auto/Router.xml (RunModel)" time="3.022" />
  <testcase classname="ptolemy.util.test.junit.AutoTests" name="[321] /home/travis/build/icyphy/ptII/ptolemy/actor/lib/test/auto/Router2.xml (RunModel)" time="3.024" />
  <testcase classname="ptolemy.util.test.junit.AutoTests" name="[322] /home/travis/build/icyphy/ptII/ptolemy/actor/lib/test/auto/RunningMaximum.xml (RunModel)" time="0.009" />
  <testcase classname="ptolemy.util.test.junit.AutoTests" name="[323] /home/travis/build/icyphy/ptII/ptolemy/actor/lib/test/auto/RunningMinimum.xml (RunModel)" time="0.009" />
  <testcase classname="ptolemy.util.test.junit.AutoTests" name="[324] /home/travis/build/icyphy/ptII/ptolemy/actor/lib/test/auto/Scale.xml (RunModel)" time="0.007" />
  <testcase classname="ptolemy.util.test.junit.AutoTests" name="[325] /home/travis/build/icyphy/ptII/ptolemy/actor/lib/test/auto/Scale2.xml (RunModel)" time="0.008" />
  <testcase classname="ptolemy.util.test.junit.AutoTests" name="[326] /home/travis/build/icyphy/ptII/ptolemy/actor/lib/test/auto/Scale3.xml (RunModel)" time="0.012" />
  <testcase classname="ptolemy.util.test.junit.AutoTests" name="[327] /home/travis/build/icyphy/ptII/ptolemy/actor/lib/test/auto/ScaleArray.xml (RunModel)" time="0.006" />
  <testcase classname="ptolemy.util.test.junit.AutoTests" name="[328] /home/travis/build/icyphy/ptII/ptolemy/actor/lib/test/auto/ScaleArray2.xml (RunModel)" time="0.008" />
  <testcase classname="ptolemy.util.test.junit.AutoTests" name="[329] /home/travis/build/icyphy/ptII/ptolemy/actor/lib/test/auto/ScaleMatrix.xml (RunModel)" time="0.106" />
  <testcase classname="ptolemy.util.test.junit.AutoTests" name="[330] /home/travis/build/icyphy/ptII/ptolemy/actor/lib/test/auto/Select.xml (RunModel)" time="0.012" />
  <testcase classname="ptolemy.util.test.junit.AutoTests" name="[331] /home/travis/build/icyphy/ptII/ptolemy/actor/lib/test/auto/Select2.xml (RunModel)" time="0.007" />
  <testcase classname="ptolemy.util.test.junit.AutoTests" name="[332] /home/travis/build/icyphy/ptII/ptolemy/actor/lib/test/auto/SequenceToArray2.xml (RunModel)" time="0.1" />
  <testcase classname="ptolemy.util.test.junit.AutoTests" name="[333] /home/travis/build/icyphy/ptII/ptolemy/actor/lib/test/auto/SequentialClock.xml (RunModel)" time="0.011" />
  <testcase classname="ptolemy.util.test.junit.AutoTests" name="[334] /home/travis/build/icyphy/ptII/ptolemy/actor/lib/test/auto/SetVariable.xml (RunModel)" time="0.01" />
  <testcase classname="ptolemy.util.test.junit.AutoTests" name="[335] /home/travis/build/icyphy/ptII/ptolemy/actor/lib/test/auto/SetVariable2.xml (RunModel)" time="0.009" />
  <testcase classname="ptolemy.util.test.junit.AutoTests" name="[336] /home/travis/build/icyphy/ptII/ptolemy/actor/lib/test/auto/SetVariable3.xml (RunModel)" time="0.009" />
  <testcase classname="ptolemy.util.test.junit.AutoTests" name="[337] /home/travis/build/icyphy/ptII/ptolemy/actor/lib/test/auto/SetVariable4.xml (RunModel)" time="0.022" />
  <testcase classname="ptolemy.util.test.junit.AutoTests" name="[338] /home/travis/build/icyphy/ptII/ptolemy/actor/lib/test/auto/SetVariable5.xml (RunModel)" time="0.027" />
  <testcase classname="ptolemy.util.test.junit.AutoTests" name="[339] /home/travis/build/icyphy/ptII/ptolemy/actor/lib/test/auto/Sinewave.xml (RunModel)" time="0.025" />
  <testcase classname="ptolemy.util.test.junit.AutoTests" name="[340] /home/travis/build/icyphy/ptII/ptolemy/actor/lib/test/auto/Sinewave2.xml (RunModel)" time="0.034" />
  <testcase classname="ptolemy.util.test.junit.AutoTests" name="[341] /home/travis/build/icyphy/ptII/ptolemy/actor/lib/test/auto/Sinewave3.xml (RunModel)" time="0.016" />
  <testcase classname="ptolemy.util.test.junit.AutoTests" name="[342] /home/travis/build/icyphy/ptII/ptolemy/actor/lib/test/auto/SingleEvent.xml (RunModel)" time="0.007" />
  <testcase classname="ptolemy.util.test.junit.AutoTests" name="[343] /home/travis/build/icyphy/ptII/ptolemy/actor/lib/test/auto/Sleep.xml (RunModel)" time="6.012" />
  <testcase classname="ptolemy.util.test.junit.AutoTests" name="[344] /home/travis/build/icyphy/ptII/ptolemy/actor/lib/test/auto/SleepMultipleFire.xml (RunModel)" time="1.033" />
  <testcase classname="ptolemy.util.test.junit.AutoTests" name="[345] /home/travis/build/icyphy/ptII/ptolemy/actor/lib/test/auto/StopDE.xml (RunModel)" time="0.011" />
  <testcase classname="ptolemy.util.test.junit.AutoTests" name="[346] /home/travis/build/icyphy/ptII/ptolemy/actor/lib/test/auto/StopSDF.xml (RunModel)" time="0.011" />
  <testcase classname="ptolemy.util.test.junit.AutoTests" name="[347] /home/travis/build/icyphy/ptII/ptolemy/actor/lib/test/auto/StringConstant.xml (RunModel)" time="0.008" />
  <testcase classname="ptolemy.util.test.junit.AutoTests" name="[348] /home/travis/build/icyphy/ptII/ptolemy/actor/lib/test/auto/SubscriberPortInitialValues1.xml (RunModel)" time="0.016" />
  <testcase classname="ptolemy.util.test.junit.AutoTests" name="[349] /home/travis/build/icyphy/ptII/ptolemy/actor/lib/test/auto/SubscriberPortInitialValues13.xml (RunModel)" time="0.035" />
  <testcase classname="ptolemy.util.test.junit.AutoTests" name="[350] /home/travis/build/icyphy/ptII/ptolemy/actor/lib/test/auto/SubscriberPortInitialValues14.xml (RunModel)" time="0.015" />
  <testcase classname="ptolemy.util.test.junit.AutoTests" name="[351] /home/travis/build/icyphy/ptII/ptolemy/actor/lib/test/auto/SubscriberPortInitialValues2.xml (RunModel)" time="0.015" />
  <testcase classname="ptolemy.util.test.junit.AutoTests" name="[352] /home/travis/build/icyphy/ptII/ptolemy/actor/lib/test/auto/SubscriberPortInitialValues3.xml (RunModel)" time="0.018" />
  <testcase classname="ptolemy.util.test.junit.AutoTests" name="[353] /home/travis/build/icyphy/ptII/ptolemy/actor/lib/test/auto/SubscriptionAggregator.xml (RunModel)" time="0.01" />
  <testcase classname="ptolemy.util.test.junit.AutoTests" name="[354] /home/travis/build/icyphy/ptII/ptolemy/actor/lib/test/auto/SubscriptionAggregator2.xml (RunModel)" time="0.011" />
  <testcase classname="ptolemy.util.test.junit.AutoTests" name="[355] /home/travis/build/icyphy/ptII/ptolemy/actor/lib/test/auto/SubscriptionAggregator3.xml (RunModel)" time="0.015" />
  <testcase classname="ptolemy.util.test.junit.AutoTests" name="[356] /home/travis/build/icyphy/ptII/ptolemy/actor/lib/test/auto/SubscriptionAggregatorMultiply.xml (RunModel)" time="0.013" />
  <testcase classname="ptolemy.util.test.junit.AutoTests" name="[357] /home/travis/build/icyphy/ptII/ptolemy/actor/lib/test/auto/SubscriptionAggregatorPortMultiply1.xml (RunModel)" time="0.012" />
  <testcase classname="ptolemy.util.test.junit.AutoTests" name="[358] /home/travis/build/icyphy/ptII/ptolemy/actor/lib/test/auto/Switch.xml (RunModel)" time="0.013" />
  <testcase classname="ptolemy.util.test.junit.AutoTests" name="[359] /home/travis/build/icyphy/ptII/ptolemy/actor/lib/test/auto/Switch2.xml (RunModel)" time="0.015" />
  <testcase classname="ptolemy.util.test.junit.AutoTests" name="[360] /home/travis/build/icyphy/ptII/ptolemy/actor/lib/test/auto/SwitchDE.xml (RunModel)" time="0.013" />
  <testcase classname="ptolemy.util.test.junit.AutoTests" name="[361] /home/travis/build/icyphy/ptII/ptolemy/actor/lib/test/auto/SynchronizerDE.xml (RunModel)" time="0.017" />
  <testcase classname="ptolemy.util.test.junit.AutoTests" name="[362] /home/travis/build/icyphy/ptII/ptolemy/actor/lib/test/auto/Test.xml (RunModel)" time="0.009" />
  <testcase classname="ptolemy.util.test.junit.AutoTests" name="[363] /home/travis/build/icyphy/ptII/ptolemy/actor/lib/test/auto/TestExceptionAttribute1.xml (RunModel)" time="0.006" />
  <testcase classname="ptolemy.util.test.junit.AutoTests" name="[364] /home/travis/build/icyphy/ptII/ptolemy/actor/lib/test/auto/TestExceptionAttribute2.xml (RunModel)" time="0.006" />
  <testcase classname="ptolemy.util.test.junit.AutoTests" name="[365] /home/travis/build/icyphy/ptII/ptolemy/actor/lib/test/auto/TestExceptionAttribute3.xml (RunModel)" time="0.006" />
  <testcase classname="ptolemy.util.test.junit.AutoTests" name="[366] /home/travis/build/icyphy/ptII/ptolemy/actor/lib/test/auto/TestExceptionAttribute4.xml (RunModel)" time="0.006" />
  <testcase classname="ptolemy.util.test.junit.AutoTests" name="[367] /home/travis/build/icyphy/ptII/ptolemy/actor/lib/test/auto/TestExceptionHandler1.xml (RunModel)" time="0.005" />
  <testcase classname="ptolemy.util.test.junit.AutoTests" name="[368] /home/travis/build/icyphy/ptII/ptolemy/actor/lib/test/auto/TestExceptionHandler2.xml (RunModel)" time="0.006" />
  <testcase classname="ptolemy.util.test.junit.AutoTests" name="[369] /home/travis/build/icyphy/ptII/ptolemy/actor/lib/test/auto/TestExceptionHandler3.xml (RunModel)" time="0.006" />
  <testcase classname="ptolemy.util.test.junit.AutoTests" name="[370] /home/travis/build/icyphy/ptII/ptolemy/actor/lib/test/auto/TestExceptionHandler4.xml (RunModel)" time="0.006" />
  <testcase classname="ptolemy.util.test.junit.AutoTests" name="[371] /home/travis/build/icyphy/ptII/ptolemy/actor/lib/test/auto/TestRequireCorrectOrder.xml (RunModel)" time="0.008" />
  <testcase classname="ptolemy.util.test.junit.AutoTests" name="[372] /home/travis/build/icyphy/ptII/ptolemy/actor/lib/test/auto/TestSimple.xml (RunModel)" time="0.006" />
  <testcase classname="ptolemy.util.test.junit.AutoTests" name="[373] /home/travis/build/icyphy/ptII/ptolemy/actor/lib/test/auto/ThrowModelError.xml (RunModel)" time="0.009" />
  <testcase classname="ptolemy.util.test.junit.AutoTests" name="[374] /home/travis/build/icyphy/ptII/ptolemy/actor/lib/test/auto/TimeDelayMicrosteps.xml (RunModel)" time="0.012" />
  <testcase classname="ptolemy.util.test.junit.AutoTests" name="[375] /home/travis/build/icyphy/ptII/ptolemy/actor/lib/test/auto/TimeDelayMicrosteps2.xml (RunModel)" time="0.012" />
  <testcase classname="ptolemy.util.test.junit.AutoTests" name="[376] /home/travis/build/icyphy/ptII/ptolemy/actor/lib/test/auto/TimeDelayMicrosteps3.xml (RunModel)" time="0.011" />
  <testcase classname="ptolemy.util.test.junit.AutoTests" name="[377] /home/travis/build/icyphy/ptII/ptolemy/actor/lib/test/auto/TimeDelayVariableMicrosteps.xml (RunModel)" time="0.011" />
  <testcase classname="ptolemy.util.test.junit.AutoTests" name="[378] /home/travis/build/icyphy/ptII/ptolemy/actor/lib/test/auto/TimeGap.xml (RunModel)" time="0.011" />
  <testcase classname="ptolemy.util.test.junit.AutoTests" name="[379] /home/travis/build/icyphy/ptII/ptolemy/actor/lib/test/auto/TimeGap2.xml (RunModel)" time="0.009" />
  <testcase classname="ptolemy.util.test.junit.AutoTests" name="[380] /home/travis/build/icyphy/ptII/ptolemy/actor/lib/test/auto/TimedSinewave.xml (RunModel)" time="0.035" />
  <testcase classname="ptolemy.util.test.junit.AutoTests" name="[381] /home/travis/build/icyphy/ptII/ptolemy/actor/lib/test/auto/TimedSinewavePhase.xml (RunModel)" time="0.02" />
  <testcase classname="ptolemy.util.test.junit.AutoTests" name="[382] /home/travis/build/icyphy/ptII/ptolemy/actor/lib/test/auto/Timer.xml (RunModel)" time="0.011" />
  <testcase classname="ptolemy.util.test.junit.AutoTests" name="[383] /home/travis/build/icyphy/ptII/ptolemy/actor/lib/test/auto/TriangularDistTestModel.xml (RunModel)" time="0.013" />
  <testcase classname="ptolemy.util.test.junit.AutoTests" name="[384] /home/travis/build/icyphy/ptII/ptolemy/actor/lib/test/auto/TrigFunction.xml (RunModel)" time="0.007" />
  <testcase classname="ptolemy.util.test.junit.AutoTests" name="[385] /home/travis/build/icyphy/ptII/ptolemy/actor/lib/test/auto/TrigFunctionDE.xml (RunModel)" time="0.011" />
  <testcase classname="ptolemy.util.test.junit.AutoTests" name="[386] /home/travis/build/icyphy/ptII/ptolemy/actor/lib/test/auto/TrigFunctionInverse.xml (RunModel)" time="0.009" />
  <testcase classname="ptolemy.util.test.junit.AutoTests" name="[387] /home/travis/build/icyphy/ptII/ptolemy/actor/lib/test/auto/TrigFunctionTan.xml (RunModel)" time="0.006" />
  <testcase classname="ptolemy.util.test.junit.AutoTests" name="[388] /home/travis/build/icyphy/ptII/ptolemy/actor/lib/test/auto/TriggeredClock.xml (RunModel)" time="0.008" />
  <testcase classname="ptolemy.util.test.junit.AutoTests" name="[389] /home/travis/build/icyphy/ptII/ptolemy/actor/lib/test/auto/URLDirectoryReader.xml (RunModel)" time="0.078" />
  <testcase classname="ptolemy.util.test.junit.AutoTests" name="[390] /home/travis/build/icyphy/ptII/ptolemy/actor/lib/test/auto/URLDirectoryReader3.xml (RunModel)" time="1.466" />
  <testcase classname="ptolemy.util.test.junit.AutoTests" name="[391] /home/travis/build/icyphy/ptII/ptolemy/actor/lib/test/auto/UnaryMathFunction.xml (RunModel)" time="0.027" />
  <testcase classname="ptolemy.util.test.junit.AutoTests" name="[392] /home/travis/build/icyphy/ptII/ptolemy/actor/lib/test/auto/Uniform.xml (RunModel)" time="0.035" />
  <testcase classname="ptolemy.util.test.junit.AutoTests" name="[393] /home/travis/build/icyphy/ptII/ptolemy/actor/lib/test/auto/UnionDisassemblerTest.xml (RunModel)" time="0.023" />
  <testcase classname="ptolemy.util.test.junit.AutoTests" name="[394] /home/travis/build/icyphy/ptII/ptolemy/actor/lib/test/auto/UtilityFunctions.xml (RunModel)" time="0.029" />
  <testcase classname="ptolemy.util.test.junit.AutoTests" name="[395] /home/travis/build/icyphy/ptII/ptolemy/actor/lib/test/auto/VariableSleep.xml (RunModel)" time="0.541" />
  <testcase classname="ptolemy.util.test.junit.AutoTests" name="[396] /home/travis/build/icyphy/ptII/ptolemy/actor/lib/test/auto/VectorAssemblerDisassemblerCT.xml (RunModel)" time="0.109" />
  <testcase classname="ptolemy.util.test.junit.AutoTests" name="[397] /home/travis/build/icyphy/ptII/ptolemy/actor/lib/test/auto/VectorAssemblerDisassemblerDE.xml (RunModel)" time="0.013" />
  <testcase classname="ptolemy.util.test.junit.AutoTests" name="[398] /home/travis/build/icyphy/ptII/ptolemy/actor/lib/test/auto/VectorAssemblerDisassemblerSDF.xml (RunModel)" time="0.013" />
  <testcase classname="ptolemy.util.test.junit.AutoTests" name="[399] /home/travis/build/icyphy/ptII/ptolemy/actor/lib/test/auto/WallClockTime.xml (RunModel)" time="1.015" />
  <testcase classname="ptolemy.util.test.junit.AutoTests" name="[400] /home/travis/build/icyphy/ptII/ptolemy/actor/lib/test/auto/WidthTestWithSubscriberPublisher.xml (RunModel)" time="0.039" />
  <testcase classname="ptolemy.util.test.junit.AutoTests" name="[401] /home/travis/build/icyphy/ptII/ptolemy/actor/lib/test/auto/WidthTestWithSubscriberPublisher2.xml (RunModel)" time="0.038" />
  <testcase classname="ptolemy.util.test.junit.AutoTests" name="[402] /home/travis/build/icyphy/ptII/ptolemy/actor/lib/test/auto/WidthTestWithSubscriberPublisher3.xml (RunModel)" time="0.014" />
  <testcase classname="ptolemy.util.test.junit.AutoTests" name="[403] /home/travis/build/icyphy/ptII/ptolemy/actor/lib/test/auto/Writer.xml (RunModel)" time="0.008" />
  <testcase classname="ptolemy.util.test.junit.AutoTests" name="[404] /home/travis/build/icyphy/ptII/ptolemy/actor/lib/test/auto/array.xml (RunModel)" time="0.008" />
  <testcase classname="ptolemy.util.test.junit.AutoTests" name="[405] /home/travis/build/icyphy/ptII/ptolemy/actor/lib/test/auto/array2.xml (RunModel)" time="0.016" />
  <testcase classname="ptolemy.util.test.junit.AutoTests" name="[406] /home/travis/build/icyphy/ptII/ptolemy/actor/lib/test/auto/arrayType.xml (RunModel)" time="0.008" />
  <testcase classname="ptolemy.util.test.junit.AutoTests" name="[407] /home/travis/build/icyphy/ptII/ptolemy/actor/lib/test/auto/arrayType10.xml (RunModel)" time="0.008" />
  <testcase classname="ptolemy.util.test.junit.AutoTests" name="[408] /home/travis/build/icyphy/ptII/ptolemy/actor/lib/test/auto/arrayType11.xml (RunModel)" time="0.012" />
  <testcase classname="ptolemy.util.test.junit.AutoTests" name="[409] /home/travis/build/icyphy/ptII/ptolemy/actor/lib/test/auto/arrayType12.xml (RunModel)" time="0.009" />
  <testcase classname="ptolemy.util.test.junit.AutoTests" name="[410] /home/travis/build/icyphy/ptII/ptolemy/actor/lib/test/auto/arrayType13.xml (RunModel)" time="0.012" />
  <testcase classname="ptolemy.util.test.junit.AutoTests" name="[411] /home/travis/build/icyphy/ptII/ptolemy/actor/lib/test/auto/arrayType14.xml (RunModel)" time="0.01" />
  <testcase classname="ptolemy.util.test.junit.AutoTests" name="[412] /home/travis/build/icyphy/ptII/ptolemy/actor/lib/test/auto/arrayType15.xml (RunModel)" time="0.012" />
  <testcase classname="ptolemy.util.test.junit.AutoTests" name="[413] /home/travis/build/icyphy/ptII/ptolemy/actor/lib/test/auto/arrayType16.xml (RunModel)" time="0.011" />
  <testcase classname="ptolemy.util.test.junit.AutoTests" name="[414] /home/travis/build/icyphy/ptII/ptolemy/actor/lib/test/auto/arrayType17.xml (RunModel)" time="0.011" />
  <testcase classname="ptolemy.util.test.junit.AutoTests" name="[415] /home/travis/build/icyphy/ptII/ptolemy/actor/lib/test/auto/arrayType18.xml (RunModel)" time="0.01" />
  <testcase classname="ptolemy.util.test.junit.AutoTests" name="[416] /home/travis/build/icyphy/ptII/ptolemy/actor/lib/test/auto/arrayType19.xml (RunModel)" time="0.01" />
  <testcase classname="ptolemy.util.test.junit.AutoTests" name="[417] /home/travis/build/icyphy/ptII/ptolemy/actor/lib/test/auto/arrayType2.xml (RunModel)" time="0.01" />
  <testcase classname="ptolemy.util.test.junit.AutoTests" name="[418] /home/travis/build/icyphy/ptII/ptolemy/actor/lib/test/auto/arrayType20.xml (RunModel)" time="0.01" />
  <testcase classname="ptolemy.util.test.junit.AutoTests" name="[419] /home/travis/build/icyphy/ptII/ptolemy/actor/lib/test/auto/arrayType21.xml (RunModel)" time="0.03" />
  <testcase classname="ptolemy.util.test.junit.AutoTests" name="[420] /home/travis/build/icyphy/ptII/ptolemy/actor/lib/test/auto/arrayType22.xml (RunModel)" time="0.008" />
  <testcase classname="ptolemy.util.test.junit.AutoTests" name="[421] /home/travis/build/icyphy/ptII/ptolemy/actor/lib/test/auto/arrayType23.xml (RunModel)" time="0.013" />
  <testcase classname="ptolemy.util.test.junit.AutoTests" name="[422] /home/travis/build/icyphy/ptII/ptolemy/actor/lib/test/auto/arrayType24.xml (RunModel)" time="0.009" />
  <testcase classname="ptolemy.util.test.junit.AutoTests" name="[423] /home/travis/build/icyphy/ptII/ptolemy/actor/lib/test/auto/arrayType25.xml (RunModel)" time="0.008" />
  <testcase classname="ptolemy.util.test.junit.AutoTests" name="[424] /home/travis/build/icyphy/ptII/ptolemy/actor/lib/test/auto/arrayType26.xml (RunModel)" time="0.009" />
  <testcase classname="ptolemy.util.test.junit.AutoTests" name="[425] /home/travis/build/icyphy/ptII/ptolemy/actor/lib/test/auto/arrayType27.xml (RunModel)" time="0.009" />
  <testcase classname="ptolemy.util.test.junit.AutoTests" name="[426] /home/travis/build/icyphy/ptII/ptolemy/actor/lib/test/auto/arrayType28.xml (RunModel)" time="0.009" />
  <testcase classname="ptolemy.util.test.junit.AutoTests" name="[427] /home/travis/build/icyphy/ptII/ptolemy/actor/lib/test/auto/arrayType3.xml (RunModel)" time="0.009" />
  <testcase classname="ptolemy.util.test.junit.AutoTests" name="[428] /home/travis/build/icyphy/ptII/ptolemy/actor/lib/test/auto/arrayType4.xml (RunModel)" time="0.009" />
  <testcase classname="ptolemy.util.test.junit.AutoTests" name="[429] /home/travis/build/icyphy/ptII/ptolemy/actor/lib/test/auto/arrayType5.xml (RunModel)" time="0.008" />
  <testcase classname="ptolemy.util.test.junit.AutoTests" name="[430] /home/travis/build/icyphy/ptII/ptolemy/actor/lib/test/auto/arrayType6.xml (RunModel)" time="0.008" />
  <testcase classname="ptolemy.util.test.junit.AutoTests" name="[431] /home/travis/build/icyphy/ptII/ptolemy/actor/lib/test/auto/arrayType7.xml (RunModel)" time="0.007" />
  <testcase classname="ptolemy.util.test.junit.AutoTests" name="[432] /home/travis/build/icyphy/ptII/ptolemy/actor/lib/test/auto/arrayType8.xml (RunModel)" time="0.009" />
  <testcase classname="ptolemy.util.test.junit.AutoTests" name="[433] /home/travis/build/icyphy/ptII/ptolemy/actor/lib/test/auto/arrayType9.xml (RunModel)" time="0.008" />
  <testcase classname="ptolemy.util.test.junit.AutoTests" name="[434] /home/travis/build/icyphy/ptII/ptolemy/actor/lib/test/auto/cast.xml (RunModel)" time="0.009" />
  <testcase classname="ptolemy.util.test.junit.AutoTests" name="[435] /home/travis/build/icyphy/ptII/ptolemy/actor/lib/test/auto/compositeMultiPort.xml (RunModel)" time="0.016" />
  <testcase classname="ptolemy.util.test.junit.AutoTests" name="[436] /home/travis/build/icyphy/ptII/ptolemy/actor/lib/test/auto/expressionCastInference.xml (RunModel)" time="0.014" />
  <testcase classname="ptolemy.util.test.junit.AutoTests" name="[437] /home/travis/build/icyphy/ptII/ptolemy/actor/lib/test/auto/expressionCastInference2.xml (RunModel)" time="0.007" />
  <testcase classname="ptolemy.util.test.junit.AutoTests" name="[438] /home/travis/build/icyphy/ptII/ptolemy/actor/lib/test/auto/expressionInference.xml (RunModel)" time="0.006" />
  <testcase classname="ptolemy.util.test.junit.AutoTests" name="[439] /home/travis/build/icyphy/ptII/ptolemy/actor/lib/test/auto/expression_bug.xml (RunModel)" time="0.008" />
  <testcase classname="ptolemy.util.test.junit.AutoTests" name="[440] /home/travis/build/icyphy/ptII/ptolemy/actor/lib/test/auto/factorial.xml (RunModel)" time="0.039" />
  <testcase classname="ptolemy.util.test.junit.AutoTests" name="[441] /home/travis/build/icyphy/ptII/ptolemy/actor/lib/test/auto/filterTest1.xml (RunModel)" time="0.011" />
  <testcase classname="ptolemy.util.test.junit.AutoTests" name="[442] /home/travis/build/icyphy/ptII/ptolemy/actor/lib/test/auto/funcApplyInConst.xml (RunModel)" time="0.005" />
  <testcase classname="ptolemy.util.test.junit.AutoTests" name="[443] /home/travis/build/icyphy/ptII/ptolemy/actor/lib/test/auto/funcApplyInExpr.xml (RunModel)" time="0.005" />
  <testcase classname="ptolemy.util.test.junit.AutoTests" name="[444] /home/travis/build/icyphy/ptII/ptolemy/actor/lib/test/auto/function.xml (RunModel)" time="0.008" />
  <testcase classname="ptolemy.util.test.junit.AutoTests" name="[445] /home/travis/build/icyphy/ptII/ptolemy/actor/lib/test/auto/function2.xml (RunModel)" time="0.008" />
  <testcase classname="ptolemy.util.test.junit.AutoTests" name="[446] /home/travis/build/icyphy/ptII/ptolemy/actor/lib/test/auto/function3.xml (RunModel)" time="0.007" />
  <testcase classname="ptolemy.util.test.junit.AutoTests" name="[447] /home/travis/build/icyphy/ptII/ptolemy/actor/lib/test/auto/functionClosureTest1.xml (RunModel)" time="0.01" />
  <testcase classname="ptolemy.util.test.junit.AutoTests" name="[448] /home/travis/build/icyphy/ptII/ptolemy/actor/lib/test/auto/functionClosureTest2.xml (RunModel)" time="0.006" />
  <testcase classname="ptolemy.util.test.junit.AutoTests" name="[449] /home/travis/build/icyphy/ptII/ptolemy/actor/lib/test/auto/functionClosureTest3.xml (RunModel)" time="0.009" />
  <testcase classname="ptolemy.util.test.junit.AutoTests" name="[450] /home/travis/build/icyphy/ptII/ptolemy/actor/lib/test/auto/functionClosureTest4.xml (RunModel)" time="0.012" />
  <testcase classname="ptolemy.util.test.junit.AutoTests" name="[451] /home/travis/build/icyphy/ptII/ptolemy/actor/lib/test/auto/functionClosureTest5.xml (RunModel)" time="0.01" />
  <testcase classname="ptolemy.util.test.junit.AutoTests" name="[452] /home/travis/build/icyphy/ptII/ptolemy/actor/lib/test/auto/functionClosureTest6.xml (RunModel)" time="0.007" />
  <testcase classname="ptolemy.util.test.junit.AutoTests" name="[453] /home/travis/build/icyphy/ptII/ptolemy/actor/lib/test/auto/functionsOnArcs.xml (RunModel)" time="0.009" />
  <testcase classname="ptolemy.util.test.junit.AutoTests" name="[454] /home/travis/build/icyphy/ptII/ptolemy/actor/lib/test/auto/functionsOnArcsHOF.xml (RunModel)" time="0.011" />
  <testcase classname="ptolemy.util.test.junit.AutoTests" name="[455] /home/travis/build/icyphy/ptII/ptolemy/actor/lib/test/auto/logic.xml (RunModel)" time="0.016" />
  <testcase classname="ptolemy.util.test.junit.AutoTests" name="[456] /home/travis/build/icyphy/ptII/ptolemy/actor/lib/test/auto/matrixType.xml (RunModel)" time="0.008" />
  <testcase classname="ptolemy.util.test.junit.AutoTests" name="[457] /home/travis/build/icyphy/ptII/ptolemy/actor/lib/test/auto/matrixType10.xml (RunModel)" time="0.008" />
  <testcase classname="ptolemy.util.test.junit.AutoTests" name="[458] /home/travis/build/icyphy/ptII/ptolemy/actor/lib/test/auto/matrixType11.xml (RunModel)" time="0.008" />
  <testcase classname="ptolemy.util.test.junit.AutoTests" name="[459] /home/travis/build/icyphy/ptII/ptolemy/actor/lib/test/auto/matrixType12.xml (RunModel)" time="0.008" />
  <testcase classname="ptolemy.util.test.junit.AutoTests" name="[460] /home/travis/build/icyphy/ptII/ptolemy/actor/lib/test/auto/matrixType13.xml (RunModel)" time="0.009" />
  <testcase classname="ptolemy.util.test.junit.AutoTests" name="[461] /home/travis/build/icyphy/ptII/ptolemy/actor/lib/test/auto/matrixType14.xml (RunModel)" time="0.009" />
  <testcase classname="ptolemy.util.test.junit.AutoTests" name="[462] /home/travis/build/icyphy/ptII/ptolemy/actor/lib/test/auto/matrixType2.xml (RunModel)" time="0.009" />
  <testcase classname="ptolemy.util.test.junit.AutoTests" name="[463] /home/travis/build/icyphy/ptII/ptolemy/actor/lib/test/auto/matrixType3.xml (RunModel)" time="0.007" />
  <testcase classname="ptolemy.util.test.junit.AutoTests" name="[464] /home/travis/build/icyphy/ptII/ptolemy/actor/lib/test/auto/matrixType4.xml (RunModel)" time="0.008" />
  <testcase classname="ptolemy.util.test.junit.AutoTests" name="[465] /home/travis/build/icyphy/ptII/ptolemy/actor/lib/test/auto/matrixType5.xml (RunModel)" time="0.008" />
  <testcase classname="ptolemy.util.test.junit.AutoTests" name="[466] /home/travis/build/icyphy/ptII/ptolemy/actor/lib/test/auto/matrixType6.xml (RunModel)" time="0.008" />
  <testcase classname="ptolemy.util.test.junit.AutoTests" name="[467] /home/travis/build/icyphy/ptII/ptolemy/actor/lib/test/auto/matrixType7.xml (RunModel)" time="0.008" />
  <testcase classname="ptolemy.util.test.junit.AutoTests" name="[468] /home/travis/build/icyphy/ptII/ptolemy/actor/lib/test/auto/matrixType8.xml (RunModel)" time="0.009" />
  <testcase classname="ptolemy.util.test.junit.AutoTests" name="[469] /home/travis/build/icyphy/ptII/ptolemy/actor/lib/test/auto/matrixType9.xml (RunModel)" time="0.008" />
  <testcase classname="ptolemy.util.test.junit.AutoTests" name="[470] /home/travis/build/icyphy/ptII/ptolemy/actor/lib/test/auto/paraFunctest.xml (RunModel)" time="0.007" />
  <testcase classname="ptolemy.util.test.junit.AutoTests" name="[471] /home/travis/build/icyphy/ptII/ptolemy/actor/lib/test/auto/paraFunctest2.xml (RunModel)" time="0.007" />
  <testcase classname="ptolemy.util.test.junit.AutoTests" name="[472] /home/travis/build/icyphy/ptII/ptolemy/actor/lib/test/auto/parameterPassing.xml (RunModel)" time="0.008" />
  <testcase classname="ptolemy.util.test.junit.AutoTests" name="[473] /home/travis/build/icyphy/ptII/ptolemy/actor/lib/test/auto/record.xml (RunModel)" time="0.008" />
  <testcase classname="ptolemy.util.test.junit.AutoTests" name="[474] /home/travis/build/icyphy/ptII/ptolemy/actor/lib/test/auto/sizedarray1.xml (RunModel)" time="0.008" />
  <testcase classname="ptolemy.util.test.junit.AutoTests" name="[475] /home/travis/build/icyphy/ptII/ptolemy/actor/lib/test/auto/sizedarray2.xml (RunModel)" time="0.009" />
  <testcase classname="ptolemy.util.test.junit.AutoTests" name="[476] /home/travis/build/icyphy/ptII/ptolemy/actor/lib/test/auto/twoPublishers.xml (RunModel)" time="0.018" />
  <system-out><![CDATA[/home/travis/build/icyphy/ptII/ptolemy/actor/lib/test/AbsoluteValue.tcl
testDefs.tcl: setting time out to 9000 seconds at Sat Jun 02 17:40:43 UTC 2018
56 ms. Memory: 116224K Free: 107908K (93%)
4 ms. Memory: 116224K Free: 106709K (92%)
10 ms. Memory: 116224K Free: 106101K (91%)
11 ms. Memory: 116224K Free: 104894K (90%)
/home/travis/build/icyphy/ptII/ptolemy/actor/lib/test/AddSubtract.tcl
7 ms. Memory: 116224K Free: 103063K (89%)
9 ms. Memory: 116224K Free: 102455K (88%)
13 ms. Memory: 116224K Free: 101256K (87%)
9 ms. Memory: 116224K Free: 100632K (87%)
5 ms. Memory: 116224K Free: 100024K (86%)
4 ms. Memory: 116224K Free: 99409K (86%)
/home/travis/build/icyphy/ptII/ptolemy/actor/lib/test/Average.tcl
6 ms. Memory: 116224K Free: 97601K (84%)
5 ms. Memory: 116224K Free: 96418K (83%)
/home/travis/build/icyphy/ptII/ptolemy/actor/lib/test/Bernoulli.tcl
4 ms. Memory: 116224K Free: 94610K (81%)
2 ms. Memory: 116224K Free: 94018K (81%)
/home/travis/build/icyphy/ptII/ptolemy/actor/lib/test/Clock.tcl
preinitializing
resolving types
initializing
executing number 1
wrapping up
idle
12 ms. Memory: 116224K Free: 91627K (79%)
Completed execution with 5 iterations
preinitializing
resolving types
initializing
executing number 1
wrapping up
idle
13 ms. Memory: 116224K Free: 91035K (78%)
Completed execution with 5 iterations
preinitializing
resolving types
initializing
executing number 1
wrapping up
idle
9 ms. Memory: 116224K Free: 90420K (78%)
Completed execution with 5 iterations
/home/travis/build/icyphy/ptII/ptolemy/actor/lib/test/Commutator.tcl
11 ms. Memory: 116224K Free: 88637K (76%)
5 ms. Memory: 116224K Free: 87437K (75%)
8 ms. Memory: 116224K Free: 83161K (72%)
/home/travis/build/icyphy/ptII/ptolemy/actor/lib/test/Const.tcl
3 ms. Memory: 116224K Free: 81137K (70%)
12 ms. Memory: 146944K Free: 140390K (96%)
2 ms. Memory: 146944K Free: 139991K (95%)
2 ms. Memory: 146944K Free: 138781K (94%)
2 ms. Memory: 146944K Free: 138781K (94%)
11 ms. Memory: 146944K Free: 136393K (93%)
3 ms. Memory: 146944K Free: 136393K (93%)
2 ms. Memory: 146944K Free: 135199K (92%)
/home/travis/build/icyphy/ptII/ptolemy/actor/lib/test/CurrentTime.tcl
preinitializing
resolving types
initializing
executing number 1
wrapping up
idle
7 ms. Memory: 146944K Free: 132796K (90%)
Completed execution with 11 iterations
/home/travis/build/icyphy/ptII/ptolemy/actor/lib/test/DB.tcl
4 ms. Memory: 146944K Free: 131602K (90%)
1 ms. Memory: 146944K Free: 130408K (89%)
2 ms. Memory: 146944K Free: 130408K (89%)
/home/travis/build/icyphy/ptII/ptolemy/actor/lib/test/DiscreteRandomSource.tcl
preinitializing
resolving types
initializing
executing number 1
wrapping up
idle
3 ms. Memory: 146944K Free: 129214K (88%)
Completed execution with 4 iterations
preinitializing
resolving types
initializing
executing number 1
wrapping up
idle
2 ms. Memory: 146944K Free: 128020K (87%)
Completed execution with 4 iterations
preinitializing
resolving types
initializing
executing number 1
wrapping up
idle
2 ms. Memory: 146944K Free: 128020K (87%)
Completed execution with 4 iterations
preinitializing
resolving types
initializing
executing number 1
wrapping up
idle
2 ms. Memory: 146944K Free: 126810K (86%)
Completed execution with 4 iterations
preinitializing
resolving types
initializing
executing number 1
wrapping up
idle
3 ms. Memory: 146944K Free: 126810K (86%)
Completed execution with 4 iterations
/home/travis/build/icyphy/ptII/ptolemy/actor/lib/test/Distributor.tcl
3 ms. Memory: 146944K Free: 125615K (85%)
4 ms. Memory: 146944K Free: 124413K (85%)
StreamChangeRequest.changeExecuted(): <deleteEntity name="rec2"/> succeeded
StreamChangeRequest.changeExecuted(): <deleteRelation name="r2"/> succeeded
StreamChangeRequest.changeExecuted(): Record firings per iteration succeeded
8 ms. Memory: 146944K Free: 122009K (83%)
/home/travis/build/icyphy/ptII/ptolemy/actor/lib/test/Exit.tcl
Exit.tcl: this will print a message about Manager.exitAfterWrapup, which can be ignored.
9 ms. Memory: 146944K Free: 119007K (81%)
/home/travis/build/icyphy/ptII/ptolemy/actor/lib/test/Expression.tcl
9 ms. Memory: 146944K Free: 115374K (79%)
4 ms. Memory: 146944K Free: 115374K (79%)
2 ms. Memory: 146944K Free: 114180K (78%)
preinitializing
resolving types
initializing
executing number 1
wrapping up
idle
5 ms. Memory: 146944K Free: 111758K (76%)
Completed execution with 6 iterations
3 ms. Memory: 146944K Free: 110564K (75%)
3 ms. Memory: 146944K Free: 109370K (74%)
4 ms. Memory: 146944K Free: 108176K (74%)
3 ms. Memory: 146944K Free: 106982K (73%)
4 ms. Memory: 146944K Free: 105788K (72%)
/home/travis/build/icyphy/ptII/ptolemy/actor/lib/test/Gaussian.tcl
4 ms. Memory: 146944K Free: 104595K (71%)
sleeping 1 seconds: .............................................................................................................................................................................................................................................................................................................................................................................................................................................................................................................................................................................................................................................................................................................................................................................................................................................................................................................................................................................................................................................................................................................................................................................................................................................................................................................................................................................................................................................................................................................................................................................................................................................................................................................................................................................................................................................................................................................................................................................................................................................................................................................................................................................................................................................................................................................................................................................................................................................................................................................................................................................................................................................................................................................................................................................................................................................................................................................................................................................................................................................................................................................................................................................................................................................................................................................................................................................................................................................................................................................................................................................................................................................................................................................................................................................................................................................................................................................................................................................................................................................................................................................................................................................................................................................................................................................................................................................................................................................................................................................................................................................................................................................................................................................................................................................................................................................................................................................................................................................................................................................................................................................................................................................................................................................................................................................................................................................................................................................................................................................................................................................................................................................................................................................................................................................................................................................................................................................................................................................................................................................................................................................................................................................................................................................................................................................................................................................................................................................................................................................................................................................................................................................................................................................................................................................................................................................................................................................................................................................................................................................................................................................................................................................................................................................................................................................................................................................................................................................................................................................................................................................................................................................................................................................................................................................................................................................................................................................................................................................................................................................................................................................................................................................................................................................................................................................................................................................................................................................................................................................................................................................................................................................................................................................................................................................................................................................................................................................................................................................................................................................................................................................................................................................................................................................................................................................................................................................................................................................................................................................................................................................................................................................................................................................................................................................................................................................................................................................................................................................................................................................................................................................................................................................................................................................................................................................................................................................................................................................................................................................................................................................................................................................................................................................................................................................................................................................................................................................................................................................................................................................................................................................................................................................................................................................................................................................................................................................................................................................................................................................................................................................................................................................................................................................................................................................................................................................................................................................................................................................................................................................................................................................................................................................................................................................................................................................................................................................................................................................................................................................................................................................................................................................................................................................................................................................................................................................................................................................................................................................................................................................................................................................................................................................................................................................................................................................................................................................................................................................................................................................................................................................................................................................................................................................................................................................................................................................................................................................................................................................................................................................................................................................................................................................................................................................................................................................................................................................................................................................................................................................................................................................................................................................................................................................................................................................................................................................................................................................................................................................................................................................................................................................................................................................................................................................................................................................................................................................................................................................................................................................................................................................................................................................................................................................................................................................................................................................................................................................................................................................................................................................................................................................................................................................................................................................................................................................................................................................................................................................................................................................................................................................................................................................................................................................................................................................................................................................................................................................................................................................................................................................................................................................................................................................................................................................................................................................................................................................................................................................................................................................................................................................................................................................................................................................................................................................................................................................................................................................................................................................................................................................................................................................................................................................................................................................................................................................................................................................................................................................................................................................................................................................................................................................................................................................................................................................................................................................................................................................................................................................................................................................................................................................................................................................................................................................................................................................................................................................................................................................................................................................................................................................................................................................................................................................................................................................................................................................................................................................................................................................................................................................................................................................................................................................................................................................................................................................................................................................................................................................................................................................................................................................................................................................................................................................................................................................................................................................................................................................................................................................................................................................................................................................................................................................................................................................................................................................................................................................................................................................................................................................................................................................................................................................................................................................................................................................................................................................................................................................................................................................................................................................................................................................................................................................................................................................................................................................................................................................................................................................................................................................................................................................................................................................................................................................................................................................................................................................................................................................................................................................................................................................................................................................................................................................................................................................................................................................................................................................................................................................................................................................................................................................................................................................................................................................................................................................................................................................................................................................................................................................................................................................................................................................................................................................................................................................................................................................................................................................................................................................................................................................................................................................................................................................................................................................................................................................................................................................................................................................................................................................................................................................................................................................................................................................................................................................................................................................................................................................................................................................................................................................................................................................................................................................................................................................................................................................................................................................................................................................................................................................................................................................................................................................................................................................................................................................................................................................................................................................................................................................................................................................................................................................................................................................................................................................................................................................................................................................................................................................................................................................................................................................................................................................................................................................................................................................................................................................................................................................................................................................................................................................................................................................................................................................................................................................................................................................................................................................................................................................................................................................................................................................................................................................................................................................................................................................................................................................................................................................................................................................................................................................................................................................................................................................................................................................................................................................................................................................................................................................................................................................................................................................................................................................................................................................................................................................................................................................................................................................................................................................................................................................................................................................................................................................................................................................................................................................................................................................................................................................................................................................................................................................................................................................................................................................................................................................................................................................................................................................................................................................................................................................................................................................................................................................................................................................................................................................................................................................................................................................................................................................................................................................................................................................................................................................................................................................................................................................................................................................................................................................................................................................................................................................................................................................................................................................................................................................................................................................................................................................................................................................................................................................................................................................................................................................................................................................................................................................................................................................................................................................................................................................................................................................................................................................................................................................................................................................................................................................................................................................................................................................................................................................................................................................................................................................................................................................................................................................................................................................................................................................................................................................................................................................................................................................................................................................................................................................................................................................................................................................................................................................................................................................................................................................................................................................................................................................................................................................................................................................................................................................................................................................................................................................................................................................................................................................................................................................................................................................................................................................................................................................................................................................................................................................................................................................................................................................................................................................................................................................................................................................................................................................................................................................................................................................................................................................................................................................................................................................................................................................................................................................................................................................................................................................................................................................................................................................................................................................................................................................................................................................................................................................................................................................................................................................................................................................................................................................................................................................................................................................................................................................................................................................................................................................................................................................................................................................................................................................................................................................................................................................................................................................................................................................................................................................................................................................................................................................................................................................................................................................................................................................................................................................................................................................................................................................................................................................................................................................................................................................................................................................................................................................................................................................................................................................................................................................................................................................................................................................................................................................................................................................................................................................................................................................................................................................................................................................................................................................................................................................................................................................................................................................................................................................................................................................................................................................................................................................................................................................................................................................................................................................................................................................................................................................................................................................................................................................................................................................................................................................................................................................................................................................................................................................................................................................................................................................................................................................................................................................................................................................................................................................................................................................................................................................................................................................................................................................................................................................................................................................................................................................................................................................................................................................................................................................................................................................................................................................................................................................................................................................................................................................................................................................................................................................................................................................................................................................................................................................................................................................................................................................................................................................................................................................................................................................................................................................................................................................................................................................................................................................................................................................................................................................................................................................................................................................................................................................................................................................................................................................................................................................................................................................................................................................................................................................................................................................................................................................................................................................................................................................................................................................................................................................................................................................................................................................................................................................................................................................................................................................................................................................................................................................................................................................................................................................................................................................................................................................................................................................................................................................................................................................................................................................................................................................................................................................................................................................................................................................................................................................................................................................................................................................................................................................................................................................................................................................................................................................................................................................................................................................................................................................................................................................................................................................................................................................................................................................................................................................................................................................................................................................................................................................................................................................................................................................................................................................................................................................................................................................................................................................................................................................................................................................................................................................................................................................................................................................................................................................................................................................................................................................................................................................................................................................................................................................................................................................................................................................................................................................................................................................................................................................................................................................................................................................................................................................................................................................................................................................................................................................................................................................................................................................................................................................................................................................................................................................................................................................................................................................................................................................................................................................................................................................................................................................................................................................................................................................................................................................................................................................................................................................................................................................................................................................................................................................................................................................................................................................................................................................................................................................................................................................................................................................................................................................................................................................................................................................................................................................................................................................................................................................................................................................................................................................................................................................................................................................................................................................................................................................................................................................................................................................................................................................................................................................................................................................................................................................................................................................................................................................................................................................................................................................................................................................................................................................................................................................................................................................................................................................................................................................................................................................................................................................................................................................................................................................................................................................................................................................................................................................................................................................................................................................................................................................................................................................................................................................................................................................................................................................................................................................................................................................................................................................................................................................................................................................................................................................................................................................................................................................................................................................................................................................................................................................................................................................................................................................................................................................................................................................................................................................................................................................................................................................................................................................................................................................................................................................................................................................................................................................................................................................................................................................................................................................................................................................................................................................................................................................................................................................................................................................................................................................................................................................................................................................................................................................................................................................................................................................................................................................................................................................................................................................................................................................................................................................................................................................................................................................................................................................................................................................................................................................................................................................................................................................................................................................................................................................................................................................................................................................................................................................................................................................................5 ms. Memory: 208384K Free: 181050K (87%)
3 ms. Memory: 208384K Free: 181050K (87%)
3 ms. Memory: 208384K Free: 181050K (87%)
8 ms. Memory: 208384K Free: 178640K (86%)
1 ms. Memory: 208384K Free: 178640K (86%)
/home/travis/build/icyphy/ptII/ptolemy/actor/lib/test/IIR.tcl
/home/travis/build/icyphy/ptII/ptolemy/actor/lib/test/Interpolator.tcl
3 ms. Memory: 208384K Free: 176230K (85%)
2 ms. Memory: 208384K Free: 173820K (83%)
1 ms. Memory: 208384K Free: 173820K (83%)
2 ms. Memory: 208384K Free: 173820K (83%)
2 ms. Memory: 208384K Free: 171410K (82%)
2 ms. Memory: 208384K Free: 171410K (82%)
2 ms. Memory: 208384K Free: 171410K (82%)
2 ms. Memory: 208384K Free: 169000K (81%)
2 ms. Memory: 208384K Free: 169000K (81%)
2 ms. Memory: 208384K Free: 169000K (81%)
/home/travis/build/icyphy/ptII/ptolemy/actor/lib/test/MathFunction.tcl
4 ms. Memory: 208384K Free: 166591K (80%)
2 ms. Memory: 208384K Free: 164181K (79%)
6 ms. Memory: 208384K Free: 164181K (79%)
2 ms. Memory: 208384K Free: 164181K (79%)
9 ms. Memory: 208384K Free: 161771K (78%)
6 ms. Memory: 208384K Free: 159361K (76%)
/home/travis/build/icyphy/ptII/ptolemy/actor/lib/test/Maximum.tcl
4 ms. Memory: 208384K Free: 156951K (75%)
2 ms. Memory: 208384K Free: 156951K (75%)
2 ms. Memory: 208384K Free: 156951K (75%)
2 ms. Memory: 208384K Free: 154541K (74%)
/home/travis/build/icyphy/ptII/ptolemy/actor/lib/test/Minimum.tcl
3 ms. Memory: 208384K Free: 154541K (74%)
1 ms. Memory: 208384K Free: 152131K (73%)
2 ms. Memory: 208384K Free: 152131K (73%)
2 ms. Memory: 208384K Free: 152131K (73%)
/home/travis/build/icyphy/ptII/ptolemy/actor/lib/test/MultiplyDivide.tcl
4 ms. Memory: 208384K Free: 149721K (72%)
2 ms. Memory: 208384K Free: 149721K (72%)
2 ms. Memory: 208384K Free: 147311K (71%)
2 ms. Memory: 208384K Free: 147311K (71%)
2 ms. Memory: 208384K Free: 147311K (71%)
/home/travis/build/icyphy/ptII/ptolemy/actor/lib/test/OrderedMerge.tcl
Connections changed on port: inputA
Connections changed on port: inputB
Connections changed on port: output
Connections changed on port: output
Connections changed on port: output
Connections changed on port: input
.top. Preinitializing ...
Invoking preinitialize():  .top.OrderedMerge
Called preinitialize()
Invoking preinitialize():  .top.Ramp
Called preinitialize()
Invoking preinitialize():  .top.Ramp2
Called preinitialize()
Invoking preinitialize():  .top.Test
Called preinitialize()
Connections changed on port: inputA
Connections changed on port: output
Connections changed on port: inputB
Connections changed on port: output
Connections changed on port: output
Connections changed on port: input
.top. Finished preinitialize().
Called initialize().
Invoking initialize():  .top.OrderedMerge
Initializing actor: .top.OrderedMerge
Adding a thread: .top.OrderedMerge
Invoking initialize():  .top.Ramp
Initializing actor: .top.Ramp
Adding a thread: .top.Ramp
Invoking initialize():  .top.Ramp2
Initializing actor: .top.Ramp2
Adding a thread: .top.Ramp2
Invoking initialize():  .top.Test
Initializing actor: .top.Test
Adding a thread: .top.Test
-- Starting thread.
Called initialize()
Called prefire()
Called fire()
-- Starting thread.
Called initialize()
Called prefire()
Called fire()
Called postfire()
Called prefire()
Called fire()
-- Starting thread.
Called initialize()
Called prefire()
Called fire()
Called postfire()
Called prefire()
Called fire()
Called fire().
Checking for deadlock:
There are 3 Blocked actors, 0 Stopped actors, and 4 active threads.
Waiting for actors to stop.
-- Starting thread.
Called initialize()
Called prefire()
Called fire()
Checking for deadlock:
There are 2 Blocked actors, 0 Stopped actors, and 4 active threads.
Waiting for actors to stop.
Called postfire()
Called prefire()
Called fire()
Checking for deadlock:
There are 3 Blocked actors, 0 Stopped actors, and 4 active threads.
Waiting for actors to stop.
Read input token from inputA with value 0.0
Next port to read input from is inputB
Called postfire()
Called prefire()
Called fire()
Checking for deadlock:
There are 2 Blocked actors, 0 Stopped actors, and 4 active threads.
Waiting for actors to stop.
Called postfire()
Called prefire()
Called fire()
Checking for deadlock:
There are 3 Blocked actors, 0 Stopped actors, and 4 active threads.
Waiting for actors to stop.
Read input token from inputB with value 0.0
Checking for deadlock:
There are 2 Blocked actors, 0 Stopped actors, and 4 active threads.
Waiting for actors to stop.
-- Read input: 0.0, which is expected to match: 0.0
Called prefire()
Called fire()
Checking for deadlock:
There are 3 Blocked actors, 0 Stopped actors, and 4 active threads.
Waiting for actors to stop.
Sent output token with value 0.0
Next port to read input from is inputA
Called postfire()
Called prefire()
Called fire()
Checking for deadlock:
There are 2 Blocked actors, 0 Stopped actors, and 4 active threads.
Waiting for actors to stop.
Called postfire()
Called prefire()
Called fire()
Checking for deadlock:
There are 3 Blocked actors, 0 Stopped actors, and 4 active threads.
Waiting for actors to stop.
Read input token from inputA with value 1.0
Checking for deadlock:
There are 2 Blocked actors, 0 Stopped actors, and 4 active threads.
Waiting for actors to stop.
-- Read input: 0.0, which is expected to match: 0.0
Called prefire()
Called fire()
Checking for deadlock:
There are 3 Blocked actors, 0 Stopped actors, and 4 active threads.
Waiting for actors to stop.
Sent output token with value 0.0
Next port to read input from is inputB
Called postfire()
Called prefire()
Called fire()
Checking for deadlock:
There are 2 Blocked actors, 0 Stopped actors, and 4 active threads.
Waiting for actors to stop.
Called postfire()
Called prefire()
Called fire()
Checking for deadlock:
There are 3 Blocked actors, 0 Stopped actors, and 4 active threads.
Waiting for actors to stop.
Read input token from inputB with value 1.5
Checking for deadlock:
There are 2 Blocked actors, 0 Stopped actors, and 4 active threads.
Waiting for actors to stop.
-- Read input: 1.0, which is expected to match: 1.0
Called prefire()
Called fire()
Checking for deadlock:
There are 3 Blocked actors, 0 Stopped actors, and 4 active threads.
Waiting for actors to stop.
Sent output token with value 1.0
Next port to read input from is inputA
Called postfire()
Called prefire()
Called fire()
Checking for deadlock:
There are 2 Blocked actors, 0 Stopped actors, and 4 active threads.
Waiting for actors to stop.
Called postfire()
Called prefire()
Called fire()
Checking for deadlock:
There are 3 Blocked actors, 0 Stopped actors, and 4 active threads.
Waiting for actors to stop.
Read input token from inputA with value 2.0
Checking for deadlock:
There are 2 Blocked actors, 0 Stopped actors, and 4 active threads.
Waiting for actors to stop.
-- Read input: 1.5, which is expected to match: 1.5
Called prefire()
Called fire()
Checking for deadlock:
There are 3 Blocked actors, 0 Stopped actors, and 4 active threads.
Waiting for actors to stop.
Sent output token with value 1.5
Next port to read input from is inputB
Called postfire()
Called prefire()
Called fire()
Checking for deadlock:
There are 2 Blocked actors, 0 Stopped actors, and 4 active threads.
Waiting for actors to stop.
Called postfire()
Called prefire()
Called fire()
Checking for deadlock:
There are 3 Blocked actors, 0 Stopped actors, and 4 active threads.
Waiting for actors to stop.
Read input token from inputB with value 3.0
Checking for deadlock:
There are 2 Blocked actors, 0 Stopped actors, and 4 active threads.
Waiting for actors to stop.
-- Read input: 2.0, which is expected to match: 2.0
Called prefire()
Called fire()
Checking for deadlock:
There are 3 Blocked actors, 0 Stopped actors, and 4 active threads.
Waiting for actors to stop.
Sent output token with value 2.0
Next port to read input from is inputA
Called postfire()
Called prefire()
Called fire()
Checking for deadlock:
There are 2 Blocked actors, 0 Stopped actors, and 4 active threads.
Waiting for actors to stop.
Called postfire()
Called prefire()
Called fire()
Checking for deadlock:
There are 3 Blocked actors, 0 Stopped actors, and 4 active threads.
Waiting for actors to stop.
Read input token from inputA with value 3.0
Checking for deadlock:
There are 2 Blocked actors, 0 Stopped actors, and 4 active threads.
Waiting for actors to stop.
-- Read input: 3.0, which is expected to match: 3.0
Called prefire()
Called fire()
Checking for deadlock:
There are 3 Blocked actors, 0 Stopped actors, and 4 active threads.
Waiting for actors to stop.
Sent output token with value 3.0
Next port to read input from is inputB
Called postfire()
Called prefire()
Called fire()
Checking for deadlock:
There are 2 Blocked actors, 0 Stopped actors, and 4 active threads.
Waiting for actors to stop.
Called postfire()
Called prefire()
Called fire()
Checking for deadlock:
There are 3 Blocked actors, 0 Stopped actors, and 4 active threads.
Waiting for actors to stop.
Read input token from inputB with value 4.5
Checking for deadlock:
There are 2 Blocked actors, 0 Stopped actors, and 4 active threads.
Waiting for actors to stop.
-- Read input: 3.0, which is expected to match: 3.0
Called prefire()
Called fire()
Checking for deadlock:
There are 3 Blocked actors, 0 Stopped actors, and 4 active threads.
Waiting for actors to stop.
Sent output token with value 3.0
Next port to read input from is inputA
Called postfire()
Called prefire()
Called fire()
Checking for deadlock:
There are 2 Blocked actors, 0 Stopped actors, and 4 active threads.
Waiting for actors to stop.
Called postfire()
Called prefire()
Called fire()
Checking for deadlock:
There are 3 Blocked actors, 0 Stopped actors, and 4 active threads.
Waiting for actors to stop.
Read input token from inputA with value 4.0
Checking for deadlock:
There are 2 Blocked actors, 0 Stopped actors, and 4 active threads.
Waiting for actors to stop.
-- Read input: 4.0, which is expected to match: 4.0
Called prefire()
Called fire()
Past the end of training data. Read and discard all inputs.
Checking for deadlock:
There are 3 Blocked actors, 0 Stopped actors, and 4 active threads.
Waiting for actors to stop.
Sent output token with value 4.0
Next port to read input from is inputA
Called postfire()
Called prefire()
Called fire()
Checking for deadlock:
There are 2 Blocked actors, 0 Stopped actors, and 4 active threads.
Waiting for actors to stop.
Called postfire()
Called prefire()
Called fire()
Checking for deadlock:
There are 3 Blocked actors, 0 Stopped actors, and 4 active threads.
Waiting for actors to stop.
Read input token from inputA with value 5.0
Checking for deadlock:
There are 2 Blocked actors, 0 Stopped actors, and 4 active threads.
Waiting for actors to stop.
Called prefire()
Called fire()
Past the end of training data. Read and discard all inputs.
Checking for deadlock:
There are 3 Blocked actors, 0 Stopped actors, and 4 active threads.
Waiting for actors to stop.
Sent output token with value 4.5
Next port to read input from is inputB
Called postfire()
Called prefire()
Called fire()
Checking for deadlock:
There are 2 Blocked actors, 0 Stopped actors, and 4 active threads.
Waiting for actors to stop.
Called postfire()
Called prefire()
Called fire()
Checking for deadlock:
There are 3 Blocked actors, 0 Stopped actors, and 4 active threads.
Waiting for actors to stop.
Read input token from inputB with value 6.0
Checking for deadlock:
There are 2 Blocked actors, 0 Stopped actors, and 4 active threads.
Waiting for actors to stop.
Called prefire()
Called fire()
Past the end of training data. Read and discard all inputs.
Checking for deadlock:
There are 3 Blocked actors, 0 Stopped actors, and 4 active threads.
Waiting for actors to stop.
Sent output token with value 5.0
Next port to read input from is inputA
Called postfire()
Called prefire()
Called fire()
Checking for deadlock:
There are 2 Blocked actors, 0 Stopped actors, and 4 active threads.
Waiting for actors to stop.
Called postfire()
Called prefire()
Called fire()
Checking for deadlock:
There are 3 Blocked actors, 0 Stopped actors, and 4 active threads.
Waiting for actors to stop.
Read input token from inputA with value 6.0
Checking for deadlock:
There are 2 Blocked actors, 0 Stopped actors, and 4 active threads.
Waiting for actors to stop.
Called prefire()
Called fire()
Past the end of training data. Read and discard all inputs.
Checking for deadlock:
There are 3 Blocked actors, 0 Stopped actors, and 4 active threads.
Waiting for actors to stop.
Sent output token with value 6.0
Next port to read input from is inputB
Called postfire()
Called prefire()
Called fire()
Checking for deadlock:
There are 2 Blocked actors, 0 Stopped actors, and 4 active threads.
Waiting for actors to stop.
Called postfire()
Called prefire()
Called fire()
Checking for deadlock:
There are 3 Blocked actors, 0 Stopped actors, and 4 active threads.
Waiting for actors to stop.
Read input token from inputB with value 7.5
Checking for deadlock:
There are 2 Blocked actors, 0 Stopped actors, and 4 active threads.
Waiting for actors to stop.
Called prefire()
Called fire()
Past the end of training data. Read and discard all inputs.
Checking for deadlock:
There are 3 Blocked actors, 0 Stopped actors, and 4 active threads.
Waiting for actors to stop.
Sent output token with value 6.0
Next port to read input from is inputA
Called postfire()
Called prefire()
Called fire()
Checking for deadlock:
There are 2 Blocked actors, 0 Stopped actors, and 4 active threads.
Waiting for actors to stop.
Called postfire()
Called prefire()
Called fire()
Checking for deadlock:
There are 3 Blocked actors, 0 Stopped actors, and 4 active threads.
Waiting for actors to stop.
Read input token from inputA with value 7.0
Checking for deadlock:
There are 2 Blocked actors, 0 Stopped actors, and 4 active threads.
Waiting for actors to stop.
Called prefire()
Called fire()
Past the end of training data. Read and discard all inputs.
Checking for deadlock:
There are 3 Blocked actors, 0 Stopped actors, and 4 active threads.
Waiting for actors to stop.
Sent output token with value 7.0
Next port to read input from is inputA
Called postfire()
Called prefire()
Called fire()
Checking for deadlock:
There are 2 Blocked actors, 0 Stopped actors, and 4 active threads.
Waiting for actors to stop.
-- Thread wrapup() called.
Called wrapup()
Thread .top.Ramp is exiting.
-- Thread stopped.
Checking for deadlock:
There are 2 Blocked actors, 0 Stopped actors, and 3 active threads.
Waiting for actors to stop.
Read input token from inputA with value 8.0
Checking for deadlock:
There are 1 Blocked actors, 0 Stopped actors, and 3 active threads.
Waiting for actors to stop.
Called prefire()
Called fire()
Past the end of training data. Read and discard all inputs.
Checking for deadlock:
There are 2 Blocked actors, 0 Stopped actors, and 3 active threads.
Waiting for actors to stop.
Sent output token with value 7.5
Next port to read input from is inputB
Called postfire()
Called prefire()
Called fire()
Checking for deadlock:
There are 1 Blocked actors, 0 Stopped actors, and 3 active threads.
Waiting for actors to stop.
Called postfire()
Called prefire()
Called fire()
Checking for deadlock:
There are 2 Blocked actors, 0 Stopped actors, and 3 active threads.
Waiting for actors to stop.
Read input token from inputB with value 9.0
Checking for deadlock:
There are 1 Blocked actors, 0 Stopped actors, and 3 active threads.
Waiting for actors to stop.
Called prefire()
Called fire()
Past the end of training data. Read and discard all inputs.
Checking for deadlock:
There are 2 Blocked actors, 0 Stopped actors, and 3 active threads.
Waiting for actors to stop.
Sent output token with value 8.0
Next port to read input from is inputA
Called postfire()
Called prefire()
Called fire()
Read input token from inputA with value 9.0
Checking for deadlock:
There are 1 Blocked actors, 0 Stopped actors, and 3 active threads.
Waiting for actors to stop.
Called prefire()
Called fire()
Past the end of training data. Read and discard all inputs.
Checking for deadlock:
There are 2 Blocked actors, 0 Stopped actors, and 3 active threads.
Waiting for actors to stop.
Sent output token with value 9.0
Next port to read input from is inputB
Called postfire()
Called prefire()
Called fire()
Checking for deadlock:
There are 1 Blocked actors, 0 Stopped actors, and 3 active threads.
Waiting for actors to stop.
Called postfire()
Called prefire()
Called fire()
Checking for deadlock:
There are 2 Blocked actors, 0 Stopped actors, and 3 active threads.
Waiting for actors to stop.
Read input token from inputB with value 10.5
Checking for deadlock:
There are 1 Blocked actors, 0 Stopped actors, and 3 active threads.
Waiting for actors to stop.
Called prefire()
Called fire()
Past the end of training data. Read and discard all inputs.
Checking for deadlock:
There are 2 Blocked actors, 0 Stopped actors, and 3 active threads.
Waiting for actors to stop.
Sent output token with value 9.0
Next port to read input from is inputA
Called postfire()
Called prefire()
Called fire()
Checking for deadlock:
There are 3 Blocked actors, 0 Stopped actors, and 3 active threads.
Actors have stopped.
Checking for deadlock:
There are 3 Blocked actors, 0 Stopped actors, and 3 active threads.
Deadlock detected.
Resolving Deadlock
Checking for deadlock:
There are 3 Blocked actors, 0 Stopped actors, and 3 active threads.
Artificial Deadlock - increasing queue capacity.
increasing the capacity of receiver ptolemy.actor.TypedIOPort {.top.OrderedMerge.inputB} to 2
Director: Called postfire().
Called postfire().
_stopRequested = false
_stopFireRequested = false
Returning from postfire(): true
Called fire().
Checking for deadlock:
There are 2 Blocked actors, 0 Stopped actors, and 3 active threads.
Waiting for actors to stop.
-- Thread wrapup() called.
Called wrapup()
Thread .top.Ramp2 is exiting.
-- Thread stopped.
Checking for deadlock:
There are 2 Blocked actors, 0 Stopped actors, and 2 active threads.
Actors have stopped.
Checking for deadlock:
There are 2 Blocked actors, 0 Stopped actors, and 2 active threads.
Deadlock detected.
Resolving Deadlock
Checking for deadlock:
There are 2 Blocked actors, 0 Stopped actors, and 2 active threads.
Deadlock detected: no processes blocked on write, but some are blocked on read.
Called postfire().
_stopRequested = false
_stopFireRequested = false
Returning from postfire(): false
Finished deactivating branches.
Called wrapup().
-- Thread wrapup() called.
Called wrapup()
Thread .top.Test is exiting.
-- Thread stopped.
-- Blocked Receiver call threw TerminateProcessException.
-- Thread wrapup() called.
Called wrapup()
Thread .top.OrderedMerge is exiting.
21 ms. Memory: 208384K Free: 139986K (67%)
.top. Preinitializing ...
Invoking preinitialize():  .top.OrderedMerge
Called preinitialize()
Invoking preinitialize():  .top.Ramp
Called preinitialize()
Invoking preinitialize():  .top.Ramp2
Called preinitialize()
Invoking preinitialize():  .top.Test
Called preinitialize()
.top. Finished preinitialize().
Called initialize().
Invoking initialize():  .top.OrderedMerge
Initializing actor: .top.OrderedMerge
Adding a thread: .top.OrderedMerge
Invoking initialize():  .top.Ramp
Initializing actor: .top.Ramp
Adding a thread: .top.Ramp
Invoking initialize():  .top.Ramp2
Initializing actor: .top.Ramp2
Adding a thread: .top.Ramp2
Invoking initialize():  .top.Test
Initializing actor: .top.Test
Adding a thread: .top.Test
-- Thread stopped.
-- Blocked Receiver call threw TerminateProcessException.
-- Starting thread.
Called initialize()
Called prefire()
Called fire()
-- Starting thread.
Called initialize()
Called prefire()
Called fire()
Called postfire()
Called prefire()
Called fire()
-- Starting thread.
Called initialize()
Called prefire()
Called fire()
Called postfire()
Called prefire()
Called fire()
Called fire().
Checking for deadlock:
There are 3 Blocked actors, 0 Stopped actors, and 4 active threads.
Waiting for actors to stop.
-- Starting thread.
Called initialize()
Called prefire()
Called fire()
Checking for deadlock:
There are 2 Blocked actors, 0 Stopped actors, and 4 active threads.
Waiting for actors to stop.
Called postfire()
Called prefire()
Called fire()
Checking for deadlock:
There are 3 Blocked actors, 0 Stopped actors, and 4 active threads.
Waiting for actors to stop.
Read input token from inputA with value 0.0
Next port to read input from is inputB
Called postfire()
Called prefire()
Called fire()
Checking for deadlock:
There are 2 Blocked actors, 0 Stopped actors, and 4 active threads.
Waiting for actors to stop.
Called postfire()
Called prefire()
Called fire()
Checking for deadlock:
There are 3 Blocked actors, 0 Stopped actors, and 4 active threads.
Waiting for actors to stop.
Read input token from inputB with value 0.0
Checking for deadlock:
There are 2 Blocked actors, 0 Stopped actors, and 4 active threads.
Waiting for actors to stop.
-- Read input: 0.0, which is expected to match: 0.0
Called prefire()
Called fire()
Checking for deadlock:
There are 3 Blocked actors, 0 Stopped actors, and 4 active threads.
Waiting for actors to stop.
Sent output token with value 0.0
Next port to read input from is inputA
Called postfire()
Called prefire()
Called fire()
Checking for deadlock:
There are 2 Blocked actors, 0 Stopped actors, and 4 active threads.
Waiting for actors to stop.
Called postfire()
Called prefire()
Called fire()
Checking for deadlock:
There are 3 Blocked actors, 0 Stopped actors, and 4 active threads.
Waiting for actors to stop.
Read input token from inputA with value 1.0
Checking for deadlock:
There are 2 Blocked actors, 0 Stopped actors, and 4 active threads.
Waiting for actors to stop.
-- Read input: 0.0, which is expected to match: 0.0
Called prefire()
Called fire()
Checking for deadlock:
There are 3 Blocked actors, 0 Stopped actors, and 4 active threads.
Waiting for actors to stop.
Sent output token with value 0.0
Next port to read input from is inputB
Called postfire()
Called prefire()
Called fire()
Checking for deadlock:
There are 2 Blocked actors, 0 Stopped actors, and 4 active threads.
Waiting for actors to stop.
Called postfire()
Called prefire()
Called fire()
Checking for deadlock:
There are 3 Blocked actors, 0 Stopped actors, and 4 active threads.
Waiting for actors to stop.
Read input token from inputB with value 1.5
Checking for deadlock:
There are 2 Blocked actors, 0 Stopped actors, and 4 active threads.
Waiting for actors to stop.
-- Read input: 1.0, which is expected to match: 1.0
Called prefire()
Called fire()
Checking for deadlock:
There are 3 Blocked actors, 0 Stopped actors, and 4 active threads.
Waiting for actors to stop.
Sent output token with value 1.0
Next port to read input from is inputA
Called postfire()
Called prefire()
Called fire()
Checking for deadlock:
There are 2 Blocked actors, 0 Stopped actors, and 4 active threads.
Waiting for actors to stop.
Called postfire()
Called prefire()
Called fire()
Checking for deadlock:
There are 3 Blocked actors, 0 Stopped actors, and 4 active threads.
Waiting for actors to stop.
Read input token from inputA with value 2.0
Checking for deadlock:
There are 2 Blocked actors, 0 Stopped actors, and 4 active threads.
Waiting for actors to stop.
-- Read input: 1.5, which is expected to match: 1.5
Called prefire()
Called fire()
Checking for deadlock:
There are 3 Blocked actors, 0 Stopped actors, and 4 active threads.
Waiting for actors to stop.
Sent output token with value 1.5
Next port to read input from is inputB
Called postfire()
Called prefire()
Called fire()
Checking for deadlock:
There are 2 Blocked actors, 0 Stopped actors, and 4 active threads.
Waiting for actors to stop.
Called postfire()
Called prefire()
Called fire()
Checking for deadlock:
There are 3 Blocked actors, 0 Stopped actors, and 4 active threads.
Waiting for actors to stop.
Read input token from inputB with value 3.0
Checking for deadlock:
There are 2 Blocked actors, 0 Stopped actors, and 4 active threads.
Waiting for actors to stop.
-- Read input: 2.0, which is expected to match: 2.0
Called prefire()
Called fire()
Checking for deadlock:
There are 3 Blocked actors, 0 Stopped actors, and 4 active threads.
Waiting for actors to stop.
Sent output token with value 2.0
Next port to read input from is inputA
Called postfire()
Called prefire()
Called fire()
Checking for deadlock:
There are 2 Blocked actors, 0 Stopped actors, and 4 active threads.
Waiting for actors to stop.
Called postfire()
Called prefire()
Called fire()
Checking for deadlock:
There are 3 Blocked actors, 0 Stopped actors, and 4 active threads.
Waiting for actors to stop.
Read input token from inputA with value 3.0
Checking for deadlock:
There are 2 Blocked actors, 0 Stopped actors, and 4 active threads.
Waiting for actors to stop.
-- Read input: 3.0, which is expected to match: 3.0
Called prefire()
Called fire()
Checking for deadlock:
There are 3 Blocked actors, 0 Stopped actors, and 4 active threads.
Waiting for actors to stop.
Sent output token with value 3.0
Next port to read input from is inputB
Called postfire()
Called prefire()
Called fire()
Checking for deadlock:
There are 2 Blocked actors, 0 Stopped actors, and 4 active threads.
Waiting for actors to stop.
Called postfire()
Called prefire()
Called fire()
Checking for deadlock:
There are 3 Blocked actors, 0 Stopped actors, and 4 active threads.
Waiting for actors to stop.
Read input token from inputB with value 4.5
Checking for deadlock:
There are 2 Blocked actors, 0 Stopped actors, and 4 active threads.
Waiting for actors to stop.
-- Read input: 3.0, which is expected to match: 3.0
Called prefire()
Called fire()
Checking for deadlock:
There are 3 Blocked actors, 0 Stopped actors, and 4 active threads.
Waiting for actors to stop.
Sent output token with value 3.0
Next port to read input from is inputA
Called postfire()
Called prefire()
Called fire()
Checking for deadlock:
There are 2 Blocked actors, 0 Stopped actors, and 4 active threads.
Waiting for actors to stop.
Called postfire()
Called prefire()
Called fire()
Checking for deadlock:
There are 3 Blocked actors, 0 Stopped actors, and 4 active threads.
Waiting for actors to stop.
Read input token from inputA with value 4.0
Checking for deadlock:
There are 2 Blocked actors, 0 Stopped actors, and 4 active threads.
Waiting for actors to stop.
-- Read input: 4.0, which is expected to match: 4.0
Called prefire()
Called fire()
Past the end of training data. Read and discard all inputs.
Checking for deadlock:
There are 3 Blocked actors, 0 Stopped actors, and 4 active threads.
Waiting for actors to stop.
Sent output token with value 4.0
Next port to read input from is inputA
Called postfire()
Called prefire()
Called fire()
Checking for deadlock:
There are 2 Blocked actors, 0 Stopped actors, and 4 active threads.
Waiting for actors to stop.
Called postfire()
Called prefire()
Called fire()
Checking for deadlock:
There are 3 Blocked actors, 0 Stopped actors, and 4 active threads.
Waiting for actors to stop.
Read input token from inputA with value 5.0
Checking for deadlock:
There are 2 Blocked actors, 0 Stopped actors, and 4 active threads.
Waiting for actors to stop.
Called prefire()
Called fire()
Past the end of training data. Read and discard all inputs.
Checking for deadlock:
There are 3 Blocked actors, 0 Stopped actors, and 4 active threads.
Waiting for actors to stop.
Sent output token with value 4.5
Next port to read input from is inputB
Called postfire()
Called prefire()
Called fire()
Checking for deadlock:
There are 2 Blocked actors, 0 Stopped actors, and 4 active threads.
Waiting for actors to stop.
Called postfire()
Called prefire()
Called fire()
Checking for deadlock:
There are 3 Blocked actors, 0 Stopped actors, and 4 active threads.
Waiting for actors to stop.
Read input token from inputB with value 6.0
Checking for deadlock:
There are 2 Blocked actors, 0 Stopped actors, and 4 active threads.
Waiting for actors to stop.
Called prefire()
Called fire()
Past the end of training data. Read and discard all inputs.
Checking for deadlock:
There are 3 Blocked actors, 0 Stopped actors, and 4 active threads.
Waiting for actors to stop.
Sent output token with value 5.0
Next port to read input from is inputA
Called postfire()
Called prefire()
Called fire()
Checking for deadlock:
There are 2 Blocked actors, 0 Stopped actors, and 4 active threads.
Waiting for actors to stop.
Called postfire()
Called prefire()
Called fire()
Checking for deadlock:
There are 3 Blocked actors, 0 Stopped actors, and 4 active threads.
Waiting for actors to stop.
Read input token from inputA with value 6.0
Checking for deadlock:
There are 2 Blocked actors, 0 Stopped actors, and 4 active threads.
Waiting for actors to stop.
Called prefire()
Called fire()
Past the end of training data. Read and discard all inputs.
Checking for deadlock:
There are 3 Blocked actors, 0 Stopped actors, and 4 active threads.
Waiting for actors to stop.
Sent output token with value 6.0
Next port to read input from is inputB
Called postfire()
Called prefire()
Called fire()
Checking for deadlock:
There are 2 Blocked actors, 0 Stopped actors, and 4 active threads.
Waiting for actors to stop.
Called postfire()
Called prefire()
Called fire()
Checking for deadlock:
There are 3 Blocked actors, 0 Stopped actors, and 4 active threads.
Waiting for actors to stop.
Read input token from inputB with value 7.5
Checking for deadlock:
There are 2 Blocked actors, 0 Stopped actors, and 4 active threads.
Waiting for actors to stop.
Called prefire()
Called fire()
Past the end of training data. Read and discard all inputs.
Checking for deadlock:
There are 3 Blocked actors, 0 Stopped actors, and 4 active threads.
Waiting for actors to stop.
Sent output token with value 6.0
Next port to read input from is inputA
Called postfire()
Called prefire()
Called fire()
Checking for deadlock:
There are 2 Blocked actors, 0 Stopped actors, and 4 active threads.
Waiting for actors to stop.
Called postfire()
Called prefire()
Called fire()
Checking for deadlock:
There are 3 Blocked actors, 0 Stopped actors, and 4 active threads.
Waiting for actors to stop.
Read input token from inputA with value 7.0
Checking for deadlock:
There are 2 Blocked actors, 0 Stopped actors, and 4 active threads.
Waiting for actors to stop.
Called prefire()
Called fire()
Past the end of training data. Read and discard all inputs.
Checking for deadlock:
There are 3 Blocked actors, 0 Stopped actors, and 4 active threads.
Waiting for actors to stop.
Sent output token with value 7.0
Next port to read input from is inputA
Called postfire()
Called prefire()
Called fire()
Checking for deadlock:
There are 2 Blocked actors, 0 Stopped actors, and 4 active threads.
Waiting for actors to stop.
-- Thread wrapup() called.
Called wrapup()
Thread .top.Ramp is exiting.
Checking for deadlock:
There are 2 Blocked actors, 0 Stopped actors, and 3 active threads.
Waiting for actors to stop.
-- Thread stopped.
Read input token from inputA with value 8.0
Checking for deadlock:
There are 1 Blocked actors, 0 Stopped actors, and 3 active threads.
Waiting for actors to stop.
Called prefire()
Called fire()
Past the end of training data. Read and discard all inputs.
Checking for deadlock:
There are 2 Blocked actors, 0 Stopped actors, and 3 active threads.
Waiting for actors to stop.
Sent output token with value 7.5
Next port to read input from is inputB
Called postfire()
Called prefire()
Called fire()
Checking for deadlock:
There are 1 Blocked actors, 0 Stopped actors, and 3 active threads.
Waiting for actors to stop.
Called postfire()
Called prefire()
Called fire()
Checking for deadlock:
There are 2 Blocked actors, 0 Stopped actors, and 3 active threads.
Waiting for actors to stop.
Read input token from inputB with value 9.0
Checking for deadlock:
There are 1 Blocked actors, 0 Stopped actors, and 3 active threads.
Waiting for actors to stop.
Called prefire()
Called fire()
Past the end of training data. Read and discard all inputs.
Checking for deadlock:
There are 2 Blocked actors, 0 Stopped actors, and 3 active threads.
Waiting for actors to stop.
Sent output token with value 8.0
Next port to read input from is inputA
Called postfire()
Called prefire()
Called fire()
Read input token from inputA with value 9.0
Checking for deadlock:
There are 1 Blocked actors, 0 Stopped actors, and 3 active threads.
Waiting for actors to stop.
Called prefire()
Called fire()
Past the end of training data. Read and discard all inputs.
Checking for deadlock:
There are 2 Blocked actors, 0 Stopped actors, and 3 active threads.
Waiting for actors to stop.
Sent output token with value 9.0
Next port to read input from is inputB
Called postfire()
Called prefire()
Called fire()
Checking for deadlock:
There are 1 Blocked actors, 0 Stopped actors, and 3 active threads.
Waiting for actors to stop.
Called postfire()
Called prefire()
Called fire()
Checking for deadlock:
There are 2 Blocked actors, 0 Stopped actors, and 3 active threads.
Waiting for actors to stop.
Read input token from inputB with value 10.5
Checking for deadlock:
There are 1 Blocked actors, 0 Stopped actors, and 3 active threads.
Waiting for actors to stop.
Called prefire()
Called fire()
Past the end of training data. Read and discard all inputs.
Checking for deadlock:
There are 2 Blocked actors, 0 Stopped actors, and 3 active threads.
Waiting for actors to stop.
Sent output token with value 9.0
Next port to read input from is inputA
Called postfire()
Called prefire()
Called fire()
Checking for deadlock:
There are 3 Blocked actors, 0 Stopped actors, and 3 active threads.
Actors have stopped.
Checking for deadlock:
There are 3 Blocked actors, 0 Stopped actors, and 3 active threads.
Deadlock detected.
Resolving Deadlock
Checking for deadlock:
There are 3 Blocked actors, 0 Stopped actors, and 3 active threads.
Artificial Deadlock - increasing queue capacity.
increasing the capacity of receiver ptolemy.actor.TypedIOPort {.top.OrderedMerge.inputB} to 2
Director: Called postfire().
Called postfire().
_stopRequested = false
_stopFireRequested = false
Returning from postfire(): true
Called fire().
Checking for deadlock:
There are 2 Blocked actors, 0 Stopped actors, and 3 active threads.
Waiting for actors to stop.
-- Thread wrapup() called.
Called wrapup()
Thread .top.Ramp2 is exiting.
-- Thread stopped.
Checking for deadlock:
There are 2 Blocked actors, 0 Stopped actors, and 2 active threads.
Actors have stopped.
Checking for deadlock:
There are 2 Blocked actors, 0 Stopped actors, and 2 active threads.
Deadlock detected.
Resolving Deadlock
Checking for deadlock:
There are 2 Blocked actors, 0 Stopped actors, and 2 active threads.
Deadlock detected: no processes blocked on write, but some are blocked on read.
Called postfire().
_stopRequested = false
_stopFireRequested = false
Returning from postfire(): false
Finished deactivating branches.
Called wrapup().
-- Thread wrapup() called.
Called wrapup()
Thread .top.OrderedMerge is exiting.
-- Thread stopped.
-- Blocked Receiver call threw TerminateProcessException.
-- Thread wrapup() called.
Called wrapup()
Thread .top.Test is exiting.
-- Thread stopped.
-- Blocked Receiver call threw TerminateProcessException.
34 ms. Memory: 208384K Free: 135071K (65%)
/home/travis/build/icyphy/ptII/ptolemy/actor/lib/test/Publisher.tcl
22 ms. Memory: 208384K Free: 127841K (61%)
4 ms. Memory: 208384K Free: 122990K (59%)
2 ms. Memory: 208384K Free: 118138K (57%)
3 ms. Memory: 208384K Free: 115728K (56%)
3 ms. Memory: 208384K Free: 115728K (56%)
3 ms. Memory: 208384K Free: 115728K (56%)
2 ms. Memory: 208384K Free: 113318K (54%)
2 ms. Memory: 208384K Free: 113318K (54%)
1 ms. Memory: 208384K Free: 103679K (50%)
3 ms. Memory: 208384K Free: 101269K (49%)
2 ms. Memory: 208384K Free: 98859K (47%)
1 ms. Memory: 208384K Free: 96449K (46%)
14 ms. Memory: 208384K Free: 89219K (43%)
36 ms. Memory: 330752K Free: 318644K (96%)
5 ms. Memory: 330752K Free: 309274K (94%)
/home/travis/build/icyphy/ptII/ptolemy/actor/lib/test/Pulse.tcl
10 ms. Memory: 330752K Free: 267036K (81%)
1 ms. Memory: 330752K Free: 267036K (81%)
1 ms. Memory: 330752K Free: 267036K (81%)
10 ms. Memory: 330752K Free: 267036K (81%)
1 ms. Memory: 330752K Free: 262351K (79%)
2 ms. Memory: 330752K Free: 262351K (79%)
3 ms. Memory: 330752K Free: 262351K (79%)
1 ms. Memory: 330752K Free: 262351K (79%)
1 ms. Memory: 330752K Free: 262351K (79%)
/home/travis/build/icyphy/ptII/ptolemy/actor/lib/test/Ramp.tcl
4 ms. Memory: 330752K Free: 257666K (78%)
2 ms. Memory: 330752K Free: 257666K (78%)
1 ms. Memory: 330752K Free: 257666K (78%)
11 ms. Memory: 330752K Free: 257666K (78%)
3 ms. Memory: 330752K Free: 257666K (78%)
12 ms. Memory: 330752K Free: 252981K (76%)
7 ms. Memory: 330752K Free: 252981K (76%)
5 actors
6000 microseconds per iteration to create
12 ms. Memory: 330752K Free: 252981K (76%)
5 ms. Memory: 330752K Free: 252981K (76%)
2 ms. Memory: 330752K Free: 248296K (75%)
2 ms. Memory: 330752K Free: 248296K (75%)
50 actors
40000 microseconds per iteration to create
49 ms. Memory: 330752K Free: 234193K (71%)
10 ms. Memory: 330752K Free: 234193K (71%)
13 ms. Memory: 330752K Free: 234193K (71%)
13 ms. Memory: 330752K Free: 229492K (69%)
500 actors
1262000 microseconds per iteration to create
266 ms. Memory: 331776K Free: 300229K (90%)
36 ms. Memory: 331776K Free: 295477K (89%)
53 ms. Memory: 331776K Free: 290724K (88%)
47 ms. Memory: 331776K Free: 285972K (86%)
/home/travis/build/icyphy/ptII/ptolemy/actor/lib/test/RampContinuous.tcl
10 ms. Memory: 331776K Free: 285972K (86%)
/home/travis/build/icyphy/ptII/ptolemy/actor/lib/test/RecordAssembler.tcl
5 ms. Memory: 331776K Free: 285972K (86%)
5 ms. Memory: 331776K Free: 281219K (85%)
/home/travis/build/icyphy/ptII/ptolemy/actor/lib/test/RecordDisassembler.tcl
5 ms. Memory: 331776K Free: 281219K (85%)
4 ms. Memory: 331776K Free: 281219K (85%)
4 ms. Memory: 331776K Free: 276450K (83%)
/home/travis/build/icyphy/ptII/ptolemy/actor/lib/test/Scale.tcl
2 ms. Memory: 331776K Free: 276450K (83%)
2 ms. Memory: 331776K Free: 276450K (83%)
2 ms. Memory: 331776K Free: 276450K (83%)
3 ms. Memory: 331776K Free: 276450K (83%)
6 ms. Memory: 331776K Free: 271682K (82%)
/home/travis/build/icyphy/ptII/ptolemy/actor/lib/test/SequentialClock.tcl
preinitializing
resolving types
initializing
executing number 1
wrapping up
idle
8 ms. Memory: 331776K Free: 271682K (82%)
Completed execution with 5 iterations
preinitializing
resolving types
initializing
executing number 1
wrapping up
idle
1 ms. Memory: 331776K Free: 271682K (82%)
Completed execution with 5 iterations
preinitializing
resolving types
initializing
executing number 1
wrapping up
idle
5 ms. Memory: 331776K Free: 271682K (82%)
Completed execution with 5 iterations
/home/travis/build/icyphy/ptII/ptolemy/actor/lib/test/SetVariable.tcl
3 ms. Memory: 331776K Free: 271682K (82%)
/home/travis/build/icyphy/ptII/ptolemy/actor/lib/test/Sinewave.tcl
/home/travis/build/icyphy/ptII/ptolemy/actor/lib/test/SubscriptionAggregator.tcl
12 ms. Memory: 331776K Free: 257393K (78%)
2 ms. Memory: 331776K Free: 257393K (78%)
0 ms. Memory: 331776K Free: 252640K (76%)
0 ms. Memory: 331776K Free: 252640K (76%)
1 ms. Memory: 331776K Free: 247872K (75%)
3 ms. Memory: 331776K Free: 247872K (75%)
...............................................................849 ms. Memory: 575488K Free: 135008K (23%)
/home/travis/build/icyphy/ptII/ptolemy/actor/lib/test/Test.tcl
 The next command will produce a warning about training mode,
   which may be ignored.
2 ms. Memory: 575488K Free: 135008K (23%)
2 ms. Memory: 575488K Free: 125482K (22%)
1 ms. Memory: 575488K Free: 125482K (22%)
1 ms. Memory: 575488K Free: 125482K (22%)
1 ms. Memory: 575488K Free: 125482K (22%)
2 ms. Memory: 575488K Free: 125482K (22%)
3 ms. Memory: 575488K Free: 125482K (22%)
 The next command will produce a warning about training mode,
   which may be ignored.
4 ms. Memory: 575488K Free: 125482K (22%)
 The next command will produce a warning about training mode,
   which may be ignored.
3 ms. Memory: 575488K Free: 125482K (22%)
1 ms. Memory: 575488K Free: 125482K (22%)
1 ms. Memory: 575488K Free: 115941K (20%)
1 ms. Memory: 575488K Free: 115941K (20%)
2 ms. Memory: 575488K Free: 115941K (20%)
3 ms. Memory: 575488K Free: 115941K (20%)
/home/travis/build/icyphy/ptII/ptolemy/actor/lib/test/TestExceptionHandler.tcl
 The next command will produce a warning about training mode,
   which may be ignored.
1 ms. Memory: 575488K Free: 115941K (20%)
1 ms. Memory: 575488K Free: 115941K (20%)
0 ms. Memory: 575488K Free: 115941K (20%)
/home/travis/build/icyphy/ptII/ptolemy/actor/lib/test/UnionDisassembler.tcl
25 ms. Memory: 575488K Free: 106415K (18%)
/home/travis/build/icyphy/ptII/ptolemy/actor/lib/test/VariableClock.tcl
preinitializing
resolving types
initializing
executing number 1
wrapping up
idle
8 ms. Memory: 575488K Free: 106415K (18%)
Completed execution with 11 iterations
preinitializing
resolving types
initializing
executing number 1
wrapping up
idle
5 ms. Memory: 575488K Free: 96874K (17%)
Completed execution with 10 iterations
06/02/18 05:40:50
Failed: 0  Total Tests: 234  ((Passed: 234, Newly Passed: 0)  Known Failed: 0) /home/travis/build/icyphy/ptII/ptolemy/actor/lib/test
----------------- testing (KnownFailure) /home/travis/build/icyphy/ptII/ptolemy/actor/lib/test/auto/knownFailedTests/PublisherPortToplevelSubscriber.xml
1 ms. Memory: 575488K Free: 87156K (15%)
Known Failure: java.lang.reflect.InvocationTargetException
----------------- testing (KnownFailure) /home/travis/build/icyphy/ptII/ptolemy/actor/lib/test/auto/knownFailedTests/PublisherSubscriberPortToplevel.xml
1 ms. Memory: 575488K Free: 68975K (12%)
Known Failure: java.lang.reflect.InvocationTargetException
----------------- testing (KnownFailure) /home/travis/build/icyphy/ptII/ptolemy/actor/lib/test/auto/knownFailedTests/PublisherSubscriptionAggregatorPort.xml
1 ms. Memory: 579072K Free: 511387K (88%)
Known Failure: java.lang.reflect.InvocationTargetException
----------------- testing (KnownFailure) /home/travis/build/icyphy/ptII/ptolemy/actor/lib/test/auto/knownFailedTests/sizedarray3.xml
11 ms. Memory: 579072K Free: 491952K (85%)
Known Failure: java.lang.reflect.InvocationTargetException
No auto/linux-amd64/*.xml tests in /home/travis/build/icyphy/ptII/ptolemy/actor/lib/test
AutoTests.java: About to close Vertx.
AutoTests.java: Vertx closed.

===========================================================================================
----------------- testing Sat Jun 02 17:40:50 UTC 2018 /home/travis/build/icyphy/ptII/ptolemy/actor/lib/test/auto/AbsoluteValue.xml
----------------- Instantiating /home/travis/build/icyphy/ptII/ptolemy/actor/lib/test/auto/AbsoluteValue.xml
8 ms. Memory: 579072K Free: 414625K (72%)
----------------- Invoking toplevel() on ptolemy.moml.MoMLSimpleApplication@6dfc8aed
----------------- Done invoking toplevel() on ptolemy.moml.MoMLSimpleApplication@6dfc8aed
reloadAllAccessors: .AbsoluteValue

===========================================================================================
----------------- testing Sat Jun 02 17:40:50 UTC 2018 /home/travis/build/icyphy/ptII/ptolemy/actor/lib/test/auto/AbsoluteValue2.xml
----------------- Instantiating /home/travis/build/icyphy/ptII/ptolemy/actor/lib/test/auto/AbsoluteValue2.xml
14 ms. Memory: 579072K Free: 390706K (67%)
----------------- Invoking toplevel() on ptolemy.moml.MoMLSimpleApplication@326d5d69
----------------- Done invoking toplevel() on ptolemy.moml.MoMLSimpleApplication@326d5d69
reloadAllAccessors: .AbsoluteValue2

===========================================================================================
----------------- testing Sat Jun 02 17:40:50 UTC 2018 /home/travis/build/icyphy/ptII/ptolemy/actor/lib/test/auto/Accumulator.xml
----------------- Instantiating /home/travis/build/icyphy/ptII/ptolemy/actor/lib/test/auto/Accumulator.xml
7 ms. Memory: 579072K Free: 380989K (66%)
----------------- Invoking toplevel() on ptolemy.moml.MoMLSimpleApplication@673122f3
----------------- Done invoking toplevel() on ptolemy.moml.MoMLSimpleApplication@673122f3
reloadAllAccessors: .Accumulator

===========================================================================================
----------------- testing Sat Jun 02 17:40:50 UTC 2018 /home/travis/build/icyphy/ptII/ptolemy/actor/lib/test/auto/Accumulator2.xml
----------------- Instantiating /home/travis/build/icyphy/ptII/ptolemy/actor/lib/test/auto/Accumulator2.xml
3 ms. Memory: 579072K Free: 371271K (64%)
----------------- Invoking toplevel() on ptolemy.moml.MoMLSimpleApplication@71d44065
----------------- Done invoking toplevel() on ptolemy.moml.MoMLSimpleApplication@71d44065
reloadAllAccessors: .Accumulator2

===========================================================================================
----------------- testing Sat Jun 02 17:40:50 UTC 2018 /home/travis/build/icyphy/ptII/ptolemy/actor/lib/test/auto/Accumulator3.xml
----------------- Instantiating /home/travis/build/icyphy/ptII/ptolemy/actor/lib/test/auto/Accumulator3.xml
4 ms. Memory: 579072K Free: 361553K (62%)
----------------- Invoking toplevel() on ptolemy.moml.MoMLSimpleApplication@3e2576fc
----------------- Done invoking toplevel() on ptolemy.moml.MoMLSimpleApplication@3e2576fc
reloadAllAccessors: .Accumulator3

===========================================================================================
----------------- testing Sat Jun 02 17:40:51 UTC 2018 /home/travis/build/icyphy/ptII/ptolemy/actor/lib/test/auto/ArrayAppend.xml
----------------- Instantiating /home/travis/build/icyphy/ptII/ptolemy/actor/lib/test/auto/ArrayAppend.xml
10 ms. Memory: 579072K Free: 351835K (61%)
----------------- Invoking toplevel() on ptolemy.moml.MoMLSimpleApplication@6e22c9a3
----------------- Done invoking toplevel() on ptolemy.moml.MoMLSimpleApplication@6e22c9a3
reloadAllAccessors: .ArrayAppend

===========================================================================================
----------------- testing Sat Jun 02 17:40:51 UTC 2018 /home/travis/build/icyphy/ptII/ptolemy/actor/lib/test/auto/ArrayAppend2.xml
----------------- Instantiating /home/travis/build/icyphy/ptII/ptolemy/actor/lib/test/auto/ArrayAppend2.xml
616 ms. Memory: 579072K Free: 259908K (45%)
----------------- Invoking toplevel() on ptolemy.moml.MoMLSimpleApplication@100c2ce0
----------------- Done invoking toplevel() on ptolemy.moml.MoMLSimpleApplication@100c2ce0
reloadAllAccessors: .ArrayAppend2

===========================================================================================
----------------- testing Sat Jun 02 17:40:51 UTC 2018 /home/travis/build/icyphy/ptII/ptolemy/actor/lib/test/auto/ArrayAppend3.xml
----------------- Instantiating /home/travis/build/icyphy/ptII/ptolemy/actor/lib/test/auto/ArrayAppend3.xml
5 ms. Memory: 579072K Free: 250190K (43%)
----------------- Invoking toplevel() on ptolemy.moml.MoMLSimpleApplication@164431b6
----------------- Done invoking toplevel() on ptolemy.moml.MoMLSimpleApplication@164431b6
reloadAllAccessors: .ArrayAppend3

===========================================================================================
----------------- testing Sat Jun 02 17:40:51 UTC 2018 /home/travis/build/icyphy/ptII/ptolemy/actor/lib/test/auto/ArrayAppend4.xml
----------------- Instantiating /home/travis/build/icyphy/ptII/ptolemy/actor/lib/test/auto/ArrayAppend4.xml
2 ms. Memory: 579072K Free: 240472K (42%)
----------------- Invoking toplevel() on ptolemy.moml.MoMLSimpleApplication@549c1466
----------------- Done invoking toplevel() on ptolemy.moml.MoMLSimpleApplication@549c1466
reloadAllAccessors: .ArrayAppend4

===========================================================================================
----------------- testing Sat Jun 02 17:40:51 UTC 2018 /home/travis/build/icyphy/ptII/ptolemy/actor/lib/test/auto/ArrayAppend5.xml
----------------- Instantiating /home/travis/build/icyphy/ptII/ptolemy/actor/lib/test/auto/ArrayAppend5.xml
13 ms. Memory: 579072K Free: 230754K (40%)
----------------- Invoking toplevel() on ptolemy.moml.MoMLSimpleApplication@bfe26c3
----------------- Done invoking toplevel() on ptolemy.moml.MoMLSimpleApplication@bfe26c3
reloadAllAccessors: .ArrayAppend5

===========================================================================================
----------------- testing Sat Jun 02 17:40:51 UTC 2018 /home/travis/build/icyphy/ptII/ptolemy/actor/lib/test/auto/ArrayAppend6.xml
----------------- Instantiating /home/travis/build/icyphy/ptII/ptolemy/actor/lib/test/auto/ArrayAppend6.xml
2 ms. Memory: 579072K Free: 211710K (37%)
----------------- Invoking toplevel() on ptolemy.moml.MoMLSimpleApplication@129dae4f
----------------- Done invoking toplevel() on ptolemy.moml.MoMLSimpleApplication@129dae4f
reloadAllAccessors: .ArrayAppend6

===========================================================================================
----------------- testing Sat Jun 02 17:40:51 UTC 2018 /home/travis/build/icyphy/ptII/ptolemy/actor/lib/test/auto/ArrayAppendPerformanceTest.xml
----------------- Instantiating /home/travis/build/icyphy/ptII/ptolemy/actor/lib/test/auto/ArrayAppendPerformanceTest.xml
21 ms. Memory: 579072K Free: 197118K (34%)
----------------- Invoking toplevel() on ptolemy.moml.MoMLSimpleApplication@4e78b1c4
----------------- Done invoking toplevel() on ptolemy.moml.MoMLSimpleApplication@4e78b1c4
reloadAllAccessors: .ArrayAppendPerformanceTest

===========================================================================================
----------------- testing Sat Jun 02 17:40:51 UTC 2018 /home/travis/build/icyphy/ptII/ptolemy/actor/lib/test/auto/ArrayAppendWithEmptyInput.xml
----------------- Instantiating /home/travis/build/icyphy/ptII/ptolemy/actor/lib/test/auto/ArrayAppendWithEmptyInput.xml
11 ms. Memory: 579072K Free: 182525K (32%)
----------------- Invoking toplevel() on ptolemy.moml.MoMLSimpleApplication@47b9b746
----------------- Done invoking toplevel() on ptolemy.moml.MoMLSimpleApplication@47b9b746
reloadAllAccessors: .ArrayAppendWithEmptyInput

===========================================================================================
----------------- testing Sat Jun 02 17:40:51 UTC 2018 /home/travis/build/icyphy/ptII/ptolemy/actor/lib/test/auto/ArrayAverage.xml
----------------- Instantiating /home/travis/build/icyphy/ptII/ptolemy/actor/lib/test/auto/ArrayAverage.xml
6 ms. Memory: 579072K Free: 167948K (29%)
----------------- Invoking toplevel() on ptolemy.moml.MoMLSimpleApplication@5daf46ec
----------------- Done invoking toplevel() on ptolemy.moml.MoMLSimpleApplication@5daf46ec
reloadAllAccessors: .ArrayAverage

===========================================================================================
----------------- testing Sat Jun 02 17:40:52 UTC 2018 /home/travis/build/icyphy/ptII/ptolemy/actor/lib/test/auto/ArrayContains.xml
----------------- Instantiating /home/travis/build/icyphy/ptII/ptolemy/actor/lib/test/auto/ArrayContains.xml
11 ms. Memory: 579072K Free: 148904K (26%)
----------------- Invoking toplevel() on ptolemy.moml.MoMLSimpleApplication@3dde4fa1
----------------- Done invoking toplevel() on ptolemy.moml.MoMLSimpleApplication@3dde4fa1
reloadAllAccessors: .ArrayContains

===========================================================================================
----------------- testing Sat Jun 02 17:40:52 UTC 2018 /home/travis/build/icyphy/ptII/ptolemy/actor/lib/test/auto/ArrayElement.xml
----------------- Instantiating /home/travis/build/icyphy/ptII/ptolemy/actor/lib/test/auto/ArrayElement.xml
4 ms. Memory: 579072K Free: 139187K (24%)
----------------- Invoking toplevel() on ptolemy.moml.MoMLSimpleApplication@7513afcd
----------------- Done invoking toplevel() on ptolemy.moml.MoMLSimpleApplication@7513afcd
reloadAllAccessors: .ArrayElement

===========================================================================================
----------------- testing Sat Jun 02 17:40:52 UTC 2018 /home/travis/build/icyphy/ptII/ptolemy/actor/lib/test/auto/ArrayElementAsMatrix.xml
----------------- Instantiating /home/travis/build/icyphy/ptII/ptolemy/actor/lib/test/auto/ArrayElementAsMatrix.xml
21 ms. Memory: 579072K Free: 124594K (22%)
----------------- Invoking toplevel() on ptolemy.moml.MoMLSimpleApplication@15745d9a
----------------- Done invoking toplevel() on ptolemy.moml.MoMLSimpleApplication@15745d9a
reloadAllAccessors: .ArrayElementAsMatrix

===========================================================================================
----------------- testing Sat Jun 02 17:40:52 UTC 2018 /home/travis/build/icyphy/ptII/ptolemy/actor/lib/test/auto/ArrayElementI.xml
----------------- Instantiating /home/travis/build/icyphy/ptII/ptolemy/actor/lib/test/auto/ArrayElementI.xml
4 ms. Memory: 579072K Free: 114876K (20%)
----------------- Invoking toplevel() on ptolemy.moml.MoMLSimpleApplication@35812244
----------------- Done invoking toplevel() on ptolemy.moml.MoMLSimpleApplication@35812244
reloadAllAccessors: .ArrayElementI

===========================================================================================
----------------- testing Sat Jun 02 17:40:52 UTC 2018 /home/travis/build/icyphy/ptII/ptolemy/actor/lib/test/auto/ArrayExtract.xml
----------------- Instantiating /home/travis/build/icyphy/ptII/ptolemy/actor/lib/test/auto/ArrayExtract.xml
3 ms. Memory: 579072K Free: 95832K (17%)
----------------- Invoking toplevel() on ptolemy.moml.MoMLSimpleApplication@6b858d9d
----------------- Done invoking toplevel() on ptolemy.moml.MoMLSimpleApplication@6b858d9d
reloadAllAccessors: .ArrayExtract

===========================================================================================
----------------- testing Sat Jun 02 17:40:52 UTC 2018 /home/travis/build/icyphy/ptII/ptolemy/actor/lib/test/auto/ArrayExtract2.xml
----------------- Instantiating /home/travis/build/icyphy/ptII/ptolemy/actor/lib/test/auto/ArrayExtract2.xml
2 ms. Memory: 579072K Free: 86114K (15%)
----------------- Invoking toplevel() on ptolemy.moml.MoMLSimpleApplication@5d14c853
----------------- Done invoking toplevel() on ptolemy.moml.MoMLSimpleApplication@5d14c853
reloadAllAccessors: .ArrayExtract2

===========================================================================================
----------------- testing Sat Jun 02 17:40:52 UTC 2018 /home/travis/build/icyphy/ptII/ptolemy/actor/lib/test/auto/ArrayLength.xml
----------------- Instantiating /home/travis/build/icyphy/ptII/ptolemy/actor/lib/test/auto/ArrayLength.xml
2 ms. Memory: 579072K Free: 76397K (13%)
----------------- Invoking toplevel() on ptolemy.moml.MoMLSimpleApplication@5101ec62
----------------- Done invoking toplevel() on ptolemy.moml.MoMLSimpleApplication@5101ec62
reloadAllAccessors: .ArrayLength

===========================================================================================
----------------- testing Sat Jun 02 17:40:52 UTC 2018 /home/travis/build/icyphy/ptII/ptolemy/actor/lib/test/auto/ArrayLevelCrossing.xml
----------------- Instantiating /home/travis/build/icyphy/ptII/ptolemy/actor/lib/test/auto/ArrayLevelCrossing.xml
4 ms. Memory: 579072K Free: 61804K (11%)
----------------- Invoking toplevel() on ptolemy.moml.MoMLSimpleApplication@34af343f
----------------- Done invoking toplevel() on ptolemy.moml.MoMLSimpleApplication@34af343f
reloadAllAccessors: .ArrayLevelCrossing

===========================================================================================
----------------- testing Sat Jun 02 17:40:52 UTC 2018 /home/travis/build/icyphy/ptII/ptolemy/actor/lib/test/auto/ArrayLevelCrossing2.xml
----------------- Instantiating /home/travis/build/icyphy/ptII/ptolemy/actor/lib/test/auto/ArrayLevelCrossing2.xml
48 ms. Memory: 876544K Free: 832927K (95%)
----------------- Invoking toplevel() on ptolemy.moml.MoMLSimpleApplication@3cf7d374
----------------- Done invoking toplevel() on ptolemy.moml.MoMLSimpleApplication@3cf7d374
reloadAllAccessors: .ArrayLevelCrossing2

===========================================================================================
----------------- testing Sat Jun 02 17:40:52 UTC 2018 /home/travis/build/icyphy/ptII/ptolemy/actor/lib/test/auto/ArrayPeakSearch.xml
----------------- Instantiating /home/travis/build/icyphy/ptII/ptolemy/actor/lib/test/auto/ArrayPeakSearch.xml
4 ms. Memory: 876544K Free: 794866K (91%)
----------------- Invoking toplevel() on ptolemy.moml.MoMLSimpleApplication@df405bc
----------------- Done invoking toplevel() on ptolemy.moml.MoMLSimpleApplication@df405bc
reloadAllAccessors: .ArrayPeakSearch

===========================================================================================
----------------- testing Sat Jun 02 17:40:52 UTC 2018 /home/travis/build/icyphy/ptII/ptolemy/actor/lib/test/auto/ArrayPeakSearch2.xml
----------------- Instantiating /home/travis/build/icyphy/ptII/ptolemy/actor/lib/test/auto/ArrayPeakSearch2.xml
4 ms. Memory: 876544K Free: 779303K (89%)
----------------- Invoking toplevel() on ptolemy.moml.MoMLSimpleApplication@22460045
----------------- Done invoking toplevel() on ptolemy.moml.MoMLSimpleApplication@22460045
reloadAllAccessors: .ArrayPeakSearch2

===========================================================================================
----------------- testing Sat Jun 02 17:40:52 UTC 2018 /home/travis/build/icyphy/ptII/ptolemy/actor/lib/test/auto/ArrayPeakSearch3.xml
----------------- Instantiating /home/travis/build/icyphy/ptII/ptolemy/actor/lib/test/auto/ArrayPeakSearch3.xml
4 ms. Memory: 876544K Free: 763732K (87%)
----------------- Invoking toplevel() on ptolemy.moml.MoMLSimpleApplication@7cdb80ad
----------------- Done invoking toplevel() on ptolemy.moml.MoMLSimpleApplication@7cdb80ad
reloadAllAccessors: .ArrayPeakSearch3

===========================================================================================
----------------- testing Sat Jun 02 17:40:52 UTC 2018 /home/travis/build/icyphy/ptII/ptolemy/actor/lib/test/auto/ArrayRemoveElement.xml
----------------- Instantiating /home/travis/build/icyphy/ptII/ptolemy/actor/lib/test/auto/ArrayRemoveElement.xml
3 ms. Memory: 876544K Free: 748170K (85%)
----------------- Invoking toplevel() on ptolemy.moml.MoMLSimpleApplication@7507c8af
----------------- Done invoking toplevel() on ptolemy.moml.MoMLSimpleApplication@7507c8af
reloadAllAccessors: .ArrayRemoveElement

===========================================================================================
----------------- testing Sat Jun 02 17:40:52 UTC 2018 /home/travis/build/icyphy/ptII/ptolemy/actor/lib/test/auto/ArraySort.xml
----------------- Instantiating /home/travis/build/icyphy/ptII/ptolemy/actor/lib/test/auto/ArraySort.xml
3 ms. Memory: 876544K Free: 722164K (82%)
----------------- Invoking toplevel() on ptolemy.moml.MoMLSimpleApplication@78f5919b
----------------- Done invoking toplevel() on ptolemy.moml.MoMLSimpleApplication@78f5919b
reloadAllAccessors: .ArraySort

===========================================================================================
----------------- testing Sat Jun 02 17:40:52 UTC 2018 /home/travis/build/icyphy/ptII/ptolemy/actor/lib/test/auto/ArraySum.xml
----------------- Instantiating /home/travis/build/icyphy/ptII/ptolemy/actor/lib/test/auto/ArraySum.xml
2 ms. Memory: 876544K Free: 711794K (81%)
----------------- Invoking toplevel() on ptolemy.moml.MoMLSimpleApplication@4d54ca80
----------------- Done invoking toplevel() on ptolemy.moml.MoMLSimpleApplication@4d54ca80
reloadAllAccessors: .ArraySum

===========================================================================================
----------------- testing Sat Jun 02 17:40:52 UTC 2018 /home/travis/build/icyphy/ptII/ptolemy/actor/lib/test/auto/ArrayToElements.xml
----------------- Instantiating /home/travis/build/icyphy/ptII/ptolemy/actor/lib/test/auto/ArrayToElements.xml
9 ms. Memory: 876544K Free: 701425K (80%)
----------------- Invoking toplevel() on ptolemy.moml.MoMLSimpleApplication@178a8ea7
----------------- Done invoking toplevel() on ptolemy.moml.MoMLSimpleApplication@178a8ea7
reloadAllAccessors: .ArrayToElements

===========================================================================================
----------------- testing Sat Jun 02 17:40:52 UTC 2018 /home/travis/build/icyphy/ptII/ptolemy/actor/lib/test/auto/ArrayToMatrix.xml
----------------- Instantiating /home/travis/build/icyphy/ptII/ptolemy/actor/lib/test/auto/ArrayToMatrix.xml
5 ms. Memory: 876544K Free: 680653K (78%)
----------------- Invoking toplevel() on ptolemy.moml.MoMLSimpleApplication@43401b8c
----------------- Done invoking toplevel() on ptolemy.moml.MoMLSimpleApplication@43401b8c
reloadAllAccessors: .ArrayToMatrix

===========================================================================================
----------------- testing Sat Jun 02 17:40:52 UTC 2018 /home/travis/build/icyphy/ptII/ptolemy/actor/lib/test/auto/ArrayUpdate1.xml
----------------- Instantiating /home/travis/build/icyphy/ptII/ptolemy/actor/lib/test/auto/ArrayUpdate1.xml
2 ms. Memory: 876544K Free: 670283K (76%)
----------------- Invoking toplevel() on ptolemy.moml.MoMLSimpleApplication@79e2e4a6
----------------- Done invoking toplevel() on ptolemy.moml.MoMLSimpleApplication@79e2e4a6
reloadAllAccessors: .ArrayUpdate1

===========================================================================================
----------------- testing Sat Jun 02 17:40:52 UTC 2018 /home/travis/build/icyphy/ptII/ptolemy/actor/lib/test/auto/ArrayUpdate2.xml
----------------- Instantiating /home/travis/build/icyphy/ptII/ptolemy/actor/lib/test/auto/ArrayUpdate2.xml
6 ms. Memory: 876544K Free: 649470K (74%)
----------------- Invoking toplevel() on ptolemy.moml.MoMLSimpleApplication@71c9e9c7
----------------- Done invoking toplevel() on ptolemy.moml.MoMLSimpleApplication@71c9e9c7
reloadAllAccessors: .ArrayUpdate2

===========================================================================================
----------------- testing Sat Jun 02 17:40:52 UTC 2018 /home/travis/build/icyphy/ptII/ptolemy/actor/lib/test/auto/ArrayUpdate3.xml
----------------- Instantiating /home/travis/build/icyphy/ptII/ptolemy/actor/lib/test/auto/ArrayUpdate3.xml
4 ms. Memory: 876544K Free: 639100K (73%)
----------------- Invoking toplevel() on ptolemy.moml.MoMLSimpleApplication@2c97108c
----------------- Done invoking toplevel() on ptolemy.moml.MoMLSimpleApplication@2c97108c
reloadAllAccessors: .ArrayUpdate3

===========================================================================================
----------------- testing Sat Jun 02 17:40:52 UTC 2018 /home/travis/build/icyphy/ptII/ptolemy/actor/lib/test/auto/Assert1.xml
----------------- Instantiating /home/travis/build/icyphy/ptII/ptolemy/actor/lib/test/auto/Assert1.xml
3 ms. Memory: 876544K Free: 628731K (72%)
----------------- Invoking toplevel() on ptolemy.moml.MoMLSimpleApplication@30c0b874
----------------- Done invoking toplevel() on ptolemy.moml.MoMLSimpleApplication@30c0b874
reloadAllAccessors: .Assert1

===========================================================================================
----------------- testing Sat Jun 02 17:40:52 UTC 2018 /home/travis/build/icyphy/ptII/ptolemy/actor/lib/test/auto/Assert2.xml
----------------- Instantiating /home/travis/build/icyphy/ptII/ptolemy/actor/lib/test/auto/Assert2.xml
6 ms. Memory: 876544K Free: 618361K (71%)
----------------- Invoking toplevel() on ptolemy.moml.MoMLSimpleApplication@7151bd29
----------------- Done invoking toplevel() on ptolemy.moml.MoMLSimpleApplication@7151bd29
reloadAllAccessors: .Assert2

===========================================================================================
----------------- testing Sat Jun 02 17:40:52 UTC 2018 /home/travis/build/icyphy/ptII/ptolemy/actor/lib/test/auto/BooleanMultiplexor.xml
----------------- Instantiating /home/travis/build/icyphy/ptII/ptolemy/actor/lib/test/auto/BooleanMultiplexor.xml
4 ms. Memory: 876544K Free: 607991K (69%)
----------------- Invoking toplevel() on ptolemy.moml.MoMLSimpleApplication@2a71abb9
----------------- Done invoking toplevel() on ptolemy.moml.MoMLSimpleApplication@2a71abb9
reloadAllAccessors: .BooleanMultiplexor

===========================================================================================
----------------- testing Sat Jun 02 17:40:52 UTC 2018 /home/travis/build/icyphy/ptII/ptolemy/actor/lib/test/auto/BooleanMultiplexor2.xml
----------------- Instantiating /home/travis/build/icyphy/ptII/ptolemy/actor/lib/test/auto/BooleanMultiplexor2.xml
10 ms. Memory: 876544K Free: 587178K (67%)
----------------- Invoking toplevel() on ptolemy.moml.MoMLSimpleApplication@1cc94bd9
----------------- Done invoking toplevel() on ptolemy.moml.MoMLSimpleApplication@1cc94bd9
reloadAllAccessors: .BooleanMultiplexor2

===========================================================================================
----------------- testing Sat Jun 02 17:40:52 UTC 2018 /home/travis/build/icyphy/ptII/ptolemy/actor/lib/test/auto/BooleanMultiplexor3.xml
----------------- Instantiating /home/travis/build/icyphy/ptII/ptolemy/actor/lib/test/auto/BooleanMultiplexor3.xml
5 ms. Memory: 876544K Free: 576808K (66%)
----------------- Invoking toplevel() on ptolemy.moml.MoMLSimpleApplication@3a6f5153
----------------- Done invoking toplevel() on ptolemy.moml.MoMLSimpleApplication@3a6f5153
reloadAllAccessors: .BooleanMultiplexor3

===========================================================================================
----------------- testing Sat Jun 02 17:40:52 UTC 2018 /home/travis/build/icyphy/ptII/ptolemy/actor/lib/test/auto/BooleanSelect.xml
----------------- Instantiating /home/travis/build/icyphy/ptII/ptolemy/actor/lib/test/auto/BooleanSelect.xml
7 ms. Memory: 876544K Free: 566439K (65%)
----------------- Invoking toplevel() on ptolemy.moml.MoMLSimpleApplication@5c70613
----------------- Done invoking toplevel() on ptolemy.moml.MoMLSimpleApplication@5c70613
reloadAllAccessors: .BooleanSelect

===========================================================================================
----------------- testing Sat Jun 02 17:40:52 UTC 2018 /home/travis/build/icyphy/ptII/ptolemy/actor/lib/test/auto/BooleanSelect2.xml
----------------- Instantiating /home/travis/build/icyphy/ptII/ptolemy/actor/lib/test/auto/BooleanSelect2.xml
1 ms. Memory: 876544K Free: 556069K (63%)
----------------- Invoking toplevel() on ptolemy.moml.MoMLSimpleApplication@1dc4f73e
----------------- Done invoking toplevel() on ptolemy.moml.MoMLSimpleApplication@1dc4f73e
reloadAllAccessors: .BooleanSelect2

===========================================================================================
----------------- testing Sat Jun 02 17:40:52 UTC 2018 /home/travis/build/icyphy/ptII/ptolemy/actor/lib/test/auto/BooleanSwitch.xml
----------------- Instantiating /home/travis/build/icyphy/ptII/ptolemy/actor/lib/test/auto/BooleanSwitch.xml
2 ms. Memory: 876544K Free: 535256K (61%)
----------------- Invoking toplevel() on ptolemy.moml.MoMLSimpleApplication@665814dc
----------------- Done invoking toplevel() on ptolemy.moml.MoMLSimpleApplication@665814dc
reloadAllAccessors: .BooleanSwitch

===========================================================================================
----------------- testing Sat Jun 02 17:40:52 UTC 2018 /home/travis/build/icyphy/ptII/ptolemy/actor/lib/test/auto/BooleanSwitch2.xml
----------------- Instantiating /home/travis/build/icyphy/ptII/ptolemy/actor/lib/test/auto/BooleanSwitch2.xml
1 ms. Memory: 876544K Free: 524886K (60%)
----------------- Invoking toplevel() on ptolemy.moml.MoMLSimpleApplication@6d7c7fe7
----------------- Done invoking toplevel() on ptolemy.moml.MoMLSimpleApplication@6d7c7fe7
reloadAllAccessors: .BooleanSwitch2

===========================================================================================
----------------- testing Sat Jun 02 17:40:52 UTC 2018 /home/travis/build/icyphy/ptII/ptolemy/actor/lib/test/auto/BooleanSwitchCloningBugWithClassRelationGroup.xml
----------------- Instantiating /home/travis/build/icyphy/ptII/ptolemy/actor/lib/test/auto/BooleanSwitchCloningBugWithClassRelationGroup.xml
2 ms. Memory: 876544K Free: 514517K (59%)
----------------- Invoking toplevel() on ptolemy.moml.MoMLSimpleApplication@42f865ef
----------------- Done invoking toplevel() on ptolemy.moml.MoMLSimpleApplication@42f865ef
reloadAllAccessors: .BooleanSwitchCloningBugWithClassRelationGroup

===========================================================================================
----------------- testing Sat Jun 02 17:40:52 UTC 2018 /home/travis/build/icyphy/ptII/ptolemy/actor/lib/test/auto/BusActors.xml
----------------- Instantiating /home/travis/build/icyphy/ptII/ptolemy/actor/lib/test/auto/BusActors.xml
5 ms. Memory: 876544K Free: 498954K (57%)
----------------- Invoking toplevel() on ptolemy.moml.MoMLSimpleApplication@72e44f77
----------------- Done invoking toplevel() on ptolemy.moml.MoMLSimpleApplication@72e44f77
reloadAllAccessors: .BusActors

===========================================================================================
----------------- testing Sat Jun 02 17:40:53 UTC 2018 /home/travis/build/icyphy/ptII/ptolemy/actor/lib/test/auto/ClassWrapper.xml
----------------- Instantiating /home/travis/build/icyphy/ptII/ptolemy/actor/lib/test/auto/ClassWrapper.xml
3 ms. Memory: 876544K Free: 488584K (56%)
----------------- Invoking toplevel() on ptolemy.moml.MoMLSimpleApplication@24487d92
----------------- Done invoking toplevel() on ptolemy.moml.MoMLSimpleApplication@24487d92
reloadAllAccessors: .ClassWrapper

===========================================================================================
----------------- testing Sat Jun 02 17:40:53 UTC 2018 /home/travis/build/icyphy/ptII/ptolemy/actor/lib/test/auto/Clock.xml
----------------- Instantiating /home/travis/build/icyphy/ptII/ptolemy/actor/lib/test/auto/Clock.xml
2 ms. Memory: 876544K Free: 467771K (53%)
----------------- Invoking toplevel() on ptolemy.moml.MoMLSimpleApplication@7fbed508
----------------- Done invoking toplevel() on ptolemy.moml.MoMLSimpleApplication@7fbed508
reloadAllAccessors: .Clock

===========================================================================================
----------------- testing Sat Jun 02 17:40:53 UTC 2018 /home/travis/build/icyphy/ptII/ptolemy/actor/lib/test/auto/Clock10.xml
----------------- Instantiating /home/travis/build/icyphy/ptII/ptolemy/actor/lib/test/auto/Clock10.xml
4 ms. Memory: 876544K Free: 457401K (52%)
----------------- Invoking toplevel() on ptolemy.moml.MoMLSimpleApplication@1008dab7
----------------- Done invoking toplevel() on ptolemy.moml.MoMLSimpleApplication@1008dab7
reloadAllAccessors: .Clock10

===========================================================================================
----------------- testing Sat Jun 02 17:40:53 UTC 2018 /home/travis/build/icyphy/ptII/ptolemy/actor/lib/test/auto/Clock11.xml
----------------- Instantiating /home/travis/build/icyphy/ptII/ptolemy/actor/lib/test/auto/Clock11.xml
5 ms. Memory: 876544K Free: 447032K (51%)
----------------- Invoking toplevel() on ptolemy.moml.MoMLSimpleApplication@6594f6c
----------------- Done invoking toplevel() on ptolemy.moml.MoMLSimpleApplication@6594f6c
reloadAllAccessors: .Clock11

===========================================================================================
----------------- testing Sat Jun 02 17:40:53 UTC 2018 /home/travis/build/icyphy/ptII/ptolemy/actor/lib/test/auto/Clock12.xml
----------------- Instantiating /home/travis/build/icyphy/ptII/ptolemy/actor/lib/test/auto/Clock12.xml
4 ms. Memory: 876544K Free: 436662K (50%)
----------------- Invoking toplevel() on ptolemy.moml.MoMLSimpleApplication@3774f0dd
----------------- Done invoking toplevel() on ptolemy.moml.MoMLSimpleApplication@3774f0dd
reloadAllAccessors: .Clock12

===========================================================================================
----------------- testing Sat Jun 02 17:40:53 UTC 2018 /home/travis/build/icyphy/ptII/ptolemy/actor/lib/test/auto/Clock13.xml
----------------- Instantiating /home/travis/build/icyphy/ptII/ptolemy/actor/lib/test/auto/Clock13.xml
9 ms. Memory: 876544K Free: 426292K (49%)
----------------- Invoking toplevel() on ptolemy.moml.MoMLSimpleApplication@b5749b3
----------------- Done invoking toplevel() on ptolemy.moml.MoMLSimpleApplication@b5749b3
reloadAllAccessors: .Clock13

===========================================================================================
----------------- testing Sat Jun 02 17:40:53 UTC 2018 /home/travis/build/icyphy/ptII/ptolemy/actor/lib/test/auto/Clock14.xml
----------------- Instantiating /home/travis/build/icyphy/ptII/ptolemy/actor/lib/test/auto/Clock14.xml
9 ms. Memory: 876544K Free: 405479K (46%)
----------------- Invoking toplevel() on ptolemy.moml.MoMLSimpleApplication@45cbecd9
----------------- Done invoking toplevel() on ptolemy.moml.MoMLSimpleApplication@45cbecd9
reloadAllAccessors: .Clock14

===========================================================================================
----------------- testing Sat Jun 02 17:40:53 UTC 2018 /home/travis/build/icyphy/ptII/ptolemy/actor/lib/test/auto/Clock15.xml
----------------- Instantiating /home/travis/build/icyphy/ptII/ptolemy/actor/lib/test/auto/Clock15.xml
2 ms. Memory: 876544K Free: 395109K (45%)
----------------- Invoking toplevel() on ptolemy.moml.MoMLSimpleApplication@5bb5a422
----------------- Done invoking toplevel() on ptolemy.moml.MoMLSimpleApplication@5bb5a422
reloadAllAccessors: .Clock15

===========================================================================================
----------------- testing Sat Jun 02 17:40:53 UTC 2018 /home/travis/build/icyphy/ptII/ptolemy/actor/lib/test/auto/Clock16.xml
----------------- Instantiating /home/travis/build/icyphy/ptII/ptolemy/actor/lib/test/auto/Clock16.xml
25 ms. Memory: 876544K Free: 374338K (43%)
----------------- Invoking toplevel() on ptolemy.moml.MoMLSimpleApplication@475004a0
----------------- Done invoking toplevel() on ptolemy.moml.MoMLSimpleApplication@475004a0
reloadAllAccessors: .Clock16

===========================================================================================
----------------- testing Sat Jun 02 17:40:53 UTC 2018 /home/travis/build/icyphy/ptII/ptolemy/actor/lib/test/auto/Clock17.xml
----------------- Instantiating /home/travis/build/icyphy/ptII/ptolemy/actor/lib/test/auto/Clock17.xml
16 ms. Memory: 876544K Free: 358767K (41%)
----------------- Invoking toplevel() on ptolemy.moml.MoMLSimpleApplication@5c5a5ce9
----------------- Done invoking toplevel() on ptolemy.moml.MoMLSimpleApplication@5c5a5ce9
reloadAllAccessors: .Clock17

===========================================================================================
----------------- testing Sat Jun 02 17:40:53 UTC 2018 /home/travis/build/icyphy/ptII/ptolemy/actor/lib/test/auto/Clock18.xml
----------------- Instantiating /home/travis/build/icyphy/ptII/ptolemy/actor/lib/test/auto/Clock18.xml
13 ms. Memory: 876544K Free: 332753K (38%)
----------------- Invoking toplevel() on ptolemy.moml.MoMLSimpleApplication@466f0d01
----------------- Done invoking toplevel() on ptolemy.moml.MoMLSimpleApplication@466f0d01
reloadAllAccessors: .Clock18

===========================================================================================
----------------- testing Sat Jun 02 17:40:53 UTC 2018 /home/travis/build/icyphy/ptII/ptolemy/actor/lib/test/auto/Clock19.xml
----------------- Instantiating /home/travis/build/icyphy/ptII/ptolemy/actor/lib/test/auto/Clock19.xml
14 ms. Memory: 876544K Free: 317199K (36%)
----------------- Invoking toplevel() on ptolemy.moml.MoMLSimpleApplication@486b213b
----------------- Done invoking toplevel() on ptolemy.moml.MoMLSimpleApplication@486b213b
reloadAllAccessors: .Clock19

===========================================================================================
----------------- testing Sat Jun 02 17:40:53 UTC 2018 /home/travis/build/icyphy/ptII/ptolemy/actor/lib/test/auto/Clock2.xml
----------------- Instantiating /home/travis/build/icyphy/ptII/ptolemy/actor/lib/test/auto/Clock2.xml
11 ms. Memory: 876544K Free: 306829K (35%)
----------------- Invoking toplevel() on ptolemy.moml.MoMLSimpleApplication@1be5cd21
----------------- Done invoking toplevel() on ptolemy.moml.MoMLSimpleApplication@1be5cd21
reloadAllAccessors: .Clock2

===========================================================================================
----------------- testing Sat Jun 02 17:40:53 UTC 2018 /home/travis/build/icyphy/ptII/ptolemy/actor/lib/test/auto/Clock20.xml
----------------- Instantiating /home/travis/build/icyphy/ptII/ptolemy/actor/lib/test/auto/Clock20.xml
11 ms. Memory: 876544K Free: 296459K (34%)
----------------- Invoking toplevel() on ptolemy.moml.MoMLSimpleApplication@21845dbf
----------------- Done invoking toplevel() on ptolemy.moml.MoMLSimpleApplication@21845dbf
reloadAllAccessors: .Clock20

===========================================================================================
----------------- testing Sat Jun 02 17:40:53 UTC 2018 /home/travis/build/icyphy/ptII/ptolemy/actor/lib/test/auto/Clock21.xml
----------------- Instantiating /home/travis/build/icyphy/ptII/ptolemy/actor/lib/test/auto/Clock21.xml
9 ms. Memory: 876544K Free: 286090K (33%)
----------------- Invoking toplevel() on ptolemy.moml.MoMLSimpleApplication@119822db
----------------- Done invoking toplevel() on ptolemy.moml.MoMLSimpleApplication@119822db
reloadAllAccessors: .Clock21

===========================================================================================
----------------- testing Sat Jun 02 17:40:53 UTC 2018 /home/travis/build/icyphy/ptII/ptolemy/actor/lib/test/auto/Clock22.xml
----------------- Instantiating /home/travis/build/icyphy/ptII/ptolemy/actor/lib/test/auto/Clock22.xml
7 ms. Memory: 876544K Free: 265277K (30%)
----------------- Invoking toplevel() on ptolemy.moml.MoMLSimpleApplication@49e24386
----------------- Done invoking toplevel() on ptolemy.moml.MoMLSimpleApplication@49e24386
reloadAllAccessors: .Clock22

===========================================================================================
----------------- testing Sat Jun 02 17:40:53 UTC 2018 /home/travis/build/icyphy/ptII/ptolemy/actor/lib/test/auto/Clock23.xml
----------------- Instantiating /home/travis/build/icyphy/ptII/ptolemy/actor/lib/test/auto/Clock23.xml
8 ms. Memory: 876544K Free: 254907K (29%)
----------------- Invoking toplevel() on ptolemy.moml.MoMLSimpleApplication@4ca12dd0
----------------- Done invoking toplevel() on ptolemy.moml.MoMLSimpleApplication@4ca12dd0
reloadAllAccessors: .Clock23

===========================================================================================
----------------- testing Sat Jun 02 17:40:53 UTC 2018 /home/travis/build/icyphy/ptII/ptolemy/actor/lib/test/auto/Clock24.xml
----------------- Instantiating /home/travis/build/icyphy/ptII/ptolemy/actor/lib/test/auto/Clock24.xml
7 ms. Memory: 876544K Free: 244537K (28%)
----------------- Invoking toplevel() on ptolemy.moml.MoMLSimpleApplication@b969b2d
----------------- Done invoking toplevel() on ptolemy.moml.MoMLSimpleApplication@b969b2d
reloadAllAccessors: .Clock24

===========================================================================================
----------------- testing Sat Jun 02 17:40:53 UTC 2018 /home/travis/build/icyphy/ptII/ptolemy/actor/lib/test/auto/Clock4.xml
----------------- Instantiating /home/travis/build/icyphy/ptII/ptolemy/actor/lib/test/auto/Clock4.xml
6 ms. Memory: 876544K Free: 234167K (27%)
----------------- Invoking toplevel() on ptolemy.moml.MoMLSimpleApplication@3eae5adc
----------------- Done invoking toplevel() on ptolemy.moml.MoMLSimpleApplication@3eae5adc
reloadAllAccessors: .Clock4

===========================================================================================
----------------- testing Sat Jun 02 17:40:53 UTC 2018 /home/travis/build/icyphy/ptII/ptolemy/actor/lib/test/auto/Clock5.xml
----------------- Instantiating /home/travis/build/icyphy/ptII/ptolemy/actor/lib/test/auto/Clock5.xml
3 ms. Memory: 876544K Free: 223798K (26%)
----------------- Invoking toplevel() on ptolemy.moml.MoMLSimpleApplication@59d51e65
----------------- Done invoking toplevel() on ptolemy.moml.MoMLSimpleApplication@59d51e65
reloadAllAccessors: .Clock5

===========================================================================================
----------------- testing Sat Jun 02 17:40:53 UTC 2018 /home/travis/build/icyphy/ptII/ptolemy/actor/lib/test/auto/Clock6.xml
----------------- Instantiating /home/travis/build/icyphy/ptII/ptolemy/actor/lib/test/auto/Clock6.xml
2 ms. Memory: 876544K Free: 202984K (23%)
----------------- Invoking toplevel() on ptolemy.moml.MoMLSimpleApplication@80ff8ee
----------------- Done invoking toplevel() on ptolemy.moml.MoMLSimpleApplication@80ff8ee
reloadAllAccessors: .Clock6

===========================================================================================
----------------- testing Sat Jun 02 17:40:53 UTC 2018 /home/travis/build/icyphy/ptII/ptolemy/actor/lib/test/auto/Clock7.xml
----------------- Instantiating /home/travis/build/icyphy/ptII/ptolemy/actor/lib/test/auto/Clock7.xml
3 ms. Memory: 876544K Free: 192615K (22%)
----------------- Invoking toplevel() on ptolemy.moml.MoMLSimpleApplication@2149bf32
----------------- Done invoking toplevel() on ptolemy.moml.MoMLSimpleApplication@2149bf32
reloadAllAccessors: .Clock7

===========================================================================================
----------------- testing Sat Jun 02 17:40:53 UTC 2018 /home/travis/build/icyphy/ptII/ptolemy/actor/lib/test/auto/Clock8.xml
----------------- Instantiating /home/travis/build/icyphy/ptII/ptolemy/actor/lib/test/auto/Clock8.xml
8 ms. Memory: 876544K Free: 182245K (21%)
----------------- Invoking toplevel() on ptolemy.moml.MoMLSimpleApplication@2f3d8770
----------------- Done invoking toplevel() on ptolemy.moml.MoMLSimpleApplication@2f3d8770
reloadAllAccessors: .Clock8

===========================================================================================
----------------- testing Sat Jun 02 17:40:53 UTC 2018 /home/travis/build/icyphy/ptII/ptolemy/actor/lib/test/auto/Clock9.xml
----------------- Instantiating /home/travis/build/icyphy/ptII/ptolemy/actor/lib/test/auto/Clock9.xml
7 ms. Memory: 876544K Free: 171875K (20%)
----------------- Invoking toplevel() on ptolemy.moml.MoMLSimpleApplication@3092a25f
----------------- Done invoking toplevel() on ptolemy.moml.MoMLSimpleApplication@3092a25f
reloadAllAccessors: .Clock9

===========================================================================================
----------------- testing Sat Jun 02 17:40:53 UTC 2018 /home/travis/build/icyphy/ptII/ptolemy/actor/lib/test/auto/CommDistDiscard.xml
----------------- Instantiating /home/travis/build/icyphy/ptII/ptolemy/actor/lib/test/auto/CommDistDiscard.xml
4 ms. Memory: 876544K Free: 151062K (17%)
----------------- Invoking toplevel() on ptolemy.moml.MoMLSimpleApplication@52a3c045
----------------- Done invoking toplevel() on ptolemy.moml.MoMLSimpleApplication@52a3c045
reloadAllAccessors: .CommDistDiscard

===========================================================================================
----------------- testing Sat Jun 02 17:40:53 UTC 2018 /home/travis/build/icyphy/ptII/ptolemy/actor/lib/test/auto/Commutator.xml
----------------- Instantiating /home/travis/build/icyphy/ptII/ptolemy/actor/lib/test/auto/Commutator.xml
2 ms. Memory: 876544K Free: 140692K (16%)
----------------- Invoking toplevel() on ptolemy.moml.MoMLSimpleApplication@625b1465
----------------- Done invoking toplevel() on ptolemy.moml.MoMLSimpleApplication@625b1465
reloadAllAccessors: .Commutator

===========================================================================================
----------------- testing Sat Jun 02 17:40:53 UTC 2018 /home/travis/build/icyphy/ptII/ptolemy/actor/lib/test/auto/Commutator2.xml
----------------- Instantiating /home/travis/build/icyphy/ptII/ptolemy/actor/lib/test/auto/Commutator2.xml
2 ms. Memory: 876544K Free: 130322K (15%)
----------------- Invoking toplevel() on ptolemy.moml.MoMLSimpleApplication@5999d898
----------------- Done invoking toplevel() on ptolemy.moml.MoMLSimpleApplication@5999d898
reloadAllAccessors: .Commutator2

===========================================================================================
----------------- testing Sat Jun 02 17:40:53 UTC 2018 /home/travis/build/icyphy/ptII/ptolemy/actor/lib/test/auto/Commutator3.xml
----------------- Instantiating /home/travis/build/icyphy/ptII/ptolemy/actor/lib/test/auto/Commutator3.xml
2 ms. Memory: 876544K Free: 119953K (14%)
----------------- Invoking toplevel() on ptolemy.moml.MoMLSimpleApplication@30039f12
----------------- Done invoking toplevel() on ptolemy.moml.MoMLSimpleApplication@30039f12
reloadAllAccessors: .Commutator3

===========================================================================================
----------------- testing Sat Jun 02 17:40:53 UTC 2018 /home/travis/build/icyphy/ptII/ptolemy/actor/lib/test/auto/Compare.xml
----------------- Instantiating /home/travis/build/icyphy/ptII/ptolemy/actor/lib/test/auto/Compare.xml
2 ms. Memory: 876544K Free: 109583K (13%)
----------------- Invoking toplevel() on ptolemy.moml.MoMLSimpleApplication@1ad55200
----------------- Done invoking toplevel() on ptolemy.moml.MoMLSimpleApplication@1ad55200
reloadAllAccessors: .Compare

===========================================================================================
----------------- testing Sat Jun 02 17:40:53 UTC 2018 /home/travis/build/icyphy/ptII/ptolemy/actor/lib/test/auto/CompareDE.xml
----------------- Instantiating /home/travis/build/icyphy/ptII/ptolemy/actor/lib/test/auto/CompareDE.xml
5 ms. Memory: 876544K Free: 88770K (10%)
----------------- Invoking toplevel() on ptolemy.moml.MoMLSimpleApplication@44b0df72
----------------- Done invoking toplevel() on ptolemy.moml.MoMLSimpleApplication@44b0df72
reloadAllAccessors: .CompareDE

===========================================================================================
----------------- testing Sat Jun 02 17:40:53 UTC 2018 /home/travis/build/icyphy/ptII/ptolemy/actor/lib/test/auto/ComplexDivide.xml
----------------- Instantiating /home/travis/build/icyphy/ptII/ptolemy/actor/lib/test/auto/ComplexDivide.xml
1 ms. Memory: 876544K Free: 78400K (9%)
----------------- Invoking toplevel() on ptolemy.moml.MoMLSimpleApplication@6a5a731b
----------------- Done invoking toplevel() on ptolemy.moml.MoMLSimpleApplication@6a5a731b
reloadAllAccessors: .ComplexDivide

===========================================================================================
----------------- testing Sat Jun 02 17:40:53 UTC 2018 /home/travis/build/icyphy/ptII/ptolemy/actor/lib/test/auto/ComputeHistogram.xml
----------------- Instantiating /home/travis/build/icyphy/ptII/ptolemy/actor/lib/test/auto/ComputeHistogram.xml
34 ms. Memory: 876544K Free: 62846K (7%)
----------------- Invoking toplevel() on ptolemy.moml.MoMLSimpleApplication@35a3f508
----------------- Done invoking toplevel() on ptolemy.moml.MoMLSimpleApplication@35a3f508
reloadAllAccessors: .ComputeHistogram

===========================================================================================
----------------- testing Sat Jun 02 17:40:53 UTC 2018 /home/travis/build/icyphy/ptII/ptolemy/actor/lib/test/auto/ConfigurationSelect.xml
----------------- Instantiating /home/travis/build/icyphy/ptII/ptolemy/actor/lib/test/auto/ConfigurationSelect.xml
29 ms. Memory: 877056K Free: 835750K (95%)
----------------- Invoking toplevel() on ptolemy.moml.MoMLSimpleApplication@73d438e8
----------------- Done invoking toplevel() on ptolemy.moml.MoMLSimpleApplication@73d438e8
reloadAllAccessors: .ConfigurationSelect

===========================================================================================
----------------- testing Sat Jun 02 17:40:53 UTC 2018 /home/travis/build/icyphy/ptII/ptolemy/actor/lib/test/auto/ConfigurationSelect2.xml
----------------- Instantiating /home/travis/build/icyphy/ptII/ptolemy/actor/lib/test/auto/ConfigurationSelect2.xml
2 ms. Memory: 877056K Free: 817474K (93%)
----------------- Invoking toplevel() on ptolemy.moml.MoMLSimpleApplication@46d72a69
----------------- Done invoking toplevel() on ptolemy.moml.MoMLSimpleApplication@46d72a69
reloadAllAccessors: .ConfigurationSelect2

===========================================================================================
----------------- testing Sat Jun 02 17:40:54 UTC 2018 /home/travis/build/icyphy/ptII/ptolemy/actor/lib/test/auto/ConfigurationSwitch.xml
----------------- Instantiating /home/travis/build/icyphy/ptII/ptolemy/actor/lib/test/auto/ConfigurationSwitch.xml
2 ms. Memory: 877056K Free: 809697K (92%)
----------------- Invoking toplevel() on ptolemy.moml.MoMLSimpleApplication@30258c7
----------------- Done invoking toplevel() on ptolemy.moml.MoMLSimpleApplication@30258c7
reloadAllAccessors: .ConfigurationSwitch

===========================================================================================
----------------- testing Sat Jun 02 17:40:54 UTC 2018 /home/travis/build/icyphy/ptII/ptolemy/actor/lib/test/auto/ConfigurationSwitch2.xml
----------------- Instantiating /home/travis/build/icyphy/ptII/ptolemy/actor/lib/test/auto/ConfigurationSwitch2.xml
2 ms. Memory: 877056K Free: 801920K (91%)
----------------- Invoking toplevel() on ptolemy.moml.MoMLSimpleApplication@36436f4a
----------------- Done invoking toplevel() on ptolemy.moml.MoMLSimpleApplication@36436f4a
reloadAllAccessors: .ConfigurationSwitch2

===========================================================================================
----------------- testing Sat Jun 02 17:40:54 UTC 2018 /home/travis/build/icyphy/ptII/ptolemy/actor/lib/test/auto/ConfigurationSwitchCloningBugWithClassRelationGroup.xml
----------------- Instantiating /home/travis/build/icyphy/ptII/ptolemy/actor/lib/test/auto/ConfigurationSwitchCloningBugWithClassRelationGroup.xml
1 ms. Memory: 877056K Free: 782581K (89%)
----------------- Invoking toplevel() on ptolemy.moml.MoMLSimpleApplication@3c044353
----------------- Done invoking toplevel() on ptolemy.moml.MoMLSimpleApplication@3c044353
reloadAllAccessors: .ConfigurationSwitchCloningBugWithClassRelationGroup

===========================================================================================
----------------- testing Sat Jun 02 17:40:54 UTC 2018 /home/travis/build/icyphy/ptII/ptolemy/actor/lib/test/auto/ConfigurationSwitchSelectSDF.xml
----------------- Instantiating /home/travis/build/icyphy/ptII/ptolemy/actor/lib/test/auto/ConfigurationSwitchSelectSDF.xml
2 ms. Memory: 877056K Free: 774803K (88%)
----------------- Invoking toplevel() on ptolemy.moml.MoMLSimpleApplication@662d86d9
----------------- Done invoking toplevel() on ptolemy.moml.MoMLSimpleApplication@662d86d9
reloadAllAccessors: .ConfigurationSwitchSelectSDF

===========================================================================================
----------------- testing Sat Jun 02 17:40:54 UTC 2018 /home/travis/build/icyphy/ptII/ptolemy/actor/lib/test/auto/ConfigurationSwitchSelectSDF2.xml
----------------- Instantiating /home/travis/build/icyphy/ptII/ptolemy/actor/lib/test/auto/ConfigurationSwitchSelectSDF2.xml
2 ms. Memory: 877056K Free: 767026K (87%)
----------------- Invoking toplevel() on ptolemy.moml.MoMLSimpleApplication@a794726
----------------- Done invoking toplevel() on ptolemy.moml.MoMLSimpleApplication@a794726
reloadAllAccessors: .ConfigurationSwitchSelectSDF2

===========================================================================================
----------------- testing Sat Jun 02 17:40:54 UTC 2018 /home/travis/build/icyphy/ptII/ptolemy/actor/lib/test/auto/Const.xml
----------------- Instantiating /home/travis/build/icyphy/ptII/ptolemy/actor/lib/test/auto/Const.xml
1 ms. Memory: 877056K Free: 751591K (86%)
----------------- Invoking toplevel() on ptolemy.moml.MoMLSimpleApplication@77ec21d0
----------------- Done invoking toplevel() on ptolemy.moml.MoMLSimpleApplication@77ec21d0
reloadAllAccessors: .Const

===========================================================================================
----------------- testing Sat Jun 02 17:40:54 UTC 2018 /home/travis/build/icyphy/ptII/ptolemy/actor/lib/test/auto/Const2.xml
----------------- Instantiating /home/travis/build/icyphy/ptII/ptolemy/actor/lib/test/auto/Const2.xml
1 ms. Memory: 877056K Free: 743814K (85%)
----------------- Invoking toplevel() on ptolemy.moml.MoMLSimpleApplication@ec38242
----------------- Done invoking toplevel() on ptolemy.moml.MoMLSimpleApplication@ec38242
reloadAllAccessors: .Const2

===========================================================================================
----------------- testing Sat Jun 02 17:40:54 UTC 2018 /home/travis/build/icyphy/ptII/ptolemy/actor/lib/test/auto/Const3.xml
----------------- Instantiating /home/travis/build/icyphy/ptII/ptolemy/actor/lib/test/auto/Const3.xml
2 ms. Memory: 877056K Free: 736037K (84%)
----------------- Invoking toplevel() on ptolemy.moml.MoMLSimpleApplication@5b7852e5
----------------- Done invoking toplevel() on ptolemy.moml.MoMLSimpleApplication@5b7852e5
reloadAllAccessors: .Const3

===========================================================================================
----------------- testing Sat Jun 02 17:40:54 UTC 2018 /home/travis/build/icyphy/ptII/ptolemy/actor/lib/test/auto/ConstantPublisherPort1.xml
----------------- Instantiating /home/travis/build/icyphy/ptII/ptolemy/actor/lib/test/auto/ConstantPublisherPort1.xml
6 ms. Memory: 877056K Free: 724355K (83%)
----------------- Invoking toplevel() on ptolemy.moml.MoMLSimpleApplication@30556d4e
----------------- Done invoking toplevel() on ptolemy.moml.MoMLSimpleApplication@30556d4e
reloadAllAccessors: .ConstantPublisherPort1

===========================================================================================
----------------- testing Sat Jun 02 17:40:54 UTC 2018 /home/travis/build/icyphy/ptII/ptolemy/actor/lib/test/auto/ConstantPublisherPort2.xml
----------------- Instantiating /home/travis/build/icyphy/ptII/ptolemy/actor/lib/test/auto/ConstantPublisherPort2.xml
8 ms. Memory: 877056K Free: 705015K (80%)
----------------- Invoking toplevel() on ptolemy.moml.MoMLSimpleApplication@340b4416
----------------- Done invoking toplevel() on ptolemy.moml.MoMLSimpleApplication@340b4416
reloadAllAccessors: .ConstantPublisherPort2

===========================================================================================
----------------- testing Sat Jun 02 17:40:54 UTC 2018 /home/travis/build/icyphy/ptII/ptolemy/actor/lib/test/auto/ConstantPublisherPort3.xml
----------------- Instantiating /home/travis/build/icyphy/ptII/ptolemy/actor/lib/test/auto/ConstantPublisherPort3.xml
5 ms. Memory: 877056K Free: 693341K (79%)
----------------- Invoking toplevel() on ptolemy.moml.MoMLSimpleApplication@650e9201
----------------- Done invoking toplevel() on ptolemy.moml.MoMLSimpleApplication@650e9201
reloadAllAccessors: .ConstantPublisherPort3

===========================================================================================
----------------- testing Sat Jun 02 17:40:54 UTC 2018 /home/travis/build/icyphy/ptII/ptolemy/actor/lib/test/auto/ConstantPublisherPort4.xml
----------------- Instantiating /home/travis/build/icyphy/ptII/ptolemy/actor/lib/test/auto/ConstantPublisherPort4.xml
2 ms. Memory: 877056K Free: 681660K (78%)
----------------- Invoking toplevel() on ptolemy.moml.MoMLSimpleApplication@250d788a
----------------- Done invoking toplevel() on ptolemy.moml.MoMLSimpleApplication@250d788a
reloadAllAccessors: .ConstantPublisherPort4

===========================================================================================
----------------- testing Sat Jun 02 17:40:54 UTC 2018 /home/travis/build/icyphy/ptII/ptolemy/actor/lib/test/auto/ConstantPublisherPort5.xml
----------------- Instantiating /home/travis/build/icyphy/ptII/ptolemy/actor/lib/test/auto/ConstantPublisherPort5.xml
31 ms. Memory: 877056K Free: 654543K (75%)
----------------- Invoking toplevel() on ptolemy.moml.MoMLSimpleApplication@139131a
----------------- Done invoking toplevel() on ptolemy.moml.MoMLSimpleApplication@139131a
reloadAllAccessors: .ConstantPublisherPort5

===========================================================================================
----------------- testing Sat Jun 02 17:40:54 UTC 2018 /home/travis/build/icyphy/ptII/ptolemy/actor/lib/test/auto/ConstantPublisherPort6.xml
----------------- Instantiating /home/travis/build/icyphy/ptII/ptolemy/actor/lib/test/auto/ConstantPublisherPort6.xml
11 ms. Memory: 877056K Free: 631195K (72%)
----------------- Invoking toplevel() on ptolemy.moml.MoMLSimpleApplication@49de5cb3
----------------- Done invoking toplevel() on ptolemy.moml.MoMLSimpleApplication@49de5cb3
reloadAllAccessors: .ConstantPublisherPort6

===========================================================================================
----------------- testing Sat Jun 02 17:40:54 UTC 2018 /home/travis/build/icyphy/ptII/ptolemy/actor/lib/test/auto/ConstantPublisherPort7.xml
----------------- Instantiating /home/travis/build/icyphy/ptII/ptolemy/actor/lib/test/auto/ConstantPublisherPort7.xml
18 ms. Memory: 877056K Free: 607863K (69%)
----------------- Invoking toplevel() on ptolemy.moml.MoMLSimpleApplication@3975496
----------------- Done invoking toplevel() on ptolemy.moml.MoMLSimpleApplication@3975496
reloadAllAccessors: .ConstantPublisherPort7

===========================================================================================
----------------- testing Sat Jun 02 17:40:54 UTC 2018 /home/travis/build/icyphy/ptII/ptolemy/actor/lib/test/auto/ConstraintMonitor1.xml
----------------- Instantiating /home/travis/build/icyphy/ptII/ptolemy/actor/lib/test/auto/ConstraintMonitor1.xml
8 ms. Memory: 877056K Free: 592428K (68%)
----------------- Invoking toplevel() on ptolemy.moml.MoMLSimpleApplication@2692f65
----------------- Done invoking toplevel() on ptolemy.moml.MoMLSimpleApplication@2692f65
reloadAllAccessors: .ConstraintMonitor1

===========================================================================================
----------------- testing Sat Jun 02 17:40:54 UTC 2018 /home/travis/build/icyphy/ptII/ptolemy/actor/lib/test/auto/ConstraintMonitor2.xml
----------------- Instantiating /home/travis/build/icyphy/ptII/ptolemy/actor/lib/test/auto/ConstraintMonitor2.xml
6 ms. Memory: 877056K Free: 584651K (67%)
----------------- Invoking toplevel() on ptolemy.moml.MoMLSimpleApplication@204855ec
----------------- Done invoking toplevel() on ptolemy.moml.MoMLSimpleApplication@204855ec
reloadAllAccessors: .ConstraintMonitor2

===========================================================================================
----------------- testing Sat Jun 02 17:40:54 UTC 2018 /home/travis/build/icyphy/ptII/ptolemy/actor/lib/test/auto/ConstraintMonitor3.xml
----------------- Instantiating /home/travis/build/icyphy/ptII/ptolemy/actor/lib/test/auto/ConstraintMonitor3.xml
5 ms. Memory: 877056K Free: 576874K (66%)
----------------- Invoking toplevel() on ptolemy.moml.MoMLSimpleApplication@2903a503
----------------- Done invoking toplevel() on ptolemy.moml.MoMLSimpleApplication@2903a503
reloadAllAccessors: .ConstraintMonitor3

===========================================================================================
----------------- testing Sat Jun 02 17:40:54 UTC 2018 /home/travis/build/icyphy/ptII/ptolemy/actor/lib/test/auto/ConstraintMonitor4.xml
----------------- Instantiating /home/travis/build/icyphy/ptII/ptolemy/actor/lib/test/auto/ConstraintMonitor4.xml
1 ms. Memory: 877056K Free: 569096K (65%)
----------------- Invoking toplevel() on ptolemy.moml.MoMLSimpleApplication@16d2f359
----------------- Done invoking toplevel() on ptolemy.moml.MoMLSimpleApplication@16d2f359
reloadAllAccessors: .ConstraintMonitor4

===========================================================================================
----------------- testing Sat Jun 02 17:40:54 UTC 2018 /home/travis/build/icyphy/ptII/ptolemy/actor/lib/test/auto/ConstraintMonitor5.xml
----------------- Instantiating /home/travis/build/icyphy/ptII/ptolemy/actor/lib/test/auto/ConstraintMonitor5.xml
5 ms. Memory: 877056K Free: 553662K (63%)
----------------- Invoking toplevel() on ptolemy.moml.MoMLSimpleApplication@4ac45b52
----------------- Done invoking toplevel() on ptolemy.moml.MoMLSimpleApplication@4ac45b52
reloadAllAccessors: .ConstraintMonitor5

===========================================================================================
----------------- testing Sat Jun 02 17:40:54 UTC 2018 /home/travis/build/icyphy/ptII/ptolemy/actor/lib/test/auto/ConstraintMonitor6.xml
----------------- Instantiating /home/travis/build/icyphy/ptII/ptolemy/actor/lib/test/auto/ConstraintMonitor6.xml
7 ms. Memory: 877056K Free: 541988K (62%)
----------------- Invoking toplevel() on ptolemy.moml.MoMLSimpleApplication@533aaa5d
----------------- Done invoking toplevel() on ptolemy.moml.MoMLSimpleApplication@533aaa5d
reloadAllAccessors: .ConstraintMonitor6

===========================================================================================
----------------- testing Sat Jun 02 17:40:54 UTC 2018 /home/travis/build/icyphy/ptII/ptolemy/actor/lib/test/auto/ConstraintMonitor7.xml
----------------- Instantiating /home/travis/build/icyphy/ptII/ptolemy/actor/lib/test/auto/ConstraintMonitor7.xml
1 ms. Memory: 877056K Free: 530322K (60%)
----------------- Invoking toplevel() on ptolemy.moml.MoMLSimpleApplication@5ba31282
----------------- Done invoking toplevel() on ptolemy.moml.MoMLSimpleApplication@5ba31282
reloadAllAccessors: .ConstraintMonitor7

===========================================================================================
----------------- testing Sat Jun 02 17:40:54 UTC 2018 /home/travis/build/icyphy/ptII/ptolemy/actor/lib/test/auto/ConstraintMonitor8.xml
----------------- Instantiating /home/travis/build/icyphy/ptII/ptolemy/actor/lib/test/auto/ConstraintMonitor8.xml
3 ms. Memory: 877056K Free: 510982K (58%)
----------------- Invoking toplevel() on ptolemy.moml.MoMLSimpleApplication@449aa016
----------------- Done invoking toplevel() on ptolemy.moml.MoMLSimpleApplication@449aa016
reloadAllAccessors: .ConstraintMonitor8

===========================================================================================
----------------- testing Sat Jun 02 17:40:54 UTC 2018 /home/travis/build/icyphy/ptII/ptolemy/actor/lib/test/auto/Counter.xml
----------------- Instantiating /home/travis/build/icyphy/ptII/ptolemy/actor/lib/test/auto/Counter.xml
3 ms. Memory: 877056K Free: 503205K (57%)
----------------- Invoking toplevel() on ptolemy.moml.MoMLSimpleApplication@1e5d284d
----------------- Done invoking toplevel() on ptolemy.moml.MoMLSimpleApplication@1e5d284d
reloadAllAccessors: .Counter

===========================================================================================
----------------- testing Sat Jun 02 17:40:54 UTC 2018 /home/travis/build/icyphy/ptII/ptolemy/actor/lib/test/auto/CurrentTimeSDF.xml
----------------- Instantiating /home/travis/build/icyphy/ptII/ptolemy/actor/lib/test/auto/CurrentTimeSDF.xml
2 ms. Memory: 877056K Free: 495427K (56%)
----------------- Invoking toplevel() on ptolemy.moml.MoMLSimpleApplication@34da33fd
----------------- Done invoking toplevel() on ptolemy.moml.MoMLSimpleApplication@34da33fd
reloadAllAccessors: .CurrentTimeSDF

===========================================================================================
----------------- testing Sat Jun 02 17:40:54 UTC 2018 /home/travis/build/icyphy/ptII/ptolemy/actor/lib/test/auto/DB.xml
----------------- Instantiating /home/travis/build/icyphy/ptII/ptolemy/actor/lib/test/auto/DB.xml
2 ms. Memory: 877056K Free: 479993K (55%)
----------------- Invoking toplevel() on ptolemy.moml.MoMLSimpleApplication@88de04a
----------------- Done invoking toplevel() on ptolemy.moml.MoMLSimpleApplication@88de04a
reloadAllAccessors: .DB

===========================================================================================
----------------- testing Sat Jun 02 17:40:54 UTC 2018 /home/travis/build/icyphy/ptII/ptolemy/actor/lib/test/auto/DBDE.xml
----------------- Instantiating /home/travis/build/icyphy/ptII/ptolemy/actor/lib/test/auto/DBDE.xml
1 ms. Memory: 877056K Free: 468311K (53%)
----------------- Invoking toplevel() on ptolemy.moml.MoMLSimpleApplication@55223128
----------------- Done invoking toplevel() on ptolemy.moml.MoMLSimpleApplication@55223128
reloadAllAccessors: .DBDE

===========================================================================================
----------------- testing Sat Jun 02 17:40:54 UTC 2018 /home/travis/build/icyphy/ptII/ptolemy/actor/lib/test/auto/DateConstructor.xml
----------------- Instantiating /home/travis/build/icyphy/ptII/ptolemy/actor/lib/test/auto/DateConstructor.xml
14 ms. Memory: 877056K Free: 448828K (51%)
----------------- Invoking toplevel() on ptolemy.moml.MoMLSimpleApplication@2fe0c329
----------------- Done invoking toplevel() on ptolemy.moml.MoMLSimpleApplication@2fe0c329
reloadAllAccessors: .DateConstructor

===========================================================================================
----------------- testing Sat Jun 02 17:40:54 UTC 2018 /home/travis/build/icyphy/ptII/ptolemy/actor/lib/test/auto/DelayTime.xml
----------------- Instantiating /home/travis/build/icyphy/ptII/ptolemy/actor/lib/test/auto/DelayTime.xml
3 ms. Memory: 877056K Free: 433393K (49%)
----------------- Invoking toplevel() on ptolemy.moml.MoMLSimpleApplication@d2a8df9
----------------- Done invoking toplevel() on ptolemy.moml.MoMLSimpleApplication@d2a8df9
reloadAllAccessors: .DelayTime

===========================================================================================
----------------- testing Sat Jun 02 17:40:54 UTC 2018 /home/travis/build/icyphy/ptII/ptolemy/actor/lib/test/auto/Dictionary1.xml
----------------- Instantiating /home/travis/build/icyphy/ptII/ptolemy/actor/lib/test/auto/Dictionary1.xml
3 ms. Memory: 877056K Free: 425616K (49%)
----------------- Invoking toplevel() on ptolemy.moml.MoMLSimpleApplication@74413b0f
----------------- Done invoking toplevel() on ptolemy.moml.MoMLSimpleApplication@74413b0f
reloadAllAccessors: .Dictionary1

===========================================================================================
----------------- testing Sat Jun 02 17:40:54 UTC 2018 /home/travis/build/icyphy/ptII/ptolemy/actor/lib/test/auto/Dictionary2.xml
----------------- Instantiating /home/travis/build/icyphy/ptII/ptolemy/actor/lib/test/auto/Dictionary2.xml
3 ms. Memory: 877056K Free: 417838K (48%)
----------------- Invoking toplevel() on ptolemy.moml.MoMLSimpleApplication@155c8109
----------------- Done invoking toplevel() on ptolemy.moml.MoMLSimpleApplication@155c8109
reloadAllAccessors: .Dictionary2

===========================================================================================
----------------- testing Sat Jun 02 17:40:54 UTC 2018 /home/travis/build/icyphy/ptII/ptolemy/actor/lib/test/auto/Dictionary3.xml
----------------- Instantiating /home/travis/build/icyphy/ptII/ptolemy/actor/lib/test/auto/Dictionary3.xml
1 ms. Memory: 877056K Free: 410061K (47%)
----------------- Invoking toplevel() on ptolemy.moml.MoMLSimpleApplication@75f4bc5e
----------------- Done invoking toplevel() on ptolemy.moml.MoMLSimpleApplication@75f4bc5e
reloadAllAccessors: .Dictionary3

===========================================================================================
----------------- testing Sat Jun 02 17:40:54 UTC 2018 /home/travis/build/icyphy/ptII/ptolemy/actor/lib/test/auto/Dictionary4.xml
----------------- Instantiating /home/travis/build/icyphy/ptII/ptolemy/actor/lib/test/auto/Dictionary4.xml
5 ms. Memory: 877056K Free: 390738K (45%)
----------------- Invoking toplevel() on ptolemy.moml.MoMLSimpleApplication@4d01e82a
----------------- Done invoking toplevel() on ptolemy.moml.MoMLSimpleApplication@4d01e82a
reloadAllAccessors: .Dictionary4

===========================================================================================
----------------- testing Sat Jun 02 17:40:54 UTC 2018 /home/travis/build/icyphy/ptII/ptolemy/actor/lib/test/auto/Differential.xml
----------------- Instantiating /home/travis/build/icyphy/ptII/ptolemy/actor/lib/test/auto/Differential.xml
2 ms. Memory: 877056K Free: 382960K (44%)
----------------- Invoking toplevel() on ptolemy.moml.MoMLSimpleApplication@2dc599e8
----------------- Done invoking toplevel() on ptolemy.moml.MoMLSimpleApplication@2dc599e8
reloadAllAccessors: .Differential

===========================================================================================
----------------- testing Sat Jun 02 17:40:54 UTC 2018 /home/travis/build/icyphy/ptII/ptolemy/actor/lib/test/auto/Director.xml
----------------- Instantiating /home/travis/build/icyphy/ptII/ptolemy/actor/lib/test/auto/Director.xml
1 ms. Memory: 877056K Free: 375183K (43%)
----------------- Invoking toplevel() on ptolemy.moml.MoMLSimpleApplication@504c45e3
----------------- Done invoking toplevel() on ptolemy.moml.MoMLSimpleApplication@504c45e3
reloadAllAccessors: .Director

===========================================================================================
----------------- testing Sat Jun 02 17:40:54 UTC 2018 /home/travis/build/icyphy/ptII/ptolemy/actor/lib/test/auto/DiscreteClock.xml
----------------- Instantiating /home/travis/build/icyphy/ptII/ptolemy/actor/lib/test/auto/DiscreteClock.xml
2 ms. Memory: 877056K Free: 359748K (41%)
----------------- Invoking toplevel() on ptolemy.moml.MoMLSimpleApplication@39073ebb
----------------- Done invoking toplevel() on ptolemy.moml.MoMLSimpleApplication@39073ebb
reloadAllAccessors: .DiscreteClock

===========================================================================================
----------------- testing Sat Jun 02 17:40:54 UTC 2018 /home/travis/build/icyphy/ptII/ptolemy/actor/lib/test/auto/DiscreteClock10.xml
----------------- Instantiating /home/travis/build/icyphy/ptII/ptolemy/actor/lib/test/auto/DiscreteClock10.xml
2 ms. Memory: 877056K Free: 351971K (40%)
----------------- Invoking toplevel() on ptolemy.moml.MoMLSimpleApplication@1a5e732f
----------------- Done invoking toplevel() on ptolemy.moml.MoMLSimpleApplication@1a5e732f
reloadAllAccessors: .DiscreteClock10

===========================================================================================
----------------- testing Sat Jun 02 17:40:54 UTC 2018 /home/travis/build/icyphy/ptII/ptolemy/actor/lib/test/auto/DiscreteClock11.xml
----------------- Instantiating /home/travis/build/icyphy/ptII/ptolemy/actor/lib/test/auto/DiscreteClock11.xml
1 ms. Memory: 877056K Free: 344194K (39%)
----------------- Invoking toplevel() on ptolemy.moml.MoMLSimpleApplication@72c5fc78
----------------- Done invoking toplevel() on ptolemy.moml.MoMLSimpleApplication@72c5fc78
reloadAllAccessors: .DiscreteClock11

===========================================================================================
----------------- testing Sat Jun 02 17:40:54 UTC 2018 /home/travis/build/icyphy/ptII/ptolemy/actor/lib/test/auto/DiscreteClock12.xml
----------------- Instantiating /home/travis/build/icyphy/ptII/ptolemy/actor/lib/test/auto/DiscreteClock12.xml
3 ms. Memory: 877056K Free: 328759K (37%)
----------------- Invoking toplevel() on ptolemy.moml.MoMLSimpleApplication@3dbcc23c
----------------- Done invoking toplevel() on ptolemy.moml.MoMLSimpleApplication@3dbcc23c
reloadAllAccessors: .DiscreteClock12

===========================================================================================
----------------- testing Sat Jun 02 17:40:54 UTC 2018 /home/travis/build/icyphy/ptII/ptolemy/actor/lib/test/auto/DiscreteClock13.xml
----------------- Instantiating /home/travis/build/icyphy/ptII/ptolemy/actor/lib/test/auto/DiscreteClock13.xml
10 ms. Memory: 877056K Free: 320982K (37%)
----------------- Invoking toplevel() on ptolemy.moml.MoMLSimpleApplication@3bd29ea9
----------------- Done invoking toplevel() on ptolemy.moml.MoMLSimpleApplication@3bd29ea9
reloadAllAccessors: .DiscreteClock13

===========================================================================================
----------------- testing Sat Jun 02 17:40:54 UTC 2018 /home/travis/build/icyphy/ptII/ptolemy/actor/lib/test/auto/DiscreteClock14.xml
----------------- Instantiating /home/travis/build/icyphy/ptII/ptolemy/actor/lib/test/auto/DiscreteClock14.xml
3 ms. Memory: 877056K Free: 313204K (36%)
----------------- Invoking toplevel() on ptolemy.moml.MoMLSimpleApplication@2f99ecef
----------------- Done invoking toplevel() on ptolemy.moml.MoMLSimpleApplication@2f99ecef
reloadAllAccessors: .DiscreteClock14

===========================================================================================
----------------- testing Sat Jun 02 17:40:54 UTC 2018 /home/travis/build/icyphy/ptII/ptolemy/actor/lib/test/auto/DiscreteClock15.xml
----------------- Instantiating /home/travis/build/icyphy/ptII/ptolemy/actor/lib/test/auto/DiscreteClock15.xml
1 ms. Memory: 877056K Free: 305427K (35%)
----------------- Invoking toplevel() on ptolemy.moml.MoMLSimpleApplication@7dc5d2ad
----------------- Done invoking toplevel() on ptolemy.moml.MoMLSimpleApplication@7dc5d2ad
reloadAllAccessors: .DiscreteClock15

===========================================================================================
----------------- testing Sat Jun 02 17:40:54 UTC 2018 /home/travis/build/icyphy/ptII/ptolemy/actor/lib/test/auto/DiscreteClock16.xml
----------------- Instantiating /home/travis/build/icyphy/ptII/ptolemy/actor/lib/test/auto/DiscreteClock16.xml
8 ms. Memory: 877056K Free: 282207K (32%)
----------------- Invoking toplevel() on ptolemy.moml.MoMLSimpleApplication@2c3a26a1
----------------- Done invoking toplevel() on ptolemy.moml.MoMLSimpleApplication@2c3a26a1
reloadAllAccessors: .DiscreteClock16

===========================================================================================
----------------- testing Sat Jun 02 17:40:54 UTC 2018 /home/travis/build/icyphy/ptII/ptolemy/actor/lib/test/auto/DiscreteClock17.xml
----------------- Instantiating /home/travis/build/icyphy/ptII/ptolemy/actor/lib/test/auto/DiscreteClock17.xml
15 ms. Memory: 877056K Free: 266636K (30%)
----------------- Invoking toplevel() on ptolemy.moml.MoMLSimpleApplication@52992ddd
----------------- Done invoking toplevel() on ptolemy.moml.MoMLSimpleApplication@52992ddd
reloadAllAccessors: .DiscreteClock17

===========================================================================================
----------------- testing Sat Jun 02 17:40:55 UTC 2018 /home/travis/build/icyphy/ptII/ptolemy/actor/lib/test/auto/DiscreteClock18.xml
----------------- Instantiating /home/travis/build/icyphy/ptII/ptolemy/actor/lib/test/auto/DiscreteClock18.xml
12 ms. Memory: 877056K Free: 251081K (29%)
----------------- Invoking toplevel() on ptolemy.moml.MoMLSimpleApplication@2a0efd8f
----------------- Done invoking toplevel() on ptolemy.moml.MoMLSimpleApplication@2a0efd8f
reloadAllAccessors: .DiscreteClock18

===========================================================================================
----------------- testing Sat Jun 02 17:40:55 UTC 2018 /home/travis/build/icyphy/ptII/ptolemy/actor/lib/test/auto/DiscreteClock19.xml
----------------- Instantiating /home/travis/build/icyphy/ptII/ptolemy/actor/lib/test/auto/DiscreteClock19.xml
13 ms. Memory: 877056K Free: 227853K (26%)
----------------- Invoking toplevel() on ptolemy.moml.MoMLSimpleApplication@1695bd69
----------------- Done invoking toplevel() on ptolemy.moml.MoMLSimpleApplication@1695bd69
reloadAllAccessors: .DiscreteClock19

===========================================================================================
----------------- testing Sat Jun 02 17:40:55 UTC 2018 /home/travis/build/icyphy/ptII/ptolemy/actor/lib/test/auto/DiscreteClock2.xml
----------------- Instantiating /home/travis/build/icyphy/ptII/ptolemy/actor/lib/test/auto/DiscreteClock2.xml
5 ms. Memory: 877056K Free: 220076K (25%)
----------------- Invoking toplevel() on ptolemy.moml.MoMLSimpleApplication@43ff6637
----------------- Done invoking toplevel() on ptolemy.moml.MoMLSimpleApplication@43ff6637
reloadAllAccessors: .DiscreteClock2

===========================================================================================
----------------- testing Sat Jun 02 17:40:55 UTC 2018 /home/travis/build/icyphy/ptII/ptolemy/actor/lib/test/auto/DiscreteClock20.xml
----------------- Instantiating /home/travis/build/icyphy/ptII/ptolemy/actor/lib/test/auto/DiscreteClock20.xml
7 ms. Memory: 877056K Free: 212299K (24%)
----------------- Invoking toplevel() on ptolemy.moml.MoMLSimpleApplication@76dd36cb
----------------- Done invoking toplevel() on ptolemy.moml.MoMLSimpleApplication@76dd36cb
reloadAllAccessors: .DiscreteClock20

===========================================================================================
----------------- testing Sat Jun 02 17:40:55 UTC 2018 /home/travis/build/icyphy/ptII/ptolemy/actor/lib/test/auto/DiscreteClock21.xml
----------------- Instantiating /home/travis/build/icyphy/ptII/ptolemy/actor/lib/test/auto/DiscreteClock21.xml
3 ms. Memory: 1360384K Free: 1305617K (96%)
----------------- Invoking toplevel() on ptolemy.moml.MoMLSimpleApplication@5d67a0fb
----------------- Done invoking toplevel() on ptolemy.moml.MoMLSimpleApplication@5d67a0fb
reloadAllAccessors: .DiscreteClock21

===========================================================================================
----------------- testing Sat Jun 02 17:40:55 UTC 2018 /home/travis/build/icyphy/ptII/ptolemy/actor/lib/test/auto/DiscreteClock22.xml
----------------- Instantiating /home/travis/build/icyphy/ptII/ptolemy/actor/lib/test/auto/DiscreteClock22.xml
2 ms. Memory: 1360384K Free: 1283528K (94%)
----------------- Invoking toplevel() on ptolemy.moml.MoMLSimpleApplication@3ef94fdc
----------------- Done invoking toplevel() on ptolemy.moml.MoMLSimpleApplication@3ef94fdc
reloadAllAccessors: .DiscreteClock22

===========================================================================================
----------------- testing Sat Jun 02 17:40:55 UTC 2018 /home/travis/build/icyphy/ptII/ptolemy/actor/lib/test/auto/DiscreteClock23.xml
----------------- Instantiating /home/travis/build/icyphy/ptII/ptolemy/actor/lib/test/auto/DiscreteClock23.xml
2 ms. Memory: 1360384K Free: 1270828K (93%)
----------------- Invoking toplevel() on ptolemy.moml.MoMLSimpleApplication@5f67176c
----------------- Done invoking toplevel() on ptolemy.moml.MoMLSimpleApplication@5f67176c
reloadAllAccessors: .DiscreteClock23

===========================================================================================
----------------- testing Sat Jun 02 17:40:55 UTC 2018 /home/travis/build/icyphy/ptII/ptolemy/actor/lib/test/auto/DiscreteClock24.xml
----------------- Instantiating /home/travis/build/icyphy/ptII/ptolemy/actor/lib/test/auto/DiscreteClock24.xml
2 ms. Memory: 1360384K Free: 1258387K (93%)
----------------- Invoking toplevel() on ptolemy.moml.MoMLSimpleApplication@75c0f50
----------------- Done invoking toplevel() on ptolemy.moml.MoMLSimpleApplication@75c0f50
reloadAllAccessors: .DiscreteClock24

===========================================================================================
----------------- testing Sat Jun 02 17:40:55 UTC 2018 /home/travis/build/icyphy/ptII/ptolemy/actor/lib/test/auto/DiscreteClock4.xml
----------------- Instantiating /home/travis/build/icyphy/ptII/ptolemy/actor/lib/test/auto/DiscreteClock4.xml
1 ms. Memory: 1360384K Free: 1245945K (92%)
----------------- Invoking toplevel() on ptolemy.moml.MoMLSimpleApplication@69405000
----------------- Done invoking toplevel() on ptolemy.moml.MoMLSimpleApplication@69405000
reloadAllAccessors: .DiscreteClock4

===========================================================================================
----------------- testing Sat Jun 02 17:40:55 UTC 2018 /home/travis/build/icyphy/ptII/ptolemy/actor/lib/test/auto/DiscreteClock5.xml
----------------- Instantiating /home/travis/build/icyphy/ptII/ptolemy/actor/lib/test/auto/DiscreteClock5.xml
1 ms. Memory: 1360384K Free: 1223857K (90%)
----------------- Invoking toplevel() on ptolemy.moml.MoMLSimpleApplication@35ae13de
----------------- Done invoking toplevel() on ptolemy.moml.MoMLSimpleApplication@35ae13de
reloadAllAccessors: .DiscreteClock5

===========================================================================================
----------------- testing Sat Jun 02 17:40:55 UTC 2018 /home/travis/build/icyphy/ptII/ptolemy/actor/lib/test/auto/DiscreteClock6.xml
----------------- Instantiating /home/travis/build/icyphy/ptII/ptolemy/actor/lib/test/auto/DiscreteClock6.xml
1 ms. Memory: 1360384K Free: 1211415K (89%)
----------------- Invoking toplevel() on ptolemy.moml.MoMLSimpleApplication@2ae76347
----------------- Done invoking toplevel() on ptolemy.moml.MoMLSimpleApplication@2ae76347
reloadAllAccessors: .DiscreteClock6

===========================================================================================
----------------- testing Sat Jun 02 17:40:55 UTC 2018 /home/travis/build/icyphy/ptII/ptolemy/actor/lib/test/auto/DiscreteClock7.xml
----------------- Instantiating /home/travis/build/icyphy/ptII/ptolemy/actor/lib/test/auto/DiscreteClock7.xml
2 ms. Memory: 1360384K Free: 1190886K (88%)
----------------- Invoking toplevel() on ptolemy.moml.MoMLSimpleApplication@1bf7622d
----------------- Done invoking toplevel() on ptolemy.moml.MoMLSimpleApplication@1bf7622d
reloadAllAccessors: .DiscreteClock7

===========================================================================================
----------------- testing Sat Jun 02 17:40:55 UTC 2018 /home/travis/build/icyphy/ptII/ptolemy/actor/lib/test/auto/DiscreteClock8.xml
----------------- Instantiating /home/travis/build/icyphy/ptII/ptolemy/actor/lib/test/auto/DiscreteClock8.xml
2 ms. Memory: 1360384K Free: 1178445K (87%)
----------------- Invoking toplevel() on ptolemy.moml.MoMLSimpleApplication@6a0537d
----------------- Done invoking toplevel() on ptolemy.moml.MoMLSimpleApplication@6a0537d
reloadAllAccessors: .DiscreteClock8

===========================================================================================
----------------- testing Sat Jun 02 17:40:55 UTC 2018 /home/travis/build/icyphy/ptII/ptolemy/actor/lib/test/auto/DiscreteClock9.xml
----------------- Instantiating /home/travis/build/icyphy/ptII/ptolemy/actor/lib/test/auto/DiscreteClock9.xml
6 ms. Memory: 1360384K Free: 1156356K (85%)
----------------- Invoking toplevel() on ptolemy.moml.MoMLSimpleApplication@75d4b966
----------------- Done invoking toplevel() on ptolemy.moml.MoMLSimpleApplication@75d4b966
reloadAllAccessors: .DiscreteClock9

===========================================================================================
----------------- testing Sat Jun 02 17:40:55 UTC 2018 /home/travis/build/icyphy/ptII/ptolemy/actor/lib/test/auto/DisplayArray.xml
----------------- Instantiating /home/travis/build/icyphy/ptII/ptolemy/actor/lib/test/auto/DisplayArray.xml
1 ms. Memory: 1360384K Free: 1143915K (84%)
----------------- Invoking toplevel() on ptolemy.moml.MoMLSimpleApplication@750caa04
----------------- Done invoking toplevel() on ptolemy.moml.MoMLSimpleApplication@750caa04
reloadAllAccessors: .DisplayArray

===========================================================================================
----------------- testing Sat Jun 02 17:40:55 UTC 2018 /home/travis/build/icyphy/ptII/ptolemy/actor/lib/test/auto/Distributor.xml
----------------- Instantiating /home/travis/build/icyphy/ptII/ptolemy/actor/lib/test/auto/Distributor.xml
1 ms. Memory: 1360384K Free: 1131473K (83%)
----------------- Invoking toplevel() on ptolemy.moml.MoMLSimpleApplication@520291bd
----------------- Done invoking toplevel() on ptolemy.moml.MoMLSimpleApplication@520291bd
reloadAllAccessors: .Distributor

===========================================================================================
----------------- testing Sat Jun 02 17:40:55 UTC 2018 /home/travis/build/icyphy/ptII/ptolemy/actor/lib/test/auto/Distributor2.xml
----------------- Instantiating /home/travis/build/icyphy/ptII/ptolemy/actor/lib/test/auto/Distributor2.xml
1 ms. Memory: 1360384K Free: 1119031K (82%)
----------------- Invoking toplevel() on ptolemy.moml.MoMLSimpleApplication@5c9ea13
----------------- Done invoking toplevel() on ptolemy.moml.MoMLSimpleApplication@5c9ea13
reloadAllAccessors: .Distributor2

===========================================================================================
----------------- testing Sat Jun 02 17:40:55 UTC 2018 /home/travis/build/icyphy/ptII/ptolemy/actor/lib/test/auto/DownSample.xml
----------------- Instantiating /home/travis/build/icyphy/ptII/ptolemy/actor/lib/test/auto/DownSample.xml
2 ms. Memory: 1360384K Free: 1096943K (81%)
----------------- Invoking toplevel() on ptolemy.moml.MoMLSimpleApplication@3ce49b54
----------------- Done invoking toplevel() on ptolemy.moml.MoMLSimpleApplication@3ce49b54
reloadAllAccessors: .DownSample

===========================================================================================
----------------- testing Sat Jun 02 17:40:55 UTC 2018 /home/travis/build/icyphy/ptII/ptolemy/actor/lib/test/auto/ElectronicUnitBase1.xml
----------------- Instantiating /home/travis/build/icyphy/ptII/ptolemy/actor/lib/test/auto/ElectronicUnitBase1.xml
21 ms. Memory: 1360384K Free: 1072043K (79%)
----------------- Invoking toplevel() on ptolemy.moml.MoMLSimpleApplication@cd4e53f
----------------- Done invoking toplevel() on ptolemy.moml.MoMLSimpleApplication@cd4e53f
reloadAllAccessors: .ElectronicUnitBase1

===========================================================================================
----------------- testing Sat Jun 02 17:40:56 UTC 2018 /home/travis/build/icyphy/ptII/ptolemy/actor/lib/test/auto/ElementsToArray.xml
----------------- Instantiating /home/travis/build/icyphy/ptII/ptolemy/actor/lib/test/auto/ElementsToArray.xml
2 ms. Memory: 1360384K Free: 1059602K (78%)
----------------- Invoking toplevel() on ptolemy.moml.MoMLSimpleApplication@6fbddb88
----------------- Done invoking toplevel() on ptolemy.moml.MoMLSimpleApplication@6fbddb88
reloadAllAccessors: .ElementsToArray

===========================================================================================
----------------- testing Sat Jun 02 17:40:56 UTC 2018 /home/travis/build/icyphy/ptII/ptolemy/actor/lib/test/auto/Equals.xml
----------------- Instantiating /home/travis/build/icyphy/ptII/ptolemy/actor/lib/test/auto/Equals.xml
3 ms. Memory: 1360384K Free: 1047160K (77%)
----------------- Invoking toplevel() on ptolemy.moml.MoMLSimpleApplication@4493d477
----------------- Done invoking toplevel() on ptolemy.moml.MoMLSimpleApplication@4493d477
reloadAllAccessors: .Equals

===========================================================================================
----------------- testing Sat Jun 02 17:40:56 UTC 2018 /home/travis/build/icyphy/ptII/ptolemy/actor/lib/test/auto/Exec.xml
----------------- Instantiating /home/travis/build/icyphy/ptII/ptolemy/actor/lib/test/auto/Exec.xml
10 ms. Memory: 1360384K Free: 1012630K (74%)
----------------- Invoking toplevel() on ptolemy.moml.MoMLSimpleApplication@7b0234ac
----------------- Done invoking toplevel() on ptolemy.moml.MoMLSimpleApplication@7b0234ac
reloadAllAccessors: .Exec

===========================================================================================
----------------- testing Sat Jun 02 17:40:56 UTC 2018 /home/travis/build/icyphy/ptII/ptolemy/actor/lib/test/auto/ExecEnvironment.xml
----------------- Instantiating /home/travis/build/icyphy/ptII/ptolemy/actor/lib/test/auto/ExecEnvironment.xml
21 ms. Memory: 1360384K Free: 1000188K (74%)
----------------- Invoking toplevel() on ptolemy.moml.MoMLSimpleApplication@265f8187
----------------- Done invoking toplevel() on ptolemy.moml.MoMLSimpleApplication@265f8187
reloadAllAccessors: .ExecEnvironment

===========================================================================================
----------------- testing Sat Jun 02 17:40:56 UTC 2018 /home/travis/build/icyphy/ptII/ptolemy/actor/lib/test/auto/ExecNonZeroReturnOutput.xml
----------------- Instantiating /home/travis/build/icyphy/ptII/ptolemy/actor/lib/test/auto/ExecNonZeroReturnOutput.xml
119 ms. Memory: 1360384K Free: 906875K (67%)
----------------- Invoking toplevel() on ptolemy.moml.MoMLSimpleApplication@5ce4ee71
----------------- Done invoking toplevel() on ptolemy.moml.MoMLSimpleApplication@5ce4ee71
reloadAllAccessors: .ExecNonZeroReturnOutput

===========================================================================================
----------------- testing Sat Jun 02 17:40:56 UTC 2018 /home/travis/build/icyphy/ptII/ptolemy/actor/lib/test/auto/ExecRunDemos.xml
----------------- Instantiating /home/travis/build/icyphy/ptII/ptolemy/actor/lib/test/auto/ExecRunDemos.xml
Finished: 83 ms. Memory: 116224K Free: 101388K (87%)

Finished: 47 ms. Memory: 116224K Free: 98307K (85%)

Finished: 39 ms. Memory: 116224K Free: 98342K (85%)

Finished: 59 ms. Memory: 116224K Free: 99536K (86%)

Finished: 35 ms. Memory: 116224K Free: 100823K (87%)

9373 ms. Memory: 1360384K Free: 819753K (60%)
----------------- Invoking toplevel() on ptolemy.moml.MoMLSimpleApplication@15c49cc6
----------------- Done invoking toplevel() on ptolemy.moml.MoMLSimpleApplication@15c49cc6
reloadAllAccessors: .ExecRunDemos

===========================================================================================
----------------- testing Sat Jun 02 17:41:05 UTC 2018 /home/travis/build/icyphy/ptII/ptolemy/actor/lib/test/auto/ExecStop.xml
----------------- Instantiating /home/travis/build/icyphy/ptII/ptolemy/actor/lib/test/auto/ExecStop.xml
5008 ms. Memory: 1360384K Free: 604819K (44%)
----------------- Invoking toplevel() on ptolemy.moml.MoMLSimpleApplication@7b5ded80
----------------- Done invoking toplevel() on ptolemy.moml.MoMLSimpleApplication@7b5ded80
reloadAllAccessors: .ExecStop

===========================================================================================
----------------- testing Sat Jun 02 17:41:10 UTC 2018 /home/travis/build/icyphy/ptII/ptolemy/actor/lib/test/auto/ExecutionTimePN.xml
----------------- Instantiating /home/travis/build/icyphy/ptII/ptolemy/actor/lib/test/auto/ExecutionTimePN.xml
2011 ms. Memory: 1360384K Free: 542602K (40%)
----------------- Invoking toplevel() on ptolemy.moml.MoMLSimpleApplication@3da25641
----------------- Done invoking toplevel() on ptolemy.moml.MoMLSimpleApplication@3da25641
reloadAllAccessors: .ExecutionTimePN

===========================================================================================
----------------- testing Sat Jun 02 17:41:12 UTC 2018 /home/travis/build/icyphy/ptII/ptolemy/actor/lib/test/auto/ExecutionTimeSDF.xml
----------------- Instantiating /home/travis/build/icyphy/ptII/ptolemy/actor/lib/test/auto/ExecutionTimeSDF.xml
6004 ms. Memory: 1360384K Free: 523924K (39%)
----------------- Invoking toplevel() on ptolemy.moml.MoMLSimpleApplication@2a13f20a
----------------- Done invoking toplevel() on ptolemy.moml.MoMLSimpleApplication@2a13f20a
reloadAllAccessors: .ExecutionTimeSDF

===========================================================================================
----------------- testing Sat Jun 02 17:41:18 UTC 2018 /home/travis/build/icyphy/ptII/ptolemy/actor/lib/test/auto/Expression1.xml
----------------- Instantiating /home/travis/build/icyphy/ptII/ptolemy/actor/lib/test/auto/Expression1.xml
1 ms. Memory: 1360384K Free: 511482K (38%)
----------------- Invoking toplevel() on ptolemy.moml.MoMLSimpleApplication@4e37f6d6
----------------- Done invoking toplevel() on ptolemy.moml.MoMLSimpleApplication@4e37f6d6
reloadAllAccessors: .Expression1

===========================================================================================
----------------- testing Sat Jun 02 17:41:18 UTC 2018 /home/travis/build/icyphy/ptII/ptolemy/actor/lib/test/auto/Expression10.xml
----------------- Instantiating /home/travis/build/icyphy/ptII/ptolemy/actor/lib/test/auto/Expression10.xml
5 ms. Memory: 1360384K Free: 489394K (36%)
----------------- Invoking toplevel() on ptolemy.moml.MoMLSimpleApplication@ce62fc9
----------------- Done invoking toplevel() on ptolemy.moml.MoMLSimpleApplication@ce62fc9
reloadAllAccessors: .Expression10

===========================================================================================
----------------- testing Sat Jun 02 17:41:18 UTC 2018 /home/travis/build/icyphy/ptII/ptolemy/actor/lib/test/auto/Expression11.xml
----------------- Instantiating /home/travis/build/icyphy/ptII/ptolemy/actor/lib/test/auto/Expression11.xml
3 ms. Memory: 1360384K Free: 476952K (35%)
----------------- Invoking toplevel() on ptolemy.moml.MoMLSimpleApplication@62e11e88
----------------- Done invoking toplevel() on ptolemy.moml.MoMLSimpleApplication@62e11e88
reloadAllAccessors: .Expression11

===========================================================================================
----------------- testing Sat Jun 02 17:41:18 UTC 2018 /home/travis/build/icyphy/ptII/ptolemy/actor/lib/test/auto/Expression12.xml
----------------- Instantiating /home/travis/build/icyphy/ptII/ptolemy/actor/lib/test/auto/Expression12.xml
4 ms. Memory: 1360384K Free: 464510K (34%)
----------------- Invoking toplevel() on ptolemy.moml.MoMLSimpleApplication@7a01f73d
----------------- Done invoking toplevel() on ptolemy.moml.MoMLSimpleApplication@7a01f73d
reloadAllAccessors: .Expression12

===========================================================================================
----------------- testing Sat Jun 02 17:41:18 UTC 2018 /home/travis/build/icyphy/ptII/ptolemy/actor/lib/test/auto/Expression13.xml
----------------- Instantiating /home/travis/build/icyphy/ptII/ptolemy/actor/lib/test/auto/Expression13.xml
3 ms. Memory: 1360384K Free: 452069K (33%)
----------------- Invoking toplevel() on ptolemy.moml.MoMLSimpleApplication@68897a1
----------------- Done invoking toplevel() on ptolemy.moml.MoMLSimpleApplication@68897a1
reloadAllAccessors: .Expression13

===========================================================================================
----------------- testing Sat Jun 02 17:41:18 UTC 2018 /home/travis/build/icyphy/ptII/ptolemy/actor/lib/test/auto/Expression14.xml
----------------- Instantiating /home/travis/build/icyphy/ptII/ptolemy/actor/lib/test/auto/Expression14.xml
5 ms. Memory: 1360384K Free: 429980K (32%)
----------------- Invoking toplevel() on ptolemy.moml.MoMLSimpleApplication@713229a2
----------------- Done invoking toplevel() on ptolemy.moml.MoMLSimpleApplication@713229a2
reloadAllAccessors: .Expression14

===========================================================================================
----------------- testing Sat Jun 02 17:41:18 UTC 2018 /home/travis/build/icyphy/ptII/ptolemy/actor/lib/test/auto/Expression15.xml
----------------- Instantiating /home/travis/build/icyphy/ptII/ptolemy/actor/lib/test/auto/Expression15.xml
2 ms. Memory: 1360384K Free: 417539K (31%)
----------------- Invoking toplevel() on ptolemy.moml.MoMLSimpleApplication@12d119e3
----------------- Done invoking toplevel() on ptolemy.moml.MoMLSimpleApplication@12d119e3
reloadAllAccessors: .Expression15

===========================================================================================
----------------- testing Sat Jun 02 17:41:18 UTC 2018 /home/travis/build/icyphy/ptII/ptolemy/actor/lib/test/auto/Expression16.xml
----------------- Instantiating /home/travis/build/icyphy/ptII/ptolemy/actor/lib/test/auto/Expression16.xml
6 ms. Memory: 1360384K Free: 405097K (30%)
----------------- Invoking toplevel() on ptolemy.moml.MoMLSimpleApplication@223a25b9
----------------- Done invoking toplevel() on ptolemy.moml.MoMLSimpleApplication@223a25b9
reloadAllAccessors: .Expression16

===========================================================================================
----------------- testing Sat Jun 02 17:41:18 UTC 2018 /home/travis/build/icyphy/ptII/ptolemy/actor/lib/test/auto/Expression17.xml
----------------- Instantiating /home/travis/build/icyphy/ptII/ptolemy/actor/lib/test/auto/Expression17.xml
3 ms. Memory: 1360384K Free: 392656K (29%)
----------------- Invoking toplevel() on ptolemy.moml.MoMLSimpleApplication@4a505449
----------------- Done invoking toplevel() on ptolemy.moml.MoMLSimpleApplication@4a505449
reloadAllAccessors: .Expression17

===========================================================================================
----------------- testing Sat Jun 02 17:41:18 UTC 2018 /home/travis/build/icyphy/ptII/ptolemy/actor/lib/test/auto/Expression18.xml
----------------- Instantiating /home/travis/build/icyphy/ptII/ptolemy/actor/lib/test/auto/Expression18.xml
3 ms. Memory: 1360384K Free: 370567K (27%)
----------------- Invoking toplevel() on ptolemy.moml.MoMLSimpleApplication@7b228c0d
----------------- Done invoking toplevel() on ptolemy.moml.MoMLSimpleApplication@7b228c0d
reloadAllAccessors: .Expression18

===========================================================================================
----------------- testing Sat Jun 02 17:41:19 UTC 2018 /home/travis/build/icyphy/ptII/ptolemy/actor/lib/test/auto/Expression2.xml
----------------- Instantiating /home/travis/build/icyphy/ptII/ptolemy/actor/lib/test/auto/Expression2.xml
3 ms. Memory: 1360384K Free: 358125K (26%)
----------------- Invoking toplevel() on ptolemy.moml.MoMLSimpleApplication@54874c8a
----------------- Done invoking toplevel() on ptolemy.moml.MoMLSimpleApplication@54874c8a
reloadAllAccessors: .Expression2

===========================================================================================
----------------- testing Sat Jun 02 17:41:19 UTC 2018 /home/travis/build/icyphy/ptII/ptolemy/actor/lib/test/auto/Expression3.xml
----------------- Instantiating /home/travis/build/icyphy/ptII/ptolemy/actor/lib/test/auto/Expression3.xml
6 ms. Memory: 1360384K Free: 345684K (25%)
----------------- Invoking toplevel() on ptolemy.moml.MoMLSimpleApplication@cff2464
----------------- Done invoking toplevel() on ptolemy.moml.MoMLSimpleApplication@cff2464
reloadAllAccessors: .Expression3

===========================================================================================
----------------- testing Sat Jun 02 17:41:19 UTC 2018 /home/travis/build/icyphy/ptII/ptolemy/actor/lib/test/auto/Expression4.xml
----------------- Instantiating /home/travis/build/icyphy/ptII/ptolemy/actor/lib/test/auto/Expression4.xml
5 ms. Memory: 1360384K Free: 333242K (24%)
----------------- Invoking toplevel() on ptolemy.moml.MoMLSimpleApplication@3dbc6ae
----------------- Done invoking toplevel() on ptolemy.moml.MoMLSimpleApplication@3dbc6ae
reloadAllAccessors: .Expression4

===========================================================================================
----------------- testing Sat Jun 02 17:41:19 UTC 2018 /home/travis/build/icyphy/ptII/ptolemy/actor/lib/test/auto/Expression5.xml
----------------- Instantiating /home/travis/build/icyphy/ptII/ptolemy/actor/lib/test/auto/Expression5.xml
5 ms. Memory: 1360384K Free: 311154K (23%)
----------------- Invoking toplevel() on ptolemy.moml.MoMLSimpleApplication@57da3d55
----------------- Done invoking toplevel() on ptolemy.moml.MoMLSimpleApplication@57da3d55
reloadAllAccessors: .Expression5

===========================================================================================
----------------- testing Sat Jun 02 17:41:19 UTC 2018 /home/travis/build/icyphy/ptII/ptolemy/actor/lib/test/auto/Expression6.xml
----------------- Instantiating /home/travis/build/icyphy/ptII/ptolemy/actor/lib/test/auto/Expression6.xml
3 ms. Memory: 1360384K Free: 298712K (22%)
----------------- Invoking toplevel() on ptolemy.moml.MoMLSimpleApplication@29cc994e
----------------- Done invoking toplevel() on ptolemy.moml.MoMLSimpleApplication@29cc994e
reloadAllAccessors: .Expression6

===========================================================================================
----------------- testing Sat Jun 02 17:41:19 UTC 2018 /home/travis/build/icyphy/ptII/ptolemy/actor/lib/test/auto/Expression7.xml
----------------- Instantiating /home/travis/build/icyphy/ptII/ptolemy/actor/lib/test/auto/Expression7.xml
3 ms. Memory: 1360384K Free: 286270K (21%)
----------------- Invoking toplevel() on ptolemy.moml.MoMLSimpleApplication@7eb8e20d
----------------- Done invoking toplevel() on ptolemy.moml.MoMLSimpleApplication@7eb8e20d
reloadAllAccessors: .Expression7

===========================================================================================
----------------- testing Sat Jun 02 17:41:19 UTC 2018 /home/travis/build/icyphy/ptII/ptolemy/actor/lib/test/auto/Expression8.xml
----------------- Instantiating /home/travis/build/icyphy/ptII/ptolemy/actor/lib/test/auto/Expression8.xml
3 ms. Memory: 1360384K Free: 273829K (20%)
----------------- Invoking toplevel() on ptolemy.moml.MoMLSimpleApplication@66f42619
----------------- Done invoking toplevel() on ptolemy.moml.MoMLSimpleApplication@66f42619
reloadAllAccessors: .Expression8

===========================================================================================
----------------- testing Sat Jun 02 17:41:19 UTC 2018 /home/travis/build/icyphy/ptII/ptolemy/actor/lib/test/auto/Expression9.xml
----------------- Instantiating /home/travis/build/icyphy/ptII/ptolemy/actor/lib/test/auto/Expression9.xml
2 ms. Memory: 1360384K Free: 251740K (19%)
----------------- Invoking toplevel() on ptolemy.moml.MoMLSimpleApplication@6278f5ff
----------------- Done invoking toplevel() on ptolemy.moml.MoMLSimpleApplication@6278f5ff
reloadAllAccessors: .Expression9

===========================================================================================
----------------- testing Sat Jun 02 17:41:19 UTC 2018 /home/travis/build/icyphy/ptII/ptolemy/actor/lib/test/auto/ExpressionConcatenateArrayType.xml
----------------- Instantiating /home/travis/build/icyphy/ptII/ptolemy/actor/lib/test/auto/ExpressionConcatenateArrayType.xml
3 ms. Memory: 1360384K Free: 239299K (18%)
----------------- Invoking toplevel() on ptolemy.moml.MoMLSimpleApplication@5dec7f94
----------------- Done invoking toplevel() on ptolemy.moml.MoMLSimpleApplication@5dec7f94
reloadAllAccessors: .ExpressionConcatenateArrayType

===========================================================================================
----------------- testing Sat Jun 02 17:41:19 UTC 2018 /home/travis/build/icyphy/ptII/ptolemy/actor/lib/test/auto/ExpressionConcatenateArrayType2.xml
----------------- Instantiating /home/travis/build/icyphy/ptII/ptolemy/actor/lib/test/auto/ExpressionConcatenateArrayType2.xml
2 ms. Memory: 1360384K Free: 226857K (17%)
----------------- Invoking toplevel() on ptolemy.moml.MoMLSimpleApplication@3b29b7c9
----------------- Done invoking toplevel() on ptolemy.moml.MoMLSimpleApplication@3b29b7c9
reloadAllAccessors: .ExpressionConcatenateArrayType2

===========================================================================================
----------------- testing Sat Jun 02 17:41:19 UTC 2018 /home/travis/build/icyphy/ptII/ptolemy/actor/lib/test/auto/ExpressionFix.xml
----------------- Instantiating /home/travis/build/icyphy/ptII/ptolemy/actor/lib/test/auto/ExpressionFix.xml
12 ms. Memory: 1360384K Free: 214416K (16%)
----------------- Invoking toplevel() on ptolemy.moml.MoMLSimpleApplication@594c3a59
----------------- Done invoking toplevel() on ptolemy.moml.MoMLSimpleApplication@594c3a59
reloadAllAccessors: .ExpressionFix

===========================================================================================
----------------- testing Sat Jun 02 17:41:19 UTC 2018 /home/travis/build/icyphy/ptII/ptolemy/actor/lib/test/auto/ExpressionFix2.xml
----------------- Instantiating /home/travis/build/icyphy/ptII/ptolemy/actor/lib/test/auto/ExpressionFix2.xml
6 ms. Memory: 1360384K Free: 192327K (14%)
----------------- Invoking toplevel() on ptolemy.moml.MoMLSimpleApplication@47ff72dc
----------------- Done invoking toplevel() on ptolemy.moml.MoMLSimpleApplication@47ff72dc
reloadAllAccessors: .ExpressionFix2

===========================================================================================
----------------- testing Sat Jun 02 17:41:19 UTC 2018 /home/travis/build/icyphy/ptII/ptolemy/actor/lib/test/auto/ExpressionFix3.xml
----------------- Instantiating /home/travis/build/icyphy/ptII/ptolemy/actor/lib/test/auto/ExpressionFix3.xml
3 ms. Memory: 1360384K Free: 179885K (13%)
----------------- Invoking toplevel() on ptolemy.moml.MoMLSimpleApplication@2549aa17
----------------- Done invoking toplevel() on ptolemy.moml.MoMLSimpleApplication@2549aa17
reloadAllAccessors: .ExpressionFix3

===========================================================================================
----------------- testing Sat Jun 02 17:41:19 UTC 2018 /home/travis/build/icyphy/ptII/ptolemy/actor/lib/test/auto/FileWriter1.xml
----------------- Instantiating /home/travis/build/icyphy/ptII/ptolemy/actor/lib/test/auto/FileWriter1.xml
3 ms. Memory: 1360384K Free: 167444K (12%)
----------------- Invoking toplevel() on ptolemy.moml.MoMLSimpleApplication@5bf5d915
----------------- Done invoking toplevel() on ptolemy.moml.MoMLSimpleApplication@5bf5d915
reloadAllAccessors: .FileWriter1

===========================================================================================
----------------- testing Sat Jun 02 17:41:19 UTC 2018 /home/travis/build/icyphy/ptII/ptolemy/actor/lib/test/auto/FileWriter2.xml
----------------- Instantiating /home/travis/build/icyphy/ptII/ptolemy/actor/lib/test/auto/FileWriter2.xml
3 ms. Memory: 1360384K Free: 155002K (11%)
----------------- Invoking toplevel() on ptolemy.moml.MoMLSimpleApplication@4b6e15da
----------------- Done invoking toplevel() on ptolemy.moml.MoMLSimpleApplication@4b6e15da
reloadAllAccessors: .FileWriter2

===========================================================================================
----------------- testing Sat Jun 02 17:41:19 UTC 2018 /home/travis/build/icyphy/ptII/ptolemy/actor/lib/test/auto/FileWriter3.xml
----------------- Instantiating /home/travis/build/icyphy/ptII/ptolemy/actor/lib/test/auto/FileWriter3.xml
7 ms. Memory: 1360384K Free: 132914K (10%)
----------------- Invoking toplevel() on ptolemy.moml.MoMLSimpleApplication@6fa540db
----------------- Done invoking toplevel() on ptolemy.moml.MoMLSimpleApplication@6fa540db
reloadAllAccessors: .FileWriter3

===========================================================================================
----------------- testing Sat Jun 02 17:41:19 UTC 2018 /home/travis/build/icyphy/ptII/ptolemy/actor/lib/test/auto/Gaussian.xml
----------------- Instantiating /home/travis/build/icyphy/ptII/ptolemy/actor/lib/test/auto/Gaussian.xml
2 ms. Memory: 1360384K Free: 120472K (9%)
----------------- Invoking toplevel() on ptolemy.moml.MoMLSimpleApplication@5f51317c
----------------- Done invoking toplevel() on ptolemy.moml.MoMLSimpleApplication@5f51317c
reloadAllAccessors: .Gaussian

===========================================================================================
----------------- testing Sat Jun 02 17:41:19 UTC 2018 /home/travis/build/icyphy/ptII/ptolemy/actor/lib/test/auto/Gaussian1.xml
----------------- Instantiating /home/travis/build/icyphy/ptII/ptolemy/actor/lib/test/auto/Gaussian1.xml
2 ms. Memory: 1360384K Free: 108030K (8%)
----------------- Invoking toplevel() on ptolemy.moml.MoMLSimpleApplication@2b0bcc0d
----------------- Done invoking toplevel() on ptolemy.moml.MoMLSimpleApplication@2b0bcc0d
reloadAllAccessors: .Gaussian1

===========================================================================================
----------------- testing Sat Jun 02 17:41:19 UTC 2018 /home/travis/build/icyphy/ptII/ptolemy/actor/lib/test/auto/Gaussian2.xml
----------------- Instantiating /home/travis/build/icyphy/ptII/ptolemy/actor/lib/test/auto/Gaussian2.xml
2 ms. Memory: 1360384K Free: 95589K (7%)
----------------- Invoking toplevel() on ptolemy.moml.MoMLSimpleApplication@4b03e60d
----------------- Done invoking toplevel() on ptolemy.moml.MoMLSimpleApplication@4b03e60d
reloadAllAccessors: .Gaussian2

===========================================================================================
----------------- testing Sat Jun 02 17:41:19 UTC 2018 /home/travis/build/icyphy/ptII/ptolemy/actor/lib/test/auto/GradientAdaptiveLattice.xml
----------------- Instantiating /home/travis/build/icyphy/ptII/ptolemy/actor/lib/test/auto/GradientAdaptiveLattice.xml
3 ms. Memory: 1360384K Free: 78875K (6%)
----------------- Invoking toplevel() on ptolemy.moml.MoMLSimpleApplication@ab2a618
----------------- Done invoking toplevel() on ptolemy.moml.MoMLSimpleApplication@ab2a618
reloadAllAccessors: .GradientAdaptiveLattice

===========================================================================================
----------------- testing Sat Jun 02 17:41:19 UTC 2018 /home/travis/build/icyphy/ptII/ptolemy/actor/lib/test/auto/IIR.xml
----------------- Instantiating /home/travis/build/icyphy/ptII/ptolemy/actor/lib/test/auto/IIR.xml
1 ms. Memory: 1360896K Free: 1310265K (96%)
----------------- Invoking toplevel() on ptolemy.moml.MoMLSimpleApplication@3b5163e6
----------------- Done invoking toplevel() on ptolemy.moml.MoMLSimpleApplication@3b5163e6
reloadAllAccessors: .IIR

===========================================================================================
----------------- testing Sat Jun 02 17:41:19 UTC 2018 /home/travis/build/icyphy/ptII/ptolemy/actor/lib/test/auto/InputOutputTransparentPorts.xml
----------------- Instantiating /home/travis/build/icyphy/ptII/ptolemy/actor/lib/test/auto/InputOutputTransparentPorts.xml
1 ms. Memory: 1360896K Free: 1290675K (95%)
----------------- Invoking toplevel() on ptolemy.moml.MoMLSimpleApplication@5c7a241
----------------- Done invoking toplevel() on ptolemy.moml.MoMLSimpleApplication@5c7a241
reloadAllAccessors: .InputOutputTransparentPorts

===========================================================================================
----------------- testing Sat Jun 02 17:41:19 UTC 2018 /home/travis/build/icyphy/ptII/ptolemy/actor/lib/test/auto/Interpolator.xml
----------------- Instantiating /home/travis/build/icyphy/ptII/ptolemy/actor/lib/test/auto/Interpolator.xml
3 ms. Memory: 1360896K Free: 1278234K (94%)
----------------- Invoking toplevel() on ptolemy.moml.MoMLSimpleApplication@4239b8c6
----------------- Done invoking toplevel() on ptolemy.moml.MoMLSimpleApplication@4239b8c6
reloadAllAccessors: .Interpolator

===========================================================================================
----------------- testing Sat Jun 02 17:41:19 UTC 2018 /home/travis/build/icyphy/ptII/ptolemy/actor/lib/test/auto/InterpolatorFiringLimitDE.xml
----------------- Instantiating /home/travis/build/icyphy/ptII/ptolemy/actor/lib/test/auto/InterpolatorFiringLimitDE.xml
1 ms. Memory: 1360896K Free: 1258644K (92%)
----------------- Invoking toplevel() on ptolemy.moml.MoMLSimpleApplication@6e8d5a92
----------------- Done invoking toplevel() on ptolemy.moml.MoMLSimpleApplication@6e8d5a92
reloadAllAccessors: .InterpolatorFiringLimitDE

===========================================================================================
----------------- testing Sat Jun 02 17:41:19 UTC 2018 /home/travis/build/icyphy/ptII/ptolemy/actor/lib/test/auto/Lattice.xml
----------------- Instantiating /home/travis/build/icyphy/ptII/ptolemy/actor/lib/test/auto/Lattice.xml
1 ms. Memory: 1360896K Free: 1246202K (92%)
----------------- Invoking toplevel() on ptolemy.moml.MoMLSimpleApplication@52a7d30
----------------- Done invoking toplevel() on ptolemy.moml.MoMLSimpleApplication@52a7d30
reloadAllAccessors: .Lattice

===========================================================================================
----------------- testing Sat Jun 02 17:41:19 UTC 2018 /home/travis/build/icyphy/ptII/ptolemy/actor/lib/test/auto/LazyAOCTestLazy.xml
----------------- Instantiating /home/travis/build/icyphy/ptII/ptolemy/actor/lib/test/auto/LazyAOCTestLazy.xml
6 ms. Memory: 1360896K Free: 1233760K (91%)
----------------- Invoking toplevel() on ptolemy.moml.MoMLSimpleApplication@7e36cc52
----------------- Done invoking toplevel() on ptolemy.moml.MoMLSimpleApplication@7e36cc52
reloadAllAccessors: .LazyAOCTestLazy

===========================================================================================
----------------- testing Sat Jun 02 17:41:19 UTC 2018 /home/travis/build/icyphy/ptII/ptolemy/actor/lib/test/auto/LazyAOCTestNonLazy.xml
----------------- Instantiating /home/travis/build/icyphy/ptII/ptolemy/actor/lib/test/auto/LazyAOCTestNonLazy.xml
6 ms. Memory: 1360896K Free: 1214170K (89%)
----------------- Invoking toplevel() on ptolemy.moml.MoMLSimpleApplication@59cf9328
----------------- Done invoking toplevel() on ptolemy.moml.MoMLSimpleApplication@59cf9328
reloadAllAccessors: .LazyAOCTestNonLazy

===========================================================================================
----------------- testing Sat Jun 02 17:41:19 UTC 2018 /home/travis/build/icyphy/ptII/ptolemy/actor/lib/test/auto/LazyInnerClass.xml
----------------- Instantiating /home/travis/build/icyphy/ptII/ptolemy/actor/lib/test/auto/LazyInnerClass.xml
17 ms. Memory: 1360896K Free: 1201729K (88%)
----------------- Invoking toplevel() on ptolemy.moml.MoMLSimpleApplication@53936a1a
----------------- Done invoking toplevel() on ptolemy.moml.MoMLSimpleApplication@53936a1a
reloadAllAccessors: .LazyInnerClass

===========================================================================================
----------------- testing Sat Jun 02 17:41:19 UTC 2018 /home/travis/build/icyphy/ptII/ptolemy/actor/lib/test/auto/LazyPubSub.xml
----------------- Instantiating /home/travis/build/icyphy/ptII/ptolemy/actor/lib/test/auto/LazyPubSub.xml
23 ms. Memory: 1360896K Free: 1189287K (87%)
----------------- Invoking toplevel() on ptolemy.moml.MoMLSimpleApplication@15a1bf93
----------------- Done invoking toplevel() on ptolemy.moml.MoMLSimpleApplication@15a1bf93
reloadAllAccessors: .LazyPubSub

===========================================================================================
----------------- testing Sat Jun 02 17:41:19 UTC 2018 /home/travis/build/icyphy/ptII/ptolemy/actor/lib/test/auto/LazyPubSub2.xml
----------------- Instantiating /home/travis/build/icyphy/ptII/ptolemy/actor/lib/test/auto/LazyPubSub2.xml
14 ms. Memory: 1360896K Free: 1169697K (86%)
----------------- Invoking toplevel() on ptolemy.moml.MoMLSimpleApplication@1b38788b
----------------- Done invoking toplevel() on ptolemy.moml.MoMLSimpleApplication@1b38788b
reloadAllAccessors: .LazyPubSub2

===========================================================================================
----------------- testing Sat Jun 02 17:41:19 UTC 2018 /home/travis/build/icyphy/ptII/ptolemy/actor/lib/test/auto/LazyPubSub3.xml
----------------- Instantiating /home/travis/build/icyphy/ptII/ptolemy/actor/lib/test/auto/LazyPubSub3.xml
15 ms. Memory: 1360896K Free: 1157088K (85%)
----------------- Invoking toplevel() on ptolemy.moml.MoMLSimpleApplication@29ef3bfe
----------------- Done invoking toplevel() on ptolemy.moml.MoMLSimpleApplication@29ef3bfe
reloadAllAccessors: .LazyPubSub3

===========================================================================================
----------------- testing Sat Jun 02 17:41:19 UTC 2018 /home/travis/build/icyphy/ptII/ptolemy/actor/lib/test/auto/LazySubClassModel.xml
----------------- Instantiating /home/travis/build/icyphy/ptII/ptolemy/actor/lib/test/auto/LazySubClassModel.xml
4 ms. Memory: 1360896K Free: 1138409K (84%)
----------------- Invoking toplevel() on ptolemy.moml.MoMLSimpleApplication@727189d1
----------------- Done invoking toplevel() on ptolemy.moml.MoMLSimpleApplication@727189d1
reloadAllAccessors: .LazySubClassModel

===========================================================================================
----------------- testing Sat Jun 02 17:41:19 UTC 2018 /home/travis/build/icyphy/ptII/ptolemy/actor/lib/test/auto/LevelCrossTest1.xml
----------------- Instantiating /home/travis/build/icyphy/ptII/ptolemy/actor/lib/test/auto/LevelCrossTest1.xml
1 ms. Memory: 1360896K Free: 1118819K (82%)
----------------- Invoking toplevel() on ptolemy.moml.MoMLSimpleApplication@352ad99b
----------------- Done invoking toplevel() on ptolemy.moml.MoMLSimpleApplication@352ad99b
reloadAllAccessors: .broken

===========================================================================================
----------------- testing Sat Jun 02 17:41:19 UTC 2018 /home/travis/build/icyphy/ptII/ptolemy/actor/lib/test/auto/LevelCrossTest10.xml
----------------- Instantiating /home/travis/build/icyphy/ptII/ptolemy/actor/lib/test/auto/LevelCrossTest10.xml
1 ms. Memory: 1360896K Free: 1100141K (81%)
----------------- Invoking toplevel() on ptolemy.moml.MoMLSimpleApplication@6ce7b583
----------------- Done invoking toplevel() on ptolemy.moml.MoMLSimpleApplication@6ce7b583
reloadAllAccessors: .LevelCrossTest10

===========================================================================================
----------------- testing Sat Jun 02 17:41:19 UTC 2018 /home/travis/build/icyphy/ptII/ptolemy/actor/lib/test/auto/LevelCrossTest11.xml
----------------- Instantiating /home/travis/build/icyphy/ptII/ptolemy/actor/lib/test/auto/LevelCrossTest11.xml
1 ms. Memory: 1360896K Free: 1087699K (80%)
----------------- Invoking toplevel() on ptolemy.moml.MoMLSimpleApplication@650903ba
----------------- Done invoking toplevel() on ptolemy.moml.MoMLSimpleApplication@650903ba
reloadAllAccessors: .LevelCrossTest11

===========================================================================================
----------------- testing Sat Jun 02 17:41:19 UTC 2018 /home/travis/build/icyphy/ptII/ptolemy/actor/lib/test/auto/LevelCrossTest12.xml
----------------- Instantiating /home/travis/build/icyphy/ptII/ptolemy/actor/lib/test/auto/LevelCrossTest12.xml
2 ms. Memory: 1360896K Free: 1068109K (78%)
----------------- Invoking toplevel() on ptolemy.moml.MoMLSimpleApplication@1c8cf5a1
----------------- Done invoking toplevel() on ptolemy.moml.MoMLSimpleApplication@1c8cf5a1
reloadAllAccessors: .LevelCrossTest12

===========================================================================================
----------------- testing Sat Jun 02 17:41:19 UTC 2018 /home/travis/build/icyphy/ptII/ptolemy/actor/lib/test/auto/LevelCrossTest13.xml
----------------- Instantiating /home/travis/build/icyphy/ptII/ptolemy/actor/lib/test/auto/LevelCrossTest13.xml
6 ms. Memory: 1360896K Free: 1055667K (78%)
----------------- Invoking toplevel() on ptolemy.moml.MoMLSimpleApplication@544b7858
----------------- Done invoking toplevel() on ptolemy.moml.MoMLSimpleApplication@544b7858
reloadAllAccessors: .LevelCrossTest13

===========================================================================================
----------------- testing Sat Jun 02 17:41:19 UTC 2018 /home/travis/build/icyphy/ptII/ptolemy/actor/lib/test/auto/LevelCrossTest2.xml
----------------- Instantiating /home/travis/build/icyphy/ptII/ptolemy/actor/lib/test/auto/LevelCrossTest2.xml
1 ms. Memory: 1360896K Free: 1043226K (77%)
----------------- Invoking toplevel() on ptolemy.moml.MoMLSimpleApplication@5044c494
----------------- Done invoking toplevel() on ptolemy.moml.MoMLSimpleApplication@5044c494
reloadAllAccessors: .broken

===========================================================================================
----------------- testing Sat Jun 02 17:41:19 UTC 2018 /home/travis/build/icyphy/ptII/ptolemy/actor/lib/test/auto/LevelCrossTest3.xml
----------------- Instantiating /home/travis/build/icyphy/ptII/ptolemy/actor/lib/test/auto/LevelCrossTest3.xml
1 ms. Memory: 1360896K Free: 1023636K (75%)
----------------- Invoking toplevel() on ptolemy.moml.MoMLSimpleApplication@6b2dcfc
----------------- Done invoking toplevel() on ptolemy.moml.MoMLSimpleApplication@6b2dcfc
reloadAllAccessors: .LevelCrossTest3

===========================================================================================
----------------- testing Sat Jun 02 17:41:19 UTC 2018 /home/travis/build/icyphy/ptII/ptolemy/actor/lib/test/auto/LevelCrossTest4.xml
----------------- Instantiating /home/travis/build/icyphy/ptII/ptolemy/actor/lib/test/auto/LevelCrossTest4.xml
1 ms. Memory: 1360896K Free: 1011194K (74%)
----------------- Invoking toplevel() on ptolemy.moml.MoMLSimpleApplication@f7edf00
----------------- Done invoking toplevel() on ptolemy.moml.MoMLSimpleApplication@f7edf00
reloadAllAccessors: .broken

===========================================================================================
----------------- testing Sat Jun 02 17:41:19 UTC 2018 /home/travis/build/icyphy/ptII/ptolemy/actor/lib/test/auto/LevelCrossTest5.xml
----------------- Instantiating /home/travis/build/icyphy/ptII/ptolemy/actor/lib/test/auto/LevelCrossTest5.xml
1 ms. Memory: 1360896K Free: 998753K (73%)
----------------- Invoking toplevel() on ptolemy.moml.MoMLSimpleApplication@769ed40
----------------- Done invoking toplevel() on ptolemy.moml.MoMLSimpleApplication@769ed40
reloadAllAccessors: .LevelCrossTest5

===========================================================================================
----------------- testing Sat Jun 02 17:41:19 UTC 2018 /home/travis/build/icyphy/ptII/ptolemy/actor/lib/test/auto/LevelCrossTest6.xml
----------------- Instantiating /home/travis/build/icyphy/ptII/ptolemy/actor/lib/test/auto/LevelCrossTest6.xml
1 ms. Memory: 1360896K Free: 979163K (72%)
----------------- Invoking toplevel() on ptolemy.moml.MoMLSimpleApplication@5c077b12
----------------- Done invoking toplevel() on ptolemy.moml.MoMLSimpleApplication@5c077b12
reloadAllAccessors: .LevelCrossTest6

===========================================================================================
----------------- testing Sat Jun 02 17:41:20 UTC 2018 /home/travis/build/icyphy/ptII/ptolemy/actor/lib/test/auto/LevelCrossTest7.xml
----------------- Instantiating /home/travis/build/icyphy/ptII/ptolemy/actor/lib/test/auto/LevelCrossTest7.xml
1 ms. Memory: 1360896K Free: 966721K (71%)
----------------- Invoking toplevel() on ptolemy.moml.MoMLSimpleApplication@773e919f
----------------- Done invoking toplevel() on ptolemy.moml.MoMLSimpleApplication@773e919f
reloadAllAccessors: .LevelCrossTest7

===========================================================================================
----------------- testing Sat Jun 02 17:41:20 UTC 2018 /home/travis/build/icyphy/ptII/ptolemy/actor/lib/test/auto/LevelCrossTest8.xml
----------------- Instantiating /home/travis/build/icyphy/ptII/ptolemy/actor/lib/test/auto/LevelCrossTest8.xml
1 ms. Memory: 1360896K Free: 954279K (70%)
----------------- Invoking toplevel() on ptolemy.moml.MoMLSimpleApplication@5410d15e
----------------- Done invoking toplevel() on ptolemy.moml.MoMLSimpleApplication@5410d15e
reloadAllAccessors: .LevelCrossTest8

===========================================================================================
----------------- testing Sat Jun 02 17:41:20 UTC 2018 /home/travis/build/icyphy/ptII/ptolemy/actor/lib/test/auto/LevelCrossTest9.xml
----------------- Instantiating /home/travis/build/icyphy/ptII/ptolemy/actor/lib/test/auto/LevelCrossTest9.xml
5 ms. Memory: 1360896K Free: 934689K (69%)
----------------- Invoking toplevel() on ptolemy.moml.MoMLSimpleApplication@1e3bfbe5
----------------- Done invoking toplevel() on ptolemy.moml.MoMLSimpleApplication@1e3bfbe5
reloadAllAccessors: .LevelCrossTest9

===========================================================================================
----------------- testing Sat Jun 02 17:41:20 UTC 2018 /home/travis/build/icyphy/ptII/ptolemy/actor/lib/test/auto/LevinsonDurbin.xml
----------------- Instantiating /home/travis/build/icyphy/ptII/ptolemy/actor/lib/test/auto/LevinsonDurbin.xml
3 ms. Memory: 1360896K Free: 922248K (68%)
----------------- Invoking toplevel() on ptolemy.moml.MoMLSimpleApplication@52a830c2
----------------- Done invoking toplevel() on ptolemy.moml.MoMLSimpleApplication@52a830c2
reloadAllAccessors: .LevinsonDurbin

===========================================================================================
----------------- testing Sat Jun 02 17:41:20 UTC 2018 /home/travis/build/icyphy/ptII/ptolemy/actor/lib/test/auto/LevinsonDurbin2.xml
----------------- Instantiating /home/travis/build/icyphy/ptII/ptolemy/actor/lib/test/auto/LevinsonDurbin2.xml
3 ms. Memory: 1360896K Free: 909806K (67%)
----------------- Invoking toplevel() on ptolemy.moml.MoMLSimpleApplication@323cb633
----------------- Done invoking toplevel() on ptolemy.moml.MoMLSimpleApplication@323cb633
reloadAllAccessors: .LevinsonDurbin2

===========================================================================================
----------------- testing Sat Jun 02 17:41:20 UTC 2018 /home/travis/build/icyphy/ptII/ptolemy/actor/lib/test/auto/LevinsonDurbin3.xml
----------------- Instantiating /home/travis/build/icyphy/ptII/ptolemy/actor/lib/test/auto/LevinsonDurbin3.xml
2 ms. Memory: 1360896K Free: 890216K (65%)
----------------- Invoking toplevel() on ptolemy.moml.MoMLSimpleApplication@8ee18c
----------------- Done invoking toplevel() on ptolemy.moml.MoMLSimpleApplication@8ee18c
reloadAllAccessors: .LevinsonDurbin3

===========================================================================================
----------------- testing Sat Jun 02 17:41:20 UTC 2018 /home/travis/build/icyphy/ptII/ptolemy/actor/lib/test/auto/Limiter.xml
----------------- Instantiating /home/travis/build/icyphy/ptII/ptolemy/actor/lib/test/auto/Limiter.xml
3 ms. Memory: 1360896K Free: 871546K (64%)
----------------- Invoking toplevel() on ptolemy.moml.MoMLSimpleApplication@2c1e4257
----------------- Done invoking toplevel() on ptolemy.moml.MoMLSimpleApplication@2c1e4257
reloadAllAccessors: .Limiter

===========================================================================================
----------------- testing Sat Jun 02 17:41:20 UTC 2018 /home/travis/build/icyphy/ptII/ptolemy/actor/lib/test/auto/LinearDifferenceEquationSystem.xml
----------------- Instantiating /home/travis/build/icyphy/ptII/ptolemy/actor/lib/test/auto/LinearDifferenceEquationSystem.xml
4 ms. Memory: 1360896K Free: 859104K (63%)
----------------- Invoking toplevel() on ptolemy.moml.MoMLSimpleApplication@b4d7bf8
----------------- Done invoking toplevel() on ptolemy.moml.MoMLSimpleApplication@b4d7bf8
reloadAllAccessors: .LinearDifferenceEquationSystem

===========================================================================================
----------------- testing Sat Jun 02 17:41:20 UTC 2018 /home/travis/build/icyphy/ptII/ptolemy/actor/lib/test/auto/LookupTable.xml
----------------- Instantiating /home/travis/build/icyphy/ptII/ptolemy/actor/lib/test/auto/LookupTable.xml
1 ms. Memory: 1360896K Free: 839514K (62%)
----------------- Invoking toplevel() on ptolemy.moml.MoMLSimpleApplication@774c95b3
----------------- Done invoking toplevel() on ptolemy.moml.MoMLSimpleApplication@774c95b3
reloadAllAccessors: .LookupTable

===========================================================================================
----------------- testing Sat Jun 02 17:41:20 UTC 2018 /home/travis/build/icyphy/ptII/ptolemy/actor/lib/test/auto/MathFunction.xml
----------------- Instantiating /home/travis/build/icyphy/ptII/ptolemy/actor/lib/test/auto/MathFunction.xml
4 ms. Memory: 1360896K Free: 827072K (61%)
----------------- Invoking toplevel() on ptolemy.moml.MoMLSimpleApplication@2df48068
----------------- Done invoking toplevel() on ptolemy.moml.MoMLSimpleApplication@2df48068
reloadAllAccessors: .MathFunction

===========================================================================================
----------------- testing Sat Jun 02 17:41:20 UTC 2018 /home/travis/build/icyphy/ptII/ptolemy/actor/lib/test/auto/MathFunction2.xml
----------------- Instantiating /home/travis/build/icyphy/ptII/ptolemy/actor/lib/test/auto/MathFunction2.xml
4 ms. Memory: 1360896K Free: 814631K (60%)
----------------- Invoking toplevel() on ptolemy.moml.MoMLSimpleApplication@17013bc
----------------- Done invoking toplevel() on ptolemy.moml.MoMLSimpleApplication@17013bc
reloadAllAccessors: .MathFunction2

===========================================================================================
----------------- testing Sat Jun 02 17:41:20 UTC 2018 /home/travis/build/icyphy/ptII/ptolemy/actor/lib/test/auto/MathFunction3.xml
----------------- Instantiating /home/travis/build/icyphy/ptII/ptolemy/actor/lib/test/auto/MathFunction3.xml
2 ms. Memory: 1360896K Free: 795041K (58%)
----------------- Invoking toplevel() on ptolemy.moml.MoMLSimpleApplication@3b508843
----------------- Done invoking toplevel() on ptolemy.moml.MoMLSimpleApplication@3b508843
reloadAllAccessors: .MathFunction3

===========================================================================================
----------------- testing Sat Jun 02 17:41:20 UTC 2018 /home/travis/build/icyphy/ptII/ptolemy/actor/lib/test/auto/MatrixCropBoolean.xml
----------------- Instantiating /home/travis/build/icyphy/ptII/ptolemy/actor/lib/test/auto/MatrixCropBoolean.xml
2 ms. Memory: 1360896K Free: 782599K (58%)
----------------- Invoking toplevel() on ptolemy.moml.MoMLSimpleApplication@a275bfc
----------------- Done invoking toplevel() on ptolemy.moml.MoMLSimpleApplication@a275bfc
reloadAllAccessors: .MatrixCropBoolean

===========================================================================================
----------------- testing Sat Jun 02 17:41:20 UTC 2018 /home/travis/build/icyphy/ptII/ptolemy/actor/lib/test/auto/MatrixCropComplex.xml
----------------- Instantiating /home/travis/build/icyphy/ptII/ptolemy/actor/lib/test/auto/MatrixCropComplex.xml
2 ms. Memory: 1360896K Free: 770157K (57%)
----------------- Invoking toplevel() on ptolemy.moml.MoMLSimpleApplication@5d77f154
----------------- Done invoking toplevel() on ptolemy.moml.MoMLSimpleApplication@5d77f154
reloadAllAccessors: .MatrixCropComplex

===========================================================================================
----------------- testing Sat Jun 02 17:41:20 UTC 2018 /home/travis/build/icyphy/ptII/ptolemy/actor/lib/test/auto/MatrixCropDouble.xml
----------------- Instantiating /home/travis/build/icyphy/ptII/ptolemy/actor/lib/test/auto/MatrixCropDouble.xml
2 ms. Memory: 1360896K Free: 750567K (55%)
----------------- Invoking toplevel() on ptolemy.moml.MoMLSimpleApplication@22dbf940
----------------- Done invoking toplevel() on ptolemy.moml.MoMLSimpleApplication@22dbf940
reloadAllAccessors: .MatrixCropDouble

===========================================================================================
----------------- testing Sat Jun 02 17:41:20 UTC 2018 /home/travis/build/icyphy/ptII/ptolemy/actor/lib/test/auto/MatrixCropFix.xml
----------------- Instantiating /home/travis/build/icyphy/ptII/ptolemy/actor/lib/test/auto/MatrixCropFix.xml
1 ms. Memory: 1360896K Free: 738126K (54%)
----------------- Invoking toplevel() on ptolemy.moml.MoMLSimpleApplication@aaf3b6c
----------------- Done invoking toplevel() on ptolemy.moml.MoMLSimpleApplication@aaf3b6c
reloadAllAccessors: .MatrixCropFix

===========================================================================================
----------------- testing Sat Jun 02 17:41:20 UTC 2018 /home/travis/build/icyphy/ptII/ptolemy/actor/lib/test/auto/MatrixCropInt.xml
----------------- Instantiating /home/travis/build/icyphy/ptII/ptolemy/actor/lib/test/auto/MatrixCropInt.xml
2 ms. Memory: 1360896K Free: 725684K (53%)
----------------- Invoking toplevel() on ptolemy.moml.MoMLSimpleApplication@25e49841
----------------- Done invoking toplevel() on ptolemy.moml.MoMLSimpleApplication@25e49841
reloadAllAccessors: .MatrixCropInt

===========================================================================================
----------------- testing Sat Jun 02 17:41:20 UTC 2018 /home/travis/build/icyphy/ptII/ptolemy/actor/lib/test/auto/MatrixCropLong.xml
----------------- Instantiating /home/travis/build/icyphy/ptII/ptolemy/actor/lib/test/auto/MatrixCropLong.xml
1 ms. Memory: 1360896K Free: 706094K (52%)
----------------- Invoking toplevel() on ptolemy.moml.MoMLSimpleApplication@93fde79
----------------- Done invoking toplevel() on ptolemy.moml.MoMLSimpleApplication@93fde79
reloadAllAccessors: .MatrixCropLong

===========================================================================================
----------------- testing Sat Jun 02 17:41:20 UTC 2018 /home/travis/build/icyphy/ptII/ptolemy/actor/lib/test/auto/MatrixToArray.xml
----------------- Instantiating /home/travis/build/icyphy/ptII/ptolemy/actor/lib/test/auto/MatrixToArray.xml
10 ms. Memory: 1360896K Free: 681187K (50%)
----------------- Invoking toplevel() on ptolemy.moml.MoMLSimpleApplication@19a8d69d
----------------- Done invoking toplevel() on ptolemy.moml.MoMLSimpleApplication@19a8d69d
reloadAllAccessors: .MatrixToArray

===========================================================================================
----------------- testing Sat Jun 02 17:41:20 UTC 2018 /home/travis/build/icyphy/ptII/ptolemy/actor/lib/test/auto/MaxIndex.xml
----------------- Instantiating /home/travis/build/icyphy/ptII/ptolemy/actor/lib/test/auto/MaxIndex.xml
2 ms. Memory: 1360896K Free: 668745K (49%)
----------------- Invoking toplevel() on ptolemy.moml.MoMLSimpleApplication@3d1067cc
----------------- Done invoking toplevel() on ptolemy.moml.MoMLSimpleApplication@3d1067cc
reloadAllAccessors: .MaxIndex

===========================================================================================
----------------- testing Sat Jun 02 17:41:20 UTC 2018 /home/travis/build/icyphy/ptII/ptolemy/actor/lib/test/auto/Maximum.xml
----------------- Instantiating /home/travis/build/icyphy/ptII/ptolemy/actor/lib/test/auto/Maximum.xml
2 ms. Memory: 1360896K Free: 649155K (48%)
----------------- Invoking toplevel() on ptolemy.moml.MoMLSimpleApplication@180162c7
----------------- Done invoking toplevel() on ptolemy.moml.MoMLSimpleApplication@180162c7
reloadAllAccessors: .Maximum

===========================================================================================
----------------- testing Sat Jun 02 17:41:20 UTC 2018 /home/travis/build/icyphy/ptII/ptolemy/actor/lib/test/auto/MaximumComplex.xml
----------------- Instantiating /home/travis/build/icyphy/ptII/ptolemy/actor/lib/test/auto/MaximumComplex.xml
3 ms. Memory: 1360896K Free: 636714K (47%)
----------------- Invoking toplevel() on ptolemy.moml.MoMLSimpleApplication@796500e5
----------------- Done invoking toplevel() on ptolemy.moml.MoMLSimpleApplication@796500e5
reloadAllAccessors: .MaximumComplex

===========================================================================================
----------------- testing Sat Jun 02 17:41:20 UTC 2018 /home/travis/build/icyphy/ptII/ptolemy/actor/lib/test/auto/MethodCallTest.xml
----------------- Instantiating /home/travis/build/icyphy/ptII/ptolemy/actor/lib/test/auto/MethodCallTest.xml
1 ms. Memory: 1360896K Free: 624272K (46%)
----------------- Invoking toplevel() on ptolemy.moml.MoMLSimpleApplication@61654781
----------------- Done invoking toplevel() on ptolemy.moml.MoMLSimpleApplication@61654781
reloadAllAccessors: .MethodCallTest

===========================================================================================
----------------- testing Sat Jun 02 17:41:20 UTC 2018 /home/travis/build/icyphy/ptII/ptolemy/actor/lib/test/auto/Minimum.xml
----------------- Instantiating /home/travis/build/icyphy/ptII/ptolemy/actor/lib/test/auto/Minimum.xml
1 ms. Memory: 1360896K Free: 604682K (44%)
----------------- Invoking toplevel() on ptolemy.moml.MoMLSimpleApplication@4f352e49
----------------- Done invoking toplevel() on ptolemy.moml.MoMLSimpleApplication@4f352e49
reloadAllAccessors: .Minimum

===========================================================================================
----------------- testing Sat Jun 02 17:41:20 UTC 2018 /home/travis/build/icyphy/ptII/ptolemy/actor/lib/test/auto/MinimumComplex.xml
----------------- Instantiating /home/travis/build/icyphy/ptII/ptolemy/actor/lib/test/auto/MinimumComplex.xml
2 ms. Memory: 1360896K Free: 592240K (44%)
----------------- Invoking toplevel() on ptolemy.moml.MoMLSimpleApplication@3d835e76
----------------- Done invoking toplevel() on ptolemy.moml.MoMLSimpleApplication@3d835e76
reloadAllAccessors: .MinimumComplex

===========================================================================================
----------------- testing Sat Jun 02 17:41:20 UTC 2018 /home/travis/build/icyphy/ptII/ptolemy/actor/lib/test/auto/MinimumMultiports.xml
----------------- Instantiating /home/travis/build/icyphy/ptII/ptolemy/actor/lib/test/auto/MinimumMultiports.xml
3 ms. Memory: 1360896K Free: 572650K (42%)
----------------- Invoking toplevel() on ptolemy.moml.MoMLSimpleApplication@3fe3725e
----------------- Done invoking toplevel() on ptolemy.moml.MoMLSimpleApplication@3fe3725e
reloadAllAccessors: .MinimumMultiports

===========================================================================================
----------------- testing Sat Jun 02 17:41:20 UTC 2018 /home/travis/build/icyphy/ptII/ptolemy/actor/lib/test/auto/ModifyDate.xml
----------------- Instantiating /home/travis/build/icyphy/ptII/ptolemy/actor/lib/test/auto/ModifyDate.xml
4 ms. Memory: 1360896K Free: 553972K (41%)
----------------- Invoking toplevel() on ptolemy.moml.MoMLSimpleApplication@4e824e16
----------------- Done invoking toplevel() on ptolemy.moml.MoMLSimpleApplication@4e824e16
reloadAllAccessors: .ModifyDate

===========================================================================================
----------------- testing Sat Jun 02 17:41:20 UTC 2018 /home/travis/build/icyphy/ptII/ptolemy/actor/lib/test/auto/ModifyDate2.xml
----------------- Instantiating /home/travis/build/icyphy/ptII/ptolemy/actor/lib/test/auto/ModifyDate2.xml
2 ms. Memory: 1360896K Free: 535309K (39%)
----------------- Invoking toplevel() on ptolemy.moml.MoMLSimpleApplication@5b98dba0
----------------- Done invoking toplevel() on ptolemy.moml.MoMLSimpleApplication@5b98dba0
reloadAllAccessors: .ModifyDate2

===========================================================================================
----------------- testing Sat Jun 02 17:41:20 UTC 2018 /home/travis/build/icyphy/ptII/ptolemy/actor/lib/test/auto/MovingAverage.xml
----------------- Instantiating /home/travis/build/icyphy/ptII/ptolemy/actor/lib/test/auto/MovingAverage.xml
2 ms. Memory: 1360896K Free: 515719K (38%)
----------------- Invoking toplevel() on ptolemy.moml.MoMLSimpleApplication@57dedfae
----------------- Done invoking toplevel() on ptolemy.moml.MoMLSimpleApplication@57dedfae
reloadAllAccessors: .MovingAverage

===========================================================================================
----------------- testing Sat Jun 02 17:41:20 UTC 2018 /home/travis/build/icyphy/ptII/ptolemy/actor/lib/test/auto/MovingMaximum.xml
----------------- Instantiating /home/travis/build/icyphy/ptII/ptolemy/actor/lib/test/auto/MovingMaximum.xml
2 ms. Memory: 1360896K Free: 503278K (37%)
----------------- Invoking toplevel() on ptolemy.moml.MoMLSimpleApplication@3265d361
----------------- Done invoking toplevel() on ptolemy.moml.MoMLSimpleApplication@3265d361
reloadAllAccessors: .MovingMaximum

===========================================================================================
----------------- testing Sat Jun 02 17:41:20 UTC 2018 /home/travis/build/icyphy/ptII/ptolemy/actor/lib/test/auto/MultipleLinksToSameRelation.xml
----------------- Instantiating /home/travis/build/icyphy/ptII/ptolemy/actor/lib/test/auto/MultipleLinksToSameRelation.xml
2 ms. Memory: 1360896K Free: 490836K (36%)
----------------- Invoking toplevel() on ptolemy.moml.MoMLSimpleApplication@5c58b955
----------------- Done invoking toplevel() on ptolemy.moml.MoMLSimpleApplication@5c58b955
reloadAllAccessors: .MultipleLinksToSameRelation

===========================================================================================
----------------- testing Sat Jun 02 17:41:20 UTC 2018 /home/travis/build/icyphy/ptII/ptolemy/actor/lib/test/auto/MultipleLinksToSameRelationDE.xml
----------------- Instantiating /home/travis/build/icyphy/ptII/ptolemy/actor/lib/test/auto/MultipleLinksToSameRelationDE.xml
1 ms. Memory: 1360896K Free: 471246K (35%)
----------------- Invoking toplevel() on ptolemy.moml.MoMLSimpleApplication@57bd0024
----------------- Done invoking toplevel() on ptolemy.moml.MoMLSimpleApplication@57bd0024
reloadAllAccessors: .MultipleLinksToSameRelationDE

===========================================================================================
----------------- testing Sat Jun 02 17:41:20 UTC 2018 /home/travis/build/icyphy/ptII/ptolemy/actor/lib/test/auto/Multiplexor.xml
----------------- Instantiating /home/travis/build/icyphy/ptII/ptolemy/actor/lib/test/auto/Multiplexor.xml
2 ms. Memory: 1360896K Free: 458804K (34%)
----------------- Invoking toplevel() on ptolemy.moml.MoMLSimpleApplication@556153fc
----------------- Done invoking toplevel() on ptolemy.moml.MoMLSimpleApplication@556153fc
reloadAllAccessors: .Multiplexor

===========================================================================================
----------------- testing Sat Jun 02 17:41:20 UTC 2018 /home/travis/build/icyphy/ptII/ptolemy/actor/lib/test/auto/Multiplexor1.xml
----------------- Instantiating /home/travis/build/icyphy/ptII/ptolemy/actor/lib/test/auto/Multiplexor1.xml
3 ms. Memory: 1360896K Free: 446363K (33%)
----------------- Invoking toplevel() on ptolemy.moml.MoMLSimpleApplication@4635d2dd
----------------- Done invoking toplevel() on ptolemy.moml.MoMLSimpleApplication@4635d2dd
reloadAllAccessors: .Multiplexor1

===========================================================================================
----------------- testing Sat Jun 02 17:41:20 UTC 2018 /home/travis/build/icyphy/ptII/ptolemy/actor/lib/test/auto/Multiplexor2.xml
----------------- Instantiating /home/travis/build/icyphy/ptII/ptolemy/actor/lib/test/auto/Multiplexor2.xml
3 ms. Memory: 1360896K Free: 426773K (31%)
----------------- Invoking toplevel() on ptolemy.moml.MoMLSimpleApplication@24c619f0
----------------- Done invoking toplevel() on ptolemy.moml.MoMLSimpleApplication@24c619f0
reloadAllAccessors: .Multiplexor2

===========================================================================================
----------------- testing Sat Jun 02 17:41:20 UTC 2018 /home/travis/build/icyphy/ptII/ptolemy/actor/lib/test/auto/Multiplexor3.xml
----------------- Instantiating /home/travis/build/icyphy/ptII/ptolemy/actor/lib/test/auto/Multiplexor3.xml
2 ms. Memory: 1360896K Free: 414331K (30%)
----------------- Invoking toplevel() on ptolemy.moml.MoMLSimpleApplication@6fcd5fc4
----------------- Done invoking toplevel() on ptolemy.moml.MoMLSimpleApplication@6fcd5fc4
reloadAllAccessors: .Multiplexor3

===========================================================================================
----------------- testing Sat Jun 02 17:41:20 UTC 2018 /home/travis/build/icyphy/ptII/ptolemy/actor/lib/test/auto/MultiplexorDE.xml
----------------- Instantiating /home/travis/build/icyphy/ptII/ptolemy/actor/lib/test/auto/MultiplexorDE.xml
2 ms. Memory: 1360896K Free: 401890K (30%)
----------------- Invoking toplevel() on ptolemy.moml.MoMLSimpleApplication@3487bd32
----------------- Done invoking toplevel() on ptolemy.moml.MoMLSimpleApplication@3487bd32
reloadAllAccessors: .MultiplexorDE

===========================================================================================
----------------- testing Sat Jun 02 17:41:20 UTC 2018 /home/travis/build/icyphy/ptII/ptolemy/actor/lib/test/auto/MultiportBroadcastTest.xml
----------------- Instantiating /home/travis/build/icyphy/ptII/ptolemy/actor/lib/test/auto/MultiportBroadcastTest.xml
76 ms. Memory: 1360896K Free: 382299K (28%)
----------------- Invoking toplevel() on ptolemy.moml.MoMLSimpleApplication@155e9297
----------------- Done invoking toplevel() on ptolemy.moml.MoMLSimpleApplication@155e9297
reloadAllAccessors: .MultiportBroadcastTest

===========================================================================================
----------------- testing Sat Jun 02 17:41:20 UTC 2018 /home/travis/build/icyphy/ptII/ptolemy/actor/lib/test/auto/MultiportOutHangDuringGetWidth.xml
----------------- Instantiating /home/travis/build/icyphy/ptII/ptolemy/actor/lib/test/auto/MultiportOutHangDuringGetWidth.xml
8 ms. Memory: 1360896K Free: 363637K (27%)
----------------- Invoking toplevel() on ptolemy.moml.MoMLSimpleApplication@187caaa3
----------------- Done invoking toplevel() on ptolemy.moml.MoMLSimpleApplication@187caaa3
reloadAllAccessors: .MultiportOutHangDuringGetWidth

===========================================================================================
----------------- testing Sat Jun 02 17:41:20 UTC 2018 /home/travis/build/icyphy/ptII/ptolemy/actor/lib/test/auto/NilToken.xml
----------------- Instantiating /home/travis/build/icyphy/ptII/ptolemy/actor/lib/test/auto/NilToken.xml
2 ms. Memory: 1360896K Free: 351195K (26%)
----------------- Invoking toplevel() on ptolemy.moml.MoMLSimpleApplication@2887775a
----------------- Done invoking toplevel() on ptolemy.moml.MoMLSimpleApplication@2887775a
reloadAllAccessors: .NilToken

===========================================================================================
----------------- testing Sat Jun 02 17:41:20 UTC 2018 /home/travis/build/icyphy/ptII/ptolemy/actor/lib/test/auto/NilTokenNonStrictTest.xml
----------------- Instantiating /home/travis/build/icyphy/ptII/ptolemy/actor/lib/test/auto/NilTokenNonStrictTest.xml
2 ms. Memory: 1360896K Free: 331605K (24%)
----------------- Invoking toplevel() on ptolemy.moml.MoMLSimpleApplication@15dde3ff
----------------- Done invoking toplevel() on ptolemy.moml.MoMLSimpleApplication@15dde3ff
reloadAllAccessors: .NilTokenNonStrictTest

===========================================================================================
----------------- testing Sat Jun 02 17:41:20 UTC 2018 /home/travis/build/icyphy/ptII/ptolemy/actor/lib/test/auto/NilTokenRecord.xml
----------------- Instantiating /home/travis/build/icyphy/ptII/ptolemy/actor/lib/test/auto/NilTokenRecord.xml
4 ms. Memory: 1360896K Free: 319163K (23%)
----------------- Invoking toplevel() on ptolemy.moml.MoMLSimpleApplication@2ab13347
----------------- Done invoking toplevel() on ptolemy.moml.MoMLSimpleApplication@2ab13347
reloadAllAccessors: .NilTokenRecord

===========================================================================================
----------------- testing Sat Jun 02 17:41:20 UTC 2018 /home/travis/build/icyphy/ptII/ptolemy/actor/lib/test/auto/NilTokenTypeTest.xml
----------------- Instantiating /home/travis/build/icyphy/ptII/ptolemy/actor/lib/test/auto/NilTokenTypeTest.xml
3 ms. Memory: 1360896K Free: 300501K (22%)
----------------- Invoking toplevel() on ptolemy.moml.MoMLSimpleApplication@2d86a921
----------------- Done invoking toplevel() on ptolemy.moml.MoMLSimpleApplication@2d86a921
reloadAllAccessors: .NilTokenTypeTest

===========================================================================================
----------------- testing Sat Jun 02 17:41:20 UTC 2018 /home/travis/build/icyphy/ptII/ptolemy/actor/lib/test/auto/ObjectToken1.xml
----------------- Instantiating /home/travis/build/icyphy/ptII/ptolemy/actor/lib/test/auto/ObjectToken1.xml
1 ms. Memory: 1360896K Free: 280911K (21%)
----------------- Invoking toplevel() on ptolemy.moml.MoMLSimpleApplication@387456cc
----------------- Done invoking toplevel() on ptolemy.moml.MoMLSimpleApplication@387456cc
reloadAllAccessors: .ObjectToken1

===========================================================================================
----------------- testing Sat Jun 02 17:41:20 UTC 2018 /home/travis/build/icyphy/ptII/ptolemy/actor/lib/test/auto/OrderedMerge.xml
----------------- Instantiating /home/travis/build/icyphy/ptII/ptolemy/actor/lib/test/auto/OrderedMerge.xml
8 ms. Memory: 1360896K Free: 243586K (18%)
----------------- Invoking toplevel() on ptolemy.moml.MoMLSimpleApplication@20827835
----------------- Done invoking toplevel() on ptolemy.moml.MoMLSimpleApplication@20827835
reloadAllAccessors: .OrderedMerge

===========================================================================================
----------------- testing Sat Jun 02 17:41:21 UTC 2018 /home/travis/build/icyphy/ptII/ptolemy/actor/lib/test/auto/OrderedRecordDisassembler.xml
----------------- Instantiating /home/travis/build/icyphy/ptII/ptolemy/actor/lib/test/auto/OrderedRecordDisassembler.xml
2 ms. Memory: 1360896K Free: 231144K (17%)
----------------- Invoking toplevel() on ptolemy.moml.MoMLSimpleApplication@734c5bf9
----------------- Done invoking toplevel() on ptolemy.moml.MoMLSimpleApplication@734c5bf9
reloadAllAccessors: .OrderedRecordDisassembler

===========================================================================================
----------------- testing Sat Jun 02 17:41:21 UTC 2018 /home/travis/build/icyphy/ptII/ptolemy/actor/lib/test/auto/OrderedRecordDisassembler2.xml
----------------- Instantiating /home/travis/build/icyphy/ptII/ptolemy/actor/lib/test/auto/OrderedRecordDisassembler2.xml
3 ms. Memory: 1360896K Free: 211554K (16%)
----------------- Invoking toplevel() on ptolemy.moml.MoMLSimpleApplication@2f6ccf18
----------------- Done invoking toplevel() on ptolemy.moml.MoMLSimpleApplication@2f6ccf18
reloadAllAccessors: .OrderedRecordDisassembler2

===========================================================================================
----------------- testing Sat Jun 02 17:41:21 UTC 2018 /home/travis/build/icyphy/ptII/ptolemy/actor/lib/test/auto/OrderedRecordUpdater.xml
----------------- Instantiating /home/travis/build/icyphy/ptII/ptolemy/actor/lib/test/auto/OrderedRecordUpdater.xml
2 ms. Memory: 1360896K Free: 199113K (15%)
----------------- Invoking toplevel() on ptolemy.moml.MoMLSimpleApplication@2d7e423d
----------------- Done invoking toplevel() on ptolemy.moml.MoMLSimpleApplication@2d7e423d
reloadAllAccessors: .RecordUpdater

===========================================================================================
----------------- testing Sat Jun 02 17:41:21 UTC 2018 /home/travis/build/icyphy/ptII/ptolemy/actor/lib/test/auto/OrderedRecordUpdater2.xml
----------------- Instantiating /home/travis/build/icyphy/ptII/ptolemy/actor/lib/test/auto/OrderedRecordUpdater2.xml
2 ms. Memory: 1360896K Free: 179523K (13%)
----------------- Invoking toplevel() on ptolemy.moml.MoMLSimpleApplication@61b8564
----------------- Done invoking toplevel() on ptolemy.moml.MoMLSimpleApplication@61b8564
reloadAllAccessors: .RecordUpdater2

===========================================================================================
----------------- testing Sat Jun 02 17:41:21 UTC 2018 /home/travis/build/icyphy/ptII/ptolemy/actor/lib/test/auto/PhaseUnwrap.xml
----------------- Instantiating /home/travis/build/icyphy/ptII/ptolemy/actor/lib/test/auto/PhaseUnwrap.xml
1 ms. Memory: 1360896K Free: 167081K (12%)
----------------- Invoking toplevel() on ptolemy.moml.MoMLSimpleApplication@61af6f93
----------------- Done invoking toplevel() on ptolemy.moml.MoMLSimpleApplication@61af6f93
reloadAllAccessors: .PhaseUnwrap

===========================================================================================
----------------- testing Sat Jun 02 17:41:21 UTC 2018 /home/travis/build/icyphy/ptII/ptolemy/actor/lib/test/auto/PoissonClock.xml
----------------- Instantiating /home/travis/build/icyphy/ptII/ptolemy/actor/lib/test/auto/PoissonClock.xml
2 ms. Memory: 1360896K Free: 154639K (11%)
----------------- Invoking toplevel() on ptolemy.moml.MoMLSimpleApplication@6cc8cde5
----------------- Done invoking toplevel() on ptolemy.moml.MoMLSimpleApplication@6cc8cde5
reloadAllAccessors: .PoissonClock

===========================================================================================
----------------- testing Sat Jun 02 17:41:21 UTC 2018 /home/travis/build/icyphy/ptII/ptolemy/actor/lib/test/auto/PoissonClock2.xml
----------------- Instantiating /home/travis/build/icyphy/ptII/ptolemy/actor/lib/test/auto/PoissonClock2.xml
1 ms. Memory: 1360896K Free: 135049K (10%)
----------------- Invoking toplevel() on ptolemy.moml.MoMLSimpleApplication@45e7558f
----------------- Done invoking toplevel() on ptolemy.moml.MoMLSimpleApplication@45e7558f
reloadAllAccessors: .PoissonClock2

===========================================================================================
----------------- testing Sat Jun 02 17:41:21 UTC 2018 /home/travis/build/icyphy/ptII/ptolemy/actor/lib/test/auto/PoissonClock3.xml
----------------- Instantiating /home/travis/build/icyphy/ptII/ptolemy/actor/lib/test/auto/PoissonClock3.xml
2 ms. Memory: 1360896K Free: 122608K (9%)
----------------- Invoking toplevel() on ptolemy.moml.MoMLSimpleApplication@7fdc3030
----------------- Done invoking toplevel() on ptolemy.moml.MoMLSimpleApplication@7fdc3030
reloadAllAccessors: .PoissonClock3

===========================================================================================
----------------- testing Sat Jun 02 17:41:21 UTC 2018 /home/travis/build/icyphy/ptII/ptolemy/actor/lib/test/auto/PubSubWithInitialTokens.xml
----------------- Instantiating /home/travis/build/icyphy/ptII/ptolemy/actor/lib/test/auto/PubSubWithInitialTokens.xml
2 ms. Memory: 1360896K Free: 110166K (8%)
----------------- Invoking toplevel() on ptolemy.moml.MoMLSimpleApplication@1e439756
----------------- Done invoking toplevel() on ptolemy.moml.MoMLSimpleApplication@1e439756
reloadAllAccessors: .PubSubWithInitialTokens

===========================================================================================
----------------- testing Sat Jun 02 17:41:21 UTC 2018 /home/travis/build/icyphy/ptII/ptolemy/actor/lib/test/auto/PubSubWithInitialTokens2.xml
----------------- Instantiating /home/travis/build/icyphy/ptII/ptolemy/actor/lib/test/auto/PubSubWithInitialTokens2.xml
2 ms. Memory: 1360896K Free: 90576K (7%)
----------------- Invoking toplevel() on ptolemy.moml.MoMLSimpleApplication@528ef6e2
----------------- Done invoking toplevel() on ptolemy.moml.MoMLSimpleApplication@528ef6e2
reloadAllAccessors: .PubSubWithInitialTokens2

===========================================================================================
----------------- testing Sat Jun 02 17:41:21 UTC 2018 /home/travis/build/icyphy/ptII/ptolemy/actor/lib/test/auto/PublisherClassNoParameter.xml
----------------- Instantiating /home/travis/build/icyphy/ptII/ptolemy/actor/lib/test/auto/PublisherClassNoParameter.xml
8 ms. Memory: 1543168K Free: 1500769K (97%)
----------------- Invoking toplevel() on ptolemy.moml.MoMLSimpleApplication@4b98343b
----------------- Done invoking toplevel() on ptolemy.moml.MoMLSimpleApplication@4b98343b
reloadAllAccessors: .PublisherClassNoParameter

===========================================================================================
----------------- testing Sat Jun 02 17:41:21 UTC 2018 /home/travis/build/icyphy/ptII/ptolemy/actor/lib/test/auto/PublisherClassParameter.xml
----------------- Instantiating /home/travis/build/icyphy/ptII/ptolemy/actor/lib/test/auto/PublisherClassParameter.xml
2 ms. Memory: 1543168K Free: 1468505K (95%)
----------------- Invoking toplevel() on ptolemy.moml.MoMLSimpleApplication@274a13bd
----------------- Done invoking toplevel() on ptolemy.moml.MoMLSimpleApplication@274a13bd
reloadAllAccessors: .PublisherClassParameter

===========================================================================================
----------------- testing Sat Jun 02 17:41:21 UTC 2018 /home/travis/build/icyphy/ptII/ptolemy/actor/lib/test/auto/PublisherNonStrictTest.xml
----------------- Instantiating /home/travis/build/icyphy/ptII/ptolemy/actor/lib/test/auto/PublisherNonStrictTest.xml
2 ms. Memory: 1543168K Free: 1454066K (94%)
----------------- Invoking toplevel() on ptolemy.moml.MoMLSimpleApplication@3caebff4
----------------- Done invoking toplevel() on ptolemy.moml.MoMLSimpleApplication@3caebff4
reloadAllAccessors: .PublisherNonStrictTest

===========================================================================================
----------------- testing Sat Jun 02 17:41:21 UTC 2018 /home/travis/build/icyphy/ptII/ptolemy/actor/lib/test/auto/PublisherPort1.xml
----------------- Instantiating /home/travis/build/icyphy/ptII/ptolemy/actor/lib/test/auto/PublisherPort1.xml
9 ms. Memory: 1543168K Free: 1432703K (93%)
----------------- Invoking toplevel() on ptolemy.moml.MoMLSimpleApplication@6c5c2511
----------------- Done invoking toplevel() on ptolemy.moml.MoMLSimpleApplication@6c5c2511
reloadAllAccessors: .PublisherPort1

===========================================================================================
----------------- testing Sat Jun 02 17:41:21 UTC 2018 /home/travis/build/icyphy/ptII/ptolemy/actor/lib/test/auto/PublisherPort2.xml
----------------- Instantiating /home/travis/build/icyphy/ptII/ptolemy/actor/lib/test/auto/PublisherPort2.xml
1 ms. Memory: 1543168K Free: 1418264K (92%)
----------------- Invoking toplevel() on ptolemy.moml.MoMLSimpleApplication@79abf98d
----------------- Done invoking toplevel() on ptolemy.moml.MoMLSimpleApplication@79abf98d
reloadAllAccessors: .PublisherPort2

===========================================================================================
----------------- testing Sat Jun 02 17:41:21 UTC 2018 /home/travis/build/icyphy/ptII/ptolemy/actor/lib/test/auto/PublisherPort3.xml
----------------- Instantiating /home/travis/build/icyphy/ptII/ptolemy/actor/lib/test/auto/PublisherPort3.xml
3 ms. Memory: 1543168K Free: 1403826K (91%)
----------------- Invoking toplevel() on ptolemy.moml.MoMLSimpleApplication@4988b4ab
----------------- Done invoking toplevel() on ptolemy.moml.MoMLSimpleApplication@4988b4ab
reloadAllAccessors: .PublisherPort3

===========================================================================================
----------------- testing Sat Jun 02 17:41:21 UTC 2018 /home/travis/build/icyphy/ptII/ptolemy/actor/lib/test/auto/PublisherPort4.xml
----------------- Instantiating /home/travis/build/icyphy/ptII/ptolemy/actor/lib/test/auto/PublisherPort4.xml
2 ms. Memory: 1543168K Free: 1382462K (90%)
----------------- Invoking toplevel() on ptolemy.moml.MoMLSimpleApplication@5ce3f47
----------------- Done invoking toplevel() on ptolemy.moml.MoMLSimpleApplication@5ce3f47
reloadAllAccessors: .PublisherPort4

===========================================================================================
----------------- testing Sat Jun 02 17:41:21 UTC 2018 /home/travis/build/icyphy/ptII/ptolemy/actor/lib/test/auto/PublisherPort5.xml
----------------- Instantiating /home/travis/build/icyphy/ptII/ptolemy/actor/lib/test/auto/PublisherPort5.xml
3 ms. Memory: 1543168K Free: 1368024K (89%)
----------------- Invoking toplevel() on ptolemy.moml.MoMLSimpleApplication@2ae2e057
----------------- Done invoking toplevel() on ptolemy.moml.MoMLSimpleApplication@2ae2e057
reloadAllAccessors: .PublisherPort5

===========================================================================================
----------------- testing Sat Jun 02 17:41:21 UTC 2018 /home/travis/build/icyphy/ptII/ptolemy/actor/lib/test/auto/PublisherPort5LookAlike.xml
----------------- Instantiating /home/travis/build/icyphy/ptII/ptolemy/actor/lib/test/auto/PublisherPort5LookAlike.xml
3 ms. Memory: 1543168K Free: 1353459K (88%)
----------------- Invoking toplevel() on ptolemy.moml.MoMLSimpleApplication@2fe5fbc
----------------- Done invoking toplevel() on ptolemy.moml.MoMLSimpleApplication@2fe5fbc
reloadAllAccessors: .PublisherPort5LookAlike

===========================================================================================
----------------- testing Sat Jun 02 17:41:21 UTC 2018 /home/travis/build/icyphy/ptII/ptolemy/actor/lib/test/auto/PublisherPort6.xml
----------------- Instantiating /home/travis/build/icyphy/ptII/ptolemy/actor/lib/test/auto/PublisherPort6.xml
2 ms. Memory: 1543168K Free: 1332096K (86%)
----------------- Invoking toplevel() on ptolemy.moml.MoMLSimpleApplication@6c685960
----------------- Done invoking toplevel() on ptolemy.moml.MoMLSimpleApplication@6c685960
reloadAllAccessors: .PublisherPort6

===========================================================================================
----------------- testing Sat Jun 02 17:41:21 UTC 2018 /home/travis/build/icyphy/ptII/ptolemy/actor/lib/test/auto/PublisherPort7.xml
----------------- Instantiating /home/travis/build/icyphy/ptII/ptolemy/actor/lib/test/auto/PublisherPort7.xml
3 ms. Memory: 1543168K Free: 1317657K (85%)
----------------- Invoking toplevel() on ptolemy.moml.MoMLSimpleApplication@4049710
----------------- Done invoking toplevel() on ptolemy.moml.MoMLSimpleApplication@4049710
reloadAllAccessors: .PublisherPort7

===========================================================================================
----------------- testing Sat Jun 02 17:41:21 UTC 2018 /home/travis/build/icyphy/ptII/ptolemy/actor/lib/test/auto/PublisherPort8.xml
----------------- Instantiating /home/travis/build/icyphy/ptII/ptolemy/actor/lib/test/auto/PublisherPort8.xml
3 ms. Memory: 1543168K Free: 1303219K (84%)
----------------- Invoking toplevel() on ptolemy.moml.MoMLSimpleApplication@423164b5
----------------- Done invoking toplevel() on ptolemy.moml.MoMLSimpleApplication@423164b5
reloadAllAccessors: .PublisherPort8

===========================================================================================
----------------- testing Sat Jun 02 17:41:21 UTC 2018 /home/travis/build/icyphy/ptII/ptolemy/actor/lib/test/auto/PublisherPortSubscriberChannelVariablesAOC2.xml
----------------- Instantiating /home/travis/build/icyphy/ptII/ptolemy/actor/lib/test/auto/PublisherPortSubscriberChannelVariablesAOC2.xml
3 ms. Memory: 1543168K Free: 1267385K (82%)
----------------- Invoking toplevel() on ptolemy.moml.MoMLSimpleApplication@1bd1e7ab
----------------- Done invoking toplevel() on ptolemy.moml.MoMLSimpleApplication@1bd1e7ab
reloadAllAccessors: .PublisherPortSubscriberChannelVariablesAOC2

===========================================================================================
----------------- testing Sat Jun 02 17:41:21 UTC 2018 /home/travis/build/icyphy/ptII/ptolemy/actor/lib/test/auto/PublisherPortSubscriberOpaqueWidthInference.xml
----------------- Instantiating /home/travis/build/icyphy/ptII/ptolemy/actor/lib/test/auto/PublisherPortSubscriberOpaqueWidthInference.xml
3 ms. Memory: 1543168K Free: 1252946K (81%)
----------------- Invoking toplevel() on ptolemy.moml.MoMLSimpleApplication@364fed17
----------------- Done invoking toplevel() on ptolemy.moml.MoMLSimpleApplication@364fed17
reloadAllAccessors: .PublisherPortSubscriberOpaqueWidthInference

===========================================================================================
----------------- testing Sat Jun 02 17:41:21 UTC 2018 /home/travis/build/icyphy/ptII/ptolemy/actor/lib/test/auto/PublisherPortSubscriberPortAdjacent.xml
----------------- Instantiating /home/travis/build/icyphy/ptII/ptolemy/actor/lib/test/auto/PublisherPortSubscriberPortAdjacent.xml
1 ms. Memory: 1543168K Free: 1231583K (80%)
----------------- Invoking toplevel() on ptolemy.moml.MoMLSimpleApplication@21aab67d
----------------- Done invoking toplevel() on ptolemy.moml.MoMLSimpleApplication@21aab67d
reloadAllAccessors: .PublisherPortSubscriberPortAdjacent

===========================================================================================
----------------- testing Sat Jun 02 17:41:21 UTC 2018 /home/travis/build/icyphy/ptII/ptolemy/actor/lib/test/auto/PublisherPortSubscriberPortExpression.xml
----------------- Instantiating /home/travis/build/icyphy/ptII/ptolemy/actor/lib/test/auto/PublisherPortSubscriberPortExpression.xml
3 ms. Memory: 1543168K Free: 1217144K (79%)
----------------- Invoking toplevel() on ptolemy.moml.MoMLSimpleApplication@5202914
----------------- Done invoking toplevel() on ptolemy.moml.MoMLSimpleApplication@5202914
reloadAllAccessors: .PublisherPortSubscriberPortExpression

===========================================================================================
----------------- testing Sat Jun 02 17:41:21 UTC 2018 /home/travis/build/icyphy/ptII/ptolemy/actor/lib/test/auto/PublisherPortSubscriberPortOpaqueD3Reverse.xml
----------------- Instantiating /home/travis/build/icyphy/ptII/ptolemy/actor/lib/test/auto/PublisherPortSubscriberPortOpaqueD3Reverse.xml
5 ms. Memory: 1543168K Free: 1202706K (78%)
----------------- Invoking toplevel() on ptolemy.moml.MoMLSimpleApplication@60662bbd
----------------- Done invoking toplevel() on ptolemy.moml.MoMLSimpleApplication@60662bbd
reloadAllAccessors: .PublisherPortSubscriberPortOpaqueD3Reverse

===========================================================================================
----------------- testing Sat Jun 02 17:41:21 UTC 2018 /home/travis/build/icyphy/ptII/ptolemy/actor/lib/test/auto/PublisherPortSubscriberPortOpaqueWidthInference.xml
----------------- Instantiating /home/travis/build/icyphy/ptII/ptolemy/actor/lib/test/auto/PublisherPortSubscriberPortOpaqueWidthInference.xml
3 ms. Memory: 1543168K Free: 1181342K (77%)
----------------- Invoking toplevel() on ptolemy.moml.MoMLSimpleApplication@7a0f7bbc
----------------- Done invoking toplevel() on ptolemy.moml.MoMLSimpleApplication@7a0f7bbc
reloadAllAccessors: .PublisherPortSubscriberPortOpaqueWidthInference

===========================================================================================
----------------- testing Sat Jun 02 17:41:21 UTC 2018 /home/travis/build/icyphy/ptII/ptolemy/actor/lib/test/auto/PublisherPortToplevelSubscriberPortAOC.xml
----------------- Instantiating /home/travis/build/icyphy/ptII/ptolemy/actor/lib/test/auto/PublisherPortToplevelSubscriberPortAOC.xml
.PublisherPortToplevelSubscriberPortAOC.TestExceptionAttribute: initialize() was not invoked, but wrapup() was.  This is unusual, but not always a problem.  For example, exporting JNLP will do this.
0 ms. Memory: 1543168K Free: 1166904K (76%)
----------------- Invoking toplevel() on ptolemy.moml.MoMLSimpleApplication@1e7c452e
----------------- Done invoking toplevel() on ptolemy.moml.MoMLSimpleApplication@1e7c452e
reloadAllAccessors: .PublisherPortToplevelSubscriberPortAOC

===========================================================================================
----------------- testing Sat Jun 02 17:41:21 UTC 2018 /home/travis/build/icyphy/ptII/ptolemy/actor/lib/test/auto/PublisherSubscriber.xml
----------------- Instantiating /home/travis/build/icyphy/ptII/ptolemy/actor/lib/test/auto/PublisherSubscriber.xml
2 ms. Memory: 1543168K Free: 1152466K (75%)
----------------- Invoking toplevel() on ptolemy.moml.MoMLSimpleApplication@2261d7ce
----------------- Done invoking toplevel() on ptolemy.moml.MoMLSimpleApplication@2261d7ce
reloadAllAccessors: .PublisherSubscriber

===========================================================================================
----------------- testing Sat Jun 02 17:41:21 UTC 2018 /home/travis/build/icyphy/ptII/ptolemy/actor/lib/test/auto/PublisherSubscriber10.xml
----------------- Instantiating /home/travis/build/icyphy/ptII/ptolemy/actor/lib/test/auto/PublisherSubscriber10.xml
4 ms. Memory: 1543168K Free: 1131102K (73%)
----------------- Invoking toplevel() on ptolemy.moml.MoMLSimpleApplication@3bed44f7
----------------- Done invoking toplevel() on ptolemy.moml.MoMLSimpleApplication@3bed44f7
reloadAllAccessors: .PublisherSubscriber10

===========================================================================================
----------------- testing Sat Jun 02 17:41:21 UTC 2018 /home/travis/build/icyphy/ptII/ptolemy/actor/lib/test/auto/PublisherSubscriber10InitialOutputs.xml
----------------- Instantiating /home/travis/build/icyphy/ptII/ptolemy/actor/lib/test/auto/PublisherSubscriber10InitialOutputs.xml
5 ms. Memory: 1543168K Free: 1116663K (72%)
----------------- Invoking toplevel() on ptolemy.moml.MoMLSimpleApplication@2d7ecd8
----------------- Done invoking toplevel() on ptolemy.moml.MoMLSimpleApplication@2d7ecd8
reloadAllAccessors: .PublisherSubscriber10InitialOutputs

===========================================================================================
----------------- testing Sat Jun 02 17:41:21 UTC 2018 /home/travis/build/icyphy/ptII/ptolemy/actor/lib/test/auto/PublisherSubscriber11.xml
----------------- Instantiating /home/travis/build/icyphy/ptII/ptolemy/actor/lib/test/auto/PublisherSubscriber11.xml
7 ms. Memory: 1543168K Free: 1095300K (71%)
----------------- Invoking toplevel() on ptolemy.moml.MoMLSimpleApplication@1c95ee9d
----------------- Done invoking toplevel() on ptolemy.moml.MoMLSimpleApplication@1c95ee9d
reloadAllAccessors: .PublisherSubscriber11

===========================================================================================
----------------- testing Sat Jun 02 17:41:21 UTC 2018 /home/travis/build/icyphy/ptII/ptolemy/actor/lib/test/auto/PublisherSubscriber12.xml
----------------- Instantiating /home/travis/build/icyphy/ptII/ptolemy/actor/lib/test/auto/PublisherSubscriber12.xml
4 ms. Memory: 1543168K Free: 1080861K (70%)
----------------- Invoking toplevel() on ptolemy.moml.MoMLSimpleApplication@766ec902
----------------- Done invoking toplevel() on ptolemy.moml.MoMLSimpleApplication@766ec902
reloadAllAccessors: .PublisherSubscriber12

===========================================================================================
----------------- testing Sat Jun 02 17:41:21 UTC 2018 /home/travis/build/icyphy/ptII/ptolemy/actor/lib/test/auto/PublisherSubscriber13.xml
----------------- Instantiating /home/travis/build/icyphy/ptII/ptolemy/actor/lib/test/auto/PublisherSubscriber13.xml
2 ms. Memory: 1543168K Free: 1066423K (69%)
----------------- Invoking toplevel() on ptolemy.moml.MoMLSimpleApplication@6a70e150
----------------- Done invoking toplevel() on ptolemy.moml.MoMLSimpleApplication@6a70e150
reloadAllAccessors: .PublisherSubscriber13

===========================================================================================
----------------- testing Sat Jun 02 17:41:21 UTC 2018 /home/travis/build/icyphy/ptII/ptolemy/actor/lib/test/auto/PublisherSubscriber14.xml
----------------- Instantiating /home/travis/build/icyphy/ptII/ptolemy/actor/lib/test/auto/PublisherSubscriber14.xml
2 ms. Memory: 1543168K Free: 1045059K (68%)
----------------- Invoking toplevel() on ptolemy.moml.MoMLSimpleApplication@48b727bc
----------------- Done invoking toplevel() on ptolemy.moml.MoMLSimpleApplication@48b727bc
reloadAllAccessors: .PublisherSubscriber14

===========================================================================================
----------------- testing Sat Jun 02 17:41:21 UTC 2018 /home/travis/build/icyphy/ptII/ptolemy/actor/lib/test/auto/PublisherSubscriber2.xml
----------------- Instantiating /home/travis/build/icyphy/ptII/ptolemy/actor/lib/test/auto/PublisherSubscriber2.xml
3 ms. Memory: 1543168K Free: 1030621K (67%)
----------------- Invoking toplevel() on ptolemy.moml.MoMLSimpleApplication@612f5512
----------------- Done invoking toplevel() on ptolemy.moml.MoMLSimpleApplication@612f5512
reloadAllAccessors: .PublisherSubscriber2

===========================================================================================
----------------- testing Sat Jun 02 17:41:21 UTC 2018 /home/travis/build/icyphy/ptII/ptolemy/actor/lib/test/auto/PublisherSubscriber3.xml
----------------- Instantiating /home/travis/build/icyphy/ptII/ptolemy/actor/lib/test/auto/PublisherSubscriber3.xml
1 ms. Memory: 1543168K Free: 1016182K (66%)
----------------- Invoking toplevel() on ptolemy.moml.MoMLSimpleApplication@17c7acb
----------------- Done invoking toplevel() on ptolemy.moml.MoMLSimpleApplication@17c7acb
reloadAllAccessors: .PublisherSubscriber3

===========================================================================================
----------------- testing Sat Jun 02 17:41:21 UTC 2018 /home/travis/build/icyphy/ptII/ptolemy/actor/lib/test/auto/PublisherSubscriber4.xml
----------------- Instantiating /home/travis/build/icyphy/ptII/ptolemy/actor/lib/test/auto/PublisherSubscriber4.xml
1 ms. Memory: 1543168K Free: 994819K (64%)
----------------- Invoking toplevel() on ptolemy.moml.MoMLSimpleApplication@43b506a7
----------------- Done invoking toplevel() on ptolemy.moml.MoMLSimpleApplication@43b506a7
reloadAllAccessors: .PublisherSubscriber4

===========================================================================================
----------------- testing Sat Jun 02 17:41:21 UTC 2018 /home/travis/build/icyphy/ptII/ptolemy/actor/lib/test/auto/PublisherSubscriber5.xml
----------------- Instantiating /home/travis/build/icyphy/ptII/ptolemy/actor/lib/test/auto/PublisherSubscriber5.xml
2 ms. Memory: 1543168K Free: 980380K (64%)
----------------- Invoking toplevel() on ptolemy.moml.MoMLSimpleApplication@5e4e9757
----------------- Done invoking toplevel() on ptolemy.moml.MoMLSimpleApplication@5e4e9757
reloadAllAccessors: .PublisherSubscriber5

===========================================================================================
----------------- testing Sat Jun 02 17:41:21 UTC 2018 /home/travis/build/icyphy/ptII/ptolemy/actor/lib/test/auto/PublisherSubscriber6.xml
----------------- Instantiating /home/travis/build/icyphy/ptII/ptolemy/actor/lib/test/auto/PublisherSubscriber6.xml
3 ms. Memory: 1543168K Free: 965942K (63%)
----------------- Invoking toplevel() on ptolemy.moml.MoMLSimpleApplication@5b621acd
----------------- Done invoking toplevel() on ptolemy.moml.MoMLSimpleApplication@5b621acd
reloadAllAccessors: .PublisherSubscriber6

===========================================================================================
----------------- testing Sat Jun 02 17:41:21 UTC 2018 /home/travis/build/icyphy/ptII/ptolemy/actor/lib/test/auto/PublisherSubscriber7.xml
----------------- Instantiating /home/travis/build/icyphy/ptII/ptolemy/actor/lib/test/auto/PublisherSubscriber7.xml
4 ms. Memory: 1543168K Free: 944578K (61%)
----------------- Invoking toplevel() on ptolemy.moml.MoMLSimpleApplication@7a709d9a
----------------- Done invoking toplevel() on ptolemy.moml.MoMLSimpleApplication@7a709d9a
reloadAllAccessors: .PublisherSubscriber7

===========================================================================================
----------------- testing Sat Jun 02 17:41:21 UTC 2018 /home/travis/build/icyphy/ptII/ptolemy/actor/lib/test/auto/PublisherSubscriber8.xml
----------------- Instantiating /home/travis/build/icyphy/ptII/ptolemy/actor/lib/test/auto/PublisherSubscriber8.xml
14 ms. Memory: 1543168K Free: 857947K (56%)
----------------- Invoking toplevel() on ptolemy.moml.MoMLSimpleApplication@4ea7c09a
----------------- Done invoking toplevel() on ptolemy.moml.MoMLSimpleApplication@4ea7c09a
reloadAllAccessors: .PublisherSubscriber8

===========================================================================================
----------------- testing Sat Jun 02 17:41:21 UTC 2018 /home/travis/build/icyphy/ptII/ptolemy/actor/lib/test/auto/PublisherSubscriber9.xml
----------------- Instantiating /home/travis/build/icyphy/ptII/ptolemy/actor/lib/test/auto/PublisherSubscriber9.xml
2 ms. Memory: 1543168K Free: 836584K (54%)
----------------- Invoking toplevel() on ptolemy.moml.MoMLSimpleApplication@6e17fe91
----------------- Done invoking toplevel() on ptolemy.moml.MoMLSimpleApplication@6e17fe91
reloadAllAccessors: .PublisherSubscriber9

===========================================================================================
----------------- testing Sat Jun 02 17:41:21 UTC 2018 /home/travis/build/icyphy/ptII/ptolemy/actor/lib/test/auto/PublisherSubscriberAdjacent.xml
----------------- Instantiating /home/travis/build/icyphy/ptII/ptolemy/actor/lib/test/auto/PublisherSubscriberAdjacent.xml
1 ms. Memory: 1543168K Free: 822145K (53%)
----------------- Invoking toplevel() on ptolemy.moml.MoMLSimpleApplication@5c366a47
----------------- Done invoking toplevel() on ptolemy.moml.MoMLSimpleApplication@5c366a47
reloadAllAccessors: .PublisherSubscriberAdjacent

===========================================================================================
----------------- testing Sat Jun 02 17:41:21 UTC 2018 /home/travis/build/icyphy/ptII/ptolemy/actor/lib/test/auto/PublisherSubscriberChannelVariablesAOC2.xml
----------------- Instantiating /home/travis/build/icyphy/ptII/ptolemy/actor/lib/test/auto/PublisherSubscriberChannelVariablesAOC2.xml
2 ms. Memory: 1543168K Free: 800472K (52%)
----------------- Invoking toplevel() on ptolemy.moml.MoMLSimpleApplication@6d0ca1f
----------------- Done invoking toplevel() on ptolemy.moml.MoMLSimpleApplication@6d0ca1f
reloadAllAccessors: .PublisherSubscriberChannelVariablesAOC2

===========================================================================================
----------------- testing Sat Jun 02 17:41:21 UTC 2018 /home/travis/build/icyphy/ptII/ptolemy/actor/lib/test/auto/PublisherSubscriberD3.xml
----------------- Instantiating /home/travis/build/icyphy/ptII/ptolemy/actor/lib/test/auto/PublisherSubscriberD3.xml
1 ms. Memory: 1543168K Free: 779108K (50%)
----------------- Invoking toplevel() on ptolemy.moml.MoMLSimpleApplication@637393ba
----------------- Done invoking toplevel() on ptolemy.moml.MoMLSimpleApplication@637393ba
reloadAllAccessors: .PublisherSubscriberD3

===========================================================================================
----------------- testing Sat Jun 02 17:41:21 UTC 2018 /home/travis/build/icyphy/ptII/ptolemy/actor/lib/test/auto/PublisherSubscriberD3Reverse.xml
----------------- Instantiating /home/travis/build/icyphy/ptII/ptolemy/actor/lib/test/auto/PublisherSubscriberD3Reverse.xml
2 ms. Memory: 1543168K Free: 764669K (50%)
----------------- Invoking toplevel() on ptolemy.moml.MoMLSimpleApplication@bc6797b
----------------- Done invoking toplevel() on ptolemy.moml.MoMLSimpleApplication@bc6797b
reloadAllAccessors: .PublisherSubscriberD3Reverse

===========================================================================================
----------------- testing Sat Jun 02 17:41:21 UTC 2018 /home/travis/build/icyphy/ptII/ptolemy/actor/lib/test/auto/PublisherSubscriberExpression.xml
----------------- Instantiating /home/travis/build/icyphy/ptII/ptolemy/actor/lib/test/auto/PublisherSubscriberExpression.xml
4 ms. Memory: 1543168K Free: 750231K (49%)
----------------- Invoking toplevel() on ptolemy.moml.MoMLSimpleApplication@5d0c5ea6
----------------- Done invoking toplevel() on ptolemy.moml.MoMLSimpleApplication@5d0c5ea6
reloadAllAccessors: .PublisherSubscriberExpression

===========================================================================================
----------------- testing Sat Jun 02 17:41:21 UTC 2018 /home/travis/build/icyphy/ptII/ptolemy/actor/lib/test/auto/PublisherSubscriberOpaque.xml
----------------- Instantiating /home/travis/build/icyphy/ptII/ptolemy/actor/lib/test/auto/PublisherSubscriberOpaque.xml
3 ms. Memory: 1543168K Free: 728868K (47%)
----------------- Invoking toplevel() on ptolemy.moml.MoMLSimpleApplication@546b7ef8
----------------- Done invoking toplevel() on ptolemy.moml.MoMLSimpleApplication@546b7ef8
reloadAllAccessors: .PublisherSubscriberOpaque

===========================================================================================
----------------- testing Sat Jun 02 17:41:22 UTC 2018 /home/travis/build/icyphy/ptII/ptolemy/actor/lib/test/auto/PublisherSubscriberOpaqueD3.xml
----------------- Instantiating /home/travis/build/icyphy/ptII/ptolemy/actor/lib/test/auto/PublisherSubscriberOpaqueD3.xml
4 ms. Memory: 1543168K Free: 707209K (46%)
----------------- Invoking toplevel() on ptolemy.moml.MoMLSimpleApplication@45942b2e
----------------- Done invoking toplevel() on ptolemy.moml.MoMLSimpleApplication@45942b2e
reloadAllAccessors: .PublisherSubscriberOpaqueD3

===========================================================================================
----------------- testing Sat Jun 02 17:41:22 UTC 2018 /home/travis/build/icyphy/ptII/ptolemy/actor/lib/test/auto/PublisherSubscriberOpaqueD3Reverse.xml
----------------- Instantiating /home/travis/build/icyphy/ptII/ptolemy/actor/lib/test/auto/PublisherSubscriberOpaqueD3Reverse.xml
6 ms. Memory: 1543168K Free: 685846K (44%)
----------------- Invoking toplevel() on ptolemy.moml.MoMLSimpleApplication@1d5ebcb2
----------------- Done invoking toplevel() on ptolemy.moml.MoMLSimpleApplication@1d5ebcb2
reloadAllAccessors: .PublisherSubscriberOpaqueD3Reverse

===========================================================================================
----------------- testing Sat Jun 02 17:41:22 UTC 2018 /home/travis/build/icyphy/ptII/ptolemy/actor/lib/test/auto/PublisherSubscriberOpaqueWidthInference.xml
----------------- Instantiating /home/travis/build/icyphy/ptII/ptolemy/actor/lib/test/auto/PublisherSubscriberOpaqueWidthInference.xml
4 ms. Memory: 1543168K Free: 671407K (44%)
----------------- Invoking toplevel() on ptolemy.moml.MoMLSimpleApplication@3de96e0e
----------------- Done invoking toplevel() on ptolemy.moml.MoMLSimpleApplication@3de96e0e
reloadAllAccessors: .PublisherSubscriberOpaqueWidthInference

===========================================================================================
----------------- testing Sat Jun 02 17:41:22 UTC 2018 /home/travis/build/icyphy/ptII/ptolemy/actor/lib/test/auto/PublisherTestSubscriber.xml
----------------- Instantiating /home/travis/build/icyphy/ptII/ptolemy/actor/lib/test/auto/PublisherTestSubscriber.xml
2 ms. Memory: 1543168K Free: 656969K (43%)
----------------- Invoking toplevel() on ptolemy.moml.MoMLSimpleApplication@6d4adbd3
----------------- Done invoking toplevel() on ptolemy.moml.MoMLSimpleApplication@6d4adbd3
reloadAllAccessors: .PublisherTestSubscriber

===========================================================================================
----------------- testing Sat Jun 02 17:41:22 UTC 2018 /home/travis/build/icyphy/ptII/ptolemy/actor/lib/test/auto/PublisherToplevelSubscriberPortAOC.xml
----------------- Instantiating /home/travis/build/icyphy/ptII/ptolemy/actor/lib/test/auto/PublisherToplevelSubscriberPortAOC.xml
2 ms. Memory: 1543168K Free: 635605K (41%)
----------------- Invoking toplevel() on ptolemy.moml.MoMLSimpleApplication@75ecf3b3
----------------- Done invoking toplevel() on ptolemy.moml.MoMLSimpleApplication@75ecf3b3
reloadAllAccessors: .PublisherToplevelSubscriberPortAOC

===========================================================================================
----------------- testing Sat Jun 02 17:41:22 UTC 2018 /home/travis/build/icyphy/ptII/ptolemy/actor/lib/test/auto/PulseFiringLimitDE.xml
----------------- Instantiating /home/travis/build/icyphy/ptII/ptolemy/actor/lib/test/auto/PulseFiringLimitDE.xml
1 ms. Memory: 1543168K Free: 621167K (40%)
----------------- Invoking toplevel() on ptolemy.moml.MoMLSimpleApplication@4aa66b9
----------------- Done invoking toplevel() on ptolemy.moml.MoMLSimpleApplication@4aa66b9
reloadAllAccessors: .PulseFiringLimitDE

===========================================================================================
----------------- testing Sat Jun 02 17:41:22 UTC 2018 /home/travis/build/icyphy/ptII/ptolemy/actor/lib/test/auto/Ramp1.xml
----------------- Instantiating /home/travis/build/icyphy/ptII/ptolemy/actor/lib/test/auto/Ramp1.xml
1 ms. Memory: 1543168K Free: 606728K (39%)
----------------- Invoking toplevel() on ptolemy.moml.MoMLSimpleApplication@4be567f6
----------------- Done invoking toplevel() on ptolemy.moml.MoMLSimpleApplication@4be567f6
reloadAllAccessors: .Ramp1

===========================================================================================
----------------- testing Sat Jun 02 17:41:22 UTC 2018 /home/travis/build/icyphy/ptII/ptolemy/actor/lib/test/auto/RampFiringLimitDE.xml
----------------- Instantiating /home/travis/build/icyphy/ptII/ptolemy/actor/lib/test/auto/RampFiringLimitDE.xml
2 ms. Memory: 1543168K Free: 585365K (38%)
----------------- Invoking toplevel() on ptolemy.moml.MoMLSimpleApplication@74050e33
----------------- Done invoking toplevel() on ptolemy.moml.MoMLSimpleApplication@74050e33
reloadAllAccessors: .RampFiringLimitDE

===========================================================================================
----------------- testing Sat Jun 02 17:41:22 UTC 2018 /home/travis/build/icyphy/ptII/ptolemy/actor/lib/test/auto/RampFiringLimitSDF.xml
----------------- Instantiating /home/travis/build/icyphy/ptII/ptolemy/actor/lib/test/auto/RampFiringLimitSDF.xml
2 ms. Memory: 1543168K Free: 570926K (37%)
----------------- Invoking toplevel() on ptolemy.moml.MoMLSimpleApplication@653ac1df
----------------- Done invoking toplevel() on ptolemy.moml.MoMLSimpleApplication@653ac1df
reloadAllAccessors: .RampFiringLimitSDF

===========================================================================================
----------------- testing Sat Jun 02 17:41:22 UTC 2018 /home/travis/build/icyphy/ptII/ptolemy/actor/lib/test/auto/RandomInteger.xml
----------------- Instantiating /home/travis/build/icyphy/ptII/ptolemy/actor/lib/test/auto/RandomInteger.xml
1 ms. Memory: 1543168K Free: 549562K (36%)
----------------- Invoking toplevel() on ptolemy.moml.MoMLSimpleApplication@b8416ae
----------------- Done invoking toplevel() on ptolemy.moml.MoMLSimpleApplication@b8416ae
reloadAllAccessors: .RandomInteger

===========================================================================================
----------------- testing Sat Jun 02 17:41:22 UTC 2018 /home/travis/build/icyphy/ptII/ptolemy/actor/lib/test/auto/ReadFile1.xml
----------------- Instantiating /home/travis/build/icyphy/ptII/ptolemy/actor/lib/test/auto/ReadFile1.xml
2 ms. Memory: 1543168K Free: 535124K (35%)
----------------- Invoking toplevel() on ptolemy.moml.MoMLSimpleApplication@7048cff4
----------------- Done invoking toplevel() on ptolemy.moml.MoMLSimpleApplication@7048cff4
reloadAllAccessors: .ReadFile1

===========================================================================================
----------------- testing Sat Jun 02 17:41:22 UTC 2018 /home/travis/build/icyphy/ptII/ptolemy/actor/lib/test/auto/ReadFile2.xml
----------------- Instantiating /home/travis/build/icyphy/ptII/ptolemy/actor/lib/test/auto/ReadFile2.xml
1 ms. Memory: 1543168K Free: 520686K (34%)
----------------- Invoking toplevel() on ptolemy.moml.MoMLSimpleApplication@56e860d
----------------- Done invoking toplevel() on ptolemy.moml.MoMLSimpleApplication@56e860d
reloadAllAccessors: .ReadFile2

===========================================================================================
----------------- testing Sat Jun 02 17:41:22 UTC 2018 /home/travis/build/icyphy/ptII/ptolemy/actor/lib/test/auto/Reader.xml
----------------- Instantiating /home/travis/build/icyphy/ptII/ptolemy/actor/lib/test/auto/Reader.xml
actor.lib.Reader is obsolete, use actor.lib.io.ExpressionReader instead
6 ms. Memory: 1543168K Free: 499322K (32%)
----------------- Invoking toplevel() on ptolemy.moml.MoMLSimpleApplication@52b40ef8
----------------- Done invoking toplevel() on ptolemy.moml.MoMLSimpleApplication@52b40ef8
reloadAllAccessors: .Reader

===========================================================================================
----------------- testing Sat Jun 02 17:41:22 UTC 2018 /home/travis/build/icyphy/ptII/ptolemy/actor/lib/test/auto/RecordAssemblerDisplayNameTest.xml
----------------- Instantiating /home/travis/build/icyphy/ptII/ptolemy/actor/lib/test/auto/RecordAssemblerDisplayNameTest.xml
2944 ms. Memory: 1580544K Free: 714352K (45%)
----------------- Invoking toplevel() on ptolemy.moml.MoMLSimpleApplication@730a2650
----------------- Done invoking toplevel() on ptolemy.moml.MoMLSimpleApplication@730a2650
reloadAllAccessors: .RecordAssemblerDisplayNameTest

===========================================================================================
----------------- testing Sat Jun 02 17:41:25 UTC 2018 /home/travis/build/icyphy/ptII/ptolemy/actor/lib/test/auto/RecordAssemblerTypeError.xml
----------------- Instantiating /home/travis/build/icyphy/ptII/ptolemy/actor/lib/test/auto/RecordAssemblerTypeError.xml
3 ms. Memory: 1580544K Free: 683119K (43%)
----------------- Invoking toplevel() on ptolemy.moml.MoMLSimpleApplication@3ba3545a
----------------- Done invoking toplevel() on ptolemy.moml.MoMLSimpleApplication@3ba3545a
reloadAllAccessors: .RecordAssemblerTypeError

===========================================================================================
----------------- testing Sat Jun 02 17:41:25 UTC 2018 /home/travis/build/icyphy/ptII/ptolemy/actor/lib/test/auto/RecordDisassember.xml
----------------- Instantiating /home/travis/build/icyphy/ptII/ptolemy/actor/lib/test/auto/RecordDisassember.xml
2 ms. Memory: 1580544K Free: 668476K (42%)
----------------- Invoking toplevel() on ptolemy.moml.MoMLSimpleApplication@7560d412
----------------- Done invoking toplevel() on ptolemy.moml.MoMLSimpleApplication@7560d412
reloadAllAccessors: .RecordDisassember

===========================================================================================
----------------- testing Sat Jun 02 17:41:25 UTC 2018 /home/travis/build/icyphy/ptII/ptolemy/actor/lib/test/auto/RecordDisassemberDisplayNameTest.xml
----------------- Instantiating /home/travis/build/icyphy/ptII/ptolemy/actor/lib/test/auto/RecordDisassemberDisplayNameTest.xml
5 ms. Memory: 1580544K Free: 648309K (41%)
----------------- Invoking toplevel() on ptolemy.moml.MoMLSimpleApplication@1503f0af
----------------- Done invoking toplevel() on ptolemy.moml.MoMLSimpleApplication@1503f0af
reloadAllAccessors: .RecordDisassemberDisplayNameTest

===========================================================================================
----------------- testing Sat Jun 02 17:41:25 UTC 2018 /home/travis/build/icyphy/ptII/ptolemy/actor/lib/test/auto/RecordDisassembler.xml
----------------- Instantiating /home/travis/build/icyphy/ptII/ptolemy/actor/lib/test/auto/RecordDisassembler.xml
2 ms. Memory: 1580544K Free: 633666K (40%)
----------------- Invoking toplevel() on ptolemy.moml.MoMLSimpleApplication@77dea6ee
----------------- Done invoking toplevel() on ptolemy.moml.MoMLSimpleApplication@77dea6ee
reloadAllAccessors: .RecordDisassembler

===========================================================================================
----------------- testing Sat Jun 02 17:41:25 UTC 2018 /home/travis/build/icyphy/ptII/ptolemy/actor/lib/test/auto/RecordDisassembler2.xml
----------------- Instantiating /home/travis/build/icyphy/ptII/ptolemy/actor/lib/test/auto/RecordDisassembler2.xml
2 ms. Memory: 1580544K Free: 613498K (39%)
----------------- Invoking toplevel() on ptolemy.moml.MoMLSimpleApplication@2ebd3163
----------------- Done invoking toplevel() on ptolemy.moml.MoMLSimpleApplication@2ebd3163
reloadAllAccessors: .RecordDisassembler2

===========================================================================================
----------------- testing Sat Jun 02 17:41:25 UTC 2018 /home/travis/build/icyphy/ptII/ptolemy/actor/lib/test/auto/RecordUpdater.xml
----------------- Instantiating /home/travis/build/icyphy/ptII/ptolemy/actor/lib/test/auto/RecordUpdater.xml
1 ms. Memory: 1580544K Free: 598855K (38%)
----------------- Invoking toplevel() on ptolemy.moml.MoMLSimpleApplication@3b11eae2
----------------- Done invoking toplevel() on ptolemy.moml.MoMLSimpleApplication@3b11eae2
reloadAllAccessors: .RecordUpdater

===========================================================================================
----------------- testing Sat Jun 02 17:41:25 UTC 2018 /home/travis/build/icyphy/ptII/ptolemy/actor/lib/test/auto/RecordUpdater2.xml
----------------- Instantiating /home/travis/build/icyphy/ptII/ptolemy/actor/lib/test/auto/RecordUpdater2.xml
2 ms. Memory: 1580544K Free: 578688K (37%)
----------------- Invoking toplevel() on ptolemy.moml.MoMLSimpleApplication@16b22532
----------------- Done invoking toplevel() on ptolemy.moml.MoMLSimpleApplication@16b22532
reloadAllAccessors: .RecordUpdater2

===========================================================================================
----------------- testing Sat Jun 02 17:41:25 UTC 2018 /home/travis/build/icyphy/ptII/ptolemy/actor/lib/test/auto/RecursiveLattice.xml
----------------- Instantiating /home/travis/build/icyphy/ptII/ptolemy/actor/lib/test/auto/RecursiveLattice.xml
1 ms. Memory: 1580544K Free: 564045K (36%)
----------------- Invoking toplevel() on ptolemy.moml.MoMLSimpleApplication@eef8fc1
----------------- Done invoking toplevel() on ptolemy.moml.MoMLSimpleApplication@eef8fc1
reloadAllAccessors: .RecursiveLattice

===========================================================================================
----------------- testing Sat Jun 02 17:41:25 UTC 2018 /home/travis/build/icyphy/ptII/ptolemy/actor/lib/test/auto/Router.xml
----------------- Instantiating /home/travis/build/icyphy/ptII/ptolemy/actor/lib/test/auto/Router.xml
3003 ms. Memory: 1580544K Free: 543878K (34%)
----------------- Invoking toplevel() on ptolemy.moml.MoMLSimpleApplication@554ee82
----------------- Done invoking toplevel() on ptolemy.moml.MoMLSimpleApplication@554ee82
reloadAllAccessors: .Router

===========================================================================================
----------------- testing Sat Jun 02 17:41:28 UTC 2018 /home/travis/build/icyphy/ptII/ptolemy/actor/lib/test/auto/Router2.xml
----------------- Instantiating /home/travis/build/icyphy/ptII/ptolemy/actor/lib/test/auto/Router2.xml
3003 ms. Memory: 1580544K Free: 529235K (33%)
----------------- Invoking toplevel() on ptolemy.moml.MoMLSimpleApplication@1eb2f544
----------------- Done invoking toplevel() on ptolemy.moml.MoMLSimpleApplication@1eb2f544
reloadAllAccessors: .Router2

===========================================================================================
----------------- testing Sat Jun 02 17:41:31 UTC 2018 /home/travis/build/icyphy/ptII/ptolemy/actor/lib/test/auto/RunningMaximum.xml
----------------- Instantiating /home/travis/build/icyphy/ptII/ptolemy/actor/lib/test/auto/RunningMaximum.xml
1 ms. Memory: 1580544K Free: 509068K (32%)
----------------- Invoking toplevel() on ptolemy.moml.MoMLSimpleApplication@5e69c980
----------------- Done invoking toplevel() on ptolemy.moml.MoMLSimpleApplication@5e69c980
reloadAllAccessors: .RunningMaximum

===========================================================================================
----------------- testing Sat Jun 02 17:41:31 UTC 2018 /home/travis/build/icyphy/ptII/ptolemy/actor/lib/test/auto/RunningMinimum.xml
----------------- Instantiating /home/travis/build/icyphy/ptII/ptolemy/actor/lib/test/auto/RunningMinimum.xml
1 ms. Memory: 1580544K Free: 494425K (31%)
----------------- Invoking toplevel() on ptolemy.moml.MoMLSimpleApplication@396cc293
----------------- Done invoking toplevel() on ptolemy.moml.MoMLSimpleApplication@396cc293
reloadAllAccessors: .RunningMinimum

===========================================================================================
----------------- testing Sat Jun 02 17:41:31 UTC 2018 /home/travis/build/icyphy/ptII/ptolemy/actor/lib/test/auto/Scale.xml
----------------- Instantiating /home/travis/build/icyphy/ptII/ptolemy/actor/lib/test/auto/Scale.xml
2 ms. Memory: 1580544K Free: 474257K (30%)
----------------- Invoking toplevel() on ptolemy.moml.MoMLSimpleApplication@106fdc68
----------------- Done invoking toplevel() on ptolemy.moml.MoMLSimpleApplication@106fdc68
reloadAllAccessors: .Scale

===========================================================================================
----------------- testing Sat Jun 02 17:41:31 UTC 2018 /home/travis/build/icyphy/ptII/ptolemy/actor/lib/test/auto/Scale2.xml
----------------- Instantiating /home/travis/build/icyphy/ptII/ptolemy/actor/lib/test/auto/Scale2.xml
1 ms. Memory: 1580544K Free: 459614K (29%)
----------------- Invoking toplevel() on ptolemy.moml.MoMLSimpleApplication@530294e8
----------------- Done invoking toplevel() on ptolemy.moml.MoMLSimpleApplication@530294e8
reloadAllAccessors: .Scale2

===========================================================================================
----------------- testing Sat Jun 02 17:41:31 UTC 2018 /home/travis/build/icyphy/ptII/ptolemy/actor/lib/test/auto/Scale3.xml
----------------- Instantiating /home/travis/build/icyphy/ptII/ptolemy/actor/lib/test/auto/Scale3.xml
2 ms. Memory: 1580544K Free: 444971K (28%)
----------------- Invoking toplevel() on ptolemy.moml.MoMLSimpleApplication@59efe5f2
----------------- Done invoking toplevel() on ptolemy.moml.MoMLSimpleApplication@59efe5f2
reloadAllAccessors: .Scale3

===========================================================================================
----------------- testing Sat Jun 02 17:41:31 UTC 2018 /home/travis/build/icyphy/ptII/ptolemy/actor/lib/test/auto/ScaleArray.xml
----------------- Instantiating /home/travis/build/icyphy/ptII/ptolemy/actor/lib/test/auto/ScaleArray.xml
1 ms. Memory: 1580544K Free: 424804K (27%)
----------------- Invoking toplevel() on ptolemy.moml.MoMLSimpleApplication@6d5d08a3
----------------- Done invoking toplevel() on ptolemy.moml.MoMLSimpleApplication@6d5d08a3
reloadAllAccessors: .ScaleArray

===========================================================================================
----------------- testing Sat Jun 02 17:41:31 UTC 2018 /home/travis/build/icyphy/ptII/ptolemy/actor/lib/test/auto/ScaleArray2.xml
----------------- Instantiating /home/travis/build/icyphy/ptII/ptolemy/actor/lib/test/auto/ScaleArray2.xml
1 ms. Memory: 1580544K Free: 410161K (26%)
----------------- Invoking toplevel() on ptolemy.moml.MoMLSimpleApplication@ce6035d
----------------- Done invoking toplevel() on ptolemy.moml.MoMLSimpleApplication@ce6035d
reloadAllAccessors: .ScaleArray2

===========================================================================================
----------------- testing Sat Jun 02 17:41:31 UTC 2018 /home/travis/build/icyphy/ptII/ptolemy/actor/lib/test/auto/ScaleMatrix.xml
----------------- Instantiating /home/travis/build/icyphy/ptII/ptolemy/actor/lib/test/auto/ScaleMatrix.xml
101 ms. Memory: 1580544K Free: 382672K (24%)
----------------- Invoking toplevel() on ptolemy.moml.MoMLSimpleApplication@8489754
----------------- Done invoking toplevel() on ptolemy.moml.MoMLSimpleApplication@8489754
reloadAllAccessors: .ScaleMatrix

===========================================================================================
----------------- testing Sat Jun 02 17:41:31 UTC 2018 /home/travis/build/icyphy/ptII/ptolemy/actor/lib/test/auto/Select.xml
----------------- Instantiating /home/travis/build/icyphy/ptII/ptolemy/actor/lib/test/auto/Select.xml
2 ms. Memory: 1580544K Free: 368028K (23%)
----------------- Invoking toplevel() on ptolemy.moml.MoMLSimpleApplication@10d9c477
----------------- Done invoking toplevel() on ptolemy.moml.MoMLSimpleApplication@10d9c477
reloadAllAccessors: .Select

===========================================================================================
----------------- testing Sat Jun 02 17:41:31 UTC 2018 /home/travis/build/icyphy/ptII/ptolemy/actor/lib/test/auto/Select2.xml
----------------- Instantiating /home/travis/build/icyphy/ptII/ptolemy/actor/lib/test/auto/Select2.xml
1 ms. Memory: 1580544K Free: 347861K (22%)
----------------- Invoking toplevel() on ptolemy.moml.MoMLSimpleApplication@6a79f36b
----------------- Done invoking toplevel() on ptolemy.moml.MoMLSimpleApplication@6a79f36b
reloadAllAccessors: .Select2

===========================================================================================
----------------- testing Sat Jun 02 17:41:31 UTC 2018 /home/travis/build/icyphy/ptII/ptolemy/actor/lib/test/auto/SequenceToArray2.xml
----------------- Instantiating /home/travis/build/icyphy/ptII/ptolemy/actor/lib/test/auto/SequenceToArray2.xml
65 ms. Memory: 1580544K Free: 259986K (16%)
----------------- Invoking toplevel() on ptolemy.moml.MoMLSimpleApplication@55c11a8f
----------------- Done invoking toplevel() on ptolemy.moml.MoMLSimpleApplication@55c11a8f
reloadAllAccessors: .SequenceToArray2

===========================================================================================
----------------- testing Sat Jun 02 17:41:31 UTC 2018 /home/travis/build/icyphy/ptII/ptolemy/actor/lib/test/auto/SequentialClock.xml
----------------- Instantiating /home/travis/build/icyphy/ptII/ptolemy/actor/lib/test/auto/SequentialClock.xml
1 ms. Memory: 1580544K Free: 239819K (15%)
----------------- Invoking toplevel() on ptolemy.moml.MoMLSimpleApplication@3c108846
----------------- Done invoking toplevel() on ptolemy.moml.MoMLSimpleApplication@3c108846
reloadAllAccessors: .SequentialClock

===========================================================================================
----------------- testing Sat Jun 02 17:41:31 UTC 2018 /home/travis/build/icyphy/ptII/ptolemy/actor/lib/test/auto/SetVariable.xml
----------------- Instantiating /home/travis/build/icyphy/ptII/ptolemy/actor/lib/test/auto/SetVariable.xml
2 ms. Memory: 1580544K Free: 225176K (14%)
----------------- Invoking toplevel() on ptolemy.moml.MoMLSimpleApplication@33319088
----------------- Done invoking toplevel() on ptolemy.moml.MoMLSimpleApplication@33319088
reloadAllAccessors: .SetVariable

===========================================================================================
----------------- testing Sat Jun 02 17:41:31 UTC 2018 /home/travis/build/icyphy/ptII/ptolemy/actor/lib/test/auto/SetVariable2.xml
----------------- Instantiating /home/travis/build/icyphy/ptII/ptolemy/actor/lib/test/auto/SetVariable2.xml
2 ms. Memory: 1580544K Free: 205009K (13%)
----------------- Invoking toplevel() on ptolemy.moml.MoMLSimpleApplication@568146d
----------------- Done invoking toplevel() on ptolemy.moml.MoMLSimpleApplication@568146d
reloadAllAccessors: .SetVariable2

===========================================================================================
----------------- testing Sat Jun 02 17:41:31 UTC 2018 /home/travis/build/icyphy/ptII/ptolemy/actor/lib/test/auto/SetVariable3.xml
----------------- Instantiating /home/travis/build/icyphy/ptII/ptolemy/actor/lib/test/auto/SetVariable3.xml
2 ms. Memory: 1580544K Free: 190365K (12%)
----------------- Invoking toplevel() on ptolemy.moml.MoMLSimpleApplication@3afadeda
----------------- Done invoking toplevel() on ptolemy.moml.MoMLSimpleApplication@3afadeda
reloadAllAccessors: .SetVariable3

===========================================================================================
----------------- testing Sat Jun 02 17:41:31 UTC 2018 /home/travis/build/icyphy/ptII/ptolemy/actor/lib/test/auto/SetVariable4.xml
----------------- Instantiating /home/travis/build/icyphy/ptII/ptolemy/actor/lib/test/auto/SetVariable4.xml
12 ms. Memory: 1580544K Free: 118947K (8%)
----------------- Invoking toplevel() on ptolemy.moml.MoMLSimpleApplication@5fd3aca4
----------------- Done invoking toplevel() on ptolemy.moml.MoMLSimpleApplication@5fd3aca4
reloadAllAccessors: .SetVariable4

===========================================================================================
----------------- testing Sat Jun 02 17:41:31 UTC 2018 /home/travis/build/icyphy/ptII/ptolemy/actor/lib/test/auto/SetVariable5.xml
----------------- Instantiating /home/travis/build/icyphy/ptII/ptolemy/actor/lib/test/auto/SetVariable5.xml
7 ms. Memory: 1580544K Free: 104304K (7%)
----------------- Invoking toplevel() on ptolemy.moml.MoMLSimpleApplication@57b67071
----------------- Done invoking toplevel() on ptolemy.moml.MoMLSimpleApplication@57b67071
reloadAllAccessors: .SetVariable5

===========================================================================================
----------------- testing Sat Jun 02 17:41:31 UTC 2018 /home/travis/build/icyphy/ptII/ptolemy/actor/lib/test/auto/Sinewave.xml
----------------- Instantiating /home/travis/build/icyphy/ptII/ptolemy/actor/lib/test/auto/Sinewave.xml
4 ms. Memory: 1580544K Free: 82331K (5%)
----------------- Invoking toplevel() on ptolemy.moml.MoMLSimpleApplication@69336b5
----------------- Done invoking toplevel() on ptolemy.moml.MoMLSimpleApplication@69336b5
reloadAllAccessors: .Sinewave

===========================================================================================
----------------- testing Sat Jun 02 17:41:31 UTC 2018 /home/travis/build/icyphy/ptII/ptolemy/actor/lib/test/auto/Sinewave2.xml
----------------- Instantiating /home/travis/build/icyphy/ptII/ptolemy/actor/lib/test/auto/Sinewave2.xml
4 ms. Memory: 1724928K Free: 1664902K (97%)
----------------- Invoking toplevel() on ptolemy.moml.MoMLSimpleApplication@38226560
----------------- Done invoking toplevel() on ptolemy.moml.MoMLSimpleApplication@38226560
reloadAllAccessors: .Sinewave2

===========================================================================================
----------------- testing Sat Jun 02 17:41:31 UTC 2018 /home/travis/build/icyphy/ptII/ptolemy/actor/lib/test/auto/Sinewave3.xml
----------------- Instantiating /home/travis/build/icyphy/ptII/ptolemy/actor/lib/test/auto/Sinewave3.xml
5 ms. Memory: 1724928K Free: 1644095K (95%)
----------------- Invoking toplevel() on ptolemy.moml.MoMLSimpleApplication@3b6b4667
----------------- Done invoking toplevel() on ptolemy.moml.MoMLSimpleApplication@3b6b4667
reloadAllAccessors: .Sinewave3

===========================================================================================
----------------- testing Sat Jun 02 17:41:31 UTC 2018 /home/travis/build/icyphy/ptII/ptolemy/actor/lib/test/auto/SingleEvent.xml
----------------- Instantiating /home/travis/build/icyphy/ptII/ptolemy/actor/lib/test/auto/SingleEvent.xml
1 ms. Memory: 1724928K Free: 1623289K (94%)
----------------- Invoking toplevel() on ptolemy.moml.MoMLSimpleApplication@6048c41
----------------- Done invoking toplevel() on ptolemy.moml.MoMLSimpleApplication@6048c41
reloadAllAccessors: .SingleEvent

===========================================================================================
----------------- testing Sat Jun 02 17:41:31 UTC 2018 /home/travis/build/icyphy/ptII/ptolemy/actor/lib/test/auto/Sleep.xml
----------------- Instantiating /home/travis/build/icyphy/ptII/ptolemy/actor/lib/test/auto/Sleep.xml
6003 ms. Memory: 1724928K Free: 1607048K (93%)
----------------- Invoking toplevel() on ptolemy.moml.MoMLSimpleApplication@54f214f5
----------------- Done invoking toplevel() on ptolemy.moml.MoMLSimpleApplication@54f214f5
reloadAllAccessors: .Sleep

===========================================================================================
----------------- testing Sat Jun 02 17:41:37 UTC 2018 /home/travis/build/icyphy/ptII/ptolemy/actor/lib/test/auto/SleepMultipleFire.xml
----------------- Instantiating /home/travis/build/icyphy/ptII/ptolemy/actor/lib/test/auto/SleepMultipleFire.xml
1004 ms. Memory: 1724928K Free: 1586241K (92%)
----------------- Invoking toplevel() on ptolemy.moml.MoMLSimpleApplication@5864483
----------------- Done invoking toplevel() on ptolemy.moml.MoMLSimpleApplication@5864483
reloadAllAccessors: .SleepMultipleFire

===========================================================================================
----------------- testing Sat Jun 02 17:41:38 UTC 2018 /home/travis/build/icyphy/ptII/ptolemy/actor/lib/test/auto/StopDE.xml
----------------- Instantiating /home/travis/build/icyphy/ptII/ptolemy/actor/lib/test/auto/StopDE.xml
2 ms. Memory: 1724928K Free: 1570001K (91%)
----------------- Invoking toplevel() on ptolemy.moml.MoMLSimpleApplication@43f6178a
----------------- Done invoking toplevel() on ptolemy.moml.MoMLSimpleApplication@43f6178a
reloadAllAccessors: .StopDE

===========================================================================================
----------------- testing Sat Jun 02 17:41:39 UTC 2018 /home/travis/build/icyphy/ptII/ptolemy/actor/lib/test/auto/StopSDF.xml
----------------- Instantiating /home/travis/build/icyphy/ptII/ptolemy/actor/lib/test/auto/StopSDF.xml
2 ms. Memory: 1724928K Free: 1549194K (90%)
----------------- Invoking toplevel() on ptolemy.moml.MoMLSimpleApplication@43444a26
----------------- Done invoking toplevel() on ptolemy.moml.MoMLSimpleApplication@43444a26
reloadAllAccessors: .StopSDF

===========================================================================================
----------------- testing Sat Jun 02 17:41:39 UTC 2018 /home/travis/build/icyphy/ptII/ptolemy/actor/lib/test/auto/StringConstant.xml
----------------- Instantiating /home/travis/build/icyphy/ptII/ptolemy/actor/lib/test/auto/StringConstant.xml
1 ms. Memory: 1724928K Free: 1532953K (89%)
----------------- Invoking toplevel() on ptolemy.moml.MoMLSimpleApplication@4502e026
----------------- Done invoking toplevel() on ptolemy.moml.MoMLSimpleApplication@4502e026
reloadAllAccessors: .StringConstant

===========================================================================================
----------------- testing Sat Jun 02 17:41:39 UTC 2018 /home/travis/build/icyphy/ptII/ptolemy/actor/lib/test/auto/SubscriberPortInitialValues1.xml
----------------- Instantiating /home/travis/build/icyphy/ptII/ptolemy/actor/lib/test/auto/SubscriberPortInitialValues1.xml
4 ms. Memory: 1724928K Free: 1512147K (88%)
----------------- Invoking toplevel() on ptolemy.moml.MoMLSimpleApplication@47a50369
----------------- Done invoking toplevel() on ptolemy.moml.MoMLSimpleApplication@47a50369
reloadAllAccessors: .SubscriberPortInitialValues1

===========================================================================================
----------------- testing Sat Jun 02 17:41:39 UTC 2018 /home/travis/build/icyphy/ptII/ptolemy/actor/lib/test/auto/SubscriberPortInitialValues13.xml
----------------- Instantiating /home/travis/build/icyphy/ptII/ptolemy/actor/lib/test/auto/SubscriberPortInitialValues13.xml
9 ms. Memory: 1724928K Free: 1483212K (86%)
----------------- Invoking toplevel() on ptolemy.moml.MoMLSimpleApplication@758d9e4e
----------------- Done invoking toplevel() on ptolemy.moml.MoMLSimpleApplication@758d9e4e
reloadAllAccessors: .SubscriberPortInitialValues13

===========================================================================================
----------------- testing Sat Jun 02 17:41:39 UTC 2018 /home/travis/build/icyphy/ptII/ptolemy/actor/lib/test/auto/SubscriberPortInitialValues14.xml
----------------- Instantiating /home/travis/build/icyphy/ptII/ptolemy/actor/lib/test/auto/SubscriberPortInitialValues14.xml
3 ms. Memory: 1724928K Free: 1466971K (85%)
----------------- Invoking toplevel() on ptolemy.moml.MoMLSimpleApplication@6d83dba8
----------------- Done invoking toplevel() on ptolemy.moml.MoMLSimpleApplication@6d83dba8
reloadAllAccessors: .SubscriberPortInitialValues14

===========================================================================================
----------------- testing Sat Jun 02 17:41:39 UTC 2018 /home/travis/build/icyphy/ptII/ptolemy/actor/lib/test/auto/SubscriberPortInitialValues2.xml
----------------- Instantiating /home/travis/build/icyphy/ptII/ptolemy/actor/lib/test/auto/SubscriberPortInitialValues2.xml
3 ms. Memory: 1724928K Free: 1446165K (84%)
----------------- Invoking toplevel() on ptolemy.moml.MoMLSimpleApplication@79df11c6
----------------- Done invoking toplevel() on ptolemy.moml.MoMLSimpleApplication@79df11c6
reloadAllAccessors: .SubscriberPortInitialValues2

===========================================================================================
----------------- testing Sat Jun 02 17:41:39 UTC 2018 /home/travis/build/icyphy/ptII/ptolemy/actor/lib/test/auto/SubscriberPortInitialValues3.xml
----------------- Instantiating /home/travis/build/icyphy/ptII/ptolemy/actor/lib/test/auto/SubscriberPortInitialValues3.xml
3 ms. Memory: 1724928K Free: 1429924K (83%)
----------------- Invoking toplevel() on ptolemy.moml.MoMLSimpleApplication@2e280009
----------------- Done invoking toplevel() on ptolemy.moml.MoMLSimpleApplication@2e280009
reloadAllAccessors: .SubscriberPortInitialValues3

===========================================================================================
----------------- testing Sat Jun 02 17:41:39 UTC 2018 /home/travis/build/icyphy/ptII/ptolemy/actor/lib/test/auto/SubscriptionAggregator.xml
----------------- Instantiating /home/travis/build/icyphy/ptII/ptolemy/actor/lib/test/auto/SubscriptionAggregator.xml
2 ms. Memory: 1724928K Free: 1409117K (82%)
----------------- Invoking toplevel() on ptolemy.moml.MoMLSimpleApplication@2d949c03
----------------- Done invoking toplevel() on ptolemy.moml.MoMLSimpleApplication@2d949c03
reloadAllAccessors: .SubscriptionAggregator

===========================================================================================
----------------- testing Sat Jun 02 17:41:39 UTC 2018 /home/travis/build/icyphy/ptII/ptolemy/actor/lib/test/auto/SubscriptionAggregator2.xml
----------------- Instantiating /home/travis/build/icyphy/ptII/ptolemy/actor/lib/test/auto/SubscriptionAggregator2.xml
3 ms. Memory: 1724928K Free: 1392877K (81%)
----------------- Invoking toplevel() on ptolemy.moml.MoMLSimpleApplication@4d91dcc4
----------------- Done invoking toplevel() on ptolemy.moml.MoMLSimpleApplication@4d91dcc4
reloadAllAccessors: .SubscriptionAggregator2

===========================================================================================
----------------- testing Sat Jun 02 17:41:39 UTC 2018 /home/travis/build/icyphy/ptII/ptolemy/actor/lib/test/auto/SubscriptionAggregator3.xml
----------------- Instantiating /home/travis/build/icyphy/ptII/ptolemy/actor/lib/test/auto/SubscriptionAggregator3.xml
3 ms. Memory: 1724928K Free: 1372070K (80%)
----------------- Invoking toplevel() on ptolemy.moml.MoMLSimpleApplication@4e3ce411
----------------- Done invoking toplevel() on ptolemy.moml.MoMLSimpleApplication@4e3ce411
reloadAllAccessors: .SubscriptionAggregator3

===========================================================================================
----------------- testing Sat Jun 02 17:41:39 UTC 2018 /home/travis/build/icyphy/ptII/ptolemy/actor/lib/test/auto/SubscriptionAggregatorMultiply.xml
----------------- Instantiating /home/travis/build/icyphy/ptII/ptolemy/actor/lib/test/auto/SubscriptionAggregatorMultiply.xml
3 ms. Memory: 1724928K Free: 1351263K (78%)
----------------- Invoking toplevel() on ptolemy.moml.MoMLSimpleApplication@6691c709
----------------- Done invoking toplevel() on ptolemy.moml.MoMLSimpleApplication@6691c709
reloadAllAccessors: .SubscriptionAggregatorMultiply

===========================================================================================
----------------- testing Sat Jun 02 17:41:39 UTC 2018 /home/travis/build/icyphy/ptII/ptolemy/actor/lib/test/auto/SubscriptionAggregatorPortMultiply1.xml
----------------- Instantiating /home/travis/build/icyphy/ptII/ptolemy/actor/lib/test/auto/SubscriptionAggregatorPortMultiply1.xml
3 ms. Memory: 1724928K Free: 1335023K (77%)
----------------- Invoking toplevel() on ptolemy.moml.MoMLSimpleApplication@159ed252
----------------- Done invoking toplevel() on ptolemy.moml.MoMLSimpleApplication@159ed252
reloadAllAccessors: .SubscriptionAggregatorPortMultiply1

===========================================================================================
----------------- testing Sat Jun 02 17:41:39 UTC 2018 /home/travis/build/icyphy/ptII/ptolemy/actor/lib/test/auto/Switch.xml
----------------- Instantiating /home/travis/build/icyphy/ptII/ptolemy/actor/lib/test/auto/Switch.xml
4 ms. Memory: 1724928K Free: 1265434K (73%)
----------------- Invoking toplevel() on ptolemy.moml.MoMLSimpleApplication@1c398308
----------------- Done invoking toplevel() on ptolemy.moml.MoMLSimpleApplication@1c398308
reloadAllAccessors: .Switch

===========================================================================================
----------------- testing Sat Jun 02 17:41:39 UTC 2018 /home/travis/build/icyphy/ptII/ptolemy/actor/lib/test/auto/Switch2.xml
----------------- Instantiating /home/travis/build/icyphy/ptII/ptolemy/actor/lib/test/auto/Switch2.xml
1 ms. Memory: 1724928K Free: 1249193K (72%)
----------------- Invoking toplevel() on ptolemy.moml.MoMLSimpleApplication@369e00b0
----------------- Done invoking toplevel() on ptolemy.moml.MoMLSimpleApplication@369e00b0
reloadAllAccessors: .Switch2

===========================================================================================
----------------- testing Sat Jun 02 17:41:39 UTC 2018 /home/travis/build/icyphy/ptII/ptolemy/actor/lib/test/auto/SwitchDE.xml
----------------- Instantiating /home/travis/build/icyphy/ptII/ptolemy/actor/lib/test/auto/SwitchDE.xml
2 ms. Memory: 1724928K Free: 1228386K (71%)
----------------- Invoking toplevel() on ptolemy.moml.MoMLSimpleApplication@631eb7b3
----------------- Done invoking toplevel() on ptolemy.moml.MoMLSimpleApplication@631eb7b3
reloadAllAccessors: .SwitchDE

===========================================================================================
----------------- testing Sat Jun 02 17:41:39 UTC 2018 /home/travis/build/icyphy/ptII/ptolemy/actor/lib/test/auto/SynchronizerDE.xml
----------------- Instantiating /home/travis/build/icyphy/ptII/ptolemy/actor/lib/test/auto/SynchronizerDE.xml
3 ms. Memory: 1724928K Free: 1212146K (70%)
----------------- Invoking toplevel() on ptolemy.moml.MoMLSimpleApplication@7884610a
----------------- Done invoking toplevel() on ptolemy.moml.MoMLSimpleApplication@7884610a
reloadAllAccessors: .SynchronizerDE

===========================================================================================
----------------- testing Sat Jun 02 17:41:39 UTC 2018 /home/travis/build/icyphy/ptII/ptolemy/actor/lib/test/auto/Test.xml
----------------- Instantiating /home/travis/build/icyphy/ptII/ptolemy/actor/lib/test/auto/Test.xml
1 ms. Memory: 1724928K Free: 1191339K (69%)
----------------- Invoking toplevel() on ptolemy.moml.MoMLSimpleApplication@25ff4410
----------------- Done invoking toplevel() on ptolemy.moml.MoMLSimpleApplication@25ff4410
reloadAllAccessors: .Test

===========================================================================================
----------------- testing Sat Jun 02 17:41:39 UTC 2018 /home/travis/build/icyphy/ptII/ptolemy/actor/lib/test/auto/TestExceptionAttribute1.xml
----------------- Instantiating /home/travis/build/icyphy/ptII/ptolemy/actor/lib/test/auto/TestExceptionAttribute1.xml
0 ms. Memory: 1724928K Free: 1175098K (68%)
----------------- Invoking toplevel() on ptolemy.moml.MoMLSimpleApplication@7109b08b
----------------- Done invoking toplevel() on ptolemy.moml.MoMLSimpleApplication@7109b08b
reloadAllAccessors: .TestExceptionAttribute1

===========================================================================================
----------------- testing Sat Jun 02 17:41:39 UTC 2018 /home/travis/build/icyphy/ptII/ptolemy/actor/lib/test/auto/TestExceptionAttribute2.xml
----------------- Instantiating /home/travis/build/icyphy/ptII/ptolemy/actor/lib/test/auto/TestExceptionAttribute2.xml
1 ms. Memory: 1724928K Free: 1154292K (67%)
----------------- Invoking toplevel() on ptolemy.moml.MoMLSimpleApplication@3ff5788c
----------------- Done invoking toplevel() on ptolemy.moml.MoMLSimpleApplication@3ff5788c
reloadAllAccessors: .TestExceptionAttribute2

===========================================================================================
----------------- testing Sat Jun 02 17:41:39 UTC 2018 /home/travis/build/icyphy/ptII/ptolemy/actor/lib/test/auto/TestExceptionAttribute3.xml
----------------- Instantiating /home/travis/build/icyphy/ptII/ptolemy/actor/lib/test/auto/TestExceptionAttribute3.xml
.TestExceptionAttribute3.TestExceptionAttribute: initialize() was not invoked, but wrapup() was.  This is unusual, but not always a problem.  For example, exporting JNLP will do this.
0 ms. Memory: 1724928K Free: 1133485K (66%)
----------------- Invoking toplevel() on ptolemy.moml.MoMLSimpleApplication@599a9f9d
----------------- Done invoking toplevel() on ptolemy.moml.MoMLSimpleApplication@599a9f9d
reloadAllAccessors: .TestExceptionAttribute3

===========================================================================================
----------------- testing Sat Jun 02 17:41:39 UTC 2018 /home/travis/build/icyphy/ptII/ptolemy/actor/lib/test/auto/TestExceptionAttribute4.xml
----------------- Instantiating /home/travis/build/icyphy/ptII/ptolemy/actor/lib/test/auto/TestExceptionAttribute4.xml
.TestExceptionAttribute4.TestExceptionAttribute: initialize() was not invoked, but wrapup() was.  This is unusual, but not always a problem.  For example, exporting JNLP will do this.
.TestExceptionAttribute4.TestExceptionAttribute2: initialize() was not invoked, but wrapup() was.  This is unusual, but not always a problem.  For example, exporting JNLP will do this.
1 ms. Memory: 1724928K Free: 1117244K (65%)
----------------- Invoking toplevel() on ptolemy.moml.MoMLSimpleApplication@7e7c5077
----------------- Done invoking toplevel() on ptolemy.moml.MoMLSimpleApplication@7e7c5077
reloadAllAccessors: .TestExceptionAttribute4

===========================================================================================
----------------- testing Sat Jun 02 17:41:39 UTC 2018 /home/travis/build/icyphy/ptII/ptolemy/actor/lib/test/auto/TestExceptionHandler1.xml
----------------- Instantiating /home/travis/build/icyphy/ptII/ptolemy/actor/lib/test/auto/TestExceptionHandler1.xml
1 ms. Memory: 1724928K Free: 1096437K (64%)
----------------- Invoking toplevel() on ptolemy.moml.MoMLSimpleApplication@40a146ec
----------------- Done invoking toplevel() on ptolemy.moml.MoMLSimpleApplication@40a146ec
reloadAllAccessors: .TestExceptionHandler1

===========================================================================================
----------------- testing Sat Jun 02 17:41:39 UTC 2018 /home/travis/build/icyphy/ptII/ptolemy/actor/lib/test/auto/TestExceptionHandler2.xml
----------------- Instantiating /home/travis/build/icyphy/ptII/ptolemy/actor/lib/test/auto/TestExceptionHandler2.xml
0 ms. Memory: 1724928K Free: 1080197K (63%)
----------------- Invoking toplevel() on ptolemy.moml.MoMLSimpleApplication@45a2e2f1
----------------- Done invoking toplevel() on ptolemy.moml.MoMLSimpleApplication@45a2e2f1
reloadAllAccessors: .TestExceptionHandler2

===========================================================================================
----------------- testing Sat Jun 02 17:41:39 UTC 2018 /home/travis/build/icyphy/ptII/ptolemy/actor/lib/test/auto/TestExceptionHandler3.xml
----------------- Instantiating /home/travis/build/icyphy/ptII/ptolemy/actor/lib/test/auto/TestExceptionHandler3.xml
0 ms. Memory: 1724928K Free: 1059390K (61%)
----------------- Invoking toplevel() on ptolemy.moml.MoMLSimpleApplication@569fa7f5
----------------- Done invoking toplevel() on ptolemy.moml.MoMLSimpleApplication@569fa7f5
reloadAllAccessors: .TestExceptionHandler3

===========================================================================================
----------------- testing Sat Jun 02 17:41:39 UTC 2018 /home/travis/build/icyphy/ptII/ptolemy/actor/lib/test/auto/TestExceptionHandler4.xml
----------------- Instantiating /home/travis/build/icyphy/ptII/ptolemy/actor/lib/test/auto/TestExceptionHandler4.xml
1 ms. Memory: 1724928K Free: 1043149K (60%)
----------------- Invoking toplevel() on ptolemy.moml.MoMLSimpleApplication@69ff0a96
----------------- Done invoking toplevel() on ptolemy.moml.MoMLSimpleApplication@69ff0a96
reloadAllAccessors: .TestExceptionHandler4

===========================================================================================
----------------- testing Sat Jun 02 17:41:39 UTC 2018 /home/travis/build/icyphy/ptII/ptolemy/actor/lib/test/auto/TestRequireCorrectOrder.xml
----------------- Instantiating /home/travis/build/icyphy/ptII/ptolemy/actor/lib/test/auto/TestRequireCorrectOrder.xml
2 ms. Memory: 1724928K Free: 1022342K (59%)
----------------- Invoking toplevel() on ptolemy.moml.MoMLSimpleApplication@6bed50c9
----------------- Done invoking toplevel() on ptolemy.moml.MoMLSimpleApplication@6bed50c9
reloadAllAccessors: .TestRequireCorrectOrder

===========================================================================================
----------------- testing Sat Jun 02 17:41:39 UTC 2018 /home/travis/build/icyphy/ptII/ptolemy/actor/lib/test/auto/TestSimple.xml
----------------- Instantiating /home/travis/build/icyphy/ptII/ptolemy/actor/lib/test/auto/TestSimple.xml
1 ms. Memory: 1724928K Free: 1001536K (58%)
----------------- Invoking toplevel() on ptolemy.moml.MoMLSimpleApplication@44b9509b
----------------- Done invoking toplevel() on ptolemy.moml.MoMLSimpleApplication@44b9509b
reloadAllAccessors: .TestSimple

===========================================================================================
----------------- testing Sat Jun 02 17:41:39 UTC 2018 /home/travis/build/icyphy/ptII/ptolemy/actor/lib/test/auto/ThrowModelError.xml
----------------- Instantiating /home/travis/build/icyphy/ptII/ptolemy/actor/lib/test/auto/ThrowModelError.xml
2 ms. Memory: 1724928K Free: 985295K (57%)
----------------- Invoking toplevel() on ptolemy.moml.MoMLSimpleApplication@1f388590
----------------- Done invoking toplevel() on ptolemy.moml.MoMLSimpleApplication@1f388590
reloadAllAccessors: .ThrowModelError

===========================================================================================
----------------- testing Sat Jun 02 17:41:39 UTC 2018 /home/travis/build/icyphy/ptII/ptolemy/actor/lib/test/auto/TimeDelayMicrosteps.xml
----------------- Instantiating /home/travis/build/icyphy/ptII/ptolemy/actor/lib/test/auto/TimeDelayMicrosteps.xml
2 ms. Memory: 1724928K Free: 964488K (56%)
----------------- Invoking toplevel() on ptolemy.moml.MoMLSimpleApplication@5afbc6d6
----------------- Done invoking toplevel() on ptolemy.moml.MoMLSimpleApplication@5afbc6d6
reloadAllAccessors: .TimeDelayMicrosteps

===========================================================================================
----------------- testing Sat Jun 02 17:41:39 UTC 2018 /home/travis/build/icyphy/ptII/ptolemy/actor/lib/test/auto/TimeDelayMicrosteps2.xml
----------------- Instantiating /home/travis/build/icyphy/ptII/ptolemy/actor/lib/test/auto/TimeDelayMicrosteps2.xml
3 ms. Memory: 1724928K Free: 948248K (55%)
----------------- Invoking toplevel() on ptolemy.moml.MoMLSimpleApplication@712aaf03
----------------- Done invoking toplevel() on ptolemy.moml.MoMLSimpleApplication@712aaf03
reloadAllAccessors: .TimeDelayMicrosteps2

===========================================================================================
----------------- testing Sat Jun 02 17:41:39 UTC 2018 /home/travis/build/icyphy/ptII/ptolemy/actor/lib/test/auto/TimeDelayMicrosteps3.xml
----------------- Instantiating /home/travis/build/icyphy/ptII/ptolemy/actor/lib/test/auto/TimeDelayMicrosteps3.xml
2 ms. Memory: 1724928K Free: 927441K (54%)
----------------- Invoking toplevel() on ptolemy.moml.MoMLSimpleApplication@4c0c66c3
----------------- Done invoking toplevel() on ptolemy.moml.MoMLSimpleApplication@4c0c66c3
reloadAllAccessors: .TimeDelayMicrosteps3

===========================================================================================
----------------- testing Sat Jun 02 17:41:39 UTC 2018 /home/travis/build/icyphy/ptII/ptolemy/actor/lib/test/auto/TimeDelayVariableMicrosteps.xml
----------------- Instantiating /home/travis/build/icyphy/ptII/ptolemy/actor/lib/test/auto/TimeDelayVariableMicrosteps.xml
2 ms. Memory: 1724928K Free: 911200K (53%)
----------------- Invoking toplevel() on ptolemy.moml.MoMLSimpleApplication@cc4590a
----------------- Done invoking toplevel() on ptolemy.moml.MoMLSimpleApplication@cc4590a
reloadAllAccessors: .TimeDelayVariableMicrosteps

===========================================================================================
----------------- testing Sat Jun 02 17:41:39 UTC 2018 /home/travis/build/icyphy/ptII/ptolemy/actor/lib/test/auto/TimeGap.xml
----------------- Instantiating /home/travis/build/icyphy/ptII/ptolemy/actor/lib/test/auto/TimeGap.xml
2 ms. Memory: 1724928K Free: 890394K (52%)
----------------- Invoking toplevel() on ptolemy.moml.MoMLSimpleApplication@13fe1047
----------------- Done invoking toplevel() on ptolemy.moml.MoMLSimpleApplication@13fe1047
reloadAllAccessors: .TimeGap

===========================================================================================
----------------- testing Sat Jun 02 17:41:39 UTC 2018 /home/travis/build/icyphy/ptII/ptolemy/actor/lib/test/auto/TimeGap2.xml
----------------- Instantiating /home/travis/build/icyphy/ptII/ptolemy/actor/lib/test/auto/TimeGap2.xml
2 ms. Memory: 1724928K Free: 869587K (50%)
----------------- Invoking toplevel() on ptolemy.moml.MoMLSimpleApplication@7e29532b
----------------- Done invoking toplevel() on ptolemy.moml.MoMLSimpleApplication@7e29532b
reloadAllAccessors: .TimeGap2

===========================================================================================
----------------- testing Sat Jun 02 17:41:39 UTC 2018 /home/travis/build/icyphy/ptII/ptolemy/actor/lib/test/auto/TimedSinewave.xml
----------------- Instantiating /home/travis/build/icyphy/ptII/ptolemy/actor/lib/test/auto/TimedSinewave.xml
12 ms. Memory: 1724928K Free: 845218K (49%)
----------------- Invoking toplevel() on ptolemy.moml.MoMLSimpleApplication@eebc1a5
----------------- Done invoking toplevel() on ptolemy.moml.MoMLSimpleApplication@eebc1a5
reloadAllAccessors: .TimedSinewave

===========================================================================================
----------------- testing Sat Jun 02 17:41:39 UTC 2018 /home/travis/build/icyphy/ptII/ptolemy/actor/lib/test/auto/TimedSinewavePhase.xml
----------------- Instantiating /home/travis/build/icyphy/ptII/ptolemy/actor/lib/test/auto/TimedSinewavePhase.xml
8 ms. Memory: 1724928K Free: 824411K (48%)
----------------- Invoking toplevel() on ptolemy.moml.MoMLSimpleApplication@23a31143
----------------- Done invoking toplevel() on ptolemy.moml.MoMLSimpleApplication@23a31143
reloadAllAccessors: .TimedSinewavePhase

===========================================================================================
----------------- testing Sat Jun 02 17:41:39 UTC 2018 /home/travis/build/icyphy/ptII/ptolemy/actor/lib/test/auto/Timer.xml
----------------- Instantiating /home/travis/build/icyphy/ptII/ptolemy/actor/lib/test/auto/Timer.xml
2 ms. Memory: 1724928K Free: 808171K (47%)
----------------- Invoking toplevel() on ptolemy.moml.MoMLSimpleApplication@64515011
----------------- Done invoking toplevel() on ptolemy.moml.MoMLSimpleApplication@64515011
reloadAllAccessors: .Timer

===========================================================================================
----------------- testing Sat Jun 02 17:41:39 UTC 2018 /home/travis/build/icyphy/ptII/ptolemy/actor/lib/test/auto/TriangularDistTestModel.xml
----------------- Instantiating /home/travis/build/icyphy/ptII/ptolemy/actor/lib/test/auto/TriangularDistTestModel.xml
2 ms. Memory: 1724928K Free: 787364K (46%)
----------------- Invoking toplevel() on ptolemy.moml.MoMLSimpleApplication@18913aa
----------------- Done invoking toplevel() on ptolemy.moml.MoMLSimpleApplication@18913aa
reloadAllAccessors: .TriangularDistTestModel

===========================================================================================
----------------- testing Sat Jun 02 17:41:39 UTC 2018 /home/travis/build/icyphy/ptII/ptolemy/actor/lib/test/auto/TrigFunction.xml
----------------- Instantiating /home/travis/build/icyphy/ptII/ptolemy/actor/lib/test/auto/TrigFunction.xml
1 ms. Memory: 1724928K Free: 771124K (45%)
----------------- Invoking toplevel() on ptolemy.moml.MoMLSimpleApplication@29782c99
----------------- Done invoking toplevel() on ptolemy.moml.MoMLSimpleApplication@29782c99
reloadAllAccessors: .TrigFunction

===========================================================================================
----------------- testing Sat Jun 02 17:41:39 UTC 2018 /home/travis/build/icyphy/ptII/ptolemy/actor/lib/test/auto/TrigFunctionDE.xml
----------------- Instantiating /home/travis/build/icyphy/ptII/ptolemy/actor/lib/test/auto/TrigFunctionDE.xml
2 ms. Memory: 1724928K Free: 750317K (43%)
----------------- Invoking toplevel() on ptolemy.moml.MoMLSimpleApplication@6bcfbf0c
----------------- Done invoking toplevel() on ptolemy.moml.MoMLSimpleApplication@6bcfbf0c
reloadAllAccessors: .TrigFunctionDE

===========================================================================================
----------------- testing Sat Jun 02 17:41:39 UTC 2018 /home/travis/build/icyphy/ptII/ptolemy/actor/lib/test/auto/TrigFunctionInverse.xml
----------------- Instantiating /home/travis/build/icyphy/ptII/ptolemy/actor/lib/test/auto/TrigFunctionInverse.xml
2 ms. Memory: 1724928K Free: 729510K (42%)
----------------- Invoking toplevel() on ptolemy.moml.MoMLSimpleApplication@24aed273
----------------- Done invoking toplevel() on ptolemy.moml.MoMLSimpleApplication@24aed273
reloadAllAccessors: .TrigFunctionInverse

===========================================================================================
----------------- testing Sat Jun 02 17:41:39 UTC 2018 /home/travis/build/icyphy/ptII/ptolemy/actor/lib/test/auto/TrigFunctionTan.xml
----------------- Instantiating /home/travis/build/icyphy/ptII/ptolemy/actor/lib/test/auto/TrigFunctionTan.xml
1 ms. Memory: 1724928K Free: 713269K (41%)
----------------- Invoking toplevel() on ptolemy.moml.MoMLSimpleApplication@5e5dcb2b
----------------- Done invoking toplevel() on ptolemy.moml.MoMLSimpleApplication@5e5dcb2b
reloadAllAccessors: .TrigFunctionTan

===========================================================================================
----------------- testing Sat Jun 02 17:41:39 UTC 2018 /home/travis/build/icyphy/ptII/ptolemy/actor/lib/test/auto/TriggeredClock.xml
----------------- Instantiating /home/travis/build/icyphy/ptII/ptolemy/actor/lib/test/auto/TriggeredClock.xml
1 ms. Memory: 1724928K Free: 692462K (40%)
----------------- Invoking toplevel() on ptolemy.moml.MoMLSimpleApplication@5c46d3a7
----------------- Done invoking toplevel() on ptolemy.moml.MoMLSimpleApplication@5c46d3a7
reloadAllAccessors: .TriggeredClock

===========================================================================================
----------------- testing Sat Jun 02 17:41:39 UTC 2018 /home/travis/build/icyphy/ptII/ptolemy/actor/lib/test/auto/URLDirectoryReader.xml
----------------- Instantiating /home/travis/build/icyphy/ptII/ptolemy/actor/lib/test/auto/URLDirectoryReader.xml
40 ms. Memory: 1724928K Free: 676222K (39%)
----------------- Invoking toplevel() on ptolemy.moml.MoMLSimpleApplication@6e1cc1fe
----------------- Done invoking toplevel() on ptolemy.moml.MoMLSimpleApplication@6e1cc1fe
reloadAllAccessors: .URLDirectoryReader

===========================================================================================
----------------- testing Sat Jun 02 17:41:39 UTC 2018 /home/travis/build/icyphy/ptII/ptolemy/actor/lib/test/auto/URLDirectoryReader3.xml
----------------- Instantiating /home/travis/build/icyphy/ptII/ptolemy/actor/lib/test/auto/URLDirectoryReader3.xml
1200 ms. Memory: 1724928K Free: 614811K (36%)
----------------- Invoking toplevel() on ptolemy.moml.MoMLSimpleApplication@7b96c6a8
----------------- Done invoking toplevel() on ptolemy.moml.MoMLSimpleApplication@7b96c6a8
reloadAllAccessors: .URLDirectoryReader3

===========================================================================================
----------------- testing Sat Jun 02 17:41:41 UTC 2018 /home/travis/build/icyphy/ptII/ptolemy/actor/lib/test/auto/UnaryMathFunction.xml
----------------- Instantiating /home/travis/build/icyphy/ptII/ptolemy/actor/lib/test/auto/UnaryMathFunction.xml
2 ms. Memory: 1724928K Free: 594005K (34%)
----------------- Invoking toplevel() on ptolemy.moml.MoMLSimpleApplication@4a6ccd7c
----------------- Done invoking toplevel() on ptolemy.moml.MoMLSimpleApplication@4a6ccd7c
reloadAllAccessors: .UnaryMathFunction

===========================================================================================
----------------- testing Sat Jun 02 17:41:41 UTC 2018 /home/travis/build/icyphy/ptII/ptolemy/actor/lib/test/auto/Uniform.xml
----------------- Instantiating /home/travis/build/icyphy/ptII/ptolemy/actor/lib/test/auto/Uniform.xml
2 ms. Memory: 1724928K Free: 577764K (33%)
----------------- Invoking toplevel() on ptolemy.moml.MoMLSimpleApplication@6287f11a
----------------- Done invoking toplevel() on ptolemy.moml.MoMLSimpleApplication@6287f11a
reloadAllAccessors: .Uniform

===========================================================================================
----------------- testing Sat Jun 02 17:41:41 UTC 2018 /home/travis/build/icyphy/ptII/ptolemy/actor/lib/test/auto/UnionDisassemblerTest.xml
----------------- Instantiating /home/travis/build/icyphy/ptII/ptolemy/actor/lib/test/auto/UnionDisassemblerTest.xml
11 ms. Memory: 1724928K Free: 556957K (32%)
----------------- Invoking toplevel() on ptolemy.moml.MoMLSimpleApplication@424d1b51
----------------- Done invoking toplevel() on ptolemy.moml.MoMLSimpleApplication@424d1b51
reloadAllAccessors: .UnionDisassemblerTest

===========================================================================================
----------------- testing Sat Jun 02 17:41:41 UTC 2018 /home/travis/build/icyphy/ptII/ptolemy/actor/lib/test/auto/UtilityFunctions.xml
----------------- Instantiating /home/travis/build/icyphy/ptII/ptolemy/actor/lib/test/auto/UtilityFunctions.xml
9 ms. Memory: 1724928K Free: 540717K (31%)
----------------- Invoking toplevel() on ptolemy.moml.MoMLSimpleApplication@3484681b
----------------- Done invoking toplevel() on ptolemy.moml.MoMLSimpleApplication@3484681b
reloadAllAccessors: .UtilityFunctions

===========================================================================================
----------------- testing Sat Jun 02 17:41:41 UTC 2018 /home/travis/build/icyphy/ptII/ptolemy/actor/lib/test/auto/VariableSleep.xml
----------------- Instantiating /home/travis/build/icyphy/ptII/ptolemy/actor/lib/test/auto/VariableSleep.xml
509 ms. Memory: 1724928K Free: 519910K (30%)
----------------- Invoking toplevel() on ptolemy.moml.MoMLSimpleApplication@16770cc1
----------------- Done invoking toplevel() on ptolemy.moml.MoMLSimpleApplication@16770cc1
reloadAllAccessors: .VariableSleep

===========================================================================================
----------------- testing Sat Jun 02 17:41:41 UTC 2018 /home/travis/build/icyphy/ptII/ptolemy/actor/lib/test/auto/VectorAssemblerDisassemblerCT.xml
----------------- Instantiating /home/travis/build/icyphy/ptII/ptolemy/actor/lib/test/auto/VectorAssemblerDisassemblerCT.xml
60 ms. Memory: 1724928K Free: 487412K (28%)
----------------- Invoking toplevel() on ptolemy.moml.MoMLSimpleApplication@7cc1b9ba
----------------- Done invoking toplevel() on ptolemy.moml.MoMLSimpleApplication@7cc1b9ba
reloadAllAccessors: .VectorAssemblerDisassemblerCT

===========================================================================================
----------------- testing Sat Jun 02 17:41:42 UTC 2018 /home/travis/build/icyphy/ptII/ptolemy/actor/lib/test/auto/VectorAssemblerDisassemblerDE.xml
----------------- Instantiating /home/travis/build/icyphy/ptII/ptolemy/actor/lib/test/auto/VectorAssemblerDisassemblerDE.xml
2 ms. Memory: 1724928K Free: 466606K (27%)
----------------- Invoking toplevel() on ptolemy.moml.MoMLSimpleApplication@6801e2c2
----------------- Done invoking toplevel() on ptolemy.moml.MoMLSimpleApplication@6801e2c2
reloadAllAccessors: .VectorAssemblerDisassemblerDE

===========================================================================================
----------------- testing Sat Jun 02 17:41:42 UTC 2018 /home/travis/build/icyphy/ptII/ptolemy/actor/lib/test/auto/VectorAssemblerDisassemblerSDF.xml
----------------- Instantiating /home/travis/build/icyphy/ptII/ptolemy/actor/lib/test/auto/VectorAssemblerDisassemblerSDF.xml
3 ms. Memory: 1724928K Free: 445799K (26%)
----------------- Invoking toplevel() on ptolemy.moml.MoMLSimpleApplication@49f8137c
----------------- Done invoking toplevel() on ptolemy.moml.MoMLSimpleApplication@49f8137c
reloadAllAccessors: .VectorAssemblerDisassemblerSDF

===========================================================================================
----------------- testing Sat Jun 02 17:41:42 UTC 2018 /home/travis/build/icyphy/ptII/ptolemy/actor/lib/test/auto/WallClockTime.xml
----------------- Instantiating /home/travis/build/icyphy/ptII/ptolemy/actor/lib/test/auto/WallClockTime.xml
1005 ms. Memory: 1724928K Free: 429558K (25%)
----------------- Invoking toplevel() on ptolemy.moml.MoMLSimpleApplication@bb5265b
----------------- Done invoking toplevel() on ptolemy.moml.MoMLSimpleApplication@bb5265b
reloadAllAccessors: .WallClockTime

===========================================================================================
----------------- testing Sat Jun 02 17:41:43 UTC 2018 /home/travis/build/icyphy/ptII/ptolemy/actor/lib/test/auto/WidthTestWithSubscriberPublisher.xml
----------------- Instantiating /home/travis/build/icyphy/ptII/ptolemy/actor/lib/test/auto/WidthTestWithSubscriberPublisher.xml
6 ms. Memory: 1724928K Free: 400615K (23%)
----------------- Invoking toplevel() on ptolemy.moml.MoMLSimpleApplication@5ed87e
----------------- Done invoking toplevel() on ptolemy.moml.MoMLSimpleApplication@5ed87e
reloadAllAccessors: .WidthTestWithSubscriberPublisher

===========================================================================================
----------------- testing Sat Jun 02 17:41:43 UTC 2018 /home/travis/build/icyphy/ptII/ptolemy/actor/lib/test/auto/WidthTestWithSubscriberPublisher2.xml
----------------- Instantiating /home/travis/build/icyphy/ptII/ptolemy/actor/lib/test/auto/WidthTestWithSubscriberPublisher2.xml
3 ms. Memory: 1724928K Free: 384375K (22%)
----------------- Invoking toplevel() on ptolemy.moml.MoMLSimpleApplication@1e7cd01b
----------------- Done invoking toplevel() on ptolemy.moml.MoMLSimpleApplication@1e7cd01b
reloadAllAccessors: .WidthTestWithSubscriberPublisher2

===========================================================================================
----------------- testing Sat Jun 02 17:41:43 UTC 2018 /home/travis/build/icyphy/ptII/ptolemy/actor/lib/test/auto/WidthTestWithSubscriberPublisher3.xml
----------------- Instantiating /home/travis/build/icyphy/ptII/ptolemy/actor/lib/test/auto/WidthTestWithSubscriberPublisher3.xml
1 ms. Memory: 1724928K Free: 363568K (21%)
----------------- Invoking toplevel() on ptolemy.moml.MoMLSimpleApplication@28713f5a
----------------- Done invoking toplevel() on ptolemy.moml.MoMLSimpleApplication@28713f5a
reloadAllAccessors: .WidthTestWithSubscriberPublisher3

===========================================================================================
----------------- testing Sat Jun 02 17:41:43 UTC 2018 /home/travis/build/icyphy/ptII/ptolemy/actor/lib/test/auto/Writer.xml
----------------- Instantiating /home/travis/build/icyphy/ptII/ptolemy/actor/lib/test/auto/Writer.xml
0
1
2
3
4
1 ms. Memory: 1724928K Free: 347327K (20%)
----------------- Invoking toplevel() on ptolemy.moml.MoMLSimpleApplication@5739606c
----------------- Done invoking toplevel() on ptolemy.moml.MoMLSimpleApplication@5739606c
reloadAllAccessors: .Writer

===========================================================================================
----------------- testing Sat Jun 02 17:41:43 UTC 2018 /home/travis/build/icyphy/ptII/ptolemy/actor/lib/test/auto/array.xml
----------------- Instantiating /home/travis/build/icyphy/ptII/ptolemy/actor/lib/test/auto/array.xml
2 ms. Memory: 1724928K Free: 326520K (19%)
----------------- Invoking toplevel() on ptolemy.moml.MoMLSimpleApplication@207620e8
----------------- Done invoking toplevel() on ptolemy.moml.MoMLSimpleApplication@207620e8
reloadAllAccessors: .array

===========================================================================================
----------------- testing Sat Jun 02 17:41:43 UTC 2018 /home/travis/build/icyphy/ptII/ptolemy/actor/lib/test/auto/array2.xml
----------------- Instantiating /home/travis/build/icyphy/ptII/ptolemy/actor/lib/test/auto/array2.xml
8 ms. Memory: 1724928K Free: 305713K (18%)
----------------- Invoking toplevel() on ptolemy.moml.MoMLSimpleApplication@52af47a8
----------------- Done invoking toplevel() on ptolemy.moml.MoMLSimpleApplication@52af47a8
reloadAllAccessors: .array2

===========================================================================================
----------------- testing Sat Jun 02 17:41:43 UTC 2018 /home/travis/build/icyphy/ptII/ptolemy/actor/lib/test/auto/arrayType.xml
----------------- Instantiating /home/travis/build/icyphy/ptII/ptolemy/actor/lib/test/auto/arrayType.xml
1 ms. Memory: 1724928K Free: 289472K (17%)
----------------- Invoking toplevel() on ptolemy.moml.MoMLSimpleApplication@3bfc6312
----------------- Done invoking toplevel() on ptolemy.moml.MoMLSimpleApplication@3bfc6312
reloadAllAccessors: .arrayType

===========================================================================================
----------------- testing Sat Jun 02 17:41:43 UTC 2018 /home/travis/build/icyphy/ptII/ptolemy/actor/lib/test/auto/arrayType10.xml
----------------- Instantiating /home/travis/build/icyphy/ptII/ptolemy/actor/lib/test/auto/arrayType10.xml
1 ms. Memory: 1724928K Free: 268666K (16%)
----------------- Invoking toplevel() on ptolemy.moml.MoMLSimpleApplication@4de31d2
----------------- Done invoking toplevel() on ptolemy.moml.MoMLSimpleApplication@4de31d2
reloadAllAccessors: .arrayType10

===========================================================================================
----------------- testing Sat Jun 02 17:41:43 UTC 2018 /home/travis/build/icyphy/ptII/ptolemy/actor/lib/test/auto/arrayType11.xml
----------------- Instantiating /home/travis/build/icyphy/ptII/ptolemy/actor/lib/test/auto/arrayType11.xml
1 ms. Memory: 1724928K Free: 252425K (15%)
----------------- Invoking toplevel() on ptolemy.moml.MoMLSimpleApplication@3543aa36
----------------- Done invoking toplevel() on ptolemy.moml.MoMLSimpleApplication@3543aa36
reloadAllAccessors: .arrayType11

===========================================================================================
----------------- testing Sat Jun 02 17:41:43 UTC 2018 /home/travis/build/icyphy/ptII/ptolemy/actor/lib/test/auto/arrayType12.xml
----------------- Instantiating /home/travis/build/icyphy/ptII/ptolemy/actor/lib/test/auto/arrayType12.xml
1 ms. Memory: 1724928K Free: 231618K (13%)
----------------- Invoking toplevel() on ptolemy.moml.MoMLSimpleApplication@6c7c4c1a
----------------- Done invoking toplevel() on ptolemy.moml.MoMLSimpleApplication@6c7c4c1a
reloadAllAccessors: .arrayType12

===========================================================================================
----------------- testing Sat Jun 02 17:41:43 UTC 2018 /home/travis/build/icyphy/ptII/ptolemy/actor/lib/test/auto/arrayType13.xml
----------------- Instantiating /home/travis/build/icyphy/ptII/ptolemy/actor/lib/test/auto/arrayType13.xml
1 ms. Memory: 1724928K Free: 210811K (12%)
----------------- Invoking toplevel() on ptolemy.moml.MoMLSimpleApplication@7d4134a6
----------------- Done invoking toplevel() on ptolemy.moml.MoMLSimpleApplication@7d4134a6
reloadAllAccessors: .arrayType13

===========================================================================================
----------------- testing Sat Jun 02 17:41:43 UTC 2018 /home/travis/build/icyphy/ptII/ptolemy/actor/lib/test/auto/arrayType14.xml
----------------- Instantiating /home/travis/build/icyphy/ptII/ptolemy/actor/lib/test/auto/arrayType14.xml
2 ms. Memory: 1724928K Free: 194571K (11%)
----------------- Invoking toplevel() on ptolemy.moml.MoMLSimpleApplication@45ef75b3
----------------- Done invoking toplevel() on ptolemy.moml.MoMLSimpleApplication@45ef75b3
reloadAllAccessors: .arrayType14

===========================================================================================
----------------- testing Sat Jun 02 17:41:43 UTC 2018 /home/travis/build/icyphy/ptII/ptolemy/actor/lib/test/auto/arrayType15.xml
----------------- Instantiating /home/travis/build/icyphy/ptII/ptolemy/actor/lib/test/auto/arrayType15.xml
2 ms. Memory: 1724928K Free: 173764K (10%)
----------------- Invoking toplevel() on ptolemy.moml.MoMLSimpleApplication@5064c14d
----------------- Done invoking toplevel() on ptolemy.moml.MoMLSimpleApplication@5064c14d
reloadAllAccessors: .arrayType15

===========================================================================================
----------------- testing Sat Jun 02 17:41:43 UTC 2018 /home/travis/build/icyphy/ptII/ptolemy/actor/lib/test/auto/arrayType16.xml
----------------- Instantiating /home/travis/build/icyphy/ptII/ptolemy/actor/lib/test/auto/arrayType16.xml
2 ms. Memory: 1724928K Free: 157523K (9%)
----------------- Invoking toplevel() on ptolemy.moml.MoMLSimpleApplication@6c41b9e
----------------- Done invoking toplevel() on ptolemy.moml.MoMLSimpleApplication@6c41b9e
reloadAllAccessors: .arrayType16

===========================================================================================
----------------- testing Sat Jun 02 17:41:43 UTC 2018 /home/travis/build/icyphy/ptII/ptolemy/actor/lib/test/auto/arrayType17.xml
----------------- Instantiating /home/travis/build/icyphy/ptII/ptolemy/actor/lib/test/auto/arrayType17.xml
2 ms. Memory: 1724928K Free: 136716K (8%)
----------------- Invoking toplevel() on ptolemy.moml.MoMLSimpleApplication@4b080eea
----------------- Done invoking toplevel() on ptolemy.moml.MoMLSimpleApplication@4b080eea
reloadAllAccessors: .arrayType17

===========================================================================================
----------------- testing Sat Jun 02 17:41:43 UTC 2018 /home/travis/build/icyphy/ptII/ptolemy/actor/lib/test/auto/arrayType18.xml
----------------- Instantiating /home/travis/build/icyphy/ptII/ptolemy/actor/lib/test/auto/arrayType18.xml
2 ms. Memory: 1724928K Free: 120476K (7%)
----------------- Invoking toplevel() on ptolemy.moml.MoMLSimpleApplication@6ddade7c
----------------- Done invoking toplevel() on ptolemy.moml.MoMLSimpleApplication@6ddade7c
reloadAllAccessors: .arrayType18

===========================================================================================
----------------- testing Sat Jun 02 17:41:43 UTC 2018 /home/travis/build/icyphy/ptII/ptolemy/actor/lib/test/auto/arrayType19.xml
----------------- Instantiating /home/travis/build/icyphy/ptII/ptolemy/actor/lib/test/auto/arrayType19.xml
2 ms. Memory: 1724928K Free: 99669K (6%)
----------------- Invoking toplevel() on ptolemy.moml.MoMLSimpleApplication@51cdb57c
----------------- Done invoking toplevel() on ptolemy.moml.MoMLSimpleApplication@51cdb57c
reloadAllAccessors: .arrayType19

===========================================================================================
----------------- testing Sat Jun 02 17:41:43 UTC 2018 /home/travis/build/icyphy/ptII/ptolemy/actor/lib/test/auto/arrayType2.xml
----------------- Instantiating /home/travis/build/icyphy/ptII/ptolemy/actor/lib/test/auto/arrayType2.xml
2 ms. Memory: 1724928K Free: 78862K (5%)
----------------- Invoking toplevel() on ptolemy.moml.MoMLSimpleApplication@5be4bea7
----------------- Done invoking toplevel() on ptolemy.moml.MoMLSimpleApplication@5be4bea7
reloadAllAccessors: .arrayType2

===========================================================================================
----------------- testing Sat Jun 02 17:41:43 UTC 2018 /home/travis/build/icyphy/ptII/ptolemy/actor/lib/test/auto/arrayType20.xml
----------------- Instantiating /home/travis/build/icyphy/ptII/ptolemy/actor/lib/test/auto/arrayType20.xml
1 ms. Memory: 1724928K Free: 62622K (4%)
----------------- Invoking toplevel() on ptolemy.moml.MoMLSimpleApplication@50b83e7a
----------------- Done invoking toplevel() on ptolemy.moml.MoMLSimpleApplication@50b83e7a
reloadAllAccessors: .arrayType20

===========================================================================================
----------------- testing Sat Jun 02 17:41:43 UTC 2018 /home/travis/build/icyphy/ptII/ptolemy/actor/lib/test/auto/arrayType21.xml
----------------- Instantiating /home/travis/build/icyphy/ptII/ptolemy/actor/lib/test/auto/arrayType21.xml
1 ms. Memory: 1739264K Free: 1676294K (96%)
----------------- Invoking toplevel() on ptolemy.moml.MoMLSimpleApplication@7f041748
----------------- Done invoking toplevel() on ptolemy.moml.MoMLSimpleApplication@7f041748
reloadAllAccessors: .arrayType21

===========================================================================================
----------------- testing Sat Jun 02 17:41:43 UTC 2018 /home/travis/build/icyphy/ptII/ptolemy/actor/lib/test/auto/arrayType22.xml
----------------- Instantiating /home/travis/build/icyphy/ptII/ptolemy/actor/lib/test/auto/arrayType22.xml
1 ms. Memory: 1739264K Free: 1655629K (95%)
----------------- Invoking toplevel() on ptolemy.moml.MoMLSimpleApplication@279c8fe3
----------------- Done invoking toplevel() on ptolemy.moml.MoMLSimpleApplication@279c8fe3
reloadAllAccessors: .arrayType22

===========================================================================================
----------------- testing Sat Jun 02 17:41:43 UTC 2018 /home/travis/build/icyphy/ptII/ptolemy/actor/lib/test/auto/arrayType23.xml
----------------- Instantiating /home/travis/build/icyphy/ptII/ptolemy/actor/lib/test/auto/arrayType23.xml
2 ms. Memory: 1739264K Free: 1634965K (94%)
----------------- Invoking toplevel() on ptolemy.moml.MoMLSimpleApplication@665dcff3
----------------- Done invoking toplevel() on ptolemy.moml.MoMLSimpleApplication@665dcff3
reloadAllAccessors: .arrayType23

===========================================================================================
----------------- testing Sat Jun 02 17:41:43 UTC 2018 /home/travis/build/icyphy/ptII/ptolemy/actor/lib/test/auto/arrayType24.xml
----------------- Instantiating /home/travis/build/icyphy/ptII/ptolemy/actor/lib/test/auto/arrayType24.xml
1 ms. Memory: 1739264K Free: 1618724K (93%)
----------------- Invoking toplevel() on ptolemy.moml.MoMLSimpleApplication@32c61ee5
----------------- Done invoking toplevel() on ptolemy.moml.MoMLSimpleApplication@32c61ee5
reloadAllAccessors: .arrayType24

===========================================================================================
----------------- testing Sat Jun 02 17:41:43 UTC 2018 /home/travis/build/icyphy/ptII/ptolemy/actor/lib/test/auto/arrayType25.xml
----------------- Instantiating /home/travis/build/icyphy/ptII/ptolemy/actor/lib/test/auto/arrayType25.xml
1 ms. Memory: 1739264K Free: 1598060K (92%)
----------------- Invoking toplevel() on ptolemy.moml.MoMLSimpleApplication@5c7780bc
----------------- Done invoking toplevel() on ptolemy.moml.MoMLSimpleApplication@5c7780bc
reloadAllAccessors: .arrayType25

===========================================================================================
----------------- testing Sat Jun 02 17:41:43 UTC 2018 /home/travis/build/icyphy/ptII/ptolemy/actor/lib/test/auto/arrayType26.xml
----------------- Instantiating /home/travis/build/icyphy/ptII/ptolemy/actor/lib/test/auto/arrayType26.xml
1 ms. Memory: 1739264K Free: 1577395K (91%)
----------------- Invoking toplevel() on ptolemy.moml.MoMLSimpleApplication@345974cc
----------------- Done invoking toplevel() on ptolemy.moml.MoMLSimpleApplication@345974cc
reloadAllAccessors: .arrayType26

===========================================================================================
----------------- testing Sat Jun 02 17:41:43 UTC 2018 /home/travis/build/icyphy/ptII/ptolemy/actor/lib/test/auto/arrayType27.xml
----------------- Instantiating /home/travis/build/icyphy/ptII/ptolemy/actor/lib/test/auto/arrayType27.xml
2 ms. Memory: 1739264K Free: 1561155K (90%)
----------------- Invoking toplevel() on ptolemy.moml.MoMLSimpleApplication@7f2e186c
----------------- Done invoking toplevel() on ptolemy.moml.MoMLSimpleApplication@7f2e186c
reloadAllAccessors: .arrayType27

===========================================================================================
----------------- testing Sat Jun 02 17:41:43 UTC 2018 /home/travis/build/icyphy/ptII/ptolemy/actor/lib/test/auto/arrayType28.xml
----------------- Instantiating /home/travis/build/icyphy/ptII/ptolemy/actor/lib/test/auto/arrayType28.xml
1 ms. Memory: 1739264K Free: 1540490K (89%)
----------------- Invoking toplevel() on ptolemy.moml.MoMLSimpleApplication@108ee544
----------------- Done invoking toplevel() on ptolemy.moml.MoMLSimpleApplication@108ee544
reloadAllAccessors: .arrayType28

===========================================================================================
----------------- testing Sat Jun 02 17:41:43 UTC 2018 /home/travis/build/icyphy/ptII/ptolemy/actor/lib/test/auto/arrayType3.xml
----------------- Instantiating /home/travis/build/icyphy/ptII/ptolemy/actor/lib/test/auto/arrayType3.xml
2 ms. Memory: 1739264K Free: 1524249K (88%)
----------------- Invoking toplevel() on ptolemy.moml.MoMLSimpleApplication@409eae4f
----------------- Done invoking toplevel() on ptolemy.moml.MoMLSimpleApplication@409eae4f
reloadAllAccessors: .arrayType3

===========================================================================================
----------------- testing Sat Jun 02 17:41:43 UTC 2018 /home/travis/build/icyphy/ptII/ptolemy/actor/lib/test/auto/arrayType4.xml
----------------- Instantiating /home/travis/build/icyphy/ptII/ptolemy/actor/lib/test/auto/arrayType4.xml
1 ms. Memory: 1739264K Free: 1503584K (86%)
----------------- Invoking toplevel() on ptolemy.moml.MoMLSimpleApplication@2233fa2c
----------------- Done invoking toplevel() on ptolemy.moml.MoMLSimpleApplication@2233fa2c
reloadAllAccessors: .arrayType4

===========================================================================================
----------------- testing Sat Jun 02 17:41:43 UTC 2018 /home/travis/build/icyphy/ptII/ptolemy/actor/lib/test/auto/arrayType5.xml
----------------- Instantiating /home/travis/build/icyphy/ptII/ptolemy/actor/lib/test/auto/arrayType5.xml
1 ms. Memory: 1739264K Free: 1482919K (85%)
----------------- Invoking toplevel() on ptolemy.moml.MoMLSimpleApplication@7426648e
----------------- Done invoking toplevel() on ptolemy.moml.MoMLSimpleApplication@7426648e
reloadAllAccessors: .arrayType5

===========================================================================================
----------------- testing Sat Jun 02 17:41:43 UTC 2018 /home/travis/build/icyphy/ptII/ptolemy/actor/lib/test/auto/arrayType6.xml
----------------- Instantiating /home/travis/build/icyphy/ptII/ptolemy/actor/lib/test/auto/arrayType6.xml
1 ms. Memory: 1739264K Free: 1466679K (84%)
----------------- Invoking toplevel() on ptolemy.moml.MoMLSimpleApplication@6d045df2
----------------- Done invoking toplevel() on ptolemy.moml.MoMLSimpleApplication@6d045df2
reloadAllAccessors: .arrayType6

===========================================================================================
----------------- testing Sat Jun 02 17:41:43 UTC 2018 /home/travis/build/icyphy/ptII/ptolemy/actor/lib/test/auto/arrayType7.xml
----------------- Instantiating /home/travis/build/icyphy/ptII/ptolemy/actor/lib/test/auto/arrayType7.xml
1 ms. Memory: 1739264K Free: 1446014K (83%)
----------------- Invoking toplevel() on ptolemy.moml.MoMLSimpleApplication@39233b3b
----------------- Done invoking toplevel() on ptolemy.moml.MoMLSimpleApplication@39233b3b
reloadAllAccessors: .arrayType7

===========================================================================================
----------------- testing Sat Jun 02 17:41:43 UTC 2018 /home/travis/build/icyphy/ptII/ptolemy/actor/lib/test/auto/arrayType8.xml
----------------- Instantiating /home/travis/build/icyphy/ptII/ptolemy/actor/lib/test/auto/arrayType8.xml
2 ms. Memory: 1739264K Free: 1429735K (82%)
----------------- Invoking toplevel() on ptolemy.moml.MoMLSimpleApplication@39291c11
----------------- Done invoking toplevel() on ptolemy.moml.MoMLSimpleApplication@39291c11
reloadAllAccessors: .arrayType8

===========================================================================================
----------------- testing Sat Jun 02 17:41:43 UTC 2018 /home/travis/build/icyphy/ptII/ptolemy/actor/lib/test/auto/arrayType9.xml
----------------- Instantiating /home/travis/build/icyphy/ptII/ptolemy/actor/lib/test/auto/arrayType9.xml
1 ms. Memory: 1739264K Free: 1409070K (81%)
----------------- Invoking toplevel() on ptolemy.moml.MoMLSimpleApplication@5d08768b
----------------- Done invoking toplevel() on ptolemy.moml.MoMLSimpleApplication@5d08768b
reloadAllAccessors: .arrayType9

===========================================================================================
----------------- testing Sat Jun 02 17:41:43 UTC 2018 /home/travis/build/icyphy/ptII/ptolemy/actor/lib/test/auto/cast.xml
----------------- Instantiating /home/travis/build/icyphy/ptII/ptolemy/actor/lib/test/auto/cast.xml
2 ms. Memory: 1739264K Free: 1388406K (80%)
----------------- Invoking toplevel() on ptolemy.moml.MoMLSimpleApplication@16488139
----------------- Done invoking toplevel() on ptolemy.moml.MoMLSimpleApplication@16488139
reloadAllAccessors: .cast

===========================================================================================
----------------- testing Sat Jun 02 17:41:43 UTC 2018 /home/travis/build/icyphy/ptII/ptolemy/actor/lib/test/auto/compositeMultiPort.xml
----------------- Instantiating /home/travis/build/icyphy/ptII/ptolemy/actor/lib/test/auto/compositeMultiPort.xml
3 ms. Memory: 1739264K Free: 1372165K (79%)
----------------- Invoking toplevel() on ptolemy.moml.MoMLSimpleApplication@41848b5b
----------------- Done invoking toplevel() on ptolemy.moml.MoMLSimpleApplication@41848b5b
reloadAllAccessors: .compositeMultiPort

===========================================================================================
----------------- testing Sat Jun 02 17:41:43 UTC 2018 /home/travis/build/icyphy/ptII/ptolemy/actor/lib/test/auto/expressionCastInference.xml
----------------- Instantiating /home/travis/build/icyphy/ptII/ptolemy/actor/lib/test/auto/expressionCastInference.xml
2 ms. Memory: 1739264K Free: 1351501K (78%)
----------------- Invoking toplevel() on ptolemy.moml.MoMLSimpleApplication@44c508f8
----------------- Done invoking toplevel() on ptolemy.moml.MoMLSimpleApplication@44c508f8
reloadAllAccessors: .expressionCastInference

===========================================================================================
----------------- testing Sat Jun 02 17:41:43 UTC 2018 /home/travis/build/icyphy/ptII/ptolemy/actor/lib/test/auto/expressionCastInference2.xml
----------------- Instantiating /home/travis/build/icyphy/ptII/ptolemy/actor/lib/test/auto/expressionCastInference2.xml
2 ms. Memory: 1739264K Free: 1335260K (77%)
----------------- Invoking toplevel() on ptolemy.moml.MoMLSimpleApplication@d969305
----------------- Done invoking toplevel() on ptolemy.moml.MoMLSimpleApplication@d969305
reloadAllAccessors: .expressionCastInference2

===========================================================================================
----------------- testing Sat Jun 02 17:41:43 UTC 2018 /home/travis/build/icyphy/ptII/ptolemy/actor/lib/test/auto/expressionInference.xml
----------------- Instantiating /home/travis/build/icyphy/ptII/ptolemy/actor/lib/test/auto/expressionInference.xml
1 ms. Memory: 1739264K Free: 1314595K (76%)
----------------- Invoking toplevel() on ptolemy.moml.MoMLSimpleApplication@679dacbe
----------------- Done invoking toplevel() on ptolemy.moml.MoMLSimpleApplication@679dacbe
reloadAllAccessors: .expressionInference

===========================================================================================
----------------- testing Sat Jun 02 17:41:43 UTC 2018 /home/travis/build/icyphy/ptII/ptolemy/actor/lib/test/auto/expression_bug.xml
----------------- Instantiating /home/travis/build/icyphy/ptII/ptolemy/actor/lib/test/auto/expression_bug.xml
2 ms. Memory: 1739264K Free: 1293931K (74%)
----------------- Invoking toplevel() on ptolemy.moml.MoMLSimpleApplication@499697a8
----------------- Done invoking toplevel() on ptolemy.moml.MoMLSimpleApplication@499697a8
reloadAllAccessors: .expression_bug

===========================================================================================
----------------- testing Sat Jun 02 17:41:43 UTC 2018 /home/travis/build/icyphy/ptII/ptolemy/actor/lib/test/auto/factorial.xml
----------------- Instantiating /home/travis/build/icyphy/ptII/ptolemy/actor/lib/test/auto/factorial.xml
27 ms. Memory: 1739264K Free: 1277690K (73%)
----------------- Invoking toplevel() on ptolemy.moml.MoMLSimpleApplication@63d5618b
----------------- Done invoking toplevel() on ptolemy.moml.MoMLSimpleApplication@63d5618b
reloadAllAccessors: .factorial

===========================================================================================
----------------- testing Sat Jun 02 17:41:43 UTC 2018 /home/travis/build/icyphy/ptII/ptolemy/actor/lib/test/auto/filterTest1.xml
----------------- Instantiating /home/travis/build/icyphy/ptII/ptolemy/actor/lib/test/auto/filterTest1.xml
3 ms. Memory: 1739264K Free: 1257026K (72%)
----------------- Invoking toplevel() on ptolemy.moml.MoMLSimpleApplication@587877bd
----------------- Done invoking toplevel() on ptolemy.moml.MoMLSimpleApplication@587877bd
reloadAllAccessors: .filterTest1

===========================================================================================
----------------- testing Sat Jun 02 17:41:43 UTC 2018 /home/travis/build/icyphy/ptII/ptolemy/actor/lib/test/auto/funcApplyInConst.xml
----------------- Instantiating /home/travis/build/icyphy/ptII/ptolemy/actor/lib/test/auto/funcApplyInConst.xml
1 ms. Memory: 1739264K Free: 1240785K (71%)
----------------- Invoking toplevel() on ptolemy.moml.MoMLSimpleApplication@d07e4ca
----------------- Done invoking toplevel() on ptolemy.moml.MoMLSimpleApplication@d07e4ca
reloadAllAccessors: .funcApplyInConst

===========================================================================================
----------------- testing Sat Jun 02 17:41:43 UTC 2018 /home/travis/build/icyphy/ptII/ptolemy/actor/lib/test/auto/funcApplyInExpr.xml
----------------- Instantiating /home/travis/build/icyphy/ptII/ptolemy/actor/lib/test/auto/funcApplyInExpr.xml
1 ms. Memory: 1739264K Free: 1220121K (70%)
----------------- Invoking toplevel() on ptolemy.moml.MoMLSimpleApplication@2dd856a9
----------------- Done invoking toplevel() on ptolemy.moml.MoMLSimpleApplication@2dd856a9
reloadAllAccessors: .funcApplyInExpr

===========================================================================================
----------------- testing Sat Jun 02 17:41:43 UTC 2018 /home/travis/build/icyphy/ptII/ptolemy/actor/lib/test/auto/function.xml
----------------- Instantiating /home/travis/build/icyphy/ptII/ptolemy/actor/lib/test/auto/function.xml
1 ms. Memory: 1739264K Free: 1199456K (69%)
----------------- Invoking toplevel() on ptolemy.moml.MoMLSimpleApplication@105808f8
----------------- Done invoking toplevel() on ptolemy.moml.MoMLSimpleApplication@105808f8
reloadAllAccessors: .function

===========================================================================================
----------------- testing Sat Jun 02 17:41:43 UTC 2018 /home/travis/build/icyphy/ptII/ptolemy/actor/lib/test/auto/function2.xml
----------------- Instantiating /home/travis/build/icyphy/ptII/ptolemy/actor/lib/test/auto/function2.xml
1 ms. Memory: 1739264K Free: 1183216K (68%)
----------------- Invoking toplevel() on ptolemy.moml.MoMLSimpleApplication@46d2bdc8
----------------- Done invoking toplevel() on ptolemy.moml.MoMLSimpleApplication@46d2bdc8
reloadAllAccessors: .function2

===========================================================================================
----------------- testing Sat Jun 02 17:41:43 UTC 2018 /home/travis/build/icyphy/ptII/ptolemy/actor/lib/test/auto/function3.xml
----------------- Instantiating /home/travis/build/icyphy/ptII/ptolemy/actor/lib/test/auto/function3.xml
1 ms. Memory: 1739264K Free: 1162551K (67%)
----------------- Invoking toplevel() on ptolemy.moml.MoMLSimpleApplication@6f455b1e
----------------- Done invoking toplevel() on ptolemy.moml.MoMLSimpleApplication@6f455b1e
reloadAllAccessors: .function3

===========================================================================================
----------------- testing Sat Jun 02 17:41:43 UTC 2018 /home/travis/build/icyphy/ptII/ptolemy/actor/lib/test/auto/functionClosureTest1.xml
----------------- Instantiating /home/travis/build/icyphy/ptII/ptolemy/actor/lib/test/auto/functionClosureTest1.xml
2 ms. Memory: 1739264K Free: 1141887K (66%)
----------------- Invoking toplevel() on ptolemy.moml.MoMLSimpleApplication@7692f37d
----------------- Done invoking toplevel() on ptolemy.moml.MoMLSimpleApplication@7692f37d
reloadAllAccessors: .functionClosureTest1

===========================================================================================
----------------- testing Sat Jun 02 17:41:43 UTC 2018 /home/travis/build/icyphy/ptII/ptolemy/actor/lib/test/auto/functionClosureTest2.xml
----------------- Instantiating /home/travis/build/icyphy/ptII/ptolemy/actor/lib/test/auto/functionClosureTest2.xml
1 ms. Memory: 1739264K Free: 1125646K (65%)
----------------- Invoking toplevel() on ptolemy.moml.MoMLSimpleApplication@622a39fb
----------------- Done invoking toplevel() on ptolemy.moml.MoMLSimpleApplication@622a39fb
reloadAllAccessors: .functionClosureTest2

===========================================================================================
----------------- testing Sat Jun 02 17:41:43 UTC 2018 /home/travis/build/icyphy/ptII/ptolemy/actor/lib/test/auto/functionClosureTest3.xml
----------------- Instantiating /home/travis/build/icyphy/ptII/ptolemy/actor/lib/test/auto/functionClosureTest3.xml
1 ms. Memory: 1739264K Free: 1104982K (64%)
----------------- Invoking toplevel() on ptolemy.moml.MoMLSimpleApplication@18e0ed3e
----------------- Done invoking toplevel() on ptolemy.moml.MoMLSimpleApplication@18e0ed3e
reloadAllAccessors: .functionClosureTest3

===========================================================================================
----------------- testing Sat Jun 02 17:41:43 UTC 2018 /home/travis/build/icyphy/ptII/ptolemy/actor/lib/test/auto/functionClosureTest4.xml
----------------- Instantiating /home/travis/build/icyphy/ptII/ptolemy/actor/lib/test/auto/functionClosureTest4.xml
2 ms. Memory: 1739264K Free: 1088741K (63%)
----------------- Invoking toplevel() on ptolemy.moml.MoMLSimpleApplication@65bb5b7b
----------------- Done invoking toplevel() on ptolemy.moml.MoMLSimpleApplication@65bb5b7b
reloadAllAccessors: .functionClosureTest4

===========================================================================================
----------------- testing Sat Jun 02 17:41:43 UTC 2018 /home/travis/build/icyphy/ptII/ptolemy/actor/lib/test/auto/functionClosureTest5.xml
----------------- Instantiating /home/travis/build/icyphy/ptII/ptolemy/actor/lib/test/auto/functionClosureTest5.xml
3 ms. Memory: 1739264K Free: 1068077K (61%)
----------------- Invoking toplevel() on ptolemy.moml.MoMLSimpleApplication@4ff68153
----------------- Done invoking toplevel() on ptolemy.moml.MoMLSimpleApplication@4ff68153
reloadAllAccessors: .functionClosureTest5

===========================================================================================
----------------- testing Sat Jun 02 17:41:43 UTC 2018 /home/travis/build/icyphy/ptII/ptolemy/actor/lib/test/auto/functionClosureTest6.xml
----------------- Instantiating /home/travis/build/icyphy/ptII/ptolemy/actor/lib/test/auto/functionClosureTest6.xml
1 ms. Memory: 1739264K Free: 1047412K (60%)
----------------- Invoking toplevel() on ptolemy.moml.MoMLSimpleApplication@6f19d802
----------------- Done invoking toplevel() on ptolemy.moml.MoMLSimpleApplication@6f19d802
reloadAllAccessors: .functionClosureTest6

===========================================================================================
----------------- testing Sat Jun 02 17:41:43 UTC 2018 /home/travis/build/icyphy/ptII/ptolemy/actor/lib/test/auto/functionsOnArcs.xml
----------------- Instantiating /home/travis/build/icyphy/ptII/ptolemy/actor/lib/test/auto/functionsOnArcs.xml
1 ms. Memory: 1739264K Free: 1031172K (59%)
----------------- Invoking toplevel() on ptolemy.moml.MoMLSimpleApplication@1478f4b9
----------------- Done invoking toplevel() on ptolemy.moml.MoMLSimpleApplication@1478f4b9
reloadAllAccessors: .functionsOnArcs

===========================================================================================
----------------- testing Sat Jun 02 17:41:43 UTC 2018 /home/travis/build/icyphy/ptII/ptolemy/actor/lib/test/auto/functionsOnArcsHOF.xml
----------------- Instantiating /home/travis/build/icyphy/ptII/ptolemy/actor/lib/test/auto/functionsOnArcsHOF.xml
2 ms. Memory: 1739264K Free: 1010507K (58%)
----------------- Invoking toplevel() on ptolemy.moml.MoMLSimpleApplication@41bedb45
----------------- Done invoking toplevel() on ptolemy.moml.MoMLSimpleApplication@41bedb45
reloadAllAccessors: .functionsOnArcsHOF

===========================================================================================
----------------- testing Sat Jun 02 17:41:44 UTC 2018 /home/travis/build/icyphy/ptII/ptolemy/actor/lib/test/auto/logic.xml
----------------- Instantiating /home/travis/build/icyphy/ptII/ptolemy/actor/lib/test/auto/logic.xml
2 ms. Memory: 1739264K Free: 994267K (57%)
----------------- Invoking toplevel() on ptolemy.moml.MoMLSimpleApplication@ff66a37
----------------- Done invoking toplevel() on ptolemy.moml.MoMLSimpleApplication@ff66a37
reloadAllAccessors: .logic

===========================================================================================
----------------- testing Sat Jun 02 17:41:44 UTC 2018 /home/travis/build/icyphy/ptII/ptolemy/actor/lib/test/auto/matrixType.xml
----------------- Instantiating /home/travis/build/icyphy/ptII/ptolemy/actor/lib/test/auto/matrixType.xml
2 ms. Memory: 1739264K Free: 973602K (56%)
----------------- Invoking toplevel() on ptolemy.moml.MoMLSimpleApplication@233cc6bd
----------------- Done invoking toplevel() on ptolemy.moml.MoMLSimpleApplication@233cc6bd
reloadAllAccessors: .matrixType

===========================================================================================
----------------- testing Sat Jun 02 17:41:44 UTC 2018 /home/travis/build/icyphy/ptII/ptolemy/actor/lib/test/auto/matrixType10.xml
----------------- Instantiating /home/travis/build/icyphy/ptII/ptolemy/actor/lib/test/auto/matrixType10.xml
1 ms. Memory: 1739264K Free: 952937K (55%)
----------------- Invoking toplevel() on ptolemy.moml.MoMLSimpleApplication@56d5aa47
----------------- Done invoking toplevel() on ptolemy.moml.MoMLSimpleApplication@56d5aa47
reloadAllAccessors: .matrixType10

===========================================================================================
----------------- testing Sat Jun 02 17:41:44 UTC 2018 /home/travis/build/icyphy/ptII/ptolemy/actor/lib/test/auto/matrixType11.xml
----------------- Instantiating /home/travis/build/icyphy/ptII/ptolemy/actor/lib/test/auto/matrixType11.xml
1 ms. Memory: 1739264K Free: 936697K (54%)
----------------- Invoking toplevel() on ptolemy.moml.MoMLSimpleApplication@292a500a
----------------- Done invoking toplevel() on ptolemy.moml.MoMLSimpleApplication@292a500a
reloadAllAccessors: .matrixType11

===========================================================================================
----------------- testing Sat Jun 02 17:41:44 UTC 2018 /home/travis/build/icyphy/ptII/ptolemy/actor/lib/test/auto/matrixType12.xml
----------------- Instantiating /home/travis/build/icyphy/ptII/ptolemy/actor/lib/test/auto/matrixType12.xml
1 ms. Memory: 1739264K Free: 916032K (53%)
----------------- Invoking toplevel() on ptolemy.moml.MoMLSimpleApplication@612c3a5a
----------------- Done invoking toplevel() on ptolemy.moml.MoMLSimpleApplication@612c3a5a
reloadAllAccessors: .matrixType12

===========================================================================================
----------------- testing Sat Jun 02 17:41:44 UTC 2018 /home/travis/build/icyphy/ptII/ptolemy/actor/lib/test/auto/matrixType13.xml
----------------- Instantiating /home/travis/build/icyphy/ptII/ptolemy/actor/lib/test/auto/matrixType13.xml
1 ms. Memory: 1739264K Free: 899792K (52%)
----------------- Invoking toplevel() on ptolemy.moml.MoMLSimpleApplication@7407afcc
----------------- Done invoking toplevel() on ptolemy.moml.MoMLSimpleApplication@7407afcc
reloadAllAccessors: .matrixType13

===========================================================================================
----------------- testing Sat Jun 02 17:41:44 UTC 2018 /home/travis/build/icyphy/ptII/ptolemy/actor/lib/test/auto/matrixType14.xml
----------------- Instantiating /home/travis/build/icyphy/ptII/ptolemy/actor/lib/test/auto/matrixType14.xml
1 ms. Memory: 1739264K Free: 879127K (51%)
----------------- Invoking toplevel() on ptolemy.moml.MoMLSimpleApplication@4c305717
----------------- Done invoking toplevel() on ptolemy.moml.MoMLSimpleApplication@4c305717
reloadAllAccessors: .matrixType14

===========================================================================================
----------------- testing Sat Jun 02 17:41:44 UTC 2018 /home/travis/build/icyphy/ptII/ptolemy/actor/lib/test/auto/matrixType2.xml
----------------- Instantiating /home/travis/build/icyphy/ptII/ptolemy/actor/lib/test/auto/matrixType2.xml
1 ms. Memory: 1739264K Free: 858463K (49%)
----------------- Invoking toplevel() on ptolemy.moml.MoMLSimpleApplication@2d272466
----------------- Done invoking toplevel() on ptolemy.moml.MoMLSimpleApplication@2d272466
reloadAllAccessors: .matrixType2

===========================================================================================
----------------- testing Sat Jun 02 17:41:44 UTC 2018 /home/travis/build/icyphy/ptII/ptolemy/actor/lib/test/auto/matrixType3.xml
----------------- Instantiating /home/travis/build/icyphy/ptII/ptolemy/actor/lib/test/auto/matrixType3.xml
1 ms. Memory: 1739264K Free: 842222K (48%)
----------------- Invoking toplevel() on ptolemy.moml.MoMLSimpleApplication@47bb6531
----------------- Done invoking toplevel() on ptolemy.moml.MoMLSimpleApplication@47bb6531
reloadAllAccessors: .matrixType3

===========================================================================================
----------------- testing Sat Jun 02 17:41:44 UTC 2018 /home/travis/build/icyphy/ptII/ptolemy/actor/lib/test/auto/matrixType4.xml
----------------- Instantiating /home/travis/build/icyphy/ptII/ptolemy/actor/lib/test/auto/matrixType4.xml
2 ms. Memory: 1739264K Free: 821558K (47%)
----------------- Invoking toplevel() on ptolemy.moml.MoMLSimpleApplication@d5ed216
----------------- Done invoking toplevel() on ptolemy.moml.MoMLSimpleApplication@d5ed216
reloadAllAccessors: .matrixType4

===========================================================================================
----------------- testing Sat Jun 02 17:41:44 UTC 2018 /home/travis/build/icyphy/ptII/ptolemy/actor/lib/test/auto/matrixType5.xml
----------------- Instantiating /home/travis/build/icyphy/ptII/ptolemy/actor/lib/test/auto/matrixType5.xml
1 ms. Memory: 1739264K Free: 800893K (46%)
----------------- Invoking toplevel() on ptolemy.moml.MoMLSimpleApplication@518c56f
----------------- Done invoking toplevel() on ptolemy.moml.MoMLSimpleApplication@518c56f
reloadAllAccessors: .matrixType5

===========================================================================================
----------------- testing Sat Jun 02 17:41:44 UTC 2018 /home/travis/build/icyphy/ptII/ptolemy/actor/lib/test/auto/matrixType6.xml
----------------- Instantiating /home/travis/build/icyphy/ptII/ptolemy/actor/lib/test/auto/matrixType6.xml
2 ms. Memory: 1739264K Free: 784653K (45%)
----------------- Invoking toplevel() on ptolemy.moml.MoMLSimpleApplication@3d808e84
----------------- Done invoking toplevel() on ptolemy.moml.MoMLSimpleApplication@3d808e84
reloadAllAccessors: .matrixType6

===========================================================================================
----------------- testing Sat Jun 02 17:41:44 UTC 2018 /home/travis/build/icyphy/ptII/ptolemy/actor/lib/test/auto/matrixType7.xml
----------------- Instantiating /home/travis/build/icyphy/ptII/ptolemy/actor/lib/test/auto/matrixType7.xml
2 ms. Memory: 1739264K Free: 763988K (44%)
----------------- Invoking toplevel() on ptolemy.moml.MoMLSimpleApplication@df75cd7
----------------- Done invoking toplevel() on ptolemy.moml.MoMLSimpleApplication@df75cd7
reloadAllAccessors: .matrixType7

===========================================================================================
----------------- testing Sat Jun 02 17:41:44 UTC 2018 /home/travis/build/icyphy/ptII/ptolemy/actor/lib/test/auto/matrixType8.xml
----------------- Instantiating /home/travis/build/icyphy/ptII/ptolemy/actor/lib/test/auto/matrixType8.xml
2 ms. Memory: 1739264K Free: 747748K (43%)
----------------- Invoking toplevel() on ptolemy.moml.MoMLSimpleApplication@9b72777
----------------- Done invoking toplevel() on ptolemy.moml.MoMLSimpleApplication@9b72777
reloadAllAccessors: .matrixType8

===========================================================================================
----------------- testing Sat Jun 02 17:41:44 UTC 2018 /home/travis/build/icyphy/ptII/ptolemy/actor/lib/test/auto/matrixType9.xml
----------------- Instantiating /home/travis/build/icyphy/ptII/ptolemy/actor/lib/test/auto/matrixType9.xml
1 ms. Memory: 1739264K Free: 727083K (42%)
----------------- Invoking toplevel() on ptolemy.moml.MoMLSimpleApplication@3b6dc083
----------------- Done invoking toplevel() on ptolemy.moml.MoMLSimpleApplication@3b6dc083
reloadAllAccessors: .matrixType9

===========================================================================================
----------------- testing Sat Jun 02 17:41:44 UTC 2018 /home/travis/build/icyphy/ptII/ptolemy/actor/lib/test/auto/paraFunctest.xml
----------------- Instantiating /home/travis/build/icyphy/ptII/ptolemy/actor/lib/test/auto/paraFunctest.xml
2 ms. Memory: 1739264K Free: 706419K (41%)
----------------- Invoking toplevel() on ptolemy.moml.MoMLSimpleApplication@15d0382a
----------------- Done invoking toplevel() on ptolemy.moml.MoMLSimpleApplication@15d0382a
reloadAllAccessors: .paraFunctest

===========================================================================================
----------------- testing Sat Jun 02 17:41:44 UTC 2018 /home/travis/build/icyphy/ptII/ptolemy/actor/lib/test/auto/paraFunctest2.xml
----------------- Instantiating /home/travis/build/icyphy/ptII/ptolemy/actor/lib/test/auto/paraFunctest2.xml
1 ms. Memory: 1739264K Free: 690178K (40%)
----------------- Invoking toplevel() on ptolemy.moml.MoMLSimpleApplication@1c177210
----------------- Done invoking toplevel() on ptolemy.moml.MoMLSimpleApplication@1c177210
reloadAllAccessors: .paraFunctest2

===========================================================================================
----------------- testing Sat Jun 02 17:41:44 UTC 2018 /home/travis/build/icyphy/ptII/ptolemy/actor/lib/test/auto/parameterPassing.xml
----------------- Instantiating /home/travis/build/icyphy/ptII/ptolemy/actor/lib/test/auto/parameterPassing.xml
1 ms. Memory: 1739264K Free: 669514K (38%)
----------------- Invoking toplevel() on ptolemy.moml.MoMLSimpleApplication@4d49cac
----------------- Done invoking toplevel() on ptolemy.moml.MoMLSimpleApplication@4d49cac
reloadAllAccessors: .parameterPassing

===========================================================================================
----------------- testing Sat Jun 02 17:41:44 UTC 2018 /home/travis/build/icyphy/ptII/ptolemy/actor/lib/test/auto/record.xml
----------------- Instantiating /home/travis/build/icyphy/ptII/ptolemy/actor/lib/test/auto/record.xml
2 ms. Memory: 1739264K Free: 648849K (37%)
----------------- Invoking toplevel() on ptolemy.moml.MoMLSimpleApplication@25166a0f
----------------- Done invoking toplevel() on ptolemy.moml.MoMLSimpleApplication@25166a0f
reloadAllAccessors: .record

===========================================================================================
----------------- testing Sat Jun 02 17:41:44 UTC 2018 /home/travis/build/icyphy/ptII/ptolemy/actor/lib/test/auto/sizedarray1.xml
----------------- Instantiating /home/travis/build/icyphy/ptII/ptolemy/actor/lib/test/auto/sizedarray1.xml
1 ms. Memory: 1739264K Free: 632609K (36%)
----------------- Invoking toplevel() on ptolemy.moml.MoMLSimpleApplication@19e8a27
----------------- Done invoking toplevel() on ptolemy.moml.MoMLSimpleApplication@19e8a27
reloadAllAccessors: .sizedarray1

===========================================================================================
----------------- testing Sat Jun 02 17:41:44 UTC 2018 /home/travis/build/icyphy/ptII/ptolemy/actor/lib/test/auto/sizedarray2.xml
----------------- Instantiating /home/travis/build/icyphy/ptII/ptolemy/actor/lib/test/auto/sizedarray2.xml
1 ms. Memory: 1739264K Free: 611944K (35%)
----------------- Invoking toplevel() on ptolemy.moml.MoMLSimpleApplication@1281316
----------------- Done invoking toplevel() on ptolemy.moml.MoMLSimpleApplication@1281316
reloadAllAccessors: .sizedarray2

===========================================================================================
----------------- testing Sat Jun 02 17:41:44 UTC 2018 /home/travis/build/icyphy/ptII/ptolemy/actor/lib/test/auto/twoPublishers.xml
----------------- Instantiating /home/travis/build/icyphy/ptII/ptolemy/actor/lib/test/auto/twoPublishers.xml
3 ms. Memory: 1739264K Free: 587567K (34%)
----------------- Invoking toplevel() on ptolemy.moml.MoMLSimpleApplication@4045f9a6
----------------- Done invoking toplevel() on ptolemy.moml.MoMLSimpleApplication@4045f9a6
reloadAllAccessors: .twoPublishers
AutoTests.java: About to close Vertx.
AutoTests.java: Vertx closed.
]]></system-out>
  <system-err><![CDATA[java.lang.RuntimeException: Execution failed
	at ptolemy.moml.MoMLSimpleApplication$UnloadThread.run(MoMLSimpleApplication.java:402)
Caused by: java.lang.RuntimeException: Normally, we would exit here because Manager.exitAfterWrapup() was called.  However, because the ptolemy.ptII.exitAfterWrapup property is set, we throw this exception instead.
	at ptolemy.util.StringUtilities.exit(StringUtilities.java:365)
	at ptolemy.actor.Manager.wrapup(Manager.java:1531)
	at ptolemy.actor.Manager.execute(Manager.java:407)
	at ptolemy.actor.Manager.run(Manager.java:1263)
	at ptolemy.actor.Manager$PtolemyRunThread.run(Manager.java:1915)
Warning: '.top.test' is in training mode, set the trainingMode parameter to false before checking in
Warning: '.top.test' is in training mode, set the trainingMode parameter to false before checking in
Warning: '.top.test' is in training mode, set the trainingMode parameter to false before checking in
Warning: '.BooleanSwitch_RegressionTest_WrongTrainingValues.Test' is in training mode, set the trainingMode parameter to false before checking in
Warning: '.BooleanSwitch_RegressionTest_WrongTrainingValues.Test2' is in training mode, set the trainingMode parameter to false before checking in
Warning: '.BooleanSwitch_RegressionTest_WrongTrainingValues.Test2' The test produced 0 tokens.
Warning: '.top.testExceptionHandler' is in training mode, set the trainingMode parameter to false before checking in
java.lang.RuntimeException: Execution failed
	at ptolemy.moml.MoMLSimpleApplication$UnloadThread.run(MoMLSimpleApplication.java:402)
Caused by: ptolemy.kernel.util.IllegalActionException: PublisherPorts cannot be used at the top level, use a Publisher actor instead.
  in .PublisherPortToplevelSubscriber.PublisherPort
	at ptolemy.actor.PublisherPort.preinitialize(PublisherPort.java:403)
	at ptolemy.actor.CompositeActor.preinitialize(CompositeActor.java:1769)
	at ptolemy.actor.Manager.preinitializeAndResolveTypes(Manager.java:1040)
	at ptolemy.actor.Manager.initialize(Manager.java:710)
	at ptolemy.actor.Manager.execute(Manager.java:356)
	at ptolemy.actor.Manager.run(Manager.java:1263)
	at ptolemy.actor.Manager$PtolemyRunThread.run(Manager.java:1915)
java.lang.reflect.InvocationTargetException
	at sun.reflect.NativeConstructorAccessorImpl.newInstance0(Native Method)
	at sun.reflect.NativeConstructorAccessorImpl.newInstance(NativeConstructorAccessorImpl.java:62)
	at sun.reflect.DelegatingConstructorAccessorImpl.newInstance(DelegatingConstructorAccessorImpl.java:45)
	at java.lang.reflect.Constructor.newInstance(Constructor.java:423)
	at ptolemy.util.test.junit.AutoKnownFailedTests.RunModel(AutoKnownFailedTests.java:107)
	at sun.reflect.NativeMethodAccessorImpl.invoke0(Native Method)
	at sun.reflect.NativeMethodAccessorImpl.invoke(NativeMethodAccessorImpl.java:62)
	at sun.reflect.DelegatingMethodAccessorImpl.invoke(DelegatingMethodAccessorImpl.java:43)
	at java.lang.reflect.Method.invoke(Method.java:498)
	at org.junit.runners.model.FrameworkMethod$1.runReflectiveCall(FrameworkMethod.java:44)
	at org.junit.internal.runners.model.ReflectiveCallable.run(ReflectiveCallable.java:15)
	at org.junit.runners.model.FrameworkMethod.invokeExplosively(FrameworkMethod.java:41)
	at junitparams.internal.InvokeParameterisedMethod.evaluate(InvokeParameterisedMethod.java:102)
	at org.junit.internal.runners.statements.FailOnTimeout$1.run(FailOnTimeout.java:28)
Caused by: ptolemy.kernel.util.IllegalActionException: PublisherPorts cannot be used at the top level, use a Publisher actor instead.
  in .PublisherPortToplevelSubscriber.PublisherPort
	at ptolemy.actor.PublisherPort.preinitialize(PublisherPort.java:403)
	at ptolemy.actor.CompositeActor.preinitialize(CompositeActor.java:1769)
	at ptolemy.actor.Manager.preinitializeAndResolveTypes(Manager.java:1040)
	at ptolemy.actor.Manager.initialize(Manager.java:710)
	at ptolemy.actor.Manager.execute(Manager.java:356)
	at ptolemy.actor.Manager.run(Manager.java:1263)
	at ptolemy.actor.Manager$PtolemyRunThread.run(Manager.java:1915)
java.lang.RuntimeException: Execution failed
	at ptolemy.moml.MoMLSimpleApplication$UnloadThread.run(MoMLSimpleApplication.java:402)
Caused by: ptolemy.kernel.util.IllegalActionException: SubscriberPorts cannot be used at the top level, use a Subscriber actor instead.
  in .PublisherSubscriberPortToplevel.SubscriberPort
	at ptolemy.actor.SubscriberPort.preinitialize(SubscriberPort.java:328)
	at ptolemy.actor.CompositeActor.preinitialize(CompositeActor.java:1769)
	at ptolemy.actor.Manager.preinitializeAndResolveTypes(Manager.java:1040)
	at ptolemy.actor.Manager.initialize(Manager.java:710)
	at ptolemy.actor.Manager.execute(Manager.java:356)
	at ptolemy.actor.Manager.run(Manager.java:1263)
	at ptolemy.actor.Manager$PtolemyRunThread.run(Manager.java:1915)
java.lang.reflect.InvocationTargetException
	at sun.reflect.NativeConstructorAccessorImpl.newInstance0(Native Method)
	at sun.reflect.NativeConstructorAccessorImpl.newInstance(NativeConstructorAccessorImpl.java:62)
	at sun.reflect.DelegatingConstructorAccessorImpl.newInstance(DelegatingConstructorAccessorImpl.java:45)
	at java.lang.reflect.Constructor.newInstance(Constructor.java:423)
	at ptolemy.util.test.junit.AutoKnownFailedTests.RunModel(AutoKnownFailedTests.java:107)
	at sun.reflect.NativeMethodAccessorImpl.invoke0(Native Method)
	at sun.reflect.NativeMethodAccessorImpl.invoke(NativeMethodAccessorImpl.java:62)
	at sun.reflect.DelegatingMethodAccessorImpl.invoke(DelegatingMethodAccessorImpl.java:43)
	at java.lang.reflect.Method.invoke(Method.java:498)
	at org.junit.runners.model.FrameworkMethod$1.runReflectiveCall(FrameworkMethod.java:44)
	at org.junit.internal.runners.model.ReflectiveCallable.run(ReflectiveCallable.java:15)
	at org.junit.runners.model.FrameworkMethod.invokeExplosively(FrameworkMethod.java:41)
	at junitparams.internal.InvokeParameterisedMethod.evaluate(InvokeParameterisedMethod.java:102)
	at org.junit.internal.runners.statements.FailOnTimeout$1.run(FailOnTimeout.java:28)
Caused by: ptolemy.kernel.util.IllegalActionException: SubscriberPorts cannot be used at the top level, use a Subscriber actor instead.
  in .PublisherSubscriberPortToplevel.SubscriberPort
	at ptolemy.actor.SubscriberPort.preinitialize(SubscriberPort.java:328)
	at ptolemy.actor.CompositeActor.preinitialize(CompositeActor.java:1769)
	at ptolemy.actor.Manager.preinitializeAndResolveTypes(Manager.java:1040)
	at ptolemy.actor.Manager.initialize(Manager.java:710)
	at ptolemy.actor.Manager.execute(Manager.java:356)
	at ptolemy.actor.Manager.run(Manager.java:1263)
	at ptolemy.actor.Manager$PtolemyRunThread.run(Manager.java:1915)
java.lang.RuntimeException: Execution failed
	at ptolemy.moml.MoMLSimpleApplication$UnloadThread.run(MoMLSimpleApplication.java:402)
Caused by: ptolemy.kernel.util.IllegalActionException: SubscriptionAggregatorPorts cannot be used at the top level, use a SubscriptionAggregator actor instead.
  in .PublisherSubscriptionAggregatorPort.SubscriptionAggregatorPort
	at ptolemy.actor.SubscriptionAggregatorPort.preinitialize(SubscriptionAggregatorPort.java:353)
	at ptolemy.actor.CompositeActor.preinitialize(CompositeActor.java:1769)
	at ptolemy.actor.Manager.preinitializeAndResolveTypes(Manager.java:1040)
	at ptolemy.actor.Manager.initialize(Manager.java:710)
	at ptolemy.actor.Manager.execute(Manager.java:356)
	at ptolemy.actor.Manager.run(Manager.java:1263)
	at ptolemy.actor.Manager$PtolemyRunThread.run(Manager.java:1915)
java.lang.reflect.InvocationTargetException
	at sun.reflect.NativeConstructorAccessorImpl.newInstance0(Native Method)
	at sun.reflect.NativeConstructorAccessorImpl.newInstance(NativeConstructorAccessorImpl.java:62)
	at sun.reflect.DelegatingConstructorAccessorImpl.newInstance(DelegatingConstructorAccessorImpl.java:45)
	at java.lang.reflect.Constructor.newInstance(Constructor.java:423)
	at ptolemy.util.test.junit.AutoKnownFailedTests.RunModel(AutoKnownFailedTests.java:107)
	at sun.reflect.NativeMethodAccessorImpl.invoke0(Native Method)
	at sun.reflect.NativeMethodAccessorImpl.invoke(NativeMethodAccessorImpl.java:62)
	at sun.reflect.DelegatingMethodAccessorImpl.invoke(DelegatingMethodAccessorImpl.java:43)
	at java.lang.reflect.Method.invoke(Method.java:498)
	at org.junit.runners.model.FrameworkMethod$1.runReflectiveCall(FrameworkMethod.java:44)
	at org.junit.internal.runners.model.ReflectiveCallable.run(ReflectiveCallable.java:15)
	at org.junit.runners.model.FrameworkMethod.invokeExplosively(FrameworkMethod.java:41)
	at junitparams.internal.InvokeParameterisedMethod.evaluate(InvokeParameterisedMethod.java:102)
	at org.junit.internal.runners.statements.FailOnTimeout$1.run(FailOnTimeout.java:28)
Caused by: ptolemy.kernel.util.IllegalActionException: SubscriptionAggregatorPorts cannot be used at the top level, use a SubscriptionAggregator actor instead.
  in .PublisherSubscriptionAggregatorPort.SubscriptionAggregatorPort
	at ptolemy.actor.SubscriptionAggregatorPort.preinitialize(SubscriptionAggregatorPort.java:353)
	at ptolemy.actor.CompositeActor.preinitialize(CompositeActor.java:1769)
	at ptolemy.actor.Manager.preinitializeAndResolveTypes(Manager.java:1040)
	at ptolemy.actor.Manager.initialize(Manager.java:710)
	at ptolemy.actor.Manager.execute(Manager.java:356)
	at ptolemy.actor.Manager.run(Manager.java:1263)
	at ptolemy.actor.Manager$PtolemyRunThread.run(Manager.java:1915)
java.lang.RuntimeException: Execution failed
	at ptolemy.moml.MoMLSimpleApplication$UnloadThread.run(MoMLSimpleApplication.java:402)
Caused by: ptolemy.kernel.util.IllegalActionException: TypeTest actor has no training data.
  in .sizedarray3.TypeTest
	at ptolemy.actor.lib.TypeTest.initialize(TypeTest.java:250)
	at ptolemy.actor.Director.initialize(Director.java:938)
	at ptolemy.actor.Director.initialize(Director.java:907)
	at ptolemy.actor.sched.StaticSchedulingDirector.initialize(StaticSchedulingDirector.java:159)
	at ptolemy.domains.sdf.kernel.SDFDirector.initialize(SDFDirector.java:544)
	at ptolemy.actor.CompositeActor.initialize(CompositeActor.java:935)
	at ptolemy.actor.Manager.initialize(Manager.java:724)
	at ptolemy.actor.Manager.execute(Manager.java:356)
	at ptolemy.actor.Manager.run(Manager.java:1263)
	at ptolemy.actor.Manager$PtolemyRunThread.run(Manager.java:1915)
java.lang.reflect.InvocationTargetException
	at sun.reflect.NativeConstructorAccessorImpl.newInstance0(Native Method)
	at sun.reflect.NativeConstructorAccessorImpl.newInstance(NativeConstructorAccessorImpl.java:62)
	at sun.reflect.DelegatingConstructorAccessorImpl.newInstance(DelegatingConstructorAccessorImpl.java:45)
	at java.lang.reflect.Constructor.newInstance(Constructor.java:423)
	at ptolemy.util.test.junit.AutoKnownFailedTests.RunModel(AutoKnownFailedTests.java:107)
	at sun.reflect.NativeMethodAccessorImpl.invoke0(Native Method)
	at sun.reflect.NativeMethodAccessorImpl.invoke(NativeMethodAccessorImpl.java:62)
	at sun.reflect.DelegatingMethodAccessorImpl.invoke(DelegatingMethodAccessorImpl.java:43)
	at java.lang.reflect.Method.invoke(Method.java:498)
	at org.junit.runners.model.FrameworkMethod$1.runReflectiveCall(FrameworkMethod.java:44)
	at org.junit.internal.runners.model.ReflectiveCallable.run(ReflectiveCallable.java:15)
	at org.junit.runners.model.FrameworkMethod.invokeExplosively(FrameworkMethod.java:41)
	at junitparams.internal.InvokeParameterisedMethod.evaluate(InvokeParameterisedMethod.java:102)
	at org.junit.internal.runners.statements.FailOnTimeout$1.run(FailOnTimeout.java:28)
Caused by: ptolemy.kernel.util.IllegalActionException: TypeTest actor has no training data.
  in .sizedarray3.TypeTest
	at ptolemy.actor.lib.TypeTest.initialize(TypeTest.java:250)
	at ptolemy.actor.Director.initialize(Director.java:938)
	at ptolemy.actor.Director.initialize(Director.java:907)
	at ptolemy.actor.sched.StaticSchedulingDirector.initialize(StaticSchedulingDirector.java:159)
	at ptolemy.domains.sdf.kernel.SDFDirector.initialize(SDFDirector.java:544)
	at ptolemy.actor.CompositeActor.initialize(CompositeActor.java:935)
	at ptolemy.actor.Manager.initialize(Manager.java:724)
	at ptolemy.actor.Manager.execute(Manager.java:356)
	at ptolemy.actor.Manager.run(Manager.java:1263)
	at ptolemy.actor.Manager$PtolemyRunThread.run(Manager.java:1915)
]]></system-err>
</testsuite>
