<?xml version="1.0" encoding="UTF-8" ?>
<testsuite errors="0" failures="0" hostname="travis-job-59376e5a-3120-4197-81f5-b2678d5c7d5e" name="ptolemy.actor.lib.test.junit.JUnitTclTest" skipped="0" tests="517" time="62.527" timestamp="2020-06-26T14:56:53">
  <properties>
    <property name="npm.executable" value="npm" />
    <property name="env.TRAVIS_ROOT" value="/" />
    <property name="ptII.mk.exists" value="true" />
    <property name="env.TRAVIS_APP_HOST" value="build.travis-ci.org" />
    <property name="env.rvm_bin_path" value="/home/travis/.rvm/bin" />
    <property name="java.home" value="/usr/local/lib/jvm/openjdk11" />
    <property name="env.TRAVIS_JOB_NUMBER" value="1674.8" />
    <property name="env.TRAVIS_HOME" value="/home/travis" />
    <property name="env.DISPLAY" value=":99.0" />
    <property name="env.TRAVIS_INIT" value="systemd" />
    <property name="env.SSH_TTY" value="/dev/pts/0" />
    <property name="java.net.preferIPv4Stack" value="true" />
    <property name="env.RUN_TESTS" value="true" />
    <property name="timeout.short" value="1000000" />
    <property name="junit.formatter" value="xml" />
    <property name="env.TRAVIS_SUDO" value="true" />
    <property name="env.TRAVIS_JOB_NAME" value="" />
    <property name="env.TRAVIS_STACK_NODE_ATTRIBUTES" value="/.node-attributes.yml" />
    <property name="env.LOGNAME" value="travis" />
    <property name="env.PT_TRAVIS_TEST_CORE1_XML" value="true" />
    <property name="jsdoc.home" value="node_modules/@terraswarm/jsdoc" />
    <property name="debuglevel" value="source,lines,vars" />
    <property name="checkstyle.formatter" value="xml" />
    <property name="env._system_version" value="16.04" />
    <property name="bin.vergil.makeable" value="true" />
    <property name="sun.os.patch.level" value="unknown" />
    <property name="java.vendor.url" value="http://java.oracle.com/" />
    <property name="env.TRAVIS_BUILD_WEB_URL" value="https://travis-ci.org/icyphy/ptII/builds/702397889" />
    <property name="java.version" value="11.0.2" />
    <property name="env.TZ" value="UTC" />
    <property name="env.TRAVIS_PULL_REQUEST_SHA" value="" />
    <property name="env.PT_NO_NET" value="true" />
    <property name="env.TRAVIS_SECURE_ENV_VARS" value="true" />
    <property name="env._system_type" value="Linux" />
    <property name="java.vendor.url.bug" value="http://bugreport.java.com/bugreport/" />
    <property name="npmjs-org-is-up" value="true" />
    <property name="env.LANGUAGE" value="en_US.UTF-8" />
    <property name="env.SSH_CLIENT" value="10.44.3.15 58880 22" />
    <property name="env.GEM_HOME" value="/home/travis/.rvm/gems/ruby-2.5.3" />
    <property name="env.HAS_ANTARES_THREE_LITTLE_FRONZIES_BADGE" value="true" />
    <property name="java.version.date" value="2019-01-15" />
    <property name="env.PS4" value="+" />
    <property name="ant.project.invoked-targets" value="build,test.core1.xml" />
    <property name="env.TRAVIS_PULL_REQUEST_BRANCH" value="" />
    <property name="env.TRAVIS_REPO_SLUG" value="icyphy/ptII" />
    <property name="env.XDG_DATA_DIRS" value="/usr/local/share:/usr/share:/var/lib/snapd/desktop" />
    <property name="jdk.debug" value="release" />
    <property name="env.TRAVIS_APT_PROXY" value="http://build-cache.travisci.net" />
    <property name="env.TRAVIS_CPU_ARCH" value="amd64" />
    <property name="node.in.path" value="true" />
    <property name="user.name" value="travis" />
    <property name="java.maxmemory" value="1400m" />
    <property name="env.RUBY_VERSION" value="ruby-2.5.3" />
    <property name="env.LANG" value="en_US.UTF-8" />
    <property name="sun.io.unicode.encoding" value="UnicodeLittle" />
    <property name="sun.jnu.encoding" value="UTF-8" />
    <property name="java.runtime.name" value="OpenJDK Runtime Environment" />
    <property name="usefile" value="false" />
    <property name="return.code" value="0" />
    <property name="junit.single.formatter" value="plain" />
    <property name="env.DYLD_LIBRARY_PATH" value="/home/travis/pthla/certi-tools/lib:" />
    <property name="env.DEBIAN_FRONTEND" value="noninteractive" />
    <property name="env.SSH_CONNECTION" value="10.44.3.15 58880 10.20.1.17 22" />
    <property name="env.MYSQL_UNIX_PORT" value="/var/run/mysqld/mysqld.sock" />
    <property name="env.LC_ALL" value="en_US.UTF-8" />
    <property name="env.TRAVIS_ALLOW_FAILURE" value="" />
    <property name="env.TRAVIS_JOB_WEB_URL" value="https://travis-ci.org/icyphy/ptII/jobs/702397906" />
    <property name="java.specification.name" value="Java Platform API Specification" />
    <property name="node.works" value="true" />
    <property name="user.timezone" value="" />
    <property name="path.separator" value=":" />
    <property name="env.TRAVIS_ENABLE_INFRA_DETECTION" value="true" />
    <property name="env.PYTHON_CFLAGS" value="-g -fstack-protector --param=ssp-buffer-size=4 -Wformat -Werror=format-security" />
    <property name="timeout.long" value="4000000" />
    <property name="env.CERTI_HOME" value="/home/travis/pthla/certi-tools" />
    <property name="ant.file.ptII" value="/home/travis/build/icyphy/ptII/build.xml" />
    <property name="javadoc.packagenames" value="com.*,diva.*,lbnl.*,org.hlacerti.*,org.json.*,org.ptolemy.*,org.terraswarm.*,ptolemy.*,ptserver.*" />
    <property name="file.encoding" value="UTF-8" />
    <property name="env.TRAVIS_PULL_REQUEST_SLUG" value="" />
    <property name="ant.project.default-target" value="build" />
    <property name="env.GIT_ASKPASS" value="echo" />
    <property name="env.HOME" value="/home/travis" />
    <property name="sun.java.command" value="org.apache.tools.ant.taskdefs.optional.junit.JUnitTestRunner ptolemy.actor.lib.test.junit.JUnitTclTest skipNonTests=false filtertrace=true haltOnError=false haltOnFailure=false formatter=org.apache.tools.ant.taskdefs.optional.junit.OutErrSummaryJUnitResultFormatter showoutput=true outputtoformatters=true logfailedtests=true threadid=0 logtestlistenerevents=false formatter=org.apache.tools.ant.taskdefs.optional.junit.XMLJUnitResultFormatter,/home/travis/build/icyphy/ptII/reports/junit/TEST-ptolemy.actor.lib.test.junit.JUnitTclTest.xml crashfile=/home/travis/build/icyphy/ptII/junitvmwatcher14197110437662813377.properties propsfile=/home/travis/build/icyphy/ptII/junit13608371324420208843.properties" />
    <property name="env.COMPOSER_NO_INTERACTION" value="1" />
    <property name="env.MANPATH" value="/home/travis/.nvm/versions/node/v7.10.1/share/man:/home/travis/.rvm/rubies/ruby-2.5.3/share/man:/usr/local/cmake-3.12.4/man:/usr/local/clang-7.0.0/share/man:/usr/local/man:/usr/local/share/man:/usr/share/man:/home/travis/.rvm/man" />
    <property name="env.TRAVIS_TIMER_ID" value="03be7726" />
    <property name="ant.file" value="/home/travis/build/icyphy/ptII/build.xml" />
    <property name="env.TRAVIS_COMMIT_RANGE" value="3e950cfe0f3c004454147d0a7dfedd7f8d8e77cc...52bfcaaec950ad6b43d11ffdb9cd3f924b0c1f76" />
    <property name="env._system_name" value="Ubuntu" />
    <property name="ptII.classpath.optional.property" value="/home/travis/build/icyphy/ptII/lib/bsh-2.0b4.jar:/home/travis/build/icyphy/ptII/lib/ptCal.jar:/home/travis/build/icyphy/ptII/lib/java_cup.jar:/home/travis/build/icyphy/ptII/lib/saxon8.jar:/home/travis/build/icyphy/ptII/lib/saxon8-dom.jar:/home/travis/build/icyphy/ptII/lib/chic.jar:/home/travis/build/icyphy/ptII/lib/ptcolt.jar:/home/travis/build/icyphy/ptII/vendors/misc/itext/iText.jar:/home/travis/build/icyphy/ptII/lib/g4ltl.jar:/home/travis/build/icyphy/ptII/lib/StructuralCoder.jar:/home/travis/build/icyphy/ptII/lib/jcerti.jar:/home/travis/build/icyphy/ptII/lib/javax.mail.jar:/home/travis/build/icyphy/ptII/vendors/JMF-2.1.1e/lib/jmf.jar:/home/travis/build/icyphy/ptII/lib/jna-4.0.0-variadic.jar:/home/travis/build/icyphy/ptII/vendors/misc/joystick/Joystick.jar:/home/travis/build/icyphy/ptII/lib/ptjacl.jar:/home/travis/build/icyphy/ptII/lib/jsoup-1.8.2.jar:/home/travis/build/icyphy/ptII/lib/junit-4.8.2.jar:/home/travis/build/icyphy/ptII/lib/JUnitParams-0.4.0.jar:/home/travis/build/icyphy/ptII/ptolemy/actor/lib/excel/jxl.jar:/home/travis/build/icyphy/ptII/lib/jython.jar:/home/travis/build/icyphy/ptII/lib/kieler.jar:/home/travis/build/icyphy/ptII/vendors/opencv/share/OpenCV/java/opencv-341.jar:/home/travis/build/icyphy/ptII/lib/oscP5.jar:/home/travis/build/icyphy/ptII/lib/nrjavaserial-3.11.0.devel.jar:/home/travis/build/icyphy/ptII/vendors/j3d/lib/Linux/j3dcore.jar:/home/travis/build/icyphy/ptII/vendors/j3d/lib/Linux/j3dutils.jar:/home/travis/build/icyphy/ptII/vendors/j3d/lib/Linux/vecmath.jar:/home/travis/build/icyphy/ptII/vendors/jogl/lib/Linux/gluegen-rt-natives-linux-amd64.jar:/home/travis/build/icyphy/ptII/vendors/jogl/lib/Linux/gluegen-rt.jar:/home/travis/build/icyphy/ptII/vendors/jogl/lib/Linux/jogl-all-natives-linux-amd64.jar:/home/travis/build/icyphy/ptII/vendors/jogl/lib/Linux/jogl-all.jar:/home/travis/build/icyphy/ptII/ptolemy/distributed/jini/jar/jini-core.jar:/home/travis/build/icyphy/ptII/ptolemy/distributed/jini/jar/jini-ext.jar:/home/travis/build/icyphy/ptII/ptolemy/distributed/jini/jar/sun-util.jar:/home/travis/build/icyphy/ptII/lib/protobuf-java-2.4.1.jar:/home/travis/build/icyphy/ptII/lib/org.eclipse.paho.client.mqttv3.jar:/home/travis/build/icyphy/ptII/lib/mapss.jar:/home/travis/build/icyphy/ptII/ptolemy/actor/ptalon/antlr/antlr.jar:/home/travis/build/icyphy/ptII/lib/JRI.jar:/home/travis/build/icyphy/ptII/lib/commons-lang-2.6.jar:/home/travis/build/icyphy/ptII/lib/commons-logging-1.1.1.jar:/home/travis/build/icyphy/ptII/lib/sootclasses.jar:/home/travis/build/icyphy/ptII/ptolemy/actor/lib/database/mysql-connector-java-5.1.6-bin.jar:/home/travis/build/icyphy/ptII/vendors/misc/sphinx4/sphinx4-data-5prealpha.jar:/home/travis/build/icyphy/ptII/vendors/misc/sphinx4/sphinx4-core-5prealpha.jar:/home/travis/build/icyphy/ptII/lib/PDFRenderer.jar:/home/travis/build/icyphy/ptII/lib/svgSalamander.jar:/home/travis/build/icyphy/ptII/lib/rsyntaxtextarea-2.6.0-SNAPSHOT.jar:/home/travis/build/icyphy/ptII/lib/hazelcast-3.8.2.jar:/home/travis/build/icyphy/ptII/lib/jackson-annotations-2.9.0.jar:/home/travis/build/icyphy/ptII/lib/jackson-core-2.9.3.jar:/home/travis/build/icyphy/ptII/lib/jackson-databind-2.9.3.jar:/home/travis/build/icyphy/ptII/lib/netty-buffer-4.1.19.Final.jar:/home/travis/build/icyphy/ptII/lib/netty-codec-4.1.19.Final.jar:/home/travis/build/icyphy/ptII/lib/netty-codec-dns-4.1.19.Final.jar:/home/travis/build/icyphy/ptII/lib/netty-codec-http-4.1.19.Final.jar:/home/travis/build/icyphy/ptII/lib/netty-codec-http2-4.1.19.Final.jar:/home/travis/build/icyphy/ptII/lib/netty-common-4.1.19.Final.jar:/home/travis/build/icyphy/ptII/lib/netty-handler-4.1.19.Final.jar:/home/travis/build/icyphy/ptII/lib/netty-resolver-4.1.19.Final.jar:/home/travis/build/icyphy/ptII/lib/netty-resolver-dns-4.1.19.Final.jar:/home/travis/build/icyphy/ptII/lib/netty-transport-4.1.19.Final.jar:/home/travis/build/icyphy/ptII/lib/vertx-codegen-3.5.1.jar:/home/travis/build/icyphy/ptII/lib/vertx-core-3.5.2-SNAPSHOT.jar:/home/travis/build/icyphy/ptII/lib/vertx-hazelcast-3.5.1.jar:/home/travis/build/icyphy/ptII/lib/vertx-lang-js-3.5.1.jar:/home/travis/build/icyphy/ptII/lib/vertx-service-proxy-3.5.1.jar:/home/travis/build/icyphy/ptII/lib/vertx-web-3.5.1.jar:/home/travis/build/icyphy/ptII/lib/slf4j-api-1.7.13.jar:/home/travis/build/icyphy/ptII/lib/slf4j-simple-1.7.13.jar:/home/travis/build/icyphy/ptII/lib/webcam-capture-0.3.12.jar:/home/travis/build/icyphy/ptII/lib/bridj-0.7.0.jar:/home/travis/build/icyphy/ptII/lib/xbjlib-1.1.0.nrjavaserial.jar" />
    <property name="timeout" value="2400000" />
    <property name="test.batch" value="**/junit/*.java" />
    <property name="env._" value="/usr/bin/timeout" />
    <property name="java.io.tmpdir" value="/tmp" />
    <property name="user.language" value="en" />
    <property name="env.TRAVIS_INTERNAL_RUBY_REGEX" value="^ruby-(2\.[0-4]\.[0-9]|1\.9\.3)" />
    <property name="env.HISTCONTROL" value="ignoredups:ignorespace" />
    <property name="env.GOROOT" value="/home/travis/.gimme/versions/go1.11.1.linux.amd64" />
    <property name="line.separator" value="&#xa;" />
    <property name="target" value="11" />
    <property name="env.TRAVIS_BUILD_DIR" value="/home/travis/build/icyphy/ptII" />
    <property name="env.ANT_OPTS" value="-Xmx2048m" />
    <property name="ant.file.type" value="file" />
    <property name="ptolemy.ptII.batchMode" value="true" />
    <property name="env.HISTSIZE" value="1000" />
    <property name="env.MERB_ENV" value="test" />
    <property name="java.vm.info" value="mixed mode" />
    <property name="source" value="11" />
    <property name="java.vm.specification.name" value="Java Virtual Machine Specification" />
    <property name="env.TRAVIS_TEST_RESULT" value="0" />
    <property name="jsdoc.command" value="node_modules/@terraswarm/jsdoc/jsdoc.js" />
    <property name="npm.works" value="true" />
    <property name="cobertura.dir" value="/home/travis/build/icyphy/ptII/vendors/cobertura-2.0.3" />
    <property name="jsdoc.command.exists" value="true" />
    <property name="env.rvm_path" value="/home/travis/.rvm" />
    <property name="env.GEM_PATH" value="/home/travis/.rvm/gems/ruby-2.5.3:/home/travis/.rvm/gems/ruby-2.5.3@global" />
    <property name="env.LC_CTYPE" value="en_US.UTF-8" />
    <property name="env.TRAVIS_CMD" value="$PTII/bin/ptIITravisBuild.sh $SECONDS" />
    <property name="java.awt.printerjob" value="sun.print.PSPrinterJob" />
    <property name="env.TRAVIS_STACK_NAME" value="sardonyx" />
    <property name="env.TRAVIS_TIMER_START_TIME" value="1593182764692611902" />
    <property name="ant.version" value="Apache Ant(TM) version 1.10.1 compiled on February 2 2017" />
    <property name="ptII.reports" value="/home/travis/build/icyphy/ptII/reports" />
    <property name="env.TRAVIS_STACK_TIMESTAMP" value="2019-03-25 16:16:56 UTC" />
    <property name="ant.file.type.ptII" value="file" />
    <property name="env.RBENV_SHELL" value="bash" />
    <property name="os.name" value="Linux" />
    <property name="java.specification.vendor" value="Oracle Corporation" />
    <property name="env.rvm_version" value="1.29.7 (latest)" />
    <property name="env.TRAVIS_INFRA" value="unknown" />
    <property name="env.TERM" value="xterm" />
    <property name="java.vm.name" value="OpenJDK 64-Bit Server VM" />
    <property name="env.TRAVIS_BUILD_NUMBER" value="1674" />
    <property name="env.CI" value="true" />
    <property name="java.library.path" value="/home/travis/pthla/certi-tools/lib:/usr/lib/jni:/usr/local/share/OpenCV/java/:/usr/share/OpenCV/java::/usr/java/packages/lib:/usr/lib64:/lib64:/lib:/usr/lib" />
    <property name="jdk.module.path" value="/home/travis/build/icyphy/ptII/vendors/javafx/javafx-sdk-11.0.2/lib:" />
    <property name="env.rvm_prefix" value="/home/travis" />
    <property name="env.PATH" value="/home/travis/pthla/certi-tools/share/scripts:/home/travis/.rvm/gems/ruby-2.5.3/bin:/home/travis/.rvm/gems/ruby-2.5.3@global/bin:/home/travis/.rvm/rubies/ruby-2.5.3/bin:/home/travis/.rvm/bin:/home/travis/.nvm/versions/node/v7.10.1/bin:./node_modules/.bin:/home/travis/build/icyphy/ptII/bin:/home/travis/pthla/certi-tools/bin:/home/travis/bin:/home/travis/.local/bin:/usr/local/lib/jvm/openjdk11/bin:/opt/pyenv/shims:/home/travis/.phpenv/shims:/home/travis/perl5/perlbrew/bin:/home/travis/gopath/bin:/home/travis/.gimme/versions/go1.11.1.linux.amd64/bin:/usr/local/maven-3.6.0/bin:/usr/local/cmake-3.12.4/bin:/usr/local/clang-7.0.0/bin:/usr/local/sbin:/usr/local/bin:/usr/sbin:/usr/bin:/sbin:/bin:/snap/bin:/home/travis/.phpenv/bin:/opt/pyenv/bin:/home/travis/.yarn/bin" />
    <property name="env.TRAVIS_OS_NAME" value="linux" />
    <property name="ant.java.version" value="9" />
    <property name="basedir" value="/home/travis/build/icyphy/ptII" />
    <property name="java.class.version" value="55.0" />
    <property name="env.SHLVL" value="3" />
    <property name="env.LD_LIBRARY_PATH" value="/home/travis/pthla/certi-tools/lib:/usr/lib/jni:/usr/local/share/OpenCV/java/:/usr/share/OpenCV/java:" />
    <property name="env.RACK_ENV" value="test" />
    <property name="ant.home" value="/home/travis/build/icyphy/ptII/ant" />
    <property name="env.NVM_DIR" value="/home/travis/.nvm" />
    <property name="env.CERTI_FOM_PATH" value="/home/travis/pthla/certi-tools/share/federations" />
    <property name="env.TRAVIS_BUILD_ID" value="702397889" />
    <property name="env.PYENV_ROOT" value="/opt/pyenv" />
    <property name="env.TRAVIS_UID" value="2000" />
    <property name="prism.verbose" value="true" />
    <property name="env.NVM_BIN" value="/home/travis/.nvm/versions/node/v7.10.1/bin" />
    <property name="env.TRAVIS_COMMIT" value="52bfcaaec950ad6b43d11ffdb9cd3f924b0c1f76" />
    <property name="env._system_arch" value="x86_64" />
    <property name="node.executable" value="node" />
    <property name="sun.boot.library.path" value="/usr/local/lib/jvm/openjdk11/lib" />
    <property name="sun.management.compiler" value="HotSpot 64-Bit Tiered Compilers" />
    <property name="java.awt.graphicsenv" value="sun.awt.X11GraphicsEnvironment" />
    <property name="env.GOPATH" value="/home/travis/gopath" />
    <property name="ptolemy.ptII.dir" value="/home/travis/build/icyphy/ptII" />
    <property name="env.USER" value="travis" />
    <property name="env.HISTFILESIZE" value="2000" />
    <property name="env.NVM_INC" value="/home/travis/.nvm/versions/node/v7.10.1/include/node" />
    <property name="timeout.longest" value="19000000" />
    <property name="env.PERLBREW_SHELLRC_VERSION" value="0.86" />
    <property name="env.TRAVIS_STACK_FEATURES" value="basic couchdb disabled-ipv6 docker docker-compose elasticsearch firefox go-toolchain google-chrome jdk memcached mongodb mysql nodejs_interpreter perl_interpreter perlbrew phantomjs postgresql python_interpreter redis ruby_interpreter sqlite xserver" />
    <property name="env.TRAVIS_PULL_REQUEST" value="false" />
    <property name="env.PYENV_SHELL" value="bash" />
    <property name="ant.project.name" value="ptII" />
    <property name="env.ANSI_RESET" value="\033[0m" />
    <property name="java.vm.specification.version" value="11" />
    <property name="env.TRAVIS_DIST" value="xenial" />
    <property name="env.CERTI_VERSION" value="4.0.0" />
    <property name="env.CERTI_HOST" value="localhost" />
    <property name="awt.toolkit" value="sun.awt.X11.XToolkit" />
    <property name="env.MY_RUBY_HOME" value="/home/travis/.rvm/rubies/ruby-2.5.3" />
    <property name="sun.cpu.isalist" value="" />
    <property name="env.TRAVIS_TMPDIR" value="/tmp/tmp.pZ7LCdLOuA" />
    <property name="java.vm.compressedOopsMode" value="Zero based" />
    <property name="os.version" value="4.15.0-1028-gcp" />
    <property name="user.home" value="/home/travis" />
    <property name="java.vm.vendor" value="Oracle Corporation" />
    <property name="env.TRAVIS_TAG" value="nightly" />
    <property name="env.ANSI_YELLOW" value="\033[33;1m" />
    <property name="env.TRAVIS_FILTERED" value="redirect_io" />
    <property name="env.ANSI_GREEN" value="\033[32;1m" />
    <property name="env.JAVA_HOME" value="/usr/local/lib/jvm/openjdk11" />
    <property name="javadoc.excludepackagenames" value="adm.cvs2svn.*,build.*,config.*,doc.coding.templates.*,jni.test.jni.meaningOfLife.*,jni.test.jni.testDeux.*,jni.test.jni.testTrois.*,org.terraswarm.accessor.accessors.web.node_modules.*,org.terraswarm.accessor.accessors.web.hosts.cordova.demo.*,org.terraswarm.accessor.accessors.web.hosts.cordova.plugins.*,org.terraswarm.accessor.accessors-svn.*,pt-modules.*,ptolemy.apps.agilent.*,ptolemy.apps.anytimecontrol.*,ptolemy.apps.apes.*,ptolemy.apps.charon.*,ptolemy.apps.crazyboard.*,ptolemy.apps.eclipse.*,ptolemy.apps.etherealSting.*,ptolemy.apps.fullscreen.*,ptolemy.apps.giotto.*,ptolemy.apps.ia.*,ptolemy.apps.interfaces.*,ptolemy.apps.jmf.*,ptolemy.apps.kurt.*,ptolemy.apps.kvm.*,ptolemy.apps.lego.*,ptolemy.apps.lejos.*,ptolemy.apps.midp.*,ptolemy.apps.mobileCoding.*,ptolemy.apps.pendulum.*,ptolemy.apps.rijndael.*,ptolemy.apps.robot.*,ptolemy.apps.security.*,ptolemy.apps.sobel.*,ptolemy.apps.soot.*,ptolemy.apps.throttle.*,ptolemy.apps.tini.*,ptolemy.apps.transmission.*,ptolemy.apps.vergil.*,ptolemy.apps.waba.*,ptolemy.apps.websensor.*,ptolemy.apps.webstart.*,ptolemy.apps.xsl.*,ptolemy.apps.zaurus.*,ptolemy.codegen.c.actor.lib.oldJavaFiles.*,ptolemy.codegen.dsp.lib.*,ptolemy.codegen.kernel.newInterfaces.*,ptolemy.codegen.lib.*,ptolemy.copernicus.kernel.fragment.*,ptolemy.copernicus.shallow.cg.*,ptolemy.domains.giotto.demo.Hierarchy.Hierarchy.*,ptolemy.domains.giotto.demo.Multimode.Multimode.*,ptolemy.domains.giotto.demo.Simple.Simple.*,ptolemy.domains.gr.lib.experimental.*,ptolemy.domains.gro.*,ptolemy.domains.pdf.*,ptolemy.domains.ptinyos.demo.Surge.output.*,ptolemy.moml.test.NoPackageActor.java*,ptolemy.plot.adm.*,ptolemy.plot.servlet.*,reports.*,signed.*,src.*,target.*,vendors.*,ptolemy.copernicus.applet.*,ptolemy.media.viewer.*,ptolemy.actor.corba.*,doc.doclets.*,ptolemy.apps.eclipse.awt.*,ptolemy.backtrack.*,ptolemy.backtrack.ast.*,ptolemy.cg.adapter.generic.program.procedural.c.mbed*,ptolemy.homer.*,ptolemy.actor.lib.jai.*,org.ptolemy.scala.*,diva.util.java2d.svg.*,ptolemy.domains.ptinyos.*,ptolemy.actor.lib.fmi.fmipp.*,,org.terraswarm.accessor.accessors.web.node_modules.*,org.terraswarm.accessor.accessors-svn,ptolemy.apps.*,ptolemy.actor.ptalon.demo.ptinyos.SendAndReceiveCnt.output,ptolemy.actor.ptalon.demo.ptinyos.SenseToLeds.output,ptolemy.domains.ptinyos.demo.CntToLedsAndRfm.output,ptolemy.domains.ptinyos.demo.RfmToLeds.output,ptolemy.domains.ptinyos.demo.SendAndReceiveCnt.output,ptolemy.domains.ptinyos.demo.SenseToLeds.output,ptolemy.actor.lib.jjs.modules.udpSocket.*" />
    <property name="env.PTII" value="/home/travis/build/icyphy/ptII" />
    <property name="env.XDG_SESSION_ID" value="2" />
    <property name="keystore" value="ptKeystore" />
    <property name="env.TRAVIS_COMMIT_MESSAGE" value="Updating models using array data type." />
    <property name="junit.output.dir" value="/home/travis/build/icyphy/ptII/reports/junit" />
    <property name="npm.return.code" value="0" />
    <property name="user.dir" value="/home/travis/build/icyphy/ptII/ptolemy/actor/lib/test" />
    <property name="env.TRAVIS_NODE_VERSION" value="7" />
    <property name="env.TRAVIS_EVENT_TYPE" value="cron" />
    <property name="env.MAIL" value="/var/mail/travis" />
    <property name="env.PERLBREW_ROOT" value="/home/travis/perl5/perlbrew" />
    <property name="env.PWD" value="/home/travis/build/icyphy/ptII" />
    <property name="timeout.npm" value="45000" />
    <property name="env.TRAVIS_ARCH" value="amd64" />
    <property name="sun.cpu.endian" value="little" />
    <property name="env.PAGER" value="cat" />
    <property name="env.TRAVIS_BUILD_STAGE_NAME" value="test" />
    <property name="env.PERLBREW_HOME" value="/home/travis/.perlbrew" />
    <property name="java.vm.version" value="11.0.2+9" />
    <property name="env.RAILS_ENV" value="test" />
    <property name="java.class.path" value="/home/travis/.ptolemyII:/home/travis/.ptolemyII/*:/home/travis/build/icyphy/ptII:/home/travis/build/icyphy/ptII/lib/bsh-2.0b4.jar:/home/travis/build/icyphy/ptII/lib/ptCal.jar:/home/travis/build/icyphy/ptII/lib/java_cup.jar:/home/travis/build/icyphy/ptII/lib/saxon8.jar:/home/travis/build/icyphy/ptII/lib/saxon8-dom.jar:/home/travis/build/icyphy/ptII/lib/chic.jar:/home/travis/build/icyphy/ptII/lib/ptcolt.jar:/home/travis/build/icyphy/ptII/vendors/misc/itext/iText.jar:/home/travis/build/icyphy/ptII/lib/g4ltl.jar:/home/travis/build/icyphy/ptII/lib/StructuralCoder.jar:/home/travis/build/icyphy/ptII/lib/jcerti.jar:/home/travis/build/icyphy/ptII/lib/javax.mail.jar:/home/travis/build/icyphy/ptII/vendors/JMF-2.1.1e/lib/jmf.jar:/home/travis/build/icyphy/ptII/lib/jna-4.0.0-variadic.jar:/home/travis/build/icyphy/ptII/vendors/misc/joystick/Joystick.jar:/home/travis/build/icyphy/ptII/lib/ptjacl.jar:/home/travis/build/icyphy/ptII/lib/jsoup-1.8.2.jar:/home/travis/build/icyphy/ptII/lib/junit-4.8.2.jar:/home/travis/build/icyphy/ptII/lib/JUnitParams-0.4.0.jar:/home/travis/build/icyphy/ptII/ptolemy/actor/lib/excel/jxl.jar:/home/travis/build/icyphy/ptII/lib/jython.jar:/home/travis/build/icyphy/ptII/lib/kieler.jar:/home/travis/build/icyphy/ptII/vendors/opencv/share/OpenCV/java/opencv-341.jar:/home/travis/build/icyphy/ptII/lib/oscP5.jar:/home/travis/build/icyphy/ptII/lib/nrjavaserial-3.11.0.devel.jar:/home/travis/build/icyphy/ptII/vendors/j3d/lib/Linux/j3dcore.jar:/home/travis/build/icyphy/ptII/vendors/j3d/lib/Linux/j3dutils.jar:/home/travis/build/icyphy/ptII/vendors/j3d/lib/Linux/vecmath.jar:/home/travis/build/icyphy/ptII/vendors/jogl/lib/Linux/gluegen-rt-natives-linux-amd64.jar:/home/travis/build/icyphy/ptII/vendors/jogl/lib/Linux/gluegen-rt.jar:/home/travis/build/icyphy/ptII/vendors/jogl/lib/Linux/jogl-all-natives-linux-amd64.jar:/home/travis/build/icyphy/ptII/vendors/jogl/lib/Linux/jogl-all.jar:/home/travis/build/icyphy/ptII/ptolemy/distributed/jini/jar/jini-core.jar:/home/travis/build/icyphy/ptII/ptolemy/distributed/jini/jar/jini-ext.jar:/home/travis/build/icyphy/ptII/ptolemy/distributed/jini/jar/sun-util.jar:/home/travis/build/icyphy/ptII/lib/protobuf-java-2.4.1.jar:/home/travis/build/icyphy/ptII/lib/org.eclipse.paho.client.mqttv3.jar:/home/travis/build/icyphy/ptII/lib/mapss.jar:/home/travis/build/icyphy/ptII/ptolemy/actor/ptalon/antlr/antlr.jar:/home/travis/build/icyphy/ptII/lib/JRI.jar:/home/travis/build/icyphy/ptII/lib/commons-lang-2.6.jar:/home/travis/build/icyphy/ptII/lib/commons-logging-1.1.1.jar:/home/travis/build/icyphy/ptII/lib/sootclasses.jar:/home/travis/build/icyphy/ptII/ptolemy/actor/lib/database/mysql-connector-java-5.1.6-bin.jar:/home/travis/build/icyphy/ptII/vendors/misc/sphinx4/sphinx4-data-5prealpha.jar:/home/travis/build/icyphy/ptII/vendors/misc/sphinx4/sphinx4-core-5prealpha.jar:/home/travis/build/icyphy/ptII/lib/PDFRenderer.jar:/home/travis/build/icyphy/ptII/lib/svgSalamander.jar:/home/travis/build/icyphy/ptII/lib/rsyntaxtextarea-2.6.0-SNAPSHOT.jar:/home/travis/build/icyphy/ptII/lib/hazelcast-3.8.2.jar:/home/travis/build/icyphy/ptII/lib/jackson-annotations-2.9.0.jar:/home/travis/build/icyphy/ptII/lib/jackson-core-2.9.3.jar:/home/travis/build/icyphy/ptII/lib/jackson-databind-2.9.3.jar:/home/travis/build/icyphy/ptII/lib/netty-buffer-4.1.19.Final.jar:/home/travis/build/icyphy/ptII/lib/netty-codec-4.1.19.Final.jar:/home/travis/build/icyphy/ptII/lib/netty-codec-dns-4.1.19.Final.jar:/home/travis/build/icyphy/ptII/lib/netty-codec-http-4.1.19.Final.jar:/home/travis/build/icyphy/ptII/lib/netty-codec-http2-4.1.19.Final.jar:/home/travis/build/icyphy/ptII/lib/netty-common-4.1.19.Final.jar:/home/travis/build/icyphy/ptII/lib/netty-handler-4.1.19.Final.jar:/home/travis/build/icyphy/ptII/lib/netty-resolver-4.1.19.Final.jar:/home/travis/build/icyphy/ptII/lib/netty-resolver-dns-4.1.19.Final.jar:/home/travis/build/icyphy/ptII/lib/netty-transport-4.1.19.Final.jar:/home/travis/build/icyphy/ptII/lib/vertx-codegen-3.5.1.jar:/home/travis/build/icyphy/ptII/lib/vertx-core-3.5.2-SNAPSHOT.jar:/home/travis/build/icyphy/ptII/lib/vertx-hazelcast-3.5.1.jar:/home/travis/build/icyphy/ptII/lib/vertx-lang-js-3.5.1.jar:/home/travis/build/icyphy/ptII/lib/vertx-service-proxy-3.5.1.jar:/home/travis/build/icyphy/ptII/lib/vertx-web-3.5.1.jar:/home/travis/build/icyphy/ptII/lib/slf4j-api-1.7.13.jar:/home/travis/build/icyphy/ptII/lib/slf4j-simple-1.7.13.jar:/home/travis/build/icyphy/ptII/lib/webcam-capture-0.3.12.jar:/home/travis/build/icyphy/ptII/lib/bridj-0.7.0.jar:/home/travis/build/icyphy/ptII/lib/xbjlib-1.1.0.nrjavaserial.jar:/home/travis/build/icyphy/ptII/ptolemy/moml/test:/home/travis/build/icyphy/ptII/ant/lib/ant-launcher.jar:/home/travis/build/icyphy/ptII/ant/lib/ant.jar:/home/travis/build/icyphy/ptII/ant/lib/ant-junit.jar:/home/travis/build/icyphy/ptII/ant/lib/ant-junit4.jar" />
    <property name="ant.library.dir" value="/home/travis/build/icyphy/ptII/ant/lib" />
    <property name="os.arch" value="amd64" />
    <property name="env.CONTINUOUS_INTEGRATION" value="true" />
    <property name="env.TRAVIS_LANGUAGE" value="node_js" />
    <property name="env.TRAVIS_STACK_LANGUAGES" value="__sardonyx__ c c++ clojure cplusplus cpp default generic go groovy java node_js php pure_java python ruby scala" />
    <property name="test.name" value="ptolemy.actor.lib.test.junit.JUnitTclTest" />
    <property name="env.APT_KEY_DONT_WARN_ON_DANGEROUS_USAGE" value="1" />
    <property name="sun.java.launcher" value="SUN_STANDARD" />
    <property name="env.PYTHON_CONFIGURE_OPTS" value="--enable-unicode=ucs4 --with-wide-unicode --enable-shared --enable-ipv6 --enable-loadable-sqlite-extensions --with-computed-gotos" />
    <property name="ant.core.lib" value="/home/travis/build/icyphy/ptII/ant/lib/ant.jar" />
    <property name="java.vm.specification.vendor" value="Oracle Corporation" />
    <property name="env.BCVTB_HOME" value="/home/travis/build/icyphy/ptII/lbnl" />
    <property name="file.separator" value="/" />
    <property name="spotbugs.home" value="/home/travis/build/icyphy/ptII/vendors/spotbugs-3.1.1" />
    <property name="java.runtime.version" value="11.0.2+9" />
    <property name="env.ANSI_CLEAR" value="\033[0K" />
    <property name="javafx.verbose" value="true" />
    <property name="env.HAS_JOSH_K_SEAL_OF_APPROVAL" value="true" />
    <property name="env.XDG_RUNTIME_DIR" value="/run/user/2000" />
    <property name="env.TRAVIS_OSX_IMAGE" value="" />
    <property name="env.TRAVIS_JOB_ID" value="702397906" />
    <property name="env.TRAVIS_BRANCH" value="master" />
    <property name="user.country" value="US" />
    <property name="env.CERTI_HOME_TRAVIS" value="/home/travis/pthla/certi-tools" />
    <property name="env.SHELL" value="/bin/bash" />
    <property name="java.maxmemory.large" value="3200m" />
    <property name="model" value="" />
    <property name="env.CASHER_DIR" value="/home/travis/.casher" />
    <property name="env.NVM_CD_FLAGS" value="" />
    <property name="java.vendor.version" value="18.9" />
    <property name="jshint.executable" value="/home/travis/node_modules/jshint/bin/jshint" />
    <property name="env.JRUBY_OPTS" value=" --client -J-XX:+TieredCompilation -J-XX:TieredStopAtLevel=1 -J-Xss2m -Xcompile.invokedynamic=false" />
    <property name="java.vendor" value="Oracle Corporation" />
    <property name="env.TRAVIS_PRE_CHEF_BOOTSTRAP_TIME" value="2019-03-25T16:16:42" />
    <property name="env.TRAVIS_STACK_JOB_BOARD_REGISTER" value="/.job-board-register.yml" />
    <property name="env.ANSI_RED" value="\033[31;1m" />
    <property name="java.specification.version" value="11" />
    <property name="env.IRBRC" value="/home/travis/.rvm/rubies/ruby-2.5.3/.irbrc" />
    <property name="env.TRAVIS" value="true" />
    <property name="sun.arch.data.model" value="64" />
  </properties>
  <testcase classname="ptolemy.util.test.junit.TclTests" name="[0] /home/travis/build/icyphy/ptII/ptolemy/actor/lib/test/AbsoluteValue.tcl (RunTclFile)" time="0.491" />
  <testcase classname="ptolemy.util.test.junit.TclTests" name="[1] /home/travis/build/icyphy/ptII/ptolemy/actor/lib/test/AddSubtract.tcl (RunTclFile)" time="0.104" />
  <testcase classname="ptolemy.util.test.junit.TclTests" name="[2] /home/travis/build/icyphy/ptII/ptolemy/actor/lib/test/Average.tcl (RunTclFile)" time="0.031" />
  <testcase classname="ptolemy.util.test.junit.TclTests" name="[3] /home/travis/build/icyphy/ptII/ptolemy/actor/lib/test/Bernoulli.tcl (RunTclFile)" time="0.02" />
  <testcase classname="ptolemy.util.test.junit.TclTests" name="[4] /home/travis/build/icyphy/ptII/ptolemy/actor/lib/test/Clock.tcl (RunTclFile)" time="0.064" />
  <testcase classname="ptolemy.util.test.junit.TclTests" name="[5] /home/travis/build/icyphy/ptII/ptolemy/actor/lib/test/Commutator.tcl (RunTclFile)" time="0.178" />
  <testcase classname="ptolemy.util.test.junit.TclTests" name="[6] /home/travis/build/icyphy/ptII/ptolemy/actor/lib/test/Const.tcl (RunTclFile)" time="0.149" />
  <testcase classname="ptolemy.util.test.junit.TclTests" name="[7] /home/travis/build/icyphy/ptII/ptolemy/actor/lib/test/CurrentTime.tcl (RunTclFile)" time="0.053" />
  <testcase classname="ptolemy.util.test.junit.TclTests" name="[8] /home/travis/build/icyphy/ptII/ptolemy/actor/lib/test/DB.tcl (RunTclFile)" time="0.043" />
  <testcase classname="ptolemy.util.test.junit.TclTests" name="[9] /home/travis/build/icyphy/ptII/ptolemy/actor/lib/test/DiscreteRandomSource.tcl (RunTclFile)" time="0.059" />
  <testcase classname="ptolemy.util.test.junit.TclTests" name="[10] /home/travis/build/icyphy/ptII/ptolemy/actor/lib/test/Distributor.tcl (RunTclFile)" time="0.099" />
  <testcase classname="ptolemy.util.test.junit.TclTests" name="[11] /home/travis/build/icyphy/ptII/ptolemy/actor/lib/test/Exit.tcl (RunTclFile)" time="0.122" />
  <testcase classname="ptolemy.util.test.junit.TclTests" name="[12] /home/travis/build/icyphy/ptII/ptolemy/actor/lib/test/Expression.tcl (RunTclFile)" time="0.091" />
  <testcase classname="ptolemy.util.test.junit.TclTests" name="[13] /home/travis/build/icyphy/ptII/ptolemy/actor/lib/test/Gaussian.tcl (RunTclFile)" time="0.091" />
  <testcase classname="ptolemy.util.test.junit.TclTests" name="[14] /home/travis/build/icyphy/ptII/ptolemy/actor/lib/test/IIR.tcl (RunTclFile)" time="0.021" />
  <testcase classname="ptolemy.util.test.junit.TclTests" name="[15] /home/travis/build/icyphy/ptII/ptolemy/actor/lib/test/Interpolator.tcl (RunTclFile)" time="0.082" />
  <testcase classname="ptolemy.util.test.junit.TclTests" name="[16] /home/travis/build/icyphy/ptII/ptolemy/actor/lib/test/MathFunction.tcl (RunTclFile)" time="0.09" />
  <testcase classname="ptolemy.util.test.junit.TclTests" name="[17] /home/travis/build/icyphy/ptII/ptolemy/actor/lib/test/Maximum.tcl (RunTclFile)" time="0.048" />
  <testcase classname="ptolemy.util.test.junit.TclTests" name="[18] /home/travis/build/icyphy/ptII/ptolemy/actor/lib/test/Minimum.tcl (RunTclFile)" time="0.032" />
  <testcase classname="ptolemy.util.test.junit.TclTests" name="[19] /home/travis/build/icyphy/ptII/ptolemy/actor/lib/test/MultiplyDivide.tcl (RunTclFile)" time="0.042" />
  <testcase classname="ptolemy.util.test.junit.TclTests" name="[20] /home/travis/build/icyphy/ptII/ptolemy/actor/lib/test/OrderedMerge.tcl (RunTclFile)" time="0.131" />
  <testcase classname="ptolemy.util.test.junit.TclTests" name="[21] /home/travis/build/icyphy/ptII/ptolemy/actor/lib/test/Publisher.tcl (RunTclFile)" time="0.9" />
  <testcase classname="ptolemy.util.test.junit.TclTests" name="[22] /home/travis/build/icyphy/ptII/ptolemy/actor/lib/test/Pulse.tcl (RunTclFile)" time="0.036" />
  <testcase classname="ptolemy.util.test.junit.TclTests" name="[23] /home/travis/build/icyphy/ptII/ptolemy/actor/lib/test/Ramp.tcl (RunTclFile)" time="2.165" />
  <testcase classname="ptolemy.util.test.junit.TclTests" name="[24] /home/travis/build/icyphy/ptII/ptolemy/actor/lib/test/RampContinuous.tcl (RunTclFile)" time="0.017" />
  <testcase classname="ptolemy.util.test.junit.TclTests" name="[25] /home/travis/build/icyphy/ptII/ptolemy/actor/lib/test/RecordAssembler.tcl (RunTclFile)" time="0.014" />
  <testcase classname="ptolemy.util.test.junit.TclTests" name="[26] /home/travis/build/icyphy/ptII/ptolemy/actor/lib/test/RecordDisassembler.tcl (RunTclFile)" time="0.019" />
  <testcase classname="ptolemy.util.test.junit.TclTests" name="[27] /home/travis/build/icyphy/ptII/ptolemy/actor/lib/test/Scale.tcl (RunTclFile)" time="0.016" />
  <testcase classname="ptolemy.util.test.junit.TclTests" name="[28] /home/travis/build/icyphy/ptII/ptolemy/actor/lib/test/SequentialClock.tcl (RunTclFile)" time="0.012" />
  <testcase classname="ptolemy.util.test.junit.TclTests" name="[29] /home/travis/build/icyphy/ptII/ptolemy/actor/lib/test/SetVariable.tcl (RunTclFile)" time="0.009" />
  <testcase classname="ptolemy.util.test.junit.TclTests" name="[30] /home/travis/build/icyphy/ptII/ptolemy/actor/lib/test/Sinewave.tcl (RunTclFile)" time="0.048" />
  <testcase classname="ptolemy.util.test.junit.TclTests" name="[31] /home/travis/build/icyphy/ptII/ptolemy/actor/lib/test/SubscriptionAggregator.tcl (RunTclFile)" time="2.21" />
  <testcase classname="ptolemy.util.test.junit.TclTests" name="[32] /home/travis/build/icyphy/ptII/ptolemy/actor/lib/test/Test.tcl (RunTclFile)" time="0.104" />
  <testcase classname="ptolemy.util.test.junit.TclTests" name="[33] /home/travis/build/icyphy/ptII/ptolemy/actor/lib/test/TestExceptionHandler.tcl (RunTclFile)" time="0.013" />
  <testcase classname="ptolemy.util.test.junit.TclTests" name="[34] /home/travis/build/icyphy/ptII/ptolemy/actor/lib/test/UnionDisassembler.tcl (RunTclFile)" time="0.067" />
  <testcase classname="ptolemy.util.test.junit.TclTests" name="[35] /home/travis/build/icyphy/ptII/ptolemy/actor/lib/test/VariableClock.tcl (RunTclFile)" time="0.029" />
  <testcase classname="ptolemy.util.test.junit.AutoKnownFailedTests" name="[0] /home/travis/build/icyphy/ptII/ptolemy/actor/lib/test/auto/knownFailedTests/PublisherPortToplevelSubscriber.xml (RunModel)" time="0.027" />
  <testcase classname="ptolemy.util.test.junit.AutoKnownFailedTests" name="[1] /home/travis/build/icyphy/ptII/ptolemy/actor/lib/test/auto/knownFailedTests/PublisherSubscriberPortToplevel.xml (RunModel)" time="0.019" />
  <testcase classname="ptolemy.util.test.junit.AutoKnownFailedTests" name="[2] /home/travis/build/icyphy/ptII/ptolemy/actor/lib/test/auto/knownFailedTests/PublisherSubscriptionAggregatorPort.xml (RunModel)" time="0.078" />
  <testcase classname="ptolemy.util.test.junit.AutoKnownFailedTests" name="[3] /home/travis/build/icyphy/ptII/ptolemy/actor/lib/test/auto/knownFailedTests/sizedarray3.xml (RunModel)" time="0.026" />
  <testcase classname="ptolemy.util.test.junit.AutoNameArchTests" name="[0] ThereAreNoAutoArchTests (RunModel)" time="0.013" />
  <testcase classname="ptolemy.util.test.junit.AutoTests" name="[0] /home/travis/build/icyphy/ptII/ptolemy/actor/lib/test/auto/AbsoluteValue.xml (RunModel)" time="0.093" />
  <testcase classname="ptolemy.util.test.junit.AutoTests" name="[1] /home/travis/build/icyphy/ptII/ptolemy/actor/lib/test/auto/AbsoluteValue2.xml (RunModel)" time="0.076" />
  <testcase classname="ptolemy.util.test.junit.AutoTests" name="[2] /home/travis/build/icyphy/ptII/ptolemy/actor/lib/test/auto/Accumulator.xml (RunModel)" time="0.069" />
  <testcase classname="ptolemy.util.test.junit.AutoTests" name="[3] /home/travis/build/icyphy/ptII/ptolemy/actor/lib/test/auto/Accumulator2.xml (RunModel)" time="0.052" />
  <testcase classname="ptolemy.util.test.junit.AutoTests" name="[4] /home/travis/build/icyphy/ptII/ptolemy/actor/lib/test/auto/Accumulator3.xml (RunModel)" time="0.018" />
  <testcase classname="ptolemy.util.test.junit.AutoTests" name="[5] /home/travis/build/icyphy/ptII/ptolemy/actor/lib/test/auto/ArrayAppend.xml (RunModel)" time="0.027" />
  <testcase classname="ptolemy.util.test.junit.AutoTests" name="[6] /home/travis/build/icyphy/ptII/ptolemy/actor/lib/test/auto/ArrayAppend2.xml (RunModel)" time="0.306" />
  <testcase classname="ptolemy.util.test.junit.AutoTests" name="[7] /home/travis/build/icyphy/ptII/ptolemy/actor/lib/test/auto/ArrayAppend3.xml (RunModel)" time="0.015" />
  <testcase classname="ptolemy.util.test.junit.AutoTests" name="[8] /home/travis/build/icyphy/ptII/ptolemy/actor/lib/test/auto/ArrayAppend4.xml (RunModel)" time="0.015" />
  <testcase classname="ptolemy.util.test.junit.AutoTests" name="[9] /home/travis/build/icyphy/ptII/ptolemy/actor/lib/test/auto/ArrayAppend5.xml (RunModel)" time="0.015" />
  <testcase classname="ptolemy.util.test.junit.AutoTests" name="[10] /home/travis/build/icyphy/ptII/ptolemy/actor/lib/test/auto/ArrayAppend6.xml (RunModel)" time="0.025" />
  <testcase classname="ptolemy.util.test.junit.AutoTests" name="[11] /home/travis/build/icyphy/ptII/ptolemy/actor/lib/test/auto/ArrayAppendPerformanceTest.xml (RunModel)" time="0.106" />
  <testcase classname="ptolemy.util.test.junit.AutoTests" name="[12] /home/travis/build/icyphy/ptII/ptolemy/actor/lib/test/auto/ArrayAppendWithEmptyInput.xml (RunModel)" time="0.059" />
  <testcase classname="ptolemy.util.test.junit.AutoTests" name="[13] /home/travis/build/icyphy/ptII/ptolemy/actor/lib/test/auto/ArrayAverage.xml (RunModel)" time="0.053" />
  <testcase classname="ptolemy.util.test.junit.AutoTests" name="[14] /home/travis/build/icyphy/ptII/ptolemy/actor/lib/test/auto/ArrayContains.xml (RunModel)" time="0.033" />
  <testcase classname="ptolemy.util.test.junit.AutoTests" name="[15] /home/travis/build/icyphy/ptII/ptolemy/actor/lib/test/auto/ArrayElement.xml (RunModel)" time="0.021" />
  <testcase classname="ptolemy.util.test.junit.AutoTests" name="[16] /home/travis/build/icyphy/ptII/ptolemy/actor/lib/test/auto/ArrayElementAsMatrix.xml (RunModel)" time="0.075" />
  <testcase classname="ptolemy.util.test.junit.AutoTests" name="[17] /home/travis/build/icyphy/ptII/ptolemy/actor/lib/test/auto/ArrayElementI.xml (RunModel)" time="0.034" />
  <testcase classname="ptolemy.util.test.junit.AutoTests" name="[18] /home/travis/build/icyphy/ptII/ptolemy/actor/lib/test/auto/ArrayExtract.xml (RunModel)" time="0.021" />
  <testcase classname="ptolemy.util.test.junit.AutoTests" name="[19] /home/travis/build/icyphy/ptII/ptolemy/actor/lib/test/auto/ArrayExtract2.xml (RunModel)" time="0.015" />
  <testcase classname="ptolemy.util.test.junit.AutoTests" name="[20] /home/travis/build/icyphy/ptII/ptolemy/actor/lib/test/auto/ArrayLength.xml (RunModel)" time="0.015" />
  <testcase classname="ptolemy.util.test.junit.AutoTests" name="[21] /home/travis/build/icyphy/ptII/ptolemy/actor/lib/test/auto/ArrayLevelCrossing.xml (RunModel)" time="0.023" />
  <testcase classname="ptolemy.util.test.junit.AutoTests" name="[22] /home/travis/build/icyphy/ptII/ptolemy/actor/lib/test/auto/ArrayLevelCrossing2.xml (RunModel)" time="0.023" />
  <testcase classname="ptolemy.util.test.junit.AutoTests" name="[23] /home/travis/build/icyphy/ptII/ptolemy/actor/lib/test/auto/ArrayPeakSearch.xml (RunModel)" time="0.03" />
  <testcase classname="ptolemy.util.test.junit.AutoTests" name="[24] /home/travis/build/icyphy/ptII/ptolemy/actor/lib/test/auto/ArrayPeakSearch2.xml (RunModel)" time="0.029" />
  <testcase classname="ptolemy.util.test.junit.AutoTests" name="[25] /home/travis/build/icyphy/ptII/ptolemy/actor/lib/test/auto/ArrayPeakSearch3.xml (RunModel)" time="0.035" />
  <testcase classname="ptolemy.util.test.junit.AutoTests" name="[26] /home/travis/build/icyphy/ptII/ptolemy/actor/lib/test/auto/ArrayRemoveElement.xml (RunModel)" time="0.035" />
  <testcase classname="ptolemy.util.test.junit.AutoTests" name="[27] /home/travis/build/icyphy/ptII/ptolemy/actor/lib/test/auto/ArraySort.xml (RunModel)" time="0.035" />
  <testcase classname="ptolemy.util.test.junit.AutoTests" name="[28] /home/travis/build/icyphy/ptII/ptolemy/actor/lib/test/auto/ArraySum.xml (RunModel)" time="0.023" />
  <testcase classname="ptolemy.util.test.junit.AutoTests" name="[29] /home/travis/build/icyphy/ptII/ptolemy/actor/lib/test/auto/ArrayToElements.xml (RunModel)" time="0.021" />
  <testcase classname="ptolemy.util.test.junit.AutoTests" name="[30] /home/travis/build/icyphy/ptII/ptolemy/actor/lib/test/auto/ArrayToMatrix.xml (RunModel)" time="0.049" />
  <testcase classname="ptolemy.util.test.junit.AutoTests" name="[31] /home/travis/build/icyphy/ptII/ptolemy/actor/lib/test/auto/ArrayUpdate1.xml (RunModel)" time="0.033" />
  <testcase classname="ptolemy.util.test.junit.AutoTests" name="[32] /home/travis/build/icyphy/ptII/ptolemy/actor/lib/test/auto/ArrayUpdate2.xml (RunModel)" time="0.033" />
  <testcase classname="ptolemy.util.test.junit.AutoTests" name="[33] /home/travis/build/icyphy/ptII/ptolemy/actor/lib/test/auto/ArrayUpdate3.xml (RunModel)" time="0.024" />
  <testcase classname="ptolemy.util.test.junit.AutoTests" name="[34] /home/travis/build/icyphy/ptII/ptolemy/actor/lib/test/auto/Assert1.xml (RunModel)" time="0.022" />
  <testcase classname="ptolemy.util.test.junit.AutoTests" name="[35] /home/travis/build/icyphy/ptII/ptolemy/actor/lib/test/auto/Assert2.xml (RunModel)" time="0.015" />
  <testcase classname="ptolemy.util.test.junit.AutoTests" name="[36] /home/travis/build/icyphy/ptII/ptolemy/actor/lib/test/auto/BooleanMultiplexor.xml (RunModel)" time="0.014" />
  <testcase classname="ptolemy.util.test.junit.AutoTests" name="[37] /home/travis/build/icyphy/ptII/ptolemy/actor/lib/test/auto/BooleanMultiplexor2.xml (RunModel)" time="0.027" />
  <testcase classname="ptolemy.util.test.junit.AutoTests" name="[38] /home/travis/build/icyphy/ptII/ptolemy/actor/lib/test/auto/BooleanMultiplexor3.xml (RunModel)" time="0.026" />
  <testcase classname="ptolemy.util.test.junit.AutoTests" name="[39] /home/travis/build/icyphy/ptII/ptolemy/actor/lib/test/auto/BooleanSelect.xml (RunModel)" time="0.027" />
  <testcase classname="ptolemy.util.test.junit.AutoTests" name="[40] /home/travis/build/icyphy/ptII/ptolemy/actor/lib/test/auto/BooleanSelect2.xml (RunModel)" time="0.018" />
  <testcase classname="ptolemy.util.test.junit.AutoTests" name="[41] /home/travis/build/icyphy/ptII/ptolemy/actor/lib/test/auto/BooleanSwitch.xml (RunModel)" time="0.022" />
  <testcase classname="ptolemy.util.test.junit.AutoTests" name="[42] /home/travis/build/icyphy/ptII/ptolemy/actor/lib/test/auto/BooleanSwitch2.xml (RunModel)" time="0.014" />
  <testcase classname="ptolemy.util.test.junit.AutoTests" name="[43] /home/travis/build/icyphy/ptII/ptolemy/actor/lib/test/auto/BooleanSwitchCloningBugWithClassRelationGroup.xml (RunModel)" time="0.04" />
  <testcase classname="ptolemy.util.test.junit.AutoTests" name="[44] /home/travis/build/icyphy/ptII/ptolemy/actor/lib/test/auto/BusActors.xml (RunModel)" time="0.063" />
  <testcase classname="ptolemy.util.test.junit.AutoTests" name="[45] /home/travis/build/icyphy/ptII/ptolemy/actor/lib/test/auto/ClassWrapper.xml (RunModel)" time="0.02" />
  <testcase classname="ptolemy.util.test.junit.AutoTests" name="[46] /home/travis/build/icyphy/ptII/ptolemy/actor/lib/test/auto/Clock.xml (RunModel)" time="0.01" />
  <testcase classname="ptolemy.util.test.junit.AutoTests" name="[47] /home/travis/build/icyphy/ptII/ptolemy/actor/lib/test/auto/Clock10.xml (RunModel)" time="0.017" />
  <testcase classname="ptolemy.util.test.junit.AutoTests" name="[48] /home/travis/build/icyphy/ptII/ptolemy/actor/lib/test/auto/Clock11.xml (RunModel)" time="0.018" />
  <testcase classname="ptolemy.util.test.junit.AutoTests" name="[49] /home/travis/build/icyphy/ptII/ptolemy/actor/lib/test/auto/Clock12.xml (RunModel)" time="0.03" />
  <testcase classname="ptolemy.util.test.junit.AutoTests" name="[50] /home/travis/build/icyphy/ptII/ptolemy/actor/lib/test/auto/Clock13.xml (RunModel)" time="0.018" />
  <testcase classname="ptolemy.util.test.junit.AutoTests" name="[51] /home/travis/build/icyphy/ptII/ptolemy/actor/lib/test/auto/Clock14.xml (RunModel)" time="0.019" />
  <testcase classname="ptolemy.util.test.junit.AutoTests" name="[52] /home/travis/build/icyphy/ptII/ptolemy/actor/lib/test/auto/Clock15.xml (RunModel)" time="0.013" />
  <testcase classname="ptolemy.util.test.junit.AutoTests" name="[53] /home/travis/build/icyphy/ptII/ptolemy/actor/lib/test/auto/Clock16.xml (RunModel)" time="0.092" />
  <testcase classname="ptolemy.util.test.junit.AutoTests" name="[54] /home/travis/build/icyphy/ptII/ptolemy/actor/lib/test/auto/Clock17.xml (RunModel)" time="0.076" />
  <testcase classname="ptolemy.util.test.junit.AutoTests" name="[55] /home/travis/build/icyphy/ptII/ptolemy/actor/lib/test/auto/Clock18.xml (RunModel)" time="0.038" />
  <testcase classname="ptolemy.util.test.junit.AutoTests" name="[56] /home/travis/build/icyphy/ptII/ptolemy/actor/lib/test/auto/Clock19.xml (RunModel)" time="0.047" />
  <testcase classname="ptolemy.util.test.junit.AutoTests" name="[57] /home/travis/build/icyphy/ptII/ptolemy/actor/lib/test/auto/Clock2.xml (RunModel)" time="0.012" />
  <testcase classname="ptolemy.util.test.junit.AutoTests" name="[58] /home/travis/build/icyphy/ptII/ptolemy/actor/lib/test/auto/Clock20.xml (RunModel)" time="0.019" />
  <testcase classname="ptolemy.util.test.junit.AutoTests" name="[59] /home/travis/build/icyphy/ptII/ptolemy/actor/lib/test/auto/Clock21.xml (RunModel)" time="0.016" />
  <testcase classname="ptolemy.util.test.junit.AutoTests" name="[60] /home/travis/build/icyphy/ptII/ptolemy/actor/lib/test/auto/Clock22.xml (RunModel)" time="0.016" />
  <testcase classname="ptolemy.util.test.junit.AutoTests" name="[61] /home/travis/build/icyphy/ptII/ptolemy/actor/lib/test/auto/Clock23.xml (RunModel)" time="0.017" />
  <testcase classname="ptolemy.util.test.junit.AutoTests" name="[62] /home/travis/build/icyphy/ptII/ptolemy/actor/lib/test/auto/Clock24.xml (RunModel)" time="0.017" />
  <testcase classname="ptolemy.util.test.junit.AutoTests" name="[63] /home/travis/build/icyphy/ptII/ptolemy/actor/lib/test/auto/Clock4.xml (RunModel)" time="0.01" />
  <testcase classname="ptolemy.util.test.junit.AutoTests" name="[64] /home/travis/build/icyphy/ptII/ptolemy/actor/lib/test/auto/Clock5.xml (RunModel)" time="0.012" />
  <testcase classname="ptolemy.util.test.junit.AutoTests" name="[65] /home/travis/build/icyphy/ptII/ptolemy/actor/lib/test/auto/Clock6.xml (RunModel)" time="0.009" />
  <testcase classname="ptolemy.util.test.junit.AutoTests" name="[66] /home/travis/build/icyphy/ptII/ptolemy/actor/lib/test/auto/Clock7.xml (RunModel)" time="0.014" />
  <testcase classname="ptolemy.util.test.junit.AutoTests" name="[67] /home/travis/build/icyphy/ptII/ptolemy/actor/lib/test/auto/Clock8.xml (RunModel)" time="0.015" />
  <testcase classname="ptolemy.util.test.junit.AutoTests" name="[68] /home/travis/build/icyphy/ptII/ptolemy/actor/lib/test/auto/Clock9.xml (RunModel)" time="0.018" />
  <testcase classname="ptolemy.util.test.junit.AutoTests" name="[69] /home/travis/build/icyphy/ptII/ptolemy/actor/lib/test/auto/CommDistDiscard.xml (RunModel)" time="0.026" />
  <testcase classname="ptolemy.util.test.junit.AutoTests" name="[70] /home/travis/build/icyphy/ptII/ptolemy/actor/lib/test/auto/Commutator.xml (RunModel)" time="0.015" />
  <testcase classname="ptolemy.util.test.junit.AutoTests" name="[71] /home/travis/build/icyphy/ptII/ptolemy/actor/lib/test/auto/Commutator2.xml (RunModel)" time="0.016" />
  <testcase classname="ptolemy.util.test.junit.AutoTests" name="[72] /home/travis/build/icyphy/ptII/ptolemy/actor/lib/test/auto/Commutator3.xml (RunModel)" time="0.014" />
  <testcase classname="ptolemy.util.test.junit.AutoTests" name="[73] /home/travis/build/icyphy/ptII/ptolemy/actor/lib/test/auto/Compare.xml (RunModel)" time="0.023" />
  <testcase classname="ptolemy.util.test.junit.AutoTests" name="[74] /home/travis/build/icyphy/ptII/ptolemy/actor/lib/test/auto/CompareDE.xml (RunModel)" time="0.021" />
  <testcase classname="ptolemy.util.test.junit.AutoTests" name="[75] /home/travis/build/icyphy/ptII/ptolemy/actor/lib/test/auto/ComplexDivide.xml (RunModel)" time="0.009" />
  <testcase classname="ptolemy.util.test.junit.AutoTests" name="[76] /home/travis/build/icyphy/ptII/ptolemy/actor/lib/test/auto/ComputeHistogram.xml (RunModel)" time="0.054" />
  <testcase classname="ptolemy.util.test.junit.AutoTests" name="[77] /home/travis/build/icyphy/ptII/ptolemy/actor/lib/test/auto/ConfigurationSelect.xml (RunModel)" time="0.019" />
  <testcase classname="ptolemy.util.test.junit.AutoTests" name="[78] /home/travis/build/icyphy/ptII/ptolemy/actor/lib/test/auto/ConfigurationSelect2.xml (RunModel)" time="0.02" />
  <testcase classname="ptolemy.util.test.junit.AutoTests" name="[79] /home/travis/build/icyphy/ptII/ptolemy/actor/lib/test/auto/ConfigurationSwitch.xml (RunModel)" time="0.03" />
  <testcase classname="ptolemy.util.test.junit.AutoTests" name="[80] /home/travis/build/icyphy/ptII/ptolemy/actor/lib/test/auto/ConfigurationSwitch2.xml (RunModel)" time="0.022" />
  <testcase classname="ptolemy.util.test.junit.AutoTests" name="[81] /home/travis/build/icyphy/ptII/ptolemy/actor/lib/test/auto/ConfigurationSwitchCloningBugWithClassRelationGroup.xml (RunModel)" time="0.023" />
  <testcase classname="ptolemy.util.test.junit.AutoTests" name="[82] /home/travis/build/icyphy/ptII/ptolemy/actor/lib/test/auto/ConfigurationSwitchSelectSDF.xml (RunModel)" time="0.019" />
  <testcase classname="ptolemy.util.test.junit.AutoTests" name="[83] /home/travis/build/icyphy/ptII/ptolemy/actor/lib/test/auto/ConfigurationSwitchSelectSDF2.xml (RunModel)" time="0.021" />
  <testcase classname="ptolemy.util.test.junit.AutoTests" name="[84] /home/travis/build/icyphy/ptII/ptolemy/actor/lib/test/auto/Const.xml (RunModel)" time="0.008" />
  <testcase classname="ptolemy.util.test.junit.AutoTests" name="[85] /home/travis/build/icyphy/ptII/ptolemy/actor/lib/test/auto/Const2.xml (RunModel)" time="0.011" />
  <testcase classname="ptolemy.util.test.junit.AutoTests" name="[86] /home/travis/build/icyphy/ptII/ptolemy/actor/lib/test/auto/Const3.xml (RunModel)" time="0.012" />
  <testcase classname="ptolemy.util.test.junit.AutoTests" name="[87] /home/travis/build/icyphy/ptII/ptolemy/actor/lib/test/auto/ConstantPublisherPort1.xml (RunModel)" time="0.024" />
  <testcase classname="ptolemy.util.test.junit.AutoTests" name="[88] /home/travis/build/icyphy/ptII/ptolemy/actor/lib/test/auto/ConstantPublisherPort2.xml (RunModel)" time="0.025" />
  <testcase classname="ptolemy.util.test.junit.AutoTests" name="[89] /home/travis/build/icyphy/ptII/ptolemy/actor/lib/test/auto/ConstantPublisherPort3.xml (RunModel)" time="0.019" />
  <testcase classname="ptolemy.util.test.junit.AutoTests" name="[90] /home/travis/build/icyphy/ptII/ptolemy/actor/lib/test/auto/ConstantPublisherPort4.xml (RunModel)" time="0.014" />
  <testcase classname="ptolemy.util.test.junit.AutoTests" name="[91] /home/travis/build/icyphy/ptII/ptolemy/actor/lib/test/auto/ConstantPublisherPort5.xml (RunModel)" time="0.042" />
  <testcase classname="ptolemy.util.test.junit.AutoTests" name="[92] /home/travis/build/icyphy/ptII/ptolemy/actor/lib/test/auto/ConstantPublisherPort6.xml (RunModel)" time="0.032" />
  <testcase classname="ptolemy.util.test.junit.AutoTests" name="[93] /home/travis/build/icyphy/ptII/ptolemy/actor/lib/test/auto/ConstantPublisherPort7.xml (RunModel)" time="0.049" />
  <testcase classname="ptolemy.util.test.junit.AutoTests" name="[94] /home/travis/build/icyphy/ptII/ptolemy/actor/lib/test/auto/ConstraintMonitor1.xml (RunModel)" time="0.047" />
  <testcase classname="ptolemy.util.test.junit.AutoTests" name="[95] /home/travis/build/icyphy/ptII/ptolemy/actor/lib/test/auto/ConstraintMonitor2.xml (RunModel)" time="0.013" />
  <testcase classname="ptolemy.util.test.junit.AutoTests" name="[96] /home/travis/build/icyphy/ptII/ptolemy/actor/lib/test/auto/ConstraintMonitor3.xml (RunModel)" time="0.016" />
  <testcase classname="ptolemy.util.test.junit.AutoTests" name="[97] /home/travis/build/icyphy/ptII/ptolemy/actor/lib/test/auto/ConstraintMonitor4.xml (RunModel)" time="0.013" />
  <testcase classname="ptolemy.util.test.junit.AutoTests" name="[98] /home/travis/build/icyphy/ptII/ptolemy/actor/lib/test/auto/ConstraintMonitor5.xml (RunModel)" time="0.015" />
  <testcase classname="ptolemy.util.test.junit.AutoTests" name="[99] /home/travis/build/icyphy/ptII/ptolemy/actor/lib/test/auto/ConstraintMonitor6.xml (RunModel)" time="0.019" />
  <testcase classname="ptolemy.util.test.junit.AutoTests" name="[100] /home/travis/build/icyphy/ptII/ptolemy/actor/lib/test/auto/ConstraintMonitor7.xml (RunModel)" time="0.017" />
  <testcase classname="ptolemy.util.test.junit.AutoTests" name="[101] /home/travis/build/icyphy/ptII/ptolemy/actor/lib/test/auto/ConstraintMonitor8.xml (RunModel)" time="0.017" />
  <testcase classname="ptolemy.util.test.junit.AutoTests" name="[102] /home/travis/build/icyphy/ptII/ptolemy/actor/lib/test/auto/Counter.xml (RunModel)" time="0.015" />
  <testcase classname="ptolemy.util.test.junit.AutoTests" name="[103] /home/travis/build/icyphy/ptII/ptolemy/actor/lib/test/auto/CurrentTimeSDF.xml (RunModel)" time="0.009" />
  <testcase classname="ptolemy.util.test.junit.AutoTests" name="[104] /home/travis/build/icyphy/ptII/ptolemy/actor/lib/test/auto/DB.xml (RunModel)" time="0.013" />
  <testcase classname="ptolemy.util.test.junit.AutoTests" name="[105] /home/travis/build/icyphy/ptII/ptolemy/actor/lib/test/auto/DBDE.xml (RunModel)" time="0.013" />
  <testcase classname="ptolemy.util.test.junit.AutoTests" name="[106] /home/travis/build/icyphy/ptII/ptolemy/actor/lib/test/auto/DateConstructor.xml (RunModel)" time="0.075" />
  <testcase classname="ptolemy.util.test.junit.AutoTests" name="[107] /home/travis/build/icyphy/ptII/ptolemy/actor/lib/test/auto/DelayTime.xml (RunModel)" time="0.017" />
  <testcase classname="ptolemy.util.test.junit.AutoTests" name="[108] /home/travis/build/icyphy/ptII/ptolemy/actor/lib/test/auto/Dictionary1.xml (RunModel)" time="0.02" />
  <testcase classname="ptolemy.util.test.junit.AutoTests" name="[109] /home/travis/build/icyphy/ptII/ptolemy/actor/lib/test/auto/Dictionary2.xml (RunModel)" time="0.023" />
  <testcase classname="ptolemy.util.test.junit.AutoTests" name="[110] /home/travis/build/icyphy/ptII/ptolemy/actor/lib/test/auto/Dictionary3.xml (RunModel)" time="0.013" />
  <testcase classname="ptolemy.util.test.junit.AutoTests" name="[111] /home/travis/build/icyphy/ptII/ptolemy/actor/lib/test/auto/Dictionary4.xml (RunModel)" time="0.02" />
  <testcase classname="ptolemy.util.test.junit.AutoTests" name="[112] /home/travis/build/icyphy/ptII/ptolemy/actor/lib/test/auto/Differential.xml (RunModel)" time="0.013" />
  <testcase classname="ptolemy.util.test.junit.AutoTests" name="[113] /home/travis/build/icyphy/ptII/ptolemy/actor/lib/test/auto/Director.xml (RunModel)" time="0.011" />
  <testcase classname="ptolemy.util.test.junit.AutoTests" name="[114] /home/travis/build/icyphy/ptII/ptolemy/actor/lib/test/auto/DiscreteClock.xml (RunModel)" time="0.009" />
  <testcase classname="ptolemy.util.test.junit.AutoTests" name="[115] /home/travis/build/icyphy/ptII/ptolemy/actor/lib/test/auto/DiscreteClock10.xml (RunModel)" time="0.016" />
  <testcase classname="ptolemy.util.test.junit.AutoTests" name="[116] /home/travis/build/icyphy/ptII/ptolemy/actor/lib/test/auto/DiscreteClock11.xml (RunModel)" time="0.013" />
  <testcase classname="ptolemy.util.test.junit.AutoTests" name="[117] /home/travis/build/icyphy/ptII/ptolemy/actor/lib/test/auto/DiscreteClock12.xml (RunModel)" time="0.013" />
  <testcase classname="ptolemy.util.test.junit.AutoTests" name="[118] /home/travis/build/icyphy/ptII/ptolemy/actor/lib/test/auto/DiscreteClock13.xml (RunModel)" time="0.02" />
  <testcase classname="ptolemy.util.test.junit.AutoTests" name="[119] /home/travis/build/icyphy/ptII/ptolemy/actor/lib/test/auto/DiscreteClock14.xml (RunModel)" time="0.012" />
  <testcase classname="ptolemy.util.test.junit.AutoTests" name="[120] /home/travis/build/icyphy/ptII/ptolemy/actor/lib/test/auto/DiscreteClock15.xml (RunModel)" time="0.014" />
  <testcase classname="ptolemy.util.test.junit.AutoTests" name="[121] /home/travis/build/icyphy/ptII/ptolemy/actor/lib/test/auto/DiscreteClock16.xml (RunModel)" time="0.041" />
  <testcase classname="ptolemy.util.test.junit.AutoTests" name="[122] /home/travis/build/icyphy/ptII/ptolemy/actor/lib/test/auto/DiscreteClock17.xml (RunModel)" time="0.042" />
  <testcase classname="ptolemy.util.test.junit.AutoTests" name="[123] /home/travis/build/icyphy/ptII/ptolemy/actor/lib/test/auto/DiscreteClock18.xml (RunModel)" time="0.033" />
  <testcase classname="ptolemy.util.test.junit.AutoTests" name="[124] /home/travis/build/icyphy/ptII/ptolemy/actor/lib/test/auto/DiscreteClock19.xml (RunModel)" time="0.034" />
  <testcase classname="ptolemy.util.test.junit.AutoTests" name="[125] /home/travis/build/icyphy/ptII/ptolemy/actor/lib/test/auto/DiscreteClock2.xml (RunModel)" time="0.01" />
  <testcase classname="ptolemy.util.test.junit.AutoTests" name="[126] /home/travis/build/icyphy/ptII/ptolemy/actor/lib/test/auto/DiscreteClock20.xml (RunModel)" time="0.011" />
  <testcase classname="ptolemy.util.test.junit.AutoTests" name="[127] /home/travis/build/icyphy/ptII/ptolemy/actor/lib/test/auto/DiscreteClock21.xml (RunModel)" time="0.014" />
  <testcase classname="ptolemy.util.test.junit.AutoTests" name="[128] /home/travis/build/icyphy/ptII/ptolemy/actor/lib/test/auto/DiscreteClock22.xml (RunModel)" time="0.015" />
  <testcase classname="ptolemy.util.test.junit.AutoTests" name="[129] /home/travis/build/icyphy/ptII/ptolemy/actor/lib/test/auto/DiscreteClock23.xml (RunModel)" time="0.011" />
  <testcase classname="ptolemy.util.test.junit.AutoTests" name="[130] /home/travis/build/icyphy/ptII/ptolemy/actor/lib/test/auto/DiscreteClock24.xml (RunModel)" time="0.012" />
  <testcase classname="ptolemy.util.test.junit.AutoTests" name="[131] /home/travis/build/icyphy/ptII/ptolemy/actor/lib/test/auto/DiscreteClock4.xml (RunModel)" time="0.013" />
  <testcase classname="ptolemy.util.test.junit.AutoTests" name="[132] /home/travis/build/icyphy/ptII/ptolemy/actor/lib/test/auto/DiscreteClock5.xml (RunModel)" time="0.01" />
  <testcase classname="ptolemy.util.test.junit.AutoTests" name="[133] /home/travis/build/icyphy/ptII/ptolemy/actor/lib/test/auto/DiscreteClock6.xml (RunModel)" time="0.02" />
  <testcase classname="ptolemy.util.test.junit.AutoTests" name="[134] /home/travis/build/icyphy/ptII/ptolemy/actor/lib/test/auto/DiscreteClock7.xml (RunModel)" time="0.023" />
  <testcase classname="ptolemy.util.test.junit.AutoTests" name="[135] /home/travis/build/icyphy/ptII/ptolemy/actor/lib/test/auto/DiscreteClock8.xml (RunModel)" time="0.016" />
  <testcase classname="ptolemy.util.test.junit.AutoTests" name="[136] /home/travis/build/icyphy/ptII/ptolemy/actor/lib/test/auto/DiscreteClock9.xml (RunModel)" time="0.012" />
  <testcase classname="ptolemy.util.test.junit.AutoTests" name="[137] /home/travis/build/icyphy/ptII/ptolemy/actor/lib/test/auto/DisplayArray.xml (RunModel)" time="0.01" />
  <testcase classname="ptolemy.util.test.junit.AutoTests" name="[138] /home/travis/build/icyphy/ptII/ptolemy/actor/lib/test/auto/Distributor.xml (RunModel)" time="0.01" />
  <testcase classname="ptolemy.util.test.junit.AutoTests" name="[139] /home/travis/build/icyphy/ptII/ptolemy/actor/lib/test/auto/Distributor2.xml (RunModel)" time="0.011" />
  <testcase classname="ptolemy.util.test.junit.AutoTests" name="[140] /home/travis/build/icyphy/ptII/ptolemy/actor/lib/test/auto/DownSample.xml (RunModel)" time="0.022" />
  <testcase classname="ptolemy.util.test.junit.AutoTests" name="[141] /home/travis/build/icyphy/ptII/ptolemy/actor/lib/test/auto/ElectronicUnitBase1.xml (RunModel)" time="0.057" />
  <testcase classname="ptolemy.util.test.junit.AutoTests" name="[142] /home/travis/build/icyphy/ptII/ptolemy/actor/lib/test/auto/ElementsToArray.xml (RunModel)" time="0.011" />
  <testcase classname="ptolemy.util.test.junit.AutoTests" name="[143] /home/travis/build/icyphy/ptII/ptolemy/actor/lib/test/auto/Equals.xml (RunModel)" time="0.016" />
  <testcase classname="ptolemy.util.test.junit.AutoTests" name="[144] /home/travis/build/icyphy/ptII/ptolemy/actor/lib/test/auto/Exec.xml (RunModel)" time="0.027" />
  <testcase classname="ptolemy.util.test.junit.AutoTests" name="[145] /home/travis/build/icyphy/ptII/ptolemy/actor/lib/test/auto/ExecEnvironment.xml (RunModel)" time="0.032" />
  <testcase classname="ptolemy.util.test.junit.AutoTests" name="[146] /home/travis/build/icyphy/ptII/ptolemy/actor/lib/test/auto/ExecNonZeroReturnOutput.xml (RunModel)" time="0.171" />
  <testcase classname="ptolemy.util.test.junit.AutoTests" name="[147] /home/travis/build/icyphy/ptII/ptolemy/actor/lib/test/auto/ExecRunDemos.xml (RunModel)" time="10.932" />
  <testcase classname="ptolemy.util.test.junit.AutoTests" name="[148] /home/travis/build/icyphy/ptII/ptolemy/actor/lib/test/auto/ExecStop.xml (RunModel)" time="5.04" />
  <testcase classname="ptolemy.util.test.junit.AutoTests" name="[149] /home/travis/build/icyphy/ptII/ptolemy/actor/lib/test/auto/ExecutionTimeSDF.xml (RunModel)" time="6.038" />
  <testcase classname="ptolemy.util.test.junit.AutoTests" name="[150] /home/travis/build/icyphy/ptII/ptolemy/actor/lib/test/auto/Expression1.xml (RunModel)" time="0.009" />
  <testcase classname="ptolemy.util.test.junit.AutoTests" name="[151] /home/travis/build/icyphy/ptII/ptolemy/actor/lib/test/auto/Expression10.xml (RunModel)" time="0.019" />
  <testcase classname="ptolemy.util.test.junit.AutoTests" name="[152] /home/travis/build/icyphy/ptII/ptolemy/actor/lib/test/auto/Expression11.xml (RunModel)" time="0.013" />
  <testcase classname="ptolemy.util.test.junit.AutoTests" name="[153] /home/travis/build/icyphy/ptII/ptolemy/actor/lib/test/auto/Expression12.xml (RunModel)" time="0.014" />
  <testcase classname="ptolemy.util.test.junit.AutoTests" name="[154] /home/travis/build/icyphy/ptII/ptolemy/actor/lib/test/auto/Expression13.xml (RunModel)" time="0.016" />
  <testcase classname="ptolemy.util.test.junit.AutoTests" name="[155] /home/travis/build/icyphy/ptII/ptolemy/actor/lib/test/auto/Expression14.xml (RunModel)" time="0.021" />
  <testcase classname="ptolemy.util.test.junit.AutoTests" name="[156] /home/travis/build/icyphy/ptII/ptolemy/actor/lib/test/auto/Expression15.xml (RunModel)" time="0.01" />
  <testcase classname="ptolemy.util.test.junit.AutoTests" name="[157] /home/travis/build/icyphy/ptII/ptolemy/actor/lib/test/auto/Expression16.xml (RunModel)" time="0.013" />
  <testcase classname="ptolemy.util.test.junit.AutoTests" name="[158] /home/travis/build/icyphy/ptII/ptolemy/actor/lib/test/auto/Expression17.xml (RunModel)" time="0.01" />
  <testcase classname="ptolemy.util.test.junit.AutoTests" name="[159] /home/travis/build/icyphy/ptII/ptolemy/actor/lib/test/auto/Expression18.xml (RunModel)" time="0.011" />
  <testcase classname="ptolemy.util.test.junit.AutoTests" name="[160] /home/travis/build/icyphy/ptII/ptolemy/actor/lib/test/auto/Expression2.xml (RunModel)" time="0.015" />
  <testcase classname="ptolemy.util.test.junit.AutoTests" name="[161] /home/travis/build/icyphy/ptII/ptolemy/actor/lib/test/auto/Expression3.xml (RunModel)" time="0.014" />
  <testcase classname="ptolemy.util.test.junit.AutoTests" name="[162] /home/travis/build/icyphy/ptII/ptolemy/actor/lib/test/auto/Expression4.xml (RunModel)" time="0.021" />
  <testcase classname="ptolemy.util.test.junit.AutoTests" name="[163] /home/travis/build/icyphy/ptII/ptolemy/actor/lib/test/auto/Expression5.xml (RunModel)" time="0.011" />
  <testcase classname="ptolemy.util.test.junit.AutoTests" name="[164] /home/travis/build/icyphy/ptII/ptolemy/actor/lib/test/auto/Expression6.xml (RunModel)" time="0.009" />
  <testcase classname="ptolemy.util.test.junit.AutoTests" name="[165] /home/travis/build/icyphy/ptII/ptolemy/actor/lib/test/auto/Expression7.xml (RunModel)" time="0.013" />
  <testcase classname="ptolemy.util.test.junit.AutoTests" name="[166] /home/travis/build/icyphy/ptII/ptolemy/actor/lib/test/auto/Expression8.xml (RunModel)" time="0.011" />
  <testcase classname="ptolemy.util.test.junit.AutoTests" name="[167] /home/travis/build/icyphy/ptII/ptolemy/actor/lib/test/auto/Expression9.xml (RunModel)" time="0.008" />
  <testcase classname="ptolemy.util.test.junit.AutoTests" name="[168] /home/travis/build/icyphy/ptII/ptolemy/actor/lib/test/auto/ExpressionConcatenateArrayType.xml (RunModel)" time="0.024" />
  <testcase classname="ptolemy.util.test.junit.AutoTests" name="[169] /home/travis/build/icyphy/ptII/ptolemy/actor/lib/test/auto/ExpressionConcatenateArrayType2.xml (RunModel)" time="0.017" />
  <testcase classname="ptolemy.util.test.junit.AutoTests" name="[170] /home/travis/build/icyphy/ptII/ptolemy/actor/lib/test/auto/ExpressionFix.xml (RunModel)" time="0.045" />
  <testcase classname="ptolemy.util.test.junit.AutoTests" name="[171] /home/travis/build/icyphy/ptII/ptolemy/actor/lib/test/auto/ExpressionFix2.xml (RunModel)" time="0.016" />
  <testcase classname="ptolemy.util.test.junit.AutoTests" name="[172] /home/travis/build/icyphy/ptII/ptolemy/actor/lib/test/auto/ExpressionFix3.xml (RunModel)" time="0.018" />
  <testcase classname="ptolemy.util.test.junit.AutoTests" name="[173] /home/travis/build/icyphy/ptII/ptolemy/actor/lib/test/auto/FileWriter1.xml (RunModel)" time="0.013" />
  <testcase classname="ptolemy.util.test.junit.AutoTests" name="[174] /home/travis/build/icyphy/ptII/ptolemy/actor/lib/test/auto/FileWriter2.xml (RunModel)" time="0.01" />
  <testcase classname="ptolemy.util.test.junit.AutoTests" name="[175] /home/travis/build/icyphy/ptII/ptolemy/actor/lib/test/auto/FileWriter3.xml (RunModel)" time="0.01" />
  <testcase classname="ptolemy.util.test.junit.AutoTests" name="[176] /home/travis/build/icyphy/ptII/ptolemy/actor/lib/test/auto/Gaussian.xml (RunModel)" time="0.014" />
  <testcase classname="ptolemy.util.test.junit.AutoTests" name="[177] /home/travis/build/icyphy/ptII/ptolemy/actor/lib/test/auto/Gaussian1.xml (RunModel)" time="0.021" />
  <testcase classname="ptolemy.util.test.junit.AutoTests" name="[178] /home/travis/build/icyphy/ptII/ptolemy/actor/lib/test/auto/Gaussian2.xml (RunModel)" time="0.018" />
  <testcase classname="ptolemy.util.test.junit.AutoTests" name="[179] /home/travis/build/icyphy/ptII/ptolemy/actor/lib/test/auto/GradientAdaptiveLattice.xml (RunModel)" time="0.018" />
  <testcase classname="ptolemy.util.test.junit.AutoTests" name="[180] /home/travis/build/icyphy/ptII/ptolemy/actor/lib/test/auto/IIR.xml (RunModel)" time="0.011" />
  <testcase classname="ptolemy.util.test.junit.AutoTests" name="[181] /home/travis/build/icyphy/ptII/ptolemy/actor/lib/test/auto/InputOutputTransparentPorts.xml (RunModel)" time="0.018" />
  <testcase classname="ptolemy.util.test.junit.AutoTests" name="[182] /home/travis/build/icyphy/ptII/ptolemy/actor/lib/test/auto/Interpolator.xml (RunModel)" time="0.016" />
  <testcase classname="ptolemy.util.test.junit.AutoTests" name="[183] /home/travis/build/icyphy/ptII/ptolemy/actor/lib/test/auto/InterpolatorFiringLimitDE.xml (RunModel)" time="0.015" />
  <testcase classname="ptolemy.util.test.junit.AutoTests" name="[184] /home/travis/build/icyphy/ptII/ptolemy/actor/lib/test/auto/Lattice.xml (RunModel)" time="0.009" />
  <testcase classname="ptolemy.util.test.junit.AutoTests" name="[185] /home/travis/build/icyphy/ptII/ptolemy/actor/lib/test/auto/LazyAOCTestLazy.xml (RunModel)" time="0.021" />
  <testcase classname="ptolemy.util.test.junit.AutoTests" name="[186] /home/travis/build/icyphy/ptII/ptolemy/actor/lib/test/auto/LazyAOCTestNonLazy.xml (RunModel)" time="0.048" />
  <testcase classname="ptolemy.util.test.junit.AutoTests" name="[187] /home/travis/build/icyphy/ptII/ptolemy/actor/lib/test/auto/LazyInnerClass.xml (RunModel)" time="0.042" />
  <testcase classname="ptolemy.util.test.junit.AutoTests" name="[188] /home/travis/build/icyphy/ptII/ptolemy/actor/lib/test/auto/LazyPubSub.xml (RunModel)" time="0.07" />
  <testcase classname="ptolemy.util.test.junit.AutoTests" name="[189] /home/travis/build/icyphy/ptII/ptolemy/actor/lib/test/auto/LazyPubSub2.xml (RunModel)" time="0.035" />
  <testcase classname="ptolemy.util.test.junit.AutoTests" name="[190] /home/travis/build/icyphy/ptII/ptolemy/actor/lib/test/auto/LazyPubSub3.xml (RunModel)" time="0.023" />
  <testcase classname="ptolemy.util.test.junit.AutoTests" name="[191] /home/travis/build/icyphy/ptII/ptolemy/actor/lib/test/auto/LazySubClassModel.xml (RunModel)" time="0.02" />
  <testcase classname="ptolemy.util.test.junit.AutoTests" name="[192] /home/travis/build/icyphy/ptII/ptolemy/actor/lib/test/auto/LevelCrossTest1.xml (RunModel)" time="0.01" />
  <testcase classname="ptolemy.util.test.junit.AutoTests" name="[193] /home/travis/build/icyphy/ptII/ptolemy/actor/lib/test/auto/LevelCrossTest10.xml (RunModel)" time="0.015" />
  <testcase classname="ptolemy.util.test.junit.AutoTests" name="[194] /home/travis/build/icyphy/ptII/ptolemy/actor/lib/test/auto/LevelCrossTest11.xml (RunModel)" time="0.017" />
  <testcase classname="ptolemy.util.test.junit.AutoTests" name="[195] /home/travis/build/icyphy/ptII/ptolemy/actor/lib/test/auto/LevelCrossTest12.xml (RunModel)" time="0.016" />
  <testcase classname="ptolemy.util.test.junit.AutoTests" name="[196] /home/travis/build/icyphy/ptII/ptolemy/actor/lib/test/auto/LevelCrossTest13.xml (RunModel)" time="0.013" />
  <testcase classname="ptolemy.util.test.junit.AutoTests" name="[197] /home/travis/build/icyphy/ptII/ptolemy/actor/lib/test/auto/LevelCrossTest2.xml (RunModel)" time="0.009" />
  <testcase classname="ptolemy.util.test.junit.AutoTests" name="[198] /home/travis/build/icyphy/ptII/ptolemy/actor/lib/test/auto/LevelCrossTest3.xml (RunModel)" time="0.013" />
  <testcase classname="ptolemy.util.test.junit.AutoTests" name="[199] /home/travis/build/icyphy/ptII/ptolemy/actor/lib/test/auto/LevelCrossTest4.xml (RunModel)" time="0.01" />
  <testcase classname="ptolemy.util.test.junit.AutoTests" name="[200] /home/travis/build/icyphy/ptII/ptolemy/actor/lib/test/auto/LevelCrossTest5.xml (RunModel)" time="0.029" />
  <testcase classname="ptolemy.util.test.junit.AutoTests" name="[201] /home/travis/build/icyphy/ptII/ptolemy/actor/lib/test/auto/LevelCrossTest6.xml (RunModel)" time="0.015" />
  <testcase classname="ptolemy.util.test.junit.AutoTests" name="[202] /home/travis/build/icyphy/ptII/ptolemy/actor/lib/test/auto/LevelCrossTest7.xml (RunModel)" time="0.021" />
  <testcase classname="ptolemy.util.test.junit.AutoTests" name="[203] /home/travis/build/icyphy/ptII/ptolemy/actor/lib/test/auto/LevelCrossTest8.xml (RunModel)" time="0.017" />
  <testcase classname="ptolemy.util.test.junit.AutoTests" name="[204] /home/travis/build/icyphy/ptII/ptolemy/actor/lib/test/auto/LevelCrossTest9.xml (RunModel)" time="0.015" />
  <testcase classname="ptolemy.util.test.junit.AutoTests" name="[205] /home/travis/build/icyphy/ptII/ptolemy/actor/lib/test/auto/LevinsonDurbin.xml (RunModel)" time="0.016" />
  <testcase classname="ptolemy.util.test.junit.AutoTests" name="[206] /home/travis/build/icyphy/ptII/ptolemy/actor/lib/test/auto/LevinsonDurbin2.xml (RunModel)" time="0.013" />
  <testcase classname="ptolemy.util.test.junit.AutoTests" name="[207] /home/travis/build/icyphy/ptII/ptolemy/actor/lib/test/auto/LevinsonDurbin3.xml (RunModel)" time="0.011" />
  <testcase classname="ptolemy.util.test.junit.AutoTests" name="[208] /home/travis/build/icyphy/ptII/ptolemy/actor/lib/test/auto/Limiter.xml (RunModel)" time="0.039" />
  <testcase classname="ptolemy.util.test.junit.AutoTests" name="[209] /home/travis/build/icyphy/ptII/ptolemy/actor/lib/test/auto/LinearDifferenceEquationSystem.xml (RunModel)" time="0.023" />
  <testcase classname="ptolemy.util.test.junit.AutoTests" name="[210] /home/travis/build/icyphy/ptII/ptolemy/actor/lib/test/auto/LookupTable.xml (RunModel)" time="0.011" />
  <testcase classname="ptolemy.util.test.junit.AutoTests" name="[211] /home/travis/build/icyphy/ptII/ptolemy/actor/lib/test/auto/MathFunction.xml (RunModel)" time="0.02" />
  <testcase classname="ptolemy.util.test.junit.AutoTests" name="[212] /home/travis/build/icyphy/ptII/ptolemy/actor/lib/test/auto/MathFunction2.xml (RunModel)" time="0.019" />
  <testcase classname="ptolemy.util.test.junit.AutoTests" name="[213] /home/travis/build/icyphy/ptII/ptolemy/actor/lib/test/auto/MathFunction3.xml (RunModel)" time="0.026" />
  <testcase classname="ptolemy.util.test.junit.AutoTests" name="[214] /home/travis/build/icyphy/ptII/ptolemy/actor/lib/test/auto/MatrixCropBoolean.xml (RunModel)" time="0.011" />
  <testcase classname="ptolemy.util.test.junit.AutoTests" name="[215] /home/travis/build/icyphy/ptII/ptolemy/actor/lib/test/auto/MatrixCropComplex.xml (RunModel)" time="0.01" />
  <testcase classname="ptolemy.util.test.junit.AutoTests" name="[216] /home/travis/build/icyphy/ptII/ptolemy/actor/lib/test/auto/MatrixCropDouble.xml (RunModel)" time="0.012" />
  <testcase classname="ptolemy.util.test.junit.AutoTests" name="[217] /home/travis/build/icyphy/ptII/ptolemy/actor/lib/test/auto/MatrixCropFix.xml (RunModel)" time="0.014" />
  <testcase classname="ptolemy.util.test.junit.AutoTests" name="[218] /home/travis/build/icyphy/ptII/ptolemy/actor/lib/test/auto/MatrixCropInt.xml (RunModel)" time="0.01" />
  <testcase classname="ptolemy.util.test.junit.AutoTests" name="[219] /home/travis/build/icyphy/ptII/ptolemy/actor/lib/test/auto/MatrixCropLong.xml (RunModel)" time="0.01" />
  <testcase classname="ptolemy.util.test.junit.AutoTests" name="[220] /home/travis/build/icyphy/ptII/ptolemy/actor/lib/test/auto/MatrixToArray.xml (RunModel)" time="0.054" />
  <testcase classname="ptolemy.util.test.junit.AutoTests" name="[221] /home/travis/build/icyphy/ptII/ptolemy/actor/lib/test/auto/MaxIndex.xml (RunModel)" time="0.017" />
  <testcase classname="ptolemy.util.test.junit.AutoTests" name="[222] /home/travis/build/icyphy/ptII/ptolemy/actor/lib/test/auto/Maximum.xml (RunModel)" time="0.012" />
  <testcase classname="ptolemy.util.test.junit.AutoTests" name="[223] /home/travis/build/icyphy/ptII/ptolemy/actor/lib/test/auto/MaximumComplex.xml (RunModel)" time="0.017" />
  <testcase classname="ptolemy.util.test.junit.AutoTests" name="[224] /home/travis/build/icyphy/ptII/ptolemy/actor/lib/test/auto/MethodCallTest.xml (RunModel)" time="0.025" />
  <testcase classname="ptolemy.util.test.junit.AutoTests" name="[225] /home/travis/build/icyphy/ptII/ptolemy/actor/lib/test/auto/Minimum.xml (RunModel)" time="0.015" />
  <testcase classname="ptolemy.util.test.junit.AutoTests" name="[226] /home/travis/build/icyphy/ptII/ptolemy/actor/lib/test/auto/MinimumComplex.xml (RunModel)" time="0.026" />
  <testcase classname="ptolemy.util.test.junit.AutoTests" name="[227] /home/travis/build/icyphy/ptII/ptolemy/actor/lib/test/auto/MinimumMultiports.xml (RunModel)" time="0.017" />
  <testcase classname="ptolemy.util.test.junit.AutoTests" name="[228] /home/travis/build/icyphy/ptII/ptolemy/actor/lib/test/auto/ModifyDate.xml (RunModel)" time="0.04" />
  <testcase classname="ptolemy.util.test.junit.AutoTests" name="[229] /home/travis/build/icyphy/ptII/ptolemy/actor/lib/test/auto/ModifyDate2.xml (RunModel)" time="0.03" />
  <testcase classname="ptolemy.util.test.junit.AutoTests" name="[230] /home/travis/build/icyphy/ptII/ptolemy/actor/lib/test/auto/MovingAverage.xml (RunModel)" time="0.011" />
  <testcase classname="ptolemy.util.test.junit.AutoTests" name="[231] /home/travis/build/icyphy/ptII/ptolemy/actor/lib/test/auto/MovingMaximum.xml (RunModel)" time="0.011" />
  <testcase classname="ptolemy.util.test.junit.AutoTests" name="[232] /home/travis/build/icyphy/ptII/ptolemy/actor/lib/test/auto/MultipleLinksToSameRelation.xml (RunModel)" time="0.007" />
  <testcase classname="ptolemy.util.test.junit.AutoTests" name="[233] /home/travis/build/icyphy/ptII/ptolemy/actor/lib/test/auto/MultipleLinksToSameRelationDE.xml (RunModel)" time="0.008" />
  <testcase classname="ptolemy.util.test.junit.AutoTests" name="[234] /home/travis/build/icyphy/ptII/ptolemy/actor/lib/test/auto/Multiplexor.xml (RunModel)" time="0.011" />
  <testcase classname="ptolemy.util.test.junit.AutoTests" name="[235] /home/travis/build/icyphy/ptII/ptolemy/actor/lib/test/auto/Multiplexor1.xml (RunModel)" time="0.012" />
  <testcase classname="ptolemy.util.test.junit.AutoTests" name="[236] /home/travis/build/icyphy/ptII/ptolemy/actor/lib/test/auto/Multiplexor2.xml (RunModel)" time="0.018" />
  <testcase classname="ptolemy.util.test.junit.AutoTests" name="[237] /home/travis/build/icyphy/ptII/ptolemy/actor/lib/test/auto/Multiplexor3.xml (RunModel)" time="0.008" />
  <testcase classname="ptolemy.util.test.junit.AutoTests" name="[238] /home/travis/build/icyphy/ptII/ptolemy/actor/lib/test/auto/MultiplexorDE.xml (RunModel)" time="0.016" />
  <testcase classname="ptolemy.util.test.junit.AutoTests" name="[239] /home/travis/build/icyphy/ptII/ptolemy/actor/lib/test/auto/MultiportBroadcastTest.xml (RunModel)" time="0.108" />
  <testcase classname="ptolemy.util.test.junit.AutoTests" name="[240] /home/travis/build/icyphy/ptII/ptolemy/actor/lib/test/auto/MultiportOutHangDuringGetWidth.xml (RunModel)" time="0.034" />
  <testcase classname="ptolemy.util.test.junit.AutoTests" name="[241] /home/travis/build/icyphy/ptII/ptolemy/actor/lib/test/auto/NilToken.xml (RunModel)" time="0.012" />
  <testcase classname="ptolemy.util.test.junit.AutoTests" name="[242] /home/travis/build/icyphy/ptII/ptolemy/actor/lib/test/auto/NilTokenNonStrictTest.xml (RunModel)" time="0.019" />
  <testcase classname="ptolemy.util.test.junit.AutoTests" name="[243] /home/travis/build/icyphy/ptII/ptolemy/actor/lib/test/auto/NilTokenRecord.xml (RunModel)" time="0.019" />
  <testcase classname="ptolemy.util.test.junit.AutoTests" name="[244] /home/travis/build/icyphy/ptII/ptolemy/actor/lib/test/auto/NilTokenTypeTest.xml (RunModel)" time="0.021" />
  <testcase classname="ptolemy.util.test.junit.AutoTests" name="[245] /home/travis/build/icyphy/ptII/ptolemy/actor/lib/test/auto/ObjectToken1.xml (RunModel)" time="0.009" />
  <testcase classname="ptolemy.util.test.junit.AutoTests" name="[246] /home/travis/build/icyphy/ptII/ptolemy/actor/lib/test/auto/OrderedMerge.xml (RunModel)" time="0.02" />
  <testcase classname="ptolemy.util.test.junit.AutoTests" name="[247] /home/travis/build/icyphy/ptII/ptolemy/actor/lib/test/auto/OrderedRecordDisassembler.xml (RunModel)" time="0.019" />
  <testcase classname="ptolemy.util.test.junit.AutoTests" name="[248] /home/travis/build/icyphy/ptII/ptolemy/actor/lib/test/auto/OrderedRecordDisassembler2.xml (RunModel)" time="0.018" />
  <testcase classname="ptolemy.util.test.junit.AutoTests" name="[249] /home/travis/build/icyphy/ptII/ptolemy/actor/lib/test/auto/OrderedRecordUpdater.xml (RunModel)" time="0.011" />
  <testcase classname="ptolemy.util.test.junit.AutoTests" name="[250] /home/travis/build/icyphy/ptII/ptolemy/actor/lib/test/auto/OrderedRecordUpdater2.xml (RunModel)" time="0.019" />
  <testcase classname="ptolemy.util.test.junit.AutoTests" name="[251] /home/travis/build/icyphy/ptII/ptolemy/actor/lib/test/auto/PhaseUnwrap.xml (RunModel)" time="0.015" />
  <testcase classname="ptolemy.util.test.junit.AutoTests" name="[252] /home/travis/build/icyphy/ptII/ptolemy/actor/lib/test/auto/PoissonClock.xml (RunModel)" time="0.011" />
  <testcase classname="ptolemy.util.test.junit.AutoTests" name="[253] /home/travis/build/icyphy/ptII/ptolemy/actor/lib/test/auto/PoissonClock2.xml (RunModel)" time="0.008" />
  <testcase classname="ptolemy.util.test.junit.AutoTests" name="[254] /home/travis/build/icyphy/ptII/ptolemy/actor/lib/test/auto/PoissonClock3.xml (RunModel)" time="0.023" />
  <testcase classname="ptolemy.util.test.junit.AutoTests" name="[255] /home/travis/build/icyphy/ptII/ptolemy/actor/lib/test/auto/PubSubWithInitialTokens.xml (RunModel)" time="0.016" />
  <testcase classname="ptolemy.util.test.junit.AutoTests" name="[256] /home/travis/build/icyphy/ptII/ptolemy/actor/lib/test/auto/PubSubWithInitialTokens2.xml (RunModel)" time="0.012" />
  <testcase classname="ptolemy.util.test.junit.AutoTests" name="[257] /home/travis/build/icyphy/ptII/ptolemy/actor/lib/test/auto/PublisherClassNoParameter.xml (RunModel)" time="0.025" />
  <testcase classname="ptolemy.util.test.junit.AutoTests" name="[258] /home/travis/build/icyphy/ptII/ptolemy/actor/lib/test/auto/PublisherClassParameter.xml (RunModel)" time="0.021" />
  <testcase classname="ptolemy.util.test.junit.AutoTests" name="[259] /home/travis/build/icyphy/ptII/ptolemy/actor/lib/test/auto/PublisherNonStrictTest.xml (RunModel)" time="0.014" />
  <testcase classname="ptolemy.util.test.junit.AutoTests" name="[260] /home/travis/build/icyphy/ptII/ptolemy/actor/lib/test/auto/PublisherPort1.xml (RunModel)" time="0.01" />
  <testcase classname="ptolemy.util.test.junit.AutoTests" name="[261] /home/travis/build/icyphy/ptII/ptolemy/actor/lib/test/auto/PublisherPort2.xml (RunModel)" time="0.009" />
  <testcase classname="ptolemy.util.test.junit.AutoTests" name="[262] /home/travis/build/icyphy/ptII/ptolemy/actor/lib/test/auto/PublisherPort3.xml (RunModel)" time="0.019" />
  <testcase classname="ptolemy.util.test.junit.AutoTests" name="[263] /home/travis/build/icyphy/ptII/ptolemy/actor/lib/test/auto/PublisherPort4.xml (RunModel)" time="0.018" />
  <testcase classname="ptolemy.util.test.junit.AutoTests" name="[264] /home/travis/build/icyphy/ptII/ptolemy/actor/lib/test/auto/PublisherPort5.xml (RunModel)" time="0.021" />
  <testcase classname="ptolemy.util.test.junit.AutoTests" name="[265] /home/travis/build/icyphy/ptII/ptolemy/actor/lib/test/auto/PublisherPort5LookAlike.xml (RunModel)" time="0.019" />
  <testcase classname="ptolemy.util.test.junit.AutoTests" name="[266] /home/travis/build/icyphy/ptII/ptolemy/actor/lib/test/auto/PublisherPort6.xml (RunModel)" time="0.013" />
  <testcase classname="ptolemy.util.test.junit.AutoTests" name="[267] /home/travis/build/icyphy/ptII/ptolemy/actor/lib/test/auto/PublisherPort7.xml (RunModel)" time="0.016" />
  <testcase classname="ptolemy.util.test.junit.AutoTests" name="[268] /home/travis/build/icyphy/ptII/ptolemy/actor/lib/test/auto/PublisherPort8.xml (RunModel)" time="0.017" />
  <testcase classname="ptolemy.util.test.junit.AutoTests" name="[269] /home/travis/build/icyphy/ptII/ptolemy/actor/lib/test/auto/PublisherPortSubscriberChannelVariablesAOC2.xml (RunModel)" time="0.034" />
  <testcase classname="ptolemy.util.test.junit.AutoTests" name="[270] /home/travis/build/icyphy/ptII/ptolemy/actor/lib/test/auto/PublisherPortSubscriberOpaqueWidthInference.xml (RunModel)" time="0.014" />
  <testcase classname="ptolemy.util.test.junit.AutoTests" name="[271] /home/travis/build/icyphy/ptII/ptolemy/actor/lib/test/auto/PublisherPortSubscriberPortAdjacent.xml (RunModel)" time="0.02" />
  <testcase classname="ptolemy.util.test.junit.AutoTests" name="[272] /home/travis/build/icyphy/ptII/ptolemy/actor/lib/test/auto/PublisherPortSubscriberPortExpression.xml (RunModel)" time="0.025" />
  <testcase classname="ptolemy.util.test.junit.AutoTests" name="[273] /home/travis/build/icyphy/ptII/ptolemy/actor/lib/test/auto/PublisherPortSubscriberPortOpaqueD3Reverse.xml (RunModel)" time="0.018" />
  <testcase classname="ptolemy.util.test.junit.AutoTests" name="[274] /home/travis/build/icyphy/ptII/ptolemy/actor/lib/test/auto/PublisherPortSubscriberPortOpaqueWidthInference.xml (RunModel)" time="0.014" />
  <testcase classname="ptolemy.util.test.junit.AutoTests" name="[275] /home/travis/build/icyphy/ptII/ptolemy/actor/lib/test/auto/PublisherPortToplevelSubscriberPortAOC.xml (RunModel)" time="0.011" />
  <testcase classname="ptolemy.util.test.junit.AutoTests" name="[276] /home/travis/build/icyphy/ptII/ptolemy/actor/lib/test/auto/PublisherSubscriber.xml (RunModel)" time="0.02" />
  <testcase classname="ptolemy.util.test.junit.AutoTests" name="[277] /home/travis/build/icyphy/ptII/ptolemy/actor/lib/test/auto/PublisherSubscriber10.xml (RunModel)" time="0.018" />
  <testcase classname="ptolemy.util.test.junit.AutoTests" name="[278] /home/travis/build/icyphy/ptII/ptolemy/actor/lib/test/auto/PublisherSubscriber10InitialOutputs.xml (RunModel)" time="0.027" />
  <testcase classname="ptolemy.util.test.junit.AutoTests" name="[279] /home/travis/build/icyphy/ptII/ptolemy/actor/lib/test/auto/PublisherSubscriber11.xml (RunModel)" time="0.013" />
  <testcase classname="ptolemy.util.test.junit.AutoTests" name="[280] /home/travis/build/icyphy/ptII/ptolemy/actor/lib/test/auto/PublisherSubscriber12.xml (RunModel)" time="0.019" />
  <testcase classname="ptolemy.util.test.junit.AutoTests" name="[281] /home/travis/build/icyphy/ptII/ptolemy/actor/lib/test/auto/PublisherSubscriber13.xml (RunModel)" time="0.01" />
  <testcase classname="ptolemy.util.test.junit.AutoTests" name="[282] /home/travis/build/icyphy/ptII/ptolemy/actor/lib/test/auto/PublisherSubscriber14.xml (RunModel)" time="0.023" />
  <testcase classname="ptolemy.util.test.junit.AutoTests" name="[283] /home/travis/build/icyphy/ptII/ptolemy/actor/lib/test/auto/PublisherSubscriber2.xml (RunModel)" time="0.011" />
  <testcase classname="ptolemy.util.test.junit.AutoTests" name="[284] /home/travis/build/icyphy/ptII/ptolemy/actor/lib/test/auto/PublisherSubscriber3.xml (RunModel)" time="0.008" />
  <testcase classname="ptolemy.util.test.junit.AutoTests" name="[285] /home/travis/build/icyphy/ptII/ptolemy/actor/lib/test/auto/PublisherSubscriber4.xml (RunModel)" time="0.01" />
  <testcase classname="ptolemy.util.test.junit.AutoTests" name="[286] /home/travis/build/icyphy/ptII/ptolemy/actor/lib/test/auto/PublisherSubscriber5.xml (RunModel)" time="0.012" />
  <testcase classname="ptolemy.util.test.junit.AutoTests" name="[287] /home/travis/build/icyphy/ptII/ptolemy/actor/lib/test/auto/PublisherSubscriber6.xml (RunModel)" time="0.016" />
  <testcase classname="ptolemy.util.test.junit.AutoTests" name="[288] /home/travis/build/icyphy/ptII/ptolemy/actor/lib/test/auto/PublisherSubscriber7.xml (RunModel)" time="0.017" />
  <testcase classname="ptolemy.util.test.junit.AutoTests" name="[289] /home/travis/build/icyphy/ptII/ptolemy/actor/lib/test/auto/PublisherSubscriber8.xml (RunModel)" time="0.031" />
  <testcase classname="ptolemy.util.test.junit.AutoTests" name="[290] /home/travis/build/icyphy/ptII/ptolemy/actor/lib/test/auto/PublisherSubscriber9.xml (RunModel)" time="0.017" />
  <testcase classname="ptolemy.util.test.junit.AutoTests" name="[291] /home/travis/build/icyphy/ptII/ptolemy/actor/lib/test/auto/PublisherSubscriberAdjacent.xml (RunModel)" time="0.018" />
  <testcase classname="ptolemy.util.test.junit.AutoTests" name="[292] /home/travis/build/icyphy/ptII/ptolemy/actor/lib/test/auto/PublisherSubscriberChannelVariablesAOC2.xml (RunModel)" time="0.026" />
  <testcase classname="ptolemy.util.test.junit.AutoTests" name="[293] /home/travis/build/icyphy/ptII/ptolemy/actor/lib/test/auto/PublisherSubscriberD3.xml (RunModel)" time="0.012" />
  <testcase classname="ptolemy.util.test.junit.AutoTests" name="[294] /home/travis/build/icyphy/ptII/ptolemy/actor/lib/test/auto/PublisherSubscriberD3Reverse.xml (RunModel)" time="0.012" />
  <testcase classname="ptolemy.util.test.junit.AutoTests" name="[295] /home/travis/build/icyphy/ptII/ptolemy/actor/lib/test/auto/PublisherSubscriberExpression.xml (RunModel)" time="0.015" />
  <testcase classname="ptolemy.util.test.junit.AutoTests" name="[296] /home/travis/build/icyphy/ptII/ptolemy/actor/lib/test/auto/PublisherSubscriberOpaque.xml (RunModel)" time="0.027" />
  <testcase classname="ptolemy.util.test.junit.AutoTests" name="[297] /home/travis/build/icyphy/ptII/ptolemy/actor/lib/test/auto/PublisherSubscriberOpaqueD3.xml (RunModel)" time="0.024" />
  <testcase classname="ptolemy.util.test.junit.AutoTests" name="[298] /home/travis/build/icyphy/ptII/ptolemy/actor/lib/test/auto/PublisherSubscriberOpaqueD3Reverse.xml (RunModel)" time="0.02" />
  <testcase classname="ptolemy.util.test.junit.AutoTests" name="[299] /home/travis/build/icyphy/ptII/ptolemy/actor/lib/test/auto/PublisherSubscriberOpaqueWidthInference.xml (RunModel)" time="0.015" />
  <testcase classname="ptolemy.util.test.junit.AutoTests" name="[300] /home/travis/build/icyphy/ptII/ptolemy/actor/lib/test/auto/PublisherTestSubscriber.xml (RunModel)" time="0.014" />
  <testcase classname="ptolemy.util.test.junit.AutoTests" name="[301] /home/travis/build/icyphy/ptII/ptolemy/actor/lib/test/auto/PublisherToplevelSubscriberPortAOC.xml (RunModel)" time="0.01" />
  <testcase classname="ptolemy.util.test.junit.AutoTests" name="[302] /home/travis/build/icyphy/ptII/ptolemy/actor/lib/test/auto/PulseFiringLimitDE.xml (RunModel)" time="0.014" />
  <testcase classname="ptolemy.util.test.junit.AutoTests" name="[303] /home/travis/build/icyphy/ptII/ptolemy/actor/lib/test/auto/Ramp1.xml (RunModel)" time="0.007" />
  <testcase classname="ptolemy.util.test.junit.AutoTests" name="[304] /home/travis/build/icyphy/ptII/ptolemy/actor/lib/test/auto/RampFiringLimitDE.xml (RunModel)" time="0.012" />
  <testcase classname="ptolemy.util.test.junit.AutoTests" name="[305] /home/travis/build/icyphy/ptII/ptolemy/actor/lib/test/auto/RampFiringLimitSDF.xml (RunModel)" time="0.01" />
  <testcase classname="ptolemy.util.test.junit.AutoTests" name="[306] /home/travis/build/icyphy/ptII/ptolemy/actor/lib/test/auto/RandomInteger.xml (RunModel)" time="0.009" />
  <testcase classname="ptolemy.util.test.junit.AutoTests" name="[307] /home/travis/build/icyphy/ptII/ptolemy/actor/lib/test/auto/ReadFile1.xml (RunModel)" time="0.009" />
  <testcase classname="ptolemy.util.test.junit.AutoTests" name="[308] /home/travis/build/icyphy/ptII/ptolemy/actor/lib/test/auto/ReadFile2.xml (RunModel)" time="0.007" />
  <testcase classname="ptolemy.util.test.junit.AutoTests" name="[309] /home/travis/build/icyphy/ptII/ptolemy/actor/lib/test/auto/Reader.xml (RunModel)" time="0.009" />
  <testcase classname="ptolemy.util.test.junit.AutoTests" name="[310] /home/travis/build/icyphy/ptII/ptolemy/actor/lib/test/auto/RecordAssemblerDisplayNameTest.xml (RunModel)" time="3.933" />
  <testcase classname="ptolemy.util.test.junit.AutoTests" name="[311] /home/travis/build/icyphy/ptII/ptolemy/actor/lib/test/auto/RecordAssemblerTypeError.xml (RunModel)" time="0.025" />
  <testcase classname="ptolemy.util.test.junit.AutoTests" name="[312] /home/travis/build/icyphy/ptII/ptolemy/actor/lib/test/auto/RecordDisassember.xml (RunModel)" time="0.009" />
  <testcase classname="ptolemy.util.test.junit.AutoTests" name="[313] /home/travis/build/icyphy/ptII/ptolemy/actor/lib/test/auto/RecordDisassemberDisplayNameTest.xml (RunModel)" time="0.017" />
  <testcase classname="ptolemy.util.test.junit.AutoTests" name="[314] /home/travis/build/icyphy/ptII/ptolemy/actor/lib/test/auto/RecordDisassembler.xml (RunModel)" time="0.009" />
  <testcase classname="ptolemy.util.test.junit.AutoTests" name="[315] /home/travis/build/icyphy/ptII/ptolemy/actor/lib/test/auto/RecordDisassembler2.xml (RunModel)" time="0.01" />
  <testcase classname="ptolemy.util.test.junit.AutoTests" name="[316] /home/travis/build/icyphy/ptII/ptolemy/actor/lib/test/auto/RecordUpdater.xml (RunModel)" time="0.008" />
  <testcase classname="ptolemy.util.test.junit.AutoTests" name="[317] /home/travis/build/icyphy/ptII/ptolemy/actor/lib/test/auto/RecordUpdater2.xml (RunModel)" time="0.009" />
  <testcase classname="ptolemy.util.test.junit.AutoTests" name="[318] /home/travis/build/icyphy/ptII/ptolemy/actor/lib/test/auto/RecursiveLattice.xml (RunModel)" time="0.008" />
  <testcase classname="ptolemy.util.test.junit.AutoTests" name="[319] /home/travis/build/icyphy/ptII/ptolemy/actor/lib/test/auto/Router.xml (RunModel)" time="3.023" />
  <testcase classname="ptolemy.util.test.junit.AutoTests" name="[320] /home/travis/build/icyphy/ptII/ptolemy/actor/lib/test/auto/Router2.xml (RunModel)" time="3.043" />
  <testcase classname="ptolemy.util.test.junit.AutoTests" name="[321] /home/travis/build/icyphy/ptII/ptolemy/actor/lib/test/auto/RunningMaximum.xml (RunModel)" time="0.016" />
  <testcase classname="ptolemy.util.test.junit.AutoTests" name="[322] /home/travis/build/icyphy/ptII/ptolemy/actor/lib/test/auto/RunningMinimum.xml (RunModel)" time="0.016" />
  <testcase classname="ptolemy.util.test.junit.AutoTests" name="[323] /home/travis/build/icyphy/ptII/ptolemy/actor/lib/test/auto/Scale.xml (RunModel)" time="0.017" />
  <testcase classname="ptolemy.util.test.junit.AutoTests" name="[324] /home/travis/build/icyphy/ptII/ptolemy/actor/lib/test/auto/Scale2.xml (RunModel)" time="0.01" />
  <testcase classname="ptolemy.util.test.junit.AutoTests" name="[325] /home/travis/build/icyphy/ptII/ptolemy/actor/lib/test/auto/Scale3.xml (RunModel)" time="0.023" />
  <testcase classname="ptolemy.util.test.junit.AutoTests" name="[326] /home/travis/build/icyphy/ptII/ptolemy/actor/lib/test/auto/ScaleArray.xml (RunModel)" time="0.008" />
  <testcase classname="ptolemy.util.test.junit.AutoTests" name="[327] /home/travis/build/icyphy/ptII/ptolemy/actor/lib/test/auto/ScaleArray2.xml (RunModel)" time="0.008" />
  <testcase classname="ptolemy.util.test.junit.AutoTests" name="[328] /home/travis/build/icyphy/ptII/ptolemy/actor/lib/test/auto/ScaleMatrix.xml (RunModel)" time="0.143" />
  <testcase classname="ptolemy.util.test.junit.AutoTests" name="[329] /home/travis/build/icyphy/ptII/ptolemy/actor/lib/test/auto/Select.xml (RunModel)" time="0.017" />
  <testcase classname="ptolemy.util.test.junit.AutoTests" name="[330] /home/travis/build/icyphy/ptII/ptolemy/actor/lib/test/auto/Select2.xml (RunModel)" time="0.008" />
  <testcase classname="ptolemy.util.test.junit.AutoTests" name="[331] /home/travis/build/icyphy/ptII/ptolemy/actor/lib/test/auto/SequenceToArray2.xml (RunModel)" time="0.143" />
  <testcase classname="ptolemy.util.test.junit.AutoTests" name="[332] /home/travis/build/icyphy/ptII/ptolemy/actor/lib/test/auto/SequentialClock.xml (RunModel)" time="0.009" />
  <testcase classname="ptolemy.util.test.junit.AutoTests" name="[333] /home/travis/build/icyphy/ptII/ptolemy/actor/lib/test/auto/SetVariable.xml (RunModel)" time="0.012" />
  <testcase classname="ptolemy.util.test.junit.AutoTests" name="[334] /home/travis/build/icyphy/ptII/ptolemy/actor/lib/test/auto/SetVariable2.xml (RunModel)" time="0.01" />
  <testcase classname="ptolemy.util.test.junit.AutoTests" name="[335] /home/travis/build/icyphy/ptII/ptolemy/actor/lib/test/auto/SetVariable3.xml (RunModel)" time="0.015" />
  <testcase classname="ptolemy.util.test.junit.AutoTests" name="[336] /home/travis/build/icyphy/ptII/ptolemy/actor/lib/test/auto/SetVariable4.xml (RunModel)" time="0.027" />
  <testcase classname="ptolemy.util.test.junit.AutoTests" name="[337] /home/travis/build/icyphy/ptII/ptolemy/actor/lib/test/auto/SetVariable5.xml (RunModel)" time="0.025" />
  <testcase classname="ptolemy.util.test.junit.AutoTests" name="[338] /home/travis/build/icyphy/ptII/ptolemy/actor/lib/test/auto/Sinewave.xml (RunModel)" time="0.036" />
  <testcase classname="ptolemy.util.test.junit.AutoTests" name="[339] /home/travis/build/icyphy/ptII/ptolemy/actor/lib/test/auto/Sinewave2.xml (RunModel)" time="0.022" />
  <testcase classname="ptolemy.util.test.junit.AutoTests" name="[340] /home/travis/build/icyphy/ptII/ptolemy/actor/lib/test/auto/Sinewave3.xml (RunModel)" time="0.019" />
  <testcase classname="ptolemy.util.test.junit.AutoTests" name="[341] /home/travis/build/icyphy/ptII/ptolemy/actor/lib/test/auto/SingleEvent.xml (RunModel)" time="0.009" />
  <testcase classname="ptolemy.util.test.junit.AutoTests" name="[342] /home/travis/build/icyphy/ptII/ptolemy/actor/lib/test/auto/Sleep.xml (RunModel)" time="6.015" />
  <testcase classname="ptolemy.util.test.junit.AutoTests" name="[343] /home/travis/build/icyphy/ptII/ptolemy/actor/lib/test/auto/SleepMultipleFire.xml (RunModel)" time="1.015" />
  <testcase classname="ptolemy.util.test.junit.AutoTests" name="[344] /home/travis/build/icyphy/ptII/ptolemy/actor/lib/test/auto/StopDE.xml (RunModel)" time="0.011" />
  <testcase classname="ptolemy.util.test.junit.AutoTests" name="[345] /home/travis/build/icyphy/ptII/ptolemy/actor/lib/test/auto/StopSDF.xml (RunModel)" time="0.011" />
  <testcase classname="ptolemy.util.test.junit.AutoTests" name="[346] /home/travis/build/icyphy/ptII/ptolemy/actor/lib/test/auto/StringConstant.xml (RunModel)" time="0.008" />
  <testcase classname="ptolemy.util.test.junit.AutoTests" name="[347] /home/travis/build/icyphy/ptII/ptolemy/actor/lib/test/auto/SubscriberPortInitialValues1.xml (RunModel)" time="0.025" />
  <testcase classname="ptolemy.util.test.junit.AutoTests" name="[348] /home/travis/build/icyphy/ptII/ptolemy/actor/lib/test/auto/SubscriberPortInitialValues13.xml (RunModel)" time="0.027" />
  <testcase classname="ptolemy.util.test.junit.AutoTests" name="[349] /home/travis/build/icyphy/ptII/ptolemy/actor/lib/test/auto/SubscriberPortInitialValues14.xml (RunModel)" time="0.016" />
  <testcase classname="ptolemy.util.test.junit.AutoTests" name="[350] /home/travis/build/icyphy/ptII/ptolemy/actor/lib/test/auto/SubscriberPortInitialValues2.xml (RunModel)" time="0.016" />
  <testcase classname="ptolemy.util.test.junit.AutoTests" name="[351] /home/travis/build/icyphy/ptII/ptolemy/actor/lib/test/auto/SubscriberPortInitialValues3.xml (RunModel)" time="0.022" />
  <testcase classname="ptolemy.util.test.junit.AutoTests" name="[352] /home/travis/build/icyphy/ptII/ptolemy/actor/lib/test/auto/SubscriptionAggregator.xml (RunModel)" time="0.02" />
  <testcase classname="ptolemy.util.test.junit.AutoTests" name="[353] /home/travis/build/icyphy/ptII/ptolemy/actor/lib/test/auto/SubscriptionAggregator2.xml (RunModel)" time="0.011" />
  <testcase classname="ptolemy.util.test.junit.AutoTests" name="[354] /home/travis/build/icyphy/ptII/ptolemy/actor/lib/test/auto/SubscriptionAggregator3.xml (RunModel)" time="0.016" />
  <testcase classname="ptolemy.util.test.junit.AutoTests" name="[355] /home/travis/build/icyphy/ptII/ptolemy/actor/lib/test/auto/SubscriptionAggregatorMultiply.xml (RunModel)" time="0.014" />
  <testcase classname="ptolemy.util.test.junit.AutoTests" name="[356] /home/travis/build/icyphy/ptII/ptolemy/actor/lib/test/auto/SubscriptionAggregatorPortMultiply1.xml (RunModel)" time="0.013" />
  <testcase classname="ptolemy.util.test.junit.AutoTests" name="[357] /home/travis/build/icyphy/ptII/ptolemy/actor/lib/test/auto/Switch.xml (RunModel)" time="0.016" />
  <testcase classname="ptolemy.util.test.junit.AutoTests" name="[358] /home/travis/build/icyphy/ptII/ptolemy/actor/lib/test/auto/Switch2.xml (RunModel)" time="0.011" />
  <testcase classname="ptolemy.util.test.junit.AutoTests" name="[359] /home/travis/build/icyphy/ptII/ptolemy/actor/lib/test/auto/SwitchDE.xml (RunModel)" time="0.013" />
  <testcase classname="ptolemy.util.test.junit.AutoTests" name="[360] /home/travis/build/icyphy/ptII/ptolemy/actor/lib/test/auto/SynchronizerDE.xml (RunModel)" time="0.022" />
  <testcase classname="ptolemy.util.test.junit.AutoTests" name="[361] /home/travis/build/icyphy/ptII/ptolemy/actor/lib/test/auto/Test.xml (RunModel)" time="0.016" />
  <testcase classname="ptolemy.util.test.junit.AutoTests" name="[362] /home/travis/build/icyphy/ptII/ptolemy/actor/lib/test/auto/TestExceptionAttribute1.xml (RunModel)" time="0.007" />
  <testcase classname="ptolemy.util.test.junit.AutoTests" name="[363] /home/travis/build/icyphy/ptII/ptolemy/actor/lib/test/auto/TestExceptionAttribute2.xml (RunModel)" time="0.007" />
  <testcase classname="ptolemy.util.test.junit.AutoTests" name="[364] /home/travis/build/icyphy/ptII/ptolemy/actor/lib/test/auto/TestExceptionAttribute3.xml (RunModel)" time="0.01" />
  <testcase classname="ptolemy.util.test.junit.AutoTests" name="[365] /home/travis/build/icyphy/ptII/ptolemy/actor/lib/test/auto/TestExceptionAttribute4.xml (RunModel)" time="0.007" />
  <testcase classname="ptolemy.util.test.junit.AutoTests" name="[366] /home/travis/build/icyphy/ptII/ptolemy/actor/lib/test/auto/TestExceptionHandler1.xml (RunModel)" time="0.009" />
  <testcase classname="ptolemy.util.test.junit.AutoTests" name="[367] /home/travis/build/icyphy/ptII/ptolemy/actor/lib/test/auto/TestExceptionHandler2.xml (RunModel)" time="0.011" />
  <testcase classname="ptolemy.util.test.junit.AutoTests" name="[368] /home/travis/build/icyphy/ptII/ptolemy/actor/lib/test/auto/TestExceptionHandler3.xml (RunModel)" time="0.005" />
  <testcase classname="ptolemy.util.test.junit.AutoTests" name="[369] /home/travis/build/icyphy/ptII/ptolemy/actor/lib/test/auto/TestExceptionHandler4.xml (RunModel)" time="0.006" />
  <testcase classname="ptolemy.util.test.junit.AutoTests" name="[370] /home/travis/build/icyphy/ptII/ptolemy/actor/lib/test/auto/TestRequireCorrectOrder.xml (RunModel)" time="0.013" />
  <testcase classname="ptolemy.util.test.junit.AutoTests" name="[371] /home/travis/build/icyphy/ptII/ptolemy/actor/lib/test/auto/TestSimple.xml (RunModel)" time="0.007" />
  <testcase classname="ptolemy.util.test.junit.AutoTests" name="[372] /home/travis/build/icyphy/ptII/ptolemy/actor/lib/test/auto/ThrowModelError.xml (RunModel)" time="0.011" />
  <testcase classname="ptolemy.util.test.junit.AutoTests" name="[373] /home/travis/build/icyphy/ptII/ptolemy/actor/lib/test/auto/TimeDelayMicrosteps.xml (RunModel)" time="0.013" />
  <testcase classname="ptolemy.util.test.junit.AutoTests" name="[374] /home/travis/build/icyphy/ptII/ptolemy/actor/lib/test/auto/TimeDelayMicrosteps2.xml (RunModel)" time="0.014" />
  <testcase classname="ptolemy.util.test.junit.AutoTests" name="[375] /home/travis/build/icyphy/ptII/ptolemy/actor/lib/test/auto/TimeDelayMicrosteps3.xml (RunModel)" time="0.012" />
  <testcase classname="ptolemy.util.test.junit.AutoTests" name="[376] /home/travis/build/icyphy/ptII/ptolemy/actor/lib/test/auto/TimeDelayVariableMicrosteps.xml (RunModel)" time="0.012" />
  <testcase classname="ptolemy.util.test.junit.AutoTests" name="[377] /home/travis/build/icyphy/ptII/ptolemy/actor/lib/test/auto/TimeGap.xml (RunModel)" time="0.015" />
  <testcase classname="ptolemy.util.test.junit.AutoTests" name="[378] /home/travis/build/icyphy/ptII/ptolemy/actor/lib/test/auto/TimeGap2.xml (RunModel)" time="0.011" />
  <testcase classname="ptolemy.util.test.junit.AutoTests" name="[379] /home/travis/build/icyphy/ptII/ptolemy/actor/lib/test/auto/TimedSinewave.xml (RunModel)" time="0.06" />
  <testcase classname="ptolemy.util.test.junit.AutoTests" name="[380] /home/travis/build/icyphy/ptII/ptolemy/actor/lib/test/auto/TimedSinewavePhase.xml (RunModel)" time="0.036" />
  <testcase classname="ptolemy.util.test.junit.AutoTests" name="[381] /home/travis/build/icyphy/ptII/ptolemy/actor/lib/test/auto/Timer.xml (RunModel)" time="0.021" />
  <testcase classname="ptolemy.util.test.junit.AutoTests" name="[382] /home/travis/build/icyphy/ptII/ptolemy/actor/lib/test/auto/TriangularDistTestModel.xml (RunModel)" time="0.015" />
  <testcase classname="ptolemy.util.test.junit.AutoTests" name="[383] /home/travis/build/icyphy/ptII/ptolemy/actor/lib/test/auto/TrigFunction.xml (RunModel)" time="0.008" />
  <testcase classname="ptolemy.util.test.junit.AutoTests" name="[384] /home/travis/build/icyphy/ptII/ptolemy/actor/lib/test/auto/TrigFunctionDE.xml (RunModel)" time="0.01" />
  <testcase classname="ptolemy.util.test.junit.AutoTests" name="[385] /home/travis/build/icyphy/ptII/ptolemy/actor/lib/test/auto/TrigFunctionInverse.xml (RunModel)" time="0.009" />
  <testcase classname="ptolemy.util.test.junit.AutoTests" name="[386] /home/travis/build/icyphy/ptII/ptolemy/actor/lib/test/auto/TrigFunctionTan.xml (RunModel)" time="0.007" />
  <testcase classname="ptolemy.util.test.junit.AutoTests" name="[387] /home/travis/build/icyphy/ptII/ptolemy/actor/lib/test/auto/TriggeredClock.xml (RunModel)" time="0.009" />
  <testcase classname="ptolemy.util.test.junit.AutoTests" name="[388] /home/travis/build/icyphy/ptII/ptolemy/actor/lib/test/auto/URLDirectoryReader.xml (RunModel)" time="0.078" />
  <testcase classname="ptolemy.util.test.junit.AutoTests" name="[389] /home/travis/build/icyphy/ptII/ptolemy/actor/lib/test/auto/URLDirectoryReader3.xml (RunModel)" time="1.919" />
  <testcase classname="ptolemy.util.test.junit.AutoTests" name="[390] /home/travis/build/icyphy/ptII/ptolemy/actor/lib/test/auto/UnaryMathFunction.xml (RunModel)" time="0.039" />
  <testcase classname="ptolemy.util.test.junit.AutoTests" name="[391] /home/travis/build/icyphy/ptII/ptolemy/actor/lib/test/auto/Uniform.xml (RunModel)" time="0.01" />
  <testcase classname="ptolemy.util.test.junit.AutoTests" name="[392] /home/travis/build/icyphy/ptII/ptolemy/actor/lib/test/auto/UnionDisassemblerTest.xml (RunModel)" time="0.009" />
  <testcase classname="ptolemy.util.test.junit.AutoTests" name="[393] /home/travis/build/icyphy/ptII/ptolemy/actor/lib/test/auto/UtilityFunctions.xml (RunModel)" time="0.007" />
  <testcase classname="ptolemy.util.test.junit.AutoTests" name="[394] /home/travis/build/icyphy/ptII/ptolemy/actor/lib/test/auto/VariableSleep.xml (RunModel)" time="0.511" />
  <testcase classname="ptolemy.util.test.junit.AutoTests" name="[395] /home/travis/build/icyphy/ptII/ptolemy/actor/lib/test/auto/VectorAssemblerDisassemblerCT.xml (RunModel)" time="0.113" />
  <testcase classname="ptolemy.util.test.junit.AutoTests" name="[396] /home/travis/build/icyphy/ptII/ptolemy/actor/lib/test/auto/VectorAssemblerDisassemblerDE.xml (RunModel)" time="0.012" />
  <testcase classname="ptolemy.util.test.junit.AutoTests" name="[397] /home/travis/build/icyphy/ptII/ptolemy/actor/lib/test/auto/VectorAssemblerDisassemblerSDF.xml (RunModel)" time="0.011" />
  <testcase classname="ptolemy.util.test.junit.AutoTests" name="[398] /home/travis/build/icyphy/ptII/ptolemy/actor/lib/test/auto/WallClockTime.xml (RunModel)" time="1.013" />
  <testcase classname="ptolemy.util.test.junit.AutoTests" name="[399] /home/travis/build/icyphy/ptII/ptolemy/actor/lib/test/auto/WidthTestWithSubscriberPublisher.xml (RunModel)" time="0.035" />
  <testcase classname="ptolemy.util.test.junit.AutoTests" name="[400] /home/travis/build/icyphy/ptII/ptolemy/actor/lib/test/auto/WidthTestWithSubscriberPublisher2.xml (RunModel)" time="0.015" />
  <testcase classname="ptolemy.util.test.junit.AutoTests" name="[401] /home/travis/build/icyphy/ptII/ptolemy/actor/lib/test/auto/WidthTestWithSubscriberPublisher3.xml (RunModel)" time="0.011" />
  <testcase classname="ptolemy.util.test.junit.AutoTests" name="[402] /home/travis/build/icyphy/ptII/ptolemy/actor/lib/test/auto/Writer.xml (RunModel)" time="0.008" />
  <testcase classname="ptolemy.util.test.junit.AutoTests" name="[403] /home/travis/build/icyphy/ptII/ptolemy/actor/lib/test/auto/array.xml (RunModel)" time="0.024" />
  <testcase classname="ptolemy.util.test.junit.AutoTests" name="[404] /home/travis/build/icyphy/ptII/ptolemy/actor/lib/test/auto/array2.xml (RunModel)" time="0.023" />
  <testcase classname="ptolemy.util.test.junit.AutoTests" name="[405] /home/travis/build/icyphy/ptII/ptolemy/actor/lib/test/auto/arrayType.xml (RunModel)" time="0.017" />
  <testcase classname="ptolemy.util.test.junit.AutoTests" name="[406] /home/travis/build/icyphy/ptII/ptolemy/actor/lib/test/auto/arrayType10.xml (RunModel)" time="0.009" />
  <testcase classname="ptolemy.util.test.junit.AutoTests" name="[407] /home/travis/build/icyphy/ptII/ptolemy/actor/lib/test/auto/arrayType11.xml (RunModel)" time="0.008" />
  <testcase classname="ptolemy.util.test.junit.AutoTests" name="[408] /home/travis/build/icyphy/ptII/ptolemy/actor/lib/test/auto/arrayType12.xml (RunModel)" time="0.009" />
  <testcase classname="ptolemy.util.test.junit.AutoTests" name="[409] /home/travis/build/icyphy/ptII/ptolemy/actor/lib/test/auto/arrayType13.xml (RunModel)" time="0.009" />
  <testcase classname="ptolemy.util.test.junit.AutoTests" name="[410] /home/travis/build/icyphy/ptII/ptolemy/actor/lib/test/auto/arrayType14.xml (RunModel)" time="0.008" />
  <testcase classname="ptolemy.util.test.junit.AutoTests" name="[411] /home/travis/build/icyphy/ptII/ptolemy/actor/lib/test/auto/arrayType15.xml (RunModel)" time="0.01" />
  <testcase classname="ptolemy.util.test.junit.AutoTests" name="[412] /home/travis/build/icyphy/ptII/ptolemy/actor/lib/test/auto/arrayType16.xml (RunModel)" time="0.011" />
  <testcase classname="ptolemy.util.test.junit.AutoTests" name="[413] /home/travis/build/icyphy/ptII/ptolemy/actor/lib/test/auto/arrayType17.xml (RunModel)" time="0.011" />
  <testcase classname="ptolemy.util.test.junit.AutoTests" name="[414] /home/travis/build/icyphy/ptII/ptolemy/actor/lib/test/auto/arrayType18.xml (RunModel)" time="0.008" />
  <testcase classname="ptolemy.util.test.junit.AutoTests" name="[415] /home/travis/build/icyphy/ptII/ptolemy/actor/lib/test/auto/arrayType19.xml (RunModel)" time="0.009" />
  <testcase classname="ptolemy.util.test.junit.AutoTests" name="[416] /home/travis/build/icyphy/ptII/ptolemy/actor/lib/test/auto/arrayType2.xml (RunModel)" time="0.008" />
  <testcase classname="ptolemy.util.test.junit.AutoTests" name="[417] /home/travis/build/icyphy/ptII/ptolemy/actor/lib/test/auto/arrayType20.xml (RunModel)" time="0.009" />
  <testcase classname="ptolemy.util.test.junit.AutoTests" name="[418] /home/travis/build/icyphy/ptII/ptolemy/actor/lib/test/auto/arrayType21.xml (RunModel)" time="0.008" />
  <testcase classname="ptolemy.util.test.junit.AutoTests" name="[419] /home/travis/build/icyphy/ptII/ptolemy/actor/lib/test/auto/arrayType22.xml (RunModel)" time="0.007" />
  <testcase classname="ptolemy.util.test.junit.AutoTests" name="[420] /home/travis/build/icyphy/ptII/ptolemy/actor/lib/test/auto/arrayType23.xml (RunModel)" time="0.008" />
  <testcase classname="ptolemy.util.test.junit.AutoTests" name="[421] /home/travis/build/icyphy/ptII/ptolemy/actor/lib/test/auto/arrayType24.xml (RunModel)" time="0.008" />
  <testcase classname="ptolemy.util.test.junit.AutoTests" name="[422] /home/travis/build/icyphy/ptII/ptolemy/actor/lib/test/auto/arrayType25.xml (RunModel)" time="0.008" />
  <testcase classname="ptolemy.util.test.junit.AutoTests" name="[423] /home/travis/build/icyphy/ptII/ptolemy/actor/lib/test/auto/arrayType26.xml (RunModel)" time="0.008" />
  <testcase classname="ptolemy.util.test.junit.AutoTests" name="[424] /home/travis/build/icyphy/ptII/ptolemy/actor/lib/test/auto/arrayType27.xml (RunModel)" time="0.009" />
  <testcase classname="ptolemy.util.test.junit.AutoTests" name="[425] /home/travis/build/icyphy/ptII/ptolemy/actor/lib/test/auto/arrayType28.xml (RunModel)" time="0.011" />
  <testcase classname="ptolemy.util.test.junit.AutoTests" name="[426] /home/travis/build/icyphy/ptII/ptolemy/actor/lib/test/auto/arrayType3.xml (RunModel)" time="0.009" />
  <testcase classname="ptolemy.util.test.junit.AutoTests" name="[427] /home/travis/build/icyphy/ptII/ptolemy/actor/lib/test/auto/arrayType4.xml (RunModel)" time="0.009" />
  <testcase classname="ptolemy.util.test.junit.AutoTests" name="[428] /home/travis/build/icyphy/ptII/ptolemy/actor/lib/test/auto/arrayType5.xml (RunModel)" time="0.013" />
  <testcase classname="ptolemy.util.test.junit.AutoTests" name="[429] /home/travis/build/icyphy/ptII/ptolemy/actor/lib/test/auto/arrayType6.xml (RunModel)" time="0.008" />
  <testcase classname="ptolemy.util.test.junit.AutoTests" name="[430] /home/travis/build/icyphy/ptII/ptolemy/actor/lib/test/auto/arrayType7.xml (RunModel)" time="0.028" />
  <testcase classname="ptolemy.util.test.junit.AutoTests" name="[431] /home/travis/build/icyphy/ptII/ptolemy/actor/lib/test/auto/arrayType8.xml (RunModel)" time="0.043" />
  <testcase classname="ptolemy.util.test.junit.AutoTests" name="[432] /home/travis/build/icyphy/ptII/ptolemy/actor/lib/test/auto/arrayType9.xml (RunModel)" time="0.035" />
  <testcase classname="ptolemy.util.test.junit.AutoTests" name="[433] /home/travis/build/icyphy/ptII/ptolemy/actor/lib/test/auto/cast.xml (RunModel)" time="0.023" />
  <testcase classname="ptolemy.util.test.junit.AutoTests" name="[434] /home/travis/build/icyphy/ptII/ptolemy/actor/lib/test/auto/compositeMultiPort.xml (RunModel)" time="0.071" />
  <testcase classname="ptolemy.util.test.junit.AutoTests" name="[435] /home/travis/build/icyphy/ptII/ptolemy/actor/lib/test/auto/expressionCastInference.xml (RunModel)" time="0.032" />
  <testcase classname="ptolemy.util.test.junit.AutoTests" name="[436] /home/travis/build/icyphy/ptII/ptolemy/actor/lib/test/auto/expressionCastInference2.xml (RunModel)" time="0.028" />
  <testcase classname="ptolemy.util.test.junit.AutoTests" name="[437] /home/travis/build/icyphy/ptII/ptolemy/actor/lib/test/auto/expressionInference.xml (RunModel)" time="0.027" />
  <testcase classname="ptolemy.util.test.junit.AutoTests" name="[438] /home/travis/build/icyphy/ptII/ptolemy/actor/lib/test/auto/expression_bug.xml (RunModel)" time="0.007" />
  <testcase classname="ptolemy.util.test.junit.AutoTests" name="[439] /home/travis/build/icyphy/ptII/ptolemy/actor/lib/test/auto/factorial.xml (RunModel)" time="0.052" />
  <testcase classname="ptolemy.util.test.junit.AutoTests" name="[440] /home/travis/build/icyphy/ptII/ptolemy/actor/lib/test/auto/filterTest1.xml (RunModel)" time="0.015" />
  <testcase classname="ptolemy.util.test.junit.AutoTests" name="[441] /home/travis/build/icyphy/ptII/ptolemy/actor/lib/test/auto/funcApplyInConst.xml (RunModel)" time="0.006" />
  <testcase classname="ptolemy.util.test.junit.AutoTests" name="[442] /home/travis/build/icyphy/ptII/ptolemy/actor/lib/test/auto/funcApplyInExpr.xml (RunModel)" time="0.005" />
  <testcase classname="ptolemy.util.test.junit.AutoTests" name="[443] /home/travis/build/icyphy/ptII/ptolemy/actor/lib/test/auto/function.xml (RunModel)" time="0.013" />
  <testcase classname="ptolemy.util.test.junit.AutoTests" name="[444] /home/travis/build/icyphy/ptII/ptolemy/actor/lib/test/auto/function2.xml (RunModel)" time="0.008" />
  <testcase classname="ptolemy.util.test.junit.AutoTests" name="[445] /home/travis/build/icyphy/ptII/ptolemy/actor/lib/test/auto/function3.xml (RunModel)" time="0.007" />
  <testcase classname="ptolemy.util.test.junit.AutoTests" name="[446] /home/travis/build/icyphy/ptII/ptolemy/actor/lib/test/auto/functionClosureTest1.xml (RunModel)" time="0.01" />
  <testcase classname="ptolemy.util.test.junit.AutoTests" name="[447] /home/travis/build/icyphy/ptII/ptolemy/actor/lib/test/auto/functionClosureTest2.xml (RunModel)" time="0.006" />
  <testcase classname="ptolemy.util.test.junit.AutoTests" name="[448] /home/travis/build/icyphy/ptII/ptolemy/actor/lib/test/auto/functionClosureTest3.xml (RunModel)" time="0.009" />
  <testcase classname="ptolemy.util.test.junit.AutoTests" name="[449] /home/travis/build/icyphy/ptII/ptolemy/actor/lib/test/auto/functionClosureTest4.xml (RunModel)" time="0.015" />
  <testcase classname="ptolemy.util.test.junit.AutoTests" name="[450] /home/travis/build/icyphy/ptII/ptolemy/actor/lib/test/auto/functionClosureTest5.xml (RunModel)" time="0.011" />
  <testcase classname="ptolemy.util.test.junit.AutoTests" name="[451] /home/travis/build/icyphy/ptII/ptolemy/actor/lib/test/auto/functionClosureTest6.xml (RunModel)" time="0.008" />
  <testcase classname="ptolemy.util.test.junit.AutoTests" name="[452] /home/travis/build/icyphy/ptII/ptolemy/actor/lib/test/auto/functionsOnArcs.xml (RunModel)" time="0.008" />
  <testcase classname="ptolemy.util.test.junit.AutoTests" name="[453] /home/travis/build/icyphy/ptII/ptolemy/actor/lib/test/auto/functionsOnArcsHOF.xml (RunModel)" time="0.011" />
  <testcase classname="ptolemy.util.test.junit.AutoTests" name="[454] /home/travis/build/icyphy/ptII/ptolemy/actor/lib/test/auto/logic.xml (RunModel)" time="0.016" />
  <testcase classname="ptolemy.util.test.junit.AutoTests" name="[455] /home/travis/build/icyphy/ptII/ptolemy/actor/lib/test/auto/matrixType.xml (RunModel)" time="0.009" />
  <testcase classname="ptolemy.util.test.junit.AutoTests" name="[456] /home/travis/build/icyphy/ptII/ptolemy/actor/lib/test/auto/matrixType10.xml (RunModel)" time="0.008" />
  <testcase classname="ptolemy.util.test.junit.AutoTests" name="[457] /home/travis/build/icyphy/ptII/ptolemy/actor/lib/test/auto/matrixType11.xml (RunModel)" time="0.007" />
  <testcase classname="ptolemy.util.test.junit.AutoTests" name="[458] /home/travis/build/icyphy/ptII/ptolemy/actor/lib/test/auto/matrixType12.xml (RunModel)" time="0.01" />
  <testcase classname="ptolemy.util.test.junit.AutoTests" name="[459] /home/travis/build/icyphy/ptII/ptolemy/actor/lib/test/auto/matrixType13.xml (RunModel)" time="0.008" />
  <testcase classname="ptolemy.util.test.junit.AutoTests" name="[460] /home/travis/build/icyphy/ptII/ptolemy/actor/lib/test/auto/matrixType14.xml (RunModel)" time="0.009" />
  <testcase classname="ptolemy.util.test.junit.AutoTests" name="[461] /home/travis/build/icyphy/ptII/ptolemy/actor/lib/test/auto/matrixType2.xml (RunModel)" time="0.008" />
  <testcase classname="ptolemy.util.test.junit.AutoTests" name="[462] /home/travis/build/icyphy/ptII/ptolemy/actor/lib/test/auto/matrixType3.xml (RunModel)" time="0.01" />
  <testcase classname="ptolemy.util.test.junit.AutoTests" name="[463] /home/travis/build/icyphy/ptII/ptolemy/actor/lib/test/auto/matrixType4.xml (RunModel)" time="0.008" />
  <testcase classname="ptolemy.util.test.junit.AutoTests" name="[464] /home/travis/build/icyphy/ptII/ptolemy/actor/lib/test/auto/matrixType5.xml (RunModel)" time="0.008" />
  <testcase classname="ptolemy.util.test.junit.AutoTests" name="[465] /home/travis/build/icyphy/ptII/ptolemy/actor/lib/test/auto/matrixType6.xml (RunModel)" time="0.008" />
  <testcase classname="ptolemy.util.test.junit.AutoTests" name="[466] /home/travis/build/icyphy/ptII/ptolemy/actor/lib/test/auto/matrixType7.xml (RunModel)" time="0.008" />
  <testcase classname="ptolemy.util.test.junit.AutoTests" name="[467] /home/travis/build/icyphy/ptII/ptolemy/actor/lib/test/auto/matrixType8.xml (RunModel)" time="0.008" />
  <testcase classname="ptolemy.util.test.junit.AutoTests" name="[468] /home/travis/build/icyphy/ptII/ptolemy/actor/lib/test/auto/matrixType9.xml (RunModel)" time="0.007" />
  <testcase classname="ptolemy.util.test.junit.AutoTests" name="[469] /home/travis/build/icyphy/ptII/ptolemy/actor/lib/test/auto/paraFunctest.xml (RunModel)" time="0.007" />
  <testcase classname="ptolemy.util.test.junit.AutoTests" name="[470] /home/travis/build/icyphy/ptII/ptolemy/actor/lib/test/auto/paraFunctest2.xml (RunModel)" time="0.008" />
  <testcase classname="ptolemy.util.test.junit.AutoTests" name="[471] /home/travis/build/icyphy/ptII/ptolemy/actor/lib/test/auto/parameterPassing.xml (RunModel)" time="0.008" />
  <testcase classname="ptolemy.util.test.junit.AutoTests" name="[472] /home/travis/build/icyphy/ptII/ptolemy/actor/lib/test/auto/record.xml (RunModel)" time="0.009" />
  <testcase classname="ptolemy.util.test.junit.AutoTests" name="[473] /home/travis/build/icyphy/ptII/ptolemy/actor/lib/test/auto/sizedarray1.xml (RunModel)" time="0.008" />
  <testcase classname="ptolemy.util.test.junit.AutoTests" name="[474] /home/travis/build/icyphy/ptII/ptolemy/actor/lib/test/auto/sizedarray2.xml (RunModel)" time="0.009" />
  <testcase classname="ptolemy.util.test.junit.AutoTests" name="[475] /home/travis/build/icyphy/ptII/ptolemy/actor/lib/test/auto/twoPublishers.xml (RunModel)" time="0.017" />
  <system-out><![CDATA[/home/travis/build/icyphy/ptII/ptolemy/actor/lib/test/AbsoluteValue.tcl
testDefs.tcl: setting time out to 9000 seconds at Fri Jun 26 14:56:53 UTC 2020
91 ms. Memory: 129024K Free: 93128K (72%)
10 ms. Memory: 129024K Free: 91080K (71%)
5 ms. Memory: 129024K Free: 90056K (70%)
4 ms. Memory: 129024K Free: 89527K (69%)
/home/travis/build/icyphy/ptII/ptolemy/actor/lib/test/AddSubtract.tcl
12 ms. Memory: 129024K Free: 87494K (68%)
5 ms. Memory: 129024K Free: 86984K (67%)
5 ms. Memory: 129024K Free: 85960K (67%)
8 ms. Memory: 129024K Free: 85439K (66%)
42 ms. Memory: 129024K Free: 82374K (64%)
6 ms. Memory: 129024K Free: 81350K (63%)
/home/travis/build/icyphy/ptII/ptolemy/actor/lib/test/Average.tcl
7 ms. Memory: 129024K Free: 79816K (62%)
5 ms. Memory: 129024K Free: 78792K (61%)
/home/travis/build/icyphy/ptII/ptolemy/actor/lib/test/Bernoulli.tcl
4 ms. Memory: 129024K Free: 77239K (60%)
2 ms. Memory: 129024K Free: 76744K (59%)
/home/travis/build/icyphy/ptII/ptolemy/actor/lib/test/Clock.tcl
preinitializing
resolving types
initializing
executing number 1
wrapping up
idle
21 ms. Memory: 129024K Free: 74182K (57%)
Completed execution with 5 iterations
preinitializing
resolving types
initializing
executing number 1
wrapping up
idle
4 ms. Memory: 129024K Free: 73127K (57%)
Completed execution with 5 iterations
preinitializing
resolving types
initializing
executing number 1
wrapping up
idle
3 ms. Memory: 129024K Free: 72648K (56%)
Completed execution with 5 iterations
/home/travis/build/icyphy/ptII/ptolemy/actor/lib/test/Commutator.tcl
14 ms. Memory: 129024K Free: 70600K (55%)
10 ms. Memory: 129024K Free: 69576K (54%)
14 ms. Memory: 129024K Free: 63911K (50%)
/home/travis/build/icyphy/ptII/ptolemy/actor/lib/test/Const.tcl
4 ms. Memory: 129024K Free: 62408K (48%)
2 ms. Memory: 129024K Free: 61879K (48%)
4 ms. Memory: 129024K Free: 61384K (48%)
3 ms. Memory: 129024K Free: 60863K (47%)
3 ms. Memory: 129024K Free: 60360K (47%)
25 ms. Memory: 129024K Free: 58822K (46%)
12 ms. Memory: 129024K Free: 57288K (44%)
4 ms. Memory: 129024K Free: 56767K (44%)
/home/travis/build/icyphy/ptII/ptolemy/actor/lib/test/CurrentTime.tcl
preinitializing
resolving types
initializing
executing number 1
wrapping up
idle
22 ms. Memory: 129024K Free: 54711K (42%)
Completed execution with 11 iterations
/home/travis/build/icyphy/ptII/ptolemy/actor/lib/test/DB.tcl
4 ms. Memory: 129024K Free: 53192K (41%)
7 ms. Memory: 129024K Free: 52677K (41%)
3 ms. Memory: 129024K Free: 52168K (40%)
/home/travis/build/icyphy/ptII/ptolemy/actor/lib/test/DiscreteRandomSource.tcl
preinitializing
resolving types
initializing
executing number 1
wrapping up
idle
10 ms. Memory: 129024K Free: 50615K (39%)
Completed execution with 4 iterations
preinitializing
resolving types
initializing
executing number 1
wrapping up
idle
3 ms. Memory: 129024K Free: 50120K (39%)
Completed execution with 4 iterations
preinitializing
resolving types
initializing
executing number 1
wrapping up
idle
12 ms. Memory: 129024K Free: 49606K (38%)
Completed execution with 4 iterations
preinitializing
resolving types
initializing
executing number 1
wrapping up
idle
12 ms. Memory: 129024K Free: 49096K (38%)
Completed execution with 4 iterations
preinitializing
resolving types
initializing
executing number 1
wrapping up
idle
4 ms. Memory: 129024K Free: 48582K (38%)
Completed execution with 4 iterations
/home/travis/build/icyphy/ptII/ptolemy/actor/lib/test/Distributor.tcl
34 ms. Memory: 129024K Free: 113715K (88%)
9 ms. Memory: 129024K Free: 113167K (88%)
StreamChangeRequest.changeExecuted(): <deleteEntity name="rec2"/> succeeded
StreamChangeRequest.changeExecuted(): <deleteRelation name="r2"/> succeeded
StreamChangeRequest.changeExecuted(): Record firings per iteration succeeded
5 ms. Memory: 129024K Free: 110659K (86%)
/home/travis/build/icyphy/ptII/ptolemy/actor/lib/test/Exit.tcl
Exit.tcl: this will print a message about Manager.exitAfterWrapup, which can be ignored.
11 ms. Memory: 129024K Free: 107663K (83%)
/home/travis/build/icyphy/ptII/ptolemy/actor/lib/test/Expression.tcl
13 ms. Memory: 129024K Free: 103959K (81%)
3 ms. Memory: 129024K Free: 103459K (80%)
2 ms. Memory: 129024K Free: 102927K (80%)
preinitializing
resolving types
initializing
executing number 1
wrapping up
idle
5 ms. Memory: 129024K Free: 101411K (79%)
Completed execution with 6 iterations
3 ms. Memory: 129024K Free: 100417K (78%)
2 ms. Memory: 129024K Free: 99855K (77%)
7 ms. Memory: 129024K Free: 98332K (76%)
3 ms. Memory: 129024K Free: 97331K (75%)
7 ms. Memory: 129024K Free: 95797K (74%)
/home/travis/build/icyphy/ptII/ptolemy/actor/lib/test/Gaussian.tcl
6 ms. Memory: 129024K Free: 94259K (73%)
sleeping 1 seconds: ....................................................................................................................................................................................................................................................................................................................................................................................................................................................................................................................................................................................................................................................................................................................................................................................................................................................................................................................................................................................................................................................................................................................................................................2 ms. Memory: 129024K Free: 112311K (87%)
2 ms. Memory: 129024K Free: 111815K (87%)
1 ms. Memory: 129024K Free: 111287K (86%)
1 ms. Memory: 129024K Free: 110277K (85%)
1 ms. Memory: 129024K Free: 109767K (85%)
/home/travis/build/icyphy/ptII/ptolemy/actor/lib/test/IIR.tcl
/home/travis/build/icyphy/ptII/ptolemy/actor/lib/test/Interpolator.tcl
3 ms. Memory: 129024K Free: 106175K (82%)
2 ms. Memory: 129024K Free: 105671K (82%)
2 ms. Memory: 129024K Free: 105157K (82%)
2 ms. Memory: 129024K Free: 104119K (81%)
2 ms. Memory: 129024K Free: 103623K (80%)
2 ms. Memory: 129024K Free: 102599K (80%)
2 ms. Memory: 129024K Free: 101575K (79%)
9 ms. Memory: 129024K Free: 101047K (78%)
2 ms. Memory: 129024K Free: 100023K (78%)
3 ms. Memory: 129024K Free: 98983K (77%)
/home/travis/build/icyphy/ptII/ptolemy/actor/lib/test/MathFunction.tcl
4 ms. Memory: 129024K Free: 96965K (75%)
10 ms. Memory: 129024K Free: 95927K (74%)
2 ms. Memory: 129024K Free: 94911K (74%)
5 ms. Memory: 129024K Free: 93879K (73%)
8 ms. Memory: 129024K Free: 92869K (72%)
14 ms. Memory: 129024K Free: 90821K (70%)
/home/travis/build/icyphy/ptII/ptolemy/actor/lib/test/Maximum.tcl
5 ms. Memory: 129024K Free: 88759K (69%)
5 ms. Memory: 129024K Free: 88263K (68%)
6 ms. Memory: 129024K Free: 87743K (68%)
9 ms. Memory: 129024K Free: 86725K (67%)
/home/travis/build/icyphy/ptII/ptolemy/actor/lib/test/Minimum.tcl
6 ms. Memory: 129024K Free: 85191K (66%)
3 ms. Memory: 129024K Free: 84677K (66%)
3 ms. Memory: 129024K Free: 84167K (65%)
3 ms. Memory: 129024K Free: 83143K (64%)
/home/travis/build/icyphy/ptII/ptolemy/actor/lib/test/MultiplyDivide.tcl
9 ms. Memory: 129024K Free: 81095K (63%)
7 ms. Memory: 129024K Free: 80567K (62%)
3 ms. Memory: 129024K Free: 80071K (62%)
8 ms. Memory: 129024K Free: 79047K (61%)
4 ms. Memory: 129024K Free: 78519K (61%)
/home/travis/build/icyphy/ptII/ptolemy/actor/lib/test/OrderedMerge.tcl
Connections changed on port: inputA
Connections changed on port: inputB
Connections changed on port: output
Connections changed on port: output
Connections changed on port: output
Connections changed on port: input
.top. Preinitializing ...
Invoking preinitialize():  .top.OrderedMerge
Called preinitialize()
Invoking preinitialize():  .top.Ramp
Called preinitialize()
Invoking preinitialize():  .top.Ramp2
Called preinitialize()
Invoking preinitialize():  .top.Test
Called preinitialize()
Connections changed on port: inputA
Connections changed on port: output
Connections changed on port: output
Connections changed on port: input
Connections changed on port: inputB
Connections changed on port: output
.top. Finished preinitialize().
Called initialize().
Invoking initialize():  .top.OrderedMerge
Initializing actor: .top.OrderedMerge
Adding a thread: .top.OrderedMerge
Invoking initialize():  .top.Ramp
Initializing actor: .top.Ramp
Adding a thread: .top.Ramp
Invoking initialize():  .top.Ramp2
Initializing actor: .top.Ramp2
Adding a thread: .top.Ramp2
Invoking initialize():  .top.Test
Initializing actor: .top.Test
Adding a thread: .top.Test
Called fire().
Checking for deadlock:
-- Starting thread.
Called initialize()
Called prefire()
Called fire()
-- Starting thread.
Called initialize()
Called prefire()
Called fire()
-- Starting thread.
Called initialize()
Called prefire()
Called fire()
-- Starting thread.
Called initialize()
Called prefire()
Called fire()
There are 0 Blocked actors, 0 Stopped actors, and 4 active threads.
Waiting for actors to stop.
Called postfire()
Called prefire()
Called fire()
Called postfire()
Called prefire()
Called fire()
Read input token from inputA with value 0.0
Next port to read input from is inputB
Called postfire()
Called prefire()
Called fire()
Read input token from inputB with value 0.0
Sent output token with value 0.0
Next port to read input from is inputA
Called postfire()
Called prefire()
Called fire()
Checking for deadlock:
There are 1 Blocked actors, 0 Stopped actors, and 4 active threads.
Waiting for actors to stop.
Called postfire()
Called prefire()
Called fire()
Called postfire()
Called prefire()
Called fire()
-- Read input: 0.0, which is expected to match: 0.0
Called prefire()
Called fire()
Checking for deadlock:
There are 3 Blocked actors, 0 Stopped actors, and 4 active threads.
Waiting for actors to stop.
Read input token from inputA with value 1.0
Sent output token with value 0.0
Next port to read input from is inputB
Called postfire()
Called prefire()
Called fire()
Read input token from inputB with value 1.5
Checking for deadlock:
There are 1 Blocked actors, 0 Stopped actors, and 4 active threads.
Waiting for actors to stop.
Called postfire()
Called prefire()
Called fire()
Called postfire()
Called prefire()
Called fire()
-- Read input: 0.0, which is expected to match: 0.0
Called prefire()
Called fire()
Checking for deadlock:
There are 3 Blocked actors, 0 Stopped actors, and 4 active threads.
Waiting for actors to stop.
-- Read input: 1.0, which is expected to match: 1.0
Called prefire()
Called fire()
Sent output token with value 1.0
Next port to read input from is inputA
Called postfire()
Called prefire()
Called fire()
Read input token from inputA with value 2.0
Sent output token with value 1.5
Next port to read input from is inputB
Called postfire()
Called prefire()
Called fire()
Read input token from inputB with value 3.0
Checking for deadlock:
There are 1 Blocked actors, 0 Stopped actors, and 4 active threads.
Waiting for actors to stop.
Called postfire()
Called prefire()
Called fire()
Called postfire()
Called prefire()
Called fire()
-- Read input: 1.5, which is expected to match: 1.5
Called prefire()
Called fire()
Checking for deadlock:
There are 3 Blocked actors, 0 Stopped actors, and 4 active threads.
Waiting for actors to stop.
-- Read input: 2.0, which is expected to match: 2.0
Called prefire()
Called fire()
Sent output token with value 2.0
Next port to read input from is inputA
Called postfire()
Called prefire()
Called fire()
Read input token from inputA with value 3.0
Sent output token with value 3.0
Next port to read input from is inputB
Called postfire()
Called prefire()
Called fire()
Read input token from inputB with value 4.5
Checking for deadlock:
There are 1 Blocked actors, 0 Stopped actors, and 4 active threads.
Waiting for actors to stop.
Called postfire()
Called prefire()
Called fire()
Called postfire()
Called prefire()
Called fire()
-- Read input: 3.0, which is expected to match: 3.0
Called prefire()
Called fire()
Checking for deadlock:
There are 3 Blocked actors, 0 Stopped actors, and 4 active threads.
Waiting for actors to stop.
-- Read input: 3.0, which is expected to match: 3.0
Called prefire()
Called fire()
Sent output token with value 3.0
Next port to read input from is inputA
Called postfire()
Called prefire()
Called fire()
Read input token from inputA with value 4.0
Sent output token with value 4.0
Next port to read input from is inputA
Called postfire()
Called prefire()
Called fire()
Checking for deadlock:
There are 2 Blocked actors, 0 Stopped actors, and 4 active threads.
Waiting for actors to stop.
Called postfire()
Called prefire()
Called fire()
-- Read input: 4.0, which is expected to match: 4.0
Called prefire()
Called fire()
Past the end of training data. Read and discard all inputs.
Checking for deadlock:
There are 3 Blocked actors, 0 Stopped actors, and 4 active threads.
Waiting for actors to stop.
Called postfire()
Called prefire()
Called fire()
Read input token from inputA with value 5.0
Sent output token with value 4.5
Next port to read input from is inputB
Called postfire()
Called prefire()
Called fire()
Read input token from inputB with value 6.0
Checking for deadlock:
There are 2 Blocked actors, 0 Stopped actors, and 4 active threads.
Waiting for actors to stop.
Called postfire()
Called prefire()
Called fire()
Called prefire()
Called fire()
Past the end of training data. Read and discard all inputs.
Checking for deadlock:
There are 3 Blocked actors, 0 Stopped actors, and 4 active threads.
Waiting for actors to stop.
Called prefire()
Called fire()
Past the end of training data. Read and discard all inputs.
Sent output token with value 5.0
Next port to read input from is inputA
Called postfire()
Called prefire()
Called fire()
Read input token from inputA with value 6.0
Sent output token with value 6.0
Next port to read input from is inputB
Called postfire()
Called prefire()
Called fire()
Read input token from inputB with value 7.5
Checking for deadlock:
There are 1 Blocked actors, 0 Stopped actors, and 4 active threads.
Waiting for actors to stop.
Called postfire()
Called prefire()
Called fire()
Called postfire()
Called prefire()
Called fire()
Called prefire()
Called fire()
Past the end of training data. Read and discard all inputs.
Checking for deadlock:
There are 3 Blocked actors, 0 Stopped actors, and 4 active threads.
Waiting for actors to stop.
Called prefire()
Called fire()
Past the end of training data. Read and discard all inputs.
Sent output token with value 6.0
Next port to read input from is inputA
Called postfire()
Called prefire()
Called fire()
Read input token from inputA with value 7.0
Sent output token with value 7.0
Next port to read input from is inputA
Called postfire()
Called prefire()
Called fire()
Checking for deadlock:
There are 2 Blocked actors, 0 Stopped actors, and 4 active threads.
Waiting for actors to stop.
Called postfire()
Called prefire()
Called fire()
Called prefire()
Called fire()
Past the end of training data. Read and discard all inputs.
Checking for deadlock:
There are 3 Blocked actors, 0 Stopped actors, and 4 active threads.
Waiting for actors to stop.
-- Thread wrapup() called.
Called wrapup()
Thread .top.Ramp is exiting.
-- Thread stopped.
Checking for deadlock:
There are 2 Blocked actors, 0 Stopped actors, and 3 active threads.
Waiting for actors to stop.
Read input token from inputA with value 8.0
Called prefire()
Called fire()
Past the end of training data. Read and discard all inputs.
Checking for deadlock:
There are 2 Blocked actors, 0 Stopped actors, and 3 active threads.
Waiting for actors to stop.
Sent output token with value 7.5
Next port to read input from is inputB
Called postfire()
Called prefire()
Called fire()
Called postfire()
Called prefire()
Called fire()
Checking for deadlock:
There are 2 Blocked actors, 0 Stopped actors, and 3 active threads.
Waiting for actors to stop.
Read input token from inputB with value 9.0
Called prefire()
Called fire()
Past the end of training data. Read and discard all inputs.
Checking for deadlock:
There are 2 Blocked actors, 0 Stopped actors, and 3 active threads.
Waiting for actors to stop.
Sent output token with value 8.0
Next port to read input from is inputA
Called postfire()
Called prefire()
Called fire()
Read input token from inputA with value 9.0
Called prefire()
Called fire()
Past the end of training data. Read and discard all inputs.
Checking for deadlock:
There are 2 Blocked actors, 0 Stopped actors, and 3 active threads.
Waiting for actors to stop.
Sent output token with value 9.0
Next port to read input from is inputB
Called postfire()
Called prefire()
Called fire()
Checking for deadlock:
There are 1 Blocked actors, 0 Stopped actors, and 3 active threads.
Waiting for actors to stop.
Called postfire()
Called prefire()
Called fire()
Checking for deadlock:
There are 2 Blocked actors, 0 Stopped actors, and 3 active threads.
Waiting for actors to stop.
Read input token from inputB with value 10.5
Checking for deadlock:
There are 1 Blocked actors, 0 Stopped actors, and 3 active threads.
Waiting for actors to stop.
Called prefire()
Called fire()
Past the end of training data. Read and discard all inputs.
Checking for deadlock:
There are 2 Blocked actors, 0 Stopped actors, and 3 active threads.
Waiting for actors to stop.
Sent output token with value 9.0
Next port to read input from is inputA
Called postfire()
Called prefire()
Called fire()
Checking for deadlock:
There are 3 Blocked actors, 0 Stopped actors, and 3 active threads.
Actors have stopped.
Checking for deadlock:
There are 3 Blocked actors, 0 Stopped actors, and 3 active threads.
Deadlock detected.
Resolving Deadlock
Checking for deadlock:
There are 3 Blocked actors, 0 Stopped actors, and 3 active threads.
Artificial Deadlock - increasing queue capacity.
increasing the capacity of receiver ptolemy.actor.TypedIOPort {.top.OrderedMerge.inputB} to 2
-- Thread wrapup() called.
Called wrapup()
Thread .top.Ramp2 is exiting.
-- Thread stopped.
Director: Called postfire().
Called postfire().
_stopRequested = false
_stopFireRequested = false
Returning from postfire(): true
Called fire().
Checking for deadlock:
There are 2 Blocked actors, 0 Stopped actors, and 2 active threads.
Actors have stopped.
Checking for deadlock:
There are 2 Blocked actors, 0 Stopped actors, and 2 active threads.
Deadlock detected.
Resolving Deadlock
Checking for deadlock:
There are 2 Blocked actors, 0 Stopped actors, and 2 active threads.
Deadlock detected: no processes blocked on write, but some are blocked on read.
Called postfire().
_stopRequested = false
_stopFireRequested = false
Returning from postfire(): false
Finished deactivating branches.
Called wrapup().
-- Thread wrapup() called.
Called wrapup()
Thread .top.Test is exiting.
-- Thread stopped.
-- Blocked Receiver call threw TerminateProcessException.
-- Thread wrapup() called.
Called wrapup()
Thread .top.OrderedMerge is exiting.
-- Thread stopped.
-- Blocked Receiver call threw TerminateProcessException.
75 ms. Memory: 129024K Free: 112104K (87%)
.top. Preinitializing ...
Invoking preinitialize():  .top.OrderedMerge
Called preinitialize()
Invoking preinitialize():  .top.Ramp
Called preinitialize()
Invoking preinitialize():  .top.Ramp2
Called preinitialize()
Invoking preinitialize():  .top.Test
Called preinitialize()
.top. Finished preinitialize().
Called initialize().
Invoking initialize():  .top.OrderedMerge
Initializing actor: .top.OrderedMerge
Adding a thread: .top.OrderedMerge
Invoking initialize():  .top.Ramp
Initializing actor: .top.Ramp
Adding a thread: .top.Ramp
Invoking initialize():  .top.Ramp2
Initializing actor: .top.Ramp2
Adding a thread: .top.Ramp2
Invoking initialize():  .top.Test
Initializing actor: .top.Test
Adding a thread: .top.Test
-- Starting thread.
Called initialize()
Called prefire()
Called fire()
-- Starting thread.
Called initialize()
Called prefire()
Called fire()
Called postfire()
Called prefire()
Called fire()
-- Starting thread.
Called initialize()
Called prefire()
Called fire()
Called postfire()
Called prefire()
Called fire()
Called fire().
Checking for deadlock:
There are 3 Blocked actors, 0 Stopped actors, and 4 active threads.
Waiting for actors to stop.
-- Starting thread.
Called initialize()
Called prefire()
Called fire()
Called postfire()
Called prefire()
Called fire()
Read input token from inputA with value 0.0
Checking for deadlock:
Next port to read input from is inputB
Called postfire()
Called prefire()
Called fire()
There are 3 Blocked actors, 0 Stopped actors, and 4 active threads.
Waiting for actors to stop.
Checking for deadlock:
Read input token from inputB with value 0.0
There are 2 Blocked actors, 0 Stopped actors, and 4 active threads.
Waiting for actors to stop.
Called postfire()
Called prefire()
Called fire()
Checking for deadlock:
There are 3 Blocked actors, 0 Stopped actors, and 4 active threads.
Waiting for actors to stop.
Checking for deadlock:
-- Read input: 0.0, which is expected to match: 0.0
There are 2 Blocked actors, 0 Stopped actors, and 4 active threads.
Waiting for actors to stop.
Called prefire()
Called fire()
Sent output token with value 0.0
Checking for deadlock:
There are 3 Blocked actors, 0 Stopped actors, and 4 active threads.
Waiting for actors to stop.
Next port to read input from is inputA
Called postfire()
Called prefire()
Called fire()
Checking for deadlock:
Called postfire()
There are 2 Blocked actors, 0 Stopped actors, and 4 active threads.
Called prefire()
Waiting for actors to stop.
Called fire()
Checking for deadlock:
There are 3 Blocked actors, 0 Stopped actors, and 4 active threads.
Waiting for actors to stop.
Read input token from inputA with value 1.0
Checking for deadlock:
There are 2 Blocked actors, 0 Stopped actors, and 4 active threads.
Waiting for actors to stop.
Sent output token with value 0.0
-- Read input: 0.0, which is expected to match: 0.0
Next port to read input from is inputB
Called postfire()
Called prefire()
Called fire()
Checking for deadlock:
There are 3 Blocked actors, 0 Stopped actors, and 4 active threads.
Waiting for actors to stop.
Called prefire()
Called fire()
Called postfire()
Called prefire()
Called fire()
Checking for deadlock:
There are 3 Blocked actors, 0 Stopped actors, and 4 active threads.
Waiting for actors to stop.
Read input token from inputB with value 1.5
Sent output token with value 1.0
-- Read input: 1.0, which is expected to match: 1.0
Called prefire()
Called fire()
Next port to read input from is inputA
Called postfire()
Called prefire()
Called fire()
Checking for deadlock:
There are 3 Blocked actors, 0 Stopped actors, and 4 active threads.
Waiting for actors to stop.
Checking for deadlock:
There are 2 Blocked actors, 0 Stopped actors, and 4 active threads.
Waiting for actors to stop.
Read input token from inputA with value 2.0
Called postfire()
Called prefire()
Called fire()
Checking for deadlock:
There are 2 Blocked actors, 0 Stopped actors, and 4 active threads.
Waiting for actors to stop.
Sent output token with value 1.5
-- Read input: 1.5, which is expected to match: 1.5
Next port to read input from is inputB
Called postfire()
Called prefire()
Called fire()
Checking for deadlock:
There are 3 Blocked actors, 0 Stopped actors, and 4 active threads.
Waiting for actors to stop.
Called prefire()
Called fire()
Called postfire()
Called prefire()
Called fire()
Checking for deadlock:
There are 3 Blocked actors, 0 Stopped actors, and 4 active threads.
Waiting for actors to stop.
Read input token from inputB with value 3.0
Sent output token with value 2.0
-- Read input: 2.0, which is expected to match: 2.0
Called prefire()
Called fire()
Next port to read input from is inputA
Called postfire()
Called prefire()
Checking for deadlock:
There are 3 Blocked actors, 0 Stopped actors, and 4 active threads.
Waiting for actors to stop.
Called fire()
Checking for deadlock:
There are 2 Blocked actors, 0 Stopped actors, and 4 active threads.
Waiting for actors to stop.
Read input token from inputA with value 3.0
Called postfire()
Called prefire()
Called fire()
Sent output token with value 3.0
Checking for deadlock:
There are 2 Blocked actors, 0 Stopped actors, and 4 active threads.
Waiting for actors to stop.
-- Read input: 3.0, which is expected to match: 3.0
Called prefire()
Called fire()
Next port to read input from is inputB
Called postfire()
Checking for deadlock:
There are 3 Blocked actors, 0 Stopped actors, and 4 active threads.
Waiting for actors to stop.
Called prefire()
Called fire()
Called postfire()
Called prefire()
Called fire()
Checking for deadlock:
There are 3 Blocked actors, 0 Stopped actors, and 4 active threads.
Waiting for actors to stop.
Read input token from inputB with value 4.5
Sent output token with value 3.0
-- Read input: 3.0, which is expected to match: 3.0
Called prefire()
Called fire()
Next port to read input from is inputA
Called postfire()
Called prefire()
Called fire()
Checking for deadlock:
There are 3 Blocked actors, 0 Stopped actors, and 4 active threads.
Waiting for actors to stop.
Checking for deadlock:
There are 2 Blocked actors, 0 Stopped actors, and 4 active threads.
Waiting for actors to stop.
Read input token from inputA with value 4.0
Called postfire()
Called prefire()
Called fire()
Checking for deadlock:
There are 1 Blocked actors, 0 Stopped actors, and 4 active threads.
Waiting for actors to stop.
Sent output token with value 4.0
-- Read input: 4.0, which is expected to match: 4.0
Next port to read input from is inputA
Called postfire()
Called prefire()
Called prefire()
Called fire()
Past the end of training data. Read and discard all inputs.
Called fire()
Checking for deadlock:
There are 2 Blocked actors, 0 Stopped actors, and 4 active threads.
Waiting for actors to stop.
Read input token from inputA with value 5.0
Called postfire()
Called prefire()
Called fire()
Sent output token with value 4.5
Checking for deadlock:
Called prefire()
Called fire()
Past the end of training data. Read and discard all inputs.
There are 2 Blocked actors, 0 Stopped actors, and 4 active threads.
Waiting for actors to stop.
Checking for deadlock:
There are 3 Blocked actors, 0 Stopped actors, and 4 active threads.
Waiting for actors to stop.
Next port to read input from is inputB
Called postfire()
Called prefire()
Called fire()
Checking for deadlock:
There are 2 Blocked actors, 0 Stopped actors, and 4 active threads.
Waiting for actors to stop.
Called postfire()
Called prefire()
Called fire()
Read input token from inputB with value 6.0
Checking for deadlock:
There are 3 Blocked actors, 0 Stopped actors, and 4 active threads.
Waiting for actors to stop.
Checking for deadlock:
There are 2 Blocked actors, 0 Stopped actors, and 4 active threads.
Waiting for actors to stop.
Called prefire()
Sent output token with value 5.0
Called fire()
Past the end of training data. Read and discard all inputs.
Next port to read input from is inputA
Called postfire()
Called prefire()
Checking for deadlock:
There are 3 Blocked actors, 0 Stopped actors, and 4 active threads.
Waiting for actors to stop.
Called fire()
Checking for deadlock:
There are 2 Blocked actors, 0 Stopped actors, and 4 active threads.
Waiting for actors to stop.
Read input token from inputA with value 6.0
Called postfire()
Called prefire()
Called fire()
Sent output token with value 6.0
Checking for deadlock:
Called prefire()
Called fire()
There are 2 Blocked actors, 0 Stopped actors, and 4 active threads.
Waiting for actors to stop.
Past the end of training data. Read and discard all inputs.
Checking for deadlock:
There are 3 Blocked actors, 0 Stopped actors, and 4 active threads.
Waiting for actors to stop.
Next port to read input from is inputB
Called postfire()
Called prefire()
Called fire()
Checking for deadlock:
There are 2 Blocked actors, 0 Stopped actors, and 4 active threads.
Waiting for actors to stop.
Called postfire()
Called prefire()
Called fire()
Read input token from inputB with value 7.5
Checking for deadlock:
There are 3 Blocked actors, 0 Stopped actors, and 4 active threads.
Waiting for actors to stop.
Checking for deadlock:
There are 2 Blocked actors, 0 Stopped actors, and 4 active threads.
Waiting for actors to stop.
Sent output token with value 6.0
Called prefire()
Called fire()
Past the end of training data. Read and discard all inputs.
Next port to read input from is inputA
Called postfire()
Called prefire()
Checking for deadlock:
There are 3 Blocked actors, 0 Stopped actors, and 4 active threads.
Waiting for actors to stop.
Called fire()
Checking for deadlock:
There are 2 Blocked actors, 0 Stopped actors, and 4 active threads.
Waiting for actors to stop.
Called postfire()
Read input token from inputA with value 7.0
Called prefire()
Called fire()
Called prefire()
Checking for deadlock:
Called fire()
There are 2 Blocked actors, 0 Stopped actors, and 4 active threads.
Past the end of training data. Read and discard all inputs.
Sent output token with value 7.0
Waiting for actors to stop.
Checking for deadlock:
There are 3 Blocked actors, 0 Stopped actors, and 4 active threads.
Waiting for actors to stop.
Next port to read input from is inputA
Called postfire()
Called prefire()
Called fire()
Checking for deadlock:
There are 2 Blocked actors, 0 Stopped actors, and 4 active threads.
Waiting for actors to stop.
Read input token from inputA with value 8.0
-- Thread wrapup() called.
Called wrapup()
Thread .top.Ramp is exiting.
-- Thread stopped.
Sent output token with value 7.5
Checking for deadlock:
Called prefire()
Called fire()
There are 1 Blocked actors, 0 Stopped actors, and 3 active threads.
Waiting for actors to stop.
Past the end of training data. Read and discard all inputs.
Checking for deadlock:
There are 2 Blocked actors, 0 Stopped actors, and 3 active threads.
Waiting for actors to stop.
Next port to read input from is inputB
Called postfire()
Called prefire()
Called fire()
Called postfire()
Called prefire()
Called fire()
Checking for deadlock:
There are 2 Blocked actors, 0 Stopped actors, and 3 active threads.
Waiting for actors to stop.
Read input token from inputB with value 9.0
Checking for deadlock:
Sent output token with value 8.0
There are 1 Blocked actors, 0 Stopped actors, and 3 active threads.
Waiting for actors to stop.
Next port to read input from is inputA
Called postfire()
Called prefire()
Called fire()
Called prefire()
Called fire()
Past the end of training data. Read and discard all inputs.
Read input token from inputA with value 9.0
Checking for deadlock:
There are 2 Blocked actors, 0 Stopped actors, and 3 active threads.
Waiting for actors to stop.
Called prefire()
Sent output token with value 9.0
Checking for deadlock:
There are 1 Blocked actors, 0 Stopped actors, and 3 active threads.
Waiting for actors to stop.
Next port to read input from is inputB
Called postfire()
Called fire()
Called prefire()
Called fire()
Past the end of training data. Read and discard all inputs.
Called postfire()
Checking for deadlock:
Called prefire()
Called fire()
There are 1 Blocked actors, 0 Stopped actors, and 3 active threads.
Waiting for actors to stop.
Checking for deadlock:
There are 2 Blocked actors, 0 Stopped actors, and 3 active threads.
Read input token from inputB with value 10.5
Waiting for actors to stop.
Checking for deadlock:
There are 1 Blocked actors, 0 Stopped actors, and 3 active threads.
Waiting for actors to stop.
Sent output token with value 9.0
Called prefire()
Called fire()
Past the end of training data. Read and discard all inputs.
Next port to read input from is inputA
Called postfire()
Called prefire()
Checking for deadlock:
There are 2 Blocked actors, 0 Stopped actors, and 3 active threads.
Waiting for actors to stop.
Called fire()
Checking for deadlock:
There are 3 Blocked actors, 0 Stopped actors, and 3 active threads.
Actors have stopped.
Checking for deadlock:
There are 3 Blocked actors, 0 Stopped actors, and 3 active threads.
Deadlock detected.
Resolving Deadlock
Checking for deadlock:
There are 3 Blocked actors, 0 Stopped actors, and 3 active threads.
Artificial Deadlock - increasing queue capacity.
increasing the capacity of receiver ptolemy.actor.TypedIOPort {.top.OrderedMerge.inputB} to 2
Director: Called postfire().
Called postfire().
_stopRequested = false
_stopFireRequested = false
Returning from postfire(): true
Called fire().
Checking for deadlock:
There are 2 Blocked actors, 0 Stopped actors, and 3 active threads.
Waiting for actors to stop.
-- Thread wrapup() called.
Called wrapup()
Thread .top.Ramp2 is exiting.
-- Thread stopped.
Checking for deadlock:
There are 2 Blocked actors, 0 Stopped actors, and 2 active threads.
Actors have stopped.
Checking for deadlock:
There are 2 Blocked actors, 0 Stopped actors, and 2 active threads.
Deadlock detected.
Resolving Deadlock
Checking for deadlock:
There are 2 Blocked actors, 0 Stopped actors, and 2 active threads.
Deadlock detected: no processes blocked on write, but some are blocked on read.
Called postfire().
_stopRequested = false
_stopFireRequested = false
Returning from postfire(): false
Finished deactivating branches.
Called wrapup().
-- Thread wrapup() called.
Called wrapup()
-- Thread wrapup() called.
Called wrapup()
Thread .top.OrderedMerge is exiting.
-- Thread stopped.
-- Blocked Receiver call threw TerminateProcessException.
Thread .top.Test is exiting.
-- Thread stopped.
-- Blocked Receiver call threw TerminateProcessException.
33 ms. Memory: 129024K Free: 111078K (86%)
/home/travis/build/icyphy/ptII/ptolemy/actor/lib/test/Publisher.tcl
16 ms. Memory: 129024K Free: 104416K (81%)
6 ms. Memory: 129024K Free: 99272K (77%)
7 ms. Memory: 129024K Free: 95720K (74%)
3 ms. Memory: 129024K Free: 94696K (73%)
3 ms. Memory: 129024K Free: 93672K (73%)
15 ms. Memory: 129024K Free: 92648K (72%)
2 ms. Memory: 129024K Free: 92120K (71%)
3 ms. Memory: 129024K Free: 91110K (71%)
23 ms. Memory: 129024K Free: 102793K (80%)
7 ms. Memory: 129024K Free: 99193K (77%)
3 ms. Memory: 129024K Free: 98183K (76%)
6 ms. Memory: 129024K Free: 96129K (75%)
8 ms. Memory: 129024K Free: 88457K (69%)
15 ms. Memory: 129024K Free: 79241K (61%)
8 ms. Memory: 129024K Free: 67977K (53%)
/home/travis/build/icyphy/ptII/ptolemy/actor/lib/test/Pulse.tcl
3 ms. Memory: 160768K Free: 112784K (70%)
2 ms. Memory: 160768K Free: 111768K (70%)
1 ms. Memory: 160768K Free: 111264K (69%)
2 ms. Memory: 160768K Free: 110736K (69%)
1 ms. Memory: 160768K Free: 110240K (69%)
5 ms. Memory: 160768K Free: 109216K (68%)
3 ms. Memory: 160768K Free: 108192K (67%)
2 ms. Memory: 160768K Free: 107678K (67%)
1 ms. Memory: 160768K Free: 106640K (66%)
/home/travis/build/icyphy/ptII/ptolemy/actor/lib/test/Ramp.tcl
3 ms. Memory: 160768K Free: 105120K (65%)
1 ms. Memory: 160768K Free: 104096K (65%)
2 ms. Memory: 160768K Free: 103568K (64%)
2 ms. Memory: 160768K Free: 102544K (64%)
6 ms. Memory: 160768K Free: 102048K (63%)
8 ms. Memory: 160768K Free: 101024K (63%)
7 ms. Memory: 160768K Free: 100000K (62%)
5 actors
5000 microseconds per iteration to create
9 ms. Memory: 160768K Free: 97438K (61%)
3 ms. Memory: 160768K Free: 96928K (60%)
3 ms. Memory: 160768K Free: 95904K (60%)
2 ms. Memory: 160768K Free: 95390K (59%)
50 actors
47000 microseconds per iteration to create
24 ms. Memory: 160768K Free: 80030K (50%)
22 ms. Memory: 160768K Free: 142118K (88%)
5 ms. Memory: 160768K Free: 141007K (88%)
4 ms. Memory: 160768K Free: 140070K (87%)
500 actors
1611000 microseconds per iteration to create
258 ms. Memory: 160768K Free: 120612K (75%)
36 ms. Memory: 160768K Free: 115499K (72%)
38 ms. Memory: 160768K Free: 109869K (68%)
41 ms. Memory: 160768K Free: 104749K (65%)
/home/travis/build/icyphy/ptII/ptolemy/actor/lib/test/RampContinuous.tcl
6 ms. Memory: 160768K Free: 103196K (64%)
/home/travis/build/icyphy/ptII/ptolemy/actor/lib/test/RecordAssembler.tcl
4 ms. Memory: 160768K Free: 101677K (63%)
2 ms. Memory: 160768K Free: 100653K (63%)
/home/travis/build/icyphy/ptII/ptolemy/actor/lib/test/RecordDisassembler.tcl
6 ms. Memory: 160768K Free: 99100K (62%)
2 ms. Memory: 160768K Free: 98605K (61%)
3 ms. Memory: 160768K Free: 97067K (60%)
/home/travis/build/icyphy/ptII/ptolemy/actor/lib/test/Scale.tcl
2 ms. Memory: 160768K Free: 95004K (59%)
1 ms. Memory: 160768K Free: 94509K (59%)
1 ms. Memory: 160768K Free: 93485K (58%)
2 ms. Memory: 160768K Free: 92956K (58%)
2 ms. Memory: 160768K Free: 91947K (57%)
/home/travis/build/icyphy/ptII/ptolemy/actor/lib/test/SequentialClock.tcl
preinitializing
resolving types
initializing
executing number 1
wrapping up
idle
2 ms. Memory: 160768K Free: 90908K (57%)
Completed execution with 5 iterations
preinitializing
resolving types
initializing
executing number 1
wrapping up
idle
1 ms. Memory: 160768K Free: 90413K (56%)
Completed execution with 5 iterations
preinitializing
resolving types
initializing
executing number 1
wrapping up
idle
1 ms. Memory: 160768K Free: 89899K (56%)
Completed execution with 5 iterations
/home/travis/build/icyphy/ptII/ptolemy/actor/lib/test/SetVariable.tcl
4 ms. Memory: 160768K Free: 87844K (55%)
/home/travis/build/icyphy/ptII/ptolemy/actor/lib/test/Sinewave.tcl
/home/travis/build/icyphy/ptII/ptolemy/actor/lib/test/SubscriptionAggregator.tcl
9 ms. Memory: 160768K Free: 76587K (48%)
3 ms. Memory: 160768K Free: 75563K (47%)
1 ms. Memory: 160768K Free: 75053K (47%)
1 ms. Memory: 160768K Free: 75053K (47%)
4 ms. Memory: 160768K Free: 71436K (44%)
8 ms. Memory: 160768K Free: 68909K (43%)
...............................................................1010 ms. Memory: 276480K Free: 156892K (57%)
/home/travis/build/icyphy/ptII/ptolemy/actor/lib/test/Test.tcl
 The next command will produce a warning about training mode,
   which may be ignored.
7 ms. Memory: 276480K Free: 154844K (56%)
3 ms. Memory: 276480K Free: 154334K (56%)
2 ms. Memory: 276480K Free: 153310K (55%)
1 ms. Memory: 276480K Free: 152789K (55%)
3 ms. Memory: 276480K Free: 152286K (55%)
3 ms. Memory: 276480K Free: 151262K (55%)
3 ms. Memory: 276480K Free: 149709K (54%)
 The next command will produce a warning about training mode,
   which may be ignored.
6 ms. Memory: 276480K Free: 147661K (53%)
 The next command will produce a warning about training mode,
   which may be ignored.
2 ms. Memory: 276480K Free: 146142K (53%)
1 ms. Memory: 276480K Free: 145613K (53%)
1 ms. Memory: 276480K Free: 145118K (52%)
3 ms. Memory: 276480K Free: 144589K (52%)
7 ms. Memory: 276480K Free: 143580K (52%)
3 ms. Memory: 276480K Free: 139998K (51%)
/home/travis/build/icyphy/ptII/ptolemy/actor/lib/test/TestExceptionHandler.tcl
 The next command will produce a warning about training mode,
   which may be ignored.
3 ms. Memory: 276480K Free: 138974K (50%)
1 ms. Memory: 276480K Free: 138460K (50%)
1 ms. Memory: 276480K Free: 137950K (50%)
/home/travis/build/icyphy/ptII/ptolemy/actor/lib/test/UnionDisassembler.tcl
23 ms. Memory: 276480K Free: 130268K (47%)
/home/travis/build/icyphy/ptII/ptolemy/actor/lib/test/VariableClock.tcl
preinitializing
resolving types
initializing
executing number 1
wrapping up
idle
8 ms. Memory: 276480K Free: 128734K (47%)
Completed execution with 11 iterations
preinitializing
resolving types
initializing
executing number 1
wrapping up
idle
3 ms. Memory: 276480K Free: 127181K (46%)
Completed execution with 10 iterations
06/26/20 02:57:01
Failed: 0  Total Tests: 233  ((Passed: 233, Newly Passed: 0)  Known Failed: 0) /home/travis/build/icyphy/ptII/ptolemy/actor/lib/test
----------------- testing (KnownFailure) /home/travis/build/icyphy/ptII/ptolemy/actor/lib/test/auto/knownFailedTests/PublisherPortToplevelSubscriber.xml
1 ms. Memory: 276480K Free: 123614K (45%)
Known Failure: java.lang.reflect.InvocationTargetException
----------------- testing (KnownFailure) /home/travis/build/icyphy/ptII/ptolemy/actor/lib/test/auto/knownFailedTests/PublisherSubscriberPortToplevel.xml
1 ms. Memory: 276480K Free: 120028K (43%)
Known Failure: java.lang.reflect.InvocationTargetException
----------------- testing (KnownFailure) /home/travis/build/icyphy/ptII/ptolemy/actor/lib/test/auto/knownFailedTests/PublisherSubscriptionAggregatorPort.xml
1 ms. Memory: 276480K Free: 226980K (82%)
Known Failure: java.lang.reflect.InvocationTargetException
----------------- testing (KnownFailure) /home/travis/build/icyphy/ptII/ptolemy/actor/lib/test/auto/knownFailedTests/sizedarray3.xml
9 ms. Memory: 276480K Free: 222374K (80%)
Known Failure: java.lang.reflect.InvocationTargetException
No auto/linux-amd64/*.xml tests in /home/travis/build/icyphy/ptII/ptolemy/actor/lib/test
AutoTests.java: About to close Vertx.
AutoTests.java: Vertx closed.

===========================================================================================
----------------- testing Fri Jun 26 14:57:01 UTC 2020 /home/travis/build/icyphy/ptII/ptolemy/actor/lib/test/auto/AbsoluteValue.xml
----------------- Instantiating /home/travis/build/icyphy/ptII/ptolemy/actor/lib/test/auto/AbsoluteValue.xml
9 ms. Memory: 276480K Free: 199846K (72%)
----------------- Invoking toplevel() on ptolemy.moml.MoMLSimpleApplication@61aa52b
----------------- Done invoking toplevel() on ptolemy.moml.MoMLSimpleApplication@61aa52b
reloadAllAccessors: .AbsoluteValue

===========================================================================================
----------------- testing Fri Jun 26 14:57:01 UTC 2020 /home/travis/build/icyphy/ptII/ptolemy/actor/lib/test/auto/AbsoluteValue2.xml
----------------- Instantiating /home/travis/build/icyphy/ptII/ptolemy/actor/lib/test/auto/AbsoluteValue2.xml
11 ms. Memory: 276480K Free: 193188K (70%)
----------------- Invoking toplevel() on ptolemy.moml.MoMLSimpleApplication@1de1bf14
----------------- Done invoking toplevel() on ptolemy.moml.MoMLSimpleApplication@1de1bf14
reloadAllAccessors: .AbsoluteValue2

===========================================================================================
----------------- testing Fri Jun 26 14:57:01 UTC 2020 /home/travis/build/icyphy/ptII/ptolemy/actor/lib/test/auto/Accumulator.xml
----------------- Instantiating /home/travis/build/icyphy/ptII/ptolemy/actor/lib/test/auto/Accumulator.xml
6 ms. Memory: 276480K Free: 187044K (68%)
----------------- Invoking toplevel() on ptolemy.moml.MoMLSimpleApplication@6fa3ae9
----------------- Done invoking toplevel() on ptolemy.moml.MoMLSimpleApplication@6fa3ae9
reloadAllAccessors: .Accumulator

===========================================================================================
----------------- testing Fri Jun 26 14:57:01 UTC 2020 /home/travis/build/icyphy/ptII/ptolemy/actor/lib/test/auto/Accumulator2.xml
----------------- Instantiating /home/travis/build/icyphy/ptII/ptolemy/actor/lib/test/auto/Accumulator2.xml
7 ms. Memory: 276480K Free: 181414K (66%)
----------------- Invoking toplevel() on ptolemy.moml.MoMLSimpleApplication@4b374c55
----------------- Done invoking toplevel() on ptolemy.moml.MoMLSimpleApplication@4b374c55
reloadAllAccessors: .Accumulator2

===========================================================================================
----------------- testing Fri Jun 26 14:57:01 UTC 2020 /home/travis/build/icyphy/ptII/ptolemy/actor/lib/test/auto/Accumulator3.xml
----------------- Instantiating /home/travis/build/icyphy/ptII/ptolemy/actor/lib/test/auto/Accumulator3.xml
5 ms. Memory: 276480K Free: 177318K (64%)
----------------- Invoking toplevel() on ptolemy.moml.MoMLSimpleApplication@689d2d6d
----------------- Done invoking toplevel() on ptolemy.moml.MoMLSimpleApplication@689d2d6d
reloadAllAccessors: .Accumulator3

===========================================================================================
----------------- testing Fri Jun 26 14:57:01 UTC 2020 /home/travis/build/icyphy/ptII/ptolemy/actor/lib/test/auto/ArrayAppend.xml
----------------- Instantiating /home/travis/build/icyphy/ptII/ptolemy/actor/lib/test/auto/ArrayAppend.xml
4 ms. Memory: 276480K Free: 171174K (62%)
----------------- Invoking toplevel() on ptolemy.moml.MoMLSimpleApplication@719a6452
----------------- Done invoking toplevel() on ptolemy.moml.MoMLSimpleApplication@719a6452
reloadAllAccessors: .ArrayAppend

===========================================================================================
----------------- testing Fri Jun 26 14:57:01 UTC 2020 /home/travis/build/icyphy/ptII/ptolemy/actor/lib/test/auto/ArrayAppend2.xml
----------------- Instantiating /home/travis/build/icyphy/ptII/ptolemy/actor/lib/test/auto/ArrayAppend2.xml
287 ms. Memory: 276480K Free: 104100K (38%)
----------------- Invoking toplevel() on ptolemy.moml.MoMLSimpleApplication@6f6dd470
----------------- Done invoking toplevel() on ptolemy.moml.MoMLSimpleApplication@6f6dd470
reloadAllAccessors: .ArrayAppend2

===========================================================================================
----------------- testing Fri Jun 26 14:57:02 UTC 2020 /home/travis/build/icyphy/ptII/ptolemy/actor/lib/test/auto/ArrayAppend3.xml
----------------- Instantiating /home/travis/build/icyphy/ptII/ptolemy/actor/lib/test/auto/ArrayAppend3.xml
4 ms. Memory: 276480K Free: 98980K (36%)
----------------- Invoking toplevel() on ptolemy.moml.MoMLSimpleApplication@688e7c73
----------------- Done invoking toplevel() on ptolemy.moml.MoMLSimpleApplication@688e7c73
reloadAllAccessors: .ArrayAppend3

===========================================================================================
----------------- testing Fri Jun 26 14:57:02 UTC 2020 /home/travis/build/icyphy/ptII/ptolemy/actor/lib/test/auto/ArrayAppend4.xml
----------------- Instantiating /home/travis/build/icyphy/ptII/ptolemy/actor/lib/test/auto/ArrayAppend4.xml
2 ms. Memory: 276480K Free: 93860K (34%)
----------------- Invoking toplevel() on ptolemy.moml.MoMLSimpleApplication@78f04aa4
----------------- Done invoking toplevel() on ptolemy.moml.MoMLSimpleApplication@78f04aa4
reloadAllAccessors: .ArrayAppend4

===========================================================================================
----------------- testing Fri Jun 26 14:57:02 UTC 2020 /home/travis/build/icyphy/ptII/ptolemy/actor/lib/test/auto/ArrayAppend5.xml
----------------- Instantiating /home/travis/build/icyphy/ptII/ptolemy/actor/lib/test/auto/ArrayAppend5.xml
2 ms. Memory: 276480K Free: 88740K (32%)
----------------- Invoking toplevel() on ptolemy.moml.MoMLSimpleApplication@367e9ba3
----------------- Done invoking toplevel() on ptolemy.moml.MoMLSimpleApplication@367e9ba3
reloadAllAccessors: .ArrayAppend5

===========================================================================================
----------------- testing Fri Jun 26 14:57:02 UTC 2020 /home/travis/build/icyphy/ptII/ptolemy/actor/lib/test/auto/ArrayAppend6.xml
----------------- Instantiating /home/travis/build/icyphy/ptII/ptolemy/actor/lib/test/auto/ArrayAppend6.xml
1 ms. Memory: 276480K Free: 83110K (30%)
----------------- Invoking toplevel() on ptolemy.moml.MoMLSimpleApplication@7bcab4b5
----------------- Done invoking toplevel() on ptolemy.moml.MoMLSimpleApplication@7bcab4b5
reloadAllAccessors: .ArrayAppend6

===========================================================================================
----------------- testing Fri Jun 26 14:57:02 UTC 2020 /home/travis/build/icyphy/ptII/ptolemy/actor/lib/test/auto/ArrayAppendPerformanceTest.xml
----------------- Instantiating /home/travis/build/icyphy/ptII/ptolemy/actor/lib/test/auto/ArrayAppendPerformanceTest.xml
35 ms. Memory: 276480K Free: 220160K (80%)
----------------- Invoking toplevel() on ptolemy.moml.MoMLSimpleApplication@58dad4a1
----------------- Done invoking toplevel() on ptolemy.moml.MoMLSimpleApplication@58dad4a1
reloadAllAccessors: .ArrayAppendPerformanceTest

===========================================================================================
----------------- testing Fri Jun 26 14:57:02 UTC 2020 /home/travis/build/icyphy/ptII/ptolemy/actor/lib/test/auto/ArrayAppendWithEmptyInput.xml
----------------- Instantiating /home/travis/build/icyphy/ptII/ptolemy/actor/lib/test/auto/ArrayAppendWithEmptyInput.xml
16 ms. Memory: 276480K Free: 211968K (77%)
----------------- Invoking toplevel() on ptolemy.moml.MoMLSimpleApplication@270f0925
----------------- Done invoking toplevel() on ptolemy.moml.MoMLSimpleApplication@270f0925
reloadAllAccessors: .ArrayAppendWithEmptyInput

===========================================================================================
----------------- testing Fri Jun 26 14:57:02 UTC 2020 /home/travis/build/icyphy/ptII/ptolemy/actor/lib/test/auto/ArrayAverage.xml
----------------- Instantiating /home/travis/build/icyphy/ptII/ptolemy/actor/lib/test/auto/ArrayAverage.xml
22 ms. Memory: 276480K Free: 204800K (74%)
----------------- Invoking toplevel() on ptolemy.moml.MoMLSimpleApplication@7e22fe4b
----------------- Done invoking toplevel() on ptolemy.moml.MoMLSimpleApplication@7e22fe4b
reloadAllAccessors: .ArrayAverage

===========================================================================================
----------------- testing Fri Jun 26 14:57:02 UTC 2020 /home/travis/build/icyphy/ptII/ptolemy/actor/lib/test/auto/ArrayContains.xml
----------------- Instantiating /home/travis/build/icyphy/ptII/ptolemy/actor/lib/test/auto/ArrayContains.xml
8 ms. Memory: 276480K Free: 198656K (72%)
----------------- Invoking toplevel() on ptolemy.moml.MoMLSimpleApplication@7f14fccf
----------------- Done invoking toplevel() on ptolemy.moml.MoMLSimpleApplication@7f14fccf
reloadAllAccessors: .ArrayContains

===========================================================================================
----------------- testing Fri Jun 26 14:57:02 UTC 2020 /home/travis/build/icyphy/ptII/ptolemy/actor/lib/test/auto/ArrayElement.xml
----------------- Instantiating /home/travis/build/icyphy/ptII/ptolemy/actor/lib/test/auto/ArrayElement.xml
4 ms. Memory: 276480K Free: 193022K (70%)
----------------- Invoking toplevel() on ptolemy.moml.MoMLSimpleApplication@4a859bb1
----------------- Done invoking toplevel() on ptolemy.moml.MoMLSimpleApplication@4a859bb1
reloadAllAccessors: .ArrayElement

===========================================================================================
----------------- testing Fri Jun 26 14:57:02 UTC 2020 /home/travis/build/icyphy/ptII/ptolemy/actor/lib/test/auto/ArrayElementAsMatrix.xml
----------------- Instantiating /home/travis/build/icyphy/ptII/ptolemy/actor/lib/test/auto/ArrayElementAsMatrix.xml
12 ms. Memory: 276480K Free: 182782K (66%)
----------------- Invoking toplevel() on ptolemy.moml.MoMLSimpleApplication@38eea195
----------------- Done invoking toplevel() on ptolemy.moml.MoMLSimpleApplication@38eea195
reloadAllAccessors: .ArrayElementAsMatrix

===========================================================================================
----------------- testing Fri Jun 26 14:57:02 UTC 2020 /home/travis/build/icyphy/ptII/ptolemy/actor/lib/test/auto/ArrayElementI.xml
----------------- Instantiating /home/travis/build/icyphy/ptII/ptolemy/actor/lib/test/auto/ArrayElementI.xml
4 ms. Memory: 276480K Free: 177662K (64%)
----------------- Invoking toplevel() on ptolemy.moml.MoMLSimpleApplication@55d2f2ed
----------------- Done invoking toplevel() on ptolemy.moml.MoMLSimpleApplication@55d2f2ed
reloadAllAccessors: .ArrayElementI

===========================================================================================
----------------- testing Fri Jun 26 14:57:02 UTC 2020 /home/travis/build/icyphy/ptII/ptolemy/actor/lib/test/auto/ArrayExtract.xml
----------------- Instantiating /home/travis/build/icyphy/ptII/ptolemy/actor/lib/test/auto/ArrayExtract.xml
5 ms. Memory: 276480K Free: 168960K (61%)
----------------- Invoking toplevel() on ptolemy.moml.MoMLSimpleApplication@2694262
----------------- Done invoking toplevel() on ptolemy.moml.MoMLSimpleApplication@2694262
reloadAllAccessors: .ArrayExtract

===========================================================================================
----------------- testing Fri Jun 26 14:57:02 UTC 2020 /home/travis/build/icyphy/ptII/ptolemy/actor/lib/test/auto/ArrayExtract2.xml
----------------- Instantiating /home/travis/build/icyphy/ptII/ptolemy/actor/lib/test/auto/ArrayExtract2.xml
3 ms. Memory: 276480K Free: 164350K (59%)
----------------- Invoking toplevel() on ptolemy.moml.MoMLSimpleApplication@7d36b5a9
----------------- Done invoking toplevel() on ptolemy.moml.MoMLSimpleApplication@7d36b5a9
reloadAllAccessors: .ArrayExtract2

===========================================================================================
----------------- testing Fri Jun 26 14:57:02 UTC 2020 /home/travis/build/icyphy/ptII/ptolemy/actor/lib/test/auto/ArrayLength.xml
----------------- Instantiating /home/travis/build/icyphy/ptII/ptolemy/actor/lib/test/auto/ArrayLength.xml
2 ms. Memory: 276480K Free: 160254K (58%)
----------------- Invoking toplevel() on ptolemy.moml.MoMLSimpleApplication@245c0fea
----------------- Done invoking toplevel() on ptolemy.moml.MoMLSimpleApplication@245c0fea
reloadAllAccessors: .ArrayLength

===========================================================================================
----------------- testing Fri Jun 26 14:57:02 UTC 2020 /home/travis/build/icyphy/ptII/ptolemy/actor/lib/test/auto/ArrayLevelCrossing.xml
----------------- Instantiating /home/travis/build/icyphy/ptII/ptolemy/actor/lib/test/auto/ArrayLevelCrossing.xml
3 ms. Memory: 276480K Free: 152576K (55%)
----------------- Invoking toplevel() on ptolemy.moml.MoMLSimpleApplication@1a08aa57
----------------- Done invoking toplevel() on ptolemy.moml.MoMLSimpleApplication@1a08aa57
reloadAllAccessors: .ArrayLevelCrossing

===========================================================================================
----------------- testing Fri Jun 26 14:57:02 UTC 2020 /home/travis/build/icyphy/ptII/ptolemy/actor/lib/test/auto/ArrayLevelCrossing2.xml
----------------- Instantiating /home/travis/build/icyphy/ptII/ptolemy/actor/lib/test/auto/ArrayLevelCrossing2.xml
4 ms. Memory: 276480K Free: 145408K (53%)
----------------- Invoking toplevel() on ptolemy.moml.MoMLSimpleApplication@6e1a7118
----------------- Done invoking toplevel() on ptolemy.moml.MoMLSimpleApplication@6e1a7118
reloadAllAccessors: .ArrayLevelCrossing2

===========================================================================================
----------------- testing Fri Jun 26 14:57:02 UTC 2020 /home/travis/build/icyphy/ptII/ptolemy/actor/lib/test/auto/ArrayPeakSearch.xml
----------------- Instantiating /home/travis/build/icyphy/ptII/ptolemy/actor/lib/test/auto/ArrayPeakSearch.xml
4 ms. Memory: 276480K Free: 136192K (49%)
----------------- Invoking toplevel() on ptolemy.moml.MoMLSimpleApplication@7ae7e89d
----------------- Done invoking toplevel() on ptolemy.moml.MoMLSimpleApplication@7ae7e89d
reloadAllAccessors: .ArrayPeakSearch

===========================================================================================
----------------- testing Fri Jun 26 14:57:02 UTC 2020 /home/travis/build/icyphy/ptII/ptolemy/actor/lib/test/auto/ArrayPeakSearch2.xml
----------------- Instantiating /home/travis/build/icyphy/ptII/ptolemy/actor/lib/test/auto/ArrayPeakSearch2.xml
4 ms. Memory: 276480K Free: 125952K (46%)
----------------- Invoking toplevel() on ptolemy.moml.MoMLSimpleApplication@2345967e
----------------- Done invoking toplevel() on ptolemy.moml.MoMLSimpleApplication@2345967e
reloadAllAccessors: .ArrayPeakSearch2

===========================================================================================
----------------- testing Fri Jun 26 14:57:02 UTC 2020 /home/travis/build/icyphy/ptII/ptolemy/actor/lib/test/auto/ArrayPeakSearch3.xml
----------------- Instantiating /home/travis/build/icyphy/ptII/ptolemy/actor/lib/test/auto/ArrayPeakSearch3.xml
4 ms. Memory: 276480K Free: 116736K (42%)
----------------- Invoking toplevel() on ptolemy.moml.MoMLSimpleApplication@52c68bbe
----------------- Done invoking toplevel() on ptolemy.moml.MoMLSimpleApplication@52c68bbe
reloadAllAccessors: .ArrayPeakSearch3

===========================================================================================
----------------- testing Fri Jun 26 14:57:03 UTC 2020 /home/travis/build/icyphy/ptII/ptolemy/actor/lib/test/auto/ArrayRemoveElement.xml
----------------- Instantiating /home/travis/build/icyphy/ptII/ptolemy/actor/lib/test/auto/ArrayRemoveElement.xml
4 ms. Memory: 276480K Free: 109054K (39%)
----------------- Invoking toplevel() on ptolemy.moml.MoMLSimpleApplication@61678555
----------------- Done invoking toplevel() on ptolemy.moml.MoMLSimpleApplication@61678555
reloadAllAccessors: .ArrayRemoveElement

===========================================================================================
----------------- testing Fri Jun 26 14:57:03 UTC 2020 /home/travis/build/icyphy/ptII/ptolemy/actor/lib/test/auto/ArraySort.xml
----------------- Instantiating /home/travis/build/icyphy/ptII/ptolemy/actor/lib/test/auto/ArraySort.xml
11 ms. Memory: 276480K Free: 99838K (36%)
----------------- Invoking toplevel() on ptolemy.moml.MoMLSimpleApplication@2e510bde
----------------- Done invoking toplevel() on ptolemy.moml.MoMLSimpleApplication@2e510bde
reloadAllAccessors: .ArraySort

===========================================================================================
----------------- testing Fri Jun 26 14:57:03 UTC 2020 /home/travis/build/icyphy/ptII/ptolemy/actor/lib/test/auto/ArraySum.xml
----------------- Instantiating /home/travis/build/icyphy/ptII/ptolemy/actor/lib/test/auto/ArraySum.xml
3 ms. Memory: 276480K Free: 94718K (34%)
----------------- Invoking toplevel() on ptolemy.moml.MoMLSimpleApplication@5fd3ffb4
----------------- Done invoking toplevel() on ptolemy.moml.MoMLSimpleApplication@5fd3ffb4
reloadAllAccessors: .ArraySum

===========================================================================================
----------------- testing Fri Jun 26 14:57:03 UTC 2020 /home/travis/build/icyphy/ptII/ptolemy/actor/lib/test/auto/ArrayToElements.xml
----------------- Instantiating /home/travis/build/icyphy/ptII/ptolemy/actor/lib/test/auto/ArrayToElements.xml
9 ms. Memory: 276480K Free: 89088K (32%)
----------------- Invoking toplevel() on ptolemy.moml.MoMLSimpleApplication@1dae0465
----------------- Done invoking toplevel() on ptolemy.moml.MoMLSimpleApplication@1dae0465
reloadAllAccessors: .ArrayToElements

===========================================================================================
----------------- testing Fri Jun 26 14:57:03 UTC 2020 /home/travis/build/icyphy/ptII/ptolemy/actor/lib/test/auto/ArrayToMatrix.xml
----------------- Instantiating /home/travis/build/icyphy/ptII/ptolemy/actor/lib/test/auto/ArrayToMatrix.xml
9 ms. Memory: 276480K Free: 74752K (27%)
----------------- Invoking toplevel() on ptolemy.moml.MoMLSimpleApplication@487b04d6
----------------- Done invoking toplevel() on ptolemy.moml.MoMLSimpleApplication@487b04d6
reloadAllAccessors: .ArrayToMatrix

===========================================================================================
----------------- testing Fri Jun 26 14:57:03 UTC 2020 /home/travis/build/icyphy/ptII/ptolemy/actor/lib/test/auto/ArrayUpdate1.xml
----------------- Instantiating /home/travis/build/icyphy/ptII/ptolemy/actor/lib/test/auto/ArrayUpdate1.xml
4 ms. Memory: 276480K Free: 225412K (82%)
----------------- Invoking toplevel() on ptolemy.moml.MoMLSimpleApplication@790850f6
----------------- Done invoking toplevel() on ptolemy.moml.MoMLSimpleApplication@790850f6
reloadAllAccessors: .ArrayUpdate1

===========================================================================================
----------------- testing Fri Jun 26 14:57:03 UTC 2020 /home/travis/build/icyphy/ptII/ptolemy/actor/lib/test/auto/ArrayUpdate2.xml
----------------- Instantiating /home/travis/build/icyphy/ptII/ptolemy/actor/lib/test/auto/ArrayUpdate2.xml
18 ms. Memory: 276480K Free: 218740K (79%)
----------------- Invoking toplevel() on ptolemy.moml.MoMLSimpleApplication@28dff01f
----------------- Done invoking toplevel() on ptolemy.moml.MoMLSimpleApplication@28dff01f
reloadAllAccessors: .ArrayUpdate2

===========================================================================================
----------------- testing Fri Jun 26 14:57:03 UTC 2020 /home/travis/build/icyphy/ptII/ptolemy/actor/lib/test/auto/ArrayUpdate3.xml
----------------- Instantiating /home/travis/build/icyphy/ptII/ptolemy/actor/lib/test/auto/ArrayUpdate3.xml
5 ms. Memory: 276480K Free: 213634K (77%)
----------------- Invoking toplevel() on ptolemy.moml.MoMLSimpleApplication@18b74e36
----------------- Done invoking toplevel() on ptolemy.moml.MoMLSimpleApplication@18b74e36
reloadAllAccessors: .ArrayUpdate3

===========================================================================================
----------------- testing Fri Jun 26 14:57:03 UTC 2020 /home/travis/build/icyphy/ptII/ptolemy/actor/lib/test/auto/Assert1.xml
----------------- Instantiating /home/travis/build/icyphy/ptII/ptolemy/actor/lib/test/auto/Assert1.xml
3 ms. Memory: 276480K Free: 209538K (76%)
----------------- Invoking toplevel() on ptolemy.moml.MoMLSimpleApplication@77baffda
----------------- Done invoking toplevel() on ptolemy.moml.MoMLSimpleApplication@77baffda
reloadAllAccessors: .Assert1

===========================================================================================
----------------- testing Fri Jun 26 14:57:03 UTC 2020 /home/travis/build/icyphy/ptII/ptolemy/actor/lib/test/auto/Assert2.xml
----------------- Instantiating /home/travis/build/icyphy/ptII/ptolemy/actor/lib/test/auto/Assert2.xml
2 ms. Memory: 276480K Free: 204418K (74%)
----------------- Invoking toplevel() on ptolemy.moml.MoMLSimpleApplication@26077e
----------------- Done invoking toplevel() on ptolemy.moml.MoMLSimpleApplication@26077e
reloadAllAccessors: .Assert2

===========================================================================================
----------------- testing Fri Jun 26 14:57:03 UTC 2020 /home/travis/build/icyphy/ptII/ptolemy/actor/lib/test/auto/BooleanMultiplexor.xml
----------------- Instantiating /home/travis/build/icyphy/ptII/ptolemy/actor/lib/test/auto/BooleanMultiplexor.xml
2 ms. Memory: 276480K Free: 199284K (72%)
----------------- Invoking toplevel() on ptolemy.moml.MoMLSimpleApplication@79f9b9a9
----------------- Done invoking toplevel() on ptolemy.moml.MoMLSimpleApplication@79f9b9a9
reloadAllAccessors: .BooleanMultiplexor

===========================================================================================
----------------- testing Fri Jun 26 14:57:03 UTC 2020 /home/travis/build/icyphy/ptII/ptolemy/actor/lib/test/auto/BooleanMultiplexor2.xml
----------------- Instantiating /home/travis/build/icyphy/ptII/ptolemy/actor/lib/test/auto/BooleanMultiplexor2.xml
12 ms. Memory: 276480K Free: 192644K (70%)
----------------- Invoking toplevel() on ptolemy.moml.MoMLSimpleApplication@7825f358
----------------- Done invoking toplevel() on ptolemy.moml.MoMLSimpleApplication@7825f358
reloadAllAccessors: .BooleanMultiplexor2

===========================================================================================
----------------- testing Fri Jun 26 14:57:03 UTC 2020 /home/travis/build/icyphy/ptII/ptolemy/actor/lib/test/auto/BooleanMultiplexor3.xml
----------------- Instantiating /home/travis/build/icyphy/ptII/ptolemy/actor/lib/test/auto/BooleanMultiplexor3.xml
2 ms. Memory: 276480K Free: 189058K (68%)
----------------- Invoking toplevel() on ptolemy.moml.MoMLSimpleApplication@47b208ec
----------------- Done invoking toplevel() on ptolemy.moml.MoMLSimpleApplication@47b208ec
reloadAllAccessors: .BooleanMultiplexor3

===========================================================================================
----------------- testing Fri Jun 26 14:57:03 UTC 2020 /home/travis/build/icyphy/ptII/ptolemy/actor/lib/test/auto/BooleanSelect.xml
----------------- Instantiating /home/travis/build/icyphy/ptII/ptolemy/actor/lib/test/auto/BooleanSelect.xml
3 ms. Memory: 276480K Free: 182900K (66%)
----------------- Invoking toplevel() on ptolemy.moml.MoMLSimpleApplication@25846674
----------------- Done invoking toplevel() on ptolemy.moml.MoMLSimpleApplication@25846674
reloadAllAccessors: .BooleanSelect

===========================================================================================
----------------- testing Fri Jun 26 14:57:03 UTC 2020 /home/travis/build/icyphy/ptII/ptolemy/actor/lib/test/auto/BooleanSelect2.xml
----------------- Instantiating /home/travis/build/icyphy/ptII/ptolemy/actor/lib/test/auto/BooleanSelect2.xml
2 ms. Memory: 276480K Free: 178818K (65%)
----------------- Invoking toplevel() on ptolemy.moml.MoMLSimpleApplication@7ef7a61c
----------------- Done invoking toplevel() on ptolemy.moml.MoMLSimpleApplication@7ef7a61c
reloadAllAccessors: .BooleanSelect2

===========================================================================================
----------------- testing Fri Jun 26 14:57:03 UTC 2020 /home/travis/build/icyphy/ptII/ptolemy/actor/lib/test/auto/BooleanSwitch.xml
----------------- Instantiating /home/travis/build/icyphy/ptII/ptolemy/actor/lib/test/auto/BooleanSwitch.xml
8 ms. Memory: 276480K Free: 172674K (62%)
----------------- Invoking toplevel() on ptolemy.moml.MoMLSimpleApplication@150f1a4b
----------------- Done invoking toplevel() on ptolemy.moml.MoMLSimpleApplication@150f1a4b
reloadAllAccessors: .BooleanSwitch

===========================================================================================
----------------- testing Fri Jun 26 14:57:03 UTC 2020 /home/travis/build/icyphy/ptII/ptolemy/actor/lib/test/auto/BooleanSwitch2.xml
----------------- Instantiating /home/travis/build/icyphy/ptII/ptolemy/actor/lib/test/auto/BooleanSwitch2.xml
2 ms. Memory: 276480K Free: 168578K (61%)
----------------- Invoking toplevel() on ptolemy.moml.MoMLSimpleApplication@3b1912f2
----------------- Done invoking toplevel() on ptolemy.moml.MoMLSimpleApplication@3b1912f2
reloadAllAccessors: .BooleanSwitch2

===========================================================================================
----------------- testing Fri Jun 26 14:57:03 UTC 2020 /home/travis/build/icyphy/ptII/ptolemy/actor/lib/test/auto/BooleanSwitchCloningBugWithClassRelationGroup.xml
----------------- Instantiating /home/travis/build/icyphy/ptII/ptolemy/actor/lib/test/auto/BooleanSwitchCloningBugWithClassRelationGroup.xml
4 ms. Memory: 276480K Free: 161924K (59%)
----------------- Invoking toplevel() on ptolemy.moml.MoMLSimpleApplication@31c01293
----------------- Done invoking toplevel() on ptolemy.moml.MoMLSimpleApplication@31c01293
reloadAllAccessors: .BooleanSwitchCloningBugWithClassRelationGroup

===========================================================================================
----------------- testing Fri Jun 26 14:57:03 UTC 2020 /home/travis/build/icyphy/ptII/ptolemy/actor/lib/test/auto/BusActors.xml
----------------- Instantiating /home/travis/build/icyphy/ptII/ptolemy/actor/lib/test/auto/BusActors.xml
8 ms. Memory: 276480K Free: 154242K (56%)
----------------- Invoking toplevel() on ptolemy.moml.MoMLSimpleApplication@592e76c2
----------------- Done invoking toplevel() on ptolemy.moml.MoMLSimpleApplication@592e76c2
reloadAllAccessors: .BusActors

===========================================================================================
----------------- testing Fri Jun 26 14:57:03 UTC 2020 /home/travis/build/icyphy/ptII/ptolemy/actor/lib/test/auto/ClassWrapper.xml
----------------- Instantiating /home/travis/build/icyphy/ptII/ptolemy/actor/lib/test/auto/ClassWrapper.xml
3 ms. Memory: 276480K Free: 149636K (54%)
----------------- Invoking toplevel() on ptolemy.moml.MoMLSimpleApplication@3bd85e07
----------------- Done invoking toplevel() on ptolemy.moml.MoMLSimpleApplication@3bd85e07
reloadAllAccessors: .ClassWrapper

===========================================================================================
----------------- testing Fri Jun 26 14:57:03 UTC 2020 /home/travis/build/icyphy/ptII/ptolemy/actor/lib/test/auto/Clock.xml
----------------- Instantiating /home/travis/build/icyphy/ptII/ptolemy/actor/lib/test/auto/Clock.xml
3 ms. Memory: 276480K Free: 146050K (53%)
----------------- Invoking toplevel() on ptolemy.moml.MoMLSimpleApplication@390e550d
----------------- Done invoking toplevel() on ptolemy.moml.MoMLSimpleApplication@390e550d
reloadAllAccessors: .Clock

===========================================================================================
----------------- testing Fri Jun 26 14:57:03 UTC 2020 /home/travis/build/icyphy/ptII/ptolemy/actor/lib/test/auto/Clock10.xml
----------------- Instantiating /home/travis/build/icyphy/ptII/ptolemy/actor/lib/test/auto/Clock10.xml
4 ms. Memory: 276480K Free: 139906K (51%)
----------------- Invoking toplevel() on ptolemy.moml.MoMLSimpleApplication@b432b46
----------------- Done invoking toplevel() on ptolemy.moml.MoMLSimpleApplication@b432b46
reloadAllAccessors: .Clock10

===========================================================================================
----------------- testing Fri Jun 26 14:57:03 UTC 2020 /home/travis/build/icyphy/ptII/ptolemy/actor/lib/test/auto/Clock11.xml
----------------- Instantiating /home/travis/build/icyphy/ptII/ptolemy/actor/lib/test/auto/Clock11.xml
5 ms. Memory: 276480K Free: 134276K (49%)
----------------- Invoking toplevel() on ptolemy.moml.MoMLSimpleApplication@7bb2290e
----------------- Done invoking toplevel() on ptolemy.moml.MoMLSimpleApplication@7bb2290e
reloadAllAccessors: .Clock11

===========================================================================================
----------------- testing Fri Jun 26 14:57:03 UTC 2020 /home/travis/build/icyphy/ptII/ptolemy/actor/lib/test/auto/Clock12.xml
----------------- Instantiating /home/travis/build/icyphy/ptII/ptolemy/actor/lib/test/auto/Clock12.xml
4 ms. Memory: 276480K Free: 128132K (46%)
----------------- Invoking toplevel() on ptolemy.moml.MoMLSimpleApplication@3a321529
----------------- Done invoking toplevel() on ptolemy.moml.MoMLSimpleApplication@3a321529
reloadAllAccessors: .Clock12

===========================================================================================
----------------- testing Fri Jun 26 14:57:03 UTC 2020 /home/travis/build/icyphy/ptII/ptolemy/actor/lib/test/auto/Clock13.xml
----------------- Instantiating /home/travis/build/icyphy/ptII/ptolemy/actor/lib/test/auto/Clock13.xml
6 ms. Memory: 276480K Free: 122492K (44%)
----------------- Invoking toplevel() on ptolemy.moml.MoMLSimpleApplication@517ff91b
----------------- Done invoking toplevel() on ptolemy.moml.MoMLSimpleApplication@517ff91b
reloadAllAccessors: .Clock13

===========================================================================================
----------------- testing Fri Jun 26 14:57:03 UTC 2020 /home/travis/build/icyphy/ptII/ptolemy/actor/lib/test/auto/Clock14.xml
----------------- Instantiating /home/travis/build/icyphy/ptII/ptolemy/actor/lib/test/auto/Clock14.xml
5 ms. Memory: 276480K Free: 116324K (42%)
----------------- Invoking toplevel() on ptolemy.moml.MoMLSimpleApplication@3b4083c0
----------------- Done invoking toplevel() on ptolemy.moml.MoMLSimpleApplication@3b4083c0
reloadAllAccessors: .Clock14

===========================================================================================
----------------- testing Fri Jun 26 14:57:03 UTC 2020 /home/travis/build/icyphy/ptII/ptolemy/actor/lib/test/auto/Clock15.xml
----------------- Instantiating /home/travis/build/icyphy/ptII/ptolemy/actor/lib/test/auto/Clock15.xml
5 ms. Memory: 276480K Free: 110204K (40%)
----------------- Invoking toplevel() on ptolemy.moml.MoMLSimpleApplication@48296cc7
----------------- Done invoking toplevel() on ptolemy.moml.MoMLSimpleApplication@48296cc7
reloadAllAccessors: .Clock15

===========================================================================================
----------------- testing Fri Jun 26 14:57:03 UTC 2020 /home/travis/build/icyphy/ptII/ptolemy/actor/lib/test/auto/Clock16.xml
----------------- Instantiating /home/travis/build/icyphy/ptII/ptolemy/actor/lib/test/auto/Clock16.xml
33 ms. Memory: 276480K Free: 95868K (35%)
----------------- Invoking toplevel() on ptolemy.moml.MoMLSimpleApplication@18c3a5d8
----------------- Done invoking toplevel() on ptolemy.moml.MoMLSimpleApplication@18c3a5d8
reloadAllAccessors: .Clock16

===========================================================================================
----------------- testing Fri Jun 26 14:57:03 UTC 2020 /home/travis/build/icyphy/ptII/ptolemy/actor/lib/test/auto/Clock17.xml
----------------- Instantiating /home/travis/build/icyphy/ptII/ptolemy/actor/lib/test/auto/Clock17.xml
27 ms. Memory: 276480K Free: 81524K (29%)
----------------- Invoking toplevel() on ptolemy.moml.MoMLSimpleApplication@5ba5007e
----------------- Done invoking toplevel() on ptolemy.moml.MoMLSimpleApplication@5ba5007e
reloadAllAccessors: .Clock17

===========================================================================================
----------------- testing Fri Jun 26 14:57:04 UTC 2020 /home/travis/build/icyphy/ptII/ptolemy/actor/lib/test/auto/Clock18.xml
----------------- Instantiating /home/travis/build/icyphy/ptII/ptolemy/actor/lib/test/auto/Clock18.xml
13 ms. Memory: 276480K Free: 68212K (25%)
----------------- Invoking toplevel() on ptolemy.moml.MoMLSimpleApplication@2a198b7b
----------------- Done invoking toplevel() on ptolemy.moml.MoMLSimpleApplication@2a198b7b
reloadAllAccessors: .Clock18

===========================================================================================
----------------- testing Fri Jun 26 14:57:04 UTC 2020 /home/travis/build/icyphy/ptII/ptolemy/actor/lib/test/auto/Clock19.xml
----------------- Instantiating /home/travis/build/icyphy/ptII/ptolemy/actor/lib/test/auto/Clock19.xml
16 ms. Memory: 458752K Free: 400894K (87%)
----------------- Invoking toplevel() on ptolemy.moml.MoMLSimpleApplication@79e1358e
----------------- Done invoking toplevel() on ptolemy.moml.MoMLSimpleApplication@79e1358e
reloadAllAccessors: .Clock19

===========================================================================================
----------------- testing Fri Jun 26 14:57:04 UTC 2020 /home/travis/build/icyphy/ptII/ptolemy/actor/lib/test/auto/Clock2.xml
----------------- Instantiating /home/travis/build/icyphy/ptII/ptolemy/actor/lib/test/auto/Clock2.xml
5 ms. Memory: 458752K Free: 395744K (86%)
----------------- Invoking toplevel() on ptolemy.moml.MoMLSimpleApplication@1a7b167d
----------------- Done invoking toplevel() on ptolemy.moml.MoMLSimpleApplication@1a7b167d
reloadAllAccessors: .Clock2

===========================================================================================
----------------- testing Fri Jun 26 14:57:04 UTC 2020 /home/travis/build/icyphy/ptII/ptolemy/actor/lib/test/auto/Clock20.xml
----------------- Instantiating /home/travis/build/icyphy/ptII/ptolemy/actor/lib/test/auto/Clock20.xml
7 ms. Memory: 458752K Free: 390144K (85%)
----------------- Invoking toplevel() on ptolemy.moml.MoMLSimpleApplication@212988a4
----------------- Done invoking toplevel() on ptolemy.moml.MoMLSimpleApplication@212988a4
reloadAllAccessors: .Clock20

===========================================================================================
----------------- testing Fri Jun 26 14:57:04 UTC 2020 /home/travis/build/icyphy/ptII/ptolemy/actor/lib/test/auto/Clock21.xml
----------------- Instantiating /home/travis/build/icyphy/ptII/ptolemy/actor/lib/test/auto/Clock21.xml
5 ms. Memory: 458752K Free: 385024K (84%)
----------------- Invoking toplevel() on ptolemy.moml.MoMLSimpleApplication@54b82498
----------------- Done invoking toplevel() on ptolemy.moml.MoMLSimpleApplication@54b82498
reloadAllAccessors: .Clock21

===========================================================================================
----------------- testing Fri Jun 26 14:57:04 UTC 2020 /home/travis/build/icyphy/ptII/ptolemy/actor/lib/test/auto/Clock22.xml
----------------- Instantiating /home/travis/build/icyphy/ptII/ptolemy/actor/lib/test/auto/Clock22.xml
3 ms. Memory: 458752K Free: 379390K (83%)
----------------- Invoking toplevel() on ptolemy.moml.MoMLSimpleApplication@881555b
----------------- Done invoking toplevel() on ptolemy.moml.MoMLSimpleApplication@881555b
reloadAllAccessors: .Clock22

===========================================================================================
----------------- testing Fri Jun 26 14:57:04 UTC 2020 /home/travis/build/icyphy/ptII/ptolemy/actor/lib/test/auto/Clock23.xml
----------------- Instantiating /home/travis/build/icyphy/ptII/ptolemy/actor/lib/test/auto/Clock23.xml
4 ms. Memory: 458752K Free: 374270K (82%)
----------------- Invoking toplevel() on ptolemy.moml.MoMLSimpleApplication@5237491c
----------------- Done invoking toplevel() on ptolemy.moml.MoMLSimpleApplication@5237491c
reloadAllAccessors: .Clock23

===========================================================================================
----------------- testing Fri Jun 26 14:57:04 UTC 2020 /home/travis/build/icyphy/ptII/ptolemy/actor/lib/test/auto/Clock24.xml
----------------- Instantiating /home/travis/build/icyphy/ptII/ptolemy/actor/lib/test/auto/Clock24.xml
5 ms. Memory: 458752K Free: 368640K (80%)
----------------- Invoking toplevel() on ptolemy.moml.MoMLSimpleApplication@164972e
----------------- Done invoking toplevel() on ptolemy.moml.MoMLSimpleApplication@164972e
reloadAllAccessors: .Clock24

===========================================================================================
----------------- testing Fri Jun 26 14:57:04 UTC 2020 /home/travis/build/icyphy/ptII/ptolemy/actor/lib/test/auto/Clock4.xml
----------------- Instantiating /home/travis/build/icyphy/ptII/ptolemy/actor/lib/test/auto/Clock4.xml
1 ms. Memory: 458752K Free: 363520K (79%)
----------------- Invoking toplevel() on ptolemy.moml.MoMLSimpleApplication@45822732
----------------- Done invoking toplevel() on ptolemy.moml.MoMLSimpleApplication@45822732
reloadAllAccessors: .Clock4

===========================================================================================
----------------- testing Fri Jun 26 14:57:04 UTC 2020 /home/travis/build/icyphy/ptII/ptolemy/actor/lib/test/auto/Clock5.xml
----------------- Instantiating /home/travis/build/icyphy/ptII/ptolemy/actor/lib/test/auto/Clock5.xml
2 ms. Memory: 458752K Free: 358400K (78%)
----------------- Invoking toplevel() on ptolemy.moml.MoMLSimpleApplication@38953b59
----------------- Done invoking toplevel() on ptolemy.moml.MoMLSimpleApplication@38953b59
reloadAllAccessors: .Clock5

===========================================================================================
----------------- testing Fri Jun 26 14:57:04 UTC 2020 /home/travis/build/icyphy/ptII/ptolemy/actor/lib/test/auto/Clock6.xml
----------------- Instantiating /home/travis/build/icyphy/ptII/ptolemy/actor/lib/test/auto/Clock6.xml
1 ms. Memory: 458752K Free: 353790K (77%)
----------------- Invoking toplevel() on ptolemy.moml.MoMLSimpleApplication@2d27799a
----------------- Done invoking toplevel() on ptolemy.moml.MoMLSimpleApplication@2d27799a
reloadAllAccessors: .Clock6

===========================================================================================
----------------- testing Fri Jun 26 14:57:04 UTC 2020 /home/travis/build/icyphy/ptII/ptolemy/actor/lib/test/auto/Clock7.xml
----------------- Instantiating /home/travis/build/icyphy/ptII/ptolemy/actor/lib/test/auto/Clock7.xml
2 ms. Memory: 458752K Free: 349694K (76%)
----------------- Invoking toplevel() on ptolemy.moml.MoMLSimpleApplication@ee4c5fc
----------------- Done invoking toplevel() on ptolemy.moml.MoMLSimpleApplication@ee4c5fc
reloadAllAccessors: .Clock7

===========================================================================================
----------------- testing Fri Jun 26 14:57:04 UTC 2020 /home/travis/build/icyphy/ptII/ptolemy/actor/lib/test/auto/Clock8.xml
----------------- Instantiating /home/travis/build/icyphy/ptII/ptolemy/actor/lib/test/auto/Clock8.xml
3 ms. Memory: 458752K Free: 344064K (75%)
----------------- Invoking toplevel() on ptolemy.moml.MoMLSimpleApplication@1402fecf
----------------- Done invoking toplevel() on ptolemy.moml.MoMLSimpleApplication@1402fecf
reloadAllAccessors: .Clock8

===========================================================================================
----------------- testing Fri Jun 26 14:57:04 UTC 2020 /home/travis/build/icyphy/ptII/ptolemy/actor/lib/test/auto/Clock9.xml
----------------- Instantiating /home/travis/build/icyphy/ptII/ptolemy/actor/lib/test/auto/Clock9.xml
5 ms. Memory: 458752K Free: 338944K (74%)
----------------- Invoking toplevel() on ptolemy.moml.MoMLSimpleApplication@7e210294
----------------- Done invoking toplevel() on ptolemy.moml.MoMLSimpleApplication@7e210294
reloadAllAccessors: .Clock9

===========================================================================================
----------------- testing Fri Jun 26 14:57:04 UTC 2020 /home/travis/build/icyphy/ptII/ptolemy/actor/lib/test/auto/CommDistDiscard.xml
----------------- Instantiating /home/travis/build/icyphy/ptII/ptolemy/actor/lib/test/auto/CommDistDiscard.xml
4 ms. Memory: 458752K Free: 333310K (73%)
----------------- Invoking toplevel() on ptolemy.moml.MoMLSimpleApplication@493a1aae
----------------- Done invoking toplevel() on ptolemy.moml.MoMLSimpleApplication@493a1aae
reloadAllAccessors: .CommDistDiscard

===========================================================================================
----------------- testing Fri Jun 26 14:57:04 UTC 2020 /home/travis/build/icyphy/ptII/ptolemy/actor/lib/test/auto/Commutator.xml
----------------- Instantiating /home/travis/build/icyphy/ptII/ptolemy/actor/lib/test/auto/Commutator.xml
2 ms. Memory: 458752K Free: 328704K (72%)
----------------- Invoking toplevel() on ptolemy.moml.MoMLSimpleApplication@15ab3abd
----------------- Done invoking toplevel() on ptolemy.moml.MoMLSimpleApplication@15ab3abd
reloadAllAccessors: .Commutator

===========================================================================================
----------------- testing Fri Jun 26 14:57:04 UTC 2020 /home/travis/build/icyphy/ptII/ptolemy/actor/lib/test/auto/Commutator2.xml
----------------- Instantiating /home/travis/build/icyphy/ptII/ptolemy/actor/lib/test/auto/Commutator2.xml
5 ms. Memory: 458752K Free: 324608K (71%)
----------------- Invoking toplevel() on ptolemy.moml.MoMLSimpleApplication@5de5f99b
----------------- Done invoking toplevel() on ptolemy.moml.MoMLSimpleApplication@5de5f99b
reloadAllAccessors: .Commutator2

===========================================================================================
----------------- testing Fri Jun 26 14:57:04 UTC 2020 /home/travis/build/icyphy/ptII/ptolemy/actor/lib/test/auto/Commutator3.xml
----------------- Instantiating /home/travis/build/icyphy/ptII/ptolemy/actor/lib/test/auto/Commutator3.xml
2 ms. Memory: 458752K Free: 319998K (70%)
----------------- Invoking toplevel() on ptolemy.moml.MoMLSimpleApplication@7d9e345e
----------------- Done invoking toplevel() on ptolemy.moml.MoMLSimpleApplication@7d9e345e
reloadAllAccessors: .Commutator3

===========================================================================================
----------------- testing Fri Jun 26 14:57:04 UTC 2020 /home/travis/build/icyphy/ptII/ptolemy/actor/lib/test/auto/Compare.xml
----------------- Instantiating /home/travis/build/icyphy/ptII/ptolemy/actor/lib/test/auto/Compare.xml
2 ms. Memory: 458752K Free: 313854K (68%)
----------------- Invoking toplevel() on ptolemy.moml.MoMLSimpleApplication@212fdc66
----------------- Done invoking toplevel() on ptolemy.moml.MoMLSimpleApplication@212fdc66
reloadAllAccessors: .Compare

===========================================================================================
----------------- testing Fri Jun 26 14:57:04 UTC 2020 /home/travis/build/icyphy/ptII/ptolemy/actor/lib/test/auto/CompareDE.xml
----------------- Instantiating /home/travis/build/icyphy/ptII/ptolemy/actor/lib/test/auto/CompareDE.xml
4 ms. Memory: 458752K Free: 306672K (67%)
----------------- Invoking toplevel() on ptolemy.moml.MoMLSimpleApplication@5fabaf5f
----------------- Done invoking toplevel() on ptolemy.moml.MoMLSimpleApplication@5fabaf5f
reloadAllAccessors: .CompareDE

===========================================================================================
----------------- testing Fri Jun 26 14:57:04 UTC 2020 /home/travis/build/icyphy/ptII/ptolemy/actor/lib/test/auto/ComplexDivide.xml
----------------- Instantiating /home/travis/build/icyphy/ptII/ptolemy/actor/lib/test/auto/ComplexDivide.xml
2 ms. Memory: 458752K Free: 302590K (66%)
----------------- Invoking toplevel() on ptolemy.moml.MoMLSimpleApplication@23f9aaff
----------------- Done invoking toplevel() on ptolemy.moml.MoMLSimpleApplication@23f9aaff
reloadAllAccessors: .ComplexDivide

===========================================================================================
----------------- testing Fri Jun 26 14:57:04 UTC 2020 /home/travis/build/icyphy/ptII/ptolemy/actor/lib/test/auto/ComputeHistogram.xml
----------------- Instantiating /home/travis/build/icyphy/ptII/ptolemy/actor/lib/test/auto/ComputeHistogram.xml
22 ms. Memory: 458752K Free: 290302K (63%)
----------------- Invoking toplevel() on ptolemy.moml.MoMLSimpleApplication@533ed1ae
----------------- Done invoking toplevel() on ptolemy.moml.MoMLSimpleApplication@533ed1ae
reloadAllAccessors: .ComputeHistogram

===========================================================================================
----------------- testing Fri Jun 26 14:57:04 UTC 2020 /home/travis/build/icyphy/ptII/ptolemy/actor/lib/test/auto/ConfigurationSelect.xml
----------------- Instantiating /home/travis/build/icyphy/ptII/ptolemy/actor/lib/test/auto/ConfigurationSelect.xml
3 ms. Memory: 458752K Free: 284672K (62%)
----------------- Invoking toplevel() on ptolemy.moml.MoMLSimpleApplication@9dcc5d
----------------- Done invoking toplevel() on ptolemy.moml.MoMLSimpleApplication@9dcc5d
reloadAllAccessors: .ConfigurationSelect

===========================================================================================
----------------- testing Fri Jun 26 14:57:04 UTC 2020 /home/travis/build/icyphy/ptII/ptolemy/actor/lib/test/auto/ConfigurationSelect2.xml
----------------- Instantiating /home/travis/build/icyphy/ptII/ptolemy/actor/lib/test/auto/ConfigurationSelect2.xml
2 ms. Memory: 458752K Free: 280062K (61%)
----------------- Invoking toplevel() on ptolemy.moml.MoMLSimpleApplication@42c74957
----------------- Done invoking toplevel() on ptolemy.moml.MoMLSimpleApplication@42c74957
reloadAllAccessors: .ConfigurationSelect2

===========================================================================================
----------------- testing Fri Jun 26 14:57:04 UTC 2020 /home/travis/build/icyphy/ptII/ptolemy/actor/lib/test/auto/ConfigurationSwitch.xml
----------------- Instantiating /home/travis/build/icyphy/ptII/ptolemy/actor/lib/test/auto/ConfigurationSwitch.xml
2 ms. Memory: 458752K Free: 274942K (60%)
----------------- Invoking toplevel() on ptolemy.moml.MoMLSimpleApplication@4b9fbe15
----------------- Done invoking toplevel() on ptolemy.moml.MoMLSimpleApplication@4b9fbe15
reloadAllAccessors: .ConfigurationSwitch

===========================================================================================
----------------- testing Fri Jun 26 14:57:04 UTC 2020 /home/travis/build/icyphy/ptII/ptolemy/actor/lib/test/auto/ConfigurationSwitch2.xml
----------------- Instantiating /home/travis/build/icyphy/ptII/ptolemy/actor/lib/test/auto/ConfigurationSwitch2.xml
3 ms. Memory: 458752K Free: 269312K (59%)
----------------- Invoking toplevel() on ptolemy.moml.MoMLSimpleApplication@6db2ea8b
----------------- Done invoking toplevel() on ptolemy.moml.MoMLSimpleApplication@6db2ea8b
reloadAllAccessors: .ConfigurationSwitch2

===========================================================================================
----------------- testing Fri Jun 26 14:57:04 UTC 2020 /home/travis/build/icyphy/ptII/ptolemy/actor/lib/test/auto/ConfigurationSwitchCloningBugWithClassRelationGroup.xml
----------------- Instantiating /home/travis/build/icyphy/ptII/ptolemy/actor/lib/test/auto/ConfigurationSwitchCloningBugWithClassRelationGroup.xml
1 ms. Memory: 458752K Free: 262654K (57%)
----------------- Invoking toplevel() on ptolemy.moml.MoMLSimpleApplication@1084a2ee
----------------- Done invoking toplevel() on ptolemy.moml.MoMLSimpleApplication@1084a2ee
reloadAllAccessors: .ConfigurationSwitchCloningBugWithClassRelationGroup

===========================================================================================
----------------- testing Fri Jun 26 14:57:04 UTC 2020 /home/travis/build/icyphy/ptII/ptolemy/actor/lib/test/auto/ConfigurationSwitchSelectSDF.xml
----------------- Instantiating /home/travis/build/icyphy/ptII/ptolemy/actor/lib/test/auto/ConfigurationSwitchSelectSDF.xml
5 ms. Memory: 458752K Free: 256510K (56%)
----------------- Invoking toplevel() on ptolemy.moml.MoMLSimpleApplication@3c2423f9
----------------- Done invoking toplevel() on ptolemy.moml.MoMLSimpleApplication@3c2423f9
reloadAllAccessors: .ConfigurationSwitchSelectSDF

===========================================================================================
----------------- testing Fri Jun 26 14:57:04 UTC 2020 /home/travis/build/icyphy/ptII/ptolemy/actor/lib/test/auto/ConfigurationSwitchSelectSDF2.xml
----------------- Instantiating /home/travis/build/icyphy/ptII/ptolemy/actor/lib/test/auto/ConfigurationSwitchSelectSDF2.xml
3 ms. Memory: 458752K Free: 250880K (55%)
----------------- Invoking toplevel() on ptolemy.moml.MoMLSimpleApplication@aafd053
----------------- Done invoking toplevel() on ptolemy.moml.MoMLSimpleApplication@aafd053
reloadAllAccessors: .ConfigurationSwitchSelectSDF2

===========================================================================================
----------------- testing Fri Jun 26 14:57:04 UTC 2020 /home/travis/build/icyphy/ptII/ptolemy/actor/lib/test/auto/Const.xml
----------------- Instantiating /home/travis/build/icyphy/ptII/ptolemy/actor/lib/test/auto/Const.xml
2 ms. Memory: 458752K Free: 247808K (54%)
----------------- Invoking toplevel() on ptolemy.moml.MoMLSimpleApplication@3894c831
----------------- Done invoking toplevel() on ptolemy.moml.MoMLSimpleApplication@3894c831
reloadAllAccessors: .Const

===========================================================================================
----------------- testing Fri Jun 26 14:57:04 UTC 2020 /home/travis/build/icyphy/ptII/ptolemy/actor/lib/test/auto/Const2.xml
----------------- Instantiating /home/travis/build/icyphy/ptII/ptolemy/actor/lib/test/auto/Const2.xml
1 ms. Memory: 458752K Free: 243712K (53%)
----------------- Invoking toplevel() on ptolemy.moml.MoMLSimpleApplication@2a4c7788
----------------- Done invoking toplevel() on ptolemy.moml.MoMLSimpleApplication@2a4c7788
reloadAllAccessors: .Const2

===========================================================================================
----------------- testing Fri Jun 26 14:57:04 UTC 2020 /home/travis/build/icyphy/ptII/ptolemy/actor/lib/test/auto/Const3.xml
----------------- Instantiating /home/travis/build/icyphy/ptII/ptolemy/actor/lib/test/auto/Const3.xml
6 ms. Memory: 458752K Free: 240640K (52%)
----------------- Invoking toplevel() on ptolemy.moml.MoMLSimpleApplication@535e14cd
----------------- Done invoking toplevel() on ptolemy.moml.MoMLSimpleApplication@535e14cd
reloadAllAccessors: .Const3

===========================================================================================
----------------- testing Fri Jun 26 14:57:04 UTC 2020 /home/travis/build/icyphy/ptII/ptolemy/actor/lib/test/auto/ConstantPublisherPort1.xml
----------------- Instantiating /home/travis/build/icyphy/ptII/ptolemy/actor/lib/test/auto/ConstantPublisherPort1.xml
6 ms. Memory: 458752K Free: 232448K (51%)
----------------- Invoking toplevel() on ptolemy.moml.MoMLSimpleApplication@64714554
----------------- Done invoking toplevel() on ptolemy.moml.MoMLSimpleApplication@64714554
reloadAllAccessors: .ConstantPublisherPort1

===========================================================================================
----------------- testing Fri Jun 26 14:57:04 UTC 2020 /home/travis/build/icyphy/ptII/ptolemy/actor/lib/test/auto/ConstantPublisherPort2.xml
----------------- Instantiating /home/travis/build/icyphy/ptII/ptolemy/actor/lib/test/auto/ConstantPublisherPort2.xml
10 ms. Memory: 458752K Free: 224766K (49%)
----------------- Invoking toplevel() on ptolemy.moml.MoMLSimpleApplication@761eece7
----------------- Done invoking toplevel() on ptolemy.moml.MoMLSimpleApplication@761eece7
reloadAllAccessors: .ConstantPublisherPort2

===========================================================================================
----------------- testing Fri Jun 26 14:57:04 UTC 2020 /home/travis/build/icyphy/ptII/ptolemy/actor/lib/test/auto/ConstantPublisherPort3.xml
----------------- Instantiating /home/travis/build/icyphy/ptII/ptolemy/actor/lib/test/auto/ConstantPublisherPort3.xml
5 ms. Memory: 458752K Free: 217088K (47%)
----------------- Invoking toplevel() on ptolemy.moml.MoMLSimpleApplication@7429f6eb
----------------- Done invoking toplevel() on ptolemy.moml.MoMLSimpleApplication@7429f6eb
reloadAllAccessors: .ConstantPublisherPort3

===========================================================================================
----------------- testing Fri Jun 26 14:57:04 UTC 2020 /home/travis/build/icyphy/ptII/ptolemy/actor/lib/test/auto/ConstantPublisherPort4.xml
----------------- Instantiating /home/travis/build/icyphy/ptII/ptolemy/actor/lib/test/auto/ConstantPublisherPort4.xml
2 ms. Memory: 458752K Free: 210416K (46%)
----------------- Invoking toplevel() on ptolemy.moml.MoMLSimpleApplication@44a2990b
----------------- Done invoking toplevel() on ptolemy.moml.MoMLSimpleApplication@44a2990b
reloadAllAccessors: .ConstantPublisherPort4

===========================================================================================
----------------- testing Fri Jun 26 14:57:04 UTC 2020 /home/travis/build/icyphy/ptII/ptolemy/actor/lib/test/auto/ConstantPublisherPort5.xml
----------------- Instantiating /home/travis/build/icyphy/ptII/ptolemy/actor/lib/test/auto/ConstantPublisherPort5.xml
29 ms. Memory: 458752K Free: 200704K (44%)
----------------- Invoking toplevel() on ptolemy.moml.MoMLSimpleApplication@5a39c360
----------------- Done invoking toplevel() on ptolemy.moml.MoMLSimpleApplication@5a39c360
reloadAllAccessors: .ConstantPublisherPort5

===========================================================================================
----------------- testing Fri Jun 26 14:57:04 UTC 2020 /home/travis/build/icyphy/ptII/ptolemy/actor/lib/test/auto/ConstantPublisherPort6.xml
----------------- Instantiating /home/travis/build/icyphy/ptII/ptolemy/actor/lib/test/auto/ConstantPublisherPort6.xml
21 ms. Memory: 458752K Free: 190974K (42%)
----------------- Invoking toplevel() on ptolemy.moml.MoMLSimpleApplication@1eac8829
----------------- Done invoking toplevel() on ptolemy.moml.MoMLSimpleApplication@1eac8829
reloadAllAccessors: .ConstantPublisherPort6

===========================================================================================
----------------- testing Fri Jun 26 14:57:04 UTC 2020 /home/travis/build/icyphy/ptII/ptolemy/actor/lib/test/auto/ConstantPublisherPort7.xml
----------------- Instantiating /home/travis/build/icyphy/ptII/ptolemy/actor/lib/test/auto/ConstantPublisherPort7.xml
33 ms. Memory: 458752K Free: 407366K (89%)
----------------- Invoking toplevel() on ptolemy.moml.MoMLSimpleApplication@b773004
----------------- Done invoking toplevel() on ptolemy.moml.MoMLSimpleApplication@b773004
reloadAllAccessors: .ConstantPublisherPort7

===========================================================================================
----------------- testing Fri Jun 26 14:57:05 UTC 2020 /home/travis/build/icyphy/ptII/ptolemy/actor/lib/test/auto/ConstraintMonitor1.xml
----------------- Instantiating /home/travis/build/icyphy/ptII/ptolemy/actor/lib/test/auto/ConstraintMonitor1.xml
4 ms. Memory: 458752K Free: 401222K (87%)
----------------- Invoking toplevel() on ptolemy.moml.MoMLSimpleApplication@7baeafe
----------------- Done invoking toplevel() on ptolemy.moml.MoMLSimpleApplication@7baeafe
reloadAllAccessors: .ConstraintMonitor1

===========================================================================================
----------------- testing Fri Jun 26 14:57:05 UTC 2020 /home/travis/build/icyphy/ptII/ptolemy/actor/lib/test/auto/ConstraintMonitor2.xml
----------------- Instantiating /home/travis/build/icyphy/ptII/ptolemy/actor/lib/test/auto/ConstraintMonitor2.xml
4 ms. Memory: 458752K Free: 396612K (86%)
----------------- Invoking toplevel() on ptolemy.moml.MoMLSimpleApplication@57fa130b
----------------- Done invoking toplevel() on ptolemy.moml.MoMLSimpleApplication@57fa130b
reloadAllAccessors: .ConstraintMonitor2

===========================================================================================
----------------- testing Fri Jun 26 14:57:05 UTC 2020 /home/travis/build/icyphy/ptII/ptolemy/actor/lib/test/auto/ConstraintMonitor3.xml
----------------- Instantiating /home/travis/build/icyphy/ptII/ptolemy/actor/lib/test/auto/ConstraintMonitor3.xml
4 ms. Memory: 458752K Free: 392006K (85%)
----------------- Invoking toplevel() on ptolemy.moml.MoMLSimpleApplication@331130f9
----------------- Done invoking toplevel() on ptolemy.moml.MoMLSimpleApplication@331130f9
reloadAllAccessors: .ConstraintMonitor3

===========================================================================================
----------------- testing Fri Jun 26 14:57:05 UTC 2020 /home/travis/build/icyphy/ptII/ptolemy/actor/lib/test/auto/ConstraintMonitor4.xml
----------------- Instantiating /home/travis/build/icyphy/ptII/ptolemy/actor/lib/test/auto/ConstraintMonitor4.xml
4 ms. Memory: 458752K Free: 386886K (84%)
----------------- Invoking toplevel() on ptolemy.moml.MoMLSimpleApplication@fe3c6d8
----------------- Done invoking toplevel() on ptolemy.moml.MoMLSimpleApplication@fe3c6d8
reloadAllAccessors: .ConstraintMonitor4

===========================================================================================
----------------- testing Fri Jun 26 14:57:05 UTC 2020 /home/travis/build/icyphy/ptII/ptolemy/actor/lib/test/auto/ConstraintMonitor5.xml
----------------- Instantiating /home/travis/build/icyphy/ptII/ptolemy/actor/lib/test/auto/ConstraintMonitor5.xml
6 ms. Memory: 458752K Free: 381252K (83%)
----------------- Invoking toplevel() on ptolemy.moml.MoMLSimpleApplication@26f46c34
----------------- Done invoking toplevel() on ptolemy.moml.MoMLSimpleApplication@26f46c34
reloadAllAccessors: .ConstraintMonitor5

===========================================================================================
----------------- testing Fri Jun 26 14:57:05 UTC 2020 /home/travis/build/icyphy/ptII/ptolemy/actor/lib/test/auto/ConstraintMonitor6.xml
----------------- Instantiating /home/travis/build/icyphy/ptII/ptolemy/actor/lib/test/auto/ConstraintMonitor6.xml
5 ms. Memory: 458752K Free: 375622K (82%)
----------------- Invoking toplevel() on ptolemy.moml.MoMLSimpleApplication@70134413
----------------- Done invoking toplevel() on ptolemy.moml.MoMLSimpleApplication@70134413
reloadAllAccessors: .ConstraintMonitor6

===========================================================================================
----------------- testing Fri Jun 26 14:57:05 UTC 2020 /home/travis/build/icyphy/ptII/ptolemy/actor/lib/test/auto/ConstraintMonitor7.xml
----------------- Instantiating /home/travis/build/icyphy/ptII/ptolemy/actor/lib/test/auto/ConstraintMonitor7.xml
2 ms. Memory: 458752K Free: 368958K (80%)
----------------- Invoking toplevel() on ptolemy.moml.MoMLSimpleApplication@4b33c80d
----------------- Done invoking toplevel() on ptolemy.moml.MoMLSimpleApplication@4b33c80d
reloadAllAccessors: .ConstraintMonitor7

===========================================================================================
----------------- testing Fri Jun 26 14:57:05 UTC 2020 /home/travis/build/icyphy/ptII/ptolemy/actor/lib/test/auto/ConstraintMonitor8.xml
----------------- Instantiating /home/travis/build/icyphy/ptII/ptolemy/actor/lib/test/auto/ConstraintMonitor8.xml
6 ms. Memory: 458752K Free: 361286K (79%)
----------------- Invoking toplevel() on ptolemy.moml.MoMLSimpleApplication@15672ed0
----------------- Done invoking toplevel() on ptolemy.moml.MoMLSimpleApplication@15672ed0
reloadAllAccessors: .ConstraintMonitor8

===========================================================================================
----------------- testing Fri Jun 26 14:57:05 UTC 2020 /home/travis/build/icyphy/ptII/ptolemy/actor/lib/test/auto/Counter.xml
----------------- Instantiating /home/travis/build/icyphy/ptII/ptolemy/actor/lib/test/auto/Counter.xml
2 ms. Memory: 458752K Free: 356166K (78%)
----------------- Invoking toplevel() on ptolemy.moml.MoMLSimpleApplication@5201deb7
----------------- Done invoking toplevel() on ptolemy.moml.MoMLSimpleApplication@5201deb7
reloadAllAccessors: .Counter

===========================================================================================
----------------- testing Fri Jun 26 14:57:05 UTC 2020 /home/travis/build/icyphy/ptII/ptolemy/actor/lib/test/auto/CurrentTimeSDF.xml
----------------- Instantiating /home/travis/build/icyphy/ptII/ptolemy/actor/lib/test/auto/CurrentTimeSDF.xml
2 ms. Memory: 458752K Free: 352070K (77%)
----------------- Invoking toplevel() on ptolemy.moml.MoMLSimpleApplication@379eb60e
----------------- Done invoking toplevel() on ptolemy.moml.MoMLSimpleApplication@379eb60e
reloadAllAccessors: .CurrentTimeSDF

===========================================================================================
----------------- testing Fri Jun 26 14:57:05 UTC 2020 /home/travis/build/icyphy/ptII/ptolemy/actor/lib/test/auto/DB.xml
----------------- Instantiating /home/travis/build/icyphy/ptII/ptolemy/actor/lib/test/auto/DB.xml
2 ms. Memory: 458752K Free: 346950K (76%)
----------------- Invoking toplevel() on ptolemy.moml.MoMLSimpleApplication@75dd1797
----------------- Done invoking toplevel() on ptolemy.moml.MoMLSimpleApplication@75dd1797
reloadAllAccessors: .DB

===========================================================================================
----------------- testing Fri Jun 26 14:57:05 UTC 2020 /home/travis/build/icyphy/ptII/ptolemy/actor/lib/test/auto/DBDE.xml
----------------- Instantiating /home/travis/build/icyphy/ptII/ptolemy/actor/lib/test/auto/DBDE.xml
2 ms. Memory: 458752K Free: 341286K (74%)
----------------- Invoking toplevel() on ptolemy.moml.MoMLSimpleApplication@48057e34
----------------- Done invoking toplevel() on ptolemy.moml.MoMLSimpleApplication@48057e34
reloadAllAccessors: .DBDE

===========================================================================================
----------------- testing Fri Jun 26 14:57:05 UTC 2020 /home/travis/build/icyphy/ptII/ptolemy/actor/lib/test/auto/DateConstructor.xml
----------------- Instantiating /home/travis/build/icyphy/ptII/ptolemy/actor/lib/test/auto/DateConstructor.xml
30 ms. Memory: 458752K Free: 323908K (71%)
----------------- Invoking toplevel() on ptolemy.moml.MoMLSimpleApplication@77fc0591
----------------- Done invoking toplevel() on ptolemy.moml.MoMLSimpleApplication@77fc0591
reloadAllAccessors: .DateConstructor

===========================================================================================
----------------- testing Fri Jun 26 14:57:05 UTC 2020 /home/travis/build/icyphy/ptII/ptolemy/actor/lib/test/auto/DelayTime.xml
----------------- Instantiating /home/travis/build/icyphy/ptII/ptolemy/actor/lib/test/auto/DelayTime.xml
6 ms. Memory: 458752K Free: 318788K (69%)
----------------- Invoking toplevel() on ptolemy.moml.MoMLSimpleApplication@4bffd84c
----------------- Done invoking toplevel() on ptolemy.moml.MoMLSimpleApplication@4bffd84c
reloadAllAccessors: .DelayTime

===========================================================================================
----------------- testing Fri Jun 26 14:57:05 UTC 2020 /home/travis/build/icyphy/ptII/ptolemy/actor/lib/test/auto/Dictionary1.xml
----------------- Instantiating /home/travis/build/icyphy/ptII/ptolemy/actor/lib/test/auto/Dictionary1.xml
2 ms. Memory: 458752K Free: 313158K (68%)
----------------- Invoking toplevel() on ptolemy.moml.MoMLSimpleApplication@39bdd85d
----------------- Done invoking toplevel() on ptolemy.moml.MoMLSimpleApplication@39bdd85d
reloadAllAccessors: .Dictionary1

===========================================================================================
----------------- testing Fri Jun 26 14:57:05 UTC 2020 /home/travis/build/icyphy/ptII/ptolemy/actor/lib/test/auto/Dictionary2.xml
----------------- Instantiating /home/travis/build/icyphy/ptII/ptolemy/actor/lib/test/auto/Dictionary2.xml
5 ms. Memory: 458752K Free: 308038K (67%)
----------------- Invoking toplevel() on ptolemy.moml.MoMLSimpleApplication@53824ec
----------------- Done invoking toplevel() on ptolemy.moml.MoMLSimpleApplication@53824ec
reloadAllAccessors: .Dictionary2

===========================================================================================
----------------- testing Fri Jun 26 14:57:05 UTC 2020 /home/travis/build/icyphy/ptII/ptolemy/actor/lib/test/auto/Dictionary3.xml
----------------- Instantiating /home/travis/build/icyphy/ptII/ptolemy/actor/lib/test/auto/Dictionary3.xml
2 ms. Memory: 458752K Free: 302404K (66%)
----------------- Invoking toplevel() on ptolemy.moml.MoMLSimpleApplication@45df0b96
----------------- Done invoking toplevel() on ptolemy.moml.MoMLSimpleApplication@45df0b96
reloadAllAccessors: .Dictionary3

===========================================================================================
----------------- testing Fri Jun 26 14:57:05 UTC 2020 /home/travis/build/icyphy/ptII/ptolemy/actor/lib/test/auto/Dictionary4.xml
----------------- Instantiating /home/travis/build/icyphy/ptII/ptolemy/actor/lib/test/auto/Dictionary4.xml
3 ms. Memory: 458752K Free: 295236K (64%)
----------------- Invoking toplevel() on ptolemy.moml.MoMLSimpleApplication@4d4efe9a
----------------- Done invoking toplevel() on ptolemy.moml.MoMLSimpleApplication@4d4efe9a
reloadAllAccessors: .Dictionary4

===========================================================================================
----------------- testing Fri Jun 26 14:57:05 UTC 2020 /home/travis/build/icyphy/ptII/ptolemy/actor/lib/test/auto/Differential.xml
----------------- Instantiating /home/travis/build/icyphy/ptII/ptolemy/actor/lib/test/auto/Differential.xml
3 ms. Memory: 458752K Free: 291140K (63%)
----------------- Invoking toplevel() on ptolemy.moml.MoMLSimpleApplication@57286c08
----------------- Done invoking toplevel() on ptolemy.moml.MoMLSimpleApplication@57286c08
reloadAllAccessors: .Differential

===========================================================================================
----------------- testing Fri Jun 26 14:57:05 UTC 2020 /home/travis/build/icyphy/ptII/ptolemy/actor/lib/test/auto/Director.xml
----------------- Instantiating /home/travis/build/icyphy/ptII/ptolemy/actor/lib/test/auto/Director.xml
2 ms. Memory: 458752K Free: 287558K (63%)
----------------- Invoking toplevel() on ptolemy.moml.MoMLSimpleApplication@5318bde
----------------- Done invoking toplevel() on ptolemy.moml.MoMLSimpleApplication@5318bde
reloadAllAccessors: .Director

===========================================================================================
----------------- testing Fri Jun 26 14:57:05 UTC 2020 /home/travis/build/icyphy/ptII/ptolemy/actor/lib/test/auto/DiscreteClock.xml
----------------- Instantiating /home/travis/build/icyphy/ptII/ptolemy/actor/lib/test/auto/DiscreteClock.xml
1 ms. Memory: 458752K Free: 283462K (62%)
----------------- Invoking toplevel() on ptolemy.moml.MoMLSimpleApplication@32bff7af
----------------- Done invoking toplevel() on ptolemy.moml.MoMLSimpleApplication@32bff7af
reloadAllAccessors: .DiscreteClock

===========================================================================================
----------------- testing Fri Jun 26 14:57:05 UTC 2020 /home/travis/build/icyphy/ptII/ptolemy/actor/lib/test/auto/DiscreteClock10.xml
----------------- Instantiating /home/travis/build/icyphy/ptII/ptolemy/actor/lib/test/auto/DiscreteClock10.xml
5 ms. Memory: 458752K Free: 277318K (60%)
----------------- Invoking toplevel() on ptolemy.moml.MoMLSimpleApplication@490e56d4
----------------- Done invoking toplevel() on ptolemy.moml.MoMLSimpleApplication@490e56d4
reloadAllAccessors: .DiscreteClock10

===========================================================================================
----------------- testing Fri Jun 26 14:57:05 UTC 2020 /home/travis/build/icyphy/ptII/ptolemy/actor/lib/test/auto/DiscreteClock11.xml
----------------- Instantiating /home/travis/build/icyphy/ptII/ptolemy/actor/lib/test/auto/DiscreteClock11.xml
2 ms. Memory: 458752K Free: 271684K (59%)
----------------- Invoking toplevel() on ptolemy.moml.MoMLSimpleApplication@eabd042
----------------- Done invoking toplevel() on ptolemy.moml.MoMLSimpleApplication@eabd042
reloadAllAccessors: .DiscreteClock11

===========================================================================================
----------------- testing Fri Jun 26 14:57:05 UTC 2020 /home/travis/build/icyphy/ptII/ptolemy/actor/lib/test/auto/DiscreteClock12.xml
----------------- Instantiating /home/travis/build/icyphy/ptII/ptolemy/actor/lib/test/auto/DiscreteClock12.xml
2 ms. Memory: 458752K Free: 265540K (58%)
----------------- Invoking toplevel() on ptolemy.moml.MoMLSimpleApplication@60347822
----------------- Done invoking toplevel() on ptolemy.moml.MoMLSimpleApplication@60347822
reloadAllAccessors: .DiscreteClock12

===========================================================================================
----------------- testing Fri Jun 26 14:57:05 UTC 2020 /home/travis/build/icyphy/ptII/ptolemy/actor/lib/test/auto/DiscreteClock13.xml
----------------- Instantiating /home/travis/build/icyphy/ptII/ptolemy/actor/lib/test/auto/DiscreteClock13.xml
8 ms. Memory: 458752K Free: 259366K (57%)
----------------- Invoking toplevel() on ptolemy.moml.MoMLSimpleApplication@3ef302bb
----------------- Done invoking toplevel() on ptolemy.moml.MoMLSimpleApplication@3ef302bb
reloadAllAccessors: .DiscreteClock13

===========================================================================================
----------------- testing Fri Jun 26 14:57:05 UTC 2020 /home/travis/build/icyphy/ptII/ptolemy/actor/lib/test/auto/DiscreteClock14.xml
----------------- Instantiating /home/travis/build/icyphy/ptII/ptolemy/actor/lib/test/auto/DiscreteClock14.xml
3 ms. Memory: 458752K Free: 253222K (55%)
----------------- Invoking toplevel() on ptolemy.moml.MoMLSimpleApplication@131d6a60
----------------- Done invoking toplevel() on ptolemy.moml.MoMLSimpleApplication@131d6a60
reloadAllAccessors: .DiscreteClock14

===========================================================================================
----------------- testing Fri Jun 26 14:57:05 UTC 2020 /home/travis/build/icyphy/ptII/ptolemy/actor/lib/test/auto/DiscreteClock15.xml
----------------- Instantiating /home/travis/build/icyphy/ptII/ptolemy/actor/lib/test/auto/DiscreteClock15.xml
6 ms. Memory: 458752K Free: 247622K (54%)
----------------- Invoking toplevel() on ptolemy.moml.MoMLSimpleApplication@1d6024b6
----------------- Done invoking toplevel() on ptolemy.moml.MoMLSimpleApplication@1d6024b6
reloadAllAccessors: .DiscreteClock15

===========================================================================================
----------------- testing Fri Jun 26 14:57:05 UTC 2020 /home/travis/build/icyphy/ptII/ptolemy/actor/lib/test/auto/DiscreteClock16.xml
----------------- Instantiating /home/travis/build/icyphy/ptII/ptolemy/actor/lib/test/auto/DiscreteClock16.xml
17 ms. Memory: 458752K Free: 233796K (51%)
----------------- Invoking toplevel() on ptolemy.moml.MoMLSimpleApplication@4ed327e3
----------------- Done invoking toplevel() on ptolemy.moml.MoMLSimpleApplication@4ed327e3
reloadAllAccessors: .DiscreteClock16

===========================================================================================
----------------- testing Fri Jun 26 14:57:05 UTC 2020 /home/travis/build/icyphy/ptII/ptolemy/actor/lib/test/auto/DiscreteClock17.xml
----------------- Instantiating /home/travis/build/icyphy/ptII/ptolemy/actor/lib/test/auto/DiscreteClock17.xml
20 ms. Memory: 458752K Free: 219446K (48%)
----------------- Invoking toplevel() on ptolemy.moml.MoMLSimpleApplication@73b5e7ce
----------------- Done invoking toplevel() on ptolemy.moml.MoMLSimpleApplication@73b5e7ce
reloadAllAccessors: .DiscreteClock17

===========================================================================================
----------------- testing Fri Jun 26 14:57:05 UTC 2020 /home/travis/build/icyphy/ptII/ptolemy/actor/lib/test/auto/DiscreteClock18.xml
----------------- Instantiating /home/travis/build/icyphy/ptII/ptolemy/actor/lib/test/auto/DiscreteClock18.xml
10 ms. Memory: 458752K Free: 206148K (45%)
----------------- Invoking toplevel() on ptolemy.moml.MoMLSimpleApplication@42033719
----------------- Done invoking toplevel() on ptolemy.moml.MoMLSimpleApplication@42033719
reloadAllAccessors: .DiscreteClock18

===========================================================================================
----------------- testing Fri Jun 26 14:57:05 UTC 2020 /home/travis/build/icyphy/ptII/ptolemy/actor/lib/test/auto/DiscreteClock19.xml
----------------- Instantiating /home/travis/build/icyphy/ptII/ptolemy/actor/lib/test/auto/DiscreteClock19.xml
9 ms. Memory: 458752K Free: 192822K (42%)
----------------- Invoking toplevel() on ptolemy.moml.MoMLSimpleApplication@5800560
----------------- Done invoking toplevel() on ptolemy.moml.MoMLSimpleApplication@5800560
reloadAllAccessors: .DiscreteClock19

===========================================================================================
----------------- testing Fri Jun 26 14:57:05 UTC 2020 /home/travis/build/icyphy/ptII/ptolemy/actor/lib/test/auto/DiscreteClock2.xml
----------------- Instantiating /home/travis/build/icyphy/ptII/ptolemy/actor/lib/test/auto/DiscreteClock2.xml
4 ms. Memory: 458752K Free: 187710K (41%)
----------------- Invoking toplevel() on ptolemy.moml.MoMLSimpleApplication@13d4977f
----------------- Done invoking toplevel() on ptolemy.moml.MoMLSimpleApplication@13d4977f
reloadAllAccessors: .DiscreteClock2

===========================================================================================
----------------- testing Fri Jun 26 14:57:05 UTC 2020 /home/travis/build/icyphy/ptII/ptolemy/actor/lib/test/auto/DiscreteClock20.xml
----------------- Instantiating /home/travis/build/icyphy/ptII/ptolemy/actor/lib/test/auto/DiscreteClock20.xml
3 ms. Memory: 458752K Free: 182086K (40%)
----------------- Invoking toplevel() on ptolemy.moml.MoMLSimpleApplication@716f6811
----------------- Done invoking toplevel() on ptolemy.moml.MoMLSimpleApplication@716f6811
reloadAllAccessors: .DiscreteClock20

===========================================================================================
----------------- testing Fri Jun 26 14:57:05 UTC 2020 /home/travis/build/icyphy/ptII/ptolemy/actor/lib/test/auto/DiscreteClock21.xml
----------------- Instantiating /home/travis/build/icyphy/ptII/ptolemy/actor/lib/test/auto/DiscreteClock21.xml
5 ms. Memory: 458752K Free: 176452K (38%)
----------------- Invoking toplevel() on ptolemy.moml.MoMLSimpleApplication@ffb955d
----------------- Done invoking toplevel() on ptolemy.moml.MoMLSimpleApplication@ffb955d
reloadAllAccessors: .DiscreteClock21

===========================================================================================
----------------- testing Fri Jun 26 14:57:05 UTC 2020 /home/travis/build/icyphy/ptII/ptolemy/actor/lib/test/auto/DiscreteClock22.xml
----------------- Instantiating /home/travis/build/icyphy/ptII/ptolemy/actor/lib/test/auto/DiscreteClock22.xml
6 ms. Memory: 458752K Free: 171332K (37%)
----------------- Invoking toplevel() on ptolemy.moml.MoMLSimpleApplication@7972924c
----------------- Done invoking toplevel() on ptolemy.moml.MoMLSimpleApplication@7972924c
reloadAllAccessors: .DiscreteClock22

===========================================================================================
----------------- testing Fri Jun 26 14:57:05 UTC 2020 /home/travis/build/icyphy/ptII/ptolemy/actor/lib/test/auto/DiscreteClock23.xml
----------------- Instantiating /home/travis/build/icyphy/ptII/ptolemy/actor/lib/test/auto/DiscreteClock23.xml
2 ms. Memory: 458752K Free: 165702K (36%)
----------------- Invoking toplevel() on ptolemy.moml.MoMLSimpleApplication@4ac6d5b0
----------------- Done invoking toplevel() on ptolemy.moml.MoMLSimpleApplication@4ac6d5b0
reloadAllAccessors: .DiscreteClock23

===========================================================================================
----------------- testing Fri Jun 26 14:57:05 UTC 2020 /home/travis/build/icyphy/ptII/ptolemy/actor/lib/test/auto/DiscreteClock24.xml
----------------- Instantiating /home/travis/build/icyphy/ptII/ptolemy/actor/lib/test/auto/DiscreteClock24.xml
4 ms. Memory: 458752K Free: 160068K (35%)
----------------- Invoking toplevel() on ptolemy.moml.MoMLSimpleApplication@1f1ee720
----------------- Done invoking toplevel() on ptolemy.moml.MoMLSimpleApplication@1f1ee720
reloadAllAccessors: .DiscreteClock24

===========================================================================================
----------------- testing Fri Jun 26 14:57:05 UTC 2020 /home/travis/build/icyphy/ptII/ptolemy/actor/lib/test/auto/DiscreteClock4.xml
----------------- Instantiating /home/travis/build/icyphy/ptII/ptolemy/actor/lib/test/auto/DiscreteClock4.xml
1 ms. Memory: 458752K Free: 154438K (34%)
----------------- Invoking toplevel() on ptolemy.moml.MoMLSimpleApplication@7d76e6ad
----------------- Done invoking toplevel() on ptolemy.moml.MoMLSimpleApplication@7d76e6ad
reloadAllAccessors: .DiscreteClock4

===========================================================================================
----------------- testing Fri Jun 26 14:57:05 UTC 2020 /home/travis/build/icyphy/ptII/ptolemy/actor/lib/test/auto/DiscreteClock5.xml
----------------- Instantiating /home/travis/build/icyphy/ptII/ptolemy/actor/lib/test/auto/DiscreteClock5.xml
2 ms. Memory: 458752K Free: 149318K (33%)
----------------- Invoking toplevel() on ptolemy.moml.MoMLSimpleApplication@6a7ecbc0
----------------- Done invoking toplevel() on ptolemy.moml.MoMLSimpleApplication@6a7ecbc0
reloadAllAccessors: .DiscreteClock5

===========================================================================================
----------------- testing Fri Jun 26 14:57:05 UTC 2020 /home/travis/build/icyphy/ptII/ptolemy/actor/lib/test/auto/DiscreteClock6.xml
----------------- Instantiating /home/travis/build/icyphy/ptII/ptolemy/actor/lib/test/auto/DiscreteClock6.xml
1 ms. Memory: 458752K Free: 406254K (89%)
----------------- Invoking toplevel() on ptolemy.moml.MoMLSimpleApplication@1dc068c6
----------------- Done invoking toplevel() on ptolemy.moml.MoMLSimpleApplication@1dc068c6
reloadAllAccessors: .DiscreteClock6

===========================================================================================
----------------- testing Fri Jun 26 14:57:05 UTC 2020 /home/travis/build/icyphy/ptII/ptolemy/actor/lib/test/auto/DiscreteClock7.xml
----------------- Instantiating /home/travis/build/icyphy/ptII/ptolemy/actor/lib/test/auto/DiscreteClock7.xml
1 ms. Memory: 458752K Free: 401399K (87%)
----------------- Invoking toplevel() on ptolemy.moml.MoMLSimpleApplication@3f99a6b7
----------------- Done invoking toplevel() on ptolemy.moml.MoMLSimpleApplication@3f99a6b7
reloadAllAccessors: .DiscreteClock7

===========================================================================================
----------------- testing Fri Jun 26 14:57:05 UTC 2020 /home/travis/build/icyphy/ptII/ptolemy/actor/lib/test/auto/DiscreteClock8.xml
----------------- Instantiating /home/travis/build/icyphy/ptII/ptolemy/actor/lib/test/auto/DiscreteClock8.xml
5 ms. Memory: 458752K Free: 395769K (86%)
----------------- Invoking toplevel() on ptolemy.moml.MoMLSimpleApplication@7c1b5293
----------------- Done invoking toplevel() on ptolemy.moml.MoMLSimpleApplication@7c1b5293
reloadAllAccessors: .DiscreteClock8

===========================================================================================
----------------- testing Fri Jun 26 14:57:06 UTC 2020 /home/travis/build/icyphy/ptII/ptolemy/actor/lib/test/auto/DiscreteClock9.xml
----------------- Instantiating /home/travis/build/icyphy/ptII/ptolemy/actor/lib/test/auto/DiscreteClock9.xml
4 ms. Memory: 458752K Free: 390105K (85%)
----------------- Invoking toplevel() on ptolemy.moml.MoMLSimpleApplication@3ddc6763
----------------- Done invoking toplevel() on ptolemy.moml.MoMLSimpleApplication@3ddc6763
reloadAllAccessors: .DiscreteClock9

===========================================================================================
----------------- testing Fri Jun 26 14:57:06 UTC 2020 /home/travis/build/icyphy/ptII/ptolemy/actor/lib/test/auto/DisplayArray.xml
----------------- Instantiating /home/travis/build/icyphy/ptII/ptolemy/actor/lib/test/auto/DisplayArray.xml
2 ms. Memory: 458752K Free: 386553K (84%)
----------------- Invoking toplevel() on ptolemy.moml.MoMLSimpleApplication@7badc580
----------------- Done invoking toplevel() on ptolemy.moml.MoMLSimpleApplication@7badc580
reloadAllAccessors: .DisplayArray

===========================================================================================
----------------- testing Fri Jun 26 14:57:06 UTC 2020 /home/travis/build/icyphy/ptII/ptolemy/actor/lib/test/auto/Distributor.xml
----------------- Instantiating /home/travis/build/icyphy/ptII/ptolemy/actor/lib/test/auto/Distributor.xml
1 ms. Memory: 458752K Free: 381943K (83%)
----------------- Invoking toplevel() on ptolemy.moml.MoMLSimpleApplication@4526b4a3
----------------- Done invoking toplevel() on ptolemy.moml.MoMLSimpleApplication@4526b4a3
reloadAllAccessors: .Distributor

===========================================================================================
----------------- testing Fri Jun 26 14:57:06 UTC 2020 /home/travis/build/icyphy/ptII/ptolemy/actor/lib/test/auto/Distributor2.xml
----------------- Instantiating /home/travis/build/icyphy/ptII/ptolemy/actor/lib/test/auto/Distributor2.xml
1 ms. Memory: 458752K Free: 377337K (82%)
----------------- Invoking toplevel() on ptolemy.moml.MoMLSimpleApplication@e30075
----------------- Done invoking toplevel() on ptolemy.moml.MoMLSimpleApplication@e30075
reloadAllAccessors: .Distributor2

===========================================================================================
----------------- testing Fri Jun 26 14:57:06 UTC 2020 /home/travis/build/icyphy/ptII/ptolemy/actor/lib/test/auto/DownSample.xml
----------------- Instantiating /home/travis/build/icyphy/ptII/ptolemy/actor/lib/test/auto/DownSample.xml
2 ms. Memory: 458752K Free: 372217K (81%)
----------------- Invoking toplevel() on ptolemy.moml.MoMLSimpleApplication@319229e0
----------------- Done invoking toplevel() on ptolemy.moml.MoMLSimpleApplication@319229e0
reloadAllAccessors: .DownSample

===========================================================================================
----------------- testing Fri Jun 26 14:57:06 UTC 2020 /home/travis/build/icyphy/ptII/ptolemy/actor/lib/test/auto/ElectronicUnitBase1.xml
----------------- Instantiating /home/travis/build/icyphy/ptII/ptolemy/actor/lib/test/auto/ElectronicUnitBase1.xml
15 ms. Memory: 458752K Free: 356343K (78%)
----------------- Invoking toplevel() on ptolemy.moml.MoMLSimpleApplication@1be6ef80
----------------- Done invoking toplevel() on ptolemy.moml.MoMLSimpleApplication@1be6ef80
reloadAllAccessors: .ElectronicUnitBase1

===========================================================================================
----------------- testing Fri Jun 26 14:57:06 UTC 2020 /home/travis/build/icyphy/ptII/ptolemy/actor/lib/test/auto/ElementsToArray.xml
----------------- Instantiating /home/travis/build/icyphy/ptII/ptolemy/actor/lib/test/auto/ElementsToArray.xml
2 ms. Memory: 458752K Free: 351223K (77%)
----------------- Invoking toplevel() on ptolemy.moml.MoMLSimpleApplication@5b74489
----------------- Done invoking toplevel() on ptolemy.moml.MoMLSimpleApplication@5b74489
reloadAllAccessors: .ElementsToArray

===========================================================================================
----------------- testing Fri Jun 26 14:57:06 UTC 2020 /home/travis/build/icyphy/ptII/ptolemy/actor/lib/test/auto/Equals.xml
----------------- Instantiating /home/travis/build/icyphy/ptII/ptolemy/actor/lib/test/auto/Equals.xml
3 ms. Memory: 458752K Free: 346617K (76%)
----------------- Invoking toplevel() on ptolemy.moml.MoMLSimpleApplication@6046b7ef
----------------- Done invoking toplevel() on ptolemy.moml.MoMLSimpleApplication@6046b7ef
reloadAllAccessors: .Equals

===========================================================================================
----------------- testing Fri Jun 26 14:57:06 UTC 2020 /home/travis/build/icyphy/ptII/ptolemy/actor/lib/test/auto/Exec.xml
----------------- Instantiating /home/travis/build/icyphy/ptII/ptolemy/actor/lib/test/auto/Exec.xml
16 ms. Memory: 458752K Free: 340969K (74%)
----------------- Invoking toplevel() on ptolemy.moml.MoMLSimpleApplication@2a55fa62
----------------- Done invoking toplevel() on ptolemy.moml.MoMLSimpleApplication@2a55fa62
reloadAllAccessors: .Exec

===========================================================================================
----------------- testing Fri Jun 26 14:57:06 UTC 2020 /home/travis/build/icyphy/ptII/ptolemy/actor/lib/test/auto/ExecEnvironment.xml
----------------- Instantiating /home/travis/build/icyphy/ptII/ptolemy/actor/lib/test/auto/ExecEnvironment.xml
19 ms. Memory: 458752K Free: 335863K (73%)
----------------- Invoking toplevel() on ptolemy.moml.MoMLSimpleApplication@482c513f
----------------- Done invoking toplevel() on ptolemy.moml.MoMLSimpleApplication@482c513f
reloadAllAccessors: .ExecEnvironment

===========================================================================================
----------------- testing Fri Jun 26 14:57:06 UTC 2020 /home/travis/build/icyphy/ptII/ptolemy/actor/lib/test/auto/ExecNonZeroReturnOutput.xml
----------------- Instantiating /home/travis/build/icyphy/ptII/ptolemy/actor/lib/test/auto/ExecNonZeroReturnOutput.xml
149 ms. Memory: 458752K Free: 325113K (71%)
----------------- Invoking toplevel() on ptolemy.moml.MoMLSimpleApplication@546ba0e1
----------------- Done invoking toplevel() on ptolemy.moml.MoMLSimpleApplication@546ba0e1
reloadAllAccessors: .ExecNonZeroReturnOutput

===========================================================================================
----------------- testing Fri Jun 26 14:57:06 UTC 2020 /home/travis/build/icyphy/ptII/ptolemy/actor/lib/test/auto/ExecRunDemos.xml
----------------- Instantiating /home/travis/build/icyphy/ptII/ptolemy/actor/lib/test/auto/ExecRunDemos.xml
Finished: 114 ms. Memory: 129024K Free: 112128K (87%)

Finished: 93 ms. Memory: 129024K Free: 109466K (85%)

Finished: 102 ms. Memory: 129024K Free: 109496K (85%)

Finished: 61 ms. Memory: 129024K Free: 111106K (86%)

Finished: 76 ms. Memory: 129024K Free: 112186K (87%)

10891 ms. Memory: 458752K Free: 303607K (66%)
----------------- Invoking toplevel() on ptolemy.moml.MoMLSimpleApplication@70f78b8
----------------- Done invoking toplevel() on ptolemy.moml.MoMLSimpleApplication@70f78b8
reloadAllAccessors: .ExecRunDemos

===========================================================================================
----------------- testing Fri Jun 26 14:57:17 UTC 2020 /home/travis/build/icyphy/ptII/ptolemy/actor/lib/test/auto/ExecStop.xml
----------------- Instantiating /home/travis/build/icyphy/ptII/ptolemy/actor/lib/test/auto/ExecStop.xml
5021 ms. Memory: 458752K Free: 174071K (38%)
----------------- Invoking toplevel() on ptolemy.moml.MoMLSimpleApplication@63bef4f4
----------------- Done invoking toplevel() on ptolemy.moml.MoMLSimpleApplication@63bef4f4
reloadAllAccessors: .ExecStop

===========================================================================================
----------------- testing Fri Jun 26 14:57:22 UTC 2020 /home/travis/build/icyphy/ptII/ptolemy/actor/lib/test/auto/ExecutionTimeSDF.xml
----------------- Instantiating /home/travis/build/icyphy/ptII/ptolemy/actor/lib/test/auto/ExecutionTimeSDF.xml
Fired ExecutionTime: -427767296
Fired ExecutionTime: 1539200000
Fired ExecutionTime: -169767296
6008 ms. Memory: 458752K Free: 161783K (35%)
----------------- Invoking toplevel() on ptolemy.moml.MoMLSimpleApplication@2b6d7229
----------------- Done invoking toplevel() on ptolemy.moml.MoMLSimpleApplication@2b6d7229
reloadAllAccessors: .ExecutionTimeSDF

===========================================================================================
----------------- testing Fri Jun 26 14:57:28 UTC 2020 /home/travis/build/icyphy/ptII/ptolemy/actor/lib/test/auto/Expression1.xml
----------------- Instantiating /home/travis/build/icyphy/ptII/ptolemy/actor/lib/test/auto/Expression1.xml
2 ms. Memory: 458752K Free: 158201K (34%)
----------------- Invoking toplevel() on ptolemy.moml.MoMLSimpleApplication@1e0908c5
----------------- Done invoking toplevel() on ptolemy.moml.MoMLSimpleApplication@1e0908c5
reloadAllAccessors: .Expression1

===========================================================================================
----------------- testing Fri Jun 26 14:57:28 UTC 2020 /home/travis/build/icyphy/ptII/ptolemy/actor/lib/test/auto/Expression10.xml
----------------- Instantiating /home/travis/build/icyphy/ptII/ptolemy/actor/lib/test/auto/Expression10.xml
8 ms. Memory: 458752K Free: 153081K (33%)
----------------- Invoking toplevel() on ptolemy.moml.MoMLSimpleApplication@10827f42
----------------- Done invoking toplevel() on ptolemy.moml.MoMLSimpleApplication@10827f42
reloadAllAccessors: .Expression10

===========================================================================================
----------------- testing Fri Jun 26 14:57:28 UTC 2020 /home/travis/build/icyphy/ptII/ptolemy/actor/lib/test/auto/Expression11.xml
----------------- Instantiating /home/travis/build/icyphy/ptII/ptolemy/actor/lib/test/auto/Expression11.xml
3 ms. Memory: 458752K Free: 148471K (32%)
----------------- Invoking toplevel() on ptolemy.moml.MoMLSimpleApplication@6d581252
----------------- Done invoking toplevel() on ptolemy.moml.MoMLSimpleApplication@6d581252
reloadAllAccessors: .Expression11

===========================================================================================
----------------- testing Fri Jun 26 14:57:28 UTC 2020 /home/travis/build/icyphy/ptII/ptolemy/actor/lib/test/auto/Expression12.xml
----------------- Instantiating /home/travis/build/icyphy/ptII/ptolemy/actor/lib/test/auto/Expression12.xml
3 ms. Memory: 458752K Free: 142841K (31%)
----------------- Invoking toplevel() on ptolemy.moml.MoMLSimpleApplication@51857732
----------------- Done invoking toplevel() on ptolemy.moml.MoMLSimpleApplication@51857732
reloadAllAccessors: .Expression12

===========================================================================================
----------------- testing Fri Jun 26 14:57:28 UTC 2020 /home/travis/build/icyphy/ptII/ptolemy/actor/lib/test/auto/Expression13.xml
----------------- Instantiating /home/travis/build/icyphy/ptII/ptolemy/actor/lib/test/auto/Expression13.xml
4 ms. Memory: 458752K Free: 137721K (30%)
----------------- Invoking toplevel() on ptolemy.moml.MoMLSimpleApplication@60ad8033
----------------- Done invoking toplevel() on ptolemy.moml.MoMLSimpleApplication@60ad8033
reloadAllAccessors: .Expression13

===========================================================================================
----------------- testing Fri Jun 26 14:57:28 UTC 2020 /home/travis/build/icyphy/ptII/ptolemy/actor/lib/test/auto/Expression14.xml
----------------- Instantiating /home/travis/build/icyphy/ptII/ptolemy/actor/lib/test/auto/Expression14.xml
8 ms. Memory: 458752K Free: 402930K (88%)
----------------- Invoking toplevel() on ptolemy.moml.MoMLSimpleApplication@302c3e28
----------------- Done invoking toplevel() on ptolemy.moml.MoMLSimpleApplication@302c3e28
reloadAllAccessors: .Expression14

===========================================================================================
----------------- testing Fri Jun 26 14:57:28 UTC 2020 /home/travis/build/icyphy/ptII/ptolemy/actor/lib/test/auto/Expression15.xml
----------------- Instantiating /home/travis/build/icyphy/ptII/ptolemy/actor/lib/test/auto/Expression15.xml
1 ms. Memory: 458752K Free: 399344K (87%)
----------------- Invoking toplevel() on ptolemy.moml.MoMLSimpleApplication@7d3756b3
----------------- Done invoking toplevel() on ptolemy.moml.MoMLSimpleApplication@7d3756b3
reloadAllAccessors: .Expression15

===========================================================================================
----------------- testing Fri Jun 26 14:57:28 UTC 2020 /home/travis/build/icyphy/ptII/ptolemy/actor/lib/test/auto/Expression16.xml
----------------- Instantiating /home/travis/build/icyphy/ptII/ptolemy/actor/lib/test/auto/Expression16.xml
3 ms. Memory: 458752K Free: 394224K (86%)
----------------- Invoking toplevel() on ptolemy.moml.MoMLSimpleApplication@40777a1e
----------------- Done invoking toplevel() on ptolemy.moml.MoMLSimpleApplication@40777a1e
reloadAllAccessors: .Expression16

===========================================================================================
----------------- testing Fri Jun 26 14:57:28 UTC 2020 /home/travis/build/icyphy/ptII/ptolemy/actor/lib/test/auto/Expression17.xml
----------------- Instantiating /home/travis/build/icyphy/ptII/ptolemy/actor/lib/test/auto/Expression17.xml
3 ms. Memory: 458752K Free: 389104K (85%)
----------------- Invoking toplevel() on ptolemy.moml.MoMLSimpleApplication@2bf90d4d
----------------- Done invoking toplevel() on ptolemy.moml.MoMLSimpleApplication@2bf90d4d
reloadAllAccessors: .Expression17

===========================================================================================
----------------- testing Fri Jun 26 14:57:28 UTC 2020 /home/travis/build/icyphy/ptII/ptolemy/actor/lib/test/auto/Expression18.xml
----------------- Instantiating /home/travis/build/icyphy/ptII/ptolemy/actor/lib/test/auto/Expression18.xml
2 ms. Memory: 458752K Free: 383984K (84%)
----------------- Invoking toplevel() on ptolemy.moml.MoMLSimpleApplication@32457f1f
----------------- Done invoking toplevel() on ptolemy.moml.MoMLSimpleApplication@32457f1f
reloadAllAccessors: .Expression18

===========================================================================================
----------------- testing Fri Jun 26 14:57:28 UTC 2020 /home/travis/build/icyphy/ptII/ptolemy/actor/lib/test/auto/Expression2.xml
----------------- Instantiating /home/travis/build/icyphy/ptII/ptolemy/actor/lib/test/auto/Expression2.xml
3 ms. Memory: 458752K Free: 378864K (83%)
----------------- Invoking toplevel() on ptolemy.moml.MoMLSimpleApplication@1379453c
----------------- Done invoking toplevel() on ptolemy.moml.MoMLSimpleApplication@1379453c
reloadAllAccessors: .Expression2

===========================================================================================
----------------- testing Fri Jun 26 14:57:28 UTC 2020 /home/travis/build/icyphy/ptII/ptolemy/actor/lib/test/auto/Expression3.xml
----------------- Instantiating /home/travis/build/icyphy/ptII/ptolemy/actor/lib/test/auto/Expression3.xml
6 ms. Memory: 458752K Free: 374258K (82%)
----------------- Invoking toplevel() on ptolemy.moml.MoMLSimpleApplication@1d912806
----------------- Done invoking toplevel() on ptolemy.moml.MoMLSimpleApplication@1d912806
reloadAllAccessors: .Expression3

===========================================================================================
----------------- testing Fri Jun 26 14:57:28 UTC 2020 /home/travis/build/icyphy/ptII/ptolemy/actor/lib/test/auto/Expression4.xml
----------------- Instantiating /home/travis/build/icyphy/ptII/ptolemy/actor/lib/test/auto/Expression4.xml
5 ms. Memory: 458752K Free: 366576K (80%)
----------------- Invoking toplevel() on ptolemy.moml.MoMLSimpleApplication@5816de72
----------------- Done invoking toplevel() on ptolemy.moml.MoMLSimpleApplication@5816de72
reloadAllAccessors: .Expression4

===========================================================================================
----------------- testing Fri Jun 26 14:57:28 UTC 2020 /home/travis/build/icyphy/ptII/ptolemy/actor/lib/test/auto/Expression5.xml
----------------- Instantiating /home/travis/build/icyphy/ptII/ptolemy/actor/lib/test/auto/Expression5.xml
3 ms. Memory: 458752K Free: 361456K (79%)
----------------- Invoking toplevel() on ptolemy.moml.MoMLSimpleApplication@3f479216
----------------- Done invoking toplevel() on ptolemy.moml.MoMLSimpleApplication@3f479216
reloadAllAccessors: .Expression5

===========================================================================================
----------------- testing Fri Jun 26 14:57:28 UTC 2020 /home/travis/build/icyphy/ptII/ptolemy/actor/lib/test/auto/Expression6.xml
----------------- Instantiating /home/travis/build/icyphy/ptII/ptolemy/actor/lib/test/auto/Expression6.xml
2 ms. Memory: 458752K Free: 356850K (78%)
----------------- Invoking toplevel() on ptolemy.moml.MoMLSimpleApplication@509eef1d
----------------- Done invoking toplevel() on ptolemy.moml.MoMLSimpleApplication@509eef1d
reloadAllAccessors: .Expression6

===========================================================================================
----------------- testing Fri Jun 26 14:57:28 UTC 2020 /home/travis/build/icyphy/ptII/ptolemy/actor/lib/test/auto/Expression7.xml
----------------- Instantiating /home/travis/build/icyphy/ptII/ptolemy/actor/lib/test/auto/Expression7.xml
3 ms. Memory: 458752K Free: 351730K (77%)
----------------- Invoking toplevel() on ptolemy.moml.MoMLSimpleApplication@242cf6
----------------- Done invoking toplevel() on ptolemy.moml.MoMLSimpleApplication@242cf6
reloadAllAccessors: .Expression7

===========================================================================================
----------------- testing Fri Jun 26 14:57:28 UTC 2020 /home/travis/build/icyphy/ptII/ptolemy/actor/lib/test/auto/Expression8.xml
----------------- Instantiating /home/travis/build/icyphy/ptII/ptolemy/actor/lib/test/auto/Expression8.xml
3 ms. Memory: 458752K Free: 347120K (76%)
----------------- Invoking toplevel() on ptolemy.moml.MoMLSimpleApplication@6c3e6494
----------------- Done invoking toplevel() on ptolemy.moml.MoMLSimpleApplication@6c3e6494
reloadAllAccessors: .Expression8

===========================================================================================
----------------- testing Fri Jun 26 14:57:28 UTC 2020 /home/travis/build/icyphy/ptII/ptolemy/actor/lib/test/auto/Expression9.xml
----------------- Instantiating /home/travis/build/icyphy/ptII/ptolemy/actor/lib/test/auto/Expression9.xml
1 ms. Memory: 458752K Free: 343024K (75%)
----------------- Invoking toplevel() on ptolemy.moml.MoMLSimpleApplication@4b8746fe
----------------- Done invoking toplevel() on ptolemy.moml.MoMLSimpleApplication@4b8746fe
reloadAllAccessors: .Expression9

===========================================================================================
----------------- testing Fri Jun 26 14:57:28 UTC 2020 /home/travis/build/icyphy/ptII/ptolemy/actor/lib/test/auto/ExpressionConcatenateArrayType.xml
----------------- Instantiating /home/travis/build/icyphy/ptII/ptolemy/actor/lib/test/auto/ExpressionConcatenateArrayType.xml
2 ms. Memory: 458752K Free: 336370K (73%)
----------------- Invoking toplevel() on ptolemy.moml.MoMLSimpleApplication@3805ad75
----------------- Done invoking toplevel() on ptolemy.moml.MoMLSimpleApplication@3805ad75
reloadAllAccessors: .ExpressionConcatenateArrayType

===========================================================================================
----------------- testing Fri Jun 26 14:57:28 UTC 2020 /home/travis/build/icyphy/ptII/ptolemy/actor/lib/test/auto/ExpressionConcatenateArrayType2.xml
----------------- Instantiating /home/travis/build/icyphy/ptII/ptolemy/actor/lib/test/auto/ExpressionConcatenateArrayType2.xml
2 ms. Memory: 458752K Free: 330736K (72%)
----------------- Invoking toplevel() on ptolemy.moml.MoMLSimpleApplication@59c77fc8
----------------- Done invoking toplevel() on ptolemy.moml.MoMLSimpleApplication@59c77fc8
reloadAllAccessors: .ExpressionConcatenateArrayType2

===========================================================================================
----------------- testing Fri Jun 26 14:57:28 UTC 2020 /home/travis/build/icyphy/ptII/ptolemy/actor/lib/test/auto/ExpressionFix.xml
----------------- Instantiating /home/travis/build/icyphy/ptII/ptolemy/actor/lib/test/auto/ExpressionFix.xml
24 ms. Memory: 458752K Free: 324082K (71%)
----------------- Invoking toplevel() on ptolemy.moml.MoMLSimpleApplication@79580be8
----------------- Done invoking toplevel() on ptolemy.moml.MoMLSimpleApplication@79580be8
reloadAllAccessors: .ExpressionFix

===========================================================================================
----------------- testing Fri Jun 26 14:57:28 UTC 2020 /home/travis/build/icyphy/ptII/ptolemy/actor/lib/test/auto/ExpressionFix2.xml
----------------- Instantiating /home/travis/build/icyphy/ptII/ptolemy/actor/lib/test/auto/ExpressionFix2.xml
4 ms. Memory: 458752K Free: 319986K (70%)
----------------- Invoking toplevel() on ptolemy.moml.MoMLSimpleApplication@346ab6d5
----------------- Done invoking toplevel() on ptolemy.moml.MoMLSimpleApplication@346ab6d5
reloadAllAccessors: .ExpressionFix2

===========================================================================================
----------------- testing Fri Jun 26 14:57:28 UTC 2020 /home/travis/build/icyphy/ptII/ptolemy/actor/lib/test/auto/ExpressionFix3.xml
----------------- Instantiating /home/travis/build/icyphy/ptII/ptolemy/actor/lib/test/auto/ExpressionFix3.xml
4 ms. Memory: 458752K Free: 315890K (69%)
----------------- Invoking toplevel() on ptolemy.moml.MoMLSimpleApplication@7a5f6732
----------------- Done invoking toplevel() on ptolemy.moml.MoMLSimpleApplication@7a5f6732
reloadAllAccessors: .ExpressionFix3

===========================================================================================
----------------- testing Fri Jun 26 14:57:28 UTC 2020 /home/travis/build/icyphy/ptII/ptolemy/actor/lib/test/auto/FileWriter1.xml
----------------- Instantiating /home/travis/build/icyphy/ptII/ptolemy/actor/lib/test/auto/FileWriter1.xml
2 ms. Memory: 458752K Free: 311794K (68%)
----------------- Invoking toplevel() on ptolemy.moml.MoMLSimpleApplication@2b9f442a
----------------- Done invoking toplevel() on ptolemy.moml.MoMLSimpleApplication@2b9f442a
reloadAllAccessors: .FileWriter1

===========================================================================================
----------------- testing Fri Jun 26 14:57:28 UTC 2020 /home/travis/build/icyphy/ptII/ptolemy/actor/lib/test/auto/FileWriter2.xml
----------------- Instantiating /home/travis/build/icyphy/ptII/ptolemy/actor/lib/test/auto/FileWriter2.xml
2 ms. Memory: 458752K Free: 307184K (67%)
----------------- Invoking toplevel() on ptolemy.moml.MoMLSimpleApplication@6d70b3f7
----------------- Done invoking toplevel() on ptolemy.moml.MoMLSimpleApplication@6d70b3f7
reloadAllAccessors: .FileWriter2

===========================================================================================
----------------- testing Fri Jun 26 14:57:28 UTC 2020 /home/travis/build/icyphy/ptII/ptolemy/actor/lib/test/auto/FileWriter3.xml
----------------- Instantiating /home/travis/build/icyphy/ptII/ptolemy/actor/lib/test/auto/FileWriter3.xml
2 ms. Memory: 458752K Free: 303088K (66%)
----------------- Invoking toplevel() on ptolemy.moml.MoMLSimpleApplication@2ed53f03
----------------- Done invoking toplevel() on ptolemy.moml.MoMLSimpleApplication@2ed53f03
reloadAllAccessors: .FileWriter3

===========================================================================================
----------------- testing Fri Jun 26 14:57:28 UTC 2020 /home/travis/build/icyphy/ptII/ptolemy/actor/lib/test/auto/Gaussian.xml
----------------- Instantiating /home/travis/build/icyphy/ptII/ptolemy/actor/lib/test/auto/Gaussian.xml
3 ms. Memory: 458752K Free: 298482K (65%)
----------------- Invoking toplevel() on ptolemy.moml.MoMLSimpleApplication@324b7d1
----------------- Done invoking toplevel() on ptolemy.moml.MoMLSimpleApplication@324b7d1
reloadAllAccessors: .Gaussian

===========================================================================================
----------------- testing Fri Jun 26 14:57:28 UTC 2020 /home/travis/build/icyphy/ptII/ptolemy/actor/lib/test/auto/Gaussian1.xml
----------------- Instantiating /home/travis/build/icyphy/ptII/ptolemy/actor/lib/test/auto/Gaussian1.xml
9 ms. Memory: 458752K Free: 292818K (64%)
----------------- Invoking toplevel() on ptolemy.moml.MoMLSimpleApplication@7d8a12d8
----------------- Done invoking toplevel() on ptolemy.moml.MoMLSimpleApplication@7d8a12d8
reloadAllAccessors: .Gaussian1

===========================================================================================
----------------- testing Fri Jun 26 14:57:29 UTC 2020 /home/travis/build/icyphy/ptII/ptolemy/actor/lib/test/auto/Gaussian2.xml
----------------- Instantiating /home/travis/build/icyphy/ptII/ptolemy/actor/lib/test/auto/Gaussian2.xml
2 ms. Memory: 458752K Free: 287218K (63%)
----------------- Invoking toplevel() on ptolemy.moml.MoMLSimpleApplication@341606e7
----------------- Done invoking toplevel() on ptolemy.moml.MoMLSimpleApplication@341606e7
reloadAllAccessors: .Gaussian2

===========================================================================================
----------------- testing Fri Jun 26 14:57:29 UTC 2020 /home/travis/build/icyphy/ptII/ptolemy/actor/lib/test/auto/GradientAdaptiveLattice.xml
----------------- Instantiating /home/travis/build/icyphy/ptII/ptolemy/actor/lib/test/auto/GradientAdaptiveLattice.xml
3 ms. Memory: 458752K Free: 282098K (61%)
----------------- Invoking toplevel() on ptolemy.moml.MoMLSimpleApplication@19f1e526
----------------- Done invoking toplevel() on ptolemy.moml.MoMLSimpleApplication@19f1e526
reloadAllAccessors: .GradientAdaptiveLattice

===========================================================================================
----------------- testing Fri Jun 26 14:57:29 UTC 2020 /home/travis/build/icyphy/ptII/ptolemy/actor/lib/test/auto/IIR.xml
----------------- Instantiating /home/travis/build/icyphy/ptII/ptolemy/actor/lib/test/auto/IIR.xml
2 ms. Memory: 458752K Free: 277488K (60%)
----------------- Invoking toplevel() on ptolemy.moml.MoMLSimpleApplication@7396c897
----------------- Done invoking toplevel() on ptolemy.moml.MoMLSimpleApplication@7396c897
reloadAllAccessors: .IIR

===========================================================================================
----------------- testing Fri Jun 26 14:57:29 UTC 2020 /home/travis/build/icyphy/ptII/ptolemy/actor/lib/test/auto/InputOutputTransparentPorts.xml
----------------- Instantiating /home/travis/build/icyphy/ptII/ptolemy/actor/lib/test/auto/InputOutputTransparentPorts.xml
2 ms. Memory: 458752K Free: 270320K (59%)
----------------- Invoking toplevel() on ptolemy.moml.MoMLSimpleApplication@606b2d95
----------------- Done invoking toplevel() on ptolemy.moml.MoMLSimpleApplication@606b2d95
reloadAllAccessors: .InputOutputTransparentPorts

===========================================================================================
----------------- testing Fri Jun 26 14:57:29 UTC 2020 /home/travis/build/icyphy/ptII/ptolemy/actor/lib/test/auto/Interpolator.xml
----------------- Instantiating /home/travis/build/icyphy/ptII/ptolemy/actor/lib/test/auto/Interpolator.xml
8 ms. Memory: 458752K Free: 266210K (58%)
----------------- Invoking toplevel() on ptolemy.moml.MoMLSimpleApplication@57c09b15
----------------- Done invoking toplevel() on ptolemy.moml.MoMLSimpleApplication@57c09b15
reloadAllAccessors: .Interpolator

===========================================================================================
----------------- testing Fri Jun 26 14:57:29 UTC 2020 /home/travis/build/icyphy/ptII/ptolemy/actor/lib/test/auto/InterpolatorFiringLimitDE.xml
----------------- Instantiating /home/travis/build/icyphy/ptII/ptolemy/actor/lib/test/auto/InterpolatorFiringLimitDE.xml
2 ms. Memory: 458752K Free: 260080K (57%)
----------------- Invoking toplevel() on ptolemy.moml.MoMLSimpleApplication@2ed68325
----------------- Done invoking toplevel() on ptolemy.moml.MoMLSimpleApplication@2ed68325
reloadAllAccessors: .InterpolatorFiringLimitDE

===========================================================================================
----------------- testing Fri Jun 26 14:57:29 UTC 2020 /home/travis/build/icyphy/ptII/ptolemy/actor/lib/test/auto/Lattice.xml
----------------- Instantiating /home/travis/build/icyphy/ptII/ptolemy/actor/lib/test/auto/Lattice.xml
1 ms. Memory: 458752K Free: 256498K (56%)
----------------- Invoking toplevel() on ptolemy.moml.MoMLSimpleApplication@339da108
----------------- Done invoking toplevel() on ptolemy.moml.MoMLSimpleApplication@339da108
reloadAllAccessors: .Lattice

===========================================================================================
----------------- testing Fri Jun 26 14:57:29 UTC 2020 /home/travis/build/icyphy/ptII/ptolemy/actor/lib/test/auto/LazyAOCTestLazy.xml
----------------- Instantiating /home/travis/build/icyphy/ptII/ptolemy/actor/lib/test/auto/LazyAOCTestLazy.xml
8 ms. Memory: 458752K Free: 250354K (55%)
----------------- Invoking toplevel() on ptolemy.moml.MoMLSimpleApplication@20163111
----------------- Done invoking toplevel() on ptolemy.moml.MoMLSimpleApplication@20163111
reloadAllAccessors: .LazyAOCTestLazy

===========================================================================================
----------------- testing Fri Jun 26 14:57:29 UTC 2020 /home/travis/build/icyphy/ptII/ptolemy/actor/lib/test/auto/LazyAOCTestNonLazy.xml
----------------- Instantiating /home/travis/build/icyphy/ptII/ptolemy/actor/lib/test/auto/LazyAOCTestNonLazy.xml
2 ms. Memory: 458752K Free: 243696K (53%)
----------------- Invoking toplevel() on ptolemy.moml.MoMLSimpleApplication@4908ac9d
----------------- Done invoking toplevel() on ptolemy.moml.MoMLSimpleApplication@4908ac9d
reloadAllAccessors: .LazyAOCTestNonLazy

===========================================================================================
----------------- testing Fri Jun 26 14:57:29 UTC 2020 /home/travis/build/icyphy/ptII/ptolemy/actor/lib/test/auto/LazyInnerClass.xml
----------------- Instantiating /home/travis/build/icyphy/ptII/ptolemy/actor/lib/test/auto/LazyInnerClass.xml
18 ms. Memory: 458752K Free: 234994K (51%)
----------------- Invoking toplevel() on ptolemy.moml.MoMLSimpleApplication@6c00d2db
----------------- Done invoking toplevel() on ptolemy.moml.MoMLSimpleApplication@6c00d2db
reloadAllAccessors: .LazyInnerClass

===========================================================================================
----------------- testing Fri Jun 26 14:57:29 UTC 2020 /home/travis/build/icyphy/ptII/ptolemy/actor/lib/test/auto/LazyPubSub.xml
----------------- Instantiating /home/travis/build/icyphy/ptII/ptolemy/actor/lib/test/auto/LazyPubSub.xml
27 ms. Memory: 458752K Free: 224754K (49%)
----------------- Invoking toplevel() on ptolemy.moml.MoMLSimpleApplication@52194d2e
----------------- Done invoking toplevel() on ptolemy.moml.MoMLSimpleApplication@52194d2e
reloadAllAccessors: .LazyPubSub

===========================================================================================
----------------- testing Fri Jun 26 14:57:29 UTC 2020 /home/travis/build/icyphy/ptII/ptolemy/actor/lib/test/auto/LazyPubSub2.xml
----------------- Instantiating /home/travis/build/icyphy/ptII/ptolemy/actor/lib/test/auto/LazyPubSub2.xml
19 ms. Memory: 458752K Free: 215024K (47%)
----------------- Invoking toplevel() on ptolemy.moml.MoMLSimpleApplication@3ce3bede
----------------- Done invoking toplevel() on ptolemy.moml.MoMLSimpleApplication@3ce3bede
reloadAllAccessors: .LazyPubSub2

===========================================================================================
----------------- testing Fri Jun 26 14:57:29 UTC 2020 /home/travis/build/icyphy/ptII/ptolemy/actor/lib/test/auto/LazyPubSub3.xml
----------------- Instantiating /home/travis/build/icyphy/ptII/ptolemy/actor/lib/test/auto/LazyPubSub3.xml
12 ms. Memory: 458752K Free: 204784K (45%)
----------------- Invoking toplevel() on ptolemy.moml.MoMLSimpleApplication@2da61a6e
----------------- Done invoking toplevel() on ptolemy.moml.MoMLSimpleApplication@2da61a6e
reloadAllAccessors: .LazyPubSub3

===========================================================================================
----------------- testing Fri Jun 26 14:57:29 UTC 2020 /home/travis/build/icyphy/ptII/ptolemy/actor/lib/test/auto/LazySubClassModel.xml
----------------- Instantiating /home/travis/build/icyphy/ptII/ptolemy/actor/lib/test/auto/LazySubClassModel.xml
2 ms. Memory: 458752K Free: 195568K (43%)
----------------- Invoking toplevel() on ptolemy.moml.MoMLSimpleApplication@7ea9f389
----------------- Done invoking toplevel() on ptolemy.moml.MoMLSimpleApplication@7ea9f389
reloadAllAccessors: .LazySubClassModel

===========================================================================================
----------------- testing Fri Jun 26 14:57:29 UTC 2020 /home/travis/build/icyphy/ptII/ptolemy/actor/lib/test/auto/LevelCrossTest1.xml
----------------- Instantiating /home/travis/build/icyphy/ptII/ptolemy/actor/lib/test/auto/LevelCrossTest1.xml
2 ms. Memory: 458752K Free: 189938K (41%)
----------------- Invoking toplevel() on ptolemy.moml.MoMLSimpleApplication@623bc1ff
----------------- Done invoking toplevel() on ptolemy.moml.MoMLSimpleApplication@623bc1ff
reloadAllAccessors: .broken

===========================================================================================
----------------- testing Fri Jun 26 14:57:29 UTC 2020 /home/travis/build/icyphy/ptII/ptolemy/actor/lib/test/auto/LevelCrossTest10.xml
----------------- Instantiating /home/travis/build/icyphy/ptII/ptolemy/actor/lib/test/auto/LevelCrossTest10.xml
1 ms. Memory: 458752K Free: 181746K (40%)
----------------- Invoking toplevel() on ptolemy.moml.MoMLSimpleApplication@6a98b44f
----------------- Done invoking toplevel() on ptolemy.moml.MoMLSimpleApplication@6a98b44f
reloadAllAccessors: .LevelCrossTest10

===========================================================================================
----------------- testing Fri Jun 26 14:57:29 UTC 2020 /home/travis/build/icyphy/ptII/ptolemy/actor/lib/test/auto/LevelCrossTest11.xml
----------------- Instantiating /home/travis/build/icyphy/ptII/ptolemy/actor/lib/test/auto/LevelCrossTest11.xml
1 ms. Memory: 458752K Free: 174578K (38%)
----------------- Invoking toplevel() on ptolemy.moml.MoMLSimpleApplication@25d018d5
----------------- Done invoking toplevel() on ptolemy.moml.MoMLSimpleApplication@25d018d5
reloadAllAccessors: .LevelCrossTest11

===========================================================================================
----------------- testing Fri Jun 26 14:57:29 UTC 2020 /home/travis/build/icyphy/ptII/ptolemy/actor/lib/test/auto/LevelCrossTest12.xml
----------------- Instantiating /home/travis/build/icyphy/ptII/ptolemy/actor/lib/test/auto/LevelCrossTest12.xml
1 ms. Memory: 458752K Free: 167410K (36%)
----------------- Invoking toplevel() on ptolemy.moml.MoMLSimpleApplication@6b751b05
----------------- Done invoking toplevel() on ptolemy.moml.MoMLSimpleApplication@6b751b05
reloadAllAccessors: .LevelCrossTest12

===========================================================================================
----------------- testing Fri Jun 26 14:57:29 UTC 2020 /home/travis/build/icyphy/ptII/ptolemy/actor/lib/test/auto/LevelCrossTest13.xml
----------------- Instantiating /home/travis/build/icyphy/ptII/ptolemy/actor/lib/test/auto/LevelCrossTest13.xml
1 ms. Memory: 458752K Free: 160242K (35%)
----------------- Invoking toplevel() on ptolemy.moml.MoMLSimpleApplication@d9521c0
----------------- Done invoking toplevel() on ptolemy.moml.MoMLSimpleApplication@d9521c0
reloadAllAccessors: .LevelCrossTest13

===========================================================================================
----------------- testing Fri Jun 26 14:57:29 UTC 2020 /home/travis/build/icyphy/ptII/ptolemy/actor/lib/test/auto/LevelCrossTest2.xml
----------------- Instantiating /home/travis/build/icyphy/ptII/ptolemy/actor/lib/test/auto/LevelCrossTest2.xml
1 ms. Memory: 458752K Free: 154608K (34%)
----------------- Invoking toplevel() on ptolemy.moml.MoMLSimpleApplication@8b028cf
----------------- Done invoking toplevel() on ptolemy.moml.MoMLSimpleApplication@8b028cf
reloadAllAccessors: .broken

===========================================================================================
----------------- testing Fri Jun 26 14:57:29 UTC 2020 /home/travis/build/icyphy/ptII/ptolemy/actor/lib/test/auto/LevelCrossTest3.xml
----------------- Instantiating /home/travis/build/icyphy/ptII/ptolemy/actor/lib/test/auto/LevelCrossTest3.xml
4 ms. Memory: 458752K Free: 147954K (32%)
----------------- Invoking toplevel() on ptolemy.moml.MoMLSimpleApplication@4a9dd94b
----------------- Done invoking toplevel() on ptolemy.moml.MoMLSimpleApplication@4a9dd94b
reloadAllAccessors: .LevelCrossTest3

===========================================================================================
----------------- testing Fri Jun 26 14:57:29 UTC 2020 /home/travis/build/icyphy/ptII/ptolemy/actor/lib/test/auto/LevelCrossTest4.xml
----------------- Instantiating /home/travis/build/icyphy/ptII/ptolemy/actor/lib/test/auto/LevelCrossTest4.xml
1 ms. Memory: 458752K Free: 142834K (31%)
----------------- Invoking toplevel() on ptolemy.moml.MoMLSimpleApplication@60c1f50f
----------------- Done invoking toplevel() on ptolemy.moml.MoMLSimpleApplication@60c1f50f
reloadAllAccessors: .broken

===========================================================================================
----------------- testing Fri Jun 26 14:57:29 UTC 2020 /home/travis/build/icyphy/ptII/ptolemy/actor/lib/test/auto/LevelCrossTest5.xml
----------------- Instantiating /home/travis/build/icyphy/ptII/ptolemy/actor/lib/test/auto/LevelCrossTest5.xml
1 ms. Memory: 458752K Free: 406826K (89%)
----------------- Invoking toplevel() on ptolemy.moml.MoMLSimpleApplication@18fc6751
----------------- Done invoking toplevel() on ptolemy.moml.MoMLSimpleApplication@18fc6751
reloadAllAccessors: .LevelCrossTest5

===========================================================================================
----------------- testing Fri Jun 26 14:57:29 UTC 2020 /home/travis/build/icyphy/ptII/ptolemy/actor/lib/test/auto/LevelCrossTest6.xml
----------------- Instantiating /home/travis/build/icyphy/ptII/ptolemy/actor/lib/test/auto/LevelCrossTest6.xml
4 ms. Memory: 458752K Free: 399658K (87%)
----------------- Invoking toplevel() on ptolemy.moml.MoMLSimpleApplication@817c9ae
----------------- Done invoking toplevel() on ptolemy.moml.MoMLSimpleApplication@817c9ae
reloadAllAccessors: .LevelCrossTest6

===========================================================================================
----------------- testing Fri Jun 26 14:57:29 UTC 2020 /home/travis/build/icyphy/ptII/ptolemy/actor/lib/test/auto/LevelCrossTest7.xml
----------------- Instantiating /home/travis/build/icyphy/ptII/ptolemy/actor/lib/test/auto/LevelCrossTest7.xml
1 ms. Memory: 458752K Free: 391466K (85%)
----------------- Invoking toplevel() on ptolemy.moml.MoMLSimpleApplication@50a6f574
----------------- Done invoking toplevel() on ptolemy.moml.MoMLSimpleApplication@50a6f574
reloadAllAccessors: .LevelCrossTest7

===========================================================================================
----------------- testing Fri Jun 26 14:57:29 UTC 2020 /home/travis/build/icyphy/ptII/ptolemy/actor/lib/test/auto/LevelCrossTest8.xml
----------------- Instantiating /home/travis/build/icyphy/ptII/ptolemy/actor/lib/test/auto/LevelCrossTest8.xml
1 ms. Memory: 458752K Free: 384298K (84%)
----------------- Invoking toplevel() on ptolemy.moml.MoMLSimpleApplication@5be8a6b6
----------------- Done invoking toplevel() on ptolemy.moml.MoMLSimpleApplication@5be8a6b6
reloadAllAccessors: .LevelCrossTest8

===========================================================================================
----------------- testing Fri Jun 26 14:57:29 UTC 2020 /home/travis/build/icyphy/ptII/ptolemy/actor/lib/test/auto/LevelCrossTest9.xml
----------------- Instantiating /home/travis/build/icyphy/ptII/ptolemy/actor/lib/test/auto/LevelCrossTest9.xml
1 ms. Memory: 458752K Free: 377644K (82%)
----------------- Invoking toplevel() on ptolemy.moml.MoMLSimpleApplication@60ac7ff9
----------------- Done invoking toplevel() on ptolemy.moml.MoMLSimpleApplication@60ac7ff9
reloadAllAccessors: .LevelCrossTest9

===========================================================================================
----------------- testing Fri Jun 26 14:57:29 UTC 2020 /home/travis/build/icyphy/ptII/ptolemy/actor/lib/test/auto/LevinsonDurbin.xml
----------------- Instantiating /home/travis/build/icyphy/ptII/ptolemy/actor/lib/test/auto/LevinsonDurbin.xml
9 ms. Memory: 458752K Free: 373548K (81%)
----------------- Invoking toplevel() on ptolemy.moml.MoMLSimpleApplication@469b914d
----------------- Done invoking toplevel() on ptolemy.moml.MoMLSimpleApplication@469b914d
reloadAllAccessors: .LevinsonDurbin

===========================================================================================
----------------- testing Fri Jun 26 14:57:29 UTC 2020 /home/travis/build/icyphy/ptII/ptolemy/actor/lib/test/auto/LevinsonDurbin2.xml
----------------- Instantiating /home/travis/build/icyphy/ptII/ptolemy/actor/lib/test/auto/LevinsonDurbin2.xml
2 ms. Memory: 458752K Free: 369452K (81%)
----------------- Invoking toplevel() on ptolemy.moml.MoMLSimpleApplication@54abe5b3
----------------- Done invoking toplevel() on ptolemy.moml.MoMLSimpleApplication@54abe5b3
reloadAllAccessors: .LevinsonDurbin2

===========================================================================================
----------------- testing Fri Jun 26 14:57:29 UTC 2020 /home/travis/build/icyphy/ptII/ptolemy/actor/lib/test/auto/LevinsonDurbin3.xml
----------------- Instantiating /home/travis/build/icyphy/ptII/ptolemy/actor/lib/test/auto/LevinsonDurbin3.xml
3 ms. Memory: 458752K Free: 365356K (80%)
----------------- Invoking toplevel() on ptolemy.moml.MoMLSimpleApplication@2dc6c25
----------------- Done invoking toplevel() on ptolemy.moml.MoMLSimpleApplication@2dc6c25
reloadAllAccessors: .LevinsonDurbin3

===========================================================================================
----------------- testing Fri Jun 26 14:57:29 UTC 2020 /home/travis/build/icyphy/ptII/ptolemy/actor/lib/test/auto/Limiter.xml
----------------- Instantiating /home/travis/build/icyphy/ptII/ptolemy/actor/lib/test/auto/Limiter.xml
4 ms. Memory: 458752K Free: 356140K (78%)
----------------- Invoking toplevel() on ptolemy.moml.MoMLSimpleApplication@188d48ba
----------------- Done invoking toplevel() on ptolemy.moml.MoMLSimpleApplication@188d48ba
reloadAllAccessors: .Limiter

===========================================================================================
----------------- testing Fri Jun 26 14:57:29 UTC 2020 /home/travis/build/icyphy/ptII/ptolemy/actor/lib/test/auto/LinearDifferenceEquationSystem.xml
----------------- Instantiating /home/travis/build/icyphy/ptII/ptolemy/actor/lib/test/auto/LinearDifferenceEquationSystem.xml
4 ms. Memory: 458752K Free: 348972K (76%)
----------------- Invoking toplevel() on ptolemy.moml.MoMLSimpleApplication@4cfd2255
----------------- Done invoking toplevel() on ptolemy.moml.MoMLSimpleApplication@4cfd2255
reloadAllAccessors: .LinearDifferenceEquationSystem

===========================================================================================
----------------- testing Fri Jun 26 14:57:29 UTC 2020 /home/travis/build/icyphy/ptII/ptolemy/actor/lib/test/auto/LookupTable.xml
----------------- Instantiating /home/travis/build/icyphy/ptII/ptolemy/actor/lib/test/auto/LookupTable.xml
2 ms. Memory: 458752K Free: 344362K (75%)
----------------- Invoking toplevel() on ptolemy.moml.MoMLSimpleApplication@49c615f9
----------------- Done invoking toplevel() on ptolemy.moml.MoMLSimpleApplication@49c615f9
reloadAllAccessors: .LookupTable

===========================================================================================
----------------- testing Fri Jun 26 14:57:29 UTC 2020 /home/travis/build/icyphy/ptII/ptolemy/actor/lib/test/auto/MathFunction.xml
----------------- Instantiating /home/travis/build/icyphy/ptII/ptolemy/actor/lib/test/auto/MathFunction.xml
1 ms. Memory: 458752K Free: 336170K (73%)
----------------- Invoking toplevel() on ptolemy.moml.MoMLSimpleApplication@6f7b2d45
----------------- Done invoking toplevel() on ptolemy.moml.MoMLSimpleApplication@6f7b2d45
reloadAllAccessors: .MathFunction

===========================================================================================
----------------- testing Fri Jun 26 14:57:29 UTC 2020 /home/travis/build/icyphy/ptII/ptolemy/actor/lib/test/auto/MathFunction2.xml
----------------- Instantiating /home/travis/build/icyphy/ptII/ptolemy/actor/lib/test/auto/MathFunction2.xml
9 ms. Memory: 458752K Free: 332074K (72%)
----------------- Invoking toplevel() on ptolemy.moml.MoMLSimpleApplication@236cf7f6
----------------- Done invoking toplevel() on ptolemy.moml.MoMLSimpleApplication@236cf7f6
reloadAllAccessors: .MathFunction2

===========================================================================================
----------------- testing Fri Jun 26 14:57:29 UTC 2020 /home/travis/build/icyphy/ptII/ptolemy/actor/lib/test/auto/MathFunction3.xml
----------------- Instantiating /home/travis/build/icyphy/ptII/ptolemy/actor/lib/test/auto/MathFunction3.xml
2 ms. Memory: 458752K Free: 324906K (71%)
----------------- Invoking toplevel() on ptolemy.moml.MoMLSimpleApplication@39c7bb3
----------------- Done invoking toplevel() on ptolemy.moml.MoMLSimpleApplication@39c7bb3
reloadAllAccessors: .MathFunction3

===========================================================================================
----------------- testing Fri Jun 26 14:57:29 UTC 2020 /home/travis/build/icyphy/ptII/ptolemy/actor/lib/test/auto/MatrixCropBoolean.xml
----------------- Instantiating /home/travis/build/icyphy/ptII/ptolemy/actor/lib/test/auto/MatrixCropBoolean.xml
2 ms. Memory: 458752K Free: 319756K (70%)
----------------- Invoking toplevel() on ptolemy.moml.MoMLSimpleApplication@49544206
----------------- Done invoking toplevel() on ptolemy.moml.MoMLSimpleApplication@49544206
reloadAllAccessors: .MatrixCropBoolean

===========================================================================================
----------------- testing Fri Jun 26 14:57:29 UTC 2020 /home/travis/build/icyphy/ptII/ptolemy/actor/lib/test/auto/MatrixCropComplex.xml
----------------- Instantiating /home/travis/build/icyphy/ptII/ptolemy/actor/lib/test/auto/MatrixCropComplex.xml
2 ms. Memory: 458752K Free: 314636K (69%)
----------------- Invoking toplevel() on ptolemy.moml.MoMLSimpleApplication@646cf2f8
----------------- Done invoking toplevel() on ptolemy.moml.MoMLSimpleApplication@646cf2f8
reloadAllAccessors: .MatrixCropComplex

===========================================================================================
----------------- testing Fri Jun 26 14:57:29 UTC 2020 /home/travis/build/icyphy/ptII/ptolemy/actor/lib/test/auto/MatrixCropDouble.xml
----------------- Instantiating /home/travis/build/icyphy/ptII/ptolemy/actor/lib/test/auto/MatrixCropDouble.xml
3 ms. Memory: 458752K Free: 309516K (67%)
----------------- Invoking toplevel() on ptolemy.moml.MoMLSimpleApplication@4ef2b472
----------------- Done invoking toplevel() on ptolemy.moml.MoMLSimpleApplication@4ef2b472
reloadAllAccessors: .MatrixCropDouble

===========================================================================================
----------------- testing Fri Jun 26 14:57:29 UTC 2020 /home/travis/build/icyphy/ptII/ptolemy/actor/lib/test/auto/MatrixCropFix.xml
----------------- Instantiating /home/travis/build/icyphy/ptII/ptolemy/actor/lib/test/auto/MatrixCropFix.xml
2 ms. Memory: 458752K Free: 304420K (66%)
----------------- Invoking toplevel() on ptolemy.moml.MoMLSimpleApplication@1150c90a
----------------- Done invoking toplevel() on ptolemy.moml.MoMLSimpleApplication@1150c90a
reloadAllAccessors: .MatrixCropFix

===========================================================================================
----------------- testing Fri Jun 26 14:57:29 UTC 2020 /home/travis/build/icyphy/ptII/ptolemy/actor/lib/test/auto/MatrixCropInt.xml
----------------- Instantiating /home/travis/build/icyphy/ptII/ptolemy/actor/lib/test/auto/MatrixCropInt.xml
1 ms. Memory: 458752K Free: 299820K (65%)
----------------- Invoking toplevel() on ptolemy.moml.MoMLSimpleApplication@1048308c
----------------- Done invoking toplevel() on ptolemy.moml.MoMLSimpleApplication@1048308c
reloadAllAccessors: .MatrixCropInt

===========================================================================================
----------------- testing Fri Jun 26 14:57:29 UTC 2020 /home/travis/build/icyphy/ptII/ptolemy/actor/lib/test/auto/MatrixCropLong.xml
----------------- Instantiating /home/travis/build/icyphy/ptII/ptolemy/actor/lib/test/auto/MatrixCropLong.xml
2 ms. Memory: 458752K Free: 294156K (64%)
----------------- Invoking toplevel() on ptolemy.moml.MoMLSimpleApplication@65fb0823
----------------- Done invoking toplevel() on ptolemy.moml.MoMLSimpleApplication@65fb0823
reloadAllAccessors: .MatrixCropLong

===========================================================================================
----------------- testing Fri Jun 26 14:57:29 UTC 2020 /home/travis/build/icyphy/ptII/ptolemy/actor/lib/test/auto/MatrixToArray.xml
----------------- Instantiating /home/travis/build/icyphy/ptII/ptolemy/actor/lib/test/auto/MatrixToArray.xml
5 ms. Memory: 458752K Free: 279340K (61%)
----------------- Invoking toplevel() on ptolemy.moml.MoMLSimpleApplication@5b9b9d43
----------------- Done invoking toplevel() on ptolemy.moml.MoMLSimpleApplication@5b9b9d43
reloadAllAccessors: .MatrixToArray

===========================================================================================
----------------- testing Fri Jun 26 14:57:30 UTC 2020 /home/travis/build/icyphy/ptII/ptolemy/actor/lib/test/auto/MaxIndex.xml
----------------- Instantiating /home/travis/build/icyphy/ptII/ptolemy/actor/lib/test/auto/MaxIndex.xml
5 ms. Memory: 458752K Free: 274220K (60%)
----------------- Invoking toplevel() on ptolemy.moml.MoMLSimpleApplication@57f5242b
----------------- Done invoking toplevel() on ptolemy.moml.MoMLSimpleApplication@57f5242b
reloadAllAccessors: .MaxIndex

===========================================================================================
----------------- testing Fri Jun 26 14:57:30 UTC 2020 /home/travis/build/icyphy/ptII/ptolemy/actor/lib/test/auto/Maximum.xml
----------------- Instantiating /home/travis/build/icyphy/ptII/ptolemy/actor/lib/test/auto/Maximum.xml
3 ms. Memory: 458752K Free: 267532K (58%)
----------------- Invoking toplevel() on ptolemy.moml.MoMLSimpleApplication@7e45ca79
----------------- Done invoking toplevel() on ptolemy.moml.MoMLSimpleApplication@7e45ca79
reloadAllAccessors: .Maximum

===========================================================================================
----------------- testing Fri Jun 26 14:57:30 UTC 2020 /home/travis/build/icyphy/ptII/ptolemy/actor/lib/test/auto/MaximumComplex.xml
----------------- Instantiating /home/travis/build/icyphy/ptII/ptolemy/actor/lib/test/auto/MaximumComplex.xml
5 ms. Memory: 458752K Free: 261404K (57%)
----------------- Invoking toplevel() on ptolemy.moml.MoMLSimpleApplication@67c8df03
----------------- Done invoking toplevel() on ptolemy.moml.MoMLSimpleApplication@67c8df03
reloadAllAccessors: .MaximumComplex

===========================================================================================
----------------- testing Fri Jun 26 14:57:30 UTC 2020 /home/travis/build/icyphy/ptII/ptolemy/actor/lib/test/auto/MethodCallTest.xml
----------------- Instantiating /home/travis/build/icyphy/ptII/ptolemy/actor/lib/test/auto/MethodCallTest.xml
3 ms. Memory: 458752K Free: 254764K (56%)
----------------- Invoking toplevel() on ptolemy.moml.MoMLSimpleApplication@7166bed1
----------------- Done invoking toplevel() on ptolemy.moml.MoMLSimpleApplication@7166bed1
reloadAllAccessors: .MethodCallTest

===========================================================================================
----------------- testing Fri Jun 26 14:57:30 UTC 2020 /home/travis/build/icyphy/ptII/ptolemy/actor/lib/test/auto/Minimum.xml
----------------- Instantiating /home/travis/build/icyphy/ptII/ptolemy/actor/lib/test/auto/Minimum.xml
2 ms. Memory: 458752K Free: 248092K (54%)
----------------- Invoking toplevel() on ptolemy.moml.MoMLSimpleApplication@68d4cd54
----------------- Done invoking toplevel() on ptolemy.moml.MoMLSimpleApplication@68d4cd54
reloadAllAccessors: .Minimum

===========================================================================================
----------------- testing Fri Jun 26 14:57:30 UTC 2020 /home/travis/build/icyphy/ptII/ptolemy/actor/lib/test/auto/MinimumComplex.xml
----------------- Instantiating /home/travis/build/icyphy/ptII/ptolemy/actor/lib/test/auto/MinimumComplex.xml
3 ms. Memory: 458752K Free: 241948K (53%)
----------------- Invoking toplevel() on ptolemy.moml.MoMLSimpleApplication@71352212
----------------- Done invoking toplevel() on ptolemy.moml.MoMLSimpleApplication@71352212
reloadAllAccessors: .MinimumComplex

===========================================================================================
----------------- testing Fri Jun 26 14:57:30 UTC 2020 /home/travis/build/icyphy/ptII/ptolemy/actor/lib/test/auto/MinimumMultiports.xml
----------------- Instantiating /home/travis/build/icyphy/ptII/ptolemy/actor/lib/test/auto/MinimumMultiports.xml
3 ms. Memory: 458752K Free: 233260K (51%)
----------------- Invoking toplevel() on ptolemy.moml.MoMLSimpleApplication@265cb64c
----------------- Done invoking toplevel() on ptolemy.moml.MoMLSimpleApplication@265cb64c
reloadAllAccessors: .MinimumMultiports

===========================================================================================
----------------- testing Fri Jun 26 14:57:30 UTC 2020 /home/travis/build/icyphy/ptII/ptolemy/actor/lib/test/auto/ModifyDate.xml
----------------- Instantiating /home/travis/build/icyphy/ptII/ptolemy/actor/lib/test/auto/ModifyDate.xml
8 ms. Memory: 458752K Free: 220458K (48%)
----------------- Invoking toplevel() on ptolemy.moml.MoMLSimpleApplication@6c980cfd
----------------- Done invoking toplevel() on ptolemy.moml.MoMLSimpleApplication@6c980cfd
reloadAllAccessors: .ModifyDate

===========================================================================================
----------------- testing Fri Jun 26 14:57:30 UTC 2020 /home/travis/build/icyphy/ptII/ptolemy/actor/lib/test/auto/ModifyDate2.xml
----------------- Instantiating /home/travis/build/icyphy/ptII/ptolemy/actor/lib/test/auto/ModifyDate2.xml
3 ms. Memory: 458752K Free: 211756K (46%)
----------------- Invoking toplevel() on ptolemy.moml.MoMLSimpleApplication@1b7c143e
----------------- Done invoking toplevel() on ptolemy.moml.MoMLSimpleApplication@1b7c143e
reloadAllAccessors: .ModifyDate2

===========================================================================================
----------------- testing Fri Jun 26 14:57:30 UTC 2020 /home/travis/build/icyphy/ptII/ptolemy/actor/lib/test/auto/MovingAverage.xml
----------------- Instantiating /home/travis/build/icyphy/ptII/ptolemy/actor/lib/test/auto/MovingAverage.xml
1 ms. Memory: 458752K Free: 206636K (45%)
----------------- Invoking toplevel() on ptolemy.moml.MoMLSimpleApplication@3a98a202
----------------- Done invoking toplevel() on ptolemy.moml.MoMLSimpleApplication@3a98a202
reloadAllAccessors: .MovingAverage

===========================================================================================
----------------- testing Fri Jun 26 14:57:30 UTC 2020 /home/travis/build/icyphy/ptII/ptolemy/actor/lib/test/auto/MovingMaximum.xml
----------------- Instantiating /home/travis/build/icyphy/ptII/ptolemy/actor/lib/test/auto/MovingMaximum.xml
1 ms. Memory: 458752K Free: 202540K (44%)
----------------- Invoking toplevel() on ptolemy.moml.MoMLSimpleApplication@32acbc5d
----------------- Done invoking toplevel() on ptolemy.moml.MoMLSimpleApplication@32acbc5d
reloadAllAccessors: .MovingMaximum

===========================================================================================
----------------- testing Fri Jun 26 14:57:30 UTC 2020 /home/travis/build/icyphy/ptII/ptolemy/actor/lib/test/auto/MultipleLinksToSameRelation.xml
----------------- Instantiating /home/travis/build/icyphy/ptII/ptolemy/actor/lib/test/auto/MultipleLinksToSameRelation.xml
2 ms. Memory: 458752K Free: 198444K (43%)
----------------- Invoking toplevel() on ptolemy.moml.MoMLSimpleApplication@3a5aef04
----------------- Done invoking toplevel() on ptolemy.moml.MoMLSimpleApplication@3a5aef04
reloadAllAccessors: .MultipleLinksToSameRelation

===========================================================================================
----------------- testing Fri Jun 26 14:57:30 UTC 2020 /home/travis/build/icyphy/ptII/ptolemy/actor/lib/test/auto/MultipleLinksToSameRelationDE.xml
----------------- Instantiating /home/travis/build/icyphy/ptII/ptolemy/actor/lib/test/auto/MultipleLinksToSameRelationDE.xml
2 ms. Memory: 458752K Free: 193820K (42%)
----------------- Invoking toplevel() on ptolemy.moml.MoMLSimpleApplication@7e27b637
----------------- Done invoking toplevel() on ptolemy.moml.MoMLSimpleApplication@7e27b637
reloadAllAccessors: .MultipleLinksToSameRelationDE

===========================================================================================
----------------- testing Fri Jun 26 14:57:30 UTC 2020 /home/travis/build/icyphy/ptII/ptolemy/actor/lib/test/auto/Multiplexor.xml
----------------- Instantiating /home/travis/build/icyphy/ptII/ptolemy/actor/lib/test/auto/Multiplexor.xml
2 ms. Memory: 458752K Free: 188204K (41%)
----------------- Invoking toplevel() on ptolemy.moml.MoMLSimpleApplication@62a4800a
----------------- Done invoking toplevel() on ptolemy.moml.MoMLSimpleApplication@62a4800a
reloadAllAccessors: .Multiplexor

===========================================================================================
----------------- testing Fri Jun 26 14:57:30 UTC 2020 /home/travis/build/icyphy/ptII/ptolemy/actor/lib/test/auto/Multiplexor1.xml
----------------- Instantiating /home/travis/build/icyphy/ptII/ptolemy/actor/lib/test/auto/Multiplexor1.xml
2 ms. Memory: 458752K Free: 182060K (40%)
----------------- Invoking toplevel() on ptolemy.moml.MoMLSimpleApplication@7ecf8e7b
----------------- Done invoking toplevel() on ptolemy.moml.MoMLSimpleApplication@7ecf8e7b
reloadAllAccessors: .Multiplexor1

===========================================================================================
----------------- testing Fri Jun 26 14:57:30 UTC 2020 /home/travis/build/icyphy/ptII/ptolemy/actor/lib/test/auto/Multiplexor2.xml
----------------- Instantiating /home/travis/build/icyphy/ptII/ptolemy/actor/lib/test/auto/Multiplexor2.xml
6 ms. Memory: 458752K Free: 175402K (38%)
----------------- Invoking toplevel() on ptolemy.moml.MoMLSimpleApplication@2322f792
----------------- Done invoking toplevel() on ptolemy.moml.MoMLSimpleApplication@2322f792
reloadAllAccessors: .Multiplexor2

===========================================================================================
----------------- testing Fri Jun 26 14:57:30 UTC 2020 /home/travis/build/icyphy/ptII/ptolemy/actor/lib/test/auto/Multiplexor3.xml
----------------- Instantiating /home/travis/build/icyphy/ptII/ptolemy/actor/lib/test/auto/Multiplexor3.xml
2 ms. Memory: 458752K Free: 171306K (37%)
----------------- Invoking toplevel() on ptolemy.moml.MoMLSimpleApplication@7c75c5b2
----------------- Done invoking toplevel() on ptolemy.moml.MoMLSimpleApplication@7c75c5b2
reloadAllAccessors: .Multiplexor3

===========================================================================================
----------------- testing Fri Jun 26 14:57:30 UTC 2020 /home/travis/build/icyphy/ptII/ptolemy/actor/lib/test/auto/MultiplexorDE.xml
----------------- Instantiating /home/travis/build/icyphy/ptII/ptolemy/actor/lib/test/auto/MultiplexorDE.xml
2 ms. Memory: 458752K Free: 163628K (36%)
----------------- Invoking toplevel() on ptolemy.moml.MoMLSimpleApplication@7897bd3c
----------------- Done invoking toplevel() on ptolemy.moml.MoMLSimpleApplication@7897bd3c
reloadAllAccessors: .MultiplexorDE

===========================================================================================
----------------- testing Fri Jun 26 14:57:30 UTC 2020 /home/travis/build/icyphy/ptII/ptolemy/actor/lib/test/auto/MultiportBroadcastTest.xml
----------------- Instantiating /home/travis/build/icyphy/ptII/ptolemy/actor/lib/test/auto/MultiportBroadcastTest.xml
99 ms. Memory: 458752K Free: 157484K (34%)
----------------- Invoking toplevel() on ptolemy.moml.MoMLSimpleApplication@595af397
----------------- Done invoking toplevel() on ptolemy.moml.MoMLSimpleApplication@595af397
reloadAllAccessors: .MultiportBroadcastTest

===========================================================================================
----------------- testing Fri Jun 26 14:57:30 UTC 2020 /home/travis/build/icyphy/ptII/ptolemy/actor/lib/test/auto/MultiportOutHangDuringGetWidth.xml
----------------- Instantiating /home/travis/build/icyphy/ptII/ptolemy/actor/lib/test/auto/MultiportOutHangDuringGetWidth.xml
5 ms. Memory: 458752K Free: 145196K (32%)
----------------- Invoking toplevel() on ptolemy.moml.MoMLSimpleApplication@4fb623d6
----------------- Done invoking toplevel() on ptolemy.moml.MoMLSimpleApplication@4fb623d6
reloadAllAccessors: .MultiportOutHangDuringGetWidth

===========================================================================================
----------------- testing Fri Jun 26 14:57:30 UTC 2020 /home/travis/build/icyphy/ptII/ptolemy/actor/lib/test/auto/NilToken.xml
----------------- Instantiating /home/travis/build/icyphy/ptII/ptolemy/actor/lib/test/auto/NilToken.xml
1 ms. Memory: 458752K Free: 141100K (31%)
----------------- Invoking toplevel() on ptolemy.moml.MoMLSimpleApplication@2f5b4f34
----------------- Done invoking toplevel() on ptolemy.moml.MoMLSimpleApplication@2f5b4f34
reloadAllAccessors: .NilToken

===========================================================================================
----------------- testing Fri Jun 26 14:57:30 UTC 2020 /home/travis/build/icyphy/ptII/ptolemy/actor/lib/test/auto/NilTokenNonStrictTest.xml
----------------- Instantiating /home/travis/build/icyphy/ptII/ptolemy/actor/lib/test/auto/NilTokenNonStrictTest.xml
3 ms. Memory: 458752K Free: 405999K (89%)
----------------- Invoking toplevel() on ptolemy.moml.MoMLSimpleApplication@473ea479
----------------- Done invoking toplevel() on ptolemy.moml.MoMLSimpleApplication@473ea479
reloadAllAccessors: .NilTokenNonStrictTest

===========================================================================================
----------------- testing Fri Jun 26 14:57:30 UTC 2020 /home/travis/build/icyphy/ptII/ptolemy/actor/lib/test/auto/NilTokenRecord.xml
----------------- Instantiating /home/travis/build/icyphy/ptII/ptolemy/actor/lib/test/auto/NilTokenRecord.xml
5 ms. Memory: 458752K Free: 398846K (87%)
----------------- Invoking toplevel() on ptolemy.moml.MoMLSimpleApplication@799548c9
----------------- Done invoking toplevel() on ptolemy.moml.MoMLSimpleApplication@799548c9
reloadAllAccessors: .NilTokenRecord

===========================================================================================
----------------- testing Fri Jun 26 14:57:30 UTC 2020 /home/travis/build/icyphy/ptII/ptolemy/actor/lib/test/auto/NilTokenTypeTest.xml
----------------- Instantiating /home/travis/build/icyphy/ptII/ptolemy/actor/lib/test/auto/NilTokenTypeTest.xml
3 ms. Memory: 458752K Free: 389120K (85%)
----------------- Invoking toplevel() on ptolemy.moml.MoMLSimpleApplication@77651e44
----------------- Done invoking toplevel() on ptolemy.moml.MoMLSimpleApplication@77651e44
reloadAllAccessors: .NilTokenTypeTest

===========================================================================================
----------------- testing Fri Jun 26 14:57:30 UTC 2020 /home/travis/build/icyphy/ptII/ptolemy/actor/lib/test/auto/ObjectToken1.xml
----------------- Instantiating /home/travis/build/icyphy/ptII/ptolemy/actor/lib/test/auto/ObjectToken1.xml
3 ms. Memory: 458752K Free: 385024K (84%)
----------------- Invoking toplevel() on ptolemy.moml.MoMLSimpleApplication@736e2bb1
----------------- Done invoking toplevel() on ptolemy.moml.MoMLSimpleApplication@736e2bb1
reloadAllAccessors: .ObjectToken1

===========================================================================================
----------------- testing Fri Jun 26 14:57:30 UTC 2020 /home/travis/build/icyphy/ptII/ptolemy/actor/lib/test/auto/OrderedMerge.xml
----------------- Instantiating /home/travis/build/icyphy/ptII/ptolemy/actor/lib/test/auto/OrderedMerge.xml
12 ms. Memory: 458752K Free: 379390K (83%)
----------------- Invoking toplevel() on ptolemy.moml.MoMLSimpleApplication@43944a7e
----------------- Done invoking toplevel() on ptolemy.moml.MoMLSimpleApplication@43944a7e
reloadAllAccessors: .OrderedMerge

===========================================================================================
----------------- testing Fri Jun 26 14:57:30 UTC 2020 /home/travis/build/icyphy/ptII/ptolemy/actor/lib/test/auto/OrderedRecordDisassembler.xml
----------------- Instantiating /home/travis/build/icyphy/ptII/ptolemy/actor/lib/test/auto/OrderedRecordDisassembler.xml
3 ms. Memory: 458752K Free: 374239K (82%)
----------------- Invoking toplevel() on ptolemy.moml.MoMLSimpleApplication@42a16152
----------------- Done invoking toplevel() on ptolemy.moml.MoMLSimpleApplication@42a16152
reloadAllAccessors: .OrderedRecordDisassembler

===========================================================================================
----------------- testing Fri Jun 26 14:57:30 UTC 2020 /home/travis/build/icyphy/ptII/ptolemy/actor/lib/test/auto/OrderedRecordDisassembler2.xml
----------------- Instantiating /home/travis/build/icyphy/ptII/ptolemy/actor/lib/test/auto/OrderedRecordDisassembler2.xml
4 ms. Memory: 458752K Free: 366592K (80%)
----------------- Invoking toplevel() on ptolemy.moml.MoMLSimpleApplication@5b9882d8
----------------- Done invoking toplevel() on ptolemy.moml.MoMLSimpleApplication@5b9882d8
reloadAllAccessors: .OrderedRecordDisassembler2

===========================================================================================
----------------- testing Fri Jun 26 14:57:30 UTC 2020 /home/travis/build/icyphy/ptII/ptolemy/actor/lib/test/auto/OrderedRecordUpdater.xml
----------------- Instantiating /home/travis/build/icyphy/ptII/ptolemy/actor/lib/test/auto/OrderedRecordUpdater.xml
1 ms. Memory: 458752K Free: 361982K (79%)
----------------- Invoking toplevel() on ptolemy.moml.MoMLSimpleApplication@33ff32a
----------------- Done invoking toplevel() on ptolemy.moml.MoMLSimpleApplication@33ff32a
reloadAllAccessors: .RecordUpdater

===========================================================================================
----------------- testing Fri Jun 26 14:57:30 UTC 2020 /home/travis/build/icyphy/ptII/ptolemy/actor/lib/test/auto/OrderedRecordUpdater2.xml
----------------- Instantiating /home/travis/build/icyphy/ptII/ptolemy/actor/lib/test/auto/OrderedRecordUpdater2.xml
3 ms. Memory: 458752K Free: 356862K (78%)
----------------- Invoking toplevel() on ptolemy.moml.MoMLSimpleApplication@75e67d4
----------------- Done invoking toplevel() on ptolemy.moml.MoMLSimpleApplication@75e67d4
reloadAllAccessors: .RecordUpdater2

===========================================================================================
----------------- testing Fri Jun 26 14:57:30 UTC 2020 /home/travis/build/icyphy/ptII/ptolemy/actor/lib/test/auto/PhaseUnwrap.xml
----------------- Instantiating /home/travis/build/icyphy/ptII/ptolemy/actor/lib/test/auto/PhaseUnwrap.xml
1 ms. Memory: 458752K Free: 352256K (77%)
----------------- Invoking toplevel() on ptolemy.moml.MoMLSimpleApplication@301bba1c
----------------- Done invoking toplevel() on ptolemy.moml.MoMLSimpleApplication@301bba1c
reloadAllAccessors: .PhaseUnwrap

===========================================================================================
----------------- testing Fri Jun 26 14:57:30 UTC 2020 /home/travis/build/icyphy/ptII/ptolemy/actor/lib/test/auto/PoissonClock.xml
----------------- Instantiating /home/travis/build/icyphy/ptII/ptolemy/actor/lib/test/auto/PoissonClock.xml
2 ms. Memory: 458752K Free: 348160K (76%)
----------------- Invoking toplevel() on ptolemy.moml.MoMLSimpleApplication@5c365606
----------------- Done invoking toplevel() on ptolemy.moml.MoMLSimpleApplication@5c365606
reloadAllAccessors: .PoissonClock

===========================================================================================
----------------- testing Fri Jun 26 14:57:30 UTC 2020 /home/travis/build/icyphy/ptII/ptolemy/actor/lib/test/auto/PoissonClock2.xml
----------------- Instantiating /home/travis/build/icyphy/ptII/ptolemy/actor/lib/test/auto/PoissonClock2.xml
2 ms. Memory: 458752K Free: 344064K (75%)
----------------- Invoking toplevel() on ptolemy.moml.MoMLSimpleApplication@1ed0fb7c
----------------- Done invoking toplevel() on ptolemy.moml.MoMLSimpleApplication@1ed0fb7c
reloadAllAccessors: .PoissonClock2

===========================================================================================
----------------- testing Fri Jun 26 14:57:30 UTC 2020 /home/travis/build/icyphy/ptII/ptolemy/actor/lib/test/auto/PoissonClock3.xml
----------------- Instantiating /home/travis/build/icyphy/ptII/ptolemy/actor/lib/test/auto/PoissonClock3.xml
1 ms. Memory: 458752K Free: 339454K (74%)
----------------- Invoking toplevel() on ptolemy.moml.MoMLSimpleApplication@4cfbf068
----------------- Done invoking toplevel() on ptolemy.moml.MoMLSimpleApplication@4cfbf068
reloadAllAccessors: .PoissonClock3

===========================================================================================
----------------- testing Fri Jun 26 14:57:30 UTC 2020 /home/travis/build/icyphy/ptII/ptolemy/actor/lib/test/auto/PubSubWithInitialTokens.xml
----------------- Instantiating /home/travis/build/icyphy/ptII/ptolemy/actor/lib/test/auto/PubSubWithInitialTokens.xml
2 ms. Memory: 458752K Free: 333824K (73%)
----------------- Invoking toplevel() on ptolemy.moml.MoMLSimpleApplication@1be97627
----------------- Done invoking toplevel() on ptolemy.moml.MoMLSimpleApplication@1be97627
reloadAllAccessors: .PubSubWithInitialTokens

===========================================================================================
----------------- testing Fri Jun 26 14:57:30 UTC 2020 /home/travis/build/icyphy/ptII/ptolemy/actor/lib/test/auto/PubSubWithInitialTokens2.xml
----------------- Instantiating /home/travis/build/icyphy/ptII/ptolemy/actor/lib/test/auto/PubSubWithInitialTokens2.xml
2 ms. Memory: 458752K Free: 327151K (71%)
----------------- Invoking toplevel() on ptolemy.moml.MoMLSimpleApplication@a3343b4
----------------- Done invoking toplevel() on ptolemy.moml.MoMLSimpleApplication@a3343b4
reloadAllAccessors: .PubSubWithInitialTokens2

===========================================================================================
----------------- testing Fri Jun 26 14:57:30 UTC 2020 /home/travis/build/icyphy/ptII/ptolemy/actor/lib/test/auto/PublisherClassNoParameter.xml
----------------- Instantiating /home/travis/build/icyphy/ptII/ptolemy/actor/lib/test/auto/PublisherClassNoParameter.xml
2 ms. Memory: 458752K Free: 317440K (69%)
----------------- Invoking toplevel() on ptolemy.moml.MoMLSimpleApplication@293b1e5
----------------- Done invoking toplevel() on ptolemy.moml.MoMLSimpleApplication@293b1e5
reloadAllAccessors: .PublisherClassNoParameter

===========================================================================================
----------------- testing Fri Jun 26 14:57:30 UTC 2020 /home/travis/build/icyphy/ptII/ptolemy/actor/lib/test/auto/PublisherClassParameter.xml
----------------- Instantiating /home/travis/build/icyphy/ptII/ptolemy/actor/lib/test/auto/PublisherClassParameter.xml
3 ms. Memory: 458752K Free: 306686K (67%)
----------------- Invoking toplevel() on ptolemy.moml.MoMLSimpleApplication@47fe4645
----------------- Done invoking toplevel() on ptolemy.moml.MoMLSimpleApplication@47fe4645
reloadAllAccessors: .PublisherClassParameter

===========================================================================================
----------------- testing Fri Jun 26 14:57:30 UTC 2020 /home/travis/build/icyphy/ptII/ptolemy/actor/lib/test/auto/PublisherNonStrictTest.xml
----------------- Instantiating /home/travis/build/icyphy/ptII/ptolemy/actor/lib/test/auto/PublisherNonStrictTest.xml
3 ms. Memory: 458752K Free: 299008K (65%)
----------------- Invoking toplevel() on ptolemy.moml.MoMLSimpleApplication@25c79eb
----------------- Done invoking toplevel() on ptolemy.moml.MoMLSimpleApplication@25c79eb
reloadAllAccessors: .PublisherNonStrictTest

===========================================================================================
----------------- testing Fri Jun 26 14:57:30 UTC 2020 /home/travis/build/icyphy/ptII/ptolemy/actor/lib/test/auto/PublisherPort1.xml
----------------- Instantiating /home/travis/build/icyphy/ptII/ptolemy/actor/lib/test/auto/PublisherPort1.xml
2 ms. Memory: 458752K Free: 293359K (64%)
----------------- Invoking toplevel() on ptolemy.moml.MoMLSimpleApplication@3ad645c5
----------------- Done invoking toplevel() on ptolemy.moml.MoMLSimpleApplication@3ad645c5
reloadAllAccessors: .PublisherPort1

===========================================================================================
----------------- testing Fri Jun 26 14:57:30 UTC 2020 /home/travis/build/icyphy/ptII/ptolemy/actor/lib/test/auto/PublisherPort2.xml
----------------- Instantiating /home/travis/build/icyphy/ptII/ptolemy/actor/lib/test/auto/PublisherPort2.xml
1 ms. Memory: 458752K Free: 288254K (63%)
----------------- Invoking toplevel() on ptolemy.moml.MoMLSimpleApplication@3ad0974e
----------------- Done invoking toplevel() on ptolemy.moml.MoMLSimpleApplication@3ad0974e
reloadAllAccessors: .PublisherPort2

===========================================================================================
----------------- testing Fri Jun 26 14:57:30 UTC 2020 /home/travis/build/icyphy/ptII/ptolemy/actor/lib/test/auto/PublisherPort3.xml
----------------- Instantiating /home/travis/build/icyphy/ptII/ptolemy/actor/lib/test/auto/PublisherPort3.xml
9 ms. Memory: 458752K Free: 281600K (61%)
----------------- Invoking toplevel() on ptolemy.moml.MoMLSimpleApplication@77533076
----------------- Done invoking toplevel() on ptolemy.moml.MoMLSimpleApplication@77533076
reloadAllAccessors: .PublisherPort3

===========================================================================================
----------------- testing Fri Jun 26 14:57:31 UTC 2020 /home/travis/build/icyphy/ptII/ptolemy/actor/lib/test/auto/PublisherPort4.xml
----------------- Instantiating /home/travis/build/icyphy/ptII/ptolemy/actor/lib/test/auto/PublisherPort4.xml
3 ms. Memory: 458752K Free: 275951K (60%)
----------------- Invoking toplevel() on ptolemy.moml.MoMLSimpleApplication@107376a
----------------- Done invoking toplevel() on ptolemy.moml.MoMLSimpleApplication@107376a
reloadAllAccessors: .PublisherPort4

===========================================================================================
----------------- testing Fri Jun 26 14:57:31 UTC 2020 /home/travis/build/icyphy/ptII/ptolemy/actor/lib/test/auto/PublisherPort5.xml
----------------- Instantiating /home/travis/build/icyphy/ptII/ptolemy/actor/lib/test/auto/PublisherPort5.xml
10 ms. Memory: 458752K Free: 268288K (58%)
----------------- Invoking toplevel() on ptolemy.moml.MoMLSimpleApplication@3feeb9e7
----------------- Done invoking toplevel() on ptolemy.moml.MoMLSimpleApplication@3feeb9e7
reloadAllAccessors: .PublisherPort5

===========================================================================================
----------------- testing Fri Jun 26 14:57:31 UTC 2020 /home/travis/build/icyphy/ptII/ptolemy/actor/lib/test/auto/PublisherPort5LookAlike.xml
----------------- Instantiating /home/travis/build/icyphy/ptII/ptolemy/actor/lib/test/auto/PublisherPort5LookAlike.xml
7 ms. Memory: 458752K Free: 260096K (57%)
----------------- Invoking toplevel() on ptolemy.moml.MoMLSimpleApplication@7a8415a7
----------------- Done invoking toplevel() on ptolemy.moml.MoMLSimpleApplication@7a8415a7
reloadAllAccessors: .PublisherPort5LookAlike

===========================================================================================
----------------- testing Fri Jun 26 14:57:31 UTC 2020 /home/travis/build/icyphy/ptII/ptolemy/actor/lib/test/auto/PublisherPort6.xml
----------------- Instantiating /home/travis/build/icyphy/ptII/ptolemy/actor/lib/test/auto/PublisherPort6.xml
2 ms. Memory: 458752K Free: 253438K (55%)
----------------- Invoking toplevel() on ptolemy.moml.MoMLSimpleApplication@12315349
----------------- Done invoking toplevel() on ptolemy.moml.MoMLSimpleApplication@12315349
reloadAllAccessors: .PublisherPort6

===========================================================================================
----------------- testing Fri Jun 26 14:57:31 UTC 2020 /home/travis/build/icyphy/ptII/ptolemy/actor/lib/test/auto/PublisherPort7.xml
----------------- Instantiating /home/travis/build/icyphy/ptII/ptolemy/actor/lib/test/auto/PublisherPort7.xml
3 ms. Memory: 458752K Free: 245760K (54%)
----------------- Invoking toplevel() on ptolemy.moml.MoMLSimpleApplication@63335d31
----------------- Done invoking toplevel() on ptolemy.moml.MoMLSimpleApplication@63335d31
reloadAllAccessors: .PublisherPort7

===========================================================================================
----------------- testing Fri Jun 26 14:57:31 UTC 2020 /home/travis/build/icyphy/ptII/ptolemy/actor/lib/test/auto/PublisherPort8.xml
----------------- Instantiating /home/travis/build/icyphy/ptII/ptolemy/actor/lib/test/auto/PublisherPort8.xml
4 ms. Memory: 458752K Free: 237054K (52%)
----------------- Invoking toplevel() on ptolemy.moml.MoMLSimpleApplication@2f051717
----------------- Done invoking toplevel() on ptolemy.moml.MoMLSimpleApplication@2f051717
reloadAllAccessors: .PublisherPort8

===========================================================================================
----------------- testing Fri Jun 26 14:57:31 UTC 2020 /home/travis/build/icyphy/ptII/ptolemy/actor/lib/test/auto/PublisherPortSubscriberChannelVariablesAOC2.xml
----------------- Instantiating /home/travis/build/icyphy/ptII/ptolemy/actor/lib/test/auto/PublisherPortSubscriberChannelVariablesAOC2.xml
2 ms. Memory: 458752K Free: 219136K (48%)
----------------- Invoking toplevel() on ptolemy.moml.MoMLSimpleApplication@754da5d7
----------------- Done invoking toplevel() on ptolemy.moml.MoMLSimpleApplication@754da5d7
reloadAllAccessors: .PublisherPortSubscriberChannelVariablesAOC2

===========================================================================================
----------------- testing Fri Jun 26 14:57:31 UTC 2020 /home/travis/build/icyphy/ptII/ptolemy/actor/lib/test/auto/PublisherPortSubscriberOpaqueWidthInference.xml
----------------- Instantiating /home/travis/build/icyphy/ptII/ptolemy/actor/lib/test/auto/PublisherPortSubscriberOpaqueWidthInference.xml
3 ms. Memory: 458752K Free: 211439K (46%)
----------------- Invoking toplevel() on ptolemy.moml.MoMLSimpleApplication@41fd2fa5
----------------- Done invoking toplevel() on ptolemy.moml.MoMLSimpleApplication@41fd2fa5
reloadAllAccessors: .PublisherPortSubscriberOpaqueWidthInference

===========================================================================================
----------------- testing Fri Jun 26 14:57:31 UTC 2020 /home/travis/build/icyphy/ptII/ptolemy/actor/lib/test/auto/PublisherPortSubscriberPortAdjacent.xml
----------------- Instantiating /home/travis/build/icyphy/ptII/ptolemy/actor/lib/test/auto/PublisherPortSubscriberPortAdjacent.xml
5 ms. Memory: 458752K Free: 203262K (44%)
----------------- Invoking toplevel() on ptolemy.moml.MoMLSimpleApplication@5d90ab78
----------------- Done invoking toplevel() on ptolemy.moml.MoMLSimpleApplication@5d90ab78
reloadAllAccessors: .PublisherPortSubscriberPortAdjacent

===========================================================================================
----------------- testing Fri Jun 26 14:57:31 UTC 2020 /home/travis/build/icyphy/ptII/ptolemy/actor/lib/test/auto/PublisherPortSubscriberPortExpression.xml
----------------- Instantiating /home/travis/build/icyphy/ptII/ptolemy/actor/lib/test/auto/PublisherPortSubscriberPortExpression.xml
4 ms. Memory: 458752K Free: 195584K (43%)
----------------- Invoking toplevel() on ptolemy.moml.MoMLSimpleApplication@4664b6a2
----------------- Done invoking toplevel() on ptolemy.moml.MoMLSimpleApplication@4664b6a2
reloadAllAccessors: .PublisherPortSubscriberPortExpression

===========================================================================================
----------------- testing Fri Jun 26 14:57:31 UTC 2020 /home/travis/build/icyphy/ptII/ptolemy/actor/lib/test/auto/PublisherPortSubscriberPortOpaqueD3Reverse.xml
----------------- Instantiating /home/travis/build/icyphy/ptII/ptolemy/actor/lib/test/auto/PublisherPortSubscriberPortOpaqueD3Reverse.xml
6 ms. Memory: 458752K Free: 184830K (40%)
----------------- Invoking toplevel() on ptolemy.moml.MoMLSimpleApplication@388cc5b4
----------------- Done invoking toplevel() on ptolemy.moml.MoMLSimpleApplication@388cc5b4
reloadAllAccessors: .PublisherPortSubscriberPortOpaqueD3Reverse

===========================================================================================
----------------- testing Fri Jun 26 14:57:31 UTC 2020 /home/travis/build/icyphy/ptII/ptolemy/actor/lib/test/auto/PublisherPortSubscriberPortOpaqueWidthInference.xml
----------------- Instantiating /home/travis/build/icyphy/ptII/ptolemy/actor/lib/test/auto/PublisherPortSubscriberPortOpaqueWidthInference.xml
3 ms. Memory: 458752K Free: 177152K (39%)
----------------- Invoking toplevel() on ptolemy.moml.MoMLSimpleApplication@30ab4280
----------------- Done invoking toplevel() on ptolemy.moml.MoMLSimpleApplication@30ab4280
reloadAllAccessors: .PublisherPortSubscriberPortOpaqueWidthInference

===========================================================================================
----------------- testing Fri Jun 26 14:57:31 UTC 2020 /home/travis/build/icyphy/ptII/ptolemy/actor/lib/test/auto/PublisherPortToplevelSubscriberPortAOC.xml
----------------- Instantiating /home/travis/build/icyphy/ptII/ptolemy/actor/lib/test/auto/PublisherPortToplevelSubscriberPortAOC.xml
.PublisherPortToplevelSubscriberPortAOC.TestExceptionAttribute: initialize() was not invoked, but wrapup() was.  This is unusual, but not always a problem.  For example, exporting JNLP will do this.
1 ms. Memory: 458752K Free: 171518K (37%)
----------------- Invoking toplevel() on ptolemy.moml.MoMLSimpleApplication@5837bdf9
----------------- Done invoking toplevel() on ptolemy.moml.MoMLSimpleApplication@5837bdf9
reloadAllAccessors: .PublisherPortToplevelSubscriberPortAOC

===========================================================================================
----------------- testing Fri Jun 26 14:57:31 UTC 2020 /home/travis/build/icyphy/ptII/ptolemy/actor/lib/test/auto/PublisherSubscriber.xml
----------------- Instantiating /home/travis/build/icyphy/ptII/ptolemy/actor/lib/test/auto/PublisherSubscriber.xml
3 ms. Memory: 458752K Free: 163840K (36%)
----------------- Invoking toplevel() on ptolemy.moml.MoMLSimpleApplication@75f1a710
----------------- Done invoking toplevel() on ptolemy.moml.MoMLSimpleApplication@75f1a710
reloadAllAccessors: .PublisherSubscriber

===========================================================================================
----------------- testing Fri Jun 26 14:57:31 UTC 2020 /home/travis/build/icyphy/ptII/ptolemy/actor/lib/test/auto/PublisherSubscriber10.xml
----------------- Instantiating /home/travis/build/icyphy/ptII/ptolemy/actor/lib/test/auto/PublisherSubscriber10.xml
5 ms. Memory: 458752K Free: 154110K (34%)
----------------- Invoking toplevel() on ptolemy.moml.MoMLSimpleApplication@778829c4
----------------- Done invoking toplevel() on ptolemy.moml.MoMLSimpleApplication@778829c4
reloadAllAccessors: .PublisherSubscriber10

===========================================================================================
----------------- testing Fri Jun 26 14:57:31 UTC 2020 /home/travis/build/icyphy/ptII/ptolemy/actor/lib/test/auto/PublisherSubscriber10InitialOutputs.xml
----------------- Instantiating /home/travis/build/icyphy/ptII/ptolemy/actor/lib/test/auto/PublisherSubscriber10InitialOutputs.xml
13 ms. Memory: 458752K Free: 144894K (32%)
----------------- Invoking toplevel() on ptolemy.moml.MoMLSimpleApplication@6102d6ba
----------------- Done invoking toplevel() on ptolemy.moml.MoMLSimpleApplication@6102d6ba
reloadAllAccessors: .PublisherSubscriber10InitialOutputs

===========================================================================================
----------------- testing Fri Jun 26 14:57:31 UTC 2020 /home/travis/build/icyphy/ptII/ptolemy/actor/lib/test/auto/PublisherSubscriber11.xml
----------------- Instantiating /home/travis/build/icyphy/ptII/ptolemy/actor/lib/test/auto/PublisherSubscriber11.xml
2 ms. Memory: 458752K Free: 138719K (30%)
----------------- Invoking toplevel() on ptolemy.moml.MoMLSimpleApplication@30d2ba7c
----------------- Done invoking toplevel() on ptolemy.moml.MoMLSimpleApplication@30d2ba7c
reloadAllAccessors: .PublisherSubscriber11

===========================================================================================
----------------- testing Fri Jun 26 14:57:31 UTC 2020 /home/travis/build/icyphy/ptII/ptolemy/actor/lib/test/auto/PublisherSubscriber12.xml
----------------- Instantiating /home/travis/build/icyphy/ptII/ptolemy/actor/lib/test/auto/PublisherSubscriber12.xml
5 ms. Memory: 458752K Free: 402673K (88%)
----------------- Invoking toplevel() on ptolemy.moml.MoMLSimpleApplication@66e9682d
----------------- Done invoking toplevel() on ptolemy.moml.MoMLSimpleApplication@66e9682d
reloadAllAccessors: .PublisherSubscriber12

===========================================================================================
----------------- testing Fri Jun 26 14:57:31 UTC 2020 /home/travis/build/icyphy/ptII/ptolemy/actor/lib/test/auto/PublisherSubscriber13.xml
----------------- Instantiating /home/travis/build/icyphy/ptII/ptolemy/actor/lib/test/auto/PublisherSubscriber13.xml
2 ms. Memory: 458752K Free: 397043K (87%)
----------------- Invoking toplevel() on ptolemy.moml.MoMLSimpleApplication@57fe448f
----------------- Done invoking toplevel() on ptolemy.moml.MoMLSimpleApplication@57fe448f
reloadAllAccessors: .PublisherSubscriber13

===========================================================================================
----------------- testing Fri Jun 26 14:57:31 UTC 2020 /home/travis/build/icyphy/ptII/ptolemy/actor/lib/test/auto/PublisherSubscriber14.xml
----------------- Instantiating /home/travis/build/icyphy/ptII/ptolemy/actor/lib/test/auto/PublisherSubscriber14.xml
2 ms. Memory: 458752K Free: 388307K (85%)
----------------- Invoking toplevel() on ptolemy.moml.MoMLSimpleApplication@77ee756d
----------------- Done invoking toplevel() on ptolemy.moml.MoMLSimpleApplication@77ee756d
reloadAllAccessors: .PublisherSubscriber14

===========================================================================================
----------------- testing Fri Jun 26 14:57:31 UTC 2020 /home/travis/build/icyphy/ptII/ptolemy/actor/lib/test/auto/PublisherSubscriber2.xml
----------------- Instantiating /home/travis/build/icyphy/ptII/ptolemy/actor/lib/test/auto/PublisherSubscriber2.xml
4 ms. Memory: 458752K Free: 382707K (83%)
----------------- Invoking toplevel() on ptolemy.moml.MoMLSimpleApplication@707ac9b2
----------------- Done invoking toplevel() on ptolemy.moml.MoMLSimpleApplication@707ac9b2
reloadAllAccessors: .PublisherSubscriber2

===========================================================================================
----------------- testing Fri Jun 26 14:57:31 UTC 2020 /home/travis/build/icyphy/ptII/ptolemy/actor/lib/test/auto/PublisherSubscriber3.xml
----------------- Instantiating /home/travis/build/icyphy/ptII/ptolemy/actor/lib/test/auto/PublisherSubscriber3.xml
2 ms. Memory: 458752K Free: 377043K (82%)
----------------- Invoking toplevel() on ptolemy.moml.MoMLSimpleApplication@40f78b88
----------------- Done invoking toplevel() on ptolemy.moml.MoMLSimpleApplication@40f78b88
reloadAllAccessors: .PublisherSubscriber3

===========================================================================================
----------------- testing Fri Jun 26 14:57:31 UTC 2020 /home/travis/build/icyphy/ptII/ptolemy/actor/lib/test/auto/PublisherSubscriber4.xml
----------------- Instantiating /home/travis/build/icyphy/ptII/ptolemy/actor/lib/test/auto/PublisherSubscriber4.xml
2 ms. Memory: 458752K Free: 370899K (81%)
----------------- Invoking toplevel() on ptolemy.moml.MoMLSimpleApplication@4e5c69ca
----------------- Done invoking toplevel() on ptolemy.moml.MoMLSimpleApplication@4e5c69ca
reloadAllAccessors: .PublisherSubscriber4

===========================================================================================
----------------- testing Fri Jun 26 14:57:31 UTC 2020 /home/travis/build/icyphy/ptII/ptolemy/actor/lib/test/auto/PublisherSubscriber5.xml
----------------- Instantiating /home/travis/build/icyphy/ptII/ptolemy/actor/lib/test/auto/PublisherSubscriber5.xml
2 ms. Memory: 458752K Free: 364275K (79%)
----------------- Invoking toplevel() on ptolemy.moml.MoMLSimpleApplication@67f9b923
----------------- Done invoking toplevel() on ptolemy.moml.MoMLSimpleApplication@67f9b923
reloadAllAccessors: .PublisherSubscriber5

===========================================================================================
----------------- testing Fri Jun 26 14:57:31 UTC 2020 /home/travis/build/icyphy/ptII/ptolemy/actor/lib/test/auto/PublisherSubscriber6.xml
----------------- Instantiating /home/travis/build/icyphy/ptII/ptolemy/actor/lib/test/auto/PublisherSubscriber6.xml
4 ms. Memory: 458752K Free: 357603K (78%)
----------------- Invoking toplevel() on ptolemy.moml.MoMLSimpleApplication@3aa18459
----------------- Done invoking toplevel() on ptolemy.moml.MoMLSimpleApplication@3aa18459
reloadAllAccessors: .PublisherSubscriber6

===========================================================================================
----------------- testing Fri Jun 26 14:57:31 UTC 2020 /home/travis/build/icyphy/ptII/ptolemy/actor/lib/test/auto/PublisherSubscriber7.xml
----------------- Instantiating /home/travis/build/icyphy/ptII/ptolemy/actor/lib/test/auto/PublisherSubscriber7.xml
8 ms. Memory: 458752K Free: 350963K (77%)
----------------- Invoking toplevel() on ptolemy.moml.MoMLSimpleApplication@499f88b3
----------------- Done invoking toplevel() on ptolemy.moml.MoMLSimpleApplication@499f88b3
reloadAllAccessors: .PublisherSubscriber7

===========================================================================================
----------------- testing Fri Jun 26 14:57:31 UTC 2020 /home/travis/build/icyphy/ptII/ptolemy/actor/lib/test/auto/PublisherSubscriber8.xml
----------------- Instantiating /home/travis/build/icyphy/ptII/ptolemy/actor/lib/test/auto/PublisherSubscriber8.xml
15 ms. Memory: 458752K Free: 339185K (74%)
----------------- Invoking toplevel() on ptolemy.moml.MoMLSimpleApplication@3a5ee1ea
----------------- Done invoking toplevel() on ptolemy.moml.MoMLSimpleApplication@3a5ee1ea
reloadAllAccessors: .PublisherSubscriber8

===========================================================================================
----------------- testing Fri Jun 26 14:57:31 UTC 2020 /home/travis/build/icyphy/ptII/ptolemy/actor/lib/test/auto/PublisherSubscriber9.xml
----------------- Instantiating /home/travis/build/icyphy/ptII/ptolemy/actor/lib/test/auto/PublisherSubscriber9.xml
2 ms. Memory: 458752K Free: 331507K (72%)
----------------- Invoking toplevel() on ptolemy.moml.MoMLSimpleApplication@32e5e9cc
----------------- Done invoking toplevel() on ptolemy.moml.MoMLSimpleApplication@32e5e9cc
reloadAllAccessors: .PublisherSubscriber9

===========================================================================================
----------------- testing Fri Jun 26 14:57:31 UTC 2020 /home/travis/build/icyphy/ptII/ptolemy/actor/lib/test/auto/PublisherSubscriberAdjacent.xml
----------------- Instantiating /home/travis/build/icyphy/ptII/ptolemy/actor/lib/test/auto/PublisherSubscriberAdjacent.xml
2 ms. Memory: 458752K Free: 323315K (70%)
----------------- Invoking toplevel() on ptolemy.moml.MoMLSimpleApplication@2b762fbd
----------------- Done invoking toplevel() on ptolemy.moml.MoMLSimpleApplication@2b762fbd
reloadAllAccessors: .PublisherSubscriberAdjacent

===========================================================================================
----------------- testing Fri Jun 26 14:57:31 UTC 2020 /home/travis/build/icyphy/ptII/ptolemy/actor/lib/test/auto/PublisherSubscriberChannelVariablesAOC2.xml
----------------- Instantiating /home/travis/build/icyphy/ptII/ptolemy/actor/lib/test/auto/PublisherSubscriberChannelVariablesAOC2.xml
3 ms. Memory: 458752K Free: 308465K (67%)
----------------- Invoking toplevel() on ptolemy.moml.MoMLSimpleApplication@7597713d
----------------- Done invoking toplevel() on ptolemy.moml.MoMLSimpleApplication@7597713d
reloadAllAccessors: .PublisherSubscriberChannelVariablesAOC2

===========================================================================================
----------------- testing Fri Jun 26 14:57:31 UTC 2020 /home/travis/build/icyphy/ptII/ptolemy/actor/lib/test/auto/PublisherSubscriberD3.xml
----------------- Instantiating /home/travis/build/icyphy/ptII/ptolemy/actor/lib/test/auto/PublisherSubscriberD3.xml
1 ms. Memory: 458752K Free: 301297K (66%)
----------------- Invoking toplevel() on ptolemy.moml.MoMLSimpleApplication@1bb5efe7
----------------- Done invoking toplevel() on ptolemy.moml.MoMLSimpleApplication@1bb5efe7
reloadAllAccessors: .PublisherSubscriberD3

===========================================================================================
----------------- testing Fri Jun 26 14:57:31 UTC 2020 /home/travis/build/icyphy/ptII/ptolemy/actor/lib/test/auto/PublisherSubscriberD3Reverse.xml
----------------- Instantiating /home/travis/build/icyphy/ptII/ptolemy/actor/lib/test/auto/PublisherSubscriberD3Reverse.xml
1 ms. Memory: 458752K Free: 295153K (64%)
----------------- Invoking toplevel() on ptolemy.moml.MoMLSimpleApplication@74a58830
----------------- Done invoking toplevel() on ptolemy.moml.MoMLSimpleApplication@74a58830
reloadAllAccessors: .PublisherSubscriberD3Reverse

===========================================================================================
----------------- testing Fri Jun 26 14:57:31 UTC 2020 /home/travis/build/icyphy/ptII/ptolemy/actor/lib/test/auto/PublisherSubscriberExpression.xml
----------------- Instantiating /home/travis/build/icyphy/ptII/ptolemy/actor/lib/test/auto/PublisherSubscriberExpression.xml
3 ms. Memory: 458752K Free: 285923K (62%)
----------------- Invoking toplevel() on ptolemy.moml.MoMLSimpleApplication@5a104023
----------------- Done invoking toplevel() on ptolemy.moml.MoMLSimpleApplication@5a104023
reloadAllAccessors: .PublisherSubscriberExpression

===========================================================================================
----------------- testing Fri Jun 26 14:57:31 UTC 2020 /home/travis/build/icyphy/ptII/ptolemy/actor/lib/test/auto/PublisherSubscriberOpaque.xml
----------------- Instantiating /home/travis/build/icyphy/ptII/ptolemy/actor/lib/test/auto/PublisherSubscriberOpaque.xml
3 ms. Memory: 458752K Free: 277745K (61%)
----------------- Invoking toplevel() on ptolemy.moml.MoMLSimpleApplication@64dd0459
----------------- Done invoking toplevel() on ptolemy.moml.MoMLSimpleApplication@64dd0459
reloadAllAccessors: .PublisherSubscriberOpaque

===========================================================================================
----------------- testing Fri Jun 26 14:57:31 UTC 2020 /home/travis/build/icyphy/ptII/ptolemy/actor/lib/test/auto/PublisherSubscriberOpaqueD3.xml
----------------- Instantiating /home/travis/build/icyphy/ptII/ptolemy/actor/lib/test/auto/PublisherSubscriberOpaqueD3.xml
5 ms. Memory: 458752K Free: 266481K (58%)
----------------- Invoking toplevel() on ptolemy.moml.MoMLSimpleApplication@2ad2016d
----------------- Done invoking toplevel() on ptolemy.moml.MoMLSimpleApplication@2ad2016d
reloadAllAccessors: .PublisherSubscriberOpaqueD3

===========================================================================================
----------------- testing Fri Jun 26 14:57:31 UTC 2020 /home/travis/build/icyphy/ptII/ptolemy/actor/lib/test/auto/PublisherSubscriberOpaqueD3Reverse.xml
----------------- Instantiating /home/travis/build/icyphy/ptII/ptolemy/actor/lib/test/auto/PublisherSubscriberOpaqueD3Reverse.xml
7 ms. Memory: 458752K Free: 255731K (56%)
----------------- Invoking toplevel() on ptolemy.moml.MoMLSimpleApplication@6648a2f1
----------------- Done invoking toplevel() on ptolemy.moml.MoMLSimpleApplication@6648a2f1
reloadAllAccessors: .PublisherSubscriberOpaqueD3Reverse

===========================================================================================
----------------- testing Fri Jun 26 14:57:31 UTC 2020 /home/travis/build/icyphy/ptII/ptolemy/actor/lib/test/auto/PublisherSubscriberOpaqueWidthInference.xml
----------------- Instantiating /home/travis/build/icyphy/ptII/ptolemy/actor/lib/test/auto/PublisherSubscriberOpaqueWidthInference.xml
4 ms. Memory: 458752K Free: 247539K (54%)
----------------- Invoking toplevel() on ptolemy.moml.MoMLSimpleApplication@40293ca4
----------------- Done invoking toplevel() on ptolemy.moml.MoMLSimpleApplication@40293ca4
reloadAllAccessors: .PublisherSubscriberOpaqueWidthInference

===========================================================================================
----------------- testing Fri Jun 26 14:57:31 UTC 2020 /home/travis/build/icyphy/ptII/ptolemy/actor/lib/test/auto/PublisherTestSubscriber.xml
----------------- Instantiating /home/travis/build/icyphy/ptII/ptolemy/actor/lib/test/auto/PublisherTestSubscriber.xml
2 ms. Memory: 458752K Free: 239347K (52%)
----------------- Invoking toplevel() on ptolemy.moml.MoMLSimpleApplication@246638a1
----------------- Done invoking toplevel() on ptolemy.moml.MoMLSimpleApplication@246638a1
reloadAllAccessors: .PublisherTestSubscriber

===========================================================================================
----------------- testing Fri Jun 26 14:57:31 UTC 2020 /home/travis/build/icyphy/ptII/ptolemy/actor/lib/test/auto/PublisherToplevelSubscriberPortAOC.xml
----------------- Instantiating /home/travis/build/icyphy/ptII/ptolemy/actor/lib/test/auto/PublisherToplevelSubscriberPortAOC.xml
1 ms. Memory: 458752K Free: 232675K (51%)
----------------- Invoking toplevel() on ptolemy.moml.MoMLSimpleApplication@50224c01
----------------- Done invoking toplevel() on ptolemy.moml.MoMLSimpleApplication@50224c01
reloadAllAccessors: .PublisherToplevelSubscriberPortAOC

===========================================================================================
----------------- testing Fri Jun 26 14:57:31 UTC 2020 /home/travis/build/icyphy/ptII/ptolemy/actor/lib/test/auto/PulseFiringLimitDE.xml
----------------- Instantiating /home/travis/build/icyphy/ptII/ptolemy/actor/lib/test/auto/PulseFiringLimitDE.xml
2 ms. Memory: 458752K Free: 226545K (49%)
----------------- Invoking toplevel() on ptolemy.moml.MoMLSimpleApplication@34ed2560
----------------- Done invoking toplevel() on ptolemy.moml.MoMLSimpleApplication@34ed2560
reloadAllAccessors: .PulseFiringLimitDE

===========================================================================================
----------------- testing Fri Jun 26 14:57:31 UTC 2020 /home/travis/build/icyphy/ptII/ptolemy/actor/lib/test/auto/Ramp1.xml
----------------- Instantiating /home/travis/build/icyphy/ptII/ptolemy/actor/lib/test/auto/Ramp1.xml
1 ms. Memory: 458752K Free: 222443K (48%)
----------------- Invoking toplevel() on ptolemy.moml.MoMLSimpleApplication@7637ea0
----------------- Done invoking toplevel() on ptolemy.moml.MoMLSimpleApplication@7637ea0
reloadAllAccessors: .Ramp1

===========================================================================================
----------------- testing Fri Jun 26 14:57:31 UTC 2020 /home/travis/build/icyphy/ptII/ptolemy/actor/lib/test/auto/RampFiringLimitDE.xml
----------------- Instantiating /home/travis/build/icyphy/ptII/ptolemy/actor/lib/test/auto/RampFiringLimitDE.xml
3 ms. Memory: 458752K Free: 215795K (47%)
----------------- Invoking toplevel() on ptolemy.moml.MoMLSimpleApplication@4d228121
----------------- Done invoking toplevel() on ptolemy.moml.MoMLSimpleApplication@4d228121
reloadAllAccessors: .RampFiringLimitDE

===========================================================================================
----------------- testing Fri Jun 26 14:57:31 UTC 2020 /home/travis/build/icyphy/ptII/ptolemy/actor/lib/test/auto/RampFiringLimitSDF.xml
----------------- Instantiating /home/travis/build/icyphy/ptII/ptolemy/actor/lib/test/auto/RampFiringLimitSDF.xml
2 ms. Memory: 458752K Free: 210675K (46%)
----------------- Invoking toplevel() on ptolemy.moml.MoMLSimpleApplication@5fdb4f73
----------------- Done invoking toplevel() on ptolemy.moml.MoMLSimpleApplication@5fdb4f73
reloadAllAccessors: .RampFiringLimitSDF

===========================================================================================
----------------- testing Fri Jun 26 14:57:31 UTC 2020 /home/travis/build/icyphy/ptII/ptolemy/actor/lib/test/auto/RandomInteger.xml
----------------- Instantiating /home/travis/build/icyphy/ptII/ptolemy/actor/lib/test/auto/RandomInteger.xml
2 ms. Memory: 458752K Free: 206579K (45%)
----------------- Invoking toplevel() on ptolemy.moml.MoMLSimpleApplication@131234d0
----------------- Done invoking toplevel() on ptolemy.moml.MoMLSimpleApplication@131234d0
reloadAllAccessors: .RandomInteger

===========================================================================================
----------------- testing Fri Jun 26 14:57:31 UTC 2020 /home/travis/build/icyphy/ptII/ptolemy/actor/lib/test/auto/ReadFile1.xml
----------------- Instantiating /home/travis/build/icyphy/ptII/ptolemy/actor/lib/test/auto/ReadFile1.xml
2 ms. Memory: 458752K Free: 201963K (44%)
----------------- Invoking toplevel() on ptolemy.moml.MoMLSimpleApplication@482a526
----------------- Done invoking toplevel() on ptolemy.moml.MoMLSimpleApplication@482a526
reloadAllAccessors: .ReadFile1

===========================================================================================
----------------- testing Fri Jun 26 14:57:31 UTC 2020 /home/travis/build/icyphy/ptII/ptolemy/actor/lib/test/auto/ReadFile2.xml
----------------- Instantiating /home/travis/build/icyphy/ptII/ptolemy/actor/lib/test/auto/ReadFile2.xml
1 ms. Memory: 458752K Free: 197873K (43%)
----------------- Invoking toplevel() on ptolemy.moml.MoMLSimpleApplication@7891c441
----------------- Done invoking toplevel() on ptolemy.moml.MoMLSimpleApplication@7891c441
reloadAllAccessors: .ReadFile2

===========================================================================================
----------------- testing Fri Jun 26 14:57:31 UTC 2020 /home/travis/build/icyphy/ptII/ptolemy/actor/lib/test/auto/Reader.xml
----------------- Instantiating /home/travis/build/icyphy/ptII/ptolemy/actor/lib/test/auto/Reader.xml
actor.lib.Reader is obsolete, use actor.lib.io.ExpressionReader instead
2 ms. Memory: 458752K Free: 193267K (42%)
----------------- Invoking toplevel() on ptolemy.moml.MoMLSimpleApplication@761b4dc
----------------- Done invoking toplevel() on ptolemy.moml.MoMLSimpleApplication@761b4dc
reloadAllAccessors: .Reader

===========================================================================================
----------------- testing Fri Jun 26 14:57:31 UTC 2020 /home/travis/build/icyphy/ptII/ptolemy/actor/lib/test/auto/RecordAssemblerDisplayNameTest.xml
----------------- Instantiating /home/travis/build/icyphy/ptII/ptolemy/actor/lib/test/auto/RecordAssemblerDisplayNameTest.xml
3923 ms. Memory: 458752K Free: 334049K (73%)
----------------- Invoking toplevel() on ptolemy.moml.MoMLSimpleApplication@4c365d80
----------------- Done invoking toplevel() on ptolemy.moml.MoMLSimpleApplication@4c365d80
reloadAllAccessors: .RecordAssemblerDisplayNameTest

===========================================================================================
----------------- testing Fri Jun 26 14:57:35 UTC 2020 /home/travis/build/icyphy/ptII/ptolemy/actor/lib/test/auto/RecordAssemblerTypeError.xml
----------------- Instantiating /home/travis/build/icyphy/ptII/ptolemy/actor/lib/test/auto/RecordAssemblerTypeError.xml
4 ms. Memory: 458752K Free: 324323K (71%)
----------------- Invoking toplevel() on ptolemy.moml.MoMLSimpleApplication@1fef43db
----------------- Done invoking toplevel() on ptolemy.moml.MoMLSimpleApplication@1fef43db
reloadAllAccessors: .RecordAssemblerTypeError

===========================================================================================
----------------- testing Fri Jun 26 14:57:35 UTC 2020 /home/travis/build/icyphy/ptII/ptolemy/actor/lib/test/auto/RecordDisassember.xml
----------------- Instantiating /home/travis/build/icyphy/ptII/ptolemy/actor/lib/test/auto/RecordDisassember.xml
2 ms. Memory: 458752K Free: 319203K (70%)
----------------- Invoking toplevel() on ptolemy.moml.MoMLSimpleApplication@68aea9ee
----------------- Done invoking toplevel() on ptolemy.moml.MoMLSimpleApplication@68aea9ee
reloadAllAccessors: .RecordDisassember

===========================================================================================
----------------- testing Fri Jun 26 14:57:35 UTC 2020 /home/travis/build/icyphy/ptII/ptolemy/actor/lib/test/auto/RecordDisassemberDisplayNameTest.xml
----------------- Instantiating /home/travis/build/icyphy/ptII/ptolemy/actor/lib/test/auto/RecordDisassemberDisplayNameTest.xml
5 ms. Memory: 458752K Free: 311521K (68%)
----------------- Invoking toplevel() on ptolemy.moml.MoMLSimpleApplication@1cf9ed01
----------------- Done invoking toplevel() on ptolemy.moml.MoMLSimpleApplication@1cf9ed01
reloadAllAccessors: .RecordDisassemberDisplayNameTest

===========================================================================================
----------------- testing Fri Jun 26 14:57:35 UTC 2020 /home/travis/build/icyphy/ptII/ptolemy/actor/lib/test/auto/RecordDisassembler.xml
----------------- Instantiating /home/travis/build/icyphy/ptII/ptolemy/actor/lib/test/auto/RecordDisassembler.xml
2 ms. Memory: 458752K Free: 306371K (67%)
----------------- Invoking toplevel() on ptolemy.moml.MoMLSimpleApplication@19937cc4
----------------- Done invoking toplevel() on ptolemy.moml.MoMLSimpleApplication@19937cc4
reloadAllAccessors: .RecordDisassembler

===========================================================================================
----------------- testing Fri Jun 26 14:57:35 UTC 2020 /home/travis/build/icyphy/ptII/ptolemy/actor/lib/test/auto/RecordDisassembler2.xml
----------------- Instantiating /home/travis/build/icyphy/ptII/ptolemy/actor/lib/test/auto/RecordDisassembler2.xml
2 ms. Memory: 458752K Free: 301267K (66%)
----------------- Invoking toplevel() on ptolemy.moml.MoMLSimpleApplication@5e5012b5
----------------- Done invoking toplevel() on ptolemy.moml.MoMLSimpleApplication@5e5012b5
reloadAllAccessors: .RecordDisassembler2

===========================================================================================
----------------- testing Fri Jun 26 14:57:35 UTC 2020 /home/travis/build/icyphy/ptII/ptolemy/actor/lib/test/auto/RecordUpdater.xml
----------------- Instantiating /home/travis/build/icyphy/ptII/ptolemy/actor/lib/test/auto/RecordUpdater.xml
2 ms. Memory: 458752K Free: 295651K (64%)
----------------- Invoking toplevel() on ptolemy.moml.MoMLSimpleApplication@3369d1af
----------------- Done invoking toplevel() on ptolemy.moml.MoMLSimpleApplication@3369d1af
reloadAllAccessors: .RecordUpdater

===========================================================================================
----------------- testing Fri Jun 26 14:57:35 UTC 2020 /home/travis/build/icyphy/ptII/ptolemy/actor/lib/test/auto/RecordUpdater2.xml
----------------- Instantiating /home/travis/build/icyphy/ptII/ptolemy/actor/lib/test/auto/RecordUpdater2.xml
2 ms. Memory: 458752K Free: 291041K (63%)
----------------- Invoking toplevel() on ptolemy.moml.MoMLSimpleApplication@24531067
----------------- Done invoking toplevel() on ptolemy.moml.MoMLSimpleApplication@24531067
reloadAllAccessors: .RecordUpdater2

===========================================================================================
----------------- testing Fri Jun 26 14:57:35 UTC 2020 /home/travis/build/icyphy/ptII/ptolemy/actor/lib/test/auto/RecursiveLattice.xml
----------------- Instantiating /home/travis/build/icyphy/ptII/ptolemy/actor/lib/test/auto/RecursiveLattice.xml
1 ms. Memory: 458752K Free: 286435K (62%)
----------------- Invoking toplevel() on ptolemy.moml.MoMLSimpleApplication@24c79d4d
----------------- Done invoking toplevel() on ptolemy.moml.MoMLSimpleApplication@24c79d4d
reloadAllAccessors: .RecursiveLattice

===========================================================================================
----------------- testing Fri Jun 26 14:57:36 UTC 2020 /home/travis/build/icyphy/ptII/ptolemy/actor/lib/test/auto/Router.xml
----------------- Instantiating /home/travis/build/icyphy/ptII/ptolemy/actor/lib/test/auto/Router.xml
3004 ms. Memory: 458752K Free: 275681K (60%)
----------------- Invoking toplevel() on ptolemy.moml.MoMLSimpleApplication@76d580cd
----------------- Done invoking toplevel() on ptolemy.moml.MoMLSimpleApplication@76d580cd
reloadAllAccessors: .Router

===========================================================================================
----------------- testing Fri Jun 26 14:57:39 UTC 2020 /home/travis/build/icyphy/ptII/ptolemy/actor/lib/test/auto/Router2.xml
----------------- Instantiating /home/travis/build/icyphy/ptII/ptolemy/actor/lib/test/auto/Router2.xml
3005 ms. Memory: 458752K Free: 264931K (58%)
----------------- Invoking toplevel() on ptolemy.moml.MoMLSimpleApplication@7f7651c1
----------------- Done invoking toplevel() on ptolemy.moml.MoMLSimpleApplication@7f7651c1
reloadAllAccessors: .Router2

===========================================================================================
----------------- testing Fri Jun 26 14:57:42 UTC 2020 /home/travis/build/icyphy/ptII/ptolemy/actor/lib/test/auto/RunningMaximum.xml
----------------- Instantiating /home/travis/build/icyphy/ptII/ptolemy/actor/lib/test/auto/RunningMaximum.xml
2 ms. Memory: 458752K Free: 260321K (57%)
----------------- Invoking toplevel() on ptolemy.moml.MoMLSimpleApplication@1393b25d
----------------- Done invoking toplevel() on ptolemy.moml.MoMLSimpleApplication@1393b25d
reloadAllAccessors: .RunningMaximum

===========================================================================================
----------------- testing Fri Jun 26 14:57:42 UTC 2020 /home/travis/build/icyphy/ptII/ptolemy/actor/lib/test/auto/RunningMinimum.xml
----------------- Instantiating /home/travis/build/icyphy/ptII/ptolemy/actor/lib/test/auto/RunningMinimum.xml
2 ms. Memory: 458752K Free: 255715K (56%)
----------------- Invoking toplevel() on ptolemy.moml.MoMLSimpleApplication@578e6f03
----------------- Done invoking toplevel() on ptolemy.moml.MoMLSimpleApplication@578e6f03
reloadAllAccessors: .RunningMinimum

===========================================================================================
----------------- testing Fri Jun 26 14:57:42 UTC 2020 /home/travis/build/icyphy/ptII/ptolemy/actor/lib/test/auto/Scale.xml
----------------- Instantiating /home/travis/build/icyphy/ptII/ptolemy/actor/lib/test/auto/Scale.xml
2 ms. Memory: 458752K Free: 251105K (55%)
----------------- Invoking toplevel() on ptolemy.moml.MoMLSimpleApplication@3c467a3d
----------------- Done invoking toplevel() on ptolemy.moml.MoMLSimpleApplication@3c467a3d
reloadAllAccessors: .Scale

===========================================================================================
----------------- testing Fri Jun 26 14:57:42 UTC 2020 /home/travis/build/icyphy/ptII/ptolemy/actor/lib/test/auto/Scale2.xml
----------------- Instantiating /home/travis/build/icyphy/ptII/ptolemy/actor/lib/test/auto/Scale2.xml
1 ms. Memory: 458752K Free: 245985K (54%)
----------------- Invoking toplevel() on ptolemy.moml.MoMLSimpleApplication@43f0f5b1
----------------- Done invoking toplevel() on ptolemy.moml.MoMLSimpleApplication@43f0f5b1
reloadAllAccessors: .Scale2

===========================================================================================
----------------- testing Fri Jun 26 14:57:42 UTC 2020 /home/travis/build/icyphy/ptII/ptolemy/actor/lib/test/auto/Scale3.xml
----------------- Instantiating /home/travis/build/icyphy/ptII/ptolemy/actor/lib/test/auto/Scale3.xml
13 ms. Memory: 458752K Free: 239841K (52%)
----------------- Invoking toplevel() on ptolemy.moml.MoMLSimpleApplication@2181f3eb
----------------- Done invoking toplevel() on ptolemy.moml.MoMLSimpleApplication@2181f3eb
reloadAllAccessors: .Scale3

===========================================================================================
----------------- testing Fri Jun 26 14:57:42 UTC 2020 /home/travis/build/icyphy/ptII/ptolemy/actor/lib/test/auto/ScaleArray.xml
----------------- Instantiating /home/travis/build/icyphy/ptII/ptolemy/actor/lib/test/auto/ScaleArray.xml
2 ms. Memory: 458752K Free: 235235K (51%)
----------------- Invoking toplevel() on ptolemy.moml.MoMLSimpleApplication@3956a8b2
----------------- Done invoking toplevel() on ptolemy.moml.MoMLSimpleApplication@3956a8b2
reloadAllAccessors: .ScaleArray

===========================================================================================
----------------- testing Fri Jun 26 14:57:42 UTC 2020 /home/travis/build/icyphy/ptII/ptolemy/actor/lib/test/auto/ScaleArray2.xml
----------------- Instantiating /home/travis/build/icyphy/ptII/ptolemy/actor/lib/test/auto/ScaleArray2.xml
1 ms. Memory: 458752K Free: 230115K (50%)
----------------- Invoking toplevel() on ptolemy.moml.MoMLSimpleApplication@72c5d79e
----------------- Done invoking toplevel() on ptolemy.moml.MoMLSimpleApplication@72c5d79e
reloadAllAccessors: .ScaleArray2

===========================================================================================
----------------- testing Fri Jun 26 14:57:42 UTC 2020 /home/travis/build/icyphy/ptII/ptolemy/actor/lib/test/auto/ScaleMatrix.xml
----------------- Instantiating /home/travis/build/icyphy/ptII/ptolemy/actor/lib/test/auto/ScaleMatrix.xml
136 ms. Memory: 458752K Free: 215779K (47%)
----------------- Invoking toplevel() on ptolemy.moml.MoMLSimpleApplication@41041f1e
----------------- Done invoking toplevel() on ptolemy.moml.MoMLSimpleApplication@41041f1e
reloadAllAccessors: .ScaleMatrix

===========================================================================================
----------------- testing Fri Jun 26 14:57:42 UTC 2020 /home/travis/build/icyphy/ptII/ptolemy/actor/lib/test/auto/Select.xml
----------------- Instantiating /home/travis/build/icyphy/ptII/ptolemy/actor/lib/test/auto/Select.xml
2 ms. Memory: 458752K Free: 209635K (46%)
----------------- Invoking toplevel() on ptolemy.moml.MoMLSimpleApplication@4fe91f07
----------------- Done invoking toplevel() on ptolemy.moml.MoMLSimpleApplication@4fe91f07
reloadAllAccessors: .Select

===========================================================================================
----------------- testing Fri Jun 26 14:57:42 UTC 2020 /home/travis/build/icyphy/ptII/ptolemy/actor/lib/test/auto/Select2.xml
----------------- Instantiating /home/travis/build/icyphy/ptII/ptolemy/actor/lib/test/auto/Select2.xml
1 ms. Memory: 458752K Free: 205025K (45%)
----------------- Invoking toplevel() on ptolemy.moml.MoMLSimpleApplication@4972f939
----------------- Done invoking toplevel() on ptolemy.moml.MoMLSimpleApplication@4972f939
reloadAllAccessors: .Select2

===========================================================================================
----------------- testing Fri Jun 26 14:57:42 UTC 2020 /home/travis/build/icyphy/ptII/ptolemy/actor/lib/test/auto/SequenceToArray2.xml
----------------- Instantiating /home/travis/build/icyphy/ptII/ptolemy/actor/lib/test/auto/SequenceToArray2.xml
106 ms. Memory: 458752K Free: 180961K (39%)
----------------- Invoking toplevel() on ptolemy.moml.MoMLSimpleApplication@71291218
----------------- Done invoking toplevel() on ptolemy.moml.MoMLSimpleApplication@71291218
reloadAllAccessors: .SequenceToArray2

===========================================================================================
----------------- testing Fri Jun 26 14:57:42 UTC 2020 /home/travis/build/icyphy/ptII/ptolemy/actor/lib/test/auto/SequentialClock.xml
----------------- Instantiating /home/travis/build/icyphy/ptII/ptolemy/actor/lib/test/auto/SequentialClock.xml
1 ms. Memory: 458752K Free: 176867K (39%)
----------------- Invoking toplevel() on ptolemy.moml.MoMLSimpleApplication@200a392d
----------------- Done invoking toplevel() on ptolemy.moml.MoMLSimpleApplication@200a392d
reloadAllAccessors: .SequentialClock

===========================================================================================
----------------- testing Fri Jun 26 14:57:42 UTC 2020 /home/travis/build/icyphy/ptII/ptolemy/actor/lib/test/auto/SetVariable.xml
----------------- Instantiating /home/travis/build/icyphy/ptII/ptolemy/actor/lib/test/auto/SetVariable.xml
2 ms. Memory: 458752K Free: 172257K (38%)
----------------- Invoking toplevel() on ptolemy.moml.MoMLSimpleApplication@52a7770d
----------------- Done invoking toplevel() on ptolemy.moml.MoMLSimpleApplication@52a7770d
reloadAllAccessors: .SetVariable

===========================================================================================
----------------- testing Fri Jun 26 14:57:42 UTC 2020 /home/travis/build/icyphy/ptII/ptolemy/actor/lib/test/auto/SetVariable2.xml
----------------- Instantiating /home/travis/build/icyphy/ptII/ptolemy/actor/lib/test/auto/SetVariable2.xml
4 ms. Memory: 458752K Free: 166627K (36%)
----------------- Invoking toplevel() on ptolemy.moml.MoMLSimpleApplication@7d94224b
----------------- Done invoking toplevel() on ptolemy.moml.MoMLSimpleApplication@7d94224b
reloadAllAccessors: .SetVariable2

===========================================================================================
----------------- testing Fri Jun 26 14:57:42 UTC 2020 /home/travis/build/icyphy/ptII/ptolemy/actor/lib/test/auto/SetVariable3.xml
----------------- Instantiating /home/travis/build/icyphy/ptII/ptolemy/actor/lib/test/auto/SetVariable3.xml
6 ms. Memory: 458752K Free: 161507K (35%)
----------------- Invoking toplevel() on ptolemy.moml.MoMLSimpleApplication@1f6e0aa8
----------------- Done invoking toplevel() on ptolemy.moml.MoMLSimpleApplication@1f6e0aa8
reloadAllAccessors: .SetVariable3

===========================================================================================
----------------- testing Fri Jun 26 14:57:42 UTC 2020 /home/travis/build/icyphy/ptII/ptolemy/actor/lib/test/auto/SetVariable4.xml
----------------- Instantiating /home/travis/build/icyphy/ptII/ptolemy/actor/lib/test/auto/SetVariable4.xml
18 ms. Memory: 458752K Free: 152291K (33%)
----------------- Invoking toplevel() on ptolemy.moml.MoMLSimpleApplication@39222454
----------------- Done invoking toplevel() on ptolemy.moml.MoMLSimpleApplication@39222454
reloadAllAccessors: .SetVariable4

===========================================================================================
----------------- testing Fri Jun 26 14:57:42 UTC 2020 /home/travis/build/icyphy/ptII/ptolemy/actor/lib/test/auto/SetVariable5.xml
----------------- Instantiating /home/travis/build/icyphy/ptII/ptolemy/actor/lib/test/auto/SetVariable5.xml
9 ms. Memory: 458752K Free: 142561K (31%)
----------------- Invoking toplevel() on ptolemy.moml.MoMLSimpleApplication@2b554d53
----------------- Done invoking toplevel() on ptolemy.moml.MoMLSimpleApplication@2b554d53
reloadAllAccessors: .SetVariable5

===========================================================================================
----------------- testing Fri Jun 26 14:57:42 UTC 2020 /home/travis/build/icyphy/ptII/ptolemy/actor/lib/test/auto/Sinewave.xml
----------------- Instantiating /home/travis/build/icyphy/ptII/ptolemy/actor/lib/test/auto/Sinewave.xml
4 ms. Memory: 458752K Free: 402087K (88%)
----------------- Invoking toplevel() on ptolemy.moml.MoMLSimpleApplication@8a06705
----------------- Done invoking toplevel() on ptolemy.moml.MoMLSimpleApplication@8a06705
reloadAllAccessors: .Sinewave

===========================================================================================
----------------- testing Fri Jun 26 14:57:42 UTC 2020 /home/travis/build/icyphy/ptII/ptolemy/actor/lib/test/auto/Sinewave2.xml
----------------- Instantiating /home/travis/build/icyphy/ptII/ptolemy/actor/lib/test/auto/Sinewave2.xml
7 ms. Memory: 458752K Free: 393385K (86%)
----------------- Invoking toplevel() on ptolemy.moml.MoMLSimpleApplication@726bba3e
----------------- Done invoking toplevel() on ptolemy.moml.MoMLSimpleApplication@726bba3e
reloadAllAccessors: .Sinewave2

===========================================================================================
----------------- testing Fri Jun 26 14:57:42 UTC 2020 /home/travis/build/icyphy/ptII/ptolemy/actor/lib/test/auto/Sinewave3.xml
----------------- Instantiating /home/travis/build/icyphy/ptII/ptolemy/actor/lib/test/auto/Sinewave3.xml
5 ms. Memory: 458752K Free: 385193K (84%)
----------------- Invoking toplevel() on ptolemy.moml.MoMLSimpleApplication@e6e41b1
----------------- Done invoking toplevel() on ptolemy.moml.MoMLSimpleApplication@e6e41b1
reloadAllAccessors: .Sinewave3

===========================================================================================
----------------- testing Fri Jun 26 14:57:42 UTC 2020 /home/travis/build/icyphy/ptII/ptolemy/actor/lib/test/auto/SingleEvent.xml
----------------- Instantiating /home/travis/build/icyphy/ptII/ptolemy/actor/lib/test/auto/SingleEvent.xml
1 ms. Memory: 458752K Free: 381097K (83%)
----------------- Invoking toplevel() on ptolemy.moml.MoMLSimpleApplication@3271b44d
----------------- Done invoking toplevel() on ptolemy.moml.MoMLSimpleApplication@3271b44d
reloadAllAccessors: .SingleEvent

===========================================================================================
----------------- testing Fri Jun 26 14:57:42 UTC 2020 /home/travis/build/icyphy/ptII/ptolemy/actor/lib/test/auto/Sleep.xml
----------------- Instantiating /home/travis/build/icyphy/ptII/ptolemy/actor/lib/test/auto/Sleep.xml
6004 ms. Memory: 458752K Free: 374439K (82%)
----------------- Invoking toplevel() on ptolemy.moml.MoMLSimpleApplication@4c964ee2
----------------- Done invoking toplevel() on ptolemy.moml.MoMLSimpleApplication@4c964ee2
reloadAllAccessors: .Sleep

===========================================================================================
----------------- testing Fri Jun 26 14:57:48 UTC 2020 /home/travis/build/icyphy/ptII/ptolemy/actor/lib/test/auto/SleepMultipleFire.xml
----------------- Instantiating /home/travis/build/icyphy/ptII/ptolemy/actor/lib/test/auto/SleepMultipleFire.xml
1005 ms. Memory: 458752K Free: 368809K (80%)
----------------- Invoking toplevel() on ptolemy.moml.MoMLSimpleApplication@4946afdf
----------------- Done invoking toplevel() on ptolemy.moml.MoMLSimpleApplication@4946afdf
reloadAllAccessors: .SleepMultipleFire

===========================================================================================
----------------- testing Fri Jun 26 14:57:49 UTC 2020 /home/travis/build/icyphy/ptII/ptolemy/actor/lib/test/auto/StopDE.xml
----------------- Instantiating /home/travis/build/icyphy/ptII/ptolemy/actor/lib/test/auto/StopDE.xml
2 ms. Memory: 458752K Free: 363175K (79%)
----------------- Invoking toplevel() on ptolemy.moml.MoMLSimpleApplication@6067207c
----------------- Done invoking toplevel() on ptolemy.moml.MoMLSimpleApplication@6067207c
reloadAllAccessors: .StopDE

===========================================================================================
----------------- testing Fri Jun 26 14:57:49 UTC 2020 /home/travis/build/icyphy/ptII/ptolemy/actor/lib/test/auto/StopSDF.xml
----------------- Instantiating /home/travis/build/icyphy/ptII/ptolemy/actor/lib/test/auto/StopSDF.xml
3 ms. Memory: 458752K Free: 357545K (78%)
----------------- Invoking toplevel() on ptolemy.moml.MoMLSimpleApplication@1ba975cd
----------------- Done invoking toplevel() on ptolemy.moml.MoMLSimpleApplication@1ba975cd
reloadAllAccessors: .StopSDF

===========================================================================================
----------------- testing Fri Jun 26 14:57:49 UTC 2020 /home/travis/build/icyphy/ptII/ptolemy/actor/lib/test/auto/StringConstant.xml
----------------- Instantiating /home/travis/build/icyphy/ptII/ptolemy/actor/lib/test/auto/StringConstant.xml
2 ms. Memory: 458752K Free: 353449K (77%)
----------------- Invoking toplevel() on ptolemy.moml.MoMLSimpleApplication@73d3a2dd
----------------- Done invoking toplevel() on ptolemy.moml.MoMLSimpleApplication@73d3a2dd
reloadAllAccessors: .StringConstant

===========================================================================================
----------------- testing Fri Jun 26 14:57:49 UTC 2020 /home/travis/build/icyphy/ptII/ptolemy/actor/lib/test/auto/SubscriberPortInitialValues1.xml
----------------- Instantiating /home/travis/build/icyphy/ptII/ptolemy/actor/lib/test/auto/SubscriberPortInitialValues1.xml
10 ms. Memory: 458752K Free: 344743K (75%)
----------------- Invoking toplevel() on ptolemy.moml.MoMLSimpleApplication@32314e45
----------------- Done invoking toplevel() on ptolemy.moml.MoMLSimpleApplication@32314e45
reloadAllAccessors: .SubscriberPortInitialValues1

===========================================================================================
----------------- testing Fri Jun 26 14:57:49 UTC 2020 /home/travis/build/icyphy/ptII/ptolemy/actor/lib/test/auto/SubscriberPortInitialValues13.xml
----------------- Instantiating /home/travis/build/icyphy/ptII/ptolemy/actor/lib/test/auto/SubscriberPortInitialValues13.xml
5 ms. Memory: 458752K Free: 331431K (72%)
----------------- Invoking toplevel() on ptolemy.moml.MoMLSimpleApplication@5dd6807e
----------------- Done invoking toplevel() on ptolemy.moml.MoMLSimpleApplication@5dd6807e
reloadAllAccessors: .SubscriberPortInitialValues13

===========================================================================================
----------------- testing Fri Jun 26 14:57:49 UTC 2020 /home/travis/build/icyphy/ptII/ptolemy/actor/lib/test/auto/SubscriberPortInitialValues14.xml
----------------- Instantiating /home/travis/build/icyphy/ptII/ptolemy/actor/lib/test/auto/SubscriberPortInitialValues14.xml
4 ms. Memory: 458752K Free: 323753K (71%)
----------------- Invoking toplevel() on ptolemy.moml.MoMLSimpleApplication@353ca3bb
----------------- Done invoking toplevel() on ptolemy.moml.MoMLSimpleApplication@353ca3bb
reloadAllAccessors: .SubscriberPortInitialValues14

===========================================================================================
----------------- testing Fri Jun 26 14:57:49 UTC 2020 /home/travis/build/icyphy/ptII/ptolemy/actor/lib/test/auto/SubscriberPortInitialValues2.xml
----------------- Instantiating /home/travis/build/icyphy/ptII/ptolemy/actor/lib/test/auto/SubscriberPortInitialValues2.xml
3 ms. Memory: 458752K Free: 315561K (69%)
----------------- Invoking toplevel() on ptolemy.moml.MoMLSimpleApplication@39e420d2
----------------- Done invoking toplevel() on ptolemy.moml.MoMLSimpleApplication@39e420d2
reloadAllAccessors: .SubscriberPortInitialValues2

===========================================================================================
----------------- testing Fri Jun 26 14:57:49 UTC 2020 /home/travis/build/icyphy/ptII/ptolemy/actor/lib/test/auto/SubscriberPortInitialValues3.xml
----------------- Instantiating /home/travis/build/icyphy/ptII/ptolemy/actor/lib/test/auto/SubscriberPortInitialValues3.xml
4 ms. Memory: 458752K Free: 304297K (66%)
----------------- Invoking toplevel() on ptolemy.moml.MoMLSimpleApplication@6328650a
----------------- Done invoking toplevel() on ptolemy.moml.MoMLSimpleApplication@6328650a
reloadAllAccessors: .SubscriberPortInitialValues3

===========================================================================================
----------------- testing Fri Jun 26 14:57:49 UTC 2020 /home/travis/build/icyphy/ptII/ptolemy/actor/lib/test/auto/SubscriptionAggregator.xml
----------------- Instantiating /home/travis/build/icyphy/ptII/ptolemy/actor/lib/test/auto/SubscriptionAggregator.xml
2 ms. Memory: 458752K Free: 297625K (65%)
----------------- Invoking toplevel() on ptolemy.moml.MoMLSimpleApplication@691c82d2
----------------- Done invoking toplevel() on ptolemy.moml.MoMLSimpleApplication@691c82d2
reloadAllAccessors: .SubscriptionAggregator

===========================================================================================
----------------- testing Fri Jun 26 14:57:49 UTC 2020 /home/travis/build/icyphy/ptII/ptolemy/actor/lib/test/auto/SubscriptionAggregator2.xml
----------------- Instantiating /home/travis/build/icyphy/ptII/ptolemy/actor/lib/test/auto/SubscriptionAggregator2.xml
3 ms. Memory: 458752K Free: 290465K (63%)
----------------- Invoking toplevel() on ptolemy.moml.MoMLSimpleApplication@29f71393
----------------- Done invoking toplevel() on ptolemy.moml.MoMLSimpleApplication@29f71393
reloadAllAccessors: .SubscriptionAggregator2

===========================================================================================
----------------- testing Fri Jun 26 14:57:50 UTC 2020 /home/travis/build/icyphy/ptII/ptolemy/actor/lib/test/auto/SubscriptionAggregator3.xml
----------------- Instantiating /home/travis/build/icyphy/ptII/ptolemy/actor/lib/test/auto/SubscriptionAggregator3.xml
4 ms. Memory: 458752K Free: 281769K (61%)
----------------- Invoking toplevel() on ptolemy.moml.MoMLSimpleApplication@b33ff17
----------------- Done invoking toplevel() on ptolemy.moml.MoMLSimpleApplication@b33ff17
reloadAllAccessors: .SubscriptionAggregator3

===========================================================================================
----------------- testing Fri Jun 26 14:57:50 UTC 2020 /home/travis/build/icyphy/ptII/ptolemy/actor/lib/test/auto/SubscriptionAggregatorMultiply.xml
----------------- Instantiating /home/travis/build/icyphy/ptII/ptolemy/actor/lib/test/auto/SubscriptionAggregatorMultiply.xml
3 ms. Memory: 458752K Free: 273577K (60%)
----------------- Invoking toplevel() on ptolemy.moml.MoMLSimpleApplication@7ddcf0
----------------- Done invoking toplevel() on ptolemy.moml.MoMLSimpleApplication@7ddcf0
reloadAllAccessors: .SubscriptionAggregatorMultiply

===========================================================================================
----------------- testing Fri Jun 26 14:57:50 UTC 2020 /home/travis/build/icyphy/ptII/ptolemy/actor/lib/test/auto/SubscriptionAggregatorPortMultiply1.xml
----------------- Instantiating /home/travis/build/icyphy/ptII/ptolemy/actor/lib/test/auto/SubscriptionAggregatorPortMultiply1.xml
3 ms. Memory: 458752K Free: 264871K (58%)
----------------- Invoking toplevel() on ptolemy.moml.MoMLSimpleApplication@215f7529
----------------- Done invoking toplevel() on ptolemy.moml.MoMLSimpleApplication@215f7529
reloadAllAccessors: .SubscriptionAggregatorPortMultiply1

===========================================================================================
----------------- testing Fri Jun 26 14:57:50 UTC 2020 /home/travis/build/icyphy/ptII/ptolemy/actor/lib/test/auto/Switch.xml
----------------- Instantiating /home/travis/build/icyphy/ptII/ptolemy/actor/lib/test/auto/Switch.xml
5 ms. Memory: 458752K Free: 256679K (56%)
----------------- Invoking toplevel() on ptolemy.moml.MoMLSimpleApplication@22528c2d
----------------- Done invoking toplevel() on ptolemy.moml.MoMLSimpleApplication@22528c2d
reloadAllAccessors: .Switch

===========================================================================================
----------------- testing Fri Jun 26 14:57:50 UTC 2020 /home/travis/build/icyphy/ptII/ptolemy/actor/lib/test/auto/Switch2.xml
----------------- Instantiating /home/travis/build/icyphy/ptII/ptolemy/actor/lib/test/auto/Switch2.xml
1 ms. Memory: 458752K Free: 252073K (55%)
----------------- Invoking toplevel() on ptolemy.moml.MoMLSimpleApplication@10610c05
----------------- Done invoking toplevel() on ptolemy.moml.MoMLSimpleApplication@10610c05
reloadAllAccessors: .Switch2

===========================================================================================
----------------- testing Fri Jun 26 14:57:50 UTC 2020 /home/travis/build/icyphy/ptII/ptolemy/actor/lib/test/auto/SwitchDE.xml
----------------- Instantiating /home/travis/build/icyphy/ptII/ptolemy/actor/lib/test/auto/SwitchDE.xml
3 ms. Memory: 458752K Free: 245401K (53%)
----------------- Invoking toplevel() on ptolemy.moml.MoMLSimpleApplication@589f1d02
----------------- Done invoking toplevel() on ptolemy.moml.MoMLSimpleApplication@589f1d02
reloadAllAccessors: .SwitchDE

===========================================================================================
----------------- testing Fri Jun 26 14:57:50 UTC 2020 /home/travis/build/icyphy/ptII/ptolemy/actor/lib/test/auto/SynchronizerDE.xml
----------------- Instantiating /home/travis/build/icyphy/ptII/ptolemy/actor/lib/test/auto/SynchronizerDE.xml
7 ms. Memory: 458752K Free: 237209K (52%)
----------------- Invoking toplevel() on ptolemy.moml.MoMLSimpleApplication@430252d5
----------------- Done invoking toplevel() on ptolemy.moml.MoMLSimpleApplication@430252d5
reloadAllAccessors: .SynchronizerDE

===========================================================================================
----------------- testing Fri Jun 26 14:57:50 UTC 2020 /home/travis/build/icyphy/ptII/ptolemy/actor/lib/test/auto/Test.xml
----------------- Instantiating /home/travis/build/icyphy/ptII/ptolemy/actor/lib/test/auto/Test.xml
9 ms. Memory: 458752K Free: 231593K (50%)
----------------- Invoking toplevel() on ptolemy.moml.MoMLSimpleApplication@6395e349
----------------- Done invoking toplevel() on ptolemy.moml.MoMLSimpleApplication@6395e349
reloadAllAccessors: .Test

===========================================================================================
----------------- testing Fri Jun 26 14:57:50 UTC 2020 /home/travis/build/icyphy/ptII/ptolemy/actor/lib/test/auto/TestExceptionAttribute1.xml
----------------- Instantiating /home/travis/build/icyphy/ptII/ptolemy/actor/lib/test/auto/TestExceptionAttribute1.xml
1 ms. Memory: 458752K Free: 228007K (50%)
----------------- Invoking toplevel() on ptolemy.moml.MoMLSimpleApplication@2900393a
----------------- Done invoking toplevel() on ptolemy.moml.MoMLSimpleApplication@2900393a
reloadAllAccessors: .TestExceptionAttribute1

===========================================================================================
----------------- testing Fri Jun 26 14:57:50 UTC 2020 /home/travis/build/icyphy/ptII/ptolemy/actor/lib/test/auto/TestExceptionAttribute2.xml
----------------- Instantiating /home/travis/build/icyphy/ptII/ptolemy/actor/lib/test/auto/TestExceptionAttribute2.xml
2 ms. Memory: 458752K Free: 224425K (49%)
----------------- Invoking toplevel() on ptolemy.moml.MoMLSimpleApplication@7d4bd9f0
----------------- Done invoking toplevel() on ptolemy.moml.MoMLSimpleApplication@7d4bd9f0
reloadAllAccessors: .TestExceptionAttribute2

===========================================================================================
----------------- testing Fri Jun 26 14:57:50 UTC 2020 /home/travis/build/icyphy/ptII/ptolemy/actor/lib/test/auto/TestExceptionAttribute3.xml
----------------- Instantiating /home/travis/build/icyphy/ptII/ptolemy/actor/lib/test/auto/TestExceptionAttribute3.xml
.TestExceptionAttribute3.TestExceptionAttribute: initialize() was not invoked, but wrapup() was.  This is unusual, but not always a problem.  For example, exporting JNLP will do this.
0 ms. Memory: 458752K Free: 220329K (48%)
----------------- Invoking toplevel() on ptolemy.moml.MoMLSimpleApplication@9b55356
----------------- Done invoking toplevel() on ptolemy.moml.MoMLSimpleApplication@9b55356
reloadAllAccessors: .TestExceptionAttribute3

===========================================================================================
----------------- testing Fri Jun 26 14:57:50 UTC 2020 /home/travis/build/icyphy/ptII/ptolemy/actor/lib/test/auto/TestExceptionAttribute4.xml
----------------- Instantiating /home/travis/build/icyphy/ptII/ptolemy/actor/lib/test/auto/TestExceptionAttribute4.xml
.TestExceptionAttribute4.TestExceptionAttribute: initialize() was not invoked, but wrapup() was.  This is unusual, but not always a problem.  For example, exporting JNLP will do this.
.TestExceptionAttribute4.TestExceptionAttribute2: initialize() was not invoked, but wrapup() was.  This is unusual, but not always a problem.  For example, exporting JNLP will do this.
1 ms. Memory: 458752K Free: 216233K (47%)
----------------- Invoking toplevel() on ptolemy.moml.MoMLSimpleApplication@91bd1bf
----------------- Done invoking toplevel() on ptolemy.moml.MoMLSimpleApplication@91bd1bf
reloadAllAccessors: .TestExceptionAttribute4

===========================================================================================
----------------- testing Fri Jun 26 14:57:50 UTC 2020 /home/travis/build/icyphy/ptII/ptolemy/actor/lib/test/auto/TestExceptionHandler1.xml
----------------- Instantiating /home/travis/build/icyphy/ptII/ptolemy/actor/lib/test/auto/TestExceptionHandler1.xml
0 ms. Memory: 458752K Free: 212137K (46%)
----------------- Invoking toplevel() on ptolemy.moml.MoMLSimpleApplication@6ec300d2
----------------- Done invoking toplevel() on ptolemy.moml.MoMLSimpleApplication@6ec300d2
reloadAllAccessors: .TestExceptionHandler1

===========================================================================================
----------------- testing Fri Jun 26 14:57:50 UTC 2020 /home/travis/build/icyphy/ptII/ptolemy/actor/lib/test/auto/TestExceptionHandler2.xml
----------------- Instantiating /home/travis/build/icyphy/ptII/ptolemy/actor/lib/test/auto/TestExceptionHandler2.xml
1 ms. Memory: 458752K Free: 208551K (45%)
----------------- Invoking toplevel() on ptolemy.moml.MoMLSimpleApplication@520155f6
----------------- Done invoking toplevel() on ptolemy.moml.MoMLSimpleApplication@520155f6
reloadAllAccessors: .TestExceptionHandler2

===========================================================================================
----------------- testing Fri Jun 26 14:57:50 UTC 2020 /home/travis/build/icyphy/ptII/ptolemy/actor/lib/test/auto/TestExceptionHandler3.xml
----------------- Instantiating /home/travis/build/icyphy/ptII/ptolemy/actor/lib/test/auto/TestExceptionHandler3.xml
1 ms. Memory: 458752K Free: 204969K (45%)
----------------- Invoking toplevel() on ptolemy.moml.MoMLSimpleApplication@db55c9f
----------------- Done invoking toplevel() on ptolemy.moml.MoMLSimpleApplication@db55c9f
reloadAllAccessors: .TestExceptionHandler3

===========================================================================================
----------------- testing Fri Jun 26 14:57:50 UTC 2020 /home/travis/build/icyphy/ptII/ptolemy/actor/lib/test/auto/TestExceptionHandler4.xml
----------------- Instantiating /home/travis/build/icyphy/ptII/ptolemy/actor/lib/test/auto/TestExceptionHandler4.xml
1 ms. Memory: 458752K Free: 200359K (44%)
----------------- Invoking toplevel() on ptolemy.moml.MoMLSimpleApplication@2b380cad
----------------- Done invoking toplevel() on ptolemy.moml.MoMLSimpleApplication@2b380cad
reloadAllAccessors: .TestExceptionHandler4

===========================================================================================
----------------- testing Fri Jun 26 14:57:50 UTC 2020 /home/travis/build/icyphy/ptII/ptolemy/actor/lib/test/auto/TestRequireCorrectOrder.xml
----------------- Instantiating /home/travis/build/icyphy/ptII/ptolemy/actor/lib/test/auto/TestRequireCorrectOrder.xml
5 ms. Memory: 458752K Free: 195209K (43%)
----------------- Invoking toplevel() on ptolemy.moml.MoMLSimpleApplication@517fb9d2
----------------- Done invoking toplevel() on ptolemy.moml.MoMLSimpleApplication@517fb9d2
reloadAllAccessors: .TestRequireCorrectOrder

===========================================================================================
----------------- testing Fri Jun 26 14:57:50 UTC 2020 /home/travis/build/icyphy/ptII/ptolemy/actor/lib/test/auto/TestSimple.xml
----------------- Instantiating /home/travis/build/icyphy/ptII/ptolemy/actor/lib/test/auto/TestSimple.xml
1 ms. Memory: 458752K Free: 190113K (41%)
----------------- Invoking toplevel() on ptolemy.moml.MoMLSimpleApplication@49db1c55
----------------- Done invoking toplevel() on ptolemy.moml.MoMLSimpleApplication@49db1c55
reloadAllAccessors: .TestSimple

===========================================================================================
----------------- testing Fri Jun 26 14:57:50 UTC 2020 /home/travis/build/icyphy/ptII/ptolemy/actor/lib/test/auto/ThrowModelError.xml
----------------- Instantiating /home/travis/build/icyphy/ptII/ptolemy/actor/lib/test/auto/ThrowModelError.xml
2 ms. Memory: 458752K Free: 185513K (40%)
----------------- Invoking toplevel() on ptolemy.moml.MoMLSimpleApplication@737c2159
----------------- Done invoking toplevel() on ptolemy.moml.MoMLSimpleApplication@737c2159
reloadAllAccessors: .ThrowModelError

===========================================================================================
----------------- testing Fri Jun 26 14:57:50 UTC 2020 /home/travis/build/icyphy/ptII/ptolemy/actor/lib/test/auto/TimeDelayMicrosteps.xml
----------------- Instantiating /home/travis/build/icyphy/ptII/ptolemy/actor/lib/test/auto/TimeDelayMicrosteps.xml
3 ms. Memory: 458752K Free: 178345K (39%)
----------------- Invoking toplevel() on ptolemy.moml.MoMLSimpleApplication@54597ef7
----------------- Done invoking toplevel() on ptolemy.moml.MoMLSimpleApplication@54597ef7
reloadAllAccessors: .TimeDelayMicrosteps

===========================================================================================
----------------- testing Fri Jun 26 14:57:50 UTC 2020 /home/travis/build/icyphy/ptII/ptolemy/actor/lib/test/auto/TimeDelayMicrosteps2.xml
----------------- Instantiating /home/travis/build/icyphy/ptII/ptolemy/actor/lib/test/auto/TimeDelayMicrosteps2.xml
3 ms. Memory: 458752K Free: 171177K (37%)
----------------- Invoking toplevel() on ptolemy.moml.MoMLSimpleApplication@77326229
----------------- Done invoking toplevel() on ptolemy.moml.MoMLSimpleApplication@77326229
reloadAllAccessors: .TimeDelayMicrosteps2

===========================================================================================
----------------- testing Fri Jun 26 14:57:50 UTC 2020 /home/travis/build/icyphy/ptII/ptolemy/actor/lib/test/auto/TimeDelayMicrosteps3.xml
----------------- Instantiating /home/travis/build/icyphy/ptII/ptolemy/actor/lib/test/auto/TimeDelayMicrosteps3.xml
3 ms. Memory: 458752K Free: 164489K (36%)
----------------- Invoking toplevel() on ptolemy.moml.MoMLSimpleApplication@3814d681
----------------- Done invoking toplevel() on ptolemy.moml.MoMLSimpleApplication@3814d681
reloadAllAccessors: .TimeDelayMicrosteps3

===========================================================================================
----------------- testing Fri Jun 26 14:57:50 UTC 2020 /home/travis/build/icyphy/ptII/ptolemy/actor/lib/test/auto/TimeDelayVariableMicrosteps.xml
----------------- Instantiating /home/travis/build/icyphy/ptII/ptolemy/actor/lib/test/auto/TimeDelayVariableMicrosteps.xml
3 ms. Memory: 458752K Free: 157865K (34%)
----------------- Invoking toplevel() on ptolemy.moml.MoMLSimpleApplication@63b25408
----------------- Done invoking toplevel() on ptolemy.moml.MoMLSimpleApplication@63b25408
reloadAllAccessors: .TimeDelayVariableMicrosteps

===========================================================================================
----------------- testing Fri Jun 26 14:57:50 UTC 2020 /home/travis/build/icyphy/ptII/ptolemy/actor/lib/test/auto/TimeGap.xml
----------------- Instantiating /home/travis/build/icyphy/ptII/ptolemy/actor/lib/test/auto/TimeGap.xml
3 ms. Memory: 458752K Free: 152745K (33%)
----------------- Invoking toplevel() on ptolemy.moml.MoMLSimpleApplication@304128cd
----------------- Done invoking toplevel() on ptolemy.moml.MoMLSimpleApplication@304128cd
reloadAllAccessors: .TimeGap

===========================================================================================
----------------- testing Fri Jun 26 14:57:50 UTC 2020 /home/travis/build/icyphy/ptII/ptolemy/actor/lib/test/auto/TimeGap2.xml
----------------- Instantiating /home/travis/build/icyphy/ptII/ptolemy/actor/lib/test/auto/TimeGap2.xml
2 ms. Memory: 458752K Free: 146601K (32%)
----------------- Invoking toplevel() on ptolemy.moml.MoMLSimpleApplication@597064e1
----------------- Done invoking toplevel() on ptolemy.moml.MoMLSimpleApplication@597064e1
reloadAllAccessors: .TimeGap2

===========================================================================================
----------------- testing Fri Jun 26 14:57:50 UTC 2020 /home/travis/build/icyphy/ptII/ptolemy/actor/lib/test/auto/TimedSinewave.xml
----------------- Instantiating /home/travis/build/icyphy/ptII/ptolemy/actor/lib/test/auto/TimedSinewave.xml
20 ms. Memory: 458752K Free: 402590K (88%)
----------------- Invoking toplevel() on ptolemy.moml.MoMLSimpleApplication@72da01fb
----------------- Done invoking toplevel() on ptolemy.moml.MoMLSimpleApplication@72da01fb
reloadAllAccessors: .TimedSinewave

===========================================================================================
----------------- testing Fri Jun 26 14:57:50 UTC 2020 /home/travis/build/icyphy/ptII/ptolemy/actor/lib/test/auto/TimedSinewavePhase.xml
----------------- Instantiating /home/travis/build/icyphy/ptII/ptolemy/actor/lib/test/auto/TimedSinewavePhase.xml
8 ms. Memory: 458752K Free: 392350K (86%)
----------------- Invoking toplevel() on ptolemy.moml.MoMLSimpleApplication@a502700
----------------- Done invoking toplevel() on ptolemy.moml.MoMLSimpleApplication@a502700
reloadAllAccessors: .TimedSinewavePhase

===========================================================================================
----------------- testing Fri Jun 26 14:57:50 UTC 2020 /home/travis/build/icyphy/ptII/ptolemy/actor/lib/test/auto/Timer.xml
----------------- Instantiating /home/travis/build/icyphy/ptII/ptolemy/actor/lib/test/auto/Timer.xml
2 ms. Memory: 458752K Free: 386710K (84%)
----------------- Invoking toplevel() on ptolemy.moml.MoMLSimpleApplication@759ac806
----------------- Done invoking toplevel() on ptolemy.moml.MoMLSimpleApplication@759ac806
reloadAllAccessors: .Timer

===========================================================================================
----------------- testing Fri Jun 26 14:57:50 UTC 2020 /home/travis/build/icyphy/ptII/ptolemy/actor/lib/test/auto/TriangularDistTestModel.xml
----------------- Instantiating /home/travis/build/icyphy/ptII/ptolemy/actor/lib/test/auto/TriangularDistTestModel.xml
2 ms. Memory: 458752K Free: 380558K (83%)
----------------- Invoking toplevel() on ptolemy.moml.MoMLSimpleApplication@58074f0
----------------- Done invoking toplevel() on ptolemy.moml.MoMLSimpleApplication@58074f0
reloadAllAccessors: .TriangularDistTestModel

===========================================================================================
----------------- testing Fri Jun 26 14:57:50 UTC 2020 /home/travis/build/icyphy/ptII/ptolemy/actor/lib/test/auto/TrigFunction.xml
----------------- Instantiating /home/travis/build/icyphy/ptII/ptolemy/actor/lib/test/auto/TrigFunction.xml
2 ms. Memory: 458752K Free: 375966K (82%)
----------------- Invoking toplevel() on ptolemy.moml.MoMLSimpleApplication@70a17170
----------------- Done invoking toplevel() on ptolemy.moml.MoMLSimpleApplication@70a17170
reloadAllAccessors: .TrigFunction

===========================================================================================
----------------- testing Fri Jun 26 14:57:50 UTC 2020 /home/travis/build/icyphy/ptII/ptolemy/actor/lib/test/auto/TrigFunctionDE.xml
----------------- Instantiating /home/travis/build/icyphy/ptII/ptolemy/actor/lib/test/auto/TrigFunctionDE.xml
2 ms. Memory: 458752K Free: 369822K (81%)
----------------- Invoking toplevel() on ptolemy.moml.MoMLSimpleApplication@6efd8022
----------------- Done invoking toplevel() on ptolemy.moml.MoMLSimpleApplication@6efd8022
reloadAllAccessors: .TrigFunctionDE

===========================================================================================
----------------- testing Fri Jun 26 14:57:50 UTC 2020 /home/travis/build/icyphy/ptII/ptolemy/actor/lib/test/auto/TrigFunctionInverse.xml
----------------- Instantiating /home/travis/build/icyphy/ptII/ptolemy/actor/lib/test/auto/TrigFunctionInverse.xml
2 ms. Memory: 458752K Free: 364702K (79%)
----------------- Invoking toplevel() on ptolemy.moml.MoMLSimpleApplication@201741d9
----------------- Done invoking toplevel() on ptolemy.moml.MoMLSimpleApplication@201741d9
reloadAllAccessors: .TrigFunctionInverse

===========================================================================================
----------------- testing Fri Jun 26 14:57:50 UTC 2020 /home/travis/build/icyphy/ptII/ptolemy/actor/lib/test/auto/TrigFunctionTan.xml
----------------- Instantiating /home/travis/build/icyphy/ptII/ptolemy/actor/lib/test/auto/TrigFunctionTan.xml
2 ms. Memory: 458752K Free: 359582K (78%)
----------------- Invoking toplevel() on ptolemy.moml.MoMLSimpleApplication@c77816e
----------------- Done invoking toplevel() on ptolemy.moml.MoMLSimpleApplication@c77816e
reloadAllAccessors: .TrigFunctionTan

===========================================================================================
----------------- testing Fri Jun 26 14:57:50 UTC 2020 /home/travis/build/icyphy/ptII/ptolemy/actor/lib/test/auto/TriggeredClock.xml
----------------- Instantiating /home/travis/build/icyphy/ptII/ptolemy/actor/lib/test/auto/TriggeredClock.xml
1 ms. Memory: 458752K Free: 354462K (77%)
----------------- Invoking toplevel() on ptolemy.moml.MoMLSimpleApplication@767ad9a2
----------------- Done invoking toplevel() on ptolemy.moml.MoMLSimpleApplication@767ad9a2
reloadAllAccessors: .TriggeredClock

===========================================================================================
----------------- testing Fri Jun 26 14:57:50 UTC 2020 /home/travis/build/icyphy/ptII/ptolemy/actor/lib/test/auto/URLDirectoryReader.xml
----------------- Instantiating /home/travis/build/icyphy/ptII/ptolemy/actor/lib/test/auto/URLDirectoryReader.xml
26 ms. Memory: 458752K Free: 344732K (75%)
----------------- Invoking toplevel() on ptolemy.moml.MoMLSimpleApplication@3fe21c42
----------------- Done invoking toplevel() on ptolemy.moml.MoMLSimpleApplication@3fe21c42
reloadAllAccessors: .URLDirectoryReader

===========================================================================================
----------------- testing Fri Jun 26 14:57:50 UTC 2020 /home/travis/build/icyphy/ptII/ptolemy/actor/lib/test/auto/URLDirectoryReader3.xml
----------------- Instantiating /home/travis/build/icyphy/ptII/ptolemy/actor/lib/test/auto/URLDirectoryReader3.xml
1469 ms. Memory: 458752K Free: 399136K (87%)
----------------- Invoking toplevel() on ptolemy.moml.MoMLSimpleApplication@39c2fdc8
----------------- Done invoking toplevel() on ptolemy.moml.MoMLSimpleApplication@39c2fdc8
reloadAllAccessors: .URLDirectoryReader3

===========================================================================================
----------------- testing Fri Jun 26 14:57:52 UTC 2020 /home/travis/build/icyphy/ptII/ptolemy/actor/lib/test/auto/UnaryMathFunction.xml
----------------- Instantiating /home/travis/build/icyphy/ptII/ptolemy/actor/lib/test/auto/UnaryMathFunction.xml
3 ms. Memory: 458752K Free: 390902K (85%)
----------------- Invoking toplevel() on ptolemy.moml.MoMLSimpleApplication@6acf5686
----------------- Done invoking toplevel() on ptolemy.moml.MoMLSimpleApplication@6acf5686
reloadAllAccessors: .UnaryMathFunction

===========================================================================================
----------------- testing Fri Jun 26 14:57:52 UTC 2020 /home/travis/build/icyphy/ptII/ptolemy/actor/lib/test/auto/Uniform.xml
----------------- Instantiating /home/travis/build/icyphy/ptII/ptolemy/actor/lib/test/auto/Uniform.xml
2 ms. Memory: 458752K Free: 386296K (84%)
----------------- Invoking toplevel() on ptolemy.moml.MoMLSimpleApplication@3be264d0
----------------- Done invoking toplevel() on ptolemy.moml.MoMLSimpleApplication@3be264d0
reloadAllAccessors: .Uniform

===========================================================================================
----------------- testing Fri Jun 26 14:57:52 UTC 2020 /home/travis/build/icyphy/ptII/ptolemy/actor/lib/test/auto/UnionDisassemblerTest.xml
----------------- Instantiating /home/travis/build/icyphy/ptII/ptolemy/actor/lib/test/auto/UnionDisassemblerTest.xml
8 ms. Memory: 458752K Free: 382703K (83%)
----------------- Invoking toplevel() on ptolemy.moml.MoMLSimpleApplication@1b426faf
----------------- Done invoking toplevel() on ptolemy.moml.MoMLSimpleApplication@1b426faf
reloadAllAccessors: .UnionDisassemblerTest

===========================================================================================
----------------- testing Fri Jun 26 14:57:52 UTC 2020 /home/travis/build/icyphy/ptII/ptolemy/actor/lib/test/auto/UtilityFunctions.xml
----------------- Instantiating /home/travis/build/icyphy/ptII/ptolemy/actor/lib/test/auto/UtilityFunctions.xml
1 ms. Memory: 458752K Free: 378599K (83%)
----------------- Invoking toplevel() on ptolemy.moml.MoMLSimpleApplication@3a252121
----------------- Done invoking toplevel() on ptolemy.moml.MoMLSimpleApplication@3a252121
reloadAllAccessors: .UtilityFunctions

===========================================================================================
----------------- testing Fri Jun 26 14:57:52 UTC 2020 /home/travis/build/icyphy/ptII/ptolemy/actor/lib/test/auto/VariableSleep.xml
----------------- Instantiating /home/travis/build/icyphy/ptII/ptolemy/actor/lib/test/auto/VariableSleep.xml
503 ms. Memory: 458752K Free: 373494K (81%)
----------------- Invoking toplevel() on ptolemy.moml.MoMLSimpleApplication@658a5597
----------------- Done invoking toplevel() on ptolemy.moml.MoMLSimpleApplication@658a5597
reloadAllAccessors: .VariableSleep

===========================================================================================
----------------- testing Fri Jun 26 14:57:53 UTC 2020 /home/travis/build/icyphy/ptII/ptolemy/actor/lib/test/auto/VectorAssemblerDisassemblerCT.xml
----------------- Instantiating /home/travis/build/icyphy/ptII/ptolemy/actor/lib/test/auto/VectorAssemblerDisassemblerCT.xml
71 ms. Memory: 458752K Free: 352504K (77%)
----------------- Invoking toplevel() on ptolemy.moml.MoMLSimpleApplication@4eab3978
----------------- Done invoking toplevel() on ptolemy.moml.MoMLSimpleApplication@4eab3978
reloadAllAccessors: .VectorAssemblerDisassemblerCT

===========================================================================================
----------------- testing Fri Jun 26 14:57:53 UTC 2020 /home/travis/build/icyphy/ptII/ptolemy/actor/lib/test/auto/VectorAssemblerDisassemblerDE.xml
----------------- Instantiating /home/travis/build/icyphy/ptII/ptolemy/actor/lib/test/auto/VectorAssemblerDisassemblerDE.xml
3 ms. Memory: 458752K Free: 345336K (75%)
----------------- Invoking toplevel() on ptolemy.moml.MoMLSimpleApplication@745aeaa9
----------------- Done invoking toplevel() on ptolemy.moml.MoMLSimpleApplication@745aeaa9
reloadAllAccessors: .VectorAssemblerDisassemblerDE

===========================================================================================
----------------- testing Fri Jun 26 14:57:53 UTC 2020 /home/travis/build/icyphy/ptII/ptolemy/actor/lib/test/auto/VectorAssemblerDisassemblerSDF.xml
----------------- Instantiating /home/travis/build/icyphy/ptII/ptolemy/actor/lib/test/auto/VectorAssemblerDisassemblerSDF.xml
3 ms. Memory: 458752K Free: 339192K (74%)
----------------- Invoking toplevel() on ptolemy.moml.MoMLSimpleApplication@54e39a08
----------------- Done invoking toplevel() on ptolemy.moml.MoMLSimpleApplication@54e39a08
reloadAllAccessors: .VectorAssemblerDisassemblerSDF

===========================================================================================
----------------- testing Fri Jun 26 14:57:53 UTC 2020 /home/travis/build/icyphy/ptII/ptolemy/actor/lib/test/auto/WallClockTime.xml
----------------- Instantiating /home/travis/build/icyphy/ptII/ptolemy/actor/lib/test/auto/WallClockTime.xml
1004 ms. Memory: 458752K Free: 333558K (73%)
----------------- Invoking toplevel() on ptolemy.moml.MoMLSimpleApplication@65d33aba
----------------- Done invoking toplevel() on ptolemy.moml.MoMLSimpleApplication@65d33aba
reloadAllAccessors: .WallClockTime

===========================================================================================
----------------- testing Fri Jun 26 14:57:54 UTC 2020 /home/travis/build/icyphy/ptII/ptolemy/actor/lib/test/auto/WidthTestWithSubscriberPublisher.xml
----------------- Instantiating /home/travis/build/icyphy/ptII/ptolemy/actor/lib/test/auto/WidthTestWithSubscriberPublisher.xml
7 ms. Memory: 458752K Free: 315640K (69%)
----------------- Invoking toplevel() on ptolemy.moml.MoMLSimpleApplication@5af59471
----------------- Done invoking toplevel() on ptolemy.moml.MoMLSimpleApplication@5af59471
reloadAllAccessors: .WidthTestWithSubscriberPublisher

===========================================================================================
----------------- testing Fri Jun 26 14:57:54 UTC 2020 /home/travis/build/icyphy/ptII/ptolemy/actor/lib/test/auto/WidthTestWithSubscriberPublisher2.xml
----------------- Instantiating /home/travis/build/icyphy/ptII/ptolemy/actor/lib/test/auto/WidthTestWithSubscriberPublisher2.xml
3 ms. Memory: 458752K Free: 309496K (67%)
----------------- Invoking toplevel() on ptolemy.moml.MoMLSimpleApplication@42db126d
----------------- Done invoking toplevel() on ptolemy.moml.MoMLSimpleApplication@42db126d
reloadAllAccessors: .WidthTestWithSubscriberPublisher2

===========================================================================================
----------------- testing Fri Jun 26 14:57:54 UTC 2020 /home/travis/build/icyphy/ptII/ptolemy/actor/lib/test/auto/WidthTestWithSubscriberPublisher3.xml
----------------- Instantiating /home/travis/build/icyphy/ptII/ptolemy/actor/lib/test/auto/WidthTestWithSubscriberPublisher3.xml
3 ms. Memory: 458752K Free: 302838K (66%)
----------------- Invoking toplevel() on ptolemy.moml.MoMLSimpleApplication@1edcaf04
----------------- Done invoking toplevel() on ptolemy.moml.MoMLSimpleApplication@1edcaf04
reloadAllAccessors: .WidthTestWithSubscriberPublisher3

===========================================================================================
----------------- testing Fri Jun 26 14:57:54 UTC 2020 /home/travis/build/icyphy/ptII/ptolemy/actor/lib/test/auto/Writer.xml
----------------- Instantiating /home/travis/build/icyphy/ptII/ptolemy/actor/lib/test/auto/Writer.xml
0
1
2
3
4
1 ms. Memory: 458752K Free: 298711K (65%)
----------------- Invoking toplevel() on ptolemy.moml.MoMLSimpleApplication@569dc3d5
----------------- Done invoking toplevel() on ptolemy.moml.MoMLSimpleApplication@569dc3d5
reloadAllAccessors: .Writer

===========================================================================================
----------------- testing Fri Jun 26 14:57:54 UTC 2020 /home/travis/build/icyphy/ptII/ptolemy/actor/lib/test/auto/array.xml
----------------- Instantiating /home/travis/build/icyphy/ptII/ptolemy/actor/lib/test/auto/array.xml
2 ms. Memory: 458752K Free: 294136K (64%)
----------------- Invoking toplevel() on ptolemy.moml.MoMLSimpleApplication@5fbac906
----------------- Done invoking toplevel() on ptolemy.moml.MoMLSimpleApplication@5fbac906
reloadAllAccessors: .array

===========================================================================================
----------------- testing Fri Jun 26 14:57:54 UTC 2020 /home/travis/build/icyphy/ptII/ptolemy/actor/lib/test/auto/array2.xml
----------------- Instantiating /home/travis/build/icyphy/ptII/ptolemy/actor/lib/test/auto/array2.xml
17 ms. Memory: 458752K Free: 288487K (63%)
----------------- Invoking toplevel() on ptolemy.moml.MoMLSimpleApplication@2cdfd26d
----------------- Done invoking toplevel() on ptolemy.moml.MoMLSimpleApplication@2cdfd26d
reloadAllAccessors: .array2

===========================================================================================
----------------- testing Fri Jun 26 14:57:54 UTC 2020 /home/travis/build/icyphy/ptII/ptolemy/actor/lib/test/auto/arrayType.xml
----------------- Instantiating /home/travis/build/icyphy/ptII/ptolemy/actor/lib/test/auto/arrayType.xml
5 ms. Memory: 458752K Free: 283382K (62%)
----------------- Invoking toplevel() on ptolemy.moml.MoMLSimpleApplication@1e36f632
----------------- Done invoking toplevel() on ptolemy.moml.MoMLSimpleApplication@1e36f632
reloadAllAccessors: .arrayType

===========================================================================================
----------------- testing Fri Jun 26 14:57:54 UTC 2020 /home/travis/build/icyphy/ptII/ptolemy/actor/lib/test/auto/arrayType10.xml
----------------- Instantiating /home/travis/build/icyphy/ptII/ptolemy/actor/lib/test/auto/arrayType10.xml
1 ms. Memory: 458752K Free: 278776K (61%)
----------------- Invoking toplevel() on ptolemy.moml.MoMLSimpleApplication@6bafebec
----------------- Done invoking toplevel() on ptolemy.moml.MoMLSimpleApplication@6bafebec
reloadAllAccessors: .arrayType10

===========================================================================================
----------------- testing Fri Jun 26 14:57:54 UTC 2020 /home/travis/build/icyphy/ptII/ptolemy/actor/lib/test/auto/arrayType11.xml
----------------- Instantiating /home/travis/build/icyphy/ptII/ptolemy/actor/lib/test/auto/arrayType11.xml
2 ms. Memory: 458752K Free: 273656K (60%)
----------------- Invoking toplevel() on ptolemy.moml.MoMLSimpleApplication@365e07d6
----------------- Done invoking toplevel() on ptolemy.moml.MoMLSimpleApplication@365e07d6
reloadAllAccessors: .arrayType11

===========================================================================================
----------------- testing Fri Jun 26 14:57:54 UTC 2020 /home/travis/build/icyphy/ptII/ptolemy/actor/lib/test/auto/arrayType12.xml
----------------- Instantiating /home/travis/build/icyphy/ptII/ptolemy/actor/lib/test/auto/arrayType12.xml
1 ms. Memory: 458752K Free: 269046K (59%)
----------------- Invoking toplevel() on ptolemy.moml.MoMLSimpleApplication@458a61a2
----------------- Done invoking toplevel() on ptolemy.moml.MoMLSimpleApplication@458a61a2
reloadAllAccessors: .arrayType12

===========================================================================================
----------------- testing Fri Jun 26 14:57:54 UTC 2020 /home/travis/build/icyphy/ptII/ptolemy/actor/lib/test/auto/arrayType13.xml
----------------- Instantiating /home/travis/build/icyphy/ptII/ptolemy/actor/lib/test/auto/arrayType13.xml
1 ms. Memory: 458752K Free: 263416K (57%)
----------------- Invoking toplevel() on ptolemy.moml.MoMLSimpleApplication@3bd8fcf8
----------------- Done invoking toplevel() on ptolemy.moml.MoMLSimpleApplication@3bd8fcf8
reloadAllAccessors: .arrayType13

===========================================================================================
----------------- testing Fri Jun 26 14:57:54 UTC 2020 /home/travis/build/icyphy/ptII/ptolemy/actor/lib/test/auto/arrayType14.xml
----------------- Instantiating /home/travis/build/icyphy/ptII/ptolemy/actor/lib/test/auto/arrayType14.xml
2 ms. Memory: 458752K Free: 258296K (56%)
----------------- Invoking toplevel() on ptolemy.moml.MoMLSimpleApplication@668b2cad
----------------- Done invoking toplevel() on ptolemy.moml.MoMLSimpleApplication@668b2cad
reloadAllAccessors: .arrayType14

===========================================================================================
----------------- testing Fri Jun 26 14:57:54 UTC 2020 /home/travis/build/icyphy/ptII/ptolemy/actor/lib/test/auto/arrayType15.xml
----------------- Instantiating /home/travis/build/icyphy/ptII/ptolemy/actor/lib/test/auto/arrayType15.xml
3 ms. Memory: 458752K Free: 253176K (55%)
----------------- Invoking toplevel() on ptolemy.moml.MoMLSimpleApplication@411ceb90
----------------- Done invoking toplevel() on ptolemy.moml.MoMLSimpleApplication@411ceb90
reloadAllAccessors: .arrayType15

===========================================================================================
----------------- testing Fri Jun 26 14:57:54 UTC 2020 /home/travis/build/icyphy/ptII/ptolemy/actor/lib/test/auto/arrayType16.xml
----------------- Instantiating /home/travis/build/icyphy/ptII/ptolemy/actor/lib/test/auto/arrayType16.xml
1 ms. Memory: 458752K Free: 247542K (54%)
----------------- Invoking toplevel() on ptolemy.moml.MoMLSimpleApplication@6a5061d4
----------------- Done invoking toplevel() on ptolemy.moml.MoMLSimpleApplication@6a5061d4
reloadAllAccessors: .arrayType16

===========================================================================================
----------------- testing Fri Jun 26 14:57:54 UTC 2020 /home/travis/build/icyphy/ptII/ptolemy/actor/lib/test/auto/arrayType17.xml
----------------- Instantiating /home/travis/build/icyphy/ptII/ptolemy/actor/lib/test/auto/arrayType17.xml
4 ms. Memory: 458752K Free: 242422K (53%)
----------------- Invoking toplevel() on ptolemy.moml.MoMLSimpleApplication@339a0ef
----------------- Done invoking toplevel() on ptolemy.moml.MoMLSimpleApplication@339a0ef
reloadAllAccessors: .arrayType17

===========================================================================================
----------------- testing Fri Jun 26 14:57:54 UTC 2020 /home/travis/build/icyphy/ptII/ptolemy/actor/lib/test/auto/arrayType18.xml
----------------- Instantiating /home/travis/build/icyphy/ptII/ptolemy/actor/lib/test/auto/arrayType18.xml
2 ms. Memory: 458752K Free: 237816K (52%)
----------------- Invoking toplevel() on ptolemy.moml.MoMLSimpleApplication@57b87405
----------------- Done invoking toplevel() on ptolemy.moml.MoMLSimpleApplication@57b87405
reloadAllAccessors: .arrayType18

===========================================================================================
----------------- testing Fri Jun 26 14:57:54 UTC 2020 /home/travis/build/icyphy/ptII/ptolemy/actor/lib/test/auto/arrayType19.xml
----------------- Instantiating /home/travis/build/icyphy/ptII/ptolemy/actor/lib/test/auto/arrayType19.xml
1 ms. Memory: 458752K Free: 232696K (51%)
----------------- Invoking toplevel() on ptolemy.moml.MoMLSimpleApplication@a09dba
----------------- Done invoking toplevel() on ptolemy.moml.MoMLSimpleApplication@a09dba
reloadAllAccessors: .arrayType19

===========================================================================================
----------------- testing Fri Jun 26 14:57:54 UTC 2020 /home/travis/build/icyphy/ptII/ptolemy/actor/lib/test/auto/arrayType2.xml
----------------- Instantiating /home/travis/build/icyphy/ptII/ptolemy/actor/lib/test/auto/arrayType2.xml
2 ms. Memory: 458752K Free: 227576K (50%)
----------------- Invoking toplevel() on ptolemy.moml.MoMLSimpleApplication@341ceb24
----------------- Done invoking toplevel() on ptolemy.moml.MoMLSimpleApplication@341ceb24
reloadAllAccessors: .arrayType2

===========================================================================================
----------------- testing Fri Jun 26 14:57:54 UTC 2020 /home/travis/build/icyphy/ptII/ptolemy/actor/lib/test/auto/arrayType20.xml
----------------- Instantiating /home/travis/build/icyphy/ptII/ptolemy/actor/lib/test/auto/arrayType20.xml
1 ms. Memory: 458752K Free: 222456K (48%)
----------------- Invoking toplevel() on ptolemy.moml.MoMLSimpleApplication@72e44fd0
----------------- Done invoking toplevel() on ptolemy.moml.MoMLSimpleApplication@72e44fd0
reloadAllAccessors: .arrayType20

===========================================================================================
----------------- testing Fri Jun 26 14:57:54 UTC 2020 /home/travis/build/icyphy/ptII/ptolemy/actor/lib/test/auto/arrayType21.xml
----------------- Instantiating /home/travis/build/icyphy/ptII/ptolemy/actor/lib/test/auto/arrayType21.xml
1 ms. Memory: 458752K Free: 217846K (47%)
----------------- Invoking toplevel() on ptolemy.moml.MoMLSimpleApplication@40ff4323
----------------- Done invoking toplevel() on ptolemy.moml.MoMLSimpleApplication@40ff4323
reloadAllAccessors: .arrayType21

===========================================================================================
----------------- testing Fri Jun 26 14:57:54 UTC 2020 /home/travis/build/icyphy/ptII/ptolemy/actor/lib/test/auto/arrayType22.xml
----------------- Instantiating /home/travis/build/icyphy/ptII/ptolemy/actor/lib/test/auto/arrayType22.xml
1 ms. Memory: 458752K Free: 212216K (46%)
----------------- Invoking toplevel() on ptolemy.moml.MoMLSimpleApplication@273de7a1
----------------- Done invoking toplevel() on ptolemy.moml.MoMLSimpleApplication@273de7a1
reloadAllAccessors: .arrayType22

===========================================================================================
----------------- testing Fri Jun 26 14:57:54 UTC 2020 /home/travis/build/icyphy/ptII/ptolemy/actor/lib/test/auto/arrayType23.xml
----------------- Instantiating /home/travis/build/icyphy/ptII/ptolemy/actor/lib/test/auto/arrayType23.xml
1 ms. Memory: 458752K Free: 207096K (45%)
----------------- Invoking toplevel() on ptolemy.moml.MoMLSimpleApplication@2c382b9d
----------------- Done invoking toplevel() on ptolemy.moml.MoMLSimpleApplication@2c382b9d
reloadAllAccessors: .arrayType23

===========================================================================================
----------------- testing Fri Jun 26 14:57:54 UTC 2020 /home/travis/build/icyphy/ptII/ptolemy/actor/lib/test/auto/arrayType24.xml
----------------- Instantiating /home/travis/build/icyphy/ptII/ptolemy/actor/lib/test/auto/arrayType24.xml
2 ms. Memory: 458752K Free: 202486K (44%)
----------------- Invoking toplevel() on ptolemy.moml.MoMLSimpleApplication@6384c5c7
----------------- Done invoking toplevel() on ptolemy.moml.MoMLSimpleApplication@6384c5c7
reloadAllAccessors: .arrayType24

===========================================================================================
----------------- testing Fri Jun 26 14:57:54 UTC 2020 /home/travis/build/icyphy/ptII/ptolemy/actor/lib/test/auto/arrayType25.xml
----------------- Instantiating /home/travis/build/icyphy/ptII/ptolemy/actor/lib/test/auto/arrayType25.xml
2 ms. Memory: 458752K Free: 197366K (43%)
----------------- Invoking toplevel() on ptolemy.moml.MoMLSimpleApplication@507c632d
----------------- Done invoking toplevel() on ptolemy.moml.MoMLSimpleApplication@507c632d
reloadAllAccessors: .arrayType25

===========================================================================================
----------------- testing Fri Jun 26 14:57:54 UTC 2020 /home/travis/build/icyphy/ptII/ptolemy/actor/lib/test/auto/arrayType26.xml
----------------- Instantiating /home/travis/build/icyphy/ptII/ptolemy/actor/lib/test/auto/arrayType26.xml
2 ms. Memory: 458752K Free: 191736K (42%)
----------------- Invoking toplevel() on ptolemy.moml.MoMLSimpleApplication@22d43945
----------------- Done invoking toplevel() on ptolemy.moml.MoMLSimpleApplication@22d43945
reloadAllAccessors: .arrayType26

===========================================================================================
----------------- testing Fri Jun 26 14:57:54 UTC 2020 /home/travis/build/icyphy/ptII/ptolemy/actor/lib/test/auto/arrayType27.xml
----------------- Instantiating /home/travis/build/icyphy/ptII/ptolemy/actor/lib/test/auto/arrayType27.xml
2 ms. Memory: 458752K Free: 186616K (41%)
----------------- Invoking toplevel() on ptolemy.moml.MoMLSimpleApplication@646c10df
----------------- Done invoking toplevel() on ptolemy.moml.MoMLSimpleApplication@646c10df
reloadAllAccessors: .arrayType27

===========================================================================================
----------------- testing Fri Jun 26 14:57:54 UTC 2020 /home/travis/build/icyphy/ptII/ptolemy/actor/lib/test/auto/arrayType28.xml
----------------- Instantiating /home/travis/build/icyphy/ptII/ptolemy/actor/lib/test/auto/arrayType28.xml
2 ms. Memory: 458752K Free: 180982K (39%)
----------------- Invoking toplevel() on ptolemy.moml.MoMLSimpleApplication@59bcde1c
----------------- Done invoking toplevel() on ptolemy.moml.MoMLSimpleApplication@59bcde1c
reloadAllAccessors: .arrayType28

===========================================================================================
----------------- testing Fri Jun 26 14:57:54 UTC 2020 /home/travis/build/icyphy/ptII/ptolemy/actor/lib/test/auto/arrayType3.xml
----------------- Instantiating /home/travis/build/icyphy/ptII/ptolemy/actor/lib/test/auto/arrayType3.xml
1 ms. Memory: 458752K Free: 175847K (38%)
----------------- Invoking toplevel() on ptolemy.moml.MoMLSimpleApplication@1cd2da9f
----------------- Done invoking toplevel() on ptolemy.moml.MoMLSimpleApplication@1cd2da9f
reloadAllAccessors: .arrayType3

===========================================================================================
----------------- testing Fri Jun 26 14:57:54 UTC 2020 /home/travis/build/icyphy/ptII/ptolemy/actor/lib/test/auto/arrayType4.xml
----------------- Instantiating /home/travis/build/icyphy/ptII/ptolemy/actor/lib/test/auto/arrayType4.xml
1 ms. Memory: 458752K Free: 170232K (37%)
----------------- Invoking toplevel() on ptolemy.moml.MoMLSimpleApplication@2cb78829
----------------- Done invoking toplevel() on ptolemy.moml.MoMLSimpleApplication@2cb78829
reloadAllAccessors: .arrayType4

===========================================================================================
----------------- testing Fri Jun 26 14:57:54 UTC 2020 /home/travis/build/icyphy/ptII/ptolemy/actor/lib/test/auto/arrayType5.xml
----------------- Instantiating /home/travis/build/icyphy/ptII/ptolemy/actor/lib/test/auto/arrayType5.xml
6 ms. Memory: 458752K Free: 165112K (36%)
----------------- Invoking toplevel() on ptolemy.moml.MoMLSimpleApplication@5d2c692c
----------------- Done invoking toplevel() on ptolemy.moml.MoMLSimpleApplication@5d2c692c
reloadAllAccessors: .arrayType5

===========================================================================================
----------------- testing Fri Jun 26 14:57:54 UTC 2020 /home/travis/build/icyphy/ptII/ptolemy/actor/lib/test/auto/arrayType6.xml
----------------- Instantiating /home/travis/build/icyphy/ptII/ptolemy/actor/lib/test/auto/arrayType6.xml
1 ms. Memory: 458752K Free: 160502K (35%)
----------------- Invoking toplevel() on ptolemy.moml.MoMLSimpleApplication@5a308cd8
----------------- Done invoking toplevel() on ptolemy.moml.MoMLSimpleApplication@5a308cd8
reloadAllAccessors: .arrayType6

===========================================================================================
----------------- testing Fri Jun 26 14:57:54 UTC 2020 /home/travis/build/icyphy/ptII/ptolemy/actor/lib/test/auto/arrayType7.xml
----------------- Instantiating /home/travis/build/icyphy/ptII/ptolemy/actor/lib/test/auto/arrayType7.xml
14 ms. Memory: 458752K Free: 403911K (88%)
----------------- Invoking toplevel() on ptolemy.moml.MoMLSimpleApplication@68c7245
----------------- Done invoking toplevel() on ptolemy.moml.MoMLSimpleApplication@68c7245
reloadAllAccessors: .arrayType7

===========================================================================================
----------------- testing Fri Jun 26 14:57:54 UTC 2020 /home/travis/build/icyphy/ptII/ptolemy/actor/lib/test/auto/arrayType8.xml
----------------- Instantiating /home/travis/build/icyphy/ptII/ptolemy/actor/lib/test/auto/arrayType8.xml
2 ms. Memory: 458752K Free: 398281K (87%)
----------------- Invoking toplevel() on ptolemy.moml.MoMLSimpleApplication@292e0d0c
----------------- Done invoking toplevel() on ptolemy.moml.MoMLSimpleApplication@292e0d0c
reloadAllAccessors: .arrayType8

===========================================================================================
----------------- testing Fri Jun 26 14:57:54 UTC 2020 /home/travis/build/icyphy/ptII/ptolemy/actor/lib/test/auto/arrayType9.xml
----------------- Instantiating /home/travis/build/icyphy/ptII/ptolemy/actor/lib/test/auto/arrayType9.xml
2 ms. Memory: 458752K Free: 393161K (86%)
----------------- Invoking toplevel() on ptolemy.moml.MoMLSimpleApplication@3a2c4012
----------------- Done invoking toplevel() on ptolemy.moml.MoMLSimpleApplication@3a2c4012
reloadAllAccessors: .arrayType9

===========================================================================================
----------------- testing Fri Jun 26 14:57:54 UTC 2020 /home/travis/build/icyphy/ptII/ptolemy/actor/lib/test/auto/cast.xml
----------------- Instantiating /home/travis/build/icyphy/ptII/ptolemy/actor/lib/test/auto/cast.xml
2 ms. Memory: 458752K Free: 388551K (85%)
----------------- Invoking toplevel() on ptolemy.moml.MoMLSimpleApplication@18e09a2c
----------------- Done invoking toplevel() on ptolemy.moml.MoMLSimpleApplication@18e09a2c
reloadAllAccessors: .cast

===========================================================================================
----------------- testing Fri Jun 26 14:57:55 UTC 2020 /home/travis/build/icyphy/ptII/ptolemy/actor/lib/test/auto/compositeMultiPort.xml
----------------- Instantiating /home/travis/build/icyphy/ptII/ptolemy/actor/lib/test/auto/compositeMultiPort.xml
21 ms. Memory: 458752K Free: 379329K (83%)
----------------- Invoking toplevel() on ptolemy.moml.MoMLSimpleApplication@59f9994d
----------------- Done invoking toplevel() on ptolemy.moml.MoMLSimpleApplication@59f9994d
reloadAllAccessors: .compositeMultiPort

===========================================================================================
----------------- testing Fri Jun 26 14:57:55 UTC 2020 /home/travis/build/icyphy/ptII/ptolemy/actor/lib/test/auto/expressionCastInference.xml
----------------- Instantiating /home/travis/build/icyphy/ptII/ptolemy/actor/lib/test/auto/expressionCastInference.xml
2 ms. Memory: 458752K Free: 374729K (82%)
----------------- Invoking toplevel() on ptolemy.moml.MoMLSimpleApplication@f54c89b
----------------- Done invoking toplevel() on ptolemy.moml.MoMLSimpleApplication@f54c89b
reloadAllAccessors: .expressionCastInference

===========================================================================================
----------------- testing Fri Jun 26 14:57:55 UTC 2020 /home/travis/build/icyphy/ptII/ptolemy/actor/lib/test/auto/expressionCastInference2.xml
----------------- Instantiating /home/travis/build/icyphy/ptII/ptolemy/actor/lib/test/auto/expressionCastInference2.xml
1 ms. Memory: 458752K Free: 369609K (81%)
----------------- Invoking toplevel() on ptolemy.moml.MoMLSimpleApplication@3d9c8401
----------------- Done invoking toplevel() on ptolemy.moml.MoMLSimpleApplication@3d9c8401
reloadAllAccessors: .expressionCastInference2

===========================================================================================
----------------- testing Fri Jun 26 14:57:55 UTC 2020 /home/travis/build/icyphy/ptII/ptolemy/actor/lib/test/auto/expressionInference.xml
----------------- Instantiating /home/travis/build/icyphy/ptII/ptolemy/actor/lib/test/auto/expressionInference.xml
4 ms. Memory: 458752K Free: 365513K (80%)
----------------- Invoking toplevel() on ptolemy.moml.MoMLSimpleApplication@8e00a61
----------------- Done invoking toplevel() on ptolemy.moml.MoMLSimpleApplication@8e00a61
reloadAllAccessors: .expressionInference

===========================================================================================
----------------- testing Fri Jun 26 14:57:55 UTC 2020 /home/travis/build/icyphy/ptII/ptolemy/actor/lib/test/auto/expression_bug.xml
----------------- Instantiating /home/travis/build/icyphy/ptII/ptolemy/actor/lib/test/auto/expression_bug.xml
1 ms. Memory: 458752K Free: 360903K (79%)
----------------- Invoking toplevel() on ptolemy.moml.MoMLSimpleApplication@161471e7
----------------- Done invoking toplevel() on ptolemy.moml.MoMLSimpleApplication@161471e7
reloadAllAccessors: .expression_bug

===========================================================================================
----------------- testing Fri Jun 26 14:57:55 UTC 2020 /home/travis/build/icyphy/ptII/ptolemy/actor/lib/test/auto/factorial.xml
----------------- Instantiating /home/travis/build/icyphy/ptII/ptolemy/actor/lib/test/auto/factorial.xml
32 ms. Memory: 458752K Free: 352711K (77%)
----------------- Invoking toplevel() on ptolemy.moml.MoMLSimpleApplication@2bb12e3
----------------- Done invoking toplevel() on ptolemy.moml.MoMLSimpleApplication@2bb12e3
reloadAllAccessors: .factorial

===========================================================================================
----------------- testing Fri Jun 26 14:57:55 UTC 2020 /home/travis/build/icyphy/ptII/ptolemy/actor/lib/test/auto/filterTest1.xml
----------------- Instantiating /home/travis/build/icyphy/ptII/ptolemy/actor/lib/test/auto/filterTest1.xml
3 ms. Memory: 458752K Free: 347081K (76%)
----------------- Invoking toplevel() on ptolemy.moml.MoMLSimpleApplication@75e39b5b
----------------- Done invoking toplevel() on ptolemy.moml.MoMLSimpleApplication@75e39b5b
reloadAllAccessors: .filterTest1

===========================================================================================
----------------- testing Fri Jun 26 14:57:55 UTC 2020 /home/travis/build/icyphy/ptII/ptolemy/actor/lib/test/auto/funcApplyInConst.xml
----------------- Instantiating /home/travis/build/icyphy/ptII/ptolemy/actor/lib/test/auto/funcApplyInConst.xml
1 ms. Memory: 458752K Free: 342985K (75%)
----------------- Invoking toplevel() on ptolemy.moml.MoMLSimpleApplication@25126c03
----------------- Done invoking toplevel() on ptolemy.moml.MoMLSimpleApplication@25126c03
reloadAllAccessors: .funcApplyInConst

===========================================================================================
----------------- testing Fri Jun 26 14:57:55 UTC 2020 /home/travis/build/icyphy/ptII/ptolemy/actor/lib/test/auto/funcApplyInExpr.xml
----------------- Instantiating /home/travis/build/icyphy/ptII/ptolemy/actor/lib/test/auto/funcApplyInExpr.xml
2 ms. Memory: 458752K Free: 339399K (74%)
----------------- Invoking toplevel() on ptolemy.moml.MoMLSimpleApplication@63288185
----------------- Done invoking toplevel() on ptolemy.moml.MoMLSimpleApplication@63288185
reloadAllAccessors: .funcApplyInExpr

===========================================================================================
----------------- testing Fri Jun 26 14:57:55 UTC 2020 /home/travis/build/icyphy/ptII/ptolemy/actor/lib/test/auto/function.xml
----------------- Instantiating /home/travis/build/icyphy/ptII/ptolemy/actor/lib/test/auto/function.xml
2 ms. Memory: 458752K Free: 334279K (73%)
----------------- Invoking toplevel() on ptolemy.moml.MoMLSimpleApplication@83f4937
----------------- Done invoking toplevel() on ptolemy.moml.MoMLSimpleApplication@83f4937
reloadAllAccessors: .function

===========================================================================================
----------------- testing Fri Jun 26 14:57:55 UTC 2020 /home/travis/build/icyphy/ptII/ptolemy/actor/lib/test/auto/function2.xml
----------------- Instantiating /home/travis/build/icyphy/ptII/ptolemy/actor/lib/test/auto/function2.xml
1 ms. Memory: 458752K Free: 329673K (72%)
----------------- Invoking toplevel() on ptolemy.moml.MoMLSimpleApplication@21f47c59
----------------- Done invoking toplevel() on ptolemy.moml.MoMLSimpleApplication@21f47c59
reloadAllAccessors: .function2

===========================================================================================
----------------- testing Fri Jun 26 14:57:55 UTC 2020 /home/travis/build/icyphy/ptII/ptolemy/actor/lib/test/auto/function3.xml
----------------- Instantiating /home/travis/build/icyphy/ptII/ptolemy/actor/lib/test/auto/function3.xml
2 ms. Memory: 458752K Free: 325577K (71%)
----------------- Invoking toplevel() on ptolemy.moml.MoMLSimpleApplication@66645ea8
----------------- Done invoking toplevel() on ptolemy.moml.MoMLSimpleApplication@66645ea8
reloadAllAccessors: .function3

===========================================================================================
----------------- testing Fri Jun 26 14:57:55 UTC 2020 /home/travis/build/icyphy/ptII/ptolemy/actor/lib/test/auto/functionClosureTest1.xml
----------------- Instantiating /home/travis/build/icyphy/ptII/ptolemy/actor/lib/test/auto/functionClosureTest1.xml
1 ms. Memory: 458752K Free: 319937K (70%)
----------------- Invoking toplevel() on ptolemy.moml.MoMLSimpleApplication@2016330a
----------------- Done invoking toplevel() on ptolemy.moml.MoMLSimpleApplication@2016330a
reloadAllAccessors: .functionClosureTest1

===========================================================================================
----------------- testing Fri Jun 26 14:57:55 UTC 2020 /home/travis/build/icyphy/ptII/ptolemy/actor/lib/test/auto/functionClosureTest2.xml
----------------- Instantiating /home/travis/build/icyphy/ptII/ptolemy/actor/lib/test/auto/functionClosureTest2.xml
2 ms. Memory: 458752K Free: 315847K (69%)
----------------- Invoking toplevel() on ptolemy.moml.MoMLSimpleApplication@28b8fb44
----------------- Done invoking toplevel() on ptolemy.moml.MoMLSimpleApplication@28b8fb44
reloadAllAccessors: .functionClosureTest2

===========================================================================================
----------------- testing Fri Jun 26 14:57:55 UTC 2020 /home/travis/build/icyphy/ptII/ptolemy/actor/lib/test/auto/functionClosureTest3.xml
----------------- Instantiating /home/travis/build/icyphy/ptII/ptolemy/actor/lib/test/auto/functionClosureTest3.xml
2 ms. Memory: 458752K Free: 310727K (68%)
----------------- Invoking toplevel() on ptolemy.moml.MoMLSimpleApplication@200a2ec5
----------------- Done invoking toplevel() on ptolemy.moml.MoMLSimpleApplication@200a2ec5
reloadAllAccessors: .functionClosureTest3

===========================================================================================
----------------- testing Fri Jun 26 14:57:55 UTC 2020 /home/travis/build/icyphy/ptII/ptolemy/actor/lib/test/auto/functionClosureTest4.xml
----------------- Instantiating /home/travis/build/icyphy/ptII/ptolemy/actor/lib/test/auto/functionClosureTest4.xml
4 ms. Memory: 458752K Free: 304073K (66%)
----------------- Invoking toplevel() on ptolemy.moml.MoMLSimpleApplication@2bf161c6
----------------- Done invoking toplevel() on ptolemy.moml.MoMLSimpleApplication@2bf161c6
reloadAllAccessors: .functionClosureTest4

===========================================================================================
----------------- testing Fri Jun 26 14:57:55 UTC 2020 /home/travis/build/icyphy/ptII/ptolemy/actor/lib/test/auto/functionClosureTest5.xml
----------------- Instantiating /home/travis/build/icyphy/ptII/ptolemy/actor/lib/test/auto/functionClosureTest5.xml
4 ms. Memory: 458752K Free: 298953K (65%)
----------------- Invoking toplevel() on ptolemy.moml.MoMLSimpleApplication@7ff599c7
----------------- Done invoking toplevel() on ptolemy.moml.MoMLSimpleApplication@7ff599c7
reloadAllAccessors: .functionClosureTest5

===========================================================================================
----------------- testing Fri Jun 26 14:57:55 UTC 2020 /home/travis/build/icyphy/ptII/ptolemy/actor/lib/test/auto/functionClosureTest6.xml
----------------- Instantiating /home/travis/build/icyphy/ptII/ptolemy/actor/lib/test/auto/functionClosureTest6.xml
2 ms. Memory: 458752K Free: 293833K (64%)
----------------- Invoking toplevel() on ptolemy.moml.MoMLSimpleApplication@2c14dcf0
----------------- Done invoking toplevel() on ptolemy.moml.MoMLSimpleApplication@2c14dcf0
reloadAllAccessors: .functionClosureTest6

===========================================================================================
----------------- testing Fri Jun 26 14:57:55 UTC 2020 /home/travis/build/icyphy/ptII/ptolemy/actor/lib/test/auto/functionsOnArcs.xml
----------------- Instantiating /home/travis/build/icyphy/ptII/ptolemy/actor/lib/test/auto/functionsOnArcs.xml
2 ms. Memory: 458752K Free: 288713K (63%)
----------------- Invoking toplevel() on ptolemy.moml.MoMLSimpleApplication@28180b01
----------------- Done invoking toplevel() on ptolemy.moml.MoMLSimpleApplication@28180b01
reloadAllAccessors: .functionsOnArcs

===========================================================================================
----------------- testing Fri Jun 26 14:57:55 UTC 2020 /home/travis/build/icyphy/ptII/ptolemy/actor/lib/test/auto/functionsOnArcsHOF.xml
----------------- Instantiating /home/travis/build/icyphy/ptII/ptolemy/actor/lib/test/auto/functionsOnArcsHOF.xml
3 ms. Memory: 458752K Free: 282569K (62%)
----------------- Invoking toplevel() on ptolemy.moml.MoMLSimpleApplication@14f50a8f
----------------- Done invoking toplevel() on ptolemy.moml.MoMLSimpleApplication@14f50a8f
reloadAllAccessors: .functionsOnArcsHOF

===========================================================================================
----------------- testing Fri Jun 26 14:57:55 UTC 2020 /home/travis/build/icyphy/ptII/ptolemy/actor/lib/test/auto/logic.xml
----------------- Instantiating /home/travis/build/icyphy/ptII/ptolemy/actor/lib/test/auto/logic.xml
2 ms. Memory: 458752K Free: 275401K (60%)
----------------- Invoking toplevel() on ptolemy.moml.MoMLSimpleApplication@5e64aec
----------------- Done invoking toplevel() on ptolemy.moml.MoMLSimpleApplication@5e64aec
reloadAllAccessors: .logic

===========================================================================================
----------------- testing Fri Jun 26 14:57:55 UTC 2020 /home/travis/build/icyphy/ptII/ptolemy/actor/lib/test/auto/matrixType.xml
----------------- Instantiating /home/travis/build/icyphy/ptII/ptolemy/actor/lib/test/auto/matrixType.xml
1 ms. Memory: 458752K Free: 270791K (59%)
----------------- Invoking toplevel() on ptolemy.moml.MoMLSimpleApplication@33c73c2a
----------------- Done invoking toplevel() on ptolemy.moml.MoMLSimpleApplication@33c73c2a
reloadAllAccessors: .matrixType

===========================================================================================
----------------- testing Fri Jun 26 14:57:55 UTC 2020 /home/travis/build/icyphy/ptII/ptolemy/actor/lib/test/auto/matrixType10.xml
----------------- Instantiating /home/travis/build/icyphy/ptII/ptolemy/actor/lib/test/auto/matrixType10.xml
1 ms. Memory: 458752K Free: 265671K (58%)
----------------- Invoking toplevel() on ptolemy.moml.MoMLSimpleApplication@54ece2c1
----------------- Done invoking toplevel() on ptolemy.moml.MoMLSimpleApplication@54ece2c1
reloadAllAccessors: .matrixType10

===========================================================================================
----------------- testing Fri Jun 26 14:57:55 UTC 2020 /home/travis/build/icyphy/ptII/ptolemy/actor/lib/test/auto/matrixType11.xml
----------------- Instantiating /home/travis/build/icyphy/ptII/ptolemy/actor/lib/test/auto/matrixType11.xml
1 ms. Memory: 458752K Free: 261065K (57%)
----------------- Invoking toplevel() on ptolemy.moml.MoMLSimpleApplication@71c1471a
----------------- Done invoking toplevel() on ptolemy.moml.MoMLSimpleApplication@71c1471a
reloadAllAccessors: .matrixType11

===========================================================================================
----------------- testing Fri Jun 26 14:57:55 UTC 2020 /home/travis/build/icyphy/ptII/ptolemy/actor/lib/test/auto/matrixType12.xml
----------------- Instantiating /home/travis/build/icyphy/ptII/ptolemy/actor/lib/test/auto/matrixType12.xml
1 ms. Memory: 458752K Free: 255945K (56%)
----------------- Invoking toplevel() on ptolemy.moml.MoMLSimpleApplication@13f39721
----------------- Done invoking toplevel() on ptolemy.moml.MoMLSimpleApplication@13f39721
reloadAllAccessors: .matrixType12

===========================================================================================
----------------- testing Fri Jun 26 14:57:55 UTC 2020 /home/travis/build/icyphy/ptII/ptolemy/actor/lib/test/auto/matrixType13.xml
----------------- Instantiating /home/travis/build/icyphy/ptII/ptolemy/actor/lib/test/auto/matrixType13.xml
2 ms. Memory: 458752K Free: 251335K (55%)
----------------- Invoking toplevel() on ptolemy.moml.MoMLSimpleApplication@21855c3f
----------------- Done invoking toplevel() on ptolemy.moml.MoMLSimpleApplication@21855c3f
reloadAllAccessors: .matrixType13

===========================================================================================
----------------- testing Fri Jun 26 14:57:55 UTC 2020 /home/travis/build/icyphy/ptII/ptolemy/actor/lib/test/auto/matrixType14.xml
----------------- Instantiating /home/travis/build/icyphy/ptII/ptolemy/actor/lib/test/auto/matrixType14.xml
1 ms. Memory: 458752K Free: 246215K (54%)
----------------- Invoking toplevel() on ptolemy.moml.MoMLSimpleApplication@254e6514
----------------- Done invoking toplevel() on ptolemy.moml.MoMLSimpleApplication@254e6514
reloadAllAccessors: .matrixType14

===========================================================================================
----------------- testing Fri Jun 26 14:57:55 UTC 2020 /home/travis/build/icyphy/ptII/ptolemy/actor/lib/test/auto/matrixType2.xml
----------------- Instantiating /home/travis/build/icyphy/ptII/ptolemy/actor/lib/test/auto/matrixType2.xml
1 ms. Memory: 458752K Free: 241081K (53%)
----------------- Invoking toplevel() on ptolemy.moml.MoMLSimpleApplication@47c7b69
----------------- Done invoking toplevel() on ptolemy.moml.MoMLSimpleApplication@47c7b69
reloadAllAccessors: .matrixType2

===========================================================================================
----------------- testing Fri Jun 26 14:57:55 UTC 2020 /home/travis/build/icyphy/ptII/ptolemy/actor/lib/test/auto/matrixType3.xml
----------------- Instantiating /home/travis/build/icyphy/ptII/ptolemy/actor/lib/test/auto/matrixType3.xml
3 ms. Memory: 458752K Free: 235975K (51%)
----------------- Invoking toplevel() on ptolemy.moml.MoMLSimpleApplication@23118272
----------------- Done invoking toplevel() on ptolemy.moml.MoMLSimpleApplication@23118272
reloadAllAccessors: .matrixType3

===========================================================================================
----------------- testing Fri Jun 26 14:57:55 UTC 2020 /home/travis/build/icyphy/ptII/ptolemy/actor/lib/test/auto/matrixType4.xml
----------------- Instantiating /home/travis/build/icyphy/ptII/ptolemy/actor/lib/test/auto/matrixType4.xml
2 ms. Memory: 458752K Free: 230855K (50%)
----------------- Invoking toplevel() on ptolemy.moml.MoMLSimpleApplication@14e56a9f
----------------- Done invoking toplevel() on ptolemy.moml.MoMLSimpleApplication@14e56a9f
reloadAllAccessors: .matrixType4

===========================================================================================
----------------- testing Fri Jun 26 14:57:55 UTC 2020 /home/travis/build/icyphy/ptII/ptolemy/actor/lib/test/auto/matrixType5.xml
----------------- Instantiating /home/travis/build/icyphy/ptII/ptolemy/actor/lib/test/auto/matrixType5.xml
2 ms. Memory: 458752K Free: 226249K (49%)
----------------- Invoking toplevel() on ptolemy.moml.MoMLSimpleApplication@234f674e
----------------- Done invoking toplevel() on ptolemy.moml.MoMLSimpleApplication@234f674e
reloadAllAccessors: .matrixType5

===========================================================================================
----------------- testing Fri Jun 26 14:57:55 UTC 2020 /home/travis/build/icyphy/ptII/ptolemy/actor/lib/test/auto/matrixType6.xml
----------------- Instantiating /home/travis/build/icyphy/ptII/ptolemy/actor/lib/test/auto/matrixType6.xml
1 ms. Memory: 458752K Free: 221129K (48%)
----------------- Invoking toplevel() on ptolemy.moml.MoMLSimpleApplication@16b2b2dd
----------------- Done invoking toplevel() on ptolemy.moml.MoMLSimpleApplication@16b2b2dd
reloadAllAccessors: .matrixType6

===========================================================================================
----------------- testing Fri Jun 26 14:57:55 UTC 2020 /home/travis/build/icyphy/ptII/ptolemy/actor/lib/test/auto/matrixType7.xml
----------------- Instantiating /home/travis/build/icyphy/ptII/ptolemy/actor/lib/test/auto/matrixType7.xml
2 ms. Memory: 458752K Free: 216519K (47%)
----------------- Invoking toplevel() on ptolemy.moml.MoMLSimpleApplication@68e19d28
----------------- Done invoking toplevel() on ptolemy.moml.MoMLSimpleApplication@68e19d28
reloadAllAccessors: .matrixType7

===========================================================================================
----------------- testing Fri Jun 26 14:57:55 UTC 2020 /home/travis/build/icyphy/ptII/ptolemy/actor/lib/test/auto/matrixType8.xml
----------------- Instantiating /home/travis/build/icyphy/ptII/ptolemy/actor/lib/test/auto/matrixType8.xml
1 ms. Memory: 458752K Free: 211399K (46%)
----------------- Invoking toplevel() on ptolemy.moml.MoMLSimpleApplication@239ed6bf
----------------- Done invoking toplevel() on ptolemy.moml.MoMLSimpleApplication@239ed6bf
reloadAllAccessors: .matrixType8

===========================================================================================
----------------- testing Fri Jun 26 14:57:55 UTC 2020 /home/travis/build/icyphy/ptII/ptolemy/actor/lib/test/auto/matrixType9.xml
----------------- Instantiating /home/travis/build/icyphy/ptII/ptolemy/actor/lib/test/auto/matrixType9.xml
1 ms. Memory: 458752K Free: 206793K (45%)
----------------- Invoking toplevel() on ptolemy.moml.MoMLSimpleApplication@7c1fefd3
----------------- Done invoking toplevel() on ptolemy.moml.MoMLSimpleApplication@7c1fefd3
reloadAllAccessors: .matrixType9

===========================================================================================
----------------- testing Fri Jun 26 14:57:55 UTC 2020 /home/travis/build/icyphy/ptII/ptolemy/actor/lib/test/auto/paraFunctest.xml
----------------- Instantiating /home/travis/build/icyphy/ptII/ptolemy/actor/lib/test/auto/paraFunctest.xml
1 ms. Memory: 458752K Free: 202697K (44%)
----------------- Invoking toplevel() on ptolemy.moml.MoMLSimpleApplication@9091165
----------------- Done invoking toplevel() on ptolemy.moml.MoMLSimpleApplication@9091165
reloadAllAccessors: .paraFunctest

===========================================================================================
----------------- testing Fri Jun 26 14:57:55 UTC 2020 /home/travis/build/icyphy/ptII/ptolemy/actor/lib/test/auto/paraFunctest2.xml
----------------- Instantiating /home/travis/build/icyphy/ptII/ptolemy/actor/lib/test/auto/paraFunctest2.xml
2 ms. Memory: 458752K Free: 198087K (43%)
----------------- Invoking toplevel() on ptolemy.moml.MoMLSimpleApplication@689acfd0
----------------- Done invoking toplevel() on ptolemy.moml.MoMLSimpleApplication@689acfd0
reloadAllAccessors: .paraFunctest2

===========================================================================================
----------------- testing Fri Jun 26 14:57:55 UTC 2020 /home/travis/build/icyphy/ptII/ptolemy/actor/lib/test/auto/parameterPassing.xml
----------------- Instantiating /home/travis/build/icyphy/ptII/ptolemy/actor/lib/test/auto/parameterPassing.xml
1 ms. Memory: 458752K Free: 193481K (42%)
----------------- Invoking toplevel() on ptolemy.moml.MoMLSimpleApplication@f0113e1
----------------- Done invoking toplevel() on ptolemy.moml.MoMLSimpleApplication@f0113e1
reloadAllAccessors: .parameterPassing

===========================================================================================
----------------- testing Fri Jun 26 14:57:55 UTC 2020 /home/travis/build/icyphy/ptII/ptolemy/actor/lib/test/auto/record.xml
----------------- Instantiating /home/travis/build/icyphy/ptII/ptolemy/actor/lib/test/auto/record.xml
2 ms. Memory: 458752K Free: 188871K (41%)
----------------- Invoking toplevel() on ptolemy.moml.MoMLSimpleApplication@8691942
----------------- Done invoking toplevel() on ptolemy.moml.MoMLSimpleApplication@8691942
reloadAllAccessors: .record

===========================================================================================
----------------- testing Fri Jun 26 14:57:55 UTC 2020 /home/travis/build/icyphy/ptII/ptolemy/actor/lib/test/auto/sizedarray1.xml
----------------- Instantiating /home/travis/build/icyphy/ptII/ptolemy/actor/lib/test/auto/sizedarray1.xml
1 ms. Memory: 458752K Free: 183241K (40%)
----------------- Invoking toplevel() on ptolemy.moml.MoMLSimpleApplication@6c72839e
----------------- Done invoking toplevel() on ptolemy.moml.MoMLSimpleApplication@6c72839e
reloadAllAccessors: .sizedarray1

===========================================================================================
----------------- testing Fri Jun 26 14:57:55 UTC 2020 /home/travis/build/icyphy/ptII/ptolemy/actor/lib/test/auto/sizedarray2.xml
----------------- Instantiating /home/travis/build/icyphy/ptII/ptolemy/actor/lib/test/auto/sizedarray2.xml
2 ms. Memory: 458752K Free: 178121K (39%)
----------------- Invoking toplevel() on ptolemy.moml.MoMLSimpleApplication@1c894aa6
----------------- Done invoking toplevel() on ptolemy.moml.MoMLSimpleApplication@1c894aa6
reloadAllAccessors: .sizedarray2

===========================================================================================
----------------- testing Fri Jun 26 14:57:55 UTC 2020 /home/travis/build/icyphy/ptII/ptolemy/actor/lib/test/auto/twoPublishers.xml
----------------- Instantiating /home/travis/build/icyphy/ptII/ptolemy/actor/lib/test/auto/twoPublishers.xml
2 ms. Memory: 458752K Free: 167367K (36%)
----------------- Invoking toplevel() on ptolemy.moml.MoMLSimpleApplication@2e869a54
----------------- Done invoking toplevel() on ptolemy.moml.MoMLSimpleApplication@2e869a54
reloadAllAccessors: .twoPublishers
AutoTests.java: About to close Vertx.
AutoTests.java: Vertx closed.
]]></system-out>
  <system-err><![CDATA[java.lang.RuntimeException: Execution failed
	at ptolemy.moml.MoMLSimpleApplication$UnloadThread.run(MoMLSimpleApplication.java:402)
Caused by: java.lang.RuntimeException: StringUtilities.exit() was called. Normally, we would exit here because Manager.exitAfterWrapup() was called.  However, because the ptolemy.ptII.exitAfterWrapup property is set, we throw this exception instead.
	at ptolemy.util.StringUtilities.exit(StringUtilities.java:365)
	at ptolemy.actor.Manager.wrapup(Manager.java:1549)
	at ptolemy.actor.Manager.execute(Manager.java:407)
	at ptolemy.actor.Manager.run(Manager.java:1263)
	at ptolemy.actor.Manager$PtolemyRunThread.run(Manager.java:1933)
Warning: '.top.test' is in training mode, set the trainingMode parameter to false before checking in
Warning: '.top.test' is in training mode, set the trainingMode parameter to false before checking in
Warning: '.top.test' is in training mode, set the trainingMode parameter to false before checking in
Warning: '.BooleanSwitch_RegressionTest_WrongTrainingValues.Test' is in training mode, set the trainingMode parameter to false before checking in
Warning: '.BooleanSwitch_RegressionTest_WrongTrainingValues.Test2' is in training mode, set the trainingMode parameter to false before checking in
Warning: '.BooleanSwitch_RegressionTest_WrongTrainingValues.Test2' The test produced 0 tokens.
Warning: '.top.testExceptionHandler' is in training mode, set the trainingMode parameter to false before checking in
java.lang.RuntimeException: Execution failed
	at ptolemy.moml.MoMLSimpleApplication$UnloadThread.run(MoMLSimpleApplication.java:402)
Caused by: ptolemy.kernel.util.IllegalActionException: PublisherPorts cannot be used at the top level, use a Publisher actor instead.
  in .PublisherPortToplevelSubscriber.PublisherPort
	at ptolemy.actor.PublisherPort.preinitialize(PublisherPort.java:403)
	at ptolemy.actor.CompositeActor.preinitialize(CompositeActor.java:1769)
	at ptolemy.actor.Manager.preinitializeAndResolveTypes(Manager.java:1040)
	at ptolemy.actor.Manager.initialize(Manager.java:710)
	at ptolemy.actor.Manager.execute(Manager.java:356)
	at ptolemy.actor.Manager.run(Manager.java:1263)
	at ptolemy.actor.Manager$PtolemyRunThread.run(Manager.java:1933)
java.lang.reflect.InvocationTargetException
	at java.base/jdk.internal.reflect.NativeConstructorAccessorImpl.newInstance0(Native Method)
	at java.base/jdk.internal.reflect.NativeConstructorAccessorImpl.newInstance(NativeConstructorAccessorImpl.java:62)
	at java.base/jdk.internal.reflect.DelegatingConstructorAccessorImpl.newInstance(DelegatingConstructorAccessorImpl.java:45)
	at java.base/java.lang.reflect.Constructor.newInstance(Constructor.java:490)
	at ptolemy.util.test.junit.AutoKnownFailedTests.RunModel(AutoKnownFailedTests.java:105)
	at java.base/jdk.internal.reflect.NativeMethodAccessorImpl.invoke0(Native Method)
	at java.base/jdk.internal.reflect.NativeMethodAccessorImpl.invoke(NativeMethodAccessorImpl.java:62)
	at java.base/jdk.internal.reflect.DelegatingMethodAccessorImpl.invoke(DelegatingMethodAccessorImpl.java:43)
	at java.base/java.lang.reflect.Method.invoke(Method.java:566)
	at org.junit.runners.model.FrameworkMethod$1.runReflectiveCall(FrameworkMethod.java:44)
	at org.junit.internal.runners.model.ReflectiveCallable.run(ReflectiveCallable.java:15)
	at org.junit.runners.model.FrameworkMethod.invokeExplosively(FrameworkMethod.java:41)
	at junitparams.internal.InvokeParameterisedMethod.evaluate(InvokeParameterisedMethod.java:102)
	at org.junit.internal.runners.statements.FailOnTimeout$1.run(FailOnTimeout.java:28)
Caused by: ptolemy.kernel.util.IllegalActionException: PublisherPorts cannot be used at the top level, use a Publisher actor instead.
  in .PublisherPortToplevelSubscriber.PublisherPort
	at ptolemy.actor.PublisherPort.preinitialize(PublisherPort.java:403)
	at ptolemy.actor.CompositeActor.preinitialize(CompositeActor.java:1769)
	at ptolemy.actor.Manager.preinitializeAndResolveTypes(Manager.java:1040)
	at ptolemy.actor.Manager.initialize(Manager.java:710)
	at ptolemy.actor.Manager.execute(Manager.java:356)
	at ptolemy.actor.Manager.run(Manager.java:1263)
	at ptolemy.actor.Manager$PtolemyRunThread.run(Manager.java:1933)
java.lang.RuntimeException: Execution failed
	at ptolemy.moml.MoMLSimpleApplication$UnloadThread.run(MoMLSimpleApplication.java:402)
Caused by: ptolemy.kernel.util.IllegalActionException: SubscriberPorts cannot be used at the top level, use a Subscriber actor instead.
  in .PublisherSubscriberPortToplevel.SubscriberPort
	at ptolemy.actor.SubscriberPort.preinitialize(SubscriberPort.java:328)
	at ptolemy.actor.CompositeActor.preinitialize(CompositeActor.java:1769)
	at ptolemy.actor.Manager.preinitializeAndResolveTypes(Manager.java:1040)
	at ptolemy.actor.Manager.initialize(Manager.java:710)
	at ptolemy.actor.Manager.execute(Manager.java:356)
	at ptolemy.actor.Manager.run(Manager.java:1263)
	at ptolemy.actor.Manager$PtolemyRunThread.run(Manager.java:1933)
java.lang.reflect.InvocationTargetException
	at java.base/jdk.internal.reflect.NativeConstructorAccessorImpl.newInstance0(Native Method)
	at java.base/jdk.internal.reflect.NativeConstructorAccessorImpl.newInstance(NativeConstructorAccessorImpl.java:62)
	at java.base/jdk.internal.reflect.DelegatingConstructorAccessorImpl.newInstance(DelegatingConstructorAccessorImpl.java:45)
	at java.base/java.lang.reflect.Constructor.newInstance(Constructor.java:490)
	at ptolemy.util.test.junit.AutoKnownFailedTests.RunModel(AutoKnownFailedTests.java:105)
	at java.base/jdk.internal.reflect.NativeMethodAccessorImpl.invoke0(Native Method)
	at java.base/jdk.internal.reflect.NativeMethodAccessorImpl.invoke(NativeMethodAccessorImpl.java:62)
	at java.base/jdk.internal.reflect.DelegatingMethodAccessorImpl.invoke(DelegatingMethodAccessorImpl.java:43)
	at java.base/java.lang.reflect.Method.invoke(Method.java:566)
	at org.junit.runners.model.FrameworkMethod$1.runReflectiveCall(FrameworkMethod.java:44)
	at org.junit.internal.runners.model.ReflectiveCallable.run(ReflectiveCallable.java:15)
	at org.junit.runners.model.FrameworkMethod.invokeExplosively(FrameworkMethod.java:41)
	at junitparams.internal.InvokeParameterisedMethod.evaluate(InvokeParameterisedMethod.java:102)
	at org.junit.internal.runners.statements.FailOnTimeout$1.run(FailOnTimeout.java:28)
Caused by: ptolemy.kernel.util.IllegalActionException: SubscriberPorts cannot be used at the top level, use a Subscriber actor instead.
  in .PublisherSubscriberPortToplevel.SubscriberPort
	at ptolemy.actor.SubscriberPort.preinitialize(SubscriberPort.java:328)
	at ptolemy.actor.CompositeActor.preinitialize(CompositeActor.java:1769)
	at ptolemy.actor.Manager.preinitializeAndResolveTypes(Manager.java:1040)
	at ptolemy.actor.Manager.initialize(Manager.java:710)
	at ptolemy.actor.Manager.execute(Manager.java:356)
	at ptolemy.actor.Manager.run(Manager.java:1263)
	at ptolemy.actor.Manager$PtolemyRunThread.run(Manager.java:1933)
java.lang.RuntimeException: Execution failed
	at ptolemy.moml.MoMLSimpleApplication$UnloadThread.run(MoMLSimpleApplication.java:402)
Caused by: ptolemy.kernel.util.IllegalActionException: SubscriptionAggregatorPorts cannot be used at the top level, use a SubscriptionAggregator actor instead.
  in .PublisherSubscriptionAggregatorPort.SubscriptionAggregatorPort
	at ptolemy.actor.SubscriptionAggregatorPort.preinitialize(SubscriptionAggregatorPort.java:353)
	at ptolemy.actor.CompositeActor.preinitialize(CompositeActor.java:1769)
	at ptolemy.actor.Manager.preinitializeAndResolveTypes(Manager.java:1040)
	at ptolemy.actor.Manager.initialize(Manager.java:710)
	at ptolemy.actor.Manager.execute(Manager.java:356)
	at ptolemy.actor.Manager.run(Manager.java:1263)
	at ptolemy.actor.Manager$PtolemyRunThread.run(Manager.java:1933)
java.lang.reflect.InvocationTargetException
	at java.base/jdk.internal.reflect.NativeConstructorAccessorImpl.newInstance0(Native Method)
	at java.base/jdk.internal.reflect.NativeConstructorAccessorImpl.newInstance(NativeConstructorAccessorImpl.java:62)
	at java.base/jdk.internal.reflect.DelegatingConstructorAccessorImpl.newInstance(DelegatingConstructorAccessorImpl.java:45)
	at java.base/java.lang.reflect.Constructor.newInstance(Constructor.java:490)
	at ptolemy.util.test.junit.AutoKnownFailedTests.RunModel(AutoKnownFailedTests.java:105)
	at java.base/jdk.internal.reflect.NativeMethodAccessorImpl.invoke0(Native Method)
	at java.base/jdk.internal.reflect.NativeMethodAccessorImpl.invoke(NativeMethodAccessorImpl.java:62)
	at java.base/jdk.internal.reflect.DelegatingMethodAccessorImpl.invoke(DelegatingMethodAccessorImpl.java:43)
	at java.base/java.lang.reflect.Method.invoke(Method.java:566)
	at org.junit.runners.model.FrameworkMethod$1.runReflectiveCall(FrameworkMethod.java:44)
	at org.junit.internal.runners.model.ReflectiveCallable.run(ReflectiveCallable.java:15)
	at org.junit.runners.model.FrameworkMethod.invokeExplosively(FrameworkMethod.java:41)
	at junitparams.internal.InvokeParameterisedMethod.evaluate(InvokeParameterisedMethod.java:102)
	at org.junit.internal.runners.statements.FailOnTimeout$1.run(FailOnTimeout.java:28)
Caused by: ptolemy.kernel.util.IllegalActionException: SubscriptionAggregatorPorts cannot be used at the top level, use a SubscriptionAggregator actor instead.
  in .PublisherSubscriptionAggregatorPort.SubscriptionAggregatorPort
	at ptolemy.actor.SubscriptionAggregatorPort.preinitialize(SubscriptionAggregatorPort.java:353)
	at ptolemy.actor.CompositeActor.preinitialize(CompositeActor.java:1769)
	at ptolemy.actor.Manager.preinitializeAndResolveTypes(Manager.java:1040)
	at ptolemy.actor.Manager.initialize(Manager.java:710)
	at ptolemy.actor.Manager.execute(Manager.java:356)
	at ptolemy.actor.Manager.run(Manager.java:1263)
	at ptolemy.actor.Manager$PtolemyRunThread.run(Manager.java:1933)
java.lang.RuntimeException: Execution failed
	at ptolemy.moml.MoMLSimpleApplication$UnloadThread.run(MoMLSimpleApplication.java:402)
Caused by: ptolemy.kernel.util.IllegalActionException: TypeTest actor has no training data.
  in .sizedarray3.TypeTest
	at ptolemy.actor.lib.TypeTest.initialize(TypeTest.java:250)
	at ptolemy.actor.Director.initialize(Director.java:938)
	at ptolemy.actor.Director.initialize(Director.java:907)
	at ptolemy.actor.sched.StaticSchedulingDirector.initialize(StaticSchedulingDirector.java:159)
	at ptolemy.domains.sdf.kernel.SDFDirector.initialize(SDFDirector.java:544)
	at ptolemy.actor.CompositeActor.initialize(CompositeActor.java:935)
	at ptolemy.actor.Manager.initialize(Manager.java:724)
	at ptolemy.actor.Manager.execute(Manager.java:356)
	at ptolemy.actor.Manager.run(Manager.java:1263)
	at ptolemy.actor.Manager$PtolemyRunThread.run(Manager.java:1933)
java.lang.reflect.InvocationTargetException
	at java.base/jdk.internal.reflect.NativeConstructorAccessorImpl.newInstance0(Native Method)
	at java.base/jdk.internal.reflect.NativeConstructorAccessorImpl.newInstance(NativeConstructorAccessorImpl.java:62)
	at java.base/jdk.internal.reflect.DelegatingConstructorAccessorImpl.newInstance(DelegatingConstructorAccessorImpl.java:45)
	at java.base/java.lang.reflect.Constructor.newInstance(Constructor.java:490)
	at ptolemy.util.test.junit.AutoKnownFailedTests.RunModel(AutoKnownFailedTests.java:105)
	at java.base/jdk.internal.reflect.NativeMethodAccessorImpl.invoke0(Native Method)
	at java.base/jdk.internal.reflect.NativeMethodAccessorImpl.invoke(NativeMethodAccessorImpl.java:62)
	at java.base/jdk.internal.reflect.DelegatingMethodAccessorImpl.invoke(DelegatingMethodAccessorImpl.java:43)
	at java.base/java.lang.reflect.Method.invoke(Method.java:566)
	at org.junit.runners.model.FrameworkMethod$1.runReflectiveCall(FrameworkMethod.java:44)
	at org.junit.internal.runners.model.ReflectiveCallable.run(ReflectiveCallable.java:15)
	at org.junit.runners.model.FrameworkMethod.invokeExplosively(FrameworkMethod.java:41)
	at junitparams.internal.InvokeParameterisedMethod.evaluate(InvokeParameterisedMethod.java:102)
	at org.junit.internal.runners.statements.FailOnTimeout$1.run(FailOnTimeout.java:28)
Caused by: ptolemy.kernel.util.IllegalActionException: TypeTest actor has no training data.
  in .sizedarray3.TypeTest
	at ptolemy.actor.lib.TypeTest.initialize(TypeTest.java:250)
	at ptolemy.actor.Director.initialize(Director.java:938)
	at ptolemy.actor.Director.initialize(Director.java:907)
	at ptolemy.actor.sched.StaticSchedulingDirector.initialize(StaticSchedulingDirector.java:159)
	at ptolemy.domains.sdf.kernel.SDFDirector.initialize(SDFDirector.java:544)
	at ptolemy.actor.CompositeActor.initialize(CompositeActor.java:935)
	at ptolemy.actor.Manager.initialize(Manager.java:724)
	at ptolemy.actor.Manager.execute(Manager.java:356)
	at ptolemy.actor.Manager.run(Manager.java:1263)
	at ptolemy.actor.Manager$PtolemyRunThread.run(Manager.java:1933)
]]></system-err>
</testsuite>
