<?xml version="1.0" encoding="UTF-8" ?>
<testsuite errors="0" failures="0" hostname="travis-job-2eedd300-9b3d-426b-91d0-f8c9efba4914" name="ptolemy.actor.lib.test.junit.JUnitTclTest" skipped="0" tests="518" time="63.009" timestamp="2018-06-08T14:21:46">
  <properties>
    <property name="npm.executable" value="npm" />
    <property name="file.encoding.pkg" value="sun.io" />
    <property name="ptII.mk.exists" value="true" />
    <property name="env.rvm_bin_path" value="/home/travis/.rvm/bin" />
    <property name="java.home" value="/usr/lib/jvm/java-8-oracle/jre" />
    <property name="env.TRAVIS_JOB_NUMBER" value="540.7" />
    <property name="env.DISPLAY" value=":99.0" />
    <property name="java.net.preferIPv4Stack" value="true" />
    <property name="env.SSH_TTY" value="/dev/pts/0" />
    <property name="env.RUN_TESTS" value="true" />
    <property name="timeout.short" value="1000000" />
    <property name="env.TRAVIS_STACK_NODE_ATTRIBUTES" value="/.node-attributes.yml" />
    <property name="junit.formatter" value="xml" />
    <property name="java.endorsed.dirs" value="/usr/lib/jvm/java-8-oracle/jre/lib/endorsed" />
    <property name="env.TRAVIS_SUDO" value="true" />
    <property name="env.LOGNAME" value="travis" />
    <property name="env.PT_TRAVIS_TEST_CORE1_XML" value="true" />
    <property name="jsdoc.home" value="node_modules/@terraswarm/jsdoc" />
    <property name="debuglevel" value="source,lines,vars" />
    <property name="checkstyle.formatter" value="xml" />
    <property name="bin.vergil.makeable" value="true" />
    <property name="env._system_version" value="14.04" />
    <property name="sun.os.patch.level" value="unknown" />
    <property name="java.vendor.url" value="http://java.oracle.com/" />
    <property name="java.version" value="1.8.0_151" />
    <property name="env.TZ" value="UTC" />
    <property name="env.PT_NO_NET" value="true" />
    <property name="env.TRAVIS_PULL_REQUEST_SHA" value="" />
    <property name="env.TRAVIS_SECURE_ENV_VARS" value="true" />
    <property name="env._system_type" value="Linux" />
    <property name="java.vendor.url.bug" value="http://bugreport.sun.com/bugreport/" />
    <property name="env.SSH_CLIENT" value="10.10.4.33 35096 22" />
    <property name="npmjs-org-is-up" value="true" />
    <property name="env.GEM_HOME" value="/home/travis/.rvm/gems/ruby-2.4.1" />
    <property name="env.HAS_ANTARES_THREE_LITTLE_FRONZIES_BADGE" value="true" />
    <property name="env.PS4" value="+" />
    <property name="ant.project.invoked-targets" value="build,test.core1.xml" />
    <property name="env.TRAVIS_PULL_REQUEST_BRANCH" value="" />
    <property name="env.TRAVIS_REPO_SLUG" value="icyphy/ptII" />
    <property name="node.in.path" value="true" />
    <property name="java.maxmemory" value="1400m" />
    <property name="env.RUBY_VERSION" value="ruby-2.4.1" />
    <property name="user.name" value="travis" />
    <property name="env.LANG" value="en_US.UTF-8" />
    <property name="sun.io.unicode.encoding" value="UnicodeLittle" />
    <property name="sun.jnu.encoding" value="UTF-8" />
    <property name="java.runtime.name" value="Java(TM) SE Runtime Environment" />
    <property name="usefile" value="false" />
    <property name="return.code" value="0" />
    <property name="junit.single.formatter" value="plain" />
    <property name="env.DYLD_LIBRARY_PATH" value="/home/travis/pthla/certi-tools/lib:" />
    <property name="env.DEBIAN_FRONTEND" value="noninteractive" />
    <property name="env.SSH_CONNECTION" value="10.10.4.33 35096 10.20.1.113 22" />
    <property name="env.MYSQL_UNIX_PORT" value="/var/run/mysqld/mysqld.sock" />
    <property name="env.TRAVIS_ALLOW_FAILURE" value="false" />
    <property name="env.LC_ALL" value="en_US.UTF-8" />
    <property name="java.specification.name" value="Java Platform API Specification" />
    <property name="node.works" value="true" />
    <property name="user.timezone" value="" />
    <property name="path.separator" value=":" />
    <property name="env.PYTHON_CFLAGS" value="-g -fstack-protector --param=ssp-buffer-size=4 -Wformat -Werror=format-security" />
    <property name="timeout.long" value="4000000" />
    <property name="env.CERTI_HOME" value="/home/travis/pthla/certi-tools" />
    <property name="file.encoding" value="UTF-8" />
    <property name="ant.file.ptII" value="/home/travis/build/icyphy/ptII/build.xml" />
    <property name="javadoc.packagenames" value="com.*,diva.*,lbnl.*,org.hlacerti.*,org.json.*,org.ptolemy.*,org.terraswarm.*,ptolemy.*,ptserver.*" />
    <property name="env.TRAVIS_PULL_REQUEST_SLUG" value="" />
    <property name="ant.project.default-target" value="build" />
    <property name="env.GIT_ASKPASS" value="echo" />
    <property name="env.HOME" value="/home/travis" />
    <property name="sun.java.command" value="org.apache.tools.ant.taskdefs.optional.junit.JUnitTestRunner ptolemy.actor.lib.test.junit.JUnitTclTest skipNonTests=false filtertrace=true haltOnError=false haltOnFailure=false formatter=org.apache.tools.ant.taskdefs.optional.junit.OutErrSummaryJUnitResultFormatter showoutput=true outputtoformatters=true logfailedtests=true threadid=0 logtestlistenerevents=false formatter=org.apache.tools.ant.taskdefs.optional.junit.XMLJUnitResultFormatter,/home/travis/build/icyphy/ptII/reports/junit/TEST-ptolemy.actor.lib.test.junit.JUnitTclTest.xml crashfile=/home/travis/build/icyphy/ptII/junitvmwatcher1723859712491224762.properties propsfile=/home/travis/build/icyphy/ptII/junit5901047135728658914.properties" />
    <property name="env.MANPATH" value="/home/travis/.nvm/versions/node/v7.10.1/share/man:/home/travis/.kiex/elixirs/elixir-1.4.5/man:/home/travis/.rvm/rubies/ruby-2.4.1/share/man:/usr/local/man:/usr/local/cmake-3.9.2/man:/usr/local/clang-5.0.0/share/man:/usr/local/share/man:/usr/share/man:/home/travis/.rvm/man" />
    <property name="env.COMPOSER_NO_INTERACTION" value="1" />
    <property name="env.JDK_SWITCHER_DEFAULT" value="oraclejdk8" />
    <property name="ant.file" value="/home/travis/build/icyphy/ptII/build.xml" />
    <property name="env.TRAVIS_COMMIT_RANGE" value="acdb457eebaf...acb5d40486da" />
    <property name="env._system_name" value="Ubuntu" />
    <property name="timeout" value="2400000" />
    <property name="ptII.classpath.optional.property" value="/home/travis/build/icyphy/ptII/lib/bsh-2.0b4.jar:/home/travis/build/icyphy/ptII/lib/ptCal.jar:/home/travis/build/icyphy/ptII/lib/java_cup.jar:/home/travis/build/icyphy/ptII/lib/saxon8.jar:/home/travis/build/icyphy/ptII/lib/saxon8-dom.jar:/home/travis/build/icyphy/ptII/lib/chic.jar:/home/travis/build/icyphy/ptII/lib/ptcolt.jar:/usr/lib/jvm/java-8-oracle/lib/tools.jar:/usr/lib/eclipse/plugins/org.eclipse.jdt.core_3.8.2.dist.jar:/usr/lib/eclipse/plugins/org.eclipse.core.runtime_3.8.0.dist.jar:/usr/lib/eclipse/plugins/org.eclipse.osgi_3.8.1.dist.jar:/usr/lib/eclipse/plugins/org.eclipse.core.resources_3.8.1.dist.jar:/usr/lib/eclipse/plugins/org.eclipse.equinox.common_3.6.100.dist.jar:/usr/lib/eclipse/plugins/org.eclipse.core.jobs_3.5.200.dist.jar:/usr/lib/eclipse/plugins/org.eclipse.core.contenttype_3.4.200.dist.jar:/usr/lib/eclipse/plugins/org.eclipse.equinox.preferences_3.5.0.dist.jar:/usr/lib/eclipse/plugins/org.eclipse.text_3.5.200.dist.jar:/usr/lib/eclipse/plugins/org.eclipse.ui.workbench_3.8.1.dist.jar:/usr/lib/eclipse/plugins/org.eclipse.jface_3.8.0.dist.jar:/usr/lib/eclipse/plugins/org.eclipse.swt_3.8.2.jar:/usr/lib/eclipse/plugins/org.eclipse.jface.text_3.8.1.dist.jar:/usr/lib/eclipse/plugins/org.eclipse.ui.workbench.texteditor_3.8.0.dist.jar:/usr/lib/eclipse/plugins/org.eclipse.ui.editors_3.8.0.dist.jar:/usr/lib/eclipse/plugins/org.eclipse.core.commands_3.6.1.dist.jar:/usr/lib/eclipse/plugins/org.eclipse.equinox.registry_3.5.200.dist.jar:/usr/lib/eclipse/plugins/org.eclipse.ui.console_3.5.100.dist.jar:/usr/lib/eclipse/plugins/org.eclipse.ui.forms_3.5.200.dist.jar:/usr/lib/eclipse/plugins/org.eclipse.ui.ide_3.8.1.dist.jar:/home/travis/build/icyphy/ptII/vendors/oracle/dbxml.jar:/home/travis/build/icyphy/ptII/vendors/oracle/db.jar:/home/travis/build/icyphy/ptII/vendors/misc/itext/iText.jar:/home/travis/build/icyphy/ptII/lib/g4ltl.jar:/home/travis/build/icyphy/ptII/lib/StructuralCoder.jar:/home/travis/build/icyphy/ptII/lib/org-openide-util.jar:/home/travis/build/icyphy/ptII/lib/org-openide-util-lookup.jar:/home/travis/build/icyphy/ptII/lib/org-netbeans-api-visual.jar:/home/travis/build/icyphy/ptII/vendors/jai-1_1_2_01/lib/jai_core.jar:/home/travis/build/icyphy/ptII/vendors/jai-1_1_2_01/lib/jai_codec.jar:/home/travis/build/icyphy/ptII/lib/jcerti.jar:/home/travis/build/icyphy/ptII/lib/smack.jar:/home/travis/build/icyphy/ptII/lib/smackx.jar:/home/travis/build/icyphy/ptII/lib/jetty-all-8.1.5-v20120716.jar:/home/travis/build/icyphy/ptII/lib/javax.servlet-api-3.0.1.jar:/home/travis/build/icyphy/ptII/lib/javax.mail.jar:/home/travis/build/icyphy/ptII/vendors/JMF-2.1.1e/lib/jmf.jar:/home/travis/build/icyphy/ptII/lib/jna-4.0.0-variadic.jar:/home/travis/build/icyphy/ptII/vendors/misc/joystick/Joystick.jar:/home/travis/build/icyphy/ptII/lib/ptjacl.jar:/home/travis/build/icyphy/ptII/lib/jsoup-1.8.2.jar:/home/travis/build/icyphy/ptII/lib/junit-4.8.2.jar:/home/travis/build/icyphy/ptII/lib/JUnitParams-0.4.0.jar:/home/travis/build/icyphy/ptII/ptolemy/actor/lib/excel/jxl.jar:/home/travis/build/icyphy/ptII/lib/jython.jar:/home/travis/build/icyphy/ptII/lib/kieler.jar:/home/travis/build/icyphy/ptII/vendors/opencv/share/OpenCV/java/opencv-341.jar:/home/travis/build/icyphy/ptII/lib/oscP5.jar:/home/travis/build/icyphy/ptII/lib/nrjavaserial-3.11.0.devel.jar:/usr/share/java/j3dcore.jar:/usr/share/java/j3dutils.jar:/usr/share/java/vecmath.jar:/home/travis/build/icyphy/ptII/ptolemy/distributed/jini/jar/jini-core.jar:/home/travis/build/icyphy/ptII/ptolemy/distributed/jini/jar/jini-ext.jar:/home/travis/build/icyphy/ptII/ptolemy/distributed/jini/jar/sun-util.jar:/home/travis/build/icyphy/ptII/lib/protobuf-java-2.4.1.jar:/home/travis/build/icyphy/ptII/lib/org.eclipse.paho.client.mqttv3.jar:/home/travis/build/icyphy/ptII/ptserver/lib/hessian-4.0.7.jar:/home/travis/build/icyphy/ptII/ptserver/lib/wmqtt.jar:/home/travis/build/icyphy/ptII/lib/mapss.jar:/home/travis/build/icyphy/ptII/ptolemy/actor/ptalon/antlr/antlr.jar:/home/travis/build/icyphy/ptII/lib/JRI.jar:/home/travis/build/icyphy/ptII/lib/commons-lang-2.6.jar:/home/travis/build/icyphy/ptII/lib/commons-logging-1.1.1.jar:/home/travis/build/icyphy/ptII/lib/sootclasses.jar:/home/travis/build/icyphy/ptII/ptolemy/actor/lib/database/mysql-connector-java-5.1.6-bin.jar:/home/travis/build/icyphy/ptII/vendors/misc/sphinx4/sphinx4-data-5prealpha.jar:/home/travis/build/icyphy/ptII/vendors/misc/sphinx4/sphinx4-core-5prealpha.jar:/home/travis/build/icyphy/ptII/lib/PDFRenderer.jar:/home/travis/build/icyphy/ptII/lib/svgSalamander.jar:/home/travis/build/icyphy/ptII/lib/rsyntaxtextarea-2.6.0-SNAPSHOT.jar:/home/travis/build/icyphy/ptII/lib/hazelcast-3.8.2.jar:/home/travis/build/icyphy/ptII/lib/jackson-annotations-2.9.0.jar:/home/travis/build/icyphy/ptII/lib/jackson-core-2.9.3.jar:/home/travis/build/icyphy/ptII/lib/jackson-databind-2.9.3.jar:/home/travis/build/icyphy/ptII/lib/netty-buffer-4.1.19.Final.jar:/home/travis/build/icyphy/ptII/lib/netty-codec-4.1.19.Final.jar:/home/travis/build/icyphy/ptII/lib/netty-codec-dns-4.1.19.Final.jar:/home/travis/build/icyphy/ptII/lib/netty-codec-http-4.1.19.Final.jar:/home/travis/build/icyphy/ptII/lib/netty-codec-http2-4.1.19.Final.jar:/home/travis/build/icyphy/ptII/lib/netty-common-4.1.19.Final.jar:/home/travis/build/icyphy/ptII/lib/netty-handler-4.1.19.Final.jar:/home/travis/build/icyphy/ptII/lib/netty-resolver-4.1.19.Final.jar:/home/travis/build/icyphy/ptII/lib/netty-resolver-dns-4.1.19.Final.jar:/home/travis/build/icyphy/ptII/lib/netty-transport-4.1.19.Final.jar:/home/travis/build/icyphy/ptII/lib/vertx-codegen-3.5.1.jar:/home/travis/build/icyphy/ptII/lib/vertx-core-3.5.2-SNAPSHOT.jar:/home/travis/build/icyphy/ptII/lib/vertx-hazelcast-3.5.1.jar:/home/travis/build/icyphy/ptII/lib/vertx-lang-js-3.5.1.jar:/home/travis/build/icyphy/ptII/lib/vertx-service-proxy-3.5.1.jar:/home/travis/build/icyphy/ptII/lib/vertx-web-3.5.1.jar:/home/travis/build/icyphy/ptII/lib/slf4j-api-1.7.13.jar:/home/travis/build/icyphy/ptII/lib/slf4j-simple-1.7.13.jar:/home/travis/build/icyphy/ptII/lib/webcam-capture-0.3.12.jar:/home/travis/build/icyphy/ptII/lib/bridj-0.7.0.jar:/home/travis/build/icyphy/ptII/lib/xbjlib-1.1.0.nrjavaserial.jar" />
    <property name="test.batch" value="**/junit/*.java" />
    <property name="env._" value="/usr/bin/timeout" />
    <property name="java.io.tmpdir" value="/tmp" />
    <property name="user.language" value="en" />
    <property name="env.HISTCONTROL" value="ignoredups:ignorespace" />
    <property name="env.GOROOT" value="/home/travis/.gimme/versions/go1.7.4.linux.amd64" />
    <property name="line.separator" value="&#xa;" />
    <property name="target" value="1.8" />
    <property name="env.TRAVIS_BUILD_DIR" value="/home/travis/build/icyphy/ptII" />
    <property name="env.ANT_OPTS" value="-Xmx2048m" />
    <property name="ant.file.type" value="file" />
    <property name="ptolemy.ptII.batchMode" value="true" />
    <property name="env.HISTSIZE" value="1000" />
    <property name="env.MERB_ENV" value="test" />
    <property name="java.vm.info" value="mixed mode" />
    <property name="source" value="1.8" />
    <property name="java.vm.specification.name" value="Java Virtual Machine Specification" />
    <property name="env.TRAVIS_TEST_RESULT" value="0" />
    <property name="jsdoc.command" value="node_modules/@terraswarm/jsdoc/jsdoc.js" />
    <property name="npm.works" value="true" />
    <property name="cobertura.dir" value="/home/travis/build/icyphy/ptII/vendors/cobertura-2.0.3" />
    <property name="env.rvm_path" value="/home/travis/.rvm" />
    <property name="env.GEM_PATH" value="/home/travis/.rvm/gems/ruby-2.4.1:/home/travis/.rvm/gems/ruby-2.4.1@global" />
    <property name="env.LC_CTYPE" value="en_US.UTF-8" />
    <property name="java.awt.printerjob" value="sun.print.PSPrinterJob" />
    <property name="env.TRAVIS_STACK_NAME" value="garnet" />
    <property name="ant.version" value="Apache Ant(TM) version 1.10.1 compiled on February 2 2017" />
    <property name="ptII.reports" value="/home/travis/build/icyphy/ptII/reports" />
    <property name="env.TRAVIS_STACK_TIMESTAMP" value="2017-12-05 19:33:09 UTC" />
    <property name="ant.file.type.ptII" value="file" />
    <property name="env.RBENV_SHELL" value="bash" />
    <property name="os.name" value="Linux" />
    <property name="java.specification.vendor" value="Oracle Corporation" />
    <property name="env.rvm_version" value="1.29.3 (latest)" />
    <property name="env.TERM" value="xterm" />
    <property name="java.vm.name" value="Java HotSpot(TM) 64-Bit Server VM" />
    <property name="env.TRAVIS_BUILD_NUMBER" value="540" />
    <property name="env.CI" value="true" />
    <property name="java.library.path" value="/home/travis/pthla/certi-tools/lib:/usr/lib/jni:/usr/local/share/OpenCV/java/:/usr/share/OpenCV/java::/usr/java/packages/lib/amd64:/usr/lib64:/lib64:/lib:/usr/lib" />
    <property name="env.rvm_prefix" value="/home/travis" />
    <property name="env.PATH" value="/home/travis/pthla/certi-tools/share/scripts:/home/travis/.rvm/gems/ruby-2.4.1/bin:/home/travis/.rvm/gems/ruby-2.4.1@global/bin:/home/travis/.rvm/rubies/ruby-2.4.1/bin:/home/travis/.rvm/bin:/home/travis/.nvm/versions/node/v7.10.1/bin:./node_modules/.bin:/home/travis/build/icyphy/ptII/bin:/home/travis/pthla/certi-tools/bin:/home/travis/bin:/home/travis/.local/bin:/opt/pyenv/shims:/home/travis/.phpenv/shims:/home/travis/perl5/perlbrew/bin:/home/travis/.kiex/elixirs/elixir-1.4.5/bin:/home/travis/.kiex/bin:/home/travis/gopath/bin:/home/travis/.gimme/versions/go1.7.4.linux.amd64/bin:/usr/local/phantomjs/bin:/usr/local/phantomjs:/usr/local/neo4j-3.2.7/bin:/usr/local/maven-3.5.2/bin:/usr/local/cmake-3.9.2/bin:/usr/local/clang-5.0.0/bin:/usr/local/sbin:/usr/local/bin:/usr/sbin:/usr/bin:/sbin:/bin:/home/travis/.phpenv/bin:/opt/pyenv/bin:/home/travis/.yarn/bin" />
    <property name="env.TRAVIS_OS_NAME" value="linux" />
    <property name="ant.java.version" value="1.8" />
    <property name="basedir" value="/home/travis/build/icyphy/ptII" />
    <property name="java.class.version" value="52.0" />
    <property name="env.SHLVL" value="3" />
    <property name="env.LD_LIBRARY_PATH" value="/home/travis/pthla/certi-tools/lib:/usr/lib/jni:/usr/local/share/OpenCV/java/:/usr/share/OpenCV/java:" />
    <property name="env.RACK_ENV" value="test" />
    <property name="ant.home" value="/home/travis/build/icyphy/ptII/ant" />
    <property name="env.NVM_DIR" value="/home/travis/.nvm" />
    <property name="env.PERLBREW_BASHRC_VERSION" value="0.80" />
    <property name="env.CERTI_FOM_PATH" value="/home/travis/pthla/certi-tools/share/federations" />
    <property name="env.TRAVIS_BUILD_ID" value="389734634" />
    <property name="env.PYENV_ROOT" value="/opt/pyenv" />
    <property name="env.TRAVIS_UID" value="2000" />
    <property name="env.rvm_pretty_print_flag" value="auto" />
    <property name="env.NVM_BIN" value="/home/travis/.nvm/versions/node/v7.10.1/bin" />
    <property name="env.TRAVIS_COMMIT" value="acb5d40486dad3bb5e8b803453a982ae5a54873e" />
    <property name="env._system_arch" value="x86_64" />
    <property name="node.executable" value="node" />
    <property name="sun.boot.library.path" value="/usr/lib/jvm/java-8-oracle/jre/lib/amd64" />
    <property name="sun.management.compiler" value="HotSpot 64-Bit Tiered Compilers" />
    <property name="env.GOPATH" value="/home/travis/gopath" />
    <property name="java.awt.graphicsenv" value="sun.awt.X11GraphicsEnvironment" />
    <property name="ptolemy.ptII.dir" value="/home/travis/build/icyphy/ptII" />
    <property name="env.USER" value="travis" />
    <property name="env.HISTFILESIZE" value="2000" />
    <property name="timeout.longest" value="19000000" />
    <property name="env.TRAVIS_STACK_FEATURES" value="basic cassandra chromium couchdb disabled-ipv6 docker docker-compose elasticsearch firefox go-toolchain google-chrome jdk memcached mongodb mysql neo4j nodejs_interpreter perl_interpreter perlbrew phantomjs postgresql python_interpreter rabbitmq redis riak ruby_interpreter sqlite xserver" />
    <property name="env.TRAVIS_PULL_REQUEST" value="false" />
    <property name="env.PYENV_SHELL" value="bash" />
    <property name="ant.project.name" value="ptII" />
    <property name="java.vm.specification.version" value="1.8" />
    <property name="env.CERTI_VERSION" value="4.0.0" />
    <property name="env.NLSPATH" value="/usr/dt/lib/nls/msg/%L/%N.cat" />
    <property name="awt.toolkit" value="sun.awt.X11.XToolkit" />
    <property name="env.CERTI_HOST" value="localhost" />
    <property name="env.MY_RUBY_HOME" value="/home/travis/.rvm/rubies/ruby-2.4.1" />
    <property name="sun.cpu.isalist" value="" />
    <property name="java.ext.dirs" value="/usr/lib/jvm/java-8-oracle/jre/lib/ext:/usr/java/packages/lib/ext" />
    <property name="os.version" value="4.4.0-101-generic" />
    <property name="user.home" value="/home/travis" />
    <property name="env.MIX_ARCHIVES" value="/home/travis/.kiex/mix/elixir-1.4.5" />
    <property name="java.vm.vendor" value="Oracle Corporation" />
    <property name="env.TRAVIS_TAG" value="nightly" />
    <property name="env.TRAVIS_FILTERED" value="redirect_io" />
    <property name="javadoc.excludepackagenames" value="adm.cvs2svn.*,build.*,config.*,doc.coding.templates.*,jni.test.jni.meaningOfLife.*,jni.test.jni.testDeux.*,jni.test.jni.testTrois.*,org.terraswarm.accessor.accessors.web.node_modules.*,org.terraswarm.accessor.accessors.web.hosts.cordova.demo.*,org.terraswarm.accessor.accessors.web.hosts.cordova.plugins.*,org.terraswarm.accessor.accessors-svn.*,pt-modules.*,ptolemy.apps.agilent.*,ptolemy.apps.anytimecontrol.*,ptolemy.apps.apes.*,ptolemy.apps.charon.*,ptolemy.apps.crazyboard.*,ptolemy.apps.eclipse.*,ptolemy.apps.etherealSting.*,ptolemy.apps.fullscreen.*,ptolemy.apps.giotto.*,ptolemy.apps.ia.*,ptolemy.apps.interfaces.*,ptolemy.apps.jmf.*,ptolemy.apps.kurt.*,ptolemy.apps.kvm.*,ptolemy.apps.lego.*,ptolemy.apps.lejos.*,ptolemy.apps.midp.*,ptolemy.apps.mobileCoding.*,ptolemy.apps.pendulum.*,ptolemy.apps.rijndael.*,ptolemy.apps.robot.*,ptolemy.apps.security.*,ptolemy.apps.sobel.*,ptolemy.apps.soot.*,ptolemy.apps.throttle.*,ptolemy.apps.tini.*,ptolemy.apps.transmission.*,ptolemy.apps.vergil.*,ptolemy.apps.waba.*,ptolemy.apps.websensor.*,ptolemy.apps.webstart.*,ptolemy.apps.xsl.*,ptolemy.apps.zaurus.*,ptolemy.backtrack.eclipse.plugin.*,ptolemy.backtrack.test.*,ptolemy.codegen.c.actor.lib.oldJavaFiles.*,ptolemy.codegen.dsp.lib.*,ptolemy.codegen.kernel.newInterfaces.*,ptolemy.codegen.lib.*,ptolemy.copernicus.kernel.fragment.*,ptolemy.copernicus.shallow.cg.*,ptolemy.domains.giotto.demo.Hierarchy.Hierarchy.*,ptolemy.domains.giotto.demo.Multimode.Multimode.*,ptolemy.domains.giotto.demo.Simple.Simple.*,ptolemy.domains.gr.lib.experimental.*,ptolemy.domains.gro.*,ptolemy.domains.pdf.*,ptolemy.domains.ptinyos.demo.Surge.output.*,ptolemy.moml.test.NoPackageActor.java*,ptolemy.plot.adm.*,ptolemy.plot.servlet.*,reports.*,signed.*,src.*,target.*,vendors.*,ptolemy.cg.adapter.generic.program.procedural.c.mbed*,ptolemy.actor.lib.fmi.fmus.omc*,ptolemy.domains.openmodelica*,ptdb.kernel.bl.save.test.*,ptdb.kernel.bl.load.test.*,ptdb.kernel.bl.search.test.*,ptdb.kernel.bl.migration.test.*,ptdb.kernel.database.test.*,ptdb.test.*,ptdb.gui.test.*,org.ptolemy.scala.*,diva.util.java2d.svg.*,ptolemy.domains.ptinyos.*,ptolemy.actor.lib.fmi.fmipp.*,,org.terraswarm.accessor.accessors.web.node_modules.*,org.terraswarm.accessor.accessors-svn,ptolemy.actor.ptalon.demo.ptinyos.SendAndReceiveCnt.output,ptolemy.actor.ptalon.demo.ptinyos.SenseToLeds.output,ptolemy.domains.ptinyos.demo.CntToLedsAndRfm.output,ptolemy.domains.ptinyos.demo.RfmToLeds.output,ptolemy.domains.ptinyos.demo.SendAndReceiveCnt.output,ptolemy.domains.ptinyos.demo.SenseToLeds.output,ptolemy.actor.lib.jjs.modules.udpSocket.*" />
    <property name="env.JAVA_HOME" value="/usr/lib/jvm/java-8-oracle" />
    <property name="env.PTII" value="/home/travis/build/icyphy/ptII" />
    <property name="env.TRAVIS_COMMIT_MESSAGE" value="Use the demos.htm page from configs/doc.  Use github issues." />
    <property name="keystore" value="ptKeystore" />
    <property name="env.XDG_SESSION_ID" value="2" />
    <property name="junit.output.dir" value="/home/travis/build/icyphy/ptII/reports/junit" />
    <property name="npm.return.code" value="0" />
    <property name="user.dir" value="/home/travis/build/icyphy/ptII/ptolemy/actor/lib/test" />
    <property name="env.TRAVIS_NODE_VERSION" value="7" />
    <property name="env.XFILESEARCHPATH" value="/usr/dt/app-defaults/%L/Dt" />
    <property name="env.TRAVIS_EVENT_TYPE" value="push" />
    <property name="env.MAIL" value="/var/mail/travis" />
    <property name="env.PWD" value="/home/travis/build/icyphy/ptII" />
    <property name="env.PERLBREW_ROOT" value="/home/travis/perl5/perlbrew" />
    <property name="timeout.npm" value="45000" />
    <property name="env.PAGER" value="cat" />
    <property name="sun.cpu.endian" value="little" />
    <property name="env.TRAVIS_BUILD_STAGE_NAME" value="Test" />
    <property name="env.PERLBREW_HOME" value="/home/travis/.perlbrew" />
    <property name="env.RAILS_ENV" value="test" />
    <property name="java.vm.version" value="25.151-b12" />
    <property name="java.class.path" value="/home/travis/.ptolemyII:/home/travis/.ptolemyII/*:/home/travis/build/icyphy/ptII:/home/travis/build/icyphy/ptII/lib/bsh-2.0b4.jar:/home/travis/build/icyphy/ptII/lib/ptCal.jar:/home/travis/build/icyphy/ptII/lib/java_cup.jar:/home/travis/build/icyphy/ptII/lib/saxon8.jar:/home/travis/build/icyphy/ptII/lib/saxon8-dom.jar:/home/travis/build/icyphy/ptII/lib/chic.jar:/home/travis/build/icyphy/ptII/lib/ptcolt.jar:/usr/lib/jvm/java-8-oracle/lib/tools.jar:/usr/lib/eclipse/plugins/org.eclipse.jdt.core_3.8.2.dist.jar:/usr/lib/eclipse/plugins/org.eclipse.core.runtime_3.8.0.dist.jar:/usr/lib/eclipse/plugins/org.eclipse.osgi_3.8.1.dist.jar:/usr/lib/eclipse/plugins/org.eclipse.core.resources_3.8.1.dist.jar:/usr/lib/eclipse/plugins/org.eclipse.equinox.common_3.6.100.dist.jar:/usr/lib/eclipse/plugins/org.eclipse.core.jobs_3.5.200.dist.jar:/usr/lib/eclipse/plugins/org.eclipse.core.contenttype_3.4.200.dist.jar:/usr/lib/eclipse/plugins/org.eclipse.equinox.preferences_3.5.0.dist.jar:/usr/lib/eclipse/plugins/org.eclipse.text_3.5.200.dist.jar:/usr/lib/eclipse/plugins/org.eclipse.ui.workbench_3.8.1.dist.jar:/usr/lib/eclipse/plugins/org.eclipse.jface_3.8.0.dist.jar:/usr/lib/eclipse/plugins/org.eclipse.swt_3.8.2.jar:/usr/lib/eclipse/plugins/org.eclipse.jface.text_3.8.1.dist.jar:/usr/lib/eclipse/plugins/org.eclipse.ui.workbench.texteditor_3.8.0.dist.jar:/usr/lib/eclipse/plugins/org.eclipse.ui.editors_3.8.0.dist.jar:/usr/lib/eclipse/plugins/org.eclipse.core.commands_3.6.1.dist.jar:/usr/lib/eclipse/plugins/org.eclipse.equinox.registry_3.5.200.dist.jar:/usr/lib/eclipse/plugins/org.eclipse.ui.console_3.5.100.dist.jar:/usr/lib/eclipse/plugins/org.eclipse.ui.forms_3.5.200.dist.jar:/usr/lib/eclipse/plugins/org.eclipse.ui.ide_3.8.1.dist.jar:/home/travis/build/icyphy/ptII/vendors/oracle/dbxml.jar:/home/travis/build/icyphy/ptII/vendors/oracle/db.jar:/home/travis/build/icyphy/ptII/vendors/misc/itext/iText.jar:/home/travis/build/icyphy/ptII/lib/g4ltl.jar:/home/travis/build/icyphy/ptII/lib/StructuralCoder.jar:/home/travis/build/icyphy/ptII/lib/org-openide-util.jar:/home/travis/build/icyphy/ptII/lib/org-openide-util-lookup.jar:/home/travis/build/icyphy/ptII/lib/org-netbeans-api-visual.jar:/home/travis/build/icyphy/ptII/vendors/jai-1_1_2_01/lib/jai_core.jar:/home/travis/build/icyphy/ptII/vendors/jai-1_1_2_01/lib/jai_codec.jar:/home/travis/build/icyphy/ptII/lib/jcerti.jar:/home/travis/build/icyphy/ptII/lib/smack.jar:/home/travis/build/icyphy/ptII/lib/smackx.jar:/home/travis/build/icyphy/ptII/lib/jetty-all-8.1.5-v20120716.jar:/home/travis/build/icyphy/ptII/lib/javax.servlet-api-3.0.1.jar:/home/travis/build/icyphy/ptII/lib/javax.mail.jar:/home/travis/build/icyphy/ptII/vendors/JMF-2.1.1e/lib/jmf.jar:/home/travis/build/icyphy/ptII/lib/jna-4.0.0-variadic.jar:/home/travis/build/icyphy/ptII/vendors/misc/joystick/Joystick.jar:/home/travis/build/icyphy/ptII/lib/ptjacl.jar:/home/travis/build/icyphy/ptII/lib/jsoup-1.8.2.jar:/home/travis/build/icyphy/ptII/lib/junit-4.8.2.jar:/home/travis/build/icyphy/ptII/lib/JUnitParams-0.4.0.jar:/home/travis/build/icyphy/ptII/ptolemy/actor/lib/excel/jxl.jar:/home/travis/build/icyphy/ptII/lib/jython.jar:/home/travis/build/icyphy/ptII/lib/kieler.jar:/home/travis/build/icyphy/ptII/vendors/opencv/share/OpenCV/java/opencv-341.jar:/home/travis/build/icyphy/ptII/lib/oscP5.jar:/home/travis/build/icyphy/ptII/lib/nrjavaserial-3.11.0.devel.jar:/usr/share/java/j3dcore.jar:/usr/share/java/j3dutils.jar:/usr/share/java/vecmath.jar:/home/travis/build/icyphy/ptII/ptolemy/distributed/jini/jar/jini-core.jar:/home/travis/build/icyphy/ptII/ptolemy/distributed/jini/jar/jini-ext.jar:/home/travis/build/icyphy/ptII/ptolemy/distributed/jini/jar/sun-util.jar:/home/travis/build/icyphy/ptII/lib/protobuf-java-2.4.1.jar:/home/travis/build/icyphy/ptII/lib/org.eclipse.paho.client.mqttv3.jar:/home/travis/build/icyphy/ptII/ptserver/lib/hessian-4.0.7.jar:/home/travis/build/icyphy/ptII/ptserver/lib/wmqtt.jar:/home/travis/build/icyphy/ptII/lib/mapss.jar:/home/travis/build/icyphy/ptII/ptolemy/actor/ptalon/antlr/antlr.jar:/home/travis/build/icyphy/ptII/lib/JRI.jar:/home/travis/build/icyphy/ptII/lib/commons-lang-2.6.jar:/home/travis/build/icyphy/ptII/lib/commons-logging-1.1.1.jar:/home/travis/build/icyphy/ptII/lib/sootclasses.jar:/home/travis/build/icyphy/ptII/ptolemy/actor/lib/database/mysql-connector-java-5.1.6-bin.jar:/home/travis/build/icyphy/ptII/vendors/misc/sphinx4/sphinx4-data-5prealpha.jar:/home/travis/build/icyphy/ptII/vendors/misc/sphinx4/sphinx4-core-5prealpha.jar:/home/travis/build/icyphy/ptII/lib/PDFRenderer.jar:/home/travis/build/icyphy/ptII/lib/svgSalamander.jar:/home/travis/build/icyphy/ptII/lib/rsyntaxtextarea-2.6.0-SNAPSHOT.jar:/home/travis/build/icyphy/ptII/lib/hazelcast-3.8.2.jar:/home/travis/build/icyphy/ptII/lib/jackson-annotations-2.9.0.jar:/home/travis/build/icyphy/ptII/lib/jackson-core-2.9.3.jar:/home/travis/build/icyphy/ptII/lib/jackson-databind-2.9.3.jar:/home/travis/build/icyphy/ptII/lib/netty-buffer-4.1.19.Final.jar:/home/travis/build/icyphy/ptII/lib/netty-codec-4.1.19.Final.jar:/home/travis/build/icyphy/ptII/lib/netty-codec-dns-4.1.19.Final.jar:/home/travis/build/icyphy/ptII/lib/netty-codec-http-4.1.19.Final.jar:/home/travis/build/icyphy/ptII/lib/netty-codec-http2-4.1.19.Final.jar:/home/travis/build/icyphy/ptII/lib/netty-common-4.1.19.Final.jar:/home/travis/build/icyphy/ptII/lib/netty-handler-4.1.19.Final.jar:/home/travis/build/icyphy/ptII/lib/netty-resolver-4.1.19.Final.jar:/home/travis/build/icyphy/ptII/lib/netty-resolver-dns-4.1.19.Final.jar:/home/travis/build/icyphy/ptII/lib/netty-transport-4.1.19.Final.jar:/home/travis/build/icyphy/ptII/lib/vertx-codegen-3.5.1.jar:/home/travis/build/icyphy/ptII/lib/vertx-core-3.5.2-SNAPSHOT.jar:/home/travis/build/icyphy/ptII/lib/vertx-hazelcast-3.5.1.jar:/home/travis/build/icyphy/ptII/lib/vertx-lang-js-3.5.1.jar:/home/travis/build/icyphy/ptII/lib/vertx-service-proxy-3.5.1.jar:/home/travis/build/icyphy/ptII/lib/vertx-web-3.5.1.jar:/home/travis/build/icyphy/ptII/lib/slf4j-api-1.7.13.jar:/home/travis/build/icyphy/ptII/lib/slf4j-simple-1.7.13.jar:/home/travis/build/icyphy/ptII/lib/webcam-capture-0.3.12.jar:/home/travis/build/icyphy/ptII/lib/bridj-0.7.0.jar:/home/travis/build/icyphy/ptII/lib/xbjlib-1.1.0.nrjavaserial.jar:/home/travis/build/icyphy/ptII/ptolemy/moml/test:/home/travis/build/icyphy/ptII/ant/lib/ant-launcher.jar:/home/travis/build/icyphy/ptII/ant/lib/ant.jar:/home/travis/build/icyphy/ptII/ant/lib/ant-junit.jar:/home/travis/build/icyphy/ptII/ant/lib/ant-junit4.jar" />
    <property name="ant.library.dir" value="/home/travis/build/icyphy/ptII/ant/lib" />
    <property name="os.arch" value="amd64" />
    <property name="env.TRAVIS_LANGUAGE" value="node_js" />
    <property name="env.CONTINUOUS_INTEGRATION" value="true" />
    <property name="env.TRAVIS_STACK_LANGUAGES" value="__garnet__ c c++ clojure cplusplus cpp default go groovy java node_js php pure_java python ruby scala" />
    <property name="test.name" value="ptolemy.actor.lib.test.junit.JUnitTclTest" />
    <property name="sun.java.launcher" value="SUN_STANDARD" />
    <property name="env.PYTHON_CONFIGURE_OPTS" value="--enable-unicode=ucs4 --with-wide-unicode --enable-shared --enable-ipv6 --enable-loadable-sqlite-extensions --with-computed-gotos" />
    <property name="ant.core.lib" value="/home/travis/build/icyphy/ptII/ant/lib/ant.jar" />
    <property name="java.vm.specification.vendor" value="Oracle Corporation" />
    <property name="env.BCVTB_HOME" value="/home/travis/build/icyphy/ptII/lbnl" />
    <property name="file.separator" value="/" />
    <property name="java.runtime.version" value="1.8.0_151-b12" />
    <property name="spotbugs.home" value="/home/travis/build/icyphy/ptII/vendors/spotbugs-3.1.1" />
    <property name="sun.boot.class.path" value="/usr/lib/jvm/java-8-oracle/jre/lib/resources.jar:/usr/lib/jvm/java-8-oracle/jre/lib/rt.jar:/usr/lib/jvm/java-8-oracle/jre/lib/sunrsasign.jar:/usr/lib/jvm/java-8-oracle/jre/lib/jsse.jar:/usr/lib/jvm/java-8-oracle/jre/lib/jce.jar:/usr/lib/jvm/java-8-oracle/jre/lib/charsets.jar:/usr/lib/jvm/java-8-oracle/jre/lib/jfr.jar:/usr/lib/jvm/java-8-oracle/jre/classes" />
    <property name="env.HAS_JOSH_K_SEAL_OF_APPROVAL" value="true" />
    <property name="env.TRAVIS_OSX_IMAGE" value="" />
    <property name="env.XDG_RUNTIME_DIR" value="/run/user/2000" />
    <property name="env.TRAVIS_BRANCH" value="master" />
    <property name="env.TRAVIS_JOB_ID" value="389734641" />
    <property name="env.CERTI_HOME_TRAVIS" value="/home/travis/pthla/certi-tools" />
    <property name="user.country" value="US" />
    <property name="env.SHELL" value="/bin/bash" />
    <property name="java.maxmemory.large" value="5000m" />
    <property name="model" value="" />
    <property name="env.CASHER_DIR" value="/home/travis/.casher" />
    <property name="env.NVM_CD_FLAGS" value="" />
    <property name="jshint.executable" value="/home/travis/node_modules/jshint/bin/jshint" />
    <property name="java.vendor" value="Oracle Corporation" />
    <property name="env.JRUBY_OPTS" value=" --client -J-XX:+TieredCompilation -J-XX:TieredStopAtLevel=1 -J-Xss2m -Xcompile.invokedynamic=false" />
    <property name="env.TRAVIS_PRE_CHEF_BOOTSTRAP_TIME" value="2017-12-05T19:32:55" />
    <property name="env.TRAVIS_STACK_JOB_BOARD_REGISTER" value="/.job-board-register.yml" />
    <property name="env.ELIXIR_VERSION" value="1.4.5" />
    <property name="java.specification.version" value="1.8" />
    <property name="env.IRBRC" value="/home/travis/.rvm/rubies/ruby-2.4.1/.irbrc" />
    <property name="env.TRAVIS" value="true" />
    <property name="sun.arch.data.model" value="64" />
  </properties>
  <testcase classname="ptolemy.util.test.junit.TclTests" name="[0] /home/travis/build/icyphy/ptII/ptolemy/actor/lib/test/AbsoluteValue.tcl (RunTclFile)" time="0.46" />
  <testcase classname="ptolemy.util.test.junit.TclTests" name="[1] /home/travis/build/icyphy/ptII/ptolemy/actor/lib/test/AddSubtract.tcl (RunTclFile)" time="0.063" />
  <testcase classname="ptolemy.util.test.junit.TclTests" name="[2] /home/travis/build/icyphy/ptII/ptolemy/actor/lib/test/Average.tcl (RunTclFile)" time="0.033" />
  <testcase classname="ptolemy.util.test.junit.TclTests" name="[3] /home/travis/build/icyphy/ptII/ptolemy/actor/lib/test/Bernoulli.tcl (RunTclFile)" time="0.019" />
  <testcase classname="ptolemy.util.test.junit.TclTests" name="[4] /home/travis/build/icyphy/ptII/ptolemy/actor/lib/test/Clock.tcl (RunTclFile)" time="0.079" />
  <testcase classname="ptolemy.util.test.junit.TclTests" name="[5] /home/travis/build/icyphy/ptII/ptolemy/actor/lib/test/Commutator.tcl (RunTclFile)" time="0.127" />
  <testcase classname="ptolemy.util.test.junit.TclTests" name="[6] /home/travis/build/icyphy/ptII/ptolemy/actor/lib/test/Const.tcl (RunTclFile)" time="0.142" />
  <testcase classname="ptolemy.util.test.junit.TclTests" name="[7] /home/travis/build/icyphy/ptII/ptolemy/actor/lib/test/CurrentTime.tcl (RunTclFile)" time="0.043" />
  <testcase classname="ptolemy.util.test.junit.TclTests" name="[8] /home/travis/build/icyphy/ptII/ptolemy/actor/lib/test/DB.tcl (RunTclFile)" time="0.04" />
  <testcase classname="ptolemy.util.test.junit.TclTests" name="[9] /home/travis/build/icyphy/ptII/ptolemy/actor/lib/test/DiscreteRandomSource.tcl (RunTclFile)" time="0.045" />
  <testcase classname="ptolemy.util.test.junit.TclTests" name="[10] /home/travis/build/icyphy/ptII/ptolemy/actor/lib/test/Distributor.tcl (RunTclFile)" time="0.037" />
  <testcase classname="ptolemy.util.test.junit.TclTests" name="[11] /home/travis/build/icyphy/ptII/ptolemy/actor/lib/test/Exit.tcl (RunTclFile)" time="0.055" />
  <testcase classname="ptolemy.util.test.junit.TclTests" name="[12] /home/travis/build/icyphy/ptII/ptolemy/actor/lib/test/Expression.tcl (RunTclFile)" time="0.152" />
  <testcase classname="ptolemy.util.test.junit.TclTests" name="[13] /home/travis/build/icyphy/ptII/ptolemy/actor/lib/test/Gaussian.tcl (RunTclFile)" time="0.422" />
  <testcase classname="ptolemy.util.test.junit.TclTests" name="[14] /home/travis/build/icyphy/ptII/ptolemy/actor/lib/test/IIR.tcl (RunTclFile)" time="0.046" />
  <testcase classname="ptolemy.util.test.junit.TclTests" name="[15] /home/travis/build/icyphy/ptII/ptolemy/actor/lib/test/Interpolator.tcl (RunTclFile)" time="0.117" />
  <testcase classname="ptolemy.util.test.junit.TclTests" name="[16] /home/travis/build/icyphy/ptII/ptolemy/actor/lib/test/MathFunction.tcl (RunTclFile)" time="0.047" />
  <testcase classname="ptolemy.util.test.junit.TclTests" name="[17] /home/travis/build/icyphy/ptII/ptolemy/actor/lib/test/Maximum.tcl (RunTclFile)" time="0.033" />
  <testcase classname="ptolemy.util.test.junit.TclTests" name="[18] /home/travis/build/icyphy/ptII/ptolemy/actor/lib/test/Minimum.tcl (RunTclFile)" time="0.021" />
  <testcase classname="ptolemy.util.test.junit.TclTests" name="[19] /home/travis/build/icyphy/ptII/ptolemy/actor/lib/test/MultiplyDivide.tcl (RunTclFile)" time="0.033" />
  <testcase classname="ptolemy.util.test.junit.TclTests" name="[20] /home/travis/build/icyphy/ptII/ptolemy/actor/lib/test/OrderedMerge.tcl (RunTclFile)" time="0.058" />
  <testcase classname="ptolemy.util.test.junit.TclTests" name="[21] /home/travis/build/icyphy/ptII/ptolemy/actor/lib/test/Publisher.tcl (RunTclFile)" time="0.846" />
  <testcase classname="ptolemy.util.test.junit.TclTests" name="[22] /home/travis/build/icyphy/ptII/ptolemy/actor/lib/test/Pulse.tcl (RunTclFile)" time="0.036" />
  <testcase classname="ptolemy.util.test.junit.TclTests" name="[23] /home/travis/build/icyphy/ptII/ptolemy/actor/lib/test/Ramp.tcl (RunTclFile)" time="2.114" />
  <testcase classname="ptolemy.util.test.junit.TclTests" name="[24] /home/travis/build/icyphy/ptII/ptolemy/actor/lib/test/RampContinuous.tcl (RunTclFile)" time="0.017" />
  <testcase classname="ptolemy.util.test.junit.TclTests" name="[25] /home/travis/build/icyphy/ptII/ptolemy/actor/lib/test/RecordAssembler.tcl (RunTclFile)" time="0.015" />
  <testcase classname="ptolemy.util.test.junit.TclTests" name="[26] /home/travis/build/icyphy/ptII/ptolemy/actor/lib/test/RecordDisassembler.tcl (RunTclFile)" time="0.019" />
  <testcase classname="ptolemy.util.test.junit.TclTests" name="[27] /home/travis/build/icyphy/ptII/ptolemy/actor/lib/test/Scale.tcl (RunTclFile)" time="0.018" />
  <testcase classname="ptolemy.util.test.junit.TclTests" name="[28] /home/travis/build/icyphy/ptII/ptolemy/actor/lib/test/SequentialClock.tcl (RunTclFile)" time="0.012" />
  <testcase classname="ptolemy.util.test.junit.TclTests" name="[29] /home/travis/build/icyphy/ptII/ptolemy/actor/lib/test/SetVariable.tcl (RunTclFile)" time="0.014" />
  <testcase classname="ptolemy.util.test.junit.TclTests" name="[30] /home/travis/build/icyphy/ptII/ptolemy/actor/lib/test/Sinewave.tcl (RunTclFile)" time="0.058" />
  <testcase classname="ptolemy.util.test.junit.TclTests" name="[31] /home/travis/build/icyphy/ptII/ptolemy/actor/lib/test/SubscriptionAggregator.tcl (RunTclFile)" time="2.153" />
  <testcase classname="ptolemy.util.test.junit.TclTests" name="[32] /home/travis/build/icyphy/ptII/ptolemy/actor/lib/test/Test.tcl (RunTclFile)" time="0.064" />
  <testcase classname="ptolemy.util.test.junit.TclTests" name="[33] /home/travis/build/icyphy/ptII/ptolemy/actor/lib/test/TestExceptionHandler.tcl (RunTclFile)" time="0.01" />
  <testcase classname="ptolemy.util.test.junit.TclTests" name="[34] /home/travis/build/icyphy/ptII/ptolemy/actor/lib/test/UnionDisassembler.tcl (RunTclFile)" time="0.04" />
  <testcase classname="ptolemy.util.test.junit.TclTests" name="[35] /home/travis/build/icyphy/ptII/ptolemy/actor/lib/test/VariableClock.tcl (RunTclFile)" time="0.016" />
  <testcase classname="ptolemy.util.test.junit.AutoKnownFailedTests" name="[0] /home/travis/build/icyphy/ptII/ptolemy/actor/lib/test/auto/knownFailedTests/PublisherPortToplevelSubscriber.xml (RunModel)" time="0.01" />
  <testcase classname="ptolemy.util.test.junit.AutoKnownFailedTests" name="[1] /home/travis/build/icyphy/ptII/ptolemy/actor/lib/test/auto/knownFailedTests/PublisherSubscriberPortToplevel.xml (RunModel)" time="0.012" />
  <testcase classname="ptolemy.util.test.junit.AutoKnownFailedTests" name="[2] /home/travis/build/icyphy/ptII/ptolemy/actor/lib/test/auto/knownFailedTests/PublisherSubscriptionAggregatorPort.xml (RunModel)" time="0.02" />
  <testcase classname="ptolemy.util.test.junit.AutoKnownFailedTests" name="[3] /home/travis/build/icyphy/ptII/ptolemy/actor/lib/test/auto/knownFailedTests/sizedarray3.xml (RunModel)" time="0.028" />
  <testcase classname="ptolemy.util.test.junit.AutoNameArchTests" name="[0] ThereAreNoAutoArchTests (RunModel)" time="0.005" />
  <testcase classname="ptolemy.util.test.junit.AutoTests" name="[0] /home/travis/build/icyphy/ptII/ptolemy/actor/lib/test/auto/AbsoluteValue.xml (RunModel)" time="0.098" />
  <testcase classname="ptolemy.util.test.junit.AutoTests" name="[1] /home/travis/build/icyphy/ptII/ptolemy/actor/lib/test/auto/AbsoluteValue2.xml (RunModel)" time="0.061" />
  <testcase classname="ptolemy.util.test.junit.AutoTests" name="[2] /home/travis/build/icyphy/ptII/ptolemy/actor/lib/test/auto/Accumulator.xml (RunModel)" time="0.104" />
  <testcase classname="ptolemy.util.test.junit.AutoTests" name="[3] /home/travis/build/icyphy/ptII/ptolemy/actor/lib/test/auto/Accumulator2.xml (RunModel)" time="0.05" />
  <testcase classname="ptolemy.util.test.junit.AutoTests" name="[4] /home/travis/build/icyphy/ptII/ptolemy/actor/lib/test/auto/Accumulator3.xml (RunModel)" time="0.049" />
  <testcase classname="ptolemy.util.test.junit.AutoTests" name="[5] /home/travis/build/icyphy/ptII/ptolemy/actor/lib/test/auto/ArrayAppend.xml (RunModel)" time="0.045" />
  <testcase classname="ptolemy.util.test.junit.AutoTests" name="[6] /home/travis/build/icyphy/ptII/ptolemy/actor/lib/test/auto/ArrayAppend2.xml (RunModel)" time="0.415" />
  <testcase classname="ptolemy.util.test.junit.AutoTests" name="[7] /home/travis/build/icyphy/ptII/ptolemy/actor/lib/test/auto/ArrayAppend3.xml (RunModel)" time="0.039" />
  <testcase classname="ptolemy.util.test.junit.AutoTests" name="[8] /home/travis/build/icyphy/ptII/ptolemy/actor/lib/test/auto/ArrayAppend4.xml (RunModel)" time="0.022" />
  <testcase classname="ptolemy.util.test.junit.AutoTests" name="[9] /home/travis/build/icyphy/ptII/ptolemy/actor/lib/test/auto/ArrayAppend5.xml (RunModel)" time="0.033" />
  <testcase classname="ptolemy.util.test.junit.AutoTests" name="[10] /home/travis/build/icyphy/ptII/ptolemy/actor/lib/test/auto/ArrayAppend6.xml (RunModel)" time="0.027" />
  <testcase classname="ptolemy.util.test.junit.AutoTests" name="[11] /home/travis/build/icyphy/ptII/ptolemy/actor/lib/test/auto/ArrayAppendPerformanceTest.xml (RunModel)" time="0.052" />
  <testcase classname="ptolemy.util.test.junit.AutoTests" name="[12] /home/travis/build/icyphy/ptII/ptolemy/actor/lib/test/auto/ArrayAppendWithEmptyInput.xml (RunModel)" time="0.059" />
  <testcase classname="ptolemy.util.test.junit.AutoTests" name="[13] /home/travis/build/icyphy/ptII/ptolemy/actor/lib/test/auto/ArrayAverage.xml (RunModel)" time="0.055" />
  <testcase classname="ptolemy.util.test.junit.AutoTests" name="[14] /home/travis/build/icyphy/ptII/ptolemy/actor/lib/test/auto/ArrayContains.xml (RunModel)" time="0.041" />
  <testcase classname="ptolemy.util.test.junit.AutoTests" name="[15] /home/travis/build/icyphy/ptII/ptolemy/actor/lib/test/auto/ArrayElement.xml (RunModel)" time="0.041" />
  <testcase classname="ptolemy.util.test.junit.AutoTests" name="[16] /home/travis/build/icyphy/ptII/ptolemy/actor/lib/test/auto/ArrayElementAsMatrix.xml (RunModel)" time="0.063" />
  <testcase classname="ptolemy.util.test.junit.AutoTests" name="[17] /home/travis/build/icyphy/ptII/ptolemy/actor/lib/test/auto/ArrayElementI.xml (RunModel)" time="0.019" />
  <testcase classname="ptolemy.util.test.junit.AutoTests" name="[18] /home/travis/build/icyphy/ptII/ptolemy/actor/lib/test/auto/ArrayExtract.xml (RunModel)" time="0.057" />
  <testcase classname="ptolemy.util.test.junit.AutoTests" name="[19] /home/travis/build/icyphy/ptII/ptolemy/actor/lib/test/auto/ArrayExtract2.xml (RunModel)" time="0.025" />
  <testcase classname="ptolemy.util.test.junit.AutoTests" name="[20] /home/travis/build/icyphy/ptII/ptolemy/actor/lib/test/auto/ArrayLength.xml (RunModel)" time="0.022" />
  <testcase classname="ptolemy.util.test.junit.AutoTests" name="[21] /home/travis/build/icyphy/ptII/ptolemy/actor/lib/test/auto/ArrayLevelCrossing.xml (RunModel)" time="0.03" />
  <testcase classname="ptolemy.util.test.junit.AutoTests" name="[22] /home/travis/build/icyphy/ptII/ptolemy/actor/lib/test/auto/ArrayLevelCrossing2.xml (RunModel)" time="0.03" />
  <testcase classname="ptolemy.util.test.junit.AutoTests" name="[23] /home/travis/build/icyphy/ptII/ptolemy/actor/lib/test/auto/ArrayPeakSearch.xml (RunModel)" time="0.045" />
  <testcase classname="ptolemy.util.test.junit.AutoTests" name="[24] /home/travis/build/icyphy/ptII/ptolemy/actor/lib/test/auto/ArrayPeakSearch2.xml (RunModel)" time="0.039" />
  <testcase classname="ptolemy.util.test.junit.AutoTests" name="[25] /home/travis/build/icyphy/ptII/ptolemy/actor/lib/test/auto/ArrayPeakSearch3.xml (RunModel)" time="0.031" />
  <testcase classname="ptolemy.util.test.junit.AutoTests" name="[26] /home/travis/build/icyphy/ptII/ptolemy/actor/lib/test/auto/ArrayRemoveElement.xml (RunModel)" time="0.031" />
  <testcase classname="ptolemy.util.test.junit.AutoTests" name="[27] /home/travis/build/icyphy/ptII/ptolemy/actor/lib/test/auto/ArraySort.xml (RunModel)" time="0.034" />
  <testcase classname="ptolemy.util.test.junit.AutoTests" name="[28] /home/travis/build/icyphy/ptII/ptolemy/actor/lib/test/auto/ArraySum.xml (RunModel)" time="0.02" />
  <testcase classname="ptolemy.util.test.junit.AutoTests" name="[29] /home/travis/build/icyphy/ptII/ptolemy/actor/lib/test/auto/ArrayToElements.xml (RunModel)" time="0.028" />
  <testcase classname="ptolemy.util.test.junit.AutoTests" name="[30] /home/travis/build/icyphy/ptII/ptolemy/actor/lib/test/auto/ArrayToMatrix.xml (RunModel)" time="0.1" />
  <testcase classname="ptolemy.util.test.junit.AutoTests" name="[31] /home/travis/build/icyphy/ptII/ptolemy/actor/lib/test/auto/ArrayUpdate1.xml (RunModel)" time="0.016" />
  <testcase classname="ptolemy.util.test.junit.AutoTests" name="[32] /home/travis/build/icyphy/ptII/ptolemy/actor/lib/test/auto/ArrayUpdate2.xml (RunModel)" time="0.021" />
  <testcase classname="ptolemy.util.test.junit.AutoTests" name="[33] /home/travis/build/icyphy/ptII/ptolemy/actor/lib/test/auto/ArrayUpdate3.xml (RunModel)" time="0.018" />
  <testcase classname="ptolemy.util.test.junit.AutoTests" name="[34] /home/travis/build/icyphy/ptII/ptolemy/actor/lib/test/auto/Assert1.xml (RunModel)" time="0.02" />
  <testcase classname="ptolemy.util.test.junit.AutoTests" name="[35] /home/travis/build/icyphy/ptII/ptolemy/actor/lib/test/auto/Assert2.xml (RunModel)" time="0.016" />
  <testcase classname="ptolemy.util.test.junit.AutoTests" name="[36] /home/travis/build/icyphy/ptII/ptolemy/actor/lib/test/auto/BooleanMultiplexor.xml (RunModel)" time="0.022" />
  <testcase classname="ptolemy.util.test.junit.AutoTests" name="[37] /home/travis/build/icyphy/ptII/ptolemy/actor/lib/test/auto/BooleanMultiplexor2.xml (RunModel)" time="0.017" />
  <testcase classname="ptolemy.util.test.junit.AutoTests" name="[38] /home/travis/build/icyphy/ptII/ptolemy/actor/lib/test/auto/BooleanMultiplexor3.xml (RunModel)" time="0.011" />
  <testcase classname="ptolemy.util.test.junit.AutoTests" name="[39] /home/travis/build/icyphy/ptII/ptolemy/actor/lib/test/auto/BooleanSelect.xml (RunModel)" time="0.016" />
  <testcase classname="ptolemy.util.test.junit.AutoTests" name="[40] /home/travis/build/icyphy/ptII/ptolemy/actor/lib/test/auto/BooleanSelect2.xml (RunModel)" time="0.015" />
  <testcase classname="ptolemy.util.test.junit.AutoTests" name="[41] /home/travis/build/icyphy/ptII/ptolemy/actor/lib/test/auto/BooleanSwitch.xml (RunModel)" time="0.017" />
  <testcase classname="ptolemy.util.test.junit.AutoTests" name="[42] /home/travis/build/icyphy/ptII/ptolemy/actor/lib/test/auto/BooleanSwitch2.xml (RunModel)" time="0.012" />
  <testcase classname="ptolemy.util.test.junit.AutoTests" name="[43] /home/travis/build/icyphy/ptII/ptolemy/actor/lib/test/auto/BooleanSwitchCloningBugWithClassRelationGroup.xml (RunModel)" time="0.022" />
  <testcase classname="ptolemy.util.test.junit.AutoTests" name="[44] /home/travis/build/icyphy/ptII/ptolemy/actor/lib/test/auto/BusActors.xml (RunModel)" time="0.028" />
  <testcase classname="ptolemy.util.test.junit.AutoTests" name="[45] /home/travis/build/icyphy/ptII/ptolemy/actor/lib/test/auto/ClassWrapper.xml (RunModel)" time="0.014" />
  <testcase classname="ptolemy.util.test.junit.AutoTests" name="[46] /home/travis/build/icyphy/ptII/ptolemy/actor/lib/test/auto/Clock.xml (RunModel)" time="0.008" />
  <testcase classname="ptolemy.util.test.junit.AutoTests" name="[47] /home/travis/build/icyphy/ptII/ptolemy/actor/lib/test/auto/Clock10.xml (RunModel)" time="0.014" />
  <testcase classname="ptolemy.util.test.junit.AutoTests" name="[48] /home/travis/build/icyphy/ptII/ptolemy/actor/lib/test/auto/Clock11.xml (RunModel)" time="0.013" />
  <testcase classname="ptolemy.util.test.junit.AutoTests" name="[49] /home/travis/build/icyphy/ptII/ptolemy/actor/lib/test/auto/Clock12.xml (RunModel)" time="0.026" />
  <testcase classname="ptolemy.util.test.junit.AutoTests" name="[50] /home/travis/build/icyphy/ptII/ptolemy/actor/lib/test/auto/Clock13.xml (RunModel)" time="0.014" />
  <testcase classname="ptolemy.util.test.junit.AutoTests" name="[51] /home/travis/build/icyphy/ptII/ptolemy/actor/lib/test/auto/Clock14.xml (RunModel)" time="0.015" />
  <testcase classname="ptolemy.util.test.junit.AutoTests" name="[52] /home/travis/build/icyphy/ptII/ptolemy/actor/lib/test/auto/Clock15.xml (RunModel)" time="0.016" />
  <testcase classname="ptolemy.util.test.junit.AutoTests" name="[53] /home/travis/build/icyphy/ptII/ptolemy/actor/lib/test/auto/Clock16.xml (RunModel)" time="0.077" />
  <testcase classname="ptolemy.util.test.junit.AutoTests" name="[54] /home/travis/build/icyphy/ptII/ptolemy/actor/lib/test/auto/Clock17.xml (RunModel)" time="0.042" />
  <testcase classname="ptolemy.util.test.junit.AutoTests" name="[55] /home/travis/build/icyphy/ptII/ptolemy/actor/lib/test/auto/Clock18.xml (RunModel)" time="0.04" />
  <testcase classname="ptolemy.util.test.junit.AutoTests" name="[56] /home/travis/build/icyphy/ptII/ptolemy/actor/lib/test/auto/Clock19.xml (RunModel)" time="0.037" />
  <testcase classname="ptolemy.util.test.junit.AutoTests" name="[57] /home/travis/build/icyphy/ptII/ptolemy/actor/lib/test/auto/Clock2.xml (RunModel)" time="0.017" />
  <testcase classname="ptolemy.util.test.junit.AutoTests" name="[58] /home/travis/build/icyphy/ptII/ptolemy/actor/lib/test/auto/Clock20.xml (RunModel)" time="0.019" />
  <testcase classname="ptolemy.util.test.junit.AutoTests" name="[59] /home/travis/build/icyphy/ptII/ptolemy/actor/lib/test/auto/Clock21.xml (RunModel)" time="0.019" />
  <testcase classname="ptolemy.util.test.junit.AutoTests" name="[60] /home/travis/build/icyphy/ptII/ptolemy/actor/lib/test/auto/Clock22.xml (RunModel)" time="0.016" />
  <testcase classname="ptolemy.util.test.junit.AutoTests" name="[61] /home/travis/build/icyphy/ptII/ptolemy/actor/lib/test/auto/Clock23.xml (RunModel)" time="0.017" />
  <testcase classname="ptolemy.util.test.junit.AutoTests" name="[62] /home/travis/build/icyphy/ptII/ptolemy/actor/lib/test/auto/Clock24.xml (RunModel)" time="0.016" />
  <testcase classname="ptolemy.util.test.junit.AutoTests" name="[63] /home/travis/build/icyphy/ptII/ptolemy/actor/lib/test/auto/Clock4.xml (RunModel)" time="0.016" />
  <testcase classname="ptolemy.util.test.junit.AutoTests" name="[64] /home/travis/build/icyphy/ptII/ptolemy/actor/lib/test/auto/Clock5.xml (RunModel)" time="0.012" />
  <testcase classname="ptolemy.util.test.junit.AutoTests" name="[65] /home/travis/build/icyphy/ptII/ptolemy/actor/lib/test/auto/Clock6.xml (RunModel)" time="0.017" />
  <testcase classname="ptolemy.util.test.junit.AutoTests" name="[66] /home/travis/build/icyphy/ptII/ptolemy/actor/lib/test/auto/Clock7.xml (RunModel)" time="0.011" />
  <testcase classname="ptolemy.util.test.junit.AutoTests" name="[67] /home/travis/build/icyphy/ptII/ptolemy/actor/lib/test/auto/Clock8.xml (RunModel)" time="0.019" />
  <testcase classname="ptolemy.util.test.junit.AutoTests" name="[68] /home/travis/build/icyphy/ptII/ptolemy/actor/lib/test/auto/Clock9.xml (RunModel)" time="0.016" />
  <testcase classname="ptolemy.util.test.junit.AutoTests" name="[69] /home/travis/build/icyphy/ptII/ptolemy/actor/lib/test/auto/CommDistDiscard.xml (RunModel)" time="0.022" />
  <testcase classname="ptolemy.util.test.junit.AutoTests" name="[70] /home/travis/build/icyphy/ptII/ptolemy/actor/lib/test/auto/Commutator.xml (RunModel)" time="0.018" />
  <testcase classname="ptolemy.util.test.junit.AutoTests" name="[71] /home/travis/build/icyphy/ptII/ptolemy/actor/lib/test/auto/Commutator2.xml (RunModel)" time="0.012" />
  <testcase classname="ptolemy.util.test.junit.AutoTests" name="[72] /home/travis/build/icyphy/ptII/ptolemy/actor/lib/test/auto/Commutator3.xml (RunModel)" time="0.013" />
  <testcase classname="ptolemy.util.test.junit.AutoTests" name="[73] /home/travis/build/icyphy/ptII/ptolemy/actor/lib/test/auto/Compare.xml (RunModel)" time="0.022" />
  <testcase classname="ptolemy.util.test.junit.AutoTests" name="[74] /home/travis/build/icyphy/ptII/ptolemy/actor/lib/test/auto/CompareDE.xml (RunModel)" time="0.02" />
  <testcase classname="ptolemy.util.test.junit.AutoTests" name="[75] /home/travis/build/icyphy/ptII/ptolemy/actor/lib/test/auto/ComplexDivide.xml (RunModel)" time="0.01" />
  <testcase classname="ptolemy.util.test.junit.AutoTests" name="[76] /home/travis/build/icyphy/ptII/ptolemy/actor/lib/test/auto/ComputeHistogram.xml (RunModel)" time="0.077" />
  <testcase classname="ptolemy.util.test.junit.AutoTests" name="[77] /home/travis/build/icyphy/ptII/ptolemy/actor/lib/test/auto/ConfigurationSelect.xml (RunModel)" time="0.023" />
  <testcase classname="ptolemy.util.test.junit.AutoTests" name="[78] /home/travis/build/icyphy/ptII/ptolemy/actor/lib/test/auto/ConfigurationSelect2.xml (RunModel)" time="0.015" />
  <testcase classname="ptolemy.util.test.junit.AutoTests" name="[79] /home/travis/build/icyphy/ptII/ptolemy/actor/lib/test/auto/ConfigurationSwitch.xml (RunModel)" time="0.022" />
  <testcase classname="ptolemy.util.test.junit.AutoTests" name="[80] /home/travis/build/icyphy/ptII/ptolemy/actor/lib/test/auto/ConfigurationSwitch2.xml (RunModel)" time="0.023" />
  <testcase classname="ptolemy.util.test.junit.AutoTests" name="[81] /home/travis/build/icyphy/ptII/ptolemy/actor/lib/test/auto/ConfigurationSwitchCloningBugWithClassRelationGroup.xml (RunModel)" time="0.025" />
  <testcase classname="ptolemy.util.test.junit.AutoTests" name="[82] /home/travis/build/icyphy/ptII/ptolemy/actor/lib/test/auto/ConfigurationSwitchSelectSDF.xml (RunModel)" time="0.016" />
  <testcase classname="ptolemy.util.test.junit.AutoTests" name="[83] /home/travis/build/icyphy/ptII/ptolemy/actor/lib/test/auto/ConfigurationSwitchSelectSDF2.xml (RunModel)" time="0.013" />
  <testcase classname="ptolemy.util.test.junit.AutoTests" name="[84] /home/travis/build/icyphy/ptII/ptolemy/actor/lib/test/auto/Const.xml (RunModel)" time="0.013" />
  <testcase classname="ptolemy.util.test.junit.AutoTests" name="[85] /home/travis/build/icyphy/ptII/ptolemy/actor/lib/test/auto/Const2.xml (RunModel)" time="0.011" />
  <testcase classname="ptolemy.util.test.junit.AutoTests" name="[86] /home/travis/build/icyphy/ptII/ptolemy/actor/lib/test/auto/Const3.xml (RunModel)" time="0.005" />
  <testcase classname="ptolemy.util.test.junit.AutoTests" name="[87] /home/travis/build/icyphy/ptII/ptolemy/actor/lib/test/auto/ConstantPublisherPort1.xml (RunModel)" time="0.023" />
  <testcase classname="ptolemy.util.test.junit.AutoTests" name="[88] /home/travis/build/icyphy/ptII/ptolemy/actor/lib/test/auto/ConstantPublisherPort2.xml (RunModel)" time="0.025" />
  <testcase classname="ptolemy.util.test.junit.AutoTests" name="[89] /home/travis/build/icyphy/ptII/ptolemy/actor/lib/test/auto/ConstantPublisherPort3.xml (RunModel)" time="0.028" />
  <testcase classname="ptolemy.util.test.junit.AutoTests" name="[90] /home/travis/build/icyphy/ptII/ptolemy/actor/lib/test/auto/ConstantPublisherPort4.xml (RunModel)" time="0.017" />
  <testcase classname="ptolemy.util.test.junit.AutoTests" name="[91] /home/travis/build/icyphy/ptII/ptolemy/actor/lib/test/auto/ConstantPublisherPort5.xml (RunModel)" time="0.026" />
  <testcase classname="ptolemy.util.test.junit.AutoTests" name="[92] /home/travis/build/icyphy/ptII/ptolemy/actor/lib/test/auto/ConstantPublisherPort6.xml (RunModel)" time="0.03" />
  <testcase classname="ptolemy.util.test.junit.AutoTests" name="[93] /home/travis/build/icyphy/ptII/ptolemy/actor/lib/test/auto/ConstantPublisherPort7.xml (RunModel)" time="0.029" />
  <testcase classname="ptolemy.util.test.junit.AutoTests" name="[94] /home/travis/build/icyphy/ptII/ptolemy/actor/lib/test/auto/ConstraintMonitor1.xml (RunModel)" time="0.035" />
  <testcase classname="ptolemy.util.test.junit.AutoTests" name="[95] /home/travis/build/icyphy/ptII/ptolemy/actor/lib/test/auto/ConstraintMonitor2.xml (RunModel)" time="0.01" />
  <testcase classname="ptolemy.util.test.junit.AutoTests" name="[96] /home/travis/build/icyphy/ptII/ptolemy/actor/lib/test/auto/ConstraintMonitor3.xml (RunModel)" time="0.018" />
  <testcase classname="ptolemy.util.test.junit.AutoTests" name="[97] /home/travis/build/icyphy/ptII/ptolemy/actor/lib/test/auto/ConstraintMonitor4.xml (RunModel)" time="0.01" />
  <testcase classname="ptolemy.util.test.junit.AutoTests" name="[98] /home/travis/build/icyphy/ptII/ptolemy/actor/lib/test/auto/ConstraintMonitor5.xml (RunModel)" time="0.015" />
  <testcase classname="ptolemy.util.test.junit.AutoTests" name="[99] /home/travis/build/icyphy/ptII/ptolemy/actor/lib/test/auto/ConstraintMonitor6.xml (RunModel)" time="0.016" />
  <testcase classname="ptolemy.util.test.junit.AutoTests" name="[100] /home/travis/build/icyphy/ptII/ptolemy/actor/lib/test/auto/ConstraintMonitor7.xml (RunModel)" time="0.022" />
  <testcase classname="ptolemy.util.test.junit.AutoTests" name="[101] /home/travis/build/icyphy/ptII/ptolemy/actor/lib/test/auto/ConstraintMonitor8.xml (RunModel)" time="0.019" />
  <testcase classname="ptolemy.util.test.junit.AutoTests" name="[102] /home/travis/build/icyphy/ptII/ptolemy/actor/lib/test/auto/Counter.xml (RunModel)" time="0.011" />
  <testcase classname="ptolemy.util.test.junit.AutoTests" name="[103] /home/travis/build/icyphy/ptII/ptolemy/actor/lib/test/auto/CurrentTimeSDF.xml (RunModel)" time="0.008" />
  <testcase classname="ptolemy.util.test.junit.AutoTests" name="[104] /home/travis/build/icyphy/ptII/ptolemy/actor/lib/test/auto/DB.xml (RunModel)" time="0.013" />
  <testcase classname="ptolemy.util.test.junit.AutoTests" name="[105] /home/travis/build/icyphy/ptII/ptolemy/actor/lib/test/auto/DBDE.xml (RunModel)" time="0.014" />
  <testcase classname="ptolemy.util.test.junit.AutoTests" name="[106] /home/travis/build/icyphy/ptII/ptolemy/actor/lib/test/auto/DateConstructor.xml (RunModel)" time="0.056" />
  <testcase classname="ptolemy.util.test.junit.AutoTests" name="[107] /home/travis/build/icyphy/ptII/ptolemy/actor/lib/test/auto/DelayTime.xml (RunModel)" time="0.019" />
  <testcase classname="ptolemy.util.test.junit.AutoTests" name="[108] /home/travis/build/icyphy/ptII/ptolemy/actor/lib/test/auto/Dictionary1.xml (RunModel)" time="0.018" />
  <testcase classname="ptolemy.util.test.junit.AutoTests" name="[109] /home/travis/build/icyphy/ptII/ptolemy/actor/lib/test/auto/Dictionary2.xml (RunModel)" time="0.022" />
  <testcase classname="ptolemy.util.test.junit.AutoTests" name="[110] /home/travis/build/icyphy/ptII/ptolemy/actor/lib/test/auto/Dictionary3.xml (RunModel)" time="0.013" />
  <testcase classname="ptolemy.util.test.junit.AutoTests" name="[111] /home/travis/build/icyphy/ptII/ptolemy/actor/lib/test/auto/Dictionary4.xml (RunModel)" time="0.021" />
  <testcase classname="ptolemy.util.test.junit.AutoTests" name="[112] /home/travis/build/icyphy/ptII/ptolemy/actor/lib/test/auto/Differential.xml (RunModel)" time="0.013" />
  <testcase classname="ptolemy.util.test.junit.AutoTests" name="[113] /home/travis/build/icyphy/ptII/ptolemy/actor/lib/test/auto/Director.xml (RunModel)" time="0.01" />
  <testcase classname="ptolemy.util.test.junit.AutoTests" name="[114] /home/travis/build/icyphy/ptII/ptolemy/actor/lib/test/auto/DiscreteClock.xml (RunModel)" time="0.009" />
  <testcase classname="ptolemy.util.test.junit.AutoTests" name="[115] /home/travis/build/icyphy/ptII/ptolemy/actor/lib/test/auto/DiscreteClock10.xml (RunModel)" time="0.012" />
  <testcase classname="ptolemy.util.test.junit.AutoTests" name="[116] /home/travis/build/icyphy/ptII/ptolemy/actor/lib/test/auto/DiscreteClock11.xml (RunModel)" time="0.013" />
  <testcase classname="ptolemy.util.test.junit.AutoTests" name="[117] /home/travis/build/icyphy/ptII/ptolemy/actor/lib/test/auto/DiscreteClock12.xml (RunModel)" time="0.013" />
  <testcase classname="ptolemy.util.test.junit.AutoTests" name="[118] /home/travis/build/icyphy/ptII/ptolemy/actor/lib/test/auto/DiscreteClock13.xml (RunModel)" time="0.013" />
  <testcase classname="ptolemy.util.test.junit.AutoTests" name="[119] /home/travis/build/icyphy/ptII/ptolemy/actor/lib/test/auto/DiscreteClock14.xml (RunModel)" time="0.013" />
  <testcase classname="ptolemy.util.test.junit.AutoTests" name="[120] /home/travis/build/icyphy/ptII/ptolemy/actor/lib/test/auto/DiscreteClock15.xml (RunModel)" time="0.014" />
  <testcase classname="ptolemy.util.test.junit.AutoTests" name="[121] /home/travis/build/icyphy/ptII/ptolemy/actor/lib/test/auto/DiscreteClock16.xml (RunModel)" time="0.046" />
  <testcase classname="ptolemy.util.test.junit.AutoTests" name="[122] /home/travis/build/icyphy/ptII/ptolemy/actor/lib/test/auto/DiscreteClock17.xml (RunModel)" time="0.039" />
  <testcase classname="ptolemy.util.test.junit.AutoTests" name="[123] /home/travis/build/icyphy/ptII/ptolemy/actor/lib/test/auto/DiscreteClock18.xml (RunModel)" time="0.576" />
  <testcase classname="ptolemy.util.test.junit.AutoTests" name="[124] /home/travis/build/icyphy/ptII/ptolemy/actor/lib/test/auto/DiscreteClock19.xml (RunModel)" time="0.05" />
  <testcase classname="ptolemy.util.test.junit.AutoTests" name="[125] /home/travis/build/icyphy/ptII/ptolemy/actor/lib/test/auto/DiscreteClock2.xml (RunModel)" time="0.009" />
  <testcase classname="ptolemy.util.test.junit.AutoTests" name="[126] /home/travis/build/icyphy/ptII/ptolemy/actor/lib/test/auto/DiscreteClock20.xml (RunModel)" time="0.019" />
  <testcase classname="ptolemy.util.test.junit.AutoTests" name="[127] /home/travis/build/icyphy/ptII/ptolemy/actor/lib/test/auto/DiscreteClock21.xml (RunModel)" time="0.022" />
  <testcase classname="ptolemy.util.test.junit.AutoTests" name="[128] /home/travis/build/icyphy/ptII/ptolemy/actor/lib/test/auto/DiscreteClock22.xml (RunModel)" time="0.015" />
  <testcase classname="ptolemy.util.test.junit.AutoTests" name="[129] /home/travis/build/icyphy/ptII/ptolemy/actor/lib/test/auto/DiscreteClock23.xml (RunModel)" time="0.018" />
  <testcase classname="ptolemy.util.test.junit.AutoTests" name="[130] /home/travis/build/icyphy/ptII/ptolemy/actor/lib/test/auto/DiscreteClock24.xml (RunModel)" time="0.015" />
  <testcase classname="ptolemy.util.test.junit.AutoTests" name="[131] /home/travis/build/icyphy/ptII/ptolemy/actor/lib/test/auto/DiscreteClock4.xml (RunModel)" time="0.015" />
  <testcase classname="ptolemy.util.test.junit.AutoTests" name="[132] /home/travis/build/icyphy/ptII/ptolemy/actor/lib/test/auto/DiscreteClock5.xml (RunModel)" time="0.011" />
  <testcase classname="ptolemy.util.test.junit.AutoTests" name="[133] /home/travis/build/icyphy/ptII/ptolemy/actor/lib/test/auto/DiscreteClock6.xml (RunModel)" time="0.01" />
  <testcase classname="ptolemy.util.test.junit.AutoTests" name="[134] /home/travis/build/icyphy/ptII/ptolemy/actor/lib/test/auto/DiscreteClock7.xml (RunModel)" time="0.012" />
  <testcase classname="ptolemy.util.test.junit.AutoTests" name="[135] /home/travis/build/icyphy/ptII/ptolemy/actor/lib/test/auto/DiscreteClock8.xml (RunModel)" time="0.011" />
  <testcase classname="ptolemy.util.test.junit.AutoTests" name="[136] /home/travis/build/icyphy/ptII/ptolemy/actor/lib/test/auto/DiscreteClock9.xml (RunModel)" time="0.011" />
  <testcase classname="ptolemy.util.test.junit.AutoTests" name="[137] /home/travis/build/icyphy/ptII/ptolemy/actor/lib/test/auto/DisplayArray.xml (RunModel)" time="0.011" />
  <testcase classname="ptolemy.util.test.junit.AutoTests" name="[138] /home/travis/build/icyphy/ptII/ptolemy/actor/lib/test/auto/Distributor.xml (RunModel)" time="0.01" />
  <testcase classname="ptolemy.util.test.junit.AutoTests" name="[139] /home/travis/build/icyphy/ptII/ptolemy/actor/lib/test/auto/Distributor2.xml (RunModel)" time="0.01" />
  <testcase classname="ptolemy.util.test.junit.AutoTests" name="[140] /home/travis/build/icyphy/ptII/ptolemy/actor/lib/test/auto/DownSample.xml (RunModel)" time="0.01" />
  <testcase classname="ptolemy.util.test.junit.AutoTests" name="[141] /home/travis/build/icyphy/ptII/ptolemy/actor/lib/test/auto/ElectronicUnitBase1.xml (RunModel)" time="0.061" />
  <testcase classname="ptolemy.util.test.junit.AutoTests" name="[142] /home/travis/build/icyphy/ptII/ptolemy/actor/lib/test/auto/ElementsToArray.xml (RunModel)" time="0.01" />
  <testcase classname="ptolemy.util.test.junit.AutoTests" name="[143] /home/travis/build/icyphy/ptII/ptolemy/actor/lib/test/auto/Equals.xml (RunModel)" time="0.011" />
  <testcase classname="ptolemy.util.test.junit.AutoTests" name="[144] /home/travis/build/icyphy/ptII/ptolemy/actor/lib/test/auto/Exec.xml (RunModel)" time="0.021" />
  <testcase classname="ptolemy.util.test.junit.AutoTests" name="[145] /home/travis/build/icyphy/ptII/ptolemy/actor/lib/test/auto/ExecEnvironment.xml (RunModel)" time="0.035" />
  <testcase classname="ptolemy.util.test.junit.AutoTests" name="[146] /home/travis/build/icyphy/ptII/ptolemy/actor/lib/test/auto/ExecNonZeroReturnOutput.xml (RunModel)" time="0.148" />
  <testcase classname="ptolemy.util.test.junit.AutoTests" name="[147] /home/travis/build/icyphy/ptII/ptolemy/actor/lib/test/auto/ExecRunDemos.xml (RunModel)" time="9.603" />
  <testcase classname="ptolemy.util.test.junit.AutoTests" name="[148] /home/travis/build/icyphy/ptII/ptolemy/actor/lib/test/auto/ExecStop.xml (RunModel)" time="5.026" />
  <testcase classname="ptolemy.util.test.junit.AutoTests" name="[149] /home/travis/build/icyphy/ptII/ptolemy/actor/lib/test/auto/ExecutionTimePN.xml (RunModel)" time="2.038" />
  <testcase classname="ptolemy.util.test.junit.AutoTests" name="[150] /home/travis/build/icyphy/ptII/ptolemy/actor/lib/test/auto/ExecutionTimeSDF.xml (RunModel)" time="6.037" />
  <testcase classname="ptolemy.util.test.junit.AutoTests" name="[151] /home/travis/build/icyphy/ptII/ptolemy/actor/lib/test/auto/Expression1.xml (RunModel)" time="0.01" />
  <testcase classname="ptolemy.util.test.junit.AutoTests" name="[152] /home/travis/build/icyphy/ptII/ptolemy/actor/lib/test/auto/Expression10.xml (RunModel)" time="0.015" />
  <testcase classname="ptolemy.util.test.junit.AutoTests" name="[153] /home/travis/build/icyphy/ptII/ptolemy/actor/lib/test/auto/Expression11.xml (RunModel)" time="0.011" />
  <testcase classname="ptolemy.util.test.junit.AutoTests" name="[154] /home/travis/build/icyphy/ptII/ptolemy/actor/lib/test/auto/Expression12.xml (RunModel)" time="0.013" />
  <testcase classname="ptolemy.util.test.junit.AutoTests" name="[155] /home/travis/build/icyphy/ptII/ptolemy/actor/lib/test/auto/Expression13.xml (RunModel)" time="0.015" />
  <testcase classname="ptolemy.util.test.junit.AutoTests" name="[156] /home/travis/build/icyphy/ptII/ptolemy/actor/lib/test/auto/Expression14.xml (RunModel)" time="0.017" />
  <testcase classname="ptolemy.util.test.junit.AutoTests" name="[157] /home/travis/build/icyphy/ptII/ptolemy/actor/lib/test/auto/Expression15.xml (RunModel)" time="0.01" />
  <testcase classname="ptolemy.util.test.junit.AutoTests" name="[158] /home/travis/build/icyphy/ptII/ptolemy/actor/lib/test/auto/Expression16.xml (RunModel)" time="0.012" />
  <testcase classname="ptolemy.util.test.junit.AutoTests" name="[159] /home/travis/build/icyphy/ptII/ptolemy/actor/lib/test/auto/Expression17.xml (RunModel)" time="0.016" />
  <testcase classname="ptolemy.util.test.junit.AutoTests" name="[160] /home/travis/build/icyphy/ptII/ptolemy/actor/lib/test/auto/Expression18.xml (RunModel)" time="0.015" />
  <testcase classname="ptolemy.util.test.junit.AutoTests" name="[161] /home/travis/build/icyphy/ptII/ptolemy/actor/lib/test/auto/Expression2.xml (RunModel)" time="0.016" />
  <testcase classname="ptolemy.util.test.junit.AutoTests" name="[162] /home/travis/build/icyphy/ptII/ptolemy/actor/lib/test/auto/Expression3.xml (RunModel)" time="0.016" />
  <testcase classname="ptolemy.util.test.junit.AutoTests" name="[163] /home/travis/build/icyphy/ptII/ptolemy/actor/lib/test/auto/Expression4.xml (RunModel)" time="0.022" />
  <testcase classname="ptolemy.util.test.junit.AutoTests" name="[164] /home/travis/build/icyphy/ptII/ptolemy/actor/lib/test/auto/Expression5.xml (RunModel)" time="0.017" />
  <testcase classname="ptolemy.util.test.junit.AutoTests" name="[165] /home/travis/build/icyphy/ptII/ptolemy/actor/lib/test/auto/Expression6.xml (RunModel)" time="0.012" />
  <testcase classname="ptolemy.util.test.junit.AutoTests" name="[166] /home/travis/build/icyphy/ptII/ptolemy/actor/lib/test/auto/Expression7.xml (RunModel)" time="0.012" />
  <testcase classname="ptolemy.util.test.junit.AutoTests" name="[167] /home/travis/build/icyphy/ptII/ptolemy/actor/lib/test/auto/Expression8.xml (RunModel)" time="0.019" />
  <testcase classname="ptolemy.util.test.junit.AutoTests" name="[168] /home/travis/build/icyphy/ptII/ptolemy/actor/lib/test/auto/Expression9.xml (RunModel)" time="0.011" />
  <testcase classname="ptolemy.util.test.junit.AutoTests" name="[169] /home/travis/build/icyphy/ptII/ptolemy/actor/lib/test/auto/ExpressionConcatenateArrayType.xml (RunModel)" time="0.028" />
  <testcase classname="ptolemy.util.test.junit.AutoTests" name="[170] /home/travis/build/icyphy/ptII/ptolemy/actor/lib/test/auto/ExpressionConcatenateArrayType2.xml (RunModel)" time="0.027" />
  <testcase classname="ptolemy.util.test.junit.AutoTests" name="[171] /home/travis/build/icyphy/ptII/ptolemy/actor/lib/test/auto/ExpressionFix.xml (RunModel)" time="0.038" />
  <testcase classname="ptolemy.util.test.junit.AutoTests" name="[172] /home/travis/build/icyphy/ptII/ptolemy/actor/lib/test/auto/ExpressionFix2.xml (RunModel)" time="0.026" />
  <testcase classname="ptolemy.util.test.junit.AutoTests" name="[173] /home/travis/build/icyphy/ptII/ptolemy/actor/lib/test/auto/ExpressionFix3.xml (RunModel)" time="0.009" />
  <testcase classname="ptolemy.util.test.junit.AutoTests" name="[174] /home/travis/build/icyphy/ptII/ptolemy/actor/lib/test/auto/FileWriter1.xml (RunModel)" time="0.008" />
  <testcase classname="ptolemy.util.test.junit.AutoTests" name="[175] /home/travis/build/icyphy/ptII/ptolemy/actor/lib/test/auto/FileWriter2.xml (RunModel)" time="0.009" />
  <testcase classname="ptolemy.util.test.junit.AutoTests" name="[176] /home/travis/build/icyphy/ptII/ptolemy/actor/lib/test/auto/FileWriter3.xml (RunModel)" time="0.014" />
  <testcase classname="ptolemy.util.test.junit.AutoTests" name="[177] /home/travis/build/icyphy/ptII/ptolemy/actor/lib/test/auto/Gaussian.xml (RunModel)" time="0.008" />
  <testcase classname="ptolemy.util.test.junit.AutoTests" name="[178] /home/travis/build/icyphy/ptII/ptolemy/actor/lib/test/auto/Gaussian1.xml (RunModel)" time="0.019" />
  <testcase classname="ptolemy.util.test.junit.AutoTests" name="[179] /home/travis/build/icyphy/ptII/ptolemy/actor/lib/test/auto/Gaussian2.xml (RunModel)" time="0.021" />
  <testcase classname="ptolemy.util.test.junit.AutoTests" name="[180] /home/travis/build/icyphy/ptII/ptolemy/actor/lib/test/auto/GradientAdaptiveLattice.xml (RunModel)" time="0.015" />
  <testcase classname="ptolemy.util.test.junit.AutoTests" name="[181] /home/travis/build/icyphy/ptII/ptolemy/actor/lib/test/auto/IIR.xml (RunModel)" time="0.01" />
  <testcase classname="ptolemy.util.test.junit.AutoTests" name="[182] /home/travis/build/icyphy/ptII/ptolemy/actor/lib/test/auto/InputOutputTransparentPorts.xml (RunModel)" time="0.021" />
  <testcase classname="ptolemy.util.test.junit.AutoTests" name="[183] /home/travis/build/icyphy/ptII/ptolemy/actor/lib/test/auto/Interpolator.xml (RunModel)" time="0.012" />
  <testcase classname="ptolemy.util.test.junit.AutoTests" name="[184] /home/travis/build/icyphy/ptII/ptolemy/actor/lib/test/auto/InterpolatorFiringLimitDE.xml (RunModel)" time="0.014" />
  <testcase classname="ptolemy.util.test.junit.AutoTests" name="[185] /home/travis/build/icyphy/ptII/ptolemy/actor/lib/test/auto/Lattice.xml (RunModel)" time="0.008" />
  <testcase classname="ptolemy.util.test.junit.AutoTests" name="[186] /home/travis/build/icyphy/ptII/ptolemy/actor/lib/test/auto/LazyAOCTestLazy.xml (RunModel)" time="0.028" />
  <testcase classname="ptolemy.util.test.junit.AutoTests" name="[187] /home/travis/build/icyphy/ptII/ptolemy/actor/lib/test/auto/LazyAOCTestNonLazy.xml (RunModel)" time="0.047" />
  <testcase classname="ptolemy.util.test.junit.AutoTests" name="[188] /home/travis/build/icyphy/ptII/ptolemy/actor/lib/test/auto/LazyInnerClass.xml (RunModel)" time="0.057" />
  <testcase classname="ptolemy.util.test.junit.AutoTests" name="[189] /home/travis/build/icyphy/ptII/ptolemy/actor/lib/test/auto/LazyPubSub.xml (RunModel)" time="0.062" />
  <testcase classname="ptolemy.util.test.junit.AutoTests" name="[190] /home/travis/build/icyphy/ptII/ptolemy/actor/lib/test/auto/LazyPubSub2.xml (RunModel)" time="0.045" />
  <testcase classname="ptolemy.util.test.junit.AutoTests" name="[191] /home/travis/build/icyphy/ptII/ptolemy/actor/lib/test/auto/LazyPubSub3.xml (RunModel)" time="0.021" />
  <testcase classname="ptolemy.util.test.junit.AutoTests" name="[192] /home/travis/build/icyphy/ptII/ptolemy/actor/lib/test/auto/LazySubClassModel.xml (RunModel)" time="0.019" />
  <testcase classname="ptolemy.util.test.junit.AutoTests" name="[193] /home/travis/build/icyphy/ptII/ptolemy/actor/lib/test/auto/LevelCrossTest1.xml (RunModel)" time="0.009" />
  <testcase classname="ptolemy.util.test.junit.AutoTests" name="[194] /home/travis/build/icyphy/ptII/ptolemy/actor/lib/test/auto/LevelCrossTest10.xml (RunModel)" time="0.02" />
  <testcase classname="ptolemy.util.test.junit.AutoTests" name="[195] /home/travis/build/icyphy/ptII/ptolemy/actor/lib/test/auto/LevelCrossTest11.xml (RunModel)" time="0.012" />
  <testcase classname="ptolemy.util.test.junit.AutoTests" name="[196] /home/travis/build/icyphy/ptII/ptolemy/actor/lib/test/auto/LevelCrossTest12.xml (RunModel)" time="0.013" />
  <testcase classname="ptolemy.util.test.junit.AutoTests" name="[197] /home/travis/build/icyphy/ptII/ptolemy/actor/lib/test/auto/LevelCrossTest13.xml (RunModel)" time="0.014" />
  <testcase classname="ptolemy.util.test.junit.AutoTests" name="[198] /home/travis/build/icyphy/ptII/ptolemy/actor/lib/test/auto/LevelCrossTest2.xml (RunModel)" time="0.011" />
  <testcase classname="ptolemy.util.test.junit.AutoTests" name="[199] /home/travis/build/icyphy/ptII/ptolemy/actor/lib/test/auto/LevelCrossTest3.xml (RunModel)" time="0.012" />
  <testcase classname="ptolemy.util.test.junit.AutoTests" name="[200] /home/travis/build/icyphy/ptII/ptolemy/actor/lib/test/auto/LevelCrossTest4.xml (RunModel)" time="0.01" />
  <testcase classname="ptolemy.util.test.junit.AutoTests" name="[201] /home/travis/build/icyphy/ptII/ptolemy/actor/lib/test/auto/LevelCrossTest5.xml (RunModel)" time="0.011" />
  <testcase classname="ptolemy.util.test.junit.AutoTests" name="[202] /home/travis/build/icyphy/ptII/ptolemy/actor/lib/test/auto/LevelCrossTest6.xml (RunModel)" time="0.013" />
  <testcase classname="ptolemy.util.test.junit.AutoTests" name="[203] /home/travis/build/icyphy/ptII/ptolemy/actor/lib/test/auto/LevelCrossTest7.xml (RunModel)" time="0.013" />
  <testcase classname="ptolemy.util.test.junit.AutoTests" name="[204] /home/travis/build/icyphy/ptII/ptolemy/actor/lib/test/auto/LevelCrossTest8.xml (RunModel)" time="0.014" />
  <testcase classname="ptolemy.util.test.junit.AutoTests" name="[205] /home/travis/build/icyphy/ptII/ptolemy/actor/lib/test/auto/LevelCrossTest9.xml (RunModel)" time="0.013" />
  <testcase classname="ptolemy.util.test.junit.AutoTests" name="[206] /home/travis/build/icyphy/ptII/ptolemy/actor/lib/test/auto/LevinsonDurbin.xml (RunModel)" time="0.012" />
  <testcase classname="ptolemy.util.test.junit.AutoTests" name="[207] /home/travis/build/icyphy/ptII/ptolemy/actor/lib/test/auto/LevinsonDurbin2.xml (RunModel)" time="0.01" />
  <testcase classname="ptolemy.util.test.junit.AutoTests" name="[208] /home/travis/build/icyphy/ptII/ptolemy/actor/lib/test/auto/LevinsonDurbin3.xml (RunModel)" time="0.008" />
  <testcase classname="ptolemy.util.test.junit.AutoTests" name="[209] /home/travis/build/icyphy/ptII/ptolemy/actor/lib/test/auto/Limiter.xml (RunModel)" time="0.033" />
  <testcase classname="ptolemy.util.test.junit.AutoTests" name="[210] /home/travis/build/icyphy/ptII/ptolemy/actor/lib/test/auto/LinearDifferenceEquationSystem.xml (RunModel)" time="0.02" />
  <testcase classname="ptolemy.util.test.junit.AutoTests" name="[211] /home/travis/build/icyphy/ptII/ptolemy/actor/lib/test/auto/LookupTable.xml (RunModel)" time="0.011" />
  <testcase classname="ptolemy.util.test.junit.AutoTests" name="[212] /home/travis/build/icyphy/ptII/ptolemy/actor/lib/test/auto/MathFunction.xml (RunModel)" time="0.028" />
  <testcase classname="ptolemy.util.test.junit.AutoTests" name="[213] /home/travis/build/icyphy/ptII/ptolemy/actor/lib/test/auto/MathFunction2.xml (RunModel)" time="0.017" />
  <testcase classname="ptolemy.util.test.junit.AutoTests" name="[214] /home/travis/build/icyphy/ptII/ptolemy/actor/lib/test/auto/MathFunction3.xml (RunModel)" time="0.017" />
  <testcase classname="ptolemy.util.test.junit.AutoTests" name="[215] /home/travis/build/icyphy/ptII/ptolemy/actor/lib/test/auto/MatrixCropBoolean.xml (RunModel)" time="0.01" />
  <testcase classname="ptolemy.util.test.junit.AutoTests" name="[216] /home/travis/build/icyphy/ptII/ptolemy/actor/lib/test/auto/MatrixCropComplex.xml (RunModel)" time="0.009" />
  <testcase classname="ptolemy.util.test.junit.AutoTests" name="[217] /home/travis/build/icyphy/ptII/ptolemy/actor/lib/test/auto/MatrixCropDouble.xml (RunModel)" time="0.008" />
  <testcase classname="ptolemy.util.test.junit.AutoTests" name="[218] /home/travis/build/icyphy/ptII/ptolemy/actor/lib/test/auto/MatrixCropFix.xml (RunModel)" time="0.009" />
  <testcase classname="ptolemy.util.test.junit.AutoTests" name="[219] /home/travis/build/icyphy/ptII/ptolemy/actor/lib/test/auto/MatrixCropInt.xml (RunModel)" time="0.009" />
  <testcase classname="ptolemy.util.test.junit.AutoTests" name="[220] /home/travis/build/icyphy/ptII/ptolemy/actor/lib/test/auto/MatrixCropLong.xml (RunModel)" time="0.009" />
  <testcase classname="ptolemy.util.test.junit.AutoTests" name="[221] /home/travis/build/icyphy/ptII/ptolemy/actor/lib/test/auto/MatrixToArray.xml (RunModel)" time="0.045" />
  <testcase classname="ptolemy.util.test.junit.AutoTests" name="[222] /home/travis/build/icyphy/ptII/ptolemy/actor/lib/test/auto/MaxIndex.xml (RunModel)" time="0.011" />
  <testcase classname="ptolemy.util.test.junit.AutoTests" name="[223] /home/travis/build/icyphy/ptII/ptolemy/actor/lib/test/auto/Maximum.xml (RunModel)" time="0.013" />
  <testcase classname="ptolemy.util.test.junit.AutoTests" name="[224] /home/travis/build/icyphy/ptII/ptolemy/actor/lib/test/auto/MaximumComplex.xml (RunModel)" time="0.013" />
  <testcase classname="ptolemy.util.test.junit.AutoTests" name="[225] /home/travis/build/icyphy/ptII/ptolemy/actor/lib/test/auto/MethodCallTest.xml (RunModel)" time="0.019" />
  <testcase classname="ptolemy.util.test.junit.AutoTests" name="[226] /home/travis/build/icyphy/ptII/ptolemy/actor/lib/test/auto/Minimum.xml (RunModel)" time="0.012" />
  <testcase classname="ptolemy.util.test.junit.AutoTests" name="[227] /home/travis/build/icyphy/ptII/ptolemy/actor/lib/test/auto/MinimumComplex.xml (RunModel)" time="0.012" />
  <testcase classname="ptolemy.util.test.junit.AutoTests" name="[228] /home/travis/build/icyphy/ptII/ptolemy/actor/lib/test/auto/MinimumMultiports.xml (RunModel)" time="0.021" />
  <testcase classname="ptolemy.util.test.junit.AutoTests" name="[229] /home/travis/build/icyphy/ptII/ptolemy/actor/lib/test/auto/ModifyDate.xml (RunModel)" time="0.037" />
  <testcase classname="ptolemy.util.test.junit.AutoTests" name="[230] /home/travis/build/icyphy/ptII/ptolemy/actor/lib/test/auto/ModifyDate2.xml (RunModel)" time="0.029" />
  <testcase classname="ptolemy.util.test.junit.AutoTests" name="[231] /home/travis/build/icyphy/ptII/ptolemy/actor/lib/test/auto/MovingAverage.xml (RunModel)" time="0.012" />
  <testcase classname="ptolemy.util.test.junit.AutoTests" name="[232] /home/travis/build/icyphy/ptII/ptolemy/actor/lib/test/auto/MovingMaximum.xml (RunModel)" time="0.014" />
  <testcase classname="ptolemy.util.test.junit.AutoTests" name="[233] /home/travis/build/icyphy/ptII/ptolemy/actor/lib/test/auto/MultipleLinksToSameRelation.xml (RunModel)" time="0.008" />
  <testcase classname="ptolemy.util.test.junit.AutoTests" name="[234] /home/travis/build/icyphy/ptII/ptolemy/actor/lib/test/auto/MultipleLinksToSameRelationDE.xml (RunModel)" time="0.012" />
  <testcase classname="ptolemy.util.test.junit.AutoTests" name="[235] /home/travis/build/icyphy/ptII/ptolemy/actor/lib/test/auto/Multiplexor.xml (RunModel)" time="0.012" />
  <testcase classname="ptolemy.util.test.junit.AutoTests" name="[236] /home/travis/build/icyphy/ptII/ptolemy/actor/lib/test/auto/Multiplexor1.xml (RunModel)" time="0.013" />
  <testcase classname="ptolemy.util.test.junit.AutoTests" name="[237] /home/travis/build/icyphy/ptII/ptolemy/actor/lib/test/auto/Multiplexor2.xml (RunModel)" time="0.013" />
  <testcase classname="ptolemy.util.test.junit.AutoTests" name="[238] /home/travis/build/icyphy/ptII/ptolemy/actor/lib/test/auto/Multiplexor3.xml (RunModel)" time="0.009" />
  <testcase classname="ptolemy.util.test.junit.AutoTests" name="[239] /home/travis/build/icyphy/ptII/ptolemy/actor/lib/test/auto/MultiplexorDE.xml (RunModel)" time="0.016" />
  <testcase classname="ptolemy.util.test.junit.AutoTests" name="[240] /home/travis/build/icyphy/ptII/ptolemy/actor/lib/test/auto/MultiportBroadcastTest.xml (RunModel)" time="0.101" />
  <testcase classname="ptolemy.util.test.junit.AutoTests" name="[241] /home/travis/build/icyphy/ptII/ptolemy/actor/lib/test/auto/MultiportOutHangDuringGetWidth.xml (RunModel)" time="0.03" />
  <testcase classname="ptolemy.util.test.junit.AutoTests" name="[242] /home/travis/build/icyphy/ptII/ptolemy/actor/lib/test/auto/NilToken.xml (RunModel)" time="0.008" />
  <testcase classname="ptolemy.util.test.junit.AutoTests" name="[243] /home/travis/build/icyphy/ptII/ptolemy/actor/lib/test/auto/NilTokenNonStrictTest.xml (RunModel)" time="0.017" />
  <testcase classname="ptolemy.util.test.junit.AutoTests" name="[244] /home/travis/build/icyphy/ptII/ptolemy/actor/lib/test/auto/NilTokenRecord.xml (RunModel)" time="0.018" />
  <testcase classname="ptolemy.util.test.junit.AutoTests" name="[245] /home/travis/build/icyphy/ptII/ptolemy/actor/lib/test/auto/NilTokenTypeTest.xml (RunModel)" time="0.03" />
  <testcase classname="ptolemy.util.test.junit.AutoTests" name="[246] /home/travis/build/icyphy/ptII/ptolemy/actor/lib/test/auto/ObjectToken1.xml (RunModel)" time="0.007" />
  <testcase classname="ptolemy.util.test.junit.AutoTests" name="[247] /home/travis/build/icyphy/ptII/ptolemy/actor/lib/test/auto/OrderedMerge.xml (RunModel)" time="0.011" />
  <testcase classname="ptolemy.util.test.junit.AutoTests" name="[248] /home/travis/build/icyphy/ptII/ptolemy/actor/lib/test/auto/OrderedRecordDisassembler.xml (RunModel)" time="0.015" />
  <testcase classname="ptolemy.util.test.junit.AutoTests" name="[249] /home/travis/build/icyphy/ptII/ptolemy/actor/lib/test/auto/OrderedRecordDisassembler2.xml (RunModel)" time="0.022" />
  <testcase classname="ptolemy.util.test.junit.AutoTests" name="[250] /home/travis/build/icyphy/ptII/ptolemy/actor/lib/test/auto/OrderedRecordUpdater.xml (RunModel)" time="0.009" />
  <testcase classname="ptolemy.util.test.junit.AutoTests" name="[251] /home/travis/build/icyphy/ptII/ptolemy/actor/lib/test/auto/OrderedRecordUpdater2.xml (RunModel)" time="0.009" />
  <testcase classname="ptolemy.util.test.junit.AutoTests" name="[252] /home/travis/build/icyphy/ptII/ptolemy/actor/lib/test/auto/PhaseUnwrap.xml (RunModel)" time="0.011" />
  <testcase classname="ptolemy.util.test.junit.AutoTests" name="[253] /home/travis/build/icyphy/ptII/ptolemy/actor/lib/test/auto/PoissonClock.xml (RunModel)" time="0.008" />
  <testcase classname="ptolemy.util.test.junit.AutoTests" name="[254] /home/travis/build/icyphy/ptII/ptolemy/actor/lib/test/auto/PoissonClock2.xml (RunModel)" time="0.008" />
  <testcase classname="ptolemy.util.test.junit.AutoTests" name="[255] /home/travis/build/icyphy/ptII/ptolemy/actor/lib/test/auto/PoissonClock3.xml (RunModel)" time="0.009" />
  <testcase classname="ptolemy.util.test.junit.AutoTests" name="[256] /home/travis/build/icyphy/ptII/ptolemy/actor/lib/test/auto/PubSubWithInitialTokens.xml (RunModel)" time="0.01" />
  <testcase classname="ptolemy.util.test.junit.AutoTests" name="[257] /home/travis/build/icyphy/ptII/ptolemy/actor/lib/test/auto/PubSubWithInitialTokens2.xml (RunModel)" time="0.011" />
  <testcase classname="ptolemy.util.test.junit.AutoTests" name="[258] /home/travis/build/icyphy/ptII/ptolemy/actor/lib/test/auto/PublisherClassNoParameter.xml (RunModel)" time="0.019" />
  <testcase classname="ptolemy.util.test.junit.AutoTests" name="[259] /home/travis/build/icyphy/ptII/ptolemy/actor/lib/test/auto/PublisherClassParameter.xml (RunModel)" time="0.02" />
  <testcase classname="ptolemy.util.test.junit.AutoTests" name="[260] /home/travis/build/icyphy/ptII/ptolemy/actor/lib/test/auto/PublisherNonStrictTest.xml (RunModel)" time="0.014" />
  <testcase classname="ptolemy.util.test.junit.AutoTests" name="[261] /home/travis/build/icyphy/ptII/ptolemy/actor/lib/test/auto/PublisherPort1.xml (RunModel)" time="0.011" />
  <testcase classname="ptolemy.util.test.junit.AutoTests" name="[262] /home/travis/build/icyphy/ptII/ptolemy/actor/lib/test/auto/PublisherPort2.xml (RunModel)" time="0.01" />
  <testcase classname="ptolemy.util.test.junit.AutoTests" name="[263] /home/travis/build/icyphy/ptII/ptolemy/actor/lib/test/auto/PublisherPort3.xml (RunModel)" time="0.014" />
  <testcase classname="ptolemy.util.test.junit.AutoTests" name="[264] /home/travis/build/icyphy/ptII/ptolemy/actor/lib/test/auto/PublisherPort4.xml (RunModel)" time="0.011" />
  <testcase classname="ptolemy.util.test.junit.AutoTests" name="[265] /home/travis/build/icyphy/ptII/ptolemy/actor/lib/test/auto/PublisherPort5.xml (RunModel)" time="0.015" />
  <testcase classname="ptolemy.util.test.junit.AutoTests" name="[266] /home/travis/build/icyphy/ptII/ptolemy/actor/lib/test/auto/PublisherPort5LookAlike.xml (RunModel)" time="0.016" />
  <testcase classname="ptolemy.util.test.junit.AutoTests" name="[267] /home/travis/build/icyphy/ptII/ptolemy/actor/lib/test/auto/PublisherPort6.xml (RunModel)" time="0.012" />
  <testcase classname="ptolemy.util.test.junit.AutoTests" name="[268] /home/travis/build/icyphy/ptII/ptolemy/actor/lib/test/auto/PublisherPort7.xml (RunModel)" time="0.014" />
  <testcase classname="ptolemy.util.test.junit.AutoTests" name="[269] /home/travis/build/icyphy/ptII/ptolemy/actor/lib/test/auto/PublisherPort8.xml (RunModel)" time="0.017" />
  <testcase classname="ptolemy.util.test.junit.AutoTests" name="[270] /home/travis/build/icyphy/ptII/ptolemy/actor/lib/test/auto/PublisherPortSubscriberChannelVariablesAOC2.xml (RunModel)" time="0.031" />
  <testcase classname="ptolemy.util.test.junit.AutoTests" name="[271] /home/travis/build/icyphy/ptII/ptolemy/actor/lib/test/auto/PublisherPortSubscriberOpaqueWidthInference.xml (RunModel)" time="0.016" />
  <testcase classname="ptolemy.util.test.junit.AutoTests" name="[272] /home/travis/build/icyphy/ptII/ptolemy/actor/lib/test/auto/PublisherPortSubscriberPortAdjacent.xml (RunModel)" time="0.019" />
  <testcase classname="ptolemy.util.test.junit.AutoTests" name="[273] /home/travis/build/icyphy/ptII/ptolemy/actor/lib/test/auto/PublisherPortSubscriberPortExpression.xml (RunModel)" time="0.018" />
  <testcase classname="ptolemy.util.test.junit.AutoTests" name="[274] /home/travis/build/icyphy/ptII/ptolemy/actor/lib/test/auto/PublisherPortSubscriberPortOpaqueD3Reverse.xml (RunModel)" time="0.022" />
  <testcase classname="ptolemy.util.test.junit.AutoTests" name="[275] /home/travis/build/icyphy/ptII/ptolemy/actor/lib/test/auto/PublisherPortSubscriberPortOpaqueWidthInference.xml (RunModel)" time="0.034" />
  <testcase classname="ptolemy.util.test.junit.AutoTests" name="[276] /home/travis/build/icyphy/ptII/ptolemy/actor/lib/test/auto/PublisherPortToplevelSubscriberPortAOC.xml (RunModel)" time="0.01" />
  <testcase classname="ptolemy.util.test.junit.AutoTests" name="[277] /home/travis/build/icyphy/ptII/ptolemy/actor/lib/test/auto/PublisherSubscriber.xml (RunModel)" time="0.014" />
  <testcase classname="ptolemy.util.test.junit.AutoTests" name="[278] /home/travis/build/icyphy/ptII/ptolemy/actor/lib/test/auto/PublisherSubscriber10.xml (RunModel)" time="0.024" />
  <testcase classname="ptolemy.util.test.junit.AutoTests" name="[279] /home/travis/build/icyphy/ptII/ptolemy/actor/lib/test/auto/PublisherSubscriber10InitialOutputs.xml (RunModel)" time="0.034" />
  <testcase classname="ptolemy.util.test.junit.AutoTests" name="[280] /home/travis/build/icyphy/ptII/ptolemy/actor/lib/test/auto/PublisherSubscriber11.xml (RunModel)" time="0.015" />
  <testcase classname="ptolemy.util.test.junit.AutoTests" name="[281] /home/travis/build/icyphy/ptII/ptolemy/actor/lib/test/auto/PublisherSubscriber12.xml (RunModel)" time="0.018" />
  <testcase classname="ptolemy.util.test.junit.AutoTests" name="[282] /home/travis/build/icyphy/ptII/ptolemy/actor/lib/test/auto/PublisherSubscriber13.xml (RunModel)" time="0.01" />
  <testcase classname="ptolemy.util.test.junit.AutoTests" name="[283] /home/travis/build/icyphy/ptII/ptolemy/actor/lib/test/auto/PublisherSubscriber14.xml (RunModel)" time="0.018" />
  <testcase classname="ptolemy.util.test.junit.AutoTests" name="[284] /home/travis/build/icyphy/ptII/ptolemy/actor/lib/test/auto/PublisherSubscriber2.xml (RunModel)" time="0.01" />
  <testcase classname="ptolemy.util.test.junit.AutoTests" name="[285] /home/travis/build/icyphy/ptII/ptolemy/actor/lib/test/auto/PublisherSubscriber3.xml (RunModel)" time="0.009" />
  <testcase classname="ptolemy.util.test.junit.AutoTests" name="[286] /home/travis/build/icyphy/ptII/ptolemy/actor/lib/test/auto/PublisherSubscriber4.xml (RunModel)" time="0.01" />
  <testcase classname="ptolemy.util.test.junit.AutoTests" name="[287] /home/travis/build/icyphy/ptII/ptolemy/actor/lib/test/auto/PublisherSubscriber5.xml (RunModel)" time="0.013" />
  <testcase classname="ptolemy.util.test.junit.AutoTests" name="[288] /home/travis/build/icyphy/ptII/ptolemy/actor/lib/test/auto/PublisherSubscriber6.xml (RunModel)" time="0.014" />
  <testcase classname="ptolemy.util.test.junit.AutoTests" name="[289] /home/travis/build/icyphy/ptII/ptolemy/actor/lib/test/auto/PublisherSubscriber7.xml (RunModel)" time="0.014" />
  <testcase classname="ptolemy.util.test.junit.AutoTests" name="[290] /home/travis/build/icyphy/ptII/ptolemy/actor/lib/test/auto/PublisherSubscriber8.xml (RunModel)" time="0.023" />
  <testcase classname="ptolemy.util.test.junit.AutoTests" name="[291] /home/travis/build/icyphy/ptII/ptolemy/actor/lib/test/auto/PublisherSubscriber9.xml (RunModel)" time="0.026" />
  <testcase classname="ptolemy.util.test.junit.AutoTests" name="[292] /home/travis/build/icyphy/ptII/ptolemy/actor/lib/test/auto/PublisherSubscriberAdjacent.xml (RunModel)" time="0.018" />
  <testcase classname="ptolemy.util.test.junit.AutoTests" name="[293] /home/travis/build/icyphy/ptII/ptolemy/actor/lib/test/auto/PublisherSubscriberChannelVariablesAOC2.xml (RunModel)" time="0.032" />
  <testcase classname="ptolemy.util.test.junit.AutoTests" name="[294] /home/travis/build/icyphy/ptII/ptolemy/actor/lib/test/auto/PublisherSubscriberD3.xml (RunModel)" time="0.014" />
  <testcase classname="ptolemy.util.test.junit.AutoTests" name="[295] /home/travis/build/icyphy/ptII/ptolemy/actor/lib/test/auto/PublisherSubscriberD3Reverse.xml (RunModel)" time="0.012" />
  <testcase classname="ptolemy.util.test.junit.AutoTests" name="[296] /home/travis/build/icyphy/ptII/ptolemy/actor/lib/test/auto/PublisherSubscriberExpression.xml (RunModel)" time="0.017" />
  <testcase classname="ptolemy.util.test.junit.AutoTests" name="[297] /home/travis/build/icyphy/ptII/ptolemy/actor/lib/test/auto/PublisherSubscriberOpaque.xml (RunModel)" time="0.017" />
  <testcase classname="ptolemy.util.test.junit.AutoTests" name="[298] /home/travis/build/icyphy/ptII/ptolemy/actor/lib/test/auto/PublisherSubscriberOpaqueD3.xml (RunModel)" time="0.024" />
  <testcase classname="ptolemy.util.test.junit.AutoTests" name="[299] /home/travis/build/icyphy/ptII/ptolemy/actor/lib/test/auto/PublisherSubscriberOpaqueD3Reverse.xml (RunModel)" time="0.024" />
  <testcase classname="ptolemy.util.test.junit.AutoTests" name="[300] /home/travis/build/icyphy/ptII/ptolemy/actor/lib/test/auto/PublisherSubscriberOpaqueWidthInference.xml (RunModel)" time="0.018" />
  <testcase classname="ptolemy.util.test.junit.AutoTests" name="[301] /home/travis/build/icyphy/ptII/ptolemy/actor/lib/test/auto/PublisherTestSubscriber.xml (RunModel)" time="0.021" />
  <testcase classname="ptolemy.util.test.junit.AutoTests" name="[302] /home/travis/build/icyphy/ptII/ptolemy/actor/lib/test/auto/PublisherToplevelSubscriberPortAOC.xml (RunModel)" time="0.012" />
  <testcase classname="ptolemy.util.test.junit.AutoTests" name="[303] /home/travis/build/icyphy/ptII/ptolemy/actor/lib/test/auto/PulseFiringLimitDE.xml (RunModel)" time="0.016" />
  <testcase classname="ptolemy.util.test.junit.AutoTests" name="[304] /home/travis/build/icyphy/ptII/ptolemy/actor/lib/test/auto/Ramp1.xml (RunModel)" time="0.009" />
  <testcase classname="ptolemy.util.test.junit.AutoTests" name="[305] /home/travis/build/icyphy/ptII/ptolemy/actor/lib/test/auto/RampFiringLimitDE.xml (RunModel)" time="0.013" />
  <testcase classname="ptolemy.util.test.junit.AutoTests" name="[306] /home/travis/build/icyphy/ptII/ptolemy/actor/lib/test/auto/RampFiringLimitSDF.xml (RunModel)" time="0.012" />
  <testcase classname="ptolemy.util.test.junit.AutoTests" name="[307] /home/travis/build/icyphy/ptII/ptolemy/actor/lib/test/auto/RandomInteger.xml (RunModel)" time="0.009" />
  <testcase classname="ptolemy.util.test.junit.AutoTests" name="[308] /home/travis/build/icyphy/ptII/ptolemy/actor/lib/test/auto/ReadFile1.xml (RunModel)" time="0.009" />
  <testcase classname="ptolemy.util.test.junit.AutoTests" name="[309] /home/travis/build/icyphy/ptII/ptolemy/actor/lib/test/auto/ReadFile2.xml (RunModel)" time="0.009" />
  <testcase classname="ptolemy.util.test.junit.AutoTests" name="[310] /home/travis/build/icyphy/ptII/ptolemy/actor/lib/test/auto/Reader.xml (RunModel)" time="0.024" />
  <testcase classname="ptolemy.util.test.junit.AutoTests" name="[311] /home/travis/build/icyphy/ptII/ptolemy/actor/lib/test/auto/RecordAssemblerDisplayNameTest.xml (RunModel)" time="3.455" />
  <testcase classname="ptolemy.util.test.junit.AutoTests" name="[312] /home/travis/build/icyphy/ptII/ptolemy/actor/lib/test/auto/RecordAssemblerTypeError.xml (RunModel)" time="0.041" />
  <testcase classname="ptolemy.util.test.junit.AutoTests" name="[313] /home/travis/build/icyphy/ptII/ptolemy/actor/lib/test/auto/RecordDisassember.xml (RunModel)" time="0.01" />
  <testcase classname="ptolemy.util.test.junit.AutoTests" name="[314] /home/travis/build/icyphy/ptII/ptolemy/actor/lib/test/auto/RecordDisassemberDisplayNameTest.xml (RunModel)" time="0.019" />
  <testcase classname="ptolemy.util.test.junit.AutoTests" name="[315] /home/travis/build/icyphy/ptII/ptolemy/actor/lib/test/auto/RecordDisassembler.xml (RunModel)" time="0.01" />
  <testcase classname="ptolemy.util.test.junit.AutoTests" name="[316] /home/travis/build/icyphy/ptII/ptolemy/actor/lib/test/auto/RecordDisassembler2.xml (RunModel)" time="0.011" />
  <testcase classname="ptolemy.util.test.junit.AutoTests" name="[317] /home/travis/build/icyphy/ptII/ptolemy/actor/lib/test/auto/RecordUpdater.xml (RunModel)" time="0.009" />
  <testcase classname="ptolemy.util.test.junit.AutoTests" name="[318] /home/travis/build/icyphy/ptII/ptolemy/actor/lib/test/auto/RecordUpdater2.xml (RunModel)" time="0.009" />
  <testcase classname="ptolemy.util.test.junit.AutoTests" name="[319] /home/travis/build/icyphy/ptII/ptolemy/actor/lib/test/auto/RecursiveLattice.xml (RunModel)" time="0.008" />
  <testcase classname="ptolemy.util.test.junit.AutoTests" name="[320] /home/travis/build/icyphy/ptII/ptolemy/actor/lib/test/auto/Router.xml (RunModel)" time="3.024" />
  <testcase classname="ptolemy.util.test.junit.AutoTests" name="[321] /home/travis/build/icyphy/ptII/ptolemy/actor/lib/test/auto/Router2.xml (RunModel)" time="3.02" />
  <testcase classname="ptolemy.util.test.junit.AutoTests" name="[322] /home/travis/build/icyphy/ptII/ptolemy/actor/lib/test/auto/RunningMaximum.xml (RunModel)" time="0.019" />
  <testcase classname="ptolemy.util.test.junit.AutoTests" name="[323] /home/travis/build/icyphy/ptII/ptolemy/actor/lib/test/auto/RunningMinimum.xml (RunModel)" time="0.024" />
  <testcase classname="ptolemy.util.test.junit.AutoTests" name="[324] /home/travis/build/icyphy/ptII/ptolemy/actor/lib/test/auto/Scale.xml (RunModel)" time="0.007" />
  <testcase classname="ptolemy.util.test.junit.AutoTests" name="[325] /home/travis/build/icyphy/ptII/ptolemy/actor/lib/test/auto/Scale2.xml (RunModel)" time="0.009" />
  <testcase classname="ptolemy.util.test.junit.AutoTests" name="[326] /home/travis/build/icyphy/ptII/ptolemy/actor/lib/test/auto/Scale3.xml (RunModel)" time="0.013" />
  <testcase classname="ptolemy.util.test.junit.AutoTests" name="[327] /home/travis/build/icyphy/ptII/ptolemy/actor/lib/test/auto/ScaleArray.xml (RunModel)" time="0.007" />
  <testcase classname="ptolemy.util.test.junit.AutoTests" name="[328] /home/travis/build/icyphy/ptII/ptolemy/actor/lib/test/auto/ScaleArray2.xml (RunModel)" time="0.008" />
  <testcase classname="ptolemy.util.test.junit.AutoTests" name="[329] /home/travis/build/icyphy/ptII/ptolemy/actor/lib/test/auto/ScaleMatrix.xml (RunModel)" time="0.134" />
  <testcase classname="ptolemy.util.test.junit.AutoTests" name="[330] /home/travis/build/icyphy/ptII/ptolemy/actor/lib/test/auto/Select.xml (RunModel)" time="0.019" />
  <testcase classname="ptolemy.util.test.junit.AutoTests" name="[331] /home/travis/build/icyphy/ptII/ptolemy/actor/lib/test/auto/Select2.xml (RunModel)" time="0.009" />
  <testcase classname="ptolemy.util.test.junit.AutoTests" name="[332] /home/travis/build/icyphy/ptII/ptolemy/actor/lib/test/auto/SequenceToArray2.xml (RunModel)" time="0.105" />
  <testcase classname="ptolemy.util.test.junit.AutoTests" name="[333] /home/travis/build/icyphy/ptII/ptolemy/actor/lib/test/auto/SequentialClock.xml (RunModel)" time="0.008" />
  <testcase classname="ptolemy.util.test.junit.AutoTests" name="[334] /home/travis/build/icyphy/ptII/ptolemy/actor/lib/test/auto/SetVariable.xml (RunModel)" time="0.011" />
  <testcase classname="ptolemy.util.test.junit.AutoTests" name="[335] /home/travis/build/icyphy/ptII/ptolemy/actor/lib/test/auto/SetVariable2.xml (RunModel)" time="0.011" />
  <testcase classname="ptolemy.util.test.junit.AutoTests" name="[336] /home/travis/build/icyphy/ptII/ptolemy/actor/lib/test/auto/SetVariable3.xml (RunModel)" time="0.018" />
  <testcase classname="ptolemy.util.test.junit.AutoTests" name="[337] /home/travis/build/icyphy/ptII/ptolemy/actor/lib/test/auto/SetVariable4.xml (RunModel)" time="0.025" />
  <testcase classname="ptolemy.util.test.junit.AutoTests" name="[338] /home/travis/build/icyphy/ptII/ptolemy/actor/lib/test/auto/SetVariable5.xml (RunModel)" time="0.043" />
  <testcase classname="ptolemy.util.test.junit.AutoTests" name="[339] /home/travis/build/icyphy/ptII/ptolemy/actor/lib/test/auto/Sinewave.xml (RunModel)" time="0.032" />
  <testcase classname="ptolemy.util.test.junit.AutoTests" name="[340] /home/travis/build/icyphy/ptII/ptolemy/actor/lib/test/auto/Sinewave2.xml (RunModel)" time="0.024" />
  <testcase classname="ptolemy.util.test.junit.AutoTests" name="[341] /home/travis/build/icyphy/ptII/ptolemy/actor/lib/test/auto/Sinewave3.xml (RunModel)" time="0.025" />
  <testcase classname="ptolemy.util.test.junit.AutoTests" name="[342] /home/travis/build/icyphy/ptII/ptolemy/actor/lib/test/auto/SingleEvent.xml (RunModel)" time="0.011" />
  <testcase classname="ptolemy.util.test.junit.AutoTests" name="[343] /home/travis/build/icyphy/ptII/ptolemy/actor/lib/test/auto/Sleep.xml (RunModel)" time="6.012" />
  <testcase classname="ptolemy.util.test.junit.AutoTests" name="[344] /home/travis/build/icyphy/ptII/ptolemy/actor/lib/test/auto/SleepMultipleFire.xml (RunModel)" time="1.017" />
  <testcase classname="ptolemy.util.test.junit.AutoTests" name="[345] /home/travis/build/icyphy/ptII/ptolemy/actor/lib/test/auto/StopDE.xml (RunModel)" time="0.015" />
  <testcase classname="ptolemy.util.test.junit.AutoTests" name="[346] /home/travis/build/icyphy/ptII/ptolemy/actor/lib/test/auto/StopSDF.xml (RunModel)" time="0.012" />
  <testcase classname="ptolemy.util.test.junit.AutoTests" name="[347] /home/travis/build/icyphy/ptII/ptolemy/actor/lib/test/auto/StringConstant.xml (RunModel)" time="0.009" />
  <testcase classname="ptolemy.util.test.junit.AutoTests" name="[348] /home/travis/build/icyphy/ptII/ptolemy/actor/lib/test/auto/SubscriberPortInitialValues1.xml (RunModel)" time="0.018" />
  <testcase classname="ptolemy.util.test.junit.AutoTests" name="[349] /home/travis/build/icyphy/ptII/ptolemy/actor/lib/test/auto/SubscriberPortInitialValues13.xml (RunModel)" time="0.025" />
  <testcase classname="ptolemy.util.test.junit.AutoTests" name="[350] /home/travis/build/icyphy/ptII/ptolemy/actor/lib/test/auto/SubscriberPortInitialValues14.xml (RunModel)" time="0.015" />
  <testcase classname="ptolemy.util.test.junit.AutoTests" name="[351] /home/travis/build/icyphy/ptII/ptolemy/actor/lib/test/auto/SubscriberPortInitialValues2.xml (RunModel)" time="0.015" />
  <testcase classname="ptolemy.util.test.junit.AutoTests" name="[352] /home/travis/build/icyphy/ptII/ptolemy/actor/lib/test/auto/SubscriberPortInitialValues3.xml (RunModel)" time="0.019" />
  <testcase classname="ptolemy.util.test.junit.AutoTests" name="[353] /home/travis/build/icyphy/ptII/ptolemy/actor/lib/test/auto/SubscriptionAggregator.xml (RunModel)" time="0.011" />
  <testcase classname="ptolemy.util.test.junit.AutoTests" name="[354] /home/travis/build/icyphy/ptII/ptolemy/actor/lib/test/auto/SubscriptionAggregator2.xml (RunModel)" time="0.012" />
  <testcase classname="ptolemy.util.test.junit.AutoTests" name="[355] /home/travis/build/icyphy/ptII/ptolemy/actor/lib/test/auto/SubscriptionAggregator3.xml (RunModel)" time="0.017" />
  <testcase classname="ptolemy.util.test.junit.AutoTests" name="[356] /home/travis/build/icyphy/ptII/ptolemy/actor/lib/test/auto/SubscriptionAggregatorMultiply.xml (RunModel)" time="0.014" />
  <testcase classname="ptolemy.util.test.junit.AutoTests" name="[357] /home/travis/build/icyphy/ptII/ptolemy/actor/lib/test/auto/SubscriptionAggregatorPortMultiply1.xml (RunModel)" time="0.014" />
  <testcase classname="ptolemy.util.test.junit.AutoTests" name="[358] /home/travis/build/icyphy/ptII/ptolemy/actor/lib/test/auto/Switch.xml (RunModel)" time="0.017" />
  <testcase classname="ptolemy.util.test.junit.AutoTests" name="[359] /home/travis/build/icyphy/ptII/ptolemy/actor/lib/test/auto/Switch2.xml (RunModel)" time="0.021" />
  <testcase classname="ptolemy.util.test.junit.AutoTests" name="[360] /home/travis/build/icyphy/ptII/ptolemy/actor/lib/test/auto/SwitchDE.xml (RunModel)" time="0.013" />
  <testcase classname="ptolemy.util.test.junit.AutoTests" name="[361] /home/travis/build/icyphy/ptII/ptolemy/actor/lib/test/auto/SynchronizerDE.xml (RunModel)" time="0.02" />
  <testcase classname="ptolemy.util.test.junit.AutoTests" name="[362] /home/travis/build/icyphy/ptII/ptolemy/actor/lib/test/auto/Test.xml (RunModel)" time="0.009" />
  <testcase classname="ptolemy.util.test.junit.AutoTests" name="[363] /home/travis/build/icyphy/ptII/ptolemy/actor/lib/test/auto/TestExceptionAttribute1.xml (RunModel)" time="0.006" />
  <testcase classname="ptolemy.util.test.junit.AutoTests" name="[364] /home/travis/build/icyphy/ptII/ptolemy/actor/lib/test/auto/TestExceptionAttribute2.xml (RunModel)" time="0.006" />
  <testcase classname="ptolemy.util.test.junit.AutoTests" name="[365] /home/travis/build/icyphy/ptII/ptolemy/actor/lib/test/auto/TestExceptionAttribute3.xml (RunModel)" time="0.006" />
  <testcase classname="ptolemy.util.test.junit.AutoTests" name="[366] /home/travis/build/icyphy/ptII/ptolemy/actor/lib/test/auto/TestExceptionAttribute4.xml (RunModel)" time="0.008" />
  <testcase classname="ptolemy.util.test.junit.AutoTests" name="[367] /home/travis/build/icyphy/ptII/ptolemy/actor/lib/test/auto/TestExceptionHandler1.xml (RunModel)" time="0.007" />
  <testcase classname="ptolemy.util.test.junit.AutoTests" name="[368] /home/travis/build/icyphy/ptII/ptolemy/actor/lib/test/auto/TestExceptionHandler2.xml (RunModel)" time="0.006" />
  <testcase classname="ptolemy.util.test.junit.AutoTests" name="[369] /home/travis/build/icyphy/ptII/ptolemy/actor/lib/test/auto/TestExceptionHandler3.xml (RunModel)" time="0.005" />
  <testcase classname="ptolemy.util.test.junit.AutoTests" name="[370] /home/travis/build/icyphy/ptII/ptolemy/actor/lib/test/auto/TestExceptionHandler4.xml (RunModel)" time="0.005" />
  <testcase classname="ptolemy.util.test.junit.AutoTests" name="[371] /home/travis/build/icyphy/ptII/ptolemy/actor/lib/test/auto/TestRequireCorrectOrder.xml (RunModel)" time="0.009" />
  <testcase classname="ptolemy.util.test.junit.AutoTests" name="[372] /home/travis/build/icyphy/ptII/ptolemy/actor/lib/test/auto/TestSimple.xml (RunModel)" time="0.006" />
  <testcase classname="ptolemy.util.test.junit.AutoTests" name="[373] /home/travis/build/icyphy/ptII/ptolemy/actor/lib/test/auto/ThrowModelError.xml (RunModel)" time="0.014" />
  <testcase classname="ptolemy.util.test.junit.AutoTests" name="[374] /home/travis/build/icyphy/ptII/ptolemy/actor/lib/test/auto/TimeDelayMicrosteps.xml (RunModel)" time="0.013" />
  <testcase classname="ptolemy.util.test.junit.AutoTests" name="[375] /home/travis/build/icyphy/ptII/ptolemy/actor/lib/test/auto/TimeDelayMicrosteps2.xml (RunModel)" time="0.014" />
  <testcase classname="ptolemy.util.test.junit.AutoTests" name="[376] /home/travis/build/icyphy/ptII/ptolemy/actor/lib/test/auto/TimeDelayMicrosteps3.xml (RunModel)" time="0.011" />
  <testcase classname="ptolemy.util.test.junit.AutoTests" name="[377] /home/travis/build/icyphy/ptII/ptolemy/actor/lib/test/auto/TimeDelayVariableMicrosteps.xml (RunModel)" time="0.012" />
  <testcase classname="ptolemy.util.test.junit.AutoTests" name="[378] /home/travis/build/icyphy/ptII/ptolemy/actor/lib/test/auto/TimeGap.xml (RunModel)" time="0.012" />
  <testcase classname="ptolemy.util.test.junit.AutoTests" name="[379] /home/travis/build/icyphy/ptII/ptolemy/actor/lib/test/auto/TimeGap2.xml (RunModel)" time="0.01" />
  <testcase classname="ptolemy.util.test.junit.AutoTests" name="[380] /home/travis/build/icyphy/ptII/ptolemy/actor/lib/test/auto/TimedSinewave.xml (RunModel)" time="0.041" />
  <testcase classname="ptolemy.util.test.junit.AutoTests" name="[381] /home/travis/build/icyphy/ptII/ptolemy/actor/lib/test/auto/TimedSinewavePhase.xml (RunModel)" time="0.023" />
  <testcase classname="ptolemy.util.test.junit.AutoTests" name="[382] /home/travis/build/icyphy/ptII/ptolemy/actor/lib/test/auto/Timer.xml (RunModel)" time="0.02" />
  <testcase classname="ptolemy.util.test.junit.AutoTests" name="[383] /home/travis/build/icyphy/ptII/ptolemy/actor/lib/test/auto/TriangularDistTestModel.xml (RunModel)" time="0.017" />
  <testcase classname="ptolemy.util.test.junit.AutoTests" name="[384] /home/travis/build/icyphy/ptII/ptolemy/actor/lib/test/auto/TrigFunction.xml (RunModel)" time="0.008" />
  <testcase classname="ptolemy.util.test.junit.AutoTests" name="[385] /home/travis/build/icyphy/ptII/ptolemy/actor/lib/test/auto/TrigFunctionDE.xml (RunModel)" time="0.013" />
  <testcase classname="ptolemy.util.test.junit.AutoTests" name="[386] /home/travis/build/icyphy/ptII/ptolemy/actor/lib/test/auto/TrigFunctionInverse.xml (RunModel)" time="0.012" />
  <testcase classname="ptolemy.util.test.junit.AutoTests" name="[387] /home/travis/build/icyphy/ptII/ptolemy/actor/lib/test/auto/TrigFunctionTan.xml (RunModel)" time="0.006" />
  <testcase classname="ptolemy.util.test.junit.AutoTests" name="[388] /home/travis/build/icyphy/ptII/ptolemy/actor/lib/test/auto/TriggeredClock.xml (RunModel)" time="0.008" />
  <testcase classname="ptolemy.util.test.junit.AutoTests" name="[389] /home/travis/build/icyphy/ptII/ptolemy/actor/lib/test/auto/URLDirectoryReader.xml (RunModel)" time="0.117" />
  <testcase classname="ptolemy.util.test.junit.AutoTests" name="[390] /home/travis/build/icyphy/ptII/ptolemy/actor/lib/test/auto/URLDirectoryReader3.xml (RunModel)" time="1.46" />
  <testcase classname="ptolemy.util.test.junit.AutoTests" name="[391] /home/travis/build/icyphy/ptII/ptolemy/actor/lib/test/auto/UnaryMathFunction.xml (RunModel)" time="0.034" />
  <testcase classname="ptolemy.util.test.junit.AutoTests" name="[392] /home/travis/build/icyphy/ptII/ptolemy/actor/lib/test/auto/Uniform.xml (RunModel)" time="0.041" />
  <testcase classname="ptolemy.util.test.junit.AutoTests" name="[393] /home/travis/build/icyphy/ptII/ptolemy/actor/lib/test/auto/UnionDisassemblerTest.xml (RunModel)" time="0.029" />
  <testcase classname="ptolemy.util.test.junit.AutoTests" name="[394] /home/travis/build/icyphy/ptII/ptolemy/actor/lib/test/auto/UtilityFunctions.xml (RunModel)" time="0.03" />
  <testcase classname="ptolemy.util.test.junit.AutoTests" name="[395] /home/travis/build/icyphy/ptII/ptolemy/actor/lib/test/auto/VariableSleep.xml (RunModel)" time="0.55" />
  <testcase classname="ptolemy.util.test.junit.AutoTests" name="[396] /home/travis/build/icyphy/ptII/ptolemy/actor/lib/test/auto/VectorAssemblerDisassemblerCT.xml (RunModel)" time="0.143" />
  <testcase classname="ptolemy.util.test.junit.AutoTests" name="[397] /home/travis/build/icyphy/ptII/ptolemy/actor/lib/test/auto/VectorAssemblerDisassemblerDE.xml (RunModel)" time="0.021" />
  <testcase classname="ptolemy.util.test.junit.AutoTests" name="[398] /home/travis/build/icyphy/ptII/ptolemy/actor/lib/test/auto/VectorAssemblerDisassemblerSDF.xml (RunModel)" time="0.013" />
  <testcase classname="ptolemy.util.test.junit.AutoTests" name="[399] /home/travis/build/icyphy/ptII/ptolemy/actor/lib/test/auto/WallClockTime.xml (RunModel)" time="1.014" />
  <testcase classname="ptolemy.util.test.junit.AutoTests" name="[400] /home/travis/build/icyphy/ptII/ptolemy/actor/lib/test/auto/WidthTestWithSubscriberPublisher.xml (RunModel)" time="0.059" />
  <testcase classname="ptolemy.util.test.junit.AutoTests" name="[401] /home/travis/build/icyphy/ptII/ptolemy/actor/lib/test/auto/WidthTestWithSubscriberPublisher2.xml (RunModel)" time="0.014" />
  <testcase classname="ptolemy.util.test.junit.AutoTests" name="[402] /home/travis/build/icyphy/ptII/ptolemy/actor/lib/test/auto/WidthTestWithSubscriberPublisher3.xml (RunModel)" time="0.01" />
  <testcase classname="ptolemy.util.test.junit.AutoTests" name="[403] /home/travis/build/icyphy/ptII/ptolemy/actor/lib/test/auto/Writer.xml (RunModel)" time="0.007" />
  <testcase classname="ptolemy.util.test.junit.AutoTests" name="[404] /home/travis/build/icyphy/ptII/ptolemy/actor/lib/test/auto/array.xml (RunModel)" time="0.009" />
  <testcase classname="ptolemy.util.test.junit.AutoTests" name="[405] /home/travis/build/icyphy/ptII/ptolemy/actor/lib/test/auto/array2.xml (RunModel)" time="0.013" />
  <testcase classname="ptolemy.util.test.junit.AutoTests" name="[406] /home/travis/build/icyphy/ptII/ptolemy/actor/lib/test/auto/arrayType.xml (RunModel)" time="0.009" />
  <testcase classname="ptolemy.util.test.junit.AutoTests" name="[407] /home/travis/build/icyphy/ptII/ptolemy/actor/lib/test/auto/arrayType10.xml (RunModel)" time="0.008" />
  <testcase classname="ptolemy.util.test.junit.AutoTests" name="[408] /home/travis/build/icyphy/ptII/ptolemy/actor/lib/test/auto/arrayType11.xml (RunModel)" time="0.009" />
  <testcase classname="ptolemy.util.test.junit.AutoTests" name="[409] /home/travis/build/icyphy/ptII/ptolemy/actor/lib/test/auto/arrayType12.xml (RunModel)" time="0.01" />
  <testcase classname="ptolemy.util.test.junit.AutoTests" name="[410] /home/travis/build/icyphy/ptII/ptolemy/actor/lib/test/auto/arrayType13.xml (RunModel)" time="0.009" />
  <testcase classname="ptolemy.util.test.junit.AutoTests" name="[411] /home/travis/build/icyphy/ptII/ptolemy/actor/lib/test/auto/arrayType14.xml (RunModel)" time="0.009" />
  <testcase classname="ptolemy.util.test.junit.AutoTests" name="[412] /home/travis/build/icyphy/ptII/ptolemy/actor/lib/test/auto/arrayType15.xml (RunModel)" time="0.009" />
  <testcase classname="ptolemy.util.test.junit.AutoTests" name="[413] /home/travis/build/icyphy/ptII/ptolemy/actor/lib/test/auto/arrayType16.xml (RunModel)" time="0.008" />
  <testcase classname="ptolemy.util.test.junit.AutoTests" name="[414] /home/travis/build/icyphy/ptII/ptolemy/actor/lib/test/auto/arrayType17.xml (RunModel)" time="0.01" />
  <testcase classname="ptolemy.util.test.junit.AutoTests" name="[415] /home/travis/build/icyphy/ptII/ptolemy/actor/lib/test/auto/arrayType18.xml (RunModel)" time="0.008" />
  <testcase classname="ptolemy.util.test.junit.AutoTests" name="[416] /home/travis/build/icyphy/ptII/ptolemy/actor/lib/test/auto/arrayType19.xml (RunModel)" time="0.008" />
  <testcase classname="ptolemy.util.test.junit.AutoTests" name="[417] /home/travis/build/icyphy/ptII/ptolemy/actor/lib/test/auto/arrayType2.xml (RunModel)" time="0.01" />
  <testcase classname="ptolemy.util.test.junit.AutoTests" name="[418] /home/travis/build/icyphy/ptII/ptolemy/actor/lib/test/auto/arrayType20.xml (RunModel)" time="0.011" />
  <testcase classname="ptolemy.util.test.junit.AutoTests" name="[419] /home/travis/build/icyphy/ptII/ptolemy/actor/lib/test/auto/arrayType21.xml (RunModel)" time="0.01" />
  <testcase classname="ptolemy.util.test.junit.AutoTests" name="[420] /home/travis/build/icyphy/ptII/ptolemy/actor/lib/test/auto/arrayType22.xml (RunModel)" time="0.028" />
  <testcase classname="ptolemy.util.test.junit.AutoTests" name="[421] /home/travis/build/icyphy/ptII/ptolemy/actor/lib/test/auto/arrayType23.xml (RunModel)" time="0.018" />
  <testcase classname="ptolemy.util.test.junit.AutoTests" name="[422] /home/travis/build/icyphy/ptII/ptolemy/actor/lib/test/auto/arrayType24.xml (RunModel)" time="0.011" />
  <testcase classname="ptolemy.util.test.junit.AutoTests" name="[423] /home/travis/build/icyphy/ptII/ptolemy/actor/lib/test/auto/arrayType25.xml (RunModel)" time="0.009" />
  <testcase classname="ptolemy.util.test.junit.AutoTests" name="[424] /home/travis/build/icyphy/ptII/ptolemy/actor/lib/test/auto/arrayType26.xml (RunModel)" time="0.009" />
  <testcase classname="ptolemy.util.test.junit.AutoTests" name="[425] /home/travis/build/icyphy/ptII/ptolemy/actor/lib/test/auto/arrayType27.xml (RunModel)" time="0.009" />
  <testcase classname="ptolemy.util.test.junit.AutoTests" name="[426] /home/travis/build/icyphy/ptII/ptolemy/actor/lib/test/auto/arrayType28.xml (RunModel)" time="0.008" />
  <testcase classname="ptolemy.util.test.junit.AutoTests" name="[427] /home/travis/build/icyphy/ptII/ptolemy/actor/lib/test/auto/arrayType3.xml (RunModel)" time="0.008" />
  <testcase classname="ptolemy.util.test.junit.AutoTests" name="[428] /home/travis/build/icyphy/ptII/ptolemy/actor/lib/test/auto/arrayType4.xml (RunModel)" time="0.008" />
  <testcase classname="ptolemy.util.test.junit.AutoTests" name="[429] /home/travis/build/icyphy/ptII/ptolemy/actor/lib/test/auto/arrayType5.xml (RunModel)" time="0.01" />
  <testcase classname="ptolemy.util.test.junit.AutoTests" name="[430] /home/travis/build/icyphy/ptII/ptolemy/actor/lib/test/auto/arrayType6.xml (RunModel)" time="0.007" />
  <testcase classname="ptolemy.util.test.junit.AutoTests" name="[431] /home/travis/build/icyphy/ptII/ptolemy/actor/lib/test/auto/arrayType7.xml (RunModel)" time="0.008" />
  <testcase classname="ptolemy.util.test.junit.AutoTests" name="[432] /home/travis/build/icyphy/ptII/ptolemy/actor/lib/test/auto/arrayType8.xml (RunModel)" time="0.009" />
  <testcase classname="ptolemy.util.test.junit.AutoTests" name="[433] /home/travis/build/icyphy/ptII/ptolemy/actor/lib/test/auto/arrayType9.xml (RunModel)" time="0.008" />
  <testcase classname="ptolemy.util.test.junit.AutoTests" name="[434] /home/travis/build/icyphy/ptII/ptolemy/actor/lib/test/auto/cast.xml (RunModel)" time="0.009" />
  <testcase classname="ptolemy.util.test.junit.AutoTests" name="[435] /home/travis/build/icyphy/ptII/ptolemy/actor/lib/test/auto/compositeMultiPort.xml (RunModel)" time="0.017" />
  <testcase classname="ptolemy.util.test.junit.AutoTests" name="[436] /home/travis/build/icyphy/ptII/ptolemy/actor/lib/test/auto/expressionCastInference.xml (RunModel)" time="0.007" />
  <testcase classname="ptolemy.util.test.junit.AutoTests" name="[437] /home/travis/build/icyphy/ptII/ptolemy/actor/lib/test/auto/expressionCastInference2.xml (RunModel)" time="0.008" />
  <testcase classname="ptolemy.util.test.junit.AutoTests" name="[438] /home/travis/build/icyphy/ptII/ptolemy/actor/lib/test/auto/expressionInference.xml (RunModel)" time="0.007" />
  <testcase classname="ptolemy.util.test.junit.AutoTests" name="[439] /home/travis/build/icyphy/ptII/ptolemy/actor/lib/test/auto/expression_bug.xml (RunModel)" time="0.007" />
  <testcase classname="ptolemy.util.test.junit.AutoTests" name="[440] /home/travis/build/icyphy/ptII/ptolemy/actor/lib/test/auto/factorial.xml (RunModel)" time="0.045" />
  <testcase classname="ptolemy.util.test.junit.AutoTests" name="[441] /home/travis/build/icyphy/ptII/ptolemy/actor/lib/test/auto/filterTest1.xml (RunModel)" time="0.013" />
  <testcase classname="ptolemy.util.test.junit.AutoTests" name="[442] /home/travis/build/icyphy/ptII/ptolemy/actor/lib/test/auto/funcApplyInConst.xml (RunModel)" time="0.006" />
  <testcase classname="ptolemy.util.test.junit.AutoTests" name="[443] /home/travis/build/icyphy/ptII/ptolemy/actor/lib/test/auto/funcApplyInExpr.xml (RunModel)" time="0.005" />
  <testcase classname="ptolemy.util.test.junit.AutoTests" name="[444] /home/travis/build/icyphy/ptII/ptolemy/actor/lib/test/auto/function.xml (RunModel)" time="0.008" />
  <testcase classname="ptolemy.util.test.junit.AutoTests" name="[445] /home/travis/build/icyphy/ptII/ptolemy/actor/lib/test/auto/function2.xml (RunModel)" time="0.009" />
  <testcase classname="ptolemy.util.test.junit.AutoTests" name="[446] /home/travis/build/icyphy/ptII/ptolemy/actor/lib/test/auto/function3.xml (RunModel)" time="0.009" />
  <testcase classname="ptolemy.util.test.junit.AutoTests" name="[447] /home/travis/build/icyphy/ptII/ptolemy/actor/lib/test/auto/functionClosureTest1.xml (RunModel)" time="0.011" />
  <testcase classname="ptolemy.util.test.junit.AutoTests" name="[448] /home/travis/build/icyphy/ptII/ptolemy/actor/lib/test/auto/functionClosureTest2.xml (RunModel)" time="0.006" />
  <testcase classname="ptolemy.util.test.junit.AutoTests" name="[449] /home/travis/build/icyphy/ptII/ptolemy/actor/lib/test/auto/functionClosureTest3.xml (RunModel)" time="0.01" />
  <testcase classname="ptolemy.util.test.junit.AutoTests" name="[450] /home/travis/build/icyphy/ptII/ptolemy/actor/lib/test/auto/functionClosureTest4.xml (RunModel)" time="0.013" />
  <testcase classname="ptolemy.util.test.junit.AutoTests" name="[451] /home/travis/build/icyphy/ptII/ptolemy/actor/lib/test/auto/functionClosureTest5.xml (RunModel)" time="0.011" />
  <testcase classname="ptolemy.util.test.junit.AutoTests" name="[452] /home/travis/build/icyphy/ptII/ptolemy/actor/lib/test/auto/functionClosureTest6.xml (RunModel)" time="0.007" />
  <testcase classname="ptolemy.util.test.junit.AutoTests" name="[453] /home/travis/build/icyphy/ptII/ptolemy/actor/lib/test/auto/functionsOnArcs.xml (RunModel)" time="0.01" />
  <testcase classname="ptolemy.util.test.junit.AutoTests" name="[454] /home/travis/build/icyphy/ptII/ptolemy/actor/lib/test/auto/functionsOnArcsHOF.xml (RunModel)" time="0.012" />
  <testcase classname="ptolemy.util.test.junit.AutoTests" name="[455] /home/travis/build/icyphy/ptII/ptolemy/actor/lib/test/auto/logic.xml (RunModel)" time="0.017" />
  <testcase classname="ptolemy.util.test.junit.AutoTests" name="[456] /home/travis/build/icyphy/ptII/ptolemy/actor/lib/test/auto/matrixType.xml (RunModel)" time="0.009" />
  <testcase classname="ptolemy.util.test.junit.AutoTests" name="[457] /home/travis/build/icyphy/ptII/ptolemy/actor/lib/test/auto/matrixType10.xml (RunModel)" time="0.008" />
  <testcase classname="ptolemy.util.test.junit.AutoTests" name="[458] /home/travis/build/icyphy/ptII/ptolemy/actor/lib/test/auto/matrixType11.xml (RunModel)" time="0.008" />
  <testcase classname="ptolemy.util.test.junit.AutoTests" name="[459] /home/travis/build/icyphy/ptII/ptolemy/actor/lib/test/auto/matrixType12.xml (RunModel)" time="0.008" />
  <testcase classname="ptolemy.util.test.junit.AutoTests" name="[460] /home/travis/build/icyphy/ptII/ptolemy/actor/lib/test/auto/matrixType13.xml (RunModel)" time="0.008" />
  <testcase classname="ptolemy.util.test.junit.AutoTests" name="[461] /home/travis/build/icyphy/ptII/ptolemy/actor/lib/test/auto/matrixType14.xml (RunModel)" time="0.008" />
  <testcase classname="ptolemy.util.test.junit.AutoTests" name="[462] /home/travis/build/icyphy/ptII/ptolemy/actor/lib/test/auto/matrixType2.xml (RunModel)" time="0.009" />
  <testcase classname="ptolemy.util.test.junit.AutoTests" name="[463] /home/travis/build/icyphy/ptII/ptolemy/actor/lib/test/auto/matrixType3.xml (RunModel)" time="0.008" />
  <testcase classname="ptolemy.util.test.junit.AutoTests" name="[464] /home/travis/build/icyphy/ptII/ptolemy/actor/lib/test/auto/matrixType4.xml (RunModel)" time="0.009" />
  <testcase classname="ptolemy.util.test.junit.AutoTests" name="[465] /home/travis/build/icyphy/ptII/ptolemy/actor/lib/test/auto/matrixType5.xml (RunModel)" time="0.009" />
  <testcase classname="ptolemy.util.test.junit.AutoTests" name="[466] /home/travis/build/icyphy/ptII/ptolemy/actor/lib/test/auto/matrixType6.xml (RunModel)" time="0.008" />
  <testcase classname="ptolemy.util.test.junit.AutoTests" name="[467] /home/travis/build/icyphy/ptII/ptolemy/actor/lib/test/auto/matrixType7.xml (RunModel)" time="0.008" />
  <testcase classname="ptolemy.util.test.junit.AutoTests" name="[468] /home/travis/build/icyphy/ptII/ptolemy/actor/lib/test/auto/matrixType8.xml (RunModel)" time="0.009" />
  <testcase classname="ptolemy.util.test.junit.AutoTests" name="[469] /home/travis/build/icyphy/ptII/ptolemy/actor/lib/test/auto/matrixType9.xml (RunModel)" time="0.009" />
  <testcase classname="ptolemy.util.test.junit.AutoTests" name="[470] /home/travis/build/icyphy/ptII/ptolemy/actor/lib/test/auto/paraFunctest.xml (RunModel)" time="0.007" />
  <testcase classname="ptolemy.util.test.junit.AutoTests" name="[471] /home/travis/build/icyphy/ptII/ptolemy/actor/lib/test/auto/paraFunctest2.xml (RunModel)" time="0.007" />
  <testcase classname="ptolemy.util.test.junit.AutoTests" name="[472] /home/travis/build/icyphy/ptII/ptolemy/actor/lib/test/auto/parameterPassing.xml (RunModel)" time="0.008" />
  <testcase classname="ptolemy.util.test.junit.AutoTests" name="[473] /home/travis/build/icyphy/ptII/ptolemy/actor/lib/test/auto/record.xml (RunModel)" time="0.009" />
  <testcase classname="ptolemy.util.test.junit.AutoTests" name="[474] /home/travis/build/icyphy/ptII/ptolemy/actor/lib/test/auto/sizedarray1.xml (RunModel)" time="0.009" />
  <testcase classname="ptolemy.util.test.junit.AutoTests" name="[475] /home/travis/build/icyphy/ptII/ptolemy/actor/lib/test/auto/sizedarray2.xml (RunModel)" time="0.01" />
  <testcase classname="ptolemy.util.test.junit.AutoTests" name="[476] /home/travis/build/icyphy/ptII/ptolemy/actor/lib/test/auto/twoPublishers.xml (RunModel)" time="0.019" />
  <system-out><![CDATA[/home/travis/build/icyphy/ptII/ptolemy/actor/lib/test/AbsoluteValue.tcl
testDefs.tcl: setting time out to 9000 seconds at Fri Jun 08 14:21:46 UTC 2018
88 ms. Memory: 116224K Free: 107788K (93%)
4 ms. Memory: 116224K Free: 106581K (92%)
4 ms. Memory: 116224K Free: 105962K (91%)
5 ms. Memory: 116224K Free: 105367K (91%)
/home/travis/build/icyphy/ptII/ptolemy/actor/lib/test/AddSubtract.tcl
11 ms. Memory: 116224K Free: 102954K (89%)
5 ms. Memory: 116224K Free: 102350K (88%)
6 ms. Memory: 116224K Free: 101739K (88%)
6 ms. Memory: 116224K Free: 100549K (87%)
5 ms. Memory: 116224K Free: 99937K (86%)
4 ms. Memory: 116224K Free: 99334K (85%)
/home/travis/build/icyphy/ptII/ptolemy/actor/lib/test/Average.tcl
7 ms. Memory: 116224K Free: 97508K (84%)
7 ms. Memory: 116224K Free: 96277K (83%)
/home/travis/build/icyphy/ptII/ptolemy/actor/lib/test/Bernoulli.tcl
4 ms. Memory: 116224K Free: 94466K (81%)
2 ms. Memory: 116224K Free: 93855K (81%)
/home/travis/build/icyphy/ptII/ptolemy/actor/lib/test/Clock.tcl
preinitializing
resolving types
initializing
executing number 1
wrapping up
idle
12 ms. Memory: 116224K Free: 92053K (79%)
Completed execution with 5 iterations
preinitializing
resolving types
initializing
executing number 1
wrapping up
idle
12 ms. Memory: 116224K Free: 90839K (78%)
Completed execution with 5 iterations
preinitializing
resolving types
initializing
executing number 1
wrapping up
idle
11 ms. Memory: 116224K Free: 90235K (78%)
Completed execution with 5 iterations
/home/travis/build/icyphy/ptII/ptolemy/actor/lib/test/Commutator.tcl
6 ms. Memory: 116224K Free: 88393K (76%)
6 ms. Memory: 116224K Free: 87195K (75%)
14 ms. Memory: 116224K Free: 82955K (71%)
/home/travis/build/icyphy/ptII/ptolemy/actor/lib/test/Const.tcl
20 ms. Memory: 116224K Free: 110788K (95%)
3 ms. Memory: 116224K Free: 110169K (95%)
3 ms. Memory: 116224K Free: 109374K (94%)
4 ms. Memory: 116224K Free: 108779K (94%)
2 ms. Memory: 116224K Free: 108168K (93%)
17 ms. Memory: 116224K Free: 106351K (92%)
5 ms. Memory: 116224K Free: 105740K (91%)
9 ms. Memory: 116224K Free: 104534K (90%)
/home/travis/build/icyphy/ptII/ptolemy/actor/lib/test/CurrentTime.tcl
preinitializing
resolving types
initializing
executing number 1
wrapping up
idle
21 ms. Memory: 116224K Free: 102717K (88%)
Completed execution with 11 iterations
/home/travis/build/icyphy/ptII/ptolemy/actor/lib/test/DB.tcl
4 ms. Memory: 116224K Free: 100916K (87%)
6 ms. Memory: 116224K Free: 100305K (86%)
3 ms. Memory: 116224K Free: 99702K (86%)
/home/travis/build/icyphy/ptII/ptolemy/actor/lib/test/DiscreteRandomSource.tcl
preinitializing
resolving types
initializing
executing number 1
wrapping up
idle
4 ms. Memory: 116224K Free: 98496K (85%)
Completed execution with 4 iterations
preinitializing
resolving types
initializing
executing number 1
wrapping up
idle
6 ms. Memory: 116224K Free: 97901K (84%)
Completed execution with 4 iterations
preinitializing
resolving types
initializing
executing number 1
wrapping up
idle
8 ms. Memory: 116224K Free: 97274K (84%)
Completed execution with 4 iterations
preinitializing
resolving types
initializing
executing number 1
wrapping up
idle
2 ms. Memory: 116224K Free: 97274K (84%)
Completed execution with 4 iterations
preinitializing
resolving types
initializing
executing number 1
wrapping up
idle
12 ms. Memory: 116224K Free: 96679K (83%)
Completed execution with 4 iterations
/home/travis/build/icyphy/ptII/ptolemy/actor/lib/test/Distributor.tcl
4 ms. Memory: 116224K Free: 94894K (82%)
4 ms. Memory: 116224K Free: 94299K (81%)
StreamChangeRequest.changeExecuted(): <deleteEntity name="rec2"/> succeeded
StreamChangeRequest.changeExecuted(): <deleteRelation name="r2"/> succeeded
StreamChangeRequest.changeExecuted(): Record firings per iteration succeeded
5 ms. Memory: 116224K Free: 91887K (79%)
/home/travis/build/icyphy/ptII/ptolemy/actor/lib/test/Exit.tcl
Exit.tcl: this will print a message about Manager.exitAfterWrapup, which can be ignored.
5 ms. Memory: 116224K Free: 88266K (76%)
/home/travis/build/icyphy/ptII/ptolemy/actor/lib/test/Expression.tcl
10 ms. Memory: 116224K Free: 85834K (74%)
3 ms. Memory: 116224K Free: 85239K (73%)
7 ms. Memory: 116224K Free: 84628K (73%)
preinitializing
resolving types
initializing
executing number 1
wrapping up
idle
12 ms. Memory: 116224K Free: 82795K (71%)
Completed execution with 6 iterations
4 ms. Memory: 116224K Free: 82168K (71%)
15 ms. Memory: 116224K Free: 81573K (70%)
24 ms. Memory: 116224K Free: 110132K (95%)
4 ms. Memory: 116224K Free: 108959K (94%)
8 ms. Memory: 116224K Free: 107656K (93%)
/home/travis/build/icyphy/ptII/ptolemy/actor/lib/test/Gaussian.tcl
4 ms. Memory: 116224K Free: 105880K (91%)
sleeping 1 seconds: ...............................................................................................................................................................................................................................................................................................................................................................................................................................................................................................................................................................................................................................................................................................................................................................................................................................................................................................................................................................................................................................................................................................................................................................................................................................................................................................................................................................................................................................................................................................................................................................................................................................................................................................................................................................................................................................................................................................................................................................................................................................................................................................................................................................................................................................................................................................................................................................................................................................................................................................................................................................................................................................................................................................................................................................................................................................................................................................................................................................................................................................................................................................................................................................................................................................................................................................................................................................................................................................................................................................................................................................................................................................................................................................................................................................................................................................................................................................................................................................................................................................................................................................................................................................................................................................................................................................................................................................................................................................................................................................................................................................................................................................................................................................................................................................................................................................................................................................................................................................................................................................................................................................................................................................................................................................................................................................................................................................................................................................................................................................................................................................................................................................................................................................................................................................................................................................................................................................................................................................................................................................................................................................................................................................................................................................................................................................................................................................................................................................................................................................................................................................................................................................................................................................................................................................................................................................................................................................................................................................................................................................................................................................................................................................................................................................................................................................................................................................................................................................................................................................................................................................................................................................................................................................................................................................................................................................................................................................................................................................................................................................................................................................................................................................................................................................................................................................................................................................................................................................................................................................................................................................................................................................................................................................................................................................................................................................................................................................................................................................................................................................................................................................................................................................................................................................................................................................................................................................................................................................................................................................................................................................................................................................................................................................................................................................................................................................................................................................................................................................................................................................................................................................................................................................................................................................................................................................................................................................................................................................................................................................................................................................................................................................................................................................................................................................................................................................................................................................................................................................................................................................................................................................................................................................................................................................................................................................................................................................................................................................................................................................................................................................................................................................................................................................................................................................................................................................................................................................................................................................................................................................................................................................................................................................................................................................................................................................................................................................................................................................................................................................................................................................................................................................................................................................................................................................................................................................................................................................................................................................................................................................................................................................................................................................................................................................................................................................................................................................................................................................................................................................................................................................................................................................................................................................................................................................................................................................................................................................................................................................................................................................................................................................................................................................................................................................................................................................................................................................................................................................................................................................................................................................................................................................................................................................................................................................................................................................................................................................................................................................................................................................................................................................................................................................................................................................................................................................................................................................................................................................................................................................................................................................................................................................................................................................................................................................................................................................................................................................................................................................................................................................................................................................................................................................................................................................................................................................................................................................................................................................................................................................................................................................................................................................................................................................................................................................................................................................................................................................................................................................................................................................................................................................................................................................................................................................................................................................................................................................................................................................................................................................................................................................................................................................................................................................................................................................................................................................................................................................................................................................................................................................................................................................................................................................................................................................................4 ms. Memory: 146944K Free: 91866K (63%)
9 ms. Memory: 146944K Free: 90507K (62%)
2 ms. Memory: 146944K Free: 90507K (62%)
9 ms. Memory: 146944K Free: 89316K (61%)
2 ms. Memory: 146944K Free: 89316K (61%)
/home/travis/build/icyphy/ptII/ptolemy/actor/lib/test/IIR.tcl
/home/travis/build/icyphy/ptII/ptolemy/actor/lib/test/Interpolator.tcl
3 ms. Memory: 146944K Free: 84549K (58%)
2 ms. Memory: 146944K Free: 84549K (58%)
5 ms. Memory: 146944K Free: 83359K (57%)
2 ms. Memory: 146944K Free: 83359K (57%)
10 ms. Memory: 146944K Free: 82168K (56%)
2 ms. Memory: 146944K Free: 80978K (55%)
2 ms. Memory: 146944K Free: 80978K (55%)
16 ms. Memory: 146944K Free: 140370K (96%)
2 ms. Memory: 146944K Free: 140370K (96%)
2 ms. Memory: 146944K Free: 139056K (95%)
/home/travis/build/icyphy/ptII/ptolemy/actor/lib/test/MathFunction.tcl
5 ms. Memory: 146944K Free: 136648K (93%)
2 ms. Memory: 146944K Free: 135444K (92%)
3 ms. Memory: 146944K Free: 134240K (91%)
2 ms. Memory: 146944K Free: 134240K (91%)
4 ms. Memory: 146944K Free: 133031K (91%)
6 ms. Memory: 146944K Free: 130623K (89%)
/home/travis/build/icyphy/ptII/ptolemy/actor/lib/test/Maximum.tcl
4 ms. Memory: 146944K Free: 128209K (87%)
2 ms. Memory: 146944K Free: 128209K (87%)
2 ms. Memory: 146944K Free: 127005K (86%)
3 ms. Memory: 146944K Free: 127005K (86%)
/home/travis/build/icyphy/ptII/ptolemy/actor/lib/test/Minimum.tcl
3 ms. Memory: 146944K Free: 124597K (85%)
2 ms. Memory: 146944K Free: 124597K (85%)
2 ms. Memory: 146944K Free: 123393K (84%)
2 ms. Memory: 146944K Free: 122190K (83%)
/home/travis/build/icyphy/ptII/ptolemy/actor/lib/test/MultiplyDivide.tcl
9 ms. Memory: 146944K Free: 120986K (82%)
3 ms. Memory: 146944K Free: 119782K (82%)
2 ms. Memory: 146944K Free: 119782K (82%)
3 ms. Memory: 146944K Free: 118578K (81%)
2 ms. Memory: 146944K Free: 117374K (80%)
/home/travis/build/icyphy/ptII/ptolemy/actor/lib/test/OrderedMerge.tcl
Connections changed on port: inputA
Connections changed on port: inputB
Connections changed on port: output
Connections changed on port: output
Connections changed on port: output
Connections changed on port: input
.top. Preinitializing ...
Invoking preinitialize():  .top.OrderedMerge
Called preinitialize()
Invoking preinitialize():  .top.Ramp
Called preinitialize()
Invoking preinitialize():  .top.Ramp2
Called preinitialize()
Invoking preinitialize():  .top.Test
Called preinitialize()
Connections changed on port: inputA
Connections changed on port: output
Connections changed on port: inputB
Connections changed on port: output
Connections changed on port: output
Connections changed on port: input
.top. Finished preinitialize().
Called initialize().
Invoking initialize():  .top.OrderedMerge
Initializing actor: .top.OrderedMerge
Adding a thread: .top.OrderedMerge
Invoking initialize():  .top.Ramp
Initializing actor: .top.Ramp
Adding a thread: .top.Ramp
Invoking initialize():  .top.Ramp2
Initializing actor: .top.Ramp2
Adding a thread: .top.Ramp2
Invoking initialize():  .top.Test
Initializing actor: .top.Test
Adding a thread: .top.Test
-- Starting thread.
Called initialize()
Called prefire()
Called fire()
-- Starting thread.
Called initialize()
Called prefire()
Called fire()
Called postfire()
Called prefire()
Called fire()
-- Starting thread.
Called initialize()
Called prefire()
Called fire()
Called postfire()
Called prefire()
Called fire()
Called fire().
Checking for deadlock:
There are 3 Blocked actors, 0 Stopped actors, and 4 active threads.
Waiting for actors to stop.
-- Starting thread.
Called initialize()
Called prefire()
Called fire()
Checking for deadlock:
There are 2 Blocked actors, 0 Stopped actors, and 4 active threads.
Waiting for actors to stop.
Called postfire()
Called prefire()
Called fire()
Checking for deadlock:
There are 3 Blocked actors, 0 Stopped actors, and 4 active threads.
Waiting for actors to stop.
Read input token from inputA with value 0.0
Next port to read input from is inputB
Called postfire()
Called prefire()
Called fire()
Checking for deadlock:
There are 2 Blocked actors, 0 Stopped actors, and 4 active threads.
Waiting for actors to stop.
Called postfire()
Called prefire()
Called fire()
Checking for deadlock:
There are 3 Blocked actors, 0 Stopped actors, and 4 active threads.
Waiting for actors to stop.
Read input token from inputB with value 0.0
Checking for deadlock:
There are 2 Blocked actors, 0 Stopped actors, and 4 active threads.
Waiting for actors to stop.
-- Read input: 0.0, which is expected to match: 0.0
Called prefire()
Called fire()
Checking for deadlock:
There are 3 Blocked actors, 0 Stopped actors, and 4 active threads.
Waiting for actors to stop.
Sent output token with value 0.0
Next port to read input from is inputA
Called postfire()
Called prefire()
Called fire()
Checking for deadlock:
There are 2 Blocked actors, 0 Stopped actors, and 4 active threads.
Waiting for actors to stop.
Called postfire()
Called prefire()
Called fire()
Checking for deadlock:
There are 3 Blocked actors, 0 Stopped actors, and 4 active threads.
Waiting for actors to stop.
Read input token from inputA with value 1.0
Checking for deadlock:
There are 2 Blocked actors, 0 Stopped actors, and 4 active threads.
Waiting for actors to stop.
-- Read input: 0.0, which is expected to match: 0.0
Called prefire()
Called fire()
Checking for deadlock:
There are 3 Blocked actors, 0 Stopped actors, and 4 active threads.
Waiting for actors to stop.
Sent output token with value 0.0
Next port to read input from is inputB
Called postfire()
Called prefire()
Called fire()
Checking for deadlock:
There are 2 Blocked actors, 0 Stopped actors, and 4 active threads.
Waiting for actors to stop.
Called postfire()
Called prefire()
Called fire()
Checking for deadlock:
There are 3 Blocked actors, 0 Stopped actors, and 4 active threads.
Waiting for actors to stop.
Read input token from inputB with value 1.5
Checking for deadlock:
There are 2 Blocked actors, 0 Stopped actors, and 4 active threads.
Waiting for actors to stop.
-- Read input: 1.0, which is expected to match: 1.0
Called prefire()
Called fire()
Checking for deadlock:
There are 3 Blocked actors, 0 Stopped actors, and 4 active threads.
Waiting for actors to stop.
Sent output token with value 1.0
Next port to read input from is inputA
Called postfire()
Called prefire()
Called fire()
Checking for deadlock:
There are 2 Blocked actors, 0 Stopped actors, and 4 active threads.
Waiting for actors to stop.
Called postfire()
Called prefire()
Called fire()
Checking for deadlock:
There are 3 Blocked actors, 0 Stopped actors, and 4 active threads.
Waiting for actors to stop.
Read input token from inputA with value 2.0
Checking for deadlock:
There are 2 Blocked actors, 0 Stopped actors, and 4 active threads.
Waiting for actors to stop.
-- Read input: 1.5, which is expected to match: 1.5
Called prefire()
Called fire()
Checking for deadlock:
There are 3 Blocked actors, 0 Stopped actors, and 4 active threads.
Waiting for actors to stop.
Sent output token with value 1.5
Next port to read input from is inputB
Called postfire()
Called prefire()
Called fire()
Checking for deadlock:
There are 2 Blocked actors, 0 Stopped actors, and 4 active threads.
Waiting for actors to stop.
Called postfire()
Called prefire()
Called fire()
Checking for deadlock:
There are 3 Blocked actors, 0 Stopped actors, and 4 active threads.
Waiting for actors to stop.
Read input token from inputB with value 3.0
Checking for deadlock:
There are 2 Blocked actors, 0 Stopped actors, and 4 active threads.
Waiting for actors to stop.
-- Read input: 2.0, which is expected to match: 2.0
Called prefire()
Called fire()
Checking for deadlock:
There are 3 Blocked actors, 0 Stopped actors, and 4 active threads.
Waiting for actors to stop.
Sent output token with value 2.0
Next port to read input from is inputA
Called postfire()
Called prefire()
Called fire()
Checking for deadlock:
There are 2 Blocked actors, 0 Stopped actors, and 4 active threads.
Waiting for actors to stop.
Called postfire()
Called prefire()
Called fire()
Checking for deadlock:
There are 3 Blocked actors, 0 Stopped actors, and 4 active threads.
Waiting for actors to stop.
Read input token from inputA with value 3.0
Checking for deadlock:
There are 2 Blocked actors, 0 Stopped actors, and 4 active threads.
Waiting for actors to stop.
-- Read input: 3.0, which is expected to match: 3.0
Called prefire()
Called fire()
Checking for deadlock:
There are 3 Blocked actors, 0 Stopped actors, and 4 active threads.
Waiting for actors to stop.
Sent output token with value 3.0
Next port to read input from is inputB
Called postfire()
Called prefire()
Called fire()
Checking for deadlock:
There are 2 Blocked actors, 0 Stopped actors, and 4 active threads.
Waiting for actors to stop.
Called postfire()
Called prefire()
Called fire()
Checking for deadlock:
There are 3 Blocked actors, 0 Stopped actors, and 4 active threads.
Waiting for actors to stop.
Read input token from inputB with value 4.5
Checking for deadlock:
There are 2 Blocked actors, 0 Stopped actors, and 4 active threads.
Waiting for actors to stop.
-- Read input: 3.0, which is expected to match: 3.0
Called prefire()
Called fire()
Checking for deadlock:
There are 3 Blocked actors, 0 Stopped actors, and 4 active threads.
Waiting for actors to stop.
Sent output token with value 3.0
Next port to read input from is inputA
Called postfire()
Called prefire()
Called fire()
Checking for deadlock:
There are 2 Blocked actors, 0 Stopped actors, and 4 active threads.
Waiting for actors to stop.
Called postfire()
Called prefire()
Called fire()
Checking for deadlock:
There are 3 Blocked actors, 0 Stopped actors, and 4 active threads.
Waiting for actors to stop.
Read input token from inputA with value 4.0
Checking for deadlock:
There are 2 Blocked actors, 0 Stopped actors, and 4 active threads.
Waiting for actors to stop.
-- Read input: 4.0, which is expected to match: 4.0
Called prefire()
Called fire()
Past the end of training data. Read and discard all inputs.
Checking for deadlock:
There are 3 Blocked actors, 0 Stopped actors, and 4 active threads.
Waiting for actors to stop.
Sent output token with value 4.0
Next port to read input from is inputA
Called postfire()
Called prefire()
Called fire()
Checking for deadlock:
There are 2 Blocked actors, 0 Stopped actors, and 4 active threads.
Waiting for actors to stop.
Called postfire()
Called prefire()
Called fire()
Checking for deadlock:
There are 3 Blocked actors, 0 Stopped actors, and 4 active threads.
Waiting for actors to stop.
Read input token from inputA with value 5.0
Checking for deadlock:
There are 2 Blocked actors, 0 Stopped actors, and 4 active threads.
Waiting for actors to stop.
Called prefire()
Called fire()
Past the end of training data. Read and discard all inputs.
Checking for deadlock:
There are 3 Blocked actors, 0 Stopped actors, and 4 active threads.
Waiting for actors to stop.
Sent output token with value 4.5
Next port to read input from is inputB
Called postfire()
Called prefire()
Called fire()
Checking for deadlock:
There are 2 Blocked actors, 0 Stopped actors, and 4 active threads.
Waiting for actors to stop.
Called postfire()
Called prefire()
Called fire()
Checking for deadlock:
There are 3 Blocked actors, 0 Stopped actors, and 4 active threads.
Waiting for actors to stop.
Read input token from inputB with value 6.0
Checking for deadlock:
There are 2 Blocked actors, 0 Stopped actors, and 4 active threads.
Waiting for actors to stop.
Called prefire()
Called fire()
Past the end of training data. Read and discard all inputs.
Checking for deadlock:
There are 3 Blocked actors, 0 Stopped actors, and 4 active threads.
Waiting for actors to stop.
Sent output token with value 5.0
Next port to read input from is inputA
Called postfire()
Called prefire()
Called fire()
Checking for deadlock:
There are 2 Blocked actors, 0 Stopped actors, and 4 active threads.
Waiting for actors to stop.
Called postfire()
Called prefire()
Called fire()
Checking for deadlock:
There are 3 Blocked actors, 0 Stopped actors, and 4 active threads.
Waiting for actors to stop.
Read input token from inputA with value 6.0
Checking for deadlock:
There are 2 Blocked actors, 0 Stopped actors, and 4 active threads.
Waiting for actors to stop.
Called prefire()
Called fire()
Past the end of training data. Read and discard all inputs.
Checking for deadlock:
There are 3 Blocked actors, 0 Stopped actors, and 4 active threads.
Waiting for actors to stop.
Sent output token with value 6.0
Next port to read input from is inputB
Called postfire()
Called prefire()
Called fire()
Checking for deadlock:
There are 2 Blocked actors, 0 Stopped actors, and 4 active threads.
Waiting for actors to stop.
Called postfire()
Called prefire()
Called fire()
Checking for deadlock:
There are 3 Blocked actors, 0 Stopped actors, and 4 active threads.
Waiting for actors to stop.
Read input token from inputB with value 7.5
Checking for deadlock:
There are 2 Blocked actors, 0 Stopped actors, and 4 active threads.
Waiting for actors to stop.
Called prefire()
Called fire()
Past the end of training data. Read and discard all inputs.
Checking for deadlock:
There are 3 Blocked actors, 0 Stopped actors, and 4 active threads.
Waiting for actors to stop.
Sent output token with value 6.0
Next port to read input from is inputA
Called postfire()
Called prefire()
Called fire()
Checking for deadlock:
There are 2 Blocked actors, 0 Stopped actors, and 4 active threads.
Waiting for actors to stop.
Called postfire()
Called prefire()
Called fire()
Checking for deadlock:
There are 3 Blocked actors, 0 Stopped actors, and 4 active threads.
Waiting for actors to stop.
Read input token from inputA with value 7.0
Checking for deadlock:
There are 2 Blocked actors, 0 Stopped actors, and 4 active threads.
Waiting for actors to stop.
Called prefire()
Called fire()
Past the end of training data. Read and discard all inputs.
Checking for deadlock:
There are 3 Blocked actors, 0 Stopped actors, and 4 active threads.
Waiting for actors to stop.
Sent output token with value 7.0
Next port to read input from is inputA
Called postfire()
Called prefire()
Called fire()
Checking for deadlock:
There are 2 Blocked actors, 0 Stopped actors, and 4 active threads.
Waiting for actors to stop.
-- Thread wrapup() called.
Called wrapup()
Thread .top.Ramp is exiting.
-- Thread stopped.
Checking for deadlock:
There are 2 Blocked actors, 0 Stopped actors, and 3 active threads.
Waiting for actors to stop.
Read input token from inputA with value 8.0
Checking for deadlock:
There are 1 Blocked actors, 0 Stopped actors, and 3 active threads.
Waiting for actors to stop.
Called prefire()
Called fire()
Past the end of training data. Read and discard all inputs.
Checking for deadlock:
There are 2 Blocked actors, 0 Stopped actors, and 3 active threads.
Waiting for actors to stop.
Sent output token with value 7.5
Next port to read input from is inputB
Called postfire()
Called prefire()
Called fire()
Checking for deadlock:
There are 1 Blocked actors, 0 Stopped actors, and 3 active threads.
Waiting for actors to stop.
Called postfire()
Called prefire()
Called fire()
Checking for deadlock:
There are 2 Blocked actors, 0 Stopped actors, and 3 active threads.
Waiting for actors to stop.
Read input token from inputB with value 9.0
Checking for deadlock:
There are 1 Blocked actors, 0 Stopped actors, and 3 active threads.
Waiting for actors to stop.
Called prefire()
Called fire()
Past the end of training data. Read and discard all inputs.
Checking for deadlock:
There are 2 Blocked actors, 0 Stopped actors, and 3 active threads.
Waiting for actors to stop.
Sent output token with value 8.0
Next port to read input from is inputA
Called postfire()
Called prefire()
Called fire()
Read input token from inputA with value 9.0
Checking for deadlock:
There are 1 Blocked actors, 0 Stopped actors, and 3 active threads.
Waiting for actors to stop.
Called prefire()
Called fire()
Past the end of training data. Read and discard all inputs.
Checking for deadlock:
There are 2 Blocked actors, 0 Stopped actors, and 3 active threads.
Waiting for actors to stop.
Sent output token with value 9.0
Next port to read input from is inputB
Called postfire()
Called prefire()
Called fire()
Checking for deadlock:
There are 1 Blocked actors, 0 Stopped actors, and 3 active threads.
Waiting for actors to stop.
Called postfire()
Called prefire()
Called fire()
Checking for deadlock:
There are 2 Blocked actors, 0 Stopped actors, and 3 active threads.
Waiting for actors to stop.
Read input token from inputB with value 10.5
Checking for deadlock:
There are 1 Blocked actors, 0 Stopped actors, and 3 active threads.
Waiting for actors to stop.
Called prefire()
Called fire()
Past the end of training data. Read and discard all inputs.
Checking for deadlock:
There are 2 Blocked actors, 0 Stopped actors, and 3 active threads.
Waiting for actors to stop.
Sent output token with value 9.0
Next port to read input from is inputA
Called postfire()
Called prefire()
Called fire()
Checking for deadlock:
There are 3 Blocked actors, 0 Stopped actors, and 3 active threads.
Actors have stopped.
Checking for deadlock:
There are 3 Blocked actors, 0 Stopped actors, and 3 active threads.
Deadlock detected.
Resolving Deadlock
Checking for deadlock:
There are 3 Blocked actors, 0 Stopped actors, and 3 active threads.
Artificial Deadlock - increasing queue capacity.
increasing the capacity of receiver ptolemy.actor.TypedIOPort {.top.OrderedMerge.inputB} to 2
Director: Called postfire().
Called postfire().
_stopRequested = false
_stopFireRequested = false
Returning from postfire(): true
Called fire().
Checking for deadlock:
There are 2 Blocked actors, 0 Stopped actors, and 3 active threads.
Waiting for actors to stop.
-- Thread wrapup() called.
Called wrapup()
Thread .top.Ramp2 is exiting.
-- Thread stopped.
Checking for deadlock:
There are 2 Blocked actors, 0 Stopped actors, and 2 active threads.
Actors have stopped.
Checking for deadlock:
There are 2 Blocked actors, 0 Stopped actors, and 2 active threads.
Deadlock detected.
Resolving Deadlock
Checking for deadlock:
There are 2 Blocked actors, 0 Stopped actors, and 2 active threads.
Deadlock detected: no processes blocked on write, but some are blocked on read.
Called postfire().
_stopRequested = false
_stopFireRequested = false
Returning from postfire(): false
Finished deactivating branches.
Called wrapup().
-- Thread wrapup() called.
Called wrapup()
Thread .top.Test is exiting.
-- Thread stopped.
-- Blocked Receiver call threw TerminateProcessException.
-- Thread wrapup() called.
Called wrapup()
Thread .top.OrderedMerge is exiting.
25 ms. Memory: 146944K Free: 112437K (77%)
.top. Preinitializing ...
Invoking preinitialize():  .top.OrderedMerge
Called preinitialize()
Invoking preinitialize():  .top.Ramp
Called preinitialize()
Invoking preinitialize():  .top.Ramp2
Called preinitialize()
Invoking preinitialize():  .top.Test
Called preinitialize()
.top. Finished preinitialize().
Called initialize().
Invoking initialize():  .top.OrderedMerge
Initializing actor: .top.OrderedMerge
Adding a thread: .top.OrderedMerge
Invoking initialize():  .top.Ramp
Initializing actor: .top.Ramp
Adding a thread: .top.Ramp
Invoking initialize():  .top.Ramp2
Initializing actor: .top.Ramp2
Adding a thread: .top.Ramp2
Invoking initialize():  .top.Test
Initializing actor: .top.Test
Adding a thread: .top.Test
-- Thread stopped.
-- Blocked Receiver call threw TerminateProcessException.
-- Starting thread.
Called initialize()
Called prefire()
Called fire()
-- Starting thread.
Called initialize()
Called prefire()
Called fire()
Called postfire()
Called prefire()
Called fire()
-- Starting thread.
Called initialize()
Called prefire()
Called fire()
Called postfire()
Called prefire()
Called fire()
Called fire().
Checking for deadlock:
There are 3 Blocked actors, 0 Stopped actors, and 4 active threads.
Waiting for actors to stop.
-- Starting thread.
Called initialize()
Called prefire()
Called fire()
Checking for deadlock:
There are 2 Blocked actors, 0 Stopped actors, and 4 active threads.
Waiting for actors to stop.
Called postfire()
Called prefire()
Called fire()
Checking for deadlock:
There are 3 Blocked actors, 0 Stopped actors, and 4 active threads.
Waiting for actors to stop.
Read input token from inputA with value 0.0
Next port to read input from is inputB
Called postfire()
Called prefire()
Called fire()
Checking for deadlock:
There are 2 Blocked actors, 0 Stopped actors, and 4 active threads.
Waiting for actors to stop.
Called postfire()
Called prefire()
Called fire()
Checking for deadlock:
There are 3 Blocked actors, 0 Stopped actors, and 4 active threads.
Waiting for actors to stop.
Read input token from inputB with value 0.0
Checking for deadlock:
There are 2 Blocked actors, 0 Stopped actors, and 4 active threads.
Waiting for actors to stop.
-- Read input: 0.0, which is expected to match: 0.0
Called prefire()
Called fire()
Checking for deadlock:
There are 3 Blocked actors, 0 Stopped actors, and 4 active threads.
Waiting for actors to stop.
Sent output token with value 0.0
Next port to read input from is inputA
Called postfire()
Called prefire()
Called fire()
Checking for deadlock:
There are 2 Blocked actors, 0 Stopped actors, and 4 active threads.
Waiting for actors to stop.
Called postfire()
Called prefire()
Called fire()
Checking for deadlock:
There are 3 Blocked actors, 0 Stopped actors, and 4 active threads.
Waiting for actors to stop.
Read input token from inputA with value 1.0
Checking for deadlock:
There are 2 Blocked actors, 0 Stopped actors, and 4 active threads.
Waiting for actors to stop.
-- Read input: 0.0, which is expected to match: 0.0
Called prefire()
Called fire()
Checking for deadlock:
There are 3 Blocked actors, 0 Stopped actors, and 4 active threads.
Waiting for actors to stop.
Sent output token with value 0.0
Next port to read input from is inputB
Called postfire()
Called prefire()
Called fire()
Checking for deadlock:
There are 2 Blocked actors, 0 Stopped actors, and 4 active threads.
Waiting for actors to stop.
Called postfire()
Called prefire()
Called fire()
Checking for deadlock:
There are 3 Blocked actors, 0 Stopped actors, and 4 active threads.
Waiting for actors to stop.
Read input token from inputB with value 1.5
Checking for deadlock:
There are 2 Blocked actors, 0 Stopped actors, and 4 active threads.
Waiting for actors to stop.
-- Read input: 1.0, which is expected to match: 1.0
Called prefire()
Called fire()
Checking for deadlock:
There are 3 Blocked actors, 0 Stopped actors, and 4 active threads.
Waiting for actors to stop.
Sent output token with value 1.0
Next port to read input from is inputA
Called postfire()
Called prefire()
Called fire()
Checking for deadlock:
There are 2 Blocked actors, 0 Stopped actors, and 4 active threads.
Waiting for actors to stop.
Called postfire()
Called prefire()
Called fire()
Checking for deadlock:
There are 3 Blocked actors, 0 Stopped actors, and 4 active threads.
Waiting for actors to stop.
Read input token from inputA with value 2.0
Checking for deadlock:
There are 2 Blocked actors, 0 Stopped actors, and 4 active threads.
Waiting for actors to stop.
-- Read input: 1.5, which is expected to match: 1.5
Called prefire()
Called fire()
Checking for deadlock:
There are 3 Blocked actors, 0 Stopped actors, and 4 active threads.
Waiting for actors to stop.
Sent output token with value 1.5
Next port to read input from is inputB
Called postfire()
Called prefire()
Called fire()
Checking for deadlock:
There are 2 Blocked actors, 0 Stopped actors, and 4 active threads.
Waiting for actors to stop.
Called postfire()
Called prefire()
Called fire()
Checking for deadlock:
There are 3 Blocked actors, 0 Stopped actors, and 4 active threads.
Waiting for actors to stop.
Read input token from inputB with value 3.0
Checking for deadlock:
There are 2 Blocked actors, 0 Stopped actors, and 4 active threads.
Waiting for actors to stop.
-- Read input: 2.0, which is expected to match: 2.0
Called prefire()
Called fire()
Checking for deadlock:
There are 3 Blocked actors, 0 Stopped actors, and 4 active threads.
Waiting for actors to stop.
Sent output token with value 2.0
Next port to read input from is inputA
Called postfire()
Called prefire()
Called fire()
Checking for deadlock:
There are 2 Blocked actors, 0 Stopped actors, and 4 active threads.
Waiting for actors to stop.
Called postfire()
Called prefire()
Called fire()
Checking for deadlock:
There are 3 Blocked actors, 0 Stopped actors, and 4 active threads.
Waiting for actors to stop.
Read input token from inputA with value 3.0
Checking for deadlock:
There are 2 Blocked actors, 0 Stopped actors, and 4 active threads.
Waiting for actors to stop.
-- Read input: 3.0, which is expected to match: 3.0
Called prefire()
Called fire()
Checking for deadlock:
There are 3 Blocked actors, 0 Stopped actors, and 4 active threads.
Waiting for actors to stop.
Sent output token with value 3.0
Next port to read input from is inputB
Called postfire()
Called prefire()
Called fire()
Checking for deadlock:
There are 2 Blocked actors, 0 Stopped actors, and 4 active threads.
Waiting for actors to stop.
Called postfire()
Called prefire()
Called fire()
Checking for deadlock:
There are 3 Blocked actors, 0 Stopped actors, and 4 active threads.
Waiting for actors to stop.
Read input token from inputB with value 4.5
Checking for deadlock:
There are 2 Blocked actors, 0 Stopped actors, and 4 active threads.
Waiting for actors to stop.
-- Read input: 3.0, which is expected to match: 3.0
Called prefire()
Called fire()
Checking for deadlock:
There are 3 Blocked actors, 0 Stopped actors, and 4 active threads.
Waiting for actors to stop.
Sent output token with value 3.0
Next port to read input from is inputA
Called postfire()
Called prefire()
Called fire()
Checking for deadlock:
There are 2 Blocked actors, 0 Stopped actors, and 4 active threads.
Waiting for actors to stop.
Called postfire()
Called prefire()
Called fire()
Checking for deadlock:
There are 3 Blocked actors, 0 Stopped actors, and 4 active threads.
Waiting for actors to stop.
Read input token from inputA with value 4.0
Checking for deadlock:
There are 2 Blocked actors, 0 Stopped actors, and 4 active threads.
Waiting for actors to stop.
-- Read input: 4.0, which is expected to match: 4.0
Called prefire()
Called fire()
Past the end of training data. Read and discard all inputs.
Checking for deadlock:
There are 3 Blocked actors, 0 Stopped actors, and 4 active threads.
Waiting for actors to stop.
Sent output token with value 4.0
Next port to read input from is inputA
Called postfire()
Called prefire()
Called fire()
Checking for deadlock:
There are 2 Blocked actors, 0 Stopped actors, and 4 active threads.
Waiting for actors to stop.
Called postfire()
Called prefire()
Called fire()
Checking for deadlock:
There are 3 Blocked actors, 0 Stopped actors, and 4 active threads.
Waiting for actors to stop.
Read input token from inputA with value 5.0
Checking for deadlock:
There are 2 Blocked actors, 0 Stopped actors, and 4 active threads.
Waiting for actors to stop.
Called prefire()
Called fire()
Past the end of training data. Read and discard all inputs.
Checking for deadlock:
There are 3 Blocked actors, 0 Stopped actors, and 4 active threads.
Waiting for actors to stop.
Sent output token with value 4.5
Next port to read input from is inputB
Called postfire()
Called prefire()
Called fire()
Checking for deadlock:
There are 2 Blocked actors, 0 Stopped actors, and 4 active threads.
Waiting for actors to stop.
Called postfire()
Called prefire()
Called fire()
Checking for deadlock:
There are 3 Blocked actors, 0 Stopped actors, and 4 active threads.
Waiting for actors to stop.
Read input token from inputB with value 6.0
Checking for deadlock:
There are 2 Blocked actors, 0 Stopped actors, and 4 active threads.
Waiting for actors to stop.
Called prefire()
Called fire()
Past the end of training data. Read and discard all inputs.
Checking for deadlock:
There are 3 Blocked actors, 0 Stopped actors, and 4 active threads.
Waiting for actors to stop.
Sent output token with value 5.0
Next port to read input from is inputA
Called postfire()
Called prefire()
Called fire()
Checking for deadlock:
There are 2 Blocked actors, 0 Stopped actors, and 4 active threads.
Waiting for actors to stop.
Called postfire()
Called prefire()
Called fire()
Checking for deadlock:
There are 3 Blocked actors, 0 Stopped actors, and 4 active threads.
Waiting for actors to stop.
Read input token from inputA with value 6.0
Checking for deadlock:
There are 2 Blocked actors, 0 Stopped actors, and 4 active threads.
Waiting for actors to stop.
Called prefire()
Called fire()
Past the end of training data. Read and discard all inputs.
Checking for deadlock:
There are 3 Blocked actors, 0 Stopped actors, and 4 active threads.
Waiting for actors to stop.
Sent output token with value 6.0
Next port to read input from is inputB
Called postfire()
Called prefire()
Called fire()
Checking for deadlock:
There are 2 Blocked actors, 0 Stopped actors, and 4 active threads.
Waiting for actors to stop.
Called postfire()
Called prefire()
Called fire()
Checking for deadlock:
There are 3 Blocked actors, 0 Stopped actors, and 4 active threads.
Waiting for actors to stop.
Read input token from inputB with value 7.5
Checking for deadlock:
There are 2 Blocked actors, 0 Stopped actors, and 4 active threads.
Waiting for actors to stop.
Called prefire()
Called fire()
Past the end of training data. Read and discard all inputs.
Checking for deadlock:
There are 3 Blocked actors, 0 Stopped actors, and 4 active threads.
Waiting for actors to stop.
Sent output token with value 6.0
Next port to read input from is inputA
Called postfire()
Called prefire()
Called fire()
Checking for deadlock:
There are 2 Blocked actors, 0 Stopped actors, and 4 active threads.
Waiting for actors to stop.
Called postfire()
Called prefire()
Called fire()
Checking for deadlock:
There are 3 Blocked actors, 0 Stopped actors, and 4 active threads.
Waiting for actors to stop.
Read input token from inputA with value 7.0
Checking for deadlock:
There are 2 Blocked actors, 0 Stopped actors, and 4 active threads.
Waiting for actors to stop.
Called prefire()
Called fire()
Past the end of training data. Read and discard all inputs.
Checking for deadlock:
There are 3 Blocked actors, 0 Stopped actors, and 4 active threads.
Waiting for actors to stop.
Sent output token with value 7.0
Next port to read input from is inputA
Called postfire()
Called prefire()
Called fire()
Checking for deadlock:
There are 2 Blocked actors, 0 Stopped actors, and 4 active threads.
Waiting for actors to stop.
-- Thread wrapup() called.
Called wrapup()
Thread .top.Ramp is exiting.
Checking for deadlock:
There are 2 Blocked actors, 0 Stopped actors, and 3 active threads.
Waiting for actors to stop.
-- Thread stopped.
Read input token from inputA with value 8.0
Checking for deadlock:
There are 1 Blocked actors, 0 Stopped actors, and 3 active threads.
Waiting for actors to stop.
Called prefire()
Called fire()
Past the end of training data. Read and discard all inputs.
Checking for deadlock:
There are 2 Blocked actors, 0 Stopped actors, and 3 active threads.
Waiting for actors to stop.
Sent output token with value 7.5
Next port to read input from is inputB
Called postfire()
Called prefire()
Called fire()
Checking for deadlock:
There are 1 Blocked actors, 0 Stopped actors, and 3 active threads.
Waiting for actors to stop.
Called postfire()
Called prefire()
Called fire()
Checking for deadlock:
There are 2 Blocked actors, 0 Stopped actors, and 3 active threads.
Waiting for actors to stop.
Read input token from inputB with value 9.0
Checking for deadlock:
There are 1 Blocked actors, 0 Stopped actors, and 3 active threads.
Waiting for actors to stop.
Called prefire()
Called fire()
Past the end of training data. Read and discard all inputs.
Checking for deadlock:
There are 2 Blocked actors, 0 Stopped actors, and 3 active threads.
Waiting for actors to stop.
Sent output token with value 8.0
Next port to read input from is inputA
Called postfire()
Called prefire()
Called fire()
Read input token from inputA with value 9.0
Checking for deadlock:
There are 1 Blocked actors, 0 Stopped actors, and 3 active threads.
Waiting for actors to stop.
Called prefire()
Called fire()
Past the end of training data. Read and discard all inputs.
Checking for deadlock:
There are 2 Blocked actors, 0 Stopped actors, and 3 active threads.
Waiting for actors to stop.
Sent output token with value 9.0
Next port to read input from is inputB
Called postfire()
Called prefire()
Called fire()
Checking for deadlock:
There are 1 Blocked actors, 0 Stopped actors, and 3 active threads.
Waiting for actors to stop.
Called postfire()
Called prefire()
Called fire()
Checking for deadlock:
There are 2 Blocked actors, 0 Stopped actors, and 3 active threads.
Waiting for actors to stop.
Read input token from inputB with value 10.5
Checking for deadlock:
There are 1 Blocked actors, 0 Stopped actors, and 3 active threads.
Waiting for actors to stop.
Called prefire()
Called fire()
Past the end of training data. Read and discard all inputs.
Checking for deadlock:
There are 2 Blocked actors, 0 Stopped actors, and 3 active threads.
Waiting for actors to stop.
Sent output token with value 9.0
Next port to read input from is inputA
Called postfire()
Called prefire()
Called fire()
Checking for deadlock:
There are 3 Blocked actors, 0 Stopped actors, and 3 active threads.
Actors have stopped.
Checking for deadlock:
There are 3 Blocked actors, 0 Stopped actors, and 3 active threads.
Deadlock detected.
Resolving Deadlock
Checking for deadlock:
There are 3 Blocked actors, 0 Stopped actors, and 3 active threads.
Artificial Deadlock - increasing queue capacity.
increasing the capacity of receiver ptolemy.actor.TypedIOPort {.top.OrderedMerge.inputB} to 2
Director: Called postfire().
Called postfire().
_stopRequested = false
_stopFireRequested = false
Returning from postfire(): true
Called fire().
Checking for deadlock:
There are 2 Blocked actors, 0 Stopped actors, and 3 active threads.
Waiting for actors to stop.
-- Thread wrapup() called.
Called wrapup()
Thread .top.Ramp2 is exiting.
-- Thread stopped.
Checking for deadlock:
There are 2 Blocked actors, 0 Stopped actors, and 2 active threads.
Actors have stopped.
Checking for deadlock:
There are 2 Blocked actors, 0 Stopped actors, and 2 active threads.
Deadlock detected.
Resolving Deadlock
Checking for deadlock:
There are 2 Blocked actors, 0 Stopped actors, and 2 active threads.
Deadlock detected: no processes blocked on write, but some are blocked on read.
Called postfire().
_stopRequested = false
_stopFireRequested = false
Returning from postfire(): false
Finished deactivating branches.
Called wrapup().
-- Thread wrapup() called.
Called wrapup()
Thread .top.Test is exiting.
-- Thread stopped.
-- Blocked Receiver call threw TerminateProcessException.
-- Thread wrapup() called.
Called wrapup()
Thread .top.OrderedMerge is exiting.
14 ms. Memory: 146944K Free: 109979K (75%)
/home/travis/build/icyphy/ptII/ptolemy/actor/lib/test/Publisher.tcl
-- Thread stopped.
-- Blocked Receiver call threw TerminateProcessException.
18 ms. Memory: 146944K Free: 103959K (71%)
5 ms. Memory: 146944K Free: 97907K (67%)
3 ms. Memory: 146944K Free: 93092K (63%)
7 ms. Memory: 146944K Free: 93092K (63%)
8 ms. Memory: 146944K Free: 91888K (63%)
10 ms. Memory: 146944K Free: 90684K (62%)
2 ms. Memory: 146944K Free: 90684K (62%)
7 ms. Memory: 146944K Free: 89480K (61%)
1 ms. Memory: 146944K Free: 80150K (55%)
6 ms. Memory: 208896K Free: 197767K (95%)
4 ms. Memory: 208896K Free: 197767K (95%)
1 ms. Memory: 208896K Free: 195270K (93%)
7 ms. Memory: 208896K Free: 185848K (89%)
6 ms. Memory: 208896K Free: 176426K (84%)
15 ms. Memory: 208896K Free: 164633K (79%)
/home/travis/build/icyphy/ptII/ptolemy/actor/lib/test/Pulse.tcl
2 ms. Memory: 208896K Free: 122195K (58%)
1 ms. Memory: 208896K Free: 122195K (58%)
2 ms. Memory: 208896K Free: 119824K (57%)
1 ms. Memory: 208896K Free: 119824K (57%)
1 ms. Memory: 208896K Free: 119824K (57%)
1 ms. Memory: 208896K Free: 119824K (57%)
3 ms. Memory: 208896K Free: 117469K (56%)
2 ms. Memory: 208896K Free: 117469K (56%)
2 ms. Memory: 208896K Free: 117469K (56%)
/home/travis/build/icyphy/ptII/ptolemy/actor/lib/test/Ramp.tcl
3 ms. Memory: 208896K Free: 115113K (55%)
1 ms. Memory: 208896K Free: 112742K (54%)
2 ms. Memory: 208896K Free: 112742K (54%)
2 ms. Memory: 208896K Free: 112742K (54%)
3 ms. Memory: 208896K Free: 110386K (53%)
4 ms. Memory: 208896K Free: 110386K (53%)
5 ms. Memory: 208896K Free: 110386K (53%)
5 actors
6000 microseconds per iteration to create
6 ms. Memory: 208896K Free: 105659K (51%)
3 ms. Memory: 208896K Free: 105659K (51%)
2 ms. Memory: 208896K Free: 105659K (51%)
2 ms. Memory: 208896K Free: 105659K (51%)
50 actors
29000 microseconds per iteration to create
31 ms. Memory: 208896K Free: 89116K (43%)
5 ms. Memory: 208896K Free: 89116K (43%)
6 ms. Memory: 208896K Free: 86760K (42%)
5 ms. Memory: 208896K Free: 86760K (42%)
500 actors
1596000 microseconds per iteration to create
262 ms. Memory: 329728K Free: 275003K (83%)
37 ms. Memory: 329728K Free: 270220K (82%)
38 ms. Memory: 329728K Free: 265436K (81%)
38 ms. Memory: 329728K Free: 255853K (78%)
/home/travis/build/icyphy/ptII/ptolemy/actor/lib/test/RampContinuous.tcl
8 ms. Memory: 329728K Free: 255853K (78%)
/home/travis/build/icyphy/ptII/ptolemy/actor/lib/test/RecordAssembler.tcl
5 ms. Memory: 329728K Free: 255853K (78%)
3 ms. Memory: 329728K Free: 255853K (78%)
/home/travis/build/icyphy/ptII/ptolemy/actor/lib/test/RecordDisassembler.tcl
5 ms. Memory: 329728K Free: 251069K (76%)
3 ms. Memory: 329728K Free: 251069K (76%)
4 ms. Memory: 329728K Free: 251069K (76%)
/home/travis/build/icyphy/ptII/ptolemy/actor/lib/test/Scale.tcl
3 ms. Memory: 329728K Free: 246269K (75%)
2 ms. Memory: 329728K Free: 246269K (75%)
1 ms. Memory: 329728K Free: 246269K (75%)
2 ms. Memory: 329728K Free: 246269K (75%)
2 ms. Memory: 329728K Free: 246269K (75%)
/home/travis/build/icyphy/ptII/ptolemy/actor/lib/test/SequentialClock.tcl
preinitializing
resolving types
initializing
executing number 1
wrapping up
idle
2 ms. Memory: 329728K Free: 241486K (73%)
Completed execution with 5 iterations
preinitializing
resolving types
initializing
executing number 1
wrapping up
idle
2 ms. Memory: 329728K Free: 241486K (73%)
Completed execution with 5 iterations
preinitializing
resolving types
initializing
executing number 1
wrapping up
idle
1 ms. Memory: 329728K Free: 241486K (73%)
Completed execution with 5 iterations
/home/travis/build/icyphy/ptII/ptolemy/actor/lib/test/SetVariable.tcl
5 ms. Memory: 329728K Free: 241486K (73%)
/home/travis/build/icyphy/ptII/ptolemy/actor/lib/test/Sinewave.tcl
/home/travis/build/icyphy/ptII/ptolemy/actor/lib/test/SubscriptionAggregator.tcl
9 ms. Memory: 329728K Free: 227134K (69%)
2 ms. Memory: 329728K Free: 227134K (69%)
1 ms. Memory: 329728K Free: 227134K (69%)
1 ms. Memory: 329728K Free: 227134K (69%)
1 ms. Memory: 329728K Free: 222351K (67%)
4 ms. Memory: 329728K Free: 217551K (66%)
...............................................................962 ms. Memory: 479232K Free: 248969K (52%)
/home/travis/build/icyphy/ptII/ptolemy/actor/lib/test/Test.tcl
 The next command will produce a warning about training mode,
   which may be ignored.
4 ms. Memory: 479232K Free: 248969K (52%)
2 ms. Memory: 479232K Free: 248969K (52%)
1 ms. Memory: 479232K Free: 248969K (52%)
1 ms. Memory: 479232K Free: 248969K (52%)
2 ms. Memory: 479232K Free: 241260K (50%)
3 ms. Memory: 479232K Free: 241260K (50%)
3 ms. Memory: 479232K Free: 241260K (50%)
 The next command will produce a warning about training mode,
   which may be ignored.
4 ms. Memory: 479232K Free: 241260K (50%)
 The next command will produce a warning about training mode,
   which may be ignored.
2 ms. Memory: 479232K Free: 241260K (50%)
1 ms. Memory: 479232K Free: 241260K (50%)
1 ms. Memory: 479232K Free: 241260K (50%)
1 ms. Memory: 479232K Free: 233543K (49%)
1 ms. Memory: 479232K Free: 233543K (49%)
2 ms. Memory: 479232K Free: 233543K (49%)
/home/travis/build/icyphy/ptII/ptolemy/actor/lib/test/TestExceptionHandler.tcl
 The next command will produce a warning about training mode,
   which may be ignored.
2 ms. Memory: 479232K Free: 233543K (49%)
0 ms. Memory: 479232K Free: 233543K (49%)
1 ms. Memory: 479232K Free: 233543K (49%)
/home/travis/build/icyphy/ptII/ptolemy/actor/lib/test/UnionDisassembler.tcl
12 ms. Memory: 479232K Free: 225841K (47%)
/home/travis/build/icyphy/ptII/ptolemy/actor/lib/test/VariableClock.tcl
preinitializing
resolving types
initializing
executing number 1
wrapping up
idle
3 ms. Memory: 479232K Free: 218140K (46%)
Completed execution with 11 iterations
preinitializing
resolving types
initializing
executing number 1
wrapping up
idle
4 ms. Memory: 479232K Free: 218140K (46%)
Completed execution with 10 iterations
06/08/18 02:21:53
Failed: 0  Total Tests: 234  ((Passed: 234, Newly Passed: 0)  Known Failed: 0) /home/travis/build/icyphy/ptII/ptolemy/actor/lib/test
----------------- testing (KnownFailure) /home/travis/build/icyphy/ptII/ptolemy/actor/lib/test/auto/knownFailedTests/PublisherPortToplevelSubscriber.xml
0 ms. Memory: 479232K Free: 210378K (44%)
Known Failure: java.lang.reflect.InvocationTargetException
----------------- testing (KnownFailure) /home/travis/build/icyphy/ptII/ptolemy/actor/lib/test/auto/knownFailedTests/PublisherSubscriberPortToplevel.xml
1 ms. Memory: 479232K Free: 194854K (41%)
Known Failure: java.lang.reflect.InvocationTargetException
----------------- testing (KnownFailure) /home/travis/build/icyphy/ptII/ptolemy/actor/lib/test/auto/knownFailedTests/PublisherSubscriptionAggregatorPort.xml
3 ms. Memory: 479232K Free: 179330K (37%)
Known Failure: java.lang.reflect.InvocationTargetException
----------------- testing (KnownFailure) /home/travis/build/icyphy/ptII/ptolemy/actor/lib/test/auto/knownFailedTests/sizedarray3.xml
4 ms. Memory: 479232K Free: 163806K (34%)
Known Failure: java.lang.reflect.InvocationTargetException
No auto/linux-amd64/*.xml tests in /home/travis/build/icyphy/ptII/ptolemy/actor/lib/test
AutoTests.java: About to close Vertx.
AutoTests.java: Vertx closed.

===========================================================================================
----------------- testing Fri Jun 08 14:21:54 UTC 2018 /home/travis/build/icyphy/ptII/ptolemy/actor/lib/test/auto/AbsoluteValue.xml
----------------- Instantiating /home/travis/build/icyphy/ptII/ptolemy/actor/lib/test/auto/AbsoluteValue.xml
10 ms. Memory: 479232K Free: 94131K (20%)
----------------- Invoking toplevel() on ptolemy.moml.MoMLSimpleApplication@38f0eacf
----------------- Done invoking toplevel() on ptolemy.moml.MoMLSimpleApplication@38f0eacf
reloadAllAccessors: .AbsoluteValue

===========================================================================================
----------------- testing Fri Jun 08 14:21:54 UTC 2018 /home/travis/build/icyphy/ptII/ptolemy/actor/lib/test/auto/AbsoluteValue2.xml
----------------- Instantiating /home/travis/build/icyphy/ptII/ptolemy/actor/lib/test/auto/AbsoluteValue2.xml
5 ms. Memory: 479232K Free: 74770K (16%)
----------------- Invoking toplevel() on ptolemy.moml.MoMLSimpleApplication@65a2b364
----------------- Done invoking toplevel() on ptolemy.moml.MoMLSimpleApplication@65a2b364
reloadAllAccessors: .AbsoluteValue2

===========================================================================================
----------------- testing Fri Jun 08 14:21:54 UTC 2018 /home/travis/build/icyphy/ptII/ptolemy/actor/lib/test/auto/Accumulator.xml
----------------- Instantiating /home/travis/build/icyphy/ptII/ptolemy/actor/lib/test/auto/Accumulator.xml
77 ms. Memory: 480256K Free: 436071K (91%)
----------------- Invoking toplevel() on ptolemy.moml.MoMLSimpleApplication@302f2b20
----------------- Done invoking toplevel() on ptolemy.moml.MoMLSimpleApplication@302f2b20
reloadAllAccessors: .Accumulator

===========================================================================================
----------------- testing Fri Jun 08 14:21:54 UTC 2018 /home/travis/build/icyphy/ptII/ptolemy/actor/lib/test/auto/Accumulator2.xml
----------------- Instantiating /home/travis/build/icyphy/ptII/ptolemy/actor/lib/test/auto/Accumulator2.xml
3 ms. Memory: 480256K Free: 419475K (87%)
----------------- Invoking toplevel() on ptolemy.moml.MoMLSimpleApplication@2a391386
----------------- Done invoking toplevel() on ptolemy.moml.MoMLSimpleApplication@2a391386
reloadAllAccessors: .Accumulator2

===========================================================================================
----------------- testing Fri Jun 08 14:21:54 UTC 2018 /home/travis/build/icyphy/ptII/ptolemy/actor/lib/test/auto/Accumulator3.xml
----------------- Instantiating /home/travis/build/icyphy/ptII/ptolemy/actor/lib/test/auto/Accumulator3.xml
3 ms. Memory: 480256K Free: 414301K (86%)
----------------- Invoking toplevel() on ptolemy.moml.MoMLSimpleApplication@823829d
----------------- Done invoking toplevel() on ptolemy.moml.MoMLSimpleApplication@823829d
reloadAllAccessors: .Accumulator3

===========================================================================================
----------------- testing Fri Jun 08 14:21:54 UTC 2018 /home/travis/build/icyphy/ptII/ptolemy/actor/lib/test/auto/ArrayAppend.xml
----------------- Instantiating /home/travis/build/icyphy/ptII/ptolemy/actor/lib/test/auto/ArrayAppend.xml
9 ms. Memory: 480256K Free: 406442K (85%)
----------------- Invoking toplevel() on ptolemy.moml.MoMLSimpleApplication@42069142
----------------- Done invoking toplevel() on ptolemy.moml.MoMLSimpleApplication@42069142
reloadAllAccessors: .ArrayAppend

===========================================================================================
----------------- testing Fri Jun 08 14:21:54 UTC 2018 /home/travis/build/icyphy/ptII/ptolemy/actor/lib/test/auto/ArrayAppend2.xml
----------------- Instantiating /home/travis/build/icyphy/ptII/ptolemy/actor/lib/test/auto/ArrayAppend2.xml
388 ms. Memory: 480256K Free: 314205K (65%)
----------------- Invoking toplevel() on ptolemy.moml.MoMLSimpleApplication@1de4c04d
----------------- Done invoking toplevel() on ptolemy.moml.MoMLSimpleApplication@1de4c04d
reloadAllAccessors: .ArrayAppend2

===========================================================================================
----------------- testing Fri Jun 08 14:21:55 UTC 2018 /home/travis/build/icyphy/ptII/ptolemy/actor/lib/test/auto/ArrayAppend3.xml
----------------- Instantiating /home/travis/build/icyphy/ptII/ptolemy/actor/lib/test/auto/ArrayAppend3.xml
4 ms. Memory: 480256K Free: 306435K (64%)
----------------- Invoking toplevel() on ptolemy.moml.MoMLSimpleApplication@7e1ccd4c
----------------- Done invoking toplevel() on ptolemy.moml.MoMLSimpleApplication@7e1ccd4c
reloadAllAccessors: .ArrayAppend3

===========================================================================================
----------------- testing Fri Jun 08 14:21:55 UTC 2018 /home/travis/build/icyphy/ptII/ptolemy/actor/lib/test/auto/ArrayAppend4.xml
----------------- Instantiating /home/travis/build/icyphy/ptII/ptolemy/actor/lib/test/auto/ArrayAppend4.xml
2 ms. Memory: 480256K Free: 298665K (62%)
----------------- Invoking toplevel() on ptolemy.moml.MoMLSimpleApplication@a478e27
----------------- Done invoking toplevel() on ptolemy.moml.MoMLSimpleApplication@a478e27
reloadAllAccessors: .ArrayAppend4

===========================================================================================
----------------- testing Fri Jun 08 14:21:55 UTC 2018 /home/travis/build/icyphy/ptII/ptolemy/actor/lib/test/auto/ArrayAppend5.xml
----------------- Instantiating /home/travis/build/icyphy/ptII/ptolemy/actor/lib/test/auto/ArrayAppend5.xml
6 ms. Memory: 480256K Free: 284064K (59%)
----------------- Invoking toplevel() on ptolemy.moml.MoMLSimpleApplication@5b8e3002
----------------- Done invoking toplevel() on ptolemy.moml.MoMLSimpleApplication@5b8e3002
reloadAllAccessors: .ArrayAppend5

===========================================================================================
----------------- testing Fri Jun 08 14:21:55 UTC 2018 /home/travis/build/icyphy/ptII/ptolemy/actor/lib/test/auto/ArrayAppend6.xml
----------------- Instantiating /home/travis/build/icyphy/ptII/ptolemy/actor/lib/test/auto/ArrayAppend6.xml
4 ms. Memory: 480256K Free: 276302K (58%)
----------------- Invoking toplevel() on ptolemy.moml.MoMLSimpleApplication@2828b0d
----------------- Done invoking toplevel() on ptolemy.moml.MoMLSimpleApplication@2828b0d
reloadAllAccessors: .ArrayAppend6

===========================================================================================
----------------- testing Fri Jun 08 14:21:55 UTC 2018 /home/travis/build/icyphy/ptII/ptolemy/actor/lib/test/auto/ArrayAppendPerformanceTest.xml
----------------- Instantiating /home/travis/build/icyphy/ptII/ptolemy/actor/lib/test/auto/ArrayAppendPerformanceTest.xml
21 ms. Memory: 480256K Free: 265945K (55%)
----------------- Invoking toplevel() on ptolemy.moml.MoMLSimpleApplication@69723b19
----------------- Done invoking toplevel() on ptolemy.moml.MoMLSimpleApplication@69723b19
reloadAllAccessors: .ArrayAppendPerformanceTest

===========================================================================================
----------------- testing Fri Jun 08 14:21:55 UTC 2018 /home/travis/build/icyphy/ptII/ptolemy/actor/lib/test/auto/ArrayAppendWithEmptyInput.xml
----------------- Instantiating /home/travis/build/icyphy/ptII/ptolemy/actor/lib/test/auto/ArrayAppendWithEmptyInput.xml
22 ms. Memory: 480256K Free: 248733K (52%)
----------------- Invoking toplevel() on ptolemy.moml.MoMLSimpleApplication@2aff8f54
----------------- Done invoking toplevel() on ptolemy.moml.MoMLSimpleApplication@2aff8f54
reloadAllAccessors: .ArrayAppendWithEmptyInput

===========================================================================================
----------------- testing Fri Jun 08 14:21:55 UTC 2018 /home/travis/build/icyphy/ptII/ptolemy/actor/lib/test/auto/ArrayAverage.xml
----------------- Instantiating /home/travis/build/icyphy/ptII/ptolemy/actor/lib/test/auto/ArrayAverage.xml
5 ms. Memory: 480256K Free: 238367K (50%)
----------------- Invoking toplevel() on ptolemy.moml.MoMLSimpleApplication@1d79f4ef
----------------- Done invoking toplevel() on ptolemy.moml.MoMLSimpleApplication@1d79f4ef
reloadAllAccessors: .ArrayAverage

===========================================================================================
----------------- testing Fri Jun 08 14:21:55 UTC 2018 /home/travis/build/icyphy/ptII/ptolemy/actor/lib/test/auto/ArrayContains.xml
----------------- Instantiating /home/travis/build/icyphy/ptII/ptolemy/actor/lib/test/auto/ArrayContains.xml
13 ms. Memory: 480256K Free: 230589K (48%)
----------------- Invoking toplevel() on ptolemy.moml.MoMLSimpleApplication@2c4ea8cb
----------------- Done invoking toplevel() on ptolemy.moml.MoMLSimpleApplication@2c4ea8cb
reloadAllAccessors: .ArrayContains

===========================================================================================
----------------- testing Fri Jun 08 14:21:55 UTC 2018 /home/travis/build/icyphy/ptII/ptolemy/actor/lib/test/auto/ArrayElement.xml
----------------- Instantiating /home/travis/build/icyphy/ptII/ptolemy/actor/lib/test/auto/ArrayElement.xml
9 ms. Memory: 480256K Free: 215973K (45%)
----------------- Invoking toplevel() on ptolemy.moml.MoMLSimpleApplication@7f1e9c13
----------------- Done invoking toplevel() on ptolemy.moml.MoMLSimpleApplication@7f1e9c13
reloadAllAccessors: .ArrayElement

===========================================================================================
----------------- testing Fri Jun 08 14:21:55 UTC 2018 /home/travis/build/icyphy/ptII/ptolemy/actor/lib/test/auto/ArrayElementAsMatrix.xml
----------------- Instantiating /home/travis/build/icyphy/ptII/ptolemy/actor/lib/test/auto/ArrayElementAsMatrix.xml
30 ms. Memory: 480256K Free: 205607K (43%)
----------------- Invoking toplevel() on ptolemy.moml.MoMLSimpleApplication@1520abff
----------------- Done invoking toplevel() on ptolemy.moml.MoMLSimpleApplication@1520abff
reloadAllAccessors: .ArrayElementAsMatrix

===========================================================================================
----------------- testing Fri Jun 08 14:21:55 UTC 2018 /home/travis/build/icyphy/ptII/ptolemy/actor/lib/test/auto/ArrayElementI.xml
----------------- Instantiating /home/travis/build/icyphy/ptII/ptolemy/actor/lib/test/auto/ArrayElementI.xml
3 ms. Memory: 480256K Free: 197829K (41%)
----------------- Invoking toplevel() on ptolemy.moml.MoMLSimpleApplication@246ef5a1
----------------- Done invoking toplevel() on ptolemy.moml.MoMLSimpleApplication@246ef5a1
reloadAllAccessors: .ArrayElementI

===========================================================================================
----------------- testing Fri Jun 08 14:21:55 UTC 2018 /home/travis/build/icyphy/ptII/ptolemy/actor/lib/test/auto/ArrayExtract.xml
----------------- Instantiating /home/travis/build/icyphy/ptII/ptolemy/actor/lib/test/auto/ArrayExtract.xml
8 ms. Memory: 480256K Free: 183220K (38%)
----------------- Invoking toplevel() on ptolemy.moml.MoMLSimpleApplication@5bfd8600
----------------- Done invoking toplevel() on ptolemy.moml.MoMLSimpleApplication@5bfd8600
reloadAllAccessors: .ArrayExtract

===========================================================================================
----------------- testing Fri Jun 08 14:21:55 UTC 2018 /home/travis/build/icyphy/ptII/ptolemy/actor/lib/test/auto/ArrayExtract2.xml
----------------- Instantiating /home/travis/build/icyphy/ptII/ptolemy/actor/lib/test/auto/ArrayExtract2.xml
2 ms. Memory: 480256K Free: 175450K (37%)
----------------- Invoking toplevel() on ptolemy.moml.MoMLSimpleApplication@13f89a67
----------------- Done invoking toplevel() on ptolemy.moml.MoMLSimpleApplication@13f89a67
reloadAllAccessors: .ArrayExtract2

===========================================================================================
----------------- testing Fri Jun 08 14:21:55 UTC 2018 /home/travis/build/icyphy/ptII/ptolemy/actor/lib/test/auto/ArrayLength.xml
----------------- Instantiating /home/travis/build/icyphy/ptII/ptolemy/actor/lib/test/auto/ArrayLength.xml
1 ms. Memory: 480256K Free: 170276K (35%)
----------------- Invoking toplevel() on ptolemy.moml.MoMLSimpleApplication@418b4aed
----------------- Done invoking toplevel() on ptolemy.moml.MoMLSimpleApplication@418b4aed
reloadAllAccessors: .ArrayLength

===========================================================================================
----------------- testing Fri Jun 08 14:21:55 UTC 2018 /home/travis/build/icyphy/ptII/ptolemy/actor/lib/test/auto/ArrayLevelCrossing.xml
----------------- Instantiating /home/travis/build/icyphy/ptII/ptolemy/actor/lib/test/auto/ArrayLevelCrossing.xml
7 ms. Memory: 480256K Free: 149159K (31%)
----------------- Invoking toplevel() on ptolemy.moml.MoMLSimpleApplication@6ab8c7bd
----------------- Done invoking toplevel() on ptolemy.moml.MoMLSimpleApplication@6ab8c7bd
reloadAllAccessors: .ArrayLevelCrossing

===========================================================================================
----------------- testing Fri Jun 08 14:21:55 UTC 2018 /home/travis/build/icyphy/ptII/ptolemy/actor/lib/test/auto/ArrayLevelCrossing2.xml
----------------- Instantiating /home/travis/build/icyphy/ptII/ptolemy/actor/lib/test/auto/ArrayLevelCrossing2.xml
9 ms. Memory: 480256K Free: 141381K (29%)
----------------- Invoking toplevel() on ptolemy.moml.MoMLSimpleApplication@6fed73ef
----------------- Done invoking toplevel() on ptolemy.moml.MoMLSimpleApplication@6fed73ef
reloadAllAccessors: .ArrayLevelCrossing2

===========================================================================================
----------------- testing Fri Jun 08 14:21:55 UTC 2018 /home/travis/build/icyphy/ptII/ptolemy/actor/lib/test/auto/ArrayPeakSearch.xml
----------------- Instantiating /home/travis/build/icyphy/ptII/ptolemy/actor/lib/test/auto/ArrayPeakSearch.xml
6 ms. Memory: 480256K Free: 131016K (27%)
----------------- Invoking toplevel() on ptolemy.moml.MoMLSimpleApplication@3a7b7fd0
----------------- Done invoking toplevel() on ptolemy.moml.MoMLSimpleApplication@3a7b7fd0
reloadAllAccessors: .ArrayPeakSearch

===========================================================================================
----------------- testing Fri Jun 08 14:21:55 UTC 2018 /home/travis/build/icyphy/ptII/ptolemy/actor/lib/test/auto/ArrayPeakSearch2.xml
----------------- Instantiating /home/travis/build/icyphy/ptII/ptolemy/actor/lib/test/auto/ArrayPeakSearch2.xml
3 ms. Memory: 480256K Free: 111204K (23%)
----------------- Invoking toplevel() on ptolemy.moml.MoMLSimpleApplication@5a2693d4
----------------- Done invoking toplevel() on ptolemy.moml.MoMLSimpleApplication@5a2693d4
reloadAllAccessors: .ArrayPeakSearch2

===========================================================================================
----------------- testing Fri Jun 08 14:21:56 UTC 2018 /home/travis/build/icyphy/ptII/ptolemy/actor/lib/test/auto/ArrayPeakSearch3.xml
----------------- Instantiating /home/travis/build/icyphy/ptII/ptolemy/actor/lib/test/auto/ArrayPeakSearch3.xml
3 ms. Memory: 480256K Free: 100854K (21%)
----------------- Invoking toplevel() on ptolemy.moml.MoMLSimpleApplication@4cfb410f
----------------- Done invoking toplevel() on ptolemy.moml.MoMLSimpleApplication@4cfb410f
reloadAllAccessors: .ArrayPeakSearch3

===========================================================================================
----------------- testing Fri Jun 08 14:21:56 UTC 2018 /home/travis/build/icyphy/ptII/ptolemy/actor/lib/test/auto/ArrayRemoveElement.xml
----------------- Instantiating /home/travis/build/icyphy/ptII/ptolemy/actor/lib/test/auto/ArrayRemoveElement.xml
3 ms. Memory: 480256K Free: 90489K (19%)
----------------- Invoking toplevel() on ptolemy.moml.MoMLSimpleApplication@4c543c81
----------------- Done invoking toplevel() on ptolemy.moml.MoMLSimpleApplication@4c543c81
reloadAllAccessors: .ArrayRemoveElement

===========================================================================================
----------------- testing Fri Jun 08 14:21:56 UTC 2018 /home/travis/build/icyphy/ptII/ptolemy/actor/lib/test/auto/ArraySort.xml
----------------- Instantiating /home/travis/build/icyphy/ptII/ptolemy/actor/lib/test/auto/ArraySort.xml
4 ms. Memory: 480256K Free: 73293K (15%)
----------------- Invoking toplevel() on ptolemy.moml.MoMLSimpleApplication@5cb630f7
----------------- Done invoking toplevel() on ptolemy.moml.MoMLSimpleApplication@5cb630f7
reloadAllAccessors: .ArraySort

===========================================================================================
----------------- testing Fri Jun 08 14:21:56 UTC 2018 /home/travis/build/icyphy/ptII/ptolemy/actor/lib/test/auto/ArraySum.xml
----------------- Instantiating /home/travis/build/icyphy/ptII/ptolemy/actor/lib/test/auto/ArraySum.xml
3 ms. Memory: 480256K Free: 65515K (14%)
----------------- Invoking toplevel() on ptolemy.moml.MoMLSimpleApplication@6d81b5e1
----------------- Done invoking toplevel() on ptolemy.moml.MoMLSimpleApplication@6d81b5e1
reloadAllAccessors: .ArraySum

===========================================================================================
----------------- testing Fri Jun 08 14:21:56 UTC 2018 /home/travis/build/icyphy/ptII/ptolemy/actor/lib/test/auto/ArrayToElements.xml
----------------- Instantiating /home/travis/build/icyphy/ptII/ptolemy/actor/lib/test/auto/ArrayToElements.xml
10 ms. Memory: 480256K Free: 57737K (12%)
----------------- Invoking toplevel() on ptolemy.moml.MoMLSimpleApplication@3375d722
----------------- Done invoking toplevel() on ptolemy.moml.MoMLSimpleApplication@3375d722
reloadAllAccessors: .ArrayToElements

===========================================================================================
----------------- testing Fri Jun 08 14:21:56 UTC 2018 /home/travis/build/icyphy/ptII/ptolemy/actor/lib/test/auto/ArrayToMatrix.xml
----------------- Instantiating /home/travis/build/icyphy/ptII/ptolemy/actor/lib/test/auto/ArrayToMatrix.xml
10 ms. Memory: 718848K Free: 659162K (92%)
----------------- Invoking toplevel() on ptolemy.moml.MoMLSimpleApplication@115daa50
----------------- Done invoking toplevel() on ptolemy.moml.MoMLSimpleApplication@115daa50
reloadAllAccessors: .ArrayToMatrix

===========================================================================================
----------------- testing Fri Jun 08 14:21:56 UTC 2018 /home/travis/build/icyphy/ptII/ptolemy/actor/lib/test/auto/ArrayUpdate1.xml
----------------- Instantiating /home/travis/build/icyphy/ptII/ptolemy/actor/lib/test/auto/ArrayUpdate1.xml
2 ms. Memory: 718848K Free: 643049K (89%)
----------------- Invoking toplevel() on ptolemy.moml.MoMLSimpleApplication@55b1b8c4
----------------- Done invoking toplevel() on ptolemy.moml.MoMLSimpleApplication@55b1b8c4
reloadAllAccessors: .ArrayUpdate1

===========================================================================================
----------------- testing Fri Jun 08 14:21:56 UTC 2018 /home/travis/build/icyphy/ptII/ptolemy/actor/lib/test/auto/ArrayUpdate2.xml
----------------- Instantiating /home/travis/build/icyphy/ptII/ptolemy/actor/lib/test/auto/ArrayUpdate2.xml
5 ms. Memory: 718848K Free: 634691K (88%)
----------------- Invoking toplevel() on ptolemy.moml.MoMLSimpleApplication@614a13fc
----------------- Done invoking toplevel() on ptolemy.moml.MoMLSimpleApplication@614a13fc
reloadAllAccessors: .ArrayUpdate2

===========================================================================================
----------------- testing Fri Jun 08 14:21:56 UTC 2018 /home/travis/build/icyphy/ptII/ptolemy/actor/lib/test/auto/ArrayUpdate3.xml
----------------- Instantiating /home/travis/build/icyphy/ptII/ptolemy/actor/lib/test/auto/ArrayUpdate3.xml
2 ms. Memory: 718848K Free: 626417K (87%)
----------------- Invoking toplevel() on ptolemy.moml.MoMLSimpleApplication@3be1f495
----------------- Done invoking toplevel() on ptolemy.moml.MoMLSimpleApplication@3be1f495
reloadAllAccessors: .ArrayUpdate3

===========================================================================================
----------------- testing Fri Jun 08 14:21:56 UTC 2018 /home/travis/build/icyphy/ptII/ptolemy/actor/lib/test/auto/Assert1.xml
----------------- Instantiating /home/travis/build/icyphy/ptII/ptolemy/actor/lib/test/auto/Assert1.xml
3 ms. Memory: 718848K Free: 610304K (85%)
----------------- Invoking toplevel() on ptolemy.moml.MoMLSimpleApplication@6c1a9566
----------------- Done invoking toplevel() on ptolemy.moml.MoMLSimpleApplication@6c1a9566
reloadAllAccessors: .Assert1

===========================================================================================
----------------- testing Fri Jun 08 14:21:56 UTC 2018 /home/travis/build/icyphy/ptII/ptolemy/actor/lib/test/auto/Assert2.xml
----------------- Instantiating /home/travis/build/icyphy/ptII/ptolemy/actor/lib/test/auto/Assert2.xml
2 ms. Memory: 718848K Free: 602030K (84%)
----------------- Invoking toplevel() on ptolemy.moml.MoMLSimpleApplication@346e9c67
----------------- Done invoking toplevel() on ptolemy.moml.MoMLSimpleApplication@346e9c67
reloadAllAccessors: .Assert2

===========================================================================================
----------------- testing Fri Jun 08 14:21:56 UTC 2018 /home/travis/build/icyphy/ptII/ptolemy/actor/lib/test/auto/BooleanMultiplexor.xml
----------------- Instantiating /home/travis/build/icyphy/ptII/ptolemy/actor/lib/test/auto/BooleanMultiplexor.xml
4 ms. Memory: 718848K Free: 593756K (83%)
----------------- Invoking toplevel() on ptolemy.moml.MoMLSimpleApplication@7f460817
----------------- Done invoking toplevel() on ptolemy.moml.MoMLSimpleApplication@7f460817
reloadAllAccessors: .BooleanMultiplexor

===========================================================================================
----------------- testing Fri Jun 08 14:21:56 UTC 2018 /home/travis/build/icyphy/ptII/ptolemy/actor/lib/test/auto/BooleanMultiplexor2.xml
----------------- Instantiating /home/travis/build/icyphy/ptII/ptolemy/actor/lib/test/auto/BooleanMultiplexor2.xml
4 ms. Memory: 718848K Free: 581329K (81%)
----------------- Invoking toplevel() on ptolemy.moml.MoMLSimpleApplication@397e3826
----------------- Done invoking toplevel() on ptolemy.moml.MoMLSimpleApplication@397e3826
reloadAllAccessors: .BooleanMultiplexor2

===========================================================================================
----------------- testing Fri Jun 08 14:21:56 UTC 2018 /home/travis/build/icyphy/ptII/ptolemy/actor/lib/test/auto/BooleanMultiplexor3.xml
----------------- Instantiating /home/travis/build/icyphy/ptII/ptolemy/actor/lib/test/auto/BooleanMultiplexor3.xml
1 ms. Memory: 718848K Free: 565217K (79%)
----------------- Invoking toplevel() on ptolemy.moml.MoMLSimpleApplication@23e8ff93
----------------- Done invoking toplevel() on ptolemy.moml.MoMLSimpleApplication@23e8ff93
reloadAllAccessors: .BooleanMultiplexor3

===========================================================================================
----------------- testing Fri Jun 08 14:21:56 UTC 2018 /home/travis/build/icyphy/ptII/ptolemy/actor/lib/test/auto/BooleanSelect.xml
----------------- Instantiating /home/travis/build/icyphy/ptII/ptolemy/actor/lib/test/auto/BooleanSelect.xml
3 ms. Memory: 718848K Free: 556943K (77%)
----------------- Invoking toplevel() on ptolemy.moml.MoMLSimpleApplication@6a8ddb0a
----------------- Done invoking toplevel() on ptolemy.moml.MoMLSimpleApplication@6a8ddb0a
reloadAllAccessors: .BooleanSelect

===========================================================================================
----------------- testing Fri Jun 08 14:21:56 UTC 2018 /home/travis/build/icyphy/ptII/ptolemy/actor/lib/test/auto/BooleanSelect2.xml
----------------- Instantiating /home/travis/build/icyphy/ptII/ptolemy/actor/lib/test/auto/BooleanSelect2.xml
2 ms. Memory: 718848K Free: 548669K (76%)
----------------- Invoking toplevel() on ptolemy.moml.MoMLSimpleApplication@58683d2e
----------------- Done invoking toplevel() on ptolemy.moml.MoMLSimpleApplication@58683d2e
reloadAllAccessors: .BooleanSelect2

===========================================================================================
----------------- testing Fri Jun 08 14:21:56 UTC 2018 /home/travis/build/icyphy/ptII/ptolemy/actor/lib/test/auto/BooleanSwitch.xml
----------------- Instantiating /home/travis/build/icyphy/ptII/ptolemy/actor/lib/test/auto/BooleanSwitch.xml
2 ms. Memory: 718848K Free: 532556K (74%)
----------------- Invoking toplevel() on ptolemy.moml.MoMLSimpleApplication@5ffdcfa2
----------------- Done invoking toplevel() on ptolemy.moml.MoMLSimpleApplication@5ffdcfa2
reloadAllAccessors: .BooleanSwitch

===========================================================================================
----------------- testing Fri Jun 08 14:21:56 UTC 2018 /home/travis/build/icyphy/ptII/ptolemy/actor/lib/test/auto/BooleanSwitch2.xml
----------------- Instantiating /home/travis/build/icyphy/ptII/ptolemy/actor/lib/test/auto/BooleanSwitch2.xml
1 ms. Memory: 718848K Free: 524282K (73%)
----------------- Invoking toplevel() on ptolemy.moml.MoMLSimpleApplication@801b3da
----------------- Done invoking toplevel() on ptolemy.moml.MoMLSimpleApplication@801b3da
reloadAllAccessors: .BooleanSwitch2

===========================================================================================
----------------- testing Fri Jun 08 14:21:56 UTC 2018 /home/travis/build/icyphy/ptII/ptolemy/actor/lib/test/auto/BooleanSwitchCloningBugWithClassRelationGroup.xml
----------------- Instantiating /home/travis/build/icyphy/ptII/ptolemy/actor/lib/test/auto/BooleanSwitchCloningBugWithClassRelationGroup.xml
2 ms. Memory: 718848K Free: 511870K (71%)
----------------- Invoking toplevel() on ptolemy.moml.MoMLSimpleApplication@6703b9b2
----------------- Done invoking toplevel() on ptolemy.moml.MoMLSimpleApplication@6703b9b2
reloadAllAccessors: .BooleanSwitchCloningBugWithClassRelationGroup

===========================================================================================
----------------- testing Fri Jun 08 14:21:56 UTC 2018 /home/travis/build/icyphy/ptII/ptolemy/actor/lib/test/auto/BusActors.xml
----------------- Instantiating /home/travis/build/icyphy/ptII/ptolemy/actor/lib/test/auto/BusActors.xml
4 ms. Memory: 718848K Free: 499443K (69%)
----------------- Invoking toplevel() on ptolemy.moml.MoMLSimpleApplication@d764631
----------------- Done invoking toplevel() on ptolemy.moml.MoMLSimpleApplication@d764631
reloadAllAccessors: .BusActors

===========================================================================================
----------------- testing Fri Jun 08 14:21:56 UTC 2018 /home/travis/build/icyphy/ptII/ptolemy/actor/lib/test/auto/ClassWrapper.xml
----------------- Instantiating /home/travis/build/icyphy/ptII/ptolemy/actor/lib/test/auto/ClassWrapper.xml
2 ms. Memory: 718848K Free: 483331K (67%)
----------------- Invoking toplevel() on ptolemy.moml.MoMLSimpleApplication@fe51eed
----------------- Done invoking toplevel() on ptolemy.moml.MoMLSimpleApplication@fe51eed
reloadAllAccessors: .ClassWrapper

===========================================================================================
----------------- testing Fri Jun 08 14:21:56 UTC 2018 /home/travis/build/icyphy/ptII/ptolemy/actor/lib/test/auto/Clock.xml
----------------- Instantiating /home/travis/build/icyphy/ptII/ptolemy/actor/lib/test/auto/Clock.xml
1 ms. Memory: 718848K Free: 475057K (66%)
----------------- Invoking toplevel() on ptolemy.moml.MoMLSimpleApplication@2a755ac3
----------------- Done invoking toplevel() on ptolemy.moml.MoMLSimpleApplication@2a755ac3
reloadAllAccessors: .Clock

===========================================================================================
----------------- testing Fri Jun 08 14:21:56 UTC 2018 /home/travis/build/icyphy/ptII/ptolemy/actor/lib/test/auto/Clock10.xml
----------------- Instantiating /home/travis/build/icyphy/ptII/ptolemy/actor/lib/test/auto/Clock10.xml
3 ms. Memory: 718848K Free: 466783K (65%)
----------------- Invoking toplevel() on ptolemy.moml.MoMLSimpleApplication@455bfa33
----------------- Done invoking toplevel() on ptolemy.moml.MoMLSimpleApplication@455bfa33
reloadAllAccessors: .Clock10

===========================================================================================
----------------- testing Fri Jun 08 14:21:56 UTC 2018 /home/travis/build/icyphy/ptII/ptolemy/actor/lib/test/auto/Clock11.xml
----------------- Instantiating /home/travis/build/icyphy/ptII/ptolemy/actor/lib/test/auto/Clock11.xml
3 ms. Memory: 718848K Free: 450670K (63%)
----------------- Invoking toplevel() on ptolemy.moml.MoMLSimpleApplication@3bae59c6
----------------- Done invoking toplevel() on ptolemy.moml.MoMLSimpleApplication@3bae59c6
reloadAllAccessors: .Clock11

===========================================================================================
----------------- testing Fri Jun 08 14:21:56 UTC 2018 /home/travis/build/icyphy/ptII/ptolemy/actor/lib/test/auto/Clock12.xml
----------------- Instantiating /home/travis/build/icyphy/ptII/ptolemy/actor/lib/test/auto/Clock12.xml
5 ms. Memory: 718848K Free: 442396K (62%)
----------------- Invoking toplevel() on ptolemy.moml.MoMLSimpleApplication@10b48285
----------------- Done invoking toplevel() on ptolemy.moml.MoMLSimpleApplication@10b48285
reloadAllAccessors: .Clock12

===========================================================================================
----------------- testing Fri Jun 08 14:21:56 UTC 2018 /home/travis/build/icyphy/ptII/ptolemy/actor/lib/test/auto/Clock13.xml
----------------- Instantiating /home/travis/build/icyphy/ptII/ptolemy/actor/lib/test/auto/Clock13.xml
2 ms. Memory: 718848K Free: 434122K (60%)
----------------- Invoking toplevel() on ptolemy.moml.MoMLSimpleApplication@3fbdb9c5
----------------- Done invoking toplevel() on ptolemy.moml.MoMLSimpleApplication@3fbdb9c5
reloadAllAccessors: .Clock13

===========================================================================================
----------------- testing Fri Jun 08 14:21:56 UTC 2018 /home/travis/build/icyphy/ptII/ptolemy/actor/lib/test/auto/Clock14.xml
----------------- Instantiating /home/travis/build/icyphy/ptII/ptolemy/actor/lib/test/auto/Clock14.xml
3 ms. Memory: 718848K Free: 425848K (59%)
----------------- Invoking toplevel() on ptolemy.moml.MoMLSimpleApplication@352adadf
----------------- Done invoking toplevel() on ptolemy.moml.MoMLSimpleApplication@352adadf
reloadAllAccessors: .Clock14

===========================================================================================
----------------- testing Fri Jun 08 14:21:56 UTC 2018 /home/travis/build/icyphy/ptII/ptolemy/actor/lib/test/auto/Clock15.xml
----------------- Instantiating /home/travis/build/icyphy/ptII/ptolemy/actor/lib/test/auto/Clock15.xml
6 ms. Memory: 718848K Free: 409735K (57%)
----------------- Invoking toplevel() on ptolemy.moml.MoMLSimpleApplication@65929f2f
----------------- Done invoking toplevel() on ptolemy.moml.MoMLSimpleApplication@65929f2f
reloadAllAccessors: .Clock15

===========================================================================================
----------------- testing Fri Jun 08 14:21:56 UTC 2018 /home/travis/build/icyphy/ptII/ptolemy/actor/lib/test/auto/Clock16.xml
----------------- Instantiating /home/travis/build/icyphy/ptII/ptolemy/actor/lib/test/auto/Clock16.xml
20 ms. Memory: 718848K Free: 393171K (55%)
----------------- Invoking toplevel() on ptolemy.moml.MoMLSimpleApplication@3c7a3a25
----------------- Done invoking toplevel() on ptolemy.moml.MoMLSimpleApplication@3c7a3a25
reloadAllAccessors: .Clock16

===========================================================================================
----------------- testing Fri Jun 08 14:21:56 UTC 2018 /home/travis/build/icyphy/ptII/ptolemy/actor/lib/test/auto/Clock17.xml
----------------- Instantiating /home/travis/build/icyphy/ptII/ptolemy/actor/lib/test/auto/Clock17.xml
15 ms. Memory: 718848K Free: 376599K (52%)
----------------- Invoking toplevel() on ptolemy.moml.MoMLSimpleApplication@580e6f9b
----------------- Done invoking toplevel() on ptolemy.moml.MoMLSimpleApplication@580e6f9b
reloadAllAccessors: .Clock17

===========================================================================================
----------------- testing Fri Jun 08 14:21:56 UTC 2018 /home/travis/build/icyphy/ptII/ptolemy/actor/lib/test/auto/Clock18.xml
----------------- Instantiating /home/travis/build/icyphy/ptII/ptolemy/actor/lib/test/auto/Clock18.xml
15 ms. Memory: 718848K Free: 352188K (49%)
----------------- Invoking toplevel() on ptolemy.moml.MoMLSimpleApplication@50bef6fd
----------------- Done invoking toplevel() on ptolemy.moml.MoMLSimpleApplication@50bef6fd
reloadAllAccessors: .Clock18

===========================================================================================
----------------- testing Fri Jun 08 14:21:57 UTC 2018 /home/travis/build/icyphy/ptII/ptolemy/actor/lib/test/auto/Clock19.xml
----------------- Instantiating /home/travis/build/icyphy/ptII/ptolemy/actor/lib/test/auto/Clock19.xml
13 ms. Memory: 718848K Free: 335616K (47%)
----------------- Invoking toplevel() on ptolemy.moml.MoMLSimpleApplication@487860d1
----------------- Done invoking toplevel() on ptolemy.moml.MoMLSimpleApplication@487860d1
reloadAllAccessors: .Clock19

===========================================================================================
----------------- testing Fri Jun 08 14:21:57 UTC 2018 /home/travis/build/icyphy/ptII/ptolemy/actor/lib/test/auto/Clock2.xml
----------------- Instantiating /home/travis/build/icyphy/ptII/ptolemy/actor/lib/test/auto/Clock2.xml
7 ms. Memory: 718848K Free: 327342K (46%)
----------------- Invoking toplevel() on ptolemy.moml.MoMLSimpleApplication@1845a240
----------------- Done invoking toplevel() on ptolemy.moml.MoMLSimpleApplication@1845a240
reloadAllAccessors: .Clock2

===========================================================================================
----------------- testing Fri Jun 08 14:21:57 UTC 2018 /home/travis/build/icyphy/ptII/ptolemy/actor/lib/test/auto/Clock20.xml
----------------- Instantiating /home/travis/build/icyphy/ptII/ptolemy/actor/lib/test/auto/Clock20.xml
8 ms. Memory: 718848K Free: 319068K (44%)
----------------- Invoking toplevel() on ptolemy.moml.MoMLSimpleApplication@5a4a4350
----------------- Done invoking toplevel() on ptolemy.moml.MoMLSimpleApplication@5a4a4350
reloadAllAccessors: .Clock20

===========================================================================================
----------------- testing Fri Jun 08 14:21:57 UTC 2018 /home/travis/build/icyphy/ptII/ptolemy/actor/lib/test/auto/Clock21.xml
----------------- Instantiating /home/travis/build/icyphy/ptII/ptolemy/actor/lib/test/auto/Clock21.xml
6 ms. Memory: 718848K Free: 302955K (42%)
----------------- Invoking toplevel() on ptolemy.moml.MoMLSimpleApplication@3e681297
----------------- Done invoking toplevel() on ptolemy.moml.MoMLSimpleApplication@3e681297
reloadAllAccessors: .Clock21

===========================================================================================
----------------- testing Fri Jun 08 14:21:57 UTC 2018 /home/travis/build/icyphy/ptII/ptolemy/actor/lib/test/auto/Clock22.xml
----------------- Instantiating /home/travis/build/icyphy/ptII/ptolemy/actor/lib/test/auto/Clock22.xml
6 ms. Memory: 718848K Free: 294681K (41%)
----------------- Invoking toplevel() on ptolemy.moml.MoMLSimpleApplication@458929e3
----------------- Done invoking toplevel() on ptolemy.moml.MoMLSimpleApplication@458929e3
reloadAllAccessors: .Clock22

===========================================================================================
----------------- testing Fri Jun 08 14:21:57 UTC 2018 /home/travis/build/icyphy/ptII/ptolemy/actor/lib/test/auto/Clock23.xml
----------------- Instantiating /home/travis/build/icyphy/ptII/ptolemy/actor/lib/test/auto/Clock23.xml
7 ms. Memory: 718848K Free: 286407K (40%)
----------------- Invoking toplevel() on ptolemy.moml.MoMLSimpleApplication@5bcd1ec2
----------------- Done invoking toplevel() on ptolemy.moml.MoMLSimpleApplication@5bcd1ec2
reloadAllAccessors: .Clock23

===========================================================================================
----------------- testing Fri Jun 08 14:21:57 UTC 2018 /home/travis/build/icyphy/ptII/ptolemy/actor/lib/test/auto/Clock24.xml
----------------- Instantiating /home/travis/build/icyphy/ptII/ptolemy/actor/lib/test/auto/Clock24.xml
6 ms. Memory: 718848K Free: 270294K (38%)
----------------- Invoking toplevel() on ptolemy.moml.MoMLSimpleApplication@3395f715
----------------- Done invoking toplevel() on ptolemy.moml.MoMLSimpleApplication@3395f715
reloadAllAccessors: .Clock24

===========================================================================================
----------------- testing Fri Jun 08 14:21:57 UTC 2018 /home/travis/build/icyphy/ptII/ptolemy/actor/lib/test/auto/Clock4.xml
----------------- Instantiating /home/travis/build/icyphy/ptII/ptolemy/actor/lib/test/auto/Clock4.xml
6 ms. Memory: 718848K Free: 262020K (36%)
----------------- Invoking toplevel() on ptolemy.moml.MoMLSimpleApplication@155639ca
----------------- Done invoking toplevel() on ptolemy.moml.MoMLSimpleApplication@155639ca
reloadAllAccessors: .Clock4

===========================================================================================
----------------- testing Fri Jun 08 14:21:57 UTC 2018 /home/travis/build/icyphy/ptII/ptolemy/actor/lib/test/auto/Clock5.xml
----------------- Instantiating /home/travis/build/icyphy/ptII/ptolemy/actor/lib/test/auto/Clock5.xml
3 ms. Memory: 718848K Free: 253746K (35%)
----------------- Invoking toplevel() on ptolemy.moml.MoMLSimpleApplication@2b309640
----------------- Done invoking toplevel() on ptolemy.moml.MoMLSimpleApplication@2b309640
reloadAllAccessors: .Clock5

===========================================================================================
----------------- testing Fri Jun 08 14:21:57 UTC 2018 /home/travis/build/icyphy/ptII/ptolemy/actor/lib/test/auto/Clock6.xml
----------------- Instantiating /home/travis/build/icyphy/ptII/ptolemy/actor/lib/test/auto/Clock6.xml
2 ms. Memory: 718848K Free: 237633K (33%)
----------------- Invoking toplevel() on ptolemy.moml.MoMLSimpleApplication@75ae8e5
----------------- Done invoking toplevel() on ptolemy.moml.MoMLSimpleApplication@75ae8e5
reloadAllAccessors: .Clock6

===========================================================================================
----------------- testing Fri Jun 08 14:21:57 UTC 2018 /home/travis/build/icyphy/ptII/ptolemy/actor/lib/test/auto/Clock7.xml
----------------- Instantiating /home/travis/build/icyphy/ptII/ptolemy/actor/lib/test/auto/Clock7.xml
3 ms. Memory: 718848K Free: 229359K (32%)
----------------- Invoking toplevel() on ptolemy.moml.MoMLSimpleApplication@7a7b02d
----------------- Done invoking toplevel() on ptolemy.moml.MoMLSimpleApplication@7a7b02d
reloadAllAccessors: .Clock7

===========================================================================================
----------------- testing Fri Jun 08 14:21:57 UTC 2018 /home/travis/build/icyphy/ptII/ptolemy/actor/lib/test/auto/Clock8.xml
----------------- Instantiating /home/travis/build/icyphy/ptII/ptolemy/actor/lib/test/auto/Clock8.xml
8 ms. Memory: 718848K Free: 221085K (31%)
----------------- Invoking toplevel() on ptolemy.moml.MoMLSimpleApplication@455b4b12
----------------- Done invoking toplevel() on ptolemy.moml.MoMLSimpleApplication@455b4b12
reloadAllAccessors: .Clock8

===========================================================================================
----------------- testing Fri Jun 08 14:21:57 UTC 2018 /home/travis/build/icyphy/ptII/ptolemy/actor/lib/test/auto/Clock9.xml
----------------- Instantiating /home/travis/build/icyphy/ptII/ptolemy/actor/lib/test/auto/Clock9.xml
3 ms. Memory: 718848K Free: 212811K (30%)
----------------- Invoking toplevel() on ptolemy.moml.MoMLSimpleApplication@50b28ff9
----------------- Done invoking toplevel() on ptolemy.moml.MoMLSimpleApplication@50b28ff9
reloadAllAccessors: .Clock9

===========================================================================================
----------------- testing Fri Jun 08 14:21:57 UTC 2018 /home/travis/build/icyphy/ptII/ptolemy/actor/lib/test/auto/CommDistDiscard.xml
----------------- Instantiating /home/travis/build/icyphy/ptII/ptolemy/actor/lib/test/auto/CommDistDiscard.xml
3 ms. Memory: 718848K Free: 196698K (27%)
----------------- Invoking toplevel() on ptolemy.moml.MoMLSimpleApplication@62b528da
----------------- Done invoking toplevel() on ptolemy.moml.MoMLSimpleApplication@62b528da
reloadAllAccessors: .CommDistDiscard

===========================================================================================
----------------- testing Fri Jun 08 14:21:57 UTC 2018 /home/travis/build/icyphy/ptII/ptolemy/actor/lib/test/auto/Commutator.xml
----------------- Instantiating /home/travis/build/icyphy/ptII/ptolemy/actor/lib/test/auto/Commutator.xml
4 ms. Memory: 718848K Free: 188425K (26%)
----------------- Invoking toplevel() on ptolemy.moml.MoMLSimpleApplication@e89716e
----------------- Done invoking toplevel() on ptolemy.moml.MoMLSimpleApplication@e89716e
reloadAllAccessors: .Commutator

===========================================================================================
----------------- testing Fri Jun 08 14:21:57 UTC 2018 /home/travis/build/icyphy/ptII/ptolemy/actor/lib/test/auto/Commutator2.xml
----------------- Instantiating /home/travis/build/icyphy/ptII/ptolemy/actor/lib/test/auto/Commutator2.xml
1 ms. Memory: 718848K Free: 180151K (25%)
----------------- Invoking toplevel() on ptolemy.moml.MoMLSimpleApplication@11624696
----------------- Done invoking toplevel() on ptolemy.moml.MoMLSimpleApplication@11624696
reloadAllAccessors: .Commutator2

===========================================================================================
----------------- testing Fri Jun 08 14:21:57 UTC 2018 /home/travis/build/icyphy/ptII/ptolemy/actor/lib/test/auto/Commutator3.xml
----------------- Instantiating /home/travis/build/icyphy/ptII/ptolemy/actor/lib/test/auto/Commutator3.xml
2 ms. Memory: 718848K Free: 164038K (23%)
----------------- Invoking toplevel() on ptolemy.moml.MoMLSimpleApplication@ed24004
----------------- Done invoking toplevel() on ptolemy.moml.MoMLSimpleApplication@ed24004
reloadAllAccessors: .Commutator3

===========================================================================================
----------------- testing Fri Jun 08 14:21:57 UTC 2018 /home/travis/build/icyphy/ptII/ptolemy/actor/lib/test/auto/Compare.xml
----------------- Instantiating /home/travis/build/icyphy/ptII/ptolemy/actor/lib/test/auto/Compare.xml
2 ms. Memory: 718848K Free: 151611K (21%)
----------------- Invoking toplevel() on ptolemy.moml.MoMLSimpleApplication@5ed95722
----------------- Done invoking toplevel() on ptolemy.moml.MoMLSimpleApplication@5ed95722
reloadAllAccessors: .Compare

===========================================================================================
----------------- testing Fri Jun 08 14:21:57 UTC 2018 /home/travis/build/icyphy/ptII/ptolemy/actor/lib/test/auto/CompareDE.xml
----------------- Instantiating /home/travis/build/icyphy/ptII/ptolemy/actor/lib/test/auto/CompareDE.xml
5 ms. Memory: 718848K Free: 139184K (19%)
----------------- Invoking toplevel() on ptolemy.moml.MoMLSimpleApplication@1581a3b1
----------------- Done invoking toplevel() on ptolemy.moml.MoMLSimpleApplication@1581a3b1
reloadAllAccessors: .CompareDE

===========================================================================================
----------------- testing Fri Jun 08 14:21:57 UTC 2018 /home/travis/build/icyphy/ptII/ptolemy/actor/lib/test/auto/ComplexDivide.xml
----------------- Instantiating /home/travis/build/icyphy/ptII/ptolemy/actor/lib/test/auto/ComplexDivide.xml
2 ms. Memory: 718848K Free: 130910K (18%)
----------------- Invoking toplevel() on ptolemy.moml.MoMLSimpleApplication@403c7074
----------------- Done invoking toplevel() on ptolemy.moml.MoMLSimpleApplication@403c7074
reloadAllAccessors: .ComplexDivide

===========================================================================================
----------------- testing Fri Jun 08 14:21:57 UTC 2018 /home/travis/build/icyphy/ptII/ptolemy/actor/lib/test/auto/ComputeHistogram.xml
----------------- Instantiating /home/travis/build/icyphy/ptII/ptolemy/actor/lib/test/auto/ComputeHistogram.xml
40 ms. Memory: 718848K Free: 106507K (15%)
----------------- Invoking toplevel() on ptolemy.moml.MoMLSimpleApplication@797faf64
----------------- Done invoking toplevel() on ptolemy.moml.MoMLSimpleApplication@797faf64
reloadAllAccessors: .ComputeHistogram

===========================================================================================
----------------- testing Fri Jun 08 14:21:57 UTC 2018 /home/travis/build/icyphy/ptII/ptolemy/actor/lib/test/auto/ConfigurationSelect.xml
----------------- Instantiating /home/travis/build/icyphy/ptII/ptolemy/actor/lib/test/auto/ConfigurationSelect.xml
3 ms. Memory: 718848K Free: 98233K (14%)
----------------- Invoking toplevel() on ptolemy.moml.MoMLSimpleApplication@3db355e6
----------------- Done invoking toplevel() on ptolemy.moml.MoMLSimpleApplication@3db355e6
reloadAllAccessors: .ConfigurationSelect

===========================================================================================
----------------- testing Fri Jun 08 14:21:57 UTC 2018 /home/travis/build/icyphy/ptII/ptolemy/actor/lib/test/auto/ConfigurationSelect2.xml
----------------- Instantiating /home/travis/build/icyphy/ptII/ptolemy/actor/lib/test/auto/ConfigurationSelect2.xml
2 ms. Memory: 718848K Free: 89959K (13%)
----------------- Invoking toplevel() on ptolemy.moml.MoMLSimpleApplication@55a67b88
----------------- Done invoking toplevel() on ptolemy.moml.MoMLSimpleApplication@55a67b88
reloadAllAccessors: .ConfigurationSelect2

===========================================================================================
----------------- testing Fri Jun 08 14:21:57 UTC 2018 /home/travis/build/icyphy/ptII/ptolemy/actor/lib/test/auto/ConfigurationSwitch.xml
----------------- Instantiating /home/travis/build/icyphy/ptII/ptolemy/actor/lib/test/auto/ConfigurationSwitch.xml
2 ms. Memory: 718848K Free: 73846K (10%)
----------------- Invoking toplevel() on ptolemy.moml.MoMLSimpleApplication@2f9d7fd0
----------------- Done invoking toplevel() on ptolemy.moml.MoMLSimpleApplication@2f9d7fd0
reloadAllAccessors: .ConfigurationSwitch

===========================================================================================
----------------- testing Fri Jun 08 14:21:57 UTC 2018 /home/travis/build/icyphy/ptII/ptolemy/actor/lib/test/auto/ConfigurationSwitch2.xml
----------------- Instantiating /home/travis/build/icyphy/ptII/ptolemy/actor/lib/test/auto/ConfigurationSwitch2.xml
2 ms. Memory: 718848K Free: 65572K (9%)
----------------- Invoking toplevel() on ptolemy.moml.MoMLSimpleApplication@c8778a4
----------------- Done invoking toplevel() on ptolemy.moml.MoMLSimpleApplication@c8778a4
reloadAllAccessors: .ConfigurationSwitch2

===========================================================================================
----------------- testing Fri Jun 08 14:21:57 UTC 2018 /home/travis/build/icyphy/ptII/ptolemy/actor/lib/test/auto/ConfigurationSwitchCloningBugWithClassRelationGroup.xml
----------------- Instantiating /home/travis/build/icyphy/ptII/ptolemy/actor/lib/test/auto/ConfigurationSwitchCloningBugWithClassRelationGroup.xml
8 ms. Memory: 719360K Free: 677876K (94%)
----------------- Invoking toplevel() on ptolemy.moml.MoMLSimpleApplication@5f7c4e4e
----------------- Done invoking toplevel() on ptolemy.moml.MoMLSimpleApplication@5f7c4e4e
reloadAllAccessors: .ConfigurationSwitchCloningBugWithClassRelationGroup

===========================================================================================
----------------- testing Fri Jun 08 14:21:57 UTC 2018 /home/travis/build/icyphy/ptII/ptolemy/actor/lib/test/auto/ConfigurationSwitchSelectSDF.xml
----------------- Instantiating /home/travis/build/icyphy/ptII/ptolemy/actor/lib/test/auto/ConfigurationSwitchSelectSDF.xml
2 ms. Memory: 719360K Free: 660595K (92%)
----------------- Invoking toplevel() on ptolemy.moml.MoMLSimpleApplication@669828f1
----------------- Done invoking toplevel() on ptolemy.moml.MoMLSimpleApplication@669828f1
reloadAllAccessors: .ConfigurationSwitchSelectSDF

===========================================================================================
----------------- testing Fri Jun 08 14:21:57 UTC 2018 /home/travis/build/icyphy/ptII/ptolemy/actor/lib/test/auto/ConfigurationSwitchSelectSDF2.xml
----------------- Instantiating /home/travis/build/icyphy/ptII/ptolemy/actor/lib/test/auto/ConfigurationSwitchSelectSDF2.xml
3 ms. Memory: 719360K Free: 651287K (91%)
----------------- Invoking toplevel() on ptolemy.moml.MoMLSimpleApplication@6689b84e
----------------- Done invoking toplevel() on ptolemy.moml.MoMLSimpleApplication@6689b84e
reloadAllAccessors: .ConfigurationSwitchSelectSDF2

===========================================================================================
----------------- testing Fri Jun 08 14:21:57 UTC 2018 /home/travis/build/icyphy/ptII/ptolemy/actor/lib/test/auto/Const.xml
----------------- Instantiating /home/travis/build/icyphy/ptII/ptolemy/actor/lib/test/auto/Const.xml
1 ms. Memory: 719360K Free: 639217K (89%)
----------------- Invoking toplevel() on ptolemy.moml.MoMLSimpleApplication@ad6e47f
----------------- Done invoking toplevel() on ptolemy.moml.MoMLSimpleApplication@ad6e47f
reloadAllAccessors: .Const

===========================================================================================
----------------- testing Fri Jun 08 14:21:57 UTC 2018 /home/travis/build/icyphy/ptII/ptolemy/actor/lib/test/auto/Const2.xml
----------------- Instantiating /home/travis/build/icyphy/ptII/ptolemy/actor/lib/test/auto/Const2.xml
1 ms. Memory: 719360K Free: 633012K (88%)
----------------- Invoking toplevel() on ptolemy.moml.MoMLSimpleApplication@7b460ebb
----------------- Done invoking toplevel() on ptolemy.moml.MoMLSimpleApplication@7b460ebb
reloadAllAccessors: .Const2

===========================================================================================
----------------- testing Fri Jun 08 14:21:57 UTC 2018 /home/travis/build/icyphy/ptII/ptolemy/actor/lib/test/auto/Const3.xml
----------------- Instantiating /home/travis/build/icyphy/ptII/ptolemy/actor/lib/test/auto/Const3.xml
1 ms. Memory: 719360K Free: 626752K (87%)
----------------- Invoking toplevel() on ptolemy.moml.MoMLSimpleApplication@414b999c
----------------- Done invoking toplevel() on ptolemy.moml.MoMLSimpleApplication@414b999c
reloadAllAccessors: .Const3

===========================================================================================
----------------- testing Fri Jun 08 14:21:57 UTC 2018 /home/travis/build/icyphy/ptII/ptolemy/actor/lib/test/auto/ConstantPublisherPort1.xml
----------------- Instantiating /home/travis/build/icyphy/ptII/ptolemy/actor/lib/test/auto/ConstantPublisherPort1.xml
7 ms. Memory: 719360K Free: 611564K (85%)
----------------- Invoking toplevel() on ptolemy.moml.MoMLSimpleApplication@a2e772f
----------------- Done invoking toplevel() on ptolemy.moml.MoMLSimpleApplication@a2e772f
reloadAllAccessors: .ConstantPublisherPort1

===========================================================================================
----------------- testing Fri Jun 08 14:21:57 UTC 2018 /home/travis/build/icyphy/ptII/ptolemy/actor/lib/test/auto/ConstantPublisherPort2.xml
----------------- Instantiating /home/travis/build/icyphy/ptII/ptolemy/actor/lib/test/auto/ConstantPublisherPort2.xml
9 ms. Memory: 719360K Free: 602255K (84%)
----------------- Invoking toplevel() on ptolemy.moml.MoMLSimpleApplication@7990e830
----------------- Done invoking toplevel() on ptolemy.moml.MoMLSimpleApplication@7990e830
reloadAllAccessors: .ConstantPublisherPort2

===========================================================================================
----------------- testing Fri Jun 08 14:21:57 UTC 2018 /home/travis/build/icyphy/ptII/ptolemy/actor/lib/test/auto/ConstantPublisherPort3.xml
----------------- Instantiating /home/travis/build/icyphy/ptII/ptolemy/actor/lib/test/auto/ConstantPublisherPort3.xml
5 ms. Memory: 719360K Free: 587075K (82%)
----------------- Invoking toplevel() on ptolemy.moml.MoMLSimpleApplication@10d49b3c
----------------- Done invoking toplevel() on ptolemy.moml.MoMLSimpleApplication@10d49b3c
reloadAllAccessors: .ConstantPublisherPort3

===========================================================================================
----------------- testing Fri Jun 08 14:21:57 UTC 2018 /home/travis/build/icyphy/ptII/ptolemy/actor/lib/test/auto/ConstantPublisherPort4.xml
----------------- Instantiating /home/travis/build/icyphy/ptII/ptolemy/actor/lib/test/auto/ConstantPublisherPort4.xml
2 ms. Memory: 719360K Free: 577751K (80%)
----------------- Invoking toplevel() on ptolemy.moml.MoMLSimpleApplication@3277959f
----------------- Done invoking toplevel() on ptolemy.moml.MoMLSimpleApplication@3277959f
reloadAllAccessors: .ConstantPublisherPort4

===========================================================================================
----------------- testing Fri Jun 08 14:21:57 UTC 2018 /home/travis/build/icyphy/ptII/ptolemy/actor/lib/test/auto/ConstantPublisherPort5.xml
----------------- Instantiating /home/travis/build/icyphy/ptII/ptolemy/actor/lib/test/auto/ConstantPublisherPort5.xml
13 ms. Memory: 719360K Free: 562221K (78%)
----------------- Invoking toplevel() on ptolemy.moml.MoMLSimpleApplication@2b4752cf
----------------- Done invoking toplevel() on ptolemy.moml.MoMLSimpleApplication@2b4752cf
reloadAllAccessors: .ConstantPublisherPort5

===========================================================================================
----------------- testing Fri Jun 08 14:21:57 UTC 2018 /home/travis/build/icyphy/ptII/ptolemy/actor/lib/test/auto/ConstantPublisherPort6.xml
----------------- Instantiating /home/travis/build/icyphy/ptII/ptolemy/actor/lib/test/auto/ConstantPublisherPort6.xml
13 ms. Memory: 719360K Free: 537741K (75%)
----------------- Invoking toplevel() on ptolemy.moml.MoMLSimpleApplication@418c8daa
----------------- Done invoking toplevel() on ptolemy.moml.MoMLSimpleApplication@418c8daa
reloadAllAccessors: .ConstantPublisherPort6

===========================================================================================
----------------- testing Fri Jun 08 14:21:58 UTC 2018 /home/travis/build/icyphy/ptII/ptolemy/actor/lib/test/auto/ConstantPublisherPort7.xml
----------------- Instantiating /home/travis/build/icyphy/ptII/ptolemy/actor/lib/test/auto/ConstantPublisherPort7.xml
13 ms. Memory: 719360K Free: 519109K (72%)
----------------- Invoking toplevel() on ptolemy.moml.MoMLSimpleApplication@55f89911
----------------- Done invoking toplevel() on ptolemy.moml.MoMLSimpleApplication@55f89911
reloadAllAccessors: .ConstantPublisherPort7

===========================================================================================
----------------- testing Fri Jun 08 14:21:58 UTC 2018 /home/travis/build/icyphy/ptII/ptolemy/actor/lib/test/auto/ConstraintMonitor1.xml
----------------- Instantiating /home/travis/build/icyphy/ptII/ptolemy/actor/lib/test/auto/ConstraintMonitor1.xml
2 ms. Memory: 719360K Free: 503937K (70%)
----------------- Invoking toplevel() on ptolemy.moml.MoMLSimpleApplication@3a4b2d3a
----------------- Done invoking toplevel() on ptolemy.moml.MoMLSimpleApplication@3a4b2d3a
reloadAllAccessors: .ConstraintMonitor1

===========================================================================================
----------------- testing Fri Jun 08 14:21:58 UTC 2018 /home/travis/build/icyphy/ptII/ptolemy/actor/lib/test/auto/ConstraintMonitor2.xml
----------------- Instantiating /home/travis/build/icyphy/ptII/ptolemy/actor/lib/test/auto/ConstraintMonitor2.xml
1 ms. Memory: 719360K Free: 497731K (69%)
----------------- Invoking toplevel() on ptolemy.moml.MoMLSimpleApplication@578f86fd
----------------- Done invoking toplevel() on ptolemy.moml.MoMLSimpleApplication@578f86fd
reloadAllAccessors: .ConstraintMonitor2

===========================================================================================
----------------- testing Fri Jun 08 14:21:58 UTC 2018 /home/travis/build/icyphy/ptII/ptolemy/actor/lib/test/auto/ConstraintMonitor3.xml
----------------- Instantiating /home/travis/build/icyphy/ptII/ptolemy/actor/lib/test/auto/ConstraintMonitor3.xml
6 ms. Memory: 719360K Free: 491526K (68%)
----------------- Invoking toplevel() on ptolemy.moml.MoMLSimpleApplication@22fb1904
----------------- Done invoking toplevel() on ptolemy.moml.MoMLSimpleApplication@22fb1904
reloadAllAccessors: .ConstraintMonitor3

===========================================================================================
----------------- testing Fri Jun 08 14:21:58 UTC 2018 /home/travis/build/icyphy/ptII/ptolemy/actor/lib/test/auto/ConstraintMonitor4.xml
----------------- Instantiating /home/travis/build/icyphy/ptII/ptolemy/actor/lib/test/auto/ConstraintMonitor4.xml
2 ms. Memory: 719360K Free: 476338K (66%)
----------------- Invoking toplevel() on ptolemy.moml.MoMLSimpleApplication@1d68e12c
----------------- Done invoking toplevel() on ptolemy.moml.MoMLSimpleApplication@1d68e12c
reloadAllAccessors: .ConstraintMonitor4

===========================================================================================
----------------- testing Fri Jun 08 14:21:58 UTC 2018 /home/travis/build/icyphy/ptII/ptolemy/actor/lib/test/auto/ConstraintMonitor5.xml
----------------- Instantiating /home/travis/build/icyphy/ptII/ptolemy/actor/lib/test/auto/ConstraintMonitor5.xml
6 ms. Memory: 719360K Free: 467029K (65%)
----------------- Invoking toplevel() on ptolemy.moml.MoMLSimpleApplication@6a3cce29
----------------- Done invoking toplevel() on ptolemy.moml.MoMLSimpleApplication@6a3cce29
reloadAllAccessors: .ConstraintMonitor5

===========================================================================================
----------------- testing Fri Jun 08 14:21:58 UTC 2018 /home/travis/build/icyphy/ptII/ptolemy/actor/lib/test/auto/ConstraintMonitor6.xml
----------------- Instantiating /home/travis/build/icyphy/ptII/ptolemy/actor/lib/test/auto/ConstraintMonitor6.xml
4 ms. Memory: 719360K Free: 451850K (63%)
----------------- Invoking toplevel() on ptolemy.moml.MoMLSimpleApplication@5b71bebf
----------------- Done invoking toplevel() on ptolemy.moml.MoMLSimpleApplication@5b71bebf
reloadAllAccessors: .ConstraintMonitor6

===========================================================================================
----------------- testing Fri Jun 08 14:21:58 UTC 2018 /home/travis/build/icyphy/ptII/ptolemy/actor/lib/test/auto/ConstraintMonitor7.xml
----------------- Instantiating /home/travis/build/icyphy/ptII/ptolemy/actor/lib/test/auto/ConstraintMonitor7.xml
7 ms. Memory: 719360K Free: 442541K (62%)
----------------- Invoking toplevel() on ptolemy.moml.MoMLSimpleApplication@4ef98208
----------------- Done invoking toplevel() on ptolemy.moml.MoMLSimpleApplication@4ef98208
reloadAllAccessors: .ConstraintMonitor7

===========================================================================================
----------------- testing Fri Jun 08 14:21:58 UTC 2018 /home/travis/build/icyphy/ptII/ptolemy/actor/lib/test/auto/ConstraintMonitor8.xml
----------------- Instantiating /home/travis/build/icyphy/ptII/ptolemy/actor/lib/test/auto/ConstraintMonitor8.xml
3 ms. Memory: 719360K Free: 433217K (60%)
----------------- Invoking toplevel() on ptolemy.moml.MoMLSimpleApplication@2170b48
----------------- Done invoking toplevel() on ptolemy.moml.MoMLSimpleApplication@2170b48
reloadAllAccessors: .ConstraintMonitor8

===========================================================================================
----------------- testing Fri Jun 08 14:21:58 UTC 2018 /home/travis/build/icyphy/ptII/ptolemy/actor/lib/test/auto/Counter.xml
----------------- Instantiating /home/travis/build/icyphy/ptII/ptolemy/actor/lib/test/auto/Counter.xml
2 ms. Memory: 719360K Free: 421148K (59%)
----------------- Invoking toplevel() on ptolemy.moml.MoMLSimpleApplication@47f53c3
----------------- Done invoking toplevel() on ptolemy.moml.MoMLSimpleApplication@47f53c3
reloadAllAccessors: .Counter

===========================================================================================
----------------- testing Fri Jun 08 14:21:58 UTC 2018 /home/travis/build/icyphy/ptII/ptolemy/actor/lib/test/auto/CurrentTimeSDF.xml
----------------- Instantiating /home/travis/build/icyphy/ptII/ptolemy/actor/lib/test/auto/CurrentTimeSDF.xml
1 ms. Memory: 719360K Free: 414943K (58%)
----------------- Invoking toplevel() on ptolemy.moml.MoMLSimpleApplication@1b40dc04
----------------- Done invoking toplevel() on ptolemy.moml.MoMLSimpleApplication@1b40dc04
reloadAllAccessors: .CurrentTimeSDF

===========================================================================================
----------------- testing Fri Jun 08 14:21:58 UTC 2018 /home/travis/build/icyphy/ptII/ptolemy/actor/lib/test/auto/DB.xml
----------------- Instantiating /home/travis/build/icyphy/ptII/ptolemy/actor/lib/test/auto/DB.xml
3 ms. Memory: 719360K Free: 402874K (56%)
----------------- Invoking toplevel() on ptolemy.moml.MoMLSimpleApplication@74b74bc
----------------- Done invoking toplevel() on ptolemy.moml.MoMLSimpleApplication@74b74bc
reloadAllAccessors: .DB

===========================================================================================
----------------- testing Fri Jun 08 14:21:58 UTC 2018 /home/travis/build/icyphy/ptII/ptolemy/actor/lib/test/auto/DBDE.xml
----------------- Instantiating /home/travis/build/icyphy/ptII/ptolemy/actor/lib/test/auto/DBDE.xml
2 ms. Memory: 719360K Free: 393549K (55%)
----------------- Invoking toplevel() on ptolemy.moml.MoMLSimpleApplication@1ea883fd
----------------- Done invoking toplevel() on ptolemy.moml.MoMLSimpleApplication@1ea883fd
reloadAllAccessors: .DBDE

===========================================================================================
----------------- testing Fri Jun 08 14:21:58 UTC 2018 /home/travis/build/icyphy/ptII/ptolemy/actor/lib/test/auto/DateConstructor.xml
----------------- Instantiating /home/travis/build/icyphy/ptII/ptolemy/actor/lib/test/auto/DateConstructor.xml
17 ms. Memory: 719360K Free: 374885K (52%)
----------------- Invoking toplevel() on ptolemy.moml.MoMLSimpleApplication@1f0b032c
----------------- Done invoking toplevel() on ptolemy.moml.MoMLSimpleApplication@1f0b032c
reloadAllAccessors: .DateConstructor

===========================================================================================
----------------- testing Fri Jun 08 14:21:58 UTC 2018 /home/travis/build/icyphy/ptII/ptolemy/actor/lib/test/auto/DelayTime.xml
----------------- Instantiating /home/travis/build/icyphy/ptII/ptolemy/actor/lib/test/auto/DelayTime.xml
3 ms. Memory: 719360K Free: 359697K (50%)
----------------- Invoking toplevel() on ptolemy.moml.MoMLSimpleApplication@66000cba
----------------- Done invoking toplevel() on ptolemy.moml.MoMLSimpleApplication@66000cba
reloadAllAccessors: .DelayTime

===========================================================================================
----------------- testing Fri Jun 08 14:21:58 UTC 2018 /home/travis/build/icyphy/ptII/ptolemy/actor/lib/test/auto/Dictionary1.xml
----------------- Instantiating /home/travis/build/icyphy/ptII/ptolemy/actor/lib/test/auto/Dictionary1.xml
3 ms. Memory: 719360K Free: 350381K (49%)
----------------- Invoking toplevel() on ptolemy.moml.MoMLSimpleApplication@6a7914e9
----------------- Done invoking toplevel() on ptolemy.moml.MoMLSimpleApplication@6a7914e9
reloadAllAccessors: .Dictionary1

===========================================================================================
----------------- testing Fri Jun 08 14:21:58 UTC 2018 /home/travis/build/icyphy/ptII/ptolemy/actor/lib/test/auto/Dictionary2.xml
----------------- Instantiating /home/travis/build/icyphy/ptII/ptolemy/actor/lib/test/auto/Dictionary2.xml
4 ms. Memory: 719360K Free: 335193K (47%)
----------------- Invoking toplevel() on ptolemy.moml.MoMLSimpleApplication@7e49647b
----------------- Done invoking toplevel() on ptolemy.moml.MoMLSimpleApplication@7e49647b
reloadAllAccessors: .Dictionary2

===========================================================================================
----------------- testing Fri Jun 08 14:21:58 UTC 2018 /home/travis/build/icyphy/ptII/ptolemy/actor/lib/test/auto/Dictionary3.xml
----------------- Instantiating /home/travis/build/icyphy/ptII/ptolemy/actor/lib/test/auto/Dictionary3.xml
1 ms. Memory: 719360K Free: 325869K (45%)
----------------- Invoking toplevel() on ptolemy.moml.MoMLSimpleApplication@392d97f1
----------------- Done invoking toplevel() on ptolemy.moml.MoMLSimpleApplication@392d97f1
reloadAllAccessors: .Dictionary3

===========================================================================================
----------------- testing Fri Jun 08 14:21:58 UTC 2018 /home/travis/build/icyphy/ptII/ptolemy/actor/lib/test/auto/Dictionary4.xml
----------------- Instantiating /home/travis/build/icyphy/ptII/ptolemy/actor/lib/test/auto/Dictionary4.xml
8 ms. Memory: 719360K Free: 316552K (44%)
----------------- Invoking toplevel() on ptolemy.moml.MoMLSimpleApplication@3cf38b2b
----------------- Done invoking toplevel() on ptolemy.moml.MoMLSimpleApplication@3cf38b2b
reloadAllAccessors: .Dictionary4

===========================================================================================
----------------- testing Fri Jun 08 14:21:58 UTC 2018 /home/travis/build/icyphy/ptII/ptolemy/actor/lib/test/auto/Differential.xml
----------------- Instantiating /home/travis/build/icyphy/ptII/ptolemy/actor/lib/test/auto/Differential.xml
2 ms. Memory: 719360K Free: 304483K (42%)
----------------- Invoking toplevel() on ptolemy.moml.MoMLSimpleApplication@3a7237ca
----------------- Done invoking toplevel() on ptolemy.moml.MoMLSimpleApplication@3a7237ca
reloadAllAccessors: .Differential

===========================================================================================
----------------- testing Fri Jun 08 14:21:58 UTC 2018 /home/travis/build/icyphy/ptII/ptolemy/actor/lib/test/auto/Director.xml
----------------- Instantiating /home/travis/build/icyphy/ptII/ptolemy/actor/lib/test/auto/Director.xml
2 ms. Memory: 719360K Free: 298278K (41%)
----------------- Invoking toplevel() on ptolemy.moml.MoMLSimpleApplication@31075dc2
----------------- Done invoking toplevel() on ptolemy.moml.MoMLSimpleApplication@31075dc2
reloadAllAccessors: .Director

===========================================================================================
----------------- testing Fri Jun 08 14:21:58 UTC 2018 /home/travis/build/icyphy/ptII/ptolemy/actor/lib/test/auto/DiscreteClock.xml
----------------- Instantiating /home/travis/build/icyphy/ptII/ptolemy/actor/lib/test/auto/DiscreteClock.xml
1 ms. Memory: 719360K Free: 292072K (41%)
----------------- Invoking toplevel() on ptolemy.moml.MoMLSimpleApplication@26e91a47
----------------- Done invoking toplevel() on ptolemy.moml.MoMLSimpleApplication@26e91a47
reloadAllAccessors: .DiscreteClock

===========================================================================================
----------------- testing Fri Jun 08 14:21:58 UTC 2018 /home/travis/build/icyphy/ptII/ptolemy/actor/lib/test/auto/DiscreteClock10.xml
----------------- Instantiating /home/travis/build/icyphy/ptII/ptolemy/actor/lib/test/auto/DiscreteClock10.xml
2 ms. Memory: 719360K Free: 276885K (38%)
----------------- Invoking toplevel() on ptolemy.moml.MoMLSimpleApplication@517fb2b9
----------------- Done invoking toplevel() on ptolemy.moml.MoMLSimpleApplication@517fb2b9
reloadAllAccessors: .DiscreteClock10

===========================================================================================
----------------- testing Fri Jun 08 14:21:58 UTC 2018 /home/travis/build/icyphy/ptII/ptolemy/actor/lib/test/auto/DiscreteClock11.xml
----------------- Instantiating /home/travis/build/icyphy/ptII/ptolemy/actor/lib/test/auto/DiscreteClock11.xml
2 ms. Memory: 719360K Free: 267568K (37%)
----------------- Invoking toplevel() on ptolemy.moml.MoMLSimpleApplication@32d2ba4a
----------------- Done invoking toplevel() on ptolemy.moml.MoMLSimpleApplication@32d2ba4a
reloadAllAccessors: .DiscreteClock11

===========================================================================================
----------------- testing Fri Jun 08 14:21:58 UTC 2018 /home/travis/build/icyphy/ptII/ptolemy/actor/lib/test/auto/DiscreteClock12.xml
----------------- Instantiating /home/travis/build/icyphy/ptII/ptolemy/actor/lib/test/auto/DiscreteClock12.xml
2 ms. Memory: 719360K Free: 252389K (35%)
----------------- Invoking toplevel() on ptolemy.moml.MoMLSimpleApplication@15b42a12
----------------- Done invoking toplevel() on ptolemy.moml.MoMLSimpleApplication@15b42a12
reloadAllAccessors: .DiscreteClock12

===========================================================================================
----------------- testing Fri Jun 08 14:21:58 UTC 2018 /home/travis/build/icyphy/ptII/ptolemy/actor/lib/test/auto/DiscreteClock13.xml
----------------- Instantiating /home/travis/build/icyphy/ptII/ptolemy/actor/lib/test/auto/DiscreteClock13.xml
1 ms. Memory: 719360K Free: 243064K (34%)
----------------- Invoking toplevel() on ptolemy.moml.MoMLSimpleApplication@560e07d
----------------- Done invoking toplevel() on ptolemy.moml.MoMLSimpleApplication@560e07d
reloadAllAccessors: .DiscreteClock13

===========================================================================================
----------------- testing Fri Jun 08 14:21:58 UTC 2018 /home/travis/build/icyphy/ptII/ptolemy/actor/lib/test/auto/DiscreteClock14.xml
----------------- Instantiating /home/travis/build/icyphy/ptII/ptolemy/actor/lib/test/auto/DiscreteClock14.xml
1 ms. Memory: 719360K Free: 233740K (32%)
----------------- Invoking toplevel() on ptolemy.moml.MoMLSimpleApplication@6549985
----------------- Done invoking toplevel() on ptolemy.moml.MoMLSimpleApplication@6549985
reloadAllAccessors: .DiscreteClock14

===========================================================================================
----------------- testing Fri Jun 08 14:21:58 UTC 2018 /home/travis/build/icyphy/ptII/ptolemy/actor/lib/test/auto/DiscreteClock15.xml
----------------- Instantiating /home/travis/build/icyphy/ptII/ptolemy/actor/lib/test/auto/DiscreteClock15.xml
1 ms. Memory: 719360K Free: 218552K (30%)
----------------- Invoking toplevel() on ptolemy.moml.MoMLSimpleApplication@f74889e
----------------- Done invoking toplevel() on ptolemy.moml.MoMLSimpleApplication@f74889e
reloadAllAccessors: .DiscreteClock15

===========================================================================================
----------------- testing Fri Jun 08 14:21:58 UTC 2018 /home/travis/build/icyphy/ptII/ptolemy/actor/lib/test/auto/DiscreteClock16.xml
----------------- Instantiating /home/travis/build/icyphy/ptII/ptolemy/actor/lib/test/auto/DiscreteClock16.xml
9 ms. Memory: 719360K Free: 203015K (28%)
----------------- Invoking toplevel() on ptolemy.moml.MoMLSimpleApplication@6aa67eec
----------------- Done invoking toplevel() on ptolemy.moml.MoMLSimpleApplication@6aa67eec
reloadAllAccessors: .DiscreteClock16

===========================================================================================
----------------- testing Fri Jun 08 14:21:58 UTC 2018 /home/travis/build/icyphy/ptII/ptolemy/actor/lib/test/auto/DiscreteClock17.xml
----------------- Instantiating /home/travis/build/icyphy/ptII/ptolemy/actor/lib/test/auto/DiscreteClock17.xml
13 ms. Memory: 719360K Free: 178495K (25%)
----------------- Invoking toplevel() on ptolemy.moml.MoMLSimpleApplication@6255292d
----------------- Done invoking toplevel() on ptolemy.moml.MoMLSimpleApplication@6255292d
reloadAllAccessors: .DiscreteClock17

===========================================================================================
----------------- testing Fri Jun 08 14:21:58 UTC 2018 /home/travis/build/icyphy/ptII/ptolemy/actor/lib/test/auto/DiscreteClock18.xml
----------------- Instantiating /home/travis/build/icyphy/ptII/ptolemy/actor/lib/test/auto/DiscreteClock18.xml
549 ms. Memory: 1111040K Free: 1071252K (96%)
----------------- Invoking toplevel() on ptolemy.moml.MoMLSimpleApplication@284fea65
----------------- Done invoking toplevel() on ptolemy.moml.MoMLSimpleApplication@284fea65
reloadAllAccessors: .DiscreteClock18

===========================================================================================
----------------- testing Fri Jun 08 14:21:59 UTC 2018 /home/travis/build/icyphy/ptII/ptolemy/actor/lib/test/auto/DiscreteClock19.xml
----------------- Instantiating /home/travis/build/icyphy/ptII/ptolemy/actor/lib/test/auto/DiscreteClock19.xml
13 ms. Memory: 1111040K Free: 1034765K (93%)
----------------- Invoking toplevel() on ptolemy.moml.MoMLSimpleApplication@2f525d70
----------------- Done invoking toplevel() on ptolemy.moml.MoMLSimpleApplication@2f525d70
reloadAllAccessors: .DiscreteClock19

===========================================================================================
----------------- testing Fri Jun 08 14:21:59 UTC 2018 /home/travis/build/icyphy/ptII/ptolemy/actor/lib/test/auto/DiscreteClock2.xml
----------------- Instantiating /home/travis/build/icyphy/ptII/ptolemy/actor/lib/test/auto/DiscreteClock2.xml
1 ms. Memory: 1111040K Free: 1024832K (92%)
----------------- Invoking toplevel() on ptolemy.moml.MoMLSimpleApplication@21c60a42
----------------- Done invoking toplevel() on ptolemy.moml.MoMLSimpleApplication@21c60a42
reloadAllAccessors: .DiscreteClock2

===========================================================================================
----------------- testing Fri Jun 08 14:21:59 UTC 2018 /home/travis/build/icyphy/ptII/ptolemy/actor/lib/test/auto/DiscreteClock20.xml
----------------- Instantiating /home/travis/build/icyphy/ptII/ptolemy/actor/lib/test/auto/DiscreteClock20.xml
5 ms. Memory: 1111040K Free: 1014899K (91%)
----------------- Invoking toplevel() on ptolemy.moml.MoMLSimpleApplication@25fdac54
----------------- Done invoking toplevel() on ptolemy.moml.MoMLSimpleApplication@25fdac54
reloadAllAccessors: .DiscreteClock20

===========================================================================================
----------------- testing Fri Jun 08 14:21:59 UTC 2018 /home/travis/build/icyphy/ptII/ptolemy/actor/lib/test/auto/DiscreteClock21.xml
----------------- Instantiating /home/travis/build/icyphy/ptII/ptolemy/actor/lib/test/auto/DiscreteClock21.xml
4 ms. Memory: 1111040K Free: 997536K (90%)
----------------- Invoking toplevel() on ptolemy.moml.MoMLSimpleApplication@447f62e0
----------------- Done invoking toplevel() on ptolemy.moml.MoMLSimpleApplication@447f62e0
reloadAllAccessors: .DiscreteClock21

===========================================================================================
----------------- testing Fri Jun 08 14:21:59 UTC 2018 /home/travis/build/icyphy/ptII/ptolemy/actor/lib/test/auto/DiscreteClock22.xml
----------------- Instantiating /home/travis/build/icyphy/ptII/ptolemy/actor/lib/test/auto/DiscreteClock22.xml
2 ms. Memory: 1111040K Free: 987603K (89%)
----------------- Invoking toplevel() on ptolemy.moml.MoMLSimpleApplication@33d6925a
----------------- Done invoking toplevel() on ptolemy.moml.MoMLSimpleApplication@33d6925a
reloadAllAccessors: .DiscreteClock22

===========================================================================================
----------------- testing Fri Jun 08 14:21:59 UTC 2018 /home/travis/build/icyphy/ptII/ptolemy/actor/lib/test/auto/DiscreteClock23.xml
----------------- Instantiating /home/travis/build/icyphy/ptII/ptolemy/actor/lib/test/auto/DiscreteClock23.xml
1 ms. Memory: 1111040K Free: 977670K (88%)
----------------- Invoking toplevel() on ptolemy.moml.MoMLSimpleApplication@be69dc4
----------------- Done invoking toplevel() on ptolemy.moml.MoMLSimpleApplication@be69dc4
reloadAllAccessors: .DiscreteClock23

===========================================================================================
----------------- testing Fri Jun 08 14:21:59 UTC 2018 /home/travis/build/icyphy/ptII/ptolemy/actor/lib/test/auto/DiscreteClock24.xml
----------------- Instantiating /home/travis/build/icyphy/ptII/ptolemy/actor/lib/test/auto/DiscreteClock24.xml
2 ms. Memory: 1111040K Free: 960307K (86%)
----------------- Invoking toplevel() on ptolemy.moml.MoMLSimpleApplication@510cbdf
----------------- Done invoking toplevel() on ptolemy.moml.MoMLSimpleApplication@510cbdf
reloadAllAccessors: .DiscreteClock24

===========================================================================================
----------------- testing Fri Jun 08 14:21:59 UTC 2018 /home/travis/build/icyphy/ptII/ptolemy/actor/lib/test/auto/DiscreteClock4.xml
----------------- Instantiating /home/travis/build/icyphy/ptII/ptolemy/actor/lib/test/auto/DiscreteClock4.xml
3 ms. Memory: 1111040K Free: 950374K (86%)
----------------- Invoking toplevel() on ptolemy.moml.MoMLSimpleApplication@509163a5
----------------- Done invoking toplevel() on ptolemy.moml.MoMLSimpleApplication@509163a5
reloadAllAccessors: .DiscreteClock4

===========================================================================================
----------------- testing Fri Jun 08 14:21:59 UTC 2018 /home/travis/build/icyphy/ptII/ptolemy/actor/lib/test/auto/DiscreteClock5.xml
----------------- Instantiating /home/travis/build/icyphy/ptII/ptolemy/actor/lib/test/auto/DiscreteClock5.xml
1 ms. Memory: 1111040K Free: 940441K (85%)
----------------- Invoking toplevel() on ptolemy.moml.MoMLSimpleApplication@3ee69e58
----------------- Done invoking toplevel() on ptolemy.moml.MoMLSimpleApplication@3ee69e58
reloadAllAccessors: .DiscreteClock5

===========================================================================================
----------------- testing Fri Jun 08 14:21:59 UTC 2018 /home/travis/build/icyphy/ptII/ptolemy/actor/lib/test/auto/DiscreteClock6.xml
----------------- Instantiating /home/travis/build/icyphy/ptII/ptolemy/actor/lib/test/auto/DiscreteClock6.xml
1 ms. Memory: 1111040K Free: 923078K (83%)
----------------- Invoking toplevel() on ptolemy.moml.MoMLSimpleApplication@6b50a08c
----------------- Done invoking toplevel() on ptolemy.moml.MoMLSimpleApplication@6b50a08c
reloadAllAccessors: .DiscreteClock6

===========================================================================================
----------------- testing Fri Jun 08 14:21:59 UTC 2018 /home/travis/build/icyphy/ptII/ptolemy/actor/lib/test/auto/DiscreteClock7.xml
----------------- Instantiating /home/travis/build/icyphy/ptII/ptolemy/actor/lib/test/auto/DiscreteClock7.xml
1 ms. Memory: 1111040K Free: 913146K (82%)
----------------- Invoking toplevel() on ptolemy.moml.MoMLSimpleApplication@24bc9292
----------------- Done invoking toplevel() on ptolemy.moml.MoMLSimpleApplication@24bc9292
reloadAllAccessors: .DiscreteClock7

===========================================================================================
----------------- testing Fri Jun 08 14:21:59 UTC 2018 /home/travis/build/icyphy/ptII/ptolemy/actor/lib/test/auto/DiscreteClock8.xml
----------------- Instantiating /home/travis/build/icyphy/ptII/ptolemy/actor/lib/test/auto/DiscreteClock8.xml
2 ms. Memory: 1111040K Free: 903213K (81%)
----------------- Invoking toplevel() on ptolemy.moml.MoMLSimpleApplication@4bf322e3
----------------- Done invoking toplevel() on ptolemy.moml.MoMLSimpleApplication@4bf322e3
reloadAllAccessors: .DiscreteClock8

===========================================================================================
----------------- testing Fri Jun 08 14:21:59 UTC 2018 /home/travis/build/icyphy/ptII/ptolemy/actor/lib/test/auto/DiscreteClock9.xml
----------------- Instantiating /home/travis/build/icyphy/ptII/ptolemy/actor/lib/test/auto/DiscreteClock9.xml
2 ms. Memory: 1111040K Free: 885849K (80%)
----------------- Invoking toplevel() on ptolemy.moml.MoMLSimpleApplication@13fc1597
----------------- Done invoking toplevel() on ptolemy.moml.MoMLSimpleApplication@13fc1597
reloadAllAccessors: .DiscreteClock9

===========================================================================================
----------------- testing Fri Jun 08 14:21:59 UTC 2018 /home/travis/build/icyphy/ptII/ptolemy/actor/lib/test/auto/DisplayArray.xml
----------------- Instantiating /home/travis/build/icyphy/ptII/ptolemy/actor/lib/test/auto/DisplayArray.xml
1 ms. Memory: 1111040K Free: 875917K (79%)
----------------- Invoking toplevel() on ptolemy.moml.MoMLSimpleApplication@522cbd41
----------------- Done invoking toplevel() on ptolemy.moml.MoMLSimpleApplication@522cbd41
reloadAllAccessors: .DisplayArray

===========================================================================================
----------------- testing Fri Jun 08 14:21:59 UTC 2018 /home/travis/build/icyphy/ptII/ptolemy/actor/lib/test/auto/Distributor.xml
----------------- Instantiating /home/travis/build/icyphy/ptII/ptolemy/actor/lib/test/auto/Distributor.xml
1 ms. Memory: 1111040K Free: 865984K (78%)
----------------- Invoking toplevel() on ptolemy.moml.MoMLSimpleApplication@81b14b6
----------------- Done invoking toplevel() on ptolemy.moml.MoMLSimpleApplication@81b14b6
reloadAllAccessors: .Distributor

===========================================================================================
----------------- testing Fri Jun 08 14:21:59 UTC 2018 /home/travis/build/icyphy/ptII/ptolemy/actor/lib/test/auto/Distributor2.xml
----------------- Instantiating /home/travis/build/icyphy/ptII/ptolemy/actor/lib/test/auto/Distributor2.xml
2 ms. Memory: 1111040K Free: 848621K (76%)
----------------- Invoking toplevel() on ptolemy.moml.MoMLSimpleApplication@1f7ae4c3
----------------- Done invoking toplevel() on ptolemy.moml.MoMLSimpleApplication@1f7ae4c3
reloadAllAccessors: .Distributor2

===========================================================================================
----------------- testing Fri Jun 08 14:21:59 UTC 2018 /home/travis/build/icyphy/ptII/ptolemy/actor/lib/test/auto/DownSample.xml
----------------- Instantiating /home/travis/build/icyphy/ptII/ptolemy/actor/lib/test/auto/DownSample.xml
1 ms. Memory: 1111040K Free: 838688K (75%)
----------------- Invoking toplevel() on ptolemy.moml.MoMLSimpleApplication@bac10c5
----------------- Done invoking toplevel() on ptolemy.moml.MoMLSimpleApplication@bac10c5
reloadAllAccessors: .DownSample

===========================================================================================
----------------- testing Fri Jun 08 14:21:59 UTC 2018 /home/travis/build/icyphy/ptII/ptolemy/actor/lib/test/auto/ElectronicUnitBase1.xml
----------------- Instantiating /home/travis/build/icyphy/ptII/ptolemy/actor/lib/test/auto/ElectronicUnitBase1.xml
19 ms. Memory: 1111040K Free: 818814K (74%)
----------------- Invoking toplevel() on ptolemy.moml.MoMLSimpleApplication@275e82c7
----------------- Done invoking toplevel() on ptolemy.moml.MoMLSimpleApplication@275e82c7
reloadAllAccessors: .ElectronicUnitBase1

===========================================================================================
----------------- testing Fri Jun 08 14:21:59 UTC 2018 /home/travis/build/icyphy/ptII/ptolemy/actor/lib/test/auto/ElementsToArray.xml
----------------- Instantiating /home/travis/build/icyphy/ptII/ptolemy/actor/lib/test/auto/ElementsToArray.xml
2 ms. Memory: 1111040K Free: 801451K (72%)
----------------- Invoking toplevel() on ptolemy.moml.MoMLSimpleApplication@27598242
----------------- Done invoking toplevel() on ptolemy.moml.MoMLSimpleApplication@27598242
reloadAllAccessors: .ElementsToArray

===========================================================================================
----------------- testing Fri Jun 08 14:21:59 UTC 2018 /home/travis/build/icyphy/ptII/ptolemy/actor/lib/test/auto/Equals.xml
----------------- Instantiating /home/travis/build/icyphy/ptII/ptolemy/actor/lib/test/auto/Equals.xml
1 ms. Memory: 1111040K Free: 791518K (71%)
----------------- Invoking toplevel() on ptolemy.moml.MoMLSimpleApplication@2c026d9b
----------------- Done invoking toplevel() on ptolemy.moml.MoMLSimpleApplication@2c026d9b
reloadAllAccessors: .Equals

===========================================================================================
----------------- testing Fri Jun 08 14:21:59 UTC 2018 /home/travis/build/icyphy/ptII/ptolemy/actor/lib/test/auto/Exec.xml
----------------- Instantiating /home/travis/build/icyphy/ptII/ptolemy/actor/lib/test/auto/Exec.xml
12 ms. Memory: 1111040K Free: 766686K (69%)
----------------- Invoking toplevel() on ptolemy.moml.MoMLSimpleApplication@4dbc932e
----------------- Done invoking toplevel() on ptolemy.moml.MoMLSimpleApplication@4dbc932e
reloadAllAccessors: .Exec

===========================================================================================
----------------- testing Fri Jun 08 14:21:59 UTC 2018 /home/travis/build/icyphy/ptII/ptolemy/actor/lib/test/auto/ExecEnvironment.xml
----------------- Instantiating /home/travis/build/icyphy/ptII/ptolemy/actor/lib/test/auto/ExecEnvironment.xml
25 ms. Memory: 1111040K Free: 756753K (68%)
----------------- Invoking toplevel() on ptolemy.moml.MoMLSimpleApplication@16536100
----------------- Done invoking toplevel() on ptolemy.moml.MoMLSimpleApplication@16536100
reloadAllAccessors: .ExecEnvironment

===========================================================================================
----------------- testing Fri Jun 08 14:21:59 UTC 2018 /home/travis/build/icyphy/ptII/ptolemy/actor/lib/test/auto/ExecNonZeroReturnOutput.xml
----------------- Instantiating /home/travis/build/icyphy/ptII/ptolemy/actor/lib/test/auto/ExecNonZeroReturnOutput.xml
130 ms. Memory: 1111040K Free: 674826K (61%)
----------------- Invoking toplevel() on ptolemy.moml.MoMLSimpleApplication@64abd57
----------------- Done invoking toplevel() on ptolemy.moml.MoMLSimpleApplication@64abd57
reloadAllAccessors: .ExecNonZeroReturnOutput

===========================================================================================
----------------- testing Fri Jun 08 14:22:00 UTC 2018 /home/travis/build/icyphy/ptII/ptolemy/actor/lib/test/auto/ExecRunDemos.xml
----------------- Instantiating /home/travis/build/icyphy/ptII/ptolemy/actor/lib/test/auto/ExecRunDemos.xml
Finished: 96 ms. Memory: 116224K Free: 100789K (87%)

Finished: 34 ms. Memory: 116224K Free: 98283K (85%)

Finished: 74 ms. Memory: 116224K Free: 98340K (85%)

Finished: 40 ms. Memory: 116224K Free: 99496K (86%)

Finished: 39 ms. Memory: 116224K Free: 100805K (87%)

9566 ms. Memory: 1111040K Free: 605277K (54%)
----------------- Invoking toplevel() on ptolemy.moml.MoMLSimpleApplication@66784b74
----------------- Done invoking toplevel() on ptolemy.moml.MoMLSimpleApplication@66784b74
reloadAllAccessors: .ExecRunDemos

===========================================================================================
----------------- testing Fri Jun 08 14:22:09 UTC 2018 /home/travis/build/icyphy/ptII/ptolemy/actor/lib/test/auto/ExecStop.xml
----------------- Instantiating /home/travis/build/icyphy/ptII/ptolemy/actor/lib/test/auto/ExecStop.xml
5006 ms. Memory: 1111040K Free: 441384K (40%)
----------------- Invoking toplevel() on ptolemy.moml.MoMLSimpleApplication@4406bbec
----------------- Done invoking toplevel() on ptolemy.moml.MoMLSimpleApplication@4406bbec
reloadAllAccessors: .ExecStop

===========================================================================================
----------------- testing Fri Jun 08 14:22:14 UTC 2018 /home/travis/build/icyphy/ptII/ptolemy/actor/lib/test/auto/ExecutionTimePN.xml
----------------- Instantiating /home/travis/build/icyphy/ptII/ptolemy/actor/lib/test/auto/ExecutionTimePN.xml
Fired ExecutionTime: 1034400000
Fired ExecutionTime: 786000000
Fired ExecutionTime: 1033200000
2014 ms. Memory: 1111040K Free: 384273K (35%)
----------------- Invoking toplevel() on ptolemy.moml.MoMLSimpleApplication@5d30a98
----------------- Done invoking toplevel() on ptolemy.moml.MoMLSimpleApplication@5d30a98
reloadAllAccessors: .ExecutionTimePN

===========================================================================================
----------------- testing Fri Jun 08 14:22:16 UTC 2018 /home/travis/build/icyphy/ptII/ptolemy/actor/lib/test/auto/ExecutionTimeSDF.xml
----------------- Instantiating /home/travis/build/icyphy/ptII/ptolemy/actor/lib/test/auto/ExecutionTimeSDF.xml
Fired ExecutionTime: 747200000
Fired ExecutionTime: 917600000
Fired ExecutionTime: -1204967296
6004 ms. Memory: 1111040K Free: 354443K (32%)
----------------- Invoking toplevel() on ptolemy.moml.MoMLSimpleApplication@157be004
----------------- Done invoking toplevel() on ptolemy.moml.MoMLSimpleApplication@157be004
reloadAllAccessors: .ExecutionTimeSDF

===========================================================================================
----------------- testing Fri Jun 08 14:22:22 UTC 2018 /home/travis/build/icyphy/ptII/ptolemy/actor/lib/test/auto/Expression1.xml
----------------- Instantiating /home/travis/build/icyphy/ptII/ptolemy/actor/lib/test/auto/Expression1.xml
1 ms. Memory: 1111040K Free: 344510K (31%)
----------------- Invoking toplevel() on ptolemy.moml.MoMLSimpleApplication@812b599
----------------- Done invoking toplevel() on ptolemy.moml.MoMLSimpleApplication@812b599
reloadAllAccessors: .Expression1

===========================================================================================
----------------- testing Fri Jun 08 14:22:22 UTC 2018 /home/travis/build/icyphy/ptII/ptolemy/actor/lib/test/auto/Expression10.xml
----------------- Instantiating /home/travis/build/icyphy/ptII/ptolemy/actor/lib/test/auto/Expression10.xml
6 ms. Memory: 1111040K Free: 327147K (29%)
----------------- Invoking toplevel() on ptolemy.moml.MoMLSimpleApplication@68d9f45a
----------------- Done invoking toplevel() on ptolemy.moml.MoMLSimpleApplication@68d9f45a
reloadAllAccessors: .Expression10

===========================================================================================
----------------- testing Fri Jun 08 14:22:22 UTC 2018 /home/travis/build/icyphy/ptII/ptolemy/actor/lib/test/auto/Expression11.xml
----------------- Instantiating /home/travis/build/icyphy/ptII/ptolemy/actor/lib/test/auto/Expression11.xml
2 ms. Memory: 1111040K Free: 317214K (29%)
----------------- Invoking toplevel() on ptolemy.moml.MoMLSimpleApplication@43793baf
----------------- Done invoking toplevel() on ptolemy.moml.MoMLSimpleApplication@43793baf
reloadAllAccessors: .Expression11

===========================================================================================
----------------- testing Fri Jun 08 14:22:22 UTC 2018 /home/travis/build/icyphy/ptII/ptolemy/actor/lib/test/auto/Expression12.xml
----------------- Instantiating /home/travis/build/icyphy/ptII/ptolemy/actor/lib/test/auto/Expression12.xml
3 ms. Memory: 1111040K Free: 307281K (28%)
----------------- Invoking toplevel() on ptolemy.moml.MoMLSimpleApplication@1d1fb066
----------------- Done invoking toplevel() on ptolemy.moml.MoMLSimpleApplication@1d1fb066
reloadAllAccessors: .Expression12

===========================================================================================
----------------- testing Fri Jun 08 14:22:22 UTC 2018 /home/travis/build/icyphy/ptII/ptolemy/actor/lib/test/auto/Expression13.xml
----------------- Instantiating /home/travis/build/icyphy/ptII/ptolemy/actor/lib/test/auto/Expression13.xml
4 ms. Memory: 1111040K Free: 289918K (26%)
----------------- Invoking toplevel() on ptolemy.moml.MoMLSimpleApplication@7746208b
----------------- Done invoking toplevel() on ptolemy.moml.MoMLSimpleApplication@7746208b
reloadAllAccessors: .Expression13

===========================================================================================
----------------- testing Fri Jun 08 14:22:22 UTC 2018 /home/travis/build/icyphy/ptII/ptolemy/actor/lib/test/auto/Expression14.xml
----------------- Instantiating /home/travis/build/icyphy/ptII/ptolemy/actor/lib/test/auto/Expression14.xml
4 ms. Memory: 1111040K Free: 279985K (25%)
----------------- Invoking toplevel() on ptolemy.moml.MoMLSimpleApplication@2f151fa
----------------- Done invoking toplevel() on ptolemy.moml.MoMLSimpleApplication@2f151fa
reloadAllAccessors: .Expression14

===========================================================================================
----------------- testing Fri Jun 08 14:22:22 UTC 2018 /home/travis/build/icyphy/ptII/ptolemy/actor/lib/test/auto/Expression15.xml
----------------- Instantiating /home/travis/build/icyphy/ptII/ptolemy/actor/lib/test/auto/Expression15.xml
1 ms. Memory: 1111040K Free: 270052K (24%)
----------------- Invoking toplevel() on ptolemy.moml.MoMLSimpleApplication@7475f9a1
----------------- Done invoking toplevel() on ptolemy.moml.MoMLSimpleApplication@7475f9a1
reloadAllAccessors: .Expression15

===========================================================================================
----------------- testing Fri Jun 08 14:22:22 UTC 2018 /home/travis/build/icyphy/ptII/ptolemy/actor/lib/test/auto/Expression16.xml
----------------- Instantiating /home/travis/build/icyphy/ptII/ptolemy/actor/lib/test/auto/Expression16.xml
3 ms. Memory: 1111040K Free: 260120K (23%)
----------------- Invoking toplevel() on ptolemy.moml.MoMLSimpleApplication@76125aae
----------------- Done invoking toplevel() on ptolemy.moml.MoMLSimpleApplication@76125aae
reloadAllAccessors: .Expression16

===========================================================================================
----------------- testing Fri Jun 08 14:22:22 UTC 2018 /home/travis/build/icyphy/ptII/ptolemy/actor/lib/test/auto/Expression17.xml
----------------- Instantiating /home/travis/build/icyphy/ptII/ptolemy/actor/lib/test/auto/Expression17.xml
3 ms. Memory: 1111040K Free: 242757K (22%)
----------------- Invoking toplevel() on ptolemy.moml.MoMLSimpleApplication@6d832171
----------------- Done invoking toplevel() on ptolemy.moml.MoMLSimpleApplication@6d832171
reloadAllAccessors: .Expression17

===========================================================================================
----------------- testing Fri Jun 08 14:22:22 UTC 2018 /home/travis/build/icyphy/ptII/ptolemy/actor/lib/test/auto/Expression18.xml
----------------- Instantiating /home/travis/build/icyphy/ptII/ptolemy/actor/lib/test/auto/Expression18.xml
2 ms. Memory: 1111040K Free: 232824K (21%)
----------------- Invoking toplevel() on ptolemy.moml.MoMLSimpleApplication@794225c0
----------------- Done invoking toplevel() on ptolemy.moml.MoMLSimpleApplication@794225c0
reloadAllAccessors: .Expression18

===========================================================================================
----------------- testing Fri Jun 08 14:22:22 UTC 2018 /home/travis/build/icyphy/ptII/ptolemy/actor/lib/test/auto/Expression2.xml
----------------- Instantiating /home/travis/build/icyphy/ptII/ptolemy/actor/lib/test/auto/Expression2.xml
3 ms. Memory: 1111040K Free: 222891K (20%)
----------------- Invoking toplevel() on ptolemy.moml.MoMLSimpleApplication@37eff32f
----------------- Done invoking toplevel() on ptolemy.moml.MoMLSimpleApplication@37eff32f
reloadAllAccessors: .Expression2

===========================================================================================
----------------- testing Fri Jun 08 14:22:23 UTC 2018 /home/travis/build/icyphy/ptII/ptolemy/actor/lib/test/auto/Expression3.xml
----------------- Instantiating /home/travis/build/icyphy/ptII/ptolemy/actor/lib/test/auto/Expression3.xml
7 ms. Memory: 1111040K Free: 205528K (18%)
----------------- Invoking toplevel() on ptolemy.moml.MoMLSimpleApplication@5358a955
----------------- Done invoking toplevel() on ptolemy.moml.MoMLSimpleApplication@5358a955
reloadAllAccessors: .Expression3

===========================================================================================
----------------- testing Fri Jun 08 14:22:23 UTC 2018 /home/travis/build/icyphy/ptII/ptolemy/actor/lib/test/auto/Expression4.xml
----------------- Instantiating /home/travis/build/icyphy/ptII/ptolemy/actor/lib/test/auto/Expression4.xml
4 ms. Memory: 1111040K Free: 190621K (17%)
----------------- Invoking toplevel() on ptolemy.moml.MoMLSimpleApplication@a8dae21
----------------- Done invoking toplevel() on ptolemy.moml.MoMLSimpleApplication@a8dae21
reloadAllAccessors: .Expression4

===========================================================================================
----------------- testing Fri Jun 08 14:22:23 UTC 2018 /home/travis/build/icyphy/ptII/ptolemy/actor/lib/test/auto/Expression5.xml
----------------- Instantiating /home/travis/build/icyphy/ptII/ptolemy/actor/lib/test/auto/Expression5.xml
7 ms. Memory: 1111040K Free: 180688K (16%)
----------------- Invoking toplevel() on ptolemy.moml.MoMLSimpleApplication@79bf194c
----------------- Done invoking toplevel() on ptolemy.moml.MoMLSimpleApplication@79bf194c
reloadAllAccessors: .Expression5

===========================================================================================
----------------- testing Fri Jun 08 14:22:23 UTC 2018 /home/travis/build/icyphy/ptII/ptolemy/actor/lib/test/auto/Expression6.xml
----------------- Instantiating /home/travis/build/icyphy/ptII/ptolemy/actor/lib/test/auto/Expression6.xml
2 ms. Memory: 1111040K Free: 170755K (15%)
----------------- Invoking toplevel() on ptolemy.moml.MoMLSimpleApplication@f554ad3
----------------- Done invoking toplevel() on ptolemy.moml.MoMLSimpleApplication@f554ad3
reloadAllAccessors: .Expression6

===========================================================================================
----------------- testing Fri Jun 08 14:22:23 UTC 2018 /home/travis/build/icyphy/ptII/ptolemy/actor/lib/test/auto/Expression7.xml
----------------- Instantiating /home/travis/build/icyphy/ptII/ptolemy/actor/lib/test/auto/Expression7.xml
3 ms. Memory: 1111040K Free: 153392K (14%)
----------------- Invoking toplevel() on ptolemy.moml.MoMLSimpleApplication@3aa8f5cd
----------------- Done invoking toplevel() on ptolemy.moml.MoMLSimpleApplication@3aa8f5cd
reloadAllAccessors: .Expression7

===========================================================================================
----------------- testing Fri Jun 08 14:22:23 UTC 2018 /home/travis/build/icyphy/ptII/ptolemy/actor/lib/test/auto/Expression8.xml
----------------- Instantiating /home/travis/build/icyphy/ptII/ptolemy/actor/lib/test/auto/Expression8.xml
9 ms. Memory: 1111040K Free: 143459K (13%)
----------------- Invoking toplevel() on ptolemy.moml.MoMLSimpleApplication@4b052b1e
----------------- Done invoking toplevel() on ptolemy.moml.MoMLSimpleApplication@4b052b1e
reloadAllAccessors: .Expression8

===========================================================================================
----------------- testing Fri Jun 08 14:22:23 UTC 2018 /home/travis/build/icyphy/ptII/ptolemy/actor/lib/test/auto/Expression9.xml
----------------- Instantiating /home/travis/build/icyphy/ptII/ptolemy/actor/lib/test/auto/Expression9.xml
1 ms. Memory: 1111040K Free: 133526K (12%)
----------------- Invoking toplevel() on ptolemy.moml.MoMLSimpleApplication@51315ea5
----------------- Done invoking toplevel() on ptolemy.moml.MoMLSimpleApplication@51315ea5
reloadAllAccessors: .Expression9

===========================================================================================
----------------- testing Fri Jun 08 14:22:23 UTC 2018 /home/travis/build/icyphy/ptII/ptolemy/actor/lib/test/auto/ExpressionConcatenateArrayType.xml
----------------- Instantiating /home/travis/build/icyphy/ptII/ptolemy/actor/lib/test/auto/ExpressionConcatenateArrayType.xml
3 ms. Memory: 1111040K Free: 111189K (10%)
----------------- Invoking toplevel() on ptolemy.moml.MoMLSimpleApplication@3d16c6e7
----------------- Done invoking toplevel() on ptolemy.moml.MoMLSimpleApplication@3d16c6e7
reloadAllAccessors: .ExpressionConcatenateArrayType

===========================================================================================
----------------- testing Fri Jun 08 14:22:23 UTC 2018 /home/travis/build/icyphy/ptII/ptolemy/actor/lib/test/auto/ExpressionConcatenateArrayType2.xml
----------------- Instantiating /home/travis/build/icyphy/ptII/ptolemy/actor/lib/test/auto/ExpressionConcatenateArrayType2.xml
3 ms. Memory: 1111040K Free: 101256K (9%)
----------------- Invoking toplevel() on ptolemy.moml.MoMLSimpleApplication@1b893fca
----------------- Done invoking toplevel() on ptolemy.moml.MoMLSimpleApplication@1b893fca
reloadAllAccessors: .ExpressionConcatenateArrayType2

===========================================================================================
----------------- testing Fri Jun 08 14:22:23 UTC 2018 /home/travis/build/icyphy/ptII/ptolemy/actor/lib/test/auto/ExpressionFix.xml
----------------- Instantiating /home/travis/build/icyphy/ptII/ptolemy/actor/lib/test/auto/ExpressionFix.xml
14 ms. Memory: 1111040K Free: 91323K (8%)
----------------- Invoking toplevel() on ptolemy.moml.MoMLSimpleApplication@1221b5e7
----------------- Done invoking toplevel() on ptolemy.moml.MoMLSimpleApplication@1221b5e7
reloadAllAccessors: .ExpressionFix

===========================================================================================
----------------- testing Fri Jun 08 14:22:23 UTC 2018 /home/travis/build/icyphy/ptII/ptolemy/actor/lib/test/auto/ExpressionFix2.xml
----------------- Instantiating /home/travis/build/icyphy/ptII/ptolemy/actor/lib/test/auto/ExpressionFix2.xml
13 ms. Memory: 1111040K Free: 1070192K (96%)
----------------- Invoking toplevel() on ptolemy.moml.MoMLSimpleApplication@16c7ce30
----------------- Done invoking toplevel() on ptolemy.moml.MoMLSimpleApplication@16c7ce30
reloadAllAccessors: .ExpressionFix2

===========================================================================================
----------------- testing Fri Jun 08 14:22:23 UTC 2018 /home/travis/build/icyphy/ptII/ptolemy/actor/lib/test/auto/ExpressionFix3.xml
----------------- Instantiating /home/travis/build/icyphy/ptII/ptolemy/actor/lib/test/auto/ExpressionFix3.xml
2 ms. Memory: 1111040K Free: 1052129K (95%)
----------------- Invoking toplevel() on ptolemy.moml.MoMLSimpleApplication@77ac5d56
----------------- Done invoking toplevel() on ptolemy.moml.MoMLSimpleApplication@77ac5d56
reloadAllAccessors: .ExpressionFix3

===========================================================================================
----------------- testing Fri Jun 08 14:22:23 UTC 2018 /home/travis/build/icyphy/ptII/ptolemy/actor/lib/test/auto/FileWriter1.xml
----------------- Instantiating /home/travis/build/icyphy/ptII/ptolemy/actor/lib/test/auto/FileWriter1.xml
1 ms. Memory: 1111040K Free: 1042196K (94%)
----------------- Invoking toplevel() on ptolemy.moml.MoMLSimpleApplication@f7ff987
----------------- Done invoking toplevel() on ptolemy.moml.MoMLSimpleApplication@f7ff987
reloadAllAccessors: .FileWriter1

===========================================================================================
----------------- testing Fri Jun 08 14:22:23 UTC 2018 /home/travis/build/icyphy/ptII/ptolemy/actor/lib/test/auto/FileWriter2.xml
----------------- Instantiating /home/travis/build/icyphy/ptII/ptolemy/actor/lib/test/auto/FileWriter2.xml
2 ms. Memory: 1111040K Free: 1026654K (92%)
----------------- Invoking toplevel() on ptolemy.moml.MoMLSimpleApplication@2bd549ff
----------------- Done invoking toplevel() on ptolemy.moml.MoMLSimpleApplication@2bd549ff
reloadAllAccessors: .FileWriter2

===========================================================================================
----------------- testing Fri Jun 08 14:22:23 UTC 2018 /home/travis/build/icyphy/ptII/ptolemy/actor/lib/test/auto/FileWriter3.xml
----------------- Instantiating /home/travis/build/icyphy/ptII/ptolemy/actor/lib/test/auto/FileWriter3.xml
5 ms. Memory: 1111040K Free: 1016721K (92%)
----------------- Invoking toplevel() on ptolemy.moml.MoMLSimpleApplication@3ef205e5
----------------- Done invoking toplevel() on ptolemy.moml.MoMLSimpleApplication@3ef205e5
reloadAllAccessors: .FileWriter3

===========================================================================================
----------------- testing Fri Jun 08 14:22:23 UTC 2018 /home/travis/build/icyphy/ptII/ptolemy/actor/lib/test/auto/Gaussian.xml
----------------- Instantiating /home/travis/build/icyphy/ptII/ptolemy/actor/lib/test/auto/Gaussian.xml
1 ms. Memory: 1111040K Free: 1006788K (91%)
----------------- Invoking toplevel() on ptolemy.moml.MoMLSimpleApplication@49c5a085
----------------- Done invoking toplevel() on ptolemy.moml.MoMLSimpleApplication@49c5a085
reloadAllAccessors: .Gaussian

===========================================================================================
----------------- testing Fri Jun 08 14:22:23 UTC 2018 /home/travis/build/icyphy/ptII/ptolemy/actor/lib/test/auto/Gaussian1.xml
----------------- Instantiating /home/travis/build/icyphy/ptII/ptolemy/actor/lib/test/auto/Gaussian1.xml
7 ms. Memory: 1111040K Free: 991245K (89%)
----------------- Invoking toplevel() on ptolemy.moml.MoMLSimpleApplication@5a40ce56
----------------- Done invoking toplevel() on ptolemy.moml.MoMLSimpleApplication@5a40ce56
reloadAllAccessors: .Gaussian1

===========================================================================================
----------------- testing Fri Jun 08 14:22:23 UTC 2018 /home/travis/build/icyphy/ptII/ptolemy/actor/lib/test/auto/Gaussian2.xml
----------------- Instantiating /home/travis/build/icyphy/ptII/ptolemy/actor/lib/test/auto/Gaussian2.xml
2 ms. Memory: 1111040K Free: 981313K (88%)
----------------- Invoking toplevel() on ptolemy.moml.MoMLSimpleApplication@7ae12629
----------------- Done invoking toplevel() on ptolemy.moml.MoMLSimpleApplication@7ae12629
reloadAllAccessors: .Gaussian2

===========================================================================================
----------------- testing Fri Jun 08 14:22:23 UTC 2018 /home/travis/build/icyphy/ptII/ptolemy/actor/lib/test/auto/GradientAdaptiveLattice.xml
----------------- Instantiating /home/travis/build/icyphy/ptII/ptolemy/actor/lib/test/auto/GradientAdaptiveLattice.xml
3 ms. Memory: 1111040K Free: 965770K (87%)
----------------- Invoking toplevel() on ptolemy.moml.MoMLSimpleApplication@60f2fe92
----------------- Done invoking toplevel() on ptolemy.moml.MoMLSimpleApplication@60f2fe92
reloadAllAccessors: .GradientAdaptiveLattice

===========================================================================================
----------------- testing Fri Jun 08 14:22:23 UTC 2018 /home/travis/build/icyphy/ptII/ptolemy/actor/lib/test/auto/IIR.xml
----------------- Instantiating /home/travis/build/icyphy/ptII/ptolemy/actor/lib/test/auto/IIR.xml
1 ms. Memory: 1111040K Free: 955837K (86%)
----------------- Invoking toplevel() on ptolemy.moml.MoMLSimpleApplication@37cadf15
----------------- Done invoking toplevel() on ptolemy.moml.MoMLSimpleApplication@37cadf15
reloadAllAccessors: .IIR

===========================================================================================
----------------- testing Fri Jun 08 14:22:23 UTC 2018 /home/travis/build/icyphy/ptII/ptolemy/actor/lib/test/auto/InputOutputTransparentPorts.xml
----------------- Instantiating /home/travis/build/icyphy/ptII/ptolemy/actor/lib/test/auto/InputOutputTransparentPorts.xml
3 ms. Memory: 1111040K Free: 940922K (85%)
----------------- Invoking toplevel() on ptolemy.moml.MoMLSimpleApplication@72fa9a81
----------------- Done invoking toplevel() on ptolemy.moml.MoMLSimpleApplication@72fa9a81
reloadAllAccessors: .InputOutputTransparentPorts

===========================================================================================
----------------- testing Fri Jun 08 14:22:23 UTC 2018 /home/travis/build/icyphy/ptII/ptolemy/actor/lib/test/auto/Interpolator.xml
----------------- Instantiating /home/travis/build/icyphy/ptII/ptolemy/actor/lib/test/auto/Interpolator.xml
5 ms. Memory: 1111040K Free: 925379K (83%)
----------------- Invoking toplevel() on ptolemy.moml.MoMLSimpleApplication@c3bdbbc
----------------- Done invoking toplevel() on ptolemy.moml.MoMLSimpleApplication@c3bdbbc
reloadAllAccessors: .Interpolator

===========================================================================================
----------------- testing Fri Jun 08 14:22:23 UTC 2018 /home/travis/build/icyphy/ptII/ptolemy/actor/lib/test/auto/InterpolatorFiringLimitDE.xml
----------------- Instantiating /home/travis/build/icyphy/ptII/ptolemy/actor/lib/test/auto/InterpolatorFiringLimitDE.xml
2 ms. Memory: 1111040K Free: 915446K (82%)
----------------- Invoking toplevel() on ptolemy.moml.MoMLSimpleApplication@51dc1c25
----------------- Done invoking toplevel() on ptolemy.moml.MoMLSimpleApplication@51dc1c25
reloadAllAccessors: .InterpolatorFiringLimitDE

===========================================================================================
----------------- testing Fri Jun 08 14:22:23 UTC 2018 /home/travis/build/icyphy/ptII/ptolemy/actor/lib/test/auto/Lattice.xml
----------------- Instantiating /home/travis/build/icyphy/ptII/ptolemy/actor/lib/test/auto/Lattice.xml
1 ms. Memory: 1111040K Free: 899903K (81%)
----------------- Invoking toplevel() on ptolemy.moml.MoMLSimpleApplication@1f196c5a
----------------- Done invoking toplevel() on ptolemy.moml.MoMLSimpleApplication@1f196c5a
reloadAllAccessors: .Lattice

===========================================================================================
----------------- testing Fri Jun 08 14:22:23 UTC 2018 /home/travis/build/icyphy/ptII/ptolemy/actor/lib/test/auto/LazyAOCTestLazy.xml
----------------- Instantiating /home/travis/build/icyphy/ptII/ptolemy/actor/lib/test/auto/LazyAOCTestLazy.xml
14 ms. Memory: 1111040K Free: 889970K (80%)
----------------- Invoking toplevel() on ptolemy.moml.MoMLSimpleApplication@3a55abb
----------------- Done invoking toplevel() on ptolemy.moml.MoMLSimpleApplication@3a55abb
reloadAllAccessors: .LazyAOCTestLazy

===========================================================================================
----------------- testing Fri Jun 08 14:22:23 UTC 2018 /home/travis/build/icyphy/ptII/ptolemy/actor/lib/test/auto/LazyAOCTestNonLazy.xml
----------------- Instantiating /home/travis/build/icyphy/ptII/ptolemy/actor/lib/test/auto/LazyAOCTestNonLazy.xml
10 ms. Memory: 1111040K Free: 880038K (79%)
----------------- Invoking toplevel() on ptolemy.moml.MoMLSimpleApplication@2c77407c
----------------- Done invoking toplevel() on ptolemy.moml.MoMLSimpleApplication@2c77407c
reloadAllAccessors: .LazyAOCTestNonLazy

===========================================================================================
----------------- testing Fri Jun 08 14:22:23 UTC 2018 /home/travis/build/icyphy/ptII/ptolemy/actor/lib/test/auto/LazyInnerClass.xml
----------------- Instantiating /home/travis/build/icyphy/ptII/ptolemy/actor/lib/test/auto/LazyInnerClass.xml
26 ms. Memory: 1111040K Free: 864495K (78%)
----------------- Invoking toplevel() on ptolemy.moml.MoMLSimpleApplication@1b247187
----------------- Done invoking toplevel() on ptolemy.moml.MoMLSimpleApplication@1b247187
reloadAllAccessors: .LazyInnerClass

===========================================================================================
----------------- testing Fri Jun 08 14:22:23 UTC 2018 /home/travis/build/icyphy/ptII/ptolemy/actor/lib/test/auto/LazyPubSub.xml
----------------- Instantiating /home/travis/build/icyphy/ptII/ptolemy/actor/lib/test/auto/LazyPubSub.xml
27 ms. Memory: 1111040K Free: 849588K (76%)
----------------- Invoking toplevel() on ptolemy.moml.MoMLSimpleApplication@7118aaf8
----------------- Done invoking toplevel() on ptolemy.moml.MoMLSimpleApplication@7118aaf8
reloadAllAccessors: .LazyPubSub

===========================================================================================
----------------- testing Fri Jun 08 14:22:23 UTC 2018 /home/travis/build/icyphy/ptII/ptolemy/actor/lib/test/auto/LazyPubSub2.xml
----------------- Instantiating /home/travis/build/icyphy/ptII/ptolemy/actor/lib/test/auto/LazyPubSub2.xml
12 ms. Memory: 1111040K Free: 829078K (75%)
----------------- Invoking toplevel() on ptolemy.moml.MoMLSimpleApplication@19e9e1c5
----------------- Done invoking toplevel() on ptolemy.moml.MoMLSimpleApplication@19e9e1c5
reloadAllAccessors: .LazyPubSub2

===========================================================================================
----------------- testing Fri Jun 08 14:22:23 UTC 2018 /home/travis/build/icyphy/ptII/ptolemy/actor/lib/test/auto/LazyPubSub3.xml
----------------- Instantiating /home/travis/build/icyphy/ptII/ptolemy/actor/lib/test/auto/LazyPubSub3.xml
9 ms. Memory: 1111040K Free: 814163K (73%)
----------------- Invoking toplevel() on ptolemy.moml.MoMLSimpleApplication@31069def
----------------- Done invoking toplevel() on ptolemy.moml.MoMLSimpleApplication@31069def
reloadAllAccessors: .LazyPubSub3

===========================================================================================
----------------- testing Fri Jun 08 14:22:23 UTC 2018 /home/travis/build/icyphy/ptII/ptolemy/actor/lib/test/auto/LazySubClassModel.xml
----------------- Instantiating /home/travis/build/icyphy/ptII/ptolemy/actor/lib/test/auto/LazySubClassModel.xml
1 ms. Memory: 1111040K Free: 799264K (72%)
----------------- Invoking toplevel() on ptolemy.moml.MoMLSimpleApplication@7d9a64f2
----------------- Done invoking toplevel() on ptolemy.moml.MoMLSimpleApplication@7d9a64f2
reloadAllAccessors: .LazySubClassModel

===========================================================================================
----------------- testing Fri Jun 08 14:22:23 UTC 2018 /home/travis/build/icyphy/ptII/ptolemy/actor/lib/test/auto/LevelCrossTest1.xml
----------------- Instantiating /home/travis/build/icyphy/ptII/ptolemy/actor/lib/test/auto/LevelCrossTest1.xml
1 ms. Memory: 1111040K Free: 783721K (71%)
----------------- Invoking toplevel() on ptolemy.moml.MoMLSimpleApplication@a072591
----------------- Done invoking toplevel() on ptolemy.moml.MoMLSimpleApplication@a072591
reloadAllAccessors: .broken

===========================================================================================
----------------- testing Fri Jun 08 14:22:23 UTC 2018 /home/travis/build/icyphy/ptII/ptolemy/actor/lib/test/auto/LevelCrossTest10.xml
----------------- Instantiating /home/travis/build/icyphy/ptII/ptolemy/actor/lib/test/auto/LevelCrossTest10.xml
1 ms. Memory: 1111040K Free: 768821K (69%)
----------------- Invoking toplevel() on ptolemy.moml.MoMLSimpleApplication@40d958fc
----------------- Done invoking toplevel() on ptolemy.moml.MoMLSimpleApplication@40d958fc
reloadAllAccessors: .LevelCrossTest10

===========================================================================================
----------------- testing Fri Jun 08 14:22:23 UTC 2018 /home/travis/build/icyphy/ptII/ptolemy/actor/lib/test/auto/LevelCrossTest11.xml
----------------- Instantiating /home/travis/build/icyphy/ptII/ptolemy/actor/lib/test/auto/LevelCrossTest11.xml
1 ms. Memory: 1111040K Free: 748304K (67%)
----------------- Invoking toplevel() on ptolemy.moml.MoMLSimpleApplication@ef4b62d
----------------- Done invoking toplevel() on ptolemy.moml.MoMLSimpleApplication@ef4b62d
reloadAllAccessors: .LevelCrossTest11

===========================================================================================
----------------- testing Fri Jun 08 14:22:23 UTC 2018 /home/travis/build/icyphy/ptII/ptolemy/actor/lib/test/auto/LevelCrossTest12.xml
----------------- Instantiating /home/travis/build/icyphy/ptII/ptolemy/actor/lib/test/auto/LevelCrossTest12.xml
1 ms. Memory: 1111040K Free: 733389K (66%)
----------------- Invoking toplevel() on ptolemy.moml.MoMLSimpleApplication@3a69b764
----------------- Done invoking toplevel() on ptolemy.moml.MoMLSimpleApplication@3a69b764
reloadAllAccessors: .LevelCrossTest12

===========================================================================================
----------------- testing Fri Jun 08 14:22:23 UTC 2018 /home/travis/build/icyphy/ptII/ptolemy/actor/lib/test/auto/LevelCrossTest13.xml
----------------- Instantiating /home/travis/build/icyphy/ptII/ptolemy/actor/lib/test/auto/LevelCrossTest13.xml
1 ms. Memory: 1111040K Free: 718474K (65%)
----------------- Invoking toplevel() on ptolemy.moml.MoMLSimpleApplication@355f5d9c
----------------- Done invoking toplevel() on ptolemy.moml.MoMLSimpleApplication@355f5d9c
reloadAllAccessors: .LevelCrossTest13

===========================================================================================
----------------- testing Fri Jun 08 14:22:23 UTC 2018 /home/travis/build/icyphy/ptII/ptolemy/actor/lib/test/auto/LevelCrossTest2.xml
----------------- Instantiating /home/travis/build/icyphy/ptII/ptolemy/actor/lib/test/auto/LevelCrossTest2.xml
1 ms. Memory: 1111040K Free: 702931K (63%)
----------------- Invoking toplevel() on ptolemy.moml.MoMLSimpleApplication@5b564d73
----------------- Done invoking toplevel() on ptolemy.moml.MoMLSimpleApplication@5b564d73
reloadAllAccessors: .broken

===========================================================================================
----------------- testing Fri Jun 08 14:22:23 UTC 2018 /home/travis/build/icyphy/ptII/ptolemy/actor/lib/test/auto/LevelCrossTest3.xml
----------------- Instantiating /home/travis/build/icyphy/ptII/ptolemy/actor/lib/test/auto/LevelCrossTest3.xml
2 ms. Memory: 1111040K Free: 692998K (62%)
----------------- Invoking toplevel() on ptolemy.moml.MoMLSimpleApplication@1e906756
----------------- Done invoking toplevel() on ptolemy.moml.MoMLSimpleApplication@1e906756
reloadAllAccessors: .LevelCrossTest3

===========================================================================================
----------------- testing Fri Jun 08 14:22:23 UTC 2018 /home/travis/build/icyphy/ptII/ptolemy/actor/lib/test/auto/LevelCrossTest4.xml
----------------- Instantiating /home/travis/build/icyphy/ptII/ptolemy/actor/lib/test/auto/LevelCrossTest4.xml
1 ms. Memory: 1111040K Free: 677456K (61%)
----------------- Invoking toplevel() on ptolemy.moml.MoMLSimpleApplication@75fd929d
----------------- Done invoking toplevel() on ptolemy.moml.MoMLSimpleApplication@75fd929d
reloadAllAccessors: .broken

===========================================================================================
----------------- testing Fri Jun 08 14:22:23 UTC 2018 /home/travis/build/icyphy/ptII/ptolemy/actor/lib/test/auto/LevelCrossTest5.xml
----------------- Instantiating /home/travis/build/icyphy/ptII/ptolemy/actor/lib/test/auto/LevelCrossTest5.xml
1 ms. Memory: 1111040K Free: 667523K (60%)
----------------- Invoking toplevel() on ptolemy.moml.MoMLSimpleApplication@61ab073e
----------------- Done invoking toplevel() on ptolemy.moml.MoMLSimpleApplication@61ab073e
reloadAllAccessors: .LevelCrossTest5

===========================================================================================
----------------- testing Fri Jun 08 14:22:23 UTC 2018 /home/travis/build/icyphy/ptII/ptolemy/actor/lib/test/auto/LevelCrossTest6.xml
----------------- Instantiating /home/travis/build/icyphy/ptII/ptolemy/actor/lib/test/auto/LevelCrossTest6.xml
1 ms. Memory: 1111040K Free: 652615K (59%)
----------------- Invoking toplevel() on ptolemy.moml.MoMLSimpleApplication@1fabc546
----------------- Done invoking toplevel() on ptolemy.moml.MoMLSimpleApplication@1fabc546
reloadAllAccessors: .LevelCrossTest6

===========================================================================================
----------------- testing Fri Jun 08 14:22:23 UTC 2018 /home/travis/build/icyphy/ptII/ptolemy/actor/lib/test/auto/LevelCrossTest7.xml
----------------- Instantiating /home/travis/build/icyphy/ptII/ptolemy/actor/lib/test/auto/LevelCrossTest7.xml
2 ms. Memory: 1111040K Free: 632090K (57%)
----------------- Invoking toplevel() on ptolemy.moml.MoMLSimpleApplication@6cdb1673
----------------- Done invoking toplevel() on ptolemy.moml.MoMLSimpleApplication@6cdb1673
reloadAllAccessors: .LevelCrossTest7

===========================================================================================
----------------- testing Fri Jun 08 14:22:24 UTC 2018 /home/travis/build/icyphy/ptII/ptolemy/actor/lib/test/auto/LevelCrossTest8.xml
----------------- Instantiating /home/travis/build/icyphy/ptII/ptolemy/actor/lib/test/auto/LevelCrossTest8.xml
1 ms. Memory: 1111040K Free: 617175K (56%)
----------------- Invoking toplevel() on ptolemy.moml.MoMLSimpleApplication@b16d427
----------------- Done invoking toplevel() on ptolemy.moml.MoMLSimpleApplication@b16d427
reloadAllAccessors: .LevelCrossTest8

===========================================================================================
----------------- testing Fri Jun 08 14:22:24 UTC 2018 /home/travis/build/icyphy/ptII/ptolemy/actor/lib/test/auto/LevelCrossTest9.xml
----------------- Instantiating /home/travis/build/icyphy/ptII/ptolemy/actor/lib/test/auto/LevelCrossTest9.xml
1 ms. Memory: 1111040K Free: 596650K (54%)
----------------- Invoking toplevel() on ptolemy.moml.MoMLSimpleApplication@38447990
----------------- Done invoking toplevel() on ptolemy.moml.MoMLSimpleApplication@38447990
reloadAllAccessors: .LevelCrossTest9

===========================================================================================
----------------- testing Fri Jun 08 14:22:24 UTC 2018 /home/travis/build/icyphy/ptII/ptolemy/actor/lib/test/auto/LevinsonDurbin.xml
----------------- Instantiating /home/travis/build/icyphy/ptII/ptolemy/actor/lib/test/auto/LevinsonDurbin.xml
4 ms. Memory: 1111040K Free: 586717K (53%)
----------------- Invoking toplevel() on ptolemy.moml.MoMLSimpleApplication@677b6d7d
----------------- Done invoking toplevel() on ptolemy.moml.MoMLSimpleApplication@677b6d7d
reloadAllAccessors: .LevinsonDurbin

===========================================================================================
----------------- testing Fri Jun 08 14:22:24 UTC 2018 /home/travis/build/icyphy/ptII/ptolemy/actor/lib/test/auto/LevinsonDurbin2.xml
----------------- Instantiating /home/travis/build/icyphy/ptII/ptolemy/actor/lib/test/auto/LevinsonDurbin2.xml
1 ms. Memory: 1111040K Free: 571175K (51%)
----------------- Invoking toplevel() on ptolemy.moml.MoMLSimpleApplication@73cdf49d
----------------- Done invoking toplevel() on ptolemy.moml.MoMLSimpleApplication@73cdf49d
reloadAllAccessors: .LevinsonDurbin2

===========================================================================================
----------------- testing Fri Jun 08 14:22:24 UTC 2018 /home/travis/build/icyphy/ptII/ptolemy/actor/lib/test/auto/LevinsonDurbin3.xml
----------------- Instantiating /home/travis/build/icyphy/ptII/ptolemy/actor/lib/test/auto/LevinsonDurbin3.xml
2 ms. Memory: 1111040K Free: 561242K (51%)
----------------- Invoking toplevel() on ptolemy.moml.MoMLSimpleApplication@22cfd9fa
----------------- Done invoking toplevel() on ptolemy.moml.MoMLSimpleApplication@22cfd9fa
reloadAllAccessors: .LevinsonDurbin3

===========================================================================================
----------------- testing Fri Jun 08 14:22:24 UTC 2018 /home/travis/build/icyphy/ptII/ptolemy/actor/lib/test/auto/Limiter.xml
----------------- Instantiating /home/travis/build/icyphy/ptII/ptolemy/actor/lib/test/auto/Limiter.xml
3 ms. Memory: 1111040K Free: 546334K (49%)
----------------- Invoking toplevel() on ptolemy.moml.MoMLSimpleApplication@3e4324dc
----------------- Done invoking toplevel() on ptolemy.moml.MoMLSimpleApplication@3e4324dc
reloadAllAccessors: .Limiter

===========================================================================================
----------------- testing Fri Jun 08 14:22:24 UTC 2018 /home/travis/build/icyphy/ptII/ptolemy/actor/lib/test/auto/LinearDifferenceEquationSystem.xml
----------------- Instantiating /home/travis/build/icyphy/ptII/ptolemy/actor/lib/test/auto/LinearDifferenceEquationSystem.xml
3 ms. Memory: 1111040K Free: 525809K (47%)
----------------- Invoking toplevel() on ptolemy.moml.MoMLSimpleApplication@49f2688
----------------- Done invoking toplevel() on ptolemy.moml.MoMLSimpleApplication@49f2688
reloadAllAccessors: .LinearDifferenceEquationSystem

===========================================================================================
----------------- testing Fri Jun 08 14:22:24 UTC 2018 /home/travis/build/icyphy/ptII/ptolemy/actor/lib/test/auto/LookupTable.xml
----------------- Instantiating /home/travis/build/icyphy/ptII/ptolemy/actor/lib/test/auto/LookupTable.xml
1 ms. Memory: 1111040K Free: 515876K (46%)
----------------- Invoking toplevel() on ptolemy.moml.MoMLSimpleApplication@754c0cc1
----------------- Done invoking toplevel() on ptolemy.moml.MoMLSimpleApplication@754c0cc1
reloadAllAccessors: .LookupTable

===========================================================================================
----------------- testing Fri Jun 08 14:22:24 UTC 2018 /home/travis/build/icyphy/ptII/ptolemy/actor/lib/test/auto/MathFunction.xml
----------------- Instantiating /home/travis/build/icyphy/ptII/ptolemy/actor/lib/test/auto/MathFunction.xml
8 ms. Memory: 1111040K Free: 495351K (45%)
----------------- Invoking toplevel() on ptolemy.moml.MoMLSimpleApplication@6e15b12f
----------------- Done invoking toplevel() on ptolemy.moml.MoMLSimpleApplication@6e15b12f
reloadAllAccessors: .MathFunction

===========================================================================================
----------------- testing Fri Jun 08 14:22:24 UTC 2018 /home/travis/build/icyphy/ptII/ptolemy/actor/lib/test/auto/MathFunction2.xml
----------------- Instantiating /home/travis/build/icyphy/ptII/ptolemy/actor/lib/test/auto/MathFunction2.xml
2 ms. Memory: 1111040K Free: 485419K (44%)
----------------- Invoking toplevel() on ptolemy.moml.MoMLSimpleApplication@2c24f262
----------------- Done invoking toplevel() on ptolemy.moml.MoMLSimpleApplication@2c24f262
reloadAllAccessors: .MathFunction2

===========================================================================================
----------------- testing Fri Jun 08 14:22:24 UTC 2018 /home/travis/build/icyphy/ptII/ptolemy/actor/lib/test/auto/MathFunction3.xml
----------------- Instantiating /home/travis/build/icyphy/ptII/ptolemy/actor/lib/test/auto/MathFunction3.xml
2 ms. Memory: 1111040K Free: 470503K (42%)
----------------- Invoking toplevel() on ptolemy.moml.MoMLSimpleApplication@1890cf05
----------------- Done invoking toplevel() on ptolemy.moml.MoMLSimpleApplication@1890cf05
reloadAllAccessors: .MathFunction3

===========================================================================================
----------------- testing Fri Jun 08 14:22:24 UTC 2018 /home/travis/build/icyphy/ptII/ptolemy/actor/lib/test/auto/MatrixCropBoolean.xml
----------------- Instantiating /home/travis/build/icyphy/ptII/ptolemy/actor/lib/test/auto/MatrixCropBoolean.xml
1 ms. Memory: 1111040K Free: 454961K (41%)
----------------- Invoking toplevel() on ptolemy.moml.MoMLSimpleApplication@7b4d4195
----------------- Done invoking toplevel() on ptolemy.moml.MoMLSimpleApplication@7b4d4195
reloadAllAccessors: .MatrixCropBoolean

===========================================================================================
----------------- testing Fri Jun 08 14:22:24 UTC 2018 /home/travis/build/icyphy/ptII/ptolemy/actor/lib/test/auto/MatrixCropComplex.xml
----------------- Instantiating /home/travis/build/icyphy/ptII/ptolemy/actor/lib/test/auto/MatrixCropComplex.xml
2 ms. Memory: 1111040K Free: 445028K (40%)
----------------- Invoking toplevel() on ptolemy.moml.MoMLSimpleApplication@1df241b3
----------------- Done invoking toplevel() on ptolemy.moml.MoMLSimpleApplication@1df241b3
reloadAllAccessors: .MatrixCropComplex

===========================================================================================
----------------- testing Fri Jun 08 14:22:24 UTC 2018 /home/travis/build/icyphy/ptII/ptolemy/actor/lib/test/auto/MatrixCropDouble.xml
----------------- Instantiating /home/travis/build/icyphy/ptII/ptolemy/actor/lib/test/auto/MatrixCropDouble.xml
2 ms. Memory: 1111040K Free: 429485K (39%)
----------------- Invoking toplevel() on ptolemy.moml.MoMLSimpleApplication@3eec8c6f
----------------- Done invoking toplevel() on ptolemy.moml.MoMLSimpleApplication@3eec8c6f
reloadAllAccessors: .MatrixCropDouble

===========================================================================================
----------------- testing Fri Jun 08 14:22:24 UTC 2018 /home/travis/build/icyphy/ptII/ptolemy/actor/lib/test/auto/MatrixCropFix.xml
----------------- Instantiating /home/travis/build/icyphy/ptII/ptolemy/actor/lib/test/auto/MatrixCropFix.xml
2 ms. Memory: 1111040K Free: 419553K (38%)
----------------- Invoking toplevel() on ptolemy.moml.MoMLSimpleApplication@4132ca39
----------------- Done invoking toplevel() on ptolemy.moml.MoMLSimpleApplication@4132ca39
reloadAllAccessors: .MatrixCropFix

===========================================================================================
----------------- testing Fri Jun 08 14:22:24 UTC 2018 /home/travis/build/icyphy/ptII/ptolemy/actor/lib/test/auto/MatrixCropInt.xml
----------------- Instantiating /home/travis/build/icyphy/ptII/ptolemy/actor/lib/test/auto/MatrixCropInt.xml
2 ms. Memory: 1111040K Free: 409620K (37%)
----------------- Invoking toplevel() on ptolemy.moml.MoMLSimpleApplication@46867f44
----------------- Done invoking toplevel() on ptolemy.moml.MoMLSimpleApplication@46867f44
reloadAllAccessors: .MatrixCropInt

===========================================================================================
----------------- testing Fri Jun 08 14:22:24 UTC 2018 /home/travis/build/icyphy/ptII/ptolemy/actor/lib/test/auto/MatrixCropLong.xml
----------------- Instantiating /home/travis/build/icyphy/ptII/ptolemy/actor/lib/test/auto/MatrixCropLong.xml
2 ms. Memory: 1111040K Free: 394077K (35%)
----------------- Invoking toplevel() on ptolemy.moml.MoMLSimpleApplication@507599a1
----------------- Done invoking toplevel() on ptolemy.moml.MoMLSimpleApplication@507599a1
reloadAllAccessors: .MatrixCropLong

===========================================================================================
----------------- testing Fri Jun 08 14:22:24 UTC 2018 /home/travis/build/icyphy/ptII/ptolemy/actor/lib/test/auto/MatrixToArray.xml
----------------- Instantiating /home/travis/build/icyphy/ptII/ptolemy/actor/lib/test/auto/MatrixToArray.xml
5 ms. Memory: 1111040K Free: 374212K (34%)
----------------- Invoking toplevel() on ptolemy.moml.MoMLSimpleApplication@5a0437b2
----------------- Done invoking toplevel() on ptolemy.moml.MoMLSimpleApplication@5a0437b2
reloadAllAccessors: .MatrixToArray

===========================================================================================
----------------- testing Fri Jun 08 14:22:24 UTC 2018 /home/travis/build/icyphy/ptII/ptolemy/actor/lib/test/auto/MaxIndex.xml
----------------- Instantiating /home/travis/build/icyphy/ptII/ptolemy/actor/lib/test/auto/MaxIndex.xml
2 ms. Memory: 1111040K Free: 358669K (32%)
----------------- Invoking toplevel() on ptolemy.moml.MoMLSimpleApplication@1ffa13ab
----------------- Done invoking toplevel() on ptolemy.moml.MoMLSimpleApplication@1ffa13ab
reloadAllAccessors: .MaxIndex

===========================================================================================
----------------- testing Fri Jun 08 14:22:24 UTC 2018 /home/travis/build/icyphy/ptII/ptolemy/actor/lib/test/auto/Maximum.xml
----------------- Instantiating /home/travis/build/icyphy/ptII/ptolemy/actor/lib/test/auto/Maximum.xml
3 ms. Memory: 1111040K Free: 348736K (31%)
----------------- Invoking toplevel() on ptolemy.moml.MoMLSimpleApplication@1495f99a
----------------- Done invoking toplevel() on ptolemy.moml.MoMLSimpleApplication@1495f99a
reloadAllAccessors: .Maximum

===========================================================================================
----------------- testing Fri Jun 08 14:22:24 UTC 2018 /home/travis/build/icyphy/ptII/ptolemy/actor/lib/test/auto/MaximumComplex.xml
----------------- Instantiating /home/travis/build/icyphy/ptII/ptolemy/actor/lib/test/auto/MaximumComplex.xml
3 ms. Memory: 1111040K Free: 338803K (30%)
----------------- Invoking toplevel() on ptolemy.moml.MoMLSimpleApplication@743a6508
----------------- Done invoking toplevel() on ptolemy.moml.MoMLSimpleApplication@743a6508
reloadAllAccessors: .MaximumComplex

===========================================================================================
----------------- testing Fri Jun 08 14:22:24 UTC 2018 /home/travis/build/icyphy/ptII/ptolemy/actor/lib/test/auto/MethodCallTest.xml
----------------- Instantiating /home/travis/build/icyphy/ptII/ptolemy/actor/lib/test/auto/MethodCallTest.xml
2 ms. Memory: 1111040K Free: 318278K (29%)
----------------- Invoking toplevel() on ptolemy.moml.MoMLSimpleApplication@10be8d4b
----------------- Done invoking toplevel() on ptolemy.moml.MoMLSimpleApplication@10be8d4b
reloadAllAccessors: .MethodCallTest

===========================================================================================
----------------- testing Fri Jun 08 14:22:24 UTC 2018 /home/travis/build/icyphy/ptII/ptolemy/actor/lib/test/auto/Minimum.xml
----------------- Instantiating /home/travis/build/icyphy/ptII/ptolemy/actor/lib/test/auto/Minimum.xml
2 ms. Memory: 1111040K Free: 308346K (28%)
----------------- Invoking toplevel() on ptolemy.moml.MoMLSimpleApplication@7ba57b2d
----------------- Done invoking toplevel() on ptolemy.moml.MoMLSimpleApplication@7ba57b2d
reloadAllAccessors: .Minimum

===========================================================================================
----------------- testing Fri Jun 08 14:22:24 UTC 2018 /home/travis/build/icyphy/ptII/ptolemy/actor/lib/test/auto/MinimumComplex.xml
----------------- Instantiating /home/travis/build/icyphy/ptII/ptolemy/actor/lib/test/auto/MinimumComplex.xml
3 ms. Memory: 1111040K Free: 292803K (26%)
----------------- Invoking toplevel() on ptolemy.moml.MoMLSimpleApplication@ffd49f4
----------------- Done invoking toplevel() on ptolemy.moml.MoMLSimpleApplication@ffd49f4
reloadAllAccessors: .MinimumComplex

===========================================================================================
----------------- testing Fri Jun 08 14:22:24 UTC 2018 /home/travis/build/icyphy/ptII/ptolemy/actor/lib/test/auto/MinimumMultiports.xml
----------------- Instantiating /home/travis/build/icyphy/ptII/ptolemy/actor/lib/test/auto/MinimumMultiports.xml
4 ms. Memory: 1111040K Free: 277888K (25%)
----------------- Invoking toplevel() on ptolemy.moml.MoMLSimpleApplication@708f3624
----------------- Done invoking toplevel() on ptolemy.moml.MoMLSimpleApplication@708f3624
reloadAllAccessors: .MinimumMultiports

===========================================================================================
----------------- testing Fri Jun 08 14:22:24 UTC 2018 /home/travis/build/icyphy/ptII/ptolemy/actor/lib/test/auto/ModifyDate.xml
----------------- Instantiating /home/travis/build/icyphy/ptII/ptolemy/actor/lib/test/auto/ModifyDate.xml
5 ms. Memory: 1111040K Free: 258022K (23%)
----------------- Invoking toplevel() on ptolemy.moml.MoMLSimpleApplication@318cfed9
----------------- Done invoking toplevel() on ptolemy.moml.MoMLSimpleApplication@318cfed9
reloadAllAccessors: .ModifyDate

===========================================================================================
----------------- testing Fri Jun 08 14:22:24 UTC 2018 /home/travis/build/icyphy/ptII/ptolemy/actor/lib/test/auto/ModifyDate2.xml
----------------- Instantiating /home/travis/build/icyphy/ptII/ptolemy/actor/lib/test/auto/ModifyDate2.xml
2 ms. Memory: 1111040K Free: 237513K (21%)
----------------- Invoking toplevel() on ptolemy.moml.MoMLSimpleApplication@3fc07f89
----------------- Done invoking toplevel() on ptolemy.moml.MoMLSimpleApplication@3fc07f89
reloadAllAccessors: .ModifyDate2

===========================================================================================
----------------- testing Fri Jun 08 14:22:24 UTC 2018 /home/travis/build/icyphy/ptII/ptolemy/actor/lib/test/auto/MovingAverage.xml
----------------- Instantiating /home/travis/build/icyphy/ptII/ptolemy/actor/lib/test/auto/MovingAverage.xml
2 ms. Memory: 1111040K Free: 227580K (20%)
----------------- Invoking toplevel() on ptolemy.moml.MoMLSimpleApplication@774ae0e5
----------------- Done invoking toplevel() on ptolemy.moml.MoMLSimpleApplication@774ae0e5
reloadAllAccessors: .MovingAverage

===========================================================================================
----------------- testing Fri Jun 08 14:22:24 UTC 2018 /home/travis/build/icyphy/ptII/ptolemy/actor/lib/test/auto/MovingMaximum.xml
----------------- Instantiating /home/travis/build/icyphy/ptII/ptolemy/actor/lib/test/auto/MovingMaximum.xml
1 ms. Memory: 1111040K Free: 212037K (19%)
----------------- Invoking toplevel() on ptolemy.moml.MoMLSimpleApplication@7bc9b6d7
----------------- Done invoking toplevel() on ptolemy.moml.MoMLSimpleApplication@7bc9b6d7
reloadAllAccessors: .MovingMaximum

===========================================================================================
----------------- testing Fri Jun 08 14:22:24 UTC 2018 /home/travis/build/icyphy/ptII/ptolemy/actor/lib/test/auto/MultipleLinksToSameRelation.xml
----------------- Instantiating /home/travis/build/icyphy/ptII/ptolemy/actor/lib/test/auto/MultipleLinksToSameRelation.xml
2 ms. Memory: 1111040K Free: 202105K (18%)
----------------- Invoking toplevel() on ptolemy.moml.MoMLSimpleApplication@1587448d
----------------- Done invoking toplevel() on ptolemy.moml.MoMLSimpleApplication@1587448d
reloadAllAccessors: .MultipleLinksToSameRelation

===========================================================================================
----------------- testing Fri Jun 08 14:22:24 UTC 2018 /home/travis/build/icyphy/ptII/ptolemy/actor/lib/test/auto/MultipleLinksToSameRelationDE.xml
----------------- Instantiating /home/travis/build/icyphy/ptII/ptolemy/actor/lib/test/auto/MultipleLinksToSameRelationDE.xml
1 ms. Memory: 1111040K Free: 186562K (17%)
----------------- Invoking toplevel() on ptolemy.moml.MoMLSimpleApplication@63e50204
----------------- Done invoking toplevel() on ptolemy.moml.MoMLSimpleApplication@63e50204
reloadAllAccessors: .MultipleLinksToSameRelationDE

===========================================================================================
----------------- testing Fri Jun 08 14:22:24 UTC 2018 /home/travis/build/icyphy/ptII/ptolemy/actor/lib/test/auto/Multiplexor.xml
----------------- Instantiating /home/travis/build/icyphy/ptII/ptolemy/actor/lib/test/auto/Multiplexor.xml
2 ms. Memory: 1111040K Free: 176629K (16%)
----------------- Invoking toplevel() on ptolemy.moml.MoMLSimpleApplication@42cabc42
----------------- Done invoking toplevel() on ptolemy.moml.MoMLSimpleApplication@42cabc42
reloadAllAccessors: .Multiplexor

===========================================================================================
----------------- testing Fri Jun 08 14:22:24 UTC 2018 /home/travis/build/icyphy/ptII/ptolemy/actor/lib/test/auto/Multiplexor1.xml
----------------- Instantiating /home/travis/build/icyphy/ptII/ptolemy/actor/lib/test/auto/Multiplexor1.xml
2 ms. Memory: 1111040K Free: 166697K (15%)
----------------- Invoking toplevel() on ptolemy.moml.MoMLSimpleApplication@23c82bda
----------------- Done invoking toplevel() on ptolemy.moml.MoMLSimpleApplication@23c82bda
reloadAllAccessors: .Multiplexor1

===========================================================================================
----------------- testing Fri Jun 08 14:22:24 UTC 2018 /home/travis/build/icyphy/ptII/ptolemy/actor/lib/test/auto/Multiplexor2.xml
----------------- Instantiating /home/travis/build/icyphy/ptII/ptolemy/actor/lib/test/auto/Multiplexor2.xml
3 ms. Memory: 1111040K Free: 151154K (14%)
----------------- Invoking toplevel() on ptolemy.moml.MoMLSimpleApplication@706c175b
----------------- Done invoking toplevel() on ptolemy.moml.MoMLSimpleApplication@706c175b
reloadAllAccessors: .Multiplexor2

===========================================================================================
----------------- testing Fri Jun 08 14:22:24 UTC 2018 /home/travis/build/icyphy/ptII/ptolemy/actor/lib/test/auto/Multiplexor3.xml
----------------- Instantiating /home/travis/build/icyphy/ptII/ptolemy/actor/lib/test/auto/Multiplexor3.xml
1 ms. Memory: 1111040K Free: 141221K (13%)
----------------- Invoking toplevel() on ptolemy.moml.MoMLSimpleApplication@35d5a4e5
----------------- Done invoking toplevel() on ptolemy.moml.MoMLSimpleApplication@35d5a4e5
reloadAllAccessors: .Multiplexor3

===========================================================================================
----------------- testing Fri Jun 08 14:22:24 UTC 2018 /home/travis/build/icyphy/ptII/ptolemy/actor/lib/test/auto/MultiplexorDE.xml
----------------- Instantiating /home/travis/build/icyphy/ptII/ptolemy/actor/lib/test/auto/MultiplexorDE.xml
2 ms. Memory: 1111040K Free: 120696K (11%)
----------------- Invoking toplevel() on ptolemy.moml.MoMLSimpleApplication@26b951df
----------------- Done invoking toplevel() on ptolemy.moml.MoMLSimpleApplication@26b951df
reloadAllAccessors: .MultiplexorDE

===========================================================================================
----------------- testing Fri Jun 08 14:22:24 UTC 2018 /home/travis/build/icyphy/ptII/ptolemy/actor/lib/test/auto/MultiportBroadcastTest.xml
----------------- Instantiating /home/travis/build/icyphy/ptII/ptolemy/actor/lib/test/auto/MultiportBroadcastTest.xml
92 ms. Memory: 1111040K Free: 110763K (10%)
----------------- Invoking toplevel() on ptolemy.moml.MoMLSimpleApplication@53c48b62
----------------- Done invoking toplevel() on ptolemy.moml.MoMLSimpleApplication@53c48b62
reloadAllAccessors: .MultiportBroadcastTest

===========================================================================================
----------------- testing Fri Jun 08 14:22:24 UTC 2018 /home/travis/build/icyphy/ptII/ptolemy/actor/lib/test/auto/MultiportOutHangDuringGetWidth.xml
----------------- Instantiating /home/travis/build/icyphy/ptII/ptolemy/actor/lib/test/auto/MultiportOutHangDuringGetWidth.xml
4 ms. Memory: 1111040K Free: 90897K (8%)
----------------- Invoking toplevel() on ptolemy.moml.MoMLSimpleApplication@6acff593
----------------- Done invoking toplevel() on ptolemy.moml.MoMLSimpleApplication@6acff593
reloadAllAccessors: .MultiportOutHangDuringGetWidth

===========================================================================================
----------------- testing Fri Jun 08 14:22:24 UTC 2018 /home/travis/build/icyphy/ptII/ptolemy/actor/lib/test/auto/NilToken.xml
----------------- Instantiating /home/travis/build/icyphy/ptII/ptolemy/actor/lib/test/auto/NilToken.xml
1 ms. Memory: 1111040K Free: 79395K (7%)
----------------- Invoking toplevel() on ptolemy.moml.MoMLSimpleApplication@5755b3d8
----------------- Done invoking toplevel() on ptolemy.moml.MoMLSimpleApplication@5755b3d8
reloadAllAccessors: .NilToken

===========================================================================================
----------------- testing Fri Jun 08 14:22:24 UTC 2018 /home/travis/build/icyphy/ptII/ptolemy/actor/lib/test/auto/NilTokenNonStrictTest.xml
----------------- Instantiating /home/travis/build/icyphy/ptII/ptolemy/actor/lib/test/auto/NilTokenNonStrictTest.xml
2 ms. Memory: 1232896K Free: 1182760K (96%)
----------------- Invoking toplevel() on ptolemy.moml.MoMLSimpleApplication@488c171c
----------------- Done invoking toplevel() on ptolemy.moml.MoMLSimpleApplication@488c171c
reloadAllAccessors: .NilTokenNonStrictTest

===========================================================================================
----------------- testing Fri Jun 08 14:22:24 UTC 2018 /home/travis/build/icyphy/ptII/ptolemy/actor/lib/test/auto/NilTokenRecord.xml
----------------- Instantiating /home/travis/build/icyphy/ptII/ptolemy/actor/lib/test/auto/NilTokenRecord.xml
4 ms. Memory: 1232896K Free: 1166006K (95%)
----------------- Invoking toplevel() on ptolemy.moml.MoMLSimpleApplication@2cb213f0
----------------- Done invoking toplevel() on ptolemy.moml.MoMLSimpleApplication@2cb213f0
reloadAllAccessors: .NilTokenRecord

===========================================================================================
----------------- testing Fri Jun 08 14:22:24 UTC 2018 /home/travis/build/icyphy/ptII/ptolemy/actor/lib/test/auto/NilTokenTypeTest.xml
----------------- Instantiating /home/travis/build/icyphy/ptII/ptolemy/actor/lib/test/auto/NilTokenTypeTest.xml
7 ms. Memory: 1232896K Free: 1149017K (93%)
----------------- Invoking toplevel() on ptolemy.moml.MoMLSimpleApplication@7ec2439c
----------------- Done invoking toplevel() on ptolemy.moml.MoMLSimpleApplication@7ec2439c
reloadAllAccessors: .NilTokenTypeTest

===========================================================================================
----------------- testing Fri Jun 08 14:22:24 UTC 2018 /home/travis/build/icyphy/ptII/ptolemy/actor/lib/test/auto/ObjectToken1.xml
----------------- Instantiating /home/travis/build/icyphy/ptII/ptolemy/actor/lib/test/auto/ObjectToken1.xml
2 ms. Memory: 1232896K Free: 1132290K (92%)
----------------- Invoking toplevel() on ptolemy.moml.MoMLSimpleApplication@2702aff2
----------------- Done invoking toplevel() on ptolemy.moml.MoMLSimpleApplication@2702aff2
reloadAllAccessors: .ObjectToken1

===========================================================================================
----------------- testing Fri Jun 08 14:22:24 UTC 2018 /home/travis/build/icyphy/ptII/ptolemy/actor/lib/test/auto/OrderedMerge.xml
----------------- Instantiating /home/travis/build/icyphy/ptII/ptolemy/actor/lib/test/auto/OrderedMerge.xml
5 ms. Memory: 1232896K Free: 1098345K (89%)
----------------- Invoking toplevel() on ptolemy.moml.MoMLSimpleApplication@2d19358a
----------------- Done invoking toplevel() on ptolemy.moml.MoMLSimpleApplication@2d19358a
reloadAllAccessors: .OrderedMerge

===========================================================================================
----------------- testing Fri Jun 08 14:22:25 UTC 2018 /home/travis/build/icyphy/ptII/ptolemy/actor/lib/test/auto/OrderedRecordDisassembler.xml
----------------- Instantiating /home/travis/build/icyphy/ptII/ptolemy/actor/lib/test/auto/OrderedRecordDisassembler.xml
3 ms. Memory: 1232896K Free: 1081618K (88%)
----------------- Invoking toplevel() on ptolemy.moml.MoMLSimpleApplication@7c7bc942
----------------- Done invoking toplevel() on ptolemy.moml.MoMLSimpleApplication@7c7bc942
reloadAllAccessors: .OrderedRecordDisassembler

===========================================================================================
----------------- testing Fri Jun 08 14:22:25 UTC 2018 /home/travis/build/icyphy/ptII/ptolemy/actor/lib/test/auto/OrderedRecordDisassembler2.xml
----------------- Instantiating /home/travis/build/icyphy/ptII/ptolemy/actor/lib/test/auto/OrderedRecordDisassembler2.xml
4 ms. Memory: 1232896K Free: 1070303K (87%)
----------------- Invoking toplevel() on ptolemy.moml.MoMLSimpleApplication@79d83da2
----------------- Done invoking toplevel() on ptolemy.moml.MoMLSimpleApplication@79d83da2
reloadAllAccessors: .OrderedRecordDisassembler2

===========================================================================================
----------------- testing Fri Jun 08 14:22:25 UTC 2018 /home/travis/build/icyphy/ptII/ptolemy/actor/lib/test/auto/OrderedRecordUpdater.xml
----------------- Instantiating /home/travis/build/icyphy/ptII/ptolemy/actor/lib/test/auto/OrderedRecordUpdater.xml
1 ms. Memory: 1232896K Free: 1053576K (85%)
----------------- Invoking toplevel() on ptolemy.moml.MoMLSimpleApplication@5de105ae
----------------- Done invoking toplevel() on ptolemy.moml.MoMLSimpleApplication@5de105ae
reloadAllAccessors: .RecordUpdater

===========================================================================================
----------------- testing Fri Jun 08 14:22:25 UTC 2018 /home/travis/build/icyphy/ptII/ptolemy/actor/lib/test/auto/OrderedRecordUpdater2.xml
----------------- Instantiating /home/travis/build/icyphy/ptII/ptolemy/actor/lib/test/auto/OrderedRecordUpdater2.xml
2 ms. Memory: 1232896K Free: 1042261K (85%)
----------------- Invoking toplevel() on ptolemy.moml.MoMLSimpleApplication@37d04e0a
----------------- Done invoking toplevel() on ptolemy.moml.MoMLSimpleApplication@37d04e0a
reloadAllAccessors: .RecordUpdater2

===========================================================================================
----------------- testing Fri Jun 08 14:22:25 UTC 2018 /home/travis/build/icyphy/ptII/ptolemy/actor/lib/test/auto/PhaseUnwrap.xml
----------------- Instantiating /home/travis/build/icyphy/ptII/ptolemy/actor/lib/test/auto/PhaseUnwrap.xml
1 ms. Memory: 1232896K Free: 1030946K (84%)
----------------- Invoking toplevel() on ptolemy.moml.MoMLSimpleApplication@138837d7
----------------- Done invoking toplevel() on ptolemy.moml.MoMLSimpleApplication@138837d7
reloadAllAccessors: .PhaseUnwrap

===========================================================================================
----------------- testing Fri Jun 08 14:22:25 UTC 2018 /home/travis/build/icyphy/ptII/ptolemy/actor/lib/test/auto/PoissonClock.xml
----------------- Instantiating /home/travis/build/icyphy/ptII/ptolemy/actor/lib/test/auto/PoissonClock.xml
2 ms. Memory: 1232896K Free: 1014219K (82%)
----------------- Invoking toplevel() on ptolemy.moml.MoMLSimpleApplication@2106dcc9
----------------- Done invoking toplevel() on ptolemy.moml.MoMLSimpleApplication@2106dcc9
reloadAllAccessors: .PoissonClock

===========================================================================================
----------------- testing Fri Jun 08 14:22:25 UTC 2018 /home/travis/build/icyphy/ptII/ptolemy/actor/lib/test/auto/PoissonClock2.xml
----------------- Instantiating /home/travis/build/icyphy/ptII/ptolemy/actor/lib/test/auto/PoissonClock2.xml
2 ms. Memory: 1232896K Free: 1002904K (81%)
----------------- Invoking toplevel() on ptolemy.moml.MoMLSimpleApplication@12269e01
----------------- Done invoking toplevel() on ptolemy.moml.MoMLSimpleApplication@12269e01
reloadAllAccessors: .PoissonClock2

===========================================================================================
----------------- testing Fri Jun 08 14:22:25 UTC 2018 /home/travis/build/icyphy/ptII/ptolemy/actor/lib/test/auto/PoissonClock3.xml
----------------- Instantiating /home/travis/build/icyphy/ptII/ptolemy/actor/lib/test/auto/PoissonClock3.xml
1 ms. Memory: 1232896K Free: 986177K (80%)
----------------- Invoking toplevel() on ptolemy.moml.MoMLSimpleApplication@66181840
----------------- Done invoking toplevel() on ptolemy.moml.MoMLSimpleApplication@66181840
reloadAllAccessors: .PoissonClock3

===========================================================================================
----------------- testing Fri Jun 08 14:22:25 UTC 2018 /home/travis/build/icyphy/ptII/ptolemy/actor/lib/test/auto/PubSubWithInitialTokens.xml
----------------- Instantiating /home/travis/build/icyphy/ptII/ptolemy/actor/lib/test/auto/PubSubWithInitialTokens.xml
2 ms. Memory: 1232896K Free: 974862K (79%)
----------------- Invoking toplevel() on ptolemy.moml.MoMLSimpleApplication@504e3183
----------------- Done invoking toplevel() on ptolemy.moml.MoMLSimpleApplication@504e3183
reloadAllAccessors: .PubSubWithInitialTokens

===========================================================================================
----------------- testing Fri Jun 08 14:22:25 UTC 2018 /home/travis/build/icyphy/ptII/ptolemy/actor/lib/test/auto/PubSubWithInitialTokens2.xml
----------------- Instantiating /home/travis/build/icyphy/ptII/ptolemy/actor/lib/test/auto/PubSubWithInitialTokens2.xml
1 ms. Memory: 1232896K Free: 958136K (78%)
----------------- Invoking toplevel() on ptolemy.moml.MoMLSimpleApplication@631f99cc
----------------- Done invoking toplevel() on ptolemy.moml.MoMLSimpleApplication@631f99cc
reloadAllAccessors: .PubSubWithInitialTokens2

===========================================================================================
----------------- testing Fri Jun 08 14:22:25 UTC 2018 /home/travis/build/icyphy/ptII/ptolemy/actor/lib/test/auto/PublisherClassNoParameter.xml
----------------- Instantiating /home/travis/build/icyphy/ptII/ptolemy/actor/lib/test/auto/PublisherClassNoParameter.xml
2 ms. Memory: 1232896K Free: 941163K (76%)
----------------- Invoking toplevel() on ptolemy.moml.MoMLSimpleApplication@51aaec99
----------------- Done invoking toplevel() on ptolemy.moml.MoMLSimpleApplication@51aaec99
reloadAllAccessors: .PublisherClassNoParameter

===========================================================================================
----------------- testing Fri Jun 08 14:22:25 UTC 2018 /home/travis/build/icyphy/ptII/ptolemy/actor/lib/test/auto/PublisherClassParameter.xml
----------------- Instantiating /home/travis/build/icyphy/ptII/ptolemy/actor/lib/test/auto/PublisherClassParameter.xml
2 ms. Memory: 1232896K Free: 924174K (75%)
----------------- Invoking toplevel() on ptolemy.moml.MoMLSimpleApplication@67adb90c
----------------- Done invoking toplevel() on ptolemy.moml.MoMLSimpleApplication@67adb90c
reloadAllAccessors: .PublisherClassParameter

===========================================================================================
----------------- testing Fri Jun 08 14:22:25 UTC 2018 /home/travis/build/icyphy/ptII/ptolemy/actor/lib/test/auto/PublisherNonStrictTest.xml
----------------- Instantiating /home/travis/build/icyphy/ptII/ptolemy/actor/lib/test/auto/PublisherNonStrictTest.xml
3 ms. Memory: 1232896K Free: 907448K (74%)
----------------- Invoking toplevel() on ptolemy.moml.MoMLSimpleApplication@40ce4e95
----------------- Done invoking toplevel() on ptolemy.moml.MoMLSimpleApplication@40ce4e95
reloadAllAccessors: .PublisherNonStrictTest

===========================================================================================
----------------- testing Fri Jun 08 14:22:25 UTC 2018 /home/travis/build/icyphy/ptII/ptolemy/actor/lib/test/auto/PublisherPort1.xml
----------------- Instantiating /home/travis/build/icyphy/ptII/ptolemy/actor/lib/test/auto/PublisherPort1.xml
3 ms. Memory: 1232896K Free: 896132K (73%)
----------------- Invoking toplevel() on ptolemy.moml.MoMLSimpleApplication@4381d10c
----------------- Done invoking toplevel() on ptolemy.moml.MoMLSimpleApplication@4381d10c
reloadAllAccessors: .PublisherPort1

===========================================================================================
----------------- testing Fri Jun 08 14:22:25 UTC 2018 /home/travis/build/icyphy/ptII/ptolemy/actor/lib/test/auto/PublisherPort2.xml
----------------- Instantiating /home/travis/build/icyphy/ptII/ptolemy/actor/lib/test/auto/PublisherPort2.xml
1 ms. Memory: 1232896K Free: 879406K (71%)
----------------- Invoking toplevel() on ptolemy.moml.MoMLSimpleApplication@427654bb
----------------- Done invoking toplevel() on ptolemy.moml.MoMLSimpleApplication@427654bb
reloadAllAccessors: .PublisherPort2

===========================================================================================
----------------- testing Fri Jun 08 14:22:25 UTC 2018 /home/travis/build/icyphy/ptII/ptolemy/actor/lib/test/auto/PublisherPort3.xml
----------------- Instantiating /home/travis/build/icyphy/ptII/ptolemy/actor/lib/test/auto/PublisherPort3.xml
3 ms. Memory: 1232896K Free: 868091K (70%)
----------------- Invoking toplevel() on ptolemy.moml.MoMLSimpleApplication@3ba2ebf8
----------------- Done invoking toplevel() on ptolemy.moml.MoMLSimpleApplication@3ba2ebf8
reloadAllAccessors: .PublisherPort3

===========================================================================================
----------------- testing Fri Jun 08 14:22:25 UTC 2018 /home/travis/build/icyphy/ptII/ptolemy/actor/lib/test/auto/PublisherPort4.xml
----------------- Instantiating /home/travis/build/icyphy/ptII/ptolemy/actor/lib/test/auto/PublisherPort4.xml
2 ms. Memory: 1232896K Free: 851364K (69%)
----------------- Invoking toplevel() on ptolemy.moml.MoMLSimpleApplication@182d3497
----------------- Done invoking toplevel() on ptolemy.moml.MoMLSimpleApplication@182d3497
reloadAllAccessors: .PublisherPort4

===========================================================================================
----------------- testing Fri Jun 08 14:22:25 UTC 2018 /home/travis/build/icyphy/ptII/ptolemy/actor/lib/test/auto/PublisherPort5.xml
----------------- Instantiating /home/travis/build/icyphy/ptII/ptolemy/actor/lib/test/auto/PublisherPort5.xml
3 ms. Memory: 1232896K Free: 840049K (68%)
----------------- Invoking toplevel() on ptolemy.moml.MoMLSimpleApplication@7bdabd5b
----------------- Done invoking toplevel() on ptolemy.moml.MoMLSimpleApplication@7bdabd5b
reloadAllAccessors: .PublisherPort5

===========================================================================================
----------------- testing Fri Jun 08 14:22:25 UTC 2018 /home/travis/build/icyphy/ptII/ptolemy/actor/lib/test/auto/PublisherPort5LookAlike.xml
----------------- Instantiating /home/travis/build/icyphy/ptII/ptolemy/actor/lib/test/auto/PublisherPort5LookAlike.xml
3 ms. Memory: 1232896K Free: 828734K (67%)
----------------- Invoking toplevel() on ptolemy.moml.MoMLSimpleApplication@6a813560
----------------- Done invoking toplevel() on ptolemy.moml.MoMLSimpleApplication@6a813560
reloadAllAccessors: .PublisherPort5LookAlike

===========================================================================================
----------------- testing Fri Jun 08 14:22:25 UTC 2018 /home/travis/build/icyphy/ptII/ptolemy/actor/lib/test/auto/PublisherPort6.xml
----------------- Instantiating /home/travis/build/icyphy/ptII/ptolemy/actor/lib/test/auto/PublisherPort6.xml
2 ms. Memory: 1232896K Free: 812007K (66%)
----------------- Invoking toplevel() on ptolemy.moml.MoMLSimpleApplication@1fecee14
----------------- Done invoking toplevel() on ptolemy.moml.MoMLSimpleApplication@1fecee14
reloadAllAccessors: .PublisherPort6

===========================================================================================
----------------- testing Fri Jun 08 14:22:25 UTC 2018 /home/travis/build/icyphy/ptII/ptolemy/actor/lib/test/auto/PublisherPort7.xml
----------------- Instantiating /home/travis/build/icyphy/ptII/ptolemy/actor/lib/test/auto/PublisherPort7.xml
3 ms. Memory: 1232896K Free: 800692K (65%)
----------------- Invoking toplevel() on ptolemy.moml.MoMLSimpleApplication@401893b1
----------------- Done invoking toplevel() on ptolemy.moml.MoMLSimpleApplication@401893b1
reloadAllAccessors: .PublisherPort7

===========================================================================================
----------------- testing Fri Jun 08 14:22:25 UTC 2018 /home/travis/build/icyphy/ptII/ptolemy/actor/lib/test/auto/PublisherPort8.xml
----------------- Instantiating /home/travis/build/icyphy/ptII/ptolemy/actor/lib/test/auto/PublisherPort8.xml
3 ms. Memory: 1232896K Free: 778291K (63%)
----------------- Invoking toplevel() on ptolemy.moml.MoMLSimpleApplication@45ca0088
----------------- Done invoking toplevel() on ptolemy.moml.MoMLSimpleApplication@45ca0088
reloadAllAccessors: .PublisherPort8

===========================================================================================
----------------- testing Fri Jun 08 14:22:25 UTC 2018 /home/travis/build/icyphy/ptII/ptolemy/actor/lib/test/auto/PublisherPortSubscriberChannelVariablesAOC2.xml
----------------- Instantiating /home/travis/build/icyphy/ptII/ptolemy/actor/lib/test/auto/PublisherPortSubscriberChannelVariablesAOC2.xml
3 ms. Memory: 1232896K Free: 755645K (61%)
----------------- Invoking toplevel() on ptolemy.moml.MoMLSimpleApplication@22e9612a
----------------- Done invoking toplevel() on ptolemy.moml.MoMLSimpleApplication@22e9612a
reloadAllAccessors: .PublisherPortSubscriberChannelVariablesAOC2

===========================================================================================
----------------- testing Fri Jun 08 14:22:25 UTC 2018 /home/travis/build/icyphy/ptII/ptolemy/actor/lib/test/auto/PublisherPortSubscriberOpaqueWidthInference.xml
----------------- Instantiating /home/travis/build/icyphy/ptII/ptolemy/actor/lib/test/auto/PublisherPortSubscriberOpaqueWidthInference.xml
3 ms. Memory: 1232896K Free: 738918K (60%)
----------------- Invoking toplevel() on ptolemy.moml.MoMLSimpleApplication@274f5a88
----------------- Done invoking toplevel() on ptolemy.moml.MoMLSimpleApplication@274f5a88
reloadAllAccessors: .PublisherPortSubscriberOpaqueWidthInference

===========================================================================================
----------------- testing Fri Jun 08 14:22:25 UTC 2018 /home/travis/build/icyphy/ptII/ptolemy/actor/lib/test/auto/PublisherPortSubscriberPortAdjacent.xml
----------------- Instantiating /home/travis/build/icyphy/ptII/ptolemy/actor/lib/test/auto/PublisherPortSubscriberPortAdjacent.xml
1 ms. Memory: 1232896K Free: 721938K (59%)
----------------- Invoking toplevel() on ptolemy.moml.MoMLSimpleApplication@4b76b2a8
----------------- Done invoking toplevel() on ptolemy.moml.MoMLSimpleApplication@4b76b2a8
reloadAllAccessors: .PublisherPortSubscriberPortAdjacent

===========================================================================================
----------------- testing Fri Jun 08 14:22:25 UTC 2018 /home/travis/build/icyphy/ptII/ptolemy/actor/lib/test/auto/PublisherPortSubscriberPortExpression.xml
----------------- Instantiating /home/travis/build/icyphy/ptII/ptolemy/actor/lib/test/auto/PublisherPortSubscriberPortExpression.xml
3 ms. Memory: 1232896K Free: 710622K (58%)
----------------- Invoking toplevel() on ptolemy.moml.MoMLSimpleApplication@516c4e99
----------------- Done invoking toplevel() on ptolemy.moml.MoMLSimpleApplication@516c4e99
reloadAllAccessors: .PublisherPortSubscriberPortExpression

===========================================================================================
----------------- testing Fri Jun 08 14:22:25 UTC 2018 /home/travis/build/icyphy/ptII/ptolemy/actor/lib/test/auto/PublisherPortSubscriberPortOpaqueD3Reverse.xml
----------------- Instantiating /home/travis/build/icyphy/ptII/ptolemy/actor/lib/test/auto/PublisherPortSubscriberPortOpaqueD3Reverse.xml
6 ms. Memory: 1232896K Free: 688222K (56%)
----------------- Invoking toplevel() on ptolemy.moml.MoMLSimpleApplication@17d2a5d1
----------------- Done invoking toplevel() on ptolemy.moml.MoMLSimpleApplication@17d2a5d1
reloadAllAccessors: .PublisherPortSubscriberPortOpaqueD3Reverse

===========================================================================================
----------------- testing Fri Jun 08 14:22:25 UTC 2018 /home/travis/build/icyphy/ptII/ptolemy/actor/lib/test/auto/PublisherPortSubscriberPortOpaqueWidthInference.xml
----------------- Instantiating /home/travis/build/icyphy/ptII/ptolemy/actor/lib/test/auto/PublisherPortSubscriberPortOpaqueWidthInference.xml
4 ms. Memory: 1232896K Free: 676907K (55%)
----------------- Invoking toplevel() on ptolemy.moml.MoMLSimpleApplication@79a56013
----------------- Done invoking toplevel() on ptolemy.moml.MoMLSimpleApplication@79a56013
reloadAllAccessors: .PublisherPortSubscriberPortOpaqueWidthInference

===========================================================================================
----------------- testing Fri Jun 08 14:22:25 UTC 2018 /home/travis/build/icyphy/ptII/ptolemy/actor/lib/test/auto/PublisherPortToplevelSubscriberPortAOC.xml
----------------- Instantiating /home/travis/build/icyphy/ptII/ptolemy/actor/lib/test/auto/PublisherPortToplevelSubscriberPortAOC.xml
.PublisherPortToplevelSubscriberPortAOC.TestExceptionAttribute: initialize() was not invoked, but wrapup() was.  This is unusual, but not always a problem.  For example, exporting JNLP will do this.
1 ms. Memory: 1232896K Free: 660180K (54%)
----------------- Invoking toplevel() on ptolemy.moml.MoMLSimpleApplication@1f44c3b3
----------------- Done invoking toplevel() on ptolemy.moml.MoMLSimpleApplication@1f44c3b3
reloadAllAccessors: .PublisherPortToplevelSubscriberPortAOC

===========================================================================================
----------------- testing Fri Jun 08 14:22:25 UTC 2018 /home/travis/build/icyphy/ptII/ptolemy/actor/lib/test/auto/PublisherSubscriber.xml
----------------- Instantiating /home/travis/build/icyphy/ptII/ptolemy/actor/lib/test/auto/PublisherSubscriber.xml
2 ms. Memory: 1232896K Free: 648865K (53%)
----------------- Invoking toplevel() on ptolemy.moml.MoMLSimpleApplication@56997af5
----------------- Done invoking toplevel() on ptolemy.moml.MoMLSimpleApplication@56997af5
reloadAllAccessors: .PublisherSubscriber

===========================================================================================
----------------- testing Fri Jun 08 14:22:25 UTC 2018 /home/travis/build/icyphy/ptII/ptolemy/actor/lib/test/auto/PublisherSubscriber10.xml
----------------- Instantiating /home/travis/build/icyphy/ptII/ptolemy/actor/lib/test/auto/PublisherSubscriber10.xml
6 ms. Memory: 1232896K Free: 626473K (51%)
----------------- Invoking toplevel() on ptolemy.moml.MoMLSimpleApplication@49fb34ac
----------------- Done invoking toplevel() on ptolemy.moml.MoMLSimpleApplication@49fb34ac
reloadAllAccessors: .PublisherSubscriber10

===========================================================================================
----------------- testing Fri Jun 08 14:22:25 UTC 2018 /home/travis/build/icyphy/ptII/ptolemy/actor/lib/test/auto/PublisherSubscriber10InitialOutputs.xml
----------------- Instantiating /home/travis/build/icyphy/ptII/ptolemy/actor/lib/test/auto/PublisherSubscriber10InitialOutputs.xml
9 ms. Memory: 1232896K Free: 609500K (49%)
----------------- Invoking toplevel() on ptolemy.moml.MoMLSimpleApplication@2f43b1cb
----------------- Done invoking toplevel() on ptolemy.moml.MoMLSimpleApplication@2f43b1cb
reloadAllAccessors: .PublisherSubscriber10InitialOutputs

===========================================================================================
----------------- testing Fri Jun 08 14:22:25 UTC 2018 /home/travis/build/icyphy/ptII/ptolemy/actor/lib/test/auto/PublisherSubscriber11.xml
----------------- Instantiating /home/travis/build/icyphy/ptII/ptolemy/actor/lib/test/auto/PublisherSubscriber11.xml
2 ms. Memory: 1232896K Free: 592774K (48%)
----------------- Invoking toplevel() on ptolemy.moml.MoMLSimpleApplication@76b38e5b
----------------- Done invoking toplevel() on ptolemy.moml.MoMLSimpleApplication@76b38e5b
reloadAllAccessors: .PublisherSubscriber11

===========================================================================================
----------------- testing Fri Jun 08 14:22:25 UTC 2018 /home/travis/build/icyphy/ptII/ptolemy/actor/lib/test/auto/PublisherSubscriber12.xml
----------------- Instantiating /home/travis/build/icyphy/ptII/ptolemy/actor/lib/test/auto/PublisherSubscriber12.xml
5 ms. Memory: 1232896K Free: 581458K (47%)
----------------- Invoking toplevel() on ptolemy.moml.MoMLSimpleApplication@20f1278d
----------------- Done invoking toplevel() on ptolemy.moml.MoMLSimpleApplication@20f1278d
reloadAllAccessors: .PublisherSubscriber12

===========================================================================================
----------------- testing Fri Jun 08 14:22:25 UTC 2018 /home/travis/build/icyphy/ptII/ptolemy/actor/lib/test/auto/PublisherSubscriber13.xml
----------------- Instantiating /home/travis/build/icyphy/ptII/ptolemy/actor/lib/test/auto/PublisherSubscriber13.xml
2 ms. Memory: 1232896K Free: 570143K (46%)
----------------- Invoking toplevel() on ptolemy.moml.MoMLSimpleApplication@593f9cbc
----------------- Done invoking toplevel() on ptolemy.moml.MoMLSimpleApplication@593f9cbc
reloadAllAccessors: .PublisherSubscriber13

===========================================================================================
----------------- testing Fri Jun 08 14:22:25 UTC 2018 /home/travis/build/icyphy/ptII/ptolemy/actor/lib/test/auto/PublisherSubscriber14.xml
----------------- Instantiating /home/travis/build/icyphy/ptII/ptolemy/actor/lib/test/auto/PublisherSubscriber14.xml
1 ms. Memory: 1232896K Free: 547743K (44%)
----------------- Invoking toplevel() on ptolemy.moml.MoMLSimpleApplication@770db1ad
----------------- Done invoking toplevel() on ptolemy.moml.MoMLSimpleApplication@770db1ad
reloadAllAccessors: .PublisherSubscriber14

===========================================================================================
----------------- testing Fri Jun 08 14:22:25 UTC 2018 /home/travis/build/icyphy/ptII/ptolemy/actor/lib/test/auto/PublisherSubscriber2.xml
----------------- Instantiating /home/travis/build/icyphy/ptII/ptolemy/actor/lib/test/auto/PublisherSubscriber2.xml
2 ms. Memory: 1232896K Free: 536428K (44%)
----------------- Invoking toplevel() on ptolemy.moml.MoMLSimpleApplication@702257bc
----------------- Done invoking toplevel() on ptolemy.moml.MoMLSimpleApplication@702257bc
reloadAllAccessors: .PublisherSubscriber2

===========================================================================================
----------------- testing Fri Jun 08 14:22:25 UTC 2018 /home/travis/build/icyphy/ptII/ptolemy/actor/lib/test/auto/PublisherSubscriber3.xml
----------------- Instantiating /home/travis/build/icyphy/ptII/ptolemy/actor/lib/test/auto/PublisherSubscriber3.xml
2 ms. Memory: 1232896K Free: 519701K (42%)
----------------- Invoking toplevel() on ptolemy.moml.MoMLSimpleApplication@57b05743
----------------- Done invoking toplevel() on ptolemy.moml.MoMLSimpleApplication@57b05743
reloadAllAccessors: .PublisherSubscriber3

===========================================================================================
----------------- testing Fri Jun 08 14:22:25 UTC 2018 /home/travis/build/icyphy/ptII/ptolemy/actor/lib/test/auto/PublisherSubscriber4.xml
----------------- Instantiating /home/travis/build/icyphy/ptII/ptolemy/actor/lib/test/auto/PublisherSubscriber4.xml
2 ms. Memory: 1232896K Free: 508386K (41%)
----------------- Invoking toplevel() on ptolemy.moml.MoMLSimpleApplication@24527877
----------------- Done invoking toplevel() on ptolemy.moml.MoMLSimpleApplication@24527877
reloadAllAccessors: .PublisherSubscriber4

===========================================================================================
----------------- testing Fri Jun 08 14:22:25 UTC 2018 /home/travis/build/icyphy/ptII/ptolemy/actor/lib/test/auto/PublisherSubscriber5.xml
----------------- Instantiating /home/travis/build/icyphy/ptII/ptolemy/actor/lib/test/auto/PublisherSubscriber5.xml
2 ms. Memory: 1232896K Free: 491659K (40%)
----------------- Invoking toplevel() on ptolemy.moml.MoMLSimpleApplication@34c098f8
----------------- Done invoking toplevel() on ptolemy.moml.MoMLSimpleApplication@34c098f8
reloadAllAccessors: .PublisherSubscriber5

===========================================================================================
----------------- testing Fri Jun 08 14:22:25 UTC 2018 /home/travis/build/icyphy/ptII/ptolemy/actor/lib/test/auto/PublisherSubscriber6.xml
----------------- Instantiating /home/travis/build/icyphy/ptII/ptolemy/actor/lib/test/auto/PublisherSubscriber6.xml
1 ms. Memory: 1232896K Free: 480344K (39%)
----------------- Invoking toplevel() on ptolemy.moml.MoMLSimpleApplication@60677378
----------------- Done invoking toplevel() on ptolemy.moml.MoMLSimpleApplication@60677378
reloadAllAccessors: .PublisherSubscriber6

===========================================================================================
----------------- testing Fri Jun 08 14:22:25 UTC 2018 /home/travis/build/icyphy/ptII/ptolemy/actor/lib/test/auto/PublisherSubscriber7.xml
----------------- Instantiating /home/travis/build/icyphy/ptII/ptolemy/actor/lib/test/auto/PublisherSubscriber7.xml
2 ms. Memory: 1232896K Free: 469029K (38%)
----------------- Invoking toplevel() on ptolemy.moml.MoMLSimpleApplication@50ae19ad
----------------- Done invoking toplevel() on ptolemy.moml.MoMLSimpleApplication@50ae19ad
reloadAllAccessors: .PublisherSubscriber7

===========================================================================================
----------------- testing Fri Jun 08 14:22:25 UTC 2018 /home/travis/build/icyphy/ptII/ptolemy/actor/lib/test/auto/PublisherSubscriber8.xml
----------------- Instantiating /home/travis/build/icyphy/ptII/ptolemy/actor/lib/test/auto/PublisherSubscriber8.xml
9 ms. Memory: 1232896K Free: 395726K (32%)
----------------- Invoking toplevel() on ptolemy.moml.MoMLSimpleApplication@5fc7ebea
----------------- Done invoking toplevel() on ptolemy.moml.MoMLSimpleApplication@5fc7ebea
reloadAllAccessors: .PublisherSubscriber8

===========================================================================================
----------------- testing Fri Jun 08 14:22:25 UTC 2018 /home/travis/build/icyphy/ptII/ptolemy/actor/lib/test/auto/PublisherSubscriber9.xml
----------------- Instantiating /home/travis/build/icyphy/ptII/ptolemy/actor/lib/test/auto/PublisherSubscriber9.xml
3 ms. Memory: 1232896K Free: 384411K (31%)
----------------- Invoking toplevel() on ptolemy.moml.MoMLSimpleApplication@e486a50
----------------- Done invoking toplevel() on ptolemy.moml.MoMLSimpleApplication@e486a50
reloadAllAccessors: .PublisherSubscriber9

===========================================================================================
----------------- testing Fri Jun 08 14:22:25 UTC 2018 /home/travis/build/icyphy/ptII/ptolemy/actor/lib/test/auto/PublisherSubscriberAdjacent.xml
----------------- Instantiating /home/travis/build/icyphy/ptII/ptolemy/actor/lib/test/auto/PublisherSubscriberAdjacent.xml
2 ms. Memory: 1232896K Free: 362010K (29%)
----------------- Invoking toplevel() on ptolemy.moml.MoMLSimpleApplication@7302cb5c
----------------- Done invoking toplevel() on ptolemy.moml.MoMLSimpleApplication@7302cb5c
reloadAllAccessors: .PublisherSubscriberAdjacent

===========================================================================================
----------------- testing Fri Jun 08 14:22:25 UTC 2018 /home/travis/build/icyphy/ptII/ptolemy/actor/lib/test/auto/PublisherSubscriberChannelVariablesAOC2.xml
----------------- Instantiating /home/travis/build/icyphy/ptII/ptolemy/actor/lib/test/auto/PublisherSubscriberChannelVariablesAOC2.xml
2 ms. Memory: 1232896K Free: 339364K (28%)
----------------- Invoking toplevel() on ptolemy.moml.MoMLSimpleApplication@677d4c39
----------------- Done invoking toplevel() on ptolemy.moml.MoMLSimpleApplication@677d4c39
reloadAllAccessors: .PublisherSubscriberChannelVariablesAOC2

===========================================================================================
----------------- testing Fri Jun 08 14:22:25 UTC 2018 /home/travis/build/icyphy/ptII/ptolemy/actor/lib/test/auto/PublisherSubscriberD3.xml
----------------- Instantiating /home/travis/build/icyphy/ptII/ptolemy/actor/lib/test/auto/PublisherSubscriberD3.xml
2 ms. Memory: 1232896K Free: 322638K (26%)
----------------- Invoking toplevel() on ptolemy.moml.MoMLSimpleApplication@544b18ca
----------------- Done invoking toplevel() on ptolemy.moml.MoMLSimpleApplication@544b18ca
reloadAllAccessors: .PublisherSubscriberD3

===========================================================================================
----------------- testing Fri Jun 08 14:22:25 UTC 2018 /home/travis/build/icyphy/ptII/ptolemy/actor/lib/test/auto/PublisherSubscriberD3Reverse.xml
----------------- Instantiating /home/travis/build/icyphy/ptII/ptolemy/actor/lib/test/auto/PublisherSubscriberD3Reverse.xml
1 ms. Memory: 1232896K Free: 311322K (25%)
----------------- Invoking toplevel() on ptolemy.moml.MoMLSimpleApplication@243866d1
----------------- Done invoking toplevel() on ptolemy.moml.MoMLSimpleApplication@243866d1
reloadAllAccessors: .PublisherSubscriberD3Reverse

===========================================================================================
----------------- testing Fri Jun 08 14:22:25 UTC 2018 /home/travis/build/icyphy/ptII/ptolemy/actor/lib/test/auto/PublisherSubscriberExpression.xml
----------------- Instantiating /home/travis/build/icyphy/ptII/ptolemy/actor/lib/test/auto/PublisherSubscriberExpression.xml
3 ms. Memory: 1232896K Free: 288922K (23%)
----------------- Invoking toplevel() on ptolemy.moml.MoMLSimpleApplication@26b93654
----------------- Done invoking toplevel() on ptolemy.moml.MoMLSimpleApplication@26b93654
reloadAllAccessors: .PublisherSubscriberExpression

===========================================================================================
----------------- testing Fri Jun 08 14:22:25 UTC 2018 /home/travis/build/icyphy/ptII/ptolemy/actor/lib/test/auto/PublisherSubscriberOpaque.xml
----------------- Instantiating /home/travis/build/icyphy/ptII/ptolemy/actor/lib/test/auto/PublisherSubscriberOpaque.xml
3 ms. Memory: 1232896K Free: 271933K (22%)
----------------- Invoking toplevel() on ptolemy.moml.MoMLSimpleApplication@649838e8
----------------- Done invoking toplevel() on ptolemy.moml.MoMLSimpleApplication@649838e8
reloadAllAccessors: .PublisherSubscriberOpaque

===========================================================================================
----------------- testing Fri Jun 08 14:22:26 UTC 2018 /home/travis/build/icyphy/ptII/ptolemy/actor/lib/test/auto/PublisherSubscriberOpaqueD3.xml
----------------- Instantiating /home/travis/build/icyphy/ptII/ptolemy/actor/lib/test/auto/PublisherSubscriberOpaqueD3.xml
7 ms. Memory: 1232896K Free: 254945K (21%)
----------------- Invoking toplevel() on ptolemy.moml.MoMLSimpleApplication@21fb7607
----------------- Done invoking toplevel() on ptolemy.moml.MoMLSimpleApplication@21fb7607
reloadAllAccessors: .PublisherSubscriberOpaqueD3

===========================================================================================
----------------- testing Fri Jun 08 14:22:26 UTC 2018 /home/travis/build/icyphy/ptII/ptolemy/actor/lib/test/auto/PublisherSubscriberOpaqueD3Reverse.xml
----------------- Instantiating /home/travis/build/icyphy/ptII/ptolemy/actor/lib/test/auto/PublisherSubscriberOpaqueD3Reverse.xml
7 ms. Memory: 1232896K Free: 232545K (19%)
----------------- Invoking toplevel() on ptolemy.moml.MoMLSimpleApplication@68aca978
----------------- Done invoking toplevel() on ptolemy.moml.MoMLSimpleApplication@68aca978
reloadAllAccessors: .PublisherSubscriberOpaqueD3Reverse

===========================================================================================
----------------- testing Fri Jun 08 14:22:26 UTC 2018 /home/travis/build/icyphy/ptII/ptolemy/actor/lib/test/auto/PublisherSubscriberOpaqueWidthInference.xml
----------------- Instantiating /home/travis/build/icyphy/ptII/ptolemy/actor/lib/test/auto/PublisherSubscriberOpaqueWidthInference.xml
4 ms. Memory: 1232896K Free: 215572K (17%)
----------------- Invoking toplevel() on ptolemy.moml.MoMLSimpleApplication@42f632d4
----------------- Done invoking toplevel() on ptolemy.moml.MoMLSimpleApplication@42f632d4
reloadAllAccessors: .PublisherSubscriberOpaqueWidthInference

===========================================================================================
----------------- testing Fri Jun 08 14:22:26 UTC 2018 /home/travis/build/icyphy/ptII/ptolemy/actor/lib/test/auto/PublisherTestSubscriber.xml
----------------- Instantiating /home/travis/build/icyphy/ptII/ptolemy/actor/lib/test/auto/PublisherTestSubscriber.xml
2 ms. Memory: 1232896K Free: 198845K (16%)
----------------- Invoking toplevel() on ptolemy.moml.MoMLSimpleApplication@7f7af302
----------------- Done invoking toplevel() on ptolemy.moml.MoMLSimpleApplication@7f7af302
reloadAllAccessors: .PublisherTestSubscriber

===========================================================================================
----------------- testing Fri Jun 08 14:22:26 UTC 2018 /home/travis/build/icyphy/ptII/ptolemy/actor/lib/test/auto/PublisherToplevelSubscriberPortAOC.xml
----------------- Instantiating /home/travis/build/icyphy/ptII/ptolemy/actor/lib/test/auto/PublisherToplevelSubscriberPortAOC.xml
1 ms. Memory: 1232896K Free: 187530K (15%)
----------------- Invoking toplevel() on ptolemy.moml.MoMLSimpleApplication@fbae6a9
----------------- Done invoking toplevel() on ptolemy.moml.MoMLSimpleApplication@fbae6a9
reloadAllAccessors: .PublisherToplevelSubscriberPortAOC

===========================================================================================
----------------- testing Fri Jun 08 14:22:26 UTC 2018 /home/travis/build/icyphy/ptII/ptolemy/actor/lib/test/auto/PulseFiringLimitDE.xml
----------------- Instantiating /home/travis/build/icyphy/ptII/ptolemy/actor/lib/test/auto/PulseFiringLimitDE.xml
3 ms. Memory: 1232896K Free: 170803K (14%)
----------------- Invoking toplevel() on ptolemy.moml.MoMLSimpleApplication@350f6df4
----------------- Done invoking toplevel() on ptolemy.moml.MoMLSimpleApplication@350f6df4
reloadAllAccessors: .PulseFiringLimitDE

===========================================================================================
----------------- testing Fri Jun 08 14:22:26 UTC 2018 /home/travis/build/icyphy/ptII/ptolemy/actor/lib/test/auto/Ramp1.xml
----------------- Instantiating /home/travis/build/icyphy/ptII/ptolemy/actor/lib/test/auto/Ramp1.xml
1 ms. Memory: 1232896K Free: 159488K (13%)
----------------- Invoking toplevel() on ptolemy.moml.MoMLSimpleApplication@7697e66a
----------------- Done invoking toplevel() on ptolemy.moml.MoMLSimpleApplication@7697e66a
reloadAllAccessors: .Ramp1

===========================================================================================
----------------- testing Fri Jun 08 14:22:26 UTC 2018 /home/travis/build/icyphy/ptII/ptolemy/actor/lib/test/auto/RampFiringLimitDE.xml
----------------- Instantiating /home/travis/build/icyphy/ptII/ptolemy/actor/lib/test/auto/RampFiringLimitDE.xml
2 ms. Memory: 1232896K Free: 142762K (12%)
----------------- Invoking toplevel() on ptolemy.moml.MoMLSimpleApplication@726888ce
----------------- Done invoking toplevel() on ptolemy.moml.MoMLSimpleApplication@726888ce
reloadAllAccessors: .RampFiringLimitDE

===========================================================================================
----------------- testing Fri Jun 08 14:22:26 UTC 2018 /home/travis/build/icyphy/ptII/ptolemy/actor/lib/test/auto/RampFiringLimitSDF.xml
----------------- Instantiating /home/travis/build/icyphy/ptII/ptolemy/actor/lib/test/auto/RampFiringLimitSDF.xml
2 ms. Memory: 1232896K Free: 131446K (11%)
----------------- Invoking toplevel() on ptolemy.moml.MoMLSimpleApplication@2baac2a9
----------------- Done invoking toplevel() on ptolemy.moml.MoMLSimpleApplication@2baac2a9
reloadAllAccessors: .RampFiringLimitSDF

===========================================================================================
----------------- testing Fri Jun 08 14:22:26 UTC 2018 /home/travis/build/icyphy/ptII/ptolemy/actor/lib/test/auto/RandomInteger.xml
----------------- Instantiating /home/travis/build/icyphy/ptII/ptolemy/actor/lib/test/auto/RandomInteger.xml
2 ms. Memory: 1232896K Free: 120131K (10%)
----------------- Invoking toplevel() on ptolemy.moml.MoMLSimpleApplication@2bc3f093
----------------- Done invoking toplevel() on ptolemy.moml.MoMLSimpleApplication@2bc3f093
reloadAllAccessors: .RandomInteger

===========================================================================================
----------------- testing Fri Jun 08 14:22:26 UTC 2018 /home/travis/build/icyphy/ptII/ptolemy/actor/lib/test/auto/ReadFile1.xml
----------------- Instantiating /home/travis/build/icyphy/ptII/ptolemy/actor/lib/test/auto/ReadFile1.xml
2 ms. Memory: 1232896K Free: 103405K (8%)
----------------- Invoking toplevel() on ptolemy.moml.MoMLSimpleApplication@3ba26032
----------------- Done invoking toplevel() on ptolemy.moml.MoMLSimpleApplication@3ba26032
reloadAllAccessors: .ReadFile1

===========================================================================================
----------------- testing Fri Jun 08 14:22:26 UTC 2018 /home/travis/build/icyphy/ptII/ptolemy/actor/lib/test/auto/ReadFile2.xml
----------------- Instantiating /home/travis/build/icyphy/ptII/ptolemy/actor/lib/test/auto/ReadFile2.xml
2 ms. Memory: 1232896K Free: 92090K (7%)
----------------- Invoking toplevel() on ptolemy.moml.MoMLSimpleApplication@3293412f
----------------- Done invoking toplevel() on ptolemy.moml.MoMLSimpleApplication@3293412f
reloadAllAccessors: .ReadFile2

===========================================================================================
----------------- testing Fri Jun 08 14:22:26 UTC 2018 /home/travis/build/icyphy/ptII/ptolemy/actor/lib/test/auto/Reader.xml
----------------- Instantiating /home/travis/build/icyphy/ptII/ptolemy/actor/lib/test/auto/Reader.xml
actor.lib.Reader is obsolete, use actor.lib.io.ExpressionReader instead
6 ms. Memory: 1232896K Free: 75363K (6%)
----------------- Invoking toplevel() on ptolemy.moml.MoMLSimpleApplication@720682ff
----------------- Done invoking toplevel() on ptolemy.moml.MoMLSimpleApplication@720682ff
reloadAllAccessors: .Reader

===========================================================================================
----------------- testing Fri Jun 08 14:22:26 UTC 2018 /home/travis/build/icyphy/ptII/ptolemy/actor/lib/test/auto/RecordAssemblerDisplayNameTest.xml
----------------- Instantiating /home/travis/build/icyphy/ptII/ptolemy/actor/lib/test/auto/RecordAssemblerDisplayNameTest.xml
3444 ms. Memory: 1319936K Free: 1185832K (90%)
----------------- Invoking toplevel() on ptolemy.moml.MoMLSimpleApplication@388a47bb
----------------- Done invoking toplevel() on ptolemy.moml.MoMLSimpleApplication@388a47bb
reloadAllAccessors: .RecordAssemblerDisplayNameTest

===========================================================================================
----------------- testing Fri Jun 08 14:22:29 UTC 2018 /home/travis/build/icyphy/ptII/ptolemy/actor/lib/test/auto/RecordAssemblerTypeError.xml
----------------- Instantiating /home/travis/build/icyphy/ptII/ptolemy/actor/lib/test/auto/RecordAssemblerTypeError.xml
5 ms. Memory: 1319936K Free: 1145660K (87%)
----------------- Invoking toplevel() on ptolemy.moml.MoMLSimpleApplication@272ea9c7
----------------- Done invoking toplevel() on ptolemy.moml.MoMLSimpleApplication@272ea9c7
reloadAllAccessors: .RecordAssemblerTypeError

===========================================================================================
----------------- testing Fri Jun 08 14:22:29 UTC 2018 /home/travis/build/icyphy/ptII/ptolemy/actor/lib/test/auto/RecordDisassember.xml
----------------- Instantiating /home/travis/build/icyphy/ptII/ptolemy/actor/lib/test/auto/RecordDisassember.xml
2 ms. Memory: 1319936K Free: 1129481K (86%)
----------------- Invoking toplevel() on ptolemy.moml.MoMLSimpleApplication@78bcdb98
----------------- Done invoking toplevel() on ptolemy.moml.MoMLSimpleApplication@78bcdb98
reloadAllAccessors: .RecordDisassember

===========================================================================================
----------------- testing Fri Jun 08 14:22:29 UTC 2018 /home/travis/build/icyphy/ptII/ptolemy/actor/lib/test/auto/RecordDisassemberDisplayNameTest.xml
----------------- Instantiating /home/travis/build/icyphy/ptII/ptolemy/actor/lib/test/auto/RecordDisassemberDisplayNameTest.xml
5 ms. Memory: 1319936K Free: 1108321K (84%)
----------------- Invoking toplevel() on ptolemy.moml.MoMLSimpleApplication@607b070b
----------------- Done invoking toplevel() on ptolemy.moml.MoMLSimpleApplication@607b070b
reloadAllAccessors: .RecordDisassemberDisplayNameTest

===========================================================================================
----------------- testing Fri Jun 08 14:22:29 UTC 2018 /home/travis/build/icyphy/ptII/ptolemy/actor/lib/test/auto/RecordDisassembler.xml
----------------- Instantiating /home/travis/build/icyphy/ptII/ptolemy/actor/lib/test/auto/RecordDisassembler.xml
2 ms. Memory: 1319936K Free: 1092141K (83%)
----------------- Invoking toplevel() on ptolemy.moml.MoMLSimpleApplication@2f5f9bf8
----------------- Done invoking toplevel() on ptolemy.moml.MoMLSimpleApplication@2f5f9bf8
reloadAllAccessors: .RecordDisassembler

===========================================================================================
----------------- testing Fri Jun 08 14:22:29 UTC 2018 /home/travis/build/icyphy/ptII/ptolemy/actor/lib/test/auto/RecordDisassembler2.xml
----------------- Instantiating /home/travis/build/icyphy/ptII/ptolemy/actor/lib/test/auto/RecordDisassembler2.xml
2 ms. Memory: 1319936K Free: 1070981K (81%)
----------------- Invoking toplevel() on ptolemy.moml.MoMLSimpleApplication@f9c7508
----------------- Done invoking toplevel() on ptolemy.moml.MoMLSimpleApplication@f9c7508
reloadAllAccessors: .RecordDisassembler2

===========================================================================================
----------------- testing Fri Jun 08 14:22:29 UTC 2018 /home/travis/build/icyphy/ptII/ptolemy/actor/lib/test/auto/RecordUpdater.xml
----------------- Instantiating /home/travis/build/icyphy/ptII/ptolemy/actor/lib/test/auto/RecordUpdater.xml
2 ms. Memory: 1319936K Free: 1054783K (80%)
----------------- Invoking toplevel() on ptolemy.moml.MoMLSimpleApplication@1fee5748
----------------- Done invoking toplevel() on ptolemy.moml.MoMLSimpleApplication@1fee5748
reloadAllAccessors: .RecordUpdater

===========================================================================================
----------------- testing Fri Jun 08 14:22:29 UTC 2018 /home/travis/build/icyphy/ptII/ptolemy/actor/lib/test/auto/RecordUpdater2.xml
----------------- Instantiating /home/travis/build/icyphy/ptII/ptolemy/actor/lib/test/auto/RecordUpdater2.xml
2 ms. Memory: 1319936K Free: 1033622K (78%)
----------------- Invoking toplevel() on ptolemy.moml.MoMLSimpleApplication@7fbdd455
----------------- Done invoking toplevel() on ptolemy.moml.MoMLSimpleApplication@7fbdd455
reloadAllAccessors: .RecordUpdater2

===========================================================================================
----------------- testing Fri Jun 08 14:22:29 UTC 2018 /home/travis/build/icyphy/ptII/ptolemy/actor/lib/test/auto/RecursiveLattice.xml
----------------- Instantiating /home/travis/build/icyphy/ptII/ptolemy/actor/lib/test/auto/RecursiveLattice.xml
1 ms. Memory: 1319936K Free: 1017443K (77%)
----------------- Invoking toplevel() on ptolemy.moml.MoMLSimpleApplication@419964f6
----------------- Done invoking toplevel() on ptolemy.moml.MoMLSimpleApplication@419964f6
reloadAllAccessors: .RecursiveLattice

===========================================================================================
----------------- testing Fri Jun 08 14:22:29 UTC 2018 /home/travis/build/icyphy/ptII/ptolemy/actor/lib/test/auto/Router.xml
----------------- Instantiating /home/travis/build/icyphy/ptII/ptolemy/actor/lib/test/auto/Router.xml
3004 ms. Memory: 1319936K Free: 996282K (75%)
----------------- Invoking toplevel() on ptolemy.moml.MoMLSimpleApplication@6e042fb
----------------- Done invoking toplevel() on ptolemy.moml.MoMLSimpleApplication@6e042fb
reloadAllAccessors: .Router

===========================================================================================
----------------- testing Fri Jun 08 14:22:32 UTC 2018 /home/travis/build/icyphy/ptII/ptolemy/actor/lib/test/auto/Router2.xml
----------------- Instantiating /home/travis/build/icyphy/ptII/ptolemy/actor/lib/test/auto/Router2.xml
3002 ms. Memory: 1319936K Free: 980103K (74%)
----------------- Invoking toplevel() on ptolemy.moml.MoMLSimpleApplication@b50c09d
----------------- Done invoking toplevel() on ptolemy.moml.MoMLSimpleApplication@b50c09d
reloadAllAccessors: .Router2

===========================================================================================
----------------- testing Fri Jun 08 14:22:35 UTC 2018 /home/travis/build/icyphy/ptII/ptolemy/actor/lib/test/auto/RunningMaximum.xml
----------------- Instantiating /home/travis/build/icyphy/ptII/ptolemy/actor/lib/test/auto/RunningMaximum.xml
3 ms. Memory: 1319936K Free: 958943K (73%)
----------------- Invoking toplevel() on ptolemy.moml.MoMLSimpleApplication@8e30fed
----------------- Done invoking toplevel() on ptolemy.moml.MoMLSimpleApplication@8e30fed
reloadAllAccessors: .RunningMaximum

===========================================================================================
----------------- testing Fri Jun 08 14:22:35 UTC 2018 /home/travis/build/icyphy/ptII/ptolemy/actor/lib/test/auto/RunningMinimum.xml
----------------- Instantiating /home/travis/build/icyphy/ptII/ptolemy/actor/lib/test/auto/RunningMinimum.xml
5 ms. Memory: 1319936K Free: 942764K (71%)
----------------- Invoking toplevel() on ptolemy.moml.MoMLSimpleApplication@6d0a9a01
----------------- Done invoking toplevel() on ptolemy.moml.MoMLSimpleApplication@6d0a9a01
reloadAllAccessors: .RunningMinimum

===========================================================================================
----------------- testing Fri Jun 08 14:22:35 UTC 2018 /home/travis/build/icyphy/ptII/ptolemy/actor/lib/test/auto/Scale.xml
----------------- Instantiating /home/travis/build/icyphy/ptII/ptolemy/actor/lib/test/auto/Scale.xml
1 ms. Memory: 1319936K Free: 921603K (70%)
----------------- Invoking toplevel() on ptolemy.moml.MoMLSimpleApplication@52144c68
----------------- Done invoking toplevel() on ptolemy.moml.MoMLSimpleApplication@52144c68
reloadAllAccessors: .Scale

===========================================================================================
----------------- testing Fri Jun 08 14:22:36 UTC 2018 /home/travis/build/icyphy/ptII/ptolemy/actor/lib/test/auto/Scale2.xml
----------------- Instantiating /home/travis/build/icyphy/ptII/ptolemy/actor/lib/test/auto/Scale2.xml
1 ms. Memory: 1319936K Free: 905424K (69%)
----------------- Invoking toplevel() on ptolemy.moml.MoMLSimpleApplication@64437e30
----------------- Done invoking toplevel() on ptolemy.moml.MoMLSimpleApplication@64437e30
reloadAllAccessors: .Scale2

===========================================================================================
----------------- testing Fri Jun 08 14:22:36 UTC 2018 /home/travis/build/icyphy/ptII/ptolemy/actor/lib/test/auto/Scale3.xml
----------------- Instantiating /home/travis/build/icyphy/ptII/ptolemy/actor/lib/test/auto/Scale3.xml
2 ms. Memory: 1319936K Free: 884263K (67%)
----------------- Invoking toplevel() on ptolemy.moml.MoMLSimpleApplication@1b4abe3b
----------------- Done invoking toplevel() on ptolemy.moml.MoMLSimpleApplication@1b4abe3b
reloadAllAccessors: .Scale3

===========================================================================================
----------------- testing Fri Jun 08 14:22:36 UTC 2018 /home/travis/build/icyphy/ptII/ptolemy/actor/lib/test/auto/ScaleArray.xml
----------------- Instantiating /home/travis/build/icyphy/ptII/ptolemy/actor/lib/test/auto/ScaleArray.xml
2 ms. Memory: 1319936K Free: 868084K (66%)
----------------- Invoking toplevel() on ptolemy.moml.MoMLSimpleApplication@44ba1172
----------------- Done invoking toplevel() on ptolemy.moml.MoMLSimpleApplication@44ba1172
reloadAllAccessors: .ScaleArray

===========================================================================================
----------------- testing Fri Jun 08 14:22:36 UTC 2018 /home/travis/build/icyphy/ptII/ptolemy/actor/lib/test/auto/ScaleArray2.xml
----------------- Instantiating /home/travis/build/icyphy/ptII/ptolemy/actor/lib/test/auto/ScaleArray2.xml
0 ms. Memory: 1319936K Free: 846924K (64%)
----------------- Invoking toplevel() on ptolemy.moml.MoMLSimpleApplication@68c39d79
----------------- Done invoking toplevel() on ptolemy.moml.MoMLSimpleApplication@68c39d79
reloadAllAccessors: .ScaleArray2

===========================================================================================
----------------- testing Fri Jun 08 14:22:36 UTC 2018 /home/travis/build/icyphy/ptII/ptolemy/actor/lib/test/auto/ScaleMatrix.xml
----------------- Instantiating /home/travis/build/icyphy/ptII/ptolemy/actor/lib/test/auto/ScaleMatrix.xml
127 ms. Memory: 1319936K Free: 830744K (63%)
----------------- Invoking toplevel() on ptolemy.moml.MoMLSimpleApplication@3a1d497d
----------------- Done invoking toplevel() on ptolemy.moml.MoMLSimpleApplication@3a1d497d
reloadAllAccessors: .ScaleMatrix

===========================================================================================
----------------- testing Fri Jun 08 14:22:36 UTC 2018 /home/travis/build/icyphy/ptII/ptolemy/actor/lib/test/auto/Select.xml
----------------- Instantiating /home/travis/build/icyphy/ptII/ptolemy/actor/lib/test/auto/Select.xml
7 ms. Memory: 1319936K Free: 809584K (61%)
----------------- Invoking toplevel() on ptolemy.moml.MoMLSimpleApplication@4a120d00
----------------- Done invoking toplevel() on ptolemy.moml.MoMLSimpleApplication@4a120d00
reloadAllAccessors: .Select

===========================================================================================
----------------- testing Fri Jun 08 14:22:36 UTC 2018 /home/travis/build/icyphy/ptII/ptolemy/actor/lib/test/auto/Select2.xml
----------------- Instantiating /home/travis/build/icyphy/ptII/ptolemy/actor/lib/test/auto/Select2.xml
1 ms. Memory: 1319936K Free: 793404K (60%)
----------------- Invoking toplevel() on ptolemy.moml.MoMLSimpleApplication@65216a0c
----------------- Done invoking toplevel() on ptolemy.moml.MoMLSimpleApplication@65216a0c
reloadAllAccessors: .Select2

===========================================================================================
----------------- testing Fri Jun 08 14:22:36 UTC 2018 /home/travis/build/icyphy/ptII/ptolemy/actor/lib/test/auto/SequenceToArray2.xml
----------------- Instantiating /home/travis/build/icyphy/ptII/ptolemy/actor/lib/test/auto/SequenceToArray2.xml
65 ms. Memory: 1319936K Free: 691348K (52%)
----------------- Invoking toplevel() on ptolemy.moml.MoMLSimpleApplication@4fe16f4a
----------------- Done invoking toplevel() on ptolemy.moml.MoMLSimpleApplication@4fe16f4a
reloadAllAccessors: .SequenceToArray2

===========================================================================================
----------------- testing Fri Jun 08 14:22:36 UTC 2018 /home/travis/build/icyphy/ptII/ptolemy/actor/lib/test/auto/SequentialClock.xml
----------------- Instantiating /home/travis/build/icyphy/ptII/ptolemy/actor/lib/test/auto/SequentialClock.xml
1 ms. Memory: 1319936K Free: 675168K (51%)
----------------- Invoking toplevel() on ptolemy.moml.MoMLSimpleApplication@793966d6
----------------- Done invoking toplevel() on ptolemy.moml.MoMLSimpleApplication@793966d6
reloadAllAccessors: .SequentialClock

===========================================================================================
----------------- testing Fri Jun 08 14:22:36 UTC 2018 /home/travis/build/icyphy/ptII/ptolemy/actor/lib/test/auto/SetVariable.xml
----------------- Instantiating /home/travis/build/icyphy/ptII/ptolemy/actor/lib/test/auto/SetVariable.xml
2 ms. Memory: 1319936K Free: 654008K (50%)
----------------- Invoking toplevel() on ptolemy.moml.MoMLSimpleApplication@40619b4b
----------------- Done invoking toplevel() on ptolemy.moml.MoMLSimpleApplication@40619b4b
reloadAllAccessors: .SetVariable

===========================================================================================
----------------- testing Fri Jun 08 14:22:36 UTC 2018 /home/travis/build/icyphy/ptII/ptolemy/actor/lib/test/auto/SetVariable2.xml
----------------- Instantiating /home/travis/build/icyphy/ptII/ptolemy/actor/lib/test/auto/SetVariable2.xml
2 ms. Memory: 1319936K Free: 637829K (48%)
----------------- Invoking toplevel() on ptolemy.moml.MoMLSimpleApplication@31a82f88
----------------- Done invoking toplevel() on ptolemy.moml.MoMLSimpleApplication@31a82f88
reloadAllAccessors: .SetVariable2

===========================================================================================
----------------- testing Fri Jun 08 14:22:36 UTC 2018 /home/travis/build/icyphy/ptII/ptolemy/actor/lib/test/auto/SetVariable3.xml
----------------- Instantiating /home/travis/build/icyphy/ptII/ptolemy/actor/lib/test/auto/SetVariable3.xml
8 ms. Memory: 1319936K Free: 616668K (47%)
----------------- Invoking toplevel() on ptolemy.moml.MoMLSimpleApplication@46d49ada
----------------- Done invoking toplevel() on ptolemy.moml.MoMLSimpleApplication@46d49ada
reloadAllAccessors: .SetVariable3

===========================================================================================
----------------- testing Fri Jun 08 14:22:36 UTC 2018 /home/travis/build/icyphy/ptII/ptolemy/actor/lib/test/auto/SetVariable4.xml
----------------- Instantiating /home/travis/build/icyphy/ptII/ptolemy/actor/lib/test/auto/SetVariable4.xml
12 ms. Memory: 1319936K Free: 543862K (41%)
----------------- Invoking toplevel() on ptolemy.moml.MoMLSimpleApplication@d70aaaa
----------------- Done invoking toplevel() on ptolemy.moml.MoMLSimpleApplication@d70aaaa
reloadAllAccessors: .SetVariable4

===========================================================================================
----------------- testing Fri Jun 08 14:22:36 UTC 2018 /home/travis/build/icyphy/ptII/ptolemy/actor/lib/test/auto/SetVariable5.xml
----------------- Instantiating /home/travis/build/icyphy/ptII/ptolemy/actor/lib/test/auto/SetVariable5.xml
18 ms. Memory: 1319936K Free: 522701K (40%)
----------------- Invoking toplevel() on ptolemy.moml.MoMLSimpleApplication@38dee6af
----------------- Done invoking toplevel() on ptolemy.moml.MoMLSimpleApplication@38dee6af
reloadAllAccessors: .SetVariable5

===========================================================================================
----------------- testing Fri Jun 08 14:22:36 UTC 2018 /home/travis/build/icyphy/ptII/ptolemy/actor/lib/test/auto/Sinewave.xml
----------------- Instantiating /home/travis/build/icyphy/ptII/ptolemy/actor/lib/test/auto/Sinewave.xml
5 ms. Memory: 1319936K Free: 498417K (38%)
----------------- Invoking toplevel() on ptolemy.moml.MoMLSimpleApplication@3506507
----------------- Done invoking toplevel() on ptolemy.moml.MoMLSimpleApplication@3506507
reloadAllAccessors: .Sinewave

===========================================================================================
----------------- testing Fri Jun 08 14:22:36 UTC 2018 /home/travis/build/icyphy/ptII/ptolemy/actor/lib/test/auto/Sinewave2.xml
----------------- Instantiating /home/travis/build/icyphy/ptII/ptolemy/actor/lib/test/auto/Sinewave2.xml
10 ms. Memory: 1319936K Free: 477256K (36%)
----------------- Invoking toplevel() on ptolemy.moml.MoMLSimpleApplication@571a9175
----------------- Done invoking toplevel() on ptolemy.moml.MoMLSimpleApplication@571a9175
reloadAllAccessors: .Sinewave2

===========================================================================================
----------------- testing Fri Jun 08 14:22:36 UTC 2018 /home/travis/build/icyphy/ptII/ptolemy/actor/lib/test/auto/Sinewave3.xml
----------------- Instantiating /home/travis/build/icyphy/ptII/ptolemy/actor/lib/test/auto/Sinewave3.xml
11 ms. Memory: 1319936K Free: 461077K (35%)
----------------- Invoking toplevel() on ptolemy.moml.MoMLSimpleApplication@711c7fe4
----------------- Done invoking toplevel() on ptolemy.moml.MoMLSimpleApplication@711c7fe4
reloadAllAccessors: .Sinewave3

===========================================================================================
----------------- testing Fri Jun 08 14:22:36 UTC 2018 /home/travis/build/icyphy/ptII/ptolemy/actor/lib/test/auto/SingleEvent.xml
----------------- Instantiating /home/travis/build/icyphy/ptII/ptolemy/actor/lib/test/auto/SingleEvent.xml
1 ms. Memory: 1319936K Free: 439916K (33%)
----------------- Invoking toplevel() on ptolemy.moml.MoMLSimpleApplication@6660e401
----------------- Done invoking toplevel() on ptolemy.moml.MoMLSimpleApplication@6660e401
reloadAllAccessors: .SingleEvent

===========================================================================================
----------------- testing Fri Jun 08 14:22:36 UTC 2018 /home/travis/build/icyphy/ptII/ptolemy/actor/lib/test/auto/Sleep.xml
----------------- Instantiating /home/travis/build/icyphy/ptII/ptolemy/actor/lib/test/auto/Sleep.xml
6003 ms. Memory: 1319936K Free: 423737K (32%)
----------------- Invoking toplevel() on ptolemy.moml.MoMLSimpleApplication@64ecd00
----------------- Done invoking toplevel() on ptolemy.moml.MoMLSimpleApplication@64ecd00
reloadAllAccessors: .Sleep

===========================================================================================
----------------- testing Fri Jun 08 14:22:42 UTC 2018 /home/travis/build/icyphy/ptII/ptolemy/actor/lib/test/auto/SleepMultipleFire.xml
----------------- Instantiating /home/travis/build/icyphy/ptII/ptolemy/actor/lib/test/auto/SleepMultipleFire.xml
1004 ms. Memory: 1319936K Free: 402576K (30%)
----------------- Invoking toplevel() on ptolemy.moml.MoMLSimpleApplication@21151864
----------------- Done invoking toplevel() on ptolemy.moml.MoMLSimpleApplication@21151864
reloadAllAccessors: .SleepMultipleFire

===========================================================================================
----------------- testing Fri Jun 08 14:22:43 UTC 2018 /home/travis/build/icyphy/ptII/ptolemy/actor/lib/test/auto/StopDE.xml
----------------- Instantiating /home/travis/build/icyphy/ptII/ptolemy/actor/lib/test/auto/StopDE.xml
3 ms. Memory: 1319936K Free: 386397K (29%)
----------------- Invoking toplevel() on ptolemy.moml.MoMLSimpleApplication@6af1f644
----------------- Done invoking toplevel() on ptolemy.moml.MoMLSimpleApplication@6af1f644
reloadAllAccessors: .StopDE

===========================================================================================
----------------- testing Fri Jun 08 14:22:43 UTC 2018 /home/travis/build/icyphy/ptII/ptolemy/actor/lib/test/auto/StopSDF.xml
----------------- Instantiating /home/travis/build/icyphy/ptII/ptolemy/actor/lib/test/auto/StopSDF.xml
2 ms. Memory: 1319936K Free: 365237K (28%)
----------------- Invoking toplevel() on ptolemy.moml.MoMLSimpleApplication@30d54b7d
----------------- Done invoking toplevel() on ptolemy.moml.MoMLSimpleApplication@30d54b7d
reloadAllAccessors: .StopSDF

===========================================================================================
----------------- testing Fri Jun 08 14:22:43 UTC 2018 /home/travis/build/icyphy/ptII/ptolemy/actor/lib/test/auto/StringConstant.xml
----------------- Instantiating /home/travis/build/icyphy/ptII/ptolemy/actor/lib/test/auto/StringConstant.xml
2 ms. Memory: 1319936K Free: 349058K (26%)
----------------- Invoking toplevel() on ptolemy.moml.MoMLSimpleApplication@87f312d
----------------- Done invoking toplevel() on ptolemy.moml.MoMLSimpleApplication@87f312d
reloadAllAccessors: .StringConstant

===========================================================================================
----------------- testing Fri Jun 08 14:22:43 UTC 2018 /home/travis/build/icyphy/ptII/ptolemy/actor/lib/test/auto/SubscriberPortInitialValues1.xml
----------------- Instantiating /home/travis/build/icyphy/ptII/ptolemy/actor/lib/test/auto/SubscriberPortInitialValues1.xml
4 ms. Memory: 1319936K Free: 327897K (25%)
----------------- Invoking toplevel() on ptolemy.moml.MoMLSimpleApplication@3bd02357
----------------- Done invoking toplevel() on ptolemy.moml.MoMLSimpleApplication@3bd02357
reloadAllAccessors: .SubscriberPortInitialValues1

===========================================================================================
----------------- testing Fri Jun 08 14:22:43 UTC 2018 /home/travis/build/icyphy/ptII/ptolemy/actor/lib/test/auto/SubscriberPortInitialValues13.xml
----------------- Instantiating /home/travis/build/icyphy/ptII/ptolemy/actor/lib/test/auto/SubscriberPortInitialValues13.xml
4 ms. Memory: 1319936K Free: 303612K (23%)
----------------- Invoking toplevel() on ptolemy.moml.MoMLSimpleApplication@4bf87c3e
----------------- Done invoking toplevel() on ptolemy.moml.MoMLSimpleApplication@4bf87c3e
reloadAllAccessors: .SubscriberPortInitialValues13

===========================================================================================
----------------- testing Fri Jun 08 14:22:43 UTC 2018 /home/travis/build/icyphy/ptII/ptolemy/actor/lib/test/auto/SubscriberPortInitialValues14.xml
----------------- Instantiating /home/travis/build/icyphy/ptII/ptolemy/actor/lib/test/auto/SubscriberPortInitialValues14.xml
4 ms. Memory: 1319936K Free: 282452K (21%)
----------------- Invoking toplevel() on ptolemy.moml.MoMLSimpleApplication@2dc14b4b
----------------- Done invoking toplevel() on ptolemy.moml.MoMLSimpleApplication@2dc14b4b
reloadAllAccessors: .SubscriberPortInitialValues14

===========================================================================================
----------------- testing Fri Jun 08 14:22:43 UTC 2018 /home/travis/build/icyphy/ptII/ptolemy/actor/lib/test/auto/SubscriberPortInitialValues2.xml
----------------- Instantiating /home/travis/build/icyphy/ptII/ptolemy/actor/lib/test/auto/SubscriberPortInitialValues2.xml
3 ms. Memory: 1319936K Free: 266273K (20%)
----------------- Invoking toplevel() on ptolemy.moml.MoMLSimpleApplication@48a794a0
----------------- Done invoking toplevel() on ptolemy.moml.MoMLSimpleApplication@48a794a0
reloadAllAccessors: .SubscriberPortInitialValues2

===========================================================================================
----------------- testing Fri Jun 08 14:22:43 UTC 2018 /home/travis/build/icyphy/ptII/ptolemy/actor/lib/test/auto/SubscriberPortInitialValues3.xml
----------------- Instantiating /home/travis/build/icyphy/ptII/ptolemy/actor/lib/test/auto/SubscriberPortInitialValues3.xml
3 ms. Memory: 1319936K Free: 237007K (18%)
----------------- Invoking toplevel() on ptolemy.moml.MoMLSimpleApplication@529a765a
----------------- Done invoking toplevel() on ptolemy.moml.MoMLSimpleApplication@529a765a
reloadAllAccessors: .SubscriberPortInitialValues3

===========================================================================================
----------------- testing Fri Jun 08 14:22:43 UTC 2018 /home/travis/build/icyphy/ptII/ptolemy/actor/lib/test/auto/SubscriptionAggregator.xml
----------------- Instantiating /home/travis/build/icyphy/ptII/ptolemy/actor/lib/test/auto/SubscriptionAggregator.xml
2 ms. Memory: 1319936K Free: 220828K (17%)
----------------- Invoking toplevel() on ptolemy.moml.MoMLSimpleApplication@10fd40cd
----------------- Done invoking toplevel() on ptolemy.moml.MoMLSimpleApplication@10fd40cd
reloadAllAccessors: .SubscriptionAggregator

===========================================================================================
----------------- testing Fri Jun 08 14:22:43 UTC 2018 /home/travis/build/icyphy/ptII/ptolemy/actor/lib/test/auto/SubscriptionAggregator2.xml
----------------- Instantiating /home/travis/build/icyphy/ptII/ptolemy/actor/lib/test/auto/SubscriptionAggregator2.xml
3 ms. Memory: 1319936K Free: 199667K (15%)
----------------- Invoking toplevel() on ptolemy.moml.MoMLSimpleApplication@6f25f3ba
----------------- Done invoking toplevel() on ptolemy.moml.MoMLSimpleApplication@6f25f3ba
reloadAllAccessors: .SubscriptionAggregator2

===========================================================================================
----------------- testing Fri Jun 08 14:22:43 UTC 2018 /home/travis/build/icyphy/ptII/ptolemy/actor/lib/test/auto/SubscriptionAggregator3.xml
----------------- Instantiating /home/travis/build/icyphy/ptII/ptolemy/actor/lib/test/auto/SubscriptionAggregator3.xml
3 ms. Memory: 1319936K Free: 183488K (14%)
----------------- Invoking toplevel() on ptolemy.moml.MoMLSimpleApplication@20fa6301
----------------- Done invoking toplevel() on ptolemy.moml.MoMLSimpleApplication@20fa6301
reloadAllAccessors: .SubscriptionAggregator3

===========================================================================================
----------------- testing Fri Jun 08 14:22:43 UTC 2018 /home/travis/build/icyphy/ptII/ptolemy/actor/lib/test/auto/SubscriptionAggregatorMultiply.xml
----------------- Instantiating /home/travis/build/icyphy/ptII/ptolemy/actor/lib/test/auto/SubscriptionAggregatorMultiply.xml
2 ms. Memory: 1319936K Free: 162328K (12%)
----------------- Invoking toplevel() on ptolemy.moml.MoMLSimpleApplication@4e8e618a
----------------- Done invoking toplevel() on ptolemy.moml.MoMLSimpleApplication@4e8e618a
reloadAllAccessors: .SubscriptionAggregatorMultiply

===========================================================================================
----------------- testing Fri Jun 08 14:22:43 UTC 2018 /home/travis/build/icyphy/ptII/ptolemy/actor/lib/test/auto/SubscriptionAggregatorPortMultiply1.xml
----------------- Instantiating /home/travis/build/icyphy/ptII/ptolemy/actor/lib/test/auto/SubscriptionAggregatorPortMultiply1.xml
3 ms. Memory: 1319936K Free: 146148K (11%)
----------------- Invoking toplevel() on ptolemy.moml.MoMLSimpleApplication@28c78891
----------------- Done invoking toplevel() on ptolemy.moml.MoMLSimpleApplication@28c78891
reloadAllAccessors: .SubscriptionAggregatorPortMultiply1

===========================================================================================
----------------- testing Fri Jun 08 14:22:43 UTC 2018 /home/travis/build/icyphy/ptII/ptolemy/actor/lib/test/auto/Switch.xml
----------------- Instantiating /home/travis/build/icyphy/ptII/ptolemy/actor/lib/test/auto/Switch.xml
7 ms. Memory: 1319936K Free: 76450K (6%)
----------------- Invoking toplevel() on ptolemy.moml.MoMLSimpleApplication@68a1510f
----------------- Done invoking toplevel() on ptolemy.moml.MoMLSimpleApplication@68a1510f
reloadAllAccessors: .Switch

===========================================================================================
----------------- testing Fri Jun 08 14:22:43 UTC 2018 /home/travis/build/icyphy/ptII/ptolemy/actor/lib/test/auto/Switch2.xml
----------------- Instantiating /home/travis/build/icyphy/ptII/ptolemy/actor/lib/test/auto/Switch2.xml
2 ms. Memory: 1319936K Free: 67387K (5%)
----------------- Invoking toplevel() on ptolemy.moml.MoMLSimpleApplication@6d0a9e49
----------------- Done invoking toplevel() on ptolemy.moml.MoMLSimpleApplication@6d0a9e49
reloadAllAccessors: .Switch2

===========================================================================================
----------------- testing Fri Jun 08 14:22:43 UTC 2018 /home/travis/build/icyphy/ptII/ptolemy/actor/lib/test/auto/SwitchDE.xml
----------------- Instantiating /home/travis/build/icyphy/ptII/ptolemy/actor/lib/test/auto/SwitchDE.xml
1 ms. Memory: 1329152K Free: 1269327K (95%)
----------------- Invoking toplevel() on ptolemy.moml.MoMLSimpleApplication@79d8b18a
----------------- Done invoking toplevel() on ptolemy.moml.MoMLSimpleApplication@79d8b18a
reloadAllAccessors: .SwitchDE

===========================================================================================
----------------- testing Fri Jun 08 14:22:43 UTC 2018 /home/travis/build/icyphy/ptII/ptolemy/actor/lib/test/auto/SynchronizerDE.xml
----------------- Instantiating /home/travis/build/icyphy/ptII/ptolemy/actor/lib/test/auto/SynchronizerDE.xml
4 ms. Memory: 1329152K Free: 1253148K (94%)
----------------- Invoking toplevel() on ptolemy.moml.MoMLSimpleApplication@6122f91
----------------- Done invoking toplevel() on ptolemy.moml.MoMLSimpleApplication@6122f91
reloadAllAccessors: .SynchronizerDE

===========================================================================================
----------------- testing Fri Jun 08 14:22:43 UTC 2018 /home/travis/build/icyphy/ptII/ptolemy/actor/lib/test/auto/Test.xml
----------------- Instantiating /home/travis/build/icyphy/ptII/ptolemy/actor/lib/test/auto/Test.xml
1 ms. Memory: 1329152K Free: 1232894K (93%)
----------------- Invoking toplevel() on ptolemy.moml.MoMLSimpleApplication@5b9e2fee
----------------- Done invoking toplevel() on ptolemy.moml.MoMLSimpleApplication@5b9e2fee
reloadAllAccessors: .Test

===========================================================================================
----------------- testing Fri Jun 08 14:22:44 UTC 2018 /home/travis/build/icyphy/ptII/ptolemy/actor/lib/test/auto/TestExceptionAttribute1.xml
----------------- Instantiating /home/travis/build/icyphy/ptII/ptolemy/actor/lib/test/auto/TestExceptionAttribute1.xml
1 ms. Memory: 1329152K Free: 1216715K (92%)
----------------- Invoking toplevel() on ptolemy.moml.MoMLSimpleApplication@64ba2070
----------------- Done invoking toplevel() on ptolemy.moml.MoMLSimpleApplication@64ba2070
reloadAllAccessors: .TestExceptionAttribute1

===========================================================================================
----------------- testing Fri Jun 08 14:22:44 UTC 2018 /home/travis/build/icyphy/ptII/ptolemy/actor/lib/test/auto/TestExceptionAttribute2.xml
----------------- Instantiating /home/travis/build/icyphy/ptII/ptolemy/actor/lib/test/auto/TestExceptionAttribute2.xml
1 ms. Memory: 1329152K Free: 1196461K (90%)
----------------- Invoking toplevel() on ptolemy.moml.MoMLSimpleApplication@678b9054
----------------- Done invoking toplevel() on ptolemy.moml.MoMLSimpleApplication@678b9054
reloadAllAccessors: .TestExceptionAttribute2

===========================================================================================
----------------- testing Fri Jun 08 14:22:44 UTC 2018 /home/travis/build/icyphy/ptII/ptolemy/actor/lib/test/auto/TestExceptionAttribute3.xml
----------------- Instantiating /home/travis/build/icyphy/ptII/ptolemy/actor/lib/test/auto/TestExceptionAttribute3.xml
.TestExceptionAttribute3.TestExceptionAttribute: initialize() was not invoked, but wrapup() was.  This is unusual, but not always a problem.  For example, exporting JNLP will do this.
1 ms. Memory: 1329152K Free: 1176207K (88%)
----------------- Invoking toplevel() on ptolemy.moml.MoMLSimpleApplication@16ccd3df
----------------- Done invoking toplevel() on ptolemy.moml.MoMLSimpleApplication@16ccd3df
reloadAllAccessors: .TestExceptionAttribute3

===========================================================================================
----------------- testing Fri Jun 08 14:22:44 UTC 2018 /home/travis/build/icyphy/ptII/ptolemy/actor/lib/test/auto/TestExceptionAttribute4.xml
----------------- Instantiating /home/travis/build/icyphy/ptII/ptolemy/actor/lib/test/auto/TestExceptionAttribute4.xml
.TestExceptionAttribute4.TestExceptionAttribute: initialize() was not invoked, but wrapup() was.  This is unusual, but not always a problem.  For example, exporting JNLP will do this.
.TestExceptionAttribute4.TestExceptionAttribute2: initialize() was not invoked, but wrapup() was.  This is unusual, but not always a problem.  For example, exporting JNLP will do this.
0 ms. Memory: 1329152K Free: 1160028K (87%)
----------------- Invoking toplevel() on ptolemy.moml.MoMLSimpleApplication@32f87438
----------------- Done invoking toplevel() on ptolemy.moml.MoMLSimpleApplication@32f87438
reloadAllAccessors: .TestExceptionAttribute4

===========================================================================================
----------------- testing Fri Jun 08 14:22:44 UTC 2018 /home/travis/build/icyphy/ptII/ptolemy/actor/lib/test/auto/TestExceptionHandler1.xml
----------------- Instantiating /home/travis/build/icyphy/ptII/ptolemy/actor/lib/test/auto/TestExceptionHandler1.xml
1 ms. Memory: 1329152K Free: 1139774K (86%)
----------------- Invoking toplevel() on ptolemy.moml.MoMLSimpleApplication@1e96cb4f
----------------- Done invoking toplevel() on ptolemy.moml.MoMLSimpleApplication@1e96cb4f
reloadAllAccessors: .TestExceptionHandler1

===========================================================================================
----------------- testing Fri Jun 08 14:22:44 UTC 2018 /home/travis/build/icyphy/ptII/ptolemy/actor/lib/test/auto/TestExceptionHandler2.xml
----------------- Instantiating /home/travis/build/icyphy/ptII/ptolemy/actor/lib/test/auto/TestExceptionHandler2.xml
0 ms. Memory: 1329152K Free: 1123595K (85%)
----------------- Invoking toplevel() on ptolemy.moml.MoMLSimpleApplication@4535bf25
----------------- Done invoking toplevel() on ptolemy.moml.MoMLSimpleApplication@4535bf25
reloadAllAccessors: .TestExceptionHandler2

===========================================================================================
----------------- testing Fri Jun 08 14:22:44 UTC 2018 /home/travis/build/icyphy/ptII/ptolemy/actor/lib/test/auto/TestExceptionHandler3.xml
----------------- Instantiating /home/travis/build/icyphy/ptII/ptolemy/actor/lib/test/auto/TestExceptionHandler3.xml
1 ms. Memory: 1329152K Free: 1103341K (83%)
----------------- Invoking toplevel() on ptolemy.moml.MoMLSimpleApplication@24bd24b6
----------------- Done invoking toplevel() on ptolemy.moml.MoMLSimpleApplication@24bd24b6
reloadAllAccessors: .TestExceptionHandler3

===========================================================================================
----------------- testing Fri Jun 08 14:22:44 UTC 2018 /home/travis/build/icyphy/ptII/ptolemy/actor/lib/test/auto/TestExceptionHandler4.xml
----------------- Instantiating /home/travis/build/icyphy/ptII/ptolemy/actor/lib/test/auto/TestExceptionHandler4.xml
0 ms. Memory: 1329152K Free: 1083087K (81%)
----------------- Invoking toplevel() on ptolemy.moml.MoMLSimpleApplication@6c312185
----------------- Done invoking toplevel() on ptolemy.moml.MoMLSimpleApplication@6c312185
reloadAllAccessors: .TestExceptionHandler4

===========================================================================================
----------------- testing Fri Jun 08 14:22:44 UTC 2018 /home/travis/build/icyphy/ptII/ptolemy/actor/lib/test/auto/TestRequireCorrectOrder.xml
----------------- Instantiating /home/travis/build/icyphy/ptII/ptolemy/actor/lib/test/auto/TestRequireCorrectOrder.xml
2 ms. Memory: 1329152K Free: 1066908K (80%)
----------------- Invoking toplevel() on ptolemy.moml.MoMLSimpleApplication@24df154e
----------------- Done invoking toplevel() on ptolemy.moml.MoMLSimpleApplication@24df154e
reloadAllAccessors: .TestRequireCorrectOrder

===========================================================================================
----------------- testing Fri Jun 08 14:22:44 UTC 2018 /home/travis/build/icyphy/ptII/ptolemy/actor/lib/test/auto/TestSimple.xml
----------------- Instantiating /home/travis/build/icyphy/ptII/ptolemy/actor/lib/test/auto/TestSimple.xml
1 ms. Memory: 1329152K Free: 1046654K (79%)
----------------- Invoking toplevel() on ptolemy.moml.MoMLSimpleApplication@7892d4a7
----------------- Done invoking toplevel() on ptolemy.moml.MoMLSimpleApplication@7892d4a7
reloadAllAccessors: .TestSimple

===========================================================================================
----------------- testing Fri Jun 08 14:22:44 UTC 2018 /home/travis/build/icyphy/ptII/ptolemy/actor/lib/test/auto/ThrowModelError.xml
----------------- Instantiating /home/travis/build/icyphy/ptII/ptolemy/actor/lib/test/auto/ThrowModelError.xml
2 ms. Memory: 1329152K Free: 1030474K (78%)
----------------- Invoking toplevel() on ptolemy.moml.MoMLSimpleApplication@364d6ad5
----------------- Done invoking toplevel() on ptolemy.moml.MoMLSimpleApplication@364d6ad5
reloadAllAccessors: .ThrowModelError

===========================================================================================
----------------- testing Fri Jun 08 14:22:44 UTC 2018 /home/travis/build/icyphy/ptII/ptolemy/actor/lib/test/auto/TimeDelayMicrosteps.xml
----------------- Instantiating /home/travis/build/icyphy/ptII/ptolemy/actor/lib/test/auto/TimeDelayMicrosteps.xml
3 ms. Memory: 1329152K Free: 1010221K (76%)
----------------- Invoking toplevel() on ptolemy.moml.MoMLSimpleApplication@118d2742
----------------- Done invoking toplevel() on ptolemy.moml.MoMLSimpleApplication@118d2742
reloadAllAccessors: .TimeDelayMicrosteps

===========================================================================================
----------------- testing Fri Jun 08 14:22:44 UTC 2018 /home/travis/build/icyphy/ptII/ptolemy/actor/lib/test/auto/TimeDelayMicrosteps2.xml
----------------- Instantiating /home/travis/build/icyphy/ptII/ptolemy/actor/lib/test/auto/TimeDelayMicrosteps2.xml
3 ms. Memory: 1329152K Free: 989967K (74%)
----------------- Invoking toplevel() on ptolemy.moml.MoMLSimpleApplication@67b3972f
----------------- Done invoking toplevel() on ptolemy.moml.MoMLSimpleApplication@67b3972f
reloadAllAccessors: .TimeDelayMicrosteps2

===========================================================================================
----------------- testing Fri Jun 08 14:22:44 UTC 2018 /home/travis/build/icyphy/ptII/ptolemy/actor/lib/test/auto/TimeDelayMicrosteps3.xml
----------------- Instantiating /home/travis/build/icyphy/ptII/ptolemy/actor/lib/test/auto/TimeDelayMicrosteps3.xml
2 ms. Memory: 1329152K Free: 973788K (73%)
----------------- Invoking toplevel() on ptolemy.moml.MoMLSimpleApplication@76449b17
----------------- Done invoking toplevel() on ptolemy.moml.MoMLSimpleApplication@76449b17
reloadAllAccessors: .TimeDelayMicrosteps3

===========================================================================================
----------------- testing Fri Jun 08 14:22:44 UTC 2018 /home/travis/build/icyphy/ptII/ptolemy/actor/lib/test/auto/TimeDelayVariableMicrosteps.xml
----------------- Instantiating /home/travis/build/icyphy/ptII/ptolemy/actor/lib/test/auto/TimeDelayVariableMicrosteps.xml
2 ms. Memory: 1329152K Free: 953534K (72%)
----------------- Invoking toplevel() on ptolemy.moml.MoMLSimpleApplication@4a645b11
----------------- Done invoking toplevel() on ptolemy.moml.MoMLSimpleApplication@4a645b11
reloadAllAccessors: .TimeDelayVariableMicrosteps

===========================================================================================
----------------- testing Fri Jun 08 14:22:44 UTC 2018 /home/travis/build/icyphy/ptII/ptolemy/actor/lib/test/auto/TimeGap.xml
----------------- Instantiating /home/travis/build/icyphy/ptII/ptolemy/actor/lib/test/auto/TimeGap.xml
2 ms. Memory: 1329152K Free: 933280K (70%)
----------------- Invoking toplevel() on ptolemy.moml.MoMLSimpleApplication@3924f1a5
----------------- Done invoking toplevel() on ptolemy.moml.MoMLSimpleApplication@3924f1a5
reloadAllAccessors: .TimeGap

===========================================================================================
----------------- testing Fri Jun 08 14:22:44 UTC 2018 /home/travis/build/icyphy/ptII/ptolemy/actor/lib/test/auto/TimeGap2.xml
----------------- Instantiating /home/travis/build/icyphy/ptII/ptolemy/actor/lib/test/auto/TimeGap2.xml
2 ms. Memory: 1329152K Free: 917101K (69%)
----------------- Invoking toplevel() on ptolemy.moml.MoMLSimpleApplication@11e987c3
----------------- Done invoking toplevel() on ptolemy.moml.MoMLSimpleApplication@11e987c3
reloadAllAccessors: .TimeGap2

===========================================================================================
----------------- testing Fri Jun 08 14:22:44 UTC 2018 /home/travis/build/icyphy/ptII/ptolemy/actor/lib/test/auto/TimedSinewave.xml
----------------- Instantiating /home/travis/build/icyphy/ptII/ptolemy/actor/lib/test/auto/TimedSinewave.xml
13 ms. Memory: 1329152K Free: 888757K (67%)
----------------- Invoking toplevel() on ptolemy.moml.MoMLSimpleApplication@736eddb3
----------------- Done invoking toplevel() on ptolemy.moml.MoMLSimpleApplication@736eddb3
reloadAllAccessors: .TimedSinewave

===========================================================================================
----------------- testing Fri Jun 08 14:22:44 UTC 2018 /home/travis/build/icyphy/ptII/ptolemy/actor/lib/test/auto/TimedSinewavePhase.xml
----------------- Instantiating /home/travis/build/icyphy/ptII/ptolemy/actor/lib/test/auto/TimedSinewavePhase.xml
9 ms. Memory: 1329152K Free: 872578K (66%)
----------------- Invoking toplevel() on ptolemy.moml.MoMLSimpleApplication@37bbbd0a
----------------- Done invoking toplevel() on ptolemy.moml.MoMLSimpleApplication@37bbbd0a
reloadAllAccessors: .TimedSinewavePhase

===========================================================================================
----------------- testing Fri Jun 08 14:22:44 UTC 2018 /home/travis/build/icyphy/ptII/ptolemy/actor/lib/test/auto/Timer.xml
----------------- Instantiating /home/travis/build/icyphy/ptII/ptolemy/actor/lib/test/auto/Timer.xml
2 ms. Memory: 1329152K Free: 852324K (64%)
----------------- Invoking toplevel() on ptolemy.moml.MoMLSimpleApplication@35a0166b
----------------- Done invoking toplevel() on ptolemy.moml.MoMLSimpleApplication@35a0166b
reloadAllAccessors: .Timer

===========================================================================================
----------------- testing Fri Jun 08 14:22:44 UTC 2018 /home/travis/build/icyphy/ptII/ptolemy/actor/lib/test/auto/TriangularDistTestModel.xml
----------------- Instantiating /home/travis/build/icyphy/ptII/ptolemy/actor/lib/test/auto/TriangularDistTestModel.xml
1 ms. Memory: 1329152K Free: 832070K (63%)
----------------- Invoking toplevel() on ptolemy.moml.MoMLSimpleApplication@190ffb96
----------------- Done invoking toplevel() on ptolemy.moml.MoMLSimpleApplication@190ffb96
reloadAllAccessors: .TriangularDistTestModel

===========================================================================================
----------------- testing Fri Jun 08 14:22:44 UTC 2018 /home/travis/build/icyphy/ptII/ptolemy/actor/lib/test/auto/TrigFunction.xml
----------------- Instantiating /home/travis/build/icyphy/ptII/ptolemy/actor/lib/test/auto/TrigFunction.xml
2 ms. Memory: 1329152K Free: 815891K (61%)
----------------- Invoking toplevel() on ptolemy.moml.MoMLSimpleApplication@6e7125af
----------------- Done invoking toplevel() on ptolemy.moml.MoMLSimpleApplication@6e7125af
reloadAllAccessors: .TrigFunction

===========================================================================================
----------------- testing Fri Jun 08 14:22:44 UTC 2018 /home/travis/build/icyphy/ptII/ptolemy/actor/lib/test/auto/TrigFunctionDE.xml
----------------- Instantiating /home/travis/build/icyphy/ptII/ptolemy/actor/lib/test/auto/TrigFunctionDE.xml
2 ms. Memory: 1329152K Free: 795637K (60%)
----------------- Invoking toplevel() on ptolemy.moml.MoMLSimpleApplication@7ba59005
----------------- Done invoking toplevel() on ptolemy.moml.MoMLSimpleApplication@7ba59005
reloadAllAccessors: .TrigFunctionDE

===========================================================================================
----------------- testing Fri Jun 08 14:22:44 UTC 2018 /home/travis/build/icyphy/ptII/ptolemy/actor/lib/test/auto/TrigFunctionInverse.xml
----------------- Instantiating /home/travis/build/icyphy/ptII/ptolemy/actor/lib/test/auto/TrigFunctionInverse.xml
3 ms. Memory: 1329152K Free: 779458K (59%)
----------------- Invoking toplevel() on ptolemy.moml.MoMLSimpleApplication@3f76a321
----------------- Done invoking toplevel() on ptolemy.moml.MoMLSimpleApplication@3f76a321
reloadAllAccessors: .TrigFunctionInverse

===========================================================================================
----------------- testing Fri Jun 08 14:22:44 UTC 2018 /home/travis/build/icyphy/ptII/ptolemy/actor/lib/test/auto/TrigFunctionTan.xml
----------------- Instantiating /home/travis/build/icyphy/ptII/ptolemy/actor/lib/test/auto/TrigFunctionTan.xml
1 ms. Memory: 1329152K Free: 759204K (57%)
----------------- Invoking toplevel() on ptolemy.moml.MoMLSimpleApplication@d551ffe
----------------- Done invoking toplevel() on ptolemy.moml.MoMLSimpleApplication@d551ffe
reloadAllAccessors: .TrigFunctionTan

===========================================================================================
----------------- testing Fri Jun 08 14:22:44 UTC 2018 /home/travis/build/icyphy/ptII/ptolemy/actor/lib/test/auto/TriggeredClock.xml
----------------- Instantiating /home/travis/build/icyphy/ptII/ptolemy/actor/lib/test/auto/TriggeredClock.xml
1 ms. Memory: 1329152K Free: 738950K (56%)
----------------- Invoking toplevel() on ptolemy.moml.MoMLSimpleApplication@15c5f687
----------------- Done invoking toplevel() on ptolemy.moml.MoMLSimpleApplication@15c5f687
reloadAllAccessors: .TriggeredClock

===========================================================================================
----------------- testing Fri Jun 08 14:22:44 UTC 2018 /home/travis/build/icyphy/ptII/ptolemy/actor/lib/test/auto/URLDirectoryReader.xml
----------------- Instantiating /home/travis/build/icyphy/ptII/ptolemy/actor/lib/test/auto/URLDirectoryReader.xml
39 ms. Memory: 1329152K Free: 722759K (54%)
----------------- Invoking toplevel() on ptolemy.moml.MoMLSimpleApplication@438e3d0e
----------------- Done invoking toplevel() on ptolemy.moml.MoMLSimpleApplication@438e3d0e
reloadAllAccessors: .URLDirectoryReader

===========================================================================================
----------------- testing Fri Jun 08 14:22:44 UTC 2018 /home/travis/build/icyphy/ptII/ptolemy/actor/lib/test/auto/URLDirectoryReader3.xml
----------------- Instantiating /home/travis/build/icyphy/ptII/ptolemy/actor/lib/test/auto/URLDirectoryReader3.xml
1245 ms. Memory: 1329152K Free: 653967K (49%)
----------------- Invoking toplevel() on ptolemy.moml.MoMLSimpleApplication@6ae89c
----------------- Done invoking toplevel() on ptolemy.moml.MoMLSimpleApplication@6ae89c
reloadAllAccessors: .URLDirectoryReader3

===========================================================================================
----------------- testing Fri Jun 08 14:22:46 UTC 2018 /home/travis/build/icyphy/ptII/ptolemy/actor/lib/test/auto/UnaryMathFunction.xml
----------------- Instantiating /home/travis/build/icyphy/ptII/ptolemy/actor/lib/test/auto/UnaryMathFunction.xml
2 ms. Memory: 1329152K Free: 633713K (48%)
----------------- Invoking toplevel() on ptolemy.moml.MoMLSimpleApplication@355c4e47
----------------- Done invoking toplevel() on ptolemy.moml.MoMLSimpleApplication@355c4e47
reloadAllAccessors: .UnaryMathFunction

===========================================================================================
----------------- testing Fri Jun 08 14:22:46 UTC 2018 /home/travis/build/icyphy/ptII/ptolemy/actor/lib/test/auto/Uniform.xml
----------------- Instantiating /home/travis/build/icyphy/ptII/ptolemy/actor/lib/test/auto/Uniform.xml
9 ms. Memory: 1329152K Free: 617534K (46%)
----------------- Invoking toplevel() on ptolemy.moml.MoMLSimpleApplication@7ee69acd
----------------- Done invoking toplevel() on ptolemy.moml.MoMLSimpleApplication@7ee69acd
reloadAllAccessors: .Uniform

===========================================================================================
----------------- testing Fri Jun 08 14:22:46 UTC 2018 /home/travis/build/icyphy/ptII/ptolemy/actor/lib/test/auto/UnionDisassemblerTest.xml
----------------- Instantiating /home/travis/build/icyphy/ptII/ptolemy/actor/lib/test/auto/UnionDisassemblerTest.xml
22 ms. Memory: 1329152K Free: 597280K (45%)
----------------- Invoking toplevel() on ptolemy.moml.MoMLSimpleApplication@4b3a7365
----------------- Done invoking toplevel() on ptolemy.moml.MoMLSimpleApplication@4b3a7365
reloadAllAccessors: .UnionDisassemblerTest

===========================================================================================
----------------- testing Fri Jun 08 14:22:46 UTC 2018 /home/travis/build/icyphy/ptII/ptolemy/actor/lib/test/auto/UtilityFunctions.xml
----------------- Instantiating /home/travis/build/icyphy/ptII/ptolemy/actor/lib/test/auto/UtilityFunctions.xml
5 ms. Memory: 1329152K Free: 581101K (44%)
----------------- Invoking toplevel() on ptolemy.moml.MoMLSimpleApplication@6100b1c7
----------------- Done invoking toplevel() on ptolemy.moml.MoMLSimpleApplication@6100b1c7
reloadAllAccessors: .UtilityFunctions

===========================================================================================
----------------- testing Fri Jun 08 14:22:46 UTC 2018 /home/travis/build/icyphy/ptII/ptolemy/actor/lib/test/auto/VariableSleep.xml
----------------- Instantiating /home/travis/build/icyphy/ptII/ptolemy/actor/lib/test/auto/VariableSleep.xml
503 ms. Memory: 1329152K Free: 560847K (42%)
----------------- Invoking toplevel() on ptolemy.moml.MoMLSimpleApplication@a7b0a64
----------------- Done invoking toplevel() on ptolemy.moml.MoMLSimpleApplication@a7b0a64
reloadAllAccessors: .VariableSleep

===========================================================================================
----------------- testing Fri Jun 08 14:22:46 UTC 2018 /home/travis/build/icyphy/ptII/ptolemy/actor/lib/test/auto/VectorAssemblerDisassemblerCT.xml
----------------- Instantiating /home/travis/build/icyphy/ptII/ptolemy/actor/lib/test/auto/VectorAssemblerDisassemblerCT.xml
75 ms. Memory: 1329152K Free: 524377K (39%)
----------------- Invoking toplevel() on ptolemy.moml.MoMLSimpleApplication@1ed6b1c7
----------------- Done invoking toplevel() on ptolemy.moml.MoMLSimpleApplication@1ed6b1c7
reloadAllAccessors: .VectorAssemblerDisassemblerCT

===========================================================================================
----------------- testing Fri Jun 08 14:22:46 UTC 2018 /home/travis/build/icyphy/ptII/ptolemy/actor/lib/test/auto/VectorAssemblerDisassemblerDE.xml
----------------- Instantiating /home/travis/build/icyphy/ptII/ptolemy/actor/lib/test/auto/VectorAssemblerDisassemblerDE.xml
7 ms. Memory: 1329152K Free: 508198K (38%)
----------------- Invoking toplevel() on ptolemy.moml.MoMLSimpleApplication@1fdab529
----------------- Done invoking toplevel() on ptolemy.moml.MoMLSimpleApplication@1fdab529
reloadAllAccessors: .VectorAssemblerDisassemblerDE

===========================================================================================
----------------- testing Fri Jun 08 14:22:46 UTC 2018 /home/travis/build/icyphy/ptII/ptolemy/actor/lib/test/auto/VectorAssemblerDisassemblerSDF.xml
----------------- Instantiating /home/travis/build/icyphy/ptII/ptolemy/actor/lib/test/auto/VectorAssemblerDisassemblerSDF.xml
2 ms. Memory: 1329152K Free: 487944K (37%)
----------------- Invoking toplevel() on ptolemy.moml.MoMLSimpleApplication@5e7c875d
----------------- Done invoking toplevel() on ptolemy.moml.MoMLSimpleApplication@5e7c875d
reloadAllAccessors: .VectorAssemblerDisassemblerSDF

===========================================================================================
----------------- testing Fri Jun 08 14:22:46 UTC 2018 /home/travis/build/icyphy/ptII/ptolemy/actor/lib/test/auto/WallClockTime.xml
----------------- Instantiating /home/travis/build/icyphy/ptII/ptolemy/actor/lib/test/auto/WallClockTime.xml
1004 ms. Memory: 1329152K Free: 471765K (35%)
----------------- Invoking toplevel() on ptolemy.moml.MoMLSimpleApplication@2a9b52ce
----------------- Done invoking toplevel() on ptolemy.moml.MoMLSimpleApplication@2a9b52ce
reloadAllAccessors: .WallClockTime

===========================================================================================
----------------- testing Fri Jun 08 14:22:47 UTC 2018 /home/travis/build/icyphy/ptII/ptolemy/actor/lib/test/auto/WidthTestWithSubscriberPublisher.xml
----------------- Instantiating /home/travis/build/icyphy/ptII/ptolemy/actor/lib/test/auto/WidthTestWithSubscriberPublisher.xml
6 ms. Memory: 1329152K Free: 443405K (33%)
----------------- Invoking toplevel() on ptolemy.moml.MoMLSimpleApplication@2ff3c54
----------------- Done invoking toplevel() on ptolemy.moml.MoMLSimpleApplication@2ff3c54
reloadAllAccessors: .WidthTestWithSubscriberPublisher

===========================================================================================
----------------- testing Fri Jun 08 14:22:48 UTC 2018 /home/travis/build/icyphy/ptII/ptolemy/actor/lib/test/auto/WidthTestWithSubscriberPublisher2.xml
----------------- Instantiating /home/travis/build/icyphy/ptII/ptolemy/actor/lib/test/auto/WidthTestWithSubscriberPublisher2.xml
2 ms. Memory: 1329152K Free: 423152K (32%)
----------------- Invoking toplevel() on ptolemy.moml.MoMLSimpleApplication@3d7f0522
----------------- Done invoking toplevel() on ptolemy.moml.MoMLSimpleApplication@3d7f0522
reloadAllAccessors: .WidthTestWithSubscriberPublisher2

===========================================================================================
----------------- testing Fri Jun 08 14:22:48 UTC 2018 /home/travis/build/icyphy/ptII/ptolemy/actor/lib/test/auto/WidthTestWithSubscriberPublisher3.xml
----------------- Instantiating /home/travis/build/icyphy/ptII/ptolemy/actor/lib/test/auto/WidthTestWithSubscriberPublisher3.xml
1 ms. Memory: 1329152K Free: 406972K (31%)
----------------- Invoking toplevel() on ptolemy.moml.MoMLSimpleApplication@69b668ac
----------------- Done invoking toplevel() on ptolemy.moml.MoMLSimpleApplication@69b668ac
reloadAllAccessors: .WidthTestWithSubscriberPublisher3

===========================================================================================
----------------- testing Fri Jun 08 14:22:48 UTC 2018 /home/travis/build/icyphy/ptII/ptolemy/actor/lib/test/auto/Writer.xml
----------------- Instantiating /home/travis/build/icyphy/ptII/ptolemy/actor/lib/test/auto/Writer.xml
0
1
2
3
4
1 ms. Memory: 1329152K Free: 386719K (29%)
----------------- Invoking toplevel() on ptolemy.moml.MoMLSimpleApplication@45090bda
----------------- Done invoking toplevel() on ptolemy.moml.MoMLSimpleApplication@45090bda
reloadAllAccessors: .Writer

===========================================================================================
----------------- testing Fri Jun 08 14:22:48 UTC 2018 /home/travis/build/icyphy/ptII/ptolemy/actor/lib/test/auto/array.xml
----------------- Instantiating /home/travis/build/icyphy/ptII/ptolemy/actor/lib/test/auto/array.xml
1 ms. Memory: 1329152K Free: 366465K (28%)
----------------- Invoking toplevel() on ptolemy.moml.MoMLSimpleApplication@5d08768b
----------------- Done invoking toplevel() on ptolemy.moml.MoMLSimpleApplication@5d08768b
reloadAllAccessors: .array

===========================================================================================
----------------- testing Fri Jun 08 14:22:48 UTC 2018 /home/travis/build/icyphy/ptII/ptolemy/actor/lib/test/auto/array2.xml
----------------- Instantiating /home/travis/build/icyphy/ptII/ptolemy/actor/lib/test/auto/array2.xml
6 ms. Memory: 1329152K Free: 350285K (26%)
----------------- Invoking toplevel() on ptolemy.moml.MoMLSimpleApplication@2f7e6f16
----------------- Done invoking toplevel() on ptolemy.moml.MoMLSimpleApplication@2f7e6f16
reloadAllAccessors: .array2

===========================================================================================
----------------- testing Fri Jun 08 14:22:48 UTC 2018 /home/travis/build/icyphy/ptII/ptolemy/actor/lib/test/auto/arrayType.xml
----------------- Instantiating /home/travis/build/icyphy/ptII/ptolemy/actor/lib/test/auto/arrayType.xml
2 ms. Memory: 1329152K Free: 330031K (25%)
----------------- Invoking toplevel() on ptolemy.moml.MoMLSimpleApplication@2eee9b42
----------------- Done invoking toplevel() on ptolemy.moml.MoMLSimpleApplication@2eee9b42
reloadAllAccessors: .arrayType

===========================================================================================
----------------- testing Fri Jun 08 14:22:48 UTC 2018 /home/travis/build/icyphy/ptII/ptolemy/actor/lib/test/auto/arrayType10.xml
----------------- Instantiating /home/travis/build/icyphy/ptII/ptolemy/actor/lib/test/auto/arrayType10.xml
1 ms. Memory: 1329152K Free: 313852K (24%)
----------------- Invoking toplevel() on ptolemy.moml.MoMLSimpleApplication@74818620
----------------- Done invoking toplevel() on ptolemy.moml.MoMLSimpleApplication@74818620
reloadAllAccessors: .arrayType10

===========================================================================================
----------------- testing Fri Jun 08 14:22:48 UTC 2018 /home/travis/build/icyphy/ptII/ptolemy/actor/lib/test/auto/arrayType11.xml
----------------- Instantiating /home/travis/build/icyphy/ptII/ptolemy/actor/lib/test/auto/arrayType11.xml
1 ms. Memory: 1329152K Free: 293598K (22%)
----------------- Invoking toplevel() on ptolemy.moml.MoMLSimpleApplication@39c7cdf3
----------------- Done invoking toplevel() on ptolemy.moml.MoMLSimpleApplication@39c7cdf3
reloadAllAccessors: .arrayType11

===========================================================================================
----------------- testing Fri Jun 08 14:22:48 UTC 2018 /home/travis/build/icyphy/ptII/ptolemy/actor/lib/test/auto/arrayType12.xml
----------------- Instantiating /home/travis/build/icyphy/ptII/ptolemy/actor/lib/test/auto/arrayType12.xml
1 ms. Memory: 1329152K Free: 273344K (21%)
----------------- Invoking toplevel() on ptolemy.moml.MoMLSimpleApplication@2d05de69
----------------- Done invoking toplevel() on ptolemy.moml.MoMLSimpleApplication@2d05de69
reloadAllAccessors: .arrayType12

===========================================================================================
----------------- testing Fri Jun 08 14:22:48 UTC 2018 /home/travis/build/icyphy/ptII/ptolemy/actor/lib/test/auto/arrayType13.xml
----------------- Instantiating /home/travis/build/icyphy/ptII/ptolemy/actor/lib/test/auto/arrayType13.xml
1 ms. Memory: 1329152K Free: 257165K (19%)
----------------- Invoking toplevel() on ptolemy.moml.MoMLSimpleApplication@4089529f
----------------- Done invoking toplevel() on ptolemy.moml.MoMLSimpleApplication@4089529f
reloadAllAccessors: .arrayType13

===========================================================================================
----------------- testing Fri Jun 08 14:22:48 UTC 2018 /home/travis/build/icyphy/ptII/ptolemy/actor/lib/test/auto/arrayType14.xml
----------------- Instantiating /home/travis/build/icyphy/ptII/ptolemy/actor/lib/test/auto/arrayType14.xml
1 ms. Memory: 1329152K Free: 236911K (18%)
----------------- Invoking toplevel() on ptolemy.moml.MoMLSimpleApplication@68eb2de8
----------------- Done invoking toplevel() on ptolemy.moml.MoMLSimpleApplication@68eb2de8
reloadAllAccessors: .arrayType14

===========================================================================================
----------------- testing Fri Jun 08 14:22:48 UTC 2018 /home/travis/build/icyphy/ptII/ptolemy/actor/lib/test/auto/arrayType15.xml
----------------- Instantiating /home/travis/build/icyphy/ptII/ptolemy/actor/lib/test/auto/arrayType15.xml
1 ms. Memory: 1329152K Free: 216657K (16%)
----------------- Invoking toplevel() on ptolemy.moml.MoMLSimpleApplication@4567479b
----------------- Done invoking toplevel() on ptolemy.moml.MoMLSimpleApplication@4567479b
reloadAllAccessors: .arrayType15

===========================================================================================
----------------- testing Fri Jun 08 14:22:48 UTC 2018 /home/travis/build/icyphy/ptII/ptolemy/actor/lib/test/auto/arrayType16.xml
----------------- Instantiating /home/travis/build/icyphy/ptII/ptolemy/actor/lib/test/auto/arrayType16.xml
1 ms. Memory: 1329152K Free: 200478K (15%)
----------------- Invoking toplevel() on ptolemy.moml.MoMLSimpleApplication@dbd44b7
----------------- Done invoking toplevel() on ptolemy.moml.MoMLSimpleApplication@dbd44b7
reloadAllAccessors: .arrayType16

===========================================================================================
----------------- testing Fri Jun 08 14:22:48 UTC 2018 /home/travis/build/icyphy/ptII/ptolemy/actor/lib/test/auto/arrayType17.xml
----------------- Instantiating /home/travis/build/icyphy/ptII/ptolemy/actor/lib/test/auto/arrayType17.xml
1 ms. Memory: 1329152K Free: 180224K (14%)
----------------- Invoking toplevel() on ptolemy.moml.MoMLSimpleApplication@401ff0dc
----------------- Done invoking toplevel() on ptolemy.moml.MoMLSimpleApplication@401ff0dc
reloadAllAccessors: .arrayType17

===========================================================================================
----------------- testing Fri Jun 08 14:22:48 UTC 2018 /home/travis/build/icyphy/ptII/ptolemy/actor/lib/test/auto/arrayType18.xml
----------------- Instantiating /home/travis/build/icyphy/ptII/ptolemy/actor/lib/test/auto/arrayType18.xml
1 ms. Memory: 1329152K Free: 164045K (12%)
----------------- Invoking toplevel() on ptolemy.moml.MoMLSimpleApplication@1e14bf5
----------------- Done invoking toplevel() on ptolemy.moml.MoMLSimpleApplication@1e14bf5
reloadAllAccessors: .arrayType18

===========================================================================================
----------------- testing Fri Jun 08 14:22:48 UTC 2018 /home/travis/build/icyphy/ptII/ptolemy/actor/lib/test/auto/arrayType19.xml
----------------- Instantiating /home/travis/build/icyphy/ptII/ptolemy/actor/lib/test/auto/arrayType19.xml
1 ms. Memory: 1329152K Free: 143791K (11%)
----------------- Invoking toplevel() on ptolemy.moml.MoMLSimpleApplication@38fc75f9
----------------- Done invoking toplevel() on ptolemy.moml.MoMLSimpleApplication@38fc75f9
reloadAllAccessors: .arrayType19

===========================================================================================
----------------- testing Fri Jun 08 14:22:48 UTC 2018 /home/travis/build/icyphy/ptII/ptolemy/actor/lib/test/auto/arrayType2.xml
----------------- Instantiating /home/travis/build/icyphy/ptII/ptolemy/actor/lib/test/auto/arrayType2.xml
2 ms. Memory: 1329152K Free: 123537K (9%)
----------------- Invoking toplevel() on ptolemy.moml.MoMLSimpleApplication@4f7ab8a8
----------------- Done invoking toplevel() on ptolemy.moml.MoMLSimpleApplication@4f7ab8a8
reloadAllAccessors: .arrayType2

===========================================================================================
----------------- testing Fri Jun 08 14:22:48 UTC 2018 /home/travis/build/icyphy/ptII/ptolemy/actor/lib/test/auto/arrayType20.xml
----------------- Instantiating /home/travis/build/icyphy/ptII/ptolemy/actor/lib/test/auto/arrayType20.xml
2 ms. Memory: 1329152K Free: 107358K (8%)
----------------- Invoking toplevel() on ptolemy.moml.MoMLSimpleApplication@ebd1420
----------------- Done invoking toplevel() on ptolemy.moml.MoMLSimpleApplication@ebd1420
reloadAllAccessors: .arrayType20

===========================================================================================
----------------- testing Fri Jun 08 14:22:48 UTC 2018 /home/travis/build/icyphy/ptII/ptolemy/actor/lib/test/auto/arrayType21.xml
----------------- Instantiating /home/travis/build/icyphy/ptII/ptolemy/actor/lib/test/auto/arrayType21.xml
2 ms. Memory: 1329152K Free: 87104K (7%)
----------------- Invoking toplevel() on ptolemy.moml.MoMLSimpleApplication@3db93ff1
----------------- Done invoking toplevel() on ptolemy.moml.MoMLSimpleApplication@3db93ff1
reloadAllAccessors: .arrayType21

===========================================================================================
----------------- testing Fri Jun 08 14:22:48 UTC 2018 /home/travis/build/icyphy/ptII/ptolemy/actor/lib/test/auto/arrayType22.xml
----------------- Instantiating /home/travis/build/icyphy/ptII/ptolemy/actor/lib/test/auto/arrayType22.xml
21 ms. Memory: 1377280K Free: 1329005K (96%)
----------------- Invoking toplevel() on ptolemy.moml.MoMLSimpleApplication@75f7deb7
----------------- Done invoking toplevel() on ptolemy.moml.MoMLSimpleApplication@75f7deb7
reloadAllAccessors: .arrayType22

===========================================================================================
----------------- testing Fri Jun 08 14:22:48 UTC 2018 /home/travis/build/icyphy/ptII/ptolemy/actor/lib/test/auto/arrayType23.xml
----------------- Instantiating /home/travis/build/icyphy/ptII/ptolemy/actor/lib/test/auto/arrayType23.xml
5 ms. Memory: 1377280K Free: 1302845K (95%)
----------------- Invoking toplevel() on ptolemy.moml.MoMLSimpleApplication@2c0f062b
----------------- Done invoking toplevel() on ptolemy.moml.MoMLSimpleApplication@2c0f062b
reloadAllAccessors: .arrayType23

===========================================================================================
----------------- testing Fri Jun 08 14:22:48 UTC 2018 /home/travis/build/icyphy/ptII/ptolemy/actor/lib/test/auto/arrayType24.xml
----------------- Instantiating /home/travis/build/icyphy/ptII/ptolemy/actor/lib/test/auto/arrayType24.xml
1 ms. Memory: 1377280K Free: 1286278K (93%)
----------------- Invoking toplevel() on ptolemy.moml.MoMLSimpleApplication@5626a1ab
----------------- Done invoking toplevel() on ptolemy.moml.MoMLSimpleApplication@5626a1ab
reloadAllAccessors: .arrayType24

===========================================================================================
----------------- testing Fri Jun 08 14:22:48 UTC 2018 /home/travis/build/icyphy/ptII/ptolemy/actor/lib/test/auto/arrayType25.xml
----------------- Instantiating /home/travis/build/icyphy/ptII/ptolemy/actor/lib/test/auto/arrayType25.xml
2 ms. Memory: 1377280K Free: 1273586K (92%)
----------------- Invoking toplevel() on ptolemy.moml.MoMLSimpleApplication@2f0374b1
----------------- Done invoking toplevel() on ptolemy.moml.MoMLSimpleApplication@2f0374b1
reloadAllAccessors: .arrayType25

===========================================================================================
----------------- testing Fri Jun 08 14:22:48 UTC 2018 /home/travis/build/icyphy/ptII/ptolemy/actor/lib/test/auto/arrayType26.xml
----------------- Instantiating /home/travis/build/icyphy/ptII/ptolemy/actor/lib/test/auto/arrayType26.xml
1 ms. Memory: 1377280K Free: 1257019K (91%)
----------------- Invoking toplevel() on ptolemy.moml.MoMLSimpleApplication@4051e286
----------------- Done invoking toplevel() on ptolemy.moml.MoMLSimpleApplication@4051e286
reloadAllAccessors: .arrayType26

===========================================================================================
----------------- testing Fri Jun 08 14:22:48 UTC 2018 /home/travis/build/icyphy/ptII/ptolemy/actor/lib/test/auto/arrayType27.xml
----------------- Instantiating /home/travis/build/icyphy/ptII/ptolemy/actor/lib/test/auto/arrayType27.xml
2 ms. Memory: 1377280K Free: 1240453K (90%)
----------------- Invoking toplevel() on ptolemy.moml.MoMLSimpleApplication@50666c8d
----------------- Done invoking toplevel() on ptolemy.moml.MoMLSimpleApplication@50666c8d
reloadAllAccessors: .arrayType27

===========================================================================================
----------------- testing Fri Jun 08 14:22:48 UTC 2018 /home/travis/build/icyphy/ptII/ptolemy/actor/lib/test/auto/arrayType28.xml
----------------- Instantiating /home/travis/build/icyphy/ptII/ptolemy/actor/lib/test/auto/arrayType28.xml
1 ms. Memory: 1377280K Free: 1227760K (89%)
----------------- Invoking toplevel() on ptolemy.moml.MoMLSimpleApplication@3655c562
----------------- Done invoking toplevel() on ptolemy.moml.MoMLSimpleApplication@3655c562
reloadAllAccessors: .arrayType28

===========================================================================================
----------------- testing Fri Jun 08 14:22:48 UTC 2018 /home/travis/build/icyphy/ptII/ptolemy/actor/lib/test/auto/arrayType3.xml
----------------- Instantiating /home/travis/build/icyphy/ptII/ptolemy/actor/lib/test/auto/arrayType3.xml
1 ms. Memory: 1377280K Free: 1211185K (88%)
----------------- Invoking toplevel() on ptolemy.moml.MoMLSimpleApplication@78da9db9
----------------- Done invoking toplevel() on ptolemy.moml.MoMLSimpleApplication@78da9db9
reloadAllAccessors: .arrayType3

===========================================================================================
----------------- testing Fri Jun 08 14:22:48 UTC 2018 /home/travis/build/icyphy/ptII/ptolemy/actor/lib/test/auto/arrayType4.xml
----------------- Instantiating /home/travis/build/icyphy/ptII/ptolemy/actor/lib/test/auto/arrayType4.xml
1 ms. Memory: 1377280K Free: 1194618K (87%)
----------------- Invoking toplevel() on ptolemy.moml.MoMLSimpleApplication@64dab960
----------------- Done invoking toplevel() on ptolemy.moml.MoMLSimpleApplication@64dab960
reloadAllAccessors: .arrayType4

===========================================================================================
----------------- testing Fri Jun 08 14:22:48 UTC 2018 /home/travis/build/icyphy/ptII/ptolemy/actor/lib/test/auto/arrayType5.xml
----------------- Instantiating /home/travis/build/icyphy/ptII/ptolemy/actor/lib/test/auto/arrayType5.xml
1 ms. Memory: 1377280K Free: 1181925K (86%)
----------------- Invoking toplevel() on ptolemy.moml.MoMLSimpleApplication@42fb2b58
----------------- Done invoking toplevel() on ptolemy.moml.MoMLSimpleApplication@42fb2b58
reloadAllAccessors: .arrayType5

===========================================================================================
----------------- testing Fri Jun 08 14:22:48 UTC 2018 /home/travis/build/icyphy/ptII/ptolemy/actor/lib/test/auto/arrayType6.xml
----------------- Instantiating /home/travis/build/icyphy/ptII/ptolemy/actor/lib/test/auto/arrayType6.xml
1 ms. Memory: 1377280K Free: 1165359K (85%)
----------------- Invoking toplevel() on ptolemy.moml.MoMLSimpleApplication@6cf37d90
----------------- Done invoking toplevel() on ptolemy.moml.MoMLSimpleApplication@6cf37d90
reloadAllAccessors: .arrayType6

===========================================================================================
----------------- testing Fri Jun 08 14:22:48 UTC 2018 /home/travis/build/icyphy/ptII/ptolemy/actor/lib/test/auto/arrayType7.xml
----------------- Instantiating /home/travis/build/icyphy/ptII/ptolemy/actor/lib/test/auto/arrayType7.xml
1 ms. Memory: 1377280K Free: 1148792K (83%)
----------------- Invoking toplevel() on ptolemy.moml.MoMLSimpleApplication@6170675b
----------------- Done invoking toplevel() on ptolemy.moml.MoMLSimpleApplication@6170675b
reloadAllAccessors: .arrayType7

===========================================================================================
----------------- testing Fri Jun 08 14:22:48 UTC 2018 /home/travis/build/icyphy/ptII/ptolemy/actor/lib/test/auto/arrayType8.xml
----------------- Instantiating /home/travis/build/icyphy/ptII/ptolemy/actor/lib/test/auto/arrayType8.xml
1 ms. Memory: 1377280K Free: 1136099K (82%)
----------------- Invoking toplevel() on ptolemy.moml.MoMLSimpleApplication@73e03215
----------------- Done invoking toplevel() on ptolemy.moml.MoMLSimpleApplication@73e03215
reloadAllAccessors: .arrayType8

===========================================================================================
----------------- testing Fri Jun 08 14:22:48 UTC 2018 /home/travis/build/icyphy/ptII/ptolemy/actor/lib/test/auto/arrayType9.xml
----------------- Instantiating /home/travis/build/icyphy/ptII/ptolemy/actor/lib/test/auto/arrayType9.xml
1 ms. Memory: 1377280K Free: 1119532K (81%)
----------------- Invoking toplevel() on ptolemy.moml.MoMLSimpleApplication@6e814300
----------------- Done invoking toplevel() on ptolemy.moml.MoMLSimpleApplication@6e814300
reloadAllAccessors: .arrayType9

===========================================================================================
----------------- testing Fri Jun 08 14:22:48 UTC 2018 /home/travis/build/icyphy/ptII/ptolemy/actor/lib/test/auto/cast.xml
----------------- Instantiating /home/travis/build/icyphy/ptII/ptolemy/actor/lib/test/auto/cast.xml
1 ms. Memory: 1377280K Free: 1102965K (80%)
----------------- Invoking toplevel() on ptolemy.moml.MoMLSimpleApplication@1db3e44d
----------------- Done invoking toplevel() on ptolemy.moml.MoMLSimpleApplication@1db3e44d
reloadAllAccessors: .cast

===========================================================================================
----------------- testing Fri Jun 08 14:22:48 UTC 2018 /home/travis/build/icyphy/ptII/ptolemy/actor/lib/test/auto/compositeMultiPort.xml
----------------- Instantiating /home/travis/build/icyphy/ptII/ptolemy/actor/lib/test/auto/compositeMultiPort.xml
3 ms. Memory: 1377280K Free: 1090273K (79%)
----------------- Invoking toplevel() on ptolemy.moml.MoMLSimpleApplication@12776ceb
----------------- Done invoking toplevel() on ptolemy.moml.MoMLSimpleApplication@12776ceb
reloadAllAccessors: .compositeMultiPort

===========================================================================================
----------------- testing Fri Jun 08 14:22:48 UTC 2018 /home/travis/build/icyphy/ptII/ptolemy/actor/lib/test/auto/expressionCastInference.xml
----------------- Instantiating /home/travis/build/icyphy/ptII/ptolemy/actor/lib/test/auto/expressionCastInference.xml
2 ms. Memory: 1377280K Free: 1073706K (78%)
----------------- Invoking toplevel() on ptolemy.moml.MoMLSimpleApplication@4935ba3d
----------------- Done invoking toplevel() on ptolemy.moml.MoMLSimpleApplication@4935ba3d
reloadAllAccessors: .expressionCastInference

===========================================================================================
----------------- testing Fri Jun 08 14:22:48 UTC 2018 /home/travis/build/icyphy/ptII/ptolemy/actor/lib/test/auto/expressionCastInference2.xml
----------------- Instantiating /home/travis/build/icyphy/ptII/ptolemy/actor/lib/test/auto/expressionCastInference2.xml
1 ms. Memory: 1377280K Free: 1057139K (77%)
----------------- Invoking toplevel() on ptolemy.moml.MoMLSimpleApplication@31eebf7e
----------------- Done invoking toplevel() on ptolemy.moml.MoMLSimpleApplication@31eebf7e
reloadAllAccessors: .expressionCastInference2

===========================================================================================
----------------- testing Fri Jun 08 14:22:48 UTC 2018 /home/travis/build/icyphy/ptII/ptolemy/actor/lib/test/auto/expressionInference.xml
----------------- Instantiating /home/travis/build/icyphy/ptII/ptolemy/actor/lib/test/auto/expressionInference.xml
1 ms. Memory: 1377280K Free: 1044447K (76%)
----------------- Invoking toplevel() on ptolemy.moml.MoMLSimpleApplication@19bc42d8
----------------- Done invoking toplevel() on ptolemy.moml.MoMLSimpleApplication@19bc42d8
reloadAllAccessors: .expressionInference

===========================================================================================
----------------- testing Fri Jun 08 14:22:48 UTC 2018 /home/travis/build/icyphy/ptII/ptolemy/actor/lib/test/auto/expression_bug.xml
----------------- Instantiating /home/travis/build/icyphy/ptII/ptolemy/actor/lib/test/auto/expression_bug.xml
1 ms. Memory: 1377280K Free: 1027880K (75%)
----------------- Invoking toplevel() on ptolemy.moml.MoMLSimpleApplication@26b2c6b9
----------------- Done invoking toplevel() on ptolemy.moml.MoMLSimpleApplication@26b2c6b9
reloadAllAccessors: .expression_bug

===========================================================================================
----------------- testing Fri Jun 08 14:22:48 UTC 2018 /home/travis/build/icyphy/ptII/ptolemy/actor/lib/test/auto/factorial.xml
----------------- Instantiating /home/travis/build/icyphy/ptII/ptolemy/actor/lib/test/auto/factorial.xml
31 ms. Memory: 1377280K Free: 1011313K (73%)
----------------- Invoking toplevel() on ptolemy.moml.MoMLSimpleApplication@725ef90
----------------- Done invoking toplevel() on ptolemy.moml.MoMLSimpleApplication@725ef90
reloadAllAccessors: .factorial

===========================================================================================
----------------- testing Fri Jun 08 14:22:48 UTC 2018 /home/travis/build/icyphy/ptII/ptolemy/actor/lib/test/auto/filterTest1.xml
----------------- Instantiating /home/travis/build/icyphy/ptII/ptolemy/actor/lib/test/auto/filterTest1.xml
2 ms. Memory: 1377280K Free: 998621K (73%)
----------------- Invoking toplevel() on ptolemy.moml.MoMLSimpleApplication@1690784c
----------------- Done invoking toplevel() on ptolemy.moml.MoMLSimpleApplication@1690784c
reloadAllAccessors: .filterTest1

===========================================================================================
----------------- testing Fri Jun 08 14:22:48 UTC 2018 /home/travis/build/icyphy/ptII/ptolemy/actor/lib/test/auto/funcApplyInConst.xml
----------------- Instantiating /home/travis/build/icyphy/ptII/ptolemy/actor/lib/test/auto/funcApplyInConst.xml
1 ms. Memory: 1377280K Free: 982054K (71%)
----------------- Invoking toplevel() on ptolemy.moml.MoMLSimpleApplication@664efad0
----------------- Done invoking toplevel() on ptolemy.moml.MoMLSimpleApplication@664efad0
reloadAllAccessors: .funcApplyInConst

===========================================================================================
----------------- testing Fri Jun 08 14:22:48 UTC 2018 /home/travis/build/icyphy/ptII/ptolemy/actor/lib/test/auto/funcApplyInExpr.xml
----------------- Instantiating /home/travis/build/icyphy/ptII/ptolemy/actor/lib/test/auto/funcApplyInExpr.xml
1 ms. Memory: 1377280K Free: 965487K (70%)
----------------- Invoking toplevel() on ptolemy.moml.MoMLSimpleApplication@2188da11
----------------- Done invoking toplevel() on ptolemy.moml.MoMLSimpleApplication@2188da11
reloadAllAccessors: .funcApplyInExpr

===========================================================================================
----------------- testing Fri Jun 08 14:22:48 UTC 2018 /home/travis/build/icyphy/ptII/ptolemy/actor/lib/test/auto/function.xml
----------------- Instantiating /home/travis/build/icyphy/ptII/ptolemy/actor/lib/test/auto/function.xml
2 ms. Memory: 1377280K Free: 952795K (69%)
----------------- Invoking toplevel() on ptolemy.moml.MoMLSimpleApplication@65593051
----------------- Done invoking toplevel() on ptolemy.moml.MoMLSimpleApplication@65593051
reloadAllAccessors: .function

===========================================================================================
----------------- testing Fri Jun 08 14:22:48 UTC 2018 /home/travis/build/icyphy/ptII/ptolemy/actor/lib/test/auto/function2.xml
----------------- Instantiating /home/travis/build/icyphy/ptII/ptolemy/actor/lib/test/auto/function2.xml
1 ms. Memory: 1377280K Free: 936228K (68%)
----------------- Invoking toplevel() on ptolemy.moml.MoMLSimpleApplication@3b6dc083
----------------- Done invoking toplevel() on ptolemy.moml.MoMLSimpleApplication@3b6dc083
reloadAllAccessors: .function2

===========================================================================================
----------------- testing Fri Jun 08 14:22:48 UTC 2018 /home/travis/build/icyphy/ptII/ptolemy/actor/lib/test/auto/function3.xml
----------------- Instantiating /home/travis/build/icyphy/ptII/ptolemy/actor/lib/test/auto/function3.xml
1 ms. Memory: 1377280K Free: 919661K (67%)
----------------- Invoking toplevel() on ptolemy.moml.MoMLSimpleApplication@574c280a
----------------- Done invoking toplevel() on ptolemy.moml.MoMLSimpleApplication@574c280a
reloadAllAccessors: .function3

===========================================================================================
----------------- testing Fri Jun 08 14:22:48 UTC 2018 /home/travis/build/icyphy/ptII/ptolemy/actor/lib/test/auto/functionClosureTest1.xml
----------------- Instantiating /home/travis/build/icyphy/ptII/ptolemy/actor/lib/test/auto/functionClosureTest1.xml
1 ms. Memory: 1377280K Free: 906969K (66%)
----------------- Invoking toplevel() on ptolemy.moml.MoMLSimpleApplication@3cd241a4
----------------- Done invoking toplevel() on ptolemy.moml.MoMLSimpleApplication@3cd241a4
reloadAllAccessors: .functionClosureTest1

===========================================================================================
----------------- testing Fri Jun 08 14:22:48 UTC 2018 /home/travis/build/icyphy/ptII/ptolemy/actor/lib/test/auto/functionClosureTest2.xml
----------------- Instantiating /home/travis/build/icyphy/ptII/ptolemy/actor/lib/test/auto/functionClosureTest2.xml
1 ms. Memory: 1377280K Free: 890402K (65%)
----------------- Invoking toplevel() on ptolemy.moml.MoMLSimpleApplication@18c3dda4
----------------- Done invoking toplevel() on ptolemy.moml.MoMLSimpleApplication@18c3dda4
reloadAllAccessors: .functionClosureTest2

===========================================================================================
----------------- testing Fri Jun 08 14:22:48 UTC 2018 /home/travis/build/icyphy/ptII/ptolemy/actor/lib/test/auto/functionClosureTest3.xml
----------------- Instantiating /home/travis/build/icyphy/ptII/ptolemy/actor/lib/test/auto/functionClosureTest3.xml
1 ms. Memory: 1377280K Free: 873835K (63%)
----------------- Invoking toplevel() on ptolemy.moml.MoMLSimpleApplication@5fc4d9d
----------------- Done invoking toplevel() on ptolemy.moml.MoMLSimpleApplication@5fc4d9d
reloadAllAccessors: .functionClosureTest3

===========================================================================================
----------------- testing Fri Jun 08 14:22:48 UTC 2018 /home/travis/build/icyphy/ptII/ptolemy/actor/lib/test/auto/functionClosureTest4.xml
----------------- Instantiating /home/travis/build/icyphy/ptII/ptolemy/actor/lib/test/auto/functionClosureTest4.xml
2 ms. Memory: 1377280K Free: 861143K (63%)
----------------- Invoking toplevel() on ptolemy.moml.MoMLSimpleApplication@7edade58
----------------- Done invoking toplevel() on ptolemy.moml.MoMLSimpleApplication@7edade58
reloadAllAccessors: .functionClosureTest4

===========================================================================================
----------------- testing Fri Jun 08 14:22:48 UTC 2018 /home/travis/build/icyphy/ptII/ptolemy/actor/lib/test/auto/functionClosureTest5.xml
----------------- Instantiating /home/travis/build/icyphy/ptII/ptolemy/actor/lib/test/auto/functionClosureTest5.xml
3 ms. Memory: 1377280K Free: 844576K (61%)
----------------- Invoking toplevel() on ptolemy.moml.MoMLSimpleApplication@7497c6e9
----------------- Done invoking toplevel() on ptolemy.moml.MoMLSimpleApplication@7497c6e9
reloadAllAccessors: .functionClosureTest5

===========================================================================================
----------------- testing Fri Jun 08 14:22:48 UTC 2018 /home/travis/build/icyphy/ptII/ptolemy/actor/lib/test/auto/functionClosureTest6.xml
----------------- Instantiating /home/travis/build/icyphy/ptII/ptolemy/actor/lib/test/auto/functionClosureTest6.xml
1 ms. Memory: 1377280K Free: 828009K (60%)
----------------- Invoking toplevel() on ptolemy.moml.MoMLSimpleApplication@7c430f18
----------------- Done invoking toplevel() on ptolemy.moml.MoMLSimpleApplication@7c430f18
reloadAllAccessors: .functionClosureTest6

===========================================================================================
----------------- testing Fri Jun 08 14:22:48 UTC 2018 /home/travis/build/icyphy/ptII/ptolemy/actor/lib/test/auto/functionsOnArcs.xml
----------------- Instantiating /home/travis/build/icyphy/ptII/ptolemy/actor/lib/test/auto/functionsOnArcs.xml
2 ms. Memory: 1377280K Free: 815316K (59%)
----------------- Invoking toplevel() on ptolemy.moml.MoMLSimpleApplication@69b219d5
----------------- Done invoking toplevel() on ptolemy.moml.MoMLSimpleApplication@69b219d5
reloadAllAccessors: .functionsOnArcs

===========================================================================================
----------------- testing Fri Jun 08 14:22:48 UTC 2018 /home/travis/build/icyphy/ptII/ptolemy/actor/lib/test/auto/functionsOnArcsHOF.xml
----------------- Instantiating /home/travis/build/icyphy/ptII/ptolemy/actor/lib/test/auto/functionsOnArcsHOF.xml
2 ms. Memory: 1377280K Free: 798749K (58%)
----------------- Invoking toplevel() on ptolemy.moml.MoMLSimpleApplication@471f8a05
----------------- Done invoking toplevel() on ptolemy.moml.MoMLSimpleApplication@471f8a05
reloadAllAccessors: .functionsOnArcsHOF

===========================================================================================
----------------- testing Fri Jun 08 14:22:48 UTC 2018 /home/travis/build/icyphy/ptII/ptolemy/actor/lib/test/auto/logic.xml
----------------- Instantiating /home/travis/build/icyphy/ptII/ptolemy/actor/lib/test/auto/logic.xml
1 ms. Memory: 1377280K Free: 782182K (57%)
----------------- Invoking toplevel() on ptolemy.moml.MoMLSimpleApplication@52f3f075
----------------- Done invoking toplevel() on ptolemy.moml.MoMLSimpleApplication@52f3f075
reloadAllAccessors: .logic

===========================================================================================
----------------- testing Fri Jun 08 14:22:48 UTC 2018 /home/travis/build/icyphy/ptII/ptolemy/actor/lib/test/auto/matrixType.xml
----------------- Instantiating /home/travis/build/icyphy/ptII/ptolemy/actor/lib/test/auto/matrixType.xml
1 ms. Memory: 1377280K Free: 769490K (56%)
----------------- Invoking toplevel() on ptolemy.moml.MoMLSimpleApplication@5871a6b3
----------------- Done invoking toplevel() on ptolemy.moml.MoMLSimpleApplication@5871a6b3
reloadAllAccessors: .matrixType

===========================================================================================
----------------- testing Fri Jun 08 14:22:48 UTC 2018 /home/travis/build/icyphy/ptII/ptolemy/actor/lib/test/auto/matrixType10.xml
----------------- Instantiating /home/travis/build/icyphy/ptII/ptolemy/actor/lib/test/auto/matrixType10.xml
1 ms. Memory: 1377280K Free: 752923K (55%)
----------------- Invoking toplevel() on ptolemy.moml.MoMLSimpleApplication@5dc37ff
----------------- Done invoking toplevel() on ptolemy.moml.MoMLSimpleApplication@5dc37ff
reloadAllAccessors: .matrixType10

===========================================================================================
----------------- testing Fri Jun 08 14:22:48 UTC 2018 /home/travis/build/icyphy/ptII/ptolemy/actor/lib/test/auto/matrixType11.xml
----------------- Instantiating /home/travis/build/icyphy/ptII/ptolemy/actor/lib/test/auto/matrixType11.xml
1 ms. Memory: 1377280K Free: 736356K (53%)
----------------- Invoking toplevel() on ptolemy.moml.MoMLSimpleApplication@38017886
----------------- Done invoking toplevel() on ptolemy.moml.MoMLSimpleApplication@38017886
reloadAllAccessors: .matrixType11

===========================================================================================
----------------- testing Fri Jun 08 14:22:48 UTC 2018 /home/travis/build/icyphy/ptII/ptolemy/actor/lib/test/auto/matrixType12.xml
----------------- Instantiating /home/travis/build/icyphy/ptII/ptolemy/actor/lib/test/auto/matrixType12.xml
1 ms. Memory: 1377280K Free: 723664K (53%)
----------------- Invoking toplevel() on ptolemy.moml.MoMLSimpleApplication@4984a
----------------- Done invoking toplevel() on ptolemy.moml.MoMLSimpleApplication@4984a
reloadAllAccessors: .matrixType12

===========================================================================================
----------------- testing Fri Jun 08 14:22:48 UTC 2018 /home/travis/build/icyphy/ptII/ptolemy/actor/lib/test/auto/matrixType13.xml
----------------- Instantiating /home/travis/build/icyphy/ptII/ptolemy/actor/lib/test/auto/matrixType13.xml
2 ms. Memory: 1377280K Free: 707097K (51%)
----------------- Invoking toplevel() on ptolemy.moml.MoMLSimpleApplication@5666626c
----------------- Done invoking toplevel() on ptolemy.moml.MoMLSimpleApplication@5666626c
reloadAllAccessors: .matrixType13

===========================================================================================
----------------- testing Fri Jun 08 14:22:48 UTC 2018 /home/travis/build/icyphy/ptII/ptolemy/actor/lib/test/auto/matrixType14.xml
----------------- Instantiating /home/travis/build/icyphy/ptII/ptolemy/actor/lib/test/auto/matrixType14.xml
1 ms. Memory: 1377280K Free: 690530K (50%)
----------------- Invoking toplevel() on ptolemy.moml.MoMLSimpleApplication@1b7451b7
----------------- Done invoking toplevel() on ptolemy.moml.MoMLSimpleApplication@1b7451b7
reloadAllAccessors: .matrixType14

===========================================================================================
----------------- testing Fri Jun 08 14:22:48 UTC 2018 /home/travis/build/icyphy/ptII/ptolemy/actor/lib/test/auto/matrixType2.xml
----------------- Instantiating /home/travis/build/icyphy/ptII/ptolemy/actor/lib/test/auto/matrixType2.xml
1 ms. Memory: 1377280K Free: 673964K (49%)
----------------- Invoking toplevel() on ptolemy.moml.MoMLSimpleApplication@1774d0f1
----------------- Done invoking toplevel() on ptolemy.moml.MoMLSimpleApplication@1774d0f1
reloadAllAccessors: .matrixType2

===========================================================================================
----------------- testing Fri Jun 08 14:22:48 UTC 2018 /home/travis/build/icyphy/ptII/ptolemy/actor/lib/test/auto/matrixType3.xml
----------------- Instantiating /home/travis/build/icyphy/ptII/ptolemy/actor/lib/test/auto/matrixType3.xml
1 ms. Memory: 1377280K Free: 661271K (48%)
----------------- Invoking toplevel() on ptolemy.moml.MoMLSimpleApplication@662d460c
----------------- Done invoking toplevel() on ptolemy.moml.MoMLSimpleApplication@662d460c
reloadAllAccessors: .matrixType3

===========================================================================================
----------------- testing Fri Jun 08 14:22:48 UTC 2018 /home/travis/build/icyphy/ptII/ptolemy/actor/lib/test/auto/matrixType4.xml
----------------- Instantiating /home/travis/build/icyphy/ptII/ptolemy/actor/lib/test/auto/matrixType4.xml
1 ms. Memory: 1377280K Free: 644704K (47%)
----------------- Invoking toplevel() on ptolemy.moml.MoMLSimpleApplication@4c07884b
----------------- Done invoking toplevel() on ptolemy.moml.MoMLSimpleApplication@4c07884b
reloadAllAccessors: .matrixType4

===========================================================================================
----------------- testing Fri Jun 08 14:22:48 UTC 2018 /home/travis/build/icyphy/ptII/ptolemy/actor/lib/test/auto/matrixType5.xml
----------------- Instantiating /home/travis/build/icyphy/ptII/ptolemy/actor/lib/test/auto/matrixType5.xml
1 ms. Memory: 1377280K Free: 628138K (46%)
----------------- Invoking toplevel() on ptolemy.moml.MoMLSimpleApplication@7081ab3
----------------- Done invoking toplevel() on ptolemy.moml.MoMLSimpleApplication@7081ab3
reloadAllAccessors: .matrixType5

===========================================================================================
----------------- testing Fri Jun 08 14:22:49 UTC 2018 /home/travis/build/icyphy/ptII/ptolemy/actor/lib/test/auto/matrixType6.xml
----------------- Instantiating /home/travis/build/icyphy/ptII/ptolemy/actor/lib/test/auto/matrixType6.xml
1 ms. Memory: 1377280K Free: 615445K (45%)
----------------- Invoking toplevel() on ptolemy.moml.MoMLSimpleApplication@5977c5e3
----------------- Done invoking toplevel() on ptolemy.moml.MoMLSimpleApplication@5977c5e3
reloadAllAccessors: .matrixType6

===========================================================================================
----------------- testing Fri Jun 08 14:22:49 UTC 2018 /home/travis/build/icyphy/ptII/ptolemy/actor/lib/test/auto/matrixType7.xml
----------------- Instantiating /home/travis/build/icyphy/ptII/ptolemy/actor/lib/test/auto/matrixType7.xml
1 ms. Memory: 1377280K Free: 598878K (43%)
----------------- Invoking toplevel() on ptolemy.moml.MoMLSimpleApplication@44fa9ce7
----------------- Done invoking toplevel() on ptolemy.moml.MoMLSimpleApplication@44fa9ce7
reloadAllAccessors: .matrixType7

===========================================================================================
----------------- testing Fri Jun 08 14:22:49 UTC 2018 /home/travis/build/icyphy/ptII/ptolemy/actor/lib/test/auto/matrixType8.xml
----------------- Instantiating /home/travis/build/icyphy/ptII/ptolemy/actor/lib/test/auto/matrixType8.xml
1 ms. Memory: 1377280K Free: 582312K (42%)
----------------- Invoking toplevel() on ptolemy.moml.MoMLSimpleApplication@63ff4c4a
----------------- Done invoking toplevel() on ptolemy.moml.MoMLSimpleApplication@63ff4c4a
reloadAllAccessors: .matrixType8

===========================================================================================
----------------- testing Fri Jun 08 14:22:49 UTC 2018 /home/travis/build/icyphy/ptII/ptolemy/actor/lib/test/auto/matrixType9.xml
----------------- Instantiating /home/travis/build/icyphy/ptII/ptolemy/actor/lib/test/auto/matrixType9.xml
1 ms. Memory: 1377280K Free: 569619K (41%)
----------------- Invoking toplevel() on ptolemy.moml.MoMLSimpleApplication@25f2d0b1
----------------- Done invoking toplevel() on ptolemy.moml.MoMLSimpleApplication@25f2d0b1
reloadAllAccessors: .matrixType9

===========================================================================================
----------------- testing Fri Jun 08 14:22:49 UTC 2018 /home/travis/build/icyphy/ptII/ptolemy/actor/lib/test/auto/paraFunctest.xml
----------------- Instantiating /home/travis/build/icyphy/ptII/ptolemy/actor/lib/test/auto/paraFunctest.xml
1 ms. Memory: 1377280K Free: 553053K (40%)
----------------- Invoking toplevel() on ptolemy.moml.MoMLSimpleApplication@6426b19c
----------------- Done invoking toplevel() on ptolemy.moml.MoMLSimpleApplication@6426b19c
reloadAllAccessors: .paraFunctest

===========================================================================================
----------------- testing Fri Jun 08 14:22:49 UTC 2018 /home/travis/build/icyphy/ptII/ptolemy/actor/lib/test/auto/paraFunctest2.xml
----------------- Instantiating /home/travis/build/icyphy/ptII/ptolemy/actor/lib/test/auto/paraFunctest2.xml
1 ms. Memory: 1377280K Free: 536486K (39%)
----------------- Invoking toplevel() on ptolemy.moml.MoMLSimpleApplication@5541869c
----------------- Done invoking toplevel() on ptolemy.moml.MoMLSimpleApplication@5541869c
reloadAllAccessors: .paraFunctest2

===========================================================================================
----------------- testing Fri Jun 08 14:22:49 UTC 2018 /home/travis/build/icyphy/ptII/ptolemy/actor/lib/test/auto/parameterPassing.xml
----------------- Instantiating /home/travis/build/icyphy/ptII/ptolemy/actor/lib/test/auto/parameterPassing.xml
1 ms. Memory: 1377280K Free: 523793K (38%)
----------------- Invoking toplevel() on ptolemy.moml.MoMLSimpleApplication@2385d7ae
----------------- Done invoking toplevel() on ptolemy.moml.MoMLSimpleApplication@2385d7ae
reloadAllAccessors: .parameterPassing

===========================================================================================
----------------- testing Fri Jun 08 14:22:49 UTC 2018 /home/travis/build/icyphy/ptII/ptolemy/actor/lib/test/auto/record.xml
----------------- Instantiating /home/travis/build/icyphy/ptII/ptolemy/actor/lib/test/auto/record.xml
2 ms. Memory: 1377280K Free: 507227K (37%)
----------------- Invoking toplevel() on ptolemy.moml.MoMLSimpleApplication@7671d808
----------------- Done invoking toplevel() on ptolemy.moml.MoMLSimpleApplication@7671d808
reloadAllAccessors: .record

===========================================================================================
----------------- testing Fri Jun 08 14:22:49 UTC 2018 /home/travis/build/icyphy/ptII/ptolemy/actor/lib/test/auto/sizedarray1.xml
----------------- Instantiating /home/travis/build/icyphy/ptII/ptolemy/actor/lib/test/auto/sizedarray1.xml
2 ms. Memory: 1377280K Free: 490660K (36%)
----------------- Invoking toplevel() on ptolemy.moml.MoMLSimpleApplication@77ce16d5
----------------- Done invoking toplevel() on ptolemy.moml.MoMLSimpleApplication@77ce16d5
reloadAllAccessors: .sizedarray1

===========================================================================================
----------------- testing Fri Jun 08 14:22:49 UTC 2018 /home/travis/build/icyphy/ptII/ptolemy/actor/lib/test/auto/sizedarray2.xml
----------------- Instantiating /home/travis/build/icyphy/ptII/ptolemy/actor/lib/test/auto/sizedarray2.xml
2 ms. Memory: 1377280K Free: 477968K (35%)
----------------- Invoking toplevel() on ptolemy.moml.MoMLSimpleApplication@6279b299
----------------- Done invoking toplevel() on ptolemy.moml.MoMLSimpleApplication@6279b299
reloadAllAccessors: .sizedarray2

===========================================================================================
----------------- testing Fri Jun 08 14:22:49 UTC 2018 /home/travis/build/icyphy/ptII/ptolemy/actor/lib/test/auto/twoPublishers.xml
----------------- Instantiating /home/travis/build/icyphy/ptII/ptolemy/actor/lib/test/auto/twoPublishers.xml
2 ms. Memory: 1377280K Free: 455039K (33%)
----------------- Invoking toplevel() on ptolemy.moml.MoMLSimpleApplication@f23a74b
----------------- Done invoking toplevel() on ptolemy.moml.MoMLSimpleApplication@f23a74b
reloadAllAccessors: .twoPublishers
AutoTests.java: About to close Vertx.
AutoTests.java: Vertx closed.
]]></system-out>
  <system-err><![CDATA[java.lang.RuntimeException: Execution failed
	at ptolemy.moml.MoMLSimpleApplication$UnloadThread.run(MoMLSimpleApplication.java:402)
Caused by: java.lang.RuntimeException: Normally, we would exit here because Manager.exitAfterWrapup() was called.  However, because the ptolemy.ptII.exitAfterWrapup property is set, we throw this exception instead.
	at ptolemy.util.StringUtilities.exit(StringUtilities.java:365)
	at ptolemy.actor.Manager.wrapup(Manager.java:1531)
	at ptolemy.actor.Manager.execute(Manager.java:407)
	at ptolemy.actor.Manager.run(Manager.java:1263)
	at ptolemy.actor.Manager$PtolemyRunThread.run(Manager.java:1915)
Warning: '.top.test' is in training mode, set the trainingMode parameter to false before checking in
Warning: '.top.test' is in training mode, set the trainingMode parameter to false before checking in
Warning: '.top.test' is in training mode, set the trainingMode parameter to false before checking in
Warning: '.BooleanSwitch_RegressionTest_WrongTrainingValues.Test' is in training mode, set the trainingMode parameter to false before checking in
Warning: '.BooleanSwitch_RegressionTest_WrongTrainingValues.Test2' is in training mode, set the trainingMode parameter to false before checking in
Warning: '.BooleanSwitch_RegressionTest_WrongTrainingValues.Test2' The test produced 0 tokens.
Warning: '.top.testExceptionHandler' is in training mode, set the trainingMode parameter to false before checking in
java.lang.RuntimeException: Execution failed
	at ptolemy.moml.MoMLSimpleApplication$UnloadThread.run(MoMLSimpleApplication.java:402)
Caused by: ptolemy.kernel.util.IllegalActionException: PublisherPorts cannot be used at the top level, use a Publisher actor instead.
  in .PublisherPortToplevelSubscriber.PublisherPort
	at ptolemy.actor.PublisherPort.preinitialize(PublisherPort.java:403)
	at ptolemy.actor.CompositeActor.preinitialize(CompositeActor.java:1769)
	at ptolemy.actor.Manager.preinitializeAndResolveTypes(Manager.java:1040)
	at ptolemy.actor.Manager.initialize(Manager.java:710)
	at ptolemy.actor.Manager.execute(Manager.java:356)
	at ptolemy.actor.Manager.run(Manager.java:1263)
	at ptolemy.actor.Manager$PtolemyRunThread.run(Manager.java:1915)
java.lang.reflect.InvocationTargetException
	at sun.reflect.NativeConstructorAccessorImpl.newInstance0(Native Method)
	at sun.reflect.NativeConstructorAccessorImpl.newInstance(NativeConstructorAccessorImpl.java:62)
	at sun.reflect.DelegatingConstructorAccessorImpl.newInstance(DelegatingConstructorAccessorImpl.java:45)
	at java.lang.reflect.Constructor.newInstance(Constructor.java:423)
	at ptolemy.util.test.junit.AutoKnownFailedTests.RunModel(AutoKnownFailedTests.java:107)
	at sun.reflect.NativeMethodAccessorImpl.invoke0(Native Method)
	at sun.reflect.NativeMethodAccessorImpl.invoke(NativeMethodAccessorImpl.java:62)
	at sun.reflect.DelegatingMethodAccessorImpl.invoke(DelegatingMethodAccessorImpl.java:43)
	at java.lang.reflect.Method.invoke(Method.java:498)
	at org.junit.runners.model.FrameworkMethod$1.runReflectiveCall(FrameworkMethod.java:44)
	at org.junit.internal.runners.model.ReflectiveCallable.run(ReflectiveCallable.java:15)
	at org.junit.runners.model.FrameworkMethod.invokeExplosively(FrameworkMethod.java:41)
	at junitparams.internal.InvokeParameterisedMethod.evaluate(InvokeParameterisedMethod.java:102)
	at org.junit.internal.runners.statements.FailOnTimeout$1.run(FailOnTimeout.java:28)
Caused by: ptolemy.kernel.util.IllegalActionException: PublisherPorts cannot be used at the top level, use a Publisher actor instead.
  in .PublisherPortToplevelSubscriber.PublisherPort
	at ptolemy.actor.PublisherPort.preinitialize(PublisherPort.java:403)
	at ptolemy.actor.CompositeActor.preinitialize(CompositeActor.java:1769)
	at ptolemy.actor.Manager.preinitializeAndResolveTypes(Manager.java:1040)
	at ptolemy.actor.Manager.initialize(Manager.java:710)
	at ptolemy.actor.Manager.execute(Manager.java:356)
	at ptolemy.actor.Manager.run(Manager.java:1263)
	at ptolemy.actor.Manager$PtolemyRunThread.run(Manager.java:1915)
java.lang.RuntimeException: Execution failed
	at ptolemy.moml.MoMLSimpleApplication$UnloadThread.run(MoMLSimpleApplication.java:402)
Caused by: ptolemy.kernel.util.IllegalActionException: SubscriberPorts cannot be used at the top level, use a Subscriber actor instead.
  in .PublisherSubscriberPortToplevel.SubscriberPort
	at ptolemy.actor.SubscriberPort.preinitialize(SubscriberPort.java:328)
	at ptolemy.actor.CompositeActor.preinitialize(CompositeActor.java:1769)
	at ptolemy.actor.Manager.preinitializeAndResolveTypes(Manager.java:1040)
	at ptolemy.actor.Manager.initialize(Manager.java:710)
	at ptolemy.actor.Manager.execute(Manager.java:356)
	at ptolemy.actor.Manager.run(Manager.java:1263)
	at ptolemy.actor.Manager$PtolemyRunThread.run(Manager.java:1915)
java.lang.reflect.InvocationTargetException
	at sun.reflect.NativeConstructorAccessorImpl.newInstance0(Native Method)
	at sun.reflect.NativeConstructorAccessorImpl.newInstance(NativeConstructorAccessorImpl.java:62)
	at sun.reflect.DelegatingConstructorAccessorImpl.newInstance(DelegatingConstructorAccessorImpl.java:45)
	at java.lang.reflect.Constructor.newInstance(Constructor.java:423)
	at ptolemy.util.test.junit.AutoKnownFailedTests.RunModel(AutoKnownFailedTests.java:107)
	at sun.reflect.NativeMethodAccessorImpl.invoke0(Native Method)
	at sun.reflect.NativeMethodAccessorImpl.invoke(NativeMethodAccessorImpl.java:62)
	at sun.reflect.DelegatingMethodAccessorImpl.invoke(DelegatingMethodAccessorImpl.java:43)
	at java.lang.reflect.Method.invoke(Method.java:498)
	at org.junit.runners.model.FrameworkMethod$1.runReflectiveCall(FrameworkMethod.java:44)
	at org.junit.internal.runners.model.ReflectiveCallable.run(ReflectiveCallable.java:15)
	at org.junit.runners.model.FrameworkMethod.invokeExplosively(FrameworkMethod.java:41)
	at junitparams.internal.InvokeParameterisedMethod.evaluate(InvokeParameterisedMethod.java:102)
	at org.junit.internal.runners.statements.FailOnTimeout$1.run(FailOnTimeout.java:28)
Caused by: ptolemy.kernel.util.IllegalActionException: SubscriberPorts cannot be used at the top level, use a Subscriber actor instead.
  in .PublisherSubscriberPortToplevel.SubscriberPort
	at ptolemy.actor.SubscriberPort.preinitialize(SubscriberPort.java:328)
	at ptolemy.actor.CompositeActor.preinitialize(CompositeActor.java:1769)
	at ptolemy.actor.Manager.preinitializeAndResolveTypes(Manager.java:1040)
	at ptolemy.actor.Manager.initialize(Manager.java:710)
	at ptolemy.actor.Manager.execute(Manager.java:356)
	at ptolemy.actor.Manager.run(Manager.java:1263)
	at ptolemy.actor.Manager$PtolemyRunThread.run(Manager.java:1915)
java.lang.RuntimeException: Execution failed
	at ptolemy.moml.MoMLSimpleApplication$UnloadThread.run(MoMLSimpleApplication.java:402)
Caused by: ptolemy.kernel.util.IllegalActionException: SubscriptionAggregatorPorts cannot be used at the top level, use a SubscriptionAggregator actor instead.
  in .PublisherSubscriptionAggregatorPort.SubscriptionAggregatorPort
	at ptolemy.actor.SubscriptionAggregatorPort.preinitialize(SubscriptionAggregatorPort.java:353)
	at ptolemy.actor.CompositeActor.preinitialize(CompositeActor.java:1769)
	at ptolemy.actor.Manager.preinitializeAndResolveTypes(Manager.java:1040)
	at ptolemy.actor.Manager.initialize(Manager.java:710)
	at ptolemy.actor.Manager.execute(Manager.java:356)
	at ptolemy.actor.Manager.run(Manager.java:1263)
	at ptolemy.actor.Manager$PtolemyRunThread.run(Manager.java:1915)
java.lang.reflect.InvocationTargetException
	at sun.reflect.NativeConstructorAccessorImpl.newInstance0(Native Method)
	at sun.reflect.NativeConstructorAccessorImpl.newInstance(NativeConstructorAccessorImpl.java:62)
	at sun.reflect.DelegatingConstructorAccessorImpl.newInstance(DelegatingConstructorAccessorImpl.java:45)
	at java.lang.reflect.Constructor.newInstance(Constructor.java:423)
	at ptolemy.util.test.junit.AutoKnownFailedTests.RunModel(AutoKnownFailedTests.java:107)
	at sun.reflect.NativeMethodAccessorImpl.invoke0(Native Method)
	at sun.reflect.NativeMethodAccessorImpl.invoke(NativeMethodAccessorImpl.java:62)
	at sun.reflect.DelegatingMethodAccessorImpl.invoke(DelegatingMethodAccessorImpl.java:43)
	at java.lang.reflect.Method.invoke(Method.java:498)
	at org.junit.runners.model.FrameworkMethod$1.runReflectiveCall(FrameworkMethod.java:44)
	at org.junit.internal.runners.model.ReflectiveCallable.run(ReflectiveCallable.java:15)
	at org.junit.runners.model.FrameworkMethod.invokeExplosively(FrameworkMethod.java:41)
	at junitparams.internal.InvokeParameterisedMethod.evaluate(InvokeParameterisedMethod.java:102)
	at org.junit.internal.runners.statements.FailOnTimeout$1.run(FailOnTimeout.java:28)
Caused by: ptolemy.kernel.util.IllegalActionException: SubscriptionAggregatorPorts cannot be used at the top level, use a SubscriptionAggregator actor instead.
  in .PublisherSubscriptionAggregatorPort.SubscriptionAggregatorPort
	at ptolemy.actor.SubscriptionAggregatorPort.preinitialize(SubscriptionAggregatorPort.java:353)
	at ptolemy.actor.CompositeActor.preinitialize(CompositeActor.java:1769)
	at ptolemy.actor.Manager.preinitializeAndResolveTypes(Manager.java:1040)
	at ptolemy.actor.Manager.initialize(Manager.java:710)
	at ptolemy.actor.Manager.execute(Manager.java:356)
	at ptolemy.actor.Manager.run(Manager.java:1263)
	at ptolemy.actor.Manager$PtolemyRunThread.run(Manager.java:1915)
java.lang.RuntimeException: Execution failed
	at ptolemy.moml.MoMLSimpleApplication$UnloadThread.run(MoMLSimpleApplication.java:402)
Caused by: ptolemy.kernel.util.IllegalActionException: TypeTest actor has no training data.
  in .sizedarray3.TypeTest
	at ptolemy.actor.lib.TypeTest.initialize(TypeTest.java:250)
	at ptolemy.actor.Director.initialize(Director.java:938)
	at ptolemy.actor.Director.initialize(Director.java:907)
	at ptolemy.actor.sched.StaticSchedulingDirector.initialize(StaticSchedulingDirector.java:159)
	at ptolemy.domains.sdf.kernel.SDFDirector.initialize(SDFDirector.java:544)
	at ptolemy.actor.CompositeActor.initialize(CompositeActor.java:935)
	at ptolemy.actor.Manager.initialize(Manager.java:724)
	at ptolemy.actor.Manager.execute(Manager.java:356)
	at ptolemy.actor.Manager.run(Manager.java:1263)
	at ptolemy.actor.Manager$PtolemyRunThread.run(Manager.java:1915)
java.lang.reflect.InvocationTargetException
	at sun.reflect.NativeConstructorAccessorImpl.newInstance0(Native Method)
	at sun.reflect.NativeConstructorAccessorImpl.newInstance(NativeConstructorAccessorImpl.java:62)
	at sun.reflect.DelegatingConstructorAccessorImpl.newInstance(DelegatingConstructorAccessorImpl.java:45)
	at java.lang.reflect.Constructor.newInstance(Constructor.java:423)
	at ptolemy.util.test.junit.AutoKnownFailedTests.RunModel(AutoKnownFailedTests.java:107)
	at sun.reflect.NativeMethodAccessorImpl.invoke0(Native Method)
	at sun.reflect.NativeMethodAccessorImpl.invoke(NativeMethodAccessorImpl.java:62)
	at sun.reflect.DelegatingMethodAccessorImpl.invoke(DelegatingMethodAccessorImpl.java:43)
	at java.lang.reflect.Method.invoke(Method.java:498)
	at org.junit.runners.model.FrameworkMethod$1.runReflectiveCall(FrameworkMethod.java:44)
	at org.junit.internal.runners.model.ReflectiveCallable.run(ReflectiveCallable.java:15)
	at org.junit.runners.model.FrameworkMethod.invokeExplosively(FrameworkMethod.java:41)
	at junitparams.internal.InvokeParameterisedMethod.evaluate(InvokeParameterisedMethod.java:102)
	at org.junit.internal.runners.statements.FailOnTimeout$1.run(FailOnTimeout.java:28)
Caused by: ptolemy.kernel.util.IllegalActionException: TypeTest actor has no training data.
  in .sizedarray3.TypeTest
	at ptolemy.actor.lib.TypeTest.initialize(TypeTest.java:250)
	at ptolemy.actor.Director.initialize(Director.java:938)
	at ptolemy.actor.Director.initialize(Director.java:907)
	at ptolemy.actor.sched.StaticSchedulingDirector.initialize(StaticSchedulingDirector.java:159)
	at ptolemy.domains.sdf.kernel.SDFDirector.initialize(SDFDirector.java:544)
	at ptolemy.actor.CompositeActor.initialize(CompositeActor.java:935)
	at ptolemy.actor.Manager.initialize(Manager.java:724)
	at ptolemy.actor.Manager.execute(Manager.java:356)
	at ptolemy.actor.Manager.run(Manager.java:1263)
	at ptolemy.actor.Manager$PtolemyRunThread.run(Manager.java:1915)
]]></system-err>
</testsuite>
