<?xml version="1.0" encoding="UTF-8" ?>
<testsuite errors="1" failures="0" hostname="travis-job-e95b2f4b-b149-4268-a66e-ec716fadfd79" name="ptolemy.actor.lib.test.junit.JUnitTclTest" skipped="0" tests="517" time="58.125" timestamp="2020-07-15T15:11:00">
  <properties>
    <property name="npm.executable" value="npm" />
    <property name="env.TRAVIS_ROOT" value="/" />
    <property name="ptII.mk.exists" value="true" />
    <property name="env.TRAVIS_APP_HOST" value="build.travis-ci.org" />
    <property name="env.rvm_bin_path" value="/home/travis/.rvm/bin" />
    <property name="java.home" value="/usr/local/lib/jvm/openjdk11" />
    <property name="env.TRAVIS_JOB_NUMBER" value="1692.8" />
    <property name="env.TRAVIS_HOME" value="/home/travis" />
    <property name="env.DISPLAY" value=":99.0" />
    <property name="env.TRAVIS_INIT" value="systemd" />
    <property name="env.SSH_TTY" value="/dev/pts/0" />
    <property name="java.net.preferIPv4Stack" value="true" />
    <property name="env.RUN_TESTS" value="true" />
    <property name="timeout.short" value="1000000" />
    <property name="junit.formatter" value="xml" />
    <property name="env.TRAVIS_SUDO" value="true" />
    <property name="env.TRAVIS_JOB_NAME" value="" />
    <property name="env.TRAVIS_STACK_NODE_ATTRIBUTES" value="/.node-attributes.yml" />
    <property name="env.LOGNAME" value="travis" />
    <property name="env.PT_TRAVIS_TEST_CORE1_XML" value="true" />
    <property name="jsdoc.home" value="node_modules/@terraswarm/jsdoc" />
    <property name="debuglevel" value="source,lines,vars" />
    <property name="checkstyle.formatter" value="xml" />
    <property name="env._system_version" value="16.04" />
    <property name="bin.vergil.makeable" value="true" />
    <property name="sun.os.patch.level" value="unknown" />
    <property name="java.vendor.url" value="http://java.oracle.com/" />
    <property name="env.TRAVIS_BUILD_WEB_URL" value="https://travis-ci.org/icyphy/ptII/builds/708367726" />
    <property name="java.version" value="11.0.2" />
    <property name="env.TZ" value="UTC" />
    <property name="env.TRAVIS_PULL_REQUEST_SHA" value="" />
    <property name="env.PT_NO_NET" value="true" />
    <property name="env.TRAVIS_SECURE_ENV_VARS" value="true" />
    <property name="env._system_type" value="Linux" />
    <property name="java.vendor.url.bug" value="http://bugreport.java.com/bugreport/" />
    <property name="npmjs-org-is-up" value="true" />
    <property name="env.LANGUAGE" value="en_US.UTF-8" />
    <property name="env.SSH_CLIENT" value="10.44.0.114 50652 22" />
    <property name="env.GEM_HOME" value="/home/travis/.rvm/gems/ruby-2.5.3" />
    <property name="env.HAS_ANTARES_THREE_LITTLE_FRONZIES_BADGE" value="true" />
    <property name="java.version.date" value="2019-01-15" />
    <property name="env.PS4" value="+" />
    <property name="ant.project.invoked-targets" value="build,test.core1.xml" />
    <property name="env.TRAVIS_PULL_REQUEST_BRANCH" value="" />
    <property name="env.TRAVIS_REPO_SLUG" value="icyphy/ptII" />
    <property name="env.XDG_DATA_DIRS" value="/usr/local/share:/usr/share:/var/lib/snapd/desktop" />
    <property name="jdk.debug" value="release" />
    <property name="env.TRAVIS_APT_PROXY" value="http://build-cache.travisci.net" />
    <property name="env.TRAVIS_CPU_ARCH" value="amd64" />
    <property name="node.in.path" value="true" />
    <property name="user.name" value="travis" />
    <property name="java.maxmemory" value="1400m" />
    <property name="env.RUBY_VERSION" value="ruby-2.5.3" />
    <property name="env.LANG" value="en_US.UTF-8" />
    <property name="sun.io.unicode.encoding" value="UnicodeLittle" />
    <property name="sun.jnu.encoding" value="UTF-8" />
    <property name="java.runtime.name" value="OpenJDK Runtime Environment" />
    <property name="usefile" value="false" />
    <property name="return.code" value="0" />
    <property name="junit.single.formatter" value="plain" />
    <property name="env.DYLD_LIBRARY_PATH" value="/home/travis/pthla/certi-tools/lib:" />
    <property name="env.DEBIAN_FRONTEND" value="noninteractive" />
    <property name="env.SSH_CONNECTION" value="10.44.0.114 50652 10.20.0.113 22" />
    <property name="env.MYSQL_UNIX_PORT" value="/var/run/mysqld/mysqld.sock" />
    <property name="env.LC_ALL" value="en_US.UTF-8" />
    <property name="env.TRAVIS_ALLOW_FAILURE" value="" />
    <property name="env.TRAVIS_JOB_WEB_URL" value="https://travis-ci.org/icyphy/ptII/jobs/708367767" />
    <property name="java.specification.name" value="Java Platform API Specification" />
    <property name="node.works" value="true" />
    <property name="user.timezone" value="" />
    <property name="path.separator" value=":" />
    <property name="env.TRAVIS_ENABLE_INFRA_DETECTION" value="true" />
    <property name="env.PYTHON_CFLAGS" value="-g -fstack-protector --param=ssp-buffer-size=4 -Wformat -Werror=format-security" />
    <property name="timeout.long" value="4000000" />
    <property name="env.CERTI_HOME" value="/home/travis/pthla/certi-tools" />
    <property name="ant.file.ptII" value="/home/travis/build/icyphy/ptII/build.xml" />
    <property name="javadoc.packagenames" value="com.*,diva.*,lbnl.*,org.hlacerti.*,org.json.*,org.ptolemy.*,org.terraswarm.*,ptolemy.*,ptserver.*" />
    <property name="file.encoding" value="UTF-8" />
    <property name="env.TRAVIS_PULL_REQUEST_SLUG" value="" />
    <property name="ant.project.default-target" value="build" />
    <property name="env.GIT_ASKPASS" value="echo" />
    <property name="env.HOME" value="/home/travis" />
    <property name="sun.java.command" value="org.apache.tools.ant.taskdefs.optional.junit.JUnitTestRunner ptolemy.actor.lib.test.junit.JUnitTclTest skipNonTests=false filtertrace=true haltOnError=false haltOnFailure=false formatter=org.apache.tools.ant.taskdefs.optional.junit.OutErrSummaryJUnitResultFormatter showoutput=true outputtoformatters=true logfailedtests=true threadid=0 logtestlistenerevents=false formatter=org.apache.tools.ant.taskdefs.optional.junit.XMLJUnitResultFormatter,/home/travis/build/icyphy/ptII/reports/junit/TEST-ptolemy.actor.lib.test.junit.JUnitTclTest.xml crashfile=/home/travis/build/icyphy/ptII/junitvmwatcher243378546816747349.properties propsfile=/home/travis/build/icyphy/ptII/junit17331653966390565435.properties" />
    <property name="env.COMPOSER_NO_INTERACTION" value="1" />
    <property name="env.MANPATH" value="/home/travis/.nvm/versions/node/v7.10.1/share/man:/home/travis/.rvm/rubies/ruby-2.5.3/share/man:/usr/local/cmake-3.12.4/man:/usr/local/clang-7.0.0/share/man:/usr/local/man:/usr/local/share/man:/usr/share/man:/home/travis/.rvm/man" />
    <property name="env.TRAVIS_TIMER_ID" value="21a1c27a" />
    <property name="ant.file" value="/home/travis/build/icyphy/ptII/build.xml" />
    <property name="env.TRAVIS_COMMIT_RANGE" value="3e950cfe0f3c004454147d0a7dfedd7f8d8e77cc...52bfcaaec950ad6b43d11ffdb9cd3f924b0c1f76" />
    <property name="env._system_name" value="Ubuntu" />
    <property name="ptII.classpath.optional.property" value="/home/travis/build/icyphy/ptII/lib/bsh-2.0b4.jar:/home/travis/build/icyphy/ptII/lib/ptCal.jar:/home/travis/build/icyphy/ptII/lib/java_cup.jar:/home/travis/build/icyphy/ptII/lib/saxon8.jar:/home/travis/build/icyphy/ptII/lib/saxon8-dom.jar:/home/travis/build/icyphy/ptII/lib/chic.jar:/home/travis/build/icyphy/ptII/lib/ptcolt.jar:/home/travis/build/icyphy/ptII/vendors/misc/itext/iText.jar:/home/travis/build/icyphy/ptII/lib/g4ltl.jar:/home/travis/build/icyphy/ptII/lib/StructuralCoder.jar:/home/travis/build/icyphy/ptII/lib/jcerti.jar:/home/travis/build/icyphy/ptII/lib/javax.mail.jar:/home/travis/build/icyphy/ptII/vendors/JMF-2.1.1e/lib/jmf.jar:/home/travis/build/icyphy/ptII/lib/jna-4.0.0-variadic.jar:/home/travis/build/icyphy/ptII/vendors/misc/joystick/Joystick.jar:/home/travis/build/icyphy/ptII/lib/ptjacl.jar:/home/travis/build/icyphy/ptII/lib/jsoup-1.8.2.jar:/home/travis/build/icyphy/ptII/lib/junit-4.8.2.jar:/home/travis/build/icyphy/ptII/lib/JUnitParams-0.4.0.jar:/home/travis/build/icyphy/ptII/ptolemy/actor/lib/excel/jxl.jar:/home/travis/build/icyphy/ptII/lib/jython.jar:/home/travis/build/icyphy/ptII/lib/kieler.jar:/home/travis/build/icyphy/ptII/vendors/opencv/share/OpenCV/java/opencv-341.jar:/home/travis/build/icyphy/ptII/lib/oscP5.jar:/home/travis/build/icyphy/ptII/lib/nrjavaserial-3.11.0.devel.jar:/home/travis/build/icyphy/ptII/vendors/j3d/lib/Linux/j3dcore.jar:/home/travis/build/icyphy/ptII/vendors/j3d/lib/Linux/j3dutils.jar:/home/travis/build/icyphy/ptII/vendors/j3d/lib/Linux/vecmath.jar:/home/travis/build/icyphy/ptII/vendors/jogl/lib/Linux/gluegen-rt-natives-linux-amd64.jar:/home/travis/build/icyphy/ptII/vendors/jogl/lib/Linux/gluegen-rt.jar:/home/travis/build/icyphy/ptII/vendors/jogl/lib/Linux/jogl-all-natives-linux-amd64.jar:/home/travis/build/icyphy/ptII/vendors/jogl/lib/Linux/jogl-all.jar:/home/travis/build/icyphy/ptII/ptolemy/distributed/jini/jar/jini-core.jar:/home/travis/build/icyphy/ptII/ptolemy/distributed/jini/jar/jini-ext.jar:/home/travis/build/icyphy/ptII/ptolemy/distributed/jini/jar/sun-util.jar:/home/travis/build/icyphy/ptII/lib/protobuf-java-2.4.1.jar:/home/travis/build/icyphy/ptII/lib/org.eclipse.paho.client.mqttv3.jar:/home/travis/build/icyphy/ptII/lib/mapss.jar:/home/travis/build/icyphy/ptII/ptolemy/actor/ptalon/antlr/antlr.jar:/home/travis/build/icyphy/ptII/lib/JRI.jar:/home/travis/build/icyphy/ptII/lib/commons-lang-2.6.jar:/home/travis/build/icyphy/ptII/lib/commons-logging-1.1.1.jar:/home/travis/build/icyphy/ptII/lib/sootclasses.jar:/home/travis/build/icyphy/ptII/ptolemy/actor/lib/database/mysql-connector-java-5.1.6-bin.jar:/home/travis/build/icyphy/ptII/vendors/misc/sphinx4/sphinx4-data-5prealpha.jar:/home/travis/build/icyphy/ptII/vendors/misc/sphinx4/sphinx4-core-5prealpha.jar:/home/travis/build/icyphy/ptII/lib/PDFRenderer.jar:/home/travis/build/icyphy/ptII/lib/svgSalamander.jar:/home/travis/build/icyphy/ptII/lib/rsyntaxtextarea-2.6.0-SNAPSHOT.jar:/home/travis/build/icyphy/ptII/lib/hazelcast-3.8.2.jar:/home/travis/build/icyphy/ptII/lib/jackson-annotations-2.9.0.jar:/home/travis/build/icyphy/ptII/lib/jackson-core-2.9.3.jar:/home/travis/build/icyphy/ptII/lib/jackson-databind-2.9.3.jar:/home/travis/build/icyphy/ptII/lib/netty-buffer-4.1.19.Final.jar:/home/travis/build/icyphy/ptII/lib/netty-codec-4.1.19.Final.jar:/home/travis/build/icyphy/ptII/lib/netty-codec-dns-4.1.19.Final.jar:/home/travis/build/icyphy/ptII/lib/netty-codec-http-4.1.19.Final.jar:/home/travis/build/icyphy/ptII/lib/netty-codec-http2-4.1.19.Final.jar:/home/travis/build/icyphy/ptII/lib/netty-common-4.1.19.Final.jar:/home/travis/build/icyphy/ptII/lib/netty-handler-4.1.19.Final.jar:/home/travis/build/icyphy/ptII/lib/netty-resolver-4.1.19.Final.jar:/home/travis/build/icyphy/ptII/lib/netty-resolver-dns-4.1.19.Final.jar:/home/travis/build/icyphy/ptII/lib/netty-transport-4.1.19.Final.jar:/home/travis/build/icyphy/ptII/lib/vertx-codegen-3.5.1.jar:/home/travis/build/icyphy/ptII/lib/vertx-core-3.5.2-SNAPSHOT.jar:/home/travis/build/icyphy/ptII/lib/vertx-hazelcast-3.5.1.jar:/home/travis/build/icyphy/ptII/lib/vertx-lang-js-3.5.1.jar:/home/travis/build/icyphy/ptII/lib/vertx-service-proxy-3.5.1.jar:/home/travis/build/icyphy/ptII/lib/vertx-web-3.5.1.jar:/home/travis/build/icyphy/ptII/lib/slf4j-api-1.7.13.jar:/home/travis/build/icyphy/ptII/lib/slf4j-simple-1.7.13.jar:/home/travis/build/icyphy/ptII/lib/webcam-capture-0.3.12.jar:/home/travis/build/icyphy/ptII/lib/bridj-0.7.0.jar:/home/travis/build/icyphy/ptII/lib/xbjlib-1.1.0.nrjavaserial.jar" />
    <property name="timeout" value="2400000" />
    <property name="test.batch" value="**/junit/*.java" />
    <property name="env._" value="/usr/bin/timeout" />
    <property name="java.io.tmpdir" value="/tmp" />
    <property name="user.language" value="en" />
    <property name="env.TRAVIS_INTERNAL_RUBY_REGEX" value="^ruby-(2\.[0-4]\.[0-9]|1\.9\.3)" />
    <property name="env.HISTCONTROL" value="ignoredups:ignorespace" />
    <property name="env.GOROOT" value="/home/travis/.gimme/versions/go1.11.1.linux.amd64" />
    <property name="line.separator" value="&#xa;" />
    <property name="target" value="11" />
    <property name="env.TRAVIS_BUILD_DIR" value="/home/travis/build/icyphy/ptII" />
    <property name="env.ANT_OPTS" value="-Xmx2048m" />
    <property name="ant.file.type" value="file" />
    <property name="ptolemy.ptII.batchMode" value="true" />
    <property name="env.HISTSIZE" value="1000" />
    <property name="env.MERB_ENV" value="test" />
    <property name="java.vm.info" value="mixed mode" />
    <property name="source" value="11" />
    <property name="java.vm.specification.name" value="Java Virtual Machine Specification" />
    <property name="env.TRAVIS_TEST_RESULT" value="0" />
    <property name="jsdoc.command" value="node_modules/@terraswarm/jsdoc/jsdoc.js" />
    <property name="npm.works" value="true" />
    <property name="cobertura.dir" value="/home/travis/build/icyphy/ptII/vendors/cobertura-2.0.3" />
    <property name="jsdoc.command.exists" value="true" />
    <property name="env.rvm_path" value="/home/travis/.rvm" />
    <property name="env.GEM_PATH" value="/home/travis/.rvm/gems/ruby-2.5.3:/home/travis/.rvm/gems/ruby-2.5.3@global" />
    <property name="env.LC_CTYPE" value="en_US.UTF-8" />
    <property name="env.TRAVIS_CMD" value="$PTII/bin/ptIITravisBuild.sh $SECONDS" />
    <property name="java.awt.printerjob" value="sun.print.PSPrinterJob" />
    <property name="env.TRAVIS_STACK_NAME" value="sardonyx" />
    <property name="env.TRAVIS_TIMER_START_TIME" value="1594825299981970453" />
    <property name="ant.version" value="Apache Ant(TM) version 1.10.1 compiled on February 2 2017" />
    <property name="ptII.reports" value="/home/travis/build/icyphy/ptII/reports" />
    <property name="env.TRAVIS_STACK_TIMESTAMP" value="2019-03-25 16:16:56 UTC" />
    <property name="ant.file.type.ptII" value="file" />
    <property name="env.RBENV_SHELL" value="bash" />
    <property name="os.name" value="Linux" />
    <property name="java.specification.vendor" value="Oracle Corporation" />
    <property name="env.rvm_version" value="1.29.7 (latest)" />
    <property name="env.TRAVIS_INFRA" value="unknown" />
    <property name="env.TERM" value="xterm" />
    <property name="java.vm.name" value="OpenJDK 64-Bit Server VM" />
    <property name="env.TRAVIS_BUILD_NUMBER" value="1692" />
    <property name="env.CI" value="true" />
    <property name="java.library.path" value="/home/travis/pthla/certi-tools/lib:/usr/lib/jni:/usr/local/share/OpenCV/java/:/usr/share/OpenCV/java::/usr/java/packages/lib:/usr/lib64:/lib64:/lib:/usr/lib" />
    <property name="jdk.module.path" value="/home/travis/build/icyphy/ptII/vendors/javafx/javafx-sdk-11.0.2/lib:" />
    <property name="env.rvm_prefix" value="/home/travis" />
    <property name="env.PATH" value="/home/travis/pthla/certi-tools/share/scripts:/home/travis/.rvm/gems/ruby-2.5.3/bin:/home/travis/.rvm/gems/ruby-2.5.3@global/bin:/home/travis/.rvm/rubies/ruby-2.5.3/bin:/home/travis/.rvm/bin:/home/travis/.nvm/versions/node/v7.10.1/bin:./node_modules/.bin:/home/travis/build/icyphy/ptII/bin:/home/travis/pthla/certi-tools/bin:/home/travis/bin:/home/travis/.local/bin:/usr/local/lib/jvm/openjdk11/bin:/opt/pyenv/shims:/home/travis/.phpenv/shims:/home/travis/perl5/perlbrew/bin:/home/travis/gopath/bin:/home/travis/.gimme/versions/go1.11.1.linux.amd64/bin:/usr/local/maven-3.6.0/bin:/usr/local/cmake-3.12.4/bin:/usr/local/clang-7.0.0/bin:/usr/local/sbin:/usr/local/bin:/usr/sbin:/usr/bin:/sbin:/bin:/snap/bin:/home/travis/.phpenv/bin:/opt/pyenv/bin:/home/travis/.yarn/bin" />
    <property name="env.TRAVIS_OS_NAME" value="linux" />
    <property name="ant.java.version" value="9" />
    <property name="basedir" value="/home/travis/build/icyphy/ptII" />
    <property name="java.class.version" value="55.0" />
    <property name="env.SHLVL" value="3" />
    <property name="env.LD_LIBRARY_PATH" value="/home/travis/pthla/certi-tools/lib:/usr/lib/jni:/usr/local/share/OpenCV/java/:/usr/share/OpenCV/java:" />
    <property name="env.RACK_ENV" value="test" />
    <property name="ant.home" value="/home/travis/build/icyphy/ptII/ant" />
    <property name="env.NVM_DIR" value="/home/travis/.nvm" />
    <property name="env.CERTI_FOM_PATH" value="/home/travis/pthla/certi-tools/share/federations" />
    <property name="env.TRAVIS_BUILD_ID" value="708367726" />
    <property name="env.PYENV_ROOT" value="/opt/pyenv" />
    <property name="env.TRAVIS_UID" value="2000" />
    <property name="prism.verbose" value="true" />
    <property name="env.NVM_BIN" value="/home/travis/.nvm/versions/node/v7.10.1/bin" />
    <property name="env.TRAVIS_COMMIT" value="52bfcaaec950ad6b43d11ffdb9cd3f924b0c1f76" />
    <property name="env._system_arch" value="x86_64" />
    <property name="node.executable" value="node" />
    <property name="sun.boot.library.path" value="/usr/local/lib/jvm/openjdk11/lib" />
    <property name="sun.management.compiler" value="HotSpot 64-Bit Tiered Compilers" />
    <property name="java.awt.graphicsenv" value="sun.awt.X11GraphicsEnvironment" />
    <property name="env.GOPATH" value="/home/travis/gopath" />
    <property name="ptolemy.ptII.dir" value="/home/travis/build/icyphy/ptII" />
    <property name="env.USER" value="travis" />
    <property name="env.HISTFILESIZE" value="2000" />
    <property name="env.NVM_INC" value="/home/travis/.nvm/versions/node/v7.10.1/include/node" />
    <property name="timeout.longest" value="19000000" />
    <property name="env.PERLBREW_SHELLRC_VERSION" value="0.86" />
    <property name="env.TRAVIS_STACK_FEATURES" value="basic couchdb disabled-ipv6 docker docker-compose elasticsearch firefox go-toolchain google-chrome jdk memcached mongodb mysql nodejs_interpreter perl_interpreter perlbrew phantomjs postgresql python_interpreter redis ruby_interpreter sqlite xserver" />
    <property name="env.TRAVIS_PULL_REQUEST" value="false" />
    <property name="env.PYENV_SHELL" value="bash" />
    <property name="ant.project.name" value="ptII" />
    <property name="env.ANSI_RESET" value="\033[0m" />
    <property name="java.vm.specification.version" value="11" />
    <property name="env.TRAVIS_DIST" value="xenial" />
    <property name="env.CERTI_VERSION" value="4.0.0" />
    <property name="env.CERTI_HOST" value="localhost" />
    <property name="awt.toolkit" value="sun.awt.X11.XToolkit" />
    <property name="env.MY_RUBY_HOME" value="/home/travis/.rvm/rubies/ruby-2.5.3" />
    <property name="sun.cpu.isalist" value="" />
    <property name="env.TRAVIS_TMPDIR" value="/tmp/tmp.m9KD6kEjzV" />
    <property name="java.vm.compressedOopsMode" value="Zero based" />
    <property name="os.version" value="4.15.0-1028-gcp" />
    <property name="user.home" value="/home/travis" />
    <property name="java.vm.vendor" value="Oracle Corporation" />
    <property name="env.TRAVIS_TAG" value="nightly" />
    <property name="env.ANSI_YELLOW" value="\033[33;1m" />
    <property name="env.TRAVIS_FILTERED" value="redirect_io" />
    <property name="env.ANSI_GREEN" value="\033[32;1m" />
    <property name="env.JAVA_HOME" value="/usr/local/lib/jvm/openjdk11" />
    <property name="javadoc.excludepackagenames" value="adm.cvs2svn.*,build.*,config.*,doc.coding.templates.*,jni.test.jni.meaningOfLife.*,jni.test.jni.testDeux.*,jni.test.jni.testTrois.*,org.terraswarm.accessor.accessors.web.node_modules.*,org.terraswarm.accessor.accessors.web.hosts.cordova.demo.*,org.terraswarm.accessor.accessors.web.hosts.cordova.plugins.*,org.terraswarm.accessor.accessors-svn.*,pt-modules.*,ptolemy.apps.agilent.*,ptolemy.apps.anytimecontrol.*,ptolemy.apps.apes.*,ptolemy.apps.charon.*,ptolemy.apps.crazyboard.*,ptolemy.apps.eclipse.*,ptolemy.apps.etherealSting.*,ptolemy.apps.fullscreen.*,ptolemy.apps.giotto.*,ptolemy.apps.ia.*,ptolemy.apps.interfaces.*,ptolemy.apps.jmf.*,ptolemy.apps.kurt.*,ptolemy.apps.kvm.*,ptolemy.apps.lego.*,ptolemy.apps.lejos.*,ptolemy.apps.midp.*,ptolemy.apps.mobileCoding.*,ptolemy.apps.pendulum.*,ptolemy.apps.rijndael.*,ptolemy.apps.robot.*,ptolemy.apps.security.*,ptolemy.apps.sobel.*,ptolemy.apps.soot.*,ptolemy.apps.throttle.*,ptolemy.apps.tini.*,ptolemy.apps.transmission.*,ptolemy.apps.vergil.*,ptolemy.apps.waba.*,ptolemy.apps.websensor.*,ptolemy.apps.webstart.*,ptolemy.apps.xsl.*,ptolemy.apps.zaurus.*,ptolemy.codegen.c.actor.lib.oldJavaFiles.*,ptolemy.codegen.dsp.lib.*,ptolemy.codegen.kernel.newInterfaces.*,ptolemy.codegen.lib.*,ptolemy.copernicus.kernel.fragment.*,ptolemy.copernicus.shallow.cg.*,ptolemy.domains.giotto.demo.Hierarchy.Hierarchy.*,ptolemy.domains.giotto.demo.Multimode.Multimode.*,ptolemy.domains.giotto.demo.Simple.Simple.*,ptolemy.domains.gr.lib.experimental.*,ptolemy.domains.gro.*,ptolemy.domains.pdf.*,ptolemy.domains.ptinyos.demo.Surge.output.*,ptolemy.moml.test.NoPackageActor.java*,ptolemy.plot.adm.*,ptolemy.plot.servlet.*,reports.*,signed.*,src.*,target.*,vendors.*,ptolemy.copernicus.applet.*,ptolemy.media.viewer.*,ptolemy.actor.corba.*,doc.doclets.*,ptolemy.apps.eclipse.awt.*,ptolemy.backtrack.*,ptolemy.backtrack.ast.*,ptolemy.cg.adapter.generic.program.procedural.c.mbed*,ptolemy.homer.*,ptolemy.actor.lib.jai.*,org.ptolemy.scala.*,diva.util.java2d.svg.*,ptolemy.domains.ptinyos.*,ptolemy.actor.lib.fmi.fmipp.*,,org.terraswarm.accessor.accessors.web.node_modules.*,org.terraswarm.accessor.accessors-svn,ptolemy.apps.*,ptolemy.actor.ptalon.demo.ptinyos.SendAndReceiveCnt.output,ptolemy.actor.ptalon.demo.ptinyos.SenseToLeds.output,ptolemy.domains.ptinyos.demo.CntToLedsAndRfm.output,ptolemy.domains.ptinyos.demo.RfmToLeds.output,ptolemy.domains.ptinyos.demo.SendAndReceiveCnt.output,ptolemy.domains.ptinyos.demo.SenseToLeds.output,ptolemy.actor.lib.jjs.modules.udpSocket.*" />
    <property name="env.PTII" value="/home/travis/build/icyphy/ptII" />
    <property name="env.XDG_SESSION_ID" value="2" />
    <property name="keystore" value="ptKeystore" />
    <property name="env.TRAVIS_COMMIT_MESSAGE" value="Updating models using array data type." />
    <property name="junit.output.dir" value="/home/travis/build/icyphy/ptII/reports/junit" />
    <property name="npm.return.code" value="0" />
    <property name="user.dir" value="/home/travis/build/icyphy/ptII/ptolemy/actor/lib/test" />
    <property name="env.TRAVIS_NODE_VERSION" value="7" />
    <property name="env.TRAVIS_EVENT_TYPE" value="cron" />
    <property name="env.MAIL" value="/var/mail/travis" />
    <property name="env.PERLBREW_ROOT" value="/home/travis/perl5/perlbrew" />
    <property name="env.PWD" value="/home/travis/build/icyphy/ptII" />
    <property name="timeout.npm" value="45000" />
    <property name="env.TRAVIS_ARCH" value="amd64" />
    <property name="sun.cpu.endian" value="little" />
    <property name="env.PAGER" value="cat" />
    <property name="env.TRAVIS_BUILD_STAGE_NAME" value="test" />
    <property name="env.PERLBREW_HOME" value="/home/travis/.perlbrew" />
    <property name="java.vm.version" value="11.0.2+9" />
    <property name="env.RAILS_ENV" value="test" />
    <property name="java.class.path" value="/home/travis/.ptolemyII:/home/travis/.ptolemyII/*:/home/travis/build/icyphy/ptII:/home/travis/build/icyphy/ptII/lib/bsh-2.0b4.jar:/home/travis/build/icyphy/ptII/lib/ptCal.jar:/home/travis/build/icyphy/ptII/lib/java_cup.jar:/home/travis/build/icyphy/ptII/lib/saxon8.jar:/home/travis/build/icyphy/ptII/lib/saxon8-dom.jar:/home/travis/build/icyphy/ptII/lib/chic.jar:/home/travis/build/icyphy/ptII/lib/ptcolt.jar:/home/travis/build/icyphy/ptII/vendors/misc/itext/iText.jar:/home/travis/build/icyphy/ptII/lib/g4ltl.jar:/home/travis/build/icyphy/ptII/lib/StructuralCoder.jar:/home/travis/build/icyphy/ptII/lib/jcerti.jar:/home/travis/build/icyphy/ptII/lib/javax.mail.jar:/home/travis/build/icyphy/ptII/vendors/JMF-2.1.1e/lib/jmf.jar:/home/travis/build/icyphy/ptII/lib/jna-4.0.0-variadic.jar:/home/travis/build/icyphy/ptII/vendors/misc/joystick/Joystick.jar:/home/travis/build/icyphy/ptII/lib/ptjacl.jar:/home/travis/build/icyphy/ptII/lib/jsoup-1.8.2.jar:/home/travis/build/icyphy/ptII/lib/junit-4.8.2.jar:/home/travis/build/icyphy/ptII/lib/JUnitParams-0.4.0.jar:/home/travis/build/icyphy/ptII/ptolemy/actor/lib/excel/jxl.jar:/home/travis/build/icyphy/ptII/lib/jython.jar:/home/travis/build/icyphy/ptII/lib/kieler.jar:/home/travis/build/icyphy/ptII/vendors/opencv/share/OpenCV/java/opencv-341.jar:/home/travis/build/icyphy/ptII/lib/oscP5.jar:/home/travis/build/icyphy/ptII/lib/nrjavaserial-3.11.0.devel.jar:/home/travis/build/icyphy/ptII/vendors/j3d/lib/Linux/j3dcore.jar:/home/travis/build/icyphy/ptII/vendors/j3d/lib/Linux/j3dutils.jar:/home/travis/build/icyphy/ptII/vendors/j3d/lib/Linux/vecmath.jar:/home/travis/build/icyphy/ptII/vendors/jogl/lib/Linux/gluegen-rt-natives-linux-amd64.jar:/home/travis/build/icyphy/ptII/vendors/jogl/lib/Linux/gluegen-rt.jar:/home/travis/build/icyphy/ptII/vendors/jogl/lib/Linux/jogl-all-natives-linux-amd64.jar:/home/travis/build/icyphy/ptII/vendors/jogl/lib/Linux/jogl-all.jar:/home/travis/build/icyphy/ptII/ptolemy/distributed/jini/jar/jini-core.jar:/home/travis/build/icyphy/ptII/ptolemy/distributed/jini/jar/jini-ext.jar:/home/travis/build/icyphy/ptII/ptolemy/distributed/jini/jar/sun-util.jar:/home/travis/build/icyphy/ptII/lib/protobuf-java-2.4.1.jar:/home/travis/build/icyphy/ptII/lib/org.eclipse.paho.client.mqttv3.jar:/home/travis/build/icyphy/ptII/lib/mapss.jar:/home/travis/build/icyphy/ptII/ptolemy/actor/ptalon/antlr/antlr.jar:/home/travis/build/icyphy/ptII/lib/JRI.jar:/home/travis/build/icyphy/ptII/lib/commons-lang-2.6.jar:/home/travis/build/icyphy/ptII/lib/commons-logging-1.1.1.jar:/home/travis/build/icyphy/ptII/lib/sootclasses.jar:/home/travis/build/icyphy/ptII/ptolemy/actor/lib/database/mysql-connector-java-5.1.6-bin.jar:/home/travis/build/icyphy/ptII/vendors/misc/sphinx4/sphinx4-data-5prealpha.jar:/home/travis/build/icyphy/ptII/vendors/misc/sphinx4/sphinx4-core-5prealpha.jar:/home/travis/build/icyphy/ptII/lib/PDFRenderer.jar:/home/travis/build/icyphy/ptII/lib/svgSalamander.jar:/home/travis/build/icyphy/ptII/lib/rsyntaxtextarea-2.6.0-SNAPSHOT.jar:/home/travis/build/icyphy/ptII/lib/hazelcast-3.8.2.jar:/home/travis/build/icyphy/ptII/lib/jackson-annotations-2.9.0.jar:/home/travis/build/icyphy/ptII/lib/jackson-core-2.9.3.jar:/home/travis/build/icyphy/ptII/lib/jackson-databind-2.9.3.jar:/home/travis/build/icyphy/ptII/lib/netty-buffer-4.1.19.Final.jar:/home/travis/build/icyphy/ptII/lib/netty-codec-4.1.19.Final.jar:/home/travis/build/icyphy/ptII/lib/netty-codec-dns-4.1.19.Final.jar:/home/travis/build/icyphy/ptII/lib/netty-codec-http-4.1.19.Final.jar:/home/travis/build/icyphy/ptII/lib/netty-codec-http2-4.1.19.Final.jar:/home/travis/build/icyphy/ptII/lib/netty-common-4.1.19.Final.jar:/home/travis/build/icyphy/ptII/lib/netty-handler-4.1.19.Final.jar:/home/travis/build/icyphy/ptII/lib/netty-resolver-4.1.19.Final.jar:/home/travis/build/icyphy/ptII/lib/netty-resolver-dns-4.1.19.Final.jar:/home/travis/build/icyphy/ptII/lib/netty-transport-4.1.19.Final.jar:/home/travis/build/icyphy/ptII/lib/vertx-codegen-3.5.1.jar:/home/travis/build/icyphy/ptII/lib/vertx-core-3.5.2-SNAPSHOT.jar:/home/travis/build/icyphy/ptII/lib/vertx-hazelcast-3.5.1.jar:/home/travis/build/icyphy/ptII/lib/vertx-lang-js-3.5.1.jar:/home/travis/build/icyphy/ptII/lib/vertx-service-proxy-3.5.1.jar:/home/travis/build/icyphy/ptII/lib/vertx-web-3.5.1.jar:/home/travis/build/icyphy/ptII/lib/slf4j-api-1.7.13.jar:/home/travis/build/icyphy/ptII/lib/slf4j-simple-1.7.13.jar:/home/travis/build/icyphy/ptII/lib/webcam-capture-0.3.12.jar:/home/travis/build/icyphy/ptII/lib/bridj-0.7.0.jar:/home/travis/build/icyphy/ptII/lib/xbjlib-1.1.0.nrjavaserial.jar:/home/travis/build/icyphy/ptII/ptolemy/moml/test:/home/travis/build/icyphy/ptII/ant/lib/ant-launcher.jar:/home/travis/build/icyphy/ptII/ant/lib/ant.jar:/home/travis/build/icyphy/ptII/ant/lib/ant-junit.jar:/home/travis/build/icyphy/ptII/ant/lib/ant-junit4.jar" />
    <property name="ant.library.dir" value="/home/travis/build/icyphy/ptII/ant/lib" />
    <property name="os.arch" value="amd64" />
    <property name="env.CONTINUOUS_INTEGRATION" value="true" />
    <property name="env.TRAVIS_LANGUAGE" value="node_js" />
    <property name="env.TRAVIS_STACK_LANGUAGES" value="__sardonyx__ c c++ clojure cplusplus cpp default generic go groovy java node_js php pure_java python ruby scala" />
    <property name="test.name" value="ptolemy.actor.lib.test.junit.JUnitTclTest" />
    <property name="env.APT_KEY_DONT_WARN_ON_DANGEROUS_USAGE" value="1" />
    <property name="sun.java.launcher" value="SUN_STANDARD" />
    <property name="env.PYTHON_CONFIGURE_OPTS" value="--enable-unicode=ucs4 --with-wide-unicode --enable-shared --enable-ipv6 --enable-loadable-sqlite-extensions --with-computed-gotos" />
    <property name="ant.core.lib" value="/home/travis/build/icyphy/ptII/ant/lib/ant.jar" />
    <property name="java.vm.specification.vendor" value="Oracle Corporation" />
    <property name="env.BCVTB_HOME" value="/home/travis/build/icyphy/ptII/lbnl" />
    <property name="file.separator" value="/" />
    <property name="spotbugs.home" value="/home/travis/build/icyphy/ptII/vendors/spotbugs-3.1.1" />
    <property name="java.runtime.version" value="11.0.2+9" />
    <property name="env.ANSI_CLEAR" value="\033[0K" />
    <property name="javafx.verbose" value="true" />
    <property name="env.HAS_JOSH_K_SEAL_OF_APPROVAL" value="true" />
    <property name="env.XDG_RUNTIME_DIR" value="/run/user/2000" />
    <property name="env.TRAVIS_OSX_IMAGE" value="" />
    <property name="env.TRAVIS_JOB_ID" value="708367767" />
    <property name="env.TRAVIS_BRANCH" value="master" />
    <property name="user.country" value="US" />
    <property name="env.CERTI_HOME_TRAVIS" value="/home/travis/pthla/certi-tools" />
    <property name="env.SHELL" value="/bin/bash" />
    <property name="java.maxmemory.large" value="3200m" />
    <property name="model" value="" />
    <property name="env.CASHER_DIR" value="/home/travis/.casher" />
    <property name="env.NVM_CD_FLAGS" value="" />
    <property name="java.vendor.version" value="18.9" />
    <property name="jshint.executable" value="/home/travis/node_modules/jshint/bin/jshint" />
    <property name="env.JRUBY_OPTS" value=" --client -J-XX:+TieredCompilation -J-XX:TieredStopAtLevel=1 -J-Xss2m -Xcompile.invokedynamic=false" />
    <property name="java.vendor" value="Oracle Corporation" />
    <property name="env.TRAVIS_PRE_CHEF_BOOTSTRAP_TIME" value="2019-03-25T16:16:42" />
    <property name="env.TRAVIS_STACK_JOB_BOARD_REGISTER" value="/.job-board-register.yml" />
    <property name="env.ANSI_RED" value="\033[31;1m" />
    <property name="java.specification.version" value="11" />
    <property name="env.IRBRC" value="/home/travis/.rvm/rubies/ruby-2.5.3/.irbrc" />
    <property name="env.TRAVIS" value="true" />
    <property name="sun.arch.data.model" value="64" />
  </properties>
  <testcase classname="ptolemy.util.test.junit.TclTests" name="[0] /home/travis/build/icyphy/ptII/ptolemy/actor/lib/test/AbsoluteValue.tcl (RunTclFile)" time="0.409" />
  <testcase classname="ptolemy.util.test.junit.TclTests" name="[1] /home/travis/build/icyphy/ptII/ptolemy/actor/lib/test/AddSubtract.tcl (RunTclFile)" time="0.122" />
  <testcase classname="ptolemy.util.test.junit.TclTests" name="[2] /home/travis/build/icyphy/ptII/ptolemy/actor/lib/test/Average.tcl (RunTclFile)" time="0.061" />
  <testcase classname="ptolemy.util.test.junit.TclTests" name="[3] /home/travis/build/icyphy/ptII/ptolemy/actor/lib/test/Bernoulli.tcl (RunTclFile)" time="0.032" />
  <testcase classname="ptolemy.util.test.junit.TclTests" name="[4] /home/travis/build/icyphy/ptII/ptolemy/actor/lib/test/Clock.tcl (RunTclFile)" time="0.07" />
  <testcase classname="ptolemy.util.test.junit.TclTests" name="[5] /home/travis/build/icyphy/ptII/ptolemy/actor/lib/test/Commutator.tcl (RunTclFile)" time="0.129" />
  <testcase classname="ptolemy.util.test.junit.TclTests" name="[6] /home/travis/build/icyphy/ptII/ptolemy/actor/lib/test/Const.tcl (RunTclFile)" time="0.111" />
  <testcase classname="ptolemy.util.test.junit.TclTests" name="[7] /home/travis/build/icyphy/ptII/ptolemy/actor/lib/test/CurrentTime.tcl (RunTclFile)" time="0.034" />
  <testcase classname="ptolemy.util.test.junit.TclTests" name="[8] /home/travis/build/icyphy/ptII/ptolemy/actor/lib/test/DB.tcl (RunTclFile)" time="0.028" />
  <testcase classname="ptolemy.util.test.junit.TclTests" name="[9] /home/travis/build/icyphy/ptII/ptolemy/actor/lib/test/DiscreteRandomSource.tcl (RunTclFile)" time="0.04" />
  <testcase classname="ptolemy.util.test.junit.TclTests" name="[10] /home/travis/build/icyphy/ptII/ptolemy/actor/lib/test/Distributor.tcl (RunTclFile)" time="0.081" />
  <testcase classname="ptolemy.util.test.junit.TclTests" name="[11] /home/travis/build/icyphy/ptII/ptolemy/actor/lib/test/Exit.tcl (RunTclFile)" time="0.109" />
  <testcase classname="ptolemy.util.test.junit.TclTests" name="[12] /home/travis/build/icyphy/ptII/ptolemy/actor/lib/test/Expression.tcl (RunTclFile)" time="0.12" />
  <testcase classname="ptolemy.util.test.junit.TclTests" name="[13] /home/travis/build/icyphy/ptII/ptolemy/actor/lib/test/Gaussian.tcl (RunTclFile)" time="0.157" />
  <testcase classname="ptolemy.util.test.junit.TclTests" name="[14] /home/travis/build/icyphy/ptII/ptolemy/actor/lib/test/IIR.tcl (RunTclFile)" time="0.033" />
  <testcase classname="ptolemy.util.test.junit.TclTests" name="[15] /home/travis/build/icyphy/ptII/ptolemy/actor/lib/test/Interpolator.tcl (RunTclFile)" time="0.075" />
  <testcase classname="ptolemy.util.test.junit.TclTests" name="[16] /home/travis/build/icyphy/ptII/ptolemy/actor/lib/test/MathFunction.tcl (RunTclFile)" time="0.034" />
  <testcase classname="ptolemy.util.test.junit.TclTests" name="[17] /home/travis/build/icyphy/ptII/ptolemy/actor/lib/test/Maximum.tcl (RunTclFile)" time="0.026" />
  <testcase classname="ptolemy.util.test.junit.TclTests" name="[18] /home/travis/build/icyphy/ptII/ptolemy/actor/lib/test/Minimum.tcl (RunTclFile)" time="0.017" />
  <testcase classname="ptolemy.util.test.junit.TclTests" name="[19] /home/travis/build/icyphy/ptII/ptolemy/actor/lib/test/MultiplyDivide.tcl (RunTclFile)" time="0.03" />
  <testcase classname="ptolemy.util.test.junit.TclTests" name="[20] /home/travis/build/icyphy/ptII/ptolemy/actor/lib/test/OrderedMerge.tcl (RunTclFile)" time="0.097" />
  <testcase classname="ptolemy.util.test.junit.TclTests" name="[21] /home/travis/build/icyphy/ptII/ptolemy/actor/lib/test/Publisher.tcl (RunTclFile)" time="0.657" />
  <testcase classname="ptolemy.util.test.junit.TclTests" name="[22] /home/travis/build/icyphy/ptII/ptolemy/actor/lib/test/Pulse.tcl (RunTclFile)" time="0.05" />
  <testcase classname="ptolemy.util.test.junit.TclTests" name="[23] /home/travis/build/icyphy/ptII/ptolemy/actor/lib/test/Ramp.tcl (RunTclFile)" time="1.961" />
  <testcase classname="ptolemy.util.test.junit.TclTests" name="[24] /home/travis/build/icyphy/ptII/ptolemy/actor/lib/test/RampContinuous.tcl (RunTclFile)" time="0.016" />
  <testcase classname="ptolemy.util.test.junit.TclTests" name="[25] /home/travis/build/icyphy/ptII/ptolemy/actor/lib/test/RecordAssembler.tcl (RunTclFile)" time="0.012" />
  <testcase classname="ptolemy.util.test.junit.TclTests" name="[26] /home/travis/build/icyphy/ptII/ptolemy/actor/lib/test/RecordDisassembler.tcl (RunTclFile)" time="0.016" />
  <testcase classname="ptolemy.util.test.junit.TclTests" name="[27] /home/travis/build/icyphy/ptII/ptolemy/actor/lib/test/Scale.tcl (RunTclFile)" time="0.015" />
  <testcase classname="ptolemy.util.test.junit.TclTests" name="[28] /home/travis/build/icyphy/ptII/ptolemy/actor/lib/test/SequentialClock.tcl (RunTclFile)" time="0.01" />
  <testcase classname="ptolemy.util.test.junit.TclTests" name="[29] /home/travis/build/icyphy/ptII/ptolemy/actor/lib/test/SetVariable.tcl (RunTclFile)" time="0.008" />
  <testcase classname="ptolemy.util.test.junit.TclTests" name="[30] /home/travis/build/icyphy/ptII/ptolemy/actor/lib/test/Sinewave.tcl (RunTclFile)" time="0.025" />
  <testcase classname="ptolemy.util.test.junit.TclTests" name="[31] /home/travis/build/icyphy/ptII/ptolemy/actor/lib/test/SubscriptionAggregator.tcl (RunTclFile)" time="2.127" />
  <testcase classname="ptolemy.util.test.junit.TclTests" name="[32] /home/travis/build/icyphy/ptII/ptolemy/actor/lib/test/Test.tcl (RunTclFile)" time="0.066" />
  <testcase classname="ptolemy.util.test.junit.TclTests" name="[33] /home/travis/build/icyphy/ptII/ptolemy/actor/lib/test/TestExceptionHandler.tcl (RunTclFile)" time="0.009" />
  <testcase classname="ptolemy.util.test.junit.TclTests" name="[34] /home/travis/build/icyphy/ptII/ptolemy/actor/lib/test/UnionDisassembler.tcl (RunTclFile)" time="0.115" />
  <testcase classname="ptolemy.util.test.junit.TclTests" name="[35] /home/travis/build/icyphy/ptII/ptolemy/actor/lib/test/VariableClock.tcl (RunTclFile)" time="0.029" />
  <testcase classname="ptolemy.util.test.junit.AutoKnownFailedTests" name="[0] /home/travis/build/icyphy/ptII/ptolemy/actor/lib/test/auto/knownFailedTests/PublisherPortToplevelSubscriber.xml (RunModel)" time="0.021" />
  <testcase classname="ptolemy.util.test.junit.AutoKnownFailedTests" name="[1] /home/travis/build/icyphy/ptII/ptolemy/actor/lib/test/auto/knownFailedTests/PublisherSubscriberPortToplevel.xml (RunModel)" time="0.019" />
  <testcase classname="ptolemy.util.test.junit.AutoKnownFailedTests" name="[2] /home/travis/build/icyphy/ptII/ptolemy/actor/lib/test/auto/knownFailedTests/PublisherSubscriptionAggregatorPort.xml (RunModel)" time="0.018" />
  <testcase classname="ptolemy.util.test.junit.AutoKnownFailedTests" name="[3] /home/travis/build/icyphy/ptII/ptolemy/actor/lib/test/auto/knownFailedTests/sizedarray3.xml (RunModel)" time="0.038" />
  <testcase classname="ptolemy.util.test.junit.AutoNameArchTests" name="[0] ThereAreNoAutoArchTests (RunModel)" time="0.001" />
  <testcase classname="ptolemy.util.test.junit.AutoTests" name="[0] /home/travis/build/icyphy/ptII/ptolemy/actor/lib/test/auto/AbsoluteValue.xml (RunModel)" time="0.1" />
  <testcase classname="ptolemy.util.test.junit.AutoTests" name="[1] /home/travis/build/icyphy/ptII/ptolemy/actor/lib/test/auto/AbsoluteValue2.xml (RunModel)" time="0.062" />
  <testcase classname="ptolemy.util.test.junit.AutoTests" name="[2] /home/travis/build/icyphy/ptII/ptolemy/actor/lib/test/auto/Accumulator.xml (RunModel)" time="0.071" />
  <testcase classname="ptolemy.util.test.junit.AutoTests" name="[3] /home/travis/build/icyphy/ptII/ptolemy/actor/lib/test/auto/Accumulator2.xml (RunModel)" time="0.02" />
  <testcase classname="ptolemy.util.test.junit.AutoTests" name="[4] /home/travis/build/icyphy/ptII/ptolemy/actor/lib/test/auto/Accumulator3.xml (RunModel)" time="0.014" />
  <testcase classname="ptolemy.util.test.junit.AutoTests" name="[5] /home/travis/build/icyphy/ptII/ptolemy/actor/lib/test/auto/ArrayAppend.xml (RunModel)" time="0.032" />
  <testcase classname="ptolemy.util.test.junit.AutoTests" name="[6] /home/travis/build/icyphy/ptII/ptolemy/actor/lib/test/auto/ArrayAppend2.xml (RunModel)" time="0.39" />
  <testcase classname="ptolemy.util.test.junit.AutoTests" name="[7] /home/travis/build/icyphy/ptII/ptolemy/actor/lib/test/auto/ArrayAppend3.xml (RunModel)" time="0.04" />
  <testcase classname="ptolemy.util.test.junit.AutoTests" name="[8] /home/travis/build/icyphy/ptII/ptolemy/actor/lib/test/auto/ArrayAppend4.xml (RunModel)" time="0.014" />
  <testcase classname="ptolemy.util.test.junit.AutoTests" name="[9] /home/travis/build/icyphy/ptII/ptolemy/actor/lib/test/auto/ArrayAppend5.xml (RunModel)" time="0.017" />
  <testcase classname="ptolemy.util.test.junit.AutoTests" name="[10] /home/travis/build/icyphy/ptII/ptolemy/actor/lib/test/auto/ArrayAppend6.xml (RunModel)" time="0.017" />
  <testcase classname="ptolemy.util.test.junit.AutoTests" name="[11] /home/travis/build/icyphy/ptII/ptolemy/actor/lib/test/auto/ArrayAppendPerformanceTest.xml (RunModel)" time="0.061" />
  <testcase classname="ptolemy.util.test.junit.AutoTests" name="[12] /home/travis/build/icyphy/ptII/ptolemy/actor/lib/test/auto/ArrayAppendWithEmptyInput.xml (RunModel)" time="0.039" />
  <testcase classname="ptolemy.util.test.junit.AutoTests" name="[13] /home/travis/build/icyphy/ptII/ptolemy/actor/lib/test/auto/ArrayAverage.xml (RunModel)" time="0.041" />
  <testcase classname="ptolemy.util.test.junit.AutoTests" name="[14] /home/travis/build/icyphy/ptII/ptolemy/actor/lib/test/auto/ArrayContains.xml (RunModel)" time="0.031" />
  <testcase classname="ptolemy.util.test.junit.AutoTests" name="[15] /home/travis/build/icyphy/ptII/ptolemy/actor/lib/test/auto/ArrayElement.xml (RunModel)" time="0.045" />
  <testcase classname="ptolemy.util.test.junit.AutoTests" name="[16] /home/travis/build/icyphy/ptII/ptolemy/actor/lib/test/auto/ArrayElementAsMatrix.xml (RunModel)" time="0.048" />
  <testcase classname="ptolemy.util.test.junit.AutoTests" name="[17] /home/travis/build/icyphy/ptII/ptolemy/actor/lib/test/auto/ArrayElementI.xml (RunModel)" time="0.014" />
  <testcase classname="ptolemy.util.test.junit.AutoTests" name="[18] /home/travis/build/icyphy/ptII/ptolemy/actor/lib/test/auto/ArrayExtract.xml (RunModel)" time="0.033" />
  <testcase classname="ptolemy.util.test.junit.AutoTests" name="[19] /home/travis/build/icyphy/ptII/ptolemy/actor/lib/test/auto/ArrayExtract2.xml (RunModel)" time="0.014" />
  <testcase classname="ptolemy.util.test.junit.AutoTests" name="[20] /home/travis/build/icyphy/ptII/ptolemy/actor/lib/test/auto/ArrayLength.xml (RunModel)" time="0.017" />
  <testcase classname="ptolemy.util.test.junit.AutoTests" name="[21] /home/travis/build/icyphy/ptII/ptolemy/actor/lib/test/auto/ArrayLevelCrossing.xml (RunModel)" time="0.028" />
  <testcase classname="ptolemy.util.test.junit.AutoTests" name="[22] /home/travis/build/icyphy/ptII/ptolemy/actor/lib/test/auto/ArrayLevelCrossing2.xml (RunModel)" time="0.02" />
  <testcase classname="ptolemy.util.test.junit.AutoTests" name="[23] /home/travis/build/icyphy/ptII/ptolemy/actor/lib/test/auto/ArrayPeakSearch.xml (RunModel)" time="0.035" />
  <testcase classname="ptolemy.util.test.junit.AutoTests" name="[24] /home/travis/build/icyphy/ptII/ptolemy/actor/lib/test/auto/ArrayPeakSearch2.xml (RunModel)" time="0.033" />
  <testcase classname="ptolemy.util.test.junit.AutoTests" name="[25] /home/travis/build/icyphy/ptII/ptolemy/actor/lib/test/auto/ArrayPeakSearch3.xml (RunModel)" time="0.04" />
  <testcase classname="ptolemy.util.test.junit.AutoTests" name="[26] /home/travis/build/icyphy/ptII/ptolemy/actor/lib/test/auto/ArrayRemoveElement.xml (RunModel)" time="0.024" />
  <testcase classname="ptolemy.util.test.junit.AutoTests" name="[27] /home/travis/build/icyphy/ptII/ptolemy/actor/lib/test/auto/ArraySort.xml (RunModel)" time="0.03" />
  <testcase classname="ptolemy.util.test.junit.AutoTests" name="[28] /home/travis/build/icyphy/ptII/ptolemy/actor/lib/test/auto/ArraySum.xml (RunModel)" time="0.016" />
  <testcase classname="ptolemy.util.test.junit.AutoTests" name="[29] /home/travis/build/icyphy/ptII/ptolemy/actor/lib/test/auto/ArrayToElements.xml (RunModel)" time="0.021" />
  <testcase classname="ptolemy.util.test.junit.AutoTests" name="[30] /home/travis/build/icyphy/ptII/ptolemy/actor/lib/test/auto/ArrayToMatrix.xml (RunModel)" time="0.057" />
  <testcase classname="ptolemy.util.test.junit.AutoTests" name="[31] /home/travis/build/icyphy/ptII/ptolemy/actor/lib/test/auto/ArrayUpdate1.xml (RunModel)" time="0.014" />
  <testcase classname="ptolemy.util.test.junit.AutoTests" name="[32] /home/travis/build/icyphy/ptII/ptolemy/actor/lib/test/auto/ArrayUpdate2.xml (RunModel)" time="0.021" />
  <testcase classname="ptolemy.util.test.junit.AutoTests" name="[33] /home/travis/build/icyphy/ptII/ptolemy/actor/lib/test/auto/ArrayUpdate3.xml (RunModel)" time="0.01" />
  <testcase classname="ptolemy.util.test.junit.AutoTests" name="[34] /home/travis/build/icyphy/ptII/ptolemy/actor/lib/test/auto/Assert1.xml (RunModel)" time="0.016" />
  <testcase classname="ptolemy.util.test.junit.AutoTests" name="[35] /home/travis/build/icyphy/ptII/ptolemy/actor/lib/test/auto/Assert2.xml (RunModel)" time="0.008" />
  <testcase classname="ptolemy.util.test.junit.AutoTests" name="[36] /home/travis/build/icyphy/ptII/ptolemy/actor/lib/test/auto/BooleanMultiplexor.xml (RunModel)" time="0.012" />
  <testcase classname="ptolemy.util.test.junit.AutoTests" name="[37] /home/travis/build/icyphy/ptII/ptolemy/actor/lib/test/auto/BooleanMultiplexor2.xml (RunModel)" time="0.013" />
  <testcase classname="ptolemy.util.test.junit.AutoTests" name="[38] /home/travis/build/icyphy/ptII/ptolemy/actor/lib/test/auto/BooleanMultiplexor3.xml (RunModel)" time="0.017" />
  <testcase classname="ptolemy.util.test.junit.AutoTests" name="[39] /home/travis/build/icyphy/ptII/ptolemy/actor/lib/test/auto/BooleanSelect.xml (RunModel)" time="0.018" />
  <testcase classname="ptolemy.util.test.junit.AutoTests" name="[40] /home/travis/build/icyphy/ptII/ptolemy/actor/lib/test/auto/BooleanSelect2.xml (RunModel)" time="0.014" />
  <testcase classname="ptolemy.util.test.junit.AutoTests" name="[41] /home/travis/build/icyphy/ptII/ptolemy/actor/lib/test/auto/BooleanSwitch.xml (RunModel)" time="0.019" />
  <testcase classname="ptolemy.util.test.junit.AutoTests" name="[42] /home/travis/build/icyphy/ptII/ptolemy/actor/lib/test/auto/BooleanSwitch2.xml (RunModel)" time="0.011" />
  <testcase classname="ptolemy.util.test.junit.AutoTests" name="[43] /home/travis/build/icyphy/ptII/ptolemy/actor/lib/test/auto/BooleanSwitchCloningBugWithClassRelationGroup.xml (RunModel)" time="0.03" />
  <testcase classname="ptolemy.util.test.junit.AutoTests" name="[44] /home/travis/build/icyphy/ptII/ptolemy/actor/lib/test/auto/BusActors.xml (RunModel)" time="0.028" />
  <testcase classname="ptolemy.util.test.junit.AutoTests" name="[45] /home/travis/build/icyphy/ptII/ptolemy/actor/lib/test/auto/ClassWrapper.xml (RunModel)" time="0.018" />
  <testcase classname="ptolemy.util.test.junit.AutoTests" name="[46] /home/travis/build/icyphy/ptII/ptolemy/actor/lib/test/auto/Clock.xml (RunModel)" time="0.008" />
  <testcase classname="ptolemy.util.test.junit.AutoTests" name="[47] /home/travis/build/icyphy/ptII/ptolemy/actor/lib/test/auto/Clock10.xml (RunModel)" time="0.016" />
  <testcase classname="ptolemy.util.test.junit.AutoTests" name="[48] /home/travis/build/icyphy/ptII/ptolemy/actor/lib/test/auto/Clock11.xml (RunModel)" time="0.014" />
  <testcase classname="ptolemy.util.test.junit.AutoTests" name="[49] /home/travis/build/icyphy/ptII/ptolemy/actor/lib/test/auto/Clock12.xml (RunModel)" time="0.015" />
  <testcase classname="ptolemy.util.test.junit.AutoTests" name="[50] /home/travis/build/icyphy/ptII/ptolemy/actor/lib/test/auto/Clock13.xml (RunModel)" time="0.019" />
  <testcase classname="ptolemy.util.test.junit.AutoTests" name="[51] /home/travis/build/icyphy/ptII/ptolemy/actor/lib/test/auto/Clock14.xml (RunModel)" time="0.017" />
  <testcase classname="ptolemy.util.test.junit.AutoTests" name="[52] /home/travis/build/icyphy/ptII/ptolemy/actor/lib/test/auto/Clock15.xml (RunModel)" time="0.011" />
  <testcase classname="ptolemy.util.test.junit.AutoTests" name="[53] /home/travis/build/icyphy/ptII/ptolemy/actor/lib/test/auto/Clock16.xml (RunModel)" time="0.078" />
  <testcase classname="ptolemy.util.test.junit.AutoTests" name="[54] /home/travis/build/icyphy/ptII/ptolemy/actor/lib/test/auto/Clock17.xml (RunModel)" time="0.062" />
  <testcase classname="ptolemy.util.test.junit.AutoTests" name="[55] /home/travis/build/icyphy/ptII/ptolemy/actor/lib/test/auto/Clock18.xml (RunModel)" time="0.043" />
  <testcase classname="ptolemy.util.test.junit.AutoTests" name="[56] /home/travis/build/icyphy/ptII/ptolemy/actor/lib/test/auto/Clock19.xml (RunModel)" time="0.039" />
  <testcase classname="ptolemy.util.test.junit.AutoTests" name="[57] /home/travis/build/icyphy/ptII/ptolemy/actor/lib/test/auto/Clock2.xml (RunModel)" time="0.012" />
  <testcase classname="ptolemy.util.test.junit.AutoTests" name="[58] /home/travis/build/icyphy/ptII/ptolemy/actor/lib/test/auto/Clock20.xml (RunModel)" time="0.019" />
  <testcase classname="ptolemy.util.test.junit.AutoTests" name="[59] /home/travis/build/icyphy/ptII/ptolemy/actor/lib/test/auto/Clock21.xml (RunModel)" time="0.014" />
  <testcase classname="ptolemy.util.test.junit.AutoTests" name="[60] /home/travis/build/icyphy/ptII/ptolemy/actor/lib/test/auto/Clock22.xml (RunModel)" time="0.016" />
  <testcase classname="ptolemy.util.test.junit.AutoTests" name="[61] /home/travis/build/icyphy/ptII/ptolemy/actor/lib/test/auto/Clock23.xml (RunModel)" time="0.014" />
  <testcase classname="ptolemy.util.test.junit.AutoTests" name="[62] /home/travis/build/icyphy/ptII/ptolemy/actor/lib/test/auto/Clock24.xml (RunModel)" time="0.012" />
  <testcase classname="ptolemy.util.test.junit.AutoTests" name="[63] /home/travis/build/icyphy/ptII/ptolemy/actor/lib/test/auto/Clock4.xml (RunModel)" time="0.016" />
  <testcase classname="ptolemy.util.test.junit.AutoTests" name="[64] /home/travis/build/icyphy/ptII/ptolemy/actor/lib/test/auto/Clock5.xml (RunModel)" time="0.013" />
  <testcase classname="ptolemy.util.test.junit.AutoTests" name="[65] /home/travis/build/icyphy/ptII/ptolemy/actor/lib/test/auto/Clock6.xml (RunModel)" time="0.006" />
  <testcase classname="ptolemy.util.test.junit.AutoTests" name="[66] /home/travis/build/icyphy/ptII/ptolemy/actor/lib/test/auto/Clock7.xml (RunModel)" time="0.007" />
  <testcase classname="ptolemy.util.test.junit.AutoTests" name="[67] /home/travis/build/icyphy/ptII/ptolemy/actor/lib/test/auto/Clock8.xml (RunModel)" time="0.012" />
  <testcase classname="ptolemy.util.test.junit.AutoTests" name="[68] /home/travis/build/icyphy/ptII/ptolemy/actor/lib/test/auto/Clock9.xml (RunModel)" time="0.012" />
  <testcase classname="ptolemy.util.test.junit.AutoTests" name="[69] /home/travis/build/icyphy/ptII/ptolemy/actor/lib/test/auto/CommDistDiscard.xml (RunModel)" time="0.02" />
  <testcase classname="ptolemy.util.test.junit.AutoTests" name="[70] /home/travis/build/icyphy/ptII/ptolemy/actor/lib/test/auto/Commutator.xml (RunModel)" time="0.011" />
  <testcase classname="ptolemy.util.test.junit.AutoTests" name="[71] /home/travis/build/icyphy/ptII/ptolemy/actor/lib/test/auto/Commutator2.xml (RunModel)" time="0.007" />
  <testcase classname="ptolemy.util.test.junit.AutoTests" name="[72] /home/travis/build/icyphy/ptII/ptolemy/actor/lib/test/auto/Commutator3.xml (RunModel)" time="0.008" />
  <testcase classname="ptolemy.util.test.junit.AutoTests" name="[73] /home/travis/build/icyphy/ptII/ptolemy/actor/lib/test/auto/Compare.xml (RunModel)" time="0.023" />
  <testcase classname="ptolemy.util.test.junit.AutoTests" name="[74] /home/travis/build/icyphy/ptII/ptolemy/actor/lib/test/auto/CompareDE.xml (RunModel)" time="0.018" />
  <testcase classname="ptolemy.util.test.junit.AutoTests" name="[75] /home/travis/build/icyphy/ptII/ptolemy/actor/lib/test/auto/ComplexDivide.xml (RunModel)" time="0.006" />
  <testcase classname="ptolemy.util.test.junit.AutoTests" name="[76] /home/travis/build/icyphy/ptII/ptolemy/actor/lib/test/auto/ComputeHistogram.xml (RunModel)" time="0.042" />
  <testcase classname="ptolemy.util.test.junit.AutoTests" name="[77] /home/travis/build/icyphy/ptII/ptolemy/actor/lib/test/auto/ConfigurationSelect.xml (RunModel)" time="0.015" />
  <testcase classname="ptolemy.util.test.junit.AutoTests" name="[78] /home/travis/build/icyphy/ptII/ptolemy/actor/lib/test/auto/ConfigurationSelect2.xml (RunModel)" time="0.01" />
  <testcase classname="ptolemy.util.test.junit.AutoTests" name="[79] /home/travis/build/icyphy/ptII/ptolemy/actor/lib/test/auto/ConfigurationSwitch.xml (RunModel)" time="0.028" />
  <testcase classname="ptolemy.util.test.junit.AutoTests" name="[80] /home/travis/build/icyphy/ptII/ptolemy/actor/lib/test/auto/ConfigurationSwitch2.xml (RunModel)" time="0.012" />
  <testcase classname="ptolemy.util.test.junit.AutoTests" name="[81] /home/travis/build/icyphy/ptII/ptolemy/actor/lib/test/auto/ConfigurationSwitchCloningBugWithClassRelationGroup.xml (RunModel)" time="0.02" />
  <testcase classname="ptolemy.util.test.junit.AutoTests" name="[82] /home/travis/build/icyphy/ptII/ptolemy/actor/lib/test/auto/ConfigurationSwitchSelectSDF.xml (RunModel)" time="0.011" />
  <testcase classname="ptolemy.util.test.junit.AutoTests" name="[83] /home/travis/build/icyphy/ptII/ptolemy/actor/lib/test/auto/ConfigurationSwitchSelectSDF2.xml (RunModel)" time="0.01" />
  <testcase classname="ptolemy.util.test.junit.AutoTests" name="[84] /home/travis/build/icyphy/ptII/ptolemy/actor/lib/test/auto/Const.xml (RunModel)" time="0.005" />
  <testcase classname="ptolemy.util.test.junit.AutoTests" name="[85] /home/travis/build/icyphy/ptII/ptolemy/actor/lib/test/auto/Const2.xml (RunModel)" time="0.006" />
  <testcase classname="ptolemy.util.test.junit.AutoTests" name="[86] /home/travis/build/icyphy/ptII/ptolemy/actor/lib/test/auto/Const3.xml (RunModel)" time="0.004" />
  <testcase classname="ptolemy.util.test.junit.AutoTests" name="[87] /home/travis/build/icyphy/ptII/ptolemy/actor/lib/test/auto/ConstantPublisherPort1.xml (RunModel)" time="0.015" />
  <testcase classname="ptolemy.util.test.junit.AutoTests" name="[88] /home/travis/build/icyphy/ptII/ptolemy/actor/lib/test/auto/ConstantPublisherPort2.xml (RunModel)" time="0.012" />
  <testcase classname="ptolemy.util.test.junit.AutoTests" name="[89] /home/travis/build/icyphy/ptII/ptolemy/actor/lib/test/auto/ConstantPublisherPort3.xml (RunModel)" time="0.013" />
  <testcase classname="ptolemy.util.test.junit.AutoTests" name="[90] /home/travis/build/icyphy/ptII/ptolemy/actor/lib/test/auto/ConstantPublisherPort4.xml (RunModel)" time="0.021" />
  <testcase classname="ptolemy.util.test.junit.AutoTests" name="[91] /home/travis/build/icyphy/ptII/ptolemy/actor/lib/test/auto/ConstantPublisherPort5.xml (RunModel)" time="0.033" />
  <testcase classname="ptolemy.util.test.junit.AutoTests" name="[92] /home/travis/build/icyphy/ptII/ptolemy/actor/lib/test/auto/ConstantPublisherPort6.xml (RunModel)" time="0.027" />
  <testcase classname="ptolemy.util.test.junit.AutoTests" name="[93] /home/travis/build/icyphy/ptII/ptolemy/actor/lib/test/auto/ConstantPublisherPort7.xml (RunModel)" time="0.02" />
  <testcase classname="ptolemy.util.test.junit.AutoTests" name="[94] /home/travis/build/icyphy/ptII/ptolemy/actor/lib/test/auto/ConstraintMonitor1.xml (RunModel)" time="0.034" />
  <testcase classname="ptolemy.util.test.junit.AutoTests" name="[95] /home/travis/build/icyphy/ptII/ptolemy/actor/lib/test/auto/ConstraintMonitor2.xml (RunModel)" time="0.008" />
  <testcase classname="ptolemy.util.test.junit.AutoTests" name="[96] /home/travis/build/icyphy/ptII/ptolemy/actor/lib/test/auto/ConstraintMonitor3.xml (RunModel)" time="0.019" />
  <testcase classname="ptolemy.util.test.junit.AutoTests" name="[97] /home/travis/build/icyphy/ptII/ptolemy/actor/lib/test/auto/ConstraintMonitor4.xml (RunModel)" time="0.011" />
  <testcase classname="ptolemy.util.test.junit.AutoTests" name="[98] /home/travis/build/icyphy/ptII/ptolemy/actor/lib/test/auto/ConstraintMonitor5.xml (RunModel)" time="0.013" />
  <testcase classname="ptolemy.util.test.junit.AutoTests" name="[99] /home/travis/build/icyphy/ptII/ptolemy/actor/lib/test/auto/ConstraintMonitor6.xml (RunModel)" time="0.014" />
  <testcase classname="ptolemy.util.test.junit.AutoTests" name="[100] /home/travis/build/icyphy/ptII/ptolemy/actor/lib/test/auto/ConstraintMonitor7.xml (RunModel)" time="0.014" />
  <testcase classname="ptolemy.util.test.junit.AutoTests" name="[101] /home/travis/build/icyphy/ptII/ptolemy/actor/lib/test/auto/ConstraintMonitor8.xml (RunModel)" time="0.015" />
  <testcase classname="ptolemy.util.test.junit.AutoTests" name="[102] /home/travis/build/icyphy/ptII/ptolemy/actor/lib/test/auto/Counter.xml (RunModel)" time="0.011" />
  <testcase classname="ptolemy.util.test.junit.AutoTests" name="[103] /home/travis/build/icyphy/ptII/ptolemy/actor/lib/test/auto/CurrentTimeSDF.xml (RunModel)" time="0.006" />
  <testcase classname="ptolemy.util.test.junit.AutoTests" name="[104] /home/travis/build/icyphy/ptII/ptolemy/actor/lib/test/auto/DB.xml (RunModel)" time="0.01" />
  <testcase classname="ptolemy.util.test.junit.AutoTests" name="[105] /home/travis/build/icyphy/ptII/ptolemy/actor/lib/test/auto/DBDE.xml (RunModel)" time="0.012" />
  <testcase classname="ptolemy.util.test.junit.AutoTests" name="[106] /home/travis/build/icyphy/ptII/ptolemy/actor/lib/test/auto/DateConstructor.xml (RunModel)" time="0.067" />
  <testcase classname="ptolemy.util.test.junit.AutoTests" name="[107] /home/travis/build/icyphy/ptII/ptolemy/actor/lib/test/auto/DelayTime.xml (RunModel)" time="0.013" />
  <testcase classname="ptolemy.util.test.junit.AutoTests" name="[108] /home/travis/build/icyphy/ptII/ptolemy/actor/lib/test/auto/Dictionary1.xml (RunModel)" time="0.022" />
  <testcase classname="ptolemy.util.test.junit.AutoTests" name="[109] /home/travis/build/icyphy/ptII/ptolemy/actor/lib/test/auto/Dictionary2.xml (RunModel)" time="0.013" />
  <testcase classname="ptolemy.util.test.junit.AutoTests" name="[110] /home/travis/build/icyphy/ptII/ptolemy/actor/lib/test/auto/Dictionary3.xml (RunModel)" time="0.012" />
  <testcase classname="ptolemy.util.test.junit.AutoTests" name="[111] /home/travis/build/icyphy/ptII/ptolemy/actor/lib/test/auto/Dictionary4.xml (RunModel)" time="0.014" />
  <testcase classname="ptolemy.util.test.junit.AutoTests" name="[112] /home/travis/build/icyphy/ptII/ptolemy/actor/lib/test/auto/Differential.xml (RunModel)" time="0.01" />
  <testcase classname="ptolemy.util.test.junit.AutoTests" name="[113] /home/travis/build/icyphy/ptII/ptolemy/actor/lib/test/auto/Director.xml (RunModel)" time="0.01" />
  <testcase classname="ptolemy.util.test.junit.AutoTests" name="[114] /home/travis/build/icyphy/ptII/ptolemy/actor/lib/test/auto/DiscreteClock.xml (RunModel)" time="0.005" />
  <testcase classname="ptolemy.util.test.junit.AutoTests" name="[115] /home/travis/build/icyphy/ptII/ptolemy/actor/lib/test/auto/DiscreteClock10.xml (RunModel)" time="0.012" />
  <testcase classname="ptolemy.util.test.junit.AutoTests" name="[116] /home/travis/build/icyphy/ptII/ptolemy/actor/lib/test/auto/DiscreteClock11.xml (RunModel)" time="0.009" />
  <testcase classname="ptolemy.util.test.junit.AutoTests" name="[117] /home/travis/build/icyphy/ptII/ptolemy/actor/lib/test/auto/DiscreteClock12.xml (RunModel)" time="0.01" />
  <testcase classname="ptolemy.util.test.junit.AutoTests" name="[118] /home/travis/build/icyphy/ptII/ptolemy/actor/lib/test/auto/DiscreteClock13.xml (RunModel)" time="0.012" />
  <testcase classname="ptolemy.util.test.junit.AutoTests" name="[119] /home/travis/build/icyphy/ptII/ptolemy/actor/lib/test/auto/DiscreteClock14.xml (RunModel)" time="0.012" />
  <testcase classname="ptolemy.util.test.junit.AutoTests" name="[120] /home/travis/build/icyphy/ptII/ptolemy/actor/lib/test/auto/DiscreteClock15.xml (RunModel)" time="0.012" />
  <testcase classname="ptolemy.util.test.junit.AutoTests" name="[121] /home/travis/build/icyphy/ptII/ptolemy/actor/lib/test/auto/DiscreteClock16.xml (RunModel)" time="0.037" />
  <testcase classname="ptolemy.util.test.junit.AutoTests" name="[122] /home/travis/build/icyphy/ptII/ptolemy/actor/lib/test/auto/DiscreteClock17.xml (RunModel)" time="0.041" />
  <testcase classname="ptolemy.util.test.junit.AutoTests" name="[123] /home/travis/build/icyphy/ptII/ptolemy/actor/lib/test/auto/DiscreteClock18.xml (RunModel)" time="0.035" />
  <testcase classname="ptolemy.util.test.junit.AutoTests" name="[124] /home/travis/build/icyphy/ptII/ptolemy/actor/lib/test/auto/DiscreteClock19.xml (RunModel)" time="0.046" />
  <testcase classname="ptolemy.util.test.junit.AutoTests" name="[125] /home/travis/build/icyphy/ptII/ptolemy/actor/lib/test/auto/DiscreteClock2.xml (RunModel)" time="0.01" />
  <testcase classname="ptolemy.util.test.junit.AutoTests" name="[126] /home/travis/build/icyphy/ptII/ptolemy/actor/lib/test/auto/DiscreteClock20.xml (RunModel)" time="0.017" />
  <testcase classname="ptolemy.util.test.junit.AutoTests" name="[127] /home/travis/build/icyphy/ptII/ptolemy/actor/lib/test/auto/DiscreteClock21.xml (RunModel)" time="0.015" />
  <testcase classname="ptolemy.util.test.junit.AutoTests" name="[128] /home/travis/build/icyphy/ptII/ptolemy/actor/lib/test/auto/DiscreteClock22.xml (RunModel)" time="0.011" />
  <testcase classname="ptolemy.util.test.junit.AutoTests" name="[129] /home/travis/build/icyphy/ptII/ptolemy/actor/lib/test/auto/DiscreteClock23.xml (RunModel)" time="0.016" />
  <testcase classname="ptolemy.util.test.junit.AutoTests" name="[130] /home/travis/build/icyphy/ptII/ptolemy/actor/lib/test/auto/DiscreteClock24.xml (RunModel)" time="0.012" />
  <testcase classname="ptolemy.util.test.junit.AutoTests" name="[131] /home/travis/build/icyphy/ptII/ptolemy/actor/lib/test/auto/DiscreteClock4.xml (RunModel)" time="0.009" />
  <testcase classname="ptolemy.util.test.junit.AutoTests" name="[132] /home/travis/build/icyphy/ptII/ptolemy/actor/lib/test/auto/DiscreteClock5.xml (RunModel)" time="0.009" />
  <testcase classname="ptolemy.util.test.junit.AutoTests" name="[133] /home/travis/build/icyphy/ptII/ptolemy/actor/lib/test/auto/DiscreteClock6.xml (RunModel)" time="0.008" />
  <testcase classname="ptolemy.util.test.junit.AutoTests" name="[134] /home/travis/build/icyphy/ptII/ptolemy/actor/lib/test/auto/DiscreteClock7.xml (RunModel)" time="0.008" />
  <testcase classname="ptolemy.util.test.junit.AutoTests" name="[135] /home/travis/build/icyphy/ptII/ptolemy/actor/lib/test/auto/DiscreteClock8.xml (RunModel)" time="0.021" />
  <testcase classname="ptolemy.util.test.junit.AutoTests" name="[136] /home/travis/build/icyphy/ptII/ptolemy/actor/lib/test/auto/DiscreteClock9.xml (RunModel)" time="0.01" />
  <testcase classname="ptolemy.util.test.junit.AutoTests" name="[137] /home/travis/build/icyphy/ptII/ptolemy/actor/lib/test/auto/DisplayArray.xml (RunModel)" time="0.008" />
  <testcase classname="ptolemy.util.test.junit.AutoTests" name="[138] /home/travis/build/icyphy/ptII/ptolemy/actor/lib/test/auto/Distributor.xml (RunModel)" time="0.007" />
  <testcase classname="ptolemy.util.test.junit.AutoTests" name="[139] /home/travis/build/icyphy/ptII/ptolemy/actor/lib/test/auto/Distributor2.xml (RunModel)" time="0.007" />
  <testcase classname="ptolemy.util.test.junit.AutoTests" name="[140] /home/travis/build/icyphy/ptII/ptolemy/actor/lib/test/auto/DownSample.xml (RunModel)" time="0.009" />
  <testcase classname="ptolemy.util.test.junit.AutoTests" name="[141] /home/travis/build/icyphy/ptII/ptolemy/actor/lib/test/auto/ElectronicUnitBase1.xml (RunModel)" time="0.055" />
  <testcase classname="ptolemy.util.test.junit.AutoTests" name="[142] /home/travis/build/icyphy/ptII/ptolemy/actor/lib/test/auto/ElementsToArray.xml (RunModel)" time="0.009" />
  <testcase classname="ptolemy.util.test.junit.AutoTests" name="[143] /home/travis/build/icyphy/ptII/ptolemy/actor/lib/test/auto/Equals.xml (RunModel)" time="0.012" />
  <testcase classname="ptolemy.util.test.junit.AutoTests" name="[144] /home/travis/build/icyphy/ptII/ptolemy/actor/lib/test/auto/Exec.xml (RunModel)" time="0.027" />
  <testcase classname="ptolemy.util.test.junit.AutoTests" name="[145] /home/travis/build/icyphy/ptII/ptolemy/actor/lib/test/auto/ExecEnvironment.xml (RunModel)" time="0.037" />
  <testcase classname="ptolemy.util.test.junit.AutoTests" name="[146] /home/travis/build/icyphy/ptII/ptolemy/actor/lib/test/auto/ExecNonZeroReturnOutput.xml (RunModel)" time="0.167" />
  <testcase classname="ptolemy.util.test.junit.AutoTests" name="[147] /home/travis/build/icyphy/ptII/ptolemy/actor/lib/test/auto/ExecRunDemos.xml (RunModel)" time="10.007" />
  <testcase classname="ptolemy.util.test.junit.AutoTests" name="[148] /home/travis/build/icyphy/ptII/ptolemy/actor/lib/test/auto/ExecStop.xml (RunModel)" time="5.036" />
  <testcase classname="ptolemy.util.test.junit.AutoTests" name="[149] /home/travis/build/icyphy/ptII/ptolemy/actor/lib/test/auto/ExecutionTimeSDF.xml (RunModel)" time="6.047">
    <error type="java.lang.reflect.InvocationTargetException">java.lang.reflect.InvocationTargetException
	at jdk.internal.reflect.GeneratedConstructorAccessor36.newInstance(Unknown Source)
	at java.base/jdk.internal.reflect.DelegatingConstructorAccessorImpl.newInstance(DelegatingConstructorAccessorImpl.java:45)
	at java.base/java.lang.reflect.Constructor.newInstance(Constructor.java:490)
	at ptolemy.util.test.junit.AutoTests.RunModel(AutoTests.java:193)
	at jdk.internal.reflect.GeneratedMethodAccessor43.invoke(Unknown Source)
	at java.base/jdk.internal.reflect.DelegatingMethodAccessorImpl.invoke(DelegatingMethodAccessorImpl.java:43)
	at junitparams.internal.InvokeParameterisedMethod.evaluate(InvokeParameterisedMethod.java:102)
Caused by: ptolemy.kernel.util.IllegalActionException: Test fails in iteration 0.
Value was: 6003L. Should have been: 6000L
  in .ExecutionTimeSDF.NonStrictTest
	at ptolemy.actor.lib.NonStrictTest.postfire(NonStrictTest.java:328)
	at ptolemy.actor.AtomicActor.iterate(AtomicActor.java:518)
	at ptolemy.actor.sched.StaticSchedulingDirector.fire(StaticSchedulingDirector.java:216)
	at ptolemy.domains.sdf.kernel.SDFDirector.fire(SDFDirector.java:500)
	at ptolemy.actor.CompositeActor.fire(CompositeActor.java:455)
	at ptolemy.actor.Manager.iterate(Manager.java:851)
	at ptolemy.actor.Manager.execute(Manager.java:369)
	at ptolemy.actor.Manager.run(Manager.java:1263)
	at ptolemy.actor.Manager$PtolemyRunThread.run(Manager.java:1933)
</error>
  </testcase>
  <testcase classname="ptolemy.util.test.junit.AutoTests" name="[150] /home/travis/build/icyphy/ptII/ptolemy/actor/lib/test/auto/Expression1.xml (RunModel)" time="0.012" />
  <testcase classname="ptolemy.util.test.junit.AutoTests" name="[151] /home/travis/build/icyphy/ptII/ptolemy/actor/lib/test/auto/Expression10.xml (RunModel)" time="0.029" />
  <testcase classname="ptolemy.util.test.junit.AutoTests" name="[152] /home/travis/build/icyphy/ptII/ptolemy/actor/lib/test/auto/Expression11.xml (RunModel)" time="0.009" />
  <testcase classname="ptolemy.util.test.junit.AutoTests" name="[153] /home/travis/build/icyphy/ptII/ptolemy/actor/lib/test/auto/Expression12.xml (RunModel)" time="0.01" />
  <testcase classname="ptolemy.util.test.junit.AutoTests" name="[154] /home/travis/build/icyphy/ptII/ptolemy/actor/lib/test/auto/Expression13.xml (RunModel)" time="0.009" />
  <testcase classname="ptolemy.util.test.junit.AutoTests" name="[155] /home/travis/build/icyphy/ptII/ptolemy/actor/lib/test/auto/Expression14.xml (RunModel)" time="0.014" />
  <testcase classname="ptolemy.util.test.junit.AutoTests" name="[156] /home/travis/build/icyphy/ptII/ptolemy/actor/lib/test/auto/Expression15.xml (RunModel)" time="0.005" />
  <testcase classname="ptolemy.util.test.junit.AutoTests" name="[157] /home/travis/build/icyphy/ptII/ptolemy/actor/lib/test/auto/Expression16.xml (RunModel)" time="0.01" />
  <testcase classname="ptolemy.util.test.junit.AutoTests" name="[158] /home/travis/build/icyphy/ptII/ptolemy/actor/lib/test/auto/Expression17.xml (RunModel)" time="0.013" />
  <testcase classname="ptolemy.util.test.junit.AutoTests" name="[159] /home/travis/build/icyphy/ptII/ptolemy/actor/lib/test/auto/Expression18.xml (RunModel)" time="0.011" />
  <testcase classname="ptolemy.util.test.junit.AutoTests" name="[160] /home/travis/build/icyphy/ptII/ptolemy/actor/lib/test/auto/Expression2.xml (RunModel)" time="0.011" />
  <testcase classname="ptolemy.util.test.junit.AutoTests" name="[161] /home/travis/build/icyphy/ptII/ptolemy/actor/lib/test/auto/Expression3.xml (RunModel)" time="0.011" />
  <testcase classname="ptolemy.util.test.junit.AutoTests" name="[162] /home/travis/build/icyphy/ptII/ptolemy/actor/lib/test/auto/Expression4.xml (RunModel)" time="0.016" />
  <testcase classname="ptolemy.util.test.junit.AutoTests" name="[163] /home/travis/build/icyphy/ptII/ptolemy/actor/lib/test/auto/Expression5.xml (RunModel)" time="0.011" />
  <testcase classname="ptolemy.util.test.junit.AutoTests" name="[164] /home/travis/build/icyphy/ptII/ptolemy/actor/lib/test/auto/Expression6.xml (RunModel)" time="0.008" />
  <testcase classname="ptolemy.util.test.junit.AutoTests" name="[165] /home/travis/build/icyphy/ptII/ptolemy/actor/lib/test/auto/Expression7.xml (RunModel)" time="0.009" />
  <testcase classname="ptolemy.util.test.junit.AutoTests" name="[166] /home/travis/build/icyphy/ptII/ptolemy/actor/lib/test/auto/Expression8.xml (RunModel)" time="0.014" />
  <testcase classname="ptolemy.util.test.junit.AutoTests" name="[167] /home/travis/build/icyphy/ptII/ptolemy/actor/lib/test/auto/Expression9.xml (RunModel)" time="0.006" />
  <testcase classname="ptolemy.util.test.junit.AutoTests" name="[168] /home/travis/build/icyphy/ptII/ptolemy/actor/lib/test/auto/ExpressionConcatenateArrayType.xml (RunModel)" time="0.026" />
  <testcase classname="ptolemy.util.test.junit.AutoTests" name="[169] /home/travis/build/icyphy/ptII/ptolemy/actor/lib/test/auto/ExpressionConcatenateArrayType2.xml (RunModel)" time="0.02" />
  <testcase classname="ptolemy.util.test.junit.AutoTests" name="[170] /home/travis/build/icyphy/ptII/ptolemy/actor/lib/test/auto/ExpressionFix.xml (RunModel)" time="0.041" />
  <testcase classname="ptolemy.util.test.junit.AutoTests" name="[171] /home/travis/build/icyphy/ptII/ptolemy/actor/lib/test/auto/ExpressionFix2.xml (RunModel)" time="0.011" />
  <testcase classname="ptolemy.util.test.junit.AutoTests" name="[172] /home/travis/build/icyphy/ptII/ptolemy/actor/lib/test/auto/ExpressionFix3.xml (RunModel)" time="0.023" />
  <testcase classname="ptolemy.util.test.junit.AutoTests" name="[173] /home/travis/build/icyphy/ptII/ptolemy/actor/lib/test/auto/FileWriter1.xml (RunModel)" time="0.007" />
  <testcase classname="ptolemy.util.test.junit.AutoTests" name="[174] /home/travis/build/icyphy/ptII/ptolemy/actor/lib/test/auto/FileWriter2.xml (RunModel)" time="0.008" />
  <testcase classname="ptolemy.util.test.junit.AutoTests" name="[175] /home/travis/build/icyphy/ptII/ptolemy/actor/lib/test/auto/FileWriter3.xml (RunModel)" time="0.013" />
  <testcase classname="ptolemy.util.test.junit.AutoTests" name="[176] /home/travis/build/icyphy/ptII/ptolemy/actor/lib/test/auto/Gaussian.xml (RunModel)" time="0.011" />
  <testcase classname="ptolemy.util.test.junit.AutoTests" name="[177] /home/travis/build/icyphy/ptII/ptolemy/actor/lib/test/auto/Gaussian1.xml (RunModel)" time="0.019" />
  <testcase classname="ptolemy.util.test.junit.AutoTests" name="[178] /home/travis/build/icyphy/ptII/ptolemy/actor/lib/test/auto/Gaussian2.xml (RunModel)" time="0.015" />
  <testcase classname="ptolemy.util.test.junit.AutoTests" name="[179] /home/travis/build/icyphy/ptII/ptolemy/actor/lib/test/auto/GradientAdaptiveLattice.xml (RunModel)" time="0.014" />
  <testcase classname="ptolemy.util.test.junit.AutoTests" name="[180] /home/travis/build/icyphy/ptII/ptolemy/actor/lib/test/auto/IIR.xml (RunModel)" time="0.009" />
  <testcase classname="ptolemy.util.test.junit.AutoTests" name="[181] /home/travis/build/icyphy/ptII/ptolemy/actor/lib/test/auto/InputOutputTransparentPorts.xml (RunModel)" time="0.014" />
  <testcase classname="ptolemy.util.test.junit.AutoTests" name="[182] /home/travis/build/icyphy/ptII/ptolemy/actor/lib/test/auto/Interpolator.xml (RunModel)" time="0.009" />
  <testcase classname="ptolemy.util.test.junit.AutoTests" name="[183] /home/travis/build/icyphy/ptII/ptolemy/actor/lib/test/auto/InterpolatorFiringLimitDE.xml (RunModel)" time="0.011" />
  <testcase classname="ptolemy.util.test.junit.AutoTests" name="[184] /home/travis/build/icyphy/ptII/ptolemy/actor/lib/test/auto/Lattice.xml (RunModel)" time="0.006" />
  <testcase classname="ptolemy.util.test.junit.AutoTests" name="[185] /home/travis/build/icyphy/ptII/ptolemy/actor/lib/test/auto/LazyAOCTestLazy.xml (RunModel)" time="0.018" />
  <testcase classname="ptolemy.util.test.junit.AutoTests" name="[186] /home/travis/build/icyphy/ptII/ptolemy/actor/lib/test/auto/LazyAOCTestNonLazy.xml (RunModel)" time="0.038" />
  <testcase classname="ptolemy.util.test.junit.AutoTests" name="[187] /home/travis/build/icyphy/ptII/ptolemy/actor/lib/test/auto/LazyInnerClass.xml (RunModel)" time="0.05" />
  <testcase classname="ptolemy.util.test.junit.AutoTests" name="[188] /home/travis/build/icyphy/ptII/ptolemy/actor/lib/test/auto/LazyPubSub.xml (RunModel)" time="0.064" />
  <testcase classname="ptolemy.util.test.junit.AutoTests" name="[189] /home/travis/build/icyphy/ptII/ptolemy/actor/lib/test/auto/LazyPubSub2.xml (RunModel)" time="0.03" />
  <testcase classname="ptolemy.util.test.junit.AutoTests" name="[190] /home/travis/build/icyphy/ptII/ptolemy/actor/lib/test/auto/LazyPubSub3.xml (RunModel)" time="0.022" />
  <testcase classname="ptolemy.util.test.junit.AutoTests" name="[191] /home/travis/build/icyphy/ptII/ptolemy/actor/lib/test/auto/LazySubClassModel.xml (RunModel)" time="0.018" />
  <testcase classname="ptolemy.util.test.junit.AutoTests" name="[192] /home/travis/build/icyphy/ptII/ptolemy/actor/lib/test/auto/LevelCrossTest1.xml (RunModel)" time="0.008" />
  <testcase classname="ptolemy.util.test.junit.AutoTests" name="[193] /home/travis/build/icyphy/ptII/ptolemy/actor/lib/test/auto/LevelCrossTest10.xml (RunModel)" time="0.012" />
  <testcase classname="ptolemy.util.test.junit.AutoTests" name="[194] /home/travis/build/icyphy/ptII/ptolemy/actor/lib/test/auto/LevelCrossTest11.xml (RunModel)" time="0.013" />
  <testcase classname="ptolemy.util.test.junit.AutoTests" name="[195] /home/travis/build/icyphy/ptII/ptolemy/actor/lib/test/auto/LevelCrossTest12.xml (RunModel)" time="0.014" />
  <testcase classname="ptolemy.util.test.junit.AutoTests" name="[196] /home/travis/build/icyphy/ptII/ptolemy/actor/lib/test/auto/LevelCrossTest13.xml (RunModel)" time="0.011" />
  <testcase classname="ptolemy.util.test.junit.AutoTests" name="[197] /home/travis/build/icyphy/ptII/ptolemy/actor/lib/test/auto/LevelCrossTest2.xml (RunModel)" time="0.012" />
  <testcase classname="ptolemy.util.test.junit.AutoTests" name="[198] /home/travis/build/icyphy/ptII/ptolemy/actor/lib/test/auto/LevelCrossTest3.xml (RunModel)" time="0.009" />
  <testcase classname="ptolemy.util.test.junit.AutoTests" name="[199] /home/travis/build/icyphy/ptII/ptolemy/actor/lib/test/auto/LevelCrossTest4.xml (RunModel)" time="0.008" />
  <testcase classname="ptolemy.util.test.junit.AutoTests" name="[200] /home/travis/build/icyphy/ptII/ptolemy/actor/lib/test/auto/LevelCrossTest5.xml (RunModel)" time="0.025" />
  <testcase classname="ptolemy.util.test.junit.AutoTests" name="[201] /home/travis/build/icyphy/ptII/ptolemy/actor/lib/test/auto/LevelCrossTest6.xml (RunModel)" time="0.019" />
  <testcase classname="ptolemy.util.test.junit.AutoTests" name="[202] /home/travis/build/icyphy/ptII/ptolemy/actor/lib/test/auto/LevelCrossTest7.xml (RunModel)" time="0.017" />
  <testcase classname="ptolemy.util.test.junit.AutoTests" name="[203] /home/travis/build/icyphy/ptII/ptolemy/actor/lib/test/auto/LevelCrossTest8.xml (RunModel)" time="0.011" />
  <testcase classname="ptolemy.util.test.junit.AutoTests" name="[204] /home/travis/build/icyphy/ptII/ptolemy/actor/lib/test/auto/LevelCrossTest9.xml (RunModel)" time="0.011" />
  <testcase classname="ptolemy.util.test.junit.AutoTests" name="[205] /home/travis/build/icyphy/ptII/ptolemy/actor/lib/test/auto/LevinsonDurbin.xml (RunModel)" time="0.014" />
  <testcase classname="ptolemy.util.test.junit.AutoTests" name="[206] /home/travis/build/icyphy/ptII/ptolemy/actor/lib/test/auto/LevinsonDurbin2.xml (RunModel)" time="0.009" />
  <testcase classname="ptolemy.util.test.junit.AutoTests" name="[207] /home/travis/build/icyphy/ptII/ptolemy/actor/lib/test/auto/LevinsonDurbin3.xml (RunModel)" time="0.01" />
  <testcase classname="ptolemy.util.test.junit.AutoTests" name="[208] /home/travis/build/icyphy/ptII/ptolemy/actor/lib/test/auto/Limiter.xml (RunModel)" time="0.034" />
  <testcase classname="ptolemy.util.test.junit.AutoTests" name="[209] /home/travis/build/icyphy/ptII/ptolemy/actor/lib/test/auto/LinearDifferenceEquationSystem.xml (RunModel)" time="0.018" />
  <testcase classname="ptolemy.util.test.junit.AutoTests" name="[210] /home/travis/build/icyphy/ptII/ptolemy/actor/lib/test/auto/LookupTable.xml (RunModel)" time="0.007" />
  <testcase classname="ptolemy.util.test.junit.AutoTests" name="[211] /home/travis/build/icyphy/ptII/ptolemy/actor/lib/test/auto/MathFunction.xml (RunModel)" time="0.017" />
  <testcase classname="ptolemy.util.test.junit.AutoTests" name="[212] /home/travis/build/icyphy/ptII/ptolemy/actor/lib/test/auto/MathFunction2.xml (RunModel)" time="0.007" />
  <testcase classname="ptolemy.util.test.junit.AutoTests" name="[213] /home/travis/build/icyphy/ptII/ptolemy/actor/lib/test/auto/MathFunction3.xml (RunModel)" time="0.017" />
  <testcase classname="ptolemy.util.test.junit.AutoTests" name="[214] /home/travis/build/icyphy/ptII/ptolemy/actor/lib/test/auto/MatrixCropBoolean.xml (RunModel)" time="0.009" />
  <testcase classname="ptolemy.util.test.junit.AutoTests" name="[215] /home/travis/build/icyphy/ptII/ptolemy/actor/lib/test/auto/MatrixCropComplex.xml (RunModel)" time="0.007" />
  <testcase classname="ptolemy.util.test.junit.AutoTests" name="[216] /home/travis/build/icyphy/ptII/ptolemy/actor/lib/test/auto/MatrixCropDouble.xml (RunModel)" time="0.008" />
  <testcase classname="ptolemy.util.test.junit.AutoTests" name="[217] /home/travis/build/icyphy/ptII/ptolemy/actor/lib/test/auto/MatrixCropFix.xml (RunModel)" time="0.013" />
  <testcase classname="ptolemy.util.test.junit.AutoTests" name="[218] /home/travis/build/icyphy/ptII/ptolemy/actor/lib/test/auto/MatrixCropInt.xml (RunModel)" time="0.008" />
  <testcase classname="ptolemy.util.test.junit.AutoTests" name="[219] /home/travis/build/icyphy/ptII/ptolemy/actor/lib/test/auto/MatrixCropLong.xml (RunModel)" time="0.007" />
  <testcase classname="ptolemy.util.test.junit.AutoTests" name="[220] /home/travis/build/icyphy/ptII/ptolemy/actor/lib/test/auto/MatrixToArray.xml (RunModel)" time="0.045" />
  <testcase classname="ptolemy.util.test.junit.AutoTests" name="[221] /home/travis/build/icyphy/ptII/ptolemy/actor/lib/test/auto/MaxIndex.xml (RunModel)" time="0.011" />
  <testcase classname="ptolemy.util.test.junit.AutoTests" name="[222] /home/travis/build/icyphy/ptII/ptolemy/actor/lib/test/auto/Maximum.xml (RunModel)" time="0.014" />
  <testcase classname="ptolemy.util.test.junit.AutoTests" name="[223] /home/travis/build/icyphy/ptII/ptolemy/actor/lib/test/auto/MaximumComplex.xml (RunModel)" time="0.013" />
  <testcase classname="ptolemy.util.test.junit.AutoTests" name="[224] /home/travis/build/icyphy/ptII/ptolemy/actor/lib/test/auto/MethodCallTest.xml (RunModel)" time="0.021" />
  <testcase classname="ptolemy.util.test.junit.AutoTests" name="[225] /home/travis/build/icyphy/ptII/ptolemy/actor/lib/test/auto/Minimum.xml (RunModel)" time="0.015" />
  <testcase classname="ptolemy.util.test.junit.AutoTests" name="[226] /home/travis/build/icyphy/ptII/ptolemy/actor/lib/test/auto/MinimumComplex.xml (RunModel)" time="0.021" />
  <testcase classname="ptolemy.util.test.junit.AutoTests" name="[227] /home/travis/build/icyphy/ptII/ptolemy/actor/lib/test/auto/MinimumMultiports.xml (RunModel)" time="0.013" />
  <testcase classname="ptolemy.util.test.junit.AutoTests" name="[228] /home/travis/build/icyphy/ptII/ptolemy/actor/lib/test/auto/ModifyDate.xml (RunModel)" time="0.037" />
  <testcase classname="ptolemy.util.test.junit.AutoTests" name="[229] /home/travis/build/icyphy/ptII/ptolemy/actor/lib/test/auto/ModifyDate2.xml (RunModel)" time="0.021" />
  <testcase classname="ptolemy.util.test.junit.AutoTests" name="[230] /home/travis/build/icyphy/ptII/ptolemy/actor/lib/test/auto/MovingAverage.xml (RunModel)" time="0.009" />
  <testcase classname="ptolemy.util.test.junit.AutoTests" name="[231] /home/travis/build/icyphy/ptII/ptolemy/actor/lib/test/auto/MovingMaximum.xml (RunModel)" time="0.009" />
  <testcase classname="ptolemy.util.test.junit.AutoTests" name="[232] /home/travis/build/icyphy/ptII/ptolemy/actor/lib/test/auto/MultipleLinksToSameRelation.xml (RunModel)" time="0.011" />
  <testcase classname="ptolemy.util.test.junit.AutoTests" name="[233] /home/travis/build/icyphy/ptII/ptolemy/actor/lib/test/auto/MultipleLinksToSameRelationDE.xml (RunModel)" time="0.006" />
  <testcase classname="ptolemy.util.test.junit.AutoTests" name="[234] /home/travis/build/icyphy/ptII/ptolemy/actor/lib/test/auto/Multiplexor.xml (RunModel)" time="0.009" />
  <testcase classname="ptolemy.util.test.junit.AutoTests" name="[235] /home/travis/build/icyphy/ptII/ptolemy/actor/lib/test/auto/Multiplexor1.xml (RunModel)" time="0.008" />
  <testcase classname="ptolemy.util.test.junit.AutoTests" name="[236] /home/travis/build/icyphy/ptII/ptolemy/actor/lib/test/auto/Multiplexor2.xml (RunModel)" time="0.016" />
  <testcase classname="ptolemy.util.test.junit.AutoTests" name="[237] /home/travis/build/icyphy/ptII/ptolemy/actor/lib/test/auto/Multiplexor3.xml (RunModel)" time="0.007" />
  <testcase classname="ptolemy.util.test.junit.AutoTests" name="[238] /home/travis/build/icyphy/ptII/ptolemy/actor/lib/test/auto/MultiplexorDE.xml (RunModel)" time="0.015" />
  <testcase classname="ptolemy.util.test.junit.AutoTests" name="[239] /home/travis/build/icyphy/ptII/ptolemy/actor/lib/test/auto/MultiportBroadcastTest.xml (RunModel)" time="0.09" />
  <testcase classname="ptolemy.util.test.junit.AutoTests" name="[240] /home/travis/build/icyphy/ptII/ptolemy/actor/lib/test/auto/MultiportOutHangDuringGetWidth.xml (RunModel)" time="0.028" />
  <testcase classname="ptolemy.util.test.junit.AutoTests" name="[241] /home/travis/build/icyphy/ptII/ptolemy/actor/lib/test/auto/NilToken.xml (RunModel)" time="0.01" />
  <testcase classname="ptolemy.util.test.junit.AutoTests" name="[242] /home/travis/build/icyphy/ptII/ptolemy/actor/lib/test/auto/NilTokenNonStrictTest.xml (RunModel)" time="0.008" />
  <testcase classname="ptolemy.util.test.junit.AutoTests" name="[243] /home/travis/build/icyphy/ptII/ptolemy/actor/lib/test/auto/NilTokenRecord.xml (RunModel)" time="0.027" />
  <testcase classname="ptolemy.util.test.junit.AutoTests" name="[244] /home/travis/build/icyphy/ptII/ptolemy/actor/lib/test/auto/NilTokenTypeTest.xml (RunModel)" time="0.03" />
  <testcase classname="ptolemy.util.test.junit.AutoTests" name="[245] /home/travis/build/icyphy/ptII/ptolemy/actor/lib/test/auto/ObjectToken1.xml (RunModel)" time="0.013" />
  <testcase classname="ptolemy.util.test.junit.AutoTests" name="[246] /home/travis/build/icyphy/ptII/ptolemy/actor/lib/test/auto/OrderedMerge.xml (RunModel)" time="0.012" />
  <testcase classname="ptolemy.util.test.junit.AutoTests" name="[247] /home/travis/build/icyphy/ptII/ptolemy/actor/lib/test/auto/OrderedRecordDisassembler.xml (RunModel)" time="0.013" />
  <testcase classname="ptolemy.util.test.junit.AutoTests" name="[248] /home/travis/build/icyphy/ptII/ptolemy/actor/lib/test/auto/OrderedRecordDisassembler2.xml (RunModel)" time="0.015" />
  <testcase classname="ptolemy.util.test.junit.AutoTests" name="[249] /home/travis/build/icyphy/ptII/ptolemy/actor/lib/test/auto/OrderedRecordUpdater.xml (RunModel)" time="0.009" />
  <testcase classname="ptolemy.util.test.junit.AutoTests" name="[250] /home/travis/build/icyphy/ptII/ptolemy/actor/lib/test/auto/OrderedRecordUpdater2.xml (RunModel)" time="0.015" />
  <testcase classname="ptolemy.util.test.junit.AutoTests" name="[251] /home/travis/build/icyphy/ptII/ptolemy/actor/lib/test/auto/PhaseUnwrap.xml (RunModel)" time="0.011" />
  <testcase classname="ptolemy.util.test.junit.AutoTests" name="[252] /home/travis/build/icyphy/ptII/ptolemy/actor/lib/test/auto/PoissonClock.xml (RunModel)" time="0.008" />
  <testcase classname="ptolemy.util.test.junit.AutoTests" name="[253] /home/travis/build/icyphy/ptII/ptolemy/actor/lib/test/auto/PoissonClock2.xml (RunModel)" time="0.006" />
  <testcase classname="ptolemy.util.test.junit.AutoTests" name="[254] /home/travis/build/icyphy/ptII/ptolemy/actor/lib/test/auto/PoissonClock3.xml (RunModel)" time="0.02" />
  <testcase classname="ptolemy.util.test.junit.AutoTests" name="[255] /home/travis/build/icyphy/ptII/ptolemy/actor/lib/test/auto/PubSubWithInitialTokens.xml (RunModel)" time="0.011" />
  <testcase classname="ptolemy.util.test.junit.AutoTests" name="[256] /home/travis/build/icyphy/ptII/ptolemy/actor/lib/test/auto/PubSubWithInitialTokens2.xml (RunModel)" time="0.01" />
  <testcase classname="ptolemy.util.test.junit.AutoTests" name="[257] /home/travis/build/icyphy/ptII/ptolemy/actor/lib/test/auto/PublisherClassNoParameter.xml (RunModel)" time="0.022" />
  <testcase classname="ptolemy.util.test.junit.AutoTests" name="[258] /home/travis/build/icyphy/ptII/ptolemy/actor/lib/test/auto/PublisherClassParameter.xml (RunModel)" time="0.017" />
  <testcase classname="ptolemy.util.test.junit.AutoTests" name="[259] /home/travis/build/icyphy/ptII/ptolemy/actor/lib/test/auto/PublisherNonStrictTest.xml (RunModel)" time="0.012" />
  <testcase classname="ptolemy.util.test.junit.AutoTests" name="[260] /home/travis/build/icyphy/ptII/ptolemy/actor/lib/test/auto/PublisherPort1.xml (RunModel)" time="0.015" />
  <testcase classname="ptolemy.util.test.junit.AutoTests" name="[261] /home/travis/build/icyphy/ptII/ptolemy/actor/lib/test/auto/PublisherPort2.xml (RunModel)" time="0.009" />
  <testcase classname="ptolemy.util.test.junit.AutoTests" name="[262] /home/travis/build/icyphy/ptII/ptolemy/actor/lib/test/auto/PublisherPort3.xml (RunModel)" time="0.012" />
  <testcase classname="ptolemy.util.test.junit.AutoTests" name="[263] /home/travis/build/icyphy/ptII/ptolemy/actor/lib/test/auto/PublisherPort4.xml (RunModel)" time="0.009" />
  <testcase classname="ptolemy.util.test.junit.AutoTests" name="[264] /home/travis/build/icyphy/ptII/ptolemy/actor/lib/test/auto/PublisherPort5.xml (RunModel)" time="0.011" />
  <testcase classname="ptolemy.util.test.junit.AutoTests" name="[265] /home/travis/build/icyphy/ptII/ptolemy/actor/lib/test/auto/PublisherPort5LookAlike.xml (RunModel)" time="0.018" />
  <testcase classname="ptolemy.util.test.junit.AutoTests" name="[266] /home/travis/build/icyphy/ptII/ptolemy/actor/lib/test/auto/PublisherPort6.xml (RunModel)" time="0.009" />
  <testcase classname="ptolemy.util.test.junit.AutoTests" name="[267] /home/travis/build/icyphy/ptII/ptolemy/actor/lib/test/auto/PublisherPort7.xml (RunModel)" time="0.011" />
  <testcase classname="ptolemy.util.test.junit.AutoTests" name="[268] /home/travis/build/icyphy/ptII/ptolemy/actor/lib/test/auto/PublisherPort8.xml (RunModel)" time="0.019" />
  <testcase classname="ptolemy.util.test.junit.AutoTests" name="[269] /home/travis/build/icyphy/ptII/ptolemy/actor/lib/test/auto/PublisherPortSubscriberChannelVariablesAOC2.xml (RunModel)" time="0.046" />
  <testcase classname="ptolemy.util.test.junit.AutoTests" name="[270] /home/travis/build/icyphy/ptII/ptolemy/actor/lib/test/auto/PublisherPortSubscriberOpaqueWidthInference.xml (RunModel)" time="0.012" />
  <testcase classname="ptolemy.util.test.junit.AutoTests" name="[271] /home/travis/build/icyphy/ptII/ptolemy/actor/lib/test/auto/PublisherPortSubscriberPortAdjacent.xml (RunModel)" time="0.014" />
  <testcase classname="ptolemy.util.test.junit.AutoTests" name="[272] /home/travis/build/icyphy/ptII/ptolemy/actor/lib/test/auto/PublisherPortSubscriberPortExpression.xml (RunModel)" time="0.014" />
  <testcase classname="ptolemy.util.test.junit.AutoTests" name="[273] /home/travis/build/icyphy/ptII/ptolemy/actor/lib/test/auto/PublisherPortSubscriberPortOpaqueD3Reverse.xml (RunModel)" time="0.015" />
  <testcase classname="ptolemy.util.test.junit.AutoTests" name="[274] /home/travis/build/icyphy/ptII/ptolemy/actor/lib/test/auto/PublisherPortSubscriberPortOpaqueWidthInference.xml (RunModel)" time="0.011" />
  <testcase classname="ptolemy.util.test.junit.AutoTests" name="[275] /home/travis/build/icyphy/ptII/ptolemy/actor/lib/test/auto/PublisherPortToplevelSubscriberPortAOC.xml (RunModel)" time="0.007" />
  <testcase classname="ptolemy.util.test.junit.AutoTests" name="[276] /home/travis/build/icyphy/ptII/ptolemy/actor/lib/test/auto/PublisherSubscriber.xml (RunModel)" time="0.009" />
  <testcase classname="ptolemy.util.test.junit.AutoTests" name="[277] /home/travis/build/icyphy/ptII/ptolemy/actor/lib/test/auto/PublisherSubscriber10.xml (RunModel)" time="0.017" />
  <testcase classname="ptolemy.util.test.junit.AutoTests" name="[278] /home/travis/build/icyphy/ptII/ptolemy/actor/lib/test/auto/PublisherSubscriber10InitialOutputs.xml (RunModel)" time="0.027" />
  <testcase classname="ptolemy.util.test.junit.AutoTests" name="[279] /home/travis/build/icyphy/ptII/ptolemy/actor/lib/test/auto/PublisherSubscriber11.xml (RunModel)" time="0.017" />
  <testcase classname="ptolemy.util.test.junit.AutoTests" name="[280] /home/travis/build/icyphy/ptII/ptolemy/actor/lib/test/auto/PublisherSubscriber12.xml (RunModel)" time="0.011" />
  <testcase classname="ptolemy.util.test.junit.AutoTests" name="[281] /home/travis/build/icyphy/ptII/ptolemy/actor/lib/test/auto/PublisherSubscriber13.xml (RunModel)" time="0.007" />
  <testcase classname="ptolemy.util.test.junit.AutoTests" name="[282] /home/travis/build/icyphy/ptII/ptolemy/actor/lib/test/auto/PublisherSubscriber14.xml (RunModel)" time="0.014" />
  <testcase classname="ptolemy.util.test.junit.AutoTests" name="[283] /home/travis/build/icyphy/ptII/ptolemy/actor/lib/test/auto/PublisherSubscriber2.xml (RunModel)" time="0.008" />
  <testcase classname="ptolemy.util.test.junit.AutoTests" name="[284] /home/travis/build/icyphy/ptII/ptolemy/actor/lib/test/auto/PublisherSubscriber3.xml (RunModel)" time="0.007" />
  <testcase classname="ptolemy.util.test.junit.AutoTests" name="[285] /home/travis/build/icyphy/ptII/ptolemy/actor/lib/test/auto/PublisherSubscriber4.xml (RunModel)" time="0.007" />
  <testcase classname="ptolemy.util.test.junit.AutoTests" name="[286] /home/travis/build/icyphy/ptII/ptolemy/actor/lib/test/auto/PublisherSubscriber5.xml (RunModel)" time="0.009" />
  <testcase classname="ptolemy.util.test.junit.AutoTests" name="[287] /home/travis/build/icyphy/ptII/ptolemy/actor/lib/test/auto/PublisherSubscriber6.xml (RunModel)" time="0.02" />
  <testcase classname="ptolemy.util.test.junit.AutoTests" name="[288] /home/travis/build/icyphy/ptII/ptolemy/actor/lib/test/auto/PublisherSubscriber7.xml (RunModel)" time="0.013" />
  <testcase classname="ptolemy.util.test.junit.AutoTests" name="[289] /home/travis/build/icyphy/ptII/ptolemy/actor/lib/test/auto/PublisherSubscriber8.xml (RunModel)" time="0.034" />
  <testcase classname="ptolemy.util.test.junit.AutoTests" name="[290] /home/travis/build/icyphy/ptII/ptolemy/actor/lib/test/auto/PublisherSubscriber9.xml (RunModel)" time="0.015" />
  <testcase classname="ptolemy.util.test.junit.AutoTests" name="[291] /home/travis/build/icyphy/ptII/ptolemy/actor/lib/test/auto/PublisherSubscriberAdjacent.xml (RunModel)" time="0.012" />
  <testcase classname="ptolemy.util.test.junit.AutoTests" name="[292] /home/travis/build/icyphy/ptII/ptolemy/actor/lib/test/auto/PublisherSubscriberChannelVariablesAOC2.xml (RunModel)" time="0.022" />
  <testcase classname="ptolemy.util.test.junit.AutoTests" name="[293] /home/travis/build/icyphy/ptII/ptolemy/actor/lib/test/auto/PublisherSubscriberD3.xml (RunModel)" time="0.01" />
  <testcase classname="ptolemy.util.test.junit.AutoTests" name="[294] /home/travis/build/icyphy/ptII/ptolemy/actor/lib/test/auto/PublisherSubscriberD3Reverse.xml (RunModel)" time="0.009" />
  <testcase classname="ptolemy.util.test.junit.AutoTests" name="[295] /home/travis/build/icyphy/ptII/ptolemy/actor/lib/test/auto/PublisherSubscriberExpression.xml (RunModel)" time="0.013" />
  <testcase classname="ptolemy.util.test.junit.AutoTests" name="[296] /home/travis/build/icyphy/ptII/ptolemy/actor/lib/test/auto/PublisherSubscriberOpaque.xml (RunModel)" time="0.038" />
  <testcase classname="ptolemy.util.test.junit.AutoTests" name="[297] /home/travis/build/icyphy/ptII/ptolemy/actor/lib/test/auto/PublisherSubscriberOpaqueD3.xml (RunModel)" time="0.017" />
  <testcase classname="ptolemy.util.test.junit.AutoTests" name="[298] /home/travis/build/icyphy/ptII/ptolemy/actor/lib/test/auto/PublisherSubscriberOpaqueD3Reverse.xml (RunModel)" time="0.016" />
  <testcase classname="ptolemy.util.test.junit.AutoTests" name="[299] /home/travis/build/icyphy/ptII/ptolemy/actor/lib/test/auto/PublisherSubscriberOpaqueWidthInference.xml (RunModel)" time="0.012" />
  <testcase classname="ptolemy.util.test.junit.AutoTests" name="[300] /home/travis/build/icyphy/ptII/ptolemy/actor/lib/test/auto/PublisherTestSubscriber.xml (RunModel)" time="0.018" />
  <testcase classname="ptolemy.util.test.junit.AutoTests" name="[301] /home/travis/build/icyphy/ptII/ptolemy/actor/lib/test/auto/PublisherToplevelSubscriberPortAOC.xml (RunModel)" time="0.008" />
  <testcase classname="ptolemy.util.test.junit.AutoTests" name="[302] /home/travis/build/icyphy/ptII/ptolemy/actor/lib/test/auto/PulseFiringLimitDE.xml (RunModel)" time="0.013" />
  <testcase classname="ptolemy.util.test.junit.AutoTests" name="[303] /home/travis/build/icyphy/ptII/ptolemy/actor/lib/test/auto/Ramp1.xml (RunModel)" time="0.005" />
  <testcase classname="ptolemy.util.test.junit.AutoTests" name="[304] /home/travis/build/icyphy/ptII/ptolemy/actor/lib/test/auto/RampFiringLimitDE.xml (RunModel)" time="0.008" />
  <testcase classname="ptolemy.util.test.junit.AutoTests" name="[305] /home/travis/build/icyphy/ptII/ptolemy/actor/lib/test/auto/RampFiringLimitSDF.xml (RunModel)" time="0.007" />
  <testcase classname="ptolemy.util.test.junit.AutoTests" name="[306] /home/travis/build/icyphy/ptII/ptolemy/actor/lib/test/auto/RandomInteger.xml (RunModel)" time="0.005" />
  <testcase classname="ptolemy.util.test.junit.AutoTests" name="[307] /home/travis/build/icyphy/ptII/ptolemy/actor/lib/test/auto/ReadFile1.xml (RunModel)" time="0.005" />
  <testcase classname="ptolemy.util.test.junit.AutoTests" name="[308] /home/travis/build/icyphy/ptII/ptolemy/actor/lib/test/auto/ReadFile2.xml (RunModel)" time="0.005" />
  <testcase classname="ptolemy.util.test.junit.AutoTests" name="[309] /home/travis/build/icyphy/ptII/ptolemy/actor/lib/test/auto/Reader.xml (RunModel)" time="0.009" />
  <testcase classname="ptolemy.util.test.junit.AutoTests" name="[310] /home/travis/build/icyphy/ptII/ptolemy/actor/lib/test/auto/RecordAssemblerDisplayNameTest.xml (RunModel)" time="2.782" />
  <testcase classname="ptolemy.util.test.junit.AutoTests" name="[311] /home/travis/build/icyphy/ptII/ptolemy/actor/lib/test/auto/RecordAssemblerTypeError.xml (RunModel)" time="0.041" />
  <testcase classname="ptolemy.util.test.junit.AutoTests" name="[312] /home/travis/build/icyphy/ptII/ptolemy/actor/lib/test/auto/RecordDisassember.xml (RunModel)" time="0.024" />
  <testcase classname="ptolemy.util.test.junit.AutoTests" name="[313] /home/travis/build/icyphy/ptII/ptolemy/actor/lib/test/auto/RecordDisassemberDisplayNameTest.xml (RunModel)" time="0.023" />
  <testcase classname="ptolemy.util.test.junit.AutoTests" name="[314] /home/travis/build/icyphy/ptII/ptolemy/actor/lib/test/auto/RecordDisassembler.xml (RunModel)" time="0.01" />
  <testcase classname="ptolemy.util.test.junit.AutoTests" name="[315] /home/travis/build/icyphy/ptII/ptolemy/actor/lib/test/auto/RecordDisassembler2.xml (RunModel)" time="0.012" />
  <testcase classname="ptolemy.util.test.junit.AutoTests" name="[316] /home/travis/build/icyphy/ptII/ptolemy/actor/lib/test/auto/RecordUpdater.xml (RunModel)" time="0.008" />
  <testcase classname="ptolemy.util.test.junit.AutoTests" name="[317] /home/travis/build/icyphy/ptII/ptolemy/actor/lib/test/auto/RecordUpdater2.xml (RunModel)" time="0.007" />
  <testcase classname="ptolemy.util.test.junit.AutoTests" name="[318] /home/travis/build/icyphy/ptII/ptolemy/actor/lib/test/auto/RecursiveLattice.xml (RunModel)" time="0.015" />
  <testcase classname="ptolemy.util.test.junit.AutoTests" name="[319] /home/travis/build/icyphy/ptII/ptolemy/actor/lib/test/auto/Router.xml (RunModel)" time="3.021" />
  <testcase classname="ptolemy.util.test.junit.AutoTests" name="[320] /home/travis/build/icyphy/ptII/ptolemy/actor/lib/test/auto/Router2.xml (RunModel)" time="3.024" />
  <testcase classname="ptolemy.util.test.junit.AutoTests" name="[321] /home/travis/build/icyphy/ptII/ptolemy/actor/lib/test/auto/RunningMaximum.xml (RunModel)" time="0.018" />
  <testcase classname="ptolemy.util.test.junit.AutoTests" name="[322] /home/travis/build/icyphy/ptII/ptolemy/actor/lib/test/auto/RunningMinimum.xml (RunModel)" time="0.019" />
  <testcase classname="ptolemy.util.test.junit.AutoTests" name="[323] /home/travis/build/icyphy/ptII/ptolemy/actor/lib/test/auto/Scale.xml (RunModel)" time="0.01" />
  <testcase classname="ptolemy.util.test.junit.AutoTests" name="[324] /home/travis/build/icyphy/ptII/ptolemy/actor/lib/test/auto/Scale2.xml (RunModel)" time="0.016" />
  <testcase classname="ptolemy.util.test.junit.AutoTests" name="[325] /home/travis/build/icyphy/ptII/ptolemy/actor/lib/test/auto/Scale3.xml (RunModel)" time="0.011" />
  <testcase classname="ptolemy.util.test.junit.AutoTests" name="[326] /home/travis/build/icyphy/ptII/ptolemy/actor/lib/test/auto/ScaleArray.xml (RunModel)" time="0.005" />
  <testcase classname="ptolemy.util.test.junit.AutoTests" name="[327] /home/travis/build/icyphy/ptII/ptolemy/actor/lib/test/auto/ScaleArray2.xml (RunModel)" time="0.007" />
  <testcase classname="ptolemy.util.test.junit.AutoTests" name="[328] /home/travis/build/icyphy/ptII/ptolemy/actor/lib/test/auto/ScaleMatrix.xml (RunModel)" time="0.133" />
  <testcase classname="ptolemy.util.test.junit.AutoTests" name="[329] /home/travis/build/icyphy/ptII/ptolemy/actor/lib/test/auto/Select.xml (RunModel)" time="0.012" />
  <testcase classname="ptolemy.util.test.junit.AutoTests" name="[330] /home/travis/build/icyphy/ptII/ptolemy/actor/lib/test/auto/Select2.xml (RunModel)" time="0.008" />
  <testcase classname="ptolemy.util.test.junit.AutoTests" name="[331] /home/travis/build/icyphy/ptII/ptolemy/actor/lib/test/auto/SequenceToArray2.xml (RunModel)" time="0.133" />
  <testcase classname="ptolemy.util.test.junit.AutoTests" name="[332] /home/travis/build/icyphy/ptII/ptolemy/actor/lib/test/auto/SequentialClock.xml (RunModel)" time="0.01" />
  <testcase classname="ptolemy.util.test.junit.AutoTests" name="[333] /home/travis/build/icyphy/ptII/ptolemy/actor/lib/test/auto/SetVariable.xml (RunModel)" time="0.009" />
  <testcase classname="ptolemy.util.test.junit.AutoTests" name="[334] /home/travis/build/icyphy/ptII/ptolemy/actor/lib/test/auto/SetVariable2.xml (RunModel)" time="0.011" />
  <testcase classname="ptolemy.util.test.junit.AutoTests" name="[335] /home/travis/build/icyphy/ptII/ptolemy/actor/lib/test/auto/SetVariable3.xml (RunModel)" time="0.014" />
  <testcase classname="ptolemy.util.test.junit.AutoTests" name="[336] /home/travis/build/icyphy/ptII/ptolemy/actor/lib/test/auto/SetVariable4.xml (RunModel)" time="0.028" />
  <testcase classname="ptolemy.util.test.junit.AutoTests" name="[337] /home/travis/build/icyphy/ptII/ptolemy/actor/lib/test/auto/SetVariable5.xml (RunModel)" time="0.031" />
  <testcase classname="ptolemy.util.test.junit.AutoTests" name="[338] /home/travis/build/icyphy/ptII/ptolemy/actor/lib/test/auto/Sinewave.xml (RunModel)" time="0.021" />
  <testcase classname="ptolemy.util.test.junit.AutoTests" name="[339] /home/travis/build/icyphy/ptII/ptolemy/actor/lib/test/auto/Sinewave2.xml (RunModel)" time="0.024" />
  <testcase classname="ptolemy.util.test.junit.AutoTests" name="[340] /home/travis/build/icyphy/ptII/ptolemy/actor/lib/test/auto/Sinewave3.xml (RunModel)" time="0.016" />
  <testcase classname="ptolemy.util.test.junit.AutoTests" name="[341] /home/travis/build/icyphy/ptII/ptolemy/actor/lib/test/auto/SingleEvent.xml (RunModel)" time="0.008" />
  <testcase classname="ptolemy.util.test.junit.AutoTests" name="[342] /home/travis/build/icyphy/ptII/ptolemy/actor/lib/test/auto/Sleep.xml (RunModel)" time="6.018" />
  <testcase classname="ptolemy.util.test.junit.AutoTests" name="[343] /home/travis/build/icyphy/ptII/ptolemy/actor/lib/test/auto/SleepMultipleFire.xml (RunModel)" time="1.018" />
  <testcase classname="ptolemy.util.test.junit.AutoTests" name="[344] /home/travis/build/icyphy/ptII/ptolemy/actor/lib/test/auto/StopDE.xml (RunModel)" time="0.021" />
  <testcase classname="ptolemy.util.test.junit.AutoTests" name="[345] /home/travis/build/icyphy/ptII/ptolemy/actor/lib/test/auto/StopSDF.xml (RunModel)" time="0.009" />
  <testcase classname="ptolemy.util.test.junit.AutoTests" name="[346] /home/travis/build/icyphy/ptII/ptolemy/actor/lib/test/auto/StringConstant.xml (RunModel)" time="0.014" />
  <testcase classname="ptolemy.util.test.junit.AutoTests" name="[347] /home/travis/build/icyphy/ptII/ptolemy/actor/lib/test/auto/SubscriberPortInitialValues1.xml (RunModel)" time="0.023" />
  <testcase classname="ptolemy.util.test.junit.AutoTests" name="[348] /home/travis/build/icyphy/ptII/ptolemy/actor/lib/test/auto/SubscriberPortInitialValues13.xml (RunModel)" time="0.022" />
  <testcase classname="ptolemy.util.test.junit.AutoTests" name="[349] /home/travis/build/icyphy/ptII/ptolemy/actor/lib/test/auto/SubscriberPortInitialValues14.xml (RunModel)" time="0.012" />
  <testcase classname="ptolemy.util.test.junit.AutoTests" name="[350] /home/travis/build/icyphy/ptII/ptolemy/actor/lib/test/auto/SubscriberPortInitialValues2.xml (RunModel)" time="0.012" />
  <testcase classname="ptolemy.util.test.junit.AutoTests" name="[351] /home/travis/build/icyphy/ptII/ptolemy/actor/lib/test/auto/SubscriberPortInitialValues3.xml (RunModel)" time="0.016" />
  <testcase classname="ptolemy.util.test.junit.AutoTests" name="[352] /home/travis/build/icyphy/ptII/ptolemy/actor/lib/test/auto/SubscriptionAggregator.xml (RunModel)" time="0.009" />
  <testcase classname="ptolemy.util.test.junit.AutoTests" name="[353] /home/travis/build/icyphy/ptII/ptolemy/actor/lib/test/auto/SubscriptionAggregator2.xml (RunModel)" time="0.009" />
  <testcase classname="ptolemy.util.test.junit.AutoTests" name="[354] /home/travis/build/icyphy/ptII/ptolemy/actor/lib/test/auto/SubscriptionAggregator3.xml (RunModel)" time="0.013" />
  <testcase classname="ptolemy.util.test.junit.AutoTests" name="[355] /home/travis/build/icyphy/ptII/ptolemy/actor/lib/test/auto/SubscriptionAggregatorMultiply.xml (RunModel)" time="0.018" />
  <testcase classname="ptolemy.util.test.junit.AutoTests" name="[356] /home/travis/build/icyphy/ptII/ptolemy/actor/lib/test/auto/SubscriptionAggregatorPortMultiply1.xml (RunModel)" time="0.013" />
  <testcase classname="ptolemy.util.test.junit.AutoTests" name="[357] /home/travis/build/icyphy/ptII/ptolemy/actor/lib/test/auto/Switch.xml (RunModel)" time="0.017" />
  <testcase classname="ptolemy.util.test.junit.AutoTests" name="[358] /home/travis/build/icyphy/ptII/ptolemy/actor/lib/test/auto/Switch2.xml (RunModel)" time="0.008" />
  <testcase classname="ptolemy.util.test.junit.AutoTests" name="[359] /home/travis/build/icyphy/ptII/ptolemy/actor/lib/test/auto/SwitchDE.xml (RunModel)" time="0.015" />
  <testcase classname="ptolemy.util.test.junit.AutoTests" name="[360] /home/travis/build/icyphy/ptII/ptolemy/actor/lib/test/auto/SynchronizerDE.xml (RunModel)" time="0.024" />
  <testcase classname="ptolemy.util.test.junit.AutoTests" name="[361] /home/travis/build/icyphy/ptII/ptolemy/actor/lib/test/auto/Test.xml (RunModel)" time="0.006" />
  <testcase classname="ptolemy.util.test.junit.AutoTests" name="[362] /home/travis/build/icyphy/ptII/ptolemy/actor/lib/test/auto/TestExceptionAttribute1.xml (RunModel)" time="0.005" />
  <testcase classname="ptolemy.util.test.junit.AutoTests" name="[363] /home/travis/build/icyphy/ptII/ptolemy/actor/lib/test/auto/TestExceptionAttribute2.xml (RunModel)" time="0.005" />
  <testcase classname="ptolemy.util.test.junit.AutoTests" name="[364] /home/travis/build/icyphy/ptII/ptolemy/actor/lib/test/auto/TestExceptionAttribute3.xml (RunModel)" time="0.008" />
  <testcase classname="ptolemy.util.test.junit.AutoTests" name="[365] /home/travis/build/icyphy/ptII/ptolemy/actor/lib/test/auto/TestExceptionAttribute4.xml (RunModel)" time="0.005" />
  <testcase classname="ptolemy.util.test.junit.AutoTests" name="[366] /home/travis/build/icyphy/ptII/ptolemy/actor/lib/test/auto/TestExceptionHandler1.xml (RunModel)" time="0.007" />
  <testcase classname="ptolemy.util.test.junit.AutoTests" name="[367] /home/travis/build/icyphy/ptII/ptolemy/actor/lib/test/auto/TestExceptionHandler2.xml (RunModel)" time="0.005" />
  <testcase classname="ptolemy.util.test.junit.AutoTests" name="[368] /home/travis/build/icyphy/ptII/ptolemy/actor/lib/test/auto/TestExceptionHandler3.xml (RunModel)" time="0.004" />
  <testcase classname="ptolemy.util.test.junit.AutoTests" name="[369] /home/travis/build/icyphy/ptII/ptolemy/actor/lib/test/auto/TestExceptionHandler4.xml (RunModel)" time="0.004" />
  <testcase classname="ptolemy.util.test.junit.AutoTests" name="[370] /home/travis/build/icyphy/ptII/ptolemy/actor/lib/test/auto/TestRequireCorrectOrder.xml (RunModel)" time="0.01" />
  <testcase classname="ptolemy.util.test.junit.AutoTests" name="[371] /home/travis/build/icyphy/ptII/ptolemy/actor/lib/test/auto/TestSimple.xml (RunModel)" time="0.004" />
  <testcase classname="ptolemy.util.test.junit.AutoTests" name="[372] /home/travis/build/icyphy/ptII/ptolemy/actor/lib/test/auto/ThrowModelError.xml (RunModel)" time="0.007" />
  <testcase classname="ptolemy.util.test.junit.AutoTests" name="[373] /home/travis/build/icyphy/ptII/ptolemy/actor/lib/test/auto/TimeDelayMicrosteps.xml (RunModel)" time="0.01" />
  <testcase classname="ptolemy.util.test.junit.AutoTests" name="[374] /home/travis/build/icyphy/ptII/ptolemy/actor/lib/test/auto/TimeDelayMicrosteps2.xml (RunModel)" time="0.011" />
  <testcase classname="ptolemy.util.test.junit.AutoTests" name="[375] /home/travis/build/icyphy/ptII/ptolemy/actor/lib/test/auto/TimeDelayMicrosteps3.xml (RunModel)" time="0.012" />
  <testcase classname="ptolemy.util.test.junit.AutoTests" name="[376] /home/travis/build/icyphy/ptII/ptolemy/actor/lib/test/auto/TimeDelayVariableMicrosteps.xml (RunModel)" time="0.009" />
  <testcase classname="ptolemy.util.test.junit.AutoTests" name="[377] /home/travis/build/icyphy/ptII/ptolemy/actor/lib/test/auto/TimeGap.xml (RunModel)" time="0.012" />
  <testcase classname="ptolemy.util.test.junit.AutoTests" name="[378] /home/travis/build/icyphy/ptII/ptolemy/actor/lib/test/auto/TimeGap2.xml (RunModel)" time="0.008" />
  <testcase classname="ptolemy.util.test.junit.AutoTests" name="[379] /home/travis/build/icyphy/ptII/ptolemy/actor/lib/test/auto/TimedSinewave.xml (RunModel)" time="0.046" />
  <testcase classname="ptolemy.util.test.junit.AutoTests" name="[380] /home/travis/build/icyphy/ptII/ptolemy/actor/lib/test/auto/TimedSinewavePhase.xml (RunModel)" time="0.032" />
  <testcase classname="ptolemy.util.test.junit.AutoTests" name="[381] /home/travis/build/icyphy/ptII/ptolemy/actor/lib/test/auto/Timer.xml (RunModel)" time="0.013" />
  <testcase classname="ptolemy.util.test.junit.AutoTests" name="[382] /home/travis/build/icyphy/ptII/ptolemy/actor/lib/test/auto/TriangularDistTestModel.xml (RunModel)" time="0.017" />
  <testcase classname="ptolemy.util.test.junit.AutoTests" name="[383] /home/travis/build/icyphy/ptII/ptolemy/actor/lib/test/auto/TrigFunction.xml (RunModel)" time="0.006" />
  <testcase classname="ptolemy.util.test.junit.AutoTests" name="[384] /home/travis/build/icyphy/ptII/ptolemy/actor/lib/test/auto/TrigFunctionDE.xml (RunModel)" time="0.008" />
  <testcase classname="ptolemy.util.test.junit.AutoTests" name="[385] /home/travis/build/icyphy/ptII/ptolemy/actor/lib/test/auto/TrigFunctionInverse.xml (RunModel)" time="0.008" />
  <testcase classname="ptolemy.util.test.junit.AutoTests" name="[386] /home/travis/build/icyphy/ptII/ptolemy/actor/lib/test/auto/TrigFunctionTan.xml (RunModel)" time="0.005" />
  <testcase classname="ptolemy.util.test.junit.AutoTests" name="[387] /home/travis/build/icyphy/ptII/ptolemy/actor/lib/test/auto/TriggeredClock.xml (RunModel)" time="0.007" />
  <testcase classname="ptolemy.util.test.junit.AutoTests" name="[388] /home/travis/build/icyphy/ptII/ptolemy/actor/lib/test/auto/URLDirectoryReader.xml (RunModel)" time="0.116" />
  <testcase classname="ptolemy.util.test.junit.AutoTests" name="[389] /home/travis/build/icyphy/ptII/ptolemy/actor/lib/test/auto/URLDirectoryReader3.xml (RunModel)" time="1.841" />
  <testcase classname="ptolemy.util.test.junit.AutoTests" name="[390] /home/travis/build/icyphy/ptII/ptolemy/actor/lib/test/auto/UnaryMathFunction.xml (RunModel)" time="0.037" />
  <testcase classname="ptolemy.util.test.junit.AutoTests" name="[391] /home/travis/build/icyphy/ptII/ptolemy/actor/lib/test/auto/Uniform.xml (RunModel)" time="0.034" />
  <testcase classname="ptolemy.util.test.junit.AutoTests" name="[392] /home/travis/build/icyphy/ptII/ptolemy/actor/lib/test/auto/UnionDisassemblerTest.xml (RunModel)" time="0.03" />
  <testcase classname="ptolemy.util.test.junit.AutoTests" name="[393] /home/travis/build/icyphy/ptII/ptolemy/actor/lib/test/auto/UtilityFunctions.xml (RunModel)" time="0.033" />
  <testcase classname="ptolemy.util.test.junit.AutoTests" name="[394] /home/travis/build/icyphy/ptII/ptolemy/actor/lib/test/auto/VariableSleep.xml (RunModel)" time="0.534" />
  <testcase classname="ptolemy.util.test.junit.AutoTests" name="[395] /home/travis/build/icyphy/ptII/ptolemy/actor/lib/test/auto/VectorAssemblerDisassemblerCT.xml (RunModel)" time="0.098" />
  <testcase classname="ptolemy.util.test.junit.AutoTests" name="[396] /home/travis/build/icyphy/ptII/ptolemy/actor/lib/test/auto/VectorAssemblerDisassemblerDE.xml (RunModel)" time="0.011" />
  <testcase classname="ptolemy.util.test.junit.AutoTests" name="[397] /home/travis/build/icyphy/ptII/ptolemy/actor/lib/test/auto/VectorAssemblerDisassemblerSDF.xml (RunModel)" time="0.01" />
  <testcase classname="ptolemy.util.test.junit.AutoTests" name="[398] /home/travis/build/icyphy/ptII/ptolemy/actor/lib/test/auto/WallClockTime.xml (RunModel)" time="1.01" />
  <testcase classname="ptolemy.util.test.junit.AutoTests" name="[399] /home/travis/build/icyphy/ptII/ptolemy/actor/lib/test/auto/WidthTestWithSubscriberPublisher.xml (RunModel)" time="0.036" />
  <testcase classname="ptolemy.util.test.junit.AutoTests" name="[400] /home/travis/build/icyphy/ptII/ptolemy/actor/lib/test/auto/WidthTestWithSubscriberPublisher2.xml (RunModel)" time="0.014" />
  <testcase classname="ptolemy.util.test.junit.AutoTests" name="[401] /home/travis/build/icyphy/ptII/ptolemy/actor/lib/test/auto/WidthTestWithSubscriberPublisher3.xml (RunModel)" time="0.009" />
  <testcase classname="ptolemy.util.test.junit.AutoTests" name="[402] /home/travis/build/icyphy/ptII/ptolemy/actor/lib/test/auto/Writer.xml (RunModel)" time="0.006" />
  <testcase classname="ptolemy.util.test.junit.AutoTests" name="[403] /home/travis/build/icyphy/ptII/ptolemy/actor/lib/test/auto/array.xml (RunModel)" time="0.006" />
  <testcase classname="ptolemy.util.test.junit.AutoTests" name="[404] /home/travis/build/icyphy/ptII/ptolemy/actor/lib/test/auto/array2.xml (RunModel)" time="0.01" />
  <testcase classname="ptolemy.util.test.junit.AutoTests" name="[405] /home/travis/build/icyphy/ptII/ptolemy/actor/lib/test/auto/arrayType.xml (RunModel)" time="0.008" />
  <testcase classname="ptolemy.util.test.junit.AutoTests" name="[406] /home/travis/build/icyphy/ptII/ptolemy/actor/lib/test/auto/arrayType10.xml (RunModel)" time="0.01" />
  <testcase classname="ptolemy.util.test.junit.AutoTests" name="[407] /home/travis/build/icyphy/ptII/ptolemy/actor/lib/test/auto/arrayType11.xml (RunModel)" time="0.005" />
  <testcase classname="ptolemy.util.test.junit.AutoTests" name="[408] /home/travis/build/icyphy/ptII/ptolemy/actor/lib/test/auto/arrayType12.xml (RunModel)" time="0.006" />
  <testcase classname="ptolemy.util.test.junit.AutoTests" name="[409] /home/travis/build/icyphy/ptII/ptolemy/actor/lib/test/auto/arrayType13.xml (RunModel)" time="0.006" />
  <testcase classname="ptolemy.util.test.junit.AutoTests" name="[410] /home/travis/build/icyphy/ptII/ptolemy/actor/lib/test/auto/arrayType14.xml (RunModel)" time="0.006" />
  <testcase classname="ptolemy.util.test.junit.AutoTests" name="[411] /home/travis/build/icyphy/ptII/ptolemy/actor/lib/test/auto/arrayType15.xml (RunModel)" time="0.007" />
  <testcase classname="ptolemy.util.test.junit.AutoTests" name="[412] /home/travis/build/icyphy/ptII/ptolemy/actor/lib/test/auto/arrayType16.xml (RunModel)" time="0.04" />
  <testcase classname="ptolemy.util.test.junit.AutoTests" name="[413] /home/travis/build/icyphy/ptII/ptolemy/actor/lib/test/auto/arrayType17.xml (RunModel)" time="0.04" />
  <testcase classname="ptolemy.util.test.junit.AutoTests" name="[414] /home/travis/build/icyphy/ptII/ptolemy/actor/lib/test/auto/arrayType18.xml (RunModel)" time="0.028" />
  <testcase classname="ptolemy.util.test.junit.AutoTests" name="[415] /home/travis/build/icyphy/ptII/ptolemy/actor/lib/test/auto/arrayType19.xml (RunModel)" time="0.032" />
  <testcase classname="ptolemy.util.test.junit.AutoTests" name="[416] /home/travis/build/icyphy/ptII/ptolemy/actor/lib/test/auto/arrayType2.xml (RunModel)" time="0.038" />
  <testcase classname="ptolemy.util.test.junit.AutoTests" name="[417] /home/travis/build/icyphy/ptII/ptolemy/actor/lib/test/auto/arrayType20.xml (RunModel)" time="0.028" />
  <testcase classname="ptolemy.util.test.junit.AutoTests" name="[418] /home/travis/build/icyphy/ptII/ptolemy/actor/lib/test/auto/arrayType21.xml (RunModel)" time="0.022" />
  <testcase classname="ptolemy.util.test.junit.AutoTests" name="[419] /home/travis/build/icyphy/ptII/ptolemy/actor/lib/test/auto/arrayType22.xml (RunModel)" time="0.008" />
  <testcase classname="ptolemy.util.test.junit.AutoTests" name="[420] /home/travis/build/icyphy/ptII/ptolemy/actor/lib/test/auto/arrayType23.xml (RunModel)" time="0.012" />
  <testcase classname="ptolemy.util.test.junit.AutoTests" name="[421] /home/travis/build/icyphy/ptII/ptolemy/actor/lib/test/auto/arrayType24.xml (RunModel)" time="0.009" />
  <testcase classname="ptolemy.util.test.junit.AutoTests" name="[422] /home/travis/build/icyphy/ptII/ptolemy/actor/lib/test/auto/arrayType25.xml (RunModel)" time="0.013" />
  <testcase classname="ptolemy.util.test.junit.AutoTests" name="[423] /home/travis/build/icyphy/ptII/ptolemy/actor/lib/test/auto/arrayType26.xml (RunModel)" time="0.01" />
  <testcase classname="ptolemy.util.test.junit.AutoTests" name="[424] /home/travis/build/icyphy/ptII/ptolemy/actor/lib/test/auto/arrayType27.xml (RunModel)" time="0.007" />
  <testcase classname="ptolemy.util.test.junit.AutoTests" name="[425] /home/travis/build/icyphy/ptII/ptolemy/actor/lib/test/auto/arrayType28.xml (RunModel)" time="0.009" />
  <testcase classname="ptolemy.util.test.junit.AutoTests" name="[426] /home/travis/build/icyphy/ptII/ptolemy/actor/lib/test/auto/arrayType3.xml (RunModel)" time="0.006" />
  <testcase classname="ptolemy.util.test.junit.AutoTests" name="[427] /home/travis/build/icyphy/ptII/ptolemy/actor/lib/test/auto/arrayType4.xml (RunModel)" time="0.007" />
  <testcase classname="ptolemy.util.test.junit.AutoTests" name="[428] /home/travis/build/icyphy/ptII/ptolemy/actor/lib/test/auto/arrayType5.xml (RunModel)" time="0.006" />
  <testcase classname="ptolemy.util.test.junit.AutoTests" name="[429] /home/travis/build/icyphy/ptII/ptolemy/actor/lib/test/auto/arrayType6.xml (RunModel)" time="0.006" />
  <testcase classname="ptolemy.util.test.junit.AutoTests" name="[430] /home/travis/build/icyphy/ptII/ptolemy/actor/lib/test/auto/arrayType7.xml (RunModel)" time="0.013" />
  <testcase classname="ptolemy.util.test.junit.AutoTests" name="[431] /home/travis/build/icyphy/ptII/ptolemy/actor/lib/test/auto/arrayType8.xml (RunModel)" time="0.006" />
  <testcase classname="ptolemy.util.test.junit.AutoTests" name="[432] /home/travis/build/icyphy/ptII/ptolemy/actor/lib/test/auto/arrayType9.xml (RunModel)" time="0.005" />
  <testcase classname="ptolemy.util.test.junit.AutoTests" name="[433] /home/travis/build/icyphy/ptII/ptolemy/actor/lib/test/auto/cast.xml (RunModel)" time="0.006" />
  <testcase classname="ptolemy.util.test.junit.AutoTests" name="[434] /home/travis/build/icyphy/ptII/ptolemy/actor/lib/test/auto/compositeMultiPort.xml (RunModel)" time="0.012" />
  <testcase classname="ptolemy.util.test.junit.AutoTests" name="[435] /home/travis/build/icyphy/ptII/ptolemy/actor/lib/test/auto/expressionCastInference.xml (RunModel)" time="0.014" />
  <testcase classname="ptolemy.util.test.junit.AutoTests" name="[436] /home/travis/build/icyphy/ptII/ptolemy/actor/lib/test/auto/expressionCastInference2.xml (RunModel)" time="0.011" />
  <testcase classname="ptolemy.util.test.junit.AutoTests" name="[437] /home/travis/build/icyphy/ptII/ptolemy/actor/lib/test/auto/expressionInference.xml (RunModel)" time="0.005" />
  <testcase classname="ptolemy.util.test.junit.AutoTests" name="[438] /home/travis/build/icyphy/ptII/ptolemy/actor/lib/test/auto/expression_bug.xml (RunModel)" time="0.005" />
  <testcase classname="ptolemy.util.test.junit.AutoTests" name="[439] /home/travis/build/icyphy/ptII/ptolemy/actor/lib/test/auto/factorial.xml (RunModel)" time="0.048" />
  <testcase classname="ptolemy.util.test.junit.AutoTests" name="[440] /home/travis/build/icyphy/ptII/ptolemy/actor/lib/test/auto/filterTest1.xml (RunModel)" time="0.01" />
  <testcase classname="ptolemy.util.test.junit.AutoTests" name="[441] /home/travis/build/icyphy/ptII/ptolemy/actor/lib/test/auto/funcApplyInConst.xml (RunModel)" time="0.004" />
  <testcase classname="ptolemy.util.test.junit.AutoTests" name="[442] /home/travis/build/icyphy/ptII/ptolemy/actor/lib/test/auto/funcApplyInExpr.xml (RunModel)" time="0.004" />
  <testcase classname="ptolemy.util.test.junit.AutoTests" name="[443] /home/travis/build/icyphy/ptII/ptolemy/actor/lib/test/auto/function.xml (RunModel)" time="0.008" />
  <testcase classname="ptolemy.util.test.junit.AutoTests" name="[444] /home/travis/build/icyphy/ptII/ptolemy/actor/lib/test/auto/function2.xml (RunModel)" time="0.006" />
  <testcase classname="ptolemy.util.test.junit.AutoTests" name="[445] /home/travis/build/icyphy/ptII/ptolemy/actor/lib/test/auto/function3.xml (RunModel)" time="0.005" />
  <testcase classname="ptolemy.util.test.junit.AutoTests" name="[446] /home/travis/build/icyphy/ptII/ptolemy/actor/lib/test/auto/functionClosureTest1.xml (RunModel)" time="0.007" />
  <testcase classname="ptolemy.util.test.junit.AutoTests" name="[447] /home/travis/build/icyphy/ptII/ptolemy/actor/lib/test/auto/functionClosureTest2.xml (RunModel)" time="0.004" />
  <testcase classname="ptolemy.util.test.junit.AutoTests" name="[448] /home/travis/build/icyphy/ptII/ptolemy/actor/lib/test/auto/functionClosureTest3.xml (RunModel)" time="0.007" />
  <testcase classname="ptolemy.util.test.junit.AutoTests" name="[449] /home/travis/build/icyphy/ptII/ptolemy/actor/lib/test/auto/functionClosureTest4.xml (RunModel)" time="0.015" />
  <testcase classname="ptolemy.util.test.junit.AutoTests" name="[450] /home/travis/build/icyphy/ptII/ptolemy/actor/lib/test/auto/functionClosureTest5.xml (RunModel)" time="0.009" />
  <testcase classname="ptolemy.util.test.junit.AutoTests" name="[451] /home/travis/build/icyphy/ptII/ptolemy/actor/lib/test/auto/functionClosureTest6.xml (RunModel)" time="0.006" />
  <testcase classname="ptolemy.util.test.junit.AutoTests" name="[452] /home/travis/build/icyphy/ptII/ptolemy/actor/lib/test/auto/functionsOnArcs.xml (RunModel)" time="0.007" />
  <testcase classname="ptolemy.util.test.junit.AutoTests" name="[453] /home/travis/build/icyphy/ptII/ptolemy/actor/lib/test/auto/functionsOnArcsHOF.xml (RunModel)" time="0.01" />
  <testcase classname="ptolemy.util.test.junit.AutoTests" name="[454] /home/travis/build/icyphy/ptII/ptolemy/actor/lib/test/auto/logic.xml (RunModel)" time="0.013" />
  <testcase classname="ptolemy.util.test.junit.AutoTests" name="[455] /home/travis/build/icyphy/ptII/ptolemy/actor/lib/test/auto/matrixType.xml (RunModel)" time="0.006" />
  <testcase classname="ptolemy.util.test.junit.AutoTests" name="[456] /home/travis/build/icyphy/ptII/ptolemy/actor/lib/test/auto/matrixType10.xml (RunModel)" time="0.006" />
  <testcase classname="ptolemy.util.test.junit.AutoTests" name="[457] /home/travis/build/icyphy/ptII/ptolemy/actor/lib/test/auto/matrixType11.xml (RunModel)" time="0.006" />
  <testcase classname="ptolemy.util.test.junit.AutoTests" name="[458] /home/travis/build/icyphy/ptII/ptolemy/actor/lib/test/auto/matrixType12.xml (RunModel)" time="0.01" />
  <testcase classname="ptolemy.util.test.junit.AutoTests" name="[459] /home/travis/build/icyphy/ptII/ptolemy/actor/lib/test/auto/matrixType13.xml (RunModel)" time="0.006" />
  <testcase classname="ptolemy.util.test.junit.AutoTests" name="[460] /home/travis/build/icyphy/ptII/ptolemy/actor/lib/test/auto/matrixType14.xml (RunModel)" time="0.008" />
  <testcase classname="ptolemy.util.test.junit.AutoTests" name="[461] /home/travis/build/icyphy/ptII/ptolemy/actor/lib/test/auto/matrixType2.xml (RunModel)" time="0.006" />
  <testcase classname="ptolemy.util.test.junit.AutoTests" name="[462] /home/travis/build/icyphy/ptII/ptolemy/actor/lib/test/auto/matrixType3.xml (RunModel)" time="0.008" />
  <testcase classname="ptolemy.util.test.junit.AutoTests" name="[463] /home/travis/build/icyphy/ptII/ptolemy/actor/lib/test/auto/matrixType4.xml (RunModel)" time="0.007" />
  <testcase classname="ptolemy.util.test.junit.AutoTests" name="[464] /home/travis/build/icyphy/ptII/ptolemy/actor/lib/test/auto/matrixType5.xml (RunModel)" time="0.006" />
  <testcase classname="ptolemy.util.test.junit.AutoTests" name="[465] /home/travis/build/icyphy/ptII/ptolemy/actor/lib/test/auto/matrixType6.xml (RunModel)" time="0.005" />
  <testcase classname="ptolemy.util.test.junit.AutoTests" name="[466] /home/travis/build/icyphy/ptII/ptolemy/actor/lib/test/auto/matrixType7.xml (RunModel)" time="0.007" />
  <testcase classname="ptolemy.util.test.junit.AutoTests" name="[467] /home/travis/build/icyphy/ptII/ptolemy/actor/lib/test/auto/matrixType8.xml (RunModel)" time="0.007" />
  <testcase classname="ptolemy.util.test.junit.AutoTests" name="[468] /home/travis/build/icyphy/ptII/ptolemy/actor/lib/test/auto/matrixType9.xml (RunModel)" time="0.006" />
  <testcase classname="ptolemy.util.test.junit.AutoTests" name="[469] /home/travis/build/icyphy/ptII/ptolemy/actor/lib/test/auto/paraFunctest.xml (RunModel)" time="0.005" />
  <testcase classname="ptolemy.util.test.junit.AutoTests" name="[470] /home/travis/build/icyphy/ptII/ptolemy/actor/lib/test/auto/paraFunctest2.xml (RunModel)" time="0.011" />
  <testcase classname="ptolemy.util.test.junit.AutoTests" name="[471] /home/travis/build/icyphy/ptII/ptolemy/actor/lib/test/auto/parameterPassing.xml (RunModel)" time="0.006" />
  <testcase classname="ptolemy.util.test.junit.AutoTests" name="[472] /home/travis/build/icyphy/ptII/ptolemy/actor/lib/test/auto/record.xml (RunModel)" time="0.008" />
  <testcase classname="ptolemy.util.test.junit.AutoTests" name="[473] /home/travis/build/icyphy/ptII/ptolemy/actor/lib/test/auto/sizedarray1.xml (RunModel)" time="0.008" />
  <testcase classname="ptolemy.util.test.junit.AutoTests" name="[474] /home/travis/build/icyphy/ptII/ptolemy/actor/lib/test/auto/sizedarray2.xml (RunModel)" time="0.007" />
  <testcase classname="ptolemy.util.test.junit.AutoTests" name="[475] /home/travis/build/icyphy/ptII/ptolemy/actor/lib/test/auto/twoPublishers.xml (RunModel)" time="0.02" />
  <system-out><![CDATA[/home/travis/build/icyphy/ptII/ptolemy/actor/lib/test/AbsoluteValue.tcl
testDefs.tcl: setting time out to 9000 seconds at Wed Jul 15 15:11:00 UTC 2020
87 ms. Memory: 129024K Free: 93124K (72%)
4 ms. Memory: 129024K Free: 91076K (71%)
5 ms. Memory: 129024K Free: 90052K (70%)
4 ms. Memory: 129024K Free: 89538K (69%)
/home/travis/build/icyphy/ptII/ptolemy/actor/lib/test/AddSubtract.tcl
14 ms. Memory: 129024K Free: 87475K (68%)
5 ms. Memory: 129024K Free: 86980K (67%)
5 ms. Memory: 129024K Free: 85956K (67%)
7 ms. Memory: 129024K Free: 85427K (66%)
54 ms. Memory: 129024K Free: 82370K (64%)
11 ms. Memory: 129024K Free: 81331K (63%)
/home/travis/build/icyphy/ptII/ptolemy/actor/lib/test/Average.tcl
7 ms. Memory: 129024K Free: 79812K (62%)
11 ms. Memory: 129024K Free: 78788K (61%)
/home/travis/build/icyphy/ptII/ptolemy/actor/lib/test/Bernoulli.tcl
10 ms. Memory: 129024K Free: 77243K (60%)
2 ms. Memory: 129024K Free: 76740K (59%)
/home/travis/build/icyphy/ptII/ptolemy/actor/lib/test/Clock.tcl
preinitializing
resolving types
initializing
executing number 1
wrapping up
idle
29 ms. Memory: 129024K Free: 74178K (57%)
Completed execution with 5 iterations
preinitializing
resolving types
initializing
executing number 1
wrapping up
idle
4 ms. Memory: 129024K Free: 73139K (57%)
Completed execution with 5 iterations
preinitializing
resolving types
initializing
executing number 1
wrapping up
idle
3 ms. Memory: 129024K Free: 72644K (56%)
Completed execution with 5 iterations
/home/travis/build/icyphy/ptII/ptolemy/actor/lib/test/Commutator.tcl
6 ms. Memory: 129024K Free: 70596K (55%)
5 ms. Memory: 129024K Free: 69572K (54%)
16 ms. Memory: 129024K Free: 63923K (50%)
/home/travis/build/icyphy/ptII/ptolemy/actor/lib/test/Const.tcl
3 ms. Memory: 129024K Free: 62404K (48%)
5 ms. Memory: 129024K Free: 61875K (48%)
2 ms. Memory: 129024K Free: 61380K (48%)
2 ms. Memory: 129024K Free: 60866K (47%)
2 ms. Memory: 129024K Free: 60356K (47%)
10 ms. Memory: 129024K Free: 58308K (45%)
9 ms. Memory: 129024K Free: 57284K (44%)
9 ms. Memory: 129024K Free: 56763K (44%)
/home/travis/build/icyphy/ptII/ptolemy/actor/lib/test/CurrentTime.tcl
preinitializing
resolving types
initializing
executing number 1
wrapping up
idle
19 ms. Memory: 129024K Free: 54707K (42%)
Completed execution with 11 iterations
/home/travis/build/icyphy/ptII/ptolemy/actor/lib/test/DB.tcl
5 ms. Memory: 129024K Free: 53188K (41%)
6 ms. Memory: 129024K Free: 52164K (40%)
3 ms. Memory: 129024K Free: 52164K (40%)
/home/travis/build/icyphy/ptII/ptolemy/actor/lib/test/DiscreteRandomSource.tcl
preinitializing
resolving types
initializing
executing number 1
wrapping up
idle
3 ms. Memory: 129024K Free: 50611K (39%)
Completed execution with 4 iterations
preinitializing
resolving types
initializing
executing number 1
wrapping up
idle
2 ms. Memory: 129024K Free: 50116K (39%)
Completed execution with 4 iterations
preinitializing
resolving types
initializing
executing number 1
wrapping up
idle
2 ms. Memory: 129024K Free: 49587K (38%)
Completed execution with 4 iterations
preinitializing
resolving types
initializing
executing number 1
wrapping up
idle
10 ms. Memory: 129024K Free: 49092K (38%)
Completed execution with 4 iterations
preinitializing
resolving types
initializing
executing number 1
wrapping up
idle
4 ms. Memory: 129024K Free: 48563K (38%)
Completed execution with 4 iterations
/home/travis/build/icyphy/ptII/ptolemy/actor/lib/test/Distributor.tcl
24 ms. Memory: 129024K Free: 113598K (88%)
5 ms. Memory: 129024K Free: 113098K (88%)
StreamChangeRequest.changeExecuted(): <deleteEntity name="rec2"/> succeeded
StreamChangeRequest.changeExecuted(): <deleteRelation name="r2"/> succeeded
StreamChangeRequest.changeExecuted(): Record firings per iteration succeeded
4 ms. Memory: 129024K Free: 110526K (86%)
/home/travis/build/icyphy/ptII/ptolemy/actor/lib/test/Exit.tcl
Exit.tcl: this will print a message about Manager.exitAfterWrapup, which can be ignored.
10 ms. Memory: 129024K Free: 107052K (83%)
/home/travis/build/icyphy/ptII/ptolemy/actor/lib/test/Expression.tcl
14 ms. Memory: 129024K Free: 103896K (81%)
9 ms. Memory: 129024K Free: 102858K (80%)
2 ms. Memory: 129024K Free: 102334K (79%)
preinitializing
resolving types
initializing
executing number 1
wrapping up
idle
4 ms. Memory: 129024K Free: 100794K (78%)
Completed execution with 6 iterations
6 ms. Memory: 129024K Free: 99786K (77%)
5 ms. Memory: 129024K Free: 99269K (77%)
6 ms. Memory: 129024K Free: 98254K (76%)
6 ms. Memory: 129024K Free: 96714K (75%)
6 ms. Memory: 129024K Free: 95666K (74%)
/home/travis/build/icyphy/ptII/ptolemy/actor/lib/test/Gaussian.tcl
9 ms. Memory: 129024K Free: 93626K (73%)
sleeping 1 seconds: .........................................................................................................................................................................................................................................................................................................................................................................................................................................................................................................................................................................................................................................................................................................................................................................................................................................................................................................................................................................................................................................................................................................................................................................................................................................................................................................................................................................................................................................................................................................................................................................................................................................................................................................................................................................................................................................................................................................................................................................................................................................................................................................................................................................................................................................................................................................................................................................................................................................................................................................................................................................................................................................................................................................................................................................................................................................................................................................................................................................................................................................................................................................................................................................................................................................................................................................................................................................................................................................................................................................................................................................3 ms. Memory: 129024K Free: 101405K (79%)
2 ms. Memory: 129024K Free: 100381K (78%)
1 ms. Memory: 129024K Free: 99867K (77%)
3 ms. Memory: 129024K Free: 99357K (77%)
3 ms. Memory: 129024K Free: 98843K (77%)
/home/travis/build/icyphy/ptII/ptolemy/actor/lib/test/IIR.tcl
/home/travis/build/icyphy/ptII/ptolemy/actor/lib/test/Interpolator.tcl
5 ms. Memory: 129024K Free: 95261K (74%)
2 ms. Memory: 129024K Free: 94237K (73%)
3 ms. Memory: 129024K Free: 93723K (73%)
1 ms. Memory: 129024K Free: 93213K (72%)
6 ms. Memory: 129024K Free: 92189K (71%)
5 ms. Memory: 129024K Free: 91660K (71%)
1 ms. Memory: 129024K Free: 90636K (70%)
2 ms. Memory: 129024K Free: 89620K (69%)
2 ms. Memory: 129024K Free: 89117K (69%)
1 ms. Memory: 129024K Free: 88093K (68%)
/home/travis/build/icyphy/ptII/ptolemy/actor/lib/test/MathFunction.tcl
3 ms. Memory: 129024K Free: 86045K (67%)
1 ms. Memory: 129024K Free: 85021K (66%)
1 ms. Memory: 129024K Free: 83483K (65%)
2 ms. Memory: 129024K Free: 82973K (64%)
3 ms. Memory: 129024K Free: 81435K (63%)
4 ms. Memory: 129024K Free: 79387K (62%)
/home/travis/build/icyphy/ptII/ptolemy/actor/lib/test/Maximum.tcl
3 ms. Memory: 129024K Free: 77853K (60%)
1 ms. Memory: 129024K Free: 76829K (60%)
5 ms. Memory: 129024K Free: 112812K (87%)
2 ms. Memory: 129024K Free: 112302K (87%)
/home/travis/build/icyphy/ptII/ptolemy/actor/lib/test/Minimum.tcl
3 ms. Memory: 129024K Free: 110764K (86%)
1 ms. Memory: 129024K Free: 109740K (85%)
2 ms. Memory: 129024K Free: 109230K (85%)
2 ms. Memory: 129024K Free: 108702K (84%)
/home/travis/build/icyphy/ptII/ptolemy/actor/lib/test/MultiplyDivide.tcl
4 ms. Memory: 129024K Free: 106654K (83%)
7 ms. Memory: 129024K Free: 105630K (82%)
2 ms. Memory: 129024K Free: 105134K (81%)
2 ms. Memory: 129024K Free: 104606K (81%)
4 ms. Memory: 129024K Free: 103582K (80%)
/home/travis/build/icyphy/ptII/ptolemy/actor/lib/test/OrderedMerge.tcl
Connections changed on port: inputA
Connections changed on port: inputB
Connections changed on port: output
Connections changed on port: output
Connections changed on port: output
Connections changed on port: input
.top. Preinitializing ...
Invoking preinitialize():  .top.OrderedMerge
Called preinitialize()
Invoking preinitialize():  .top.Ramp
Called preinitialize()
Invoking preinitialize():  .top.Ramp2
Called preinitialize()
Invoking preinitialize():  .top.Test
Called preinitialize()
Connections changed on port: inputA
Connections changed on port: output
Connections changed on port: output
Connections changed on port: input
Connections changed on port: inputB
Connections changed on port: output
.top. Finished preinitialize().
Called initialize().
Invoking initialize():  .top.OrderedMerge
Initializing actor: .top.OrderedMerge
Adding a thread: .top.OrderedMerge
Invoking initialize():  .top.Ramp
Initializing actor: .top.Ramp
Adding a thread: .top.Ramp
Invoking initialize():  .top.Ramp2
Initializing actor: .top.Ramp2
Adding a thread: .top.Ramp2
Invoking initialize():  .top.Test
Initializing actor: .top.Test
Adding a thread: .top.Test
Called fire().
Checking for deadlock:
-- Starting thread.
Called initialize()
Called prefire()
Called fire()
-- Starting thread.
Called initialize()
Called prefire()
Called fire()
-- Starting thread.
Called initialize()
Called prefire()
Called fire()
-- Starting thread.
Called initialize()
Called prefire()
Called fire()
There are 0 Blocked actors, 0 Stopped actors, and 4 active threads.
Waiting for actors to stop.
Called postfire()
Called prefire()
Called postfire()
Called fire()
Called prefire()
Called fire()
Checking for deadlock:
There are 1 Blocked actors, 0 Stopped actors, and 4 active threads.
Waiting for actors to stop.
Read input token from inputA with value 0.0
Next port to read input from is inputB
Called postfire()
Called prefire()
Called fire()
Read input token from inputB with value 0.0
Sent output token with value 0.0
Next port to read input from is inputA
Called postfire()
Called prefire()
Called fire()
Checking for deadlock:
There are 1 Blocked actors, 0 Stopped actors, and 4 active threads.
Waiting for actors to stop.
Called postfire()
Called prefire()
Called fire()
-- Read input: 0.0, which is expected to match: 0.0
Called prefire()
Called fire()
Called postfire()
Called prefire()
Called fire()
Checking for deadlock:
There are 3 Blocked actors, 0 Stopped actors, and 4 active threads.
Waiting for actors to stop.
Called postfire()
Called prefire()
Called fire()
Checking for deadlock:
There are 3 Blocked actors, 0 Stopped actors, and 4 active threads.
Waiting for actors to stop.
Read input token from inputA with value 1.0
Checking for deadlock:
There are 2 Blocked actors, 0 Stopped actors, and 4 active threads.
Waiting for actors to stop.
-- Read input: 0.0, which is expected to match: 0.0
Called prefire()
Called fire()
Checking for deadlock:
There are 3 Blocked actors, 0 Stopped actors, and 4 active threads.
Waiting for actors to stop.
Sent output token with value 0.0
Next port to read input from is inputB
Called postfire()
Called prefire()
Called fire()
Checking for deadlock:
There are 2 Blocked actors, 0 Stopped actors, and 4 active threads.
Waiting for actors to stop.
Called postfire()
Called prefire()
Called fire()
Checking for deadlock:
There are 3 Blocked actors, 0 Stopped actors, and 4 active threads.
Waiting for actors to stop.
Read input token from inputB with value 1.5
Checking for deadlock:
There are 2 Blocked actors, 0 Stopped actors, and 4 active threads.
Waiting for actors to stop.
-- Read input: 1.0, which is expected to match: 1.0
Called prefire()
Called fire()
Checking for deadlock:
There are 3 Blocked actors, 0 Stopped actors, and 4 active threads.
Waiting for actors to stop.
Sent output token with value 1.0
Next port to read input from is inputA
Called postfire()
Called prefire()
Called fire()
Checking for deadlock:
There are 2 Blocked actors, 0 Stopped actors, and 4 active threads.
Waiting for actors to stop.
Called postfire()
Called prefire()
Called fire()
Checking for deadlock:
There are 3 Blocked actors, 0 Stopped actors, and 4 active threads.
Waiting for actors to stop.
Read input token from inputA with value 2.0
-- Read input: 1.5, which is expected to match: 1.5
Called prefire()
Called fire()
Checking for deadlock:
There are 3 Blocked actors, 0 Stopped actors, and 4 active threads.
Waiting for actors to stop.
Sent output token with value 1.5
Next port to read input from is inputB
Called postfire()
Called prefire()
Called fire()
Called postfire()
Called prefire()
Called fire()
Checking for deadlock:
There are 3 Blocked actors, 0 Stopped actors, and 4 active threads.
Waiting for actors to stop.
Read input token from inputB with value 3.0
-- Read input: 2.0, which is expected to match: 2.0
Called prefire()
Called fire()
Checking for deadlock:
There are 3 Blocked actors, 0 Stopped actors, and 4 active threads.
Waiting for actors to stop.
Sent output token with value 2.0
Next port to read input from is inputA
Called postfire()
Called prefire()
Called fire()
Checking for deadlock:
There are 2 Blocked actors, 0 Stopped actors, and 4 active threads.
Waiting for actors to stop.
Called postfire()
Called prefire()
Called fire()
Checking for deadlock:
There are 3 Blocked actors, 0 Stopped actors, and 4 active threads.
Waiting for actors to stop.
Read input token from inputA with value 3.0
Checking for deadlock:
There are 2 Blocked actors, 0 Stopped actors, and 4 active threads.
Waiting for actors to stop.
-- Read input: 3.0, which is expected to match: 3.0
Called prefire()
Called fire()
Checking for deadlock:
There are 3 Blocked actors, 0 Stopped actors, and 4 active threads.
Waiting for actors to stop.
Sent output token with value 3.0
Next port to read input from is inputB
Called postfire()
Called prefire()
Called fire()
Called postfire()
Called prefire()
Called fire()
Checking for deadlock:
There are 3 Blocked actors, 0 Stopped actors, and 4 active threads.
Waiting for actors to stop.
Read input token from inputB with value 4.5
-- Read input: 3.0, which is expected to match: 3.0
Called prefire()
Called fire()
Checking for deadlock:
There are 3 Blocked actors, 0 Stopped actors, and 4 active threads.
Waiting for actors to stop.
Sent output token with value 3.0
Next port to read input from is inputA
Called postfire()
Called prefire()
Called fire()
Checking for deadlock:
There are 2 Blocked actors, 0 Stopped actors, and 4 active threads.
Waiting for actors to stop.
Called postfire()
Called prefire()
Called fire()
Checking for deadlock:
There are 3 Blocked actors, 0 Stopped actors, and 4 active threads.
Waiting for actors to stop.
Read input token from inputA with value 4.0
Checking for deadlock:
There are 2 Blocked actors, 0 Stopped actors, and 4 active threads.
Waiting for actors to stop.
-- Read input: 4.0, which is expected to match: 4.0
Called prefire()
Called fire()
Past the end of training data. Read and discard all inputs.
Checking for deadlock:
There are 3 Blocked actors, 0 Stopped actors, and 4 active threads.
Waiting for actors to stop.
Sent output token with value 4.0
Next port to read input from is inputA
Called postfire()
Called prefire()
Called fire()
Checking for deadlock:
There are 2 Blocked actors, 0 Stopped actors, and 4 active threads.
Waiting for actors to stop.
Called postfire()
Called prefire()
Called fire()
Checking for deadlock:
There are 3 Blocked actors, 0 Stopped actors, and 4 active threads.
Waiting for actors to stop.
Read input token from inputA with value 5.0
Checking for deadlock:
There are 2 Blocked actors, 0 Stopped actors, and 4 active threads.
Waiting for actors to stop.
Called prefire()
Called fire()
Past the end of training data. Read and discard all inputs.
Checking for deadlock:
There are 3 Blocked actors, 0 Stopped actors, and 4 active threads.
Waiting for actors to stop.
Sent output token with value 4.5
Next port to read input from is inputB
Called postfire()
Called prefire()
Called fire()
Called postfire()
Called prefire()
Called fire()
Checking for deadlock:
There are 3 Blocked actors, 0 Stopped actors, and 4 active threads.
Waiting for actors to stop.
Read input token from inputB with value 6.0
Called prefire()
Called fire()
Past the end of training data. Read and discard all inputs.
Checking for deadlock:
There are 3 Blocked actors, 0 Stopped actors, and 4 active threads.
Waiting for actors to stop.
Sent output token with value 5.0
Next port to read input from is inputA
Called postfire()
Called prefire()
Called fire()
Checking for deadlock:
There are 2 Blocked actors, 0 Stopped actors, and 4 active threads.
Waiting for actors to stop.
Called postfire()
Called prefire()
Called fire()
Checking for deadlock:
There are 3 Blocked actors, 0 Stopped actors, and 4 active threads.
Waiting for actors to stop.
Read input token from inputA with value 6.0
Checking for deadlock:
There are 2 Blocked actors, 0 Stopped actors, and 4 active threads.
Waiting for actors to stop.
Called prefire()
Called fire()
Past the end of training data. Read and discard all inputs.
Checking for deadlock:
There are 3 Blocked actors, 0 Stopped actors, and 4 active threads.
Waiting for actors to stop.
Sent output token with value 6.0
Next port to read input from is inputB
Called postfire()
Called prefire()
Called fire()
Called postfire()
Called prefire()
Called fire()
Checking for deadlock:
There are 3 Blocked actors, 0 Stopped actors, and 4 active threads.
Waiting for actors to stop.
Read input token from inputB with value 7.5
Called prefire()
Called fire()
Past the end of training data. Read and discard all inputs.
Checking for deadlock:
There are 3 Blocked actors, 0 Stopped actors, and 4 active threads.
Waiting for actors to stop.
Sent output token with value 6.0
Next port to read input from is inputA
Called postfire()
Called prefire()
Called fire()
Checking for deadlock:
There are 2 Blocked actors, 0 Stopped actors, and 4 active threads.
Waiting for actors to stop.
Called postfire()
Called prefire()
Called fire()
Checking for deadlock:
There are 3 Blocked actors, 0 Stopped actors, and 4 active threads.
Waiting for actors to stop.
Read input token from inputA with value 7.0
Checking for deadlock:
There are 2 Blocked actors, 0 Stopped actors, and 4 active threads.
Waiting for actors to stop.
Called prefire()
Called fire()
Past the end of training data. Read and discard all inputs.
Checking for deadlock:
There are 3 Blocked actors, 0 Stopped actors, and 4 active threads.
Waiting for actors to stop.
Sent output token with value 7.0
Next port to read input from is inputA
Called postfire()
Called prefire()
Called fire()
Checking for deadlock:
There are 2 Blocked actors, 0 Stopped actors, and 4 active threads.
Waiting for actors to stop.
-- Thread wrapup() called.
Called wrapup()
Thread .top.Ramp is exiting.
-- Thread stopped.
Read input token from inputA with value 8.0
Sent output token with value 7.5
Next port to read input from is inputB
Called postfire()
Called prefire()
Called fire()
Read input token from inputB with value 9.0
Checking for deadlock:
There are 1 Blocked actors, 0 Stopped actors, and 3 active threads.
Waiting for actors to stop.
Called postfire()
Called prefire()
Called fire()
Called prefire()
Called fire()
Past the end of training data. Read and discard all inputs.
Checking for deadlock:
There are 2 Blocked actors, 0 Stopped actors, and 3 active threads.
Waiting for actors to stop.
Called prefire()
Called fire()
Past the end of training data. Read and discard all inputs.
Checking for deadlock:
There are 2 Blocked actors, 0 Stopped actors, and 3 active threads.
Waiting for actors to stop.
Sent output token with value 8.0
Next port to read input from is inputA
Called postfire()
Called prefire()
Called fire()
Read input token from inputA with value 9.0
Called prefire()
Called fire()
Past the end of training data. Read and discard all inputs.
Checking for deadlock:
There are 2 Blocked actors, 0 Stopped actors, and 3 active threads.
Waiting for actors to stop.
Sent output token with value 9.0
Next port to read input from is inputB
Called postfire()
Called prefire()
Called fire()
Called postfire()
Called prefire()
Called fire()
Checking for deadlock:
There are 2 Blocked actors, 0 Stopped actors, and 3 active threads.
Waiting for actors to stop.
Read input token from inputB with value 10.5
Called prefire()
Called fire()
Past the end of training data. Read and discard all inputs.
Checking for deadlock:
There are 2 Blocked actors, 0 Stopped actors, and 3 active threads.
Waiting for actors to stop.
Sent output token with value 9.0
Next port to read input from is inputA
Called postfire()
Called prefire()
Called fire()
Checking for deadlock:
There are 3 Blocked actors, 0 Stopped actors, and 3 active threads.
Actors have stopped.
Checking for deadlock:
There are 3 Blocked actors, 0 Stopped actors, and 3 active threads.
Deadlock detected.
Resolving Deadlock
Checking for deadlock:
There are 3 Blocked actors, 0 Stopped actors, and 3 active threads.
Artificial Deadlock - increasing queue capacity.
increasing the capacity of receiver ptolemy.actor.TypedIOPort {.top.OrderedMerge.inputB} to 2
Director: Called postfire().
Called postfire().
_stopRequested = false
_stopFireRequested = false
Returning from postfire(): true
-- Thread wrapup() called.
Called wrapup()
Thread .top.Ramp2 is exiting.
-- Thread stopped.
Called fire().
Checking for deadlock:
There are 2 Blocked actors, 0 Stopped actors, and 2 active threads.
Actors have stopped.
Checking for deadlock:
There are 2 Blocked actors, 0 Stopped actors, and 2 active threads.
Deadlock detected.
Resolving Deadlock
Checking for deadlock:
There are 2 Blocked actors, 0 Stopped actors, and 2 active threads.
Deadlock detected: no processes blocked on write, but some are blocked on read.
Called postfire().
_stopRequested = false
_stopFireRequested = false
Returning from postfire(): false
Finished deactivating branches.
Called wrapup().
-- Thread wrapup() called.
Called wrapup()
Thread .top.Test is exiting.
-- Thread stopped.
-- Blocked Receiver call threw TerminateProcessException.
-- Thread wrapup() called.
Called wrapup()
Thread .top.OrderedMerge is exiting.
-- Thread stopped.
-- Blocked Receiver call threw TerminateProcessException.
45 ms. Memory: 129024K Free: 99500K (77%)
.top. Preinitializing ...
Invoking preinitialize():  .top.OrderedMerge
Called preinitialize()
Invoking preinitialize():  .top.Ramp
Called preinitialize()
Invoking preinitialize():  .top.Ramp2
Called preinitialize()
Invoking preinitialize():  .top.Test
Called preinitialize()
.top. Finished preinitialize().
Called initialize().
Invoking initialize():  .top.OrderedMerge
Initializing actor: .top.OrderedMerge
Adding a thread: .top.OrderedMerge
Invoking initialize():  .top.Ramp
Initializing actor: .top.Ramp
Adding a thread: .top.Ramp
Invoking initialize():  .top.Ramp2
Initializing actor: .top.Ramp2
Adding a thread: .top.Ramp2
Invoking initialize():  .top.Test
Initializing actor: .top.Test
Adding a thread: .top.Test
-- Starting thread.
Called initialize()
Called prefire()
Called fire()
-- Starting thread.
Called initialize()
Called prefire()
Called fire()
Called postfire()
Called prefire()
Called fire()
-- Starting thread.
Called initialize()
Called prefire()
Called fire()
Called postfire()
Called prefire()
Called fire()
Called fire().
Checking for deadlock:
There are 3 Blocked actors, 0 Stopped actors, and 4 active threads.
Waiting for actors to stop.
-- Starting thread.
Called initialize()
Called prefire()
Called fire()
Checking for deadlock:
There are 2 Blocked actors, 0 Stopped actors, and 4 active threads.
Waiting for actors to stop.
Called postfire()
Called prefire()
Called fire()
Checking for deadlock:
There are 3 Blocked actors, 0 Stopped actors, and 4 active threads.
Waiting for actors to stop.
Read input token from inputA with value 0.0
Next port to read input from is inputB
Called postfire()
Called prefire()
Called fire()
Called postfire()
Called prefire()
Called fire()
Checking for deadlock:
There are 3 Blocked actors, 0 Stopped actors, and 4 active threads.
Waiting for actors to stop.
Read input token from inputB with value 0.0
-- Read input: 0.0, which is expected to match: 0.0
Called prefire()
Called fire()
Checking for deadlock:
There are 3 Blocked actors, 0 Stopped actors, and 4 active threads.
Waiting for actors to stop.
Sent output token with value 0.0
Next port to read input from is inputA
Called postfire()
Called prefire()
Called fire()
Checking for deadlock:
There are 2 Blocked actors, 0 Stopped actors, and 4 active threads.
Waiting for actors to stop.
Called postfire()
Called prefire()
Called fire()
Checking for deadlock:
There are 3 Blocked actors, 0 Stopped actors, and 4 active threads.
Waiting for actors to stop.
Read input token from inputA with value 1.0
Checking for deadlock:
There are 2 Blocked actors, 0 Stopped actors, and 4 active threads.
Waiting for actors to stop.
-- Read input: 0.0, which is expected to match: 0.0
Called prefire()
Called fire()
Checking for deadlock:
There are 3 Blocked actors, 0 Stopped actors, and 4 active threads.
Waiting for actors to stop.
Sent output token with value 0.0
Next port to read input from is inputB
Called postfire()
Called prefire()
Called fire()
Checking for deadlock:
There are 2 Blocked actors, 0 Stopped actors, and 4 active threads.
Waiting for actors to stop.
Called postfire()
Called prefire()
Called fire()
Checking for deadlock:
There are 3 Blocked actors, 0 Stopped actors, and 4 active threads.
Waiting for actors to stop.
Read input token from inputB with value 1.5
Checking for deadlock:
There are 2 Blocked actors, 0 Stopped actors, and 4 active threads.
Waiting for actors to stop.
-- Read input: 1.0, which is expected to match: 1.0
Called prefire()
Called fire()
Checking for deadlock:
There are 3 Blocked actors, 0 Stopped actors, and 4 active threads.
Waiting for actors to stop.
Sent output token with value 1.0
Next port to read input from is inputA
Called postfire()
Called prefire()
Called fire()
Checking for deadlock:
There are 2 Blocked actors, 0 Stopped actors, and 4 active threads.
Waiting for actors to stop.
Called postfire()
Called prefire()
Called fire()
Checking for deadlock:
There are 3 Blocked actors, 0 Stopped actors, and 4 active threads.
Waiting for actors to stop.
Read input token from inputA with value 2.0
Checking for deadlock:
There are 2 Blocked actors, 0 Stopped actors, and 4 active threads.
Waiting for actors to stop.
-- Read input: 1.5, which is expected to match: 1.5
Called prefire()
Called fire()
Checking for deadlock:
There are 3 Blocked actors, 0 Stopped actors, and 4 active threads.
Waiting for actors to stop.
Sent output token with value 1.5
Next port to read input from is inputB
Called postfire()
Called prefire()
Called fire()
Called postfire()
Called prefire()
Called fire()
Checking for deadlock:
There are 3 Blocked actors, 0 Stopped actors, and 4 active threads.
Waiting for actors to stop.
Read input token from inputB with value 3.0
-- Read input: 2.0, which is expected to match: 2.0
Called prefire()
Called fire()
Checking for deadlock:
There are 3 Blocked actors, 0 Stopped actors, and 4 active threads.
Waiting for actors to stop.
Sent output token with value 2.0
Next port to read input from is inputA
Called postfire()
Called prefire()
Called fire()
Checking for deadlock:
There are 2 Blocked actors, 0 Stopped actors, and 4 active threads.
Waiting for actors to stop.
Called postfire()
Called prefire()
Called fire()
Checking for deadlock:
There are 3 Blocked actors, 0 Stopped actors, and 4 active threads.
Waiting for actors to stop.
Read input token from inputA with value 3.0
Checking for deadlock:
There are 2 Blocked actors, 0 Stopped actors, and 4 active threads.
Waiting for actors to stop.
-- Read input: 3.0, which is expected to match: 3.0
Called prefire()
Called fire()
Checking for deadlock:
There are 3 Blocked actors, 0 Stopped actors, and 4 active threads.
Waiting for actors to stop.
Sent output token with value 3.0
Next port to read input from is inputB
Called postfire()
Called prefire()
Called fire()
Checking for deadlock:
There are 2 Blocked actors, 0 Stopped actors, and 4 active threads.
Waiting for actors to stop.
Called postfire()
Called prefire()
Called fire()
Checking for deadlock:
There are 3 Blocked actors, 0 Stopped actors, and 4 active threads.
Waiting for actors to stop.
Read input token from inputB with value 4.5
Checking for deadlock:
There are 2 Blocked actors, 0 Stopped actors, and 4 active threads.
Waiting for actors to stop.
-- Read input: 3.0, which is expected to match: 3.0
Called prefire()
Called fire()
Checking for deadlock:
There are 3 Blocked actors, 0 Stopped actors, and 4 active threads.
Waiting for actors to stop.
Sent output token with value 3.0
Next port to read input from is inputA
Called postfire()
Called prefire()
Called fire()
Checking for deadlock:
There are 2 Blocked actors, 0 Stopped actors, and 4 active threads.
Waiting for actors to stop.
Called postfire()
Called prefire()
Called fire()
Checking for deadlock:
There are 3 Blocked actors, 0 Stopped actors, and 4 active threads.
Waiting for actors to stop.
Read input token from inputA with value 4.0
Checking for deadlock:
There are 2 Blocked actors, 0 Stopped actors, and 4 active threads.
Waiting for actors to stop.
-- Read input: 4.0, which is expected to match: 4.0
Called prefire()
Called fire()
Past the end of training data. Read and discard all inputs.
Checking for deadlock:
There are 3 Blocked actors, 0 Stopped actors, and 4 active threads.
Waiting for actors to stop.
Sent output token with value 4.0
Next port to read input from is inputA
Called postfire()
Called prefire()
Called fire()
Checking for deadlock:
There are 2 Blocked actors, 0 Stopped actors, and 4 active threads.
Waiting for actors to stop.
Called postfire()
Called prefire()
Called fire()
Checking for deadlock:
There are 3 Blocked actors, 0 Stopped actors, and 4 active threads.
Waiting for actors to stop.
Read input token from inputA with value 5.0
Checking for deadlock:
There are 2 Blocked actors, 0 Stopped actors, and 4 active threads.
Waiting for actors to stop.
Called prefire()
Called fire()
Past the end of training data. Read and discard all inputs.
Checking for deadlock:
There are 3 Blocked actors, 0 Stopped actors, and 4 active threads.
Waiting for actors to stop.
Sent output token with value 4.5
Next port to read input from is inputB
Called postfire()
Called prefire()
Called fire()
Checking for deadlock:
There are 2 Blocked actors, 0 Stopped actors, and 4 active threads.
Waiting for actors to stop.
Called postfire()
Called prefire()
Called fire()
Checking for deadlock:
There are 3 Blocked actors, 0 Stopped actors, and 4 active threads.
Waiting for actors to stop.
Read input token from inputB with value 6.0
Checking for deadlock:
There are 2 Blocked actors, 0 Stopped actors, and 4 active threads.
Waiting for actors to stop.
Called prefire()
Called fire()
Past the end of training data. Read and discard all inputs.
Checking for deadlock:
There are 3 Blocked actors, 0 Stopped actors, and 4 active threads.
Waiting for actors to stop.
Sent output token with value 5.0
Next port to read input from is inputA
Called postfire()
Called prefire()
Called fire()
Checking for deadlock:
There are 2 Blocked actors, 0 Stopped actors, and 4 active threads.
Waiting for actors to stop.
Called postfire()
Called prefire()
Called fire()
Checking for deadlock:
There are 3 Blocked actors, 0 Stopped actors, and 4 active threads.
Waiting for actors to stop.
Read input token from inputA with value 6.0
Checking for deadlock:
There are 2 Blocked actors, 0 Stopped actors, and 4 active threads.
Waiting for actors to stop.
Called prefire()
Called fire()
Past the end of training data. Read and discard all inputs.
Checking for deadlock:
There are 3 Blocked actors, 0 Stopped actors, and 4 active threads.
Waiting for actors to stop.
Sent output token with value 6.0
Next port to read input from is inputB
Called postfire()
Called prefire()
Called fire()
Called postfire()
Called prefire()
Called fire()
Checking for deadlock:
There are 3 Blocked actors, 0 Stopped actors, and 4 active threads.
Waiting for actors to stop.
Read input token from inputB with value 7.5
Called prefire()
Called fire()
Past the end of training data. Read and discard all inputs.
Checking for deadlock:
There are 3 Blocked actors, 0 Stopped actors, and 4 active threads.
Waiting for actors to stop.
Sent output token with value 6.0
Next port to read input from is inputA
Called postfire()
Called prefire()
Called fire()
Checking for deadlock:
There are 2 Blocked actors, 0 Stopped actors, and 4 active threads.
Waiting for actors to stop.
Called postfire()
Called prefire()
Called fire()
Checking for deadlock:
There are 3 Blocked actors, 0 Stopped actors, and 4 active threads.
Waiting for actors to stop.
Read input token from inputA with value 7.0
Checking for deadlock:
There are 2 Blocked actors, 0 Stopped actors, and 4 active threads.
Waiting for actors to stop.
Called prefire()
Called fire()
Past the end of training data. Read and discard all inputs.
Checking for deadlock:
There are 3 Blocked actors, 0 Stopped actors, and 4 active threads.
Waiting for actors to stop.
Sent output token with value 7.0
Next port to read input from is inputA
Called postfire()
Called prefire()
Called fire()
Checking for deadlock:
There are 2 Blocked actors, 0 Stopped actors, and 4 active threads.
Waiting for actors to stop.
-- Thread wrapup() called.
Called wrapup()
Thread .top.Ramp is exiting.
-- Thread stopped.
Checking for deadlock:
There are 2 Blocked actors, 0 Stopped actors, and 3 active threads.
Waiting for actors to stop.
Read input token from inputA with value 8.0
Called prefire()
Called fire()
Past the end of training data. Read and discard all inputs.
Checking for deadlock:
There are 2 Blocked actors, 0 Stopped actors, and 3 active threads.
Waiting for actors to stop.
Sent output token with value 7.5
Next port to read input from is inputB
Called postfire()
Called prefire()
Called fire()
Checking for deadlock:
There are 1 Blocked actors, 0 Stopped actors, and 3 active threads.
Waiting for actors to stop.
Called postfire()
Called prefire()
Called fire()
Checking for deadlock:
There are 2 Blocked actors, 0 Stopped actors, and 3 active threads.
Waiting for actors to stop.
Read input token from inputB with value 9.0
Checking for deadlock:
There are 1 Blocked actors, 0 Stopped actors, and 3 active threads.
Waiting for actors to stop.
Called prefire()
Called fire()
Past the end of training data. Read and discard all inputs.
Checking for deadlock:
There are 2 Blocked actors, 0 Stopped actors, and 3 active threads.
Waiting for actors to stop.
Sent output token with value 8.0
Next port to read input from is inputA
Called postfire()
Called prefire()
Called fire()
Read input token from inputA with value 9.0
Called prefire()
Called fire()
Past the end of training data. Read and discard all inputs.
Checking for deadlock:
There are 2 Blocked actors, 0 Stopped actors, and 3 active threads.
Waiting for actors to stop.
Sent output token with value 9.0
Next port to read input from is inputB
Called postfire()
Called prefire()
Called fire()
Called postfire()
Called prefire()
Called fire()
Checking for deadlock:
There are 2 Blocked actors, 0 Stopped actors, and 3 active threads.
Waiting for actors to stop.
Read input token from inputB with value 10.5
Called prefire()
Called fire()
Past the end of training data. Read and discard all inputs.
Checking for deadlock:
There are 2 Blocked actors, 0 Stopped actors, and 3 active threads.
Waiting for actors to stop.
Sent output token with value 9.0
Next port to read input from is inputA
Called postfire()
Called prefire()
Called fire()
Checking for deadlock:
There are 3 Blocked actors, 0 Stopped actors, and 3 active threads.
Actors have stopped.
Checking for deadlock:
There are 3 Blocked actors, 0 Stopped actors, and 3 active threads.
Deadlock detected.
Resolving Deadlock
Checking for deadlock:
There are 3 Blocked actors, 0 Stopped actors, and 3 active threads.
Artificial Deadlock - increasing queue capacity.
increasing the capacity of receiver ptolemy.actor.TypedIOPort {.top.OrderedMerge.inputB} to 2
Director: Called postfire().
Called postfire().
_stopRequested = false
_stopFireRequested = false
Returning from postfire(): true
Called fire().
Checking for deadlock:
There are 2 Blocked actors, 0 Stopped actors, and 3 active threads.
Waiting for actors to stop.
-- Thread wrapup() called.
Called wrapup()
Thread .top.Ramp2 is exiting.
-- Thread stopped.
Checking for deadlock:
There are 2 Blocked actors, 0 Stopped actors, and 2 active threads.
Actors have stopped.
Checking for deadlock:
There are 2 Blocked actors, 0 Stopped actors, and 2 active threads.
Deadlock detected.
Resolving Deadlock
Checking for deadlock:
There are 2 Blocked actors, 0 Stopped actors, and 2 active threads.
Deadlock detected: no processes blocked on write, but some are blocked on read.
Called postfire().
_stopRequested = false
_stopFireRequested = false
Returning from postfire(): false
Finished deactivating branches.
Called wrapup().
-- Thread wrapup() called.
Called wrapup()
-- Thread wrapup() called.
Called wrapup()
Thread .top.Test is exiting.
-- Thread stopped.
-- Blocked Receiver call threw TerminateProcessException.
Thread .top.OrderedMerge is exiting.
33 ms. Memory: 129024K Free: 98247K (76%)
/home/travis/build/icyphy/ptII/ptolemy/actor/lib/test/Publisher.tcl
-- Thread stopped.
-- Blocked Receiver call threw TerminateProcessException.
5 ms. Memory: 129024K Free: 91822K (71%)
3 ms. Memory: 129024K Free: 86702K (67%)
2 ms. Memory: 129024K Free: 82606K (64%)
3 ms. Memory: 129024K Free: 82078K (64%)
2 ms. Memory: 129024K Free: 81038K (63%)
2 ms. Memory: 129024K Free: 80030K (62%)
2 ms. Memory: 129024K Free: 79534K (62%)
3 ms. Memory: 129024K Free: 78510K (61%)
22 ms. Memory: 129024K Free: 68780K (53%)
4 ms. Memory: 129024K Free: 109759K (85%)
2 ms. Memory: 129024K Free: 109263K (85%)
4 ms. Memory: 155648K Free: 136985K (88%)
6 ms. Memory: 155648K Free: 128793K (83%)
18 ms. Memory: 155648K Free: 119577K (77%)
5 ms. Memory: 155648K Free: 108313K (70%)
/home/travis/build/icyphy/ptII/ptolemy/actor/lib/test/Pulse.tcl
1 ms. Memory: 155648K Free: 70425K (45%)
1 ms. Memory: 155648K Free: 69897K (45%)
10 ms. Memory: 155648K Free: 69401K (45%)
2 ms. Memory: 155648K Free: 68873K (44%)
1 ms. Memory: 155648K Free: 68377K (44%)
5 ms. Memory: 155648K Free: 137245K (88%)
4 ms. Memory: 155648K Free: 136221K (88%)
2 ms. Memory: 155648K Free: 135197K (87%)
1 ms. Memory: 155648K Free: 134676K (87%)
/home/travis/build/icyphy/ptII/ptolemy/actor/lib/test/Ramp.tcl
2 ms. Memory: 155648K Free: 132620K (85%)
1 ms. Memory: 155648K Free: 132125K (85%)
2 ms. Memory: 155648K Free: 131101K (84%)
1 ms. Memory: 155648K Free: 130572K (84%)
3 ms. Memory: 155648K Free: 129563K (83%)
3 ms. Memory: 155648K Free: 128539K (83%)
8 ms. Memory: 155648K Free: 128029K (82%)
5 actors
6000 microseconds per iteration to create
9 ms. Memory: 155648K Free: 124957K (80%)
3 ms. Memory: 155648K Free: 124428K (80%)
4 ms. Memory: 155648K Free: 123933K (80%)
6 ms. Memory: 155648K Free: 123404K (79%)
50 actors
41000 microseconds per iteration to create
23 ms. Memory: 155648K Free: 107549K (69%)
4 ms. Memory: 155648K Free: 106525K (68%)
4 ms. Memory: 155648K Free: 105501K (68%)
5 ms. Memory: 155648K Free: 104477K (67%)
500 actors
1517000 microseconds per iteration to create
210 ms. Memory: 155648K Free: 98279K (63%)
28 ms. Memory: 155648K Free: 93153K (60%)
28 ms. Memory: 155648K Free: 88039K (57%)
27 ms. Memory: 155648K Free: 82919K (53%)
/home/travis/build/icyphy/ptII/ptolemy/actor/lib/test/RampContinuous.tcl
6 ms. Memory: 155648K Free: 81385K (52%)
/home/travis/build/icyphy/ptII/ptolemy/actor/lib/test/RecordAssembler.tcl
4 ms. Memory: 155648K Free: 79833K (51%)
2 ms. Memory: 155648K Free: 78817K (51%)
/home/travis/build/icyphy/ptII/ptolemy/actor/lib/test/RecordDisassembler.tcl
5 ms. Memory: 155648K Free: 76775K (49%)
2 ms. Memory: 155648K Free: 76265K (49%)
3 ms. Memory: 155648K Free: 75241K (48%)
/home/travis/build/icyphy/ptII/ptolemy/actor/lib/test/Scale.tcl
3 ms. Memory: 155648K Free: 73193K (47%)
1 ms. Memory: 155648K Free: 72649K (47%)
1 ms. Memory: 155648K Free: 71655K (46%)
1 ms. Memory: 155648K Free: 70617K (45%)
2 ms. Memory: 155648K Free: 70121K (45%)
/home/travis/build/icyphy/ptII/ptolemy/actor/lib/test/SequentialClock.tcl
preinitializing
resolving types
initializing
executing number 1
wrapping up
idle
2 ms. Memory: 155648K Free: 68577K (44%)
Completed execution with 5 iterations
preinitializing
resolving types
initializing
executing number 1
wrapping up
idle
1 ms. Memory: 155648K Free: 68073K (44%)
Completed execution with 5 iterations
preinitializing
resolving types
initializing
executing number 1
wrapping up
idle
1 ms. Memory: 155648K Free: 67559K (43%)
Completed execution with 5 iterations
/home/travis/build/icyphy/ptII/ptolemy/actor/lib/test/SetVariable.tcl
3 ms. Memory: 155648K Free: 66025K (42%)
/home/travis/build/icyphy/ptII/ptolemy/actor/lib/test/Sinewave.tcl
/home/travis/build/icyphy/ptII/ptolemy/actor/lib/test/SubscriptionAggregator.tcl
7 ms. Memory: 155648K Free: 54247K (35%)
5 ms. Memory: 155648K Free: 53737K (35%)
0 ms. Memory: 155648K Free: 53209K (34%)
0 ms. Memory: 155648K Free: 52713K (34%)
19 ms. Memory: 187392K Free: 163409K (87%)
12 ms. Memory: 187392K Free: 161361K (86%)
...............................................................924 ms. Memory: 261120K Free: 118784K (45%)
/home/travis/build/icyphy/ptII/ptolemy/actor/lib/test/Test.tcl
 The next command will produce a warning about training mode,
   which may be ignored.
4 ms. Memory: 261120K Free: 116736K (45%)
2 ms. Memory: 261120K Free: 116222K (45%)
1 ms. Memory: 261120K Free: 115183K (44%)
2 ms. Memory: 261120K Free: 114688K (44%)
1 ms. Memory: 261120K Free: 114174K (44%)
2 ms. Memory: 261120K Free: 113119K (43%)
2 ms. Memory: 261120K Free: 111616K (43%)
 The next command will produce a warning about training mode,
   which may be ignored.
3 ms. Memory: 261120K Free: 109054K (42%)
 The next command will produce a warning about training mode,
   which may be ignored.
2 ms. Memory: 261120K Free: 108015K (41%)
1 ms. Memory: 261120K Free: 107520K (41%)
1 ms. Memory: 261120K Free: 106991K (41%)
1 ms. Memory: 261120K Free: 106496K (41%)
6 ms. Memory: 261120K Free: 105472K (40%)
2 ms. Memory: 261120K Free: 101879K (39%)
/home/travis/build/icyphy/ptII/ptolemy/actor/lib/test/TestExceptionHandler.tcl
 The next command will produce a warning about training mode,
   which may be ignored.
2 ms. Memory: 261120K Free: 100352K (38%)
1 ms. Memory: 261120K Free: 99838K (38%)
1 ms. Memory: 261120K Free: 99328K (38%)
/home/travis/build/icyphy/ptII/ptolemy/actor/lib/test/UnionDisassembler.tcl
22 ms. Memory: 261120K Free: 210348K (81%)
/home/travis/build/icyphy/ptII/ptolemy/actor/lib/test/VariableClock.tcl
preinitializing
resolving types
initializing
executing number 1
wrapping up
idle
8 ms. Memory: 261120K Free: 208300K (80%)
Completed execution with 11 iterations
preinitializing
resolving types
initializing
executing number 1
wrapping up
idle
3 ms. Memory: 261120K Free: 207276K (79%)
Completed execution with 10 iterations
07/15/20 03:11:07
Failed: 0  Total Tests: 233  ((Passed: 233, Newly Passed: 0)  Known Failed: 0) /home/travis/build/icyphy/ptII/ptolemy/actor/lib/test
----------------- testing (KnownFailure) /home/travis/build/icyphy/ptII/ptolemy/actor/lib/test/auto/knownFailedTests/PublisherPortToplevelSubscriber.xml
1 ms. Memory: 261120K Free: 203690K (78%)
Known Failure: java.lang.reflect.InvocationTargetException
----------------- testing (KnownFailure) /home/travis/build/icyphy/ptII/ptolemy/actor/lib/test/auto/knownFailedTests/PublisherSubscriberPortToplevel.xml
0 ms. Memory: 261120K Free: 199594K (76%)
Known Failure: java.lang.reflect.InvocationTargetException
----------------- testing (KnownFailure) /home/travis/build/icyphy/ptII/ptolemy/actor/lib/test/auto/knownFailedTests/PublisherSubscriptionAggregatorPort.xml
0 ms. Memory: 261120K Free: 194988K (75%)
Known Failure: java.lang.reflect.InvocationTargetException
----------------- testing (KnownFailure) /home/travis/build/icyphy/ptII/ptolemy/actor/lib/test/auto/knownFailedTests/sizedarray3.xml
10 ms. Memory: 261120K Free: 190892K (73%)
Known Failure: java.lang.reflect.InvocationTargetException
No auto/linux-amd64/*.xml tests in /home/travis/build/icyphy/ptII/ptolemy/actor/lib/test
AutoTests.java: About to close Vertx.
AutoTests.java: Vertx closed.

===========================================================================================
----------------- testing Wed Jul 15 15:11:07 UTC 2020 /home/travis/build/icyphy/ptII/ptolemy/actor/lib/test/auto/AbsoluteValue.xml
----------------- Instantiating /home/travis/build/icyphy/ptII/ptolemy/actor/lib/test/auto/AbsoluteValue.xml
21 ms. Memory: 261120K Free: 167850K (64%)
----------------- Invoking toplevel() on ptolemy.moml.MoMLSimpleApplication@33a824bf
----------------- Done invoking toplevel() on ptolemy.moml.MoMLSimpleApplication@33a824bf
reloadAllAccessors: .AbsoluteValue

===========================================================================================
----------------- testing Wed Jul 15 15:11:07 UTC 2020 /home/travis/build/icyphy/ptII/ptolemy/actor/lib/test/auto/AbsoluteValue2.xml
----------------- Instantiating /home/travis/build/icyphy/ptII/ptolemy/actor/lib/test/auto/AbsoluteValue2.xml
3 ms. Memory: 261120K Free: 161196K (62%)
----------------- Invoking toplevel() on ptolemy.moml.MoMLSimpleApplication@106b4985
----------------- Done invoking toplevel() on ptolemy.moml.MoMLSimpleApplication@106b4985
reloadAllAccessors: .AbsoluteValue2

===========================================================================================
----------------- testing Wed Jul 15 15:11:08 UTC 2020 /home/travis/build/icyphy/ptII/ptolemy/actor/lib/test/auto/Accumulator.xml
----------------- Instantiating /home/travis/build/icyphy/ptII/ptolemy/actor/lib/test/auto/Accumulator.xml
11 ms. Memory: 261120K Free: 155052K (59%)
----------------- Invoking toplevel() on ptolemy.moml.MoMLSimpleApplication@43138fd6
----------------- Done invoking toplevel() on ptolemy.moml.MoMLSimpleApplication@43138fd6
reloadAllAccessors: .Accumulator

===========================================================================================
----------------- testing Wed Jul 15 15:11:08 UTC 2020 /home/travis/build/icyphy/ptII/ptolemy/actor/lib/test/auto/Accumulator2.xml
----------------- Instantiating /home/travis/build/icyphy/ptII/ptolemy/actor/lib/test/auto/Accumulator2.xml
2 ms. Memory: 261120K Free: 149418K (57%)
----------------- Invoking toplevel() on ptolemy.moml.MoMLSimpleApplication@45a617d9
----------------- Done invoking toplevel() on ptolemy.moml.MoMLSimpleApplication@45a617d9
reloadAllAccessors: .Accumulator2

===========================================================================================
----------------- testing Wed Jul 15 15:11:08 UTC 2020 /home/travis/build/icyphy/ptII/ptolemy/actor/lib/test/auto/Accumulator3.xml
----------------- Instantiating /home/travis/build/icyphy/ptII/ptolemy/actor/lib/test/auto/Accumulator3.xml
5 ms. Memory: 261120K Free: 145322K (56%)
----------------- Invoking toplevel() on ptolemy.moml.MoMLSimpleApplication@729c0383
----------------- Done invoking toplevel() on ptolemy.moml.MoMLSimpleApplication@729c0383
reloadAllAccessors: .Accumulator3

===========================================================================================
----------------- testing Wed Jul 15 15:11:08 UTC 2020 /home/travis/build/icyphy/ptII/ptolemy/actor/lib/test/auto/ArrayAppend.xml
----------------- Instantiating /home/travis/build/icyphy/ptII/ptolemy/actor/lib/test/auto/ArrayAppend.xml
10 ms. Memory: 261120K Free: 139163K (53%)
----------------- Invoking toplevel() on ptolemy.moml.MoMLSimpleApplication@54d372b7
----------------- Done invoking toplevel() on ptolemy.moml.MoMLSimpleApplication@54d372b7
reloadAllAccessors: .ArrayAppend

===========================================================================================
----------------- testing Wed Jul 15 15:11:08 UTC 2020 /home/travis/build/icyphy/ptII/ptolemy/actor/lib/test/auto/ArrayAppend2.xml
----------------- Instantiating /home/travis/build/icyphy/ptII/ptolemy/actor/lib/test/auto/ArrayAppend2.xml
376 ms. Memory: 261120K Free: 198706K (76%)
----------------- Invoking toplevel() on ptolemy.moml.MoMLSimpleApplication@601d6795
----------------- Done invoking toplevel() on ptolemy.moml.MoMLSimpleApplication@601d6795
reloadAllAccessors: .ArrayAppend2

===========================================================================================
----------------- testing Wed Jul 15 15:11:08 UTC 2020 /home/travis/build/icyphy/ptII/ptolemy/actor/lib/test/auto/ArrayAppend3.xml
----------------- Instantiating /home/travis/build/icyphy/ptII/ptolemy/actor/lib/test/auto/ArrayAppend3.xml
6 ms. Memory: 261120K Free: 192562K (74%)
----------------- Invoking toplevel() on ptolemy.moml.MoMLSimpleApplication@2c818c8d
----------------- Done invoking toplevel() on ptolemy.moml.MoMLSimpleApplication@2c818c8d
reloadAllAccessors: .ArrayAppend3

===========================================================================================
----------------- testing Wed Jul 15 15:11:08 UTC 2020 /home/travis/build/icyphy/ptII/ptolemy/actor/lib/test/auto/ArrayAppend4.xml
----------------- Instantiating /home/travis/build/icyphy/ptII/ptolemy/actor/lib/test/auto/ArrayAppend4.xml
2 ms. Memory: 261120K Free: 187442K (72%)
----------------- Invoking toplevel() on ptolemy.moml.MoMLSimpleApplication@627f2409
----------------- Done invoking toplevel() on ptolemy.moml.MoMLSimpleApplication@627f2409
reloadAllAccessors: .ArrayAppend4

===========================================================================================
----------------- testing Wed Jul 15 15:11:08 UTC 2020 /home/travis/build/icyphy/ptII/ptolemy/actor/lib/test/auto/ArrayAppend5.xml
----------------- Instantiating /home/travis/build/icyphy/ptII/ptolemy/actor/lib/test/auto/ArrayAppend5.xml
1 ms. Memory: 261120K Free: 182322K (70%)
----------------- Invoking toplevel() on ptolemy.moml.MoMLSimpleApplication@2ade0b86
----------------- Done invoking toplevel() on ptolemy.moml.MoMLSimpleApplication@2ade0b86
reloadAllAccessors: .ArrayAppend5

===========================================================================================
----------------- testing Wed Jul 15 15:11:08 UTC 2020 /home/travis/build/icyphy/ptII/ptolemy/actor/lib/test/auto/ArrayAppend6.xml
----------------- Instantiating /home/travis/build/icyphy/ptII/ptolemy/actor/lib/test/auto/ArrayAppend6.xml
3 ms. Memory: 261120K Free: 176692K (68%)
----------------- Invoking toplevel() on ptolemy.moml.MoMLSimpleApplication@1e925708
----------------- Done invoking toplevel() on ptolemy.moml.MoMLSimpleApplication@1e925708
reloadAllAccessors: .ArrayAppend6

===========================================================================================
----------------- testing Wed Jul 15 15:11:08 UTC 2020 /home/travis/build/icyphy/ptII/ptolemy/actor/lib/test/auto/ArrayAppendPerformanceTest.xml
----------------- Instantiating /home/travis/build/icyphy/ptII/ptolemy/actor/lib/test/auto/ArrayAppendPerformanceTest.xml
37 ms. Memory: 261120K Free: 165938K (64%)
----------------- Invoking toplevel() on ptolemy.moml.MoMLSimpleApplication@1cf61a39
----------------- Done invoking toplevel() on ptolemy.moml.MoMLSimpleApplication@1cf61a39
reloadAllAccessors: .ArrayAppendPerformanceTest

===========================================================================================
----------------- testing Wed Jul 15 15:11:08 UTC 2020 /home/travis/build/icyphy/ptII/ptolemy/actor/lib/test/auto/ArrayAppendWithEmptyInput.xml
----------------- Instantiating /home/travis/build/icyphy/ptII/ptolemy/actor/lib/test/auto/ArrayAppendWithEmptyInput.xml
11 ms. Memory: 261120K Free: 157746K (60%)
----------------- Invoking toplevel() on ptolemy.moml.MoMLSimpleApplication@30309f5d
----------------- Done invoking toplevel() on ptolemy.moml.MoMLSimpleApplication@30309f5d
reloadAllAccessors: .ArrayAppendWithEmptyInput

===========================================================================================
----------------- testing Wed Jul 15 15:11:08 UTC 2020 /home/travis/build/icyphy/ptII/ptolemy/actor/lib/test/auto/ArrayAverage.xml
----------------- Instantiating /home/travis/build/icyphy/ptII/ptolemy/actor/lib/test/auto/ArrayAverage.xml
9 ms. Memory: 261120K Free: 150068K (57%)
----------------- Invoking toplevel() on ptolemy.moml.MoMLSimpleApplication@2fca6bcb
----------------- Done invoking toplevel() on ptolemy.moml.MoMLSimpleApplication@2fca6bcb
reloadAllAccessors: .ArrayAverage

===========================================================================================
----------------- testing Wed Jul 15 15:11:08 UTC 2020 /home/travis/build/icyphy/ptII/ptolemy/actor/lib/test/auto/ArrayContains.xml
----------------- Instantiating /home/travis/build/icyphy/ptII/ptolemy/actor/lib/test/auto/ArrayContains.xml
10 ms. Memory: 261120K Free: 143924K (55%)
----------------- Invoking toplevel() on ptolemy.moml.MoMLSimpleApplication@148dc68e
----------------- Done invoking toplevel() on ptolemy.moml.MoMLSimpleApplication@148dc68e
reloadAllAccessors: .ArrayContains

===========================================================================================
----------------- testing Wed Jul 15 15:11:08 UTC 2020 /home/travis/build/icyphy/ptII/ptolemy/actor/lib/test/auto/ArrayElement.xml
----------------- Instantiating /home/travis/build/icyphy/ptII/ptolemy/actor/lib/test/auto/ArrayElement.xml
3 ms. Memory: 261120K Free: 138290K (53%)
----------------- Invoking toplevel() on ptolemy.moml.MoMLSimpleApplication@28841b63
----------------- Done invoking toplevel() on ptolemy.moml.MoMLSimpleApplication@28841b63
reloadAllAccessors: .ArrayElement

===========================================================================================
----------------- testing Wed Jul 15 15:11:08 UTC 2020 /home/travis/build/icyphy/ptII/ptolemy/actor/lib/test/auto/ArrayElementAsMatrix.xml
----------------- Instantiating /home/travis/build/icyphy/ptII/ptolemy/actor/lib/test/auto/ArrayElementAsMatrix.xml
17 ms. Memory: 261120K Free: 128564K (49%)
----------------- Invoking toplevel() on ptolemy.moml.MoMLSimpleApplication@62fd96ca
----------------- Done invoking toplevel() on ptolemy.moml.MoMLSimpleApplication@62fd96ca
reloadAllAccessors: .ArrayElementAsMatrix

===========================================================================================
----------------- testing Wed Jul 15 15:11:08 UTC 2020 /home/travis/build/icyphy/ptII/ptolemy/actor/lib/test/auto/ArrayElementI.xml
----------------- Instantiating /home/travis/build/icyphy/ptII/ptolemy/actor/lib/test/auto/ArrayElementI.xml
3 ms. Memory: 261120K Free: 122930K (47%)
----------------- Invoking toplevel() on ptolemy.moml.MoMLSimpleApplication@2a4f55b5
----------------- Done invoking toplevel() on ptolemy.moml.MoMLSimpleApplication@2a4f55b5
reloadAllAccessors: .ArrayElementI

===========================================================================================
----------------- testing Wed Jul 15 15:11:08 UTC 2020 /home/travis/build/icyphy/ptII/ptolemy/actor/lib/test/auto/ArrayExtract.xml
----------------- Instantiating /home/travis/build/icyphy/ptII/ptolemy/actor/lib/test/auto/ArrayExtract.xml
3 ms. Memory: 261120K Free: 114738K (44%)
----------------- Invoking toplevel() on ptolemy.moml.MoMLSimpleApplication@6faaa74a
----------------- Done invoking toplevel() on ptolemy.moml.MoMLSimpleApplication@6faaa74a
reloadAllAccessors: .ArrayExtract

===========================================================================================
----------------- testing Wed Jul 15 15:11:09 UTC 2020 /home/travis/build/icyphy/ptII/ptolemy/actor/lib/test/auto/ArrayExtract2.xml
----------------- Instantiating /home/travis/build/icyphy/ptII/ptolemy/actor/lib/test/auto/ArrayExtract2.xml
2 ms. Memory: 261120K Free: 109108K (42%)
----------------- Invoking toplevel() on ptolemy.moml.MoMLSimpleApplication@29440c14
----------------- Done invoking toplevel() on ptolemy.moml.MoMLSimpleApplication@29440c14
reloadAllAccessors: .ArrayExtract2

===========================================================================================
----------------- testing Wed Jul 15 15:11:09 UTC 2020 /home/travis/build/icyphy/ptII/ptolemy/actor/lib/test/auto/ArrayLength.xml
----------------- Instantiating /home/travis/build/icyphy/ptII/ptolemy/actor/lib/test/auto/ArrayLength.xml
1 ms. Memory: 261120K Free: 105522K (40%)
----------------- Invoking toplevel() on ptolemy.moml.MoMLSimpleApplication@2029aaf9
----------------- Done invoking toplevel() on ptolemy.moml.MoMLSimpleApplication@2029aaf9
reloadAllAccessors: .ArrayLength

===========================================================================================
----------------- testing Wed Jul 15 15:11:09 UTC 2020 /home/travis/build/icyphy/ptII/ptolemy/actor/lib/test/auto/ArrayLevelCrossing.xml
----------------- Instantiating /home/travis/build/icyphy/ptII/ptolemy/actor/lib/test/auto/ArrayLevelCrossing.xml
6 ms. Memory: 261120K Free: 97330K (37%)
----------------- Invoking toplevel() on ptolemy.moml.MoMLSimpleApplication@22594b74
----------------- Done invoking toplevel() on ptolemy.moml.MoMLSimpleApplication@22594b74
reloadAllAccessors: .ArrayLevelCrossing

===========================================================================================
----------------- testing Wed Jul 15 15:11:09 UTC 2020 /home/travis/build/icyphy/ptII/ptolemy/actor/lib/test/auto/ArrayLevelCrossing2.xml
----------------- Instantiating /home/travis/build/icyphy/ptII/ptolemy/actor/lib/test/auto/ArrayLevelCrossing2.xml
2 ms. Memory: 261120K Free: 90147K (35%)
----------------- Invoking toplevel() on ptolemy.moml.MoMLSimpleApplication@683894e7
----------------- Done invoking toplevel() on ptolemy.moml.MoMLSimpleApplication@683894e7
reloadAllAccessors: .ArrayLevelCrossing2

===========================================================================================
----------------- testing Wed Jul 15 15:11:09 UTC 2020 /home/travis/build/icyphy/ptII/ptolemy/actor/lib/test/auto/ArrayPeakSearch.xml
----------------- Instantiating /home/travis/build/icyphy/ptII/ptolemy/actor/lib/test/auto/ArrayPeakSearch.xml
6 ms. Memory: 261120K Free: 80946K (31%)
----------------- Invoking toplevel() on ptolemy.moml.MoMLSimpleApplication@61b4862a
----------------- Done invoking toplevel() on ptolemy.moml.MoMLSimpleApplication@61b4862a
reloadAllAccessors: .ArrayPeakSearch

===========================================================================================
----------------- testing Wed Jul 15 15:11:09 UTC 2020 /home/travis/build/icyphy/ptII/ptolemy/actor/lib/test/auto/ArrayPeakSearch2.xml
----------------- Instantiating /home/travis/build/icyphy/ptII/ptolemy/actor/lib/test/auto/ArrayPeakSearch2.xml
6 ms. Memory: 261120K Free: 70675K (27%)
----------------- Invoking toplevel() on ptolemy.moml.MoMLSimpleApplication@4228f488
----------------- Done invoking toplevel() on ptolemy.moml.MoMLSimpleApplication@4228f488
reloadAllAccessors: .ArrayPeakSearch2

===========================================================================================
----------------- testing Wed Jul 15 15:11:09 UTC 2020 /home/travis/build/icyphy/ptII/ptolemy/actor/lib/test/auto/ArrayPeakSearch3.xml
----------------- Instantiating /home/travis/build/icyphy/ptII/ptolemy/actor/lib/test/auto/ArrayPeakSearch3.xml
9 ms. Memory: 261120K Free: 206946K (79%)
----------------- Invoking toplevel() on ptolemy.moml.MoMLSimpleApplication@5b6096d9
----------------- Done invoking toplevel() on ptolemy.moml.MoMLSimpleApplication@5b6096d9
reloadAllAccessors: .ArrayPeakSearch3

===========================================================================================
----------------- testing Wed Jul 15 15:11:09 UTC 2020 /home/travis/build/icyphy/ptII/ptolemy/actor/lib/test/auto/ArrayRemoveElement.xml
----------------- Instantiating /home/travis/build/icyphy/ptII/ptolemy/actor/lib/test/auto/ArrayRemoveElement.xml
2 ms. Memory: 261120K Free: 198784K (76%)
----------------- Invoking toplevel() on ptolemy.moml.MoMLSimpleApplication@5ca18a73
----------------- Done invoking toplevel() on ptolemy.moml.MoMLSimpleApplication@5ca18a73
reloadAllAccessors: .ArrayRemoveElement

===========================================================================================
----------------- testing Wed Jul 15 15:11:09 UTC 2020 /home/travis/build/icyphy/ptII/ptolemy/actor/lib/test/auto/ArraySort.xml
----------------- Instantiating /home/travis/build/icyphy/ptII/ptolemy/actor/lib/test/auto/ArraySort.xml
9 ms. Memory: 261120K Free: 189568K (73%)
----------------- Invoking toplevel() on ptolemy.moml.MoMLSimpleApplication@7f97fe4f
----------------- Done invoking toplevel() on ptolemy.moml.MoMLSimpleApplication@7f97fe4f
reloadAllAccessors: .ArraySort

===========================================================================================
----------------- testing Wed Jul 15 15:11:09 UTC 2020 /home/travis/build/icyphy/ptII/ptolemy/actor/lib/test/auto/ArraySum.xml
----------------- Instantiating /home/travis/build/icyphy/ptII/ptolemy/actor/lib/test/auto/ArraySum.xml
4 ms. Memory: 261120K Free: 184448K (71%)
----------------- Invoking toplevel() on ptolemy.moml.MoMLSimpleApplication@12b04737
----------------- Done invoking toplevel() on ptolemy.moml.MoMLSimpleApplication@12b04737
reloadAllAccessors: .ArraySum

===========================================================================================
----------------- testing Wed Jul 15 15:11:09 UTC 2020 /home/travis/build/icyphy/ptII/ptolemy/actor/lib/test/auto/ArrayToElements.xml
----------------- Instantiating /home/travis/build/icyphy/ptII/ptolemy/actor/lib/test/auto/ArrayToElements.xml
7 ms. Memory: 261120K Free: 179328K (69%)
----------------- Invoking toplevel() on ptolemy.moml.MoMLSimpleApplication@6acd9a35
----------------- Done invoking toplevel() on ptolemy.moml.MoMLSimpleApplication@6acd9a35
reloadAllAccessors: .ArrayToElements

===========================================================================================
----------------- testing Wed Jul 15 15:11:09 UTC 2020 /home/travis/build/icyphy/ptII/ptolemy/actor/lib/test/auto/ArrayToMatrix.xml
----------------- Instantiating /home/travis/build/icyphy/ptII/ptolemy/actor/lib/test/auto/ArrayToMatrix.xml
14 ms. Memory: 261120K Free: 164482K (63%)
----------------- Invoking toplevel() on ptolemy.moml.MoMLSimpleApplication@15c031d7
----------------- Done invoking toplevel() on ptolemy.moml.MoMLSimpleApplication@15c031d7
reloadAllAccessors: .ArrayToMatrix

===========================================================================================
----------------- testing Wed Jul 15 15:11:09 UTC 2020 /home/travis/build/icyphy/ptII/ptolemy/actor/lib/test/auto/ArrayUpdate1.xml
----------------- Instantiating /home/travis/build/icyphy/ptII/ptolemy/actor/lib/test/auto/ArrayUpdate1.xml
3 ms. Memory: 261120K Free: 159872K (61%)
----------------- Invoking toplevel() on ptolemy.moml.MoMLSimpleApplication@4615532d
----------------- Done invoking toplevel() on ptolemy.moml.MoMLSimpleApplication@4615532d
reloadAllAccessors: .ArrayUpdate1

===========================================================================================
----------------- testing Wed Jul 15 15:11:09 UTC 2020 /home/travis/build/icyphy/ptII/ptolemy/actor/lib/test/auto/ArrayUpdate2.xml
----------------- Instantiating /home/travis/build/icyphy/ptII/ptolemy/actor/lib/test/auto/ArrayUpdate2.xml
5 ms. Memory: 261120K Free: 153218K (59%)
----------------- Invoking toplevel() on ptolemy.moml.MoMLSimpleApplication@50a0f1ee
----------------- Done invoking toplevel() on ptolemy.moml.MoMLSimpleApplication@50a0f1ee
reloadAllAccessors: .ArrayUpdate2

===========================================================================================
----------------- testing Wed Jul 15 15:11:09 UTC 2020 /home/travis/build/icyphy/ptII/ptolemy/actor/lib/test/auto/ArrayUpdate3.xml
----------------- Instantiating /home/travis/build/icyphy/ptII/ptolemy/actor/lib/test/auto/ArrayUpdate3.xml
4 ms. Memory: 261120K Free: 148608K (57%)
----------------- Invoking toplevel() on ptolemy.moml.MoMLSimpleApplication@76954926
----------------- Done invoking toplevel() on ptolemy.moml.MoMLSimpleApplication@76954926
reloadAllAccessors: .ArrayUpdate3

===========================================================================================
----------------- testing Wed Jul 15 15:11:09 UTC 2020 /home/travis/build/icyphy/ptII/ptolemy/actor/lib/test/auto/Assert1.xml
----------------- Instantiating /home/travis/build/icyphy/ptII/ptolemy/actor/lib/test/auto/Assert1.xml
4 ms. Memory: 261120K Free: 144002K (55%)
----------------- Invoking toplevel() on ptolemy.moml.MoMLSimpleApplication@106c7466
----------------- Done invoking toplevel() on ptolemy.moml.MoMLSimpleApplication@106c7466
reloadAllAccessors: .Assert1

===========================================================================================
----------------- testing Wed Jul 15 15:11:09 UTC 2020 /home/travis/build/icyphy/ptII/ptolemy/actor/lib/test/auto/Assert2.xml
----------------- Instantiating /home/travis/build/icyphy/ptII/ptolemy/actor/lib/test/auto/Assert2.xml
1 ms. Memory: 261120K Free: 139392K (53%)
----------------- Invoking toplevel() on ptolemy.moml.MoMLSimpleApplication@4f940e68
----------------- Done invoking toplevel() on ptolemy.moml.MoMLSimpleApplication@4f940e68
reloadAllAccessors: .Assert2

===========================================================================================
----------------- testing Wed Jul 15 15:11:09 UTC 2020 /home/travis/build/icyphy/ptII/ptolemy/actor/lib/test/auto/BooleanMultiplexor.xml
----------------- Instantiating /home/travis/build/icyphy/ptII/ptolemy/actor/lib/test/auto/BooleanMultiplexor.xml
2 ms. Memory: 261120K Free: 133762K (51%)
----------------- Invoking toplevel() on ptolemy.moml.MoMLSimpleApplication@30e3109c
----------------- Done invoking toplevel() on ptolemy.moml.MoMLSimpleApplication@30e3109c
reloadAllAccessors: .BooleanMultiplexor

===========================================================================================
----------------- testing Wed Jul 15 15:11:09 UTC 2020 /home/travis/build/icyphy/ptII/ptolemy/actor/lib/test/auto/BooleanMultiplexor2.xml
----------------- Instantiating /home/travis/build/icyphy/ptII/ptolemy/actor/lib/test/auto/BooleanMultiplexor2.xml
3 ms. Memory: 261120K Free: 127618K (49%)
----------------- Invoking toplevel() on ptolemy.moml.MoMLSimpleApplication@546e48b0
----------------- Done invoking toplevel() on ptolemy.moml.MoMLSimpleApplication@546e48b0
reloadAllAccessors: .BooleanMultiplexor2

===========================================================================================
----------------- testing Wed Jul 15 15:11:09 UTC 2020 /home/travis/build/icyphy/ptII/ptolemy/actor/lib/test/auto/BooleanMultiplexor3.xml
----------------- Instantiating /home/travis/build/icyphy/ptII/ptolemy/actor/lib/test/auto/BooleanMultiplexor3.xml
4 ms. Memory: 261120K Free: 123522K (47%)
----------------- Invoking toplevel() on ptolemy.moml.MoMLSimpleApplication@32c55624
----------------- Done invoking toplevel() on ptolemy.moml.MoMLSimpleApplication@32c55624
reloadAllAccessors: .BooleanMultiplexor3

===========================================================================================
----------------- testing Wed Jul 15 15:11:09 UTC 2020 /home/travis/build/icyphy/ptII/ptolemy/actor/lib/test/auto/BooleanSelect.xml
----------------- Instantiating /home/travis/build/icyphy/ptII/ptolemy/actor/lib/test/auto/BooleanSelect.xml
3 ms. Memory: 261120K Free: 117874K (45%)
----------------- Invoking toplevel() on ptolemy.moml.MoMLSimpleApplication@5fc9cc89
----------------- Done invoking toplevel() on ptolemy.moml.MoMLSimpleApplication@5fc9cc89
reloadAllAccessors: .BooleanSelect

===========================================================================================
----------------- testing Wed Jul 15 15:11:09 UTC 2020 /home/travis/build/icyphy/ptII/ptolemy/actor/lib/test/auto/BooleanSelect2.xml
----------------- Instantiating /home/travis/build/icyphy/ptII/ptolemy/actor/lib/test/auto/BooleanSelect2.xml
2 ms. Memory: 261120K Free: 113282K (43%)
----------------- Invoking toplevel() on ptolemy.moml.MoMLSimpleApplication@28af6afa
----------------- Done invoking toplevel() on ptolemy.moml.MoMLSimpleApplication@28af6afa
reloadAllAccessors: .BooleanSelect2

===========================================================================================
----------------- testing Wed Jul 15 15:11:09 UTC 2020 /home/travis/build/icyphy/ptII/ptolemy/actor/lib/test/auto/BooleanSwitch.xml
----------------- Instantiating /home/travis/build/icyphy/ptII/ptolemy/actor/lib/test/auto/BooleanSwitch.xml
5 ms. Memory: 261120K Free: 106624K (41%)
----------------- Invoking toplevel() on ptolemy.moml.MoMLSimpleApplication@18cc5653
----------------- Done invoking toplevel() on ptolemy.moml.MoMLSimpleApplication@18cc5653
reloadAllAccessors: .BooleanSwitch

===========================================================================================
----------------- testing Wed Jul 15 15:11:09 UTC 2020 /home/travis/build/icyphy/ptII/ptolemy/actor/lib/test/auto/BooleanSwitch2.xml
----------------- Instantiating /home/travis/build/icyphy/ptII/ptolemy/actor/lib/test/auto/BooleanSwitch2.xml
1 ms. Memory: 261120K Free: 102528K (39%)
----------------- Invoking toplevel() on ptolemy.moml.MoMLSimpleApplication@6ba42da6
----------------- Done invoking toplevel() on ptolemy.moml.MoMLSimpleApplication@6ba42da6
reloadAllAccessors: .BooleanSwitch2

===========================================================================================
----------------- testing Wed Jul 15 15:11:09 UTC 2020 /home/travis/build/icyphy/ptII/ptolemy/actor/lib/test/auto/BooleanSwitchCloningBugWithClassRelationGroup.xml
----------------- Instantiating /home/travis/build/icyphy/ptII/ptolemy/actor/lib/test/auto/BooleanSwitchCloningBugWithClassRelationGroup.xml
4 ms. Memory: 261120K Free: 95874K (37%)
----------------- Invoking toplevel() on ptolemy.moml.MoMLSimpleApplication@2388863d
----------------- Done invoking toplevel() on ptolemy.moml.MoMLSimpleApplication@2388863d
reloadAllAccessors: .BooleanSwitchCloningBugWithClassRelationGroup

===========================================================================================
----------------- testing Wed Jul 15 15:11:09 UTC 2020 /home/travis/build/icyphy/ptII/ptolemy/actor/lib/test/auto/BusActors.xml
----------------- Instantiating /home/travis/build/icyphy/ptII/ptolemy/actor/lib/test/auto/BusActors.xml
5 ms. Memory: 261120K Free: 88192K (34%)
----------------- Invoking toplevel() on ptolemy.moml.MoMLSimpleApplication@2bc91b11
----------------- Done invoking toplevel() on ptolemy.moml.MoMLSimpleApplication@2bc91b11
reloadAllAccessors: .BusActors

===========================================================================================
----------------- testing Wed Jul 15 15:11:09 UTC 2020 /home/travis/build/icyphy/ptII/ptolemy/actor/lib/test/auto/ClassWrapper.xml
----------------- Instantiating /home/travis/build/icyphy/ptII/ptolemy/actor/lib/test/auto/ClassWrapper.xml
4 ms. Memory: 261120K Free: 83586K (32%)
----------------- Invoking toplevel() on ptolemy.moml.MoMLSimpleApplication@2bb722a8
----------------- Done invoking toplevel() on ptolemy.moml.MoMLSimpleApplication@2bb722a8
reloadAllAccessors: .ClassWrapper

===========================================================================================
----------------- testing Wed Jul 15 15:11:09 UTC 2020 /home/travis/build/icyphy/ptII/ptolemy/actor/lib/test/auto/Clock.xml
----------------- Instantiating /home/travis/build/icyphy/ptII/ptolemy/actor/lib/test/auto/Clock.xml
2 ms. Memory: 261120K Free: 80000K (31%)
----------------- Invoking toplevel() on ptolemy.moml.MoMLSimpleApplication@57818e7f
----------------- Done invoking toplevel() on ptolemy.moml.MoMLSimpleApplication@57818e7f
reloadAllAccessors: .Clock

===========================================================================================
----------------- testing Wed Jul 15 15:11:09 UTC 2020 /home/travis/build/icyphy/ptII/ptolemy/actor/lib/test/auto/Clock10.xml
----------------- Instantiating /home/travis/build/icyphy/ptII/ptolemy/actor/lib/test/auto/Clock10.xml
4 ms. Memory: 261120K Free: 73856K (28%)
----------------- Invoking toplevel() on ptolemy.moml.MoMLSimpleApplication@10fc7e03
----------------- Done invoking toplevel() on ptolemy.moml.MoMLSimpleApplication@10fc7e03
reloadAllAccessors: .Clock10

===========================================================================================
----------------- testing Wed Jul 15 15:11:09 UTC 2020 /home/travis/build/icyphy/ptII/ptolemy/actor/lib/test/auto/Clock11.xml
----------------- Instantiating /home/travis/build/icyphy/ptII/ptolemy/actor/lib/test/auto/Clock11.xml
4 ms. Memory: 261120K Free: 68226K (26%)
----------------- Invoking toplevel() on ptolemy.moml.MoMLSimpleApplication@55b0d23b
----------------- Done invoking toplevel() on ptolemy.moml.MoMLSimpleApplication@55b0d23b
reloadAllAccessors: .Clock11

===========================================================================================
----------------- testing Wed Jul 15 15:11:09 UTC 2020 /home/travis/build/icyphy/ptII/ptolemy/actor/lib/test/auto/Clock12.xml
----------------- Instantiating /home/travis/build/icyphy/ptII/ptolemy/actor/lib/test/auto/Clock12.xml
4 ms. Memory: 261120K Free: 62082K (24%)
----------------- Invoking toplevel() on ptolemy.moml.MoMLSimpleApplication@34450179
----------------- Done invoking toplevel() on ptolemy.moml.MoMLSimpleApplication@34450179
reloadAllAccessors: .Clock12

===========================================================================================
----------------- testing Wed Jul 15 15:11:09 UTC 2020 /home/travis/build/icyphy/ptII/ptolemy/actor/lib/test/auto/Clock13.xml
----------------- Instantiating /home/travis/build/icyphy/ptII/ptolemy/actor/lib/test/auto/Clock13.xml
4 ms. Memory: 261120K Free: 210484K (81%)
----------------- Invoking toplevel() on ptolemy.moml.MoMLSimpleApplication@4fb4fd3c
----------------- Done invoking toplevel() on ptolemy.moml.MoMLSimpleApplication@4fb4fd3c
reloadAllAccessors: .Clock13

===========================================================================================
----------------- testing Wed Jul 15 15:11:09 UTC 2020 /home/travis/build/icyphy/ptII/ptolemy/actor/lib/test/auto/Clock14.xml
----------------- Instantiating /home/travis/build/icyphy/ptII/ptolemy/actor/lib/test/auto/Clock14.xml
2 ms. Memory: 261120K Free: 204340K (78%)
----------------- Invoking toplevel() on ptolemy.moml.MoMLSimpleApplication@187777bb
----------------- Done invoking toplevel() on ptolemy.moml.MoMLSimpleApplication@187777bb
reloadAllAccessors: .Clock14

===========================================================================================
----------------- testing Wed Jul 15 15:11:09 UTC 2020 /home/travis/build/icyphy/ptII/ptolemy/actor/lib/test/auto/Clock15.xml
----------------- Instantiating /home/travis/build/icyphy/ptII/ptolemy/actor/lib/test/auto/Clock15.xml
1 ms. Memory: 261120K Free: 198196K (76%)
----------------- Invoking toplevel() on ptolemy.moml.MoMLSimpleApplication@36d267b6
----------------- Done invoking toplevel() on ptolemy.moml.MoMLSimpleApplication@36d267b6
reloadAllAccessors: .Clock15

===========================================================================================
----------------- testing Wed Jul 15 15:11:09 UTC 2020 /home/travis/build/icyphy/ptII/ptolemy/actor/lib/test/auto/Clock16.xml
----------------- Instantiating /home/travis/build/icyphy/ptII/ptolemy/actor/lib/test/auto/Clock16.xml
33 ms. Memory: 261120K Free: 183346K (70%)
----------------- Invoking toplevel() on ptolemy.moml.MoMLSimpleApplication@337a52d2
----------------- Done invoking toplevel() on ptolemy.moml.MoMLSimpleApplication@337a52d2
reloadAllAccessors: .Clock16

===========================================================================================
----------------- testing Wed Jul 15 15:11:09 UTC 2020 /home/travis/build/icyphy/ptII/ptolemy/actor/lib/test/auto/Clock17.xml
----------------- Instantiating /home/travis/build/icyphy/ptII/ptolemy/actor/lib/test/auto/Clock17.xml
24 ms. Memory: 261120K Free: 168995K (65%)
----------------- Invoking toplevel() on ptolemy.moml.MoMLSimpleApplication@5c9ac4a0
----------------- Done invoking toplevel() on ptolemy.moml.MoMLSimpleApplication@5c9ac4a0
reloadAllAccessors: .Clock17

===========================================================================================
----------------- testing Wed Jul 15 15:11:10 UTC 2020 /home/travis/build/icyphy/ptII/ptolemy/actor/lib/test/auto/Clock18.xml
----------------- Instantiating /home/travis/build/icyphy/ptII/ptolemy/actor/lib/test/auto/Clock18.xml
19 ms. Memory: 261120K Free: 156212K (60%)
----------------- Invoking toplevel() on ptolemy.moml.MoMLSimpleApplication@3702184c
----------------- Done invoking toplevel() on ptolemy.moml.MoMLSimpleApplication@3702184c
reloadAllAccessors: .Clock18

===========================================================================================
----------------- testing Wed Jul 15 15:11:10 UTC 2020 /home/travis/build/icyphy/ptII/ptolemy/actor/lib/test/auto/Clock19.xml
----------------- Instantiating /home/travis/build/icyphy/ptII/ptolemy/actor/lib/test/auto/Clock19.xml
13 ms. Memory: 261120K Free: 142900K (55%)
----------------- Invoking toplevel() on ptolemy.moml.MoMLSimpleApplication@68809db1
----------------- Done invoking toplevel() on ptolemy.moml.MoMLSimpleApplication@68809db1
reloadAllAccessors: .Clock19

===========================================================================================
----------------- testing Wed Jul 15 15:11:10 UTC 2020 /home/travis/build/icyphy/ptII/ptolemy/actor/lib/test/auto/Clock2.xml
----------------- Instantiating /home/travis/build/icyphy/ptII/ptolemy/actor/lib/test/auto/Clock2.xml
6 ms. Memory: 261120K Free: 138259K (53%)
----------------- Invoking toplevel() on ptolemy.moml.MoMLSimpleApplication@29ab01e5
----------------- Done invoking toplevel() on ptolemy.moml.MoMLSimpleApplication@29ab01e5
reloadAllAccessors: .Clock2

===========================================================================================
----------------- testing Wed Jul 15 15:11:10 UTC 2020 /home/travis/build/icyphy/ptII/ptolemy/actor/lib/test/auto/Clock20.xml
----------------- Instantiating /home/travis/build/icyphy/ptII/ptolemy/actor/lib/test/auto/Clock20.xml
8 ms. Memory: 261120K Free: 132660K (51%)
----------------- Invoking toplevel() on ptolemy.moml.MoMLSimpleApplication@1aabfd1b
----------------- Done invoking toplevel() on ptolemy.moml.MoMLSimpleApplication@1aabfd1b
reloadAllAccessors: .Clock20

===========================================================================================
----------------- testing Wed Jul 15 15:11:10 UTC 2020 /home/travis/build/icyphy/ptII/ptolemy/actor/lib/test/auto/Clock21.xml
----------------- Instantiating /home/travis/build/icyphy/ptII/ptolemy/actor/lib/test/auto/Clock21.xml
5 ms. Memory: 261120K Free: 127026K (49%)
----------------- Invoking toplevel() on ptolemy.moml.MoMLSimpleApplication@55ec30f2
----------------- Done invoking toplevel() on ptolemy.moml.MoMLSimpleApplication@55ec30f2
reloadAllAccessors: .Clock21

===========================================================================================
----------------- testing Wed Jul 15 15:11:10 UTC 2020 /home/travis/build/icyphy/ptII/ptolemy/actor/lib/test/auto/Clock22.xml
----------------- Instantiating /home/travis/build/icyphy/ptII/ptolemy/actor/lib/test/auto/Clock22.xml
7 ms. Memory: 261120K Free: 121906K (47%)
----------------- Invoking toplevel() on ptolemy.moml.MoMLSimpleApplication@5d9c78ba
----------------- Done invoking toplevel() on ptolemy.moml.MoMLSimpleApplication@5d9c78ba
reloadAllAccessors: .Clock22

===========================================================================================
----------------- testing Wed Jul 15 15:11:10 UTC 2020 /home/travis/build/icyphy/ptII/ptolemy/actor/lib/test/auto/Clock23.xml
----------------- Instantiating /home/travis/build/icyphy/ptII/ptolemy/actor/lib/test/auto/Clock23.xml
5 ms. Memory: 261120K Free: 116276K (45%)
----------------- Invoking toplevel() on ptolemy.moml.MoMLSimpleApplication@f4b5edf
----------------- Done invoking toplevel() on ptolemy.moml.MoMLSimpleApplication@f4b5edf
reloadAllAccessors: .Clock23

===========================================================================================
----------------- testing Wed Jul 15 15:11:10 UTC 2020 /home/travis/build/icyphy/ptII/ptolemy/actor/lib/test/auto/Clock24.xml
----------------- Instantiating /home/travis/build/icyphy/ptII/ptolemy/actor/lib/test/auto/Clock24.xml
4 ms. Memory: 261120K Free: 111156K (43%)
----------------- Invoking toplevel() on ptolemy.moml.MoMLSimpleApplication@27c12e2c
----------------- Done invoking toplevel() on ptolemy.moml.MoMLSimpleApplication@27c12e2c
reloadAllAccessors: .Clock24

===========================================================================================
----------------- testing Wed Jul 15 15:11:10 UTC 2020 /home/travis/build/icyphy/ptII/ptolemy/actor/lib/test/auto/Clock4.xml
----------------- Instantiating /home/travis/build/icyphy/ptII/ptolemy/actor/lib/test/auto/Clock4.xml
2 ms. Memory: 261120K Free: 106036K (41%)
----------------- Invoking toplevel() on ptolemy.moml.MoMLSimpleApplication@2c5b127b
----------------- Done invoking toplevel() on ptolemy.moml.MoMLSimpleApplication@2c5b127b
reloadAllAccessors: .Clock4

===========================================================================================
----------------- testing Wed Jul 15 15:11:10 UTC 2020 /home/travis/build/icyphy/ptII/ptolemy/actor/lib/test/auto/Clock5.xml
----------------- Instantiating /home/travis/build/icyphy/ptII/ptolemy/actor/lib/test/auto/Clock5.xml
1 ms. Memory: 261120K Free: 100916K (39%)
----------------- Invoking toplevel() on ptolemy.moml.MoMLSimpleApplication@210764b9
----------------- Done invoking toplevel() on ptolemy.moml.MoMLSimpleApplication@210764b9
reloadAllAccessors: .Clock5

===========================================================================================
----------------- testing Wed Jul 15 15:11:10 UTC 2020 /home/travis/build/icyphy/ptII/ptolemy/actor/lib/test/auto/Clock6.xml
----------------- Instantiating /home/travis/build/icyphy/ptII/ptolemy/actor/lib/test/auto/Clock6.xml
1 ms. Memory: 261120K Free: 96306K (37%)
----------------- Invoking toplevel() on ptolemy.moml.MoMLSimpleApplication@4f08a3e4
----------------- Done invoking toplevel() on ptolemy.moml.MoMLSimpleApplication@4f08a3e4
reloadAllAccessors: .Clock6

===========================================================================================
----------------- testing Wed Jul 15 15:11:10 UTC 2020 /home/travis/build/icyphy/ptII/ptolemy/actor/lib/test/auto/Clock7.xml
----------------- Instantiating /home/travis/build/icyphy/ptII/ptolemy/actor/lib/test/auto/Clock7.xml
1 ms. Memory: 261120K Free: 91186K (35%)
----------------- Invoking toplevel() on ptolemy.moml.MoMLSimpleApplication@7bac458c
----------------- Done invoking toplevel() on ptolemy.moml.MoMLSimpleApplication@7bac458c
reloadAllAccessors: .Clock7

===========================================================================================
----------------- testing Wed Jul 15 15:11:10 UTC 2020 /home/travis/build/icyphy/ptII/ptolemy/actor/lib/test/auto/Clock8.xml
----------------- Instantiating /home/travis/build/icyphy/ptII/ptolemy/actor/lib/test/auto/Clock8.xml
4 ms. Memory: 261120K Free: 86035K (33%)
----------------- Invoking toplevel() on ptolemy.moml.MoMLSimpleApplication@2c88965b
----------------- Done invoking toplevel() on ptolemy.moml.MoMLSimpleApplication@2c88965b
reloadAllAccessors: .Clock8

===========================================================================================
----------------- testing Wed Jul 15 15:11:10 UTC 2020 /home/travis/build/icyphy/ptII/ptolemy/actor/lib/test/auto/Clock9.xml
----------------- Instantiating /home/travis/build/icyphy/ptII/ptolemy/actor/lib/test/auto/Clock9.xml
4 ms. Memory: 261120K Free: 80436K (31%)
----------------- Invoking toplevel() on ptolemy.moml.MoMLSimpleApplication@168b15b8
----------------- Done invoking toplevel() on ptolemy.moml.MoMLSimpleApplication@168b15b8
reloadAllAccessors: .Clock9

===========================================================================================
----------------- testing Wed Jul 15 15:11:10 UTC 2020 /home/travis/build/icyphy/ptII/ptolemy/actor/lib/test/auto/CommDistDiscard.xml
----------------- Instantiating /home/travis/build/icyphy/ptII/ptolemy/actor/lib/test/auto/CommDistDiscard.xml
4 ms. Memory: 261120K Free: 75316K (29%)
----------------- Invoking toplevel() on ptolemy.moml.MoMLSimpleApplication@6a17dbe6
----------------- Done invoking toplevel() on ptolemy.moml.MoMLSimpleApplication@6a17dbe6
reloadAllAccessors: .CommDistDiscard

===========================================================================================
----------------- testing Wed Jul 15 15:11:10 UTC 2020 /home/travis/build/icyphy/ptII/ptolemy/actor/lib/test/auto/Commutator.xml
----------------- Instantiating /home/travis/build/icyphy/ptII/ptolemy/actor/lib/test/auto/Commutator.xml
2 ms. Memory: 261120K Free: 70706K (27%)
----------------- Invoking toplevel() on ptolemy.moml.MoMLSimpleApplication@124f9fe2
----------------- Done invoking toplevel() on ptolemy.moml.MoMLSimpleApplication@124f9fe2
reloadAllAccessors: .Commutator

===========================================================================================
----------------- testing Wed Jul 15 15:11:10 UTC 2020 /home/travis/build/icyphy/ptII/ptolemy/actor/lib/test/auto/Commutator2.xml
----------------- Instantiating /home/travis/build/icyphy/ptII/ptolemy/actor/lib/test/auto/Commutator2.xml
1 ms. Memory: 261120K Free: 66100K (25%)
----------------- Invoking toplevel() on ptolemy.moml.MoMLSimpleApplication@8ec115c
----------------- Done invoking toplevel() on ptolemy.moml.MoMLSimpleApplication@8ec115c
reloadAllAccessors: .Commutator2

===========================================================================================
----------------- testing Wed Jul 15 15:11:10 UTC 2020 /home/travis/build/icyphy/ptII/ptolemy/actor/lib/test/auto/Commutator3.xml
----------------- Instantiating /home/travis/build/icyphy/ptII/ptolemy/actor/lib/test/auto/Commutator3.xml
1 ms. Memory: 261120K Free: 62004K (24%)
----------------- Invoking toplevel() on ptolemy.moml.MoMLSimpleApplication@24e7b7e5
----------------- Done invoking toplevel() on ptolemy.moml.MoMLSimpleApplication@24e7b7e5
reloadAllAccessors: .Commutator3

===========================================================================================
----------------- testing Wed Jul 15 15:11:10 UTC 2020 /home/travis/build/icyphy/ptII/ptolemy/actor/lib/test/auto/Compare.xml
----------------- Instantiating /home/travis/build/icyphy/ptII/ptolemy/actor/lib/test/auto/Compare.xml
2 ms. Memory: 261120K Free: 210094K (80%)
----------------- Invoking toplevel() on ptolemy.moml.MoMLSimpleApplication@7edd241e
----------------- Done invoking toplevel() on ptolemy.moml.MoMLSimpleApplication@7edd241e
reloadAllAccessors: .Compare

===========================================================================================
----------------- testing Wed Jul 15 15:11:10 UTC 2020 /home/travis/build/icyphy/ptII/ptolemy/actor/lib/test/auto/CompareDE.xml
----------------- Instantiating /home/travis/build/icyphy/ptII/ptolemy/actor/lib/test/auto/CompareDE.xml
3 ms. Memory: 261120K Free: 202926K (78%)
----------------- Invoking toplevel() on ptolemy.moml.MoMLSimpleApplication@3922453d
----------------- Done invoking toplevel() on ptolemy.moml.MoMLSimpleApplication@3922453d
reloadAllAccessors: .CompareDE

===========================================================================================
----------------- testing Wed Jul 15 15:11:10 UTC 2020 /home/travis/build/icyphy/ptII/ptolemy/actor/lib/test/auto/ComplexDivide.xml
----------------- Instantiating /home/travis/build/icyphy/ptII/ptolemy/actor/lib/test/auto/ComplexDivide.xml
1 ms. Memory: 261120K Free: 198830K (76%)
----------------- Invoking toplevel() on ptolemy.moml.MoMLSimpleApplication@6270da7b
----------------- Done invoking toplevel() on ptolemy.moml.MoMLSimpleApplication@6270da7b
reloadAllAccessors: .ComplexDivide

===========================================================================================
----------------- testing Wed Jul 15 15:11:10 UTC 2020 /home/travis/build/icyphy/ptII/ptolemy/actor/lib/test/auto/ComputeHistogram.xml
----------------- Instantiating /home/travis/build/icyphy/ptII/ptolemy/actor/lib/test/auto/ComputeHistogram.xml
19 ms. Memory: 261120K Free: 186542K (71%)
----------------- Invoking toplevel() on ptolemy.moml.MoMLSimpleApplication@b63fbfa
----------------- Done invoking toplevel() on ptolemy.moml.MoMLSimpleApplication@b63fbfa
reloadAllAccessors: .ComputeHistogram

===========================================================================================
----------------- testing Wed Jul 15 15:11:10 UTC 2020 /home/travis/build/icyphy/ptII/ptolemy/actor/lib/test/auto/ConfigurationSelect.xml
----------------- Instantiating /home/travis/build/icyphy/ptII/ptolemy/actor/lib/test/auto/ConfigurationSelect.xml
2 ms. Memory: 261120K Free: 180902K (69%)
----------------- Invoking toplevel() on ptolemy.moml.MoMLSimpleApplication@4284749b
----------------- Done invoking toplevel() on ptolemy.moml.MoMLSimpleApplication@4284749b
reloadAllAccessors: .ConfigurationSelect

===========================================================================================
----------------- testing Wed Jul 15 15:11:10 UTC 2020 /home/travis/build/icyphy/ptII/ptolemy/actor/lib/test/auto/ConfigurationSelect2.xml
----------------- Instantiating /home/travis/build/icyphy/ptII/ptolemy/actor/lib/test/auto/ConfigurationSelect2.xml
1 ms. Memory: 261120K Free: 176302K (68%)
----------------- Invoking toplevel() on ptolemy.moml.MoMLSimpleApplication@5e9bed2c
----------------- Done invoking toplevel() on ptolemy.moml.MoMLSimpleApplication@5e9bed2c
reloadAllAccessors: .ConfigurationSelect2

===========================================================================================
----------------- testing Wed Jul 15 15:11:10 UTC 2020 /home/travis/build/icyphy/ptII/ptolemy/actor/lib/test/auto/ConfigurationSwitch.xml
----------------- Instantiating /home/travis/build/icyphy/ptII/ptolemy/actor/lib/test/auto/ConfigurationSwitch.xml
1 ms. Memory: 261120K Free: 171182K (66%)
----------------- Invoking toplevel() on ptolemy.moml.MoMLSimpleApplication@31226851
----------------- Done invoking toplevel() on ptolemy.moml.MoMLSimpleApplication@31226851
reloadAllAccessors: .ConfigurationSwitch

===========================================================================================
----------------- testing Wed Jul 15 15:11:10 UTC 2020 /home/travis/build/icyphy/ptII/ptolemy/actor/lib/test/auto/ConfigurationSwitch2.xml
----------------- Instantiating /home/travis/build/icyphy/ptII/ptolemy/actor/lib/test/auto/ConfigurationSwitch2.xml
3 ms. Memory: 261120K Free: 165548K (63%)
----------------- Invoking toplevel() on ptolemy.moml.MoMLSimpleApplication@4764bd7a
----------------- Done invoking toplevel() on ptolemy.moml.MoMLSimpleApplication@4764bd7a
reloadAllAccessors: .ConfigurationSwitch2

===========================================================================================
----------------- testing Wed Jul 15 15:11:10 UTC 2020 /home/travis/build/icyphy/ptII/ptolemy/actor/lib/test/auto/ConfigurationSwitchCloningBugWithClassRelationGroup.xml
----------------- Instantiating /home/travis/build/icyphy/ptII/ptolemy/actor/lib/test/auto/ConfigurationSwitchCloningBugWithClassRelationGroup.xml
1 ms. Memory: 261120K Free: 159404K (61%)
----------------- Invoking toplevel() on ptolemy.moml.MoMLSimpleApplication@6c22826e
----------------- Done invoking toplevel() on ptolemy.moml.MoMLSimpleApplication@6c22826e
reloadAllAccessors: .ConfigurationSwitchCloningBugWithClassRelationGroup

===========================================================================================
----------------- testing Wed Jul 15 15:11:10 UTC 2020 /home/travis/build/icyphy/ptII/ptolemy/actor/lib/test/auto/ConfigurationSwitchSelectSDF.xml
----------------- Instantiating /home/travis/build/icyphy/ptII/ptolemy/actor/lib/test/auto/ConfigurationSwitchSelectSDF.xml
2 ms. Memory: 261120K Free: 153774K (59%)
----------------- Invoking toplevel() on ptolemy.moml.MoMLSimpleApplication@28afa16a
----------------- Done invoking toplevel() on ptolemy.moml.MoMLSimpleApplication@28afa16a
reloadAllAccessors: .ConfigurationSwitchSelectSDF

===========================================================================================
----------------- testing Wed Jul 15 15:11:10 UTC 2020 /home/travis/build/icyphy/ptII/ptolemy/actor/lib/test/auto/ConfigurationSwitchSelectSDF2.xml
----------------- Instantiating /home/travis/build/icyphy/ptII/ptolemy/actor/lib/test/auto/ConfigurationSwitchSelectSDF2.xml
2 ms. Memory: 261120K Free: 147630K (57%)
----------------- Invoking toplevel() on ptolemy.moml.MoMLSimpleApplication@7c55647a
----------------- Done invoking toplevel() on ptolemy.moml.MoMLSimpleApplication@7c55647a
reloadAllAccessors: .ConfigurationSwitchSelectSDF2

===========================================================================================
----------------- testing Wed Jul 15 15:11:10 UTC 2020 /home/travis/build/icyphy/ptII/ptolemy/actor/lib/test/auto/Const.xml
----------------- Instantiating /home/travis/build/icyphy/ptII/ptolemy/actor/lib/test/auto/Const.xml
0 ms. Memory: 261120K Free: 144558K (55%)
----------------- Invoking toplevel() on ptolemy.moml.MoMLSimpleApplication@1fd91741
----------------- Done invoking toplevel() on ptolemy.moml.MoMLSimpleApplication@1fd91741
reloadAllAccessors: .Const

===========================================================================================
----------------- testing Wed Jul 15 15:11:10 UTC 2020 /home/travis/build/icyphy/ptII/ptolemy/actor/lib/test/auto/Const2.xml
----------------- Instantiating /home/travis/build/icyphy/ptII/ptolemy/actor/lib/test/auto/Const2.xml
1 ms. Memory: 261120K Free: 140462K (54%)
----------------- Invoking toplevel() on ptolemy.moml.MoMLSimpleApplication@7d28f6c4
----------------- Done invoking toplevel() on ptolemy.moml.MoMLSimpleApplication@7d28f6c4
reloadAllAccessors: .Const2

===========================================================================================
----------------- testing Wed Jul 15 15:11:10 UTC 2020 /home/travis/build/icyphy/ptII/ptolemy/actor/lib/test/auto/Const3.xml
----------------- Instantiating /home/travis/build/icyphy/ptII/ptolemy/actor/lib/test/auto/Const3.xml
1 ms. Memory: 261120K Free: 137390K (53%)
----------------- Invoking toplevel() on ptolemy.moml.MoMLSimpleApplication@940074c
----------------- Done invoking toplevel() on ptolemy.moml.MoMLSimpleApplication@940074c
reloadAllAccessors: .Const3

===========================================================================================
----------------- testing Wed Jul 15 15:11:10 UTC 2020 /home/travis/build/icyphy/ptII/ptolemy/actor/lib/test/auto/ConstantPublisherPort1.xml
----------------- Instantiating /home/travis/build/icyphy/ptII/ptolemy/actor/lib/test/auto/ConstantPublisherPort1.xml
5 ms. Memory: 261120K Free: 129198K (49%)
----------------- Invoking toplevel() on ptolemy.moml.MoMLSimpleApplication@711262e9
----------------- Done invoking toplevel() on ptolemy.moml.MoMLSimpleApplication@711262e9
reloadAllAccessors: .ConstantPublisherPort1

===========================================================================================
----------------- testing Wed Jul 15 15:11:10 UTC 2020 /home/travis/build/icyphy/ptII/ptolemy/actor/lib/test/auto/ConstantPublisherPort2.xml
----------------- Instantiating /home/travis/build/icyphy/ptII/ptolemy/actor/lib/test/auto/ConstantPublisherPort2.xml
3 ms. Memory: 261120K Free: 121006K (46%)
----------------- Invoking toplevel() on ptolemy.moml.MoMLSimpleApplication@ff0d100
----------------- Done invoking toplevel() on ptolemy.moml.MoMLSimpleApplication@ff0d100
reloadAllAccessors: .ConstantPublisherPort2

===========================================================================================
----------------- testing Wed Jul 15 15:11:10 UTC 2020 /home/travis/build/icyphy/ptII/ptolemy/actor/lib/test/auto/ConstantPublisherPort3.xml
----------------- Instantiating /home/travis/build/icyphy/ptII/ptolemy/actor/lib/test/auto/ConstantPublisherPort3.xml
3 ms. Memory: 261120K Free: 113324K (43%)
----------------- Invoking toplevel() on ptolemy.moml.MoMLSimpleApplication@58e92e2d
----------------- Done invoking toplevel() on ptolemy.moml.MoMLSimpleApplication@58e92e2d
reloadAllAccessors: .ConstantPublisherPort3

===========================================================================================
----------------- testing Wed Jul 15 15:11:10 UTC 2020 /home/travis/build/icyphy/ptII/ptolemy/actor/lib/test/auto/ConstantPublisherPort4.xml
----------------- Instantiating /home/travis/build/icyphy/ptII/ptolemy/actor/lib/test/auto/ConstantPublisherPort4.xml
12 ms. Memory: 261120K Free: 106670K (41%)
----------------- Invoking toplevel() on ptolemy.moml.MoMLSimpleApplication@6f724397
----------------- Done invoking toplevel() on ptolemy.moml.MoMLSimpleApplication@6f724397
reloadAllAccessors: .ConstantPublisherPort4

===========================================================================================
----------------- testing Wed Jul 15 15:11:10 UTC 2020 /home/travis/build/icyphy/ptII/ptolemy/actor/lib/test/auto/ConstantPublisherPort5.xml
----------------- Instantiating /home/travis/build/icyphy/ptII/ptolemy/actor/lib/test/auto/ConstantPublisherPort5.xml
21 ms. Memory: 261120K Free: 96430K (37%)
----------------- Invoking toplevel() on ptolemy.moml.MoMLSimpleApplication@7f01d319
----------------- Done invoking toplevel() on ptolemy.moml.MoMLSimpleApplication@7f01d319
reloadAllAccessors: .ConstantPublisherPort5

===========================================================================================
----------------- testing Wed Jul 15 15:11:10 UTC 2020 /home/travis/build/icyphy/ptII/ptolemy/actor/lib/test/auto/ConstantPublisherPort6.xml
----------------- Instantiating /home/travis/build/icyphy/ptII/ptolemy/actor/lib/test/auto/ConstantPublisherPort6.xml
16 ms. Memory: 261120K Free: 87214K (33%)
----------------- Invoking toplevel() on ptolemy.moml.MoMLSimpleApplication@7a41932e
----------------- Done invoking toplevel() on ptolemy.moml.MoMLSimpleApplication@7a41932e
reloadAllAccessors: .ConstantPublisherPort6

===========================================================================================
----------------- testing Wed Jul 15 15:11:10 UTC 2020 /home/travis/build/icyphy/ptII/ptolemy/actor/lib/test/auto/ConstantPublisherPort7.xml
----------------- Instantiating /home/travis/build/icyphy/ptII/ptolemy/actor/lib/test/auto/ConstantPublisherPort7.xml
9 ms. Memory: 261120K Free: 78508K (30%)
----------------- Invoking toplevel() on ptolemy.moml.MoMLSimpleApplication@7a2b50e5
----------------- Done invoking toplevel() on ptolemy.moml.MoMLSimpleApplication@7a2b50e5
reloadAllAccessors: .ConstantPublisherPort7

===========================================================================================
----------------- testing Wed Jul 15 15:11:10 UTC 2020 /home/travis/build/icyphy/ptII/ptolemy/actor/lib/test/auto/ConstraintMonitor1.xml
----------------- Instantiating /home/travis/build/icyphy/ptII/ptolemy/actor/lib/test/auto/ConstraintMonitor1.xml
4 ms. Memory: 261120K Free: 73388K (28%)
----------------- Invoking toplevel() on ptolemy.moml.MoMLSimpleApplication@59b5663f
----------------- Done invoking toplevel() on ptolemy.moml.MoMLSimpleApplication@59b5663f
reloadAllAccessors: .ConstraintMonitor1

===========================================================================================
----------------- testing Wed Jul 15 15:11:10 UTC 2020 /home/travis/build/icyphy/ptII/ptolemy/actor/lib/test/auto/ConstraintMonitor2.xml
----------------- Instantiating /home/travis/build/icyphy/ptII/ptolemy/actor/lib/test/auto/ConstraintMonitor2.xml
1 ms. Memory: 261120K Free: 69292K (27%)
----------------- Invoking toplevel() on ptolemy.moml.MoMLSimpleApplication@430fe13e
----------------- Done invoking toplevel() on ptolemy.moml.MoMLSimpleApplication@430fe13e
reloadAllAccessors: .ConstraintMonitor2

===========================================================================================
----------------- testing Wed Jul 15 15:11:10 UTC 2020 /home/travis/build/icyphy/ptII/ptolemy/actor/lib/test/auto/ConstraintMonitor3.xml
----------------- Instantiating /home/travis/build/icyphy/ptII/ptolemy/actor/lib/test/auto/ConstraintMonitor3.xml
1 ms. Memory: 261120K Free: 64686K (25%)
----------------- Invoking toplevel() on ptolemy.moml.MoMLSimpleApplication@1b10476f
----------------- Done invoking toplevel() on ptolemy.moml.MoMLSimpleApplication@1b10476f
reloadAllAccessors: .ConstraintMonitor3

===========================================================================================
----------------- testing Wed Jul 15 15:11:10 UTC 2020 /home/travis/build/icyphy/ptII/ptolemy/actor/lib/test/auto/ConstraintMonitor4.xml
----------------- Instantiating /home/travis/build/icyphy/ptII/ptolemy/actor/lib/test/auto/ConstraintMonitor4.xml
4 ms. Memory: 261120K Free: 59566K (23%)
----------------- Invoking toplevel() on ptolemy.moml.MoMLSimpleApplication@3345245
----------------- Done invoking toplevel() on ptolemy.moml.MoMLSimpleApplication@3345245
reloadAllAccessors: .ConstraintMonitor4

===========================================================================================
----------------- testing Wed Jul 15 15:11:10 UTC 2020 /home/travis/build/icyphy/ptII/ptolemy/actor/lib/test/auto/ConstraintMonitor5.xml
----------------- Instantiating /home/travis/build/icyphy/ptII/ptolemy/actor/lib/test/auto/ConstraintMonitor5.xml
2 ms. Memory: 261120K Free: 208740K (80%)
----------------- Invoking toplevel() on ptolemy.moml.MoMLSimpleApplication@40aa214d
----------------- Done invoking toplevel() on ptolemy.moml.MoMLSimpleApplication@40aa214d
reloadAllAccessors: .ConstraintMonitor5

===========================================================================================
----------------- testing Wed Jul 15 15:11:10 UTC 2020 /home/travis/build/icyphy/ptII/ptolemy/actor/lib/test/auto/ConstraintMonitor6.xml
----------------- Instantiating /home/travis/build/icyphy/ptII/ptolemy/actor/lib/test/auto/ConstraintMonitor6.xml
4 ms. Memory: 261120K Free: 202566K (78%)
----------------- Invoking toplevel() on ptolemy.moml.MoMLSimpleApplication@2fd88637
----------------- Done invoking toplevel() on ptolemy.moml.MoMLSimpleApplication@2fd88637
reloadAllAccessors: .ConstraintMonitor6

===========================================================================================
----------------- testing Wed Jul 15 15:11:10 UTC 2020 /home/travis/build/icyphy/ptII/ptolemy/actor/lib/test/auto/ConstraintMonitor7.xml
----------------- Instantiating /home/travis/build/icyphy/ptII/ptolemy/actor/lib/test/auto/ConstraintMonitor7.xml
2 ms. Memory: 261120K Free: 196438K (75%)
----------------- Invoking toplevel() on ptolemy.moml.MoMLSimpleApplication@1438dc59
----------------- Done invoking toplevel() on ptolemy.moml.MoMLSimpleApplication@1438dc59
reloadAllAccessors: .ConstraintMonitor7

===========================================================================================
----------------- testing Wed Jul 15 15:11:10 UTC 2020 /home/travis/build/icyphy/ptII/ptolemy/actor/lib/test/auto/ConstraintMonitor8.xml
----------------- Instantiating /home/travis/build/icyphy/ptII/ptolemy/actor/lib/test/auto/ConstraintMonitor8.xml
5 ms. Memory: 261120K Free: 189278K (72%)
----------------- Invoking toplevel() on ptolemy.moml.MoMLSimpleApplication@592c0a42
----------------- Done invoking toplevel() on ptolemy.moml.MoMLSimpleApplication@592c0a42
reloadAllAccessors: .ConstraintMonitor8

===========================================================================================
----------------- testing Wed Jul 15 15:11:10 UTC 2020 /home/travis/build/icyphy/ptII/ptolemy/actor/lib/test/auto/Counter.xml
----------------- Instantiating /home/travis/build/icyphy/ptII/ptolemy/actor/lib/test/auto/Counter.xml
2 ms. Memory: 261120K Free: 184164K (71%)
----------------- Invoking toplevel() on ptolemy.moml.MoMLSimpleApplication@7ebf1716
----------------- Done invoking toplevel() on ptolemy.moml.MoMLSimpleApplication@7ebf1716
reloadAllAccessors: .Counter

===========================================================================================
----------------- testing Wed Jul 15 15:11:10 UTC 2020 /home/travis/build/icyphy/ptII/ptolemy/actor/lib/test/auto/CurrentTimeSDF.xml
----------------- Instantiating /home/travis/build/icyphy/ptII/ptolemy/actor/lib/test/auto/CurrentTimeSDF.xml
1 ms. Memory: 261120K Free: 180068K (69%)
----------------- Invoking toplevel() on ptolemy.moml.MoMLSimpleApplication@a99def2
----------------- Done invoking toplevel() on ptolemy.moml.MoMLSimpleApplication@a99def2
reloadAllAccessors: .CurrentTimeSDF

===========================================================================================
----------------- testing Wed Jul 15 15:11:10 UTC 2020 /home/travis/build/icyphy/ptII/ptolemy/actor/lib/test/auto/DB.xml
----------------- Instantiating /home/travis/build/icyphy/ptII/ptolemy/actor/lib/test/auto/DB.xml
2 ms. Memory: 261120K Free: 175462K (67%)
----------------- Invoking toplevel() on ptolemy.moml.MoMLSimpleApplication@59adcdd3
----------------- Done invoking toplevel() on ptolemy.moml.MoMLSimpleApplication@59adcdd3
reloadAllAccessors: .DB

===========================================================================================
----------------- testing Wed Jul 15 15:11:10 UTC 2020 /home/travis/build/icyphy/ptII/ptolemy/actor/lib/test/auto/DBDE.xml
----------------- Instantiating /home/travis/build/icyphy/ptII/ptolemy/actor/lib/test/auto/DBDE.xml
2 ms. Memory: 261120K Free: 169318K (65%)
----------------- Invoking toplevel() on ptolemy.moml.MoMLSimpleApplication@2185fa9e
----------------- Done invoking toplevel() on ptolemy.moml.MoMLSimpleApplication@2185fa9e
reloadAllAccessors: .DBDE

===========================================================================================
----------------- testing Wed Jul 15 15:11:11 UTC 2020 /home/travis/build/icyphy/ptII/ptolemy/actor/lib/test/auto/DateConstructor.xml
----------------- Instantiating /home/travis/build/icyphy/ptII/ptolemy/actor/lib/test/auto/DateConstructor.xml
33 ms. Memory: 261120K Free: 151396K (58%)
----------------- Invoking toplevel() on ptolemy.moml.MoMLSimpleApplication@3ff60432
----------------- Done invoking toplevel() on ptolemy.moml.MoMLSimpleApplication@3ff60432
reloadAllAccessors: .DateConstructor

===========================================================================================
----------------- testing Wed Jul 15 15:11:11 UTC 2020 /home/travis/build/icyphy/ptII/ptolemy/actor/lib/test/auto/DelayTime.xml
----------------- Instantiating /home/travis/build/icyphy/ptII/ptolemy/actor/lib/test/auto/DelayTime.xml
5 ms. Memory: 261120K Free: 146790K (56%)
----------------- Invoking toplevel() on ptolemy.moml.MoMLSimpleApplication@b725b70
----------------- Done invoking toplevel() on ptolemy.moml.MoMLSimpleApplication@b725b70
reloadAllAccessors: .DelayTime

===========================================================================================
----------------- testing Wed Jul 15 15:11:11 UTC 2020 /home/travis/build/icyphy/ptII/ptolemy/actor/lib/test/auto/Dictionary1.xml
----------------- Instantiating /home/travis/build/icyphy/ptII/ptolemy/actor/lib/test/auto/Dictionary1.xml
1 ms. Memory: 261120K Free: 141156K (54%)
----------------- Invoking toplevel() on ptolemy.moml.MoMLSimpleApplication@2ca0800c
----------------- Done invoking toplevel() on ptolemy.moml.MoMLSimpleApplication@2ca0800c
reloadAllAccessors: .Dictionary1

===========================================================================================
----------------- testing Wed Jul 15 15:11:11 UTC 2020 /home/travis/build/icyphy/ptII/ptolemy/actor/lib/test/auto/Dictionary2.xml
----------------- Instantiating /home/travis/build/icyphy/ptII/ptolemy/actor/lib/test/auto/Dictionary2.xml
3 ms. Memory: 261120K Free: 135526K (52%)
----------------- Invoking toplevel() on ptolemy.moml.MoMLSimpleApplication@3866f59d
----------------- Done invoking toplevel() on ptolemy.moml.MoMLSimpleApplication@3866f59d
reloadAllAccessors: .Dictionary2

===========================================================================================
----------------- testing Wed Jul 15 15:11:11 UTC 2020 /home/travis/build/icyphy/ptII/ptolemy/actor/lib/test/auto/Dictionary3.xml
----------------- Instantiating /home/travis/build/icyphy/ptII/ptolemy/actor/lib/test/auto/Dictionary3.xml
1 ms. Memory: 261120K Free: 130406K (50%)
----------------- Invoking toplevel() on ptolemy.moml.MoMLSimpleApplication@b5572dc
----------------- Done invoking toplevel() on ptolemy.moml.MoMLSimpleApplication@b5572dc
reloadAllAccessors: .Dictionary3

===========================================================================================
----------------- testing Wed Jul 15 15:11:11 UTC 2020 /home/travis/build/icyphy/ptII/ptolemy/actor/lib/test/auto/Dictionary4.xml
----------------- Instantiating /home/travis/build/icyphy/ptII/ptolemy/actor/lib/test/auto/Dictionary4.xml
2 ms. Memory: 261120K Free: 123238K (47%)
----------------- Invoking toplevel() on ptolemy.moml.MoMLSimpleApplication@3686d7f3
----------------- Done invoking toplevel() on ptolemy.moml.MoMLSimpleApplication@3686d7f3
reloadAllAccessors: .Dictionary4

===========================================================================================
----------------- testing Wed Jul 15 15:11:11 UTC 2020 /home/travis/build/icyphy/ptII/ptolemy/actor/lib/test/auto/Differential.xml
----------------- Instantiating /home/travis/build/icyphy/ptII/ptolemy/actor/lib/test/auto/Differential.xml
2 ms. Memory: 261120K Free: 118628K (45%)
----------------- Invoking toplevel() on ptolemy.moml.MoMLSimpleApplication@44e0929e
----------------- Done invoking toplevel() on ptolemy.moml.MoMLSimpleApplication@44e0929e
reloadAllAccessors: .Differential

===========================================================================================
----------------- testing Wed Jul 15 15:11:11 UTC 2020 /home/travis/build/icyphy/ptII/ptolemy/actor/lib/test/auto/Director.xml
----------------- Instantiating /home/travis/build/icyphy/ptII/ptolemy/actor/lib/test/auto/Director.xml
3 ms. Memory: 261120K Free: 115046K (44%)
----------------- Invoking toplevel() on ptolemy.moml.MoMLSimpleApplication@42d77a05
----------------- Done invoking toplevel() on ptolemy.moml.MoMLSimpleApplication@42d77a05
reloadAllAccessors: .Director

===========================================================================================
----------------- testing Wed Jul 15 15:11:11 UTC 2020 /home/travis/build/icyphy/ptII/ptolemy/actor/lib/test/auto/DiscreteClock.xml
----------------- Instantiating /home/travis/build/icyphy/ptII/ptolemy/actor/lib/test/auto/DiscreteClock.xml
1 ms. Memory: 261120K Free: 111460K (43%)
----------------- Invoking toplevel() on ptolemy.moml.MoMLSimpleApplication@359c5890
----------------- Done invoking toplevel() on ptolemy.moml.MoMLSimpleApplication@359c5890
reloadAllAccessors: .DiscreteClock

===========================================================================================
----------------- testing Wed Jul 15 15:11:11 UTC 2020 /home/travis/build/icyphy/ptII/ptolemy/actor/lib/test/auto/DiscreteClock10.xml
----------------- Instantiating /home/travis/build/icyphy/ptII/ptolemy/actor/lib/test/auto/DiscreteClock10.xml
3 ms. Memory: 261120K Free: 105316K (40%)
----------------- Invoking toplevel() on ptolemy.moml.MoMLSimpleApplication@20ba174b
----------------- Done invoking toplevel() on ptolemy.moml.MoMLSimpleApplication@20ba174b
reloadAllAccessors: .DiscreteClock10

===========================================================================================
----------------- testing Wed Jul 15 15:11:11 UTC 2020 /home/travis/build/icyphy/ptII/ptolemy/actor/lib/test/auto/DiscreteClock11.xml
----------------- Instantiating /home/travis/build/icyphy/ptII/ptolemy/actor/lib/test/auto/DiscreteClock11.xml
2 ms. Memory: 261120K Free: 99172K (38%)
----------------- Invoking toplevel() on ptolemy.moml.MoMLSimpleApplication@618a75e2
----------------- Done invoking toplevel() on ptolemy.moml.MoMLSimpleApplication@618a75e2
reloadAllAccessors: .DiscreteClock11

===========================================================================================
----------------- testing Wed Jul 15 15:11:11 UTC 2020 /home/travis/build/icyphy/ptII/ptolemy/actor/lib/test/auto/DiscreteClock12.xml
----------------- Instantiating /home/travis/build/icyphy/ptII/ptolemy/actor/lib/test/auto/DiscreteClock12.xml
2 ms. Memory: 261120K Free: 93542K (36%)
----------------- Invoking toplevel() on ptolemy.moml.MoMLSimpleApplication@5a3ae13e
----------------- Done invoking toplevel() on ptolemy.moml.MoMLSimpleApplication@5a3ae13e
reloadAllAccessors: .DiscreteClock12

===========================================================================================
----------------- testing Wed Jul 15 15:11:11 UTC 2020 /home/travis/build/icyphy/ptII/ptolemy/actor/lib/test/auto/DiscreteClock13.xml
----------------- Instantiating /home/travis/build/icyphy/ptII/ptolemy/actor/lib/test/auto/DiscreteClock13.xml
4 ms. Memory: 261120K Free: 87398K (33%)
----------------- Invoking toplevel() on ptolemy.moml.MoMLSimpleApplication@5b9eae0
----------------- Done invoking toplevel() on ptolemy.moml.MoMLSimpleApplication@5b9eae0
reloadAllAccessors: .DiscreteClock13

===========================================================================================
----------------- testing Wed Jul 15 15:11:11 UTC 2020 /home/travis/build/icyphy/ptII/ptolemy/actor/lib/test/auto/DiscreteClock14.xml
----------------- Instantiating /home/travis/build/icyphy/ptII/ptolemy/actor/lib/test/auto/DiscreteClock14.xml
4 ms. Memory: 261120K Free: 81254K (31%)
----------------- Invoking toplevel() on ptolemy.moml.MoMLSimpleApplication@64c2f738
----------------- Done invoking toplevel() on ptolemy.moml.MoMLSimpleApplication@64c2f738
reloadAllAccessors: .DiscreteClock14

===========================================================================================
----------------- testing Wed Jul 15 15:11:11 UTC 2020 /home/travis/build/icyphy/ptII/ptolemy/actor/lib/test/auto/DiscreteClock15.xml
----------------- Instantiating /home/travis/build/icyphy/ptII/ptolemy/actor/lib/test/auto/DiscreteClock15.xml
3 ms. Memory: 261120K Free: 75110K (29%)
----------------- Invoking toplevel() on ptolemy.moml.MoMLSimpleApplication@3f052740
----------------- Done invoking toplevel() on ptolemy.moml.MoMLSimpleApplication@3f052740
reloadAllAccessors: .DiscreteClock15

===========================================================================================
----------------- testing Wed Jul 15 15:11:11 UTC 2020 /home/travis/build/icyphy/ptII/ptolemy/actor/lib/test/auto/DiscreteClock16.xml
----------------- Instantiating /home/travis/build/icyphy/ptII/ptolemy/actor/lib/test/auto/DiscreteClock16.xml
15 ms. Memory: 261120K Free: 61798K (24%)
----------------- Invoking toplevel() on ptolemy.moml.MoMLSimpleApplication@4fabe042
----------------- Done invoking toplevel() on ptolemy.moml.MoMLSimpleApplication@4fabe042
reloadAllAccessors: .DiscreteClock16

===========================================================================================
----------------- testing Wed Jul 15 15:11:11 UTC 2020 /home/travis/build/icyphy/ptII/ptolemy/actor/lib/test/auto/DiscreteClock17.xml
----------------- Instantiating /home/travis/build/icyphy/ptII/ptolemy/actor/lib/test/auto/DiscreteClock17.xml
14 ms. Memory: 261120K Free: 200881K (77%)
----------------- Invoking toplevel() on ptolemy.moml.MoMLSimpleApplication@8d8370
----------------- Done invoking toplevel() on ptolemy.moml.MoMLSimpleApplication@8d8370
reloadAllAccessors: .DiscreteClock17

===========================================================================================
----------------- testing Wed Jul 15 15:11:11 UTC 2020 /home/travis/build/icyphy/ptII/ptolemy/actor/lib/test/auto/DiscreteClock18.xml
----------------- Instantiating /home/travis/build/icyphy/ptII/ptolemy/actor/lib/test/auto/DiscreteClock18.xml
15 ms. Memory: 261120K Free: 187055K (72%)
----------------- Invoking toplevel() on ptolemy.moml.MoMLSimpleApplication@16d988a6
----------------- Done invoking toplevel() on ptolemy.moml.MoMLSimpleApplication@16d988a6
reloadAllAccessors: .DiscreteClock18

===========================================================================================
----------------- testing Wed Jul 15 15:11:11 UTC 2020 /home/travis/build/icyphy/ptII/ptolemy/actor/lib/test/auto/DiscreteClock19.xml
----------------- Instantiating /home/travis/build/icyphy/ptII/ptolemy/actor/lib/test/auto/DiscreteClock19.xml
17 ms. Memory: 261120K Free: 173233K (66%)
----------------- Invoking toplevel() on ptolemy.moml.MoMLSimpleApplication@41c35912
----------------- Done invoking toplevel() on ptolemy.moml.MoMLSimpleApplication@41c35912
reloadAllAccessors: .DiscreteClock19

===========================================================================================
----------------- testing Wed Jul 15 15:11:11 UTC 2020 /home/travis/build/icyphy/ptII/ptolemy/actor/lib/test/auto/DiscreteClock2.xml
----------------- Instantiating /home/travis/build/icyphy/ptII/ptolemy/actor/lib/test/auto/DiscreteClock2.xml
3 ms. Memory: 261120K Free: 168113K (64%)
----------------- Invoking toplevel() on ptolemy.moml.MoMLSimpleApplication@6ec34f22
----------------- Done invoking toplevel() on ptolemy.moml.MoMLSimpleApplication@6ec34f22
reloadAllAccessors: .DiscreteClock2

===========================================================================================
----------------- testing Wed Jul 15 15:11:11 UTC 2020 /home/travis/build/icyphy/ptII/ptolemy/actor/lib/test/auto/DiscreteClock20.xml
----------------- Instantiating /home/travis/build/icyphy/ptII/ptolemy/actor/lib/test/auto/DiscreteClock20.xml
6 ms. Memory: 261120K Free: 162993K (62%)
----------------- Invoking toplevel() on ptolemy.moml.MoMLSimpleApplication@fe27e81
----------------- Done invoking toplevel() on ptolemy.moml.MoMLSimpleApplication@fe27e81
reloadAllAccessors: .DiscreteClock20

===========================================================================================
----------------- testing Wed Jul 15 15:11:11 UTC 2020 /home/travis/build/icyphy/ptII/ptolemy/actor/lib/test/auto/DiscreteClock21.xml
----------------- Instantiating /home/travis/build/icyphy/ptII/ptolemy/actor/lib/test/auto/DiscreteClock21.xml
4 ms. Memory: 261120K Free: 157359K (60%)
----------------- Invoking toplevel() on ptolemy.moml.MoMLSimpleApplication@6cd99240
----------------- Done invoking toplevel() on ptolemy.moml.MoMLSimpleApplication@6cd99240
reloadAllAccessors: .DiscreteClock21

===========================================================================================
----------------- testing Wed Jul 15 15:11:11 UTC 2020 /home/travis/build/icyphy/ptII/ptolemy/actor/lib/test/auto/DiscreteClock22.xml
----------------- Instantiating /home/travis/build/icyphy/ptII/ptolemy/actor/lib/test/auto/DiscreteClock22.xml
5 ms. Memory: 261120K Free: 151729K (58%)
----------------- Invoking toplevel() on ptolemy.moml.MoMLSimpleApplication@5853700c
----------------- Done invoking toplevel() on ptolemy.moml.MoMLSimpleApplication@5853700c
reloadAllAccessors: .DiscreteClock22

===========================================================================================
----------------- testing Wed Jul 15 15:11:11 UTC 2020 /home/travis/build/icyphy/ptII/ptolemy/actor/lib/test/auto/DiscreteClock23.xml
----------------- Instantiating /home/travis/build/icyphy/ptII/ptolemy/actor/lib/test/auto/DiscreteClock23.xml
7 ms. Memory: 261120K Free: 146095K (56%)
----------------- Invoking toplevel() on ptolemy.moml.MoMLSimpleApplication@6226f260
----------------- Done invoking toplevel() on ptolemy.moml.MoMLSimpleApplication@6226f260
reloadAllAccessors: .DiscreteClock23

===========================================================================================
----------------- testing Wed Jul 15 15:11:11 UTC 2020 /home/travis/build/icyphy/ptII/ptolemy/actor/lib/test/auto/DiscreteClock24.xml
----------------- Instantiating /home/travis/build/icyphy/ptII/ptolemy/actor/lib/test/auto/DiscreteClock24.xml
4 ms. Memory: 261120K Free: 140465K (54%)
----------------- Invoking toplevel() on ptolemy.moml.MoMLSimpleApplication@70f4c12f
----------------- Done invoking toplevel() on ptolemy.moml.MoMLSimpleApplication@70f4c12f
reloadAllAccessors: .DiscreteClock24

===========================================================================================
----------------- testing Wed Jul 15 15:11:11 UTC 2020 /home/travis/build/icyphy/ptII/ptolemy/actor/lib/test/auto/DiscreteClock4.xml
----------------- Instantiating /home/travis/build/icyphy/ptII/ptolemy/actor/lib/test/auto/DiscreteClock4.xml
3 ms. Memory: 261120K Free: 135345K (52%)
----------------- Invoking toplevel() on ptolemy.moml.MoMLSimpleApplication@4acedf1
----------------- Done invoking toplevel() on ptolemy.moml.MoMLSimpleApplication@4acedf1
reloadAllAccessors: .DiscreteClock4

===========================================================================================
----------------- testing Wed Jul 15 15:11:11 UTC 2020 /home/travis/build/icyphy/ptII/ptolemy/actor/lib/test/auto/DiscreteClock5.xml
----------------- Instantiating /home/travis/build/icyphy/ptII/ptolemy/actor/lib/test/auto/DiscreteClock5.xml
1 ms. Memory: 261120K Free: 129711K (50%)
----------------- Invoking toplevel() on ptolemy.moml.MoMLSimpleApplication@272facbf
----------------- Done invoking toplevel() on ptolemy.moml.MoMLSimpleApplication@272facbf
reloadAllAccessors: .DiscreteClock5

===========================================================================================
----------------- testing Wed Jul 15 15:11:11 UTC 2020 /home/travis/build/icyphy/ptII/ptolemy/actor/lib/test/auto/DiscreteClock6.xml
----------------- Instantiating /home/travis/build/icyphy/ptII/ptolemy/actor/lib/test/auto/DiscreteClock6.xml
1 ms. Memory: 261120K Free: 125105K (48%)
----------------- Invoking toplevel() on ptolemy.moml.MoMLSimpleApplication@49854818
----------------- Done invoking toplevel() on ptolemy.moml.MoMLSimpleApplication@49854818
reloadAllAccessors: .DiscreteClock6

===========================================================================================
----------------- testing Wed Jul 15 15:11:11 UTC 2020 /home/travis/build/icyphy/ptII/ptolemy/actor/lib/test/auto/DiscreteClock7.xml
----------------- Instantiating /home/travis/build/icyphy/ptII/ptolemy/actor/lib/test/auto/DiscreteClock7.xml
1 ms. Memory: 261120K Free: 120495K (46%)
----------------- Invoking toplevel() on ptolemy.moml.MoMLSimpleApplication@5d0c509a
----------------- Done invoking toplevel() on ptolemy.moml.MoMLSimpleApplication@5d0c509a
reloadAllAccessors: .DiscreteClock7

===========================================================================================
----------------- testing Wed Jul 15 15:11:11 UTC 2020 /home/travis/build/icyphy/ptII/ptolemy/actor/lib/test/auto/DiscreteClock8.xml
----------------- Instantiating /home/travis/build/icyphy/ptII/ptolemy/actor/lib/test/auto/DiscreteClock8.xml
3 ms. Memory: 261120K Free: 115345K (44%)
----------------- Invoking toplevel() on ptolemy.moml.MoMLSimpleApplication@70eea47
----------------- Done invoking toplevel() on ptolemy.moml.MoMLSimpleApplication@70eea47
reloadAllAccessors: .DiscreteClock8

===========================================================================================
----------------- testing Wed Jul 15 15:11:11 UTC 2020 /home/travis/build/icyphy/ptII/ptolemy/actor/lib/test/auto/DiscreteClock9.xml
----------------- Instantiating /home/travis/build/icyphy/ptII/ptolemy/actor/lib/test/auto/DiscreteClock9.xml
3 ms. Memory: 261120K Free: 109201K (42%)
----------------- Invoking toplevel() on ptolemy.moml.MoMLSimpleApplication@34332c05
----------------- Done invoking toplevel() on ptolemy.moml.MoMLSimpleApplication@34332c05
reloadAllAccessors: .DiscreteClock9

===========================================================================================
----------------- testing Wed Jul 15 15:11:11 UTC 2020 /home/travis/build/icyphy/ptII/ptolemy/actor/lib/test/auto/DisplayArray.xml
----------------- Instantiating /home/travis/build/icyphy/ptII/ptolemy/actor/lib/test/auto/DisplayArray.xml
3 ms. Memory: 261120K Free: 105649K (40%)
----------------- Invoking toplevel() on ptolemy.moml.MoMLSimpleApplication@4b1cb391
----------------- Done invoking toplevel() on ptolemy.moml.MoMLSimpleApplication@4b1cb391
reloadAllAccessors: .DisplayArray

===========================================================================================
----------------- testing Wed Jul 15 15:11:11 UTC 2020 /home/travis/build/icyphy/ptII/ptolemy/actor/lib/test/auto/Distributor.xml
----------------- Instantiating /home/travis/build/icyphy/ptII/ptolemy/actor/lib/test/auto/Distributor.xml
1 ms. Memory: 261120K Free: 100529K (38%)
----------------- Invoking toplevel() on ptolemy.moml.MoMLSimpleApplication@6c4d35e6
----------------- Done invoking toplevel() on ptolemy.moml.MoMLSimpleApplication@6c4d35e6
reloadAllAccessors: .Distributor

===========================================================================================
----------------- testing Wed Jul 15 15:11:11 UTC 2020 /home/travis/build/icyphy/ptII/ptolemy/actor/lib/test/auto/Distributor2.xml
----------------- Instantiating /home/travis/build/icyphy/ptII/ptolemy/actor/lib/test/auto/Distributor2.xml
1 ms. Memory: 261120K Free: 95409K (37%)
----------------- Invoking toplevel() on ptolemy.moml.MoMLSimpleApplication@2d69416e
----------------- Done invoking toplevel() on ptolemy.moml.MoMLSimpleApplication@2d69416e
reloadAllAccessors: .Distributor2

===========================================================================================
----------------- testing Wed Jul 15 15:11:11 UTC 2020 /home/travis/build/icyphy/ptII/ptolemy/actor/lib/test/auto/DownSample.xml
----------------- Instantiating /home/travis/build/icyphy/ptII/ptolemy/actor/lib/test/auto/DownSample.xml
1 ms. Memory: 261120K Free: 91313K (35%)
----------------- Invoking toplevel() on ptolemy.moml.MoMLSimpleApplication@4ea6aeee
----------------- Done invoking toplevel() on ptolemy.moml.MoMLSimpleApplication@4ea6aeee
reloadAllAccessors: .DownSample

===========================================================================================
----------------- testing Wed Jul 15 15:11:11 UTC 2020 /home/travis/build/icyphy/ptII/ptolemy/actor/lib/test/auto/ElectronicUnitBase1.xml
----------------- Instantiating /home/travis/build/icyphy/ptII/ptolemy/actor/lib/test/auto/ElectronicUnitBase1.xml
16 ms. Memory: 261120K Free: 75439K (29%)
----------------- Invoking toplevel() on ptolemy.moml.MoMLSimpleApplication@5b5076a5
----------------- Done invoking toplevel() on ptolemy.moml.MoMLSimpleApplication@5b5076a5
reloadAllAccessors: .ElectronicUnitBase1

===========================================================================================
----------------- testing Wed Jul 15 15:11:11 UTC 2020 /home/travis/build/icyphy/ptII/ptolemy/actor/lib/test/auto/ElementsToArray.xml
----------------- Instantiating /home/travis/build/icyphy/ptII/ptolemy/actor/lib/test/auto/ElementsToArray.xml
2 ms. Memory: 261120K Free: 69809K (27%)
----------------- Invoking toplevel() on ptolemy.moml.MoMLSimpleApplication@464f4b7a
----------------- Done invoking toplevel() on ptolemy.moml.MoMLSimpleApplication@464f4b7a
reloadAllAccessors: .ElementsToArray

===========================================================================================
----------------- testing Wed Jul 15 15:11:11 UTC 2020 /home/travis/build/icyphy/ptII/ptolemy/actor/lib/test/auto/Equals.xml
----------------- Instantiating /home/travis/build/icyphy/ptII/ptolemy/actor/lib/test/auto/Equals.xml
2 ms. Memory: 261120K Free: 65199K (25%)
----------------- Invoking toplevel() on ptolemy.moml.MoMLSimpleApplication@d3c1f4c
----------------- Done invoking toplevel() on ptolemy.moml.MoMLSimpleApplication@d3c1f4c
reloadAllAccessors: .Equals

===========================================================================================
----------------- testing Wed Jul 15 15:11:11 UTC 2020 /home/travis/build/icyphy/ptII/ptolemy/actor/lib/test/auto/Exec.xml
----------------- Instantiating /home/travis/build/icyphy/ptII/ptolemy/actor/lib/test/auto/Exec.xml
19 ms. Memory: 261120K Free: 212640K (81%)
----------------- Invoking toplevel() on ptolemy.moml.MoMLSimpleApplication@68fb0b0d
----------------- Done invoking toplevel() on ptolemy.moml.MoMLSimpleApplication@68fb0b0d
reloadAllAccessors: .Exec

===========================================================================================
----------------- testing Wed Jul 15 15:11:11 UTC 2020 /home/travis/build/icyphy/ptII/ptolemy/actor/lib/test/auto/ExecEnvironment.xml
----------------- Instantiating /home/travis/build/icyphy/ptII/ptolemy/actor/lib/test/auto/ExecEnvironment.xml
27 ms. Memory: 261120K Free: 206764K (79%)
----------------- Invoking toplevel() on ptolemy.moml.MoMLSimpleApplication@2fb9f59b
----------------- Done invoking toplevel() on ptolemy.moml.MoMLSimpleApplication@2fb9f59b
reloadAllAccessors: .ExecEnvironment

===========================================================================================
----------------- testing Wed Jul 15 15:11:11 UTC 2020 /home/travis/build/icyphy/ptII/ptolemy/actor/lib/test/auto/ExecNonZeroReturnOutput.xml
----------------- Instantiating /home/travis/build/icyphy/ptII/ptolemy/actor/lib/test/auto/ExecNonZeroReturnOutput.xml
152 ms. Memory: 261120K Free: 195500K (75%)
----------------- Invoking toplevel() on ptolemy.moml.MoMLSimpleApplication@7bac14ba
----------------- Done invoking toplevel() on ptolemy.moml.MoMLSimpleApplication@7bac14ba
reloadAllAccessors: .ExecNonZeroReturnOutput

===========================================================================================
----------------- testing Wed Jul 15 15:11:12 UTC 2020 /home/travis/build/icyphy/ptII/ptolemy/actor/lib/test/auto/ExecRunDemos.xml
----------------- Instantiating /home/travis/build/icyphy/ptII/ptolemy/actor/lib/test/auto/ExecRunDemos.xml
Finished: 52 ms. Memory: 129024K Free: 112304K (87%)

Finished: 63 ms. Memory: 129024K Free: 109440K (85%)

Finished: 95 ms. Memory: 129024K Free: 109639K (85%)

Finished: 63 ms. Memory: 129024K Free: 111037K (86%)

Finished: 61 ms. Memory: 129024K Free: 112156K (87%)

9968 ms. Memory: 261120K Free: 173994K (67%)
----------------- Invoking toplevel() on ptolemy.moml.MoMLSimpleApplication@3f3f2e19
----------------- Done invoking toplevel() on ptolemy.moml.MoMLSimpleApplication@3f3f2e19
reloadAllAccessors: .ExecRunDemos

===========================================================================================
----------------- testing Wed Jul 15 15:11:22 UTC 2020 /home/travis/build/icyphy/ptII/ptolemy/actor/lib/test/auto/ExecStop.xml
----------------- Instantiating /home/travis/build/icyphy/ptII/ptolemy/actor/lib/test/auto/ExecStop.xml
5017 ms. Memory: 261120K Free: 185966K (71%)
----------------- Invoking toplevel() on ptolemy.moml.MoMLSimpleApplication@37e52619
----------------- Done invoking toplevel() on ptolemy.moml.MoMLSimpleApplication@37e52619
reloadAllAccessors: .ExecStop

===========================================================================================
----------------- testing Wed Jul 15 15:11:27 UTC 2020 /home/travis/build/icyphy/ptII/ptolemy/actor/lib/test/auto/ExecutionTimeSDF.xml
----------------- Instantiating /home/travis/build/icyphy/ptII/ptolemy/actor/lib/test/auto/ExecutionTimeSDF.xml
Fired ExecutionTime: -767367296
Fired ExecutionTime: 1560800000
Fired ExecutionTime: -163367296
6014 ms. Memory: 261120K Free: 173205K (66%)

===========================================================================================
----------------- testing Wed Jul 15 15:11:33 UTC 2020 /home/travis/build/icyphy/ptII/ptolemy/actor/lib/test/auto/Expression1.xml
----------------- Instantiating /home/travis/build/icyphy/ptII/ptolemy/actor/lib/test/auto/Expression1.xml
2 ms. Memory: 261120K Free: 168816K (65%)
----------------- Invoking toplevel() on ptolemy.moml.MoMLSimpleApplication@36808785
----------------- Done invoking toplevel() on ptolemy.moml.MoMLSimpleApplication@36808785
reloadAllAccessors: .Expression1

===========================================================================================
----------------- testing Wed Jul 15 15:11:33 UTC 2020 /home/travis/build/icyphy/ptII/ptolemy/actor/lib/test/auto/Expression10.xml
----------------- Instantiating /home/travis/build/icyphy/ptII/ptolemy/actor/lib/test/auto/Expression10.xml
8 ms. Memory: 261120K Free: 163339K (63%)
----------------- Invoking toplevel() on ptolemy.moml.MoMLSimpleApplication@4a1ffd7b
----------------- Done invoking toplevel() on ptolemy.moml.MoMLSimpleApplication@4a1ffd7b
reloadAllAccessors: .Expression10

===========================================================================================
----------------- testing Wed Jul 15 15:11:33 UTC 2020 /home/travis/build/icyphy/ptII/ptolemy/actor/lib/test/auto/Expression11.xml
----------------- Instantiating /home/travis/build/icyphy/ptII/ptolemy/actor/lib/test/auto/Expression11.xml
2 ms. Memory: 261120K Free: 158915K (61%)
----------------- Invoking toplevel() on ptolemy.moml.MoMLSimpleApplication@4888487d
----------------- Done invoking toplevel() on ptolemy.moml.MoMLSimpleApplication@4888487d
reloadAllAccessors: .Expression11

===========================================================================================
----------------- testing Wed Jul 15 15:11:33 UTC 2020 /home/travis/build/icyphy/ptII/ptolemy/actor/lib/test/auto/Expression12.xml
----------------- Instantiating /home/travis/build/icyphy/ptII/ptolemy/actor/lib/test/auto/Expression12.xml
2 ms. Memory: 261120K Free: 153456K (59%)
----------------- Invoking toplevel() on ptolemy.moml.MoMLSimpleApplication@6ec4f2e5
----------------- Done invoking toplevel() on ptolemy.moml.MoMLSimpleApplication@6ec4f2e5
reloadAllAccessors: .Expression12

===========================================================================================
----------------- testing Wed Jul 15 15:11:33 UTC 2020 /home/travis/build/icyphy/ptII/ptolemy/actor/lib/test/auto/Expression13.xml
----------------- Instantiating /home/travis/build/icyphy/ptII/ptolemy/actor/lib/test/auto/Expression13.xml
2 ms. Memory: 261120K Free: 148336K (57%)
----------------- Invoking toplevel() on ptolemy.moml.MoMLSimpleApplication@520a972
----------------- Done invoking toplevel() on ptolemy.moml.MoMLSimpleApplication@520a972
reloadAllAccessors: .Expression13

===========================================================================================
----------------- testing Wed Jul 15 15:11:33 UTC 2020 /home/travis/build/icyphy/ptII/ptolemy/actor/lib/test/auto/Expression14.xml
----------------- Instantiating /home/travis/build/icyphy/ptII/ptolemy/actor/lib/test/auto/Expression14.xml
6 ms. Memory: 261120K Free: 142843K (55%)
----------------- Invoking toplevel() on ptolemy.moml.MoMLSimpleApplication@23f18f72
----------------- Done invoking toplevel() on ptolemy.moml.MoMLSimpleApplication@23f18f72
reloadAllAccessors: .Expression14

===========================================================================================
----------------- testing Wed Jul 15 15:11:33 UTC 2020 /home/travis/build/icyphy/ptII/ptolemy/actor/lib/test/auto/Expression15.xml
----------------- Instantiating /home/travis/build/icyphy/ptII/ptolemy/actor/lib/test/auto/Expression15.xml
1 ms. Memory: 261120K Free: 138755K (53%)
----------------- Invoking toplevel() on ptolemy.moml.MoMLSimpleApplication@2003c79e
----------------- Done invoking toplevel() on ptolemy.moml.MoMLSimpleApplication@2003c79e
reloadAllAccessors: .Expression15

===========================================================================================
----------------- testing Wed Jul 15 15:11:33 UTC 2020 /home/travis/build/icyphy/ptII/ptolemy/actor/lib/test/auto/Expression16.xml
----------------- Instantiating /home/travis/build/icyphy/ptII/ptolemy/actor/lib/test/auto/Expression16.xml
2 ms. Memory: 261120K Free: 134299K (51%)
----------------- Invoking toplevel() on ptolemy.moml.MoMLSimpleApplication@2e15c03e
----------------- Done invoking toplevel() on ptolemy.moml.MoMLSimpleApplication@2e15c03e
reloadAllAccessors: .Expression16

===========================================================================================
----------------- testing Wed Jul 15 15:11:33 UTC 2020 /home/travis/build/icyphy/ptII/ptolemy/actor/lib/test/auto/Expression17.xml
----------------- Instantiating /home/travis/build/icyphy/ptII/ptolemy/actor/lib/test/auto/Expression17.xml
4 ms. Memory: 261120K Free: 129547K (50%)
----------------- Invoking toplevel() on ptolemy.moml.MoMLSimpleApplication@568fae54
----------------- Done invoking toplevel() on ptolemy.moml.MoMLSimpleApplication@568fae54
reloadAllAccessors: .Expression17

===========================================================================================
----------------- testing Wed Jul 15 15:11:33 UTC 2020 /home/travis/build/icyphy/ptII/ptolemy/actor/lib/test/auto/Expression18.xml
----------------- Instantiating /home/travis/build/icyphy/ptII/ptolemy/actor/lib/test/auto/Expression18.xml
2 ms. Memory: 261120K Free: 124784K (48%)
----------------- Invoking toplevel() on ptolemy.moml.MoMLSimpleApplication@21676807
----------------- Done invoking toplevel() on ptolemy.moml.MoMLSimpleApplication@21676807
reloadAllAccessors: .Expression18

===========================================================================================
----------------- testing Wed Jul 15 15:11:33 UTC 2020 /home/travis/build/icyphy/ptII/ptolemy/actor/lib/test/auto/Expression2.xml
----------------- Instantiating /home/travis/build/icyphy/ptII/ptolemy/actor/lib/test/auto/Expression2.xml
2 ms. Memory: 261120K Free: 119664K (46%)
----------------- Invoking toplevel() on ptolemy.moml.MoMLSimpleApplication@768c605d
----------------- Done invoking toplevel() on ptolemy.moml.MoMLSimpleApplication@768c605d
reloadAllAccessors: .Expression2

===========================================================================================
----------------- testing Wed Jul 15 15:11:33 UTC 2020 /home/travis/build/icyphy/ptII/ptolemy/actor/lib/test/auto/Expression3.xml
----------------- Instantiating /home/travis/build/icyphy/ptII/ptolemy/actor/lib/test/auto/Expression3.xml
5 ms. Memory: 261120K Free: 115225K (44%)
----------------- Invoking toplevel() on ptolemy.moml.MoMLSimpleApplication@2685907
----------------- Done invoking toplevel() on ptolemy.moml.MoMLSimpleApplication@2685907
reloadAllAccessors: .Expression3

===========================================================================================
----------------- testing Wed Jul 15 15:11:33 UTC 2020 /home/travis/build/icyphy/ptII/ptolemy/actor/lib/test/auto/Expression4.xml
----------------- Instantiating /home/travis/build/icyphy/ptII/ptolemy/actor/lib/test/auto/Expression4.xml
4 ms. Memory: 261120K Free: 107683K (41%)
----------------- Invoking toplevel() on ptolemy.moml.MoMLSimpleApplication@79813671
----------------- Done invoking toplevel() on ptolemy.moml.MoMLSimpleApplication@79813671
reloadAllAccessors: .Expression4

===========================================================================================
----------------- testing Wed Jul 15 15:11:33 UTC 2020 /home/travis/build/icyphy/ptII/ptolemy/actor/lib/test/auto/Expression5.xml
----------------- Instantiating /home/travis/build/icyphy/ptII/ptolemy/actor/lib/test/auto/Expression5.xml
4 ms. Memory: 261120K Free: 102525K (39%)
----------------- Invoking toplevel() on ptolemy.moml.MoMLSimpleApplication@39f93355
----------------- Done invoking toplevel() on ptolemy.moml.MoMLSimpleApplication@39f93355
reloadAllAccessors: .Expression5

===========================================================================================
----------------- testing Wed Jul 15 15:11:33 UTC 2020 /home/travis/build/icyphy/ptII/ptolemy/actor/lib/test/auto/Expression6.xml
----------------- Instantiating /home/travis/build/icyphy/ptII/ptolemy/actor/lib/test/auto/Expression6.xml
1 ms. Memory: 261120K Free: 98160K (38%)
----------------- Invoking toplevel() on ptolemy.moml.MoMLSimpleApplication@259e12ad
----------------- Done invoking toplevel() on ptolemy.moml.MoMLSimpleApplication@259e12ad
reloadAllAccessors: .Expression6

===========================================================================================
----------------- testing Wed Jul 15 15:11:33 UTC 2020 /home/travis/build/icyphy/ptII/ptolemy/actor/lib/test/auto/Expression7.xml
----------------- Instantiating /home/travis/build/icyphy/ptII/ptolemy/actor/lib/test/auto/Expression7.xml
2 ms. Memory: 261120K Free: 93691K (36%)
----------------- Invoking toplevel() on ptolemy.moml.MoMLSimpleApplication@1f389ba6
----------------- Done invoking toplevel() on ptolemy.moml.MoMLSimpleApplication@1f389ba6
reloadAllAccessors: .Expression7

===========================================================================================
----------------- testing Wed Jul 15 15:11:33 UTC 2020 /home/travis/build/icyphy/ptII/ptolemy/actor/lib/test/auto/Expression8.xml
----------------- Instantiating /home/travis/build/icyphy/ptII/ptolemy/actor/lib/test/auto/Expression8.xml
7 ms. Memory: 261120K Free: 88601K (34%)
----------------- Invoking toplevel() on ptolemy.moml.MoMLSimpleApplication@4478da7b
----------------- Done invoking toplevel() on ptolemy.moml.MoMLSimpleApplication@4478da7b
reloadAllAccessors: .Expression8

===========================================================================================
----------------- testing Wed Jul 15 15:11:33 UTC 2020 /home/travis/build/icyphy/ptII/ptolemy/actor/lib/test/auto/Expression9.xml
----------------- Instantiating /home/travis/build/icyphy/ptII/ptolemy/actor/lib/test/auto/Expression9.xml
0 ms. Memory: 261120K Free: 84848K (32%)
----------------- Invoking toplevel() on ptolemy.moml.MoMLSimpleApplication@2038529b
----------------- Done invoking toplevel() on ptolemy.moml.MoMLSimpleApplication@2038529b
reloadAllAccessors: .Expression9

===========================================================================================
----------------- testing Wed Jul 15 15:11:33 UTC 2020 /home/travis/build/icyphy/ptII/ptolemy/actor/lib/test/auto/ExpressionConcatenateArrayType.xml
----------------- Instantiating /home/travis/build/icyphy/ptII/ptolemy/actor/lib/test/auto/ExpressionConcatenateArrayType.xml
3 ms. Memory: 261120K Free: 78704K (30%)
----------------- Invoking toplevel() on ptolemy.moml.MoMLSimpleApplication@6c8a1b9c
----------------- Done invoking toplevel() on ptolemy.moml.MoMLSimpleApplication@6c8a1b9c
reloadAllAccessors: .ExpressionConcatenateArrayType

===========================================================================================
----------------- testing Wed Jul 15 15:11:33 UTC 2020 /home/travis/build/icyphy/ptII/ptolemy/actor/lib/test/auto/ExpressionConcatenateArrayType2.xml
----------------- Instantiating /home/travis/build/icyphy/ptII/ptolemy/actor/lib/test/auto/ExpressionConcatenateArrayType2.xml
2 ms. Memory: 261120K Free: 73241K (28%)
----------------- Invoking toplevel() on ptolemy.moml.MoMLSimpleApplication@6db0ee96
----------------- Done invoking toplevel() on ptolemy.moml.MoMLSimpleApplication@6db0ee96
reloadAllAccessors: .ExpressionConcatenateArrayType2

===========================================================================================
----------------- testing Wed Jul 15 15:11:33 UTC 2020 /home/travis/build/icyphy/ptII/ptolemy/actor/lib/test/auto/ExpressionFix.xml
----------------- Instantiating /home/travis/build/icyphy/ptII/ptolemy/actor/lib/test/auto/ExpressionFix.xml
20 ms. Memory: 261120K Free: 67097K (26%)
----------------- Invoking toplevel() on ptolemy.moml.MoMLSimpleApplication@6bccb773
----------------- Done invoking toplevel() on ptolemy.moml.MoMLSimpleApplication@6bccb773
reloadAllAccessors: .ExpressionFix

===========================================================================================
----------------- testing Wed Jul 15 15:11:33 UTC 2020 /home/travis/build/icyphy/ptII/ptolemy/actor/lib/test/auto/ExpressionFix2.xml
----------------- Instantiating /home/travis/build/icyphy/ptII/ptolemy/actor/lib/test/auto/ExpressionFix2.xml
4 ms. Memory: 261120K Free: 62659K (24%)
----------------- Invoking toplevel() on ptolemy.moml.MoMLSimpleApplication@23890046
----------------- Done invoking toplevel() on ptolemy.moml.MoMLSimpleApplication@23890046
reloadAllAccessors: .ExpressionFix2

===========================================================================================
----------------- testing Wed Jul 15 15:11:33 UTC 2020 /home/travis/build/icyphy/ptII/ptolemy/actor/lib/test/auto/ExpressionFix3.xml
----------------- Instantiating /home/travis/build/icyphy/ptII/ptolemy/actor/lib/test/auto/ExpressionFix3.xml
14 ms. Memory: 261120K Free: 211844K (81%)
----------------- Invoking toplevel() on ptolemy.moml.MoMLSimpleApplication@1aad45c
----------------- Done invoking toplevel() on ptolemy.moml.MoMLSimpleApplication@1aad45c
reloadAllAccessors: .ExpressionFix3

===========================================================================================
----------------- testing Wed Jul 15 15:11:33 UTC 2020 /home/travis/build/icyphy/ptII/ptolemy/actor/lib/test/auto/FileWriter1.xml
----------------- Instantiating /home/travis/build/icyphy/ptII/ptolemy/actor/lib/test/auto/FileWriter1.xml
1 ms. Memory: 261120K Free: 207540K (79%)
----------------- Invoking toplevel() on ptolemy.moml.MoMLSimpleApplication@578fa09d
----------------- Done invoking toplevel() on ptolemy.moml.MoMLSimpleApplication@578fa09d
reloadAllAccessors: .FileWriter1

===========================================================================================
----------------- testing Wed Jul 15 15:11:33 UTC 2020 /home/travis/build/icyphy/ptII/ptolemy/actor/lib/test/auto/FileWriter2.xml
----------------- Instantiating /home/travis/build/icyphy/ptII/ptolemy/actor/lib/test/auto/FileWriter2.xml
1 ms. Memory: 261120K Free: 203414K (78%)
----------------- Invoking toplevel() on ptolemy.moml.MoMLSimpleApplication@6b1b7874
----------------- Done invoking toplevel() on ptolemy.moml.MoMLSimpleApplication@6b1b7874
reloadAllAccessors: .FileWriter2

===========================================================================================
----------------- testing Wed Jul 15 15:11:33 UTC 2020 /home/travis/build/icyphy/ptII/ptolemy/actor/lib/test/auto/FileWriter3.xml
----------------- Instantiating /home/travis/build/icyphy/ptII/ptolemy/actor/lib/test/auto/FileWriter3.xml
3 ms. Memory: 261120K Free: 198757K (76%)
----------------- Invoking toplevel() on ptolemy.moml.MoMLSimpleApplication@369e5087
----------------- Done invoking toplevel() on ptolemy.moml.MoMLSimpleApplication@369e5087
reloadAllAccessors: .FileWriter3

===========================================================================================
----------------- testing Wed Jul 15 15:11:33 UTC 2020 /home/travis/build/icyphy/ptII/ptolemy/actor/lib/test/auto/Gaussian.xml
----------------- Instantiating /home/travis/build/icyphy/ptII/ptolemy/actor/lib/test/auto/Gaussian.xml
3 ms. Memory: 261120K Free: 194669K (75%)
----------------- Invoking toplevel() on ptolemy.moml.MoMLSimpleApplication@2a9f9009
----------------- Done invoking toplevel() on ptolemy.moml.MoMLSimpleApplication@2a9f9009
reloadAllAccessors: .Gaussian

===========================================================================================
----------------- testing Wed Jul 15 15:11:33 UTC 2020 /home/travis/build/icyphy/ptII/ptolemy/actor/lib/test/auto/Gaussian1.xml
----------------- Instantiating /home/travis/build/icyphy/ptII/ptolemy/actor/lib/test/auto/Gaussian1.xml
8 ms. Memory: 261120K Free: 189110K (72%)
----------------- Invoking toplevel() on ptolemy.moml.MoMLSimpleApplication@14479362
----------------- Done invoking toplevel() on ptolemy.moml.MoMLSimpleApplication@14479362
reloadAllAccessors: .Gaussian1

===========================================================================================
----------------- testing Wed Jul 15 15:11:33 UTC 2020 /home/travis/build/icyphy/ptII/ptolemy/actor/lib/test/auto/Gaussian2.xml
----------------- Instantiating /home/travis/build/icyphy/ptII/ptolemy/actor/lib/test/auto/Gaussian2.xml
2 ms. Memory: 261120K Free: 183966K (70%)
----------------- Invoking toplevel() on ptolemy.moml.MoMLSimpleApplication@1f40b898
----------------- Done invoking toplevel() on ptolemy.moml.MoMLSimpleApplication@1f40b898
reloadAllAccessors: .Gaussian2

===========================================================================================
----------------- testing Wed Jul 15 15:11:33 UTC 2020 /home/travis/build/icyphy/ptII/ptolemy/actor/lib/test/auto/GradientAdaptiveLattice.xml
----------------- Instantiating /home/travis/build/icyphy/ptII/ptolemy/actor/lib/test/auto/GradientAdaptiveLattice.xml
2 ms. Memory: 261120K Free: 178806K (68%)
----------------- Invoking toplevel() on ptolemy.moml.MoMLSimpleApplication@7bc5542a
----------------- Done invoking toplevel() on ptolemy.moml.MoMLSimpleApplication@7bc5542a
reloadAllAccessors: .GradientAdaptiveLattice

===========================================================================================
----------------- testing Wed Jul 15 15:11:33 UTC 2020 /home/travis/build/icyphy/ptII/ptolemy/actor/lib/test/auto/IIR.xml
----------------- Instantiating /home/travis/build/icyphy/ptII/ptolemy/actor/lib/test/auto/IIR.xml
1 ms. Memory: 261120K Free: 174157K (67%)
----------------- Invoking toplevel() on ptolemy.moml.MoMLSimpleApplication@354b3f
----------------- Done invoking toplevel() on ptolemy.moml.MoMLSimpleApplication@354b3f
reloadAllAccessors: .IIR

===========================================================================================
----------------- testing Wed Jul 15 15:11:33 UTC 2020 /home/travis/build/icyphy/ptII/ptolemy/actor/lib/test/auto/InputOutputTransparentPorts.xml
----------------- Instantiating /home/travis/build/icyphy/ptII/ptolemy/actor/lib/test/auto/InputOutputTransparentPorts.xml
2 ms. Memory: 261120K Free: 167005K (64%)
----------------- Invoking toplevel() on ptolemy.moml.MoMLSimpleApplication@4aec0af8
----------------- Done invoking toplevel() on ptolemy.moml.MoMLSimpleApplication@4aec0af8
reloadAllAccessors: .InputOutputTransparentPorts

===========================================================================================
----------------- testing Wed Jul 15 15:11:33 UTC 2020 /home/travis/build/icyphy/ptII/ptolemy/actor/lib/test/auto/Interpolator.xml
----------------- Instantiating /home/travis/build/icyphy/ptII/ptolemy/actor/lib/test/auto/Interpolator.xml
3 ms. Memory: 261120K Free: 163380K (63%)
----------------- Invoking toplevel() on ptolemy.moml.MoMLSimpleApplication@1a4610bd
----------------- Done invoking toplevel() on ptolemy.moml.MoMLSimpleApplication@1a4610bd
reloadAllAccessors: .Interpolator

===========================================================================================
----------------- testing Wed Jul 15 15:11:33 UTC 2020 /home/travis/build/icyphy/ptII/ptolemy/actor/lib/test/auto/InterpolatorFiringLimitDE.xml
----------------- Instantiating /home/travis/build/icyphy/ptII/ptolemy/actor/lib/test/auto/InterpolatorFiringLimitDE.xml
2 ms. Memory: 261120K Free: 157364K (60%)
----------------- Invoking toplevel() on ptolemy.moml.MoMLSimpleApplication@6d4b7733
----------------- Done invoking toplevel() on ptolemy.moml.MoMLSimpleApplication@6d4b7733
reloadAllAccessors: .InterpolatorFiringLimitDE

===========================================================================================
----------------- testing Wed Jul 15 15:11:33 UTC 2020 /home/travis/build/icyphy/ptII/ptolemy/actor/lib/test/auto/Lattice.xml
----------------- Instantiating /home/travis/build/icyphy/ptII/ptolemy/actor/lib/test/auto/Lattice.xml
1 ms. Memory: 261120K Free: 153709K (59%)
----------------- Invoking toplevel() on ptolemy.moml.MoMLSimpleApplication@3a90618c
----------------- Done invoking toplevel() on ptolemy.moml.MoMLSimpleApplication@3a90618c
reloadAllAccessors: .Lattice

===========================================================================================
----------------- testing Wed Jul 15 15:11:33 UTC 2020 /home/travis/build/icyphy/ptII/ptolemy/actor/lib/test/auto/LazyAOCTestLazy.xml
----------------- Instantiating /home/travis/build/icyphy/ptII/ptolemy/actor/lib/test/auto/LazyAOCTestLazy.xml
8 ms. Memory: 261120K Free: 147549K (57%)
----------------- Invoking toplevel() on ptolemy.moml.MoMLSimpleApplication@6c559926
----------------- Done invoking toplevel() on ptolemy.moml.MoMLSimpleApplication@6c559926
reloadAllAccessors: .LazyAOCTestLazy

===========================================================================================
----------------- testing Wed Jul 15 15:11:33 UTC 2020 /home/travis/build/icyphy/ptII/ptolemy/actor/lib/test/auto/LazyAOCTestNonLazy.xml
----------------- Instantiating /home/travis/build/icyphy/ptII/ptolemy/actor/lib/test/auto/LazyAOCTestNonLazy.xml
2 ms. Memory: 261120K Free: 141435K (54%)
----------------- Invoking toplevel() on ptolemy.moml.MoMLSimpleApplication@4d1e1676
----------------- Done invoking toplevel() on ptolemy.moml.MoMLSimpleApplication@4d1e1676
reloadAllAccessors: .LazyAOCTestNonLazy

===========================================================================================
----------------- testing Wed Jul 15 15:11:33 UTC 2020 /home/travis/build/icyphy/ptII/ptolemy/actor/lib/test/auto/LazyInnerClass.xml
----------------- Instantiating /home/travis/build/icyphy/ptII/ptolemy/actor/lib/test/auto/LazyInnerClass.xml
18 ms. Memory: 261120K Free: 132710K (51%)
----------------- Invoking toplevel() on ptolemy.moml.MoMLSimpleApplication@3e664d7d
----------------- Done invoking toplevel() on ptolemy.moml.MoMLSimpleApplication@3e664d7d
reloadAllAccessors: .LazyInnerClass

===========================================================================================
----------------- testing Wed Jul 15 15:11:33 UTC 2020 /home/travis/build/icyphy/ptII/ptolemy/actor/lib/test/auto/LazyPubSub.xml
----------------- Instantiating /home/travis/build/icyphy/ptII/ptolemy/actor/lib/test/auto/LazyPubSub.xml
16 ms. Memory: 261120K Free: 123003K (47%)
----------------- Invoking toplevel() on ptolemy.moml.MoMLSimpleApplication@740d5e9c
----------------- Done invoking toplevel() on ptolemy.moml.MoMLSimpleApplication@740d5e9c
reloadAllAccessors: .LazyPubSub

===========================================================================================
----------------- testing Wed Jul 15 15:11:33 UTC 2020 /home/travis/build/icyphy/ptII/ptolemy/actor/lib/test/auto/LazyPubSub2.xml
----------------- Instantiating /home/travis/build/icyphy/ptII/ptolemy/actor/lib/test/auto/LazyPubSub2.xml
12 ms. Memory: 261120K Free: 112763K (43%)
----------------- Invoking toplevel() on ptolemy.moml.MoMLSimpleApplication@54740400
----------------- Done invoking toplevel() on ptolemy.moml.MoMLSimpleApplication@54740400
reloadAllAccessors: .LazyPubSub2

===========================================================================================
----------------- testing Wed Jul 15 15:11:33 UTC 2020 /home/travis/build/icyphy/ptII/ptolemy/actor/lib/test/auto/LazyPubSub3.xml
----------------- Instantiating /home/travis/build/icyphy/ptII/ptolemy/actor/lib/test/auto/LazyPubSub3.xml
11 ms. Memory: 261120K Free: 103108K (39%)
----------------- Invoking toplevel() on ptolemy.moml.MoMLSimpleApplication@7cc455f
----------------- Done invoking toplevel() on ptolemy.moml.MoMLSimpleApplication@7cc455f
reloadAllAccessors: .LazyPubSub3

===========================================================================================
----------------- testing Wed Jul 15 15:11:34 UTC 2020 /home/travis/build/icyphy/ptII/ptolemy/actor/lib/test/auto/LazySubClassModel.xml
----------------- Instantiating /home/travis/build/icyphy/ptII/ptolemy/actor/lib/test/auto/LazySubClassModel.xml
1 ms. Memory: 261120K Free: 93307K (36%)
----------------- Invoking toplevel() on ptolemy.moml.MoMLSimpleApplication@2be073b
----------------- Done invoking toplevel() on ptolemy.moml.MoMLSimpleApplication@2be073b
reloadAllAccessors: .LazySubClassModel

===========================================================================================
----------------- testing Wed Jul 15 15:11:34 UTC 2020 /home/travis/build/icyphy/ptII/ptolemy/actor/lib/test/auto/LevelCrossTest1.xml
----------------- Instantiating /home/travis/build/icyphy/ptII/ptolemy/actor/lib/test/auto/LevelCrossTest1.xml
0 ms. Memory: 261120K Free: 88173K (34%)
----------------- Invoking toplevel() on ptolemy.moml.MoMLSimpleApplication@18bd6ccc
----------------- Done invoking toplevel() on ptolemy.moml.MoMLSimpleApplication@18bd6ccc
reloadAllAccessors: .broken

===========================================================================================
----------------- testing Wed Jul 15 15:11:34 UTC 2020 /home/travis/build/icyphy/ptII/ptolemy/actor/lib/test/auto/LevelCrossTest10.xml
----------------- Instantiating /home/travis/build/icyphy/ptII/ptolemy/actor/lib/test/auto/LevelCrossTest10.xml
1 ms. Memory: 261120K Free: 80558K (31%)
----------------- Invoking toplevel() on ptolemy.moml.MoMLSimpleApplication@2bde64f1
----------------- Done invoking toplevel() on ptolemy.moml.MoMLSimpleApplication@2bde64f1
reloadAllAccessors: .LevelCrossTest10

===========================================================================================
----------------- testing Wed Jul 15 15:11:34 UTC 2020 /home/travis/build/icyphy/ptII/ptolemy/actor/lib/test/auto/LevelCrossTest11.xml
----------------- Instantiating /home/travis/build/icyphy/ptII/ptolemy/actor/lib/test/auto/LevelCrossTest11.xml
1 ms. Memory: 261120K Free: 74436K (29%)
----------------- Invoking toplevel() on ptolemy.moml.MoMLSimpleApplication@ab9dfc5
----------------- Done invoking toplevel() on ptolemy.moml.MoMLSimpleApplication@ab9dfc5
reloadAllAccessors: .LevelCrossTest11

===========================================================================================
----------------- testing Wed Jul 15 15:11:34 UTC 2020 /home/travis/build/icyphy/ptII/ptolemy/actor/lib/test/auto/LevelCrossTest12.xml
----------------- Instantiating /home/travis/build/icyphy/ptII/ptolemy/actor/lib/test/auto/LevelCrossTest12.xml
1 ms. Memory: 261120K Free: 67238K (26%)
----------------- Invoking toplevel() on ptolemy.moml.MoMLSimpleApplication@524ead8b
----------------- Done invoking toplevel() on ptolemy.moml.MoMLSimpleApplication@524ead8b
reloadAllAccessors: .LevelCrossTest12

===========================================================================================
----------------- testing Wed Jul 15 15:11:34 UTC 2020 /home/travis/build/icyphy/ptII/ptolemy/actor/lib/test/auto/LevelCrossTest13.xml
----------------- Instantiating /home/travis/build/icyphy/ptII/ptolemy/actor/lib/test/auto/LevelCrossTest13.xml
0 ms. Memory: 261120K Free: 60078K (23%)
----------------- Invoking toplevel() on ptolemy.moml.MoMLSimpleApplication@5e0be333
----------------- Done invoking toplevel() on ptolemy.moml.MoMLSimpleApplication@5e0be333
reloadAllAccessors: .LevelCrossTest13

===========================================================================================
----------------- testing Wed Jul 15 15:11:34 UTC 2020 /home/travis/build/icyphy/ptII/ptolemy/actor/lib/test/auto/LevelCrossTest2.xml
----------------- Instantiating /home/travis/build/icyphy/ptII/ptolemy/actor/lib/test/auto/LevelCrossTest2.xml
1 ms. Memory: 261120K Free: 207644K (80%)
----------------- Invoking toplevel() on ptolemy.moml.MoMLSimpleApplication@5f35086
----------------- Done invoking toplevel() on ptolemy.moml.MoMLSimpleApplication@5f35086
reloadAllAccessors: .broken

===========================================================================================
----------------- testing Wed Jul 15 15:11:34 UTC 2020 /home/travis/build/icyphy/ptII/ptolemy/actor/lib/test/auto/LevelCrossTest3.xml
----------------- Instantiating /home/travis/build/icyphy/ptII/ptolemy/actor/lib/test/auto/LevelCrossTest3.xml
1 ms. Memory: 261120K Free: 201500K (77%)
----------------- Invoking toplevel() on ptolemy.moml.MoMLSimpleApplication@5bca68f7
----------------- Done invoking toplevel() on ptolemy.moml.MoMLSimpleApplication@5bca68f7
reloadAllAccessors: .LevelCrossTest3

===========================================================================================
----------------- testing Wed Jul 15 15:11:34 UTC 2020 /home/travis/build/icyphy/ptII/ptolemy/actor/lib/test/auto/LevelCrossTest4.xml
----------------- Instantiating /home/travis/build/icyphy/ptII/ptolemy/actor/lib/test/auto/LevelCrossTest4.xml
1 ms. Memory: 261120K Free: 195866K (75%)
----------------- Invoking toplevel() on ptolemy.moml.MoMLSimpleApplication@595c8854
----------------- Done invoking toplevel() on ptolemy.moml.MoMLSimpleApplication@595c8854
reloadAllAccessors: .broken

===========================================================================================
----------------- testing Wed Jul 15 15:11:34 UTC 2020 /home/travis/build/icyphy/ptII/ptolemy/actor/lib/test/auto/LevelCrossTest5.xml
----------------- Instantiating /home/travis/build/icyphy/ptII/ptolemy/actor/lib/test/auto/LevelCrossTest5.xml
0 ms. Memory: 261120K Free: 188698K (72%)
----------------- Invoking toplevel() on ptolemy.moml.MoMLSimpleApplication@6f94ee87
----------------- Done invoking toplevel() on ptolemy.moml.MoMLSimpleApplication@6f94ee87
reloadAllAccessors: .LevelCrossTest5

===========================================================================================
----------------- testing Wed Jul 15 15:11:34 UTC 2020 /home/travis/build/icyphy/ptII/ptolemy/actor/lib/test/auto/LevelCrossTest6.xml
----------------- Instantiating /home/travis/build/icyphy/ptII/ptolemy/actor/lib/test/auto/LevelCrossTest6.xml
3 ms. Memory: 261120K Free: 182554K (70%)
----------------- Invoking toplevel() on ptolemy.moml.MoMLSimpleApplication@57461307
----------------- Done invoking toplevel() on ptolemy.moml.MoMLSimpleApplication@57461307
reloadAllAccessors: .LevelCrossTest6

===========================================================================================
----------------- testing Wed Jul 15 15:11:34 UTC 2020 /home/travis/build/icyphy/ptII/ptolemy/actor/lib/test/auto/LevelCrossTest7.xml
----------------- Instantiating /home/travis/build/icyphy/ptII/ptolemy/actor/lib/test/auto/LevelCrossTest7.xml
1 ms. Memory: 261120K Free: 174362K (67%)
----------------- Invoking toplevel() on ptolemy.moml.MoMLSimpleApplication@7189df65
----------------- Done invoking toplevel() on ptolemy.moml.MoMLSimpleApplication@7189df65
reloadAllAccessors: .LevelCrossTest7

===========================================================================================
----------------- testing Wed Jul 15 15:11:34 UTC 2020 /home/travis/build/icyphy/ptII/ptolemy/actor/lib/test/auto/LevelCrossTest8.xml
----------------- Instantiating /home/travis/build/icyphy/ptII/ptolemy/actor/lib/test/auto/LevelCrossTest8.xml
1 ms. Memory: 261120K Free: 167194K (64%)
----------------- Invoking toplevel() on ptolemy.moml.MoMLSimpleApplication@41a7f457
----------------- Done invoking toplevel() on ptolemy.moml.MoMLSimpleApplication@41a7f457
reloadAllAccessors: .LevelCrossTest8

===========================================================================================
----------------- testing Wed Jul 15 15:11:34 UTC 2020 /home/travis/build/icyphy/ptII/ptolemy/actor/lib/test/auto/LevelCrossTest9.xml
----------------- Instantiating /home/travis/build/icyphy/ptII/ptolemy/actor/lib/test/auto/LevelCrossTest9.xml
1 ms. Memory: 261120K Free: 161050K (62%)
----------------- Invoking toplevel() on ptolemy.moml.MoMLSimpleApplication@5f1eed60
----------------- Done invoking toplevel() on ptolemy.moml.MoMLSimpleApplication@5f1eed60
reloadAllAccessors: .LevelCrossTest9

===========================================================================================
----------------- testing Wed Jul 15 15:11:34 UTC 2020 /home/travis/build/icyphy/ptII/ptolemy/actor/lib/test/auto/LevinsonDurbin.xml
----------------- Instantiating /home/travis/build/icyphy/ptII/ptolemy/actor/lib/test/auto/LevinsonDurbin.xml
8 ms. Memory: 261120K Free: 156954K (60%)
----------------- Invoking toplevel() on ptolemy.moml.MoMLSimpleApplication@5b76f15a
----------------- Done invoking toplevel() on ptolemy.moml.MoMLSimpleApplication@5b76f15a
reloadAllAccessors: .LevinsonDurbin

===========================================================================================
----------------- testing Wed Jul 15 15:11:34 UTC 2020 /home/travis/build/icyphy/ptII/ptolemy/actor/lib/test/auto/LevinsonDurbin2.xml
----------------- Instantiating /home/travis/build/icyphy/ptII/ptolemy/actor/lib/test/auto/LevinsonDurbin2.xml
1 ms. Memory: 261120K Free: 152858K (59%)
----------------- Invoking toplevel() on ptolemy.moml.MoMLSimpleApplication@745c7679
----------------- Done invoking toplevel() on ptolemy.moml.MoMLSimpleApplication@745c7679
reloadAllAccessors: .LevinsonDurbin2

===========================================================================================
----------------- testing Wed Jul 15 15:11:34 UTC 2020 /home/travis/build/icyphy/ptII/ptolemy/actor/lib/test/auto/LevinsonDurbin3.xml
----------------- Instantiating /home/travis/build/icyphy/ptII/ptolemy/actor/lib/test/auto/LevinsonDurbin3.xml
2 ms. Memory: 261120K Free: 149276K (57%)
----------------- Invoking toplevel() on ptolemy.moml.MoMLSimpleApplication@630941d9
----------------- Done invoking toplevel() on ptolemy.moml.MoMLSimpleApplication@630941d9
reloadAllAccessors: .LevinsonDurbin3

===========================================================================================
----------------- testing Wed Jul 15 15:11:34 UTC 2020 /home/travis/build/icyphy/ptII/ptolemy/actor/lib/test/auto/Limiter.xml
----------------- Instantiating /home/travis/build/icyphy/ptII/ptolemy/actor/lib/test/auto/Limiter.xml
5 ms. Memory: 261120K Free: 140060K (54%)
----------------- Invoking toplevel() on ptolemy.moml.MoMLSimpleApplication@7f7f7971
----------------- Done invoking toplevel() on ptolemy.moml.MoMLSimpleApplication@7f7f7971
reloadAllAccessors: .Limiter

===========================================================================================
----------------- testing Wed Jul 15 15:11:34 UTC 2020 /home/travis/build/icyphy/ptII/ptolemy/actor/lib/test/auto/LinearDifferenceEquationSystem.xml
----------------- Instantiating /home/travis/build/icyphy/ptII/ptolemy/actor/lib/test/auto/LinearDifferenceEquationSystem.xml
3 ms. Memory: 261120K Free: 132378K (51%)
----------------- Invoking toplevel() on ptolemy.moml.MoMLSimpleApplication@7295e936
----------------- Done invoking toplevel() on ptolemy.moml.MoMLSimpleApplication@7295e936
reloadAllAccessors: .LinearDifferenceEquationSystem

===========================================================================================
----------------- testing Wed Jul 15 15:11:34 UTC 2020 /home/travis/build/icyphy/ptII/ptolemy/actor/lib/test/auto/LookupTable.xml
----------------- Instantiating /home/travis/build/icyphy/ptII/ptolemy/actor/lib/test/auto/LookupTable.xml
1 ms. Memory: 261120K Free: 127772K (49%)
----------------- Invoking toplevel() on ptolemy.moml.MoMLSimpleApplication@2bba68c
----------------- Done invoking toplevel() on ptolemy.moml.MoMLSimpleApplication@2bba68c
reloadAllAccessors: .LookupTable

===========================================================================================
----------------- testing Wed Jul 15 15:11:34 UTC 2020 /home/travis/build/icyphy/ptII/ptolemy/actor/lib/test/auto/MathFunction.xml
----------------- Instantiating /home/travis/build/icyphy/ptII/ptolemy/actor/lib/test/auto/MathFunction.xml
1 ms. Memory: 261120K Free: 120090K (46%)
----------------- Invoking toplevel() on ptolemy.moml.MoMLSimpleApplication@6016cbf6
----------------- Done invoking toplevel() on ptolemy.moml.MoMLSimpleApplication@6016cbf6
reloadAllAccessors: .MathFunction

===========================================================================================
----------------- testing Wed Jul 15 15:11:34 UTC 2020 /home/travis/build/icyphy/ptII/ptolemy/actor/lib/test/auto/MathFunction2.xml
----------------- Instantiating /home/travis/build/icyphy/ptII/ptolemy/actor/lib/test/auto/MathFunction2.xml
1 ms. Memory: 261120K Free: 115994K (44%)
----------------- Invoking toplevel() on ptolemy.moml.MoMLSimpleApplication@12538d2e
----------------- Done invoking toplevel() on ptolemy.moml.MoMLSimpleApplication@12538d2e
reloadAllAccessors: .MathFunction2

===========================================================================================
----------------- testing Wed Jul 15 15:11:34 UTC 2020 /home/travis/build/icyphy/ptII/ptolemy/actor/lib/test/auto/MathFunction3.xml
----------------- Instantiating /home/travis/build/icyphy/ptII/ptolemy/actor/lib/test/auto/MathFunction3.xml
2 ms. Memory: 261120K Free: 108826K (42%)
----------------- Invoking toplevel() on ptolemy.moml.MoMLSimpleApplication@1954bfe4
----------------- Done invoking toplevel() on ptolemy.moml.MoMLSimpleApplication@1954bfe4
reloadAllAccessors: .MathFunction3

===========================================================================================
----------------- testing Wed Jul 15 15:11:34 UTC 2020 /home/travis/build/icyphy/ptII/ptolemy/actor/lib/test/auto/MatrixCropBoolean.xml
----------------- Instantiating /home/travis/build/icyphy/ptII/ptolemy/actor/lib/test/auto/MatrixCropBoolean.xml
1 ms. Memory: 261120K Free: 104220K (40%)
----------------- Invoking toplevel() on ptolemy.moml.MoMLSimpleApplication@370ac68
----------------- Done invoking toplevel() on ptolemy.moml.MoMLSimpleApplication@370ac68
reloadAllAccessors: .MatrixCropBoolean

===========================================================================================
----------------- testing Wed Jul 15 15:11:34 UTC 2020 /home/travis/build/icyphy/ptII/ptolemy/actor/lib/test/auto/MatrixCropComplex.xml
----------------- Instantiating /home/travis/build/icyphy/ptII/ptolemy/actor/lib/test/auto/MatrixCropComplex.xml
1 ms. Memory: 261120K Free: 99100K (38%)
----------------- Invoking toplevel() on ptolemy.moml.MoMLSimpleApplication@5d306146
----------------- Done invoking toplevel() on ptolemy.moml.MoMLSimpleApplication@5d306146
reloadAllAccessors: .MatrixCropComplex

===========================================================================================
----------------- testing Wed Jul 15 15:11:34 UTC 2020 /home/travis/build/icyphy/ptII/ptolemy/actor/lib/test/auto/MatrixCropDouble.xml
----------------- Instantiating /home/travis/build/icyphy/ptII/ptolemy/actor/lib/test/auto/MatrixCropDouble.xml
2 ms. Memory: 261120K Free: 93980K (36%)
----------------- Invoking toplevel() on ptolemy.moml.MoMLSimpleApplication@7d40888
----------------- Done invoking toplevel() on ptolemy.moml.MoMLSimpleApplication@7d40888
reloadAllAccessors: .MatrixCropDouble

===========================================================================================
----------------- testing Wed Jul 15 15:11:34 UTC 2020 /home/travis/build/icyphy/ptII/ptolemy/actor/lib/test/auto/MatrixCropFix.xml
----------------- Instantiating /home/travis/build/icyphy/ptII/ptolemy/actor/lib/test/auto/MatrixCropFix.xml
2 ms. Memory: 261120K Free: 88860K (34%)
----------------- Invoking toplevel() on ptolemy.moml.MoMLSimpleApplication@ed36f9
----------------- Done invoking toplevel() on ptolemy.moml.MoMLSimpleApplication@ed36f9
reloadAllAccessors: .MatrixCropFix

===========================================================================================
----------------- testing Wed Jul 15 15:11:34 UTC 2020 /home/travis/build/icyphy/ptII/ptolemy/actor/lib/test/auto/MatrixCropInt.xml
----------------- Instantiating /home/travis/build/icyphy/ptII/ptolemy/actor/lib/test/auto/MatrixCropInt.xml
1 ms. Memory: 261120K Free: 84220K (32%)
----------------- Invoking toplevel() on ptolemy.moml.MoMLSimpleApplication@365321b8
----------------- Done invoking toplevel() on ptolemy.moml.MoMLSimpleApplication@365321b8
reloadAllAccessors: .MatrixCropInt

===========================================================================================
----------------- testing Wed Jul 15 15:11:34 UTC 2020 /home/travis/build/icyphy/ptII/ptolemy/actor/lib/test/auto/MatrixCropLong.xml
----------------- Instantiating /home/travis/build/icyphy/ptII/ptolemy/actor/lib/test/auto/MatrixCropLong.xml
1 ms. Memory: 261120K Free: 79644K (31%)
----------------- Invoking toplevel() on ptolemy.moml.MoMLSimpleApplication@5d4f812b
----------------- Done invoking toplevel() on ptolemy.moml.MoMLSimpleApplication@5d4f812b
reloadAllAccessors: .MatrixCropLong

===========================================================================================
----------------- testing Wed Jul 15 15:11:34 UTC 2020 /home/travis/build/icyphy/ptII/ptolemy/actor/lib/test/auto/MatrixToArray.xml
----------------- Instantiating /home/travis/build/icyphy/ptII/ptolemy/actor/lib/test/auto/MatrixToArray.xml
5 ms. Memory: 261120K Free: 64284K (25%)
----------------- Invoking toplevel() on ptolemy.moml.MoMLSimpleApplication@3194890b
----------------- Done invoking toplevel() on ptolemy.moml.MoMLSimpleApplication@3194890b
reloadAllAccessors: .MatrixToArray

===========================================================================================
----------------- testing Wed Jul 15 15:11:34 UTC 2020 /home/travis/build/icyphy/ptII/ptolemy/actor/lib/test/auto/MaxIndex.xml
----------------- Instantiating /home/travis/build/icyphy/ptII/ptolemy/actor/lib/test/auto/MaxIndex.xml
2 ms. Memory: 261120K Free: 59164K (23%)
----------------- Invoking toplevel() on ptolemy.moml.MoMLSimpleApplication@409819fe
----------------- Done invoking toplevel() on ptolemy.moml.MoMLSimpleApplication@409819fe
reloadAllAccessors: .MaxIndex

===========================================================================================
----------------- testing Wed Jul 15 15:11:34 UTC 2020 /home/travis/build/icyphy/ptII/ptolemy/actor/lib/test/auto/Maximum.xml
----------------- Instantiating /home/travis/build/icyphy/ptII/ptolemy/actor/lib/test/auto/Maximum.xml
5 ms. Memory: 261120K Free: 206388K (79%)
----------------- Invoking toplevel() on ptolemy.moml.MoMLSimpleApplication@43e7758f
----------------- Done invoking toplevel() on ptolemy.moml.MoMLSimpleApplication@43e7758f
reloadAllAccessors: .Maximum

===========================================================================================
----------------- testing Wed Jul 15 15:11:34 UTC 2020 /home/travis/build/icyphy/ptII/ptolemy/actor/lib/test/auto/MaximumComplex.xml
----------------- Instantiating /home/travis/build/icyphy/ptII/ptolemy/actor/lib/test/auto/MaximumComplex.xml
5 ms. Memory: 261120K Free: 200244K (77%)
----------------- Invoking toplevel() on ptolemy.moml.MoMLSimpleApplication@425133df
----------------- Done invoking toplevel() on ptolemy.moml.MoMLSimpleApplication@425133df
reloadAllAccessors: .MaximumComplex

===========================================================================================
----------------- testing Wed Jul 15 15:11:34 UTC 2020 /home/travis/build/icyphy/ptII/ptolemy/actor/lib/test/auto/MethodCallTest.xml
----------------- Instantiating /home/travis/build/icyphy/ptII/ptolemy/actor/lib/test/auto/MethodCallTest.xml
2 ms. Memory: 261120K Free: 193586K (74%)
----------------- Invoking toplevel() on ptolemy.moml.MoMLSimpleApplication@41a3a759
----------------- Done invoking toplevel() on ptolemy.moml.MoMLSimpleApplication@41a3a759
reloadAllAccessors: .MethodCallTest

===========================================================================================
----------------- testing Wed Jul 15 15:11:34 UTC 2020 /home/travis/build/icyphy/ptII/ptolemy/actor/lib/test/auto/Minimum.xml
----------------- Instantiating /home/travis/build/icyphy/ptII/ptolemy/actor/lib/test/auto/Minimum.xml
2 ms. Memory: 261120K Free: 187427K (72%)
----------------- Invoking toplevel() on ptolemy.moml.MoMLSimpleApplication@5f0c6ada
----------------- Done invoking toplevel() on ptolemy.moml.MoMLSimpleApplication@5f0c6ada
reloadAllAccessors: .Minimum

===========================================================================================
----------------- testing Wed Jul 15 15:11:34 UTC 2020 /home/travis/build/icyphy/ptII/ptolemy/actor/lib/test/auto/MinimumComplex.xml
----------------- Instantiating /home/travis/build/icyphy/ptII/ptolemy/actor/lib/test/auto/MinimumComplex.xml
3 ms. Memory: 261120K Free: 181283K (69%)
----------------- Invoking toplevel() on ptolemy.moml.MoMLSimpleApplication@4b9bcd4a
----------------- Done invoking toplevel() on ptolemy.moml.MoMLSimpleApplication@4b9bcd4a
reloadAllAccessors: .MinimumComplex

===========================================================================================
----------------- testing Wed Jul 15 15:11:34 UTC 2020 /home/travis/build/icyphy/ptII/ptolemy/actor/lib/test/auto/MinimumMultiports.xml
----------------- Instantiating /home/travis/build/icyphy/ptII/ptolemy/actor/lib/test/auto/MinimumMultiports.xml
3 ms. Memory: 261120K Free: 173091K (66%)
----------------- Invoking toplevel() on ptolemy.moml.MoMLSimpleApplication@5c35297d
----------------- Done invoking toplevel() on ptolemy.moml.MoMLSimpleApplication@5c35297d
reloadAllAccessors: .MinimumMultiports

===========================================================================================
----------------- testing Wed Jul 15 15:11:34 UTC 2020 /home/travis/build/icyphy/ptII/ptolemy/actor/lib/test/auto/ModifyDate.xml
----------------- Instantiating /home/travis/build/icyphy/ptII/ptolemy/actor/lib/test/auto/ModifyDate.xml
8 ms. Memory: 261120K Free: 160308K (61%)
----------------- Invoking toplevel() on ptolemy.moml.MoMLSimpleApplication@46795e38
----------------- Done invoking toplevel() on ptolemy.moml.MoMLSimpleApplication@46795e38
reloadAllAccessors: .ModifyDate

===========================================================================================
----------------- testing Wed Jul 15 15:11:34 UTC 2020 /home/travis/build/icyphy/ptII/ptolemy/actor/lib/test/auto/ModifyDate2.xml
----------------- Instantiating /home/travis/build/icyphy/ptII/ptolemy/actor/lib/test/auto/ModifyDate2.xml
2 ms. Memory: 261120K Free: 151602K (58%)
----------------- Invoking toplevel() on ptolemy.moml.MoMLSimpleApplication@79eb5c7a
----------------- Done invoking toplevel() on ptolemy.moml.MoMLSimpleApplication@79eb5c7a
reloadAllAccessors: .ModifyDate2

===========================================================================================
----------------- testing Wed Jul 15 15:11:34 UTC 2020 /home/travis/build/icyphy/ptII/ptolemy/actor/lib/test/auto/MovingAverage.xml
----------------- Instantiating /home/travis/build/icyphy/ptII/ptolemy/actor/lib/test/auto/MovingAverage.xml
1 ms. Memory: 261120K Free: 146482K (56%)
----------------- Invoking toplevel() on ptolemy.moml.MoMLSimpleApplication@92533a0
----------------- Done invoking toplevel() on ptolemy.moml.MoMLSimpleApplication@92533a0
reloadAllAccessors: .MovingAverage

===========================================================================================
----------------- testing Wed Jul 15 15:11:34 UTC 2020 /home/travis/build/icyphy/ptII/ptolemy/actor/lib/test/auto/MovingMaximum.xml
----------------- Instantiating /home/travis/build/icyphy/ptII/ptolemy/actor/lib/test/auto/MovingMaximum.xml
1 ms. Memory: 261120K Free: 142386K (55%)
----------------- Invoking toplevel() on ptolemy.moml.MoMLSimpleApplication@24bbc7eb
----------------- Done invoking toplevel() on ptolemy.moml.MoMLSimpleApplication@24bbc7eb
reloadAllAccessors: .MovingMaximum

===========================================================================================
----------------- testing Wed Jul 15 15:11:34 UTC 2020 /home/travis/build/icyphy/ptII/ptolemy/actor/lib/test/auto/MultipleLinksToSameRelation.xml
----------------- Instantiating /home/travis/build/icyphy/ptII/ptolemy/actor/lib/test/auto/MultipleLinksToSameRelation.xml
4 ms. Memory: 261120K Free: 138290K (53%)
----------------- Invoking toplevel() on ptolemy.moml.MoMLSimpleApplication@767fd2e
----------------- Done invoking toplevel() on ptolemy.moml.MoMLSimpleApplication@767fd2e
reloadAllAccessors: .MultipleLinksToSameRelation

===========================================================================================
----------------- testing Wed Jul 15 15:11:34 UTC 2020 /home/travis/build/icyphy/ptII/ptolemy/actor/lib/test/auto/MultipleLinksToSameRelationDE.xml
----------------- Instantiating /home/travis/build/icyphy/ptII/ptolemy/actor/lib/test/auto/MultipleLinksToSameRelationDE.xml
2 ms. Memory: 261120K Free: 133684K (51%)
----------------- Invoking toplevel() on ptolemy.moml.MoMLSimpleApplication@7c024110
----------------- Done invoking toplevel() on ptolemy.moml.MoMLSimpleApplication@7c024110
reloadAllAccessors: .MultipleLinksToSameRelationDE

===========================================================================================
----------------- testing Wed Jul 15 15:11:34 UTC 2020 /home/travis/build/icyphy/ptII/ptolemy/actor/lib/test/auto/Multiplexor.xml
----------------- Instantiating /home/travis/build/icyphy/ptII/ptolemy/actor/lib/test/auto/Multiplexor.xml
2 ms. Memory: 261120K Free: 128050K (49%)
----------------- Invoking toplevel() on ptolemy.moml.MoMLSimpleApplication@4c28a09c
----------------- Done invoking toplevel() on ptolemy.moml.MoMLSimpleApplication@4c28a09c
reloadAllAccessors: .Multiplexor

===========================================================================================
----------------- testing Wed Jul 15 15:11:34 UTC 2020 /home/travis/build/icyphy/ptII/ptolemy/actor/lib/test/auto/Multiplexor1.xml
----------------- Instantiating /home/travis/build/icyphy/ptII/ptolemy/actor/lib/test/auto/Multiplexor1.xml
1 ms. Memory: 261120K Free: 122420K (47%)
----------------- Invoking toplevel() on ptolemy.moml.MoMLSimpleApplication@faf4b18
----------------- Done invoking toplevel() on ptolemy.moml.MoMLSimpleApplication@faf4b18
reloadAllAccessors: .Multiplexor1

===========================================================================================
----------------- testing Wed Jul 15 15:11:34 UTC 2020 /home/travis/build/icyphy/ptII/ptolemy/actor/lib/test/auto/Multiplexor2.xml
----------------- Instantiating /home/travis/build/icyphy/ptII/ptolemy/actor/lib/test/auto/Multiplexor2.xml
5 ms. Memory: 261120K Free: 116276K (45%)
----------------- Invoking toplevel() on ptolemy.moml.MoMLSimpleApplication@4176810
----------------- Done invoking toplevel() on ptolemy.moml.MoMLSimpleApplication@4176810
reloadAllAccessors: .Multiplexor2

===========================================================================================
----------------- testing Wed Jul 15 15:11:34 UTC 2020 /home/travis/build/icyphy/ptII/ptolemy/actor/lib/test/auto/Multiplexor3.xml
----------------- Instantiating /home/travis/build/icyphy/ptII/ptolemy/actor/lib/test/auto/Multiplexor3.xml
1 ms. Memory: 261120K Free: 112180K (43%)
----------------- Invoking toplevel() on ptolemy.moml.MoMLSimpleApplication@52895dad
----------------- Done invoking toplevel() on ptolemy.moml.MoMLSimpleApplication@52895dad
reloadAllAccessors: .Multiplexor3

===========================================================================================
----------------- testing Wed Jul 15 15:11:34 UTC 2020 /home/travis/build/icyphy/ptII/ptolemy/actor/lib/test/auto/MultiplexorDE.xml
----------------- Instantiating /home/travis/build/icyphy/ptII/ptolemy/actor/lib/test/auto/MultiplexorDE.xml
2 ms. Memory: 261120K Free: 104483K (40%)
----------------- Invoking toplevel() on ptolemy.moml.MoMLSimpleApplication@7b41a890
----------------- Done invoking toplevel() on ptolemy.moml.MoMLSimpleApplication@7b41a890
reloadAllAccessors: .MultiplexorDE

===========================================================================================
----------------- testing Wed Jul 15 15:11:34 UTC 2020 /home/travis/build/icyphy/ptII/ptolemy/actor/lib/test/auto/MultiportBroadcastTest.xml
----------------- Instantiating /home/travis/build/icyphy/ptII/ptolemy/actor/lib/test/auto/MultiportBroadcastTest.xml
82 ms. Memory: 261120K Free: 98347K (38%)
----------------- Invoking toplevel() on ptolemy.moml.MoMLSimpleApplication@3a5bc9dc
----------------- Done invoking toplevel() on ptolemy.moml.MoMLSimpleApplication@3a5bc9dc
reloadAllAccessors: .MultiportBroadcastTest

===========================================================================================
----------------- testing Wed Jul 15 15:11:34 UTC 2020 /home/travis/build/icyphy/ptII/ptolemy/actor/lib/test/auto/MultiportOutHangDuringGetWidth.xml
----------------- Instantiating /home/travis/build/icyphy/ptII/ptolemy/actor/lib/test/auto/MultiportOutHangDuringGetWidth.xml
4 ms. Memory: 261120K Free: 85556K (33%)
----------------- Invoking toplevel() on ptolemy.moml.MoMLSimpleApplication@7d850cc6
----------------- Done invoking toplevel() on ptolemy.moml.MoMLSimpleApplication@7d850cc6
reloadAllAccessors: .MultiportOutHangDuringGetWidth

===========================================================================================
----------------- testing Wed Jul 15 15:11:34 UTC 2020 /home/travis/build/icyphy/ptII/ptolemy/actor/lib/test/auto/NilToken.xml
----------------- Instantiating /home/travis/build/icyphy/ptII/ptolemy/actor/lib/test/auto/NilToken.xml
1 ms. Memory: 261120K Free: 81970K (31%)
----------------- Invoking toplevel() on ptolemy.moml.MoMLSimpleApplication@3d4c6cd3
----------------- Done invoking toplevel() on ptolemy.moml.MoMLSimpleApplication@3d4c6cd3
reloadAllAccessors: .NilToken

===========================================================================================
----------------- testing Wed Jul 15 15:11:34 UTC 2020 /home/travis/build/icyphy/ptII/ptolemy/actor/lib/test/auto/NilTokenNonStrictTest.xml
----------------- Instantiating /home/travis/build/icyphy/ptII/ptolemy/actor/lib/test/auto/NilTokenNonStrictTest.xml
1 ms. Memory: 261120K Free: 77364K (30%)
----------------- Invoking toplevel() on ptolemy.moml.MoMLSimpleApplication@61f6faf6
----------------- Done invoking toplevel() on ptolemy.moml.MoMLSimpleApplication@61f6faf6
reloadAllAccessors: .NilTokenNonStrictTest

===========================================================================================
----------------- testing Wed Jul 15 15:11:34 UTC 2020 /home/travis/build/icyphy/ptII/ptolemy/actor/lib/test/auto/NilTokenRecord.xml
----------------- Instantiating /home/travis/build/icyphy/ptII/ptolemy/actor/lib/test/auto/NilTokenRecord.xml
5 ms. Memory: 261120K Free: 70706K (27%)
----------------- Invoking toplevel() on ptolemy.moml.MoMLSimpleApplication@15873fb8
----------------- Done invoking toplevel() on ptolemy.moml.MoMLSimpleApplication@15873fb8
reloadAllAccessors: .NilTokenRecord

===========================================================================================
----------------- testing Wed Jul 15 15:11:35 UTC 2020 /home/travis/build/icyphy/ptII/ptolemy/actor/lib/test/auto/NilTokenTypeTest.xml
----------------- Instantiating /home/travis/build/icyphy/ptII/ptolemy/actor/lib/test/auto/NilTokenTypeTest.xml
10 ms. Memory: 261120K Free: 60980K (23%)
----------------- Invoking toplevel() on ptolemy.moml.MoMLSimpleApplication@6208bf44
----------------- Done invoking toplevel() on ptolemy.moml.MoMLSimpleApplication@6208bf44
reloadAllAccessors: .NilTokenTypeTest

===========================================================================================
----------------- testing Wed Jul 15 15:11:35 UTC 2020 /home/travis/build/icyphy/ptII/ptolemy/actor/lib/test/auto/ObjectToken1.xml
----------------- Instantiating /home/travis/build/icyphy/ptII/ptolemy/actor/lib/test/auto/ObjectToken1.xml
2 ms. Memory: 261120K Free: 210155K (80%)
----------------- Invoking toplevel() on ptolemy.moml.MoMLSimpleApplication@7affb66d
----------------- Done invoking toplevel() on ptolemy.moml.MoMLSimpleApplication@7affb66d
reloadAllAccessors: .ObjectToken1

===========================================================================================
----------------- testing Wed Jul 15 15:11:35 UTC 2020 /home/travis/build/icyphy/ptII/ptolemy/actor/lib/test/auto/OrderedMerge.xml
----------------- Instantiating /home/travis/build/icyphy/ptII/ptolemy/actor/lib/test/auto/OrderedMerge.xml
7 ms. Memory: 261120K Free: 204266K (78%)
----------------- Invoking toplevel() on ptolemy.moml.MoMLSimpleApplication@4da8d9dc
----------------- Done invoking toplevel() on ptolemy.moml.MoMLSimpleApplication@4da8d9dc
reloadAllAccessors: .OrderedMerge

===========================================================================================
----------------- testing Wed Jul 15 15:11:35 UTC 2020 /home/travis/build/icyphy/ptII/ptolemy/actor/lib/test/auto/OrderedRecordDisassembler.xml
----------------- Instantiating /home/travis/build/icyphy/ptII/ptolemy/actor/lib/test/auto/OrderedRecordDisassembler.xml
2 ms. Memory: 261120K Free: 199116K (76%)
----------------- Invoking toplevel() on ptolemy.moml.MoMLSimpleApplication@1ad2483e
----------------- Done invoking toplevel() on ptolemy.moml.MoMLSimpleApplication@1ad2483e
reloadAllAccessors: .OrderedRecordDisassembler

===========================================================================================
----------------- testing Wed Jul 15 15:11:35 UTC 2020 /home/travis/build/icyphy/ptII/ptolemy/actor/lib/test/auto/OrderedRecordDisassembler2.xml
----------------- Instantiating /home/travis/build/icyphy/ptII/ptolemy/actor/lib/test/auto/OrderedRecordDisassembler2.xml
4 ms. Memory: 261120K Free: 191468K (73%)
----------------- Invoking toplevel() on ptolemy.moml.MoMLSimpleApplication@22282705
----------------- Done invoking toplevel() on ptolemy.moml.MoMLSimpleApplication@22282705
reloadAllAccessors: .OrderedRecordDisassembler2

===========================================================================================
----------------- testing Wed Jul 15 15:11:35 UTC 2020 /home/travis/build/icyphy/ptII/ptolemy/actor/lib/test/auto/OrderedRecordUpdater.xml
----------------- Instantiating /home/travis/build/icyphy/ptII/ptolemy/actor/lib/test/auto/OrderedRecordUpdater.xml
1 ms. Memory: 261120K Free: 186858K (72%)
----------------- Invoking toplevel() on ptolemy.moml.MoMLSimpleApplication@6d375a12
----------------- Done invoking toplevel() on ptolemy.moml.MoMLSimpleApplication@6d375a12
reloadAllAccessors: .RecordUpdater

===========================================================================================
----------------- testing Wed Jul 15 15:11:35 UTC 2020 /home/travis/build/icyphy/ptII/ptolemy/actor/lib/test/auto/OrderedRecordUpdater2.xml
----------------- Instantiating /home/travis/build/icyphy/ptII/ptolemy/actor/lib/test/auto/OrderedRecordUpdater2.xml
2 ms. Memory: 261120K Free: 181738K (70%)
----------------- Invoking toplevel() on ptolemy.moml.MoMLSimpleApplication@b0ba704
----------------- Done invoking toplevel() on ptolemy.moml.MoMLSimpleApplication@b0ba704
reloadAllAccessors: .RecordUpdater2

===========================================================================================
----------------- testing Wed Jul 15 15:11:35 UTC 2020 /home/travis/build/icyphy/ptII/ptolemy/actor/lib/test/auto/PhaseUnwrap.xml
----------------- Instantiating /home/travis/build/icyphy/ptII/ptolemy/actor/lib/test/auto/PhaseUnwrap.xml
1 ms. Memory: 261120K Free: 177132K (68%)
----------------- Invoking toplevel() on ptolemy.moml.MoMLSimpleApplication@77d69505
----------------- Done invoking toplevel() on ptolemy.moml.MoMLSimpleApplication@77d69505
reloadAllAccessors: .PhaseUnwrap

===========================================================================================
----------------- testing Wed Jul 15 15:11:35 UTC 2020 /home/travis/build/icyphy/ptII/ptolemy/actor/lib/test/auto/PoissonClock.xml
----------------- Instantiating /home/travis/build/icyphy/ptII/ptolemy/actor/lib/test/auto/PoissonClock.xml
1 ms. Memory: 261120K Free: 173036K (66%)
----------------- Invoking toplevel() on ptolemy.moml.MoMLSimpleApplication@5afb8941
----------------- Done invoking toplevel() on ptolemy.moml.MoMLSimpleApplication@5afb8941
reloadAllAccessors: .PoissonClock

===========================================================================================
----------------- testing Wed Jul 15 15:11:35 UTC 2020 /home/travis/build/icyphy/ptII/ptolemy/actor/lib/test/auto/PoissonClock2.xml
----------------- Instantiating /home/travis/build/icyphy/ptII/ptolemy/actor/lib/test/auto/PoissonClock2.xml
1 ms. Memory: 261120K Free: 168426K (65%)
----------------- Invoking toplevel() on ptolemy.moml.MoMLSimpleApplication@161c121e
----------------- Done invoking toplevel() on ptolemy.moml.MoMLSimpleApplication@161c121e
reloadAllAccessors: .PoissonClock2

===========================================================================================
----------------- testing Wed Jul 15 15:11:35 UTC 2020 /home/travis/build/icyphy/ptII/ptolemy/actor/lib/test/auto/PoissonClock3.xml
----------------- Instantiating /home/travis/build/icyphy/ptII/ptolemy/actor/lib/test/auto/PoissonClock3.xml
1 ms. Memory: 261120K Free: 163820K (63%)
----------------- Invoking toplevel() on ptolemy.moml.MoMLSimpleApplication@6e77beb3
----------------- Done invoking toplevel() on ptolemy.moml.MoMLSimpleApplication@6e77beb3
reloadAllAccessors: .PoissonClock3

===========================================================================================
----------------- testing Wed Jul 15 15:11:35 UTC 2020 /home/travis/build/icyphy/ptII/ptolemy/actor/lib/test/auto/PubSubWithInitialTokens.xml
----------------- Instantiating /home/travis/build/icyphy/ptII/ptolemy/actor/lib/test/auto/PubSubWithInitialTokens.xml
2 ms. Memory: 261120K Free: 158700K (61%)
----------------- Invoking toplevel() on ptolemy.moml.MoMLSimpleApplication@10bb51ea
----------------- Done invoking toplevel() on ptolemy.moml.MoMLSimpleApplication@10bb51ea
reloadAllAccessors: .PubSubWithInitialTokens

===========================================================================================
----------------- testing Wed Jul 15 15:11:35 UTC 2020 /home/travis/build/icyphy/ptII/ptolemy/actor/lib/test/auto/PubSubWithInitialTokens2.xml
----------------- Instantiating /home/travis/build/icyphy/ptII/ptolemy/actor/lib/test/auto/PubSubWithInitialTokens2.xml
2 ms. Memory: 261120K Free: 152556K (58%)
----------------- Invoking toplevel() on ptolemy.moml.MoMLSimpleApplication@2193afd4
----------------- Done invoking toplevel() on ptolemy.moml.MoMLSimpleApplication@2193afd4
reloadAllAccessors: .PubSubWithInitialTokens2

===========================================================================================
----------------- testing Wed Jul 15 15:11:35 UTC 2020 /home/travis/build/icyphy/ptII/ptolemy/actor/lib/test/auto/PublisherClassNoParameter.xml
----------------- Instantiating /home/travis/build/icyphy/ptII/ptolemy/actor/lib/test/auto/PublisherClassNoParameter.xml
2 ms. Memory: 261120K Free: 142826K (55%)
----------------- Invoking toplevel() on ptolemy.moml.MoMLSimpleApplication@7f8664e0
----------------- Done invoking toplevel() on ptolemy.moml.MoMLSimpleApplication@7f8664e0
reloadAllAccessors: .PublisherClassNoParameter

===========================================================================================
----------------- testing Wed Jul 15 15:11:35 UTC 2020 /home/travis/build/icyphy/ptII/ptolemy/actor/lib/test/auto/PublisherClassParameter.xml
----------------- Instantiating /home/travis/build/icyphy/ptII/ptolemy/actor/lib/test/auto/PublisherClassParameter.xml
1 ms. Memory: 261120K Free: 132572K (51%)
----------------- Invoking toplevel() on ptolemy.moml.MoMLSimpleApplication@30b8d8cc
----------------- Done invoking toplevel() on ptolemy.moml.MoMLSimpleApplication@30b8d8cc
reloadAllAccessors: .PublisherClassParameter

===========================================================================================
----------------- testing Wed Jul 15 15:11:35 UTC 2020 /home/travis/build/icyphy/ptII/ptolemy/actor/lib/test/auto/PublisherNonStrictTest.xml
----------------- Instantiating /home/travis/build/icyphy/ptII/ptolemy/actor/lib/test/auto/PublisherNonStrictTest.xml
2 ms. Memory: 261120K Free: 124908K (48%)
----------------- Invoking toplevel() on ptolemy.moml.MoMLSimpleApplication@63849515
----------------- Done invoking toplevel() on ptolemy.moml.MoMLSimpleApplication@63849515
reloadAllAccessors: .PublisherNonStrictTest

===========================================================================================
----------------- testing Wed Jul 15 15:11:35 UTC 2020 /home/travis/build/icyphy/ptII/ptolemy/actor/lib/test/auto/PublisherPort1.xml
----------------- Instantiating /home/travis/build/icyphy/ptII/ptolemy/actor/lib/test/auto/PublisherPort1.xml
10 ms. Memory: 261120K Free: 119260K (46%)
----------------- Invoking toplevel() on ptolemy.moml.MoMLSimpleApplication@556aeb14
----------------- Done invoking toplevel() on ptolemy.moml.MoMLSimpleApplication@556aeb14
reloadAllAccessors: .PublisherPort1

===========================================================================================
----------------- testing Wed Jul 15 15:11:35 UTC 2020 /home/travis/build/icyphy/ptII/ptolemy/actor/lib/test/auto/PublisherPort2.xml
----------------- Instantiating /home/travis/build/icyphy/ptII/ptolemy/actor/lib/test/auto/PublisherPort2.xml
1 ms. Memory: 261120K Free: 114154K (44%)
----------------- Invoking toplevel() on ptolemy.moml.MoMLSimpleApplication@1da70575
----------------- Done invoking toplevel() on ptolemy.moml.MoMLSimpleApplication@1da70575
reloadAllAccessors: .PublisherPort2

===========================================================================================
----------------- testing Wed Jul 15 15:11:35 UTC 2020 /home/travis/build/icyphy/ptII/ptolemy/actor/lib/test/auto/PublisherPort3.xml
----------------- Instantiating /home/travis/build/icyphy/ptII/ptolemy/actor/lib/test/auto/PublisherPort3.xml
5 ms. Memory: 261120K Free: 107980K (41%)
----------------- Invoking toplevel() on ptolemy.moml.MoMLSimpleApplication@5d7102cf
----------------- Done invoking toplevel() on ptolemy.moml.MoMLSimpleApplication@5d7102cf
reloadAllAccessors: .PublisherPort3

===========================================================================================
----------------- testing Wed Jul 15 15:11:35 UTC 2020 /home/travis/build/icyphy/ptII/ptolemy/actor/lib/test/auto/PublisherPort4.xml
----------------- Instantiating /home/travis/build/icyphy/ptII/ptolemy/actor/lib/test/auto/PublisherPort4.xml
2 ms. Memory: 261120K Free: 102380K (39%)
----------------- Invoking toplevel() on ptolemy.moml.MoMLSimpleApplication@501c6e08
----------------- Done invoking toplevel() on ptolemy.moml.MoMLSimpleApplication@501c6e08
reloadAllAccessors: .PublisherPort4

===========================================================================================
----------------- testing Wed Jul 15 15:11:35 UTC 2020 /home/travis/build/icyphy/ptII/ptolemy/actor/lib/test/auto/PublisherPort5.xml
----------------- Instantiating /home/travis/build/icyphy/ptII/ptolemy/actor/lib/test/auto/PublisherPort5.xml
3 ms. Memory: 261120K Free: 94698K (36%)
----------------- Invoking toplevel() on ptolemy.moml.MoMLSimpleApplication@12e74f4a
----------------- Done invoking toplevel() on ptolemy.moml.MoMLSimpleApplication@12e74f4a
reloadAllAccessors: .PublisherPort5

===========================================================================================
----------------- testing Wed Jul 15 15:11:35 UTC 2020 /home/travis/build/icyphy/ptII/ptolemy/actor/lib/test/auto/PublisherPort5LookAlike.xml
----------------- Instantiating /home/travis/build/icyphy/ptII/ptolemy/actor/lib/test/auto/PublisherPort5LookAlike.xml
6 ms. Memory: 261120K Free: 87020K (33%)
----------------- Invoking toplevel() on ptolemy.moml.MoMLSimpleApplication@92932d6
----------------- Done invoking toplevel() on ptolemy.moml.MoMLSimpleApplication@92932d6
reloadAllAccessors: .PublisherPort5LookAlike

===========================================================================================
----------------- testing Wed Jul 15 15:11:35 UTC 2020 /home/travis/build/icyphy/ptII/ptolemy/actor/lib/test/auto/PublisherPort6.xml
----------------- Instantiating /home/travis/build/icyphy/ptII/ptolemy/actor/lib/test/auto/PublisherPort6.xml
2 ms. Memory: 261120K Free: 80362K (31%)
----------------- Invoking toplevel() on ptolemy.moml.MoMLSimpleApplication@39ac9374
----------------- Done invoking toplevel() on ptolemy.moml.MoMLSimpleApplication@39ac9374
reloadAllAccessors: .PublisherPort6

===========================================================================================
----------------- testing Wed Jul 15 15:11:35 UTC 2020 /home/travis/build/icyphy/ptII/ptolemy/actor/lib/test/auto/PublisherPort7.xml
----------------- Instantiating /home/travis/build/icyphy/ptII/ptolemy/actor/lib/test/auto/PublisherPort7.xml
3 ms. Memory: 261120K Free: 72684K (28%)
----------------- Invoking toplevel() on ptolemy.moml.MoMLSimpleApplication@6faaced5
----------------- Done invoking toplevel() on ptolemy.moml.MoMLSimpleApplication@6faaced5
reloadAllAccessors: .PublisherPort7

===========================================================================================
----------------- testing Wed Jul 15 15:11:35 UTC 2020 /home/travis/build/icyphy/ptII/ptolemy/actor/lib/test/auto/PublisherPort8.xml
----------------- Instantiating /home/travis/build/icyphy/ptII/ptolemy/actor/lib/test/auto/PublisherPort8.xml
10 ms. Memory: 261120K Free: 63978K (25%)
----------------- Invoking toplevel() on ptolemy.moml.MoMLSimpleApplication@4ebdd237
----------------- Done invoking toplevel() on ptolemy.moml.MoMLSimpleApplication@4ebdd237
reloadAllAccessors: .PublisherPort8

===========================================================================================
----------------- testing Wed Jul 15 15:11:35 UTC 2020 /home/travis/build/icyphy/ptII/ptolemy/actor/lib/test/auto/PublisherPortSubscriberChannelVariablesAOC2.xml
----------------- Instantiating /home/travis/build/icyphy/ptII/ptolemy/actor/lib/test/auto/PublisherPortSubscriberChannelVariablesAOC2.xml
3 ms. Memory: 261120K Free: 198393K (76%)
----------------- Invoking toplevel() on ptolemy.moml.MoMLSimpleApplication@2990c135
----------------- Done invoking toplevel() on ptolemy.moml.MoMLSimpleApplication@2990c135
reloadAllAccessors: .PublisherPortSubscriberChannelVariablesAOC2

===========================================================================================
----------------- testing Wed Jul 15 15:11:35 UTC 2020 /home/travis/build/icyphy/ptII/ptolemy/actor/lib/test/auto/PublisherPortSubscriberOpaqueWidthInference.xml
----------------- Instantiating /home/travis/build/icyphy/ptII/ptolemy/actor/lib/test/auto/PublisherPortSubscriberOpaqueWidthInference.xml
3 ms. Memory: 261120K Free: 190697K (73%)
----------------- Invoking toplevel() on ptolemy.moml.MoMLSimpleApplication@29195d5f
----------------- Done invoking toplevel() on ptolemy.moml.MoMLSimpleApplication@29195d5f
reloadAllAccessors: .PublisherPortSubscriberOpaqueWidthInference

===========================================================================================
----------------- testing Wed Jul 15 15:11:35 UTC 2020 /home/travis/build/icyphy/ptII/ptolemy/actor/lib/test/auto/PublisherPortSubscriberPortAdjacent.xml
----------------- Instantiating /home/travis/build/icyphy/ptII/ptolemy/actor/lib/test/auto/PublisherPortSubscriberPortAdjacent.xml
2 ms. Memory: 261120K Free: 182519K (70%)
----------------- Invoking toplevel() on ptolemy.moml.MoMLSimpleApplication@a38fd80
----------------- Done invoking toplevel() on ptolemy.moml.MoMLSimpleApplication@a38fd80
reloadAllAccessors: .PublisherPortSubscriberPortAdjacent

===========================================================================================
----------------- testing Wed Jul 15 15:11:35 UTC 2020 /home/travis/build/icyphy/ptII/ptolemy/actor/lib/test/auto/PublisherPortSubscriberPortExpression.xml
----------------- Instantiating /home/travis/build/icyphy/ptII/ptolemy/actor/lib/test/auto/PublisherPortSubscriberPortExpression.xml
3 ms. Memory: 261120K Free: 174841K (67%)
----------------- Invoking toplevel() on ptolemy.moml.MoMLSimpleApplication@52252398
----------------- Done invoking toplevel() on ptolemy.moml.MoMLSimpleApplication@52252398
reloadAllAccessors: .PublisherPortSubscriberPortExpression

===========================================================================================
----------------- testing Wed Jul 15 15:11:35 UTC 2020 /home/travis/build/icyphy/ptII/ptolemy/actor/lib/test/auto/PublisherPortSubscriberPortOpaqueD3Reverse.xml
----------------- Instantiating /home/travis/build/icyphy/ptII/ptolemy/actor/lib/test/auto/PublisherPortSubscriberPortOpaqueD3Reverse.xml
5 ms. Memory: 261120K Free: 164601K (63%)
----------------- Invoking toplevel() on ptolemy.moml.MoMLSimpleApplication@57a4f129
----------------- Done invoking toplevel() on ptolemy.moml.MoMLSimpleApplication@57a4f129
reloadAllAccessors: .PublisherPortSubscriberPortOpaqueD3Reverse

===========================================================================================
----------------- testing Wed Jul 15 15:11:35 UTC 2020 /home/travis/build/icyphy/ptII/ptolemy/actor/lib/test/auto/PublisherPortSubscriberPortOpaqueWidthInference.xml
----------------- Instantiating /home/travis/build/icyphy/ptII/ptolemy/actor/lib/test/auto/PublisherPortSubscriberPortOpaqueWidthInference.xml
3 ms. Memory: 261120K Free: 156905K (60%)
----------------- Invoking toplevel() on ptolemy.moml.MoMLSimpleApplication@71c8e4b8
----------------- Done invoking toplevel() on ptolemy.moml.MoMLSimpleApplication@71c8e4b8
reloadAllAccessors: .PublisherPortSubscriberPortOpaqueWidthInference

===========================================================================================
----------------- testing Wed Jul 15 15:11:35 UTC 2020 /home/travis/build/icyphy/ptII/ptolemy/actor/lib/test/auto/PublisherPortToplevelSubscriberPortAOC.xml
----------------- Instantiating /home/travis/build/icyphy/ptII/ptolemy/actor/lib/test/auto/PublisherPortToplevelSubscriberPortAOC.xml
.PublisherPortToplevelSubscriberPortAOC.TestExceptionAttribute: initialize() was not invoked, but wrapup() was.  This is unusual, but not always a problem.  For example, exporting JNLP will do this.
1 ms. Memory: 261120K Free: 151289K (58%)
----------------- Invoking toplevel() on ptolemy.moml.MoMLSimpleApplication@20bbe46a
----------------- Done invoking toplevel() on ptolemy.moml.MoMLSimpleApplication@20bbe46a
reloadAllAccessors: .PublisherPortToplevelSubscriberPortAOC

===========================================================================================
----------------- testing Wed Jul 15 15:11:35 UTC 2020 /home/travis/build/icyphy/ptII/ptolemy/actor/lib/test/auto/PublisherSubscriber.xml
----------------- Instantiating /home/travis/build/icyphy/ptII/ptolemy/actor/lib/test/auto/PublisherSubscriber.xml
2 ms. Memory: 261120K Free: 143577K (55%)
----------------- Invoking toplevel() on ptolemy.moml.MoMLSimpleApplication@5ae39fd
----------------- Done invoking toplevel() on ptolemy.moml.MoMLSimpleApplication@5ae39fd
reloadAllAccessors: .PublisherSubscriber

===========================================================================================
----------------- testing Wed Jul 15 15:11:35 UTC 2020 /home/travis/build/icyphy/ptII/ptolemy/actor/lib/test/auto/PublisherSubscriber10.xml
----------------- Instantiating /home/travis/build/icyphy/ptII/ptolemy/actor/lib/test/auto/PublisherSubscriber10.xml
6 ms. Memory: 261120K Free: 133881K (51%)
----------------- Invoking toplevel() on ptolemy.moml.MoMLSimpleApplication@4b3c3caa
----------------- Done invoking toplevel() on ptolemy.moml.MoMLSimpleApplication@4b3c3caa
reloadAllAccessors: .PublisherSubscriber10

===========================================================================================
----------------- testing Wed Jul 15 15:11:35 UTC 2020 /home/travis/build/icyphy/ptII/ptolemy/actor/lib/test/auto/PublisherSubscriber10InitialOutputs.xml
----------------- Instantiating /home/travis/build/icyphy/ptII/ptolemy/actor/lib/test/auto/PublisherSubscriber10InitialOutputs.xml
14 ms. Memory: 261120K Free: 124665K (48%)
----------------- Invoking toplevel() on ptolemy.moml.MoMLSimpleApplication@255a6d8d
----------------- Done invoking toplevel() on ptolemy.moml.MoMLSimpleApplication@255a6d8d
reloadAllAccessors: .PublisherSubscriber10InitialOutputs

===========================================================================================
----------------- testing Wed Jul 15 15:11:35 UTC 2020 /home/travis/build/icyphy/ptII/ptolemy/actor/lib/test/auto/PublisherSubscriber11.xml
----------------- Instantiating /home/travis/build/icyphy/ptII/ptolemy/actor/lib/test/auto/PublisherSubscriber11.xml
2 ms. Memory: 261120K Free: 118521K (45%)
----------------- Invoking toplevel() on ptolemy.moml.MoMLSimpleApplication@564575e0
----------------- Done invoking toplevel() on ptolemy.moml.MoMLSimpleApplication@564575e0
reloadAllAccessors: .PublisherSubscriber11

===========================================================================================
----------------- testing Wed Jul 15 15:11:35 UTC 2020 /home/travis/build/icyphy/ptII/ptolemy/actor/lib/test/auto/PublisherSubscriber12.xml
----------------- Instantiating /home/travis/build/icyphy/ptII/ptolemy/actor/lib/test/auto/PublisherSubscriber12.xml
4 ms. Memory: 261120K Free: 111863K (43%)
----------------- Invoking toplevel() on ptolemy.moml.MoMLSimpleApplication@763950d
----------------- Done invoking toplevel() on ptolemy.moml.MoMLSimpleApplication@763950d
reloadAllAccessors: .PublisherSubscriber12

===========================================================================================
----------------- testing Wed Jul 15 15:11:35 UTC 2020 /home/travis/build/icyphy/ptII/ptolemy/actor/lib/test/auto/PublisherSubscriber13.xml
----------------- Instantiating /home/travis/build/icyphy/ptII/ptolemy/actor/lib/test/auto/PublisherSubscriber13.xml
2 ms. Memory: 261120K Free: 106233K (41%)
----------------- Invoking toplevel() on ptolemy.moml.MoMLSimpleApplication@1445b3ea
----------------- Done invoking toplevel() on ptolemy.moml.MoMLSimpleApplication@1445b3ea
reloadAllAccessors: .PublisherSubscriber13

===========================================================================================
----------------- testing Wed Jul 15 15:11:35 UTC 2020 /home/travis/build/icyphy/ptII/ptolemy/actor/lib/test/auto/PublisherSubscriber14.xml
----------------- Instantiating /home/travis/build/icyphy/ptII/ptolemy/actor/lib/test/auto/PublisherSubscriber14.xml
2 ms. Memory: 261120K Free: 97497K (37%)
----------------- Invoking toplevel() on ptolemy.moml.MoMLSimpleApplication@62c964d2
----------------- Done invoking toplevel() on ptolemy.moml.MoMLSimpleApplication@62c964d2
reloadAllAccessors: .PublisherSubscriber14

===========================================================================================
----------------- testing Wed Jul 15 15:11:35 UTC 2020 /home/travis/build/icyphy/ptII/ptolemy/actor/lib/test/auto/PublisherSubscriber2.xml
----------------- Instantiating /home/travis/build/icyphy/ptII/ptolemy/actor/lib/test/auto/PublisherSubscriber2.xml
3 ms. Memory: 261120K Free: 91897K (35%)
----------------- Invoking toplevel() on ptolemy.moml.MoMLSimpleApplication@19f36181
----------------- Done invoking toplevel() on ptolemy.moml.MoMLSimpleApplication@19f36181
reloadAllAccessors: .PublisherSubscriber2

===========================================================================================
----------------- testing Wed Jul 15 15:11:35 UTC 2020 /home/travis/build/icyphy/ptII/ptolemy/actor/lib/test/auto/PublisherSubscriber3.xml
----------------- Instantiating /home/travis/build/icyphy/ptII/ptolemy/actor/lib/test/auto/PublisherSubscriber3.xml
1 ms. Memory: 261120K Free: 86249K (33%)
----------------- Invoking toplevel() on ptolemy.moml.MoMLSimpleApplication@b3c3651
----------------- Done invoking toplevel() on ptolemy.moml.MoMLSimpleApplication@b3c3651
reloadAllAccessors: .PublisherSubscriber3

===========================================================================================
----------------- testing Wed Jul 15 15:11:35 UTC 2020 /home/travis/build/icyphy/ptII/ptolemy/actor/lib/test/auto/PublisherSubscriber4.xml
----------------- Instantiating /home/travis/build/icyphy/ptII/ptolemy/actor/lib/test/auto/PublisherSubscriber4.xml
1 ms. Memory: 261120K Free: 81129K (31%)
----------------- Invoking toplevel() on ptolemy.moml.MoMLSimpleApplication@444ae82c
----------------- Done invoking toplevel() on ptolemy.moml.MoMLSimpleApplication@444ae82c
reloadAllAccessors: .PublisherSubscriber4

===========================================================================================
----------------- testing Wed Jul 15 15:11:35 UTC 2020 /home/travis/build/icyphy/ptII/ptolemy/actor/lib/test/auto/PublisherSubscriber5.xml
----------------- Instantiating /home/travis/build/icyphy/ptII/ptolemy/actor/lib/test/auto/PublisherSubscriber5.xml
2 ms. Memory: 261120K Free: 74489K (29%)
----------------- Invoking toplevel() on ptolemy.moml.MoMLSimpleApplication@771bfe59
----------------- Done invoking toplevel() on ptolemy.moml.MoMLSimpleApplication@771bfe59
reloadAllAccessors: .PublisherSubscriber5

===========================================================================================
----------------- testing Wed Jul 15 15:11:35 UTC 2020 /home/travis/build/icyphy/ptII/ptolemy/actor/lib/test/auto/PublisherSubscriber6.xml
----------------- Instantiating /home/travis/build/icyphy/ptII/ptolemy/actor/lib/test/auto/PublisherSubscriber6.xml
3 ms. Memory: 261120K Free: 67825K (26%)
----------------- Invoking toplevel() on ptolemy.moml.MoMLSimpleApplication@1999a006
----------------- Done invoking toplevel() on ptolemy.moml.MoMLSimpleApplication@1999a006
reloadAllAccessors: .PublisherSubscriber6

===========================================================================================
----------------- testing Wed Jul 15 15:11:35 UTC 2020 /home/travis/build/icyphy/ptII/ptolemy/actor/lib/test/auto/PublisherSubscriber7.xml
----------------- Instantiating /home/travis/build/icyphy/ptII/ptolemy/actor/lib/test/auto/PublisherSubscriber7.xml
6 ms. Memory: 261120K Free: 61177K (23%)
----------------- Invoking toplevel() on ptolemy.moml.MoMLSimpleApplication@35ef996b
----------------- Done invoking toplevel() on ptolemy.moml.MoMLSimpleApplication@35ef996b
reloadAllAccessors: .PublisherSubscriber7

===========================================================================================
----------------- testing Wed Jul 15 15:11:35 UTC 2020 /home/travis/build/icyphy/ptII/ptolemy/actor/lib/test/auto/PublisherSubscriber8.xml
----------------- Instantiating /home/travis/build/icyphy/ptII/ptolemy/actor/lib/test/auto/PublisherSubscriber8.xml
16 ms. Memory: 261120K Free: 202183K (77%)
----------------- Invoking toplevel() on ptolemy.moml.MoMLSimpleApplication@2e85fcc1
----------------- Done invoking toplevel() on ptolemy.moml.MoMLSimpleApplication@2e85fcc1
reloadAllAccessors: .PublisherSubscriber8

===========================================================================================
----------------- testing Wed Jul 15 15:11:35 UTC 2020 /home/travis/build/icyphy/ptII/ptolemy/actor/lib/test/auto/PublisherSubscriber9.xml
----------------- Instantiating /home/travis/build/icyphy/ptII/ptolemy/actor/lib/test/auto/PublisherSubscriber9.xml
2 ms. Memory: 261120K Free: 195001K (75%)
----------------- Invoking toplevel() on ptolemy.moml.MoMLSimpleApplication@49b23a93
----------------- Done invoking toplevel() on ptolemy.moml.MoMLSimpleApplication@49b23a93
reloadAllAccessors: .PublisherSubscriber9

===========================================================================================
----------------- testing Wed Jul 15 15:11:35 UTC 2020 /home/travis/build/icyphy/ptII/ptolemy/actor/lib/test/auto/PublisherSubscriberAdjacent.xml
----------------- Instantiating /home/travis/build/icyphy/ptII/ptolemy/actor/lib/test/auto/PublisherSubscriberAdjacent.xml
1 ms. Memory: 261120K Free: 186313K (71%)
----------------- Invoking toplevel() on ptolemy.moml.MoMLSimpleApplication@1808dd7e
----------------- Done invoking toplevel() on ptolemy.moml.MoMLSimpleApplication@1808dd7e
reloadAllAccessors: .PublisherSubscriberAdjacent

===========================================================================================
----------------- testing Wed Jul 15 15:11:35 UTC 2020 /home/travis/build/icyphy/ptII/ptolemy/actor/lib/test/auto/PublisherSubscriberChannelVariablesAOC2.xml
----------------- Instantiating /home/travis/build/icyphy/ptII/ptolemy/actor/lib/test/auto/PublisherSubscriberChannelVariablesAOC2.xml
3 ms. Memory: 261120K Free: 171977K (66%)
----------------- Invoking toplevel() on ptolemy.moml.MoMLSimpleApplication@22c40e37
----------------- Done invoking toplevel() on ptolemy.moml.MoMLSimpleApplication@22c40e37
reloadAllAccessors: .PublisherSubscriberChannelVariablesAOC2

===========================================================================================
----------------- testing Wed Jul 15 15:11:35 UTC 2020 /home/travis/build/icyphy/ptII/ptolemy/actor/lib/test/auto/PublisherSubscriberD3.xml
----------------- Instantiating /home/travis/build/icyphy/ptII/ptolemy/actor/lib/test/auto/PublisherSubscriberD3.xml
2 ms. Memory: 261120K Free: 164809K (63%)
----------------- Invoking toplevel() on ptolemy.moml.MoMLSimpleApplication@7ca3b3b3
----------------- Done invoking toplevel() on ptolemy.moml.MoMLSimpleApplication@7ca3b3b3
reloadAllAccessors: .PublisherSubscriberD3

===========================================================================================
----------------- testing Wed Jul 15 15:11:35 UTC 2020 /home/travis/build/icyphy/ptII/ptolemy/actor/lib/test/auto/PublisherSubscriberD3Reverse.xml
----------------- Instantiating /home/travis/build/icyphy/ptII/ptolemy/actor/lib/test/auto/PublisherSubscriberD3Reverse.xml
1 ms. Memory: 261120K Free: 158665K (61%)
----------------- Invoking toplevel() on ptolemy.moml.MoMLSimpleApplication@16cbdf79
----------------- Done invoking toplevel() on ptolemy.moml.MoMLSimpleApplication@16cbdf79
reloadAllAccessors: .PublisherSubscriberD3Reverse

===========================================================================================
----------------- testing Wed Jul 15 15:11:35 UTC 2020 /home/travis/build/icyphy/ptII/ptolemy/actor/lib/test/auto/PublisherSubscriberExpression.xml
----------------- Instantiating /home/travis/build/icyphy/ptII/ptolemy/actor/lib/test/auto/PublisherSubscriberExpression.xml
3 ms. Memory: 261120K Free: 150473K (58%)
----------------- Invoking toplevel() on ptolemy.moml.MoMLSimpleApplication@4b765067
----------------- Done invoking toplevel() on ptolemy.moml.MoMLSimpleApplication@4b765067
reloadAllAccessors: .PublisherSubscriberExpression

===========================================================================================
----------------- testing Wed Jul 15 15:11:35 UTC 2020 /home/travis/build/icyphy/ptII/ptolemy/actor/lib/test/auto/PublisherSubscriberOpaque.xml
----------------- Instantiating /home/travis/build/icyphy/ptII/ptolemy/actor/lib/test/auto/PublisherSubscriberOpaque.xml
15 ms. Memory: 261120K Free: 141767K (54%)
----------------- Invoking toplevel() on ptolemy.moml.MoMLSimpleApplication@5c842971
----------------- Done invoking toplevel() on ptolemy.moml.MoMLSimpleApplication@5c842971
reloadAllAccessors: .PublisherSubscriberOpaque

===========================================================================================
----------------- testing Wed Jul 15 15:11:35 UTC 2020 /home/travis/build/icyphy/ptII/ptolemy/actor/lib/test/auto/PublisherSubscriberOpaqueD3.xml
----------------- Instantiating /home/travis/build/icyphy/ptII/ptolemy/actor/lib/test/auto/PublisherSubscriberOpaqueD3.xml
4 ms. Memory: 261120K Free: 130503K (50%)
----------------- Invoking toplevel() on ptolemy.moml.MoMLSimpleApplication@2c7da46c
----------------- Done invoking toplevel() on ptolemy.moml.MoMLSimpleApplication@2c7da46c
reloadAllAccessors: .PublisherSubscriberOpaqueD3

===========================================================================================
----------------- testing Wed Jul 15 15:11:35 UTC 2020 /home/travis/build/icyphy/ptII/ptolemy/actor/lib/test/auto/PublisherSubscriberOpaqueD3Reverse.xml
----------------- Instantiating /home/travis/build/icyphy/ptII/ptolemy/actor/lib/test/auto/PublisherSubscriberOpaqueD3Reverse.xml
6 ms. Memory: 261120K Free: 119753K (46%)
----------------- Invoking toplevel() on ptolemy.moml.MoMLSimpleApplication@2099b05b
----------------- Done invoking toplevel() on ptolemy.moml.MoMLSimpleApplication@2099b05b
reloadAllAccessors: .PublisherSubscriberOpaqueD3Reverse

===========================================================================================
----------------- testing Wed Jul 15 15:11:36 UTC 2020 /home/travis/build/icyphy/ptII/ptolemy/actor/lib/test/auto/PublisherSubscriberOpaqueWidthInference.xml
----------------- Instantiating /home/travis/build/icyphy/ptII/ptolemy/actor/lib/test/auto/PublisherSubscriberOpaqueWidthInference.xml
4 ms. Memory: 261120K Free: 111561K (43%)
----------------- Invoking toplevel() on ptolemy.moml.MoMLSimpleApplication@6425d12f
----------------- Done invoking toplevel() on ptolemy.moml.MoMLSimpleApplication@6425d12f
reloadAllAccessors: .PublisherSubscriberOpaqueWidthInference

===========================================================================================
----------------- testing Wed Jul 15 15:11:36 UTC 2020 /home/travis/build/icyphy/ptII/ptolemy/actor/lib/test/auto/PublisherTestSubscriber.xml
----------------- Instantiating /home/travis/build/icyphy/ptII/ptolemy/actor/lib/test/auto/PublisherTestSubscriber.xml
2 ms. Memory: 261120K Free: 103873K (40%)
----------------- Invoking toplevel() on ptolemy.moml.MoMLSimpleApplication@3a4d2acf
----------------- Done invoking toplevel() on ptolemy.moml.MoMLSimpleApplication@3a4d2acf
reloadAllAccessors: .PublisherTestSubscriber

===========================================================================================
----------------- testing Wed Jul 15 15:11:36 UTC 2020 /home/travis/build/icyphy/ptII/ptolemy/actor/lib/test/auto/PublisherToplevelSubscriberPortAOC.xml
----------------- Instantiating /home/travis/build/icyphy/ptII/ptolemy/actor/lib/test/auto/PublisherToplevelSubscriberPortAOC.xml
1 ms. Memory: 261120K Free: 97729K (37%)
----------------- Invoking toplevel() on ptolemy.moml.MoMLSimpleApplication@32d552dc
----------------- Done invoking toplevel() on ptolemy.moml.MoMLSimpleApplication@32d552dc
reloadAllAccessors: .PublisherToplevelSubscriberPortAOC

===========================================================================================
----------------- testing Wed Jul 15 15:11:36 UTC 2020 /home/travis/build/icyphy/ptII/ptolemy/actor/lib/test/auto/PulseFiringLimitDE.xml
----------------- Instantiating /home/travis/build/icyphy/ptII/ptolemy/actor/lib/test/auto/PulseFiringLimitDE.xml
2 ms. Memory: 261120K Free: 91591K (35%)
----------------- Invoking toplevel() on ptolemy.moml.MoMLSimpleApplication@121d3579
----------------- Done invoking toplevel() on ptolemy.moml.MoMLSimpleApplication@121d3579
reloadAllAccessors: .PulseFiringLimitDE

===========================================================================================
----------------- testing Wed Jul 15 15:11:36 UTC 2020 /home/travis/build/icyphy/ptII/ptolemy/actor/lib/test/auto/Ramp1.xml
----------------- Instantiating /home/travis/build/icyphy/ptII/ptolemy/actor/lib/test/auto/Ramp1.xml
1 ms. Memory: 261120K Free: 87481K (34%)
----------------- Invoking toplevel() on ptolemy.moml.MoMLSimpleApplication@5918275f
----------------- Done invoking toplevel() on ptolemy.moml.MoMLSimpleApplication@5918275f
reloadAllAccessors: .Ramp1

===========================================================================================
----------------- testing Wed Jul 15 15:11:36 UTC 2020 /home/travis/build/icyphy/ptII/ptolemy/actor/lib/test/auto/RampFiringLimitDE.xml
----------------- Instantiating /home/travis/build/icyphy/ptII/ptolemy/actor/lib/test/auto/RampFiringLimitDE.xml
2 ms. Memory: 261120K Free: 81337K (31%)
----------------- Invoking toplevel() on ptolemy.moml.MoMLSimpleApplication@194e0441
----------------- Done invoking toplevel() on ptolemy.moml.MoMLSimpleApplication@194e0441
reloadAllAccessors: .RampFiringLimitDE

===========================================================================================
----------------- testing Wed Jul 15 15:11:36 UTC 2020 /home/travis/build/icyphy/ptII/ptolemy/actor/lib/test/auto/RampFiringLimitSDF.xml
----------------- Instantiating /home/travis/build/icyphy/ptII/ptolemy/actor/lib/test/auto/RampFiringLimitSDF.xml
2 ms. Memory: 261120K Free: 76217K (29%)
----------------- Invoking toplevel() on ptolemy.moml.MoMLSimpleApplication@60a1fdb2
----------------- Done invoking toplevel() on ptolemy.moml.MoMLSimpleApplication@60a1fdb2
reloadAllAccessors: .RampFiringLimitSDF

===========================================================================================
----------------- testing Wed Jul 15 15:11:36 UTC 2020 /home/travis/build/icyphy/ptII/ptolemy/actor/lib/test/auto/RandomInteger.xml
----------------- Instantiating /home/travis/build/icyphy/ptII/ptolemy/actor/lib/test/auto/RandomInteger.xml
1 ms. Memory: 261120K Free: 72135K (28%)
----------------- Invoking toplevel() on ptolemy.moml.MoMLSimpleApplication@3a186b77
----------------- Done invoking toplevel() on ptolemy.moml.MoMLSimpleApplication@3a186b77
reloadAllAccessors: .RandomInteger

===========================================================================================
----------------- testing Wed Jul 15 15:11:36 UTC 2020 /home/travis/build/icyphy/ptII/ptolemy/actor/lib/test/auto/ReadFile1.xml
----------------- Instantiating /home/travis/build/icyphy/ptII/ptolemy/actor/lib/test/auto/ReadFile1.xml
1 ms. Memory: 261120K Free: 67529K (26%)
----------------- Invoking toplevel() on ptolemy.moml.MoMLSimpleApplication@5992c455
----------------- Done invoking toplevel() on ptolemy.moml.MoMLSimpleApplication@5992c455
reloadAllAccessors: .ReadFile1

===========================================================================================
----------------- testing Wed Jul 15 15:11:36 UTC 2020 /home/travis/build/icyphy/ptII/ptolemy/actor/lib/test/auto/ReadFile2.xml
----------------- Instantiating /home/travis/build/icyphy/ptII/ptolemy/actor/lib/test/auto/ReadFile2.xml
0 ms. Memory: 261120K Free: 63433K (24%)
----------------- Invoking toplevel() on ptolemy.moml.MoMLSimpleApplication@ece1b46
----------------- Done invoking toplevel() on ptolemy.moml.MoMLSimpleApplication@ece1b46
reloadAllAccessors: .ReadFile2

===========================================================================================
----------------- testing Wed Jul 15 15:11:36 UTC 2020 /home/travis/build/icyphy/ptII/ptolemy/actor/lib/test/auto/Reader.xml
----------------- Instantiating /home/travis/build/icyphy/ptII/ptolemy/actor/lib/test/auto/Reader.xml
actor.lib.Reader is obsolete, use actor.lib.io.ExpressionReader instead
1 ms. Memory: 261120K Free: 59337K (23%)
----------------- Invoking toplevel() on ptolemy.moml.MoMLSimpleApplication@7e4ced76
----------------- Done invoking toplevel() on ptolemy.moml.MoMLSimpleApplication@7e4ced76
reloadAllAccessors: .Reader

===========================================================================================
----------------- testing Wed Jul 15 15:11:36 UTC 2020 /home/travis/build/icyphy/ptII/ptolemy/actor/lib/test/auto/RecordAssemblerDisplayNameTest.xml
----------------- Instantiating /home/travis/build/icyphy/ptII/ptolemy/actor/lib/test/auto/RecordAssemblerDisplayNameTest.xml
2774 ms. Memory: 261120K Free: 103108K (39%)
----------------- Invoking toplevel() on ptolemy.moml.MoMLSimpleApplication@10290d7
----------------- Done invoking toplevel() on ptolemy.moml.MoMLSimpleApplication@10290d7
reloadAllAccessors: .RecordAssemblerDisplayNameTest

===========================================================================================
----------------- testing Wed Jul 15 15:11:38 UTC 2020 /home/travis/build/icyphy/ptII/ptolemy/actor/lib/test/auto/RecordAssemblerTypeError.xml
----------------- Instantiating /home/travis/build/icyphy/ptII/ptolemy/actor/lib/test/auto/RecordAssemblerTypeError.xml
13 ms. Memory: 261120K Free: 93378K (36%)
----------------- Invoking toplevel() on ptolemy.moml.MoMLSimpleApplication@1f57761e
----------------- Done invoking toplevel() on ptolemy.moml.MoMLSimpleApplication@1f57761e
reloadAllAccessors: .RecordAssemblerTypeError

===========================================================================================
----------------- testing Wed Jul 15 15:11:38 UTC 2020 /home/travis/build/icyphy/ptII/ptolemy/actor/lib/test/auto/RecordDisassember.xml
----------------- Instantiating /home/travis/build/icyphy/ptII/ptolemy/actor/lib/test/auto/RecordDisassember.xml
5 ms. Memory: 261120K Free: 88772K (34%)
----------------- Invoking toplevel() on ptolemy.moml.MoMLSimpleApplication@31e8d49d
----------------- Done invoking toplevel() on ptolemy.moml.MoMLSimpleApplication@31e8d49d
reloadAllAccessors: .RecordDisassember

===========================================================================================
----------------- testing Wed Jul 15 15:11:39 UTC 2020 /home/travis/build/icyphy/ptII/ptolemy/actor/lib/test/auto/RecordDisassemberDisplayNameTest.xml
----------------- Instantiating /home/travis/build/icyphy/ptII/ptolemy/actor/lib/test/auto/RecordDisassemberDisplayNameTest.xml
11 ms. Memory: 261120K Free: 80580K (31%)
----------------- Invoking toplevel() on ptolemy.moml.MoMLSimpleApplication@6af3693c
----------------- Done invoking toplevel() on ptolemy.moml.MoMLSimpleApplication@6af3693c
reloadAllAccessors: .RecordDisassemberDisplayNameTest

===========================================================================================
----------------- testing Wed Jul 15 15:11:39 UTC 2020 /home/travis/build/icyphy/ptII/ptolemy/actor/lib/test/auto/RecordDisassembler.xml
----------------- Instantiating /home/travis/build/icyphy/ptII/ptolemy/actor/lib/test/auto/RecordDisassembler.xml
3 ms. Memory: 261120K Free: 75460K (29%)
----------------- Invoking toplevel() on ptolemy.moml.MoMLSimpleApplication@1856b61c
----------------- Done invoking toplevel() on ptolemy.moml.MoMLSimpleApplication@1856b61c
reloadAllAccessors: .RecordDisassembler

===========================================================================================
----------------- testing Wed Jul 15 15:11:39 UTC 2020 /home/travis/build/icyphy/ptII/ptolemy/actor/lib/test/auto/RecordDisassembler2.xml
----------------- Instantiating /home/travis/build/icyphy/ptII/ptolemy/actor/lib/test/auto/RecordDisassembler2.xml
4 ms. Memory: 261120K Free: 70340K (27%)
----------------- Invoking toplevel() on ptolemy.moml.MoMLSimpleApplication@615e382b
----------------- Done invoking toplevel() on ptolemy.moml.MoMLSimpleApplication@615e382b
reloadAllAccessors: .RecordDisassembler2

===========================================================================================
----------------- testing Wed Jul 15 15:11:39 UTC 2020 /home/travis/build/icyphy/ptII/ptolemy/actor/lib/test/auto/RecordUpdater.xml
----------------- Instantiating /home/travis/build/icyphy/ptII/ptolemy/actor/lib/test/auto/RecordUpdater.xml
1 ms. Memory: 261120K Free: 65730K (25%)
----------------- Invoking toplevel() on ptolemy.moml.MoMLSimpleApplication@19a00916
----------------- Done invoking toplevel() on ptolemy.moml.MoMLSimpleApplication@19a00916
reloadAllAccessors: .RecordUpdater

===========================================================================================
----------------- testing Wed Jul 15 15:11:39 UTC 2020 /home/travis/build/icyphy/ptII/ptolemy/actor/lib/test/auto/RecordUpdater2.xml
----------------- Instantiating /home/travis/build/icyphy/ptII/ptolemy/actor/lib/test/auto/RecordUpdater2.xml
2 ms. Memory: 261120K Free: 60610K (23%)
----------------- Invoking toplevel() on ptolemy.moml.MoMLSimpleApplication@313413a3
----------------- Done invoking toplevel() on ptolemy.moml.MoMLSimpleApplication@313413a3
reloadAllAccessors: .RecordUpdater2

===========================================================================================
----------------- testing Wed Jul 15 15:11:39 UTC 2020 /home/travis/build/icyphy/ptII/ptolemy/actor/lib/test/auto/RecursiveLattice.xml
----------------- Instantiating /home/travis/build/icyphy/ptII/ptolemy/actor/lib/test/auto/RecursiveLattice.xml
10 ms. Memory: 261120K Free: 211385K (81%)
----------------- Invoking toplevel() on ptolemy.moml.MoMLSimpleApplication@5bbdca1c
----------------- Done invoking toplevel() on ptolemy.moml.MoMLSimpleApplication@5bbdca1c
reloadAllAccessors: .RecursiveLattice

===========================================================================================
----------------- testing Wed Jul 15 15:11:39 UTC 2020 /home/travis/build/icyphy/ptII/ptolemy/actor/lib/test/auto/Router.xml
----------------- Instantiating /home/travis/build/icyphy/ptII/ptolemy/actor/lib/test/auto/Router.xml
3004 ms. Memory: 261120K Free: 199611K (76%)
----------------- Invoking toplevel() on ptolemy.moml.MoMLSimpleApplication@7aa97ec3
----------------- Done invoking toplevel() on ptolemy.moml.MoMLSimpleApplication@7aa97ec3
reloadAllAccessors: .Router

===========================================================================================
----------------- testing Wed Jul 15 15:11:42 UTC 2020 /home/travis/build/icyphy/ptII/ptolemy/actor/lib/test/auto/Router2.xml
----------------- Instantiating /home/travis/build/icyphy/ptII/ptolemy/actor/lib/test/auto/Router2.xml
3004 ms. Memory: 261120K Free: 188857K (72%)
----------------- Invoking toplevel() on ptolemy.moml.MoMLSimpleApplication@37389d06
----------------- Done invoking toplevel() on ptolemy.moml.MoMLSimpleApplication@37389d06
reloadAllAccessors: .Router2

===========================================================================================
----------------- testing Wed Jul 15 15:11:45 UTC 2020 /home/travis/build/icyphy/ptII/ptolemy/actor/lib/test/auto/RunningMaximum.xml
----------------- Instantiating /home/travis/build/icyphy/ptII/ptolemy/actor/lib/test/auto/RunningMaximum.xml
1 ms. Memory: 261120K Free: 184251K (71%)
----------------- Invoking toplevel() on ptolemy.moml.MoMLSimpleApplication@6c32bcd9
----------------- Done invoking toplevel() on ptolemy.moml.MoMLSimpleApplication@6c32bcd9
reloadAllAccessors: .RunningMaximum

===========================================================================================
----------------- testing Wed Jul 15 15:11:45 UTC 2020 /home/travis/build/icyphy/ptII/ptolemy/actor/lib/test/auto/RunningMinimum.xml
----------------- Instantiating /home/travis/build/icyphy/ptII/ptolemy/actor/lib/test/auto/RunningMinimum.xml
10 ms. Memory: 261120K Free: 179641K (69%)
----------------- Invoking toplevel() on ptolemy.moml.MoMLSimpleApplication@7e7df1df
----------------- Done invoking toplevel() on ptolemy.moml.MoMLSimpleApplication@7e7df1df
reloadAllAccessors: .RunningMinimum

===========================================================================================
----------------- testing Wed Jul 15 15:11:45 UTC 2020 /home/travis/build/icyphy/ptII/ptolemy/actor/lib/test/auto/Scale.xml
----------------- Instantiating /home/travis/build/icyphy/ptII/ptolemy/actor/lib/test/auto/Scale.xml
1 ms. Memory: 261120K Free: 175035K (67%)
----------------- Invoking toplevel() on ptolemy.moml.MoMLSimpleApplication@6b3f666b
----------------- Done invoking toplevel() on ptolemy.moml.MoMLSimpleApplication@6b3f666b
reloadAllAccessors: .Scale

===========================================================================================
----------------- testing Wed Jul 15 15:11:45 UTC 2020 /home/travis/build/icyphy/ptII/ptolemy/actor/lib/test/auto/Scale2.xml
----------------- Instantiating /home/travis/build/icyphy/ptII/ptolemy/actor/lib/test/auto/Scale2.xml
6 ms. Memory: 261120K Free: 169915K (65%)
----------------- Invoking toplevel() on ptolemy.moml.MoMLSimpleApplication@1e4378f5
----------------- Done invoking toplevel() on ptolemy.moml.MoMLSimpleApplication@1e4378f5
reloadAllAccessors: .Scale2

===========================================================================================
----------------- testing Wed Jul 15 15:11:45 UTC 2020 /home/travis/build/icyphy/ptII/ptolemy/actor/lib/test/auto/Scale3.xml
----------------- Instantiating /home/travis/build/icyphy/ptII/ptolemy/actor/lib/test/auto/Scale3.xml
3 ms. Memory: 261120K Free: 163771K (63%)
----------------- Invoking toplevel() on ptolemy.moml.MoMLSimpleApplication@671d23d3
----------------- Done invoking toplevel() on ptolemy.moml.MoMLSimpleApplication@671d23d3
reloadAllAccessors: .Scale3

===========================================================================================
----------------- testing Wed Jul 15 15:11:45 UTC 2020 /home/travis/build/icyphy/ptII/ptolemy/actor/lib/test/auto/ScaleArray.xml
----------------- Instantiating /home/travis/build/icyphy/ptII/ptolemy/actor/lib/test/auto/ScaleArray.xml
2 ms. Memory: 261120K Free: 159161K (61%)
----------------- Invoking toplevel() on ptolemy.moml.MoMLSimpleApplication@4c471852
----------------- Done invoking toplevel() on ptolemy.moml.MoMLSimpleApplication@4c471852
reloadAllAccessors: .ScaleArray

===========================================================================================
----------------- testing Wed Jul 15 15:11:45 UTC 2020 /home/travis/build/icyphy/ptII/ptolemy/actor/lib/test/auto/ScaleArray2.xml
----------------- Instantiating /home/travis/build/icyphy/ptII/ptolemy/actor/lib/test/auto/ScaleArray2.xml
1 ms. Memory: 261120K Free: 154555K (59%)
----------------- Invoking toplevel() on ptolemy.moml.MoMLSimpleApplication@67760f31
----------------- Done invoking toplevel() on ptolemy.moml.MoMLSimpleApplication@67760f31
reloadAllAccessors: .ScaleArray2

===========================================================================================
----------------- testing Wed Jul 15 15:11:45 UTC 2020 /home/travis/build/icyphy/ptII/ptolemy/actor/lib/test/auto/ScaleMatrix.xml
----------------- Instantiating /home/travis/build/icyphy/ptII/ptolemy/actor/lib/test/auto/ScaleMatrix.xml
128 ms. Memory: 261120K Free: 142777K (55%)
----------------- Invoking toplevel() on ptolemy.moml.MoMLSimpleApplication@d1995d3
----------------- Done invoking toplevel() on ptolemy.moml.MoMLSimpleApplication@d1995d3
reloadAllAccessors: .ScaleMatrix

===========================================================================================
----------------- testing Wed Jul 15 15:11:45 UTC 2020 /home/travis/build/icyphy/ptII/ptolemy/actor/lib/test/auto/Select.xml
----------------- Instantiating /home/travis/build/icyphy/ptII/ptolemy/actor/lib/test/auto/Select.xml
2 ms. Memory: 261120K Free: 136627K (52%)
----------------- Invoking toplevel() on ptolemy.moml.MoMLSimpleApplication@6a488642
----------------- Done invoking toplevel() on ptolemy.moml.MoMLSimpleApplication@6a488642
reloadAllAccessors: .Select

===========================================================================================
----------------- testing Wed Jul 15 15:11:45 UTC 2020 /home/travis/build/icyphy/ptII/ptolemy/actor/lib/test/auto/Select2.xml
----------------- Instantiating /home/travis/build/icyphy/ptII/ptolemy/actor/lib/test/auto/Select2.xml
1 ms. Memory: 261120K Free: 132027K (51%)
----------------- Invoking toplevel() on ptolemy.moml.MoMLSimpleApplication@a668617
----------------- Done invoking toplevel() on ptolemy.moml.MoMLSimpleApplication@a668617
reloadAllAccessors: .Select2

===========================================================================================
----------------- testing Wed Jul 15 15:11:45 UTC 2020 /home/travis/build/icyphy/ptII/ptolemy/actor/lib/test/auto/SequenceToArray2.xml
----------------- Instantiating /home/travis/build/icyphy/ptII/ptolemy/actor/lib/test/auto/SequenceToArray2.xml
102 ms. Memory: 261120K Free: 107947K (41%)
----------------- Invoking toplevel() on ptolemy.moml.MoMLSimpleApplication@1505ce99
----------------- Done invoking toplevel() on ptolemy.moml.MoMLSimpleApplication@1505ce99
reloadAllAccessors: .SequenceToArray2

===========================================================================================
----------------- testing Wed Jul 15 15:11:45 UTC 2020 /home/travis/build/icyphy/ptII/ptolemy/actor/lib/test/auto/SequentialClock.xml
----------------- Instantiating /home/travis/build/icyphy/ptII/ptolemy/actor/lib/test/auto/SequentialClock.xml
3 ms. Memory: 261120K Free: 103865K (40%)
----------------- Invoking toplevel() on ptolemy.moml.MoMLSimpleApplication@7641bf3b
----------------- Done invoking toplevel() on ptolemy.moml.MoMLSimpleApplication@7641bf3b
reloadAllAccessors: .SequentialClock

===========================================================================================
----------------- testing Wed Jul 15 15:11:45 UTC 2020 /home/travis/build/icyphy/ptII/ptolemy/actor/lib/test/auto/SetVariable.xml
----------------- Instantiating /home/travis/build/icyphy/ptII/ptolemy/actor/lib/test/auto/SetVariable.xml
2 ms. Memory: 261120K Free: 99259K (38%)
----------------- Invoking toplevel() on ptolemy.moml.MoMLSimpleApplication@68fe13fc
----------------- Done invoking toplevel() on ptolemy.moml.MoMLSimpleApplication@68fe13fc
reloadAllAccessors: .SetVariable

===========================================================================================
----------------- testing Wed Jul 15 15:11:45 UTC 2020 /home/travis/build/icyphy/ptII/ptolemy/actor/lib/test/auto/SetVariable2.xml
----------------- Instantiating /home/travis/build/icyphy/ptII/ptolemy/actor/lib/test/auto/SetVariable2.xml
3 ms. Memory: 261120K Free: 94139K (36%)
----------------- Invoking toplevel() on ptolemy.moml.MoMLSimpleApplication@4746daa0
----------------- Done invoking toplevel() on ptolemy.moml.MoMLSimpleApplication@4746daa0
reloadAllAccessors: .SetVariable2

===========================================================================================
----------------- testing Wed Jul 15 15:11:45 UTC 2020 /home/travis/build/icyphy/ptII/ptolemy/actor/lib/test/auto/SetVariable3.xml
----------------- Instantiating /home/travis/build/icyphy/ptII/ptolemy/actor/lib/test/auto/SetVariable3.xml
7 ms. Memory: 261120K Free: 89019K (34%)
----------------- Invoking toplevel() on ptolemy.moml.MoMLSimpleApplication@58b4edb6
----------------- Done invoking toplevel() on ptolemy.moml.MoMLSimpleApplication@58b4edb6
reloadAllAccessors: .SetVariable3

===========================================================================================
----------------- testing Wed Jul 15 15:11:45 UTC 2020 /home/travis/build/icyphy/ptII/ptolemy/actor/lib/test/auto/SetVariable4.xml
----------------- Instantiating /home/travis/build/icyphy/ptII/ptolemy/actor/lib/test/auto/SetVariable4.xml
19 ms. Memory: 261120K Free: 79289K (30%)
----------------- Invoking toplevel() on ptolemy.moml.MoMLSimpleApplication@5b329b02
----------------- Done invoking toplevel() on ptolemy.moml.MoMLSimpleApplication@5b329b02
reloadAllAccessors: .SetVariable4

===========================================================================================
----------------- testing Wed Jul 15 15:11:45 UTC 2020 /home/travis/build/icyphy/ptII/ptolemy/actor/lib/test/auto/SetVariable5.xml
----------------- Instantiating /home/travis/build/icyphy/ptII/ptolemy/actor/lib/test/auto/SetVariable5.xml
14 ms. Memory: 261120K Free: 70073K (27%)
----------------- Invoking toplevel() on ptolemy.moml.MoMLSimpleApplication@569216e0
----------------- Done invoking toplevel() on ptolemy.moml.MoMLSimpleApplication@569216e0
reloadAllAccessors: .SetVariable5

===========================================================================================
----------------- testing Wed Jul 15 15:11:45 UTC 2020 /home/travis/build/icyphy/ptII/ptolemy/actor/lib/test/auto/Sinewave.xml
----------------- Instantiating /home/travis/build/icyphy/ptII/ptolemy/actor/lib/test/auto/Sinewave.xml
6 ms. Memory: 261120K Free: 59833K (23%)
----------------- Invoking toplevel() on ptolemy.moml.MoMLSimpleApplication@54b64f49
----------------- Done invoking toplevel() on ptolemy.moml.MoMLSimpleApplication@54b64f49
reloadAllAccessors: .Sinewave

===========================================================================================
----------------- testing Wed Jul 15 15:11:45 UTC 2020 /home/travis/build/icyphy/ptII/ptolemy/actor/lib/test/auto/Sinewave2.xml
----------------- Instantiating /home/travis/build/icyphy/ptII/ptolemy/actor/lib/test/auto/Sinewave2.xml
8 ms. Memory: 261120K Free: 206130K (79%)
----------------- Invoking toplevel() on ptolemy.moml.MoMLSimpleApplication@2ccbd4d9
----------------- Done invoking toplevel() on ptolemy.moml.MoMLSimpleApplication@2ccbd4d9
reloadAllAccessors: .Sinewave2

===========================================================================================
----------------- testing Wed Jul 15 15:11:45 UTC 2020 /home/travis/build/icyphy/ptII/ptolemy/actor/lib/test/auto/Sinewave3.xml
----------------- Instantiating /home/travis/build/icyphy/ptII/ptolemy/actor/lib/test/auto/Sinewave3.xml
8 ms. Memory: 261120K Free: 197394K (76%)
----------------- Invoking toplevel() on ptolemy.moml.MoMLSimpleApplication@55ca0fb5
----------------- Done invoking toplevel() on ptolemy.moml.MoMLSimpleApplication@55ca0fb5
reloadAllAccessors: .Sinewave3

===========================================================================================
----------------- testing Wed Jul 15 15:11:45 UTC 2020 /home/travis/build/icyphy/ptII/ptolemy/actor/lib/test/auto/SingleEvent.xml
----------------- Instantiating /home/travis/build/icyphy/ptII/ptolemy/actor/lib/test/auto/SingleEvent.xml
1 ms. Memory: 261120K Free: 193328K (74%)
----------------- Invoking toplevel() on ptolemy.moml.MoMLSimpleApplication@92ca216
----------------- Done invoking toplevel() on ptolemy.moml.MoMLSimpleApplication@92ca216
reloadAllAccessors: .SingleEvent

===========================================================================================
----------------- testing Wed Jul 15 15:11:45 UTC 2020 /home/travis/build/icyphy/ptII/ptolemy/actor/lib/test/auto/Sleep.xml
----------------- Instantiating /home/travis/build/icyphy/ptII/ptolemy/actor/lib/test/auto/Sleep.xml
6003 ms. Memory: 261120K Free: 188178K (72%)
----------------- Invoking toplevel() on ptolemy.moml.MoMLSimpleApplication@4a59e81b
----------------- Done invoking toplevel() on ptolemy.moml.MoMLSimpleApplication@4a59e81b
reloadAllAccessors: .Sleep

===========================================================================================
----------------- testing Wed Jul 15 15:11:51 UTC 2020 /home/travis/build/icyphy/ptII/ptolemy/actor/lib/test/auto/SleepMultipleFire.xml
----------------- Instantiating /home/travis/build/icyphy/ptII/ptolemy/actor/lib/test/auto/SleepMultipleFire.xml
1005 ms. Memory: 261120K Free: 182064K (70%)
----------------- Invoking toplevel() on ptolemy.moml.MoMLSimpleApplication@10c606f3
----------------- Done invoking toplevel() on ptolemy.moml.MoMLSimpleApplication@10c606f3
reloadAllAccessors: .SleepMultipleFire

===========================================================================================
----------------- testing Wed Jul 15 15:11:52 UTC 2020 /home/travis/build/icyphy/ptII/ptolemy/actor/lib/test/auto/StopDE.xml
----------------- Instantiating /home/travis/build/icyphy/ptII/ptolemy/actor/lib/test/auto/StopDE.xml
4 ms. Memory: 261120K Free: 176434K (68%)
----------------- Invoking toplevel() on ptolemy.moml.MoMLSimpleApplication@1611351b
----------------- Done invoking toplevel() on ptolemy.moml.MoMLSimpleApplication@1611351b
reloadAllAccessors: .StopDE

===========================================================================================
----------------- testing Wed Jul 15 15:11:52 UTC 2020 /home/travis/build/icyphy/ptII/ptolemy/actor/lib/test/auto/StopSDF.xml
----------------- Instantiating /home/travis/build/icyphy/ptII/ptolemy/actor/lib/test/auto/StopSDF.xml
3 ms. Memory: 261120K Free: 171314K (66%)
----------------- Invoking toplevel() on ptolemy.moml.MoMLSimpleApplication@46caafba
----------------- Done invoking toplevel() on ptolemy.moml.MoMLSimpleApplication@46caafba
reloadAllAccessors: .StopSDF

===========================================================================================
----------------- testing Wed Jul 15 15:11:52 UTC 2020 /home/travis/build/icyphy/ptII/ptolemy/actor/lib/test/auto/StringConstant.xml
----------------- Instantiating /home/travis/build/icyphy/ptII/ptolemy/actor/lib/test/auto/StringConstant.xml
8 ms. Memory: 261120K Free: 167216K (64%)
----------------- Invoking toplevel() on ptolemy.moml.MoMLSimpleApplication@1c92d1ca
----------------- Done invoking toplevel() on ptolemy.moml.MoMLSimpleApplication@1c92d1ca
reloadAllAccessors: .StringConstant

===========================================================================================
----------------- testing Wed Jul 15 15:11:52 UTC 2020 /home/travis/build/icyphy/ptII/ptolemy/actor/lib/test/auto/SubscriberPortInitialValues1.xml
----------------- Instantiating /home/travis/build/icyphy/ptII/ptolemy/actor/lib/test/auto/SubscriberPortInitialValues1.xml
7 ms. Memory: 261120K Free: 158512K (61%)
----------------- Invoking toplevel() on ptolemy.moml.MoMLSimpleApplication@285ae19
----------------- Done invoking toplevel() on ptolemy.moml.MoMLSimpleApplication@285ae19
reloadAllAccessors: .SubscriberPortInitialValues1

===========================================================================================
----------------- testing Wed Jul 15 15:11:52 UTC 2020 /home/travis/build/icyphy/ptII/ptolemy/actor/lib/test/auto/SubscriberPortInitialValues13.xml
----------------- Instantiating /home/travis/build/icyphy/ptII/ptolemy/actor/lib/test/auto/SubscriberPortInitialValues13.xml
4 ms. Memory: 261120K Free: 145200K (56%)
----------------- Invoking toplevel() on ptolemy.moml.MoMLSimpleApplication@65270865
----------------- Done invoking toplevel() on ptolemy.moml.MoMLSimpleApplication@65270865
reloadAllAccessors: .SubscriberPortInitialValues13

===========================================================================================
----------------- testing Wed Jul 15 15:11:52 UTC 2020 /home/travis/build/icyphy/ptII/ptolemy/actor/lib/test/auto/SubscriberPortInitialValues14.xml
----------------- Instantiating /home/travis/build/icyphy/ptII/ptolemy/actor/lib/test/auto/SubscriberPortInitialValues14.xml
3 ms. Memory: 261120K Free: 137522K (53%)
----------------- Invoking toplevel() on ptolemy.moml.MoMLSimpleApplication@4a59f14
----------------- Done invoking toplevel() on ptolemy.moml.MoMLSimpleApplication@4a59f14
reloadAllAccessors: .SubscriberPortInitialValues14

===========================================================================================
----------------- testing Wed Jul 15 15:11:52 UTC 2020 /home/travis/build/icyphy/ptII/ptolemy/actor/lib/test/auto/SubscriberPortInitialValues2.xml
----------------- Instantiating /home/travis/build/icyphy/ptII/ptolemy/actor/lib/test/auto/SubscriberPortInitialValues2.xml
3 ms. Memory: 261120K Free: 129840K (50%)
----------------- Invoking toplevel() on ptolemy.moml.MoMLSimpleApplication@420a6206
----------------- Done invoking toplevel() on ptolemy.moml.MoMLSimpleApplication@420a6206
reloadAllAccessors: .SubscriberPortInitialValues2

===========================================================================================
----------------- testing Wed Jul 15 15:11:52 UTC 2020 /home/travis/build/icyphy/ptII/ptolemy/actor/lib/test/auto/SubscriberPortInitialValues3.xml
----------------- Instantiating /home/travis/build/icyphy/ptII/ptolemy/actor/lib/test/auto/SubscriberPortInitialValues3.xml
4 ms. Memory: 261120K Free: 119090K (46%)
----------------- Invoking toplevel() on ptolemy.moml.MoMLSimpleApplication@33d68c30
----------------- Done invoking toplevel() on ptolemy.moml.MoMLSimpleApplication@33d68c30
reloadAllAccessors: .SubscriberPortInitialValues3

===========================================================================================
----------------- testing Wed Jul 15 15:11:52 UTC 2020 /home/travis/build/icyphy/ptII/ptolemy/actor/lib/test/auto/SubscriptionAggregator.xml
----------------- Instantiating /home/travis/build/icyphy/ptII/ptolemy/actor/lib/test/auto/SubscriptionAggregator.xml
3 ms. Memory: 261120K Free: 112418K (43%)
----------------- Invoking toplevel() on ptolemy.moml.MoMLSimpleApplication@7a6a823f
----------------- Done invoking toplevel() on ptolemy.moml.MoMLSimpleApplication@7a6a823f
reloadAllAccessors: .SubscriptionAggregator

===========================================================================================
----------------- testing Wed Jul 15 15:11:52 UTC 2020 /home/travis/build/icyphy/ptII/ptolemy/actor/lib/test/auto/SubscriptionAggregator2.xml
----------------- Instantiating /home/travis/build/icyphy/ptII/ptolemy/actor/lib/test/auto/SubscriptionAggregator2.xml
3 ms. Memory: 261120K Free: 105778K (41%)
----------------- Invoking toplevel() on ptolemy.moml.MoMLSimpleApplication@11e8ad81
----------------- Done invoking toplevel() on ptolemy.moml.MoMLSimpleApplication@11e8ad81
reloadAllAccessors: .SubscriptionAggregator2

===========================================================================================
----------------- testing Wed Jul 15 15:11:52 UTC 2020 /home/travis/build/icyphy/ptII/ptolemy/actor/lib/test/auto/SubscriptionAggregator3.xml
----------------- Instantiating /home/travis/build/icyphy/ptII/ptolemy/actor/lib/test/auto/SubscriptionAggregator3.xml
3 ms. Memory: 261120K Free: 96562K (37%)
----------------- Invoking toplevel() on ptolemy.moml.MoMLSimpleApplication@75c11a84
----------------- Done invoking toplevel() on ptolemy.moml.MoMLSimpleApplication@75c11a84
reloadAllAccessors: .SubscriptionAggregator3

===========================================================================================
----------------- testing Wed Jul 15 15:11:53 UTC 2020 /home/travis/build/icyphy/ptII/ptolemy/actor/lib/test/auto/SubscriptionAggregatorMultiply.xml
----------------- Instantiating /home/travis/build/icyphy/ptII/ptolemy/actor/lib/test/auto/SubscriptionAggregatorMultiply.xml
9 ms. Memory: 261120K Free: 88370K (34%)
----------------- Invoking toplevel() on ptolemy.moml.MoMLSimpleApplication@22e6decd
----------------- Done invoking toplevel() on ptolemy.moml.MoMLSimpleApplication@22e6decd
reloadAllAccessors: .SubscriptionAggregatorMultiply

===========================================================================================
----------------- testing Wed Jul 15 15:11:53 UTC 2020 /home/travis/build/icyphy/ptII/ptolemy/actor/lib/test/auto/SubscriptionAggregatorPortMultiply1.xml
----------------- Instantiating /home/travis/build/icyphy/ptII/ptolemy/actor/lib/test/auto/SubscriptionAggregatorPortMultiply1.xml
3 ms. Memory: 261120K Free: 80178K (31%)
----------------- Invoking toplevel() on ptolemy.moml.MoMLSimpleApplication@366fbbac
----------------- Done invoking toplevel() on ptolemy.moml.MoMLSimpleApplication@366fbbac
reloadAllAccessors: .SubscriptionAggregatorPortMultiply1

===========================================================================================
----------------- testing Wed Jul 15 15:11:53 UTC 2020 /home/travis/build/icyphy/ptII/ptolemy/actor/lib/test/auto/Switch.xml
----------------- Instantiating /home/travis/build/icyphy/ptII/ptolemy/actor/lib/test/auto/Switch.xml
8 ms. Memory: 261120K Free: 72496K (28%)
----------------- Invoking toplevel() on ptolemy.moml.MoMLSimpleApplication@29e472a
----------------- Done invoking toplevel() on ptolemy.moml.MoMLSimpleApplication@29e472a
reloadAllAccessors: .Switch

===========================================================================================
----------------- testing Wed Jul 15 15:11:53 UTC 2020 /home/travis/build/icyphy/ptII/ptolemy/actor/lib/test/auto/Switch2.xml
----------------- Instantiating /home/travis/build/icyphy/ptII/ptolemy/actor/lib/test/auto/Switch2.xml
1 ms. Memory: 261120K Free: 67890K (26%)
----------------- Invoking toplevel() on ptolemy.moml.MoMLSimpleApplication@2194b7dc
----------------- Done invoking toplevel() on ptolemy.moml.MoMLSimpleApplication@2194b7dc
reloadAllAccessors: .Switch2

===========================================================================================
----------------- testing Wed Jul 15 15:11:53 UTC 2020 /home/travis/build/icyphy/ptII/ptolemy/actor/lib/test/auto/SwitchDE.xml
----------------- Instantiating /home/travis/build/icyphy/ptII/ptolemy/actor/lib/test/auto/SwitchDE.xml
3 ms. Memory: 261120K Free: 61218K (23%)
----------------- Invoking toplevel() on ptolemy.moml.MoMLSimpleApplication@2f9ba6a
----------------- Done invoking toplevel() on ptolemy.moml.MoMLSimpleApplication@2f9ba6a
reloadAllAccessors: .SwitchDE

===========================================================================================
----------------- testing Wed Jul 15 15:11:53 UTC 2020 /home/travis/build/icyphy/ptII/ptolemy/actor/lib/test/auto/SynchronizerDE.xml
----------------- Instantiating /home/travis/build/icyphy/ptII/ptolemy/actor/lib/test/auto/SynchronizerDE.xml
6 ms. Memory: 261120K Free: 207683K (80%)
----------------- Invoking toplevel() on ptolemy.moml.MoMLSimpleApplication@78c8fbae
----------------- Done invoking toplevel() on ptolemy.moml.MoMLSimpleApplication@78c8fbae
reloadAllAccessors: .SynchronizerDE

===========================================================================================
----------------- testing Wed Jul 15 15:11:53 UTC 2020 /home/travis/build/icyphy/ptII/ptolemy/actor/lib/test/auto/Test.xml
----------------- Instantiating /home/travis/build/icyphy/ptII/ptolemy/actor/lib/test/auto/Test.xml
2 ms. Memory: 261120K Free: 202059K (77%)
----------------- Invoking toplevel() on ptolemy.moml.MoMLSimpleApplication@60984a91
----------------- Done invoking toplevel() on ptolemy.moml.MoMLSimpleApplication@60984a91
reloadAllAccessors: .Test

===========================================================================================
----------------- testing Wed Jul 15 15:11:53 UTC 2020 /home/travis/build/icyphy/ptII/ptolemy/actor/lib/test/auto/TestExceptionAttribute1.xml
----------------- Instantiating /home/travis/build/icyphy/ptII/ptolemy/actor/lib/test/auto/TestExceptionAttribute1.xml
1 ms. Memory: 261120K Free: 198473K (76%)
----------------- Invoking toplevel() on ptolemy.moml.MoMLSimpleApplication@96a1c5c
----------------- Done invoking toplevel() on ptolemy.moml.MoMLSimpleApplication@96a1c5c
reloadAllAccessors: .TestExceptionAttribute1

===========================================================================================
----------------- testing Wed Jul 15 15:11:53 UTC 2020 /home/travis/build/icyphy/ptII/ptolemy/actor/lib/test/auto/TestExceptionAttribute2.xml
----------------- Instantiating /home/travis/build/icyphy/ptII/ptolemy/actor/lib/test/auto/TestExceptionAttribute2.xml
1 ms. Memory: 261120K Free: 194891K (75%)
----------------- Invoking toplevel() on ptolemy.moml.MoMLSimpleApplication@1b6d4054
----------------- Done invoking toplevel() on ptolemy.moml.MoMLSimpleApplication@1b6d4054
reloadAllAccessors: .TestExceptionAttribute2

===========================================================================================
----------------- testing Wed Jul 15 15:11:53 UTC 2020 /home/travis/build/icyphy/ptII/ptolemy/actor/lib/test/auto/TestExceptionAttribute3.xml
----------------- Instantiating /home/travis/build/icyphy/ptII/ptolemy/actor/lib/test/auto/TestExceptionAttribute3.xml
.TestExceptionAttribute3.TestExceptionAttribute: initialize() was not invoked, but wrapup() was.  This is unusual, but not always a problem.  For example, exporting JNLP will do this.
1 ms. Memory: 261120K Free: 191305K (73%)
----------------- Invoking toplevel() on ptolemy.moml.MoMLSimpleApplication@333fe754
----------------- Done invoking toplevel() on ptolemy.moml.MoMLSimpleApplication@333fe754
reloadAllAccessors: .TestExceptionAttribute3

===========================================================================================
----------------- testing Wed Jul 15 15:11:53 UTC 2020 /home/travis/build/icyphy/ptII/ptolemy/actor/lib/test/auto/TestExceptionAttribute4.xml
----------------- Instantiating /home/travis/build/icyphy/ptII/ptolemy/actor/lib/test/auto/TestExceptionAttribute4.xml
.TestExceptionAttribute4.TestExceptionAttribute: initialize() was not invoked, but wrapup() was.  This is unusual, but not always a problem.  For example, exporting JNLP will do this.
.TestExceptionAttribute4.TestExceptionAttribute2: initialize() was not invoked, but wrapup() was.  This is unusual, but not always a problem.  For example, exporting JNLP will do this.
0 ms. Memory: 261120K Free: 187209K (72%)
----------------- Invoking toplevel() on ptolemy.moml.MoMLSimpleApplication@7e66e0d3
----------------- Done invoking toplevel() on ptolemy.moml.MoMLSimpleApplication@7e66e0d3
reloadAllAccessors: .TestExceptionAttribute4

===========================================================================================
----------------- testing Wed Jul 15 15:11:53 UTC 2020 /home/travis/build/icyphy/ptII/ptolemy/actor/lib/test/auto/TestExceptionHandler1.xml
----------------- Instantiating /home/travis/build/icyphy/ptII/ptolemy/actor/lib/test/auto/TestExceptionHandler1.xml
0 ms. Memory: 261120K Free: 183627K (70%)
----------------- Invoking toplevel() on ptolemy.moml.MoMLSimpleApplication@2b3050ff
----------------- Done invoking toplevel() on ptolemy.moml.MoMLSimpleApplication@2b3050ff
reloadAllAccessors: .TestExceptionHandler1

===========================================================================================
----------------- testing Wed Jul 15 15:11:53 UTC 2020 /home/travis/build/icyphy/ptII/ptolemy/actor/lib/test/auto/TestExceptionHandler2.xml
----------------- Instantiating /home/travis/build/icyphy/ptII/ptolemy/actor/lib/test/auto/TestExceptionHandler2.xml
0 ms. Memory: 261120K Free: 180041K (69%)
----------------- Invoking toplevel() on ptolemy.moml.MoMLSimpleApplication@53d1a81f
----------------- Done invoking toplevel() on ptolemy.moml.MoMLSimpleApplication@53d1a81f
reloadAllAccessors: .TestExceptionHandler2

===========================================================================================
----------------- testing Wed Jul 15 15:11:53 UTC 2020 /home/travis/build/icyphy/ptII/ptolemy/actor/lib/test/auto/TestExceptionHandler3.xml
----------------- Instantiating /home/travis/build/icyphy/ptII/ptolemy/actor/lib/test/auto/TestExceptionHandler3.xml
0 ms. Memory: 261120K Free: 176459K (68%)
----------------- Invoking toplevel() on ptolemy.moml.MoMLSimpleApplication@274d60b8
----------------- Done invoking toplevel() on ptolemy.moml.MoMLSimpleApplication@274d60b8
reloadAllAccessors: .TestExceptionHandler3

===========================================================================================
----------------- testing Wed Jul 15 15:11:53 UTC 2020 /home/travis/build/icyphy/ptII/ptolemy/actor/lib/test/auto/TestExceptionHandler4.xml
----------------- Instantiating /home/travis/build/icyphy/ptII/ptolemy/actor/lib/test/auto/TestExceptionHandler4.xml
1 ms. Memory: 261120K Free: 172363K (66%)
----------------- Invoking toplevel() on ptolemy.moml.MoMLSimpleApplication@1f77ee70
----------------- Done invoking toplevel() on ptolemy.moml.MoMLSimpleApplication@1f77ee70
reloadAllAccessors: .TestExceptionHandler4

===========================================================================================
----------------- testing Wed Jul 15 15:11:53 UTC 2020 /home/travis/build/icyphy/ptII/ptolemy/actor/lib/test/auto/TestRequireCorrectOrder.xml
----------------- Instantiating /home/travis/build/icyphy/ptII/ptolemy/actor/lib/test/auto/TestRequireCorrectOrder.xml
5 ms. Memory: 261120K Free: 167243K (64%)
----------------- Invoking toplevel() on ptolemy.moml.MoMLSimpleApplication@78aa52c
----------------- Done invoking toplevel() on ptolemy.moml.MoMLSimpleApplication@78aa52c
reloadAllAccessors: .TestRequireCorrectOrder

===========================================================================================
----------------- testing Wed Jul 15 15:11:53 UTC 2020 /home/travis/build/icyphy/ptII/ptolemy/actor/lib/test/auto/TestSimple.xml
----------------- Instantiating /home/travis/build/icyphy/ptII/ptolemy/actor/lib/test/auto/TestSimple.xml
1 ms. Memory: 261120K Free: 162627K (62%)
----------------- Invoking toplevel() on ptolemy.moml.MoMLSimpleApplication@7924966f
----------------- Done invoking toplevel() on ptolemy.moml.MoMLSimpleApplication@7924966f
reloadAllAccessors: .TestSimple

===========================================================================================
----------------- testing Wed Jul 15 15:11:53 UTC 2020 /home/travis/build/icyphy/ptII/ptolemy/actor/lib/test/auto/ThrowModelError.xml
----------------- Instantiating /home/travis/build/icyphy/ptII/ptolemy/actor/lib/test/auto/ThrowModelError.xml
1 ms. Memory: 261120K Free: 158027K (61%)
----------------- Invoking toplevel() on ptolemy.moml.MoMLSimpleApplication@34a06875
----------------- Done invoking toplevel() on ptolemy.moml.MoMLSimpleApplication@34a06875
reloadAllAccessors: .ThrowModelError

===========================================================================================
----------------- testing Wed Jul 15 15:11:53 UTC 2020 /home/travis/build/icyphy/ptII/ptolemy/actor/lib/test/auto/TimeDelayMicrosteps.xml
----------------- Instantiating /home/travis/build/icyphy/ptII/ptolemy/actor/lib/test/auto/TimeDelayMicrosteps.xml
2 ms. Memory: 261120K Free: 150859K (58%)
----------------- Invoking toplevel() on ptolemy.moml.MoMLSimpleApplication@dd59c4d
----------------- Done invoking toplevel() on ptolemy.moml.MoMLSimpleApplication@dd59c4d
reloadAllAccessors: .TimeDelayMicrosteps

===========================================================================================
----------------- testing Wed Jul 15 15:11:53 UTC 2020 /home/travis/build/icyphy/ptII/ptolemy/actor/lib/test/auto/TimeDelayMicrosteps2.xml
----------------- Instantiating /home/travis/build/icyphy/ptII/ptolemy/actor/lib/test/auto/TimeDelayMicrosteps2.xml
3 ms. Memory: 261120K Free: 143691K (55%)
----------------- Invoking toplevel() on ptolemy.moml.MoMLSimpleApplication@20d3bc6b
----------------- Done invoking toplevel() on ptolemy.moml.MoMLSimpleApplication@20d3bc6b
reloadAllAccessors: .TimeDelayMicrosteps2

===========================================================================================
----------------- testing Wed Jul 15 15:11:53 UTC 2020 /home/travis/build/icyphy/ptII/ptolemy/actor/lib/test/auto/TimeDelayMicrosteps3.xml
----------------- Instantiating /home/travis/build/icyphy/ptII/ptolemy/actor/lib/test/auto/TimeDelayMicrosteps3.xml
4 ms. Memory: 261120K Free: 137019K (52%)
----------------- Invoking toplevel() on ptolemy.moml.MoMLSimpleApplication@2c0a6aca
----------------- Done invoking toplevel() on ptolemy.moml.MoMLSimpleApplication@2c0a6aca
reloadAllAccessors: .TimeDelayMicrosteps3

===========================================================================================
----------------- testing Wed Jul 15 15:11:53 UTC 2020 /home/travis/build/icyphy/ptII/ptolemy/actor/lib/test/auto/TimeDelayVariableMicrosteps.xml
----------------- Instantiating /home/travis/build/icyphy/ptII/ptolemy/actor/lib/test/auto/TimeDelayVariableMicrosteps.xml
2 ms. Memory: 261120K Free: 130379K (50%)
----------------- Invoking toplevel() on ptolemy.moml.MoMLSimpleApplication@362c4c08
----------------- Done invoking toplevel() on ptolemy.moml.MoMLSimpleApplication@362c4c08
reloadAllAccessors: .TimeDelayVariableMicrosteps

===========================================================================================
----------------- testing Wed Jul 15 15:11:53 UTC 2020 /home/travis/build/icyphy/ptII/ptolemy/actor/lib/test/auto/TimeGap.xml
----------------- Instantiating /home/travis/build/icyphy/ptII/ptolemy/actor/lib/test/auto/TimeGap.xml
3 ms. Memory: 261120K Free: 125259K (48%)
----------------- Invoking toplevel() on ptolemy.moml.MoMLSimpleApplication@1c0c8c48
----------------- Done invoking toplevel() on ptolemy.moml.MoMLSimpleApplication@1c0c8c48
reloadAllAccessors: .TimeGap

===========================================================================================
----------------- testing Wed Jul 15 15:11:53 UTC 2020 /home/travis/build/icyphy/ptII/ptolemy/actor/lib/test/auto/TimeGap2.xml
----------------- Instantiating /home/travis/build/icyphy/ptII/ptolemy/actor/lib/test/auto/TimeGap2.xml
1 ms. Memory: 261120K Free: 119595K (46%)
----------------- Invoking toplevel() on ptolemy.moml.MoMLSimpleApplication@270a6c0b
----------------- Done invoking toplevel() on ptolemy.moml.MoMLSimpleApplication@270a6c0b
reloadAllAccessors: .TimeGap2

===========================================================================================
----------------- testing Wed Jul 15 15:11:53 UTC 2020 /home/travis/build/icyphy/ptII/ptolemy/actor/lib/test/auto/TimedSinewave.xml
----------------- Instantiating /home/travis/build/icyphy/ptII/ptolemy/actor/lib/test/auto/TimedSinewave.xml
21 ms. Memory: 261120K Free: 105289K (40%)
----------------- Invoking toplevel() on ptolemy.moml.MoMLSimpleApplication@1c47ce93
----------------- Done invoking toplevel() on ptolemy.moml.MoMLSimpleApplication@1c47ce93
reloadAllAccessors: .TimedSinewave

===========================================================================================
----------------- testing Wed Jul 15 15:11:53 UTC 2020 /home/travis/build/icyphy/ptII/ptolemy/actor/lib/test/auto/TimedSinewavePhase.xml
----------------- Instantiating /home/travis/build/icyphy/ptII/ptolemy/actor/lib/test/auto/TimedSinewavePhase.xml
6 ms. Memory: 261120K Free: 95563K (37%)
----------------- Invoking toplevel() on ptolemy.moml.MoMLSimpleApplication@7259fd7d
----------------- Done invoking toplevel() on ptolemy.moml.MoMLSimpleApplication@7259fd7d
reloadAllAccessors: .TimedSinewavePhase

===========================================================================================
----------------- testing Wed Jul 15 15:11:53 UTC 2020 /home/travis/build/icyphy/ptII/ptolemy/actor/lib/test/auto/Timer.xml
----------------- Instantiating /home/travis/build/icyphy/ptII/ptolemy/actor/lib/test/auto/Timer.xml
3 ms. Memory: 261120K Free: 89419K (34%)
----------------- Invoking toplevel() on ptolemy.moml.MoMLSimpleApplication@1019b94d
----------------- Done invoking toplevel() on ptolemy.moml.MoMLSimpleApplication@1019b94d
reloadAllAccessors: .Timer

===========================================================================================
----------------- testing Wed Jul 15 15:11:53 UTC 2020 /home/travis/build/icyphy/ptII/ptolemy/actor/lib/test/auto/TriangularDistTestModel.xml
----------------- Instantiating /home/travis/build/icyphy/ptII/ptolemy/actor/lib/test/auto/TriangularDistTestModel.xml
2 ms. Memory: 261120K Free: 83771K (32%)
----------------- Invoking toplevel() on ptolemy.moml.MoMLSimpleApplication@3b4f136f
----------------- Done invoking toplevel() on ptolemy.moml.MoMLSimpleApplication@3b4f136f
reloadAllAccessors: .TriangularDistTestModel

===========================================================================================
----------------- testing Wed Jul 15 15:11:53 UTC 2020 /home/travis/build/icyphy/ptII/ptolemy/actor/lib/test/auto/TrigFunction.xml
----------------- Instantiating /home/travis/build/icyphy/ptII/ptolemy/actor/lib/test/auto/TrigFunction.xml
1 ms. Memory: 261120K Free: 78665K (30%)
----------------- Invoking toplevel() on ptolemy.moml.MoMLSimpleApplication@40ccd8ae
----------------- Done invoking toplevel() on ptolemy.moml.MoMLSimpleApplication@40ccd8ae
reloadAllAccessors: .TrigFunction

===========================================================================================
----------------- testing Wed Jul 15 15:11:53 UTC 2020 /home/travis/build/icyphy/ptII/ptolemy/actor/lib/test/auto/TrigFunctionDE.xml
----------------- Instantiating /home/travis/build/icyphy/ptII/ptolemy/actor/lib/test/auto/TrigFunctionDE.xml
1 ms. Memory: 261120K Free: 73035K (28%)
----------------- Invoking toplevel() on ptolemy.moml.MoMLSimpleApplication@72bb39ed
----------------- Done invoking toplevel() on ptolemy.moml.MoMLSimpleApplication@72bb39ed
reloadAllAccessors: .TrigFunctionDE

===========================================================================================
----------------- testing Wed Jul 15 15:11:53 UTC 2020 /home/travis/build/icyphy/ptII/ptolemy/actor/lib/test/auto/TrigFunctionInverse.xml
----------------- Instantiating /home/travis/build/icyphy/ptII/ptolemy/actor/lib/test/auto/TrigFunctionInverse.xml
3 ms. Memory: 261120K Free: 67915K (26%)
----------------- Invoking toplevel() on ptolemy.moml.MoMLSimpleApplication@337c04e3
----------------- Done invoking toplevel() on ptolemy.moml.MoMLSimpleApplication@337c04e3
reloadAllAccessors: .TrigFunctionInverse

===========================================================================================
----------------- testing Wed Jul 15 15:11:53 UTC 2020 /home/travis/build/icyphy/ptII/ptolemy/actor/lib/test/auto/TrigFunctionTan.xml
----------------- Instantiating /home/travis/build/icyphy/ptII/ptolemy/actor/lib/test/auto/TrigFunctionTan.xml
2 ms. Memory: 261120K Free: 63819K (24%)
----------------- Invoking toplevel() on ptolemy.moml.MoMLSimpleApplication@2bfb4b2c
----------------- Done invoking toplevel() on ptolemy.moml.MoMLSimpleApplication@2bfb4b2c
reloadAllAccessors: .TrigFunctionTan

===========================================================================================
----------------- testing Wed Jul 15 15:11:53 UTC 2020 /home/travis/build/icyphy/ptII/ptolemy/actor/lib/test/auto/TriggeredClock.xml
----------------- Instantiating /home/travis/build/icyphy/ptII/ptolemy/actor/lib/test/auto/TriggeredClock.xml
2 ms. Memory: 261120K Free: 58699K (22%)
----------------- Invoking toplevel() on ptolemy.moml.MoMLSimpleApplication@1a009338
----------------- Done invoking toplevel() on ptolemy.moml.MoMLSimpleApplication@1a009338
reloadAllAccessors: .TriggeredClock

===========================================================================================
----------------- testing Wed Jul 15 15:11:53 UTC 2020 /home/travis/build/icyphy/ptII/ptolemy/actor/lib/test/auto/URLDirectoryReader.xml
----------------- Instantiating /home/travis/build/icyphy/ptII/ptolemy/actor/lib/test/auto/URLDirectoryReader.xml
39 ms. Memory: 261120K Free: 204655K (78%)
----------------- Invoking toplevel() on ptolemy.moml.MoMLSimpleApplication@6c5bfb25
----------------- Done invoking toplevel() on ptolemy.moml.MoMLSimpleApplication@6c5bfb25
reloadAllAccessors: .URLDirectoryReader

===========================================================================================
----------------- testing Wed Jul 15 15:11:53 UTC 2020 /home/travis/build/icyphy/ptII/ptolemy/actor/lib/test/auto/URLDirectoryReader3.xml
----------------- Instantiating /home/travis/build/icyphy/ptII/ptolemy/actor/lib/test/auto/URLDirectoryReader3.xml
1417 ms. Memory: 261120K Free: 202357K (77%)
----------------- Invoking toplevel() on ptolemy.moml.MoMLSimpleApplication@427e4af8
----------------- Done invoking toplevel() on ptolemy.moml.MoMLSimpleApplication@427e4af8
reloadAllAccessors: .URLDirectoryReader3

===========================================================================================
----------------- testing Wed Jul 15 15:11:55 UTC 2020 /home/travis/build/icyphy/ptII/ptolemy/actor/lib/test/auto/UnaryMathFunction.xml
----------------- Instantiating /home/travis/build/icyphy/ptII/ptolemy/actor/lib/test/auto/UnaryMathFunction.xml
2 ms. Memory: 261120K Free: 194164K (74%)
----------------- Invoking toplevel() on ptolemy.moml.MoMLSimpleApplication@18c2b2d1
----------------- Done invoking toplevel() on ptolemy.moml.MoMLSimpleApplication@18c2b2d1
reloadAllAccessors: .UnaryMathFunction

===========================================================================================
----------------- testing Wed Jul 15 15:11:55 UTC 2020 /home/travis/build/icyphy/ptII/ptolemy/actor/lib/test/auto/Uniform.xml
----------------- Instantiating /home/travis/build/icyphy/ptII/ptolemy/actor/lib/test/auto/Uniform.xml
1 ms. Memory: 261120K Free: 189554K (73%)
----------------- Invoking toplevel() on ptolemy.moml.MoMLSimpleApplication@6819678b
----------------- Done invoking toplevel() on ptolemy.moml.MoMLSimpleApplication@6819678b
reloadAllAccessors: .Uniform

===========================================================================================
----------------- testing Wed Jul 15 15:11:55 UTC 2020 /home/travis/build/icyphy/ptII/ptolemy/actor/lib/test/auto/UnionDisassemblerTest.xml
----------------- Instantiating /home/travis/build/icyphy/ptII/ptolemy/actor/lib/test/auto/UnionDisassemblerTest.xml
7 ms. Memory: 261120K Free: 185972K (71%)
----------------- Invoking toplevel() on ptolemy.moml.MoMLSimpleApplication@66821c09
----------------- Done invoking toplevel() on ptolemy.moml.MoMLSimpleApplication@66821c09
reloadAllAccessors: .UnionDisassemblerTest

===========================================================================================
----------------- testing Wed Jul 15 15:11:55 UTC 2020 /home/travis/build/icyphy/ptII/ptolemy/actor/lib/test/auto/UtilityFunctions.xml
----------------- Instantiating /home/travis/build/icyphy/ptII/ptolemy/actor/lib/test/auto/UtilityFunctions.xml
1 ms. Memory: 261120K Free: 182372K (70%)
----------------- Invoking toplevel() on ptolemy.moml.MoMLSimpleApplication@95d962
----------------- Done invoking toplevel() on ptolemy.moml.MoMLSimpleApplication@95d962
reloadAllAccessors: .UtilityFunctions

===========================================================================================
----------------- testing Wed Jul 15 15:11:55 UTC 2020 /home/travis/build/icyphy/ptII/ptolemy/actor/lib/test/auto/VariableSleep.xml
----------------- Instantiating /home/travis/build/icyphy/ptII/ptolemy/actor/lib/test/auto/VariableSleep.xml
503 ms. Memory: 261120K Free: 177266K (68%)
----------------- Invoking toplevel() on ptolemy.moml.MoMLSimpleApplication@5ec66652
----------------- Done invoking toplevel() on ptolemy.moml.MoMLSimpleApplication@5ec66652
reloadAllAccessors: .VariableSleep

===========================================================================================
----------------- testing Wed Jul 15 15:11:56 UTC 2020 /home/travis/build/icyphy/ptII/ptolemy/actor/lib/test/auto/VectorAssemblerDisassemblerCT.xml
----------------- Instantiating /home/travis/build/icyphy/ptII/ptolemy/actor/lib/test/auto/VectorAssemblerDisassemblerCT.xml
58 ms. Memory: 261120K Free: 157300K (60%)
----------------- Invoking toplevel() on ptolemy.moml.MoMLSimpleApplication@50f4fbed
----------------- Done invoking toplevel() on ptolemy.moml.MoMLSimpleApplication@50f4fbed
reloadAllAccessors: .VectorAssemblerDisassemblerCT

===========================================================================================
----------------- testing Wed Jul 15 15:11:56 UTC 2020 /home/travis/build/icyphy/ptII/ptolemy/actor/lib/test/auto/VectorAssemblerDisassemblerDE.xml
----------------- Instantiating /home/travis/build/icyphy/ptII/ptolemy/actor/lib/test/auto/VectorAssemblerDisassemblerDE.xml
2 ms. Memory: 261120K Free: 149618K (57%)
----------------- Invoking toplevel() on ptolemy.moml.MoMLSimpleApplication@341b21ac
----------------- Done invoking toplevel() on ptolemy.moml.MoMLSimpleApplication@341b21ac
reloadAllAccessors: .VectorAssemblerDisassemblerDE

===========================================================================================
----------------- testing Wed Jul 15 15:11:56 UTC 2020 /home/travis/build/icyphy/ptII/ptolemy/actor/lib/test/auto/VectorAssemblerDisassemblerSDF.xml
----------------- Instantiating /home/travis/build/icyphy/ptII/ptolemy/actor/lib/test/auto/VectorAssemblerDisassemblerSDF.xml
2 ms. Memory: 261120K Free: 142964K (55%)
----------------- Invoking toplevel() on ptolemy.moml.MoMLSimpleApplication@416ae76
----------------- Done invoking toplevel() on ptolemy.moml.MoMLSimpleApplication@416ae76
reloadAllAccessors: .VectorAssemblerDisassemblerSDF

===========================================================================================
----------------- testing Wed Jul 15 15:11:56 UTC 2020 /home/travis/build/icyphy/ptII/ptolemy/actor/lib/test/auto/WallClockTime.xml
----------------- Instantiating /home/travis/build/icyphy/ptII/ptolemy/actor/lib/test/auto/WallClockTime.xml
1003 ms. Memory: 261120K Free: 137844K (53%)
----------------- Invoking toplevel() on ptolemy.moml.MoMLSimpleApplication@6c80b321
----------------- Done invoking toplevel() on ptolemy.moml.MoMLSimpleApplication@6c80b321
reloadAllAccessors: .WallClockTime

===========================================================================================
----------------- testing Wed Jul 15 15:11:57 UTC 2020 /home/travis/build/icyphy/ptII/ptolemy/actor/lib/test/auto/WidthTestWithSubscriberPublisher.xml
----------------- Instantiating /home/travis/build/icyphy/ptII/ptolemy/actor/lib/test/auto/WidthTestWithSubscriberPublisher.xml
9 ms. Memory: 261120K Free: 119922K (46%)
----------------- Invoking toplevel() on ptolemy.moml.MoMLSimpleApplication@e640c05
----------------- Done invoking toplevel() on ptolemy.moml.MoMLSimpleApplication@e640c05
reloadAllAccessors: .WidthTestWithSubscriberPublisher

===========================================================================================
----------------- testing Wed Jul 15 15:11:57 UTC 2020 /home/travis/build/icyphy/ptII/ptolemy/actor/lib/test/auto/WidthTestWithSubscriberPublisher2.xml
----------------- Instantiating /home/travis/build/icyphy/ptII/ptolemy/actor/lib/test/auto/WidthTestWithSubscriberPublisher2.xml
3 ms. Memory: 261120K Free: 113778K (44%)
----------------- Invoking toplevel() on ptolemy.moml.MoMLSimpleApplication@38e12d74
----------------- Done invoking toplevel() on ptolemy.moml.MoMLSimpleApplication@38e12d74
reloadAllAccessors: .WidthTestWithSubscriberPublisher2

===========================================================================================
----------------- testing Wed Jul 15 15:11:57 UTC 2020 /home/travis/build/icyphy/ptII/ptolemy/actor/lib/test/auto/WidthTestWithSubscriberPublisher3.xml
----------------- Instantiating /home/travis/build/icyphy/ptII/ptolemy/actor/lib/test/auto/WidthTestWithSubscriberPublisher3.xml
1 ms. Memory: 261120K Free: 108148K (41%)
----------------- Invoking toplevel() on ptolemy.moml.MoMLSimpleApplication@54fee8da
----------------- Done invoking toplevel() on ptolemy.moml.MoMLSimpleApplication@54fee8da
reloadAllAccessors: .WidthTestWithSubscriberPublisher3

===========================================================================================
----------------- testing Wed Jul 15 15:11:57 UTC 2020 /home/travis/build/icyphy/ptII/ptolemy/actor/lib/test/auto/Writer.xml
----------------- Instantiating /home/travis/build/icyphy/ptII/ptolemy/actor/lib/test/auto/Writer.xml
0
1
2
3
4
1 ms. Memory: 261120K Free: 103524K (40%)
----------------- Invoking toplevel() on ptolemy.moml.MoMLSimpleApplication@63b9514e
----------------- Done invoking toplevel() on ptolemy.moml.MoMLSimpleApplication@63b9514e
reloadAllAccessors: .Writer

===========================================================================================
----------------- testing Wed Jul 15 15:11:57 UTC 2020 /home/travis/build/icyphy/ptII/ptolemy/actor/lib/test/auto/array.xml
----------------- Instantiating /home/travis/build/icyphy/ptII/ptolemy/actor/lib/test/auto/array.xml
2 ms. Memory: 261120K Free: 98932K (38%)
----------------- Invoking toplevel() on ptolemy.moml.MoMLSimpleApplication@6dbfb74d
----------------- Done invoking toplevel() on ptolemy.moml.MoMLSimpleApplication@6dbfb74d
reloadAllAccessors: .array

===========================================================================================
----------------- testing Wed Jul 15 15:11:57 UTC 2020 /home/travis/build/icyphy/ptII/ptolemy/actor/lib/test/auto/array2.xml
----------------- Instantiating /home/travis/build/icyphy/ptII/ptolemy/actor/lib/test/auto/array2.xml
2 ms. Memory: 261120K Free: 93812K (36%)
----------------- Invoking toplevel() on ptolemy.moml.MoMLSimpleApplication@2aeae325
----------------- Done invoking toplevel() on ptolemy.moml.MoMLSimpleApplication@2aeae325
reloadAllAccessors: .array2

===========================================================================================
----------------- testing Wed Jul 15 15:11:57 UTC 2020 /home/travis/build/icyphy/ptII/ptolemy/actor/lib/test/auto/arrayType.xml
----------------- Instantiating /home/travis/build/icyphy/ptII/ptolemy/actor/lib/test/auto/arrayType.xml
1 ms. Memory: 261120K Free: 88692K (34%)
----------------- Invoking toplevel() on ptolemy.moml.MoMLSimpleApplication@cc6b01
----------------- Done invoking toplevel() on ptolemy.moml.MoMLSimpleApplication@cc6b01
reloadAllAccessors: .arrayType

===========================================================================================
----------------- testing Wed Jul 15 15:11:57 UTC 2020 /home/travis/build/icyphy/ptII/ptolemy/actor/lib/test/auto/arrayType10.xml
----------------- Instantiating /home/travis/build/icyphy/ptII/ptolemy/actor/lib/test/auto/arrayType10.xml
5 ms. Memory: 261120K Free: 84082K (32%)
----------------- Invoking toplevel() on ptolemy.moml.MoMLSimpleApplication@303ead59
----------------- Done invoking toplevel() on ptolemy.moml.MoMLSimpleApplication@303ead59
reloadAllAccessors: .arrayType10

===========================================================================================
----------------- testing Wed Jul 15 15:11:57 UTC 2020 /home/travis/build/icyphy/ptII/ptolemy/actor/lib/test/auto/arrayType11.xml
----------------- Instantiating /home/travis/build/icyphy/ptII/ptolemy/actor/lib/test/auto/arrayType11.xml
1 ms. Memory: 261120K Free: 78962K (30%)
----------------- Invoking toplevel() on ptolemy.moml.MoMLSimpleApplication@4b0a26fd
----------------- Done invoking toplevel() on ptolemy.moml.MoMLSimpleApplication@4b0a26fd
reloadAllAccessors: .arrayType11

===========================================================================================
----------------- testing Wed Jul 15 15:11:57 UTC 2020 /home/travis/build/icyphy/ptII/ptolemy/actor/lib/test/auto/arrayType12.xml
----------------- Instantiating /home/travis/build/icyphy/ptII/ptolemy/actor/lib/test/auto/arrayType12.xml
1 ms. Memory: 261120K Free: 74356K (28%)
----------------- Invoking toplevel() on ptolemy.moml.MoMLSimpleApplication@73714e09
----------------- Done invoking toplevel() on ptolemy.moml.MoMLSimpleApplication@73714e09
reloadAllAccessors: .arrayType12

===========================================================================================
----------------- testing Wed Jul 15 15:11:57 UTC 2020 /home/travis/build/icyphy/ptII/ptolemy/actor/lib/test/auto/arrayType13.xml
----------------- Instantiating /home/travis/build/icyphy/ptII/ptolemy/actor/lib/test/auto/arrayType13.xml
1 ms. Memory: 261120K Free: 69236K (27%)
----------------- Invoking toplevel() on ptolemy.moml.MoMLSimpleApplication@29057000
----------------- Done invoking toplevel() on ptolemy.moml.MoMLSimpleApplication@29057000
reloadAllAccessors: .arrayType13

===========================================================================================
----------------- testing Wed Jul 15 15:11:57 UTC 2020 /home/travis/build/icyphy/ptII/ptolemy/actor/lib/test/auto/arrayType14.xml
----------------- Instantiating /home/travis/build/icyphy/ptII/ptolemy/actor/lib/test/auto/arrayType14.xml
1 ms. Memory: 261120K Free: 63092K (24%)
----------------- Invoking toplevel() on ptolemy.moml.MoMLSimpleApplication@3aea7944
----------------- Done invoking toplevel() on ptolemy.moml.MoMLSimpleApplication@3aea7944
reloadAllAccessors: .arrayType14

===========================================================================================
----------------- testing Wed Jul 15 15:11:57 UTC 2020 /home/travis/build/icyphy/ptII/ptolemy/actor/lib/test/auto/arrayType15.xml
----------------- Instantiating /home/travis/build/icyphy/ptII/ptolemy/actor/lib/test/auto/arrayType15.xml
2 ms. Memory: 261120K Free: 57972K (22%)
----------------- Invoking toplevel() on ptolemy.moml.MoMLSimpleApplication@59bcde1c
----------------- Done invoking toplevel() on ptolemy.moml.MoMLSimpleApplication@59bcde1c
reloadAllAccessors: .arrayType15

===========================================================================================
----------------- testing Wed Jul 15 15:11:57 UTC 2020 /home/travis/build/icyphy/ptII/ptolemy/actor/lib/test/auto/arrayType16.xml
----------------- Instantiating /home/travis/build/icyphy/ptII/ptolemy/actor/lib/test/auto/arrayType16.xml
2 ms. Memory: 261120K Free: 204462K (78%)
----------------- Invoking toplevel() on ptolemy.moml.MoMLSimpleApplication@284804e3
----------------- Done invoking toplevel() on ptolemy.moml.MoMLSimpleApplication@284804e3
reloadAllAccessors: .arrayType16

===========================================================================================
----------------- testing Wed Jul 15 15:11:57 UTC 2020 /home/travis/build/icyphy/ptII/ptolemy/actor/lib/test/auto/arrayType17.xml
----------------- Instantiating /home/travis/build/icyphy/ptII/ptolemy/actor/lib/test/auto/arrayType17.xml
1 ms. Memory: 261120K Free: 198828K (76%)
----------------- Invoking toplevel() on ptolemy.moml.MoMLSimpleApplication@2cb78829
----------------- Done invoking toplevel() on ptolemy.moml.MoMLSimpleApplication@2cb78829
reloadAllAccessors: .arrayType17

===========================================================================================
----------------- testing Wed Jul 15 15:11:57 UTC 2020 /home/travis/build/icyphy/ptII/ptolemy/actor/lib/test/auto/arrayType18.xml
----------------- Instantiating /home/travis/build/icyphy/ptII/ptolemy/actor/lib/test/auto/arrayType18.xml
2 ms. Memory: 261120K Free: 194222K (74%)
----------------- Invoking toplevel() on ptolemy.moml.MoMLSimpleApplication@68ba9da5
----------------- Done invoking toplevel() on ptolemy.moml.MoMLSimpleApplication@68ba9da5
reloadAllAccessors: .arrayType18

===========================================================================================
----------------- testing Wed Jul 15 15:11:57 UTC 2020 /home/travis/build/icyphy/ptII/ptolemy/actor/lib/test/auto/arrayType19.xml
----------------- Instantiating /home/travis/build/icyphy/ptII/ptolemy/actor/lib/test/auto/arrayType19.xml
1 ms. Memory: 261120K Free: 189612K (73%)
----------------- Invoking toplevel() on ptolemy.moml.MoMLSimpleApplication@5a308cd8
----------------- Done invoking toplevel() on ptolemy.moml.MoMLSimpleApplication@5a308cd8
reloadAllAccessors: .arrayType19

===========================================================================================
----------------- testing Wed Jul 15 15:11:57 UTC 2020 /home/travis/build/icyphy/ptII/ptolemy/actor/lib/test/auto/arrayType2.xml
----------------- Instantiating /home/travis/build/icyphy/ptII/ptolemy/actor/lib/test/auto/arrayType2.xml
1 ms. Memory: 261120K Free: 184492K (71%)
----------------- Invoking toplevel() on ptolemy.moml.MoMLSimpleApplication@4b6ba3cc
----------------- Done invoking toplevel() on ptolemy.moml.MoMLSimpleApplication@4b6ba3cc
reloadAllAccessors: .arrayType2

===========================================================================================
----------------- testing Wed Jul 15 15:11:57 UTC 2020 /home/travis/build/icyphy/ptII/ptolemy/actor/lib/test/auto/arrayType20.xml
----------------- Instantiating /home/travis/build/icyphy/ptII/ptolemy/actor/lib/test/auto/arrayType20.xml
1 ms. Memory: 261120K Free: 179372K (69%)
----------------- Invoking toplevel() on ptolemy.moml.MoMLSimpleApplication@775eaa1f
----------------- Done invoking toplevel() on ptolemy.moml.MoMLSimpleApplication@775eaa1f
reloadAllAccessors: .arrayType20

===========================================================================================
----------------- testing Wed Jul 15 15:11:57 UTC 2020 /home/travis/build/icyphy/ptII/ptolemy/actor/lib/test/auto/arrayType21.xml
----------------- Instantiating /home/travis/build/icyphy/ptII/ptolemy/actor/lib/test/auto/arrayType21.xml
1 ms. Memory: 261120K Free: 174766K (67%)
----------------- Invoking toplevel() on ptolemy.moml.MoMLSimpleApplication@211ec6d2
----------------- Done invoking toplevel() on ptolemy.moml.MoMLSimpleApplication@211ec6d2
reloadAllAccessors: .arrayType21

===========================================================================================
----------------- testing Wed Jul 15 15:11:57 UTC 2020 /home/travis/build/icyphy/ptII/ptolemy/actor/lib/test/auto/arrayType22.xml
----------------- Instantiating /home/travis/build/icyphy/ptII/ptolemy/actor/lib/test/auto/arrayType22.xml
1 ms. Memory: 261120K Free: 170156K (65%)
----------------- Invoking toplevel() on ptolemy.moml.MoMLSimpleApplication@3a2c4012
----------------- Done invoking toplevel() on ptolemy.moml.MoMLSimpleApplication@3a2c4012
reloadAllAccessors: .arrayType22

===========================================================================================
----------------- testing Wed Jul 15 15:11:57 UTC 2020 /home/travis/build/icyphy/ptII/ptolemy/actor/lib/test/auto/arrayType23.xml
----------------- Instantiating /home/travis/build/icyphy/ptII/ptolemy/actor/lib/test/auto/arrayType23.xml
2 ms. Memory: 261120K Free: 165550K (63%)
----------------- Invoking toplevel() on ptolemy.moml.MoMLSimpleApplication@744e9f97
----------------- Done invoking toplevel() on ptolemy.moml.MoMLSimpleApplication@744e9f97
reloadAllAccessors: .arrayType23

===========================================================================================
----------------- testing Wed Jul 15 15:11:57 UTC 2020 /home/travis/build/icyphy/ptII/ptolemy/actor/lib/test/auto/arrayType24.xml
----------------- Instantiating /home/travis/build/icyphy/ptII/ptolemy/actor/lib/test/auto/arrayType24.xml
1 ms. Memory: 261120K Free: 160940K (62%)
----------------- Invoking toplevel() on ptolemy.moml.MoMLSimpleApplication@672bb087
----------------- Done invoking toplevel() on ptolemy.moml.MoMLSimpleApplication@672bb087
reloadAllAccessors: .arrayType24

===========================================================================================
----------------- testing Wed Jul 15 15:11:57 UTC 2020 /home/travis/build/icyphy/ptII/ptolemy/actor/lib/test/auto/arrayType25.xml
----------------- Instantiating /home/travis/build/icyphy/ptII/ptolemy/actor/lib/test/auto/arrayType25.xml
2 ms. Memory: 261120K Free: 154796K (59%)
----------------- Invoking toplevel() on ptolemy.moml.MoMLSimpleApplication@793c74e7
----------------- Done invoking toplevel() on ptolemy.moml.MoMLSimpleApplication@793c74e7
reloadAllAccessors: .arrayType25

===========================================================================================
----------------- testing Wed Jul 15 15:11:57 UTC 2020 /home/travis/build/icyphy/ptII/ptolemy/actor/lib/test/auto/arrayType26.xml
----------------- Instantiating /home/travis/build/icyphy/ptII/ptolemy/actor/lib/test/auto/arrayType26.xml
1 ms. Memory: 261120K Free: 149662K (57%)
----------------- Invoking toplevel() on ptolemy.moml.MoMLSimpleApplication@4d5be002
----------------- Done invoking toplevel() on ptolemy.moml.MoMLSimpleApplication@4d5be002
reloadAllAccessors: .arrayType26

===========================================================================================
----------------- testing Wed Jul 15 15:11:57 UTC 2020 /home/travis/build/icyphy/ptII/ptolemy/actor/lib/test/auto/arrayType27.xml
----------------- Instantiating /home/travis/build/icyphy/ptII/ptolemy/actor/lib/test/auto/arrayType27.xml
1 ms. Memory: 261120K Free: 144556K (55%)
----------------- Invoking toplevel() on ptolemy.moml.MoMLSimpleApplication@645fbc6e
----------------- Done invoking toplevel() on ptolemy.moml.MoMLSimpleApplication@645fbc6e
reloadAllAccessors: .arrayType27

===========================================================================================
----------------- testing Wed Jul 15 15:11:57 UTC 2020 /home/travis/build/icyphy/ptII/ptolemy/actor/lib/test/auto/arrayType28.xml
----------------- Instantiating /home/travis/build/icyphy/ptII/ptolemy/actor/lib/test/auto/arrayType28.xml
3 ms. Memory: 261120K Free: 139422K (53%)
----------------- Invoking toplevel() on ptolemy.moml.MoMLSimpleApplication@6b90e7e6
----------------- Done invoking toplevel() on ptolemy.moml.MoMLSimpleApplication@6b90e7e6
reloadAllAccessors: .arrayType28

===========================================================================================
----------------- testing Wed Jul 15 15:11:57 UTC 2020 /home/travis/build/icyphy/ptII/ptolemy/actor/lib/test/auto/arrayType3.xml
----------------- Instantiating /home/travis/build/icyphy/ptII/ptolemy/actor/lib/test/auto/arrayType3.xml
2 ms. Memory: 261120K Free: 133806K (51%)
----------------- Invoking toplevel() on ptolemy.moml.MoMLSimpleApplication@69c22a93
----------------- Done invoking toplevel() on ptolemy.moml.MoMLSimpleApplication@69c22a93
reloadAllAccessors: .arrayType3

===========================================================================================
----------------- testing Wed Jul 15 15:11:57 UTC 2020 /home/travis/build/icyphy/ptII/ptolemy/actor/lib/test/auto/arrayType4.xml
----------------- Instantiating /home/travis/build/icyphy/ptII/ptolemy/actor/lib/test/auto/arrayType4.xml
1 ms. Memory: 261120K Free: 128686K (49%)
----------------- Invoking toplevel() on ptolemy.moml.MoMLSimpleApplication@6996b160
----------------- Done invoking toplevel() on ptolemy.moml.MoMLSimpleApplication@6996b160
reloadAllAccessors: .arrayType4

===========================================================================================
----------------- testing Wed Jul 15 15:11:57 UTC 2020 /home/travis/build/icyphy/ptII/ptolemy/actor/lib/test/auto/arrayType5.xml
----------------- Instantiating /home/travis/build/icyphy/ptII/ptolemy/actor/lib/test/auto/arrayType5.xml
1 ms. Memory: 261120K Free: 123566K (47%)
----------------- Invoking toplevel() on ptolemy.moml.MoMLSimpleApplication@4046e6
----------------- Done invoking toplevel() on ptolemy.moml.MoMLSimpleApplication@4046e6
reloadAllAccessors: .arrayType5

===========================================================================================
----------------- testing Wed Jul 15 15:11:57 UTC 2020 /home/travis/build/icyphy/ptII/ptolemy/actor/lib/test/auto/arrayType6.xml
----------------- Instantiating /home/travis/build/icyphy/ptII/ptolemy/actor/lib/test/auto/arrayType6.xml
1 ms. Memory: 261120K Free: 118956K (46%)
----------------- Invoking toplevel() on ptolemy.moml.MoMLSimpleApplication@40ec7dba
----------------- Done invoking toplevel() on ptolemy.moml.MoMLSimpleApplication@40ec7dba
reloadAllAccessors: .arrayType6

===========================================================================================
----------------- testing Wed Jul 15 15:11:57 UTC 2020 /home/travis/build/icyphy/ptII/ptolemy/actor/lib/test/auto/arrayType7.xml
----------------- Instantiating /home/travis/build/icyphy/ptII/ptolemy/actor/lib/test/auto/arrayType7.xml
9 ms. Memory: 261120K Free: 113836K (44%)
----------------- Invoking toplevel() on ptolemy.moml.MoMLSimpleApplication@9dfd45a
----------------- Done invoking toplevel() on ptolemy.moml.MoMLSimpleApplication@9dfd45a
reloadAllAccessors: .arrayType7

===========================================================================================
----------------- testing Wed Jul 15 15:11:57 UTC 2020 /home/travis/build/icyphy/ptII/ptolemy/actor/lib/test/auto/arrayType8.xml
----------------- Instantiating /home/travis/build/icyphy/ptII/ptolemy/actor/lib/test/auto/arrayType8.xml
1 ms. Memory: 261120K Free: 109230K (42%)
----------------- Invoking toplevel() on ptolemy.moml.MoMLSimpleApplication@78d2b8a9
----------------- Done invoking toplevel() on ptolemy.moml.MoMLSimpleApplication@78d2b8a9
reloadAllAccessors: .arrayType8

===========================================================================================
----------------- testing Wed Jul 15 15:11:57 UTC 2020 /home/travis/build/icyphy/ptII/ptolemy/actor/lib/test/auto/arrayType9.xml
----------------- Instantiating /home/travis/build/icyphy/ptII/ptolemy/actor/lib/test/auto/arrayType9.xml
1 ms. Memory: 261120K Free: 104620K (40%)
----------------- Invoking toplevel() on ptolemy.moml.MoMLSimpleApplication@61afdec8
----------------- Done invoking toplevel() on ptolemy.moml.MoMLSimpleApplication@61afdec8
reloadAllAccessors: .arrayType9

===========================================================================================
----------------- testing Wed Jul 15 15:11:57 UTC 2020 /home/travis/build/icyphy/ptII/ptolemy/actor/lib/test/auto/cast.xml
----------------- Instantiating /home/travis/build/icyphy/ptII/ptolemy/actor/lib/test/auto/cast.xml
2 ms. Memory: 261120K Free: 99500K (38%)
----------------- Invoking toplevel() on ptolemy.moml.MoMLSimpleApplication@4bce5aaa
----------------- Done invoking toplevel() on ptolemy.moml.MoMLSimpleApplication@4bce5aaa
reloadAllAccessors: .cast

===========================================================================================
----------------- testing Wed Jul 15 15:11:57 UTC 2020 /home/travis/build/icyphy/ptII/ptolemy/actor/lib/test/auto/compositeMultiPort.xml
----------------- Instantiating /home/travis/build/icyphy/ptII/ptolemy/actor/lib/test/auto/compositeMultiPort.xml
3 ms. Memory: 261120K Free: 90798K (35%)
----------------- Invoking toplevel() on ptolemy.moml.MoMLSimpleApplication@224950fe
----------------- Done invoking toplevel() on ptolemy.moml.MoMLSimpleApplication@224950fe
reloadAllAccessors: .compositeMultiPort

===========================================================================================
----------------- testing Wed Jul 15 15:11:57 UTC 2020 /home/travis/build/icyphy/ptII/ptolemy/actor/lib/test/auto/expressionCastInference.xml
----------------- Instantiating /home/travis/build/icyphy/ptII/ptolemy/actor/lib/test/auto/expressionCastInference.xml
10 ms. Memory: 261120K Free: 86188K (33%)
----------------- Invoking toplevel() on ptolemy.moml.MoMLSimpleApplication@745623e7
----------------- Done invoking toplevel() on ptolemy.moml.MoMLSimpleApplication@745623e7
reloadAllAccessors: .expressionCastInference

===========================================================================================
----------------- testing Wed Jul 15 15:11:57 UTC 2020 /home/travis/build/icyphy/ptII/ptolemy/actor/lib/test/auto/expressionCastInference2.xml
----------------- Instantiating /home/travis/build/icyphy/ptII/ptolemy/actor/lib/test/auto/expressionCastInference2.xml
1 ms. Memory: 261120K Free: 81582K (31%)
----------------- Invoking toplevel() on ptolemy.moml.MoMLSimpleApplication@3a5b774f
----------------- Done invoking toplevel() on ptolemy.moml.MoMLSimpleApplication@3a5b774f
reloadAllAccessors: .expressionCastInference2

===========================================================================================
----------------- testing Wed Jul 15 15:11:57 UTC 2020 /home/travis/build/icyphy/ptII/ptolemy/actor/lib/test/auto/expressionInference.xml
----------------- Instantiating /home/travis/build/icyphy/ptII/ptolemy/actor/lib/test/auto/expressionInference.xml
1 ms. Memory: 261120K Free: 76972K (29%)
----------------- Invoking toplevel() on ptolemy.moml.MoMLSimpleApplication@3d18cce
----------------- Done invoking toplevel() on ptolemy.moml.MoMLSimpleApplication@3d18cce
reloadAllAccessors: .expressionInference

===========================================================================================
----------------- testing Wed Jul 15 15:11:57 UTC 2020 /home/travis/build/icyphy/ptII/ptolemy/actor/lib/test/auto/expression_bug.xml
----------------- Instantiating /home/travis/build/icyphy/ptII/ptolemy/actor/lib/test/auto/expression_bug.xml
1 ms. Memory: 261120K Free: 72876K (28%)
----------------- Invoking toplevel() on ptolemy.moml.MoMLSimpleApplication@3b2462ec
----------------- Done invoking toplevel() on ptolemy.moml.MoMLSimpleApplication@3b2462ec
reloadAllAccessors: .expression_bug

===========================================================================================
----------------- testing Wed Jul 15 15:11:57 UTC 2020 /home/travis/build/icyphy/ptII/ptolemy/actor/lib/test/auto/factorial.xml
----------------- Instantiating /home/travis/build/icyphy/ptII/ptolemy/actor/lib/test/auto/factorial.xml
36 ms. Memory: 261120K Free: 64684K (25%)
----------------- Invoking toplevel() on ptolemy.moml.MoMLSimpleApplication@34c68973
----------------- Done invoking toplevel() on ptolemy.moml.MoMLSimpleApplication@34c68973
reloadAllAccessors: .factorial

===========================================================================================
----------------- testing Wed Jul 15 15:11:58 UTC 2020 /home/travis/build/icyphy/ptII/ptolemy/actor/lib/test/auto/filterTest1.xml
----------------- Instantiating /home/travis/build/icyphy/ptII/ptolemy/actor/lib/test/auto/filterTest1.xml
2 ms. Memory: 261120K Free: 59054K (23%)
----------------- Invoking toplevel() on ptolemy.moml.MoMLSimpleApplication@3b544db3
----------------- Done invoking toplevel() on ptolemy.moml.MoMLSimpleApplication@3b544db3
reloadAllAccessors: .filterTest1

===========================================================================================
----------------- testing Wed Jul 15 15:11:58 UTC 2020 /home/travis/build/icyphy/ptII/ptolemy/actor/lib/test/auto/funcApplyInConst.xml
----------------- Instantiating /home/travis/build/icyphy/ptII/ptolemy/actor/lib/test/auto/funcApplyInConst.xml
0 ms. Memory: 261120K Free: 54958K (21%)
----------------- Invoking toplevel() on ptolemy.moml.MoMLSimpleApplication@57abd5a7
----------------- Done invoking toplevel() on ptolemy.moml.MoMLSimpleApplication@57abd5a7
reloadAllAccessors: .funcApplyInConst

===========================================================================================
----------------- testing Wed Jul 15 15:11:58 UTC 2020 /home/travis/build/icyphy/ptII/ptolemy/actor/lib/test/auto/funcApplyInExpr.xml
----------------- Instantiating /home/travis/build/icyphy/ptII/ptolemy/actor/lib/test/auto/funcApplyInExpr.xml
0 ms. Memory: 261120K Free: 203963K (78%)
----------------- Invoking toplevel() on ptolemy.moml.MoMLSimpleApplication@63acae2b
----------------- Done invoking toplevel() on ptolemy.moml.MoMLSimpleApplication@63acae2b
reloadAllAccessors: .funcApplyInExpr

===========================================================================================
----------------- testing Wed Jul 15 15:11:58 UTC 2020 /home/travis/build/icyphy/ptII/ptolemy/actor/lib/test/auto/function.xml
----------------- Instantiating /home/travis/build/icyphy/ptII/ptolemy/actor/lib/test/auto/function.xml
1 ms. Memory: 261120K Free: 199357K (76%)
----------------- Invoking toplevel() on ptolemy.moml.MoMLSimpleApplication@5d6787d4
----------------- Done invoking toplevel() on ptolemy.moml.MoMLSimpleApplication@5d6787d4
reloadAllAccessors: .function

===========================================================================================
----------------- testing Wed Jul 15 15:11:58 UTC 2020 /home/travis/build/icyphy/ptII/ptolemy/actor/lib/test/auto/function2.xml
----------------- Instantiating /home/travis/build/icyphy/ptII/ptolemy/actor/lib/test/auto/function2.xml
2 ms. Memory: 261120K Free: 194237K (74%)
----------------- Invoking toplevel() on ptolemy.moml.MoMLSimpleApplication@604f80f8
----------------- Done invoking toplevel() on ptolemy.moml.MoMLSimpleApplication@604f80f8
reloadAllAccessors: .function2

===========================================================================================
----------------- testing Wed Jul 15 15:11:58 UTC 2020 /home/travis/build/icyphy/ptII/ptolemy/actor/lib/test/auto/function3.xml
----------------- Instantiating /home/travis/build/icyphy/ptII/ptolemy/actor/lib/test/auto/function3.xml
0 ms. Memory: 261120K Free: 190651K (73%)
----------------- Invoking toplevel() on ptolemy.moml.MoMLSimpleApplication@313475c9
----------------- Done invoking toplevel() on ptolemy.moml.MoMLSimpleApplication@313475c9
reloadAllAccessors: .function3

===========================================================================================
----------------- testing Wed Jul 15 15:11:58 UTC 2020 /home/travis/build/icyphy/ptII/ptolemy/actor/lib/test/auto/functionClosureTest1.xml
----------------- Instantiating /home/travis/build/icyphy/ptII/ptolemy/actor/lib/test/auto/functionClosureTest1.xml
1 ms. Memory: 261120K Free: 185021K (71%)
----------------- Invoking toplevel() on ptolemy.moml.MoMLSimpleApplication@59ba4d6
----------------- Done invoking toplevel() on ptolemy.moml.MoMLSimpleApplication@59ba4d6
reloadAllAccessors: .functionClosureTest1

===========================================================================================
----------------- testing Wed Jul 15 15:11:58 UTC 2020 /home/travis/build/icyphy/ptII/ptolemy/actor/lib/test/auto/functionClosureTest2.xml
----------------- Instantiating /home/travis/build/icyphy/ptII/ptolemy/actor/lib/test/auto/functionClosureTest2.xml
1 ms. Memory: 261120K Free: 180925K (69%)
----------------- Invoking toplevel() on ptolemy.moml.MoMLSimpleApplication@6150491c
----------------- Done invoking toplevel() on ptolemy.moml.MoMLSimpleApplication@6150491c
reloadAllAccessors: .functionClosureTest2

===========================================================================================
----------------- testing Wed Jul 15 15:11:58 UTC 2020 /home/travis/build/icyphy/ptII/ptolemy/actor/lib/test/auto/functionClosureTest3.xml
----------------- Instantiating /home/travis/build/icyphy/ptII/ptolemy/actor/lib/test/auto/functionClosureTest3.xml
2 ms. Memory: 261120K Free: 175805K (67%)
----------------- Invoking toplevel() on ptolemy.moml.MoMLSimpleApplication@2f0e9695
----------------- Done invoking toplevel() on ptolemy.moml.MoMLSimpleApplication@2f0e9695
reloadAllAccessors: .functionClosureTest3

===========================================================================================
----------------- testing Wed Jul 15 15:11:58 UTC 2020 /home/travis/build/icyphy/ptII/ptolemy/actor/lib/test/auto/functionClosureTest4.xml
----------------- Instantiating /home/travis/build/icyphy/ptII/ptolemy/actor/lib/test/auto/functionClosureTest4.xml
5 ms. Memory: 261120K Free: 169661K (65%)
----------------- Invoking toplevel() on ptolemy.moml.MoMLSimpleApplication@71a6f599
----------------- Done invoking toplevel() on ptolemy.moml.MoMLSimpleApplication@71a6f599
reloadAllAccessors: .functionClosureTest4

===========================================================================================
----------------- testing Wed Jul 15 15:11:58 UTC 2020 /home/travis/build/icyphy/ptII/ptolemy/actor/lib/test/auto/functionClosureTest5.xml
----------------- Instantiating /home/travis/build/icyphy/ptII/ptolemy/actor/lib/test/auto/functionClosureTest5.xml
3 ms. Memory: 261120K Free: 164541K (63%)
----------------- Invoking toplevel() on ptolemy.moml.MoMLSimpleApplication@4af9ac5c
----------------- Done invoking toplevel() on ptolemy.moml.MoMLSimpleApplication@4af9ac5c
reloadAllAccessors: .functionClosureTest5

===========================================================================================
----------------- testing Wed Jul 15 15:11:58 UTC 2020 /home/travis/build/icyphy/ptII/ptolemy/actor/lib/test/auto/functionClosureTest6.xml
----------------- Instantiating /home/travis/build/icyphy/ptII/ptolemy/actor/lib/test/auto/functionClosureTest6.xml
1 ms. Memory: 261120K Free: 159421K (61%)
----------------- Invoking toplevel() on ptolemy.moml.MoMLSimpleApplication@75c1cd90
----------------- Done invoking toplevel() on ptolemy.moml.MoMLSimpleApplication@75c1cd90
reloadAllAccessors: .functionClosureTest6

===========================================================================================
----------------- testing Wed Jul 15 15:11:58 UTC 2020 /home/travis/build/icyphy/ptII/ptolemy/actor/lib/test/auto/functionsOnArcs.xml
----------------- Instantiating /home/travis/build/icyphy/ptII/ptolemy/actor/lib/test/auto/functionsOnArcs.xml
1 ms. Memory: 261120K Free: 154301K (59%)
----------------- Invoking toplevel() on ptolemy.moml.MoMLSimpleApplication@68df0dd
----------------- Done invoking toplevel() on ptolemy.moml.MoMLSimpleApplication@68df0dd
reloadAllAccessors: .functionsOnArcs

===========================================================================================
----------------- testing Wed Jul 15 15:11:58 UTC 2020 /home/travis/build/icyphy/ptII/ptolemy/actor/lib/test/auto/functionsOnArcsHOF.xml
----------------- Instantiating /home/travis/build/icyphy/ptII/ptolemy/actor/lib/test/auto/functionsOnArcsHOF.xml
3 ms. Memory: 261120K Free: 148667K (57%)
----------------- Invoking toplevel() on ptolemy.moml.MoMLSimpleApplication@7be71421
----------------- Done invoking toplevel() on ptolemy.moml.MoMLSimpleApplication@7be71421
reloadAllAccessors: .functionsOnArcsHOF

===========================================================================================
----------------- testing Wed Jul 15 15:11:58 UTC 2020 /home/travis/build/icyphy/ptII/ptolemy/actor/lib/test/auto/logic.xml
----------------- Instantiating /home/travis/build/icyphy/ptII/ptolemy/actor/lib/test/auto/logic.xml
1 ms. Memory: 261120K Free: 140989K (54%)
----------------- Invoking toplevel() on ptolemy.moml.MoMLSimpleApplication@3b8d194b
----------------- Done invoking toplevel() on ptolemy.moml.MoMLSimpleApplication@3b8d194b
reloadAllAccessors: .logic

===========================================================================================
----------------- testing Wed Jul 15 15:11:58 UTC 2020 /home/travis/build/icyphy/ptII/ptolemy/actor/lib/test/auto/matrixType.xml
----------------- Instantiating /home/travis/build/icyphy/ptII/ptolemy/actor/lib/test/auto/matrixType.xml
1 ms. Memory: 261120K Free: 136379K (52%)
----------------- Invoking toplevel() on ptolemy.moml.MoMLSimpleApplication@15738f67
----------------- Done invoking toplevel() on ptolemy.moml.MoMLSimpleApplication@15738f67
reloadAllAccessors: .matrixType

===========================================================================================
----------------- testing Wed Jul 15 15:11:58 UTC 2020 /home/travis/build/icyphy/ptII/ptolemy/actor/lib/test/auto/matrixType10.xml
----------------- Instantiating /home/travis/build/icyphy/ptII/ptolemy/actor/lib/test/auto/matrixType10.xml
1 ms. Memory: 261120K Free: 131773K (50%)
----------------- Invoking toplevel() on ptolemy.moml.MoMLSimpleApplication@577c56fa
----------------- Done invoking toplevel() on ptolemy.moml.MoMLSimpleApplication@577c56fa
reloadAllAccessors: .matrixType10

===========================================================================================
----------------- testing Wed Jul 15 15:11:58 UTC 2020 /home/travis/build/icyphy/ptII/ptolemy/actor/lib/test/auto/matrixType11.xml
----------------- Instantiating /home/travis/build/icyphy/ptII/ptolemy/actor/lib/test/auto/matrixType11.xml
1 ms. Memory: 261120K Free: 126653K (49%)
----------------- Invoking toplevel() on ptolemy.moml.MoMLSimpleApplication@150c136c
----------------- Done invoking toplevel() on ptolemy.moml.MoMLSimpleApplication@150c136c
reloadAllAccessors: .matrixType11

===========================================================================================
----------------- testing Wed Jul 15 15:11:58 UTC 2020 /home/travis/build/icyphy/ptII/ptolemy/actor/lib/test/auto/matrixType12.xml
----------------- Instantiating /home/travis/build/icyphy/ptII/ptolemy/actor/lib/test/auto/matrixType12.xml
1 ms. Memory: 261120K Free: 122043K (47%)
----------------- Invoking toplevel() on ptolemy.moml.MoMLSimpleApplication@174bbb5d
----------------- Done invoking toplevel() on ptolemy.moml.MoMLSimpleApplication@174bbb5d
reloadAllAccessors: .matrixType12

===========================================================================================
----------------- testing Wed Jul 15 15:11:58 UTC 2020 /home/travis/build/icyphy/ptII/ptolemy/actor/lib/test/auto/matrixType13.xml
----------------- Instantiating /home/travis/build/icyphy/ptII/ptolemy/actor/lib/test/auto/matrixType13.xml
1 ms. Memory: 261120K Free: 117437K (45%)
----------------- Invoking toplevel() on ptolemy.moml.MoMLSimpleApplication@455053e5
----------------- Done invoking toplevel() on ptolemy.moml.MoMLSimpleApplication@455053e5
reloadAllAccessors: .matrixType13

===========================================================================================
----------------- testing Wed Jul 15 15:11:58 UTC 2020 /home/travis/build/icyphy/ptII/ptolemy/actor/lib/test/auto/matrixType14.xml
----------------- Instantiating /home/travis/build/icyphy/ptII/ptolemy/actor/lib/test/auto/matrixType14.xml
1 ms. Memory: 261120K Free: 111803K (43%)
----------------- Invoking toplevel() on ptolemy.moml.MoMLSimpleApplication@10bb0a80
----------------- Done invoking toplevel() on ptolemy.moml.MoMLSimpleApplication@10bb0a80
reloadAllAccessors: .matrixType14

===========================================================================================
----------------- testing Wed Jul 15 15:11:58 UTC 2020 /home/travis/build/icyphy/ptII/ptolemy/actor/lib/test/auto/matrixType2.xml
----------------- Instantiating /home/travis/build/icyphy/ptII/ptolemy/actor/lib/test/auto/matrixType2.xml
1 ms. Memory: 261120K Free: 106669K (41%)
----------------- Invoking toplevel() on ptolemy.moml.MoMLSimpleApplication@4e6ca768
----------------- Done invoking toplevel() on ptolemy.moml.MoMLSimpleApplication@4e6ca768
reloadAllAccessors: .matrixType2

===========================================================================================
----------------- testing Wed Jul 15 15:11:58 UTC 2020 /home/travis/build/icyphy/ptII/ptolemy/actor/lib/test/auto/matrixType3.xml
----------------- Instantiating /home/travis/build/icyphy/ptII/ptolemy/actor/lib/test/auto/matrixType3.xml
3 ms. Memory: 261120K Free: 102077K (39%)
----------------- Invoking toplevel() on ptolemy.moml.MoMLSimpleApplication@aeb1cea
----------------- Done invoking toplevel() on ptolemy.moml.MoMLSimpleApplication@aeb1cea
reloadAllAccessors: .matrixType3

===========================================================================================
----------------- testing Wed Jul 15 15:11:58 UTC 2020 /home/travis/build/icyphy/ptII/ptolemy/actor/lib/test/auto/matrixType4.xml
----------------- Instantiating /home/travis/build/icyphy/ptII/ptolemy/actor/lib/test/auto/matrixType4.xml
1 ms. Memory: 261120K Free: 96957K (37%)
----------------- Invoking toplevel() on ptolemy.moml.MoMLSimpleApplication@4fea5c88
----------------- Done invoking toplevel() on ptolemy.moml.MoMLSimpleApplication@4fea5c88
reloadAllAccessors: .matrixType4

===========================================================================================
----------------- testing Wed Jul 15 15:11:58 UTC 2020 /home/travis/build/icyphy/ptII/ptolemy/actor/lib/test/auto/matrixType5.xml
----------------- Instantiating /home/travis/build/icyphy/ptII/ptolemy/actor/lib/test/auto/matrixType5.xml
1 ms. Memory: 261120K Free: 92347K (35%)
----------------- Invoking toplevel() on ptolemy.moml.MoMLSimpleApplication@3af79758
----------------- Done invoking toplevel() on ptolemy.moml.MoMLSimpleApplication@3af79758
reloadAllAccessors: .matrixType5

===========================================================================================
----------------- testing Wed Jul 15 15:11:58 UTC 2020 /home/travis/build/icyphy/ptII/ptolemy/actor/lib/test/auto/matrixType6.xml
----------------- Instantiating /home/travis/build/icyphy/ptII/ptolemy/actor/lib/test/auto/matrixType6.xml
1 ms. Memory: 261120K Free: 87227K (33%)
----------------- Invoking toplevel() on ptolemy.moml.MoMLSimpleApplication@741a51b0
----------------- Done invoking toplevel() on ptolemy.moml.MoMLSimpleApplication@741a51b0
reloadAllAccessors: .matrixType6

===========================================================================================
----------------- testing Wed Jul 15 15:11:58 UTC 2020 /home/travis/build/icyphy/ptII/ptolemy/actor/lib/test/auto/matrixType7.xml
----------------- Instantiating /home/travis/build/icyphy/ptII/ptolemy/actor/lib/test/auto/matrixType7.xml
1 ms. Memory: 261120K Free: 82621K (32%)
----------------- Invoking toplevel() on ptolemy.moml.MoMLSimpleApplication@40f7fc14
----------------- Done invoking toplevel() on ptolemy.moml.MoMLSimpleApplication@40f7fc14
reloadAllAccessors: .matrixType7

===========================================================================================
----------------- testing Wed Jul 15 15:11:58 UTC 2020 /home/travis/build/icyphy/ptII/ptolemy/actor/lib/test/auto/matrixType8.xml
----------------- Instantiating /home/travis/build/icyphy/ptII/ptolemy/actor/lib/test/auto/matrixType8.xml
1 ms. Memory: 261120K Free: 78011K (30%)
----------------- Invoking toplevel() on ptolemy.moml.MoMLSimpleApplication@50994dd6
----------------- Done invoking toplevel() on ptolemy.moml.MoMLSimpleApplication@50994dd6
reloadAllAccessors: .matrixType8

===========================================================================================
----------------- testing Wed Jul 15 15:11:58 UTC 2020 /home/travis/build/icyphy/ptII/ptolemy/actor/lib/test/auto/matrixType9.xml
----------------- Instantiating /home/travis/build/icyphy/ptII/ptolemy/actor/lib/test/auto/matrixType9.xml
1 ms. Memory: 261120K Free: 72891K (28%)
----------------- Invoking toplevel() on ptolemy.moml.MoMLSimpleApplication@3a33d6f0
----------------- Done invoking toplevel() on ptolemy.moml.MoMLSimpleApplication@3a33d6f0
reloadAllAccessors: .matrixType9

===========================================================================================
----------------- testing Wed Jul 15 15:11:58 UTC 2020 /home/travis/build/icyphy/ptII/ptolemy/actor/lib/test/auto/paraFunctest.xml
----------------- Instantiating /home/travis/build/icyphy/ptII/ptolemy/actor/lib/test/auto/paraFunctest.xml
2 ms. Memory: 261120K Free: 68795K (26%)
----------------- Invoking toplevel() on ptolemy.moml.MoMLSimpleApplication@4cb876f3
----------------- Done invoking toplevel() on ptolemy.moml.MoMLSimpleApplication@4cb876f3
reloadAllAccessors: .paraFunctest

===========================================================================================
----------------- testing Wed Jul 15 15:11:58 UTC 2020 /home/travis/build/icyphy/ptII/ptolemy/actor/lib/test/auto/paraFunctest2.xml
----------------- Instantiating /home/travis/build/icyphy/ptII/ptolemy/actor/lib/test/auto/paraFunctest2.xml
1 ms. Memory: 261120K Free: 65213K (25%)
----------------- Invoking toplevel() on ptolemy.moml.MoMLSimpleApplication@3c2a9b67
----------------- Done invoking toplevel() on ptolemy.moml.MoMLSimpleApplication@3c2a9b67
reloadAllAccessors: .paraFunctest2

===========================================================================================
----------------- testing Wed Jul 15 15:11:58 UTC 2020 /home/travis/build/icyphy/ptII/ptolemy/actor/lib/test/auto/parameterPassing.xml
----------------- Instantiating /home/travis/build/icyphy/ptII/ptolemy/actor/lib/test/auto/parameterPassing.xml
1 ms. Memory: 261120K Free: 60603K (23%)
----------------- Invoking toplevel() on ptolemy.moml.MoMLSimpleApplication@46dffb14
----------------- Done invoking toplevel() on ptolemy.moml.MoMLSimpleApplication@46dffb14
reloadAllAccessors: .parameterPassing

===========================================================================================
----------------- testing Wed Jul 15 15:11:58 UTC 2020 /home/travis/build/icyphy/ptII/ptolemy/actor/lib/test/auto/record.xml
----------------- Instantiating /home/travis/build/icyphy/ptII/ptolemy/actor/lib/test/auto/record.xml
2 ms. Memory: 261120K Free: 55997K (21%)
----------------- Invoking toplevel() on ptolemy.moml.MoMLSimpleApplication@4d4d4e8a
----------------- Done invoking toplevel() on ptolemy.moml.MoMLSimpleApplication@4d4d4e8a
reloadAllAccessors: .record

===========================================================================================
----------------- testing Wed Jul 15 15:11:58 UTC 2020 /home/travis/build/icyphy/ptII/ptolemy/actor/lib/test/auto/sizedarray1.xml
----------------- Instantiating /home/travis/build/icyphy/ptII/ptolemy/actor/lib/test/auto/sizedarray1.xml
1 ms. Memory: 261120K Free: 203374K (78%)
----------------- Invoking toplevel() on ptolemy.moml.MoMLSimpleApplication@18259370
----------------- Done invoking toplevel() on ptolemy.moml.MoMLSimpleApplication@18259370
reloadAllAccessors: .sizedarray1

===========================================================================================
----------------- testing Wed Jul 15 15:11:58 UTC 2020 /home/travis/build/icyphy/ptII/ptolemy/actor/lib/test/auto/sizedarray2.xml
----------------- Instantiating /home/travis/build/icyphy/ptII/ptolemy/actor/lib/test/auto/sizedarray2.xml
2 ms. Memory: 261120K Free: 197740K (76%)
----------------- Invoking toplevel() on ptolemy.moml.MoMLSimpleApplication@27f64ebd
----------------- Done invoking toplevel() on ptolemy.moml.MoMLSimpleApplication@27f64ebd
reloadAllAccessors: .sizedarray2

===========================================================================================
----------------- testing Wed Jul 15 15:11:58 UTC 2020 /home/travis/build/icyphy/ptII/ptolemy/actor/lib/test/auto/twoPublishers.xml
----------------- Instantiating /home/travis/build/icyphy/ptII/ptolemy/actor/lib/test/auto/twoPublishers.xml
5 ms. Memory: 261120K Free: 187486K (72%)
----------------- Invoking toplevel() on ptolemy.moml.MoMLSimpleApplication@187b3f30
----------------- Done invoking toplevel() on ptolemy.moml.MoMLSimpleApplication@187b3f30
reloadAllAccessors: .twoPublishers
AutoTests.java: About to close Vertx.
AutoTests.java: Vertx closed.
]]></system-out>
  <system-err><![CDATA[java.lang.RuntimeException: Execution failed
	at ptolemy.moml.MoMLSimpleApplication$UnloadThread.run(MoMLSimpleApplication.java:402)
Caused by: java.lang.RuntimeException: StringUtilities.exit() was called. Normally, we would exit here because Manager.exitAfterWrapup() was called.  However, because the ptolemy.ptII.exitAfterWrapup property is set, we throw this exception instead.
	at ptolemy.util.StringUtilities.exit(StringUtilities.java:365)
	at ptolemy.actor.Manager.wrapup(Manager.java:1549)
	at ptolemy.actor.Manager.execute(Manager.java:407)
	at ptolemy.actor.Manager.run(Manager.java:1263)
	at ptolemy.actor.Manager$PtolemyRunThread.run(Manager.java:1933)
Warning: '.top.test' is in training mode, set the trainingMode parameter to false before checking in
Warning: '.top.test' is in training mode, set the trainingMode parameter to false before checking in
Warning: '.top.test' is in training mode, set the trainingMode parameter to false before checking in
Warning: '.BooleanSwitch_RegressionTest_WrongTrainingValues.Test' is in training mode, set the trainingMode parameter to false before checking in
Warning: '.BooleanSwitch_RegressionTest_WrongTrainingValues.Test2' is in training mode, set the trainingMode parameter to false before checking in
Warning: '.BooleanSwitch_RegressionTest_WrongTrainingValues.Test2' The test produced 0 tokens.
Warning: '.top.testExceptionHandler' is in training mode, set the trainingMode parameter to false before checking in
java.lang.RuntimeException: Execution failed
	at ptolemy.moml.MoMLSimpleApplication$UnloadThread.run(MoMLSimpleApplication.java:402)
Caused by: ptolemy.kernel.util.IllegalActionException: PublisherPorts cannot be used at the top level, use a Publisher actor instead.
  in .PublisherPortToplevelSubscriber.PublisherPort
	at ptolemy.actor.PublisherPort.preinitialize(PublisherPort.java:403)
	at ptolemy.actor.CompositeActor.preinitialize(CompositeActor.java:1769)
	at ptolemy.actor.Manager.preinitializeAndResolveTypes(Manager.java:1040)
	at ptolemy.actor.Manager.initialize(Manager.java:710)
	at ptolemy.actor.Manager.execute(Manager.java:356)
	at ptolemy.actor.Manager.run(Manager.java:1263)
	at ptolemy.actor.Manager$PtolemyRunThread.run(Manager.java:1933)
java.lang.reflect.InvocationTargetException
	at java.base/jdk.internal.reflect.NativeConstructorAccessorImpl.newInstance0(Native Method)
	at java.base/jdk.internal.reflect.NativeConstructorAccessorImpl.newInstance(NativeConstructorAccessorImpl.java:62)
	at java.base/jdk.internal.reflect.DelegatingConstructorAccessorImpl.newInstance(DelegatingConstructorAccessorImpl.java:45)
	at java.base/java.lang.reflect.Constructor.newInstance(Constructor.java:490)
	at ptolemy.util.test.junit.AutoKnownFailedTests.RunModel(AutoKnownFailedTests.java:105)
	at java.base/jdk.internal.reflect.NativeMethodAccessorImpl.invoke0(Native Method)
	at java.base/jdk.internal.reflect.NativeMethodAccessorImpl.invoke(NativeMethodAccessorImpl.java:62)
	at java.base/jdk.internal.reflect.DelegatingMethodAccessorImpl.invoke(DelegatingMethodAccessorImpl.java:43)
	at java.base/java.lang.reflect.Method.invoke(Method.java:566)
	at org.junit.runners.model.FrameworkMethod$1.runReflectiveCall(FrameworkMethod.java:44)
	at org.junit.internal.runners.model.ReflectiveCallable.run(ReflectiveCallable.java:15)
	at org.junit.runners.model.FrameworkMethod.invokeExplosively(FrameworkMethod.java:41)
	at junitparams.internal.InvokeParameterisedMethod.evaluate(InvokeParameterisedMethod.java:102)
	at org.junit.internal.runners.statements.FailOnTimeout$1.run(FailOnTimeout.java:28)
Caused by: ptolemy.kernel.util.IllegalActionException: PublisherPorts cannot be used at the top level, use a Publisher actor instead.
  in .PublisherPortToplevelSubscriber.PublisherPort
	at ptolemy.actor.PublisherPort.preinitialize(PublisherPort.java:403)
	at ptolemy.actor.CompositeActor.preinitialize(CompositeActor.java:1769)
	at ptolemy.actor.Manager.preinitializeAndResolveTypes(Manager.java:1040)
	at ptolemy.actor.Manager.initialize(Manager.java:710)
	at ptolemy.actor.Manager.execute(Manager.java:356)
	at ptolemy.actor.Manager.run(Manager.java:1263)
	at ptolemy.actor.Manager$PtolemyRunThread.run(Manager.java:1933)
java.lang.RuntimeException: Execution failed
	at ptolemy.moml.MoMLSimpleApplication$UnloadThread.run(MoMLSimpleApplication.java:402)
Caused by: ptolemy.kernel.util.IllegalActionException: SubscriberPorts cannot be used at the top level, use a Subscriber actor instead.
  in .PublisherSubscriberPortToplevel.SubscriberPort
	at ptolemy.actor.SubscriberPort.preinitialize(SubscriberPort.java:328)
	at ptolemy.actor.CompositeActor.preinitialize(CompositeActor.java:1769)
	at ptolemy.actor.Manager.preinitializeAndResolveTypes(Manager.java:1040)
	at ptolemy.actor.Manager.initialize(Manager.java:710)
	at ptolemy.actor.Manager.execute(Manager.java:356)
	at ptolemy.actor.Manager.run(Manager.java:1263)
	at ptolemy.actor.Manager$PtolemyRunThread.run(Manager.java:1933)
java.lang.reflect.InvocationTargetException
	at java.base/jdk.internal.reflect.NativeConstructorAccessorImpl.newInstance0(Native Method)
	at java.base/jdk.internal.reflect.NativeConstructorAccessorImpl.newInstance(NativeConstructorAccessorImpl.java:62)
	at java.base/jdk.internal.reflect.DelegatingConstructorAccessorImpl.newInstance(DelegatingConstructorAccessorImpl.java:45)
	at java.base/java.lang.reflect.Constructor.newInstance(Constructor.java:490)
	at ptolemy.util.test.junit.AutoKnownFailedTests.RunModel(AutoKnownFailedTests.java:105)
	at java.base/jdk.internal.reflect.NativeMethodAccessorImpl.invoke0(Native Method)
	at java.base/jdk.internal.reflect.NativeMethodAccessorImpl.invoke(NativeMethodAccessorImpl.java:62)
	at java.base/jdk.internal.reflect.DelegatingMethodAccessorImpl.invoke(DelegatingMethodAccessorImpl.java:43)
	at java.base/java.lang.reflect.Method.invoke(Method.java:566)
	at org.junit.runners.model.FrameworkMethod$1.runReflectiveCall(FrameworkMethod.java:44)
	at org.junit.internal.runners.model.ReflectiveCallable.run(ReflectiveCallable.java:15)
	at org.junit.runners.model.FrameworkMethod.invokeExplosively(FrameworkMethod.java:41)
	at junitparams.internal.InvokeParameterisedMethod.evaluate(InvokeParameterisedMethod.java:102)
	at org.junit.internal.runners.statements.FailOnTimeout$1.run(FailOnTimeout.java:28)
Caused by: ptolemy.kernel.util.IllegalActionException: SubscriberPorts cannot be used at the top level, use a Subscriber actor instead.
  in .PublisherSubscriberPortToplevel.SubscriberPort
	at ptolemy.actor.SubscriberPort.preinitialize(SubscriberPort.java:328)
	at ptolemy.actor.CompositeActor.preinitialize(CompositeActor.java:1769)
	at ptolemy.actor.Manager.preinitializeAndResolveTypes(Manager.java:1040)
	at ptolemy.actor.Manager.initialize(Manager.java:710)
	at ptolemy.actor.Manager.execute(Manager.java:356)
	at ptolemy.actor.Manager.run(Manager.java:1263)
	at ptolemy.actor.Manager$PtolemyRunThread.run(Manager.java:1933)
java.lang.RuntimeException: Execution failed
	at ptolemy.moml.MoMLSimpleApplication$UnloadThread.run(MoMLSimpleApplication.java:402)
Caused by: ptolemy.kernel.util.IllegalActionException: SubscriptionAggregatorPorts cannot be used at the top level, use a SubscriptionAggregator actor instead.
  in .PublisherSubscriptionAggregatorPort.SubscriptionAggregatorPort
	at ptolemy.actor.SubscriptionAggregatorPort.preinitialize(SubscriptionAggregatorPort.java:353)
	at ptolemy.actor.CompositeActor.preinitialize(CompositeActor.java:1769)
	at ptolemy.actor.Manager.preinitializeAndResolveTypes(Manager.java:1040)
	at ptolemy.actor.Manager.initialize(Manager.java:710)
	at ptolemy.actor.Manager.execute(Manager.java:356)
	at ptolemy.actor.Manager.run(Manager.java:1263)
	at ptolemy.actor.Manager$PtolemyRunThread.run(Manager.java:1933)
java.lang.reflect.InvocationTargetException
	at java.base/jdk.internal.reflect.NativeConstructorAccessorImpl.newInstance0(Native Method)
	at java.base/jdk.internal.reflect.NativeConstructorAccessorImpl.newInstance(NativeConstructorAccessorImpl.java:62)
	at java.base/jdk.internal.reflect.DelegatingConstructorAccessorImpl.newInstance(DelegatingConstructorAccessorImpl.java:45)
	at java.base/java.lang.reflect.Constructor.newInstance(Constructor.java:490)
	at ptolemy.util.test.junit.AutoKnownFailedTests.RunModel(AutoKnownFailedTests.java:105)
	at java.base/jdk.internal.reflect.NativeMethodAccessorImpl.invoke0(Native Method)
	at java.base/jdk.internal.reflect.NativeMethodAccessorImpl.invoke(NativeMethodAccessorImpl.java:62)
	at java.base/jdk.internal.reflect.DelegatingMethodAccessorImpl.invoke(DelegatingMethodAccessorImpl.java:43)
	at java.base/java.lang.reflect.Method.invoke(Method.java:566)
	at org.junit.runners.model.FrameworkMethod$1.runReflectiveCall(FrameworkMethod.java:44)
	at org.junit.internal.runners.model.ReflectiveCallable.run(ReflectiveCallable.java:15)
	at org.junit.runners.model.FrameworkMethod.invokeExplosively(FrameworkMethod.java:41)
	at junitparams.internal.InvokeParameterisedMethod.evaluate(InvokeParameterisedMethod.java:102)
	at org.junit.internal.runners.statements.FailOnTimeout$1.run(FailOnTimeout.java:28)
Caused by: ptolemy.kernel.util.IllegalActionException: SubscriptionAggregatorPorts cannot be used at the top level, use a SubscriptionAggregator actor instead.
  in .PublisherSubscriptionAggregatorPort.SubscriptionAggregatorPort
	at ptolemy.actor.SubscriptionAggregatorPort.preinitialize(SubscriptionAggregatorPort.java:353)
	at ptolemy.actor.CompositeActor.preinitialize(CompositeActor.java:1769)
	at ptolemy.actor.Manager.preinitializeAndResolveTypes(Manager.java:1040)
	at ptolemy.actor.Manager.initialize(Manager.java:710)
	at ptolemy.actor.Manager.execute(Manager.java:356)
	at ptolemy.actor.Manager.run(Manager.java:1263)
	at ptolemy.actor.Manager$PtolemyRunThread.run(Manager.java:1933)
java.lang.RuntimeException: Execution failed
	at ptolemy.moml.MoMLSimpleApplication$UnloadThread.run(MoMLSimpleApplication.java:402)
Caused by: ptolemy.kernel.util.IllegalActionException: TypeTest actor has no training data.
  in .sizedarray3.TypeTest
	at ptolemy.actor.lib.TypeTest.initialize(TypeTest.java:250)
	at ptolemy.actor.Director.initialize(Director.java:938)
	at ptolemy.actor.Director.initialize(Director.java:907)
	at ptolemy.actor.sched.StaticSchedulingDirector.initialize(StaticSchedulingDirector.java:159)
	at ptolemy.domains.sdf.kernel.SDFDirector.initialize(SDFDirector.java:544)
	at ptolemy.actor.CompositeActor.initialize(CompositeActor.java:935)
	at ptolemy.actor.Manager.initialize(Manager.java:724)
	at ptolemy.actor.Manager.execute(Manager.java:356)
	at ptolemy.actor.Manager.run(Manager.java:1263)
	at ptolemy.actor.Manager$PtolemyRunThread.run(Manager.java:1933)
java.lang.reflect.InvocationTargetException
	at java.base/jdk.internal.reflect.NativeConstructorAccessorImpl.newInstance0(Native Method)
	at java.base/jdk.internal.reflect.NativeConstructorAccessorImpl.newInstance(NativeConstructorAccessorImpl.java:62)
	at java.base/jdk.internal.reflect.DelegatingConstructorAccessorImpl.newInstance(DelegatingConstructorAccessorImpl.java:45)
	at java.base/java.lang.reflect.Constructor.newInstance(Constructor.java:490)
	at ptolemy.util.test.junit.AutoKnownFailedTests.RunModel(AutoKnownFailedTests.java:105)
	at java.base/jdk.internal.reflect.NativeMethodAccessorImpl.invoke0(Native Method)
	at java.base/jdk.internal.reflect.NativeMethodAccessorImpl.invoke(NativeMethodAccessorImpl.java:62)
	at java.base/jdk.internal.reflect.DelegatingMethodAccessorImpl.invoke(DelegatingMethodAccessorImpl.java:43)
	at java.base/java.lang.reflect.Method.invoke(Method.java:566)
	at org.junit.runners.model.FrameworkMethod$1.runReflectiveCall(FrameworkMethod.java:44)
	at org.junit.internal.runners.model.ReflectiveCallable.run(ReflectiveCallable.java:15)
	at org.junit.runners.model.FrameworkMethod.invokeExplosively(FrameworkMethod.java:41)
	at junitparams.internal.InvokeParameterisedMethod.evaluate(InvokeParameterisedMethod.java:102)
	at org.junit.internal.runners.statements.FailOnTimeout$1.run(FailOnTimeout.java:28)
Caused by: ptolemy.kernel.util.IllegalActionException: TypeTest actor has no training data.
  in .sizedarray3.TypeTest
	at ptolemy.actor.lib.TypeTest.initialize(TypeTest.java:250)
	at ptolemy.actor.Director.initialize(Director.java:938)
	at ptolemy.actor.Director.initialize(Director.java:907)
	at ptolemy.actor.sched.StaticSchedulingDirector.initialize(StaticSchedulingDirector.java:159)
	at ptolemy.domains.sdf.kernel.SDFDirector.initialize(SDFDirector.java:544)
	at ptolemy.actor.CompositeActor.initialize(CompositeActor.java:935)
	at ptolemy.actor.Manager.initialize(Manager.java:724)
	at ptolemy.actor.Manager.execute(Manager.java:356)
	at ptolemy.actor.Manager.run(Manager.java:1263)
	at ptolemy.actor.Manager$PtolemyRunThread.run(Manager.java:1933)
java.lang.RuntimeException: Execution failed
	at ptolemy.moml.MoMLSimpleApplication$UnloadThread.run(MoMLSimpleApplication.java:402)
Caused by: ptolemy.kernel.util.IllegalActionException: Test fails in iteration 0.
Value was: 6003L. Should have been: 6000L
  in .ExecutionTimeSDF.NonStrictTest
	at ptolemy.actor.lib.NonStrictTest.postfire(NonStrictTest.java:328)
	at ptolemy.actor.AtomicActor.iterate(AtomicActor.java:518)
	at ptolemy.actor.sched.StaticSchedulingDirector.fire(StaticSchedulingDirector.java:216)
	at ptolemy.domains.sdf.kernel.SDFDirector.fire(SDFDirector.java:500)
	at ptolemy.actor.CompositeActor.fire(CompositeActor.java:455)
	at ptolemy.actor.Manager.iterate(Manager.java:851)
	at ptolemy.actor.Manager.execute(Manager.java:369)
	at ptolemy.actor.Manager.run(Manager.java:1263)
	at ptolemy.actor.Manager$PtolemyRunThread.run(Manager.java:1933)
]]></system-err>
</testsuite>
