<?xml version="1.0" encoding="UTF-8" ?>
<testsuite errors="0" failures="0" hostname="travis-job-58dd796d-3dd4-4d11-8695-acfe4349729e" name="ptolemy.domains.de.test.junit.JUnitTclTest" skipped="0" tests="101" time="121.161" timestamp="2020-10-25T15:52:02">
  <properties>
    <property name="npm.executable" value="npm" />
    <property name="env.TRAVIS_ROOT" value="/" />
    <property name="ptII.mk.exists" value="true" />
    <property name="env.TRAVIS_APP_HOST" value="build.travis-ci.com" />
    <property name="env.rvm_bin_path" value="/home/travis/.rvm/bin" />
    <property name="java.home" value="/usr/local/lib/jvm/openjdk11" />
    <property name="env.TRAVIS_JOB_NUMBER" value="1810.9" />
    <property name="env.TRAVIS_HOME" value="/home/travis" />
    <property name="env.DISPLAY" value=":99.0" />
    <property name="env.TRAVIS_INIT" value="systemd" />
    <property name="env.SSH_TTY" value="/dev/pts/0" />
    <property name="java.net.preferIPv4Stack" value="true" />
    <property name="env.RUN_TESTS" value="true" />
    <property name="timeout.short" value="1000000" />
    <property name="junit.formatter" value="xml" />
    <property name="env.TRAVIS_SUDO" value="true" />
    <property name="env.TRAVIS_JOB_NAME" value="" />
    <property name="env.TRAVIS_STACK_NODE_ATTRIBUTES" value="/.node-attributes.yml" />
    <property name="env.LOGNAME" value="travis" />
    <property name="jsdoc.home" value="node_modules/@terraswarm/jsdoc" />
    <property name="debuglevel" value="source,lines,vars" />
    <property name="checkstyle.formatter" value="xml" />
    <property name="bin.vergil.makeable" value="true" />
    <property name="sun.os.patch.level" value="unknown" />
    <property name="java.vendor.url" value="http://java.oracle.com/" />
    <property name="env.TRAVIS_BUILD_WEB_URL" value="https://travis-ci.com/icyphy/ptII/builds/192622026" />
    <property name="java.version" value="11.0.2" />
    <property name="env.TZ" value="UTC" />
    <property name="env.TRAVIS_PULL_REQUEST_SHA" value="" />
    <property name="env.PT_NO_NET" value="true" />
    <property name="env.TRAVIS_SECURE_ENV_VARS" value="true" />
    <property name="java.vendor.url.bug" value="http://bugreport.java.com/bugreport/" />
    <property name="npmjs-org-is-up" value="true" />
    <property name="env.LANGUAGE" value="en_US.UTF-8" />
    <property name="env.SSH_CLIENT" value="10.16.3.7 45602 22" />
    <property name="env.GEM_HOME" value="/home/travis/.rvm/gems/ruby-2.5.3" />
    <property name="env.HAS_ANTARES_THREE_LITTLE_FRONZIES_BADGE" value="true" />
    <property name="java.version.date" value="2019-01-15" />
    <property name="env.PS4" value="+" />
    <property name="ant.project.invoked-targets" value="build,test.core2.xml" />
    <property name="env.TRAVIS_PULL_REQUEST_BRANCH" value="" />
    <property name="env.TRAVIS_REPO_SLUG" value="icyphy/ptII" />
    <property name="env.XDG_DATA_DIRS" value="/usr/local/share:/usr/share:/var/lib/snapd/desktop" />
    <property name="jdk.debug" value="release" />
    <property name="env.TRAVIS_APT_PROXY" value="http://build-cache.travisci.net" />
    <property name="env.TRAVIS_CPU_ARCH" value="amd64" />
    <property name="node.in.path" value="true" />
    <property name="user.name" value="travis" />
    <property name="java.maxmemory" value="1400m" />
    <property name="env.RUBY_VERSION" value="ruby-2.5.3" />
    <property name="env.LANG" value="en_US.UTF-8" />
    <property name="sun.io.unicode.encoding" value="UnicodeLittle" />
    <property name="sun.jnu.encoding" value="UTF-8" />
    <property name="java.runtime.name" value="OpenJDK Runtime Environment" />
    <property name="usefile" value="false" />
    <property name="return.code" value="0" />
    <property name="junit.single.formatter" value="plain" />
    <property name="env.DYLD_LIBRARY_PATH" value="/home/travis/pthla/certi-tools/lib:" />
    <property name="env.DEBIAN_FRONTEND" value="noninteractive" />
    <property name="env.SSH_CONNECTION" value="10.16.3.7 45602 10.30.1.242 22" />
    <property name="env.MYSQL_UNIX_PORT" value="/var/run/mysqld/mysqld.sock" />
    <property name="env.LC_ALL" value="en_US.UTF-8" />
    <property name="env.TRAVIS_ALLOW_FAILURE" value="" />
    <property name="env.TRAVIS_JOB_WEB_URL" value="https://travis-ci.com/icyphy/ptII/jobs/406976199" />
    <property name="java.specification.name" value="Java Platform API Specification" />
    <property name="node.works" value="true" />
    <property name="user.timezone" value="" />
    <property name="path.separator" value=":" />
    <property name="env.TRAVIS_ENABLE_INFRA_DETECTION" value="true" />
    <property name="env.PYTHON_CFLAGS" value="-g -fstack-protector --param=ssp-buffer-size=4 -Wformat -Werror=format-security" />
    <property name="timeout.long" value="4000000" />
    <property name="env.CERTI_HOME" value="/home/travis/pthla/certi-tools" />
    <property name="ant.file.ptII" value="/home/travis/build/icyphy/ptII/build.xml" />
    <property name="javadoc.packagenames" value="com.*,diva.*,lbnl.*,org.hlacerti.*,org.json.*,org.ptolemy.*,org.terraswarm.*,ptolemy.*,ptserver.*" />
    <property name="file.encoding" value="UTF-8" />
    <property name="env.TRAVIS_PULL_REQUEST_SLUG" value="" />
    <property name="ant.project.default-target" value="build" />
    <property name="env.GIT_ASKPASS" value="echo" />
    <property name="env.HOME" value="/home/travis" />
    <property name="sun.java.command" value="org.apache.tools.ant.taskdefs.optional.junit.JUnitTestRunner ptolemy.domains.de.test.junit.JUnitTclTest skipNonTests=false filtertrace=true haltOnError=false haltOnFailure=false formatter=org.apache.tools.ant.taskdefs.optional.junit.OutErrSummaryJUnitResultFormatter showoutput=true outputtoformatters=true logfailedtests=true threadid=0 logtestlistenerevents=false formatter=org.apache.tools.ant.taskdefs.optional.junit.XMLJUnitResultFormatter,/home/travis/build/icyphy/ptII/reports/junit/TEST-ptolemy.domains.de.test.junit.JUnitTclTest.xml crashfile=/home/travis/build/icyphy/ptII/junitvmwatcher10631644760988539439.properties propsfile=/home/travis/build/icyphy/ptII/junit2823096441235775619.properties" />
    <property name="env.COMPOSER_NO_INTERACTION" value="1" />
    <property name="env.MANPATH" value="/home/travis/.nvm/versions/node/v7.10.1/share/man:/home/travis/.rvm/rubies/ruby-2.5.3/share/man:/usr/local/cmake-3.12.4/man:/usr/local/clang-7.0.0/share/man:/usr/local/man:/usr/local/share/man:/usr/share/man:/home/travis/.rvm/man" />
    <property name="env.TRAVIS_TIMER_ID" value="17c47734" />
    <property name="ant.file" value="/home/travis/build/icyphy/ptII/build.xml" />
    <property name="env.TRAVIS_COMMIT_RANGE" value="74248200255084cca0f8d02e5ad09f36c0965423...8f4ad28aa53cc81362f26fdbf8d406fb619899a6" />
    <property name="ptII.classpath.optional.property" value="/home/travis/build/icyphy/ptII/lib/bsh-2.0b4.jar:/home/travis/build/icyphy/ptII/lib/ptCal.jar:/home/travis/build/icyphy/ptII/lib/java_cup.jar:/home/travis/build/icyphy/ptII/lib/saxon8.jar:/home/travis/build/icyphy/ptII/lib/saxon8-dom.jar:/home/travis/build/icyphy/ptII/lib/chic.jar:/home/travis/build/icyphy/ptII/lib/ptcolt.jar:/home/travis/build/icyphy/ptII/vendors/misc/itext/iText.jar:/home/travis/build/icyphy/ptII/lib/g4ltl.jar:/home/travis/build/icyphy/ptII/lib/StructuralCoder.jar:/home/travis/build/icyphy/ptII/lib/jcerti.jar:/home/travis/build/icyphy/ptII/lib/javax.mail.jar:/home/travis/build/icyphy/ptII/vendors/JMF-2.1.1e/lib/jmf.jar:/home/travis/build/icyphy/ptII/lib/jna-4.0.0-variadic.jar:/home/travis/build/icyphy/ptII/vendors/misc/joystick/Joystick.jar:/home/travis/build/icyphy/ptII/lib/ptjacl.jar:/home/travis/build/icyphy/ptII/lib/jsoup-1.8.2.jar:/home/travis/build/icyphy/ptII/lib/junit-4.8.2.jar:/home/travis/build/icyphy/ptII/lib/JUnitParams-0.4.0.jar:/home/travis/build/icyphy/ptII/ptolemy/actor/lib/excel/jxl.jar:/home/travis/build/icyphy/ptII/lib/jython.jar:/home/travis/build/icyphy/ptII/lib/kieler.jar:/home/travis/build/icyphy/ptII/vendors/opencv/share/OpenCV/java/opencv-341.jar:/home/travis/build/icyphy/ptII/lib/oscP5.jar:/home/travis/build/icyphy/ptII/lib/nrjavaserial-3.11.0.devel.jar:/home/travis/build/icyphy/ptII/vendors/j3d/lib/Linux/j3dcore.jar:/home/travis/build/icyphy/ptII/vendors/j3d/lib/Linux/j3dutils.jar:/home/travis/build/icyphy/ptII/vendors/j3d/lib/Linux/vecmath.jar:/home/travis/build/icyphy/ptII/vendors/jogl/lib/Linux/gluegen-rt-natives-linux-amd64.jar:/home/travis/build/icyphy/ptII/vendors/jogl/lib/Linux/gluegen-rt.jar:/home/travis/build/icyphy/ptII/vendors/jogl/lib/Linux/jogl-all-natives-linux-amd64.jar:/home/travis/build/icyphy/ptII/vendors/jogl/lib/Linux/jogl-all.jar:/home/travis/build/icyphy/ptII/ptolemy/distributed/jini/jar/jini-core.jar:/home/travis/build/icyphy/ptII/ptolemy/distributed/jini/jar/jini-ext.jar:/home/travis/build/icyphy/ptII/ptolemy/distributed/jini/jar/sun-util.jar:/home/travis/build/icyphy/ptII/lib/protobuf-java-2.4.1.jar:/home/travis/build/icyphy/ptII/lib/org.eclipse.paho.client.mqttv3.jar:/home/travis/build/icyphy/ptII/lib/mapss.jar:/home/travis/build/icyphy/ptII/ptolemy/actor/ptalon/antlr/antlr.jar:/home/travis/build/icyphy/ptII/lib/JRI.jar:/home/travis/build/icyphy/ptII/lib/commons-lang-2.6.jar:/home/travis/build/icyphy/ptII/lib/commons-logging-1.1.1.jar:/home/travis/build/icyphy/ptII/lib/sootclasses.jar:/home/travis/build/icyphy/ptII/ptolemy/actor/lib/database/mysql-connector-java-5.1.6-bin.jar:/home/travis/build/icyphy/ptII/vendors/misc/sphinx4/sphinx4-data-5prealpha.jar:/home/travis/build/icyphy/ptII/vendors/misc/sphinx4/sphinx4-core-5prealpha.jar:/home/travis/build/icyphy/ptII/lib/PDFRenderer.jar:/home/travis/build/icyphy/ptII/lib/svgSalamander.jar:/home/travis/build/icyphy/ptII/lib/rsyntaxtextarea-2.6.0-SNAPSHOT.jar:/home/travis/build/icyphy/ptII/lib/hazelcast-3.8.2.jar:/home/travis/build/icyphy/ptII/lib/jackson-annotations-2.9.0.jar:/home/travis/build/icyphy/ptII/lib/jackson-core-2.9.3.jar:/home/travis/build/icyphy/ptII/lib/jackson-databind-2.9.3.jar:/home/travis/build/icyphy/ptII/lib/netty-buffer-4.1.19.Final.jar:/home/travis/build/icyphy/ptII/lib/netty-codec-4.1.19.Final.jar:/home/travis/build/icyphy/ptII/lib/netty-codec-dns-4.1.19.Final.jar:/home/travis/build/icyphy/ptII/lib/netty-codec-http-4.1.19.Final.jar:/home/travis/build/icyphy/ptII/lib/netty-codec-http2-4.1.19.Final.jar:/home/travis/build/icyphy/ptII/lib/netty-common-4.1.19.Final.jar:/home/travis/build/icyphy/ptII/lib/netty-handler-4.1.19.Final.jar:/home/travis/build/icyphy/ptII/lib/netty-resolver-4.1.19.Final.jar:/home/travis/build/icyphy/ptII/lib/netty-resolver-dns-4.1.19.Final.jar:/home/travis/build/icyphy/ptII/lib/netty-transport-4.1.19.Final.jar:/home/travis/build/icyphy/ptII/lib/vertx-codegen-3.5.1.jar:/home/travis/build/icyphy/ptII/lib/vertx-core-3.5.2-SNAPSHOT.jar:/home/travis/build/icyphy/ptII/lib/vertx-hazelcast-3.5.1.jar:/home/travis/build/icyphy/ptII/lib/vertx-lang-js-3.5.1.jar:/home/travis/build/icyphy/ptII/lib/vertx-service-proxy-3.5.1.jar:/home/travis/build/icyphy/ptII/lib/vertx-web-3.5.1.jar:/home/travis/build/icyphy/ptII/lib/slf4j-api-1.7.13.jar:/home/travis/build/icyphy/ptII/lib/slf4j-simple-1.7.13.jar:/home/travis/build/icyphy/ptII/lib/webcam-capture-0.3.12.jar:/home/travis/build/icyphy/ptII/lib/bridj-0.7.0.jar:/home/travis/build/icyphy/ptII/lib/xbjlib-1.1.0.nrjavaserial.jar" />
    <property name="timeout" value="2400000" />
    <property name="test.batch" value="**/junit/*.java" />
    <property name="env._" value="/usr/bin/timeout" />
    <property name="java.io.tmpdir" value="/tmp" />
    <property name="user.language" value="en" />
    <property name="env.TRAVIS_INTERNAL_RUBY_REGEX" value="^ruby-(2\.[0-4]\.[0-9]|1\.9\.3)" />
    <property name="env.HISTCONTROL" value="ignoredups:ignorespace" />
    <property name="env.GOROOT" value="/home/travis/.gimme/versions/go1.11.1.linux.amd64" />
    <property name="line.separator" value="&#xa;" />
    <property name="target" value="11" />
    <property name="env.TRAVIS_BUILD_DIR" value="/home/travis/build/icyphy/ptII" />
    <property name="env.ANT_OPTS" value="-Xmx2048m" />
    <property name="ant.file.type" value="file" />
    <property name="ptolemy.ptII.batchMode" value="true" />
    <property name="env.HISTSIZE" value="1000" />
    <property name="env.MERB_ENV" value="test" />
    <property name="java.vm.info" value="mixed mode" />
    <property name="source" value="11" />
    <property name="java.vm.specification.name" value="Java Virtual Machine Specification" />
    <property name="env.TRAVIS_TEST_RESULT" value="0" />
    <property name="jsdoc.command" value="node_modules/@terraswarm/jsdoc/jsdoc.js" />
    <property name="npm.works" value="true" />
    <property name="cobertura.dir" value="/home/travis/build/icyphy/ptII/vendors/cobertura-2.0.3" />
    <property name="jsdoc.command.exists" value="true" />
    <property name="env.rvm_path" value="/home/travis/.rvm" />
    <property name="env.GEM_PATH" value="/home/travis/.rvm/gems/ruby-2.5.3:/home/travis/.rvm/gems/ruby-2.5.3@global" />
    <property name="env.LC_CTYPE" value="en_US.UTF-8" />
    <property name="env.TRAVIS_CMD" value="$PTII/bin/ptIITravisBuild.sh $SECONDS" />
    <property name="java.awt.printerjob" value="sun.print.PSPrinterJob" />
    <property name="env.TRAVIS_STACK_NAME" value="sardonyx" />
    <property name="env.TRAVIS_TIMER_START_TIME" value="1603640922137270882" />
    <property name="ant.version" value="Apache Ant(TM) version 1.10.1 compiled on February 2 2017" />
    <property name="ptII.reports" value="/home/travis/build/icyphy/ptII/reports" />
    <property name="env.TRAVIS_STACK_TIMESTAMP" value="2020-06-24 13:13:18 UTC" />
    <property name="ant.file.type.ptII" value="file" />
    <property name="env.RBENV_SHELL" value="bash" />
    <property name="os.name" value="Linux" />
    <property name="java.specification.vendor" value="Oracle Corporation" />
    <property name="env.rvm_version" value="1.29.10 (latest)" />
    <property name="env.TRAVIS_INFRA" value="unknown" />
    <property name="env.TERM" value="xterm" />
    <property name="java.vm.name" value="OpenJDK 64-Bit Server VM" />
    <property name="env.TRAVIS_BUILD_NUMBER" value="1810" />
    <property name="env.CI" value="true" />
    <property name="java.library.path" value="/home/travis/pthla/certi-tools/lib:/usr/lib/jni:/usr/local/share/OpenCV/java/:/usr/share/OpenCV/java::/usr/java/packages/lib:/usr/lib64:/lib64:/lib:/usr/lib" />
    <property name="jdk.module.path" value="/home/travis/build/icyphy/ptII/vendors/javafx/javafx-sdk-11.0.2/lib:" />
    <property name="env.rvm_prefix" value="/home/travis" />
    <property name="env.PATH" value="/home/travis/pthla/certi-tools/share/scripts:/home/travis/.rvm/gems/ruby-2.5.3/bin:/home/travis/.rvm/gems/ruby-2.5.3@global/bin:/home/travis/.rvm/rubies/ruby-2.5.3/bin:/home/travis/.rvm/bin:/home/travis/.nvm/versions/node/v7.10.1/bin:./node_modules/.bin:/home/travis/build/icyphy/ptII/bin:/home/travis/pthla/certi-tools/bin:/home/travis/bin:/home/travis/.local/bin:/usr/local/lib/jvm/openjdk11/bin:/opt/pyenv/shims:/home/travis/.phpenv/shims:/home/travis/perl5/perlbrew/bin:/home/travis/gopath/bin:/home/travis/.gimme/versions/go1.11.1.linux.amd64/bin:/usr/local/maven-3.6.3/bin:/usr/local/cmake-3.12.4/bin:/usr/local/clang-7.0.0/bin:/usr/local/sbin:/usr/local/bin:/usr/sbin:/usr/bin:/sbin:/bin:/snap/bin:/home/travis/.phpenv/bin:/opt/pyenv/bin:/home/travis/.yarn/bin" />
    <property name="env.TRAVIS_OS_NAME" value="linux" />
    <property name="ant.java.version" value="9" />
    <property name="basedir" value="/home/travis/build/icyphy/ptII" />
    <property name="java.class.version" value="55.0" />
    <property name="env.SHLVL" value="3" />
    <property name="env.LD_LIBRARY_PATH" value="/home/travis/pthla/certi-tools/lib:/usr/lib/jni:/usr/local/share/OpenCV/java/:/usr/share/OpenCV/java:" />
    <property name="env.RACK_ENV" value="test" />
    <property name="ant.home" value="/home/travis/build/icyphy/ptII/ant" />
    <property name="env.NVM_DIR" value="/home/travis/.nvm" />
    <property name="env.CERTI_FOM_PATH" value="/home/travis/pthla/certi-tools/share/federations" />
    <property name="env.TRAVIS_BUILD_ID" value="192622026" />
    <property name="env.PYENV_ROOT" value="/opt/pyenv" />
    <property name="env.TRAVIS_UID" value="2000" />
    <property name="prism.verbose" value="true" />
    <property name="env.NVM_BIN" value="/home/travis/.nvm/versions/node/v7.10.1/bin" />
    <property name="env.TRAVIS_COMMIT" value="8f4ad28aa53cc81362f26fdbf8d406fb619899a6" />
    <property name="node.executable" value="node" />
    <property name="sun.boot.library.path" value="/usr/local/lib/jvm/openjdk11/lib" />
    <property name="sun.management.compiler" value="HotSpot 64-Bit Tiered Compilers" />
    <property name="java.awt.graphicsenv" value="sun.awt.X11GraphicsEnvironment" />
    <property name="env.GOPATH" value="/home/travis/gopath" />
    <property name="ptolemy.ptII.dir" value="/home/travis/build/icyphy/ptII" />
    <property name="env.USER" value="travis" />
    <property name="env.HISTFILESIZE" value="2000" />
    <property name="env.NVM_INC" value="/home/travis/.nvm/versions/node/v7.10.1/include/node" />
    <property name="timeout.longest" value="19000000" />
    <property name="env.PERLBREW_SHELLRC_VERSION" value="0.88" />
    <property name="env.TRAVIS_STACK_FEATURES" value="basic couchdb disabled-ipv6 docker docker-compose elasticsearch firefox go-toolchain google-chrome jdk memcached mongodb mysql nodejs_interpreter perl_interpreter perlbrew phantomjs postgresql python_interpreter redis ruby_interpreter sqlite xserver" />
    <property name="env.TRAVIS_PULL_REQUEST" value="false" />
    <property name="env.PYENV_SHELL" value="bash" />
    <property name="ant.project.name" value="ptII" />
    <property name="env.ANSI_RESET" value="\033[0m" />
    <property name="java.vm.specification.version" value="11" />
    <property name="env.TRAVIS_DIST" value="xenial" />
    <property name="env.CERTI_VERSION" value="4.0.0" />
    <property name="env.CERTI_HOST" value="localhost" />
    <property name="awt.toolkit" value="sun.awt.X11.XToolkit" />
    <property name="env.MY_RUBY_HOME" value="/home/travis/.rvm/rubies/ruby-2.5.3" />
    <property name="sun.cpu.isalist" value="" />
    <property name="env.TRAVIS_TMPDIR" value="/tmp/tmp.V3oLQTkczF" />
    <property name="java.vm.compressedOopsMode" value="Zero based" />
    <property name="os.version" value="4.15.0-1077-gcp" />
    <property name="user.home" value="/home/travis" />
    <property name="java.vm.vendor" value="Oracle Corporation" />
    <property name="env.TRAVIS_TAG" value="nightly" />
    <property name="env.ANSI_YELLOW" value="\033[33;1m" />
    <property name="env.TRAVIS_FILTERED" value="redirect_io" />
    <property name="env.ANSI_GREEN" value="\033[32;1m" />
    <property name="env.JAVA_HOME" value="/usr/local/lib/jvm/openjdk11" />
    <property name="javadoc.excludepackagenames" value="adm.cvs2svn.*,build.*,config.*,doc.coding.templates.*,jni.test.jni.meaningOfLife.*,jni.test.jni.testDeux.*,jni.test.jni.testTrois.*,org.terraswarm.accessor.accessors.web.node_modules.*,org.terraswarm.accessor.accessors.web.hosts.cordova.demo.*,org.terraswarm.accessor.accessors.web.hosts.cordova.plugins.*,org.terraswarm.accessor.accessors-svn.*,pt-modules.*,ptolemy.apps.agilent.*,ptolemy.apps.anytimecontrol.*,ptolemy.apps.apes.*,ptolemy.apps.charon.*,ptolemy.apps.crazyboard.*,ptolemy.apps.eclipse.*,ptolemy.apps.etherealSting.*,ptolemy.apps.fullscreen.*,ptolemy.apps.giotto.*,ptolemy.apps.ia.*,ptolemy.apps.interfaces.*,ptolemy.apps.jmf.*,ptolemy.apps.kurt.*,ptolemy.apps.kvm.*,ptolemy.apps.lego.*,ptolemy.apps.lejos.*,ptolemy.apps.midp.*,ptolemy.apps.mobileCoding.*,ptolemy.apps.pendulum.*,ptolemy.apps.rijndael.*,ptolemy.apps.robot.*,ptolemy.apps.security.*,ptolemy.apps.sobel.*,ptolemy.apps.soot.*,ptolemy.apps.throttle.*,ptolemy.apps.tini.*,ptolemy.apps.transmission.*,ptolemy.apps.vergil.*,ptolemy.apps.waba.*,ptolemy.apps.websensor.*,ptolemy.apps.webstart.*,ptolemy.apps.xsl.*,ptolemy.apps.zaurus.*,ptolemy.codegen.c.actor.lib.oldJavaFiles.*,ptolemy.codegen.dsp.lib.*,ptolemy.codegen.kernel.newInterfaces.*,ptolemy.codegen.lib.*,ptolemy.copernicus.kernel.fragment.*,ptolemy.copernicus.shallow.cg.*,ptolemy.domains.giotto.demo.Hierarchy.Hierarchy.*,ptolemy.domains.giotto.demo.Multimode.Multimode.*,ptolemy.domains.giotto.demo.Simple.Simple.*,ptolemy.domains.gr.lib.experimental.*,ptolemy.domains.gro.*,ptolemy.domains.pdf.*,ptolemy.domains.ptinyos.demo.Surge.output.*,ptolemy.moml.test.NoPackageActor.java*,ptolemy.plot.adm.*,ptolemy.plot.servlet.*,reports.*,signed.*,src.*,target.*,vendors.*,ptolemy.copernicus.applet.*,ptolemy.media.viewer.*,ptolemy.actor.corba.*,doc.doclets.*,ptolemy.apps.eclipse.awt.*,ptolemy.backtrack.*,ptolemy.backtrack.ast.*,ptolemy.cg.adapter.generic.program.procedural.c.mbed*,ptolemy.homer.*,ptolemy.actor.lib.jai.*,org.ptolemy.scala.*,diva.util.java2d.svg.*,ptolemy.domains.ptinyos.*,ptolemy.actor.lib.fmi.fmipp.*,,org.terraswarm.accessor.accessors.web.node_modules.*,org.terraswarm.accessor.accessors-svn,ptolemy.apps.*,ptolemy.actor.ptalon.demo.ptinyos.SendAndReceiveCnt.output,ptolemy.actor.ptalon.demo.ptinyos.SenseToLeds.output,ptolemy.domains.ptinyos.demo.CntToLedsAndRfm.output,ptolemy.domains.ptinyos.demo.RfmToLeds.output,ptolemy.domains.ptinyos.demo.SendAndReceiveCnt.output,ptolemy.domains.ptinyos.demo.SenseToLeds.output,ptolemy.actor.lib.jjs.modules.udpSocket.*" />
    <property name="env.PTII" value="/home/travis/build/icyphy/ptII" />
    <property name="env.XDG_SESSION_ID" value="2" />
    <property name="keystore" value="ptKeystore" />
    <property name="env.TRAVIS_COMMIT_MESSAGE" value="Fixing federation name in some FED files and data types in some FDD files." />
    <property name="junit.output.dir" value="/home/travis/build/icyphy/ptII/reports/junit" />
    <property name="npm.return.code" value="0" />
    <property name="user.dir" value="/home/travis/build/icyphy/ptII/ptolemy/domains/de/test" />
    <property name="env.TRAVIS_NODE_VERSION" value="7" />
    <property name="env.TRAVIS_EVENT_TYPE" value="cron" />
    <property name="env.MAIL" value="/var/mail/travis" />
    <property name="env.PERLBREW_ROOT" value="/home/travis/perl5/perlbrew" />
    <property name="env.PWD" value="/home/travis/build/icyphy/ptII" />
    <property name="timeout.npm" value="45000" />
    <property name="env.PT_TRAVIS_TEST_CORE2_XML" value="true" />
    <property name="env.TRAVIS_ARCH" value="amd64" />
    <property name="sun.cpu.endian" value="little" />
    <property name="env.PAGER" value="cat" />
    <property name="env.TRAVIS_BUILD_STAGE_NAME" value="test" />
    <property name="env.PERLBREW_HOME" value="/home/travis/.perlbrew" />
    <property name="java.vm.version" value="11.0.2+9" />
    <property name="env.RAILS_ENV" value="test" />
    <property name="java.class.path" value="/home/travis/build/icyphy/ptII:/home/travis/build/icyphy/ptII/lib/bsh-2.0b4.jar:/home/travis/build/icyphy/ptII/lib/ptCal.jar:/home/travis/build/icyphy/ptII/lib/java_cup.jar:/home/travis/build/icyphy/ptII/lib/saxon8.jar:/home/travis/build/icyphy/ptII/lib/saxon8-dom.jar:/home/travis/build/icyphy/ptII/lib/chic.jar:/home/travis/build/icyphy/ptII/lib/ptcolt.jar:/home/travis/build/icyphy/ptII/vendors/misc/itext/iText.jar:/home/travis/build/icyphy/ptII/lib/g4ltl.jar:/home/travis/build/icyphy/ptII/lib/StructuralCoder.jar:/home/travis/build/icyphy/ptII/lib/jcerti.jar:/home/travis/build/icyphy/ptII/lib/javax.mail.jar:/home/travis/build/icyphy/ptII/vendors/JMF-2.1.1e/lib/jmf.jar:/home/travis/build/icyphy/ptII/lib/jna-4.0.0-variadic.jar:/home/travis/build/icyphy/ptII/vendors/misc/joystick/Joystick.jar:/home/travis/build/icyphy/ptII/lib/ptjacl.jar:/home/travis/build/icyphy/ptII/lib/jsoup-1.8.2.jar:/home/travis/build/icyphy/ptII/lib/junit-4.8.2.jar:/home/travis/build/icyphy/ptII/lib/JUnitParams-0.4.0.jar:/home/travis/build/icyphy/ptII/ptolemy/actor/lib/excel/jxl.jar:/home/travis/build/icyphy/ptII/lib/jython.jar:/home/travis/build/icyphy/ptII/lib/kieler.jar:/home/travis/build/icyphy/ptII/vendors/opencv/share/OpenCV/java/opencv-341.jar:/home/travis/build/icyphy/ptII/lib/oscP5.jar:/home/travis/build/icyphy/ptII/lib/nrjavaserial-3.11.0.devel.jar:/home/travis/build/icyphy/ptII/vendors/j3d/lib/Linux/j3dcore.jar:/home/travis/build/icyphy/ptII/vendors/j3d/lib/Linux/j3dutils.jar:/home/travis/build/icyphy/ptII/vendors/j3d/lib/Linux/vecmath.jar:/home/travis/build/icyphy/ptII/vendors/jogl/lib/Linux/gluegen-rt-natives-linux-amd64.jar:/home/travis/build/icyphy/ptII/vendors/jogl/lib/Linux/gluegen-rt.jar:/home/travis/build/icyphy/ptII/vendors/jogl/lib/Linux/jogl-all-natives-linux-amd64.jar:/home/travis/build/icyphy/ptII/vendors/jogl/lib/Linux/jogl-all.jar:/home/travis/build/icyphy/ptII/ptolemy/distributed/jini/jar/jini-core.jar:/home/travis/build/icyphy/ptII/ptolemy/distributed/jini/jar/jini-ext.jar:/home/travis/build/icyphy/ptII/ptolemy/distributed/jini/jar/sun-util.jar:/home/travis/build/icyphy/ptII/lib/protobuf-java-2.4.1.jar:/home/travis/build/icyphy/ptII/lib/org.eclipse.paho.client.mqttv3.jar:/home/travis/build/icyphy/ptII/lib/mapss.jar:/home/travis/build/icyphy/ptII/ptolemy/actor/ptalon/antlr/antlr.jar:/home/travis/build/icyphy/ptII/lib/JRI.jar:/home/travis/build/icyphy/ptII/lib/commons-lang-2.6.jar:/home/travis/build/icyphy/ptII/lib/commons-logging-1.1.1.jar:/home/travis/build/icyphy/ptII/lib/sootclasses.jar:/home/travis/build/icyphy/ptII/ptolemy/actor/lib/database/mysql-connector-java-5.1.6-bin.jar:/home/travis/build/icyphy/ptII/vendors/misc/sphinx4/sphinx4-data-5prealpha.jar:/home/travis/build/icyphy/ptII/vendors/misc/sphinx4/sphinx4-core-5prealpha.jar:/home/travis/build/icyphy/ptII/lib/PDFRenderer.jar:/home/travis/build/icyphy/ptII/lib/svgSalamander.jar:/home/travis/build/icyphy/ptII/lib/rsyntaxtextarea-2.6.0-SNAPSHOT.jar:/home/travis/build/icyphy/ptII/lib/hazelcast-3.8.2.jar:/home/travis/build/icyphy/ptII/lib/jackson-annotations-2.9.0.jar:/home/travis/build/icyphy/ptII/lib/jackson-core-2.9.3.jar:/home/travis/build/icyphy/ptII/lib/jackson-databind-2.9.3.jar:/home/travis/build/icyphy/ptII/lib/netty-buffer-4.1.19.Final.jar:/home/travis/build/icyphy/ptII/lib/netty-codec-4.1.19.Final.jar:/home/travis/build/icyphy/ptII/lib/netty-codec-dns-4.1.19.Final.jar:/home/travis/build/icyphy/ptII/lib/netty-codec-http-4.1.19.Final.jar:/home/travis/build/icyphy/ptII/lib/netty-codec-http2-4.1.19.Final.jar:/home/travis/build/icyphy/ptII/lib/netty-common-4.1.19.Final.jar:/home/travis/build/icyphy/ptII/lib/netty-handler-4.1.19.Final.jar:/home/travis/build/icyphy/ptII/lib/netty-resolver-4.1.19.Final.jar:/home/travis/build/icyphy/ptII/lib/netty-resolver-dns-4.1.19.Final.jar:/home/travis/build/icyphy/ptII/lib/netty-transport-4.1.19.Final.jar:/home/travis/build/icyphy/ptII/lib/vertx-codegen-3.5.1.jar:/home/travis/build/icyphy/ptII/lib/vertx-core-3.5.2-SNAPSHOT.jar:/home/travis/build/icyphy/ptII/lib/vertx-hazelcast-3.5.1.jar:/home/travis/build/icyphy/ptII/lib/vertx-lang-js-3.5.1.jar:/home/travis/build/icyphy/ptII/lib/vertx-service-proxy-3.5.1.jar:/home/travis/build/icyphy/ptII/lib/vertx-web-3.5.1.jar:/home/travis/build/icyphy/ptII/lib/slf4j-api-1.7.13.jar:/home/travis/build/icyphy/ptII/lib/slf4j-simple-1.7.13.jar:/home/travis/build/icyphy/ptII/lib/webcam-capture-0.3.12.jar:/home/travis/build/icyphy/ptII/lib/bridj-0.7.0.jar:/home/travis/build/icyphy/ptII/lib/xbjlib-1.1.0.nrjavaserial.jar:/home/travis/build/icyphy/ptII/ptolemy/moml/test:/home/travis/build/icyphy/ptII/ant/lib/ant-launcher.jar:/home/travis/build/icyphy/ptII/ant/lib/ant.jar:/home/travis/build/icyphy/ptII/ant/lib/ant-junit.jar:/home/travis/build/icyphy/ptII/ant/lib/ant-junit4.jar" />
    <property name="ant.library.dir" value="/home/travis/build/icyphy/ptII/ant/lib" />
    <property name="os.arch" value="amd64" />
    <property name="env.CONTINUOUS_INTEGRATION" value="true" />
    <property name="env.TRAVIS_LANGUAGE" value="node_js" />
    <property name="env.TRAVIS_STACK_LANGUAGES" value="__sardonyx__ c c++ clojure cplusplus cpp default generic go groovy java node_js php pure_java python ruby scala" />
    <property name="test.name" value="ptolemy.actor.lib.test.junit.JUnitTclTest" />
    <property name="env.APT_KEY_DONT_WARN_ON_DANGEROUS_USAGE" value="1" />
    <property name="sun.java.launcher" value="SUN_STANDARD" />
    <property name="env.PYTHON_CONFIGURE_OPTS" value="--enable-unicode=ucs4 --with-wide-unicode --enable-shared --enable-ipv6 --enable-loadable-sqlite-extensions --with-computed-gotos" />
    <property name="ant.core.lib" value="/home/travis/build/icyphy/ptII/ant/lib/ant.jar" />
    <property name="java.vm.specification.vendor" value="Oracle Corporation" />
    <property name="env.BCVTB_HOME" value="/home/travis/build/icyphy/ptII/lbnl" />
    <property name="file.separator" value="/" />
    <property name="spotbugs.home" value="/home/travis/build/icyphy/ptII/vendors/spotbugs-3.1.1" />
    <property name="java.runtime.version" value="11.0.2+9" />
    <property name="javafx.verbose" value="true" />
    <property name="env.ANSI_CLEAR" value="\033[0K" />
    <property name="env.HAS_JOSH_K_SEAL_OF_APPROVAL" value="true" />
    <property name="env.XDG_RUNTIME_DIR" value="/run/user/2000" />
    <property name="env.TRAVIS_OSX_IMAGE" value="" />
    <property name="env.TRAVIS_JOB_ID" value="406976199" />
    <property name="env.TRAVIS_BRANCH" value="master" />
    <property name="user.country" value="US" />
    <property name="env.CERTI_HOME_TRAVIS" value="/home/travis/pthla/certi-tools" />
    <property name="env.SHELL" value="/bin/bash" />
    <property name="java.maxmemory.large" value="3200m" />
    <property name="model" value="" />
    <property name="env.CASHER_DIR" value="/home/travis/.casher" />
    <property name="env.NVM_CD_FLAGS" value="" />
    <property name="java.vendor.version" value="18.9" />
    <property name="jshint.executable" value="/home/travis/node_modules/jshint/bin/jshint" />
    <property name="env.JRUBY_OPTS" value=" --client -J-XX:+TieredCompilation -J-XX:TieredStopAtLevel=1 -J-Xss2m -Xcompile.invokedynamic=false" />
    <property name="java.vendor" value="Oracle Corporation" />
    <property name="env.TRAVIS_PRE_CHEF_BOOTSTRAP_TIME" value="2020-06-24T13:13:03" />
    <property name="env.TRAVIS_STACK_JOB_BOARD_REGISTER" value="/.job-board-register.yml" />
    <property name="env.ANSI_RED" value="\033[31;1m" />
    <property name="java.specification.version" value="11" />
    <property name="env.IRBRC" value="/home/travis/.rvm/rubies/ruby-2.5.3/.irbrc" />
    <property name="env.TRAVIS" value="true" />
    <property name="sun.arch.data.model" value="64" />
  </properties>
  <testcase classname="ptolemy.util.test.junit.TclTests" name="[0] /home/travis/build/icyphy/ptII/ptolemy/domains/de/test/DependencyLoop.tcl (RunTclFile)" time="1.105" />
  <testcase classname="ptolemy.util.test.junit.TclTests" name="[1] /home/travis/build/icyphy/ptII/ptolemy/domains/de/test/RunDETestsAsQSS.tcl (RunTclFile)" time="81.445" />
  <testcase classname="ptolemy.util.test.junit.AutoKnownFailedTests" name="[0] /home/travis/build/icyphy/ptII/ptolemy/domains/de/test/auto/knownFailedTests/DESDFClockTest.xml (RunModel)" time="2.042" />
  <testcase classname="ptolemy.util.test.junit.AutoKnownFailedTests" name="[1] /home/travis/build/icyphy/ptII/ptolemy/domains/de/test/auto/knownFailedTests/DirectFeedback.xml (RunModel)" time="0.023" />
  <testcase classname="ptolemy.util.test.junit.AutoKnownFailedTests" name="[2] /home/travis/build/icyphy/ptII/ptolemy/domains/de/test/auto/knownFailedTests/FSMSource.xml (RunModel)" time="0.03" />
  <testcase classname="ptolemy.util.test.junit.AutoKnownFailedTests" name="[3] /home/travis/build/icyphy/ptII/ptolemy/domains/de/test/auto/knownFailedTests/HierarchicalModel.xml (RunModel)" time="0.042" />
  <testcase classname="ptolemy.util.test.junit.AutoKnownFailedTests" name="[4] /home/travis/build/icyphy/ptII/ptolemy/domains/de/test/auto/knownFailedTests/dependencyLoop.xml (RunModel)" time="0.049" />
  <testcase classname="ptolemy.util.test.junit.AutoKnownFailedTests" name="[5] /home/travis/build/icyphy/ptII/ptolemy/domains/de/test/auto/knownFailedTests/dependencyLoop2.xml (RunModel)" time="0.049" />
  <testcase classname="ptolemy.util.test.junit.AutoNameArchTests" name="[0] ThereAreNoAutoArchTests (RunModel)" time="0.001" />
  <testcase classname="ptolemy.util.test.junit.AutoTests" name="[0] /home/travis/build/icyphy/ptII/ptolemy/domains/de/test/auto/ActorDepthCalculation_actorWithoutPorts.xml (RunModel)" time="0.027" />
  <testcase classname="ptolemy.util.test.junit.AutoTests" name="[1] /home/travis/build/icyphy/ptII/ptolemy/domains/de/test/auto/AssemblyLine.xml (RunModel)" time="0.018" />
  <testcase classname="ptolemy.util.test.junit.AutoTests" name="[2] /home/travis/build/icyphy/ptII/ptolemy/domains/de/test/auto/CQBug1.xml (RunModel)" time="0.016" />
  <testcase classname="ptolemy.util.test.junit.AutoTests" name="[3] /home/travis/build/icyphy/ptII/ptolemy/domains/de/test/auto/CancelFireAt.xml (RunModel)" time="0.015" />
  <testcase classname="ptolemy.util.test.junit.AutoTests" name="[4] /home/travis/build/icyphy/ptII/ptolemy/domains/de/test/auto/CausalityAndComposabilityAnalysis.xml (RunModel)" time="0.013" />
  <testcase classname="ptolemy.util.test.junit.AutoTests" name="[5] /home/travis/build/icyphy/ptII/ptolemy/domains/de/test/auto/CausalityInterface1.xml (RunModel)" time="0.019" />
  <testcase classname="ptolemy.util.test.junit.AutoTests" name="[6] /home/travis/build/icyphy/ptII/ptolemy/domains/de/test/auto/CausalityInterface15.xml (RunModel)" time="0.018" />
  <testcase classname="ptolemy.util.test.junit.AutoTests" name="[7] /home/travis/build/icyphy/ptII/ptolemy/domains/de/test/auto/CausalityInterface2.xml (RunModel)" time="0.013" />
  <testcase classname="ptolemy.util.test.junit.AutoTests" name="[8] /home/travis/build/icyphy/ptII/ptolemy/domains/de/test/auto/CausalityInterface3.xml (RunModel)" time="0.012" />
  <testcase classname="ptolemy.util.test.junit.AutoTests" name="[9] /home/travis/build/icyphy/ptII/ptolemy/domains/de/test/auto/ClockDrift.xml (RunModel)" time="0.037" />
  <testcase classname="ptolemy.util.test.junit.AutoTests" name="[10] /home/travis/build/icyphy/ptII/ptolemy/domains/de/test/auto/ClockDriftAndValueChange.xml (RunModel)" time="0.032" />
  <testcase classname="ptolemy.util.test.junit.AutoTests" name="[11] /home/travis/build/icyphy/ptII/ptolemy/domains/de/test/auto/ClockDriftChange.xml (RunModel)" time="0.033" />
  <testcase classname="ptolemy.util.test.junit.AutoTests" name="[12] /home/travis/build/icyphy/ptII/ptolemy/domains/de/test/auto/ComposableCausalityAnalysis.xml (RunModel)" time="0.015" />
  <testcase classname="ptolemy.util.test.junit.AutoTests" name="[13] /home/travis/build/icyphy/ptII/ptolemy/domains/de/test/auto/DEFixedPointLimitation.xml (RunModel)" time="0.009" />
  <testcase classname="ptolemy.util.test.junit.AutoTests" name="[14] /home/travis/build/icyphy/ptII/ptolemy/domains/de/test/auto/DEScheduleTest.xml (RunModel)" time="0.014" />
  <testcase classname="ptolemy.util.test.junit.AutoTests" name="[15] /home/travis/build/icyphy/ptII/ptolemy/domains/de/test/auto/DEinDEwithStartTimes.xml (RunModel)" time="0.014" />
  <testcase classname="ptolemy.util.test.junit.AutoTests" name="[16] /home/travis/build/icyphy/ptII/ptolemy/domains/de/test/auto/DEinDEwithStartTimes2.xml (RunModel)" time="0.019" />
  <testcase classname="ptolemy.util.test.junit.AutoTests" name="[17] /home/travis/build/icyphy/ptII/ptolemy/domains/de/test/auto/DateDemo.xml (RunModel)" time="0.03" />
  <testcase classname="ptolemy.util.test.junit.AutoTests" name="[18] /home/travis/build/icyphy/ptII/ptolemy/domains/de/test/auto/DateToEvent.xml (RunModel)" time="2.045" />
  <testcase classname="ptolemy.util.test.junit.AutoTests" name="[19] /home/travis/build/icyphy/ptII/ptolemy/domains/de/test/auto/DepthTest1.xml (RunModel)" time="0.008" />
  <testcase classname="ptolemy.util.test.junit.AutoTests" name="[20] /home/travis/build/icyphy/ptII/ptolemy/domains/de/test/auto/DepthTest2.xml (RunModel)" time="0.015" />
  <testcase classname="ptolemy.util.test.junit.AutoTests" name="[21] /home/travis/build/icyphy/ptII/ptolemy/domains/de/test/auto/DepthTest3.xml (RunModel)" time="0.009" />
  <testcase classname="ptolemy.util.test.junit.AutoTests" name="[22] /home/travis/build/icyphy/ptII/ptolemy/domains/de/test/auto/DepthTest4.xml (RunModel)" time="0.015" />
  <testcase classname="ptolemy.util.test.junit.AutoTests" name="[23] /home/travis/build/icyphy/ptII/ptolemy/domains/de/test/auto/DepthTest5.xml (RunModel)" time="0.017" />
  <testcase classname="ptolemy.util.test.junit.AutoTests" name="[24] /home/travis/build/icyphy/ptII/ptolemy/domains/de/test/auto/DepthTest6.xml (RunModel)" time="0.02" />
  <testcase classname="ptolemy.util.test.junit.AutoTests" name="[25] /home/travis/build/icyphy/ptII/ptolemy/domains/de/test/auto/DepthTest7.xml (RunModel)" time="0.011" />
  <testcase classname="ptolemy.util.test.junit.AutoTests" name="[26] /home/travis/build/icyphy/ptII/ptolemy/domains/de/test/auto/EventToDate.xml (RunModel)" time="3.045" />
  <testcase classname="ptolemy.util.test.junit.AutoTests" name="[27] /home/travis/build/icyphy/ptII/ptolemy/domains/de/test/auto/FSM1.xml (RunModel)" time="0.036" />
  <testcase classname="ptolemy.util.test.junit.AutoTests" name="[28] /home/travis/build/icyphy/ptII/ptolemy/domains/de/test/auto/FSM7.xml (RunModel)" time="0.049" />
  <testcase classname="ptolemy.util.test.junit.AutoTests" name="[29] /home/travis/build/icyphy/ptII/ptolemy/domains/de/test/auto/Inspection.xml (RunModel)" time="0.039" />
  <testcase classname="ptolemy.util.test.junit.AutoTests" name="[30] /home/travis/build/icyphy/ptII/ptolemy/domains/de/test/auto/Iteration.xml (RunModel)" time="0.028" />
  <testcase classname="ptolemy.util.test.junit.AutoTests" name="[31] /home/travis/build/icyphy/ptII/ptolemy/domains/de/test/auto/LineFault.xml (RunModel)" time="0.52" />
  <testcase classname="ptolemy.util.test.junit.AutoTests" name="[32] /home/travis/build/icyphy/ptII/ptolemy/domains/de/test/auto/MergeModel1Add.xml (RunModel)" time="0.043" />
  <testcase classname="ptolemy.util.test.junit.AutoTests" name="[33] /home/travis/build/icyphy/ptII/ptolemy/domains/de/test/auto/MergeModel2Add.xml (RunModel)" time="0.036" />
  <testcase classname="ptolemy.util.test.junit.AutoTests" name="[34] /home/travis/build/icyphy/ptII/ptolemy/domains/de/test/auto/MergeModel3Add.xml (RunModel)" time="0.041" />
  <testcase classname="ptolemy.util.test.junit.AutoTests" name="[35] /home/travis/build/icyphy/ptII/ptolemy/domains/de/test/auto/MergeWithoutDiscard.xml (RunModel)" time="0.01" />
  <testcase classname="ptolemy.util.test.junit.AutoTests" name="[36] /home/travis/build/icyphy/ptII/ptolemy/domains/de/test/auto/Modal1.xml (RunModel)" time="0.026" />
  <testcase classname="ptolemy.util.test.junit.AutoTests" name="[37] /home/travis/build/icyphy/ptII/ptolemy/domains/de/test/auto/Modal2.xml (RunModel)" time="0.033" />
  <testcase classname="ptolemy.util.test.junit.AutoTests" name="[38] /home/travis/build/icyphy/ptII/ptolemy/domains/de/test/auto/Modal3.xml (RunModel)" time="0.025" />
  <testcase classname="ptolemy.util.test.junit.AutoTests" name="[39] /home/travis/build/icyphy/ptII/ptolemy/domains/de/test/auto/Modal4.xml (RunModel)" time="0.03" />
  <testcase classname="ptolemy.util.test.junit.AutoTests" name="[40] /home/travis/build/icyphy/ptII/ptolemy/domains/de/test/auto/Modal5.xml (RunModel)" time="0.029" />
  <testcase classname="ptolemy.util.test.junit.AutoTests" name="[41] /home/travis/build/icyphy/ptII/ptolemy/domains/de/test/auto/Modal6.xml (RunModel)" time="0.034" />
  <testcase classname="ptolemy.util.test.junit.AutoTests" name="[42] /home/travis/build/icyphy/ptII/ptolemy/domains/de/test/auto/Modal7.xml (RunModel)" time="0.028" />
  <testcase classname="ptolemy.util.test.junit.AutoTests" name="[43] /home/travis/build/icyphy/ptII/ptolemy/domains/de/test/auto/ModalModel.xml (RunModel)" time="0.166" />
  <testcase classname="ptolemy.util.test.junit.AutoTests" name="[44] /home/travis/build/icyphy/ptII/ptolemy/domains/de/test/auto/ModalSource.xml (RunModel)" time="0.019" />
  <testcase classname="ptolemy.util.test.junit.AutoTests" name="[45] /home/travis/build/icyphy/ptII/ptolemy/domains/de/test/auto/NonInterruptibleTimerZeroDelay.xml (RunModel)" time="0.009" />
  <testcase classname="ptolemy.util.test.junit.AutoTests" name="[46] /home/travis/build/icyphy/ptII/ptolemy/domains/de/test/auto/OpenQueueingNetwork.xml (RunModel)" time="2.298" />
  <testcase classname="ptolemy.util.test.junit.AutoTests" name="[47] /home/travis/build/icyphy/ptII/ptolemy/domains/de/test/auto/OpenQueuingNetwork.xml (RunModel)" time="0.261" />
  <testcase classname="ptolemy.util.test.junit.AutoTests" name="[48] /home/travis/build/icyphy/ptII/ptolemy/domains/de/test/auto/PeriodicSampler.xml (RunModel)" time="0.013" />
  <testcase classname="ptolemy.util.test.junit.AutoTests" name="[49] /home/travis/build/icyphy/ptII/ptolemy/domains/de/test/auto/PersistentIO.xml (RunModel)" time="0.022" />
  <testcase classname="ptolemy.util.test.junit.AutoTests" name="[50] /home/travis/build/icyphy/ptII/ptolemy/domains/de/test/auto/PortParameterResetOnInitialize.xml (RunModel)" time="0.012" />
  <testcase classname="ptolemy.util.test.junit.AutoTests" name="[51] /home/travis/build/icyphy/ptII/ptolemy/domains/de/test/auto/PortParameterUpdates.xml (RunModel)" time="0.014" />
  <testcase classname="ptolemy.util.test.junit.AutoTests" name="[52] /home/travis/build/icyphy/ptII/ptolemy/domains/de/test/auto/QueueAndServer.xml (RunModel)" time="0.018" />
  <testcase classname="ptolemy.util.test.junit.AutoTests" name="[53] /home/travis/build/icyphy/ptII/ptolemy/domains/de/test/auto/Records.xml (RunModel)" time="0.013" />
  <testcase classname="ptolemy.util.test.junit.AutoTests" name="[54] /home/travis/build/icyphy/ptII/ptolemy/domains/de/test/auto/ResetTransitionWithStartTime1.xml (RunModel)" time="0.018" />
  <testcase classname="ptolemy.util.test.junit.AutoTests" name="[55] /home/travis/build/icyphy/ptII/ptolemy/domains/de/test/auto/ResetTransitionWithStartTime2.xml (RunModel)" time="0.018" />
  <testcase classname="ptolemy.util.test.junit.AutoTests" name="[56] /home/travis/build/icyphy/ptII/ptolemy/domains/de/test/auto/ResetTransitionWithStartTime3.xml (RunModel)" time="0.019" />
  <testcase classname="ptolemy.util.test.junit.AutoTests" name="[57] /home/travis/build/icyphy/ptII/ptolemy/domains/de/test/auto/ResetTransitionWithStartTime4.xml (RunModel)" time="0.017" />
  <testcase classname="ptolemy.util.test.junit.AutoTests" name="[58] /home/travis/build/icyphy/ptII/ptolemy/domains/de/test/auto/ResettableTimer1.xml (RunModel)" time="0.009" />
  <testcase classname="ptolemy.util.test.junit.AutoTests" name="[59] /home/travis/build/icyphy/ptII/ptolemy/domains/de/test/auto/ResettableTimer2.xml (RunModel)" time="0.009" />
  <testcase classname="ptolemy.util.test.junit.AutoTests" name="[60] /home/travis/build/icyphy/ptII/ptolemy/domains/de/test/auto/ResettableTimer3.xml (RunModel)" time="0.01" />
  <testcase classname="ptolemy.util.test.junit.AutoTests" name="[61] /home/travis/build/icyphy/ptII/ptolemy/domains/de/test/auto/ResettableTimer4.xml (RunModel)" time="0.011" />
  <testcase classname="ptolemy.util.test.junit.AutoTests" name="[62] /home/travis/build/icyphy/ptII/ptolemy/domains/de/test/auto/ResettableTimer5.xml (RunModel)" time="0.011" />
  <testcase classname="ptolemy.util.test.junit.AutoTests" name="[63] /home/travis/build/icyphy/ptII/ptolemy/domains/de/test/auto/ResettableTimer6.xml (RunModel)" time="0.019" />
  <testcase classname="ptolemy.util.test.junit.AutoTests" name="[64] /home/travis/build/icyphy/ptII/ptolemy/domains/de/test/auto/ServerZeroDelay.xml (RunModel)" time="0.011" />
  <testcase classname="ptolemy.util.test.junit.AutoTests" name="[65] /home/travis/build/icyphy/ptII/ptolemy/domains/de/test/auto/SmartSender.xml (RunModel)" time="3.01" />
  <testcase classname="ptolemy.util.test.junit.AutoTests" name="[66] /home/travis/build/icyphy/ptII/ptolemy/domains/de/test/auto/ThreadedComposite.xml (RunModel)" time="0.111" />
  <testcase classname="ptolemy.util.test.junit.AutoTests" name="[67] /home/travis/build/icyphy/ptII/ptolemy/domains/de/test/auto/Time.xml (RunModel)" time="0.365" />
  <testcase classname="ptolemy.util.test.junit.AutoTests" name="[68] /home/travis/build/icyphy/ptII/ptolemy/domains/de/test/auto/TimeDelayZeroDelay.xml (RunModel)" time="0.012" />
  <testcase classname="ptolemy.util.test.junit.AutoTests" name="[69] /home/travis/build/icyphy/ptII/ptolemy/domains/de/test/auto/TimerZeroDelay.xml (RunModel)" time="0.011" />
  <testcase classname="ptolemy.util.test.junit.AutoTests" name="[70] /home/travis/build/icyphy/ptII/ptolemy/domains/de/test/auto/TimingParadox.xml (RunModel)" time="0.302" />
  <testcase classname="ptolemy.util.test.junit.AutoTests" name="[71] /home/travis/build/icyphy/ptII/ptolemy/domains/de/test/auto/TransferInputs.xml (RunModel)" time="0.015" />
  <testcase classname="ptolemy.util.test.junit.AutoTests" name="[72] /home/travis/build/icyphy/ptII/ptolemy/domains/de/test/auto/TransferOutputs2.xml (RunModel)" time="0.017" />
  <testcase classname="ptolemy.util.test.junit.AutoTests" name="[73] /home/travis/build/icyphy/ptII/ptolemy/domains/de/test/auto/Trilateration.xml (RunModel)" time="10.768" />
  <testcase classname="ptolemy.util.test.junit.AutoTests" name="[74] /home/travis/build/icyphy/ptII/ptolemy/domains/de/test/auto/TwoSigmaDelta.xml (RunModel)" time="1.648" />
  <testcase classname="ptolemy.util.test.junit.AutoTests" name="[75] /home/travis/build/icyphy/ptII/ptolemy/domains/de/test/auto/VariableDelay.xml (RunModel)" time="0.02" />
  <testcase classname="ptolemy.util.test.junit.AutoTests" name="[76] /home/travis/build/icyphy/ptII/ptolemy/domains/de/test/auto/VariableDelay2.xml (RunModel)" time="0.012" />
  <testcase classname="ptolemy.util.test.junit.AutoTests" name="[77] /home/travis/build/icyphy/ptII/ptolemy/domains/de/test/auto/VariableDelayZeroDelay.xml (RunModel)" time="0.017" />
  <testcase classname="ptolemy.util.test.junit.AutoTests" name="[78] /home/travis/build/icyphy/ptII/ptolemy/domains/de/test/auto/VariableDelayZeroDelay2.xml (RunModel)" time="0.019" />
  <testcase classname="ptolemy.util.test.junit.AutoTests" name="[79] /home/travis/build/icyphy/ptII/ptolemy/domains/de/test/auto/deInCt.xml (RunModel)" time="0.018" />
  <testcase classname="ptolemy.util.test.junit.AutoTests" name="[80] /home/travis/build/icyphy/ptII/ptolemy/domains/de/test/auto/deInCt2.xml (RunModel)" time="0.013" />
  <testcase classname="ptolemy.util.test.junit.AutoTests" name="[81] /home/travis/build/icyphy/ptII/ptolemy/domains/de/test/auto/dynamicCausalityInterface1.xml (RunModel)" time="0.015" />
  <testcase classname="ptolemy.util.test.junit.AutoTests" name="[82] /home/travis/build/icyphy/ptII/ptolemy/domains/de/test/auto/fsm_de_test.xml (RunModel)" time="0.022" />
  <testcase classname="ptolemy.util.test.junit.AutoTests" name="[83] /home/travis/build/icyphy/ptII/ptolemy/domains/de/test/auto/functionDependencyReconstruction.xml (RunModel)" time="0.027" />
  <testcase classname="ptolemy.util.test.junit.AutoTests" name="[84] /home/travis/build/icyphy/ptII/ptolemy/domains/de/test/auto/multirate.xml (RunModel)" time="0.014" />
  <testcase classname="ptolemy.util.test.junit.AutoTests" name="[85] /home/travis/build/icyphy/ptII/ptolemy/domains/de/test/auto/multirate2.xml (RunModel)" time="0.013" />
  <testcase classname="ptolemy.util.test.junit.AutoTests" name="[86] /home/travis/build/icyphy/ptII/ptolemy/domains/de/test/auto/realtime.xml (RunModel)" time="10.012" />
  <testcase classname="ptolemy.util.test.junit.AutoTests" name="[87] /home/travis/build/icyphy/ptII/ptolemy/domains/de/test/auto/relationGroup.xml (RunModel)" time="0.007" />
  <testcase classname="ptolemy.util.test.junit.AutoTests" name="[88] /home/travis/build/icyphy/ptII/ptolemy/domains/de/test/auto/relationGroup2.xml (RunModel)" time="0.005" />
  <testcase classname="ptolemy.util.test.junit.AutoTests" name="[89] /home/travis/build/icyphy/ptII/ptolemy/domains/de/test/auto/sortWithOpaquePorts.xml (RunModel)" time="0.015" />
  <testcase classname="ptolemy.util.test.junit.AutoTests" name="[90] /home/travis/build/icyphy/ptII/ptolemy/domains/de/test/auto/transferInputsandOutputs.xml (RunModel)" time="0.017" />
  <testcase classname="ptolemy.util.test.junit.AutoTests" name="[91] /home/travis/build/icyphy/ptII/ptolemy/domains/de/test/auto/triggerType.xml (RunModel)" time="0.011" />
  <system-out><![CDATA[/home/travis/build/icyphy/ptII/ptolemy/domains/de/test/DependencyLoop.tcl
testDefs.tcl: setting time out to 9000 seconds at Sun Oct 25 15:52:02 UTC 2020
69 ms. Memory: 129024K Free: 78792K (61%)
30 ms. Memory: 129024K Free: 61384K (48%)
/home/travis/build/icyphy/ptII/ptolemy/domains/de/test/RunDETestsAsQSS.tcl
Run the DE tests using ptolemy.domains.qss.test.QSSDirectorTest, which extends QSSDirector and prints a message in the constructors.
------------------ testing $PTII/ptolemy/domains/de/test/auto/knownFailedTests/DirectFeedback.xml (Known Failure) 
55 ms. Memory: 129024K Free: 56264K (44%)


==== $PTIIhome/travis/build/icyphy/ptII/ptolemy/domains/de/test/../../../../: Auto Automatic test in file $PTII/ptolemy/domains/de/test/auto/knownFailedTests/DirectFeedback.xml
==== Contents of test case:

	    # FIXME: we should use $relativeFilename here, but it
	    # might have backslashes under Windows, which causes no end
	    # of trouble.
	    createAndExecute $file
	    list {}
	
.... Test generated KNOWN error:
    while executing
ptolemy.kernel.util.IllegalActionException: Test fails in iteration 1.
Value was: 1.0. Should have been: 2.0
  in .DirectFeedback.Test
	at ptolemy.actor.lib.Test.fire(Test.java:268)
	at ptolemy.domains.de.kernel.DEDirector._fire(DEDirector.java:1949)
	at ptolemy.domains.de.kernel.DEDirector.fire(DEDirector.java:502)
	at ptolemy.actor.CompositeActor.fire(CompositeActor.java:455)
	at ptolemy.actor.Manager.iterate(Manager.java:851)
	at ptolemy.actor.Manager.execute(Manager.java:369)
	at ptolemy.actor.Manager.run(Manager.java:1263)
	at ptolemy.actor.Manager$PtolemyRunThread.run(Manager.java:1933)

    while executing
ptolemy.kernel.util.IllegalActionException: Test fails in iteration 1.
Value was: 1.0. Should have been: 2.0
  in .DirectFeedback.Test
    while executing
"java::new ptolemy.moml.MoMLSimpleApplication $file
"
    (procedure "createAndExecute" line 2)
    invoked from within
"createAndExecute $file"
    ("uplevel" body line 5)
    invoked from within
"uplevel $contents_of_test"
------------------ testing $PTII/ptolemy/domains/de/test/auto/knownFailedTests/dependencyLoop.xml (Known Failure) 
16 ms. Memory: 129024K Free: 53192K (41%)


==== $PTIIhome/travis/build/icyphy/ptII/ptolemy/domains/de/test/../../../../: Auto Automatic test in file $PTII/ptolemy/domains/de/test/auto/knownFailedTests/dependencyLoop.xml
==== Contents of test case:

	    # FIXME: we should use $relativeFilename here, but it
	    # might have backslashes under Windows, which causes no end
	    # of trouble.
	    createAndExecute $file
	    list {}
	
.... Test generated KNOWN error:
    while executing
ptolemy.kernel.util.IllegalActionException: Found a zero delay loop containing .dependencyLoop.original
  in .dependencyLoop and .dependencyLoop.original
	at ptolemy.actor.util.CausalityInterfaceForComposites._computeOutputPortDepth(CausalityInterfaceForComposites.java:759)
	at ptolemy.actor.util.CausalityInterfaceForComposites._computeInputDepth(CausalityInterfaceForComposites.java:696)
	at ptolemy.actor.util.CausalityInterfaceForComposites._computeOutputPortDepth(CausalityInterfaceForComposites.java:765)
	at ptolemy.actor.util.CausalityInterfaceForComposites._computeInputDepth(CausalityInterfaceForComposites.java:696)
	at ptolemy.actor.util.CausalityInterfaceForComposites._computeOutputPortDepth(CausalityInterfaceForComposites.java:765)
	at ptolemy.actor.util.CausalityInterfaceForComposites._computeInputDepth(CausalityInterfaceForComposites.java:696)
	at ptolemy.actor.util.CausalityInterfaceForComposites._computeActorDepth(CausalityInterfaceForComposites.java:532)
	at ptolemy.actor.util.CausalityInterfaceForComposites.checkForCycles(CausalityInterfaceForComposites.java:96)
	at ptolemy.domains.de.kernel.DEDirector.preinitialize(DEDirector.java:1338)
	at ptolemy.actor.CompositeActor.preinitialize(CompositeActor.java:1828)
	at ptolemy.actor.Manager.preinitializeAndResolveTypes(Manager.java:1040)
	at ptolemy.actor.Manager.initialize(Manager.java:710)
	at ptolemy.actor.Manager.execute(Manager.java:356)
	at ptolemy.actor.Manager.run(Manager.java:1263)
	at ptolemy.actor.Manager$PtolemyRunThread.run(Manager.java:1933)

    while executing
ptolemy.kernel.util.IllegalActionException: Found a zero delay loop containing .dependencyLoop.original
  in .dependencyLoop and .dependencyLoop.original
    while executing
"java::new ptolemy.moml.MoMLSimpleApplication $file
"
    (procedure "createAndExecute" line 2)
    invoked from within
"createAndExecute $file"
    ("uplevel" body line 5)
    invoked from within
"uplevel $contents_of_test"
------------------ testing $PTII/ptolemy/domains/de/test/auto/knownFailedTests/FSMSource.xml (Known Failure) 
75 ms. Memory: 129024K Free: 111483K (86%)
!!!! Auto was marked as failing, but now passes
------------------ testing $PTII/ptolemy/domains/de/test/auto/knownFailedTests/HierarchicalModel.xml (Known Failure) 
14 ms. Memory: 129024K Free: 94531K (73%)


==== $PTIIhome/travis/build/icyphy/ptII/ptolemy/domains/de/test/../../../../: Auto Automatic test in file $PTII/ptolemy/domains/de/test/auto/knownFailedTests/HierarchicalModel.xml
==== Contents of test case:

	    # FIXME: we should use $relativeFilename here, but it
	    # might have backslashes under Windows, which causes no end
	    # of trouble.
	    createAndExecute $file
	    list {}
	
.... Test generated KNOWN error:
    while executing
ptolemy.kernel.util.IllegalActionException: Found a zero delay loop containing .HierarchicalModel.A
  in .HierarchicalModel and .HierarchicalModel.A
	at ptolemy.actor.util.CausalityInterfaceForComposites._computeOutputPortDepth(CausalityInterfaceForComposites.java:759)
	at ptolemy.actor.util.CausalityInterfaceForComposites._computeInputDepth(CausalityInterfaceForComposites.java:696)
	at ptolemy.actor.util.CausalityInterfaceForComposites._computeOutputPortDepth(CausalityInterfaceForComposites.java:765)
	at ptolemy.actor.util.CausalityInterfaceForComposites._computeInputDepth(CausalityInterfaceForComposites.java:696)
	at ptolemy.actor.util.CausalityInterfaceForComposites._computeOutputPortDepth(CausalityInterfaceForComposites.java:765)
	at ptolemy.actor.util.CausalityInterfaceForComposites._computeInputDepth(CausalityInterfaceForComposites.java:696)
	at ptolemy.actor.util.CausalityInterfaceForComposites._computeActorDepth(CausalityInterfaceForComposites.java:532)
	at ptolemy.actor.util.CausalityInterfaceForComposites.checkForCycles(CausalityInterfaceForComposites.java:96)
	at ptolemy.domains.de.kernel.DEDirector.preinitialize(DEDirector.java:1338)
	at ptolemy.actor.CompositeActor.preinitialize(CompositeActor.java:1828)
	at ptolemy.actor.Manager.preinitializeAndResolveTypes(Manager.java:1040)
	at ptolemy.actor.Manager.initialize(Manager.java:710)
	at ptolemy.actor.Manager.execute(Manager.java:356)
	at ptolemy.actor.Manager.run(Manager.java:1263)
	at ptolemy.actor.Manager$PtolemyRunThread.run(Manager.java:1933)

    while executing
ptolemy.kernel.util.IllegalActionException: Found a zero delay loop containing .HierarchicalModel.A
  in .HierarchicalModel and .HierarchicalModel.A
    while executing
"java::new ptolemy.moml.MoMLSimpleApplication $file
"
    (procedure "createAndExecute" line 2)
    invoked from within
"createAndExecute $file"
    ("uplevel" body line 5)
    invoked from within
"uplevel $contents_of_test"
------------------ testing $PTII/ptolemy/domains/de/test/auto/knownFailedTests/dependencyLoop2.xml (Known Failure) 
12 ms. Memory: 129024K Free: 78169K (61%)


==== $PTIIhome/travis/build/icyphy/ptII/ptolemy/domains/de/test/../../../../: Auto Automatic test in file $PTII/ptolemy/domains/de/test/auto/knownFailedTests/dependencyLoop2.xml
==== Contents of test case:

	    # FIXME: we should use $relativeFilename here, but it
	    # might have backslashes under Windows, which causes no end
	    # of trouble.
	    createAndExecute $file
	    list {}
	
.... Test generated KNOWN error:
    while executing
ptolemy.kernel.util.IllegalActionException: Found a zero delay loop containing .dependencyLoop2.original
  in .dependencyLoop2 and .dependencyLoop2.original
	at ptolemy.actor.util.CausalityInterfaceForComposites._computeOutputPortDepth(CausalityInterfaceForComposites.java:759)
	at ptolemy.actor.util.CausalityInterfaceForComposites._computeInputDepth(CausalityInterfaceForComposites.java:696)
	at ptolemy.actor.util.CausalityInterfaceForComposites._computeOutputPortDepth(CausalityInterfaceForComposites.java:765)
	at ptolemy.actor.util.CausalityInterfaceForComposites._computeInputDepth(CausalityInterfaceForComposites.java:696)
	at ptolemy.actor.util.CausalityInterfaceForComposites._computeOutputPortDepth(CausalityInterfaceForComposites.java:765)
	at ptolemy.actor.util.CausalityInterfaceForComposites._computeInputDepth(CausalityInterfaceForComposites.java:696)
	at ptolemy.actor.util.CausalityInterfaceForComposites._computeActorDepth(CausalityInterfaceForComposites.java:532)
	at ptolemy.actor.util.CausalityInterfaceForComposites.checkForCycles(CausalityInterfaceForComposites.java:96)
	at ptolemy.domains.de.kernel.DEDirector.preinitialize(DEDirector.java:1338)
	at ptolemy.actor.CompositeActor.preinitialize(CompositeActor.java:1828)
	at ptolemy.actor.Manager.preinitializeAndResolveTypes(Manager.java:1040)
	at ptolemy.actor.Manager.initialize(Manager.java:710)
	at ptolemy.actor.Manager.execute(Manager.java:356)
	at ptolemy.actor.Manager.run(Manager.java:1263)
	at ptolemy.actor.Manager$PtolemyRunThread.run(Manager.java:1933)

    while executing
ptolemy.kernel.util.IllegalActionException: Found a zero delay loop containing .dependencyLoop2.original
  in .dependencyLoop2 and .dependencyLoop2.original
    while executing
"java::new ptolemy.moml.MoMLSimpleApplication $file
"
    (procedure "createAndExecute" line 2)
    invoked from within
"createAndExecute $file"
    ("uplevel" body line 5)
    invoked from within
"uplevel $contents_of_test"
------------------ testing $PTII/ptolemy/domains/de/test/auto/knownFailedTests/DESDFClockTest.xml (Known Failure) 
2055 ms. Memory: 129024K Free: 107783K (84%)


==== $PTIIhome/travis/build/icyphy/ptII/ptolemy/domains/de/test/../../../../: Auto Automatic test in file $PTII/ptolemy/domains/de/test/auto/knownFailedTests/DESDFClockTest.xml
==== Contents of test case:

	    # FIXME: we should use $relativeFilename here, but it
	    # might have backslashes under Windows, which causes no end
	    # of trouble.
	    createAndExecute $file
	    list {}
	
.... Test generated KNOWN error:
    while executing
ptolemy.kernel.util.IllegalActionException: Actor is not ready to fire.  Perhaps UpSample.prefire() returned false? Try debugging the actor by selecting "Listen to Actor".  Also, for SDF check moml for tokenConsumptionRate on input.
  in .DESDFClockTest.Play Bell.Copy1:SDF Director and .DESDFClockTest.Play Bell.UpSample
	at ptolemy.actor.sched.StaticSchedulingDirector.fire(StaticSchedulingDirector.java:227)
	at ptolemy.domains.sdf.kernel.SDFDirector.fire(SDFDirector.java:500)
	at ptolemy.actor.CompositeActor.fire(CompositeActor.java:455)
	at ptolemy.domains.de.kernel.DEDirector._fire(DEDirector.java:1949)
	at ptolemy.domains.de.kernel.DEDirector.fire(DEDirector.java:502)
	at ptolemy.actor.CompositeActor.fire(CompositeActor.java:455)
	at ptolemy.actor.Manager.iterate(Manager.java:851)
	at ptolemy.actor.Manager.execute(Manager.java:369)
	at ptolemy.actor.Manager.run(Manager.java:1263)
	at ptolemy.actor.Manager$PtolemyRunThread.run(Manager.java:1933)

    while executing
ptolemy.kernel.util.IllegalActionException: Actor is not ready to fire.  Perhaps UpSample.prefire() returned false? Try debugging the actor by selecting "Listen to Actor".  Also, for SDF check moml for tokenConsumptionRate on input.
  in .DESDFClockTest.Play Bell.Copy1:SDF Director and .DESDFClockTest.Play Bell.UpSample
    while executing
"java::new ptolemy.moml.MoMLSimpleApplication $file
"
    (procedure "createAndExecute" line 2)
    invoked from within
"createAndExecute $file"
    ("uplevel" body line 5)
    invoked from within
"uplevel $contents_of_test"
------------------ testing $PTII/ptolemy/domains/de/test/auto/ActorDepthCalculation_actorWithoutPorts.xml
auto.tcl: Setting watchdog for 200 seconds at Sun Oct 25 15:52:06 UTC 2020
18 ms. Memory: 129024K Free: 100087K (78%)
ptolemy.util.test.WatchDog.cancel(): canceling Sun Oct 25 15:52:06 UTC 2020
auto.tcl: Setting watchdog for 200 seconds at Sun Oct 25 15:52:06 UTC 2020
4 ms. Memory: 129024K Free: 98567K (76%)
ptolemy.util.test.WatchDog.cancel(): canceling Sun Oct 25 15:52:06 UTC 2020
------------------ testing $PTII/ptolemy/domains/de/test/auto/AssemblyLine.xml
auto.tcl: Setting watchdog for 200 seconds at Sun Oct 25 15:52:06 UTC 2020
8 ms. Memory: 51200K Free: 28167K (55%)
ptolemy.util.test.WatchDog.cancel(): canceling Sun Oct 25 15:52:06 UTC 2020
auto.tcl: Setting watchdog for 200 seconds at Sun Oct 25 15:52:06 UTC 2020
6 ms. Memory: 51200K Free: 27285K (53%)
ptolemy.util.test.WatchDog.cancel(): canceling Sun Oct 25 15:52:06 UTC 2020
------------------ testing $PTII/ptolemy/domains/de/test/auto/CQBug1.xml
auto.tcl: Setting watchdog for 200 seconds at Sun Oct 25 15:52:06 UTC 2020
2 ms. Memory: 51200K Free: 33269K (65%)
ptolemy.util.test.WatchDog.cancel(): canceling Sun Oct 25 15:52:06 UTC 2020
auto.tcl: Setting watchdog for 200 seconds at Sun Oct 25 15:52:06 UTC 2020
2 ms. Memory: 51200K Free: 33269K (65%)
ptolemy.util.test.WatchDog.cancel(): canceling Sun Oct 25 15:52:06 UTC 2020
------------------ testing $PTII/ptolemy/domains/de/test/auto/CancelFireAt.xml
auto.tcl: Setting watchdog for 200 seconds at Sun Oct 25 15:52:06 UTC 2020
3 ms. Memory: 51200K Free: 34736K (68%)
ptolemy.util.test.WatchDog.cancel(): canceling Sun Oct 25 15:52:06 UTC 2020
auto.tcl: Setting watchdog for 200 seconds at Sun Oct 25 15:52:06 UTC 2020
2 ms. Memory: 51200K Free: 34252K (67%)
ptolemy.util.test.WatchDog.cancel(): canceling Sun Oct 25 15:52:06 UTC 2020
------------------ testing $PTII/ptolemy/domains/de/test/auto/CausalityAndComposabilityAnalysis.xml
auto.tcl: Setting watchdog for 200 seconds at Sun Oct 25 15:52:06 UTC 2020
7 ms. Memory: 51200K Free: 32442K (63%)
ptolemy.util.test.WatchDog.cancel(): canceling Sun Oct 25 15:52:07 UTC 2020
auto.tcl: Setting watchdog for 200 seconds at Sun Oct 25 15:52:07 UTC 2020
5 ms. Memory: 51200K Free: 31975K (62%)
ptolemy.util.test.WatchDog.cancel(): canceling Sun Oct 25 15:52:07 UTC 2020
------------------ testing $PTII/ptolemy/domains/de/test/auto/CausalityInterface1.xml
auto.tcl: Setting watchdog for 200 seconds at Sun Oct 25 15:52:07 UTC 2020
18 ms. Memory: 51200K Free: 31366K (61%)
ptolemy.util.test.WatchDog.cancel(): canceling Sun Oct 25 15:52:07 UTC 2020
auto.tcl: Setting watchdog for 200 seconds at Sun Oct 25 15:52:07 UTC 2020
4 ms. Memory: 51200K Free: 30384K (59%)
ptolemy.util.test.WatchDog.cancel(): canceling Sun Oct 25 15:52:07 UTC 2020
------------------ testing $PTII/ptolemy/domains/de/test/auto/CausalityInterface15.xml
auto.tcl: Setting watchdog for 200 seconds at Sun Oct 25 15:52:07 UTC 2020
4 ms. Memory: 51200K Free: 31285K (61%)
ptolemy.util.test.WatchDog.cancel(): canceling Sun Oct 25 15:52:07 UTC 2020
auto.tcl: Setting watchdog for 200 seconds at Sun Oct 25 15:52:07 UTC 2020
6 ms. Memory: 51200K Free: 30342K (59%)
ptolemy.util.test.WatchDog.cancel(): canceling Sun Oct 25 15:52:07 UTC 2020
------------------ testing $PTII/ptolemy/domains/de/test/auto/CausalityInterface2.xml
auto.tcl: Setting watchdog for 200 seconds at Sun Oct 25 15:52:07 UTC 2020
3 ms. Memory: 51200K Free: 32013K (63%)
ptolemy.util.test.WatchDog.cancel(): canceling Sun Oct 25 15:52:07 UTC 2020
auto.tcl: Setting watchdog for 200 seconds at Sun Oct 25 15:52:07 UTC 2020
3 ms. Memory: 51200K Free: 31344K (61%)
ptolemy.util.test.WatchDog.cancel(): canceling Sun Oct 25 15:52:07 UTC 2020
------------------ testing $PTII/ptolemy/domains/de/test/auto/CausalityInterface3.xml
auto.tcl: Setting watchdog for 200 seconds at Sun Oct 25 15:52:07 UTC 2020
6 ms. Memory: 51200K Free: 32008K (63%)
ptolemy.util.test.WatchDog.cancel(): canceling Sun Oct 25 15:52:07 UTC 2020
auto.tcl: Setting watchdog for 200 seconds at Sun Oct 25 15:52:07 UTC 2020
2 ms. Memory: 51200K Free: 30900K (60%)
ptolemy.util.test.WatchDog.cancel(): canceling Sun Oct 25 15:52:07 UTC 2020
------------------ testing $PTII/ptolemy/domains/de/test/auto/ClockDrift.xml
auto.tcl: Setting watchdog for 200 seconds at Sun Oct 25 15:52:07 UTC 2020
79 ms. Memory: 51200K Free: 24132K (47%)
ptolemy.util.test.WatchDog.cancel(): canceling Sun Oct 25 15:52:07 UTC 2020
auto.tcl: Setting watchdog for 200 seconds at Sun Oct 25 15:52:07 UTC 2020
55 ms. Memory: 51200K Free: 21124K (41%)
ptolemy.util.test.WatchDog.cancel(): canceling Sun Oct 25 15:52:07 UTC 2020
------------------ testing $PTII/ptolemy/domains/de/test/auto/ClockDriftAndValueChange.xml
auto.tcl: Setting watchdog for 200 seconds at Sun Oct 25 15:52:07 UTC 2020
36 ms. Memory: 51200K Free: 24504K (48%)
ptolemy.util.test.WatchDog.cancel(): canceling Sun Oct 25 15:52:07 UTC 2020
auto.tcl: Setting watchdog for 200 seconds at Sun Oct 25 15:52:07 UTC 2020
17 ms. Memory: 51200K Free: 21432K (42%)
ptolemy.util.test.WatchDog.cancel(): canceling Sun Oct 25 15:52:07 UTC 2020
------------------ testing $PTII/ptolemy/domains/de/test/auto/ClockDriftChange.xml
auto.tcl: Setting watchdog for 200 seconds at Sun Oct 25 15:52:07 UTC 2020
17 ms. Memory: 51200K Free: 26037K (51%)
ptolemy.util.test.WatchDog.cancel(): canceling Sun Oct 25 15:52:07 UTC 2020
auto.tcl: Setting watchdog for 200 seconds at Sun Oct 25 15:52:07 UTC 2020
26 ms. Memory: 51200K Free: 23671K (46%)
ptolemy.util.test.WatchDog.cancel(): canceling Sun Oct 25 15:52:07 UTC 2020
------------------ testing $PTII/ptolemy/domains/de/test/auto/ComposableCausalityAnalysis.xml
auto.tcl: Setting watchdog for 200 seconds at Sun Oct 25 15:52:07 UTC 2020
2 ms. Memory: 51200K Free: 30807K (60%)
ptolemy.util.test.WatchDog.cancel(): canceling Sun Oct 25 15:52:07 UTC 2020
auto.tcl: Setting watchdog for 200 seconds at Sun Oct 25 15:52:07 UTC 2020
2 ms. Memory: 51200K Free: 29821K (58%)
ptolemy.util.test.WatchDog.cancel(): canceling Sun Oct 25 15:52:07 UTC 2020
------------------ testing $PTII/ptolemy/domains/de/test/auto/DEFixedPointLimitation.xml
auto.tcl: Setting watchdog for 200 seconds at Sun Oct 25 15:52:07 UTC 2020
5 ms. Memory: 51200K Free: 32188K (63%)
ptolemy.util.test.WatchDog.cancel(): canceling Sun Oct 25 15:52:07 UTC 2020
auto.tcl: Setting watchdog for 200 seconds at Sun Oct 25 15:52:07 UTC 2020
0 ms. Memory: 51200K Free: 31368K (61%)
ptolemy.util.test.WatchDog.cancel(): canceling Sun Oct 25 15:52:08 UTC 2020
------------------ testing $PTII/ptolemy/domains/de/test/auto/DEScheduleTest.xml
auto.tcl: Setting watchdog for 200 seconds at Sun Oct 25 15:52:08 UTC 2020
3 ms. Memory: 51200K Free: 32579K (64%)
ptolemy.util.test.WatchDog.cancel(): canceling Sun Oct 25 15:52:08 UTC 2020
auto.tcl: Setting watchdog for 200 seconds at Sun Oct 25 15:52:08 UTC 2020
3 ms. Memory: 51200K Free: 31824K (62%)
ptolemy.util.test.WatchDog.cancel(): canceling Sun Oct 25 15:52:08 UTC 2020
------------------ testing $PTII/ptolemy/domains/de/test/auto/DEinDEwithStartTimes.xml
auto.tcl: Setting watchdog for 200 seconds at Sun Oct 25 15:52:08 UTC 2020
3 ms. Memory: 51200K Free: 30751K (60%)
ptolemy.util.test.WatchDog.cancel(): canceling Sun Oct 25 15:52:08 UTC 2020
auto.tcl: Setting watchdog for 200 seconds at Sun Oct 25 15:52:08 UTC 2020
3 ms. Memory: 51200K Free: 29727K (58%)
ptolemy.util.test.WatchDog.cancel(): canceling Sun Oct 25 15:52:08 UTC 2020
------------------ testing $PTII/ptolemy/domains/de/test/auto/DEinDEwithStartTimes2.xml
auto.tcl: Setting watchdog for 200 seconds at Sun Oct 25 15:52:08 UTC 2020
4 ms. Memory: 51200K Free: 29896K (58%)
ptolemy.util.test.WatchDog.cancel(): canceling Sun Oct 25 15:52:08 UTC 2020
auto.tcl: Setting watchdog for 200 seconds at Sun Oct 25 15:52:08 UTC 2020
3 ms. Memory: 51200K Free: 28851K (56%)
ptolemy.util.test.WatchDog.cancel(): canceling Sun Oct 25 15:52:08 UTC 2020
------------------ testing $PTII/ptolemy/domains/de/test/auto/DateDemo.xml
auto.tcl: Setting watchdog for 200 seconds at Sun Oct 25 15:52:08 UTC 2020
15 ms. Memory: 51200K Free: 24560K (48%)
ptolemy.util.test.WatchDog.cancel(): canceling Sun Oct 25 15:52:08 UTC 2020
auto.tcl: Setting watchdog for 200 seconds at Sun Oct 25 15:52:08 UTC 2020
8 ms. Memory: 51200K Free: 22679K (44%)
ptolemy.util.test.WatchDog.cancel(): canceling Sun Oct 25 15:52:08 UTC 2020
------------------ testing $PTII/ptolemy/domains/de/test/auto/DateToEvent.xml
auto.tcl: Setting watchdog for 200 seconds at Sun Oct 25 15:52:08 UTC 2020
2025 ms. Memory: 51200K Free: 19986K (39%)
ptolemy.util.test.WatchDog.cancel(): canceling Sun Oct 25 15:52:10 UTC 2020
auto.tcl: Setting watchdog for 200 seconds at Sun Oct 25 15:52:10 UTC 2020
2005 ms. Memory: 51200K Free: 19220K (38%)
ptolemy.util.test.WatchDog.cancel(): canceling Sun Oct 25 15:52:12 UTC 2020
------------------ testing $PTII/ptolemy/domains/de/test/auto/DepthTest1.xml
auto.tcl: Setting watchdog for 200 seconds at Sun Oct 25 15:52:12 UTC 2020
2 ms. Memory: 51200K Free: 33412K (65%)
ptolemy.util.test.WatchDog.cancel(): canceling Sun Oct 25 15:52:12 UTC 2020
auto.tcl: Setting watchdog for 200 seconds at Sun Oct 25 15:52:12 UTC 2020
1 ms. Memory: 51200K Free: 32948K (64%)
ptolemy.util.test.WatchDog.cancel(): canceling Sun Oct 25 15:52:12 UTC 2020
------------------ testing $PTII/ptolemy/domains/de/test/auto/DepthTest2.xml
auto.tcl: Setting watchdog for 200 seconds at Sun Oct 25 15:52:12 UTC 2020
5 ms. Memory: 51200K Free: 30129K (59%)
ptolemy.util.test.WatchDog.cancel(): canceling Sun Oct 25 15:52:12 UTC 2020
auto.tcl: Setting watchdog for 200 seconds at Sun Oct 25 15:52:12 UTC 2020
3 ms. Memory: 51200K Free: 29718K (58%)
ptolemy.util.test.WatchDog.cancel(): canceling Sun Oct 25 15:52:12 UTC 2020
------------------ testing $PTII/ptolemy/domains/de/test/auto/DepthTest3.xml
auto.tcl: Setting watchdog for 200 seconds at Sun Oct 25 15:52:12 UTC 2020
2 ms. Memory: 51200K Free: 33728K (66%)
ptolemy.util.test.WatchDog.cancel(): canceling Sun Oct 25 15:52:12 UTC 2020
auto.tcl: Setting watchdog for 200 seconds at Sun Oct 25 15:52:12 UTC 2020
2 ms. Memory: 51200K Free: 33252K (65%)
ptolemy.util.test.WatchDog.cancel(): canceling Sun Oct 25 15:52:12 UTC 2020
------------------ testing $PTII/ptolemy/domains/de/test/auto/DepthTest4.xml
auto.tcl: Setting watchdog for 200 seconds at Sun Oct 25 15:52:12 UTC 2020
3 ms. Memory: 51200K Free: 31963K (62%)
ptolemy.util.test.WatchDog.cancel(): canceling Sun Oct 25 15:52:12 UTC 2020
auto.tcl: Setting watchdog for 200 seconds at Sun Oct 25 15:52:12 UTC 2020
2 ms. Memory: 51200K Free: 31296K (61%)
ptolemy.util.test.WatchDog.cancel(): canceling Sun Oct 25 15:52:12 UTC 2020
------------------ testing $PTII/ptolemy/domains/de/test/auto/DepthTest5.xml
auto.tcl: Setting watchdog for 200 seconds at Sun Oct 25 15:52:12 UTC 2020
3 ms. Memory: 51200K Free: 31426K (61%)
ptolemy.util.test.WatchDog.cancel(): canceling Sun Oct 25 15:52:12 UTC 2020
auto.tcl: Setting watchdog for 200 seconds at Sun Oct 25 15:52:12 UTC 2020
2 ms. Memory: 51200K Free: 30682K (60%)
ptolemy.util.test.WatchDog.cancel(): canceling Sun Oct 25 15:52:12 UTC 2020
------------------ testing $PTII/ptolemy/domains/de/test/auto/DepthTest6.xml
auto.tcl: Setting watchdog for 200 seconds at Sun Oct 25 15:52:12 UTC 2020
4 ms. Memory: 51200K Free: 31108K (61%)
ptolemy.util.test.WatchDog.cancel(): canceling Sun Oct 25 15:52:12 UTC 2020
auto.tcl: Setting watchdog for 200 seconds at Sun Oct 25 15:52:12 UTC 2020
3 ms. Memory: 51200K Free: 30680K (60%)
ptolemy.util.test.WatchDog.cancel(): canceling Sun Oct 25 15:52:12 UTC 2020
------------------ testing $PTII/ptolemy/domains/de/test/auto/DepthTest7.xml
auto.tcl: Setting watchdog for 200 seconds at Sun Oct 25 15:52:12 UTC 2020
6 ms. Memory: 51200K Free: 31894K (62%)
ptolemy.util.test.WatchDog.cancel(): canceling Sun Oct 25 15:52:12 UTC 2020
auto.tcl: Setting watchdog for 200 seconds at Sun Oct 25 15:52:12 UTC 2020
2 ms. Memory: 51200K Free: 31230K (61%)
ptolemy.util.test.WatchDog.cancel(): canceling Sun Oct 25 15:52:12 UTC 2020
------------------ testing $PTII/ptolemy/domains/de/test/auto/EventToDate.xml
auto.tcl: Setting watchdog for 200 seconds at Sun Oct 25 15:52:12 UTC 2020
3006 ms. Memory: 51200K Free: 22975K (45%)
ptolemy.util.test.WatchDog.cancel(): canceling Sun Oct 25 15:52:16 UTC 2020
auto.tcl: Setting watchdog for 200 seconds at Sun Oct 25 15:52:16 UTC 2020
3004 ms. Memory: 51200K Free: 22039K (43%)
ptolemy.util.test.WatchDog.cancel(): canceling Sun Oct 25 15:52:19 UTC 2020
------------------ testing $PTII/ptolemy/domains/de/test/auto/FSM1.xml
auto.tcl: Setting watchdog for 200 seconds at Sun Oct 25 15:52:19 UTC 2020
41 ms. Memory: 51200K Free: 24224K (47%)
ptolemy.util.test.WatchDog.cancel(): canceling Sun Oct 25 15:52:19 UTC 2020
auto.tcl: Setting watchdog for 200 seconds at Sun Oct 25 15:52:19 UTC 2020
28 ms. Memory: 51200K Free: 20682K (40%)
ptolemy.util.test.WatchDog.cancel(): canceling Sun Oct 25 15:52:19 UTC 2020
------------------ testing $PTII/ptolemy/domains/de/test/auto/FSM7.xml
auto.tcl: Setting watchdog for 200 seconds at Sun Oct 25 15:52:19 UTC 2020
17 ms. Memory: 51200K Free: 23615K (46%)
ptolemy.util.test.WatchDog.cancel(): canceling Sun Oct 25 15:52:19 UTC 2020
auto.tcl: Setting watchdog for 200 seconds at Sun Oct 25 15:52:19 UTC 2020
14 ms. Memory: 51200K Free: 20485K (40%)
ptolemy.util.test.WatchDog.cancel(): canceling Sun Oct 25 15:52:19 UTC 2020
------------------ testing $PTII/ptolemy/domains/de/test/auto/Inspection.xml
auto.tcl: Setting watchdog for 200 seconds at Sun Oct 25 15:52:19 UTC 2020
26 ms. Memory: 51200K Free: 23642K (46%)
ptolemy.util.test.WatchDog.cancel(): canceling Sun Oct 25 15:52:19 UTC 2020
auto.tcl: Setting watchdog for 200 seconds at Sun Oct 25 15:52:19 UTC 2020
26 ms. Memory: 51200K Free: 21948K (43%)
ptolemy.util.test.WatchDog.cancel(): canceling Sun Oct 25 15:52:19 UTC 2020
------------------ testing $PTII/ptolemy/domains/de/test/auto/Iteration.xml
auto.tcl: Setting watchdog for 200 seconds at Sun Oct 25 15:52:19 UTC 2020
5 ms. Memory: 51200K Free: 29189K (57%)
ptolemy.util.test.WatchDog.cancel(): canceling Sun Oct 25 15:52:19 UTC 2020
auto.tcl: Setting watchdog for 200 seconds at Sun Oct 25 15:52:19 UTC 2020
6 ms. Memory: 51200K Free: 28008K (55%)
ptolemy.util.test.WatchDog.cancel(): canceling Sun Oct 25 15:52:19 UTC 2020
------------------ testing $PTII/ptolemy/domains/de/test/auto/LineFault.xml
auto.tcl: Setting watchdog for 200 seconds at Sun Oct 25 15:52:19 UTC 2020
530 ms. Memory: 61440K Free: 23874K (39%)
ptolemy.util.test.WatchDog.cancel(): canceling Sun Oct 25 15:52:20 UTC 2020
auto.tcl: Setting watchdog for 200 seconds at Sun Oct 25 15:52:20 UTC 2020
489 ms. Memory: 61440K Free: 22743K (37%)
ptolemy.util.test.WatchDog.cancel(): canceling Sun Oct 25 15:52:20 UTC 2020
------------------ testing $PTII/ptolemy/domains/de/test/auto/MergeModel1Add.xml
auto.tcl: Setting watchdog for 200 seconds at Sun Oct 25 15:52:20 UTC 2020
30 ms. Memory: 58368K Free: 22582K (39%)
ptolemy.util.test.WatchDog.cancel(): canceling Sun Oct 25 15:52:20 UTC 2020
auto.tcl: Setting watchdog for 200 seconds at Sun Oct 25 15:52:20 UTC 2020
11 ms. Memory: 58368K Free: 20950K (36%)
ptolemy.util.test.WatchDog.cancel(): canceling Sun Oct 25 15:52:20 UTC 2020
------------------ testing $PTII/ptolemy/domains/de/test/auto/MergeModel2Add.xml
auto.tcl: Setting watchdog for 200 seconds at Sun Oct 25 15:52:20 UTC 2020
8 ms. Memory: 51200K Free: 17453K (34%)
ptolemy.util.test.WatchDog.cancel(): canceling Sun Oct 25 15:52:21 UTC 2020
auto.tcl: Setting watchdog for 200 seconds at Sun Oct 25 15:52:21 UTC 2020
6 ms. Memory: 51200K Free: 15513K (30%)
ptolemy.util.test.WatchDog.cancel(): canceling Sun Oct 25 15:52:21 UTC 2020
------------------ testing $PTII/ptolemy/domains/de/test/auto/MergeModel3Add.xml
auto.tcl: Setting watchdog for 200 seconds at Sun Oct 25 15:52:21 UTC 2020
7 ms. Memory: 51200K Free: 17482K (34%)
ptolemy.util.test.WatchDog.cancel(): canceling Sun Oct 25 15:52:21 UTC 2020
auto.tcl: Setting watchdog for 200 seconds at Sun Oct 25 15:52:21 UTC 2020
6 ms. Memory: 51200K Free: 16122K (31%)
ptolemy.util.test.WatchDog.cancel(): canceling Sun Oct 25 15:52:21 UTC 2020
------------------ testing $PTII/ptolemy/domains/de/test/auto/MergeWithoutDiscard.xml
auto.tcl: Setting watchdog for 200 seconds at Sun Oct 25 15:52:21 UTC 2020
2 ms. Memory: 51200K Free: 32368K (63%)
ptolemy.util.test.WatchDog.cancel(): canceling Sun Oct 25 15:52:21 UTC 2020
auto.tcl: Setting watchdog for 200 seconds at Sun Oct 25 15:52:21 UTC 2020
0 ms. Memory: 51200K Free: 31892K (62%)
ptolemy.util.test.WatchDog.cancel(): canceling Sun Oct 25 15:52:21 UTC 2020
------------------ testing $PTII/ptolemy/domains/de/test/auto/Modal1.xml
auto.tcl: Setting watchdog for 200 seconds at Sun Oct 25 15:52:21 UTC 2020
20 ms. Memory: 51200K Free: 24471K (48%)
ptolemy.util.test.WatchDog.cancel(): canceling Sun Oct 25 15:52:21 UTC 2020
auto.tcl: Setting watchdog for 200 seconds at Sun Oct 25 15:52:21 UTC 2020
18 ms. Memory: 51200K Free: 20956K (41%)
ptolemy.util.test.WatchDog.cancel(): canceling Sun Oct 25 15:52:21 UTC 2020
------------------ testing $PTII/ptolemy/domains/de/test/auto/Modal2.xml
auto.tcl: Setting watchdog for 200 seconds at Sun Oct 25 15:52:21 UTC 2020
10 ms. Memory: 51200K Free: 24348K (48%)
ptolemy.util.test.WatchDog.cancel(): canceling Sun Oct 25 15:52:21 UTC 2020
auto.tcl: Setting watchdog for 200 seconds at Sun Oct 25 15:52:21 UTC 2020
10 ms. Memory: 51200K Free: 20823K (41%)
ptolemy.util.test.WatchDog.cancel(): canceling Sun Oct 25 15:52:21 UTC 2020
------------------ testing $PTII/ptolemy/domains/de/test/auto/Modal3.xml
auto.tcl: Setting watchdog for 200 seconds at Sun Oct 25 15:52:21 UTC 2020
13 ms. Memory: 51200K Free: 24064K (47%)
ptolemy.util.test.WatchDog.cancel(): canceling Sun Oct 25 15:52:21 UTC 2020
auto.tcl: Setting watchdog for 200 seconds at Sun Oct 25 15:52:21 UTC 2020
13 ms. Memory: 51200K Free: 20848K (41%)
ptolemy.util.test.WatchDog.cancel(): canceling Sun Oct 25 15:52:21 UTC 2020
------------------ testing $PTII/ptolemy/domains/de/test/auto/Modal4.xml
auto.tcl: Setting watchdog for 200 seconds at Sun Oct 25 15:52:21 UTC 2020
25 ms. Memory: 51200K Free: 23031K (45%)
ptolemy.util.test.WatchDog.cancel(): canceling Sun Oct 25 15:52:21 UTC 2020
auto.tcl: Setting watchdog for 200 seconds at Sun Oct 25 15:52:21 UTC 2020
18 ms. Memory: 51200K Free: 19223K (38%)
ptolemy.util.test.WatchDog.cancel(): canceling Sun Oct 25 15:52:21 UTC 2020
------------------ testing $PTII/ptolemy/domains/de/test/auto/Modal5.xml
auto.tcl: Setting watchdog for 200 seconds at Sun Oct 25 15:52:21 UTC 2020
14 ms. Memory: 51200K Free: 23008K (45%)
ptolemy.util.test.WatchDog.cancel(): canceling Sun Oct 25 15:52:21 UTC 2020
auto.tcl: Setting watchdog for 200 seconds at Sun Oct 25 15:52:21 UTC 2020
13 ms. Memory: 51200K Free: 19402K (38%)
ptolemy.util.test.WatchDog.cancel(): canceling Sun Oct 25 15:52:21 UTC 2020
------------------ testing $PTII/ptolemy/domains/de/test/auto/Modal6.xml
auto.tcl: Setting watchdog for 200 seconds at Sun Oct 25 15:52:21 UTC 2020
17 ms. Memory: 51200K Free: 23731K (46%)
ptolemy.util.test.WatchDog.cancel(): canceling Sun Oct 25 15:52:21 UTC 2020
auto.tcl: Setting watchdog for 200 seconds at Sun Oct 25 15:52:21 UTC 2020
16 ms. Memory: 51200K Free: 20230K (40%)
ptolemy.util.test.WatchDog.cancel(): canceling Sun Oct 25 15:52:21 UTC 2020
------------------ testing $PTII/ptolemy/domains/de/test/auto/Modal7.xml
auto.tcl: Setting watchdog for 200 seconds at Sun Oct 25 15:52:21 UTC 2020
9 ms. Memory: 51200K Free: 22759K (44%)
ptolemy.util.test.WatchDog.cancel(): canceling Sun Oct 25 15:52:21 UTC 2020
auto.tcl: Setting watchdog for 200 seconds at Sun Oct 25 15:52:21 UTC 2020
10 ms. Memory: 51200K Free: 19441K (38%)
ptolemy.util.test.WatchDog.cancel(): canceling Sun Oct 25 15:52:21 UTC 2020
------------------ testing $PTII/ptolemy/domains/de/test/auto/ModalModel.xml
auto.tcl: Setting watchdog for 200 seconds at Sun Oct 25 15:52:21 UTC 2020
179 ms. Memory: 51200K Free: 17214K (34%)
ptolemy.util.test.WatchDog.cancel(): canceling Sun Oct 25 15:52:22 UTC 2020
auto.tcl: Setting watchdog for 200 seconds at Sun Oct 25 15:52:22 UTC 2020
181 ms. Memory: 62464K Free: 22022K (35%)
ptolemy.util.test.WatchDog.cancel(): canceling Sun Oct 25 15:52:22 UTC 2020
------------------ testing $PTII/ptolemy/domains/de/test/auto/ModalSource.xml
auto.tcl: Setting watchdog for 200 seconds at Sun Oct 25 15:52:22 UTC 2020
7 ms. Memory: 55296K Free: 31980K (58%)
ptolemy.util.test.WatchDog.cancel(): canceling Sun Oct 25 15:52:22 UTC 2020
auto.tcl: Setting watchdog for 200 seconds at Sun Oct 25 15:52:22 UTC 2020
6 ms. Memory: 55296K Free: 29932K (54%)
ptolemy.util.test.WatchDog.cancel(): canceling Sun Oct 25 15:52:22 UTC 2020
------------------ testing $PTII/ptolemy/domains/de/test/auto/NonInterruptibleTimerZeroDelay.xml
auto.tcl: Setting watchdog for 200 seconds at Sun Oct 25 15:52:22 UTC 2020
3 ms. Memory: 55296K Free: 36885K (67%)
ptolemy.util.test.WatchDog.cancel(): canceling Sun Oct 25 15:52:22 UTC 2020
auto.tcl: Setting watchdog for 200 seconds at Sun Oct 25 15:52:22 UTC 2020
2 ms. Memory: 55296K Free: 36249K (66%)
ptolemy.util.test.WatchDog.cancel(): canceling Sun Oct 25 15:52:22 UTC 2020
------------------ testing $PTII/ptolemy/domains/de/test/auto/OpenQueueingNetwork.xml
auto.tcl: Setting watchdog for 200 seconds at Sun Oct 25 15:52:22 UTC 2020
2711 ms. Memory: 121856K Free: 57030K (47%)
ptolemy.util.test.WatchDog.cancel(): canceling Sun Oct 25 15:52:25 UTC 2020
auto.tcl: Setting watchdog for 200 seconds at Sun Oct 25 15:52:25 UTC 2020
2411 ms. Memory: 146432K Free: 127154K (87%)
ptolemy.util.test.WatchDog.cancel(): canceling Sun Oct 25 15:52:27 UTC 2020
------------------ testing $PTII/ptolemy/domains/de/test/auto/OpenQueuingNetwork.xml
auto.tcl: Setting watchdog for 200 seconds at Sun Oct 25 15:52:27 UTC 2020
204 ms. Memory: 58368K Free: 32035K (55%)
ptolemy.util.test.WatchDog.cancel(): canceling Sun Oct 25 15:52:28 UTC 2020
auto.tcl: Setting watchdog for 200 seconds at Sun Oct 25 15:52:28 UTC 2020
205 ms. Memory: 58368K Free: 13447K (23%)
ptolemy.util.test.WatchDog.cancel(): canceling Sun Oct 25 15:52:28 UTC 2020
------------------ testing $PTII/ptolemy/domains/de/test/auto/PeriodicSampler.xml
auto.tcl: Setting watchdog for 200 seconds at Sun Oct 25 15:52:28 UTC 2020
2 ms. Memory: 51200K Free: 32014K (63%)
ptolemy.util.test.WatchDog.cancel(): canceling Sun Oct 25 15:52:28 UTC 2020
auto.tcl: Setting watchdog for 200 seconds at Sun Oct 25 15:52:28 UTC 2020
2 ms. Memory: 51200K Free: 31486K (61%)
ptolemy.util.test.WatchDog.cancel(): canceling Sun Oct 25 15:52:28 UTC 2020
------------------ testing $PTII/ptolemy/domains/de/test/auto/PersistentIO.xml
auto.tcl: Setting watchdog for 200 seconds at Sun Oct 25 15:52:28 UTC 2020
4 ms. Memory: 51200K Free: 26939K (53%)
ptolemy.util.test.WatchDog.cancel(): canceling Sun Oct 25 15:52:28 UTC 2020
auto.tcl: Setting watchdog for 200 seconds at Sun Oct 25 15:52:28 UTC 2020
4 ms. Memory: 51200K Free: 25419K (50%)
ptolemy.util.test.WatchDog.cancel(): canceling Sun Oct 25 15:52:28 UTC 2020
------------------ testing $PTII/ptolemy/domains/de/test/auto/PortParameterResetOnInitialize.xml
auto.tcl: Setting watchdog for 200 seconds at Sun Oct 25 15:52:28 UTC 2020
2 ms. Memory: 51200K Free: 31923K (62%)
ptolemy.util.test.WatchDog.cancel(): canceling Sun Oct 25 15:52:28 UTC 2020
auto.tcl: Setting watchdog for 200 seconds at Sun Oct 25 15:52:28 UTC 2020
2 ms. Memory: 51200K Free: 31427K (61%)
ptolemy.util.test.WatchDog.cancel(): canceling Sun Oct 25 15:52:28 UTC 2020
------------------ testing $PTII/ptolemy/domains/de/test/auto/PortParameterUpdates.xml
auto.tcl: Setting watchdog for 200 seconds at Sun Oct 25 15:52:28 UTC 2020
5 ms. Memory: 51200K Free: 30232K (59%)
ptolemy.util.test.WatchDog.cancel(): canceling Sun Oct 25 15:52:28 UTC 2020
auto.tcl: Setting watchdog for 200 seconds at Sun Oct 25 15:52:28 UTC 2020
3 ms. Memory: 51200K Free: 28993K (57%)
ptolemy.util.test.WatchDog.cancel(): canceling Sun Oct 25 15:52:28 UTC 2020
------------------ testing $PTII/ptolemy/domains/de/test/auto/QueueAndServer.xml
auto.tcl: Setting watchdog for 200 seconds at Sun Oct 25 15:52:28 UTC 2020
12 ms. Memory: 51200K Free: 28960K (57%)
ptolemy.util.test.WatchDog.cancel(): canceling Sun Oct 25 15:52:28 UTC 2020
auto.tcl: Setting watchdog for 200 seconds at Sun Oct 25 15:52:28 UTC 2020
7 ms. Memory: 51200K Free: 27426K (54%)
ptolemy.util.test.WatchDog.cancel(): canceling Sun Oct 25 15:52:28 UTC 2020
------------------ testing $PTII/ptolemy/domains/de/test/auto/Records.xml
auto.tcl: Setting watchdog for 200 seconds at Sun Oct 25 15:52:28 UTC 2020
3 ms. Memory: 51200K Free: 31178K (61%)
ptolemy.util.test.WatchDog.cancel(): canceling Sun Oct 25 15:52:28 UTC 2020
auto.tcl: Setting watchdog for 200 seconds at Sun Oct 25 15:52:28 UTC 2020
2 ms. Memory: 51200K Free: 30664K (60%)
ptolemy.util.test.WatchDog.cancel(): canceling Sun Oct 25 15:52:28 UTC 2020
------------------ testing $PTII/ptolemy/domains/de/test/auto/ResetTransitionWithStartTime1.xml
auto.tcl: Setting watchdog for 200 seconds at Sun Oct 25 15:52:28 UTC 2020
7 ms. Memory: 51200K Free: 28424K (56%)
ptolemy.util.test.WatchDog.cancel(): canceling Sun Oct 25 15:52:28 UTC 2020
auto.tcl: Setting watchdog for 200 seconds at Sun Oct 25 15:52:28 UTC 2020
5 ms. Memory: 51200K Free: 26386K (52%)
ptolemy.util.test.WatchDog.cancel(): canceling Sun Oct 25 15:52:28 UTC 2020
------------------ testing $PTII/ptolemy/domains/de/test/auto/ResetTransitionWithStartTime2.xml
auto.tcl: Setting watchdog for 200 seconds at Sun Oct 25 15:52:28 UTC 2020
5 ms. Memory: 51200K Free: 28379K (55%)
ptolemy.util.test.WatchDog.cancel(): canceling Sun Oct 25 15:52:28 UTC 2020
auto.tcl: Setting watchdog for 200 seconds at Sun Oct 25 15:52:28 UTC 2020
6 ms. Memory: 51200K Free: 26331K (51%)
ptolemy.util.test.WatchDog.cancel(): canceling Sun Oct 25 15:52:28 UTC 2020
------------------ testing $PTII/ptolemy/domains/de/test/auto/ResetTransitionWithStartTime3.xml
auto.tcl: Setting watchdog for 200 seconds at Sun Oct 25 15:52:28 UTC 2020
6 ms. Memory: 51200K Free: 28378K (55%)
ptolemy.util.test.WatchDog.cancel(): canceling Sun Oct 25 15:52:28 UTC 2020
auto.tcl: Setting watchdog for 200 seconds at Sun Oct 25 15:52:28 UTC 2020
6 ms. Memory: 51200K Free: 26337K (51%)
ptolemy.util.test.WatchDog.cancel(): canceling Sun Oct 25 15:52:28 UTC 2020
------------------ testing $PTII/ptolemy/domains/de/test/auto/ResetTransitionWithStartTime4.xml
auto.tcl: Setting watchdog for 200 seconds at Sun Oct 25 15:52:29 UTC 2020
6 ms. Memory: 51200K Free: 28823K (56%)
ptolemy.util.test.WatchDog.cancel(): canceling Sun Oct 25 15:52:29 UTC 2020
auto.tcl: Setting watchdog for 200 seconds at Sun Oct 25 15:52:29 UTC 2020
3 ms. Memory: 51200K Free: 27352K (53%)
ptolemy.util.test.WatchDog.cancel(): canceling Sun Oct 25 15:52:29 UTC 2020
------------------ testing $PTII/ptolemy/domains/de/test/auto/ResettableTimer1.xml
auto.tcl: Setting watchdog for 200 seconds at Sun Oct 25 15:52:29 UTC 2020
2 ms. Memory: 51200K Free: 32593K (64%)
ptolemy.util.test.WatchDog.cancel(): canceling Sun Oct 25 15:52:29 UTC 2020
auto.tcl: Setting watchdog for 200 seconds at Sun Oct 25 15:52:29 UTC 2020
2 ms. Memory: 51200K Free: 31951K (62%)
ptolemy.util.test.WatchDog.cancel(): canceling Sun Oct 25 15:52:29 UTC 2020
------------------ testing $PTII/ptolemy/domains/de/test/auto/ResettableTimer2.xml
auto.tcl: Setting watchdog for 200 seconds at Sun Oct 25 15:52:29 UTC 2020
2 ms. Memory: 51200K Free: 32610K (64%)
ptolemy.util.test.WatchDog.cancel(): canceling Sun Oct 25 15:52:29 UTC 2020
auto.tcl: Setting watchdog for 200 seconds at Sun Oct 25 15:52:29 UTC 2020
2 ms. Memory: 51200K Free: 31983K (62%)
ptolemy.util.test.WatchDog.cancel(): canceling Sun Oct 25 15:52:29 UTC 2020
------------------ testing $PTII/ptolemy/domains/de/test/auto/ResettableTimer3.xml
auto.tcl: Setting watchdog for 200 seconds at Sun Oct 25 15:52:29 UTC 2020
1 ms. Memory: 51200K Free: 32518K (64%)
ptolemy.util.test.WatchDog.cancel(): canceling Sun Oct 25 15:52:29 UTC 2020
auto.tcl: Setting watchdog for 200 seconds at Sun Oct 25 15:52:29 UTC 2020
1 ms. Memory: 51200K Free: 32518K (64%)
ptolemy.util.test.WatchDog.cancel(): canceling Sun Oct 25 15:52:29 UTC 2020
------------------ testing $PTII/ptolemy/domains/de/test/auto/ResettableTimer4.xml
auto.tcl: Setting watchdog for 200 seconds at Sun Oct 25 15:52:29 UTC 2020
1 ms. Memory: 51200K Free: 32524K (64%)
ptolemy.util.test.WatchDog.cancel(): canceling Sun Oct 25 15:52:29 UTC 2020
auto.tcl: Setting watchdog for 200 seconds at Sun Oct 25 15:52:29 UTC 2020
1 ms. Memory: 51200K Free: 32010K (63%)
ptolemy.util.test.WatchDog.cancel(): canceling Sun Oct 25 15:52:29 UTC 2020
------------------ testing $PTII/ptolemy/domains/de/test/auto/ResettableTimer5.xml
auto.tcl: Setting watchdog for 200 seconds at Sun Oct 25 15:52:29 UTC 2020
2 ms. Memory: 51200K Free: 32008K (63%)
ptolemy.util.test.WatchDog.cancel(): canceling Sun Oct 25 15:52:29 UTC 2020
auto.tcl: Setting watchdog for 200 seconds at Sun Oct 25 15:52:29 UTC 2020
2 ms. Memory: 51200K Free: 32008K (63%)
ptolemy.util.test.WatchDog.cancel(): canceling Sun Oct 25 15:52:29 UTC 2020
------------------ testing $PTII/ptolemy/domains/de/test/auto/ResettableTimer6.xml
auto.tcl: Setting watchdog for 200 seconds at Sun Oct 25 15:52:29 UTC 2020
1 ms. Memory: 51200K Free: 31992K (62%)
ptolemy.util.test.WatchDog.cancel(): canceling Sun Oct 25 15:52:29 UTC 2020
auto.tcl: Setting watchdog for 200 seconds at Sun Oct 25 15:52:29 UTC 2020
1 ms. Memory: 51200K Free: 31488K (62%)
ptolemy.util.test.WatchDog.cancel(): canceling Sun Oct 25 15:52:29 UTC 2020
------------------ testing $PTII/ptolemy/domains/de/test/auto/ServerZeroDelay.xml
auto.tcl: Setting watchdog for 200 seconds at Sun Oct 25 15:52:29 UTC 2020
4 ms. Memory: 51200K Free: 32504K (63%)
ptolemy.util.test.WatchDog.cancel(): canceling Sun Oct 25 15:52:29 UTC 2020
auto.tcl: Setting watchdog for 200 seconds at Sun Oct 25 15:52:29 UTC 2020
2 ms. Memory: 51200K Free: 31480K (61%)
ptolemy.util.test.WatchDog.cancel(): canceling Sun Oct 25 15:52:29 UTC 2020
------------------ testing $PTII/ptolemy/domains/de/test/auto/SmartSender.xml
auto.tcl: Setting watchdog for 200 seconds at Sun Oct 25 15:52:29 UTC 2020
3001 ms. Memory: 51200K Free: 32498K (63%)
ptolemy.util.test.WatchDog.cancel(): canceling Sun Oct 25 15:52:32 UTC 2020
auto.tcl: Setting watchdog for 200 seconds at Sun Oct 25 15:52:32 UTC 2020
3002 ms. Memory: 51200K Free: 31970K (62%)
ptolemy.util.test.WatchDog.cancel(): canceling Sun Oct 25 15:52:35 UTC 2020
------------------ testing $PTII/ptolemy/domains/de/test/auto/ThreadedComposite.xml
auto.tcl: Setting watchdog for 200 seconds at Sun Oct 25 15:52:35 UTC 2020
250 ms. Memory: 51200K Free: 13056K (26%)
ptolemy.util.test.WatchDog.cancel(): canceling Sun Oct 25 15:52:35 UTC 2020
auto.tcl: Setting watchdog for 200 seconds at Sun Oct 25 15:52:35 UTC 2020
144 ms. Memory: 51200K Free: 27013K (53%)
ptolemy.util.test.WatchDog.cancel(): canceling Sun Oct 25 15:52:36 UTC 2020
------------------ testing $PTII/ptolemy/domains/de/test/auto/Time.xml
auto.tcl: Setting watchdog for 200 seconds at Sun Oct 25 15:52:36 UTC 2020
462 ms. Memory: 51200K Free: 35308K (69%)
ptolemy.util.test.WatchDog.cancel(): canceling Sun Oct 25 15:52:36 UTC 2020
auto.tcl: Setting watchdog for 200 seconds at Sun Oct 25 15:52:36 UTC 2020
414 ms. Memory: 51200K Free: 10843K (21%)
ptolemy.util.test.WatchDog.cancel(): canceling Sun Oct 25 15:52:36 UTC 2020
------------------ testing $PTII/ptolemy/domains/de/test/auto/TimeDelayZeroDelay.xml
auto.tcl: Setting watchdog for 200 seconds at Sun Oct 25 15:52:37 UTC 2020
3 ms. Memory: 51200K Free: 32429K (63%)
ptolemy.util.test.WatchDog.cancel(): canceling Sun Oct 25 15:52:37 UTC 2020
auto.tcl: Setting watchdog for 200 seconds at Sun Oct 25 15:52:37 UTC 2020
2 ms. Memory: 51200K Free: 31925K (62%)
ptolemy.util.test.WatchDog.cancel(): canceling Sun Oct 25 15:52:37 UTC 2020
------------------ testing $PTII/ptolemy/domains/de/test/auto/TimerZeroDelay.xml
auto.tcl: Setting watchdog for 200 seconds at Sun Oct 25 15:52:37 UTC 2020
3 ms. Memory: 51200K Free: 32587K (64%)
ptolemy.util.test.WatchDog.cancel(): canceling Sun Oct 25 15:52:37 UTC 2020
auto.tcl: Setting watchdog for 200 seconds at Sun Oct 25 15:52:37 UTC 2020
1 ms. Memory: 51200K Free: 31992K (62%)
ptolemy.util.test.WatchDog.cancel(): canceling Sun Oct 25 15:52:37 UTC 2020
------------------ testing $PTII/ptolemy/domains/de/test/auto/TimingParadox.xml
auto.tcl: Setting watchdog for 200 seconds at Sun Oct 25 15:52:37 UTC 2020
299 ms. Memory: 64512K Free: 43067K (67%)
ptolemy.util.test.WatchDog.cancel(): canceling Sun Oct 25 15:52:37 UTC 2020
auto.tcl: Setting watchdog for 200 seconds at Sun Oct 25 15:52:37 UTC 2020
262 ms. Memory: 64512K Free: 43036K (67%)
ptolemy.util.test.WatchDog.cancel(): canceling Sun Oct 25 15:52:37 UTC 2020
------------------ testing $PTII/ptolemy/domains/de/test/auto/TransferInputs.xml
auto.tcl: Setting watchdog for 200 seconds at Sun Oct 25 15:52:37 UTC 2020
1 ms. Memory: 58368K Free: 38107K (65%)
ptolemy.util.test.WatchDog.cancel(): canceling Sun Oct 25 15:52:37 UTC 2020
auto.tcl: Setting watchdog for 200 seconds at Sun Oct 25 15:52:37 UTC 2020
1 ms. Memory: 58368K Free: 37157K (64%)
ptolemy.util.test.WatchDog.cancel(): canceling Sun Oct 25 15:52:37 UTC 2020
------------------ testing $PTII/ptolemy/domains/de/test/auto/TransferOutputs2.xml
auto.tcl: Setting watchdog for 200 seconds at Sun Oct 25 15:52:37 UTC 2020
9 ms. Memory: 51200K Free: 28382K (55%)
ptolemy.util.test.WatchDog.cancel(): canceling Sun Oct 25 15:52:37 UTC 2020
auto.tcl: Setting watchdog for 200 seconds at Sun Oct 25 15:52:37 UTC 2020
3 ms. Memory: 51200K Free: 26960K (53%)
ptolemy.util.test.WatchDog.cancel(): canceling Sun Oct 25 15:52:37 UTC 2020
------------------ testing $PTII/ptolemy/domains/de/test/auto/Trilateration.xml
auto.tcl: Setting watchdog for 200 seconds at Sun Oct 25 15:52:37 UTC 2020
11181 ms. Memory: 334848K Free: 160380K (48%)
ptolemy.util.test.WatchDog.cancel(): canceling Sun Oct 25 15:52:50 UTC 2020
auto.tcl: Setting watchdog for 200 seconds at Sun Oct 25 15:52:50 UTC 2020
9289 ms. Memory: 334848K Free: 122783K (37%)
ptolemy.util.test.WatchDog.cancel(): canceling Sun Oct 25 15:52:59 UTC 2020
------------------ testing $PTII/ptolemy/domains/de/test/auto/TwoSigmaDelta.xml
auto.tcl: Setting watchdog for 200 seconds at Sun Oct 25 15:52:59 UTC 2020
2231 ms. Memory: 89088K Free: 15750K (18%)
ptolemy.util.test.WatchDog.cancel(): canceling Sun Oct 25 15:53:01 UTC 2020
auto.tcl: Setting watchdog for 200 seconds at Sun Oct 25 15:53:01 UTC 2020
1621 ms. Memory: 89088K Free: 13224K (15%)
ptolemy.util.test.WatchDog.cancel(): canceling Sun Oct 25 15:53:03 UTC 2020
------------------ testing $PTII/ptolemy/domains/de/test/auto/VariableDelay.xml
auto.tcl: Setting watchdog for 200 seconds at Sun Oct 25 15:53:03 UTC 2020
2 ms. Memory: 55296K Free: 35518K (64%)
ptolemy.util.test.WatchDog.cancel(): canceling Sun Oct 25 15:53:03 UTC 2020
auto.tcl: Setting watchdog for 200 seconds at Sun Oct 25 15:53:03 UTC 2020
2 ms. Memory: 55296K Free: 34494K (62%)
ptolemy.util.test.WatchDog.cancel(): canceling Sun Oct 25 15:53:03 UTC 2020
------------------ testing $PTII/ptolemy/domains/de/test/auto/VariableDelay2.xml
auto.tcl: Setting watchdog for 200 seconds at Sun Oct 25 15:53:03 UTC 2020
1 ms. Memory: 55296K Free: 36110K (65%)
ptolemy.util.test.WatchDog.cancel(): canceling Sun Oct 25 15:53:03 UTC 2020
auto.tcl: Setting watchdog for 200 seconds at Sun Oct 25 15:53:03 UTC 2020
1 ms. Memory: 55296K Free: 35598K (64%)
ptolemy.util.test.WatchDog.cancel(): canceling Sun Oct 25 15:53:03 UTC 2020
------------------ testing $PTII/ptolemy/domains/de/test/auto/VariableDelayZeroDelay.xml
auto.tcl: Setting watchdog for 200 seconds at Sun Oct 25 15:53:03 UTC 2020
2 ms. Memory: 55296K Free: 36459K (66%)
ptolemy.util.test.WatchDog.cancel(): canceling Sun Oct 25 15:53:03 UTC 2020
auto.tcl: Setting watchdog for 200 seconds at Sun Oct 25 15:53:03 UTC 2020
2 ms. Memory: 55296K Free: 35931K (65%)
ptolemy.util.test.WatchDog.cancel(): canceling Sun Oct 25 15:53:03 UTC 2020
------------------ testing $PTII/ptolemy/domains/de/test/auto/VariableDelayZeroDelay2.xml
auto.tcl: Setting watchdog for 200 seconds at Sun Oct 25 15:53:03 UTC 2020
3 ms. Memory: 51200K Free: 32363K (63%)
ptolemy.util.test.WatchDog.cancel(): canceling Sun Oct 25 15:53:03 UTC 2020
auto.tcl: Setting watchdog for 200 seconds at Sun Oct 25 15:53:03 UTC 2020
2 ms. Memory: 51200K Free: 31339K (61%)
ptolemy.util.test.WatchDog.cancel(): canceling Sun Oct 25 15:53:03 UTC 2020
------------------ testing $PTII/ptolemy/domains/de/test/auto/deInCt.xml
auto.tcl: Setting watchdog for 200 seconds at Sun Oct 25 15:53:03 UTC 2020
0
1
1
1
1
1
0
0
0
1
1
0
0
0
1
1
1
1
1
0
0
0
1
1
1
0
0
0
0
1
1
1
0
0
0
0
12 ms. Memory: 51200K Free: 31335K (61%)
ptolemy.util.test.WatchDog.cancel(): canceling Sun Oct 25 15:53:03 UTC 2020
auto.tcl: Setting watchdog for 200 seconds at Sun Oct 25 15:53:03 UTC 2020
0
1
1
0
0
0
0
1
1
1
0
0
0
1
1
1
0
0
0
1
1
1
1
1
0
0
0
0
1
1
1
0
0
0
1
1
1
1
0
0
0
5 ms. Memory: 51200K Free: 29815K (58%)
ptolemy.util.test.WatchDog.cancel(): canceling Sun Oct 25 15:53:03 UTC 2020
------------------ testing $PTII/ptolemy/domains/de/test/auto/deInCt2.xml
auto.tcl: Setting watchdog for 200 seconds at Sun Oct 25 15:53:03 UTC 2020
0
1
1
1
0
0
1
1
1
0
0
1
1
1
0
0
1
1
1
0
0
1
1
1
0
0
1
1
1
0
0
1
1
1
0
0
1
1
1
0
0
0
7 ms. Memory: 51200K Free: 31336K (61%)
ptolemy.util.test.WatchDog.cancel(): canceling Sun Oct 25 15:53:03 UTC 2020
auto.tcl: Setting watchdog for 200 seconds at Sun Oct 25 15:53:03 UTC 2020
0
1
1
1
0
0
1
1
1
0
0
1
1
1
0
0
1
1
1
0
0
1
1
1
0
0
1
1
1
0
0
1
1
1
0
0
1
1
1
0
0
0
7 ms. Memory: 51200K Free: 29784K (58%)
ptolemy.util.test.WatchDog.cancel(): canceling Sun Oct 25 15:53:04 UTC 2020
------------------ testing $PTII/ptolemy/domains/de/test/auto/dynamicCausalityInterface1.xml
auto.tcl: Setting watchdog for 200 seconds at Sun Oct 25 15:53:04 UTC 2020
2 ms. Memory: 51200K Free: 27234K (53%)
ptolemy.util.test.WatchDog.cancel(): canceling Sun Oct 25 15:53:04 UTC 2020
auto.tcl: Setting watchdog for 200 seconds at Sun Oct 25 15:53:04 UTC 2020
1 ms. Memory: 51200K Free: 26738K (52%)
ptolemy.util.test.WatchDog.cancel(): canceling Sun Oct 25 15:53:04 UTC 2020
------------------ testing $PTII/ptolemy/domains/de/test/auto/fsm_de_test.xml
auto.tcl: Setting watchdog for 200 seconds at Sun Oct 25 15:53:04 UTC 2020
11 ms. Memory: 51200K Free: 27133K (53%)
ptolemy.util.test.WatchDog.cancel(): canceling Sun Oct 25 15:53:04 UTC 2020
auto.tcl: Setting watchdog for 200 seconds at Sun Oct 25 15:53:04 UTC 2020
9 ms. Memory: 51200K Free: 25118K (49%)
ptolemy.util.test.WatchDog.cancel(): canceling Sun Oct 25 15:53:04 UTC 2020
------------------ testing $PTII/ptolemy/domains/de/test/auto/functionDependencyReconstruction.xml
auto.tcl: Setting watchdog for 200 seconds at Sun Oct 25 15:53:04 UTC 2020
2 ms. Memory: 51200K Free: 20979K (41%)
ptolemy.util.test.WatchDog.cancel(): canceling Sun Oct 25 15:53:04 UTC 2020
auto.tcl: Setting watchdog for 200 seconds at Sun Oct 25 15:53:04 UTC 2020
3 ms. Memory: 51200K Free: 18934K (37%)
ptolemy.util.test.WatchDog.cancel(): canceling Sun Oct 25 15:53:04 UTC 2020
------------------ testing $PTII/ptolemy/domains/de/test/auto/multirate.xml
auto.tcl: Setting watchdog for 200 seconds at Sun Oct 25 15:53:04 UTC 2020
3 ms. Memory: 51200K Free: 29708K (58%)
ptolemy.util.test.WatchDog.cancel(): canceling Sun Oct 25 15:53:04 UTC 2020
auto.tcl: Setting watchdog for 200 seconds at Sun Oct 25 15:53:04 UTC 2020
3 ms. Memory: 51200K Free: 28029K (55%)
ptolemy.util.test.WatchDog.cancel(): canceling Sun Oct 25 15:53:04 UTC 2020
------------------ testing $PTII/ptolemy/domains/de/test/auto/multirate2.xml
auto.tcl: Setting watchdog for 200 seconds at Sun Oct 25 15:53:04 UTC 2020
5 ms. Memory: 51200K Free: 29927K (58%)
ptolemy.util.test.WatchDog.cancel(): canceling Sun Oct 25 15:53:04 UTC 2020
auto.tcl: Setting watchdog for 200 seconds at Sun Oct 25 15:53:04 UTC 2020
3 ms. Memory: 51200K Free: 28209K (55%)
ptolemy.util.test.WatchDog.cancel(): canceling Sun Oct 25 15:53:04 UTC 2020
------------------ testing $PTII/ptolemy/domains/de/test/auto/realtime.xml
auto.tcl: Setting watchdog for 200 seconds at Sun Oct 25 15:53:04 UTC 2020
10001 ms. Memory: 51200K Free: 32014K (63%)
ptolemy.util.test.WatchDog.cancel(): canceling Sun Oct 25 15:53:14 UTC 2020
auto.tcl: Setting watchdog for 200 seconds at Sun Oct 25 15:53:14 UTC 2020
10002 ms. Memory: 51200K Free: 31279K (61%)
ptolemy.util.test.WatchDog.cancel(): canceling Sun Oct 25 15:53:24 UTC 2020
------------------ testing $PTII/ptolemy/domains/de/test/auto/relationGroup.xml
auto.tcl: Setting watchdog for 200 seconds at Sun Oct 25 15:53:24 UTC 2020
2 ms. Memory: 51200K Free: 33065K (65%)
ptolemy.util.test.WatchDog.cancel(): canceling Sun Oct 25 15:53:24 UTC 2020
auto.tcl: Setting watchdog for 200 seconds at Sun Oct 25 15:53:24 UTC 2020
2 ms. Memory: 51200K Free: 32553K (64%)
ptolemy.util.test.WatchDog.cancel(): canceling Sun Oct 25 15:53:24 UTC 2020
------------------ testing $PTII/ptolemy/domains/de/test/auto/relationGroup2.xml
auto.tcl: Setting watchdog for 200 seconds at Sun Oct 25 15:53:24 UTC 2020
1 ms. Memory: 51200K Free: 33100K (65%)
ptolemy.util.test.WatchDog.cancel(): canceling Sun Oct 25 15:53:24 UTC 2020
auto.tcl: Setting watchdog for 200 seconds at Sun Oct 25 15:53:24 UTC 2020
2 ms. Memory: 51200K Free: 32602K (64%)
ptolemy.util.test.WatchDog.cancel(): canceling Sun Oct 25 15:53:24 UTC 2020
------------------ testing $PTII/ptolemy/domains/de/test/auto/sortWithOpaquePorts.xml
auto.tcl: Setting watchdog for 200 seconds at Sun Oct 25 15:53:24 UTC 2020
1 ms. Memory: 51200K Free: 32387K (63%)
ptolemy.util.test.WatchDog.cancel(): canceling Sun Oct 25 15:53:24 UTC 2020
auto.tcl: Setting watchdog for 200 seconds at Sun Oct 25 15:53:24 UTC 2020
2 ms. Memory: 51200K Free: 30849K (60%)
ptolemy.util.test.WatchDog.cancel(): canceling Sun Oct 25 15:53:24 UTC 2020
------------------ testing $PTII/ptolemy/domains/de/test/auto/transferInputsandOutputs.xml
auto.tcl: Setting watchdog for 200 seconds at Sun Oct 25 15:53:24 UTC 2020
4 ms. Memory: 51200K Free: 29302K (57%)
ptolemy.util.test.WatchDog.cancel(): canceling Sun Oct 25 15:53:24 UTC 2020
auto.tcl: Setting watchdog for 200 seconds at Sun Oct 25 15:53:24 UTC 2020
3 ms. Memory: 51200K Free: 28278K (55%)
ptolemy.util.test.WatchDog.cancel(): canceling Sun Oct 25 15:53:24 UTC 2020
------------------ testing $PTII/ptolemy/domains/de/test/auto/triggerType.xml
auto.tcl: Setting watchdog for 200 seconds at Sun Oct 25 15:53:24 UTC 2020
3 ms. Memory: 51200K Free: 32328K (63%)
ptolemy.util.test.WatchDog.cancel(): canceling Sun Oct 25 15:53:24 UTC 2020
auto.tcl: Setting watchdog for 200 seconds at Sun Oct 25 15:53:24 UTC 2020
2 ms. Memory: 51200K Free: 31309K (61%)
ptolemy.util.test.WatchDog.cancel(): canceling Sun Oct 25 15:53:24 UTC 2020
10/25/20 03:53:24
Failed: 0  Total Tests: 192  ((Passed: 187, Newly Passed: 1)  Known Failed: 5) /home/travis/build/icyphy/ptII/ptolemy/domains/de/test
10/25/20 03:53:24
Failed: 0  Total Tests: 192  ((Passed: 187, Newly Passed: 1)  Known Failed: 5) /home/travis/build/icyphy/ptII/ptolemy/domains/de/test
----------------- testing (KnownFailure) /home/travis/build/icyphy/ptII/ptolemy/domains/de/test/auto/knownFailedTests/DESDFClockTest.xml
2011 ms. Memory: 51200K Free: 25722K (50%)
Known Failure: java.lang.reflect.InvocationTargetException
----------------- testing (KnownFailure) /home/travis/build/icyphy/ptII/ptolemy/domains/de/test/auto/knownFailedTests/DirectFeedback.xml
2 ms. Memory: 51200K Free: 21626K (42%)
Known Failure: java.lang.reflect.InvocationTargetException
----------------- testing (KnownFailure) /home/travis/build/icyphy/ptII/ptolemy/domains/de/test/auto/knownFailedTests/FSMSource.xml
9 ms. Memory: 51200K Free: 13948K (27%)
----------------- testing (KnownFailure) /home/travis/build/icyphy/ptII/ptolemy/domains/de/test/auto/knownFailedTests/HierarchicalModel.xml
3 ms. Memory: 51200K Free: 26111K (51%)
Known Failure: java.lang.reflect.InvocationTargetException
----------------- testing (KnownFailure) /home/travis/build/icyphy/ptII/ptolemy/domains/de/test/auto/knownFailedTests/dependencyLoop.xml
2 ms. Memory: 51200K Free: 11100K (22%)
Known Failure: java.lang.reflect.InvocationTargetException
----------------- testing (KnownFailure) /home/travis/build/icyphy/ptII/ptolemy/domains/de/test/auto/knownFailedTests/dependencyLoop2.xml
8 ms. Memory: 51200K Free: 24131K (47%)
Known Failure: java.lang.reflect.InvocationTargetException
No auto/linux-amd64/*.xml tests in /home/travis/build/icyphy/ptII/ptolemy/domains/de/test
AutoTests.java: About to close Vertx.
AutoTests.java: Vertx closed.

===========================================================================================
----------------- testing Sun Oct 25 15:53:27 UTC 2020 /home/travis/build/icyphy/ptII/ptolemy/domains/de/test/auto/ActorDepthCalculation_actorWithoutPorts.xml
----------------- Instantiating /home/travis/build/icyphy/ptII/ptolemy/domains/de/test/auto/ActorDepthCalculation_actorWithoutPorts.xml
2 ms. Memory: 51200K Free: 17272K (34%)
----------------- Invoking toplevel() on ptolemy.moml.MoMLSimpleApplication@48b7befa
----------------- Done invoking toplevel() on ptolemy.moml.MoMLSimpleApplication@48b7befa
reloadAllAccessors: .ActorDepthCalculation_actorWithoutPorts

===========================================================================================
----------------- testing Sun Oct 25 15:53:27 UTC 2020 /home/travis/build/icyphy/ptII/ptolemy/domains/de/test/auto/AssemblyLine.xml
----------------- Instantiating /home/travis/build/icyphy/ptII/ptolemy/domains/de/test/auto/AssemblyLine.xml
2 ms. Memory: 51200K Free: 10413K (20%)
----------------- Invoking toplevel() on ptolemy.moml.MoMLSimpleApplication@4107fd67
----------------- Done invoking toplevel() on ptolemy.moml.MoMLSimpleApplication@4107fd67
reloadAllAccessors: .AssemblyLine

===========================================================================================
----------------- testing Sun Oct 25 15:53:27 UTC 2020 /home/travis/build/icyphy/ptII/ptolemy/domains/de/test/auto/CQBug1.xml
----------------- Instantiating /home/travis/build/icyphy/ptII/ptolemy/domains/de/test/auto/CQBug1.xml
1 ms. Memory: 51200K Free: 35229K (69%)
----------------- Invoking toplevel() on ptolemy.moml.MoMLSimpleApplication@cc9b475
----------------- Done invoking toplevel() on ptolemy.moml.MoMLSimpleApplication@cc9b475
reloadAllAccessors: .CQBug1

===========================================================================================
----------------- testing Sun Oct 25 15:53:27 UTC 2020 /home/travis/build/icyphy/ptII/ptolemy/domains/de/test/auto/CancelFireAt.xml
----------------- Instantiating /home/travis/build/icyphy/ptII/ptolemy/domains/de/test/auto/CancelFireAt.xml
2 ms. Memory: 51200K Free: 32816K (64%)
----------------- Invoking toplevel() on ptolemy.moml.MoMLSimpleApplication@4ae22fe5
----------------- Done invoking toplevel() on ptolemy.moml.MoMLSimpleApplication@4ae22fe5
reloadAllAccessors: .CancelFireAt

===========================================================================================
----------------- testing Sun Oct 25 15:53:27 UTC 2020 /home/travis/build/icyphy/ptII/ptolemy/domains/de/test/auto/CausalityAndComposabilityAnalysis.xml
----------------- Instantiating /home/travis/build/icyphy/ptII/ptolemy/domains/de/test/auto/CausalityAndComposabilityAnalysis.xml
2 ms. Memory: 51200K Free: 28412K (55%)
----------------- Invoking toplevel() on ptolemy.moml.MoMLSimpleApplication@324afe40
----------------- Done invoking toplevel() on ptolemy.moml.MoMLSimpleApplication@324afe40
reloadAllAccessors: .CausalityAndComposabilityAnalysis

===========================================================================================
----------------- testing Sun Oct 25 15:53:27 UTC 2020 /home/travis/build/icyphy/ptII/ptolemy/domains/de/test/auto/CausalityInterface1.xml
----------------- Instantiating /home/travis/build/icyphy/ptII/ptolemy/domains/de/test/auto/CausalityInterface1.xml
5 ms. Memory: 51200K Free: 23322K (46%)
----------------- Invoking toplevel() on ptolemy.moml.MoMLSimpleApplication@6d5a6770
----------------- Done invoking toplevel() on ptolemy.moml.MoMLSimpleApplication@6d5a6770
reloadAllAccessors: .CausalityInterface1

===========================================================================================
----------------- testing Sun Oct 25 15:53:27 UTC 2020 /home/travis/build/icyphy/ptII/ptolemy/domains/de/test/auto/CausalityInterface15.xml
----------------- Instantiating /home/travis/build/icyphy/ptII/ptolemy/domains/de/test/auto/CausalityInterface15.xml
2 ms. Memory: 51200K Free: 17903K (35%)
----------------- Invoking toplevel() on ptolemy.moml.MoMLSimpleApplication@de3f23d
----------------- Done invoking toplevel() on ptolemy.moml.MoMLSimpleApplication@de3f23d
reloadAllAccessors: .CausalityInterface15

===========================================================================================
----------------- testing Sun Oct 25 15:53:27 UTC 2020 /home/travis/build/icyphy/ptII/ptolemy/domains/de/test/auto/CausalityInterface2.xml
----------------- Instantiating /home/travis/build/icyphy/ptII/ptolemy/domains/de/test/auto/CausalityInterface2.xml
2 ms. Memory: 51200K Free: 13344K (26%)
----------------- Invoking toplevel() on ptolemy.moml.MoMLSimpleApplication@16c713d0
----------------- Done invoking toplevel() on ptolemy.moml.MoMLSimpleApplication@16c713d0
reloadAllAccessors: .CausalityInterface2

===========================================================================================
----------------- testing Sun Oct 25 15:53:27 UTC 2020 /home/travis/build/icyphy/ptII/ptolemy/domains/de/test/auto/CausalityInterface3.xml
----------------- Instantiating /home/travis/build/icyphy/ptII/ptolemy/domains/de/test/auto/CausalityInterface3.xml
2 ms. Memory: 51200K Free: 8533K (17%)
----------------- Invoking toplevel() on ptolemy.moml.MoMLSimpleApplication@cc087d4
----------------- Done invoking toplevel() on ptolemy.moml.MoMLSimpleApplication@cc087d4
reloadAllAccessors: .CausalityInterface3

===========================================================================================
----------------- testing Sun Oct 25 15:53:27 UTC 2020 /home/travis/build/icyphy/ptII/ptolemy/domains/de/test/auto/ClockDrift.xml
----------------- Instantiating /home/travis/build/icyphy/ptII/ptolemy/domains/de/test/auto/ClockDrift.xml
14 ms. Memory: 51200K Free: 24698K (48%)
----------------- Invoking toplevel() on ptolemy.moml.MoMLSimpleApplication@3503f2c9
----------------- Done invoking toplevel() on ptolemy.moml.MoMLSimpleApplication@3503f2c9
reloadAllAccessors: .ClockDrift

===========================================================================================
----------------- testing Sun Oct 25 15:53:27 UTC 2020 /home/travis/build/icyphy/ptII/ptolemy/domains/de/test/auto/ClockDriftAndValueChange.xml
----------------- Instantiating /home/travis/build/icyphy/ptII/ptolemy/domains/de/test/auto/ClockDriftAndValueChange.xml
9 ms. Memory: 51200K Free: 13158K (26%)
----------------- Invoking toplevel() on ptolemy.moml.MoMLSimpleApplication@673e0421
----------------- Done invoking toplevel() on ptolemy.moml.MoMLSimpleApplication@673e0421
reloadAllAccessors: .ClockDriftAndValueChange

===========================================================================================
----------------- testing Sun Oct 25 15:53:27 UTC 2020 /home/travis/build/icyphy/ptII/ptolemy/domains/de/test/auto/ClockDriftChange.xml
----------------- Instantiating /home/travis/build/icyphy/ptII/ptolemy/domains/de/test/auto/ClockDriftChange.xml
8 ms. Memory: 51200K Free: 30628K (60%)
----------------- Invoking toplevel() on ptolemy.moml.MoMLSimpleApplication@78382d8a
----------------- Done invoking toplevel() on ptolemy.moml.MoMLSimpleApplication@78382d8a
reloadAllAccessors: .ClockDriftChange

===========================================================================================
----------------- testing Sun Oct 25 15:53:27 UTC 2020 /home/travis/build/icyphy/ptII/ptolemy/domains/de/test/auto/ComposableCausalityAnalysis.xml
----------------- Instantiating /home/travis/build/icyphy/ptII/ptolemy/domains/de/test/auto/ComposableCausalityAnalysis.xml
2 ms. Memory: 51200K Free: 24813K (48%)
----------------- Invoking toplevel() on ptolemy.moml.MoMLSimpleApplication@7c86d839
----------------- Done invoking toplevel() on ptolemy.moml.MoMLSimpleApplication@7c86d839
reloadAllAccessors: .ComposableCausalityAnalysis

===========================================================================================
----------------- testing Sun Oct 25 15:53:27 UTC 2020 /home/travis/build/icyphy/ptII/ptolemy/domains/de/test/auto/DEFixedPointLimitation.xml
----------------- Instantiating /home/travis/build/icyphy/ptII/ptolemy/domains/de/test/auto/DEFixedPointLimitation.xml
1 ms. Memory: 51200K Free: 20388K (40%)
----------------- Invoking toplevel() on ptolemy.moml.MoMLSimpleApplication@1f03b1a6
----------------- Done invoking toplevel() on ptolemy.moml.MoMLSimpleApplication@1f03b1a6
reloadAllAccessors: .DEFixedPointLimitation

===========================================================================================
----------------- testing Sun Oct 25 15:53:27 UTC 2020 /home/travis/build/icyphy/ptII/ptolemy/domains/de/test/auto/DEScheduleTest.xml
----------------- Instantiating /home/travis/build/icyphy/ptII/ptolemy/domains/de/test/auto/DEScheduleTest.xml
2 ms. Memory: 51200K Free: 15930K (31%)
----------------- Invoking toplevel() on ptolemy.moml.MoMLSimpleApplication@656db888
----------------- Done invoking toplevel() on ptolemy.moml.MoMLSimpleApplication@656db888
reloadAllAccessors: .DEScheduleTest

===========================================================================================
----------------- testing Sun Oct 25 15:53:27 UTC 2020 /home/travis/build/icyphy/ptII/ptolemy/domains/de/test/auto/DEinDEwithStartTimes.xml
----------------- Instantiating /home/travis/build/icyphy/ptII/ptolemy/domains/de/test/auto/DEinDEwithStartTimes.xml
2 ms. Memory: 51200K Free: 10118K (20%)
----------------- Invoking toplevel() on ptolemy.moml.MoMLSimpleApplication@22d8a755
----------------- Done invoking toplevel() on ptolemy.moml.MoMLSimpleApplication@22d8a755
reloadAllAccessors: .DEinDEwithStartTimes

===========================================================================================
----------------- testing Sun Oct 25 15:53:27 UTC 2020 /home/travis/build/icyphy/ptII/ptolemy/domains/de/test/auto/DEinDEwithStartTimes2.xml
----------------- Instantiating /home/travis/build/icyphy/ptII/ptolemy/domains/de/test/auto/DEinDEwithStartTimes2.xml
2 ms. Memory: 51200K Free: 31268K (61%)
----------------- Invoking toplevel() on ptolemy.moml.MoMLSimpleApplication@4a413c8b
----------------- Done invoking toplevel() on ptolemy.moml.MoMLSimpleApplication@4a413c8b
reloadAllAccessors: .DEinDEwithStartTimes2

===========================================================================================
----------------- testing Sun Oct 25 15:53:27 UTC 2020 /home/travis/build/icyphy/ptII/ptolemy/domains/de/test/auto/DateDemo.xml
----------------- Instantiating /home/travis/build/icyphy/ptII/ptolemy/domains/de/test/auto/DateDemo.xml
7 ms. Memory: 51200K Free: 20372K (40%)
----------------- Invoking toplevel() on ptolemy.moml.MoMLSimpleApplication@daec09e
----------------- Done invoking toplevel() on ptolemy.moml.MoMLSimpleApplication@daec09e
reloadAllAccessors: .DateDemo

===========================================================================================
----------------- testing Sun Oct 25 15:53:27 UTC 2020 /home/travis/build/icyphy/ptII/ptolemy/domains/de/test/auto/DateToEvent.xml
----------------- Instantiating /home/travis/build/icyphy/ptII/ptolemy/domains/de/test/auto/DateToEvent.xml
2005 ms. Memory: 51200K Free: 31198K (61%)
----------------- Invoking toplevel() on ptolemy.moml.MoMLSimpleApplication@76b0927
----------------- Done invoking toplevel() on ptolemy.moml.MoMLSimpleApplication@76b0927
reloadAllAccessors: .DateToEvent

===========================================================================================
----------------- testing Sun Oct 25 15:53:29 UTC 2020 /home/travis/build/icyphy/ptII/ptolemy/domains/de/test/auto/DepthTest1.xml
----------------- Instantiating /home/travis/build/icyphy/ptII/ptolemy/domains/de/test/auto/DepthTest1.xml
1 ms. Memory: 51200K Free: 28303K (55%)
----------------- Invoking toplevel() on ptolemy.moml.MoMLSimpleApplication@78e88648
----------------- Done invoking toplevel() on ptolemy.moml.MoMLSimpleApplication@78e88648
reloadAllAccessors: .DepthTest1

===========================================================================================
----------------- testing Sun Oct 25 15:53:29 UTC 2020 /home/travis/build/icyphy/ptII/ptolemy/domains/de/test/auto/DepthTest2.xml
----------------- Instantiating /home/travis/build/icyphy/ptII/ptolemy/domains/de/test/auto/DepthTest2.xml
2 ms. Memory: 51200K Free: 21766K (43%)
----------------- Invoking toplevel() on ptolemy.moml.MoMLSimpleApplication@5910b448
----------------- Done invoking toplevel() on ptolemy.moml.MoMLSimpleApplication@5910b448
reloadAllAccessors: .DepthTest2

===========================================================================================
----------------- testing Sun Oct 25 15:53:29 UTC 2020 /home/travis/build/icyphy/ptII/ptolemy/domains/de/test/auto/DepthTest3.xml
----------------- Instantiating /home/travis/build/icyphy/ptII/ptolemy/domains/de/test/auto/DepthTest3.xml
1 ms. Memory: 51200K Free: 18864K (37%)
----------------- Invoking toplevel() on ptolemy.moml.MoMLSimpleApplication@7b600c79
----------------- Done invoking toplevel() on ptolemy.moml.MoMLSimpleApplication@7b600c79
reloadAllAccessors: .DepthTest3

===========================================================================================
----------------- testing Sun Oct 25 15:53:29 UTC 2020 /home/travis/build/icyphy/ptII/ptolemy/domains/de/test/auto/DepthTest4.xml
----------------- Instantiating /home/travis/build/icyphy/ptII/ptolemy/domains/de/test/auto/DepthTest4.xml
1 ms. Memory: 51200K Free: 14131K (28%)
----------------- Invoking toplevel() on ptolemy.moml.MoMLSimpleApplication@53700daf
----------------- Done invoking toplevel() on ptolemy.moml.MoMLSimpleApplication@53700daf
reloadAllAccessors: .DepthTest4

===========================================================================================
----------------- testing Sun Oct 25 15:53:29 UTC 2020 /home/travis/build/icyphy/ptII/ptolemy/domains/de/test/auto/DepthTest5.xml
----------------- Instantiating /home/travis/build/icyphy/ptII/ptolemy/domains/de/test/auto/DepthTest5.xml
6 ms. Memory: 51200K Free: 35808K (70%)
----------------- Invoking toplevel() on ptolemy.moml.MoMLSimpleApplication@39310472
----------------- Done invoking toplevel() on ptolemy.moml.MoMLSimpleApplication@39310472
reloadAllAccessors: .DepthTest5

===========================================================================================
----------------- testing Sun Oct 25 15:53:29 UTC 2020 /home/travis/build/icyphy/ptII/ptolemy/domains/de/test/auto/DepthTest6.xml
----------------- Instantiating /home/travis/build/icyphy/ptII/ptolemy/domains/de/test/auto/DepthTest6.xml
1 ms. Memory: 51200K Free: 30321K (59%)
----------------- Invoking toplevel() on ptolemy.moml.MoMLSimpleApplication@16e0abd7
----------------- Done invoking toplevel() on ptolemy.moml.MoMLSimpleApplication@16e0abd7
reloadAllAccessors: .DepthTest6

===========================================================================================
----------------- testing Sun Oct 25 15:53:29 UTC 2020 /home/travis/build/icyphy/ptII/ptolemy/domains/de/test/auto/DepthTest7.xml
----------------- Instantiating /home/travis/build/icyphy/ptII/ptolemy/domains/de/test/auto/DepthTest7.xml
1 ms. Memory: 51200K Free: 25401K (50%)
----------------- Invoking toplevel() on ptolemy.moml.MoMLSimpleApplication@577a6ae1
----------------- Done invoking toplevel() on ptolemy.moml.MoMLSimpleApplication@577a6ae1
reloadAllAccessors: .DepthTest7

===========================================================================================
----------------- testing Sun Oct 25 15:53:29 UTC 2020 /home/travis/build/icyphy/ptII/ptolemy/domains/de/test/auto/EventToDate.xml
----------------- Instantiating /home/travis/build/icyphy/ptII/ptolemy/domains/de/test/auto/EventToDate.xml
3010 ms. Memory: 51200K Free: 12237K (24%)
----------------- Invoking toplevel() on ptolemy.moml.MoMLSimpleApplication@668d8b08
----------------- Done invoking toplevel() on ptolemy.moml.MoMLSimpleApplication@668d8b08
reloadAllAccessors: .EventToDate

===========================================================================================
----------------- testing Sun Oct 25 15:53:32 UTC 2020 /home/travis/build/icyphy/ptII/ptolemy/domains/de/test/auto/FSM1.xml
----------------- Instantiating /home/travis/build/icyphy/ptII/ptolemy/domains/de/test/auto/FSM1.xml
13 ms. Memory: 51200K Free: 26672K (52%)
----------------- Invoking toplevel() on ptolemy.moml.MoMLSimpleApplication@7d434ff5
----------------- Done invoking toplevel() on ptolemy.moml.MoMLSimpleApplication@7d434ff5
reloadAllAccessors: .FSM1

===========================================================================================
----------------- testing Sun Oct 25 15:53:32 UTC 2020 /home/travis/build/icyphy/ptII/ptolemy/domains/de/test/auto/FSM7.xml
----------------- Instantiating /home/travis/build/icyphy/ptII/ptolemy/domains/de/test/auto/FSM7.xml
22 ms. Memory: 51200K Free: 14449K (28%)
----------------- Invoking toplevel() on ptolemy.moml.MoMLSimpleApplication@771063d0
----------------- Done invoking toplevel() on ptolemy.moml.MoMLSimpleApplication@771063d0
reloadAllAccessors: .FSM7

===========================================================================================
----------------- testing Sun Oct 25 15:53:32 UTC 2020 /home/travis/build/icyphy/ptII/ptolemy/domains/de/test/auto/Inspection.xml
----------------- Instantiating /home/travis/build/icyphy/ptII/ptolemy/domains/de/test/auto/Inspection.xml
14 ms. Memory: 51200K Free: 28718K (56%)
----------------- Invoking toplevel() on ptolemy.moml.MoMLSimpleApplication@3f9085ee
----------------- Done invoking toplevel() on ptolemy.moml.MoMLSimpleApplication@3f9085ee
reloadAllAccessors: .Inspection

===========================================================================================
----------------- testing Sun Oct 25 15:53:32 UTC 2020 /home/travis/build/icyphy/ptII/ptolemy/domains/de/test/auto/Iteration.xml
----------------- Instantiating /home/travis/build/icyphy/ptII/ptolemy/domains/de/test/auto/Iteration.xml
13 ms. Memory: 51200K Free: 21865K (43%)
----------------- Invoking toplevel() on ptolemy.moml.MoMLSimpleApplication@5b81cc02
----------------- Done invoking toplevel() on ptolemy.moml.MoMLSimpleApplication@5b81cc02
reloadAllAccessors: .Iteration

===========================================================================================
----------------- testing Sun Oct 25 15:53:32 UTC 2020 /home/travis/build/icyphy/ptII/ptolemy/domains/de/test/auto/LineFault.xml
----------------- Instantiating /home/travis/build/icyphy/ptII/ptolemy/domains/de/test/auto/LineFault.xml
398 ms. Memory: 51200K Free: 12692K (25%)
----------------- Invoking toplevel() on ptolemy.moml.MoMLSimpleApplication@dfc2689
----------------- Done invoking toplevel() on ptolemy.moml.MoMLSimpleApplication@dfc2689
reloadAllAccessors: .LineFault

===========================================================================================
----------------- testing Sun Oct 25 15:53:33 UTC 2020 /home/travis/build/icyphy/ptII/ptolemy/domains/de/test/auto/MergeModel1Add.xml
----------------- Instantiating /home/travis/build/icyphy/ptII/ptolemy/domains/de/test/auto/MergeModel1Add.xml
5 ms. Memory: 51200K Free: 19354K (38%)
----------------- Invoking toplevel() on ptolemy.moml.MoMLSimpleApplication@649915d1
----------------- Done invoking toplevel() on ptolemy.moml.MoMLSimpleApplication@649915d1
reloadAllAccessors: .MergeModel1Add

===========================================================================================
----------------- testing Sun Oct 25 15:53:33 UTC 2020 /home/travis/build/icyphy/ptII/ptolemy/domains/de/test/auto/MergeModel2Add.xml
----------------- Instantiating /home/travis/build/icyphy/ptII/ptolemy/domains/de/test/auto/MergeModel2Add.xml
6 ms. Memory: 51200K Free: 26087K (51%)
----------------- Invoking toplevel() on ptolemy.moml.MoMLSimpleApplication@10395b86
----------------- Done invoking toplevel() on ptolemy.moml.MoMLSimpleApplication@10395b86
reloadAllAccessors: .MergeModel2Add

===========================================================================================
----------------- testing Sun Oct 25 15:53:33 UTC 2020 /home/travis/build/icyphy/ptII/ptolemy/domains/de/test/auto/MergeModel3Add.xml
----------------- Instantiating /home/travis/build/icyphy/ptII/ptolemy/domains/de/test/auto/MergeModel3Add.xml
5 ms. Memory: 51200K Free: 33207K (65%)
----------------- Invoking toplevel() on ptolemy.moml.MoMLSimpleApplication@1ddc19ad
----------------- Done invoking toplevel() on ptolemy.moml.MoMLSimpleApplication@1ddc19ad
reloadAllAccessors: .MergeModel3Add

===========================================================================================
----------------- testing Sun Oct 25 15:53:33 UTC 2020 /home/travis/build/icyphy/ptII/ptolemy/domains/de/test/auto/MergeWithoutDiscard.xml
----------------- Instantiating /home/travis/build/icyphy/ptII/ptolemy/domains/de/test/auto/MergeWithoutDiscard.xml
0 ms. Memory: 51200K Free: 29057K (57%)
----------------- Invoking toplevel() on ptolemy.moml.MoMLSimpleApplication@58d074d6
----------------- Done invoking toplevel() on ptolemy.moml.MoMLSimpleApplication@58d074d6
reloadAllAccessors: .MergeWithoutDiscard

===========================================================================================
----------------- testing Sun Oct 25 15:53:33 UTC 2020 /home/travis/build/icyphy/ptII/ptolemy/domains/de/test/auto/Modal1.xml
----------------- Instantiating /home/travis/build/icyphy/ptII/ptolemy/domains/de/test/auto/Modal1.xml
8 ms. Memory: 51200K Free: 16823K (33%)
----------------- Invoking toplevel() on ptolemy.moml.MoMLSimpleApplication@36462b9f
----------------- Done invoking toplevel() on ptolemy.moml.MoMLSimpleApplication@36462b9f
reloadAllAccessors: .Modal1

===========================================================================================
----------------- testing Sun Oct 25 15:53:33 UTC 2020 /home/travis/build/icyphy/ptII/ptolemy/domains/de/test/auto/Modal2.xml
----------------- Instantiating /home/travis/build/icyphy/ptII/ptolemy/domains/de/test/auto/Modal2.xml
12 ms. Memory: 51200K Free: 29543K (58%)
----------------- Invoking toplevel() on ptolemy.moml.MoMLSimpleApplication@5794b21d
----------------- Done invoking toplevel() on ptolemy.moml.MoMLSimpleApplication@5794b21d
reloadAllAccessors: .Modal2

===========================================================================================
----------------- testing Sun Oct 25 15:53:33 UTC 2020 /home/travis/build/icyphy/ptII/ptolemy/domains/de/test/auto/Modal3.xml
----------------- Instantiating /home/travis/build/icyphy/ptII/ptolemy/domains/de/test/auto/Modal3.xml
8 ms. Memory: 51200K Free: 17255K (34%)
----------------- Invoking toplevel() on ptolemy.moml.MoMLSimpleApplication@6ef46b4b
----------------- Done invoking toplevel() on ptolemy.moml.MoMLSimpleApplication@6ef46b4b
reloadAllAccessors: .Modal3

===========================================================================================
----------------- testing Sun Oct 25 15:53:33 UTC 2020 /home/travis/build/icyphy/ptII/ptolemy/domains/de/test/auto/Modal4.xml
----------------- Instantiating /home/travis/build/icyphy/ptII/ptolemy/domains/de/test/auto/Modal4.xml
11 ms. Memory: 51200K Free: 29008K (57%)
----------------- Invoking toplevel() on ptolemy.moml.MoMLSimpleApplication@57512c57
----------------- Done invoking toplevel() on ptolemy.moml.MoMLSimpleApplication@57512c57
reloadAllAccessors: .Modal4

===========================================================================================
----------------- testing Sun Oct 25 15:53:33 UTC 2020 /home/travis/build/icyphy/ptII/ptolemy/domains/de/test/auto/Modal5.xml
----------------- Instantiating /home/travis/build/icyphy/ptII/ptolemy/domains/de/test/auto/Modal5.xml
11 ms. Memory: 51200K Free: 15936K (31%)
----------------- Invoking toplevel() on ptolemy.moml.MoMLSimpleApplication@54ffa00b
----------------- Done invoking toplevel() on ptolemy.moml.MoMLSimpleApplication@54ffa00b
reloadAllAccessors: .Modal5

===========================================================================================
----------------- testing Sun Oct 25 15:53:33 UTC 2020 /home/travis/build/icyphy/ptII/ptolemy/domains/de/test/auto/Modal6.xml
----------------- Instantiating /home/travis/build/icyphy/ptII/ptolemy/domains/de/test/auto/Modal6.xml
9 ms. Memory: 51200K Free: 28250K (55%)
----------------- Invoking toplevel() on ptolemy.moml.MoMLSimpleApplication@701d2a10
----------------- Done invoking toplevel() on ptolemy.moml.MoMLSimpleApplication@701d2a10
reloadAllAccessors: .Modal6

===========================================================================================
----------------- testing Sun Oct 25 15:53:33 UTC 2020 /home/travis/build/icyphy/ptII/ptolemy/domains/de/test/auto/Modal7.xml
----------------- Instantiating /home/travis/build/icyphy/ptII/ptolemy/domains/de/test/auto/Modal7.xml
7 ms. Memory: 51200K Free: 15216K (30%)
----------------- Invoking toplevel() on ptolemy.moml.MoMLSimpleApplication@6dedf0ec
----------------- Done invoking toplevel() on ptolemy.moml.MoMLSimpleApplication@6dedf0ec
reloadAllAccessors: .Modal7

===========================================================================================
----------------- testing Sun Oct 25 15:53:33 UTC 2020 /home/travis/build/icyphy/ptII/ptolemy/domains/de/test/auto/ModalModel.xml
----------------- Instantiating /home/travis/build/icyphy/ptII/ptolemy/domains/de/test/auto/ModalModel.xml
124 ms. Memory: 65536K Free: 35828K (55%)
----------------- Invoking toplevel() on ptolemy.moml.MoMLSimpleApplication@1534fae5
----------------- Done invoking toplevel() on ptolemy.moml.MoMLSimpleApplication@1534fae5
reloadAllAccessors: .ModalModel

===========================================================================================
----------------- testing Sun Oct 25 15:53:33 UTC 2020 /home/travis/build/icyphy/ptII/ptolemy/domains/de/test/auto/ModalSource.xml
----------------- Instantiating /home/travis/build/icyphy/ptII/ptolemy/domains/de/test/auto/ModalSource.xml
5 ms. Memory: 65536K Free: 27378K (42%)
----------------- Invoking toplevel() on ptolemy.moml.MoMLSimpleApplication@6dea8c0a
----------------- Done invoking toplevel() on ptolemy.moml.MoMLSimpleApplication@6dea8c0a
reloadAllAccessors: .ModalSource

===========================================================================================
----------------- testing Sun Oct 25 15:53:33 UTC 2020 /home/travis/build/icyphy/ptII/ptolemy/domains/de/test/auto/NonInterruptibleTimerZeroDelay.xml
----------------- Instantiating /home/travis/build/icyphy/ptII/ptolemy/domains/de/test/auto/NonInterruptibleTimerZeroDelay.xml
2 ms. Memory: 65536K Free: 23627K (36%)
----------------- Invoking toplevel() on ptolemy.moml.MoMLSimpleApplication@35fea002
----------------- Done invoking toplevel() on ptolemy.moml.MoMLSimpleApplication@35fea002
reloadAllAccessors: .NonInterruptibleTimerZeroDelay

===========================================================================================
----------------- testing Sun Oct 25 15:53:33 UTC 2020 /home/travis/build/icyphy/ptII/ptolemy/domains/de/test/auto/OpenQueueingNetwork.xml
----------------- Instantiating /home/travis/build/icyphy/ptII/ptolemy/domains/de/test/auto/OpenQueueingNetwork.xml
2206 ms. Memory: 164864K Free: 123261K (75%)
----------------- Invoking toplevel() on ptolemy.moml.MoMLSimpleApplication@3e6b9f12
----------------- Done invoking toplevel() on ptolemy.moml.MoMLSimpleApplication@3e6b9f12
reloadAllAccessors: .OpenQueueingNetwork

===========================================================================================
----------------- testing Sun Oct 25 15:53:36 UTC 2020 /home/travis/build/icyphy/ptII/ptolemy/domains/de/test/auto/OpenQueuingNetwork.xml
----------------- Instantiating /home/travis/build/icyphy/ptII/ptolemy/domains/de/test/auto/OpenQueuingNetwork.xml
216 ms. Memory: 164864K Free: 135157K (82%)
----------------- Invoking toplevel() on ptolemy.moml.MoMLSimpleApplication@450e7778
----------------- Done invoking toplevel() on ptolemy.moml.MoMLSimpleApplication@450e7778
reloadAllAccessors: .OpenQueuingNetwork

===========================================================================================
----------------- testing Sun Oct 25 15:53:36 UTC 2020 /home/travis/build/icyphy/ptII/ptolemy/domains/de/test/auto/PeriodicSampler.xml
----------------- Instantiating /home/travis/build/icyphy/ptII/ptolemy/domains/de/test/auto/PeriodicSampler.xml
2 ms. Memory: 164864K Free: 130551K (79%)
----------------- Invoking toplevel() on ptolemy.moml.MoMLSimpleApplication@725e1325
----------------- Done invoking toplevel() on ptolemy.moml.MoMLSimpleApplication@725e1325
reloadAllAccessors: .PeriodicSampler

===========================================================================================
----------------- testing Sun Oct 25 15:53:36 UTC 2020 /home/travis/build/icyphy/ptII/ptolemy/domains/de/test/auto/PersistentIO.xml
----------------- Instantiating /home/travis/build/icyphy/ptII/ptolemy/domains/de/test/auto/PersistentIO.xml
8 ms. Memory: 164864K Free: 121335K (74%)
----------------- Invoking toplevel() on ptolemy.moml.MoMLSimpleApplication@4dbac2a7
----------------- Done invoking toplevel() on ptolemy.moml.MoMLSimpleApplication@4dbac2a7
reloadAllAccessors: .PersistentIO

===========================================================================================
----------------- testing Sun Oct 25 15:53:36 UTC 2020 /home/travis/build/icyphy/ptII/ptolemy/domains/de/test/auto/PortParameterResetOnInitialize.xml
----------------- Instantiating /home/travis/build/icyphy/ptII/ptolemy/domains/de/test/auto/PortParameterResetOnInitialize.xml
4 ms. Memory: 164864K Free: 116711K (71%)
----------------- Invoking toplevel() on ptolemy.moml.MoMLSimpleApplication@2f25e36a
----------------- Done invoking toplevel() on ptolemy.moml.MoMLSimpleApplication@2f25e36a
reloadAllAccessors: .PortParameterResetOnInitialize

===========================================================================================
----------------- testing Sun Oct 25 15:53:36 UTC 2020 /home/travis/build/icyphy/ptII/ptolemy/domains/de/test/auto/PortParameterUpdates.xml
----------------- Instantiating /home/travis/build/icyphy/ptII/ptolemy/domains/de/test/auto/PortParameterUpdates.xml
4 ms. Memory: 164864K Free: 110567K (67%)
----------------- Invoking toplevel() on ptolemy.moml.MoMLSimpleApplication@38bfe31
----------------- Done invoking toplevel() on ptolemy.moml.MoMLSimpleApplication@38bfe31
reloadAllAccessors: .PortParameterUpdates

===========================================================================================
----------------- testing Sun Oct 25 15:53:36 UTC 2020 /home/travis/build/icyphy/ptII/ptolemy/domains/de/test/auto/QueueAndServer.xml
----------------- Instantiating /home/travis/build/icyphy/ptII/ptolemy/domains/de/test/auto/QueueAndServer.xml
4 ms. Memory: 164864K Free: 102903K (62%)
----------------- Invoking toplevel() on ptolemy.moml.MoMLSimpleApplication@2641dfec
----------------- Done invoking toplevel() on ptolemy.moml.MoMLSimpleApplication@2641dfec
reloadAllAccessors: .QueueAndServer

===========================================================================================
----------------- testing Sun Oct 25 15:53:36 UTC 2020 /home/travis/build/icyphy/ptII/ptolemy/domains/de/test/auto/Records.xml
----------------- Instantiating /home/travis/build/icyphy/ptII/ptolemy/domains/de/test/auto/Records.xml
3 ms. Memory: 164864K Free: 97269K (59%)
----------------- Invoking toplevel() on ptolemy.moml.MoMLSimpleApplication@1b0b34d8
----------------- Done invoking toplevel() on ptolemy.moml.MoMLSimpleApplication@1b0b34d8
reloadAllAccessors: .Records

===========================================================================================
----------------- testing Sun Oct 25 15:53:36 UTC 2020 /home/travis/build/icyphy/ptII/ptolemy/domains/de/test/auto/ResetTransitionWithStartTime1.xml
----------------- Instantiating /home/travis/build/icyphy/ptII/ptolemy/domains/de/test/auto/ResetTransitionWithStartTime1.xml
5 ms. Memory: 164864K Free: 89063K (54%)
----------------- Invoking toplevel() on ptolemy.moml.MoMLSimpleApplication@222779b
----------------- Done invoking toplevel() on ptolemy.moml.MoMLSimpleApplication@222779b
reloadAllAccessors: .ResetTransitionWithStartTime1

===========================================================================================
----------------- testing Sun Oct 25 15:53:36 UTC 2020 /home/travis/build/icyphy/ptII/ptolemy/domains/de/test/auto/ResetTransitionWithStartTime2.xml
----------------- Instantiating /home/travis/build/icyphy/ptII/ptolemy/domains/de/test/auto/ResetTransitionWithStartTime2.xml
5 ms. Memory: 164864K Free: 80871K (49%)
----------------- Invoking toplevel() on ptolemy.moml.MoMLSimpleApplication@3aa0f00e
----------------- Done invoking toplevel() on ptolemy.moml.MoMLSimpleApplication@3aa0f00e
reloadAllAccessors: .ResetTransitionWithStartTime2

===========================================================================================
----------------- testing Sun Oct 25 15:53:36 UTC 2020 /home/travis/build/icyphy/ptII/ptolemy/domains/de/test/auto/ResetTransitionWithStartTime3.xml
----------------- Instantiating /home/travis/build/icyphy/ptII/ptolemy/domains/de/test/auto/ResetTransitionWithStartTime3.xml
5 ms. Memory: 164864K Free: 72679K (44%)
----------------- Invoking toplevel() on ptolemy.moml.MoMLSimpleApplication@6c0322cd
----------------- Done invoking toplevel() on ptolemy.moml.MoMLSimpleApplication@6c0322cd
reloadAllAccessors: .ResetTransitionWithStartTime3

===========================================================================================
----------------- testing Sun Oct 25 15:53:36 UTC 2020 /home/travis/build/icyphy/ptII/ptolemy/domains/de/test/auto/ResetTransitionWithStartTime4.xml
----------------- Instantiating /home/travis/build/icyphy/ptII/ptolemy/domains/de/test/auto/ResetTransitionWithStartTime4.xml
4 ms. Memory: 164864K Free: 65015K (39%)
----------------- Invoking toplevel() on ptolemy.moml.MoMLSimpleApplication@46d5d257
----------------- Done invoking toplevel() on ptolemy.moml.MoMLSimpleApplication@46d5d257
reloadAllAccessors: .ResetTransitionWithStartTime4

===========================================================================================
----------------- testing Sun Oct 25 15:53:36 UTC 2020 /home/travis/build/icyphy/ptII/ptolemy/domains/de/test/auto/ResettableTimer1.xml
----------------- Instantiating /home/travis/build/icyphy/ptII/ptolemy/domains/de/test/auto/ResettableTimer1.xml
1 ms. Memory: 164864K Free: 60919K (37%)
----------------- Invoking toplevel() on ptolemy.moml.MoMLSimpleApplication@1abcb175
----------------- Done invoking toplevel() on ptolemy.moml.MoMLSimpleApplication@1abcb175
reloadAllAccessors: .ResettableTimer1

===========================================================================================
----------------- testing Sun Oct 25 15:53:36 UTC 2020 /home/travis/build/icyphy/ptII/ptolemy/domains/de/test/auto/ResettableTimer2.xml
----------------- Instantiating /home/travis/build/icyphy/ptII/ptolemy/domains/de/test/auto/ResettableTimer2.xml
2 ms. Memory: 164864K Free: 56823K (34%)
----------------- Invoking toplevel() on ptolemy.moml.MoMLSimpleApplication@52bad845
----------------- Done invoking toplevel() on ptolemy.moml.MoMLSimpleApplication@52bad845
reloadAllAccessors: .ResettableTimer2

===========================================================================================
----------------- testing Sun Oct 25 15:53:36 UTC 2020 /home/travis/build/icyphy/ptII/ptolemy/domains/de/test/auto/ResettableTimer3.xml
----------------- Instantiating /home/travis/build/icyphy/ptII/ptolemy/domains/de/test/auto/ResettableTimer3.xml
1 ms. Memory: 198656K Free: 179208K (90%)
----------------- Invoking toplevel() on ptolemy.moml.MoMLSimpleApplication@66346abf
----------------- Done invoking toplevel() on ptolemy.moml.MoMLSimpleApplication@66346abf
reloadAllAccessors: .ResettableTimer3

===========================================================================================
----------------- testing Sun Oct 25 15:53:36 UTC 2020 /home/travis/build/icyphy/ptII/ptolemy/domains/de/test/auto/ResettableTimer4.xml
----------------- Instantiating /home/travis/build/icyphy/ptII/ptolemy/domains/de/test/auto/ResettableTimer4.xml
1 ms. Memory: 198656K Free: 175112K (88%)
----------------- Invoking toplevel() on ptolemy.moml.MoMLSimpleApplication@319190e1
----------------- Done invoking toplevel() on ptolemy.moml.MoMLSimpleApplication@319190e1
reloadAllAccessors: .ResettableTimer4

===========================================================================================
----------------- testing Sun Oct 25 15:53:36 UTC 2020 /home/travis/build/icyphy/ptII/ptolemy/domains/de/test/auto/ResettableTimer5.xml
----------------- Instantiating /home/travis/build/icyphy/ptII/ptolemy/domains/de/test/auto/ResettableTimer5.xml
1 ms. Memory: 198656K Free: 171016K (86%)
----------------- Invoking toplevel() on ptolemy.moml.MoMLSimpleApplication@720c122e
----------------- Done invoking toplevel() on ptolemy.moml.MoMLSimpleApplication@720c122e
reloadAllAccessors: .ResettableTimer5

===========================================================================================
----------------- testing Sun Oct 25 15:53:36 UTC 2020 /home/travis/build/icyphy/ptII/ptolemy/domains/de/test/auto/ResettableTimer6.xml
----------------- Instantiating /home/travis/build/icyphy/ptII/ptolemy/domains/de/test/auto/ResettableTimer6.xml
7 ms. Memory: 198656K Free: 166404K (84%)
----------------- Invoking toplevel() on ptolemy.moml.MoMLSimpleApplication@71ed92a1
----------------- Done invoking toplevel() on ptolemy.moml.MoMLSimpleApplication@71ed92a1
reloadAllAccessors: .ResettableTimer6

===========================================================================================
----------------- testing Sun Oct 25 15:53:36 UTC 2020 /home/travis/build/icyphy/ptII/ptolemy/domains/de/test/auto/ServerZeroDelay.xml
----------------- Instantiating /home/travis/build/icyphy/ptII/ptolemy/domains/de/test/auto/ServerZeroDelay.xml
3 ms. Memory: 198656K Free: 162280K (82%)
----------------- Invoking toplevel() on ptolemy.moml.MoMLSimpleApplication@3746d4df
----------------- Done invoking toplevel() on ptolemy.moml.MoMLSimpleApplication@3746d4df
reloadAllAccessors: .ServerZeroDelay

===========================================================================================
----------------- testing Sun Oct 25 15:53:36 UTC 2020 /home/travis/build/icyphy/ptII/ptolemy/domains/de/test/auto/SmartSender.xml
----------------- Instantiating /home/travis/build/icyphy/ptII/ptolemy/domains/de/test/auto/SmartSender.xml
3002 ms. Memory: 198656K Free: 158214K (80%)
----------------- Invoking toplevel() on ptolemy.moml.MoMLSimpleApplication@1517e815
----------------- Done invoking toplevel() on ptolemy.moml.MoMLSimpleApplication@1517e815
reloadAllAccessors: .SmartSender

===========================================================================================
----------------- testing Sun Oct 25 15:53:39 UTC 2020 /home/travis/build/icyphy/ptII/ptolemy/domains/de/test/auto/ThreadedComposite.xml
----------------- Instantiating /home/travis/build/icyphy/ptII/ptolemy/domains/de/test/auto/ThreadedComposite.xml
84 ms. Memory: 198656K Free: 138758K (70%)
----------------- Invoking toplevel() on ptolemy.moml.MoMLSimpleApplication@11344305
----------------- Done invoking toplevel() on ptolemy.moml.MoMLSimpleApplication@11344305
reloadAllAccessors: .ThreadedComposite

===========================================================================================
----------------- testing Sun Oct 25 15:53:39 UTC 2020 /home/travis/build/icyphy/ptII/ptolemy/domains/de/test/auto/Time.xml
----------------- Instantiating /home/travis/build/icyphy/ptII/ptolemy/domains/de/test/auto/Time.xml
358 ms. Memory: 198656K Free: 87048K (44%)
----------------- Invoking toplevel() on ptolemy.moml.MoMLSimpleApplication@2c18b4a4
----------------- Done invoking toplevel() on ptolemy.moml.MoMLSimpleApplication@2c18b4a4
reloadAllAccessors: .Time

===========================================================================================
----------------- testing Sun Oct 25 15:53:40 UTC 2020 /home/travis/build/icyphy/ptII/ptolemy/domains/de/test/auto/TimeDelayZeroDelay.xml
----------------- Instantiating /home/travis/build/icyphy/ptII/ptolemy/domains/de/test/auto/TimeDelayZeroDelay.xml
2 ms. Memory: 198656K Free: 82952K (42%)
----------------- Invoking toplevel() on ptolemy.moml.MoMLSimpleApplication@2d50196a
----------------- Done invoking toplevel() on ptolemy.moml.MoMLSimpleApplication@2d50196a
reloadAllAccessors: .TimeDelayZeroDelay

===========================================================================================
----------------- testing Sun Oct 25 15:53:40 UTC 2020 /home/travis/build/icyphy/ptII/ptolemy/domains/de/test/auto/TimerZeroDelay.xml
----------------- Instantiating /home/travis/build/icyphy/ptII/ptolemy/domains/de/test/auto/TimerZeroDelay.xml
3 ms. Memory: 198656K Free: 78856K (40%)
----------------- Invoking toplevel() on ptolemy.moml.MoMLSimpleApplication@6f99f2cf
----------------- Done invoking toplevel() on ptolemy.moml.MoMLSimpleApplication@6f99f2cf
reloadAllAccessors: .TimerZeroDelay

===========================================================================================
----------------- testing Sun Oct 25 15:53:40 UTC 2020 /home/travis/build/icyphy/ptII/ptolemy/domains/de/test/auto/TimingParadox.xml
----------------- Instantiating /home/travis/build/icyphy/ptII/ptolemy/domains/de/test/auto/TimingParadox.xml
240 ms. Memory: 198656K Free: 123281K (62%)
----------------- Invoking toplevel() on ptolemy.moml.MoMLSimpleApplication@2cb9c042
----------------- Done invoking toplevel() on ptolemy.moml.MoMLSimpleApplication@2cb9c042
reloadAllAccessors: .TimingParadox

===========================================================================================
----------------- testing Sun Oct 25 15:53:40 UTC 2020 /home/travis/build/icyphy/ptII/ptolemy/domains/de/test/auto/TransferInputs.xml
----------------- Instantiating /home/travis/build/icyphy/ptII/ptolemy/domains/de/test/auto/TransferInputs.xml
3 ms. Memory: 198656K Free: 118657K (60%)
----------------- Invoking toplevel() on ptolemy.moml.MoMLSimpleApplication@42b6bce6
----------------- Done invoking toplevel() on ptolemy.moml.MoMLSimpleApplication@42b6bce6
reloadAllAccessors: .TransferInputs

===========================================================================================
----------------- testing Sun Oct 25 15:53:40 UTC 2020 /home/travis/build/icyphy/ptII/ptolemy/domains/de/test/auto/TransferOutputs2.xml
----------------- Instantiating /home/travis/build/icyphy/ptII/ptolemy/domains/de/test/auto/TransferOutputs2.xml
2 ms. Memory: 198656K Free: 110993K (56%)
----------------- Invoking toplevel() on ptolemy.moml.MoMLSimpleApplication@291b2038
----------------- Done invoking toplevel() on ptolemy.moml.MoMLSimpleApplication@291b2038
reloadAllAccessors: .TransferOutputs2

===========================================================================================
----------------- testing Sun Oct 25 15:53:40 UTC 2020 /home/travis/build/icyphy/ptII/ptolemy/domains/de/test/auto/Trilateration.xml
----------------- Instantiating /home/travis/build/icyphy/ptII/ptolemy/domains/de/test/auto/Trilateration.xml
10103 ms. Memory: 459776K Free: 310054K (67%)
----------------- Invoking toplevel() on ptolemy.moml.MoMLSimpleApplication@1473bd3a
----------------- Done invoking toplevel() on ptolemy.moml.MoMLSimpleApplication@1473bd3a
reloadAllAccessors: .Trilateration

===========================================================================================
----------------- testing Sun Oct 25 15:53:51 UTC 2020 /home/travis/build/icyphy/ptII/ptolemy/domains/de/test/auto/TwoSigmaDelta.xml
----------------- Instantiating /home/travis/build/icyphy/ptII/ptolemy/domains/de/test/auto/TwoSigmaDelta.xml
1586 ms. Memory: 459776K Free: 380248K (83%)
----------------- Invoking toplevel() on ptolemy.moml.MoMLSimpleApplication@51f5557e
----------------- Done invoking toplevel() on ptolemy.moml.MoMLSimpleApplication@51f5557e
reloadAllAccessors: .TwoSigmaDelta

===========================================================================================
----------------- testing Sun Oct 25 15:53:52 UTC 2020 /home/travis/build/icyphy/ptII/ptolemy/domains/de/test/auto/VariableDelay.xml
----------------- Instantiating /home/travis/build/icyphy/ptII/ptolemy/domains/de/test/auto/VariableDelay.xml
2 ms. Memory: 459776K Free: 375114K (82%)
----------------- Invoking toplevel() on ptolemy.moml.MoMLSimpleApplication@50947ba1
----------------- Done invoking toplevel() on ptolemy.moml.MoMLSimpleApplication@50947ba1
reloadAllAccessors: .VariableDelay

===========================================================================================
----------------- testing Sun Oct 25 15:53:53 UTC 2020 /home/travis/build/icyphy/ptII/ptolemy/domains/de/test/auto/VariableDelay2.xml
----------------- Instantiating /home/travis/build/icyphy/ptII/ptolemy/domains/de/test/auto/VariableDelay2.xml
2 ms. Memory: 459776K Free: 370522K (81%)
----------------- Invoking toplevel() on ptolemy.moml.MoMLSimpleApplication@19773308
----------------- Done invoking toplevel() on ptolemy.moml.MoMLSimpleApplication@19773308
reloadAllAccessors: .VariableDelay2

===========================================================================================
----------------- testing Sun Oct 25 15:53:53 UTC 2020 /home/travis/build/icyphy/ptII/ptolemy/domains/de/test/auto/VariableDelayZeroDelay.xml
----------------- Instantiating /home/travis/build/icyphy/ptII/ptolemy/domains/de/test/auto/VariableDelayZeroDelay.xml
7 ms. Memory: 459776K Free: 366426K (80%)
----------------- Invoking toplevel() on ptolemy.moml.MoMLSimpleApplication@6b2bbb53
----------------- Done invoking toplevel() on ptolemy.moml.MoMLSimpleApplication@6b2bbb53
reloadAllAccessors: .VariableDelayZeroDelay

===========================================================================================
----------------- testing Sun Oct 25 15:53:53 UTC 2020 /home/travis/build/icyphy/ptII/ptolemy/domains/de/test/auto/VariableDelayZeroDelay2.xml
----------------- Instantiating /home/travis/build/icyphy/ptII/ptolemy/domains/de/test/auto/VariableDelayZeroDelay2.xml
2 ms. Memory: 459776K Free: 362330K (79%)
----------------- Invoking toplevel() on ptolemy.moml.MoMLSimpleApplication@1b44bcb7
----------------- Done invoking toplevel() on ptolemy.moml.MoMLSimpleApplication@1b44bcb7
reloadAllAccessors: .VariableDelayZeroDelay2

===========================================================================================
----------------- testing Sun Oct 25 15:53:53 UTC 2020 /home/travis/build/icyphy/ptII/ptolemy/domains/de/test/auto/deInCt.xml
----------------- Instantiating /home/travis/build/icyphy/ptII/ptolemy/domains/de/test/auto/deInCt.xml
0
1
1
1
1
1
0
0
0
1
1
1
1
1
1
0
0
0
1
1
1
0
0
0
1
1
1
1
0
0
0
0
6 ms. Memory: 459776K Free: 357210K (78%)
----------------- Invoking toplevel() on ptolemy.moml.MoMLSimpleApplication@6810773a
----------------- Done invoking toplevel() on ptolemy.moml.MoMLSimpleApplication@6810773a
reloadAllAccessors: .deInCt

===========================================================================================
----------------- testing Sun Oct 25 15:53:53 UTC 2020 /home/travis/build/icyphy/ptII/ptolemy/domains/de/test/auto/deInCt2.xml
----------------- Instantiating /home/travis/build/icyphy/ptII/ptolemy/domains/de/test/auto/deInCt2.xml
0
1
1
1
0
0
1
1
1
0
0
1
1
1
0
0
1
1
1
0
0
1
1
1
0
0
1
1
1
0
0
1
1
1
0
0
1
1
1
0
0
0
7 ms. Memory: 459776K Free: 352090K (77%)
----------------- Invoking toplevel() on ptolemy.moml.MoMLSimpleApplication@3b6f2123
----------------- Done invoking toplevel() on ptolemy.moml.MoMLSimpleApplication@3b6f2123
reloadAllAccessors: .deInCt2

===========================================================================================
----------------- testing Sun Oct 25 15:53:53 UTC 2020 /home/travis/build/icyphy/ptII/ptolemy/domains/de/test/auto/dynamicCausalityInterface1.xml
----------------- Instantiating /home/travis/build/icyphy/ptII/ptolemy/domains/de/test/auto/dynamicCausalityInterface1.xml
1 ms. Memory: 459776K Free: 342874K (75%)
----------------- Invoking toplevel() on ptolemy.moml.MoMLSimpleApplication@139cabf1
----------------- Done invoking toplevel() on ptolemy.moml.MoMLSimpleApplication@139cabf1
reloadAllAccessors: .dynamicCausalityInterface1

===========================================================================================
----------------- testing Sun Oct 25 15:53:53 UTC 2020 /home/travis/build/icyphy/ptII/ptolemy/domains/de/test/auto/fsm_de_test.xml
----------------- Instantiating /home/travis/build/icyphy/ptII/ptolemy/domains/de/test/auto/fsm_de_test.xml
6 ms. Memory: 459776K Free: 333658K (73%)
----------------- Invoking toplevel() on ptolemy.moml.MoMLSimpleApplication@67368ca2
----------------- Done invoking toplevel() on ptolemy.moml.MoMLSimpleApplication@67368ca2
reloadAllAccessors: .fsm_de_test

===========================================================================================
----------------- testing Sun Oct 25 15:53:53 UTC 2020 /home/travis/build/icyphy/ptII/ptolemy/domains/de/test/auto/functionDependencyReconstruction.xml
----------------- Instantiating /home/travis/build/icyphy/ptII/ptolemy/domains/de/test/auto/functionDependencyReconstruction.xml
2 ms. Memory: 459776K Free: 318808K (69%)
----------------- Invoking toplevel() on ptolemy.moml.MoMLSimpleApplication@6ba89c88
----------------- Done invoking toplevel() on ptolemy.moml.MoMLSimpleApplication@6ba89c88
reloadAllAccessors: .functionDependencyReconstruction

===========================================================================================
----------------- testing Sun Oct 25 15:53:53 UTC 2020 /home/travis/build/icyphy/ptII/ptolemy/domains/de/test/auto/multirate.xml
----------------- Instantiating /home/travis/build/icyphy/ptII/ptolemy/domains/de/test/auto/multirate.xml
2 ms. Memory: 459776K Free: 312154K (68%)
----------------- Invoking toplevel() on ptolemy.moml.MoMLSimpleApplication@181ca31b
----------------- Done invoking toplevel() on ptolemy.moml.MoMLSimpleApplication@181ca31b
reloadAllAccessors: .multirate

===========================================================================================
----------------- testing Sun Oct 25 15:53:53 UTC 2020 /home/travis/build/icyphy/ptII/ptolemy/domains/de/test/auto/multirate2.xml
----------------- Instantiating /home/travis/build/icyphy/ptII/ptolemy/domains/de/test/auto/multirate2.xml
2 ms. Memory: 459776K Free: 305482K (66%)
----------------- Invoking toplevel() on ptolemy.moml.MoMLSimpleApplication@53f6342b
----------------- Done invoking toplevel() on ptolemy.moml.MoMLSimpleApplication@53f6342b
reloadAllAccessors: .multirate2

===========================================================================================
----------------- testing Sun Oct 25 15:53:53 UTC 2020 /home/travis/build/icyphy/ptII/ptolemy/domains/de/test/auto/realtime.xml
----------------- Instantiating /home/travis/build/icyphy/ptII/ptolemy/domains/de/test/auto/realtime.xml
10002 ms. Memory: 459776K Free: 300890K (65%)
----------------- Invoking toplevel() on ptolemy.moml.MoMLSimpleApplication@b4160c1
----------------- Done invoking toplevel() on ptolemy.moml.MoMLSimpleApplication@b4160c1
reloadAllAccessors: .realtime

===========================================================================================
----------------- testing Sun Oct 25 15:54:03 UTC 2020 /home/travis/build/icyphy/ptII/ptolemy/domains/de/test/auto/relationGroup.xml
----------------- Instantiating /home/travis/build/icyphy/ptII/ptolemy/domains/de/test/auto/relationGroup.xml
1 ms. Memory: 459776K Free: 297304K (65%)
----------------- Invoking toplevel() on ptolemy.moml.MoMLSimpleApplication@54e527ef
----------------- Done invoking toplevel() on ptolemy.moml.MoMLSimpleApplication@54e527ef
reloadAllAccessors: .relationGroup

===========================================================================================
----------------- testing Sun Oct 25 15:54:03 UTC 2020 /home/travis/build/icyphy/ptII/ptolemy/domains/de/test/auto/relationGroup2.xml
----------------- Instantiating /home/travis/build/icyphy/ptII/ptolemy/domains/de/test/auto/relationGroup2.xml
2 ms. Memory: 459776K Free: 293722K (64%)
----------------- Invoking toplevel() on ptolemy.moml.MoMLSimpleApplication@1d3d2d6c
----------------- Done invoking toplevel() on ptolemy.moml.MoMLSimpleApplication@1d3d2d6c
reloadAllAccessors: .relationGroup2

===========================================================================================
----------------- testing Sun Oct 25 15:54:03 UTC 2020 /home/travis/build/icyphy/ptII/ptolemy/domains/de/test/auto/sortWithOpaquePorts.xml
----------------- Instantiating /home/travis/build/icyphy/ptII/ptolemy/domains/de/test/auto/sortWithOpaquePorts.xml
2 ms. Memory: 459776K Free: 289082K (63%)
----------------- Invoking toplevel() on ptolemy.moml.MoMLSimpleApplication@624400d7
----------------- Done invoking toplevel() on ptolemy.moml.MoMLSimpleApplication@624400d7
reloadAllAccessors: .sortWithOpaquePorts

===========================================================================================
----------------- testing Sun Oct 25 15:54:03 UTC 2020 /home/travis/build/icyphy/ptII/ptolemy/domains/de/test/auto/transferInputsandOutputs.xml
----------------- Instantiating /home/travis/build/icyphy/ptII/ptolemy/domains/de/test/auto/transferInputsandOutputs.xml
1 ms. Memory: 459776K Free: 281944K (61%)
----------------- Invoking toplevel() on ptolemy.moml.MoMLSimpleApplication@5bca1ffc
----------------- Done invoking toplevel() on ptolemy.moml.MoMLSimpleApplication@5bca1ffc
reloadAllAccessors: .transferInputsandOutputs

===========================================================================================
----------------- testing Sun Oct 25 15:54:03 UTC 2020 /home/travis/build/icyphy/ptII/ptolemy/domains/de/test/auto/triggerType.xml
----------------- Instantiating /home/travis/build/icyphy/ptII/ptolemy/domains/de/test/auto/triggerType.xml
1 ms. Memory: 459776K Free: 277818K (60%)
----------------- Invoking toplevel() on ptolemy.moml.MoMLSimpleApplication@1284d5cf
----------------- Done invoking toplevel() on ptolemy.moml.MoMLSimpleApplication@1284d5cf
reloadAllAccessors: .triggerType
AutoTests.java: About to close Vertx.
AutoTests.java: Vertx closed.
]]></system-out>
  <system-err><![CDATA[java.lang.RuntimeException: Execution failed
	at ptolemy.moml.MoMLSimpleApplication$UnloadThread.run(MoMLSimpleApplication.java:402)
Caused by: ptolemy.kernel.util.IllegalActionException: Found a zero delay loop containing .dependencyLoop.original
  in .dependencyLoop and .dependencyLoop.original
	at ptolemy.actor.util.CausalityInterfaceForComposites._computeOutputPortDepth(CausalityInterfaceForComposites.java:759)
	at ptolemy.actor.util.CausalityInterfaceForComposites._computeInputDepth(CausalityInterfaceForComposites.java:696)
	at ptolemy.actor.util.CausalityInterfaceForComposites._computeOutputPortDepth(CausalityInterfaceForComposites.java:765)
	at ptolemy.actor.util.CausalityInterfaceForComposites._computeInputDepth(CausalityInterfaceForComposites.java:696)
	at ptolemy.actor.util.CausalityInterfaceForComposites._computeOutputPortDepth(CausalityInterfaceForComposites.java:765)
	at ptolemy.actor.util.CausalityInterfaceForComposites._computeInputDepth(CausalityInterfaceForComposites.java:696)
	at ptolemy.actor.util.CausalityInterfaceForComposites._computeActorDepth(CausalityInterfaceForComposites.java:532)
	at ptolemy.actor.util.CausalityInterfaceForComposites.checkForCycles(CausalityInterfaceForComposites.java:96)
	at ptolemy.domains.de.kernel.DEDirector.preinitialize(DEDirector.java:1338)
	at ptolemy.actor.CompositeActor.preinitialize(CompositeActor.java:1828)
	at ptolemy.actor.Manager.preinitializeAndResolveTypes(Manager.java:1040)
	at ptolemy.actor.Manager.initialize(Manager.java:710)
	at ptolemy.actor.Manager.execute(Manager.java:356)
	at ptolemy.actor.Manager.run(Manager.java:1263)
	at ptolemy.actor.Manager$PtolemyRunThread.run(Manager.java:1933)
java.lang.RuntimeException: Execution failed
	at ptolemy.moml.MoMLSimpleApplication$UnloadThread.run(MoMLSimpleApplication.java:402)
Caused by: ptolemy.kernel.util.IllegalActionException: Found a zero delay loop containing .dependencyLoop2.original
  in .dependencyLoop2 and .dependencyLoop2.original
	at ptolemy.actor.util.CausalityInterfaceForComposites._computeOutputPortDepth(CausalityInterfaceForComposites.java:759)
	at ptolemy.actor.util.CausalityInterfaceForComposites._computeInputDepth(CausalityInterfaceForComposites.java:696)
	at ptolemy.actor.util.CausalityInterfaceForComposites._computeOutputPortDepth(CausalityInterfaceForComposites.java:765)
	at ptolemy.actor.util.CausalityInterfaceForComposites._computeInputDepth(CausalityInterfaceForComposites.java:696)
	at ptolemy.actor.util.CausalityInterfaceForComposites._computeOutputPortDepth(CausalityInterfaceForComposites.java:765)
	at ptolemy.actor.util.CausalityInterfaceForComposites._computeInputDepth(CausalityInterfaceForComposites.java:696)
	at ptolemy.actor.util.CausalityInterfaceForComposites._computeActorDepth(CausalityInterfaceForComposites.java:532)
	at ptolemy.actor.util.CausalityInterfaceForComposites.checkForCycles(CausalityInterfaceForComposites.java:96)
	at ptolemy.domains.de.kernel.DEDirector.preinitialize(DEDirector.java:1338)
	at ptolemy.actor.CompositeActor.preinitialize(CompositeActor.java:1828)
	at ptolemy.actor.Manager.preinitializeAndResolveTypes(Manager.java:1040)
	at ptolemy.actor.Manager.initialize(Manager.java:710)
	at ptolemy.actor.Manager.execute(Manager.java:356)
	at ptolemy.actor.Manager.run(Manager.java:1263)
	at ptolemy.actor.Manager$PtolemyRunThread.run(Manager.java:1933)
java.lang.RuntimeException: Execution failed
	at ptolemy.moml.MoMLSimpleApplication$UnloadThread.run(MoMLSimpleApplication.java:402)
Caused by: ptolemy.kernel.util.IllegalActionException: Test fails in iteration 1.
Value was: 1.0. Should have been: 2.0
  in .DirectFeedback.Test
	at ptolemy.actor.lib.Test.fire(Test.java:268)
	at ptolemy.domains.de.kernel.DEDirector._fire(DEDirector.java:1949)
	at ptolemy.domains.de.kernel.DEDirector.fire(DEDirector.java:502)
	at ptolemy.actor.CompositeActor.fire(CompositeActor.java:455)
	at ptolemy.actor.Manager.iterate(Manager.java:851)
	at ptolemy.actor.Manager.execute(Manager.java:369)
	at ptolemy.actor.Manager.run(Manager.java:1263)
	at ptolemy.actor.Manager$PtolemyRunThread.run(Manager.java:1933)
java.lang.RuntimeException: Execution failed
	at ptolemy.moml.MoMLSimpleApplication$UnloadThread.run(MoMLSimpleApplication.java:402)
Caused by: ptolemy.kernel.util.IllegalActionException: Found a zero delay loop containing .dependencyLoop.original
  in .dependencyLoop and .dependencyLoop.original
	at ptolemy.actor.util.CausalityInterfaceForComposites._computeOutputPortDepth(CausalityInterfaceForComposites.java:759)
	at ptolemy.actor.util.CausalityInterfaceForComposites._computeInputDepth(CausalityInterfaceForComposites.java:696)
	at ptolemy.actor.util.CausalityInterfaceForComposites._computeOutputPortDepth(CausalityInterfaceForComposites.java:765)
	at ptolemy.actor.util.CausalityInterfaceForComposites._computeInputDepth(CausalityInterfaceForComposites.java:696)
	at ptolemy.actor.util.CausalityInterfaceForComposites._computeOutputPortDepth(CausalityInterfaceForComposites.java:765)
	at ptolemy.actor.util.CausalityInterfaceForComposites._computeInputDepth(CausalityInterfaceForComposites.java:696)
	at ptolemy.actor.util.CausalityInterfaceForComposites._computeActorDepth(CausalityInterfaceForComposites.java:532)
	at ptolemy.actor.util.CausalityInterfaceForComposites.checkForCycles(CausalityInterfaceForComposites.java:96)
	at ptolemy.domains.de.kernel.DEDirector.preinitialize(DEDirector.java:1338)
	at ptolemy.actor.CompositeActor.preinitialize(CompositeActor.java:1828)
	at ptolemy.actor.Manager.preinitializeAndResolveTypes(Manager.java:1040)
	at ptolemy.actor.Manager.initialize(Manager.java:710)
	at ptolemy.actor.Manager.execute(Manager.java:356)
	at ptolemy.actor.Manager.run(Manager.java:1263)
	at ptolemy.actor.Manager$PtolemyRunThread.run(Manager.java:1933)
java.lang.RuntimeException: Execution failed
	at ptolemy.moml.MoMLSimpleApplication$UnloadThread.run(MoMLSimpleApplication.java:402)
Caused by: ptolemy.kernel.util.IllegalActionException: Found a zero delay loop containing .HierarchicalModel.A
  in .HierarchicalModel and .HierarchicalModel.A
	at ptolemy.actor.util.CausalityInterfaceForComposites._computeOutputPortDepth(CausalityInterfaceForComposites.java:759)
	at ptolemy.actor.util.CausalityInterfaceForComposites._computeInputDepth(CausalityInterfaceForComposites.java:696)
	at ptolemy.actor.util.CausalityInterfaceForComposites._computeOutputPortDepth(CausalityInterfaceForComposites.java:765)
	at ptolemy.actor.util.CausalityInterfaceForComposites._computeInputDepth(CausalityInterfaceForComposites.java:696)
	at ptolemy.actor.util.CausalityInterfaceForComposites._computeOutputPortDepth(CausalityInterfaceForComposites.java:765)
	at ptolemy.actor.util.CausalityInterfaceForComposites._computeInputDepth(CausalityInterfaceForComposites.java:696)
	at ptolemy.actor.util.CausalityInterfaceForComposites._computeActorDepth(CausalityInterfaceForComposites.java:532)
	at ptolemy.actor.util.CausalityInterfaceForComposites.checkForCycles(CausalityInterfaceForComposites.java:96)
	at ptolemy.domains.de.kernel.DEDirector.preinitialize(DEDirector.java:1338)
	at ptolemy.actor.CompositeActor.preinitialize(CompositeActor.java:1828)
	at ptolemy.actor.Manager.preinitializeAndResolveTypes(Manager.java:1040)
	at ptolemy.actor.Manager.initialize(Manager.java:710)
	at ptolemy.actor.Manager.execute(Manager.java:356)
	at ptolemy.actor.Manager.run(Manager.java:1263)
	at ptolemy.actor.Manager$PtolemyRunThread.run(Manager.java:1933)
java.lang.RuntimeException: Execution failed
	at ptolemy.moml.MoMLSimpleApplication$UnloadThread.run(MoMLSimpleApplication.java:402)
Caused by: ptolemy.kernel.util.IllegalActionException: Found a zero delay loop containing .dependencyLoop2.original
  in .dependencyLoop2 and .dependencyLoop2.original
	at ptolemy.actor.util.CausalityInterfaceForComposites._computeOutputPortDepth(CausalityInterfaceForComposites.java:759)
	at ptolemy.actor.util.CausalityInterfaceForComposites._computeInputDepth(CausalityInterfaceForComposites.java:696)
	at ptolemy.actor.util.CausalityInterfaceForComposites._computeOutputPortDepth(CausalityInterfaceForComposites.java:765)
	at ptolemy.actor.util.CausalityInterfaceForComposites._computeInputDepth(CausalityInterfaceForComposites.java:696)
	at ptolemy.actor.util.CausalityInterfaceForComposites._computeOutputPortDepth(CausalityInterfaceForComposites.java:765)
	at ptolemy.actor.util.CausalityInterfaceForComposites._computeInputDepth(CausalityInterfaceForComposites.java:696)
	at ptolemy.actor.util.CausalityInterfaceForComposites._computeActorDepth(CausalityInterfaceForComposites.java:532)
	at ptolemy.actor.util.CausalityInterfaceForComposites.checkForCycles(CausalityInterfaceForComposites.java:96)
	at ptolemy.domains.de.kernel.DEDirector.preinitialize(DEDirector.java:1338)
	at ptolemy.actor.CompositeActor.preinitialize(CompositeActor.java:1828)
	at ptolemy.actor.Manager.preinitializeAndResolveTypes(Manager.java:1040)
	at ptolemy.actor.Manager.initialize(Manager.java:710)
	at ptolemy.actor.Manager.execute(Manager.java:356)
	at ptolemy.actor.Manager.run(Manager.java:1263)
	at ptolemy.actor.Manager$PtolemyRunThread.run(Manager.java:1933)
java.lang.RuntimeException: Execution failed
	at ptolemy.moml.MoMLSimpleApplication$UnloadThread.run(MoMLSimpleApplication.java:402)
Caused by: ptolemy.kernel.util.IllegalActionException: Actor is not ready to fire.  Perhaps UpSample.prefire() returned false? Try debugging the actor by selecting "Listen to Actor".  Also, for SDF check moml for tokenConsumptionRate on input.
  in .DESDFClockTest.Play Bell.Copy1:SDF Director and .DESDFClockTest.Play Bell.UpSample
	at ptolemy.actor.sched.StaticSchedulingDirector.fire(StaticSchedulingDirector.java:227)
	at ptolemy.domains.sdf.kernel.SDFDirector.fire(SDFDirector.java:500)
	at ptolemy.actor.CompositeActor.fire(CompositeActor.java:455)
	at ptolemy.domains.de.kernel.DEDirector._fire(DEDirector.java:1949)
	at ptolemy.domains.de.kernel.DEDirector.fire(DEDirector.java:502)
	at ptolemy.actor.CompositeActor.fire(CompositeActor.java:455)
	at ptolemy.actor.Manager.iterate(Manager.java:851)
	at ptolemy.actor.Manager.execute(Manager.java:369)
	at ptolemy.actor.Manager.run(Manager.java:1263)
	at ptolemy.actor.Manager$PtolemyRunThread.run(Manager.java:1933)
java.lang.RuntimeException: Execution failed
	at ptolemy.moml.MoMLSimpleApplication$UnloadThread.run(MoMLSimpleApplication.java:402)
Caused by: ptolemy.kernel.util.IllegalActionException: Actor is not ready to fire.  Perhaps UpSample.prefire() returned false? Try debugging the actor by selecting "Listen to Actor".  Also, for SDF check moml for tokenConsumptionRate on input.
  in .DESDFClockTest.Play Bell.Copy1:SDF Director and .DESDFClockTest.Play Bell.UpSample
	at ptolemy.actor.sched.StaticSchedulingDirector.fire(StaticSchedulingDirector.java:227)
	at ptolemy.domains.sdf.kernel.SDFDirector.fire(SDFDirector.java:500)
	at ptolemy.actor.CompositeActor.fire(CompositeActor.java:455)
	at ptolemy.domains.de.kernel.DEDirector._fire(DEDirector.java:1949)
	at ptolemy.domains.de.kernel.DEDirector.fire(DEDirector.java:502)
	at ptolemy.actor.CompositeActor.fire(CompositeActor.java:455)
	at ptolemy.actor.Manager.iterate(Manager.java:851)
	at ptolemy.actor.Manager.execute(Manager.java:369)
	at ptolemy.actor.Manager.run(Manager.java:1263)
	at ptolemy.actor.Manager$PtolemyRunThread.run(Manager.java:1933)
java.lang.reflect.InvocationTargetException
	at java.base/jdk.internal.reflect.NativeConstructorAccessorImpl.newInstance0(Native Method)
	at java.base/jdk.internal.reflect.NativeConstructorAccessorImpl.newInstance(NativeConstructorAccessorImpl.java:62)
	at java.base/jdk.internal.reflect.DelegatingConstructorAccessorImpl.newInstance(DelegatingConstructorAccessorImpl.java:45)
	at java.base/java.lang.reflect.Constructor.newInstance(Constructor.java:490)
	at ptolemy.util.test.junit.AutoKnownFailedTests.RunModel(AutoKnownFailedTests.java:105)
	at java.base/jdk.internal.reflect.NativeMethodAccessorImpl.invoke0(Native Method)
	at java.base/jdk.internal.reflect.NativeMethodAccessorImpl.invoke(NativeMethodAccessorImpl.java:62)
	at java.base/jdk.internal.reflect.DelegatingMethodAccessorImpl.invoke(DelegatingMethodAccessorImpl.java:43)
	at java.base/java.lang.reflect.Method.invoke(Method.java:566)
	at org.junit.runners.model.FrameworkMethod$1.runReflectiveCall(FrameworkMethod.java:44)
	at org.junit.internal.runners.model.ReflectiveCallable.run(ReflectiveCallable.java:15)
	at org.junit.runners.model.FrameworkMethod.invokeExplosively(FrameworkMethod.java:41)
	at junitparams.internal.InvokeParameterisedMethod.evaluate(InvokeParameterisedMethod.java:102)
	at org.junit.internal.runners.statements.FailOnTimeout$1.run(FailOnTimeout.java:28)
Caused by: ptolemy.kernel.util.IllegalActionException: Actor is not ready to fire.  Perhaps UpSample.prefire() returned false? Try debugging the actor by selecting "Listen to Actor".  Also, for SDF check moml for tokenConsumptionRate on input.
  in .DESDFClockTest.Play Bell.Copy1:SDF Director and .DESDFClockTest.Play Bell.UpSample
	at ptolemy.actor.sched.StaticSchedulingDirector.fire(StaticSchedulingDirector.java:227)
	at ptolemy.domains.sdf.kernel.SDFDirector.fire(SDFDirector.java:500)
	at ptolemy.actor.CompositeActor.fire(CompositeActor.java:455)
	at ptolemy.domains.de.kernel.DEDirector._fire(DEDirector.java:1949)
	at ptolemy.domains.de.kernel.DEDirector.fire(DEDirector.java:502)
	at ptolemy.actor.CompositeActor.fire(CompositeActor.java:455)
	at ptolemy.actor.Manager.iterate(Manager.java:851)
	at ptolemy.actor.Manager.execute(Manager.java:369)
	at ptolemy.actor.Manager.run(Manager.java:1263)
	at ptolemy.actor.Manager$PtolemyRunThread.run(Manager.java:1933)
java.lang.RuntimeException: Execution failed
	at ptolemy.moml.MoMLSimpleApplication$UnloadThread.run(MoMLSimpleApplication.java:402)
Caused by: ptolemy.kernel.util.IllegalActionException: Test fails in iteration 1.
Value was: 1.0. Should have been: 2.0
  in .DirectFeedback.Test
	at ptolemy.actor.lib.Test.fire(Test.java:268)
	at ptolemy.domains.de.kernel.DEDirector._fire(DEDirector.java:1949)
	at ptolemy.domains.de.kernel.DEDirector.fire(DEDirector.java:502)
	at ptolemy.actor.CompositeActor.fire(CompositeActor.java:455)
	at ptolemy.actor.Manager.iterate(Manager.java:851)
	at ptolemy.actor.Manager.execute(Manager.java:369)
	at ptolemy.actor.Manager.run(Manager.java:1263)
	at ptolemy.actor.Manager$PtolemyRunThread.run(Manager.java:1933)
java.lang.reflect.InvocationTargetException
	at java.base/jdk.internal.reflect.NativeConstructorAccessorImpl.newInstance0(Native Method)
	at java.base/jdk.internal.reflect.NativeConstructorAccessorImpl.newInstance(NativeConstructorAccessorImpl.java:62)
	at java.base/jdk.internal.reflect.DelegatingConstructorAccessorImpl.newInstance(DelegatingConstructorAccessorImpl.java:45)
	at java.base/java.lang.reflect.Constructor.newInstance(Constructor.java:490)
	at ptolemy.util.test.junit.AutoKnownFailedTests.RunModel(AutoKnownFailedTests.java:105)
	at java.base/jdk.internal.reflect.NativeMethodAccessorImpl.invoke0(Native Method)
	at java.base/jdk.internal.reflect.NativeMethodAccessorImpl.invoke(NativeMethodAccessorImpl.java:62)
	at java.base/jdk.internal.reflect.DelegatingMethodAccessorImpl.invoke(DelegatingMethodAccessorImpl.java:43)
	at java.base/java.lang.reflect.Method.invoke(Method.java:566)
	at org.junit.runners.model.FrameworkMethod$1.runReflectiveCall(FrameworkMethod.java:44)
	at org.junit.internal.runners.model.ReflectiveCallable.run(ReflectiveCallable.java:15)
	at org.junit.runners.model.FrameworkMethod.invokeExplosively(FrameworkMethod.java:41)
	at junitparams.internal.InvokeParameterisedMethod.evaluate(InvokeParameterisedMethod.java:102)
	at org.junit.internal.runners.statements.FailOnTimeout$1.run(FailOnTimeout.java:28)
Caused by: ptolemy.kernel.util.IllegalActionException: Test fails in iteration 1.
Value was: 1.0. Should have been: 2.0
  in .DirectFeedback.Test
	at ptolemy.actor.lib.Test.fire(Test.java:268)
	at ptolemy.domains.de.kernel.DEDirector._fire(DEDirector.java:1949)
	at ptolemy.domains.de.kernel.DEDirector.fire(DEDirector.java:502)
	at ptolemy.actor.CompositeActor.fire(CompositeActor.java:455)
	at ptolemy.actor.Manager.iterate(Manager.java:851)
	at ptolemy.actor.Manager.execute(Manager.java:369)
	at ptolemy.actor.Manager.run(Manager.java:1263)
	at ptolemy.actor.Manager$PtolemyRunThread.run(Manager.java:1933)
java.lang.RuntimeException: Execution failed
	at ptolemy.moml.MoMLSimpleApplication$UnloadThread.run(MoMLSimpleApplication.java:402)
Caused by: ptolemy.kernel.util.IllegalActionException: Found a zero delay loop containing .HierarchicalModel.A
  in .HierarchicalModel and .HierarchicalModel.A
	at ptolemy.actor.util.CausalityInterfaceForComposites._computeOutputPortDepth(CausalityInterfaceForComposites.java:759)
	at ptolemy.actor.util.CausalityInterfaceForComposites._computeInputDepth(CausalityInterfaceForComposites.java:696)
	at ptolemy.actor.util.CausalityInterfaceForComposites._computeOutputPortDepth(CausalityInterfaceForComposites.java:765)
	at ptolemy.actor.util.CausalityInterfaceForComposites._computeInputDepth(CausalityInterfaceForComposites.java:696)
	at ptolemy.actor.util.CausalityInterfaceForComposites._computeOutputPortDepth(CausalityInterfaceForComposites.java:765)
	at ptolemy.actor.util.CausalityInterfaceForComposites._computeInputDepth(CausalityInterfaceForComposites.java:696)
	at ptolemy.actor.util.CausalityInterfaceForComposites._computeActorDepth(CausalityInterfaceForComposites.java:532)
	at ptolemy.actor.util.CausalityInterfaceForComposites.checkForCycles(CausalityInterfaceForComposites.java:96)
	at ptolemy.domains.de.kernel.DEDirector.preinitialize(DEDirector.java:1338)
	at ptolemy.actor.CompositeActor.preinitialize(CompositeActor.java:1828)
	at ptolemy.actor.Manager.preinitializeAndResolveTypes(Manager.java:1040)
	at ptolemy.actor.Manager.initialize(Manager.java:710)
	at ptolemy.actor.Manager.execute(Manager.java:356)
	at ptolemy.actor.Manager.run(Manager.java:1263)
	at ptolemy.actor.Manager$PtolemyRunThread.run(Manager.java:1933)
java.lang.reflect.InvocationTargetException
	at java.base/jdk.internal.reflect.NativeConstructorAccessorImpl.newInstance0(Native Method)
	at java.base/jdk.internal.reflect.NativeConstructorAccessorImpl.newInstance(NativeConstructorAccessorImpl.java:62)
	at java.base/jdk.internal.reflect.DelegatingConstructorAccessorImpl.newInstance(DelegatingConstructorAccessorImpl.java:45)
	at java.base/java.lang.reflect.Constructor.newInstance(Constructor.java:490)
	at ptolemy.util.test.junit.AutoKnownFailedTests.RunModel(AutoKnownFailedTests.java:105)
	at java.base/jdk.internal.reflect.NativeMethodAccessorImpl.invoke0(Native Method)
	at java.base/jdk.internal.reflect.NativeMethodAccessorImpl.invoke(NativeMethodAccessorImpl.java:62)
	at java.base/jdk.internal.reflect.DelegatingMethodAccessorImpl.invoke(DelegatingMethodAccessorImpl.java:43)
	at java.base/java.lang.reflect.Method.invoke(Method.java:566)
	at org.junit.runners.model.FrameworkMethod$1.runReflectiveCall(FrameworkMethod.java:44)
	at org.junit.internal.runners.model.ReflectiveCallable.run(ReflectiveCallable.java:15)
	at org.junit.runners.model.FrameworkMethod.invokeExplosively(FrameworkMethod.java:41)
	at junitparams.internal.InvokeParameterisedMethod.evaluate(InvokeParameterisedMethod.java:102)
	at org.junit.internal.runners.statements.FailOnTimeout$1.run(FailOnTimeout.java:28)
Caused by: ptolemy.kernel.util.IllegalActionException: Found a zero delay loop containing .HierarchicalModel.A
  in .HierarchicalModel and .HierarchicalModel.A
	at ptolemy.actor.util.CausalityInterfaceForComposites._computeOutputPortDepth(CausalityInterfaceForComposites.java:759)
	at ptolemy.actor.util.CausalityInterfaceForComposites._computeInputDepth(CausalityInterfaceForComposites.java:696)
	at ptolemy.actor.util.CausalityInterfaceForComposites._computeOutputPortDepth(CausalityInterfaceForComposites.java:765)
	at ptolemy.actor.util.CausalityInterfaceForComposites._computeInputDepth(CausalityInterfaceForComposites.java:696)
	at ptolemy.actor.util.CausalityInterfaceForComposites._computeOutputPortDepth(CausalityInterfaceForComposites.java:765)
	at ptolemy.actor.util.CausalityInterfaceForComposites._computeInputDepth(CausalityInterfaceForComposites.java:696)
	at ptolemy.actor.util.CausalityInterfaceForComposites._computeActorDepth(CausalityInterfaceForComposites.java:532)
	at ptolemy.actor.util.CausalityInterfaceForComposites.checkForCycles(CausalityInterfaceForComposites.java:96)
	at ptolemy.domains.de.kernel.DEDirector.preinitialize(DEDirector.java:1338)
	at ptolemy.actor.CompositeActor.preinitialize(CompositeActor.java:1828)
	at ptolemy.actor.Manager.preinitializeAndResolveTypes(Manager.java:1040)
	at ptolemy.actor.Manager.initialize(Manager.java:710)
	at ptolemy.actor.Manager.execute(Manager.java:356)
	at ptolemy.actor.Manager.run(Manager.java:1263)
	at ptolemy.actor.Manager$PtolemyRunThread.run(Manager.java:1933)
java.lang.RuntimeException: Execution failed
	at ptolemy.moml.MoMLSimpleApplication$UnloadThread.run(MoMLSimpleApplication.java:402)
Caused by: ptolemy.kernel.util.IllegalActionException: Found a zero delay loop containing .dependencyLoop.original
  in .dependencyLoop and .dependencyLoop.original
	at ptolemy.actor.util.CausalityInterfaceForComposites._computeOutputPortDepth(CausalityInterfaceForComposites.java:759)
	at ptolemy.actor.util.CausalityInterfaceForComposites._computeInputDepth(CausalityInterfaceForComposites.java:696)
	at ptolemy.actor.util.CausalityInterfaceForComposites._computeOutputPortDepth(CausalityInterfaceForComposites.java:765)
	at ptolemy.actor.util.CausalityInterfaceForComposites._computeInputDepth(CausalityInterfaceForComposites.java:696)
	at ptolemy.actor.util.CausalityInterfaceForComposites._computeOutputPortDepth(CausalityInterfaceForComposites.java:765)
	at ptolemy.actor.util.CausalityInterfaceForComposites._computeInputDepth(CausalityInterfaceForComposites.java:696)
	at ptolemy.actor.util.CausalityInterfaceForComposites._computeActorDepth(CausalityInterfaceForComposites.java:532)
	at ptolemy.actor.util.CausalityInterfaceForComposites.checkForCycles(CausalityInterfaceForComposites.java:96)
	at ptolemy.domains.de.kernel.DEDirector.preinitialize(DEDirector.java:1338)
	at ptolemy.actor.CompositeActor.preinitialize(CompositeActor.java:1828)
	at ptolemy.actor.Manager.preinitializeAndResolveTypes(Manager.java:1040)
	at ptolemy.actor.Manager.initialize(Manager.java:710)
	at ptolemy.actor.Manager.execute(Manager.java:356)
	at ptolemy.actor.Manager.run(Manager.java:1263)
	at ptolemy.actor.Manager$PtolemyRunThread.run(Manager.java:1933)
java.lang.reflect.InvocationTargetException
	at java.base/jdk.internal.reflect.NativeConstructorAccessorImpl.newInstance0(Native Method)
	at java.base/jdk.internal.reflect.NativeConstructorAccessorImpl.newInstance(NativeConstructorAccessorImpl.java:62)
	at java.base/jdk.internal.reflect.DelegatingConstructorAccessorImpl.newInstance(DelegatingConstructorAccessorImpl.java:45)
	at java.base/java.lang.reflect.Constructor.newInstance(Constructor.java:490)
	at ptolemy.util.test.junit.AutoKnownFailedTests.RunModel(AutoKnownFailedTests.java:105)
	at java.base/jdk.internal.reflect.NativeMethodAccessorImpl.invoke0(Native Method)
	at java.base/jdk.internal.reflect.NativeMethodAccessorImpl.invoke(NativeMethodAccessorImpl.java:62)
	at java.base/jdk.internal.reflect.DelegatingMethodAccessorImpl.invoke(DelegatingMethodAccessorImpl.java:43)
	at java.base/java.lang.reflect.Method.invoke(Method.java:566)
	at org.junit.runners.model.FrameworkMethod$1.runReflectiveCall(FrameworkMethod.java:44)
	at org.junit.internal.runners.model.ReflectiveCallable.run(ReflectiveCallable.java:15)
	at org.junit.runners.model.FrameworkMethod.invokeExplosively(FrameworkMethod.java:41)
	at junitparams.internal.InvokeParameterisedMethod.evaluate(InvokeParameterisedMethod.java:102)
	at org.junit.internal.runners.statements.FailOnTimeout$1.run(FailOnTimeout.java:28)
Caused by: ptolemy.kernel.util.IllegalActionException: Found a zero delay loop containing .dependencyLoop.original
  in .dependencyLoop and .dependencyLoop.original
	at ptolemy.actor.util.CausalityInterfaceForComposites._computeOutputPortDepth(CausalityInterfaceForComposites.java:759)
	at ptolemy.actor.util.CausalityInterfaceForComposites._computeInputDepth(CausalityInterfaceForComposites.java:696)
	at ptolemy.actor.util.CausalityInterfaceForComposites._computeOutputPortDepth(CausalityInterfaceForComposites.java:765)
	at ptolemy.actor.util.CausalityInterfaceForComposites._computeInputDepth(CausalityInterfaceForComposites.java:696)
	at ptolemy.actor.util.CausalityInterfaceForComposites._computeOutputPortDepth(CausalityInterfaceForComposites.java:765)
	at ptolemy.actor.util.CausalityInterfaceForComposites._computeInputDepth(CausalityInterfaceForComposites.java:696)
	at ptolemy.actor.util.CausalityInterfaceForComposites._computeActorDepth(CausalityInterfaceForComposites.java:532)
	at ptolemy.actor.util.CausalityInterfaceForComposites.checkForCycles(CausalityInterfaceForComposites.java:96)
	at ptolemy.domains.de.kernel.DEDirector.preinitialize(DEDirector.java:1338)
	at ptolemy.actor.CompositeActor.preinitialize(CompositeActor.java:1828)
	at ptolemy.actor.Manager.preinitializeAndResolveTypes(Manager.java:1040)
	at ptolemy.actor.Manager.initialize(Manager.java:710)
	at ptolemy.actor.Manager.execute(Manager.java:356)
	at ptolemy.actor.Manager.run(Manager.java:1263)
	at ptolemy.actor.Manager$PtolemyRunThread.run(Manager.java:1933)
java.lang.RuntimeException: Execution failed
	at ptolemy.moml.MoMLSimpleApplication$UnloadThread.run(MoMLSimpleApplication.java:402)
Caused by: ptolemy.kernel.util.IllegalActionException: Found a zero delay loop containing .dependencyLoop2.original
  in .dependencyLoop2 and .dependencyLoop2.original
	at ptolemy.actor.util.CausalityInterfaceForComposites._computeOutputPortDepth(CausalityInterfaceForComposites.java:759)
	at ptolemy.actor.util.CausalityInterfaceForComposites._computeInputDepth(CausalityInterfaceForComposites.java:696)
	at ptolemy.actor.util.CausalityInterfaceForComposites._computeOutputPortDepth(CausalityInterfaceForComposites.java:765)
	at ptolemy.actor.util.CausalityInterfaceForComposites._computeInputDepth(CausalityInterfaceForComposites.java:696)
	at ptolemy.actor.util.CausalityInterfaceForComposites._computeOutputPortDepth(CausalityInterfaceForComposites.java:765)
	at ptolemy.actor.util.CausalityInterfaceForComposites._computeInputDepth(CausalityInterfaceForComposites.java:696)
	at ptolemy.actor.util.CausalityInterfaceForComposites._computeActorDepth(CausalityInterfaceForComposites.java:532)
	at ptolemy.actor.util.CausalityInterfaceForComposites.checkForCycles(CausalityInterfaceForComposites.java:96)
	at ptolemy.domains.de.kernel.DEDirector.preinitialize(DEDirector.java:1338)
	at ptolemy.actor.CompositeActor.preinitialize(CompositeActor.java:1828)
	at ptolemy.actor.Manager.preinitializeAndResolveTypes(Manager.java:1040)
	at ptolemy.actor.Manager.initialize(Manager.java:710)
	at ptolemy.actor.Manager.execute(Manager.java:356)
	at ptolemy.actor.Manager.run(Manager.java:1263)
	at ptolemy.actor.Manager$PtolemyRunThread.run(Manager.java:1933)
java.lang.reflect.InvocationTargetException
	at java.base/jdk.internal.reflect.NativeConstructorAccessorImpl.newInstance0(Native Method)
	at java.base/jdk.internal.reflect.NativeConstructorAccessorImpl.newInstance(NativeConstructorAccessorImpl.java:62)
	at java.base/jdk.internal.reflect.DelegatingConstructorAccessorImpl.newInstance(DelegatingConstructorAccessorImpl.java:45)
	at java.base/java.lang.reflect.Constructor.newInstance(Constructor.java:490)
	at ptolemy.util.test.junit.AutoKnownFailedTests.RunModel(AutoKnownFailedTests.java:105)
	at java.base/jdk.internal.reflect.NativeMethodAccessorImpl.invoke0(Native Method)
	at java.base/jdk.internal.reflect.NativeMethodAccessorImpl.invoke(NativeMethodAccessorImpl.java:62)
	at java.base/jdk.internal.reflect.DelegatingMethodAccessorImpl.invoke(DelegatingMethodAccessorImpl.java:43)
	at java.base/java.lang.reflect.Method.invoke(Method.java:566)
	at org.junit.runners.model.FrameworkMethod$1.runReflectiveCall(FrameworkMethod.java:44)
	at org.junit.internal.runners.model.ReflectiveCallable.run(ReflectiveCallable.java:15)
	at org.junit.runners.model.FrameworkMethod.invokeExplosively(FrameworkMethod.java:41)
	at junitparams.internal.InvokeParameterisedMethod.evaluate(InvokeParameterisedMethod.java:102)
	at org.junit.internal.runners.statements.FailOnTimeout$1.run(FailOnTimeout.java:28)
Caused by: ptolemy.kernel.util.IllegalActionException: Found a zero delay loop containing .dependencyLoop2.original
  in .dependencyLoop2 and .dependencyLoop2.original
	at ptolemy.actor.util.CausalityInterfaceForComposites._computeOutputPortDepth(CausalityInterfaceForComposites.java:759)
	at ptolemy.actor.util.CausalityInterfaceForComposites._computeInputDepth(CausalityInterfaceForComposites.java:696)
	at ptolemy.actor.util.CausalityInterfaceForComposites._computeOutputPortDepth(CausalityInterfaceForComposites.java:765)
	at ptolemy.actor.util.CausalityInterfaceForComposites._computeInputDepth(CausalityInterfaceForComposites.java:696)
	at ptolemy.actor.util.CausalityInterfaceForComposites._computeOutputPortDepth(CausalityInterfaceForComposites.java:765)
	at ptolemy.actor.util.CausalityInterfaceForComposites._computeInputDepth(CausalityInterfaceForComposites.java:696)
	at ptolemy.actor.util.CausalityInterfaceForComposites._computeActorDepth(CausalityInterfaceForComposites.java:532)
	at ptolemy.actor.util.CausalityInterfaceForComposites.checkForCycles(CausalityInterfaceForComposites.java:96)
	at ptolemy.domains.de.kernel.DEDirector.preinitialize(DEDirector.java:1338)
	at ptolemy.actor.CompositeActor.preinitialize(CompositeActor.java:1828)
	at ptolemy.actor.Manager.preinitializeAndResolveTypes(Manager.java:1040)
	at ptolemy.actor.Manager.initialize(Manager.java:710)
	at ptolemy.actor.Manager.execute(Manager.java:356)
	at ptolemy.actor.Manager.run(Manager.java:1263)
	at ptolemy.actor.Manager$PtolemyRunThread.run(Manager.java:1933)
]]></system-err>
</testsuite>
