<?xml version="1.0" encoding="UTF-8" ?>
<testsuite errors="0" failures="0" hostname="travis-job-3b296f6d-e112-437a-826a-92ffb611a13a" name="ptolemy.domains.de.test.junit.JUnitTclTest" skipped="0" tests="101" time="119.896" timestamp="2020-03-07T21:59:35">
  <properties>
    <property name="npm.executable" value="npm" />
    <property name="env.TRAVIS_ROOT" value="/" />
    <property name="ptII.mk.exists" value="true" />
    <property name="env.TRAVIS_APP_HOST" value="build.travis-ci.org" />
    <property name="env.rvm_bin_path" value="/home/travis/.rvm/bin" />
    <property name="java.home" value="/usr/local/lib/jvm/openjdk11" />
    <property name="env.TRAVIS_JOB_NUMBER" value="1559.9" />
    <property name="env.TRAVIS_HOME" value="/home/travis" />
    <property name="env.DISPLAY" value=":99.0" />
    <property name="env.TRAVIS_INIT" value="systemd" />
    <property name="env.SSH_TTY" value="/dev/pts/0" />
    <property name="java.net.preferIPv4Stack" value="true" />
    <property name="env.RUN_TESTS" value="true" />
    <property name="timeout.short" value="1000000" />
    <property name="junit.formatter" value="xml" />
    <property name="env.TRAVIS_SUDO" value="true" />
    <property name="env.TRAVIS_JOB_NAME" value="" />
    <property name="env.TRAVIS_STACK_NODE_ATTRIBUTES" value="/.node-attributes.yml" />
    <property name="env.LOGNAME" value="travis" />
    <property name="jsdoc.home" value="node_modules/@terraswarm/jsdoc" />
    <property name="debuglevel" value="source,lines,vars" />
    <property name="checkstyle.formatter" value="xml" />
    <property name="env._system_version" value="16.04" />
    <property name="bin.vergil.makeable" value="true" />
    <property name="sun.os.patch.level" value="unknown" />
    <property name="java.vendor.url" value="http://java.oracle.com/" />
    <property name="env.TRAVIS_BUILD_WEB_URL" value="https://travis-ci.org/icyphy/ptII/builds/659639988" />
    <property name="java.version" value="11.0.2" />
    <property name="env.TZ" value="UTC" />
    <property name="env.TRAVIS_PULL_REQUEST_SHA" value="" />
    <property name="env.PT_NO_NET" value="true" />
    <property name="env.TRAVIS_SECURE_ENV_VARS" value="true" />
    <property name="env._system_type" value="Linux" />
    <property name="java.vendor.url.bug" value="http://bugreport.java.com/bugreport/" />
    <property name="npmjs-org-is-up" value="true" />
    <property name="env.LANGUAGE" value="en_US.UTF-8" />
    <property name="env.SSH_CLIENT" value="10.16.1.36 49962 22" />
    <property name="env.GEM_HOME" value="/home/travis/.rvm/gems/ruby-2.5.3" />
    <property name="env.HAS_ANTARES_THREE_LITTLE_FRONZIES_BADGE" value="true" />
    <property name="java.version.date" value="2019-01-15" />
    <property name="env.PS4" value="+" />
    <property name="ant.project.invoked-targets" value="build,test.core2.xml" />
    <property name="env.TRAVIS_PULL_REQUEST_BRANCH" value="" />
    <property name="env.TRAVIS_REPO_SLUG" value="icyphy/ptII" />
    <property name="env.XDG_DATA_DIRS" value="/usr/local/share:/usr/share:/var/lib/snapd/desktop" />
    <property name="jdk.debug" value="release" />
    <property name="env.TRAVIS_APT_PROXY" value="http://build-cache.travisci.net" />
    <property name="env.TRAVIS_CPU_ARCH" value="amd64" />
    <property name="node.in.path" value="true" />
    <property name="user.name" value="travis" />
    <property name="java.maxmemory" value="1400m" />
    <property name="env.RUBY_VERSION" value="ruby-2.5.3" />
    <property name="env.LANG" value="en_US.UTF-8" />
    <property name="sun.io.unicode.encoding" value="UnicodeLittle" />
    <property name="sun.jnu.encoding" value="UTF-8" />
    <property name="java.runtime.name" value="OpenJDK Runtime Environment" />
    <property name="usefile" value="false" />
    <property name="return.code" value="0" />
    <property name="junit.single.formatter" value="plain" />
    <property name="env.DYLD_LIBRARY_PATH" value="/home/travis/pthla/certi-tools/lib:" />
    <property name="env.DEBIAN_FRONTEND" value="noninteractive" />
    <property name="env.SSH_CONNECTION" value="10.16.1.36 49962 10.20.255.37 22" />
    <property name="env.MYSQL_UNIX_PORT" value="/var/run/mysqld/mysqld.sock" />
    <property name="env.LC_ALL" value="en_US.UTF-8" />
    <property name="env.TRAVIS_ALLOW_FAILURE" value="false" />
    <property name="env.TRAVIS_JOB_WEB_URL" value="https://travis-ci.org/icyphy/ptII/jobs/659640001" />
    <property name="java.specification.name" value="Java Platform API Specification" />
    <property name="node.works" value="true" />
    <property name="user.timezone" value="" />
    <property name="path.separator" value=":" />
    <property name="env.TRAVIS_ENABLE_INFRA_DETECTION" value="true" />
    <property name="env.PYTHON_CFLAGS" value="-g -fstack-protector --param=ssp-buffer-size=4 -Wformat -Werror=format-security" />
    <property name="timeout.long" value="4000000" />
    <property name="env.CERTI_HOME" value="/home/travis/pthla/certi-tools" />
    <property name="ant.file.ptII" value="/home/travis/build/icyphy/ptII/build.xml" />
    <property name="javadoc.packagenames" value="com.*,diva.*,lbnl.*,org.hlacerti.*,org.json.*,org.ptolemy.*,org.terraswarm.*,ptolemy.*,ptserver.*" />
    <property name="file.encoding" value="UTF-8" />
    <property name="env.TRAVIS_PULL_REQUEST_SLUG" value="" />
    <property name="ant.project.default-target" value="build" />
    <property name="env.GIT_ASKPASS" value="echo" />
    <property name="env.HOME" value="/home/travis" />
    <property name="sun.java.command" value="org.apache.tools.ant.taskdefs.optional.junit.JUnitTestRunner ptolemy.domains.de.test.junit.JUnitTclTest skipNonTests=false filtertrace=true haltOnError=false haltOnFailure=false formatter=org.apache.tools.ant.taskdefs.optional.junit.OutErrSummaryJUnitResultFormatter showoutput=true outputtoformatters=true logfailedtests=true threadid=0 logtestlistenerevents=false formatter=org.apache.tools.ant.taskdefs.optional.junit.XMLJUnitResultFormatter,/home/travis/build/icyphy/ptII/reports/junit/TEST-ptolemy.domains.de.test.junit.JUnitTclTest.xml crashfile=/home/travis/build/icyphy/ptII/junitvmwatcher9015503727122656048.properties propsfile=/home/travis/build/icyphy/ptII/junit12393628819455042452.properties" />
    <property name="env.COMPOSER_NO_INTERACTION" value="1" />
    <property name="env.MANPATH" value="/home/travis/.nvm/versions/node/v7.10.1/share/man:/home/travis/.rvm/rubies/ruby-2.5.3/share/man:/usr/local/cmake-3.12.4/man:/usr/local/clang-7.0.0/share/man:/usr/local/man:/usr/local/share/man:/usr/share/man:/home/travis/.rvm/man" />
    <property name="env.TRAVIS_TIMER_ID" value="069d72a1" />
    <property name="ant.file" value="/home/travis/build/icyphy/ptII/build.xml" />
    <property name="env.TRAVIS_COMMIT_RANGE" value="78cc2700c172...b3830017b506" />
    <property name="env._system_name" value="Ubuntu" />
    <property name="ptII.classpath.optional.property" value="/home/travis/build/icyphy/ptII/lib/bsh-2.0b4.jar:/home/travis/build/icyphy/ptII/lib/ptCal.jar:/home/travis/build/icyphy/ptII/lib/java_cup.jar:/home/travis/build/icyphy/ptII/lib/saxon8.jar:/home/travis/build/icyphy/ptII/lib/saxon8-dom.jar:/home/travis/build/icyphy/ptII/lib/chic.jar:/home/travis/build/icyphy/ptII/lib/ptcolt.jar:/home/travis/build/icyphy/ptII/vendors/misc/itext/iText.jar:/home/travis/build/icyphy/ptII/lib/g4ltl.jar:/home/travis/build/icyphy/ptII/lib/StructuralCoder.jar:/home/travis/build/icyphy/ptII/lib/jcerti.jar:/home/travis/build/icyphy/ptII/lib/javax.mail.jar:/home/travis/build/icyphy/ptII/vendors/JMF-2.1.1e/lib/jmf.jar:/home/travis/build/icyphy/ptII/lib/jna-4.0.0-variadic.jar:/home/travis/build/icyphy/ptII/vendors/misc/joystick/Joystick.jar:/home/travis/build/icyphy/ptII/lib/ptjacl.jar:/home/travis/build/icyphy/ptII/lib/jsoup-1.8.2.jar:/home/travis/build/icyphy/ptII/lib/junit-4.8.2.jar:/home/travis/build/icyphy/ptII/lib/JUnitParams-0.4.0.jar:/home/travis/build/icyphy/ptII/ptolemy/actor/lib/excel/jxl.jar:/home/travis/build/icyphy/ptII/lib/jython.jar:/home/travis/build/icyphy/ptII/lib/kieler.jar:/home/travis/build/icyphy/ptII/vendors/opencv/share/OpenCV/java/opencv-341.jar:/home/travis/build/icyphy/ptII/lib/oscP5.jar:/home/travis/build/icyphy/ptII/lib/nrjavaserial-3.11.0.devel.jar:/home/travis/build/icyphy/ptII/vendors/j3d/lib/Linux/j3dcore.jar:/home/travis/build/icyphy/ptII/vendors/j3d/lib/Linux/j3dutils.jar:/home/travis/build/icyphy/ptII/vendors/j3d/lib/Linux/vecmath.jar:/home/travis/build/icyphy/ptII/vendors/jogl/lib/Linux/gluegen-rt-natives-linux-amd64.jar:/home/travis/build/icyphy/ptII/vendors/jogl/lib/Linux/gluegen-rt.jar:/home/travis/build/icyphy/ptII/vendors/jogl/lib/Linux/jogl-all-natives-linux-amd64.jar:/home/travis/build/icyphy/ptII/vendors/jogl/lib/Linux/jogl-all.jar:/home/travis/build/icyphy/ptII/ptolemy/distributed/jini/jar/jini-core.jar:/home/travis/build/icyphy/ptII/ptolemy/distributed/jini/jar/jini-ext.jar:/home/travis/build/icyphy/ptII/ptolemy/distributed/jini/jar/sun-util.jar:/home/travis/build/icyphy/ptII/lib/protobuf-java-2.4.1.jar:/home/travis/build/icyphy/ptII/lib/org.eclipse.paho.client.mqttv3.jar:/home/travis/build/icyphy/ptII/lib/mapss.jar:/home/travis/build/icyphy/ptII/ptolemy/actor/ptalon/antlr/antlr.jar:/home/travis/build/icyphy/ptII/lib/JRI.jar:/home/travis/build/icyphy/ptII/lib/commons-lang-2.6.jar:/home/travis/build/icyphy/ptII/lib/commons-logging-1.1.1.jar:/home/travis/build/icyphy/ptII/lib/sootclasses.jar:/home/travis/build/icyphy/ptII/ptolemy/actor/lib/database/mysql-connector-java-5.1.6-bin.jar:/home/travis/build/icyphy/ptII/vendors/misc/sphinx4/sphinx4-data-5prealpha.jar:/home/travis/build/icyphy/ptII/vendors/misc/sphinx4/sphinx4-core-5prealpha.jar:/home/travis/build/icyphy/ptII/lib/PDFRenderer.jar:/home/travis/build/icyphy/ptII/lib/svgSalamander.jar:/home/travis/build/icyphy/ptII/lib/rsyntaxtextarea-2.6.0-SNAPSHOT.jar:/home/travis/build/icyphy/ptII/lib/hazelcast-3.8.2.jar:/home/travis/build/icyphy/ptII/lib/jackson-annotations-2.9.0.jar:/home/travis/build/icyphy/ptII/lib/jackson-core-2.9.3.jar:/home/travis/build/icyphy/ptII/lib/jackson-databind-2.9.3.jar:/home/travis/build/icyphy/ptII/lib/netty-buffer-4.1.19.Final.jar:/home/travis/build/icyphy/ptII/lib/netty-codec-4.1.19.Final.jar:/home/travis/build/icyphy/ptII/lib/netty-codec-dns-4.1.19.Final.jar:/home/travis/build/icyphy/ptII/lib/netty-codec-http-4.1.19.Final.jar:/home/travis/build/icyphy/ptII/lib/netty-codec-http2-4.1.19.Final.jar:/home/travis/build/icyphy/ptII/lib/netty-common-4.1.19.Final.jar:/home/travis/build/icyphy/ptII/lib/netty-handler-4.1.19.Final.jar:/home/travis/build/icyphy/ptII/lib/netty-resolver-4.1.19.Final.jar:/home/travis/build/icyphy/ptII/lib/netty-resolver-dns-4.1.19.Final.jar:/home/travis/build/icyphy/ptII/lib/netty-transport-4.1.19.Final.jar:/home/travis/build/icyphy/ptII/lib/vertx-codegen-3.5.1.jar:/home/travis/build/icyphy/ptII/lib/vertx-core-3.5.2-SNAPSHOT.jar:/home/travis/build/icyphy/ptII/lib/vertx-hazelcast-3.5.1.jar:/home/travis/build/icyphy/ptII/lib/vertx-lang-js-3.5.1.jar:/home/travis/build/icyphy/ptII/lib/vertx-service-proxy-3.5.1.jar:/home/travis/build/icyphy/ptII/lib/vertx-web-3.5.1.jar:/home/travis/build/icyphy/ptII/lib/slf4j-api-1.7.13.jar:/home/travis/build/icyphy/ptII/lib/slf4j-simple-1.7.13.jar:/home/travis/build/icyphy/ptII/lib/webcam-capture-0.3.12.jar:/home/travis/build/icyphy/ptII/lib/bridj-0.7.0.jar:/home/travis/build/icyphy/ptII/lib/xbjlib-1.1.0.nrjavaserial.jar" />
    <property name="timeout" value="2400000" />
    <property name="test.batch" value="**/junit/*.java" />
    <property name="env._" value="/usr/bin/timeout" />
    <property name="java.io.tmpdir" value="/tmp" />
    <property name="user.language" value="en" />
    <property name="env.TRAVIS_INTERNAL_RUBY_REGEX" value="^ruby-(2\.[0-4]\.[0-9]|1\.9\.3)" />
    <property name="env.HISTCONTROL" value="ignoredups:ignorespace" />
    <property name="env.GOROOT" value="/home/travis/.gimme/versions/go1.11.1.linux.amd64" />
    <property name="line.separator" value="&#xa;" />
    <property name="target" value="11" />
    <property name="env.TRAVIS_BUILD_DIR" value="/home/travis/build/icyphy/ptII" />
    <property name="env.ANT_OPTS" value="-Xmx2048m" />
    <property name="ant.file.type" value="file" />
    <property name="ptolemy.ptII.batchMode" value="true" />
    <property name="env.HISTSIZE" value="1000" />
    <property name="env.MERB_ENV" value="test" />
    <property name="java.vm.info" value="mixed mode" />
    <property name="source" value="11" />
    <property name="java.vm.specification.name" value="Java Virtual Machine Specification" />
    <property name="env.TRAVIS_TEST_RESULT" value="0" />
    <property name="jsdoc.command" value="node_modules/@terraswarm/jsdoc/jsdoc.js" />
    <property name="npm.works" value="true" />
    <property name="cobertura.dir" value="/home/travis/build/icyphy/ptII/vendors/cobertura-2.0.3" />
    <property name="jsdoc.command.exists" value="true" />
    <property name="env.rvm_path" value="/home/travis/.rvm" />
    <property name="env.GEM_PATH" value="/home/travis/.rvm/gems/ruby-2.5.3:/home/travis/.rvm/gems/ruby-2.5.3@global" />
    <property name="env.LC_CTYPE" value="en_US.UTF-8" />
    <property name="env.TRAVIS_CMD" value="$PTII/bin/ptIITravisBuild.sh $SECONDS" />
    <property name="java.awt.printerjob" value="sun.print.PSPrinterJob" />
    <property name="env.TRAVIS_STACK_NAME" value="sardonyx" />
    <property name="env.TRAVIS_TIMER_START_TIME" value="1583618169087071772" />
    <property name="ant.version" value="Apache Ant(TM) version 1.10.1 compiled on February 2 2017" />
    <property name="ptII.reports" value="/home/travis/build/icyphy/ptII/reports" />
    <property name="env.TRAVIS_STACK_TIMESTAMP" value="2019-03-25 16:16:56 UTC" />
    <property name="ant.file.type.ptII" value="file" />
    <property name="env.RBENV_SHELL" value="bash" />
    <property name="os.name" value="Linux" />
    <property name="java.specification.vendor" value="Oracle Corporation" />
    <property name="env.rvm_version" value="1.29.7 (latest)" />
    <property name="env.TRAVIS_INFRA" value="unknown" />
    <property name="env.TERM" value="xterm" />
    <property name="java.vm.name" value="OpenJDK 64-Bit Server VM" />
    <property name="env.TRAVIS_BUILD_NUMBER" value="1559" />
    <property name="env.CI" value="true" />
    <property name="java.library.path" value="/home/travis/pthla/certi-tools/lib:/usr/lib/jni:/usr/local/share/OpenCV/java/:/usr/share/OpenCV/java::/usr/java/packages/lib:/usr/lib64:/lib64:/lib:/usr/lib" />
    <property name="jdk.module.path" value="/home/travis/build/icyphy/ptII/vendors/javafx/javafx-sdk-11.0.2/lib:" />
    <property name="env.rvm_prefix" value="/home/travis" />
    <property name="env.PATH" value="/home/travis/pthla/certi-tools/share/scripts:/home/travis/.rvm/gems/ruby-2.5.3/bin:/home/travis/.rvm/gems/ruby-2.5.3@global/bin:/home/travis/.rvm/rubies/ruby-2.5.3/bin:/home/travis/.rvm/bin:/home/travis/.nvm/versions/node/v7.10.1/bin:./node_modules/.bin:/home/travis/build/icyphy/ptII/bin:/home/travis/pthla/certi-tools/bin:/home/travis/bin:/home/travis/.local/bin:/usr/local/lib/jvm/openjdk11/bin:/opt/pyenv/shims:/home/travis/.phpenv/shims:/home/travis/perl5/perlbrew/bin:/home/travis/gopath/bin:/home/travis/.gimme/versions/go1.11.1.linux.amd64/bin:/usr/local/maven-3.6.0/bin:/usr/local/cmake-3.12.4/bin:/usr/local/clang-7.0.0/bin:/usr/local/sbin:/usr/local/bin:/usr/sbin:/usr/bin:/sbin:/bin:/snap/bin:/home/travis/.phpenv/bin:/opt/pyenv/bin:/home/travis/.yarn/bin" />
    <property name="env.TRAVIS_OS_NAME" value="linux" />
    <property name="ant.java.version" value="9" />
    <property name="basedir" value="/home/travis/build/icyphy/ptII" />
    <property name="java.class.version" value="55.0" />
    <property name="env.SHLVL" value="3" />
    <property name="env.LD_LIBRARY_PATH" value="/home/travis/pthla/certi-tools/lib:/usr/lib/jni:/usr/local/share/OpenCV/java/:/usr/share/OpenCV/java:" />
    <property name="env.RACK_ENV" value="test" />
    <property name="ant.home" value="/home/travis/build/icyphy/ptII/ant" />
    <property name="env.NVM_DIR" value="/home/travis/.nvm" />
    <property name="env.CERTI_FOM_PATH" value="/home/travis/pthla/certi-tools/share/federations" />
    <property name="env.TRAVIS_BUILD_ID" value="659639988" />
    <property name="env.PYENV_ROOT" value="/opt/pyenv" />
    <property name="env.TRAVIS_UID" value="2000" />
    <property name="prism.verbose" value="true" />
    <property name="env.NVM_BIN" value="/home/travis/.nvm/versions/node/v7.10.1/bin" />
    <property name="env.TRAVIS_COMMIT" value="b3830017b506ae3a4770cb5aeb9b6f32abe15293" />
    <property name="env._system_arch" value="x86_64" />
    <property name="node.executable" value="node" />
    <property name="sun.boot.library.path" value="/usr/local/lib/jvm/openjdk11/lib" />
    <property name="sun.management.compiler" value="HotSpot 64-Bit Tiered Compilers" />
    <property name="java.awt.graphicsenv" value="sun.awt.X11GraphicsEnvironment" />
    <property name="env.GOPATH" value="/home/travis/gopath" />
    <property name="ptolemy.ptII.dir" value="/home/travis/build/icyphy/ptII" />
    <property name="env.USER" value="travis" />
    <property name="env.HISTFILESIZE" value="2000" />
    <property name="env.NVM_INC" value="/home/travis/.nvm/versions/node/v7.10.1/include/node" />
    <property name="timeout.longest" value="19000000" />
    <property name="env.PERLBREW_SHELLRC_VERSION" value="0.86" />
    <property name="env.TRAVIS_STACK_FEATURES" value="basic couchdb disabled-ipv6 docker docker-compose elasticsearch firefox go-toolchain google-chrome jdk memcached mongodb mysql nodejs_interpreter perl_interpreter perlbrew phantomjs postgresql python_interpreter redis ruby_interpreter sqlite xserver" />
    <property name="env.TRAVIS_PULL_REQUEST" value="false" />
    <property name="env.PYENV_SHELL" value="bash" />
    <property name="ant.project.name" value="ptII" />
    <property name="env.ANSI_RESET" value="\033[0m" />
    <property name="java.vm.specification.version" value="11" />
    <property name="env.TRAVIS_DIST" value="xenial" />
    <property name="env.CERTI_VERSION" value="4.0.0" />
    <property name="env.CERTI_HOST" value="localhost" />
    <property name="awt.toolkit" value="sun.awt.X11.XToolkit" />
    <property name="env.MY_RUBY_HOME" value="/home/travis/.rvm/rubies/ruby-2.5.3" />
    <property name="sun.cpu.isalist" value="" />
    <property name="env.TRAVIS_TMPDIR" value="/tmp/tmp.mpaxd6VUkG" />
    <property name="java.vm.compressedOopsMode" value="Zero based" />
    <property name="os.version" value="4.15.0-1028-gcp" />
    <property name="user.home" value="/home/travis" />
    <property name="java.vm.vendor" value="Oracle Corporation" />
    <property name="env.TRAVIS_TAG" value="nightly" />
    <property name="env.ANSI_YELLOW" value="\033[33;1m" />
    <property name="env.TRAVIS_FILTERED" value="redirect_io" />
    <property name="env.ANSI_GREEN" value="\033[32;1m" />
    <property name="env.JAVA_HOME" value="/usr/local/lib/jvm/openjdk11" />
    <property name="javadoc.excludepackagenames" value="adm.cvs2svn.*,build.*,config.*,doc.coding.templates.*,jni.test.jni.meaningOfLife.*,jni.test.jni.testDeux.*,jni.test.jni.testTrois.*,org.terraswarm.accessor.accessors.web.node_modules.*,org.terraswarm.accessor.accessors.web.hosts.cordova.demo.*,org.terraswarm.accessor.accessors.web.hosts.cordova.plugins.*,org.terraswarm.accessor.accessors-svn.*,pt-modules.*,ptolemy.apps.agilent.*,ptolemy.apps.anytimecontrol.*,ptolemy.apps.apes.*,ptolemy.apps.charon.*,ptolemy.apps.crazyboard.*,ptolemy.apps.eclipse.*,ptolemy.apps.etherealSting.*,ptolemy.apps.fullscreen.*,ptolemy.apps.giotto.*,ptolemy.apps.ia.*,ptolemy.apps.interfaces.*,ptolemy.apps.jmf.*,ptolemy.apps.kurt.*,ptolemy.apps.kvm.*,ptolemy.apps.lego.*,ptolemy.apps.lejos.*,ptolemy.apps.midp.*,ptolemy.apps.mobileCoding.*,ptolemy.apps.pendulum.*,ptolemy.apps.rijndael.*,ptolemy.apps.robot.*,ptolemy.apps.security.*,ptolemy.apps.sobel.*,ptolemy.apps.soot.*,ptolemy.apps.throttle.*,ptolemy.apps.tini.*,ptolemy.apps.transmission.*,ptolemy.apps.vergil.*,ptolemy.apps.waba.*,ptolemy.apps.websensor.*,ptolemy.apps.webstart.*,ptolemy.apps.xsl.*,ptolemy.apps.zaurus.*,ptolemy.codegen.c.actor.lib.oldJavaFiles.*,ptolemy.codegen.dsp.lib.*,ptolemy.codegen.kernel.newInterfaces.*,ptolemy.codegen.lib.*,ptolemy.copernicus.kernel.fragment.*,ptolemy.copernicus.shallow.cg.*,ptolemy.domains.giotto.demo.Hierarchy.Hierarchy.*,ptolemy.domains.giotto.demo.Multimode.Multimode.*,ptolemy.domains.giotto.demo.Simple.Simple.*,ptolemy.domains.gr.lib.experimental.*,ptolemy.domains.gro.*,ptolemy.domains.pdf.*,ptolemy.domains.ptinyos.demo.Surge.output.*,ptolemy.moml.test.NoPackageActor.java*,ptolemy.plot.adm.*,ptolemy.plot.servlet.*,reports.*,signed.*,src.*,target.*,vendors.*,ptolemy.copernicus.applet.*,ptolemy.media.viewer.*,ptolemy.actor.corba.*,doc.doclets.*,ptolemy.apps.eclipse.awt.*,ptolemy.backtrack.*,ptolemy.backtrack.ast.*,ptolemy.cg.adapter.generic.program.procedural.c.mbed*,ptolemy.homer.*,ptolemy.actor.lib.jai.*,org.ptolemy.scala.*,diva.util.java2d.svg.*,ptolemy.domains.ptinyos.*,ptolemy.actor.lib.fmi.fmipp.*,,org.terraswarm.accessor.accessors.web.node_modules.*,org.terraswarm.accessor.accessors-svn,ptolemy.apps.*,ptolemy.actor.ptalon.demo.ptinyos.SendAndReceiveCnt.output,ptolemy.actor.ptalon.demo.ptinyos.SenseToLeds.output,ptolemy.domains.ptinyos.demo.CntToLedsAndRfm.output,ptolemy.domains.ptinyos.demo.RfmToLeds.output,ptolemy.domains.ptinyos.demo.SendAndReceiveCnt.output,ptolemy.domains.ptinyos.demo.SenseToLeds.output,ptolemy.actor.lib.jjs.modules.udpSocket.*" />
    <property name="env.PTII" value="/home/travis/build/icyphy/ptII" />
    <property name="env.XDG_SESSION_ID" value="2" />
    <property name="keystore" value="ptKeystore" />
    <property name="env.TRAVIS_COMMIT_MESSAGE" value="Cleaning newModels1516e." />
    <property name="junit.output.dir" value="/home/travis/build/icyphy/ptII/reports/junit" />
    <property name="npm.return.code" value="0" />
    <property name="user.dir" value="/home/travis/build/icyphy/ptII/ptolemy/domains/de/test" />
    <property name="env.TRAVIS_NODE_VERSION" value="7" />
    <property name="env.TRAVIS_EVENT_TYPE" value="push" />
    <property name="env.MAIL" value="/var/mail/travis" />
    <property name="env.PERLBREW_ROOT" value="/home/travis/perl5/perlbrew" />
    <property name="env.PWD" value="/home/travis/build/icyphy/ptII" />
    <property name="timeout.npm" value="45000" />
    <property name="env.PT_TRAVIS_TEST_CORE2_XML" value="true" />
    <property name="env.TRAVIS_ARCH" value="amd64" />
    <property name="sun.cpu.endian" value="little" />
    <property name="env.PAGER" value="cat" />
    <property name="env.TRAVIS_BUILD_STAGE_NAME" value="Test" />
    <property name="env.PERLBREW_HOME" value="/home/travis/.perlbrew" />
    <property name="java.vm.version" value="11.0.2+9" />
    <property name="env.RAILS_ENV" value="test" />
    <property name="java.class.path" value="/home/travis/build/icyphy/ptII:/home/travis/build/icyphy/ptII/lib/bsh-2.0b4.jar:/home/travis/build/icyphy/ptII/lib/ptCal.jar:/home/travis/build/icyphy/ptII/lib/java_cup.jar:/home/travis/build/icyphy/ptII/lib/saxon8.jar:/home/travis/build/icyphy/ptII/lib/saxon8-dom.jar:/home/travis/build/icyphy/ptII/lib/chic.jar:/home/travis/build/icyphy/ptII/lib/ptcolt.jar:/home/travis/build/icyphy/ptII/vendors/misc/itext/iText.jar:/home/travis/build/icyphy/ptII/lib/g4ltl.jar:/home/travis/build/icyphy/ptII/lib/StructuralCoder.jar:/home/travis/build/icyphy/ptII/lib/jcerti.jar:/home/travis/build/icyphy/ptII/lib/javax.mail.jar:/home/travis/build/icyphy/ptII/vendors/JMF-2.1.1e/lib/jmf.jar:/home/travis/build/icyphy/ptII/lib/jna-4.0.0-variadic.jar:/home/travis/build/icyphy/ptII/vendors/misc/joystick/Joystick.jar:/home/travis/build/icyphy/ptII/lib/ptjacl.jar:/home/travis/build/icyphy/ptII/lib/jsoup-1.8.2.jar:/home/travis/build/icyphy/ptII/lib/junit-4.8.2.jar:/home/travis/build/icyphy/ptII/lib/JUnitParams-0.4.0.jar:/home/travis/build/icyphy/ptII/ptolemy/actor/lib/excel/jxl.jar:/home/travis/build/icyphy/ptII/lib/jython.jar:/home/travis/build/icyphy/ptII/lib/kieler.jar:/home/travis/build/icyphy/ptII/vendors/opencv/share/OpenCV/java/opencv-341.jar:/home/travis/build/icyphy/ptII/lib/oscP5.jar:/home/travis/build/icyphy/ptII/lib/nrjavaserial-3.11.0.devel.jar:/home/travis/build/icyphy/ptII/vendors/j3d/lib/Linux/j3dcore.jar:/home/travis/build/icyphy/ptII/vendors/j3d/lib/Linux/j3dutils.jar:/home/travis/build/icyphy/ptII/vendors/j3d/lib/Linux/vecmath.jar:/home/travis/build/icyphy/ptII/vendors/jogl/lib/Linux/gluegen-rt-natives-linux-amd64.jar:/home/travis/build/icyphy/ptII/vendors/jogl/lib/Linux/gluegen-rt.jar:/home/travis/build/icyphy/ptII/vendors/jogl/lib/Linux/jogl-all-natives-linux-amd64.jar:/home/travis/build/icyphy/ptII/vendors/jogl/lib/Linux/jogl-all.jar:/home/travis/build/icyphy/ptII/ptolemy/distributed/jini/jar/jini-core.jar:/home/travis/build/icyphy/ptII/ptolemy/distributed/jini/jar/jini-ext.jar:/home/travis/build/icyphy/ptII/ptolemy/distributed/jini/jar/sun-util.jar:/home/travis/build/icyphy/ptII/lib/protobuf-java-2.4.1.jar:/home/travis/build/icyphy/ptII/lib/org.eclipse.paho.client.mqttv3.jar:/home/travis/build/icyphy/ptII/lib/mapss.jar:/home/travis/build/icyphy/ptII/ptolemy/actor/ptalon/antlr/antlr.jar:/home/travis/build/icyphy/ptII/lib/JRI.jar:/home/travis/build/icyphy/ptII/lib/commons-lang-2.6.jar:/home/travis/build/icyphy/ptII/lib/commons-logging-1.1.1.jar:/home/travis/build/icyphy/ptII/lib/sootclasses.jar:/home/travis/build/icyphy/ptII/ptolemy/actor/lib/database/mysql-connector-java-5.1.6-bin.jar:/home/travis/build/icyphy/ptII/vendors/misc/sphinx4/sphinx4-data-5prealpha.jar:/home/travis/build/icyphy/ptII/vendors/misc/sphinx4/sphinx4-core-5prealpha.jar:/home/travis/build/icyphy/ptII/lib/PDFRenderer.jar:/home/travis/build/icyphy/ptII/lib/svgSalamander.jar:/home/travis/build/icyphy/ptII/lib/rsyntaxtextarea-2.6.0-SNAPSHOT.jar:/home/travis/build/icyphy/ptII/lib/hazelcast-3.8.2.jar:/home/travis/build/icyphy/ptII/lib/jackson-annotations-2.9.0.jar:/home/travis/build/icyphy/ptII/lib/jackson-core-2.9.3.jar:/home/travis/build/icyphy/ptII/lib/jackson-databind-2.9.3.jar:/home/travis/build/icyphy/ptII/lib/netty-buffer-4.1.19.Final.jar:/home/travis/build/icyphy/ptII/lib/netty-codec-4.1.19.Final.jar:/home/travis/build/icyphy/ptII/lib/netty-codec-dns-4.1.19.Final.jar:/home/travis/build/icyphy/ptII/lib/netty-codec-http-4.1.19.Final.jar:/home/travis/build/icyphy/ptII/lib/netty-codec-http2-4.1.19.Final.jar:/home/travis/build/icyphy/ptII/lib/netty-common-4.1.19.Final.jar:/home/travis/build/icyphy/ptII/lib/netty-handler-4.1.19.Final.jar:/home/travis/build/icyphy/ptII/lib/netty-resolver-4.1.19.Final.jar:/home/travis/build/icyphy/ptII/lib/netty-resolver-dns-4.1.19.Final.jar:/home/travis/build/icyphy/ptII/lib/netty-transport-4.1.19.Final.jar:/home/travis/build/icyphy/ptII/lib/vertx-codegen-3.5.1.jar:/home/travis/build/icyphy/ptII/lib/vertx-core-3.5.2-SNAPSHOT.jar:/home/travis/build/icyphy/ptII/lib/vertx-hazelcast-3.5.1.jar:/home/travis/build/icyphy/ptII/lib/vertx-lang-js-3.5.1.jar:/home/travis/build/icyphy/ptII/lib/vertx-service-proxy-3.5.1.jar:/home/travis/build/icyphy/ptII/lib/vertx-web-3.5.1.jar:/home/travis/build/icyphy/ptII/lib/slf4j-api-1.7.13.jar:/home/travis/build/icyphy/ptII/lib/slf4j-simple-1.7.13.jar:/home/travis/build/icyphy/ptII/lib/webcam-capture-0.3.12.jar:/home/travis/build/icyphy/ptII/lib/bridj-0.7.0.jar:/home/travis/build/icyphy/ptII/lib/xbjlib-1.1.0.nrjavaserial.jar:/home/travis/build/icyphy/ptII/ptolemy/moml/test:/home/travis/build/icyphy/ptII/ant/lib/ant-launcher.jar:/home/travis/build/icyphy/ptII/ant/lib/ant.jar:/home/travis/build/icyphy/ptII/ant/lib/ant-junit.jar:/home/travis/build/icyphy/ptII/ant/lib/ant-junit4.jar" />
    <property name="ant.library.dir" value="/home/travis/build/icyphy/ptII/ant/lib" />
    <property name="os.arch" value="amd64" />
    <property name="env.CONTINUOUS_INTEGRATION" value="true" />
    <property name="env.TRAVIS_LANGUAGE" value="node_js" />
    <property name="env.TRAVIS_STACK_LANGUAGES" value="__sardonyx__ c c++ clojure cplusplus cpp default generic go groovy java node_js php pure_java python ruby scala" />
    <property name="test.name" value="ptolemy.actor.lib.test.junit.JUnitTclTest" />
    <property name="env.APT_KEY_DONT_WARN_ON_DANGEROUS_USAGE" value="1" />
    <property name="sun.java.launcher" value="SUN_STANDARD" />
    <property name="env.PYTHON_CONFIGURE_OPTS" value="--enable-unicode=ucs4 --with-wide-unicode --enable-shared --enable-ipv6 --enable-loadable-sqlite-extensions --with-computed-gotos" />
    <property name="ant.core.lib" value="/home/travis/build/icyphy/ptII/ant/lib/ant.jar" />
    <property name="java.vm.specification.vendor" value="Oracle Corporation" />
    <property name="env.BCVTB_HOME" value="/home/travis/build/icyphy/ptII/lbnl" />
    <property name="file.separator" value="/" />
    <property name="spotbugs.home" value="/home/travis/build/icyphy/ptII/vendors/spotbugs-3.1.1" />
    <property name="java.runtime.version" value="11.0.2+9" />
    <property name="env.ANSI_CLEAR" value="\033[0K" />
    <property name="javafx.verbose" value="true" />
    <property name="env.HAS_JOSH_K_SEAL_OF_APPROVAL" value="true" />
    <property name="env.XDG_RUNTIME_DIR" value="/run/user/2000" />
    <property name="env.TRAVIS_OSX_IMAGE" value="" />
    <property name="env.TRAVIS_JOB_ID" value="659640001" />
    <property name="env.TRAVIS_BRANCH" value="master" />
    <property name="user.country" value="US" />
    <property name="env.CERTI_HOME_TRAVIS" value="/home/travis/pthla/certi-tools" />
    <property name="env.SHELL" value="/bin/bash" />
    <property name="java.maxmemory.large" value="3200m" />
    <property name="model" value="" />
    <property name="env.CASHER_DIR" value="/home/travis/.casher" />
    <property name="env.NVM_CD_FLAGS" value="" />
    <property name="java.vendor.version" value="18.9" />
    <property name="jshint.executable" value="/home/travis/node_modules/jshint/bin/jshint" />
    <property name="env.JRUBY_OPTS" value=" --client -J-XX:+TieredCompilation -J-XX:TieredStopAtLevel=1 -J-Xss2m -Xcompile.invokedynamic=false" />
    <property name="java.vendor" value="Oracle Corporation" />
    <property name="env.TRAVIS_PRE_CHEF_BOOTSTRAP_TIME" value="2019-03-25T16:16:42" />
    <property name="env.TRAVIS_STACK_JOB_BOARD_REGISTER" value="/.job-board-register.yml" />
    <property name="env.ANSI_RED" value="\033[31;1m" />
    <property name="java.specification.version" value="11" />
    <property name="env.IRBRC" value="/home/travis/.rvm/rubies/ruby-2.5.3/.irbrc" />
    <property name="env.TRAVIS" value="true" />
    <property name="sun.arch.data.model" value="64" />
  </properties>
  <testcase classname="ptolemy.util.test.junit.TclTests" name="[0] /home/travis/build/icyphy/ptII/ptolemy/domains/de/test/DependencyLoop.tcl (RunTclFile)" time="0.925" />
  <testcase classname="ptolemy.util.test.junit.TclTests" name="[1] /home/travis/build/icyphy/ptII/ptolemy/domains/de/test/RunDETestsAsQSS.tcl (RunTclFile)" time="80.865" />
  <testcase classname="ptolemy.util.test.junit.AutoKnownFailedTests" name="[0] /home/travis/build/icyphy/ptII/ptolemy/domains/de/test/auto/knownFailedTests/DESDFClockTest.xml (RunModel)" time="2.037" />
  <testcase classname="ptolemy.util.test.junit.AutoKnownFailedTests" name="[1] /home/travis/build/icyphy/ptII/ptolemy/domains/de/test/auto/knownFailedTests/DirectFeedback.xml (RunModel)" time="0.011" />
  <testcase classname="ptolemy.util.test.junit.AutoKnownFailedTests" name="[2] /home/travis/build/icyphy/ptII/ptolemy/domains/de/test/auto/knownFailedTests/FSMSource.xml (RunModel)" time="0.028" />
  <testcase classname="ptolemy.util.test.junit.AutoKnownFailedTests" name="[3] /home/travis/build/icyphy/ptII/ptolemy/domains/de/test/auto/knownFailedTests/HierarchicalModel.xml (RunModel)" time="0.046" />
  <testcase classname="ptolemy.util.test.junit.AutoKnownFailedTests" name="[4] /home/travis/build/icyphy/ptII/ptolemy/domains/de/test/auto/knownFailedTests/dependencyLoop.xml (RunModel)" time="0.038" />
  <testcase classname="ptolemy.util.test.junit.AutoKnownFailedTests" name="[5] /home/travis/build/icyphy/ptII/ptolemy/domains/de/test/auto/knownFailedTests/dependencyLoop2.xml (RunModel)" time="0.041" />
  <testcase classname="ptolemy.util.test.junit.AutoNameArchTests" name="[0] ThereAreNoAutoArchTests (RunModel)" time="0.001" />
  <testcase classname="ptolemy.util.test.junit.AutoTests" name="[0] /home/travis/build/icyphy/ptII/ptolemy/domains/de/test/auto/ActorDepthCalculation_actorWithoutPorts.xml (RunModel)" time="0.018" />
  <testcase classname="ptolemy.util.test.junit.AutoTests" name="[1] /home/travis/build/icyphy/ptII/ptolemy/domains/de/test/auto/AssemblyLine.xml (RunModel)" time="0.021" />
  <testcase classname="ptolemy.util.test.junit.AutoTests" name="[2] /home/travis/build/icyphy/ptII/ptolemy/domains/de/test/auto/CQBug1.xml (RunModel)" time="0.014" />
  <testcase classname="ptolemy.util.test.junit.AutoTests" name="[3] /home/travis/build/icyphy/ptII/ptolemy/domains/de/test/auto/CancelFireAt.xml (RunModel)" time="0.011" />
  <testcase classname="ptolemy.util.test.junit.AutoTests" name="[4] /home/travis/build/icyphy/ptII/ptolemy/domains/de/test/auto/CausalityAndComposabilityAnalysis.xml (RunModel)" time="0.013" />
  <testcase classname="ptolemy.util.test.junit.AutoTests" name="[5] /home/travis/build/icyphy/ptII/ptolemy/domains/de/test/auto/CausalityInterface1.xml (RunModel)" time="0.013" />
  <testcase classname="ptolemy.util.test.junit.AutoTests" name="[6] /home/travis/build/icyphy/ptII/ptolemy/domains/de/test/auto/CausalityInterface15.xml (RunModel)" time="0.013" />
  <testcase classname="ptolemy.util.test.junit.AutoTests" name="[7] /home/travis/build/icyphy/ptII/ptolemy/domains/de/test/auto/CausalityInterface2.xml (RunModel)" time="0.011" />
  <testcase classname="ptolemy.util.test.junit.AutoTests" name="[8] /home/travis/build/icyphy/ptII/ptolemy/domains/de/test/auto/CausalityInterface3.xml (RunModel)" time="0.01" />
  <testcase classname="ptolemy.util.test.junit.AutoTests" name="[9] /home/travis/build/icyphy/ptII/ptolemy/domains/de/test/auto/ClockDrift.xml (RunModel)" time="0.03" />
  <testcase classname="ptolemy.util.test.junit.AutoTests" name="[10] /home/travis/build/icyphy/ptII/ptolemy/domains/de/test/auto/ClockDriftAndValueChange.xml (RunModel)" time="0.027" />
  <testcase classname="ptolemy.util.test.junit.AutoTests" name="[11] /home/travis/build/icyphy/ptII/ptolemy/domains/de/test/auto/ClockDriftChange.xml (RunModel)" time="0.026" />
  <testcase classname="ptolemy.util.test.junit.AutoTests" name="[12] /home/travis/build/icyphy/ptII/ptolemy/domains/de/test/auto/ComposableCausalityAnalysis.xml (RunModel)" time="0.015" />
  <testcase classname="ptolemy.util.test.junit.AutoTests" name="[13] /home/travis/build/icyphy/ptII/ptolemy/domains/de/test/auto/DEFixedPointLimitation.xml (RunModel)" time="0.007" />
  <testcase classname="ptolemy.util.test.junit.AutoTests" name="[14] /home/travis/build/icyphy/ptII/ptolemy/domains/de/test/auto/DEScheduleTest.xml (RunModel)" time="0.013" />
  <testcase classname="ptolemy.util.test.junit.AutoTests" name="[15] /home/travis/build/icyphy/ptII/ptolemy/domains/de/test/auto/DEinDEwithStartTimes.xml (RunModel)" time="0.012" />
  <testcase classname="ptolemy.util.test.junit.AutoTests" name="[16] /home/travis/build/icyphy/ptII/ptolemy/domains/de/test/auto/DEinDEwithStartTimes2.xml (RunModel)" time="0.01" />
  <testcase classname="ptolemy.util.test.junit.AutoTests" name="[17] /home/travis/build/icyphy/ptII/ptolemy/domains/de/test/auto/DateDemo.xml (RunModel)" time="0.028" />
  <testcase classname="ptolemy.util.test.junit.AutoTests" name="[18] /home/travis/build/icyphy/ptII/ptolemy/domains/de/test/auto/DateToEvent.xml (RunModel)" time="2.037" />
  <testcase classname="ptolemy.util.test.junit.AutoTests" name="[19] /home/travis/build/icyphy/ptII/ptolemy/domains/de/test/auto/DepthTest1.xml (RunModel)" time="0.009" />
  <testcase classname="ptolemy.util.test.junit.AutoTests" name="[20] /home/travis/build/icyphy/ptII/ptolemy/domains/de/test/auto/DepthTest2.xml (RunModel)" time="0.022" />
  <testcase classname="ptolemy.util.test.junit.AutoTests" name="[21] /home/travis/build/icyphy/ptII/ptolemy/domains/de/test/auto/DepthTest3.xml (RunModel)" time="0.007" />
  <testcase classname="ptolemy.util.test.junit.AutoTests" name="[22] /home/travis/build/icyphy/ptII/ptolemy/domains/de/test/auto/DepthTest4.xml (RunModel)" time="0.016" />
  <testcase classname="ptolemy.util.test.junit.AutoTests" name="[23] /home/travis/build/icyphy/ptII/ptolemy/domains/de/test/auto/DepthTest5.xml (RunModel)" time="0.012" />
  <testcase classname="ptolemy.util.test.junit.AutoTests" name="[24] /home/travis/build/icyphy/ptII/ptolemy/domains/de/test/auto/DepthTest6.xml (RunModel)" time="0.01" />
  <testcase classname="ptolemy.util.test.junit.AutoTests" name="[25] /home/travis/build/icyphy/ptII/ptolemy/domains/de/test/auto/DepthTest7.xml (RunModel)" time="0.014" />
  <testcase classname="ptolemy.util.test.junit.AutoTests" name="[26] /home/travis/build/icyphy/ptII/ptolemy/domains/de/test/auto/EventToDate.xml (RunModel)" time="3.05" />
  <testcase classname="ptolemy.util.test.junit.AutoTests" name="[27] /home/travis/build/icyphy/ptII/ptolemy/domains/de/test/auto/FSM1.xml (RunModel)" time="0.049" />
  <testcase classname="ptolemy.util.test.junit.AutoTests" name="[28] /home/travis/build/icyphy/ptII/ptolemy/domains/de/test/auto/FSM7.xml (RunModel)" time="0.039" />
  <testcase classname="ptolemy.util.test.junit.AutoTests" name="[29] /home/travis/build/icyphy/ptII/ptolemy/domains/de/test/auto/Inspection.xml (RunModel)" time="0.043" />
  <testcase classname="ptolemy.util.test.junit.AutoTests" name="[30] /home/travis/build/icyphy/ptII/ptolemy/domains/de/test/auto/Iteration.xml (RunModel)" time="0.026" />
  <testcase classname="ptolemy.util.test.junit.AutoTests" name="[31] /home/travis/build/icyphy/ptII/ptolemy/domains/de/test/auto/LineFault.xml (RunModel)" time="0.61" />
  <testcase classname="ptolemy.util.test.junit.AutoTests" name="[32] /home/travis/build/icyphy/ptII/ptolemy/domains/de/test/auto/MergeModel1Add.xml (RunModel)" time="0.046" />
  <testcase classname="ptolemy.util.test.junit.AutoTests" name="[33] /home/travis/build/icyphy/ptII/ptolemy/domains/de/test/auto/MergeModel2Add.xml (RunModel)" time="0.037" />
  <testcase classname="ptolemy.util.test.junit.AutoTests" name="[34] /home/travis/build/icyphy/ptII/ptolemy/domains/de/test/auto/MergeModel3Add.xml (RunModel)" time="0.044" />
  <testcase classname="ptolemy.util.test.junit.AutoTests" name="[35] /home/travis/build/icyphy/ptII/ptolemy/domains/de/test/auto/MergeWithoutDiscard.xml (RunModel)" time="0.01" />
  <testcase classname="ptolemy.util.test.junit.AutoTests" name="[36] /home/travis/build/icyphy/ptII/ptolemy/domains/de/test/auto/Modal1.xml (RunModel)" time="0.027" />
  <testcase classname="ptolemy.util.test.junit.AutoTests" name="[37] /home/travis/build/icyphy/ptII/ptolemy/domains/de/test/auto/Modal2.xml (RunModel)" time="0.03" />
  <testcase classname="ptolemy.util.test.junit.AutoTests" name="[38] /home/travis/build/icyphy/ptII/ptolemy/domains/de/test/auto/Modal3.xml (RunModel)" time="0.027" />
  <testcase classname="ptolemy.util.test.junit.AutoTests" name="[39] /home/travis/build/icyphy/ptII/ptolemy/domains/de/test/auto/Modal4.xml (RunModel)" time="0.025" />
  <testcase classname="ptolemy.util.test.junit.AutoTests" name="[40] /home/travis/build/icyphy/ptII/ptolemy/domains/de/test/auto/Modal5.xml (RunModel)" time="0.03" />
  <testcase classname="ptolemy.util.test.junit.AutoTests" name="[41] /home/travis/build/icyphy/ptII/ptolemy/domains/de/test/auto/Modal6.xml (RunModel)" time="0.022" />
  <testcase classname="ptolemy.util.test.junit.AutoTests" name="[42] /home/travis/build/icyphy/ptII/ptolemy/domains/de/test/auto/Modal7.xml (RunModel)" time="0.029" />
  <testcase classname="ptolemy.util.test.junit.AutoTests" name="[43] /home/travis/build/icyphy/ptII/ptolemy/domains/de/test/auto/ModalModel.xml (RunModel)" time="0.146" />
  <testcase classname="ptolemy.util.test.junit.AutoTests" name="[44] /home/travis/build/icyphy/ptII/ptolemy/domains/de/test/auto/ModalSource.xml (RunModel)" time="0.016" />
  <testcase classname="ptolemy.util.test.junit.AutoTests" name="[45] /home/travis/build/icyphy/ptII/ptolemy/domains/de/test/auto/NonInterruptibleTimerZeroDelay.xml (RunModel)" time="0.013" />
  <testcase classname="ptolemy.util.test.junit.AutoTests" name="[46] /home/travis/build/icyphy/ptII/ptolemy/domains/de/test/auto/OpenQueueingNetwork.xml (RunModel)" time="2.058" />
  <testcase classname="ptolemy.util.test.junit.AutoTests" name="[47] /home/travis/build/icyphy/ptII/ptolemy/domains/de/test/auto/OpenQueuingNetwork.xml (RunModel)" time="0.26" />
  <testcase classname="ptolemy.util.test.junit.AutoTests" name="[48] /home/travis/build/icyphy/ptII/ptolemy/domains/de/test/auto/PeriodicSampler.xml (RunModel)" time="0.008" />
  <testcase classname="ptolemy.util.test.junit.AutoTests" name="[49] /home/travis/build/icyphy/ptII/ptolemy/domains/de/test/auto/PersistentIO.xml (RunModel)" time="0.016" />
  <testcase classname="ptolemy.util.test.junit.AutoTests" name="[50] /home/travis/build/icyphy/ptII/ptolemy/domains/de/test/auto/PortParameterResetOnInitialize.xml (RunModel)" time="0.008" />
  <testcase classname="ptolemy.util.test.junit.AutoTests" name="[51] /home/travis/build/icyphy/ptII/ptolemy/domains/de/test/auto/PortParameterUpdates.xml (RunModel)" time="0.015" />
  <testcase classname="ptolemy.util.test.junit.AutoTests" name="[52] /home/travis/build/icyphy/ptII/ptolemy/domains/de/test/auto/QueueAndServer.xml (RunModel)" time="0.02" />
  <testcase classname="ptolemy.util.test.junit.AutoTests" name="[53] /home/travis/build/icyphy/ptII/ptolemy/domains/de/test/auto/Records.xml (RunModel)" time="0.016" />
  <testcase classname="ptolemy.util.test.junit.AutoTests" name="[54] /home/travis/build/icyphy/ptII/ptolemy/domains/de/test/auto/ResetTransitionWithStartTime1.xml (RunModel)" time="0.014" />
  <testcase classname="ptolemy.util.test.junit.AutoTests" name="[55] /home/travis/build/icyphy/ptII/ptolemy/domains/de/test/auto/ResetTransitionWithStartTime2.xml (RunModel)" time="0.017" />
  <testcase classname="ptolemy.util.test.junit.AutoTests" name="[56] /home/travis/build/icyphy/ptII/ptolemy/domains/de/test/auto/ResetTransitionWithStartTime3.xml (RunModel)" time="0.015" />
  <testcase classname="ptolemy.util.test.junit.AutoTests" name="[57] /home/travis/build/icyphy/ptII/ptolemy/domains/de/test/auto/ResetTransitionWithStartTime4.xml (RunModel)" time="0.015" />
  <testcase classname="ptolemy.util.test.junit.AutoTests" name="[58] /home/travis/build/icyphy/ptII/ptolemy/domains/de/test/auto/ResettableTimer1.xml (RunModel)" time="0.01" />
  <testcase classname="ptolemy.util.test.junit.AutoTests" name="[59] /home/travis/build/icyphy/ptII/ptolemy/domains/de/test/auto/ResettableTimer2.xml (RunModel)" time="0.008" />
  <testcase classname="ptolemy.util.test.junit.AutoTests" name="[60] /home/travis/build/icyphy/ptII/ptolemy/domains/de/test/auto/ResettableTimer3.xml (RunModel)" time="0.008" />
  <testcase classname="ptolemy.util.test.junit.AutoTests" name="[61] /home/travis/build/icyphy/ptII/ptolemy/domains/de/test/auto/ResettableTimer4.xml (RunModel)" time="0.007" />
  <testcase classname="ptolemy.util.test.junit.AutoTests" name="[62] /home/travis/build/icyphy/ptII/ptolemy/domains/de/test/auto/ResettableTimer5.xml (RunModel)" time="0.007" />
  <testcase classname="ptolemy.util.test.junit.AutoTests" name="[63] /home/travis/build/icyphy/ptII/ptolemy/domains/de/test/auto/ResettableTimer6.xml (RunModel)" time="0.014" />
  <testcase classname="ptolemy.util.test.junit.AutoTests" name="[64] /home/travis/build/icyphy/ptII/ptolemy/domains/de/test/auto/ServerZeroDelay.xml (RunModel)" time="0.024" />
  <testcase classname="ptolemy.util.test.junit.AutoTests" name="[65] /home/travis/build/icyphy/ptII/ptolemy/domains/de/test/auto/SmartSender.xml (RunModel)" time="3.007" />
  <testcase classname="ptolemy.util.test.junit.AutoTests" name="[66] /home/travis/build/icyphy/ptII/ptolemy/domains/de/test/auto/ThreadedComposite.xml (RunModel)" time="0.168" />
  <testcase classname="ptolemy.util.test.junit.AutoTests" name="[67] /home/travis/build/icyphy/ptII/ptolemy/domains/de/test/auto/Time.xml (RunModel)" time="0.445" />
  <testcase classname="ptolemy.util.test.junit.AutoTests" name="[68] /home/travis/build/icyphy/ptII/ptolemy/domains/de/test/auto/TimeDelayZeroDelay.xml (RunModel)" time="0.027" />
  <testcase classname="ptolemy.util.test.junit.AutoTests" name="[69] /home/travis/build/icyphy/ptII/ptolemy/domains/de/test/auto/TimerZeroDelay.xml (RunModel)" time="0.011" />
  <testcase classname="ptolemy.util.test.junit.AutoTests" name="[70] /home/travis/build/icyphy/ptII/ptolemy/domains/de/test/auto/TimingParadox.xml (RunModel)" time="0.307" />
  <testcase classname="ptolemy.util.test.junit.AutoTests" name="[71] /home/travis/build/icyphy/ptII/ptolemy/domains/de/test/auto/TransferInputs.xml (RunModel)" time="0.009" />
  <testcase classname="ptolemy.util.test.junit.AutoTests" name="[72] /home/travis/build/icyphy/ptII/ptolemy/domains/de/test/auto/TransferOutputs2.xml (RunModel)" time="0.012" />
  <testcase classname="ptolemy.util.test.junit.AutoTests" name="[73] /home/travis/build/icyphy/ptII/ptolemy/domains/de/test/auto/Trilateration.xml (RunModel)" time="10.366" />
  <testcase classname="ptolemy.util.test.junit.AutoTests" name="[74] /home/travis/build/icyphy/ptII/ptolemy/domains/de/test/auto/TwoSigmaDelta.xml (RunModel)" time="1.738" />
  <testcase classname="ptolemy.util.test.junit.AutoTests" name="[75] /home/travis/build/icyphy/ptII/ptolemy/domains/de/test/auto/VariableDelay.xml (RunModel)" time="0.006" />
  <testcase classname="ptolemy.util.test.junit.AutoTests" name="[76] /home/travis/build/icyphy/ptII/ptolemy/domains/de/test/auto/VariableDelay2.xml (RunModel)" time="0.004" />
  <testcase classname="ptolemy.util.test.junit.AutoTests" name="[77] /home/travis/build/icyphy/ptII/ptolemy/domains/de/test/auto/VariableDelayZeroDelay.xml (RunModel)" time="0.013" />
  <testcase classname="ptolemy.util.test.junit.AutoTests" name="[78] /home/travis/build/icyphy/ptII/ptolemy/domains/de/test/auto/VariableDelayZeroDelay2.xml (RunModel)" time="0.011" />
  <testcase classname="ptolemy.util.test.junit.AutoTests" name="[79] /home/travis/build/icyphy/ptII/ptolemy/domains/de/test/auto/deInCt.xml (RunModel)" time="0.009" />
  <testcase classname="ptolemy.util.test.junit.AutoTests" name="[80] /home/travis/build/icyphy/ptII/ptolemy/domains/de/test/auto/deInCt2.xml (RunModel)" time="0.011" />
  <testcase classname="ptolemy.util.test.junit.AutoTests" name="[81] /home/travis/build/icyphy/ptII/ptolemy/domains/de/test/auto/dynamicCausalityInterface1.xml (RunModel)" time="0.015" />
  <testcase classname="ptolemy.util.test.junit.AutoTests" name="[82] /home/travis/build/icyphy/ptII/ptolemy/domains/de/test/auto/fsm_de_test.xml (RunModel)" time="0.021" />
  <testcase classname="ptolemy.util.test.junit.AutoTests" name="[83] /home/travis/build/icyphy/ptII/ptolemy/domains/de/test/auto/functionDependencyReconstruction.xml (RunModel)" time="0.031" />
  <testcase classname="ptolemy.util.test.junit.AutoTests" name="[84] /home/travis/build/icyphy/ptII/ptolemy/domains/de/test/auto/multirate.xml (RunModel)" time="0.015" />
  <testcase classname="ptolemy.util.test.junit.AutoTests" name="[85] /home/travis/build/icyphy/ptII/ptolemy/domains/de/test/auto/multirate2.xml (RunModel)" time="0.013" />
  <testcase classname="ptolemy.util.test.junit.AutoTests" name="[86] /home/travis/build/icyphy/ptII/ptolemy/domains/de/test/auto/realtime.xml (RunModel)" time="10.01" />
  <testcase classname="ptolemy.util.test.junit.AutoTests" name="[87] /home/travis/build/icyphy/ptII/ptolemy/domains/de/test/auto/relationGroup.xml (RunModel)" time="0.007" />
  <testcase classname="ptolemy.util.test.junit.AutoTests" name="[88] /home/travis/build/icyphy/ptII/ptolemy/domains/de/test/auto/relationGroup2.xml (RunModel)" time="0.008" />
  <testcase classname="ptolemy.util.test.junit.AutoTests" name="[89] /home/travis/build/icyphy/ptII/ptolemy/domains/de/test/auto/sortWithOpaquePorts.xml (RunModel)" time="0.012" />
  <testcase classname="ptolemy.util.test.junit.AutoTests" name="[90] /home/travis/build/icyphy/ptII/ptolemy/domains/de/test/auto/transferInputsandOutputs.xml (RunModel)" time="0.013" />
  <testcase classname="ptolemy.util.test.junit.AutoTests" name="[91] /home/travis/build/icyphy/ptII/ptolemy/domains/de/test/auto/triggerType.xml (RunModel)" time="0.006" />
  <system-out><![CDATA[/home/travis/build/icyphy/ptII/ptolemy/domains/de/test/DependencyLoop.tcl
testDefs.tcl: setting time out to 9000 seconds at Sat Mar 07 21:59:35 UTC 2020
56 ms. Memory: 129024K Free: 78278K (61%)
25 ms. Memory: 129024K Free: 60839K (47%)
/home/travis/build/icyphy/ptII/ptolemy/domains/de/test/RunDETestsAsQSS.tcl
Run the DE tests using ptolemy.domains.qss.test.QSSDirectorTest, which extends QSSDirector and prints a message in the constructors.
------------------ testing $PTII/ptolemy/domains/de/test/auto/knownFailedTests/DirectFeedback.xml (Known Failure) 
50 ms. Memory: 129024K Free: 55240K (43%)


==== $PTIIhome/travis/build/icyphy/ptII/ptolemy/domains/de/test/../../../../: Auto Automatic test in file $PTII/ptolemy/domains/de/test/auto/knownFailedTests/DirectFeedback.xml
==== Contents of test case:

	    # FIXME: we should use $relativeFilename here, but it
	    # might have backslashes under Windows, which causes no end
	    # of trouble.
	    createAndExecute $file
	    list {}
	
.... Test generated KNOWN error:
    while executing
ptolemy.kernel.util.IllegalActionException: Test fails in iteration 1.
Value was: 1.0. Should have been: 2.0
  in .DirectFeedback.Test
	at ptolemy.actor.lib.Test.fire(Test.java:268)
	at ptolemy.domains.de.kernel.DEDirector._fire(DEDirector.java:1949)
	at ptolemy.domains.de.kernel.DEDirector.fire(DEDirector.java:502)
	at ptolemy.actor.CompositeActor.fire(CompositeActor.java:455)
	at ptolemy.actor.Manager.iterate(Manager.java:851)
	at ptolemy.actor.Manager.execute(Manager.java:369)
	at ptolemy.actor.Manager.run(Manager.java:1263)
	at ptolemy.actor.Manager$PtolemyRunThread.run(Manager.java:1933)

    while executing
ptolemy.kernel.util.IllegalActionException: Test fails in iteration 1.
Value was: 1.0. Should have been: 2.0
  in .DirectFeedback.Test
    while executing
"java::new ptolemy.moml.MoMLSimpleApplication $file
"
    (procedure "createAndExecute" line 2)
    invoked from within
"createAndExecute $file"
    ("uplevel" body line 5)
    invoked from within
"uplevel $contents_of_test"
------------------ testing $PTII/ptolemy/domains/de/test/auto/knownFailedTests/dependencyLoop.xml (Known Failure) 
17 ms. Memory: 129024K Free: 52168K (40%)


==== $PTIIhome/travis/build/icyphy/ptII/ptolemy/domains/de/test/../../../../: Auto Automatic test in file $PTII/ptolemy/domains/de/test/auto/knownFailedTests/dependencyLoop.xml
==== Contents of test case:

	    # FIXME: we should use $relativeFilename here, but it
	    # might have backslashes under Windows, which causes no end
	    # of trouble.
	    createAndExecute $file
	    list {}
	
.... Test generated KNOWN error:
    while executing
ptolemy.kernel.util.IllegalActionException: Found a zero delay loop containing .dependencyLoop.original
  in .dependencyLoop and .dependencyLoop.original
	at ptolemy.actor.util.CausalityInterfaceForComposites._computeOutputPortDepth(CausalityInterfaceForComposites.java:759)
	at ptolemy.actor.util.CausalityInterfaceForComposites._computeInputDepth(CausalityInterfaceForComposites.java:696)
	at ptolemy.actor.util.CausalityInterfaceForComposites._computeOutputPortDepth(CausalityInterfaceForComposites.java:765)
	at ptolemy.actor.util.CausalityInterfaceForComposites._computeInputDepth(CausalityInterfaceForComposites.java:696)
	at ptolemy.actor.util.CausalityInterfaceForComposites._computeOutputPortDepth(CausalityInterfaceForComposites.java:765)
	at ptolemy.actor.util.CausalityInterfaceForComposites._computeInputDepth(CausalityInterfaceForComposites.java:696)
	at ptolemy.actor.util.CausalityInterfaceForComposites._computeActorDepth(CausalityInterfaceForComposites.java:532)
	at ptolemy.actor.util.CausalityInterfaceForComposites.checkForCycles(CausalityInterfaceForComposites.java:96)
	at ptolemy.domains.de.kernel.DEDirector.preinitialize(DEDirector.java:1338)
	at ptolemy.actor.CompositeActor.preinitialize(CompositeActor.java:1828)
	at ptolemy.actor.Manager.preinitializeAndResolveTypes(Manager.java:1040)
	at ptolemy.actor.Manager.initialize(Manager.java:710)
	at ptolemy.actor.Manager.execute(Manager.java:356)
	at ptolemy.actor.Manager.run(Manager.java:1263)
	at ptolemy.actor.Manager$PtolemyRunThread.run(Manager.java:1933)

    while executing
ptolemy.kernel.util.IllegalActionException: Found a zero delay loop containing .dependencyLoop.original
  in .dependencyLoop and .dependencyLoop.original
    while executing
"java::new ptolemy.moml.MoMLSimpleApplication $file
"
    (procedure "createAndExecute" line 2)
    invoked from within
"createAndExecute $file"
    ("uplevel" body line 5)
    invoked from within
"uplevel $contents_of_test"
------------------ testing $PTII/ptolemy/domains/de/test/auto/knownFailedTests/FSMSource.xml (Known Failure) 
48 ms. Memory: 129024K Free: 110603K (86%)
!!!! Auto was marked as failing, but now passes
------------------ testing $PTII/ptolemy/domains/de/test/auto/knownFailedTests/HierarchicalModel.xml (Known Failure) 
9 ms. Memory: 129024K Free: 93480K (72%)


==== $PTIIhome/travis/build/icyphy/ptII/ptolemy/domains/de/test/../../../../: Auto Automatic test in file $PTII/ptolemy/domains/de/test/auto/knownFailedTests/HierarchicalModel.xml
==== Contents of test case:

	    # FIXME: we should use $relativeFilename here, but it
	    # might have backslashes under Windows, which causes no end
	    # of trouble.
	    createAndExecute $file
	    list {}
	
.... Test generated KNOWN error:
    while executing
ptolemy.kernel.util.IllegalActionException: Found a zero delay loop containing .HierarchicalModel.A
  in .HierarchicalModel and .HierarchicalModel.A
	at ptolemy.actor.util.CausalityInterfaceForComposites._computeOutputPortDepth(CausalityInterfaceForComposites.java:759)
	at ptolemy.actor.util.CausalityInterfaceForComposites._computeInputDepth(CausalityInterfaceForComposites.java:696)
	at ptolemy.actor.util.CausalityInterfaceForComposites._computeOutputPortDepth(CausalityInterfaceForComposites.java:765)
	at ptolemy.actor.util.CausalityInterfaceForComposites._computeInputDepth(CausalityInterfaceForComposites.java:696)
	at ptolemy.actor.util.CausalityInterfaceForComposites._computeOutputPortDepth(CausalityInterfaceForComposites.java:765)
	at ptolemy.actor.util.CausalityInterfaceForComposites._computeInputDepth(CausalityInterfaceForComposites.java:696)
	at ptolemy.actor.util.CausalityInterfaceForComposites._computeActorDepth(CausalityInterfaceForComposites.java:532)
	at ptolemy.actor.util.CausalityInterfaceForComposites.checkForCycles(CausalityInterfaceForComposites.java:96)
	at ptolemy.domains.de.kernel.DEDirector.preinitialize(DEDirector.java:1338)
	at ptolemy.actor.CompositeActor.preinitialize(CompositeActor.java:1828)
	at ptolemy.actor.Manager.preinitializeAndResolveTypes(Manager.java:1040)
	at ptolemy.actor.Manager.initialize(Manager.java:710)
	at ptolemy.actor.Manager.execute(Manager.java:356)
	at ptolemy.actor.Manager.run(Manager.java:1263)
	at ptolemy.actor.Manager$PtolemyRunThread.run(Manager.java:1933)

    while executing
ptolemy.kernel.util.IllegalActionException: Found a zero delay loop containing .HierarchicalModel.A
  in .HierarchicalModel and .HierarchicalModel.A
    while executing
"java::new ptolemy.moml.MoMLSimpleApplication $file
"
    (procedure "createAndExecute" line 2)
    invoked from within
"createAndExecute $file"
    ("uplevel" body line 5)
    invoked from within
"uplevel $contents_of_test"
------------------ testing $PTII/ptolemy/domains/de/test/auto/knownFailedTests/dependencyLoop2.xml (Known Failure) 
10 ms. Memory: 129024K Free: 77571K (60%)


==== $PTIIhome/travis/build/icyphy/ptII/ptolemy/domains/de/test/../../../../: Auto Automatic test in file $PTII/ptolemy/domains/de/test/auto/knownFailedTests/dependencyLoop2.xml
==== Contents of test case:

	    # FIXME: we should use $relativeFilename here, but it
	    # might have backslashes under Windows, which causes no end
	    # of trouble.
	    createAndExecute $file
	    list {}
	
.... Test generated KNOWN error:
    while executing
ptolemy.kernel.util.IllegalActionException: Found a zero delay loop containing .dependencyLoop2.original
  in .dependencyLoop2 and .dependencyLoop2.original
	at ptolemy.actor.util.CausalityInterfaceForComposites._computeOutputPortDepth(CausalityInterfaceForComposites.java:759)
	at ptolemy.actor.util.CausalityInterfaceForComposites._computeInputDepth(CausalityInterfaceForComposites.java:696)
	at ptolemy.actor.util.CausalityInterfaceForComposites._computeOutputPortDepth(CausalityInterfaceForComposites.java:765)
	at ptolemy.actor.util.CausalityInterfaceForComposites._computeInputDepth(CausalityInterfaceForComposites.java:696)
	at ptolemy.actor.util.CausalityInterfaceForComposites._computeOutputPortDepth(CausalityInterfaceForComposites.java:765)
	at ptolemy.actor.util.CausalityInterfaceForComposites._computeInputDepth(CausalityInterfaceForComposites.java:696)
	at ptolemy.actor.util.CausalityInterfaceForComposites._computeActorDepth(CausalityInterfaceForComposites.java:532)
	at ptolemy.actor.util.CausalityInterfaceForComposites.checkForCycles(CausalityInterfaceForComposites.java:96)
	at ptolemy.domains.de.kernel.DEDirector.preinitialize(DEDirector.java:1338)
	at ptolemy.actor.CompositeActor.preinitialize(CompositeActor.java:1828)
	at ptolemy.actor.Manager.preinitializeAndResolveTypes(Manager.java:1040)
	at ptolemy.actor.Manager.initialize(Manager.java:710)
	at ptolemy.actor.Manager.execute(Manager.java:356)
	at ptolemy.actor.Manager.run(Manager.java:1263)
	at ptolemy.actor.Manager$PtolemyRunThread.run(Manager.java:1933)

    while executing
ptolemy.kernel.util.IllegalActionException: Found a zero delay loop containing .dependencyLoop2.original
  in .dependencyLoop2 and .dependencyLoop2.original
    while executing
"java::new ptolemy.moml.MoMLSimpleApplication $file
"
    (procedure "createAndExecute" line 2)
    invoked from within
"createAndExecute $file"
    ("uplevel" body line 5)
    invoked from within
"uplevel $contents_of_test"
------------------ testing $PTII/ptolemy/domains/de/test/auto/knownFailedTests/DESDFClockTest.xml (Known Failure) 
2050 ms. Memory: 129024K Free: 107287K (83%)


==== $PTIIhome/travis/build/icyphy/ptII/ptolemy/domains/de/test/../../../../: Auto Automatic test in file $PTII/ptolemy/domains/de/test/auto/knownFailedTests/DESDFClockTest.xml
==== Contents of test case:

	    # FIXME: we should use $relativeFilename here, but it
	    # might have backslashes under Windows, which causes no end
	    # of trouble.
	    createAndExecute $file
	    list {}
	
.... Test generated KNOWN error:
    while executing
ptolemy.kernel.util.IllegalActionException: Actor is not ready to fire.  Perhaps UpSample.prefire() returned false? Try debugging the actor by selecting "Listen to Actor".  Also, for SDF check moml for tokenConsumptionRate on input.
  in .DESDFClockTest.Play Bell.Copy1:SDF Director and .DESDFClockTest.Play Bell.UpSample
	at ptolemy.actor.sched.StaticSchedulingDirector.fire(StaticSchedulingDirector.java:227)
	at ptolemy.domains.sdf.kernel.SDFDirector.fire(SDFDirector.java:500)
	at ptolemy.actor.CompositeActor.fire(CompositeActor.java:455)
	at ptolemy.domains.de.kernel.DEDirector._fire(DEDirector.java:1949)
	at ptolemy.domains.de.kernel.DEDirector.fire(DEDirector.java:502)
	at ptolemy.actor.CompositeActor.fire(CompositeActor.java:455)
	at ptolemy.actor.Manager.iterate(Manager.java:851)
	at ptolemy.actor.Manager.execute(Manager.java:369)
	at ptolemy.actor.Manager.run(Manager.java:1263)
	at ptolemy.actor.Manager$PtolemyRunThread.run(Manager.java:1933)

    while executing
ptolemy.kernel.util.IllegalActionException: Actor is not ready to fire.  Perhaps UpSample.prefire() returned false? Try debugging the actor by selecting "Listen to Actor".  Also, for SDF check moml for tokenConsumptionRate on input.
  in .DESDFClockTest.Play Bell.Copy1:SDF Director and .DESDFClockTest.Play Bell.UpSample
    while executing
"java::new ptolemy.moml.MoMLSimpleApplication $file
"
    (procedure "createAndExecute" line 2)
    invoked from within
"createAndExecute $file"
    ("uplevel" body line 5)
    invoked from within
"uplevel $contents_of_test"
------------------ testing $PTII/ptolemy/domains/de/test/auto/ActorDepthCalculation_actorWithoutPorts.xml
auto.tcl: Setting watchdog for 200 seconds at Sat Mar 07 21:59:39 UTC 2020
5 ms. Memory: 129024K Free: 99591K (77%)
ptolemy.util.test.WatchDog.cancel(): canceling Sat Mar 07 21:59:39 UTC 2020
auto.tcl: Setting watchdog for 200 seconds at Sat Mar 07 21:59:39 UTC 2020
5 ms. Memory: 129024K Free: 98071K (76%)
ptolemy.util.test.WatchDog.cancel(): canceling Sat Mar 07 21:59:39 UTC 2020
------------------ testing $PTII/ptolemy/domains/de/test/auto/AssemblyLine.xml
auto.tcl: Setting watchdog for 200 seconds at Sat Mar 07 21:59:40 UTC 2020
7 ms. Memory: 51200K Free: 28172K (55%)
ptolemy.util.test.WatchDog.cancel(): canceling Sat Mar 07 21:59:40 UTC 2020
auto.tcl: Setting watchdog for 200 seconds at Sat Mar 07 21:59:40 UTC 2020
6 ms. Memory: 51200K Free: 27244K (53%)
ptolemy.util.test.WatchDog.cancel(): canceling Sat Mar 07 21:59:40 UTC 2020
------------------ testing $PTII/ptolemy/domains/de/test/auto/CQBug1.xml
auto.tcl: Setting watchdog for 200 seconds at Sat Mar 07 21:59:40 UTC 2020
2 ms. Memory: 51200K Free: 33258K (65%)
ptolemy.util.test.WatchDog.cancel(): canceling Sat Mar 07 21:59:40 UTC 2020
auto.tcl: Setting watchdog for 200 seconds at Sat Mar 07 21:59:40 UTC 2020
1 ms. Memory: 51200K Free: 33258K (65%)
ptolemy.util.test.WatchDog.cancel(): canceling Sat Mar 07 21:59:40 UTC 2020
------------------ testing $PTII/ptolemy/domains/de/test/auto/CancelFireAt.xml
auto.tcl: Setting watchdog for 200 seconds at Sat Mar 07 21:59:40 UTC 2020
2 ms. Memory: 48128K Free: 31641K (66%)
ptolemy.util.test.WatchDog.cancel(): canceling Sat Mar 07 21:59:40 UTC 2020
auto.tcl: Setting watchdog for 200 seconds at Sat Mar 07 21:59:40 UTC 2020
2 ms. Memory: 48128K Free: 31200K (65%)
ptolemy.util.test.WatchDog.cancel(): canceling Sat Mar 07 21:59:40 UTC 2020
------------------ testing $PTII/ptolemy/domains/de/test/auto/CausalityAndComposabilityAnalysis.xml
auto.tcl: Setting watchdog for 200 seconds at Sat Mar 07 21:59:40 UTC 2020
10 ms. Memory: 48128K Free: 29422K (61%)
ptolemy.util.test.WatchDog.cancel(): canceling Sat Mar 07 21:59:40 UTC 2020
auto.tcl: Setting watchdog for 200 seconds at Sat Mar 07 21:59:40 UTC 2020
4 ms. Memory: 48128K Free: 28991K (60%)
ptolemy.util.test.WatchDog.cancel(): canceling Sat Mar 07 21:59:40 UTC 2020
------------------ testing $PTII/ptolemy/domains/de/test/auto/CausalityInterface1.xml
auto.tcl: Setting watchdog for 200 seconds at Sat Mar 07 21:59:40 UTC 2020
19 ms. Memory: 48128K Free: 28323K (59%)
ptolemy.util.test.WatchDog.cancel(): canceling Sat Mar 07 21:59:40 UTC 2020
auto.tcl: Setting watchdog for 200 seconds at Sat Mar 07 21:59:40 UTC 2020
3 ms. Memory: 48128K Free: 27357K (57%)
ptolemy.util.test.WatchDog.cancel(): canceling Sat Mar 07 21:59:40 UTC 2020
------------------ testing $PTII/ptolemy/domains/de/test/auto/CausalityInterface15.xml
auto.tcl: Setting watchdog for 200 seconds at Sat Mar 07 21:59:40 UTC 2020
4 ms. Memory: 48128K Free: 28499K (59%)
ptolemy.util.test.WatchDog.cancel(): canceling Sat Mar 07 21:59:40 UTC 2020
auto.tcl: Setting watchdog for 200 seconds at Sat Mar 07 21:59:40 UTC 2020
6 ms. Memory: 48128K Free: 27326K (57%)
ptolemy.util.test.WatchDog.cancel(): canceling Sat Mar 07 21:59:40 UTC 2020
------------------ testing $PTII/ptolemy/domains/de/test/auto/CausalityInterface2.xml
auto.tcl: Setting watchdog for 200 seconds at Sat Mar 07 21:59:40 UTC 2020
4 ms. Memory: 48128K Free: 29185K (61%)
ptolemy.util.test.WatchDog.cancel(): canceling Sat Mar 07 21:59:40 UTC 2020
auto.tcl: Setting watchdog for 200 seconds at Sat Mar 07 21:59:40 UTC 2020
5 ms. Memory: 48128K Free: 28322K (59%)
ptolemy.util.test.WatchDog.cancel(): canceling Sat Mar 07 21:59:40 UTC 2020
------------------ testing $PTII/ptolemy/domains/de/test/auto/CausalityInterface3.xml
auto.tcl: Setting watchdog for 200 seconds at Sat Mar 07 21:59:40 UTC 2020
6 ms. Memory: 48128K Free: 28901K (60%)
ptolemy.util.test.WatchDog.cancel(): canceling Sat Mar 07 21:59:40 UTC 2020
auto.tcl: Setting watchdog for 200 seconds at Sat Mar 07 21:59:40 UTC 2020
3 ms. Memory: 48128K Free: 27901K (58%)
ptolemy.util.test.WatchDog.cancel(): canceling Sat Mar 07 21:59:40 UTC 2020
------------------ testing $PTII/ptolemy/domains/de/test/auto/ClockDrift.xml
auto.tcl: Setting watchdog for 200 seconds at Sat Mar 07 21:59:40 UTC 2020
78 ms. Memory: 48128K Free: 20874K (43%)
ptolemy.util.test.WatchDog.cancel(): canceling Sat Mar 07 21:59:40 UTC 2020
auto.tcl: Setting watchdog for 200 seconds at Sat Mar 07 21:59:40 UTC 2020
33 ms. Memory: 48128K Free: 17678K (37%)
ptolemy.util.test.WatchDog.cancel(): canceling Sat Mar 07 21:59:40 UTC 2020
------------------ testing $PTII/ptolemy/domains/de/test/auto/ClockDriftAndValueChange.xml
auto.tcl: Setting watchdog for 200 seconds at Sat Mar 07 21:59:41 UTC 2020
40 ms. Memory: 48128K Free: 21551K (45%)
ptolemy.util.test.WatchDog.cancel(): canceling Sat Mar 07 21:59:41 UTC 2020
auto.tcl: Setting watchdog for 200 seconds at Sat Mar 07 21:59:41 UTC 2020
25 ms. Memory: 48128K Free: 18358K (38%)
ptolemy.util.test.WatchDog.cancel(): canceling Sat Mar 07 21:59:41 UTC 2020
------------------ testing $PTII/ptolemy/domains/de/test/auto/ClockDriftChange.xml
auto.tcl: Setting watchdog for 200 seconds at Sat Mar 07 21:59:41 UTC 2020
21 ms. Memory: 48128K Free: 23239K (48%)
ptolemy.util.test.WatchDog.cancel(): canceling Sat Mar 07 21:59:41 UTC 2020
auto.tcl: Setting watchdog for 200 seconds at Sat Mar 07 21:59:41 UTC 2020
24 ms. Memory: 48128K Free: 20658K (43%)
ptolemy.util.test.WatchDog.cancel(): canceling Sat Mar 07 21:59:41 UTC 2020
------------------ testing $PTII/ptolemy/domains/de/test/auto/ComposableCausalityAnalysis.xml
auto.tcl: Setting watchdog for 200 seconds at Sat Mar 07 21:59:41 UTC 2020
1 ms. Memory: 48128K Free: 27618K (57%)
ptolemy.util.test.WatchDog.cancel(): canceling Sat Mar 07 21:59:41 UTC 2020
auto.tcl: Setting watchdog for 200 seconds at Sat Mar 07 21:59:41 UTC 2020
4 ms. Memory: 48128K Free: 26598K (55%)
ptolemy.util.test.WatchDog.cancel(): canceling Sat Mar 07 21:59:41 UTC 2020
------------------ testing $PTII/ptolemy/domains/de/test/auto/DEFixedPointLimitation.xml
auto.tcl: Setting watchdog for 200 seconds at Sat Mar 07 21:59:41 UTC 2020
2 ms. Memory: 48128K Free: 28985K (60%)
ptolemy.util.test.WatchDog.cancel(): canceling Sat Mar 07 21:59:41 UTC 2020
auto.tcl: Setting watchdog for 200 seconds at Sat Mar 07 21:59:41 UTC 2020
1 ms. Memory: 48128K Free: 28081K (58%)
ptolemy.util.test.WatchDog.cancel(): canceling Sat Mar 07 21:59:41 UTC 2020
------------------ testing $PTII/ptolemy/domains/de/test/auto/DEScheduleTest.xml
auto.tcl: Setting watchdog for 200 seconds at Sat Mar 07 21:59:41 UTC 2020
3 ms. Memory: 48128K Free: 29269K (61%)
ptolemy.util.test.WatchDog.cancel(): canceling Sat Mar 07 21:59:41 UTC 2020
auto.tcl: Setting watchdog for 200 seconds at Sat Mar 07 21:59:41 UTC 2020
2 ms. Memory: 48128K Free: 28527K (59%)
ptolemy.util.test.WatchDog.cancel(): canceling Sat Mar 07 21:59:41 UTC 2020
------------------ testing $PTII/ptolemy/domains/de/test/auto/DEinDEwithStartTimes.xml
auto.tcl: Setting watchdog for 200 seconds at Sat Mar 07 21:59:41 UTC 2020
3 ms. Memory: 48128K Free: 27487K (57%)
ptolemy.util.test.WatchDog.cancel(): canceling Sat Mar 07 21:59:41 UTC 2020
auto.tcl: Setting watchdog for 200 seconds at Sat Mar 07 21:59:41 UTC 2020
3 ms. Memory: 48128K Free: 26414K (55%)
ptolemy.util.test.WatchDog.cancel(): canceling Sat Mar 07 21:59:41 UTC 2020
------------------ testing $PTII/ptolemy/domains/de/test/auto/DEinDEwithStartTimes2.xml
auto.tcl: Setting watchdog for 200 seconds at Sat Mar 07 21:59:41 UTC 2020
6 ms. Memory: 48128K Free: 26677K (55%)
ptolemy.util.test.WatchDog.cancel(): canceling Sat Mar 07 21:59:41 UTC 2020
auto.tcl: Setting watchdog for 200 seconds at Sat Mar 07 21:59:41 UTC 2020
5 ms. Memory: 48128K Free: 25369K (53%)
ptolemy.util.test.WatchDog.cancel(): canceling Sat Mar 07 21:59:41 UTC 2020
------------------ testing $PTII/ptolemy/domains/de/test/auto/DateDemo.xml
auto.tcl: Setting watchdog for 200 seconds at Sat Mar 07 21:59:41 UTC 2020
20 ms. Memory: 48128K Free: 21021K (44%)
ptolemy.util.test.WatchDog.cancel(): canceling Sat Mar 07 21:59:41 UTC 2020
auto.tcl: Setting watchdog for 200 seconds at Sat Mar 07 21:59:41 UTC 2020
5 ms. Memory: 48128K Free: 19451K (40%)
ptolemy.util.test.WatchDog.cancel(): canceling Sat Mar 07 21:59:41 UTC 2020
------------------ testing $PTII/ptolemy/domains/de/test/auto/DateToEvent.xml
auto.tcl: Setting watchdog for 200 seconds at Sat Mar 07 21:59:41 UTC 2020
2016 ms. Memory: 48128K Free: 16932K (35%)
ptolemy.util.test.WatchDog.cancel(): canceling Sat Mar 07 21:59:43 UTC 2020
auto.tcl: Setting watchdog for 200 seconds at Sat Mar 07 21:59:43 UTC 2020
2004 ms. Memory: 48128K Free: 16197K (34%)
ptolemy.util.test.WatchDog.cancel(): canceling Sat Mar 07 21:59:45 UTC 2020
------------------ testing $PTII/ptolemy/domains/de/test/auto/DepthTest1.xml
auto.tcl: Setting watchdog for 200 seconds at Sat Mar 07 21:59:45 UTC 2020
6 ms. Memory: 48128K Free: 30080K (63%)
ptolemy.util.test.WatchDog.cancel(): canceling Sat Mar 07 21:59:45 UTC 2020
auto.tcl: Setting watchdog for 200 seconds at Sat Mar 07 21:59:45 UTC 2020
1 ms. Memory: 48128K Free: 29669K (62%)
ptolemy.util.test.WatchDog.cancel(): canceling Sat Mar 07 21:59:45 UTC 2020
------------------ testing $PTII/ptolemy/domains/de/test/auto/DepthTest2.xml
auto.tcl: Setting watchdog for 200 seconds at Sat Mar 07 21:59:46 UTC 2020
3 ms. Memory: 48128K Free: 26944K (56%)
ptolemy.util.test.WatchDog.cancel(): canceling Sat Mar 07 21:59:46 UTC 2020
auto.tcl: Setting watchdog for 200 seconds at Sat Mar 07 21:59:46 UTC 2020
2 ms. Memory: 48128K Free: 26500K (55%)
ptolemy.util.test.WatchDog.cancel(): canceling Sat Mar 07 21:59:46 UTC 2020
------------------ testing $PTII/ptolemy/domains/de/test/auto/DepthTest3.xml
auto.tcl: Setting watchdog for 200 seconds at Sat Mar 07 21:59:46 UTC 2020
4 ms. Memory: 48128K Free: 30409K (63%)
ptolemy.util.test.WatchDog.cancel(): canceling Sat Mar 07 21:59:46 UTC 2020
auto.tcl: Setting watchdog for 200 seconds at Sat Mar 07 21:59:46 UTC 2020
2 ms. Memory: 48128K Free: 29998K (62%)
ptolemy.util.test.WatchDog.cancel(): canceling Sat Mar 07 21:59:46 UTC 2020
------------------ testing $PTII/ptolemy/domains/de/test/auto/DepthTest4.xml
auto.tcl: Setting watchdog for 200 seconds at Sat Mar 07 21:59:46 UTC 2020
3 ms. Memory: 48128K Free: 28767K (60%)
ptolemy.util.test.WatchDog.cancel(): canceling Sat Mar 07 21:59:46 UTC 2020
auto.tcl: Setting watchdog for 200 seconds at Sat Mar 07 21:59:46 UTC 2020
2 ms. Memory: 48128K Free: 28055K (58%)
ptolemy.util.test.WatchDog.cancel(): canceling Sat Mar 07 21:59:46 UTC 2020
------------------ testing $PTII/ptolemy/domains/de/test/auto/DepthTest5.xml
auto.tcl: Setting watchdog for 200 seconds at Sat Mar 07 21:59:46 UTC 2020
3 ms. Memory: 48128K Free: 28143K (58%)
ptolemy.util.test.WatchDog.cancel(): canceling Sat Mar 07 21:59:46 UTC 2020
auto.tcl: Setting watchdog for 200 seconds at Sat Mar 07 21:59:46 UTC 2020
2 ms. Memory: 48128K Free: 27370K (57%)
ptolemy.util.test.WatchDog.cancel(): canceling Sat Mar 07 21:59:46 UTC 2020
------------------ testing $PTII/ptolemy/domains/de/test/auto/DepthTest6.xml
auto.tcl: Setting watchdog for 200 seconds at Sat Mar 07 21:59:46 UTC 2020
4 ms. Memory: 48128K Free: 27845K (58%)
ptolemy.util.test.WatchDog.cancel(): canceling Sat Mar 07 21:59:46 UTC 2020
auto.tcl: Setting watchdog for 200 seconds at Sat Mar 07 21:59:46 UTC 2020
3 ms. Memory: 48128K Free: 27433K (57%)
ptolemy.util.test.WatchDog.cancel(): canceling Sat Mar 07 21:59:46 UTC 2020
------------------ testing $PTII/ptolemy/domains/de/test/auto/DepthTest7.xml
auto.tcl: Setting watchdog for 200 seconds at Sat Mar 07 21:59:46 UTC 2020
3 ms. Memory: 48128K Free: 28449K (59%)
ptolemy.util.test.WatchDog.cancel(): canceling Sat Mar 07 21:59:46 UTC 2020
auto.tcl: Setting watchdog for 200 seconds at Sat Mar 07 21:59:46 UTC 2020
2 ms. Memory: 48128K Free: 27542K (57%)
ptolemy.util.test.WatchDog.cancel(): canceling Sat Mar 07 21:59:46 UTC 2020
------------------ testing $PTII/ptolemy/domains/de/test/auto/EventToDate.xml
auto.tcl: Setting watchdog for 200 seconds at Sat Mar 07 21:59:46 UTC 2020
3007 ms. Memory: 48128K Free: 19709K (41%)
ptolemy.util.test.WatchDog.cancel(): canceling Sat Mar 07 21:59:49 UTC 2020
auto.tcl: Setting watchdog for 200 seconds at Sat Mar 07 21:59:49 UTC 2020
3004 ms. Memory: 48128K Free: 18768K (39%)
ptolemy.util.test.WatchDog.cancel(): canceling Sat Mar 07 21:59:52 UTC 2020
------------------ testing $PTII/ptolemy/domains/de/test/auto/FSM1.xml
auto.tcl: Setting watchdog for 200 seconds at Sat Mar 07 21:59:52 UTC 2020
41 ms. Memory: 48128K Free: 20687K (43%)
ptolemy.util.test.WatchDog.cancel(): canceling Sat Mar 07 21:59:52 UTC 2020
auto.tcl: Setting watchdog for 200 seconds at Sat Mar 07 21:59:52 UTC 2020
32 ms. Memory: 48128K Free: 17417K (36%)
ptolemy.util.test.WatchDog.cancel(): canceling Sat Mar 07 21:59:52 UTC 2020
------------------ testing $PTII/ptolemy/domains/de/test/auto/FSM7.xml
auto.tcl: Setting watchdog for 200 seconds at Sat Mar 07 21:59:52 UTC 2020
13 ms. Memory: 48128K Free: 20385K (42%)
ptolemy.util.test.WatchDog.cancel(): canceling Sat Mar 07 21:59:52 UTC 2020
auto.tcl: Setting watchdog for 200 seconds at Sat Mar 07 21:59:52 UTC 2020
13 ms. Memory: 48128K Free: 17220K (36%)
ptolemy.util.test.WatchDog.cancel(): canceling Sat Mar 07 21:59:52 UTC 2020
------------------ testing $PTII/ptolemy/domains/de/test/auto/Inspection.xml
auto.tcl: Setting watchdog for 200 seconds at Sat Mar 07 21:59:52 UTC 2020
26 ms. Memory: 48128K Free: 20425K (42%)
ptolemy.util.test.WatchDog.cancel(): canceling Sat Mar 07 21:59:52 UTC 2020
auto.tcl: Setting watchdog for 200 seconds at Sat Mar 07 21:59:52 UTC 2020
25 ms. Memory: 48128K Free: 18689K (39%)
ptolemy.util.test.WatchDog.cancel(): canceling Sat Mar 07 21:59:52 UTC 2020
------------------ testing $PTII/ptolemy/domains/de/test/auto/Iteration.xml
auto.tcl: Setting watchdog for 200 seconds at Sat Mar 07 21:59:52 UTC 2020
6 ms. Memory: 48128K Free: 26139K (54%)
ptolemy.util.test.WatchDog.cancel(): canceling Sat Mar 07 21:59:52 UTC 2020
auto.tcl: Setting watchdog for 200 seconds at Sat Mar 07 21:59:52 UTC 2020
5 ms. Memory: 48128K Free: 24744K (51%)
ptolemy.util.test.WatchDog.cancel(): canceling Sat Mar 07 21:59:52 UTC 2020
------------------ testing $PTII/ptolemy/domains/de/test/auto/LineFault.xml
auto.tcl: Setting watchdog for 200 seconds at Sat Mar 07 21:59:53 UTC 2020
627 ms. Memory: 48128K Free: 18655K (39%)
ptolemy.util.test.WatchDog.cancel(): canceling Sat Mar 07 21:59:53 UTC 2020
auto.tcl: Setting watchdog for 200 seconds at Sat Mar 07 21:59:53 UTC 2020
501 ms. Memory: 58368K Free: 37849K (65%)
ptolemy.util.test.WatchDog.cancel(): canceling Sat Mar 07 21:59:54 UTC 2020
------------------ testing $PTII/ptolemy/domains/de/test/auto/MergeModel1Add.xml
auto.tcl: Setting watchdog for 200 seconds at Sat Mar 07 21:59:54 UTC 2020
28 ms. Memory: 58368K Free: 22358K (38%)
ptolemy.util.test.WatchDog.cancel(): canceling Sat Mar 07 21:59:54 UTC 2020
auto.tcl: Setting watchdog for 200 seconds at Sat Mar 07 21:59:54 UTC 2020
7 ms. Memory: 58368K Free: 20697K (35%)
ptolemy.util.test.WatchDog.cancel(): canceling Sat Mar 07 21:59:54 UTC 2020
------------------ testing $PTII/ptolemy/domains/de/test/auto/MergeModel2Add.xml
auto.tcl: Setting watchdog for 200 seconds at Sat Mar 07 21:59:54 UTC 2020
10 ms. Memory: 51200K Free: 17264K (34%)
ptolemy.util.test.WatchDog.cancel(): canceling Sat Mar 07 21:59:54 UTC 2020
auto.tcl: Setting watchdog for 200 seconds at Sat Mar 07 21:59:54 UTC 2020
8 ms. Memory: 51200K Free: 15301K (30%)
ptolemy.util.test.WatchDog.cancel(): canceling Sat Mar 07 21:59:54 UTC 2020
------------------ testing $PTII/ptolemy/domains/de/test/auto/MergeModel3Add.xml
auto.tcl: Setting watchdog for 200 seconds at Sat Mar 07 21:59:54 UTC 2020
6 ms. Memory: 51200K Free: 17281K (34%)
ptolemy.util.test.WatchDog.cancel(): canceling Sat Mar 07 21:59:54 UTC 2020
auto.tcl: Setting watchdog for 200 seconds at Sat Mar 07 21:59:54 UTC 2020
6 ms. Memory: 51200K Free: 15728K (31%)
ptolemy.util.test.WatchDog.cancel(): canceling Sat Mar 07 21:59:54 UTC 2020
------------------ testing $PTII/ptolemy/domains/de/test/auto/MergeWithoutDiscard.xml
auto.tcl: Setting watchdog for 200 seconds at Sat Mar 07 21:59:54 UTC 2020
2 ms. Memory: 51200K Free: 31622K (62%)
ptolemy.util.test.WatchDog.cancel(): canceling Sat Mar 07 21:59:54 UTC 2020
auto.tcl: Setting watchdog for 200 seconds at Sat Mar 07 21:59:54 UTC 2020
1 ms. Memory: 51200K Free: 31176K (61%)
ptolemy.util.test.WatchDog.cancel(): canceling Sat Mar 07 21:59:54 UTC 2020
------------------ testing $PTII/ptolemy/domains/de/test/auto/Modal1.xml
auto.tcl: Setting watchdog for 200 seconds at Sat Mar 07 21:59:54 UTC 2020
11 ms. Memory: 51200K Free: 23755K (46%)
ptolemy.util.test.WatchDog.cancel(): canceling Sat Mar 07 21:59:54 UTC 2020
auto.tcl: Setting watchdog for 200 seconds at Sat Mar 07 21:59:54 UTC 2020
12 ms. Memory: 51200K Free: 20309K (40%)
ptolemy.util.test.WatchDog.cancel(): canceling Sat Mar 07 21:59:54 UTC 2020
------------------ testing $PTII/ptolemy/domains/de/test/auto/Modal2.xml
auto.tcl: Setting watchdog for 200 seconds at Sat Mar 07 21:59:54 UTC 2020
18 ms. Memory: 51200K Free: 24131K (47%)
ptolemy.util.test.WatchDog.cancel(): canceling Sat Mar 07 21:59:54 UTC 2020
auto.tcl: Setting watchdog for 200 seconds at Sat Mar 07 21:59:54 UTC 2020
16 ms. Memory: 51200K Free: 20607K (40%)
ptolemy.util.test.WatchDog.cancel(): canceling Sat Mar 07 21:59:55 UTC 2020
------------------ testing $PTII/ptolemy/domains/de/test/auto/Modal3.xml
auto.tcl: Setting watchdog for 200 seconds at Sat Mar 07 21:59:55 UTC 2020
10 ms. Memory: 51200K Free: 23867K (47%)
ptolemy.util.test.WatchDog.cancel(): canceling Sat Mar 07 21:59:55 UTC 2020
auto.tcl: Setting watchdog for 200 seconds at Sat Mar 07 21:59:55 UTC 2020
11 ms. Memory: 51200K Free: 20650K (40%)
ptolemy.util.test.WatchDog.cancel(): canceling Sat Mar 07 21:59:55 UTC 2020
------------------ testing $PTII/ptolemy/domains/de/test/auto/Modal4.xml
auto.tcl: Setting watchdog for 200 seconds at Sat Mar 07 21:59:55 UTC 2020
12 ms. Memory: 51200K Free: 22809K (45%)
ptolemy.util.test.WatchDog.cancel(): canceling Sat Mar 07 21:59:55 UTC 2020
auto.tcl: Setting watchdog for 200 seconds at Sat Mar 07 21:59:55 UTC 2020
13 ms. Memory: 51200K Free: 18981K (37%)
ptolemy.util.test.WatchDog.cancel(): canceling Sat Mar 07 21:59:55 UTC 2020
------------------ testing $PTII/ptolemy/domains/de/test/auto/Modal5.xml
auto.tcl: Setting watchdog for 200 seconds at Sat Mar 07 21:59:55 UTC 2020
11 ms. Memory: 51200K Free: 22811K (45%)
ptolemy.util.test.WatchDog.cancel(): canceling Sat Mar 07 21:59:55 UTC 2020
auto.tcl: Setting watchdog for 200 seconds at Sat Mar 07 21:59:55 UTC 2020
12 ms. Memory: 51200K Free: 18967K (37%)
ptolemy.util.test.WatchDog.cancel(): canceling Sat Mar 07 21:59:55 UTC 2020
------------------ testing $PTII/ptolemy/domains/de/test/auto/Modal6.xml
auto.tcl: Setting watchdog for 200 seconds at Sat Mar 07 21:59:55 UTC 2020
16 ms. Memory: 51200K Free: 23582K (46%)
ptolemy.util.test.WatchDog.cancel(): canceling Sat Mar 07 21:59:55 UTC 2020
auto.tcl: Setting watchdog for 200 seconds at Sat Mar 07 21:59:55 UTC 2020
13 ms. Memory: 51200K Free: 19989K (39%)
ptolemy.util.test.WatchDog.cancel(): canceling Sat Mar 07 21:59:55 UTC 2020
------------------ testing $PTII/ptolemy/domains/de/test/auto/Modal7.xml
auto.tcl: Setting watchdog for 200 seconds at Sat Mar 07 21:59:55 UTC 2020
14 ms. Memory: 51200K Free: 22559K (44%)
ptolemy.util.test.WatchDog.cancel(): canceling Sat Mar 07 21:59:55 UTC 2020
auto.tcl: Setting watchdog for 200 seconds at Sat Mar 07 21:59:55 UTC 2020
7 ms. Memory: 51200K Free: 19225K (38%)
ptolemy.util.test.WatchDog.cancel(): canceling Sat Mar 07 21:59:55 UTC 2020
------------------ testing $PTII/ptolemy/domains/de/test/auto/ModalModel.xml
auto.tcl: Setting watchdog for 200 seconds at Sat Mar 07 21:59:55 UTC 2020
198 ms. Memory: 51200K Free: 13118K (26%)
ptolemy.util.test.WatchDog.cancel(): canceling Sat Mar 07 21:59:55 UTC 2020
auto.tcl: Setting watchdog for 200 seconds at Sat Mar 07 21:59:55 UTC 2020
184 ms. Memory: 64512K Free: 21162K (33%)
ptolemy.util.test.WatchDog.cancel(): canceling Sat Mar 07 21:59:55 UTC 2020
------------------ testing $PTII/ptolemy/domains/de/test/auto/ModalSource.xml
auto.tcl: Setting watchdog for 200 seconds at Sat Mar 07 21:59:55 UTC 2020
14 ms. Memory: 55296K Free: 31736K (57%)
ptolemy.util.test.WatchDog.cancel(): canceling Sat Mar 07 21:59:55 UTC 2020
auto.tcl: Setting watchdog for 200 seconds at Sat Mar 07 21:59:55 UTC 2020
5 ms. Memory: 55296K Free: 29688K (54%)
ptolemy.util.test.WatchDog.cancel(): canceling Sat Mar 07 21:59:55 UTC 2020
------------------ testing $PTII/ptolemy/domains/de/test/auto/NonInterruptibleTimerZeroDelay.xml
auto.tcl: Setting watchdog for 200 seconds at Sat Mar 07 21:59:56 UTC 2020
3 ms. Memory: 55296K Free: 36904K (67%)
ptolemy.util.test.WatchDog.cancel(): canceling Sat Mar 07 21:59:56 UTC 2020
auto.tcl: Setting watchdog for 200 seconds at Sat Mar 07 21:59:56 UTC 2020
2 ms. Memory: 55296K Free: 36036K (65%)
ptolemy.util.test.WatchDog.cancel(): canceling Sat Mar 07 21:59:56 UTC 2020
------------------ testing $PTII/ptolemy/domains/de/test/auto/OpenQueueingNetwork.xml
auto.tcl: Setting watchdog for 200 seconds at Sat Mar 07 21:59:56 UTC 2020
2567 ms. Memory: 110592K Free: 47550K (43%)
ptolemy.util.test.WatchDog.cancel(): canceling Sat Mar 07 21:59:58 UTC 2020
auto.tcl: Setting watchdog for 200 seconds at Sat Mar 07 21:59:58 UTC 2020
2558 ms. Memory: 133120K Free: 89023K (67%)
ptolemy.util.test.WatchDog.cancel(): canceling Sat Mar 07 22:00:01 UTC 2020
------------------ testing $PTII/ptolemy/domains/de/test/auto/OpenQueuingNetwork.xml
auto.tcl: Setting watchdog for 200 seconds at Sat Mar 07 22:00:01 UTC 2020
224 ms. Memory: 58368K Free: 32394K (55%)
ptolemy.util.test.WatchDog.cancel(): canceling Sat Mar 07 22:00:01 UTC 2020
auto.tcl: Setting watchdog for 200 seconds at Sat Mar 07 22:00:01 UTC 2020
220 ms. Memory: 58368K Free: 14298K (24%)
ptolemy.util.test.WatchDog.cancel(): canceling Sat Mar 07 22:00:01 UTC 2020
------------------ testing $PTII/ptolemy/domains/de/test/auto/PeriodicSampler.xml
auto.tcl: Setting watchdog for 200 seconds at Sat Mar 07 22:00:01 UTC 2020
2 ms. Memory: 55296K Free: 35872K (65%)
ptolemy.util.test.WatchDog.cancel(): canceling Sat Mar 07 22:00:01 UTC 2020
auto.tcl: Setting watchdog for 200 seconds at Sat Mar 07 22:00:01 UTC 2020
1 ms. Memory: 55296K Free: 35344K (64%)
ptolemy.util.test.WatchDog.cancel(): canceling Sat Mar 07 22:00:01 UTC 2020
------------------ testing $PTII/ptolemy/domains/de/test/auto/PersistentIO.xml
auto.tcl: Setting watchdog for 200 seconds at Sat Mar 07 22:00:02 UTC 2020
5 ms. Memory: 51200K Free: 26684K (52%)
ptolemy.util.test.WatchDog.cancel(): canceling Sat Mar 07 22:00:02 UTC 2020
auto.tcl: Setting watchdog for 200 seconds at Sat Mar 07 22:00:02 UTC 2020
3 ms. Memory: 51200K Free: 25180K (49%)
ptolemy.util.test.WatchDog.cancel(): canceling Sat Mar 07 22:00:02 UTC 2020
------------------ testing $PTII/ptolemy/domains/de/test/auto/PortParameterResetOnInitialize.xml
auto.tcl: Setting watchdog for 200 seconds at Sat Mar 07 22:00:02 UTC 2020
9 ms. Memory: 51200K Free: 31666K (62%)
ptolemy.util.test.WatchDog.cancel(): canceling Sat Mar 07 22:00:02 UTC 2020
auto.tcl: Setting watchdog for 200 seconds at Sat Mar 07 22:00:02 UTC 2020
1 ms. Memory: 51200K Free: 31188K (61%)
ptolemy.util.test.WatchDog.cancel(): canceling Sat Mar 07 22:00:02 UTC 2020
------------------ testing $PTII/ptolemy/domains/de/test/auto/PortParameterUpdates.xml
auto.tcl: Setting watchdog for 200 seconds at Sat Mar 07 22:00:02 UTC 2020
4 ms. Memory: 51200K Free: 29993K (59%)
ptolemy.util.test.WatchDog.cancel(): canceling Sat Mar 07 22:00:02 UTC 2020
auto.tcl: Setting watchdog for 200 seconds at Sat Mar 07 22:00:02 UTC 2020
2 ms. Memory: 51200K Free: 28763K (56%)
ptolemy.util.test.WatchDog.cancel(): canceling Sat Mar 07 22:00:02 UTC 2020
------------------ testing $PTII/ptolemy/domains/de/test/auto/QueueAndServer.xml
auto.tcl: Setting watchdog for 200 seconds at Sat Mar 07 22:00:02 UTC 2020
5 ms. Memory: 51200K Free: 28661K (56%)
ptolemy.util.test.WatchDog.cancel(): canceling Sat Mar 07 22:00:02 UTC 2020
auto.tcl: Setting watchdog for 200 seconds at Sat Mar 07 22:00:02 UTC 2020
5 ms. Memory: 51200K Free: 27189K (53%)
ptolemy.util.test.WatchDog.cancel(): canceling Sat Mar 07 22:00:02 UTC 2020
------------------ testing $PTII/ptolemy/domains/de/test/auto/Records.xml
auto.tcl: Setting watchdog for 200 seconds at Sat Mar 07 22:00:02 UTC 2020
3 ms. Memory: 51200K Free: 30938K (60%)
ptolemy.util.test.WatchDog.cancel(): canceling Sat Mar 07 22:00:02 UTC 2020
auto.tcl: Setting watchdog for 200 seconds at Sat Mar 07 22:00:02 UTC 2020
1 ms. Memory: 51200K Free: 30399K (59%)
ptolemy.util.test.WatchDog.cancel(): canceling Sat Mar 07 22:00:02 UTC 2020
------------------ testing $PTII/ptolemy/domains/de/test/auto/ResetTransitionWithStartTime1.xml
auto.tcl: Setting watchdog for 200 seconds at Sat Mar 07 22:00:02 UTC 2020
9 ms. Memory: 51200K Free: 28185K (55%)
ptolemy.util.test.WatchDog.cancel(): canceling Sat Mar 07 22:00:02 UTC 2020
auto.tcl: Setting watchdog for 200 seconds at Sat Mar 07 22:00:02 UTC 2020
7 ms. Memory: 51200K Free: 26142K (51%)
ptolemy.util.test.WatchDog.cancel(): canceling Sat Mar 07 22:00:02 UTC 2020
------------------ testing $PTII/ptolemy/domains/de/test/auto/ResetTransitionWithStartTime2.xml
auto.tcl: Setting watchdog for 200 seconds at Sat Mar 07 22:00:02 UTC 2020
5 ms. Memory: 51200K Free: 28141K (55%)
ptolemy.util.test.WatchDog.cancel(): canceling Sat Mar 07 22:00:02 UTC 2020
auto.tcl: Setting watchdog for 200 seconds at Sat Mar 07 22:00:02 UTC 2020
7 ms. Memory: 51200K Free: 26093K (51%)
ptolemy.util.test.WatchDog.cancel(): canceling Sat Mar 07 22:00:02 UTC 2020
------------------ testing $PTII/ptolemy/domains/de/test/auto/ResetTransitionWithStartTime3.xml
auto.tcl: Setting watchdog for 200 seconds at Sat Mar 07 22:00:02 UTC 2020
8 ms. Memory: 51200K Free: 28139K (55%)
ptolemy.util.test.WatchDog.cancel(): canceling Sat Mar 07 22:00:02 UTC 2020
auto.tcl: Setting watchdog for 200 seconds at Sat Mar 07 22:00:02 UTC 2020
5 ms. Memory: 51200K Free: 26096K (51%)
ptolemy.util.test.WatchDog.cancel(): canceling Sat Mar 07 22:00:02 UTC 2020
------------------ testing $PTII/ptolemy/domains/de/test/auto/ResetTransitionWithStartTime4.xml
auto.tcl: Setting watchdog for 200 seconds at Sat Mar 07 22:00:02 UTC 2020
10 ms. Memory: 51200K Free: 28584K (56%)
ptolemy.util.test.WatchDog.cancel(): canceling Sat Mar 07 22:00:02 UTC 2020
auto.tcl: Setting watchdog for 200 seconds at Sat Mar 07 22:00:02 UTC 2020
3 ms. Memory: 51200K Free: 27113K (53%)
ptolemy.util.test.WatchDog.cancel(): canceling Sat Mar 07 22:00:02 UTC 2020
------------------ testing $PTII/ptolemy/domains/de/test/auto/ResettableTimer1.xml
auto.tcl: Setting watchdog for 200 seconds at Sat Mar 07 22:00:02 UTC 2020
2 ms. Memory: 51200K Free: 32312K (63%)
ptolemy.util.test.WatchDog.cancel(): canceling Sat Mar 07 22:00:02 UTC 2020
auto.tcl: Setting watchdog for 200 seconds at Sat Mar 07 22:00:02 UTC 2020
2 ms. Memory: 51200K Free: 31685K (62%)
ptolemy.util.test.WatchDog.cancel(): canceling Sat Mar 07 22:00:02 UTC 2020
------------------ testing $PTII/ptolemy/domains/de/test/auto/ResettableTimer2.xml
auto.tcl: Setting watchdog for 200 seconds at Sat Mar 07 22:00:02 UTC 2020
2 ms. Memory: 51200K Free: 32371K (63%)
ptolemy.util.test.WatchDog.cancel(): canceling Sat Mar 07 22:00:02 UTC 2020
auto.tcl: Setting watchdog for 200 seconds at Sat Mar 07 22:00:02 UTC 2020
2 ms. Memory: 51200K Free: 31744K (62%)
ptolemy.util.test.WatchDog.cancel(): canceling Sat Mar 07 22:00:02 UTC 2020
------------------ testing $PTII/ptolemy/domains/de/test/auto/ResettableTimer3.xml
auto.tcl: Setting watchdog for 200 seconds at Sat Mar 07 22:00:02 UTC 2020
1 ms. Memory: 51200K Free: 32271K (63%)
ptolemy.util.test.WatchDog.cancel(): canceling Sat Mar 07 22:00:02 UTC 2020
auto.tcl: Setting watchdog for 200 seconds at Sat Mar 07 22:00:02 UTC 2020
1 ms. Memory: 51200K Free: 32271K (63%)
ptolemy.util.test.WatchDog.cancel(): canceling Sat Mar 07 22:00:02 UTC 2020
------------------ testing $PTII/ptolemy/domains/de/test/auto/ResettableTimer4.xml
auto.tcl: Setting watchdog for 200 seconds at Sat Mar 07 22:00:02 UTC 2020
1 ms. Memory: 51200K Free: 32284K (63%)
ptolemy.util.test.WatchDog.cancel(): canceling Sat Mar 07 22:00:02 UTC 2020
auto.tcl: Setting watchdog for 200 seconds at Sat Mar 07 22:00:02 UTC 2020
1 ms. Memory: 51200K Free: 31778K (62%)
ptolemy.util.test.WatchDog.cancel(): canceling Sat Mar 07 22:00:02 UTC 2020
------------------ testing $PTII/ptolemy/domains/de/test/auto/ResettableTimer5.xml
auto.tcl: Setting watchdog for 200 seconds at Sat Mar 07 22:00:02 UTC 2020
1 ms. Memory: 51200K Free: 31769K (62%)
ptolemy.util.test.WatchDog.cancel(): canceling Sat Mar 07 22:00:02 UTC 2020
auto.tcl: Setting watchdog for 200 seconds at Sat Mar 07 22:00:02 UTC 2020
2 ms. Memory: 51200K Free: 31769K (62%)
ptolemy.util.test.WatchDog.cancel(): canceling Sat Mar 07 22:00:02 UTC 2020
------------------ testing $PTII/ptolemy/domains/de/test/auto/ResettableTimer6.xml
auto.tcl: Setting watchdog for 200 seconds at Sat Mar 07 22:00:02 UTC 2020
2 ms. Memory: 51200K Free: 31754K (62%)
ptolemy.util.test.WatchDog.cancel(): canceling Sat Mar 07 22:00:02 UTC 2020
auto.tcl: Setting watchdog for 200 seconds at Sat Mar 07 22:00:02 UTC 2020
1 ms. Memory: 51200K Free: 31250K (61%)
ptolemy.util.test.WatchDog.cancel(): canceling Sat Mar 07 22:00:02 UTC 2020
------------------ testing $PTII/ptolemy/domains/de/test/auto/ServerZeroDelay.xml
auto.tcl: Setting watchdog for 200 seconds at Sat Mar 07 22:00:02 UTC 2020
3 ms. Memory: 51200K Free: 32264K (63%)
ptolemy.util.test.WatchDog.cancel(): canceling Sat Mar 07 22:00:02 UTC 2020
auto.tcl: Setting watchdog for 200 seconds at Sat Mar 07 22:00:02 UTC 2020
2 ms. Memory: 51200K Free: 31240K (61%)
ptolemy.util.test.WatchDog.cancel(): canceling Sat Mar 07 22:00:02 UTC 2020
------------------ testing $PTII/ptolemy/domains/de/test/auto/SmartSender.xml
auto.tcl: Setting watchdog for 200 seconds at Sat Mar 07 22:00:03 UTC 2020
3002 ms. Memory: 51200K Free: 32264K (63%)
ptolemy.util.test.WatchDog.cancel(): canceling Sat Mar 07 22:00:06 UTC 2020
auto.tcl: Setting watchdog for 200 seconds at Sat Mar 07 22:00:06 UTC 2020
3001 ms. Memory: 51200K Free: 31744K (62%)
ptolemy.util.test.WatchDog.cancel(): canceling Sat Mar 07 22:00:09 UTC 2020
------------------ testing $PTII/ptolemy/domains/de/test/auto/ThreadedComposite.xml
auto.tcl: Setting watchdog for 200 seconds at Sat Mar 07 22:00:09 UTC 2020
220 ms. Memory: 51200K Free: 12817K (25%)
ptolemy.util.test.WatchDog.cancel(): canceling Sat Mar 07 22:00:09 UTC 2020
auto.tcl: Setting watchdog for 200 seconds at Sat Mar 07 22:00:09 UTC 2020
116 ms. Memory: 51200K Free: 27445K (54%)
ptolemy.util.test.WatchDog.cancel(): canceling Sat Mar 07 22:00:09 UTC 2020
------------------ testing $PTII/ptolemy/domains/de/test/auto/Time.xml
auto.tcl: Setting watchdog for 200 seconds at Sat Mar 07 22:00:09 UTC 2020
451 ms. Memory: 51200K Free: 8278K (16%)
ptolemy.util.test.WatchDog.cancel(): canceling Sat Mar 07 22:00:09 UTC 2020
auto.tcl: Setting watchdog for 200 seconds at Sat Mar 07 22:00:09 UTC 2020
428 ms. Memory: 68608K Free: 29919K (44%)
ptolemy.util.test.WatchDog.cancel(): canceling Sat Mar 07 22:00:10 UTC 2020
------------------ testing $PTII/ptolemy/domains/de/test/auto/TimeDelayZeroDelay.xml
auto.tcl: Setting watchdog for 200 seconds at Sat Mar 07 22:00:10 UTC 2020
2 ms. Memory: 55296K Free: 36637K (66%)
ptolemy.util.test.WatchDog.cancel(): canceling Sat Mar 07 22:00:10 UTC 2020
auto.tcl: Setting watchdog for 200 seconds at Sat Mar 07 22:00:10 UTC 2020
2 ms. Memory: 55296K Free: 35836K (65%)
ptolemy.util.test.WatchDog.cancel(): canceling Sat Mar 07 22:00:10 UTC 2020
------------------ testing $PTII/ptolemy/domains/de/test/auto/TimerZeroDelay.xml
auto.tcl: Setting watchdog for 200 seconds at Sat Mar 07 22:00:10 UTC 2020
2 ms. Memory: 55296K Free: 36696K (66%)
ptolemy.util.test.WatchDog.cancel(): canceling Sat Mar 07 22:00:10 UTC 2020
auto.tcl: Setting watchdog for 200 seconds at Sat Mar 07 22:00:10 UTC 2020
2 ms. Memory: 55296K Free: 35878K (65%)
ptolemy.util.test.WatchDog.cancel(): canceling Sat Mar 07 22:00:10 UTC 2020
------------------ testing $PTII/ptolemy/domains/de/test/auto/TimingParadox.xml
auto.tcl: Setting watchdog for 200 seconds at Sat Mar 07 22:00:10 UTC 2020
286 ms. Memory: 51200K Free: 19314K (38%)
ptolemy.util.test.WatchDog.cancel(): canceling Sat Mar 07 22:00:10 UTC 2020
auto.tcl: Setting watchdog for 200 seconds at Sat Mar 07 22:00:10 UTC 2020
271 ms. Memory: 51200K Free: 8481K (17%)
ptolemy.util.test.WatchDog.cancel(): canceling Sat Mar 07 22:00:11 UTC 2020
------------------ testing $PTII/ptolemy/domains/de/test/auto/TransferInputs.xml
auto.tcl: Setting watchdog for 200 seconds at Sat Mar 07 22:00:11 UTC 2020
2 ms. Memory: 51200K Free: 30699K (60%)
ptolemy.util.test.WatchDog.cancel(): canceling Sat Mar 07 22:00:11 UTC 2020
auto.tcl: Setting watchdog for 200 seconds at Sat Mar 07 22:00:11 UTC 2020
2 ms. Memory: 51200K Free: 29820K (58%)
ptolemy.util.test.WatchDog.cancel(): canceling Sat Mar 07 22:00:11 UTC 2020
------------------ testing $PTII/ptolemy/domains/de/test/auto/TransferOutputs2.xml
auto.tcl: Setting watchdog for 200 seconds at Sat Mar 07 22:00:11 UTC 2020
3 ms. Memory: 51200K Free: 28140K (55%)
ptolemy.util.test.WatchDog.cancel(): canceling Sat Mar 07 22:00:11 UTC 2020
auto.tcl: Setting watchdog for 200 seconds at Sat Mar 07 22:00:11 UTC 2020
3 ms. Memory: 51200K Free: 26733K (52%)
ptolemy.util.test.WatchDog.cancel(): canceling Sat Mar 07 22:00:11 UTC 2020
------------------ testing $PTII/ptolemy/domains/de/test/auto/Trilateration.xml
auto.tcl: Setting watchdog for 200 seconds at Sat Mar 07 22:00:11 UTC 2020
11363 ms. Memory: 545792K Free: 207163K (38%)
ptolemy.util.test.WatchDog.cancel(): canceling Sat Mar 07 22:00:23 UTC 2020
auto.tcl: Setting watchdog for 200 seconds at Sat Mar 07 22:00:23 UTC 2020
8485 ms. Memory: 545792K Free: 481870K (88%)
ptolemy.util.test.WatchDog.cancel(): canceling Sat Mar 07 22:00:32 UTC 2020
------------------ testing $PTII/ptolemy/domains/de/test/auto/TwoSigmaDelta.xml
auto.tcl: Setting watchdog for 200 seconds at Sat Mar 07 22:00:32 UTC 2020
2237 ms. Memory: 92160K Free: 21136K (23%)
ptolemy.util.test.WatchDog.cancel(): canceling Sat Mar 07 22:00:34 UTC 2020
auto.tcl: Setting watchdog for 200 seconds at Sat Mar 07 22:00:34 UTC 2020
1742 ms. Memory: 92160K Free: 19628K (21%)
ptolemy.util.test.WatchDog.cancel(): canceling Sat Mar 07 22:00:36 UTC 2020
------------------ testing $PTII/ptolemy/domains/de/test/auto/VariableDelay.xml
auto.tcl: Setting watchdog for 200 seconds at Sat Mar 07 22:00:36 UTC 2020
5 ms. Memory: 55296K Free: 35272K (64%)
ptolemy.util.test.WatchDog.cancel(): canceling Sat Mar 07 22:00:36 UTC 2020
auto.tcl: Setting watchdog for 200 seconds at Sat Mar 07 22:00:36 UTC 2020
1 ms. Memory: 55296K Free: 34248K (62%)
ptolemy.util.test.WatchDog.cancel(): canceling Sat Mar 07 22:00:36 UTC 2020
------------------ testing $PTII/ptolemy/domains/de/test/auto/VariableDelay2.xml
auto.tcl: Setting watchdog for 200 seconds at Sat Mar 07 22:00:36 UTC 2020
4 ms. Memory: 55296K Free: 35865K (65%)
ptolemy.util.test.WatchDog.cancel(): canceling Sat Mar 07 22:00:36 UTC 2020
auto.tcl: Setting watchdog for 200 seconds at Sat Mar 07 22:00:36 UTC 2020
2 ms. Memory: 55296K Free: 35353K (64%)
ptolemy.util.test.WatchDog.cancel(): canceling Sat Mar 07 22:00:36 UTC 2020
------------------ testing $PTII/ptolemy/domains/de/test/auto/VariableDelayZeroDelay.xml
auto.tcl: Setting watchdog for 200 seconds at Sat Mar 07 22:00:36 UTC 2020
2 ms. Memory: 51200K Free: 32118K (63%)
ptolemy.util.test.WatchDog.cancel(): canceling Sat Mar 07 22:00:36 UTC 2020
auto.tcl: Setting watchdog for 200 seconds at Sat Mar 07 22:00:36 UTC 2020
2 ms. Memory: 51200K Free: 31590K (62%)
ptolemy.util.test.WatchDog.cancel(): canceling Sat Mar 07 22:00:36 UTC 2020
------------------ testing $PTII/ptolemy/domains/de/test/auto/VariableDelayZeroDelay2.xml
auto.tcl: Setting watchdog for 200 seconds at Sat Mar 07 22:00:36 UTC 2020
2 ms. Memory: 51200K Free: 32117K (63%)
ptolemy.util.test.WatchDog.cancel(): canceling Sat Mar 07 22:00:36 UTC 2020
auto.tcl: Setting watchdog for 200 seconds at Sat Mar 07 22:00:36 UTC 2020
2 ms. Memory: 51200K Free: 31121K (61%)
ptolemy.util.test.WatchDog.cancel(): canceling Sat Mar 07 22:00:36 UTC 2020
------------------ testing $PTII/ptolemy/domains/de/test/auto/deInCt.xml
auto.tcl: Setting watchdog for 200 seconds at Sat Mar 07 22:00:36 UTC 2020
0
1
1
1
0
0
0
0
1
1
1
0
0
0
0
1
1
1
1
0
0
0
1
1
1
0
0
0
1
1
1
0
0
0
0
1
1
0
0
0
0
9 ms. Memory: 51200K Free: 31090K (61%)
ptolemy.util.test.WatchDog.cancel(): canceling Sat Mar 07 22:00:36 UTC 2020
auto.tcl: Setting watchdog for 200 seconds at Sat Mar 07 22:00:36 UTC 2020
0
1
1
1
1
1
1
0
0
0
0
0
0
1
1
1
0
0
0
1
1
1
0
0
0
0
0
3 ms. Memory: 51200K Free: 29567K (58%)
ptolemy.util.test.WatchDog.cancel(): canceling Sat Mar 07 22:00:36 UTC 2020
------------------ testing $PTII/ptolemy/domains/de/test/auto/deInCt2.xml
auto.tcl: Setting watchdog for 200 seconds at Sat Mar 07 22:00:36 UTC 2020
0
1
1
1
0
0
1
1
1
0
0
1
1
1
0
0
1
1
1
0
0
1
1
1
0
0
1
1
1
0
0
1
1
1
0
0
1
1
1
0
0
0
11 ms. Memory: 51200K Free: 31091K (61%)
ptolemy.util.test.WatchDog.cancel(): canceling Sat Mar 07 22:00:36 UTC 2020
auto.tcl: Setting watchdog for 200 seconds at Sat Mar 07 22:00:36 UTC 2020
0
1
1
1
0
0
1
1
1
0
0
1
1
1
0
0
1
1
1
0
0
1
1
1
0
0
1
1
1
0
0
1
1
1
0
0
1
1
1
0
0
0
4 ms. Memory: 51200K Free: 29554K (58%)
ptolemy.util.test.WatchDog.cancel(): canceling Sat Mar 07 22:00:36 UTC 2020
------------------ testing $PTII/ptolemy/domains/de/test/auto/dynamicCausalityInterface1.xml
auto.tcl: Setting watchdog for 200 seconds at Sat Mar 07 22:00:36 UTC 2020
1 ms. Memory: 51200K Free: 26989K (53%)
ptolemy.util.test.WatchDog.cancel(): canceling Sat Mar 07 22:00:36 UTC 2020
auto.tcl: Setting watchdog for 200 seconds at Sat Mar 07 22:00:36 UTC 2020
1 ms. Memory: 51200K Free: 26490K (52%)
ptolemy.util.test.WatchDog.cancel(): canceling Sat Mar 07 22:00:36 UTC 2020
------------------ testing $PTII/ptolemy/domains/de/test/auto/fsm_de_test.xml
auto.tcl: Setting watchdog for 200 seconds at Sat Mar 07 22:00:37 UTC 2020
7 ms. Memory: 51200K Free: 26888K (53%)
ptolemy.util.test.WatchDog.cancel(): canceling Sat Mar 07 22:00:37 UTC 2020
auto.tcl: Setting watchdog for 200 seconds at Sat Mar 07 22:00:37 UTC 2020
5 ms. Memory: 51200K Free: 24840K (49%)
ptolemy.util.test.WatchDog.cancel(): canceling Sat Mar 07 22:00:37 UTC 2020
------------------ testing $PTII/ptolemy/domains/de/test/auto/functionDependencyReconstruction.xml
auto.tcl: Setting watchdog for 200 seconds at Sat Mar 07 22:00:37 UTC 2020
2 ms. Memory: 51200K Free: 20733K (40%)
ptolemy.util.test.WatchDog.cancel(): canceling Sat Mar 07 22:00:37 UTC 2020
auto.tcl: Setting watchdog for 200 seconds at Sat Mar 07 22:00:37 UTC 2020
2 ms. Memory: 51200K Free: 18685K (36%)
ptolemy.util.test.WatchDog.cancel(): canceling Sat Mar 07 22:00:37 UTC 2020
------------------ testing $PTII/ptolemy/domains/de/test/auto/multirate.xml
auto.tcl: Setting watchdog for 200 seconds at Sat Mar 07 22:00:37 UTC 2020
3 ms. Memory: 51200K Free: 29521K (58%)
ptolemy.util.test.WatchDog.cancel(): canceling Sat Mar 07 22:00:37 UTC 2020
auto.tcl: Setting watchdog for 200 seconds at Sat Mar 07 22:00:37 UTC 2020
2 ms. Memory: 51200K Free: 27789K (54%)
ptolemy.util.test.WatchDog.cancel(): canceling Sat Mar 07 22:00:37 UTC 2020
------------------ testing $PTII/ptolemy/domains/de/test/auto/multirate2.xml
auto.tcl: Setting watchdog for 200 seconds at Sat Mar 07 22:00:37 UTC 2020
2 ms. Memory: 51200K Free: 29485K (58%)
ptolemy.util.test.WatchDog.cancel(): canceling Sat Mar 07 22:00:37 UTC 2020
auto.tcl: Setting watchdog for 200 seconds at Sat Mar 07 22:00:37 UTC 2020
2 ms. Memory: 51200K Free: 27965K (55%)
ptolemy.util.test.WatchDog.cancel(): canceling Sat Mar 07 22:00:37 UTC 2020
------------------ testing $PTII/ptolemy/domains/de/test/auto/realtime.xml
auto.tcl: Setting watchdog for 200 seconds at Sat Mar 07 22:00:37 UTC 2020
10001 ms. Memory: 51200K Free: 31771K (62%)
ptolemy.util.test.WatchDog.cancel(): canceling Sat Mar 07 22:00:47 UTC 2020
auto.tcl: Setting watchdog for 200 seconds at Sat Mar 07 22:00:47 UTC 2020
10001 ms. Memory: 51200K Free: 31035K (61%)
ptolemy.util.test.WatchDog.cancel(): canceling Sat Mar 07 22:00:57 UTC 2020
------------------ testing $PTII/ptolemy/domains/de/test/auto/relationGroup.xml
auto.tcl: Setting watchdog for 200 seconds at Sat Mar 07 22:00:57 UTC 2020
1 ms. Memory: 51200K Free: 32820K (64%)
ptolemy.util.test.WatchDog.cancel(): canceling Sat Mar 07 22:00:57 UTC 2020
auto.tcl: Setting watchdog for 200 seconds at Sat Mar 07 22:00:57 UTC 2020
2 ms. Memory: 51200K Free: 32308K (63%)
ptolemy.util.test.WatchDog.cancel(): canceling Sat Mar 07 22:00:57 UTC 2020
------------------ testing $PTII/ptolemy/domains/de/test/auto/relationGroup2.xml
auto.tcl: Setting watchdog for 200 seconds at Sat Mar 07 22:00:57 UTC 2020
1 ms. Memory: 51200K Free: 32652K (64%)
ptolemy.util.test.WatchDog.cancel(): canceling Sat Mar 07 22:00:57 UTC 2020
auto.tcl: Setting watchdog for 200 seconds at Sat Mar 07 22:00:57 UTC 2020
1 ms. Memory: 51200K Free: 32142K (63%)
ptolemy.util.test.WatchDog.cancel(): canceling Sat Mar 07 22:00:57 UTC 2020
------------------ testing $PTII/ptolemy/domains/de/test/auto/sortWithOpaquePorts.xml
auto.tcl: Setting watchdog for 200 seconds at Sat Mar 07 22:00:57 UTC 2020
1 ms. Memory: 51200K Free: 32143K (63%)
ptolemy.util.test.WatchDog.cancel(): canceling Sat Mar 07 22:00:57 UTC 2020
auto.tcl: Setting watchdog for 200 seconds at Sat Mar 07 22:00:57 UTC 2020
2 ms. Memory: 51200K Free: 30618K (60%)
ptolemy.util.test.WatchDog.cancel(): canceling Sat Mar 07 22:00:57 UTC 2020
------------------ testing $PTII/ptolemy/domains/de/test/auto/transferInputsandOutputs.xml
auto.tcl: Setting watchdog for 200 seconds at Sat Mar 07 22:00:57 UTC 2020
2 ms. Memory: 51200K Free: 29058K (57%)
ptolemy.util.test.WatchDog.cancel(): canceling Sat Mar 07 22:00:57 UTC 2020
auto.tcl: Setting watchdog for 200 seconds at Sat Mar 07 22:00:57 UTC 2020
2 ms. Memory: 51200K Free: 28034K (55%)
ptolemy.util.test.WatchDog.cancel(): canceling Sat Mar 07 22:00:57 UTC 2020
------------------ testing $PTII/ptolemy/domains/de/test/auto/triggerType.xml
auto.tcl: Setting watchdog for 200 seconds at Sat Mar 07 22:00:57 UTC 2020
1 ms. Memory: 51200K Free: 32083K (63%)
ptolemy.util.test.WatchDog.cancel(): canceling Sat Mar 07 22:00:57 UTC 2020
auto.tcl: Setting watchdog for 200 seconds at Sat Mar 07 22:00:57 UTC 2020
1 ms. Memory: 51200K Free: 31063K (61%)
ptolemy.util.test.WatchDog.cancel(): canceling Sat Mar 07 22:00:57 UTC 2020
03/07/20 10:00:57
Failed: 0  Total Tests: 192  ((Passed: 187, Newly Passed: 1)  Known Failed: 5) /home/travis/build/icyphy/ptII/ptolemy/domains/de/test
03/07/20 10:00:57
Failed: 0  Total Tests: 192  ((Passed: 187, Newly Passed: 1)  Known Failed: 5) /home/travis/build/icyphy/ptII/ptolemy/domains/de/test
----------------- testing (KnownFailure) /home/travis/build/icyphy/ptII/ptolemy/domains/de/test/auto/knownFailedTests/DESDFClockTest.xml
2013 ms. Memory: 51200K Free: 25478K (50%)
Known Failure: java.lang.reflect.InvocationTargetException
----------------- testing (KnownFailure) /home/travis/build/icyphy/ptII/ptolemy/domains/de/test/auto/knownFailedTests/DirectFeedback.xml
2 ms. Memory: 51200K Free: 21896K (43%)
Known Failure: java.lang.reflect.InvocationTargetException
----------------- testing (KnownFailure) /home/travis/build/icyphy/ptII/ptolemy/domains/de/test/auto/knownFailedTests/FSMSource.xml
6 ms. Memory: 51200K Free: 14728K (29%)
----------------- testing (KnownFailure) /home/travis/build/icyphy/ptII/ptolemy/domains/de/test/auto/knownFailedTests/HierarchicalModel.xml
2 ms. Memory: 51200K Free: 27995K (55%)
Known Failure: java.lang.reflect.InvocationTargetException
----------------- testing (KnownFailure) /home/travis/build/icyphy/ptII/ptolemy/domains/de/test/auto/knownFailedTests/dependencyLoop.xml
2 ms. Memory: 51200K Free: 12946K (25%)
Known Failure: java.lang.reflect.InvocationTargetException
----------------- testing (KnownFailure) /home/travis/build/icyphy/ptII/ptolemy/domains/de/test/auto/knownFailedTests/dependencyLoop2.xml
3 ms. Memory: 51200K Free: 26884K (53%)
Known Failure: java.lang.reflect.InvocationTargetException
No auto/linux-amd64/*.xml tests in /home/travis/build/icyphy/ptII/ptolemy/domains/de/test
AutoTests.java: About to close Vertx.
AutoTests.java: Vertx closed.

===========================================================================================
----------------- testing Sat Mar 07 22:00:59 UTC 2020 /home/travis/build/icyphy/ptII/ptolemy/domains/de/test/auto/ActorDepthCalculation_actorWithoutPorts.xml
----------------- Instantiating /home/travis/build/icyphy/ptII/ptolemy/domains/de/test/auto/ActorDepthCalculation_actorWithoutPorts.xml
2 ms. Memory: 51200K Free: 20075K (39%)
----------------- Invoking toplevel() on ptolemy.moml.MoMLSimpleApplication@48159a06
----------------- Done invoking toplevel() on ptolemy.moml.MoMLSimpleApplication@48159a06
reloadAllAccessors: .ActorDepthCalculation_actorWithoutPorts

===========================================================================================
----------------- testing Sat Mar 07 22:00:59 UTC 2020 /home/travis/build/icyphy/ptII/ptolemy/domains/de/test/auto/AssemblyLine.xml
----------------- Instantiating /home/travis/build/icyphy/ptII/ptolemy/domains/de/test/auto/AssemblyLine.xml
2 ms. Memory: 51200K Free: 12937K (25%)
----------------- Invoking toplevel() on ptolemy.moml.MoMLSimpleApplication@11eed34e
----------------- Done invoking toplevel() on ptolemy.moml.MoMLSimpleApplication@11eed34e
reloadAllAccessors: .AssemblyLine

===========================================================================================
----------------- testing Sat Mar 07 22:00:59 UTC 2020 /home/travis/build/icyphy/ptII/ptolemy/domains/de/test/auto/CQBug1.xml
----------------- Instantiating /home/travis/build/icyphy/ptII/ptolemy/domains/de/test/auto/CQBug1.xml
1 ms. Memory: 51200K Free: 10154K (20%)
----------------- Invoking toplevel() on ptolemy.moml.MoMLSimpleApplication@1c2316e3
----------------- Done invoking toplevel() on ptolemy.moml.MoMLSimpleApplication@1c2316e3
reloadAllAccessors: .CQBug1

===========================================================================================
----------------- testing Sat Mar 07 22:00:59 UTC 2020 /home/travis/build/icyphy/ptII/ptolemy/domains/de/test/auto/CancelFireAt.xml
----------------- Instantiating /home/travis/build/icyphy/ptII/ptolemy/domains/de/test/auto/CancelFireAt.xml
2 ms. Memory: 51200K Free: 7817K (15%)
----------------- Invoking toplevel() on ptolemy.moml.MoMLSimpleApplication@1cba8491
----------------- Done invoking toplevel() on ptolemy.moml.MoMLSimpleApplication@1cba8491
reloadAllAccessors: .CancelFireAt

===========================================================================================
----------------- testing Sat Mar 07 22:00:59 UTC 2020 /home/travis/build/icyphy/ptII/ptolemy/domains/de/test/auto/CausalityAndComposabilityAnalysis.xml
----------------- Instantiating /home/travis/build/icyphy/ptII/ptolemy/domains/de/test/auto/CausalityAndComposabilityAnalysis.xml
3 ms. Memory: 51200K Free: 32499K (63%)
----------------- Invoking toplevel() on ptolemy.moml.MoMLSimpleApplication@59abba53
----------------- Done invoking toplevel() on ptolemy.moml.MoMLSimpleApplication@59abba53
reloadAllAccessors: .CausalityAndComposabilityAnalysis

===========================================================================================
----------------- testing Sat Mar 07 22:00:59 UTC 2020 /home/travis/build/icyphy/ptII/ptolemy/domains/de/test/auto/CausalityInterface1.xml
----------------- Instantiating /home/travis/build/icyphy/ptII/ptolemy/domains/de/test/auto/CausalityInterface1.xml
4 ms. Memory: 51200K Free: 27722K (54%)
----------------- Invoking toplevel() on ptolemy.moml.MoMLSimpleApplication@14a6ecd9
----------------- Done invoking toplevel() on ptolemy.moml.MoMLSimpleApplication@14a6ecd9
reloadAllAccessors: .CausalityInterface1

===========================================================================================
----------------- testing Sat Mar 07 22:00:59 UTC 2020 /home/travis/build/icyphy/ptII/ptolemy/domains/de/test/auto/CausalityInterface15.xml
----------------- Instantiating /home/travis/build/icyphy/ptII/ptolemy/domains/de/test/auto/CausalityInterface15.xml
1 ms. Memory: 51200K Free: 22283K (44%)
----------------- Invoking toplevel() on ptolemy.moml.MoMLSimpleApplication@54fb4941
----------------- Done invoking toplevel() on ptolemy.moml.MoMLSimpleApplication@54fb4941
reloadAllAccessors: .CausalityInterface15

===========================================================================================
----------------- testing Sat Mar 07 22:00:59 UTC 2020 /home/travis/build/icyphy/ptII/ptolemy/domains/de/test/auto/CausalityInterface2.xml
----------------- Instantiating /home/travis/build/icyphy/ptII/ptolemy/domains/de/test/auto/CausalityInterface2.xml
2 ms. Memory: 51200K Free: 17644K (34%)
----------------- Invoking toplevel() on ptolemy.moml.MoMLSimpleApplication@5c56a47f
----------------- Done invoking toplevel() on ptolemy.moml.MoMLSimpleApplication@5c56a47f
reloadAllAccessors: .CausalityInterface2

===========================================================================================
----------------- testing Sat Mar 07 22:00:59 UTC 2020 /home/travis/build/icyphy/ptII/ptolemy/domains/de/test/auto/CausalityInterface3.xml
----------------- Instantiating /home/travis/build/icyphy/ptII/ptolemy/domains/de/test/auto/CausalityInterface3.xml
1 ms. Memory: 51200K Free: 12757K (25%)
----------------- Invoking toplevel() on ptolemy.moml.MoMLSimpleApplication@5036b72b
----------------- Done invoking toplevel() on ptolemy.moml.MoMLSimpleApplication@5036b72b
reloadAllAccessors: .CausalityInterface3

===========================================================================================
----------------- testing Sat Mar 07 22:00:59 UTC 2020 /home/travis/build/icyphy/ptII/ptolemy/domains/de/test/auto/ClockDrift.xml
----------------- Instantiating /home/travis/build/icyphy/ptII/ptolemy/domains/de/test/auto/ClockDrift.xml
11 ms. Memory: 51200K Free: 29333K (57%)
----------------- Invoking toplevel() on ptolemy.moml.MoMLSimpleApplication@2265c060
----------------- Done invoking toplevel() on ptolemy.moml.MoMLSimpleApplication@2265c060
reloadAllAccessors: .ClockDrift

===========================================================================================
----------------- testing Sat Mar 07 22:01:00 UTC 2020 /home/travis/build/icyphy/ptII/ptolemy/domains/de/test/auto/ClockDriftAndValueChange.xml
----------------- Instantiating /home/travis/build/icyphy/ptII/ptolemy/domains/de/test/auto/ClockDriftAndValueChange.xml
9 ms. Memory: 51200K Free: 17496K (34%)
----------------- Invoking toplevel() on ptolemy.moml.MoMLSimpleApplication@7bb06fb2
----------------- Done invoking toplevel() on ptolemy.moml.MoMLSimpleApplication@7bb06fb2
reloadAllAccessors: .ClockDriftAndValueChange

===========================================================================================
----------------- testing Sat Mar 07 22:01:00 UTC 2020 /home/travis/build/icyphy/ptII/ptolemy/domains/de/test/auto/ClockDriftChange.xml
----------------- Instantiating /home/travis/build/icyphy/ptII/ptolemy/domains/de/test/auto/ClockDriftChange.xml
9 ms. Memory: 51200K Free: 7256K (14%)
----------------- Invoking toplevel() on ptolemy.moml.MoMLSimpleApplication@5f380bb
----------------- Done invoking toplevel() on ptolemy.moml.MoMLSimpleApplication@5f380bb
reloadAllAccessors: .ClockDriftChange

===========================================================================================
----------------- testing Sat Mar 07 22:01:00 UTC 2020 /home/travis/build/icyphy/ptII/ptolemy/domains/de/test/auto/ComposableCausalityAnalysis.xml
----------------- Instantiating /home/travis/build/icyphy/ptII/ptolemy/domains/de/test/auto/ComposableCausalityAnalysis.xml
1 ms. Memory: 51200K Free: 30340K (59%)
----------------- Invoking toplevel() on ptolemy.moml.MoMLSimpleApplication@e3c79b3
----------------- Done invoking toplevel() on ptolemy.moml.MoMLSimpleApplication@e3c79b3
reloadAllAccessors: .ComposableCausalityAnalysis

===========================================================================================
----------------- testing Sat Mar 07 22:01:00 UTC 2020 /home/travis/build/icyphy/ptII/ptolemy/domains/de/test/auto/DEFixedPointLimitation.xml
----------------- Instantiating /home/travis/build/icyphy/ptII/ptolemy/domains/de/test/auto/DEFixedPointLimitation.xml
1 ms. Memory: 51200K Free: 25827K (50%)
----------------- Invoking toplevel() on ptolemy.moml.MoMLSimpleApplication@bba0406
----------------- Done invoking toplevel() on ptolemy.moml.MoMLSimpleApplication@bba0406
reloadAllAccessors: .DEFixedPointLimitation

===========================================================================================
----------------- testing Sat Mar 07 22:01:00 UTC 2020 /home/travis/build/icyphy/ptII/ptolemy/domains/de/test/auto/DEScheduleTest.xml
----------------- Instantiating /home/travis/build/icyphy/ptII/ptolemy/domains/de/test/auto/DEScheduleTest.xml
2 ms. Memory: 51200K Free: 21725K (42%)
----------------- Invoking toplevel() on ptolemy.moml.MoMLSimpleApplication@681b5b05
----------------- Done invoking toplevel() on ptolemy.moml.MoMLSimpleApplication@681b5b05
reloadAllAccessors: .DEScheduleTest

===========================================================================================
----------------- testing Sat Mar 07 22:01:00 UTC 2020 /home/travis/build/icyphy/ptII/ptolemy/domains/de/test/auto/DEinDEwithStartTimes.xml
----------------- Instantiating /home/travis/build/icyphy/ptII/ptolemy/domains/de/test/auto/DEinDEwithStartTimes.xml
2 ms. Memory: 51200K Free: 15994K (31%)
----------------- Invoking toplevel() on ptolemy.moml.MoMLSimpleApplication@23a908e3
----------------- Done invoking toplevel() on ptolemy.moml.MoMLSimpleApplication@23a908e3
reloadAllAccessors: .DEinDEwithStartTimes

===========================================================================================
----------------- testing Sat Mar 07 22:01:00 UTC 2020 /home/travis/build/icyphy/ptII/ptolemy/domains/de/test/auto/DEinDEwithStartTimes2.xml
----------------- Instantiating /home/travis/build/icyphy/ptII/ptolemy/domains/de/test/auto/DEinDEwithStartTimes2.xml
2 ms. Memory: 51200K Free: 9572K (19%)
----------------- Invoking toplevel() on ptolemy.moml.MoMLSimpleApplication@2a8f107b
----------------- Done invoking toplevel() on ptolemy.moml.MoMLSimpleApplication@2a8f107b
reloadAllAccessors: .DEinDEwithStartTimes2

===========================================================================================
----------------- testing Sat Mar 07 22:01:00 UTC 2020 /home/travis/build/icyphy/ptII/ptolemy/domains/de/test/auto/DateDemo.xml
----------------- Instantiating /home/travis/build/icyphy/ptII/ptolemy/domains/de/test/auto/DateDemo.xml
6 ms. Memory: 51200K Free: 26893K (53%)
----------------- Invoking toplevel() on ptolemy.moml.MoMLSimpleApplication@1c0f62cc
----------------- Done invoking toplevel() on ptolemy.moml.MoMLSimpleApplication@1c0f62cc
reloadAllAccessors: .DateDemo

===========================================================================================
----------------- testing Sat Mar 07 22:01:00 UTC 2020 /home/travis/build/icyphy/ptII/ptolemy/domains/de/test/auto/DateToEvent.xml
----------------- Instantiating /home/travis/build/icyphy/ptII/ptolemy/domains/de/test/auto/DateToEvent.xml
2004 ms. Memory: 51200K Free: 11566K (23%)
----------------- Invoking toplevel() on ptolemy.moml.MoMLSimpleApplication@2f2baf07
----------------- Done invoking toplevel() on ptolemy.moml.MoMLSimpleApplication@2f2baf07
reloadAllAccessors: .DateToEvent

===========================================================================================
----------------- testing Sat Mar 07 22:01:02 UTC 2020 /home/travis/build/icyphy/ptII/ptolemy/domains/de/test/auto/DepthTest1.xml
----------------- Instantiating /home/travis/build/icyphy/ptII/ptolemy/domains/de/test/auto/DepthTest1.xml
1 ms. Memory: 51200K Free: 8678K (17%)
----------------- Invoking toplevel() on ptolemy.moml.MoMLSimpleApplication@7ea99236
----------------- Done invoking toplevel() on ptolemy.moml.MoMLSimpleApplication@7ea99236
reloadAllAccessors: .DepthTest1

===========================================================================================
----------------- testing Sat Mar 07 22:01:02 UTC 2020 /home/travis/build/icyphy/ptII/ptolemy/domains/de/test/auto/DepthTest2.xml
----------------- Instantiating /home/travis/build/icyphy/ptII/ptolemy/domains/de/test/auto/DepthTest2.xml
1 ms. Memory: 51200K Free: 30262K (59%)
----------------- Invoking toplevel() on ptolemy.moml.MoMLSimpleApplication@38ab66b4
----------------- Done invoking toplevel() on ptolemy.moml.MoMLSimpleApplication@38ab66b4
reloadAllAccessors: .DepthTest2

===========================================================================================
----------------- testing Sat Mar 07 22:01:02 UTC 2020 /home/travis/build/icyphy/ptII/ptolemy/domains/de/test/auto/DepthTest3.xml
----------------- Instantiating /home/travis/build/icyphy/ptII/ptolemy/domains/de/test/auto/DepthTest3.xml
1 ms. Memory: 51200K Free: 27136K (53%)
----------------- Invoking toplevel() on ptolemy.moml.MoMLSimpleApplication@763cb226
----------------- Done invoking toplevel() on ptolemy.moml.MoMLSimpleApplication@763cb226
reloadAllAccessors: .DepthTest3

===========================================================================================
----------------- testing Sat Mar 07 22:01:02 UTC 2020 /home/travis/build/icyphy/ptII/ptolemy/domains/de/test/auto/DepthTest4.xml
----------------- Instantiating /home/travis/build/icyphy/ptII/ptolemy/domains/de/test/auto/DepthTest4.xml
1 ms. Memory: 51200K Free: 22441K (44%)
----------------- Invoking toplevel() on ptolemy.moml.MoMLSimpleApplication@2db792cb
----------------- Done invoking toplevel() on ptolemy.moml.MoMLSimpleApplication@2db792cb
reloadAllAccessors: .DepthTest4

===========================================================================================
----------------- testing Sat Mar 07 22:01:02 UTC 2020 /home/travis/build/icyphy/ptII/ptolemy/domains/de/test/auto/DepthTest5.xml
----------------- Instantiating /home/travis/build/icyphy/ptII/ptolemy/domains/de/test/auto/DepthTest5.xml
2 ms. Memory: 51200K Free: 17134K (33%)
----------------- Invoking toplevel() on ptolemy.moml.MoMLSimpleApplication@60437f27
----------------- Done invoking toplevel() on ptolemy.moml.MoMLSimpleApplication@60437f27
reloadAllAccessors: .DepthTest5

===========================================================================================
----------------- testing Sat Mar 07 22:01:02 UTC 2020 /home/travis/build/icyphy/ptII/ptolemy/domains/de/test/auto/DepthTest6.xml
----------------- Instantiating /home/travis/build/icyphy/ptII/ptolemy/domains/de/test/auto/DepthTest6.xml
2 ms. Memory: 51200K Free: 11814K (23%)
----------------- Invoking toplevel() on ptolemy.moml.MoMLSimpleApplication@5509ab85
----------------- Done invoking toplevel() on ptolemy.moml.MoMLSimpleApplication@5509ab85
reloadAllAccessors: .DepthTest6

===========================================================================================
----------------- testing Sat Mar 07 22:01:02 UTC 2020 /home/travis/build/icyphy/ptII/ptolemy/domains/de/test/auto/DepthTest7.xml
----------------- Instantiating /home/travis/build/icyphy/ptII/ptolemy/domains/de/test/auto/DepthTest7.xml
1 ms. Memory: 51200K Free: 34473K (67%)
----------------- Invoking toplevel() on ptolemy.moml.MoMLSimpleApplication@60d8ffd5
----------------- Done invoking toplevel() on ptolemy.moml.MoMLSimpleApplication@60d8ffd5
reloadAllAccessors: .DepthTest7

===========================================================================================
----------------- testing Sat Mar 07 22:01:02 UTC 2020 /home/travis/build/icyphy/ptII/ptolemy/domains/de/test/auto/EventToDate.xml
----------------- Instantiating /home/travis/build/icyphy/ptII/ptolemy/domains/de/test/auto/EventToDate.xml
3017 ms. Memory: 51200K Free: 20961K (41%)
----------------- Invoking toplevel() on ptolemy.moml.MoMLSimpleApplication@46a07c07
----------------- Done invoking toplevel() on ptolemy.moml.MoMLSimpleApplication@46a07c07
reloadAllAccessors: .EventToDate

===========================================================================================
----------------- testing Sat Mar 07 22:01:05 UTC 2020 /home/travis/build/icyphy/ptII/ptolemy/domains/de/test/auto/FSM1.xml
----------------- Instantiating /home/travis/build/icyphy/ptII/ptolemy/domains/de/test/auto/FSM1.xml
28 ms. Memory: 51200K Free: 8859K (17%)
----------------- Invoking toplevel() on ptolemy.moml.MoMLSimpleApplication@2683642f
----------------- Done invoking toplevel() on ptolemy.moml.MoMLSimpleApplication@2683642f
reloadAllAccessors: .FSM1

===========================================================================================
----------------- testing Sat Mar 07 22:01:05 UTC 2020 /home/travis/build/icyphy/ptII/ptolemy/domains/de/test/auto/FSM7.xml
----------------- Instantiating /home/travis/build/icyphy/ptII/ptolemy/domains/de/test/auto/FSM7.xml
16 ms. Memory: 51200K Free: 24462K (48%)
----------------- Invoking toplevel() on ptolemy.moml.MoMLSimpleApplication@32a05ca6
----------------- Done invoking toplevel() on ptolemy.moml.MoMLSimpleApplication@32a05ca6
reloadAllAccessors: .FSM7

===========================================================================================
----------------- testing Sat Mar 07 22:01:05 UTC 2020 /home/travis/build/icyphy/ptII/ptolemy/domains/de/test/auto/Inspection.xml
----------------- Instantiating /home/travis/build/icyphy/ptII/ptolemy/domains/de/test/auto/Inspection.xml
15 ms. Memory: 51200K Free: 12459K (24%)
----------------- Invoking toplevel() on ptolemy.moml.MoMLSimpleApplication@77c517d3
----------------- Done invoking toplevel() on ptolemy.moml.MoMLSimpleApplication@77c517d3
reloadAllAccessors: .Inspection

===========================================================================================
----------------- testing Sat Mar 07 22:01:05 UTC 2020 /home/travis/build/icyphy/ptII/ptolemy/domains/de/test/auto/Iteration.xml
----------------- Instantiating /home/travis/build/icyphy/ptII/ptolemy/domains/de/test/auto/Iteration.xml
11 ms. Memory: 51200K Free: 32906K (64%)
----------------- Invoking toplevel() on ptolemy.moml.MoMLSimpleApplication@219e0cde
----------------- Done invoking toplevel() on ptolemy.moml.MoMLSimpleApplication@219e0cde
reloadAllAccessors: .Iteration

===========================================================================================
----------------- testing Sat Mar 07 22:01:05 UTC 2020 /home/travis/build/icyphy/ptII/ptolemy/domains/de/test/auto/LineFault.xml
----------------- Instantiating /home/travis/build/icyphy/ptII/ptolemy/domains/de/test/auto/LineFault.xml
479 ms. Memory: 51200K Free: 25375K (50%)
----------------- Invoking toplevel() on ptolemy.moml.MoMLSimpleApplication@73e6198c
----------------- Done invoking toplevel() on ptolemy.moml.MoMLSimpleApplication@73e6198c
reloadAllAccessors: .LineFault

===========================================================================================
----------------- testing Sat Mar 07 22:01:06 UTC 2020 /home/travis/build/icyphy/ptII/ptolemy/domains/de/test/auto/MergeModel1Add.xml
----------------- Instantiating /home/travis/build/icyphy/ptII/ptolemy/domains/de/test/auto/MergeModel1Add.xml
6 ms. Memory: 51200K Free: 32660K (64%)
----------------- Invoking toplevel() on ptolemy.moml.MoMLSimpleApplication@9f4eb16
----------------- Done invoking toplevel() on ptolemy.moml.MoMLSimpleApplication@9f4eb16
reloadAllAccessors: .MergeModel1Add

===========================================================================================
----------------- testing Sat Mar 07 22:01:06 UTC 2020 /home/travis/build/icyphy/ptII/ptolemy/domains/de/test/auto/MergeModel2Add.xml
----------------- Instantiating /home/travis/build/icyphy/ptII/ptolemy/domains/de/test/auto/MergeModel2Add.xml
5 ms. Memory: 51200K Free: 15530K (30%)
----------------- Invoking toplevel() on ptolemy.moml.MoMLSimpleApplication@5922c7a4
----------------- Done invoking toplevel() on ptolemy.moml.MoMLSimpleApplication@5922c7a4
reloadAllAccessors: .MergeModel2Add

===========================================================================================
----------------- testing Sat Mar 07 22:01:06 UTC 2020 /home/travis/build/icyphy/ptII/ptolemy/domains/de/test/auto/MergeModel3Add.xml
----------------- Instantiating /home/travis/build/icyphy/ptII/ptolemy/domains/de/test/auto/MergeModel3Add.xml
5 ms. Memory: 51200K Free: 23816K (47%)
----------------- Invoking toplevel() on ptolemy.moml.MoMLSimpleApplication@5a261a02
----------------- Done invoking toplevel() on ptolemy.moml.MoMLSimpleApplication@5a261a02
reloadAllAccessors: .MergeModel3Add

===========================================================================================
----------------- testing Sat Mar 07 22:01:06 UTC 2020 /home/travis/build/icyphy/ptII/ptolemy/domains/de/test/auto/MergeWithoutDiscard.xml
----------------- Instantiating /home/travis/build/icyphy/ptII/ptolemy/domains/de/test/auto/MergeWithoutDiscard.xml
1 ms. Memory: 51200K Free: 19689K (38%)
----------------- Invoking toplevel() on ptolemy.moml.MoMLSimpleApplication@5c7c6d98
----------------- Done invoking toplevel() on ptolemy.moml.MoMLSimpleApplication@5c7c6d98
reloadAllAccessors: .MergeWithoutDiscard

===========================================================================================
----------------- testing Sat Mar 07 22:01:06 UTC 2020 /home/travis/build/icyphy/ptII/ptolemy/domains/de/test/auto/Modal1.xml
----------------- Instantiating /home/travis/build/icyphy/ptII/ptolemy/domains/de/test/auto/Modal1.xml
12 ms. Memory: 51200K Free: 33638K (66%)
----------------- Invoking toplevel() on ptolemy.moml.MoMLSimpleApplication@3c258bcb
----------------- Done invoking toplevel() on ptolemy.moml.MoMLSimpleApplication@3c258bcb
reloadAllAccessors: .Modal1

===========================================================================================
----------------- testing Sat Mar 07 22:01:06 UTC 2020 /home/travis/build/icyphy/ptII/ptolemy/domains/de/test/auto/Modal2.xml
----------------- Instantiating /home/travis/build/icyphy/ptII/ptolemy/domains/de/test/auto/Modal2.xml
9 ms. Memory: 51200K Free: 21488K (42%)
----------------- Invoking toplevel() on ptolemy.moml.MoMLSimpleApplication@605f8244
----------------- Done invoking toplevel() on ptolemy.moml.MoMLSimpleApplication@605f8244
reloadAllAccessors: .Modal2

===========================================================================================
----------------- testing Sat Mar 07 22:01:06 UTC 2020 /home/travis/build/icyphy/ptII/ptolemy/domains/de/test/auto/Modal3.xml
----------------- Instantiating /home/travis/build/icyphy/ptII/ptolemy/domains/de/test/auto/Modal3.xml
11 ms. Memory: 51200K Free: 35089K (69%)
----------------- Invoking toplevel() on ptolemy.moml.MoMLSimpleApplication@5257677b
----------------- Done invoking toplevel() on ptolemy.moml.MoMLSimpleApplication@5257677b
reloadAllAccessors: .Modal3

===========================================================================================
----------------- testing Sat Mar 07 22:01:06 UTC 2020 /home/travis/build/icyphy/ptII/ptolemy/domains/de/test/auto/Modal4.xml
----------------- Instantiating /home/travis/build/icyphy/ptII/ptolemy/domains/de/test/auto/Modal4.xml
9 ms. Memory: 51200K Free: 22228K (43%)
----------------- Invoking toplevel() on ptolemy.moml.MoMLSimpleApplication@4b32b171
----------------- Done invoking toplevel() on ptolemy.moml.MoMLSimpleApplication@4b32b171
reloadAllAccessors: .Modal4

===========================================================================================
----------------- testing Sat Mar 07 22:01:06 UTC 2020 /home/travis/build/icyphy/ptII/ptolemy/domains/de/test/auto/Modal5.xml
----------------- Instantiating /home/travis/build/icyphy/ptII/ptolemy/domains/de/test/auto/Modal5.xml
13 ms. Memory: 51200K Free: 35072K (69%)
----------------- Invoking toplevel() on ptolemy.moml.MoMLSimpleApplication@7b29cc4c
----------------- Done invoking toplevel() on ptolemy.moml.MoMLSimpleApplication@7b29cc4c
reloadAllAccessors: .Modal5

===========================================================================================
----------------- testing Sat Mar 07 22:01:06 UTC 2020 /home/travis/build/icyphy/ptII/ptolemy/domains/de/test/auto/Modal6.xml
----------------- Instantiating /home/travis/build/icyphy/ptII/ptolemy/domains/de/test/auto/Modal6.xml
7 ms. Memory: 51200K Free: 22696K (44%)
----------------- Invoking toplevel() on ptolemy.moml.MoMLSimpleApplication@4fdaaad8
----------------- Done invoking toplevel() on ptolemy.moml.MoMLSimpleApplication@4fdaaad8
reloadAllAccessors: .Modal6

===========================================================================================
----------------- testing Sat Mar 07 22:01:06 UTC 2020 /home/travis/build/icyphy/ptII/ptolemy/domains/de/test/auto/Modal7.xml
----------------- Instantiating /home/travis/build/icyphy/ptII/ptolemy/domains/de/test/auto/Modal7.xml
11 ms. Memory: 51200K Free: 35254K (69%)
----------------- Invoking toplevel() on ptolemy.moml.MoMLSimpleApplication@360e71f
----------------- Done invoking toplevel() on ptolemy.moml.MoMLSimpleApplication@360e71f
reloadAllAccessors: .Modal7

===========================================================================================
----------------- testing Sat Mar 07 22:01:06 UTC 2020 /home/travis/build/icyphy/ptII/ptolemy/domains/de/test/auto/ModalModel.xml
----------------- Instantiating /home/travis/build/icyphy/ptII/ptolemy/domains/de/test/auto/ModalModel.xml
112 ms. Memory: 51200K Free: 18694K (37%)
----------------- Invoking toplevel() on ptolemy.moml.MoMLSimpleApplication@40df584d
----------------- Done invoking toplevel() on ptolemy.moml.MoMLSimpleApplication@40df584d
reloadAllAccessors: .ModalModel

===========================================================================================
----------------- testing Sat Mar 07 22:01:06 UTC 2020 /home/travis/build/icyphy/ptII/ptolemy/domains/de/test/auto/ModalSource.xml
----------------- Instantiating /home/travis/build/icyphy/ptII/ptolemy/domains/de/test/auto/ModalSource.xml
4 ms. Memory: 51200K Free: 10592K (21%)
----------------- Invoking toplevel() on ptolemy.moml.MoMLSimpleApplication@d2a78f5
----------------- Done invoking toplevel() on ptolemy.moml.MoMLSimpleApplication@d2a78f5
reloadAllAccessors: .ModalSource

===========================================================================================
----------------- testing Sat Mar 07 22:01:06 UTC 2020 /home/travis/build/icyphy/ptII/ptolemy/domains/de/test/auto/NonInterruptibleTimerZeroDelay.xml
----------------- Instantiating /home/travis/build/icyphy/ptII/ptolemy/domains/de/test/auto/NonInterruptibleTimerZeroDelay.xml
1 ms. Memory: 65536K Free: 47315K (72%)
----------------- Invoking toplevel() on ptolemy.moml.MoMLSimpleApplication@74e5f07
----------------- Done invoking toplevel() on ptolemy.moml.MoMLSimpleApplication@74e5f07
reloadAllAccessors: .NonInterruptibleTimerZeroDelay

===========================================================================================
----------------- testing Sat Mar 07 22:01:06 UTC 2020 /home/travis/build/icyphy/ptII/ptolemy/domains/de/test/auto/OpenQueueingNetwork.xml
----------------- Instantiating /home/travis/build/icyphy/ptII/ptolemy/domains/de/test/auto/OpenQueueingNetwork.xml
1967 ms. Memory: 132096K Free: 84855K (64%)
----------------- Invoking toplevel() on ptolemy.moml.MoMLSimpleApplication@5e5de2f0
----------------- Done invoking toplevel() on ptolemy.moml.MoMLSimpleApplication@5e5de2f0
reloadAllAccessors: .OpenQueueingNetwork

===========================================================================================
----------------- testing Sat Mar 07 22:01:08 UTC 2020 /home/travis/build/icyphy/ptII/ptolemy/domains/de/test/auto/OpenQueuingNetwork.xml
----------------- Instantiating /home/travis/build/icyphy/ptII/ptolemy/domains/de/test/auto/OpenQueuingNetwork.xml
219 ms. Memory: 132096K Free: 85783K (65%)
----------------- Invoking toplevel() on ptolemy.moml.MoMLSimpleApplication@6e253ee0
----------------- Done invoking toplevel() on ptolemy.moml.MoMLSimpleApplication@6e253ee0
reloadAllAccessors: .OpenQueuingNetwork

===========================================================================================
----------------- testing Sat Mar 07 22:01:09 UTC 2020 /home/travis/build/icyphy/ptII/ptolemy/domains/de/test/auto/PeriodicSampler.xml
----------------- Instantiating /home/travis/build/icyphy/ptII/ptolemy/domains/de/test/auto/PeriodicSampler.xml
2 ms. Memory: 132096K Free: 81616K (62%)
----------------- Invoking toplevel() on ptolemy.moml.MoMLSimpleApplication@761af29a
----------------- Done invoking toplevel() on ptolemy.moml.MoMLSimpleApplication@761af29a
reloadAllAccessors: .PeriodicSampler

===========================================================================================
----------------- testing Sat Mar 07 22:01:09 UTC 2020 /home/travis/build/icyphy/ptII/ptolemy/domains/de/test/auto/PersistentIO.xml
----------------- Instantiating /home/travis/build/icyphy/ptII/ptolemy/domains/de/test/auto/PersistentIO.xml
3 ms. Memory: 132096K Free: 72400K (55%)
----------------- Invoking toplevel() on ptolemy.moml.MoMLSimpleApplication@4ee0a32b
----------------- Done invoking toplevel() on ptolemy.moml.MoMLSimpleApplication@4ee0a32b
reloadAllAccessors: .PersistentIO

===========================================================================================
----------------- testing Sat Mar 07 22:01:09 UTC 2020 /home/travis/build/icyphy/ptII/ptolemy/domains/de/test/auto/PortParameterResetOnInitialize.xml
----------------- Instantiating /home/travis/build/icyphy/ptII/ptolemy/domains/de/test/auto/PortParameterResetOnInitialize.xml
1 ms. Memory: 132096K Free: 67784K (51%)
----------------- Invoking toplevel() on ptolemy.moml.MoMLSimpleApplication@720ae1f7
----------------- Done invoking toplevel() on ptolemy.moml.MoMLSimpleApplication@720ae1f7
reloadAllAccessors: .PortParameterResetOnInitialize

===========================================================================================
----------------- testing Sat Mar 07 22:01:09 UTC 2020 /home/travis/build/icyphy/ptII/ptolemy/domains/de/test/auto/PortParameterUpdates.xml
----------------- Instantiating /home/travis/build/icyphy/ptII/ptolemy/domains/de/test/auto/PortParameterUpdates.xml
5 ms. Memory: 132096K Free: 61632K (47%)
----------------- Invoking toplevel() on ptolemy.moml.MoMLSimpleApplication@796adab9
----------------- Done invoking toplevel() on ptolemy.moml.MoMLSimpleApplication@796adab9
reloadAllAccessors: .PortParameterUpdates

===========================================================================================
----------------- testing Sat Mar 07 22:01:09 UTC 2020 /home/travis/build/icyphy/ptII/ptolemy/domains/de/test/auto/QueueAndServer.xml
----------------- Instantiating /home/travis/build/icyphy/ptII/ptolemy/domains/de/test/auto/QueueAndServer.xml
5 ms. Memory: 132096K Free: 53454K (40%)
----------------- Invoking toplevel() on ptolemy.moml.MoMLSimpleApplication@4f61fe0b
----------------- Done invoking toplevel() on ptolemy.moml.MoMLSimpleApplication@4f61fe0b
reloadAllAccessors: .QueueAndServer

===========================================================================================
----------------- testing Sat Mar 07 22:01:09 UTC 2020 /home/travis/build/icyphy/ptII/ptolemy/domains/de/test/auto/Records.xml
----------------- Instantiating /home/travis/build/icyphy/ptII/ptolemy/domains/de/test/auto/Records.xml
3 ms. Memory: 132096K Free: 47824K (36%)
----------------- Invoking toplevel() on ptolemy.moml.MoMLSimpleApplication@75b8900e
----------------- Done invoking toplevel() on ptolemy.moml.MoMLSimpleApplication@75b8900e
reloadAllAccessors: .Records

===========================================================================================
----------------- testing Sat Mar 07 22:01:09 UTC 2020 /home/travis/build/icyphy/ptII/ptolemy/domains/de/test/auto/ResetTransitionWithStartTime1.xml
----------------- Instantiating /home/travis/build/icyphy/ptII/ptolemy/domains/de/test/auto/ResetTransitionWithStartTime1.xml
4 ms. Memory: 132096K Free: 39632K (30%)
----------------- Invoking toplevel() on ptolemy.moml.MoMLSimpleApplication@4f86d165
----------------- Done invoking toplevel() on ptolemy.moml.MoMLSimpleApplication@4f86d165
reloadAllAccessors: .ResetTransitionWithStartTime1

===========================================================================================
----------------- testing Sat Mar 07 22:01:09 UTC 2020 /home/travis/build/icyphy/ptII/ptolemy/domains/de/test/auto/ResetTransitionWithStartTime2.xml
----------------- Instantiating /home/travis/build/icyphy/ptII/ptolemy/domains/de/test/auto/ResetTransitionWithStartTime2.xml
3 ms. Memory: 132096K Free: 109597K (83%)
----------------- Invoking toplevel() on ptolemy.moml.MoMLSimpleApplication@2d0d1163
----------------- Done invoking toplevel() on ptolemy.moml.MoMLSimpleApplication@2d0d1163
reloadAllAccessors: .ResetTransitionWithStartTime2

===========================================================================================
----------------- testing Sat Mar 07 22:01:09 UTC 2020 /home/travis/build/icyphy/ptII/ptolemy/domains/de/test/auto/ResetTransitionWithStartTime3.xml
----------------- Instantiating /home/travis/build/icyphy/ptII/ptolemy/domains/de/test/auto/ResetTransitionWithStartTime3.xml
4 ms. Memory: 132096K Free: 101405K (77%)
----------------- Invoking toplevel() on ptolemy.moml.MoMLSimpleApplication@7d027260
----------------- Done invoking toplevel() on ptolemy.moml.MoMLSimpleApplication@7d027260
reloadAllAccessors: .ResetTransitionWithStartTime3

===========================================================================================
----------------- testing Sat Mar 07 22:01:09 UTC 2020 /home/travis/build/icyphy/ptII/ptolemy/domains/de/test/auto/ResetTransitionWithStartTime4.xml
----------------- Instantiating /home/travis/build/icyphy/ptII/ptolemy/domains/de/test/auto/ResetTransitionWithStartTime4.xml
3 ms. Memory: 132096K Free: 93717K (71%)
----------------- Invoking toplevel() on ptolemy.moml.MoMLSimpleApplication@4de2493
----------------- Done invoking toplevel() on ptolemy.moml.MoMLSimpleApplication@4de2493
reloadAllAccessors: .ResetTransitionWithStartTime4

===========================================================================================
----------------- testing Sat Mar 07 22:01:09 UTC 2020 /home/travis/build/icyphy/ptII/ptolemy/domains/de/test/auto/ResettableTimer1.xml
----------------- Instantiating /home/travis/build/icyphy/ptII/ptolemy/domains/de/test/auto/ResettableTimer1.xml
3 ms. Memory: 132096K Free: 89613K (68%)
----------------- Invoking toplevel() on ptolemy.moml.MoMLSimpleApplication@1c9de877
----------------- Done invoking toplevel() on ptolemy.moml.MoMLSimpleApplication@1c9de877
reloadAllAccessors: .ResettableTimer1

===========================================================================================
----------------- testing Sat Mar 07 22:01:09 UTC 2020 /home/travis/build/icyphy/ptII/ptolemy/domains/de/test/auto/ResettableTimer2.xml
----------------- Instantiating /home/travis/build/icyphy/ptII/ptolemy/domains/de/test/auto/ResettableTimer2.xml
1 ms. Memory: 132096K Free: 85517K (65%)
----------------- Invoking toplevel() on ptolemy.moml.MoMLSimpleApplication@12d86512
----------------- Done invoking toplevel() on ptolemy.moml.MoMLSimpleApplication@12d86512
reloadAllAccessors: .ResettableTimer2

===========================================================================================
----------------- testing Sat Mar 07 22:01:09 UTC 2020 /home/travis/build/icyphy/ptII/ptolemy/domains/de/test/auto/ResettableTimer3.xml
----------------- Instantiating /home/travis/build/icyphy/ptII/ptolemy/domains/de/test/auto/ResettableTimer3.xml
1 ms. Memory: 132096K Free: 81435K (62%)
----------------- Invoking toplevel() on ptolemy.moml.MoMLSimpleApplication@46ef0aac
----------------- Done invoking toplevel() on ptolemy.moml.MoMLSimpleApplication@46ef0aac
reloadAllAccessors: .ResettableTimer3

===========================================================================================
----------------- testing Sat Mar 07 22:01:09 UTC 2020 /home/travis/build/icyphy/ptII/ptolemy/domains/de/test/auto/ResettableTimer4.xml
----------------- Instantiating /home/travis/build/icyphy/ptII/ptolemy/domains/de/test/auto/ResettableTimer4.xml
1 ms. Memory: 132096K Free: 77853K (59%)
----------------- Invoking toplevel() on ptolemy.moml.MoMLSimpleApplication@b260a9c
----------------- Done invoking toplevel() on ptolemy.moml.MoMLSimpleApplication@b260a9c
reloadAllAccessors: .ResettableTimer4

===========================================================================================
----------------- testing Sat Mar 07 22:01:09 UTC 2020 /home/travis/build/icyphy/ptII/ptolemy/domains/de/test/auto/ResettableTimer5.xml
----------------- Instantiating /home/travis/build/icyphy/ptII/ptolemy/domains/de/test/auto/ResettableTimer5.xml
1 ms. Memory: 132096K Free: 73757K (56%)
----------------- Invoking toplevel() on ptolemy.moml.MoMLSimpleApplication@7a014687
----------------- Done invoking toplevel() on ptolemy.moml.MoMLSimpleApplication@7a014687
reloadAllAccessors: .ResettableTimer5

===========================================================================================
----------------- testing Sat Mar 07 22:01:09 UTC 2020 /home/travis/build/icyphy/ptII/ptolemy/domains/de/test/auto/ResettableTimer6.xml
----------------- Instantiating /home/travis/build/icyphy/ptII/ptolemy/domains/de/test/auto/ResettableTimer6.xml
7 ms. Memory: 132096K Free: 69145K (52%)
----------------- Invoking toplevel() on ptolemy.moml.MoMLSimpleApplication@54258bd0
----------------- Done invoking toplevel() on ptolemy.moml.MoMLSimpleApplication@54258bd0
reloadAllAccessors: .ResettableTimer6

===========================================================================================
----------------- testing Sat Mar 07 22:01:09 UTC 2020 /home/travis/build/icyphy/ptII/ptolemy/domains/de/test/auto/ServerZeroDelay.xml
----------------- Instantiating /home/travis/build/icyphy/ptII/ptolemy/domains/de/test/auto/ServerZeroDelay.xml
2 ms. Memory: 132096K Free: 65021K (49%)
----------------- Invoking toplevel() on ptolemy.moml.MoMLSimpleApplication@42072db8
----------------- Done invoking toplevel() on ptolemy.moml.MoMLSimpleApplication@42072db8
reloadAllAccessors: .ServerZeroDelay

===========================================================================================
----------------- testing Sat Mar 07 22:01:09 UTC 2020 /home/travis/build/icyphy/ptII/ptolemy/domains/de/test/auto/SmartSender.xml
----------------- Instantiating /home/travis/build/icyphy/ptII/ptolemy/domains/de/test/auto/SmartSender.xml
3002 ms. Memory: 132096K Free: 60955K (46%)
----------------- Invoking toplevel() on ptolemy.moml.MoMLSimpleApplication@333f0069
----------------- Done invoking toplevel() on ptolemy.moml.MoMLSimpleApplication@333f0069
reloadAllAccessors: .SmartSender

===========================================================================================
----------------- testing Sat Mar 07 22:01:12 UTC 2020 /home/travis/build/icyphy/ptII/ptolemy/domains/de/test/auto/ThreadedComposite.xml
----------------- Instantiating /home/travis/build/icyphy/ptII/ptolemy/domains/de/test/auto/ThreadedComposite.xml
141 ms. Memory: 132096K Free: 40989K (31%)
----------------- Invoking toplevel() on ptolemy.moml.MoMLSimpleApplication@75f90138
----------------- Done invoking toplevel() on ptolemy.moml.MoMLSimpleApplication@75f90138
reloadAllAccessors: .ThreadedComposite

===========================================================================================
----------------- testing Sat Mar 07 22:01:12 UTC 2020 /home/travis/build/icyphy/ptII/ptolemy/domains/de/test/auto/Time.xml
----------------- Instantiating /home/travis/build/icyphy/ptII/ptolemy/domains/de/test/auto/Time.xml
434 ms. Memory: 132096K Free: 66727K (51%)
----------------- Invoking toplevel() on ptolemy.moml.MoMLSimpleApplication@63aab252
----------------- Done invoking toplevel() on ptolemy.moml.MoMLSimpleApplication@63aab252
reloadAllAccessors: .Time

===========================================================================================
----------------- testing Sat Mar 07 22:01:12 UTC 2020 /home/travis/build/icyphy/ptII/ptolemy/domains/de/test/auto/TimeDelayZeroDelay.xml
----------------- Instantiating /home/travis/build/icyphy/ptII/ptolemy/domains/de/test/auto/TimeDelayZeroDelay.xml
2 ms. Memory: 132096K Free: 62111K (47%)
----------------- Invoking toplevel() on ptolemy.moml.MoMLSimpleApplication@3167838f
----------------- Done invoking toplevel() on ptolemy.moml.MoMLSimpleApplication@3167838f
reloadAllAccessors: .TimeDelayZeroDelay

===========================================================================================
----------------- testing Sat Mar 07 22:01:12 UTC 2020 /home/travis/build/icyphy/ptII/ptolemy/domains/de/test/auto/TimerZeroDelay.xml
----------------- Instantiating /home/travis/build/icyphy/ptII/ptolemy/domains/de/test/auto/TimerZeroDelay.xml
4 ms. Memory: 132096K Free: 58007K (44%)
----------------- Invoking toplevel() on ptolemy.moml.MoMLSimpleApplication@4312a7f2
----------------- Done invoking toplevel() on ptolemy.moml.MoMLSimpleApplication@4312a7f2
reloadAllAccessors: .TimerZeroDelay

===========================================================================================
----------------- testing Sat Mar 07 22:01:12 UTC 2020 /home/travis/build/icyphy/ptII/ptolemy/domains/de/test/auto/TimingParadox.xml
----------------- Instantiating /home/travis/build/icyphy/ptII/ptolemy/domains/de/test/auto/TimingParadox.xml
239 ms. Memory: 132096K Free: 67243K (51%)
----------------- Invoking toplevel() on ptolemy.moml.MoMLSimpleApplication@57ce17e9
----------------- Done invoking toplevel() on ptolemy.moml.MoMLSimpleApplication@57ce17e9
reloadAllAccessors: .TimingParadox

===========================================================================================
----------------- testing Sat Mar 07 22:01:13 UTC 2020 /home/travis/build/icyphy/ptII/ptolemy/domains/de/test/auto/TransferInputs.xml
----------------- Instantiating /home/travis/build/icyphy/ptII/ptolemy/domains/de/test/auto/TransferInputs.xml
1 ms. Memory: 132096K Free: 62637K (47%)
----------------- Invoking toplevel() on ptolemy.moml.MoMLSimpleApplication@262d622d
----------------- Done invoking toplevel() on ptolemy.moml.MoMLSimpleApplication@262d622d
reloadAllAccessors: .TransferInputs

===========================================================================================
----------------- testing Sat Mar 07 22:01:13 UTC 2020 /home/travis/build/icyphy/ptII/ptolemy/domains/de/test/auto/TransferOutputs2.xml
----------------- Instantiating /home/travis/build/icyphy/ptII/ptolemy/domains/de/test/auto/TransferOutputs2.xml
2 ms. Memory: 132096K Free: 54955K (42%)
----------------- Invoking toplevel() on ptolemy.moml.MoMLSimpleApplication@7745515d
----------------- Done invoking toplevel() on ptolemy.moml.MoMLSimpleApplication@7745515d
reloadAllAccessors: .TransferOutputs2

===========================================================================================
----------------- testing Sat Mar 07 22:01:13 UTC 2020 /home/travis/build/icyphy/ptII/ptolemy/domains/de/test/auto/Trilateration.xml
----------------- Instantiating /home/travis/build/icyphy/ptII/ptolemy/domains/de/test/auto/Trilateration.xml
9686 ms. Memory: 417792K Free: 267458K (64%)
----------------- Invoking toplevel() on ptolemy.moml.MoMLSimpleApplication@47289d98
----------------- Done invoking toplevel() on ptolemy.moml.MoMLSimpleApplication@47289d98
reloadAllAccessors: .Trilateration

===========================================================================================
----------------- testing Sat Mar 07 22:01:23 UTC 2020 /home/travis/build/icyphy/ptII/ptolemy/domains/de/test/auto/TwoSigmaDelta.xml
----------------- Instantiating /home/travis/build/icyphy/ptII/ptolemy/domains/de/test/auto/TwoSigmaDelta.xml
1698 ms. Memory: 417792K Free: 310122K (74%)
----------------- Invoking toplevel() on ptolemy.moml.MoMLSimpleApplication@33c7b35f
----------------- Done invoking toplevel() on ptolemy.moml.MoMLSimpleApplication@33c7b35f
reloadAllAccessors: .TwoSigmaDelta

===========================================================================================
----------------- testing Sat Mar 07 22:01:25 UTC 2020 /home/travis/build/icyphy/ptII/ptolemy/domains/de/test/auto/VariableDelay.xml
----------------- Instantiating /home/travis/build/icyphy/ptII/ptolemy/domains/de/test/auto/VariableDelay.xml
1 ms. Memory: 417792K Free: 305002K (73%)
----------------- Invoking toplevel() on ptolemy.moml.MoMLSimpleApplication@6524ede9
----------------- Done invoking toplevel() on ptolemy.moml.MoMLSimpleApplication@6524ede9
reloadAllAccessors: .VariableDelay

===========================================================================================
----------------- testing Sat Mar 07 22:01:25 UTC 2020 /home/travis/build/icyphy/ptII/ptolemy/domains/de/test/auto/VariableDelay2.xml
----------------- Instantiating /home/travis/build/icyphy/ptII/ptolemy/domains/de/test/auto/VariableDelay2.xml
1 ms. Memory: 417792K Free: 300378K (72%)
----------------- Invoking toplevel() on ptolemy.moml.MoMLSimpleApplication@6ad29a73
----------------- Done invoking toplevel() on ptolemy.moml.MoMLSimpleApplication@6ad29a73
reloadAllAccessors: .VariableDelay2

===========================================================================================
----------------- testing Sat Mar 07 22:01:25 UTC 2020 /home/travis/build/icyphy/ptII/ptolemy/domains/de/test/auto/VariableDelayZeroDelay.xml
----------------- Instantiating /home/travis/build/icyphy/ptII/ptolemy/domains/de/test/auto/VariableDelayZeroDelay.xml
1 ms. Memory: 417792K Free: 296296K (71%)
----------------- Invoking toplevel() on ptolemy.moml.MoMLSimpleApplication@51770bb1
----------------- Done invoking toplevel() on ptolemy.moml.MoMLSimpleApplication@51770bb1
reloadAllAccessors: .VariableDelayZeroDelay

===========================================================================================
----------------- testing Sat Mar 07 22:01:25 UTC 2020 /home/travis/build/icyphy/ptII/ptolemy/domains/de/test/auto/VariableDelayZeroDelay2.xml
----------------- Instantiating /home/travis/build/icyphy/ptII/ptolemy/domains/de/test/auto/VariableDelayZeroDelay2.xml
2 ms. Memory: 417792K Free: 292200K (70%)
----------------- Invoking toplevel() on ptolemy.moml.MoMLSimpleApplication@16ef3dae
----------------- Done invoking toplevel() on ptolemy.moml.MoMLSimpleApplication@16ef3dae
reloadAllAccessors: .VariableDelayZeroDelay2

===========================================================================================
----------------- testing Sat Mar 07 22:01:25 UTC 2020 /home/travis/build/icyphy/ptII/ptolemy/domains/de/test/auto/deInCt.xml
----------------- Instantiating /home/travis/build/icyphy/ptII/ptolemy/domains/de/test/auto/deInCt.xml
0
1
1
1
0
0
0
1
1
1
0
0
0
1
1
1
0
0
0
0
0
0
0
1
1
1
0
0
0
1
1
1
0
0
0
1
1
1
0
0
0
0
3 ms. Memory: 417792K Free: 287080K (69%)
----------------- Invoking toplevel() on ptolemy.moml.MoMLSimpleApplication@19723b0d
----------------- Done invoking toplevel() on ptolemy.moml.MoMLSimpleApplication@19723b0d
reloadAllAccessors: .deInCt

===========================================================================================
----------------- testing Sat Mar 07 22:01:25 UTC 2020 /home/travis/build/icyphy/ptII/ptolemy/domains/de/test/auto/deInCt2.xml
----------------- Instantiating /home/travis/build/icyphy/ptII/ptolemy/domains/de/test/auto/deInCt2.xml
0
1
1
1
0
0
1
1
1
0
0
1
1
1
0
0
1
1
1
0
0
1
1
1
0
0
1
1
1
0
0
1
1
1
0
0
1
1
1
0
0
0
7 ms. Memory: 417792K Free: 281954K (67%)
----------------- Invoking toplevel() on ptolemy.moml.MoMLSimpleApplication@4d7b7e21
----------------- Done invoking toplevel() on ptolemy.moml.MoMLSimpleApplication@4d7b7e21
reloadAllAccessors: .deInCt2

===========================================================================================
----------------- testing Sat Mar 07 22:01:25 UTC 2020 /home/travis/build/icyphy/ptII/ptolemy/domains/de/test/auto/dynamicCausalityInterface1.xml
----------------- Instantiating /home/travis/build/icyphy/ptII/ptolemy/domains/de/test/auto/dynamicCausalityInterface1.xml
1 ms. Memory: 417792K Free: 272744K (65%)
----------------- Invoking toplevel() on ptolemy.moml.MoMLSimpleApplication@fb5e444
----------------- Done invoking toplevel() on ptolemy.moml.MoMLSimpleApplication@fb5e444
reloadAllAccessors: .dynamicCausalityInterface1

===========================================================================================
----------------- testing Sat Mar 07 22:01:25 UTC 2020 /home/travis/build/icyphy/ptII/ptolemy/domains/de/test/auto/fsm_de_test.xml
----------------- Instantiating /home/travis/build/icyphy/ptII/ptolemy/domains/de/test/auto/fsm_de_test.xml
5 ms. Memory: 417792K Free: 263522K (63%)
----------------- Invoking toplevel() on ptolemy.moml.MoMLSimpleApplication@6d74956e
----------------- Done invoking toplevel() on ptolemy.moml.MoMLSimpleApplication@6d74956e
reloadAllAccessors: .fsm_de_test

===========================================================================================
----------------- testing Sat Mar 07 22:01:25 UTC 2020 /home/travis/build/icyphy/ptII/ptolemy/domains/de/test/auto/functionDependencyReconstruction.xml
----------------- Instantiating /home/travis/build/icyphy/ptII/ptolemy/domains/de/test/auto/functionDependencyReconstruction.xml
2 ms. Memory: 417792K Free: 248682K (60%)
----------------- Invoking toplevel() on ptolemy.moml.MoMLSimpleApplication@a98b56e
----------------- Done invoking toplevel() on ptolemy.moml.MoMLSimpleApplication@a98b56e
reloadAllAccessors: .functionDependencyReconstruction

===========================================================================================
----------------- testing Sat Mar 07 22:01:25 UTC 2020 /home/travis/build/icyphy/ptII/ptolemy/domains/de/test/auto/multirate.xml
----------------- Instantiating /home/travis/build/icyphy/ptII/ptolemy/domains/de/test/auto/multirate.xml
2 ms. Memory: 417792K Free: 242010K (58%)
----------------- Invoking toplevel() on ptolemy.moml.MoMLSimpleApplication@4176914c
----------------- Done invoking toplevel() on ptolemy.moml.MoMLSimpleApplication@4176914c
reloadAllAccessors: .multirate

===========================================================================================
----------------- testing Sat Mar 07 22:01:25 UTC 2020 /home/travis/build/icyphy/ptII/ptolemy/domains/de/test/auto/multirate2.xml
----------------- Instantiating /home/travis/build/icyphy/ptII/ptolemy/domains/de/test/auto/multirate2.xml
2 ms. Memory: 417792K Free: 235370K (56%)
----------------- Invoking toplevel() on ptolemy.moml.MoMLSimpleApplication@2a71e8ec
----------------- Done invoking toplevel() on ptolemy.moml.MoMLSimpleApplication@2a71e8ec
reloadAllAccessors: .multirate2

===========================================================================================
----------------- testing Sat Mar 07 22:01:25 UTC 2020 /home/travis/build/icyphy/ptII/ptolemy/domains/de/test/auto/realtime.xml
----------------- Instantiating /home/travis/build/icyphy/ptII/ptolemy/domains/de/test/auto/realtime.xml
10000 ms. Memory: 417792K Free: 230760K (55%)
----------------- Invoking toplevel() on ptolemy.moml.MoMLSimpleApplication@1b495348
----------------- Done invoking toplevel() on ptolemy.moml.MoMLSimpleApplication@1b495348
reloadAllAccessors: .realtime

===========================================================================================
----------------- testing Sat Mar 07 22:01:35 UTC 2020 /home/travis/build/icyphy/ptII/ptolemy/domains/de/test/auto/relationGroup.xml
----------------- Instantiating /home/travis/build/icyphy/ptII/ptolemy/domains/de/test/auto/relationGroup.xml
2 ms. Memory: 417792K Free: 227178K (54%)
----------------- Invoking toplevel() on ptolemy.moml.MoMLSimpleApplication@1ee955f3
----------------- Done invoking toplevel() on ptolemy.moml.MoMLSimpleApplication@1ee955f3
reloadAllAccessors: .relationGroup

===========================================================================================
----------------- testing Sat Mar 07 22:01:35 UTC 2020 /home/travis/build/icyphy/ptII/ptolemy/domains/de/test/auto/relationGroup2.xml
----------------- Instantiating /home/travis/build/icyphy/ptII/ptolemy/domains/de/test/auto/relationGroup2.xml
2 ms. Memory: 417792K Free: 223592K (54%)
----------------- Invoking toplevel() on ptolemy.moml.MoMLSimpleApplication@e97453d
----------------- Done invoking toplevel() on ptolemy.moml.MoMLSimpleApplication@e97453d
reloadAllAccessors: .relationGroup2

===========================================================================================
----------------- testing Sat Mar 07 22:01:35 UTC 2020 /home/travis/build/icyphy/ptII/ptolemy/domains/de/test/auto/sortWithOpaquePorts.xml
----------------- Instantiating /home/travis/build/icyphy/ptII/ptolemy/domains/de/test/auto/sortWithOpaquePorts.xml
1 ms. Memory: 417792K Free: 218986K (52%)
----------------- Invoking toplevel() on ptolemy.moml.MoMLSimpleApplication@4fbec893
----------------- Done invoking toplevel() on ptolemy.moml.MoMLSimpleApplication@4fbec893
reloadAllAccessors: .sortWithOpaquePorts

===========================================================================================
----------------- testing Sat Mar 07 22:01:35 UTC 2020 /home/travis/build/icyphy/ptII/ptolemy/domains/de/test/auto/transferInputsandOutputs.xml
----------------- Instantiating /home/travis/build/icyphy/ptII/ptolemy/domains/de/test/auto/transferInputsandOutputs.xml
2 ms. Memory: 417792K Free: 211818K (51%)
----------------- Invoking toplevel() on ptolemy.moml.MoMLSimpleApplication@4abacbfd
----------------- Done invoking toplevel() on ptolemy.moml.MoMLSimpleApplication@4abacbfd
reloadAllAccessors: .transferInputsandOutputs

===========================================================================================
----------------- testing Sat Mar 07 22:01:35 UTC 2020 /home/travis/build/icyphy/ptII/ptolemy/domains/de/test/auto/triggerType.xml
----------------- Instantiating /home/travis/build/icyphy/ptII/ptolemy/domains/de/test/auto/triggerType.xml
1 ms. Memory: 417792K Free: 207722K (50%)
----------------- Invoking toplevel() on ptolemy.moml.MoMLSimpleApplication@21b94cf3
----------------- Done invoking toplevel() on ptolemy.moml.MoMLSimpleApplication@21b94cf3
reloadAllAccessors: .triggerType
AutoTests.java: About to close Vertx.
AutoTests.java: Vertx closed.
]]></system-out>
  <system-err><![CDATA[java.lang.RuntimeException: Execution failed
	at ptolemy.moml.MoMLSimpleApplication$UnloadThread.run(MoMLSimpleApplication.java:402)
Caused by: ptolemy.kernel.util.IllegalActionException: Found a zero delay loop containing .dependencyLoop.original
  in .dependencyLoop and .dependencyLoop.original
	at ptolemy.actor.util.CausalityInterfaceForComposites._computeOutputPortDepth(CausalityInterfaceForComposites.java:759)
	at ptolemy.actor.util.CausalityInterfaceForComposites._computeInputDepth(CausalityInterfaceForComposites.java:696)
	at ptolemy.actor.util.CausalityInterfaceForComposites._computeOutputPortDepth(CausalityInterfaceForComposites.java:765)
	at ptolemy.actor.util.CausalityInterfaceForComposites._computeInputDepth(CausalityInterfaceForComposites.java:696)
	at ptolemy.actor.util.CausalityInterfaceForComposites._computeOutputPortDepth(CausalityInterfaceForComposites.java:765)
	at ptolemy.actor.util.CausalityInterfaceForComposites._computeInputDepth(CausalityInterfaceForComposites.java:696)
	at ptolemy.actor.util.CausalityInterfaceForComposites._computeActorDepth(CausalityInterfaceForComposites.java:532)
	at ptolemy.actor.util.CausalityInterfaceForComposites.checkForCycles(CausalityInterfaceForComposites.java:96)
	at ptolemy.domains.de.kernel.DEDirector.preinitialize(DEDirector.java:1338)
	at ptolemy.actor.CompositeActor.preinitialize(CompositeActor.java:1828)
	at ptolemy.actor.Manager.preinitializeAndResolveTypes(Manager.java:1040)
	at ptolemy.actor.Manager.initialize(Manager.java:710)
	at ptolemy.actor.Manager.execute(Manager.java:356)
	at ptolemy.actor.Manager.run(Manager.java:1263)
	at ptolemy.actor.Manager$PtolemyRunThread.run(Manager.java:1933)
java.lang.RuntimeException: Execution failed
	at ptolemy.moml.MoMLSimpleApplication$UnloadThread.run(MoMLSimpleApplication.java:402)
Caused by: ptolemy.kernel.util.IllegalActionException: Found a zero delay loop containing .dependencyLoop2.original
  in .dependencyLoop2 and .dependencyLoop2.original
	at ptolemy.actor.util.CausalityInterfaceForComposites._computeOutputPortDepth(CausalityInterfaceForComposites.java:759)
	at ptolemy.actor.util.CausalityInterfaceForComposites._computeInputDepth(CausalityInterfaceForComposites.java:696)
	at ptolemy.actor.util.CausalityInterfaceForComposites._computeOutputPortDepth(CausalityInterfaceForComposites.java:765)
	at ptolemy.actor.util.CausalityInterfaceForComposites._computeInputDepth(CausalityInterfaceForComposites.java:696)
	at ptolemy.actor.util.CausalityInterfaceForComposites._computeOutputPortDepth(CausalityInterfaceForComposites.java:765)
	at ptolemy.actor.util.CausalityInterfaceForComposites._computeInputDepth(CausalityInterfaceForComposites.java:696)
	at ptolemy.actor.util.CausalityInterfaceForComposites._computeActorDepth(CausalityInterfaceForComposites.java:532)
	at ptolemy.actor.util.CausalityInterfaceForComposites.checkForCycles(CausalityInterfaceForComposites.java:96)
	at ptolemy.domains.de.kernel.DEDirector.preinitialize(DEDirector.java:1338)
	at ptolemy.actor.CompositeActor.preinitialize(CompositeActor.java:1828)
	at ptolemy.actor.Manager.preinitializeAndResolveTypes(Manager.java:1040)
	at ptolemy.actor.Manager.initialize(Manager.java:710)
	at ptolemy.actor.Manager.execute(Manager.java:356)
	at ptolemy.actor.Manager.run(Manager.java:1263)
	at ptolemy.actor.Manager$PtolemyRunThread.run(Manager.java:1933)
java.lang.RuntimeException: Execution failed
	at ptolemy.moml.MoMLSimpleApplication$UnloadThread.run(MoMLSimpleApplication.java:402)
Caused by: ptolemy.kernel.util.IllegalActionException: Test fails in iteration 1.
Value was: 1.0. Should have been: 2.0
  in .DirectFeedback.Test
	at ptolemy.actor.lib.Test.fire(Test.java:268)
	at ptolemy.domains.de.kernel.DEDirector._fire(DEDirector.java:1949)
	at ptolemy.domains.de.kernel.DEDirector.fire(DEDirector.java:502)
	at ptolemy.actor.CompositeActor.fire(CompositeActor.java:455)
	at ptolemy.actor.Manager.iterate(Manager.java:851)
	at ptolemy.actor.Manager.execute(Manager.java:369)
	at ptolemy.actor.Manager.run(Manager.java:1263)
	at ptolemy.actor.Manager$PtolemyRunThread.run(Manager.java:1933)
java.lang.RuntimeException: Execution failed
	at ptolemy.moml.MoMLSimpleApplication$UnloadThread.run(MoMLSimpleApplication.java:402)
Caused by: ptolemy.kernel.util.IllegalActionException: Found a zero delay loop containing .dependencyLoop.original
  in .dependencyLoop and .dependencyLoop.original
	at ptolemy.actor.util.CausalityInterfaceForComposites._computeOutputPortDepth(CausalityInterfaceForComposites.java:759)
	at ptolemy.actor.util.CausalityInterfaceForComposites._computeInputDepth(CausalityInterfaceForComposites.java:696)
	at ptolemy.actor.util.CausalityInterfaceForComposites._computeOutputPortDepth(CausalityInterfaceForComposites.java:765)
	at ptolemy.actor.util.CausalityInterfaceForComposites._computeInputDepth(CausalityInterfaceForComposites.java:696)
	at ptolemy.actor.util.CausalityInterfaceForComposites._computeOutputPortDepth(CausalityInterfaceForComposites.java:765)
	at ptolemy.actor.util.CausalityInterfaceForComposites._computeInputDepth(CausalityInterfaceForComposites.java:696)
	at ptolemy.actor.util.CausalityInterfaceForComposites._computeActorDepth(CausalityInterfaceForComposites.java:532)
	at ptolemy.actor.util.CausalityInterfaceForComposites.checkForCycles(CausalityInterfaceForComposites.java:96)
	at ptolemy.domains.de.kernel.DEDirector.preinitialize(DEDirector.java:1338)
	at ptolemy.actor.CompositeActor.preinitialize(CompositeActor.java:1828)
	at ptolemy.actor.Manager.preinitializeAndResolveTypes(Manager.java:1040)
	at ptolemy.actor.Manager.initialize(Manager.java:710)
	at ptolemy.actor.Manager.execute(Manager.java:356)
	at ptolemy.actor.Manager.run(Manager.java:1263)
	at ptolemy.actor.Manager$PtolemyRunThread.run(Manager.java:1933)
java.lang.RuntimeException: Execution failed
	at ptolemy.moml.MoMLSimpleApplication$UnloadThread.run(MoMLSimpleApplication.java:402)
Caused by: ptolemy.kernel.util.IllegalActionException: Found a zero delay loop containing .HierarchicalModel.A
  in .HierarchicalModel and .HierarchicalModel.A
	at ptolemy.actor.util.CausalityInterfaceForComposites._computeOutputPortDepth(CausalityInterfaceForComposites.java:759)
	at ptolemy.actor.util.CausalityInterfaceForComposites._computeInputDepth(CausalityInterfaceForComposites.java:696)
	at ptolemy.actor.util.CausalityInterfaceForComposites._computeOutputPortDepth(CausalityInterfaceForComposites.java:765)
	at ptolemy.actor.util.CausalityInterfaceForComposites._computeInputDepth(CausalityInterfaceForComposites.java:696)
	at ptolemy.actor.util.CausalityInterfaceForComposites._computeOutputPortDepth(CausalityInterfaceForComposites.java:765)
	at ptolemy.actor.util.CausalityInterfaceForComposites._computeInputDepth(CausalityInterfaceForComposites.java:696)
	at ptolemy.actor.util.CausalityInterfaceForComposites._computeActorDepth(CausalityInterfaceForComposites.java:532)
	at ptolemy.actor.util.CausalityInterfaceForComposites.checkForCycles(CausalityInterfaceForComposites.java:96)
	at ptolemy.domains.de.kernel.DEDirector.preinitialize(DEDirector.java:1338)
	at ptolemy.actor.CompositeActor.preinitialize(CompositeActor.java:1828)
	at ptolemy.actor.Manager.preinitializeAndResolveTypes(Manager.java:1040)
	at ptolemy.actor.Manager.initialize(Manager.java:710)
	at ptolemy.actor.Manager.execute(Manager.java:356)
	at ptolemy.actor.Manager.run(Manager.java:1263)
	at ptolemy.actor.Manager$PtolemyRunThread.run(Manager.java:1933)
java.lang.RuntimeException: Execution failed
	at ptolemy.moml.MoMLSimpleApplication$UnloadThread.run(MoMLSimpleApplication.java:402)
Caused by: ptolemy.kernel.util.IllegalActionException: Found a zero delay loop containing .dependencyLoop2.original
  in .dependencyLoop2 and .dependencyLoop2.original
	at ptolemy.actor.util.CausalityInterfaceForComposites._computeOutputPortDepth(CausalityInterfaceForComposites.java:759)
	at ptolemy.actor.util.CausalityInterfaceForComposites._computeInputDepth(CausalityInterfaceForComposites.java:696)
	at ptolemy.actor.util.CausalityInterfaceForComposites._computeOutputPortDepth(CausalityInterfaceForComposites.java:765)
	at ptolemy.actor.util.CausalityInterfaceForComposites._computeInputDepth(CausalityInterfaceForComposites.java:696)
	at ptolemy.actor.util.CausalityInterfaceForComposites._computeOutputPortDepth(CausalityInterfaceForComposites.java:765)
	at ptolemy.actor.util.CausalityInterfaceForComposites._computeInputDepth(CausalityInterfaceForComposites.java:696)
	at ptolemy.actor.util.CausalityInterfaceForComposites._computeActorDepth(CausalityInterfaceForComposites.java:532)
	at ptolemy.actor.util.CausalityInterfaceForComposites.checkForCycles(CausalityInterfaceForComposites.java:96)
	at ptolemy.domains.de.kernel.DEDirector.preinitialize(DEDirector.java:1338)
	at ptolemy.actor.CompositeActor.preinitialize(CompositeActor.java:1828)
	at ptolemy.actor.Manager.preinitializeAndResolveTypes(Manager.java:1040)
	at ptolemy.actor.Manager.initialize(Manager.java:710)
	at ptolemy.actor.Manager.execute(Manager.java:356)
	at ptolemy.actor.Manager.run(Manager.java:1263)
	at ptolemy.actor.Manager$PtolemyRunThread.run(Manager.java:1933)
java.lang.RuntimeException: Execution failed
	at ptolemy.moml.MoMLSimpleApplication$UnloadThread.run(MoMLSimpleApplication.java:402)
Caused by: ptolemy.kernel.util.IllegalActionException: Actor is not ready to fire.  Perhaps UpSample.prefire() returned false? Try debugging the actor by selecting "Listen to Actor".  Also, for SDF check moml for tokenConsumptionRate on input.
  in .DESDFClockTest.Play Bell.Copy1:SDF Director and .DESDFClockTest.Play Bell.UpSample
	at ptolemy.actor.sched.StaticSchedulingDirector.fire(StaticSchedulingDirector.java:227)
	at ptolemy.domains.sdf.kernel.SDFDirector.fire(SDFDirector.java:500)
	at ptolemy.actor.CompositeActor.fire(CompositeActor.java:455)
	at ptolemy.domains.de.kernel.DEDirector._fire(DEDirector.java:1949)
	at ptolemy.domains.de.kernel.DEDirector.fire(DEDirector.java:502)
	at ptolemy.actor.CompositeActor.fire(CompositeActor.java:455)
	at ptolemy.actor.Manager.iterate(Manager.java:851)
	at ptolemy.actor.Manager.execute(Manager.java:369)
	at ptolemy.actor.Manager.run(Manager.java:1263)
	at ptolemy.actor.Manager$PtolemyRunThread.run(Manager.java:1933)
java.lang.RuntimeException: Execution failed
	at ptolemy.moml.MoMLSimpleApplication$UnloadThread.run(MoMLSimpleApplication.java:402)
Caused by: ptolemy.kernel.util.IllegalActionException: Actor is not ready to fire.  Perhaps UpSample.prefire() returned false? Try debugging the actor by selecting "Listen to Actor".  Also, for SDF check moml for tokenConsumptionRate on input.
  in .DESDFClockTest.Play Bell.Copy1:SDF Director and .DESDFClockTest.Play Bell.UpSample
	at ptolemy.actor.sched.StaticSchedulingDirector.fire(StaticSchedulingDirector.java:227)
	at ptolemy.domains.sdf.kernel.SDFDirector.fire(SDFDirector.java:500)
	at ptolemy.actor.CompositeActor.fire(CompositeActor.java:455)
	at ptolemy.domains.de.kernel.DEDirector._fire(DEDirector.java:1949)
	at ptolemy.domains.de.kernel.DEDirector.fire(DEDirector.java:502)
	at ptolemy.actor.CompositeActor.fire(CompositeActor.java:455)
	at ptolemy.actor.Manager.iterate(Manager.java:851)
	at ptolemy.actor.Manager.execute(Manager.java:369)
	at ptolemy.actor.Manager.run(Manager.java:1263)
	at ptolemy.actor.Manager$PtolemyRunThread.run(Manager.java:1933)
java.lang.reflect.InvocationTargetException
	at java.base/jdk.internal.reflect.NativeConstructorAccessorImpl.newInstance0(Native Method)
	at java.base/jdk.internal.reflect.NativeConstructorAccessorImpl.newInstance(NativeConstructorAccessorImpl.java:62)
	at java.base/jdk.internal.reflect.DelegatingConstructorAccessorImpl.newInstance(DelegatingConstructorAccessorImpl.java:45)
	at java.base/java.lang.reflect.Constructor.newInstance(Constructor.java:490)
	at ptolemy.util.test.junit.AutoKnownFailedTests.RunModel(AutoKnownFailedTests.java:105)
	at java.base/jdk.internal.reflect.NativeMethodAccessorImpl.invoke0(Native Method)
	at java.base/jdk.internal.reflect.NativeMethodAccessorImpl.invoke(NativeMethodAccessorImpl.java:62)
	at java.base/jdk.internal.reflect.DelegatingMethodAccessorImpl.invoke(DelegatingMethodAccessorImpl.java:43)
	at java.base/java.lang.reflect.Method.invoke(Method.java:566)
	at org.junit.runners.model.FrameworkMethod$1.runReflectiveCall(FrameworkMethod.java:44)
	at org.junit.internal.runners.model.ReflectiveCallable.run(ReflectiveCallable.java:15)
	at org.junit.runners.model.FrameworkMethod.invokeExplosively(FrameworkMethod.java:41)
	at junitparams.internal.InvokeParameterisedMethod.evaluate(InvokeParameterisedMethod.java:102)
	at org.junit.internal.runners.statements.FailOnTimeout$1.run(FailOnTimeout.java:28)
Caused by: ptolemy.kernel.util.IllegalActionException: Actor is not ready to fire.  Perhaps UpSample.prefire() returned false? Try debugging the actor by selecting "Listen to Actor".  Also, for SDF check moml for tokenConsumptionRate on input.
  in .DESDFClockTest.Play Bell.Copy1:SDF Director and .DESDFClockTest.Play Bell.UpSample
	at ptolemy.actor.sched.StaticSchedulingDirector.fire(StaticSchedulingDirector.java:227)
	at ptolemy.domains.sdf.kernel.SDFDirector.fire(SDFDirector.java:500)
	at ptolemy.actor.CompositeActor.fire(CompositeActor.java:455)
	at ptolemy.domains.de.kernel.DEDirector._fire(DEDirector.java:1949)
	at ptolemy.domains.de.kernel.DEDirector.fire(DEDirector.java:502)
	at ptolemy.actor.CompositeActor.fire(CompositeActor.java:455)
	at ptolemy.actor.Manager.iterate(Manager.java:851)
	at ptolemy.actor.Manager.execute(Manager.java:369)
	at ptolemy.actor.Manager.run(Manager.java:1263)
	at ptolemy.actor.Manager$PtolemyRunThread.run(Manager.java:1933)
java.lang.RuntimeException: Execution failed
	at ptolemy.moml.MoMLSimpleApplication$UnloadThread.run(MoMLSimpleApplication.java:402)
Caused by: ptolemy.kernel.util.IllegalActionException: Test fails in iteration 1.
Value was: 1.0. Should have been: 2.0
  in .DirectFeedback.Test
	at ptolemy.actor.lib.Test.fire(Test.java:268)
	at ptolemy.domains.de.kernel.DEDirector._fire(DEDirector.java:1949)
	at ptolemy.domains.de.kernel.DEDirector.fire(DEDirector.java:502)
	at ptolemy.actor.CompositeActor.fire(CompositeActor.java:455)
	at ptolemy.actor.Manager.iterate(Manager.java:851)
	at ptolemy.actor.Manager.execute(Manager.java:369)
	at ptolemy.actor.Manager.run(Manager.java:1263)
	at ptolemy.actor.Manager$PtolemyRunThread.run(Manager.java:1933)
java.lang.reflect.InvocationTargetException
	at java.base/jdk.internal.reflect.NativeConstructorAccessorImpl.newInstance0(Native Method)
	at java.base/jdk.internal.reflect.NativeConstructorAccessorImpl.newInstance(NativeConstructorAccessorImpl.java:62)
	at java.base/jdk.internal.reflect.DelegatingConstructorAccessorImpl.newInstance(DelegatingConstructorAccessorImpl.java:45)
	at java.base/java.lang.reflect.Constructor.newInstance(Constructor.java:490)
	at ptolemy.util.test.junit.AutoKnownFailedTests.RunModel(AutoKnownFailedTests.java:105)
	at java.base/jdk.internal.reflect.NativeMethodAccessorImpl.invoke0(Native Method)
	at java.base/jdk.internal.reflect.NativeMethodAccessorImpl.invoke(NativeMethodAccessorImpl.java:62)
	at java.base/jdk.internal.reflect.DelegatingMethodAccessorImpl.invoke(DelegatingMethodAccessorImpl.java:43)
	at java.base/java.lang.reflect.Method.invoke(Method.java:566)
	at org.junit.runners.model.FrameworkMethod$1.runReflectiveCall(FrameworkMethod.java:44)
	at org.junit.internal.runners.model.ReflectiveCallable.run(ReflectiveCallable.java:15)
	at org.junit.runners.model.FrameworkMethod.invokeExplosively(FrameworkMethod.java:41)
	at junitparams.internal.InvokeParameterisedMethod.evaluate(InvokeParameterisedMethod.java:102)
	at org.junit.internal.runners.statements.FailOnTimeout$1.run(FailOnTimeout.java:28)
Caused by: ptolemy.kernel.util.IllegalActionException: Test fails in iteration 1.
Value was: 1.0. Should have been: 2.0
  in .DirectFeedback.Test
	at ptolemy.actor.lib.Test.fire(Test.java:268)
	at ptolemy.domains.de.kernel.DEDirector._fire(DEDirector.java:1949)
	at ptolemy.domains.de.kernel.DEDirector.fire(DEDirector.java:502)
	at ptolemy.actor.CompositeActor.fire(CompositeActor.java:455)
	at ptolemy.actor.Manager.iterate(Manager.java:851)
	at ptolemy.actor.Manager.execute(Manager.java:369)
	at ptolemy.actor.Manager.run(Manager.java:1263)
	at ptolemy.actor.Manager$PtolemyRunThread.run(Manager.java:1933)
java.lang.RuntimeException: Execution failed
	at ptolemy.moml.MoMLSimpleApplication$UnloadThread.run(MoMLSimpleApplication.java:402)
Caused by: ptolemy.kernel.util.IllegalActionException: Found a zero delay loop containing .HierarchicalModel.A
  in .HierarchicalModel and .HierarchicalModel.A
	at ptolemy.actor.util.CausalityInterfaceForComposites._computeOutputPortDepth(CausalityInterfaceForComposites.java:759)
	at ptolemy.actor.util.CausalityInterfaceForComposites._computeInputDepth(CausalityInterfaceForComposites.java:696)
	at ptolemy.actor.util.CausalityInterfaceForComposites._computeOutputPortDepth(CausalityInterfaceForComposites.java:765)
	at ptolemy.actor.util.CausalityInterfaceForComposites._computeInputDepth(CausalityInterfaceForComposites.java:696)
	at ptolemy.actor.util.CausalityInterfaceForComposites._computeOutputPortDepth(CausalityInterfaceForComposites.java:765)
	at ptolemy.actor.util.CausalityInterfaceForComposites._computeInputDepth(CausalityInterfaceForComposites.java:696)
	at ptolemy.actor.util.CausalityInterfaceForComposites._computeActorDepth(CausalityInterfaceForComposites.java:532)
	at ptolemy.actor.util.CausalityInterfaceForComposites.checkForCycles(CausalityInterfaceForComposites.java:96)
	at ptolemy.domains.de.kernel.DEDirector.preinitialize(DEDirector.java:1338)
	at ptolemy.actor.CompositeActor.preinitialize(CompositeActor.java:1828)
	at ptolemy.actor.Manager.preinitializeAndResolveTypes(Manager.java:1040)
	at ptolemy.actor.Manager.initialize(Manager.java:710)
	at ptolemy.actor.Manager.execute(Manager.java:356)
	at ptolemy.actor.Manager.run(Manager.java:1263)
	at ptolemy.actor.Manager$PtolemyRunThread.run(Manager.java:1933)
java.lang.reflect.InvocationTargetException
	at java.base/jdk.internal.reflect.NativeConstructorAccessorImpl.newInstance0(Native Method)
	at java.base/jdk.internal.reflect.NativeConstructorAccessorImpl.newInstance(NativeConstructorAccessorImpl.java:62)
	at java.base/jdk.internal.reflect.DelegatingConstructorAccessorImpl.newInstance(DelegatingConstructorAccessorImpl.java:45)
	at java.base/java.lang.reflect.Constructor.newInstance(Constructor.java:490)
	at ptolemy.util.test.junit.AutoKnownFailedTests.RunModel(AutoKnownFailedTests.java:105)
	at java.base/jdk.internal.reflect.NativeMethodAccessorImpl.invoke0(Native Method)
	at java.base/jdk.internal.reflect.NativeMethodAccessorImpl.invoke(NativeMethodAccessorImpl.java:62)
	at java.base/jdk.internal.reflect.DelegatingMethodAccessorImpl.invoke(DelegatingMethodAccessorImpl.java:43)
	at java.base/java.lang.reflect.Method.invoke(Method.java:566)
	at org.junit.runners.model.FrameworkMethod$1.runReflectiveCall(FrameworkMethod.java:44)
	at org.junit.internal.runners.model.ReflectiveCallable.run(ReflectiveCallable.java:15)
	at org.junit.runners.model.FrameworkMethod.invokeExplosively(FrameworkMethod.java:41)
	at junitparams.internal.InvokeParameterisedMethod.evaluate(InvokeParameterisedMethod.java:102)
	at org.junit.internal.runners.statements.FailOnTimeout$1.run(FailOnTimeout.java:28)
Caused by: ptolemy.kernel.util.IllegalActionException: Found a zero delay loop containing .HierarchicalModel.A
  in .HierarchicalModel and .HierarchicalModel.A
	at ptolemy.actor.util.CausalityInterfaceForComposites._computeOutputPortDepth(CausalityInterfaceForComposites.java:759)
	at ptolemy.actor.util.CausalityInterfaceForComposites._computeInputDepth(CausalityInterfaceForComposites.java:696)
	at ptolemy.actor.util.CausalityInterfaceForComposites._computeOutputPortDepth(CausalityInterfaceForComposites.java:765)
	at ptolemy.actor.util.CausalityInterfaceForComposites._computeInputDepth(CausalityInterfaceForComposites.java:696)
	at ptolemy.actor.util.CausalityInterfaceForComposites._computeOutputPortDepth(CausalityInterfaceForComposites.java:765)
	at ptolemy.actor.util.CausalityInterfaceForComposites._computeInputDepth(CausalityInterfaceForComposites.java:696)
	at ptolemy.actor.util.CausalityInterfaceForComposites._computeActorDepth(CausalityInterfaceForComposites.java:532)
	at ptolemy.actor.util.CausalityInterfaceForComposites.checkForCycles(CausalityInterfaceForComposites.java:96)
	at ptolemy.domains.de.kernel.DEDirector.preinitialize(DEDirector.java:1338)
	at ptolemy.actor.CompositeActor.preinitialize(CompositeActor.java:1828)
	at ptolemy.actor.Manager.preinitializeAndResolveTypes(Manager.java:1040)
	at ptolemy.actor.Manager.initialize(Manager.java:710)
	at ptolemy.actor.Manager.execute(Manager.java:356)
	at ptolemy.actor.Manager.run(Manager.java:1263)
	at ptolemy.actor.Manager$PtolemyRunThread.run(Manager.java:1933)
java.lang.RuntimeException: Execution failed
	at ptolemy.moml.MoMLSimpleApplication$UnloadThread.run(MoMLSimpleApplication.java:402)
Caused by: ptolemy.kernel.util.IllegalActionException: Found a zero delay loop containing .dependencyLoop.original
  in .dependencyLoop and .dependencyLoop.original
	at ptolemy.actor.util.CausalityInterfaceForComposites._computeOutputPortDepth(CausalityInterfaceForComposites.java:759)
	at ptolemy.actor.util.CausalityInterfaceForComposites._computeInputDepth(CausalityInterfaceForComposites.java:696)
	at ptolemy.actor.util.CausalityInterfaceForComposites._computeOutputPortDepth(CausalityInterfaceForComposites.java:765)
	at ptolemy.actor.util.CausalityInterfaceForComposites._computeInputDepth(CausalityInterfaceForComposites.java:696)
	at ptolemy.actor.util.CausalityInterfaceForComposites._computeOutputPortDepth(CausalityInterfaceForComposites.java:765)
	at ptolemy.actor.util.CausalityInterfaceForComposites._computeInputDepth(CausalityInterfaceForComposites.java:696)
	at ptolemy.actor.util.CausalityInterfaceForComposites._computeActorDepth(CausalityInterfaceForComposites.java:532)
	at ptolemy.actor.util.CausalityInterfaceForComposites.checkForCycles(CausalityInterfaceForComposites.java:96)
	at ptolemy.domains.de.kernel.DEDirector.preinitialize(DEDirector.java:1338)
	at ptolemy.actor.CompositeActor.preinitialize(CompositeActor.java:1828)
	at ptolemy.actor.Manager.preinitializeAndResolveTypes(Manager.java:1040)
	at ptolemy.actor.Manager.initialize(Manager.java:710)
	at ptolemy.actor.Manager.execute(Manager.java:356)
	at ptolemy.actor.Manager.run(Manager.java:1263)
	at ptolemy.actor.Manager$PtolemyRunThread.run(Manager.java:1933)
java.lang.reflect.InvocationTargetException
	at java.base/jdk.internal.reflect.NativeConstructorAccessorImpl.newInstance0(Native Method)
	at java.base/jdk.internal.reflect.NativeConstructorAccessorImpl.newInstance(NativeConstructorAccessorImpl.java:62)
	at java.base/jdk.internal.reflect.DelegatingConstructorAccessorImpl.newInstance(DelegatingConstructorAccessorImpl.java:45)
	at java.base/java.lang.reflect.Constructor.newInstance(Constructor.java:490)
	at ptolemy.util.test.junit.AutoKnownFailedTests.RunModel(AutoKnownFailedTests.java:105)
	at java.base/jdk.internal.reflect.NativeMethodAccessorImpl.invoke0(Native Method)
	at java.base/jdk.internal.reflect.NativeMethodAccessorImpl.invoke(NativeMethodAccessorImpl.java:62)
	at java.base/jdk.internal.reflect.DelegatingMethodAccessorImpl.invoke(DelegatingMethodAccessorImpl.java:43)
	at java.base/java.lang.reflect.Method.invoke(Method.java:566)
	at org.junit.runners.model.FrameworkMethod$1.runReflectiveCall(FrameworkMethod.java:44)
	at org.junit.internal.runners.model.ReflectiveCallable.run(ReflectiveCallable.java:15)
	at org.junit.runners.model.FrameworkMethod.invokeExplosively(FrameworkMethod.java:41)
	at junitparams.internal.InvokeParameterisedMethod.evaluate(InvokeParameterisedMethod.java:102)
	at org.junit.internal.runners.statements.FailOnTimeout$1.run(FailOnTimeout.java:28)
Caused by: ptolemy.kernel.util.IllegalActionException: Found a zero delay loop containing .dependencyLoop.original
  in .dependencyLoop and .dependencyLoop.original
	at ptolemy.actor.util.CausalityInterfaceForComposites._computeOutputPortDepth(CausalityInterfaceForComposites.java:759)
	at ptolemy.actor.util.CausalityInterfaceForComposites._computeInputDepth(CausalityInterfaceForComposites.java:696)
	at ptolemy.actor.util.CausalityInterfaceForComposites._computeOutputPortDepth(CausalityInterfaceForComposites.java:765)
	at ptolemy.actor.util.CausalityInterfaceForComposites._computeInputDepth(CausalityInterfaceForComposites.java:696)
	at ptolemy.actor.util.CausalityInterfaceForComposites._computeOutputPortDepth(CausalityInterfaceForComposites.java:765)
	at ptolemy.actor.util.CausalityInterfaceForComposites._computeInputDepth(CausalityInterfaceForComposites.java:696)
	at ptolemy.actor.util.CausalityInterfaceForComposites._computeActorDepth(CausalityInterfaceForComposites.java:532)
	at ptolemy.actor.util.CausalityInterfaceForComposites.checkForCycles(CausalityInterfaceForComposites.java:96)
	at ptolemy.domains.de.kernel.DEDirector.preinitialize(DEDirector.java:1338)
	at ptolemy.actor.CompositeActor.preinitialize(CompositeActor.java:1828)
	at ptolemy.actor.Manager.preinitializeAndResolveTypes(Manager.java:1040)
	at ptolemy.actor.Manager.initialize(Manager.java:710)
	at ptolemy.actor.Manager.execute(Manager.java:356)
	at ptolemy.actor.Manager.run(Manager.java:1263)
	at ptolemy.actor.Manager$PtolemyRunThread.run(Manager.java:1933)
java.lang.RuntimeException: Execution failed
	at ptolemy.moml.MoMLSimpleApplication$UnloadThread.run(MoMLSimpleApplication.java:402)
Caused by: ptolemy.kernel.util.IllegalActionException: Found a zero delay loop containing .dependencyLoop2.original
  in .dependencyLoop2 and .dependencyLoop2.original
	at ptolemy.actor.util.CausalityInterfaceForComposites._computeOutputPortDepth(CausalityInterfaceForComposites.java:759)
	at ptolemy.actor.util.CausalityInterfaceForComposites._computeInputDepth(CausalityInterfaceForComposites.java:696)
	at ptolemy.actor.util.CausalityInterfaceForComposites._computeOutputPortDepth(CausalityInterfaceForComposites.java:765)
	at ptolemy.actor.util.CausalityInterfaceForComposites._computeInputDepth(CausalityInterfaceForComposites.java:696)
	at ptolemy.actor.util.CausalityInterfaceForComposites._computeOutputPortDepth(CausalityInterfaceForComposites.java:765)
	at ptolemy.actor.util.CausalityInterfaceForComposites._computeInputDepth(CausalityInterfaceForComposites.java:696)
	at ptolemy.actor.util.CausalityInterfaceForComposites._computeActorDepth(CausalityInterfaceForComposites.java:532)
	at ptolemy.actor.util.CausalityInterfaceForComposites.checkForCycles(CausalityInterfaceForComposites.java:96)
	at ptolemy.domains.de.kernel.DEDirector.preinitialize(DEDirector.java:1338)
	at ptolemy.actor.CompositeActor.preinitialize(CompositeActor.java:1828)
	at ptolemy.actor.Manager.preinitializeAndResolveTypes(Manager.java:1040)
	at ptolemy.actor.Manager.initialize(Manager.java:710)
	at ptolemy.actor.Manager.execute(Manager.java:356)
	at ptolemy.actor.Manager.run(Manager.java:1263)
	at ptolemy.actor.Manager$PtolemyRunThread.run(Manager.java:1933)
java.lang.reflect.InvocationTargetException
	at java.base/jdk.internal.reflect.NativeConstructorAccessorImpl.newInstance0(Native Method)
	at java.base/jdk.internal.reflect.NativeConstructorAccessorImpl.newInstance(NativeConstructorAccessorImpl.java:62)
	at java.base/jdk.internal.reflect.DelegatingConstructorAccessorImpl.newInstance(DelegatingConstructorAccessorImpl.java:45)
	at java.base/java.lang.reflect.Constructor.newInstance(Constructor.java:490)
	at ptolemy.util.test.junit.AutoKnownFailedTests.RunModel(AutoKnownFailedTests.java:105)
	at java.base/jdk.internal.reflect.NativeMethodAccessorImpl.invoke0(Native Method)
	at java.base/jdk.internal.reflect.NativeMethodAccessorImpl.invoke(NativeMethodAccessorImpl.java:62)
	at java.base/jdk.internal.reflect.DelegatingMethodAccessorImpl.invoke(DelegatingMethodAccessorImpl.java:43)
	at java.base/java.lang.reflect.Method.invoke(Method.java:566)
	at org.junit.runners.model.FrameworkMethod$1.runReflectiveCall(FrameworkMethod.java:44)
	at org.junit.internal.runners.model.ReflectiveCallable.run(ReflectiveCallable.java:15)
	at org.junit.runners.model.FrameworkMethod.invokeExplosively(FrameworkMethod.java:41)
	at junitparams.internal.InvokeParameterisedMethod.evaluate(InvokeParameterisedMethod.java:102)
	at org.junit.internal.runners.statements.FailOnTimeout$1.run(FailOnTimeout.java:28)
Caused by: ptolemy.kernel.util.IllegalActionException: Found a zero delay loop containing .dependencyLoop2.original
  in .dependencyLoop2 and .dependencyLoop2.original
	at ptolemy.actor.util.CausalityInterfaceForComposites._computeOutputPortDepth(CausalityInterfaceForComposites.java:759)
	at ptolemy.actor.util.CausalityInterfaceForComposites._computeInputDepth(CausalityInterfaceForComposites.java:696)
	at ptolemy.actor.util.CausalityInterfaceForComposites._computeOutputPortDepth(CausalityInterfaceForComposites.java:765)
	at ptolemy.actor.util.CausalityInterfaceForComposites._computeInputDepth(CausalityInterfaceForComposites.java:696)
	at ptolemy.actor.util.CausalityInterfaceForComposites._computeOutputPortDepth(CausalityInterfaceForComposites.java:765)
	at ptolemy.actor.util.CausalityInterfaceForComposites._computeInputDepth(CausalityInterfaceForComposites.java:696)
	at ptolemy.actor.util.CausalityInterfaceForComposites._computeActorDepth(CausalityInterfaceForComposites.java:532)
	at ptolemy.actor.util.CausalityInterfaceForComposites.checkForCycles(CausalityInterfaceForComposites.java:96)
	at ptolemy.domains.de.kernel.DEDirector.preinitialize(DEDirector.java:1338)
	at ptolemy.actor.CompositeActor.preinitialize(CompositeActor.java:1828)
	at ptolemy.actor.Manager.preinitializeAndResolveTypes(Manager.java:1040)
	at ptolemy.actor.Manager.initialize(Manager.java:710)
	at ptolemy.actor.Manager.execute(Manager.java:356)
	at ptolemy.actor.Manager.run(Manager.java:1263)
	at ptolemy.actor.Manager$PtolemyRunThread.run(Manager.java:1933)
]]></system-err>
</testsuite>
