<?xml version="1.0" encoding="UTF-8" ?>
<testsuite errors="2" failures="1" hostname="travis-job-01d44646-4ca5-457e-99f5-74251a8edfa7" name="ptolemy.actor.lib.test.junit.JUnitTclTest" skipped="0" tests="517" time="65.596" timestamp="2019-11-26T06:24:40">
  <properties>
    <property name="npm.executable" value="npm" />
    <property name="env.TRAVIS_ROOT" value="/" />
    <property name="ptII.mk.exists" value="true" />
    <property name="env.TRAVIS_APP_HOST" value="build.travis-ci.org" />
    <property name="env.rvm_bin_path" value="/home/travis/.rvm/bin" />
    <property name="java.home" value="/usr/local/lib/jvm/openjdk11" />
    <property name="env.TRAVIS_JOB_NUMBER" value="1409.8" />
    <property name="env.TRAVIS_HOME" value="/home/travis" />
    <property name="env.DISPLAY" value=":99.0" />
    <property name="env.TRAVIS_INIT" value="systemd" />
    <property name="env.SSH_TTY" value="/dev/pts/0" />
    <property name="java.net.preferIPv4Stack" value="true" />
    <property name="env.RUN_TESTS" value="true" />
    <property name="timeout.short" value="1000000" />
    <property name="junit.formatter" value="xml" />
    <property name="env.TRAVIS_SUDO" value="true" />
    <property name="env.TRAVIS_JOB_NAME" value="" />
    <property name="env.TRAVIS_STACK_NODE_ATTRIBUTES" value="/.node-attributes.yml" />
    <property name="env.LOGNAME" value="travis" />
    <property name="env.PT_TRAVIS_TEST_CORE1_XML" value="true" />
    <property name="jsdoc.home" value="node_modules/@terraswarm/jsdoc" />
    <property name="debuglevel" value="source,lines,vars" />
    <property name="checkstyle.formatter" value="xml" />
    <property name="env._system_version" value="16.04" />
    <property name="bin.vergil.makeable" value="true" />
    <property name="sun.os.patch.level" value="unknown" />
    <property name="java.vendor.url" value="http://java.oracle.com/" />
    <property name="env.TRAVIS_BUILD_WEB_URL" value="https://travis-ci.org/icyphy/ptII/builds/617048067" />
    <property name="java.version" value="11.0.2" />
    <property name="env.TZ" value="UTC" />
    <property name="env.TRAVIS_PULL_REQUEST_SHA" value="" />
    <property name="env.PT_NO_NET" value="true" />
    <property name="env.TRAVIS_SECURE_ENV_VARS" value="true" />
    <property name="env._system_type" value="Linux" />
    <property name="java.vendor.url.bug" value="http://bugreport.java.com/bugreport/" />
    <property name="npmjs-org-is-up" value="true" />
    <property name="env.LANGUAGE" value="en_US.UTF-8" />
    <property name="env.SSH_CLIENT" value="10.24.1.7 51324 22" />
    <property name="env.GEM_HOME" value="/home/travis/.rvm/gems/ruby-2.5.3" />
    <property name="env.HAS_ANTARES_THREE_LITTLE_FRONZIES_BADGE" value="true" />
    <property name="java.version.date" value="2019-01-15" />
    <property name="env.PS4" value="+" />
    <property name="ant.project.invoked-targets" value="build,test.core1.xml" />
    <property name="env.TRAVIS_PULL_REQUEST_BRANCH" value="" />
    <property name="env.TRAVIS_REPO_SLUG" value="icyphy/ptII" />
    <property name="env.XDG_DATA_DIRS" value="/usr/local/share:/usr/share:/var/lib/snapd/desktop" />
    <property name="jdk.debug" value="release" />
    <property name="env.TRAVIS_APT_PROXY" value="http://apt.cache.travis-ci.com" />
    <property name="env.TRAVIS_CPU_ARCH" value="amd64" />
    <property name="node.in.path" value="true" />
    <property name="user.name" value="travis" />
    <property name="java.maxmemory" value="1400m" />
    <property name="env.RUBY_VERSION" value="ruby-2.5.3" />
    <property name="env.LANG" value="en_US.UTF-8" />
    <property name="sun.io.unicode.encoding" value="UnicodeLittle" />
    <property name="sun.jnu.encoding" value="UTF-8" />
    <property name="java.runtime.name" value="OpenJDK Runtime Environment" />
    <property name="usefile" value="false" />
    <property name="return.code" value="0" />
    <property name="junit.single.formatter" value="plain" />
    <property name="env.DYLD_LIBRARY_PATH" value="/home/travis/pthla/certi-tools/lib:" />
    <property name="env.DEBIAN_FRONTEND" value="noninteractive" />
    <property name="env.SSH_CONNECTION" value="10.24.1.7 51324 10.20.1.16 22" />
    <property name="env.MYSQL_UNIX_PORT" value="/var/run/mysqld/mysqld.sock" />
    <property name="env.LC_ALL" value="en_US.UTF-8" />
    <property name="env.TRAVIS_ALLOW_FAILURE" value="false" />
    <property name="env.TRAVIS_JOB_WEB_URL" value="https://travis-ci.org/icyphy/ptII/jobs/617048075" />
    <property name="java.specification.name" value="Java Platform API Specification" />
    <property name="node.works" value="true" />
    <property name="user.timezone" value="" />
    <property name="path.separator" value=":" />
    <property name="env.TRAVIS_ENABLE_INFRA_DETECTION" value="true" />
    <property name="env.PYTHON_CFLAGS" value="-g -fstack-protector --param=ssp-buffer-size=4 -Wformat -Werror=format-security" />
    <property name="timeout.long" value="4000000" />
    <property name="env.CERTI_HOME" value="/home/travis/pthla/certi-tools" />
    <property name="ant.file.ptII" value="/home/travis/build/icyphy/ptII/build.xml" />
    <property name="javadoc.packagenames" value="com.*,diva.*,lbnl.*,org.hlacerti.*,org.json.*,org.ptolemy.*,org.terraswarm.*,ptolemy.*,ptserver.*" />
    <property name="file.encoding" value="UTF-8" />
    <property name="env.TRAVIS_PULL_REQUEST_SLUG" value="" />
    <property name="ant.project.default-target" value="build" />
    <property name="env.GIT_ASKPASS" value="echo" />
    <property name="env.HOME" value="/home/travis" />
    <property name="sun.java.command" value="org.apache.tools.ant.taskdefs.optional.junit.JUnitTestRunner ptolemy.actor.lib.test.junit.JUnitTclTest skipNonTests=false filtertrace=true haltOnError=false haltOnFailure=false formatter=org.apache.tools.ant.taskdefs.optional.junit.OutErrSummaryJUnitResultFormatter showoutput=true outputtoformatters=true logfailedtests=true threadid=0 logtestlistenerevents=false formatter=org.apache.tools.ant.taskdefs.optional.junit.XMLJUnitResultFormatter,/home/travis/build/icyphy/ptII/reports/junit/TEST-ptolemy.actor.lib.test.junit.JUnitTclTest.xml crashfile=/home/travis/build/icyphy/ptII/junitvmwatcher11395379433091255799.properties propsfile=/home/travis/build/icyphy/ptII/junit4071330074307857412.properties" />
    <property name="env.COMPOSER_NO_INTERACTION" value="1" />
    <property name="env.MANPATH" value="/home/travis/.nvm/versions/node/v7.10.1/share/man:/home/travis/.rvm/rubies/ruby-2.5.3/share/man:/usr/local/cmake-3.12.4/man:/usr/local/clang-7.0.0/share/man:/usr/local/man:/usr/local/share/man:/usr/share/man:/home/travis/.rvm/man" />
    <property name="env.TRAVIS_TIMER_ID" value="362d50df" />
    <property name="ant.file" value="/home/travis/build/icyphy/ptII/build.xml" />
    <property name="env.TRAVIS_COMMIT_RANGE" value="45a1af74cde64810f1a740ff9bd66386be4e642c...11deb69804adb5926cd4863c8231df6048994796" />
    <property name="env._system_name" value="Ubuntu" />
    <property name="ptII.classpath.optional.property" value="/home/travis/build/icyphy/ptII/lib/bsh-2.0b4.jar:/home/travis/build/icyphy/ptII/lib/ptCal.jar:/home/travis/build/icyphy/ptII/lib/java_cup.jar:/home/travis/build/icyphy/ptII/lib/saxon8.jar:/home/travis/build/icyphy/ptII/lib/saxon8-dom.jar:/home/travis/build/icyphy/ptII/lib/chic.jar:/home/travis/build/icyphy/ptII/lib/ptcolt.jar:/home/travis/build/icyphy/ptII/vendors/misc/itext/iText.jar:/home/travis/build/icyphy/ptII/lib/g4ltl.jar:/home/travis/build/icyphy/ptII/lib/StructuralCoder.jar:/home/travis/build/icyphy/ptII/lib/jcerti.jar:/home/travis/build/icyphy/ptII/lib/javax.mail.jar:/home/travis/build/icyphy/ptII/vendors/JMF-2.1.1e/lib/jmf.jar:/home/travis/build/icyphy/ptII/lib/jna-4.0.0-variadic.jar:/home/travis/build/icyphy/ptII/vendors/misc/joystick/Joystick.jar:/home/travis/build/icyphy/ptII/lib/ptjacl.jar:/home/travis/build/icyphy/ptII/lib/jsoup-1.8.2.jar:/home/travis/build/icyphy/ptII/lib/junit-4.8.2.jar:/home/travis/build/icyphy/ptII/lib/JUnitParams-0.4.0.jar:/home/travis/build/icyphy/ptII/ptolemy/actor/lib/excel/jxl.jar:/home/travis/build/icyphy/ptII/lib/jython.jar:/home/travis/build/icyphy/ptII/lib/kieler.jar:/home/travis/build/icyphy/ptII/vendors/opencv/share/OpenCV/java/opencv-341.jar:/home/travis/build/icyphy/ptII/lib/oscP5.jar:/home/travis/build/icyphy/ptII/lib/nrjavaserial-3.11.0.devel.jar:/home/travis/build/icyphy/ptII/vendors/j3d/lib/Linux/j3dcore.jar:/home/travis/build/icyphy/ptII/vendors/j3d/lib/Linux/j3dutils.jar:/home/travis/build/icyphy/ptII/vendors/j3d/lib/Linux/vecmath.jar:/home/travis/build/icyphy/ptII/vendors/jogl/lib/Linux/gluegen-rt-natives-linux-amd64.jar:/home/travis/build/icyphy/ptII/vendors/jogl/lib/Linux/gluegen-rt.jar:/home/travis/build/icyphy/ptII/vendors/jogl/lib/Linux/jogl-all-natives-linux-amd64.jar:/home/travis/build/icyphy/ptII/vendors/jogl/lib/Linux/jogl-all.jar:/home/travis/build/icyphy/ptII/ptolemy/distributed/jini/jar/jini-core.jar:/home/travis/build/icyphy/ptII/ptolemy/distributed/jini/jar/jini-ext.jar:/home/travis/build/icyphy/ptII/ptolemy/distributed/jini/jar/sun-util.jar:/home/travis/build/icyphy/ptII/lib/protobuf-java-2.4.1.jar:/home/travis/build/icyphy/ptII/lib/org.eclipse.paho.client.mqttv3.jar:/home/travis/build/icyphy/ptII/lib/mapss.jar:/home/travis/build/icyphy/ptII/ptolemy/actor/ptalon/antlr/antlr.jar:/home/travis/build/icyphy/ptII/lib/JRI.jar:/home/travis/build/icyphy/ptII/lib/commons-lang-2.6.jar:/home/travis/build/icyphy/ptII/lib/commons-logging-1.1.1.jar:/home/travis/build/icyphy/ptII/lib/sootclasses.jar:/home/travis/build/icyphy/ptII/ptolemy/actor/lib/database/mysql-connector-java-5.1.6-bin.jar:/home/travis/build/icyphy/ptII/vendors/misc/sphinx4/sphinx4-data-5prealpha.jar:/home/travis/build/icyphy/ptII/vendors/misc/sphinx4/sphinx4-core-5prealpha.jar:/home/travis/build/icyphy/ptII/lib/PDFRenderer.jar:/home/travis/build/icyphy/ptII/lib/svgSalamander.jar:/home/travis/build/icyphy/ptII/lib/rsyntaxtextarea-2.6.0-SNAPSHOT.jar:/home/travis/build/icyphy/ptII/lib/hazelcast-3.8.2.jar:/home/travis/build/icyphy/ptII/lib/jackson-annotations-2.9.0.jar:/home/travis/build/icyphy/ptII/lib/jackson-core-2.9.3.jar:/home/travis/build/icyphy/ptII/lib/jackson-databind-2.9.3.jar:/home/travis/build/icyphy/ptII/lib/netty-buffer-4.1.19.Final.jar:/home/travis/build/icyphy/ptII/lib/netty-codec-4.1.19.Final.jar:/home/travis/build/icyphy/ptII/lib/netty-codec-dns-4.1.19.Final.jar:/home/travis/build/icyphy/ptII/lib/netty-codec-http-4.1.19.Final.jar:/home/travis/build/icyphy/ptII/lib/netty-codec-http2-4.1.19.Final.jar:/home/travis/build/icyphy/ptII/lib/netty-common-4.1.19.Final.jar:/home/travis/build/icyphy/ptII/lib/netty-handler-4.1.19.Final.jar:/home/travis/build/icyphy/ptII/lib/netty-resolver-4.1.19.Final.jar:/home/travis/build/icyphy/ptII/lib/netty-resolver-dns-4.1.19.Final.jar:/home/travis/build/icyphy/ptII/lib/netty-transport-4.1.19.Final.jar:/home/travis/build/icyphy/ptII/lib/vertx-codegen-3.5.1.jar:/home/travis/build/icyphy/ptII/lib/vertx-core-3.5.2-SNAPSHOT.jar:/home/travis/build/icyphy/ptII/lib/vertx-hazelcast-3.5.1.jar:/home/travis/build/icyphy/ptII/lib/vertx-lang-js-3.5.1.jar:/home/travis/build/icyphy/ptII/lib/vertx-service-proxy-3.5.1.jar:/home/travis/build/icyphy/ptII/lib/vertx-web-3.5.1.jar:/home/travis/build/icyphy/ptII/lib/slf4j-api-1.7.13.jar:/home/travis/build/icyphy/ptII/lib/slf4j-simple-1.7.13.jar:/home/travis/build/icyphy/ptII/lib/webcam-capture-0.3.12.jar:/home/travis/build/icyphy/ptII/lib/bridj-0.7.0.jar:/home/travis/build/icyphy/ptII/lib/xbjlib-1.1.0.nrjavaserial.jar" />
    <property name="timeout" value="2400000" />
    <property name="test.batch" value="**/junit/*.java" />
    <property name="env._" value="/usr/bin/timeout" />
    <property name="java.io.tmpdir" value="/tmp" />
    <property name="user.language" value="en" />
    <property name="env.TRAVIS_INTERNAL_RUBY_REGEX" value="^ruby-(2\.[0-4]\.[0-9]|1\.9\.3)" />
    <property name="env.HISTCONTROL" value="ignoredups:ignorespace" />
    <property name="env.GOROOT" value="/home/travis/.gimme/versions/go1.11.1.linux.amd64" />
    <property name="line.separator" value="&#xa;" />
    <property name="target" value="11" />
    <property name="env.TRAVIS_BUILD_DIR" value="/home/travis/build/icyphy/ptII" />
    <property name="env.ANT_OPTS" value="-Xmx2048m" />
    <property name="ant.file.type" value="file" />
    <property name="ptolemy.ptII.batchMode" value="true" />
    <property name="env.HISTSIZE" value="1000" />
    <property name="env.MERB_ENV" value="test" />
    <property name="java.vm.info" value="mixed mode" />
    <property name="source" value="11" />
    <property name="java.vm.specification.name" value="Java Virtual Machine Specification" />
    <property name="env.TRAVIS_TEST_RESULT" value="0" />
    <property name="jsdoc.command" value="node_modules/@terraswarm/jsdoc/jsdoc.js" />
    <property name="npm.works" value="true" />
    <property name="cobertura.dir" value="/home/travis/build/icyphy/ptII/vendors/cobertura-2.0.3" />
    <property name="jsdoc.command.exists" value="true" />
    <property name="env.rvm_path" value="/home/travis/.rvm" />
    <property name="env.GEM_PATH" value="/home/travis/.rvm/gems/ruby-2.5.3:/home/travis/.rvm/gems/ruby-2.5.3@global" />
    <property name="env.LC_CTYPE" value="en_US.UTF-8" />
    <property name="env.TRAVIS_CMD" value="$PTII/bin/ptIITravisBuild.sh $SECONDS" />
    <property name="java.awt.printerjob" value="sun.print.PSPrinterJob" />
    <property name="env.TRAVIS_STACK_NAME" value="sardonyx" />
    <property name="env.TRAVIS_TIMER_START_TIME" value="1574748767384932905" />
    <property name="ant.version" value="Apache Ant(TM) version 1.10.1 compiled on February 2 2017" />
    <property name="ptII.reports" value="/home/travis/build/icyphy/ptII/reports" />
    <property name="env.TRAVIS_STACK_TIMESTAMP" value="2019-03-25 16:16:56 UTC" />
    <property name="ant.file.type.ptII" value="file" />
    <property name="env.RBENV_SHELL" value="bash" />
    <property name="os.name" value="Linux" />
    <property name="java.specification.vendor" value="Oracle Corporation" />
    <property name="env.rvm_version" value="1.29.7 (latest)" />
    <property name="env.TRAVIS_INFRA" value="unknown" />
    <property name="env.TERM" value="xterm" />
    <property name="java.vm.name" value="OpenJDK 64-Bit Server VM" />
    <property name="env.TRAVIS_BUILD_NUMBER" value="1409" />
    <property name="env.CI" value="true" />
    <property name="java.library.path" value="/home/travis/pthla/certi-tools/lib:/usr/lib/jni:/usr/local/share/OpenCV/java/:/usr/share/OpenCV/java::/usr/java/packages/lib:/usr/lib64:/lib64:/lib:/usr/lib" />
    <property name="jdk.module.path" value="/home/travis/build/icyphy/ptII/vendors/javafx/javafx-sdk-11.0.2/lib:" />
    <property name="env.rvm_prefix" value="/home/travis" />
    <property name="env.PATH" value="/home/travis/pthla/certi-tools/share/scripts:/home/travis/.rvm/gems/ruby-2.5.3/bin:/home/travis/.rvm/gems/ruby-2.5.3@global/bin:/home/travis/.rvm/rubies/ruby-2.5.3/bin:/home/travis/.rvm/bin:/home/travis/.nvm/versions/node/v7.10.1/bin:./node_modules/.bin:/home/travis/build/icyphy/ptII/bin:/home/travis/pthla/certi-tools/bin:/home/travis/bin:/home/travis/.local/bin:/usr/local/lib/jvm/openjdk11/bin:/opt/pyenv/shims:/home/travis/.phpenv/shims:/home/travis/perl5/perlbrew/bin:/home/travis/gopath/bin:/home/travis/.gimme/versions/go1.11.1.linux.amd64/bin:/usr/local/maven-3.6.0/bin:/usr/local/cmake-3.12.4/bin:/usr/local/clang-7.0.0/bin:/usr/local/sbin:/usr/local/bin:/usr/sbin:/usr/bin:/sbin:/bin:/snap/bin:/home/travis/.phpenv/bin:/opt/pyenv/bin:/home/travis/.yarn/bin" />
    <property name="env.TRAVIS_OS_NAME" value="linux" />
    <property name="ant.java.version" value="9" />
    <property name="basedir" value="/home/travis/build/icyphy/ptII" />
    <property name="java.class.version" value="55.0" />
    <property name="env.SHLVL" value="3" />
    <property name="env.LD_LIBRARY_PATH" value="/home/travis/pthla/certi-tools/lib:/usr/lib/jni:/usr/local/share/OpenCV/java/:/usr/share/OpenCV/java:" />
    <property name="env.RACK_ENV" value="test" />
    <property name="ant.home" value="/home/travis/build/icyphy/ptII/ant" />
    <property name="env.NVM_DIR" value="/home/travis/.nvm" />
    <property name="env.CERTI_FOM_PATH" value="/home/travis/pthla/certi-tools/share/federations" />
    <property name="env.TRAVIS_BUILD_ID" value="617048067" />
    <property name="env.PYENV_ROOT" value="/opt/pyenv" />
    <property name="env.TRAVIS_UID" value="2000" />
    <property name="prism.verbose" value="true" />
    <property name="env.NVM_BIN" value="/home/travis/.nvm/versions/node/v7.10.1/bin" />
    <property name="env.TRAVIS_COMMIT" value="11deb69804adb5926cd4863c8231df6048994796" />
    <property name="env._system_arch" value="x86_64" />
    <property name="node.executable" value="node" />
    <property name="sun.boot.library.path" value="/usr/local/lib/jvm/openjdk11/lib" />
    <property name="sun.management.compiler" value="HotSpot 64-Bit Tiered Compilers" />
    <property name="java.awt.graphicsenv" value="sun.awt.X11GraphicsEnvironment" />
    <property name="env.GOPATH" value="/home/travis/gopath" />
    <property name="ptolemy.ptII.dir" value="/home/travis/build/icyphy/ptII" />
    <property name="env.USER" value="travis" />
    <property name="env.HISTFILESIZE" value="2000" />
    <property name="timeout.longest" value="19000000" />
    <property name="env.PERLBREW_SHELLRC_VERSION" value="0.86" />
    <property name="env.TRAVIS_STACK_FEATURES" value="basic couchdb disabled-ipv6 docker docker-compose elasticsearch firefox go-toolchain google-chrome jdk memcached mongodb mysql nodejs_interpreter perl_interpreter perlbrew phantomjs postgresql python_interpreter redis ruby_interpreter sqlite xserver" />
    <property name="env.TRAVIS_PULL_REQUEST" value="false" />
    <property name="env.PYENV_SHELL" value="bash" />
    <property name="ant.project.name" value="ptII" />
    <property name="env.ANSI_RESET" value="\033[0m" />
    <property name="java.vm.specification.version" value="11" />
    <property name="env.TRAVIS_DIST" value="xenial" />
    <property name="env.CERTI_VERSION" value="4.0.0" />
    <property name="env.CERTI_HOST" value="localhost" />
    <property name="awt.toolkit" value="sun.awt.X11.XToolkit" />
    <property name="env.MY_RUBY_HOME" value="/home/travis/.rvm/rubies/ruby-2.5.3" />
    <property name="sun.cpu.isalist" value="" />
    <property name="env.TRAVIS_TMPDIR" value="/tmp/tmp.a0VWrMFpsD" />
    <property name="java.vm.compressedOopsMode" value="Zero based" />
    <property name="os.version" value="4.15.0-1028-gcp" />
    <property name="user.home" value="/home/travis" />
    <property name="java.vm.vendor" value="Oracle Corporation" />
    <property name="env.TRAVIS_TAG" value="nightly" />
    <property name="env.ANSI_YELLOW" value="\033[33;1m" />
    <property name="env.TRAVIS_FILTERED" value="redirect_io" />
    <property name="env.ANSI_GREEN" value="\033[32;1m" />
    <property name="env.JAVA_HOME" value="/usr/local/lib/jvm/openjdk11" />
    <property name="javadoc.excludepackagenames" value="adm.cvs2svn.*,build.*,config.*,doc.coding.templates.*,jni.test.jni.meaningOfLife.*,jni.test.jni.testDeux.*,jni.test.jni.testTrois.*,org.terraswarm.accessor.accessors.web.node_modules.*,org.terraswarm.accessor.accessors.web.hosts.cordova.demo.*,org.terraswarm.accessor.accessors.web.hosts.cordova.plugins.*,org.terraswarm.accessor.accessors-svn.*,pt-modules.*,ptolemy.apps.agilent.*,ptolemy.apps.anytimecontrol.*,ptolemy.apps.apes.*,ptolemy.apps.charon.*,ptolemy.apps.crazyboard.*,ptolemy.apps.eclipse.*,ptolemy.apps.etherealSting.*,ptolemy.apps.fullscreen.*,ptolemy.apps.giotto.*,ptolemy.apps.ia.*,ptolemy.apps.interfaces.*,ptolemy.apps.jmf.*,ptolemy.apps.kurt.*,ptolemy.apps.kvm.*,ptolemy.apps.lego.*,ptolemy.apps.lejos.*,ptolemy.apps.midp.*,ptolemy.apps.mobileCoding.*,ptolemy.apps.pendulum.*,ptolemy.apps.rijndael.*,ptolemy.apps.robot.*,ptolemy.apps.security.*,ptolemy.apps.sobel.*,ptolemy.apps.soot.*,ptolemy.apps.throttle.*,ptolemy.apps.tini.*,ptolemy.apps.transmission.*,ptolemy.apps.vergil.*,ptolemy.apps.waba.*,ptolemy.apps.websensor.*,ptolemy.apps.webstart.*,ptolemy.apps.xsl.*,ptolemy.apps.zaurus.*,ptolemy.codegen.c.actor.lib.oldJavaFiles.*,ptolemy.codegen.dsp.lib.*,ptolemy.codegen.kernel.newInterfaces.*,ptolemy.codegen.lib.*,ptolemy.copernicus.kernel.fragment.*,ptolemy.copernicus.shallow.cg.*,ptolemy.domains.giotto.demo.Hierarchy.Hierarchy.*,ptolemy.domains.giotto.demo.Multimode.Multimode.*,ptolemy.domains.giotto.demo.Simple.Simple.*,ptolemy.domains.gr.lib.experimental.*,ptolemy.domains.gro.*,ptolemy.domains.pdf.*,ptolemy.domains.ptinyos.demo.Surge.output.*,ptolemy.moml.test.NoPackageActor.java*,ptolemy.plot.adm.*,ptolemy.plot.servlet.*,reports.*,signed.*,src.*,target.*,vendors.*,ptolemy.copernicus.applet.*,ptolemy.media.viewer.*,ptolemy.actor.corba.*,doc.doclets.*,ptolemy.apps.eclipse.awt.*,ptolemy.backtrack.*,ptolemy.backtrack.ast.*,ptolemy.cg.adapter.generic.program.procedural.c.mbed*,ptolemy.homer.*,ptolemy.actor.lib.jai.*,org.ptolemy.scala.*,diva.util.java2d.svg.*,ptolemy.domains.ptinyos.*,ptolemy.actor.lib.fmi.fmipp.*,,org.terraswarm.accessor.accessors.web.node_modules.*,org.terraswarm.accessor.accessors-svn,ptolemy.apps.*,ptolemy.actor.ptalon.demo.ptinyos.SendAndReceiveCnt.output,ptolemy.actor.ptalon.demo.ptinyos.SenseToLeds.output,ptolemy.domains.ptinyos.demo.CntToLedsAndRfm.output,ptolemy.domains.ptinyos.demo.RfmToLeds.output,ptolemy.domains.ptinyos.demo.SendAndReceiveCnt.output,ptolemy.domains.ptinyos.demo.SenseToLeds.output,ptolemy.actor.lib.jjs.modules.udpSocket.*" />
    <property name="env.PTII" value="/home/travis/build/icyphy/ptII" />
    <property name="env.XDG_SESSION_ID" value="2" />
    <property name="keystore" value="ptKeystore" />
    <property name="env.TRAVIS_COMMIT_MESSAGE" value="Conform a model to new HlaManager design." />
    <property name="junit.output.dir" value="/home/travis/build/icyphy/ptII/reports/junit" />
    <property name="npm.return.code" value="0" />
    <property name="user.dir" value="/home/travis/build/icyphy/ptII/ptolemy/actor/lib/test" />
    <property name="env.TRAVIS_NODE_VERSION" value="7" />
    <property name="env.TRAVIS_EVENT_TYPE" value="cron" />
    <property name="env.MAIL" value="/var/mail/travis" />
    <property name="env.PERLBREW_ROOT" value="/home/travis/perl5/perlbrew" />
    <property name="env.PWD" value="/home/travis/build/icyphy/ptII" />
    <property name="timeout.npm" value="45000" />
    <property name="env.TRAVIS_ARCH" value="amd64" />
    <property name="sun.cpu.endian" value="little" />
    <property name="env.PAGER" value="cat" />
    <property name="env.TRAVIS_BUILD_STAGE_NAME" value="Test" />
    <property name="env.PERLBREW_HOME" value="/home/travis/.perlbrew" />
    <property name="java.vm.version" value="11.0.2+9" />
    <property name="env.RAILS_ENV" value="test" />
    <property name="java.class.path" value="/home/travis/.ptolemyII:/home/travis/.ptolemyII/*:/home/travis/build/icyphy/ptII:/home/travis/build/icyphy/ptII/lib/bsh-2.0b4.jar:/home/travis/build/icyphy/ptII/lib/ptCal.jar:/home/travis/build/icyphy/ptII/lib/java_cup.jar:/home/travis/build/icyphy/ptII/lib/saxon8.jar:/home/travis/build/icyphy/ptII/lib/saxon8-dom.jar:/home/travis/build/icyphy/ptII/lib/chic.jar:/home/travis/build/icyphy/ptII/lib/ptcolt.jar:/home/travis/build/icyphy/ptII/vendors/misc/itext/iText.jar:/home/travis/build/icyphy/ptII/lib/g4ltl.jar:/home/travis/build/icyphy/ptII/lib/StructuralCoder.jar:/home/travis/build/icyphy/ptII/lib/jcerti.jar:/home/travis/build/icyphy/ptII/lib/javax.mail.jar:/home/travis/build/icyphy/ptII/vendors/JMF-2.1.1e/lib/jmf.jar:/home/travis/build/icyphy/ptII/lib/jna-4.0.0-variadic.jar:/home/travis/build/icyphy/ptII/vendors/misc/joystick/Joystick.jar:/home/travis/build/icyphy/ptII/lib/ptjacl.jar:/home/travis/build/icyphy/ptII/lib/jsoup-1.8.2.jar:/home/travis/build/icyphy/ptII/lib/junit-4.8.2.jar:/home/travis/build/icyphy/ptII/lib/JUnitParams-0.4.0.jar:/home/travis/build/icyphy/ptII/ptolemy/actor/lib/excel/jxl.jar:/home/travis/build/icyphy/ptII/lib/jython.jar:/home/travis/build/icyphy/ptII/lib/kieler.jar:/home/travis/build/icyphy/ptII/vendors/opencv/share/OpenCV/java/opencv-341.jar:/home/travis/build/icyphy/ptII/lib/oscP5.jar:/home/travis/build/icyphy/ptII/lib/nrjavaserial-3.11.0.devel.jar:/home/travis/build/icyphy/ptII/vendors/j3d/lib/Linux/j3dcore.jar:/home/travis/build/icyphy/ptII/vendors/j3d/lib/Linux/j3dutils.jar:/home/travis/build/icyphy/ptII/vendors/j3d/lib/Linux/vecmath.jar:/home/travis/build/icyphy/ptII/vendors/jogl/lib/Linux/gluegen-rt-natives-linux-amd64.jar:/home/travis/build/icyphy/ptII/vendors/jogl/lib/Linux/gluegen-rt.jar:/home/travis/build/icyphy/ptII/vendors/jogl/lib/Linux/jogl-all-natives-linux-amd64.jar:/home/travis/build/icyphy/ptII/vendors/jogl/lib/Linux/jogl-all.jar:/home/travis/build/icyphy/ptII/ptolemy/distributed/jini/jar/jini-core.jar:/home/travis/build/icyphy/ptII/ptolemy/distributed/jini/jar/jini-ext.jar:/home/travis/build/icyphy/ptII/ptolemy/distributed/jini/jar/sun-util.jar:/home/travis/build/icyphy/ptII/lib/protobuf-java-2.4.1.jar:/home/travis/build/icyphy/ptII/lib/org.eclipse.paho.client.mqttv3.jar:/home/travis/build/icyphy/ptII/lib/mapss.jar:/home/travis/build/icyphy/ptII/ptolemy/actor/ptalon/antlr/antlr.jar:/home/travis/build/icyphy/ptII/lib/JRI.jar:/home/travis/build/icyphy/ptII/lib/commons-lang-2.6.jar:/home/travis/build/icyphy/ptII/lib/commons-logging-1.1.1.jar:/home/travis/build/icyphy/ptII/lib/sootclasses.jar:/home/travis/build/icyphy/ptII/ptolemy/actor/lib/database/mysql-connector-java-5.1.6-bin.jar:/home/travis/build/icyphy/ptII/vendors/misc/sphinx4/sphinx4-data-5prealpha.jar:/home/travis/build/icyphy/ptII/vendors/misc/sphinx4/sphinx4-core-5prealpha.jar:/home/travis/build/icyphy/ptII/lib/PDFRenderer.jar:/home/travis/build/icyphy/ptII/lib/svgSalamander.jar:/home/travis/build/icyphy/ptII/lib/rsyntaxtextarea-2.6.0-SNAPSHOT.jar:/home/travis/build/icyphy/ptII/lib/hazelcast-3.8.2.jar:/home/travis/build/icyphy/ptII/lib/jackson-annotations-2.9.0.jar:/home/travis/build/icyphy/ptII/lib/jackson-core-2.9.3.jar:/home/travis/build/icyphy/ptII/lib/jackson-databind-2.9.3.jar:/home/travis/build/icyphy/ptII/lib/netty-buffer-4.1.19.Final.jar:/home/travis/build/icyphy/ptII/lib/netty-codec-4.1.19.Final.jar:/home/travis/build/icyphy/ptII/lib/netty-codec-dns-4.1.19.Final.jar:/home/travis/build/icyphy/ptII/lib/netty-codec-http-4.1.19.Final.jar:/home/travis/build/icyphy/ptII/lib/netty-codec-http2-4.1.19.Final.jar:/home/travis/build/icyphy/ptII/lib/netty-common-4.1.19.Final.jar:/home/travis/build/icyphy/ptII/lib/netty-handler-4.1.19.Final.jar:/home/travis/build/icyphy/ptII/lib/netty-resolver-4.1.19.Final.jar:/home/travis/build/icyphy/ptII/lib/netty-resolver-dns-4.1.19.Final.jar:/home/travis/build/icyphy/ptII/lib/netty-transport-4.1.19.Final.jar:/home/travis/build/icyphy/ptII/lib/vertx-codegen-3.5.1.jar:/home/travis/build/icyphy/ptII/lib/vertx-core-3.5.2-SNAPSHOT.jar:/home/travis/build/icyphy/ptII/lib/vertx-hazelcast-3.5.1.jar:/home/travis/build/icyphy/ptII/lib/vertx-lang-js-3.5.1.jar:/home/travis/build/icyphy/ptII/lib/vertx-service-proxy-3.5.1.jar:/home/travis/build/icyphy/ptII/lib/vertx-web-3.5.1.jar:/home/travis/build/icyphy/ptII/lib/slf4j-api-1.7.13.jar:/home/travis/build/icyphy/ptII/lib/slf4j-simple-1.7.13.jar:/home/travis/build/icyphy/ptII/lib/webcam-capture-0.3.12.jar:/home/travis/build/icyphy/ptII/lib/bridj-0.7.0.jar:/home/travis/build/icyphy/ptII/lib/xbjlib-1.1.0.nrjavaserial.jar:/home/travis/build/icyphy/ptII/ptolemy/moml/test:/home/travis/build/icyphy/ptII/ant/lib/ant-launcher.jar:/home/travis/build/icyphy/ptII/ant/lib/ant.jar:/home/travis/build/icyphy/ptII/ant/lib/ant-junit.jar:/home/travis/build/icyphy/ptII/ant/lib/ant-junit4.jar" />
    <property name="ant.library.dir" value="/home/travis/build/icyphy/ptII/ant/lib" />
    <property name="os.arch" value="amd64" />
    <property name="env.CONTINUOUS_INTEGRATION" value="true" />
    <property name="env.TRAVIS_LANGUAGE" value="node_js" />
    <property name="env.TRAVIS_STACK_LANGUAGES" value="__sardonyx__ c c++ clojure cplusplus cpp default generic go groovy java node_js php pure_java python ruby scala" />
    <property name="test.name" value="ptolemy.actor.lib.test.junit.JUnitTclTest" />
    <property name="env.APT_KEY_DONT_WARN_ON_DANGEROUS_USAGE" value="1" />
    <property name="sun.java.launcher" value="SUN_STANDARD" />
    <property name="env.PYTHON_CONFIGURE_OPTS" value="--enable-unicode=ucs4 --with-wide-unicode --enable-shared --enable-ipv6 --enable-loadable-sqlite-extensions --with-computed-gotos" />
    <property name="ant.core.lib" value="/home/travis/build/icyphy/ptII/ant/lib/ant.jar" />
    <property name="java.vm.specification.vendor" value="Oracle Corporation" />
    <property name="env.BCVTB_HOME" value="/home/travis/build/icyphy/ptII/lbnl" />
    <property name="file.separator" value="/" />
    <property name="spotbugs.home" value="/home/travis/build/icyphy/ptII/vendors/spotbugs-3.1.1" />
    <property name="java.runtime.version" value="11.0.2+9" />
    <property name="env.ANSI_CLEAR" value="\033[0K" />
    <property name="javafx.verbose" value="true" />
    <property name="env.HAS_JOSH_K_SEAL_OF_APPROVAL" value="true" />
    <property name="env.XDG_RUNTIME_DIR" value="/run/user/2000" />
    <property name="env.TRAVIS_OSX_IMAGE" value="" />
    <property name="env.TRAVIS_JOB_ID" value="617048075" />
    <property name="env.TRAVIS_BRANCH" value="master" />
    <property name="user.country" value="US" />
    <property name="env.CERTI_HOME_TRAVIS" value="/home/travis/pthla/certi-tools" />
    <property name="env.SHELL" value="/bin/bash" />
    <property name="java.maxmemory.large" value="3200m" />
    <property name="model" value="" />
    <property name="env.CASHER_DIR" value="/home/travis/.casher" />
    <property name="env.NVM_CD_FLAGS" value="" />
    <property name="java.vendor.version" value="18.9" />
    <property name="jshint.executable" value="/home/travis/node_modules/jshint/bin/jshint" />
    <property name="env.JRUBY_OPTS" value=" --client -J-XX:+TieredCompilation -J-XX:TieredStopAtLevel=1 -J-Xss2m -Xcompile.invokedynamic=false" />
    <property name="java.vendor" value="Oracle Corporation" />
    <property name="env.TRAVIS_PRE_CHEF_BOOTSTRAP_TIME" value="2019-03-25T16:16:42" />
    <property name="env.TRAVIS_STACK_JOB_BOARD_REGISTER" value="/.job-board-register.yml" />
    <property name="env.ANSI_RED" value="\033[31;1m" />
    <property name="java.specification.version" value="11" />
    <property name="env.IRBRC" value="/home/travis/.rvm/rubies/ruby-2.5.3/.irbrc" />
    <property name="env.TRAVIS" value="true" />
    <property name="sun.arch.data.model" value="64" />
  </properties>
  <testcase classname="ptolemy.util.test.junit.TclTests" name="[0] /home/travis/build/icyphy/ptII/ptolemy/actor/lib/test/AbsoluteValue.tcl (RunTclFile)" time="0.541" />
  <testcase classname="ptolemy.util.test.junit.TclTests" name="[1] /home/travis/build/icyphy/ptII/ptolemy/actor/lib/test/AddSubtract.tcl (RunTclFile)" time="0.206" />
  <testcase classname="ptolemy.util.test.junit.TclTests" name="[2] /home/travis/build/icyphy/ptII/ptolemy/actor/lib/test/Average.tcl (RunTclFile)" time="0.076" />
  <testcase classname="ptolemy.util.test.junit.TclTests" name="[3] /home/travis/build/icyphy/ptII/ptolemy/actor/lib/test/Bernoulli.tcl (RunTclFile)" time="0.053" />
  <testcase classname="ptolemy.util.test.junit.TclTests" name="[4] /home/travis/build/icyphy/ptII/ptolemy/actor/lib/test/Clock.tcl (RunTclFile)" time="0.134" />
  <testcase classname="ptolemy.util.test.junit.TclTests" name="[5] /home/travis/build/icyphy/ptII/ptolemy/actor/lib/test/Commutator.tcl (RunTclFile)" time="0.149" />
  <testcase classname="ptolemy.util.test.junit.TclTests" name="[6] /home/travis/build/icyphy/ptII/ptolemy/actor/lib/test/Const.tcl (RunTclFile)" time="0.163" />
  <testcase classname="ptolemy.util.test.junit.TclTests" name="[7] /home/travis/build/icyphy/ptII/ptolemy/actor/lib/test/CurrentTime.tcl (RunTclFile)" time="0.022" />
  <testcase classname="ptolemy.util.test.junit.TclTests" name="[8] /home/travis/build/icyphy/ptII/ptolemy/actor/lib/test/DB.tcl (RunTclFile)" time="0.066" />
  <testcase classname="ptolemy.util.test.junit.TclTests" name="[9] /home/travis/build/icyphy/ptII/ptolemy/actor/lib/test/DiscreteRandomSource.tcl (RunTclFile)" time="0.044" />
  <testcase classname="ptolemy.util.test.junit.TclTests" name="[10] /home/travis/build/icyphy/ptII/ptolemy/actor/lib/test/Distributor.tcl (RunTclFile)" time="0.068" />
  <testcase classname="ptolemy.util.test.junit.TclTests" name="[11] /home/travis/build/icyphy/ptII/ptolemy/actor/lib/test/Exit.tcl (RunTclFile)" time="0.118" />
  <testcase classname="ptolemy.util.test.junit.TclTests" name="[12] /home/travis/build/icyphy/ptII/ptolemy/actor/lib/test/Expression.tcl (RunTclFile)" time="0.16" />
  <testcase classname="ptolemy.util.test.junit.TclTests" name="[13] /home/travis/build/icyphy/ptII/ptolemy/actor/lib/test/Gaussian.tcl (RunTclFile)" time="0.117" />
  <testcase classname="ptolemy.util.test.junit.TclTests" name="[14] /home/travis/build/icyphy/ptII/ptolemy/actor/lib/test/IIR.tcl (RunTclFile)" time="0.041" />
  <testcase classname="ptolemy.util.test.junit.TclTests" name="[15] /home/travis/build/icyphy/ptII/ptolemy/actor/lib/test/Interpolator.tcl (RunTclFile)" time="0.126" />
  <testcase classname="ptolemy.util.test.junit.TclTests" name="[16] /home/travis/build/icyphy/ptII/ptolemy/actor/lib/test/MathFunction.tcl (RunTclFile)" time="0.091" />
  <testcase classname="ptolemy.util.test.junit.TclTests" name="[17] /home/travis/build/icyphy/ptII/ptolemy/actor/lib/test/Maximum.tcl (RunTclFile)" time="0.047" />
  <testcase classname="ptolemy.util.test.junit.TclTests" name="[18] /home/travis/build/icyphy/ptII/ptolemy/actor/lib/test/Minimum.tcl (RunTclFile)" time="0.025" />
  <testcase classname="ptolemy.util.test.junit.TclTests" name="[19] /home/travis/build/icyphy/ptII/ptolemy/actor/lib/test/MultiplyDivide.tcl (RunTclFile)" time="0.028" />
  <testcase classname="ptolemy.util.test.junit.TclTests" name="[20] /home/travis/build/icyphy/ptII/ptolemy/actor/lib/test/OrderedMerge.tcl (RunTclFile)" time="0.137" />
  <testcase classname="ptolemy.util.test.junit.TclTests" name="[21] /home/travis/build/icyphy/ptII/ptolemy/actor/lib/test/Publisher.tcl (RunTclFile)" time="0.892" />
  <testcase classname="ptolemy.util.test.junit.TclTests" name="[22] /home/travis/build/icyphy/ptII/ptolemy/actor/lib/test/Pulse.tcl (RunTclFile)" time="0.081" />
  <testcase classname="ptolemy.util.test.junit.TclTests" name="[23] /home/travis/build/icyphy/ptII/ptolemy/actor/lib/test/Ramp.tcl (RunTclFile)" time="2.398" />
  <testcase classname="ptolemy.util.test.junit.TclTests" name="[24] /home/travis/build/icyphy/ptII/ptolemy/actor/lib/test/RampContinuous.tcl (RunTclFile)" time="0.021" />
  <testcase classname="ptolemy.util.test.junit.TclTests" name="[25] /home/travis/build/icyphy/ptII/ptolemy/actor/lib/test/RecordAssembler.tcl (RunTclFile)" time="0.017" />
  <testcase classname="ptolemy.util.test.junit.TclTests" name="[26] /home/travis/build/icyphy/ptII/ptolemy/actor/lib/test/RecordDisassembler.tcl (RunTclFile)" time="0.022" />
  <testcase classname="ptolemy.util.test.junit.TclTests" name="[27] /home/travis/build/icyphy/ptII/ptolemy/actor/lib/test/Scale.tcl (RunTclFile)" time="0.03" />
  <testcase classname="ptolemy.util.test.junit.TclTests" name="[28] /home/travis/build/icyphy/ptII/ptolemy/actor/lib/test/SequentialClock.tcl (RunTclFile)" time="0.015" />
  <testcase classname="ptolemy.util.test.junit.TclTests" name="[29] /home/travis/build/icyphy/ptII/ptolemy/actor/lib/test/SetVariable.tcl (RunTclFile)" time="0.049">
    <failure message="Number of failed tests is has increased. expected:&lt;0&gt; but was:&lt;1&gt;" type="junit.framework.AssertionFailedError">junit.framework.AssertionFailedError: Number of failed tests is has increased. expected:&lt;0&gt; but was:&lt;1&gt;
	at ptolemy.util.test.junit.TclTests.RunTclFile(TclTests.java:286)
	at jdk.internal.reflect.GeneratedMethodAccessor19.invoke(Unknown Source)
	at java.base/jdk.internal.reflect.DelegatingMethodAccessorImpl.invoke(DelegatingMethodAccessorImpl.java:43)
	at junitparams.internal.InvokeParameterisedMethod.evaluate(InvokeParameterisedMethod.java:102)
	at junitparams.internal.ParameterisedTestMethodRunner.runMethodInvoker(ParameterisedTestMethodRunner.java:47)
	at junitparams.internal.ParameterisedTestMethodRunner.runTestMethod(ParameterisedTestMethodRunner.java:41)
	at junitparams.internal.ParameterisedTestClassRunner.runParameterisedTest(ParameterisedTestClassRunner.java:143)
	at junitparams.JUnitParamsRunner.runChild(JUnitParamsRunner.java:237)
	at junitparams.JUnitParamsRunner.runChild(JUnitParamsRunner.java:215)
</failure>
  </testcase>
  <testcase classname="ptolemy.util.test.junit.TclTests" name="[30] /home/travis/build/icyphy/ptII/ptolemy/actor/lib/test/Sinewave.tcl (RunTclFile)" time="0.058" />
  <testcase classname="ptolemy.util.test.junit.TclTests" name="[31] /home/travis/build/icyphy/ptII/ptolemy/actor/lib/test/SubscriptionAggregator.tcl (RunTclFile)" time="2.337" />
  <testcase classname="ptolemy.util.test.junit.TclTests" name="[32] /home/travis/build/icyphy/ptII/ptolemy/actor/lib/test/Test.tcl (RunTclFile)" time="0.083" />
  <testcase classname="ptolemy.util.test.junit.TclTests" name="[33] /home/travis/build/icyphy/ptII/ptolemy/actor/lib/test/TestExceptionHandler.tcl (RunTclFile)" time="0.013" />
  <testcase classname="ptolemy.util.test.junit.TclTests" name="[34] /home/travis/build/icyphy/ptII/ptolemy/actor/lib/test/UnionDisassembler.tcl (RunTclFile)" time="0.073" />
  <testcase classname="ptolemy.util.test.junit.TclTests" name="[35] /home/travis/build/icyphy/ptII/ptolemy/actor/lib/test/VariableClock.tcl (RunTclFile)" time="0.017" />
  <testcase classname="ptolemy.util.test.junit.AutoKnownFailedTests" name="[0] /home/travis/build/icyphy/ptII/ptolemy/actor/lib/test/auto/knownFailedTests/PublisherPortToplevelSubscriber.xml (RunModel)" time="0.022" />
  <testcase classname="ptolemy.util.test.junit.AutoKnownFailedTests" name="[1] /home/travis/build/icyphy/ptII/ptolemy/actor/lib/test/auto/knownFailedTests/PublisherSubscriberPortToplevel.xml (RunModel)" time="0.028" />
  <testcase classname="ptolemy.util.test.junit.AutoKnownFailedTests" name="[2] /home/travis/build/icyphy/ptII/ptolemy/actor/lib/test/auto/knownFailedTests/PublisherSubscriptionAggregatorPort.xml (RunModel)" time="0.016" />
  <testcase classname="ptolemy.util.test.junit.AutoKnownFailedTests" name="[3] /home/travis/build/icyphy/ptII/ptolemy/actor/lib/test/auto/knownFailedTests/sizedarray3.xml (RunModel)" time="0.03" />
  <testcase classname="ptolemy.util.test.junit.AutoNameArchTests" name="[0] ThereAreNoAutoArchTests (RunModel)" time="0.004" />
  <testcase classname="ptolemy.util.test.junit.AutoTests" name="[0] /home/travis/build/icyphy/ptII/ptolemy/actor/lib/test/auto/AbsoluteValue.xml (RunModel)" time="0.108" />
  <testcase classname="ptolemy.util.test.junit.AutoTests" name="[1] /home/travis/build/icyphy/ptII/ptolemy/actor/lib/test/auto/AbsoluteValue2.xml (RunModel)" time="0.072" />
  <testcase classname="ptolemy.util.test.junit.AutoTests" name="[2] /home/travis/build/icyphy/ptII/ptolemy/actor/lib/test/auto/Accumulator.xml (RunModel)" time="0.064" />
  <testcase classname="ptolemy.util.test.junit.AutoTests" name="[3] /home/travis/build/icyphy/ptII/ptolemy/actor/lib/test/auto/Accumulator2.xml (RunModel)" time="0.048" />
  <testcase classname="ptolemy.util.test.junit.AutoTests" name="[4] /home/travis/build/icyphy/ptII/ptolemy/actor/lib/test/auto/Accumulator3.xml (RunModel)" time="0.046" />
  <testcase classname="ptolemy.util.test.junit.AutoTests" name="[5] /home/travis/build/icyphy/ptII/ptolemy/actor/lib/test/auto/ArrayAppend.xml (RunModel)" time="0.049" />
  <testcase classname="ptolemy.util.test.junit.AutoTests" name="[6] /home/travis/build/icyphy/ptII/ptolemy/actor/lib/test/auto/ArrayAppend2.xml (RunModel)" time="0.574" />
  <testcase classname="ptolemy.util.test.junit.AutoTests" name="[7] /home/travis/build/icyphy/ptII/ptolemy/actor/lib/test/auto/ArrayAppend3.xml (RunModel)" time="0.026" />
  <testcase classname="ptolemy.util.test.junit.AutoTests" name="[8] /home/travis/build/icyphy/ptII/ptolemy/actor/lib/test/auto/ArrayAppend4.xml (RunModel)" time="0.02" />
  <testcase classname="ptolemy.util.test.junit.AutoTests" name="[9] /home/travis/build/icyphy/ptII/ptolemy/actor/lib/test/auto/ArrayAppend5.xml (RunModel)" time="0.02" />
  <testcase classname="ptolemy.util.test.junit.AutoTests" name="[10] /home/travis/build/icyphy/ptII/ptolemy/actor/lib/test/auto/ArrayAppend6.xml (RunModel)" time="0.026" />
  <testcase classname="ptolemy.util.test.junit.AutoTests" name="[11] /home/travis/build/icyphy/ptII/ptolemy/actor/lib/test/auto/ArrayAppendPerformanceTest.xml (RunModel)" time="0.061" />
  <testcase classname="ptolemy.util.test.junit.AutoTests" name="[12] /home/travis/build/icyphy/ptII/ptolemy/actor/lib/test/auto/ArrayAppendWithEmptyInput.xml (RunModel)" time="0.061" />
  <testcase classname="ptolemy.util.test.junit.AutoTests" name="[13] /home/travis/build/icyphy/ptII/ptolemy/actor/lib/test/auto/ArrayAverage.xml (RunModel)" time="0.04" />
  <testcase classname="ptolemy.util.test.junit.AutoTests" name="[14] /home/travis/build/icyphy/ptII/ptolemy/actor/lib/test/auto/ArrayContains.xml (RunModel)" time="0.043" />
  <testcase classname="ptolemy.util.test.junit.AutoTests" name="[15] /home/travis/build/icyphy/ptII/ptolemy/actor/lib/test/auto/ArrayElement.xml (RunModel)" time="0.061" />
  <testcase classname="ptolemy.util.test.junit.AutoTests" name="[16] /home/travis/build/icyphy/ptII/ptolemy/actor/lib/test/auto/ArrayElementAsMatrix.xml (RunModel)" time="0.052" />
  <testcase classname="ptolemy.util.test.junit.AutoTests" name="[17] /home/travis/build/icyphy/ptII/ptolemy/actor/lib/test/auto/ArrayElementI.xml (RunModel)" time="0.022" />
  <testcase classname="ptolemy.util.test.junit.AutoTests" name="[18] /home/travis/build/icyphy/ptII/ptolemy/actor/lib/test/auto/ArrayExtract.xml (RunModel)" time="0.033" />
  <testcase classname="ptolemy.util.test.junit.AutoTests" name="[19] /home/travis/build/icyphy/ptII/ptolemy/actor/lib/test/auto/ArrayExtract2.xml (RunModel)" time="0.025" />
  <testcase classname="ptolemy.util.test.junit.AutoTests" name="[20] /home/travis/build/icyphy/ptII/ptolemy/actor/lib/test/auto/ArrayLength.xml (RunModel)" time="0.027" />
  <testcase classname="ptolemy.util.test.junit.AutoTests" name="[21] /home/travis/build/icyphy/ptII/ptolemy/actor/lib/test/auto/ArrayLevelCrossing.xml (RunModel)" time="0.043" />
  <testcase classname="ptolemy.util.test.junit.AutoTests" name="[22] /home/travis/build/icyphy/ptII/ptolemy/actor/lib/test/auto/ArrayLevelCrossing2.xml (RunModel)" time="0.041" />
  <testcase classname="ptolemy.util.test.junit.AutoTests" name="[23] /home/travis/build/icyphy/ptII/ptolemy/actor/lib/test/auto/ArrayPeakSearch.xml (RunModel)" time="0.043" />
  <testcase classname="ptolemy.util.test.junit.AutoTests" name="[24] /home/travis/build/icyphy/ptII/ptolemy/actor/lib/test/auto/ArrayPeakSearch2.xml (RunModel)" time="0.044" />
  <testcase classname="ptolemy.util.test.junit.AutoTests" name="[25] /home/travis/build/icyphy/ptII/ptolemy/actor/lib/test/auto/ArrayPeakSearch3.xml (RunModel)" time="0.041" />
  <testcase classname="ptolemy.util.test.junit.AutoTests" name="[26] /home/travis/build/icyphy/ptII/ptolemy/actor/lib/test/auto/ArrayRemoveElement.xml (RunModel)" time="0.035" />
  <testcase classname="ptolemy.util.test.junit.AutoTests" name="[27] /home/travis/build/icyphy/ptII/ptolemy/actor/lib/test/auto/ArraySort.xml (RunModel)" time="0.039" />
  <testcase classname="ptolemy.util.test.junit.AutoTests" name="[28] /home/travis/build/icyphy/ptII/ptolemy/actor/lib/test/auto/ArraySum.xml (RunModel)" time="0.022" />
  <testcase classname="ptolemy.util.test.junit.AutoTests" name="[29] /home/travis/build/icyphy/ptII/ptolemy/actor/lib/test/auto/ArrayToElements.xml (RunModel)" time="0.024" />
  <testcase classname="ptolemy.util.test.junit.AutoTests" name="[30] /home/travis/build/icyphy/ptII/ptolemy/actor/lib/test/auto/ArrayToMatrix.xml (RunModel)" time="0.067" />
  <testcase classname="ptolemy.util.test.junit.AutoTests" name="[31] /home/travis/build/icyphy/ptII/ptolemy/actor/lib/test/auto/ArrayUpdate1.xml (RunModel)" time="0.03" />
  <testcase classname="ptolemy.util.test.junit.AutoTests" name="[32] /home/travis/build/icyphy/ptII/ptolemy/actor/lib/test/auto/ArrayUpdate2.xml (RunModel)" time="0.032" />
  <testcase classname="ptolemy.util.test.junit.AutoTests" name="[33] /home/travis/build/icyphy/ptII/ptolemy/actor/lib/test/auto/ArrayUpdate3.xml (RunModel)" time="0.018" />
  <testcase classname="ptolemy.util.test.junit.AutoTests" name="[34] /home/travis/build/icyphy/ptII/ptolemy/actor/lib/test/auto/Assert1.xml (RunModel)" time="0.025" />
  <testcase classname="ptolemy.util.test.junit.AutoTests" name="[35] /home/travis/build/icyphy/ptII/ptolemy/actor/lib/test/auto/Assert2.xml (RunModel)" time="0.013" />
  <testcase classname="ptolemy.util.test.junit.AutoTests" name="[36] /home/travis/build/icyphy/ptII/ptolemy/actor/lib/test/auto/BooleanMultiplexor.xml (RunModel)" time="0.022" />
  <testcase classname="ptolemy.util.test.junit.AutoTests" name="[37] /home/travis/build/icyphy/ptII/ptolemy/actor/lib/test/auto/BooleanMultiplexor2.xml (RunModel)" time="0.03" />
  <testcase classname="ptolemy.util.test.junit.AutoTests" name="[38] /home/travis/build/icyphy/ptII/ptolemy/actor/lib/test/auto/BooleanMultiplexor3.xml (RunModel)" time="0.027" />
  <testcase classname="ptolemy.util.test.junit.AutoTests" name="[39] /home/travis/build/icyphy/ptII/ptolemy/actor/lib/test/auto/BooleanSelect.xml (RunModel)" time="0.028" />
  <testcase classname="ptolemy.util.test.junit.AutoTests" name="[40] /home/travis/build/icyphy/ptII/ptolemy/actor/lib/test/auto/BooleanSelect2.xml (RunModel)" time="0.02" />
  <testcase classname="ptolemy.util.test.junit.AutoTests" name="[41] /home/travis/build/icyphy/ptII/ptolemy/actor/lib/test/auto/BooleanSwitch.xml (RunModel)" time="0.04" />
  <testcase classname="ptolemy.util.test.junit.AutoTests" name="[42] /home/travis/build/icyphy/ptII/ptolemy/actor/lib/test/auto/BooleanSwitch2.xml (RunModel)" time="0.024" />
  <testcase classname="ptolemy.util.test.junit.AutoTests" name="[43] /home/travis/build/icyphy/ptII/ptolemy/actor/lib/test/auto/BooleanSwitchCloningBugWithClassRelationGroup.xml (RunModel)" time="0.029" />
  <testcase classname="ptolemy.util.test.junit.AutoTests" name="[44] /home/travis/build/icyphy/ptII/ptolemy/actor/lib/test/auto/BusActors.xml (RunModel)" time="0.042" />
  <testcase classname="ptolemy.util.test.junit.AutoTests" name="[45] /home/travis/build/icyphy/ptII/ptolemy/actor/lib/test/auto/ClassWrapper.xml (RunModel)" time="0.016" />
  <testcase classname="ptolemy.util.test.junit.AutoTests" name="[46] /home/travis/build/icyphy/ptII/ptolemy/actor/lib/test/auto/Clock.xml (RunModel)" time="0.023" />
  <testcase classname="ptolemy.util.test.junit.AutoTests" name="[47] /home/travis/build/icyphy/ptII/ptolemy/actor/lib/test/auto/Clock10.xml (RunModel)" time="0.024" />
  <testcase classname="ptolemy.util.test.junit.AutoTests" name="[48] /home/travis/build/icyphy/ptII/ptolemy/actor/lib/test/auto/Clock11.xml (RunModel)" time="0.025" />
  <testcase classname="ptolemy.util.test.junit.AutoTests" name="[49] /home/travis/build/icyphy/ptII/ptolemy/actor/lib/test/auto/Clock12.xml (RunModel)" time="0.018" />
  <testcase classname="ptolemy.util.test.junit.AutoTests" name="[50] /home/travis/build/icyphy/ptII/ptolemy/actor/lib/test/auto/Clock13.xml (RunModel)" time="0.049" />
  <testcase classname="ptolemy.util.test.junit.AutoTests" name="[51] /home/travis/build/icyphy/ptII/ptolemy/actor/lib/test/auto/Clock14.xml (RunModel)" time="0.021" />
  <testcase classname="ptolemy.util.test.junit.AutoTests" name="[52] /home/travis/build/icyphy/ptII/ptolemy/actor/lib/test/auto/Clock15.xml (RunModel)" time="0.016" />
  <testcase classname="ptolemy.util.test.junit.AutoTests" name="[53] /home/travis/build/icyphy/ptII/ptolemy/actor/lib/test/auto/Clock16.xml (RunModel)" time="0.103" />
  <testcase classname="ptolemy.util.test.junit.AutoTests" name="[54] /home/travis/build/icyphy/ptII/ptolemy/actor/lib/test/auto/Clock17.xml (RunModel)" time="0.07" />
  <testcase classname="ptolemy.util.test.junit.AutoTests" name="[55] /home/travis/build/icyphy/ptII/ptolemy/actor/lib/test/auto/Clock18.xml (RunModel)" time="0.057" />
  <testcase classname="ptolemy.util.test.junit.AutoTests" name="[56] /home/travis/build/icyphy/ptII/ptolemy/actor/lib/test/auto/Clock19.xml (RunModel)" time="0.039" />
  <testcase classname="ptolemy.util.test.junit.AutoTests" name="[57] /home/travis/build/icyphy/ptII/ptolemy/actor/lib/test/auto/Clock2.xml (RunModel)" time="0.012" />
  <testcase classname="ptolemy.util.test.junit.AutoTests" name="[58] /home/travis/build/icyphy/ptII/ptolemy/actor/lib/test/auto/Clock20.xml (RunModel)" time="0.021" />
  <testcase classname="ptolemy.util.test.junit.AutoTests" name="[59] /home/travis/build/icyphy/ptII/ptolemy/actor/lib/test/auto/Clock21.xml (RunModel)" time="0.013" />
  <testcase classname="ptolemy.util.test.junit.AutoTests" name="[60] /home/travis/build/icyphy/ptII/ptolemy/actor/lib/test/auto/Clock22.xml (RunModel)" time="0.012" />
  <testcase classname="ptolemy.util.test.junit.AutoTests" name="[61] /home/travis/build/icyphy/ptII/ptolemy/actor/lib/test/auto/Clock23.xml (RunModel)" time="0.018" />
  <testcase classname="ptolemy.util.test.junit.AutoTests" name="[62] /home/travis/build/icyphy/ptII/ptolemy/actor/lib/test/auto/Clock24.xml (RunModel)" time="0.02" />
  <testcase classname="ptolemy.util.test.junit.AutoTests" name="[63] /home/travis/build/icyphy/ptII/ptolemy/actor/lib/test/auto/Clock4.xml (RunModel)" time="0.015" />
  <testcase classname="ptolemy.util.test.junit.AutoTests" name="[64] /home/travis/build/icyphy/ptII/ptolemy/actor/lib/test/auto/Clock5.xml (RunModel)" time="0.013" />
  <testcase classname="ptolemy.util.test.junit.AutoTests" name="[65] /home/travis/build/icyphy/ptII/ptolemy/actor/lib/test/auto/Clock6.xml (RunModel)" time="0.017" />
  <testcase classname="ptolemy.util.test.junit.AutoTests" name="[66] /home/travis/build/icyphy/ptII/ptolemy/actor/lib/test/auto/Clock7.xml (RunModel)" time="0.015" />
  <testcase classname="ptolemy.util.test.junit.AutoTests" name="[67] /home/travis/build/icyphy/ptII/ptolemy/actor/lib/test/auto/Clock8.xml (RunModel)" time="0.019" />
  <testcase classname="ptolemy.util.test.junit.AutoTests" name="[68] /home/travis/build/icyphy/ptII/ptolemy/actor/lib/test/auto/Clock9.xml (RunModel)" time="0.015" />
  <testcase classname="ptolemy.util.test.junit.AutoTests" name="[69] /home/travis/build/icyphy/ptII/ptolemy/actor/lib/test/auto/CommDistDiscard.xml (RunModel)" time="0.02" />
  <testcase classname="ptolemy.util.test.junit.AutoTests" name="[70] /home/travis/build/icyphy/ptII/ptolemy/actor/lib/test/auto/Commutator.xml (RunModel)" time="0.014" />
  <testcase classname="ptolemy.util.test.junit.AutoTests" name="[71] /home/travis/build/icyphy/ptII/ptolemy/actor/lib/test/auto/Commutator2.xml (RunModel)" time="0.012" />
  <testcase classname="ptolemy.util.test.junit.AutoTests" name="[72] /home/travis/build/icyphy/ptII/ptolemy/actor/lib/test/auto/Commutator3.xml (RunModel)" time="0.012" />
  <testcase classname="ptolemy.util.test.junit.AutoTests" name="[73] /home/travis/build/icyphy/ptII/ptolemy/actor/lib/test/auto/Compare.xml (RunModel)" time="0.019" />
  <testcase classname="ptolemy.util.test.junit.AutoTests" name="[74] /home/travis/build/icyphy/ptII/ptolemy/actor/lib/test/auto/CompareDE.xml (RunModel)" time="0.018" />
  <testcase classname="ptolemy.util.test.junit.AutoTests" name="[75] /home/travis/build/icyphy/ptII/ptolemy/actor/lib/test/auto/ComplexDivide.xml (RunModel)" time="0.012" />
  <testcase classname="ptolemy.util.test.junit.AutoTests" name="[76] /home/travis/build/icyphy/ptII/ptolemy/actor/lib/test/auto/ComputeHistogram.xml (RunModel)" time="0.054" />
  <testcase classname="ptolemy.util.test.junit.AutoTests" name="[77] /home/travis/build/icyphy/ptII/ptolemy/actor/lib/test/auto/ConfigurationSelect.xml (RunModel)" time="0.025" />
  <testcase classname="ptolemy.util.test.junit.AutoTests" name="[78] /home/travis/build/icyphy/ptII/ptolemy/actor/lib/test/auto/ConfigurationSelect2.xml (RunModel)" time="0.017" />
  <testcase classname="ptolemy.util.test.junit.AutoTests" name="[79] /home/travis/build/icyphy/ptII/ptolemy/actor/lib/test/auto/ConfigurationSwitch.xml (RunModel)" time="0.025" />
  <testcase classname="ptolemy.util.test.junit.AutoTests" name="[80] /home/travis/build/icyphy/ptII/ptolemy/actor/lib/test/auto/ConfigurationSwitch2.xml (RunModel)" time="0.023" />
  <testcase classname="ptolemy.util.test.junit.AutoTests" name="[81] /home/travis/build/icyphy/ptII/ptolemy/actor/lib/test/auto/ConfigurationSwitchCloningBugWithClassRelationGroup.xml (RunModel)" time="0.02" />
  <testcase classname="ptolemy.util.test.junit.AutoTests" name="[82] /home/travis/build/icyphy/ptII/ptolemy/actor/lib/test/auto/ConfigurationSwitchSelectSDF.xml (RunModel)" time="0.016" />
  <testcase classname="ptolemy.util.test.junit.AutoTests" name="[83] /home/travis/build/icyphy/ptII/ptolemy/actor/lib/test/auto/ConfigurationSwitchSelectSDF2.xml (RunModel)" time="0.018" />
  <testcase classname="ptolemy.util.test.junit.AutoTests" name="[84] /home/travis/build/icyphy/ptII/ptolemy/actor/lib/test/auto/Const.xml (RunModel)" time="0.008" />
  <testcase classname="ptolemy.util.test.junit.AutoTests" name="[85] /home/travis/build/icyphy/ptII/ptolemy/actor/lib/test/auto/Const2.xml (RunModel)" time="0.011" />
  <testcase classname="ptolemy.util.test.junit.AutoTests" name="[86] /home/travis/build/icyphy/ptII/ptolemy/actor/lib/test/auto/Const3.xml (RunModel)" time="0.007" />
  <testcase classname="ptolemy.util.test.junit.AutoTests" name="[87] /home/travis/build/icyphy/ptII/ptolemy/actor/lib/test/auto/ConstantPublisherPort1.xml (RunModel)" time="0.026" />
  <testcase classname="ptolemy.util.test.junit.AutoTests" name="[88] /home/travis/build/icyphy/ptII/ptolemy/actor/lib/test/auto/ConstantPublisherPort2.xml (RunModel)" time="0.025" />
  <testcase classname="ptolemy.util.test.junit.AutoTests" name="[89] /home/travis/build/icyphy/ptII/ptolemy/actor/lib/test/auto/ConstantPublisherPort3.xml (RunModel)" time="0.022" />
  <testcase classname="ptolemy.util.test.junit.AutoTests" name="[90] /home/travis/build/icyphy/ptII/ptolemy/actor/lib/test/auto/ConstantPublisherPort4.xml (RunModel)" time="0.029" />
  <testcase classname="ptolemy.util.test.junit.AutoTests" name="[91] /home/travis/build/icyphy/ptII/ptolemy/actor/lib/test/auto/ConstantPublisherPort5.xml (RunModel)" time="0.031" />
  <testcase classname="ptolemy.util.test.junit.AutoTests" name="[92] /home/travis/build/icyphy/ptII/ptolemy/actor/lib/test/auto/ConstantPublisherPort6.xml (RunModel)" time="0.034" />
  <testcase classname="ptolemy.util.test.junit.AutoTests" name="[93] /home/travis/build/icyphy/ptII/ptolemy/actor/lib/test/auto/ConstantPublisherPort7.xml (RunModel)" time="0.032" />
  <testcase classname="ptolemy.util.test.junit.AutoTests" name="[94] /home/travis/build/icyphy/ptII/ptolemy/actor/lib/test/auto/ConstraintMonitor1.xml (RunModel)" time="0.038" />
  <testcase classname="ptolemy.util.test.junit.AutoTests" name="[95] /home/travis/build/icyphy/ptII/ptolemy/actor/lib/test/auto/ConstraintMonitor2.xml (RunModel)" time="0.013" />
  <testcase classname="ptolemy.util.test.junit.AutoTests" name="[96] /home/travis/build/icyphy/ptII/ptolemy/actor/lib/test/auto/ConstraintMonitor3.xml (RunModel)" time="0.013" />
  <testcase classname="ptolemy.util.test.junit.AutoTests" name="[97] /home/travis/build/icyphy/ptII/ptolemy/actor/lib/test/auto/ConstraintMonitor4.xml (RunModel)" time="0.014" />
  <testcase classname="ptolemy.util.test.junit.AutoTests" name="[98] /home/travis/build/icyphy/ptII/ptolemy/actor/lib/test/auto/ConstraintMonitor5.xml (RunModel)" time="0.016" />
  <testcase classname="ptolemy.util.test.junit.AutoTests" name="[99] /home/travis/build/icyphy/ptII/ptolemy/actor/lib/test/auto/ConstraintMonitor6.xml (RunModel)" time="0.025" />
  <testcase classname="ptolemy.util.test.junit.AutoTests" name="[100] /home/travis/build/icyphy/ptII/ptolemy/actor/lib/test/auto/ConstraintMonitor7.xml (RunModel)" time="0.021" />
  <testcase classname="ptolemy.util.test.junit.AutoTests" name="[101] /home/travis/build/icyphy/ptII/ptolemy/actor/lib/test/auto/ConstraintMonitor8.xml (RunModel)" time="0.019" />
  <testcase classname="ptolemy.util.test.junit.AutoTests" name="[102] /home/travis/build/icyphy/ptII/ptolemy/actor/lib/test/auto/Counter.xml (RunModel)" time="0.015" />
  <testcase classname="ptolemy.util.test.junit.AutoTests" name="[103] /home/travis/build/icyphy/ptII/ptolemy/actor/lib/test/auto/CurrentTimeSDF.xml (RunModel)" time="0.012" />
  <testcase classname="ptolemy.util.test.junit.AutoTests" name="[104] /home/travis/build/icyphy/ptII/ptolemy/actor/lib/test/auto/DB.xml (RunModel)" time="0.015" />
  <testcase classname="ptolemy.util.test.junit.AutoTests" name="[105] /home/travis/build/icyphy/ptII/ptolemy/actor/lib/test/auto/DBDE.xml (RunModel)" time="0.029" />
  <testcase classname="ptolemy.util.test.junit.AutoTests" name="[106] /home/travis/build/icyphy/ptII/ptolemy/actor/lib/test/auto/DateConstructor.xml (RunModel)" time="0.086" />
  <testcase classname="ptolemy.util.test.junit.AutoTests" name="[107] /home/travis/build/icyphy/ptII/ptolemy/actor/lib/test/auto/DelayTime.xml (RunModel)" time="0.022" />
  <testcase classname="ptolemy.util.test.junit.AutoTests" name="[108] /home/travis/build/icyphy/ptII/ptolemy/actor/lib/test/auto/Dictionary1.xml (RunModel)" time="0.021" />
  <testcase classname="ptolemy.util.test.junit.AutoTests" name="[109] /home/travis/build/icyphy/ptII/ptolemy/actor/lib/test/auto/Dictionary2.xml (RunModel)" time="0.02" />
  <testcase classname="ptolemy.util.test.junit.AutoTests" name="[110] /home/travis/build/icyphy/ptII/ptolemy/actor/lib/test/auto/Dictionary3.xml (RunModel)" time="0.014" />
  <testcase classname="ptolemy.util.test.junit.AutoTests" name="[111] /home/travis/build/icyphy/ptII/ptolemy/actor/lib/test/auto/Dictionary4.xml (RunModel)" time="0.028" />
  <testcase classname="ptolemy.util.test.junit.AutoTests" name="[112] /home/travis/build/icyphy/ptII/ptolemy/actor/lib/test/auto/Differential.xml (RunModel)" time="0.015" />
  <testcase classname="ptolemy.util.test.junit.AutoTests" name="[113] /home/travis/build/icyphy/ptII/ptolemy/actor/lib/test/auto/Director.xml (RunModel)" time="0.011" />
  <testcase classname="ptolemy.util.test.junit.AutoTests" name="[114] /home/travis/build/icyphy/ptII/ptolemy/actor/lib/test/auto/DiscreteClock.xml (RunModel)" time="0.012" />
  <testcase classname="ptolemy.util.test.junit.AutoTests" name="[115] /home/travis/build/icyphy/ptII/ptolemy/actor/lib/test/auto/DiscreteClock10.xml (RunModel)" time="0.014" />
  <testcase classname="ptolemy.util.test.junit.AutoTests" name="[116] /home/travis/build/icyphy/ptII/ptolemy/actor/lib/test/auto/DiscreteClock11.xml (RunModel)" time="0.013" />
  <testcase classname="ptolemy.util.test.junit.AutoTests" name="[117] /home/travis/build/icyphy/ptII/ptolemy/actor/lib/test/auto/DiscreteClock12.xml (RunModel)" time="0.015" />
  <testcase classname="ptolemy.util.test.junit.AutoTests" name="[118] /home/travis/build/icyphy/ptII/ptolemy/actor/lib/test/auto/DiscreteClock13.xml (RunModel)" time="0.016" />
  <testcase classname="ptolemy.util.test.junit.AutoTests" name="[119] /home/travis/build/icyphy/ptII/ptolemy/actor/lib/test/auto/DiscreteClock14.xml (RunModel)" time="0.015" />
  <testcase classname="ptolemy.util.test.junit.AutoTests" name="[120] /home/travis/build/icyphy/ptII/ptolemy/actor/lib/test/auto/DiscreteClock15.xml (RunModel)" time="0.016" />
  <testcase classname="ptolemy.util.test.junit.AutoTests" name="[121] /home/travis/build/icyphy/ptII/ptolemy/actor/lib/test/auto/DiscreteClock16.xml (RunModel)" time="0.049" />
  <testcase classname="ptolemy.util.test.junit.AutoTests" name="[122] /home/travis/build/icyphy/ptII/ptolemy/actor/lib/test/auto/DiscreteClock17.xml (RunModel)" time="0.043" />
  <testcase classname="ptolemy.util.test.junit.AutoTests" name="[123] /home/travis/build/icyphy/ptII/ptolemy/actor/lib/test/auto/DiscreteClock18.xml (RunModel)" time="0.049" />
  <testcase classname="ptolemy.util.test.junit.AutoTests" name="[124] /home/travis/build/icyphy/ptII/ptolemy/actor/lib/test/auto/DiscreteClock19.xml (RunModel)" time="0.05" />
  <testcase classname="ptolemy.util.test.junit.AutoTests" name="[125] /home/travis/build/icyphy/ptII/ptolemy/actor/lib/test/auto/DiscreteClock2.xml (RunModel)" time="0.013" />
  <testcase classname="ptolemy.util.test.junit.AutoTests" name="[126] /home/travis/build/icyphy/ptII/ptolemy/actor/lib/test/auto/DiscreteClock20.xml (RunModel)" time="0.022" />
  <testcase classname="ptolemy.util.test.junit.AutoTests" name="[127] /home/travis/build/icyphy/ptII/ptolemy/actor/lib/test/auto/DiscreteClock21.xml (RunModel)" time="0.023" />
  <testcase classname="ptolemy.util.test.junit.AutoTests" name="[128] /home/travis/build/icyphy/ptII/ptolemy/actor/lib/test/auto/DiscreteClock22.xml (RunModel)" time="0.015" />
  <testcase classname="ptolemy.util.test.junit.AutoTests" name="[129] /home/travis/build/icyphy/ptII/ptolemy/actor/lib/test/auto/DiscreteClock23.xml (RunModel)" time="0.022" />
  <testcase classname="ptolemy.util.test.junit.AutoTests" name="[130] /home/travis/build/icyphy/ptII/ptolemy/actor/lib/test/auto/DiscreteClock24.xml (RunModel)" time="0.019" />
  <testcase classname="ptolemy.util.test.junit.AutoTests" name="[131] /home/travis/build/icyphy/ptII/ptolemy/actor/lib/test/auto/DiscreteClock4.xml (RunModel)" time="0.014" />
  <testcase classname="ptolemy.util.test.junit.AutoTests" name="[132] /home/travis/build/icyphy/ptII/ptolemy/actor/lib/test/auto/DiscreteClock5.xml (RunModel)" time="0.01" />
  <testcase classname="ptolemy.util.test.junit.AutoTests" name="[133] /home/travis/build/icyphy/ptII/ptolemy/actor/lib/test/auto/DiscreteClock6.xml (RunModel)" time="0.011" />
  <testcase classname="ptolemy.util.test.junit.AutoTests" name="[134] /home/travis/build/icyphy/ptII/ptolemy/actor/lib/test/auto/DiscreteClock7.xml (RunModel)" time="0.013" />
  <testcase classname="ptolemy.util.test.junit.AutoTests" name="[135] /home/travis/build/icyphy/ptII/ptolemy/actor/lib/test/auto/DiscreteClock8.xml (RunModel)" time="0.045" />
  <testcase classname="ptolemy.util.test.junit.AutoTests" name="[136] /home/travis/build/icyphy/ptII/ptolemy/actor/lib/test/auto/DiscreteClock9.xml (RunModel)" time="0.016" />
  <testcase classname="ptolemy.util.test.junit.AutoTests" name="[137] /home/travis/build/icyphy/ptII/ptolemy/actor/lib/test/auto/DisplayArray.xml (RunModel)" time="0.01" />
  <testcase classname="ptolemy.util.test.junit.AutoTests" name="[138] /home/travis/build/icyphy/ptII/ptolemy/actor/lib/test/auto/Distributor.xml (RunModel)" time="0.01" />
  <testcase classname="ptolemy.util.test.junit.AutoTests" name="[139] /home/travis/build/icyphy/ptII/ptolemy/actor/lib/test/auto/Distributor2.xml (RunModel)" time="0.009" />
  <testcase classname="ptolemy.util.test.junit.AutoTests" name="[140] /home/travis/build/icyphy/ptII/ptolemy/actor/lib/test/auto/DownSample.xml (RunModel)" time="0.014" />
  <testcase classname="ptolemy.util.test.junit.AutoTests" name="[141] /home/travis/build/icyphy/ptII/ptolemy/actor/lib/test/auto/ElectronicUnitBase1.xml (RunModel)" time="0.086" />
  <testcase classname="ptolemy.util.test.junit.AutoTests" name="[142] /home/travis/build/icyphy/ptII/ptolemy/actor/lib/test/auto/ElementsToArray.xml (RunModel)" time="0.036" />
  <testcase classname="ptolemy.util.test.junit.AutoTests" name="[143] /home/travis/build/icyphy/ptII/ptolemy/actor/lib/test/auto/Equals.xml (RunModel)" time="0.013" />
  <testcase classname="ptolemy.util.test.junit.AutoTests" name="[144] /home/travis/build/icyphy/ptII/ptolemy/actor/lib/test/auto/Exec.xml (RunModel)" time="0.039" />
  <testcase classname="ptolemy.util.test.junit.AutoTests" name="[145] /home/travis/build/icyphy/ptII/ptolemy/actor/lib/test/auto/ExecEnvironment.xml (RunModel)" time="0.052" />
  <testcase classname="ptolemy.util.test.junit.AutoTests" name="[146] /home/travis/build/icyphy/ptII/ptolemy/actor/lib/test/auto/ExecNonZeroReturnOutput.xml (RunModel)" time="0.194" />
  <testcase classname="ptolemy.util.test.junit.AutoTests" name="[147] /home/travis/build/icyphy/ptII/ptolemy/actor/lib/test/auto/ExecRunDemos.xml (RunModel)" time="12.441" />
  <testcase classname="ptolemy.util.test.junit.AutoTests" name="[148] /home/travis/build/icyphy/ptII/ptolemy/actor/lib/test/auto/ExecStop.xml (RunModel)" time="5.051" />
  <testcase classname="ptolemy.util.test.junit.AutoTests" name="[149] /home/travis/build/icyphy/ptII/ptolemy/actor/lib/test/auto/ExecutionTimeSDF.xml (RunModel)" time="6.082">
    <error type="java.lang.reflect.InvocationTargetException">java.lang.reflect.InvocationTargetException
	at jdk.internal.reflect.GeneratedConstructorAccessor36.newInstance(Unknown Source)
	at java.base/jdk.internal.reflect.DelegatingConstructorAccessorImpl.newInstance(DelegatingConstructorAccessorImpl.java:45)
	at java.base/java.lang.reflect.Constructor.newInstance(Constructor.java:490)
	at ptolemy.util.test.junit.AutoTests.RunModel(AutoTests.java:193)
	at jdk.internal.reflect.GeneratedMethodAccessor43.invoke(Unknown Source)
	at java.base/jdk.internal.reflect.DelegatingMethodAccessorImpl.invoke(DelegatingMethodAccessorImpl.java:43)
	at junitparams.internal.InvokeParameterisedMethod.evaluate(InvokeParameterisedMethod.java:102)
Caused by: ptolemy.kernel.util.IllegalActionException: Test fails in iteration 0.
Value was: 6001L. Should have been: 6000L
  in .ExecutionTimeSDF.NonStrictTest
	at ptolemy.actor.lib.NonStrictTest.postfire(NonStrictTest.java:328)
	at ptolemy.actor.AtomicActor.iterate(AtomicActor.java:518)
	at ptolemy.actor.sched.StaticSchedulingDirector.fire(StaticSchedulingDirector.java:216)
	at ptolemy.domains.sdf.kernel.SDFDirector.fire(SDFDirector.java:500)
	at ptolemy.actor.CompositeActor.fire(CompositeActor.java:455)
	at ptolemy.actor.Manager.iterate(Manager.java:851)
	at ptolemy.actor.Manager.execute(Manager.java:369)
	at ptolemy.actor.Manager.run(Manager.java:1263)
	at ptolemy.actor.Manager$PtolemyRunThread.run(Manager.java:1933)
</error>
  </testcase>
  <testcase classname="ptolemy.util.test.junit.AutoTests" name="[150] /home/travis/build/icyphy/ptII/ptolemy/actor/lib/test/auto/Expression1.xml (RunModel)" time="0.013" />
  <testcase classname="ptolemy.util.test.junit.AutoTests" name="[151] /home/travis/build/icyphy/ptII/ptolemy/actor/lib/test/auto/Expression10.xml (RunModel)" time="0.02" />
  <testcase classname="ptolemy.util.test.junit.AutoTests" name="[152] /home/travis/build/icyphy/ptII/ptolemy/actor/lib/test/auto/Expression11.xml (RunModel)" time="0.016" />
  <testcase classname="ptolemy.util.test.junit.AutoTests" name="[153] /home/travis/build/icyphy/ptII/ptolemy/actor/lib/test/auto/Expression12.xml (RunModel)" time="0.022" />
  <testcase classname="ptolemy.util.test.junit.AutoTests" name="[154] /home/travis/build/icyphy/ptII/ptolemy/actor/lib/test/auto/Expression13.xml (RunModel)" time="0.016" />
  <testcase classname="ptolemy.util.test.junit.AutoTests" name="[155] /home/travis/build/icyphy/ptII/ptolemy/actor/lib/test/auto/Expression14.xml (RunModel)" time="0.024" />
  <testcase classname="ptolemy.util.test.junit.AutoTests" name="[156] /home/travis/build/icyphy/ptII/ptolemy/actor/lib/test/auto/Expression15.xml (RunModel)" time="0.013" />
  <testcase classname="ptolemy.util.test.junit.AutoTests" name="[157] /home/travis/build/icyphy/ptII/ptolemy/actor/lib/test/auto/Expression16.xml (RunModel)" time="0.019" />
  <testcase classname="ptolemy.util.test.junit.AutoTests" name="[158] /home/travis/build/icyphy/ptII/ptolemy/actor/lib/test/auto/Expression17.xml (RunModel)" time="0.02" />
  <testcase classname="ptolemy.util.test.junit.AutoTests" name="[159] /home/travis/build/icyphy/ptII/ptolemy/actor/lib/test/auto/Expression18.xml (RunModel)" time="0.019" />
  <testcase classname="ptolemy.util.test.junit.AutoTests" name="[160] /home/travis/build/icyphy/ptII/ptolemy/actor/lib/test/auto/Expression2.xml (RunModel)" time="0.018" />
  <testcase classname="ptolemy.util.test.junit.AutoTests" name="[161] /home/travis/build/icyphy/ptII/ptolemy/actor/lib/test/auto/Expression3.xml (RunModel)" time="0.019" />
  <testcase classname="ptolemy.util.test.junit.AutoTests" name="[162] /home/travis/build/icyphy/ptII/ptolemy/actor/lib/test/auto/Expression4.xml (RunModel)" time="0.025" />
  <testcase classname="ptolemy.util.test.junit.AutoTests" name="[163] /home/travis/build/icyphy/ptII/ptolemy/actor/lib/test/auto/Expression5.xml (RunModel)" time="0.064" />
  <testcase classname="ptolemy.util.test.junit.AutoTests" name="[164] /home/travis/build/icyphy/ptII/ptolemy/actor/lib/test/auto/Expression6.xml (RunModel)" time="0.014" />
  <testcase classname="ptolemy.util.test.junit.AutoTests" name="[165] /home/travis/build/icyphy/ptII/ptolemy/actor/lib/test/auto/Expression7.xml (RunModel)" time="0.014" />
  <testcase classname="ptolemy.util.test.junit.AutoTests" name="[166] /home/travis/build/icyphy/ptII/ptolemy/actor/lib/test/auto/Expression8.xml (RunModel)" time="0.019" />
  <testcase classname="ptolemy.util.test.junit.AutoTests" name="[167] /home/travis/build/icyphy/ptII/ptolemy/actor/lib/test/auto/Expression9.xml (RunModel)" time="0.011" />
  <testcase classname="ptolemy.util.test.junit.AutoTests" name="[168] /home/travis/build/icyphy/ptII/ptolemy/actor/lib/test/auto/ExpressionConcatenateArrayType.xml (RunModel)" time="0.035" />
  <testcase classname="ptolemy.util.test.junit.AutoTests" name="[169] /home/travis/build/icyphy/ptII/ptolemy/actor/lib/test/auto/ExpressionConcatenateArrayType2.xml (RunModel)" time="0.026" />
  <testcase classname="ptolemy.util.test.junit.AutoTests" name="[170] /home/travis/build/icyphy/ptII/ptolemy/actor/lib/test/auto/ExpressionFix.xml (RunModel)" time="0.048" />
  <testcase classname="ptolemy.util.test.junit.AutoTests" name="[171] /home/travis/build/icyphy/ptII/ptolemy/actor/lib/test/auto/ExpressionFix2.xml (RunModel)" time="0.016" />
  <testcase classname="ptolemy.util.test.junit.AutoTests" name="[172] /home/travis/build/icyphy/ptII/ptolemy/actor/lib/test/auto/ExpressionFix3.xml (RunModel)" time="0.016" />
  <testcase classname="ptolemy.util.test.junit.AutoTests" name="[173] /home/travis/build/icyphy/ptII/ptolemy/actor/lib/test/auto/FileWriter1.xml (RunModel)" time="0.012" />
  <testcase classname="ptolemy.util.test.junit.AutoTests" name="[174] /home/travis/build/icyphy/ptII/ptolemy/actor/lib/test/auto/FileWriter2.xml (RunModel)" time="0.016" />
  <testcase classname="ptolemy.util.test.junit.AutoTests" name="[175] /home/travis/build/icyphy/ptII/ptolemy/actor/lib/test/auto/FileWriter3.xml (RunModel)" time="0.02" />
  <testcase classname="ptolemy.util.test.junit.AutoTests" name="[176] /home/travis/build/icyphy/ptII/ptolemy/actor/lib/test/auto/Gaussian.xml (RunModel)" time="0.015" />
  <testcase classname="ptolemy.util.test.junit.AutoTests" name="[177] /home/travis/build/icyphy/ptII/ptolemy/actor/lib/test/auto/Gaussian1.xml (RunModel)" time="0.027" />
  <testcase classname="ptolemy.util.test.junit.AutoTests" name="[178] /home/travis/build/icyphy/ptII/ptolemy/actor/lib/test/auto/Gaussian2.xml (RunModel)" time="0.023" />
  <testcase classname="ptolemy.util.test.junit.AutoTests" name="[179] /home/travis/build/icyphy/ptII/ptolemy/actor/lib/test/auto/GradientAdaptiveLattice.xml (RunModel)" time="0.02" />
  <testcase classname="ptolemy.util.test.junit.AutoTests" name="[180] /home/travis/build/icyphy/ptII/ptolemy/actor/lib/test/auto/IIR.xml (RunModel)" time="0.013" />
  <testcase classname="ptolemy.util.test.junit.AutoTests" name="[181] /home/travis/build/icyphy/ptII/ptolemy/actor/lib/test/auto/InputOutputTransparentPorts.xml (RunModel)" time="0.024" />
  <testcase classname="ptolemy.util.test.junit.AutoTests" name="[182] /home/travis/build/icyphy/ptII/ptolemy/actor/lib/test/auto/Interpolator.xml (RunModel)" time="0.015" />
  <testcase classname="ptolemy.util.test.junit.AutoTests" name="[183] /home/travis/build/icyphy/ptII/ptolemy/actor/lib/test/auto/InterpolatorFiringLimitDE.xml (RunModel)" time="0.017" />
  <testcase classname="ptolemy.util.test.junit.AutoTests" name="[184] /home/travis/build/icyphy/ptII/ptolemy/actor/lib/test/auto/Lattice.xml (RunModel)" time="0.013" />
  <testcase classname="ptolemy.util.test.junit.AutoTests" name="[185] /home/travis/build/icyphy/ptII/ptolemy/actor/lib/test/auto/LazyAOCTestLazy.xml (RunModel)" time="0.032" />
  <testcase classname="ptolemy.util.test.junit.AutoTests" name="[186] /home/travis/build/icyphy/ptII/ptolemy/actor/lib/test/auto/LazyAOCTestNonLazy.xml (RunModel)" time="0.048" />
  <testcase classname="ptolemy.util.test.junit.AutoTests" name="[187] /home/travis/build/icyphy/ptII/ptolemy/actor/lib/test/auto/LazyInnerClass.xml (RunModel)" time="0.057" />
  <testcase classname="ptolemy.util.test.junit.AutoTests" name="[188] /home/travis/build/icyphy/ptII/ptolemy/actor/lib/test/auto/LazyPubSub.xml (RunModel)" time="0.068" />
  <testcase classname="ptolemy.util.test.junit.AutoTests" name="[189] /home/travis/build/icyphy/ptII/ptolemy/actor/lib/test/auto/LazyPubSub2.xml (RunModel)" time="0.033" />
  <testcase classname="ptolemy.util.test.junit.AutoTests" name="[190] /home/travis/build/icyphy/ptII/ptolemy/actor/lib/test/auto/LazyPubSub3.xml (RunModel)" time="0.032" />
  <testcase classname="ptolemy.util.test.junit.AutoTests" name="[191] /home/travis/build/icyphy/ptII/ptolemy/actor/lib/test/auto/LazySubClassModel.xml (RunModel)" time="0.025" />
  <testcase classname="ptolemy.util.test.junit.AutoTests" name="[192] /home/travis/build/icyphy/ptII/ptolemy/actor/lib/test/auto/LevelCrossTest1.xml (RunModel)" time="0.013" />
  <testcase classname="ptolemy.util.test.junit.AutoTests" name="[193] /home/travis/build/icyphy/ptII/ptolemy/actor/lib/test/auto/LevelCrossTest10.xml (RunModel)" time="0.021" />
  <testcase classname="ptolemy.util.test.junit.AutoTests" name="[194] /home/travis/build/icyphy/ptII/ptolemy/actor/lib/test/auto/LevelCrossTest11.xml (RunModel)" time="0.018" />
  <testcase classname="ptolemy.util.test.junit.AutoTests" name="[195] /home/travis/build/icyphy/ptII/ptolemy/actor/lib/test/auto/LevelCrossTest12.xml (RunModel)" time="0.019" />
  <testcase classname="ptolemy.util.test.junit.AutoTests" name="[196] /home/travis/build/icyphy/ptII/ptolemy/actor/lib/test/auto/LevelCrossTest13.xml (RunModel)" time="0.018" />
  <testcase classname="ptolemy.util.test.junit.AutoTests" name="[197] /home/travis/build/icyphy/ptII/ptolemy/actor/lib/test/auto/LevelCrossTest2.xml (RunModel)" time="0.013" />
  <testcase classname="ptolemy.util.test.junit.AutoTests" name="[198] /home/travis/build/icyphy/ptII/ptolemy/actor/lib/test/auto/LevelCrossTest3.xml (RunModel)" time="0.014" />
  <testcase classname="ptolemy.util.test.junit.AutoTests" name="[199] /home/travis/build/icyphy/ptII/ptolemy/actor/lib/test/auto/LevelCrossTest4.xml (RunModel)" time="0.012" />
  <testcase classname="ptolemy.util.test.junit.AutoTests" name="[200] /home/travis/build/icyphy/ptII/ptolemy/actor/lib/test/auto/LevelCrossTest5.xml (RunModel)" time="0.016" />
  <testcase classname="ptolemy.util.test.junit.AutoTests" name="[201] /home/travis/build/icyphy/ptII/ptolemy/actor/lib/test/auto/LevelCrossTest6.xml (RunModel)" time="0.021" />
  <testcase classname="ptolemy.util.test.junit.AutoTests" name="[202] /home/travis/build/icyphy/ptII/ptolemy/actor/lib/test/auto/LevelCrossTest7.xml (RunModel)" time="0.016" />
  <testcase classname="ptolemy.util.test.junit.AutoTests" name="[203] /home/travis/build/icyphy/ptII/ptolemy/actor/lib/test/auto/LevelCrossTest8.xml (RunModel)" time="0.016" />
  <testcase classname="ptolemy.util.test.junit.AutoTests" name="[204] /home/travis/build/icyphy/ptII/ptolemy/actor/lib/test/auto/LevelCrossTest9.xml (RunModel)" time="0.018" />
  <testcase classname="ptolemy.util.test.junit.AutoTests" name="[205] /home/travis/build/icyphy/ptII/ptolemy/actor/lib/test/auto/LevinsonDurbin.xml (RunModel)" time="0.012" />
  <testcase classname="ptolemy.util.test.junit.AutoTests" name="[206] /home/travis/build/icyphy/ptII/ptolemy/actor/lib/test/auto/LevinsonDurbin2.xml (RunModel)" time="0.009" />
  <testcase classname="ptolemy.util.test.junit.AutoTests" name="[207] /home/travis/build/icyphy/ptII/ptolemy/actor/lib/test/auto/LevinsonDurbin3.xml (RunModel)" time="0.011" />
  <testcase classname="ptolemy.util.test.junit.AutoTests" name="[208] /home/travis/build/icyphy/ptII/ptolemy/actor/lib/test/auto/Limiter.xml (RunModel)" time="0.05" />
  <testcase classname="ptolemy.util.test.junit.AutoTests" name="[209] /home/travis/build/icyphy/ptII/ptolemy/actor/lib/test/auto/LinearDifferenceEquationSystem.xml (RunModel)" time="0.04" />
  <testcase classname="ptolemy.util.test.junit.AutoTests" name="[210] /home/travis/build/icyphy/ptII/ptolemy/actor/lib/test/auto/LookupTable.xml (RunModel)" time="0.02" />
  <testcase classname="ptolemy.util.test.junit.AutoTests" name="[211] /home/travis/build/icyphy/ptII/ptolemy/actor/lib/test/auto/MathFunction.xml (RunModel)" time="0.024" />
  <testcase classname="ptolemy.util.test.junit.AutoTests" name="[212] /home/travis/build/icyphy/ptII/ptolemy/actor/lib/test/auto/MathFunction2.xml (RunModel)" time="0.012" />
  <testcase classname="ptolemy.util.test.junit.AutoTests" name="[213] /home/travis/build/icyphy/ptII/ptolemy/actor/lib/test/auto/MathFunction3.xml (RunModel)" time="0.025" />
  <testcase classname="ptolemy.util.test.junit.AutoTests" name="[214] /home/travis/build/icyphy/ptII/ptolemy/actor/lib/test/auto/MatrixCropBoolean.xml (RunModel)" time="0.017" />
  <testcase classname="ptolemy.util.test.junit.AutoTests" name="[215] /home/travis/build/icyphy/ptII/ptolemy/actor/lib/test/auto/MatrixCropComplex.xml (RunModel)" time="0.011" />
  <testcase classname="ptolemy.util.test.junit.AutoTests" name="[216] /home/travis/build/icyphy/ptII/ptolemy/actor/lib/test/auto/MatrixCropDouble.xml (RunModel)" time="0.011" />
  <testcase classname="ptolemy.util.test.junit.AutoTests" name="[217] /home/travis/build/icyphy/ptII/ptolemy/actor/lib/test/auto/MatrixCropFix.xml (RunModel)" time="0.015" />
  <testcase classname="ptolemy.util.test.junit.AutoTests" name="[218] /home/travis/build/icyphy/ptII/ptolemy/actor/lib/test/auto/MatrixCropInt.xml (RunModel)" time="0.011" />
  <testcase classname="ptolemy.util.test.junit.AutoTests" name="[219] /home/travis/build/icyphy/ptII/ptolemy/actor/lib/test/auto/MatrixCropLong.xml (RunModel)" time="0.01" />
  <testcase classname="ptolemy.util.test.junit.AutoTests" name="[220] /home/travis/build/icyphy/ptII/ptolemy/actor/lib/test/auto/MatrixToArray.xml (RunModel)" time="0.079" />
  <testcase classname="ptolemy.util.test.junit.AutoTests" name="[221] /home/travis/build/icyphy/ptII/ptolemy/actor/lib/test/auto/MaxIndex.xml (RunModel)" time="0.015" />
  <testcase classname="ptolemy.util.test.junit.AutoTests" name="[222] /home/travis/build/icyphy/ptII/ptolemy/actor/lib/test/auto/Maximum.xml (RunModel)" time="0.02" />
  <testcase classname="ptolemy.util.test.junit.AutoTests" name="[223] /home/travis/build/icyphy/ptII/ptolemy/actor/lib/test/auto/MaximumComplex.xml (RunModel)" time="0.019" />
  <testcase classname="ptolemy.util.test.junit.AutoTests" name="[224] /home/travis/build/icyphy/ptII/ptolemy/actor/lib/test/auto/MethodCallTest.xml (RunModel)" time="0.033" />
  <testcase classname="ptolemy.util.test.junit.AutoTests" name="[225] /home/travis/build/icyphy/ptII/ptolemy/actor/lib/test/auto/Minimum.xml (RunModel)" time="0.019" />
  <testcase classname="ptolemy.util.test.junit.AutoTests" name="[226] /home/travis/build/icyphy/ptII/ptolemy/actor/lib/test/auto/MinimumComplex.xml (RunModel)" time="0.032" />
  <testcase classname="ptolemy.util.test.junit.AutoTests" name="[227] /home/travis/build/icyphy/ptII/ptolemy/actor/lib/test/auto/MinimumMultiports.xml (RunModel)" time="0.026" />
  <testcase classname="ptolemy.util.test.junit.AutoTests" name="[228] /home/travis/build/icyphy/ptII/ptolemy/actor/lib/test/auto/ModifyDate.xml (RunModel)" time="0.051" />
  <testcase classname="ptolemy.util.test.junit.AutoTests" name="[229] /home/travis/build/icyphy/ptII/ptolemy/actor/lib/test/auto/ModifyDate2.xml (RunModel)" time="0.03" />
  <testcase classname="ptolemy.util.test.junit.AutoTests" name="[230] /home/travis/build/icyphy/ptII/ptolemy/actor/lib/test/auto/MovingAverage.xml (RunModel)" time="0.014" />
  <testcase classname="ptolemy.util.test.junit.AutoTests" name="[231] /home/travis/build/icyphy/ptII/ptolemy/actor/lib/test/auto/MovingMaximum.xml (RunModel)" time="0.012" />
  <testcase classname="ptolemy.util.test.junit.AutoTests" name="[232] /home/travis/build/icyphy/ptII/ptolemy/actor/lib/test/auto/MultipleLinksToSameRelation.xml (RunModel)" time="0.015" />
  <testcase classname="ptolemy.util.test.junit.AutoTests" name="[233] /home/travis/build/icyphy/ptII/ptolemy/actor/lib/test/auto/MultipleLinksToSameRelationDE.xml (RunModel)" time="0.022" />
  <testcase classname="ptolemy.util.test.junit.AutoTests" name="[234] /home/travis/build/icyphy/ptII/ptolemy/actor/lib/test/auto/Multiplexor.xml (RunModel)" time="0.025" />
  <testcase classname="ptolemy.util.test.junit.AutoTests" name="[235] /home/travis/build/icyphy/ptII/ptolemy/actor/lib/test/auto/Multiplexor1.xml (RunModel)" time="0.014" />
  <testcase classname="ptolemy.util.test.junit.AutoTests" name="[236] /home/travis/build/icyphy/ptII/ptolemy/actor/lib/test/auto/Multiplexor2.xml (RunModel)" time="0.016" />
  <testcase classname="ptolemy.util.test.junit.AutoTests" name="[237] /home/travis/build/icyphy/ptII/ptolemy/actor/lib/test/auto/Multiplexor3.xml (RunModel)" time="0.014" />
  <testcase classname="ptolemy.util.test.junit.AutoTests" name="[238] /home/travis/build/icyphy/ptII/ptolemy/actor/lib/test/auto/MultiplexorDE.xml (RunModel)" time="0.026" />
  <testcase classname="ptolemy.util.test.junit.AutoTests" name="[239] /home/travis/build/icyphy/ptII/ptolemy/actor/lib/test/auto/MultiportBroadcastTest.xml (RunModel)" time="0.132" />
  <testcase classname="ptolemy.util.test.junit.AutoTests" name="[240] /home/travis/build/icyphy/ptII/ptolemy/actor/lib/test/auto/MultiportOutHangDuringGetWidth.xml (RunModel)" time="0.056" />
  <testcase classname="ptolemy.util.test.junit.AutoTests" name="[241] /home/travis/build/icyphy/ptII/ptolemy/actor/lib/test/auto/NilToken.xml (RunModel)" time="0.017" />
  <testcase classname="ptolemy.util.test.junit.AutoTests" name="[242] /home/travis/build/icyphy/ptII/ptolemy/actor/lib/test/auto/NilTokenNonStrictTest.xml (RunModel)" time="0.015" />
  <testcase classname="ptolemy.util.test.junit.AutoTests" name="[243] /home/travis/build/icyphy/ptII/ptolemy/actor/lib/test/auto/NilTokenRecord.xml (RunModel)" time="0.04" />
  <testcase classname="ptolemy.util.test.junit.AutoTests" name="[244] /home/travis/build/icyphy/ptII/ptolemy/actor/lib/test/auto/NilTokenTypeTest.xml (RunModel)" time="0.037" />
  <testcase classname="ptolemy.util.test.junit.AutoTests" name="[245] /home/travis/build/icyphy/ptII/ptolemy/actor/lib/test/auto/ObjectToken1.xml (RunModel)" time="0.016" />
  <testcase classname="ptolemy.util.test.junit.AutoTests" name="[246] /home/travis/build/icyphy/ptII/ptolemy/actor/lib/test/auto/OrderedMerge.xml (RunModel)" time="0.022" />
  <testcase classname="ptolemy.util.test.junit.AutoTests" name="[247] /home/travis/build/icyphy/ptII/ptolemy/actor/lib/test/auto/OrderedRecordDisassembler.xml (RunModel)" time="0.022" />
  <testcase classname="ptolemy.util.test.junit.AutoTests" name="[248] /home/travis/build/icyphy/ptII/ptolemy/actor/lib/test/auto/OrderedRecordDisassembler2.xml (RunModel)" time="0.028" />
  <testcase classname="ptolemy.util.test.junit.AutoTests" name="[249] /home/travis/build/icyphy/ptII/ptolemy/actor/lib/test/auto/OrderedRecordUpdater.xml (RunModel)" time="0.016" />
  <testcase classname="ptolemy.util.test.junit.AutoTests" name="[250] /home/travis/build/icyphy/ptII/ptolemy/actor/lib/test/auto/OrderedRecordUpdater2.xml (RunModel)" time="0.027" />
  <testcase classname="ptolemy.util.test.junit.AutoTests" name="[251] /home/travis/build/icyphy/ptII/ptolemy/actor/lib/test/auto/PhaseUnwrap.xml (RunModel)" time="0.018" />
  <testcase classname="ptolemy.util.test.junit.AutoTests" name="[252] /home/travis/build/icyphy/ptII/ptolemy/actor/lib/test/auto/PoissonClock.xml (RunModel)" time="0.018" />
  <testcase classname="ptolemy.util.test.junit.AutoTests" name="[253] /home/travis/build/icyphy/ptII/ptolemy/actor/lib/test/auto/PoissonClock2.xml (RunModel)" time="0.013" />
  <testcase classname="ptolemy.util.test.junit.AutoTests" name="[254] /home/travis/build/icyphy/ptII/ptolemy/actor/lib/test/auto/PoissonClock3.xml (RunModel)" time="0.035" />
  <testcase classname="ptolemy.util.test.junit.AutoTests" name="[255] /home/travis/build/icyphy/ptII/ptolemy/actor/lib/test/auto/PubSubWithInitialTokens.xml (RunModel)" time="0.022" />
  <testcase classname="ptolemy.util.test.junit.AutoTests" name="[256] /home/travis/build/icyphy/ptII/ptolemy/actor/lib/test/auto/PubSubWithInitialTokens2.xml (RunModel)" time="0.016" />
  <testcase classname="ptolemy.util.test.junit.AutoTests" name="[257] /home/travis/build/icyphy/ptII/ptolemy/actor/lib/test/auto/PublisherClassNoParameter.xml (RunModel)" time="0.033" />
  <testcase classname="ptolemy.util.test.junit.AutoTests" name="[258] /home/travis/build/icyphy/ptII/ptolemy/actor/lib/test/auto/PublisherClassParameter.xml (RunModel)" time="0.026" />
  <testcase classname="ptolemy.util.test.junit.AutoTests" name="[259] /home/travis/build/icyphy/ptII/ptolemy/actor/lib/test/auto/PublisherNonStrictTest.xml (RunModel)" time="0.028" />
  <testcase classname="ptolemy.util.test.junit.AutoTests" name="[260] /home/travis/build/icyphy/ptII/ptolemy/actor/lib/test/auto/PublisherPort1.xml (RunModel)" time="0.014" />
  <testcase classname="ptolemy.util.test.junit.AutoTests" name="[261] /home/travis/build/icyphy/ptII/ptolemy/actor/lib/test/auto/PublisherPort2.xml (RunModel)" time="0.017" />
  <testcase classname="ptolemy.util.test.junit.AutoTests" name="[262] /home/travis/build/icyphy/ptII/ptolemy/actor/lib/test/auto/PublisherPort3.xml (RunModel)" time="0.027" />
  <testcase classname="ptolemy.util.test.junit.AutoTests" name="[263] /home/travis/build/icyphy/ptII/ptolemy/actor/lib/test/auto/PublisherPort4.xml (RunModel)" time="0.024" />
  <testcase classname="ptolemy.util.test.junit.AutoTests" name="[264] /home/travis/build/icyphy/ptII/ptolemy/actor/lib/test/auto/PublisherPort5.xml (RunModel)" time="0.026" />
  <testcase classname="ptolemy.util.test.junit.AutoTests" name="[265] /home/travis/build/icyphy/ptII/ptolemy/actor/lib/test/auto/PublisherPort5LookAlike.xml (RunModel)" time="0.023" />
  <testcase classname="ptolemy.util.test.junit.AutoTests" name="[266] /home/travis/build/icyphy/ptII/ptolemy/actor/lib/test/auto/PublisherPort6.xml (RunModel)" time="0.014" />
  <testcase classname="ptolemy.util.test.junit.AutoTests" name="[267] /home/travis/build/icyphy/ptII/ptolemy/actor/lib/test/auto/PublisherPort7.xml (RunModel)" time="0.017" />
  <testcase classname="ptolemy.util.test.junit.AutoTests" name="[268] /home/travis/build/icyphy/ptII/ptolemy/actor/lib/test/auto/PublisherPort8.xml (RunModel)" time="0.018" />
  <testcase classname="ptolemy.util.test.junit.AutoTests" name="[269] /home/travis/build/icyphy/ptII/ptolemy/actor/lib/test/auto/PublisherPortSubscriberChannelVariablesAOC2.xml (RunModel)" time="0.104" />
  <testcase classname="ptolemy.util.test.junit.AutoTests" name="[270] /home/travis/build/icyphy/ptII/ptolemy/actor/lib/test/auto/PublisherPortSubscriberOpaqueWidthInference.xml (RunModel)" time="0.017" />
  <testcase classname="ptolemy.util.test.junit.AutoTests" name="[271] /home/travis/build/icyphy/ptII/ptolemy/actor/lib/test/auto/PublisherPortSubscriberPortAdjacent.xml (RunModel)" time="0.021" />
  <testcase classname="ptolemy.util.test.junit.AutoTests" name="[272] /home/travis/build/icyphy/ptII/ptolemy/actor/lib/test/auto/PublisherPortSubscriberPortExpression.xml (RunModel)" time="0.017" />
  <testcase classname="ptolemy.util.test.junit.AutoTests" name="[273] /home/travis/build/icyphy/ptII/ptolemy/actor/lib/test/auto/PublisherPortSubscriberPortOpaqueD3Reverse.xml (RunModel)" time="0.035" />
  <testcase classname="ptolemy.util.test.junit.AutoTests" name="[274] /home/travis/build/icyphy/ptII/ptolemy/actor/lib/test/auto/PublisherPortSubscriberPortOpaqueWidthInference.xml (RunModel)" time="0.017" />
  <testcase classname="ptolemy.util.test.junit.AutoTests" name="[275] /home/travis/build/icyphy/ptII/ptolemy/actor/lib/test/auto/PublisherPortToplevelSubscriberPortAOC.xml (RunModel)" time="0.012" />
  <testcase classname="ptolemy.util.test.junit.AutoTests" name="[276] /home/travis/build/icyphy/ptII/ptolemy/actor/lib/test/auto/PublisherSubscriber.xml (RunModel)" time="0.014" />
  <testcase classname="ptolemy.util.test.junit.AutoTests" name="[277] /home/travis/build/icyphy/ptII/ptolemy/actor/lib/test/auto/PublisherSubscriber10.xml (RunModel)" time="0.021" />
  <testcase classname="ptolemy.util.test.junit.AutoTests" name="[278] /home/travis/build/icyphy/ptII/ptolemy/actor/lib/test/auto/PublisherSubscriber10InitialOutputs.xml (RunModel)" time="0.031" />
  <testcase classname="ptolemy.util.test.junit.AutoTests" name="[279] /home/travis/build/icyphy/ptII/ptolemy/actor/lib/test/auto/PublisherSubscriber11.xml (RunModel)" time="0.016" />
  <testcase classname="ptolemy.util.test.junit.AutoTests" name="[280] /home/travis/build/icyphy/ptII/ptolemy/actor/lib/test/auto/PublisherSubscriber12.xml (RunModel)" time="0.024" />
  <testcase classname="ptolemy.util.test.junit.AutoTests" name="[281] /home/travis/build/icyphy/ptII/ptolemy/actor/lib/test/auto/PublisherSubscriber13.xml (RunModel)" time="0.021" />
  <testcase classname="ptolemy.util.test.junit.AutoTests" name="[282] /home/travis/build/icyphy/ptII/ptolemy/actor/lib/test/auto/PublisherSubscriber14.xml (RunModel)" time="0.031" />
  <testcase classname="ptolemy.util.test.junit.AutoTests" name="[283] /home/travis/build/icyphy/ptII/ptolemy/actor/lib/test/auto/PublisherSubscriber2.xml (RunModel)" time="0.012" />
  <testcase classname="ptolemy.util.test.junit.AutoTests" name="[284] /home/travis/build/icyphy/ptII/ptolemy/actor/lib/test/auto/PublisherSubscriber3.xml (RunModel)" time="0.011" />
  <testcase classname="ptolemy.util.test.junit.AutoTests" name="[285] /home/travis/build/icyphy/ptII/ptolemy/actor/lib/test/auto/PublisherSubscriber4.xml (RunModel)" time="0.011" />
  <testcase classname="ptolemy.util.test.junit.AutoTests" name="[286] /home/travis/build/icyphy/ptII/ptolemy/actor/lib/test/auto/PublisherSubscriber5.xml (RunModel)" time="0.014" />
  <testcase classname="ptolemy.util.test.junit.AutoTests" name="[287] /home/travis/build/icyphy/ptII/ptolemy/actor/lib/test/auto/PublisherSubscriber6.xml (RunModel)" time="0.016" />
  <testcase classname="ptolemy.util.test.junit.AutoTests" name="[288] /home/travis/build/icyphy/ptII/ptolemy/actor/lib/test/auto/PublisherSubscriber7.xml (RunModel)" time="0.019" />
  <testcase classname="ptolemy.util.test.junit.AutoTests" name="[289] /home/travis/build/icyphy/ptII/ptolemy/actor/lib/test/auto/PublisherSubscriber8.xml (RunModel)" time="0.032" />
  <testcase classname="ptolemy.util.test.junit.AutoTests" name="[290] /home/travis/build/icyphy/ptII/ptolemy/actor/lib/test/auto/PublisherSubscriber9.xml (RunModel)" time="0.015" />
  <testcase classname="ptolemy.util.test.junit.AutoTests" name="[291] /home/travis/build/icyphy/ptII/ptolemy/actor/lib/test/auto/PublisherSubscriberAdjacent.xml (RunModel)" time="0.016" />
  <testcase classname="ptolemy.util.test.junit.AutoTests" name="[292] /home/travis/build/icyphy/ptII/ptolemy/actor/lib/test/auto/PublisherSubscriberChannelVariablesAOC2.xml (RunModel)" time="0.03" />
  <testcase classname="ptolemy.util.test.junit.AutoTests" name="[293] /home/travis/build/icyphy/ptII/ptolemy/actor/lib/test/auto/PublisherSubscriberD3.xml (RunModel)" time="0.014" />
  <testcase classname="ptolemy.util.test.junit.AutoTests" name="[294] /home/travis/build/icyphy/ptII/ptolemy/actor/lib/test/auto/PublisherSubscriberD3Reverse.xml (RunModel)" time="0.012" />
  <testcase classname="ptolemy.util.test.junit.AutoTests" name="[295] /home/travis/build/icyphy/ptII/ptolemy/actor/lib/test/auto/PublisherSubscriberExpression.xml (RunModel)" time="0.019" />
  <testcase classname="ptolemy.util.test.junit.AutoTests" name="[296] /home/travis/build/icyphy/ptII/ptolemy/actor/lib/test/auto/PublisherSubscriberOpaque.xml (RunModel)" time="0.016" />
  <testcase classname="ptolemy.util.test.junit.AutoTests" name="[297] /home/travis/build/icyphy/ptII/ptolemy/actor/lib/test/auto/PublisherSubscriberOpaqueD3.xml (RunModel)" time="0.024" />
  <testcase classname="ptolemy.util.test.junit.AutoTests" name="[298] /home/travis/build/icyphy/ptII/ptolemy/actor/lib/test/auto/PublisherSubscriberOpaqueD3Reverse.xml (RunModel)" time="0.022" />
  <testcase classname="ptolemy.util.test.junit.AutoTests" name="[299] /home/travis/build/icyphy/ptII/ptolemy/actor/lib/test/auto/PublisherSubscriberOpaqueWidthInference.xml (RunModel)" time="0.019" />
  <testcase classname="ptolemy.util.test.junit.AutoTests" name="[300] /home/travis/build/icyphy/ptII/ptolemy/actor/lib/test/auto/PublisherTestSubscriber.xml (RunModel)" time="0.019" />
  <testcase classname="ptolemy.util.test.junit.AutoTests" name="[301] /home/travis/build/icyphy/ptII/ptolemy/actor/lib/test/auto/PublisherToplevelSubscriberPortAOC.xml (RunModel)" time="0.014" />
  <testcase classname="ptolemy.util.test.junit.AutoTests" name="[302] /home/travis/build/icyphy/ptII/ptolemy/actor/lib/test/auto/PulseFiringLimitDE.xml (RunModel)" time="0.017" />
  <testcase classname="ptolemy.util.test.junit.AutoTests" name="[303] /home/travis/build/icyphy/ptII/ptolemy/actor/lib/test/auto/Ramp1.xml (RunModel)" time="0.009" />
  <testcase classname="ptolemy.util.test.junit.AutoTests" name="[304] /home/travis/build/icyphy/ptII/ptolemy/actor/lib/test/auto/RampFiringLimitDE.xml (RunModel)" time="0.016" />
  <testcase classname="ptolemy.util.test.junit.AutoTests" name="[305] /home/travis/build/icyphy/ptII/ptolemy/actor/lib/test/auto/RampFiringLimitSDF.xml (RunModel)" time="0.012" />
  <testcase classname="ptolemy.util.test.junit.AutoTests" name="[306] /home/travis/build/icyphy/ptII/ptolemy/actor/lib/test/auto/RandomInteger.xml (RunModel)" time="0.013" />
  <testcase classname="ptolemy.util.test.junit.AutoTests" name="[307] /home/travis/build/icyphy/ptII/ptolemy/actor/lib/test/auto/ReadFile1.xml (RunModel)" time="0.012" />
  <testcase classname="ptolemy.util.test.junit.AutoTests" name="[308] /home/travis/build/icyphy/ptII/ptolemy/actor/lib/test/auto/ReadFile2.xml (RunModel)" time="0.013" />
  <testcase classname="ptolemy.util.test.junit.AutoTests" name="[309] /home/travis/build/icyphy/ptII/ptolemy/actor/lib/test/auto/Reader.xml (RunModel)" time="0.021" />
  <testcase classname="ptolemy.util.test.junit.AutoTests" name="[310] /home/travis/build/icyphy/ptII/ptolemy/actor/lib/test/auto/RecordAssemblerDisplayNameTest.xml (RunModel)" time="3.971" />
  <testcase classname="ptolemy.util.test.junit.AutoTests" name="[311] /home/travis/build/icyphy/ptII/ptolemy/actor/lib/test/auto/RecordAssemblerTypeError.xml (RunModel)" time="0.028" />
  <testcase classname="ptolemy.util.test.junit.AutoTests" name="[312] /home/travis/build/icyphy/ptII/ptolemy/actor/lib/test/auto/RecordDisassember.xml (RunModel)" time="0.012" />
  <testcase classname="ptolemy.util.test.junit.AutoTests" name="[313] /home/travis/build/icyphy/ptII/ptolemy/actor/lib/test/auto/RecordDisassemberDisplayNameTest.xml (RunModel)" time="0.026" />
  <testcase classname="ptolemy.util.test.junit.AutoTests" name="[314] /home/travis/build/icyphy/ptII/ptolemy/actor/lib/test/auto/RecordDisassembler.xml (RunModel)" time="0.014" />
  <testcase classname="ptolemy.util.test.junit.AutoTests" name="[315] /home/travis/build/icyphy/ptII/ptolemy/actor/lib/test/auto/RecordDisassembler2.xml (RunModel)" time="0.011" />
  <testcase classname="ptolemy.util.test.junit.AutoTests" name="[316] /home/travis/build/icyphy/ptII/ptolemy/actor/lib/test/auto/RecordUpdater.xml (RunModel)" time="0.01" />
  <testcase classname="ptolemy.util.test.junit.AutoTests" name="[317] /home/travis/build/icyphy/ptII/ptolemy/actor/lib/test/auto/RecordUpdater2.xml (RunModel)" time="0.01" />
  <testcase classname="ptolemy.util.test.junit.AutoTests" name="[318] /home/travis/build/icyphy/ptII/ptolemy/actor/lib/test/auto/RecursiveLattice.xml (RunModel)" time="0.009" />
  <testcase classname="ptolemy.util.test.junit.AutoTests" name="[319] /home/travis/build/icyphy/ptII/ptolemy/actor/lib/test/auto/Router.xml (RunModel)" time="3.026" />
  <testcase classname="ptolemy.util.test.junit.AutoTests" name="[320] /home/travis/build/icyphy/ptII/ptolemy/actor/lib/test/auto/Router2.xml (RunModel)" time="3.049" />
  <testcase classname="ptolemy.util.test.junit.AutoTests" name="[321] /home/travis/build/icyphy/ptII/ptolemy/actor/lib/test/auto/RunningMaximum.xml (RunModel)" time="0.022" />
  <testcase classname="ptolemy.util.test.junit.AutoTests" name="[322] /home/travis/build/icyphy/ptII/ptolemy/actor/lib/test/auto/RunningMinimum.xml (RunModel)" time="0.022" />
  <testcase classname="ptolemy.util.test.junit.AutoTests" name="[323] /home/travis/build/icyphy/ptII/ptolemy/actor/lib/test/auto/Scale.xml (RunModel)" time="0.014" />
  <testcase classname="ptolemy.util.test.junit.AutoTests" name="[324] /home/travis/build/icyphy/ptII/ptolemy/actor/lib/test/auto/Scale2.xml (RunModel)" time="0.013" />
  <testcase classname="ptolemy.util.test.junit.AutoTests" name="[325] /home/travis/build/icyphy/ptII/ptolemy/actor/lib/test/auto/Scale3.xml (RunModel)" time="0.018" />
  <testcase classname="ptolemy.util.test.junit.AutoTests" name="[326] /home/travis/build/icyphy/ptII/ptolemy/actor/lib/test/auto/ScaleArray.xml (RunModel)" time="0.009" />
  <testcase classname="ptolemy.util.test.junit.AutoTests" name="[327] /home/travis/build/icyphy/ptII/ptolemy/actor/lib/test/auto/ScaleArray2.xml (RunModel)" time="0.014" />
  <testcase classname="ptolemy.util.test.junit.AutoTests" name="[328] /home/travis/build/icyphy/ptII/ptolemy/actor/lib/test/auto/ScaleMatrix.xml (RunModel)" time="0.141" />
  <testcase classname="ptolemy.util.test.junit.AutoTests" name="[329] /home/travis/build/icyphy/ptII/ptolemy/actor/lib/test/auto/Select.xml (RunModel)" time="0.019" />
  <testcase classname="ptolemy.util.test.junit.AutoTests" name="[330] /home/travis/build/icyphy/ptII/ptolemy/actor/lib/test/auto/Select2.xml (RunModel)" time="0.011" />
  <testcase classname="ptolemy.util.test.junit.AutoTests" name="[331] /home/travis/build/icyphy/ptII/ptolemy/actor/lib/test/auto/SequenceToArray2.xml (RunModel)" time="0.159" />
  <testcase classname="ptolemy.util.test.junit.AutoTests" name="[332] /home/travis/build/icyphy/ptII/ptolemy/actor/lib/test/auto/SequentialClock.xml (RunModel)" time="0.014" />
  <testcase classname="ptolemy.util.test.junit.AutoTests" name="[333] /home/travis/build/icyphy/ptII/ptolemy/actor/lib/test/auto/SetVariable.xml (RunModel)" time="0.012" />
  <testcase classname="ptolemy.util.test.junit.AutoTests" name="[334] /home/travis/build/icyphy/ptII/ptolemy/actor/lib/test/auto/SetVariable2.xml (RunModel)" time="0.013" />
  <testcase classname="ptolemy.util.test.junit.AutoTests" name="[335] /home/travis/build/icyphy/ptII/ptolemy/actor/lib/test/auto/SetVariable3.xml (RunModel)" time="0.018" />
  <testcase classname="ptolemy.util.test.junit.AutoTests" name="[336] /home/travis/build/icyphy/ptII/ptolemy/actor/lib/test/auto/SetVariable4.xml (RunModel)" time="0.026" />
  <testcase classname="ptolemy.util.test.junit.AutoTests" name="[337] /home/travis/build/icyphy/ptII/ptolemy/actor/lib/test/auto/SetVariable5.xml (RunModel)" time="0.045" />
  <testcase classname="ptolemy.util.test.junit.AutoTests" name="[338] /home/travis/build/icyphy/ptII/ptolemy/actor/lib/test/auto/Sinewave.xml (RunModel)" time="0.034" />
  <testcase classname="ptolemy.util.test.junit.AutoTests" name="[339] /home/travis/build/icyphy/ptII/ptolemy/actor/lib/test/auto/Sinewave2.xml (RunModel)" time="0.018" />
  <testcase classname="ptolemy.util.test.junit.AutoTests" name="[340] /home/travis/build/icyphy/ptII/ptolemy/actor/lib/test/auto/Sinewave3.xml (RunModel)" time="0.023" />
  <testcase classname="ptolemy.util.test.junit.AutoTests" name="[341] /home/travis/build/icyphy/ptII/ptolemy/actor/lib/test/auto/SingleEvent.xml (RunModel)" time="0.008" />
  <testcase classname="ptolemy.util.test.junit.AutoTests" name="[342] /home/travis/build/icyphy/ptII/ptolemy/actor/lib/test/auto/Sleep.xml (RunModel)" time="6.017" />
  <testcase classname="ptolemy.util.test.junit.AutoTests" name="[343] /home/travis/build/icyphy/ptII/ptolemy/actor/lib/test/auto/SleepMultipleFire.xml (RunModel)" time="1.046" />
  <testcase classname="ptolemy.util.test.junit.AutoTests" name="[344] /home/travis/build/icyphy/ptII/ptolemy/actor/lib/test/auto/StopDE.xml (RunModel)" time="0.017" />
  <testcase classname="ptolemy.util.test.junit.AutoTests" name="[345] /home/travis/build/icyphy/ptII/ptolemy/actor/lib/test/auto/StopSDF.xml (RunModel)" time="0.036" />
  <testcase classname="ptolemy.util.test.junit.AutoTests" name="[346] /home/travis/build/icyphy/ptII/ptolemy/actor/lib/test/auto/StringConstant.xml (RunModel)" time="0.02" />
  <testcase classname="ptolemy.util.test.junit.AutoTests" name="[347] /home/travis/build/icyphy/ptII/ptolemy/actor/lib/test/auto/SubscriberPortInitialValues1.xml (RunModel)" time="0.032" />
  <testcase classname="ptolemy.util.test.junit.AutoTests" name="[348] /home/travis/build/icyphy/ptII/ptolemy/actor/lib/test/auto/SubscriberPortInitialValues13.xml (RunModel)" time="0.033" />
  <testcase classname="ptolemy.util.test.junit.AutoTests" name="[349] /home/travis/build/icyphy/ptII/ptolemy/actor/lib/test/auto/SubscriberPortInitialValues14.xml (RunModel)" time="0.021" />
  <testcase classname="ptolemy.util.test.junit.AutoTests" name="[350] /home/travis/build/icyphy/ptII/ptolemy/actor/lib/test/auto/SubscriberPortInitialValues2.xml (RunModel)" time="0.023" />
  <testcase classname="ptolemy.util.test.junit.AutoTests" name="[351] /home/travis/build/icyphy/ptII/ptolemy/actor/lib/test/auto/SubscriberPortInitialValues3.xml (RunModel)" time="0.028" />
  <testcase classname="ptolemy.util.test.junit.AutoTests" name="[352] /home/travis/build/icyphy/ptII/ptolemy/actor/lib/test/auto/SubscriptionAggregator.xml (RunModel)" time="0.014" />
  <testcase classname="ptolemy.util.test.junit.AutoTests" name="[353] /home/travis/build/icyphy/ptII/ptolemy/actor/lib/test/auto/SubscriptionAggregator2.xml (RunModel)" time="0.014" />
  <testcase classname="ptolemy.util.test.junit.AutoTests" name="[354] /home/travis/build/icyphy/ptII/ptolemy/actor/lib/test/auto/SubscriptionAggregator3.xml (RunModel)" time="0.02" />
  <testcase classname="ptolemy.util.test.junit.AutoTests" name="[355] /home/travis/build/icyphy/ptII/ptolemy/actor/lib/test/auto/SubscriptionAggregatorMultiply.xml (RunModel)" time="0.029" />
  <testcase classname="ptolemy.util.test.junit.AutoTests" name="[356] /home/travis/build/icyphy/ptII/ptolemy/actor/lib/test/auto/SubscriptionAggregatorPortMultiply1.xml (RunModel)" time="0.018" />
  <testcase classname="ptolemy.util.test.junit.AutoTests" name="[357] /home/travis/build/icyphy/ptII/ptolemy/actor/lib/test/auto/Switch.xml (RunModel)" time="0.024" />
  <testcase classname="ptolemy.util.test.junit.AutoTests" name="[358] /home/travis/build/icyphy/ptII/ptolemy/actor/lib/test/auto/Switch2.xml (RunModel)" time="0.012" />
  <testcase classname="ptolemy.util.test.junit.AutoTests" name="[359] /home/travis/build/icyphy/ptII/ptolemy/actor/lib/test/auto/SwitchDE.xml (RunModel)" time="0.017" />
  <testcase classname="ptolemy.util.test.junit.AutoTests" name="[360] /home/travis/build/icyphy/ptII/ptolemy/actor/lib/test/auto/SynchronizerDE.xml (RunModel)" time="0.025" />
  <testcase classname="ptolemy.util.test.junit.AutoTests" name="[361] /home/travis/build/icyphy/ptII/ptolemy/actor/lib/test/auto/Test.xml (RunModel)" time="0.02" />
  <testcase classname="ptolemy.util.test.junit.AutoTests" name="[362] /home/travis/build/icyphy/ptII/ptolemy/actor/lib/test/auto/TestExceptionAttribute1.xml (RunModel)" time="0.014" />
  <testcase classname="ptolemy.util.test.junit.AutoTests" name="[363] /home/travis/build/icyphy/ptII/ptolemy/actor/lib/test/auto/TestExceptionAttribute2.xml (RunModel)" time="0.011" />
  <testcase classname="ptolemy.util.test.junit.AutoTests" name="[364] /home/travis/build/icyphy/ptII/ptolemy/actor/lib/test/auto/TestExceptionAttribute3.xml (RunModel)" time="0.014" />
  <testcase classname="ptolemy.util.test.junit.AutoTests" name="[365] /home/travis/build/icyphy/ptII/ptolemy/actor/lib/test/auto/TestExceptionAttribute4.xml (RunModel)" time="0.011" />
  <testcase classname="ptolemy.util.test.junit.AutoTests" name="[366] /home/travis/build/icyphy/ptII/ptolemy/actor/lib/test/auto/TestExceptionHandler1.xml (RunModel)" time="0.012" />
  <testcase classname="ptolemy.util.test.junit.AutoTests" name="[367] /home/travis/build/icyphy/ptII/ptolemy/actor/lib/test/auto/TestExceptionHandler2.xml (RunModel)" time="0.012" />
  <testcase classname="ptolemy.util.test.junit.AutoTests" name="[368] /home/travis/build/icyphy/ptII/ptolemy/actor/lib/test/auto/TestExceptionHandler3.xml (RunModel)" time="0.009" />
  <testcase classname="ptolemy.util.test.junit.AutoTests" name="[369] /home/travis/build/icyphy/ptII/ptolemy/actor/lib/test/auto/TestExceptionHandler4.xml (RunModel)" time="0.008" />
  <testcase classname="ptolemy.util.test.junit.AutoTests" name="[370] /home/travis/build/icyphy/ptII/ptolemy/actor/lib/test/auto/TestRequireCorrectOrder.xml (RunModel)" time="0.016" />
  <testcase classname="ptolemy.util.test.junit.AutoTests" name="[371] /home/travis/build/icyphy/ptII/ptolemy/actor/lib/test/auto/TestSimple.xml (RunModel)" time="0.009" />
  <testcase classname="ptolemy.util.test.junit.AutoTests" name="[372] /home/travis/build/icyphy/ptII/ptolemy/actor/lib/test/auto/ThrowModelError.xml (RunModel)" time="0.015" />
  <testcase classname="ptolemy.util.test.junit.AutoTests" name="[373] /home/travis/build/icyphy/ptII/ptolemy/actor/lib/test/auto/TimeDelayMicrosteps.xml (RunModel)" time="0.022" />
  <testcase classname="ptolemy.util.test.junit.AutoTests" name="[374] /home/travis/build/icyphy/ptII/ptolemy/actor/lib/test/auto/TimeDelayMicrosteps2.xml (RunModel)" time="0.02" />
  <testcase classname="ptolemy.util.test.junit.AutoTests" name="[375] /home/travis/build/icyphy/ptII/ptolemy/actor/lib/test/auto/TimeDelayMicrosteps3.xml (RunModel)" time="0.015" />
  <testcase classname="ptolemy.util.test.junit.AutoTests" name="[376] /home/travis/build/icyphy/ptII/ptolemy/actor/lib/test/auto/TimeDelayVariableMicrosteps.xml (RunModel)" time="0.021" />
  <testcase classname="ptolemy.util.test.junit.AutoTests" name="[377] /home/travis/build/icyphy/ptII/ptolemy/actor/lib/test/auto/TimeGap.xml (RunModel)" time="0.021" />
  <testcase classname="ptolemy.util.test.junit.AutoTests" name="[378] /home/travis/build/icyphy/ptII/ptolemy/actor/lib/test/auto/TimeGap2.xml (RunModel)" time="0.014" />
  <testcase classname="ptolemy.util.test.junit.AutoTests" name="[379] /home/travis/build/icyphy/ptII/ptolemy/actor/lib/test/auto/TimedSinewave.xml (RunModel)" time="0.063" />
  <testcase classname="ptolemy.util.test.junit.AutoTests" name="[380] /home/travis/build/icyphy/ptII/ptolemy/actor/lib/test/auto/TimedSinewavePhase.xml (RunModel)" time="0.046" />
  <testcase classname="ptolemy.util.test.junit.AutoTests" name="[381] /home/travis/build/icyphy/ptII/ptolemy/actor/lib/test/auto/Timer.xml (RunModel)" time="0.019" />
  <testcase classname="ptolemy.util.test.junit.AutoTests" name="[382] /home/travis/build/icyphy/ptII/ptolemy/actor/lib/test/auto/TriangularDistTestModel.xml (RunModel)" time="0.022" />
  <testcase classname="ptolemy.util.test.junit.AutoTests" name="[383] /home/travis/build/icyphy/ptII/ptolemy/actor/lib/test/auto/TrigFunction.xml (RunModel)" time="0.037" />
  <testcase classname="ptolemy.util.test.junit.AutoTests" name="[384] /home/travis/build/icyphy/ptII/ptolemy/actor/lib/test/auto/TrigFunctionDE.xml (RunModel)" time="0.014" />
  <testcase classname="ptolemy.util.test.junit.AutoTests" name="[385] /home/travis/build/icyphy/ptII/ptolemy/actor/lib/test/auto/TrigFunctionInverse.xml (RunModel)" time="0.011" />
  <testcase classname="ptolemy.util.test.junit.AutoTests" name="[386] /home/travis/build/icyphy/ptII/ptolemy/actor/lib/test/auto/TrigFunctionTan.xml (RunModel)" time="0.007" />
  <testcase classname="ptolemy.util.test.junit.AutoTests" name="[387] /home/travis/build/icyphy/ptII/ptolemy/actor/lib/test/auto/TriggeredClock.xml (RunModel)" time="0.009" />
  <testcase classname="ptolemy.util.test.junit.AutoTests" name="[388] /home/travis/build/icyphy/ptII/ptolemy/actor/lib/test/auto/URLDirectoryReader.xml (RunModel)" time="0.141" />
  <testcase classname="ptolemy.util.test.junit.AutoTests" name="[389] /home/travis/build/icyphy/ptII/ptolemy/actor/lib/test/auto/URLDirectoryReader3.xml (RunModel)" time="0.123">
    <error type="java.lang.reflect.InvocationTargetException">java.lang.reflect.InvocationTargetException
	at jdk.internal.reflect.GeneratedConstructorAccessor36.newInstance(Unknown Source)
	at java.base/jdk.internal.reflect.DelegatingConstructorAccessorImpl.newInstance(DelegatingConstructorAccessorImpl.java:45)
	at java.base/java.lang.reflect.Constructor.newInstance(Constructor.java:490)
	at ptolemy.util.test.junit.AutoTests.RunModel(AutoTests.java:193)
	at jdk.internal.reflect.GeneratedMethodAccessor43.invoke(Unknown Source)
	at java.base/jdk.internal.reflect.DelegatingMethodAccessorImpl.invoke(DelegatingMethodAccessorImpl.java:43)
	at junitparams.internal.InvokeParameterisedMethod.evaluate(InvokeParameterisedMethod.java:102)
Caused by: ptolemy.kernel.util.IllegalActionException: Error evaluating expression:
&quot;http://ptolemy.eecs.berkeley.edu/ptolemyII/ptII1.0/ptII1.0/&quot;
  in .URLDirectoryReader3.URLDirectoryReader.sourceURL
Because:
Failed to evaluate sourceURL &apos;&quot;http://ptolemy.eecs.berkeley.edu/ptolemyII/ptII1.0/ptII1.0/&quot;&apos;
  in .URLDirectoryReader3.URLDirectoryReader
Because:
Server returned HTTP response code: 503 for URL: http://ptolemy.eecs.berkeley.edu/ptolemyII/ptII1.0/ptII1.0/
  in .URLDirectoryReader3.URLDirectoryReader.sourceURL
Because:
Error evaluating expression:
&quot;http://ptolemy.eecs.berkeley.edu/ptolemyII/ptII1.0/ptII1.0/&quot;
  in .URLDirectoryReader3.URLDirectoryReader.sourceURL
Because:
Failed to evaluate sourceURL &apos;&quot;http://ptolemy.eecs.berkeley.edu/ptolemyII/ptII1.0/ptII1.0/&quot;&apos;
  in .URLDirectoryReader3.URLDirectoryReader
Because:
Server returned HTTP response code: 503 for URL: http://ptolemy.eecs.berkeley.edu/ptolemyII/ptII1.0/ptII1.0/
	at ptolemy.data.expr.Variable.validate(Variable.java:1619)
	at ptolemy.moml.MoMLParser.endDocument(MoMLParser.java:867)
	at com.microstar.xml.XmlParser.doParse(XmlParser.java:162)
	at com.microstar.xml.XmlParser.parse(XmlParser.java:132)
	at ptolemy.moml.MoMLParser.parse(MoMLParser.java:1660)
	at ptolemy.moml.MoMLParser.parse(MoMLParser.java:1595)
	at ptolemy.moml.MoMLParser.parse(MoMLParser.java:1537)
	at ptolemy.moml.MoMLSimpleApplication.&lt;init&gt;(MoMLSimpleApplication.java:123)
Caused by: ptolemy.kernel.util.IllegalActionException: Error evaluating expression:
&quot;http://ptolemy.eecs.berkeley.edu/ptolemyII/ptII1.0/ptII1.0/&quot;
  in .URLDirectoryReader3.URLDirectoryReader.sourceURL
Because:
Failed to evaluate sourceURL &apos;&quot;http://ptolemy.eecs.berkeley.edu/ptolemyII/ptII1.0/ptII1.0/&quot;&apos;
  in .URLDirectoryReader3.URLDirectoryReader
Because:
Server returned HTTP response code: 503 for URL: http://ptolemy.eecs.berkeley.edu/ptolemyII/ptII1.0/ptII1.0/
	at ptolemy.data.expr.Variable._evaluate(Variable.java:1891)
	at ptolemy.data.expr.Variable._propagate(Variable.java:1984)
	at ptolemy.data.expr.Variable.validate(Variable.java:1596)
Caused by: ptolemy.kernel.util.IllegalActionException: Failed to evaluate sourceURL &apos;&quot;http://ptolemy.eecs.berkeley.edu/ptolemyII/ptII1.0/ptII1.0/&quot;&apos;
  in .URLDirectoryReader3.URLDirectoryReader
Because:
Server returned HTTP response code: 503 for URL: http://ptolemy.eecs.berkeley.edu/ptolemyII/ptII1.0/ptII1.0/
	at ptolemy.actor.lib.URLReader.attributeChanged(URLReader.java:165)
	at ptolemy.actor.lib.URLDirectoryReader.attributeChanged(URLDirectoryReader.java:153)
	at ptolemy.data.expr.Variable._setTokenAndNotify(Variable.java:2271)
	at ptolemy.data.expr.Variable._evaluate(Variable.java:1873)
Caused by: java.io.IOException: Server returned HTTP response code: 503 for URL: http://ptolemy.eecs.berkeley.edu/ptolemyII/ptII1.0/ptII1.0/
	at java.base/sun.net.www.protocol.http.HttpURLConnection.getInputStream0(HttpURLConnection.java:1913)
	at java.base/sun.net.www.protocol.http.HttpURLConnection.getInputStream(HttpURLConnection.java:1509)
	at java.base/java.net.URL.openStream(URL.java:1117)
	at ptolemy.actor.lib.URLReader.attributeChanged(URLReader.java:160)
</error>
  </testcase>
  <testcase classname="ptolemy.util.test.junit.AutoTests" name="[390] /home/travis/build/icyphy/ptII/ptolemy/actor/lib/test/auto/UnaryMathFunction.xml (RunModel)" time="0.02" />
  <testcase classname="ptolemy.util.test.junit.AutoTests" name="[391] /home/travis/build/icyphy/ptII/ptolemy/actor/lib/test/auto/Uniform.xml (RunModel)" time="0.012" />
  <testcase classname="ptolemy.util.test.junit.AutoTests" name="[392] /home/travis/build/icyphy/ptII/ptolemy/actor/lib/test/auto/UnionDisassemblerTest.xml (RunModel)" time="0.015" />
  <testcase classname="ptolemy.util.test.junit.AutoTests" name="[393] /home/travis/build/icyphy/ptII/ptolemy/actor/lib/test/auto/UtilityFunctions.xml (RunModel)" time="0.015" />
  <testcase classname="ptolemy.util.test.junit.AutoTests" name="[394] /home/travis/build/icyphy/ptII/ptolemy/actor/lib/test/auto/VariableSleep.xml (RunModel)" time="0.514" />
  <testcase classname="ptolemy.util.test.junit.AutoTests" name="[395] /home/travis/build/icyphy/ptII/ptolemy/actor/lib/test/auto/VectorAssemblerDisassemblerCT.xml (RunModel)" time="0.122" />
  <testcase classname="ptolemy.util.test.junit.AutoTests" name="[396] /home/travis/build/icyphy/ptII/ptolemy/actor/lib/test/auto/VectorAssemblerDisassemblerDE.xml (RunModel)" time="0.015" />
  <testcase classname="ptolemy.util.test.junit.AutoTests" name="[397] /home/travis/build/icyphy/ptII/ptolemy/actor/lib/test/auto/VectorAssemblerDisassemblerSDF.xml (RunModel)" time="0.011" />
  <testcase classname="ptolemy.util.test.junit.AutoTests" name="[398] /home/travis/build/icyphy/ptII/ptolemy/actor/lib/test/auto/WallClockTime.xml (RunModel)" time="1.014" />
  <testcase classname="ptolemy.util.test.junit.AutoTests" name="[399] /home/travis/build/icyphy/ptII/ptolemy/actor/lib/test/auto/WidthTestWithSubscriberPublisher.xml (RunModel)" time="0.05" />
  <testcase classname="ptolemy.util.test.junit.AutoTests" name="[400] /home/travis/build/icyphy/ptII/ptolemy/actor/lib/test/auto/WidthTestWithSubscriberPublisher2.xml (RunModel)" time="0.021" />
  <testcase classname="ptolemy.util.test.junit.AutoTests" name="[401] /home/travis/build/icyphy/ptII/ptolemy/actor/lib/test/auto/WidthTestWithSubscriberPublisher3.xml (RunModel)" time="0.013" />
  <testcase classname="ptolemy.util.test.junit.AutoTests" name="[402] /home/travis/build/icyphy/ptII/ptolemy/actor/lib/test/auto/Writer.xml (RunModel)" time="0.011" />
  <testcase classname="ptolemy.util.test.junit.AutoTests" name="[403] /home/travis/build/icyphy/ptII/ptolemy/actor/lib/test/auto/array.xml (RunModel)" time="0.012" />
  <testcase classname="ptolemy.util.test.junit.AutoTests" name="[404] /home/travis/build/icyphy/ptII/ptolemy/actor/lib/test/auto/array2.xml (RunModel)" time="0.031" />
  <testcase classname="ptolemy.util.test.junit.AutoTests" name="[405] /home/travis/build/icyphy/ptII/ptolemy/actor/lib/test/auto/arrayType.xml (RunModel)" time="0.019" />
  <testcase classname="ptolemy.util.test.junit.AutoTests" name="[406] /home/travis/build/icyphy/ptII/ptolemy/actor/lib/test/auto/arrayType10.xml (RunModel)" time="0.011" />
  <testcase classname="ptolemy.util.test.junit.AutoTests" name="[407] /home/travis/build/icyphy/ptII/ptolemy/actor/lib/test/auto/arrayType11.xml (RunModel)" time="0.011" />
  <testcase classname="ptolemy.util.test.junit.AutoTests" name="[408] /home/travis/build/icyphy/ptII/ptolemy/actor/lib/test/auto/arrayType12.xml (RunModel)" time="0.018" />
  <testcase classname="ptolemy.util.test.junit.AutoTests" name="[409] /home/travis/build/icyphy/ptII/ptolemy/actor/lib/test/auto/arrayType13.xml (RunModel)" time="0.013" />
  <testcase classname="ptolemy.util.test.junit.AutoTests" name="[410] /home/travis/build/icyphy/ptII/ptolemy/actor/lib/test/auto/arrayType14.xml (RunModel)" time="0.011" />
  <testcase classname="ptolemy.util.test.junit.AutoTests" name="[411] /home/travis/build/icyphy/ptII/ptolemy/actor/lib/test/auto/arrayType15.xml (RunModel)" time="0.013" />
  <testcase classname="ptolemy.util.test.junit.AutoTests" name="[412] /home/travis/build/icyphy/ptII/ptolemy/actor/lib/test/auto/arrayType16.xml (RunModel)" time="0.011" />
  <testcase classname="ptolemy.util.test.junit.AutoTests" name="[413] /home/travis/build/icyphy/ptII/ptolemy/actor/lib/test/auto/arrayType17.xml (RunModel)" time="0.011" />
  <testcase classname="ptolemy.util.test.junit.AutoTests" name="[414] /home/travis/build/icyphy/ptII/ptolemy/actor/lib/test/auto/arrayType18.xml (RunModel)" time="0.015" />
  <testcase classname="ptolemy.util.test.junit.AutoTests" name="[415] /home/travis/build/icyphy/ptII/ptolemy/actor/lib/test/auto/arrayType19.xml (RunModel)" time="0.01" />
  <testcase classname="ptolemy.util.test.junit.AutoTests" name="[416] /home/travis/build/icyphy/ptII/ptolemy/actor/lib/test/auto/arrayType2.xml (RunModel)" time="0.011" />
  <testcase classname="ptolemy.util.test.junit.AutoTests" name="[417] /home/travis/build/icyphy/ptII/ptolemy/actor/lib/test/auto/arrayType20.xml (RunModel)" time="0.012" />
  <testcase classname="ptolemy.util.test.junit.AutoTests" name="[418] /home/travis/build/icyphy/ptII/ptolemy/actor/lib/test/auto/arrayType21.xml (RunModel)" time="0.01" />
  <testcase classname="ptolemy.util.test.junit.AutoTests" name="[419] /home/travis/build/icyphy/ptII/ptolemy/actor/lib/test/auto/arrayType22.xml (RunModel)" time="0.01" />
  <testcase classname="ptolemy.util.test.junit.AutoTests" name="[420] /home/travis/build/icyphy/ptII/ptolemy/actor/lib/test/auto/arrayType23.xml (RunModel)" time="0.011" />
  <testcase classname="ptolemy.util.test.junit.AutoTests" name="[421] /home/travis/build/icyphy/ptII/ptolemy/actor/lib/test/auto/arrayType24.xml (RunModel)" time="0.012" />
  <testcase classname="ptolemy.util.test.junit.AutoTests" name="[422] /home/travis/build/icyphy/ptII/ptolemy/actor/lib/test/auto/arrayType25.xml (RunModel)" time="0.013" />
  <testcase classname="ptolemy.util.test.junit.AutoTests" name="[423] /home/travis/build/icyphy/ptII/ptolemy/actor/lib/test/auto/arrayType26.xml (RunModel)" time="0.012" />
  <testcase classname="ptolemy.util.test.junit.AutoTests" name="[424] /home/travis/build/icyphy/ptII/ptolemy/actor/lib/test/auto/arrayType27.xml (RunModel)" time="0.013" />
  <testcase classname="ptolemy.util.test.junit.AutoTests" name="[425] /home/travis/build/icyphy/ptII/ptolemy/actor/lib/test/auto/arrayType28.xml (RunModel)" time="0.02" />
  <testcase classname="ptolemy.util.test.junit.AutoTests" name="[426] /home/travis/build/icyphy/ptII/ptolemy/actor/lib/test/auto/arrayType3.xml (RunModel)" time="0.017" />
  <testcase classname="ptolemy.util.test.junit.AutoTests" name="[427] /home/travis/build/icyphy/ptII/ptolemy/actor/lib/test/auto/arrayType4.xml (RunModel)" time="0.011" />
  <testcase classname="ptolemy.util.test.junit.AutoTests" name="[428] /home/travis/build/icyphy/ptII/ptolemy/actor/lib/test/auto/arrayType5.xml (RunModel)" time="0.013" />
  <testcase classname="ptolemy.util.test.junit.AutoTests" name="[429] /home/travis/build/icyphy/ptII/ptolemy/actor/lib/test/auto/arrayType6.xml (RunModel)" time="0.011" />
  <testcase classname="ptolemy.util.test.junit.AutoTests" name="[430] /home/travis/build/icyphy/ptII/ptolemy/actor/lib/test/auto/arrayType7.xml (RunModel)" time="0.012" />
  <testcase classname="ptolemy.util.test.junit.AutoTests" name="[431] /home/travis/build/icyphy/ptII/ptolemy/actor/lib/test/auto/arrayType8.xml (RunModel)" time="0.011" />
  <testcase classname="ptolemy.util.test.junit.AutoTests" name="[432] /home/travis/build/icyphy/ptII/ptolemy/actor/lib/test/auto/arrayType9.xml (RunModel)" time="0.029" />
  <testcase classname="ptolemy.util.test.junit.AutoTests" name="[433] /home/travis/build/icyphy/ptII/ptolemy/actor/lib/test/auto/cast.xml (RunModel)" time="0.013" />
  <testcase classname="ptolemy.util.test.junit.AutoTests" name="[434] /home/travis/build/icyphy/ptII/ptolemy/actor/lib/test/auto/compositeMultiPort.xml (RunModel)" time="0.025" />
  <testcase classname="ptolemy.util.test.junit.AutoTests" name="[435] /home/travis/build/icyphy/ptII/ptolemy/actor/lib/test/auto/expressionCastInference.xml (RunModel)" time="0.013" />
  <testcase classname="ptolemy.util.test.junit.AutoTests" name="[436] /home/travis/build/icyphy/ptII/ptolemy/actor/lib/test/auto/expressionCastInference2.xml (RunModel)" time="0.013" />
  <testcase classname="ptolemy.util.test.junit.AutoTests" name="[437] /home/travis/build/icyphy/ptII/ptolemy/actor/lib/test/auto/expressionInference.xml (RunModel)" time="0.01" />
  <testcase classname="ptolemy.util.test.junit.AutoTests" name="[438] /home/travis/build/icyphy/ptII/ptolemy/actor/lib/test/auto/expression_bug.xml (RunModel)" time="0.01" />
  <testcase classname="ptolemy.util.test.junit.AutoTests" name="[439] /home/travis/build/icyphy/ptII/ptolemy/actor/lib/test/auto/factorial.xml (RunModel)" time="0.052" />
  <testcase classname="ptolemy.util.test.junit.AutoTests" name="[440] /home/travis/build/icyphy/ptII/ptolemy/actor/lib/test/auto/filterTest1.xml (RunModel)" time="0.015" />
  <testcase classname="ptolemy.util.test.junit.AutoTests" name="[441] /home/travis/build/icyphy/ptII/ptolemy/actor/lib/test/auto/funcApplyInConst.xml (RunModel)" time="0.04" />
  <testcase classname="ptolemy.util.test.junit.AutoTests" name="[442] /home/travis/build/icyphy/ptII/ptolemy/actor/lib/test/auto/funcApplyInExpr.xml (RunModel)" time="0.007" />
  <testcase classname="ptolemy.util.test.junit.AutoTests" name="[443] /home/travis/build/icyphy/ptII/ptolemy/actor/lib/test/auto/function.xml (RunModel)" time="0.011" />
  <testcase classname="ptolemy.util.test.junit.AutoTests" name="[444] /home/travis/build/icyphy/ptII/ptolemy/actor/lib/test/auto/function2.xml (RunModel)" time="0.01" />
  <testcase classname="ptolemy.util.test.junit.AutoTests" name="[445] /home/travis/build/icyphy/ptII/ptolemy/actor/lib/test/auto/function3.xml (RunModel)" time="0.008" />
  <testcase classname="ptolemy.util.test.junit.AutoTests" name="[446] /home/travis/build/icyphy/ptII/ptolemy/actor/lib/test/auto/functionClosureTest1.xml (RunModel)" time="0.011" />
  <testcase classname="ptolemy.util.test.junit.AutoTests" name="[447] /home/travis/build/icyphy/ptII/ptolemy/actor/lib/test/auto/functionClosureTest2.xml (RunModel)" time="0.007" />
  <testcase classname="ptolemy.util.test.junit.AutoTests" name="[448] /home/travis/build/icyphy/ptII/ptolemy/actor/lib/test/auto/functionClosureTest3.xml (RunModel)" time="0.011" />
  <testcase classname="ptolemy.util.test.junit.AutoTests" name="[449] /home/travis/build/icyphy/ptII/ptolemy/actor/lib/test/auto/functionClosureTest4.xml (RunModel)" time="0.014" />
  <testcase classname="ptolemy.util.test.junit.AutoTests" name="[450] /home/travis/build/icyphy/ptII/ptolemy/actor/lib/test/auto/functionClosureTest5.xml (RunModel)" time="0.013" />
  <testcase classname="ptolemy.util.test.junit.AutoTests" name="[451] /home/travis/build/icyphy/ptII/ptolemy/actor/lib/test/auto/functionClosureTest6.xml (RunModel)" time="0.011" />
  <testcase classname="ptolemy.util.test.junit.AutoTests" name="[452] /home/travis/build/icyphy/ptII/ptolemy/actor/lib/test/auto/functionsOnArcs.xml (RunModel)" time="0.01" />
  <testcase classname="ptolemy.util.test.junit.AutoTests" name="[453] /home/travis/build/icyphy/ptII/ptolemy/actor/lib/test/auto/functionsOnArcsHOF.xml (RunModel)" time="0.015" />
  <testcase classname="ptolemy.util.test.junit.AutoTests" name="[454] /home/travis/build/icyphy/ptII/ptolemy/actor/lib/test/auto/logic.xml (RunModel)" time="0.02" />
  <testcase classname="ptolemy.util.test.junit.AutoTests" name="[455] /home/travis/build/icyphy/ptII/ptolemy/actor/lib/test/auto/matrixType.xml (RunModel)" time="0.01" />
  <testcase classname="ptolemy.util.test.junit.AutoTests" name="[456] /home/travis/build/icyphy/ptII/ptolemy/actor/lib/test/auto/matrixType10.xml (RunModel)" time="0.009" />
  <testcase classname="ptolemy.util.test.junit.AutoTests" name="[457] /home/travis/build/icyphy/ptII/ptolemy/actor/lib/test/auto/matrixType11.xml (RunModel)" time="0.008" />
  <testcase classname="ptolemy.util.test.junit.AutoTests" name="[458] /home/travis/build/icyphy/ptII/ptolemy/actor/lib/test/auto/matrixType12.xml (RunModel)" time="0.013" />
  <testcase classname="ptolemy.util.test.junit.AutoTests" name="[459] /home/travis/build/icyphy/ptII/ptolemy/actor/lib/test/auto/matrixType13.xml (RunModel)" time="0.009" />
  <testcase classname="ptolemy.util.test.junit.AutoTests" name="[460] /home/travis/build/icyphy/ptII/ptolemy/actor/lib/test/auto/matrixType14.xml (RunModel)" time="0.011" />
  <testcase classname="ptolemy.util.test.junit.AutoTests" name="[461] /home/travis/build/icyphy/ptII/ptolemy/actor/lib/test/auto/matrixType2.xml (RunModel)" time="0.009" />
  <testcase classname="ptolemy.util.test.junit.AutoTests" name="[462] /home/travis/build/icyphy/ptII/ptolemy/actor/lib/test/auto/matrixType3.xml (RunModel)" time="0.013" />
  <testcase classname="ptolemy.util.test.junit.AutoTests" name="[463] /home/travis/build/icyphy/ptII/ptolemy/actor/lib/test/auto/matrixType4.xml (RunModel)" time="0.011" />
  <testcase classname="ptolemy.util.test.junit.AutoTests" name="[464] /home/travis/build/icyphy/ptII/ptolemy/actor/lib/test/auto/matrixType5.xml (RunModel)" time="0.008" />
  <testcase classname="ptolemy.util.test.junit.AutoTests" name="[465] /home/travis/build/icyphy/ptII/ptolemy/actor/lib/test/auto/matrixType6.xml (RunModel)" time="0.008" />
  <testcase classname="ptolemy.util.test.junit.AutoTests" name="[466] /home/travis/build/icyphy/ptII/ptolemy/actor/lib/test/auto/matrixType7.xml (RunModel)" time="0.009" />
  <testcase classname="ptolemy.util.test.junit.AutoTests" name="[467] /home/travis/build/icyphy/ptII/ptolemy/actor/lib/test/auto/matrixType8.xml (RunModel)" time="0.009" />
  <testcase classname="ptolemy.util.test.junit.AutoTests" name="[468] /home/travis/build/icyphy/ptII/ptolemy/actor/lib/test/auto/matrixType9.xml (RunModel)" time="0.008" />
  <testcase classname="ptolemy.util.test.junit.AutoTests" name="[469] /home/travis/build/icyphy/ptII/ptolemy/actor/lib/test/auto/paraFunctest.xml (RunModel)" time="0.008" />
  <testcase classname="ptolemy.util.test.junit.AutoTests" name="[470] /home/travis/build/icyphy/ptII/ptolemy/actor/lib/test/auto/paraFunctest2.xml (RunModel)" time="0.013" />
  <testcase classname="ptolemy.util.test.junit.AutoTests" name="[471] /home/travis/build/icyphy/ptII/ptolemy/actor/lib/test/auto/parameterPassing.xml (RunModel)" time="0.009" />
  <testcase classname="ptolemy.util.test.junit.AutoTests" name="[472] /home/travis/build/icyphy/ptII/ptolemy/actor/lib/test/auto/record.xml (RunModel)" time="0.013" />
  <testcase classname="ptolemy.util.test.junit.AutoTests" name="[473] /home/travis/build/icyphy/ptII/ptolemy/actor/lib/test/auto/sizedarray1.xml (RunModel)" time="0.011" />
  <testcase classname="ptolemy.util.test.junit.AutoTests" name="[474] /home/travis/build/icyphy/ptII/ptolemy/actor/lib/test/auto/sizedarray2.xml (RunModel)" time="0.01" />
  <testcase classname="ptolemy.util.test.junit.AutoTests" name="[475] /home/travis/build/icyphy/ptII/ptolemy/actor/lib/test/auto/twoPublishers.xml (RunModel)" time="0.024" />
  <system-out><![CDATA[/home/travis/build/icyphy/ptII/ptolemy/actor/lib/test/AbsoluteValue.tcl
testDefs.tcl: setting time out to 9000 seconds at Tue Nov 26 06:24:41 UTC 2019
95 ms. Memory: 120832K Free: 85955K (71%)
6 ms. Memory: 120832K Free: 84417K (70%)
5 ms. Memory: 120832K Free: 83393K (69%)
5 ms. Memory: 120832K Free: 82883K (69%)
/home/travis/build/icyphy/ptII/ptolemy/actor/lib/test/AddSubtract.tcl
22 ms. Memory: 120832K Free: 80835K (67%)
9 ms. Memory: 120832K Free: 79811K (66%)
6 ms. Memory: 120832K Free: 79282K (66%)
15 ms. Memory: 120832K Free: 78266K (65%)
85 ms. Memory: 120832K Free: 75715K (63%)
17 ms. Memory: 120832K Free: 74691K (62%)
/home/travis/build/icyphy/ptII/ptolemy/actor/lib/test/Average.tcl
14 ms. Memory: 120832K Free: 73138K (61%)
7 ms. Memory: 120832K Free: 72098K (60%)
/home/travis/build/icyphy/ptII/ptolemy/actor/lib/test/Bernoulli.tcl
9 ms. Memory: 120832K Free: 70050K (58%)
5 ms. Memory: 120832K Free: 70050K (58%)
/home/travis/build/icyphy/ptII/ptolemy/actor/lib/test/Clock.tcl
preinitializing
resolving types
initializing
executing number 1
wrapping up
idle
40 ms. Memory: 120832K Free: 67009K (55%)
Completed execution with 5 iterations
preinitializing
resolving types
initializing
executing number 1
wrapping up
idle
13 ms. Memory: 120832K Free: 66499K (55%)
Completed execution with 5 iterations
preinitializing
resolving types
initializing
executing number 1
wrapping up
idle
13 ms. Memory: 120832K Free: 65985K (55%)
Completed execution with 5 iterations
/home/travis/build/icyphy/ptII/ptolemy/actor/lib/test/Commutator.tcl
14 ms. Memory: 120832K Free: 63922K (53%)
19 ms. Memory: 120832K Free: 62913K (52%)
17 ms. Memory: 120832K Free: 57283K (47%)
/home/travis/build/icyphy/ptII/ptolemy/actor/lib/test/Const.tcl
13 ms. Memory: 120832K Free: 55738K (46%)
2 ms. Memory: 120832K Free: 55235K (46%)
4 ms. Memory: 120832K Free: 54721K (45%)
3 ms. Memory: 120832K Free: 54211K (45%)
3 ms. Memory: 120832K Free: 53187K (44%)
22 ms. Memory: 120832K Free: 51649K (43%)
6 ms. Memory: 120832K Free: 50618K (42%)
4 ms. Memory: 120832K Free: 49586K (41%)
/home/travis/build/icyphy/ptII/ptolemy/actor/lib/test/CurrentTime.tcl
preinitializing
resolving types
initializing
executing number 1
wrapping up
idle
8 ms. Memory: 120832K Free: 48067K (40%)
Completed execution with 11 iterations
/home/travis/build/icyphy/ptII/ptolemy/actor/lib/test/DB.tcl
5 ms. Memory: 120832K Free: 46019K (38%)
32 ms. Memory: 120832K Free: 107087K (89%)
14 ms. Memory: 120832K Free: 106592K (88%)
/home/travis/build/icyphy/ptII/ptolemy/actor/lib/test/DiscreteRandomSource.tcl
preinitializing
resolving types
initializing
executing number 1
wrapping up
idle
4 ms. Memory: 120832K Free: 105533K (87%)
Completed execution with 4 iterations
preinitializing
resolving types
initializing
executing number 1
wrapping up
idle
2 ms. Memory: 120832K Free: 105121K (87%)
Completed execution with 4 iterations
preinitializing
resolving types
initializing
executing number 1
wrapping up
idle
2 ms. Memory: 120832K Free: 104533K (87%)
Completed execution with 4 iterations
preinitializing
resolving types
initializing
executing number 1
wrapping up
idle
2 ms. Memory: 120832K Free: 104192K (86%)
Completed execution with 4 iterations
preinitializing
resolving types
initializing
executing number 1
wrapping up
idle
4 ms. Memory: 120832K Free: 103523K (86%)
Completed execution with 4 iterations
/home/travis/build/icyphy/ptII/ptolemy/actor/lib/test/Distributor.tcl
4 ms. Memory: 120832K Free: 102152K (85%)
10 ms. Memory: 120832K Free: 101437K (84%)
StreamChangeRequest.changeExecuted(): <deleteEntity name="rec2"/> succeeded
StreamChangeRequest.changeExecuted(): <deleteRelation name="r2"/> succeeded
StreamChangeRequest.changeExecuted(): Record firings per iteration succeeded
14 ms. Memory: 120832K Free: 98739K (82%)
/home/travis/build/icyphy/ptII/ptolemy/actor/lib/test/Exit.tcl
Exit.tcl: this will print a message about Manager.exitAfterWrapup, which can be ignored.
9 ms. Memory: 120832K Free: 95916K (79%)
/home/travis/build/icyphy/ptII/ptolemy/actor/lib/test/Expression.tcl
25 ms. Memory: 120832K Free: 92633K (77%)
9 ms. Memory: 120832K Free: 91872K (76%)
12 ms. Memory: 120832K Free: 91235K (76%)
preinitializing
25 ms. Memory: 120832K Free: 106096K (88%)
9 ms. Memory: 120832K Free: 105072K (87%)
2 ms. Memory: 120832K Free: 104544K (87%)
12 ms. Memory: 120832K Free: 103520K (86%)
8 ms. Memory: 120832K Free: 102000K (84%)
9 ms. Memory: 120832K Free: 100976K (84%)
/home/travis/build/icyphy/ptII/ptolemy/actor/lib/test/Gaussian.tcl
8 ms. Memory: 120832K Free: 98928K (82%)
sleeping 1 seconds: .................................................................................................................................................................................................................................................................................................................................................................................................................................................................................................................................................................................................................................................................................................................................................................................................................................................................................................................................................................................................................................................................................................................................................................................................................................................................................................................................................................................................................................................................................................................................................................................................................................................................................................................................................................................................................................................................................................................................................................................................................................................................................................................................................................................................................................................................................................................................................................................................................................................................................................................................................................................................................................................................................................................................................................................................................................................................................................................................................................................................................................................................................................................................................................................................................................................................................................................................................................................2 ms. Memory: 120832K Free: 84592K (70%)
2 ms. Memory: 120832K Free: 84064K (70%)
1 ms. Memory: 120832K Free: 83568K (69%)
2 ms. Memory: 120832K Free: 83040K (69%)
1 ms. Memory: 120832K Free: 82016K (68%)
/home/travis/build/icyphy/ptII/ptolemy/actor/lib/test/IIR.tcl
/home/travis/build/icyphy/ptII/ptolemy/actor/lib/test/Interpolator.tcl
6 ms. Memory: 120832K Free: 78448K (65%)
2 ms. Memory: 120832K Free: 77928K (64%)
3 ms. Memory: 120832K Free: 77424K (64%)
4 ms. Memory: 120832K Free: 76910K (64%)
2 ms. Memory: 120832K Free: 75886K (63%)
9 ms. Memory: 120832K Free: 75376K (62%)
3 ms. Memory: 145408K Free: 130251K (90%)
3 ms. Memory: 145408K Free: 129227K (89%)
8 ms. Memory: 145408K Free: 128203K (88%)
4 ms. Memory: 145408K Free: 127179K (87%)
/home/travis/build/icyphy/ptII/ptolemy/actor/lib/test/MathFunction.tcl
6 ms. Memory: 145408K Free: 125131K (86%)
3 ms. Memory: 145408K Free: 124107K (85%)
9 ms. Memory: 145408K Free: 123083K (85%)
3 ms. Memory: 145408K Free: 122059K (84%)
5 ms. Memory: 145408K Free: 121035K (83%)
8 ms. Memory: 145408K Free: 118987K (82%)
/home/travis/build/icyphy/ptII/ptolemy/actor/lib/test/Maximum.tcl
5 ms. Memory: 145408K Free: 116939K (80%)
9 ms. Memory: 145408K Free: 116411K (80%)
6 ms. Memory: 145408K Free: 115915K (80%)
4 ms. Memory: 145408K Free: 115401K (79%)
/home/travis/build/icyphy/ptII/ptolemy/actor/lib/test/Minimum.tcl
4 ms. Memory: 145408K Free: 113339K (78%)
2 ms. Memory: 145408K Free: 112843K (78%)
3 ms. Memory: 145408K Free: 112315K (77%)
2 ms. Memory: 145408K Free: 111291K (77%)
/home/travis/build/icyphy/ptII/ptolemy/actor/lib/test/MultiplyDivide.tcl
5 ms. Memory: 145408K Free: 109243K (75%)
3 ms. Memory: 145408K Free: 108747K (75%)
3 ms. Memory: 145408K Free: 108203K (74%)
3 ms. Memory: 145408K Free: 107179K (74%)
2 ms. Memory: 145408K Free: 106699K (73%)
/home/travis/build/icyphy/ptII/ptolemy/actor/lib/test/OrderedMerge.tcl
Connections changed on port: inputA
Connections changed on port: inputB
Connections changed on port: output
Connections changed on port: output
Connections changed on port: output
Connections changed on port: input
.top. Preinitializing ...
Invoking preinitialize():  .top.OrderedMerge
Called preinitialize()
Invoking preinitialize():  .top.Ramp
Called preinitialize()
Invoking preinitialize():  .top.Ramp2
Called preinitialize()
Invoking preinitialize():  .top.Test
Called preinitialize()
Connections changed on port: inputA
Connections changed on port: output
Connections changed on port: output
Connections changed on port: input
Connections changed on port: inputB
Connections changed on port: output
.top. Finished preinitialize().
Called initialize().
Invoking initialize():  .top.OrderedMerge
Initializing actor: .top.OrderedMerge
Adding a thread: .top.OrderedMerge
Invoking initialize():  .top.Ramp
Initializing actor: .top.Ramp
Adding a thread: .top.Ramp
Invoking initialize():  .top.Ramp2
Initializing actor: .top.Ramp2
Adding a thread: .top.Ramp2
Invoking initialize():  .top.Test
Initializing actor: .top.Test
Adding a thread: .top.Test
Called fire().
Checking for deadlock:
-- Starting thread.
Called initialize()
Called prefire()
Called fire()
-- Starting thread.
Called initialize()
-- Starting thread.
Called initialize()
Called prefire()
Called prefire()
-- Starting thread.
Called fire()
Called initialize()
Called prefire()
Called fire()
Called fire()
There are 0 Blocked actors, 0 Stopped actors, and 4 active threads.
Waiting for actors to stop.
Called postfire()
Called prefire()
Called fire()
Called postfire()
Called prefire()
Called fire()
Called postfire()
Called prefire()
Called fire()
Checking for deadlock:
There are 3 Blocked actors, 0 Stopped actors, and 4 active threads.
Waiting for actors to stop.
Read input token from inputA with value 0.0
Next port to read input from is inputB
Called postfire()
Called prefire()
Called fire()
Read input token from inputB with value 0.0
Sent output token with value 0.0
Next port to read input from is inputA
Called postfire()
Called prefire()
Called fire()
Read input token from inputA with value 1.0
Called postfire()
Called prefire()
Called fire()
-- Read input: 0.0, which is expected to match: 0.0
Called prefire()
Called fire()
Called postfire()
Called prefire()
Called fire()
Checking for deadlock:
There are 3 Blocked actors, 0 Stopped actors, and 4 active threads.
Waiting for actors to stop.
Sent output token with value 0.0
-- Read input: 0.0, which is expected to match: 0.0
Next port to read input from is inputB
Called postfire()
Called prefire()
Called prefire()
Called fire()
Called fire()
Checking for deadlock:
There are 2 Blocked actors, 0 Stopped actors, and 4 active threads.
Read input token from inputB with value 1.5
Waiting for actors to stop.
Checking for deadlock:
Sent output token with value 1.0
There are 1 Blocked actors, 0 Stopped actors, and 4 active threads.
Waiting for actors to stop.
Next port to read input from is inputA
Called postfire()
Called prefire()
Called fire()
-- Read input: 1.0, which is expected to match: 1.0
Called prefire()
Read input token from inputA with value 2.0
Called postfire()
Sent output token with value 1.5
Called postfire()
Next port to read input from is inputB
Called postfire()
Called fire()
Called prefire()
Called prefire()
Called fire()
Called fire()
Read input token from inputB with value 3.0
Sent output token with value 2.0
Next port to read input from is inputA
Called postfire()
Called prefire()
Called fire()
Read input token from inputA with value 3.0
Called prefire()
Called fire()
Called postfire()
Called prefire()
Called fire()
-- Read input: 1.5, which is expected to match: 1.5
Called prefire()
Called fire()
-- Read input: 2.0, which is expected to match: 2.0
Called prefire()
Called fire()
Checking for deadlock:
There are 2 Blocked actors, 0 Stopped actors, and 4 active threads.
Waiting for actors to stop.
Sent output token with value 3.0
Next port to read input from is inputB
Called postfire()
Called prefire()
Called fire()
Called postfire()
Called prefire()
Called fire()
Checking for deadlock:
There are 1 Blocked actors, 0 Stopped actors, and 4 active threads.
Waiting for actors to stop.
-- Read input: 3.0, which is expected to match: 3.0
Read input token from inputB with value 4.5
Called prefire()
Called fire()
Sent output token with value 3.0
-- Read input: 3.0, which is expected to match: 3.0
Called prefire()
Called fire()
Next port to read input from is inputA
Called postfire()
Called prefire()
Called fire()
Read input token from inputA with value 4.0
Sent output token with value 4.0
Next port to read input from is inputA
Called postfire()
Called prefire()
Called fire()
Checking for deadlock:
There are 1 Blocked actors, 0 Stopped actors, and 4 active threads.
Waiting for actors to stop.
Called postfire()
Called prefire()
Called fire()
Called postfire()
-- Read input: 4.0, which is expected to match: 4.0
Called prefire()
Called fire()
Called prefire()
Called fire()
Past the end of training data. Read and discard all inputs.
Checking for deadlock:
There are 3 Blocked actors, 0 Stopped actors, and 4 active threads.
Waiting for actors to stop.
Read input token from inputA with value 5.0
Called postfire()
Called prefire()
Called fire()
Sent output token with value 4.5
Checking for deadlock:
There are 2 Blocked actors, 0 Stopped actors, and 4 active threads.
Waiting for actors to stop.
Next port to read input from is inputB
Called postfire()
Called prefire()
Called fire()
Called prefire()
Called fire()
Past the end of training data. Read and discard all inputs.
Read input token from inputB with value 6.0
Called postfire()
Called prefire()
Called fire()
Sent output token with value 5.0
Next port to read input from is inputA
Called postfire()
Called prefire()
Called fire()
Read input token from inputA with value 6.0
Checking for deadlock:
There are 2 Blocked actors, 0 Stopped actors, and 4 active threads.
Waiting for actors to stop.
Called postfire()
Called prefire()
Called fire()
Called prefire()
Called fire()
Past the end of training data. Read and discard all inputs.
Checking for deadlock:
There are 3 Blocked actors, 0 Stopped actors, and 4 active threads.
Waiting for actors to stop.
Sent output token with value 6.0
Next port to read input from is inputB
Called postfire()
Called prefire()
Called fire()
Read input token from inputB with value 7.5
Checking for deadlock:
There are 2 Blocked actors, 0 Stopped actors, and 4 active threads.
Waiting for actors to stop.
Called prefire()
Called fire()
Past the end of training data. Read and discard all inputs.
Called postfire()
Called prefire()
Called fire()
Checking for deadlock:
There are 3 Blocked actors, 0 Stopped actors, and 4 active threads.
Waiting for actors to stop.
Sent output token with value 6.0
Checking for deadlock:
Called prefire()
Next port to read input from is inputA
Called postfire()
Called fire()
Called prefire()
Past the end of training data. Read and discard all inputs.
Called fire()
There are 2 Blocked actors, 0 Stopped actors, and 4 active threads.
Waiting for actors to stop.
Checking for deadlock:
There are 1 Blocked actors, 0 Stopped actors, and 4 active threads.
Waiting for actors to stop.
Read input token from inputA with value 7.0
Checking for deadlock:
There are 2 Blocked actors, 0 Stopped actors, and 4 active threads.
Waiting for actors to stop.
Called postfire()
Sent output token with value 7.0
Called prefire()
Called fire()
Next port to read input from is inputA
Called postfire()
Called prefire()
Called fire()
Checking for deadlock:
There are 2 Blocked actors, 0 Stopped actors, and 4 active threads.
Waiting for actors to stop.
Called prefire()
Called fire()
Past the end of training data. Read and discard all inputs.
Read input token from inputA with value 8.0
Sent output token with value 7.5
Next port to read input from is inputB
Called postfire()
Called prefire()
Called fire()
Read input token from inputB with value 9.0
Called prefire()
Called fire()
Past the end of training data. Read and discard all inputs.
Checking for deadlock:
There are 1 Blocked actors, 0 Stopped actors, and 4 active threads.
Waiting for actors to stop.
-- Thread wrapup() called.
Sent output token with value 8.0
Called wrapup()
Next port to read input from is inputA
Called postfire()
Called prefire()
Called fire()
Thread .top.Ramp is exiting.
-- Thread stopped.
Called postfire()
Read input token from inputA with value 9.0
Called prefire()
Called fire()
Checking for deadlock:
There are 2 Blocked actors, 0 Stopped actors, and 3 active threads.
Waiting for actors to stop.
Called prefire()
Called fire()
Sent output token with value 9.0
Past the end of training data. Read and discard all inputs.
Called prefire()
Called fire()
Past the end of training data. Read and discard all inputs.
Next port to read input from is inputB
Called postfire()
Called prefire()
Called fire()
Read input token from inputB with value 10.5
Sent output token with value 9.0
Next port to read input from is inputA
Called postfire()
Called prefire()
Called fire()
Checking for deadlock:
There are 1 Blocked actors, 0 Stopped actors, and 3 active threads.
Waiting for actors to stop.
Called prefire()
Called fire()
Called postfire()
Past the end of training data. Read and discard all inputs.
Called prefire()
Called fire()
Checking for deadlock:
There are 3 Blocked actors, 0 Stopped actors, and 3 active threads.
Actors have stopped.
Checking for deadlock:
There are 3 Blocked actors, 0 Stopped actors, and 3 active threads.
Deadlock detected.
Resolving Deadlock
Checking for deadlock:
There are 3 Blocked actors, 0 Stopped actors, and 3 active threads.
Artificial Deadlock - increasing queue capacity.
increasing the capacity of receiver ptolemy.actor.TypedIOPort {.top.OrderedMerge.inputB} to 2
-- Thread wrapup() called.
Called wrapup()
Thread .top.Ramp2 is exiting.
-- Thread stopped.
Director: Called postfire().
Called postfire().
_stopRequested = false
_stopFireRequested = false
Returning from postfire(): true
Called fire().
Checking for deadlock:
There are 2 Blocked actors, 0 Stopped actors, and 2 active threads.
Actors have stopped.
Checking for deadlock:
There are 2 Blocked actors, 0 Stopped actors, and 2 active threads.
Deadlock detected.
Resolving Deadlock
Checking for deadlock:
There are 2 Blocked actors, 0 Stopped actors, and 2 active threads.
Deadlock detected: no processes blocked on write, but some are blocked on read.
Called postfire().
_stopRequested = false
_stopFireRequested = false
Returning from postfire(): false
Finished deactivating branches.
Called wrapup().
-- Thread wrapup() called.
-- Thread wrapup() called.
Called wrapup()
Called wrapup()
Thread .top.OrderedMerge is exiting.
Thread .top.Test is exiting.
-- Thread stopped.
-- Thread stopped.
-- Blocked Receiver call threw TerminateProcessException.
62 ms. Memory: 145408K Free: 102603K (71%)
.top. Preinitializing ...
Invoking preinitialize():  .top.OrderedMerge
Called preinitialize()
Invoking preinitialize():  .top.Ramp
Called preinitialize()
Invoking preinitialize():  .top.Ramp2
Called preinitialize()
Invoking preinitialize():  .top.Test
Called preinitialize()
.top. Finished preinitialize().
Called initialize().
Invoking initialize():  .top.OrderedMerge
Initializing actor: .top.OrderedMerge
Adding a thread: .top.OrderedMerge
Invoking initialize():  .top.Ramp
Initializing actor: .top.Ramp
Adding a thread: .top.Ramp
Invoking initialize():  .top.Ramp2
Initializing actor: .top.Ramp2
Adding a thread: .top.Ramp2
Invoking initialize():  .top.Test
Initializing actor: .top.Test
Adding a thread: .top.Test
-- Blocked Receiver call threw TerminateProcessException.
-- Starting thread.
Called initialize()
Called prefire()
Called fire()
Called postfire()
Called prefire()
Called fire()
-- Starting thread.
Called initialize()
Called prefire()
Called fire()
Called postfire()
Called prefire()
Called fire()
Called fire().
Checking for deadlock:
There are 2 Blocked actors, 0 Stopped actors, and 4 active threads.
Waiting for actors to stop.
-- Starting thread.
Called initialize()
Called prefire()
Called fire()
Checking for deadlock:
There are 3 Blocked actors, 0 Stopped actors, and 4 active threads.
Waiting for actors to stop.
-- Starting thread.
Called initialize()
Called prefire()
Called fire()
Checking for deadlock:
There are 2 Blocked actors, 0 Stopped actors, and 4 active threads.
Waiting for actors to stop.
Called postfire()
Called prefire()
Called fire()
Checking for deadlock:
Read input token from inputA with value 0.0
There are 3 Blocked actors, 0 Stopped actors, and 4 active threads.
Waiting for actors to stop.
Next port to read input from is inputB
Called postfire()
Called prefire()
Called fire()
Checking for deadlock:
There are 2 Blocked actors, 0 Stopped actors, and 4 active threads.
Waiting for actors to stop.
Read input token from inputB with value 0.0
Called postfire()
Called prefire()
Called fire()
Sent output token with value 0.0
Next port to read input from is inputA
Called postfire()
Called prefire()
Called fire()
Read input token from inputA with value 1.0
Checking for deadlock:
There are 2 Blocked actors, 0 Stopped actors, and 4 active threads.
Waiting for actors to stop.
Called postfire()
-- Read input: 0.0, which is expected to match: 0.0
Called prefire()
Called fire()
Called prefire()
Called fire()
-- Read input: 0.0, which is expected to match: 0.0
Called prefire()
Called fire()
Sent output token with value 0.0
Checking for deadlock:
There are 3 Blocked actors, 0 Stopped actors, and 4 active threads.
Next port to read input from is inputB
Called postfire()
Called prefire()
Called fire()
Waiting for actors to stop.
Read input token from inputB with value 1.5
Sent output token with value 1.0
Next port to read input from is inputA
Called postfire()
Called prefire()
Called fire()
Read input token from inputA with value 2.0
Called postfire()
Called prefire()
Called fire()
Called postfire()
Called prefire()
Called fire()
Checking for deadlock:
There are 3 Blocked actors, 0 Stopped actors, and 4 active threads.
Waiting for actors to stop.
-- Read input: 1.0, which is expected to match: 1.0
Sent output token with value 1.5
Called prefire()
Called fire()
Next port to read input from is inputB
Called postfire()
Called prefire()
Called fire()
Checking for deadlock:
There are 2 Blocked actors, 0 Stopped actors, and 4 active threads.
Waiting for actors to stop.
-- Read input: 1.5, which is expected to match: 1.5
Called prefire()
Called fire()
Read input token from inputB with value 3.0
Sent output token with value 2.0
Next port to read input from is inputA
Called postfire()
Called prefire()
Called fire()
Read input token from inputA with value 3.0
Called postfire()
Called prefire()
Called fire()
Called postfire()
Called prefire()
Checking for deadlock:
There are 1 Blocked actors, 0 Stopped actors, and 4 active threads.
Waiting for actors to stop.
-- Read input: 2.0, which is expected to match: 2.0
Called prefire()
Called fire()
Sent output token with value 3.0
-- Read input: 3.0, which is expected to match: 3.0
Called prefire()
Called fire()
Next port to read input from is inputB
Called postfire()
Called prefire()
Called fire()
Called fire()
Checking for deadlock:
There are 2 Blocked actors, 0 Stopped actors, and 4 active threads.
Waiting for actors to stop.
Read input token from inputB with value 4.5
Sent output token with value 3.0
Next port to read input from is inputA
Called postfire()
Called prefire()
Called fire()
Read input token from inputA with value 4.0
Called postfire()
Called prefire()
Called fire()
Checking for deadlock:
There are 2 Blocked actors, 0 Stopped actors, and 4 active threads.
Waiting for actors to stop.
Called postfire()
Called prefire()
-- Read input: 3.0, which is expected to match: 3.0
Called prefire()
Called fire()
Called fire()
-- Read input: 4.0, which is expected to match: 4.0
Sent output token with value 4.0
Called prefire()
Called fire()
Next port to read input from is inputA
Called postfire()
Past the end of training data. Read and discard all inputs.
Called prefire()
Checking for deadlock:
Called fire()
There are 2 Blocked actors, 0 Stopped actors, and 4 active threads.
Waiting for actors to stop.
Read input token from inputA with value 5.0
Sent output token with value 4.5
Next port to read input from is inputB
Called postfire()
Called prefire()
Called fire()
Read input token from inputB with value 6.0
Checking for deadlock:
There are 1 Blocked actors, 0 Stopped actors, and 4 active threads.
Waiting for actors to stop.
Called postfire()
Called prefire()
Called fire()
Called postfire()
Called prefire()
Called prefire()
Called fire()
Called fire()
Past the end of training data. Read and discard all inputs.
Checking for deadlock:
There are 3 Blocked actors, 0 Stopped actors, and 4 active threads.
Waiting for actors to stop.
Sent output token with value 5.0
Next port to read input from is inputA
Called postfire()
Called prefire()
Called fire()
Read input token from inputA with value 6.0
Called postfire()
Called prefire()
Called fire()
Checking for deadlock:
There are 3 Blocked actors, 0 Stopped actors, and 4 active threads.
Waiting for actors to stop.
Called prefire()
Called fire()
Sent output token with value 6.0
Checking for deadlock:
There are 2 Blocked actors, 0 Stopped actors, and 4 active threads.
Waiting for actors to stop.
Next port to read input from is inputB
Past the end of training data. Read and discard all inputs.
Called postfire()
Called prefire()
Called prefire()
Called fire()
Called fire()
Past the end of training data. Read and discard all inputs.
Checking for deadlock:
Read input token from inputB with value 7.5
There are 2 Blocked actors, 0 Stopped actors, and 4 active threads.
Waiting for actors to stop.
Sent output token with value 6.0
Next port to read input from is inputA
Called postfire()
Called prefire()
Called fire()
Read input token from inputA with value 7.0
Called postfire()
Called prefire()
Called fire()
Called postfire()
Called prefire()
Called fire()
Checking for deadlock:
There are 3 Blocked actors, 0 Stopped actors, and 4 active threads.
Waiting for actors to stop.
Called prefire()
Sent output token with value 7.0
Called fire()
Next port to read input from is inputA
Called postfire()
Past the end of training data. Read and discard all inputs.
Called prefire()
Called fire()
Checking for deadlock:
There are 2 Blocked actors, 0 Stopped actors, and 4 active threads.
Waiting for actors to stop.
Called prefire()
Called fire()
Past the end of training data. Read and discard all inputs.
Checking for deadlock:
There are 3 Blocked actors, 0 Stopped actors, and 4 active threads.
Waiting for actors to stop.
Read input token from inputA with value 8.0
Sent output token with value 7.5
Next port to read input from is inputB
Called postfire()
Called prefire()
Called fire()
Read input token from inputB with value 9.0
Checking for deadlock:
There are 1 Blocked actors, 0 Stopped actors, and 4 active threads.
Waiting for actors to stop.
Called postfire()
Called prefire()
Called fire()
-- Thread wrapup() called.
Called wrapup()
Called prefire()
Called fire()
Thread .top.Ramp is exiting.
Past the end of training data. Read and discard all inputs.
-- Thread stopped.
Checking for deadlock:
There are 2 Blocked actors, 0 Stopped actors, and 3 active threads.
Waiting for actors to stop.
Sent output token with value 8.0
Next port to read input from is inputA
Called postfire()
Called prefire()
Called fire()
Read input token from inputA with value 9.0
Checking for deadlock:
There are 2 Blocked actors, 0 Stopped actors, and 3 active threads.
Waiting for actors to stop.
Called prefire()
Called fire()
Checking for deadlock:
There are 1 Blocked actors, 0 Stopped actors, and 3 active threads.
Waiting for actors to stop.
Past the end of training data. Read and discard all inputs.
Called prefire()
Called fire()
Past the end of training data. Read and discard all inputs.
Sent output token with value 9.0
Next port to read input from is inputB
Called postfire()
Called prefire()
Called fire()
Read input token from inputB with value 10.5
Sent output token with value 9.0
Next port to read input from is inputA
Called postfire()
Called prefire()
Called fire()
Called postfire()
Checking for deadlock:
There are 1 Blocked actors, 0 Stopped actors, and 3 active threads.
Waiting for actors to stop.
Called prefire()
Called fire()
Called prefire()
Past the end of training data. Read and discard all inputs.
Called fire()
Checking for deadlock:
There are 3 Blocked actors, 0 Stopped actors, and 3 active threads.
Actors have stopped.
Checking for deadlock:
There are 3 Blocked actors, 0 Stopped actors, and 3 active threads.
Deadlock detected.
Resolving Deadlock
Checking for deadlock:
There are 3 Blocked actors, 0 Stopped actors, and 3 active threads.
Artificial Deadlock - increasing queue capacity.
increasing the capacity of receiver ptolemy.actor.TypedIOPort {.top.OrderedMerge.inputB} to 2
Director: Called postfire().
Called postfire().
-- Thread wrapup() called.
Called wrapup()
_stopRequested = false
_stopFireRequested = false
Returning from postfire(): true
Called fire().
Checking for deadlock:
There are 2 Blocked actors, 0 Stopped actors, and 3 active threads.
Waiting for actors to stop.
Thread .top.Ramp2 is exiting.
-- Thread stopped.
Checking for deadlock:
There are 2 Blocked actors, 0 Stopped actors, and 2 active threads.
Actors have stopped.
Checking for deadlock:
There are 2 Blocked actors, 0 Stopped actors, and 2 active threads.
Deadlock detected.
Resolving Deadlock
Checking for deadlock:
There are 2 Blocked actors, 0 Stopped actors, and 2 active threads.
Deadlock detected: no processes blocked on write, but some are blocked on read.
Called postfire().
_stopRequested = false
_stopFireRequested = false
Returning from postfire(): false
Finished deactivating branches.
Called wrapup().
-- Thread wrapup() called.
Called wrapup()
-- Thread wrapup() called.
Called wrapup()
Thread .top.OrderedMerge is exiting.
-- Thread stopped.
-- Blocked Receiver call threw TerminateProcessException.
Thread .top.Test is exiting.
-- Thread stopped.
-- Blocked Receiver call threw TerminateProcessException.
58 ms. Memory: 145408K Free: 101579K (70%)
/home/travis/build/icyphy/ptII/ptolemy/actor/lib/test/Publisher.tcl
12 ms. Memory: 145408K Free: 95435K (66%)
16 ms. Memory: 145408K Free: 89801K (62%)
6 ms. Memory: 145408K Free: 129313K (89%)
14 ms. Memory: 145408K Free: 128291K (88%)
8 ms. Memory: 145408K Free: 127763K (88%)
14 ms. Memory: 145408K Free: 126747K (87%)
3 ms. Memory: 145408K Free: 125715K (86%)
3 ms. Memory: 145408K Free: 125219K (86%)
20 ms. Memory: 145408K Free: 119885K (82%)
6 ms. Memory: 145408K Free: 116293K (80%)
4 ms. Memory: 145408K Free: 115789K (80%)
4 ms. Memory: 145408K Free: 113213K (78%)
7 ms. Memory: 145408K Free: 105549K (73%)
5 ms. Memory: 145408K Free: 96333K (66%)
6 ms. Memory: 145408K Free: 85069K (59%)
/home/travis/build/icyphy/ptII/ptolemy/actor/lib/test/Pulse.tcl
4 ms. Memory: 145408K Free: 94026K (65%)
11 ms. Memory: 145408K Free: 93530K (64%)
2 ms. Memory: 145408K Free: 93016K (64%)
1 ms. Memory: 145408K Free: 92506K (64%)
2 ms. Memory: 145408K Free: 91992K (63%)
11 ms. Memory: 145408K Free: 90458K (62%)
3 ms. Memory: 145408K Free: 89434K (62%)
3 ms. Memory: 145408K Free: 88906K (61%)
4 ms. Memory: 145408K Free: 88410K (61%)
/home/travis/build/icyphy/ptII/ptolemy/actor/lib/test/Ramp.tcl
6 ms. Memory: 145408K Free: 86362K (59%)
3 ms. Memory: 145408K Free: 85338K (59%)
2 ms. Memory: 145408K Free: 84824K (58%)
2 ms. Memory: 145408K Free: 83800K (58%)
5 ms. Memory: 145408K Free: 83290K (57%)
9 ms. Memory: 145408K Free: 82266K (57%)
5 ms. Memory: 145408K Free: 81242K (56%)
5 actors
7000 microseconds per iteration to create
11 ms. Memory: 145408K Free: 78680K (54%)
2 ms. Memory: 145408K Free: 78170K (54%)
2 ms. Memory: 145408K Free: 77656K (53%)
3 ms. Memory: 145408K Free: 77146K (53%)
50 actors
52000 microseconds per iteration to create
53 ms. Memory: 145408K Free: 117809K (81%)
15 ms. Memory: 145408K Free: 116785K (80%)
10 ms. Memory: 145408K Free: 115761K (80%)
12 ms. Memory: 145408K Free: 114737K (79%)
500 actors
1744000 microseconds per iteration to create
293 ms. Memory: 175104K Free: 105370K (60%)
42 ms. Memory: 175104K Free: 100250K (57%)
48 ms. Memory: 175104K Free: 95130K (54%)
40 ms. Memory: 175104K Free: 89496K (51%)
/home/travis/build/icyphy/ptII/ptolemy/actor/lib/test/RampContinuous.tcl
7 ms. Memory: 175104K Free: 88457K (51%)
/home/travis/build/icyphy/ptII/ptolemy/actor/lib/test/RecordAssembler.tcl
4 ms. Memory: 175104K Free: 86938K (50%)
3 ms. Memory: 175104K Free: 85914K (49%)
/home/travis/build/icyphy/ptII/ptolemy/actor/lib/test/RecordDisassembler.tcl
6 ms. Memory: 175104K Free: 83866K (48%)
2 ms. Memory: 175104K Free: 83321K (48%)
4 ms. Memory: 175104K Free: 81818K (47%)
/home/travis/build/icyphy/ptII/ptolemy/actor/lib/test/Scale.tcl
3 ms. Memory: 175104K Free: 80280K (46%)
2 ms. Memory: 175104K Free: 79770K (46%)
1 ms. Memory: 175104K Free: 78746K (45%)
2 ms. Memory: 175104K Free: 77722K (44%)
3 ms. Memory: 175104K Free: 77177K (44%)
/home/travis/build/icyphy/ptII/ptolemy/actor/lib/test/SequentialClock.tcl
preinitializing
resolving types
initializing
executing number 1
wrapping up
idle
3 ms. Memory: 175104K Free: 75674K (43%)
Completed execution with 5 iterations
preinitializing
resolving types
initializing
executing number 1
wrapping up
idle
1 ms. Memory: 175104K Free: 75153K (43%)
Completed execution with 5 iterations
preinitializing
resolving types
initializing
executing number 1
wrapping up
idle
1 ms. Memory: 175104K Free: 74650K (43%)
Completed execution with 5 iterations
/home/travis/build/icyphy/ptII/ptolemy/actor/lib/test/SetVariable.tcl
6 ms. Memory: 175104K Free: 151980K (87%)


==== $PTII/ptolemy/actor/lib/test/SetVariable.tcl: SetVariable-3.1 changeFailed
==== Contents of test case:

    #Uses 2.1 above
    jdkCaptureErr {
        # This test was failing if we ran Exit.tcl and then this test.
        # MessageHandler.error() now actually throws the Exception.
	catch {$setVariable changeFailed [java::null]  [java::new Exception {Test exception for SetVariable.changeFailed()}]} errMsg
    } results
    list [string range $results 0 89] "\n" $errMsg

==== Result was:
{java.lang.Exception: Test exception for SetVariable.changeFailed()
	at java.base/jdk.inter} {
} {java.lang.RuntimeException: java.lang.Exception: Test exception for SetVariable.changeFailed()}
---- Result should have been:
{Failed to set variable.
java.lang.Exception: Test exception for SetVariable.changeFailed()} {
} {java.lang.RuntimeException: java.lang.Exception: Test exception for SetVariable.changeFailed()}
---- SetVariable-3.1 FAILED
/home/travis/build/icyphy/ptII/ptolemy/actor/lib/test/Sinewave.tcl
/home/travis/build/icyphy/ptII/ptolemy/actor/lib/test/SubscriptionAggregator.tcl
7 ms. Memory: 175104K Free: 139692K (80%)
9 ms. Memory: 175104K Free: 139196K (79%)
0 ms. Memory: 175104K Free: 138682K (79%)
1 ms. Memory: 175104K Free: 138172K (79%)
2 ms. Memory: 175104K Free: 134580K (77%)
8 ms. Memory: 175104K Free: 132538K (76%)
...............................................................1086 ms. Memory: 238592K Free: 171912K (72%)
/home/travis/build/icyphy/ptII/ptolemy/actor/lib/test/Test.tcl
 The next command will produce a warning about training mode,
   which may be ignored.
5 ms. Memory: 238592K Free: 169866K (71%)
2 ms. Memory: 238592K Free: 168842K (71%)
1 ms. Memory: 238592K Free: 168328K (71%)
1 ms. Memory: 238592K Free: 167818K (70%)
1 ms. Memory: 238592K Free: 167289K (70%)
3 ms. Memory: 238592K Free: 165770K (69%)
3 ms. Memory: 238592K Free: 164746K (69%)
 The next command will produce a warning about training mode,
   which may be ignored.
4 ms. Memory: 238592K Free: 162184K (68%)
 The next command will produce a warning about training mode,
   which may be ignored.
2 ms. Memory: 238592K Free: 161160K (68%)
1 ms. Memory: 238592K Free: 160650K (67%)
1 ms. Memory: 238592K Free: 160129K (67%)
1 ms. Memory: 238592K Free: 159626K (67%)
7 ms. Memory: 238592K Free: 158602K (66%)
5 ms. Memory: 238592K Free: 154506K (65%)
/home/travis/build/icyphy/ptII/ptolemy/actor/lib/test/TestExceptionHandler.tcl
 The next command will produce a warning about training mode,
   which may be ignored.
2 ms. Memory: 238592K Free: 153482K (64%)
0 ms. Memory: 238592K Free: 152937K (64%)
1 ms. Memory: 238592K Free: 152458K (64%)
/home/travis/build/icyphy/ptII/ptolemy/actor/lib/test/UnionDisassembler.tcl
26 ms. Memory: 238592K Free: 145290K (61%)
/home/travis/build/icyphy/ptII/ptolemy/actor/lib/test/VariableClock.tcl
preinitializing
resolving types
initializing
executing number 1
wrapping up
idle
3 ms. Memory: 238592K Free: 143242K (60%)
Completed execution with 11 iterations
preinitializing
resolving types
initializing
executing number 1
wrapping up
idle
3 ms. Memory: 238592K Free: 141689K (59%)
Completed execution with 10 iterations
11/26/19 06:24:49
Failed: 1  Total Tests: 234  ((Passed: 233, Newly Passed: 0)  Known Failed: 0) /home/travis/build/icyphy/ptII/ptolemy/actor/lib/test
----------------- testing (KnownFailure) /home/travis/build/icyphy/ptII/ptolemy/actor/lib/test/auto/knownFailedTests/PublisherPortToplevelSubscriber.xml
0 ms. Memory: 238592K Free: 138122K (58%)
Known Failure: java.lang.reflect.InvocationTargetException
----------------- testing (KnownFailure) /home/travis/build/icyphy/ptII/ptolemy/actor/lib/test/auto/knownFailedTests/PublisherSubscriberPortToplevel.xml
0 ms. Memory: 238592K Free: 134536K (56%)
Known Failure: java.lang.reflect.InvocationTargetException
----------------- testing (KnownFailure) /home/travis/build/icyphy/ptII/ptolemy/actor/lib/test/auto/knownFailedTests/PublisherSubscriptionAggregatorPort.xml
0 ms. Memory: 238592K Free: 130440K (55%)
Known Failure: java.lang.reflect.InvocationTargetException
----------------- testing (KnownFailure) /home/travis/build/icyphy/ptII/ptolemy/actor/lib/test/auto/knownFailedTests/sizedarray3.xml
4 ms. Memory: 238592K Free: 125834K (53%)
Known Failure: java.lang.reflect.InvocationTargetException
No auto/linux-amd64/*.xml tests in /home/travis/build/icyphy/ptII/ptolemy/actor/lib/test
AutoTests.java: About to close Vertx.
AutoTests.java: Vertx closed.

===========================================================================================
----------------- testing Tue Nov 26 06:24:50 UTC 2019 /home/travis/build/icyphy/ptII/ptolemy/actor/lib/test/auto/AbsoluteValue.xml
----------------- Instantiating /home/travis/build/icyphy/ptII/ptolemy/actor/lib/test/auto/AbsoluteValue.xml
10 ms. Memory: 238592K Free: 104330K (44%)
----------------- Invoking toplevel() on ptolemy.moml.MoMLSimpleApplication@205b80cf
----------------- Done invoking toplevel() on ptolemy.moml.MoMLSimpleApplication@205b80cf
reloadAllAccessors: .AbsoluteValue

===========================================================================================
----------------- testing Tue Nov 26 06:24:50 UTC 2019 /home/travis/build/icyphy/ptII/ptolemy/actor/lib/test/auto/AbsoluteValue2.xml
----------------- Instantiating /home/travis/build/icyphy/ptII/ptolemy/actor/lib/test/auto/AbsoluteValue2.xml
5 ms. Memory: 238592K Free: 97162K (41%)
----------------- Invoking toplevel() on ptolemy.moml.MoMLSimpleApplication@40bbd65c
----------------- Done invoking toplevel() on ptolemy.moml.MoMLSimpleApplication@40bbd65c
reloadAllAccessors: .AbsoluteValue2

===========================================================================================
----------------- testing Tue Nov 26 06:24:50 UTC 2019 /home/travis/build/icyphy/ptII/ptolemy/actor/lib/test/auto/Accumulator.xml
----------------- Instantiating /home/travis/build/icyphy/ptII/ptolemy/actor/lib/test/auto/Accumulator.xml
6 ms. Memory: 238592K Free: 90504K (38%)
----------------- Invoking toplevel() on ptolemy.moml.MoMLSimpleApplication@248156ca
----------------- Done invoking toplevel() on ptolemy.moml.MoMLSimpleApplication@248156ca
reloadAllAccessors: .Accumulator

===========================================================================================
----------------- testing Tue Nov 26 06:24:50 UTC 2019 /home/travis/build/icyphy/ptII/ptolemy/actor/lib/test/auto/Accumulator2.xml
----------------- Instantiating /home/travis/build/icyphy/ptII/ptolemy/actor/lib/test/auto/Accumulator2.xml
3 ms. Memory: 238592K Free: 85384K (36%)
----------------- Invoking toplevel() on ptolemy.moml.MoMLSimpleApplication@6e30e435
----------------- Done invoking toplevel() on ptolemy.moml.MoMLSimpleApplication@6e30e435
reloadAllAccessors: .Accumulator2

===========================================================================================
----------------- testing Tue Nov 26 06:24:50 UTC 2019 /home/travis/build/icyphy/ptII/ptolemy/actor/lib/test/auto/Accumulator3.xml
----------------- Instantiating /home/travis/build/icyphy/ptII/ptolemy/actor/lib/test/auto/Accumulator3.xml
3 ms. Memory: 238592K Free: 80778K (34%)
----------------- Invoking toplevel() on ptolemy.moml.MoMLSimpleApplication@67de3e3c
----------------- Done invoking toplevel() on ptolemy.moml.MoMLSimpleApplication@67de3e3c
reloadAllAccessors: .Accumulator3

===========================================================================================
----------------- testing Tue Nov 26 06:24:50 UTC 2019 /home/travis/build/icyphy/ptII/ptolemy/actor/lib/test/auto/ArrayAppend.xml
----------------- Instantiating /home/travis/build/icyphy/ptII/ptolemy/actor/lib/test/auto/ArrayAppend.xml
7 ms. Memory: 238592K Free: 75129K (31%)
----------------- Invoking toplevel() on ptolemy.moml.MoMLSimpleApplication@1e86588
----------------- Done invoking toplevel() on ptolemy.moml.MoMLSimpleApplication@1e86588
reloadAllAccessors: .ArrayAppend

===========================================================================================
----------------- testing Tue Nov 26 06:24:50 UTC 2019 /home/travis/build/icyphy/ptII/ptolemy/actor/lib/test/auto/ArrayAppend2.xml
----------------- Instantiating /home/travis/build/icyphy/ptII/ptolemy/actor/lib/test/auto/ArrayAppend2.xml
547 ms. Memory: 238592K Free: 115709K (48%)
----------------- Invoking toplevel() on ptolemy.moml.MoMLSimpleApplication@67b72f84
----------------- Done invoking toplevel() on ptolemy.moml.MoMLSimpleApplication@67b72f84
reloadAllAccessors: .ArrayAppend2

===========================================================================================
----------------- testing Tue Nov 26 06:24:51 UTC 2019 /home/travis/build/icyphy/ptII/ptolemy/actor/lib/test/auto/ArrayAppend3.xml
----------------- Instantiating /home/travis/build/icyphy/ptII/ptolemy/actor/lib/test/auto/ArrayAppend3.xml
8 ms. Memory: 238592K Free: 109638K (46%)
----------------- Invoking toplevel() on ptolemy.moml.MoMLSimpleApplication@62de68ea
----------------- Done invoking toplevel() on ptolemy.moml.MoMLSimpleApplication@62de68ea
reloadAllAccessors: .ArrayAppend3

===========================================================================================
----------------- testing Tue Nov 26 06:24:51 UTC 2019 /home/travis/build/icyphy/ptII/ptolemy/actor/lib/test/auto/ArrayAppend4.xml
----------------- Instantiating /home/travis/build/icyphy/ptII/ptolemy/actor/lib/test/auto/ArrayAppend4.xml
3 ms. Memory: 238592K Free: 104518K (44%)
----------------- Invoking toplevel() on ptolemy.moml.MoMLSimpleApplication@4412bd74
----------------- Done invoking toplevel() on ptolemy.moml.MoMLSimpleApplication@4412bd74
reloadAllAccessors: .ArrayAppend4

===========================================================================================
----------------- testing Tue Nov 26 06:24:51 UTC 2019 /home/travis/build/icyphy/ptII/ptolemy/actor/lib/test/auto/ArrayAppend5.xml
----------------- Instantiating /home/travis/build/icyphy/ptII/ptolemy/actor/lib/test/auto/ArrayAppend5.xml
3 ms. Memory: 238592K Free: 98888K (41%)
----------------- Invoking toplevel() on ptolemy.moml.MoMLSimpleApplication@3340e8a3
----------------- Done invoking toplevel() on ptolemy.moml.MoMLSimpleApplication@3340e8a3
reloadAllAccessors: .ArrayAppend5

===========================================================================================
----------------- testing Tue Nov 26 06:24:51 UTC 2019 /home/travis/build/icyphy/ptII/ptolemy/actor/lib/test/auto/ArrayAppend6.xml
----------------- Instantiating /home/travis/build/icyphy/ptII/ptolemy/actor/lib/test/auto/ArrayAppend6.xml
4 ms. Memory: 238592K Free: 93768K (39%)
----------------- Invoking toplevel() on ptolemy.moml.MoMLSimpleApplication@64449b0f
----------------- Done invoking toplevel() on ptolemy.moml.MoMLSimpleApplication@64449b0f
reloadAllAccessors: .ArrayAppend6

===========================================================================================
----------------- testing Tue Nov 26 06:24:51 UTC 2019 /home/travis/build/icyphy/ptII/ptolemy/actor/lib/test/auto/ArrayAppendPerformanceTest.xml
----------------- Instantiating /home/travis/build/icyphy/ptII/ptolemy/actor/lib/test/auto/ArrayAppendPerformanceTest.xml
31 ms. Memory: 238592K Free: 83014K (35%)
----------------- Invoking toplevel() on ptolemy.moml.MoMLSimpleApplication@66de243b
----------------- Done invoking toplevel() on ptolemy.moml.MoMLSimpleApplication@66de243b
reloadAllAccessors: .ArrayAppendPerformanceTest

===========================================================================================
----------------- testing Tue Nov 26 06:24:51 UTC 2019 /home/travis/build/icyphy/ptII/ptolemy/actor/lib/test/auto/ArrayAppendWithEmptyInput.xml
----------------- Instantiating /home/travis/build/icyphy/ptII/ptolemy/actor/lib/test/auto/ArrayAppendWithEmptyInput.xml
15 ms. Memory: 238592K Free: 74822K (31%)
----------------- Invoking toplevel() on ptolemy.moml.MoMLSimpleApplication@1298e078
----------------- Done invoking toplevel() on ptolemy.moml.MoMLSimpleApplication@1298e078
reloadAllAccessors: .ArrayAppendWithEmptyInput

===========================================================================================
----------------- testing Tue Nov 26 06:24:51 UTC 2019 /home/travis/build/icyphy/ptII/ptolemy/actor/lib/test/auto/ArrayAverage.xml
----------------- Instantiating /home/travis/build/icyphy/ptII/ptolemy/actor/lib/test/auto/ArrayAverage.xml
6 ms. Memory: 238592K Free: 67144K (28%)
----------------- Invoking toplevel() on ptolemy.moml.MoMLSimpleApplication@7c99aa70
----------------- Done invoking toplevel() on ptolemy.moml.MoMLSimpleApplication@7c99aa70
reloadAllAccessors: .ArrayAverage

===========================================================================================
----------------- testing Tue Nov 26 06:24:51 UTC 2019 /home/travis/build/icyphy/ptII/ptolemy/actor/lib/test/auto/ArrayContains.xml
----------------- Instantiating /home/travis/build/icyphy/ptII/ptolemy/actor/lib/test/auto/ArrayContains.xml
8 ms. Memory: 238592K Free: 61000K (26%)
----------------- Invoking toplevel() on ptolemy.moml.MoMLSimpleApplication@4a86105b
----------------- Done invoking toplevel() on ptolemy.moml.MoMLSimpleApplication@4a86105b
reloadAllAccessors: .ArrayContains

===========================================================================================
----------------- testing Tue Nov 26 06:24:51 UTC 2019 /home/travis/build/icyphy/ptII/ptolemy/actor/lib/test/auto/ArrayElement.xml
----------------- Instantiating /home/travis/build/icyphy/ptII/ptolemy/actor/lib/test/auto/ArrayElement.xml
5 ms. Memory: 474112K Free: 422982K (89%)
----------------- Invoking toplevel() on ptolemy.moml.MoMLSimpleApplication@2756227
----------------- Done invoking toplevel() on ptolemy.moml.MoMLSimpleApplication@2756227
reloadAllAccessors: .ArrayElement

===========================================================================================
----------------- testing Tue Nov 26 06:24:51 UTC 2019 /home/travis/build/icyphy/ptII/ptolemy/actor/lib/test/auto/ArrayElementAsMatrix.xml
----------------- Instantiating /home/travis/build/icyphy/ptII/ptolemy/actor/lib/test/auto/ArrayElementAsMatrix.xml
16 ms. Memory: 474112K Free: 412742K (87%)
----------------- Invoking toplevel() on ptolemy.moml.MoMLSimpleApplication@3cbf1c7a
----------------- Done invoking toplevel() on ptolemy.moml.MoMLSimpleApplication@3cbf1c7a
reloadAllAccessors: .ArrayElementAsMatrix

===========================================================================================
----------------- testing Tue Nov 26 06:24:51 UTC 2019 /home/travis/build/icyphy/ptII/ptolemy/actor/lib/test/auto/ArrayElementI.xml
----------------- Instantiating /home/travis/build/icyphy/ptII/ptolemy/actor/lib/test/auto/ArrayElementI.xml
3 ms. Memory: 474112K Free: 407615K (86%)
----------------- Invoking toplevel() on ptolemy.moml.MoMLSimpleApplication@4c18aea9
----------------- Done invoking toplevel() on ptolemy.moml.MoMLSimpleApplication@4c18aea9
reloadAllAccessors: .ArrayElementI

===========================================================================================
----------------- testing Tue Nov 26 06:24:51 UTC 2019 /home/travis/build/icyphy/ptII/ptolemy/actor/lib/test/auto/ArrayExtract.xml
----------------- Instantiating /home/travis/build/icyphy/ptII/ptolemy/actor/lib/test/auto/ArrayExtract.xml
8 ms. Memory: 474112K Free: 398920K (84%)
----------------- Invoking toplevel() on ptolemy.moml.MoMLSimpleApplication@2ceaf548
----------------- Done invoking toplevel() on ptolemy.moml.MoMLSimpleApplication@2ceaf548
reloadAllAccessors: .ArrayExtract

===========================================================================================
----------------- testing Tue Nov 26 06:24:51 UTC 2019 /home/travis/build/icyphy/ptII/ptolemy/actor/lib/test/auto/ArrayExtract2.xml
----------------- Instantiating /home/travis/build/icyphy/ptII/ptolemy/actor/lib/test/auto/ArrayExtract2.xml
7 ms. Memory: 474112K Free: 393800K (83%)
----------------- Invoking toplevel() on ptolemy.moml.MoMLSimpleApplication@76816a5c
----------------- Done invoking toplevel() on ptolemy.moml.MoMLSimpleApplication@76816a5c
reloadAllAccessors: .ArrayExtract2

===========================================================================================
----------------- testing Tue Nov 26 06:24:51 UTC 2019 /home/travis/build/icyphy/ptII/ptolemy/actor/lib/test/auto/ArrayLength.xml
----------------- Instantiating /home/travis/build/icyphy/ptII/ptolemy/actor/lib/test/auto/ArrayLength.xml
2 ms. Memory: 474112K Free: 389704K (82%)
----------------- Invoking toplevel() on ptolemy.moml.MoMLSimpleApplication@640dc61
----------------- Done invoking toplevel() on ptolemy.moml.MoMLSimpleApplication@640dc61
reloadAllAccessors: .ArrayLength

===========================================================================================
----------------- testing Tue Nov 26 06:24:51 UTC 2019 /home/travis/build/icyphy/ptII/ptolemy/actor/lib/test/auto/ArrayLevelCrossing.xml
----------------- Instantiating /home/travis/build/icyphy/ptII/ptolemy/actor/lib/test/auto/ArrayLevelCrossing.xml
6 ms. Memory: 474112K Free: 382022K (81%)
----------------- Invoking toplevel() on ptolemy.moml.MoMLSimpleApplication@2c136a45
----------------- Done invoking toplevel() on ptolemy.moml.MoMLSimpleApplication@2c136a45
reloadAllAccessors: .ArrayLevelCrossing

===========================================================================================
----------------- testing Tue Nov 26 06:24:51 UTC 2019 /home/travis/build/icyphy/ptII/ptolemy/actor/lib/test/auto/ArrayLevelCrossing2.xml
----------------- Instantiating /home/travis/build/icyphy/ptII/ptolemy/actor/lib/test/auto/ArrayLevelCrossing2.xml
4 ms. Memory: 474112K Free: 374344K (79%)
----------------- Invoking toplevel() on ptolemy.moml.MoMLSimpleApplication@653272cd
----------------- Done invoking toplevel() on ptolemy.moml.MoMLSimpleApplication@653272cd
reloadAllAccessors: .ArrayLevelCrossing2

===========================================================================================
----------------- testing Tue Nov 26 06:24:51 UTC 2019 /home/travis/build/icyphy/ptII/ptolemy/actor/lib/test/auto/ArrayPeakSearch.xml
----------------- Instantiating /home/travis/build/icyphy/ptII/ptolemy/actor/lib/test/auto/ArrayPeakSearch.xml
5 ms. Memory: 474112K Free: 365638K (77%)
----------------- Invoking toplevel() on ptolemy.moml.MoMLSimpleApplication@36fa6fb1
----------------- Done invoking toplevel() on ptolemy.moml.MoMLSimpleApplication@36fa6fb1
reloadAllAccessors: .ArrayPeakSearch

===========================================================================================
----------------- testing Tue Nov 26 06:24:51 UTC 2019 /home/travis/build/icyphy/ptII/ptolemy/actor/lib/test/auto/ArrayPeakSearch2.xml
----------------- Instantiating /home/travis/build/icyphy/ptII/ptolemy/actor/lib/test/auto/ArrayPeakSearch2.xml
6 ms. Memory: 474112K Free: 354888K (75%)
----------------- Invoking toplevel() on ptolemy.moml.MoMLSimpleApplication@88b36a0
----------------- Done invoking toplevel() on ptolemy.moml.MoMLSimpleApplication@88b36a0
reloadAllAccessors: .ArrayPeakSearch2

===========================================================================================
----------------- testing Tue Nov 26 06:24:51 UTC 2019 /home/travis/build/icyphy/ptII/ptolemy/actor/lib/test/auto/ArrayPeakSearch3.xml
----------------- Instantiating /home/travis/build/icyphy/ptII/ptolemy/actor/lib/test/auto/ArrayPeakSearch3.xml
5 ms. Memory: 474112K Free: 346182K (73%)
----------------- Invoking toplevel() on ptolemy.moml.MoMLSimpleApplication@1322a608
----------------- Done invoking toplevel() on ptolemy.moml.MoMLSimpleApplication@1322a608
reloadAllAccessors: .ArrayPeakSearch3

===========================================================================================
----------------- testing Tue Nov 26 06:24:51 UTC 2019 /home/travis/build/icyphy/ptII/ptolemy/actor/lib/test/auto/ArrayRemoveElement.xml
----------------- Instantiating /home/travis/build/icyphy/ptII/ptolemy/actor/lib/test/auto/ArrayRemoveElement.xml
5 ms. Memory: 474112K Free: 337990K (71%)
----------------- Invoking toplevel() on ptolemy.moml.MoMLSimpleApplication@7feebd66
----------------- Done invoking toplevel() on ptolemy.moml.MoMLSimpleApplication@7feebd66
reloadAllAccessors: .ArrayRemoveElement

===========================================================================================
----------------- testing Tue Nov 26 06:24:51 UTC 2019 /home/travis/build/icyphy/ptII/ptolemy/actor/lib/test/auto/ArraySort.xml
----------------- Instantiating /home/travis/build/icyphy/ptII/ptolemy/actor/lib/test/auto/ArraySort.xml
7 ms. Memory: 474112K Free: 329288K (69%)
----------------- Invoking toplevel() on ptolemy.moml.MoMLSimpleApplication@33609fc2
----------------- Done invoking toplevel() on ptolemy.moml.MoMLSimpleApplication@33609fc2
reloadAllAccessors: .ArraySort

===========================================================================================
----------------- testing Tue Nov 26 06:24:51 UTC 2019 /home/travis/build/icyphy/ptII/ptolemy/actor/lib/test/auto/ArraySum.xml
----------------- Instantiating /home/travis/build/icyphy/ptII/ptolemy/actor/lib/test/auto/ArraySum.xml
6 ms. Memory: 474112K Free: 323654K (68%)
----------------- Invoking toplevel() on ptolemy.moml.MoMLSimpleApplication@4499eff4
----------------- Done invoking toplevel() on ptolemy.moml.MoMLSimpleApplication@4499eff4
reloadAllAccessors: .ArraySum

===========================================================================================
----------------- testing Tue Nov 26 06:24:51 UTC 2019 /home/travis/build/icyphy/ptII/ptolemy/actor/lib/test/auto/ArrayToElements.xml
----------------- Instantiating /home/travis/build/icyphy/ptII/ptolemy/actor/lib/test/auto/ArrayToElements.xml
6 ms. Memory: 474112K Free: 318534K (67%)
----------------- Invoking toplevel() on ptolemy.moml.MoMLSimpleApplication@32ff2edd
----------------- Done invoking toplevel() on ptolemy.moml.MoMLSimpleApplication@32ff2edd
reloadAllAccessors: .ArrayToElements

===========================================================================================
----------------- testing Tue Nov 26 06:24:52 UTC 2019 /home/travis/build/icyphy/ptII/ptolemy/actor/lib/test/auto/ArrayToMatrix.xml
----------------- Instantiating /home/travis/build/icyphy/ptII/ptolemy/actor/lib/test/auto/ArrayToMatrix.xml
13 ms. Memory: 474112K Free: 303688K (64%)
----------------- Invoking toplevel() on ptolemy.moml.MoMLSimpleApplication@14d58e6
----------------- Done invoking toplevel() on ptolemy.moml.MoMLSimpleApplication@14d58e6
reloadAllAccessors: .ArrayToMatrix

===========================================================================================
----------------- testing Tue Nov 26 06:24:52 UTC 2019 /home/travis/build/icyphy/ptII/ptolemy/actor/lib/test/auto/ArrayUpdate1.xml
----------------- Instantiating /home/travis/build/icyphy/ptII/ptolemy/actor/lib/test/auto/ArrayUpdate1.xml
15 ms. Memory: 474112K Free: 299078K (63%)
----------------- Invoking toplevel() on ptolemy.moml.MoMLSimpleApplication@276e3734
----------------- Done invoking toplevel() on ptolemy.moml.MoMLSimpleApplication@276e3734
reloadAllAccessors: .ArrayUpdate1

===========================================================================================
----------------- testing Tue Nov 26 06:24:52 UTC 2019 /home/travis/build/icyphy/ptII/ptolemy/actor/lib/test/auto/ArrayUpdate2.xml
----------------- Instantiating /home/travis/build/icyphy/ptII/ptolemy/actor/lib/test/auto/ArrayUpdate2.xml
9 ms. Memory: 474112K Free: 292424K (62%)
----------------- Invoking toplevel() on ptolemy.moml.MoMLSimpleApplication@52869cfd
----------------- Done invoking toplevel() on ptolemy.moml.MoMLSimpleApplication@52869cfd
reloadAllAccessors: .ArrayUpdate2

===========================================================================================
----------------- testing Tue Nov 26 06:24:52 UTC 2019 /home/travis/build/icyphy/ptII/ptolemy/actor/lib/test/auto/ArrayUpdate3.xml
----------------- Instantiating /home/travis/build/icyphy/ptII/ptolemy/actor/lib/test/auto/ArrayUpdate3.xml
6 ms. Memory: 474112K Free: 287814K (61%)
----------------- Invoking toplevel() on ptolemy.moml.MoMLSimpleApplication@106c702e
----------------- Done invoking toplevel() on ptolemy.moml.MoMLSimpleApplication@106c702e
reloadAllAccessors: .ArrayUpdate3

===========================================================================================
----------------- testing Tue Nov 26 06:24:52 UTC 2019 /home/travis/build/icyphy/ptII/ptolemy/actor/lib/test/auto/Assert1.xml
----------------- Instantiating /home/travis/build/icyphy/ptII/ptolemy/actor/lib/test/auto/Assert1.xml
6 ms. Memory: 474112K Free: 282694K (60%)
----------------- Invoking toplevel() on ptolemy.moml.MoMLSimpleApplication@349552ef
----------------- Done invoking toplevel() on ptolemy.moml.MoMLSimpleApplication@349552ef
reloadAllAccessors: .Assert1

===========================================================================================
----------------- testing Tue Nov 26 06:24:52 UTC 2019 /home/travis/build/icyphy/ptII/ptolemy/actor/lib/test/auto/Assert2.xml
----------------- Instantiating /home/travis/build/icyphy/ptII/ptolemy/actor/lib/test/auto/Assert2.xml
2 ms. Memory: 474112K Free: 278088K (59%)
----------------- Invoking toplevel() on ptolemy.moml.MoMLSimpleApplication@1791baf2
----------------- Done invoking toplevel() on ptolemy.moml.MoMLSimpleApplication@1791baf2
reloadAllAccessors: .Assert2

===========================================================================================
----------------- testing Tue Nov 26 06:24:52 UTC 2019 /home/travis/build/icyphy/ptII/ptolemy/actor/lib/test/auto/BooleanMultiplexor.xml
----------------- Instantiating /home/travis/build/icyphy/ptII/ptolemy/actor/lib/test/auto/BooleanMultiplexor.xml
3 ms. Memory: 474112K Free: 272423K (57%)
----------------- Invoking toplevel() on ptolemy.moml.MoMLSimpleApplication@3faf368e
----------------- Done invoking toplevel() on ptolemy.moml.MoMLSimpleApplication@3faf368e
reloadAllAccessors: .BooleanMultiplexor

===========================================================================================
----------------- testing Tue Nov 26 06:24:52 UTC 2019 /home/travis/build/icyphy/ptII/ptolemy/actor/lib/test/auto/BooleanMultiplexor2.xml
----------------- Instantiating /home/travis/build/icyphy/ptII/ptolemy/actor/lib/test/auto/BooleanMultiplexor2.xml
12 ms. Memory: 474112K Free: 266310K (56%)
----------------- Invoking toplevel() on ptolemy.moml.MoMLSimpleApplication@465c1aa0
----------------- Done invoking toplevel() on ptolemy.moml.MoMLSimpleApplication@465c1aa0
reloadAllAccessors: .BooleanMultiplexor2

===========================================================================================
----------------- testing Tue Nov 26 06:24:52 UTC 2019 /home/travis/build/icyphy/ptII/ptolemy/actor/lib/test/auto/BooleanMultiplexor3.xml
----------------- Instantiating /home/travis/build/icyphy/ptII/ptolemy/actor/lib/test/auto/BooleanMultiplexor3.xml
8 ms. Memory: 474112K Free: 262214K (55%)
----------------- Invoking toplevel() on ptolemy.moml.MoMLSimpleApplication@f467e33
----------------- Done invoking toplevel() on ptolemy.moml.MoMLSimpleApplication@f467e33
reloadAllAccessors: .BooleanMultiplexor3

===========================================================================================
----------------- testing Tue Nov 26 06:24:52 UTC 2019 /home/travis/build/icyphy/ptII/ptolemy/actor/lib/test/auto/BooleanSelect.xml
----------------- Instantiating /home/travis/build/icyphy/ptII/ptolemy/actor/lib/test/auto/BooleanSelect.xml
9 ms. Memory: 474112K Free: 256584K (54%)
----------------- Invoking toplevel() on ptolemy.moml.MoMLSimpleApplication@3b36927a
----------------- Done invoking toplevel() on ptolemy.moml.MoMLSimpleApplication@3b36927a
reloadAllAccessors: .BooleanSelect

===========================================================================================
----------------- testing Tue Nov 26 06:24:52 UTC 2019 /home/travis/build/icyphy/ptII/ptolemy/actor/lib/test/auto/BooleanSelect2.xml
----------------- Instantiating /home/travis/build/icyphy/ptII/ptolemy/actor/lib/test/auto/BooleanSelect2.xml
5 ms. Memory: 474112K Free: 251974K (53%)
----------------- Invoking toplevel() on ptolemy.moml.MoMLSimpleApplication@43f7624b
----------------- Done invoking toplevel() on ptolemy.moml.MoMLSimpleApplication@43f7624b
reloadAllAccessors: .BooleanSelect2

===========================================================================================
----------------- testing Tue Nov 26 06:24:52 UTC 2019 /home/travis/build/icyphy/ptII/ptolemy/actor/lib/test/auto/BooleanSwitch.xml
----------------- Instantiating /home/travis/build/icyphy/ptII/ptolemy/actor/lib/test/auto/BooleanSwitch.xml
18 ms. Memory: 474112K Free: 245830K (52%)
----------------- Invoking toplevel() on ptolemy.moml.MoMLSimpleApplication@65716bb
----------------- Done invoking toplevel() on ptolemy.moml.MoMLSimpleApplication@65716bb
reloadAllAccessors: .BooleanSwitch

===========================================================================================
----------------- testing Tue Nov 26 06:24:52 UTC 2019 /home/travis/build/icyphy/ptII/ptolemy/actor/lib/test/auto/BooleanSwitch2.xml
----------------- Instantiating /home/travis/build/icyphy/ptII/ptolemy/actor/lib/test/auto/BooleanSwitch2.xml
2 ms. Memory: 474112K Free: 241224K (51%)
----------------- Invoking toplevel() on ptolemy.moml.MoMLSimpleApplication@62e78e71
----------------- Done invoking toplevel() on ptolemy.moml.MoMLSimpleApplication@62e78e71
reloadAllAccessors: .BooleanSwitch2

===========================================================================================
----------------- testing Tue Nov 26 06:24:52 UTC 2019 /home/travis/build/icyphy/ptII/ptolemy/actor/lib/test/auto/BooleanSwitchCloningBugWithClassRelationGroup.xml
----------------- Instantiating /home/travis/build/icyphy/ptII/ptolemy/actor/lib/test/auto/BooleanSwitchCloningBugWithClassRelationGroup.xml
2 ms. Memory: 474112K Free: 235080K (50%)
----------------- Invoking toplevel() on ptolemy.moml.MoMLSimpleApplication@2b6cb07d
----------------- Done invoking toplevel() on ptolemy.moml.MoMLSimpleApplication@2b6cb07d
reloadAllAccessors: .BooleanSwitchCloningBugWithClassRelationGroup

===========================================================================================
----------------- testing Tue Nov 26 06:24:52 UTC 2019 /home/travis/build/icyphy/ptII/ptolemy/actor/lib/test/auto/BusActors.xml
----------------- Instantiating /home/travis/build/icyphy/ptII/ptolemy/actor/lib/test/auto/BusActors.xml
9 ms. Memory: 474112K Free: 226888K (48%)
----------------- Invoking toplevel() on ptolemy.moml.MoMLSimpleApplication@71e1d349
----------------- Done invoking toplevel() on ptolemy.moml.MoMLSimpleApplication@71e1d349
reloadAllAccessors: .BusActors

===========================================================================================
----------------- testing Tue Nov 26 06:24:52 UTC 2019 /home/travis/build/icyphy/ptII/ptolemy/actor/lib/test/auto/ClassWrapper.xml
----------------- Instantiating /home/travis/build/icyphy/ptII/ptolemy/actor/lib/test/auto/ClassWrapper.xml
4 ms. Memory: 474112K Free: 222792K (47%)
----------------- Invoking toplevel() on ptolemy.moml.MoMLSimpleApplication@311b9bf3
----------------- Done invoking toplevel() on ptolemy.moml.MoMLSimpleApplication@311b9bf3
reloadAllAccessors: .ClassWrapper

===========================================================================================
----------------- testing Tue Nov 26 06:24:52 UTC 2019 /home/travis/build/icyphy/ptII/ptolemy/actor/lib/test/auto/Clock.xml
----------------- Instantiating /home/travis/build/icyphy/ptII/ptolemy/actor/lib/test/auto/Clock.xml
2 ms. Memory: 474112K Free: 218696K (46%)
----------------- Invoking toplevel() on ptolemy.moml.MoMLSimpleApplication@7eb0add4
----------------- Done invoking toplevel() on ptolemy.moml.MoMLSimpleApplication@7eb0add4
reloadAllAccessors: .Clock

===========================================================================================
----------------- testing Tue Nov 26 06:24:52 UTC 2019 /home/travis/build/icyphy/ptII/ptolemy/actor/lib/test/auto/Clock10.xml
----------------- Instantiating /home/travis/build/icyphy/ptII/ptolemy/actor/lib/test/auto/Clock10.xml
4 ms. Memory: 474112K Free: 213062K (45%)
----------------- Invoking toplevel() on ptolemy.moml.MoMLSimpleApplication@25e9815
----------------- Done invoking toplevel() on ptolemy.moml.MoMLSimpleApplication@25e9815
reloadAllAccessors: .Clock10

===========================================================================================
----------------- testing Tue Nov 26 06:24:52 UTC 2019 /home/travis/build/icyphy/ptII/ptolemy/actor/lib/test/auto/Clock11.xml
----------------- Instantiating /home/travis/build/icyphy/ptII/ptolemy/actor/lib/test/auto/Clock11.xml
5 ms. Memory: 474112K Free: 206918K (44%)
----------------- Invoking toplevel() on ptolemy.moml.MoMLSimpleApplication@14b8815e
----------------- Done invoking toplevel() on ptolemy.moml.MoMLSimpleApplication@14b8815e
reloadAllAccessors: .Clock11

===========================================================================================
----------------- testing Tue Nov 26 06:24:52 UTC 2019 /home/travis/build/icyphy/ptII/ptolemy/actor/lib/test/auto/Clock12.xml
----------------- Instantiating /home/travis/build/icyphy/ptII/ptolemy/actor/lib/test/auto/Clock12.xml
3 ms. Memory: 474112K Free: 201288K (42%)
----------------- Invoking toplevel() on ptolemy.moml.MoMLSimpleApplication@685d0636
----------------- Done invoking toplevel() on ptolemy.moml.MoMLSimpleApplication@685d0636
reloadAllAccessors: .Clock12

===========================================================================================
----------------- testing Tue Nov 26 06:24:52 UTC 2019 /home/travis/build/icyphy/ptII/ptolemy/actor/lib/test/auto/Clock13.xml
----------------- Instantiating /home/travis/build/icyphy/ptII/ptolemy/actor/lib/test/auto/Clock13.xml
30 ms. Memory: 474112K Free: 426109K (90%)
----------------- Invoking toplevel() on ptolemy.moml.MoMLSimpleApplication@36d267b6
----------------- Done invoking toplevel() on ptolemy.moml.MoMLSimpleApplication@36d267b6
reloadAllAccessors: .Clock13

===========================================================================================
----------------- testing Tue Nov 26 06:24:52 UTC 2019 /home/travis/build/icyphy/ptII/ptolemy/actor/lib/test/auto/Clock14.xml
----------------- Instantiating /home/travis/build/icyphy/ptII/ptolemy/actor/lib/test/auto/Clock14.xml
6 ms. Memory: 474112K Free: 419437K (88%)
----------------- Invoking toplevel() on ptolemy.moml.MoMLSimpleApplication@59bdc8c1
----------------- Done invoking toplevel() on ptolemy.moml.MoMLSimpleApplication@59bdc8c1
reloadAllAccessors: .Clock14

===========================================================================================
----------------- testing Tue Nov 26 06:24:52 UTC 2019 /home/travis/build/icyphy/ptII/ptolemy/actor/lib/test/auto/Clock15.xml
----------------- Instantiating /home/travis/build/icyphy/ptII/ptolemy/actor/lib/test/auto/Clock15.xml
6 ms. Memory: 474112K Free: 413821K (87%)
----------------- Invoking toplevel() on ptolemy.moml.MoMLSimpleApplication@23879281
----------------- Done invoking toplevel() on ptolemy.moml.MoMLSimpleApplication@23879281
reloadAllAccessors: .Clock15

===========================================================================================
----------------- testing Tue Nov 26 06:24:52 UTC 2019 /home/travis/build/icyphy/ptII/ptolemy/actor/lib/test/auto/Clock16.xml
----------------- Instantiating /home/travis/build/icyphy/ptII/ptolemy/actor/lib/test/auto/Clock16.xml
38 ms. Memory: 474112K Free: 398971K (84%)
----------------- Invoking toplevel() on ptolemy.moml.MoMLSimpleApplication@6c14e8a0
----------------- Done invoking toplevel() on ptolemy.moml.MoMLSimpleApplication@6c14e8a0
reloadAllAccessors: .Clock16

===========================================================================================
----------------- testing Tue Nov 26 06:24:52 UTC 2019 /home/travis/build/icyphy/ptII/ptolemy/actor/lib/test/auto/Clock17.xml
----------------- Instantiating /home/travis/build/icyphy/ptII/ptolemy/actor/lib/test/auto/Clock17.xml
23 ms. Memory: 474112K Free: 385149K (81%)
----------------- Invoking toplevel() on ptolemy.moml.MoMLSimpleApplication@473fde
----------------- Done invoking toplevel() on ptolemy.moml.MoMLSimpleApplication@473fde
reloadAllAccessors: .Clock17

===========================================================================================
----------------- testing Tue Nov 26 06:24:53 UTC 2019 /home/travis/build/icyphy/ptII/ptolemy/actor/lib/test/auto/Clock18.xml
----------------- Instantiating /home/travis/build/icyphy/ptII/ptolemy/actor/lib/test/auto/Clock18.xml
23 ms. Memory: 474112K Free: 371309K (78%)
----------------- Invoking toplevel() on ptolemy.moml.MoMLSimpleApplication@3d6815d3
----------------- Done invoking toplevel() on ptolemy.moml.MoMLSimpleApplication@3d6815d3
reloadAllAccessors: .Clock18

===========================================================================================
----------------- testing Tue Nov 26 06:24:53 UTC 2019 /home/travis/build/icyphy/ptII/ptolemy/actor/lib/test/auto/Clock19.xml
----------------- Instantiating /home/travis/build/icyphy/ptII/ptolemy/actor/lib/test/auto/Clock19.xml
10 ms. Memory: 474112K Free: 358011K (76%)
----------------- Invoking toplevel() on ptolemy.moml.MoMLSimpleApplication@1b43cf7c
----------------- Done invoking toplevel() on ptolemy.moml.MoMLSimpleApplication@1b43cf7c
reloadAllAccessors: .Clock19

===========================================================================================
----------------- testing Tue Nov 26 06:24:53 UTC 2019 /home/travis/build/icyphy/ptII/ptolemy/actor/lib/test/auto/Clock2.xml
----------------- Instantiating /home/travis/build/icyphy/ptII/ptolemy/actor/lib/test/auto/Clock2.xml
2 ms. Memory: 474112K Free: 353405K (75%)
----------------- Invoking toplevel() on ptolemy.moml.MoMLSimpleApplication@136fdf1
----------------- Done invoking toplevel() on ptolemy.moml.MoMLSimpleApplication@136fdf1
reloadAllAccessors: .Clock2

===========================================================================================
----------------- testing Tue Nov 26 06:24:53 UTC 2019 /home/travis/build/icyphy/ptII/ptolemy/actor/lib/test/auto/Clock20.xml
----------------- Instantiating /home/travis/build/icyphy/ptII/ptolemy/actor/lib/test/auto/Clock20.xml
8 ms. Memory: 474112K Free: 347771K (73%)
----------------- Invoking toplevel() on ptolemy.moml.MoMLSimpleApplication@6898d41d
----------------- Done invoking toplevel() on ptolemy.moml.MoMLSimpleApplication@6898d41d
reloadAllAccessors: .Clock20

===========================================================================================
----------------- testing Tue Nov 26 06:24:53 UTC 2019 /home/travis/build/icyphy/ptII/ptolemy/actor/lib/test/auto/Clock21.xml
----------------- Instantiating /home/travis/build/icyphy/ptII/ptolemy/actor/lib/test/auto/Clock21.xml
3 ms. Memory: 474112K Free: 342141K (72%)
----------------- Invoking toplevel() on ptolemy.moml.MoMLSimpleApplication@6528fcca
----------------- Done invoking toplevel() on ptolemy.moml.MoMLSimpleApplication@6528fcca
reloadAllAccessors: .Clock21

===========================================================================================
----------------- testing Tue Nov 26 06:24:53 UTC 2019 /home/travis/build/icyphy/ptII/ptolemy/actor/lib/test/auto/Clock22.xml
----------------- Instantiating /home/travis/build/icyphy/ptII/ptolemy/actor/lib/test/auto/Clock22.xml
2 ms. Memory: 474112K Free: 337021K (71%)
----------------- Invoking toplevel() on ptolemy.moml.MoMLSimpleApplication@c89b9eb
----------------- Done invoking toplevel() on ptolemy.moml.MoMLSimpleApplication@c89b9eb
reloadAllAccessors: .Clock22

===========================================================================================
----------------- testing Tue Nov 26 06:24:53 UTC 2019 /home/travis/build/icyphy/ptII/ptolemy/actor/lib/test/auto/Clock23.xml
----------------- Instantiating /home/travis/build/icyphy/ptII/ptolemy/actor/lib/test/auto/Clock23.xml
4 ms. Memory: 474112K Free: 331387K (70%)
----------------- Invoking toplevel() on ptolemy.moml.MoMLSimpleApplication@4fb12a9b
----------------- Done invoking toplevel() on ptolemy.moml.MoMLSimpleApplication@4fb12a9b
reloadAllAccessors: .Clock23

===========================================================================================
----------------- testing Tue Nov 26 06:24:53 UTC 2019 /home/travis/build/icyphy/ptII/ptolemy/actor/lib/test/auto/Clock24.xml
----------------- Instantiating /home/travis/build/icyphy/ptII/ptolemy/actor/lib/test/auto/Clock24.xml
6 ms. Memory: 474112K Free: 326267K (69%)
----------------- Invoking toplevel() on ptolemy.moml.MoMLSimpleApplication@1a0c30b7
----------------- Done invoking toplevel() on ptolemy.moml.MoMLSimpleApplication@1a0c30b7
reloadAllAccessors: .Clock24

===========================================================================================
----------------- testing Tue Nov 26 06:24:53 UTC 2019 /home/travis/build/icyphy/ptII/ptolemy/actor/lib/test/auto/Clock4.xml
----------------- Instantiating /home/travis/build/icyphy/ptII/ptolemy/actor/lib/test/auto/Clock4.xml
2 ms. Memory: 474112K Free: 321141K (68%)
----------------- Invoking toplevel() on ptolemy.moml.MoMLSimpleApplication@5f4b5ee4
----------------- Done invoking toplevel() on ptolemy.moml.MoMLSimpleApplication@5f4b5ee4
reloadAllAccessors: .Clock4

===========================================================================================
----------------- testing Tue Nov 26 06:24:53 UTC 2019 /home/travis/build/icyphy/ptII/ptolemy/actor/lib/test/auto/Clock5.xml
----------------- Instantiating /home/travis/build/icyphy/ptII/ptolemy/actor/lib/test/auto/Clock5.xml
2 ms. Memory: 474112K Free: 316021K (67%)
----------------- Invoking toplevel() on ptolemy.moml.MoMLSimpleApplication@4efd162f
----------------- Done invoking toplevel() on ptolemy.moml.MoMLSimpleApplication@4efd162f
reloadAllAccessors: .Clock5

===========================================================================================
----------------- testing Tue Nov 26 06:24:53 UTC 2019 /home/travis/build/icyphy/ptII/ptolemy/actor/lib/test/auto/Clock6.xml
----------------- Instantiating /home/travis/build/icyphy/ptII/ptolemy/actor/lib/test/auto/Clock6.xml
2 ms. Memory: 474112K Free: 311917K (66%)
----------------- Invoking toplevel() on ptolemy.moml.MoMLSimpleApplication@2c381237
----------------- Done invoking toplevel() on ptolemy.moml.MoMLSimpleApplication@2c381237
reloadAllAccessors: .Clock6

===========================================================================================
----------------- testing Tue Nov 26 06:24:53 UTC 2019 /home/travis/build/icyphy/ptII/ptolemy/actor/lib/test/auto/Clock7.xml
----------------- Instantiating /home/travis/build/icyphy/ptII/ptolemy/actor/lib/test/auto/Clock7.xml
2 ms. Memory: 474112K Free: 306811K (65%)
----------------- Invoking toplevel() on ptolemy.moml.MoMLSimpleApplication@18cf1460
----------------- Done invoking toplevel() on ptolemy.moml.MoMLSimpleApplication@18cf1460
reloadAllAccessors: .Clock7

===========================================================================================
----------------- testing Tue Nov 26 06:24:53 UTC 2019 /home/travis/build/icyphy/ptII/ptolemy/actor/lib/test/auto/Clock8.xml
----------------- Instantiating /home/travis/build/icyphy/ptII/ptolemy/actor/lib/test/auto/Clock8.xml
8 ms. Memory: 474112K Free: 301677K (64%)
----------------- Invoking toplevel() on ptolemy.moml.MoMLSimpleApplication@331e5b06
----------------- Done invoking toplevel() on ptolemy.moml.MoMLSimpleApplication@331e5b06
reloadAllAccessors: .Clock8

===========================================================================================
----------------- testing Tue Nov 26 06:24:53 UTC 2019 /home/travis/build/icyphy/ptII/ptolemy/actor/lib/test/auto/Clock9.xml
----------------- Instantiating /home/travis/build/icyphy/ptII/ptolemy/actor/lib/test/auto/Clock9.xml
5 ms. Memory: 474112K Free: 296061K (62%)
----------------- Invoking toplevel() on ptolemy.moml.MoMLSimpleApplication@4bbcca8f
----------------- Done invoking toplevel() on ptolemy.moml.MoMLSimpleApplication@4bbcca8f
reloadAllAccessors: .Clock9

===========================================================================================
----------------- testing Tue Nov 26 06:24:53 UTC 2019 /home/travis/build/icyphy/ptII/ptolemy/actor/lib/test/auto/CommDistDiscard.xml
----------------- Instantiating /home/travis/build/icyphy/ptII/ptolemy/actor/lib/test/auto/CommDistDiscard.xml
2 ms. Memory: 474112K Free: 290941K (61%)
----------------- Invoking toplevel() on ptolemy.moml.MoMLSimpleApplication@11f81a4c
----------------- Done invoking toplevel() on ptolemy.moml.MoMLSimpleApplication@11f81a4c
reloadAllAccessors: .CommDistDiscard

===========================================================================================
----------------- testing Tue Nov 26 06:24:53 UTC 2019 /home/travis/build/icyphy/ptII/ptolemy/actor/lib/test/auto/Commutator.xml
----------------- Instantiating /home/travis/build/icyphy/ptII/ptolemy/actor/lib/test/auto/Commutator.xml
2 ms. Memory: 474112K Free: 286331K (60%)
----------------- Invoking toplevel() on ptolemy.moml.MoMLSimpleApplication@3068d20c
----------------- Done invoking toplevel() on ptolemy.moml.MoMLSimpleApplication@3068d20c
reloadAllAccessors: .Commutator

===========================================================================================
----------------- testing Tue Nov 26 06:24:53 UTC 2019 /home/travis/build/icyphy/ptII/ptolemy/actor/lib/test/auto/Commutator2.xml
----------------- Instantiating /home/travis/build/icyphy/ptII/ptolemy/actor/lib/test/auto/Commutator2.xml
1 ms. Memory: 474112K Free: 281725K (59%)
----------------- Invoking toplevel() on ptolemy.moml.MoMLSimpleApplication@19740717
----------------- Done invoking toplevel() on ptolemy.moml.MoMLSimpleApplication@19740717
reloadAllAccessors: .Commutator2

===========================================================================================
----------------- testing Tue Nov 26 06:24:53 UTC 2019 /home/travis/build/icyphy/ptII/ptolemy/actor/lib/test/auto/Commutator3.xml
----------------- Instantiating /home/travis/build/icyphy/ptII/ptolemy/actor/lib/test/auto/Commutator3.xml
2 ms. Memory: 474112K Free: 277629K (59%)
----------------- Invoking toplevel() on ptolemy.moml.MoMLSimpleApplication@246dd295
----------------- Done invoking toplevel() on ptolemy.moml.MoMLSimpleApplication@246dd295
reloadAllAccessors: .Commutator3

===========================================================================================
----------------- testing Tue Nov 26 06:24:53 UTC 2019 /home/travis/build/icyphy/ptII/ptolemy/actor/lib/test/auto/Compare.xml
----------------- Instantiating /home/travis/build/icyphy/ptII/ptolemy/actor/lib/test/auto/Compare.xml
2 ms. Memory: 474112K Free: 270971K (57%)
----------------- Invoking toplevel() on ptolemy.moml.MoMLSimpleApplication@a2acc7b
----------------- Done invoking toplevel() on ptolemy.moml.MoMLSimpleApplication@a2acc7b
reloadAllAccessors: .Compare

===========================================================================================
----------------- testing Tue Nov 26 06:24:53 UTC 2019 /home/travis/build/icyphy/ptII/ptolemy/actor/lib/test/auto/CompareDE.xml
----------------- Instantiating /home/travis/build/icyphy/ptII/ptolemy/actor/lib/test/auto/CompareDE.xml
3 ms. Memory: 474112K Free: 264317K (56%)
----------------- Invoking toplevel() on ptolemy.moml.MoMLSimpleApplication@a20e5d9
----------------- Done invoking toplevel() on ptolemy.moml.MoMLSimpleApplication@a20e5d9
reloadAllAccessors: .CompareDE

===========================================================================================
----------------- testing Tue Nov 26 06:24:53 UTC 2019 /home/travis/build/icyphy/ptII/ptolemy/actor/lib/test/auto/ComplexDivide.xml
----------------- Instantiating /home/travis/build/icyphy/ptII/ptolemy/actor/lib/test/auto/ComplexDivide.xml
2 ms. Memory: 474112K Free: 260221K (55%)
----------------- Invoking toplevel() on ptolemy.moml.MoMLSimpleApplication@2ea7f0e2
----------------- Done invoking toplevel() on ptolemy.moml.MoMLSimpleApplication@2ea7f0e2
reloadAllAccessors: .ComplexDivide

===========================================================================================
----------------- testing Tue Nov 26 06:24:53 UTC 2019 /home/travis/build/icyphy/ptII/ptolemy/actor/lib/test/auto/ComputeHistogram.xml
----------------- Instantiating /home/travis/build/icyphy/ptII/ptolemy/actor/lib/test/auto/ComputeHistogram.xml
24 ms. Memory: 474112K Free: 247419K (52%)
----------------- Invoking toplevel() on ptolemy.moml.MoMLSimpleApplication@18d2bc7b
----------------- Done invoking toplevel() on ptolemy.moml.MoMLSimpleApplication@18d2bc7b
reloadAllAccessors: .ComputeHistogram

===========================================================================================
----------------- testing Tue Nov 26 06:24:53 UTC 2019 /home/travis/build/icyphy/ptII/ptolemy/actor/lib/test/auto/ConfigurationSelect.xml
----------------- Instantiating /home/travis/build/icyphy/ptII/ptolemy/actor/lib/test/auto/ConfigurationSelect.xml
10 ms. Memory: 474112K Free: 242268K (51%)
----------------- Invoking toplevel() on ptolemy.moml.MoMLSimpleApplication@45010d0d
----------------- Done invoking toplevel() on ptolemy.moml.MoMLSimpleApplication@45010d0d
reloadAllAccessors: .ConfigurationSelect

===========================================================================================
----------------- testing Tue Nov 26 06:24:53 UTC 2019 /home/travis/build/icyphy/ptII/ptolemy/actor/lib/test/auto/ConfigurationSelect2.xml
----------------- Instantiating /home/travis/build/icyphy/ptII/ptolemy/actor/lib/test/auto/ConfigurationSelect2.xml
2 ms. Memory: 474112K Free: 237693K (50%)
----------------- Invoking toplevel() on ptolemy.moml.MoMLSimpleApplication@542c3ece
----------------- Done invoking toplevel() on ptolemy.moml.MoMLSimpleApplication@542c3ece
reloadAllAccessors: .ConfigurationSelect2

===========================================================================================
----------------- testing Tue Nov 26 06:24:53 UTC 2019 /home/travis/build/icyphy/ptII/ptolemy/actor/lib/test/auto/ConfigurationSwitch.xml
----------------- Instantiating /home/travis/build/icyphy/ptII/ptolemy/actor/lib/test/auto/ConfigurationSwitch.xml
7 ms. Memory: 474112K Free: 232059K (49%)
----------------- Invoking toplevel() on ptolemy.moml.MoMLSimpleApplication@4ee18aff
----------------- Done invoking toplevel() on ptolemy.moml.MoMLSimpleApplication@4ee18aff
reloadAllAccessors: .ConfigurationSwitch

===========================================================================================
----------------- testing Tue Nov 26 06:24:53 UTC 2019 /home/travis/build/icyphy/ptII/ptolemy/actor/lib/test/auto/ConfigurationSwitch2.xml
----------------- Instantiating /home/travis/build/icyphy/ptII/ptolemy/actor/lib/test/auto/ConfigurationSwitch2.xml
3 ms. Memory: 474112K Free: 226939K (48%)
----------------- Invoking toplevel() on ptolemy.moml.MoMLSimpleApplication@71096522
----------------- Done invoking toplevel() on ptolemy.moml.MoMLSimpleApplication@71096522
reloadAllAccessors: .ConfigurationSwitch2

===========================================================================================
----------------- testing Tue Nov 26 06:24:53 UTC 2019 /home/travis/build/icyphy/ptII/ptolemy/actor/lib/test/auto/ConfigurationSwitchCloningBugWithClassRelationGroup.xml
----------------- Instantiating /home/travis/build/icyphy/ptII/ptolemy/actor/lib/test/auto/ConfigurationSwitchCloningBugWithClassRelationGroup.xml
1 ms. Memory: 474112K Free: 220285K (46%)
----------------- Invoking toplevel() on ptolemy.moml.MoMLSimpleApplication@32c54c0f
----------------- Done invoking toplevel() on ptolemy.moml.MoMLSimpleApplication@32c54c0f
reloadAllAccessors: .ConfigurationSwitchCloningBugWithClassRelationGroup

===========================================================================================
----------------- testing Tue Nov 26 06:24:53 UTC 2019 /home/travis/build/icyphy/ptII/ptolemy/actor/lib/test/auto/ConfigurationSwitchSelectSDF.xml
----------------- Instantiating /home/travis/build/icyphy/ptII/ptolemy/actor/lib/test/auto/ConfigurationSwitchSelectSDF.xml
3 ms. Memory: 474112K Free: 214651K (45%)
----------------- Invoking toplevel() on ptolemy.moml.MoMLSimpleApplication@1d1ca28e
----------------- Done invoking toplevel() on ptolemy.moml.MoMLSimpleApplication@1d1ca28e
reloadAllAccessors: .ConfigurationSwitchSelectSDF

===========================================================================================
----------------- testing Tue Nov 26 06:24:53 UTC 2019 /home/travis/build/icyphy/ptII/ptolemy/actor/lib/test/auto/ConfigurationSwitchSelectSDF2.xml
----------------- Instantiating /home/travis/build/icyphy/ptII/ptolemy/actor/lib/test/auto/ConfigurationSwitchSelectSDF2.xml
2 ms. Memory: 474112K Free: 208507K (44%)
----------------- Invoking toplevel() on ptolemy.moml.MoMLSimpleApplication@4cd93663
----------------- Done invoking toplevel() on ptolemy.moml.MoMLSimpleApplication@4cd93663
reloadAllAccessors: .ConfigurationSwitchSelectSDF2

===========================================================================================
----------------- testing Tue Nov 26 06:24:53 UTC 2019 /home/travis/build/icyphy/ptII/ptolemy/actor/lib/test/auto/Const.xml
----------------- Instantiating /home/travis/build/icyphy/ptII/ptolemy/actor/lib/test/auto/Const.xml
1 ms. Memory: 474112K Free: 204925K (43%)
----------------- Invoking toplevel() on ptolemy.moml.MoMLSimpleApplication@5496749a
----------------- Done invoking toplevel() on ptolemy.moml.MoMLSimpleApplication@5496749a
reloadAllAccessors: .Const

===========================================================================================
----------------- testing Tue Nov 26 06:24:53 UTC 2019 /home/travis/build/icyphy/ptII/ptolemy/actor/lib/test/auto/Const2.xml
----------------- Instantiating /home/travis/build/icyphy/ptII/ptolemy/actor/lib/test/auto/Const2.xml
1 ms. Memory: 474112K Free: 201339K (42%)
----------------- Invoking toplevel() on ptolemy.moml.MoMLSimpleApplication@54d2b9f1
----------------- Done invoking toplevel() on ptolemy.moml.MoMLSimpleApplication@54d2b9f1
reloadAllAccessors: .Const2

===========================================================================================
----------------- testing Tue Nov 26 06:24:53 UTC 2019 /home/travis/build/icyphy/ptII/ptolemy/actor/lib/test/auto/Const3.xml
----------------- Instantiating /home/travis/build/icyphy/ptII/ptolemy/actor/lib/test/auto/Const3.xml
1 ms. Memory: 474112K Free: 198267K (42%)
----------------- Invoking toplevel() on ptolemy.moml.MoMLSimpleApplication@42bc34de
----------------- Done invoking toplevel() on ptolemy.moml.MoMLSimpleApplication@42bc34de
reloadAllAccessors: .Const3

===========================================================================================
----------------- testing Tue Nov 26 06:24:53 UTC 2019 /home/travis/build/icyphy/ptII/ptolemy/actor/lib/test/auto/ConstantPublisherPort1.xml
----------------- Instantiating /home/travis/build/icyphy/ptII/ptolemy/actor/lib/test/auto/ConstantPublisherPort1.xml
9 ms. Memory: 474112K Free: 189051K (40%)
----------------- Invoking toplevel() on ptolemy.moml.MoMLSimpleApplication@34a9c4df
----------------- Done invoking toplevel() on ptolemy.moml.MoMLSimpleApplication@34a9c4df
reloadAllAccessors: .ConstantPublisherPort1

===========================================================================================
----------------- testing Tue Nov 26 06:24:53 UTC 2019 /home/travis/build/icyphy/ptII/ptolemy/actor/lib/test/auto/ConstantPublisherPort2.xml
----------------- Instantiating /home/travis/build/icyphy/ptII/ptolemy/actor/lib/test/auto/ConstantPublisherPort2.xml
10 ms. Memory: 474112K Free: 181373K (38%)
----------------- Invoking toplevel() on ptolemy.moml.MoMLSimpleApplication@59dac586
----------------- Done invoking toplevel() on ptolemy.moml.MoMLSimpleApplication@59dac586
reloadAllAccessors: .ConstantPublisherPort2

===========================================================================================
----------------- testing Tue Nov 26 06:24:53 UTC 2019 /home/travis/build/icyphy/ptII/ptolemy/actor/lib/test/auto/ConstantPublisherPort3.xml
----------------- Instantiating /home/travis/build/icyphy/ptII/ptolemy/actor/lib/test/auto/ConstantPublisherPort3.xml
5 ms. Memory: 474112K Free: 173691K (37%)
----------------- Invoking toplevel() on ptolemy.moml.MoMLSimpleApplication@82e9a06
----------------- Done invoking toplevel() on ptolemy.moml.MoMLSimpleApplication@82e9a06
reloadAllAccessors: .ConstantPublisherPort3

===========================================================================================
----------------- testing Tue Nov 26 06:24:53 UTC 2019 /home/travis/build/icyphy/ptII/ptolemy/actor/lib/test/auto/ConstantPublisherPort4.xml
----------------- Instantiating /home/travis/build/icyphy/ptII/ptolemy/actor/lib/test/auto/ConstantPublisherPort4.xml
2 ms. Memory: 474112K Free: 166523K (35%)
----------------- Invoking toplevel() on ptolemy.moml.MoMLSimpleApplication@1b6301da
----------------- Done invoking toplevel() on ptolemy.moml.MoMLSimpleApplication@1b6301da
reloadAllAccessors: .ConstantPublisherPort4

===========================================================================================
----------------- testing Tue Nov 26 06:24:53 UTC 2019 /home/travis/build/icyphy/ptII/ptolemy/actor/lib/test/auto/ConstantPublisherPort5.xml
----------------- Instantiating /home/travis/build/icyphy/ptII/ptolemy/actor/lib/test/auto/ConstantPublisherPort5.xml
16 ms. Memory: 474112K Free: 157821K (33%)
----------------- Invoking toplevel() on ptolemy.moml.MoMLSimpleApplication@e5886c6
----------------- Done invoking toplevel() on ptolemy.moml.MoMLSimpleApplication@e5886c6
reloadAllAccessors: .ConstantPublisherPort5

===========================================================================================
----------------- testing Tue Nov 26 06:24:53 UTC 2019 /home/travis/build/icyphy/ptII/ptolemy/actor/lib/test/auto/ConstantPublisherPort6.xml
----------------- Instantiating /home/travis/build/icyphy/ptII/ptolemy/actor/lib/test/auto/ConstantPublisherPort6.xml
18 ms. Memory: 474112K Free: 148605K (31%)
----------------- Invoking toplevel() on ptolemy.moml.MoMLSimpleApplication@7108c926
----------------- Done invoking toplevel() on ptolemy.moml.MoMLSimpleApplication@7108c926
reloadAllAccessors: .ConstantPublisherPort6

===========================================================================================
----------------- testing Tue Nov 26 06:24:54 UTC 2019 /home/travis/build/icyphy/ptII/ptolemy/actor/lib/test/auto/ConstantPublisherPort7.xml
----------------- Instantiating /home/travis/build/icyphy/ptII/ptolemy/actor/lib/test/auto/ConstantPublisherPort7.xml
14 ms. Memory: 474112K Free: 417405K (88%)
----------------- Invoking toplevel() on ptolemy.moml.MoMLSimpleApplication@23b3c14b
----------------- Done invoking toplevel() on ptolemy.moml.MoMLSimpleApplication@23b3c14b
reloadAllAccessors: .ConstantPublisherPort7

===========================================================================================
----------------- testing Tue Nov 26 06:24:54 UTC 2019 /home/travis/build/icyphy/ptII/ptolemy/actor/lib/test/auto/ConstraintMonitor1.xml
----------------- Instantiating /home/travis/build/icyphy/ptII/ptolemy/actor/lib/test/auto/ConstraintMonitor1.xml
6 ms. Memory: 474112K Free: 412795K (87%)
----------------- Invoking toplevel() on ptolemy.moml.MoMLSimpleApplication@587866ad
----------------- Done invoking toplevel() on ptolemy.moml.MoMLSimpleApplication@587866ad
reloadAllAccessors: .ConstraintMonitor1

===========================================================================================
----------------- testing Tue Nov 26 06:24:54 UTC 2019 /home/travis/build/icyphy/ptII/ptolemy/actor/lib/test/auto/ConstraintMonitor2.xml
----------------- Instantiating /home/travis/build/icyphy/ptII/ptolemy/actor/lib/test/auto/ConstraintMonitor2.xml
4 ms. Memory: 474112K Free: 408189K (86%)
----------------- Invoking toplevel() on ptolemy.moml.MoMLSimpleApplication@6ab1af66
----------------- Done invoking toplevel() on ptolemy.moml.MoMLSimpleApplication@6ab1af66
reloadAllAccessors: .ConstraintMonitor2

===========================================================================================
----------------- testing Tue Nov 26 06:24:54 UTC 2019 /home/travis/build/icyphy/ptII/ptolemy/actor/lib/test/auto/ConstraintMonitor3.xml
----------------- Instantiating /home/travis/build/icyphy/ptII/ptolemy/actor/lib/test/auto/ConstraintMonitor3.xml
1 ms. Memory: 474112K Free: 403579K (85%)
----------------- Invoking toplevel() on ptolemy.moml.MoMLSimpleApplication@63de774b
----------------- Done invoking toplevel() on ptolemy.moml.MoMLSimpleApplication@63de774b
reloadAllAccessors: .ConstraintMonitor3

===========================================================================================
----------------- testing Tue Nov 26 06:24:54 UTC 2019 /home/travis/build/icyphy/ptII/ptolemy/actor/lib/test/auto/ConstraintMonitor4.xml
----------------- Instantiating /home/travis/build/icyphy/ptII/ptolemy/actor/lib/test/auto/ConstraintMonitor4.xml
5 ms. Memory: 474112K Free: 398973K (84%)
----------------- Invoking toplevel() on ptolemy.moml.MoMLSimpleApplication@1b4fa622
----------------- Done invoking toplevel() on ptolemy.moml.MoMLSimpleApplication@1b4fa622
reloadAllAccessors: .ConstraintMonitor4

===========================================================================================
----------------- testing Tue Nov 26 06:24:54 UTC 2019 /home/travis/build/icyphy/ptII/ptolemy/actor/lib/test/auto/ConstraintMonitor5.xml
----------------- Instantiating /home/travis/build/icyphy/ptII/ptolemy/actor/lib/test/auto/ConstraintMonitor5.xml
5 ms. Memory: 474112K Free: 393853K (83%)
----------------- Invoking toplevel() on ptolemy.moml.MoMLSimpleApplication@3c5f4df
----------------- Done invoking toplevel() on ptolemy.moml.MoMLSimpleApplication@3c5f4df
reloadAllAccessors: .ConstraintMonitor5

===========================================================================================
----------------- testing Tue Nov 26 06:24:54 UTC 2019 /home/travis/build/icyphy/ptII/ptolemy/actor/lib/test/auto/ConstraintMonitor6.xml
----------------- Instantiating /home/travis/build/icyphy/ptII/ptolemy/actor/lib/test/auto/ConstraintMonitor6.xml
7 ms. Memory: 474112K Free: 387189K (82%)
----------------- Invoking toplevel() on ptolemy.moml.MoMLSimpleApplication@7dabe067
----------------- Done invoking toplevel() on ptolemy.moml.MoMLSimpleApplication@7dabe067
reloadAllAccessors: .ConstraintMonitor6

===========================================================================================
----------------- testing Tue Nov 26 06:24:54 UTC 2019 /home/travis/build/icyphy/ptII/ptolemy/actor/lib/test/auto/ConstraintMonitor7.xml
----------------- Instantiating /home/travis/build/icyphy/ptII/ptolemy/actor/lib/test/auto/ConstraintMonitor7.xml
5 ms. Memory: 474112K Free: 381037K (80%)
----------------- Invoking toplevel() on ptolemy.moml.MoMLSimpleApplication@4f636e24
----------------- Done invoking toplevel() on ptolemy.moml.MoMLSimpleApplication@4f636e24
reloadAllAccessors: .ConstraintMonitor7

===========================================================================================
----------------- testing Tue Nov 26 06:24:54 UTC 2019 /home/travis/build/icyphy/ptII/ptolemy/actor/lib/test/auto/ConstraintMonitor8.xml
----------------- Instantiating /home/travis/build/icyphy/ptII/ptolemy/actor/lib/test/auto/ConstraintMonitor8.xml
7 ms. Memory: 474112K Free: 373373K (79%)
----------------- Invoking toplevel() on ptolemy.moml.MoMLSimpleApplication@4a18c513
----------------- Done invoking toplevel() on ptolemy.moml.MoMLSimpleApplication@4a18c513
reloadAllAccessors: .ConstraintMonitor8

===========================================================================================
----------------- testing Tue Nov 26 06:24:54 UTC 2019 /home/travis/build/icyphy/ptII/ptolemy/actor/lib/test/auto/Counter.xml
----------------- Instantiating /home/travis/build/icyphy/ptII/ptolemy/actor/lib/test/auto/Counter.xml
3 ms. Memory: 474112K Free: 367739K (78%)
----------------- Invoking toplevel() on ptolemy.moml.MoMLSimpleApplication@3a5051df
----------------- Done invoking toplevel() on ptolemy.moml.MoMLSimpleApplication@3a5051df
reloadAllAccessors: .Counter

===========================================================================================
----------------- testing Tue Nov 26 06:24:54 UTC 2019 /home/travis/build/icyphy/ptII/ptolemy/actor/lib/test/auto/CurrentTimeSDF.xml
----------------- Instantiating /home/travis/build/icyphy/ptII/ptolemy/actor/lib/test/auto/CurrentTimeSDF.xml
2 ms. Memory: 474112K Free: 364157K (77%)
----------------- Invoking toplevel() on ptolemy.moml.MoMLSimpleApplication@994e438
----------------- Done invoking toplevel() on ptolemy.moml.MoMLSimpleApplication@994e438
reloadAllAccessors: .CurrentTimeSDF

===========================================================================================
----------------- testing Tue Nov 26 06:24:54 UTC 2019 /home/travis/build/icyphy/ptII/ptolemy/actor/lib/test/auto/DB.xml
----------------- Instantiating /home/travis/build/icyphy/ptII/ptolemy/actor/lib/test/auto/DB.xml
2 ms. Memory: 474112K Free: 358523K (76%)
----------------- Invoking toplevel() on ptolemy.moml.MoMLSimpleApplication@1f9bbec6
----------------- Done invoking toplevel() on ptolemy.moml.MoMLSimpleApplication@1f9bbec6
reloadAllAccessors: .DB

===========================================================================================
----------------- testing Tue Nov 26 06:24:54 UTC 2019 /home/travis/build/icyphy/ptII/ptolemy/actor/lib/test/auto/DBDE.xml
----------------- Instantiating /home/travis/build/icyphy/ptII/ptolemy/actor/lib/test/auto/DBDE.xml
1 ms. Memory: 474112K Free: 352373K (74%)
----------------- Invoking toplevel() on ptolemy.moml.MoMLSimpleApplication@70e71358
----------------- Done invoking toplevel() on ptolemy.moml.MoMLSimpleApplication@70e71358
reloadAllAccessors: .DBDE

===========================================================================================
----------------- testing Tue Nov 26 06:24:54 UTC 2019 /home/travis/build/icyphy/ptII/ptolemy/actor/lib/test/auto/DateConstructor.xml
----------------- Instantiating /home/travis/build/icyphy/ptII/ptolemy/actor/lib/test/auto/DateConstructor.xml
39 ms. Memory: 474112K Free: 334971K (71%)
----------------- Invoking toplevel() on ptolemy.moml.MoMLSimpleApplication@43f23388
----------------- Done invoking toplevel() on ptolemy.moml.MoMLSimpleApplication@43f23388
reloadAllAccessors: .DateConstructor

===========================================================================================
----------------- testing Tue Nov 26 06:24:54 UTC 2019 /home/travis/build/icyphy/ptII/ptolemy/actor/lib/test/auto/DelayTime.xml
----------------- Instantiating /home/travis/build/icyphy/ptII/ptolemy/actor/lib/test/auto/DelayTime.xml
6 ms. Memory: 474112K Free: 329851K (70%)
----------------- Invoking toplevel() on ptolemy.moml.MoMLSimpleApplication@1d2ee9a
----------------- Done invoking toplevel() on ptolemy.moml.MoMLSimpleApplication@1d2ee9a
reloadAllAccessors: .DelayTime

===========================================================================================
----------------- testing Tue Nov 26 06:24:54 UTC 2019 /home/travis/build/icyphy/ptII/ptolemy/actor/lib/test/auto/Dictionary1.xml
----------------- Instantiating /home/travis/build/icyphy/ptII/ptolemy/actor/lib/test/auto/Dictionary1.xml
2 ms. Memory: 474112K Free: 324221K (68%)
----------------- Invoking toplevel() on ptolemy.moml.MoMLSimpleApplication@25264edc
----------------- Done invoking toplevel() on ptolemy.moml.MoMLSimpleApplication@25264edc
reloadAllAccessors: .Dictionary1

===========================================================================================
----------------- testing Tue Nov 26 06:24:54 UTC 2019 /home/travis/build/icyphy/ptII/ptolemy/actor/lib/test/auto/Dictionary2.xml
----------------- Instantiating /home/travis/build/icyphy/ptII/ptolemy/actor/lib/test/auto/Dictionary2.xml
5 ms. Memory: 474112K Free: 318587K (67%)
----------------- Invoking toplevel() on ptolemy.moml.MoMLSimpleApplication@6d3e8db7
----------------- Done invoking toplevel() on ptolemy.moml.MoMLSimpleApplication@6d3e8db7
reloadAllAccessors: .Dictionary2

===========================================================================================
----------------- testing Tue Nov 26 06:24:54 UTC 2019 /home/travis/build/icyphy/ptII/ptolemy/actor/lib/test/auto/Dictionary3.xml
----------------- Instantiating /home/travis/build/icyphy/ptII/ptolemy/actor/lib/test/auto/Dictionary3.xml
1 ms. Memory: 474112K Free: 313467K (66%)
----------------- Invoking toplevel() on ptolemy.moml.MoMLSimpleApplication@3db90721
----------------- Done invoking toplevel() on ptolemy.moml.MoMLSimpleApplication@3db90721
reloadAllAccessors: .Dictionary3

===========================================================================================
----------------- testing Tue Nov 26 06:24:54 UTC 2019 /home/travis/build/icyphy/ptII/ptolemy/actor/lib/test/auto/Dictionary4.xml
----------------- Instantiating /home/travis/build/icyphy/ptII/ptolemy/actor/lib/test/auto/Dictionary4.xml
2 ms. Memory: 474112K Free: 306285K (65%)
----------------- Invoking toplevel() on ptolemy.moml.MoMLSimpleApplication@1d8bba0c
----------------- Done invoking toplevel() on ptolemy.moml.MoMLSimpleApplication@1d8bba0c
reloadAllAccessors: .Dictionary4

===========================================================================================
----------------- testing Tue Nov 26 06:24:54 UTC 2019 /home/travis/build/icyphy/ptII/ptolemy/actor/lib/test/auto/Differential.xml
----------------- Instantiating /home/travis/build/icyphy/ptII/ptolemy/actor/lib/test/auto/Differential.xml
3 ms. Memory: 474112K Free: 301693K (64%)
----------------- Invoking toplevel() on ptolemy.moml.MoMLSimpleApplication@164e1c01
----------------- Done invoking toplevel() on ptolemy.moml.MoMLSimpleApplication@164e1c01
reloadAllAccessors: .Differential

===========================================================================================
----------------- testing Tue Nov 26 06:24:54 UTC 2019 /home/travis/build/icyphy/ptII/ptolemy/actor/lib/test/auto/Director.xml
----------------- Instantiating /home/travis/build/icyphy/ptII/ptolemy/actor/lib/test/auto/Director.xml
2 ms. Memory: 474112K Free: 298621K (63%)
----------------- Invoking toplevel() on ptolemy.moml.MoMLSimpleApplication@ab17ceb
----------------- Done invoking toplevel() on ptolemy.moml.MoMLSimpleApplication@ab17ceb
reloadAllAccessors: .Director

===========================================================================================
----------------- testing Tue Nov 26 06:24:54 UTC 2019 /home/travis/build/icyphy/ptII/ptolemy/actor/lib/test/auto/DiscreteClock.xml
----------------- Instantiating /home/travis/build/icyphy/ptII/ptolemy/actor/lib/test/auto/DiscreteClock.xml
3 ms. Memory: 474112K Free: 294525K (62%)
----------------- Invoking toplevel() on ptolemy.moml.MoMLSimpleApplication@5dee1247
----------------- Done invoking toplevel() on ptolemy.moml.MoMLSimpleApplication@5dee1247
reloadAllAccessors: .DiscreteClock

===========================================================================================
----------------- testing Tue Nov 26 06:24:54 UTC 2019 /home/travis/build/icyphy/ptII/ptolemy/actor/lib/test/auto/DiscreteClock10.xml
----------------- Instantiating /home/travis/build/icyphy/ptII/ptolemy/actor/lib/test/auto/DiscreteClock10.xml
2 ms. Memory: 474112K Free: 288381K (61%)
----------------- Invoking toplevel() on ptolemy.moml.MoMLSimpleApplication@298ba8d2
----------------- Done invoking toplevel() on ptolemy.moml.MoMLSimpleApplication@298ba8d2
reloadAllAccessors: .DiscreteClock10

===========================================================================================
----------------- testing Tue Nov 26 06:24:54 UTC 2019 /home/travis/build/icyphy/ptII/ptolemy/actor/lib/test/auto/DiscreteClock11.xml
----------------- Instantiating /home/travis/build/icyphy/ptII/ptolemy/actor/lib/test/auto/DiscreteClock11.xml
2 ms. Memory: 474112K Free: 282237K (60%)
----------------- Invoking toplevel() on ptolemy.moml.MoMLSimpleApplication@58ed00af
----------------- Done invoking toplevel() on ptolemy.moml.MoMLSimpleApplication@58ed00af
reloadAllAccessors: .DiscreteClock11

===========================================================================================
----------------- testing Tue Nov 26 06:24:54 UTC 2019 /home/travis/build/icyphy/ptII/ptolemy/actor/lib/test/auto/DiscreteClock12.xml
----------------- Instantiating /home/travis/build/icyphy/ptII/ptolemy/actor/lib/test/auto/DiscreteClock12.xml
3 ms. Memory: 474112K Free: 276603K (58%)
----------------- Invoking toplevel() on ptolemy.moml.MoMLSimpleApplication@2fb460e4
----------------- Done invoking toplevel() on ptolemy.moml.MoMLSimpleApplication@2fb460e4
reloadAllAccessors: .DiscreteClock12

===========================================================================================
----------------- testing Tue Nov 26 06:24:54 UTC 2019 /home/travis/build/icyphy/ptII/ptolemy/actor/lib/test/auto/DiscreteClock13.xml
----------------- Instantiating /home/travis/build/icyphy/ptII/ptolemy/actor/lib/test/auto/DiscreteClock13.xml
5 ms. Memory: 474112K Free: 270453K (57%)
----------------- Invoking toplevel() on ptolemy.moml.MoMLSimpleApplication@40a41124
----------------- Done invoking toplevel() on ptolemy.moml.MoMLSimpleApplication@40a41124
reloadAllAccessors: .DiscreteClock13

===========================================================================================
----------------- testing Tue Nov 26 06:24:54 UTC 2019 /home/travis/build/icyphy/ptII/ptolemy/actor/lib/test/auto/DiscreteClock14.xml
----------------- Instantiating /home/travis/build/icyphy/ptII/ptolemy/actor/lib/test/auto/DiscreteClock14.xml
5 ms. Memory: 474112K Free: 264285K (56%)
----------------- Invoking toplevel() on ptolemy.moml.MoMLSimpleApplication@906502b
----------------- Done invoking toplevel() on ptolemy.moml.MoMLSimpleApplication@906502b
reloadAllAccessors: .DiscreteClock14

===========================================================================================
----------------- testing Tue Nov 26 06:24:54 UTC 2019 /home/travis/build/icyphy/ptII/ptolemy/actor/lib/test/auto/DiscreteClock15.xml
----------------- Instantiating /home/travis/build/icyphy/ptII/ptolemy/actor/lib/test/auto/DiscreteClock15.xml
5 ms. Memory: 474112K Free: 258141K (54%)
----------------- Invoking toplevel() on ptolemy.moml.MoMLSimpleApplication@3ad8e4a3
----------------- Done invoking toplevel() on ptolemy.moml.MoMLSimpleApplication@3ad8e4a3
reloadAllAccessors: .DiscreteClock15

===========================================================================================
----------------- testing Tue Nov 26 06:24:54 UTC 2019 /home/travis/build/icyphy/ptII/ptolemy/actor/lib/test/auto/DiscreteClock16.xml
----------------- Instantiating /home/travis/build/icyphy/ptII/ptolemy/actor/lib/test/auto/DiscreteClock16.xml
20 ms. Memory: 474112K Free: 244859K (52%)
----------------- Invoking toplevel() on ptolemy.moml.MoMLSimpleApplication@b951d95
----------------- Done invoking toplevel() on ptolemy.moml.MoMLSimpleApplication@b951d95
reloadAllAccessors: .DiscreteClock16

===========================================================================================
----------------- testing Tue Nov 26 06:24:54 UTC 2019 /home/travis/build/icyphy/ptII/ptolemy/actor/lib/test/auto/DiscreteClock17.xml
----------------- Instantiating /home/travis/build/icyphy/ptII/ptolemy/actor/lib/test/auto/DiscreteClock17.xml
17 ms. Memory: 474112K Free: 230523K (49%)
----------------- Invoking toplevel() on ptolemy.moml.MoMLSimpleApplication@24054d52
----------------- Done invoking toplevel() on ptolemy.moml.MoMLSimpleApplication@24054d52
reloadAllAccessors: .DiscreteClock17

===========================================================================================
----------------- testing Tue Nov 26 06:24:54 UTC 2019 /home/travis/build/icyphy/ptII/ptolemy/actor/lib/test/auto/DiscreteClock18.xml
----------------- Instantiating /home/travis/build/icyphy/ptII/ptolemy/actor/lib/test/auto/DiscreteClock18.xml
26 ms. Memory: 474112K Free: 216701K (46%)
----------------- Invoking toplevel() on ptolemy.moml.MoMLSimpleApplication@41ff35ea
----------------- Done invoking toplevel() on ptolemy.moml.MoMLSimpleApplication@41ff35ea
reloadAllAccessors: .DiscreteClock18

===========================================================================================
----------------- testing Tue Nov 26 06:24:54 UTC 2019 /home/travis/build/icyphy/ptII/ptolemy/actor/lib/test/auto/DiscreteClock19.xml
----------------- Instantiating /home/travis/build/icyphy/ptII/ptolemy/actor/lib/test/auto/DiscreteClock19.xml
18 ms. Memory: 474112K Free: 202861K (43%)
----------------- Invoking toplevel() on ptolemy.moml.MoMLSimpleApplication@41e5dba8
----------------- Done invoking toplevel() on ptolemy.moml.MoMLSimpleApplication@41e5dba8
reloadAllAccessors: .DiscreteClock19

===========================================================================================
----------------- testing Tue Nov 26 06:24:54 UTC 2019 /home/travis/build/icyphy/ptII/ptolemy/actor/lib/test/auto/DiscreteClock2.xml
----------------- Instantiating /home/travis/build/icyphy/ptII/ptolemy/actor/lib/test/auto/DiscreteClock2.xml
5 ms. Memory: 474112K Free: 198269K (42%)
----------------- Invoking toplevel() on ptolemy.moml.MoMLSimpleApplication@7bd7a956
----------------- Done invoking toplevel() on ptolemy.moml.MoMLSimpleApplication@7bd7a956
reloadAllAccessors: .DiscreteClock2

===========================================================================================
----------------- testing Tue Nov 26 06:24:55 UTC 2019 /home/travis/build/icyphy/ptII/ptolemy/actor/lib/test/auto/DiscreteClock20.xml
----------------- Instantiating /home/travis/build/icyphy/ptII/ptolemy/actor/lib/test/auto/DiscreteClock20.xml
9 ms. Memory: 474112K Free: 192635K (41%)
----------------- Invoking toplevel() on ptolemy.moml.MoMLSimpleApplication@68fd4154
----------------- Done invoking toplevel() on ptolemy.moml.MoMLSimpleApplication@68fd4154
reloadAllAccessors: .DiscreteClock20

===========================================================================================
----------------- testing Tue Nov 26 06:24:55 UTC 2019 /home/travis/build/icyphy/ptII/ptolemy/actor/lib/test/auto/DiscreteClock21.xml
----------------- Instantiating /home/travis/build/icyphy/ptII/ptolemy/actor/lib/test/auto/DiscreteClock21.xml
7 ms. Memory: 474112K Free: 187005K (39%)
----------------- Invoking toplevel() on ptolemy.moml.MoMLSimpleApplication@197b4768
----------------- Done invoking toplevel() on ptolemy.moml.MoMLSimpleApplication@197b4768
reloadAllAccessors: .DiscreteClock21

===========================================================================================
----------------- testing Tue Nov 26 06:24:55 UTC 2019 /home/travis/build/icyphy/ptII/ptolemy/actor/lib/test/auto/DiscreteClock22.xml
----------------- Instantiating /home/travis/build/icyphy/ptII/ptolemy/actor/lib/test/auto/DiscreteClock22.xml
2 ms. Memory: 474112K Free: 181371K (38%)
----------------- Invoking toplevel() on ptolemy.moml.MoMLSimpleApplication@632722df
----------------- Done invoking toplevel() on ptolemy.moml.MoMLSimpleApplication@632722df
reloadAllAccessors: .DiscreteClock22

===========================================================================================
----------------- testing Tue Nov 26 06:24:55 UTC 2019 /home/travis/build/icyphy/ptII/ptolemy/actor/lib/test/auto/DiscreteClock23.xml
----------------- Instantiating /home/travis/build/icyphy/ptII/ptolemy/actor/lib/test/auto/DiscreteClock23.xml
9 ms. Memory: 474112K Free: 175741K (37%)
----------------- Invoking toplevel() on ptolemy.moml.MoMLSimpleApplication@599326b6
----------------- Done invoking toplevel() on ptolemy.moml.MoMLSimpleApplication@599326b6
reloadAllAccessors: .DiscreteClock23

===========================================================================================
----------------- testing Tue Nov 26 06:24:55 UTC 2019 /home/travis/build/icyphy/ptII/ptolemy/actor/lib/test/auto/DiscreteClock24.xml
----------------- Instantiating /home/travis/build/icyphy/ptII/ptolemy/actor/lib/test/auto/DiscreteClock24.xml
5 ms. Memory: 474112K Free: 170621K (36%)
----------------- Invoking toplevel() on ptolemy.moml.MoMLSimpleApplication@130fdadf
----------------- Done invoking toplevel() on ptolemy.moml.MoMLSimpleApplication@130fdadf
reloadAllAccessors: .DiscreteClock24

===========================================================================================
----------------- testing Tue Nov 26 06:24:55 UTC 2019 /home/travis/build/icyphy/ptII/ptolemy/actor/lib/test/auto/DiscreteClock4.xml
----------------- Instantiating /home/travis/build/icyphy/ptII/ptolemy/actor/lib/test/auto/DiscreteClock4.xml
4 ms. Memory: 474112K Free: 164973K (35%)
----------------- Invoking toplevel() on ptolemy.moml.MoMLSimpleApplication@56c25bb4
----------------- Done invoking toplevel() on ptolemy.moml.MoMLSimpleApplication@56c25bb4
reloadAllAccessors: .DiscreteClock4

===========================================================================================
----------------- testing Tue Nov 26 06:24:55 UTC 2019 /home/travis/build/icyphy/ptII/ptolemy/actor/lib/test/auto/DiscreteClock5.xml
----------------- Instantiating /home/travis/build/icyphy/ptII/ptolemy/actor/lib/test/auto/DiscreteClock5.xml
2 ms. Memory: 474112K Free: 159357K (34%)
----------------- Invoking toplevel() on ptolemy.moml.MoMLSimpleApplication@a86b1ee
----------------- Done invoking toplevel() on ptolemy.moml.MoMLSimpleApplication@a86b1ee
reloadAllAccessors: .DiscreteClock5

===========================================================================================
----------------- testing Tue Nov 26 06:24:55 UTC 2019 /home/travis/build/icyphy/ptII/ptolemy/actor/lib/test/auto/DiscreteClock6.xml
----------------- Instantiating /home/travis/build/icyphy/ptII/ptolemy/actor/lib/test/auto/DiscreteClock6.xml
1 ms. Memory: 474112K Free: 154747K (33%)
----------------- Invoking toplevel() on ptolemy.moml.MoMLSimpleApplication@648679a3
----------------- Done invoking toplevel() on ptolemy.moml.MoMLSimpleApplication@648679a3
reloadAllAccessors: .DiscreteClock6

===========================================================================================
----------------- testing Tue Nov 26 06:24:55 UTC 2019 /home/travis/build/icyphy/ptII/ptolemy/actor/lib/test/auto/DiscreteClock7.xml
----------------- Instantiating /home/travis/build/icyphy/ptII/ptolemy/actor/lib/test/auto/DiscreteClock7.xml
2 ms. Memory: 474112K Free: 150651K (32%)
----------------- Invoking toplevel() on ptolemy.moml.MoMLSimpleApplication@2fde61a
----------------- Done invoking toplevel() on ptolemy.moml.MoMLSimpleApplication@2fde61a
reloadAllAccessors: .DiscreteClock7

===========================================================================================
----------------- testing Tue Nov 26 06:24:55 UTC 2019 /home/travis/build/icyphy/ptII/ptolemy/actor/lib/test/auto/DiscreteClock8.xml
----------------- Instantiating /home/travis/build/icyphy/ptII/ptolemy/actor/lib/test/auto/DiscreteClock8.xml
5 ms. Memory: 474112K Free: 422521K (89%)
----------------- Invoking toplevel() on ptolemy.moml.MoMLSimpleApplication@34c294dd
----------------- Done invoking toplevel() on ptolemy.moml.MoMLSimpleApplication@34c294dd
reloadAllAccessors: .DiscreteClock8

===========================================================================================
----------------- testing Tue Nov 26 06:24:55 UTC 2019 /home/travis/build/icyphy/ptII/ptolemy/actor/lib/test/auto/DiscreteClock9.xml
----------------- Instantiating /home/travis/build/icyphy/ptII/ptolemy/actor/lib/test/auto/DiscreteClock9.xml
7 ms. Memory: 474112K Free: 416377K (88%)
----------------- Invoking toplevel() on ptolemy.moml.MoMLSimpleApplication@3b36b106
----------------- Done invoking toplevel() on ptolemy.moml.MoMLSimpleApplication@3b36b106
reloadAllAccessors: .DiscreteClock9

===========================================================================================
----------------- testing Tue Nov 26 06:24:55 UTC 2019 /home/travis/build/icyphy/ptII/ptolemy/actor/lib/test/auto/DisplayArray.xml
----------------- Instantiating /home/travis/build/icyphy/ptII/ptolemy/actor/lib/test/auto/DisplayArray.xml
1 ms. Memory: 474112K Free: 412791K (87%)
----------------- Invoking toplevel() on ptolemy.moml.MoMLSimpleApplication@58d107e3
----------------- Done invoking toplevel() on ptolemy.moml.MoMLSimpleApplication@58d107e3
reloadAllAccessors: .DisplayArray

===========================================================================================
----------------- testing Tue Nov 26 06:24:55 UTC 2019 /home/travis/build/icyphy/ptII/ptolemy/actor/lib/test/auto/Distributor.xml
----------------- Instantiating /home/travis/build/icyphy/ptII/ptolemy/actor/lib/test/auto/Distributor.xml
2 ms. Memory: 474112K Free: 407671K (86%)
----------------- Invoking toplevel() on ptolemy.moml.MoMLSimpleApplication@54335f06
----------------- Done invoking toplevel() on ptolemy.moml.MoMLSimpleApplication@54335f06
reloadAllAccessors: .Distributor

===========================================================================================
----------------- testing Tue Nov 26 06:24:55 UTC 2019 /home/travis/build/icyphy/ptII/ptolemy/actor/lib/test/auto/Distributor2.xml
----------------- Instantiating /home/travis/build/icyphy/ptII/ptolemy/actor/lib/test/auto/Distributor2.xml
2 ms. Memory: 474112K Free: 402551K (85%)
----------------- Invoking toplevel() on ptolemy.moml.MoMLSimpleApplication@1c423b22
----------------- Done invoking toplevel() on ptolemy.moml.MoMLSimpleApplication@1c423b22
reloadAllAccessors: .Distributor2

===========================================================================================
----------------- testing Tue Nov 26 06:24:55 UTC 2019 /home/travis/build/icyphy/ptII/ptolemy/actor/lib/test/auto/DownSample.xml
----------------- Instantiating /home/travis/build/icyphy/ptII/ptolemy/actor/lib/test/auto/DownSample.xml
1 ms. Memory: 474112K Free: 398455K (84%)
----------------- Invoking toplevel() on ptolemy.moml.MoMLSimpleApplication@7a582f8d
----------------- Done invoking toplevel() on ptolemy.moml.MoMLSimpleApplication@7a582f8d
reloadAllAccessors: .DownSample

===========================================================================================
----------------- testing Tue Nov 26 06:24:55 UTC 2019 /home/travis/build/icyphy/ptII/ptolemy/actor/lib/test/auto/ElectronicUnitBase1.xml
----------------- Instantiating /home/travis/build/icyphy/ptII/ptolemy/actor/lib/test/auto/ElectronicUnitBase1.xml
18 ms. Memory: 474112K Free: 382585K (81%)
----------------- Invoking toplevel() on ptolemy.moml.MoMLSimpleApplication@2e061800
----------------- Done invoking toplevel() on ptolemy.moml.MoMLSimpleApplication@2e061800
reloadAllAccessors: .ElectronicUnitBase1

===========================================================================================
----------------- testing Tue Nov 26 06:24:55 UTC 2019 /home/travis/build/icyphy/ptII/ptolemy/actor/lib/test/auto/ElementsToArray.xml
----------------- Instantiating /home/travis/build/icyphy/ptII/ptolemy/actor/lib/test/auto/ElementsToArray.xml
3 ms. Memory: 474112K Free: 377465K (80%)
----------------- Invoking toplevel() on ptolemy.moml.MoMLSimpleApplication@2a18e7aa
----------------- Done invoking toplevel() on ptolemy.moml.MoMLSimpleApplication@2a18e7aa
reloadAllAccessors: .ElementsToArray

===========================================================================================
----------------- testing Tue Nov 26 06:24:55 UTC 2019 /home/travis/build/icyphy/ptII/ptolemy/actor/lib/test/auto/Equals.xml
----------------- Instantiating /home/travis/build/icyphy/ptII/ptolemy/actor/lib/test/auto/Equals.xml
2 ms. Memory: 474112K Free: 372855K (79%)
----------------- Invoking toplevel() on ptolemy.moml.MoMLSimpleApplication@6b17a533
----------------- Done invoking toplevel() on ptolemy.moml.MoMLSimpleApplication@6b17a533
reloadAllAccessors: .Equals

===========================================================================================
----------------- testing Tue Nov 26 06:24:55 UTC 2019 /home/travis/build/icyphy/ptII/ptolemy/actor/lib/test/auto/Exec.xml
----------------- Instantiating /home/travis/build/icyphy/ptII/ptolemy/actor/lib/test/auto/Exec.xml
24 ms. Memory: 474112K Free: 366711K (77%)
----------------- Invoking toplevel() on ptolemy.moml.MoMLSimpleApplication@5a227154
----------------- Done invoking toplevel() on ptolemy.moml.MoMLSimpleApplication@5a227154
reloadAllAccessors: .Exec

===========================================================================================
----------------- testing Tue Nov 26 06:24:55 UTC 2019 /home/travis/build/icyphy/ptII/ptolemy/actor/lib/test/auto/ExecEnvironment.xml
----------------- Instantiating /home/travis/build/icyphy/ptII/ptolemy/actor/lib/test/auto/ExecEnvironment.xml
37 ms. Memory: 474112K Free: 362103K (76%)
----------------- Invoking toplevel() on ptolemy.moml.MoMLSimpleApplication@691e71be
----------------- Done invoking toplevel() on ptolemy.moml.MoMLSimpleApplication@691e71be
reloadAllAccessors: .ExecEnvironment

===========================================================================================
----------------- testing Tue Nov 26 06:24:55 UTC 2019 /home/travis/build/icyphy/ptII/ptolemy/actor/lib/test/auto/ExecNonZeroReturnOutput.xml
----------------- Instantiating /home/travis/build/icyphy/ptII/ptolemy/actor/lib/test/auto/ExecNonZeroReturnOutput.xml
176 ms. Memory: 474112K Free: 350841K (74%)
----------------- Invoking toplevel() on ptolemy.moml.MoMLSimpleApplication@1fefa614
----------------- Done invoking toplevel() on ptolemy.moml.MoMLSimpleApplication@1fefa614
reloadAllAccessors: .ExecNonZeroReturnOutput

===========================================================================================
----------------- testing Tue Nov 26 06:24:55 UTC 2019 /home/travis/build/icyphy/ptII/ptolemy/actor/lib/test/auto/ExecRunDemos.xml
----------------- Instantiating /home/travis/build/icyphy/ptII/ptolemy/actor/lib/test/auto/ExecRunDemos.xml
Finished: 138 ms. Memory: 120832K Free: 104320K (86%)

Finished: 78 ms. Memory: 120832K Free: 110710K (92%)

Finished: 122 ms. Memory: 120832K Free: 111040K (92%)

Finished: 89 ms. Memory: 120832K Free: 111338K (92%)

Finished: 164 ms. Memory: 120832K Free: 111508K (92%)

12404 ms. Memory: 474112K Free: 329335K (69%)
----------------- Invoking toplevel() on ptolemy.moml.MoMLSimpleApplication@798160ac
----------------- Done invoking toplevel() on ptolemy.moml.MoMLSimpleApplication@798160ac
reloadAllAccessors: .ExecRunDemos

===========================================================================================
----------------- testing Tue Nov 26 06:25:08 UTC 2019 /home/travis/build/icyphy/ptII/ptolemy/actor/lib/test/auto/ExecStop.xml
----------------- Instantiating /home/travis/build/icyphy/ptII/ptolemy/actor/lib/test/auto/ExecStop.xml
5029 ms. Memory: 474112K Free: 228985K (48%)
----------------- Invoking toplevel() on ptolemy.moml.MoMLSimpleApplication@9d84662
----------------- Done invoking toplevel() on ptolemy.moml.MoMLSimpleApplication@9d84662
reloadAllAccessors: .ExecStop

===========================================================================================
----------------- testing Tue Nov 26 06:25:13 UTC 2019 /home/travis/build/icyphy/ptII/ptolemy/actor/lib/test/auto/ExecutionTimeSDF.xml
----------------- Instantiating /home/travis/build/icyphy/ptII/ptolemy/actor/lib/test/auto/ExecutionTimeSDF.xml
Fired ExecutionTime: 2063600000
Fired ExecutionTime: 1063200000
Fired ExecutionTime: -1064967296
6009 ms. Memory: 474112K Free: 217207K (46%)

===========================================================================================
----------------- testing Tue Nov 26 06:25:19 UTC 2019 /home/travis/build/icyphy/ptII/ptolemy/actor/lib/test/auto/Expression1.xml
----------------- Instantiating /home/travis/build/icyphy/ptII/ptolemy/actor/lib/test/auto/Expression1.xml
2 ms. Memory: 474112K Free: 212601K (45%)
----------------- Invoking toplevel() on ptolemy.moml.MoMLSimpleApplication@7ffac728
----------------- Done invoking toplevel() on ptolemy.moml.MoMLSimpleApplication@7ffac728
reloadAllAccessors: .Expression1

===========================================================================================
----------------- testing Tue Nov 26 06:25:19 UTC 2019 /home/travis/build/icyphy/ptII/ptolemy/actor/lib/test/auto/Expression10.xml
----------------- Instantiating /home/travis/build/icyphy/ptII/ptolemy/actor/lib/test/auto/Expression10.xml
7 ms. Memory: 474112K Free: 206967K (44%)
----------------- Invoking toplevel() on ptolemy.moml.MoMLSimpleApplication@520a972
----------------- Done invoking toplevel() on ptolemy.moml.MoMLSimpleApplication@520a972
reloadAllAccessors: .Expression10

===========================================================================================
----------------- testing Tue Nov 26 06:25:19 UTC 2019 /home/travis/build/icyphy/ptII/ptolemy/actor/lib/test/auto/Expression11.xml
----------------- Instantiating /home/travis/build/icyphy/ptII/ptolemy/actor/lib/test/auto/Expression11.xml
2 ms. Memory: 474112K Free: 202871K (43%)
----------------- Invoking toplevel() on ptolemy.moml.MoMLSimpleApplication@46e2087f
----------------- Done invoking toplevel() on ptolemy.moml.MoMLSimpleApplication@46e2087f
reloadAllAccessors: .Expression11

===========================================================================================
----------------- testing Tue Nov 26 06:25:19 UTC 2019 /home/travis/build/icyphy/ptII/ptolemy/actor/lib/test/auto/Expression12.xml
----------------- Instantiating /home/travis/build/icyphy/ptII/ptolemy/actor/lib/test/auto/Expression12.xml
3 ms. Memory: 474112K Free: 197241K (42%)
----------------- Invoking toplevel() on ptolemy.moml.MoMLSimpleApplication@55a10191
----------------- Done invoking toplevel() on ptolemy.moml.MoMLSimpleApplication@55a10191
reloadAllAccessors: .Expression12

===========================================================================================
----------------- testing Tue Nov 26 06:25:19 UTC 2019 /home/travis/build/icyphy/ptII/ptolemy/actor/lib/test/auto/Expression13.xml
----------------- Instantiating /home/travis/build/icyphy/ptII/ptolemy/actor/lib/test/auto/Expression13.xml
3 ms. Memory: 474112K Free: 192631K (41%)
----------------- Invoking toplevel() on ptolemy.moml.MoMLSimpleApplication@a0155cd
----------------- Done invoking toplevel() on ptolemy.moml.MoMLSimpleApplication@a0155cd
reloadAllAccessors: .Expression13

===========================================================================================
----------------- testing Tue Nov 26 06:25:19 UTC 2019 /home/travis/build/icyphy/ptII/ptolemy/actor/lib/test/auto/Expression14.xml
----------------- Instantiating /home/travis/build/icyphy/ptII/ptolemy/actor/lib/test/auto/Expression14.xml
9 ms. Memory: 474112K Free: 186487K (39%)
----------------- Invoking toplevel() on ptolemy.moml.MoMLSimpleApplication@5b50670c
----------------- Done invoking toplevel() on ptolemy.moml.MoMLSimpleApplication@5b50670c
reloadAllAccessors: .Expression14

===========================================================================================
----------------- testing Tue Nov 26 06:25:19 UTC 2019 /home/travis/build/icyphy/ptII/ptolemy/actor/lib/test/auto/Expression15.xml
----------------- Instantiating /home/travis/build/icyphy/ptII/ptolemy/actor/lib/test/auto/Expression15.xml
4 ms. Memory: 474112K Free: 182905K (39%)
----------------- Invoking toplevel() on ptolemy.moml.MoMLSimpleApplication@7d42aaba
----------------- Done invoking toplevel() on ptolemy.moml.MoMLSimpleApplication@7d42aaba
reloadAllAccessors: .Expression15

===========================================================================================
----------------- testing Tue Nov 26 06:25:19 UTC 2019 /home/travis/build/icyphy/ptII/ptolemy/actor/lib/test/auto/Expression16.xml
----------------- Instantiating /home/travis/build/icyphy/ptII/ptolemy/actor/lib/test/auto/Expression16.xml
4 ms. Memory: 474112K Free: 178295K (38%)
----------------- Invoking toplevel() on ptolemy.moml.MoMLSimpleApplication@7853bcf5
----------------- Done invoking toplevel() on ptolemy.moml.MoMLSimpleApplication@7853bcf5
reloadAllAccessors: .Expression16

===========================================================================================
----------------- testing Tue Nov 26 06:25:19 UTC 2019 /home/travis/build/icyphy/ptII/ptolemy/actor/lib/test/auto/Expression17.xml
----------------- Instantiating /home/travis/build/icyphy/ptII/ptolemy/actor/lib/test/auto/Expression17.xml
5 ms. Memory: 474112K Free: 173175K (37%)
----------------- Invoking toplevel() on ptolemy.moml.MoMLSimpleApplication@6abfde23
----------------- Done invoking toplevel() on ptolemy.moml.MoMLSimpleApplication@6abfde23
reloadAllAccessors: .Expression17

===========================================================================================
----------------- testing Tue Nov 26 06:25:19 UTC 2019 /home/travis/build/icyphy/ptII/ptolemy/actor/lib/test/auto/Expression18.xml
----------------- Instantiating /home/travis/build/icyphy/ptII/ptolemy/actor/lib/test/auto/Expression18.xml
6 ms. Memory: 474112K Free: 168567K (36%)
----------------- Invoking toplevel() on ptolemy.moml.MoMLSimpleApplication@5f37b913
----------------- Done invoking toplevel() on ptolemy.moml.MoMLSimpleApplication@5f37b913
reloadAllAccessors: .Expression18

===========================================================================================
----------------- testing Tue Nov 26 06:25:19 UTC 2019 /home/travis/build/icyphy/ptII/ptolemy/actor/lib/test/auto/Expression2.xml
----------------- Instantiating /home/travis/build/icyphy/ptII/ptolemy/actor/lib/test/auto/Expression2.xml
3 ms. Memory: 474112K Free: 163449K (34%)
----------------- Invoking toplevel() on ptolemy.moml.MoMLSimpleApplication@3edfad9d
----------------- Done invoking toplevel() on ptolemy.moml.MoMLSimpleApplication@3edfad9d
reloadAllAccessors: .Expression2

===========================================================================================
----------------- testing Tue Nov 26 06:25:19 UTC 2019 /home/travis/build/icyphy/ptII/ptolemy/actor/lib/test/auto/Expression3.xml
----------------- Instantiating /home/travis/build/icyphy/ptII/ptolemy/actor/lib/test/auto/Expression3.xml
8 ms. Memory: 474112K Free: 158329K (33%)
----------------- Invoking toplevel() on ptolemy.moml.MoMLSimpleApplication@50b0860c
----------------- Done invoking toplevel() on ptolemy.moml.MoMLSimpleApplication@50b0860c
reloadAllAccessors: .Expression3

===========================================================================================
----------------- testing Tue Nov 26 06:25:19 UTC 2019 /home/travis/build/icyphy/ptII/ptolemy/actor/lib/test/auto/Expression4.xml
----------------- Instantiating /home/travis/build/icyphy/ptII/ptolemy/actor/lib/test/auto/Expression4.xml
7 ms. Memory: 474112K Free: 151161K (32%)
----------------- Invoking toplevel() on ptolemy.moml.MoMLSimpleApplication@1705de3b
----------------- Done invoking toplevel() on ptolemy.moml.MoMLSimpleApplication@1705de3b
reloadAllAccessors: .Expression4

===========================================================================================
----------------- testing Tue Nov 26 06:25:19 UTC 2019 /home/travis/build/icyphy/ptII/ptolemy/actor/lib/test/auto/Expression5.xml
----------------- Instantiating /home/travis/build/icyphy/ptII/ptolemy/actor/lib/test/auto/Expression5.xml
4 ms. Memory: 569344K Free: 518248K (91%)
----------------- Invoking toplevel() on ptolemy.moml.MoMLSimpleApplication@7678051c
----------------- Done invoking toplevel() on ptolemy.moml.MoMLSimpleApplication@7678051c
reloadAllAccessors: .Expression5

===========================================================================================
----------------- testing Tue Nov 26 06:25:19 UTC 2019 /home/travis/build/icyphy/ptII/ptolemy/actor/lib/test/auto/Expression6.xml
----------------- Instantiating /home/travis/build/icyphy/ptII/ptolemy/actor/lib/test/auto/Expression6.xml
3 ms. Memory: 569344K Free: 513638K (90%)
----------------- Invoking toplevel() on ptolemy.moml.MoMLSimpleApplication@381bc600
----------------- Done invoking toplevel() on ptolemy.moml.MoMLSimpleApplication@381bc600
reloadAllAccessors: .Expression6

===========================================================================================
----------------- testing Tue Nov 26 06:25:19 UTC 2019 /home/travis/build/icyphy/ptII/ptolemy/actor/lib/test/auto/Expression7.xml
----------------- Instantiating /home/travis/build/icyphy/ptII/ptolemy/actor/lib/test/auto/Expression7.xml
3 ms. Memory: 569344K Free: 508518K (89%)
----------------- Invoking toplevel() on ptolemy.moml.MoMLSimpleApplication@1de42405
----------------- Done invoking toplevel() on ptolemy.moml.MoMLSimpleApplication@1de42405
reloadAllAccessors: .Expression7

===========================================================================================
----------------- testing Tue Nov 26 06:25:19 UTC 2019 /home/travis/build/icyphy/ptII/ptolemy/actor/lib/test/auto/Expression8.xml
----------------- Instantiating /home/travis/build/icyphy/ptII/ptolemy/actor/lib/test/auto/Expression8.xml
10 ms. Memory: 569344K Free: 503912K (89%)
----------------- Invoking toplevel() on ptolemy.moml.MoMLSimpleApplication@42db6e8b
----------------- Done invoking toplevel() on ptolemy.moml.MoMLSimpleApplication@42db6e8b
reloadAllAccessors: .Expression8

===========================================================================================
----------------- testing Tue Nov 26 06:25:19 UTC 2019 /home/travis/build/icyphy/ptII/ptolemy/actor/lib/test/auto/Expression9.xml
----------------- Instantiating /home/travis/build/icyphy/ptII/ptolemy/actor/lib/test/auto/Expression9.xml
1 ms. Memory: 569344K Free: 499816K (88%)
----------------- Invoking toplevel() on ptolemy.moml.MoMLSimpleApplication@52d057d0
----------------- Done invoking toplevel() on ptolemy.moml.MoMLSimpleApplication@52d057d0
reloadAllAccessors: .Expression9

===========================================================================================
----------------- testing Tue Nov 26 06:25:19 UTC 2019 /home/travis/build/icyphy/ptII/ptolemy/actor/lib/test/auto/ExpressionConcatenateArrayType.xml
----------------- Instantiating /home/travis/build/icyphy/ptII/ptolemy/actor/lib/test/auto/ExpressionConcatenateArrayType.xml
3 ms. Memory: 569344K Free: 493158K (87%)
----------------- Invoking toplevel() on ptolemy.moml.MoMLSimpleApplication@7bd3a473
----------------- Done invoking toplevel() on ptolemy.moml.MoMLSimpleApplication@7bd3a473
reloadAllAccessors: .ExpressionConcatenateArrayType

===========================================================================================
----------------- testing Tue Nov 26 06:25:19 UTC 2019 /home/travis/build/icyphy/ptII/ptolemy/actor/lib/test/auto/ExpressionConcatenateArrayType2.xml
----------------- Instantiating /home/travis/build/icyphy/ptII/ptolemy/actor/lib/test/auto/ExpressionConcatenateArrayType2.xml
3 ms. Memory: 569344K Free: 488038K (86%)
----------------- Invoking toplevel() on ptolemy.moml.MoMLSimpleApplication@7304736a
----------------- Done invoking toplevel() on ptolemy.moml.MoMLSimpleApplication@7304736a
reloadAllAccessors: .ExpressionConcatenateArrayType2

===========================================================================================
----------------- testing Tue Nov 26 06:25:19 UTC 2019 /home/travis/build/icyphy/ptII/ptolemy/actor/lib/test/auto/ExpressionFix.xml
----------------- Instantiating /home/travis/build/icyphy/ptII/ptolemy/actor/lib/test/auto/ExpressionFix.xml
21 ms. Memory: 569344K Free: 481384K (85%)
----------------- Invoking toplevel() on ptolemy.moml.MoMLSimpleApplication@127f6a58
----------------- Done invoking toplevel() on ptolemy.moml.MoMLSimpleApplication@127f6a58
reloadAllAccessors: .ExpressionFix

===========================================================================================
----------------- testing Tue Nov 26 06:25:19 UTC 2019 /home/travis/build/icyphy/ptII/ptolemy/actor/lib/test/auto/ExpressionFix2.xml
----------------- Instantiating /home/travis/build/icyphy/ptII/ptolemy/actor/lib/test/auto/ExpressionFix2.xml
4 ms. Memory: 569344K Free: 477798K (84%)
----------------- Invoking toplevel() on ptolemy.moml.MoMLSimpleApplication@5bbc83ac
----------------- Done invoking toplevel() on ptolemy.moml.MoMLSimpleApplication@5bbc83ac
reloadAllAccessors: .ExpressionFix2

===========================================================================================
----------------- testing Tue Nov 26 06:25:20 UTC 2019 /home/travis/build/icyphy/ptII/ptolemy/actor/lib/test/auto/ExpressionFix3.xml
----------------- Instantiating /home/travis/build/icyphy/ptII/ptolemy/actor/lib/test/auto/ExpressionFix3.xml
4 ms. Memory: 569344K Free: 473192K (83%)
----------------- Invoking toplevel() on ptolemy.moml.MoMLSimpleApplication@47eb4fbe
----------------- Done invoking toplevel() on ptolemy.moml.MoMLSimpleApplication@47eb4fbe
reloadAllAccessors: .ExpressionFix3

===========================================================================================
----------------- testing Tue Nov 26 06:25:20 UTC 2019 /home/travis/build/icyphy/ptII/ptolemy/actor/lib/test/auto/FileWriter1.xml
----------------- Instantiating /home/travis/build/icyphy/ptII/ptolemy/actor/lib/test/auto/FileWriter1.xml
2 ms. Memory: 569344K Free: 469096K (82%)
----------------- Invoking toplevel() on ptolemy.moml.MoMLSimpleApplication@671dd4f9
----------------- Done invoking toplevel() on ptolemy.moml.MoMLSimpleApplication@671dd4f9
reloadAllAccessors: .FileWriter1

===========================================================================================
----------------- testing Tue Nov 26 06:25:20 UTC 2019 /home/travis/build/icyphy/ptII/ptolemy/actor/lib/test/auto/FileWriter2.xml
----------------- Instantiating /home/travis/build/icyphy/ptII/ptolemy/actor/lib/test/auto/FileWriter2.xml
5 ms. Memory: 569344K Free: 465000K (82%)
----------------- Invoking toplevel() on ptolemy.moml.MoMLSimpleApplication@71fa0f6d
----------------- Done invoking toplevel() on ptolemy.moml.MoMLSimpleApplication@71fa0f6d
reloadAllAccessors: .FileWriter2

===========================================================================================
----------------- testing Tue Nov 26 06:25:20 UTC 2019 /home/travis/build/icyphy/ptII/ptolemy/actor/lib/test/auto/FileWriter3.xml
----------------- Instantiating /home/travis/build/icyphy/ptII/ptolemy/actor/lib/test/auto/FileWriter3.xml
5 ms. Memory: 569344K Free: 460904K (81%)
----------------- Invoking toplevel() on ptolemy.moml.MoMLSimpleApplication@75472604
----------------- Done invoking toplevel() on ptolemy.moml.MoMLSimpleApplication@75472604
reloadAllAccessors: .FileWriter3

===========================================================================================
----------------- testing Tue Nov 26 06:25:20 UTC 2019 /home/travis/build/icyphy/ptII/ptolemy/actor/lib/test/auto/Gaussian.xml
----------------- Instantiating /home/travis/build/icyphy/ptII/ptolemy/actor/lib/test/auto/Gaussian.xml
4 ms. Memory: 569344K Free: 456294K (80%)
----------------- Invoking toplevel() on ptolemy.moml.MoMLSimpleApplication@26e04ff4
----------------- Done invoking toplevel() on ptolemy.moml.MoMLSimpleApplication@26e04ff4
reloadAllAccessors: .Gaussian

===========================================================================================
----------------- testing Tue Nov 26 06:25:20 UTC 2019 /home/travis/build/icyphy/ptII/ptolemy/actor/lib/test/auto/Gaussian1.xml
----------------- Instantiating /home/travis/build/icyphy/ptII/ptolemy/actor/lib/test/auto/Gaussian1.xml
12 ms. Memory: 569344K Free: 451160K (79%)
----------------- Invoking toplevel() on ptolemy.moml.MoMLSimpleApplication@5c6ef43
----------------- Done invoking toplevel() on ptolemy.moml.MoMLSimpleApplication@5c6ef43
reloadAllAccessors: .Gaussian1

===========================================================================================
----------------- testing Tue Nov 26 06:25:20 UTC 2019 /home/travis/build/icyphy/ptII/ptolemy/actor/lib/test/auto/Gaussian2.xml
----------------- Instantiating /home/travis/build/icyphy/ptII/ptolemy/actor/lib/test/auto/Gaussian2.xml
2 ms. Memory: 569344K Free: 445544K (78%)
----------------- Invoking toplevel() on ptolemy.moml.MoMLSimpleApplication@66f7e0d7
----------------- Done invoking toplevel() on ptolemy.moml.MoMLSimpleApplication@66f7e0d7
reloadAllAccessors: .Gaussian2

===========================================================================================
----------------- testing Tue Nov 26 06:25:20 UTC 2019 /home/travis/build/icyphy/ptII/ptolemy/actor/lib/test/auto/GradientAdaptiveLattice.xml
----------------- Instantiating /home/travis/build/icyphy/ptII/ptolemy/actor/lib/test/auto/GradientAdaptiveLattice.xml
2 ms. Memory: 569344K Free: 439910K (77%)
----------------- Invoking toplevel() on ptolemy.moml.MoMLSimpleApplication@4739faaa
----------------- Done invoking toplevel() on ptolemy.moml.MoMLSimpleApplication@4739faaa
reloadAllAccessors: .GradientAdaptiveLattice

===========================================================================================
----------------- testing Tue Nov 26 06:25:20 UTC 2019 /home/travis/build/icyphy/ptII/ptolemy/actor/lib/test/auto/IIR.xml
----------------- Instantiating /home/travis/build/icyphy/ptII/ptolemy/actor/lib/test/auto/IIR.xml
2 ms. Memory: 569344K Free: 435814K (77%)
----------------- Invoking toplevel() on ptolemy.moml.MoMLSimpleApplication@6d6d573d
----------------- Done invoking toplevel() on ptolemy.moml.MoMLSimpleApplication@6d6d573d
reloadAllAccessors: .IIR

===========================================================================================
----------------- testing Tue Nov 26 06:25:20 UTC 2019 /home/travis/build/icyphy/ptII/ptolemy/actor/lib/test/auto/InputOutputTransparentPorts.xml
----------------- Instantiating /home/travis/build/icyphy/ptII/ptolemy/actor/lib/test/auto/InputOutputTransparentPorts.xml
2 ms. Memory: 569344K Free: 428646K (75%)
----------------- Invoking toplevel() on ptolemy.moml.MoMLSimpleApplication@2a0e9e5f
----------------- Done invoking toplevel() on ptolemy.moml.MoMLSimpleApplication@2a0e9e5f
reloadAllAccessors: .InputOutputTransparentPorts

===========================================================================================
----------------- testing Tue Nov 26 06:25:20 UTC 2019 /home/travis/build/icyphy/ptII/ptolemy/actor/lib/test/auto/Interpolator.xml
----------------- Instantiating /home/travis/build/icyphy/ptII/ptolemy/actor/lib/test/auto/Interpolator.xml
4 ms. Memory: 569344K Free: 424550K (75%)
----------------- Invoking toplevel() on ptolemy.moml.MoMLSimpleApplication@7e9bfb01
----------------- Done invoking toplevel() on ptolemy.moml.MoMLSimpleApplication@7e9bfb01
reloadAllAccessors: .Interpolator

===========================================================================================
----------------- testing Tue Nov 26 06:25:20 UTC 2019 /home/travis/build/icyphy/ptII/ptolemy/actor/lib/test/auto/InterpolatorFiringLimitDE.xml
----------------- Instantiating /home/travis/build/icyphy/ptII/ptolemy/actor/lib/test/auto/InterpolatorFiringLimitDE.xml
3 ms. Memory: 569344K Free: 418920K (74%)
----------------- Invoking toplevel() on ptolemy.moml.MoMLSimpleApplication@42ff7083
----------------- Done invoking toplevel() on ptolemy.moml.MoMLSimpleApplication@42ff7083
reloadAllAccessors: .InterpolatorFiringLimitDE

===========================================================================================
----------------- testing Tue Nov 26 06:25:20 UTC 2019 /home/travis/build/icyphy/ptII/ptolemy/actor/lib/test/auto/Lattice.xml
----------------- Instantiating /home/travis/build/icyphy/ptII/ptolemy/actor/lib/test/auto/Lattice.xml
2 ms. Memory: 569344K Free: 414824K (73%)
----------------- Invoking toplevel() on ptolemy.moml.MoMLSimpleApplication@3308903c
----------------- Done invoking toplevel() on ptolemy.moml.MoMLSimpleApplication@3308903c
reloadAllAccessors: .Lattice

===========================================================================================
----------------- testing Tue Nov 26 06:25:20 UTC 2019 /home/travis/build/icyphy/ptII/ptolemy/actor/lib/test/auto/LazyAOCTestLazy.xml
----------------- Instantiating /home/travis/build/icyphy/ptII/ptolemy/actor/lib/test/auto/LazyAOCTestLazy.xml
14 ms. Memory: 569344K Free: 408680K (72%)
----------------- Invoking toplevel() on ptolemy.moml.MoMLSimpleApplication@35ff2b43
----------------- Done invoking toplevel() on ptolemy.moml.MoMLSimpleApplication@35ff2b43
reloadAllAccessors: .LazyAOCTestLazy

===========================================================================================
----------------- testing Tue Nov 26 06:25:20 UTC 2019 /home/travis/build/icyphy/ptII/ptolemy/actor/lib/test/auto/LazyAOCTestNonLazy.xml
----------------- Instantiating /home/travis/build/icyphy/ptII/ptolemy/actor/lib/test/auto/LazyAOCTestNonLazy.xml
2 ms. Memory: 569344K Free: 402536K (71%)
----------------- Invoking toplevel() on ptolemy.moml.MoMLSimpleApplication@20e0e3c0
----------------- Done invoking toplevel() on ptolemy.moml.MoMLSimpleApplication@20e0e3c0
reloadAllAccessors: .LazyAOCTestNonLazy

===========================================================================================
----------------- testing Tue Nov 26 06:25:20 UTC 2019 /home/travis/build/icyphy/ptII/ptolemy/actor/lib/test/auto/LazyInnerClass.xml
----------------- Instantiating /home/travis/build/icyphy/ptII/ptolemy/actor/lib/test/auto/LazyInnerClass.xml
27 ms. Memory: 569344K Free: 393800K (69%)
----------------- Invoking toplevel() on ptolemy.moml.MoMLSimpleApplication@2309a02
----------------- Done invoking toplevel() on ptolemy.moml.MoMLSimpleApplication@2309a02
reloadAllAccessors: .LazyInnerClass

===========================================================================================
----------------- testing Tue Nov 26 06:25:20 UTC 2019 /home/travis/build/icyphy/ptII/ptolemy/actor/lib/test/auto/LazyPubSub.xml
----------------- Instantiating /home/travis/build/icyphy/ptII/ptolemy/actor/lib/test/auto/LazyPubSub.xml
19 ms. Memory: 569344K Free: 383590K (67%)
----------------- Invoking toplevel() on ptolemy.moml.MoMLSimpleApplication@60225b28
----------------- Done invoking toplevel() on ptolemy.moml.MoMLSimpleApplication@60225b28
reloadAllAccessors: .LazyPubSub

===========================================================================================
----------------- testing Tue Nov 26 06:25:20 UTC 2019 /home/travis/build/icyphy/ptII/ptolemy/actor/lib/test/auto/LazyPubSub2.xml
----------------- Instantiating /home/travis/build/icyphy/ptII/ptolemy/actor/lib/test/auto/LazyPubSub2.xml
17 ms. Memory: 569344K Free: 374360K (66%)
----------------- Invoking toplevel() on ptolemy.moml.MoMLSimpleApplication@40523d8d
----------------- Done invoking toplevel() on ptolemy.moml.MoMLSimpleApplication@40523d8d
reloadAllAccessors: .LazyPubSub2

===========================================================================================
----------------- testing Tue Nov 26 06:25:20 UTC 2019 /home/travis/build/icyphy/ptII/ptolemy/actor/lib/test/auto/LazyPubSub3.xml
----------------- Instantiating /home/travis/build/icyphy/ptII/ptolemy/actor/lib/test/auto/LazyPubSub3.xml
18 ms. Memory: 569344K Free: 364134K (64%)
----------------- Invoking toplevel() on ptolemy.moml.MoMLSimpleApplication@684b5d8
----------------- Done invoking toplevel() on ptolemy.moml.MoMLSimpleApplication@684b5d8
reloadAllAccessors: .LazyPubSub3

===========================================================================================
----------------- testing Tue Nov 26 06:25:20 UTC 2019 /home/travis/build/icyphy/ptII/ptolemy/actor/lib/test/auto/LazySubClassModel.xml
----------------- Instantiating /home/travis/build/icyphy/ptII/ptolemy/actor/lib/test/auto/LazySubClassModel.xml
2 ms. Memory: 569344K Free: 354918K (62%)
----------------- Invoking toplevel() on ptolemy.moml.MoMLSimpleApplication@6e40c5b8
----------------- Done invoking toplevel() on ptolemy.moml.MoMLSimpleApplication@6e40c5b8
reloadAllAccessors: .LazySubClassModel

===========================================================================================
----------------- testing Tue Nov 26 06:25:20 UTC 2019 /home/travis/build/icyphy/ptII/ptolemy/actor/lib/test/auto/LevelCrossTest1.xml
----------------- Instantiating /home/travis/build/icyphy/ptII/ptolemy/actor/lib/test/auto/LevelCrossTest1.xml
2 ms. Memory: 569344K Free: 349798K (61%)
----------------- Invoking toplevel() on ptolemy.moml.MoMLSimpleApplication@56762a62
----------------- Done invoking toplevel() on ptolemy.moml.MoMLSimpleApplication@56762a62
reloadAllAccessors: .broken

===========================================================================================
----------------- testing Tue Nov 26 06:25:20 UTC 2019 /home/travis/build/icyphy/ptII/ptolemy/actor/lib/test/auto/LevelCrossTest10.xml
----------------- Instantiating /home/travis/build/icyphy/ptII/ptolemy/actor/lib/test/auto/LevelCrossTest10.xml
1 ms. Memory: 569344K Free: 342120K (60%)
----------------- Invoking toplevel() on ptolemy.moml.MoMLSimpleApplication@7bf559f8
----------------- Done invoking toplevel() on ptolemy.moml.MoMLSimpleApplication@7bf559f8
reloadAllAccessors: .LevelCrossTest10

===========================================================================================
----------------- testing Tue Nov 26 06:25:20 UTC 2019 /home/travis/build/icyphy/ptII/ptolemy/actor/lib/test/auto/LevelCrossTest11.xml
----------------- Instantiating /home/travis/build/icyphy/ptII/ptolemy/actor/lib/test/auto/LevelCrossTest11.xml
1 ms. Memory: 569344K Free: 335462K (59%)
----------------- Invoking toplevel() on ptolemy.moml.MoMLSimpleApplication@4eb06f4b
----------------- Done invoking toplevel() on ptolemy.moml.MoMLSimpleApplication@4eb06f4b
reloadAllAccessors: .LevelCrossTest11

===========================================================================================
----------------- testing Tue Nov 26 06:25:20 UTC 2019 /home/travis/build/icyphy/ptII/ptolemy/actor/lib/test/auto/LevelCrossTest12.xml
----------------- Instantiating /home/travis/build/icyphy/ptII/ptolemy/actor/lib/test/auto/LevelCrossTest12.xml
1 ms. Memory: 569344K Free: 329318K (58%)
----------------- Invoking toplevel() on ptolemy.moml.MoMLSimpleApplication@236dc777
----------------- Done invoking toplevel() on ptolemy.moml.MoMLSimpleApplication@236dc777
reloadAllAccessors: .LevelCrossTest12

===========================================================================================
----------------- testing Tue Nov 26 06:25:20 UTC 2019 /home/travis/build/icyphy/ptII/ptolemy/actor/lib/test/auto/LevelCrossTest13.xml
----------------- Instantiating /home/travis/build/icyphy/ptII/ptolemy/actor/lib/test/auto/LevelCrossTest13.xml
4 ms. Memory: 569344K Free: 321640K (56%)
----------------- Invoking toplevel() on ptolemy.moml.MoMLSimpleApplication@4d7c5f6f
----------------- Done invoking toplevel() on ptolemy.moml.MoMLSimpleApplication@4d7c5f6f
reloadAllAccessors: .LevelCrossTest13

===========================================================================================
----------------- testing Tue Nov 26 06:25:20 UTC 2019 /home/travis/build/icyphy/ptII/ptolemy/actor/lib/test/auto/LevelCrossTest2.xml
----------------- Instantiating /home/travis/build/icyphy/ptII/ptolemy/actor/lib/test/auto/LevelCrossTest2.xml
1 ms. Memory: 569344K Free: 316006K (56%)
----------------- Invoking toplevel() on ptolemy.moml.MoMLSimpleApplication@517a27e7
----------------- Done invoking toplevel() on ptolemy.moml.MoMLSimpleApplication@517a27e7
reloadAllAccessors: .broken

===========================================================================================
----------------- testing Tue Nov 26 06:25:20 UTC 2019 /home/travis/build/icyphy/ptII/ptolemy/actor/lib/test/auto/LevelCrossTest3.xml
----------------- Instantiating /home/travis/build/icyphy/ptII/ptolemy/actor/lib/test/auto/LevelCrossTest3.xml
2 ms. Memory: 569344K Free: 309832K (54%)
----------------- Invoking toplevel() on ptolemy.moml.MoMLSimpleApplication@1a8988ed
----------------- Done invoking toplevel() on ptolemy.moml.MoMLSimpleApplication@1a8988ed
reloadAllAccessors: .LevelCrossTest3

===========================================================================================
----------------- testing Tue Nov 26 06:25:20 UTC 2019 /home/travis/build/icyphy/ptII/ptolemy/actor/lib/test/auto/LevelCrossTest4.xml
----------------- Instantiating /home/travis/build/icyphy/ptII/ptolemy/actor/lib/test/auto/LevelCrossTest4.xml
1 ms. Memory: 569344K Free: 304742K (54%)
----------------- Invoking toplevel() on ptolemy.moml.MoMLSimpleApplication@61d0b519
----------------- Done invoking toplevel() on ptolemy.moml.MoMLSimpleApplication@61d0b519
reloadAllAccessors: .broken

===========================================================================================
----------------- testing Tue Nov 26 06:25:20 UTC 2019 /home/travis/build/icyphy/ptII/ptolemy/actor/lib/test/auto/LevelCrossTest5.xml
----------------- Instantiating /home/travis/build/icyphy/ptII/ptolemy/actor/lib/test/auto/LevelCrossTest5.xml
1 ms. Memory: 569344K Free: 298088K (52%)
----------------- Invoking toplevel() on ptolemy.moml.MoMLSimpleApplication@6567b673
----------------- Done invoking toplevel() on ptolemy.moml.MoMLSimpleApplication@6567b673
reloadAllAccessors: .LevelCrossTest5

===========================================================================================
----------------- testing Tue Nov 26 06:25:20 UTC 2019 /home/travis/build/icyphy/ptII/ptolemy/actor/lib/test/auto/LevelCrossTest6.xml
----------------- Instantiating /home/travis/build/icyphy/ptII/ptolemy/actor/lib/test/auto/LevelCrossTest6.xml
1 ms. Memory: 569344K Free: 291430K (51%)
----------------- Invoking toplevel() on ptolemy.moml.MoMLSimpleApplication@2b56d5a5
----------------- Done invoking toplevel() on ptolemy.moml.MoMLSimpleApplication@2b56d5a5
reloadAllAccessors: .LevelCrossTest6

===========================================================================================
----------------- testing Tue Nov 26 06:25:20 UTC 2019 /home/travis/build/icyphy/ptII/ptolemy/actor/lib/test/auto/LevelCrossTest7.xml
----------------- Instantiating /home/travis/build/icyphy/ptII/ptolemy/actor/lib/test/auto/LevelCrossTest7.xml
1 ms. Memory: 569344K Free: 284776K (50%)
----------------- Invoking toplevel() on ptolemy.moml.MoMLSimpleApplication@4e3dbbc9
----------------- Done invoking toplevel() on ptolemy.moml.MoMLSimpleApplication@4e3dbbc9
reloadAllAccessors: .LevelCrossTest7

===========================================================================================
----------------- testing Tue Nov 26 06:25:20 UTC 2019 /home/travis/build/icyphy/ptII/ptolemy/actor/lib/test/auto/LevelCrossTest8.xml
----------------- Instantiating /home/travis/build/icyphy/ptII/ptolemy/actor/lib/test/auto/LevelCrossTest8.xml
2 ms. Memory: 569344K Free: 277094K (49%)
----------------- Invoking toplevel() on ptolemy.moml.MoMLSimpleApplication@13a2d5a5
----------------- Done invoking toplevel() on ptolemy.moml.MoMLSimpleApplication@13a2d5a5
reloadAllAccessors: .LevelCrossTest8

===========================================================================================
----------------- testing Tue Nov 26 06:25:20 UTC 2019 /home/travis/build/icyphy/ptII/ptolemy/actor/lib/test/auto/LevelCrossTest9.xml
----------------- Instantiating /home/travis/build/icyphy/ptII/ptolemy/actor/lib/test/auto/LevelCrossTest9.xml
2 ms. Memory: 569344K Free: 269926K (47%)
----------------- Invoking toplevel() on ptolemy.moml.MoMLSimpleApplication@34a2fa24
----------------- Done invoking toplevel() on ptolemy.moml.MoMLSimpleApplication@34a2fa24
reloadAllAccessors: .LevelCrossTest9

===========================================================================================
----------------- testing Tue Nov 26 06:25:20 UTC 2019 /home/travis/build/icyphy/ptII/ptolemy/actor/lib/test/auto/LevinsonDurbin.xml
----------------- Instantiating /home/travis/build/icyphy/ptII/ptolemy/actor/lib/test/auto/LevinsonDurbin.xml
1 ms. Memory: 569344K Free: 265830K (47%)
----------------- Invoking toplevel() on ptolemy.moml.MoMLSimpleApplication@31ef6821
----------------- Done invoking toplevel() on ptolemy.moml.MoMLSimpleApplication@31ef6821
reloadAllAccessors: .LevinsonDurbin

===========================================================================================
----------------- testing Tue Nov 26 06:25:20 UTC 2019 /home/travis/build/icyphy/ptII/ptolemy/actor/lib/test/auto/LevinsonDurbin2.xml
----------------- Instantiating /home/travis/build/icyphy/ptII/ptolemy/actor/lib/test/auto/LevinsonDurbin2.xml
1 ms. Memory: 569344K Free: 262248K (46%)
----------------- Invoking toplevel() on ptolemy.moml.MoMLSimpleApplication@2e4cc54c
----------------- Done invoking toplevel() on ptolemy.moml.MoMLSimpleApplication@2e4cc54c
reloadAllAccessors: .LevinsonDurbin2

===========================================================================================
----------------- testing Tue Nov 26 06:25:20 UTC 2019 /home/travis/build/icyphy/ptII/ptolemy/actor/lib/test/auto/LevinsonDurbin3.xml
----------------- Instantiating /home/travis/build/icyphy/ptII/ptolemy/actor/lib/test/auto/LevinsonDurbin3.xml
2 ms. Memory: 569344K Free: 258152K (45%)
----------------- Invoking toplevel() on ptolemy.moml.MoMLSimpleApplication@4ccbfc7
----------------- Done invoking toplevel() on ptolemy.moml.MoMLSimpleApplication@4ccbfc7
reloadAllAccessors: .LevinsonDurbin3

===========================================================================================
----------------- testing Tue Nov 26 06:25:20 UTC 2019 /home/travis/build/icyphy/ptII/ptolemy/actor/lib/test/auto/Limiter.xml
----------------- Instantiating /home/travis/build/icyphy/ptII/ptolemy/actor/lib/test/auto/Limiter.xml
11 ms. Memory: 569344K Free: 248936K (44%)
----------------- Invoking toplevel() on ptolemy.moml.MoMLSimpleApplication@5615cc33
----------------- Done invoking toplevel() on ptolemy.moml.MoMLSimpleApplication@5615cc33
reloadAllAccessors: .Limiter

===========================================================================================
----------------- testing Tue Nov 26 06:25:21 UTC 2019 /home/travis/build/icyphy/ptII/ptolemy/actor/lib/test/auto/LinearDifferenceEquationSystem.xml
----------------- Instantiating /home/travis/build/icyphy/ptII/ptolemy/actor/lib/test/auto/LinearDifferenceEquationSystem.xml
17 ms. Memory: 569344K Free: 241254K (42%)
----------------- Invoking toplevel() on ptolemy.moml.MoMLSimpleApplication@6a45c029
----------------- Done invoking toplevel() on ptolemy.moml.MoMLSimpleApplication@6a45c029
reloadAllAccessors: .LinearDifferenceEquationSystem

===========================================================================================
----------------- testing Tue Nov 26 06:25:21 UTC 2019 /home/travis/build/icyphy/ptII/ptolemy/actor/lib/test/auto/LookupTable.xml
----------------- Instantiating /home/travis/build/icyphy/ptII/ptolemy/actor/lib/test/auto/LookupTable.xml
2 ms. Memory: 569344K Free: 237158K (42%)
----------------- Invoking toplevel() on ptolemy.moml.MoMLSimpleApplication@7d20080f
----------------- Done invoking toplevel() on ptolemy.moml.MoMLSimpleApplication@7d20080f
reloadAllAccessors: .LookupTable

===========================================================================================
----------------- testing Tue Nov 26 06:25:21 UTC 2019 /home/travis/build/icyphy/ptII/ptolemy/actor/lib/test/auto/MathFunction.xml
----------------- Instantiating /home/travis/build/icyphy/ptII/ptolemy/actor/lib/test/auto/MathFunction.xml
3 ms. Memory: 569344K Free: 228966K (40%)
----------------- Invoking toplevel() on ptolemy.moml.MoMLSimpleApplication@3d0e089b
----------------- Done invoking toplevel() on ptolemy.moml.MoMLSimpleApplication@3d0e089b
reloadAllAccessors: .MathFunction

===========================================================================================
----------------- testing Tue Nov 26 06:25:21 UTC 2019 /home/travis/build/icyphy/ptII/ptolemy/actor/lib/test/auto/MathFunction2.xml
----------------- Instantiating /home/travis/build/icyphy/ptII/ptolemy/actor/lib/test/auto/MathFunction2.xml
2 ms. Memory: 569344K Free: 224870K (39%)
----------------- Invoking toplevel() on ptolemy.moml.MoMLSimpleApplication@22a8dc53
----------------- Done invoking toplevel() on ptolemy.moml.MoMLSimpleApplication@22a8dc53
reloadAllAccessors: .MathFunction2

===========================================================================================
----------------- testing Tue Nov 26 06:25:21 UTC 2019 /home/travis/build/icyphy/ptII/ptolemy/actor/lib/test/auto/MathFunction3.xml
----------------- Instantiating /home/travis/build/icyphy/ptII/ptolemy/actor/lib/test/auto/MathFunction3.xml
8 ms. Memory: 569344K Free: 217702K (38%)
----------------- Invoking toplevel() on ptolemy.moml.MoMLSimpleApplication@7ecfdc7d
----------------- Done invoking toplevel() on ptolemy.moml.MoMLSimpleApplication@7ecfdc7d
reloadAllAccessors: .MathFunction3

===========================================================================================
----------------- testing Tue Nov 26 06:25:21 UTC 2019 /home/travis/build/icyphy/ptII/ptolemy/actor/lib/test/auto/MatrixCropBoolean.xml
----------------- Instantiating /home/travis/build/icyphy/ptII/ptolemy/actor/lib/test/auto/MatrixCropBoolean.xml
2 ms. Memory: 569344K Free: 213096K (37%)
----------------- Invoking toplevel() on ptolemy.moml.MoMLSimpleApplication@12b32c7a
----------------- Done invoking toplevel() on ptolemy.moml.MoMLSimpleApplication@12b32c7a
reloadAllAccessors: .MatrixCropBoolean

===========================================================================================
----------------- testing Tue Nov 26 06:25:21 UTC 2019 /home/travis/build/icyphy/ptII/ptolemy/actor/lib/test/auto/MatrixCropComplex.xml
----------------- Instantiating /home/travis/build/icyphy/ptII/ptolemy/actor/lib/test/auto/MatrixCropComplex.xml
1 ms. Memory: 569344K Free: 207976K (37%)
----------------- Invoking toplevel() on ptolemy.moml.MoMLSimpleApplication@202e5032
----------------- Done invoking toplevel() on ptolemy.moml.MoMLSimpleApplication@202e5032
reloadAllAccessors: .MatrixCropComplex

===========================================================================================
----------------- testing Tue Nov 26 06:25:21 UTC 2019 /home/travis/build/icyphy/ptII/ptolemy/actor/lib/test/auto/MatrixCropDouble.xml
----------------- Instantiating /home/travis/build/icyphy/ptII/ptolemy/actor/lib/test/auto/MatrixCropDouble.xml
3 ms. Memory: 569344K Free: 203360K (36%)
----------------- Invoking toplevel() on ptolemy.moml.MoMLSimpleApplication@115ffa57
----------------- Done invoking toplevel() on ptolemy.moml.MoMLSimpleApplication@115ffa57
reloadAllAccessors: .MatrixCropDouble

===========================================================================================
----------------- testing Tue Nov 26 06:25:21 UTC 2019 /home/travis/build/icyphy/ptII/ptolemy/actor/lib/test/auto/MatrixCropFix.xml
----------------- Instantiating /home/travis/build/icyphy/ptII/ptolemy/actor/lib/test/auto/MatrixCropFix.xml
3 ms. Memory: 569344K Free: 198232K (35%)
----------------- Invoking toplevel() on ptolemy.moml.MoMLSimpleApplication@7293d7f4
----------------- Done invoking toplevel() on ptolemy.moml.MoMLSimpleApplication@7293d7f4
reloadAllAccessors: .MatrixCropFix

===========================================================================================
----------------- testing Tue Nov 26 06:25:21 UTC 2019 /home/travis/build/icyphy/ptII/ptolemy/actor/lib/test/auto/MatrixCropInt.xml
----------------- Instantiating /home/travis/build/icyphy/ptII/ptolemy/actor/lib/test/auto/MatrixCropInt.xml
2 ms. Memory: 569344K Free: 193640K (34%)
----------------- Invoking toplevel() on ptolemy.moml.MoMLSimpleApplication@75aa09ad
----------------- Done invoking toplevel() on ptolemy.moml.MoMLSimpleApplication@75aa09ad
reloadAllAccessors: .MatrixCropInt

===========================================================================================
----------------- testing Tue Nov 26 06:25:21 UTC 2019 /home/travis/build/icyphy/ptII/ptolemy/actor/lib/test/auto/MatrixCropLong.xml
----------------- Instantiating /home/travis/build/icyphy/ptII/ptolemy/actor/lib/test/auto/MatrixCropLong.xml
1 ms. Memory: 569344K Free: 188520K (33%)
----------------- Invoking toplevel() on ptolemy.moml.MoMLSimpleApplication@11db8c2b
----------------- Done invoking toplevel() on ptolemy.moml.MoMLSimpleApplication@11db8c2b
reloadAllAccessors: .MatrixCropLong

===========================================================================================
----------------- testing Tue Nov 26 06:25:21 UTC 2019 /home/travis/build/icyphy/ptII/ptolemy/actor/lib/test/auto/MatrixToArray.xml
----------------- Instantiating /home/travis/build/icyphy/ptII/ptolemy/actor/lib/test/auto/MatrixToArray.xml
6 ms. Memory: 569344K Free: 507974K (89%)
----------------- Invoking toplevel() on ptolemy.moml.MoMLSimpleApplication@2b3dd973
----------------- Done invoking toplevel() on ptolemy.moml.MoMLSimpleApplication@2b3dd973
reloadAllAccessors: .MatrixToArray

===========================================================================================
----------------- testing Tue Nov 26 06:25:21 UTC 2019 /home/travis/build/icyphy/ptII/ptolemy/actor/lib/test/auto/MaxIndex.xml
----------------- Instantiating /home/travis/build/icyphy/ptII/ptolemy/actor/lib/test/auto/MaxIndex.xml
2 ms. Memory: 569344K Free: 502854K (88%)
----------------- Invoking toplevel() on ptolemy.moml.MoMLSimpleApplication@1cc1b937
----------------- Done invoking toplevel() on ptolemy.moml.MoMLSimpleApplication@1cc1b937
reloadAllAccessors: .MaxIndex

===========================================================================================
----------------- testing Tue Nov 26 06:25:21 UTC 2019 /home/travis/build/icyphy/ptII/ptolemy/actor/lib/test/auto/Maximum.xml
----------------- Instantiating /home/travis/build/icyphy/ptII/ptolemy/actor/lib/test/auto/Maximum.xml
6 ms. Memory: 569344K Free: 496200K (87%)
----------------- Invoking toplevel() on ptolemy.moml.MoMLSimpleApplication@29f8109e
----------------- Done invoking toplevel() on ptolemy.moml.MoMLSimpleApplication@29f8109e
reloadAllAccessors: .Maximum

===========================================================================================
----------------- testing Tue Nov 26 06:25:21 UTC 2019 /home/travis/build/icyphy/ptII/ptolemy/actor/lib/test/auto/MaximumComplex.xml
----------------- Instantiating /home/travis/build/icyphy/ptII/ptolemy/actor/lib/test/auto/MaximumComplex.xml
5 ms. Memory: 569344K Free: 490056K (86%)
----------------- Invoking toplevel() on ptolemy.moml.MoMLSimpleApplication@210d8e17
----------------- Done invoking toplevel() on ptolemy.moml.MoMLSimpleApplication@210d8e17
reloadAllAccessors: .MaximumComplex

===========================================================================================
----------------- testing Tue Nov 26 06:25:21 UTC 2019 /home/travis/build/icyphy/ptII/ptolemy/actor/lib/test/auto/MethodCallTest.xml
----------------- Instantiating /home/travis/build/icyphy/ptII/ptolemy/actor/lib/test/auto/MethodCallTest.xml
4 ms. Memory: 569344K Free: 483398K (85%)
----------------- Invoking toplevel() on ptolemy.moml.MoMLSimpleApplication@67516a3c
----------------- Done invoking toplevel() on ptolemy.moml.MoMLSimpleApplication@67516a3c
reloadAllAccessors: .MethodCallTest

===========================================================================================
----------------- testing Tue Nov 26 06:25:21 UTC 2019 /home/travis/build/icyphy/ptII/ptolemy/actor/lib/test/auto/Minimum.xml
----------------- Instantiating /home/travis/build/icyphy/ptII/ptolemy/actor/lib/test/auto/Minimum.xml
4 ms. Memory: 569344K Free: 477254K (84%)
----------------- Invoking toplevel() on ptolemy.moml.MoMLSimpleApplication@2fcad96d
----------------- Done invoking toplevel() on ptolemy.moml.MoMLSimpleApplication@2fcad96d
reloadAllAccessors: .Minimum

===========================================================================================
----------------- testing Tue Nov 26 06:25:21 UTC 2019 /home/travis/build/icyphy/ptII/ptolemy/actor/lib/test/auto/MinimumComplex.xml
----------------- Instantiating /home/travis/build/icyphy/ptII/ptolemy/actor/lib/test/auto/MinimumComplex.xml
5 ms. Memory: 569344K Free: 471095K (83%)
----------------- Invoking toplevel() on ptolemy.moml.MoMLSimpleApplication@32b41ed
----------------- Done invoking toplevel() on ptolemy.moml.MoMLSimpleApplication@32b41ed
reloadAllAccessors: .MinimumComplex

===========================================================================================
----------------- testing Tue Nov 26 06:25:21 UTC 2019 /home/travis/build/icyphy/ptII/ptolemy/actor/lib/test/auto/MinimumMultiports.xml
----------------- Instantiating /home/travis/build/icyphy/ptII/ptolemy/actor/lib/test/auto/MinimumMultiports.xml
10 ms. Memory: 569344K Free: 462408K (81%)
----------------- Invoking toplevel() on ptolemy.moml.MoMLSimpleApplication@7fb9625
----------------- Done invoking toplevel() on ptolemy.moml.MoMLSimpleApplication@7fb9625
reloadAllAccessors: .MinimumMultiports

===========================================================================================
----------------- testing Tue Nov 26 06:25:21 UTC 2019 /home/travis/build/icyphy/ptII/ptolemy/actor/lib/test/auto/ModifyDate.xml
----------------- Instantiating /home/travis/build/icyphy/ptII/ptolemy/actor/lib/test/auto/ModifyDate.xml
8 ms. Memory: 569344K Free: 449096K (79%)
----------------- Invoking toplevel() on ptolemy.moml.MoMLSimpleApplication@5a460fc8
----------------- Done invoking toplevel() on ptolemy.moml.MoMLSimpleApplication@5a460fc8
reloadAllAccessors: .ModifyDate

===========================================================================================
----------------- testing Tue Nov 26 06:25:21 UTC 2019 /home/travis/build/icyphy/ptII/ptolemy/actor/lib/test/auto/ModifyDate2.xml
----------------- Instantiating /home/travis/build/icyphy/ptII/ptolemy/actor/lib/test/auto/ModifyDate2.xml
5 ms. Memory: 569344K Free: 440390K (77%)
----------------- Invoking toplevel() on ptolemy.moml.MoMLSimpleApplication@172d6c7b
----------------- Done invoking toplevel() on ptolemy.moml.MoMLSimpleApplication@172d6c7b
reloadAllAccessors: .ModifyDate2

===========================================================================================
----------------- testing Tue Nov 26 06:25:21 UTC 2019 /home/travis/build/icyphy/ptII/ptolemy/actor/lib/test/auto/MovingAverage.xml
----------------- Instantiating /home/travis/build/icyphy/ptII/ptolemy/actor/lib/test/auto/MovingAverage.xml
2 ms. Memory: 569344K Free: 435784K (77%)
----------------- Invoking toplevel() on ptolemy.moml.MoMLSimpleApplication@731d4e00
----------------- Done invoking toplevel() on ptolemy.moml.MoMLSimpleApplication@731d4e00
reloadAllAccessors: .MovingAverage

===========================================================================================
----------------- testing Tue Nov 26 06:25:21 UTC 2019 /home/travis/build/icyphy/ptII/ptolemy/actor/lib/test/auto/MovingMaximum.xml
----------------- Instantiating /home/travis/build/icyphy/ptII/ptolemy/actor/lib/test/auto/MovingMaximum.xml
2 ms. Memory: 569344K Free: 431174K (76%)
----------------- Invoking toplevel() on ptolemy.moml.MoMLSimpleApplication@7ca30ace
----------------- Done invoking toplevel() on ptolemy.moml.MoMLSimpleApplication@7ca30ace
reloadAllAccessors: .MovingMaximum

===========================================================================================
----------------- testing Tue Nov 26 06:25:21 UTC 2019 /home/travis/build/icyphy/ptII/ptolemy/actor/lib/test/auto/MultipleLinksToSameRelation.xml
----------------- Instantiating /home/travis/build/icyphy/ptII/ptolemy/actor/lib/test/auto/MultipleLinksToSameRelation.xml
5 ms. Memory: 569344K Free: 427078K (75%)
----------------- Invoking toplevel() on ptolemy.moml.MoMLSimpleApplication@28efb391
----------------- Done invoking toplevel() on ptolemy.moml.MoMLSimpleApplication@28efb391
reloadAllAccessors: .MultipleLinksToSameRelation

===========================================================================================
----------------- testing Tue Nov 26 06:25:21 UTC 2019 /home/travis/build/icyphy/ptII/ptolemy/actor/lib/test/auto/MultipleLinksToSameRelationDE.xml
----------------- Instantiating /home/travis/build/icyphy/ptII/ptolemy/actor/lib/test/auto/MultipleLinksToSameRelationDE.xml
13 ms. Memory: 569344K Free: 422472K (74%)
----------------- Invoking toplevel() on ptolemy.moml.MoMLSimpleApplication@5f0d3e8b
----------------- Done invoking toplevel() on ptolemy.moml.MoMLSimpleApplication@5f0d3e8b
reloadAllAccessors: .MultipleLinksToSameRelationDE

===========================================================================================
----------------- testing Tue Nov 26 06:25:21 UTC 2019 /home/travis/build/icyphy/ptII/ptolemy/actor/lib/test/auto/Multiplexor.xml
----------------- Instantiating /home/travis/build/icyphy/ptII/ptolemy/actor/lib/test/auto/Multiplexor.xml
2 ms. Memory: 569344K Free: 416838K (73%)
----------------- Invoking toplevel() on ptolemy.moml.MoMLSimpleApplication@8fff22
----------------- Done invoking toplevel() on ptolemy.moml.MoMLSimpleApplication@8fff22
reloadAllAccessors: .Multiplexor

===========================================================================================
----------------- testing Tue Nov 26 06:25:21 UTC 2019 /home/travis/build/icyphy/ptII/ptolemy/actor/lib/test/auto/Multiplexor1.xml
----------------- Instantiating /home/travis/build/icyphy/ptII/ptolemy/actor/lib/test/auto/Multiplexor1.xml
3 ms. Memory: 569344K Free: 411687K (72%)
----------------- Invoking toplevel() on ptolemy.moml.MoMLSimpleApplication@d893829
----------------- Done invoking toplevel() on ptolemy.moml.MoMLSimpleApplication@d893829
reloadAllAccessors: .Multiplexor1

===========================================================================================
----------------- testing Tue Nov 26 06:25:21 UTC 2019 /home/travis/build/icyphy/ptII/ptolemy/actor/lib/test/auto/Multiplexor2.xml
----------------- Instantiating /home/travis/build/icyphy/ptII/ptolemy/actor/lib/test/auto/Multiplexor2.xml
3 ms. Memory: 569344K Free: 405064K (71%)
----------------- Invoking toplevel() on ptolemy.moml.MoMLSimpleApplication@15f6eba2
----------------- Done invoking toplevel() on ptolemy.moml.MoMLSimpleApplication@15f6eba2
reloadAllAccessors: .Multiplexor2

===========================================================================================
----------------- testing Tue Nov 26 06:25:21 UTC 2019 /home/travis/build/icyphy/ptII/ptolemy/actor/lib/test/auto/Multiplexor3.xml
----------------- Instantiating /home/travis/build/icyphy/ptII/ptolemy/actor/lib/test/auto/Multiplexor3.xml
3 ms. Memory: 569344K Free: 400968K (70%)
----------------- Invoking toplevel() on ptolemy.moml.MoMLSimpleApplication@5d78c2a2
----------------- Done invoking toplevel() on ptolemy.moml.MoMLSimpleApplication@5d78c2a2
reloadAllAccessors: .Multiplexor3

===========================================================================================
----------------- testing Tue Nov 26 06:25:21 UTC 2019 /home/travis/build/icyphy/ptII/ptolemy/actor/lib/test/auto/MultiplexorDE.xml
----------------- Instantiating /home/travis/build/icyphy/ptII/ptolemy/actor/lib/test/auto/MultiplexorDE.xml
3 ms. Memory: 569344K Free: 393255K (69%)
----------------- Invoking toplevel() on ptolemy.moml.MoMLSimpleApplication@475ceaed
----------------- Done invoking toplevel() on ptolemy.moml.MoMLSimpleApplication@475ceaed
reloadAllAccessors: .MultiplexorDE

===========================================================================================
----------------- testing Tue Nov 26 06:25:21 UTC 2019 /home/travis/build/icyphy/ptII/ptolemy/actor/lib/test/auto/MultiportBroadcastTest.xml
----------------- Instantiating /home/travis/build/icyphy/ptII/ptolemy/actor/lib/test/auto/MultiportBroadcastTest.xml
120 ms. Memory: 569344K Free: 387135K (68%)
----------------- Invoking toplevel() on ptolemy.moml.MoMLSimpleApplication@3b3224c9
----------------- Done invoking toplevel() on ptolemy.moml.MoMLSimpleApplication@3b3224c9
reloadAllAccessors: .MultiportBroadcastTest

===========================================================================================
----------------- testing Tue Nov 26 06:25:22 UTC 2019 /home/travis/build/icyphy/ptII/ptolemy/actor/lib/test/auto/MultiportOutHangDuringGetWidth.xml
----------------- Instantiating /home/travis/build/icyphy/ptII/ptolemy/actor/lib/test/auto/MultiportOutHangDuringGetWidth.xml
8 ms. Memory: 569344K Free: 374839K (66%)
----------------- Invoking toplevel() on ptolemy.moml.MoMLSimpleApplication@7010504a
----------------- Done invoking toplevel() on ptolemy.moml.MoMLSimpleApplication@7010504a
reloadAllAccessors: .MultiportOutHangDuringGetWidth

===========================================================================================
----------------- testing Tue Nov 26 06:25:22 UTC 2019 /home/travis/build/icyphy/ptII/ptolemy/actor/lib/test/auto/NilToken.xml
----------------- Instantiating /home/travis/build/icyphy/ptII/ptolemy/actor/lib/test/auto/NilToken.xml
2 ms. Memory: 569344K Free: 371272K (65%)
----------------- Invoking toplevel() on ptolemy.moml.MoMLSimpleApplication@12fc4a86
----------------- Done invoking toplevel() on ptolemy.moml.MoMLSimpleApplication@12fc4a86
reloadAllAccessors: .NilToken

===========================================================================================
----------------- testing Tue Nov 26 06:25:22 UTC 2019 /home/travis/build/icyphy/ptII/ptolemy/actor/lib/test/auto/NilTokenNonStrictTest.xml
----------------- Instantiating /home/travis/build/icyphy/ptII/ptolemy/actor/lib/test/auto/NilTokenNonStrictTest.xml
2 ms. Memory: 569344K Free: 366662K (64%)
----------------- Invoking toplevel() on ptolemy.moml.MoMLSimpleApplication@82cccd7
----------------- Done invoking toplevel() on ptolemy.moml.MoMLSimpleApplication@82cccd7
reloadAllAccessors: .NilTokenNonStrictTest

===========================================================================================
----------------- testing Tue Nov 26 06:25:22 UTC 2019 /home/travis/build/icyphy/ptII/ptolemy/actor/lib/test/auto/NilTokenRecord.xml
----------------- Instantiating /home/travis/build/icyphy/ptII/ptolemy/actor/lib/test/auto/NilTokenRecord.xml
15 ms. Memory: 569344K Free: 360008K (63%)
----------------- Invoking toplevel() on ptolemy.moml.MoMLSimpleApplication@70b2190a
----------------- Done invoking toplevel() on ptolemy.moml.MoMLSimpleApplication@70b2190a
reloadAllAccessors: .NilTokenRecord

===========================================================================================
----------------- testing Tue Nov 26 06:25:22 UTC 2019 /home/travis/build/icyphy/ptII/ptolemy/actor/lib/test/auto/NilTokenTypeTest.xml
----------------- Instantiating /home/travis/build/icyphy/ptII/ptolemy/actor/lib/test/auto/NilTokenTypeTest.xml
7 ms. Memory: 569344K Free: 350278K (62%)
----------------- Invoking toplevel() on ptolemy.moml.MoMLSimpleApplication@15ad24cb
----------------- Done invoking toplevel() on ptolemy.moml.MoMLSimpleApplication@15ad24cb
reloadAllAccessors: .NilTokenTypeTest

===========================================================================================
----------------- testing Tue Nov 26 06:25:22 UTC 2019 /home/travis/build/icyphy/ptII/ptolemy/actor/lib/test/auto/ObjectToken1.xml
----------------- Instantiating /home/travis/build/icyphy/ptII/ptolemy/actor/lib/test/auto/ObjectToken1.xml
4 ms. Memory: 569344K Free: 346182K (61%)
----------------- Invoking toplevel() on ptolemy.moml.MoMLSimpleApplication@689c752f
----------------- Done invoking toplevel() on ptolemy.moml.MoMLSimpleApplication@689c752f
reloadAllAccessors: .ObjectToken1

===========================================================================================
----------------- testing Tue Nov 26 06:25:22 UTC 2019 /home/travis/build/icyphy/ptII/ptolemy/actor/lib/test/auto/OrderedMerge.xml
----------------- Instantiating /home/travis/build/icyphy/ptII/ptolemy/actor/lib/test/auto/OrderedMerge.xml
13 ms. Memory: 569344K Free: 340552K (60%)
----------------- Invoking toplevel() on ptolemy.moml.MoMLSimpleApplication@66d3eeec
----------------- Done invoking toplevel() on ptolemy.moml.MoMLSimpleApplication@66d3eeec
reloadAllAccessors: .OrderedMerge

===========================================================================================
----------------- testing Tue Nov 26 06:25:22 UTC 2019 /home/travis/build/icyphy/ptII/ptolemy/actor/lib/test/auto/OrderedRecordDisassembler.xml
----------------- Instantiating /home/travis/build/icyphy/ptII/ptolemy/actor/lib/test/auto/OrderedRecordDisassembler.xml
4 ms. Memory: 569344K Free: 335911K (59%)
----------------- Invoking toplevel() on ptolemy.moml.MoMLSimpleApplication@4611d6df
----------------- Done invoking toplevel() on ptolemy.moml.MoMLSimpleApplication@4611d6df
reloadAllAccessors: .OrderedRecordDisassembler

===========================================================================================
----------------- testing Tue Nov 26 06:25:22 UTC 2019 /home/travis/build/icyphy/ptII/ptolemy/actor/lib/test/auto/OrderedRecordDisassembler2.xml
----------------- Instantiating /home/travis/build/icyphy/ptII/ptolemy/actor/lib/test/auto/OrderedRecordDisassembler2.xml
6 ms. Memory: 569344K Free: 328264K (58%)
----------------- Invoking toplevel() on ptolemy.moml.MoMLSimpleApplication@61f4459c
----------------- Done invoking toplevel() on ptolemy.moml.MoMLSimpleApplication@61f4459c
reloadAllAccessors: .OrderedRecordDisassembler2

===========================================================================================
----------------- testing Tue Nov 26 06:25:22 UTC 2019 /home/travis/build/icyphy/ptII/ptolemy/actor/lib/test/auto/OrderedRecordUpdater.xml
----------------- Instantiating /home/travis/build/icyphy/ptII/ptolemy/actor/lib/test/auto/OrderedRecordUpdater.xml
3 ms. Memory: 569344K Free: 323144K (57%)
----------------- Invoking toplevel() on ptolemy.moml.MoMLSimpleApplication@654e3a3d
----------------- Done invoking toplevel() on ptolemy.moml.MoMLSimpleApplication@654e3a3d
reloadAllAccessors: .RecordUpdater

===========================================================================================
----------------- testing Tue Nov 26 06:25:22 UTC 2019 /home/travis/build/icyphy/ptII/ptolemy/actor/lib/test/auto/OrderedRecordUpdater2.xml
----------------- Instantiating /home/travis/build/icyphy/ptII/ptolemy/actor/lib/test/auto/OrderedRecordUpdater2.xml
3 ms. Memory: 569344K Free: 318024K (56%)
----------------- Invoking toplevel() on ptolemy.moml.MoMLSimpleApplication@e887eb2
----------------- Done invoking toplevel() on ptolemy.moml.MoMLSimpleApplication@e887eb2
reloadAllAccessors: .RecordUpdater2

===========================================================================================
----------------- testing Tue Nov 26 06:25:22 UTC 2019 /home/travis/build/icyphy/ptII/ptolemy/actor/lib/test/auto/PhaseUnwrap.xml
----------------- Instantiating /home/travis/build/icyphy/ptII/ptolemy/actor/lib/test/auto/PhaseUnwrap.xml
2 ms. Memory: 569344K Free: 313414K (55%)
----------------- Invoking toplevel() on ptolemy.moml.MoMLSimpleApplication@6f4c1015
----------------- Done invoking toplevel() on ptolemy.moml.MoMLSimpleApplication@6f4c1015
reloadAllAccessors: .PhaseUnwrap

===========================================================================================
----------------- testing Tue Nov 26 06:25:22 UTC 2019 /home/travis/build/icyphy/ptII/ptolemy/actor/lib/test/auto/PoissonClock.xml
----------------- Instantiating /home/travis/build/icyphy/ptII/ptolemy/actor/lib/test/auto/PoissonClock.xml
2 ms. Memory: 569344K Free: 309318K (54%)
----------------- Invoking toplevel() on ptolemy.moml.MoMLSimpleApplication@b0469d8
----------------- Done invoking toplevel() on ptolemy.moml.MoMLSimpleApplication@b0469d8
reloadAllAccessors: .PoissonClock

===========================================================================================
----------------- testing Tue Nov 26 06:25:22 UTC 2019 /home/travis/build/icyphy/ptII/ptolemy/actor/lib/test/auto/PoissonClock2.xml
----------------- Instantiating /home/travis/build/icyphy/ptII/ptolemy/actor/lib/test/auto/PoissonClock2.xml
2 ms. Memory: 569344K Free: 304712K (54%)
----------------- Invoking toplevel() on ptolemy.moml.MoMLSimpleApplication@50d0ffbb
----------------- Done invoking toplevel() on ptolemy.moml.MoMLSimpleApplication@50d0ffbb
reloadAllAccessors: .PoissonClock2

===========================================================================================
----------------- testing Tue Nov 26 06:25:22 UTC 2019 /home/travis/build/icyphy/ptII/ptolemy/actor/lib/test/auto/PoissonClock3.xml
----------------- Instantiating /home/travis/build/icyphy/ptII/ptolemy/actor/lib/test/auto/PoissonClock3.xml
2 ms. Memory: 569344K Free: 300616K (53%)
----------------- Invoking toplevel() on ptolemy.moml.MoMLSimpleApplication@11a8cec5
----------------- Done invoking toplevel() on ptolemy.moml.MoMLSimpleApplication@11a8cec5
reloadAllAccessors: .PoissonClock3

===========================================================================================
----------------- testing Tue Nov 26 06:25:22 UTC 2019 /home/travis/build/icyphy/ptII/ptolemy/actor/lib/test/auto/PubSubWithInitialTokens.xml
----------------- Instantiating /home/travis/build/icyphy/ptII/ptolemy/actor/lib/test/auto/PubSubWithInitialTokens.xml
6 ms. Memory: 569344K Free: 294951K (52%)
----------------- Invoking toplevel() on ptolemy.moml.MoMLSimpleApplication@7ee79c36
----------------- Done invoking toplevel() on ptolemy.moml.MoMLSimpleApplication@7ee79c36
reloadAllAccessors: .PubSubWithInitialTokens

===========================================================================================
----------------- testing Tue Nov 26 06:25:22 UTC 2019 /home/travis/build/icyphy/ptII/ptolemy/actor/lib/test/auto/PubSubWithInitialTokens2.xml
----------------- Instantiating /home/travis/build/icyphy/ptII/ptolemy/actor/lib/test/auto/PubSubWithInitialTokens2.xml
2 ms. Memory: 569344K Free: 288831K (51%)
----------------- Invoking toplevel() on ptolemy.moml.MoMLSimpleApplication@6ef37984
----------------- Done invoking toplevel() on ptolemy.moml.MoMLSimpleApplication@6ef37984
reloadAllAccessors: .PubSubWithInitialTokens2

===========================================================================================
----------------- testing Tue Nov 26 06:25:22 UTC 2019 /home/travis/build/icyphy/ptII/ptolemy/actor/lib/test/auto/PublisherClassNoParameter.xml
----------------- Instantiating /home/travis/build/icyphy/ptII/ptolemy/actor/lib/test/auto/PublisherClassNoParameter.xml
3 ms. Memory: 569344K Free: 279112K (49%)
----------------- Invoking toplevel() on ptolemy.moml.MoMLSimpleApplication@187597aa
----------------- Done invoking toplevel() on ptolemy.moml.MoMLSimpleApplication@187597aa
reloadAllAccessors: .PublisherClassNoParameter

===========================================================================================
----------------- testing Tue Nov 26 06:25:22 UTC 2019 /home/travis/build/icyphy/ptII/ptolemy/actor/lib/test/auto/PublisherClassParameter.xml
----------------- Instantiating /home/travis/build/icyphy/ptII/ptolemy/actor/lib/test/auto/PublisherClassParameter.xml
4 ms. Memory: 569344K Free: 268872K (47%)
----------------- Invoking toplevel() on ptolemy.moml.MoMLSimpleApplication@6bc30647
----------------- Done invoking toplevel() on ptolemy.moml.MoMLSimpleApplication@6bc30647
reloadAllAccessors: .PublisherClassParameter

===========================================================================================
----------------- testing Tue Nov 26 06:25:22 UTC 2019 /home/travis/build/icyphy/ptII/ptolemy/actor/lib/test/auto/PublisherNonStrictTest.xml
----------------- Instantiating /home/travis/build/icyphy/ptII/ptolemy/actor/lib/test/auto/PublisherNonStrictTest.xml
4 ms. Memory: 569344K Free: 261183K (46%)
----------------- Invoking toplevel() on ptolemy.moml.MoMLSimpleApplication@1fb8e764
----------------- Done invoking toplevel() on ptolemy.moml.MoMLSimpleApplication@1fb8e764
reloadAllAccessors: .PublisherNonStrictTest

===========================================================================================
----------------- testing Tue Nov 26 06:25:22 UTC 2019 /home/travis/build/icyphy/ptII/ptolemy/actor/lib/test/auto/PublisherPort1.xml
----------------- Instantiating /home/travis/build/icyphy/ptII/ptolemy/actor/lib/test/auto/PublisherPort1.xml
3 ms. Memory: 569344K Free: 255560K (45%)
----------------- Invoking toplevel() on ptolemy.moml.MoMLSimpleApplication@526363e
----------------- Done invoking toplevel() on ptolemy.moml.MoMLSimpleApplication@526363e
reloadAllAccessors: .PublisherPort1

===========================================================================================
----------------- testing Tue Nov 26 06:25:22 UTC 2019 /home/travis/build/icyphy/ptII/ptolemy/actor/lib/test/auto/PublisherPort2.xml
----------------- Instantiating /home/travis/build/icyphy/ptII/ptolemy/actor/lib/test/auto/PublisherPort2.xml
5 ms. Memory: 569344K Free: 250440K (44%)
----------------- Invoking toplevel() on ptolemy.moml.MoMLSimpleApplication@7fb9faab
----------------- Done invoking toplevel() on ptolemy.moml.MoMLSimpleApplication@7fb9faab
reloadAllAccessors: .PublisherPort2

===========================================================================================
----------------- testing Tue Nov 26 06:25:22 UTC 2019 /home/travis/build/icyphy/ptII/ptolemy/actor/lib/test/auto/PublisherPort3.xml
----------------- Instantiating /home/travis/build/icyphy/ptII/ptolemy/actor/lib/test/auto/PublisherPort3.xml
15 ms. Memory: 569344K Free: 243751K (43%)
----------------- Invoking toplevel() on ptolemy.moml.MoMLSimpleApplication@6ba71c59
----------------- Done invoking toplevel() on ptolemy.moml.MoMLSimpleApplication@6ba71c59
reloadAllAccessors: .PublisherPort3

===========================================================================================
----------------- testing Tue Nov 26 06:25:22 UTC 2019 /home/travis/build/icyphy/ptII/ptolemy/actor/lib/test/auto/PublisherPort4.xml
----------------- Instantiating /home/travis/build/icyphy/ptII/ptolemy/actor/lib/test/auto/PublisherPort4.xml
3 ms. Memory: 569344K Free: 238647K (42%)
----------------- Invoking toplevel() on ptolemy.moml.MoMLSimpleApplication@5a43e36d
----------------- Done invoking toplevel() on ptolemy.moml.MoMLSimpleApplication@5a43e36d
reloadAllAccessors: .PublisherPort4

===========================================================================================
----------------- testing Tue Nov 26 06:25:22 UTC 2019 /home/travis/build/icyphy/ptII/ptolemy/actor/lib/test/auto/PublisherPort5.xml
----------------- Instantiating /home/travis/build/icyphy/ptII/ptolemy/actor/lib/test/auto/PublisherPort5.xml
5 ms. Memory: 569344K Free: 230984K (41%)
----------------- Invoking toplevel() on ptolemy.moml.MoMLSimpleApplication@575acdfb
----------------- Done invoking toplevel() on ptolemy.moml.MoMLSimpleApplication@575acdfb
reloadAllAccessors: .PublisherPort5

===========================================================================================
----------------- testing Tue Nov 26 06:25:22 UTC 2019 /home/travis/build/icyphy/ptII/ptolemy/actor/lib/test/auto/PublisherPort5LookAlike.xml
----------------- Instantiating /home/travis/build/icyphy/ptII/ptolemy/actor/lib/test/auto/PublisherPort5LookAlike.xml
9 ms. Memory: 569344K Free: 223302K (39%)
----------------- Invoking toplevel() on ptolemy.moml.MoMLSimpleApplication@1ff07b82
----------------- Done invoking toplevel() on ptolemy.moml.MoMLSimpleApplication@1ff07b82
reloadAllAccessors: .PublisherPort5LookAlike

===========================================================================================
----------------- testing Tue Nov 26 06:25:22 UTC 2019 /home/travis/build/icyphy/ptII/ptolemy/actor/lib/test/auto/PublisherPort6.xml
----------------- Instantiating /home/travis/build/icyphy/ptII/ptolemy/actor/lib/test/auto/PublisherPort6.xml
2 ms. Memory: 569344K Free: 216648K (38%)
----------------- Invoking toplevel() on ptolemy.moml.MoMLSimpleApplication@4731f2ca
----------------- Done invoking toplevel() on ptolemy.moml.MoMLSimpleApplication@4731f2ca
reloadAllAccessors: .PublisherPort6

===========================================================================================
----------------- testing Tue Nov 26 06:25:22 UTC 2019 /home/travis/build/icyphy/ptII/ptolemy/actor/lib/test/auto/PublisherPort7.xml
----------------- Instantiating /home/travis/build/icyphy/ptII/ptolemy/actor/lib/test/auto/PublisherPort7.xml
4 ms. Memory: 569344K Free: 208966K (37%)
----------------- Invoking toplevel() on ptolemy.moml.MoMLSimpleApplication@3783d42c
----------------- Done invoking toplevel() on ptolemy.moml.MoMLSimpleApplication@3783d42c
reloadAllAccessors: .PublisherPort7

===========================================================================================
----------------- testing Tue Nov 26 06:25:22 UTC 2019 /home/travis/build/icyphy/ptII/ptolemy/actor/lib/test/auto/PublisherPort8.xml
----------------- Instantiating /home/travis/build/icyphy/ptII/ptolemy/actor/lib/test/auto/PublisherPort8.xml
5 ms. Memory: 569344K Free: 200264K (35%)
----------------- Invoking toplevel() on ptolemy.moml.MoMLSimpleApplication@664cd737
----------------- Done invoking toplevel() on ptolemy.moml.MoMLSimpleApplication@664cd737
reloadAllAccessors: .PublisherPort8

===========================================================================================
----------------- testing Tue Nov 26 06:25:22 UTC 2019 /home/travis/build/icyphy/ptII/ptolemy/actor/lib/test/auto/PublisherPortSubscriberChannelVariablesAOC2.xml
----------------- Instantiating /home/travis/build/icyphy/ptII/ptolemy/actor/lib/test/auto/PublisherPortSubscriberChannelVariablesAOC2.xml
3 ms. Memory: 569344K Free: 516395K (91%)
----------------- Invoking toplevel() on ptolemy.moml.MoMLSimpleApplication@9f7170a
----------------- Done invoking toplevel() on ptolemy.moml.MoMLSimpleApplication@9f7170a
reloadAllAccessors: .PublisherPortSubscriberChannelVariablesAOC2

===========================================================================================
----------------- testing Tue Nov 26 06:25:22 UTC 2019 /home/travis/build/icyphy/ptII/ptolemy/actor/lib/test/auto/PublisherPortSubscriberOpaqueWidthInference.xml
----------------- Instantiating /home/travis/build/icyphy/ptII/ptolemy/actor/lib/test/auto/PublisherPortSubscriberOpaqueWidthInference.xml
4 ms. Memory: 569344K Free: 508699K (89%)
----------------- Invoking toplevel() on ptolemy.moml.MoMLSimpleApplication@76993f7a
----------------- Done invoking toplevel() on ptolemy.moml.MoMLSimpleApplication@76993f7a
reloadAllAccessors: .PublisherPortSubscriberOpaqueWidthInference

===========================================================================================
----------------- testing Tue Nov 26 06:25:22 UTC 2019 /home/travis/build/icyphy/ptII/ptolemy/actor/lib/test/auto/PublisherPortSubscriberPortAdjacent.xml
----------------- Instantiating /home/travis/build/icyphy/ptII/ptolemy/actor/lib/test/auto/PublisherPortSubscriberPortAdjacent.xml
2 ms. Memory: 569344K Free: 500521K (88%)
----------------- Invoking toplevel() on ptolemy.moml.MoMLSimpleApplication@5876b3e7
----------------- Done invoking toplevel() on ptolemy.moml.MoMLSimpleApplication@5876b3e7
reloadAllAccessors: .PublisherPortSubscriberPortAdjacent

===========================================================================================
----------------- testing Tue Nov 26 06:25:23 UTC 2019 /home/travis/build/icyphy/ptII/ptolemy/actor/lib/test/auto/PublisherPortSubscriberPortExpression.xml
----------------- Instantiating /home/travis/build/icyphy/ptII/ptolemy/actor/lib/test/auto/PublisherPortSubscriberPortExpression.xml
4 ms. Memory: 569344K Free: 492843K (87%)
----------------- Invoking toplevel() on ptolemy.moml.MoMLSimpleApplication@2176288
----------------- Done invoking toplevel() on ptolemy.moml.MoMLSimpleApplication@2176288
reloadAllAccessors: .PublisherPortSubscriberPortExpression

===========================================================================================
----------------- testing Tue Nov 26 06:25:23 UTC 2019 /home/travis/build/icyphy/ptII/ptolemy/actor/lib/test/auto/PublisherPortSubscriberPortOpaqueD3Reverse.xml
----------------- Instantiating /home/travis/build/icyphy/ptII/ptolemy/actor/lib/test/auto/PublisherPortSubscriberPortOpaqueD3Reverse.xml
6 ms. Memory: 569344K Free: 482603K (85%)
----------------- Invoking toplevel() on ptolemy.moml.MoMLSimpleApplication@60ae4643
----------------- Done invoking toplevel() on ptolemy.moml.MoMLSimpleApplication@60ae4643
reloadAllAccessors: .PublisherPortSubscriberPortOpaqueD3Reverse

===========================================================================================
----------------- testing Tue Nov 26 06:25:23 UTC 2019 /home/travis/build/icyphy/ptII/ptolemy/actor/lib/test/auto/PublisherPortSubscriberPortOpaqueWidthInference.xml
----------------- Instantiating /home/travis/build/icyphy/ptII/ptolemy/actor/lib/test/auto/PublisherPortSubscriberPortOpaqueWidthInference.xml
3 ms. Memory: 569344K Free: 474907K (83%)
----------------- Invoking toplevel() on ptolemy.moml.MoMLSimpleApplication@64bd1b3f
----------------- Done invoking toplevel() on ptolemy.moml.MoMLSimpleApplication@64bd1b3f
reloadAllAccessors: .PublisherPortSubscriberPortOpaqueWidthInference

===========================================================================================
----------------- testing Tue Nov 26 06:25:23 UTC 2019 /home/travis/build/icyphy/ptII/ptolemy/actor/lib/test/auto/PublisherPortToplevelSubscriberPortAOC.xml
----------------- Instantiating /home/travis/build/icyphy/ptII/ptolemy/actor/lib/test/auto/PublisherPortToplevelSubscriberPortAOC.xml
.PublisherPortToplevelSubscriberPortAOC.TestExceptionAttribute: initialize() was not invoked, but wrapup() was.  This is unusual, but not always a problem.  For example, exporting JNLP will do this.
1 ms. Memory: 569344K Free: 469291K (82%)
----------------- Invoking toplevel() on ptolemy.moml.MoMLSimpleApplication@47efa9b5
----------------- Done invoking toplevel() on ptolemy.moml.MoMLSimpleApplication@47efa9b5
reloadAllAccessors: .PublisherPortToplevelSubscriberPortAOC

===========================================================================================
----------------- testing Tue Nov 26 06:25:23 UTC 2019 /home/travis/build/icyphy/ptII/ptolemy/actor/lib/test/auto/PublisherSubscriber.xml
----------------- Instantiating /home/travis/build/icyphy/ptII/ptolemy/actor/lib/test/auto/PublisherSubscriber.xml
3 ms. Memory: 569344K Free: 461579K (81%)
----------------- Invoking toplevel() on ptolemy.moml.MoMLSimpleApplication@22472a9b
----------------- Done invoking toplevel() on ptolemy.moml.MoMLSimpleApplication@22472a9b
reloadAllAccessors: .PublisherSubscriber

===========================================================================================
----------------- testing Tue Nov 26 06:25:23 UTC 2019 /home/travis/build/icyphy/ptII/ptolemy/actor/lib/test/auto/PublisherSubscriber10.xml
----------------- Instantiating /home/travis/build/icyphy/ptII/ptolemy/actor/lib/test/auto/PublisherSubscriber10.xml
6 ms. Memory: 569344K Free: 451883K (79%)
----------------- Invoking toplevel() on ptolemy.moml.MoMLSimpleApplication@9a17fec
----------------- Done invoking toplevel() on ptolemy.moml.MoMLSimpleApplication@9a17fec
reloadAllAccessors: .PublisherSubscriber10

===========================================================================================
----------------- testing Tue Nov 26 06:25:23 UTC 2019 /home/travis/build/icyphy/ptII/ptolemy/actor/lib/test/auto/PublisherSubscriber10InitialOutputs.xml
----------------- Instantiating /home/travis/build/icyphy/ptII/ptolemy/actor/lib/test/auto/PublisherSubscriber10InitialOutputs.xml
16 ms. Memory: 569344K Free: 442667K (78%)
----------------- Invoking toplevel() on ptolemy.moml.MoMLSimpleApplication@7215a6fe
----------------- Done invoking toplevel() on ptolemy.moml.MoMLSimpleApplication@7215a6fe
reloadAllAccessors: .PublisherSubscriber10InitialOutputs

===========================================================================================
----------------- testing Tue Nov 26 06:25:23 UTC 2019 /home/travis/build/icyphy/ptII/ptolemy/actor/lib/test/auto/PublisherSubscriber11.xml
----------------- Instantiating /home/travis/build/icyphy/ptII/ptolemy/actor/lib/test/auto/PublisherSubscriber11.xml
3 ms. Memory: 569344K Free: 436523K (77%)
----------------- Invoking toplevel() on ptolemy.moml.MoMLSimpleApplication@15221c53
----------------- Done invoking toplevel() on ptolemy.moml.MoMLSimpleApplication@15221c53
reloadAllAccessors: .PublisherSubscriber11

===========================================================================================
----------------- testing Tue Nov 26 06:25:23 UTC 2019 /home/travis/build/icyphy/ptII/ptolemy/actor/lib/test/auto/PublisherSubscriber12.xml
----------------- Instantiating /home/travis/build/icyphy/ptII/ptolemy/actor/lib/test/auto/PublisherSubscriber12.xml
6 ms. Memory: 569344K Free: 429865K (76%)
----------------- Invoking toplevel() on ptolemy.moml.MoMLSimpleApplication@4e1ee410
----------------- Done invoking toplevel() on ptolemy.moml.MoMLSimpleApplication@4e1ee410
reloadAllAccessors: .PublisherSubscriber12

===========================================================================================
----------------- testing Tue Nov 26 06:25:23 UTC 2019 /home/travis/build/icyphy/ptII/ptolemy/actor/lib/test/auto/PublisherSubscriber13.xml
----------------- Instantiating /home/travis/build/icyphy/ptII/ptolemy/actor/lib/test/auto/PublisherSubscriber13.xml
2 ms. Memory: 569344K Free: 424235K (75%)
----------------- Invoking toplevel() on ptolemy.moml.MoMLSimpleApplication@63fdf515
----------------- Done invoking toplevel() on ptolemy.moml.MoMLSimpleApplication@63fdf515
reloadAllAccessors: .PublisherSubscriber13

===========================================================================================
----------------- testing Tue Nov 26 06:25:23 UTC 2019 /home/travis/build/icyphy/ptII/ptolemy/actor/lib/test/auto/PublisherSubscriber14.xml
----------------- Instantiating /home/travis/build/icyphy/ptII/ptolemy/actor/lib/test/auto/PublisherSubscriber14.xml
2 ms. Memory: 569344K Free: 415499K (73%)
----------------- Invoking toplevel() on ptolemy.moml.MoMLSimpleApplication@1eea6207
----------------- Done invoking toplevel() on ptolemy.moml.MoMLSimpleApplication@1eea6207
reloadAllAccessors: .PublisherSubscriber14

===========================================================================================
----------------- testing Tue Nov 26 06:25:23 UTC 2019 /home/travis/build/icyphy/ptII/ptolemy/actor/lib/test/auto/PublisherSubscriber2.xml
----------------- Instantiating /home/travis/build/icyphy/ptII/ptolemy/actor/lib/test/auto/PublisherSubscriber2.xml
3 ms. Memory: 569344K Free: 409899K (72%)
----------------- Invoking toplevel() on ptolemy.moml.MoMLSimpleApplication@67825ee0
----------------- Done invoking toplevel() on ptolemy.moml.MoMLSimpleApplication@67825ee0
reloadAllAccessors: .PublisherSubscriber2

===========================================================================================
----------------- testing Tue Nov 26 06:25:23 UTC 2019 /home/travis/build/icyphy/ptII/ptolemy/actor/lib/test/auto/PublisherSubscriber3.xml
----------------- Instantiating /home/travis/build/icyphy/ptII/ptolemy/actor/lib/test/auto/PublisherSubscriber3.xml
2 ms. Memory: 569344K Free: 404235K (71%)
----------------- Invoking toplevel() on ptolemy.moml.MoMLSimpleApplication@76ba30f2
----------------- Done invoking toplevel() on ptolemy.moml.MoMLSimpleApplication@76ba30f2
reloadAllAccessors: .PublisherSubscriber3

===========================================================================================
----------------- testing Tue Nov 26 06:25:23 UTC 2019 /home/travis/build/icyphy/ptII/ptolemy/actor/lib/test/auto/PublisherSubscriber4.xml
----------------- Instantiating /home/travis/build/icyphy/ptII/ptolemy/actor/lib/test/auto/PublisherSubscriber4.xml
2 ms. Memory: 569344K Free: 398635K (70%)
----------------- Invoking toplevel() on ptolemy.moml.MoMLSimpleApplication@3bb20dca
----------------- Done invoking toplevel() on ptolemy.moml.MoMLSimpleApplication@3bb20dca
reloadAllAccessors: .PublisherSubscriber4

===========================================================================================
----------------- testing Tue Nov 26 06:25:23 UTC 2019 /home/travis/build/icyphy/ptII/ptolemy/actor/lib/test/auto/PublisherSubscriber5.xml
----------------- Instantiating /home/travis/build/icyphy/ptII/ptolemy/actor/lib/test/auto/PublisherSubscriber5.xml
2 ms. Memory: 569344K Free: 391963K (69%)
----------------- Invoking toplevel() on ptolemy.moml.MoMLSimpleApplication@6fbb3f26
----------------- Done invoking toplevel() on ptolemy.moml.MoMLSimpleApplication@6fbb3f26
reloadAllAccessors: .PublisherSubscriber5

===========================================================================================
----------------- testing Tue Nov 26 06:25:23 UTC 2019 /home/travis/build/icyphy/ptII/ptolemy/actor/lib/test/auto/PublisherSubscriber6.xml
----------------- Instantiating /home/travis/build/icyphy/ptII/ptolemy/actor/lib/test/auto/PublisherSubscriber6.xml
4 ms. Memory: 569344K Free: 385833K (68%)
----------------- Invoking toplevel() on ptolemy.moml.MoMLSimpleApplication@33731f69
----------------- Done invoking toplevel() on ptolemy.moml.MoMLSimpleApplication@33731f69
reloadAllAccessors: .PublisherSubscriber6

===========================================================================================
----------------- testing Tue Nov 26 06:25:23 UTC 2019 /home/travis/build/icyphy/ptII/ptolemy/actor/lib/test/auto/PublisherSubscriber7.xml
----------------- Instantiating /home/travis/build/icyphy/ptII/ptolemy/actor/lib/test/auto/PublisherSubscriber7.xml
7 ms. Memory: 569344K Free: 379179K (67%)
----------------- Invoking toplevel() on ptolemy.moml.MoMLSimpleApplication@2b71e8ae
----------------- Done invoking toplevel() on ptolemy.moml.MoMLSimpleApplication@2b71e8ae
reloadAllAccessors: .PublisherSubscriber7

===========================================================================================
----------------- testing Tue Nov 26 06:25:23 UTC 2019 /home/travis/build/icyphy/ptII/ptolemy/actor/lib/test/auto/PublisherSubscriber8.xml
----------------- Instantiating /home/travis/build/icyphy/ptII/ptolemy/actor/lib/test/auto/PublisherSubscriber8.xml
17 ms. Memory: 569344K Free: 367401K (65%)
----------------- Invoking toplevel() on ptolemy.moml.MoMLSimpleApplication@1b027a73
----------------- Done invoking toplevel() on ptolemy.moml.MoMLSimpleApplication@1b027a73
reloadAllAccessors: .PublisherSubscriber8

===========================================================================================
----------------- testing Tue Nov 26 06:25:23 UTC 2019 /home/travis/build/icyphy/ptII/ptolemy/actor/lib/test/auto/PublisherSubscriber9.xml
----------------- Instantiating /home/travis/build/icyphy/ptII/ptolemy/actor/lib/test/auto/PublisherSubscriber9.xml
3 ms. Memory: 569344K Free: 360233K (63%)
----------------- Invoking toplevel() on ptolemy.moml.MoMLSimpleApplication@8b8dc6
----------------- Done invoking toplevel() on ptolemy.moml.MoMLSimpleApplication@8b8dc6
reloadAllAccessors: .PublisherSubscriber9

===========================================================================================
----------------- testing Tue Nov 26 06:25:23 UTC 2019 /home/travis/build/icyphy/ptII/ptolemy/actor/lib/test/auto/PublisherSubscriberAdjacent.xml
----------------- Instantiating /home/travis/build/icyphy/ptII/ptolemy/actor/lib/test/auto/PublisherSubscriberAdjacent.xml
2 ms. Memory: 569344K Free: 352041K (62%)
----------------- Invoking toplevel() on ptolemy.moml.MoMLSimpleApplication@64d64d31
----------------- Done invoking toplevel() on ptolemy.moml.MoMLSimpleApplication@64d64d31
reloadAllAccessors: .PublisherSubscriberAdjacent

===========================================================================================
----------------- testing Tue Nov 26 06:25:23 UTC 2019 /home/travis/build/icyphy/ptII/ptolemy/actor/lib/test/auto/PublisherSubscriberChannelVariablesAOC2.xml
----------------- Instantiating /home/travis/build/icyphy/ptII/ptolemy/actor/lib/test/auto/PublisherSubscriberChannelVariablesAOC2.xml
3 ms. Memory: 569344K Free: 337195K (59%)
----------------- Invoking toplevel() on ptolemy.moml.MoMLSimpleApplication@4d0ed2af
----------------- Done invoking toplevel() on ptolemy.moml.MoMLSimpleApplication@4d0ed2af
reloadAllAccessors: .PublisherSubscriberChannelVariablesAOC2

===========================================================================================
----------------- testing Tue Nov 26 06:25:23 UTC 2019 /home/travis/build/icyphy/ptII/ptolemy/actor/lib/test/auto/PublisherSubscriberD3.xml
----------------- Instantiating /home/travis/build/icyphy/ptII/ptolemy/actor/lib/test/auto/PublisherSubscriberD3.xml
2 ms. Memory: 569344K Free: 330027K (58%)
----------------- Invoking toplevel() on ptolemy.moml.MoMLSimpleApplication@5c6980c4
----------------- Done invoking toplevel() on ptolemy.moml.MoMLSimpleApplication@5c6980c4
reloadAllAccessors: .PublisherSubscriberD3

===========================================================================================
----------------- testing Tue Nov 26 06:25:23 UTC 2019 /home/travis/build/icyphy/ptII/ptolemy/actor/lib/test/auto/PublisherSubscriberD3Reverse.xml
----------------- Instantiating /home/travis/build/icyphy/ptII/ptolemy/actor/lib/test/auto/PublisherSubscriberD3Reverse.xml
2 ms. Memory: 569344K Free: 323883K (57%)
----------------- Invoking toplevel() on ptolemy.moml.MoMLSimpleApplication@2b42e160
----------------- Done invoking toplevel() on ptolemy.moml.MoMLSimpleApplication@2b42e160
reloadAllAccessors: .PublisherSubscriberD3Reverse

===========================================================================================
----------------- testing Tue Nov 26 06:25:23 UTC 2019 /home/travis/build/icyphy/ptII/ptolemy/actor/lib/test/auto/PublisherSubscriberExpression.xml
----------------- Instantiating /home/travis/build/icyphy/ptII/ptolemy/actor/lib/test/auto/PublisherSubscriberExpression.xml
3 ms. Memory: 569344K Free: 315691K (55%)
----------------- Invoking toplevel() on ptolemy.moml.MoMLSimpleApplication@73e7e582
----------------- Done invoking toplevel() on ptolemy.moml.MoMLSimpleApplication@73e7e582
reloadAllAccessors: .PublisherSubscriberExpression

===========================================================================================
----------------- testing Tue Nov 26 06:25:23 UTC 2019 /home/travis/build/icyphy/ptII/ptolemy/actor/lib/test/auto/PublisherSubscriberOpaque.xml
----------------- Instantiating /home/travis/build/icyphy/ptII/ptolemy/actor/lib/test/auto/PublisherSubscriberOpaque.xml
4 ms. Memory: 569344K Free: 307499K (54%)
----------------- Invoking toplevel() on ptolemy.moml.MoMLSimpleApplication@3830239f
----------------- Done invoking toplevel() on ptolemy.moml.MoMLSimpleApplication@3830239f
reloadAllAccessors: .PublisherSubscriberOpaque

===========================================================================================
----------------- testing Tue Nov 26 06:25:23 UTC 2019 /home/travis/build/icyphy/ptII/ptolemy/actor/lib/test/auto/PublisherSubscriberOpaqueD3.xml
----------------- Instantiating /home/travis/build/icyphy/ptII/ptolemy/actor/lib/test/auto/PublisherSubscriberOpaqueD3.xml
5 ms. Memory: 569344K Free: 296235K (52%)
----------------- Invoking toplevel() on ptolemy.moml.MoMLSimpleApplication@7e70c966
----------------- Done invoking toplevel() on ptolemy.moml.MoMLSimpleApplication@7e70c966
reloadAllAccessors: .PublisherSubscriberOpaqueD3

===========================================================================================
----------------- testing Tue Nov 26 06:25:23 UTC 2019 /home/travis/build/icyphy/ptII/ptolemy/actor/lib/test/auto/PublisherSubscriberOpaqueD3Reverse.xml
----------------- Instantiating /home/travis/build/icyphy/ptII/ptolemy/actor/lib/test/auto/PublisherSubscriberOpaqueD3Reverse.xml
8 ms. Memory: 569344K Free: 285481K (50%)
----------------- Invoking toplevel() on ptolemy.moml.MoMLSimpleApplication@509c2d3b
----------------- Done invoking toplevel() on ptolemy.moml.MoMLSimpleApplication@509c2d3b
reloadAllAccessors: .PublisherSubscriberOpaqueD3Reverse

===========================================================================================
----------------- testing Tue Nov 26 06:25:23 UTC 2019 /home/travis/build/icyphy/ptII/ptolemy/actor/lib/test/auto/PublisherSubscriberOpaqueWidthInference.xml
----------------- Instantiating /home/travis/build/icyphy/ptII/ptolemy/actor/lib/test/auto/PublisherSubscriberOpaqueWidthInference.xml
5 ms. Memory: 569344K Free: 277275K (49%)
----------------- Invoking toplevel() on ptolemy.moml.MoMLSimpleApplication@6a378dbc
----------------- Done invoking toplevel() on ptolemy.moml.MoMLSimpleApplication@6a378dbc
reloadAllAccessors: .PublisherSubscriberOpaqueWidthInference

===========================================================================================
----------------- testing Tue Nov 26 06:25:23 UTC 2019 /home/travis/build/icyphy/ptII/ptolemy/actor/lib/test/auto/PublisherTestSubscriber.xml
----------------- Instantiating /home/travis/build/icyphy/ptII/ptolemy/actor/lib/test/auto/PublisherTestSubscriber.xml
5 ms. Memory: 569344K Free: 269611K (47%)
----------------- Invoking toplevel() on ptolemy.moml.MoMLSimpleApplication@4fc7bf70
----------------- Done invoking toplevel() on ptolemy.moml.MoMLSimpleApplication@4fc7bf70
reloadAllAccessors: .PublisherTestSubscriber

===========================================================================================
----------------- testing Tue Nov 26 06:25:23 UTC 2019 /home/travis/build/icyphy/ptII/ptolemy/actor/lib/test/auto/PublisherToplevelSubscriberPortAOC.xml
----------------- Instantiating /home/travis/build/icyphy/ptII/ptolemy/actor/lib/test/auto/PublisherToplevelSubscriberPortAOC.xml
2 ms. Memory: 569344K Free: 263467K (46%)
----------------- Invoking toplevel() on ptolemy.moml.MoMLSimpleApplication@75d7a8f2
----------------- Done invoking toplevel() on ptolemy.moml.MoMLSimpleApplication@75d7a8f2
reloadAllAccessors: .PublisherToplevelSubscriberPortAOC

===========================================================================================
----------------- testing Tue Nov 26 06:25:23 UTC 2019 /home/travis/build/icyphy/ptII/ptolemy/actor/lib/test/auto/PulseFiringLimitDE.xml
----------------- Instantiating /home/travis/build/icyphy/ptII/ptolemy/actor/lib/test/auto/PulseFiringLimitDE.xml
2 ms. Memory: 569344K Free: 257323K (45%)
----------------- Invoking toplevel() on ptolemy.moml.MoMLSimpleApplication@67e04181
----------------- Done invoking toplevel() on ptolemy.moml.MoMLSimpleApplication@67e04181
reloadAllAccessors: .PulseFiringLimitDE

===========================================================================================
----------------- testing Tue Nov 26 06:25:23 UTC 2019 /home/travis/build/icyphy/ptII/ptolemy/actor/lib/test/auto/Ramp1.xml
----------------- Instantiating /home/travis/build/icyphy/ptII/ptolemy/actor/lib/test/auto/Ramp1.xml
2 ms. Memory: 569344K Free: 253227K (44%)
----------------- Invoking toplevel() on ptolemy.moml.MoMLSimpleApplication@2a97acd6
----------------- Done invoking toplevel() on ptolemy.moml.MoMLSimpleApplication@2a97acd6
reloadAllAccessors: .Ramp1

===========================================================================================
----------------- testing Tue Nov 26 06:25:23 UTC 2019 /home/travis/build/icyphy/ptII/ptolemy/actor/lib/test/auto/RampFiringLimitDE.xml
----------------- Instantiating /home/travis/build/icyphy/ptII/ptolemy/actor/lib/test/auto/RampFiringLimitDE.xml
3 ms. Memory: 569344K Free: 247083K (43%)
----------------- Invoking toplevel() on ptolemy.moml.MoMLSimpleApplication@c3c6d9d
----------------- Done invoking toplevel() on ptolemy.moml.MoMLSimpleApplication@c3c6d9d
reloadAllAccessors: .RampFiringLimitDE

===========================================================================================
----------------- testing Tue Nov 26 06:25:23 UTC 2019 /home/travis/build/icyphy/ptII/ptolemy/actor/lib/test/auto/RampFiringLimitSDF.xml
----------------- Instantiating /home/travis/build/icyphy/ptII/ptolemy/actor/lib/test/auto/RampFiringLimitSDF.xml
2 ms. Memory: 569344K Free: 241963K (42%)
----------------- Invoking toplevel() on ptolemy.moml.MoMLSimpleApplication@57c8a2
----------------- Done invoking toplevel() on ptolemy.moml.MoMLSimpleApplication@57c8a2
reloadAllAccessors: .RampFiringLimitSDF

===========================================================================================
----------------- testing Tue Nov 26 06:25:23 UTC 2019 /home/travis/build/icyphy/ptII/ptolemy/actor/lib/test/auto/RandomInteger.xml
----------------- Instantiating /home/travis/build/icyphy/ptII/ptolemy/actor/lib/test/auto/RandomInteger.xml
2 ms. Memory: 569344K Free: 237867K (42%)
----------------- Invoking toplevel() on ptolemy.moml.MoMLSimpleApplication@451a4fb6
----------------- Done invoking toplevel() on ptolemy.moml.MoMLSimpleApplication@451a4fb6
reloadAllAccessors: .RandomInteger

===========================================================================================
----------------- testing Tue Nov 26 06:25:23 UTC 2019 /home/travis/build/icyphy/ptII/ptolemy/actor/lib/test/auto/ReadFile1.xml
----------------- Instantiating /home/travis/build/icyphy/ptII/ptolemy/actor/lib/test/auto/ReadFile1.xml
2 ms. Memory: 569344K Free: 233251K (41%)
----------------- Invoking toplevel() on ptolemy.moml.MoMLSimpleApplication@6d72a0b8
----------------- Done invoking toplevel() on ptolemy.moml.MoMLSimpleApplication@6d72a0b8
reloadAllAccessors: .ReadFile1

===========================================================================================
----------------- testing Tue Nov 26 06:25:23 UTC 2019 /home/travis/build/icyphy/ptII/ptolemy/actor/lib/test/auto/ReadFile2.xml
----------------- Instantiating /home/travis/build/icyphy/ptII/ptolemy/actor/lib/test/auto/ReadFile2.xml
1 ms. Memory: 569344K Free: 229161K (40%)
----------------- Invoking toplevel() on ptolemy.moml.MoMLSimpleApplication@24ff7eba
----------------- Done invoking toplevel() on ptolemy.moml.MoMLSimpleApplication@24ff7eba
reloadAllAccessors: .ReadFile2

===========================================================================================
----------------- testing Tue Nov 26 06:25:23 UTC 2019 /home/travis/build/icyphy/ptII/ptolemy/actor/lib/test/auto/Reader.xml
----------------- Instantiating /home/travis/build/icyphy/ptII/ptolemy/actor/lib/test/auto/Reader.xml
actor.lib.Reader is obsolete, use actor.lib.io.ExpressionReader instead
5 ms. Memory: 569344K Free: 225065K (40%)
----------------- Invoking toplevel() on ptolemy.moml.MoMLSimpleApplication@6dbafeb3
----------------- Done invoking toplevel() on ptolemy.moml.MoMLSimpleApplication@6dbafeb3
reloadAllAccessors: .Reader

===========================================================================================
----------------- testing Tue Nov 26 06:25:23 UTC 2019 /home/travis/build/icyphy/ptII/ptolemy/actor/lib/test/auto/RecordAssemblerDisplayNameTest.xml
----------------- Instantiating /home/travis/build/icyphy/ptII/ptolemy/actor/lib/test/auto/RecordAssemblerDisplayNameTest.xml
3957 ms. Memory: 569344K Free: 343622K (60%)
----------------- Invoking toplevel() on ptolemy.moml.MoMLSimpleApplication@2567d139
----------------- Done invoking toplevel() on ptolemy.moml.MoMLSimpleApplication@2567d139
reloadAllAccessors: .RecordAssemblerDisplayNameTest

===========================================================================================
----------------- testing Tue Nov 26 06:25:27 UTC 2019 /home/travis/build/icyphy/ptII/ptolemy/actor/lib/test/auto/RecordAssemblerTypeError.xml
----------------- Instantiating /home/travis/build/icyphy/ptII/ptolemy/actor/lib/test/auto/RecordAssemblerTypeError.xml
4 ms. Memory: 569344K Free: 333896K (59%)
----------------- Invoking toplevel() on ptolemy.moml.MoMLSimpleApplication@7b8c1826
----------------- Done invoking toplevel() on ptolemy.moml.MoMLSimpleApplication@7b8c1826
reloadAllAccessors: .RecordAssemblerTypeError

===========================================================================================
----------------- testing Tue Nov 26 06:25:27 UTC 2019 /home/travis/build/icyphy/ptII/ptolemy/actor/lib/test/auto/RecordDisassember.xml
----------------- Instantiating /home/travis/build/icyphy/ptII/ptolemy/actor/lib/test/auto/RecordDisassember.xml
3 ms. Memory: 569344K Free: 329271K (58%)
----------------- Invoking toplevel() on ptolemy.moml.MoMLSimpleApplication@69e5e037
----------------- Done invoking toplevel() on ptolemy.moml.MoMLSimpleApplication@69e5e037
reloadAllAccessors: .RecordDisassember

===========================================================================================
----------------- testing Tue Nov 26 06:25:27 UTC 2019 /home/travis/build/icyphy/ptII/ptolemy/actor/lib/test/auto/RecordDisassemberDisplayNameTest.xml
----------------- Instantiating /home/travis/build/icyphy/ptII/ptolemy/actor/lib/test/auto/RecordDisassemberDisplayNameTest.xml
5 ms. Memory: 569344K Free: 321608K (56%)
----------------- Invoking toplevel() on ptolemy.moml.MoMLSimpleApplication@5446a941
----------------- Done invoking toplevel() on ptolemy.moml.MoMLSimpleApplication@5446a941
reloadAllAccessors: .RecordDisassemberDisplayNameTest

===========================================================================================
----------------- testing Tue Nov 26 06:25:27 UTC 2019 /home/travis/build/icyphy/ptII/ptolemy/actor/lib/test/auto/RecordDisassembler.xml
----------------- Instantiating /home/travis/build/icyphy/ptII/ptolemy/actor/lib/test/auto/RecordDisassembler.xml
3 ms. Memory: 569344K Free: 316488K (56%)
----------------- Invoking toplevel() on ptolemy.moml.MoMLSimpleApplication@101de415
----------------- Done invoking toplevel() on ptolemy.moml.MoMLSimpleApplication@101de415
reloadAllAccessors: .RecordDisassembler

===========================================================================================
----------------- testing Tue Nov 26 06:25:27 UTC 2019 /home/travis/build/icyphy/ptII/ptolemy/actor/lib/test/auto/RecordDisassembler2.xml
----------------- Instantiating /home/travis/build/icyphy/ptII/ptolemy/actor/lib/test/auto/RecordDisassembler2.xml
3 ms. Memory: 569344K Free: 311368K (55%)
----------------- Invoking toplevel() on ptolemy.moml.MoMLSimpleApplication@4c64f6fb
----------------- Done invoking toplevel() on ptolemy.moml.MoMLSimpleApplication@4c64f6fb
reloadAllAccessors: .RecordDisassembler2

===========================================================================================
----------------- testing Tue Nov 26 06:25:27 UTC 2019 /home/travis/build/icyphy/ptII/ptolemy/actor/lib/test/auto/RecordUpdater.xml
----------------- Instantiating /home/travis/build/icyphy/ptII/ptolemy/actor/lib/test/auto/RecordUpdater.xml
2 ms. Memory: 569344K Free: 306758K (54%)
----------------- Invoking toplevel() on ptolemy.moml.MoMLSimpleApplication@1ac6dbb9
----------------- Done invoking toplevel() on ptolemy.moml.MoMLSimpleApplication@1ac6dbb9
reloadAllAccessors: .RecordUpdater

===========================================================================================
----------------- testing Tue Nov 26 06:25:27 UTC 2019 /home/travis/build/icyphy/ptII/ptolemy/actor/lib/test/auto/RecordUpdater2.xml
----------------- Instantiating /home/travis/build/icyphy/ptII/ptolemy/actor/lib/test/auto/RecordUpdater2.xml
2 ms. Memory: 569344K Free: 301638K (53%)
----------------- Invoking toplevel() on ptolemy.moml.MoMLSimpleApplication@ef0a686
----------------- Done invoking toplevel() on ptolemy.moml.MoMLSimpleApplication@ef0a686
reloadAllAccessors: .RecordUpdater2

===========================================================================================
----------------- testing Tue Nov 26 06:25:27 UTC 2019 /home/travis/build/icyphy/ptII/ptolemy/actor/lib/test/auto/RecursiveLattice.xml
----------------- Instantiating /home/travis/build/icyphy/ptII/ptolemy/actor/lib/test/auto/RecursiveLattice.xml
2 ms. Memory: 569344K Free: 297032K (52%)
----------------- Invoking toplevel() on ptolemy.moml.MoMLSimpleApplication@300323cf
----------------- Done invoking toplevel() on ptolemy.moml.MoMLSimpleApplication@300323cf
reloadAllAccessors: .RecursiveLattice

===========================================================================================
----------------- testing Tue Nov 26 06:25:27 UTC 2019 /home/travis/build/icyphy/ptII/ptolemy/actor/lib/test/auto/Router.xml
----------------- Instantiating /home/travis/build/icyphy/ptII/ptolemy/actor/lib/test/auto/Router.xml
3005 ms. Memory: 569344K Free: 285768K (50%)
----------------- Invoking toplevel() on ptolemy.moml.MoMLSimpleApplication@714e6e2
----------------- Done invoking toplevel() on ptolemy.moml.MoMLSimpleApplication@714e6e2
reloadAllAccessors: .Router

===========================================================================================
----------------- testing Tue Nov 26 06:25:30 UTC 2019 /home/travis/build/icyphy/ptII/ptolemy/actor/lib/test/auto/Router2.xml
----------------- Instantiating /home/travis/build/icyphy/ptII/ptolemy/actor/lib/test/auto/Router2.xml
3005 ms. Memory: 569344K Free: 275528K (48%)
----------------- Invoking toplevel() on ptolemy.moml.MoMLSimpleApplication@4e52a184
----------------- Done invoking toplevel() on ptolemy.moml.MoMLSimpleApplication@4e52a184
reloadAllAccessors: .Router2

===========================================================================================
----------------- testing Tue Nov 26 06:25:34 UTC 2019 /home/travis/build/icyphy/ptII/ptolemy/actor/lib/test/auto/RunningMaximum.xml
----------------- Instantiating /home/travis/build/icyphy/ptII/ptolemy/actor/lib/test/auto/RunningMaximum.xml
5 ms. Memory: 569344K Free: 270918K (48%)
----------------- Invoking toplevel() on ptolemy.moml.MoMLSimpleApplication@789d440d
----------------- Done invoking toplevel() on ptolemy.moml.MoMLSimpleApplication@789d440d
reloadAllAccessors: .RunningMaximum

===========================================================================================
----------------- testing Tue Nov 26 06:25:34 UTC 2019 /home/travis/build/icyphy/ptII/ptolemy/actor/lib/test/auto/RunningMinimum.xml
----------------- Instantiating /home/travis/build/icyphy/ptII/ptolemy/actor/lib/test/auto/RunningMinimum.xml
9 ms. Memory: 569344K Free: 265798K (47%)
----------------- Invoking toplevel() on ptolemy.moml.MoMLSimpleApplication@3c637805
----------------- Done invoking toplevel() on ptolemy.moml.MoMLSimpleApplication@3c637805
reloadAllAccessors: .RunningMinimum

===========================================================================================
----------------- testing Tue Nov 26 06:25:34 UTC 2019 /home/travis/build/icyphy/ptII/ptolemy/actor/lib/test/auto/Scale.xml
----------------- Instantiating /home/travis/build/icyphy/ptII/ptolemy/actor/lib/test/auto/Scale.xml
2 ms. Memory: 569344K Free: 261192K (46%)
----------------- Invoking toplevel() on ptolemy.moml.MoMLSimpleApplication@4d116ad1
----------------- Done invoking toplevel() on ptolemy.moml.MoMLSimpleApplication@4d116ad1
reloadAllAccessors: .Scale

===========================================================================================
----------------- testing Tue Nov 26 06:25:34 UTC 2019 /home/travis/build/icyphy/ptII/ptolemy/actor/lib/test/auto/Scale2.xml
----------------- Instantiating /home/travis/build/icyphy/ptII/ptolemy/actor/lib/test/auto/Scale2.xml
2 ms. Memory: 569344K Free: 256582K (45%)
----------------- Invoking toplevel() on ptolemy.moml.MoMLSimpleApplication@75186c25
----------------- Done invoking toplevel() on ptolemy.moml.MoMLSimpleApplication@75186c25
reloadAllAccessors: .Scale2

===========================================================================================
----------------- testing Tue Nov 26 06:25:34 UTC 2019 /home/travis/build/icyphy/ptII/ptolemy/actor/lib/test/auto/Scale3.xml
----------------- Instantiating /home/travis/build/icyphy/ptII/ptolemy/actor/lib/test/auto/Scale3.xml
4 ms. Memory: 569344K Free: 249928K (44%)
----------------- Invoking toplevel() on ptolemy.moml.MoMLSimpleApplication@310d91d6
----------------- Done invoking toplevel() on ptolemy.moml.MoMLSimpleApplication@310d91d6
reloadAllAccessors: .Scale3

===========================================================================================
----------------- testing Tue Nov 26 06:25:34 UTC 2019 /home/travis/build/icyphy/ptII/ptolemy/actor/lib/test/auto/ScaleArray.xml
----------------- Instantiating /home/travis/build/icyphy/ptII/ptolemy/actor/lib/test/auto/ScaleArray.xml
2 ms. Memory: 569344K Free: 245318K (43%)
----------------- Invoking toplevel() on ptolemy.moml.MoMLSimpleApplication@4ee8ba79
----------------- Done invoking toplevel() on ptolemy.moml.MoMLSimpleApplication@4ee8ba79
reloadAllAccessors: .ScaleArray

===========================================================================================
----------------- testing Tue Nov 26 06:25:34 UTC 2019 /home/travis/build/icyphy/ptII/ptolemy/actor/lib/test/auto/ScaleArray2.xml
----------------- Instantiating /home/travis/build/icyphy/ptII/ptolemy/actor/lib/test/auto/ScaleArray2.xml
2 ms. Memory: 569344K Free: 240712K (42%)
----------------- Invoking toplevel() on ptolemy.moml.MoMLSimpleApplication@6431ea5b
----------------- Done invoking toplevel() on ptolemy.moml.MoMLSimpleApplication@6431ea5b
reloadAllAccessors: .ScaleArray2

===========================================================================================
----------------- testing Tue Nov 26 06:25:34 UTC 2019 /home/travis/build/icyphy/ptII/ptolemy/actor/lib/test/auto/ScaleMatrix.xml
----------------- Instantiating /home/travis/build/icyphy/ptII/ptolemy/actor/lib/test/auto/ScaleMatrix.xml
132 ms. Memory: 569344K Free: 225862K (40%)
----------------- Invoking toplevel() on ptolemy.moml.MoMLSimpleApplication@fd27041
----------------- Done invoking toplevel() on ptolemy.moml.MoMLSimpleApplication@fd27041
reloadAllAccessors: .ScaleMatrix

===========================================================================================
----------------- testing Tue Nov 26 06:25:34 UTC 2019 /home/travis/build/icyphy/ptII/ptolemy/actor/lib/test/auto/Select.xml
----------------- Instantiating /home/travis/build/icyphy/ptII/ptolemy/actor/lib/test/auto/Select.xml
3 ms. Memory: 569344K Free: 219687K (39%)
----------------- Invoking toplevel() on ptolemy.moml.MoMLSimpleApplication@5f49eae2
----------------- Done invoking toplevel() on ptolemy.moml.MoMLSimpleApplication@5f49eae2
reloadAllAccessors: .Select

===========================================================================================
----------------- testing Tue Nov 26 06:25:34 UTC 2019 /home/travis/build/icyphy/ptII/ptolemy/actor/lib/test/auto/Select2.xml
----------------- Instantiating /home/travis/build/icyphy/ptII/ptolemy/actor/lib/test/auto/Select2.xml
1 ms. Memory: 569344K Free: 215112K (38%)
----------------- Invoking toplevel() on ptolemy.moml.MoMLSimpleApplication@101c6488
----------------- Done invoking toplevel() on ptolemy.moml.MoMLSimpleApplication@101c6488
reloadAllAccessors: .Select2

===========================================================================================
----------------- testing Tue Nov 26 06:25:34 UTC 2019 /home/travis/build/icyphy/ptII/ptolemy/actor/lib/test/auto/SequenceToArray2.xml
----------------- Instantiating /home/travis/build/icyphy/ptII/ptolemy/actor/lib/test/auto/SequenceToArray2.xml
116 ms. Memory: 569344K Free: 191031K (34%)
----------------- Invoking toplevel() on ptolemy.moml.MoMLSimpleApplication@623c5557
----------------- Done invoking toplevel() on ptolemy.moml.MoMLSimpleApplication@623c5557
reloadAllAccessors: .SequenceToArray2

===========================================================================================
----------------- testing Tue Nov 26 06:25:34 UTC 2019 /home/travis/build/icyphy/ptII/ptolemy/actor/lib/test/auto/SequentialClock.xml
----------------- Instantiating /home/travis/build/icyphy/ptII/ptolemy/actor/lib/test/auto/SequentialClock.xml
2 ms. Memory: 569344K Free: 186950K (33%)
----------------- Invoking toplevel() on ptolemy.moml.MoMLSimpleApplication@7e8226be
----------------- Done invoking toplevel() on ptolemy.moml.MoMLSimpleApplication@7e8226be
reloadAllAccessors: .SequentialClock

===========================================================================================
----------------- testing Tue Nov 26 06:25:34 UTC 2019 /home/travis/build/icyphy/ptII/ptolemy/actor/lib/test/auto/SetVariable.xml
----------------- Instantiating /home/travis/build/icyphy/ptII/ptolemy/actor/lib/test/auto/SetVariable.xml
3 ms. Memory: 569344K Free: 516680K (91%)
----------------- Invoking toplevel() on ptolemy.moml.MoMLSimpleApplication@5e80414c
----------------- Done invoking toplevel() on ptolemy.moml.MoMLSimpleApplication@5e80414c
reloadAllAccessors: .SetVariable

===========================================================================================
----------------- testing Tue Nov 26 06:25:34 UTC 2019 /home/travis/build/icyphy/ptII/ptolemy/actor/lib/test/auto/SetVariable2.xml
----------------- Instantiating /home/travis/build/icyphy/ptII/ptolemy/actor/lib/test/auto/SetVariable2.xml
2 ms. Memory: 569344K Free: 511560K (90%)
----------------- Invoking toplevel() on ptolemy.moml.MoMLSimpleApplication@138a64c9
----------------- Done invoking toplevel() on ptolemy.moml.MoMLSimpleApplication@138a64c9
reloadAllAccessors: .SetVariable2

===========================================================================================
----------------- testing Tue Nov 26 06:25:34 UTC 2019 /home/travis/build/icyphy/ptII/ptolemy/actor/lib/test/auto/SetVariable3.xml
----------------- Instantiating /home/travis/build/icyphy/ptII/ptolemy/actor/lib/test/auto/SetVariable3.xml
7 ms. Memory: 569344K Free: 506440K (89%)
----------------- Invoking toplevel() on ptolemy.moml.MoMLSimpleApplication@bb13b2c
----------------- Done invoking toplevel() on ptolemy.moml.MoMLSimpleApplication@bb13b2c
reloadAllAccessors: .SetVariable3

===========================================================================================
----------------- testing Tue Nov 26 06:25:34 UTC 2019 /home/travis/build/icyphy/ptII/ptolemy/actor/lib/test/auto/SetVariable4.xml
----------------- Instantiating /home/travis/build/icyphy/ptII/ptolemy/actor/lib/test/auto/SetVariable4.xml
14 ms. Memory: 569344K Free: 496710K (87%)
----------------- Invoking toplevel() on ptolemy.moml.MoMLSimpleApplication@366bda82
----------------- Done invoking toplevel() on ptolemy.moml.MoMLSimpleApplication@366bda82
reloadAllAccessors: .SetVariable4

===========================================================================================
----------------- testing Tue Nov 26 06:25:34 UTC 2019 /home/travis/build/icyphy/ptII/ptolemy/actor/lib/test/auto/SetVariable5.xml
----------------- Instantiating /home/travis/build/icyphy/ptII/ptolemy/actor/lib/test/auto/SetVariable5.xml
23 ms. Memory: 569344K Free: 487494K (86%)
----------------- Invoking toplevel() on ptolemy.moml.MoMLSimpleApplication@618bc673
----------------- Done invoking toplevel() on ptolemy.moml.MoMLSimpleApplication@618bc673
reloadAllAccessors: .SetVariable5

===========================================================================================
----------------- testing Tue Nov 26 06:25:34 UTC 2019 /home/travis/build/icyphy/ptII/ptolemy/actor/lib/test/auto/Sinewave.xml
----------------- Instantiating /home/travis/build/icyphy/ptII/ptolemy/actor/lib/test/auto/Sinewave.xml
7 ms. Memory: 569344K Free: 477254K (84%)
----------------- Invoking toplevel() on ptolemy.moml.MoMLSimpleApplication@1d7d0888
----------------- Done invoking toplevel() on ptolemy.moml.MoMLSimpleApplication@1d7d0888
reloadAllAccessors: .Sinewave

===========================================================================================
----------------- testing Tue Nov 26 06:25:34 UTC 2019 /home/travis/build/icyphy/ptII/ptolemy/actor/lib/test/auto/Sinewave2.xml
----------------- Instantiating /home/travis/build/icyphy/ptII/ptolemy/actor/lib/test/auto/Sinewave2.xml
6 ms. Memory: 569344K Free: 469055K (82%)
----------------- Invoking toplevel() on ptolemy.moml.MoMLSimpleApplication@5ebc8295
----------------- Done invoking toplevel() on ptolemy.moml.MoMLSimpleApplication@5ebc8295
reloadAllAccessors: .Sinewave2

===========================================================================================
----------------- testing Tue Nov 26 06:25:34 UTC 2019 /home/travis/build/icyphy/ptII/ptolemy/actor/lib/test/auto/Sinewave3.xml
----------------- Instantiating /home/travis/build/icyphy/ptII/ptolemy/actor/lib/test/auto/Sinewave3.xml
11 ms. Memory: 569344K Free: 460855K (81%)
----------------- Invoking toplevel() on ptolemy.moml.MoMLSimpleApplication@6e8d1ea
----------------- Done invoking toplevel() on ptolemy.moml.MoMLSimpleApplication@6e8d1ea
reloadAllAccessors: .Sinewave3

===========================================================================================
----------------- testing Tue Nov 26 06:25:34 UTC 2019 /home/travis/build/icyphy/ptII/ptolemy/actor/lib/test/auto/SingleEvent.xml
----------------- Instantiating /home/travis/build/icyphy/ptII/ptolemy/actor/lib/test/auto/SingleEvent.xml
1 ms. Memory: 569344K Free: 456774K (80%)
----------------- Invoking toplevel() on ptolemy.moml.MoMLSimpleApplication@6290d408
----------------- Done invoking toplevel() on ptolemy.moml.MoMLSimpleApplication@6290d408
reloadAllAccessors: .SingleEvent

===========================================================================================
----------------- testing Tue Nov 26 06:25:34 UTC 2019 /home/travis/build/icyphy/ptII/ptolemy/actor/lib/test/auto/Sleep.xml
----------------- Instantiating /home/travis/build/icyphy/ptII/ptolemy/actor/lib/test/auto/Sleep.xml
6004 ms. Memory: 569344K Free: 450630K (79%)
----------------- Invoking toplevel() on ptolemy.moml.MoMLSimpleApplication@1b0e027f
----------------- Done invoking toplevel() on ptolemy.moml.MoMLSimpleApplication@1b0e027f
reloadAllAccessors: .Sleep

===========================================================================================
----------------- testing Tue Nov 26 06:25:40 UTC 2019 /home/travis/build/icyphy/ptII/ptolemy/actor/lib/test/auto/SleepMultipleFire.xml
----------------- Instantiating /home/travis/build/icyphy/ptII/ptolemy/actor/lib/test/auto/SleepMultipleFire.xml
1014 ms. Memory: 569344K Free: 445000K (78%)
----------------- Invoking toplevel() on ptolemy.moml.MoMLSimpleApplication@71167d08
----------------- Done invoking toplevel() on ptolemy.moml.MoMLSimpleApplication@71167d08
reloadAllAccessors: .SleepMultipleFire

===========================================================================================
----------------- testing Tue Nov 26 06:25:41 UTC 2019 /home/travis/build/icyphy/ptII/ptolemy/actor/lib/test/auto/StopDE.xml
----------------- Instantiating /home/travis/build/icyphy/ptII/ptolemy/actor/lib/test/auto/StopDE.xml
5 ms. Memory: 569344K Free: 439366K (77%)
----------------- Invoking toplevel() on ptolemy.moml.MoMLSimpleApplication@1a8af75
----------------- Done invoking toplevel() on ptolemy.moml.MoMLSimpleApplication@1a8af75
reloadAllAccessors: .StopDE

===========================================================================================
----------------- testing Tue Nov 26 06:25:41 UTC 2019 /home/travis/build/icyphy/ptII/ptolemy/actor/lib/test/auto/StopSDF.xml
----------------- Instantiating /home/travis/build/icyphy/ptII/ptolemy/actor/lib/test/auto/StopSDF.xml
5 ms. Memory: 569344K Free: 433736K (76%)
----------------- Invoking toplevel() on ptolemy.moml.MoMLSimpleApplication@48fff1b4
----------------- Done invoking toplevel() on ptolemy.moml.MoMLSimpleApplication@48fff1b4
reloadAllAccessors: .StopSDF

===========================================================================================
----------------- testing Tue Nov 26 06:25:41 UTC 2019 /home/travis/build/icyphy/ptII/ptolemy/actor/lib/test/auto/StringConstant.xml
----------------- Instantiating /home/travis/build/icyphy/ptII/ptolemy/actor/lib/test/auto/StringConstant.xml
10 ms. Memory: 569344K Free: 429640K (75%)
----------------- Invoking toplevel() on ptolemy.moml.MoMLSimpleApplication@7376a52b
----------------- Done invoking toplevel() on ptolemy.moml.MoMLSimpleApplication@7376a52b
reloadAllAccessors: .StringConstant

===========================================================================================
----------------- testing Tue Nov 26 06:25:42 UTC 2019 /home/travis/build/icyphy/ptII/ptolemy/actor/lib/test/auto/SubscriberPortInitialValues1.xml
----------------- Instantiating /home/travis/build/icyphy/ptII/ptolemy/actor/lib/test/auto/SubscriberPortInitialValues1.xml
10 ms. Memory: 569344K Free: 420934K (74%)
----------------- Invoking toplevel() on ptolemy.moml.MoMLSimpleApplication@29a4ef47
----------------- Done invoking toplevel() on ptolemy.moml.MoMLSimpleApplication@29a4ef47
reloadAllAccessors: .SubscriberPortInitialValues1

===========================================================================================
----------------- testing Tue Nov 26 06:25:42 UTC 2019 /home/travis/build/icyphy/ptII/ptolemy/actor/lib/test/auto/SubscriberPortInitialValues13.xml
----------------- Instantiating /home/travis/build/icyphy/ptII/ptolemy/actor/lib/test/auto/SubscriberPortInitialValues13.xml
10 ms. Memory: 569344K Free: 407622K (72%)
----------------- Invoking toplevel() on ptolemy.moml.MoMLSimpleApplication@2935a7cb
----------------- Done invoking toplevel() on ptolemy.moml.MoMLSimpleApplication@2935a7cb
reloadAllAccessors: .SubscriberPortInitialValues13

===========================================================================================
----------------- testing Tue Nov 26 06:25:42 UTC 2019 /home/travis/build/icyphy/ptII/ptolemy/actor/lib/test/auto/SubscriberPortInitialValues14.xml
----------------- Instantiating /home/travis/build/icyphy/ptII/ptolemy/actor/lib/test/auto/SubscriberPortInitialValues14.xml
5 ms. Memory: 569344K Free: 399942K (70%)
----------------- Invoking toplevel() on ptolemy.moml.MoMLSimpleApplication@6996eb76
----------------- Done invoking toplevel() on ptolemy.moml.MoMLSimpleApplication@6996eb76
reloadAllAccessors: .SubscriberPortInitialValues14

===========================================================================================
----------------- testing Tue Nov 26 06:25:42 UTC 2019 /home/travis/build/icyphy/ptII/ptolemy/actor/lib/test/auto/SubscriberPortInitialValues2.xml
----------------- Instantiating /home/travis/build/icyphy/ptII/ptolemy/actor/lib/test/auto/SubscriberPortInitialValues2.xml
5 ms. Memory: 569344K Free: 391752K (69%)
----------------- Invoking toplevel() on ptolemy.moml.MoMLSimpleApplication@413821a9
----------------- Done invoking toplevel() on ptolemy.moml.MoMLSimpleApplication@413821a9
reloadAllAccessors: .SubscriberPortInitialValues2

===========================================================================================
----------------- testing Tue Nov 26 06:25:42 UTC 2019 /home/travis/build/icyphy/ptII/ptolemy/actor/lib/test/auto/SubscriberPortInitialValues3.xml
----------------- Instantiating /home/travis/build/icyphy/ptII/ptolemy/actor/lib/test/auto/SubscriberPortInitialValues3.xml
6 ms. Memory: 569344K Free: 380998K (67%)
----------------- Invoking toplevel() on ptolemy.moml.MoMLSimpleApplication@20e4c189
----------------- Done invoking toplevel() on ptolemy.moml.MoMLSimpleApplication@20e4c189
reloadAllAccessors: .SubscriberPortInitialValues3

===========================================================================================
----------------- testing Tue Nov 26 06:25:42 UTC 2019 /home/travis/build/icyphy/ptII/ptolemy/actor/lib/test/auto/SubscriptionAggregator.xml
----------------- Instantiating /home/travis/build/icyphy/ptII/ptolemy/actor/lib/test/auto/SubscriptionAggregator.xml
3 ms. Memory: 569344K Free: 374344K (66%)
----------------- Invoking toplevel() on ptolemy.moml.MoMLSimpleApplication@64bf91fe
----------------- Done invoking toplevel() on ptolemy.moml.MoMLSimpleApplication@64bf91fe
reloadAllAccessors: .SubscriptionAggregator

===========================================================================================
----------------- testing Tue Nov 26 06:25:42 UTC 2019 /home/travis/build/icyphy/ptII/ptolemy/actor/lib/test/auto/SubscriptionAggregator2.xml
----------------- Instantiating /home/travis/build/icyphy/ptII/ptolemy/actor/lib/test/auto/SubscriptionAggregator2.xml
3 ms. Memory: 569344K Free: 367176K (64%)
----------------- Invoking toplevel() on ptolemy.moml.MoMLSimpleApplication@d2d7c73
----------------- Done invoking toplevel() on ptolemy.moml.MoMLSimpleApplication@d2d7c73
reloadAllAccessors: .SubscriptionAggregator2

===========================================================================================
----------------- testing Tue Nov 26 06:25:42 UTC 2019 /home/travis/build/icyphy/ptII/ptolemy/actor/lib/test/auto/SubscriptionAggregator3.xml
----------------- Instantiating /home/travis/build/icyphy/ptII/ptolemy/actor/lib/test/auto/SubscriptionAggregator3.xml
5 ms. Memory: 569344K Free: 358463K (63%)
----------------- Invoking toplevel() on ptolemy.moml.MoMLSimpleApplication@e9162e9
----------------- Done invoking toplevel() on ptolemy.moml.MoMLSimpleApplication@e9162e9
reloadAllAccessors: .SubscriptionAggregator3

===========================================================================================
----------------- testing Tue Nov 26 06:25:42 UTC 2019 /home/travis/build/icyphy/ptII/ptolemy/actor/lib/test/auto/SubscriptionAggregatorMultiply.xml
----------------- Instantiating /home/travis/build/icyphy/ptII/ptolemy/actor/lib/test/auto/SubscriptionAggregatorMultiply.xml
15 ms. Memory: 569344K Free: 349768K (61%)
----------------- Invoking toplevel() on ptolemy.moml.MoMLSimpleApplication@4b161c23
----------------- Done invoking toplevel() on ptolemy.moml.MoMLSimpleApplication@4b161c23
reloadAllAccessors: .SubscriptionAggregatorMultiply

===========================================================================================
----------------- testing Tue Nov 26 06:25:42 UTC 2019 /home/travis/build/icyphy/ptII/ptolemy/actor/lib/test/auto/SubscriptionAggregatorPortMultiply1.xml
----------------- Instantiating /home/travis/build/icyphy/ptII/ptolemy/actor/lib/test/auto/SubscriptionAggregatorPortMultiply1.xml
3 ms. Memory: 569344K Free: 341576K (60%)
----------------- Invoking toplevel() on ptolemy.moml.MoMLSimpleApplication@549b477a
----------------- Done invoking toplevel() on ptolemy.moml.MoMLSimpleApplication@549b477a
reloadAllAccessors: .SubscriptionAggregatorPortMultiply1

===========================================================================================
----------------- testing Tue Nov 26 06:25:42 UTC 2019 /home/travis/build/icyphy/ptII/ptolemy/actor/lib/test/auto/Switch.xml
----------------- Instantiating /home/travis/build/icyphy/ptII/ptolemy/actor/lib/test/auto/Switch.xml
11 ms. Memory: 569344K Free: 333384K (59%)
----------------- Invoking toplevel() on ptolemy.moml.MoMLSimpleApplication@73f4a54b
----------------- Done invoking toplevel() on ptolemy.moml.MoMLSimpleApplication@73f4a54b
reloadAllAccessors: .Switch

===========================================================================================
----------------- testing Tue Nov 26 06:25:42 UTC 2019 /home/travis/build/icyphy/ptII/ptolemy/actor/lib/test/auto/Switch2.xml
----------------- Instantiating /home/travis/build/icyphy/ptII/ptolemy/actor/lib/test/auto/Switch2.xml
2 ms. Memory: 569344K Free: 328774K (58%)
----------------- Invoking toplevel() on ptolemy.moml.MoMLSimpleApplication@2ea116ad
----------------- Done invoking toplevel() on ptolemy.moml.MoMLSimpleApplication@2ea116ad
reloadAllAccessors: .Switch2

===========================================================================================
----------------- testing Tue Nov 26 06:25:42 UTC 2019 /home/travis/build/icyphy/ptII/ptolemy/actor/lib/test/auto/SwitchDE.xml
----------------- Instantiating /home/travis/build/icyphy/ptII/ptolemy/actor/lib/test/auto/SwitchDE.xml
5 ms. Memory: 569344K Free: 322599K (57%)
----------------- Invoking toplevel() on ptolemy.moml.MoMLSimpleApplication@5538a162
----------------- Done invoking toplevel() on ptolemy.moml.MoMLSimpleApplication@5538a162
reloadAllAccessors: .SwitchDE

===========================================================================================
----------------- testing Tue Nov 26 06:25:42 UTC 2019 /home/travis/build/icyphy/ptII/ptolemy/actor/lib/test/auto/SynchronizerDE.xml
----------------- Instantiating /home/travis/build/icyphy/ptII/ptolemy/actor/lib/test/auto/SynchronizerDE.xml
7 ms. Memory: 569344K Free: 313928K (55%)
----------------- Invoking toplevel() on ptolemy.moml.MoMLSimpleApplication@324e88dc
----------------- Done invoking toplevel() on ptolemy.moml.MoMLSimpleApplication@324e88dc
reloadAllAccessors: .SynchronizerDE

===========================================================================================
----------------- testing Tue Nov 26 06:25:42 UTC 2019 /home/travis/build/icyphy/ptII/ptolemy/actor/lib/test/auto/Test.xml
----------------- Instantiating /home/travis/build/icyphy/ptII/ptolemy/actor/lib/test/auto/Test.xml
11 ms. Memory: 569344K Free: 308808K (54%)
----------------- Invoking toplevel() on ptolemy.moml.MoMLSimpleApplication@15a57a45
----------------- Done invoking toplevel() on ptolemy.moml.MoMLSimpleApplication@15a57a45
reloadAllAccessors: .Test

===========================================================================================
----------------- testing Tue Nov 26 06:25:42 UTC 2019 /home/travis/build/icyphy/ptII/ptolemy/actor/lib/test/auto/TestExceptionAttribute1.xml
----------------- Instantiating /home/travis/build/icyphy/ptII/ptolemy/actor/lib/test/auto/TestExceptionAttribute1.xml
1 ms. Memory: 569344K Free: 305222K (54%)
----------------- Invoking toplevel() on ptolemy.moml.MoMLSimpleApplication@5148a39f
----------------- Done invoking toplevel() on ptolemy.moml.MoMLSimpleApplication@5148a39f
reloadAllAccessors: .TestExceptionAttribute1

===========================================================================================
----------------- testing Tue Nov 26 06:25:42 UTC 2019 /home/travis/build/icyphy/ptII/ptolemy/actor/lib/test/auto/TestExceptionAttribute2.xml
----------------- Instantiating /home/travis/build/icyphy/ptII/ptolemy/actor/lib/test/auto/TestExceptionAttribute2.xml
3 ms. Memory: 569344K Free: 301640K (53%)
----------------- Invoking toplevel() on ptolemy.moml.MoMLSimpleApplication@949e824
----------------- Done invoking toplevel() on ptolemy.moml.MoMLSimpleApplication@949e824
reloadAllAccessors: .TestExceptionAttribute2

===========================================================================================
----------------- testing Tue Nov 26 06:25:42 UTC 2019 /home/travis/build/icyphy/ptII/ptolemy/actor/lib/test/auto/TestExceptionAttribute3.xml
----------------- Instantiating /home/travis/build/icyphy/ptII/ptolemy/actor/lib/test/auto/TestExceptionAttribute3.xml
.TestExceptionAttribute3.TestExceptionAttribute: initialize() was not invoked, but wrapup() was.  This is unusual, but not always a problem.  For example, exporting JNLP will do this.
1 ms. Memory: 569344K Free: 298054K (52%)
----------------- Invoking toplevel() on ptolemy.moml.MoMLSimpleApplication@22ede344
----------------- Done invoking toplevel() on ptolemy.moml.MoMLSimpleApplication@22ede344
reloadAllAccessors: .TestExceptionAttribute3

===========================================================================================
----------------- testing Tue Nov 26 06:25:42 UTC 2019 /home/travis/build/icyphy/ptII/ptolemy/actor/lib/test/auto/TestExceptionAttribute4.xml
----------------- Instantiating /home/travis/build/icyphy/ptII/ptolemy/actor/lib/test/auto/TestExceptionAttribute4.xml
.TestExceptionAttribute4.TestExceptionAttribute: initialize() was not invoked, but wrapup() was.  This is unusual, but not always a problem.  For example, exporting JNLP will do this.
.TestExceptionAttribute4.TestExceptionAttribute2: initialize() was not invoked, but wrapup() was.  This is unusual, but not always a problem.  For example, exporting JNLP will do this.
1 ms. Memory: 569344K Free: 293448K (52%)
----------------- Invoking toplevel() on ptolemy.moml.MoMLSimpleApplication@615a0458
----------------- Done invoking toplevel() on ptolemy.moml.MoMLSimpleApplication@615a0458
reloadAllAccessors: .TestExceptionAttribute4

===========================================================================================
----------------- testing Tue Nov 26 06:25:42 UTC 2019 /home/travis/build/icyphy/ptII/ptolemy/actor/lib/test/auto/TestExceptionHandler1.xml
----------------- Instantiating /home/travis/build/icyphy/ptII/ptolemy/actor/lib/test/auto/TestExceptionHandler1.xml
2 ms. Memory: 569344K Free: 289862K (51%)
----------------- Invoking toplevel() on ptolemy.moml.MoMLSimpleApplication@7e85d37c
----------------- Done invoking toplevel() on ptolemy.moml.MoMLSimpleApplication@7e85d37c
reloadAllAccessors: .TestExceptionHandler1

===========================================================================================
----------------- testing Tue Nov 26 06:25:42 UTC 2019 /home/travis/build/icyphy/ptII/ptolemy/actor/lib/test/auto/TestExceptionHandler2.xml
----------------- Instantiating /home/travis/build/icyphy/ptII/ptolemy/actor/lib/test/auto/TestExceptionHandler2.xml
2 ms. Memory: 569344K Free: 286280K (50%)
----------------- Invoking toplevel() on ptolemy.moml.MoMLSimpleApplication@44ffd4e0
----------------- Done invoking toplevel() on ptolemy.moml.MoMLSimpleApplication@44ffd4e0
reloadAllAccessors: .TestExceptionHandler2

===========================================================================================
----------------- testing Tue Nov 26 06:25:42 UTC 2019 /home/travis/build/icyphy/ptII/ptolemy/actor/lib/test/auto/TestExceptionHandler3.xml
----------------- Instantiating /home/travis/build/icyphy/ptII/ptolemy/actor/lib/test/auto/TestExceptionHandler3.xml
1 ms. Memory: 569344K Free: 282694K (50%)
----------------- Invoking toplevel() on ptolemy.moml.MoMLSimpleApplication@2fd93890
----------------- Done invoking toplevel() on ptolemy.moml.MoMLSimpleApplication@2fd93890
reloadAllAccessors: .TestExceptionHandler3

===========================================================================================
----------------- testing Tue Nov 26 06:25:42 UTC 2019 /home/travis/build/icyphy/ptII/ptolemy/actor/lib/test/auto/TestExceptionHandler4.xml
----------------- Instantiating /home/travis/build/icyphy/ptII/ptolemy/actor/lib/test/auto/TestExceptionHandler4.xml
0 ms. Memory: 569344K Free: 278598K (49%)
----------------- Invoking toplevel() on ptolemy.moml.MoMLSimpleApplication@20355927
----------------- Done invoking toplevel() on ptolemy.moml.MoMLSimpleApplication@20355927
reloadAllAccessors: .TestExceptionHandler4

===========================================================================================
----------------- testing Tue Nov 26 06:25:42 UTC 2019 /home/travis/build/icyphy/ptII/ptolemy/actor/lib/test/auto/TestRequireCorrectOrder.xml
----------------- Instantiating /home/travis/build/icyphy/ptII/ptolemy/actor/lib/test/auto/TestRequireCorrectOrder.xml
7 ms. Memory: 569344K Free: 273463K (48%)
----------------- Invoking toplevel() on ptolemy.moml.MoMLSimpleApplication@1989f36b
----------------- Done invoking toplevel() on ptolemy.moml.MoMLSimpleApplication@1989f36b
reloadAllAccessors: .TestRequireCorrectOrder

===========================================================================================
----------------- testing Tue Nov 26 06:25:42 UTC 2019 /home/travis/build/icyphy/ptII/ptolemy/actor/lib/test/auto/TestSimple.xml
----------------- Instantiating /home/travis/build/icyphy/ptII/ptolemy/actor/lib/test/auto/TestSimple.xml
2 ms. Memory: 569344K Free: 268351K (47%)
----------------- Invoking toplevel() on ptolemy.moml.MoMLSimpleApplication@54929f04
----------------- Done invoking toplevel() on ptolemy.moml.MoMLSimpleApplication@54929f04
reloadAllAccessors: .TestSimple

===========================================================================================
----------------- testing Tue Nov 26 06:25:42 UTC 2019 /home/travis/build/icyphy/ptII/ptolemy/actor/lib/test/auto/ThrowModelError.xml
----------------- Instantiating /home/travis/build/icyphy/ptII/ptolemy/actor/lib/test/auto/ThrowModelError.xml
2 ms. Memory: 569344K Free: 263752K (46%)
----------------- Invoking toplevel() on ptolemy.moml.MoMLSimpleApplication@65be1292
----------------- Done invoking toplevel() on ptolemy.moml.MoMLSimpleApplication@65be1292
reloadAllAccessors: .ThrowModelError

===========================================================================================
----------------- testing Tue Nov 26 06:25:42 UTC 2019 /home/travis/build/icyphy/ptII/ptolemy/actor/lib/test/auto/TimeDelayMicrosteps.xml
----------------- Instantiating /home/travis/build/icyphy/ptII/ptolemy/actor/lib/test/auto/TimeDelayMicrosteps.xml
4 ms. Memory: 569344K Free: 257087K (45%)
----------------- Invoking toplevel() on ptolemy.moml.MoMLSimpleApplication@128ff09a
----------------- Done invoking toplevel() on ptolemy.moml.MoMLSimpleApplication@128ff09a
reloadAllAccessors: .TimeDelayMicrosteps

===========================================================================================
----------------- testing Tue Nov 26 06:25:42 UTC 2019 /home/travis/build/icyphy/ptII/ptolemy/actor/lib/test/auto/TimeDelayMicrosteps2.xml
----------------- Instantiating /home/travis/build/icyphy/ptII/ptolemy/actor/lib/test/auto/TimeDelayMicrosteps2.xml
5 ms. Memory: 569344K Free: 249895K (44%)
----------------- Invoking toplevel() on ptolemy.moml.MoMLSimpleApplication@6907dad
----------------- Done invoking toplevel() on ptolemy.moml.MoMLSimpleApplication@6907dad
reloadAllAccessors: .TimeDelayMicrosteps2

===========================================================================================
----------------- testing Tue Nov 26 06:25:42 UTC 2019 /home/travis/build/icyphy/ptII/ptolemy/actor/lib/test/auto/TimeDelayMicrosteps3.xml
----------------- Instantiating /home/travis/build/icyphy/ptII/ptolemy/actor/lib/test/auto/TimeDelayMicrosteps3.xml
3 ms. Memory: 569344K Free: 242727K (43%)
----------------- Invoking toplevel() on ptolemy.moml.MoMLSimpleApplication@19f486c1
----------------- Done invoking toplevel() on ptolemy.moml.MoMLSimpleApplication@19f486c1
reloadAllAccessors: .TimeDelayMicrosteps3

===========================================================================================
----------------- testing Tue Nov 26 06:25:42 UTC 2019 /home/travis/build/icyphy/ptII/ptolemy/actor/lib/test/auto/TimeDelayVariableMicrosteps.xml
----------------- Instantiating /home/travis/build/icyphy/ptII/ptolemy/actor/lib/test/auto/TimeDelayVariableMicrosteps.xml
9 ms. Memory: 569344K Free: 236104K (41%)
----------------- Invoking toplevel() on ptolemy.moml.MoMLSimpleApplication@2568a316
----------------- Done invoking toplevel() on ptolemy.moml.MoMLSimpleApplication@2568a316
reloadAllAccessors: .TimeDelayVariableMicrosteps

===========================================================================================
----------------- testing Tue Nov 26 06:25:42 UTC 2019 /home/travis/build/icyphy/ptII/ptolemy/actor/lib/test/auto/TimeGap.xml
----------------- Instantiating /home/travis/build/icyphy/ptII/ptolemy/actor/lib/test/auto/TimeGap.xml
5 ms. Memory: 569344K Free: 230984K (41%)
----------------- Invoking toplevel() on ptolemy.moml.MoMLSimpleApplication@675f5abe
----------------- Done invoking toplevel() on ptolemy.moml.MoMLSimpleApplication@675f5abe
reloadAllAccessors: .TimeGap

===========================================================================================
----------------- testing Tue Nov 26 06:25:42 UTC 2019 /home/travis/build/icyphy/ptII/ptolemy/actor/lib/test/auto/TimeGap2.xml
----------------- Instantiating /home/travis/build/icyphy/ptII/ptolemy/actor/lib/test/auto/TimeGap2.xml
3 ms. Memory: 569344K Free: 225319K (40%)
----------------- Invoking toplevel() on ptolemy.moml.MoMLSimpleApplication@5490e410
----------------- Done invoking toplevel() on ptolemy.moml.MoMLSimpleApplication@5490e410
reloadAllAccessors: .TimeGap2

===========================================================================================
----------------- testing Tue Nov 26 06:25:42 UTC 2019 /home/travis/build/icyphy/ptII/ptolemy/actor/lib/test/auto/TimedSinewave.xml
----------------- Instantiating /home/travis/build/icyphy/ptII/ptolemy/actor/lib/test/auto/TimedSinewave.xml
24 ms. Memory: 569344K Free: 211014K (37%)
----------------- Invoking toplevel() on ptolemy.moml.MoMLSimpleApplication@69f09740
----------------- Done invoking toplevel() on ptolemy.moml.MoMLSimpleApplication@69f09740
reloadAllAccessors: .TimedSinewave

===========================================================================================
----------------- testing Tue Nov 26 06:25:42 UTC 2019 /home/travis/build/icyphy/ptII/ptolemy/actor/lib/test/auto/TimedSinewavePhase.xml
----------------- Instantiating /home/travis/build/icyphy/ptII/ptolemy/actor/lib/test/auto/TimedSinewavePhase.xml
15 ms. Memory: 569344K Free: 200774K (35%)
----------------- Invoking toplevel() on ptolemy.moml.MoMLSimpleApplication@5e85c1b3
----------------- Done invoking toplevel() on ptolemy.moml.MoMLSimpleApplication@5e85c1b3
reloadAllAccessors: .TimedSinewavePhase

===========================================================================================
----------------- testing Tue Nov 26 06:25:42 UTC 2019 /home/travis/build/icyphy/ptII/ptolemy/actor/lib/test/auto/Timer.xml
----------------- Instantiating /home/travis/build/icyphy/ptII/ptolemy/actor/lib/test/auto/Timer.xml
3 ms. Memory: 569344K Free: 195144K (34%)
----------------- Invoking toplevel() on ptolemy.moml.MoMLSimpleApplication@19586c71
----------------- Done invoking toplevel() on ptolemy.moml.MoMLSimpleApplication@19586c71
reloadAllAccessors: .Timer

===========================================================================================
----------------- testing Tue Nov 26 06:25:42 UTC 2019 /home/travis/build/icyphy/ptII/ptolemy/actor/lib/test/auto/TriangularDistTestModel.xml
----------------- Instantiating /home/travis/build/icyphy/ptII/ptolemy/actor/lib/test/auto/TriangularDistTestModel.xml
3 ms. Memory: 569344K Free: 189495K (33%)
----------------- Invoking toplevel() on ptolemy.moml.MoMLSimpleApplication@4a33cd32
----------------- Done invoking toplevel() on ptolemy.moml.MoMLSimpleApplication@4a33cd32
reloadAllAccessors: .TriangularDistTestModel

===========================================================================================
----------------- testing Tue Nov 26 06:25:42 UTC 2019 /home/travis/build/icyphy/ptII/ptolemy/actor/lib/test/auto/TrigFunction.xml
----------------- Instantiating /home/travis/build/icyphy/ptII/ptolemy/actor/lib/test/auto/TrigFunction.xml
2 ms. Memory: 569344K Free: 518216K (91%)
----------------- Invoking toplevel() on ptolemy.moml.MoMLSimpleApplication@780fe5dd
----------------- Done invoking toplevel() on ptolemy.moml.MoMLSimpleApplication@780fe5dd
reloadAllAccessors: .TrigFunction

===========================================================================================
----------------- testing Tue Nov 26 06:25:42 UTC 2019 /home/travis/build/icyphy/ptII/ptolemy/actor/lib/test/auto/TrigFunctionDE.xml
----------------- Instantiating /home/travis/build/icyphy/ptII/ptolemy/actor/lib/test/auto/TrigFunctionDE.xml
2 ms. Memory: 569344K Free: 512072K (90%)
----------------- Invoking toplevel() on ptolemy.moml.MoMLSimpleApplication@6a6d8172
----------------- Done invoking toplevel() on ptolemy.moml.MoMLSimpleApplication@6a6d8172
reloadAllAccessors: .TrigFunctionDE

===========================================================================================
----------------- testing Tue Nov 26 06:25:42 UTC 2019 /home/travis/build/icyphy/ptII/ptolemy/actor/lib/test/auto/TrigFunctionInverse.xml
----------------- Instantiating /home/travis/build/icyphy/ptII/ptolemy/actor/lib/test/auto/TrigFunctionInverse.xml
3 ms. Memory: 569344K Free: 506952K (89%)
----------------- Invoking toplevel() on ptolemy.moml.MoMLSimpleApplication@2d349a75
----------------- Done invoking toplevel() on ptolemy.moml.MoMLSimpleApplication@2d349a75
reloadAllAccessors: .TrigFunctionInverse

===========================================================================================
----------------- testing Tue Nov 26 06:25:42 UTC 2019 /home/travis/build/icyphy/ptII/ptolemy/actor/lib/test/auto/TrigFunctionTan.xml
----------------- Instantiating /home/travis/build/icyphy/ptII/ptolemy/actor/lib/test/auto/TrigFunctionTan.xml
2 ms. Memory: 569344K Free: 502856K (88%)
----------------- Invoking toplevel() on ptolemy.moml.MoMLSimpleApplication@53dd32e9
----------------- Done invoking toplevel() on ptolemy.moml.MoMLSimpleApplication@53dd32e9
reloadAllAccessors: .TrigFunctionTan

===========================================================================================
----------------- testing Tue Nov 26 06:25:42 UTC 2019 /home/travis/build/icyphy/ptII/ptolemy/actor/lib/test/auto/TriggeredClock.xml
----------------- Instantiating /home/travis/build/icyphy/ptII/ptolemy/actor/lib/test/auto/TriggeredClock.xml
1 ms. Memory: 569344K Free: 497736K (87%)
----------------- Invoking toplevel() on ptolemy.moml.MoMLSimpleApplication@6dff0e5e
----------------- Done invoking toplevel() on ptolemy.moml.MoMLSimpleApplication@6dff0e5e
reloadAllAccessors: .TriggeredClock

===========================================================================================
----------------- testing Tue Nov 26 06:25:42 UTC 2019 /home/travis/build/icyphy/ptII/ptolemy/actor/lib/test/auto/URLDirectoryReader.xml
----------------- Instantiating /home/travis/build/icyphy/ptII/ptolemy/actor/lib/test/auto/URLDirectoryReader.xml
43 ms. Memory: 569344K Free: 487496K (86%)
----------------- Invoking toplevel() on ptolemy.moml.MoMLSimpleApplication@419d27b8
----------------- Done invoking toplevel() on ptolemy.moml.MoMLSimpleApplication@419d27b8
reloadAllAccessors: .URLDirectoryReader

===========================================================================================
----------------- testing Tue Nov 26 06:25:43 UTC 2019 /home/travis/build/icyphy/ptII/ptolemy/actor/lib/test/auto/URLDirectoryReader3.xml
----------------- Instantiating /home/travis/build/icyphy/ptII/ptolemy/actor/lib/test/auto/URLDirectoryReader3.xml

===========================================================================================
----------------- testing Tue Nov 26 06:25:43 UTC 2019 /home/travis/build/icyphy/ptII/ptolemy/actor/lib/test/auto/UnaryMathFunction.xml
----------------- Instantiating /home/travis/build/icyphy/ptII/ptolemy/actor/lib/test/auto/UnaryMathFunction.xml
2 ms. Memory: 569344K Free: 477256K (84%)
----------------- Invoking toplevel() on ptolemy.moml.MoMLSimpleApplication@1951c16c
----------------- Done invoking toplevel() on ptolemy.moml.MoMLSimpleApplication@1951c16c
reloadAllAccessors: .UnaryMathFunction

===========================================================================================
----------------- testing Tue Nov 26 06:25:43 UTC 2019 /home/travis/build/icyphy/ptII/ptolemy/actor/lib/test/auto/Uniform.xml
----------------- Instantiating /home/travis/build/icyphy/ptII/ptolemy/actor/lib/test/auto/Uniform.xml
2 ms. Memory: 569344K Free: 472136K (83%)
----------------- Invoking toplevel() on ptolemy.moml.MoMLSimpleApplication@215859f6
----------------- Done invoking toplevel() on ptolemy.moml.MoMLSimpleApplication@215859f6
reloadAllAccessors: .Uniform

===========================================================================================
----------------- testing Tue Nov 26 06:25:43 UTC 2019 /home/travis/build/icyphy/ptII/ptolemy/actor/lib/test/auto/UnionDisassemblerTest.xml
----------------- Instantiating /home/travis/build/icyphy/ptII/ptolemy/actor/lib/test/auto/UnionDisassemblerTest.xml
14 ms. Memory: 569344K Free: 468550K (82%)
----------------- Invoking toplevel() on ptolemy.moml.MoMLSimpleApplication@59c9cfb9
----------------- Done invoking toplevel() on ptolemy.moml.MoMLSimpleApplication@59c9cfb9
reloadAllAccessors: .UnionDisassemblerTest

===========================================================================================
----------------- testing Tue Nov 26 06:25:43 UTC 2019 /home/travis/build/icyphy/ptII/ptolemy/actor/lib/test/auto/UtilityFunctions.xml
----------------- Instantiating /home/travis/build/icyphy/ptII/ptolemy/actor/lib/test/auto/UtilityFunctions.xml
4 ms. Memory: 569344K Free: 464454K (82%)
----------------- Invoking toplevel() on ptolemy.moml.MoMLSimpleApplication@5757a3e7
----------------- Done invoking toplevel() on ptolemy.moml.MoMLSimpleApplication@5757a3e7
reloadAllAccessors: .UtilityFunctions

===========================================================================================
----------------- testing Tue Nov 26 06:25:43 UTC 2019 /home/travis/build/icyphy/ptII/ptolemy/actor/lib/test/auto/VariableSleep.xml
----------------- Instantiating /home/travis/build/icyphy/ptII/ptolemy/actor/lib/test/auto/VariableSleep.xml
503 ms. Memory: 569344K Free: 459334K (81%)
----------------- Invoking toplevel() on ptolemy.moml.MoMLSimpleApplication@67aca97c
----------------- Done invoking toplevel() on ptolemy.moml.MoMLSimpleApplication@67aca97c
reloadAllAccessors: .VariableSleep

===========================================================================================
----------------- testing Tue Nov 26 06:25:43 UTC 2019 /home/travis/build/icyphy/ptII/ptolemy/actor/lib/test/auto/VectorAssemblerDisassemblerCT.xml
----------------- Instantiating /home/travis/build/icyphy/ptII/ptolemy/actor/lib/test/auto/VectorAssemblerDisassemblerCT.xml
84 ms. Memory: 569344K Free: 438854K (77%)
----------------- Invoking toplevel() on ptolemy.moml.MoMLSimpleApplication@5513e7eb
----------------- Done invoking toplevel() on ptolemy.moml.MoMLSimpleApplication@5513e7eb
reloadAllAccessors: .VectorAssemblerDisassemblerCT

===========================================================================================
----------------- testing Tue Nov 26 06:25:43 UTC 2019 /home/travis/build/icyphy/ptII/ptolemy/actor/lib/test/auto/VectorAssemblerDisassemblerDE.xml
----------------- Instantiating /home/travis/build/icyphy/ptII/ptolemy/actor/lib/test/auto/VectorAssemblerDisassemblerDE.xml
3 ms. Memory: 569344K Free: 431686K (76%)
----------------- Invoking toplevel() on ptolemy.moml.MoMLSimpleApplication@2183141e
----------------- Done invoking toplevel() on ptolemy.moml.MoMLSimpleApplication@2183141e
reloadAllAccessors: .VectorAssemblerDisassemblerDE

===========================================================================================
----------------- testing Tue Nov 26 06:25:44 UTC 2019 /home/travis/build/icyphy/ptII/ptolemy/actor/lib/test/auto/VectorAssemblerDisassemblerSDF.xml
----------------- Instantiating /home/travis/build/icyphy/ptII/ptolemy/actor/lib/test/auto/VectorAssemblerDisassemblerSDF.xml
2 ms. Memory: 569344K Free: 425032K (75%)
----------------- Invoking toplevel() on ptolemy.moml.MoMLSimpleApplication@261fc72f
----------------- Done invoking toplevel() on ptolemy.moml.MoMLSimpleApplication@261fc72f
reloadAllAccessors: .VectorAssemblerDisassemblerSDF

===========================================================================================
----------------- testing Tue Nov 26 06:25:44 UTC 2019 /home/travis/build/icyphy/ptII/ptolemy/actor/lib/test/auto/WallClockTime.xml
----------------- Instantiating /home/travis/build/icyphy/ptII/ptolemy/actor/lib/test/auto/WallClockTime.xml
1005 ms. Memory: 569344K Free: 419912K (74%)
----------------- Invoking toplevel() on ptolemy.moml.MoMLSimpleApplication@3c5d3657
----------------- Done invoking toplevel() on ptolemy.moml.MoMLSimpleApplication@3c5d3657
reloadAllAccessors: .WallClockTime

===========================================================================================
----------------- testing Tue Nov 26 06:25:45 UTC 2019 /home/travis/build/icyphy/ptII/ptolemy/actor/lib/test/auto/WidthTestWithSubscriberPublisher.xml
----------------- Instantiating /home/travis/build/icyphy/ptII/ptolemy/actor/lib/test/auto/WidthTestWithSubscriberPublisher.xml
9 ms. Memory: 569344K Free: 401990K (71%)
----------------- Invoking toplevel() on ptolemy.moml.MoMLSimpleApplication@2c316564
----------------- Done invoking toplevel() on ptolemy.moml.MoMLSimpleApplication@2c316564
reloadAllAccessors: .WidthTestWithSubscriberPublisher

===========================================================================================
----------------- testing Tue Nov 26 06:25:45 UTC 2019 /home/travis/build/icyphy/ptII/ptolemy/actor/lib/test/auto/WidthTestWithSubscriberPublisher2.xml
----------------- Instantiating /home/travis/build/icyphy/ptII/ptolemy/actor/lib/test/auto/WidthTestWithSubscriberPublisher2.xml
3 ms. Memory: 569344K Free: 395336K (69%)
----------------- Invoking toplevel() on ptolemy.moml.MoMLSimpleApplication@37b9afb9
----------------- Done invoking toplevel() on ptolemy.moml.MoMLSimpleApplication@37b9afb9
reloadAllAccessors: .WidthTestWithSubscriberPublisher2

===========================================================================================
----------------- testing Tue Nov 26 06:25:45 UTC 2019 /home/travis/build/icyphy/ptII/ptolemy/actor/lib/test/auto/WidthTestWithSubscriberPublisher3.xml
----------------- Instantiating /home/travis/build/icyphy/ptII/ptolemy/actor/lib/test/auto/WidthTestWithSubscriberPublisher3.xml
2 ms. Memory: 569344K Free: 389192K (68%)
----------------- Invoking toplevel() on ptolemy.moml.MoMLSimpleApplication@5ec0eca8
----------------- Done invoking toplevel() on ptolemy.moml.MoMLSimpleApplication@5ec0eca8
reloadAllAccessors: .WidthTestWithSubscriberPublisher3

===========================================================================================
----------------- testing Tue Nov 26 06:25:45 UTC 2019 /home/travis/build/icyphy/ptII/ptolemy/actor/lib/test/auto/Writer.xml
----------------- Instantiating /home/travis/build/icyphy/ptII/ptolemy/actor/lib/test/auto/Writer.xml
0
1
2
3
4
2 ms. Memory: 569344K Free: 385096K (68%)
----------------- Invoking toplevel() on ptolemy.moml.MoMLSimpleApplication@4b3a7d99
----------------- Done invoking toplevel() on ptolemy.moml.MoMLSimpleApplication@4b3a7d99
reloadAllAccessors: .Writer

===========================================================================================
----------------- testing Tue Nov 26 06:25:45 UTC 2019 /home/travis/build/icyphy/ptII/ptolemy/actor/lib/test/auto/array.xml
----------------- Instantiating /home/travis/build/icyphy/ptII/ptolemy/actor/lib/test/auto/array.xml
3 ms. Memory: 569344K Free: 379976K (67%)
----------------- Invoking toplevel() on ptolemy.moml.MoMLSimpleApplication@69dee29d
----------------- Done invoking toplevel() on ptolemy.moml.MoMLSimpleApplication@69dee29d
reloadAllAccessors: .array

===========================================================================================
----------------- testing Tue Nov 26 06:25:45 UTC 2019 /home/travis/build/icyphy/ptII/ptolemy/actor/lib/test/auto/array2.xml
----------------- Instantiating /home/travis/build/icyphy/ptII/ptolemy/actor/lib/test/auto/array2.xml
8 ms. Memory: 569344K Free: 375351K (66%)
----------------- Invoking toplevel() on ptolemy.moml.MoMLSimpleApplication@3e9c9a5d
----------------- Done invoking toplevel() on ptolemy.moml.MoMLSimpleApplication@3e9c9a5d
reloadAllAccessors: .array2

===========================================================================================
----------------- testing Tue Nov 26 06:25:45 UTC 2019 /home/travis/build/icyphy/ptII/ptolemy/actor/lib/test/auto/arrayType.xml
----------------- Instantiating /home/travis/build/icyphy/ptII/ptolemy/actor/lib/test/auto/arrayType.xml
2 ms. Memory: 569344K Free: 370246K (65%)
----------------- Invoking toplevel() on ptolemy.moml.MoMLSimpleApplication@2d65dc90
----------------- Done invoking toplevel() on ptolemy.moml.MoMLSimpleApplication@2d65dc90
reloadAllAccessors: .arrayType

===========================================================================================
----------------- testing Tue Nov 26 06:25:45 UTC 2019 /home/travis/build/icyphy/ptII/ptolemy/actor/lib/test/auto/arrayType10.xml
----------------- Instantiating /home/travis/build/icyphy/ptII/ptolemy/actor/lib/test/auto/arrayType10.xml
1 ms. Memory: 569344K Free: 365126K (64%)
----------------- Invoking toplevel() on ptolemy.moml.MoMLSimpleApplication@12964ea5
----------------- Done invoking toplevel() on ptolemy.moml.MoMLSimpleApplication@12964ea5
reloadAllAccessors: .arrayType10

===========================================================================================
----------------- testing Tue Nov 26 06:25:45 UTC 2019 /home/travis/build/icyphy/ptII/ptolemy/actor/lib/test/auto/arrayType11.xml
----------------- Instantiating /home/travis/build/icyphy/ptII/ptolemy/actor/lib/test/auto/arrayType11.xml
2 ms. Memory: 569344K Free: 360520K (63%)
----------------- Invoking toplevel() on ptolemy.moml.MoMLSimpleApplication@2975540b
----------------- Done invoking toplevel() on ptolemy.moml.MoMLSimpleApplication@2975540b
reloadAllAccessors: .arrayType11

===========================================================================================
----------------- testing Tue Nov 26 06:25:45 UTC 2019 /home/travis/build/icyphy/ptII/ptolemy/actor/lib/test/auto/arrayType12.xml
----------------- Instantiating /home/travis/build/icyphy/ptII/ptolemy/actor/lib/test/auto/arrayType12.xml
2 ms. Memory: 569344K Free: 355910K (63%)
----------------- Invoking toplevel() on ptolemy.moml.MoMLSimpleApplication@248fc45d
----------------- Done invoking toplevel() on ptolemy.moml.MoMLSimpleApplication@248fc45d
reloadAllAccessors: .arrayType12

===========================================================================================
----------------- testing Tue Nov 26 06:25:45 UTC 2019 /home/travis/build/icyphy/ptII/ptolemy/actor/lib/test/auto/arrayType13.xml
----------------- Instantiating /home/travis/build/icyphy/ptII/ptolemy/actor/lib/test/auto/arrayType13.xml
2 ms. Memory: 569344K Free: 350790K (62%)
----------------- Invoking toplevel() on ptolemy.moml.MoMLSimpleApplication@68796902
----------------- Done invoking toplevel() on ptolemy.moml.MoMLSimpleApplication@68796902
reloadAllAccessors: .arrayType13

===========================================================================================
----------------- testing Tue Nov 26 06:25:45 UTC 2019 /home/travis/build/icyphy/ptII/ptolemy/actor/lib/test/auto/arrayType14.xml
----------------- Instantiating /home/travis/build/icyphy/ptII/ptolemy/actor/lib/test/auto/arrayType14.xml
2 ms. Memory: 569344K Free: 345160K (61%)
----------------- Invoking toplevel() on ptolemy.moml.MoMLSimpleApplication@eb18576
----------------- Done invoking toplevel() on ptolemy.moml.MoMLSimpleApplication@eb18576
reloadAllAccessors: .arrayType14

===========================================================================================
----------------- testing Tue Nov 26 06:25:45 UTC 2019 /home/travis/build/icyphy/ptII/ptolemy/actor/lib/test/auto/arrayType15.xml
----------------- Instantiating /home/travis/build/icyphy/ptII/ptolemy/actor/lib/test/auto/arrayType15.xml
3 ms. Memory: 569344K Free: 340040K (60%)
----------------- Invoking toplevel() on ptolemy.moml.MoMLSimpleApplication@5c713624
----------------- Done invoking toplevel() on ptolemy.moml.MoMLSimpleApplication@5c713624
reloadAllAccessors: .arrayType15

===========================================================================================
----------------- testing Tue Nov 26 06:25:45 UTC 2019 /home/travis/build/icyphy/ptII/ptolemy/actor/lib/test/auto/arrayType16.xml
----------------- Instantiating /home/travis/build/icyphy/ptII/ptolemy/actor/lib/test/auto/arrayType16.xml
1 ms. Memory: 569344K Free: 334920K (59%)
----------------- Invoking toplevel() on ptolemy.moml.MoMLSimpleApplication@7d191cf1
----------------- Done invoking toplevel() on ptolemy.moml.MoMLSimpleApplication@7d191cf1
reloadAllAccessors: .arrayType16

===========================================================================================
----------------- testing Tue Nov 26 06:25:45 UTC 2019 /home/travis/build/icyphy/ptII/ptolemy/actor/lib/test/auto/arrayType17.xml
----------------- Instantiating /home/travis/build/icyphy/ptII/ptolemy/actor/lib/test/auto/arrayType17.xml
2 ms. Memory: 569344K Free: 329286K (58%)
----------------- Invoking toplevel() on ptolemy.moml.MoMLSimpleApplication@7b846a02
----------------- Done invoking toplevel() on ptolemy.moml.MoMLSimpleApplication@7b846a02
reloadAllAccessors: .arrayType17

===========================================================================================
----------------- testing Tue Nov 26 06:25:45 UTC 2019 /home/travis/build/icyphy/ptII/ptolemy/actor/lib/test/auto/arrayType18.xml
----------------- Instantiating /home/travis/build/icyphy/ptII/ptolemy/actor/lib/test/auto/arrayType18.xml
2 ms. Memory: 569344K Free: 324680K (57%)
----------------- Invoking toplevel() on ptolemy.moml.MoMLSimpleApplication@1445f630
----------------- Done invoking toplevel() on ptolemy.moml.MoMLSimpleApplication@1445f630
reloadAllAccessors: .arrayType18

===========================================================================================
----------------- testing Tue Nov 26 06:25:45 UTC 2019 /home/travis/build/icyphy/ptII/ptolemy/actor/lib/test/auto/arrayType19.xml
----------------- Instantiating /home/travis/build/icyphy/ptII/ptolemy/actor/lib/test/auto/arrayType19.xml
2 ms. Memory: 569344K Free: 320070K (56%)
----------------- Invoking toplevel() on ptolemy.moml.MoMLSimpleApplication@a4c6937
----------------- Done invoking toplevel() on ptolemy.moml.MoMLSimpleApplication@a4c6937
reloadAllAccessors: .arrayType19

===========================================================================================
----------------- testing Tue Nov 26 06:25:45 UTC 2019 /home/travis/build/icyphy/ptII/ptolemy/actor/lib/test/auto/arrayType2.xml
----------------- Instantiating /home/travis/build/icyphy/ptII/ptolemy/actor/lib/test/auto/arrayType2.xml
1 ms. Memory: 569344K Free: 314440K (55%)
----------------- Invoking toplevel() on ptolemy.moml.MoMLSimpleApplication@3863adb4
----------------- Done invoking toplevel() on ptolemy.moml.MoMLSimpleApplication@3863adb4
reloadAllAccessors: .arrayType2

===========================================================================================
----------------- testing Tue Nov 26 06:25:45 UTC 2019 /home/travis/build/icyphy/ptII/ptolemy/actor/lib/test/auto/arrayType20.xml
----------------- Instantiating /home/travis/build/icyphy/ptII/ptolemy/actor/lib/test/auto/arrayType20.xml
2 ms. Memory: 569344K Free: 309830K (54%)
----------------- Invoking toplevel() on ptolemy.moml.MoMLSimpleApplication@47274c36
----------------- Done invoking toplevel() on ptolemy.moml.MoMLSimpleApplication@47274c36
reloadAllAccessors: .arrayType20

===========================================================================================
----------------- testing Tue Nov 26 06:25:45 UTC 2019 /home/travis/build/icyphy/ptII/ptolemy/actor/lib/test/auto/arrayType21.xml
----------------- Instantiating /home/travis/build/icyphy/ptII/ptolemy/actor/lib/test/auto/arrayType21.xml
2 ms. Memory: 569344K Free: 305224K (54%)
----------------- Invoking toplevel() on ptolemy.moml.MoMLSimpleApplication@4d693e3c
----------------- Done invoking toplevel() on ptolemy.moml.MoMLSimpleApplication@4d693e3c
reloadAllAccessors: .arrayType21

===========================================================================================
----------------- testing Tue Nov 26 06:25:45 UTC 2019 /home/travis/build/icyphy/ptII/ptolemy/actor/lib/test/auto/arrayType22.xml
----------------- Instantiating /home/travis/build/icyphy/ptII/ptolemy/actor/lib/test/auto/arrayType22.xml
1 ms. Memory: 569344K Free: 300104K (53%)
----------------- Invoking toplevel() on ptolemy.moml.MoMLSimpleApplication@c5a3f71
----------------- Done invoking toplevel() on ptolemy.moml.MoMLSimpleApplication@c5a3f71
reloadAllAccessors: .arrayType22

===========================================================================================
----------------- testing Tue Nov 26 06:25:45 UTC 2019 /home/travis/build/icyphy/ptII/ptolemy/actor/lib/test/auto/arrayType23.xml
----------------- Instantiating /home/travis/build/icyphy/ptII/ptolemy/actor/lib/test/auto/arrayType23.xml
2 ms. Memory: 569344K Free: 295494K (52%)
----------------- Invoking toplevel() on ptolemy.moml.MoMLSimpleApplication@7c17bbc9
----------------- Done invoking toplevel() on ptolemy.moml.MoMLSimpleApplication@7c17bbc9
reloadAllAccessors: .arrayType23

===========================================================================================
----------------- testing Tue Nov 26 06:25:45 UTC 2019 /home/travis/build/icyphy/ptII/ptolemy/actor/lib/test/auto/arrayType24.xml
----------------- Instantiating /home/travis/build/icyphy/ptII/ptolemy/actor/lib/test/auto/arrayType24.xml
2 ms. Memory: 569344K Free: 289864K (51%)
----------------- Invoking toplevel() on ptolemy.moml.MoMLSimpleApplication@6c6765c7
----------------- Done invoking toplevel() on ptolemy.moml.MoMLSimpleApplication@6c6765c7
reloadAllAccessors: .arrayType24

===========================================================================================
----------------- testing Tue Nov 26 06:25:45 UTC 2019 /home/travis/build/icyphy/ptII/ptolemy/actor/lib/test/auto/arrayType25.xml
----------------- Instantiating /home/travis/build/icyphy/ptII/ptolemy/actor/lib/test/auto/arrayType25.xml
2 ms. Memory: 569344K Free: 284230K (50%)
----------------- Invoking toplevel() on ptolemy.moml.MoMLSimpleApplication@8ced548
----------------- Done invoking toplevel() on ptolemy.moml.MoMLSimpleApplication@8ced548
reloadAllAccessors: .arrayType25

===========================================================================================
----------------- testing Tue Nov 26 06:25:45 UTC 2019 /home/travis/build/icyphy/ptII/ptolemy/actor/lib/test/auto/arrayType26.xml
----------------- Instantiating /home/travis/build/icyphy/ptII/ptolemy/actor/lib/test/auto/arrayType26.xml
2 ms. Memory: 569344K Free: 279110K (49%)
----------------- Invoking toplevel() on ptolemy.moml.MoMLSimpleApplication@502e3da6
----------------- Done invoking toplevel() on ptolemy.moml.MoMLSimpleApplication@502e3da6
reloadAllAccessors: .arrayType26

===========================================================================================
----------------- testing Tue Nov 26 06:25:45 UTC 2019 /home/travis/build/icyphy/ptII/ptolemy/actor/lib/test/auto/arrayType27.xml
----------------- Instantiating /home/travis/build/icyphy/ptII/ptolemy/actor/lib/test/auto/arrayType27.xml
3 ms. Memory: 569344K Free: 273990K (48%)
----------------- Invoking toplevel() on ptolemy.moml.MoMLSimpleApplication@54b62ebb
----------------- Done invoking toplevel() on ptolemy.moml.MoMLSimpleApplication@54b62ebb
reloadAllAccessors: .arrayType27

===========================================================================================
----------------- testing Tue Nov 26 06:25:45 UTC 2019 /home/travis/build/icyphy/ptII/ptolemy/actor/lib/test/auto/arrayType28.xml
----------------- Instantiating /home/travis/build/icyphy/ptII/ptolemy/actor/lib/test/auto/arrayType28.xml
10 ms. Memory: 569344K Free: 268360K (47%)
----------------- Invoking toplevel() on ptolemy.moml.MoMLSimpleApplication@8bb32c5
----------------- Done invoking toplevel() on ptolemy.moml.MoMLSimpleApplication@8bb32c5
reloadAllAccessors: .arrayType28

===========================================================================================
----------------- testing Tue Nov 26 06:25:45 UTC 2019 /home/travis/build/icyphy/ptII/ptolemy/actor/lib/test/auto/arrayType3.xml
----------------- Instantiating /home/travis/build/icyphy/ptII/ptolemy/actor/lib/test/auto/arrayType3.xml
7 ms. Memory: 569344K Free: 263240K (46%)
----------------- Invoking toplevel() on ptolemy.moml.MoMLSimpleApplication@2ae88198
----------------- Done invoking toplevel() on ptolemy.moml.MoMLSimpleApplication@2ae88198
reloadAllAccessors: .arrayType3

===========================================================================================
----------------- testing Tue Nov 26 06:25:45 UTC 2019 /home/travis/build/icyphy/ptII/ptolemy/actor/lib/test/auto/arrayType4.xml
----------------- Instantiating /home/travis/build/icyphy/ptII/ptolemy/actor/lib/test/auto/arrayType4.xml
2 ms. Memory: 569344K Free: 258120K (45%)
----------------- Invoking toplevel() on ptolemy.moml.MoMLSimpleApplication@535d3916
----------------- Done invoking toplevel() on ptolemy.moml.MoMLSimpleApplication@535d3916
reloadAllAccessors: .arrayType4

===========================================================================================
----------------- testing Tue Nov 26 06:25:45 UTC 2019 /home/travis/build/icyphy/ptII/ptolemy/actor/lib/test/auto/arrayType5.xml
----------------- Instantiating /home/travis/build/icyphy/ptII/ptolemy/actor/lib/test/auto/arrayType5.xml
2 ms. Memory: 569344K Free: 252486K (44%)
----------------- Invoking toplevel() on ptolemy.moml.MoMLSimpleApplication@5c17d8c1
----------------- Done invoking toplevel() on ptolemy.moml.MoMLSimpleApplication@5c17d8c1
reloadAllAccessors: .arrayType5

===========================================================================================
----------------- testing Tue Nov 26 06:25:45 UTC 2019 /home/travis/build/icyphy/ptII/ptolemy/actor/lib/test/auto/arrayType6.xml
----------------- Instantiating /home/travis/build/icyphy/ptII/ptolemy/actor/lib/test/auto/arrayType6.xml
1 ms. Memory: 569344K Free: 247880K (44%)
----------------- Invoking toplevel() on ptolemy.moml.MoMLSimpleApplication@d79437b
----------------- Done invoking toplevel() on ptolemy.moml.MoMLSimpleApplication@d79437b
reloadAllAccessors: .arrayType6

===========================================================================================
----------------- testing Tue Nov 26 06:25:45 UTC 2019 /home/travis/build/icyphy/ptII/ptolemy/actor/lib/test/auto/arrayType7.xml
----------------- Instantiating /home/travis/build/icyphy/ptII/ptolemy/actor/lib/test/auto/arrayType7.xml
1 ms. Memory: 569344K Free: 243270K (43%)
----------------- Invoking toplevel() on ptolemy.moml.MoMLSimpleApplication@3b7b12d1
----------------- Done invoking toplevel() on ptolemy.moml.MoMLSimpleApplication@3b7b12d1
reloadAllAccessors: .arrayType7

===========================================================================================
----------------- testing Tue Nov 26 06:25:45 UTC 2019 /home/travis/build/icyphy/ptII/ptolemy/actor/lib/test/auto/arrayType8.xml
----------------- Instantiating /home/travis/build/icyphy/ptII/ptolemy/actor/lib/test/auto/arrayType8.xml
2 ms. Memory: 569344K Free: 237640K (42%)
----------------- Invoking toplevel() on ptolemy.moml.MoMLSimpleApplication@436eb785
----------------- Done invoking toplevel() on ptolemy.moml.MoMLSimpleApplication@436eb785
reloadAllAccessors: .arrayType8

===========================================================================================
----------------- testing Tue Nov 26 06:25:45 UTC 2019 /home/travis/build/icyphy/ptII/ptolemy/actor/lib/test/auto/arrayType9.xml
----------------- Instantiating /home/travis/build/icyphy/ptII/ptolemy/actor/lib/test/auto/arrayType9.xml
2 ms. Memory: 569344K Free: 233030K (41%)
----------------- Invoking toplevel() on ptolemy.moml.MoMLSimpleApplication@29be3325
----------------- Done invoking toplevel() on ptolemy.moml.MoMLSimpleApplication@29be3325
reloadAllAccessors: .arrayType9

===========================================================================================
----------------- testing Tue Nov 26 06:25:45 UTC 2019 /home/travis/build/icyphy/ptII/ptolemy/actor/lib/test/auto/cast.xml
----------------- Instantiating /home/travis/build/icyphy/ptII/ptolemy/actor/lib/test/auto/cast.xml
3 ms. Memory: 569344K Free: 228424K (40%)
----------------- Invoking toplevel() on ptolemy.moml.MoMLSimpleApplication@3e4e0d5f
----------------- Done invoking toplevel() on ptolemy.moml.MoMLSimpleApplication@3e4e0d5f
reloadAllAccessors: .cast

===========================================================================================
----------------- testing Tue Nov 26 06:25:45 UTC 2019 /home/travis/build/icyphy/ptII/ptolemy/actor/lib/test/auto/compositeMultiPort.xml
----------------- Instantiating /home/travis/build/icyphy/ptII/ptolemy/actor/lib/test/auto/compositeMultiPort.xml
5 ms. Memory: 569344K Free: 219208K (39%)
----------------- Invoking toplevel() on ptolemy.moml.MoMLSimpleApplication@4abf5cce
----------------- Done invoking toplevel() on ptolemy.moml.MoMLSimpleApplication@4abf5cce
reloadAllAccessors: .compositeMultiPort

===========================================================================================
----------------- testing Tue Nov 26 06:25:45 UTC 2019 /home/travis/build/icyphy/ptII/ptolemy/actor/lib/test/auto/expressionCastInference.xml
----------------- Instantiating /home/travis/build/icyphy/ptII/ptolemy/actor/lib/test/auto/expressionCastInference.xml
3 ms. Memory: 569344K Free: 214598K (38%)
----------------- Invoking toplevel() on ptolemy.moml.MoMLSimpleApplication@2bdd6f1a
----------------- Done invoking toplevel() on ptolemy.moml.MoMLSimpleApplication@2bdd6f1a
reloadAllAccessors: .expressionCastInference

===========================================================================================
----------------- testing Tue Nov 26 06:25:45 UTC 2019 /home/travis/build/icyphy/ptII/ptolemy/actor/lib/test/auto/expressionCastInference2.xml
----------------- Instantiating /home/travis/build/icyphy/ptII/ptolemy/actor/lib/test/auto/expressionCastInference2.xml
3 ms. Memory: 569344K Free: 209992K (37%)
----------------- Invoking toplevel() on ptolemy.moml.MoMLSimpleApplication@219e669c
----------------- Done invoking toplevel() on ptolemy.moml.MoMLSimpleApplication@219e669c
reloadAllAccessors: .expressionCastInference2

===========================================================================================
----------------- testing Tue Nov 26 06:25:45 UTC 2019 /home/travis/build/icyphy/ptII/ptolemy/actor/lib/test/auto/expressionInference.xml
----------------- Instantiating /home/travis/build/icyphy/ptII/ptolemy/actor/lib/test/auto/expressionInference.xml
2 ms. Memory: 569344K Free: 205382K (36%)
----------------- Invoking toplevel() on ptolemy.moml.MoMLSimpleApplication@7a16b6c5
----------------- Done invoking toplevel() on ptolemy.moml.MoMLSimpleApplication@7a16b6c5
reloadAllAccessors: .expressionInference

===========================================================================================
----------------- testing Tue Nov 26 06:25:45 UTC 2019 /home/travis/build/icyphy/ptII/ptolemy/actor/lib/test/auto/expression_bug.xml
----------------- Instantiating /home/travis/build/icyphy/ptII/ptolemy/actor/lib/test/auto/expression_bug.xml
1 ms. Memory: 569344K Free: 201286K (35%)
----------------- Invoking toplevel() on ptolemy.moml.MoMLSimpleApplication@fdec8bb
----------------- Done invoking toplevel() on ptolemy.moml.MoMLSimpleApplication@fdec8bb
reloadAllAccessors: .expression_bug

===========================================================================================
----------------- testing Tue Nov 26 06:25:45 UTC 2019 /home/travis/build/icyphy/ptII/ptolemy/actor/lib/test/auto/factorial.xml
----------------- Instantiating /home/travis/build/icyphy/ptII/ptolemy/actor/lib/test/auto/factorial.xml
38 ms. Memory: 569344K Free: 192584K (34%)
----------------- Invoking toplevel() on ptolemy.moml.MoMLSimpleApplication@590abf75
----------------- Done invoking toplevel() on ptolemy.moml.MoMLSimpleApplication@590abf75
reloadAllAccessors: .factorial

===========================================================================================
----------------- testing Tue Nov 26 06:25:45 UTC 2019 /home/travis/build/icyphy/ptII/ptolemy/actor/lib/test/auto/filterTest1.xml
----------------- Instantiating /home/travis/build/icyphy/ptII/ptolemy/actor/lib/test/auto/filterTest1.xml
4 ms. Memory: 569344K Free: 186935K (33%)
----------------- Invoking toplevel() on ptolemy.moml.MoMLSimpleApplication@2d4480a8
----------------- Done invoking toplevel() on ptolemy.moml.MoMLSimpleApplication@2d4480a8
reloadAllAccessors: .filterTest1

===========================================================================================
----------------- testing Tue Nov 26 06:25:45 UTC 2019 /home/travis/build/icyphy/ptII/ptolemy/actor/lib/test/auto/funcApplyInConst.xml
----------------- Instantiating /home/travis/build/icyphy/ptII/ptolemy/actor/lib/test/auto/funcApplyInConst.xml
1 ms. Memory: 569344K Free: 516678K (91%)
----------------- Invoking toplevel() on ptolemy.moml.MoMLSimpleApplication@487dbd39
----------------- Done invoking toplevel() on ptolemy.moml.MoMLSimpleApplication@487dbd39
reloadAllAccessors: .funcApplyInConst

===========================================================================================
----------------- testing Tue Nov 26 06:25:45 UTC 2019 /home/travis/build/icyphy/ptII/ptolemy/actor/lib/test/auto/funcApplyInExpr.xml
----------------- Instantiating /home/travis/build/icyphy/ptII/ptolemy/actor/lib/test/auto/funcApplyInExpr.xml
1 ms. Memory: 569344K Free: 512582K (90%)
----------------- Invoking toplevel() on ptolemy.moml.MoMLSimpleApplication@1805bf8f
----------------- Done invoking toplevel() on ptolemy.moml.MoMLSimpleApplication@1805bf8f
reloadAllAccessors: .funcApplyInExpr

===========================================================================================
----------------- testing Tue Nov 26 06:25:45 UTC 2019 /home/travis/build/icyphy/ptII/ptolemy/actor/lib/test/auto/function.xml
----------------- Instantiating /home/travis/build/icyphy/ptII/ptolemy/actor/lib/test/auto/function.xml
1 ms. Memory: 569344K Free: 507976K (89%)
----------------- Invoking toplevel() on ptolemy.moml.MoMLSimpleApplication@6ff8068b
----------------- Done invoking toplevel() on ptolemy.moml.MoMLSimpleApplication@6ff8068b
reloadAllAccessors: .function

===========================================================================================
----------------- testing Tue Nov 26 06:25:45 UTC 2019 /home/travis/build/icyphy/ptII/ptolemy/actor/lib/test/auto/function2.xml
----------------- Instantiating /home/travis/build/icyphy/ptII/ptolemy/actor/lib/test/auto/function2.xml
2 ms. Memory: 569344K Free: 502856K (88%)
----------------- Invoking toplevel() on ptolemy.moml.MoMLSimpleApplication@2d029cb8
----------------- Done invoking toplevel() on ptolemy.moml.MoMLSimpleApplication@2d029cb8
reloadAllAccessors: .function2

===========================================================================================
----------------- testing Tue Nov 26 06:25:45 UTC 2019 /home/travis/build/icyphy/ptII/ptolemy/actor/lib/test/auto/function3.xml
----------------- Instantiating /home/travis/build/icyphy/ptII/ptolemy/actor/lib/test/auto/function3.xml
1 ms. Memory: 569344K Free: 499270K (88%)
----------------- Invoking toplevel() on ptolemy.moml.MoMLSimpleApplication@1c6f212a
----------------- Done invoking toplevel() on ptolemy.moml.MoMLSimpleApplication@1c6f212a
reloadAllAccessors: .function3

===========================================================================================
----------------- testing Tue Nov 26 06:25:45 UTC 2019 /home/travis/build/icyphy/ptII/ptolemy/actor/lib/test/auto/functionClosureTest1.xml
----------------- Instantiating /home/travis/build/icyphy/ptII/ptolemy/actor/lib/test/auto/functionClosureTest1.xml
1 ms. Memory: 569344K Free: 493640K (87%)
----------------- Invoking toplevel() on ptolemy.moml.MoMLSimpleApplication@744dc5ff
----------------- Done invoking toplevel() on ptolemy.moml.MoMLSimpleApplication@744dc5ff
reloadAllAccessors: .functionClosureTest1

===========================================================================================
----------------- testing Tue Nov 26 06:25:45 UTC 2019 /home/travis/build/icyphy/ptII/ptolemy/actor/lib/test/auto/functionClosureTest2.xml
----------------- Instantiating /home/travis/build/icyphy/ptII/ptolemy/actor/lib/test/auto/functionClosureTest2.xml
1 ms. Memory: 569344K Free: 489544K (86%)
----------------- Invoking toplevel() on ptolemy.moml.MoMLSimpleApplication@6b3f188
----------------- Done invoking toplevel() on ptolemy.moml.MoMLSimpleApplication@6b3f188
reloadAllAccessors: .functionClosureTest2

===========================================================================================
----------------- testing Tue Nov 26 06:25:46 UTC 2019 /home/travis/build/icyphy/ptII/ptolemy/actor/lib/test/auto/functionClosureTest3.xml
----------------- Instantiating /home/travis/build/icyphy/ptII/ptolemy/actor/lib/test/auto/functionClosureTest3.xml
2 ms. Memory: 569344K Free: 484424K (85%)
----------------- Invoking toplevel() on ptolemy.moml.MoMLSimpleApplication@5f3957aa
----------------- Done invoking toplevel() on ptolemy.moml.MoMLSimpleApplication@5f3957aa
reloadAllAccessors: .functionClosureTest3

===========================================================================================
----------------- testing Tue Nov 26 06:25:46 UTC 2019 /home/travis/build/icyphy/ptII/ptolemy/actor/lib/test/auto/functionClosureTest4.xml
----------------- Instantiating /home/travis/build/icyphy/ptII/ptolemy/actor/lib/test/auto/functionClosureTest4.xml
3 ms. Memory: 569344K Free: 477766K (84%)
----------------- Invoking toplevel() on ptolemy.moml.MoMLSimpleApplication@7a10f152
----------------- Done invoking toplevel() on ptolemy.moml.MoMLSimpleApplication@7a10f152
reloadAllAccessors: .functionClosureTest4

===========================================================================================
----------------- testing Tue Nov 26 06:25:46 UTC 2019 /home/travis/build/icyphy/ptII/ptolemy/actor/lib/test/auto/functionClosureTest5.xml
----------------- Instantiating /home/travis/build/icyphy/ptII/ptolemy/actor/lib/test/auto/functionClosureTest5.xml
4 ms. Memory: 569344K Free: 472643K (83%)
----------------- Invoking toplevel() on ptolemy.moml.MoMLSimpleApplication@7671b8c4
----------------- Done invoking toplevel() on ptolemy.moml.MoMLSimpleApplication@7671b8c4
reloadAllAccessors: .functionClosureTest5

===========================================================================================
----------------- testing Tue Nov 26 06:25:46 UTC 2019 /home/travis/build/icyphy/ptII/ptolemy/actor/lib/test/auto/functionClosureTest6.xml
----------------- Instantiating /home/travis/build/icyphy/ptII/ptolemy/actor/lib/test/auto/functionClosureTest6.xml
1 ms. Memory: 569344K Free: 468040K (82%)
----------------- Invoking toplevel() on ptolemy.moml.MoMLSimpleApplication@60618c29
----------------- Done invoking toplevel() on ptolemy.moml.MoMLSimpleApplication@60618c29
reloadAllAccessors: .functionClosureTest6

===========================================================================================
----------------- testing Tue Nov 26 06:25:46 UTC 2019 /home/travis/build/icyphy/ptII/ptolemy/actor/lib/test/auto/functionsOnArcs.xml
----------------- Instantiating /home/travis/build/icyphy/ptII/ptolemy/actor/lib/test/auto/functionsOnArcs.xml
2 ms. Memory: 569344K Free: 462406K (81%)
----------------- Invoking toplevel() on ptolemy.moml.MoMLSimpleApplication@80f40
----------------- Done invoking toplevel() on ptolemy.moml.MoMLSimpleApplication@80f40
reloadAllAccessors: .functionsOnArcs

===========================================================================================
----------------- testing Tue Nov 26 06:25:46 UTC 2019 /home/travis/build/icyphy/ptII/ptolemy/actor/lib/test/auto/functionsOnArcsHOF.xml
----------------- Instantiating /home/travis/build/icyphy/ptII/ptolemy/actor/lib/test/auto/functionsOnArcsHOF.xml
4 ms. Memory: 569344K Free: 456776K (80%)
----------------- Invoking toplevel() on ptolemy.moml.MoMLSimpleApplication@7efd8ef1
----------------- Done invoking toplevel() on ptolemy.moml.MoMLSimpleApplication@7efd8ef1
reloadAllAccessors: .functionsOnArcsHOF

===========================================================================================
----------------- testing Tue Nov 26 06:25:46 UTC 2019 /home/travis/build/icyphy/ptII/ptolemy/actor/lib/test/auto/logic.xml
----------------- Instantiating /home/travis/build/icyphy/ptII/ptolemy/actor/lib/test/auto/logic.xml
2 ms. Memory: 569344K Free: 449094K (79%)
----------------- Invoking toplevel() on ptolemy.moml.MoMLSimpleApplication@11e32a62
----------------- Done invoking toplevel() on ptolemy.moml.MoMLSimpleApplication@11e32a62
reloadAllAccessors: .logic

===========================================================================================
----------------- testing Tue Nov 26 06:25:46 UTC 2019 /home/travis/build/icyphy/ptII/ptolemy/actor/lib/test/auto/matrixType.xml
----------------- Instantiating /home/travis/build/icyphy/ptII/ptolemy/actor/lib/test/auto/matrixType.xml
2 ms. Memory: 569344K Free: 443959K (78%)
----------------- Invoking toplevel() on ptolemy.moml.MoMLSimpleApplication@d08eb54
----------------- Done invoking toplevel() on ptolemy.moml.MoMLSimpleApplication@d08eb54
reloadAllAccessors: .matrixType

===========================================================================================
----------------- testing Tue Nov 26 06:25:46 UTC 2019 /home/travis/build/icyphy/ptII/ptolemy/actor/lib/test/auto/matrixType10.xml
----------------- Instantiating /home/travis/build/icyphy/ptII/ptolemy/actor/lib/test/auto/matrixType10.xml
2 ms. Memory: 569344K Free: 438854K (77%)
----------------- Invoking toplevel() on ptolemy.moml.MoMLSimpleApplication@60e68719
----------------- Done invoking toplevel() on ptolemy.moml.MoMLSimpleApplication@60e68719
reloadAllAccessors: .matrixType10

===========================================================================================
----------------- testing Tue Nov 26 06:25:46 UTC 2019 /home/travis/build/icyphy/ptII/ptolemy/actor/lib/test/auto/matrixType11.xml
----------------- Instantiating /home/travis/build/icyphy/ptII/ptolemy/actor/lib/test/auto/matrixType11.xml
2 ms. Memory: 569344K Free: 434248K (76%)
----------------- Invoking toplevel() on ptolemy.moml.MoMLSimpleApplication@16222870
----------------- Done invoking toplevel() on ptolemy.moml.MoMLSimpleApplication@16222870
reloadAllAccessors: .matrixType11

===========================================================================================
----------------- testing Tue Nov 26 06:25:46 UTC 2019 /home/travis/build/icyphy/ptII/ptolemy/actor/lib/test/auto/matrixType12.xml
----------------- Instantiating /home/travis/build/icyphy/ptII/ptolemy/actor/lib/test/auto/matrixType12.xml
1 ms. Memory: 569344K Free: 429638K (75%)
----------------- Invoking toplevel() on ptolemy.moml.MoMLSimpleApplication@3a44f7ab
----------------- Done invoking toplevel() on ptolemy.moml.MoMLSimpleApplication@3a44f7ab
reloadAllAccessors: .matrixType12

===========================================================================================
----------------- testing Tue Nov 26 06:25:46 UTC 2019 /home/travis/build/icyphy/ptII/ptolemy/actor/lib/test/auto/matrixType13.xml
----------------- Instantiating /home/travis/build/icyphy/ptII/ptolemy/actor/lib/test/auto/matrixType13.xml
1 ms. Memory: 569344K Free: 424518K (75%)
----------------- Invoking toplevel() on ptolemy.moml.MoMLSimpleApplication@ff6325d
----------------- Done invoking toplevel() on ptolemy.moml.MoMLSimpleApplication@ff6325d
reloadAllAccessors: .matrixType13

===========================================================================================
----------------- testing Tue Nov 26 06:25:46 UTC 2019 /home/travis/build/icyphy/ptII/ptolemy/actor/lib/test/auto/matrixType14.xml
----------------- Instantiating /home/travis/build/icyphy/ptII/ptolemy/actor/lib/test/auto/matrixType14.xml
2 ms. Memory: 569344K Free: 419398K (74%)
----------------- Invoking toplevel() on ptolemy.moml.MoMLSimpleApplication@262b0e4e
----------------- Done invoking toplevel() on ptolemy.moml.MoMLSimpleApplication@262b0e4e
reloadAllAccessors: .matrixType14

===========================================================================================
----------------- testing Tue Nov 26 06:25:46 UTC 2019 /home/travis/build/icyphy/ptII/ptolemy/actor/lib/test/auto/matrixType2.xml
----------------- Instantiating /home/travis/build/icyphy/ptII/ptolemy/actor/lib/test/auto/matrixType2.xml
2 ms. Memory: 569344K Free: 414278K (73%)
----------------- Invoking toplevel() on ptolemy.moml.MoMLSimpleApplication@2796fa3a
----------------- Done invoking toplevel() on ptolemy.moml.MoMLSimpleApplication@2796fa3a
reloadAllAccessors: .matrixType2

===========================================================================================
----------------- testing Tue Nov 26 06:25:46 UTC 2019 /home/travis/build/icyphy/ptII/ptolemy/actor/lib/test/auto/matrixType3.xml
----------------- Instantiating /home/travis/build/icyphy/ptII/ptolemy/actor/lib/test/auto/matrixType3.xml
2 ms. Memory: 569344K Free: 409672K (72%)
----------------- Invoking toplevel() on ptolemy.moml.MoMLSimpleApplication@63ec204f
----------------- Done invoking toplevel() on ptolemy.moml.MoMLSimpleApplication@63ec204f
reloadAllAccessors: .matrixType3

===========================================================================================
----------------- testing Tue Nov 26 06:25:46 UTC 2019 /home/travis/build/icyphy/ptII/ptolemy/actor/lib/test/auto/matrixType4.xml
----------------- Instantiating /home/travis/build/icyphy/ptII/ptolemy/actor/lib/test/auto/matrixType4.xml
3 ms. Memory: 569344K Free: 404552K (71%)
----------------- Invoking toplevel() on ptolemy.moml.MoMLSimpleApplication@64551bf4
----------------- Done invoking toplevel() on ptolemy.moml.MoMLSimpleApplication@64551bf4
reloadAllAccessors: .matrixType4

===========================================================================================
----------------- testing Tue Nov 26 06:25:46 UTC 2019 /home/travis/build/icyphy/ptII/ptolemy/actor/lib/test/auto/matrixType5.xml
----------------- Instantiating /home/travis/build/icyphy/ptII/ptolemy/actor/lib/test/auto/matrixType5.xml
2 ms. Memory: 569344K Free: 399942K (70%)
----------------- Invoking toplevel() on ptolemy.moml.MoMLSimpleApplication@518a452d
----------------- Done invoking toplevel() on ptolemy.moml.MoMLSimpleApplication@518a452d
reloadAllAccessors: .matrixType5

===========================================================================================
----------------- testing Tue Nov 26 06:25:46 UTC 2019 /home/travis/build/icyphy/ptII/ptolemy/actor/lib/test/auto/matrixType6.xml
----------------- Instantiating /home/travis/build/icyphy/ptII/ptolemy/actor/lib/test/auto/matrixType6.xml
1 ms. Memory: 569344K Free: 394822K (69%)
----------------- Invoking toplevel() on ptolemy.moml.MoMLSimpleApplication@7462eb7b
----------------- Done invoking toplevel() on ptolemy.moml.MoMLSimpleApplication@7462eb7b
reloadAllAccessors: .matrixType6

===========================================================================================
----------------- testing Tue Nov 26 06:25:46 UTC 2019 /home/travis/build/icyphy/ptII/ptolemy/actor/lib/test/auto/matrixType7.xml
----------------- Instantiating /home/travis/build/icyphy/ptII/ptolemy/actor/lib/test/auto/matrixType7.xml
1 ms. Memory: 569344K Free: 390216K (69%)
----------------- Invoking toplevel() on ptolemy.moml.MoMLSimpleApplication@3b5088d3
----------------- Done invoking toplevel() on ptolemy.moml.MoMLSimpleApplication@3b5088d3
reloadAllAccessors: .matrixType7

===========================================================================================
----------------- testing Tue Nov 26 06:25:46 UTC 2019 /home/travis/build/icyphy/ptII/ptolemy/actor/lib/test/auto/matrixType8.xml
----------------- Instantiating /home/travis/build/icyphy/ptII/ptolemy/actor/lib/test/auto/matrixType8.xml
1 ms. Memory: 569344K Free: 385606K (68%)
----------------- Invoking toplevel() on ptolemy.moml.MoMLSimpleApplication@5c2a427e
----------------- Done invoking toplevel() on ptolemy.moml.MoMLSimpleApplication@5c2a427e
reloadAllAccessors: .matrixType8

===========================================================================================
----------------- testing Tue Nov 26 06:25:46 UTC 2019 /home/travis/build/icyphy/ptII/ptolemy/actor/lib/test/auto/matrixType9.xml
----------------- Instantiating /home/travis/build/icyphy/ptII/ptolemy/actor/lib/test/auto/matrixType9.xml
1 ms. Memory: 569344K Free: 380486K (67%)
----------------- Invoking toplevel() on ptolemy.moml.MoMLSimpleApplication@530210c3
----------------- Done invoking toplevel() on ptolemy.moml.MoMLSimpleApplication@530210c3
reloadAllAccessors: .matrixType9

===========================================================================================
----------------- testing Tue Nov 26 06:25:46 UTC 2019 /home/travis/build/icyphy/ptII/ptolemy/actor/lib/test/auto/paraFunctest.xml
----------------- Instantiating /home/travis/build/icyphy/ptII/ptolemy/actor/lib/test/auto/paraFunctest.xml
2 ms. Memory: 569344K Free: 376390K (66%)
----------------- Invoking toplevel() on ptolemy.moml.MoMLSimpleApplication@5630624e
----------------- Done invoking toplevel() on ptolemy.moml.MoMLSimpleApplication@5630624e
reloadAllAccessors: .paraFunctest

===========================================================================================
----------------- testing Tue Nov 26 06:25:46 UTC 2019 /home/travis/build/icyphy/ptII/ptolemy/actor/lib/test/auto/paraFunctest2.xml
----------------- Instantiating /home/travis/build/icyphy/ptII/ptolemy/actor/lib/test/auto/paraFunctest2.xml
1 ms. Memory: 569344K Free: 371270K (65%)
----------------- Invoking toplevel() on ptolemy.moml.MoMLSimpleApplication@7170b312
----------------- Done invoking toplevel() on ptolemy.moml.MoMLSimpleApplication@7170b312
reloadAllAccessors: .paraFunctest2

===========================================================================================
----------------- testing Tue Nov 26 06:25:46 UTC 2019 /home/travis/build/icyphy/ptII/ptolemy/actor/lib/test/auto/parameterPassing.xml
----------------- Instantiating /home/travis/build/icyphy/ptII/ptolemy/actor/lib/test/auto/parameterPassing.xml
1 ms. Memory: 569344K Free: 367174K (64%)
----------------- Invoking toplevel() on ptolemy.moml.MoMLSimpleApplication@219c75a6
----------------- Done invoking toplevel() on ptolemy.moml.MoMLSimpleApplication@219c75a6
reloadAllAccessors: .parameterPassing

===========================================================================================
----------------- testing Tue Nov 26 06:25:46 UTC 2019 /home/travis/build/icyphy/ptII/ptolemy/actor/lib/test/auto/record.xml
----------------- Instantiating /home/travis/build/icyphy/ptII/ptolemy/actor/lib/test/auto/record.xml
3 ms. Memory: 569344K Free: 362054K (64%)
----------------- Invoking toplevel() on ptolemy.moml.MoMLSimpleApplication@24fe40c7
----------------- Done invoking toplevel() on ptolemy.moml.MoMLSimpleApplication@24fe40c7
reloadAllAccessors: .record

===========================================================================================
----------------- testing Tue Nov 26 06:25:46 UTC 2019 /home/travis/build/icyphy/ptII/ptolemy/actor/lib/test/auto/sizedarray1.xml
----------------- Instantiating /home/travis/build/icyphy/ptII/ptolemy/actor/lib/test/auto/sizedarray1.xml
1 ms. Memory: 569344K Free: 356934K (63%)
----------------- Invoking toplevel() on ptolemy.moml.MoMLSimpleApplication@77f0521d
----------------- Done invoking toplevel() on ptolemy.moml.MoMLSimpleApplication@77f0521d
reloadAllAccessors: .sizedarray1

===========================================================================================
----------------- testing Tue Nov 26 06:25:46 UTC 2019 /home/travis/build/icyphy/ptII/ptolemy/actor/lib/test/auto/sizedarray2.xml
----------------- Instantiating /home/travis/build/icyphy/ptII/ptolemy/actor/lib/test/auto/sizedarray2.xml
2 ms. Memory: 569344K Free: 351304K (62%)
----------------- Invoking toplevel() on ptolemy.moml.MoMLSimpleApplication@38294b86
----------------- Done invoking toplevel() on ptolemy.moml.MoMLSimpleApplication@38294b86
reloadAllAccessors: .sizedarray2

===========================================================================================
----------------- testing Tue Nov 26 06:25:46 UTC 2019 /home/travis/build/icyphy/ptII/ptolemy/actor/lib/test/auto/twoPublishers.xml
----------------- Instantiating /home/travis/build/icyphy/ptII/ptolemy/actor/lib/test/auto/twoPublishers.xml
3 ms. Memory: 569344K Free: 341064K (60%)
----------------- Invoking toplevel() on ptolemy.moml.MoMLSimpleApplication@416c73b0
----------------- Done invoking toplevel() on ptolemy.moml.MoMLSimpleApplication@416c73b0
reloadAllAccessors: .twoPublishers
AutoTests.java: About to close Vertx.
AutoTests.java: Vertx closed.
]]></system-out>
  <system-err><![CDATA[java.lang.RuntimeException: Execution failed
	at ptolemy.moml.MoMLSimpleApplication$UnloadThread.run(MoMLSimpleApplication.java:402)
Caused by: java.lang.RuntimeException: StringUtilities.exit() was called. Normally, we would exit here because Manager.exitAfterWrapup() was called.  However, because the ptolemy.ptII.exitAfterWrapup property is set, we throw this exception instead.
	at ptolemy.util.StringUtilities.exit(StringUtilities.java:365)
	at ptolemy.actor.Manager.wrapup(Manager.java:1549)
	at ptolemy.actor.Manager.execute(Manager.java:407)
	at ptolemy.actor.Manager.run(Manager.java:1263)
	at ptolemy.actor.Manager$PtolemyRunThread.run(Manager.java:1933)
Warning: '.top.test' is in training mode, set the trainingMode parameter to false before checking in
Warning: '.top.test' is in training mode, set the trainingMode parameter to false before checking in
Warning: '.top.test' is in training mode, set the trainingMode parameter to false before checking in
Warning: '.BooleanSwitch_RegressionTest_WrongTrainingValues.Test' is in training mode, set the trainingMode parameter to false before checking in
Warning: '.BooleanSwitch_RegressionTest_WrongTrainingValues.Test2' is in training mode, set the trainingMode parameter to false before checking in
Warning: '.BooleanSwitch_RegressionTest_WrongTrainingValues.Test2' The test produced 0 tokens.
Warning: '.top.testExceptionHandler' is in training mode, set the trainingMode parameter to false before checking in
java.lang.RuntimeException: Execution failed
	at ptolemy.moml.MoMLSimpleApplication$UnloadThread.run(MoMLSimpleApplication.java:402)
Caused by: ptolemy.kernel.util.IllegalActionException: PublisherPorts cannot be used at the top level, use a Publisher actor instead.
  in .PublisherPortToplevelSubscriber.PublisherPort
	at ptolemy.actor.PublisherPort.preinitialize(PublisherPort.java:403)
	at ptolemy.actor.CompositeActor.preinitialize(CompositeActor.java:1769)
	at ptolemy.actor.Manager.preinitializeAndResolveTypes(Manager.java:1040)
	at ptolemy.actor.Manager.initialize(Manager.java:710)
	at ptolemy.actor.Manager.execute(Manager.java:356)
	at ptolemy.actor.Manager.run(Manager.java:1263)
	at ptolemy.actor.Manager$PtolemyRunThread.run(Manager.java:1933)
java.lang.reflect.InvocationTargetException
	at java.base/jdk.internal.reflect.NativeConstructorAccessorImpl.newInstance0(Native Method)
	at java.base/jdk.internal.reflect.NativeConstructorAccessorImpl.newInstance(NativeConstructorAccessorImpl.java:62)
	at java.base/jdk.internal.reflect.DelegatingConstructorAccessorImpl.newInstance(DelegatingConstructorAccessorImpl.java:45)
	at java.base/java.lang.reflect.Constructor.newInstance(Constructor.java:490)
	at ptolemy.util.test.junit.AutoKnownFailedTests.RunModel(AutoKnownFailedTests.java:105)
	at java.base/jdk.internal.reflect.NativeMethodAccessorImpl.invoke0(Native Method)
	at java.base/jdk.internal.reflect.NativeMethodAccessorImpl.invoke(NativeMethodAccessorImpl.java:62)
	at java.base/jdk.internal.reflect.DelegatingMethodAccessorImpl.invoke(DelegatingMethodAccessorImpl.java:43)
	at java.base/java.lang.reflect.Method.invoke(Method.java:566)
	at org.junit.runners.model.FrameworkMethod$1.runReflectiveCall(FrameworkMethod.java:44)
	at org.junit.internal.runners.model.ReflectiveCallable.run(ReflectiveCallable.java:15)
	at org.junit.runners.model.FrameworkMethod.invokeExplosively(FrameworkMethod.java:41)
	at junitparams.internal.InvokeParameterisedMethod.evaluate(InvokeParameterisedMethod.java:102)
	at org.junit.internal.runners.statements.FailOnTimeout$1.run(FailOnTimeout.java:28)
Caused by: ptolemy.kernel.util.IllegalActionException: PublisherPorts cannot be used at the top level, use a Publisher actor instead.
  in .PublisherPortToplevelSubscriber.PublisherPort
	at ptolemy.actor.PublisherPort.preinitialize(PublisherPort.java:403)
	at ptolemy.actor.CompositeActor.preinitialize(CompositeActor.java:1769)
	at ptolemy.actor.Manager.preinitializeAndResolveTypes(Manager.java:1040)
	at ptolemy.actor.Manager.initialize(Manager.java:710)
	at ptolemy.actor.Manager.execute(Manager.java:356)
	at ptolemy.actor.Manager.run(Manager.java:1263)
	at ptolemy.actor.Manager$PtolemyRunThread.run(Manager.java:1933)
java.lang.RuntimeException: Execution failed
	at ptolemy.moml.MoMLSimpleApplication$UnloadThread.run(MoMLSimpleApplication.java:402)
Caused by: ptolemy.kernel.util.IllegalActionException: SubscriberPorts cannot be used at the top level, use a Subscriber actor instead.
  in .PublisherSubscriberPortToplevel.SubscriberPort
	at ptolemy.actor.SubscriberPort.preinitialize(SubscriberPort.java:328)
	at ptolemy.actor.CompositeActor.preinitialize(CompositeActor.java:1769)
	at ptolemy.actor.Manager.preinitializeAndResolveTypes(Manager.java:1040)
	at ptolemy.actor.Manager.initialize(Manager.java:710)
	at ptolemy.actor.Manager.execute(Manager.java:356)
	at ptolemy.actor.Manager.run(Manager.java:1263)
	at ptolemy.actor.Manager$PtolemyRunThread.run(Manager.java:1933)
java.lang.reflect.InvocationTargetException
	at java.base/jdk.internal.reflect.NativeConstructorAccessorImpl.newInstance0(Native Method)
	at java.base/jdk.internal.reflect.NativeConstructorAccessorImpl.newInstance(NativeConstructorAccessorImpl.java:62)
	at java.base/jdk.internal.reflect.DelegatingConstructorAccessorImpl.newInstance(DelegatingConstructorAccessorImpl.java:45)
	at java.base/java.lang.reflect.Constructor.newInstance(Constructor.java:490)
	at ptolemy.util.test.junit.AutoKnownFailedTests.RunModel(AutoKnownFailedTests.java:105)
	at java.base/jdk.internal.reflect.NativeMethodAccessorImpl.invoke0(Native Method)
	at java.base/jdk.internal.reflect.NativeMethodAccessorImpl.invoke(NativeMethodAccessorImpl.java:62)
	at java.base/jdk.internal.reflect.DelegatingMethodAccessorImpl.invoke(DelegatingMethodAccessorImpl.java:43)
	at java.base/java.lang.reflect.Method.invoke(Method.java:566)
	at org.junit.runners.model.FrameworkMethod$1.runReflectiveCall(FrameworkMethod.java:44)
	at org.junit.internal.runners.model.ReflectiveCallable.run(ReflectiveCallable.java:15)
	at org.junit.runners.model.FrameworkMethod.invokeExplosively(FrameworkMethod.java:41)
	at junitparams.internal.InvokeParameterisedMethod.evaluate(InvokeParameterisedMethod.java:102)
	at org.junit.internal.runners.statements.FailOnTimeout$1.run(FailOnTimeout.java:28)
Caused by: ptolemy.kernel.util.IllegalActionException: SubscriberPorts cannot be used at the top level, use a Subscriber actor instead.
  in .PublisherSubscriberPortToplevel.SubscriberPort
	at ptolemy.actor.SubscriberPort.preinitialize(SubscriberPort.java:328)
	at ptolemy.actor.CompositeActor.preinitialize(CompositeActor.java:1769)
	at ptolemy.actor.Manager.preinitializeAndResolveTypes(Manager.java:1040)
	at ptolemy.actor.Manager.initialize(Manager.java:710)
	at ptolemy.actor.Manager.execute(Manager.java:356)
	at ptolemy.actor.Manager.run(Manager.java:1263)
	at ptolemy.actor.Manager$PtolemyRunThread.run(Manager.java:1933)
java.lang.RuntimeException: Execution failed
	at ptolemy.moml.MoMLSimpleApplication$UnloadThread.run(MoMLSimpleApplication.java:402)
Caused by: ptolemy.kernel.util.IllegalActionException: SubscriptionAggregatorPorts cannot be used at the top level, use a SubscriptionAggregator actor instead.
  in .PublisherSubscriptionAggregatorPort.SubscriptionAggregatorPort
	at ptolemy.actor.SubscriptionAggregatorPort.preinitialize(SubscriptionAggregatorPort.java:353)
	at ptolemy.actor.CompositeActor.preinitialize(CompositeActor.java:1769)
	at ptolemy.actor.Manager.preinitializeAndResolveTypes(Manager.java:1040)
	at ptolemy.actor.Manager.initialize(Manager.java:710)
	at ptolemy.actor.Manager.execute(Manager.java:356)
	at ptolemy.actor.Manager.run(Manager.java:1263)
	at ptolemy.actor.Manager$PtolemyRunThread.run(Manager.java:1933)
java.lang.reflect.InvocationTargetException
	at java.base/jdk.internal.reflect.NativeConstructorAccessorImpl.newInstance0(Native Method)
	at java.base/jdk.internal.reflect.NativeConstructorAccessorImpl.newInstance(NativeConstructorAccessorImpl.java:62)
	at java.base/jdk.internal.reflect.DelegatingConstructorAccessorImpl.newInstance(DelegatingConstructorAccessorImpl.java:45)
	at java.base/java.lang.reflect.Constructor.newInstance(Constructor.java:490)
	at ptolemy.util.test.junit.AutoKnownFailedTests.RunModel(AutoKnownFailedTests.java:105)
	at java.base/jdk.internal.reflect.NativeMethodAccessorImpl.invoke0(Native Method)
	at java.base/jdk.internal.reflect.NativeMethodAccessorImpl.invoke(NativeMethodAccessorImpl.java:62)
	at java.base/jdk.internal.reflect.DelegatingMethodAccessorImpl.invoke(DelegatingMethodAccessorImpl.java:43)
	at java.base/java.lang.reflect.Method.invoke(Method.java:566)
	at org.junit.runners.model.FrameworkMethod$1.runReflectiveCall(FrameworkMethod.java:44)
	at org.junit.internal.runners.model.ReflectiveCallable.run(ReflectiveCallable.java:15)
	at org.junit.runners.model.FrameworkMethod.invokeExplosively(FrameworkMethod.java:41)
	at junitparams.internal.InvokeParameterisedMethod.evaluate(InvokeParameterisedMethod.java:102)
	at org.junit.internal.runners.statements.FailOnTimeout$1.run(FailOnTimeout.java:28)
Caused by: ptolemy.kernel.util.IllegalActionException: SubscriptionAggregatorPorts cannot be used at the top level, use a SubscriptionAggregator actor instead.
  in .PublisherSubscriptionAggregatorPort.SubscriptionAggregatorPort
	at ptolemy.actor.SubscriptionAggregatorPort.preinitialize(SubscriptionAggregatorPort.java:353)
	at ptolemy.actor.CompositeActor.preinitialize(CompositeActor.java:1769)
	at ptolemy.actor.Manager.preinitializeAndResolveTypes(Manager.java:1040)
	at ptolemy.actor.Manager.initialize(Manager.java:710)
	at ptolemy.actor.Manager.execute(Manager.java:356)
	at ptolemy.actor.Manager.run(Manager.java:1263)
	at ptolemy.actor.Manager$PtolemyRunThread.run(Manager.java:1933)
java.lang.RuntimeException: Execution failed
	at ptolemy.moml.MoMLSimpleApplication$UnloadThread.run(MoMLSimpleApplication.java:402)
Caused by: ptolemy.kernel.util.IllegalActionException: TypeTest actor has no training data.
  in .sizedarray3.TypeTest
	at ptolemy.actor.lib.TypeTest.initialize(TypeTest.java:250)
	at ptolemy.actor.Director.initialize(Director.java:938)
	at ptolemy.actor.Director.initialize(Director.java:907)
	at ptolemy.actor.sched.StaticSchedulingDirector.initialize(StaticSchedulingDirector.java:159)
	at ptolemy.domains.sdf.kernel.SDFDirector.initialize(SDFDirector.java:544)
	at ptolemy.actor.CompositeActor.initialize(CompositeActor.java:935)
	at ptolemy.actor.Manager.initialize(Manager.java:724)
	at ptolemy.actor.Manager.execute(Manager.java:356)
	at ptolemy.actor.Manager.run(Manager.java:1263)
	at ptolemy.actor.Manager$PtolemyRunThread.run(Manager.java:1933)
java.lang.reflect.InvocationTargetException
	at java.base/jdk.internal.reflect.NativeConstructorAccessorImpl.newInstance0(Native Method)
	at java.base/jdk.internal.reflect.NativeConstructorAccessorImpl.newInstance(NativeConstructorAccessorImpl.java:62)
	at java.base/jdk.internal.reflect.DelegatingConstructorAccessorImpl.newInstance(DelegatingConstructorAccessorImpl.java:45)
	at java.base/java.lang.reflect.Constructor.newInstance(Constructor.java:490)
	at ptolemy.util.test.junit.AutoKnownFailedTests.RunModel(AutoKnownFailedTests.java:105)
	at java.base/jdk.internal.reflect.NativeMethodAccessorImpl.invoke0(Native Method)
	at java.base/jdk.internal.reflect.NativeMethodAccessorImpl.invoke(NativeMethodAccessorImpl.java:62)
	at java.base/jdk.internal.reflect.DelegatingMethodAccessorImpl.invoke(DelegatingMethodAccessorImpl.java:43)
	at java.base/java.lang.reflect.Method.invoke(Method.java:566)
	at org.junit.runners.model.FrameworkMethod$1.runReflectiveCall(FrameworkMethod.java:44)
	at org.junit.internal.runners.model.ReflectiveCallable.run(ReflectiveCallable.java:15)
	at org.junit.runners.model.FrameworkMethod.invokeExplosively(FrameworkMethod.java:41)
	at junitparams.internal.InvokeParameterisedMethod.evaluate(InvokeParameterisedMethod.java:102)
	at org.junit.internal.runners.statements.FailOnTimeout$1.run(FailOnTimeout.java:28)
Caused by: ptolemy.kernel.util.IllegalActionException: TypeTest actor has no training data.
  in .sizedarray3.TypeTest
	at ptolemy.actor.lib.TypeTest.initialize(TypeTest.java:250)
	at ptolemy.actor.Director.initialize(Director.java:938)
	at ptolemy.actor.Director.initialize(Director.java:907)
	at ptolemy.actor.sched.StaticSchedulingDirector.initialize(StaticSchedulingDirector.java:159)
	at ptolemy.domains.sdf.kernel.SDFDirector.initialize(SDFDirector.java:544)
	at ptolemy.actor.CompositeActor.initialize(CompositeActor.java:935)
	at ptolemy.actor.Manager.initialize(Manager.java:724)
	at ptolemy.actor.Manager.execute(Manager.java:356)
	at ptolemy.actor.Manager.run(Manager.java:1263)
	at ptolemy.actor.Manager$PtolemyRunThread.run(Manager.java:1933)
java.lang.RuntimeException: Execution failed
	at ptolemy.moml.MoMLSimpleApplication$UnloadThread.run(MoMLSimpleApplication.java:402)
Caused by: ptolemy.kernel.util.IllegalActionException: Test fails in iteration 0.
Value was: 6001L. Should have been: 6000L
  in .ExecutionTimeSDF.NonStrictTest
	at ptolemy.actor.lib.NonStrictTest.postfire(NonStrictTest.java:328)
	at ptolemy.actor.AtomicActor.iterate(AtomicActor.java:518)
	at ptolemy.actor.sched.StaticSchedulingDirector.fire(StaticSchedulingDirector.java:216)
	at ptolemy.domains.sdf.kernel.SDFDirector.fire(SDFDirector.java:500)
	at ptolemy.actor.CompositeActor.fire(CompositeActor.java:455)
	at ptolemy.actor.Manager.iterate(Manager.java:851)
	at ptolemy.actor.Manager.execute(Manager.java:369)
	at ptolemy.actor.Manager.run(Manager.java:1263)
	at ptolemy.actor.Manager$PtolemyRunThread.run(Manager.java:1933)
]]></system-err>
</testsuite>
