<?xml version="1.0" encoding="UTF-8" ?>
<testsuite errors="0" failures="0" hostname="travis-job-3cdf33ed-2c2c-4525-8e44-f1d68a4fbb28" name="ptolemy.domains.de.test.junit.JUnitTclTest" skipped="0" tests="101" time="126.308" timestamp="2020-01-20T06:45:02">
  <properties>
    <property name="npm.executable" value="npm" />
    <property name="env.TRAVIS_ROOT" value="/" />
    <property name="ptII.mk.exists" value="true" />
    <property name="env.TRAVIS_APP_HOST" value="build.travis-ci.org" />
    <property name="env.rvm_bin_path" value="/home/travis/.rvm/bin" />
    <property name="java.home" value="/usr/local/lib/jvm/openjdk11" />
    <property name="env.TRAVIS_JOB_NUMBER" value="1474.9" />
    <property name="env.TRAVIS_HOME" value="/home/travis" />
    <property name="env.DISPLAY" value=":99.0" />
    <property name="env.TRAVIS_INIT" value="systemd" />
    <property name="env.SSH_TTY" value="/dev/pts/0" />
    <property name="java.net.preferIPv4Stack" value="true" />
    <property name="env.RUN_TESTS" value="true" />
    <property name="timeout.short" value="1000000" />
    <property name="junit.formatter" value="xml" />
    <property name="env.TRAVIS_SUDO" value="true" />
    <property name="env.TRAVIS_JOB_NAME" value="" />
    <property name="env.TRAVIS_STACK_NODE_ATTRIBUTES" value="/.node-attributes.yml" />
    <property name="env.LOGNAME" value="travis" />
    <property name="jsdoc.home" value="node_modules/@terraswarm/jsdoc" />
    <property name="debuglevel" value="source,lines,vars" />
    <property name="checkstyle.formatter" value="xml" />
    <property name="env._system_version" value="16.04" />
    <property name="bin.vergil.makeable" value="true" />
    <property name="sun.os.patch.level" value="unknown" />
    <property name="java.vendor.url" value="http://java.oracle.com/" />
    <property name="env.TRAVIS_BUILD_WEB_URL" value="https://travis-ci.org/icyphy/ptII/builds/639345640" />
    <property name="java.version" value="11.0.2" />
    <property name="env.TZ" value="UTC" />
    <property name="env.TRAVIS_PULL_REQUEST_SHA" value="" />
    <property name="env.PT_NO_NET" value="true" />
    <property name="env.TRAVIS_SECURE_ENV_VARS" value="true" />
    <property name="env._system_type" value="Linux" />
    <property name="java.vendor.url.bug" value="http://bugreport.java.com/bugreport/" />
    <property name="npmjs-org-is-up" value="true" />
    <property name="env.LANGUAGE" value="en_US.UTF-8" />
    <property name="env.SSH_CLIENT" value="10.52.6.3 48966 22" />
    <property name="env.GEM_HOME" value="/home/travis/.rvm/gems/ruby-2.5.3" />
    <property name="env.HAS_ANTARES_THREE_LITTLE_FRONZIES_BADGE" value="true" />
    <property name="java.version.date" value="2019-01-15" />
    <property name="env.PS4" value="+" />
    <property name="ant.project.invoked-targets" value="build,test.core2.xml" />
    <property name="env.TRAVIS_PULL_REQUEST_BRANCH" value="" />
    <property name="env.TRAVIS_REPO_SLUG" value="icyphy/ptII" />
    <property name="env.XDG_DATA_DIRS" value="/usr/local/share:/usr/share:/var/lib/snapd/desktop" />
    <property name="jdk.debug" value="release" />
    <property name="env.TRAVIS_APT_PROXY" value="http://build-cache.travisci.net" />
    <property name="env.TRAVIS_CPU_ARCH" value="amd64" />
    <property name="node.in.path" value="true" />
    <property name="user.name" value="travis" />
    <property name="java.maxmemory" value="1400m" />
    <property name="env.RUBY_VERSION" value="ruby-2.5.3" />
    <property name="env.LANG" value="en_US.UTF-8" />
    <property name="sun.io.unicode.encoding" value="UnicodeLittle" />
    <property name="sun.jnu.encoding" value="UTF-8" />
    <property name="java.runtime.name" value="OpenJDK Runtime Environment" />
    <property name="usefile" value="false" />
    <property name="return.code" value="0" />
    <property name="junit.single.formatter" value="plain" />
    <property name="env.DYLD_LIBRARY_PATH" value="/home/travis/pthla/certi-tools/lib:" />
    <property name="env.DEBIAN_FRONTEND" value="noninteractive" />
    <property name="env.SSH_CONNECTION" value="10.52.6.3 48966 10.20.255.14 22" />
    <property name="env.MYSQL_UNIX_PORT" value="/var/run/mysqld/mysqld.sock" />
    <property name="env.LC_ALL" value="en_US.UTF-8" />
    <property name="env.TRAVIS_ALLOW_FAILURE" value="false" />
    <property name="env.TRAVIS_JOB_WEB_URL" value="https://travis-ci.org/icyphy/ptII/jobs/639345652" />
    <property name="java.specification.name" value="Java Platform API Specification" />
    <property name="node.works" value="true" />
    <property name="user.timezone" value="" />
    <property name="path.separator" value=":" />
    <property name="env.TRAVIS_ENABLE_INFRA_DETECTION" value="true" />
    <property name="env.PYTHON_CFLAGS" value="-g -fstack-protector --param=ssp-buffer-size=4 -Wformat -Werror=format-security" />
    <property name="timeout.long" value="4000000" />
    <property name="env.CERTI_HOME" value="/home/travis/pthla/certi-tools" />
    <property name="ant.file.ptII" value="/home/travis/build/icyphy/ptII/build.xml" />
    <property name="javadoc.packagenames" value="com.*,diva.*,lbnl.*,org.hlacerti.*,org.json.*,org.ptolemy.*,org.terraswarm.*,ptolemy.*,ptserver.*" />
    <property name="file.encoding" value="UTF-8" />
    <property name="env.TRAVIS_PULL_REQUEST_SLUG" value="" />
    <property name="ant.project.default-target" value="build" />
    <property name="env.GIT_ASKPASS" value="echo" />
    <property name="env.HOME" value="/home/travis" />
    <property name="sun.java.command" value="org.apache.tools.ant.taskdefs.optional.junit.JUnitTestRunner ptolemy.domains.de.test.junit.JUnitTclTest skipNonTests=false filtertrace=true haltOnError=false haltOnFailure=false formatter=org.apache.tools.ant.taskdefs.optional.junit.OutErrSummaryJUnitResultFormatter showoutput=true outputtoformatters=true logfailedtests=true threadid=0 logtestlistenerevents=false formatter=org.apache.tools.ant.taskdefs.optional.junit.XMLJUnitResultFormatter,/home/travis/build/icyphy/ptII/reports/junit/TEST-ptolemy.domains.de.test.junit.JUnitTclTest.xml crashfile=/home/travis/build/icyphy/ptII/junitvmwatcher3179248847157335618.properties propsfile=/home/travis/build/icyphy/ptII/junit17533409095673925643.properties" />
    <property name="env.COMPOSER_NO_INTERACTION" value="1" />
    <property name="env.MANPATH" value="/home/travis/.nvm/versions/node/v7.10.1/share/man:/home/travis/.rvm/rubies/ruby-2.5.3/share/man:/usr/local/cmake-3.12.4/man:/usr/local/clang-7.0.0/share/man:/usr/local/man:/usr/local/share/man:/usr/share/man:/home/travis/.rvm/man" />
    <property name="env.TRAVIS_TIMER_ID" value="0aaced7e" />
    <property name="ant.file" value="/home/travis/build/icyphy/ptII/build.xml" />
    <property name="env.TRAVIS_COMMIT_RANGE" value="fbd7ecc9139d2f8a4cb1830725c7e7ccf498832a...77d077f486ab45a3763665c89e8928691116e623" />
    <property name="env._system_name" value="Ubuntu" />
    <property name="ptII.classpath.optional.property" value="/home/travis/build/icyphy/ptII/lib/bsh-2.0b4.jar:/home/travis/build/icyphy/ptII/lib/ptCal.jar:/home/travis/build/icyphy/ptII/lib/java_cup.jar:/home/travis/build/icyphy/ptII/lib/saxon8.jar:/home/travis/build/icyphy/ptII/lib/saxon8-dom.jar:/home/travis/build/icyphy/ptII/lib/chic.jar:/home/travis/build/icyphy/ptII/lib/ptcolt.jar:/home/travis/build/icyphy/ptII/vendors/misc/itext/iText.jar:/home/travis/build/icyphy/ptII/lib/g4ltl.jar:/home/travis/build/icyphy/ptII/lib/StructuralCoder.jar:/home/travis/build/icyphy/ptII/lib/jcerti.jar:/home/travis/build/icyphy/ptII/lib/javax.mail.jar:/home/travis/build/icyphy/ptII/vendors/JMF-2.1.1e/lib/jmf.jar:/home/travis/build/icyphy/ptII/lib/jna-4.0.0-variadic.jar:/home/travis/build/icyphy/ptII/vendors/misc/joystick/Joystick.jar:/home/travis/build/icyphy/ptII/lib/ptjacl.jar:/home/travis/build/icyphy/ptII/lib/jsoup-1.8.2.jar:/home/travis/build/icyphy/ptII/lib/junit-4.8.2.jar:/home/travis/build/icyphy/ptII/lib/JUnitParams-0.4.0.jar:/home/travis/build/icyphy/ptII/ptolemy/actor/lib/excel/jxl.jar:/home/travis/build/icyphy/ptII/lib/jython.jar:/home/travis/build/icyphy/ptII/lib/kieler.jar:/home/travis/build/icyphy/ptII/vendors/opencv/share/OpenCV/java/opencv-341.jar:/home/travis/build/icyphy/ptII/lib/oscP5.jar:/home/travis/build/icyphy/ptII/lib/nrjavaserial-3.11.0.devel.jar:/home/travis/build/icyphy/ptII/vendors/j3d/lib/Linux/j3dcore.jar:/home/travis/build/icyphy/ptII/vendors/j3d/lib/Linux/j3dutils.jar:/home/travis/build/icyphy/ptII/vendors/j3d/lib/Linux/vecmath.jar:/home/travis/build/icyphy/ptII/vendors/jogl/lib/Linux/gluegen-rt-natives-linux-amd64.jar:/home/travis/build/icyphy/ptII/vendors/jogl/lib/Linux/gluegen-rt.jar:/home/travis/build/icyphy/ptII/vendors/jogl/lib/Linux/jogl-all-natives-linux-amd64.jar:/home/travis/build/icyphy/ptII/vendors/jogl/lib/Linux/jogl-all.jar:/home/travis/build/icyphy/ptII/ptolemy/distributed/jini/jar/jini-core.jar:/home/travis/build/icyphy/ptII/ptolemy/distributed/jini/jar/jini-ext.jar:/home/travis/build/icyphy/ptII/ptolemy/distributed/jini/jar/sun-util.jar:/home/travis/build/icyphy/ptII/lib/protobuf-java-2.4.1.jar:/home/travis/build/icyphy/ptII/lib/org.eclipse.paho.client.mqttv3.jar:/home/travis/build/icyphy/ptII/lib/mapss.jar:/home/travis/build/icyphy/ptII/ptolemy/actor/ptalon/antlr/antlr.jar:/home/travis/build/icyphy/ptII/lib/JRI.jar:/home/travis/build/icyphy/ptII/lib/commons-lang-2.6.jar:/home/travis/build/icyphy/ptII/lib/commons-logging-1.1.1.jar:/home/travis/build/icyphy/ptII/lib/sootclasses.jar:/home/travis/build/icyphy/ptII/ptolemy/actor/lib/database/mysql-connector-java-5.1.6-bin.jar:/home/travis/build/icyphy/ptII/vendors/misc/sphinx4/sphinx4-data-5prealpha.jar:/home/travis/build/icyphy/ptII/vendors/misc/sphinx4/sphinx4-core-5prealpha.jar:/home/travis/build/icyphy/ptII/lib/PDFRenderer.jar:/home/travis/build/icyphy/ptII/lib/svgSalamander.jar:/home/travis/build/icyphy/ptII/lib/rsyntaxtextarea-2.6.0-SNAPSHOT.jar:/home/travis/build/icyphy/ptII/lib/hazelcast-3.8.2.jar:/home/travis/build/icyphy/ptII/lib/jackson-annotations-2.9.0.jar:/home/travis/build/icyphy/ptII/lib/jackson-core-2.9.3.jar:/home/travis/build/icyphy/ptII/lib/jackson-databind-2.9.3.jar:/home/travis/build/icyphy/ptII/lib/netty-buffer-4.1.19.Final.jar:/home/travis/build/icyphy/ptII/lib/netty-codec-4.1.19.Final.jar:/home/travis/build/icyphy/ptII/lib/netty-codec-dns-4.1.19.Final.jar:/home/travis/build/icyphy/ptII/lib/netty-codec-http-4.1.19.Final.jar:/home/travis/build/icyphy/ptII/lib/netty-codec-http2-4.1.19.Final.jar:/home/travis/build/icyphy/ptII/lib/netty-common-4.1.19.Final.jar:/home/travis/build/icyphy/ptII/lib/netty-handler-4.1.19.Final.jar:/home/travis/build/icyphy/ptII/lib/netty-resolver-4.1.19.Final.jar:/home/travis/build/icyphy/ptII/lib/netty-resolver-dns-4.1.19.Final.jar:/home/travis/build/icyphy/ptII/lib/netty-transport-4.1.19.Final.jar:/home/travis/build/icyphy/ptII/lib/vertx-codegen-3.5.1.jar:/home/travis/build/icyphy/ptII/lib/vertx-core-3.5.2-SNAPSHOT.jar:/home/travis/build/icyphy/ptII/lib/vertx-hazelcast-3.5.1.jar:/home/travis/build/icyphy/ptII/lib/vertx-lang-js-3.5.1.jar:/home/travis/build/icyphy/ptII/lib/vertx-service-proxy-3.5.1.jar:/home/travis/build/icyphy/ptII/lib/vertx-web-3.5.1.jar:/home/travis/build/icyphy/ptII/lib/slf4j-api-1.7.13.jar:/home/travis/build/icyphy/ptII/lib/slf4j-simple-1.7.13.jar:/home/travis/build/icyphy/ptII/lib/webcam-capture-0.3.12.jar:/home/travis/build/icyphy/ptII/lib/bridj-0.7.0.jar:/home/travis/build/icyphy/ptII/lib/xbjlib-1.1.0.nrjavaserial.jar" />
    <property name="timeout" value="2400000" />
    <property name="test.batch" value="**/junit/*.java" />
    <property name="env._" value="/usr/bin/timeout" />
    <property name="java.io.tmpdir" value="/tmp" />
    <property name="user.language" value="en" />
    <property name="env.TRAVIS_INTERNAL_RUBY_REGEX" value="^ruby-(2\.[0-4]\.[0-9]|1\.9\.3)" />
    <property name="env.HISTCONTROL" value="ignoredups:ignorespace" />
    <property name="env.GOROOT" value="/home/travis/.gimme/versions/go1.11.1.linux.amd64" />
    <property name="line.separator" value="&#xa;" />
    <property name="target" value="11" />
    <property name="env.TRAVIS_BUILD_DIR" value="/home/travis/build/icyphy/ptII" />
    <property name="env.ANT_OPTS" value="-Xmx2048m" />
    <property name="ant.file.type" value="file" />
    <property name="ptolemy.ptII.batchMode" value="true" />
    <property name="env.HISTSIZE" value="1000" />
    <property name="env.MERB_ENV" value="test" />
    <property name="java.vm.info" value="mixed mode" />
    <property name="source" value="11" />
    <property name="java.vm.specification.name" value="Java Virtual Machine Specification" />
    <property name="env.TRAVIS_TEST_RESULT" value="0" />
    <property name="jsdoc.command" value="node_modules/@terraswarm/jsdoc/jsdoc.js" />
    <property name="npm.works" value="true" />
    <property name="cobertura.dir" value="/home/travis/build/icyphy/ptII/vendors/cobertura-2.0.3" />
    <property name="jsdoc.command.exists" value="true" />
    <property name="env.rvm_path" value="/home/travis/.rvm" />
    <property name="env.GEM_PATH" value="/home/travis/.rvm/gems/ruby-2.5.3:/home/travis/.rvm/gems/ruby-2.5.3@global" />
    <property name="env.LC_CTYPE" value="en_US.UTF-8" />
    <property name="env.TRAVIS_CMD" value="$PTII/bin/ptIITravisBuild.sh $SECONDS" />
    <property name="java.awt.printerjob" value="sun.print.PSPrinterJob" />
    <property name="env.TRAVIS_STACK_NAME" value="sardonyx" />
    <property name="env.TRAVIS_TIMER_START_TIME" value="1579502488382636789" />
    <property name="ant.version" value="Apache Ant(TM) version 1.10.1 compiled on February 2 2017" />
    <property name="ptII.reports" value="/home/travis/build/icyphy/ptII/reports" />
    <property name="env.TRAVIS_STACK_TIMESTAMP" value="2019-03-25 16:16:56 UTC" />
    <property name="ant.file.type.ptII" value="file" />
    <property name="env.RBENV_SHELL" value="bash" />
    <property name="os.name" value="Linux" />
    <property name="java.specification.vendor" value="Oracle Corporation" />
    <property name="env.rvm_version" value="1.29.7 (latest)" />
    <property name="env.TRAVIS_INFRA" value="unknown" />
    <property name="env.TERM" value="xterm" />
    <property name="java.vm.name" value="OpenJDK 64-Bit Server VM" />
    <property name="env.TRAVIS_BUILD_NUMBER" value="1474" />
    <property name="env.CI" value="true" />
    <property name="java.library.path" value="/home/travis/pthla/certi-tools/lib:/usr/lib/jni:/usr/local/share/OpenCV/java/:/usr/share/OpenCV/java::/usr/java/packages/lib:/usr/lib64:/lib64:/lib:/usr/lib" />
    <property name="jdk.module.path" value="/home/travis/build/icyphy/ptII/vendors/javafx/javafx-sdk-11.0.2/lib:" />
    <property name="env.rvm_prefix" value="/home/travis" />
    <property name="env.PATH" value="/home/travis/pthla/certi-tools/share/scripts:/home/travis/.rvm/gems/ruby-2.5.3/bin:/home/travis/.rvm/gems/ruby-2.5.3@global/bin:/home/travis/.rvm/rubies/ruby-2.5.3/bin:/home/travis/.rvm/bin:/home/travis/.nvm/versions/node/v7.10.1/bin:./node_modules/.bin:/home/travis/build/icyphy/ptII/bin:/home/travis/pthla/certi-tools/bin:/home/travis/bin:/home/travis/.local/bin:/usr/local/lib/jvm/openjdk11/bin:/opt/pyenv/shims:/home/travis/.phpenv/shims:/home/travis/perl5/perlbrew/bin:/home/travis/gopath/bin:/home/travis/.gimme/versions/go1.11.1.linux.amd64/bin:/usr/local/maven-3.6.0/bin:/usr/local/cmake-3.12.4/bin:/usr/local/clang-7.0.0/bin:/usr/local/sbin:/usr/local/bin:/usr/sbin:/usr/bin:/sbin:/bin:/snap/bin:/home/travis/.phpenv/bin:/opt/pyenv/bin:/home/travis/.yarn/bin" />
    <property name="env.TRAVIS_OS_NAME" value="linux" />
    <property name="ant.java.version" value="9" />
    <property name="basedir" value="/home/travis/build/icyphy/ptII" />
    <property name="java.class.version" value="55.0" />
    <property name="env.SHLVL" value="3" />
    <property name="env.LD_LIBRARY_PATH" value="/home/travis/pthla/certi-tools/lib:/usr/lib/jni:/usr/local/share/OpenCV/java/:/usr/share/OpenCV/java:" />
    <property name="env.RACK_ENV" value="test" />
    <property name="ant.home" value="/home/travis/build/icyphy/ptII/ant" />
    <property name="env.NVM_DIR" value="/home/travis/.nvm" />
    <property name="env.CERTI_FOM_PATH" value="/home/travis/pthla/certi-tools/share/federations" />
    <property name="env.TRAVIS_BUILD_ID" value="639345640" />
    <property name="env.PYENV_ROOT" value="/opt/pyenv" />
    <property name="env.TRAVIS_UID" value="2000" />
    <property name="prism.verbose" value="true" />
    <property name="env.NVM_BIN" value="/home/travis/.nvm/versions/node/v7.10.1/bin" />
    <property name="env.TRAVIS_COMMIT" value="77d077f486ab45a3763665c89e8928691116e623" />
    <property name="env._system_arch" value="x86_64" />
    <property name="node.executable" value="node" />
    <property name="sun.boot.library.path" value="/usr/local/lib/jvm/openjdk11/lib" />
    <property name="sun.management.compiler" value="HotSpot 64-Bit Tiered Compilers" />
    <property name="java.awt.graphicsenv" value="sun.awt.X11GraphicsEnvironment" />
    <property name="env.GOPATH" value="/home/travis/gopath" />
    <property name="ptolemy.ptII.dir" value="/home/travis/build/icyphy/ptII" />
    <property name="env.USER" value="travis" />
    <property name="env.HISTFILESIZE" value="2000" />
    <property name="timeout.longest" value="19000000" />
    <property name="env.PERLBREW_SHELLRC_VERSION" value="0.86" />
    <property name="env.TRAVIS_STACK_FEATURES" value="basic couchdb disabled-ipv6 docker docker-compose elasticsearch firefox go-toolchain google-chrome jdk memcached mongodb mysql nodejs_interpreter perl_interpreter perlbrew phantomjs postgresql python_interpreter redis ruby_interpreter sqlite xserver" />
    <property name="env.TRAVIS_PULL_REQUEST" value="false" />
    <property name="env.PYENV_SHELL" value="bash" />
    <property name="ant.project.name" value="ptII" />
    <property name="env.ANSI_RESET" value="\033[0m" />
    <property name="java.vm.specification.version" value="11" />
    <property name="env.TRAVIS_DIST" value="xenial" />
    <property name="env.CERTI_VERSION" value="4.0.0" />
    <property name="env.CERTI_HOST" value="localhost" />
    <property name="awt.toolkit" value="sun.awt.X11.XToolkit" />
    <property name="env.MY_RUBY_HOME" value="/home/travis/.rvm/rubies/ruby-2.5.3" />
    <property name="sun.cpu.isalist" value="" />
    <property name="env.TRAVIS_TMPDIR" value="/tmp/tmp.ZGyMIuYfIE" />
    <property name="java.vm.compressedOopsMode" value="Zero based" />
    <property name="os.version" value="4.15.0-1028-gcp" />
    <property name="user.home" value="/home/travis" />
    <property name="java.vm.vendor" value="Oracle Corporation" />
    <property name="env.TRAVIS_TAG" value="nightly" />
    <property name="env.ANSI_YELLOW" value="\033[33;1m" />
    <property name="env.TRAVIS_FILTERED" value="redirect_io" />
    <property name="env.ANSI_GREEN" value="\033[32;1m" />
    <property name="env.JAVA_HOME" value="/usr/local/lib/jvm/openjdk11" />
    <property name="javadoc.excludepackagenames" value="adm.cvs2svn.*,build.*,config.*,doc.coding.templates.*,jni.test.jni.meaningOfLife.*,jni.test.jni.testDeux.*,jni.test.jni.testTrois.*,org.terraswarm.accessor.accessors.web.node_modules.*,org.terraswarm.accessor.accessors.web.hosts.cordova.demo.*,org.terraswarm.accessor.accessors.web.hosts.cordova.plugins.*,org.terraswarm.accessor.accessors-svn.*,pt-modules.*,ptolemy.apps.agilent.*,ptolemy.apps.anytimecontrol.*,ptolemy.apps.apes.*,ptolemy.apps.charon.*,ptolemy.apps.crazyboard.*,ptolemy.apps.eclipse.*,ptolemy.apps.etherealSting.*,ptolemy.apps.fullscreen.*,ptolemy.apps.giotto.*,ptolemy.apps.ia.*,ptolemy.apps.interfaces.*,ptolemy.apps.jmf.*,ptolemy.apps.kurt.*,ptolemy.apps.kvm.*,ptolemy.apps.lego.*,ptolemy.apps.lejos.*,ptolemy.apps.midp.*,ptolemy.apps.mobileCoding.*,ptolemy.apps.pendulum.*,ptolemy.apps.rijndael.*,ptolemy.apps.robot.*,ptolemy.apps.security.*,ptolemy.apps.sobel.*,ptolemy.apps.soot.*,ptolemy.apps.throttle.*,ptolemy.apps.tini.*,ptolemy.apps.transmission.*,ptolemy.apps.vergil.*,ptolemy.apps.waba.*,ptolemy.apps.websensor.*,ptolemy.apps.webstart.*,ptolemy.apps.xsl.*,ptolemy.apps.zaurus.*,ptolemy.codegen.c.actor.lib.oldJavaFiles.*,ptolemy.codegen.dsp.lib.*,ptolemy.codegen.kernel.newInterfaces.*,ptolemy.codegen.lib.*,ptolemy.copernicus.kernel.fragment.*,ptolemy.copernicus.shallow.cg.*,ptolemy.domains.giotto.demo.Hierarchy.Hierarchy.*,ptolemy.domains.giotto.demo.Multimode.Multimode.*,ptolemy.domains.giotto.demo.Simple.Simple.*,ptolemy.domains.gr.lib.experimental.*,ptolemy.domains.gro.*,ptolemy.domains.pdf.*,ptolemy.domains.ptinyos.demo.Surge.output.*,ptolemy.moml.test.NoPackageActor.java*,ptolemy.plot.adm.*,ptolemy.plot.servlet.*,reports.*,signed.*,src.*,target.*,vendors.*,ptolemy.copernicus.applet.*,ptolemy.media.viewer.*,ptolemy.actor.corba.*,doc.doclets.*,ptolemy.apps.eclipse.awt.*,ptolemy.backtrack.*,ptolemy.backtrack.ast.*,ptolemy.cg.adapter.generic.program.procedural.c.mbed*,ptolemy.homer.*,ptolemy.actor.lib.jai.*,org.ptolemy.scala.*,diva.util.java2d.svg.*,ptolemy.domains.ptinyos.*,ptolemy.actor.lib.fmi.fmipp.*,,org.terraswarm.accessor.accessors.web.node_modules.*,org.terraswarm.accessor.accessors-svn,ptolemy.apps.*,ptolemy.actor.ptalon.demo.ptinyos.SendAndReceiveCnt.output,ptolemy.actor.ptalon.demo.ptinyos.SenseToLeds.output,ptolemy.domains.ptinyos.demo.CntToLedsAndRfm.output,ptolemy.domains.ptinyos.demo.RfmToLeds.output,ptolemy.domains.ptinyos.demo.SendAndReceiveCnt.output,ptolemy.domains.ptinyos.demo.SenseToLeds.output,ptolemy.actor.lib.jjs.modules.udpSocket.*" />
    <property name="env.PTII" value="/home/travis/build/icyphy/ptII" />
    <property name="env.XDG_SESSION_ID" value="2" />
    <property name="keystore" value="ptKeystore" />
    <property name="env.TRAVIS_COMMIT_MESSAGE" value="Checking whether there is an rtia process running using &apos;ps -ax |  grep rtia&apos;. As for&#xa;the moment, does not take into account all OS in the command." />
    <property name="junit.output.dir" value="/home/travis/build/icyphy/ptII/reports/junit" />
    <property name="npm.return.code" value="0" />
    <property name="user.dir" value="/home/travis/build/icyphy/ptII/ptolemy/domains/de/test" />
    <property name="env.TRAVIS_NODE_VERSION" value="7" />
    <property name="env.TRAVIS_EVENT_TYPE" value="cron" />
    <property name="env.MAIL" value="/var/mail/travis" />
    <property name="env.PERLBREW_ROOT" value="/home/travis/perl5/perlbrew" />
    <property name="env.PWD" value="/home/travis/build/icyphy/ptII" />
    <property name="timeout.npm" value="45000" />
    <property name="env.PT_TRAVIS_TEST_CORE2_XML" value="true" />
    <property name="env.TRAVIS_ARCH" value="amd64" />
    <property name="sun.cpu.endian" value="little" />
    <property name="env.PAGER" value="cat" />
    <property name="env.TRAVIS_BUILD_STAGE_NAME" value="Test" />
    <property name="env.PERLBREW_HOME" value="/home/travis/.perlbrew" />
    <property name="java.vm.version" value="11.0.2+9" />
    <property name="env.RAILS_ENV" value="test" />
    <property name="java.class.path" value="/home/travis/build/icyphy/ptII:/home/travis/build/icyphy/ptII/lib/bsh-2.0b4.jar:/home/travis/build/icyphy/ptII/lib/ptCal.jar:/home/travis/build/icyphy/ptII/lib/java_cup.jar:/home/travis/build/icyphy/ptII/lib/saxon8.jar:/home/travis/build/icyphy/ptII/lib/saxon8-dom.jar:/home/travis/build/icyphy/ptII/lib/chic.jar:/home/travis/build/icyphy/ptII/lib/ptcolt.jar:/home/travis/build/icyphy/ptII/vendors/misc/itext/iText.jar:/home/travis/build/icyphy/ptII/lib/g4ltl.jar:/home/travis/build/icyphy/ptII/lib/StructuralCoder.jar:/home/travis/build/icyphy/ptII/lib/jcerti.jar:/home/travis/build/icyphy/ptII/lib/javax.mail.jar:/home/travis/build/icyphy/ptII/vendors/JMF-2.1.1e/lib/jmf.jar:/home/travis/build/icyphy/ptII/lib/jna-4.0.0-variadic.jar:/home/travis/build/icyphy/ptII/vendors/misc/joystick/Joystick.jar:/home/travis/build/icyphy/ptII/lib/ptjacl.jar:/home/travis/build/icyphy/ptII/lib/jsoup-1.8.2.jar:/home/travis/build/icyphy/ptII/lib/junit-4.8.2.jar:/home/travis/build/icyphy/ptII/lib/JUnitParams-0.4.0.jar:/home/travis/build/icyphy/ptII/ptolemy/actor/lib/excel/jxl.jar:/home/travis/build/icyphy/ptII/lib/jython.jar:/home/travis/build/icyphy/ptII/lib/kieler.jar:/home/travis/build/icyphy/ptII/vendors/opencv/share/OpenCV/java/opencv-341.jar:/home/travis/build/icyphy/ptII/lib/oscP5.jar:/home/travis/build/icyphy/ptII/lib/nrjavaserial-3.11.0.devel.jar:/home/travis/build/icyphy/ptII/vendors/j3d/lib/Linux/j3dcore.jar:/home/travis/build/icyphy/ptII/vendors/j3d/lib/Linux/j3dutils.jar:/home/travis/build/icyphy/ptII/vendors/j3d/lib/Linux/vecmath.jar:/home/travis/build/icyphy/ptII/vendors/jogl/lib/Linux/gluegen-rt-natives-linux-amd64.jar:/home/travis/build/icyphy/ptII/vendors/jogl/lib/Linux/gluegen-rt.jar:/home/travis/build/icyphy/ptII/vendors/jogl/lib/Linux/jogl-all-natives-linux-amd64.jar:/home/travis/build/icyphy/ptII/vendors/jogl/lib/Linux/jogl-all.jar:/home/travis/build/icyphy/ptII/ptolemy/distributed/jini/jar/jini-core.jar:/home/travis/build/icyphy/ptII/ptolemy/distributed/jini/jar/jini-ext.jar:/home/travis/build/icyphy/ptII/ptolemy/distributed/jini/jar/sun-util.jar:/home/travis/build/icyphy/ptII/lib/protobuf-java-2.4.1.jar:/home/travis/build/icyphy/ptII/lib/org.eclipse.paho.client.mqttv3.jar:/home/travis/build/icyphy/ptII/lib/mapss.jar:/home/travis/build/icyphy/ptII/ptolemy/actor/ptalon/antlr/antlr.jar:/home/travis/build/icyphy/ptII/lib/JRI.jar:/home/travis/build/icyphy/ptII/lib/commons-lang-2.6.jar:/home/travis/build/icyphy/ptII/lib/commons-logging-1.1.1.jar:/home/travis/build/icyphy/ptII/lib/sootclasses.jar:/home/travis/build/icyphy/ptII/ptolemy/actor/lib/database/mysql-connector-java-5.1.6-bin.jar:/home/travis/build/icyphy/ptII/vendors/misc/sphinx4/sphinx4-data-5prealpha.jar:/home/travis/build/icyphy/ptII/vendors/misc/sphinx4/sphinx4-core-5prealpha.jar:/home/travis/build/icyphy/ptII/lib/PDFRenderer.jar:/home/travis/build/icyphy/ptII/lib/svgSalamander.jar:/home/travis/build/icyphy/ptII/lib/rsyntaxtextarea-2.6.0-SNAPSHOT.jar:/home/travis/build/icyphy/ptII/lib/hazelcast-3.8.2.jar:/home/travis/build/icyphy/ptII/lib/jackson-annotations-2.9.0.jar:/home/travis/build/icyphy/ptII/lib/jackson-core-2.9.3.jar:/home/travis/build/icyphy/ptII/lib/jackson-databind-2.9.3.jar:/home/travis/build/icyphy/ptII/lib/netty-buffer-4.1.19.Final.jar:/home/travis/build/icyphy/ptII/lib/netty-codec-4.1.19.Final.jar:/home/travis/build/icyphy/ptII/lib/netty-codec-dns-4.1.19.Final.jar:/home/travis/build/icyphy/ptII/lib/netty-codec-http-4.1.19.Final.jar:/home/travis/build/icyphy/ptII/lib/netty-codec-http2-4.1.19.Final.jar:/home/travis/build/icyphy/ptII/lib/netty-common-4.1.19.Final.jar:/home/travis/build/icyphy/ptII/lib/netty-handler-4.1.19.Final.jar:/home/travis/build/icyphy/ptII/lib/netty-resolver-4.1.19.Final.jar:/home/travis/build/icyphy/ptII/lib/netty-resolver-dns-4.1.19.Final.jar:/home/travis/build/icyphy/ptII/lib/netty-transport-4.1.19.Final.jar:/home/travis/build/icyphy/ptII/lib/vertx-codegen-3.5.1.jar:/home/travis/build/icyphy/ptII/lib/vertx-core-3.5.2-SNAPSHOT.jar:/home/travis/build/icyphy/ptII/lib/vertx-hazelcast-3.5.1.jar:/home/travis/build/icyphy/ptII/lib/vertx-lang-js-3.5.1.jar:/home/travis/build/icyphy/ptII/lib/vertx-service-proxy-3.5.1.jar:/home/travis/build/icyphy/ptII/lib/vertx-web-3.5.1.jar:/home/travis/build/icyphy/ptII/lib/slf4j-api-1.7.13.jar:/home/travis/build/icyphy/ptII/lib/slf4j-simple-1.7.13.jar:/home/travis/build/icyphy/ptII/lib/webcam-capture-0.3.12.jar:/home/travis/build/icyphy/ptII/lib/bridj-0.7.0.jar:/home/travis/build/icyphy/ptII/lib/xbjlib-1.1.0.nrjavaserial.jar:/home/travis/build/icyphy/ptII/ptolemy/moml/test:/home/travis/build/icyphy/ptII/ant/lib/ant-launcher.jar:/home/travis/build/icyphy/ptII/ant/lib/ant.jar:/home/travis/build/icyphy/ptII/ant/lib/ant-junit.jar:/home/travis/build/icyphy/ptII/ant/lib/ant-junit4.jar" />
    <property name="ant.library.dir" value="/home/travis/build/icyphy/ptII/ant/lib" />
    <property name="os.arch" value="amd64" />
    <property name="env.CONTINUOUS_INTEGRATION" value="true" />
    <property name="env.TRAVIS_LANGUAGE" value="node_js" />
    <property name="env.TRAVIS_STACK_LANGUAGES" value="__sardonyx__ c c++ clojure cplusplus cpp default generic go groovy java node_js php pure_java python ruby scala" />
    <property name="test.name" value="ptolemy.actor.lib.test.junit.JUnitTclTest" />
    <property name="env.APT_KEY_DONT_WARN_ON_DANGEROUS_USAGE" value="1" />
    <property name="sun.java.launcher" value="SUN_STANDARD" />
    <property name="env.PYTHON_CONFIGURE_OPTS" value="--enable-unicode=ucs4 --with-wide-unicode --enable-shared --enable-ipv6 --enable-loadable-sqlite-extensions --with-computed-gotos" />
    <property name="ant.core.lib" value="/home/travis/build/icyphy/ptII/ant/lib/ant.jar" />
    <property name="java.vm.specification.vendor" value="Oracle Corporation" />
    <property name="env.BCVTB_HOME" value="/home/travis/build/icyphy/ptII/lbnl" />
    <property name="file.separator" value="/" />
    <property name="spotbugs.home" value="/home/travis/build/icyphy/ptII/vendors/spotbugs-3.1.1" />
    <property name="java.runtime.version" value="11.0.2+9" />
    <property name="env.ANSI_CLEAR" value="\033[0K" />
    <property name="javafx.verbose" value="true" />
    <property name="env.HAS_JOSH_K_SEAL_OF_APPROVAL" value="true" />
    <property name="env.XDG_RUNTIME_DIR" value="/run/user/2000" />
    <property name="env.TRAVIS_OSX_IMAGE" value="" />
    <property name="env.TRAVIS_JOB_ID" value="639345652" />
    <property name="env.TRAVIS_BRANCH" value="master" />
    <property name="user.country" value="US" />
    <property name="env.CERTI_HOME_TRAVIS" value="/home/travis/pthla/certi-tools" />
    <property name="env.SHELL" value="/bin/bash" />
    <property name="java.maxmemory.large" value="3200m" />
    <property name="model" value="" />
    <property name="env.CASHER_DIR" value="/home/travis/.casher" />
    <property name="env.NVM_CD_FLAGS" value="" />
    <property name="java.vendor.version" value="18.9" />
    <property name="jshint.executable" value="/home/travis/node_modules/jshint/bin/jshint" />
    <property name="env.JRUBY_OPTS" value=" --client -J-XX:+TieredCompilation -J-XX:TieredStopAtLevel=1 -J-Xss2m -Xcompile.invokedynamic=false" />
    <property name="java.vendor" value="Oracle Corporation" />
    <property name="env.TRAVIS_PRE_CHEF_BOOTSTRAP_TIME" value="2019-03-25T16:16:42" />
    <property name="env.TRAVIS_STACK_JOB_BOARD_REGISTER" value="/.job-board-register.yml" />
    <property name="env.ANSI_RED" value="\033[31;1m" />
    <property name="java.specification.version" value="11" />
    <property name="env.IRBRC" value="/home/travis/.rvm/rubies/ruby-2.5.3/.irbrc" />
    <property name="env.TRAVIS" value="true" />
    <property name="sun.arch.data.model" value="64" />
  </properties>
  <testcase classname="ptolemy.util.test.junit.TclTests" name="[0] /home/travis/build/icyphy/ptII/ptolemy/domains/de/test/DependencyLoop.tcl (RunTclFile)" time="1.032" />
  <testcase classname="ptolemy.util.test.junit.TclTests" name="[1] /home/travis/build/icyphy/ptII/ptolemy/domains/de/test/RunDETestsAsQSS.tcl (RunTclFile)" time="85.432" />
  <testcase classname="ptolemy.util.test.junit.AutoKnownFailedTests" name="[0] /home/travis/build/icyphy/ptII/ptolemy/domains/de/test/auto/knownFailedTests/DESDFClockTest.xml (RunModel)" time="2.059" />
  <testcase classname="ptolemy.util.test.junit.AutoKnownFailedTests" name="[1] /home/travis/build/icyphy/ptII/ptolemy/domains/de/test/auto/knownFailedTests/DirectFeedback.xml (RunModel)" time="0.025" />
  <testcase classname="ptolemy.util.test.junit.AutoKnownFailedTests" name="[2] /home/travis/build/icyphy/ptII/ptolemy/domains/de/test/auto/knownFailedTests/FSMSource.xml (RunModel)" time="0.039" />
  <testcase classname="ptolemy.util.test.junit.AutoKnownFailedTests" name="[3] /home/travis/build/icyphy/ptII/ptolemy/domains/de/test/auto/knownFailedTests/HierarchicalModel.xml (RunModel)" time="0.052" />
  <testcase classname="ptolemy.util.test.junit.AutoKnownFailedTests" name="[4] /home/travis/build/icyphy/ptII/ptolemy/domains/de/test/auto/knownFailedTests/dependencyLoop.xml (RunModel)" time="0.041" />
  <testcase classname="ptolemy.util.test.junit.AutoKnownFailedTests" name="[5] /home/travis/build/icyphy/ptII/ptolemy/domains/de/test/auto/knownFailedTests/dependencyLoop2.xml (RunModel)" time="0.048" />
  <testcase classname="ptolemy.util.test.junit.AutoNameArchTests" name="[0] ThereAreNoAutoArchTests (RunModel)" time="0.002" />
  <testcase classname="ptolemy.util.test.junit.AutoTests" name="[0] /home/travis/build/icyphy/ptII/ptolemy/domains/de/test/auto/ActorDepthCalculation_actorWithoutPorts.xml (RunModel)" time="0.021" />
  <testcase classname="ptolemy.util.test.junit.AutoTests" name="[1] /home/travis/build/icyphy/ptII/ptolemy/domains/de/test/auto/AssemblyLine.xml (RunModel)" time="0.02" />
  <testcase classname="ptolemy.util.test.junit.AutoTests" name="[2] /home/travis/build/icyphy/ptII/ptolemy/domains/de/test/auto/CQBug1.xml (RunModel)" time="0.013" />
  <testcase classname="ptolemy.util.test.junit.AutoTests" name="[3] /home/travis/build/icyphy/ptII/ptolemy/domains/de/test/auto/CancelFireAt.xml (RunModel)" time="0.01" />
  <testcase classname="ptolemy.util.test.junit.AutoTests" name="[4] /home/travis/build/icyphy/ptII/ptolemy/domains/de/test/auto/CausalityAndComposabilityAnalysis.xml (RunModel)" time="0.013" />
  <testcase classname="ptolemy.util.test.junit.AutoTests" name="[5] /home/travis/build/icyphy/ptII/ptolemy/domains/de/test/auto/CausalityInterface1.xml (RunModel)" time="0.014" />
  <testcase classname="ptolemy.util.test.junit.AutoTests" name="[6] /home/travis/build/icyphy/ptII/ptolemy/domains/de/test/auto/CausalityInterface15.xml (RunModel)" time="0.014" />
  <testcase classname="ptolemy.util.test.junit.AutoTests" name="[7] /home/travis/build/icyphy/ptII/ptolemy/domains/de/test/auto/CausalityInterface2.xml (RunModel)" time="0.011" />
  <testcase classname="ptolemy.util.test.junit.AutoTests" name="[8] /home/travis/build/icyphy/ptII/ptolemy/domains/de/test/auto/CausalityInterface3.xml (RunModel)" time="0.018" />
  <testcase classname="ptolemy.util.test.junit.AutoTests" name="[9] /home/travis/build/icyphy/ptII/ptolemy/domains/de/test/auto/ClockDrift.xml (RunModel)" time="0.038" />
  <testcase classname="ptolemy.util.test.junit.AutoTests" name="[10] /home/travis/build/icyphy/ptII/ptolemy/domains/de/test/auto/ClockDriftAndValueChange.xml (RunModel)" time="0.036" />
  <testcase classname="ptolemy.util.test.junit.AutoTests" name="[11] /home/travis/build/icyphy/ptII/ptolemy/domains/de/test/auto/ClockDriftChange.xml (RunModel)" time="0.032" />
  <testcase classname="ptolemy.util.test.junit.AutoTests" name="[12] /home/travis/build/icyphy/ptII/ptolemy/domains/de/test/auto/ComposableCausalityAnalysis.xml (RunModel)" time="0.017" />
  <testcase classname="ptolemy.util.test.junit.AutoTests" name="[13] /home/travis/build/icyphy/ptII/ptolemy/domains/de/test/auto/DEFixedPointLimitation.xml (RunModel)" time="0.01" />
  <testcase classname="ptolemy.util.test.junit.AutoTests" name="[14] /home/travis/build/icyphy/ptII/ptolemy/domains/de/test/auto/DEScheduleTest.xml (RunModel)" time="0.019" />
  <testcase classname="ptolemy.util.test.junit.AutoTests" name="[15] /home/travis/build/icyphy/ptII/ptolemy/domains/de/test/auto/DEinDEwithStartTimes.xml (RunModel)" time="0.014" />
  <testcase classname="ptolemy.util.test.junit.AutoTests" name="[16] /home/travis/build/icyphy/ptII/ptolemy/domains/de/test/auto/DEinDEwithStartTimes2.xml (RunModel)" time="0.021" />
  <testcase classname="ptolemy.util.test.junit.AutoTests" name="[17] /home/travis/build/icyphy/ptII/ptolemy/domains/de/test/auto/DateDemo.xml (RunModel)" time="0.031" />
  <testcase classname="ptolemy.util.test.junit.AutoTests" name="[18] /home/travis/build/icyphy/ptII/ptolemy/domains/de/test/auto/DateToEvent.xml (RunModel)" time="2.05" />
  <testcase classname="ptolemy.util.test.junit.AutoTests" name="[19] /home/travis/build/icyphy/ptII/ptolemy/domains/de/test/auto/DepthTest1.xml (RunModel)" time="0.011" />
  <testcase classname="ptolemy.util.test.junit.AutoTests" name="[20] /home/travis/build/icyphy/ptII/ptolemy/domains/de/test/auto/DepthTest2.xml (RunModel)" time="0.018" />
  <testcase classname="ptolemy.util.test.junit.AutoTests" name="[21] /home/travis/build/icyphy/ptII/ptolemy/domains/de/test/auto/DepthTest3.xml (RunModel)" time="0.012" />
  <testcase classname="ptolemy.util.test.junit.AutoTests" name="[22] /home/travis/build/icyphy/ptII/ptolemy/domains/de/test/auto/DepthTest4.xml (RunModel)" time="0.016" />
  <testcase classname="ptolemy.util.test.junit.AutoTests" name="[23] /home/travis/build/icyphy/ptII/ptolemy/domains/de/test/auto/DepthTest5.xml (RunModel)" time="0.015" />
  <testcase classname="ptolemy.util.test.junit.AutoTests" name="[24] /home/travis/build/icyphy/ptII/ptolemy/domains/de/test/auto/DepthTest6.xml (RunModel)" time="0.013" />
  <testcase classname="ptolemy.util.test.junit.AutoTests" name="[25] /home/travis/build/icyphy/ptII/ptolemy/domains/de/test/auto/DepthTest7.xml (RunModel)" time="0.01" />
  <testcase classname="ptolemy.util.test.junit.AutoTests" name="[26] /home/travis/build/icyphy/ptII/ptolemy/domains/de/test/auto/EventToDate.xml (RunModel)" time="3.051" />
  <testcase classname="ptolemy.util.test.junit.AutoTests" name="[27] /home/travis/build/icyphy/ptII/ptolemy/domains/de/test/auto/FSM1.xml (RunModel)" time="0.042" />
  <testcase classname="ptolemy.util.test.junit.AutoTests" name="[28] /home/travis/build/icyphy/ptII/ptolemy/domains/de/test/auto/FSM7.xml (RunModel)" time="0.033" />
  <testcase classname="ptolemy.util.test.junit.AutoTests" name="[29] /home/travis/build/icyphy/ptII/ptolemy/domains/de/test/auto/Inspection.xml (RunModel)" time="0.038" />
  <testcase classname="ptolemy.util.test.junit.AutoTests" name="[30] /home/travis/build/icyphy/ptII/ptolemy/domains/de/test/auto/Iteration.xml (RunModel)" time="0.024" />
  <testcase classname="ptolemy.util.test.junit.AutoTests" name="[31] /home/travis/build/icyphy/ptII/ptolemy/domains/de/test/auto/LineFault.xml (RunModel)" time="0.6" />
  <testcase classname="ptolemy.util.test.junit.AutoTests" name="[32] /home/travis/build/icyphy/ptII/ptolemy/domains/de/test/auto/MergeModel1Add.xml (RunModel)" time="0.047" />
  <testcase classname="ptolemy.util.test.junit.AutoTests" name="[33] /home/travis/build/icyphy/ptII/ptolemy/domains/de/test/auto/MergeModel2Add.xml (RunModel)" time="0.041" />
  <testcase classname="ptolemy.util.test.junit.AutoTests" name="[34] /home/travis/build/icyphy/ptII/ptolemy/domains/de/test/auto/MergeModel3Add.xml (RunModel)" time="0.044" />
  <testcase classname="ptolemy.util.test.junit.AutoTests" name="[35] /home/travis/build/icyphy/ptII/ptolemy/domains/de/test/auto/MergeWithoutDiscard.xml (RunModel)" time="0.012" />
  <testcase classname="ptolemy.util.test.junit.AutoTests" name="[36] /home/travis/build/icyphy/ptII/ptolemy/domains/de/test/auto/Modal1.xml (RunModel)" time="0.033" />
  <testcase classname="ptolemy.util.test.junit.AutoTests" name="[37] /home/travis/build/icyphy/ptII/ptolemy/domains/de/test/auto/Modal2.xml (RunModel)" time="0.027" />
  <testcase classname="ptolemy.util.test.junit.AutoTests" name="[38] /home/travis/build/icyphy/ptII/ptolemy/domains/de/test/auto/Modal3.xml (RunModel)" time="0.024" />
  <testcase classname="ptolemy.util.test.junit.AutoTests" name="[39] /home/travis/build/icyphy/ptII/ptolemy/domains/de/test/auto/Modal4.xml (RunModel)" time="0.033" />
  <testcase classname="ptolemy.util.test.junit.AutoTests" name="[40] /home/travis/build/icyphy/ptII/ptolemy/domains/de/test/auto/Modal5.xml (RunModel)" time="0.029" />
  <testcase classname="ptolemy.util.test.junit.AutoTests" name="[41] /home/travis/build/icyphy/ptII/ptolemy/domains/de/test/auto/Modal6.xml (RunModel)" time="0.031" />
  <testcase classname="ptolemy.util.test.junit.AutoTests" name="[42] /home/travis/build/icyphy/ptII/ptolemy/domains/de/test/auto/Modal7.xml (RunModel)" time="0.034" />
  <testcase classname="ptolemy.util.test.junit.AutoTests" name="[43] /home/travis/build/icyphy/ptII/ptolemy/domains/de/test/auto/ModalModel.xml (RunModel)" time="0.185" />
  <testcase classname="ptolemy.util.test.junit.AutoTests" name="[44] /home/travis/build/icyphy/ptII/ptolemy/domains/de/test/auto/ModalSource.xml (RunModel)" time="0.019" />
  <testcase classname="ptolemy.util.test.junit.AutoTests" name="[45] /home/travis/build/icyphy/ptII/ptolemy/domains/de/test/auto/NonInterruptibleTimerZeroDelay.xml (RunModel)" time="0.012" />
  <testcase classname="ptolemy.util.test.junit.AutoTests" name="[46] /home/travis/build/icyphy/ptII/ptolemy/domains/de/test/auto/OpenQueueingNetwork.xml (RunModel)" time="2.919" />
  <testcase classname="ptolemy.util.test.junit.AutoTests" name="[47] /home/travis/build/icyphy/ptII/ptolemy/domains/de/test/auto/OpenQueuingNetwork.xml (RunModel)" time="0.328" />
  <testcase classname="ptolemy.util.test.junit.AutoTests" name="[48] /home/travis/build/icyphy/ptII/ptolemy/domains/de/test/auto/PeriodicSampler.xml (RunModel)" time="0.008" />
  <testcase classname="ptolemy.util.test.junit.AutoTests" name="[49] /home/travis/build/icyphy/ptII/ptolemy/domains/de/test/auto/PersistentIO.xml (RunModel)" time="0.022" />
  <testcase classname="ptolemy.util.test.junit.AutoTests" name="[50] /home/travis/build/icyphy/ptII/ptolemy/domains/de/test/auto/PortParameterResetOnInitialize.xml (RunModel)" time="0.009" />
  <testcase classname="ptolemy.util.test.junit.AutoTests" name="[51] /home/travis/build/icyphy/ptII/ptolemy/domains/de/test/auto/PortParameterUpdates.xml (RunModel)" time="0.012" />
  <testcase classname="ptolemy.util.test.junit.AutoTests" name="[52] /home/travis/build/icyphy/ptII/ptolemy/domains/de/test/auto/QueueAndServer.xml (RunModel)" time="0.023" />
  <testcase classname="ptolemy.util.test.junit.AutoTests" name="[53] /home/travis/build/icyphy/ptII/ptolemy/domains/de/test/auto/Records.xml (RunModel)" time="0.015" />
  <testcase classname="ptolemy.util.test.junit.AutoTests" name="[54] /home/travis/build/icyphy/ptII/ptolemy/domains/de/test/auto/ResetTransitionWithStartTime1.xml (RunModel)" time="0.021" />
  <testcase classname="ptolemy.util.test.junit.AutoTests" name="[55] /home/travis/build/icyphy/ptII/ptolemy/domains/de/test/auto/ResetTransitionWithStartTime2.xml (RunModel)" time="0.018" />
  <testcase classname="ptolemy.util.test.junit.AutoTests" name="[56] /home/travis/build/icyphy/ptII/ptolemy/domains/de/test/auto/ResetTransitionWithStartTime3.xml (RunModel)" time="0.018" />
  <testcase classname="ptolemy.util.test.junit.AutoTests" name="[57] /home/travis/build/icyphy/ptII/ptolemy/domains/de/test/auto/ResetTransitionWithStartTime4.xml (RunModel)" time="0.015" />
  <testcase classname="ptolemy.util.test.junit.AutoTests" name="[58] /home/travis/build/icyphy/ptII/ptolemy/domains/de/test/auto/ResettableTimer1.xml (RunModel)" time="0.01" />
  <testcase classname="ptolemy.util.test.junit.AutoTests" name="[59] /home/travis/build/icyphy/ptII/ptolemy/domains/de/test/auto/ResettableTimer2.xml (RunModel)" time="0.009" />
  <testcase classname="ptolemy.util.test.junit.AutoTests" name="[60] /home/travis/build/icyphy/ptII/ptolemy/domains/de/test/auto/ResettableTimer3.xml (RunModel)" time="0.008" />
  <testcase classname="ptolemy.util.test.junit.AutoTests" name="[61] /home/travis/build/icyphy/ptII/ptolemy/domains/de/test/auto/ResettableTimer4.xml (RunModel)" time="0.008" />
  <testcase classname="ptolemy.util.test.junit.AutoTests" name="[62] /home/travis/build/icyphy/ptII/ptolemy/domains/de/test/auto/ResettableTimer5.xml (RunModel)" time="0.008" />
  <testcase classname="ptolemy.util.test.junit.AutoTests" name="[63] /home/travis/build/icyphy/ptII/ptolemy/domains/de/test/auto/ResettableTimer6.xml (RunModel)" time="0.016" />
  <testcase classname="ptolemy.util.test.junit.AutoTests" name="[64] /home/travis/build/icyphy/ptII/ptolemy/domains/de/test/auto/ServerZeroDelay.xml (RunModel)" time="0.009" />
  <testcase classname="ptolemy.util.test.junit.AutoTests" name="[65] /home/travis/build/icyphy/ptII/ptolemy/domains/de/test/auto/SmartSender.xml (RunModel)" time="3.008" />
  <testcase classname="ptolemy.util.test.junit.AutoTests" name="[66] /home/travis/build/icyphy/ptII/ptolemy/domains/de/test/auto/ThreadedComposite.xml (RunModel)" time="0.14" />
  <testcase classname="ptolemy.util.test.junit.AutoTests" name="[67] /home/travis/build/icyphy/ptII/ptolemy/domains/de/test/auto/Time.xml (RunModel)" time="0.47" />
  <testcase classname="ptolemy.util.test.junit.AutoTests" name="[68] /home/travis/build/icyphy/ptII/ptolemy/domains/de/test/auto/TimeDelayZeroDelay.xml (RunModel)" time="0.011" />
  <testcase classname="ptolemy.util.test.junit.AutoTests" name="[69] /home/travis/build/icyphy/ptII/ptolemy/domains/de/test/auto/TimerZeroDelay.xml (RunModel)" time="0.009" />
  <testcase classname="ptolemy.util.test.junit.AutoTests" name="[70] /home/travis/build/icyphy/ptII/ptolemy/domains/de/test/auto/TimingParadox.xml (RunModel)" time="0.392" />
  <testcase classname="ptolemy.util.test.junit.AutoTests" name="[71] /home/travis/build/icyphy/ptII/ptolemy/domains/de/test/auto/TransferInputs.xml (RunModel)" time="0.016" />
  <testcase classname="ptolemy.util.test.junit.AutoTests" name="[72] /home/travis/build/icyphy/ptII/ptolemy/domains/de/test/auto/TransferOutputs2.xml (RunModel)" time="0.015" />
  <testcase classname="ptolemy.util.test.junit.AutoTests" name="[73] /home/travis/build/icyphy/ptII/ptolemy/domains/de/test/auto/Trilateration.xml (RunModel)" time="11.056" />
  <testcase classname="ptolemy.util.test.junit.AutoTests" name="[74] /home/travis/build/icyphy/ptII/ptolemy/domains/de/test/auto/TwoSigmaDelta.xml (RunModel)" time="1.585" />
  <testcase classname="ptolemy.util.test.junit.AutoTests" name="[75] /home/travis/build/icyphy/ptII/ptolemy/domains/de/test/auto/VariableDelay.xml (RunModel)" time="0.011" />
  <testcase classname="ptolemy.util.test.junit.AutoTests" name="[76] /home/travis/build/icyphy/ptII/ptolemy/domains/de/test/auto/VariableDelay2.xml (RunModel)" time="0.01" />
  <testcase classname="ptolemy.util.test.junit.AutoTests" name="[77] /home/travis/build/icyphy/ptII/ptolemy/domains/de/test/auto/VariableDelayZeroDelay.xml (RunModel)" time="0.01" />
  <testcase classname="ptolemy.util.test.junit.AutoTests" name="[78] /home/travis/build/icyphy/ptII/ptolemy/domains/de/test/auto/VariableDelayZeroDelay2.xml (RunModel)" time="0.007" />
  <testcase classname="ptolemy.util.test.junit.AutoTests" name="[79] /home/travis/build/icyphy/ptII/ptolemy/domains/de/test/auto/deInCt.xml (RunModel)" time="0.012" />
  <testcase classname="ptolemy.util.test.junit.AutoTests" name="[80] /home/travis/build/icyphy/ptII/ptolemy/domains/de/test/auto/deInCt2.xml (RunModel)" time="0.012" />
  <testcase classname="ptolemy.util.test.junit.AutoTests" name="[81] /home/travis/build/icyphy/ptII/ptolemy/domains/de/test/auto/dynamicCausalityInterface1.xml (RunModel)" time="0.017" />
  <testcase classname="ptolemy.util.test.junit.AutoTests" name="[82] /home/travis/build/icyphy/ptII/ptolemy/domains/de/test/auto/fsm_de_test.xml (RunModel)" time="0.02" />
  <testcase classname="ptolemy.util.test.junit.AutoTests" name="[83] /home/travis/build/icyphy/ptII/ptolemy/domains/de/test/auto/functionDependencyReconstruction.xml (RunModel)" time="0.024" />
  <testcase classname="ptolemy.util.test.junit.AutoTests" name="[84] /home/travis/build/icyphy/ptII/ptolemy/domains/de/test/auto/multirate.xml (RunModel)" time="0.012" />
  <testcase classname="ptolemy.util.test.junit.AutoTests" name="[85] /home/travis/build/icyphy/ptII/ptolemy/domains/de/test/auto/multirate2.xml (RunModel)" time="0.014" />
  <testcase classname="ptolemy.util.test.junit.AutoTests" name="[86] /home/travis/build/icyphy/ptII/ptolemy/domains/de/test/auto/realtime.xml (RunModel)" time="10.008" />
  <testcase classname="ptolemy.util.test.junit.AutoTests" name="[87] /home/travis/build/icyphy/ptII/ptolemy/domains/de/test/auto/relationGroup.xml (RunModel)" time="0.018" />
  <testcase classname="ptolemy.util.test.junit.AutoTests" name="[88] /home/travis/build/icyphy/ptII/ptolemy/domains/de/test/auto/relationGroup2.xml (RunModel)" time="0.006" />
  <testcase classname="ptolemy.util.test.junit.AutoTests" name="[89] /home/travis/build/icyphy/ptII/ptolemy/domains/de/test/auto/sortWithOpaquePorts.xml (RunModel)" time="0.008" />
  <testcase classname="ptolemy.util.test.junit.AutoTests" name="[90] /home/travis/build/icyphy/ptII/ptolemy/domains/de/test/auto/transferInputsandOutputs.xml (RunModel)" time="0.016" />
  <testcase classname="ptolemy.util.test.junit.AutoTests" name="[91] /home/travis/build/icyphy/ptII/ptolemy/domains/de/test/auto/triggerType.xml (RunModel)" time="0.011" />
  <system-out><![CDATA[/home/travis/build/icyphy/ptII/ptolemy/domains/de/test/DependencyLoop.tcl
testDefs.tcl: setting time out to 9000 seconds at Mon Jan 20 06:45:02 UTC 2020
104 ms. Memory: 129024K Free: 79302K (61%)
24 ms. Memory: 129024K Free: 61879K (48%)
/home/travis/build/icyphy/ptII/ptolemy/domains/de/test/RunDETestsAsQSS.tcl
Run the DE tests using ptolemy.domains.qss.test.QSSDirectorTest, which extends QSSDirector and prints a message in the constructors.
------------------ testing $PTII/ptolemy/domains/de/test/auto/knownFailedTests/DirectFeedback.xml (Known Failure) 
62 ms. Memory: 129024K Free: 55750K (43%)


==== $PTIIhome/travis/build/icyphy/ptII/ptolemy/domains/de/test/../../../../: Auto Automatic test in file $PTII/ptolemy/domains/de/test/auto/knownFailedTests/DirectFeedback.xml
==== Contents of test case:

	    # FIXME: we should use $relativeFilename here, but it
	    # might have backslashes under Windows, which causes no end
	    # of trouble.
	    createAndExecute $file
	    list {}
	
.... Test generated KNOWN error:
    while executing
ptolemy.kernel.util.IllegalActionException: Test fails in iteration 1.
Value was: 1.0. Should have been: 2.0
  in .DirectFeedback.Test
	at ptolemy.actor.lib.Test.fire(Test.java:268)
	at ptolemy.domains.de.kernel.DEDirector._fire(DEDirector.java:1949)
	at ptolemy.domains.de.kernel.DEDirector.fire(DEDirector.java:502)
	at ptolemy.actor.CompositeActor.fire(CompositeActor.java:455)
	at ptolemy.actor.Manager.iterate(Manager.java:851)
	at ptolemy.actor.Manager.execute(Manager.java:369)
	at ptolemy.actor.Manager.run(Manager.java:1263)
	at ptolemy.actor.Manager$PtolemyRunThread.run(Manager.java:1933)

    while executing
ptolemy.kernel.util.IllegalActionException: Test fails in iteration 1.
Value was: 1.0. Should have been: 2.0
  in .DirectFeedback.Test
    while executing
"java::new ptolemy.moml.MoMLSimpleApplication $file
"
    (procedure "createAndExecute" line 2)
    invoked from within
"createAndExecute $file"
    ("uplevel" body line 5)
    invoked from within
"uplevel $contents_of_test"
------------------ testing $PTII/ptolemy/domains/de/test/auto/knownFailedTests/dependencyLoop.xml (Known Failure) 
19 ms. Memory: 129024K Free: 52678K (41%)


==== $PTIIhome/travis/build/icyphy/ptII/ptolemy/domains/de/test/../../../../: Auto Automatic test in file $PTII/ptolemy/domains/de/test/auto/knownFailedTests/dependencyLoop.xml
==== Contents of test case:

	    # FIXME: we should use $relativeFilename here, but it
	    # might have backslashes under Windows, which causes no end
	    # of trouble.
	    createAndExecute $file
	    list {}
	
.... Test generated KNOWN error:
    while executing
ptolemy.kernel.util.IllegalActionException: Found a zero delay loop containing .dependencyLoop.original
  in .dependencyLoop and .dependencyLoop.original
	at ptolemy.actor.util.CausalityInterfaceForComposites._computeOutputPortDepth(CausalityInterfaceForComposites.java:759)
	at ptolemy.actor.util.CausalityInterfaceForComposites._computeInputDepth(CausalityInterfaceForComposites.java:696)
	at ptolemy.actor.util.CausalityInterfaceForComposites._computeOutputPortDepth(CausalityInterfaceForComposites.java:765)
	at ptolemy.actor.util.CausalityInterfaceForComposites._computeInputDepth(CausalityInterfaceForComposites.java:696)
	at ptolemy.actor.util.CausalityInterfaceForComposites._computeOutputPortDepth(CausalityInterfaceForComposites.java:765)
	at ptolemy.actor.util.CausalityInterfaceForComposites._computeInputDepth(CausalityInterfaceForComposites.java:696)
	at ptolemy.actor.util.CausalityInterfaceForComposites._computeActorDepth(CausalityInterfaceForComposites.java:532)
	at ptolemy.actor.util.CausalityInterfaceForComposites.checkForCycles(CausalityInterfaceForComposites.java:96)
	at ptolemy.domains.de.kernel.DEDirector.preinitialize(DEDirector.java:1338)
	at ptolemy.actor.CompositeActor.preinitialize(CompositeActor.java:1828)
	at ptolemy.actor.Manager.preinitializeAndResolveTypes(Manager.java:1040)
	at ptolemy.actor.Manager.initialize(Manager.java:710)
	at ptolemy.actor.Manager.execute(Manager.java:356)
	at ptolemy.actor.Manager.run(Manager.java:1263)
	at ptolemy.actor.Manager$PtolemyRunThread.run(Manager.java:1933)

    while executing
ptolemy.kernel.util.IllegalActionException: Found a zero delay loop containing .dependencyLoop.original
  in .dependencyLoop and .dependencyLoop.original
    while executing
"java::new ptolemy.moml.MoMLSimpleApplication $file
"
    (procedure "createAndExecute" line 2)
    invoked from within
"createAndExecute $file"
    ("uplevel" body line 5)
    invoked from within
"uplevel $contents_of_test"
------------------ testing $PTII/ptolemy/domains/de/test/auto/knownFailedTests/FSMSource.xml (Known Failure) 
53 ms. Memory: 129024K Free: 110626K (86%)
!!!! Auto was marked as failing, but now passes
------------------ testing $PTII/ptolemy/domains/de/test/auto/knownFailedTests/HierarchicalModel.xml (Known Failure) 
15 ms. Memory: 129024K Free: 93194K (72%)


==== $PTIIhome/travis/build/icyphy/ptII/ptolemy/domains/de/test/../../../../: Auto Automatic test in file $PTII/ptolemy/domains/de/test/auto/knownFailedTests/HierarchicalModel.xml
==== Contents of test case:

	    # FIXME: we should use $relativeFilename here, but it
	    # might have backslashes under Windows, which causes no end
	    # of trouble.
	    createAndExecute $file
	    list {}
	
.... Test generated KNOWN error:
    while executing
ptolemy.kernel.util.IllegalActionException: Found a zero delay loop containing .HierarchicalModel.A
  in .HierarchicalModel and .HierarchicalModel.A
	at ptolemy.actor.util.CausalityInterfaceForComposites._computeOutputPortDepth(CausalityInterfaceForComposites.java:759)
	at ptolemy.actor.util.CausalityInterfaceForComposites._computeInputDepth(CausalityInterfaceForComposites.java:696)
	at ptolemy.actor.util.CausalityInterfaceForComposites._computeOutputPortDepth(CausalityInterfaceForComposites.java:765)
	at ptolemy.actor.util.CausalityInterfaceForComposites._computeInputDepth(CausalityInterfaceForComposites.java:696)
	at ptolemy.actor.util.CausalityInterfaceForComposites._computeOutputPortDepth(CausalityInterfaceForComposites.java:765)
	at ptolemy.actor.util.CausalityInterfaceForComposites._computeInputDepth(CausalityInterfaceForComposites.java:696)
	at ptolemy.actor.util.CausalityInterfaceForComposites._computeActorDepth(CausalityInterfaceForComposites.java:532)
	at ptolemy.actor.util.CausalityInterfaceForComposites.checkForCycles(CausalityInterfaceForComposites.java:96)
	at ptolemy.domains.de.kernel.DEDirector.preinitialize(DEDirector.java:1338)
	at ptolemy.actor.CompositeActor.preinitialize(CompositeActor.java:1828)
	at ptolemy.actor.Manager.preinitializeAndResolveTypes(Manager.java:1040)
	at ptolemy.actor.Manager.initialize(Manager.java:710)
	at ptolemy.actor.Manager.execute(Manager.java:356)
	at ptolemy.actor.Manager.run(Manager.java:1263)
	at ptolemy.actor.Manager$PtolemyRunThread.run(Manager.java:1933)

    while executing
ptolemy.kernel.util.IllegalActionException: Found a zero delay loop containing .HierarchicalModel.A
  in .HierarchicalModel and .HierarchicalModel.A
    while executing
"java::new ptolemy.moml.MoMLSimpleApplication $file
"
    (procedure "createAndExecute" line 2)
    invoked from within
"createAndExecute $file"
    ("uplevel" body line 5)
    invoked from within
"uplevel $contents_of_test"
------------------ testing $PTII/ptolemy/domains/de/test/auto/knownFailedTests/dependencyLoop2.xml (Known Failure) 
10 ms. Memory: 129024K Free: 76856K (60%)


==== $PTIIhome/travis/build/icyphy/ptII/ptolemy/domains/de/test/../../../../: Auto Automatic test in file $PTII/ptolemy/domains/de/test/auto/knownFailedTests/dependencyLoop2.xml
==== Contents of test case:

	    # FIXME: we should use $relativeFilename here, but it
	    # might have backslashes under Windows, which causes no end
	    # of trouble.
	    createAndExecute $file
	    list {}
	
.... Test generated KNOWN error:
    while executing
ptolemy.kernel.util.IllegalActionException: Found a zero delay loop containing .dependencyLoop2.original
  in .dependencyLoop2 and .dependencyLoop2.original
	at ptolemy.actor.util.CausalityInterfaceForComposites._computeOutputPortDepth(CausalityInterfaceForComposites.java:759)
	at ptolemy.actor.util.CausalityInterfaceForComposites._computeInputDepth(CausalityInterfaceForComposites.java:696)
	at ptolemy.actor.util.CausalityInterfaceForComposites._computeOutputPortDepth(CausalityInterfaceForComposites.java:765)
	at ptolemy.actor.util.CausalityInterfaceForComposites._computeInputDepth(CausalityInterfaceForComposites.java:696)
	at ptolemy.actor.util.CausalityInterfaceForComposites._computeOutputPortDepth(CausalityInterfaceForComposites.java:765)
	at ptolemy.actor.util.CausalityInterfaceForComposites._computeInputDepth(CausalityInterfaceForComposites.java:696)
	at ptolemy.actor.util.CausalityInterfaceForComposites._computeActorDepth(CausalityInterfaceForComposites.java:532)
	at ptolemy.actor.util.CausalityInterfaceForComposites.checkForCycles(CausalityInterfaceForComposites.java:96)
	at ptolemy.domains.de.kernel.DEDirector.preinitialize(DEDirector.java:1338)
	at ptolemy.actor.CompositeActor.preinitialize(CompositeActor.java:1828)
	at ptolemy.actor.Manager.preinitializeAndResolveTypes(Manager.java:1040)
	at ptolemy.actor.Manager.initialize(Manager.java:710)
	at ptolemy.actor.Manager.execute(Manager.java:356)
	at ptolemy.actor.Manager.run(Manager.java:1263)
	at ptolemy.actor.Manager$PtolemyRunThread.run(Manager.java:1933)

    while executing
ptolemy.kernel.util.IllegalActionException: Found a zero delay loop containing .dependencyLoop2.original
  in .dependencyLoop2 and .dependencyLoop2.original
    while executing
"java::new ptolemy.moml.MoMLSimpleApplication $file
"
    (procedure "createAndExecute" line 2)
    invoked from within
"createAndExecute $file"
    ("uplevel" body line 5)
    invoked from within
"uplevel $contents_of_test"
------------------ testing $PTII/ptolemy/domains/de/test/auto/knownFailedTests/DESDFClockTest.xml (Known Failure) 
2047 ms. Memory: 129024K Free: 108286K (84%)


==== $PTIIhome/travis/build/icyphy/ptII/ptolemy/domains/de/test/../../../../: Auto Automatic test in file $PTII/ptolemy/domains/de/test/auto/knownFailedTests/DESDFClockTest.xml
==== Contents of test case:

	    # FIXME: we should use $relativeFilename here, but it
	    # might have backslashes under Windows, which causes no end
	    # of trouble.
	    createAndExecute $file
	    list {}
	
.... Test generated KNOWN error:
    while executing
ptolemy.kernel.util.IllegalActionException: Actor is not ready to fire.  Perhaps UpSample.prefire() returned false? Try debugging the actor by selecting "Listen to Actor".  Also, for SDF check moml for tokenConsumptionRate on input.
  in .DESDFClockTest.Play Bell.Copy1:SDF Director and .DESDFClockTest.Play Bell.UpSample
	at ptolemy.actor.sched.StaticSchedulingDirector.fire(StaticSchedulingDirector.java:227)
	at ptolemy.domains.sdf.kernel.SDFDirector.fire(SDFDirector.java:500)
	at ptolemy.actor.CompositeActor.fire(CompositeActor.java:455)
	at ptolemy.domains.de.kernel.DEDirector._fire(DEDirector.java:1949)
	at ptolemy.domains.de.kernel.DEDirector.fire(DEDirector.java:502)
	at ptolemy.actor.CompositeActor.fire(CompositeActor.java:455)
	at ptolemy.actor.Manager.iterate(Manager.java:851)
	at ptolemy.actor.Manager.execute(Manager.java:369)
	at ptolemy.actor.Manager.run(Manager.java:1263)
	at ptolemy.actor.Manager$PtolemyRunThread.run(Manager.java:1933)

    while executing
ptolemy.kernel.util.IllegalActionException: Actor is not ready to fire.  Perhaps UpSample.prefire() returned false? Try debugging the actor by selecting "Listen to Actor".  Also, for SDF check moml for tokenConsumptionRate on input.
  in .DESDFClockTest.Play Bell.Copy1:SDF Director and .DESDFClockTest.Play Bell.UpSample
    while executing
"java::new ptolemy.moml.MoMLSimpleApplication $file
"
    (procedure "createAndExecute" line 2)
    invoked from within
"createAndExecute $file"
    ("uplevel" body line 5)
    invoked from within
"uplevel $contents_of_test"
------------------ testing $PTII/ptolemy/domains/de/test/auto/ActorDepthCalculation_actorWithoutPorts.xml
auto.tcl: Setting watchdog for 200 seconds at Mon Jan 20 06:45:06 UTC 2020
4 ms. Memory: 129024K Free: 101118K (78%)
ptolemy.util.test.WatchDog.cancel(): canceling Mon Jan 20 06:45:06 UTC 2020
auto.tcl: Setting watchdog for 200 seconds at Mon Jan 20 06:45:06 UTC 2020
4 ms. Memory: 129024K Free: 99566K (77%)
ptolemy.util.test.WatchDog.cancel(): canceling Mon Jan 20 06:45:06 UTC 2020
------------------ testing $PTII/ptolemy/domains/de/test/auto/AssemblyLine.xml
auto.tcl: Setting watchdog for 200 seconds at Mon Jan 20 06:45:07 UTC 2020
17 ms. Memory: 51200K Free: 28209K (55%)
ptolemy.util.test.WatchDog.cancel(): canceling Mon Jan 20 06:45:07 UTC 2020
auto.tcl: Setting watchdog for 200 seconds at Mon Jan 20 06:45:07 UTC 2020
26 ms. Memory: 51200K Free: 26773K (52%)
ptolemy.util.test.WatchDog.cancel(): canceling Mon Jan 20 06:45:07 UTC 2020
------------------ testing $PTII/ptolemy/domains/de/test/auto/CQBug1.xml
auto.tcl: Setting watchdog for 200 seconds at Mon Jan 20 06:45:07 UTC 2020
2 ms. Memory: 51200K Free: 33844K (66%)
ptolemy.util.test.WatchDog.cancel(): canceling Mon Jan 20 06:45:07 UTC 2020
auto.tcl: Setting watchdog for 200 seconds at Mon Jan 20 06:45:07 UTC 2020
1 ms. Memory: 51200K Free: 33375K (65%)
ptolemy.util.test.WatchDog.cancel(): canceling Mon Jan 20 06:45:07 UTC 2020
------------------ testing $PTII/ptolemy/domains/de/test/auto/CancelFireAt.xml
auto.tcl: Setting watchdog for 200 seconds at Mon Jan 20 06:45:07 UTC 2020
7 ms. Memory: 51200K Free: 33938K (66%)
ptolemy.util.test.WatchDog.cancel(): canceling Mon Jan 20 06:45:07 UTC 2020
auto.tcl: Setting watchdog for 200 seconds at Mon Jan 20 06:45:07 UTC 2020
3 ms. Memory: 51200K Free: 33938K (66%)
ptolemy.util.test.WatchDog.cancel(): canceling Mon Jan 20 06:45:07 UTC 2020
------------------ testing $PTII/ptolemy/domains/de/test/auto/CausalityAndComposabilityAnalysis.xml
auto.tcl: Setting watchdog for 200 seconds at Mon Jan 20 06:45:07 UTC 2020
5 ms. Memory: 48128K Free: 29383K (61%)
ptolemy.util.test.WatchDog.cancel(): canceling Mon Jan 20 06:45:07 UTC 2020
auto.tcl: Setting watchdog for 200 seconds at Mon Jan 20 06:45:07 UTC 2020
7 ms. Memory: 48128K Free: 28953K (60%)
ptolemy.util.test.WatchDog.cancel(): canceling Mon Jan 20 06:45:07 UTC 2020
------------------ testing $PTII/ptolemy/domains/de/test/auto/CausalityInterface1.xml
auto.tcl: Setting watchdog for 200 seconds at Mon Jan 20 06:45:07 UTC 2020
32 ms. Memory: 48128K Free: 28249K (59%)
ptolemy.util.test.WatchDog.cancel(): canceling Mon Jan 20 06:45:07 UTC 2020
auto.tcl: Setting watchdog for 200 seconds at Mon Jan 20 06:45:07 UTC 2020
4 ms. Memory: 48128K Free: 27389K (57%)
ptolemy.util.test.WatchDog.cancel(): canceling Mon Jan 20 06:45:07 UTC 2020
------------------ testing $PTII/ptolemy/domains/de/test/auto/CausalityInterface15.xml
auto.tcl: Setting watchdog for 200 seconds at Mon Jan 20 06:45:07 UTC 2020
13 ms. Memory: 48128K Free: 28016K (58%)
ptolemy.util.test.WatchDog.cancel(): canceling Mon Jan 20 06:45:07 UTC 2020
auto.tcl: Setting watchdog for 200 seconds at Mon Jan 20 06:45:07 UTC 2020
3 ms. Memory: 48128K Free: 27327K (57%)
ptolemy.util.test.WatchDog.cancel(): canceling Mon Jan 20 06:45:07 UTC 2020
------------------ testing $PTII/ptolemy/domains/de/test/auto/CausalityInterface2.xml
auto.tcl: Setting watchdog for 200 seconds at Mon Jan 20 06:45:07 UTC 2020
3 ms. Memory: 48128K Free: 29263K (61%)
ptolemy.util.test.WatchDog.cancel(): canceling Mon Jan 20 06:45:07 UTC 2020
auto.tcl: Setting watchdog for 200 seconds at Mon Jan 20 06:45:07 UTC 2020
2 ms. Memory: 48128K Free: 28345K (59%)
ptolemy.util.test.WatchDog.cancel(): canceling Mon Jan 20 06:45:07 UTC 2020
------------------ testing $PTII/ptolemy/domains/de/test/auto/CausalityInterface3.xml
auto.tcl: Setting watchdog for 200 seconds at Mon Jan 20 06:45:07 UTC 2020
4 ms. Memory: 48128K Free: 28555K (59%)
ptolemy.util.test.WatchDog.cancel(): canceling Mon Jan 20 06:45:07 UTC 2020
auto.tcl: Setting watchdog for 200 seconds at Mon Jan 20 06:45:07 UTC 2020
2 ms. Memory: 48128K Free: 27769K (58%)
ptolemy.util.test.WatchDog.cancel(): canceling Mon Jan 20 06:45:07 UTC 2020
------------------ testing $PTII/ptolemy/domains/de/test/auto/ClockDrift.xml
auto.tcl: Setting watchdog for 200 seconds at Mon Jan 20 06:45:07 UTC 2020
61 ms. Memory: 48128K Free: 21139K (44%)
ptolemy.util.test.WatchDog.cancel(): canceling Mon Jan 20 06:45:07 UTC 2020
auto.tcl: Setting watchdog for 200 seconds at Mon Jan 20 06:45:07 UTC 2020
51 ms. Memory: 48128K Free: 18126K (38%)
ptolemy.util.test.WatchDog.cancel(): canceling Mon Jan 20 06:45:07 UTC 2020
------------------ testing $PTII/ptolemy/domains/de/test/auto/ClockDriftAndValueChange.xml
auto.tcl: Setting watchdog for 200 seconds at Mon Jan 20 06:45:07 UTC 2020
40 ms. Memory: 48128K Free: 21221K (44%)
ptolemy.util.test.WatchDog.cancel(): canceling Mon Jan 20 06:45:08 UTC 2020
auto.tcl: Setting watchdog for 200 seconds at Mon Jan 20 06:45:08 UTC 2020
21 ms. Memory: 48128K Free: 18387K (38%)
ptolemy.util.test.WatchDog.cancel(): canceling Mon Jan 20 06:45:08 UTC 2020
------------------ testing $PTII/ptolemy/domains/de/test/auto/ClockDriftChange.xml
auto.tcl: Setting watchdog for 200 seconds at Mon Jan 20 06:45:08 UTC 2020
23 ms. Memory: 48128K Free: 23259K (48%)
ptolemy.util.test.WatchDog.cancel(): canceling Mon Jan 20 06:45:08 UTC 2020
auto.tcl: Setting watchdog for 200 seconds at Mon Jan 20 06:45:08 UTC 2020
27 ms. Memory: 48128K Free: 20682K (43%)
ptolemy.util.test.WatchDog.cancel(): canceling Mon Jan 20 06:45:08 UTC 2020
------------------ testing $PTII/ptolemy/domains/de/test/auto/ComposableCausalityAnalysis.xml
auto.tcl: Setting watchdog for 200 seconds at Mon Jan 20 06:45:08 UTC 2020
2 ms. Memory: 48128K Free: 27893K (58%)
ptolemy.util.test.WatchDog.cancel(): canceling Mon Jan 20 06:45:08 UTC 2020
auto.tcl: Setting watchdog for 200 seconds at Mon Jan 20 06:45:08 UTC 2020
4 ms. Memory: 48128K Free: 26856K (56%)
ptolemy.util.test.WatchDog.cancel(): canceling Mon Jan 20 06:45:08 UTC 2020
------------------ testing $PTII/ptolemy/domains/de/test/auto/DEFixedPointLimitation.xml
auto.tcl: Setting watchdog for 200 seconds at Mon Jan 20 06:45:08 UTC 2020
1 ms. Memory: 48128K Free: 29264K (61%)
ptolemy.util.test.WatchDog.cancel(): canceling Mon Jan 20 06:45:08 UTC 2020
auto.tcl: Setting watchdog for 200 seconds at Mon Jan 20 06:45:08 UTC 2020
2 ms. Memory: 48128K Free: 28339K (59%)
ptolemy.util.test.WatchDog.cancel(): canceling Mon Jan 20 06:45:08 UTC 2020
------------------ testing $PTII/ptolemy/domains/de/test/auto/DEScheduleTest.xml
auto.tcl: Setting watchdog for 200 seconds at Mon Jan 20 06:45:08 UTC 2020
4 ms. Memory: 48128K Free: 29556K (61%)
ptolemy.util.test.WatchDog.cancel(): canceling Mon Jan 20 06:45:08 UTC 2020
auto.tcl: Setting watchdog for 200 seconds at Mon Jan 20 06:45:08 UTC 2020
3 ms. Memory: 48128K Free: 28770K (60%)
ptolemy.util.test.WatchDog.cancel(): canceling Mon Jan 20 06:45:08 UTC 2020
------------------ testing $PTII/ptolemy/domains/de/test/auto/DEinDEwithStartTimes.xml
auto.tcl: Setting watchdog for 200 seconds at Mon Jan 20 06:45:08 UTC 2020
8 ms. Memory: 48128K Free: 27730K (58%)
ptolemy.util.test.WatchDog.cancel(): canceling Mon Jan 20 06:45:08 UTC 2020
auto.tcl: Setting watchdog for 200 seconds at Mon Jan 20 06:45:08 UTC 2020
3 ms. Memory: 48128K Free: 26673K (55%)
ptolemy.util.test.WatchDog.cancel(): canceling Mon Jan 20 06:45:08 UTC 2020
------------------ testing $PTII/ptolemy/domains/de/test/auto/DEinDEwithStartTimes2.xml
auto.tcl: Setting watchdog for 200 seconds at Mon Jan 20 06:45:08 UTC 2020
7 ms. Memory: 48128K Free: 26937K (56%)
ptolemy.util.test.WatchDog.cancel(): canceling Mon Jan 20 06:45:08 UTC 2020
auto.tcl: Setting watchdog for 200 seconds at Mon Jan 20 06:45:08 UTC 2020
6 ms. Memory: 48128K Free: 25628K (53%)
ptolemy.util.test.WatchDog.cancel(): canceling Mon Jan 20 06:45:08 UTC 2020
------------------ testing $PTII/ptolemy/domains/de/test/auto/DateDemo.xml
auto.tcl: Setting watchdog for 200 seconds at Mon Jan 20 06:45:08 UTC 2020
25 ms. Memory: 48128K Free: 21269K (44%)
ptolemy.util.test.WatchDog.cancel(): canceling Mon Jan 20 06:45:08 UTC 2020
auto.tcl: Setting watchdog for 200 seconds at Mon Jan 20 06:45:08 UTC 2020
9 ms. Memory: 48128K Free: 19677K (41%)
ptolemy.util.test.WatchDog.cancel(): canceling Mon Jan 20 06:45:08 UTC 2020
------------------ testing $PTII/ptolemy/domains/de/test/auto/DateToEvent.xml
auto.tcl: Setting watchdog for 200 seconds at Mon Jan 20 06:45:08 UTC 2020
2008 ms. Memory: 48128K Free: 17192K (36%)
ptolemy.util.test.WatchDog.cancel(): canceling Mon Jan 20 06:45:10 UTC 2020
auto.tcl: Setting watchdog for 200 seconds at Mon Jan 20 06:45:10 UTC 2020
2004 ms. Memory: 48128K Free: 16416K (34%)
ptolemy.util.test.WatchDog.cancel(): canceling Mon Jan 20 06:45:12 UTC 2020
------------------ testing $PTII/ptolemy/domains/de/test/auto/DepthTest1.xml
auto.tcl: Setting watchdog for 200 seconds at Mon Jan 20 06:45:12 UTC 2020
2 ms. Memory: 48128K Free: 29849K (62%)
ptolemy.util.test.WatchDog.cancel(): canceling Mon Jan 20 06:45:12 UTC 2020
auto.tcl: Setting watchdog for 200 seconds at Mon Jan 20 06:45:12 UTC 2020
2 ms. Memory: 48128K Free: 29421K (61%)
ptolemy.util.test.WatchDog.cancel(): canceling Mon Jan 20 06:45:12 UTC 2020
------------------ testing $PTII/ptolemy/domains/de/test/auto/DepthTest2.xml
auto.tcl: Setting watchdog for 200 seconds at Mon Jan 20 06:45:12 UTC 2020
7 ms. Memory: 48128K Free: 27206K (57%)
ptolemy.util.test.WatchDog.cancel(): canceling Mon Jan 20 06:45:12 UTC 2020
auto.tcl: Setting watchdog for 200 seconds at Mon Jan 20 06:45:12 UTC 2020
2 ms. Memory: 48128K Free: 26785K (56%)
ptolemy.util.test.WatchDog.cancel(): canceling Mon Jan 20 06:45:12 UTC 2020
------------------ testing $PTII/ptolemy/domains/de/test/auto/DepthTest3.xml
auto.tcl: Setting watchdog for 200 seconds at Mon Jan 20 06:45:12 UTC 2020
2 ms. Memory: 48128K Free: 30669K (64%)
ptolemy.util.test.WatchDog.cancel(): canceling Mon Jan 20 06:45:12 UTC 2020
auto.tcl: Setting watchdog for 200 seconds at Mon Jan 20 06:45:12 UTC 2020
1 ms. Memory: 48128K Free: 30248K (63%)
ptolemy.util.test.WatchDog.cancel(): canceling Mon Jan 20 06:45:12 UTC 2020
------------------ testing $PTII/ptolemy/domains/de/test/auto/DepthTest4.xml
auto.tcl: Setting watchdog for 200 seconds at Mon Jan 20 06:45:13 UTC 2020
3 ms. Memory: 48128K Free: 29019K (60%)
ptolemy.util.test.WatchDog.cancel(): canceling Mon Jan 20 06:45:13 UTC 2020
auto.tcl: Setting watchdog for 200 seconds at Mon Jan 20 06:45:13 UTC 2020
2 ms. Memory: 48128K Free: 28275K (59%)
ptolemy.util.test.WatchDog.cancel(): canceling Mon Jan 20 06:45:13 UTC 2020
------------------ testing $PTII/ptolemy/domains/de/test/auto/DepthTest5.xml
auto.tcl: Setting watchdog for 200 seconds at Mon Jan 20 06:45:13 UTC 2020
5 ms. Memory: 48128K Free: 28416K (59%)
ptolemy.util.test.WatchDog.cancel(): canceling Mon Jan 20 06:45:13 UTC 2020
auto.tcl: Setting watchdog for 200 seconds at Mon Jan 20 06:45:13 UTC 2020
3 ms. Memory: 48128K Free: 27629K (57%)
ptolemy.util.test.WatchDog.cancel(): canceling Mon Jan 20 06:45:13 UTC 2020
------------------ testing $PTII/ptolemy/domains/de/test/auto/DepthTest6.xml
auto.tcl: Setting watchdog for 200 seconds at Mon Jan 20 06:45:13 UTC 2020
4 ms. Memory: 48128K Free: 28104K (58%)
ptolemy.util.test.WatchDog.cancel(): canceling Mon Jan 20 06:45:13 UTC 2020
auto.tcl: Setting watchdog for 200 seconds at Mon Jan 20 06:45:13 UTC 2020
3 ms. Memory: 48128K Free: 27683K (58%)
ptolemy.util.test.WatchDog.cancel(): canceling Mon Jan 20 06:45:13 UTC 2020
------------------ testing $PTII/ptolemy/domains/de/test/auto/DepthTest7.xml
auto.tcl: Setting watchdog for 200 seconds at Mon Jan 20 06:45:13 UTC 2020
2 ms. Memory: 48128K Free: 28944K (60%)
ptolemy.util.test.WatchDog.cancel(): canceling Mon Jan 20 06:45:13 UTC 2020
auto.tcl: Setting watchdog for 200 seconds at Mon Jan 20 06:45:13 UTC 2020
2 ms. Memory: 48128K Free: 28221K (59%)
ptolemy.util.test.WatchDog.cancel(): canceling Mon Jan 20 06:45:13 UTC 2020
------------------ testing $PTII/ptolemy/domains/de/test/auto/EventToDate.xml
auto.tcl: Setting watchdog for 200 seconds at Mon Jan 20 06:45:13 UTC 2020
3006 ms. Memory: 48128K Free: 19513K (41%)
ptolemy.util.test.WatchDog.cancel(): canceling Mon Jan 20 06:45:16 UTC 2020
auto.tcl: Setting watchdog for 200 seconds at Mon Jan 20 06:45:16 UTC 2020
3004 ms. Memory: 48128K Free: 19004K (39%)
ptolemy.util.test.WatchDog.cancel(): canceling Mon Jan 20 06:45:19 UTC 2020
------------------ testing $PTII/ptolemy/domains/de/test/auto/FSM1.xml
auto.tcl: Setting watchdog for 200 seconds at Mon Jan 20 06:45:19 UTC 2020
27 ms. Memory: 48128K Free: 20946K (44%)
ptolemy.util.test.WatchDog.cancel(): canceling Mon Jan 20 06:45:19 UTC 2020
auto.tcl: Setting watchdog for 200 seconds at Mon Jan 20 06:45:19 UTC 2020
20 ms. Memory: 48128K Free: 17708K (37%)
ptolemy.util.test.WatchDog.cancel(): canceling Mon Jan 20 06:45:19 UTC 2020
------------------ testing $PTII/ptolemy/domains/de/test/auto/FSM7.xml
auto.tcl: Setting watchdog for 200 seconds at Mon Jan 20 06:45:19 UTC 2020
22 ms. Memory: 48128K Free: 20637K (43%)
ptolemy.util.test.WatchDog.cancel(): canceling Mon Jan 20 06:45:19 UTC 2020
auto.tcl: Setting watchdog for 200 seconds at Mon Jan 20 06:45:19 UTC 2020
20 ms. Memory: 48128K Free: 17514K (36%)
ptolemy.util.test.WatchDog.cancel(): canceling Mon Jan 20 06:45:19 UTC 2020
------------------ testing $PTII/ptolemy/domains/de/test/auto/Inspection.xml
auto.tcl: Setting watchdog for 200 seconds at Mon Jan 20 06:45:19 UTC 2020
26 ms. Memory: 48128K Free: 20685K (43%)
ptolemy.util.test.WatchDog.cancel(): canceling Mon Jan 20 06:45:19 UTC 2020
auto.tcl: Setting watchdog for 200 seconds at Mon Jan 20 06:45:19 UTC 2020
26 ms. Memory: 48128K Free: 18946K (39%)
ptolemy.util.test.WatchDog.cancel(): canceling Mon Jan 20 06:45:19 UTC 2020
------------------ testing $PTII/ptolemy/domains/de/test/auto/Iteration.xml
auto.tcl: Setting watchdog for 200 seconds at Mon Jan 20 06:45:19 UTC 2020
8 ms. Memory: 48128K Free: 26397K (55%)
ptolemy.util.test.WatchDog.cancel(): canceling Mon Jan 20 06:45:19 UTC 2020
auto.tcl: Setting watchdog for 200 seconds at Mon Jan 20 06:45:19 UTC 2020
8 ms. Memory: 48128K Free: 25373K (53%)
ptolemy.util.test.WatchDog.cancel(): canceling Mon Jan 20 06:45:19 UTC 2020
------------------ testing $PTII/ptolemy/domains/de/test/auto/LineFault.xml
auto.tcl: Setting watchdog for 200 seconds at Mon Jan 20 06:45:19 UTC 2020
683 ms. Memory: 48128K Free: 18628K (39%)
ptolemy.util.test.WatchDog.cancel(): canceling Mon Jan 20 06:45:20 UTC 2020
auto.tcl: Setting watchdog for 200 seconds at Mon Jan 20 06:45:20 UTC 2020
667 ms. Memory: 58368K Free: 37452K (64%)
ptolemy.util.test.WatchDog.cancel(): canceling Mon Jan 20 06:45:21 UTC 2020
------------------ testing $PTII/ptolemy/domains/de/test/auto/MergeModel1Add.xml
auto.tcl: Setting watchdog for 200 seconds at Mon Jan 20 06:45:21 UTC 2020
19 ms. Memory: 58368K Free: 22622K (39%)
ptolemy.util.test.WatchDog.cancel(): canceling Mon Jan 20 06:45:21 UTC 2020
auto.tcl: Setting watchdog for 200 seconds at Mon Jan 20 06:45:21 UTC 2020
11 ms. Memory: 58368K Free: 20964K (36%)
ptolemy.util.test.WatchDog.cancel(): canceling Mon Jan 20 06:45:21 UTC 2020
------------------ testing $PTII/ptolemy/domains/de/test/auto/MergeModel2Add.xml
auto.tcl: Setting watchdog for 200 seconds at Mon Jan 20 06:45:21 UTC 2020
10 ms. Memory: 51200K Free: 17290K (34%)
ptolemy.util.test.WatchDog.cancel(): canceling Mon Jan 20 06:45:21 UTC 2020
auto.tcl: Setting watchdog for 200 seconds at Mon Jan 20 06:45:21 UTC 2020
9 ms. Memory: 51200K Free: 15565K (30%)
ptolemy.util.test.WatchDog.cancel(): canceling Mon Jan 20 06:45:21 UTC 2020
------------------ testing $PTII/ptolemy/domains/de/test/auto/MergeModel3Add.xml
auto.tcl: Setting watchdog for 200 seconds at Mon Jan 20 06:45:21 UTC 2020
10 ms. Memory: 51200K Free: 17512K (34%)
ptolemy.util.test.WatchDog.cancel(): canceling Mon Jan 20 06:45:21 UTC 2020
auto.tcl: Setting watchdog for 200 seconds at Mon Jan 20 06:45:21 UTC 2020
7 ms. Memory: 51200K Free: 15991K (31%)
ptolemy.util.test.WatchDog.cancel(): canceling Mon Jan 20 06:45:21 UTC 2020
------------------ testing $PTII/ptolemy/domains/de/test/auto/MergeWithoutDiscard.xml
auto.tcl: Setting watchdog for 200 seconds at Mon Jan 20 06:45:21 UTC 2020
1 ms. Memory: 51200K Free: 31879K (62%)
ptolemy.util.test.WatchDog.cancel(): canceling Mon Jan 20 06:45:21 UTC 2020
auto.tcl: Setting watchdog for 200 seconds at Mon Jan 20 06:45:21 UTC 2020
1 ms. Memory: 51200K Free: 31432K (61%)
ptolemy.util.test.WatchDog.cancel(): canceling Mon Jan 20 06:45:21 UTC 2020
------------------ testing $PTII/ptolemy/domains/de/test/auto/Modal1.xml
auto.tcl: Setting watchdog for 200 seconds at Mon Jan 20 06:45:21 UTC 2020
16 ms. Memory: 51200K Free: 24254K (47%)
ptolemy.util.test.WatchDog.cancel(): canceling Mon Jan 20 06:45:21 UTC 2020
auto.tcl: Setting watchdog for 200 seconds at Mon Jan 20 06:45:21 UTC 2020
20 ms. Memory: 51200K Free: 20973K (41%)
ptolemy.util.test.WatchDog.cancel(): canceling Mon Jan 20 06:45:22 UTC 2020
------------------ testing $PTII/ptolemy/domains/de/test/auto/Modal2.xml
auto.tcl: Setting watchdog for 200 seconds at Mon Jan 20 06:45:22 UTC 2020
19 ms. Memory: 51200K Free: 24131K (47%)
ptolemy.util.test.WatchDog.cancel(): canceling Mon Jan 20 06:45:22 UTC 2020
auto.tcl: Setting watchdog for 200 seconds at Mon Jan 20 06:45:22 UTC 2020
13 ms. Memory: 51200K Free: 20898K (41%)
ptolemy.util.test.WatchDog.cancel(): canceling Mon Jan 20 06:45:22 UTC 2020
------------------ testing $PTII/ptolemy/domains/de/test/auto/Modal3.xml
auto.tcl: Setting watchdog for 200 seconds at Mon Jan 20 06:45:22 UTC 2020
9 ms. Memory: 51200K Free: 24100K (47%)
ptolemy.util.test.WatchDog.cancel(): canceling Mon Jan 20 06:45:22 UTC 2020
auto.tcl: Setting watchdog for 200 seconds at Mon Jan 20 06:45:22 UTC 2020
10 ms. Memory: 51200K Free: 20512K (40%)
ptolemy.util.test.WatchDog.cancel(): canceling Mon Jan 20 06:45:22 UTC 2020
------------------ testing $PTII/ptolemy/domains/de/test/auto/Modal4.xml
auto.tcl: Setting watchdog for 200 seconds at Mon Jan 20 06:45:22 UTC 2020
16 ms. Memory: 51200K Free: 23072K (45%)
ptolemy.util.test.WatchDog.cancel(): canceling Mon Jan 20 06:45:22 UTC 2020
auto.tcl: Setting watchdog for 200 seconds at Mon Jan 20 06:45:22 UTC 2020
16 ms. Memory: 51200K Free: 19244K (38%)
ptolemy.util.test.WatchDog.cancel(): canceling Mon Jan 20 06:45:22 UTC 2020
------------------ testing $PTII/ptolemy/domains/de/test/auto/Modal5.xml
auto.tcl: Setting watchdog for 200 seconds at Mon Jan 20 06:45:22 UTC 2020
11 ms. Memory: 51200K Free: 23075K (45%)
ptolemy.util.test.WatchDog.cancel(): canceling Mon Jan 20 06:45:22 UTC 2020
auto.tcl: Setting watchdog for 200 seconds at Mon Jan 20 06:45:22 UTC 2020
13 ms. Memory: 51200K Free: 19231K (38%)
ptolemy.util.test.WatchDog.cancel(): canceling Mon Jan 20 06:45:22 UTC 2020
------------------ testing $PTII/ptolemy/domains/de/test/auto/Modal6.xml
auto.tcl: Setting watchdog for 200 seconds at Mon Jan 20 06:45:22 UTC 2020
17 ms. Memory: 51200K Free: 23830K (47%)
ptolemy.util.test.WatchDog.cancel(): canceling Mon Jan 20 06:45:22 UTC 2020
auto.tcl: Setting watchdog for 200 seconds at Mon Jan 20 06:45:22 UTC 2020
15 ms. Memory: 51200K Free: 19894K (39%)
ptolemy.util.test.WatchDog.cancel(): canceling Mon Jan 20 06:45:22 UTC 2020
------------------ testing $PTII/ptolemy/domains/de/test/auto/Modal7.xml
auto.tcl: Setting watchdog for 200 seconds at Mon Jan 20 06:45:22 UTC 2020
10 ms. Memory: 51200K Free: 22823K (45%)
ptolemy.util.test.WatchDog.cancel(): canceling Mon Jan 20 06:45:22 UTC 2020
auto.tcl: Setting watchdog for 200 seconds at Mon Jan 20 06:45:22 UTC 2020
11 ms. Memory: 51200K Free: 19230K (38%)
ptolemy.util.test.WatchDog.cancel(): canceling Mon Jan 20 06:45:22 UTC 2020
------------------ testing $PTII/ptolemy/domains/de/test/auto/ModalModel.xml
auto.tcl: Setting watchdog for 200 seconds at Mon Jan 20 06:45:22 UTC 2020
208 ms. Memory: 51200K Free: 13373K (26%)
ptolemy.util.test.WatchDog.cancel(): canceling Mon Jan 20 06:45:22 UTC 2020
auto.tcl: Setting watchdog for 200 seconds at Mon Jan 20 06:45:22 UTC 2020
237 ms. Memory: 61440K Free: 45079K (73%)
ptolemy.util.test.WatchDog.cancel(): canceling Mon Jan 20 06:45:23 UTC 2020
------------------ testing $PTII/ptolemy/domains/de/test/auto/ModalSource.xml
auto.tcl: Setting watchdog for 200 seconds at Mon Jan 20 06:45:23 UTC 2020
6 ms. Memory: 51200K Free: 27904K (55%)
ptolemy.util.test.WatchDog.cancel(): canceling Mon Jan 20 06:45:23 UTC 2020
auto.tcl: Setting watchdog for 200 seconds at Mon Jan 20 06:45:23 UTC 2020
6 ms. Memory: 51200K Free: 25856K (51%)
ptolemy.util.test.WatchDog.cancel(): canceling Mon Jan 20 06:45:23 UTC 2020
------------------ testing $PTII/ptolemy/domains/de/test/auto/NonInterruptibleTimerZeroDelay.xml
auto.tcl: Setting watchdog for 200 seconds at Mon Jan 20 06:45:23 UTC 2020
3 ms. Memory: 51200K Free: 33104K (65%)
ptolemy.util.test.WatchDog.cancel(): canceling Mon Jan 20 06:45:23 UTC 2020
auto.tcl: Setting watchdog for 200 seconds at Mon Jan 20 06:45:23 UTC 2020
2 ms. Memory: 51200K Free: 32198K (63%)
ptolemy.util.test.WatchDog.cancel(): canceling Mon Jan 20 06:45:23 UTC 2020
------------------ testing $PTII/ptolemy/domains/de/test/auto/OpenQueueingNetwork.xml
auto.tcl: Setting watchdog for 200 seconds at Mon Jan 20 06:45:23 UTC 2020
3224 ms. Memory: 120832K Free: 43822K (36%)
ptolemy.util.test.WatchDog.cancel(): canceling Mon Jan 20 06:45:26 UTC 2020
auto.tcl: Setting watchdog for 200 seconds at Mon Jan 20 06:45:26 UTC 2020
2449 ms. Memory: 145408K Free: 49875K (34%)
ptolemy.util.test.WatchDog.cancel(): canceling Mon Jan 20 06:45:29 UTC 2020
------------------ testing $PTII/ptolemy/domains/de/test/auto/OpenQueuingNetwork.xml
auto.tcl: Setting watchdog for 200 seconds at Mon Jan 20 06:45:29 UTC 2020
277 ms. Memory: 58368K Free: 32023K (55%)
ptolemy.util.test.WatchDog.cancel(): canceling Mon Jan 20 06:45:29 UTC 2020
auto.tcl: Setting watchdog for 200 seconds at Mon Jan 20 06:45:29 UTC 2020
240 ms. Memory: 58368K Free: 13522K (23%)
ptolemy.util.test.WatchDog.cancel(): canceling Mon Jan 20 06:45:29 UTC 2020
------------------ testing $PTII/ptolemy/domains/de/test/auto/PeriodicSampler.xml
auto.tcl: Setting watchdog for 200 seconds at Mon Jan 20 06:45:29 UTC 2020
3 ms. Memory: 51200K Free: 32034K (63%)
ptolemy.util.test.WatchDog.cancel(): canceling Mon Jan 20 06:45:29 UTC 2020
auto.tcl: Setting watchdog for 200 seconds at Mon Jan 20 06:45:29 UTC 2020
1 ms. Memory: 51200K Free: 31506K (62%)
ptolemy.util.test.WatchDog.cancel(): canceling Mon Jan 20 06:45:29 UTC 2020
------------------ testing $PTII/ptolemy/domains/de/test/auto/PersistentIO.xml
auto.tcl: Setting watchdog for 200 seconds at Mon Jan 20 06:45:29 UTC 2020
14 ms. Memory: 51200K Free: 26959K (53%)
ptolemy.util.test.WatchDog.cancel(): canceling Mon Jan 20 06:45:29 UTC 2020
auto.tcl: Setting watchdog for 200 seconds at Mon Jan 20 06:45:29 UTC 2020
3 ms. Memory: 51200K Free: 25443K (50%)
ptolemy.util.test.WatchDog.cancel(): canceling Mon Jan 20 06:45:29 UTC 2020
------------------ testing $PTII/ptolemy/domains/de/test/auto/PortParameterResetOnInitialize.xml
auto.tcl: Setting watchdog for 200 seconds at Mon Jan 20 06:45:29 UTC 2020
7 ms. Memory: 51200K Free: 31942K (62%)
ptolemy.util.test.WatchDog.cancel(): canceling Mon Jan 20 06:45:29 UTC 2020
auto.tcl: Setting watchdog for 200 seconds at Mon Jan 20 06:45:29 UTC 2020
2 ms. Memory: 51200K Free: 31446K (61%)
ptolemy.util.test.WatchDog.cancel(): canceling Mon Jan 20 06:45:29 UTC 2020
------------------ testing $PTII/ptolemy/domains/de/test/auto/PortParameterUpdates.xml
auto.tcl: Setting watchdog for 200 seconds at Mon Jan 20 06:45:29 UTC 2020
4 ms. Memory: 51200K Free: 30027K (59%)
ptolemy.util.test.WatchDog.cancel(): canceling Mon Jan 20 06:45:29 UTC 2020
auto.tcl: Setting watchdog for 200 seconds at Mon Jan 20 06:45:29 UTC 2020
4 ms. Memory: 51200K Free: 29019K (57%)
ptolemy.util.test.WatchDog.cancel(): canceling Mon Jan 20 06:45:29 UTC 2020
------------------ testing $PTII/ptolemy/domains/de/test/auto/QueueAndServer.xml
auto.tcl: Setting watchdog for 200 seconds at Mon Jan 20 06:45:30 UTC 2020
18 ms. Memory: 51200K Free: 28919K (56%)
ptolemy.util.test.WatchDog.cancel(): canceling Mon Jan 20 06:45:30 UTC 2020
auto.tcl: Setting watchdog for 200 seconds at Mon Jan 20 06:45:30 UTC 2020
8 ms. Memory: 51200K Free: 27446K (54%)
ptolemy.util.test.WatchDog.cancel(): canceling Mon Jan 20 06:45:30 UTC 2020
------------------ testing $PTII/ptolemy/domains/de/test/auto/Records.xml
auto.tcl: Setting watchdog for 200 seconds at Mon Jan 20 06:45:30 UTC 2020
3 ms. Memory: 51200K Free: 31199K (61%)
ptolemy.util.test.WatchDog.cancel(): canceling Mon Jan 20 06:45:30 UTC 2020
auto.tcl: Setting watchdog for 200 seconds at Mon Jan 20 06:45:30 UTC 2020
2 ms. Memory: 51200K Free: 30695K (60%)
ptolemy.util.test.WatchDog.cancel(): canceling Mon Jan 20 06:45:30 UTC 2020
------------------ testing $PTII/ptolemy/domains/de/test/auto/ResetTransitionWithStartTime1.xml
auto.tcl: Setting watchdog for 200 seconds at Mon Jan 20 06:45:30 UTC 2020
6 ms. Memory: 51200K Free: 28442K (56%)
ptolemy.util.test.WatchDog.cancel(): canceling Mon Jan 20 06:45:30 UTC 2020
auto.tcl: Setting watchdog for 200 seconds at Mon Jan 20 06:45:30 UTC 2020
6 ms. Memory: 51200K Free: 26399K (52%)
ptolemy.util.test.WatchDog.cancel(): canceling Mon Jan 20 06:45:30 UTC 2020
------------------ testing $PTII/ptolemy/domains/de/test/auto/ResetTransitionWithStartTime2.xml
auto.tcl: Setting watchdog for 200 seconds at Mon Jan 20 06:45:30 UTC 2020
5 ms. Memory: 51200K Free: 28397K (55%)
ptolemy.util.test.WatchDog.cancel(): canceling Mon Jan 20 06:45:30 UTC 2020
auto.tcl: Setting watchdog for 200 seconds at Mon Jan 20 06:45:30 UTC 2020
3 ms. Memory: 51200K Free: 26368K (52%)
ptolemy.util.test.WatchDog.cancel(): canceling Mon Jan 20 06:45:30 UTC 2020
------------------ testing $PTII/ptolemy/domains/de/test/auto/ResetTransitionWithStartTime3.xml
auto.tcl: Setting watchdog for 200 seconds at Mon Jan 20 06:45:30 UTC 2020
10 ms. Memory: 51200K Free: 28396K (55%)
ptolemy.util.test.WatchDog.cancel(): canceling Mon Jan 20 06:45:30 UTC 2020
auto.tcl: Setting watchdog for 200 seconds at Mon Jan 20 06:45:30 UTC 2020
4 ms. Memory: 51200K Free: 26348K (51%)
ptolemy.util.test.WatchDog.cancel(): canceling Mon Jan 20 06:45:30 UTC 2020
------------------ testing $PTII/ptolemy/domains/de/test/auto/ResetTransitionWithStartTime4.xml
auto.tcl: Setting watchdog for 200 seconds at Mon Jan 20 06:45:30 UTC 2020
7 ms. Memory: 51200K Free: 28843K (56%)
ptolemy.util.test.WatchDog.cancel(): canceling Mon Jan 20 06:45:30 UTC 2020
auto.tcl: Setting watchdog for 200 seconds at Mon Jan 20 06:45:30 UTC 2020
2 ms. Memory: 51200K Free: 27375K (53%)
ptolemy.util.test.WatchDog.cancel(): canceling Mon Jan 20 06:45:30 UTC 2020
------------------ testing $PTII/ptolemy/domains/de/test/auto/ResettableTimer1.xml
auto.tcl: Setting watchdog for 200 seconds at Mon Jan 20 06:45:30 UTC 2020
3 ms. Memory: 51200K Free: 32572K (64%)
ptolemy.util.test.WatchDog.cancel(): canceling Mon Jan 20 06:45:30 UTC 2020
auto.tcl: Setting watchdog for 200 seconds at Mon Jan 20 06:45:30 UTC 2020
2 ms. Memory: 51200K Free: 31959K (62%)
ptolemy.util.test.WatchDog.cancel(): canceling Mon Jan 20 06:45:30 UTC 2020
------------------ testing $PTII/ptolemy/domains/de/test/auto/ResettableTimer2.xml
auto.tcl: Setting watchdog for 200 seconds at Mon Jan 20 06:45:30 UTC 2020
3 ms. Memory: 51200K Free: 32529K (64%)
ptolemy.util.test.WatchDog.cancel(): canceling Mon Jan 20 06:45:30 UTC 2020
auto.tcl: Setting watchdog for 200 seconds at Mon Jan 20 06:45:30 UTC 2020
2 ms. Memory: 51200K Free: 31505K (62%)
ptolemy.util.test.WatchDog.cancel(): canceling Mon Jan 20 06:45:30 UTC 2020
------------------ testing $PTII/ptolemy/domains/de/test/auto/ResettableTimer3.xml
auto.tcl: Setting watchdog for 200 seconds at Mon Jan 20 06:45:30 UTC 2020
1 ms. Memory: 51200K Free: 32529K (64%)
ptolemy.util.test.WatchDog.cancel(): canceling Mon Jan 20 06:45:30 UTC 2020
auto.tcl: Setting watchdog for 200 seconds at Mon Jan 20 06:45:30 UTC 2020
1 ms. Memory: 51200K Free: 32529K (64%)
ptolemy.util.test.WatchDog.cancel(): canceling Mon Jan 20 06:45:30 UTC 2020
------------------ testing $PTII/ptolemy/domains/de/test/auto/ResettableTimer4.xml
auto.tcl: Setting watchdog for 200 seconds at Mon Jan 20 06:45:30 UTC 2020
2 ms. Memory: 51200K Free: 32542K (64%)
ptolemy.util.test.WatchDog.cancel(): canceling Mon Jan 20 06:45:30 UTC 2020
auto.tcl: Setting watchdog for 200 seconds at Mon Jan 20 06:45:30 UTC 2020
1 ms. Memory: 51200K Free: 32038K (63%)
ptolemy.util.test.WatchDog.cancel(): canceling Mon Jan 20 06:45:30 UTC 2020
------------------ testing $PTII/ptolemy/domains/de/test/auto/ResettableTimer5.xml
auto.tcl: Setting watchdog for 200 seconds at Mon Jan 20 06:45:30 UTC 2020
1 ms. Memory: 51200K Free: 32020K (63%)
ptolemy.util.test.WatchDog.cancel(): canceling Mon Jan 20 06:45:30 UTC 2020
auto.tcl: Setting watchdog for 200 seconds at Mon Jan 20 06:45:30 UTC 2020
2 ms. Memory: 51200K Free: 31519K (62%)
ptolemy.util.test.WatchDog.cancel(): canceling Mon Jan 20 06:45:30 UTC 2020
------------------ testing $PTII/ptolemy/domains/de/test/auto/ResettableTimer6.xml
auto.tcl: Setting watchdog for 200 seconds at Mon Jan 20 06:45:30 UTC 2020
2 ms. Memory: 51200K Free: 32017K (63%)
ptolemy.util.test.WatchDog.cancel(): canceling Mon Jan 20 06:45:30 UTC 2020
auto.tcl: Setting watchdog for 200 seconds at Mon Jan 20 06:45:30 UTC 2020
2 ms. Memory: 51200K Free: 31507K (62%)
ptolemy.util.test.WatchDog.cancel(): canceling Mon Jan 20 06:45:30 UTC 2020
------------------ testing $PTII/ptolemy/domains/de/test/auto/ServerZeroDelay.xml
auto.tcl: Setting watchdog for 200 seconds at Mon Jan 20 06:45:30 UTC 2020
2 ms. Memory: 51200K Free: 32630K (64%)
ptolemy.util.test.WatchDog.cancel(): canceling Mon Jan 20 06:45:30 UTC 2020
auto.tcl: Setting watchdog for 200 seconds at Mon Jan 20 06:45:30 UTC 2020
2 ms. Memory: 51200K Free: 31503K (62%)
ptolemy.util.test.WatchDog.cancel(): canceling Mon Jan 20 06:45:30 UTC 2020
------------------ testing $PTII/ptolemy/domains/de/test/auto/SmartSender.xml
auto.tcl: Setting watchdog for 200 seconds at Mon Jan 20 06:45:30 UTC 2020
3001 ms. Memory: 51200K Free: 32002K (63%)
ptolemy.util.test.WatchDog.cancel(): canceling Mon Jan 20 06:45:33 UTC 2020
auto.tcl: Setting watchdog for 200 seconds at Mon Jan 20 06:45:33 UTC 2020
3001 ms. Memory: 51200K Free: 31492K (62%)
ptolemy.util.test.WatchDog.cancel(): canceling Mon Jan 20 06:45:36 UTC 2020
------------------ testing $PTII/ptolemy/domains/de/test/auto/ThreadedComposite.xml
auto.tcl: Setting watchdog for 200 seconds at Mon Jan 20 06:45:36 UTC 2020
178 ms. Memory: 51200K Free: 14099K (28%)
ptolemy.util.test.WatchDog.cancel(): canceling Mon Jan 20 06:45:37 UTC 2020
auto.tcl: Setting watchdog for 200 seconds at Mon Jan 20 06:45:37 UTC 2020
96 ms. Memory: 51200K Free: 29058K (57%)
ptolemy.util.test.WatchDog.cancel(): canceling Mon Jan 20 06:45:37 UTC 2020
------------------ testing $PTII/ptolemy/domains/de/test/auto/Time.xml
auto.tcl: Setting watchdog for 200 seconds at Mon Jan 20 06:45:37 UTC 2020
563 ms. Memory: 51200K Free: 34300K (67%)
ptolemy.util.test.WatchDog.cancel(): canceling Mon Jan 20 06:45:37 UTC 2020
auto.tcl: Setting watchdog for 200 seconds at Mon Jan 20 06:45:37 UTC 2020
604 ms. Memory: 61440K Free: 45416K (74%)
ptolemy.util.test.WatchDog.cancel(): canceling Mon Jan 20 06:45:38 UTC 2020
------------------ testing $PTII/ptolemy/domains/de/test/auto/TimeDelayZeroDelay.xml
auto.tcl: Setting watchdog for 200 seconds at Mon Jan 20 06:45:38 UTC 2020
4 ms. Memory: 51200K Free: 32446K (63%)
ptolemy.util.test.WatchDog.cancel(): canceling Mon Jan 20 06:45:38 UTC 2020
auto.tcl: Setting watchdog for 200 seconds at Mon Jan 20 06:45:38 UTC 2020
2 ms. Memory: 51200K Free: 31965K (62%)
ptolemy.util.test.WatchDog.cancel(): canceling Mon Jan 20 06:45:38 UTC 2020
------------------ testing $PTII/ptolemy/domains/de/test/auto/TimerZeroDelay.xml
auto.tcl: Setting watchdog for 200 seconds at Mon Jan 20 06:45:38 UTC 2020
4 ms. Memory: 51200K Free: 32489K (63%)
ptolemy.util.test.WatchDog.cancel(): canceling Mon Jan 20 06:45:38 UTC 2020
auto.tcl: Setting watchdog for 200 seconds at Mon Jan 20 06:45:38 UTC 2020
1 ms. Memory: 51200K Free: 32037K (63%)
ptolemy.util.test.WatchDog.cancel(): canceling Mon Jan 20 06:45:38 UTC 2020
------------------ testing $PTII/ptolemy/domains/de/test/auto/TimingParadox.xml
auto.tcl: Setting watchdog for 200 seconds at Mon Jan 20 06:45:38 UTC 2020
364 ms. Memory: 51200K Free: 19113K (37%)
ptolemy.util.test.WatchDog.cancel(): canceling Mon Jan 20 06:45:39 UTC 2020
auto.tcl: Setting watchdog for 200 seconds at Mon Jan 20 06:45:39 UTC 2020
400 ms. Memory: 51200K Free: 8836K (17%)
ptolemy.util.test.WatchDog.cancel(): canceling Mon Jan 20 06:45:39 UTC 2020
------------------ testing $PTII/ptolemy/domains/de/test/auto/TransferInputs.xml
auto.tcl: Setting watchdog for 200 seconds at Mon Jan 20 06:45:39 UTC 2020
2 ms. Memory: 51200K Free: 30972K (60%)
ptolemy.util.test.WatchDog.cancel(): canceling Mon Jan 20 06:45:39 UTC 2020
auto.tcl: Setting watchdog for 200 seconds at Mon Jan 20 06:45:39 UTC 2020
2 ms. Memory: 51200K Free: 30042K (59%)
ptolemy.util.test.WatchDog.cancel(): canceling Mon Jan 20 06:45:39 UTC 2020
------------------ testing $PTII/ptolemy/domains/de/test/auto/TransferOutputs2.xml
auto.tcl: Setting watchdog for 200 seconds at Mon Jan 20 06:45:39 UTC 2020
3 ms. Memory: 51200K Free: 28399K (55%)
ptolemy.util.test.WatchDog.cancel(): canceling Mon Jan 20 06:45:39 UTC 2020
auto.tcl: Setting watchdog for 200 seconds at Mon Jan 20 06:45:39 UTC 2020
3 ms. Memory: 51200K Free: 26971K (53%)
ptolemy.util.test.WatchDog.cancel(): canceling Mon Jan 20 06:45:39 UTC 2020
------------------ testing $PTII/ptolemy/domains/de/test/auto/Trilateration.xml
auto.tcl: Setting watchdog for 200 seconds at Mon Jan 20 06:45:39 UTC 2020
13460 ms. Memory: 435200K Free: 208182K (48%)
ptolemy.util.test.WatchDog.cancel(): canceling Mon Jan 20 06:45:54 UTC 2020
auto.tcl: Setting watchdog for 200 seconds at Mon Jan 20 06:45:54 UTC 2020
9496 ms. Memory: 435200K Free: 157553K (36%)
ptolemy.util.test.WatchDog.cancel(): canceling Mon Jan 20 06:46:03 UTC 2020
------------------ testing $PTII/ptolemy/domains/de/test/auto/TwoSigmaDelta.xml
auto.tcl: Setting watchdog for 200 seconds at Mon Jan 20 06:46:03 UTC 2020
2488 ms. Memory: 89088K Free: 19357K (22%)
ptolemy.util.test.WatchDog.cancel(): canceling Mon Jan 20 06:46:06 UTC 2020
auto.tcl: Setting watchdog for 200 seconds at Mon Jan 20 06:46:06 UTC 2020
1836 ms. Memory: 89088K Free: 18869K (21%)
ptolemy.util.test.WatchDog.cancel(): canceling Mon Jan 20 06:46:08 UTC 2020
------------------ testing $PTII/ptolemy/domains/de/test/auto/VariableDelay.xml
auto.tcl: Setting watchdog for 200 seconds at Mon Jan 20 06:46:08 UTC 2020
2 ms. Memory: 55296K Free: 35551K (64%)
ptolemy.util.test.WatchDog.cancel(): canceling Mon Jan 20 06:46:08 UTC 2020
auto.tcl: Setting watchdog for 200 seconds at Mon Jan 20 06:46:08 UTC 2020
2 ms. Memory: 55296K Free: 34535K (62%)
ptolemy.util.test.WatchDog.cancel(): canceling Mon Jan 20 06:46:08 UTC 2020
------------------ testing $PTII/ptolemy/domains/de/test/auto/VariableDelay2.xml
auto.tcl: Setting watchdog for 200 seconds at Mon Jan 20 06:46:08 UTC 2020
3 ms. Memory: 51200K Free: 31763K (62%)
ptolemy.util.test.WatchDog.cancel(): canceling Mon Jan 20 06:46:08 UTC 2020
auto.tcl: Setting watchdog for 200 seconds at Mon Jan 20 06:46:08 UTC 2020
1 ms. Memory: 51200K Free: 30813K (60%)
ptolemy.util.test.WatchDog.cancel(): canceling Mon Jan 20 06:46:08 UTC 2020
------------------ testing $PTII/ptolemy/domains/de/test/auto/VariableDelayZeroDelay.xml
auto.tcl: Setting watchdog for 200 seconds at Mon Jan 20 06:46:08 UTC 2020
3 ms. Memory: 51200K Free: 32380K (63%)
ptolemy.util.test.WatchDog.cancel(): canceling Mon Jan 20 06:46:08 UTC 2020
auto.tcl: Setting watchdog for 200 seconds at Mon Jan 20 06:46:08 UTC 2020
2 ms. Memory: 51200K Free: 31856K (62%)
ptolemy.util.test.WatchDog.cancel(): canceling Mon Jan 20 06:46:08 UTC 2020
------------------ testing $PTII/ptolemy/domains/de/test/auto/VariableDelayZeroDelay2.xml
auto.tcl: Setting watchdog for 200 seconds at Mon Jan 20 06:46:08 UTC 2020
2 ms. Memory: 51200K Free: 32379K (63%)
ptolemy.util.test.WatchDog.cancel(): canceling Mon Jan 20 06:46:08 UTC 2020
auto.tcl: Setting watchdog for 200 seconds at Mon Jan 20 06:46:08 UTC 2020
3 ms. Memory: 51200K Free: 31355K (61%)
ptolemy.util.test.WatchDog.cancel(): canceling Mon Jan 20 06:46:08 UTC 2020
------------------ testing $PTII/ptolemy/domains/de/test/auto/deInCt.xml
auto.tcl: Setting watchdog for 200 seconds at Mon Jan 20 06:46:08 UTC 2020
0
1
1
1
1
0
0
0
1
1
1
0
0
0
1
1
1
0
0
0
0
0
1
1
1
0
0
0
1
1
1
1
0
0
0
1
1
1
0
0
0
0
0
10 ms. Memory: 51200K Free: 31352K (61%)
ptolemy.util.test.WatchDog.cancel(): canceling Mon Jan 20 06:46:08 UTC 2020
auto.tcl: Setting watchdog for 200 seconds at Mon Jan 20 06:46:08 UTC 2020
0
1
1
1
0
0
0
0
0
1
1
1
0
0
0
1
1
1
0
0
0
1
1
1
0
0
0
1
1
0
0
0
0
1
1
1
1
1
0
0
0
5 ms. Memory: 51200K Free: 29826K (58%)
ptolemy.util.test.WatchDog.cancel(): canceling Mon Jan 20 06:46:08 UTC 2020
------------------ testing $PTII/ptolemy/domains/de/test/auto/deInCt2.xml
auto.tcl: Setting watchdog for 200 seconds at Mon Jan 20 06:46:08 UTC 2020
0
1
1
1
0
0
1
1
1
0
0
1
1
1
0
0
1
1
1
0
0
1
1
1
0
0
1
1
1
0
0
1
1
1
0
0
1
1
1
0
0
0
8 ms. Memory: 51200K Free: 31355K (61%)
ptolemy.util.test.WatchDog.cancel(): canceling Mon Jan 20 06:46:08 UTC 2020
auto.tcl: Setting watchdog for 200 seconds at Mon Jan 20 06:46:08 UTC 2020
0
1
1
1
0
0
1
1
1
0
0
1
1
1
0
0
1
1
1
0
0
1
1
1
0
0
1
1
1
0
0
1
1
1
0
0
1
1
1
0
0
0
10 ms. Memory: 51200K Free: 29813K (58%)
ptolemy.util.test.WatchDog.cancel(): canceling Mon Jan 20 06:46:08 UTC 2020
------------------ testing $PTII/ptolemy/domains/de/test/auto/dynamicCausalityInterface1.xml
auto.tcl: Setting watchdog for 200 seconds at Mon Jan 20 06:46:08 UTC 2020
2 ms. Memory: 51200K Free: 27253K (53%)
ptolemy.util.test.WatchDog.cancel(): canceling Mon Jan 20 06:46:08 UTC 2020
auto.tcl: Setting watchdog for 200 seconds at Mon Jan 20 06:46:08 UTC 2020
1 ms. Memory: 51200K Free: 26751K (52%)
ptolemy.util.test.WatchDog.cancel(): canceling Mon Jan 20 06:46:08 UTC 2020
------------------ testing $PTII/ptolemy/domains/de/test/auto/fsm_de_test.xml
auto.tcl: Setting watchdog for 200 seconds at Mon Jan 20 06:46:08 UTC 2020
6 ms. Memory: 51200K Free: 27151K (53%)
ptolemy.util.test.WatchDog.cancel(): canceling Mon Jan 20 06:46:08 UTC 2020
auto.tcl: Setting watchdog for 200 seconds at Mon Jan 20 06:46:08 UTC 2020
4 ms. Memory: 51200K Free: 25103K (49%)
ptolemy.util.test.WatchDog.cancel(): canceling Mon Jan 20 06:46:08 UTC 2020
------------------ testing $PTII/ptolemy/domains/de/test/auto/functionDependencyReconstruction.xml
auto.tcl: Setting watchdog for 200 seconds at Mon Jan 20 06:46:08 UTC 2020
2 ms. Memory: 51200K Free: 21087K (41%)
ptolemy.util.test.WatchDog.cancel(): canceling Mon Jan 20 06:46:08 UTC 2020
auto.tcl: Setting watchdog for 200 seconds at Mon Jan 20 06:46:08 UTC 2020
2 ms. Memory: 51200K Free: 18949K (37%)
ptolemy.util.test.WatchDog.cancel(): canceling Mon Jan 20 06:46:08 UTC 2020
------------------ testing $PTII/ptolemy/domains/de/test/auto/multirate.xml
auto.tcl: Setting watchdog for 200 seconds at Mon Jan 20 06:46:08 UTC 2020
3 ms. Memory: 51200K Free: 29792K (58%)
ptolemy.util.test.WatchDog.cancel(): canceling Mon Jan 20 06:46:08 UTC 2020
auto.tcl: Setting watchdog for 200 seconds at Mon Jan 20 06:46:08 UTC 2020
3 ms. Memory: 51200K Free: 28062K (55%)
ptolemy.util.test.WatchDog.cancel(): canceling Mon Jan 20 06:46:08 UTC 2020
------------------ testing $PTII/ptolemy/domains/de/test/auto/multirate2.xml
auto.tcl: Setting watchdog for 200 seconds at Mon Jan 20 06:46:08 UTC 2020
5 ms. Memory: 51200K Free: 29748K (58%)
ptolemy.util.test.WatchDog.cancel(): canceling Mon Jan 20 06:46:08 UTC 2020
auto.tcl: Setting watchdog for 200 seconds at Mon Jan 20 06:46:08 UTC 2020
2 ms. Memory: 51200K Free: 28228K (55%)
ptolemy.util.test.WatchDog.cancel(): canceling Mon Jan 20 06:46:08 UTC 2020
------------------ testing $PTII/ptolemy/domains/de/test/auto/realtime.xml
auto.tcl: Setting watchdog for 200 seconds at Mon Jan 20 06:46:08 UTC 2020
10001 ms. Memory: 51200K Free: 31904K (62%)
ptolemy.util.test.WatchDog.cancel(): canceling Mon Jan 20 06:46:18 UTC 2020
auto.tcl: Setting watchdog for 200 seconds at Mon Jan 20 06:46:18 UTC 2020
10002 ms. Memory: 51200K Free: 31298K (61%)
ptolemy.util.test.WatchDog.cancel(): canceling Mon Jan 20 06:46:28 UTC 2020
------------------ testing $PTII/ptolemy/domains/de/test/auto/relationGroup.xml
auto.tcl: Setting watchdog for 200 seconds at Mon Jan 20 06:46:29 UTC 2020
3 ms. Memory: 51200K Free: 33114K (65%)
ptolemy.util.test.WatchDog.cancel(): canceling Mon Jan 20 06:46:29 UTC 2020
auto.tcl: Setting watchdog for 200 seconds at Mon Jan 20 06:46:29 UTC 2020
2 ms. Memory: 51200K Free: 32378K (63%)
ptolemy.util.test.WatchDog.cancel(): canceling Mon Jan 20 06:46:29 UTC 2020
------------------ testing $PTII/ptolemy/domains/de/test/auto/relationGroup2.xml
auto.tcl: Setting watchdog for 200 seconds at Mon Jan 20 06:46:29 UTC 2020
1 ms. Memory: 51200K Free: 33140K (65%)
ptolemy.util.test.WatchDog.cancel(): canceling Mon Jan 20 06:46:29 UTC 2020
auto.tcl: Setting watchdog for 200 seconds at Mon Jan 20 06:46:29 UTC 2020
1 ms. Memory: 51200K Free: 32644K (64%)
ptolemy.util.test.WatchDog.cancel(): canceling Mon Jan 20 06:46:29 UTC 2020
------------------ testing $PTII/ptolemy/domains/de/test/auto/sortWithOpaquePorts.xml
auto.tcl: Setting watchdog for 200 seconds at Mon Jan 20 06:46:29 UTC 2020
2 ms. Memory: 51200K Free: 31878K (62%)
ptolemy.util.test.WatchDog.cancel(): canceling Mon Jan 20 06:46:29 UTC 2020
auto.tcl: Setting watchdog for 200 seconds at Mon Jan 20 06:46:29 UTC 2020
2 ms. Memory: 51200K Free: 30853K (60%)
ptolemy.util.test.WatchDog.cancel(): canceling Mon Jan 20 06:46:29 UTC 2020
------------------ testing $PTII/ptolemy/domains/de/test/auto/transferInputsandOutputs.xml
auto.tcl: Setting watchdog for 200 seconds at Mon Jan 20 06:46:29 UTC 2020
3 ms. Memory: 51200K Free: 29321K (57%)
ptolemy.util.test.WatchDog.cancel(): canceling Mon Jan 20 06:46:29 UTC 2020
auto.tcl: Setting watchdog for 200 seconds at Mon Jan 20 06:46:29 UTC 2020
2 ms. Memory: 51200K Free: 28297K (55%)
ptolemy.util.test.WatchDog.cancel(): canceling Mon Jan 20 06:46:29 UTC 2020
------------------ testing $PTII/ptolemy/domains/de/test/auto/triggerType.xml
auto.tcl: Setting watchdog for 200 seconds at Mon Jan 20 06:46:29 UTC 2020
2 ms. Memory: 51200K Free: 32346K (63%)
ptolemy.util.test.WatchDog.cancel(): canceling Mon Jan 20 06:46:29 UTC 2020
auto.tcl: Setting watchdog for 200 seconds at Mon Jan 20 06:46:29 UTC 2020
2 ms. Memory: 51200K Free: 31322K (61%)
ptolemy.util.test.WatchDog.cancel(): canceling Mon Jan 20 06:46:29 UTC 2020
01/20/20 06:46:29
Failed: 0  Total Tests: 192  ((Passed: 187, Newly Passed: 1)  Known Failed: 5) /home/travis/build/icyphy/ptII/ptolemy/domains/de/test
01/20/20 06:46:29
Failed: 0  Total Tests: 192  ((Passed: 187, Newly Passed: 1)  Known Failed: 5) /home/travis/build/icyphy/ptII/ptolemy/domains/de/test
----------------- testing (KnownFailure) /home/travis/build/icyphy/ptII/ptolemy/domains/de/test/auto/knownFailedTests/DESDFClockTest.xml
2013 ms. Memory: 51200K Free: 25741K (50%)
Known Failure: java.lang.reflect.InvocationTargetException
----------------- testing (KnownFailure) /home/travis/build/icyphy/ptII/ptolemy/domains/de/test/auto/knownFailedTests/DirectFeedback.xml
5 ms. Memory: 51200K Free: 21645K (42%)
Known Failure: java.lang.reflect.InvocationTargetException
----------------- testing (KnownFailure) /home/travis/build/icyphy/ptII/ptolemy/domains/de/test/auto/knownFailedTests/FSMSource.xml
19 ms. Memory: 51200K Free: 13423K (26%)
----------------- testing (KnownFailure) /home/travis/build/icyphy/ptII/ptolemy/domains/de/test/auto/knownFailedTests/HierarchicalModel.xml
3 ms. Memory: 51200K Free: 25475K (50%)
Known Failure: java.lang.reflect.InvocationTargetException
----------------- testing (KnownFailure) /home/travis/build/icyphy/ptII/ptolemy/domains/de/test/auto/knownFailedTests/dependencyLoop.xml
3 ms. Memory: 51200K Free: 10115K (20%)
Known Failure: java.lang.reflect.InvocationTargetException
----------------- testing (KnownFailure) /home/travis/build/icyphy/ptII/ptolemy/domains/de/test/auto/knownFailedTests/dependencyLoop2.xml
5 ms. Memory: 51200K Free: 22960K (45%)
Known Failure: java.lang.reflect.InvocationTargetException
No auto/linux-amd64/*.xml tests in /home/travis/build/icyphy/ptII/ptolemy/domains/de/test
AutoTests.java: About to close Vertx.
AutoTests.java: Vertx closed.

===========================================================================================
----------------- testing Mon Jan 20 06:46:31 UTC 2020 /home/travis/build/icyphy/ptII/ptolemy/domains/de/test/auto/ActorDepthCalculation_actorWithoutPorts.xml
----------------- Instantiating /home/travis/build/icyphy/ptII/ptolemy/domains/de/test/auto/ActorDepthCalculation_actorWithoutPorts.xml
2 ms. Memory: 51200K Free: 16353K (32%)
----------------- Invoking toplevel() on ptolemy.moml.MoMLSimpleApplication@1a9b312e
----------------- Done invoking toplevel() on ptolemy.moml.MoMLSimpleApplication@1a9b312e
reloadAllAccessors: .ActorDepthCalculation_actorWithoutPorts

===========================================================================================
----------------- testing Mon Jan 20 06:46:31 UTC 2020 /home/travis/build/icyphy/ptII/ptolemy/domains/de/test/auto/AssemblyLine.xml
----------------- Instantiating /home/travis/build/icyphy/ptII/ptolemy/domains/de/test/auto/AssemblyLine.xml
2 ms. Memory: 51200K Free: 9201K (18%)
----------------- Invoking toplevel() on ptolemy.moml.MoMLSimpleApplication@1684a7db
----------------- Done invoking toplevel() on ptolemy.moml.MoMLSimpleApplication@1684a7db
reloadAllAccessors: .AssemblyLine

===========================================================================================
----------------- testing Mon Jan 20 06:46:31 UTC 2020 /home/travis/build/icyphy/ptII/ptolemy/domains/de/test/auto/CQBug1.xml
----------------- Instantiating /home/travis/build/icyphy/ptII/ptolemy/domains/de/test/auto/CQBug1.xml
1 ms. Memory: 51200K Free: 34164K (67%)
----------------- Invoking toplevel() on ptolemy.moml.MoMLSimpleApplication@3f5f8a94
----------------- Done invoking toplevel() on ptolemy.moml.MoMLSimpleApplication@3f5f8a94
reloadAllAccessors: .CQBug1

===========================================================================================
----------------- testing Mon Jan 20 06:46:31 UTC 2020 /home/travis/build/icyphy/ptII/ptolemy/domains/de/test/auto/CancelFireAt.xml
----------------- Instantiating /home/travis/build/icyphy/ptII/ptolemy/domains/de/test/auto/CancelFireAt.xml
0 ms. Memory: 51200K Free: 31824K (62%)
----------------- Invoking toplevel() on ptolemy.moml.MoMLSimpleApplication@485efbfc
----------------- Done invoking toplevel() on ptolemy.moml.MoMLSimpleApplication@485efbfc
reloadAllAccessors: .CancelFireAt

===========================================================================================
----------------- testing Mon Jan 20 06:46:31 UTC 2020 /home/travis/build/icyphy/ptII/ptolemy/domains/de/test/auto/CausalityAndComposabilityAnalysis.xml
----------------- Instantiating /home/travis/build/icyphy/ptII/ptolemy/domains/de/test/auto/CausalityAndComposabilityAnalysis.xml
1 ms. Memory: 51200K Free: 27465K (54%)
----------------- Invoking toplevel() on ptolemy.moml.MoMLSimpleApplication@25f0f79f
----------------- Done invoking toplevel() on ptolemy.moml.MoMLSimpleApplication@25f0f79f
reloadAllAccessors: .CausalityAndComposabilityAnalysis

===========================================================================================
----------------- testing Mon Jan 20 06:46:31 UTC 2020 /home/travis/build/icyphy/ptII/ptolemy/domains/de/test/auto/CausalityInterface1.xml
----------------- Instantiating /home/travis/build/icyphy/ptII/ptolemy/domains/de/test/auto/CausalityInterface1.xml
5 ms. Memory: 51200K Free: 22315K (44%)
----------------- Invoking toplevel() on ptolemy.moml.MoMLSimpleApplication@390d0679
----------------- Done invoking toplevel() on ptolemy.moml.MoMLSimpleApplication@390d0679
reloadAllAccessors: .CausalityInterface1

===========================================================================================
----------------- testing Mon Jan 20 06:46:31 UTC 2020 /home/travis/build/icyphy/ptII/ptolemy/domains/de/test/auto/CausalityInterface15.xml
----------------- Instantiating /home/travis/build/icyphy/ptII/ptolemy/domains/de/test/auto/CausalityInterface15.xml
2 ms. Memory: 51200K Free: 16927K (33%)
----------------- Invoking toplevel() on ptolemy.moml.MoMLSimpleApplication@106f002b
----------------- Done invoking toplevel() on ptolemy.moml.MoMLSimpleApplication@106f002b
reloadAllAccessors: .CausalityInterface15

===========================================================================================
----------------- testing Mon Jan 20 06:46:31 UTC 2020 /home/travis/build/icyphy/ptII/ptolemy/domains/de/test/auto/CausalityInterface2.xml
----------------- Instantiating /home/travis/build/icyphy/ptII/ptolemy/domains/de/test/auto/CausalityInterface2.xml
1 ms. Memory: 51200K Free: 12091K (24%)
----------------- Invoking toplevel() on ptolemy.moml.MoMLSimpleApplication@586b335
----------------- Done invoking toplevel() on ptolemy.moml.MoMLSimpleApplication@586b335
reloadAllAccessors: .CausalityInterface2

===========================================================================================
----------------- testing Mon Jan 20 06:46:31 UTC 2020 /home/travis/build/icyphy/ptII/ptolemy/domains/de/test/auto/CausalityInterface3.xml
----------------- Instantiating /home/travis/build/icyphy/ptII/ptolemy/domains/de/test/auto/CausalityInterface3.xml
1 ms. Memory: 51200K Free: 34729K (68%)
----------------- Invoking toplevel() on ptolemy.moml.MoMLSimpleApplication@4bc6b739
----------------- Done invoking toplevel() on ptolemy.moml.MoMLSimpleApplication@4bc6b739
reloadAllAccessors: .CausalityInterface3

===========================================================================================
----------------- testing Mon Jan 20 06:46:31 UTC 2020 /home/travis/build/icyphy/ptII/ptolemy/domains/de/test/auto/ClockDrift.xml
----------------- Instantiating /home/travis/build/icyphy/ptII/ptolemy/domains/de/test/auto/ClockDrift.xml
15 ms. Memory: 51200K Free: 22826K (45%)
----------------- Invoking toplevel() on ptolemy.moml.MoMLSimpleApplication@35c5a5c7
----------------- Done invoking toplevel() on ptolemy.moml.MoMLSimpleApplication@35c5a5c7
reloadAllAccessors: .ClockDrift

===========================================================================================
----------------- testing Mon Jan 20 06:46:31 UTC 2020 /home/travis/build/icyphy/ptII/ptolemy/domains/de/test/auto/ClockDriftAndValueChange.xml
----------------- Instantiating /home/travis/build/icyphy/ptII/ptolemy/domains/de/test/auto/ClockDriftAndValueChange.xml
10 ms. Memory: 51200K Free: 11191K (22%)
----------------- Invoking toplevel() on ptolemy.moml.MoMLSimpleApplication@74665ebe
----------------- Done invoking toplevel() on ptolemy.moml.MoMLSimpleApplication@74665ebe
reloadAllAccessors: .ClockDriftAndValueChange

===========================================================================================
----------------- testing Mon Jan 20 06:46:31 UTC 2020 /home/travis/build/icyphy/ptII/ptolemy/domains/de/test/auto/ClockDriftChange.xml
----------------- Instantiating /home/travis/build/icyphy/ptII/ptolemy/domains/de/test/auto/ClockDriftChange.xml
10 ms. Memory: 51200K Free: 28993K (57%)
----------------- Invoking toplevel() on ptolemy.moml.MoMLSimpleApplication@7d104f61
----------------- Done invoking toplevel() on ptolemy.moml.MoMLSimpleApplication@7d104f61
reloadAllAccessors: .ClockDriftChange

===========================================================================================
----------------- testing Mon Jan 20 06:46:31 UTC 2020 /home/travis/build/icyphy/ptII/ptolemy/domains/de/test/auto/ComposableCausalityAnalysis.xml
----------------- Instantiating /home/travis/build/icyphy/ptII/ptolemy/domains/de/test/auto/ComposableCausalityAnalysis.xml
1 ms. Memory: 51200K Free: 23201K (45%)
----------------- Invoking toplevel() on ptolemy.moml.MoMLSimpleApplication@7809c901
----------------- Done invoking toplevel() on ptolemy.moml.MoMLSimpleApplication@7809c901
reloadAllAccessors: .ComposableCausalityAnalysis

===========================================================================================
----------------- testing Mon Jan 20 06:46:31 UTC 2020 /home/travis/build/icyphy/ptII/ptolemy/domains/de/test/auto/DEFixedPointLimitation.xml
----------------- Instantiating /home/travis/build/icyphy/ptII/ptolemy/domains/de/test/auto/DEFixedPointLimitation.xml
1 ms. Memory: 51200K Free: 18458K (36%)
----------------- Invoking toplevel() on ptolemy.moml.MoMLSimpleApplication@2d077347
----------------- Done invoking toplevel() on ptolemy.moml.MoMLSimpleApplication@2d077347
reloadAllAccessors: .DEFixedPointLimitation

===========================================================================================
----------------- testing Mon Jan 20 06:46:31 UTC 2020 /home/travis/build/icyphy/ptII/ptolemy/domains/de/test/auto/DEScheduleTest.xml
----------------- Instantiating /home/travis/build/icyphy/ptII/ptolemy/domains/de/test/auto/DEScheduleTest.xml
3 ms. Memory: 51200K Free: 14324K (28%)
----------------- Invoking toplevel() on ptolemy.moml.MoMLSimpleApplication@293b79e2
----------------- Done invoking toplevel() on ptolemy.moml.MoMLSimpleApplication@293b79e2
reloadAllAccessors: .DEScheduleTest

===========================================================================================
----------------- testing Mon Jan 20 06:46:31 UTC 2020 /home/travis/build/icyphy/ptII/ptolemy/domains/de/test/auto/DEinDEwithStartTimes.xml
----------------- Instantiating /home/travis/build/icyphy/ptII/ptolemy/domains/de/test/auto/DEinDEwithStartTimes.xml
2 ms. Memory: 51200K Free: 8531K (17%)
----------------- Invoking toplevel() on ptolemy.moml.MoMLSimpleApplication@7de08dd1
----------------- Done invoking toplevel() on ptolemy.moml.MoMLSimpleApplication@7de08dd1
reloadAllAccessors: .DEinDEwithStartTimes

===========================================================================================
----------------- testing Mon Jan 20 06:46:31 UTC 2020 /home/travis/build/icyphy/ptII/ptolemy/domains/de/test/auto/DEinDEwithStartTimes2.xml
----------------- Instantiating /home/travis/build/icyphy/ptII/ptolemy/domains/de/test/auto/DEinDEwithStartTimes2.xml
2 ms. Memory: 51200K Free: 29762K (58%)
----------------- Invoking toplevel() on ptolemy.moml.MoMLSimpleApplication@442d6a6a
----------------- Done invoking toplevel() on ptolemy.moml.MoMLSimpleApplication@442d6a6a
reloadAllAccessors: .DEinDEwithStartTimes2

===========================================================================================
----------------- testing Mon Jan 20 06:46:31 UTC 2020 /home/travis/build/icyphy/ptII/ptolemy/domains/de/test/auto/DateDemo.xml
----------------- Instantiating /home/travis/build/icyphy/ptII/ptolemy/domains/de/test/auto/DateDemo.xml
7 ms. Memory: 51200K Free: 18692K (37%)
----------------- Invoking toplevel() on ptolemy.moml.MoMLSimpleApplication@681fa78c
----------------- Done invoking toplevel() on ptolemy.moml.MoMLSimpleApplication@681fa78c
reloadAllAccessors: .DateDemo

===========================================================================================
----------------- testing Mon Jan 20 06:46:31 UTC 2020 /home/travis/build/icyphy/ptII/ptolemy/domains/de/test/auto/DateToEvent.xml
----------------- Instantiating /home/travis/build/icyphy/ptII/ptolemy/domains/de/test/auto/DateToEvent.xml
2008 ms. Memory: 51200K Free: 30543K (60%)
----------------- Invoking toplevel() on ptolemy.moml.MoMLSimpleApplication@1923fc44
----------------- Done invoking toplevel() on ptolemy.moml.MoMLSimpleApplication@1923fc44
reloadAllAccessors: .DateToEvent

===========================================================================================
----------------- testing Mon Jan 20 06:46:33 UTC 2020 /home/travis/build/icyphy/ptII/ptolemy/domains/de/test/auto/DepthTest1.xml
----------------- Instantiating /home/travis/build/icyphy/ptII/ptolemy/domains/de/test/auto/DepthTest1.xml
1 ms. Memory: 51200K Free: 27648K (54%)
----------------- Invoking toplevel() on ptolemy.moml.MoMLSimpleApplication@1807afe
----------------- Done invoking toplevel() on ptolemy.moml.MoMLSimpleApplication@1807afe
reloadAllAccessors: .DepthTest1

===========================================================================================
----------------- testing Mon Jan 20 06:46:34 UTC 2020 /home/travis/build/icyphy/ptII/ptolemy/domains/de/test/auto/DepthTest2.xml
----------------- Instantiating /home/travis/build/icyphy/ptII/ptolemy/domains/de/test/auto/DepthTest2.xml
2 ms. Memory: 51200K Free: 21327K (42%)
----------------- Invoking toplevel() on ptolemy.moml.MoMLSimpleApplication@5094c889
----------------- Done invoking toplevel() on ptolemy.moml.MoMLSimpleApplication@5094c889
reloadAllAccessors: .DepthTest2

===========================================================================================
----------------- testing Mon Jan 20 06:46:34 UTC 2020 /home/travis/build/icyphy/ptII/ptolemy/domains/de/test/auto/DepthTest3.xml
----------------- Instantiating /home/travis/build/icyphy/ptII/ptolemy/domains/de/test/auto/DepthTest3.xml
0 ms. Memory: 51200K Free: 18424K (36%)
----------------- Invoking toplevel() on ptolemy.moml.MoMLSimpleApplication@7545d7d0
----------------- Done invoking toplevel() on ptolemy.moml.MoMLSimpleApplication@7545d7d0
reloadAllAccessors: .DepthTest3

===========================================================================================
----------------- testing Mon Jan 20 06:46:34 UTC 2020 /home/travis/build/icyphy/ptII/ptolemy/domains/de/test/auto/DepthTest4.xml
----------------- Instantiating /home/travis/build/icyphy/ptII/ptolemy/domains/de/test/auto/DepthTest4.xml
2 ms. Memory: 51200K Free: 13570K (27%)
----------------- Invoking toplevel() on ptolemy.moml.MoMLSimpleApplication@43c68542
----------------- Done invoking toplevel() on ptolemy.moml.MoMLSimpleApplication@43c68542
reloadAllAccessors: .DepthTest4

===========================================================================================
----------------- testing Mon Jan 20 06:46:34 UTC 2020 /home/travis/build/icyphy/ptII/ptolemy/domains/de/test/auto/DepthTest5.xml
----------------- Instantiating /home/travis/build/icyphy/ptII/ptolemy/domains/de/test/auto/DepthTest5.xml
5 ms. Memory: 51200K Free: 35204K (69%)
----------------- Invoking toplevel() on ptolemy.moml.MoMLSimpleApplication@32bba684
----------------- Done invoking toplevel() on ptolemy.moml.MoMLSimpleApplication@32bba684
reloadAllAccessors: .DepthTest5

===========================================================================================
----------------- testing Mon Jan 20 06:46:34 UTC 2020 /home/travis/build/icyphy/ptII/ptolemy/domains/de/test/auto/DepthTest6.xml
----------------- Instantiating /home/travis/build/icyphy/ptII/ptolemy/domains/de/test/auto/DepthTest6.xml
1 ms. Memory: 51200K Free: 29697K (58%)
----------------- Invoking toplevel() on ptolemy.moml.MoMLSimpleApplication@58573de2
----------------- Done invoking toplevel() on ptolemy.moml.MoMLSimpleApplication@58573de2
reloadAllAccessors: .DepthTest6

===========================================================================================
----------------- testing Mon Jan 20 06:46:34 UTC 2020 /home/travis/build/icyphy/ptII/ptolemy/domains/de/test/auto/DepthTest7.xml
----------------- Instantiating /home/travis/build/icyphy/ptII/ptolemy/domains/de/test/auto/DepthTest7.xml
1 ms. Memory: 51200K Free: 24757K (48%)
----------------- Invoking toplevel() on ptolemy.moml.MoMLSimpleApplication@4ca36680
----------------- Done invoking toplevel() on ptolemy.moml.MoMLSimpleApplication@4ca36680
reloadAllAccessors: .DepthTest7

===========================================================================================
----------------- testing Mon Jan 20 06:46:34 UTC 2020 /home/travis/build/icyphy/ptII/ptolemy/domains/de/test/auto/EventToDate.xml
----------------- Instantiating /home/travis/build/icyphy/ptII/ptolemy/domains/de/test/auto/EventToDate.xml
3014 ms. Memory: 51200K Free: 11702K (23%)
----------------- Invoking toplevel() on ptolemy.moml.MoMLSimpleApplication@1368134d
----------------- Done invoking toplevel() on ptolemy.moml.MoMLSimpleApplication@1368134d
reloadAllAccessors: .EventToDate

===========================================================================================
----------------- testing Mon Jan 20 06:46:37 UTC 2020 /home/travis/build/icyphy/ptII/ptolemy/domains/de/test/auto/FSM1.xml
----------------- Instantiating /home/travis/build/icyphy/ptII/ptolemy/domains/de/test/auto/FSM1.xml
20 ms. Memory: 51200K Free: 25953K (51%)
----------------- Invoking toplevel() on ptolemy.moml.MoMLSimpleApplication@185f7eb4
----------------- Done invoking toplevel() on ptolemy.moml.MoMLSimpleApplication@185f7eb4
reloadAllAccessors: .FSM1

===========================================================================================
----------------- testing Mon Jan 20 06:46:37 UTC 2020 /home/travis/build/icyphy/ptII/ptolemy/domains/de/test/auto/FSM7.xml
----------------- Instantiating /home/travis/build/icyphy/ptII/ptolemy/domains/de/test/auto/FSM7.xml
14 ms. Memory: 51200K Free: 13713K (27%)
----------------- Invoking toplevel() on ptolemy.moml.MoMLSimpleApplication@3e7dfa49
----------------- Done invoking toplevel() on ptolemy.moml.MoMLSimpleApplication@3e7dfa49
reloadAllAccessors: .FSM7

===========================================================================================
----------------- testing Mon Jan 20 06:46:37 UTC 2020 /home/travis/build/icyphy/ptII/ptolemy/domains/de/test/auto/Inspection.xml
----------------- Instantiating /home/travis/build/icyphy/ptII/ptolemy/domains/de/test/auto/Inspection.xml
13 ms. Memory: 51200K Free: 27873K (54%)
----------------- Invoking toplevel() on ptolemy.moml.MoMLSimpleApplication@4468ebb
----------------- Done invoking toplevel() on ptolemy.moml.MoMLSimpleApplication@4468ebb
reloadAllAccessors: .Inspection

===========================================================================================
----------------- testing Mon Jan 20 06:46:37 UTC 2020 /home/travis/build/icyphy/ptII/ptolemy/domains/de/test/auto/Iteration.xml
----------------- Instantiating /home/travis/build/icyphy/ptII/ptolemy/domains/de/test/auto/Iteration.xml
12 ms. Memory: 51200K Free: 20950K (41%)
----------------- Invoking toplevel() on ptolemy.moml.MoMLSimpleApplication@122aa8e4
----------------- Done invoking toplevel() on ptolemy.moml.MoMLSimpleApplication@122aa8e4
reloadAllAccessors: .Iteration

===========================================================================================
----------------- testing Mon Jan 20 06:46:37 UTC 2020 /home/travis/build/icyphy/ptII/ptolemy/domains/de/test/auto/LineFault.xml
----------------- Instantiating /home/travis/build/icyphy/ptII/ptolemy/domains/de/test/auto/LineFault.xml
484 ms. Memory: 51200K Free: 33855K (66%)
----------------- Invoking toplevel() on ptolemy.moml.MoMLSimpleApplication@6e0eb718
----------------- Done invoking toplevel() on ptolemy.moml.MoMLSimpleApplication@6e0eb718
reloadAllAccessors: .LineFault

===========================================================================================
----------------- testing Mon Jan 20 06:46:37 UTC 2020 /home/travis/build/icyphy/ptII/ptolemy/domains/de/test/auto/MergeModel1Add.xml
----------------- Instantiating /home/travis/build/icyphy/ptII/ptolemy/domains/de/test/auto/MergeModel1Add.xml
6 ms. Memory: 51200K Free: 14796K (29%)
----------------- Invoking toplevel() on ptolemy.moml.MoMLSimpleApplication@7f27070b
----------------- Done invoking toplevel() on ptolemy.moml.MoMLSimpleApplication@7f27070b
reloadAllAccessors: .MergeModel1Add

===========================================================================================
----------------- testing Mon Jan 20 06:46:37 UTC 2020 /home/travis/build/icyphy/ptII/ptolemy/domains/de/test/auto/MergeModel2Add.xml
----------------- Instantiating /home/travis/build/icyphy/ptII/ptolemy/domains/de/test/auto/MergeModel2Add.xml
5 ms. Memory: 51200K Free: 22819K (45%)
----------------- Invoking toplevel() on ptolemy.moml.MoMLSimpleApplication@22d0c307
----------------- Done invoking toplevel() on ptolemy.moml.MoMLSimpleApplication@22d0c307
reloadAllAccessors: .MergeModel2Add

===========================================================================================
----------------- testing Mon Jan 20 06:46:37 UTC 2020 /home/travis/build/icyphy/ptII/ptolemy/domains/de/test/auto/MergeModel3Add.xml
----------------- Instantiating /home/travis/build/icyphy/ptII/ptolemy/domains/de/test/auto/MergeModel3Add.xml
6 ms. Memory: 51200K Free: 29685K (58%)
----------------- Invoking toplevel() on ptolemy.moml.MoMLSimpleApplication@7fdac658
----------------- Done invoking toplevel() on ptolemy.moml.MoMLSimpleApplication@7fdac658
reloadAllAccessors: .MergeModel3Add

===========================================================================================
----------------- testing Mon Jan 20 06:46:38 UTC 2020 /home/travis/build/icyphy/ptII/ptolemy/domains/de/test/auto/MergeWithoutDiscard.xml
----------------- Instantiating /home/travis/build/icyphy/ptII/ptolemy/domains/de/test/auto/MergeWithoutDiscard.xml
1 ms. Memory: 51200K Free: 25557K (50%)
----------------- Invoking toplevel() on ptolemy.moml.MoMLSimpleApplication@5456cb00
----------------- Done invoking toplevel() on ptolemy.moml.MoMLSimpleApplication@5456cb00
reloadAllAccessors: .MergeWithoutDiscard

===========================================================================================
----------------- testing Mon Jan 20 06:46:38 UTC 2020 /home/travis/build/icyphy/ptII/ptolemy/domains/de/test/auto/Modal1.xml
----------------- Instantiating /home/travis/build/icyphy/ptII/ptolemy/domains/de/test/auto/Modal1.xml
13 ms. Memory: 51200K Free: 13271K (26%)
----------------- Invoking toplevel() on ptolemy.moml.MoMLSimpleApplication@fcf330b
----------------- Done invoking toplevel() on ptolemy.moml.MoMLSimpleApplication@fcf330b
reloadAllAccessors: .Modal1

===========================================================================================
----------------- testing Mon Jan 20 06:46:38 UTC 2020 /home/travis/build/icyphy/ptII/ptolemy/domains/de/test/auto/Modal2.xml
----------------- Instantiating /home/travis/build/icyphy/ptII/ptolemy/domains/de/test/auto/Modal2.xml
7 ms. Memory: 51200K Free: 25833K (50%)
----------------- Invoking toplevel() on ptolemy.moml.MoMLSimpleApplication@68e1fe58
----------------- Done invoking toplevel() on ptolemy.moml.MoMLSimpleApplication@68e1fe58
reloadAllAccessors: .Modal2

===========================================================================================
----------------- testing Mon Jan 20 06:46:38 UTC 2020 /home/travis/build/icyphy/ptII/ptolemy/domains/de/test/auto/Modal3.xml
----------------- Instantiating /home/travis/build/icyphy/ptII/ptolemy/domains/de/test/auto/Modal3.xml
7 ms. Memory: 51200K Free: 13553K (26%)
----------------- Invoking toplevel() on ptolemy.moml.MoMLSimpleApplication@5e0da15c
----------------- Done invoking toplevel() on ptolemy.moml.MoMLSimpleApplication@5e0da15c
reloadAllAccessors: .Modal3

===========================================================================================
----------------- testing Mon Jan 20 06:46:38 UTC 2020 /home/travis/build/icyphy/ptII/ptolemy/domains/de/test/auto/Modal4.xml
----------------- Instantiating /home/travis/build/icyphy/ptII/ptolemy/domains/de/test/auto/Modal4.xml
11 ms. Memory: 51200K Free: 25112K (49%)
----------------- Invoking toplevel() on ptolemy.moml.MoMLSimpleApplication@33a8abf9
----------------- Done invoking toplevel() on ptolemy.moml.MoMLSimpleApplication@33a8abf9
reloadAllAccessors: .Modal4

===========================================================================================
----------------- testing Mon Jan 20 06:46:38 UTC 2020 /home/travis/build/icyphy/ptII/ptolemy/domains/de/test/auto/Modal5.xml
----------------- Instantiating /home/travis/build/icyphy/ptII/ptolemy/domains/de/test/auto/Modal5.xml
9 ms. Memory: 51200K Free: 12086K (24%)
----------------- Invoking toplevel() on ptolemy.moml.MoMLSimpleApplication@251bb409
----------------- Done invoking toplevel() on ptolemy.moml.MoMLSimpleApplication@251bb409
reloadAllAccessors: .Modal5

===========================================================================================
----------------- testing Mon Jan 20 06:46:38 UTC 2020 /home/travis/build/icyphy/ptII/ptolemy/domains/de/test/auto/Modal6.xml
----------------- Instantiating /home/travis/build/icyphy/ptII/ptolemy/domains/de/test/auto/Modal6.xml
9 ms. Memory: 51200K Free: 24511K (48%)
----------------- Invoking toplevel() on ptolemy.moml.MoMLSimpleApplication@29323404
----------------- Done invoking toplevel() on ptolemy.moml.MoMLSimpleApplication@29323404
reloadAllAccessors: .Modal6

===========================================================================================
----------------- testing Mon Jan 20 06:46:38 UTC 2020 /home/travis/build/icyphy/ptII/ptolemy/domains/de/test/auto/Modal7.xml
----------------- Instantiating /home/travis/build/icyphy/ptII/ptolemy/domains/de/test/auto/Modal7.xml
7 ms. Memory: 51200K Free: 11438K (22%)
----------------- Invoking toplevel() on ptolemy.moml.MoMLSimpleApplication@5403757
----------------- Done invoking toplevel() on ptolemy.moml.MoMLSimpleApplication@5403757
reloadAllAccessors: .Modal7

===========================================================================================
----------------- testing Mon Jan 20 06:46:38 UTC 2020 /home/travis/build/icyphy/ptII/ptolemy/domains/de/test/auto/ModalModel.xml
----------------- Instantiating /home/travis/build/icyphy/ptII/ptolemy/domains/de/test/auto/ModalModel.xml
143 ms. Memory: 61440K Free: 27679K (45%)
----------------- Invoking toplevel() on ptolemy.moml.MoMLSimpleApplication@500194d5
----------------- Done invoking toplevel() on ptolemy.moml.MoMLSimpleApplication@500194d5
reloadAllAccessors: .ModalModel

===========================================================================================
----------------- testing Mon Jan 20 06:46:38 UTC 2020 /home/travis/build/icyphy/ptII/ptolemy/domains/de/test/auto/ModalSource.xml
----------------- Instantiating /home/travis/build/icyphy/ptII/ptolemy/domains/de/test/auto/ModalSource.xml
6 ms. Memory: 61440K Free: 19223K (31%)
----------------- Invoking toplevel() on ptolemy.moml.MoMLSimpleApplication@2ddca979
----------------- Done invoking toplevel() on ptolemy.moml.MoMLSimpleApplication@2ddca979
reloadAllAccessors: .ModalSource

===========================================================================================
----------------- testing Mon Jan 20 06:46:38 UTC 2020 /home/travis/build/icyphy/ptII/ptolemy/domains/de/test/auto/NonInterruptibleTimerZeroDelay.xml
----------------- Instantiating /home/travis/build/icyphy/ptII/ptolemy/domains/de/test/auto/NonInterruptibleTimerZeroDelay.xml
2 ms. Memory: 61440K Free: 44692K (73%)
----------------- Invoking toplevel() on ptolemy.moml.MoMLSimpleApplication@17f4ffe
----------------- Done invoking toplevel() on ptolemy.moml.MoMLSimpleApplication@17f4ffe
reloadAllAccessors: .NonInterruptibleTimerZeroDelay

===========================================================================================
----------------- testing Mon Jan 20 06:46:38 UTC 2020 /home/travis/build/icyphy/ptII/ptolemy/domains/de/test/auto/OpenQueueingNetwork.xml
----------------- Instantiating /home/travis/build/icyphy/ptII/ptolemy/domains/de/test/auto/OpenQueueingNetwork.xml
2816 ms. Memory: 129024K Free: 64978K (50%)
----------------- Invoking toplevel() on ptolemy.moml.MoMLSimpleApplication@471e23e2
----------------- Done invoking toplevel() on ptolemy.moml.MoMLSimpleApplication@471e23e2
reloadAllAccessors: .OpenQueueingNetwork

===========================================================================================
----------------- testing Mon Jan 20 06:46:41 UTC 2020 /home/travis/build/icyphy/ptII/ptolemy/domains/de/test/auto/OpenQueuingNetwork.xml
----------------- Instantiating /home/travis/build/icyphy/ptII/ptolemy/domains/de/test/auto/OpenQueuingNetwork.xml
272 ms. Memory: 155648K Free: 86304K (55%)
----------------- Invoking toplevel() on ptolemy.moml.MoMLSimpleApplication@10cb78d5
----------------- Done invoking toplevel() on ptolemy.moml.MoMLSimpleApplication@10cb78d5
reloadAllAccessors: .OpenQueuingNetwork

===========================================================================================
----------------- testing Mon Jan 20 06:46:41 UTC 2020 /home/travis/build/icyphy/ptII/ptolemy/domains/de/test/auto/PeriodicSampler.xml
----------------- Instantiating /home/travis/build/icyphy/ptII/ptolemy/domains/de/test/auto/PeriodicSampler.xml
2 ms. Memory: 155648K Free: 82208K (53%)
----------------- Invoking toplevel() on ptolemy.moml.MoMLSimpleApplication@33f2ffdd
----------------- Done invoking toplevel() on ptolemy.moml.MoMLSimpleApplication@33f2ffdd
reloadAllAccessors: .PeriodicSampler

===========================================================================================
----------------- testing Mon Jan 20 06:46:41 UTC 2020 /home/travis/build/icyphy/ptII/ptolemy/domains/de/test/auto/PersistentIO.xml
----------------- Instantiating /home/travis/build/icyphy/ptII/ptolemy/domains/de/test/auto/PersistentIO.xml
6 ms. Memory: 155648K Free: 72448K (47%)
----------------- Invoking toplevel() on ptolemy.moml.MoMLSimpleApplication@171119a4
----------------- Done invoking toplevel() on ptolemy.moml.MoMLSimpleApplication@171119a4
reloadAllAccessors: .PersistentIO

===========================================================================================
----------------- testing Mon Jan 20 06:46:41 UTC 2020 /home/travis/build/icyphy/ptII/ptolemy/domains/de/test/auto/PortParameterResetOnInitialize.xml
----------------- Instantiating /home/travis/build/icyphy/ptII/ptolemy/domains/de/test/auto/PortParameterResetOnInitialize.xml
1 ms. Memory: 155648K Free: 67872K (44%)
----------------- Invoking toplevel() on ptolemy.moml.MoMLSimpleApplication@138d5bfb
----------------- Done invoking toplevel() on ptolemy.moml.MoMLSimpleApplication@138d5bfb
reloadAllAccessors: .PortParameterResetOnInitialize

===========================================================================================
----------------- testing Mon Jan 20 06:46:41 UTC 2020 /home/travis/build/icyphy/ptII/ptolemy/domains/de/test/auto/PortParameterUpdates.xml
----------------- Instantiating /home/travis/build/icyphy/ptII/ptolemy/domains/de/test/auto/PortParameterUpdates.xml
3 ms. Memory: 155648K Free: 61200K (39%)
----------------- Invoking toplevel() on ptolemy.moml.MoMLSimpleApplication@78f445d4
----------------- Done invoking toplevel() on ptolemy.moml.MoMLSimpleApplication@78f445d4
reloadAllAccessors: .PortParameterUpdates

===========================================================================================
----------------- testing Mon Jan 20 06:46:41 UTC 2020 /home/travis/build/icyphy/ptII/ptolemy/domains/de/test/auto/QueueAndServer.xml
----------------- Instantiating /home/travis/build/icyphy/ptII/ptolemy/domains/de/test/auto/QueueAndServer.xml
5 ms. Memory: 155648K Free: 138086K (89%)
----------------- Invoking toplevel() on ptolemy.moml.MoMLSimpleApplication@2fe3a46a
----------------- Done invoking toplevel() on ptolemy.moml.MoMLSimpleApplication@2fe3a46a
reloadAllAccessors: .QueueAndServer

===========================================================================================
----------------- testing Mon Jan 20 06:46:41 UTC 2020 /home/travis/build/icyphy/ptII/ptolemy/domains/de/test/auto/Records.xml
----------------- Instantiating /home/travis/build/icyphy/ptII/ptolemy/domains/de/test/auto/Records.xml
4 ms. Memory: 155648K Free: 132452K (85%)
----------------- Invoking toplevel() on ptolemy.moml.MoMLSimpleApplication@685a0e1c
----------------- Done invoking toplevel() on ptolemy.moml.MoMLSimpleApplication@685a0e1c
reloadAllAccessors: .Records

===========================================================================================
----------------- testing Mon Jan 20 06:46:41 UTC 2020 /home/travis/build/icyphy/ptII/ptolemy/domains/de/test/auto/ResetTransitionWithStartTime1.xml
----------------- Instantiating /home/travis/build/icyphy/ptII/ptolemy/domains/de/test/auto/ResetTransitionWithStartTime1.xml
9 ms. Memory: 155648K Free: 124230K (80%)
----------------- Invoking toplevel() on ptolemy.moml.MoMLSimpleApplication@239778c2
----------------- Done invoking toplevel() on ptolemy.moml.MoMLSimpleApplication@239778c2
reloadAllAccessors: .ResetTransitionWithStartTime1

===========================================================================================
----------------- testing Mon Jan 20 06:46:41 UTC 2020 /home/travis/build/icyphy/ptII/ptolemy/domains/de/test/auto/ResetTransitionWithStartTime2.xml
----------------- Instantiating /home/travis/build/icyphy/ptII/ptolemy/domains/de/test/auto/ResetTransitionWithStartTime2.xml
5 ms. Memory: 155648K Free: 116038K (75%)
----------------- Invoking toplevel() on ptolemy.moml.MoMLSimpleApplication@7fd5b1c3
----------------- Done invoking toplevel() on ptolemy.moml.MoMLSimpleApplication@7fd5b1c3
reloadAllAccessors: .ResetTransitionWithStartTime2

===========================================================================================
----------------- testing Mon Jan 20 06:46:41 UTC 2020 /home/travis/build/icyphy/ptII/ptolemy/domains/de/test/auto/ResetTransitionWithStartTime3.xml
----------------- Instantiating /home/travis/build/icyphy/ptII/ptolemy/domains/de/test/auto/ResetTransitionWithStartTime3.xml
4 ms. Memory: 155648K Free: 107876K (69%)
----------------- Invoking toplevel() on ptolemy.moml.MoMLSimpleApplication@45aa6e07
----------------- Done invoking toplevel() on ptolemy.moml.MoMLSimpleApplication@45aa6e07
reloadAllAccessors: .ResetTransitionWithStartTime3

===========================================================================================
----------------- testing Mon Jan 20 06:46:41 UTC 2020 /home/travis/build/icyphy/ptII/ptolemy/domains/de/test/auto/ResetTransitionWithStartTime4.xml
----------------- Instantiating /home/travis/build/icyphy/ptII/ptolemy/domains/de/test/auto/ResetTransitionWithStartTime4.xml
3 ms. Memory: 155648K Free: 100198K (64%)
----------------- Invoking toplevel() on ptolemy.moml.MoMLSimpleApplication@502a5d6c
----------------- Done invoking toplevel() on ptolemy.moml.MoMLSimpleApplication@502a5d6c
reloadAllAccessors: .ResetTransitionWithStartTime4

===========================================================================================
----------------- testing Mon Jan 20 06:46:41 UTC 2020 /home/travis/build/icyphy/ptII/ptolemy/domains/de/test/auto/ResettableTimer1.xml
----------------- Instantiating /home/travis/build/icyphy/ptII/ptolemy/domains/de/test/auto/ResettableTimer1.xml
1 ms. Memory: 155648K Free: 96102K (62%)
----------------- Invoking toplevel() on ptolemy.moml.MoMLSimpleApplication@3c75a4a3
----------------- Done invoking toplevel() on ptolemy.moml.MoMLSimpleApplication@3c75a4a3
reloadAllAccessors: .ResettableTimer1

===========================================================================================
----------------- testing Mon Jan 20 06:46:41 UTC 2020 /home/travis/build/icyphy/ptII/ptolemy/domains/de/test/auto/ResettableTimer2.xml
----------------- Instantiating /home/travis/build/icyphy/ptII/ptolemy/domains/de/test/auto/ResettableTimer2.xml
1 ms. Memory: 155648K Free: 92006K (59%)
----------------- Invoking toplevel() on ptolemy.moml.MoMLSimpleApplication@14633a04
----------------- Done invoking toplevel() on ptolemy.moml.MoMLSimpleApplication@14633a04
reloadAllAccessors: .ResettableTimer2

===========================================================================================
----------------- testing Mon Jan 20 06:46:41 UTC 2020 /home/travis/build/icyphy/ptII/ptolemy/domains/de/test/auto/ResettableTimer3.xml
----------------- Instantiating /home/travis/build/icyphy/ptII/ptolemy/domains/de/test/auto/ResettableTimer3.xml
1 ms. Memory: 155648K Free: 87910K (56%)
----------------- Invoking toplevel() on ptolemy.moml.MoMLSimpleApplication@1b2445a5
----------------- Done invoking toplevel() on ptolemy.moml.MoMLSimpleApplication@1b2445a5
reloadAllAccessors: .ResettableTimer3

===========================================================================================
----------------- testing Mon Jan 20 06:46:41 UTC 2020 /home/travis/build/icyphy/ptII/ptolemy/domains/de/test/auto/ResettableTimer4.xml
----------------- Instantiating /home/travis/build/icyphy/ptII/ptolemy/domains/de/test/auto/ResettableTimer4.xml
0 ms. Memory: 155648K Free: 83814K (54%)
----------------- Invoking toplevel() on ptolemy.moml.MoMLSimpleApplication@3c6eaf63
----------------- Done invoking toplevel() on ptolemy.moml.MoMLSimpleApplication@3c6eaf63
reloadAllAccessors: .ResettableTimer4

===========================================================================================
----------------- testing Mon Jan 20 06:46:41 UTC 2020 /home/travis/build/icyphy/ptII/ptolemy/domains/de/test/auto/ResettableTimer5.xml
----------------- Instantiating /home/travis/build/icyphy/ptII/ptolemy/domains/de/test/auto/ResettableTimer5.xml
1 ms. Memory: 155648K Free: 79718K (51%)
----------------- Invoking toplevel() on ptolemy.moml.MoMLSimpleApplication@5e141283
----------------- Done invoking toplevel() on ptolemy.moml.MoMLSimpleApplication@5e141283
reloadAllAccessors: .ResettableTimer5

===========================================================================================
----------------- testing Mon Jan 20 06:46:41 UTC 2020 /home/travis/build/icyphy/ptII/ptolemy/domains/de/test/auto/ResettableTimer6.xml
----------------- Instantiating /home/travis/build/icyphy/ptII/ptolemy/domains/de/test/auto/ResettableTimer6.xml
6 ms. Memory: 155648K Free: 75105K (48%)
----------------- Invoking toplevel() on ptolemy.moml.MoMLSimpleApplication@70dc36d7
----------------- Done invoking toplevel() on ptolemy.moml.MoMLSimpleApplication@70dc36d7
reloadAllAccessors: .ResettableTimer6

===========================================================================================
----------------- testing Mon Jan 20 06:46:41 UTC 2020 /home/travis/build/icyphy/ptII/ptolemy/domains/de/test/auto/ServerZeroDelay.xml
----------------- Instantiating /home/travis/build/icyphy/ptII/ptolemy/domains/de/test/auto/ServerZeroDelay.xml
2 ms. Memory: 155648K Free: 70982K (46%)
----------------- Invoking toplevel() on ptolemy.moml.MoMLSimpleApplication@2f3531eb
----------------- Done invoking toplevel() on ptolemy.moml.MoMLSimpleApplication@2f3531eb
reloadAllAccessors: .ServerZeroDelay

===========================================================================================
----------------- testing Mon Jan 20 06:46:42 UTC 2020 /home/travis/build/icyphy/ptII/ptolemy/domains/de/test/auto/SmartSender.xml
----------------- Instantiating /home/travis/build/icyphy/ptII/ptolemy/domains/de/test/auto/SmartSender.xml
3002 ms. Memory: 155648K Free: 66916K (43%)
----------------- Invoking toplevel() on ptolemy.moml.MoMLSimpleApplication@71410d0
----------------- Done invoking toplevel() on ptolemy.moml.MoMLSimpleApplication@71410d0
reloadAllAccessors: .SmartSender

===========================================================================================
----------------- testing Mon Jan 20 06:46:45 UTC 2020 /home/travis/build/icyphy/ptII/ptolemy/domains/de/test/auto/ThreadedComposite.xml
----------------- Instantiating /home/travis/build/icyphy/ptII/ptolemy/domains/de/test/auto/ThreadedComposite.xml
116 ms. Memory: 155648K Free: 134614K (86%)
----------------- Invoking toplevel() on ptolemy.moml.MoMLSimpleApplication@cb6f567
----------------- Done invoking toplevel() on ptolemy.moml.MoMLSimpleApplication@cb6f567
reloadAllAccessors: .ThreadedComposite

===========================================================================================
----------------- testing Mon Jan 20 06:46:45 UTC 2020 /home/travis/build/icyphy/ptII/ptolemy/domains/de/test/auto/Time.xml
----------------- Instantiating /home/travis/build/icyphy/ptII/ptolemy/domains/de/test/auto/Time.xml
450 ms. Memory: 155648K Free: 78062K (50%)
----------------- Invoking toplevel() on ptolemy.moml.MoMLSimpleApplication@3273473d
----------------- Done invoking toplevel() on ptolemy.moml.MoMLSimpleApplication@3273473d
reloadAllAccessors: .Time

===========================================================================================
----------------- testing Mon Jan 20 06:46:45 UTC 2020 /home/travis/build/icyphy/ptII/ptolemy/domains/de/test/auto/TimeDelayZeroDelay.xml
----------------- Instantiating /home/travis/build/icyphy/ptII/ptolemy/domains/de/test/auto/TimeDelayZeroDelay.xml
2 ms. Memory: 155648K Free: 73936K (48%)
----------------- Invoking toplevel() on ptolemy.moml.MoMLSimpleApplication@16b4fc69
----------------- Done invoking toplevel() on ptolemy.moml.MoMLSimpleApplication@16b4fc69
reloadAllAccessors: .TimeDelayZeroDelay

===========================================================================================
----------------- testing Mon Jan 20 06:46:45 UTC 2020 /home/travis/build/icyphy/ptII/ptolemy/domains/de/test/auto/TimerZeroDelay.xml
----------------- Instantiating /home/travis/build/icyphy/ptII/ptolemy/domains/de/test/auto/TimerZeroDelay.xml
2 ms. Memory: 155648K Free: 69856K (45%)
----------------- Invoking toplevel() on ptolemy.moml.MoMLSimpleApplication@7fdc5a03
----------------- Done invoking toplevel() on ptolemy.moml.MoMLSimpleApplication@7fdc5a03
reloadAllAccessors: .TimerZeroDelay

===========================================================================================
----------------- testing Mon Jan 20 06:46:45 UTC 2020 /home/travis/build/icyphy/ptII/ptolemy/domains/de/test/auto/TimingParadox.xml
----------------- Instantiating /home/travis/build/icyphy/ptII/ptolemy/domains/de/test/auto/TimingParadox.xml
325 ms. Memory: 155648K Free: 92348K (59%)
----------------- Invoking toplevel() on ptolemy.moml.MoMLSimpleApplication@5db26dde
----------------- Done invoking toplevel() on ptolemy.moml.MoMLSimpleApplication@5db26dde
reloadAllAccessors: .TimingParadox

===========================================================================================
----------------- testing Mon Jan 20 06:46:46 UTC 2020 /home/travis/build/icyphy/ptII/ptolemy/domains/de/test/auto/TransferInputs.xml
----------------- Instantiating /home/travis/build/icyphy/ptII/ptolemy/domains/de/test/auto/TransferInputs.xml
2 ms. Memory: 155648K Free: 87724K (56%)
----------------- Invoking toplevel() on ptolemy.moml.MoMLSimpleApplication@78c0445f
----------------- Done invoking toplevel() on ptolemy.moml.MoMLSimpleApplication@78c0445f
reloadAllAccessors: .TransferInputs

===========================================================================================
----------------- testing Mon Jan 20 06:46:46 UTC 2020 /home/travis/build/icyphy/ptII/ptolemy/domains/de/test/auto/TransferOutputs2.xml
----------------- Instantiating /home/travis/build/icyphy/ptII/ptolemy/domains/de/test/auto/TransferOutputs2.xml
3 ms. Memory: 155648K Free: 79546K (51%)
----------------- Invoking toplevel() on ptolemy.moml.MoMLSimpleApplication@6f7ffbf
----------------- Done invoking toplevel() on ptolemy.moml.MoMLSimpleApplication@6f7ffbf
reloadAllAccessors: .TransferOutputs2

===========================================================================================
----------------- testing Mon Jan 20 06:46:46 UTC 2020 /home/travis/build/icyphy/ptII/ptolemy/domains/de/test/auto/Trilateration.xml
----------------- Instantiating /home/travis/build/icyphy/ptII/ptolemy/domains/de/test/auto/Trilateration.xml
10349 ms. Memory: 350208K Free: 249881K (71%)
----------------- Invoking toplevel() on ptolemy.moml.MoMLSimpleApplication@ec4e30b
----------------- Done invoking toplevel() on ptolemy.moml.MoMLSimpleApplication@ec4e30b
reloadAllAccessors: .Trilateration

===========================================================================================
----------------- testing Mon Jan 20 06:46:57 UTC 2020 /home/travis/build/icyphy/ptII/ptolemy/domains/de/test/auto/TwoSigmaDelta.xml
----------------- Instantiating /home/travis/build/icyphy/ptII/ptolemy/domains/de/test/auto/TwoSigmaDelta.xml
1522 ms. Memory: 350208K Free: 257084K (73%)
----------------- Invoking toplevel() on ptolemy.moml.MoMLSimpleApplication@46221f26
----------------- Done invoking toplevel() on ptolemy.moml.MoMLSimpleApplication@46221f26
reloadAllAccessors: .TwoSigmaDelta

===========================================================================================
----------------- testing Mon Jan 20 06:46:58 UTC 2020 /home/travis/build/icyphy/ptII/ptolemy/domains/de/test/auto/VariableDelay.xml
----------------- Instantiating /home/travis/build/icyphy/ptII/ptolemy/domains/de/test/auto/VariableDelay.xml
1 ms. Memory: 350208K Free: 251934K (72%)
----------------- Invoking toplevel() on ptolemy.moml.MoMLSimpleApplication@163fecf8
----------------- Done invoking toplevel() on ptolemy.moml.MoMLSimpleApplication@163fecf8
reloadAllAccessors: .VariableDelay

===========================================================================================
----------------- testing Mon Jan 20 06:46:58 UTC 2020 /home/travis/build/icyphy/ptII/ptolemy/domains/de/test/auto/VariableDelay2.xml
----------------- Instantiating /home/travis/build/icyphy/ptII/ptolemy/domains/de/test/auto/VariableDelay2.xml
2 ms. Memory: 350208K Free: 247358K (71%)
----------------- Invoking toplevel() on ptolemy.moml.MoMLSimpleApplication@12bc2214
----------------- Done invoking toplevel() on ptolemy.moml.MoMLSimpleApplication@12bc2214
reloadAllAccessors: .VariableDelay2

===========================================================================================
----------------- testing Mon Jan 20 06:46:58 UTC 2020 /home/travis/build/icyphy/ptII/ptolemy/domains/de/test/auto/VariableDelayZeroDelay.xml
----------------- Instantiating /home/travis/build/icyphy/ptII/ptolemy/domains/de/test/auto/VariableDelayZeroDelay.xml
4 ms. Memory: 350208K Free: 243262K (69%)
----------------- Invoking toplevel() on ptolemy.moml.MoMLSimpleApplication@3daf3e91
----------------- Done invoking toplevel() on ptolemy.moml.MoMLSimpleApplication@3daf3e91
reloadAllAccessors: .VariableDelayZeroDelay

===========================================================================================
----------------- testing Mon Jan 20 06:46:58 UTC 2020 /home/travis/build/icyphy/ptII/ptolemy/domains/de/test/auto/VariableDelayZeroDelay2.xml
----------------- Instantiating /home/travis/build/icyphy/ptII/ptolemy/domains/de/test/auto/VariableDelayZeroDelay2.xml
2 ms. Memory: 350208K Free: 238652K (68%)
----------------- Invoking toplevel() on ptolemy.moml.MoMLSimpleApplication@7b2b7eac
----------------- Done invoking toplevel() on ptolemy.moml.MoMLSimpleApplication@7b2b7eac
reloadAllAccessors: .VariableDelayZeroDelay2

===========================================================================================
----------------- testing Mon Jan 20 06:46:58 UTC 2020 /home/travis/build/icyphy/ptII/ptolemy/domains/de/test/auto/deInCt.xml
----------------- Instantiating /home/travis/build/icyphy/ptII/ptolemy/domains/de/test/auto/deInCt.xml
0
1
1
1
1
1
1
0
0
1
1
1
0
0
0
0
1
1
1
0
0
0
1
1
1
0
0
0
0
1
1
1
0
0
0
0
5 ms. Memory: 350208K Free: 233532K (67%)
----------------- Invoking toplevel() on ptolemy.moml.MoMLSimpleApplication@6b881c20
----------------- Done invoking toplevel() on ptolemy.moml.MoMLSimpleApplication@6b881c20
reloadAllAccessors: .deInCt

===========================================================================================
----------------- testing Mon Jan 20 06:46:58 UTC 2020 /home/travis/build/icyphy/ptII/ptolemy/domains/de/test/auto/deInCt2.xml
----------------- Instantiating /home/travis/build/icyphy/ptII/ptolemy/domains/de/test/auto/deInCt2.xml
0
1
1
1
0
0
1
1
1
0
0
1
1
1
0
0
1
1
1
0
0
1
1
1
0
0
1
1
1
0
0
1
1
1
0
0
1
1
1
0
0
0
6 ms. Memory: 350208K Free: 228406K (65%)
----------------- Invoking toplevel() on ptolemy.moml.MoMLSimpleApplication@c4d834e
----------------- Done invoking toplevel() on ptolemy.moml.MoMLSimpleApplication@c4d834e
reloadAllAccessors: .deInCt2

===========================================================================================
----------------- testing Mon Jan 20 06:46:58 UTC 2020 /home/travis/build/icyphy/ptII/ptolemy/domains/de/test/auto/dynamicCausalityInterface1.xml
----------------- Instantiating /home/travis/build/icyphy/ptII/ptolemy/domains/de/test/auto/dynamicCausalityInterface1.xml
1 ms. Memory: 350208K Free: 219196K (63%)
----------------- Invoking toplevel() on ptolemy.moml.MoMLSimpleApplication@1438d5c8
----------------- Done invoking toplevel() on ptolemy.moml.MoMLSimpleApplication@1438d5c8
reloadAllAccessors: .dynamicCausalityInterface1

===========================================================================================
----------------- testing Mon Jan 20 06:46:58 UTC 2020 /home/travis/build/icyphy/ptII/ptolemy/domains/de/test/auto/fsm_de_test.xml
----------------- Instantiating /home/travis/build/icyphy/ptII/ptolemy/domains/de/test/auto/fsm_de_test.xml
4 ms. Memory: 350208K Free: 209950K (60%)
----------------- Invoking toplevel() on ptolemy.moml.MoMLSimpleApplication@fa2c718
----------------- Done invoking toplevel() on ptolemy.moml.MoMLSimpleApplication@fa2c718
reloadAllAccessors: .fsm_de_test

===========================================================================================
----------------- testing Mon Jan 20 06:46:58 UTC 2020 /home/travis/build/icyphy/ptII/ptolemy/domains/de/test/auto/functionDependencyReconstruction.xml
----------------- Instantiating /home/travis/build/icyphy/ptII/ptolemy/domains/de/test/auto/functionDependencyReconstruction.xml
2 ms. Memory: 350208K Free: 195134K (56%)
----------------- Invoking toplevel() on ptolemy.moml.MoMLSimpleApplication@1090436
----------------- Done invoking toplevel() on ptolemy.moml.MoMLSimpleApplication@1090436
reloadAllAccessors: .functionDependencyReconstruction

===========================================================================================
----------------- testing Mon Jan 20 06:46:58 UTC 2020 /home/travis/build/icyphy/ptII/ptolemy/domains/de/test/auto/multirate.xml
----------------- Instantiating /home/travis/build/icyphy/ptII/ptolemy/domains/de/test/auto/multirate.xml
2 ms. Memory: 350208K Free: 188462K (54%)
----------------- Invoking toplevel() on ptolemy.moml.MoMLSimpleApplication@4da7d50b
----------------- Done invoking toplevel() on ptolemy.moml.MoMLSimpleApplication@4da7d50b
reloadAllAccessors: .multirate

===========================================================================================
----------------- testing Mon Jan 20 06:46:58 UTC 2020 /home/travis/build/icyphy/ptII/ptolemy/domains/de/test/auto/multirate2.xml
----------------- Instantiating /home/travis/build/icyphy/ptII/ptolemy/domains/de/test/auto/multirate2.xml
2 ms. Memory: 350208K Free: 181822K (52%)
----------------- Invoking toplevel() on ptolemy.moml.MoMLSimpleApplication@55017eb5
----------------- Done invoking toplevel() on ptolemy.moml.MoMLSimpleApplication@55017eb5
reloadAllAccessors: .multirate2

===========================================================================================
----------------- testing Mon Jan 20 06:46:58 UTC 2020 /home/travis/build/icyphy/ptII/ptolemy/domains/de/test/auto/realtime.xml
----------------- Instantiating /home/travis/build/icyphy/ptII/ptolemy/domains/de/test/auto/realtime.xml
10001 ms. Memory: 350208K Free: 177212K (51%)
----------------- Invoking toplevel() on ptolemy.moml.MoMLSimpleApplication@b4160c1
----------------- Done invoking toplevel() on ptolemy.moml.MoMLSimpleApplication@b4160c1
reloadAllAccessors: .realtime

===========================================================================================
----------------- testing Mon Jan 20 06:47:08 UTC 2020 /home/travis/build/icyphy/ptII/ptolemy/domains/de/test/auto/relationGroup.xml
----------------- Instantiating /home/travis/build/icyphy/ptII/ptolemy/domains/de/test/auto/relationGroup.xml
1 ms. Memory: 350208K Free: 173630K (50%)
----------------- Invoking toplevel() on ptolemy.moml.MoMLSimpleApplication@705a4e61
----------------- Done invoking toplevel() on ptolemy.moml.MoMLSimpleApplication@705a4e61
reloadAllAccessors: .relationGroup

===========================================================================================
----------------- testing Mon Jan 20 06:47:08 UTC 2020 /home/travis/build/icyphy/ptII/ptolemy/domains/de/test/auto/relationGroup2.xml
----------------- Instantiating /home/travis/build/icyphy/ptII/ptolemy/domains/de/test/auto/relationGroup2.xml
1 ms. Memory: 350208K Free: 170044K (49%)
----------------- Invoking toplevel() on ptolemy.moml.MoMLSimpleApplication@1708d39a
----------------- Done invoking toplevel() on ptolemy.moml.MoMLSimpleApplication@1708d39a
reloadAllAccessors: .relationGroup2

===========================================================================================
----------------- testing Mon Jan 20 06:47:08 UTC 2020 /home/travis/build/icyphy/ptII/ptolemy/domains/de/test/auto/sortWithOpaquePorts.xml
----------------- Instantiating /home/travis/build/icyphy/ptII/ptolemy/domains/de/test/auto/sortWithOpaquePorts.xml
1 ms. Memory: 350208K Free: 165438K (47%)
----------------- Invoking toplevel() on ptolemy.moml.MoMLSimpleApplication@5865ac17
----------------- Done invoking toplevel() on ptolemy.moml.MoMLSimpleApplication@5865ac17
reloadAllAccessors: .sortWithOpaquePorts

===========================================================================================
----------------- testing Mon Jan 20 06:47:08 UTC 2020 /home/travis/build/icyphy/ptII/ptolemy/domains/de/test/auto/transferInputsandOutputs.xml
----------------- Instantiating /home/travis/build/icyphy/ptII/ptolemy/domains/de/test/auto/transferInputsandOutputs.xml
2 ms. Memory: 350208K Free: 158270K (45%)
----------------- Invoking toplevel() on ptolemy.moml.MoMLSimpleApplication@6551ea3f
----------------- Done invoking toplevel() on ptolemy.moml.MoMLSimpleApplication@6551ea3f
reloadAllAccessors: .transferInputsandOutputs

===========================================================================================
----------------- testing Mon Jan 20 06:47:08 UTC 2020 /home/travis/build/icyphy/ptII/ptolemy/domains/de/test/auto/triggerType.xml
----------------- Instantiating /home/travis/build/icyphy/ptII/ptolemy/domains/de/test/auto/triggerType.xml
5 ms. Memory: 350208K Free: 154174K (44%)
----------------- Invoking toplevel() on ptolemy.moml.MoMLSimpleApplication@79f8499a
----------------- Done invoking toplevel() on ptolemy.moml.MoMLSimpleApplication@79f8499a
reloadAllAccessors: .triggerType
AutoTests.java: About to close Vertx.
AutoTests.java: Vertx closed.
]]></system-out>
  <system-err><![CDATA[java.lang.RuntimeException: Execution failed
	at ptolemy.moml.MoMLSimpleApplication$UnloadThread.run(MoMLSimpleApplication.java:402)
Caused by: ptolemy.kernel.util.IllegalActionException: Found a zero delay loop containing .dependencyLoop.original
  in .dependencyLoop and .dependencyLoop.original
	at ptolemy.actor.util.CausalityInterfaceForComposites._computeOutputPortDepth(CausalityInterfaceForComposites.java:759)
	at ptolemy.actor.util.CausalityInterfaceForComposites._computeInputDepth(CausalityInterfaceForComposites.java:696)
	at ptolemy.actor.util.CausalityInterfaceForComposites._computeOutputPortDepth(CausalityInterfaceForComposites.java:765)
	at ptolemy.actor.util.CausalityInterfaceForComposites._computeInputDepth(CausalityInterfaceForComposites.java:696)
	at ptolemy.actor.util.CausalityInterfaceForComposites._computeOutputPortDepth(CausalityInterfaceForComposites.java:765)
	at ptolemy.actor.util.CausalityInterfaceForComposites._computeInputDepth(CausalityInterfaceForComposites.java:696)
	at ptolemy.actor.util.CausalityInterfaceForComposites._computeActorDepth(CausalityInterfaceForComposites.java:532)
	at ptolemy.actor.util.CausalityInterfaceForComposites.checkForCycles(CausalityInterfaceForComposites.java:96)
	at ptolemy.domains.de.kernel.DEDirector.preinitialize(DEDirector.java:1338)
	at ptolemy.actor.CompositeActor.preinitialize(CompositeActor.java:1828)
	at ptolemy.actor.Manager.preinitializeAndResolveTypes(Manager.java:1040)
	at ptolemy.actor.Manager.initialize(Manager.java:710)
	at ptolemy.actor.Manager.execute(Manager.java:356)
	at ptolemy.actor.Manager.run(Manager.java:1263)
	at ptolemy.actor.Manager$PtolemyRunThread.run(Manager.java:1933)
java.lang.RuntimeException: Execution failed
	at ptolemy.moml.MoMLSimpleApplication$UnloadThread.run(MoMLSimpleApplication.java:402)
Caused by: ptolemy.kernel.util.IllegalActionException: Found a zero delay loop containing .dependencyLoop2.original
  in .dependencyLoop2 and .dependencyLoop2.original
	at ptolemy.actor.util.CausalityInterfaceForComposites._computeOutputPortDepth(CausalityInterfaceForComposites.java:759)
	at ptolemy.actor.util.CausalityInterfaceForComposites._computeInputDepth(CausalityInterfaceForComposites.java:696)
	at ptolemy.actor.util.CausalityInterfaceForComposites._computeOutputPortDepth(CausalityInterfaceForComposites.java:765)
	at ptolemy.actor.util.CausalityInterfaceForComposites._computeInputDepth(CausalityInterfaceForComposites.java:696)
	at ptolemy.actor.util.CausalityInterfaceForComposites._computeOutputPortDepth(CausalityInterfaceForComposites.java:765)
	at ptolemy.actor.util.CausalityInterfaceForComposites._computeInputDepth(CausalityInterfaceForComposites.java:696)
	at ptolemy.actor.util.CausalityInterfaceForComposites._computeActorDepth(CausalityInterfaceForComposites.java:532)
	at ptolemy.actor.util.CausalityInterfaceForComposites.checkForCycles(CausalityInterfaceForComposites.java:96)
	at ptolemy.domains.de.kernel.DEDirector.preinitialize(DEDirector.java:1338)
	at ptolemy.actor.CompositeActor.preinitialize(CompositeActor.java:1828)
	at ptolemy.actor.Manager.preinitializeAndResolveTypes(Manager.java:1040)
	at ptolemy.actor.Manager.initialize(Manager.java:710)
	at ptolemy.actor.Manager.execute(Manager.java:356)
	at ptolemy.actor.Manager.run(Manager.java:1263)
	at ptolemy.actor.Manager$PtolemyRunThread.run(Manager.java:1933)
java.lang.RuntimeException: Execution failed
	at ptolemy.moml.MoMLSimpleApplication$UnloadThread.run(MoMLSimpleApplication.java:402)
Caused by: ptolemy.kernel.util.IllegalActionException: Test fails in iteration 1.
Value was: 1.0. Should have been: 2.0
  in .DirectFeedback.Test
	at ptolemy.actor.lib.Test.fire(Test.java:268)
	at ptolemy.domains.de.kernel.DEDirector._fire(DEDirector.java:1949)
	at ptolemy.domains.de.kernel.DEDirector.fire(DEDirector.java:502)
	at ptolemy.actor.CompositeActor.fire(CompositeActor.java:455)
	at ptolemy.actor.Manager.iterate(Manager.java:851)
	at ptolemy.actor.Manager.execute(Manager.java:369)
	at ptolemy.actor.Manager.run(Manager.java:1263)
	at ptolemy.actor.Manager$PtolemyRunThread.run(Manager.java:1933)
java.lang.RuntimeException: Execution failed
	at ptolemy.moml.MoMLSimpleApplication$UnloadThread.run(MoMLSimpleApplication.java:402)
Caused by: ptolemy.kernel.util.IllegalActionException: Found a zero delay loop containing .dependencyLoop.original
  in .dependencyLoop and .dependencyLoop.original
	at ptolemy.actor.util.CausalityInterfaceForComposites._computeOutputPortDepth(CausalityInterfaceForComposites.java:759)
	at ptolemy.actor.util.CausalityInterfaceForComposites._computeInputDepth(CausalityInterfaceForComposites.java:696)
	at ptolemy.actor.util.CausalityInterfaceForComposites._computeOutputPortDepth(CausalityInterfaceForComposites.java:765)
	at ptolemy.actor.util.CausalityInterfaceForComposites._computeInputDepth(CausalityInterfaceForComposites.java:696)
	at ptolemy.actor.util.CausalityInterfaceForComposites._computeOutputPortDepth(CausalityInterfaceForComposites.java:765)
	at ptolemy.actor.util.CausalityInterfaceForComposites._computeInputDepth(CausalityInterfaceForComposites.java:696)
	at ptolemy.actor.util.CausalityInterfaceForComposites._computeActorDepth(CausalityInterfaceForComposites.java:532)
	at ptolemy.actor.util.CausalityInterfaceForComposites.checkForCycles(CausalityInterfaceForComposites.java:96)
	at ptolemy.domains.de.kernel.DEDirector.preinitialize(DEDirector.java:1338)
	at ptolemy.actor.CompositeActor.preinitialize(CompositeActor.java:1828)
	at ptolemy.actor.Manager.preinitializeAndResolveTypes(Manager.java:1040)
	at ptolemy.actor.Manager.initialize(Manager.java:710)
	at ptolemy.actor.Manager.execute(Manager.java:356)
	at ptolemy.actor.Manager.run(Manager.java:1263)
	at ptolemy.actor.Manager$PtolemyRunThread.run(Manager.java:1933)
java.lang.RuntimeException: Execution failed
	at ptolemy.moml.MoMLSimpleApplication$UnloadThread.run(MoMLSimpleApplication.java:402)
Caused by: ptolemy.kernel.util.IllegalActionException: Found a zero delay loop containing .HierarchicalModel.A
  in .HierarchicalModel and .HierarchicalModel.A
	at ptolemy.actor.util.CausalityInterfaceForComposites._computeOutputPortDepth(CausalityInterfaceForComposites.java:759)
	at ptolemy.actor.util.CausalityInterfaceForComposites._computeInputDepth(CausalityInterfaceForComposites.java:696)
	at ptolemy.actor.util.CausalityInterfaceForComposites._computeOutputPortDepth(CausalityInterfaceForComposites.java:765)
	at ptolemy.actor.util.CausalityInterfaceForComposites._computeInputDepth(CausalityInterfaceForComposites.java:696)
	at ptolemy.actor.util.CausalityInterfaceForComposites._computeOutputPortDepth(CausalityInterfaceForComposites.java:765)
	at ptolemy.actor.util.CausalityInterfaceForComposites._computeInputDepth(CausalityInterfaceForComposites.java:696)
	at ptolemy.actor.util.CausalityInterfaceForComposites._computeActorDepth(CausalityInterfaceForComposites.java:532)
	at ptolemy.actor.util.CausalityInterfaceForComposites.checkForCycles(CausalityInterfaceForComposites.java:96)
	at ptolemy.domains.de.kernel.DEDirector.preinitialize(DEDirector.java:1338)
	at ptolemy.actor.CompositeActor.preinitialize(CompositeActor.java:1828)
	at ptolemy.actor.Manager.preinitializeAndResolveTypes(Manager.java:1040)
	at ptolemy.actor.Manager.initialize(Manager.java:710)
	at ptolemy.actor.Manager.execute(Manager.java:356)
	at ptolemy.actor.Manager.run(Manager.java:1263)
	at ptolemy.actor.Manager$PtolemyRunThread.run(Manager.java:1933)
java.lang.RuntimeException: Execution failed
	at ptolemy.moml.MoMLSimpleApplication$UnloadThread.run(MoMLSimpleApplication.java:402)
Caused by: ptolemy.kernel.util.IllegalActionException: Found a zero delay loop containing .dependencyLoop2.original
  in .dependencyLoop2 and .dependencyLoop2.original
	at ptolemy.actor.util.CausalityInterfaceForComposites._computeOutputPortDepth(CausalityInterfaceForComposites.java:759)
	at ptolemy.actor.util.CausalityInterfaceForComposites._computeInputDepth(CausalityInterfaceForComposites.java:696)
	at ptolemy.actor.util.CausalityInterfaceForComposites._computeOutputPortDepth(CausalityInterfaceForComposites.java:765)
	at ptolemy.actor.util.CausalityInterfaceForComposites._computeInputDepth(CausalityInterfaceForComposites.java:696)
	at ptolemy.actor.util.CausalityInterfaceForComposites._computeOutputPortDepth(CausalityInterfaceForComposites.java:765)
	at ptolemy.actor.util.CausalityInterfaceForComposites._computeInputDepth(CausalityInterfaceForComposites.java:696)
	at ptolemy.actor.util.CausalityInterfaceForComposites._computeActorDepth(CausalityInterfaceForComposites.java:532)
	at ptolemy.actor.util.CausalityInterfaceForComposites.checkForCycles(CausalityInterfaceForComposites.java:96)
	at ptolemy.domains.de.kernel.DEDirector.preinitialize(DEDirector.java:1338)
	at ptolemy.actor.CompositeActor.preinitialize(CompositeActor.java:1828)
	at ptolemy.actor.Manager.preinitializeAndResolveTypes(Manager.java:1040)
	at ptolemy.actor.Manager.initialize(Manager.java:710)
	at ptolemy.actor.Manager.execute(Manager.java:356)
	at ptolemy.actor.Manager.run(Manager.java:1263)
	at ptolemy.actor.Manager$PtolemyRunThread.run(Manager.java:1933)
java.lang.RuntimeException: Execution failed
	at ptolemy.moml.MoMLSimpleApplication$UnloadThread.run(MoMLSimpleApplication.java:402)
Caused by: ptolemy.kernel.util.IllegalActionException: Actor is not ready to fire.  Perhaps UpSample.prefire() returned false? Try debugging the actor by selecting "Listen to Actor".  Also, for SDF check moml for tokenConsumptionRate on input.
  in .DESDFClockTest.Play Bell.Copy1:SDF Director and .DESDFClockTest.Play Bell.UpSample
	at ptolemy.actor.sched.StaticSchedulingDirector.fire(StaticSchedulingDirector.java:227)
	at ptolemy.domains.sdf.kernel.SDFDirector.fire(SDFDirector.java:500)
	at ptolemy.actor.CompositeActor.fire(CompositeActor.java:455)
	at ptolemy.domains.de.kernel.DEDirector._fire(DEDirector.java:1949)
	at ptolemy.domains.de.kernel.DEDirector.fire(DEDirector.java:502)
	at ptolemy.actor.CompositeActor.fire(CompositeActor.java:455)
	at ptolemy.actor.Manager.iterate(Manager.java:851)
	at ptolemy.actor.Manager.execute(Manager.java:369)
	at ptolemy.actor.Manager.run(Manager.java:1263)
	at ptolemy.actor.Manager$PtolemyRunThread.run(Manager.java:1933)
java.lang.RuntimeException: Execution failed
	at ptolemy.moml.MoMLSimpleApplication$UnloadThread.run(MoMLSimpleApplication.java:402)
Caused by: ptolemy.kernel.util.IllegalActionException: Actor is not ready to fire.  Perhaps UpSample.prefire() returned false? Try debugging the actor by selecting "Listen to Actor".  Also, for SDF check moml for tokenConsumptionRate on input.
  in .DESDFClockTest.Play Bell.Copy1:SDF Director and .DESDFClockTest.Play Bell.UpSample
	at ptolemy.actor.sched.StaticSchedulingDirector.fire(StaticSchedulingDirector.java:227)
	at ptolemy.domains.sdf.kernel.SDFDirector.fire(SDFDirector.java:500)
	at ptolemy.actor.CompositeActor.fire(CompositeActor.java:455)
	at ptolemy.domains.de.kernel.DEDirector._fire(DEDirector.java:1949)
	at ptolemy.domains.de.kernel.DEDirector.fire(DEDirector.java:502)
	at ptolemy.actor.CompositeActor.fire(CompositeActor.java:455)
	at ptolemy.actor.Manager.iterate(Manager.java:851)
	at ptolemy.actor.Manager.execute(Manager.java:369)
	at ptolemy.actor.Manager.run(Manager.java:1263)
	at ptolemy.actor.Manager$PtolemyRunThread.run(Manager.java:1933)
java.lang.reflect.InvocationTargetException
	at java.base/jdk.internal.reflect.NativeConstructorAccessorImpl.newInstance0(Native Method)
	at java.base/jdk.internal.reflect.NativeConstructorAccessorImpl.newInstance(NativeConstructorAccessorImpl.java:62)
	at java.base/jdk.internal.reflect.DelegatingConstructorAccessorImpl.newInstance(DelegatingConstructorAccessorImpl.java:45)
	at java.base/java.lang.reflect.Constructor.newInstance(Constructor.java:490)
	at ptolemy.util.test.junit.AutoKnownFailedTests.RunModel(AutoKnownFailedTests.java:105)
	at java.base/jdk.internal.reflect.NativeMethodAccessorImpl.invoke0(Native Method)
	at java.base/jdk.internal.reflect.NativeMethodAccessorImpl.invoke(NativeMethodAccessorImpl.java:62)
	at java.base/jdk.internal.reflect.DelegatingMethodAccessorImpl.invoke(DelegatingMethodAccessorImpl.java:43)
	at java.base/java.lang.reflect.Method.invoke(Method.java:566)
	at org.junit.runners.model.FrameworkMethod$1.runReflectiveCall(FrameworkMethod.java:44)
	at org.junit.internal.runners.model.ReflectiveCallable.run(ReflectiveCallable.java:15)
	at org.junit.runners.model.FrameworkMethod.invokeExplosively(FrameworkMethod.java:41)
	at junitparams.internal.InvokeParameterisedMethod.evaluate(InvokeParameterisedMethod.java:102)
	at org.junit.internal.runners.statements.FailOnTimeout$1.run(FailOnTimeout.java:28)
Caused by: ptolemy.kernel.util.IllegalActionException: Actor is not ready to fire.  Perhaps UpSample.prefire() returned false? Try debugging the actor by selecting "Listen to Actor".  Also, for SDF check moml for tokenConsumptionRate on input.
  in .DESDFClockTest.Play Bell.Copy1:SDF Director and .DESDFClockTest.Play Bell.UpSample
	at ptolemy.actor.sched.StaticSchedulingDirector.fire(StaticSchedulingDirector.java:227)
	at ptolemy.domains.sdf.kernel.SDFDirector.fire(SDFDirector.java:500)
	at ptolemy.actor.CompositeActor.fire(CompositeActor.java:455)
	at ptolemy.domains.de.kernel.DEDirector._fire(DEDirector.java:1949)
	at ptolemy.domains.de.kernel.DEDirector.fire(DEDirector.java:502)
	at ptolemy.actor.CompositeActor.fire(CompositeActor.java:455)
	at ptolemy.actor.Manager.iterate(Manager.java:851)
	at ptolemy.actor.Manager.execute(Manager.java:369)
	at ptolemy.actor.Manager.run(Manager.java:1263)
	at ptolemy.actor.Manager$PtolemyRunThread.run(Manager.java:1933)
java.lang.RuntimeException: Execution failed
	at ptolemy.moml.MoMLSimpleApplication$UnloadThread.run(MoMLSimpleApplication.java:402)
Caused by: ptolemy.kernel.util.IllegalActionException: Test fails in iteration 1.
Value was: 1.0. Should have been: 2.0
  in .DirectFeedback.Test
	at ptolemy.actor.lib.Test.fire(Test.java:268)
	at ptolemy.domains.de.kernel.DEDirector._fire(DEDirector.java:1949)
	at ptolemy.domains.de.kernel.DEDirector.fire(DEDirector.java:502)
	at ptolemy.actor.CompositeActor.fire(CompositeActor.java:455)
	at ptolemy.actor.Manager.iterate(Manager.java:851)
	at ptolemy.actor.Manager.execute(Manager.java:369)
	at ptolemy.actor.Manager.run(Manager.java:1263)
	at ptolemy.actor.Manager$PtolemyRunThread.run(Manager.java:1933)
java.lang.reflect.InvocationTargetException
	at java.base/jdk.internal.reflect.NativeConstructorAccessorImpl.newInstance0(Native Method)
	at java.base/jdk.internal.reflect.NativeConstructorAccessorImpl.newInstance(NativeConstructorAccessorImpl.java:62)
	at java.base/jdk.internal.reflect.DelegatingConstructorAccessorImpl.newInstance(DelegatingConstructorAccessorImpl.java:45)
	at java.base/java.lang.reflect.Constructor.newInstance(Constructor.java:490)
	at ptolemy.util.test.junit.AutoKnownFailedTests.RunModel(AutoKnownFailedTests.java:105)
	at java.base/jdk.internal.reflect.NativeMethodAccessorImpl.invoke0(Native Method)
	at java.base/jdk.internal.reflect.NativeMethodAccessorImpl.invoke(NativeMethodAccessorImpl.java:62)
	at java.base/jdk.internal.reflect.DelegatingMethodAccessorImpl.invoke(DelegatingMethodAccessorImpl.java:43)
	at java.base/java.lang.reflect.Method.invoke(Method.java:566)
	at org.junit.runners.model.FrameworkMethod$1.runReflectiveCall(FrameworkMethod.java:44)
	at org.junit.internal.runners.model.ReflectiveCallable.run(ReflectiveCallable.java:15)
	at org.junit.runners.model.FrameworkMethod.invokeExplosively(FrameworkMethod.java:41)
	at junitparams.internal.InvokeParameterisedMethod.evaluate(InvokeParameterisedMethod.java:102)
	at org.junit.internal.runners.statements.FailOnTimeout$1.run(FailOnTimeout.java:28)
Caused by: ptolemy.kernel.util.IllegalActionException: Test fails in iteration 1.
Value was: 1.0. Should have been: 2.0
  in .DirectFeedback.Test
	at ptolemy.actor.lib.Test.fire(Test.java:268)
	at ptolemy.domains.de.kernel.DEDirector._fire(DEDirector.java:1949)
	at ptolemy.domains.de.kernel.DEDirector.fire(DEDirector.java:502)
	at ptolemy.actor.CompositeActor.fire(CompositeActor.java:455)
	at ptolemy.actor.Manager.iterate(Manager.java:851)
	at ptolemy.actor.Manager.execute(Manager.java:369)
	at ptolemy.actor.Manager.run(Manager.java:1263)
	at ptolemy.actor.Manager$PtolemyRunThread.run(Manager.java:1933)
java.lang.RuntimeException: Execution failed
	at ptolemy.moml.MoMLSimpleApplication$UnloadThread.run(MoMLSimpleApplication.java:402)
Caused by: ptolemy.kernel.util.IllegalActionException: Found a zero delay loop containing .HierarchicalModel.A
  in .HierarchicalModel and .HierarchicalModel.A
	at ptolemy.actor.util.CausalityInterfaceForComposites._computeOutputPortDepth(CausalityInterfaceForComposites.java:759)
	at ptolemy.actor.util.CausalityInterfaceForComposites._computeInputDepth(CausalityInterfaceForComposites.java:696)
	at ptolemy.actor.util.CausalityInterfaceForComposites._computeOutputPortDepth(CausalityInterfaceForComposites.java:765)
	at ptolemy.actor.util.CausalityInterfaceForComposites._computeInputDepth(CausalityInterfaceForComposites.java:696)
	at ptolemy.actor.util.CausalityInterfaceForComposites._computeOutputPortDepth(CausalityInterfaceForComposites.java:765)
	at ptolemy.actor.util.CausalityInterfaceForComposites._computeInputDepth(CausalityInterfaceForComposites.java:696)
	at ptolemy.actor.util.CausalityInterfaceForComposites._computeActorDepth(CausalityInterfaceForComposites.java:532)
	at ptolemy.actor.util.CausalityInterfaceForComposites.checkForCycles(CausalityInterfaceForComposites.java:96)
	at ptolemy.domains.de.kernel.DEDirector.preinitialize(DEDirector.java:1338)
	at ptolemy.actor.CompositeActor.preinitialize(CompositeActor.java:1828)
	at ptolemy.actor.Manager.preinitializeAndResolveTypes(Manager.java:1040)
	at ptolemy.actor.Manager.initialize(Manager.java:710)
	at ptolemy.actor.Manager.execute(Manager.java:356)
	at ptolemy.actor.Manager.run(Manager.java:1263)
	at ptolemy.actor.Manager$PtolemyRunThread.run(Manager.java:1933)
java.lang.reflect.InvocationTargetException
	at java.base/jdk.internal.reflect.NativeConstructorAccessorImpl.newInstance0(Native Method)
	at java.base/jdk.internal.reflect.NativeConstructorAccessorImpl.newInstance(NativeConstructorAccessorImpl.java:62)
	at java.base/jdk.internal.reflect.DelegatingConstructorAccessorImpl.newInstance(DelegatingConstructorAccessorImpl.java:45)
	at java.base/java.lang.reflect.Constructor.newInstance(Constructor.java:490)
	at ptolemy.util.test.junit.AutoKnownFailedTests.RunModel(AutoKnownFailedTests.java:105)
	at java.base/jdk.internal.reflect.NativeMethodAccessorImpl.invoke0(Native Method)
	at java.base/jdk.internal.reflect.NativeMethodAccessorImpl.invoke(NativeMethodAccessorImpl.java:62)
	at java.base/jdk.internal.reflect.DelegatingMethodAccessorImpl.invoke(DelegatingMethodAccessorImpl.java:43)
	at java.base/java.lang.reflect.Method.invoke(Method.java:566)
	at org.junit.runners.model.FrameworkMethod$1.runReflectiveCall(FrameworkMethod.java:44)
	at org.junit.internal.runners.model.ReflectiveCallable.run(ReflectiveCallable.java:15)
	at org.junit.runners.model.FrameworkMethod.invokeExplosively(FrameworkMethod.java:41)
	at junitparams.internal.InvokeParameterisedMethod.evaluate(InvokeParameterisedMethod.java:102)
	at org.junit.internal.runners.statements.FailOnTimeout$1.run(FailOnTimeout.java:28)
Caused by: ptolemy.kernel.util.IllegalActionException: Found a zero delay loop containing .HierarchicalModel.A
  in .HierarchicalModel and .HierarchicalModel.A
	at ptolemy.actor.util.CausalityInterfaceForComposites._computeOutputPortDepth(CausalityInterfaceForComposites.java:759)
	at ptolemy.actor.util.CausalityInterfaceForComposites._computeInputDepth(CausalityInterfaceForComposites.java:696)
	at ptolemy.actor.util.CausalityInterfaceForComposites._computeOutputPortDepth(CausalityInterfaceForComposites.java:765)
	at ptolemy.actor.util.CausalityInterfaceForComposites._computeInputDepth(CausalityInterfaceForComposites.java:696)
	at ptolemy.actor.util.CausalityInterfaceForComposites._computeOutputPortDepth(CausalityInterfaceForComposites.java:765)
	at ptolemy.actor.util.CausalityInterfaceForComposites._computeInputDepth(CausalityInterfaceForComposites.java:696)
	at ptolemy.actor.util.CausalityInterfaceForComposites._computeActorDepth(CausalityInterfaceForComposites.java:532)
	at ptolemy.actor.util.CausalityInterfaceForComposites.checkForCycles(CausalityInterfaceForComposites.java:96)
	at ptolemy.domains.de.kernel.DEDirector.preinitialize(DEDirector.java:1338)
	at ptolemy.actor.CompositeActor.preinitialize(CompositeActor.java:1828)
	at ptolemy.actor.Manager.preinitializeAndResolveTypes(Manager.java:1040)
	at ptolemy.actor.Manager.initialize(Manager.java:710)
	at ptolemy.actor.Manager.execute(Manager.java:356)
	at ptolemy.actor.Manager.run(Manager.java:1263)
	at ptolemy.actor.Manager$PtolemyRunThread.run(Manager.java:1933)
java.lang.RuntimeException: Execution failed
	at ptolemy.moml.MoMLSimpleApplication$UnloadThread.run(MoMLSimpleApplication.java:402)
Caused by: ptolemy.kernel.util.IllegalActionException: Found a zero delay loop containing .dependencyLoop.original
  in .dependencyLoop and .dependencyLoop.original
	at ptolemy.actor.util.CausalityInterfaceForComposites._computeOutputPortDepth(CausalityInterfaceForComposites.java:759)
	at ptolemy.actor.util.CausalityInterfaceForComposites._computeInputDepth(CausalityInterfaceForComposites.java:696)
	at ptolemy.actor.util.CausalityInterfaceForComposites._computeOutputPortDepth(CausalityInterfaceForComposites.java:765)
	at ptolemy.actor.util.CausalityInterfaceForComposites._computeInputDepth(CausalityInterfaceForComposites.java:696)
	at ptolemy.actor.util.CausalityInterfaceForComposites._computeOutputPortDepth(CausalityInterfaceForComposites.java:765)
	at ptolemy.actor.util.CausalityInterfaceForComposites._computeInputDepth(CausalityInterfaceForComposites.java:696)
	at ptolemy.actor.util.CausalityInterfaceForComposites._computeActorDepth(CausalityInterfaceForComposites.java:532)
	at ptolemy.actor.util.CausalityInterfaceForComposites.checkForCycles(CausalityInterfaceForComposites.java:96)
	at ptolemy.domains.de.kernel.DEDirector.preinitialize(DEDirector.java:1338)
	at ptolemy.actor.CompositeActor.preinitialize(CompositeActor.java:1828)
	at ptolemy.actor.Manager.preinitializeAndResolveTypes(Manager.java:1040)
	at ptolemy.actor.Manager.initialize(Manager.java:710)
	at ptolemy.actor.Manager.execute(Manager.java:356)
	at ptolemy.actor.Manager.run(Manager.java:1263)
	at ptolemy.actor.Manager$PtolemyRunThread.run(Manager.java:1933)
java.lang.reflect.InvocationTargetException
	at java.base/jdk.internal.reflect.NativeConstructorAccessorImpl.newInstance0(Native Method)
	at java.base/jdk.internal.reflect.NativeConstructorAccessorImpl.newInstance(NativeConstructorAccessorImpl.java:62)
	at java.base/jdk.internal.reflect.DelegatingConstructorAccessorImpl.newInstance(DelegatingConstructorAccessorImpl.java:45)
	at java.base/java.lang.reflect.Constructor.newInstance(Constructor.java:490)
	at ptolemy.util.test.junit.AutoKnownFailedTests.RunModel(AutoKnownFailedTests.java:105)
	at java.base/jdk.internal.reflect.NativeMethodAccessorImpl.invoke0(Native Method)
	at java.base/jdk.internal.reflect.NativeMethodAccessorImpl.invoke(NativeMethodAccessorImpl.java:62)
	at java.base/jdk.internal.reflect.DelegatingMethodAccessorImpl.invoke(DelegatingMethodAccessorImpl.java:43)
	at java.base/java.lang.reflect.Method.invoke(Method.java:566)
	at org.junit.runners.model.FrameworkMethod$1.runReflectiveCall(FrameworkMethod.java:44)
	at org.junit.internal.runners.model.ReflectiveCallable.run(ReflectiveCallable.java:15)
	at org.junit.runners.model.FrameworkMethod.invokeExplosively(FrameworkMethod.java:41)
	at junitparams.internal.InvokeParameterisedMethod.evaluate(InvokeParameterisedMethod.java:102)
	at org.junit.internal.runners.statements.FailOnTimeout$1.run(FailOnTimeout.java:28)
Caused by: ptolemy.kernel.util.IllegalActionException: Found a zero delay loop containing .dependencyLoop.original
  in .dependencyLoop and .dependencyLoop.original
	at ptolemy.actor.util.CausalityInterfaceForComposites._computeOutputPortDepth(CausalityInterfaceForComposites.java:759)
	at ptolemy.actor.util.CausalityInterfaceForComposites._computeInputDepth(CausalityInterfaceForComposites.java:696)
	at ptolemy.actor.util.CausalityInterfaceForComposites._computeOutputPortDepth(CausalityInterfaceForComposites.java:765)
	at ptolemy.actor.util.CausalityInterfaceForComposites._computeInputDepth(CausalityInterfaceForComposites.java:696)
	at ptolemy.actor.util.CausalityInterfaceForComposites._computeOutputPortDepth(CausalityInterfaceForComposites.java:765)
	at ptolemy.actor.util.CausalityInterfaceForComposites._computeInputDepth(CausalityInterfaceForComposites.java:696)
	at ptolemy.actor.util.CausalityInterfaceForComposites._computeActorDepth(CausalityInterfaceForComposites.java:532)
	at ptolemy.actor.util.CausalityInterfaceForComposites.checkForCycles(CausalityInterfaceForComposites.java:96)
	at ptolemy.domains.de.kernel.DEDirector.preinitialize(DEDirector.java:1338)
	at ptolemy.actor.CompositeActor.preinitialize(CompositeActor.java:1828)
	at ptolemy.actor.Manager.preinitializeAndResolveTypes(Manager.java:1040)
	at ptolemy.actor.Manager.initialize(Manager.java:710)
	at ptolemy.actor.Manager.execute(Manager.java:356)
	at ptolemy.actor.Manager.run(Manager.java:1263)
	at ptolemy.actor.Manager$PtolemyRunThread.run(Manager.java:1933)
java.lang.RuntimeException: Execution failed
	at ptolemy.moml.MoMLSimpleApplication$UnloadThread.run(MoMLSimpleApplication.java:402)
Caused by: ptolemy.kernel.util.IllegalActionException: Found a zero delay loop containing .dependencyLoop2.original
  in .dependencyLoop2 and .dependencyLoop2.original
	at ptolemy.actor.util.CausalityInterfaceForComposites._computeOutputPortDepth(CausalityInterfaceForComposites.java:759)
	at ptolemy.actor.util.CausalityInterfaceForComposites._computeInputDepth(CausalityInterfaceForComposites.java:696)
	at ptolemy.actor.util.CausalityInterfaceForComposites._computeOutputPortDepth(CausalityInterfaceForComposites.java:765)
	at ptolemy.actor.util.CausalityInterfaceForComposites._computeInputDepth(CausalityInterfaceForComposites.java:696)
	at ptolemy.actor.util.CausalityInterfaceForComposites._computeOutputPortDepth(CausalityInterfaceForComposites.java:765)
	at ptolemy.actor.util.CausalityInterfaceForComposites._computeInputDepth(CausalityInterfaceForComposites.java:696)
	at ptolemy.actor.util.CausalityInterfaceForComposites._computeActorDepth(CausalityInterfaceForComposites.java:532)
	at ptolemy.actor.util.CausalityInterfaceForComposites.checkForCycles(CausalityInterfaceForComposites.java:96)
	at ptolemy.domains.de.kernel.DEDirector.preinitialize(DEDirector.java:1338)
	at ptolemy.actor.CompositeActor.preinitialize(CompositeActor.java:1828)
	at ptolemy.actor.Manager.preinitializeAndResolveTypes(Manager.java:1040)
	at ptolemy.actor.Manager.initialize(Manager.java:710)
	at ptolemy.actor.Manager.execute(Manager.java:356)
	at ptolemy.actor.Manager.run(Manager.java:1263)
	at ptolemy.actor.Manager$PtolemyRunThread.run(Manager.java:1933)
java.lang.reflect.InvocationTargetException
	at java.base/jdk.internal.reflect.NativeConstructorAccessorImpl.newInstance0(Native Method)
	at java.base/jdk.internal.reflect.NativeConstructorAccessorImpl.newInstance(NativeConstructorAccessorImpl.java:62)
	at java.base/jdk.internal.reflect.DelegatingConstructorAccessorImpl.newInstance(DelegatingConstructorAccessorImpl.java:45)
	at java.base/java.lang.reflect.Constructor.newInstance(Constructor.java:490)
	at ptolemy.util.test.junit.AutoKnownFailedTests.RunModel(AutoKnownFailedTests.java:105)
	at java.base/jdk.internal.reflect.NativeMethodAccessorImpl.invoke0(Native Method)
	at java.base/jdk.internal.reflect.NativeMethodAccessorImpl.invoke(NativeMethodAccessorImpl.java:62)
	at java.base/jdk.internal.reflect.DelegatingMethodAccessorImpl.invoke(DelegatingMethodAccessorImpl.java:43)
	at java.base/java.lang.reflect.Method.invoke(Method.java:566)
	at org.junit.runners.model.FrameworkMethod$1.runReflectiveCall(FrameworkMethod.java:44)
	at org.junit.internal.runners.model.ReflectiveCallable.run(ReflectiveCallable.java:15)
	at org.junit.runners.model.FrameworkMethod.invokeExplosively(FrameworkMethod.java:41)
	at junitparams.internal.InvokeParameterisedMethod.evaluate(InvokeParameterisedMethod.java:102)
	at org.junit.internal.runners.statements.FailOnTimeout$1.run(FailOnTimeout.java:28)
Caused by: ptolemy.kernel.util.IllegalActionException: Found a zero delay loop containing .dependencyLoop2.original
  in .dependencyLoop2 and .dependencyLoop2.original
	at ptolemy.actor.util.CausalityInterfaceForComposites._computeOutputPortDepth(CausalityInterfaceForComposites.java:759)
	at ptolemy.actor.util.CausalityInterfaceForComposites._computeInputDepth(CausalityInterfaceForComposites.java:696)
	at ptolemy.actor.util.CausalityInterfaceForComposites._computeOutputPortDepth(CausalityInterfaceForComposites.java:765)
	at ptolemy.actor.util.CausalityInterfaceForComposites._computeInputDepth(CausalityInterfaceForComposites.java:696)
	at ptolemy.actor.util.CausalityInterfaceForComposites._computeOutputPortDepth(CausalityInterfaceForComposites.java:765)
	at ptolemy.actor.util.CausalityInterfaceForComposites._computeInputDepth(CausalityInterfaceForComposites.java:696)
	at ptolemy.actor.util.CausalityInterfaceForComposites._computeActorDepth(CausalityInterfaceForComposites.java:532)
	at ptolemy.actor.util.CausalityInterfaceForComposites.checkForCycles(CausalityInterfaceForComposites.java:96)
	at ptolemy.domains.de.kernel.DEDirector.preinitialize(DEDirector.java:1338)
	at ptolemy.actor.CompositeActor.preinitialize(CompositeActor.java:1828)
	at ptolemy.actor.Manager.preinitializeAndResolveTypes(Manager.java:1040)
	at ptolemy.actor.Manager.initialize(Manager.java:710)
	at ptolemy.actor.Manager.execute(Manager.java:356)
	at ptolemy.actor.Manager.run(Manager.java:1263)
	at ptolemy.actor.Manager$PtolemyRunThread.run(Manager.java:1933)
]]></system-err>
</testsuite>
