<?xml version="1.0" encoding="UTF-8" ?>
<testsuite errors="0" failures="0" hostname="travis-job-55232618-3bb7-430f-8709-c815519e0b26" name="ptolemy.actor.lib.test.junit.JUnitTclTest" skipped="0" tests="517" time="58.772" timestamp="2018-10-12T02:28:32">
  <properties>
    <property name="npm.executable" value="npm" />
    <property name="file.encoding.pkg" value="sun.io" />
    <property name="env.TRAVIS_ROOT" value="/" />
    <property name="ptII.mk.exists" value="true" />
    <property name="env.TRAVIS_APP_HOST" value="build.travis-ci.org" />
    <property name="env.rvm_bin_path" value="/home/travis/.rvm/bin" />
    <property name="java.home" value="/usr/lib/jvm/java-8-oracle/jre" />
    <property name="env.TRAVIS_JOB_NUMBER" value="776.8" />
    <property name="env.TRAVIS_HOME" value="/home/travis" />
    <property name="env.DISPLAY" value=":99.0" />
    <property name="java.net.preferIPv4Stack" value="true" />
    <property name="env.TRAVIS_INIT" value="upstart" />
    <property name="env.SSH_TTY" value="/dev/pts/0" />
    <property name="env.RUN_TESTS" value="false" />
    <property name="timeout.short" value="1000000" />
    <property name="env.TRAVIS_STACK_NODE_ATTRIBUTES" value="/.node-attributes.yml" />
    <property name="junit.formatter" value="xml" />
    <property name="java.endorsed.dirs" value="/usr/lib/jvm/java-8-oracle/jre/lib/endorsed" />
    <property name="env.TRAVIS_SUDO" value="true" />
    <property name="env.LOGNAME" value="travis" />
    <property name="env.PT_TRAVIS_TEST_CORE1_XML" value="true" />
    <property name="jsdoc.home" value="node_modules/@terraswarm/jsdoc" />
    <property name="debuglevel" value="source,lines,vars" />
    <property name="checkstyle.formatter" value="xml" />
    <property name="bin.vergil.makeable" value="true" />
    <property name="env._system_version" value="14.04" />
    <property name="sun.os.patch.level" value="unknown" />
    <property name="java.vendor.url" value="http://java.oracle.com/" />
    <property name="env.TRAVIS_BUILD_WEB_URL" value="https://travis-ci.org/icyphy/ptII/builds/440440412" />
    <property name="java.version" value="1.8.0_151" />
    <property name="env.TZ" value="UTC" />
    <property name="env.PT_NO_NET" value="true" />
    <property name="env.TRAVIS_PULL_REQUEST_SHA" value="" />
    <property name="env.TRAVIS_SECURE_ENV_VARS" value="true" />
    <property name="env._system_type" value="Linux" />
    <property name="java.vendor.url.bug" value="http://bugreport.sun.com/bugreport/" />
    <property name="env.SSH_CLIENT" value="10.10.19.222 34440 22" />
    <property name="npmjs-org-is-up" value="true" />
    <property name="env.GEM_HOME" value="/home/travis/.rvm/gems/ruby-2.4.1" />
    <property name="env.HAS_ANTARES_THREE_LITTLE_FRONZIES_BADGE" value="true" />
    <property name="env.PS4" value="+" />
    <property name="ant.project.invoked-targets" value="build,test.core1.xml" />
    <property name="env.TRAVIS_PULL_REQUEST_BRANCH" value="" />
    <property name="env.TRAVIS_REPO_SLUG" value="icyphy/ptII" />
    <property name="node.in.path" value="true" />
    <property name="java.maxmemory" value="1400m" />
    <property name="env.RUBY_VERSION" value="ruby-2.4.1" />
    <property name="user.name" value="travis" />
    <property name="env.LANG" value="en_US.UTF-8" />
    <property name="sun.io.unicode.encoding" value="UnicodeLittle" />
    <property name="sun.jnu.encoding" value="UTF-8" />
    <property name="java.runtime.name" value="Java(TM) SE Runtime Environment" />
    <property name="usefile" value="false" />
    <property name="return.code" value="0" />
    <property name="junit.single.formatter" value="plain" />
    <property name="env.DEBIAN_FRONTEND" value="noninteractive" />
    <property name="env.SSH_CONNECTION" value="10.10.19.222 34440 10.20.1.18 22" />
    <property name="env.MYSQL_UNIX_PORT" value="/var/run/mysqld/mysqld.sock" />
    <property name="env.TRAVIS_ALLOW_FAILURE" value="false" />
    <property name="env.LC_ALL" value="en_US.UTF-8" />
    <property name="env.TRAVIS_JOB_WEB_URL" value="https://travis-ci.org/icyphy/ptII/jobs/440440422" />
    <property name="java.specification.name" value="Java Platform API Specification" />
    <property name="node.works" value="true" />
    <property name="user.timezone" value="" />
    <property name="path.separator" value=":" />
    <property name="env.TRAVIS_ENABLE_INFRA_DETECTION" value="true" />
    <property name="env.PYTHON_CFLAGS" value="-g -fstack-protector --param=ssp-buffer-size=4 -Wformat -Werror=format-security" />
    <property name="timeout.long" value="4000000" />
    <property name="file.encoding" value="UTF-8" />
    <property name="ant.file.ptII" value="/home/travis/build/icyphy/ptII/build.xml" />
    <property name="javadoc.packagenames" value="com.*,diva.*,lbnl.*,org.hlacerti.*,org.json.*,org.ptolemy.*,org.terraswarm.*,ptolemy.*,ptserver.*" />
    <property name="env.TRAVIS_PULL_REQUEST_SLUG" value="" />
    <property name="ant.project.default-target" value="build" />
    <property name="env.GIT_ASKPASS" value="echo" />
    <property name="env.HOME" value="/home/travis" />
    <property name="sun.java.command" value="org.apache.tools.ant.taskdefs.optional.junit.JUnitTestRunner ptolemy.actor.lib.test.junit.JUnitTclTest skipNonTests=false filtertrace=true haltOnError=false haltOnFailure=false formatter=org.apache.tools.ant.taskdefs.optional.junit.OutErrSummaryJUnitResultFormatter showoutput=true outputtoformatters=true logfailedtests=true threadid=0 logtestlistenerevents=false formatter=org.apache.tools.ant.taskdefs.optional.junit.XMLJUnitResultFormatter,/home/travis/build/icyphy/ptII/reports/junit/TEST-ptolemy.actor.lib.test.junit.JUnitTclTest.xml crashfile=/home/travis/build/icyphy/ptII/junitvmwatcher7704234628638070317.properties propsfile=/home/travis/build/icyphy/ptII/junit7067215093210866916.properties" />
    <property name="env.MANPATH" value="/home/travis/.nvm/versions/node/v7.10.1/share/man:/home/travis/.kiex/elixirs/elixir-1.4.5/man:/home/travis/.rvm/rubies/ruby-2.4.1/share/man:/usr/local/man:/usr/local/cmake-3.9.2/man:/usr/local/clang-5.0.0/share/man:/usr/local/share/man:/usr/share/man:/home/travis/.rvm/man" />
    <property name="env.COMPOSER_NO_INTERACTION" value="1" />
    <property name="env.JDK_SWITCHER_DEFAULT" value="oraclejdk8" />
    <property name="env.TRAVIS_TIMER_ID" value="34a7ae10" />
    <property name="ant.file" value="/home/travis/build/icyphy/ptII/build.xml" />
    <property name="env.TRAVIS_COMMIT_RANGE" value="b01a34368636b71fc0214d6f1d4a9e008037287b...46fa5ae4eb0d551c71416d2b77857ba193c9edae" />
    <property name="env._system_name" value="Ubuntu" />
    <property name="timeout" value="2400000" />
    <property name="ptII.classpath.optional.property" value="/home/travis/build/icyphy/ptII/lib/bsh-2.0b4.jar:/home/travis/build/icyphy/ptII/lib/ptCal.jar:/home/travis/build/icyphy/ptII/lib/java_cup.jar:/home/travis/build/icyphy/ptII/lib/saxon8.jar:/home/travis/build/icyphy/ptII/lib/saxon8-dom.jar:/home/travis/build/icyphy/ptII/lib/chic.jar:/home/travis/build/icyphy/ptII/lib/ptcolt.jar:/usr/lib/jvm/java-8-oracle/lib/tools.jar:/usr/lib/eclipse/plugins/org.eclipse.jdt.core_3.8.2.dist.jar:/usr/lib/eclipse/plugins/org.eclipse.core.runtime_3.8.0.dist.jar:/usr/lib/eclipse/plugins/org.eclipse.osgi_3.8.1.dist.jar:/usr/lib/eclipse/plugins/org.eclipse.core.resources_3.8.1.dist.jar:/usr/lib/eclipse/plugins/org.eclipse.equinox.common_3.6.100.dist.jar:/usr/lib/eclipse/plugins/org.eclipse.core.jobs_3.5.200.dist.jar:/usr/lib/eclipse/plugins/org.eclipse.core.contenttype_3.4.200.dist.jar:/usr/lib/eclipse/plugins/org.eclipse.equinox.preferences_3.5.0.dist.jar:/usr/lib/eclipse/plugins/org.eclipse.text_3.5.200.dist.jar:/usr/lib/eclipse/plugins/org.eclipse.ui.workbench_3.8.1.dist.jar:/usr/lib/eclipse/plugins/org.eclipse.jface_3.8.0.dist.jar:/usr/lib/eclipse/plugins/org.eclipse.swt_3.8.2.jar:/usr/lib/eclipse/plugins/org.eclipse.jface.text_3.8.1.dist.jar:/usr/lib/eclipse/plugins/org.eclipse.ui.workbench.texteditor_3.8.0.dist.jar:/usr/lib/eclipse/plugins/org.eclipse.ui.editors_3.8.0.dist.jar:/usr/lib/eclipse/plugins/org.eclipse.core.commands_3.6.1.dist.jar:/usr/lib/eclipse/plugins/org.eclipse.equinox.registry_3.5.200.dist.jar:/usr/lib/eclipse/plugins/org.eclipse.ui.console_3.5.100.dist.jar:/usr/lib/eclipse/plugins/org.eclipse.ui.forms_3.5.200.dist.jar:/usr/lib/eclipse/plugins/org.eclipse.ui.ide_3.8.1.dist.jar:/home/travis/build/icyphy/ptII/vendors/oracle/dbxml.jar:/home/travis/build/icyphy/ptII/vendors/oracle/db.jar:/home/travis/build/icyphy/ptII/vendors/misc/itext/iText.jar:/home/travis/build/icyphy/ptII/lib/g4ltl.jar:/home/travis/build/icyphy/ptII/lib/StructuralCoder.jar:/home/travis/build/icyphy/ptII/lib/org-openide-util.jar:/home/travis/build/icyphy/ptII/lib/org-openide-util-lookup.jar:/home/travis/build/icyphy/ptII/lib/org-netbeans-api-visual.jar:/home/travis/build/icyphy/ptII/vendors/jai-1_1_2_01/lib/jai_core.jar:/home/travis/build/icyphy/ptII/vendors/jai-1_1_2_01/lib/jai_codec.jar:/home/travis/build/icyphy/ptII/lib/jcerti.jar:/home/travis/build/icyphy/ptII/lib/smack.jar:/home/travis/build/icyphy/ptII/lib/smackx.jar:/home/travis/build/icyphy/ptII/lib/jetty-all-8.1.5-v20120716.jar:/home/travis/build/icyphy/ptII/lib/javax.servlet-api-3.0.1.jar:/home/travis/build/icyphy/ptII/lib/javax.mail.jar:/home/travis/build/icyphy/ptII/vendors/JMF-2.1.1e/lib/jmf.jar:/home/travis/build/icyphy/ptII/lib/jna-4.0.0-variadic.jar:/home/travis/build/icyphy/ptII/vendors/misc/joystick/Joystick.jar:/home/travis/build/icyphy/ptII/lib/ptjacl.jar:/home/travis/build/icyphy/ptII/lib/jsoup-1.8.2.jar:/home/travis/build/icyphy/ptII/lib/junit-4.8.2.jar:/home/travis/build/icyphy/ptII/lib/JUnitParams-0.4.0.jar:/home/travis/build/icyphy/ptII/ptolemy/actor/lib/excel/jxl.jar:/home/travis/build/icyphy/ptII/lib/jython.jar:/home/travis/build/icyphy/ptII/lib/kieler.jar:/home/travis/build/icyphy/ptII/vendors/opencv/share/OpenCV/java/opencv-341.jar:/home/travis/build/icyphy/ptII/lib/oscP5.jar:/home/travis/build/icyphy/ptII/lib/nrjavaserial-3.11.0.devel.jar:/home/travis/build/icyphy/ptII/vendors/j3d/lib/j3dcore.jar:/home/travis/build/icyphy/ptII/vendors/j3d/lib/j3dutils.jar:/home/travis/build/icyphy/ptII/vendors/j3d/lib/vecmath.jar:/home/travis/build/icyphy/ptII/ptolemy/distributed/jini/jar/jini-core.jar:/home/travis/build/icyphy/ptII/ptolemy/distributed/jini/jar/jini-ext.jar:/home/travis/build/icyphy/ptII/ptolemy/distributed/jini/jar/sun-util.jar:/home/travis/build/icyphy/ptII/lib/protobuf-java-2.4.1.jar:/home/travis/build/icyphy/ptII/lib/org.eclipse.paho.client.mqttv3.jar:/home/travis/build/icyphy/ptII/ptserver/lib/hessian-4.0.7.jar:/home/travis/build/icyphy/ptII/ptserver/lib/wmqtt.jar:/home/travis/build/icyphy/ptII/lib/mapss.jar:/home/travis/build/icyphy/ptII/ptolemy/actor/ptalon/antlr/antlr.jar:/home/travis/build/icyphy/ptII/lib/JRI.jar:/home/travis/build/icyphy/ptII/lib/commons-lang-2.6.jar:/home/travis/build/icyphy/ptII/lib/commons-logging-1.1.1.jar:/home/travis/build/icyphy/ptII/lib/sootclasses.jar:/home/travis/build/icyphy/ptII/ptolemy/actor/lib/database/mysql-connector-java-5.1.6-bin.jar:/home/travis/build/icyphy/ptII/vendors/misc/sphinx4/sphinx4-data-5prealpha.jar:/home/travis/build/icyphy/ptII/vendors/misc/sphinx4/sphinx4-core-5prealpha.jar:/home/travis/build/icyphy/ptII/lib/PDFRenderer.jar:/home/travis/build/icyphy/ptII/lib/svgSalamander.jar:/home/travis/build/icyphy/ptII/lib/rsyntaxtextarea-2.6.0-SNAPSHOT.jar:/home/travis/build/icyphy/ptII/lib/hazelcast-3.8.2.jar:/home/travis/build/icyphy/ptII/lib/jackson-annotations-2.9.0.jar:/home/travis/build/icyphy/ptII/lib/jackson-core-2.9.3.jar:/home/travis/build/icyphy/ptII/lib/jackson-databind-2.9.3.jar:/home/travis/build/icyphy/ptII/lib/netty-buffer-4.1.19.Final.jar:/home/travis/build/icyphy/ptII/lib/netty-codec-4.1.19.Final.jar:/home/travis/build/icyphy/ptII/lib/netty-codec-dns-4.1.19.Final.jar:/home/travis/build/icyphy/ptII/lib/netty-codec-http-4.1.19.Final.jar:/home/travis/build/icyphy/ptII/lib/netty-codec-http2-4.1.19.Final.jar:/home/travis/build/icyphy/ptII/lib/netty-common-4.1.19.Final.jar:/home/travis/build/icyphy/ptII/lib/netty-handler-4.1.19.Final.jar:/home/travis/build/icyphy/ptII/lib/netty-resolver-4.1.19.Final.jar:/home/travis/build/icyphy/ptII/lib/netty-resolver-dns-4.1.19.Final.jar:/home/travis/build/icyphy/ptII/lib/netty-transport-4.1.19.Final.jar:/home/travis/build/icyphy/ptII/lib/vertx-codegen-3.5.1.jar:/home/travis/build/icyphy/ptII/lib/vertx-core-3.5.2-SNAPSHOT.jar:/home/travis/build/icyphy/ptII/lib/vertx-hazelcast-3.5.1.jar:/home/travis/build/icyphy/ptII/lib/vertx-lang-js-3.5.1.jar:/home/travis/build/icyphy/ptII/lib/vertx-service-proxy-3.5.1.jar:/home/travis/build/icyphy/ptII/lib/vertx-web-3.5.1.jar:/home/travis/build/icyphy/ptII/lib/slf4j-api-1.7.13.jar:/home/travis/build/icyphy/ptII/lib/slf4j-simple-1.7.13.jar:/home/travis/build/icyphy/ptII/lib/webcam-capture-0.3.12.jar:/home/travis/build/icyphy/ptII/lib/bridj-0.7.0.jar:/home/travis/build/icyphy/ptII/lib/xbjlib-1.1.0.nrjavaserial.jar" />
    <property name="test.batch" value="**/junit/*.java" />
    <property name="env._" value="/usr/bin/timeout" />
    <property name="java.io.tmpdir" value="/tmp" />
    <property name="env.TRAVIS_INTERNAL_RUBY_REGEX" value="^ruby-(2\.[0-2]\.[0-9]|1\.9\.3)" />
    <property name="user.language" value="en" />
    <property name="env.HISTCONTROL" value="ignoredups:ignorespace" />
    <property name="env.GOROOT" value="/home/travis/.gimme/versions/go1.7.4.linux.amd64" />
    <property name="line.separator" value="&#xa;" />
    <property name="target" value="1.8" />
    <property name="env.TRAVIS_BUILD_DIR" value="/home/travis/build/icyphy/ptII" />
    <property name="env.ANT_OPTS" value="-Xmx2048m" />
    <property name="ant.file.type" value="file" />
    <property name="ptolemy.ptII.batchMode" value="true" />
    <property name="env.HISTSIZE" value="1000" />
    <property name="env.MERB_ENV" value="test" />
    <property name="java.vm.info" value="mixed mode" />
    <property name="source" value="1.8" />
    <property name="java.vm.specification.name" value="Java Virtual Machine Specification" />
    <property name="env.TRAVIS_TEST_RESULT" value="0" />
    <property name="jsdoc.command" value="node_modules/@terraswarm/jsdoc/jsdoc.js" />
    <property name="npm.works" value="true" />
    <property name="cobertura.dir" value="/home/travis/build/icyphy/ptII/vendors/cobertura-2.0.3" />
    <property name="env.rvm_path" value="/home/travis/.rvm" />
    <property name="env.GEM_PATH" value="/home/travis/.rvm/gems/ruby-2.4.1:/home/travis/.rvm/gems/ruby-2.4.1@global" />
    <property name="env.LC_CTYPE" value="en_US.UTF-8" />
    <property name="java.awt.printerjob" value="sun.print.PSPrinterJob" />
    <property name="env.TRAVIS_CMD" value="$PTII/bin/ptIITravisBuild.sh $SECONDS" />
    <property name="env.TRAVIS_STACK_NAME" value="garnet" />
    <property name="env.TRAVIS_TIMER_START_TIME" value="1539310939833342624" />
    <property name="ant.version" value="Apache Ant(TM) version 1.10.1 compiled on February 2 2017" />
    <property name="ptII.reports" value="/home/travis/build/icyphy/ptII/reports" />
    <property name="env.TRAVIS_STACK_TIMESTAMP" value="2017-12-05 19:33:09 UTC" />
    <property name="ant.file.type.ptII" value="file" />
    <property name="env.RBENV_SHELL" value="bash" />
    <property name="os.name" value="Linux" />
    <property name="java.specification.vendor" value="Oracle Corporation" />
    <property name="env.rvm_version" value="1.29.3 (latest)" />
    <property name="env.TRAVIS_INFRA" value="gce" />
    <property name="env.TERM" value="xterm" />
    <property name="java.vm.name" value="Java HotSpot(TM) 64-Bit Server VM" />
    <property name="env.TRAVIS_BUILD_NUMBER" value="776" />
    <property name="env.CI" value="true" />
    <property name="java.library.path" value="/usr/lib/jni:/usr/local/share/OpenCV/java/:/usr/share/OpenCV/java::/usr/java/packages/lib/amd64:/usr/lib64:/lib64:/lib:/usr/lib" />
    <property name="env.rvm_prefix" value="/home/travis" />
    <property name="env.PATH" value="/home/travis/.rvm/gems/ruby-2.4.1/bin:/home/travis/.rvm/gems/ruby-2.4.1@global/bin:/home/travis/.rvm/rubies/ruby-2.4.1/bin:/home/travis/.rvm/bin:/home/travis/.nvm/versions/node/v7.10.1/bin:./node_modules/.bin:/home/travis/build/icyphy/ptII/bin:/home/travis/pthla/certi-tools/bin:/home/travis/bin:/home/travis/.local/bin:/opt/pyenv/shims:/home/travis/.phpenv/shims:/home/travis/perl5/perlbrew/bin:/home/travis/.kiex/elixirs/elixir-1.4.5/bin:/home/travis/.kiex/bin:/home/travis/gopath/bin:/home/travis/.gimme/versions/go1.7.4.linux.amd64/bin:/usr/local/phantomjs/bin:/usr/local/phantomjs:/usr/local/neo4j-3.2.7/bin:/usr/local/maven-3.5.2/bin:/usr/local/cmake-3.9.2/bin:/usr/local/clang-5.0.0/bin:/usr/local/sbin:/usr/local/bin:/usr/sbin:/usr/bin:/sbin:/bin:/home/travis/.phpenv/bin:/opt/pyenv/bin:/home/travis/.yarn/bin" />
    <property name="env.TRAVIS_OS_NAME" value="linux" />
    <property name="ant.java.version" value="1.8" />
    <property name="basedir" value="/home/travis/build/icyphy/ptII" />
    <property name="java.class.version" value="52.0" />
    <property name="env.SHLVL" value="3" />
    <property name="env.LD_LIBRARY_PATH" value="/usr/lib/jni:/usr/local/share/OpenCV/java/:/usr/share/OpenCV/java:" />
    <property name="env.RACK_ENV" value="test" />
    <property name="ant.home" value="/home/travis/build/icyphy/ptII/ant" />
    <property name="env.NVM_DIR" value="/home/travis/.nvm" />
    <property name="env.PERLBREW_BASHRC_VERSION" value="0.80" />
    <property name="env.TRAVIS_BUILD_ID" value="440440412" />
    <property name="env.PYENV_ROOT" value="/opt/pyenv" />
    <property name="env.TRAVIS_UID" value="2000" />
    <property name="env.rvm_pretty_print_flag" value="auto" />
    <property name="env.NVM_BIN" value="/home/travis/.nvm/versions/node/v7.10.1/bin" />
    <property name="env.TRAVIS_COMMIT" value="46fa5ae4eb0d551c71416d2b77857ba193c9edae" />
    <property name="env._system_arch" value="x86_64" />
    <property name="node.executable" value="node" />
    <property name="sun.boot.library.path" value="/usr/lib/jvm/java-8-oracle/jre/lib/amd64" />
    <property name="sun.management.compiler" value="HotSpot 64-Bit Tiered Compilers" />
    <property name="env.GOPATH" value="/home/travis/gopath" />
    <property name="java.awt.graphicsenv" value="sun.awt.X11GraphicsEnvironment" />
    <property name="ptolemy.ptII.dir" value="/home/travis/build/icyphy/ptII" />
    <property name="env.USER" value="travis" />
    <property name="env.HISTFILESIZE" value="2000" />
    <property name="timeout.longest" value="19000000" />
    <property name="env.TRAVIS_STACK_FEATURES" value="basic cassandra chromium couchdb disabled-ipv6 docker docker-compose elasticsearch firefox go-toolchain google-chrome jdk memcached mongodb mysql neo4j nodejs_interpreter perl_interpreter perlbrew phantomjs postgresql python_interpreter rabbitmq redis riak ruby_interpreter sqlite xserver" />
    <property name="env.TRAVIS_PULL_REQUEST" value="false" />
    <property name="env.PYENV_SHELL" value="bash" />
    <property name="ant.project.name" value="ptII" />
    <property name="java.vm.specification.version" value="1.8" />
    <property name="env.ANSI_RESET" value="\033[0m" />
    <property name="env.TRAVIS_DIST" value="trusty" />
    <property name="env.NLSPATH" value="/usr/dt/lib/nls/msg/%L/%N.cat" />
    <property name="awt.toolkit" value="sun.awt.X11.XToolkit" />
    <property name="env.MY_RUBY_HOME" value="/home/travis/.rvm/rubies/ruby-2.4.1" />
    <property name="sun.cpu.isalist" value="" />
    <property name="env.TRAVIS_TMPDIR" value="/tmp/tmp.1sEGzPKJvE" />
    <property name="java.ext.dirs" value="/usr/lib/jvm/java-8-oracle/jre/lib/ext:/usr/java/packages/lib/ext" />
    <property name="os.version" value="4.4.0-101-generic" />
    <property name="user.home" value="/home/travis" />
    <property name="env.MIX_ARCHIVES" value="/home/travis/.kiex/mix/elixir-1.4.5" />
    <property name="java.vm.vendor" value="Oracle Corporation" />
    <property name="env.TRAVIS_TAG" value="nightly" />
    <property name="env.ANSI_YELLOW" value="\033[33;1m" />
    <property name="env.TRAVIS_FILTERED" value="redirect_io" />
    <property name="env.ANSI_GREEN" value="\033[32;1m" />
    <property name="env.JAVA_HOME" value="/usr/lib/jvm/java-8-oracle" />
    <property name="javadoc.excludepackagenames" value="adm.cvs2svn.*,build.*,config.*,doc.coding.templates.*,jni.test.jni.meaningOfLife.*,jni.test.jni.testDeux.*,jni.test.jni.testTrois.*,org.terraswarm.accessor.accessors.web.node_modules.*,org.terraswarm.accessor.accessors.web.hosts.cordova.demo.*,org.terraswarm.accessor.accessors.web.hosts.cordova.plugins.*,org.terraswarm.accessor.accessors-svn.*,pt-modules.*,ptolemy.apps.agilent.*,ptolemy.apps.anytimecontrol.*,ptolemy.apps.apes.*,ptolemy.apps.charon.*,ptolemy.apps.crazyboard.*,ptolemy.apps.eclipse.*,ptolemy.apps.etherealSting.*,ptolemy.apps.fullscreen.*,ptolemy.apps.giotto.*,ptolemy.apps.ia.*,ptolemy.apps.interfaces.*,ptolemy.apps.jmf.*,ptolemy.apps.kurt.*,ptolemy.apps.kvm.*,ptolemy.apps.lego.*,ptolemy.apps.lejos.*,ptolemy.apps.midp.*,ptolemy.apps.mobileCoding.*,ptolemy.apps.pendulum.*,ptolemy.apps.rijndael.*,ptolemy.apps.robot.*,ptolemy.apps.security.*,ptolemy.apps.sobel.*,ptolemy.apps.soot.*,ptolemy.apps.throttle.*,ptolemy.apps.tini.*,ptolemy.apps.transmission.*,ptolemy.apps.vergil.*,ptolemy.apps.waba.*,ptolemy.apps.websensor.*,ptolemy.apps.webstart.*,ptolemy.apps.xsl.*,ptolemy.apps.zaurus.*,ptolemy.backtrack.eclipse.plugin.*,ptolemy.backtrack.test.*,ptolemy.codegen.c.actor.lib.oldJavaFiles.*,ptolemy.codegen.dsp.lib.*,ptolemy.codegen.kernel.newInterfaces.*,ptolemy.codegen.lib.*,ptolemy.copernicus.kernel.fragment.*,ptolemy.copernicus.shallow.cg.*,ptolemy.domains.giotto.demo.Hierarchy.Hierarchy.*,ptolemy.domains.giotto.demo.Multimode.Multimode.*,ptolemy.domains.giotto.demo.Simple.Simple.*,ptolemy.domains.gr.lib.experimental.*,ptolemy.domains.gro.*,ptolemy.domains.pdf.*,ptolemy.domains.ptinyos.demo.Surge.output.*,ptolemy.moml.test.NoPackageActor.java*,ptolemy.plot.adm.*,ptolemy.plot.servlet.*,reports.*,signed.*,src.*,target.*,vendors.*,ptolemy.cg.adapter.generic.program.procedural.c.mbed*,ptolemy.actor.lib.fmi.fmus.omc*,ptolemy.domains.openmodelica*,ptdb.kernel.bl.save.test.*,ptdb.kernel.bl.load.test.*,ptdb.kernel.bl.search.test.*,ptdb.kernel.bl.migration.test.*,ptdb.kernel.database.test.*,ptdb.test.*,ptdb.gui.test.*,org.ptolemy.scala.*,diva.util.java2d.svg.*,ptolemy.domains.ptinyos.*,ptolemy.actor.lib.fmi.fmipp.*,,org.terraswarm.accessor.accessors.web.node_modules.*,org.terraswarm.accessor.accessors-svn,ptolemy.apps.*,ptolemy.actor.ptalon.demo.ptinyos.SendAndReceiveCnt.output,ptolemy.actor.ptalon.demo.ptinyos.SenseToLeds.output,ptolemy.domains.ptinyos.demo.CntToLedsAndRfm.output,ptolemy.domains.ptinyos.demo.RfmToLeds.output,ptolemy.domains.ptinyos.demo.SendAndReceiveCnt.output,ptolemy.domains.ptinyos.demo.SenseToLeds.output,ptolemy.actor.lib.jjs.modules.udpSocket.*" />
    <property name="env.PTII" value="/home/travis/build/icyphy/ptII" />
    <property name="env.XDG_SESSION_ID" value="2" />
    <property name="env.TRAVIS_COMMIT_MESSAGE" value="Fixed width of connections" />
    <property name="keystore" value="ptKeystore" />
    <property name="junit.output.dir" value="/home/travis/build/icyphy/ptII/reports/junit" />
    <property name="npm.return.code" value="0" />
    <property name="user.dir" value="/home/travis/build/icyphy/ptII/ptolemy/actor/lib/test" />
    <property name="env.XFILESEARCHPATH" value="/usr/dt/app-defaults/%L/Dt" />
    <property name="env.TRAVIS_NODE_VERSION" value="7" />
    <property name="env.TRAVIS_EVENT_TYPE" value="cron" />
    <property name="env.MAIL" value="/var/mail/travis" />
    <property name="env.PERLBREW_ROOT" value="/home/travis/perl5/perlbrew" />
    <property name="env.PWD" value="/home/travis/build/icyphy/ptII" />
    <property name="timeout.npm" value="45000" />
    <property name="env.TRAVIS_ARCH" value="amd64" />
    <property name="sun.cpu.endian" value="little" />
    <property name="env.PAGER" value="cat" />
    <property name="env.TRAVIS_BUILD_STAGE_NAME" value="Test" />
    <property name="env.PERLBREW_HOME" value="/home/travis/.perlbrew" />
    <property name="env.RAILS_ENV" value="test" />
    <property name="java.vm.version" value="25.151-b12" />
    <property name="java.class.path" value="/home/travis/.ptolemyII:/home/travis/.ptolemyII/*:/home/travis/build/icyphy/ptII:/home/travis/build/icyphy/ptII/lib/bsh-2.0b4.jar:/home/travis/build/icyphy/ptII/lib/ptCal.jar:/home/travis/build/icyphy/ptII/lib/java_cup.jar:/home/travis/build/icyphy/ptII/lib/saxon8.jar:/home/travis/build/icyphy/ptII/lib/saxon8-dom.jar:/home/travis/build/icyphy/ptII/lib/chic.jar:/home/travis/build/icyphy/ptII/lib/ptcolt.jar:/usr/lib/jvm/java-8-oracle/lib/tools.jar:/usr/lib/eclipse/plugins/org.eclipse.jdt.core_3.8.2.dist.jar:/usr/lib/eclipse/plugins/org.eclipse.core.runtime_3.8.0.dist.jar:/usr/lib/eclipse/plugins/org.eclipse.osgi_3.8.1.dist.jar:/usr/lib/eclipse/plugins/org.eclipse.core.resources_3.8.1.dist.jar:/usr/lib/eclipse/plugins/org.eclipse.equinox.common_3.6.100.dist.jar:/usr/lib/eclipse/plugins/org.eclipse.core.jobs_3.5.200.dist.jar:/usr/lib/eclipse/plugins/org.eclipse.core.contenttype_3.4.200.dist.jar:/usr/lib/eclipse/plugins/org.eclipse.equinox.preferences_3.5.0.dist.jar:/usr/lib/eclipse/plugins/org.eclipse.text_3.5.200.dist.jar:/usr/lib/eclipse/plugins/org.eclipse.ui.workbench_3.8.1.dist.jar:/usr/lib/eclipse/plugins/org.eclipse.jface_3.8.0.dist.jar:/usr/lib/eclipse/plugins/org.eclipse.swt_3.8.2.jar:/usr/lib/eclipse/plugins/org.eclipse.jface.text_3.8.1.dist.jar:/usr/lib/eclipse/plugins/org.eclipse.ui.workbench.texteditor_3.8.0.dist.jar:/usr/lib/eclipse/plugins/org.eclipse.ui.editors_3.8.0.dist.jar:/usr/lib/eclipse/plugins/org.eclipse.core.commands_3.6.1.dist.jar:/usr/lib/eclipse/plugins/org.eclipse.equinox.registry_3.5.200.dist.jar:/usr/lib/eclipse/plugins/org.eclipse.ui.console_3.5.100.dist.jar:/usr/lib/eclipse/plugins/org.eclipse.ui.forms_3.5.200.dist.jar:/usr/lib/eclipse/plugins/org.eclipse.ui.ide_3.8.1.dist.jar:/home/travis/build/icyphy/ptII/vendors/oracle/dbxml.jar:/home/travis/build/icyphy/ptII/vendors/oracle/db.jar:/home/travis/build/icyphy/ptII/vendors/misc/itext/iText.jar:/home/travis/build/icyphy/ptII/lib/g4ltl.jar:/home/travis/build/icyphy/ptII/lib/StructuralCoder.jar:/home/travis/build/icyphy/ptII/lib/org-openide-util.jar:/home/travis/build/icyphy/ptII/lib/org-openide-util-lookup.jar:/home/travis/build/icyphy/ptII/lib/org-netbeans-api-visual.jar:/home/travis/build/icyphy/ptII/vendors/jai-1_1_2_01/lib/jai_core.jar:/home/travis/build/icyphy/ptII/vendors/jai-1_1_2_01/lib/jai_codec.jar:/home/travis/build/icyphy/ptII/lib/jcerti.jar:/home/travis/build/icyphy/ptII/lib/smack.jar:/home/travis/build/icyphy/ptII/lib/smackx.jar:/home/travis/build/icyphy/ptII/lib/jetty-all-8.1.5-v20120716.jar:/home/travis/build/icyphy/ptII/lib/javax.servlet-api-3.0.1.jar:/home/travis/build/icyphy/ptII/lib/javax.mail.jar:/home/travis/build/icyphy/ptII/vendors/JMF-2.1.1e/lib/jmf.jar:/home/travis/build/icyphy/ptII/lib/jna-4.0.0-variadic.jar:/home/travis/build/icyphy/ptII/vendors/misc/joystick/Joystick.jar:/home/travis/build/icyphy/ptII/lib/ptjacl.jar:/home/travis/build/icyphy/ptII/lib/jsoup-1.8.2.jar:/home/travis/build/icyphy/ptII/lib/junit-4.8.2.jar:/home/travis/build/icyphy/ptII/lib/JUnitParams-0.4.0.jar:/home/travis/build/icyphy/ptII/ptolemy/actor/lib/excel/jxl.jar:/home/travis/build/icyphy/ptII/lib/jython.jar:/home/travis/build/icyphy/ptII/lib/kieler.jar:/home/travis/build/icyphy/ptII/vendors/opencv/share/OpenCV/java/opencv-341.jar:/home/travis/build/icyphy/ptII/lib/oscP5.jar:/home/travis/build/icyphy/ptII/lib/nrjavaserial-3.11.0.devel.jar:/home/travis/build/icyphy/ptII/vendors/j3d/lib/j3dcore.jar:/home/travis/build/icyphy/ptII/vendors/j3d/lib/j3dutils.jar:/home/travis/build/icyphy/ptII/vendors/j3d/lib/vecmath.jar:/home/travis/build/icyphy/ptII/ptolemy/distributed/jini/jar/jini-core.jar:/home/travis/build/icyphy/ptII/ptolemy/distributed/jini/jar/jini-ext.jar:/home/travis/build/icyphy/ptII/ptolemy/distributed/jini/jar/sun-util.jar:/home/travis/build/icyphy/ptII/lib/protobuf-java-2.4.1.jar:/home/travis/build/icyphy/ptII/lib/org.eclipse.paho.client.mqttv3.jar:/home/travis/build/icyphy/ptII/ptserver/lib/hessian-4.0.7.jar:/home/travis/build/icyphy/ptII/ptserver/lib/wmqtt.jar:/home/travis/build/icyphy/ptII/lib/mapss.jar:/home/travis/build/icyphy/ptII/ptolemy/actor/ptalon/antlr/antlr.jar:/home/travis/build/icyphy/ptII/lib/JRI.jar:/home/travis/build/icyphy/ptII/lib/commons-lang-2.6.jar:/home/travis/build/icyphy/ptII/lib/commons-logging-1.1.1.jar:/home/travis/build/icyphy/ptII/lib/sootclasses.jar:/home/travis/build/icyphy/ptII/ptolemy/actor/lib/database/mysql-connector-java-5.1.6-bin.jar:/home/travis/build/icyphy/ptII/vendors/misc/sphinx4/sphinx4-data-5prealpha.jar:/home/travis/build/icyphy/ptII/vendors/misc/sphinx4/sphinx4-core-5prealpha.jar:/home/travis/build/icyphy/ptII/lib/PDFRenderer.jar:/home/travis/build/icyphy/ptII/lib/svgSalamander.jar:/home/travis/build/icyphy/ptII/lib/rsyntaxtextarea-2.6.0-SNAPSHOT.jar:/home/travis/build/icyphy/ptII/lib/hazelcast-3.8.2.jar:/home/travis/build/icyphy/ptII/lib/jackson-annotations-2.9.0.jar:/home/travis/build/icyphy/ptII/lib/jackson-core-2.9.3.jar:/home/travis/build/icyphy/ptII/lib/jackson-databind-2.9.3.jar:/home/travis/build/icyphy/ptII/lib/netty-buffer-4.1.19.Final.jar:/home/travis/build/icyphy/ptII/lib/netty-codec-4.1.19.Final.jar:/home/travis/build/icyphy/ptII/lib/netty-codec-dns-4.1.19.Final.jar:/home/travis/build/icyphy/ptII/lib/netty-codec-http-4.1.19.Final.jar:/home/travis/build/icyphy/ptII/lib/netty-codec-http2-4.1.19.Final.jar:/home/travis/build/icyphy/ptII/lib/netty-common-4.1.19.Final.jar:/home/travis/build/icyphy/ptII/lib/netty-handler-4.1.19.Final.jar:/home/travis/build/icyphy/ptII/lib/netty-resolver-4.1.19.Final.jar:/home/travis/build/icyphy/ptII/lib/netty-resolver-dns-4.1.19.Final.jar:/home/travis/build/icyphy/ptII/lib/netty-transport-4.1.19.Final.jar:/home/travis/build/icyphy/ptII/lib/vertx-codegen-3.5.1.jar:/home/travis/build/icyphy/ptII/lib/vertx-core-3.5.2-SNAPSHOT.jar:/home/travis/build/icyphy/ptII/lib/vertx-hazelcast-3.5.1.jar:/home/travis/build/icyphy/ptII/lib/vertx-lang-js-3.5.1.jar:/home/travis/build/icyphy/ptII/lib/vertx-service-proxy-3.5.1.jar:/home/travis/build/icyphy/ptII/lib/vertx-web-3.5.1.jar:/home/travis/build/icyphy/ptII/lib/slf4j-api-1.7.13.jar:/home/travis/build/icyphy/ptII/lib/slf4j-simple-1.7.13.jar:/home/travis/build/icyphy/ptII/lib/webcam-capture-0.3.12.jar:/home/travis/build/icyphy/ptII/lib/bridj-0.7.0.jar:/home/travis/build/icyphy/ptII/lib/xbjlib-1.1.0.nrjavaserial.jar:/home/travis/build/icyphy/ptII/ptolemy/moml/test:/home/travis/build/icyphy/ptII/ant/lib/ant-launcher.jar:/home/travis/build/icyphy/ptII/ant/lib/ant.jar:/home/travis/build/icyphy/ptII/ant/lib/ant-junit.jar:/home/travis/build/icyphy/ptII/ant/lib/ant-junit4.jar" />
    <property name="ant.library.dir" value="/home/travis/build/icyphy/ptII/ant/lib" />
    <property name="os.arch" value="amd64" />
    <property name="env.CONTINUOUS_INTEGRATION" value="true" />
    <property name="env.TRAVIS_LANGUAGE" value="node_js" />
    <property name="env.TRAVIS_STACK_LANGUAGES" value="__garnet__ c c++ clojure cplusplus cpp default go groovy java node_js php pure_java python ruby scala" />
    <property name="test.name" value="ptolemy.actor.lib.test.junit.JUnitTclTest" />
    <property name="sun.java.launcher" value="SUN_STANDARD" />
    <property name="env.PYTHON_CONFIGURE_OPTS" value="--enable-unicode=ucs4 --with-wide-unicode --enable-shared --enable-ipv6 --enable-loadable-sqlite-extensions --with-computed-gotos" />
    <property name="ant.core.lib" value="/home/travis/build/icyphy/ptII/ant/lib/ant.jar" />
    <property name="java.vm.specification.vendor" value="Oracle Corporation" />
    <property name="env.BCVTB_HOME" value="/home/travis/build/icyphy/ptII/lbnl" />
    <property name="file.separator" value="/" />
    <property name="java.runtime.version" value="1.8.0_151-b12" />
    <property name="spotbugs.home" value="/home/travis/build/icyphy/ptII/vendors/spotbugs-3.1.1" />
    <property name="sun.boot.class.path" value="/usr/lib/jvm/java-8-oracle/jre/lib/resources.jar:/usr/lib/jvm/java-8-oracle/jre/lib/rt.jar:/usr/lib/jvm/java-8-oracle/jre/lib/sunrsasign.jar:/usr/lib/jvm/java-8-oracle/jre/lib/jsse.jar:/usr/lib/jvm/java-8-oracle/jre/lib/jce.jar:/usr/lib/jvm/java-8-oracle/jre/lib/charsets.jar:/usr/lib/jvm/java-8-oracle/jre/lib/jfr.jar:/usr/lib/jvm/java-8-oracle/jre/classes" />
    <property name="env.ANSI_CLEAR" value="\033[0K" />
    <property name="env.HAS_JOSH_K_SEAL_OF_APPROVAL" value="true" />
    <property name="env.TRAVIS_OSX_IMAGE" value="" />
    <property name="env.XDG_RUNTIME_DIR" value="/run/user/2000" />
    <property name="env.TRAVIS_JOB_ID" value="440440422" />
    <property name="env.TRAVIS_BRANCH" value="master" />
    <property name="user.country" value="US" />
    <property name="env.CERTI_HOME_TRAVIS" value="/home/travis/pthla/certi-tools" />
    <property name="env.SHELL" value="/bin/bash" />
    <property name="java.maxmemory.large" value="5000m" />
    <property name="model" value="" />
    <property name="env.CASHER_DIR" value="/home/travis/.casher" />
    <property name="env.NVM_CD_FLAGS" value="" />
    <property name="jshint.executable" value="/home/travis/node_modules/jshint/bin/jshint" />
    <property name="env.JRUBY_OPTS" value=" --client -J-XX:+TieredCompilation -J-XX:TieredStopAtLevel=1 -J-Xss2m -Xcompile.invokedynamic=false" />
    <property name="java.vendor" value="Oracle Corporation" />
    <property name="env.TRAVIS_PRE_CHEF_BOOTSTRAP_TIME" value="2017-12-05T19:32:55" />
    <property name="env.TRAVIS_STACK_JOB_BOARD_REGISTER" value="/.job-board-register.yml" />
    <property name="env.ELIXIR_VERSION" value="1.4.5" />
    <property name="env.ANSI_RED" value="\033[31;1m" />
    <property name="java.specification.version" value="1.8" />
    <property name="env.TRAVIS" value="true" />
    <property name="env.IRBRC" value="/home/travis/.rvm/rubies/ruby-2.4.1/.irbrc" />
    <property name="sun.arch.data.model" value="64" />
  </properties>
  <testcase classname="ptolemy.util.test.junit.TclTests" name="[0] /home/travis/build/icyphy/ptII/ptolemy/actor/lib/test/AbsoluteValue.tcl (RunTclFile)" time="0.436" />
  <testcase classname="ptolemy.util.test.junit.TclTests" name="[1] /home/travis/build/icyphy/ptII/ptolemy/actor/lib/test/AddSubtract.tcl (RunTclFile)" time="0.1" />
  <testcase classname="ptolemy.util.test.junit.TclTests" name="[2] /home/travis/build/icyphy/ptII/ptolemy/actor/lib/test/Average.tcl (RunTclFile)" time="0.041" />
  <testcase classname="ptolemy.util.test.junit.TclTests" name="[3] /home/travis/build/icyphy/ptII/ptolemy/actor/lib/test/Bernoulli.tcl (RunTclFile)" time="0.029" />
  <testcase classname="ptolemy.util.test.junit.TclTests" name="[4] /home/travis/build/icyphy/ptII/ptolemy/actor/lib/test/Clock.tcl (RunTclFile)" time="0.071" />
  <testcase classname="ptolemy.util.test.junit.TclTests" name="[5] /home/travis/build/icyphy/ptII/ptolemy/actor/lib/test/Commutator.tcl (RunTclFile)" time="0.139" />
  <testcase classname="ptolemy.util.test.junit.TclTests" name="[6] /home/travis/build/icyphy/ptII/ptolemy/actor/lib/test/Const.tcl (RunTclFile)" time="0.129" />
  <testcase classname="ptolemy.util.test.junit.TclTests" name="[7] /home/travis/build/icyphy/ptII/ptolemy/actor/lib/test/CurrentTime.tcl (RunTclFile)" time="0.036" />
  <testcase classname="ptolemy.util.test.junit.TclTests" name="[8] /home/travis/build/icyphy/ptII/ptolemy/actor/lib/test/DB.tcl (RunTclFile)" time="0.021" />
  <testcase classname="ptolemy.util.test.junit.TclTests" name="[9] /home/travis/build/icyphy/ptII/ptolemy/actor/lib/test/DiscreteRandomSource.tcl (RunTclFile)" time="0.024" />
  <testcase classname="ptolemy.util.test.junit.TclTests" name="[10] /home/travis/build/icyphy/ptII/ptolemy/actor/lib/test/Distributor.tcl (RunTclFile)" time="0.037" />
  <testcase classname="ptolemy.util.test.junit.TclTests" name="[11] /home/travis/build/icyphy/ptII/ptolemy/actor/lib/test/Exit.tcl (RunTclFile)" time="0.058" />
  <testcase classname="ptolemy.util.test.junit.TclTests" name="[12] /home/travis/build/icyphy/ptII/ptolemy/actor/lib/test/Expression.tcl (RunTclFile)" time="0.11" />
  <testcase classname="ptolemy.util.test.junit.TclTests" name="[13] /home/travis/build/icyphy/ptII/ptolemy/actor/lib/test/Gaussian.tcl (RunTclFile)" time="0.17" />
  <testcase classname="ptolemy.util.test.junit.TclTests" name="[14] /home/travis/build/icyphy/ptII/ptolemy/actor/lib/test/IIR.tcl (RunTclFile)" time="0.041" />
  <testcase classname="ptolemy.util.test.junit.TclTests" name="[15] /home/travis/build/icyphy/ptII/ptolemy/actor/lib/test/Interpolator.tcl (RunTclFile)" time="0.104" />
  <testcase classname="ptolemy.util.test.junit.TclTests" name="[16] /home/travis/build/icyphy/ptII/ptolemy/actor/lib/test/MathFunction.tcl (RunTclFile)" time="0.063" />
  <testcase classname="ptolemy.util.test.junit.TclTests" name="[17] /home/travis/build/icyphy/ptII/ptolemy/actor/lib/test/Maximum.tcl (RunTclFile)" time="0.032" />
  <testcase classname="ptolemy.util.test.junit.TclTests" name="[18] /home/travis/build/icyphy/ptII/ptolemy/actor/lib/test/Minimum.tcl (RunTclFile)" time="0.029" />
  <testcase classname="ptolemy.util.test.junit.TclTests" name="[19] /home/travis/build/icyphy/ptII/ptolemy/actor/lib/test/MultiplyDivide.tcl (RunTclFile)" time="0.036" />
  <testcase classname="ptolemy.util.test.junit.TclTests" name="[20] /home/travis/build/icyphy/ptII/ptolemy/actor/lib/test/OrderedMerge.tcl (RunTclFile)" time="0.077" />
  <testcase classname="ptolemy.util.test.junit.TclTests" name="[21] /home/travis/build/icyphy/ptII/ptolemy/actor/lib/test/Publisher.tcl (RunTclFile)" time="0.485" />
  <testcase classname="ptolemy.util.test.junit.TclTests" name="[22] /home/travis/build/icyphy/ptII/ptolemy/actor/lib/test/Pulse.tcl (RunTclFile)" time="0.028" />
  <testcase classname="ptolemy.util.test.junit.TclTests" name="[23] /home/travis/build/icyphy/ptII/ptolemy/actor/lib/test/Ramp.tcl (RunTclFile)" time="1.848" />
  <testcase classname="ptolemy.util.test.junit.TclTests" name="[24] /home/travis/build/icyphy/ptII/ptolemy/actor/lib/test/RampContinuous.tcl (RunTclFile)" time="0.017" />
  <testcase classname="ptolemy.util.test.junit.TclTests" name="[25] /home/travis/build/icyphy/ptII/ptolemy/actor/lib/test/RecordAssembler.tcl (RunTclFile)" time="0.015" />
  <testcase classname="ptolemy.util.test.junit.TclTests" name="[26] /home/travis/build/icyphy/ptII/ptolemy/actor/lib/test/RecordDisassembler.tcl (RunTclFile)" time="0.019" />
  <testcase classname="ptolemy.util.test.junit.TclTests" name="[27] /home/travis/build/icyphy/ptII/ptolemy/actor/lib/test/Scale.tcl (RunTclFile)" time="0.015" />
  <testcase classname="ptolemy.util.test.junit.TclTests" name="[28] /home/travis/build/icyphy/ptII/ptolemy/actor/lib/test/SequentialClock.tcl (RunTclFile)" time="0.021" />
  <testcase classname="ptolemy.util.test.junit.TclTests" name="[29] /home/travis/build/icyphy/ptII/ptolemy/actor/lib/test/SetVariable.tcl (RunTclFile)" time="0.016" />
  <testcase classname="ptolemy.util.test.junit.TclTests" name="[30] /home/travis/build/icyphy/ptII/ptolemy/actor/lib/test/Sinewave.tcl (RunTclFile)" time="0.034" />
  <testcase classname="ptolemy.util.test.junit.TclTests" name="[31] /home/travis/build/icyphy/ptII/ptolemy/actor/lib/test/SubscriptionAggregator.tcl (RunTclFile)" time="1.964" />
  <testcase classname="ptolemy.util.test.junit.TclTests" name="[32] /home/travis/build/icyphy/ptII/ptolemy/actor/lib/test/Test.tcl (RunTclFile)" time="0.069" />
  <testcase classname="ptolemy.util.test.junit.TclTests" name="[33] /home/travis/build/icyphy/ptII/ptolemy/actor/lib/test/TestExceptionHandler.tcl (RunTclFile)" time="0.012" />
  <testcase classname="ptolemy.util.test.junit.TclTests" name="[34] /home/travis/build/icyphy/ptII/ptolemy/actor/lib/test/UnionDisassembler.tcl (RunTclFile)" time="0.066" />
  <testcase classname="ptolemy.util.test.junit.TclTests" name="[35] /home/travis/build/icyphy/ptII/ptolemy/actor/lib/test/VariableClock.tcl (RunTclFile)" time="0.032" />
  <testcase classname="ptolemy.util.test.junit.AutoKnownFailedTests" name="[0] /home/travis/build/icyphy/ptII/ptolemy/actor/lib/test/auto/knownFailedTests/PublisherPortToplevelSubscriber.xml (RunModel)" time="0.012" />
  <testcase classname="ptolemy.util.test.junit.AutoKnownFailedTests" name="[1] /home/travis/build/icyphy/ptII/ptolemy/actor/lib/test/auto/knownFailedTests/PublisherSubscriberPortToplevel.xml (RunModel)" time="0.025" />
  <testcase classname="ptolemy.util.test.junit.AutoKnownFailedTests" name="[2] /home/travis/build/icyphy/ptII/ptolemy/actor/lib/test/auto/knownFailedTests/PublisherSubscriptionAggregatorPort.xml (RunModel)" time="0.018" />
  <testcase classname="ptolemy.util.test.junit.AutoKnownFailedTests" name="[3] /home/travis/build/icyphy/ptII/ptolemy/actor/lib/test/auto/knownFailedTests/sizedarray3.xml (RunModel)" time="0.031" />
  <testcase classname="ptolemy.util.test.junit.AutoNameArchTests" name="[0] ThereAreNoAutoArchTests (RunModel)" time="0.001" />
  <testcase classname="ptolemy.util.test.junit.AutoTests" name="[0] /home/travis/build/icyphy/ptII/ptolemy/actor/lib/test/auto/AbsoluteValue.xml (RunModel)" time="0.089" />
  <testcase classname="ptolemy.util.test.junit.AutoTests" name="[1] /home/travis/build/icyphy/ptII/ptolemy/actor/lib/test/auto/AbsoluteValue2.xml (RunModel)" time="0.062" />
  <testcase classname="ptolemy.util.test.junit.AutoTests" name="[2] /home/travis/build/icyphy/ptII/ptolemy/actor/lib/test/auto/Accumulator.xml (RunModel)" time="0.071" />
  <testcase classname="ptolemy.util.test.junit.AutoTests" name="[3] /home/travis/build/icyphy/ptII/ptolemy/actor/lib/test/auto/Accumulator2.xml (RunModel)" time="0.048" />
  <testcase classname="ptolemy.util.test.junit.AutoTests" name="[4] /home/travis/build/icyphy/ptII/ptolemy/actor/lib/test/auto/Accumulator3.xml (RunModel)" time="0.027" />
  <testcase classname="ptolemy.util.test.junit.AutoTests" name="[5] /home/travis/build/icyphy/ptII/ptolemy/actor/lib/test/auto/ArrayAppend.xml (RunModel)" time="0.045" />
  <testcase classname="ptolemy.util.test.junit.AutoTests" name="[6] /home/travis/build/icyphy/ptII/ptolemy/actor/lib/test/auto/ArrayAppend2.xml (RunModel)" time="0.669" />
  <testcase classname="ptolemy.util.test.junit.AutoTests" name="[7] /home/travis/build/icyphy/ptII/ptolemy/actor/lib/test/auto/ArrayAppend3.xml (RunModel)" time="0.034" />
  <testcase classname="ptolemy.util.test.junit.AutoTests" name="[8] /home/travis/build/icyphy/ptII/ptolemy/actor/lib/test/auto/ArrayAppend4.xml (RunModel)" time="0.033" />
  <testcase classname="ptolemy.util.test.junit.AutoTests" name="[9] /home/travis/build/icyphy/ptII/ptolemy/actor/lib/test/auto/ArrayAppend5.xml (RunModel)" time="0.03" />
  <testcase classname="ptolemy.util.test.junit.AutoTests" name="[10] /home/travis/build/icyphy/ptII/ptolemy/actor/lib/test/auto/ArrayAppend6.xml (RunModel)" time="0.033" />
  <testcase classname="ptolemy.util.test.junit.AutoTests" name="[11] /home/travis/build/icyphy/ptII/ptolemy/actor/lib/test/auto/ArrayAppendPerformanceTest.xml (RunModel)" time="0.061" />
  <testcase classname="ptolemy.util.test.junit.AutoTests" name="[12] /home/travis/build/icyphy/ptII/ptolemy/actor/lib/test/auto/ArrayAppendWithEmptyInput.xml (RunModel)" time="0.056" />
  <testcase classname="ptolemy.util.test.junit.AutoTests" name="[13] /home/travis/build/icyphy/ptII/ptolemy/actor/lib/test/auto/ArrayAverage.xml (RunModel)" time="0.044" />
  <testcase classname="ptolemy.util.test.junit.AutoTests" name="[14] /home/travis/build/icyphy/ptII/ptolemy/actor/lib/test/auto/ArrayContains.xml (RunModel)" time="0.025" />
  <testcase classname="ptolemy.util.test.junit.AutoTests" name="[15] /home/travis/build/icyphy/ptII/ptolemy/actor/lib/test/auto/ArrayElement.xml (RunModel)" time="0.025" />
  <testcase classname="ptolemy.util.test.junit.AutoTests" name="[16] /home/travis/build/icyphy/ptII/ptolemy/actor/lib/test/auto/ArrayElementAsMatrix.xml (RunModel)" time="0.063" />
  <testcase classname="ptolemy.util.test.junit.AutoTests" name="[17] /home/travis/build/icyphy/ptII/ptolemy/actor/lib/test/auto/ArrayElementI.xml (RunModel)" time="0.013" />
  <testcase classname="ptolemy.util.test.junit.AutoTests" name="[18] /home/travis/build/icyphy/ptII/ptolemy/actor/lib/test/auto/ArrayExtract.xml (RunModel)" time="0.027" />
  <testcase classname="ptolemy.util.test.junit.AutoTests" name="[19] /home/travis/build/icyphy/ptII/ptolemy/actor/lib/test/auto/ArrayExtract2.xml (RunModel)" time="0.019" />
  <testcase classname="ptolemy.util.test.junit.AutoTests" name="[20] /home/travis/build/icyphy/ptII/ptolemy/actor/lib/test/auto/ArrayLength.xml (RunModel)" time="0.031" />
  <testcase classname="ptolemy.util.test.junit.AutoTests" name="[21] /home/travis/build/icyphy/ptII/ptolemy/actor/lib/test/auto/ArrayLevelCrossing.xml (RunModel)" time="0.044" />
  <testcase classname="ptolemy.util.test.junit.AutoTests" name="[22] /home/travis/build/icyphy/ptII/ptolemy/actor/lib/test/auto/ArrayLevelCrossing2.xml (RunModel)" time="0.028" />
  <testcase classname="ptolemy.util.test.junit.AutoTests" name="[23] /home/travis/build/icyphy/ptII/ptolemy/actor/lib/test/auto/ArrayPeakSearch.xml (RunModel)" time="0.045" />
  <testcase classname="ptolemy.util.test.junit.AutoTests" name="[24] /home/travis/build/icyphy/ptII/ptolemy/actor/lib/test/auto/ArrayPeakSearch2.xml (RunModel)" time="0.037" />
  <testcase classname="ptolemy.util.test.junit.AutoTests" name="[25] /home/travis/build/icyphy/ptII/ptolemy/actor/lib/test/auto/ArrayPeakSearch3.xml (RunModel)" time="0.033" />
  <testcase classname="ptolemy.util.test.junit.AutoTests" name="[26] /home/travis/build/icyphy/ptII/ptolemy/actor/lib/test/auto/ArrayRemoveElement.xml (RunModel)" time="0.037" />
  <testcase classname="ptolemy.util.test.junit.AutoTests" name="[27] /home/travis/build/icyphy/ptII/ptolemy/actor/lib/test/auto/ArraySort.xml (RunModel)" time="0.037" />
  <testcase classname="ptolemy.util.test.junit.AutoTests" name="[28] /home/travis/build/icyphy/ptII/ptolemy/actor/lib/test/auto/ArraySum.xml (RunModel)" time="0.027" />
  <testcase classname="ptolemy.util.test.junit.AutoTests" name="[29] /home/travis/build/icyphy/ptII/ptolemy/actor/lib/test/auto/ArrayToElements.xml (RunModel)" time="0.02" />
  <testcase classname="ptolemy.util.test.junit.AutoTests" name="[30] /home/travis/build/icyphy/ptII/ptolemy/actor/lib/test/auto/ArrayToMatrix.xml (RunModel)" time="0.047" />
  <testcase classname="ptolemy.util.test.junit.AutoTests" name="[31] /home/travis/build/icyphy/ptII/ptolemy/actor/lib/test/auto/ArrayUpdate1.xml (RunModel)" time="0.018" />
  <testcase classname="ptolemy.util.test.junit.AutoTests" name="[32] /home/travis/build/icyphy/ptII/ptolemy/actor/lib/test/auto/ArrayUpdate2.xml (RunModel)" time="0.018" />
  <testcase classname="ptolemy.util.test.junit.AutoTests" name="[33] /home/travis/build/icyphy/ptII/ptolemy/actor/lib/test/auto/ArrayUpdate3.xml (RunModel)" time="0.025" />
  <testcase classname="ptolemy.util.test.junit.AutoTests" name="[34] /home/travis/build/icyphy/ptII/ptolemy/actor/lib/test/auto/Assert1.xml (RunModel)" time="0.023" />
  <testcase classname="ptolemy.util.test.junit.AutoTests" name="[35] /home/travis/build/icyphy/ptII/ptolemy/actor/lib/test/auto/Assert2.xml (RunModel)" time="0.017" />
  <testcase classname="ptolemy.util.test.junit.AutoTests" name="[36] /home/travis/build/icyphy/ptII/ptolemy/actor/lib/test/auto/BooleanMultiplexor.xml (RunModel)" time="0.018" />
  <testcase classname="ptolemy.util.test.junit.AutoTests" name="[37] /home/travis/build/icyphy/ptII/ptolemy/actor/lib/test/auto/BooleanMultiplexor2.xml (RunModel)" time="0.026" />
  <testcase classname="ptolemy.util.test.junit.AutoTests" name="[38] /home/travis/build/icyphy/ptII/ptolemy/actor/lib/test/auto/BooleanMultiplexor3.xml (RunModel)" time="0.029" />
  <testcase classname="ptolemy.util.test.junit.AutoTests" name="[39] /home/travis/build/icyphy/ptII/ptolemy/actor/lib/test/auto/BooleanSelect.xml (RunModel)" time="0.026" />
  <testcase classname="ptolemy.util.test.junit.AutoTests" name="[40] /home/travis/build/icyphy/ptII/ptolemy/actor/lib/test/auto/BooleanSelect2.xml (RunModel)" time="0.015" />
  <testcase classname="ptolemy.util.test.junit.AutoTests" name="[41] /home/travis/build/icyphy/ptII/ptolemy/actor/lib/test/auto/BooleanSwitch.xml (RunModel)" time="0.02" />
  <testcase classname="ptolemy.util.test.junit.AutoTests" name="[42] /home/travis/build/icyphy/ptII/ptolemy/actor/lib/test/auto/BooleanSwitch2.xml (RunModel)" time="0.013" />
  <testcase classname="ptolemy.util.test.junit.AutoTests" name="[43] /home/travis/build/icyphy/ptII/ptolemy/actor/lib/test/auto/BooleanSwitchCloningBugWithClassRelationGroup.xml (RunModel)" time="0.033" />
  <testcase classname="ptolemy.util.test.junit.AutoTests" name="[44] /home/travis/build/icyphy/ptII/ptolemy/actor/lib/test/auto/BusActors.xml (RunModel)" time="0.042" />
  <testcase classname="ptolemy.util.test.junit.AutoTests" name="[45] /home/travis/build/icyphy/ptII/ptolemy/actor/lib/test/auto/ClassWrapper.xml (RunModel)" time="0.06" />
  <testcase classname="ptolemy.util.test.junit.AutoTests" name="[46] /home/travis/build/icyphy/ptII/ptolemy/actor/lib/test/auto/Clock.xml (RunModel)" time="0.008" />
  <testcase classname="ptolemy.util.test.junit.AutoTests" name="[47] /home/travis/build/icyphy/ptII/ptolemy/actor/lib/test/auto/Clock10.xml (RunModel)" time="0.014" />
  <testcase classname="ptolemy.util.test.junit.AutoTests" name="[48] /home/travis/build/icyphy/ptII/ptolemy/actor/lib/test/auto/Clock11.xml (RunModel)" time="0.013" />
  <testcase classname="ptolemy.util.test.junit.AutoTests" name="[49] /home/travis/build/icyphy/ptII/ptolemy/actor/lib/test/auto/Clock12.xml (RunModel)" time="0.013" />
  <testcase classname="ptolemy.util.test.junit.AutoTests" name="[50] /home/travis/build/icyphy/ptII/ptolemy/actor/lib/test/auto/Clock13.xml (RunModel)" time="0.016" />
  <testcase classname="ptolemy.util.test.junit.AutoTests" name="[51] /home/travis/build/icyphy/ptII/ptolemy/actor/lib/test/auto/Clock14.xml (RunModel)" time="0.017" />
  <testcase classname="ptolemy.util.test.junit.AutoTests" name="[52] /home/travis/build/icyphy/ptII/ptolemy/actor/lib/test/auto/Clock15.xml (RunModel)" time="0.016" />
  <testcase classname="ptolemy.util.test.junit.AutoTests" name="[53] /home/travis/build/icyphy/ptII/ptolemy/actor/lib/test/auto/Clock16.xml (RunModel)" time="0.068" />
  <testcase classname="ptolemy.util.test.junit.AutoTests" name="[54] /home/travis/build/icyphy/ptII/ptolemy/actor/lib/test/auto/Clock17.xml (RunModel)" time="0.039" />
  <testcase classname="ptolemy.util.test.junit.AutoTests" name="[55] /home/travis/build/icyphy/ptII/ptolemy/actor/lib/test/auto/Clock18.xml (RunModel)" time="0.04" />
  <testcase classname="ptolemy.util.test.junit.AutoTests" name="[56] /home/travis/build/icyphy/ptII/ptolemy/actor/lib/test/auto/Clock19.xml (RunModel)" time="0.035" />
  <testcase classname="ptolemy.util.test.junit.AutoTests" name="[57] /home/travis/build/icyphy/ptII/ptolemy/actor/lib/test/auto/Clock2.xml (RunModel)" time="0.013" />
  <testcase classname="ptolemy.util.test.junit.AutoTests" name="[58] /home/travis/build/icyphy/ptII/ptolemy/actor/lib/test/auto/Clock20.xml (RunModel)" time="0.019" />
  <testcase classname="ptolemy.util.test.junit.AutoTests" name="[59] /home/travis/build/icyphy/ptII/ptolemy/actor/lib/test/auto/Clock21.xml (RunModel)" time="0.013" />
  <testcase classname="ptolemy.util.test.junit.AutoTests" name="[60] /home/travis/build/icyphy/ptII/ptolemy/actor/lib/test/auto/Clock22.xml (RunModel)" time="0.012" />
  <testcase classname="ptolemy.util.test.junit.AutoTests" name="[61] /home/travis/build/icyphy/ptII/ptolemy/actor/lib/test/auto/Clock23.xml (RunModel)" time="0.021" />
  <testcase classname="ptolemy.util.test.junit.AutoTests" name="[62] /home/travis/build/icyphy/ptII/ptolemy/actor/lib/test/auto/Clock24.xml (RunModel)" time="0.015" />
  <testcase classname="ptolemy.util.test.junit.AutoTests" name="[63] /home/travis/build/icyphy/ptII/ptolemy/actor/lib/test/auto/Clock4.xml (RunModel)" time="0.011" />
  <testcase classname="ptolemy.util.test.junit.AutoTests" name="[64] /home/travis/build/icyphy/ptII/ptolemy/actor/lib/test/auto/Clock5.xml (RunModel)" time="0.019" />
  <testcase classname="ptolemy.util.test.junit.AutoTests" name="[65] /home/travis/build/icyphy/ptII/ptolemy/actor/lib/test/auto/Clock6.xml (RunModel)" time="0.01" />
  <testcase classname="ptolemy.util.test.junit.AutoTests" name="[66] /home/travis/build/icyphy/ptII/ptolemy/actor/lib/test/auto/Clock7.xml (RunModel)" time="0.011" />
  <testcase classname="ptolemy.util.test.junit.AutoTests" name="[67] /home/travis/build/icyphy/ptII/ptolemy/actor/lib/test/auto/Clock8.xml (RunModel)" time="0.013" />
  <testcase classname="ptolemy.util.test.junit.AutoTests" name="[68] /home/travis/build/icyphy/ptII/ptolemy/actor/lib/test/auto/Clock9.xml (RunModel)" time="0.017" />
  <testcase classname="ptolemy.util.test.junit.AutoTests" name="[69] /home/travis/build/icyphy/ptII/ptolemy/actor/lib/test/auto/CommDistDiscard.xml (RunModel)" time="0.021" />
  <testcase classname="ptolemy.util.test.junit.AutoTests" name="[70] /home/travis/build/icyphy/ptII/ptolemy/actor/lib/test/auto/Commutator.xml (RunModel)" time="0.014" />
  <testcase classname="ptolemy.util.test.junit.AutoTests" name="[71] /home/travis/build/icyphy/ptII/ptolemy/actor/lib/test/auto/Commutator2.xml (RunModel)" time="0.013" />
  <testcase classname="ptolemy.util.test.junit.AutoTests" name="[72] /home/travis/build/icyphy/ptII/ptolemy/actor/lib/test/auto/Commutator3.xml (RunModel)" time="0.011" />
  <testcase classname="ptolemy.util.test.junit.AutoTests" name="[73] /home/travis/build/icyphy/ptII/ptolemy/actor/lib/test/auto/Compare.xml (RunModel)" time="0.02" />
  <testcase classname="ptolemy.util.test.junit.AutoTests" name="[74] /home/travis/build/icyphy/ptII/ptolemy/actor/lib/test/auto/CompareDE.xml (RunModel)" time="0.019" />
  <testcase classname="ptolemy.util.test.junit.AutoTests" name="[75] /home/travis/build/icyphy/ptII/ptolemy/actor/lib/test/auto/ComplexDivide.xml (RunModel)" time="0.009" />
  <testcase classname="ptolemy.util.test.junit.AutoTests" name="[76] /home/travis/build/icyphy/ptII/ptolemy/actor/lib/test/auto/ComputeHistogram.xml (RunModel)" time="0.059" />
  <testcase classname="ptolemy.util.test.junit.AutoTests" name="[77] /home/travis/build/icyphy/ptII/ptolemy/actor/lib/test/auto/ConfigurationSelect.xml (RunModel)" time="0.019" />
  <testcase classname="ptolemy.util.test.junit.AutoTests" name="[78] /home/travis/build/icyphy/ptII/ptolemy/actor/lib/test/auto/ConfigurationSelect2.xml (RunModel)" time="0.012" />
  <testcase classname="ptolemy.util.test.junit.AutoTests" name="[79] /home/travis/build/icyphy/ptII/ptolemy/actor/lib/test/auto/ConfigurationSwitch.xml (RunModel)" time="0.026" />
  <testcase classname="ptolemy.util.test.junit.AutoTests" name="[80] /home/travis/build/icyphy/ptII/ptolemy/actor/lib/test/auto/ConfigurationSwitch2.xml (RunModel)" time="0.024" />
  <testcase classname="ptolemy.util.test.junit.AutoTests" name="[81] /home/travis/build/icyphy/ptII/ptolemy/actor/lib/test/auto/ConfigurationSwitchCloningBugWithClassRelationGroup.xml (RunModel)" time="0.02" />
  <testcase classname="ptolemy.util.test.junit.AutoTests" name="[82] /home/travis/build/icyphy/ptII/ptolemy/actor/lib/test/auto/ConfigurationSwitchSelectSDF.xml (RunModel)" time="0.014" />
  <testcase classname="ptolemy.util.test.junit.AutoTests" name="[83] /home/travis/build/icyphy/ptII/ptolemy/actor/lib/test/auto/ConfigurationSwitchSelectSDF2.xml (RunModel)" time="0.02" />
  <testcase classname="ptolemy.util.test.junit.AutoTests" name="[84] /home/travis/build/icyphy/ptII/ptolemy/actor/lib/test/auto/Const.xml (RunModel)" time="0.008" />
  <testcase classname="ptolemy.util.test.junit.AutoTests" name="[85] /home/travis/build/icyphy/ptII/ptolemy/actor/lib/test/auto/Const2.xml (RunModel)" time="0.013" />
  <testcase classname="ptolemy.util.test.junit.AutoTests" name="[86] /home/travis/build/icyphy/ptII/ptolemy/actor/lib/test/auto/Const3.xml (RunModel)" time="0.009" />
  <testcase classname="ptolemy.util.test.junit.AutoTests" name="[87] /home/travis/build/icyphy/ptII/ptolemy/actor/lib/test/auto/ConstantPublisherPort1.xml (RunModel)" time="0.027" />
  <testcase classname="ptolemy.util.test.junit.AutoTests" name="[88] /home/travis/build/icyphy/ptII/ptolemy/actor/lib/test/auto/ConstantPublisherPort2.xml (RunModel)" time="0.025" />
  <testcase classname="ptolemy.util.test.junit.AutoTests" name="[89] /home/travis/build/icyphy/ptII/ptolemy/actor/lib/test/auto/ConstantPublisherPort3.xml (RunModel)" time="0.022" />
  <testcase classname="ptolemy.util.test.junit.AutoTests" name="[90] /home/travis/build/icyphy/ptII/ptolemy/actor/lib/test/auto/ConstantPublisherPort4.xml (RunModel)" time="0.017" />
  <testcase classname="ptolemy.util.test.junit.AutoTests" name="[91] /home/travis/build/icyphy/ptII/ptolemy/actor/lib/test/auto/ConstantPublisherPort5.xml (RunModel)" time="0.039" />
  <testcase classname="ptolemy.util.test.junit.AutoTests" name="[92] /home/travis/build/icyphy/ptII/ptolemy/actor/lib/test/auto/ConstantPublisherPort6.xml (RunModel)" time="0.035" />
  <testcase classname="ptolemy.util.test.junit.AutoTests" name="[93] /home/travis/build/icyphy/ptII/ptolemy/actor/lib/test/auto/ConstantPublisherPort7.xml (RunModel)" time="0.029" />
  <testcase classname="ptolemy.util.test.junit.AutoTests" name="[94] /home/travis/build/icyphy/ptII/ptolemy/actor/lib/test/auto/ConstraintMonitor1.xml (RunModel)" time="0.032" />
  <testcase classname="ptolemy.util.test.junit.AutoTests" name="[95] /home/travis/build/icyphy/ptII/ptolemy/actor/lib/test/auto/ConstraintMonitor2.xml (RunModel)" time="0.018" />
  <testcase classname="ptolemy.util.test.junit.AutoTests" name="[96] /home/travis/build/icyphy/ptII/ptolemy/actor/lib/test/auto/ConstraintMonitor3.xml (RunModel)" time="0.018" />
  <testcase classname="ptolemy.util.test.junit.AutoTests" name="[97] /home/travis/build/icyphy/ptII/ptolemy/actor/lib/test/auto/ConstraintMonitor4.xml (RunModel)" time="0.013" />
  <testcase classname="ptolemy.util.test.junit.AutoTests" name="[98] /home/travis/build/icyphy/ptII/ptolemy/actor/lib/test/auto/ConstraintMonitor5.xml (RunModel)" time="0.013" />
  <testcase classname="ptolemy.util.test.junit.AutoTests" name="[99] /home/travis/build/icyphy/ptII/ptolemy/actor/lib/test/auto/ConstraintMonitor6.xml (RunModel)" time="0.039" />
  <testcase classname="ptolemy.util.test.junit.AutoTests" name="[100] /home/travis/build/icyphy/ptII/ptolemy/actor/lib/test/auto/ConstraintMonitor7.xml (RunModel)" time="0.029" />
  <testcase classname="ptolemy.util.test.junit.AutoTests" name="[101] /home/travis/build/icyphy/ptII/ptolemy/actor/lib/test/auto/ConstraintMonitor8.xml (RunModel)" time="0.016" />
  <testcase classname="ptolemy.util.test.junit.AutoTests" name="[102] /home/travis/build/icyphy/ptII/ptolemy/actor/lib/test/auto/Counter.xml (RunModel)" time="0.012" />
  <testcase classname="ptolemy.util.test.junit.AutoTests" name="[103] /home/travis/build/icyphy/ptII/ptolemy/actor/lib/test/auto/CurrentTimeSDF.xml (RunModel)" time="0.009" />
  <testcase classname="ptolemy.util.test.junit.AutoTests" name="[104] /home/travis/build/icyphy/ptII/ptolemy/actor/lib/test/auto/DB.xml (RunModel)" time="0.013" />
  <testcase classname="ptolemy.util.test.junit.AutoTests" name="[105] /home/travis/build/icyphy/ptII/ptolemy/actor/lib/test/auto/DBDE.xml (RunModel)" time="0.014" />
  <testcase classname="ptolemy.util.test.junit.AutoTests" name="[106] /home/travis/build/icyphy/ptII/ptolemy/actor/lib/test/auto/DateConstructor.xml (RunModel)" time="0.055" />
  <testcase classname="ptolemy.util.test.junit.AutoTests" name="[107] /home/travis/build/icyphy/ptII/ptolemy/actor/lib/test/auto/DelayTime.xml (RunModel)" time="0.016" />
  <testcase classname="ptolemy.util.test.junit.AutoTests" name="[108] /home/travis/build/icyphy/ptII/ptolemy/actor/lib/test/auto/Dictionary1.xml (RunModel)" time="0.022" />
  <testcase classname="ptolemy.util.test.junit.AutoTests" name="[109] /home/travis/build/icyphy/ptII/ptolemy/actor/lib/test/auto/Dictionary2.xml (RunModel)" time="0.017" />
  <testcase classname="ptolemy.util.test.junit.AutoTests" name="[110] /home/travis/build/icyphy/ptII/ptolemy/actor/lib/test/auto/Dictionary3.xml (RunModel)" time="0.01" />
  <testcase classname="ptolemy.util.test.junit.AutoTests" name="[111] /home/travis/build/icyphy/ptII/ptolemy/actor/lib/test/auto/Dictionary4.xml (RunModel)" time="0.019" />
  <testcase classname="ptolemy.util.test.junit.AutoTests" name="[112] /home/travis/build/icyphy/ptII/ptolemy/actor/lib/test/auto/Differential.xml (RunModel)" time="0.016" />
  <testcase classname="ptolemy.util.test.junit.AutoTests" name="[113] /home/travis/build/icyphy/ptII/ptolemy/actor/lib/test/auto/Director.xml (RunModel)" time="0.01" />
  <testcase classname="ptolemy.util.test.junit.AutoTests" name="[114] /home/travis/build/icyphy/ptII/ptolemy/actor/lib/test/auto/DiscreteClock.xml (RunModel)" time="0.008" />
  <testcase classname="ptolemy.util.test.junit.AutoTests" name="[115] /home/travis/build/icyphy/ptII/ptolemy/actor/lib/test/auto/DiscreteClock10.xml (RunModel)" time="0.014" />
  <testcase classname="ptolemy.util.test.junit.AutoTests" name="[116] /home/travis/build/icyphy/ptII/ptolemy/actor/lib/test/auto/DiscreteClock11.xml (RunModel)" time="0.011" />
  <testcase classname="ptolemy.util.test.junit.AutoTests" name="[117] /home/travis/build/icyphy/ptII/ptolemy/actor/lib/test/auto/DiscreteClock12.xml (RunModel)" time="0.014" />
  <testcase classname="ptolemy.util.test.junit.AutoTests" name="[118] /home/travis/build/icyphy/ptII/ptolemy/actor/lib/test/auto/DiscreteClock13.xml (RunModel)" time="0.011" />
  <testcase classname="ptolemy.util.test.junit.AutoTests" name="[119] /home/travis/build/icyphy/ptII/ptolemy/actor/lib/test/auto/DiscreteClock14.xml (RunModel)" time="0.013" />
  <testcase classname="ptolemy.util.test.junit.AutoTests" name="[120] /home/travis/build/icyphy/ptII/ptolemy/actor/lib/test/auto/DiscreteClock15.xml (RunModel)" time="0.016" />
  <testcase classname="ptolemy.util.test.junit.AutoTests" name="[121] /home/travis/build/icyphy/ptII/ptolemy/actor/lib/test/auto/DiscreteClock16.xml (RunModel)" time="0.039" />
  <testcase classname="ptolemy.util.test.junit.AutoTests" name="[122] /home/travis/build/icyphy/ptII/ptolemy/actor/lib/test/auto/DiscreteClock17.xml (RunModel)" time="0.037" />
  <testcase classname="ptolemy.util.test.junit.AutoTests" name="[123] /home/travis/build/icyphy/ptII/ptolemy/actor/lib/test/auto/DiscreteClock18.xml (RunModel)" time="0.036" />
  <testcase classname="ptolemy.util.test.junit.AutoTests" name="[124] /home/travis/build/icyphy/ptII/ptolemy/actor/lib/test/auto/DiscreteClock19.xml (RunModel)" time="0.047" />
  <testcase classname="ptolemy.util.test.junit.AutoTests" name="[125] /home/travis/build/icyphy/ptII/ptolemy/actor/lib/test/auto/DiscreteClock2.xml (RunModel)" time="0.015" />
  <testcase classname="ptolemy.util.test.junit.AutoTests" name="[126] /home/travis/build/icyphy/ptII/ptolemy/actor/lib/test/auto/DiscreteClock20.xml (RunModel)" time="0.015" />
  <testcase classname="ptolemy.util.test.junit.AutoTests" name="[127] /home/travis/build/icyphy/ptII/ptolemy/actor/lib/test/auto/DiscreteClock21.xml (RunModel)" time="0.431" />
  <testcase classname="ptolemy.util.test.junit.AutoTests" name="[128] /home/travis/build/icyphy/ptII/ptolemy/actor/lib/test/auto/DiscreteClock22.xml (RunModel)" time="0.017" />
  <testcase classname="ptolemy.util.test.junit.AutoTests" name="[129] /home/travis/build/icyphy/ptII/ptolemy/actor/lib/test/auto/DiscreteClock23.xml (RunModel)" time="0.018" />
  <testcase classname="ptolemy.util.test.junit.AutoTests" name="[130] /home/travis/build/icyphy/ptII/ptolemy/actor/lib/test/auto/DiscreteClock24.xml (RunModel)" time="0.016" />
  <testcase classname="ptolemy.util.test.junit.AutoTests" name="[131] /home/travis/build/icyphy/ptII/ptolemy/actor/lib/test/auto/DiscreteClock4.xml (RunModel)" time="0.017" />
  <testcase classname="ptolemy.util.test.junit.AutoTests" name="[132] /home/travis/build/icyphy/ptII/ptolemy/actor/lib/test/auto/DiscreteClock5.xml (RunModel)" time="0.009" />
  <testcase classname="ptolemy.util.test.junit.AutoTests" name="[133] /home/travis/build/icyphy/ptII/ptolemy/actor/lib/test/auto/DiscreteClock6.xml (RunModel)" time="0.009" />
  <testcase classname="ptolemy.util.test.junit.AutoTests" name="[134] /home/travis/build/icyphy/ptII/ptolemy/actor/lib/test/auto/DiscreteClock7.xml (RunModel)" time="0.01" />
  <testcase classname="ptolemy.util.test.junit.AutoTests" name="[135] /home/travis/build/icyphy/ptII/ptolemy/actor/lib/test/auto/DiscreteClock8.xml (RunModel)" time="0.01" />
  <testcase classname="ptolemy.util.test.junit.AutoTests" name="[136] /home/travis/build/icyphy/ptII/ptolemy/actor/lib/test/auto/DiscreteClock9.xml (RunModel)" time="0.012" />
  <testcase classname="ptolemy.util.test.junit.AutoTests" name="[137] /home/travis/build/icyphy/ptII/ptolemy/actor/lib/test/auto/DisplayArray.xml (RunModel)" time="0.018" />
  <testcase classname="ptolemy.util.test.junit.AutoTests" name="[138] /home/travis/build/icyphy/ptII/ptolemy/actor/lib/test/auto/Distributor.xml (RunModel)" time="0.009" />
  <testcase classname="ptolemy.util.test.junit.AutoTests" name="[139] /home/travis/build/icyphy/ptII/ptolemy/actor/lib/test/auto/Distributor2.xml (RunModel)" time="0.019" />
  <testcase classname="ptolemy.util.test.junit.AutoTests" name="[140] /home/travis/build/icyphy/ptII/ptolemy/actor/lib/test/auto/DownSample.xml (RunModel)" time="0.012" />
  <testcase classname="ptolemy.util.test.junit.AutoTests" name="[141] /home/travis/build/icyphy/ptII/ptolemy/actor/lib/test/auto/ElectronicUnitBase1.xml (RunModel)" time="0.098" />
  <testcase classname="ptolemy.util.test.junit.AutoTests" name="[142] /home/travis/build/icyphy/ptII/ptolemy/actor/lib/test/auto/ElementsToArray.xml (RunModel)" time="0.01" />
  <testcase classname="ptolemy.util.test.junit.AutoTests" name="[143] /home/travis/build/icyphy/ptII/ptolemy/actor/lib/test/auto/Equals.xml (RunModel)" time="0.013" />
  <testcase classname="ptolemy.util.test.junit.AutoTests" name="[144] /home/travis/build/icyphy/ptII/ptolemy/actor/lib/test/auto/Exec.xml (RunModel)" time="0.022" />
  <testcase classname="ptolemy.util.test.junit.AutoTests" name="[145] /home/travis/build/icyphy/ptII/ptolemy/actor/lib/test/auto/ExecEnvironment.xml (RunModel)" time="0.042" />
  <testcase classname="ptolemy.util.test.junit.AutoTests" name="[146] /home/travis/build/icyphy/ptII/ptolemy/actor/lib/test/auto/ExecNonZeroReturnOutput.xml (RunModel)" time="0.137" />
  <testcase classname="ptolemy.util.test.junit.AutoTests" name="[147] /home/travis/build/icyphy/ptII/ptolemy/actor/lib/test/auto/ExecRunDemos.xml (RunModel)" time="9.61" />
  <testcase classname="ptolemy.util.test.junit.AutoTests" name="[148] /home/travis/build/icyphy/ptII/ptolemy/actor/lib/test/auto/ExecStop.xml (RunModel)" time="5.03" />
  <testcase classname="ptolemy.util.test.junit.AutoTests" name="[149] /home/travis/build/icyphy/ptII/ptolemy/actor/lib/test/auto/ExecutionTimeSDF.xml (RunModel)" time="6.024" />
  <testcase classname="ptolemy.util.test.junit.AutoTests" name="[150] /home/travis/build/icyphy/ptII/ptolemy/actor/lib/test/auto/Expression1.xml (RunModel)" time="0.014" />
  <testcase classname="ptolemy.util.test.junit.AutoTests" name="[151] /home/travis/build/icyphy/ptII/ptolemy/actor/lib/test/auto/Expression10.xml (RunModel)" time="0.021" />
  <testcase classname="ptolemy.util.test.junit.AutoTests" name="[152] /home/travis/build/icyphy/ptII/ptolemy/actor/lib/test/auto/Expression11.xml (RunModel)" time="0.01" />
  <testcase classname="ptolemy.util.test.junit.AutoTests" name="[153] /home/travis/build/icyphy/ptII/ptolemy/actor/lib/test/auto/Expression12.xml (RunModel)" time="0.013" />
  <testcase classname="ptolemy.util.test.junit.AutoTests" name="[154] /home/travis/build/icyphy/ptII/ptolemy/actor/lib/test/auto/Expression13.xml (RunModel)" time="0.011" />
  <testcase classname="ptolemy.util.test.junit.AutoTests" name="[155] /home/travis/build/icyphy/ptII/ptolemy/actor/lib/test/auto/Expression14.xml (RunModel)" time="0.016" />
  <testcase classname="ptolemy.util.test.junit.AutoTests" name="[156] /home/travis/build/icyphy/ptII/ptolemy/actor/lib/test/auto/Expression15.xml (RunModel)" time="0.008" />
  <testcase classname="ptolemy.util.test.junit.AutoTests" name="[157] /home/travis/build/icyphy/ptII/ptolemy/actor/lib/test/auto/Expression16.xml (RunModel)" time="0.011" />
  <testcase classname="ptolemy.util.test.junit.AutoTests" name="[158] /home/travis/build/icyphy/ptII/ptolemy/actor/lib/test/auto/Expression17.xml (RunModel)" time="0.012" />
  <testcase classname="ptolemy.util.test.junit.AutoTests" name="[159] /home/travis/build/icyphy/ptII/ptolemy/actor/lib/test/auto/Expression18.xml (RunModel)" time="0.015" />
  <testcase classname="ptolemy.util.test.junit.AutoTests" name="[160] /home/travis/build/icyphy/ptII/ptolemy/actor/lib/test/auto/Expression2.xml (RunModel)" time="0.013" />
  <testcase classname="ptolemy.util.test.junit.AutoTests" name="[161] /home/travis/build/icyphy/ptII/ptolemy/actor/lib/test/auto/Expression3.xml (RunModel)" time="0.01" />
  <testcase classname="ptolemy.util.test.junit.AutoTests" name="[162] /home/travis/build/icyphy/ptII/ptolemy/actor/lib/test/auto/Expression4.xml (RunModel)" time="0.018" />
  <testcase classname="ptolemy.util.test.junit.AutoTests" name="[163] /home/travis/build/icyphy/ptII/ptolemy/actor/lib/test/auto/Expression5.xml (RunModel)" time="0.012" />
  <testcase classname="ptolemy.util.test.junit.AutoTests" name="[164] /home/travis/build/icyphy/ptII/ptolemy/actor/lib/test/auto/Expression6.xml (RunModel)" time="0.011" />
  <testcase classname="ptolemy.util.test.junit.AutoTests" name="[165] /home/travis/build/icyphy/ptII/ptolemy/actor/lib/test/auto/Expression7.xml (RunModel)" time="0.013" />
  <testcase classname="ptolemy.util.test.junit.AutoTests" name="[166] /home/travis/build/icyphy/ptII/ptolemy/actor/lib/test/auto/Expression8.xml (RunModel)" time="0.011" />
  <testcase classname="ptolemy.util.test.junit.AutoTests" name="[167] /home/travis/build/icyphy/ptII/ptolemy/actor/lib/test/auto/Expression9.xml (RunModel)" time="0.009" />
  <testcase classname="ptolemy.util.test.junit.AutoTests" name="[168] /home/travis/build/icyphy/ptII/ptolemy/actor/lib/test/auto/ExpressionConcatenateArrayType.xml (RunModel)" time="0.026" />
  <testcase classname="ptolemy.util.test.junit.AutoTests" name="[169] /home/travis/build/icyphy/ptII/ptolemy/actor/lib/test/auto/ExpressionConcatenateArrayType2.xml (RunModel)" time="0.016" />
  <testcase classname="ptolemy.util.test.junit.AutoTests" name="[170] /home/travis/build/icyphy/ptII/ptolemy/actor/lib/test/auto/ExpressionFix.xml (RunModel)" time="0.026" />
  <testcase classname="ptolemy.util.test.junit.AutoTests" name="[171] /home/travis/build/icyphy/ptII/ptolemy/actor/lib/test/auto/ExpressionFix2.xml (RunModel)" time="0.01" />
  <testcase classname="ptolemy.util.test.junit.AutoTests" name="[172] /home/travis/build/icyphy/ptII/ptolemy/actor/lib/test/auto/ExpressionFix3.xml (RunModel)" time="0.01" />
  <testcase classname="ptolemy.util.test.junit.AutoTests" name="[173] /home/travis/build/icyphy/ptII/ptolemy/actor/lib/test/auto/FileWriter1.xml (RunModel)" time="0.009" />
  <testcase classname="ptolemy.util.test.junit.AutoTests" name="[174] /home/travis/build/icyphy/ptII/ptolemy/actor/lib/test/auto/FileWriter2.xml (RunModel)" time="0.011" />
  <testcase classname="ptolemy.util.test.junit.AutoTests" name="[175] /home/travis/build/icyphy/ptII/ptolemy/actor/lib/test/auto/FileWriter3.xml (RunModel)" time="0.01" />
  <testcase classname="ptolemy.util.test.junit.AutoTests" name="[176] /home/travis/build/icyphy/ptII/ptolemy/actor/lib/test/auto/Gaussian.xml (RunModel)" time="0.012" />
  <testcase classname="ptolemy.util.test.junit.AutoTests" name="[177] /home/travis/build/icyphy/ptII/ptolemy/actor/lib/test/auto/Gaussian1.xml (RunModel)" time="0.012" />
  <testcase classname="ptolemy.util.test.junit.AutoTests" name="[178] /home/travis/build/icyphy/ptII/ptolemy/actor/lib/test/auto/Gaussian2.xml (RunModel)" time="0.015" />
  <testcase classname="ptolemy.util.test.junit.AutoTests" name="[179] /home/travis/build/icyphy/ptII/ptolemy/actor/lib/test/auto/GradientAdaptiveLattice.xml (RunModel)" time="0.015" />
  <testcase classname="ptolemy.util.test.junit.AutoTests" name="[180] /home/travis/build/icyphy/ptII/ptolemy/actor/lib/test/auto/IIR.xml (RunModel)" time="0.01" />
  <testcase classname="ptolemy.util.test.junit.AutoTests" name="[181] /home/travis/build/icyphy/ptII/ptolemy/actor/lib/test/auto/InputOutputTransparentPorts.xml (RunModel)" time="0.018" />
  <testcase classname="ptolemy.util.test.junit.AutoTests" name="[182] /home/travis/build/icyphy/ptII/ptolemy/actor/lib/test/auto/Interpolator.xml (RunModel)" time="0.012" />
  <testcase classname="ptolemy.util.test.junit.AutoTests" name="[183] /home/travis/build/icyphy/ptII/ptolemy/actor/lib/test/auto/InterpolatorFiringLimitDE.xml (RunModel)" time="0.021" />
  <testcase classname="ptolemy.util.test.junit.AutoTests" name="[184] /home/travis/build/icyphy/ptII/ptolemy/actor/lib/test/auto/Lattice.xml (RunModel)" time="0.012" />
  <testcase classname="ptolemy.util.test.junit.AutoTests" name="[185] /home/travis/build/icyphy/ptII/ptolemy/actor/lib/test/auto/LazyAOCTestLazy.xml (RunModel)" time="0.02" />
  <testcase classname="ptolemy.util.test.junit.AutoTests" name="[186] /home/travis/build/icyphy/ptII/ptolemy/actor/lib/test/auto/LazyAOCTestNonLazy.xml (RunModel)" time="0.048" />
  <testcase classname="ptolemy.util.test.junit.AutoTests" name="[187] /home/travis/build/icyphy/ptII/ptolemy/actor/lib/test/auto/LazyInnerClass.xml (RunModel)" time="0.044" />
  <testcase classname="ptolemy.util.test.junit.AutoTests" name="[188] /home/travis/build/icyphy/ptII/ptolemy/actor/lib/test/auto/LazyPubSub.xml (RunModel)" time="0.065" />
  <testcase classname="ptolemy.util.test.junit.AutoTests" name="[189] /home/travis/build/icyphy/ptII/ptolemy/actor/lib/test/auto/LazyPubSub2.xml (RunModel)" time="0.044" />
  <testcase classname="ptolemy.util.test.junit.AutoTests" name="[190] /home/travis/build/icyphy/ptII/ptolemy/actor/lib/test/auto/LazyPubSub3.xml (RunModel)" time="0.047" />
  <testcase classname="ptolemy.util.test.junit.AutoTests" name="[191] /home/travis/build/icyphy/ptII/ptolemy/actor/lib/test/auto/LazySubClassModel.xml (RunModel)" time="0.019" />
  <testcase classname="ptolemy.util.test.junit.AutoTests" name="[192] /home/travis/build/icyphy/ptII/ptolemy/actor/lib/test/auto/LevelCrossTest1.xml (RunModel)" time="0.009" />
  <testcase classname="ptolemy.util.test.junit.AutoTests" name="[193] /home/travis/build/icyphy/ptII/ptolemy/actor/lib/test/auto/LevelCrossTest10.xml (RunModel)" time="0.013" />
  <testcase classname="ptolemy.util.test.junit.AutoTests" name="[194] /home/travis/build/icyphy/ptII/ptolemy/actor/lib/test/auto/LevelCrossTest11.xml (RunModel)" time="0.012" />
  <testcase classname="ptolemy.util.test.junit.AutoTests" name="[195] /home/travis/build/icyphy/ptII/ptolemy/actor/lib/test/auto/LevelCrossTest12.xml (RunModel)" time="0.012" />
  <testcase classname="ptolemy.util.test.junit.AutoTests" name="[196] /home/travis/build/icyphy/ptII/ptolemy/actor/lib/test/auto/LevelCrossTest13.xml (RunModel)" time="0.011" />
  <testcase classname="ptolemy.util.test.junit.AutoTests" name="[197] /home/travis/build/icyphy/ptII/ptolemy/actor/lib/test/auto/LevelCrossTest2.xml (RunModel)" time="0.009" />
  <testcase classname="ptolemy.util.test.junit.AutoTests" name="[198] /home/travis/build/icyphy/ptII/ptolemy/actor/lib/test/auto/LevelCrossTest3.xml (RunModel)" time="0.009" />
  <testcase classname="ptolemy.util.test.junit.AutoTests" name="[199] /home/travis/build/icyphy/ptII/ptolemy/actor/lib/test/auto/LevelCrossTest4.xml (RunModel)" time="0.007" />
  <testcase classname="ptolemy.util.test.junit.AutoTests" name="[200] /home/travis/build/icyphy/ptII/ptolemy/actor/lib/test/auto/LevelCrossTest5.xml (RunModel)" time="0.01" />
  <testcase classname="ptolemy.util.test.junit.AutoTests" name="[201] /home/travis/build/icyphy/ptII/ptolemy/actor/lib/test/auto/LevelCrossTest6.xml (RunModel)" time="0.01" />
  <testcase classname="ptolemy.util.test.junit.AutoTests" name="[202] /home/travis/build/icyphy/ptII/ptolemy/actor/lib/test/auto/LevelCrossTest7.xml (RunModel)" time="0.012" />
  <testcase classname="ptolemy.util.test.junit.AutoTests" name="[203] /home/travis/build/icyphy/ptII/ptolemy/actor/lib/test/auto/LevelCrossTest8.xml (RunModel)" time="0.011" />
  <testcase classname="ptolemy.util.test.junit.AutoTests" name="[204] /home/travis/build/icyphy/ptII/ptolemy/actor/lib/test/auto/LevelCrossTest9.xml (RunModel)" time="0.011" />
  <testcase classname="ptolemy.util.test.junit.AutoTests" name="[205] /home/travis/build/icyphy/ptII/ptolemy/actor/lib/test/auto/LevinsonDurbin.xml (RunModel)" time="0.007" />
  <testcase classname="ptolemy.util.test.junit.AutoTests" name="[206] /home/travis/build/icyphy/ptII/ptolemy/actor/lib/test/auto/LevinsonDurbin2.xml (RunModel)" time="0.007" />
  <testcase classname="ptolemy.util.test.junit.AutoTests" name="[207] /home/travis/build/icyphy/ptII/ptolemy/actor/lib/test/auto/LevinsonDurbin3.xml (RunModel)" time="0.006" />
  <testcase classname="ptolemy.util.test.junit.AutoTests" name="[208] /home/travis/build/icyphy/ptII/ptolemy/actor/lib/test/auto/Limiter.xml (RunModel)" time="0.019" />
  <testcase classname="ptolemy.util.test.junit.AutoTests" name="[209] /home/travis/build/icyphy/ptII/ptolemy/actor/lib/test/auto/LinearDifferenceEquationSystem.xml (RunModel)" time="0.017" />
  <testcase classname="ptolemy.util.test.junit.AutoTests" name="[210] /home/travis/build/icyphy/ptII/ptolemy/actor/lib/test/auto/LookupTable.xml (RunModel)" time="0.008" />
  <testcase classname="ptolemy.util.test.junit.AutoTests" name="[211] /home/travis/build/icyphy/ptII/ptolemy/actor/lib/test/auto/MathFunction.xml (RunModel)" time="0.016" />
  <testcase classname="ptolemy.util.test.junit.AutoTests" name="[212] /home/travis/build/icyphy/ptII/ptolemy/actor/lib/test/auto/MathFunction2.xml (RunModel)" time="0.008" />
  <testcase classname="ptolemy.util.test.junit.AutoTests" name="[213] /home/travis/build/icyphy/ptII/ptolemy/actor/lib/test/auto/MathFunction3.xml (RunModel)" time="0.014" />
  <testcase classname="ptolemy.util.test.junit.AutoTests" name="[214] /home/travis/build/icyphy/ptII/ptolemy/actor/lib/test/auto/MatrixCropBoolean.xml (RunModel)" time="0.012" />
  <testcase classname="ptolemy.util.test.junit.AutoTests" name="[215] /home/travis/build/icyphy/ptII/ptolemy/actor/lib/test/auto/MatrixCropComplex.xml (RunModel)" time="0.008" />
  <testcase classname="ptolemy.util.test.junit.AutoTests" name="[216] /home/travis/build/icyphy/ptII/ptolemy/actor/lib/test/auto/MatrixCropDouble.xml (RunModel)" time="0.008" />
  <testcase classname="ptolemy.util.test.junit.AutoTests" name="[217] /home/travis/build/icyphy/ptII/ptolemy/actor/lib/test/auto/MatrixCropFix.xml (RunModel)" time="0.008" />
  <testcase classname="ptolemy.util.test.junit.AutoTests" name="[218] /home/travis/build/icyphy/ptII/ptolemy/actor/lib/test/auto/MatrixCropInt.xml (RunModel)" time="0.007" />
  <testcase classname="ptolemy.util.test.junit.AutoTests" name="[219] /home/travis/build/icyphy/ptII/ptolemy/actor/lib/test/auto/MatrixCropLong.xml (RunModel)" time="0.007" />
  <testcase classname="ptolemy.util.test.junit.AutoTests" name="[220] /home/travis/build/icyphy/ptII/ptolemy/actor/lib/test/auto/MatrixToArray.xml (RunModel)" time="0.036" />
  <testcase classname="ptolemy.util.test.junit.AutoTests" name="[221] /home/travis/build/icyphy/ptII/ptolemy/actor/lib/test/auto/MaxIndex.xml (RunModel)" time="0.01" />
  <testcase classname="ptolemy.util.test.junit.AutoTests" name="[222] /home/travis/build/icyphy/ptII/ptolemy/actor/lib/test/auto/Maximum.xml (RunModel)" time="0.014" />
  <testcase classname="ptolemy.util.test.junit.AutoTests" name="[223] /home/travis/build/icyphy/ptII/ptolemy/actor/lib/test/auto/MaximumComplex.xml (RunModel)" time="0.011" />
  <testcase classname="ptolemy.util.test.junit.AutoTests" name="[224] /home/travis/build/icyphy/ptII/ptolemy/actor/lib/test/auto/MethodCallTest.xml (RunModel)" time="0.018" />
  <testcase classname="ptolemy.util.test.junit.AutoTests" name="[225] /home/travis/build/icyphy/ptII/ptolemy/actor/lib/test/auto/Minimum.xml (RunModel)" time="0.011" />
  <testcase classname="ptolemy.util.test.junit.AutoTests" name="[226] /home/travis/build/icyphy/ptII/ptolemy/actor/lib/test/auto/MinimumComplex.xml (RunModel)" time="0.011" />
  <testcase classname="ptolemy.util.test.junit.AutoTests" name="[227] /home/travis/build/icyphy/ptII/ptolemy/actor/lib/test/auto/MinimumMultiports.xml (RunModel)" time="0.016" />
  <testcase classname="ptolemy.util.test.junit.AutoTests" name="[228] /home/travis/build/icyphy/ptII/ptolemy/actor/lib/test/auto/ModifyDate.xml (RunModel)" time="0.035" />
  <testcase classname="ptolemy.util.test.junit.AutoTests" name="[229] /home/travis/build/icyphy/ptII/ptolemy/actor/lib/test/auto/ModifyDate2.xml (RunModel)" time="0.025" />
  <testcase classname="ptolemy.util.test.junit.AutoTests" name="[230] /home/travis/build/icyphy/ptII/ptolemy/actor/lib/test/auto/MovingAverage.xml (RunModel)" time="0.01" />
  <testcase classname="ptolemy.util.test.junit.AutoTests" name="[231] /home/travis/build/icyphy/ptII/ptolemy/actor/lib/test/auto/MovingMaximum.xml (RunModel)" time="0.009" />
  <testcase classname="ptolemy.util.test.junit.AutoTests" name="[232] /home/travis/build/icyphy/ptII/ptolemy/actor/lib/test/auto/MultipleLinksToSameRelation.xml (RunModel)" time="0.006" />
  <testcase classname="ptolemy.util.test.junit.AutoTests" name="[233] /home/travis/build/icyphy/ptII/ptolemy/actor/lib/test/auto/MultipleLinksToSameRelationDE.xml (RunModel)" time="0.007" />
  <testcase classname="ptolemy.util.test.junit.AutoTests" name="[234] /home/travis/build/icyphy/ptII/ptolemy/actor/lib/test/auto/Multiplexor.xml (RunModel)" time="0.011" />
  <testcase classname="ptolemy.util.test.junit.AutoTests" name="[235] /home/travis/build/icyphy/ptII/ptolemy/actor/lib/test/auto/Multiplexor1.xml (RunModel)" time="0.01" />
  <testcase classname="ptolemy.util.test.junit.AutoTests" name="[236] /home/travis/build/icyphy/ptII/ptolemy/actor/lib/test/auto/Multiplexor2.xml (RunModel)" time="0.012" />
  <testcase classname="ptolemy.util.test.junit.AutoTests" name="[237] /home/travis/build/icyphy/ptII/ptolemy/actor/lib/test/auto/Multiplexor3.xml (RunModel)" time="0.008" />
  <testcase classname="ptolemy.util.test.junit.AutoTests" name="[238] /home/travis/build/icyphy/ptII/ptolemy/actor/lib/test/auto/MultiplexorDE.xml (RunModel)" time="0.015" />
  <testcase classname="ptolemy.util.test.junit.AutoTests" name="[239] /home/travis/build/icyphy/ptII/ptolemy/actor/lib/test/auto/MultiportBroadcastTest.xml (RunModel)" time="0.06" />
  <testcase classname="ptolemy.util.test.junit.AutoTests" name="[240] /home/travis/build/icyphy/ptII/ptolemy/actor/lib/test/auto/MultiportOutHangDuringGetWidth.xml (RunModel)" time="0.028" />
  <testcase classname="ptolemy.util.test.junit.AutoTests" name="[241] /home/travis/build/icyphy/ptII/ptolemy/actor/lib/test/auto/NilToken.xml (RunModel)" time="0.008" />
  <testcase classname="ptolemy.util.test.junit.AutoTests" name="[242] /home/travis/build/icyphy/ptII/ptolemy/actor/lib/test/auto/NilTokenNonStrictTest.xml (RunModel)" time="0.01" />
  <testcase classname="ptolemy.util.test.junit.AutoTests" name="[243] /home/travis/build/icyphy/ptII/ptolemy/actor/lib/test/auto/NilTokenRecord.xml (RunModel)" time="0.017" />
  <testcase classname="ptolemy.util.test.junit.AutoTests" name="[244] /home/travis/build/icyphy/ptII/ptolemy/actor/lib/test/auto/NilTokenTypeTest.xml (RunModel)" time="0.024" />
  <testcase classname="ptolemy.util.test.junit.AutoTests" name="[245] /home/travis/build/icyphy/ptII/ptolemy/actor/lib/test/auto/ObjectToken1.xml (RunModel)" time="0.008" />
  <testcase classname="ptolemy.util.test.junit.AutoTests" name="[246] /home/travis/build/icyphy/ptII/ptolemy/actor/lib/test/auto/OrderedMerge.xml (RunModel)" time="0.011" />
  <testcase classname="ptolemy.util.test.junit.AutoTests" name="[247] /home/travis/build/icyphy/ptII/ptolemy/actor/lib/test/auto/OrderedRecordDisassembler.xml (RunModel)" time="0.016" />
  <testcase classname="ptolemy.util.test.junit.AutoTests" name="[248] /home/travis/build/icyphy/ptII/ptolemy/actor/lib/test/auto/OrderedRecordDisassembler2.xml (RunModel)" time="0.016" />
  <testcase classname="ptolemy.util.test.junit.AutoTests" name="[249] /home/travis/build/icyphy/ptII/ptolemy/actor/lib/test/auto/OrderedRecordUpdater.xml (RunModel)" time="0.009" />
  <testcase classname="ptolemy.util.test.junit.AutoTests" name="[250] /home/travis/build/icyphy/ptII/ptolemy/actor/lib/test/auto/OrderedRecordUpdater2.xml (RunModel)" time="0.008" />
  <testcase classname="ptolemy.util.test.junit.AutoTests" name="[251] /home/travis/build/icyphy/ptII/ptolemy/actor/lib/test/auto/PhaseUnwrap.xml (RunModel)" time="0.014" />
  <testcase classname="ptolemy.util.test.junit.AutoTests" name="[252] /home/travis/build/icyphy/ptII/ptolemy/actor/lib/test/auto/PoissonClock.xml (RunModel)" time="0.008" />
  <testcase classname="ptolemy.util.test.junit.AutoTests" name="[253] /home/travis/build/icyphy/ptII/ptolemy/actor/lib/test/auto/PoissonClock2.xml (RunModel)" time="0.007" />
  <testcase classname="ptolemy.util.test.junit.AutoTests" name="[254] /home/travis/build/icyphy/ptII/ptolemy/actor/lib/test/auto/PoissonClock3.xml (RunModel)" time="0.009" />
  <testcase classname="ptolemy.util.test.junit.AutoTests" name="[255] /home/travis/build/icyphy/ptII/ptolemy/actor/lib/test/auto/PubSubWithInitialTokens.xml (RunModel)" time="0.01" />
  <testcase classname="ptolemy.util.test.junit.AutoTests" name="[256] /home/travis/build/icyphy/ptII/ptolemy/actor/lib/test/auto/PubSubWithInitialTokens2.xml (RunModel)" time="0.01" />
  <testcase classname="ptolemy.util.test.junit.AutoTests" name="[257] /home/travis/build/icyphy/ptII/ptolemy/actor/lib/test/auto/PublisherClassNoParameter.xml (RunModel)" time="0.018" />
  <testcase classname="ptolemy.util.test.junit.AutoTests" name="[258] /home/travis/build/icyphy/ptII/ptolemy/actor/lib/test/auto/PublisherClassParameter.xml (RunModel)" time="0.02" />
  <testcase classname="ptolemy.util.test.junit.AutoTests" name="[259] /home/travis/build/icyphy/ptII/ptolemy/actor/lib/test/auto/PublisherNonStrictTest.xml (RunModel)" time="0.014" />
  <testcase classname="ptolemy.util.test.junit.AutoTests" name="[260] /home/travis/build/icyphy/ptII/ptolemy/actor/lib/test/auto/PublisherPort1.xml (RunModel)" time="0.01" />
  <testcase classname="ptolemy.util.test.junit.AutoTests" name="[261] /home/travis/build/icyphy/ptII/ptolemy/actor/lib/test/auto/PublisherPort2.xml (RunModel)" time="0.007" />
  <testcase classname="ptolemy.util.test.junit.AutoTests" name="[262] /home/travis/build/icyphy/ptII/ptolemy/actor/lib/test/auto/PublisherPort3.xml (RunModel)" time="0.011" />
  <testcase classname="ptolemy.util.test.junit.AutoTests" name="[263] /home/travis/build/icyphy/ptII/ptolemy/actor/lib/test/auto/PublisherPort4.xml (RunModel)" time="0.01" />
  <testcase classname="ptolemy.util.test.junit.AutoTests" name="[264] /home/travis/build/icyphy/ptII/ptolemy/actor/lib/test/auto/PublisherPort5.xml (RunModel)" time="0.013" />
  <testcase classname="ptolemy.util.test.junit.AutoTests" name="[265] /home/travis/build/icyphy/ptII/ptolemy/actor/lib/test/auto/PublisherPort5LookAlike.xml (RunModel)" time="0.018" />
  <testcase classname="ptolemy.util.test.junit.AutoTests" name="[266] /home/travis/build/icyphy/ptII/ptolemy/actor/lib/test/auto/PublisherPort6.xml (RunModel)" time="0.012" />
  <testcase classname="ptolemy.util.test.junit.AutoTests" name="[267] /home/travis/build/icyphy/ptII/ptolemy/actor/lib/test/auto/PublisherPort7.xml (RunModel)" time="0.024" />
  <testcase classname="ptolemy.util.test.junit.AutoTests" name="[268] /home/travis/build/icyphy/ptII/ptolemy/actor/lib/test/auto/PublisherPort8.xml (RunModel)" time="0.016" />
  <testcase classname="ptolemy.util.test.junit.AutoTests" name="[269] /home/travis/build/icyphy/ptII/ptolemy/actor/lib/test/auto/PublisherPortSubscriberChannelVariablesAOC2.xml (RunModel)" time="0.037" />
  <testcase classname="ptolemy.util.test.junit.AutoTests" name="[270] /home/travis/build/icyphy/ptII/ptolemy/actor/lib/test/auto/PublisherPortSubscriberOpaqueWidthInference.xml (RunModel)" time="0.015" />
  <testcase classname="ptolemy.util.test.junit.AutoTests" name="[271] /home/travis/build/icyphy/ptII/ptolemy/actor/lib/test/auto/PublisherPortSubscriberPortAdjacent.xml (RunModel)" time="0.018" />
  <testcase classname="ptolemy.util.test.junit.AutoTests" name="[272] /home/travis/build/icyphy/ptII/ptolemy/actor/lib/test/auto/PublisherPortSubscriberPortExpression.xml (RunModel)" time="0.017" />
  <testcase classname="ptolemy.util.test.junit.AutoTests" name="[273] /home/travis/build/icyphy/ptII/ptolemy/actor/lib/test/auto/PublisherPortSubscriberPortOpaqueD3Reverse.xml (RunModel)" time="0.023" />
  <testcase classname="ptolemy.util.test.junit.AutoTests" name="[274] /home/travis/build/icyphy/ptII/ptolemy/actor/lib/test/auto/PublisherPortSubscriberPortOpaqueWidthInference.xml (RunModel)" time="0.016" />
  <testcase classname="ptolemy.util.test.junit.AutoTests" name="[275] /home/travis/build/icyphy/ptII/ptolemy/actor/lib/test/auto/PublisherPortToplevelSubscriberPortAOC.xml (RunModel)" time="0.012" />
  <testcase classname="ptolemy.util.test.junit.AutoTests" name="[276] /home/travis/build/icyphy/ptII/ptolemy/actor/lib/test/auto/PublisherSubscriber.xml (RunModel)" time="0.022" />
  <testcase classname="ptolemy.util.test.junit.AutoTests" name="[277] /home/travis/build/icyphy/ptII/ptolemy/actor/lib/test/auto/PublisherSubscriber10.xml (RunModel)" time="0.021" />
  <testcase classname="ptolemy.util.test.junit.AutoTests" name="[278] /home/travis/build/icyphy/ptII/ptolemy/actor/lib/test/auto/PublisherSubscriber10InitialOutputs.xml (RunModel)" time="0.03" />
  <testcase classname="ptolemy.util.test.junit.AutoTests" name="[279] /home/travis/build/icyphy/ptII/ptolemy/actor/lib/test/auto/PublisherSubscriber11.xml (RunModel)" time="0.015" />
  <testcase classname="ptolemy.util.test.junit.AutoTests" name="[280] /home/travis/build/icyphy/ptII/ptolemy/actor/lib/test/auto/PublisherSubscriber12.xml (RunModel)" time="0.011" />
  <testcase classname="ptolemy.util.test.junit.AutoTests" name="[281] /home/travis/build/icyphy/ptII/ptolemy/actor/lib/test/auto/PublisherSubscriber13.xml (RunModel)" time="0.01" />
  <testcase classname="ptolemy.util.test.junit.AutoTests" name="[282] /home/travis/build/icyphy/ptII/ptolemy/actor/lib/test/auto/PublisherSubscriber14.xml (RunModel)" time="0.017" />
  <testcase classname="ptolemy.util.test.junit.AutoTests" name="[283] /home/travis/build/icyphy/ptII/ptolemy/actor/lib/test/auto/PublisherSubscriber2.xml (RunModel)" time="0.011" />
  <testcase classname="ptolemy.util.test.junit.AutoTests" name="[284] /home/travis/build/icyphy/ptII/ptolemy/actor/lib/test/auto/PublisherSubscriber3.xml (RunModel)" time="0.011" />
  <testcase classname="ptolemy.util.test.junit.AutoTests" name="[285] /home/travis/build/icyphy/ptII/ptolemy/actor/lib/test/auto/PublisherSubscriber4.xml (RunModel)" time="0.008" />
  <testcase classname="ptolemy.util.test.junit.AutoTests" name="[286] /home/travis/build/icyphy/ptII/ptolemy/actor/lib/test/auto/PublisherSubscriber5.xml (RunModel)" time="0.012" />
  <testcase classname="ptolemy.util.test.junit.AutoTests" name="[287] /home/travis/build/icyphy/ptII/ptolemy/actor/lib/test/auto/PublisherSubscriber6.xml (RunModel)" time="0.012" />
  <testcase classname="ptolemy.util.test.junit.AutoTests" name="[288] /home/travis/build/icyphy/ptII/ptolemy/actor/lib/test/auto/PublisherSubscriber7.xml (RunModel)" time="0.013" />
  <testcase classname="ptolemy.util.test.junit.AutoTests" name="[289] /home/travis/build/icyphy/ptII/ptolemy/actor/lib/test/auto/PublisherSubscriber8.xml (RunModel)" time="0.021" />
  <testcase classname="ptolemy.util.test.junit.AutoTests" name="[290] /home/travis/build/icyphy/ptII/ptolemy/actor/lib/test/auto/PublisherSubscriber9.xml (RunModel)" time="0.016" />
  <testcase classname="ptolemy.util.test.junit.AutoTests" name="[291] /home/travis/build/icyphy/ptII/ptolemy/actor/lib/test/auto/PublisherSubscriberAdjacent.xml (RunModel)" time="0.016" />
  <testcase classname="ptolemy.util.test.junit.AutoTests" name="[292] /home/travis/build/icyphy/ptII/ptolemy/actor/lib/test/auto/PublisherSubscriberChannelVariablesAOC2.xml (RunModel)" time="0.03" />
  <testcase classname="ptolemy.util.test.junit.AutoTests" name="[293] /home/travis/build/icyphy/ptII/ptolemy/actor/lib/test/auto/PublisherSubscriberD3.xml (RunModel)" time="0.013" />
  <testcase classname="ptolemy.util.test.junit.AutoTests" name="[294] /home/travis/build/icyphy/ptII/ptolemy/actor/lib/test/auto/PublisherSubscriberD3Reverse.xml (RunModel)" time="0.012" />
  <testcase classname="ptolemy.util.test.junit.AutoTests" name="[295] /home/travis/build/icyphy/ptII/ptolemy/actor/lib/test/auto/PublisherSubscriberExpression.xml (RunModel)" time="0.016" />
  <testcase classname="ptolemy.util.test.junit.AutoTests" name="[296] /home/travis/build/icyphy/ptII/ptolemy/actor/lib/test/auto/PublisherSubscriberOpaque.xml (RunModel)" time="0.015" />
  <testcase classname="ptolemy.util.test.junit.AutoTests" name="[297] /home/travis/build/icyphy/ptII/ptolemy/actor/lib/test/auto/PublisherSubscriberOpaqueD3.xml (RunModel)" time="0.021" />
  <testcase classname="ptolemy.util.test.junit.AutoTests" name="[298] /home/travis/build/icyphy/ptII/ptolemy/actor/lib/test/auto/PublisherSubscriberOpaqueD3Reverse.xml (RunModel)" time="0.018" />
  <testcase classname="ptolemy.util.test.junit.AutoTests" name="[299] /home/travis/build/icyphy/ptII/ptolemy/actor/lib/test/auto/PublisherSubscriberOpaqueWidthInference.xml (RunModel)" time="0.016" />
  <testcase classname="ptolemy.util.test.junit.AutoTests" name="[300] /home/travis/build/icyphy/ptII/ptolemy/actor/lib/test/auto/PublisherTestSubscriber.xml (RunModel)" time="0.014" />
  <testcase classname="ptolemy.util.test.junit.AutoTests" name="[301] /home/travis/build/icyphy/ptII/ptolemy/actor/lib/test/auto/PublisherToplevelSubscriberPortAOC.xml (RunModel)" time="0.01" />
  <testcase classname="ptolemy.util.test.junit.AutoTests" name="[302] /home/travis/build/icyphy/ptII/ptolemy/actor/lib/test/auto/PulseFiringLimitDE.xml (RunModel)" time="0.011" />
  <testcase classname="ptolemy.util.test.junit.AutoTests" name="[303] /home/travis/build/icyphy/ptII/ptolemy/actor/lib/test/auto/Ramp1.xml (RunModel)" time="0.006" />
  <testcase classname="ptolemy.util.test.junit.AutoTests" name="[304] /home/travis/build/icyphy/ptII/ptolemy/actor/lib/test/auto/RampFiringLimitDE.xml (RunModel)" time="0.01" />
  <testcase classname="ptolemy.util.test.junit.AutoTests" name="[305] /home/travis/build/icyphy/ptII/ptolemy/actor/lib/test/auto/RampFiringLimitSDF.xml (RunModel)" time="0.01" />
  <testcase classname="ptolemy.util.test.junit.AutoTests" name="[306] /home/travis/build/icyphy/ptII/ptolemy/actor/lib/test/auto/RandomInteger.xml (RunModel)" time="0.007" />
  <testcase classname="ptolemy.util.test.junit.AutoTests" name="[307] /home/travis/build/icyphy/ptII/ptolemy/actor/lib/test/auto/ReadFile1.xml (RunModel)" time="0.008" />
  <testcase classname="ptolemy.util.test.junit.AutoTests" name="[308] /home/travis/build/icyphy/ptII/ptolemy/actor/lib/test/auto/ReadFile2.xml (RunModel)" time="0.008" />
  <testcase classname="ptolemy.util.test.junit.AutoTests" name="[309] /home/travis/build/icyphy/ptII/ptolemy/actor/lib/test/auto/Reader.xml (RunModel)" time="0.01" />
  <testcase classname="ptolemy.util.test.junit.AutoTests" name="[310] /home/travis/build/icyphy/ptII/ptolemy/actor/lib/test/auto/RecordAssemblerDisplayNameTest.xml (RunModel)" time="3.216" />
  <testcase classname="ptolemy.util.test.junit.AutoTests" name="[311] /home/travis/build/icyphy/ptII/ptolemy/actor/lib/test/auto/RecordAssemblerTypeError.xml (RunModel)" time="0.04" />
  <testcase classname="ptolemy.util.test.junit.AutoTests" name="[312] /home/travis/build/icyphy/ptII/ptolemy/actor/lib/test/auto/RecordDisassember.xml (RunModel)" time="0.008" />
  <testcase classname="ptolemy.util.test.junit.AutoTests" name="[313] /home/travis/build/icyphy/ptII/ptolemy/actor/lib/test/auto/RecordDisassemberDisplayNameTest.xml (RunModel)" time="0.018" />
  <testcase classname="ptolemy.util.test.junit.AutoTests" name="[314] /home/travis/build/icyphy/ptII/ptolemy/actor/lib/test/auto/RecordDisassembler.xml (RunModel)" time="0.01" />
  <testcase classname="ptolemy.util.test.junit.AutoTests" name="[315] /home/travis/build/icyphy/ptII/ptolemy/actor/lib/test/auto/RecordDisassembler2.xml (RunModel)" time="0.011" />
  <testcase classname="ptolemy.util.test.junit.AutoTests" name="[316] /home/travis/build/icyphy/ptII/ptolemy/actor/lib/test/auto/RecordUpdater.xml (RunModel)" time="0.009" />
  <testcase classname="ptolemy.util.test.junit.AutoTests" name="[317] /home/travis/build/icyphy/ptII/ptolemy/actor/lib/test/auto/RecordUpdater2.xml (RunModel)" time="0.009" />
  <testcase classname="ptolemy.util.test.junit.AutoTests" name="[318] /home/travis/build/icyphy/ptII/ptolemy/actor/lib/test/auto/RecursiveLattice.xml (RunModel)" time="0.007" />
  <testcase classname="ptolemy.util.test.junit.AutoTests" name="[319] /home/travis/build/icyphy/ptII/ptolemy/actor/lib/test/auto/Router.xml (RunModel)" time="3.024" />
  <testcase classname="ptolemy.util.test.junit.AutoTests" name="[320] /home/travis/build/icyphy/ptII/ptolemy/actor/lib/test/auto/Router2.xml (RunModel)" time="3.041" />
  <testcase classname="ptolemy.util.test.junit.AutoTests" name="[321] /home/travis/build/icyphy/ptII/ptolemy/actor/lib/test/auto/RunningMaximum.xml (RunModel)" time="0.011" />
  <testcase classname="ptolemy.util.test.junit.AutoTests" name="[322] /home/travis/build/icyphy/ptII/ptolemy/actor/lib/test/auto/RunningMinimum.xml (RunModel)" time="0.008" />
  <testcase classname="ptolemy.util.test.junit.AutoTests" name="[323] /home/travis/build/icyphy/ptII/ptolemy/actor/lib/test/auto/Scale.xml (RunModel)" time="0.014" />
  <testcase classname="ptolemy.util.test.junit.AutoTests" name="[324] /home/travis/build/icyphy/ptII/ptolemy/actor/lib/test/auto/Scale2.xml (RunModel)" time="0.008" />
  <testcase classname="ptolemy.util.test.junit.AutoTests" name="[325] /home/travis/build/icyphy/ptII/ptolemy/actor/lib/test/auto/Scale3.xml (RunModel)" time="0.013" />
  <testcase classname="ptolemy.util.test.junit.AutoTests" name="[326] /home/travis/build/icyphy/ptII/ptolemy/actor/lib/test/auto/ScaleArray.xml (RunModel)" time="0.006" />
  <testcase classname="ptolemy.util.test.junit.AutoTests" name="[327] /home/travis/build/icyphy/ptII/ptolemy/actor/lib/test/auto/ScaleArray2.xml (RunModel)" time="0.008" />
  <testcase classname="ptolemy.util.test.junit.AutoTests" name="[328] /home/travis/build/icyphy/ptII/ptolemy/actor/lib/test/auto/ScaleMatrix.xml (RunModel)" time="0.115" />
  <testcase classname="ptolemy.util.test.junit.AutoTests" name="[329] /home/travis/build/icyphy/ptII/ptolemy/actor/lib/test/auto/Select.xml (RunModel)" time="0.012" />
  <testcase classname="ptolemy.util.test.junit.AutoTests" name="[330] /home/travis/build/icyphy/ptII/ptolemy/actor/lib/test/auto/Select2.xml (RunModel)" time="0.008" />
  <testcase classname="ptolemy.util.test.junit.AutoTests" name="[331] /home/travis/build/icyphy/ptII/ptolemy/actor/lib/test/auto/SequenceToArray2.xml (RunModel)" time="0.09" />
  <testcase classname="ptolemy.util.test.junit.AutoTests" name="[332] /home/travis/build/icyphy/ptII/ptolemy/actor/lib/test/auto/SequentialClock.xml (RunModel)" time="0.012" />
  <testcase classname="ptolemy.util.test.junit.AutoTests" name="[333] /home/travis/build/icyphy/ptII/ptolemy/actor/lib/test/auto/SetVariable.xml (RunModel)" time="0.009" />
  <testcase classname="ptolemy.util.test.junit.AutoTests" name="[334] /home/travis/build/icyphy/ptII/ptolemy/actor/lib/test/auto/SetVariable2.xml (RunModel)" time="0.009" />
  <testcase classname="ptolemy.util.test.junit.AutoTests" name="[335] /home/travis/build/icyphy/ptII/ptolemy/actor/lib/test/auto/SetVariable3.xml (RunModel)" time="0.01" />
  <testcase classname="ptolemy.util.test.junit.AutoTests" name="[336] /home/travis/build/icyphy/ptII/ptolemy/actor/lib/test/auto/SetVariable4.xml (RunModel)" time="0.029" />
  <testcase classname="ptolemy.util.test.junit.AutoTests" name="[337] /home/travis/build/icyphy/ptII/ptolemy/actor/lib/test/auto/SetVariable5.xml (RunModel)" time="0.031" />
  <testcase classname="ptolemy.util.test.junit.AutoTests" name="[338] /home/travis/build/icyphy/ptII/ptolemy/actor/lib/test/auto/Sinewave.xml (RunModel)" time="0.022" />
  <testcase classname="ptolemy.util.test.junit.AutoTests" name="[339] /home/travis/build/icyphy/ptII/ptolemy/actor/lib/test/auto/Sinewave2.xml (RunModel)" time="0.017" />
  <testcase classname="ptolemy.util.test.junit.AutoTests" name="[340] /home/travis/build/icyphy/ptII/ptolemy/actor/lib/test/auto/Sinewave3.xml (RunModel)" time="0.022" />
  <testcase classname="ptolemy.util.test.junit.AutoTests" name="[341] /home/travis/build/icyphy/ptII/ptolemy/actor/lib/test/auto/SingleEvent.xml (RunModel)" time="0.007" />
  <testcase classname="ptolemy.util.test.junit.AutoTests" name="[342] /home/travis/build/icyphy/ptII/ptolemy/actor/lib/test/auto/Sleep.xml (RunModel)" time="6.025" />
  <testcase classname="ptolemy.util.test.junit.AutoTests" name="[343] /home/travis/build/icyphy/ptII/ptolemy/actor/lib/test/auto/SleepMultipleFire.xml (RunModel)" time="1.017" />
  <testcase classname="ptolemy.util.test.junit.AutoTests" name="[344] /home/travis/build/icyphy/ptII/ptolemy/actor/lib/test/auto/StopDE.xml (RunModel)" time="0.008" />
  <testcase classname="ptolemy.util.test.junit.AutoTests" name="[345] /home/travis/build/icyphy/ptII/ptolemy/actor/lib/test/auto/StopSDF.xml (RunModel)" time="0.008" />
  <testcase classname="ptolemy.util.test.junit.AutoTests" name="[346] /home/travis/build/icyphy/ptII/ptolemy/actor/lib/test/auto/StringConstant.xml (RunModel)" time="0.006" />
  <testcase classname="ptolemy.util.test.junit.AutoTests" name="[347] /home/travis/build/icyphy/ptII/ptolemy/actor/lib/test/auto/SubscriberPortInitialValues1.xml (RunModel)" time="0.012" />
  <testcase classname="ptolemy.util.test.junit.AutoTests" name="[348] /home/travis/build/icyphy/ptII/ptolemy/actor/lib/test/auto/SubscriberPortInitialValues13.xml (RunModel)" time="0.015" />
  <testcase classname="ptolemy.util.test.junit.AutoTests" name="[349] /home/travis/build/icyphy/ptII/ptolemy/actor/lib/test/auto/SubscriberPortInitialValues14.xml (RunModel)" time="0.009" />
  <testcase classname="ptolemy.util.test.junit.AutoTests" name="[350] /home/travis/build/icyphy/ptII/ptolemy/actor/lib/test/auto/SubscriberPortInitialValues2.xml (RunModel)" time="0.012" />
  <testcase classname="ptolemy.util.test.junit.AutoTests" name="[351] /home/travis/build/icyphy/ptII/ptolemy/actor/lib/test/auto/SubscriberPortInitialValues3.xml (RunModel)" time="0.023" />
  <testcase classname="ptolemy.util.test.junit.AutoTests" name="[352] /home/travis/build/icyphy/ptII/ptolemy/actor/lib/test/auto/SubscriptionAggregator.xml (RunModel)" time="0.009" />
  <testcase classname="ptolemy.util.test.junit.AutoTests" name="[353] /home/travis/build/icyphy/ptII/ptolemy/actor/lib/test/auto/SubscriptionAggregator2.xml (RunModel)" time="0.009" />
  <testcase classname="ptolemy.util.test.junit.AutoTests" name="[354] /home/travis/build/icyphy/ptII/ptolemy/actor/lib/test/auto/SubscriptionAggregator3.xml (RunModel)" time="0.013" />
  <testcase classname="ptolemy.util.test.junit.AutoTests" name="[355] /home/travis/build/icyphy/ptII/ptolemy/actor/lib/test/auto/SubscriptionAggregatorMultiply.xml (RunModel)" time="0.01" />
  <testcase classname="ptolemy.util.test.junit.AutoTests" name="[356] /home/travis/build/icyphy/ptII/ptolemy/actor/lib/test/auto/SubscriptionAggregatorPortMultiply1.xml (RunModel)" time="0.009" />
  <testcase classname="ptolemy.util.test.junit.AutoTests" name="[357] /home/travis/build/icyphy/ptII/ptolemy/actor/lib/test/auto/Switch.xml (RunModel)" time="0.009" />
  <testcase classname="ptolemy.util.test.junit.AutoTests" name="[358] /home/travis/build/icyphy/ptII/ptolemy/actor/lib/test/auto/Switch2.xml (RunModel)" time="0.007" />
  <testcase classname="ptolemy.util.test.junit.AutoTests" name="[359] /home/travis/build/icyphy/ptII/ptolemy/actor/lib/test/auto/SwitchDE.xml (RunModel)" time="0.008" />
  <testcase classname="ptolemy.util.test.junit.AutoTests" name="[360] /home/travis/build/icyphy/ptII/ptolemy/actor/lib/test/auto/SynchronizerDE.xml (RunModel)" time="0.011" />
  <testcase classname="ptolemy.util.test.junit.AutoTests" name="[361] /home/travis/build/icyphy/ptII/ptolemy/actor/lib/test/auto/Test.xml (RunModel)" time="0.007" />
  <testcase classname="ptolemy.util.test.junit.AutoTests" name="[362] /home/travis/build/icyphy/ptII/ptolemy/actor/lib/test/auto/TestExceptionAttribute1.xml (RunModel)" time="0.003" />
  <testcase classname="ptolemy.util.test.junit.AutoTests" name="[363] /home/travis/build/icyphy/ptII/ptolemy/actor/lib/test/auto/TestExceptionAttribute2.xml (RunModel)" time="0.003" />
  <testcase classname="ptolemy.util.test.junit.AutoTests" name="[364] /home/travis/build/icyphy/ptII/ptolemy/actor/lib/test/auto/TestExceptionAttribute3.xml (RunModel)" time="0.004" />
  <testcase classname="ptolemy.util.test.junit.AutoTests" name="[365] /home/travis/build/icyphy/ptII/ptolemy/actor/lib/test/auto/TestExceptionAttribute4.xml (RunModel)" time="0.004" />
  <testcase classname="ptolemy.util.test.junit.AutoTests" name="[366] /home/travis/build/icyphy/ptII/ptolemy/actor/lib/test/auto/TestExceptionHandler1.xml (RunModel)" time="0.004" />
  <testcase classname="ptolemy.util.test.junit.AutoTests" name="[367] /home/travis/build/icyphy/ptII/ptolemy/actor/lib/test/auto/TestExceptionHandler2.xml (RunModel)" time="0.004" />
  <testcase classname="ptolemy.util.test.junit.AutoTests" name="[368] /home/travis/build/icyphy/ptII/ptolemy/actor/lib/test/auto/TestExceptionHandler3.xml (RunModel)" time="0.007" />
  <testcase classname="ptolemy.util.test.junit.AutoTests" name="[369] /home/travis/build/icyphy/ptII/ptolemy/actor/lib/test/auto/TestExceptionHandler4.xml (RunModel)" time="0.004" />
  <testcase classname="ptolemy.util.test.junit.AutoTests" name="[370] /home/travis/build/icyphy/ptII/ptolemy/actor/lib/test/auto/TestRequireCorrectOrder.xml (RunModel)" time="0.009" />
  <testcase classname="ptolemy.util.test.junit.AutoTests" name="[371] /home/travis/build/icyphy/ptII/ptolemy/actor/lib/test/auto/TestSimple.xml (RunModel)" time="0.004" />
  <testcase classname="ptolemy.util.test.junit.AutoTests" name="[372] /home/travis/build/icyphy/ptII/ptolemy/actor/lib/test/auto/ThrowModelError.xml (RunModel)" time="0.007" />
  <testcase classname="ptolemy.util.test.junit.AutoTests" name="[373] /home/travis/build/icyphy/ptII/ptolemy/actor/lib/test/auto/TimeDelayMicrosteps.xml (RunModel)" time="0.008" />
  <testcase classname="ptolemy.util.test.junit.AutoTests" name="[374] /home/travis/build/icyphy/ptII/ptolemy/actor/lib/test/auto/TimeDelayMicrosteps2.xml (RunModel)" time="0.011" />
  <testcase classname="ptolemy.util.test.junit.AutoTests" name="[375] /home/travis/build/icyphy/ptII/ptolemy/actor/lib/test/auto/TimeDelayMicrosteps3.xml (RunModel)" time="0.007" />
  <testcase classname="ptolemy.util.test.junit.AutoTests" name="[376] /home/travis/build/icyphy/ptII/ptolemy/actor/lib/test/auto/TimeDelayVariableMicrosteps.xml (RunModel)" time="0.008" />
  <testcase classname="ptolemy.util.test.junit.AutoTests" name="[377] /home/travis/build/icyphy/ptII/ptolemy/actor/lib/test/auto/TimeGap.xml (RunModel)" time="0.009" />
  <testcase classname="ptolemy.util.test.junit.AutoTests" name="[378] /home/travis/build/icyphy/ptII/ptolemy/actor/lib/test/auto/TimeGap2.xml (RunModel)" time="0.008" />
  <testcase classname="ptolemy.util.test.junit.AutoTests" name="[379] /home/travis/build/icyphy/ptII/ptolemy/actor/lib/test/auto/TimedSinewave.xml (RunModel)" time="0.033" />
  <testcase classname="ptolemy.util.test.junit.AutoTests" name="[380] /home/travis/build/icyphy/ptII/ptolemy/actor/lib/test/auto/TimedSinewavePhase.xml (RunModel)" time="0.024" />
  <testcase classname="ptolemy.util.test.junit.AutoTests" name="[381] /home/travis/build/icyphy/ptII/ptolemy/actor/lib/test/auto/Timer.xml (RunModel)" time="0.01" />
  <testcase classname="ptolemy.util.test.junit.AutoTests" name="[382] /home/travis/build/icyphy/ptII/ptolemy/actor/lib/test/auto/TriangularDistTestModel.xml (RunModel)" time="0.009" />
  <testcase classname="ptolemy.util.test.junit.AutoTests" name="[383] /home/travis/build/icyphy/ptII/ptolemy/actor/lib/test/auto/TrigFunction.xml (RunModel)" time="0.006" />
  <testcase classname="ptolemy.util.test.junit.AutoTests" name="[384] /home/travis/build/icyphy/ptII/ptolemy/actor/lib/test/auto/TrigFunctionDE.xml (RunModel)" time="0.008" />
  <testcase classname="ptolemy.util.test.junit.AutoTests" name="[385] /home/travis/build/icyphy/ptII/ptolemy/actor/lib/test/auto/TrigFunctionInverse.xml (RunModel)" time="0.007" />
  <testcase classname="ptolemy.util.test.junit.AutoTests" name="[386] /home/travis/build/icyphy/ptII/ptolemy/actor/lib/test/auto/TrigFunctionTan.xml (RunModel)" time="0.005" />
  <testcase classname="ptolemy.util.test.junit.AutoTests" name="[387] /home/travis/build/icyphy/ptII/ptolemy/actor/lib/test/auto/TriggeredClock.xml (RunModel)" time="0.005" />
  <testcase classname="ptolemy.util.test.junit.AutoTests" name="[388] /home/travis/build/icyphy/ptII/ptolemy/actor/lib/test/auto/URLDirectoryReader.xml (RunModel)" time="0.058" />
  <testcase classname="ptolemy.util.test.junit.AutoTests" name="[389] /home/travis/build/icyphy/ptII/ptolemy/actor/lib/test/auto/URLDirectoryReader3.xml (RunModel)" time="1.439" />
  <testcase classname="ptolemy.util.test.junit.AutoTests" name="[390] /home/travis/build/icyphy/ptII/ptolemy/actor/lib/test/auto/UnaryMathFunction.xml (RunModel)" time="0.021" />
  <testcase classname="ptolemy.util.test.junit.AutoTests" name="[391] /home/travis/build/icyphy/ptII/ptolemy/actor/lib/test/auto/Uniform.xml (RunModel)" time="0.037" />
  <testcase classname="ptolemy.util.test.junit.AutoTests" name="[392] /home/travis/build/icyphy/ptII/ptolemy/actor/lib/test/auto/UnionDisassemblerTest.xml (RunModel)" time="0.027" />
  <testcase classname="ptolemy.util.test.junit.AutoTests" name="[393] /home/travis/build/icyphy/ptII/ptolemy/actor/lib/test/auto/UtilityFunctions.xml (RunModel)" time="0.03" />
  <testcase classname="ptolemy.util.test.junit.AutoTests" name="[394] /home/travis/build/icyphy/ptII/ptolemy/actor/lib/test/auto/VariableSleep.xml (RunModel)" time="0.512" />
  <testcase classname="ptolemy.util.test.junit.AutoTests" name="[395] /home/travis/build/icyphy/ptII/ptolemy/actor/lib/test/auto/VectorAssemblerDisassemblerCT.xml (RunModel)" time="0.136" />
  <testcase classname="ptolemy.util.test.junit.AutoTests" name="[396] /home/travis/build/icyphy/ptII/ptolemy/actor/lib/test/auto/VectorAssemblerDisassemblerDE.xml (RunModel)" time="0.014" />
  <testcase classname="ptolemy.util.test.junit.AutoTests" name="[397] /home/travis/build/icyphy/ptII/ptolemy/actor/lib/test/auto/VectorAssemblerDisassemblerSDF.xml (RunModel)" time="0.013" />
  <testcase classname="ptolemy.util.test.junit.AutoTests" name="[398] /home/travis/build/icyphy/ptII/ptolemy/actor/lib/test/auto/WallClockTime.xml (RunModel)" time="1.015" />
  <testcase classname="ptolemy.util.test.junit.AutoTests" name="[399] /home/travis/build/icyphy/ptII/ptolemy/actor/lib/test/auto/WidthTestWithSubscriberPublisher.xml (RunModel)" time="0.07" />
  <testcase classname="ptolemy.util.test.junit.AutoTests" name="[400] /home/travis/build/icyphy/ptII/ptolemy/actor/lib/test/auto/WidthTestWithSubscriberPublisher2.xml (RunModel)" time="0.014" />
  <testcase classname="ptolemy.util.test.junit.AutoTests" name="[401] /home/travis/build/icyphy/ptII/ptolemy/actor/lib/test/auto/WidthTestWithSubscriberPublisher3.xml (RunModel)" time="0.025" />
  <testcase classname="ptolemy.util.test.junit.AutoTests" name="[402] /home/travis/build/icyphy/ptII/ptolemy/actor/lib/test/auto/Writer.xml (RunModel)" time="0.007" />
  <testcase classname="ptolemy.util.test.junit.AutoTests" name="[403] /home/travis/build/icyphy/ptII/ptolemy/actor/lib/test/auto/array.xml (RunModel)" time="0.008" />
  <testcase classname="ptolemy.util.test.junit.AutoTests" name="[404] /home/travis/build/icyphy/ptII/ptolemy/actor/lib/test/auto/array2.xml (RunModel)" time="0.016" />
  <testcase classname="ptolemy.util.test.junit.AutoTests" name="[405] /home/travis/build/icyphy/ptII/ptolemy/actor/lib/test/auto/arrayType.xml (RunModel)" time="0.012" />
  <testcase classname="ptolemy.util.test.junit.AutoTests" name="[406] /home/travis/build/icyphy/ptII/ptolemy/actor/lib/test/auto/arrayType10.xml (RunModel)" time="0.008" />
  <testcase classname="ptolemy.util.test.junit.AutoTests" name="[407] /home/travis/build/icyphy/ptII/ptolemy/actor/lib/test/auto/arrayType11.xml (RunModel)" time="0.008" />
  <testcase classname="ptolemy.util.test.junit.AutoTests" name="[408] /home/travis/build/icyphy/ptII/ptolemy/actor/lib/test/auto/arrayType12.xml (RunModel)" time="0.009" />
  <testcase classname="ptolemy.util.test.junit.AutoTests" name="[409] /home/travis/build/icyphy/ptII/ptolemy/actor/lib/test/auto/arrayType13.xml (RunModel)" time="0.009" />
  <testcase classname="ptolemy.util.test.junit.AutoTests" name="[410] /home/travis/build/icyphy/ptII/ptolemy/actor/lib/test/auto/arrayType14.xml (RunModel)" time="0.009" />
  <testcase classname="ptolemy.util.test.junit.AutoTests" name="[411] /home/travis/build/icyphy/ptII/ptolemy/actor/lib/test/auto/arrayType15.xml (RunModel)" time="0.01" />
  <testcase classname="ptolemy.util.test.junit.AutoTests" name="[412] /home/travis/build/icyphy/ptII/ptolemy/actor/lib/test/auto/arrayType16.xml (RunModel)" time="0.008" />
  <testcase classname="ptolemy.util.test.junit.AutoTests" name="[413] /home/travis/build/icyphy/ptII/ptolemy/actor/lib/test/auto/arrayType17.xml (RunModel)" time="0.009" />
  <testcase classname="ptolemy.util.test.junit.AutoTests" name="[414] /home/travis/build/icyphy/ptII/ptolemy/actor/lib/test/auto/arrayType18.xml (RunModel)" time="0.007" />
  <testcase classname="ptolemy.util.test.junit.AutoTests" name="[415] /home/travis/build/icyphy/ptII/ptolemy/actor/lib/test/auto/arrayType19.xml (RunModel)" time="0.008" />
  <testcase classname="ptolemy.util.test.junit.AutoTests" name="[416] /home/travis/build/icyphy/ptII/ptolemy/actor/lib/test/auto/arrayType2.xml (RunModel)" time="0.012" />
  <testcase classname="ptolemy.util.test.junit.AutoTests" name="[417] /home/travis/build/icyphy/ptII/ptolemy/actor/lib/test/auto/arrayType20.xml (RunModel)" time="0.007" />
  <testcase classname="ptolemy.util.test.junit.AutoTests" name="[418] /home/travis/build/icyphy/ptII/ptolemy/actor/lib/test/auto/arrayType21.xml (RunModel)" time="0.008" />
  <testcase classname="ptolemy.util.test.junit.AutoTests" name="[419] /home/travis/build/icyphy/ptII/ptolemy/actor/lib/test/auto/arrayType22.xml (RunModel)" time="0.009" />
  <testcase classname="ptolemy.util.test.junit.AutoTests" name="[420] /home/travis/build/icyphy/ptII/ptolemy/actor/lib/test/auto/arrayType23.xml (RunModel)" time="0.008" />
  <testcase classname="ptolemy.util.test.junit.AutoTests" name="[421] /home/travis/build/icyphy/ptII/ptolemy/actor/lib/test/auto/arrayType24.xml (RunModel)" time="0.008" />
  <testcase classname="ptolemy.util.test.junit.AutoTests" name="[422] /home/travis/build/icyphy/ptII/ptolemy/actor/lib/test/auto/arrayType25.xml (RunModel)" time="0.01" />
  <testcase classname="ptolemy.util.test.junit.AutoTests" name="[423] /home/travis/build/icyphy/ptII/ptolemy/actor/lib/test/auto/arrayType26.xml (RunModel)" time="0.012" />
  <testcase classname="ptolemy.util.test.junit.AutoTests" name="[424] /home/travis/build/icyphy/ptII/ptolemy/actor/lib/test/auto/arrayType27.xml (RunModel)" time="0.012" />
  <testcase classname="ptolemy.util.test.junit.AutoTests" name="[425] /home/travis/build/icyphy/ptII/ptolemy/actor/lib/test/auto/arrayType28.xml (RunModel)" time="0.013" />
  <testcase classname="ptolemy.util.test.junit.AutoTests" name="[426] /home/travis/build/icyphy/ptII/ptolemy/actor/lib/test/auto/arrayType3.xml (RunModel)" time="0.01" />
  <testcase classname="ptolemy.util.test.junit.AutoTests" name="[427] /home/travis/build/icyphy/ptII/ptolemy/actor/lib/test/auto/arrayType4.xml (RunModel)" time="0.009" />
  <testcase classname="ptolemy.util.test.junit.AutoTests" name="[428] /home/travis/build/icyphy/ptII/ptolemy/actor/lib/test/auto/arrayType5.xml (RunModel)" time="0.009" />
  <testcase classname="ptolemy.util.test.junit.AutoTests" name="[429] /home/travis/build/icyphy/ptII/ptolemy/actor/lib/test/auto/arrayType6.xml (RunModel)" time="0.009" />
  <testcase classname="ptolemy.util.test.junit.AutoTests" name="[430] /home/travis/build/icyphy/ptII/ptolemy/actor/lib/test/auto/arrayType7.xml (RunModel)" time="0.01" />
  <testcase classname="ptolemy.util.test.junit.AutoTests" name="[431] /home/travis/build/icyphy/ptII/ptolemy/actor/lib/test/auto/arrayType8.xml (RunModel)" time="0.022" />
  <testcase classname="ptolemy.util.test.junit.AutoTests" name="[432] /home/travis/build/icyphy/ptII/ptolemy/actor/lib/test/auto/arrayType9.xml (RunModel)" time="0.027" />
  <testcase classname="ptolemy.util.test.junit.AutoTests" name="[433] /home/travis/build/icyphy/ptII/ptolemy/actor/lib/test/auto/cast.xml (RunModel)" time="0.011" />
  <testcase classname="ptolemy.util.test.junit.AutoTests" name="[434] /home/travis/build/icyphy/ptII/ptolemy/actor/lib/test/auto/compositeMultiPort.xml (RunModel)" time="0.017" />
  <testcase classname="ptolemy.util.test.junit.AutoTests" name="[435] /home/travis/build/icyphy/ptII/ptolemy/actor/lib/test/auto/expressionCastInference.xml (RunModel)" time="0.007" />
  <testcase classname="ptolemy.util.test.junit.AutoTests" name="[436] /home/travis/build/icyphy/ptII/ptolemy/actor/lib/test/auto/expressionCastInference2.xml (RunModel)" time="0.007" />
  <testcase classname="ptolemy.util.test.junit.AutoTests" name="[437] /home/travis/build/icyphy/ptII/ptolemy/actor/lib/test/auto/expressionInference.xml (RunModel)" time="0.006" />
  <testcase classname="ptolemy.util.test.junit.AutoTests" name="[438] /home/travis/build/icyphy/ptII/ptolemy/actor/lib/test/auto/expression_bug.xml (RunModel)" time="0.009" />
  <testcase classname="ptolemy.util.test.junit.AutoTests" name="[439] /home/travis/build/icyphy/ptII/ptolemy/actor/lib/test/auto/factorial.xml (RunModel)" time="0.057" />
  <testcase classname="ptolemy.util.test.junit.AutoTests" name="[440] /home/travis/build/icyphy/ptII/ptolemy/actor/lib/test/auto/filterTest1.xml (RunModel)" time="0.011" />
  <testcase classname="ptolemy.util.test.junit.AutoTests" name="[441] /home/travis/build/icyphy/ptII/ptolemy/actor/lib/test/auto/funcApplyInConst.xml (RunModel)" time="0.005" />
  <testcase classname="ptolemy.util.test.junit.AutoTests" name="[442] /home/travis/build/icyphy/ptII/ptolemy/actor/lib/test/auto/funcApplyInExpr.xml (RunModel)" time="0.006" />
  <testcase classname="ptolemy.util.test.junit.AutoTests" name="[443] /home/travis/build/icyphy/ptII/ptolemy/actor/lib/test/auto/function.xml (RunModel)" time="0.009" />
  <testcase classname="ptolemy.util.test.junit.AutoTests" name="[444] /home/travis/build/icyphy/ptII/ptolemy/actor/lib/test/auto/function2.xml (RunModel)" time="0.008" />
  <testcase classname="ptolemy.util.test.junit.AutoTests" name="[445] /home/travis/build/icyphy/ptII/ptolemy/actor/lib/test/auto/function3.xml (RunModel)" time="0.008" />
  <testcase classname="ptolemy.util.test.junit.AutoTests" name="[446] /home/travis/build/icyphy/ptII/ptolemy/actor/lib/test/auto/functionClosureTest1.xml (RunModel)" time="0.009" />
  <testcase classname="ptolemy.util.test.junit.AutoTests" name="[447] /home/travis/build/icyphy/ptII/ptolemy/actor/lib/test/auto/functionClosureTest2.xml (RunModel)" time="0.006" />
  <testcase classname="ptolemy.util.test.junit.AutoTests" name="[448] /home/travis/build/icyphy/ptII/ptolemy/actor/lib/test/auto/functionClosureTest3.xml (RunModel)" time="0.009" />
  <testcase classname="ptolemy.util.test.junit.AutoTests" name="[449] /home/travis/build/icyphy/ptII/ptolemy/actor/lib/test/auto/functionClosureTest4.xml (RunModel)" time="0.014" />
  <testcase classname="ptolemy.util.test.junit.AutoTests" name="[450] /home/travis/build/icyphy/ptII/ptolemy/actor/lib/test/auto/functionClosureTest5.xml (RunModel)" time="0.012" />
  <testcase classname="ptolemy.util.test.junit.AutoTests" name="[451] /home/travis/build/icyphy/ptII/ptolemy/actor/lib/test/auto/functionClosureTest6.xml (RunModel)" time="0.009" />
  <testcase classname="ptolemy.util.test.junit.AutoTests" name="[452] /home/travis/build/icyphy/ptII/ptolemy/actor/lib/test/auto/functionsOnArcs.xml (RunModel)" time="0.01" />
  <testcase classname="ptolemy.util.test.junit.AutoTests" name="[453] /home/travis/build/icyphy/ptII/ptolemy/actor/lib/test/auto/functionsOnArcsHOF.xml (RunModel)" time="0.013" />
  <testcase classname="ptolemy.util.test.junit.AutoTests" name="[454] /home/travis/build/icyphy/ptII/ptolemy/actor/lib/test/auto/logic.xml (RunModel)" time="0.015" />
  <testcase classname="ptolemy.util.test.junit.AutoTests" name="[455] /home/travis/build/icyphy/ptII/ptolemy/actor/lib/test/auto/matrixType.xml (RunModel)" time="0.008" />
  <testcase classname="ptolemy.util.test.junit.AutoTests" name="[456] /home/travis/build/icyphy/ptII/ptolemy/actor/lib/test/auto/matrixType10.xml (RunModel)" time="0.008" />
  <testcase classname="ptolemy.util.test.junit.AutoTests" name="[457] /home/travis/build/icyphy/ptII/ptolemy/actor/lib/test/auto/matrixType11.xml (RunModel)" time="0.007" />
  <testcase classname="ptolemy.util.test.junit.AutoTests" name="[458] /home/travis/build/icyphy/ptII/ptolemy/actor/lib/test/auto/matrixType12.xml (RunModel)" time="0.009" />
  <testcase classname="ptolemy.util.test.junit.AutoTests" name="[459] /home/travis/build/icyphy/ptII/ptolemy/actor/lib/test/auto/matrixType13.xml (RunModel)" time="0.007" />
  <testcase classname="ptolemy.util.test.junit.AutoTests" name="[460] /home/travis/build/icyphy/ptII/ptolemy/actor/lib/test/auto/matrixType14.xml (RunModel)" time="0.008" />
  <testcase classname="ptolemy.util.test.junit.AutoTests" name="[461] /home/travis/build/icyphy/ptII/ptolemy/actor/lib/test/auto/matrixType2.xml (RunModel)" time="0.008" />
  <testcase classname="ptolemy.util.test.junit.AutoTests" name="[462] /home/travis/build/icyphy/ptII/ptolemy/actor/lib/test/auto/matrixType3.xml (RunModel)" time="0.009" />
  <testcase classname="ptolemy.util.test.junit.AutoTests" name="[463] /home/travis/build/icyphy/ptII/ptolemy/actor/lib/test/auto/matrixType4.xml (RunModel)" time="0.007" />
  <testcase classname="ptolemy.util.test.junit.AutoTests" name="[464] /home/travis/build/icyphy/ptII/ptolemy/actor/lib/test/auto/matrixType5.xml (RunModel)" time="0.007" />
  <testcase classname="ptolemy.util.test.junit.AutoTests" name="[465] /home/travis/build/icyphy/ptII/ptolemy/actor/lib/test/auto/matrixType6.xml (RunModel)" time="0.007" />
  <testcase classname="ptolemy.util.test.junit.AutoTests" name="[466] /home/travis/build/icyphy/ptII/ptolemy/actor/lib/test/auto/matrixType7.xml (RunModel)" time="0.008" />
  <testcase classname="ptolemy.util.test.junit.AutoTests" name="[467] /home/travis/build/icyphy/ptII/ptolemy/actor/lib/test/auto/matrixType8.xml (RunModel)" time="0.009" />
  <testcase classname="ptolemy.util.test.junit.AutoTests" name="[468] /home/travis/build/icyphy/ptII/ptolemy/actor/lib/test/auto/matrixType9.xml (RunModel)" time="0.007" />
  <testcase classname="ptolemy.util.test.junit.AutoTests" name="[469] /home/travis/build/icyphy/ptII/ptolemy/actor/lib/test/auto/paraFunctest.xml (RunModel)" time="0.007" />
  <testcase classname="ptolemy.util.test.junit.AutoTests" name="[470] /home/travis/build/icyphy/ptII/ptolemy/actor/lib/test/auto/paraFunctest2.xml (RunModel)" time="0.007" />
  <testcase classname="ptolemy.util.test.junit.AutoTests" name="[471] /home/travis/build/icyphy/ptII/ptolemy/actor/lib/test/auto/parameterPassing.xml (RunModel)" time="0.007" />
  <testcase classname="ptolemy.util.test.junit.AutoTests" name="[472] /home/travis/build/icyphy/ptII/ptolemy/actor/lib/test/auto/record.xml (RunModel)" time="0.008" />
  <testcase classname="ptolemy.util.test.junit.AutoTests" name="[473] /home/travis/build/icyphy/ptII/ptolemy/actor/lib/test/auto/sizedarray1.xml (RunModel)" time="0.008" />
  <testcase classname="ptolemy.util.test.junit.AutoTests" name="[474] /home/travis/build/icyphy/ptII/ptolemy/actor/lib/test/auto/sizedarray2.xml (RunModel)" time="0.009" />
  <testcase classname="ptolemy.util.test.junit.AutoTests" name="[475] /home/travis/build/icyphy/ptII/ptolemy/actor/lib/test/auto/twoPublishers.xml (RunModel)" time="0.018" />
  <system-out><![CDATA[/home/travis/build/icyphy/ptII/ptolemy/actor/lib/test/AbsoluteValue.tcl
testDefs.tcl: setting time out to 9000 seconds at Fri Oct 12 02:28:32 UTC 2018
75 ms. Memory: 116224K Free: 106772K (92%)
5 ms. Memory: 116224K Free: 105569K (91%)
4 ms. Memory: 116224K Free: 104976K (90%)
4 ms. Memory: 116224K Free: 103797K (89%)
/home/travis/build/icyphy/ptII/ptolemy/actor/lib/test/AddSubtract.tcl
7 ms. Memory: 116224K Free: 101964K (88%)
15 ms. Memory: 116224K Free: 101335K (87%)
4 ms. Memory: 116224K Free: 100156K (86%)
6 ms. Memory: 116224K Free: 99550K (86%)
5 ms. Memory: 116224K Free: 98961K (85%)
7 ms. Memory: 116224K Free: 97773K (84%)
/home/travis/build/icyphy/ptII/ptolemy/actor/lib/test/Average.tcl
8 ms. Memory: 116224K Free: 96586K (83%)
5 ms. Memory: 116224K Free: 94777K (82%)
/home/travis/build/icyphy/ptII/ptolemy/actor/lib/test/Bernoulli.tcl
8 ms. Memory: 116224K Free: 93574K (81%)
2 ms. Memory: 116224K Free: 92969K (80%)
/home/travis/build/icyphy/ptII/ptolemy/actor/lib/test/Clock.tcl
preinitializing
resolving types
initializing
executing number 1
wrapping up
idle
13 ms. Memory: 116224K Free: 90594K (78%)
Completed execution with 5 iterations
preinitializing
resolving types
initializing
executing number 1
wrapping up
idle
4 ms. Memory: 116224K Free: 89350K (77%)
Completed execution with 5 iterations
preinitializing
resolving types
initializing
executing number 1
wrapping up
idle
3 ms. Memory: 116224K Free: 88760K (76%)
Completed execution with 5 iterations
/home/travis/build/icyphy/ptII/ptolemy/actor/lib/test/Commutator.tcl
9 ms. Memory: 116224K Free: 86385K (74%)
9 ms. Memory: 116224K Free: 85779K (74%)
11 ms. Memory: 116224K Free: 81186K (70%)
/home/travis/build/icyphy/ptII/ptolemy/actor/lib/test/Const.tcl
8 ms. Memory: 146944K Free: 138811K (94%)
3 ms. Memory: 146944K Free: 138811K (94%)
2 ms. Memory: 146944K Free: 137607K (94%)
5 ms. Memory: 146944K Free: 137607K (94%)
1 ms. Memory: 146944K Free: 136419K (93%)
22 ms. Memory: 146944K Free: 135215K (92%)
4 ms. Memory: 146944K Free: 134011K (91%)
3 ms. Memory: 146944K Free: 132807K (90%)
/home/travis/build/icyphy/ptII/ptolemy/actor/lib/test/CurrentTime.tcl
preinitializing
resolving types
initializing
executing number 1
wrapping up
idle
14 ms. Memory: 146944K Free: 130430K (89%)
Completed execution with 11 iterations
/home/travis/build/icyphy/ptII/ptolemy/actor/lib/test/DB.tcl
4 ms. Memory: 146944K Free: 129226K (88%)
2 ms. Memory: 146944K Free: 129226K (88%)
2 ms. Memory: 146944K Free: 128030K (87%)
/home/travis/build/icyphy/ptII/ptolemy/actor/lib/test/DiscreteRandomSource.tcl
preinitializing
resolving types
initializing
executing number 1
wrapping up
idle
5 ms. Memory: 146944K Free: 126826K (86%)
Completed execution with 4 iterations
preinitializing
resolving types
initializing
executing number 1
wrapping up
idle
2 ms. Memory: 146944K Free: 126826K (86%)
Completed execution with 4 iterations
preinitializing
resolving types
initializing
executing number 1
wrapping up
idle
2 ms. Memory: 146944K Free: 125622K (85%)
Completed execution with 4 iterations
preinitializing
resolving types
initializing
executing number 1
wrapping up
idle
2 ms. Memory: 146944K Free: 125622K (85%)
Completed execution with 4 iterations
preinitializing
resolving types
initializing
executing number 1
wrapping up
idle
3 ms. Memory: 146944K Free: 124418K (85%)
Completed execution with 4 iterations
/home/travis/build/icyphy/ptII/ptolemy/actor/lib/test/Distributor.tcl
3 ms. Memory: 146944K Free: 123222K (84%)
3 ms. Memory: 146944K Free: 122034K (83%)
StreamChangeRequest.changeExecuted(): <deleteEntity name="rec2"/> succeeded
StreamChangeRequest.changeExecuted(): <deleteRelation name="r2"/> succeeded
StreamChangeRequest.changeExecuted(): Record firings per iteration succeeded
8 ms. Memory: 146944K Free: 119657K (81%)
/home/travis/build/icyphy/ptII/ptolemy/actor/lib/test/Exit.tcl
Exit.tcl: this will print a message about Manager.exitAfterWrapup, which can be ignored.
4 ms. Memory: 146944K Free: 116650K (79%)
/home/travis/build/icyphy/ptII/ptolemy/actor/lib/test/Expression.tcl
5 ms. Memory: 146944K Free: 114233K (78%)
3 ms. Memory: 146944K Free: 113045K (77%)
10 ms. Memory: 146944K Free: 111857K (76%)
preinitializing
resolving types
initializing
executing number 1
wrapping up
idle
10 ms. Memory: 146944K Free: 110669K (75%)
Completed execution with 6 iterations
5 ms. Memory: 146944K Free: 109481K (75%)
2 ms. Memory: 146944K Free: 109481K (75%)
8 ms. Memory: 146944K Free: 108293K (74%)
3 ms. Memory: 146944K Free: 107105K (73%)
7 ms. Memory: 146944K Free: 105917K (72%)
/home/travis/build/icyphy/ptII/ptolemy/actor/lib/test/Gaussian.tcl
3 ms. Memory: 146944K Free: 103541K (70%)
sleeping 1 seconds: .............................................................................................................................................................................................................................................................................................................................................................................................................................................................................................................................................................................................................................................................................................................................................................................................................................................................................................................................................................................................................................................................................................................................................................................................................................................................................................................................................................................................................................................................................................................................................................................................................................................................................................................................................................................................................................................................................................................................................................................................................................................................................................................................................................................................................................................................................................................................................................................................................................................................................................................................................................................................................................................................................................................................................................................................................................................................................................................................................................................................................................................................................................................................................................................................................................................................................................................................................................................................................................................................................................................................................................................................................................................................................................................................................................................................................................................................................................................................................................................................................................................................................................................................................................................................................................................................................................................................................................................................................................................................................................................................................................................................................................................................................................................................................................................................................................................................................................................................................................................................................................................................................................................................................................................................................................................................................................................................................................................................................................................................................................................................................................................................................2 ms. Memory: 146944K Free: 140712K (96%)
3 ms. Memory: 146944K Free: 139535K (95%)
2 ms. Memory: 146944K Free: 139535K (95%)
3 ms. Memory: 146944K Free: 138098K (94%)
3 ms. Memory: 146944K Free: 138098K (94%)
/home/travis/build/icyphy/ptII/ptolemy/actor/lib/test/IIR.tcl
/home/travis/build/icyphy/ptII/ptolemy/actor/lib/test/Interpolator.tcl
4 ms. Memory: 146944K Free: 133389K (91%)
3 ms. Memory: 146944K Free: 133389K (91%)
3 ms. Memory: 146944K Free: 133389K (91%)
2 ms. Memory: 146944K Free: 132212K (90%)
9 ms. Memory: 146944K Free: 131035K (89%)
2 ms. Memory: 146944K Free: 131035K (89%)
2 ms. Memory: 146944K Free: 129858K (88%)
3 ms. Memory: 146944K Free: 128680K (88%)
2 ms. Memory: 146944K Free: 127503K (87%)
10 ms. Memory: 146944K Free: 127503K (87%)
/home/travis/build/icyphy/ptII/ptolemy/actor/lib/test/MathFunction.tcl
4 ms. Memory: 146944K Free: 125149K (85%)
1 ms. Memory: 146944K Free: 123972K (84%)
1 ms. Memory: 146944K Free: 122794K (84%)
1 ms. Memory: 146944K Free: 121617K (83%)
5 ms. Memory: 146944K Free: 120440K (82%)
7 ms. Memory: 146944K Free: 118085K (80%)
/home/travis/build/icyphy/ptII/ptolemy/actor/lib/test/Maximum.tcl
3 ms. Memory: 146944K Free: 116908K (80%)
5 ms. Memory: 146944K Free: 115731K (79%)
2 ms. Memory: 146944K Free: 115731K (79%)
4 ms. Memory: 146944K Free: 114554K (78%)
/home/travis/build/icyphy/ptII/ptolemy/actor/lib/test/Minimum.tcl
5 ms. Memory: 146944K Free: 113374K (77%)
4 ms. Memory: 146944K Free: 112197K (76%)
3 ms. Memory: 146944K Free: 111020K (76%)
2 ms. Memory: 146944K Free: 111020K (76%)
/home/travis/build/icyphy/ptII/ptolemy/actor/lib/test/MultiplyDivide.tcl
11 ms. Memory: 146944K Free: 108665K (74%)
3 ms. Memory: 146944K Free: 108665K (74%)
2 ms. Memory: 146944K Free: 107488K (73%)
2 ms. Memory: 146944K Free: 106311K (72%)
1 ms. Memory: 146944K Free: 106311K (72%)
/home/travis/build/icyphy/ptII/ptolemy/actor/lib/test/OrderedMerge.tcl
Connections changed on port: inputA
Connections changed on port: inputB
Connections changed on port: output
Connections changed on port: output
Connections changed on port: output
Connections changed on port: input
.top. Preinitializing ...
Invoking preinitialize():  .top.OrderedMerge
Called preinitialize()
Invoking preinitialize():  .top.Ramp
Called preinitialize()
Invoking preinitialize():  .top.Ramp2
Called preinitialize()
Invoking preinitialize():  .top.Test
Called preinitialize()
Connections changed on port: inputA
Connections changed on port: output
Connections changed on port: inputB
Connections changed on port: output
Connections changed on port: output
Connections changed on port: input
.top. Finished preinitialize().
Called initialize().
Invoking initialize():  .top.OrderedMerge
Initializing actor: .top.OrderedMerge
Adding a thread: .top.OrderedMerge
Invoking initialize():  .top.Ramp
Initializing actor: .top.Ramp
Adding a thread: .top.Ramp
Invoking initialize():  .top.Ramp2
Initializing actor: .top.Ramp2
Adding a thread: .top.Ramp2
Invoking initialize():  .top.Test
Initializing actor: .top.Test
Adding a thread: .top.Test
-- Starting thread.
Called initialize()
Called prefire()
Called fire()
-- Starting thread.
Called initialize()
Called prefire()
Called fire()
Called postfire()
Called prefire()
Called fire()
-- Starting thread.
Called initialize()
Called prefire()
Called fire()
Called postfire()
Called prefire()
Called fire()
Called fire().
Checking for deadlock:
There are 3 Blocked actors, 0 Stopped actors, and 4 active threads.
Waiting for actors to stop.
-- Starting thread.
Called initialize()
Called prefire()
Called fire()
Checking for deadlock:
There are 2 Blocked actors, 0 Stopped actors, and 4 active threads.
Waiting for actors to stop.
Called postfire()
Called prefire()
Called fire()
Checking for deadlock:
There are 3 Blocked actors, 0 Stopped actors, and 4 active threads.
Waiting for actors to stop.
Read input token from inputA with value 0.0
Next port to read input from is inputB
Called postfire()
Called prefire()
Called fire()
Checking for deadlock:
There are 2 Blocked actors, 0 Stopped actors, and 4 active threads.
Waiting for actors to stop.
Called postfire()
Called prefire()
Called fire()
Checking for deadlock:
There are 3 Blocked actors, 0 Stopped actors, and 4 active threads.
Waiting for actors to stop.
Read input token from inputB with value 0.0
Checking for deadlock:
There are 2 Blocked actors, 0 Stopped actors, and 4 active threads.
Waiting for actors to stop.
-- Read input: 0.0, which is expected to match: 0.0
Called prefire()
Called fire()
Checking for deadlock:
There are 3 Blocked actors, 0 Stopped actors, and 4 active threads.
Waiting for actors to stop.
Sent output token with value 0.0
Next port to read input from is inputA
Called postfire()
Called prefire()
Called fire()
Checking for deadlock:
There are 2 Blocked actors, 0 Stopped actors, and 4 active threads.
Waiting for actors to stop.
Called postfire()
Called prefire()
Called fire()
Checking for deadlock:
There are 3 Blocked actors, 0 Stopped actors, and 4 active threads.
Waiting for actors to stop.
Read input token from inputA with value 1.0
Checking for deadlock:
There are 2 Blocked actors, 0 Stopped actors, and 4 active threads.
Waiting for actors to stop.
-- Read input: 0.0, which is expected to match: 0.0
Called prefire()
Called fire()
Checking for deadlock:
There are 3 Blocked actors, 0 Stopped actors, and 4 active threads.
Waiting for actors to stop.
Sent output token with value 0.0
Next port to read input from is inputB
Called postfire()
Called prefire()
Called fire()
Checking for deadlock:
There are 2 Blocked actors, 0 Stopped actors, and 4 active threads.
Waiting for actors to stop.
Called postfire()
Called prefire()
Called fire()
Checking for deadlock:
There are 3 Blocked actors, 0 Stopped actors, and 4 active threads.
Waiting for actors to stop.
Read input token from inputB with value 1.5
Checking for deadlock:
There are 2 Blocked actors, 0 Stopped actors, and 4 active threads.
Waiting for actors to stop.
-- Read input: 1.0, which is expected to match: 1.0
Called prefire()
Called fire()
Checking for deadlock:
There are 3 Blocked actors, 0 Stopped actors, and 4 active threads.
Waiting for actors to stop.
Sent output token with value 1.0
Next port to read input from is inputA
Called postfire()
Called prefire()
Called fire()
Checking for deadlock:
There are 2 Blocked actors, 0 Stopped actors, and 4 active threads.
Waiting for actors to stop.
Called postfire()
Called prefire()
Called fire()
Checking for deadlock:
There are 3 Blocked actors, 0 Stopped actors, and 4 active threads.
Waiting for actors to stop.
Read input token from inputA with value 2.0
Checking for deadlock:
There are 2 Blocked actors, 0 Stopped actors, and 4 active threads.
Waiting for actors to stop.
-- Read input: 1.5, which is expected to match: 1.5
Called prefire()
Called fire()
Checking for deadlock:
Sent output token with value 1.5
There are 3 Blocked actors, 0 Stopped actors, and 4 active threads.
Waiting for actors to stop.
Next port to read input from is inputB
Called postfire()
Called prefire()
Called fire()
Checking for deadlock:
There are 2 Blocked actors, 0 Stopped actors, and 4 active threads.
Read input token from inputB with value 3.0
Waiting for actors to stop.
Called postfire()
Called prefire()
Sent output token with value 2.0
Called fire()
Next port to read input from is inputA
Called postfire()
Called prefire()
Called fire()
-- Read input: 2.0, which is expected to match: 2.0
Called prefire()
Called fire()
Checking for deadlock:
There are 3 Blocked actors, 0 Stopped actors, and 4 active threads.
Waiting for actors to stop.
Read input token from inputA with value 3.0
Called postfire()
Sent output token with value 3.0
Called prefire()
Called fire()
Next port to read input from is inputB
Called postfire()
Called prefire()
Checking for deadlock:
There are 2 Blocked actors, 0 Stopped actors, and 4 active threads.
Waiting for actors to stop.
-- Read input: 3.0, which is expected to match: 3.0
Called prefire()
Called fire()
Called fire()
Checking for deadlock:
There are 3 Blocked actors, 0 Stopped actors, and 4 active threads.
Waiting for actors to stop.
Read input token from inputB with value 4.5
Called postfire()
Sent output token with value 3.0
Called prefire()
Called fire()
Next port to read input from is inputA
Called postfire()
Checking for deadlock:
Called prefire()
There are 2 Blocked actors, 0 Stopped actors, and 4 active threads.
Called fire()
Waiting for actors to stop.
Checking for deadlock:
There are 1 Blocked actors, 0 Stopped actors, and 4 active threads.
Read input token from inputA with value 4.0
Waiting for actors to stop.
Checking for deadlock:
There are 1 Blocked actors, 0 Stopped actors, and 4 active threads.
Waiting for actors to stop.
-- Read input: 3.0, which is expected to match: 3.0
Called prefire()
Called fire()
Called postfire()
Called prefire()
Called fire()
Sent output token with value 4.0
Next port to read input from is inputA
Checking for deadlock:
Called postfire()
There are 2 Blocked actors, 0 Stopped actors, and 4 active threads.
Called prefire()
Waiting for actors to stop.
Called fire()
-- Read input: 4.0, which is expected to match: 4.0
Called prefire()
Called fire()
Past the end of training data. Read and discard all inputs.
Checking for deadlock:
There are 3 Blocked actors, 0 Stopped actors, and 4 active threads.
Waiting for actors to stop.
Read input token from inputA with value 5.0
Checking for deadlock:
Called postfire()
There are 2 Blocked actors, 0 Stopped actors, and 4 active threads.
Waiting for actors to stop.
Called prefire()
Called fire()
Checking for deadlock:
There are 3 Blocked actors, 0 Stopped actors, and 4 active threads.
Waiting for actors to stop.
Checking for deadlock:
There are 2 Blocked actors, 0 Stopped actors, and 4 active threads.
Waiting for actors to stop.
Sent output token with value 4.5
Called prefire()
Called fire()
Past the end of training data. Read and discard all inputs.
Checking for deadlock:
There are 3 Blocked actors, 0 Stopped actors, and 4 active threads.
Waiting for actors to stop.
Next port to read input from is inputB
Called postfire()
Called prefire()
Called fire()
Called postfire()
Called prefire()
Read input token from inputB with value 6.0
Called fire()
Checking for deadlock:
There are 3 Blocked actors, 0 Stopped actors, and 4 active threads.
Waiting for actors to stop.
Checking for deadlock:
There are 2 Blocked actors, 0 Stopped actors, and 4 active threads.
Called prefire()
Waiting for actors to stop.
Called fire()
Past the end of training data. Read and discard all inputs.
Checking for deadlock:
Sent output token with value 5.0
There are 3 Blocked actors, 0 Stopped actors, and 4 active threads.
Waiting for actors to stop.
Next port to read input from is inputA
Called postfire()
Called prefire()
Called fire()
Checking for deadlock:
There are 2 Blocked actors, 0 Stopped actors, and 4 active threads.
Waiting for actors to stop.
Read input token from inputA with value 6.0
Called postfire()
Called prefire()
Called fire()
Checking for deadlock:
There are 3 Blocked actors, 0 Stopped actors, and 4 active threads.
Waiting for actors to stop.
Checking for deadlock:
Sent output token with value 6.0
There are 2 Blocked actors, 0 Stopped actors, and 4 active threads.
Waiting for actors to stop.
Called prefire()
Called fire()
Past the end of training data. Read and discard all inputs.
Checking for deadlock:
There are 3 Blocked actors, 0 Stopped actors, and 4 active threads.
Waiting for actors to stop.
Next port to read input from is inputB
Called postfire()
Called prefire()
Called fire()
Checking for deadlock:
There are 2 Blocked actors, 0 Stopped actors, and 4 active threads.
Waiting for actors to stop.
Read input token from inputB with value 7.5
Called postfire()
Called prefire()
Called fire()
Checking for deadlock:
There are 3 Blocked actors, 0 Stopped actors, and 4 active threads.
Waiting for actors to stop.
Checking for deadlock:
There are 2 Blocked actors, 0 Stopped actors, and 4 active threads.
Waiting for actors to stop.
Sent output token with value 6.0
Called prefire()
Called fire()
Past the end of training data. Read and discard all inputs.
Checking for deadlock:
There are 3 Blocked actors, 0 Stopped actors, and 4 active threads.
Waiting for actors to stop.
Next port to read input from is inputA
Called postfire()
Called prefire()
Called fire()
Checking for deadlock:
Read input token from inputA with value 7.0
There are 2 Blocked actors, 0 Stopped actors, and 4 active threads.
Waiting for actors to stop.
Called postfire()
Called prefire()
Called prefire()
Called fire()
Called fire()
Past the end of training data. Read and discard all inputs.
Checking for deadlock:
There are 2 Blocked actors, 0 Stopped actors, and 4 active threads.
Waiting for actors to stop.
Checking for deadlock:
There are 3 Blocked actors, 0 Stopped actors, and 4 active threads.
Waiting for actors to stop.
Sent output token with value 7.0
Next port to read input from is inputA
Called postfire()
Called prefire()
Called fire()
Checking for deadlock:
There are 2 Blocked actors, 0 Stopped actors, and 4 active threads.
Waiting for actors to stop.
Read input token from inputA with value 8.0
-- Thread wrapup() called.
Sent output token with value 7.5
Called wrapup()
Thread .top.Ramp is exiting.
Next port to read input from is inputB
-- Thread stopped.
Called postfire()
Called prefire()
Called fire()
Read input token from inputB with value 9.0
Checking for deadlock:
There are 1 Blocked actors, 0 Stopped actors, and 3 active threads.
Called postfire()
Waiting for actors to stop.
Called prefire()
Called fire()
Called prefire()
Called fire()
Past the end of training data. Read and discard all inputs.
Checking for deadlock:
There are 2 Blocked actors, 0 Stopped actors, and 3 active threads.
Waiting for actors to stop.
Checking for deadlock:
There are 1 Blocked actors, 0 Stopped actors, and 3 active threads.
Sent output token with value 8.0
Waiting for actors to stop.
Called prefire()
Called fire()
Past the end of training data. Read and discard all inputs.
Checking for deadlock:
There are 2 Blocked actors, 0 Stopped actors, and 3 active threads.
Waiting for actors to stop.
Next port to read input from is inputA
Called postfire()
Called prefire()
Called fire()
Read input token from inputA with value 9.0
Sent output token with value 9.0
Checking for deadlock:
There are 1 Blocked actors, 0 Stopped actors, and 3 active threads.
Next port to read input from is inputB
Waiting for actors to stop.
Called prefire()
Called fire()
Past the end of training data. Read and discard all inputs.
Called postfire()
Checking for deadlock:
There are 2 Blocked actors, 0 Stopped actors, and 3 active threads.
Waiting for actors to stop.
Called prefire()
Called fire()
Called postfire()
Read input token from inputB with value 10.5
Called prefire()
Called fire()
Sent output token with value 9.0
Checking for deadlock:
There are 1 Blocked actors, 0 Stopped actors, and 3 active threads.
Waiting for actors to stop.
Called prefire()
Called fire()
Past the end of training data. Read and discard all inputs.
Checking for deadlock:
There are 2 Blocked actors, 0 Stopped actors, and 3 active threads.
Waiting for actors to stop.
Next port to read input from is inputA
Called postfire()
Called prefire()
Called fire()
Checking for deadlock:
There are 3 Blocked actors, 0 Stopped actors, and 3 active threads.
Actors have stopped.
Checking for deadlock:
There are 3 Blocked actors, 0 Stopped actors, and 3 active threads.
Deadlock detected.
Resolving Deadlock
Checking for deadlock:
There are 3 Blocked actors, 0 Stopped actors, and 3 active threads.
Artificial Deadlock - increasing queue capacity.
increasing the capacity of receiver ptolemy.actor.TypedIOPort {.top.OrderedMerge.inputB} to 2
Director: Called postfire().
Called postfire().
_stopRequested = false
_stopFireRequested = false
Returning from postfire(): true
Called fire().
Checking for deadlock:
There are 2 Blocked actors, 0 Stopped actors, and 3 active threads.
Waiting for actors to stop.
-- Thread wrapup() called.
Called wrapup()
Thread .top.Ramp2 is exiting.
-- Thread stopped.
Checking for deadlock:
There are 2 Blocked actors, 0 Stopped actors, and 2 active threads.
Actors have stopped.
Checking for deadlock:
There are 2 Blocked actors, 0 Stopped actors, and 2 active threads.
Deadlock detected.
Resolving Deadlock
Checking for deadlock:
There are 2 Blocked actors, 0 Stopped actors, and 2 active threads.
Deadlock detected: no processes blocked on write, but some are blocked on read.
Called postfire().
_stopRequested = false
_stopFireRequested = false
Returning from postfire(): false
Finished deactivating branches.
Called wrapup().
-- Thread wrapup() called.
-- Thread wrapup() called.
Called wrapup()
Called wrapup()
Thread .top.OrderedMerge is exiting.
Thread .top.Test is exiting.
-- Thread stopped.
39 ms. Memory: 146944K Free: 102318K (70%)
-- Thread stopped.
-- Blocked Receiver call threw TerminateProcessException.
.top. Preinitializing ...
Invoking preinitialize():  .top.OrderedMerge
Called preinitialize()
Invoking preinitialize():  .top.Ramp
Called preinitialize()
Invoking preinitialize():  .top.Ramp2
Called preinitialize()
Invoking preinitialize():  .top.Test
Called preinitialize()
.top. Finished preinitialize().
Called initialize().
Invoking initialize():  .top.OrderedMerge
Initializing actor: .top.OrderedMerge
Adding a thread: .top.OrderedMerge
Invoking initialize():  .top.Ramp
Initializing actor: .top.Ramp
Adding a thread: .top.Ramp
Invoking initialize():  .top.Ramp2
Initializing actor: .top.Ramp2
Adding a thread: .top.Ramp2
Invoking initialize():  .top.Test
Initializing actor: .top.Test
Adding a thread: .top.Test
-- Blocked Receiver call threw TerminateProcessException.
-- Starting thread.
Called initialize()
Called prefire()
Called fire()
-- Starting thread.
Called initialize()
Called prefire()
Called fire()
Called postfire()
Called prefire()
Called fire()
-- Starting thread.
Called initialize()
Called prefire()
Called fire()
Called postfire()
Called prefire()
Called fire()
Called fire().
Checking for deadlock:
There are 3 Blocked actors, 0 Stopped actors, and 4 active threads.
Waiting for actors to stop.
-- Starting thread.
Called initialize()
Called prefire()
Called fire()
Checking for deadlock:
There are 2 Blocked actors, 0 Stopped actors, and 4 active threads.
Waiting for actors to stop.
Called postfire()
Called prefire()
Called fire()
Checking for deadlock:
There are 3 Blocked actors, 0 Stopped actors, and 4 active threads.
Waiting for actors to stop.
Read input token from inputA with value 0.0
Next port to read input from is inputB
Called postfire()
Called prefire()
Called fire()
Checking for deadlock:
There are 2 Blocked actors, 0 Stopped actors, and 4 active threads.
Waiting for actors to stop.
Called postfire()
Called prefire()
Called fire()
Checking for deadlock:
There are 3 Blocked actors, 0 Stopped actors, and 4 active threads.
Waiting for actors to stop.
Read input token from inputB with value 0.0
Checking for deadlock:
There are 2 Blocked actors, 0 Stopped actors, and 4 active threads.
Waiting for actors to stop.
-- Read input: 0.0, which is expected to match: 0.0
Called prefire()
Called fire()
Checking for deadlock:
There are 3 Blocked actors, 0 Stopped actors, and 4 active threads.
Waiting for actors to stop.
Sent output token with value 0.0
Next port to read input from is inputA
Called postfire()
Called prefire()
Called fire()
Checking for deadlock:
There are 2 Blocked actors, 0 Stopped actors, and 4 active threads.
Waiting for actors to stop.
Called postfire()
Called prefire()
Called fire()
Checking for deadlock:
There are 3 Blocked actors, 0 Stopped actors, and 4 active threads.
Waiting for actors to stop.
Read input token from inputA with value 1.0
Checking for deadlock:
There are 2 Blocked actors, 0 Stopped actors, and 4 active threads.
Waiting for actors to stop.
-- Read input: 0.0, which is expected to match: 0.0
Called prefire()
Called fire()
Checking for deadlock:
There are 3 Blocked actors, 0 Stopped actors, and 4 active threads.
Waiting for actors to stop.
Sent output token with value 0.0
Next port to read input from is inputB
Called postfire()
Called prefire()
Called fire()
Checking for deadlock:
There are 2 Blocked actors, 0 Stopped actors, and 4 active threads.
Waiting for actors to stop.
Called postfire()
Called prefire()
Called fire()
Checking for deadlock:
There are 3 Blocked actors, 0 Stopped actors, and 4 active threads.
Waiting for actors to stop.
Read input token from inputB with value 1.5
Checking for deadlock:
There are 2 Blocked actors, 0 Stopped actors, and 4 active threads.
Waiting for actors to stop.
-- Read input: 1.0, which is expected to match: 1.0
Called prefire()
Called fire()
Checking for deadlock:
There are 3 Blocked actors, 0 Stopped actors, and 4 active threads.
Waiting for actors to stop.
Sent output token with value 1.0
Next port to read input from is inputA
Called postfire()
Called prefire()
Called fire()
Checking for deadlock:
There are 2 Blocked actors, 0 Stopped actors, and 4 active threads.
Waiting for actors to stop.
Called postfire()
Called prefire()
Called fire()
Checking for deadlock:
There are 3 Blocked actors, 0 Stopped actors, and 4 active threads.
Waiting for actors to stop.
Read input token from inputA with value 2.0
Checking for deadlock:
There are 2 Blocked actors, 0 Stopped actors, and 4 active threads.
Waiting for actors to stop.
-- Read input: 1.5, which is expected to match: 1.5
Called prefire()
Called fire()
Checking for deadlock:
There are 3 Blocked actors, 0 Stopped actors, and 4 active threads.
Waiting for actors to stop.
Sent output token with value 1.5
Next port to read input from is inputB
Called postfire()
Called prefire()
Called fire()
Checking for deadlock:
There are 2 Blocked actors, 0 Stopped actors, and 4 active threads.
Waiting for actors to stop.
Called postfire()
Called prefire()
Called fire()
Checking for deadlock:
There are 3 Blocked actors, 0 Stopped actors, and 4 active threads.
Waiting for actors to stop.
Read input token from inputB with value 3.0
Checking for deadlock:
There are 2 Blocked actors, 0 Stopped actors, and 4 active threads.
Waiting for actors to stop.
-- Read input: 2.0, which is expected to match: 2.0
Called prefire()
Called fire()
Checking for deadlock:
There are 3 Blocked actors, 0 Stopped actors, and 4 active threads.
Waiting for actors to stop.
Sent output token with value 2.0
Next port to read input from is inputA
Called postfire()
Called prefire()
Called fire()
Checking for deadlock:
There are 2 Blocked actors, 0 Stopped actors, and 4 active threads.
Waiting for actors to stop.
Called postfire()
Called prefire()
Called fire()
Checking for deadlock:
There are 3 Blocked actors, 0 Stopped actors, and 4 active threads.
Waiting for actors to stop.
Read input token from inputA with value 3.0
Checking for deadlock:
There are 2 Blocked actors, 0 Stopped actors, and 4 active threads.
Waiting for actors to stop.
-- Read input: 3.0, which is expected to match: 3.0
Called prefire()
Called fire()
Checking for deadlock:
There are 3 Blocked actors, 0 Stopped actors, and 4 active threads.
Waiting for actors to stop.
Sent output token with value 3.0
Next port to read input from is inputB
Called postfire()
Called prefire()
Called fire()
Checking for deadlock:
There are 2 Blocked actors, 0 Stopped actors, and 4 active threads.
Waiting for actors to stop.
Called postfire()
Called prefire()
Called fire()
Checking for deadlock:
There are 3 Blocked actors, 0 Stopped actors, and 4 active threads.
Waiting for actors to stop.
Read input token from inputB with value 4.5
Checking for deadlock:
There are 2 Blocked actors, 0 Stopped actors, and 4 active threads.
Waiting for actors to stop.
-- Read input: 3.0, which is expected to match: 3.0
Called prefire()
Called fire()
Checking for deadlock:
There are 3 Blocked actors, 0 Stopped actors, and 4 active threads.
Waiting for actors to stop.
Sent output token with value 3.0
Next port to read input from is inputA
Called postfire()
Called prefire()
Called fire()
Checking for deadlock:
There are 2 Blocked actors, 0 Stopped actors, and 4 active threads.
Waiting for actors to stop.
Called postfire()
Called prefire()
Called fire()
Checking for deadlock:
There are 3 Blocked actors, 0 Stopped actors, and 4 active threads.
Waiting for actors to stop.
Read input token from inputA with value 4.0
Checking for deadlock:
There are 2 Blocked actors, 0 Stopped actors, and 4 active threads.
Waiting for actors to stop.
-- Read input: 4.0, which is expected to match: 4.0
Called prefire()
Called fire()
Past the end of training data. Read and discard all inputs.
Checking for deadlock:
There are 3 Blocked actors, 0 Stopped actors, and 4 active threads.
Waiting for actors to stop.
Sent output token with value 4.0
Next port to read input from is inputA
Called postfire()
Called prefire()
Called fire()
Checking for deadlock:
There are 2 Blocked actors, 0 Stopped actors, and 4 active threads.
Waiting for actors to stop.
Called postfire()
Called prefire()
Called fire()
Checking for deadlock:
There are 3 Blocked actors, 0 Stopped actors, and 4 active threads.
Waiting for actors to stop.
Read input token from inputA with value 5.0
Checking for deadlock:
There are 2 Blocked actors, 0 Stopped actors, and 4 active threads.
Waiting for actors to stop.
Called prefire()
Called fire()
Past the end of training data. Read and discard all inputs.
Checking for deadlock:
There are 3 Blocked actors, 0 Stopped actors, and 4 active threads.
Waiting for actors to stop.
Sent output token with value 4.5
Next port to read input from is inputB
Called postfire()
Called prefire()
Called fire()
Checking for deadlock:
There are 2 Blocked actors, 0 Stopped actors, and 4 active threads.
Waiting for actors to stop.
Called postfire()
Called prefire()
Called fire()
Checking for deadlock:
There are 3 Blocked actors, 0 Stopped actors, and 4 active threads.
Waiting for actors to stop.
Read input token from inputB with value 6.0
Checking for deadlock:
There are 2 Blocked actors, 0 Stopped actors, and 4 active threads.
Waiting for actors to stop.
Called prefire()
Called fire()
Past the end of training data. Read and discard all inputs.
Checking for deadlock:
There are 3 Blocked actors, 0 Stopped actors, and 4 active threads.
Waiting for actors to stop.
Sent output token with value 5.0
Next port to read input from is inputA
Called postfire()
Called prefire()
Called fire()
Checking for deadlock:
There are 2 Blocked actors, 0 Stopped actors, and 4 active threads.
Waiting for actors to stop.
Called postfire()
Called prefire()
Called fire()
Checking for deadlock:
There are 3 Blocked actors, 0 Stopped actors, and 4 active threads.
Waiting for actors to stop.
Read input token from inputA with value 6.0
Checking for deadlock:
There are 2 Blocked actors, 0 Stopped actors, and 4 active threads.
Waiting for actors to stop.
Called prefire()
Called fire()
Past the end of training data. Read and discard all inputs.
Checking for deadlock:
There are 3 Blocked actors, 0 Stopped actors, and 4 active threads.
Waiting for actors to stop.
Sent output token with value 6.0
Next port to read input from is inputB
Called postfire()
Called prefire()
Called fire()
Checking for deadlock:
There are 2 Blocked actors, 0 Stopped actors, and 4 active threads.
Waiting for actors to stop.
Called postfire()
Called prefire()
Called fire()
Checking for deadlock:
There are 3 Blocked actors, 0 Stopped actors, and 4 active threads.
Waiting for actors to stop.
Read input token from inputB with value 7.5
Checking for deadlock:
There are 2 Blocked actors, 0 Stopped actors, and 4 active threads.
Waiting for actors to stop.
Called prefire()
Called fire()
Past the end of training data. Read and discard all inputs.
Checking for deadlock:
There are 3 Blocked actors, 0 Stopped actors, and 4 active threads.
Waiting for actors to stop.
Sent output token with value 6.0
Next port to read input from is inputA
Called postfire()
Called prefire()
Called fire()
Checking for deadlock:
There are 2 Blocked actors, 0 Stopped actors, and 4 active threads.
Waiting for actors to stop.
Called postfire()
Called prefire()
Called fire()
Checking for deadlock:
There are 3 Blocked actors, 0 Stopped actors, and 4 active threads.
Waiting for actors to stop.
Read input token from inputA with value 7.0
Checking for deadlock:
There are 2 Blocked actors, 0 Stopped actors, and 4 active threads.
Waiting for actors to stop.
Called prefire()
Called fire()
Past the end of training data. Read and discard all inputs.
Checking for deadlock:
There are 3 Blocked actors, 0 Stopped actors, and 4 active threads.
Waiting for actors to stop.
Sent output token with value 7.0
Next port to read input from is inputA
Called postfire()
Called prefire()
Called fire()
Checking for deadlock:
There are 2 Blocked actors, 0 Stopped actors, and 4 active threads.
Waiting for actors to stop.
-- Thread wrapup() called.
Called wrapup()
Thread .top.Ramp is exiting.
Checking for deadlock:
There are 2 Blocked actors, 0 Stopped actors, and 3 active threads.
Waiting for actors to stop.
-- Thread stopped.
Read input token from inputA with value 8.0
Checking for deadlock:
There are 1 Blocked actors, 0 Stopped actors, and 3 active threads.
Waiting for actors to stop.
Called prefire()
Called fire()
Past the end of training data. Read and discard all inputs.
Checking for deadlock:
There are 2 Blocked actors, 0 Stopped actors, and 3 active threads.
Waiting for actors to stop.
Sent output token with value 7.5
Next port to read input from is inputB
Called postfire()
Called prefire()
Called fire()
Checking for deadlock:
There are 1 Blocked actors, 0 Stopped actors, and 3 active threads.
Waiting for actors to stop.
Called postfire()
Called prefire()
Called fire()
Checking for deadlock:
There are 2 Blocked actors, 0 Stopped actors, and 3 active threads.
Waiting for actors to stop.
Read input token from inputB with value 9.0
Checking for deadlock:
There are 1 Blocked actors, 0 Stopped actors, and 3 active threads.
Waiting for actors to stop.
Called prefire()
Called fire()
Past the end of training data. Read and discard all inputs.
Checking for deadlock:
There are 2 Blocked actors, 0 Stopped actors, and 3 active threads.
Waiting for actors to stop.
Sent output token with value 8.0
Next port to read input from is inputA
Called postfire()
Called prefire()
Called fire()
Read input token from inputA with value 9.0
Checking for deadlock:
There are 1 Blocked actors, 0 Stopped actors, and 3 active threads.
Waiting for actors to stop.
Called prefire()
Called fire()
Past the end of training data. Read and discard all inputs.
Checking for deadlock:
There are 2 Blocked actors, 0 Stopped actors, and 3 active threads.
Waiting for actors to stop.
Sent output token with value 9.0
Next port to read input from is inputB
Called postfire()
Called prefire()
Called fire()
Checking for deadlock:
There are 1 Blocked actors, 0 Stopped actors, and 3 active threads.
Waiting for actors to stop.
Called postfire()
Called prefire()
Called fire()
Checking for deadlock:
There are 2 Blocked actors, 0 Stopped actors, and 3 active threads.
Waiting for actors to stop.
Read input token from inputB with value 10.5
Checking for deadlock:
There are 1 Blocked actors, 0 Stopped actors, and 3 active threads.
Waiting for actors to stop.
Called prefire()
Called fire()
Past the end of training data. Read and discard all inputs.
Checking for deadlock:
There are 2 Blocked actors, 0 Stopped actors, and 3 active threads.
Waiting for actors to stop.
Sent output token with value 9.0
Next port to read input from is inputA
Called postfire()
Called prefire()
Called fire()
Checking for deadlock:
There are 3 Blocked actors, 0 Stopped actors, and 3 active threads.
Actors have stopped.
Checking for deadlock:
There are 3 Blocked actors, 0 Stopped actors, and 3 active threads.
Deadlock detected.
Resolving Deadlock
Checking for deadlock:
There are 3 Blocked actors, 0 Stopped actors, and 3 active threads.
Artificial Deadlock - increasing queue capacity.
increasing the capacity of receiver ptolemy.actor.TypedIOPort {.top.OrderedMerge.inputB} to 2
Director: Called postfire().
Called postfire().
_stopRequested = false
_stopFireRequested = false
Returning from postfire(): true
Called fire().
Checking for deadlock:
There are 2 Blocked actors, 0 Stopped actors, and 3 active threads.
Waiting for actors to stop.
-- Thread wrapup() called.
Called wrapup()
Thread .top.Ramp2 is exiting.
-- Thread stopped.
Checking for deadlock:
There are 2 Blocked actors, 0 Stopped actors, and 2 active threads.
Actors have stopped.
Checking for deadlock:
There are 2 Blocked actors, 0 Stopped actors, and 2 active threads.
Deadlock detected.
Resolving Deadlock
Checking for deadlock:
There are 2 Blocked actors, 0 Stopped actors, and 2 active threads.
Deadlock detected: no processes blocked on write, but some are blocked on read.
Called postfire().
_stopRequested = false
_stopFireRequested = false
Returning from postfire(): false
Finished deactivating branches.
Called wrapup().
-- Thread wrapup() called.
Called wrapup()
Thread .top.Test is exiting.
-- Thread stopped.
-- Blocked Receiver call threw TerminateProcessException.
-- Thread wrapup() called.
Called wrapup()
Thread .top.OrderedMerge is exiting.
10 ms. Memory: 146944K Free: 99502K (68%)
/home/travis/build/icyphy/ptII/ptolemy/actor/lib/test/Publisher.tcl
-- Thread stopped.
-- Blocked Receiver call threw TerminateProcessException.
7 ms. Memory: 146944K Free: 93616K (64%)
3 ms. Memory: 146944K Free: 87730K (60%)
2 ms. Memory: 146944K Free: 84198K (57%)
8 ms. Memory: 146944K Free: 82989K (56%)
2 ms. Memory: 146944K Free: 81812K (56%)
3 ms. Memory: 146944K Free: 80635K (55%)
2 ms. Memory: 146944K Free: 80635K (55%)
23 ms. Memory: 208384K Free: 199522K (96%)
1 ms. Memory: 208384K Free: 192433K (92%)
3 ms. Memory: 208384K Free: 187702K (90%)
2 ms. Memory: 208384K Free: 185328K (89%)
1 ms. Memory: 208384K Free: 182971K (88%)
6 ms. Memory: 208384K Free: 175866K (84%)
4 ms. Memory: 208384K Free: 166427K (80%)
11 ms. Memory: 208384K Free: 154616K (74%)
/home/travis/build/icyphy/ptII/ptolemy/actor/lib/test/Pulse.tcl
2 ms. Memory: 208384K Free: 112011K (54%)
1 ms. Memory: 208384K Free: 112011K (54%)
1 ms. Memory: 208384K Free: 109653K (53%)
1 ms. Memory: 208384K Free: 109653K (53%)
1 ms. Memory: 208384K Free: 109653K (53%)
1 ms. Memory: 208384K Free: 109653K (53%)
2 ms. Memory: 208384K Free: 107295K (51%)
1 ms. Memory: 208384K Free: 107295K (51%)
1 ms. Memory: 208384K Free: 104938K (50%)
/home/travis/build/icyphy/ptII/ptolemy/actor/lib/test/Ramp.tcl
7 ms. Memory: 208384K Free: 104938K (50%)
1 ms. Memory: 208384K Free: 102564K (49%)
1 ms. Memory: 208384K Free: 102564K (49%)
7 ms. Memory: 208384K Free: 102564K (49%)
3 ms. Memory: 208384K Free: 100199K (48%)
4 ms. Memory: 208384K Free: 100199K (48%)
5 ms. Memory: 208384K Free: 100199K (48%)
5 actors
5000 microseconds per iteration to create
5 ms. Memory: 208384K Free: 95483K (46%)
3 ms. Memory: 208384K Free: 95483K (46%)
1 ms. Memory: 208384K Free: 95483K (46%)
2 ms. Memory: 208384K Free: 95483K (46%)
50 actors
26000 microseconds per iteration to create
26 ms. Memory: 208384K Free: 79353K (38%)
28 ms. Memory: 208384K Free: 197681K (95%)
6 ms. Memory: 208384K Free: 197681K (95%)
9 ms. Memory: 208384K Free: 197681K (95%)
500 actors
1264000 microseconds per iteration to create
265 ms. Memory: 332288K Free: 267597K (81%)
60 ms. Memory: 332288K Free: 262807K (79%)
50 ms. Memory: 332288K Free: 258017K (78%)
34 ms. Memory: 332288K Free: 253226K (76%)
/home/travis/build/icyphy/ptII/ptolemy/actor/lib/test/RampContinuous.tcl
6 ms. Memory: 332288K Free: 253226K (76%)
/home/travis/build/icyphy/ptII/ptolemy/actor/lib/test/RecordAssembler.tcl
4 ms. Memory: 332288K Free: 248436K (75%)
3 ms. Memory: 332288K Free: 248436K (75%)
/home/travis/build/icyphy/ptII/ptolemy/actor/lib/test/RecordDisassembler.tcl
5 ms. Memory: 332288K Free: 248436K (75%)
2 ms. Memory: 332288K Free: 248436K (75%)
3 ms. Memory: 332288K Free: 243646K (73%)
/home/travis/build/icyphy/ptII/ptolemy/actor/lib/test/Scale.tcl
2 ms. Memory: 332288K Free: 243646K (73%)
1 ms. Memory: 332288K Free: 243646K (73%)
1 ms. Memory: 332288K Free: 243646K (73%)
2 ms. Memory: 332288K Free: 238840K (72%)
2 ms. Memory: 332288K Free: 238840K (72%)
/home/travis/build/icyphy/ptII/ptolemy/actor/lib/test/SequentialClock.tcl
preinitializing
resolving types
initializing
executing number 1
wrapping up
idle
6 ms. Memory: 332288K Free: 238840K (72%)
Completed execution with 5 iterations
preinitializing
resolving types
initializing
executing number 1
wrapping up
idle
5 ms. Memory: 332288K Free: 238840K (72%)
Completed execution with 5 iterations
preinitializing
resolving types
initializing
executing number 1
wrapping up
idle
1 ms. Memory: 332288K Free: 238840K (72%)
Completed execution with 5 iterations
/home/travis/build/icyphy/ptII/ptolemy/actor/lib/test/SetVariable.tcl
5 ms. Memory: 332288K Free: 234041K (70%)
/home/travis/build/icyphy/ptII/ptolemy/actor/lib/test/Sinewave.tcl
/home/travis/build/icyphy/ptII/ptolemy/actor/lib/test/SubscriptionAggregator.tcl
12 ms. Memory: 332288K Free: 219639K (66%)
6 ms. Memory: 332288K Free: 219639K (66%)
1 ms. Memory: 332288K Free: 219639K (66%)
1 ms. Memory: 332288K Free: 219639K (66%)
1 ms. Memory: 332288K Free: 214833K (65%)
3 ms. Memory: 332288K Free: 214833K (65%)
...............................................................945 ms. Memory: 582144K Free: 346183K (59%)
/home/travis/build/icyphy/ptII/ptolemy/actor/lib/test/Test.tcl
 The next command will produce a warning about training mode,
   which may be ignored.
4 ms. Memory: 582144K Free: 346183K (59%)
2 ms. Memory: 582144K Free: 346183K (59%)
1 ms. Memory: 582144K Free: 346183K (59%)
1 ms. Memory: 582144K Free: 336495K (58%)
1 ms. Memory: 582144K Free: 336495K (58%)
2 ms. Memory: 582144K Free: 336495K (58%)
2 ms. Memory: 582144K Free: 336495K (58%)
 The next command will produce a warning about training mode,
   which may be ignored.
4 ms. Memory: 582144K Free: 336495K (58%)
 The next command will produce a warning about training mode,
   which may be ignored.
2 ms. Memory: 582144K Free: 336495K (58%)
1 ms. Memory: 582144K Free: 336495K (58%)
1 ms. Memory: 582144K Free: 336495K (58%)
1 ms. Memory: 582144K Free: 336495K (58%)
1 ms. Memory: 582144K Free: 336495K (58%)
3 ms. Memory: 582144K Free: 326823K (56%)
/home/travis/build/icyphy/ptII/ptolemy/actor/lib/test/TestExceptionHandler.tcl
 The next command will produce a warning about training mode,
   which may be ignored.
1 ms. Memory: 582144K Free: 326823K (56%)
1 ms. Memory: 582144K Free: 326823K (56%)
1 ms. Memory: 582144K Free: 326823K (56%)
/home/travis/build/icyphy/ptII/ptolemy/actor/lib/test/UnionDisassembler.tcl
22 ms. Memory: 582144K Free: 317134K (54%)
/home/travis/build/icyphy/ptII/ptolemy/actor/lib/test/VariableClock.tcl
preinitializing
resolving types
initializing
executing number 1
wrapping up
idle
8 ms. Memory: 582144K Free: 317134K (54%)
Completed execution with 11 iterations
preinitializing
resolving types
initializing
executing number 1
wrapping up
idle
7 ms. Memory: 582144K Free: 317134K (54%)
Completed execution with 10 iterations
10/12/18 02:28:39
Failed: 0  Total Tests: 234  ((Passed: 234, Newly Passed: 0)  Known Failed: 0) /home/travis/build/icyphy/ptII/ptolemy/actor/lib/test
----------------- testing (KnownFailure) /home/travis/build/icyphy/ptII/ptolemy/actor/lib/test/auto/knownFailedTests/PublisherPortToplevelSubscriber.xml
0 ms. Memory: 582144K Free: 307375K (53%)
Known Failure: java.lang.reflect.InvocationTargetException
----------------- testing (KnownFailure) /home/travis/build/icyphy/ptII/ptolemy/actor/lib/test/auto/knownFailedTests/PublisherSubscriberPortToplevel.xml
1 ms. Memory: 582144K Free: 287858K (49%)
Known Failure: java.lang.reflect.InvocationTargetException
----------------- testing (KnownFailure) /home/travis/build/icyphy/ptII/ptolemy/actor/lib/test/auto/knownFailedTests/PublisherSubscriptionAggregatorPort.xml
2 ms. Memory: 582144K Free: 268340K (46%)
Known Failure: java.lang.reflect.InvocationTargetException
----------------- testing (KnownFailure) /home/travis/build/icyphy/ptII/ptolemy/actor/lib/test/auto/knownFailedTests/sizedarray3.xml
5 ms. Memory: 582144K Free: 248822K (43%)
Known Failure: java.lang.reflect.InvocationTargetException
No auto/linux-amd64/*.xml tests in /home/travis/build/icyphy/ptII/ptolemy/actor/lib/test
AutoTests.java: About to close Vertx.
AutoTests.java: Vertx closed.

===========================================================================================
----------------- testing Fri Oct 12 02:28:39 UTC 2018 /home/travis/build/icyphy/ptII/ptolemy/actor/lib/test/auto/AbsoluteValue.xml
----------------- Instantiating /home/travis/build/icyphy/ptII/ptolemy/actor/lib/test/auto/AbsoluteValue.xml
4 ms. Memory: 582144K Free: 161251K (28%)
----------------- Invoking toplevel() on ptolemy.moml.MoMLSimpleApplication@73379a5b
----------------- Done invoking toplevel() on ptolemy.moml.MoMLSimpleApplication@73379a5b
reloadAllAccessors: .AbsoluteValue

===========================================================================================
----------------- testing Fri Oct 12 02:28:39 UTC 2018 /home/travis/build/icyphy/ptII/ptolemy/actor/lib/test/auto/AbsoluteValue2.xml
----------------- Instantiating /home/travis/build/icyphy/ptII/ptolemy/actor/lib/test/auto/AbsoluteValue2.xml
5 ms. Memory: 582144K Free: 146597K (25%)
----------------- Invoking toplevel() on ptolemy.moml.MoMLSimpleApplication@25386969
----------------- Done invoking toplevel() on ptolemy.moml.MoMLSimpleApplication@25386969
reloadAllAccessors: .AbsoluteValue2

===========================================================================================
----------------- testing Fri Oct 12 02:28:39 UTC 2018 /home/travis/build/icyphy/ptII/ptolemy/actor/lib/test/auto/Accumulator.xml
----------------- Instantiating /home/travis/build/icyphy/ptII/ptolemy/actor/lib/test/auto/Accumulator.xml
6 ms. Memory: 582144K Free: 127166K (22%)
----------------- Invoking toplevel() on ptolemy.moml.MoMLSimpleApplication@74c768bb
----------------- Done invoking toplevel() on ptolemy.moml.MoMLSimpleApplication@74c768bb
reloadAllAccessors: .Accumulator

===========================================================================================
----------------- testing Fri Oct 12 02:28:39 UTC 2018 /home/travis/build/icyphy/ptII/ptolemy/actor/lib/test/auto/Accumulator2.xml
----------------- Instantiating /home/travis/build/icyphy/ptII/ptolemy/actor/lib/test/auto/Accumulator2.xml
4 ms. Memory: 582144K Free: 117407K (20%)
----------------- Invoking toplevel() on ptolemy.moml.MoMLSimpleApplication@7322cde3
----------------- Done invoking toplevel() on ptolemy.moml.MoMLSimpleApplication@7322cde3
reloadAllAccessors: .Accumulator2

===========================================================================================
----------------- testing Fri Oct 12 02:28:39 UTC 2018 /home/travis/build/icyphy/ptII/ptolemy/actor/lib/test/auto/Accumulator3.xml
----------------- Instantiating /home/travis/build/icyphy/ptII/ptolemy/actor/lib/test/auto/Accumulator3.xml
11 ms. Memory: 582144K Free: 107649K (18%)
----------------- Invoking toplevel() on ptolemy.moml.MoMLSimpleApplication@6676ab00
----------------- Done invoking toplevel() on ptolemy.moml.MoMLSimpleApplication@6676ab00
reloadAllAccessors: .Accumulator3

===========================================================================================
----------------- testing Fri Oct 12 02:28:39 UTC 2018 /home/travis/build/icyphy/ptII/ptolemy/actor/lib/test/auto/ArrayAppend.xml
----------------- Instantiating /home/travis/build/icyphy/ptII/ptolemy/actor/lib/test/auto/ArrayAppend.xml
5 ms. Memory: 582144K Free: 97890K (17%)
----------------- Invoking toplevel() on ptolemy.moml.MoMLSimpleApplication@6d170fae
----------------- Done invoking toplevel() on ptolemy.moml.MoMLSimpleApplication@6d170fae
reloadAllAccessors: .ArrayAppend

===========================================================================================
----------------- testing Fri Oct 12 02:28:39 UTC 2018 /home/travis/build/icyphy/ptII/ptolemy/actor/lib/test/auto/ArrayAppend2.xml
----------------- Instantiating /home/travis/build/icyphy/ptII/ptolemy/actor/lib/test/auto/ArrayAppend2.xml
640 ms. Memory: 582656K Free: 503859K (86%)
----------------- Invoking toplevel() on ptolemy.moml.MoMLSimpleApplication@51a5030c
----------------- Done invoking toplevel() on ptolemy.moml.MoMLSimpleApplication@51a5030c
reloadAllAccessors: .ArrayAppend2

===========================================================================================
----------------- testing Fri Oct 12 02:28:40 UTC 2018 /home/travis/build/icyphy/ptII/ptolemy/actor/lib/test/auto/ArrayAppend3.xml
----------------- Instantiating /home/travis/build/icyphy/ptII/ptolemy/actor/lib/test/auto/ArrayAppend3.xml
3 ms. Memory: 582656K Free: 486575K (84%)
----------------- Invoking toplevel() on ptolemy.moml.MoMLSimpleApplication@2728121b
----------------- Done invoking toplevel() on ptolemy.moml.MoMLSimpleApplication@2728121b
reloadAllAccessors: .ArrayAppend3

===========================================================================================
----------------- testing Fri Oct 12 02:28:40 UTC 2018 /home/travis/build/icyphy/ptII/ptolemy/actor/lib/test/auto/ArrayAppend4.xml
----------------- Instantiating /home/travis/build/icyphy/ptII/ptolemy/actor/lib/test/auto/ArrayAppend4.xml
8 ms. Memory: 582656K Free: 480069K (82%)
----------------- Invoking toplevel() on ptolemy.moml.MoMLSimpleApplication@2bba2bcb
----------------- Done invoking toplevel() on ptolemy.moml.MoMLSimpleApplication@2bba2bcb
reloadAllAccessors: .ArrayAppend4

===========================================================================================
----------------- testing Fri Oct 12 02:28:40 UTC 2018 /home/travis/build/icyphy/ptII/ptolemy/actor/lib/test/auto/ArrayAppend5.xml
----------------- Instantiating /home/travis/build/icyphy/ptII/ptolemy/actor/lib/test/auto/ArrayAppend5.xml
5 ms. Memory: 582656K Free: 473563K (81%)
----------------- Invoking toplevel() on ptolemy.moml.MoMLSimpleApplication@514ea451
----------------- Done invoking toplevel() on ptolemy.moml.MoMLSimpleApplication@514ea451
reloadAllAccessors: .ArrayAppend5

===========================================================================================
----------------- testing Fri Oct 12 02:28:40 UTC 2018 /home/travis/build/icyphy/ptII/ptolemy/actor/lib/test/auto/ArrayAppend6.xml
----------------- Instantiating /home/travis/build/icyphy/ptII/ptolemy/actor/lib/test/auto/ArrayAppend6.xml
8 ms. Memory: 582656K Free: 458874K (79%)
----------------- Invoking toplevel() on ptolemy.moml.MoMLSimpleApplication@64299ff8
----------------- Done invoking toplevel() on ptolemy.moml.MoMLSimpleApplication@64299ff8
reloadAllAccessors: .ArrayAppend6

===========================================================================================
----------------- testing Fri Oct 12 02:28:40 UTC 2018 /home/travis/build/icyphy/ptII/ptolemy/actor/lib/test/auto/ArrayAppendPerformanceTest.xml
----------------- Instantiating /home/travis/build/icyphy/ptII/ptolemy/actor/lib/test/auto/ArrayAppendPerformanceTest.xml
29 ms. Memory: 582656K Free: 445846K (77%)
----------------- Invoking toplevel() on ptolemy.moml.MoMLSimpleApplication@6a4c9d98
----------------- Done invoking toplevel() on ptolemy.moml.MoMLSimpleApplication@6a4c9d98
reloadAllAccessors: .ArrayAppendPerformanceTest

===========================================================================================
----------------- testing Fri Oct 12 02:28:40 UTC 2018 /home/travis/build/icyphy/ptII/ptolemy/actor/lib/test/auto/ArrayAppendWithEmptyInput.xml
----------------- Instantiating /home/travis/build/icyphy/ptII/ptolemy/actor/lib/test/auto/ArrayAppendWithEmptyInput.xml
16 ms. Memory: 582656K Free: 436071K (75%)
----------------- Invoking toplevel() on ptolemy.moml.MoMLSimpleApplication@48a87dfd
----------------- Done invoking toplevel() on ptolemy.moml.MoMLSimpleApplication@48a87dfd
reloadAllAccessors: .ArrayAppendWithEmptyInput

===========================================================================================
----------------- testing Fri Oct 12 02:28:40 UTC 2018 /home/travis/build/icyphy/ptII/ptolemy/actor/lib/test/auto/ArrayAverage.xml
----------------- Instantiating /home/travis/build/icyphy/ptII/ptolemy/actor/lib/test/auto/ArrayAverage.xml
10 ms. Memory: 582656K Free: 426312K (73%)
----------------- Invoking toplevel() on ptolemy.moml.MoMLSimpleApplication@37d93721
----------------- Done invoking toplevel() on ptolemy.moml.MoMLSimpleApplication@37d93721
reloadAllAccessors: .ArrayAverage

===========================================================================================
----------------- testing Fri Oct 12 02:28:40 UTC 2018 /home/travis/build/icyphy/ptII/ptolemy/actor/lib/test/auto/ArrayContains.xml
----------------- Instantiating /home/travis/build/icyphy/ptII/ptolemy/actor/lib/test/auto/ArrayContains.xml
2 ms. Memory: 582656K Free: 408354K (70%)
----------------- Invoking toplevel() on ptolemy.moml.MoMLSimpleApplication@6c2f2268
----------------- Done invoking toplevel() on ptolemy.moml.MoMLSimpleApplication@6c2f2268
reloadAllAccessors: .ArrayContains

===========================================================================================
----------------- testing Fri Oct 12 02:28:40 UTC 2018 /home/travis/build/icyphy/ptII/ptolemy/actor/lib/test/auto/ArrayElement.xml
----------------- Instantiating /home/travis/build/icyphy/ptII/ptolemy/actor/lib/test/auto/ArrayElement.xml
2 ms. Memory: 582656K Free: 401849K (69%)
----------------- Invoking toplevel() on ptolemy.moml.MoMLSimpleApplication@1c5551df
----------------- Done invoking toplevel() on ptolemy.moml.MoMLSimpleApplication@1c5551df
reloadAllAccessors: .ArrayElement

===========================================================================================
----------------- testing Fri Oct 12 02:28:40 UTC 2018 /home/travis/build/icyphy/ptII/ptolemy/actor/lib/test/auto/ArrayElementAsMatrix.xml
----------------- Instantiating /home/travis/build/icyphy/ptII/ptolemy/actor/lib/test/auto/ArrayElementAsMatrix.xml
27 ms. Memory: 582656K Free: 392082K (67%)
----------------- Invoking toplevel() on ptolemy.moml.MoMLSimpleApplication@c2b0a5e
----------------- Done invoking toplevel() on ptolemy.moml.MoMLSimpleApplication@c2b0a5e
reloadAllAccessors: .ArrayElementAsMatrix

===========================================================================================
----------------- testing Fri Oct 12 02:28:41 UTC 2018 /home/travis/build/icyphy/ptII/ptolemy/actor/lib/test/auto/ArrayElementI.xml
----------------- Instantiating /home/travis/build/icyphy/ptII/ptolemy/actor/lib/test/auto/ArrayElementI.xml
4 ms. Memory: 582656K Free: 385576K (66%)
----------------- Invoking toplevel() on ptolemy.moml.MoMLSimpleApplication@344574c
----------------- Done invoking toplevel() on ptolemy.moml.MoMLSimpleApplication@344574c
reloadAllAccessors: .ArrayElementI

===========================================================================================
----------------- testing Fri Oct 12 02:28:41 UTC 2018 /home/travis/build/icyphy/ptII/ptolemy/actor/lib/test/auto/ArrayExtract.xml
----------------- Instantiating /home/travis/build/icyphy/ptII/ptolemy/actor/lib/test/auto/ArrayExtract.xml
4 ms. Memory: 582656K Free: 367634K (63%)
----------------- Invoking toplevel() on ptolemy.moml.MoMLSimpleApplication@761d8313
----------------- Done invoking toplevel() on ptolemy.moml.MoMLSimpleApplication@761d8313
reloadAllAccessors: .ArrayExtract

===========================================================================================
----------------- testing Fri Oct 12 02:28:41 UTC 2018 /home/travis/build/icyphy/ptII/ptolemy/actor/lib/test/auto/ArrayExtract2.xml
----------------- Instantiating /home/travis/build/icyphy/ptII/ptolemy/actor/lib/test/auto/ArrayExtract2.xml
2 ms. Memory: 582656K Free: 361128K (62%)
----------------- Invoking toplevel() on ptolemy.moml.MoMLSimpleApplication@35ae1562
----------------- Done invoking toplevel() on ptolemy.moml.MoMLSimpleApplication@35ae1562
reloadAllAccessors: .ArrayExtract2

===========================================================================================
----------------- testing Fri Oct 12 02:28:41 UTC 2018 /home/travis/build/icyphy/ptII/ptolemy/actor/lib/test/auto/ArrayLength.xml
----------------- Instantiating /home/travis/build/icyphy/ptII/ptolemy/actor/lib/test/auto/ArrayLength.xml
2 ms. Memory: 582656K Free: 354622K (61%)
----------------- Invoking toplevel() on ptolemy.moml.MoMLSimpleApplication@6ecb5bb8
----------------- Done invoking toplevel() on ptolemy.moml.MoMLSimpleApplication@6ecb5bb8
reloadAllAccessors: .ArrayLength

===========================================================================================
----------------- testing Fri Oct 12 02:28:41 UTC 2018 /home/travis/build/icyphy/ptII/ptolemy/actor/lib/test/auto/ArrayLevelCrossing.xml
----------------- Instantiating /home/travis/build/icyphy/ptII/ptolemy/actor/lib/test/auto/ArrayLevelCrossing.xml
2 ms. Memory: 582656K Free: 336681K (58%)
----------------- Invoking toplevel() on ptolemy.moml.MoMLSimpleApplication@1f4973ad
----------------- Done invoking toplevel() on ptolemy.moml.MoMLSimpleApplication@1f4973ad
reloadAllAccessors: .ArrayLevelCrossing

===========================================================================================
----------------- testing Fri Oct 12 02:28:41 UTC 2018 /home/travis/build/icyphy/ptII/ptolemy/actor/lib/test/auto/ArrayLevelCrossing2.xml
----------------- Instantiating /home/travis/build/icyphy/ptII/ptolemy/actor/lib/test/auto/ArrayLevelCrossing2.xml
3 ms. Memory: 582656K Free: 326906K (56%)
----------------- Invoking toplevel() on ptolemy.moml.MoMLSimpleApplication@8ba0c85
----------------- Done invoking toplevel() on ptolemy.moml.MoMLSimpleApplication@8ba0c85
reloadAllAccessors: .ArrayLevelCrossing2

===========================================================================================
----------------- testing Fri Oct 12 02:28:41 UTC 2018 /home/travis/build/icyphy/ptII/ptolemy/actor/lib/test/auto/ArrayPeakSearch.xml
----------------- Instantiating /home/travis/build/icyphy/ptII/ptolemy/actor/lib/test/auto/ArrayPeakSearch.xml
5 ms. Memory: 582656K Free: 313878K (54%)
----------------- Invoking toplevel() on ptolemy.moml.MoMLSimpleApplication@2237e07c
----------------- Done invoking toplevel() on ptolemy.moml.MoMLSimpleApplication@2237e07c
reloadAllAccessors: .ArrayPeakSearch

===========================================================================================
----------------- testing Fri Oct 12 02:28:41 UTC 2018 /home/travis/build/icyphy/ptII/ptolemy/actor/lib/test/auto/ArrayPeakSearch2.xml
----------------- Instantiating /home/travis/build/icyphy/ptII/ptolemy/actor/lib/test/auto/ArrayPeakSearch2.xml
4 ms. Memory: 582656K Free: 300842K (52%)
----------------- Invoking toplevel() on ptolemy.moml.MoMLSimpleApplication@185a8973
----------------- Done invoking toplevel() on ptolemy.moml.MoMLSimpleApplication@185a8973
reloadAllAccessors: .ArrayPeakSearch2

===========================================================================================
----------------- testing Fri Oct 12 02:28:41 UTC 2018 /home/travis/build/icyphy/ptII/ptolemy/actor/lib/test/auto/ArrayPeakSearch3.xml
----------------- Instantiating /home/travis/build/icyphy/ptII/ptolemy/actor/lib/test/auto/ArrayPeakSearch3.xml
5 ms. Memory: 582656K Free: 279647K (48%)
----------------- Invoking toplevel() on ptolemy.moml.MoMLSimpleApplication@3404565f
----------------- Done invoking toplevel() on ptolemy.moml.MoMLSimpleApplication@3404565f
reloadAllAccessors: .ArrayPeakSearch3

===========================================================================================
----------------- testing Fri Oct 12 02:28:41 UTC 2018 /home/travis/build/icyphy/ptII/ptolemy/actor/lib/test/auto/ArrayRemoveElement.xml
----------------- Instantiating /home/travis/build/icyphy/ptII/ptolemy/actor/lib/test/auto/ArrayRemoveElement.xml
6 ms. Memory: 582656K Free: 269873K (46%)
----------------- Invoking toplevel() on ptolemy.moml.MoMLSimpleApplication@7a9aee80
----------------- Done invoking toplevel() on ptolemy.moml.MoMLSimpleApplication@7a9aee80
reloadAllAccessors: .ArrayRemoveElement

===========================================================================================
----------------- testing Fri Oct 12 02:28:41 UTC 2018 /home/travis/build/icyphy/ptII/ptolemy/actor/lib/test/auto/ArraySort.xml
----------------- Instantiating /home/travis/build/icyphy/ptII/ptolemy/actor/lib/test/auto/ArraySort.xml
4 ms. Memory: 582656K Free: 256813K (44%)
----------------- Invoking toplevel() on ptolemy.moml.MoMLSimpleApplication@28cecf41
----------------- Done invoking toplevel() on ptolemy.moml.MoMLSimpleApplication@28cecf41
reloadAllAccessors: .ArraySort

===========================================================================================
----------------- testing Fri Oct 12 02:28:41 UTC 2018 /home/travis/build/icyphy/ptII/ptolemy/actor/lib/test/auto/ArraySum.xml
----------------- Instantiating /home/travis/build/icyphy/ptII/ptolemy/actor/lib/test/auto/ArraySum.xml
8 ms. Memory: 582656K Free: 247038K (42%)
----------------- Invoking toplevel() on ptolemy.moml.MoMLSimpleApplication@fb407e8
----------------- Done invoking toplevel() on ptolemy.moml.MoMLSimpleApplication@fb407e8
reloadAllAccessors: .ArraySum

===========================================================================================
----------------- testing Fri Oct 12 02:28:41 UTC 2018 /home/travis/build/icyphy/ptII/ptolemy/actor/lib/test/auto/ArrayToElements.xml
----------------- Instantiating /home/travis/build/icyphy/ptII/ptolemy/actor/lib/test/auto/ArrayToElements.xml
6 ms. Memory: 582656K Free: 229080K (39%)
----------------- Invoking toplevel() on ptolemy.moml.MoMLSimpleApplication@3a3c9864
----------------- Done invoking toplevel() on ptolemy.moml.MoMLSimpleApplication@3a3c9864
reloadAllAccessors: .ArrayToElements

===========================================================================================
----------------- testing Fri Oct 12 02:28:41 UTC 2018 /home/travis/build/icyphy/ptII/ptolemy/actor/lib/test/auto/ArrayToMatrix.xml
----------------- Instantiating /home/travis/build/icyphy/ptII/ptolemy/actor/lib/test/auto/ArrayToMatrix.xml
5 ms. Memory: 582656K Free: 204659K (35%)
----------------- Invoking toplevel() on ptolemy.moml.MoMLSimpleApplication@296a627d
----------------- Done invoking toplevel() on ptolemy.moml.MoMLSimpleApplication@296a627d
reloadAllAccessors: .ArrayToMatrix

===========================================================================================
----------------- testing Fri Oct 12 02:28:41 UTC 2018 /home/travis/build/icyphy/ptII/ptolemy/actor/lib/test/auto/ArrayUpdate1.xml
----------------- Instantiating /home/travis/build/icyphy/ptII/ptolemy/actor/lib/test/auto/ArrayUpdate1.xml
6 ms. Memory: 582656K Free: 198153K (34%)
----------------- Invoking toplevel() on ptolemy.moml.MoMLSimpleApplication@276c44a5
----------------- Done invoking toplevel() on ptolemy.moml.MoMLSimpleApplication@276c44a5
reloadAllAccessors: .ArrayUpdate1

===========================================================================================
----------------- testing Fri Oct 12 02:28:41 UTC 2018 /home/travis/build/icyphy/ptII/ptolemy/actor/lib/test/auto/ArrayUpdate2.xml
----------------- Instantiating /home/travis/build/icyphy/ptII/ptolemy/actor/lib/test/auto/ArrayUpdate2.xml
2 ms. Memory: 582656K Free: 188378K (32%)
----------------- Invoking toplevel() on ptolemy.moml.MoMLSimpleApplication@27624ee5
----------------- Done invoking toplevel() on ptolemy.moml.MoMLSimpleApplication@27624ee5
reloadAllAccessors: .ArrayUpdate2

===========================================================================================
----------------- testing Fri Oct 12 02:28:41 UTC 2018 /home/travis/build/icyphy/ptII/ptolemy/actor/lib/test/auto/ArrayUpdate3.xml
----------------- Instantiating /home/travis/build/icyphy/ptII/ptolemy/actor/lib/test/auto/ArrayUpdate3.xml
1 ms. Memory: 582656K Free: 173689K (30%)
----------------- Invoking toplevel() on ptolemy.moml.MoMLSimpleApplication@a47dcdc
----------------- Done invoking toplevel() on ptolemy.moml.MoMLSimpleApplication@a47dcdc
reloadAllAccessors: .ArrayUpdate3

===========================================================================================
----------------- testing Fri Oct 12 02:28:41 UTC 2018 /home/travis/build/icyphy/ptII/ptolemy/actor/lib/test/auto/Assert1.xml
----------------- Instantiating /home/travis/build/icyphy/ptII/ptolemy/actor/lib/test/auto/Assert1.xml
2 ms. Memory: 582656K Free: 167183K (29%)
----------------- Invoking toplevel() on ptolemy.moml.MoMLSimpleApplication@15c6f633
----------------- Done invoking toplevel() on ptolemy.moml.MoMLSimpleApplication@15c6f633
reloadAllAccessors: .Assert1

===========================================================================================
----------------- testing Fri Oct 12 02:28:41 UTC 2018 /home/travis/build/icyphy/ptII/ptolemy/actor/lib/test/auto/Assert2.xml
----------------- Instantiating /home/travis/build/icyphy/ptII/ptolemy/actor/lib/test/auto/Assert2.xml
6 ms. Memory: 582656K Free: 160678K (28%)
----------------- Invoking toplevel() on ptolemy.moml.MoMLSimpleApplication@629eb222
----------------- Done invoking toplevel() on ptolemy.moml.MoMLSimpleApplication@629eb222
reloadAllAccessors: .Assert2

===========================================================================================
----------------- testing Fri Oct 12 02:28:41 UTC 2018 /home/travis/build/icyphy/ptII/ptolemy/actor/lib/test/auto/BooleanMultiplexor.xml
----------------- Instantiating /home/travis/build/icyphy/ptII/ptolemy/actor/lib/test/auto/BooleanMultiplexor.xml
2 ms. Memory: 582656K Free: 142736K (24%)
----------------- Invoking toplevel() on ptolemy.moml.MoMLSimpleApplication@3c3ce2a0
----------------- Done invoking toplevel() on ptolemy.moml.MoMLSimpleApplication@3c3ce2a0
reloadAllAccessors: .BooleanMultiplexor

===========================================================================================
----------------- testing Fri Oct 12 02:28:41 UTC 2018 /home/travis/build/icyphy/ptII/ptolemy/actor/lib/test/auto/BooleanMultiplexor2.xml
----------------- Instantiating /home/travis/build/icyphy/ptII/ptolemy/actor/lib/test/auto/BooleanMultiplexor2.xml
8 ms. Memory: 582656K Free: 132969K (23%)
----------------- Invoking toplevel() on ptolemy.moml.MoMLSimpleApplication@1b4b8662
----------------- Done invoking toplevel() on ptolemy.moml.MoMLSimpleApplication@1b4b8662
reloadAllAccessors: .BooleanMultiplexor2

===========================================================================================
----------------- testing Fri Oct 12 02:28:41 UTC 2018 /home/travis/build/icyphy/ptII/ptolemy/actor/lib/test/auto/BooleanMultiplexor3.xml
----------------- Instantiating /home/travis/build/icyphy/ptII/ptolemy/actor/lib/test/auto/BooleanMultiplexor3.xml
6 ms. Memory: 582656K Free: 126463K (22%)
----------------- Invoking toplevel() on ptolemy.moml.MoMLSimpleApplication@1dd7273f
----------------- Done invoking toplevel() on ptolemy.moml.MoMLSimpleApplication@1dd7273f
reloadAllAccessors: .BooleanMultiplexor3

===========================================================================================
----------------- testing Fri Oct 12 02:28:41 UTC 2018 /home/travis/build/icyphy/ptII/ptolemy/actor/lib/test/auto/BooleanSelect.xml
----------------- Instantiating /home/travis/build/icyphy/ptII/ptolemy/actor/lib/test/auto/BooleanSelect.xml
6 ms. Memory: 582656K Free: 116688K (20%)
----------------- Invoking toplevel() on ptolemy.moml.MoMLSimpleApplication@51e48401
----------------- Done invoking toplevel() on ptolemy.moml.MoMLSimpleApplication@51e48401
reloadAllAccessors: .BooleanSelect

===========================================================================================
----------------- testing Fri Oct 12 02:28:41 UTC 2018 /home/travis/build/icyphy/ptII/ptolemy/actor/lib/test/auto/BooleanSelect2.xml
----------------- Instantiating /home/travis/build/icyphy/ptII/ptolemy/actor/lib/test/auto/BooleanSelect2.xml
1 ms. Memory: 582656K Free: 101999K (18%)
----------------- Invoking toplevel() on ptolemy.moml.MoMLSimpleApplication@4605d478
----------------- Done invoking toplevel() on ptolemy.moml.MoMLSimpleApplication@4605d478
reloadAllAccessors: .BooleanSelect2

===========================================================================================
----------------- testing Fri Oct 12 02:28:41 UTC 2018 /home/travis/build/icyphy/ptII/ptolemy/actor/lib/test/auto/BooleanSwitch.xml
----------------- Instantiating /home/travis/build/icyphy/ptII/ptolemy/actor/lib/test/auto/BooleanSwitch.xml
4 ms. Memory: 582656K Free: 92224K (16%)
----------------- Invoking toplevel() on ptolemy.moml.MoMLSimpleApplication@341c91b4
----------------- Done invoking toplevel() on ptolemy.moml.MoMLSimpleApplication@341c91b4
reloadAllAccessors: .BooleanSwitch

===========================================================================================
----------------- testing Fri Oct 12 02:28:41 UTC 2018 /home/travis/build/icyphy/ptII/ptolemy/actor/lib/test/auto/BooleanSwitch2.xml
----------------- Instantiating /home/travis/build/icyphy/ptII/ptolemy/actor/lib/test/auto/BooleanSwitch2.xml
1 ms. Memory: 582656K Free: 85719K (15%)
----------------- Invoking toplevel() on ptolemy.moml.MoMLSimpleApplication@7d56d33e
----------------- Done invoking toplevel() on ptolemy.moml.MoMLSimpleApplication@7d56d33e
reloadAllAccessors: .BooleanSwitch2

===========================================================================================
----------------- testing Fri Oct 12 02:28:41 UTC 2018 /home/travis/build/icyphy/ptII/ptolemy/actor/lib/test/auto/BooleanSwitchCloningBugWithClassRelationGroup.xml
----------------- Instantiating /home/travis/build/icyphy/ptII/ptolemy/actor/lib/test/auto/BooleanSwitchCloningBugWithClassRelationGroup.xml
3 ms. Memory: 582656K Free: 75944K (13%)
----------------- Invoking toplevel() on ptolemy.moml.MoMLSimpleApplication@65b3fb34
----------------- Done invoking toplevel() on ptolemy.moml.MoMLSimpleApplication@65b3fb34
reloadAllAccessors: .BooleanSwitchCloningBugWithClassRelationGroup

===========================================================================================
----------------- testing Fri Oct 12 02:28:41 UTC 2018 /home/travis/build/icyphy/ptII/ptolemy/actor/lib/test/auto/BusActors.xml
----------------- Instantiating /home/travis/build/icyphy/ptII/ptolemy/actor/lib/test/auto/BusActors.xml
3 ms. Memory: 582656K Free: 55343K (9%)
----------------- Invoking toplevel() on ptolemy.moml.MoMLSimpleApplication@48e73315
----------------- Done invoking toplevel() on ptolemy.moml.MoMLSimpleApplication@48e73315
reloadAllAccessors: .BusActors

===========================================================================================
----------------- testing Fri Oct 12 02:28:42 UTC 2018 /home/travis/build/icyphy/ptII/ptolemy/actor/lib/test/auto/ClassWrapper.xml
----------------- Instantiating /home/travis/build/icyphy/ptII/ptolemy/actor/lib/test/auto/ClassWrapper.xml
2 ms. Memory: 880640K Free: 830075K (94%)
----------------- Invoking toplevel() on ptolemy.moml.MoMLSimpleApplication@482e45b8
----------------- Done invoking toplevel() on ptolemy.moml.MoMLSimpleApplication@482e45b8
reloadAllAccessors: .ClassWrapper

===========================================================================================
----------------- testing Fri Oct 12 02:28:42 UTC 2018 /home/travis/build/icyphy/ptII/ptolemy/actor/lib/test/auto/Clock.xml
----------------- Instantiating /home/travis/build/icyphy/ptII/ptolemy/actor/lib/test/auto/Clock.xml
1 ms. Memory: 880640K Free: 810138K (92%)
----------------- Invoking toplevel() on ptolemy.moml.MoMLSimpleApplication@dbd8cf5
----------------- Done invoking toplevel() on ptolemy.moml.MoMLSimpleApplication@dbd8cf5
reloadAllAccessors: .Clock

===========================================================================================
----------------- testing Fri Oct 12 02:28:42 UTC 2018 /home/travis/build/icyphy/ptII/ptolemy/actor/lib/test/auto/Clock10.xml
----------------- Instantiating /home/travis/build/icyphy/ptII/ptolemy/actor/lib/test/auto/Clock10.xml
2 ms. Memory: 880640K Free: 799565K (91%)
----------------- Invoking toplevel() on ptolemy.moml.MoMLSimpleApplication@36274496
----------------- Done invoking toplevel() on ptolemy.moml.MoMLSimpleApplication@36274496
reloadAllAccessors: .Clock10

===========================================================================================
----------------- testing Fri Oct 12 02:28:42 UTC 2018 /home/travis/build/icyphy/ptII/ptolemy/actor/lib/test/auto/Clock11.xml
----------------- Instantiating /home/travis/build/icyphy/ptII/ptolemy/actor/lib/test/auto/Clock11.xml
2 ms. Memory: 880640K Free: 789155K (90%)
----------------- Invoking toplevel() on ptolemy.moml.MoMLSimpleApplication@455bfa33
----------------- Done invoking toplevel() on ptolemy.moml.MoMLSimpleApplication@455bfa33
reloadAllAccessors: .Clock11

===========================================================================================
----------------- testing Fri Oct 12 02:28:42 UTC 2018 /home/travis/build/icyphy/ptII/ptolemy/actor/lib/test/auto/Clock12.xml
----------------- Instantiating /home/travis/build/icyphy/ptII/ptolemy/actor/lib/test/auto/Clock12.xml
2 ms. Memory: 880640K Free: 778744K (88%)
----------------- Invoking toplevel() on ptolemy.moml.MoMLSimpleApplication@2e89c40
----------------- Done invoking toplevel() on ptolemy.moml.MoMLSimpleApplication@2e89c40
reloadAllAccessors: .Clock12

===========================================================================================
----------------- testing Fri Oct 12 02:28:42 UTC 2018 /home/travis/build/icyphy/ptII/ptolemy/actor/lib/test/auto/Clock13.xml
----------------- Instantiating /home/travis/build/icyphy/ptII/ptolemy/actor/lib/test/auto/Clock13.xml
6 ms. Memory: 880640K Free: 758807K (86%)
----------------- Invoking toplevel() on ptolemy.moml.MoMLSimpleApplication@298acec1
----------------- Done invoking toplevel() on ptolemy.moml.MoMLSimpleApplication@298acec1
reloadAllAccessors: .Clock13

===========================================================================================
----------------- testing Fri Oct 12 02:28:42 UTC 2018 /home/travis/build/icyphy/ptII/ptolemy/actor/lib/test/auto/Clock14.xml
----------------- Instantiating /home/travis/build/icyphy/ptII/ptolemy/actor/lib/test/auto/Clock14.xml
6 ms. Memory: 880640K Free: 748396K (85%)
----------------- Invoking toplevel() on ptolemy.moml.MoMLSimpleApplication@4eafab11
----------------- Done invoking toplevel() on ptolemy.moml.MoMLSimpleApplication@4eafab11
reloadAllAccessors: .Clock14

===========================================================================================
----------------- testing Fri Oct 12 02:28:42 UTC 2018 /home/travis/build/icyphy/ptII/ptolemy/actor/lib/test/auto/Clock15.xml
----------------- Instantiating /home/travis/build/icyphy/ptII/ptolemy/actor/lib/test/auto/Clock15.xml
6 ms. Memory: 880640K Free: 737986K (84%)
----------------- Invoking toplevel() on ptolemy.moml.MoMLSimpleApplication@2bc53ae5
----------------- Done invoking toplevel() on ptolemy.moml.MoMLSimpleApplication@2bc53ae5
reloadAllAccessors: .Clock15

===========================================================================================
----------------- testing Fri Oct 12 02:28:42 UTC 2018 /home/travis/build/icyphy/ptII/ptolemy/actor/lib/test/auto/Clock16.xml
----------------- Instantiating /home/travis/build/icyphy/ptII/ptolemy/actor/lib/test/auto/Clock16.xml
14 ms. Memory: 880640K Free: 717140K (81%)
----------------- Invoking toplevel() on ptolemy.moml.MoMLSimpleApplication@3e18b738
----------------- Done invoking toplevel() on ptolemy.moml.MoMLSimpleApplication@3e18b738
reloadAllAccessors: .Clock16

===========================================================================================
----------------- testing Fri Oct 12 02:28:42 UTC 2018 /home/travis/build/icyphy/ptII/ptolemy/actor/lib/test/auto/Clock17.xml
----------------- Instantiating /home/travis/build/icyphy/ptII/ptolemy/actor/lib/test/auto/Clock17.xml
11 ms. Memory: 880640K Free: 691982K (79%)
----------------- Invoking toplevel() on ptolemy.moml.MoMLSimpleApplication@fab7bf9
----------------- Done invoking toplevel() on ptolemy.moml.MoMLSimpleApplication@fab7bf9
reloadAllAccessors: .Clock17

===========================================================================================
----------------- testing Fri Oct 12 02:28:42 UTC 2018 /home/travis/build/icyphy/ptII/ptolemy/actor/lib/test/auto/Clock18.xml
----------------- Instantiating /home/travis/build/icyphy/ptII/ptolemy/actor/lib/test/auto/Clock18.xml
13 ms. Memory: 880640K Free: 676366K (77%)
----------------- Invoking toplevel() on ptolemy.moml.MoMLSimpleApplication@4fd03e02
----------------- Done invoking toplevel() on ptolemy.moml.MoMLSimpleApplication@4fd03e02
reloadAllAccessors: .Clock18

===========================================================================================
----------------- testing Fri Oct 12 02:28:42 UTC 2018 /home/travis/build/icyphy/ptII/ptolemy/actor/lib/test/auto/Clock19.xml
----------------- Instantiating /home/travis/build/icyphy/ptII/ptolemy/actor/lib/test/auto/Clock19.xml
12 ms. Memory: 880640K Free: 660734K (75%)
----------------- Invoking toplevel() on ptolemy.moml.MoMLSimpleApplication@71b83a81
----------------- Done invoking toplevel() on ptolemy.moml.MoMLSimpleApplication@71b83a81
reloadAllAccessors: .Clock19

===========================================================================================
----------------- testing Fri Oct 12 02:28:42 UTC 2018 /home/travis/build/icyphy/ptII/ptolemy/actor/lib/test/auto/Clock2.xml
----------------- Instantiating /home/travis/build/icyphy/ptII/ptolemy/actor/lib/test/auto/Clock2.xml
6 ms. Memory: 880640K Free: 650324K (74%)
----------------- Invoking toplevel() on ptolemy.moml.MoMLSimpleApplication@7f34fd69
----------------- Done invoking toplevel() on ptolemy.moml.MoMLSimpleApplication@7f34fd69
reloadAllAccessors: .Clock2

===========================================================================================
----------------- testing Fri Oct 12 02:28:42 UTC 2018 /home/travis/build/icyphy/ptII/ptolemy/actor/lib/test/auto/Clock20.xml
----------------- Instantiating /home/travis/build/icyphy/ptII/ptolemy/actor/lib/test/auto/Clock20.xml
6 ms. Memory: 880640K Free: 630387K (72%)
----------------- Invoking toplevel() on ptolemy.moml.MoMLSimpleApplication@2a827e60
----------------- Done invoking toplevel() on ptolemy.moml.MoMLSimpleApplication@2a827e60
reloadAllAccessors: .Clock20

===========================================================================================
----------------- testing Fri Oct 12 02:28:42 UTC 2018 /home/travis/build/icyphy/ptII/ptolemy/actor/lib/test/auto/Clock21.xml
----------------- Instantiating /home/travis/build/icyphy/ptII/ptolemy/actor/lib/test/auto/Clock21.xml
2 ms. Memory: 880640K Free: 619976K (70%)
----------------- Invoking toplevel() on ptolemy.moml.MoMLSimpleApplication@3b523cb7
----------------- Done invoking toplevel() on ptolemy.moml.MoMLSimpleApplication@3b523cb7
reloadAllAccessors: .Clock21

===========================================================================================
----------------- testing Fri Oct 12 02:28:42 UTC 2018 /home/travis/build/icyphy/ptII/ptolemy/actor/lib/test/auto/Clock22.xml
----------------- Instantiating /home/travis/build/icyphy/ptII/ptolemy/actor/lib/test/auto/Clock22.xml
2 ms. Memory: 880640K Free: 609565K (69%)
----------------- Invoking toplevel() on ptolemy.moml.MoMLSimpleApplication@52e79629
----------------- Done invoking toplevel() on ptolemy.moml.MoMLSimpleApplication@52e79629
reloadAllAccessors: .Clock22

===========================================================================================
----------------- testing Fri Oct 12 02:28:42 UTC 2018 /home/travis/build/icyphy/ptII/ptolemy/actor/lib/test/auto/Clock23.xml
----------------- Instantiating /home/travis/build/icyphy/ptII/ptolemy/actor/lib/test/auto/Clock23.xml
2 ms. Memory: 880640K Free: 599155K (68%)
----------------- Invoking toplevel() on ptolemy.moml.MoMLSimpleApplication@2b81d77a
----------------- Done invoking toplevel() on ptolemy.moml.MoMLSimpleApplication@2b81d77a
reloadAllAccessors: .Clock23

===========================================================================================
----------------- testing Fri Oct 12 02:28:42 UTC 2018 /home/travis/build/icyphy/ptII/ptolemy/actor/lib/test/auto/Clock24.xml
----------------- Instantiating /home/travis/build/icyphy/ptII/ptolemy/actor/lib/test/auto/Clock24.xml
3 ms. Memory: 880640K Free: 579218K (66%)
----------------- Invoking toplevel() on ptolemy.moml.MoMLSimpleApplication@d6232a3
----------------- Done invoking toplevel() on ptolemy.moml.MoMLSimpleApplication@d6232a3
reloadAllAccessors: .Clock24

===========================================================================================
----------------- testing Fri Oct 12 02:28:42 UTC 2018 /home/travis/build/icyphy/ptII/ptolemy/actor/lib/test/auto/Clock4.xml
----------------- Instantiating /home/travis/build/icyphy/ptII/ptolemy/actor/lib/test/auto/Clock4.xml
1 ms. Memory: 880640K Free: 568808K (65%)
----------------- Invoking toplevel() on ptolemy.moml.MoMLSimpleApplication@6113b088
----------------- Done invoking toplevel() on ptolemy.moml.MoMLSimpleApplication@6113b088
reloadAllAccessors: .Clock4

===========================================================================================
----------------- testing Fri Oct 12 02:28:42 UTC 2018 /home/travis/build/icyphy/ptII/ptolemy/actor/lib/test/auto/Clock5.xml
----------------- Instantiating /home/travis/build/icyphy/ptII/ptolemy/actor/lib/test/auto/Clock5.xml
1 ms. Memory: 880640K Free: 558397K (63%)
----------------- Invoking toplevel() on ptolemy.moml.MoMLSimpleApplication@f85209b
----------------- Done invoking toplevel() on ptolemy.moml.MoMLSimpleApplication@f85209b
reloadAllAccessors: .Clock5

===========================================================================================
----------------- testing Fri Oct 12 02:28:42 UTC 2018 /home/travis/build/icyphy/ptII/ptolemy/actor/lib/test/auto/Clock6.xml
----------------- Instantiating /home/travis/build/icyphy/ptII/ptolemy/actor/lib/test/auto/Clock6.xml
1 ms. Memory: 880640K Free: 547986K (62%)
----------------- Invoking toplevel() on ptolemy.moml.MoMLSimpleApplication@6cbee803
----------------- Done invoking toplevel() on ptolemy.moml.MoMLSimpleApplication@6cbee803
reloadAllAccessors: .Clock6

===========================================================================================
----------------- testing Fri Oct 12 02:28:42 UTC 2018 /home/travis/build/icyphy/ptII/ptolemy/actor/lib/test/auto/Clock7.xml
----------------- Instantiating /home/travis/build/icyphy/ptII/ptolemy/actor/lib/test/auto/Clock7.xml
2 ms. Memory: 880640K Free: 537576K (61%)
----------------- Invoking toplevel() on ptolemy.moml.MoMLSimpleApplication@766536e9
----------------- Done invoking toplevel() on ptolemy.moml.MoMLSimpleApplication@766536e9
reloadAllAccessors: .Clock7

===========================================================================================
----------------- testing Fri Oct 12 02:28:42 UTC 2018 /home/travis/build/icyphy/ptII/ptolemy/actor/lib/test/auto/Clock8.xml
----------------- Instantiating /home/travis/build/icyphy/ptII/ptolemy/actor/lib/test/auto/Clock8.xml
2 ms. Memory: 880640K Free: 517639K (59%)
----------------- Invoking toplevel() on ptolemy.moml.MoMLSimpleApplication@5d31aafd
----------------- Done invoking toplevel() on ptolemy.moml.MoMLSimpleApplication@5d31aafd
reloadAllAccessors: .Clock8

===========================================================================================
----------------- testing Fri Oct 12 02:28:42 UTC 2018 /home/travis/build/icyphy/ptII/ptolemy/actor/lib/test/auto/Clock9.xml
----------------- Instantiating /home/travis/build/icyphy/ptII/ptolemy/actor/lib/test/auto/Clock9.xml
6 ms. Memory: 880640K Free: 507228K (58%)
----------------- Invoking toplevel() on ptolemy.moml.MoMLSimpleApplication@648f4ab3
----------------- Done invoking toplevel() on ptolemy.moml.MoMLSimpleApplication@648f4ab3
reloadAllAccessors: .Clock9

===========================================================================================
----------------- testing Fri Oct 12 02:28:42 UTC 2018 /home/travis/build/icyphy/ptII/ptolemy/actor/lib/test/auto/CommDistDiscard.xml
----------------- Instantiating /home/travis/build/icyphy/ptII/ptolemy/actor/lib/test/auto/CommDistDiscard.xml
4 ms. Memory: 880640K Free: 496817K (56%)
----------------- Invoking toplevel() on ptolemy.moml.MoMLSimpleApplication@6a79c7bf
----------------- Done invoking toplevel() on ptolemy.moml.MoMLSimpleApplication@6a79c7bf
reloadAllAccessors: .CommDistDiscard

===========================================================================================
----------------- testing Fri Oct 12 02:28:42 UTC 2018 /home/travis/build/icyphy/ptII/ptolemy/actor/lib/test/auto/Commutator.xml
----------------- Instantiating /home/travis/build/icyphy/ptII/ptolemy/actor/lib/test/auto/Commutator.xml
2 ms. Memory: 880640K Free: 486407K (55%)
----------------- Invoking toplevel() on ptolemy.moml.MoMLSimpleApplication@29e4a124
----------------- Done invoking toplevel() on ptolemy.moml.MoMLSimpleApplication@29e4a124
reloadAllAccessors: .Commutator

===========================================================================================
----------------- testing Fri Oct 12 02:28:42 UTC 2018 /home/travis/build/icyphy/ptII/ptolemy/actor/lib/test/auto/Commutator2.xml
----------------- Instantiating /home/travis/build/icyphy/ptII/ptolemy/actor/lib/test/auto/Commutator2.xml
1 ms. Memory: 880640K Free: 466470K (53%)
----------------- Invoking toplevel() on ptolemy.moml.MoMLSimpleApplication@5ae4a5b4
----------------- Done invoking toplevel() on ptolemy.moml.MoMLSimpleApplication@5ae4a5b4
reloadAllAccessors: .Commutator2

===========================================================================================
----------------- testing Fri Oct 12 02:28:42 UTC 2018 /home/travis/build/icyphy/ptII/ptolemy/actor/lib/test/auto/Commutator3.xml
----------------- Instantiating /home/travis/build/icyphy/ptII/ptolemy/actor/lib/test/auto/Commutator3.xml
1 ms. Memory: 880640K Free: 456059K (52%)
----------------- Invoking toplevel() on ptolemy.moml.MoMLSimpleApplication@26db6a1
----------------- Done invoking toplevel() on ptolemy.moml.MoMLSimpleApplication@26db6a1
reloadAllAccessors: .Commutator3

===========================================================================================
----------------- testing Fri Oct 12 02:28:42 UTC 2018 /home/travis/build/icyphy/ptII/ptolemy/actor/lib/test/auto/Compare.xml
----------------- Instantiating /home/travis/build/icyphy/ptII/ptolemy/actor/lib/test/auto/Compare.xml
1 ms. Memory: 880640K Free: 445648K (51%)
----------------- Invoking toplevel() on ptolemy.moml.MoMLSimpleApplication@355b02f3
----------------- Done invoking toplevel() on ptolemy.moml.MoMLSimpleApplication@355b02f3
reloadAllAccessors: .Compare

===========================================================================================
----------------- testing Fri Oct 12 02:28:42 UTC 2018 /home/travis/build/icyphy/ptII/ptolemy/actor/lib/test/auto/CompareDE.xml
----------------- Instantiating /home/travis/build/icyphy/ptII/ptolemy/actor/lib/test/auto/CompareDE.xml
3 ms. Memory: 880640K Free: 435238K (49%)
----------------- Invoking toplevel() on ptolemy.moml.MoMLSimpleApplication@67f8f43e
----------------- Done invoking toplevel() on ptolemy.moml.MoMLSimpleApplication@67f8f43e
reloadAllAccessors: .CompareDE

===========================================================================================
----------------- testing Fri Oct 12 02:28:42 UTC 2018 /home/travis/build/icyphy/ptII/ptolemy/actor/lib/test/auto/ComplexDivide.xml
----------------- Instantiating /home/travis/build/icyphy/ptII/ptolemy/actor/lib/test/auto/ComplexDivide.xml
2 ms. Memory: 880640K Free: 415301K (47%)
----------------- Invoking toplevel() on ptolemy.moml.MoMLSimpleApplication@507b38c9
----------------- Done invoking toplevel() on ptolemy.moml.MoMLSimpleApplication@507b38c9
reloadAllAccessors: .ComplexDivide

===========================================================================================
----------------- testing Fri Oct 12 02:28:42 UTC 2018 /home/travis/build/icyphy/ptII/ptolemy/actor/lib/test/auto/ComputeHistogram.xml
----------------- Instantiating /home/travis/build/icyphy/ptII/ptolemy/actor/lib/test/auto/ComputeHistogram.xml
31 ms. Memory: 880640K Free: 399685K (45%)
----------------- Invoking toplevel() on ptolemy.moml.MoMLSimpleApplication@62357032
----------------- Done invoking toplevel() on ptolemy.moml.MoMLSimpleApplication@62357032
reloadAllAccessors: .ComputeHistogram

===========================================================================================
----------------- testing Fri Oct 12 02:28:42 UTC 2018 /home/travis/build/icyphy/ptII/ptolemy/actor/lib/test/auto/ConfigurationSelect.xml
----------------- Instantiating /home/travis/build/icyphy/ptII/ptolemy/actor/lib/test/auto/ConfigurationSelect.xml
2 ms. Memory: 880640K Free: 389274K (44%)
----------------- Invoking toplevel() on ptolemy.moml.MoMLSimpleApplication@80067d
----------------- Done invoking toplevel() on ptolemy.moml.MoMLSimpleApplication@80067d
reloadAllAccessors: .ConfigurationSelect

===========================================================================================
----------------- testing Fri Oct 12 02:28:42 UTC 2018 /home/travis/build/icyphy/ptII/ptolemy/actor/lib/test/auto/ConfigurationSelect2.xml
----------------- Instantiating /home/travis/build/icyphy/ptII/ptolemy/actor/lib/test/auto/ConfigurationSelect2.xml
2 ms. Memory: 880640K Free: 378864K (43%)
----------------- Invoking toplevel() on ptolemy.moml.MoMLSimpleApplication@3b2c06a6
----------------- Done invoking toplevel() on ptolemy.moml.MoMLSimpleApplication@3b2c06a6
reloadAllAccessors: .ConfigurationSelect2

===========================================================================================
----------------- testing Fri Oct 12 02:28:42 UTC 2018 /home/travis/build/icyphy/ptII/ptolemy/actor/lib/test/auto/ConfigurationSwitch.xml
----------------- Instantiating /home/travis/build/icyphy/ptII/ptolemy/actor/lib/test/auto/ConfigurationSwitch.xml
6 ms. Memory: 880640K Free: 358927K (41%)
----------------- Invoking toplevel() on ptolemy.moml.MoMLSimpleApplication@6ee408e5
----------------- Done invoking toplevel() on ptolemy.moml.MoMLSimpleApplication@6ee408e5
reloadAllAccessors: .ConfigurationSwitch

===========================================================================================
----------------- testing Fri Oct 12 02:28:42 UTC 2018 /home/travis/build/icyphy/ptII/ptolemy/actor/lib/test/auto/ConfigurationSwitch2.xml
----------------- Instantiating /home/travis/build/icyphy/ptII/ptolemy/actor/lib/test/auto/ConfigurationSwitch2.xml
3 ms. Memory: 880640K Free: 348516K (40%)
----------------- Invoking toplevel() on ptolemy.moml.MoMLSimpleApplication@47a7a096
----------------- Done invoking toplevel() on ptolemy.moml.MoMLSimpleApplication@47a7a096
reloadAllAccessors: .ConfigurationSwitch2

===========================================================================================
----------------- testing Fri Oct 12 02:28:42 UTC 2018 /home/travis/build/icyphy/ptII/ptolemy/actor/lib/test/auto/ConfigurationSwitchCloningBugWithClassRelationGroup.xml
----------------- Instantiating /home/travis/build/icyphy/ptII/ptolemy/actor/lib/test/auto/ConfigurationSwitchCloningBugWithClassRelationGroup.xml
2 ms. Memory: 880640K Free: 338106K (38%)
----------------- Invoking toplevel() on ptolemy.moml.MoMLSimpleApplication@20dcfe73
----------------- Done invoking toplevel() on ptolemy.moml.MoMLSimpleApplication@20dcfe73
reloadAllAccessors: .ConfigurationSwitchCloningBugWithClassRelationGroup

===========================================================================================
----------------- testing Fri Oct 12 02:28:42 UTC 2018 /home/travis/build/icyphy/ptII/ptolemy/actor/lib/test/auto/ConfigurationSwitchSelectSDF.xml
----------------- Instantiating /home/travis/build/icyphy/ptII/ptolemy/actor/lib/test/auto/ConfigurationSwitchSelectSDF.xml
2 ms. Memory: 880640K Free: 327695K (37%)
----------------- Invoking toplevel() on ptolemy.moml.MoMLSimpleApplication@5c341765
----------------- Done invoking toplevel() on ptolemy.moml.MoMLSimpleApplication@5c341765
reloadAllAccessors: .ConfigurationSwitchSelectSDF

===========================================================================================
----------------- testing Fri Oct 12 02:28:43 UTC 2018 /home/travis/build/icyphy/ptII/ptolemy/actor/lib/test/auto/ConfigurationSwitchSelectSDF2.xml
----------------- Instantiating /home/travis/build/icyphy/ptII/ptolemy/actor/lib/test/auto/ConfigurationSwitchSelectSDF2.xml
3 ms. Memory: 880640K Free: 307758K (35%)
----------------- Invoking toplevel() on ptolemy.moml.MoMLSimpleApplication@11ddcae9
----------------- Done invoking toplevel() on ptolemy.moml.MoMLSimpleApplication@11ddcae9
reloadAllAccessors: .ConfigurationSwitchSelectSDF2

===========================================================================================
----------------- testing Fri Oct 12 02:28:43 UTC 2018 /home/travis/build/icyphy/ptII/ptolemy/actor/lib/test/auto/Const.xml
----------------- Instantiating /home/travis/build/icyphy/ptII/ptolemy/actor/lib/test/auto/Const.xml
1 ms. Memory: 880640K Free: 297348K (34%)
----------------- Invoking toplevel() on ptolemy.moml.MoMLSimpleApplication@69f2b7e1
----------------- Done invoking toplevel() on ptolemy.moml.MoMLSimpleApplication@69f2b7e1
reloadAllAccessors: .Const

===========================================================================================
----------------- testing Fri Oct 12 02:28:43 UTC 2018 /home/travis/build/icyphy/ptII/ptolemy/actor/lib/test/auto/Const2.xml
----------------- Instantiating /home/travis/build/icyphy/ptII/ptolemy/actor/lib/test/auto/Const2.xml
2 ms. Memory: 880640K Free: 286937K (33%)
----------------- Invoking toplevel() on ptolemy.moml.MoMLSimpleApplication@3f60ab49
----------------- Done invoking toplevel() on ptolemy.moml.MoMLSimpleApplication@3f60ab49
reloadAllAccessors: .Const2

===========================================================================================
----------------- testing Fri Oct 12 02:28:43 UTC 2018 /home/travis/build/icyphy/ptII/ptolemy/actor/lib/test/auto/Const3.xml
----------------- Instantiating /home/travis/build/icyphy/ptII/ptolemy/actor/lib/test/auto/Const3.xml
1 ms. Memory: 880640K Free: 276526K (31%)
----------------- Invoking toplevel() on ptolemy.moml.MoMLSimpleApplication@5e146dbc
----------------- Done invoking toplevel() on ptolemy.moml.MoMLSimpleApplication@5e146dbc
reloadAllAccessors: .Const3

===========================================================================================
----------------- testing Fri Oct 12 02:28:43 UTC 2018 /home/travis/build/icyphy/ptII/ptolemy/actor/lib/test/auto/ConstantPublisherPort1.xml
----------------- Instantiating /home/travis/build/icyphy/ptII/ptolemy/actor/lib/test/auto/ConstantPublisherPort1.xml
8 ms. Memory: 880640K Free: 260894K (30%)
----------------- Invoking toplevel() on ptolemy.moml.MoMLSimpleApplication@5cc84cc6
----------------- Done invoking toplevel() on ptolemy.moml.MoMLSimpleApplication@5cc84cc6
reloadAllAccessors: .ConstantPublisherPort1

===========================================================================================
----------------- testing Fri Oct 12 02:28:43 UTC 2018 /home/travis/build/icyphy/ptII/ptolemy/actor/lib/test/auto/ConstantPublisherPort2.xml
----------------- Instantiating /home/travis/build/icyphy/ptII/ptolemy/actor/lib/test/auto/ConstantPublisherPort2.xml
10 ms. Memory: 880640K Free: 235752K (27%)
----------------- Invoking toplevel() on ptolemy.moml.MoMLSimpleApplication@54e0f05a
----------------- Done invoking toplevel() on ptolemy.moml.MoMLSimpleApplication@54e0f05a
reloadAllAccessors: .ConstantPublisherPort2

===========================================================================================
----------------- testing Fri Oct 12 02:28:43 UTC 2018 /home/travis/build/icyphy/ptII/ptolemy/actor/lib/test/auto/ConstantPublisherPort3.xml
----------------- Instantiating /home/travis/build/icyphy/ptII/ptolemy/actor/lib/test/auto/ConstantPublisherPort3.xml
8 ms. Memory: 880640K Free: 225341K (26%)
----------------- Invoking toplevel() on ptolemy.moml.MoMLSimpleApplication@3e0ac078
----------------- Done invoking toplevel() on ptolemy.moml.MoMLSimpleApplication@3e0ac078
reloadAllAccessors: .ConstantPublisherPort3

===========================================================================================
----------------- testing Fri Oct 12 02:28:43 UTC 2018 /home/travis/build/icyphy/ptII/ptolemy/actor/lib/test/auto/ConstantPublisherPort4.xml
----------------- Instantiating /home/travis/build/icyphy/ptII/ptolemy/actor/lib/test/auto/ConstantPublisherPort4.xml
2 ms. Memory: 880640K Free: 214931K (24%)
----------------- Invoking toplevel() on ptolemy.moml.MoMLSimpleApplication@9d2c186
----------------- Done invoking toplevel() on ptolemy.moml.MoMLSimpleApplication@9d2c186
reloadAllAccessors: .ConstantPublisherPort4

===========================================================================================
----------------- testing Fri Oct 12 02:28:43 UTC 2018 /home/travis/build/icyphy/ptII/ptolemy/actor/lib/test/auto/ConstantPublisherPort5.xml
----------------- Instantiating /home/travis/build/icyphy/ptII/ptolemy/actor/lib/test/auto/ConstantPublisherPort5.xml
25 ms. Memory: 880640K Free: 188904K (21%)
----------------- Invoking toplevel() on ptolemy.moml.MoMLSimpleApplication@5c6bb641
----------------- Done invoking toplevel() on ptolemy.moml.MoMLSimpleApplication@5c6bb641
reloadAllAccessors: .ConstantPublisherPort5

===========================================================================================
----------------- testing Fri Oct 12 02:28:43 UTC 2018 /home/travis/build/icyphy/ptII/ptolemy/actor/lib/test/auto/ConstantPublisherPort6.xml
----------------- Instantiating /home/travis/build/icyphy/ptII/ptolemy/actor/lib/test/auto/ConstantPublisherPort6.xml
20 ms. Memory: 880640K Free: 153351K (17%)
----------------- Invoking toplevel() on ptolemy.moml.MoMLSimpleApplication@7c840dd2
----------------- Done invoking toplevel() on ptolemy.moml.MoMLSimpleApplication@7c840dd2
reloadAllAccessors: .ConstantPublisherPort6

===========================================================================================
----------------- testing Fri Oct 12 02:28:43 UTC 2018 /home/travis/build/icyphy/ptII/ptolemy/actor/lib/test/auto/ConstantPublisherPort7.xml
----------------- Instantiating /home/travis/build/icyphy/ptII/ptolemy/actor/lib/test/auto/ConstantPublisherPort7.xml
14 ms. Memory: 880640K Free: 127324K (14%)
----------------- Invoking toplevel() on ptolemy.moml.MoMLSimpleApplication@53eff9a5
----------------- Done invoking toplevel() on ptolemy.moml.MoMLSimpleApplication@53eff9a5
reloadAllAccessors: .ConstantPublisherPort7

===========================================================================================
----------------- testing Fri Oct 12 02:28:43 UTC 2018 /home/travis/build/icyphy/ptII/ptolemy/actor/lib/test/auto/ConstraintMonitor1.xml
----------------- Instantiating /home/travis/build/icyphy/ptII/ptolemy/actor/lib/test/auto/ConstraintMonitor1.xml
5 ms. Memory: 880640K Free: 116913K (13%)
----------------- Invoking toplevel() on ptolemy.moml.MoMLSimpleApplication@71414ce7
----------------- Done invoking toplevel() on ptolemy.moml.MoMLSimpleApplication@71414ce7
reloadAllAccessors: .ConstraintMonitor1

===========================================================================================
----------------- testing Fri Oct 12 02:28:43 UTC 2018 /home/travis/build/icyphy/ptII/ptolemy/actor/lib/test/auto/ConstraintMonitor2.xml
----------------- Instantiating /home/travis/build/icyphy/ptII/ptolemy/actor/lib/test/auto/ConstraintMonitor2.xml
1 ms. Memory: 880640K Free: 106503K (12%)
----------------- Invoking toplevel() on ptolemy.moml.MoMLSimpleApplication@6045eead
----------------- Done invoking toplevel() on ptolemy.moml.MoMLSimpleApplication@6045eead
reloadAllAccessors: .ConstraintMonitor2

===========================================================================================
----------------- testing Fri Oct 12 02:28:43 UTC 2018 /home/travis/build/icyphy/ptII/ptolemy/actor/lib/test/auto/ConstraintMonitor3.xml
----------------- Instantiating /home/travis/build/icyphy/ptII/ptolemy/actor/lib/test/auto/ConstraintMonitor3.xml
2 ms. Memory: 880640K Free: 86566K (10%)
----------------- Invoking toplevel() on ptolemy.moml.MoMLSimpleApplication@3d54ad8d
----------------- Done invoking toplevel() on ptolemy.moml.MoMLSimpleApplication@3d54ad8d
reloadAllAccessors: .ConstraintMonitor3

===========================================================================================
----------------- testing Fri Oct 12 02:28:43 UTC 2018 /home/travis/build/icyphy/ptII/ptolemy/actor/lib/test/auto/ConstraintMonitor4.xml
----------------- Instantiating /home/travis/build/icyphy/ptII/ptolemy/actor/lib/test/auto/ConstraintMonitor4.xml
2 ms. Memory: 880640K Free: 76156K (9%)
----------------- Invoking toplevel() on ptolemy.moml.MoMLSimpleApplication@2f579e3e
----------------- Done invoking toplevel() on ptolemy.moml.MoMLSimpleApplication@2f579e3e
reloadAllAccessors: .ConstraintMonitor4

===========================================================================================
----------------- testing Fri Oct 12 02:28:43 UTC 2018 /home/travis/build/icyphy/ptII/ptolemy/actor/lib/test/auto/ConstraintMonitor5.xml
----------------- Instantiating /home/travis/build/icyphy/ptII/ptolemy/actor/lib/test/auto/ConstraintMonitor5.xml
1 ms. Memory: 880640K Free: 65745K (7%)
----------------- Invoking toplevel() on ptolemy.moml.MoMLSimpleApplication@355de434
----------------- Done invoking toplevel() on ptolemy.moml.MoMLSimpleApplication@355de434
reloadAllAccessors: .ConstraintMonitor5

===========================================================================================
----------------- testing Fri Oct 12 02:28:43 UTC 2018 /home/travis/build/icyphy/ptII/ptolemy/actor/lib/test/auto/ConstraintMonitor6.xml
----------------- Instantiating /home/travis/build/icyphy/ptII/ptolemy/actor/lib/test/auto/ConstraintMonitor6.xml
25 ms. Memory: 881664K Free: 838316K (95%)
----------------- Invoking toplevel() on ptolemy.moml.MoMLSimpleApplication@209545d7
----------------- Done invoking toplevel() on ptolemy.moml.MoMLSimpleApplication@209545d7
reloadAllAccessors: .ConstraintMonitor6

===========================================================================================
----------------- testing Fri Oct 12 02:28:43 UTC 2018 /home/travis/build/icyphy/ptII/ptolemy/actor/lib/test/auto/ConstraintMonitor7.xml
----------------- Instantiating /home/travis/build/icyphy/ptII/ptolemy/actor/lib/test/auto/ConstraintMonitor7.xml
7 ms. Memory: 881664K Free: 811888K (92%)
----------------- Invoking toplevel() on ptolemy.moml.MoMLSimpleApplication@30230869
----------------- Done invoking toplevel() on ptolemy.moml.MoMLSimpleApplication@30230869
reloadAllAccessors: .ConstraintMonitor7

===========================================================================================
----------------- testing Fri Oct 12 02:28:43 UTC 2018 /home/travis/build/icyphy/ptII/ptolemy/actor/lib/test/auto/ConstraintMonitor8.xml
----------------- Instantiating /home/travis/build/icyphy/ptII/ptolemy/actor/lib/test/auto/ConstraintMonitor8.xml
2 ms. Memory: 881664K Free: 800168K (91%)
----------------- Invoking toplevel() on ptolemy.moml.MoMLSimpleApplication@2170b48
----------------- Done invoking toplevel() on ptolemy.moml.MoMLSimpleApplication@2170b48
reloadAllAccessors: .ConstraintMonitor8

===========================================================================================
----------------- testing Fri Oct 12 02:28:43 UTC 2018 /home/travis/build/icyphy/ptII/ptolemy/actor/lib/test/auto/Counter.xml
----------------- Instantiating /home/travis/build/icyphy/ptII/ptolemy/actor/lib/test/auto/Counter.xml
2 ms. Memory: 881664K Free: 792254K (90%)
----------------- Invoking toplevel() on ptolemy.moml.MoMLSimpleApplication@47f53c3
----------------- Done invoking toplevel() on ptolemy.moml.MoMLSimpleApplication@47f53c3
reloadAllAccessors: .Counter

===========================================================================================
----------------- testing Fri Oct 12 02:28:43 UTC 2018 /home/travis/build/icyphy/ptII/ptolemy/actor/lib/test/auto/CurrentTimeSDF.xml
----------------- Instantiating /home/travis/build/icyphy/ptII/ptolemy/actor/lib/test/auto/CurrentTimeSDF.xml
2 ms. Memory: 881664K Free: 777425K (88%)
----------------- Invoking toplevel() on ptolemy.moml.MoMLSimpleApplication@3a215a59
----------------- Done invoking toplevel() on ptolemy.moml.MoMLSimpleApplication@3a215a59
reloadAllAccessors: .CurrentTimeSDF

===========================================================================================
----------------- testing Fri Oct 12 02:28:43 UTC 2018 /home/travis/build/icyphy/ptII/ptolemy/actor/lib/test/auto/DB.xml
----------------- Instantiating /home/travis/build/icyphy/ptII/ptolemy/actor/lib/test/auto/DB.xml
2 ms. Memory: 881664K Free: 769616K (87%)
----------------- Invoking toplevel() on ptolemy.moml.MoMLSimpleApplication@40409c08
----------------- Done invoking toplevel() on ptolemy.moml.MoMLSimpleApplication@40409c08
reloadAllAccessors: .DB

===========================================================================================
----------------- testing Fri Oct 12 02:28:43 UTC 2018 /home/travis/build/icyphy/ptII/ptolemy/actor/lib/test/auto/DBDE.xml
----------------- Instantiating /home/travis/build/icyphy/ptII/ptolemy/actor/lib/test/auto/DBDE.xml
2 ms. Memory: 881664K Free: 757896K (86%)
----------------- Invoking toplevel() on ptolemy.moml.MoMLSimpleApplication@6268b93f
----------------- Done invoking toplevel() on ptolemy.moml.MoMLSimpleApplication@6268b93f
reloadAllAccessors: .DBDE

===========================================================================================
----------------- testing Fri Oct 12 02:28:43 UTC 2018 /home/travis/build/icyphy/ptII/ptolemy/actor/lib/test/auto/DateConstructor.xml
----------------- Instantiating /home/travis/build/icyphy/ptII/ptolemy/actor/lib/test/auto/DateConstructor.xml
16 ms. Memory: 881664K Free: 731322K (83%)
----------------- Invoking toplevel() on ptolemy.moml.MoMLSimpleApplication@2d143b2
----------------- Done invoking toplevel() on ptolemy.moml.MoMLSimpleApplication@2d143b2
reloadAllAccessors: .DateConstructor

===========================================================================================
----------------- testing Fri Oct 12 02:28:43 UTC 2018 /home/travis/build/icyphy/ptII/ptolemy/actor/lib/test/auto/DelayTime.xml
----------------- Instantiating /home/travis/build/icyphy/ptII/ptolemy/actor/lib/test/auto/DelayTime.xml
3 ms. Memory: 881664K Free: 723514K (82%)
----------------- Invoking toplevel() on ptolemy.moml.MoMLSimpleApplication@51120f62
----------------- Done invoking toplevel() on ptolemy.moml.MoMLSimpleApplication@51120f62
reloadAllAccessors: .DelayTime

===========================================================================================
----------------- testing Fri Oct 12 02:28:43 UTC 2018 /home/travis/build/icyphy/ptII/ptolemy/actor/lib/test/auto/Dictionary1.xml
----------------- Instantiating /home/travis/build/icyphy/ptII/ptolemy/actor/lib/test/auto/Dictionary1.xml
1 ms. Memory: 881664K Free: 715706K (81%)
----------------- Invoking toplevel() on ptolemy.moml.MoMLSimpleApplication@1225c3df
----------------- Done invoking toplevel() on ptolemy.moml.MoMLSimpleApplication@1225c3df
reloadAllAccessors: .Dictionary1

===========================================================================================
----------------- testing Fri Oct 12 02:28:43 UTC 2018 /home/travis/build/icyphy/ptII/ptolemy/actor/lib/test/auto/Dictionary2.xml
----------------- Instantiating /home/travis/build/icyphy/ptII/ptolemy/actor/lib/test/auto/Dictionary2.xml
3 ms. Memory: 881664K Free: 700877K (79%)
----------------- Invoking toplevel() on ptolemy.moml.MoMLSimpleApplication@3cd0fe18
----------------- Done invoking toplevel() on ptolemy.moml.MoMLSimpleApplication@3cd0fe18
reloadAllAccessors: .Dictionary2

===========================================================================================
----------------- testing Fri Oct 12 02:28:43 UTC 2018 /home/travis/build/icyphy/ptII/ptolemy/actor/lib/test/auto/Dictionary3.xml
----------------- Instantiating /home/travis/build/icyphy/ptII/ptolemy/actor/lib/test/auto/Dictionary3.xml
1 ms. Memory: 881664K Free: 693069K (79%)
----------------- Invoking toplevel() on ptolemy.moml.MoMLSimpleApplication@648fc70e
----------------- Done invoking toplevel() on ptolemy.moml.MoMLSimpleApplication@648fc70e
reloadAllAccessors: .Dictionary3

===========================================================================================
----------------- testing Fri Oct 12 02:28:43 UTC 2018 /home/travis/build/icyphy/ptII/ptolemy/actor/lib/test/auto/Dictionary4.xml
----------------- Instantiating /home/travis/build/icyphy/ptII/ptolemy/actor/lib/test/auto/Dictionary4.xml
2 ms. Memory: 881664K Free: 681340K (77%)
----------------- Invoking toplevel() on ptolemy.moml.MoMLSimpleApplication@4b99fc5d
----------------- Done invoking toplevel() on ptolemy.moml.MoMLSimpleApplication@4b99fc5d
reloadAllAccessors: .Dictionary4

===========================================================================================
----------------- testing Fri Oct 12 02:28:43 UTC 2018 /home/travis/build/icyphy/ptII/ptolemy/actor/lib/test/auto/Differential.xml
----------------- Instantiating /home/travis/build/icyphy/ptII/ptolemy/actor/lib/test/auto/Differential.xml
2 ms. Memory: 881664K Free: 666511K (76%)
----------------- Invoking toplevel() on ptolemy.moml.MoMLSimpleApplication@6ec57804
----------------- Done invoking toplevel() on ptolemy.moml.MoMLSimpleApplication@6ec57804
reloadAllAccessors: .Differential

===========================================================================================
----------------- testing Fri Oct 12 02:28:43 UTC 2018 /home/travis/build/icyphy/ptII/ptolemy/actor/lib/test/auto/Director.xml
----------------- Instantiating /home/travis/build/icyphy/ptII/ptolemy/actor/lib/test/auto/Director.xml
2 ms. Memory: 881664K Free: 658703K (75%)
----------------- Invoking toplevel() on ptolemy.moml.MoMLSimpleApplication@eb0f728
----------------- Done invoking toplevel() on ptolemy.moml.MoMLSimpleApplication@eb0f728
reloadAllAccessors: .Director

===========================================================================================
----------------- testing Fri Oct 12 02:28:43 UTC 2018 /home/travis/build/icyphy/ptII/ptolemy/actor/lib/test/auto/DiscreteClock.xml
----------------- Instantiating /home/travis/build/icyphy/ptII/ptolemy/actor/lib/test/auto/DiscreteClock.xml
0 ms. Memory: 881664K Free: 650895K (74%)
----------------- Invoking toplevel() on ptolemy.moml.MoMLSimpleApplication@c81766f
----------------- Done invoking toplevel() on ptolemy.moml.MoMLSimpleApplication@c81766f
reloadAllAccessors: .DiscreteClock

===========================================================================================
----------------- testing Fri Oct 12 02:28:43 UTC 2018 /home/travis/build/icyphy/ptII/ptolemy/actor/lib/test/auto/DiscreteClock10.xml
----------------- Instantiating /home/travis/build/icyphy/ptII/ptolemy/actor/lib/test/auto/DiscreteClock10.xml
4 ms. Memory: 881664K Free: 636065K (72%)
----------------- Invoking toplevel() on ptolemy.moml.MoMLSimpleApplication@3098f32b
----------------- Done invoking toplevel() on ptolemy.moml.MoMLSimpleApplication@3098f32b
reloadAllAccessors: .DiscreteClock10

===========================================================================================
----------------- testing Fri Oct 12 02:28:43 UTC 2018 /home/travis/build/icyphy/ptII/ptolemy/actor/lib/test/auto/DiscreteClock11.xml
----------------- Instantiating /home/travis/build/icyphy/ptII/ptolemy/actor/lib/test/auto/DiscreteClock11.xml
1 ms. Memory: 881664K Free: 628257K (71%)
----------------- Invoking toplevel() on ptolemy.moml.MoMLSimpleApplication@69437d2
----------------- Done invoking toplevel() on ptolemy.moml.MoMLSimpleApplication@69437d2
reloadAllAccessors: .DiscreteClock11

===========================================================================================
----------------- testing Fri Oct 12 02:28:43 UTC 2018 /home/travis/build/icyphy/ptII/ptolemy/actor/lib/test/auto/DiscreteClock12.xml
----------------- Instantiating /home/travis/build/icyphy/ptII/ptolemy/actor/lib/test/auto/DiscreteClock12.xml
2 ms. Memory: 881664K Free: 620449K (70%)
----------------- Invoking toplevel() on ptolemy.moml.MoMLSimpleApplication@517fb2b9
----------------- Done invoking toplevel() on ptolemy.moml.MoMLSimpleApplication@517fb2b9
reloadAllAccessors: .DiscreteClock12

===========================================================================================
----------------- testing Fri Oct 12 02:28:43 UTC 2018 /home/travis/build/icyphy/ptII/ptolemy/actor/lib/test/auto/DiscreteClock13.xml
----------------- Instantiating /home/travis/build/icyphy/ptII/ptolemy/actor/lib/test/auto/DiscreteClock13.xml
2 ms. Memory: 881664K Free: 605619K (69%)
----------------- Invoking toplevel() on ptolemy.moml.MoMLSimpleApplication@24e1b4ab
----------------- Done invoking toplevel() on ptolemy.moml.MoMLSimpleApplication@24e1b4ab
reloadAllAccessors: .DiscreteClock13

===========================================================================================
----------------- testing Fri Oct 12 02:28:43 UTC 2018 /home/travis/build/icyphy/ptII/ptolemy/actor/lib/test/auto/DiscreteClock14.xml
----------------- Instantiating /home/travis/build/icyphy/ptII/ptolemy/actor/lib/test/auto/DiscreteClock14.xml
2 ms. Memory: 881664K Free: 597811K (68%)
----------------- Invoking toplevel() on ptolemy.moml.MoMLSimpleApplication@4f03d2b2
----------------- Done invoking toplevel() on ptolemy.moml.MoMLSimpleApplication@4f03d2b2
reloadAllAccessors: .DiscreteClock14

===========================================================================================
----------------- testing Fri Oct 12 02:28:43 UTC 2018 /home/travis/build/icyphy/ptII/ptolemy/actor/lib/test/auto/DiscreteClock15.xml
----------------- Instantiating /home/travis/build/icyphy/ptII/ptolemy/actor/lib/test/auto/DiscreteClock15.xml
1 ms. Memory: 881664K Free: 590003K (67%)
----------------- Invoking toplevel() on ptolemy.moml.MoMLSimpleApplication@5e4dad6e
----------------- Done invoking toplevel() on ptolemy.moml.MoMLSimpleApplication@5e4dad6e
reloadAllAccessors: .DiscreteClock15

===========================================================================================
----------------- testing Fri Oct 12 02:28:43 UTC 2018 /home/travis/build/icyphy/ptII/ptolemy/actor/lib/test/auto/DiscreteClock16.xml
----------------- Instantiating /home/travis/build/icyphy/ptII/ptolemy/actor/lib/test/auto/DiscreteClock16.xml
9 ms. Memory: 881664K Free: 567349K (64%)
----------------- Invoking toplevel() on ptolemy.moml.MoMLSimpleApplication@4f476093
----------------- Done invoking toplevel() on ptolemy.moml.MoMLSimpleApplication@4f476093
reloadAllAccessors: .DiscreteClock16

===========================================================================================
----------------- testing Fri Oct 12 02:28:44 UTC 2018 /home/travis/build/icyphy/ptII/ptolemy/actor/lib/test/auto/DiscreteClock17.xml
----------------- Instantiating /home/travis/build/icyphy/ptII/ptolemy/actor/lib/test/auto/DiscreteClock17.xml
14 ms. Memory: 881664K Free: 551733K (63%)
----------------- Invoking toplevel() on ptolemy.moml.MoMLSimpleApplication@69b03d1
----------------- Done invoking toplevel() on ptolemy.moml.MoMLSimpleApplication@69b03d1
reloadAllAccessors: .DiscreteClock17

===========================================================================================
----------------- testing Fri Oct 12 02:28:44 UTC 2018 /home/travis/build/icyphy/ptII/ptolemy/actor/lib/test/auto/DiscreteClock18.xml
----------------- Instantiating /home/travis/build/icyphy/ptII/ptolemy/actor/lib/test/auto/DiscreteClock18.xml
12 ms. Memory: 881664K Free: 536101K (61%)
----------------- Invoking toplevel() on ptolemy.moml.MoMLSimpleApplication@56cae494
----------------- Done invoking toplevel() on ptolemy.moml.MoMLSimpleApplication@56cae494
reloadAllAccessors: .DiscreteClock18

===========================================================================================
----------------- testing Fri Oct 12 02:28:44 UTC 2018 /home/travis/build/icyphy/ptII/ptolemy/actor/lib/test/auto/DiscreteClock19.xml
----------------- Instantiating /home/travis/build/icyphy/ptII/ptolemy/actor/lib/test/auto/DiscreteClock19.xml
16 ms. Memory: 881664K Free: 513447K (58%)
----------------- Invoking toplevel() on ptolemy.moml.MoMLSimpleApplication@668d79a8
----------------- Done invoking toplevel() on ptolemy.moml.MoMLSimpleApplication@668d79a8
reloadAllAccessors: .DiscreteClock19

===========================================================================================
----------------- testing Fri Oct 12 02:28:44 UTC 2018 /home/travis/build/icyphy/ptII/ptolemy/actor/lib/test/auto/DiscreteClock2.xml
----------------- Instantiating /home/travis/build/icyphy/ptII/ptolemy/actor/lib/test/auto/DiscreteClock2.xml
3 ms. Memory: 881664K Free: 505639K (57%)
----------------- Invoking toplevel() on ptolemy.moml.MoMLSimpleApplication@2bfa988a
----------------- Done invoking toplevel() on ptolemy.moml.MoMLSimpleApplication@2bfa988a
reloadAllAccessors: .DiscreteClock2

===========================================================================================
----------------- testing Fri Oct 12 02:28:44 UTC 2018 /home/travis/build/icyphy/ptII/ptolemy/actor/lib/test/auto/DiscreteClock20.xml
----------------- Instantiating /home/travis/build/icyphy/ptII/ptolemy/actor/lib/test/auto/DiscreteClock20.xml
3 ms. Memory: 881664K Free: 497831K (56%)
----------------- Invoking toplevel() on ptolemy.moml.MoMLSimpleApplication@1c7f9c33
----------------- Done invoking toplevel() on ptolemy.moml.MoMLSimpleApplication@1c7f9c33
reloadAllAccessors: .DiscreteClock20

===========================================================================================
----------------- testing Fri Oct 12 02:28:44 UTC 2018 /home/travis/build/icyphy/ptII/ptolemy/actor/lib/test/auto/DiscreteClock21.xml
----------------- Instantiating /home/travis/build/icyphy/ptII/ptolemy/actor/lib/test/auto/DiscreteClock21.xml
3 ms. Memory: 1366528K Free: 1317107K (96%)
----------------- Invoking toplevel() on ptolemy.moml.MoMLSimpleApplication@5caacefc
----------------- Done invoking toplevel() on ptolemy.moml.MoMLSimpleApplication@5caacefc
reloadAllAccessors: .DiscreteClock21

===========================================================================================
----------------- testing Fri Oct 12 02:28:44 UTC 2018 /home/travis/build/icyphy/ptII/ptolemy/actor/lib/test/auto/DiscreteClock22.xml
----------------- Instantiating /home/travis/build/icyphy/ptII/ptolemy/actor/lib/test/auto/DiscreteClock22.xml
7 ms. Memory: 1366528K Free: 1293210K (95%)
----------------- Invoking toplevel() on ptolemy.moml.MoMLSimpleApplication@76177bed
----------------- Done invoking toplevel() on ptolemy.moml.MoMLSimpleApplication@76177bed
reloadAllAccessors: .DiscreteClock22

===========================================================================================
----------------- testing Fri Oct 12 02:28:44 UTC 2018 /home/travis/build/icyphy/ptII/ptolemy/actor/lib/test/auto/DiscreteClock23.xml
----------------- Instantiating /home/travis/build/icyphy/ptII/ptolemy/actor/lib/test/auto/DiscreteClock23.xml
1 ms. Memory: 1366528K Free: 1280718K (94%)
----------------- Invoking toplevel() on ptolemy.moml.MoMLSimpleApplication@5e1576e
----------------- Done invoking toplevel() on ptolemy.moml.MoMLSimpleApplication@5e1576e
reloadAllAccessors: .DiscreteClock23

===========================================================================================
----------------- testing Fri Oct 12 02:28:44 UTC 2018 /home/travis/build/icyphy/ptII/ptolemy/actor/lib/test/auto/DiscreteClock24.xml
----------------- Instantiating /home/travis/build/icyphy/ptII/ptolemy/actor/lib/test/auto/DiscreteClock24.xml
1 ms. Memory: 1366528K Free: 1268225K (93%)
----------------- Invoking toplevel() on ptolemy.moml.MoMLSimpleApplication@7c2182c2
----------------- Done invoking toplevel() on ptolemy.moml.MoMLSimpleApplication@7c2182c2
reloadAllAccessors: .DiscreteClock24

===========================================================================================
----------------- testing Fri Oct 12 02:28:44 UTC 2018 /home/travis/build/icyphy/ptII/ptolemy/actor/lib/test/auto/DiscreteClock4.xml
----------------- Instantiating /home/travis/build/icyphy/ptII/ptolemy/actor/lib/test/auto/DiscreteClock4.xml
2 ms. Memory: 1366528K Free: 1255732K (92%)
----------------- Invoking toplevel() on ptolemy.moml.MoMLSimpleApplication@656b6b69
----------------- Done invoking toplevel() on ptolemy.moml.MoMLSimpleApplication@656b6b69
reloadAllAccessors: .DiscreteClock4

===========================================================================================
----------------- testing Fri Oct 12 02:28:44 UTC 2018 /home/travis/build/icyphy/ptII/ptolemy/actor/lib/test/auto/DiscreteClock5.xml
----------------- Instantiating /home/travis/build/icyphy/ptII/ptolemy/actor/lib/test/auto/DiscreteClock5.xml
2 ms. Memory: 1366528K Free: 1232005K (90%)
----------------- Invoking toplevel() on ptolemy.moml.MoMLSimpleApplication@46d1c3f1
----------------- Done invoking toplevel() on ptolemy.moml.MoMLSimpleApplication@46d1c3f1
reloadAllAccessors: .DiscreteClock5

===========================================================================================
----------------- testing Fri Oct 12 02:28:44 UTC 2018 /home/travis/build/icyphy/ptII/ptolemy/actor/lib/test/auto/DiscreteClock6.xml
----------------- Instantiating /home/travis/build/icyphy/ptII/ptolemy/actor/lib/test/auto/DiscreteClock6.xml
1 ms. Memory: 1366528K Free: 1219512K (89%)
----------------- Invoking toplevel() on ptolemy.moml.MoMLSimpleApplication@67d10d33
----------------- Done invoking toplevel() on ptolemy.moml.MoMLSimpleApplication@67d10d33
reloadAllAccessors: .DiscreteClock6

===========================================================================================
----------------- testing Fri Oct 12 02:28:44 UTC 2018 /home/travis/build/icyphy/ptII/ptolemy/actor/lib/test/auto/DiscreteClock7.xml
----------------- Instantiating /home/travis/build/icyphy/ptII/ptolemy/actor/lib/test/auto/DiscreteClock7.xml
1 ms. Memory: 1366528K Free: 1207019K (88%)
----------------- Invoking toplevel() on ptolemy.moml.MoMLSimpleApplication@350fc9ab
----------------- Done invoking toplevel() on ptolemy.moml.MoMLSimpleApplication@350fc9ab
reloadAllAccessors: .DiscreteClock7

===========================================================================================
----------------- testing Fri Oct 12 02:28:44 UTC 2018 /home/travis/build/icyphy/ptII/ptolemy/actor/lib/test/auto/DiscreteClock8.xml
----------------- Instantiating /home/travis/build/icyphy/ptII/ptolemy/actor/lib/test/auto/DiscreteClock8.xml
1 ms. Memory: 1366528K Free: 1194526K (87%)
----------------- Invoking toplevel() on ptolemy.moml.MoMLSimpleApplication@3b4926b0
----------------- Done invoking toplevel() on ptolemy.moml.MoMLSimpleApplication@3b4926b0
reloadAllAccessors: .DiscreteClock8

===========================================================================================
----------------- testing Fri Oct 12 02:28:44 UTC 2018 /home/travis/build/icyphy/ptII/ptolemy/actor/lib/test/auto/DiscreteClock9.xml
----------------- Instantiating /home/travis/build/icyphy/ptII/ptolemy/actor/lib/test/auto/DiscreteClock9.xml
1 ms. Memory: 1366528K Free: 1182033K (86%)
----------------- Invoking toplevel() on ptolemy.moml.MoMLSimpleApplication@63ff8f1d
----------------- Done invoking toplevel() on ptolemy.moml.MoMLSimpleApplication@63ff8f1d
reloadAllAccessors: .DiscreteClock9

===========================================================================================
----------------- testing Fri Oct 12 02:28:44 UTC 2018 /home/travis/build/icyphy/ptII/ptolemy/actor/lib/test/auto/DisplayArray.xml
----------------- Instantiating /home/travis/build/icyphy/ptII/ptolemy/actor/lib/test/auto/DisplayArray.xml
1 ms. Memory: 1366528K Free: 1158306K (85%)
----------------- Invoking toplevel() on ptolemy.moml.MoMLSimpleApplication@745d90ed
----------------- Done invoking toplevel() on ptolemy.moml.MoMLSimpleApplication@745d90ed
reloadAllAccessors: .DisplayArray

===========================================================================================
----------------- testing Fri Oct 12 02:28:44 UTC 2018 /home/travis/build/icyphy/ptII/ptolemy/actor/lib/test/auto/Distributor.xml
----------------- Instantiating /home/travis/build/icyphy/ptII/ptolemy/actor/lib/test/auto/Distributor.xml
1 ms. Memory: 1366528K Free: 1145813K (84%)
----------------- Invoking toplevel() on ptolemy.moml.MoMLSimpleApplication@1be32b56
----------------- Done invoking toplevel() on ptolemy.moml.MoMLSimpleApplication@1be32b56
reloadAllAccessors: .Distributor

===========================================================================================
----------------- testing Fri Oct 12 02:28:44 UTC 2018 /home/travis/build/icyphy/ptII/ptolemy/actor/lib/test/auto/Distributor2.xml
----------------- Instantiating /home/travis/build/icyphy/ptII/ptolemy/actor/lib/test/auto/Distributor2.xml
1 ms. Memory: 1366528K Free: 1133320K (83%)
----------------- Invoking toplevel() on ptolemy.moml.MoMLSimpleApplication@40532ee2
----------------- Done invoking toplevel() on ptolemy.moml.MoMLSimpleApplication@40532ee2
reloadAllAccessors: .Distributor2

===========================================================================================
----------------- testing Fri Oct 12 02:28:44 UTC 2018 /home/travis/build/icyphy/ptII/ptolemy/actor/lib/test/auto/DownSample.xml
----------------- Instantiating /home/travis/build/icyphy/ptII/ptolemy/actor/lib/test/auto/DownSample.xml
1 ms. Memory: 1366528K Free: 1120827K (82%)
----------------- Invoking toplevel() on ptolemy.moml.MoMLSimpleApplication@7dd74fad
----------------- Done invoking toplevel() on ptolemy.moml.MoMLSimpleApplication@7dd74fad
reloadAllAccessors: .DownSample

===========================================================================================
----------------- testing Fri Oct 12 02:28:44 UTC 2018 /home/travis/build/icyphy/ptII/ptolemy/actor/lib/test/auto/ElectronicUnitBase1.xml
----------------- Instantiating /home/travis/build/icyphy/ptII/ptolemy/actor/lib/test/auto/ElectronicUnitBase1.xml
35 ms. Memory: 1366528K Free: 1095825K (80%)
----------------- Invoking toplevel() on ptolemy.moml.MoMLSimpleApplication@7de8118e
----------------- Done invoking toplevel() on ptolemy.moml.MoMLSimpleApplication@7de8118e
reloadAllAccessors: .ElectronicUnitBase1

===========================================================================================
----------------- testing Fri Oct 12 02:28:44 UTC 2018 /home/travis/build/icyphy/ptII/ptolemy/actor/lib/test/auto/ElementsToArray.xml
----------------- Instantiating /home/travis/build/icyphy/ptII/ptolemy/actor/lib/test/auto/ElementsToArray.xml
2 ms. Memory: 1366528K Free: 1072098K (78%)
----------------- Invoking toplevel() on ptolemy.moml.MoMLSimpleApplication@6dc72278
----------------- Done invoking toplevel() on ptolemy.moml.MoMLSimpleApplication@6dc72278
reloadAllAccessors: .ElementsToArray

===========================================================================================
----------------- testing Fri Oct 12 02:28:44 UTC 2018 /home/travis/build/icyphy/ptII/ptolemy/actor/lib/test/auto/Equals.xml
----------------- Instantiating /home/travis/build/icyphy/ptII/ptolemy/actor/lib/test/auto/Equals.xml
4 ms. Memory: 1366528K Free: 1059605K (78%)
----------------- Invoking toplevel() on ptolemy.moml.MoMLSimpleApplication@2ef71149
----------------- Done invoking toplevel() on ptolemy.moml.MoMLSimpleApplication@2ef71149
reloadAllAccessors: .Equals

===========================================================================================
----------------- testing Fri Oct 12 02:28:45 UTC 2018 /home/travis/build/icyphy/ptII/ptolemy/actor/lib/test/auto/Exec.xml
----------------- Instantiating /home/travis/build/icyphy/ptII/ptolemy/actor/lib/test/auto/Exec.xml
11 ms. Memory: 1366528K Free: 1028373K (75%)
----------------- Invoking toplevel() on ptolemy.moml.MoMLSimpleApplication@6cdba145
----------------- Done invoking toplevel() on ptolemy.moml.MoMLSimpleApplication@6cdba145
reloadAllAccessors: .Exec

===========================================================================================
----------------- testing Fri Oct 12 02:28:45 UTC 2018 /home/travis/build/icyphy/ptII/ptolemy/actor/lib/test/auto/ExecEnvironment.xml
----------------- Instantiating /home/travis/build/icyphy/ptII/ptolemy/actor/lib/test/auto/ExecEnvironment.xml
31 ms. Memory: 1366528K Free: 997141K (73%)
----------------- Invoking toplevel() on ptolemy.moml.MoMLSimpleApplication@1257dac1
----------------- Done invoking toplevel() on ptolemy.moml.MoMLSimpleApplication@1257dac1
reloadAllAccessors: .ExecEnvironment

===========================================================================================
----------------- testing Fri Oct 12 02:28:45 UTC 2018 /home/travis/build/icyphy/ptII/ptolemy/actor/lib/test/auto/ExecNonZeroReturnOutput.xml
----------------- Instantiating /home/travis/build/icyphy/ptII/ptolemy/actor/lib/test/auto/ExecNonZeroReturnOutput.xml
121 ms. Memory: 1366528K Free: 903444K (66%)
----------------- Invoking toplevel() on ptolemy.moml.MoMLSimpleApplication@2992730b
----------------- Done invoking toplevel() on ptolemy.moml.MoMLSimpleApplication@2992730b
reloadAllAccessors: .ExecNonZeroReturnOutput

===========================================================================================
----------------- testing Fri Oct 12 02:28:45 UTC 2018 /home/travis/build/icyphy/ptII/ptolemy/actor/lib/test/auto/ExecRunDemos.xml
----------------- Instantiating /home/travis/build/icyphy/ptII/ptolemy/actor/lib/test/auto/ExecRunDemos.xml
Finished: 71 ms. Memory: 116224K Free: 100103K (86%)

Finished: 36 ms. Memory: 116224K Free: 96398K (83%)

Finished: 80 ms. Memory: 116224K Free: 96950K (83%)

Finished: 41 ms. Memory: 116224K Free: 98268K (85%)

Finished: 34 ms. Memory: 116224K Free: 99505K (86%)

9577 ms. Memory: 1366528K Free: 798477K (58%)
----------------- Invoking toplevel() on ptolemy.moml.MoMLSimpleApplication@70386e9b
----------------- Done invoking toplevel() on ptolemy.moml.MoMLSimpleApplication@70386e9b
reloadAllAccessors: .ExecRunDemos

===========================================================================================
----------------- testing Fri Oct 12 02:28:54 UTC 2018 /home/travis/build/icyphy/ptII/ptolemy/actor/lib/test/auto/ExecStop.xml
----------------- Instantiating /home/travis/build/icyphy/ptII/ptolemy/actor/lib/test/auto/ExecStop.xml
5013 ms. Memory: 1366528K Free: 604837K (44%)
----------------- Invoking toplevel() on ptolemy.moml.MoMLSimpleApplication@78fcf2fb
----------------- Done invoking toplevel() on ptolemy.moml.MoMLSimpleApplication@78fcf2fb
reloadAllAccessors: .ExecStop

===========================================================================================
----------------- testing Fri Oct 12 02:28:59 UTC 2018 /home/travis/build/icyphy/ptII/ptolemy/actor/lib/test/auto/ExecutionTimeSDF.xml
----------------- Instantiating /home/travis/build/icyphy/ptII/ptolemy/actor/lib/test/auto/ExecutionTimeSDF.xml
Fired ExecutionTime: -640567296
Fired ExecutionTime: 971200000
Fired ExecutionTime: 979200000
6004 ms. Memory: 1366528K Free: 586090K (43%)
----------------- Invoking toplevel() on ptolemy.moml.MoMLSimpleApplication@1f863f90
----------------- Done invoking toplevel() on ptolemy.moml.MoMLSimpleApplication@1f863f90
reloadAllAccessors: .ExecutionTimeSDF

===========================================================================================
----------------- testing Fri Oct 12 02:29:05 UTC 2018 /home/travis/build/icyphy/ptII/ptolemy/actor/lib/test/auto/Expression1.xml
----------------- Instantiating /home/travis/build/icyphy/ptII/ptolemy/actor/lib/test/auto/Expression1.xml
1 ms. Memory: 1366528K Free: 573597K (42%)
----------------- Invoking toplevel() on ptolemy.moml.MoMLSimpleApplication@4149234c
----------------- Done invoking toplevel() on ptolemy.moml.MoMLSimpleApplication@4149234c
reloadAllAccessors: .Expression1

===========================================================================================
----------------- testing Fri Oct 12 02:29:05 UTC 2018 /home/travis/build/icyphy/ptII/ptolemy/actor/lib/test/auto/Expression10.xml
----------------- Instantiating /home/travis/build/icyphy/ptII/ptolemy/actor/lib/test/auto/Expression10.xml
6 ms. Memory: 1366528K Free: 549870K (40%)
----------------- Invoking toplevel() on ptolemy.moml.MoMLSimpleApplication@68ad97c1
----------------- Done invoking toplevel() on ptolemy.moml.MoMLSimpleApplication@68ad97c1
reloadAllAccessors: .Expression10

===========================================================================================
----------------- testing Fri Oct 12 02:29:05 UTC 2018 /home/travis/build/icyphy/ptII/ptolemy/actor/lib/test/auto/Expression11.xml
----------------- Instantiating /home/travis/build/icyphy/ptII/ptolemy/actor/lib/test/auto/Expression11.xml
2 ms. Memory: 1366528K Free: 537377K (39%)
----------------- Invoking toplevel() on ptolemy.moml.MoMLSimpleApplication@7ab9f514
----------------- Done invoking toplevel() on ptolemy.moml.MoMLSimpleApplication@7ab9f514
reloadAllAccessors: .Expression11

===========================================================================================
----------------- testing Fri Oct 12 02:29:05 UTC 2018 /home/travis/build/icyphy/ptII/ptolemy/actor/lib/test/auto/Expression12.xml
----------------- Instantiating /home/travis/build/icyphy/ptII/ptolemy/actor/lib/test/auto/Expression12.xml
3 ms. Memory: 1366528K Free: 524884K (38%)
----------------- Invoking toplevel() on ptolemy.moml.MoMLSimpleApplication@30fbdf2
----------------- Done invoking toplevel() on ptolemy.moml.MoMLSimpleApplication@30fbdf2
reloadAllAccessors: .Expression12

===========================================================================================
----------------- testing Fri Oct 12 02:29:05 UTC 2018 /home/travis/build/icyphy/ptII/ptolemy/actor/lib/test/auto/Expression13.xml
----------------- Instantiating /home/travis/build/icyphy/ptII/ptolemy/actor/lib/test/auto/Expression13.xml
3 ms. Memory: 1366528K Free: 512392K (37%)
----------------- Invoking toplevel() on ptolemy.moml.MoMLSimpleApplication@2b5f9f5f
----------------- Done invoking toplevel() on ptolemy.moml.MoMLSimpleApplication@2b5f9f5f
reloadAllAccessors: .Expression13

===========================================================================================
----------------- testing Fri Oct 12 02:29:06 UTC 2018 /home/travis/build/icyphy/ptII/ptolemy/actor/lib/test/auto/Expression14.xml
----------------- Instantiating /home/travis/build/icyphy/ptII/ptolemy/actor/lib/test/auto/Expression14.xml
4 ms. Memory: 1366528K Free: 499899K (37%)
----------------- Invoking toplevel() on ptolemy.moml.MoMLSimpleApplication@5c5860ce
----------------- Done invoking toplevel() on ptolemy.moml.MoMLSimpleApplication@5c5860ce
reloadAllAccessors: .Expression14

===========================================================================================
----------------- testing Fri Oct 12 02:29:06 UTC 2018 /home/travis/build/icyphy/ptII/ptolemy/actor/lib/test/auto/Expression15.xml
----------------- Instantiating /home/travis/build/icyphy/ptII/ptolemy/actor/lib/test/auto/Expression15.xml
1 ms. Memory: 1366528K Free: 476171K (35%)
----------------- Invoking toplevel() on ptolemy.moml.MoMLSimpleApplication@3922cdcc
----------------- Done invoking toplevel() on ptolemy.moml.MoMLSimpleApplication@3922cdcc
reloadAllAccessors: .Expression15

===========================================================================================
----------------- testing Fri Oct 12 02:29:06 UTC 2018 /home/travis/build/icyphy/ptII/ptolemy/actor/lib/test/auto/Expression16.xml
----------------- Instantiating /home/travis/build/icyphy/ptII/ptolemy/actor/lib/test/auto/Expression16.xml
2 ms. Memory: 1366528K Free: 463679K (34%)
----------------- Invoking toplevel() on ptolemy.moml.MoMLSimpleApplication@7c8906ef
----------------- Done invoking toplevel() on ptolemy.moml.MoMLSimpleApplication@7c8906ef
reloadAllAccessors: .Expression16

===========================================================================================
----------------- testing Fri Oct 12 02:29:06 UTC 2018 /home/travis/build/icyphy/ptII/ptolemy/actor/lib/test/auto/Expression17.xml
----------------- Instantiating /home/travis/build/icyphy/ptII/ptolemy/actor/lib/test/auto/Expression17.xml
3 ms. Memory: 1366528K Free: 451186K (33%)
----------------- Invoking toplevel() on ptolemy.moml.MoMLSimpleApplication@2118ae1
----------------- Done invoking toplevel() on ptolemy.moml.MoMLSimpleApplication@2118ae1
reloadAllAccessors: .Expression17

===========================================================================================
----------------- testing Fri Oct 12 02:29:06 UTC 2018 /home/travis/build/icyphy/ptII/ptolemy/actor/lib/test/auto/Expression18.xml
----------------- Instantiating /home/travis/build/icyphy/ptII/ptolemy/actor/lib/test/auto/Expression18.xml
2 ms. Memory: 1366528K Free: 438693K (32%)
----------------- Invoking toplevel() on ptolemy.moml.MoMLSimpleApplication@2a22d1a9
----------------- Done invoking toplevel() on ptolemy.moml.MoMLSimpleApplication@2a22d1a9
reloadAllAccessors: .Expression18

===========================================================================================
----------------- testing Fri Oct 12 02:29:06 UTC 2018 /home/travis/build/icyphy/ptII/ptolemy/actor/lib/test/auto/Expression2.xml
----------------- Instantiating /home/travis/build/icyphy/ptII/ptolemy/actor/lib/test/auto/Expression2.xml
4 ms. Memory: 1366528K Free: 426200K (31%)
----------------- Invoking toplevel() on ptolemy.moml.MoMLSimpleApplication@3d7d775a
----------------- Done invoking toplevel() on ptolemy.moml.MoMLSimpleApplication@3d7d775a
reloadAllAccessors: .Expression2

===========================================================================================
----------------- testing Fri Oct 12 02:29:06 UTC 2018 /home/travis/build/icyphy/ptII/ptolemy/actor/lib/test/auto/Expression3.xml
----------------- Instantiating /home/travis/build/icyphy/ptII/ptolemy/actor/lib/test/auto/Expression3.xml
3 ms. Memory: 1366528K Free: 402473K (29%)
----------------- Invoking toplevel() on ptolemy.moml.MoMLSimpleApplication@5f70f6a6
----------------- Done invoking toplevel() on ptolemy.moml.MoMLSimpleApplication@5f70f6a6
reloadAllAccessors: .Expression3

===========================================================================================
----------------- testing Fri Oct 12 02:29:06 UTC 2018 /home/travis/build/icyphy/ptII/ptolemy/actor/lib/test/auto/Expression4.xml
----------------- Instantiating /home/travis/build/icyphy/ptII/ptolemy/actor/lib/test/auto/Expression4.xml
4 ms. Memory: 1366528K Free: 389980K (29%)
----------------- Invoking toplevel() on ptolemy.moml.MoMLSimpleApplication@23bb3427
----------------- Done invoking toplevel() on ptolemy.moml.MoMLSimpleApplication@23bb3427
reloadAllAccessors: .Expression4

===========================================================================================
----------------- testing Fri Oct 12 02:29:06 UTC 2018 /home/travis/build/icyphy/ptII/ptolemy/actor/lib/test/auto/Expression5.xml
----------------- Instantiating /home/travis/build/icyphy/ptII/ptolemy/actor/lib/test/auto/Expression5.xml
3 ms. Memory: 1366528K Free: 369367K (27%)
----------------- Invoking toplevel() on ptolemy.moml.MoMLSimpleApplication@514e862e
----------------- Done invoking toplevel() on ptolemy.moml.MoMLSimpleApplication@514e862e
reloadAllAccessors: .Expression5

===========================================================================================
----------------- testing Fri Oct 12 02:29:06 UTC 2018 /home/travis/build/icyphy/ptII/ptolemy/actor/lib/test/auto/Expression6.xml
----------------- Instantiating /home/travis/build/icyphy/ptII/ptolemy/actor/lib/test/auto/Expression6.xml
3 ms. Memory: 1366528K Free: 356874K (26%)
----------------- Invoking toplevel() on ptolemy.moml.MoMLSimpleApplication@20386e8d
----------------- Done invoking toplevel() on ptolemy.moml.MoMLSimpleApplication@20386e8d
reloadAllAccessors: .Expression6

===========================================================================================
----------------- testing Fri Oct 12 02:29:06 UTC 2018 /home/travis/build/icyphy/ptII/ptolemy/actor/lib/test/auto/Expression7.xml
----------------- Instantiating /home/travis/build/icyphy/ptII/ptolemy/actor/lib/test/auto/Expression7.xml
3 ms. Memory: 1366528K Free: 344381K (25%)
----------------- Invoking toplevel() on ptolemy.moml.MoMLSimpleApplication@408d2602
----------------- Done invoking toplevel() on ptolemy.moml.MoMLSimpleApplication@408d2602
reloadAllAccessors: .Expression7

===========================================================================================
----------------- testing Fri Oct 12 02:29:06 UTC 2018 /home/travis/build/icyphy/ptII/ptolemy/actor/lib/test/auto/Expression8.xml
----------------- Instantiating /home/travis/build/icyphy/ptII/ptolemy/actor/lib/test/auto/Expression8.xml
3 ms. Memory: 1366528K Free: 320654K (23%)
----------------- Invoking toplevel() on ptolemy.moml.MoMLSimpleApplication@34cd74c8
----------------- Done invoking toplevel() on ptolemy.moml.MoMLSimpleApplication@34cd74c8
reloadAllAccessors: .Expression8

===========================================================================================
----------------- testing Fri Oct 12 02:29:06 UTC 2018 /home/travis/build/icyphy/ptII/ptolemy/actor/lib/test/auto/Expression9.xml
----------------- Instantiating /home/travis/build/icyphy/ptII/ptolemy/actor/lib/test/auto/Expression9.xml
1 ms. Memory: 1366528K Free: 308161K (23%)
----------------- Invoking toplevel() on ptolemy.moml.MoMLSimpleApplication@60e62f53
----------------- Done invoking toplevel() on ptolemy.moml.MoMLSimpleApplication@60e62f53
reloadAllAccessors: .Expression9

===========================================================================================
----------------- testing Fri Oct 12 02:29:06 UTC 2018 /home/travis/build/icyphy/ptII/ptolemy/actor/lib/test/auto/ExpressionConcatenateArrayType.xml
----------------- Instantiating /home/travis/build/icyphy/ptII/ptolemy/actor/lib/test/auto/ExpressionConcatenateArrayType.xml
2 ms. Memory: 1366528K Free: 295668K (22%)
----------------- Invoking toplevel() on ptolemy.moml.MoMLSimpleApplication@63e345c0
----------------- Done invoking toplevel() on ptolemy.moml.MoMLSimpleApplication@63e345c0
reloadAllAccessors: .ExpressionConcatenateArrayType

===========================================================================================
----------------- testing Fri Oct 12 02:29:06 UTC 2018 /home/travis/build/icyphy/ptII/ptolemy/actor/lib/test/auto/ExpressionConcatenateArrayType2.xml
----------------- Instantiating /home/travis/build/icyphy/ptII/ptolemy/actor/lib/test/auto/ExpressionConcatenateArrayType2.xml
2 ms. Memory: 1366528K Free: 283175K (21%)
----------------- Invoking toplevel() on ptolemy.moml.MoMLSimpleApplication@37d85c96
----------------- Done invoking toplevel() on ptolemy.moml.MoMLSimpleApplication@37d85c96
reloadAllAccessors: .ExpressionConcatenateArrayType2

===========================================================================================
----------------- testing Fri Oct 12 02:29:06 UTC 2018 /home/travis/build/icyphy/ptII/ptolemy/actor/lib/test/auto/ExpressionFix.xml
----------------- Instantiating /home/travis/build/icyphy/ptII/ptolemy/actor/lib/test/auto/ExpressionFix.xml
9 ms. Memory: 1366528K Free: 270682K (20%)
----------------- Invoking toplevel() on ptolemy.moml.MoMLSimpleApplication@2ae356e2
----------------- Done invoking toplevel() on ptolemy.moml.MoMLSimpleApplication@2ae356e2
reloadAllAccessors: .ExpressionFix

===========================================================================================
----------------- testing Fri Oct 12 02:29:06 UTC 2018 /home/travis/build/icyphy/ptII/ptolemy/actor/lib/test/auto/ExpressionFix2.xml
----------------- Instantiating /home/travis/build/icyphy/ptII/ptolemy/actor/lib/test/auto/ExpressionFix2.xml
2 ms. Memory: 1366528K Free: 246955K (18%)
----------------- Invoking toplevel() on ptolemy.moml.MoMLSimpleApplication@5a599dbf
----------------- Done invoking toplevel() on ptolemy.moml.MoMLSimpleApplication@5a599dbf
reloadAllAccessors: .ExpressionFix2

===========================================================================================
----------------- testing Fri Oct 12 02:29:06 UTC 2018 /home/travis/build/icyphy/ptII/ptolemy/actor/lib/test/auto/ExpressionFix3.xml
----------------- Instantiating /home/travis/build/icyphy/ptII/ptolemy/actor/lib/test/auto/ExpressionFix3.xml
2 ms. Memory: 1366528K Free: 234462K (17%)
----------------- Invoking toplevel() on ptolemy.moml.MoMLSimpleApplication@90dde58
----------------- Done invoking toplevel() on ptolemy.moml.MoMLSimpleApplication@90dde58
reloadAllAccessors: .ExpressionFix3

===========================================================================================
----------------- testing Fri Oct 12 02:29:06 UTC 2018 /home/travis/build/icyphy/ptII/ptolemy/actor/lib/test/auto/FileWriter1.xml
----------------- Instantiating /home/travis/build/icyphy/ptII/ptolemy/actor/lib/test/auto/FileWriter1.xml
2 ms. Memory: 1366528K Free: 221969K (16%)
----------------- Invoking toplevel() on ptolemy.moml.MoMLSimpleApplication@202411d9
----------------- Done invoking toplevel() on ptolemy.moml.MoMLSimpleApplication@202411d9
reloadAllAccessors: .FileWriter1

===========================================================================================
----------------- testing Fri Oct 12 02:29:06 UTC 2018 /home/travis/build/icyphy/ptII/ptolemy/actor/lib/test/auto/FileWriter2.xml
----------------- Instantiating /home/travis/build/icyphy/ptII/ptolemy/actor/lib/test/auto/FileWriter2.xml
3 ms. Memory: 1366528K Free: 209477K (15%)
----------------- Invoking toplevel() on ptolemy.moml.MoMLSimpleApplication@60365d4c
----------------- Done invoking toplevel() on ptolemy.moml.MoMLSimpleApplication@60365d4c
reloadAllAccessors: .FileWriter2

===========================================================================================
----------------- testing Fri Oct 12 02:29:06 UTC 2018 /home/travis/build/icyphy/ptII/ptolemy/actor/lib/test/auto/FileWriter3.xml
----------------- Instantiating /home/travis/build/icyphy/ptII/ptolemy/actor/lib/test/auto/FileWriter3.xml
2 ms. Memory: 1366528K Free: 196984K (14%)
----------------- Invoking toplevel() on ptolemy.moml.MoMLSimpleApplication@243557e7
----------------- Done invoking toplevel() on ptolemy.moml.MoMLSimpleApplication@243557e7
reloadAllAccessors: .FileWriter3

===========================================================================================
----------------- testing Fri Oct 12 02:29:06 UTC 2018 /home/travis/build/icyphy/ptII/ptolemy/actor/lib/test/auto/Gaussian.xml
----------------- Instantiating /home/travis/build/icyphy/ptII/ptolemy/actor/lib/test/auto/Gaussian.xml
1 ms. Memory: 1366528K Free: 173256K (13%)
----------------- Invoking toplevel() on ptolemy.moml.MoMLSimpleApplication@6341a455
----------------- Done invoking toplevel() on ptolemy.moml.MoMLSimpleApplication@6341a455
reloadAllAccessors: .Gaussian

===========================================================================================
----------------- testing Fri Oct 12 02:29:06 UTC 2018 /home/travis/build/icyphy/ptII/ptolemy/actor/lib/test/auto/Gaussian1.xml
----------------- Instantiating /home/travis/build/icyphy/ptII/ptolemy/actor/lib/test/auto/Gaussian1.xml
2 ms. Memory: 1366528K Free: 160764K (12%)
----------------- Invoking toplevel() on ptolemy.moml.MoMLSimpleApplication@3bde4d5b
----------------- Done invoking toplevel() on ptolemy.moml.MoMLSimpleApplication@3bde4d5b
reloadAllAccessors: .Gaussian1

===========================================================================================
----------------- testing Fri Oct 12 02:29:06 UTC 2018 /home/travis/build/icyphy/ptII/ptolemy/actor/lib/test/auto/Gaussian2.xml
----------------- Instantiating /home/travis/build/icyphy/ptII/ptolemy/actor/lib/test/auto/Gaussian2.xml
2 ms. Memory: 1366528K Free: 148271K (11%)
----------------- Invoking toplevel() on ptolemy.moml.MoMLSimpleApplication@46c636e8
----------------- Done invoking toplevel() on ptolemy.moml.MoMLSimpleApplication@46c636e8
reloadAllAccessors: .Gaussian2

===========================================================================================
----------------- testing Fri Oct 12 02:29:06 UTC 2018 /home/travis/build/icyphy/ptII/ptolemy/actor/lib/test/auto/GradientAdaptiveLattice.xml
----------------- Instantiating /home/travis/build/icyphy/ptII/ptolemy/actor/lib/test/auto/GradientAdaptiveLattice.xml
3 ms. Memory: 1366528K Free: 135778K (10%)
----------------- Invoking toplevel() on ptolemy.moml.MoMLSimpleApplication@30136a5f
----------------- Done invoking toplevel() on ptolemy.moml.MoMLSimpleApplication@30136a5f
reloadAllAccessors: .GradientAdaptiveLattice

===========================================================================================
----------------- testing Fri Oct 12 02:29:06 UTC 2018 /home/travis/build/icyphy/ptII/ptolemy/actor/lib/test/auto/IIR.xml
----------------- Instantiating /home/travis/build/icyphy/ptII/ptolemy/actor/lib/test/auto/IIR.xml
1 ms. Memory: 1366528K Free: 123285K (9%)
----------------- Invoking toplevel() on ptolemy.moml.MoMLSimpleApplication@120d2e88
----------------- Done invoking toplevel() on ptolemy.moml.MoMLSimpleApplication@120d2e88
reloadAllAccessors: .IIR

===========================================================================================
----------------- testing Fri Oct 12 02:29:06 UTC 2018 /home/travis/build/icyphy/ptII/ptolemy/actor/lib/test/auto/InputOutputTransparentPorts.xml
----------------- Instantiating /home/travis/build/icyphy/ptII/ptolemy/actor/lib/test/auto/InputOutputTransparentPorts.xml
1 ms. Memory: 1366528K Free: 99558K (7%)
----------------- Invoking toplevel() on ptolemy.moml.MoMLSimpleApplication@50864fe6
----------------- Done invoking toplevel() on ptolemy.moml.MoMLSimpleApplication@50864fe6
reloadAllAccessors: .InputOutputTransparentPorts

===========================================================================================
----------------- testing Fri Oct 12 02:29:06 UTC 2018 /home/travis/build/icyphy/ptII/ptolemy/actor/lib/test/auto/Interpolator.xml
----------------- Instantiating /home/travis/build/icyphy/ptII/ptolemy/actor/lib/test/auto/Interpolator.xml
3 ms. Memory: 1366528K Free: 87065K (6%)
----------------- Invoking toplevel() on ptolemy.moml.MoMLSimpleApplication@5bb44d95
----------------- Done invoking toplevel() on ptolemy.moml.MoMLSimpleApplication@5bb44d95
reloadAllAccessors: .Interpolator

===========================================================================================
----------------- testing Fri Oct 12 02:29:06 UTC 2018 /home/travis/build/icyphy/ptII/ptolemy/actor/lib/test/auto/InterpolatorFiringLimitDE.xml
----------------- Instantiating /home/travis/build/icyphy/ptII/ptolemy/actor/lib/test/auto/InterpolatorFiringLimitDE.xml
7 ms. Memory: 1366528K Free: 1325283K (97%)
----------------- Invoking toplevel() on ptolemy.moml.MoMLSimpleApplication@44289904
----------------- Done invoking toplevel() on ptolemy.moml.MoMLSimpleApplication@44289904
reloadAllAccessors: .InterpolatorFiringLimitDE

===========================================================================================
----------------- testing Fri Oct 12 02:29:06 UTC 2018 /home/travis/build/icyphy/ptII/ptolemy/actor/lib/test/auto/Lattice.xml
----------------- Instantiating /home/travis/build/icyphy/ptII/ptolemy/actor/lib/test/auto/Lattice.xml
1 ms. Memory: 1366528K Free: 1303998K (95%)
----------------- Invoking toplevel() on ptolemy.moml.MoMLSimpleApplication@1a470f83
----------------- Done invoking toplevel() on ptolemy.moml.MoMLSimpleApplication@1a470f83
reloadAllAccessors: .Lattice

===========================================================================================
----------------- testing Fri Oct 12 02:29:06 UTC 2018 /home/travis/build/icyphy/ptII/ptolemy/actor/lib/test/auto/LazyAOCTestLazy.xml
----------------- Instantiating /home/travis/build/icyphy/ptII/ptolemy/actor/lib/test/auto/LazyAOCTestLazy.xml
7 ms. Memory: 1366528K Free: 1294004K (95%)
----------------- Invoking toplevel() on ptolemy.moml.MoMLSimpleApplication@33a442f6
----------------- Done invoking toplevel() on ptolemy.moml.MoMLSimpleApplication@33a442f6
reloadAllAccessors: .LazyAOCTestLazy

===========================================================================================
----------------- testing Fri Oct 12 02:29:06 UTC 2018 /home/travis/build/icyphy/ptII/ptolemy/actor/lib/test/auto/LazyAOCTestNonLazy.xml
----------------- Instantiating /home/travis/build/icyphy/ptII/ptolemy/actor/lib/test/auto/LazyAOCTestNonLazy.xml
9 ms. Memory: 1366528K Free: 1278996K (94%)
----------------- Invoking toplevel() on ptolemy.moml.MoMLSimpleApplication@4d46e231
----------------- Done invoking toplevel() on ptolemy.moml.MoMLSimpleApplication@4d46e231
reloadAllAccessors: .LazyAOCTestNonLazy

===========================================================================================
----------------- testing Fri Oct 12 02:29:06 UTC 2018 /home/travis/build/icyphy/ptII/ptolemy/actor/lib/test/auto/LazyInnerClass.xml
----------------- Instantiating /home/travis/build/icyphy/ptII/ptolemy/actor/lib/test/auto/LazyInnerClass.xml
18 ms. Memory: 1366528K Free: 1260835K (92%)
----------------- Invoking toplevel() on ptolemy.moml.MoMLSimpleApplication@6880bc50
----------------- Done invoking toplevel() on ptolemy.moml.MoMLSimpleApplication@6880bc50
reloadAllAccessors: .LazyInnerClass

===========================================================================================
----------------- testing Fri Oct 12 02:29:06 UTC 2018 /home/travis/build/icyphy/ptII/ptolemy/actor/lib/test/auto/LazyPubSub.xml
----------------- Instantiating /home/travis/build/icyphy/ptII/ptolemy/actor/lib/test/auto/LazyPubSub.xml
27 ms. Memory: 1366528K Free: 1245827K (91%)
----------------- Invoking toplevel() on ptolemy.moml.MoMLSimpleApplication@3d4456b5
----------------- Done invoking toplevel() on ptolemy.moml.MoMLSimpleApplication@3d4456b5
reloadAllAccessors: .LazyPubSub

===========================================================================================
----------------- testing Fri Oct 12 02:29:06 UTC 2018 /home/travis/build/icyphy/ptII/ptolemy/actor/lib/test/auto/LazyPubSub2.xml
----------------- Instantiating /home/travis/build/icyphy/ptII/ptolemy/actor/lib/test/auto/LazyPubSub2.xml
15 ms. Memory: 1366528K Free: 1230710K (90%)
----------------- Invoking toplevel() on ptolemy.moml.MoMLSimpleApplication@546fe3d7
----------------- Done invoking toplevel() on ptolemy.moml.MoMLSimpleApplication@546fe3d7
reloadAllAccessors: .LazyPubSub2

===========================================================================================
----------------- testing Fri Oct 12 02:29:06 UTC 2018 /home/travis/build/icyphy/ptII/ptolemy/actor/lib/test/auto/LazyPubSub3.xml
----------------- Instantiating /home/travis/build/icyphy/ptII/ptolemy/actor/lib/test/auto/LazyPubSub3.xml
14 ms. Memory: 1366528K Free: 1215719K (89%)
----------------- Invoking toplevel() on ptolemy.moml.MoMLSimpleApplication@393bdd88
----------------- Done invoking toplevel() on ptolemy.moml.MoMLSimpleApplication@393bdd88
reloadAllAccessors: .LazyPubSub3

===========================================================================================
----------------- testing Fri Oct 12 02:29:06 UTC 2018 /home/travis/build/icyphy/ptII/ptolemy/actor/lib/test/auto/LazySubClassModel.xml
----------------- Instantiating /home/travis/build/icyphy/ptII/ptolemy/actor/lib/test/auto/LazySubClassModel.xml
1 ms. Memory: 1366528K Free: 1192544K (87%)
----------------- Invoking toplevel() on ptolemy.moml.MoMLSimpleApplication@1f097531
----------------- Done invoking toplevel() on ptolemy.moml.MoMLSimpleApplication@1f097531
reloadAllAccessors: .LazySubClassModel

===========================================================================================
----------------- testing Fri Oct 12 02:29:06 UTC 2018 /home/travis/build/icyphy/ptII/ptolemy/actor/lib/test/auto/LevelCrossTest1.xml
----------------- Instantiating /home/travis/build/icyphy/ptII/ptolemy/actor/lib/test/auto/LevelCrossTest1.xml
1 ms. Memory: 1366528K Free: 1182550K (87%)
----------------- Invoking toplevel() on ptolemy.moml.MoMLSimpleApplication@75d063c0
----------------- Done invoking toplevel() on ptolemy.moml.MoMLSimpleApplication@75d063c0
reloadAllAccessors: .broken

===========================================================================================
----------------- testing Fri Oct 12 02:29:06 UTC 2018 /home/travis/build/icyphy/ptII/ptolemy/actor/lib/test/auto/LevelCrossTest10.xml
----------------- Instantiating /home/travis/build/icyphy/ptII/ptolemy/actor/lib/test/auto/LevelCrossTest10.xml
1 ms. Memory: 1366528K Free: 1167558K (85%)
----------------- Invoking toplevel() on ptolemy.moml.MoMLSimpleApplication@27139d41
----------------- Done invoking toplevel() on ptolemy.moml.MoMLSimpleApplication@27139d41
reloadAllAccessors: .LevelCrossTest10

===========================================================================================
----------------- testing Fri Oct 12 02:29:06 UTC 2018 /home/travis/build/icyphy/ptII/ptolemy/actor/lib/test/auto/LevelCrossTest11.xml
----------------- Instantiating /home/travis/build/icyphy/ptII/ptolemy/actor/lib/test/auto/LevelCrossTest11.xml
1 ms. Memory: 1366528K Free: 1144399K (84%)
----------------- Invoking toplevel() on ptolemy.moml.MoMLSimpleApplication@152410f6
----------------- Done invoking toplevel() on ptolemy.moml.MoMLSimpleApplication@152410f6
reloadAllAccessors: .LevelCrossTest11

===========================================================================================
----------------- testing Fri Oct 12 02:29:06 UTC 2018 /home/travis/build/icyphy/ptII/ptolemy/actor/lib/test/auto/LevelCrossTest12.xml
----------------- Instantiating /home/travis/build/icyphy/ptII/ptolemy/actor/lib/test/auto/LevelCrossTest12.xml
1 ms. Memory: 1366528K Free: 1129407K (83%)
----------------- Invoking toplevel() on ptolemy.moml.MoMLSimpleApplication@3390c324
----------------- Done invoking toplevel() on ptolemy.moml.MoMLSimpleApplication@3390c324
reloadAllAccessors: .LevelCrossTest12

===========================================================================================
----------------- testing Fri Oct 12 02:29:06 UTC 2018 /home/travis/build/icyphy/ptII/ptolemy/actor/lib/test/auto/LevelCrossTest13.xml
----------------- Instantiating /home/travis/build/icyphy/ptII/ptolemy/actor/lib/test/auto/LevelCrossTest13.xml
1 ms. Memory: 1366528K Free: 1119413K (82%)
----------------- Invoking toplevel() on ptolemy.moml.MoMLSimpleApplication@5ce2a2d2
----------------- Done invoking toplevel() on ptolemy.moml.MoMLSimpleApplication@5ce2a2d2
reloadAllAccessors: .LevelCrossTest13

===========================================================================================
----------------- testing Fri Oct 12 02:29:06 UTC 2018 /home/travis/build/icyphy/ptII/ptolemy/actor/lib/test/auto/LevelCrossTest2.xml
----------------- Instantiating /home/travis/build/icyphy/ptII/ptolemy/actor/lib/test/auto/LevelCrossTest2.xml
1 ms. Memory: 1366528K Free: 1109418K (81%)
----------------- Invoking toplevel() on ptolemy.moml.MoMLSimpleApplication@c773f1e
----------------- Done invoking toplevel() on ptolemy.moml.MoMLSimpleApplication@c773f1e
reloadAllAccessors: .broken

===========================================================================================
----------------- testing Fri Oct 12 02:29:06 UTC 2018 /home/travis/build/icyphy/ptII/ptolemy/actor/lib/test/auto/LevelCrossTest3.xml
----------------- Instantiating /home/travis/build/icyphy/ptII/ptolemy/actor/lib/test/auto/LevelCrossTest3.xml
1 ms. Memory: 1366528K Free: 1091256K (80%)
----------------- Invoking toplevel() on ptolemy.moml.MoMLSimpleApplication@3dc99b3
----------------- Done invoking toplevel() on ptolemy.moml.MoMLSimpleApplication@3dc99b3
reloadAllAccessors: .LevelCrossTest3

===========================================================================================
----------------- testing Fri Oct 12 02:29:06 UTC 2018 /home/travis/build/icyphy/ptII/ptolemy/actor/lib/test/auto/LevelCrossTest4.xml
----------------- Instantiating /home/travis/build/icyphy/ptII/ptolemy/actor/lib/test/auto/LevelCrossTest4.xml
1 ms. Memory: 1366528K Free: 1081262K (79%)
----------------- Invoking toplevel() on ptolemy.moml.MoMLSimpleApplication@667703d3
----------------- Done invoking toplevel() on ptolemy.moml.MoMLSimpleApplication@667703d3
reloadAllAccessors: .broken

===========================================================================================
----------------- testing Fri Oct 12 02:29:06 UTC 2018 /home/travis/build/icyphy/ptII/ptolemy/actor/lib/test/auto/LevelCrossTest5.xml
----------------- Instantiating /home/travis/build/icyphy/ptII/ptolemy/actor/lib/test/auto/LevelCrossTest5.xml
1 ms. Memory: 1366528K Free: 1066255K (78%)
----------------- Invoking toplevel() on ptolemy.moml.MoMLSimpleApplication@878b0a
----------------- Done invoking toplevel() on ptolemy.moml.MoMLSimpleApplication@878b0a
reloadAllAccessors: .LevelCrossTest5

===========================================================================================
----------------- testing Fri Oct 12 02:29:06 UTC 2018 /home/travis/build/icyphy/ptII/ptolemy/actor/lib/test/auto/LevelCrossTest6.xml
----------------- Instantiating /home/travis/build/icyphy/ptII/ptolemy/actor/lib/test/auto/LevelCrossTest6.xml
1 ms. Memory: 1366528K Free: 1048093K (77%)
----------------- Invoking toplevel() on ptolemy.moml.MoMLSimpleApplication@613087c8
----------------- Done invoking toplevel() on ptolemy.moml.MoMLSimpleApplication@613087c8
reloadAllAccessors: .LevelCrossTest6

===========================================================================================
----------------- testing Fri Oct 12 02:29:07 UTC 2018 /home/travis/build/icyphy/ptII/ptolemy/actor/lib/test/auto/LevelCrossTest7.xml
----------------- Instantiating /home/travis/build/icyphy/ptII/ptolemy/actor/lib/test/auto/LevelCrossTest7.xml
1 ms. Memory: 1366528K Free: 1033101K (76%)
----------------- Invoking toplevel() on ptolemy.moml.MoMLSimpleApplication@a880c93
----------------- Done invoking toplevel() on ptolemy.moml.MoMLSimpleApplication@a880c93
reloadAllAccessors: .LevelCrossTest7

===========================================================================================
----------------- testing Fri Oct 12 02:29:07 UTC 2018 /home/travis/build/icyphy/ptII/ptolemy/actor/lib/test/auto/LevelCrossTest8.xml
----------------- Instantiating /home/travis/build/icyphy/ptII/ptolemy/actor/lib/test/auto/LevelCrossTest8.xml
1 ms. Memory: 1366528K Free: 1018108K (75%)
----------------- Invoking toplevel() on ptolemy.moml.MoMLSimpleApplication@43fb2edf
----------------- Done invoking toplevel() on ptolemy.moml.MoMLSimpleApplication@43fb2edf
reloadAllAccessors: .LevelCrossTest8

===========================================================================================
----------------- testing Fri Oct 12 02:29:07 UTC 2018 /home/travis/build/icyphy/ptII/ptolemy/actor/lib/test/auto/LevelCrossTest9.xml
----------------- Instantiating /home/travis/build/icyphy/ptII/ptolemy/actor/lib/test/auto/LevelCrossTest9.xml
1 ms. Memory: 1366528K Free: 1003101K (73%)
----------------- Invoking toplevel() on ptolemy.moml.MoMLSimpleApplication@52ba602b
----------------- Done invoking toplevel() on ptolemy.moml.MoMLSimpleApplication@52ba602b
reloadAllAccessors: .LevelCrossTest9

===========================================================================================
----------------- testing Fri Oct 12 02:29:07 UTC 2018 /home/travis/build/icyphy/ptII/ptolemy/actor/lib/test/auto/LevinsonDurbin.xml
----------------- Instantiating /home/travis/build/icyphy/ptII/ptolemy/actor/lib/test/auto/LevinsonDurbin.xml
1 ms. Memory: 1366528K Free: 984939K (72%)
----------------- Invoking toplevel() on ptolemy.moml.MoMLSimpleApplication@79a3bfd9
----------------- Done invoking toplevel() on ptolemy.moml.MoMLSimpleApplication@79a3bfd9
reloadAllAccessors: .LevinsonDurbin

===========================================================================================
----------------- testing Fri Oct 12 02:29:07 UTC 2018 /home/travis/build/icyphy/ptII/ptolemy/actor/lib/test/auto/LevinsonDurbin2.xml
----------------- Instantiating /home/travis/build/icyphy/ptII/ptolemy/actor/lib/test/auto/LevinsonDurbin2.xml
1 ms. Memory: 1366528K Free: 974945K (71%)
----------------- Invoking toplevel() on ptolemy.moml.MoMLSimpleApplication@2d87dd48
----------------- Done invoking toplevel() on ptolemy.moml.MoMLSimpleApplication@2d87dd48
reloadAllAccessors: .LevinsonDurbin2

===========================================================================================
----------------- testing Fri Oct 12 02:29:07 UTC 2018 /home/travis/build/icyphy/ptII/ptolemy/actor/lib/test/auto/LevinsonDurbin3.xml
----------------- Instantiating /home/travis/build/icyphy/ptII/ptolemy/actor/lib/test/auto/LevinsonDurbin3.xml
1 ms. Memory: 1366528K Free: 964951K (71%)
----------------- Invoking toplevel() on ptolemy.moml.MoMLSimpleApplication@4018f475
----------------- Done invoking toplevel() on ptolemy.moml.MoMLSimpleApplication@4018f475
reloadAllAccessors: .LevinsonDurbin3

===========================================================================================
----------------- testing Fri Oct 12 02:29:07 UTC 2018 /home/travis/build/icyphy/ptII/ptolemy/actor/lib/test/auto/Limiter.xml
----------------- Instantiating /home/travis/build/icyphy/ptII/ptolemy/actor/lib/test/auto/Limiter.xml
3 ms. Memory: 1366528K Free: 941776K (69%)
----------------- Invoking toplevel() on ptolemy.moml.MoMLSimpleApplication@3d730120
----------------- Done invoking toplevel() on ptolemy.moml.MoMLSimpleApplication@3d730120
reloadAllAccessors: .Limiter

===========================================================================================
----------------- testing Fri Oct 12 02:29:07 UTC 2018 /home/travis/build/icyphy/ptII/ptolemy/actor/lib/test/auto/LinearDifferenceEquationSystem.xml
----------------- Instantiating /home/travis/build/icyphy/ptII/ptolemy/actor/lib/test/auto/LinearDifferenceEquationSystem.xml
2 ms. Memory: 1366528K Free: 926769K (68%)
----------------- Invoking toplevel() on ptolemy.moml.MoMLSimpleApplication@26a1e448
----------------- Done invoking toplevel() on ptolemy.moml.MoMLSimpleApplication@26a1e448
reloadAllAccessors: .LinearDifferenceEquationSystem

===========================================================================================
----------------- testing Fri Oct 12 02:29:07 UTC 2018 /home/travis/build/icyphy/ptII/ptolemy/actor/lib/test/auto/LookupTable.xml
----------------- Instantiating /home/travis/build/icyphy/ptII/ptolemy/actor/lib/test/auto/LookupTable.xml
1 ms. Memory: 1366528K Free: 916774K (67%)
----------------- Invoking toplevel() on ptolemy.moml.MoMLSimpleApplication@1845361
----------------- Done invoking toplevel() on ptolemy.moml.MoMLSimpleApplication@1845361
reloadAllAccessors: .LookupTable

===========================================================================================
----------------- testing Fri Oct 12 02:29:07 UTC 2018 /home/travis/build/icyphy/ptII/ptolemy/actor/lib/test/auto/MathFunction.xml
----------------- Instantiating /home/travis/build/icyphy/ptII/ptolemy/actor/lib/test/auto/MathFunction.xml
2 ms. Memory: 1366528K Free: 901767K (66%)
----------------- Invoking toplevel() on ptolemy.moml.MoMLSimpleApplication@49f48f7d
----------------- Done invoking toplevel() on ptolemy.moml.MoMLSimpleApplication@49f48f7d
reloadAllAccessors: .MathFunction

===========================================================================================
----------------- testing Fri Oct 12 02:29:07 UTC 2018 /home/travis/build/icyphy/ptII/ptolemy/actor/lib/test/auto/MathFunction2.xml
----------------- Instantiating /home/travis/build/icyphy/ptII/ptolemy/actor/lib/test/auto/MathFunction2.xml
1 ms. Memory: 1366528K Free: 883605K (65%)
----------------- Invoking toplevel() on ptolemy.moml.MoMLSimpleApplication@103b07c1
----------------- Done invoking toplevel() on ptolemy.moml.MoMLSimpleApplication@103b07c1
reloadAllAccessors: .MathFunction2

===========================================================================================
----------------- testing Fri Oct 12 02:29:07 UTC 2018 /home/travis/build/icyphy/ptII/ptolemy/actor/lib/test/auto/MathFunction3.xml
----------------- Instantiating /home/travis/build/icyphy/ptII/ptolemy/actor/lib/test/auto/MathFunction3.xml
2 ms. Memory: 1366528K Free: 868606K (64%)
----------------- Invoking toplevel() on ptolemy.moml.MoMLSimpleApplication@47744c86
----------------- Done invoking toplevel() on ptolemy.moml.MoMLSimpleApplication@47744c86
reloadAllAccessors: .MathFunction3

===========================================================================================
----------------- testing Fri Oct 12 02:29:07 UTC 2018 /home/travis/build/icyphy/ptII/ptolemy/actor/lib/test/auto/MatrixCropBoolean.xml
----------------- Instantiating /home/travis/build/icyphy/ptII/ptolemy/actor/lib/test/auto/MatrixCropBoolean.xml
1 ms. Memory: 1366528K Free: 858612K (63%)
----------------- Invoking toplevel() on ptolemy.moml.MoMLSimpleApplication@11a7bc1a
----------------- Done invoking toplevel() on ptolemy.moml.MoMLSimpleApplication@11a7bc1a
reloadAllAccessors: .MatrixCropBoolean

===========================================================================================
----------------- testing Fri Oct 12 02:29:07 UTC 2018 /home/travis/build/icyphy/ptII/ptolemy/actor/lib/test/auto/MatrixCropComplex.xml
----------------- Instantiating /home/travis/build/icyphy/ptII/ptolemy/actor/lib/test/auto/MatrixCropComplex.xml
2 ms. Memory: 1366528K Free: 848617K (62%)
----------------- Invoking toplevel() on ptolemy.moml.MoMLSimpleApplication@7278a199
----------------- Done invoking toplevel() on ptolemy.moml.MoMLSimpleApplication@7278a199
reloadAllAccessors: .MatrixCropComplex

===========================================================================================
----------------- testing Fri Oct 12 02:29:07 UTC 2018 /home/travis/build/icyphy/ptII/ptolemy/actor/lib/test/auto/MatrixCropDouble.xml
----------------- Instantiating /home/travis/build/icyphy/ptII/ptolemy/actor/lib/test/auto/MatrixCropDouble.xml
1 ms. Memory: 1366528K Free: 830455K (61%)
----------------- Invoking toplevel() on ptolemy.moml.MoMLSimpleApplication@1cf96e54
----------------- Done invoking toplevel() on ptolemy.moml.MoMLSimpleApplication@1cf96e54
reloadAllAccessors: .MatrixCropDouble

===========================================================================================
----------------- testing Fri Oct 12 02:29:07 UTC 2018 /home/travis/build/icyphy/ptII/ptolemy/actor/lib/test/auto/MatrixCropFix.xml
----------------- Instantiating /home/travis/build/icyphy/ptII/ptolemy/actor/lib/test/auto/MatrixCropFix.xml
2 ms. Memory: 1366528K Free: 820461K (60%)
----------------- Invoking toplevel() on ptolemy.moml.MoMLSimpleApplication@5dca9166
----------------- Done invoking toplevel() on ptolemy.moml.MoMLSimpleApplication@5dca9166
reloadAllAccessors: .MatrixCropFix

===========================================================================================
----------------- testing Fri Oct 12 02:29:07 UTC 2018 /home/travis/build/icyphy/ptII/ptolemy/actor/lib/test/auto/MatrixCropInt.xml
----------------- Instantiating /home/travis/build/icyphy/ptII/ptolemy/actor/lib/test/auto/MatrixCropInt.xml
2 ms. Memory: 1366528K Free: 810467K (59%)
----------------- Invoking toplevel() on ptolemy.moml.MoMLSimpleApplication@5778fd33
----------------- Done invoking toplevel() on ptolemy.moml.MoMLSimpleApplication@5778fd33
reloadAllAccessors: .MatrixCropInt

===========================================================================================
----------------- testing Fri Oct 12 02:29:07 UTC 2018 /home/travis/build/icyphy/ptII/ptolemy/actor/lib/test/auto/MatrixCropLong.xml
----------------- Instantiating /home/travis/build/icyphy/ptII/ptolemy/actor/lib/test/auto/MatrixCropLong.xml
1 ms. Memory: 1366528K Free: 792305K (58%)
----------------- Invoking toplevel() on ptolemy.moml.MoMLSimpleApplication@69e5b517
----------------- Done invoking toplevel() on ptolemy.moml.MoMLSimpleApplication@69e5b517
reloadAllAccessors: .MatrixCropLong

===========================================================================================
----------------- testing Fri Oct 12 02:29:07 UTC 2018 /home/travis/build/icyphy/ptII/ptolemy/actor/lib/test/auto/MatrixToArray.xml
----------------- Instantiating /home/travis/build/icyphy/ptII/ptolemy/actor/lib/test/auto/MatrixToArray.xml
5 ms. Memory: 1366528K Free: 772300K (57%)
----------------- Invoking toplevel() on ptolemy.moml.MoMLSimpleApplication@29c80591
----------------- Done invoking toplevel() on ptolemy.moml.MoMLSimpleApplication@29c80591
reloadAllAccessors: .MatrixToArray

===========================================================================================
----------------- testing Fri Oct 12 02:29:07 UTC 2018 /home/travis/build/icyphy/ptII/ptolemy/actor/lib/test/auto/MaxIndex.xml
----------------- Instantiating /home/travis/build/icyphy/ptII/ptolemy/actor/lib/test/auto/MaxIndex.xml
2 ms. Memory: 1366528K Free: 762306K (56%)
----------------- Invoking toplevel() on ptolemy.moml.MoMLSimpleApplication@3e82c832
----------------- Done invoking toplevel() on ptolemy.moml.MoMLSimpleApplication@3e82c832
reloadAllAccessors: .MaxIndex

===========================================================================================
----------------- testing Fri Oct 12 02:29:07 UTC 2018 /home/travis/build/icyphy/ptII/ptolemy/actor/lib/test/auto/Maximum.xml
----------------- Instantiating /home/travis/build/icyphy/ptII/ptolemy/actor/lib/test/auto/Maximum.xml
3 ms. Memory: 1366528K Free: 752312K (55%)
----------------- Invoking toplevel() on ptolemy.moml.MoMLSimpleApplication@68a12de2
----------------- Done invoking toplevel() on ptolemy.moml.MoMLSimpleApplication@68a12de2
reloadAllAccessors: .Maximum

===========================================================================================
----------------- testing Fri Oct 12 02:29:07 UTC 2018 /home/travis/build/icyphy/ptII/ptolemy/actor/lib/test/auto/MaximumComplex.xml
----------------- Instantiating /home/travis/build/icyphy/ptII/ptolemy/actor/lib/test/auto/MaximumComplex.xml
2 ms. Memory: 1366528K Free: 734150K (54%)
----------------- Invoking toplevel() on ptolemy.moml.MoMLSimpleApplication@d4618c5
----------------- Done invoking toplevel() on ptolemy.moml.MoMLSimpleApplication@d4618c5
reloadAllAccessors: .MaximumComplex

===========================================================================================
----------------- testing Fri Oct 12 02:29:07 UTC 2018 /home/travis/build/icyphy/ptII/ptolemy/actor/lib/test/auto/MethodCallTest.xml
----------------- Instantiating /home/travis/build/icyphy/ptII/ptolemy/actor/lib/test/auto/MethodCallTest.xml
2 ms. Memory: 1366528K Free: 724156K (53%)
----------------- Invoking toplevel() on ptolemy.moml.MoMLSimpleApplication@278dd19e
----------------- Done invoking toplevel() on ptolemy.moml.MoMLSimpleApplication@278dd19e
reloadAllAccessors: .MethodCallTest

===========================================================================================
----------------- testing Fri Oct 12 02:29:07 UTC 2018 /home/travis/build/icyphy/ptII/ptolemy/actor/lib/test/auto/Minimum.xml
----------------- Instantiating /home/travis/build/icyphy/ptII/ptolemy/actor/lib/test/auto/Minimum.xml
2 ms. Memory: 1366528K Free: 709164K (52%)
----------------- Invoking toplevel() on ptolemy.moml.MoMLSimpleApplication@64fd507f
----------------- Done invoking toplevel() on ptolemy.moml.MoMLSimpleApplication@64fd507f
reloadAllAccessors: .Minimum

===========================================================================================
----------------- testing Fri Oct 12 02:29:07 UTC 2018 /home/travis/build/icyphy/ptII/ptolemy/actor/lib/test/auto/MinimumComplex.xml
----------------- Instantiating /home/travis/build/icyphy/ptII/ptolemy/actor/lib/test/auto/MinimumComplex.xml
2 ms. Memory: 1366528K Free: 691002K (51%)
----------------- Invoking toplevel() on ptolemy.moml.MoMLSimpleApplication@236f6c88
----------------- Done invoking toplevel() on ptolemy.moml.MoMLSimpleApplication@236f6c88
reloadAllAccessors: .MinimumComplex

===========================================================================================
----------------- testing Fri Oct 12 02:29:07 UTC 2018 /home/travis/build/icyphy/ptII/ptolemy/actor/lib/test/auto/MinimumMultiports.xml
----------------- Instantiating /home/travis/build/icyphy/ptII/ptolemy/actor/lib/test/auto/MinimumMultiports.xml
3 ms. Memory: 1366528K Free: 676011K (49%)
----------------- Invoking toplevel() on ptolemy.moml.MoMLSimpleApplication@1f3633d6
----------------- Done invoking toplevel() on ptolemy.moml.MoMLSimpleApplication@1f3633d6
reloadAllAccessors: .MinimumMultiports

===========================================================================================
----------------- testing Fri Oct 12 02:29:07 UTC 2018 /home/travis/build/icyphy/ptII/ptolemy/actor/lib/test/auto/ModifyDate.xml
----------------- Instantiating /home/travis/build/icyphy/ptII/ptolemy/actor/lib/test/auto/ModifyDate.xml
4 ms. Memory: 1366528K Free: 656022K (48%)
----------------- Invoking toplevel() on ptolemy.moml.MoMLSimpleApplication@a8a5def
----------------- Done invoking toplevel() on ptolemy.moml.MoMLSimpleApplication@a8a5def
reloadAllAccessors: .ModifyDate

===========================================================================================
----------------- testing Fri Oct 12 02:29:07 UTC 2018 /home/travis/build/icyphy/ptII/ptolemy/actor/lib/test/auto/ModifyDate2.xml
----------------- Instantiating /home/travis/build/icyphy/ptII/ptolemy/actor/lib/test/auto/ModifyDate2.xml
2 ms. Memory: 1366528K Free: 641030K (47%)
----------------- Invoking toplevel() on ptolemy.moml.MoMLSimpleApplication@72422fef
----------------- Done invoking toplevel() on ptolemy.moml.MoMLSimpleApplication@72422fef
reloadAllAccessors: .ModifyDate2

===========================================================================================
----------------- testing Fri Oct 12 02:29:07 UTC 2018 /home/travis/build/icyphy/ptII/ptolemy/actor/lib/test/auto/MovingAverage.xml
----------------- Instantiating /home/travis/build/icyphy/ptII/ptolemy/actor/lib/test/auto/MovingAverage.xml
2 ms. Memory: 1366528K Free: 622869K (46%)
----------------- Invoking toplevel() on ptolemy.moml.MoMLSimpleApplication@6faa786f
----------------- Done invoking toplevel() on ptolemy.moml.MoMLSimpleApplication@6faa786f
reloadAllAccessors: .MovingAverage

===========================================================================================
----------------- testing Fri Oct 12 02:29:07 UTC 2018 /home/travis/build/icyphy/ptII/ptolemy/actor/lib/test/auto/MovingMaximum.xml
----------------- Instantiating /home/travis/build/icyphy/ptII/ptolemy/actor/lib/test/auto/MovingMaximum.xml
2 ms. Memory: 1366528K Free: 612874K (45%)
----------------- Invoking toplevel() on ptolemy.moml.MoMLSimpleApplication@7f468a61
----------------- Done invoking toplevel() on ptolemy.moml.MoMLSimpleApplication@7f468a61
reloadAllAccessors: .MovingMaximum

===========================================================================================
----------------- testing Fri Oct 12 02:29:07 UTC 2018 /home/travis/build/icyphy/ptII/ptolemy/actor/lib/test/auto/MultipleLinksToSameRelation.xml
----------------- Instantiating /home/travis/build/icyphy/ptII/ptolemy/actor/lib/test/auto/MultipleLinksToSameRelation.xml
2 ms. Memory: 1366528K Free: 602880K (44%)
----------------- Invoking toplevel() on ptolemy.moml.MoMLSimpleApplication@6559573e
----------------- Done invoking toplevel() on ptolemy.moml.MoMLSimpleApplication@6559573e
reloadAllAccessors: .MultipleLinksToSameRelation

===========================================================================================
----------------- testing Fri Oct 12 02:29:07 UTC 2018 /home/travis/build/icyphy/ptII/ptolemy/actor/lib/test/auto/MultipleLinksToSameRelationDE.xml
----------------- Instantiating /home/travis/build/icyphy/ptII/ptolemy/actor/lib/test/auto/MultipleLinksToSameRelationDE.xml
1 ms. Memory: 1366528K Free: 584718K (43%)
----------------- Invoking toplevel() on ptolemy.moml.MoMLSimpleApplication@2773f020
----------------- Done invoking toplevel() on ptolemy.moml.MoMLSimpleApplication@2773f020
reloadAllAccessors: .MultipleLinksToSameRelationDE

===========================================================================================
----------------- testing Fri Oct 12 02:29:07 UTC 2018 /home/travis/build/icyphy/ptII/ptolemy/actor/lib/test/auto/Multiplexor.xml
----------------- Instantiating /home/travis/build/icyphy/ptII/ptolemy/actor/lib/test/auto/Multiplexor.xml
2 ms. Memory: 1366528K Free: 574724K (42%)
----------------- Invoking toplevel() on ptolemy.moml.MoMLSimpleApplication@51e202c2
----------------- Done invoking toplevel() on ptolemy.moml.MoMLSimpleApplication@51e202c2
reloadAllAccessors: .Multiplexor

===========================================================================================
----------------- testing Fri Oct 12 02:29:07 UTC 2018 /home/travis/build/icyphy/ptII/ptolemy/actor/lib/test/auto/Multiplexor1.xml
----------------- Instantiating /home/travis/build/icyphy/ptII/ptolemy/actor/lib/test/auto/Multiplexor1.xml
2 ms. Memory: 1366528K Free: 564730K (41%)
----------------- Invoking toplevel() on ptolemy.moml.MoMLSimpleApplication@20b7bee0
----------------- Done invoking toplevel() on ptolemy.moml.MoMLSimpleApplication@20b7bee0
reloadAllAccessors: .Multiplexor1

===========================================================================================
----------------- testing Fri Oct 12 02:29:07 UTC 2018 /home/travis/build/icyphy/ptII/ptolemy/actor/lib/test/auto/Multiplexor2.xml
----------------- Instantiating /home/travis/build/icyphy/ptII/ptolemy/actor/lib/test/auto/Multiplexor2.xml
1 ms. Memory: 1366528K Free: 554735K (41%)
----------------- Invoking toplevel() on ptolemy.moml.MoMLSimpleApplication@8128618
----------------- Done invoking toplevel() on ptolemy.moml.MoMLSimpleApplication@8128618
reloadAllAccessors: .Multiplexor2

===========================================================================================
----------------- testing Fri Oct 12 02:29:07 UTC 2018 /home/travis/build/icyphy/ptII/ptolemy/actor/lib/test/auto/Multiplexor3.xml
----------------- Instantiating /home/travis/build/icyphy/ptII/ptolemy/actor/lib/test/auto/Multiplexor3.xml
1 ms. Memory: 1366528K Free: 536574K (39%)
----------------- Invoking toplevel() on ptolemy.moml.MoMLSimpleApplication@3db258cb
----------------- Done invoking toplevel() on ptolemy.moml.MoMLSimpleApplication@3db258cb
reloadAllAccessors: .Multiplexor3

===========================================================================================
----------------- testing Fri Oct 12 02:29:07 UTC 2018 /home/travis/build/icyphy/ptII/ptolemy/actor/lib/test/auto/MultiplexorDE.xml
----------------- Instantiating /home/travis/build/icyphy/ptII/ptolemy/actor/lib/test/auto/MultiplexorDE.xml
1 ms. Memory: 1366528K Free: 521582K (38%)
----------------- Invoking toplevel() on ptolemy.moml.MoMLSimpleApplication@1a993ff2
----------------- Done invoking toplevel() on ptolemy.moml.MoMLSimpleApplication@1a993ff2
reloadAllAccessors: .MultiplexorDE

===========================================================================================
----------------- testing Fri Oct 12 02:29:07 UTC 2018 /home/travis/build/icyphy/ptII/ptolemy/actor/lib/test/auto/MultiportBroadcastTest.xml
----------------- Instantiating /home/travis/build/icyphy/ptII/ptolemy/actor/lib/test/auto/MultiportBroadcastTest.xml
51 ms. Memory: 1366528K Free: 511587K (37%)
----------------- Invoking toplevel() on ptolemy.moml.MoMLSimpleApplication@7036686e
----------------- Done invoking toplevel() on ptolemy.moml.MoMLSimpleApplication@7036686e
reloadAllAccessors: .MultiportBroadcastTest

===========================================================================================
----------------- testing Fri Oct 12 02:29:07 UTC 2018 /home/travis/build/icyphy/ptII/ptolemy/actor/lib/test/auto/MultiportOutHangDuringGetWidth.xml
----------------- Instantiating /home/travis/build/icyphy/ptII/ptolemy/actor/lib/test/auto/MultiportOutHangDuringGetWidth.xml
4 ms. Memory: 1366528K Free: 483431K (35%)
----------------- Invoking toplevel() on ptolemy.moml.MoMLSimpleApplication@36829ed3
----------------- Done invoking toplevel() on ptolemy.moml.MoMLSimpleApplication@36829ed3
reloadAllAccessors: .MultiportOutHangDuringGetWidth

===========================================================================================
----------------- testing Fri Oct 12 02:29:07 UTC 2018 /home/travis/build/icyphy/ptII/ptolemy/actor/lib/test/auto/NilToken.xml
----------------- Instantiating /home/travis/build/icyphy/ptII/ptolemy/actor/lib/test/auto/NilToken.xml
1 ms. Memory: 1366528K Free: 473437K (35%)
----------------- Invoking toplevel() on ptolemy.moml.MoMLSimpleApplication@2cb0f215
----------------- Done invoking toplevel() on ptolemy.moml.MoMLSimpleApplication@2cb0f215
reloadAllAccessors: .NilToken

===========================================================================================
----------------- testing Fri Oct 12 02:29:07 UTC 2018 /home/travis/build/icyphy/ptII/ptolemy/actor/lib/test/auto/NilTokenNonStrictTest.xml
----------------- Instantiating /home/travis/build/icyphy/ptII/ptolemy/actor/lib/test/auto/NilTokenNonStrictTest.xml
1 ms. Memory: 1366528K Free: 463443K (34%)
----------------- Invoking toplevel() on ptolemy.moml.MoMLSimpleApplication@28f92400
----------------- Done invoking toplevel() on ptolemy.moml.MoMLSimpleApplication@28f92400
reloadAllAccessors: .NilTokenNonStrictTest

===========================================================================================
----------------- testing Fri Oct 12 02:29:07 UTC 2018 /home/travis/build/icyphy/ptII/ptolemy/actor/lib/test/auto/NilTokenRecord.xml
----------------- Instantiating /home/travis/build/icyphy/ptII/ptolemy/actor/lib/test/auto/NilTokenRecord.xml
4 ms. Memory: 1366528K Free: 445281K (33%)
----------------- Invoking toplevel() on ptolemy.moml.MoMLSimpleApplication@3bf26643
----------------- Done invoking toplevel() on ptolemy.moml.MoMLSimpleApplication@3bf26643
reloadAllAccessors: .NilTokenRecord

===========================================================================================
----------------- testing Fri Oct 12 02:29:07 UTC 2018 /home/travis/build/icyphy/ptII/ptolemy/actor/lib/test/auto/NilTokenTypeTest.xml
----------------- Instantiating /home/travis/build/icyphy/ptII/ptolemy/actor/lib/test/auto/NilTokenTypeTest.xml
3 ms. Memory: 1366528K Free: 430274K (31%)
----------------- Invoking toplevel() on ptolemy.moml.MoMLSimpleApplication@6a7e59e
----------------- Done invoking toplevel() on ptolemy.moml.MoMLSimpleApplication@6a7e59e
reloadAllAccessors: .NilTokenTypeTest

===========================================================================================
----------------- testing Fri Oct 12 02:29:07 UTC 2018 /home/travis/build/icyphy/ptII/ptolemy/actor/lib/test/auto/ObjectToken1.xml
----------------- Instantiating /home/travis/build/icyphy/ptII/ptolemy/actor/lib/test/auto/ObjectToken1.xml
1 ms. Memory: 1366528K Free: 420279K (31%)
----------------- Invoking toplevel() on ptolemy.moml.MoMLSimpleApplication@32546fa1
----------------- Done invoking toplevel() on ptolemy.moml.MoMLSimpleApplication@32546fa1
reloadAllAccessors: .ObjectToken1

===========================================================================================
----------------- testing Fri Oct 12 02:29:07 UTC 2018 /home/travis/build/icyphy/ptII/ptolemy/actor/lib/test/auto/OrderedMerge.xml
----------------- Instantiating /home/travis/build/icyphy/ptII/ptolemy/actor/lib/test/auto/OrderedMerge.xml
5 ms. Memory: 1366528K Free: 390296K (29%)
----------------- Invoking toplevel() on ptolemy.moml.MoMLSimpleApplication@19b2eb19
----------------- Done invoking toplevel() on ptolemy.moml.MoMLSimpleApplication@19b2eb19
reloadAllAccessors: .OrderedMerge

===========================================================================================
----------------- testing Fri Oct 12 02:29:07 UTC 2018 /home/travis/build/icyphy/ptII/ptolemy/actor/lib/test/auto/OrderedRecordDisassembler.xml
----------------- Instantiating /home/travis/build/icyphy/ptII/ptolemy/actor/lib/test/auto/OrderedRecordDisassembler.xml
3 ms. Memory: 1366528K Free: 372134K (27%)
----------------- Invoking toplevel() on ptolemy.moml.MoMLSimpleApplication@371baf4e
----------------- Done invoking toplevel() on ptolemy.moml.MoMLSimpleApplication@371baf4e
reloadAllAccessors: .OrderedRecordDisassembler

===========================================================================================
----------------- testing Fri Oct 12 02:29:07 UTC 2018 /home/travis/build/icyphy/ptII/ptolemy/actor/lib/test/auto/OrderedRecordDisassembler2.xml
----------------- Instantiating /home/travis/build/icyphy/ptII/ptolemy/actor/lib/test/auto/OrderedRecordDisassembler2.xml
3 ms. Memory: 1366528K Free: 357127K (26%)
----------------- Invoking toplevel() on ptolemy.moml.MoMLSimpleApplication@67061927
----------------- Done invoking toplevel() on ptolemy.moml.MoMLSimpleApplication@67061927
reloadAllAccessors: .OrderedRecordDisassembler2

===========================================================================================
----------------- testing Fri Oct 12 02:29:07 UTC 2018 /home/travis/build/icyphy/ptII/ptolemy/actor/lib/test/auto/OrderedRecordUpdater.xml
----------------- Instantiating /home/travis/build/icyphy/ptII/ptolemy/actor/lib/test/auto/OrderedRecordUpdater.xml
1 ms. Memory: 1366528K Free: 347133K (25%)
----------------- Invoking toplevel() on ptolemy.moml.MoMLSimpleApplication@6a2b8493
----------------- Done invoking toplevel() on ptolemy.moml.MoMLSimpleApplication@6a2b8493
reloadAllAccessors: .RecordUpdater

===========================================================================================
----------------- testing Fri Oct 12 02:29:07 UTC 2018 /home/travis/build/icyphy/ptII/ptolemy/actor/lib/test/auto/OrderedRecordUpdater2.xml
----------------- Instantiating /home/travis/build/icyphy/ptII/ptolemy/actor/lib/test/auto/OrderedRecordUpdater2.xml
2 ms. Memory: 1366528K Free: 328971K (24%)
----------------- Invoking toplevel() on ptolemy.moml.MoMLSimpleApplication@49d138e3
----------------- Done invoking toplevel() on ptolemy.moml.MoMLSimpleApplication@49d138e3
reloadAllAccessors: .RecordUpdater2

===========================================================================================
----------------- testing Fri Oct 12 02:29:07 UTC 2018 /home/travis/build/icyphy/ptII/ptolemy/actor/lib/test/auto/PhaseUnwrap.xml
----------------- Instantiating /home/travis/build/icyphy/ptII/ptolemy/actor/lib/test/auto/PhaseUnwrap.xml
4 ms. Memory: 1366528K Free: 318977K (23%)
----------------- Invoking toplevel() on ptolemy.moml.MoMLSimpleApplication@1b427570
----------------- Done invoking toplevel() on ptolemy.moml.MoMLSimpleApplication@1b427570
reloadAllAccessors: .PhaseUnwrap

===========================================================================================
----------------- testing Fri Oct 12 02:29:07 UTC 2018 /home/travis/build/icyphy/ptII/ptolemy/actor/lib/test/auto/PoissonClock.xml
----------------- Instantiating /home/travis/build/icyphy/ptII/ptolemy/actor/lib/test/auto/PoissonClock.xml
1 ms. Memory: 1366528K Free: 308983K (23%)
----------------- Invoking toplevel() on ptolemy.moml.MoMLSimpleApplication@6967619
----------------- Done invoking toplevel() on ptolemy.moml.MoMLSimpleApplication@6967619
reloadAllAccessors: .PoissonClock

===========================================================================================
----------------- testing Fri Oct 12 02:29:07 UTC 2018 /home/travis/build/icyphy/ptII/ptolemy/actor/lib/test/auto/PoissonClock2.xml
----------------- Instantiating /home/travis/build/icyphy/ptII/ptolemy/actor/lib/test/auto/PoissonClock2.xml
1 ms. Memory: 1366528K Free: 298988K (22%)
----------------- Invoking toplevel() on ptolemy.moml.MoMLSimpleApplication@66346c46
----------------- Done invoking toplevel() on ptolemy.moml.MoMLSimpleApplication@66346c46
reloadAllAccessors: .PoissonClock2

===========================================================================================
----------------- testing Fri Oct 12 02:29:07 UTC 2018 /home/travis/build/icyphy/ptII/ptolemy/actor/lib/test/auto/PoissonClock3.xml
----------------- Instantiating /home/travis/build/icyphy/ptII/ptolemy/actor/lib/test/auto/PoissonClock3.xml
2 ms. Memory: 1366528K Free: 280826K (21%)
----------------- Invoking toplevel() on ptolemy.moml.MoMLSimpleApplication@6cda58ac
----------------- Done invoking toplevel() on ptolemy.moml.MoMLSimpleApplication@6cda58ac
reloadAllAccessors: .PoissonClock3

===========================================================================================
----------------- testing Fri Oct 12 02:29:07 UTC 2018 /home/travis/build/icyphy/ptII/ptolemy/actor/lib/test/auto/PubSubWithInitialTokens.xml
----------------- Instantiating /home/travis/build/icyphy/ptII/ptolemy/actor/lib/test/auto/PubSubWithInitialTokens.xml
2 ms. Memory: 1366528K Free: 270832K (20%)
----------------- Invoking toplevel() on ptolemy.moml.MoMLSimpleApplication@34ecf49b
----------------- Done invoking toplevel() on ptolemy.moml.MoMLSimpleApplication@34ecf49b
reloadAllAccessors: .PubSubWithInitialTokens

===========================================================================================
----------------- testing Fri Oct 12 02:29:07 UTC 2018 /home/travis/build/icyphy/ptII/ptolemy/actor/lib/test/auto/PubSubWithInitialTokens2.xml
----------------- Instantiating /home/travis/build/icyphy/ptII/ptolemy/actor/lib/test/auto/PubSubWithInitialTokens2.xml
2 ms. Memory: 1366528K Free: 260838K (19%)
----------------- Invoking toplevel() on ptolemy.moml.MoMLSimpleApplication@6cfeb393
----------------- Done invoking toplevel() on ptolemy.moml.MoMLSimpleApplication@6cfeb393
reloadAllAccessors: .PubSubWithInitialTokens2

===========================================================================================
----------------- testing Fri Oct 12 02:29:07 UTC 2018 /home/travis/build/icyphy/ptII/ptolemy/actor/lib/test/auto/PublisherClassNoParameter.xml
----------------- Instantiating /home/travis/build/icyphy/ptII/ptolemy/actor/lib/test/auto/PublisherClassNoParameter.xml
2 ms. Memory: 1366528K Free: 237679K (17%)
----------------- Invoking toplevel() on ptolemy.moml.MoMLSimpleApplication@4618049a
----------------- Done invoking toplevel() on ptolemy.moml.MoMLSimpleApplication@4618049a
reloadAllAccessors: .PublisherClassNoParameter

===========================================================================================
----------------- testing Fri Oct 12 02:29:08 UTC 2018 /home/travis/build/icyphy/ptII/ptolemy/actor/lib/test/auto/PublisherClassParameter.xml
----------------- Instantiating /home/travis/build/icyphy/ptII/ptolemy/actor/lib/test/auto/PublisherClassParameter.xml
2 ms. Memory: 1366528K Free: 222671K (16%)
----------------- Invoking toplevel() on ptolemy.moml.MoMLSimpleApplication@27505c53
----------------- Done invoking toplevel() on ptolemy.moml.MoMLSimpleApplication@27505c53
reloadAllAccessors: .PublisherClassParameter

===========================================================================================
----------------- testing Fri Oct 12 02:29:08 UTC 2018 /home/travis/build/icyphy/ptII/ptolemy/actor/lib/test/auto/PublisherNonStrictTest.xml
----------------- Instantiating /home/travis/build/icyphy/ptII/ptolemy/actor/lib/test/auto/PublisherNonStrictTest.xml
2 ms. Memory: 1366528K Free: 212677K (16%)
----------------- Invoking toplevel() on ptolemy.moml.MoMLSimpleApplication@455d656a
----------------- Done invoking toplevel() on ptolemy.moml.MoMLSimpleApplication@455d656a
reloadAllAccessors: .PublisherNonStrictTest

===========================================================================================
----------------- testing Fri Oct 12 02:29:08 UTC 2018 /home/travis/build/icyphy/ptII/ptolemy/actor/lib/test/auto/PublisherPort1.xml
----------------- Instantiating /home/travis/build/icyphy/ptII/ptolemy/actor/lib/test/auto/PublisherPort1.xml
2 ms. Memory: 1366528K Free: 202683K (15%)
----------------- Invoking toplevel() on ptolemy.moml.MoMLSimpleApplication@1ec54e6f
----------------- Done invoking toplevel() on ptolemy.moml.MoMLSimpleApplication@1ec54e6f
reloadAllAccessors: .PublisherPort1

===========================================================================================
----------------- testing Fri Oct 12 02:29:08 UTC 2018 /home/travis/build/icyphy/ptII/ptolemy/actor/lib/test/auto/PublisherPort2.xml
----------------- Instantiating /home/travis/build/icyphy/ptII/ptolemy/actor/lib/test/auto/PublisherPort2.xml
1 ms. Memory: 1366528K Free: 184521K (14%)
----------------- Invoking toplevel() on ptolemy.moml.MoMLSimpleApplication@21164e3c
----------------- Done invoking toplevel() on ptolemy.moml.MoMLSimpleApplication@21164e3c
reloadAllAccessors: .PublisherPort2

===========================================================================================
----------------- testing Fri Oct 12 02:29:08 UTC 2018 /home/travis/build/icyphy/ptII/ptolemy/actor/lib/test/auto/PublisherPort3.xml
----------------- Instantiating /home/travis/build/icyphy/ptII/ptolemy/actor/lib/test/auto/PublisherPort3.xml
2 ms. Memory: 1366528K Free: 174527K (13%)
----------------- Invoking toplevel() on ptolemy.moml.MoMLSimpleApplication@2a642159
----------------- Done invoking toplevel() on ptolemy.moml.MoMLSimpleApplication@2a642159
reloadAllAccessors: .PublisherPort3

===========================================================================================
----------------- testing Fri Oct 12 02:29:08 UTC 2018 /home/travis/build/icyphy/ptII/ptolemy/actor/lib/test/auto/PublisherPort4.xml
----------------- Instantiating /home/travis/build/icyphy/ptII/ptolemy/actor/lib/test/auto/PublisherPort4.xml
2 ms. Memory: 1366528K Free: 164533K (12%)
----------------- Invoking toplevel() on ptolemy.moml.MoMLSimpleApplication@2ad53414
----------------- Done invoking toplevel() on ptolemy.moml.MoMLSimpleApplication@2ad53414
reloadAllAccessors: .PublisherPort4

===========================================================================================
----------------- testing Fri Oct 12 02:29:08 UTC 2018 /home/travis/build/icyphy/ptII/ptolemy/actor/lib/test/auto/PublisherPort5.xml
----------------- Instantiating /home/travis/build/icyphy/ptII/ptolemy/actor/lib/test/auto/PublisherPort5.xml
2 ms. Memory: 1366528K Free: 141357K (10%)
----------------- Invoking toplevel() on ptolemy.moml.MoMLSimpleApplication@5219366a
----------------- Done invoking toplevel() on ptolemy.moml.MoMLSimpleApplication@5219366a
reloadAllAccessors: .PublisherPort5

===========================================================================================
----------------- testing Fri Oct 12 02:29:08 UTC 2018 /home/travis/build/icyphy/ptII/ptolemy/actor/lib/test/auto/PublisherPort5LookAlike.xml
----------------- Instantiating /home/travis/build/icyphy/ptII/ptolemy/actor/lib/test/auto/PublisherPort5LookAlike.xml
6 ms. Memory: 1366528K Free: 126358K (9%)
----------------- Invoking toplevel() on ptolemy.moml.MoMLSimpleApplication@73bc89a9
----------------- Done invoking toplevel() on ptolemy.moml.MoMLSimpleApplication@73bc89a9
reloadAllAccessors: .PublisherPort5LookAlike

===========================================================================================
----------------- testing Fri Oct 12 02:29:08 UTC 2018 /home/travis/build/icyphy/ptII/ptolemy/actor/lib/test/auto/PublisherPort6.xml
----------------- Instantiating /home/travis/build/icyphy/ptII/ptolemy/actor/lib/test/auto/PublisherPort6.xml
2 ms. Memory: 1366528K Free: 116364K (9%)
----------------- Invoking toplevel() on ptolemy.moml.MoMLSimpleApplication@2bd659ae
----------------- Done invoking toplevel() on ptolemy.moml.MoMLSimpleApplication@2bd659ae
reloadAllAccessors: .PublisherPort6

===========================================================================================
----------------- testing Fri Oct 12 02:29:08 UTC 2018 /home/travis/build/icyphy/ptII/ptolemy/actor/lib/test/auto/PublisherPort7.xml
----------------- Instantiating /home/travis/build/icyphy/ptII/ptolemy/actor/lib/test/auto/PublisherPort7.xml
8 ms. Memory: 1366528K Free: 93197K (7%)
----------------- Invoking toplevel() on ptolemy.moml.MoMLSimpleApplication@6ae64c1
----------------- Done invoking toplevel() on ptolemy.moml.MoMLSimpleApplication@6ae64c1
reloadAllAccessors: .PublisherPort7

===========================================================================================
----------------- testing Fri Oct 12 02:29:08 UTC 2018 /home/travis/build/icyphy/ptII/ptolemy/actor/lib/test/auto/PublisherPort8.xml
----------------- Instantiating /home/travis/build/icyphy/ptII/ptolemy/actor/lib/test/auto/PublisherPort8.xml
4 ms. Memory: 1366528K Free: 79131K (6%)
----------------- Invoking toplevel() on ptolemy.moml.MoMLSimpleApplication@704b2127
----------------- Done invoking toplevel() on ptolemy.moml.MoMLSimpleApplication@704b2127
reloadAllAccessors: .PublisherPort8

===========================================================================================
----------------- testing Fri Oct 12 02:29:08 UTC 2018 /home/travis/build/icyphy/ptII/ptolemy/actor/lib/test/auto/PublisherPortSubscriberChannelVariablesAOC2.xml
----------------- Instantiating /home/travis/build/icyphy/ptII/ptolemy/actor/lib/test/auto/PublisherPortSubscriberChannelVariablesAOC2.xml
2 ms. Memory: 1563136K Free: 1499734K (96%)
----------------- Invoking toplevel() on ptolemy.moml.MoMLSimpleApplication@5d53e9a3
----------------- Done invoking toplevel() on ptolemy.moml.MoMLSimpleApplication@5d53e9a3
reloadAllAccessors: .PublisherPortSubscriberChannelVariablesAOC2

===========================================================================================
----------------- testing Fri Oct 12 02:29:08 UTC 2018 /home/travis/build/icyphy/ptII/ptolemy/actor/lib/test/auto/PublisherPortSubscriberOpaqueWidthInference.xml
----------------- Instantiating /home/travis/build/icyphy/ptII/ptolemy/actor/lib/test/auto/PublisherPortSubscriberOpaqueWidthInference.xml
3 ms. Memory: 1563136K Free: 1477218K (95%)
----------------- Invoking toplevel() on ptolemy.moml.MoMLSimpleApplication@4c8e2987
----------------- Done invoking toplevel() on ptolemy.moml.MoMLSimpleApplication@4c8e2987
reloadAllAccessors: .PublisherPortSubscriberOpaqueWidthInference

===========================================================================================
----------------- testing Fri Oct 12 02:29:08 UTC 2018 /home/travis/build/icyphy/ptII/ptolemy/actor/lib/test/auto/PublisherPortSubscriberPortAdjacent.xml
----------------- Instantiating /home/travis/build/icyphy/ptII/ptolemy/actor/lib/test/auto/PublisherPortSubscriberPortAdjacent.xml
2 ms. Memory: 1563136K Free: 1462575K (94%)
----------------- Invoking toplevel() on ptolemy.moml.MoMLSimpleApplication@1e166863
----------------- Done invoking toplevel() on ptolemy.moml.MoMLSimpleApplication@1e166863
reloadAllAccessors: .PublisherPortSubscriberPortAdjacent

===========================================================================================
----------------- testing Fri Oct 12 02:29:08 UTC 2018 /home/travis/build/icyphy/ptII/ptolemy/actor/lib/test/auto/PublisherPortSubscriberPortExpression.xml
----------------- Instantiating /home/travis/build/icyphy/ptII/ptolemy/actor/lib/test/auto/PublisherPortSubscriberPortExpression.xml
4 ms. Memory: 1563136K Free: 1447932K (93%)
----------------- Invoking toplevel() on ptolemy.moml.MoMLSimpleApplication@54daaf99
----------------- Done invoking toplevel() on ptolemy.moml.MoMLSimpleApplication@54daaf99
reloadAllAccessors: .PublisherPortSubscriberPortExpression

===========================================================================================
----------------- testing Fri Oct 12 02:29:08 UTC 2018 /home/travis/build/icyphy/ptII/ptolemy/actor/lib/test/auto/PublisherPortSubscriberPortOpaqueD3Reverse.xml
----------------- Instantiating /home/travis/build/icyphy/ptII/ptolemy/actor/lib/test/auto/PublisherPortSubscriberPortOpaqueD3Reverse.xml
6 ms. Memory: 1563136K Free: 1425416K (91%)
----------------- Invoking toplevel() on ptolemy.moml.MoMLSimpleApplication@21cc7700
----------------- Done invoking toplevel() on ptolemy.moml.MoMLSimpleApplication@21cc7700
reloadAllAccessors: .PublisherPortSubscriberPortOpaqueD3Reverse

===========================================================================================
----------------- testing Fri Oct 12 02:29:08 UTC 2018 /home/travis/build/icyphy/ptII/ptolemy/actor/lib/test/auto/PublisherPortSubscriberPortOpaqueWidthInference.xml
----------------- Instantiating /home/travis/build/icyphy/ptII/ptolemy/actor/lib/test/auto/PublisherPortSubscriberPortOpaqueWidthInference.xml
4 ms. Memory: 1563136K Free: 1410773K (90%)
----------------- Invoking toplevel() on ptolemy.moml.MoMLSimpleApplication@6f4cad9e
----------------- Done invoking toplevel() on ptolemy.moml.MoMLSimpleApplication@6f4cad9e
reloadAllAccessors: .PublisherPortSubscriberPortOpaqueWidthInference

===========================================================================================
----------------- testing Fri Oct 12 02:29:08 UTC 2018 /home/travis/build/icyphy/ptII/ptolemy/actor/lib/test/auto/PublisherPortToplevelSubscriberPortAOC.xml
----------------- Instantiating /home/travis/build/icyphy/ptII/ptolemy/actor/lib/test/auto/PublisherPortToplevelSubscriberPortAOC.xml
.PublisherPortToplevelSubscriberPortAOC.TestExceptionAttribute: initialize() was not invoked, but wrapup() was.  This is unusual, but not always a problem.  For example, exporting JNLP will do this.
0 ms. Memory: 1563136K Free: 1396130K (89%)
----------------- Invoking toplevel() on ptolemy.moml.MoMLSimpleApplication@773ddd53
----------------- Done invoking toplevel() on ptolemy.moml.MoMLSimpleApplication@773ddd53
reloadAllAccessors: .PublisherPortToplevelSubscriberPortAOC

===========================================================================================
----------------- testing Fri Oct 12 02:29:08 UTC 2018 /home/travis/build/icyphy/ptII/ptolemy/actor/lib/test/auto/PublisherSubscriber.xml
----------------- Instantiating /home/travis/build/icyphy/ptII/ptolemy/actor/lib/test/auto/PublisherSubscriber.xml
2 ms. Memory: 1563136K Free: 1373614K (88%)
----------------- Invoking toplevel() on ptolemy.moml.MoMLSimpleApplication@1675f973
----------------- Done invoking toplevel() on ptolemy.moml.MoMLSimpleApplication@1675f973
reloadAllAccessors: .PublisherSubscriber

===========================================================================================
----------------- testing Fri Oct 12 02:29:08 UTC 2018 /home/travis/build/icyphy/ptII/ptolemy/actor/lib/test/auto/PublisherSubscriber10.xml
----------------- Instantiating /home/travis/build/icyphy/ptII/ptolemy/actor/lib/test/auto/PublisherSubscriber10.xml
6 ms. Memory: 1563136K Free: 1358970K (87%)
----------------- Invoking toplevel() on ptolemy.moml.MoMLSimpleApplication@6ca92f70
----------------- Done invoking toplevel() on ptolemy.moml.MoMLSimpleApplication@6ca92f70
reloadAllAccessors: .PublisherSubscriber10

===========================================================================================
----------------- testing Fri Oct 12 02:29:08 UTC 2018 /home/travis/build/icyphy/ptII/ptolemy/actor/lib/test/auto/PublisherSubscriber10InitialOutputs.xml
----------------- Instantiating /home/travis/build/icyphy/ptII/ptolemy/actor/lib/test/auto/PublisherSubscriber10InitialOutputs.xml
13 ms. Memory: 1563136K Free: 1344327K (86%)
----------------- Invoking toplevel() on ptolemy.moml.MoMLSimpleApplication@7404f918
----------------- Done invoking toplevel() on ptolemy.moml.MoMLSimpleApplication@7404f918
reloadAllAccessors: .PublisherSubscriber10InitialOutputs

===========================================================================================
----------------- testing Fri Oct 12 02:29:08 UTC 2018 /home/travis/build/icyphy/ptII/ptolemy/actor/lib/test/auto/PublisherSubscriber11.xml
----------------- Instantiating /home/travis/build/icyphy/ptII/ptolemy/actor/lib/test/auto/PublisherSubscriber11.xml
2 ms. Memory: 1563136K Free: 1321812K (85%)
----------------- Invoking toplevel() on ptolemy.moml.MoMLSimpleApplication@267a7a64
----------------- Done invoking toplevel() on ptolemy.moml.MoMLSimpleApplication@267a7a64
reloadAllAccessors: .PublisherSubscriber11

===========================================================================================
----------------- testing Fri Oct 12 02:29:08 UTC 2018 /home/travis/build/icyphy/ptII/ptolemy/actor/lib/test/auto/PublisherSubscriber12.xml
----------------- Instantiating /home/travis/build/icyphy/ptII/ptolemy/actor/lib/test/auto/PublisherSubscriber12.xml
3 ms. Memory: 1563136K Free: 1307168K (84%)
----------------- Invoking toplevel() on ptolemy.moml.MoMLSimpleApplication@26e1a11
----------------- Done invoking toplevel() on ptolemy.moml.MoMLSimpleApplication@26e1a11
reloadAllAccessors: .PublisherSubscriber12

===========================================================================================
----------------- testing Fri Oct 12 02:29:08 UTC 2018 /home/travis/build/icyphy/ptII/ptolemy/actor/lib/test/auto/PublisherSubscriber13.xml
----------------- Instantiating /home/travis/build/icyphy/ptII/ptolemy/actor/lib/test/auto/PublisherSubscriber13.xml
2 ms. Memory: 1563136K Free: 1292441K (83%)
----------------- Invoking toplevel() on ptolemy.moml.MoMLSimpleApplication@33d7cf6
----------------- Done invoking toplevel() on ptolemy.moml.MoMLSimpleApplication@33d7cf6
reloadAllAccessors: .PublisherSubscriber13

===========================================================================================
----------------- testing Fri Oct 12 02:29:08 UTC 2018 /home/travis/build/icyphy/ptII/ptolemy/actor/lib/test/auto/PublisherSubscriber14.xml
----------------- Instantiating /home/travis/build/icyphy/ptII/ptolemy/actor/lib/test/auto/PublisherSubscriber14.xml
1 ms. Memory: 1563136K Free: 1277798K (82%)
----------------- Invoking toplevel() on ptolemy.moml.MoMLSimpleApplication@19614a0f
----------------- Done invoking toplevel() on ptolemy.moml.MoMLSimpleApplication@19614a0f
reloadAllAccessors: .PublisherSubscriber14

===========================================================================================
----------------- testing Fri Oct 12 02:29:08 UTC 2018 /home/travis/build/icyphy/ptII/ptolemy/actor/lib/test/auto/PublisherSubscriber2.xml
----------------- Instantiating /home/travis/build/icyphy/ptII/ptolemy/actor/lib/test/auto/PublisherSubscriber2.xml
2 ms. Memory: 1563136K Free: 1255283K (80%)
----------------- Invoking toplevel() on ptolemy.moml.MoMLSimpleApplication@6567b94c
----------------- Done invoking toplevel() on ptolemy.moml.MoMLSimpleApplication@6567b94c
reloadAllAccessors: .PublisherSubscriber2

===========================================================================================
----------------- testing Fri Oct 12 02:29:08 UTC 2018 /home/travis/build/icyphy/ptII/ptolemy/actor/lib/test/auto/PublisherSubscriber3.xml
----------------- Instantiating /home/travis/build/icyphy/ptII/ptolemy/actor/lib/test/auto/PublisherSubscriber3.xml
2 ms. Memory: 1563136K Free: 1240639K (79%)
----------------- Invoking toplevel() on ptolemy.moml.MoMLSimpleApplication@11f0bac5
----------------- Done invoking toplevel() on ptolemy.moml.MoMLSimpleApplication@11f0bac5
reloadAllAccessors: .PublisherSubscriber3

===========================================================================================
----------------- testing Fri Oct 12 02:29:08 UTC 2018 /home/travis/build/icyphy/ptII/ptolemy/actor/lib/test/auto/PublisherSubscriber4.xml
----------------- Instantiating /home/travis/build/icyphy/ptII/ptolemy/actor/lib/test/auto/PublisherSubscriber4.xml
2 ms. Memory: 1563136K Free: 1225996K (78%)
----------------- Invoking toplevel() on ptolemy.moml.MoMLSimpleApplication@284509b7
----------------- Done invoking toplevel() on ptolemy.moml.MoMLSimpleApplication@284509b7
reloadAllAccessors: .PublisherSubscriber4

===========================================================================================
----------------- testing Fri Oct 12 02:29:08 UTC 2018 /home/travis/build/icyphy/ptII/ptolemy/actor/lib/test/auto/PublisherSubscriber5.xml
----------------- Instantiating /home/travis/build/icyphy/ptII/ptolemy/actor/lib/test/auto/PublisherSubscriber5.xml
1 ms. Memory: 1563136K Free: 1203480K (77%)
----------------- Invoking toplevel() on ptolemy.moml.MoMLSimpleApplication@751b0c9f
----------------- Done invoking toplevel() on ptolemy.moml.MoMLSimpleApplication@751b0c9f
reloadAllAccessors: .PublisherSubscriber5

===========================================================================================
----------------- testing Fri Oct 12 02:29:08 UTC 2018 /home/travis/build/icyphy/ptII/ptolemy/actor/lib/test/auto/PublisherSubscriber6.xml
----------------- Instantiating /home/travis/build/icyphy/ptII/ptolemy/actor/lib/test/auto/PublisherSubscriber6.xml
2 ms. Memory: 1563136K Free: 1188837K (76%)
----------------- Invoking toplevel() on ptolemy.moml.MoMLSimpleApplication@350d2245
----------------- Done invoking toplevel() on ptolemy.moml.MoMLSimpleApplication@350d2245
reloadAllAccessors: .PublisherSubscriber6

===========================================================================================
----------------- testing Fri Oct 12 02:29:08 UTC 2018 /home/travis/build/icyphy/ptII/ptolemy/actor/lib/test/auto/PublisherSubscriber7.xml
----------------- Instantiating /home/travis/build/icyphy/ptII/ptolemy/actor/lib/test/auto/PublisherSubscriber7.xml
2 ms. Memory: 1563136K Free: 1174194K (75%)
----------------- Invoking toplevel() on ptolemy.moml.MoMLSimpleApplication@297239b3
----------------- Done invoking toplevel() on ptolemy.moml.MoMLSimpleApplication@297239b3
reloadAllAccessors: .PublisherSubscriber7

===========================================================================================
----------------- testing Fri Oct 12 02:29:08 UTC 2018 /home/travis/build/icyphy/ptII/ptolemy/actor/lib/test/auto/PublisherSubscriber8.xml
----------------- Instantiating /home/travis/build/icyphy/ptII/ptolemy/actor/lib/test/auto/PublisherSubscriber8.xml
7 ms. Memory: 1563136K Free: 1078462K (69%)
----------------- Invoking toplevel() on ptolemy.moml.MoMLSimpleApplication@6a0952a
----------------- Done invoking toplevel() on ptolemy.moml.MoMLSimpleApplication@6a0952a
reloadAllAccessors: .PublisherSubscriber8

===========================================================================================
----------------- testing Fri Oct 12 02:29:08 UTC 2018 /home/travis/build/icyphy/ptII/ptolemy/actor/lib/test/auto/PublisherSubscriber9.xml
----------------- Instantiating /home/travis/build/icyphy/ptII/ptolemy/actor/lib/test/auto/PublisherSubscriber9.xml
2 ms. Memory: 1563136K Free: 1063819K (68%)
----------------- Invoking toplevel() on ptolemy.moml.MoMLSimpleApplication@49a2c12d
----------------- Done invoking toplevel() on ptolemy.moml.MoMLSimpleApplication@49a2c12d
reloadAllAccessors: .PublisherSubscriber9

===========================================================================================
----------------- testing Fri Oct 12 02:29:08 UTC 2018 /home/travis/build/icyphy/ptII/ptolemy/actor/lib/test/auto/PublisherSubscriberAdjacent.xml
----------------- Instantiating /home/travis/build/icyphy/ptII/ptolemy/actor/lib/test/auto/PublisherSubscriberAdjacent.xml
2 ms. Memory: 1563136K Free: 1049175K (67%)
----------------- Invoking toplevel() on ptolemy.moml.MoMLSimpleApplication@7fdcc511
----------------- Done invoking toplevel() on ptolemy.moml.MoMLSimpleApplication@7fdcc511
reloadAllAccessors: .PublisherSubscriberAdjacent

===========================================================================================
----------------- testing Fri Oct 12 02:29:08 UTC 2018 /home/travis/build/icyphy/ptII/ptolemy/actor/lib/test/auto/PublisherSubscriberChannelVariablesAOC2.xml
----------------- Instantiating /home/travis/build/icyphy/ptII/ptolemy/actor/lib/test/auto/PublisherSubscriberChannelVariablesAOC2.xml
5 ms. Memory: 1563136K Free: 1019322K (65%)
----------------- Invoking toplevel() on ptolemy.moml.MoMLSimpleApplication@36028276
----------------- Done invoking toplevel() on ptolemy.moml.MoMLSimpleApplication@36028276
reloadAllAccessors: .PublisherSubscriberChannelVariablesAOC2

===========================================================================================
----------------- testing Fri Oct 12 02:29:08 UTC 2018 /home/travis/build/icyphy/ptII/ptolemy/actor/lib/test/auto/PublisherSubscriberD3.xml
----------------- Instantiating /home/travis/build/icyphy/ptII/ptolemy/actor/lib/test/auto/PublisherSubscriberD3.xml
1 ms. Memory: 1563136K Free: 1004679K (64%)
----------------- Invoking toplevel() on ptolemy.moml.MoMLSimpleApplication@653ac1df
----------------- Done invoking toplevel() on ptolemy.moml.MoMLSimpleApplication@653ac1df
reloadAllAccessors: .PublisherSubscriberD3

===========================================================================================
----------------- testing Fri Oct 12 02:29:08 UTC 2018 /home/travis/build/icyphy/ptII/ptolemy/actor/lib/test/auto/PublisherSubscriberD3Reverse.xml
----------------- Instantiating /home/travis/build/icyphy/ptII/ptolemy/actor/lib/test/auto/PublisherSubscriberD3Reverse.xml
3 ms. Memory: 1563136K Free: 990036K (63%)
----------------- Invoking toplevel() on ptolemy.moml.MoMLSimpleApplication@69c01783
----------------- Done invoking toplevel() on ptolemy.moml.MoMLSimpleApplication@69c01783
reloadAllAccessors: .PublisherSubscriberD3Reverse

===========================================================================================
----------------- testing Fri Oct 12 02:29:08 UTC 2018 /home/travis/build/icyphy/ptII/ptolemy/actor/lib/test/auto/PublisherSubscriberExpression.xml
----------------- Instantiating /home/travis/build/icyphy/ptII/ptolemy/actor/lib/test/auto/PublisherSubscriberExpression.xml
3 ms. Memory: 1563136K Free: 967520K (62%)
----------------- Invoking toplevel() on ptolemy.moml.MoMLSimpleApplication@650fdff5
----------------- Done invoking toplevel() on ptolemy.moml.MoMLSimpleApplication@650fdff5
reloadAllAccessors: .PublisherSubscriberExpression

===========================================================================================
----------------- testing Fri Oct 12 02:29:08 UTC 2018 /home/travis/build/icyphy/ptII/ptolemy/actor/lib/test/auto/PublisherSubscriberOpaque.xml
----------------- Instantiating /home/travis/build/icyphy/ptII/ptolemy/actor/lib/test/auto/PublisherSubscriberOpaque.xml
3 ms. Memory: 1563136K Free: 952877K (61%)
----------------- Invoking toplevel() on ptolemy.moml.MoMLSimpleApplication@7b7ee236
----------------- Done invoking toplevel() on ptolemy.moml.MoMLSimpleApplication@7b7ee236
reloadAllAccessors: .PublisherSubscriberOpaque

===========================================================================================
----------------- testing Fri Oct 12 02:29:08 UTC 2018 /home/travis/build/icyphy/ptII/ptolemy/actor/lib/test/auto/PublisherSubscriberOpaqueD3.xml
----------------- Instantiating /home/travis/build/icyphy/ptII/ptolemy/actor/lib/test/auto/PublisherSubscriberOpaqueD3.xml
4 ms. Memory: 1563136K Free: 930896K (60%)
----------------- Invoking toplevel() on ptolemy.moml.MoMLSimpleApplication@43fd796a
----------------- Done invoking toplevel() on ptolemy.moml.MoMLSimpleApplication@43fd796a
reloadAllAccessors: .PublisherSubscriberOpaqueD3

===========================================================================================
----------------- testing Fri Oct 12 02:29:08 UTC 2018 /home/travis/build/icyphy/ptII/ptolemy/actor/lib/test/auto/PublisherSubscriberOpaqueD3Reverse.xml
----------------- Instantiating /home/travis/build/icyphy/ptII/ptolemy/actor/lib/test/auto/PublisherSubscriberOpaqueD3Reverse.xml
4 ms. Memory: 1563136K Free: 916253K (59%)
----------------- Invoking toplevel() on ptolemy.moml.MoMLSimpleApplication@4fa81ceb
----------------- Done invoking toplevel() on ptolemy.moml.MoMLSimpleApplication@4fa81ceb
reloadAllAccessors: .PublisherSubscriberOpaqueD3Reverse

===========================================================================================
----------------- testing Fri Oct 12 02:29:08 UTC 2018 /home/travis/build/icyphy/ptII/ptolemy/actor/lib/test/auto/PublisherSubscriberOpaqueWidthInference.xml
----------------- Instantiating /home/travis/build/icyphy/ptII/ptolemy/actor/lib/test/auto/PublisherSubscriberOpaqueWidthInference.xml
3 ms. Memory: 1563136K Free: 893737K (57%)
----------------- Invoking toplevel() on ptolemy.moml.MoMLSimpleApplication@2382989f
----------------- Done invoking toplevel() on ptolemy.moml.MoMLSimpleApplication@2382989f
reloadAllAccessors: .PublisherSubscriberOpaqueWidthInference

===========================================================================================
----------------- testing Fri Oct 12 02:29:08 UTC 2018 /home/travis/build/icyphy/ptII/ptolemy/actor/lib/test/auto/PublisherTestSubscriber.xml
----------------- Instantiating /home/travis/build/icyphy/ptII/ptolemy/actor/lib/test/auto/PublisherTestSubscriber.xml
3 ms. Memory: 1563136K Free: 879094K (56%)
----------------- Invoking toplevel() on ptolemy.moml.MoMLSimpleApplication@5dd0bf69
----------------- Done invoking toplevel() on ptolemy.moml.MoMLSimpleApplication@5dd0bf69
reloadAllAccessors: .PublisherTestSubscriber

===========================================================================================
----------------- testing Fri Oct 12 02:29:08 UTC 2018 /home/travis/build/icyphy/ptII/ptolemy/actor/lib/test/auto/PublisherToplevelSubscriberPortAOC.xml
----------------- Instantiating /home/travis/build/icyphy/ptII/ptolemy/actor/lib/test/auto/PublisherToplevelSubscriberPortAOC.xml
1 ms. Memory: 1563136K Free: 864450K (55%)
----------------- Invoking toplevel() on ptolemy.moml.MoMLSimpleApplication@8ed08cd
----------------- Done invoking toplevel() on ptolemy.moml.MoMLSimpleApplication@8ed08cd
reloadAllAccessors: .PublisherToplevelSubscriberPortAOC

===========================================================================================
----------------- testing Fri Oct 12 02:29:08 UTC 2018 /home/travis/build/icyphy/ptII/ptolemy/actor/lib/test/auto/PulseFiringLimitDE.xml
----------------- Instantiating /home/travis/build/icyphy/ptII/ptolemy/actor/lib/test/auto/PulseFiringLimitDE.xml
2 ms. Memory: 1563136K Free: 841934K (54%)
----------------- Invoking toplevel() on ptolemy.moml.MoMLSimpleApplication@3c9e1248
----------------- Done invoking toplevel() on ptolemy.moml.MoMLSimpleApplication@3c9e1248
reloadAllAccessors: .PulseFiringLimitDE

===========================================================================================
----------------- testing Fri Oct 12 02:29:08 UTC 2018 /home/travis/build/icyphy/ptII/ptolemy/actor/lib/test/auto/Ramp1.xml
----------------- Instantiating /home/travis/build/icyphy/ptII/ptolemy/actor/lib/test/auto/Ramp1.xml
1 ms. Memory: 1563136K Free: 827291K (53%)
----------------- Invoking toplevel() on ptolemy.moml.MoMLSimpleApplication@5e6f9ca3
----------------- Done invoking toplevel() on ptolemy.moml.MoMLSimpleApplication@5e6f9ca3
reloadAllAccessors: .Ramp1

===========================================================================================
----------------- testing Fri Oct 12 02:29:08 UTC 2018 /home/travis/build/icyphy/ptII/ptolemy/actor/lib/test/auto/RampFiringLimitDE.xml
----------------- Instantiating /home/travis/build/icyphy/ptII/ptolemy/actor/lib/test/auto/RampFiringLimitDE.xml
2 ms. Memory: 1563136K Free: 812648K (52%)
----------------- Invoking toplevel() on ptolemy.moml.MoMLSimpleApplication@5f9ae0d4
----------------- Done invoking toplevel() on ptolemy.moml.MoMLSimpleApplication@5f9ae0d4
reloadAllAccessors: .RampFiringLimitDE

===========================================================================================
----------------- testing Fri Oct 12 02:29:08 UTC 2018 /home/travis/build/icyphy/ptII/ptolemy/actor/lib/test/auto/RampFiringLimitSDF.xml
----------------- Instantiating /home/travis/build/icyphy/ptII/ptolemy/actor/lib/test/auto/RampFiringLimitSDF.xml
3 ms. Memory: 1563136K Free: 790132K (51%)
----------------- Invoking toplevel() on ptolemy.moml.MoMLSimpleApplication@58dc72d6
----------------- Done invoking toplevel() on ptolemy.moml.MoMLSimpleApplication@58dc72d6
reloadAllAccessors: .RampFiringLimitSDF

===========================================================================================
----------------- testing Fri Oct 12 02:29:08 UTC 2018 /home/travis/build/icyphy/ptII/ptolemy/actor/lib/test/auto/RandomInteger.xml
----------------- Instantiating /home/travis/build/icyphy/ptII/ptolemy/actor/lib/test/auto/RandomInteger.xml
1 ms. Memory: 1563136K Free: 775489K (50%)
----------------- Invoking toplevel() on ptolemy.moml.MoMLSimpleApplication@578afc5b
----------------- Done invoking toplevel() on ptolemy.moml.MoMLSimpleApplication@578afc5b
reloadAllAccessors: .RandomInteger

===========================================================================================
----------------- testing Fri Oct 12 02:29:09 UTC 2018 /home/travis/build/icyphy/ptII/ptolemy/actor/lib/test/auto/ReadFile1.xml
----------------- Instantiating /home/travis/build/icyphy/ptII/ptolemy/actor/lib/test/auto/ReadFile1.xml
1 ms. Memory: 1563136K Free: 760846K (49%)
----------------- Invoking toplevel() on ptolemy.moml.MoMLSimpleApplication@f410844
----------------- Done invoking toplevel() on ptolemy.moml.MoMLSimpleApplication@f410844
reloadAllAccessors: .ReadFile1

===========================================================================================
----------------- testing Fri Oct 12 02:29:09 UTC 2018 /home/travis/build/icyphy/ptII/ptolemy/actor/lib/test/auto/ReadFile2.xml
----------------- Instantiating /home/travis/build/icyphy/ptII/ptolemy/actor/lib/test/auto/ReadFile2.xml
1 ms. Memory: 1563136K Free: 738330K (47%)
----------------- Invoking toplevel() on ptolemy.moml.MoMLSimpleApplication@3dfe4f8e
----------------- Done invoking toplevel() on ptolemy.moml.MoMLSimpleApplication@3dfe4f8e
reloadAllAccessors: .ReadFile2

===========================================================================================
----------------- testing Fri Oct 12 02:29:09 UTC 2018 /home/travis/build/icyphy/ptII/ptolemy/actor/lib/test/auto/Reader.xml
----------------- Instantiating /home/travis/build/icyphy/ptII/ptolemy/actor/lib/test/auto/Reader.xml
actor.lib.Reader is obsolete, use actor.lib.io.ExpressionReader instead
2 ms. Memory: 1563136K Free: 723687K (46%)
----------------- Invoking toplevel() on ptolemy.moml.MoMLSimpleApplication@14ee6309
----------------- Done invoking toplevel() on ptolemy.moml.MoMLSimpleApplication@14ee6309
reloadAllAccessors: .Reader

===========================================================================================
----------------- testing Fri Oct 12 02:29:09 UTC 2018 /home/travis/build/icyphy/ptII/ptolemy/actor/lib/test/auto/RecordAssemblerDisplayNameTest.xml
----------------- Instantiating /home/travis/build/icyphy/ptII/ptolemy/actor/lib/test/auto/RecordAssemblerDisplayNameTest.xml
3205 ms. Memory: 1602048K Free: 934997K (58%)
----------------- Invoking toplevel() on ptolemy.moml.MoMLSimpleApplication@2ac64e92
----------------- Done invoking toplevel() on ptolemy.moml.MoMLSimpleApplication@2ac64e92
reloadAllAccessors: .RecordAssemblerDisplayNameTest

===========================================================================================
----------------- testing Fri Oct 12 02:29:12 UTC 2018 /home/travis/build/icyphy/ptII/ptolemy/actor/lib/test/auto/RecordAssemblerTypeError.xml
----------------- Instantiating /home/travis/build/icyphy/ptII/ptolemy/actor/lib/test/auto/RecordAssemblerTypeError.xml
9 ms. Memory: 1602048K Free: 903052K (56%)
----------------- Invoking toplevel() on ptolemy.moml.MoMLSimpleApplication@65e243e
----------------- Done invoking toplevel() on ptolemy.moml.MoMLSimpleApplication@65e243e
reloadAllAccessors: .RecordAssemblerTypeError

===========================================================================================
----------------- testing Fri Oct 12 02:29:12 UTC 2018 /home/travis/build/icyphy/ptII/ptolemy/actor/lib/test/auto/RecordDisassember.xml
----------------- Instantiating /home/travis/build/icyphy/ptII/ptolemy/actor/lib/test/auto/RecordDisassember.xml
2 ms. Memory: 1602048K Free: 888199K (55%)
----------------- Invoking toplevel() on ptolemy.moml.MoMLSimpleApplication@5770fc88
----------------- Done invoking toplevel() on ptolemy.moml.MoMLSimpleApplication@5770fc88
reloadAllAccessors: .RecordDisassember

===========================================================================================
----------------- testing Fri Oct 12 02:29:12 UTC 2018 /home/travis/build/icyphy/ptII/ptolemy/actor/lib/test/auto/RecordDisassemberDisplayNameTest.xml
----------------- Instantiating /home/travis/build/icyphy/ptII/ptolemy/actor/lib/test/auto/RecordDisassemberDisplayNameTest.xml
6 ms. Memory: 1602048K Free: 867449K (54%)
----------------- Invoking toplevel() on ptolemy.moml.MoMLSimpleApplication@1ff4e3fa
----------------- Done invoking toplevel() on ptolemy.moml.MoMLSimpleApplication@1ff4e3fa
reloadAllAccessors: .RecordDisassemberDisplayNameTest

===========================================================================================
----------------- testing Fri Oct 12 02:29:12 UTC 2018 /home/travis/build/icyphy/ptII/ptolemy/actor/lib/test/auto/RecordDisassembler.xml
----------------- Instantiating /home/travis/build/icyphy/ptII/ptolemy/actor/lib/test/auto/RecordDisassembler.xml
2 ms. Memory: 1602048K Free: 852596K (53%)
----------------- Invoking toplevel() on ptolemy.moml.MoMLSimpleApplication@4e881266
----------------- Done invoking toplevel() on ptolemy.moml.MoMLSimpleApplication@4e881266
reloadAllAccessors: .RecordDisassembler

===========================================================================================
----------------- testing Fri Oct 12 02:29:12 UTC 2018 /home/travis/build/icyphy/ptII/ptolemy/actor/lib/test/auto/RecordDisassembler2.xml
----------------- Instantiating /home/travis/build/icyphy/ptII/ptolemy/actor/lib/test/auto/RecordDisassembler2.xml
2 ms. Memory: 1602048K Free: 831846K (52%)
----------------- Invoking toplevel() on ptolemy.moml.MoMLSimpleApplication@e0878b6
----------------- Done invoking toplevel() on ptolemy.moml.MoMLSimpleApplication@e0878b6
reloadAllAccessors: .RecordDisassembler2

===========================================================================================
----------------- testing Fri Oct 12 02:29:12 UTC 2018 /home/travis/build/icyphy/ptII/ptolemy/actor/lib/test/auto/RecordUpdater.xml
----------------- Instantiating /home/travis/build/icyphy/ptII/ptolemy/actor/lib/test/auto/RecordUpdater.xml
2 ms. Memory: 1602048K Free: 816993K (51%)
----------------- Invoking toplevel() on ptolemy.moml.MoMLSimpleApplication@10038bf3
----------------- Done invoking toplevel() on ptolemy.moml.MoMLSimpleApplication@10038bf3
reloadAllAccessors: .RecordUpdater

===========================================================================================
----------------- testing Fri Oct 12 02:29:12 UTC 2018 /home/travis/build/icyphy/ptII/ptolemy/actor/lib/test/auto/RecordUpdater2.xml
----------------- Instantiating /home/travis/build/icyphy/ptII/ptolemy/actor/lib/test/auto/RecordUpdater2.xml
1 ms. Memory: 1602048K Free: 802140K (50%)
----------------- Invoking toplevel() on ptolemy.moml.MoMLSimpleApplication@53e86f32
----------------- Done invoking toplevel() on ptolemy.moml.MoMLSimpleApplication@53e86f32
reloadAllAccessors: .RecordUpdater2

===========================================================================================
----------------- testing Fri Oct 12 02:29:12 UTC 2018 /home/travis/build/icyphy/ptII/ptolemy/actor/lib/test/auto/RecursiveLattice.xml
----------------- Instantiating /home/travis/build/icyphy/ptII/ptolemy/actor/lib/test/auto/RecursiveLattice.xml
1 ms. Memory: 1602048K Free: 781390K (49%)
----------------- Invoking toplevel() on ptolemy.moml.MoMLSimpleApplication@2377e3f7
----------------- Done invoking toplevel() on ptolemy.moml.MoMLSimpleApplication@2377e3f7
reloadAllAccessors: .RecursiveLattice

===========================================================================================
----------------- testing Fri Oct 12 02:29:12 UTC 2018 /home/travis/build/icyphy/ptII/ptolemy/actor/lib/test/auto/Router.xml
----------------- Instantiating /home/travis/build/icyphy/ptII/ptolemy/actor/lib/test/auto/Router.xml
3003 ms. Memory: 1602048K Free: 766537K (48%)
----------------- Invoking toplevel() on ptolemy.moml.MoMLSimpleApplication@661f268f
----------------- Done invoking toplevel() on ptolemy.moml.MoMLSimpleApplication@661f268f
reloadAllAccessors: .Router

===========================================================================================
----------------- testing Fri Oct 12 02:29:15 UTC 2018 /home/travis/build/icyphy/ptII/ptolemy/actor/lib/test/auto/Router2.xml
----------------- Instantiating /home/travis/build/icyphy/ptII/ptolemy/actor/lib/test/auto/Router2.xml
3006 ms. Memory: 1602048K Free: 745787K (47%)
----------------- Invoking toplevel() on ptolemy.moml.MoMLSimpleApplication@2f0c0a97
----------------- Done invoking toplevel() on ptolemy.moml.MoMLSimpleApplication@2f0c0a97
reloadAllAccessors: .Router2

===========================================================================================
----------------- testing Fri Oct 12 02:29:18 UTC 2018 /home/travis/build/icyphy/ptII/ptolemy/actor/lib/test/auto/RunningMaximum.xml
----------------- Instantiating /home/travis/build/icyphy/ptII/ptolemy/actor/lib/test/auto/RunningMaximum.xml
1 ms. Memory: 1602048K Free: 730934K (46%)
----------------- Invoking toplevel() on ptolemy.moml.MoMLSimpleApplication@3cbe3390
----------------- Done invoking toplevel() on ptolemy.moml.MoMLSimpleApplication@3cbe3390
reloadAllAccessors: .RunningMaximum

===========================================================================================
----------------- testing Fri Oct 12 02:29:18 UTC 2018 /home/travis/build/icyphy/ptII/ptolemy/actor/lib/test/auto/RunningMinimum.xml
----------------- Instantiating /home/travis/build/icyphy/ptII/ptolemy/actor/lib/test/auto/RunningMinimum.xml
1 ms. Memory: 1602048K Free: 710185K (44%)
----------------- Invoking toplevel() on ptolemy.moml.MoMLSimpleApplication@2a8564e9
----------------- Done invoking toplevel() on ptolemy.moml.MoMLSimpleApplication@2a8564e9
reloadAllAccessors: .RunningMinimum

===========================================================================================
----------------- testing Fri Oct 12 02:29:18 UTC 2018 /home/travis/build/icyphy/ptII/ptolemy/actor/lib/test/auto/Scale.xml
----------------- Instantiating /home/travis/build/icyphy/ptII/ptolemy/actor/lib/test/auto/Scale.xml
1 ms. Memory: 1602048K Free: 695331K (43%)
----------------- Invoking toplevel() on ptolemy.moml.MoMLSimpleApplication@3b17fcb0
----------------- Done invoking toplevel() on ptolemy.moml.MoMLSimpleApplication@3b17fcb0
reloadAllAccessors: .Scale

===========================================================================================
----------------- testing Fri Oct 12 02:29:18 UTC 2018 /home/travis/build/icyphy/ptII/ptolemy/actor/lib/test/auto/Scale2.xml
----------------- Instantiating /home/travis/build/icyphy/ptII/ptolemy/actor/lib/test/auto/Scale2.xml
1 ms. Memory: 1602048K Free: 680478K (42%)
----------------- Invoking toplevel() on ptolemy.moml.MoMLSimpleApplication@3f356654
----------------- Done invoking toplevel() on ptolemy.moml.MoMLSimpleApplication@3f356654
reloadAllAccessors: .Scale2

===========================================================================================
----------------- testing Fri Oct 12 02:29:18 UTC 2018 /home/travis/build/icyphy/ptII/ptolemy/actor/lib/test/auto/Scale3.xml
----------------- Instantiating /home/travis/build/icyphy/ptII/ptolemy/actor/lib/test/auto/Scale3.xml
2 ms. Memory: 1602048K Free: 659729K (41%)
----------------- Invoking toplevel() on ptolemy.moml.MoMLSimpleApplication@37daa091
----------------- Done invoking toplevel() on ptolemy.moml.MoMLSimpleApplication@37daa091
reloadAllAccessors: .Scale3

===========================================================================================
----------------- testing Fri Oct 12 02:29:18 UTC 2018 /home/travis/build/icyphy/ptII/ptolemy/actor/lib/test/auto/ScaleArray.xml
----------------- Instantiating /home/travis/build/icyphy/ptII/ptolemy/actor/lib/test/auto/ScaleArray.xml
1 ms. Memory: 1602048K Free: 644875K (40%)
----------------- Invoking toplevel() on ptolemy.moml.MoMLSimpleApplication@339d3d10
----------------- Done invoking toplevel() on ptolemy.moml.MoMLSimpleApplication@339d3d10
reloadAllAccessors: .ScaleArray

===========================================================================================
----------------- testing Fri Oct 12 02:29:18 UTC 2018 /home/travis/build/icyphy/ptII/ptolemy/actor/lib/test/auto/ScaleArray2.xml
----------------- Instantiating /home/travis/build/icyphy/ptII/ptolemy/actor/lib/test/auto/ScaleArray2.xml
1 ms. Memory: 1602048K Free: 624126K (39%)
----------------- Invoking toplevel() on ptolemy.moml.MoMLSimpleApplication@23bd7ecf
----------------- Done invoking toplevel() on ptolemy.moml.MoMLSimpleApplication@23bd7ecf
reloadAllAccessors: .ScaleArray2

===========================================================================================
----------------- testing Fri Oct 12 02:29:18 UTC 2018 /home/travis/build/icyphy/ptII/ptolemy/actor/lib/test/auto/ScaleMatrix.xml
----------------- Instantiating /home/travis/build/icyphy/ptII/ptolemy/actor/lib/test/auto/ScaleMatrix.xml
109 ms. Memory: 1602048K Free: 601846K (38%)
----------------- Invoking toplevel() on ptolemy.moml.MoMLSimpleApplication@320f73d6
----------------- Done invoking toplevel() on ptolemy.moml.MoMLSimpleApplication@320f73d6
reloadAllAccessors: .ScaleMatrix

===========================================================================================
----------------- testing Fri Oct 12 02:29:18 UTC 2018 /home/travis/build/icyphy/ptII/ptolemy/actor/lib/test/auto/Select.xml
----------------- Instantiating /home/travis/build/icyphy/ptII/ptolemy/actor/lib/test/auto/Select.xml
2 ms. Memory: 1602048K Free: 586993K (37%)
----------------- Invoking toplevel() on ptolemy.moml.MoMLSimpleApplication@7d6aa6a1
----------------- Done invoking toplevel() on ptolemy.moml.MoMLSimpleApplication@7d6aa6a1
reloadAllAccessors: .Select

===========================================================================================
----------------- testing Fri Oct 12 02:29:18 UTC 2018 /home/travis/build/icyphy/ptII/ptolemy/actor/lib/test/auto/Select2.xml
----------------- Instantiating /home/travis/build/icyphy/ptII/ptolemy/actor/lib/test/auto/Select2.xml
1 ms. Memory: 1602048K Free: 566243K (35%)
----------------- Invoking toplevel() on ptolemy.moml.MoMLSimpleApplication@7af4bb3c
----------------- Done invoking toplevel() on ptolemy.moml.MoMLSimpleApplication@7af4bb3c
reloadAllAccessors: .Select2

===========================================================================================
----------------- testing Fri Oct 12 02:29:18 UTC 2018 /home/travis/build/icyphy/ptII/ptolemy/actor/lib/test/auto/SequenceToArray2.xml
----------------- Instantiating /home/travis/build/icyphy/ptII/ptolemy/actor/lib/test/auto/SequenceToArray2.xml
56 ms. Memory: 1602048K Free: 477116K (30%)
----------------- Invoking toplevel() on ptolemy.moml.MoMLSimpleApplication@64a92c6c
----------------- Done invoking toplevel() on ptolemy.moml.MoMLSimpleApplication@64a92c6c
reloadAllAccessors: .SequenceToArray2

===========================================================================================
----------------- testing Fri Oct 12 02:29:18 UTC 2018 /home/travis/build/icyphy/ptII/ptolemy/actor/lib/test/auto/SequentialClock.xml
----------------- Instantiating /home/travis/build/icyphy/ptII/ptolemy/actor/lib/test/auto/SequentialClock.xml
1 ms. Memory: 1602048K Free: 456366K (28%)
----------------- Invoking toplevel() on ptolemy.moml.MoMLSimpleApplication@542a6a50
----------------- Done invoking toplevel() on ptolemy.moml.MoMLSimpleApplication@542a6a50
reloadAllAccessors: .SequentialClock

===========================================================================================
----------------- testing Fri Oct 12 02:29:18 UTC 2018 /home/travis/build/icyphy/ptII/ptolemy/actor/lib/test/auto/SetVariable.xml
----------------- Instantiating /home/travis/build/icyphy/ptII/ptolemy/actor/lib/test/auto/SetVariable.xml
2 ms. Memory: 1602048K Free: 441513K (28%)
----------------- Invoking toplevel() on ptolemy.moml.MoMLSimpleApplication@4033a7fc
----------------- Done invoking toplevel() on ptolemy.moml.MoMLSimpleApplication@4033a7fc
reloadAllAccessors: .SetVariable

===========================================================================================
----------------- testing Fri Oct 12 02:29:18 UTC 2018 /home/travis/build/icyphy/ptII/ptolemy/actor/lib/test/auto/SetVariable2.xml
----------------- Instantiating /home/travis/build/icyphy/ptII/ptolemy/actor/lib/test/auto/SetVariable2.xml
2 ms. Memory: 1602048K Free: 420763K (26%)
----------------- Invoking toplevel() on ptolemy.moml.MoMLSimpleApplication@52d04de4
----------------- Done invoking toplevel() on ptolemy.moml.MoMLSimpleApplication@52d04de4
reloadAllAccessors: .SetVariable2

===========================================================================================
----------------- testing Fri Oct 12 02:29:18 UTC 2018 /home/travis/build/icyphy/ptII/ptolemy/actor/lib/test/auto/SetVariable3.xml
----------------- Instantiating /home/travis/build/icyphy/ptII/ptolemy/actor/lib/test/auto/SetVariable3.xml
3 ms. Memory: 1602048K Free: 405910K (25%)
----------------- Invoking toplevel() on ptolemy.moml.MoMLSimpleApplication@46030fe
----------------- Done invoking toplevel() on ptolemy.moml.MoMLSimpleApplication@46030fe
reloadAllAccessors: .SetVariable3

===========================================================================================
----------------- testing Fri Oct 12 02:29:18 UTC 2018 /home/travis/build/icyphy/ptII/ptolemy/actor/lib/test/auto/SetVariable4.xml
----------------- Instantiating /home/travis/build/icyphy/ptII/ptolemy/actor/lib/test/auto/SetVariable4.xml
13 ms. Memory: 1602048K Free: 339071K (21%)
----------------- Invoking toplevel() on ptolemy.moml.MoMLSimpleApplication@29b26e2a
----------------- Done invoking toplevel() on ptolemy.moml.MoMLSimpleApplication@29b26e2a
reloadAllAccessors: .SetVariable4

===========================================================================================
----------------- testing Fri Oct 12 02:29:18 UTC 2018 /home/travis/build/icyphy/ptII/ptolemy/actor/lib/test/auto/SetVariable5.xml
----------------- Instantiating /home/travis/build/icyphy/ptII/ptolemy/actor/lib/test/auto/SetVariable5.xml
12 ms. Memory: 1602048K Free: 318321K (20%)
----------------- Invoking toplevel() on ptolemy.moml.MoMLSimpleApplication@2a456a7e
----------------- Done invoking toplevel() on ptolemy.moml.MoMLSimpleApplication@2a456a7e
reloadAllAccessors: .SetVariable5

===========================================================================================
----------------- testing Fri Oct 12 02:29:18 UTC 2018 /home/travis/build/icyphy/ptII/ptolemy/actor/lib/test/auto/Sinewave.xml
----------------- Instantiating /home/travis/build/icyphy/ptII/ptolemy/actor/lib/test/auto/Sinewave.xml
3 ms. Memory: 1602048K Free: 296026K (18%)
----------------- Invoking toplevel() on ptolemy.moml.MoMLSimpleApplication@52383793
----------------- Done invoking toplevel() on ptolemy.moml.MoMLSimpleApplication@52383793
reloadAllAccessors: .Sinewave

===========================================================================================
----------------- testing Fri Oct 12 02:29:18 UTC 2018 /home/travis/build/icyphy/ptII/ptolemy/actor/lib/test/auto/Sinewave2.xml
----------------- Instantiating /home/travis/build/icyphy/ptII/ptolemy/actor/lib/test/auto/Sinewave2.xml
4 ms. Memory: 1602048K Free: 275276K (17%)
----------------- Invoking toplevel() on ptolemy.moml.MoMLSimpleApplication@5097c74f
----------------- Done invoking toplevel() on ptolemy.moml.MoMLSimpleApplication@5097c74f
reloadAllAccessors: .Sinewave2

===========================================================================================
----------------- testing Fri Oct 12 02:29:19 UTC 2018 /home/travis/build/icyphy/ptII/ptolemy/actor/lib/test/auto/Sinewave3.xml
----------------- Instantiating /home/travis/build/icyphy/ptII/ptolemy/actor/lib/test/auto/Sinewave3.xml
10 ms. Memory: 1602048K Free: 260423K (16%)
----------------- Invoking toplevel() on ptolemy.moml.MoMLSimpleApplication@7aea097e
----------------- Done invoking toplevel() on ptolemy.moml.MoMLSimpleApplication@7aea097e
reloadAllAccessors: .Sinewave3

===========================================================================================
----------------- testing Fri Oct 12 02:29:19 UTC 2018 /home/travis/build/icyphy/ptII/ptolemy/actor/lib/test/auto/SingleEvent.xml
----------------- Instantiating /home/travis/build/icyphy/ptII/ptolemy/actor/lib/test/auto/SingleEvent.xml
1 ms. Memory: 1602048K Free: 239673K (15%)
----------------- Invoking toplevel() on ptolemy.moml.MoMLSimpleApplication@1347969b
----------------- Done invoking toplevel() on ptolemy.moml.MoMLSimpleApplication@1347969b
reloadAllAccessors: .SingleEvent

===========================================================================================
----------------- testing Fri Oct 12 02:29:19 UTC 2018 /home/travis/build/icyphy/ptII/ptolemy/actor/lib/test/auto/Sleep.xml
----------------- Instantiating /home/travis/build/icyphy/ptII/ptolemy/actor/lib/test/auto/Sleep.xml
6003 ms. Memory: 1602048K Free: 224820K (14%)
----------------- Invoking toplevel() on ptolemy.moml.MoMLSimpleApplication@312c02ea
----------------- Done invoking toplevel() on ptolemy.moml.MoMLSimpleApplication@312c02ea
reloadAllAccessors: .Sleep

===========================================================================================
----------------- testing Fri Oct 12 02:29:25 UTC 2018 /home/travis/build/icyphy/ptII/ptolemy/actor/lib/test/auto/SleepMultipleFire.xml
----------------- Instantiating /home/travis/build/icyphy/ptII/ptolemy/actor/lib/test/auto/SleepMultipleFire.xml
1005 ms. Memory: 1602048K Free: 209967K (13%)
----------------- Invoking toplevel() on ptolemy.moml.MoMLSimpleApplication@5f97e741
----------------- Done invoking toplevel() on ptolemy.moml.MoMLSimpleApplication@5f97e741
reloadAllAccessors: .SleepMultipleFire

===========================================================================================
----------------- testing Fri Oct 12 02:29:26 UTC 2018 /home/travis/build/icyphy/ptII/ptolemy/actor/lib/test/auto/StopDE.xml
----------------- Instantiating /home/travis/build/icyphy/ptII/ptolemy/actor/lib/test/auto/StopDE.xml
1 ms. Memory: 1602048K Free: 189217K (12%)
----------------- Invoking toplevel() on ptolemy.moml.MoMLSimpleApplication@15b776d3
----------------- Done invoking toplevel() on ptolemy.moml.MoMLSimpleApplication@15b776d3
reloadAllAccessors: .StopDE

===========================================================================================
----------------- testing Fri Oct 12 02:29:26 UTC 2018 /home/travis/build/icyphy/ptII/ptolemy/actor/lib/test/auto/StopSDF.xml
----------------- Instantiating /home/travis/build/icyphy/ptII/ptolemy/actor/lib/test/auto/StopSDF.xml
2 ms. Memory: 1602048K Free: 174364K (11%)
----------------- Invoking toplevel() on ptolemy.moml.MoMLSimpleApplication@6142db31
----------------- Done invoking toplevel() on ptolemy.moml.MoMLSimpleApplication@6142db31
reloadAllAccessors: .StopSDF

===========================================================================================
----------------- testing Fri Oct 12 02:29:26 UTC 2018 /home/travis/build/icyphy/ptII/ptolemy/actor/lib/test/auto/StringConstant.xml
----------------- Instantiating /home/travis/build/icyphy/ptII/ptolemy/actor/lib/test/auto/StringConstant.xml
1 ms. Memory: 1602048K Free: 153615K (10%)
----------------- Invoking toplevel() on ptolemy.moml.MoMLSimpleApplication@621dba20
----------------- Done invoking toplevel() on ptolemy.moml.MoMLSimpleApplication@621dba20
reloadAllAccessors: .StringConstant

===========================================================================================
----------------- testing Fri Oct 12 02:29:26 UTC 2018 /home/travis/build/icyphy/ptII/ptolemy/actor/lib/test/auto/SubscriberPortInitialValues1.xml
----------------- Instantiating /home/travis/build/icyphy/ptII/ptolemy/actor/lib/test/auto/SubscriberPortInitialValues1.xml
3 ms. Memory: 1602048K Free: 138761K (9%)
----------------- Invoking toplevel() on ptolemy.moml.MoMLSimpleApplication@28a6dbf6
----------------- Done invoking toplevel() on ptolemy.moml.MoMLSimpleApplication@28a6dbf6
reloadAllAccessors: .SubscriberPortInitialValues1

===========================================================================================
----------------- testing Fri Oct 12 02:29:26 UTC 2018 /home/travis/build/icyphy/ptII/ptolemy/actor/lib/test/auto/SubscriberPortInitialValues13.xml
----------------- Instantiating /home/travis/build/icyphy/ptII/ptolemy/actor/lib/test/auto/SubscriberPortInitialValues13.xml
3 ms. Memory: 1602048K Free: 110569K (7%)
----------------- Invoking toplevel() on ptolemy.moml.MoMLSimpleApplication@6237913b
----------------- Done invoking toplevel() on ptolemy.moml.MoMLSimpleApplication@6237913b
reloadAllAccessors: .SubscriberPortInitialValues13

===========================================================================================
----------------- testing Fri Oct 12 02:29:26 UTC 2018 /home/travis/build/icyphy/ptII/ptolemy/actor/lib/test/auto/SubscriberPortInitialValues14.xml
----------------- Instantiating /home/travis/build/icyphy/ptII/ptolemy/actor/lib/test/auto/SubscriberPortInitialValues14.xml
3 ms. Memory: 1602048K Free: 95716K (6%)
----------------- Invoking toplevel() on ptolemy.moml.MoMLSimpleApplication@74921c54
----------------- Done invoking toplevel() on ptolemy.moml.MoMLSimpleApplication@74921c54
reloadAllAccessors: .SubscriberPortInitialValues14

===========================================================================================
----------------- testing Fri Oct 12 02:29:26 UTC 2018 /home/travis/build/icyphy/ptII/ptolemy/actor/lib/test/auto/SubscriberPortInitialValues2.xml
----------------- Instantiating /home/travis/build/icyphy/ptII/ptolemy/actor/lib/test/auto/SubscriberPortInitialValues2.xml
3 ms. Memory: 1602048K Free: 80863K (5%)
----------------- Invoking toplevel() on ptolemy.moml.MoMLSimpleApplication@10ae1082
----------------- Done invoking toplevel() on ptolemy.moml.MoMLSimpleApplication@10ae1082
reloadAllAccessors: .SubscriberPortInitialValues2

===========================================================================================
----------------- testing Fri Oct 12 02:29:26 UTC 2018 /home/travis/build/icyphy/ptII/ptolemy/actor/lib/test/auto/SubscriberPortInitialValues3.xml
----------------- Instantiating /home/travis/build/icyphy/ptII/ptolemy/actor/lib/test/auto/SubscriberPortInitialValues3.xml
4 ms. Memory: 1759232K Free: 1703599K (97%)
----------------- Invoking toplevel() on ptolemy.moml.MoMLSimpleApplication@7c641868
----------------- Done invoking toplevel() on ptolemy.moml.MoMLSimpleApplication@7c641868
reloadAllAccessors: .SubscriberPortInitialValues3

===========================================================================================
----------------- testing Fri Oct 12 02:29:26 UTC 2018 /home/travis/build/icyphy/ptII/ptolemy/actor/lib/test/auto/SubscriptionAggregator.xml
----------------- Instantiating /home/travis/build/icyphy/ptII/ptolemy/actor/lib/test/auto/SubscriptionAggregator.xml
1 ms. Memory: 1759232K Free: 1681945K (96%)
----------------- Invoking toplevel() on ptolemy.moml.MoMLSimpleApplication@f6ae9b7
----------------- Done invoking toplevel() on ptolemy.moml.MoMLSimpleApplication@f6ae9b7
reloadAllAccessors: .SubscriptionAggregator

===========================================================================================
----------------- testing Fri Oct 12 02:29:26 UTC 2018 /home/travis/build/icyphy/ptII/ptolemy/actor/lib/test/auto/SubscriptionAggregator2.xml
----------------- Instantiating /home/travis/build/icyphy/ptII/ptolemy/actor/lib/test/auto/SubscriptionAggregator2.xml
1 ms. Memory: 1759232K Free: 1665387K (95%)
----------------- Invoking toplevel() on ptolemy.moml.MoMLSimpleApplication@5a2000c4
----------------- Done invoking toplevel() on ptolemy.moml.MoMLSimpleApplication@5a2000c4
reloadAllAccessors: .SubscriptionAggregator2

===========================================================================================
----------------- testing Fri Oct 12 02:29:26 UTC 2018 /home/travis/build/icyphy/ptII/ptolemy/actor/lib/test/auto/SubscriptionAggregator3.xml
----------------- Instantiating /home/travis/build/icyphy/ptII/ptolemy/actor/lib/test/auto/SubscriptionAggregator3.xml
4 ms. Memory: 1759232K Free: 1643732K (93%)
----------------- Invoking toplevel() on ptolemy.moml.MoMLSimpleApplication@2c7ac44f
----------------- Done invoking toplevel() on ptolemy.moml.MoMLSimpleApplication@2c7ac44f
reloadAllAccessors: .SubscriptionAggregator3

===========================================================================================
----------------- testing Fri Oct 12 02:29:26 UTC 2018 /home/travis/build/icyphy/ptII/ptolemy/actor/lib/test/auto/SubscriptionAggregatorMultiply.xml
----------------- Instantiating /home/travis/build/icyphy/ptII/ptolemy/actor/lib/test/auto/SubscriptionAggregatorMultiply.xml
2 ms. Memory: 1759232K Free: 1627174K (92%)
----------------- Invoking toplevel() on ptolemy.moml.MoMLSimpleApplication@49fc521c
----------------- Done invoking toplevel() on ptolemy.moml.MoMLSimpleApplication@49fc521c
reloadAllAccessors: .SubscriptionAggregatorMultiply

===========================================================================================
----------------- testing Fri Oct 12 02:29:26 UTC 2018 /home/travis/build/icyphy/ptII/ptolemy/actor/lib/test/auto/SubscriptionAggregatorPortMultiply1.xml
----------------- Instantiating /home/travis/build/icyphy/ptII/ptolemy/actor/lib/test/auto/SubscriptionAggregatorPortMultiply1.xml
3 ms. Memory: 1759232K Free: 1605520K (91%)
----------------- Invoking toplevel() on ptolemy.moml.MoMLSimpleApplication@25e4393
----------------- Done invoking toplevel() on ptolemy.moml.MoMLSimpleApplication@25e4393
reloadAllAccessors: .SubscriptionAggregatorPortMultiply1

===========================================================================================
----------------- testing Fri Oct 12 02:29:26 UTC 2018 /home/travis/build/icyphy/ptII/ptolemy/actor/lib/test/auto/Switch.xml
----------------- Instantiating /home/travis/build/icyphy/ptII/ptolemy/actor/lib/test/auto/Switch.xml
3 ms. Memory: 1759232K Free: 1539287K (87%)
----------------- Invoking toplevel() on ptolemy.moml.MoMLSimpleApplication@61f7ff2c
----------------- Done invoking toplevel() on ptolemy.moml.MoMLSimpleApplication@61f7ff2c
reloadAllAccessors: .Switch

===========================================================================================
----------------- testing Fri Oct 12 02:29:26 UTC 2018 /home/travis/build/icyphy/ptII/ptolemy/actor/lib/test/auto/Switch2.xml
----------------- Instantiating /home/travis/build/icyphy/ptII/ptolemy/actor/lib/test/auto/Switch2.xml
0 ms. Memory: 1759232K Free: 1517593K (86%)
----------------- Invoking toplevel() on ptolemy.moml.MoMLSimpleApplication@5613354f
----------------- Done invoking toplevel() on ptolemy.moml.MoMLSimpleApplication@5613354f
reloadAllAccessors: .Switch2

===========================================================================================
----------------- testing Fri Oct 12 02:29:26 UTC 2018 /home/travis/build/icyphy/ptII/ptolemy/actor/lib/test/auto/SwitchDE.xml
----------------- Instantiating /home/travis/build/icyphy/ptII/ptolemy/actor/lib/test/auto/SwitchDE.xml
1 ms. Memory: 1759232K Free: 1501035K (85%)
----------------- Invoking toplevel() on ptolemy.moml.MoMLSimpleApplication@334be016
----------------- Done invoking toplevel() on ptolemy.moml.MoMLSimpleApplication@334be016
reloadAllAccessors: .SwitchDE

===========================================================================================
----------------- testing Fri Oct 12 02:29:26 UTC 2018 /home/travis/build/icyphy/ptII/ptolemy/actor/lib/test/auto/SynchronizerDE.xml
----------------- Instantiating /home/travis/build/icyphy/ptII/ptolemy/actor/lib/test/auto/SynchronizerDE.xml
2 ms. Memory: 1759232K Free: 1479380K (84%)
----------------- Invoking toplevel() on ptolemy.moml.MoMLSimpleApplication@669b6bd6
----------------- Done invoking toplevel() on ptolemy.moml.MoMLSimpleApplication@669b6bd6
reloadAllAccessors: .SynchronizerDE

===========================================================================================
----------------- testing Fri Oct 12 02:29:26 UTC 2018 /home/travis/build/icyphy/ptII/ptolemy/actor/lib/test/auto/Test.xml
----------------- Instantiating /home/travis/build/icyphy/ptII/ptolemy/actor/lib/test/auto/Test.xml
1 ms. Memory: 1759232K Free: 1462822K (83%)
----------------- Invoking toplevel() on ptolemy.moml.MoMLSimpleApplication@7d808b7f
----------------- Done invoking toplevel() on ptolemy.moml.MoMLSimpleApplication@7d808b7f
reloadAllAccessors: .Test

===========================================================================================
----------------- testing Fri Oct 12 02:29:26 UTC 2018 /home/travis/build/icyphy/ptII/ptolemy/actor/lib/test/auto/TestExceptionAttribute1.xml
----------------- Instantiating /home/travis/build/icyphy/ptII/ptolemy/actor/lib/test/auto/TestExceptionAttribute1.xml
0 ms. Memory: 1759232K Free: 1441168K (82%)
----------------- Invoking toplevel() on ptolemy.moml.MoMLSimpleApplication@1e821214
----------------- Done invoking toplevel() on ptolemy.moml.MoMLSimpleApplication@1e821214
reloadAllAccessors: .TestExceptionAttribute1

===========================================================================================
----------------- testing Fri Oct 12 02:29:26 UTC 2018 /home/travis/build/icyphy/ptII/ptolemy/actor/lib/test/auto/TestExceptionAttribute2.xml
----------------- Instantiating /home/travis/build/icyphy/ptII/ptolemy/actor/lib/test/auto/TestExceptionAttribute2.xml
0 ms. Memory: 1759232K Free: 1424610K (81%)
----------------- Invoking toplevel() on ptolemy.moml.MoMLSimpleApplication@7c9b6640
----------------- Done invoking toplevel() on ptolemy.moml.MoMLSimpleApplication@7c9b6640
reloadAllAccessors: .TestExceptionAttribute2

===========================================================================================
----------------- testing Fri Oct 12 02:29:26 UTC 2018 /home/travis/build/icyphy/ptII/ptolemy/actor/lib/test/auto/TestExceptionAttribute3.xml
----------------- Instantiating /home/travis/build/icyphy/ptII/ptolemy/actor/lib/test/auto/TestExceptionAttribute3.xml
.TestExceptionAttribute3.TestExceptionAttribute: initialize() was not invoked, but wrapup() was.  This is unusual, but not always a problem.  For example, exporting JNLP will do this.
0 ms. Memory: 1759232K Free: 1402955K (80%)
----------------- Invoking toplevel() on ptolemy.moml.MoMLSimpleApplication@4225d848
----------------- Done invoking toplevel() on ptolemy.moml.MoMLSimpleApplication@4225d848
reloadAllAccessors: .TestExceptionAttribute3

===========================================================================================
----------------- testing Fri Oct 12 02:29:26 UTC 2018 /home/travis/build/icyphy/ptII/ptolemy/actor/lib/test/auto/TestExceptionAttribute4.xml
----------------- Instantiating /home/travis/build/icyphy/ptII/ptolemy/actor/lib/test/auto/TestExceptionAttribute4.xml
.TestExceptionAttribute4.TestExceptionAttribute: initialize() was not invoked, but wrapup() was.  This is unusual, but not always a problem.  For example, exporting JNLP will do this.
.TestExceptionAttribute4.TestExceptionAttribute2: initialize() was not invoked, but wrapup() was.  This is unusual, but not always a problem.  For example, exporting JNLP will do this.
0 ms. Memory: 1759232K Free: 1386397K (79%)
----------------- Invoking toplevel() on ptolemy.moml.MoMLSimpleApplication@34898ed8
----------------- Done invoking toplevel() on ptolemy.moml.MoMLSimpleApplication@34898ed8
reloadAllAccessors: .TestExceptionAttribute4

===========================================================================================
----------------- testing Fri Oct 12 02:29:26 UTC 2018 /home/travis/build/icyphy/ptII/ptolemy/actor/lib/test/auto/TestExceptionHandler1.xml
----------------- Instantiating /home/travis/build/icyphy/ptII/ptolemy/actor/lib/test/auto/TestExceptionHandler1.xml
0 ms. Memory: 1759232K Free: 1364743K (78%)
----------------- Invoking toplevel() on ptolemy.moml.MoMLSimpleApplication@3b721a7e
----------------- Done invoking toplevel() on ptolemy.moml.MoMLSimpleApplication@3b721a7e
reloadAllAccessors: .TestExceptionHandler1

===========================================================================================
----------------- testing Fri Oct 12 02:29:26 UTC 2018 /home/travis/build/icyphy/ptII/ptolemy/actor/lib/test/auto/TestExceptionHandler2.xml
----------------- Instantiating /home/travis/build/icyphy/ptII/ptolemy/actor/lib/test/auto/TestExceptionHandler2.xml
1 ms. Memory: 1759232K Free: 1348185K (77%)
----------------- Invoking toplevel() on ptolemy.moml.MoMLSimpleApplication@5aa4979a
----------------- Done invoking toplevel() on ptolemy.moml.MoMLSimpleApplication@5aa4979a
reloadAllAccessors: .TestExceptionHandler2

===========================================================================================
----------------- testing Fri Oct 12 02:29:26 UTC 2018 /home/travis/build/icyphy/ptII/ptolemy/actor/lib/test/auto/TestExceptionHandler3.xml
----------------- Instantiating /home/travis/build/icyphy/ptII/ptolemy/actor/lib/test/auto/TestExceptionHandler3.xml
1 ms. Memory: 1759232K Free: 1326530K (75%)
----------------- Invoking toplevel() on ptolemy.moml.MoMLSimpleApplication@20989c49
----------------- Done invoking toplevel() on ptolemy.moml.MoMLSimpleApplication@20989c49
reloadAllAccessors: .TestExceptionHandler3

===========================================================================================
----------------- testing Fri Oct 12 02:29:26 UTC 2018 /home/travis/build/icyphy/ptII/ptolemy/actor/lib/test/auto/TestExceptionHandler4.xml
----------------- Instantiating /home/travis/build/icyphy/ptII/ptolemy/actor/lib/test/auto/TestExceptionHandler4.xml
1 ms. Memory: 1759232K Free: 1309972K (74%)
----------------- Invoking toplevel() on ptolemy.moml.MoMLSimpleApplication@4eb2b8b4
----------------- Done invoking toplevel() on ptolemy.moml.MoMLSimpleApplication@4eb2b8b4
reloadAllAccessors: .TestExceptionHandler4

===========================================================================================
----------------- testing Fri Oct 12 02:29:26 UTC 2018 /home/travis/build/icyphy/ptII/ptolemy/actor/lib/test/auto/TestRequireCorrectOrder.xml
----------------- Instantiating /home/travis/build/icyphy/ptII/ptolemy/actor/lib/test/auto/TestRequireCorrectOrder.xml
3 ms. Memory: 1759232K Free: 1288318K (73%)
----------------- Invoking toplevel() on ptolemy.moml.MoMLSimpleApplication@7e29532b
----------------- Done invoking toplevel() on ptolemy.moml.MoMLSimpleApplication@7e29532b
reloadAllAccessors: .TestRequireCorrectOrder

===========================================================================================
----------------- testing Fri Oct 12 02:29:26 UTC 2018 /home/travis/build/icyphy/ptII/ptolemy/actor/lib/test/auto/TestSimple.xml
----------------- Instantiating /home/travis/build/icyphy/ptII/ptolemy/actor/lib/test/auto/TestSimple.xml
1 ms. Memory: 1759232K Free: 1271759K (72%)
----------------- Invoking toplevel() on ptolemy.moml.MoMLSimpleApplication@686dc18c
----------------- Done invoking toplevel() on ptolemy.moml.MoMLSimpleApplication@686dc18c
reloadAllAccessors: .TestSimple

===========================================================================================
----------------- testing Fri Oct 12 02:29:26 UTC 2018 /home/travis/build/icyphy/ptII/ptolemy/actor/lib/test/auto/ThrowModelError.xml
----------------- Instantiating /home/travis/build/icyphy/ptII/ptolemy/actor/lib/test/auto/ThrowModelError.xml
0 ms. Memory: 1759232K Free: 1250105K (71%)
----------------- Invoking toplevel() on ptolemy.moml.MoMLSimpleApplication@66eb729e
----------------- Done invoking toplevel() on ptolemy.moml.MoMLSimpleApplication@66eb729e
reloadAllAccessors: .ThrowModelError

===========================================================================================
----------------- testing Fri Oct 12 02:29:26 UTC 2018 /home/travis/build/icyphy/ptII/ptolemy/actor/lib/test/auto/TimeDelayMicrosteps.xml
----------------- Instantiating /home/travis/build/icyphy/ptII/ptolemy/actor/lib/test/auto/TimeDelayMicrosteps.xml
2 ms. Memory: 1759232K Free: 1233547K (70%)
----------------- Invoking toplevel() on ptolemy.moml.MoMLSimpleApplication@6a1973bc
----------------- Done invoking toplevel() on ptolemy.moml.MoMLSimpleApplication@6a1973bc
reloadAllAccessors: .TimeDelayMicrosteps

===========================================================================================
----------------- testing Fri Oct 12 02:29:26 UTC 2018 /home/travis/build/icyphy/ptII/ptolemy/actor/lib/test/auto/TimeDelayMicrosteps2.xml
----------------- Instantiating /home/travis/build/icyphy/ptII/ptolemy/actor/lib/test/auto/TimeDelayMicrosteps2.xml
1 ms. Memory: 1759232K Free: 1211892K (69%)
----------------- Invoking toplevel() on ptolemy.moml.MoMLSimpleApplication@e7daab2
----------------- Done invoking toplevel() on ptolemy.moml.MoMLSimpleApplication@e7daab2
reloadAllAccessors: .TimeDelayMicrosteps2

===========================================================================================
----------------- testing Fri Oct 12 02:29:26 UTC 2018 /home/travis/build/icyphy/ptII/ptolemy/actor/lib/test/auto/TimeDelayMicrosteps3.xml
----------------- Instantiating /home/travis/build/icyphy/ptII/ptolemy/actor/lib/test/auto/TimeDelayMicrosteps3.xml
1 ms. Memory: 1759232K Free: 1195334K (68%)
----------------- Invoking toplevel() on ptolemy.moml.MoMLSimpleApplication@218c3e68
----------------- Done invoking toplevel() on ptolemy.moml.MoMLSimpleApplication@218c3e68
reloadAllAccessors: .TimeDelayMicrosteps3

===========================================================================================
----------------- testing Fri Oct 12 02:29:26 UTC 2018 /home/travis/build/icyphy/ptII/ptolemy/actor/lib/test/auto/TimeDelayVariableMicrosteps.xml
----------------- Instantiating /home/travis/build/icyphy/ptII/ptolemy/actor/lib/test/auto/TimeDelayVariableMicrosteps.xml
2 ms. Memory: 1759232K Free: 1173680K (67%)
----------------- Invoking toplevel() on ptolemy.moml.MoMLSimpleApplication@d242fe4
----------------- Done invoking toplevel() on ptolemy.moml.MoMLSimpleApplication@d242fe4
reloadAllAccessors: .TimeDelayVariableMicrosteps

===========================================================================================
----------------- testing Fri Oct 12 02:29:26 UTC 2018 /home/travis/build/icyphy/ptII/ptolemy/actor/lib/test/auto/TimeGap.xml
----------------- Instantiating /home/travis/build/icyphy/ptII/ptolemy/actor/lib/test/auto/TimeGap.xml
2 ms. Memory: 1759232K Free: 1157122K (66%)
----------------- Invoking toplevel() on ptolemy.moml.MoMLSimpleApplication@6dc5adf3
----------------- Done invoking toplevel() on ptolemy.moml.MoMLSimpleApplication@6dc5adf3
reloadAllAccessors: .TimeGap

===========================================================================================
----------------- testing Fri Oct 12 02:29:26 UTC 2018 /home/travis/build/icyphy/ptII/ptolemy/actor/lib/test/auto/TimeGap2.xml
----------------- Instantiating /home/travis/build/icyphy/ptII/ptolemy/actor/lib/test/auto/TimeGap2.xml
1 ms. Memory: 1759232K Free: 1135467K (65%)
----------------- Invoking toplevel() on ptolemy.moml.MoMLSimpleApplication@512816a1
----------------- Done invoking toplevel() on ptolemy.moml.MoMLSimpleApplication@512816a1
reloadAllAccessors: .TimeGap2

===========================================================================================
----------------- testing Fri Oct 12 02:29:26 UTC 2018 /home/travis/build/icyphy/ptII/ptolemy/actor/lib/test/auto/TimedSinewave.xml
----------------- Instantiating /home/travis/build/icyphy/ptII/ptolemy/actor/lib/test/auto/TimedSinewave.xml
9 ms. Memory: 1759232K Free: 1110630K (63%)
----------------- Invoking toplevel() on ptolemy.moml.MoMLSimpleApplication@732d067a
----------------- Done invoking toplevel() on ptolemy.moml.MoMLSimpleApplication@732d067a
reloadAllAccessors: .TimedSinewave

===========================================================================================
----------------- testing Fri Oct 12 02:29:26 UTC 2018 /home/travis/build/icyphy/ptII/ptolemy/actor/lib/test/auto/TimedSinewavePhase.xml
----------------- Instantiating /home/travis/build/icyphy/ptII/ptolemy/actor/lib/test/auto/TimedSinewavePhase.xml
7 ms. Memory: 1759232K Free: 1088975K (62%)
----------------- Invoking toplevel() on ptolemy.moml.MoMLSimpleApplication@328439b1
----------------- Done invoking toplevel() on ptolemy.moml.MoMLSimpleApplication@328439b1
reloadAllAccessors: .TimedSinewavePhase

===========================================================================================
----------------- testing Fri Oct 12 02:29:26 UTC 2018 /home/travis/build/icyphy/ptII/ptolemy/actor/lib/test/auto/Timer.xml
----------------- Instantiating /home/travis/build/icyphy/ptII/ptolemy/actor/lib/test/auto/Timer.xml
1 ms. Memory: 1759232K Free: 1072417K (61%)
----------------- Invoking toplevel() on ptolemy.moml.MoMLSimpleApplication@2311777d
----------------- Done invoking toplevel() on ptolemy.moml.MoMLSimpleApplication@2311777d
reloadAllAccessors: .Timer

===========================================================================================
----------------- testing Fri Oct 12 02:29:26 UTC 2018 /home/travis/build/icyphy/ptII/ptolemy/actor/lib/test/auto/TriangularDistTestModel.xml
----------------- Instantiating /home/travis/build/icyphy/ptII/ptolemy/actor/lib/test/auto/TriangularDistTestModel.xml
1 ms. Memory: 1759232K Free: 1050762K (60%)
----------------- Invoking toplevel() on ptolemy.moml.MoMLSimpleApplication@4ce3fe9
----------------- Done invoking toplevel() on ptolemy.moml.MoMLSimpleApplication@4ce3fe9
reloadAllAccessors: .TriangularDistTestModel

===========================================================================================
----------------- testing Fri Oct 12 02:29:26 UTC 2018 /home/travis/build/icyphy/ptII/ptolemy/actor/lib/test/auto/TrigFunction.xml
----------------- Instantiating /home/travis/build/icyphy/ptII/ptolemy/actor/lib/test/auto/TrigFunction.xml
1 ms. Memory: 1759232K Free: 1034204K (59%)
----------------- Invoking toplevel() on ptolemy.moml.MoMLSimpleApplication@6d2155b4
----------------- Done invoking toplevel() on ptolemy.moml.MoMLSimpleApplication@6d2155b4
reloadAllAccessors: .TrigFunction

===========================================================================================
----------------- testing Fri Oct 12 02:29:26 UTC 2018 /home/travis/build/icyphy/ptII/ptolemy/actor/lib/test/auto/TrigFunctionDE.xml
----------------- Instantiating /home/travis/build/icyphy/ptII/ptolemy/actor/lib/test/auto/TrigFunctionDE.xml
2 ms. Memory: 1759232K Free: 1012550K (58%)
----------------- Invoking toplevel() on ptolemy.moml.MoMLSimpleApplication@1480e761
----------------- Done invoking toplevel() on ptolemy.moml.MoMLSimpleApplication@1480e761
reloadAllAccessors: .TrigFunctionDE

===========================================================================================
----------------- testing Fri Oct 12 02:29:26 UTC 2018 /home/travis/build/icyphy/ptII/ptolemy/actor/lib/test/auto/TrigFunctionInverse.xml
----------------- Instantiating /home/travis/build/icyphy/ptII/ptolemy/actor/lib/test/auto/TrigFunctionInverse.xml
1 ms. Memory: 1759232K Free: 995991K (57%)
----------------- Invoking toplevel() on ptolemy.moml.MoMLSimpleApplication@2756d915
----------------- Done invoking toplevel() on ptolemy.moml.MoMLSimpleApplication@2756d915
reloadAllAccessors: .TrigFunctionInverse

===========================================================================================
----------------- testing Fri Oct 12 02:29:26 UTC 2018 /home/travis/build/icyphy/ptII/ptolemy/actor/lib/test/auto/TrigFunctionTan.xml
----------------- Instantiating /home/travis/build/icyphy/ptII/ptolemy/actor/lib/test/auto/TrigFunctionTan.xml
0 ms. Memory: 1759232K Free: 974337K (55%)
----------------- Invoking toplevel() on ptolemy.moml.MoMLSimpleApplication@74fbcbe0
----------------- Done invoking toplevel() on ptolemy.moml.MoMLSimpleApplication@74fbcbe0
reloadAllAccessors: .TrigFunctionTan

===========================================================================================
----------------- testing Fri Oct 12 02:29:26 UTC 2018 /home/travis/build/icyphy/ptII/ptolemy/actor/lib/test/auto/TriggeredClock.xml
----------------- Instantiating /home/travis/build/icyphy/ptII/ptolemy/actor/lib/test/auto/TriggeredClock.xml
1 ms. Memory: 1759232K Free: 957779K (54%)
----------------- Invoking toplevel() on ptolemy.moml.MoMLSimpleApplication@649ffa6a
----------------- Done invoking toplevel() on ptolemy.moml.MoMLSimpleApplication@649ffa6a
reloadAllAccessors: .TriggeredClock

===========================================================================================
----------------- testing Fri Oct 12 02:29:26 UTC 2018 /home/travis/build/icyphy/ptII/ptolemy/actor/lib/test/auto/URLDirectoryReader.xml
----------------- Instantiating /home/travis/build/icyphy/ptII/ptolemy/actor/lib/test/auto/URLDirectoryReader.xml
21 ms. Memory: 1759232K Free: 936124K (53%)
----------------- Invoking toplevel() on ptolemy.moml.MoMLSimpleApplication@831c51e
----------------- Done invoking toplevel() on ptolemy.moml.MoMLSimpleApplication@831c51e
reloadAllAccessors: .URLDirectoryReader

===========================================================================================
----------------- testing Fri Oct 12 02:29:26 UTC 2018 /home/travis/build/icyphy/ptII/ptolemy/actor/lib/test/auto/URLDirectoryReader3.xml
----------------- Instantiating /home/travis/build/icyphy/ptII/ptolemy/actor/lib/test/auto/URLDirectoryReader3.xml
1233 ms. Memory: 1759232K Free: 869892K (49%)
----------------- Invoking toplevel() on ptolemy.moml.MoMLSimpleApplication@54a84268
----------------- Done invoking toplevel() on ptolemy.moml.MoMLSimpleApplication@54a84268
reloadAllAccessors: .URLDirectoryReader3

===========================================================================================
----------------- testing Fri Oct 12 02:29:28 UTC 2018 /home/travis/build/icyphy/ptII/ptolemy/actor/lib/test/auto/UnaryMathFunction.xml
----------------- Instantiating /home/travis/build/icyphy/ptII/ptolemy/actor/lib/test/auto/UnaryMathFunction.xml
3 ms. Memory: 1759232K Free: 848237K (48%)
----------------- Invoking toplevel() on ptolemy.moml.MoMLSimpleApplication@370db91f
----------------- Done invoking toplevel() on ptolemy.moml.MoMLSimpleApplication@370db91f
reloadAllAccessors: .UnaryMathFunction

===========================================================================================
----------------- testing Fri Oct 12 02:29:28 UTC 2018 /home/travis/build/icyphy/ptII/ptolemy/actor/lib/test/auto/Uniform.xml
----------------- Instantiating /home/travis/build/icyphy/ptII/ptolemy/actor/lib/test/auto/Uniform.xml
1 ms. Memory: 1759232K Free: 831679K (47%)
----------------- Invoking toplevel() on ptolemy.moml.MoMLSimpleApplication@5a98520d
----------------- Done invoking toplevel() on ptolemy.moml.MoMLSimpleApplication@5a98520d
reloadAllAccessors: .Uniform

===========================================================================================
----------------- testing Fri Oct 12 02:29:28 UTC 2018 /home/travis/build/icyphy/ptII/ptolemy/actor/lib/test/auto/UnionDisassemblerTest.xml
----------------- Instantiating /home/travis/build/icyphy/ptII/ptolemy/actor/lib/test/auto/UnionDisassemblerTest.xml
14 ms. Memory: 1759232K Free: 810024K (46%)
----------------- Invoking toplevel() on ptolemy.moml.MoMLSimpleApplication@6e4b3f78
----------------- Done invoking toplevel() on ptolemy.moml.MoMLSimpleApplication@6e4b3f78
reloadAllAccessors: .UnionDisassemblerTest

===========================================================================================
----------------- testing Fri Oct 12 02:29:28 UTC 2018 /home/travis/build/icyphy/ptII/ptolemy/actor/lib/test/auto/UtilityFunctions.xml
----------------- Instantiating /home/travis/build/icyphy/ptII/ptolemy/actor/lib/test/auto/UtilityFunctions.xml
9 ms. Memory: 1759232K Free: 793466K (45%)
----------------- Invoking toplevel() on ptolemy.moml.MoMLSimpleApplication@17368dea
----------------- Done invoking toplevel() on ptolemy.moml.MoMLSimpleApplication@17368dea
reloadAllAccessors: .UtilityFunctions

===========================================================================================
----------------- testing Fri Oct 12 02:29:28 UTC 2018 /home/travis/build/icyphy/ptII/ptolemy/actor/lib/test/auto/VariableSleep.xml
----------------- Instantiating /home/travis/build/icyphy/ptII/ptolemy/actor/lib/test/auto/VariableSleep.xml
503 ms. Memory: 1759232K Free: 771812K (44%)
----------------- Invoking toplevel() on ptolemy.moml.MoMLSimpleApplication@f094870
----------------- Done invoking toplevel() on ptolemy.moml.MoMLSimpleApplication@f094870
reloadAllAccessors: .VariableSleep

===========================================================================================
----------------- testing Fri Oct 12 02:29:28 UTC 2018 /home/travis/build/icyphy/ptII/ptolemy/actor/lib/test/auto/VectorAssemblerDisassemblerCT.xml
----------------- Instantiating /home/travis/build/icyphy/ptII/ptolemy/actor/lib/test/auto/VectorAssemblerDisassemblerCT.xml
69 ms. Memory: 1759232K Free: 738680K (42%)
----------------- Invoking toplevel() on ptolemy.moml.MoMLSimpleApplication@11a6e888
----------------- Done invoking toplevel() on ptolemy.moml.MoMLSimpleApplication@11a6e888
reloadAllAccessors: .VectorAssemblerDisassemblerCT

===========================================================================================
----------------- testing Fri Oct 12 02:29:28 UTC 2018 /home/travis/build/icyphy/ptII/ptolemy/actor/lib/test/auto/VectorAssemblerDisassemblerDE.xml
----------------- Instantiating /home/travis/build/icyphy/ptII/ptolemy/actor/lib/test/auto/VectorAssemblerDisassemblerDE.xml
2 ms. Memory: 1759232K Free: 717025K (41%)
----------------- Invoking toplevel() on ptolemy.moml.MoMLSimpleApplication@53e4076e
----------------- Done invoking toplevel() on ptolemy.moml.MoMLSimpleApplication@53e4076e
reloadAllAccessors: .VectorAssemblerDisassemblerDE

===========================================================================================
----------------- testing Fri Oct 12 02:29:28 UTC 2018 /home/travis/build/icyphy/ptII/ptolemy/actor/lib/test/auto/VectorAssemblerDisassemblerSDF.xml
----------------- Instantiating /home/travis/build/icyphy/ptII/ptolemy/actor/lib/test/auto/VectorAssemblerDisassemblerSDF.xml
2 ms. Memory: 1759232K Free: 700467K (40%)
----------------- Invoking toplevel() on ptolemy.moml.MoMLSimpleApplication@5546ed56
----------------- Done invoking toplevel() on ptolemy.moml.MoMLSimpleApplication@5546ed56
reloadAllAccessors: .VectorAssemblerDisassemblerSDF

===========================================================================================
----------------- testing Fri Oct 12 02:29:28 UTC 2018 /home/travis/build/icyphy/ptII/ptolemy/actor/lib/test/auto/WallClockTime.xml
----------------- Instantiating /home/travis/build/icyphy/ptII/ptolemy/actor/lib/test/auto/WallClockTime.xml
1005 ms. Memory: 1759232K Free: 678813K (39%)
----------------- Invoking toplevel() on ptolemy.moml.MoMLSimpleApplication@1ff7bad8
----------------- Done invoking toplevel() on ptolemy.moml.MoMLSimpleApplication@1ff7bad8
reloadAllAccessors: .WallClockTime

===========================================================================================
----------------- testing Fri Oct 12 02:29:30 UTC 2018 /home/travis/build/icyphy/ptII/ptolemy/actor/lib/test/auto/WidthTestWithSubscriberPublisher.xml
----------------- Instantiating /home/travis/build/icyphy/ptII/ptolemy/actor/lib/test/auto/WidthTestWithSubscriberPublisher.xml
13 ms. Memory: 1759232K Free: 653960K (37%)
----------------- Invoking toplevel() on ptolemy.moml.MoMLSimpleApplication@58f9e269
----------------- Done invoking toplevel() on ptolemy.moml.MoMLSimpleApplication@58f9e269
reloadAllAccessors: .WidthTestWithSubscriberPublisher

===========================================================================================
----------------- testing Fri Oct 12 02:29:30 UTC 2018 /home/travis/build/icyphy/ptII/ptolemy/actor/lib/test/auto/WidthTestWithSubscriberPublisher2.xml
----------------- Instantiating /home/travis/build/icyphy/ptII/ptolemy/actor/lib/test/auto/WidthTestWithSubscriberPublisher2.xml
2 ms. Memory: 1759232K Free: 632305K (36%)
----------------- Invoking toplevel() on ptolemy.moml.MoMLSimpleApplication@726ed433
----------------- Done invoking toplevel() on ptolemy.moml.MoMLSimpleApplication@726ed433
reloadAllAccessors: .WidthTestWithSubscriberPublisher2

===========================================================================================
----------------- testing Fri Oct 12 02:29:30 UTC 2018 /home/travis/build/icyphy/ptII/ptolemy/actor/lib/test/auto/WidthTestWithSubscriberPublisher3.xml
----------------- Instantiating /home/travis/build/icyphy/ptII/ptolemy/actor/lib/test/auto/WidthTestWithSubscriberPublisher3.xml
2 ms. Memory: 1759232K Free: 615747K (35%)
----------------- Invoking toplevel() on ptolemy.moml.MoMLSimpleApplication@3a16ba8f
----------------- Done invoking toplevel() on ptolemy.moml.MoMLSimpleApplication@3a16ba8f
reloadAllAccessors: .WidthTestWithSubscriberPublisher3

===========================================================================================
----------------- testing Fri Oct 12 02:29:30 UTC 2018 /home/travis/build/icyphy/ptII/ptolemy/actor/lib/test/auto/Writer.xml
----------------- Instantiating /home/travis/build/icyphy/ptII/ptolemy/actor/lib/test/auto/Writer.xml
0
1
2
3
4
1 ms. Memory: 1759232K Free: 594093K (34%)
----------------- Invoking toplevel() on ptolemy.moml.MoMLSimpleApplication@78b18006
----------------- Done invoking toplevel() on ptolemy.moml.MoMLSimpleApplication@78b18006
reloadAllAccessors: .Writer

===========================================================================================
----------------- testing Fri Oct 12 02:29:30 UTC 2018 /home/travis/build/icyphy/ptII/ptolemy/actor/lib/test/auto/array.xml
----------------- Instantiating /home/travis/build/icyphy/ptII/ptolemy/actor/lib/test/auto/array.xml
2 ms. Memory: 1759232K Free: 577535K (33%)
----------------- Invoking toplevel() on ptolemy.moml.MoMLSimpleApplication@7f041748
----------------- Done invoking toplevel() on ptolemy.moml.MoMLSimpleApplication@7f041748
reloadAllAccessors: .array

===========================================================================================
----------------- testing Fri Oct 12 02:29:30 UTC 2018 /home/travis/build/icyphy/ptII/ptolemy/actor/lib/test/auto/array2.xml
----------------- Instantiating /home/travis/build/icyphy/ptII/ptolemy/actor/lib/test/auto/array2.xml
4 ms. Memory: 1759232K Free: 555880K (32%)
----------------- Invoking toplevel() on ptolemy.moml.MoMLSimpleApplication@44a04b7b
----------------- Done invoking toplevel() on ptolemy.moml.MoMLSimpleApplication@44a04b7b
reloadAllAccessors: .array2

===========================================================================================
----------------- testing Fri Oct 12 02:29:30 UTC 2018 /home/travis/build/icyphy/ptII/ptolemy/actor/lib/test/auto/arrayType.xml
----------------- Instantiating /home/travis/build/icyphy/ptII/ptolemy/actor/lib/test/auto/arrayType.xml
1 ms. Memory: 1759232K Free: 539322K (31%)
----------------- Invoking toplevel() on ptolemy.moml.MoMLSimpleApplication@2abe62
----------------- Done invoking toplevel() on ptolemy.moml.MoMLSimpleApplication@2abe62
reloadAllAccessors: .arrayType

===========================================================================================
----------------- testing Fri Oct 12 02:29:30 UTC 2018 /home/travis/build/icyphy/ptII/ptolemy/actor/lib/test/auto/arrayType10.xml
----------------- Instantiating /home/travis/build/icyphy/ptII/ptolemy/actor/lib/test/auto/arrayType10.xml
2 ms. Memory: 1759232K Free: 517668K (29%)
----------------- Invoking toplevel() on ptolemy.moml.MoMLSimpleApplication@56266c8c
----------------- Done invoking toplevel() on ptolemy.moml.MoMLSimpleApplication@56266c8c
reloadAllAccessors: .arrayType10

===========================================================================================
----------------- testing Fri Oct 12 02:29:30 UTC 2018 /home/travis/build/icyphy/ptII/ptolemy/actor/lib/test/auto/arrayType11.xml
----------------- Instantiating /home/travis/build/icyphy/ptII/ptolemy/actor/lib/test/auto/arrayType11.xml
1 ms. Memory: 1759232K Free: 501110K (28%)
----------------- Invoking toplevel() on ptolemy.moml.MoMLSimpleApplication@10c798c3
----------------- Done invoking toplevel() on ptolemy.moml.MoMLSimpleApplication@10c798c3
reloadAllAccessors: .arrayType11

===========================================================================================
----------------- testing Fri Oct 12 02:29:30 UTC 2018 /home/travis/build/icyphy/ptII/ptolemy/actor/lib/test/auto/arrayType12.xml
----------------- Instantiating /home/travis/build/icyphy/ptII/ptolemy/actor/lib/test/auto/arrayType12.xml
2 ms. Memory: 1759232K Free: 479455K (27%)
----------------- Invoking toplevel() on ptolemy.moml.MoMLSimpleApplication@41a13f26
----------------- Done invoking toplevel() on ptolemy.moml.MoMLSimpleApplication@41a13f26
reloadAllAccessors: .arrayType12

===========================================================================================
----------------- testing Fri Oct 12 02:29:30 UTC 2018 /home/travis/build/icyphy/ptII/ptolemy/actor/lib/test/auto/arrayType13.xml
----------------- Instantiating /home/travis/build/icyphy/ptII/ptolemy/actor/lib/test/auto/arrayType13.xml
2 ms. Memory: 1759232K Free: 462897K (26%)
----------------- Invoking toplevel() on ptolemy.moml.MoMLSimpleApplication@68276932
----------------- Done invoking toplevel() on ptolemy.moml.MoMLSimpleApplication@68276932
reloadAllAccessors: .arrayType13

===========================================================================================
----------------- testing Fri Oct 12 02:29:30 UTC 2018 /home/travis/build/icyphy/ptII/ptolemy/actor/lib/test/auto/arrayType14.xml
----------------- Instantiating /home/travis/build/icyphy/ptII/ptolemy/actor/lib/test/auto/arrayType14.xml
1 ms. Memory: 1759232K Free: 441243K (25%)
----------------- Invoking toplevel() on ptolemy.moml.MoMLSimpleApplication@345974cc
----------------- Done invoking toplevel() on ptolemy.moml.MoMLSimpleApplication@345974cc
reloadAllAccessors: .arrayType14

===========================================================================================
----------------- testing Fri Oct 12 02:29:30 UTC 2018 /home/travis/build/icyphy/ptII/ptolemy/actor/lib/test/auto/arrayType15.xml
----------------- Instantiating /home/travis/build/icyphy/ptII/ptolemy/actor/lib/test/auto/arrayType15.xml
2 ms. Memory: 1759232K Free: 424685K (24%)
----------------- Invoking toplevel() on ptolemy.moml.MoMLSimpleApplication@7f2e186c
----------------- Done invoking toplevel() on ptolemy.moml.MoMLSimpleApplication@7f2e186c
reloadAllAccessors: .arrayType15

===========================================================================================
----------------- testing Fri Oct 12 02:29:30 UTC 2018 /home/travis/build/icyphy/ptII/ptolemy/actor/lib/test/auto/arrayType16.xml
----------------- Instantiating /home/travis/build/icyphy/ptII/ptolemy/actor/lib/test/auto/arrayType16.xml
1 ms. Memory: 1759232K Free: 403030K (23%)
----------------- Invoking toplevel() on ptolemy.moml.MoMLSimpleApplication@108ee544
----------------- Done invoking toplevel() on ptolemy.moml.MoMLSimpleApplication@108ee544
reloadAllAccessors: .arrayType16

===========================================================================================
----------------- testing Fri Oct 12 02:29:30 UTC 2018 /home/travis/build/icyphy/ptII/ptolemy/actor/lib/test/auto/arrayType17.xml
----------------- Instantiating /home/travis/build/icyphy/ptII/ptolemy/actor/lib/test/auto/arrayType17.xml
1 ms. Memory: 1759232K Free: 386472K (22%)
----------------- Invoking toplevel() on ptolemy.moml.MoMLSimpleApplication@409eae4f
----------------- Done invoking toplevel() on ptolemy.moml.MoMLSimpleApplication@409eae4f
reloadAllAccessors: .arrayType17

===========================================================================================
----------------- testing Fri Oct 12 02:29:30 UTC 2018 /home/travis/build/icyphy/ptII/ptolemy/actor/lib/test/auto/arrayType18.xml
----------------- Instantiating /home/travis/build/icyphy/ptII/ptolemy/actor/lib/test/auto/arrayType18.xml
1 ms. Memory: 1759232K Free: 364818K (21%)
----------------- Invoking toplevel() on ptolemy.moml.MoMLSimpleApplication@303c8f09
----------------- Done invoking toplevel() on ptolemy.moml.MoMLSimpleApplication@303c8f09
reloadAllAccessors: .arrayType18

===========================================================================================
----------------- testing Fri Oct 12 02:29:30 UTC 2018 /home/travis/build/icyphy/ptII/ptolemy/actor/lib/test/auto/arrayType19.xml
----------------- Instantiating /home/travis/build/icyphy/ptII/ptolemy/actor/lib/test/auto/arrayType19.xml
2 ms. Memory: 1759232K Free: 348260K (20%)
----------------- Invoking toplevel() on ptolemy.moml.MoMLSimpleApplication@79a630bc
----------------- Done invoking toplevel() on ptolemy.moml.MoMLSimpleApplication@79a630bc
reloadAllAccessors: .arrayType19

===========================================================================================
----------------- testing Fri Oct 12 02:29:30 UTC 2018 /home/travis/build/icyphy/ptII/ptolemy/actor/lib/test/auto/arrayType2.xml
----------------- Instantiating /home/travis/build/icyphy/ptII/ptolemy/actor/lib/test/auto/arrayType2.xml
1 ms. Memory: 1759232K Free: 326605K (19%)
----------------- Invoking toplevel() on ptolemy.moml.MoMLSimpleApplication@3c1dd446
----------------- Done invoking toplevel() on ptolemy.moml.MoMLSimpleApplication@3c1dd446
reloadAllAccessors: .arrayType2

===========================================================================================
----------------- testing Fri Oct 12 02:29:30 UTC 2018 /home/travis/build/icyphy/ptII/ptolemy/actor/lib/test/auto/arrayType20.xml
----------------- Instantiating /home/travis/build/icyphy/ptII/ptolemy/actor/lib/test/auto/arrayType20.xml
1 ms. Memory: 1759232K Free: 310047K (18%)
----------------- Invoking toplevel() on ptolemy.moml.MoMLSimpleApplication@4d69e006
----------------- Done invoking toplevel() on ptolemy.moml.MoMLSimpleApplication@4d69e006
reloadAllAccessors: .arrayType20

===========================================================================================
----------------- testing Fri Oct 12 02:29:30 UTC 2018 /home/travis/build/icyphy/ptII/ptolemy/actor/lib/test/auto/arrayType21.xml
----------------- Instantiating /home/travis/build/icyphy/ptII/ptolemy/actor/lib/test/auto/arrayType21.xml
1 ms. Memory: 1759232K Free: 288393K (16%)
----------------- Invoking toplevel() on ptolemy.moml.MoMLSimpleApplication@72601d57
----------------- Done invoking toplevel() on ptolemy.moml.MoMLSimpleApplication@72601d57
reloadAllAccessors: .arrayType21

===========================================================================================
----------------- testing Fri Oct 12 02:29:30 UTC 2018 /home/travis/build/icyphy/ptII/ptolemy/actor/lib/test/auto/arrayType22.xml
----------------- Instantiating /home/travis/build/icyphy/ptII/ptolemy/actor/lib/test/auto/arrayType22.xml
3 ms. Memory: 1759232K Free: 271835K (15%)
----------------- Invoking toplevel() on ptolemy.moml.MoMLSimpleApplication@5d08768b
----------------- Done invoking toplevel() on ptolemy.moml.MoMLSimpleApplication@5d08768b
reloadAllAccessors: .arrayType22

===========================================================================================
----------------- testing Fri Oct 12 02:29:30 UTC 2018 /home/travis/build/icyphy/ptII/ptolemy/actor/lib/test/auto/arrayType23.xml
----------------- Instantiating /home/travis/build/icyphy/ptII/ptolemy/actor/lib/test/auto/arrayType23.xml
1 ms. Memory: 1759232K Free: 250180K (14%)
----------------- Invoking toplevel() on ptolemy.moml.MoMLSimpleApplication@38cbd9f5
----------------- Done invoking toplevel() on ptolemy.moml.MoMLSimpleApplication@38cbd9f5
reloadAllAccessors: .arrayType23

===========================================================================================
----------------- testing Fri Oct 12 02:29:30 UTC 2018 /home/travis/build/icyphy/ptII/ptolemy/actor/lib/test/auto/arrayType24.xml
----------------- Instantiating /home/travis/build/icyphy/ptII/ptolemy/actor/lib/test/auto/arrayType24.xml
1 ms. Memory: 1759232K Free: 233622K (13%)
----------------- Invoking toplevel() on ptolemy.moml.MoMLSimpleApplication@73b993e5
----------------- Done invoking toplevel() on ptolemy.moml.MoMLSimpleApplication@73b993e5
reloadAllAccessors: .arrayType24

===========================================================================================
----------------- testing Fri Oct 12 02:29:30 UTC 2018 /home/travis/build/icyphy/ptII/ptolemy/actor/lib/test/auto/arrayType25.xml
----------------- Instantiating /home/travis/build/icyphy/ptII/ptolemy/actor/lib/test/auto/arrayType25.xml
2 ms. Memory: 1759232K Free: 211967K (12%)
----------------- Invoking toplevel() on ptolemy.moml.MoMLSimpleApplication@516429ac
----------------- Done invoking toplevel() on ptolemy.moml.MoMLSimpleApplication@516429ac
reloadAllAccessors: .arrayType25

===========================================================================================
----------------- testing Fri Oct 12 02:29:30 UTC 2018 /home/travis/build/icyphy/ptII/ptolemy/actor/lib/test/auto/arrayType26.xml
----------------- Instantiating /home/travis/build/icyphy/ptII/ptolemy/actor/lib/test/auto/arrayType26.xml
2 ms. Memory: 1759232K Free: 195409K (11%)
----------------- Invoking toplevel() on ptolemy.moml.MoMLSimpleApplication@2f8ba437
----------------- Done invoking toplevel() on ptolemy.moml.MoMLSimpleApplication@2f8ba437
reloadAllAccessors: .arrayType26

===========================================================================================
----------------- testing Fri Oct 12 02:29:30 UTC 2018 /home/travis/build/icyphy/ptII/ptolemy/actor/lib/test/auto/arrayType27.xml
----------------- Instantiating /home/travis/build/icyphy/ptII/ptolemy/actor/lib/test/auto/arrayType27.xml
3 ms. Memory: 1759232K Free: 173755K (10%)
----------------- Invoking toplevel() on ptolemy.moml.MoMLSimpleApplication@435d6c95
----------------- Done invoking toplevel() on ptolemy.moml.MoMLSimpleApplication@435d6c95
reloadAllAccessors: .arrayType27

===========================================================================================
----------------- testing Fri Oct 12 02:29:30 UTC 2018 /home/travis/build/icyphy/ptII/ptolemy/actor/lib/test/auto/arrayType28.xml
----------------- Instantiating /home/travis/build/icyphy/ptII/ptolemy/actor/lib/test/auto/arrayType28.xml
2 ms. Memory: 1759232K Free: 157197K (9%)
----------------- Invoking toplevel() on ptolemy.moml.MoMLSimpleApplication@4cf8e13
----------------- Done invoking toplevel() on ptolemy.moml.MoMLSimpleApplication@4cf8e13
reloadAllAccessors: .arrayType28

===========================================================================================
----------------- testing Fri Oct 12 02:29:30 UTC 2018 /home/travis/build/icyphy/ptII/ptolemy/actor/lib/test/auto/arrayType3.xml
----------------- Instantiating /home/travis/build/icyphy/ptII/ptolemy/actor/lib/test/auto/arrayType3.xml
3 ms. Memory: 1759232K Free: 135542K (8%)
----------------- Invoking toplevel() on ptolemy.moml.MoMLSimpleApplication@1bc92bc6
----------------- Done invoking toplevel() on ptolemy.moml.MoMLSimpleApplication@1bc92bc6
reloadAllAccessors: .arrayType3

===========================================================================================
----------------- testing Fri Oct 12 02:29:30 UTC 2018 /home/travis/build/icyphy/ptII/ptolemy/actor/lib/test/auto/arrayType4.xml
----------------- Instantiating /home/travis/build/icyphy/ptII/ptolemy/actor/lib/test/auto/arrayType4.xml
2 ms. Memory: 1759232K Free: 118984K (7%)
----------------- Invoking toplevel() on ptolemy.moml.MoMLSimpleApplication@1d7f1f0c
----------------- Done invoking toplevel() on ptolemy.moml.MoMLSimpleApplication@1d7f1f0c
reloadAllAccessors: .arrayType4

===========================================================================================
----------------- testing Fri Oct 12 02:29:30 UTC 2018 /home/travis/build/icyphy/ptII/ptolemy/actor/lib/test/auto/arrayType5.xml
----------------- Instantiating /home/travis/build/icyphy/ptII/ptolemy/actor/lib/test/auto/arrayType5.xml
2 ms. Memory: 1759232K Free: 97330K (6%)
----------------- Invoking toplevel() on ptolemy.moml.MoMLSimpleApplication@3b9733b0
----------------- Done invoking toplevel() on ptolemy.moml.MoMLSimpleApplication@3b9733b0
reloadAllAccessors: .arrayType5

===========================================================================================
----------------- testing Fri Oct 12 02:29:30 UTC 2018 /home/travis/build/icyphy/ptII/ptolemy/actor/lib/test/auto/arrayType6.xml
----------------- Instantiating /home/travis/build/icyphy/ptII/ptolemy/actor/lib/test/auto/arrayType6.xml
1 ms. Memory: 1759232K Free: 80771K (5%)
----------------- Invoking toplevel() on ptolemy.moml.MoMLSimpleApplication@e211346
----------------- Done invoking toplevel() on ptolemy.moml.MoMLSimpleApplication@e211346
reloadAllAccessors: .arrayType6

===========================================================================================
----------------- testing Fri Oct 12 02:29:30 UTC 2018 /home/travis/build/icyphy/ptII/ptolemy/actor/lib/test/auto/arrayType7.xml
----------------- Instantiating /home/travis/build/icyphy/ptII/ptolemy/actor/lib/test/auto/arrayType7.xml
2 ms. Memory: 1759232K Free: 64365K (4%)
----------------- Invoking toplevel() on ptolemy.moml.MoMLSimpleApplication@59ba6150
----------------- Done invoking toplevel() on ptolemy.moml.MoMLSimpleApplication@59ba6150
reloadAllAccessors: .arrayType7

===========================================================================================
----------------- testing Fri Oct 12 02:29:30 UTC 2018 /home/travis/build/icyphy/ptII/ptolemy/actor/lib/test/auto/arrayType8.xml
----------------- Instantiating /home/travis/build/icyphy/ptII/ptolemy/actor/lib/test/auto/arrayType8.xml
1 ms. Memory: 1771520K Free: 1704710K (96%)
----------------- Invoking toplevel() on ptolemy.moml.MoMLSimpleApplication@535ed853
----------------- Done invoking toplevel() on ptolemy.moml.MoMLSimpleApplication@535ed853
reloadAllAccessors: .arrayType8

===========================================================================================
----------------- testing Fri Oct 12 02:29:30 UTC 2018 /home/travis/build/icyphy/ptII/ptolemy/actor/lib/test/auto/arrayType9.xml
----------------- Instantiating /home/travis/build/icyphy/ptII/ptolemy/actor/lib/test/auto/arrayType9.xml
5 ms. Memory: 1771520K Free: 1683436K (95%)
----------------- Invoking toplevel() on ptolemy.moml.MoMLSimpleApplication@230d5507
----------------- Done invoking toplevel() on ptolemy.moml.MoMLSimpleApplication@230d5507
reloadAllAccessors: .arrayType9

===========================================================================================
----------------- testing Fri Oct 12 02:29:30 UTC 2018 /home/travis/build/icyphy/ptII/ptolemy/actor/lib/test/auto/cast.xml
----------------- Instantiating /home/travis/build/icyphy/ptII/ptolemy/actor/lib/test/auto/cast.xml
2 ms. Memory: 1771520K Free: 1662162K (94%)
----------------- Invoking toplevel() on ptolemy.moml.MoMLSimpleApplication@204bcd67
----------------- Done invoking toplevel() on ptolemy.moml.MoMLSimpleApplication@204bcd67
reloadAllAccessors: .cast

===========================================================================================
----------------- testing Fri Oct 12 02:29:30 UTC 2018 /home/travis/build/icyphy/ptII/ptolemy/actor/lib/test/auto/compositeMultiPort.xml
----------------- Instantiating /home/travis/build/icyphy/ptII/ptolemy/actor/lib/test/auto/compositeMultiPort.xml
2 ms. Memory: 1771520K Free: 1645604K (93%)
----------------- Invoking toplevel() on ptolemy.moml.MoMLSimpleApplication@1700bb03
----------------- Done invoking toplevel() on ptolemy.moml.MoMLSimpleApplication@1700bb03
reloadAllAccessors: .compositeMultiPort

===========================================================================================
----------------- testing Fri Oct 12 02:29:30 UTC 2018 /home/travis/build/icyphy/ptII/ptolemy/actor/lib/test/auto/expressionCastInference.xml
----------------- Instantiating /home/travis/build/icyphy/ptII/ptolemy/actor/lib/test/auto/expressionCastInference.xml
2 ms. Memory: 1771520K Free: 1624329K (92%)
----------------- Invoking toplevel() on ptolemy.moml.MoMLSimpleApplication@2cfd85d5
----------------- Done invoking toplevel() on ptolemy.moml.MoMLSimpleApplication@2cfd85d5
reloadAllAccessors: .expressionCastInference

===========================================================================================
----------------- testing Fri Oct 12 02:29:30 UTC 2018 /home/travis/build/icyphy/ptII/ptolemy/actor/lib/test/auto/expressionCastInference2.xml
----------------- Instantiating /home/travis/build/icyphy/ptII/ptolemy/actor/lib/test/auto/expressionCastInference2.xml
1 ms. Memory: 1771520K Free: 1607771K (91%)
----------------- Invoking toplevel() on ptolemy.moml.MoMLSimpleApplication@38404649
----------------- Done invoking toplevel() on ptolemy.moml.MoMLSimpleApplication@38404649
reloadAllAccessors: .expressionCastInference2

===========================================================================================
----------------- testing Fri Oct 12 02:29:30 UTC 2018 /home/travis/build/icyphy/ptII/ptolemy/actor/lib/test/auto/expressionInference.xml
----------------- Instantiating /home/travis/build/icyphy/ptII/ptolemy/actor/lib/test/auto/expressionInference.xml
1 ms. Memory: 1771520K Free: 1586497K (90%)
----------------- Invoking toplevel() on ptolemy.moml.MoMLSimpleApplication@5a49cb2d
----------------- Done invoking toplevel() on ptolemy.moml.MoMLSimpleApplication@5a49cb2d
reloadAllAccessors: .expressionInference

===========================================================================================
----------------- testing Fri Oct 12 02:29:30 UTC 2018 /home/travis/build/icyphy/ptII/ptolemy/actor/lib/test/auto/expression_bug.xml
----------------- Instantiating /home/travis/build/icyphy/ptII/ptolemy/actor/lib/test/auto/expression_bug.xml
1 ms. Memory: 1771520K Free: 1569939K (89%)
----------------- Invoking toplevel() on ptolemy.moml.MoMLSimpleApplication@66c2d8e
----------------- Done invoking toplevel() on ptolemy.moml.MoMLSimpleApplication@66c2d8e
reloadAllAccessors: .expression_bug

===========================================================================================
----------------- testing Fri Oct 12 02:29:30 UTC 2018 /home/travis/build/icyphy/ptII/ptolemy/actor/lib/test/auto/factorial.xml
----------------- Instantiating /home/travis/build/icyphy/ptII/ptolemy/actor/lib/test/auto/factorial.xml
44 ms. Memory: 1771520K Free: 1548638K (87%)
----------------- Invoking toplevel() on ptolemy.moml.MoMLSimpleApplication@364d423c
----------------- Done invoking toplevel() on ptolemy.moml.MoMLSimpleApplication@364d423c
reloadAllAccessors: .factorial

===========================================================================================
----------------- testing Fri Oct 12 02:29:30 UTC 2018 /home/travis/build/icyphy/ptII/ptolemy/actor/lib/test/auto/filterTest1.xml
----------------- Instantiating /home/travis/build/icyphy/ptII/ptolemy/actor/lib/test/auto/filterTest1.xml
3 ms. Memory: 1771520K Free: 1532080K (86%)
----------------- Invoking toplevel() on ptolemy.moml.MoMLSimpleApplication@3f7f552b
----------------- Done invoking toplevel() on ptolemy.moml.MoMLSimpleApplication@3f7f552b
reloadAllAccessors: .filterTest1

===========================================================================================
----------------- testing Fri Oct 12 02:29:30 UTC 2018 /home/travis/build/icyphy/ptII/ptolemy/actor/lib/test/auto/funcApplyInConst.xml
----------------- Instantiating /home/travis/build/icyphy/ptII/ptolemy/actor/lib/test/auto/funcApplyInConst.xml
1 ms. Memory: 1771520K Free: 1510805K (85%)
----------------- Invoking toplevel() on ptolemy.moml.MoMLSimpleApplication@2181215e
----------------- Done invoking toplevel() on ptolemy.moml.MoMLSimpleApplication@2181215e
reloadAllAccessors: .funcApplyInConst

===========================================================================================
----------------- testing Fri Oct 12 02:29:30 UTC 2018 /home/travis/build/icyphy/ptII/ptolemy/actor/lib/test/auto/funcApplyInExpr.xml
----------------- Instantiating /home/travis/build/icyphy/ptII/ptolemy/actor/lib/test/auto/funcApplyInExpr.xml
1 ms. Memory: 1771520K Free: 1489531K (84%)
----------------- Invoking toplevel() on ptolemy.moml.MoMLSimpleApplication@2f64d384
----------------- Done invoking toplevel() on ptolemy.moml.MoMLSimpleApplication@2f64d384
reloadAllAccessors: .funcApplyInExpr

===========================================================================================
----------------- testing Fri Oct 12 02:29:30 UTC 2018 /home/travis/build/icyphy/ptII/ptolemy/actor/lib/test/auto/function.xml
----------------- Instantiating /home/travis/build/icyphy/ptII/ptolemy/actor/lib/test/auto/function.xml
2 ms. Memory: 1771520K Free: 1472973K (83%)
----------------- Invoking toplevel() on ptolemy.moml.MoMLSimpleApplication@343c9681
----------------- Done invoking toplevel() on ptolemy.moml.MoMLSimpleApplication@343c9681
reloadAllAccessors: .function

===========================================================================================
----------------- testing Fri Oct 12 02:29:30 UTC 2018 /home/travis/build/icyphy/ptII/ptolemy/actor/lib/test/auto/function2.xml
----------------- Instantiating /home/travis/build/icyphy/ptII/ptolemy/actor/lib/test/auto/function2.xml
2 ms. Memory: 1771520K Free: 1451698K (82%)
----------------- Invoking toplevel() on ptolemy.moml.MoMLSimpleApplication@7a01d890
----------------- Done invoking toplevel() on ptolemy.moml.MoMLSimpleApplication@7a01d890
reloadAllAccessors: .function2

===========================================================================================
----------------- testing Fri Oct 12 02:29:30 UTC 2018 /home/travis/build/icyphy/ptII/ptolemy/actor/lib/test/auto/function3.xml
----------------- Instantiating /home/travis/build/icyphy/ptII/ptolemy/actor/lib/test/auto/function3.xml
1 ms. Memory: 1771520K Free: 1435140K (81%)
----------------- Invoking toplevel() on ptolemy.moml.MoMLSimpleApplication@74b0fbdc
----------------- Done invoking toplevel() on ptolemy.moml.MoMLSimpleApplication@74b0fbdc
reloadAllAccessors: .function3

===========================================================================================
----------------- testing Fri Oct 12 02:29:30 UTC 2018 /home/travis/build/icyphy/ptII/ptolemy/actor/lib/test/auto/functionClosureTest1.xml
----------------- Instantiating /home/travis/build/icyphy/ptII/ptolemy/actor/lib/test/auto/functionClosureTest1.xml
2 ms. Memory: 1771520K Free: 1413866K (80%)
----------------- Invoking toplevel() on ptolemy.moml.MoMLSimpleApplication@507adddd
----------------- Done invoking toplevel() on ptolemy.moml.MoMLSimpleApplication@507adddd
reloadAllAccessors: .functionClosureTest1

===========================================================================================
----------------- testing Fri Oct 12 02:29:30 UTC 2018 /home/travis/build/icyphy/ptII/ptolemy/actor/lib/test/auto/functionClosureTest2.xml
----------------- Instantiating /home/travis/build/icyphy/ptII/ptolemy/actor/lib/test/auto/functionClosureTest2.xml
1 ms. Memory: 1771520K Free: 1397308K (79%)
----------------- Invoking toplevel() on ptolemy.moml.MoMLSimpleApplication@3f1d952c
----------------- Done invoking toplevel() on ptolemy.moml.MoMLSimpleApplication@3f1d952c
reloadAllAccessors: .functionClosureTest2

===========================================================================================
----------------- testing Fri Oct 12 02:29:30 UTC 2018 /home/travis/build/icyphy/ptII/ptolemy/actor/lib/test/auto/functionClosureTest3.xml
----------------- Instantiating /home/travis/build/icyphy/ptII/ptolemy/actor/lib/test/auto/functionClosureTest3.xml
2 ms. Memory: 1771520K Free: 1376033K (78%)
----------------- Invoking toplevel() on ptolemy.moml.MoMLSimpleApplication@353c737a
----------------- Done invoking toplevel() on ptolemy.moml.MoMLSimpleApplication@353c737a
reloadAllAccessors: .functionClosureTest3

===========================================================================================
----------------- testing Fri Oct 12 02:29:30 UTC 2018 /home/travis/build/icyphy/ptII/ptolemy/actor/lib/test/auto/functionClosureTest4.xml
----------------- Instantiating /home/travis/build/icyphy/ptII/ptolemy/actor/lib/test/auto/functionClosureTest4.xml
4 ms. Memory: 1771520K Free: 1359475K (77%)
----------------- Invoking toplevel() on ptolemy.moml.MoMLSimpleApplication@77163978
----------------- Done invoking toplevel() on ptolemy.moml.MoMLSimpleApplication@77163978
reloadAllAccessors: .functionClosureTest4

===========================================================================================
----------------- testing Fri Oct 12 02:29:30 UTC 2018 /home/travis/build/icyphy/ptII/ptolemy/actor/lib/test/auto/functionClosureTest5.xml
----------------- Instantiating /home/travis/build/icyphy/ptII/ptolemy/actor/lib/test/auto/functionClosureTest5.xml
5 ms. Memory: 1771520K Free: 1338200K (76%)
----------------- Invoking toplevel() on ptolemy.moml.MoMLSimpleApplication@5aada98d
----------------- Done invoking toplevel() on ptolemy.moml.MoMLSimpleApplication@5aada98d
reloadAllAccessors: .functionClosureTest5

===========================================================================================
----------------- testing Fri Oct 12 02:29:30 UTC 2018 /home/travis/build/icyphy/ptII/ptolemy/actor/lib/test/auto/functionClosureTest6.xml
----------------- Instantiating /home/travis/build/icyphy/ptII/ptolemy/actor/lib/test/auto/functionClosureTest6.xml
1 ms. Memory: 1771520K Free: 1321642K (75%)
----------------- Invoking toplevel() on ptolemy.moml.MoMLSimpleApplication@6fa9374b
----------------- Done invoking toplevel() on ptolemy.moml.MoMLSimpleApplication@6fa9374b
reloadAllAccessors: .functionClosureTest6

===========================================================================================
----------------- testing Fri Oct 12 02:29:30 UTC 2018 /home/travis/build/icyphy/ptII/ptolemy/actor/lib/test/auto/functionsOnArcs.xml
----------------- Instantiating /home/travis/build/icyphy/ptII/ptolemy/actor/lib/test/auto/functionsOnArcs.xml
1 ms. Memory: 1771520K Free: 1300368K (73%)
----------------- Invoking toplevel() on ptolemy.moml.MoMLSimpleApplication@7a7612e2
----------------- Done invoking toplevel() on ptolemy.moml.MoMLSimpleApplication@7a7612e2
reloadAllAccessors: .functionsOnArcs

===========================================================================================
----------------- testing Fri Oct 12 02:29:30 UTC 2018 /home/travis/build/icyphy/ptII/ptolemy/actor/lib/test/auto/functionsOnArcsHOF.xml
----------------- Instantiating /home/travis/build/icyphy/ptII/ptolemy/actor/lib/test/auto/functionsOnArcsHOF.xml
3 ms. Memory: 1771520K Free: 1279093K (72%)
----------------- Invoking toplevel() on ptolemy.moml.MoMLSimpleApplication@ad3efe5
----------------- Done invoking toplevel() on ptolemy.moml.MoMLSimpleApplication@ad3efe5
reloadAllAccessors: .functionsOnArcsHOF

===========================================================================================
----------------- testing Fri Oct 12 02:29:30 UTC 2018 /home/travis/build/icyphy/ptII/ptolemy/actor/lib/test/auto/logic.xml
----------------- Instantiating /home/travis/build/icyphy/ptII/ptolemy/actor/lib/test/auto/logic.xml
2 ms. Memory: 1771520K Free: 1262535K (71%)
----------------- Invoking toplevel() on ptolemy.moml.MoMLSimpleApplication@5be29b62
----------------- Done invoking toplevel() on ptolemy.moml.MoMLSimpleApplication@5be29b62
reloadAllAccessors: .logic

===========================================================================================
----------------- testing Fri Oct 12 02:29:30 UTC 2018 /home/travis/build/icyphy/ptII/ptolemy/actor/lib/test/auto/matrixType.xml
----------------- Instantiating /home/travis/build/icyphy/ptII/ptolemy/actor/lib/test/auto/matrixType.xml
2 ms. Memory: 1771520K Free: 1241261K (70%)
----------------- Invoking toplevel() on ptolemy.moml.MoMLSimpleApplication@6d6b1542
----------------- Done invoking toplevel() on ptolemy.moml.MoMLSimpleApplication@6d6b1542
reloadAllAccessors: .matrixType

===========================================================================================
----------------- testing Fri Oct 12 02:29:31 UTC 2018 /home/travis/build/icyphy/ptII/ptolemy/actor/lib/test/auto/matrixType10.xml
----------------- Instantiating /home/travis/build/icyphy/ptII/ptolemy/actor/lib/test/auto/matrixType10.xml
1 ms. Memory: 1771520K Free: 1224703K (69%)
----------------- Invoking toplevel() on ptolemy.moml.MoMLSimpleApplication@4f5e393
----------------- Done invoking toplevel() on ptolemy.moml.MoMLSimpleApplication@4f5e393
reloadAllAccessors: .matrixType10

===========================================================================================
----------------- testing Fri Oct 12 02:29:31 UTC 2018 /home/travis/build/icyphy/ptII/ptolemy/actor/lib/test/auto/matrixType11.xml
----------------- Instantiating /home/travis/build/icyphy/ptII/ptolemy/actor/lib/test/auto/matrixType11.xml
1 ms. Memory: 1771520K Free: 1203428K (68%)
----------------- Invoking toplevel() on ptolemy.moml.MoMLSimpleApplication@6bceec04
----------------- Done invoking toplevel() on ptolemy.moml.MoMLSimpleApplication@6bceec04
reloadAllAccessors: .matrixType11

===========================================================================================
----------------- testing Fri Oct 12 02:29:31 UTC 2018 /home/travis/build/icyphy/ptII/ptolemy/actor/lib/test/auto/matrixType12.xml
----------------- Instantiating /home/travis/build/icyphy/ptII/ptolemy/actor/lib/test/auto/matrixType12.xml
1 ms. Memory: 1771520K Free: 1186870K (67%)
----------------- Invoking toplevel() on ptolemy.moml.MoMLSimpleApplication@44601077
----------------- Done invoking toplevel() on ptolemy.moml.MoMLSimpleApplication@44601077
reloadAllAccessors: .matrixType12

===========================================================================================
----------------- testing Fri Oct 12 02:29:31 UTC 2018 /home/travis/build/icyphy/ptII/ptolemy/actor/lib/test/auto/matrixType13.xml
----------------- Instantiating /home/travis/build/icyphy/ptII/ptolemy/actor/lib/test/auto/matrixType13.xml
1 ms. Memory: 1771520K Free: 1165596K (66%)
----------------- Invoking toplevel() on ptolemy.moml.MoMLSimpleApplication@95c853b
----------------- Done invoking toplevel() on ptolemy.moml.MoMLSimpleApplication@95c853b
reloadAllAccessors: .matrixType13

===========================================================================================
----------------- testing Fri Oct 12 02:29:31 UTC 2018 /home/travis/build/icyphy/ptII/ptolemy/actor/lib/test/auto/matrixType14.xml
----------------- Instantiating /home/travis/build/icyphy/ptII/ptolemy/actor/lib/test/auto/matrixType14.xml
1 ms. Memory: 1771520K Free: 1149038K (65%)
----------------- Invoking toplevel() on ptolemy.moml.MoMLSimpleApplication@6b346691
----------------- Done invoking toplevel() on ptolemy.moml.MoMLSimpleApplication@6b346691
reloadAllAccessors: .matrixType14

===========================================================================================
----------------- testing Fri Oct 12 02:29:31 UTC 2018 /home/travis/build/icyphy/ptII/ptolemy/actor/lib/test/auto/matrixType2.xml
----------------- Instantiating /home/travis/build/icyphy/ptII/ptolemy/actor/lib/test/auto/matrixType2.xml
1 ms. Memory: 1771520K Free: 1127764K (64%)
----------------- Invoking toplevel() on ptolemy.moml.MoMLSimpleApplication@360820a5
----------------- Done invoking toplevel() on ptolemy.moml.MoMLSimpleApplication@360820a5
reloadAllAccessors: .matrixType2

===========================================================================================
----------------- testing Fri Oct 12 02:29:31 UTC 2018 /home/travis/build/icyphy/ptII/ptolemy/actor/lib/test/auto/matrixType3.xml
----------------- Instantiating /home/travis/build/icyphy/ptII/ptolemy/actor/lib/test/auto/matrixType3.xml
4 ms. Memory: 1771520K Free: 1106489K (62%)
----------------- Invoking toplevel() on ptolemy.moml.MoMLSimpleApplication@2ac54fba
----------------- Done invoking toplevel() on ptolemy.moml.MoMLSimpleApplication@2ac54fba
reloadAllAccessors: .matrixType3

===========================================================================================
----------------- testing Fri Oct 12 02:29:31 UTC 2018 /home/travis/build/icyphy/ptII/ptolemy/actor/lib/test/auto/matrixType4.xml
----------------- Instantiating /home/travis/build/icyphy/ptII/ptolemy/actor/lib/test/auto/matrixType4.xml
1 ms. Memory: 1771520K Free: 1089931K (62%)
----------------- Invoking toplevel() on ptolemy.moml.MoMLSimpleApplication@4cf26ed8
----------------- Done invoking toplevel() on ptolemy.moml.MoMLSimpleApplication@4cf26ed8
reloadAllAccessors: .matrixType4

===========================================================================================
----------------- testing Fri Oct 12 02:29:31 UTC 2018 /home/travis/build/icyphy/ptII/ptolemy/actor/lib/test/auto/matrixType5.xml
----------------- Instantiating /home/travis/build/icyphy/ptII/ptolemy/actor/lib/test/auto/matrixType5.xml
1 ms. Memory: 1771520K Free: 1068657K (60%)
----------------- Invoking toplevel() on ptolemy.moml.MoMLSimpleApplication@395db308
----------------- Done invoking toplevel() on ptolemy.moml.MoMLSimpleApplication@395db308
reloadAllAccessors: .matrixType5

===========================================================================================
----------------- testing Fri Oct 12 02:29:31 UTC 2018 /home/travis/build/icyphy/ptII/ptolemy/actor/lib/test/auto/matrixType6.xml
----------------- Instantiating /home/travis/build/icyphy/ptII/ptolemy/actor/lib/test/auto/matrixType6.xml
1 ms. Memory: 1771520K Free: 1052099K (59%)
----------------- Invoking toplevel() on ptolemy.moml.MoMLSimpleApplication@789ca54d
----------------- Done invoking toplevel() on ptolemy.moml.MoMLSimpleApplication@789ca54d
reloadAllAccessors: .matrixType6

===========================================================================================
----------------- testing Fri Oct 12 02:29:31 UTC 2018 /home/travis/build/icyphy/ptII/ptolemy/actor/lib/test/auto/matrixType7.xml
----------------- Instantiating /home/travis/build/icyphy/ptII/ptolemy/actor/lib/test/auto/matrixType7.xml
1 ms. Memory: 1771520K Free: 1030824K (58%)
----------------- Invoking toplevel() on ptolemy.moml.MoMLSimpleApplication@4819ae6f
----------------- Done invoking toplevel() on ptolemy.moml.MoMLSimpleApplication@4819ae6f
reloadAllAccessors: .matrixType7

===========================================================================================
----------------- testing Fri Oct 12 02:29:31 UTC 2018 /home/travis/build/icyphy/ptII/ptolemy/actor/lib/test/auto/matrixType8.xml
----------------- Instantiating /home/travis/build/icyphy/ptII/ptolemy/actor/lib/test/auto/matrixType8.xml
1 ms. Memory: 1771520K Free: 1014266K (57%)
----------------- Invoking toplevel() on ptolemy.moml.MoMLSimpleApplication@769e2b97
----------------- Done invoking toplevel() on ptolemy.moml.MoMLSimpleApplication@769e2b97
reloadAllAccessors: .matrixType8

===========================================================================================
----------------- testing Fri Oct 12 02:29:31 UTC 2018 /home/travis/build/icyphy/ptII/ptolemy/actor/lib/test/auto/matrixType9.xml
----------------- Instantiating /home/travis/build/icyphy/ptII/ptolemy/actor/lib/test/auto/matrixType9.xml
1 ms. Memory: 1771520K Free: 992992K (56%)
----------------- Invoking toplevel() on ptolemy.moml.MoMLSimpleApplication@3d50b3c1
----------------- Done invoking toplevel() on ptolemy.moml.MoMLSimpleApplication@3d50b3c1
reloadAllAccessors: .matrixType9

===========================================================================================
----------------- testing Fri Oct 12 02:29:31 UTC 2018 /home/travis/build/icyphy/ptII/ptolemy/actor/lib/test/auto/paraFunctest.xml
----------------- Instantiating /home/travis/build/icyphy/ptII/ptolemy/actor/lib/test/auto/paraFunctest.xml
1 ms. Memory: 1771520K Free: 976433K (55%)
----------------- Invoking toplevel() on ptolemy.moml.MoMLSimpleApplication@29b67cef
----------------- Done invoking toplevel() on ptolemy.moml.MoMLSimpleApplication@29b67cef
reloadAllAccessors: .paraFunctest

===========================================================================================
----------------- testing Fri Oct 12 02:29:31 UTC 2018 /home/travis/build/icyphy/ptII/ptolemy/actor/lib/test/auto/paraFunctest2.xml
----------------- Instantiating /home/travis/build/icyphy/ptII/ptolemy/actor/lib/test/auto/paraFunctest2.xml
1 ms. Memory: 1771520K Free: 955159K (54%)
----------------- Invoking toplevel() on ptolemy.moml.MoMLSimpleApplication@73e07098
----------------- Done invoking toplevel() on ptolemy.moml.MoMLSimpleApplication@73e07098
reloadAllAccessors: .paraFunctest2

===========================================================================================
----------------- testing Fri Oct 12 02:29:31 UTC 2018 /home/travis/build/icyphy/ptII/ptolemy/actor/lib/test/auto/parameterPassing.xml
----------------- Instantiating /home/travis/build/icyphy/ptII/ptolemy/actor/lib/test/auto/parameterPassing.xml
1 ms. Memory: 1771520K Free: 933885K (53%)
----------------- Invoking toplevel() on ptolemy.moml.MoMLSimpleApplication@42bff870
----------------- Done invoking toplevel() on ptolemy.moml.MoMLSimpleApplication@42bff870
reloadAllAccessors: .parameterPassing

===========================================================================================
----------------- testing Fri Oct 12 02:29:31 UTC 2018 /home/travis/build/icyphy/ptII/ptolemy/actor/lib/test/auto/record.xml
----------------- Instantiating /home/travis/build/icyphy/ptII/ptolemy/actor/lib/test/auto/record.xml
1 ms. Memory: 1771520K Free: 917327K (52%)
----------------- Invoking toplevel() on ptolemy.moml.MoMLSimpleApplication@687d7a03
----------------- Done invoking toplevel() on ptolemy.moml.MoMLSimpleApplication@687d7a03
reloadAllAccessors: .record

===========================================================================================
----------------- testing Fri Oct 12 02:29:31 UTC 2018 /home/travis/build/icyphy/ptII/ptolemy/actor/lib/test/auto/sizedarray1.xml
----------------- Instantiating /home/travis/build/icyphy/ptII/ptolemy/actor/lib/test/auto/sizedarray1.xml
1 ms. Memory: 1771520K Free: 896052K (51%)
----------------- Invoking toplevel() on ptolemy.moml.MoMLSimpleApplication@26ac5d67
----------------- Done invoking toplevel() on ptolemy.moml.MoMLSimpleApplication@26ac5d67
reloadAllAccessors: .sizedarray1

===========================================================================================
----------------- testing Fri Oct 12 02:29:31 UTC 2018 /home/travis/build/icyphy/ptII/ptolemy/actor/lib/test/auto/sizedarray2.xml
----------------- Instantiating /home/travis/build/icyphy/ptII/ptolemy/actor/lib/test/auto/sizedarray2.xml
2 ms. Memory: 1771520K Free: 879494K (50%)
----------------- Invoking toplevel() on ptolemy.moml.MoMLSimpleApplication@483fcfdd
----------------- Done invoking toplevel() on ptolemy.moml.MoMLSimpleApplication@483fcfdd
reloadAllAccessors: .sizedarray2

===========================================================================================
----------------- testing Fri Oct 12 02:29:31 UTC 2018 /home/travis/build/icyphy/ptII/ptolemy/actor/lib/test/auto/twoPublishers.xml
----------------- Instantiating /home/travis/build/icyphy/ptII/ptolemy/actor/lib/test/auto/twoPublishers.xml
4 ms. Memory: 1771520K Free: 858220K (48%)
----------------- Invoking toplevel() on ptolemy.moml.MoMLSimpleApplication@6610ee61
----------------- Done invoking toplevel() on ptolemy.moml.MoMLSimpleApplication@6610ee61
reloadAllAccessors: .twoPublishers
AutoTests.java: About to close Vertx.
AutoTests.java: Vertx closed.
]]></system-out>
  <system-err><![CDATA[java.lang.RuntimeException: Execution failed
	at ptolemy.moml.MoMLSimpleApplication$UnloadThread.run(MoMLSimpleApplication.java:402)
Caused by: java.lang.RuntimeException: Normally, we would exit here because Manager.exitAfterWrapup() was called.  However, because the ptolemy.ptII.exitAfterWrapup property is set, we throw this exception instead.
	at ptolemy.util.StringUtilities.exit(StringUtilities.java:363)
	at ptolemy.actor.Manager.wrapup(Manager.java:1531)
	at ptolemy.actor.Manager.execute(Manager.java:407)
	at ptolemy.actor.Manager.run(Manager.java:1263)
	at ptolemy.actor.Manager$PtolemyRunThread.run(Manager.java:1915)
Warning: '.top.test' is in training mode, set the trainingMode parameter to false before checking in
Warning: '.top.test' is in training mode, set the trainingMode parameter to false before checking in
Warning: '.top.test' is in training mode, set the trainingMode parameter to false before checking in
Warning: '.BooleanSwitch_RegressionTest_WrongTrainingValues.Test' is in training mode, set the trainingMode parameter to false before checking in
Warning: '.BooleanSwitch_RegressionTest_WrongTrainingValues.Test2' is in training mode, set the trainingMode parameter to false before checking in
Warning: '.BooleanSwitch_RegressionTest_WrongTrainingValues.Test2' The test produced 0 tokens.
Warning: '.top.testExceptionHandler' is in training mode, set the trainingMode parameter to false before checking in
java.lang.RuntimeException: Execution failed
	at ptolemy.moml.MoMLSimpleApplication$UnloadThread.run(MoMLSimpleApplication.java:402)
Caused by: ptolemy.kernel.util.IllegalActionException: PublisherPorts cannot be used at the top level, use a Publisher actor instead.
  in .PublisherPortToplevelSubscriber.PublisherPort
	at ptolemy.actor.PublisherPort.preinitialize(PublisherPort.java:403)
	at ptolemy.actor.CompositeActor.preinitialize(CompositeActor.java:1769)
	at ptolemy.actor.Manager.preinitializeAndResolveTypes(Manager.java:1040)
	at ptolemy.actor.Manager.initialize(Manager.java:710)
	at ptolemy.actor.Manager.execute(Manager.java:356)
	at ptolemy.actor.Manager.run(Manager.java:1263)
	at ptolemy.actor.Manager$PtolemyRunThread.run(Manager.java:1915)
java.lang.reflect.InvocationTargetException
	at sun.reflect.NativeConstructorAccessorImpl.newInstance0(Native Method)
	at sun.reflect.NativeConstructorAccessorImpl.newInstance(NativeConstructorAccessorImpl.java:62)
	at sun.reflect.DelegatingConstructorAccessorImpl.newInstance(DelegatingConstructorAccessorImpl.java:45)
	at java.lang.reflect.Constructor.newInstance(Constructor.java:423)
	at ptolemy.util.test.junit.AutoKnownFailedTests.RunModel(AutoKnownFailedTests.java:107)
	at sun.reflect.NativeMethodAccessorImpl.invoke0(Native Method)
	at sun.reflect.NativeMethodAccessorImpl.invoke(NativeMethodAccessorImpl.java:62)
	at sun.reflect.DelegatingMethodAccessorImpl.invoke(DelegatingMethodAccessorImpl.java:43)
	at java.lang.reflect.Method.invoke(Method.java:498)
	at org.junit.runners.model.FrameworkMethod$1.runReflectiveCall(FrameworkMethod.java:44)
	at org.junit.internal.runners.model.ReflectiveCallable.run(ReflectiveCallable.java:15)
	at org.junit.runners.model.FrameworkMethod.invokeExplosively(FrameworkMethod.java:41)
	at junitparams.internal.InvokeParameterisedMethod.evaluate(InvokeParameterisedMethod.java:102)
	at org.junit.internal.runners.statements.FailOnTimeout$1.run(FailOnTimeout.java:28)
Caused by: ptolemy.kernel.util.IllegalActionException: PublisherPorts cannot be used at the top level, use a Publisher actor instead.
  in .PublisherPortToplevelSubscriber.PublisherPort
	at ptolemy.actor.PublisherPort.preinitialize(PublisherPort.java:403)
	at ptolemy.actor.CompositeActor.preinitialize(CompositeActor.java:1769)
	at ptolemy.actor.Manager.preinitializeAndResolveTypes(Manager.java:1040)
	at ptolemy.actor.Manager.initialize(Manager.java:710)
	at ptolemy.actor.Manager.execute(Manager.java:356)
	at ptolemy.actor.Manager.run(Manager.java:1263)
	at ptolemy.actor.Manager$PtolemyRunThread.run(Manager.java:1915)
java.lang.RuntimeException: Execution failed
	at ptolemy.moml.MoMLSimpleApplication$UnloadThread.run(MoMLSimpleApplication.java:402)
Caused by: ptolemy.kernel.util.IllegalActionException: SubscriberPorts cannot be used at the top level, use a Subscriber actor instead.
  in .PublisherSubscriberPortToplevel.SubscriberPort
	at ptolemy.actor.SubscriberPort.preinitialize(SubscriberPort.java:328)
	at ptolemy.actor.CompositeActor.preinitialize(CompositeActor.java:1769)
	at ptolemy.actor.Manager.preinitializeAndResolveTypes(Manager.java:1040)
	at ptolemy.actor.Manager.initialize(Manager.java:710)
	at ptolemy.actor.Manager.execute(Manager.java:356)
	at ptolemy.actor.Manager.run(Manager.java:1263)
	at ptolemy.actor.Manager$PtolemyRunThread.run(Manager.java:1915)
java.lang.reflect.InvocationTargetException
	at sun.reflect.NativeConstructorAccessorImpl.newInstance0(Native Method)
	at sun.reflect.NativeConstructorAccessorImpl.newInstance(NativeConstructorAccessorImpl.java:62)
	at sun.reflect.DelegatingConstructorAccessorImpl.newInstance(DelegatingConstructorAccessorImpl.java:45)
	at java.lang.reflect.Constructor.newInstance(Constructor.java:423)
	at ptolemy.util.test.junit.AutoKnownFailedTests.RunModel(AutoKnownFailedTests.java:107)
	at sun.reflect.NativeMethodAccessorImpl.invoke0(Native Method)
	at sun.reflect.NativeMethodAccessorImpl.invoke(NativeMethodAccessorImpl.java:62)
	at sun.reflect.DelegatingMethodAccessorImpl.invoke(DelegatingMethodAccessorImpl.java:43)
	at java.lang.reflect.Method.invoke(Method.java:498)
	at org.junit.runners.model.FrameworkMethod$1.runReflectiveCall(FrameworkMethod.java:44)
	at org.junit.internal.runners.model.ReflectiveCallable.run(ReflectiveCallable.java:15)
	at org.junit.runners.model.FrameworkMethod.invokeExplosively(FrameworkMethod.java:41)
	at junitparams.internal.InvokeParameterisedMethod.evaluate(InvokeParameterisedMethod.java:102)
	at org.junit.internal.runners.statements.FailOnTimeout$1.run(FailOnTimeout.java:28)
Caused by: ptolemy.kernel.util.IllegalActionException: SubscriberPorts cannot be used at the top level, use a Subscriber actor instead.
  in .PublisherSubscriberPortToplevel.SubscriberPort
	at ptolemy.actor.SubscriberPort.preinitialize(SubscriberPort.java:328)
	at ptolemy.actor.CompositeActor.preinitialize(CompositeActor.java:1769)
	at ptolemy.actor.Manager.preinitializeAndResolveTypes(Manager.java:1040)
	at ptolemy.actor.Manager.initialize(Manager.java:710)
	at ptolemy.actor.Manager.execute(Manager.java:356)
	at ptolemy.actor.Manager.run(Manager.java:1263)
	at ptolemy.actor.Manager$PtolemyRunThread.run(Manager.java:1915)
java.lang.RuntimeException: Execution failed
	at ptolemy.moml.MoMLSimpleApplication$UnloadThread.run(MoMLSimpleApplication.java:402)
Caused by: ptolemy.kernel.util.IllegalActionException: SubscriptionAggregatorPorts cannot be used at the top level, use a SubscriptionAggregator actor instead.
  in .PublisherSubscriptionAggregatorPort.SubscriptionAggregatorPort
	at ptolemy.actor.SubscriptionAggregatorPort.preinitialize(SubscriptionAggregatorPort.java:353)
	at ptolemy.actor.CompositeActor.preinitialize(CompositeActor.java:1769)
	at ptolemy.actor.Manager.preinitializeAndResolveTypes(Manager.java:1040)
	at ptolemy.actor.Manager.initialize(Manager.java:710)
	at ptolemy.actor.Manager.execute(Manager.java:356)
	at ptolemy.actor.Manager.run(Manager.java:1263)
	at ptolemy.actor.Manager$PtolemyRunThread.run(Manager.java:1915)
java.lang.reflect.InvocationTargetException
	at sun.reflect.NativeConstructorAccessorImpl.newInstance0(Native Method)
	at sun.reflect.NativeConstructorAccessorImpl.newInstance(NativeConstructorAccessorImpl.java:62)
	at sun.reflect.DelegatingConstructorAccessorImpl.newInstance(DelegatingConstructorAccessorImpl.java:45)
	at java.lang.reflect.Constructor.newInstance(Constructor.java:423)
	at ptolemy.util.test.junit.AutoKnownFailedTests.RunModel(AutoKnownFailedTests.java:107)
	at sun.reflect.NativeMethodAccessorImpl.invoke0(Native Method)
	at sun.reflect.NativeMethodAccessorImpl.invoke(NativeMethodAccessorImpl.java:62)
	at sun.reflect.DelegatingMethodAccessorImpl.invoke(DelegatingMethodAccessorImpl.java:43)
	at java.lang.reflect.Method.invoke(Method.java:498)
	at org.junit.runners.model.FrameworkMethod$1.runReflectiveCall(FrameworkMethod.java:44)
	at org.junit.internal.runners.model.ReflectiveCallable.run(ReflectiveCallable.java:15)
	at org.junit.runners.model.FrameworkMethod.invokeExplosively(FrameworkMethod.java:41)
	at junitparams.internal.InvokeParameterisedMethod.evaluate(InvokeParameterisedMethod.java:102)
	at org.junit.internal.runners.statements.FailOnTimeout$1.run(FailOnTimeout.java:28)
Caused by: ptolemy.kernel.util.IllegalActionException: SubscriptionAggregatorPorts cannot be used at the top level, use a SubscriptionAggregator actor instead.
  in .PublisherSubscriptionAggregatorPort.SubscriptionAggregatorPort
	at ptolemy.actor.SubscriptionAggregatorPort.preinitialize(SubscriptionAggregatorPort.java:353)
	at ptolemy.actor.CompositeActor.preinitialize(CompositeActor.java:1769)
	at ptolemy.actor.Manager.preinitializeAndResolveTypes(Manager.java:1040)
	at ptolemy.actor.Manager.initialize(Manager.java:710)
	at ptolemy.actor.Manager.execute(Manager.java:356)
	at ptolemy.actor.Manager.run(Manager.java:1263)
	at ptolemy.actor.Manager$PtolemyRunThread.run(Manager.java:1915)
java.lang.RuntimeException: Execution failed
	at ptolemy.moml.MoMLSimpleApplication$UnloadThread.run(MoMLSimpleApplication.java:402)
Caused by: ptolemy.kernel.util.IllegalActionException: TypeTest actor has no training data.
  in .sizedarray3.TypeTest
	at ptolemy.actor.lib.TypeTest.initialize(TypeTest.java:250)
	at ptolemy.actor.Director.initialize(Director.java:938)
	at ptolemy.actor.Director.initialize(Director.java:907)
	at ptolemy.actor.sched.StaticSchedulingDirector.initialize(StaticSchedulingDirector.java:159)
	at ptolemy.domains.sdf.kernel.SDFDirector.initialize(SDFDirector.java:544)
	at ptolemy.actor.CompositeActor.initialize(CompositeActor.java:935)
	at ptolemy.actor.Manager.initialize(Manager.java:724)
	at ptolemy.actor.Manager.execute(Manager.java:356)
	at ptolemy.actor.Manager.run(Manager.java:1263)
	at ptolemy.actor.Manager$PtolemyRunThread.run(Manager.java:1915)
java.lang.reflect.InvocationTargetException
	at sun.reflect.NativeConstructorAccessorImpl.newInstance0(Native Method)
	at sun.reflect.NativeConstructorAccessorImpl.newInstance(NativeConstructorAccessorImpl.java:62)
	at sun.reflect.DelegatingConstructorAccessorImpl.newInstance(DelegatingConstructorAccessorImpl.java:45)
	at java.lang.reflect.Constructor.newInstance(Constructor.java:423)
	at ptolemy.util.test.junit.AutoKnownFailedTests.RunModel(AutoKnownFailedTests.java:107)
	at sun.reflect.NativeMethodAccessorImpl.invoke0(Native Method)
	at sun.reflect.NativeMethodAccessorImpl.invoke(NativeMethodAccessorImpl.java:62)
	at sun.reflect.DelegatingMethodAccessorImpl.invoke(DelegatingMethodAccessorImpl.java:43)
	at java.lang.reflect.Method.invoke(Method.java:498)
	at org.junit.runners.model.FrameworkMethod$1.runReflectiveCall(FrameworkMethod.java:44)
	at org.junit.internal.runners.model.ReflectiveCallable.run(ReflectiveCallable.java:15)
	at org.junit.runners.model.FrameworkMethod.invokeExplosively(FrameworkMethod.java:41)
	at junitparams.internal.InvokeParameterisedMethod.evaluate(InvokeParameterisedMethod.java:102)
	at org.junit.internal.runners.statements.FailOnTimeout$1.run(FailOnTimeout.java:28)
Caused by: ptolemy.kernel.util.IllegalActionException: TypeTest actor has no training data.
  in .sizedarray3.TypeTest
	at ptolemy.actor.lib.TypeTest.initialize(TypeTest.java:250)
	at ptolemy.actor.Director.initialize(Director.java:938)
	at ptolemy.actor.Director.initialize(Director.java:907)
	at ptolemy.actor.sched.StaticSchedulingDirector.initialize(StaticSchedulingDirector.java:159)
	at ptolemy.domains.sdf.kernel.SDFDirector.initialize(SDFDirector.java:544)
	at ptolemy.actor.CompositeActor.initialize(CompositeActor.java:935)
	at ptolemy.actor.Manager.initialize(Manager.java:724)
	at ptolemy.actor.Manager.execute(Manager.java:356)
	at ptolemy.actor.Manager.run(Manager.java:1263)
	at ptolemy.actor.Manager$PtolemyRunThread.run(Manager.java:1915)
ptolemy.kernel.util.InternalErrorException: Exec Stdout Gobbler-6: Failed while reading from java.lang.UNIXProcess$ProcessPipeInputStream@265584bd. To avoid this, try setting the ignoreIOExceptionReadErrors parameter to true.null
  in .ExecEnvironment.Exec
Because:
Stream closed
	at ptolemy.actor.lib.Exec$_StreamReaderThread._read(Exec.java:762)
	at ptolemy.actor.lib.Exec$_StreamReaderThread.run(Exec.java:706)
Caused by: java.io.IOException: Stream closed
	at sun.nio.cs.StreamDecoder.ensureOpen(StreamDecoder.java:46)
	at sun.nio.cs.StreamDecoder.read(StreamDecoder.java:148)
	at java.io.InputStreamReader.read(InputStreamReader.java:184)
	at ptolemy.actor.lib.Exec$_StreamReaderThread._read(Exec.java:724)
	... 1 more
Caused by: java.io.IOException: Stream closed
	at sun.nio.cs.StreamDecoder.ensureOpen(StreamDecoder.java:46)
	at sun.nio.cs.StreamDecoder.read(StreamDecoder.java:148)
	at java.io.InputStreamReader.read(InputStreamReader.java:184)
	at ptolemy.actor.lib.Exec$_StreamReaderThread._read(Exec.java:724)
	at ptolemy.actor.lib.Exec$_StreamReaderThread.run(Exec.java:706)
]]></system-err>
</testsuite>
