<?xml version="1.0" encoding="UTF-8" ?>
<testsuite errors="1" failures="0" hostname="travis-job-a65c1801-f132-42f0-be7e-b3c1ebc91f69" name="ptolemy.actor.lib.test.junit.JUnitTclTest" skipped="0" tests="517" time="62.558" timestamp="2020-01-21T12:20:37">
  <properties>
    <property name="npm.executable" value="npm" />
    <property name="env.TRAVIS_ROOT" value="/" />
    <property name="ptII.mk.exists" value="true" />
    <property name="env.TRAVIS_APP_HOST" value="build.travis-ci.org" />
    <property name="env.rvm_bin_path" value="/home/travis/.rvm/bin" />
    <property name="java.home" value="/usr/local/lib/jvm/openjdk11" />
    <property name="env.TRAVIS_JOB_NUMBER" value="1477.8" />
    <property name="env.TRAVIS_HOME" value="/home/travis" />
    <property name="env.DISPLAY" value=":99.0" />
    <property name="env.TRAVIS_INIT" value="systemd" />
    <property name="env.SSH_TTY" value="/dev/pts/0" />
    <property name="java.net.preferIPv4Stack" value="true" />
    <property name="env.RUN_TESTS" value="true" />
    <property name="timeout.short" value="1000000" />
    <property name="junit.formatter" value="xml" />
    <property name="env.TRAVIS_SUDO" value="true" />
    <property name="env.TRAVIS_JOB_NAME" value="" />
    <property name="env.TRAVIS_STACK_NODE_ATTRIBUTES" value="/.node-attributes.yml" />
    <property name="env.LOGNAME" value="travis" />
    <property name="env.PT_TRAVIS_TEST_CORE1_XML" value="true" />
    <property name="jsdoc.home" value="node_modules/@terraswarm/jsdoc" />
    <property name="debuglevel" value="source,lines,vars" />
    <property name="checkstyle.formatter" value="xml" />
    <property name="env._system_version" value="16.04" />
    <property name="bin.vergil.makeable" value="true" />
    <property name="sun.os.patch.level" value="unknown" />
    <property name="java.vendor.url" value="http://java.oracle.com/" />
    <property name="env.TRAVIS_BUILD_WEB_URL" value="https://travis-ci.org/icyphy/ptII/builds/639904764" />
    <property name="java.version" value="11.0.2" />
    <property name="env.TZ" value="UTC" />
    <property name="env.TRAVIS_PULL_REQUEST_SHA" value="" />
    <property name="env.PT_NO_NET" value="true" />
    <property name="env.TRAVIS_SECURE_ENV_VARS" value="true" />
    <property name="env._system_type" value="Linux" />
    <property name="java.vendor.url.bug" value="http://bugreport.java.com/bugreport/" />
    <property name="npmjs-org-is-up" value="true" />
    <property name="env.LANGUAGE" value="en_US.UTF-8" />
    <property name="env.SSH_CLIENT" value="10.44.2.28 41696 22" />
    <property name="env.GEM_HOME" value="/home/travis/.rvm/gems/ruby-2.5.3" />
    <property name="env.HAS_ANTARES_THREE_LITTLE_FRONZIES_BADGE" value="true" />
    <property name="java.version.date" value="2019-01-15" />
    <property name="env.PS4" value="+" />
    <property name="ant.project.invoked-targets" value="build,test.core1.xml" />
    <property name="env.TRAVIS_PULL_REQUEST_BRANCH" value="" />
    <property name="env.TRAVIS_REPO_SLUG" value="icyphy/ptII" />
    <property name="env.XDG_DATA_DIRS" value="/usr/local/share:/usr/share:/var/lib/snapd/desktop" />
    <property name="jdk.debug" value="release" />
    <property name="env.TRAVIS_APT_PROXY" value="http://build-cache.travisci.net" />
    <property name="env.TRAVIS_CPU_ARCH" value="amd64" />
    <property name="node.in.path" value="true" />
    <property name="user.name" value="travis" />
    <property name="java.maxmemory" value="1400m" />
    <property name="env.RUBY_VERSION" value="ruby-2.5.3" />
    <property name="env.LANG" value="en_US.UTF-8" />
    <property name="sun.io.unicode.encoding" value="UnicodeLittle" />
    <property name="sun.jnu.encoding" value="UTF-8" />
    <property name="java.runtime.name" value="OpenJDK Runtime Environment" />
    <property name="usefile" value="false" />
    <property name="return.code" value="0" />
    <property name="junit.single.formatter" value="plain" />
    <property name="env.DYLD_LIBRARY_PATH" value="/home/travis/pthla/certi-tools/lib:" />
    <property name="env.DEBIAN_FRONTEND" value="noninteractive" />
    <property name="env.SSH_CONNECTION" value="10.44.2.28 41696 10.20.0.48 22" />
    <property name="env.MYSQL_UNIX_PORT" value="/var/run/mysqld/mysqld.sock" />
    <property name="env.LC_ALL" value="en_US.UTF-8" />
    <property name="env.TRAVIS_ALLOW_FAILURE" value="false" />
    <property name="env.TRAVIS_JOB_WEB_URL" value="https://travis-ci.org/icyphy/ptII/jobs/639904772" />
    <property name="java.specification.name" value="Java Platform API Specification" />
    <property name="node.works" value="true" />
    <property name="user.timezone" value="" />
    <property name="path.separator" value=":" />
    <property name="env.TRAVIS_ENABLE_INFRA_DETECTION" value="true" />
    <property name="env.PYTHON_CFLAGS" value="-g -fstack-protector --param=ssp-buffer-size=4 -Wformat -Werror=format-security" />
    <property name="timeout.long" value="4000000" />
    <property name="env.CERTI_HOME" value="/home/travis/pthla/certi-tools" />
    <property name="ant.file.ptII" value="/home/travis/build/icyphy/ptII/build.xml" />
    <property name="javadoc.packagenames" value="com.*,diva.*,lbnl.*,org.hlacerti.*,org.json.*,org.ptolemy.*,org.terraswarm.*,ptolemy.*,ptserver.*" />
    <property name="file.encoding" value="UTF-8" />
    <property name="env.TRAVIS_PULL_REQUEST_SLUG" value="" />
    <property name="ant.project.default-target" value="build" />
    <property name="env.GIT_ASKPASS" value="echo" />
    <property name="env.HOME" value="/home/travis" />
    <property name="sun.java.command" value="org.apache.tools.ant.taskdefs.optional.junit.JUnitTestRunner ptolemy.actor.lib.test.junit.JUnitTclTest skipNonTests=false filtertrace=true haltOnError=false haltOnFailure=false formatter=org.apache.tools.ant.taskdefs.optional.junit.OutErrSummaryJUnitResultFormatter showoutput=true outputtoformatters=true logfailedtests=true threadid=0 logtestlistenerevents=false formatter=org.apache.tools.ant.taskdefs.optional.junit.XMLJUnitResultFormatter,/home/travis/build/icyphy/ptII/reports/junit/TEST-ptolemy.actor.lib.test.junit.JUnitTclTest.xml crashfile=/home/travis/build/icyphy/ptII/junitvmwatcher3621944606791507073.properties propsfile=/home/travis/build/icyphy/ptII/junit18306794582670922733.properties" />
    <property name="env.COMPOSER_NO_INTERACTION" value="1" />
    <property name="env.MANPATH" value="/home/travis/.nvm/versions/node/v7.10.1/share/man:/home/travis/.rvm/rubies/ruby-2.5.3/share/man:/usr/local/cmake-3.12.4/man:/usr/local/clang-7.0.0/share/man:/usr/local/man:/usr/local/share/man:/usr/share/man:/home/travis/.rvm/man" />
    <property name="env.TRAVIS_TIMER_ID" value="1a4b5a3b" />
    <property name="ant.file" value="/home/travis/build/icyphy/ptII/build.xml" />
    <property name="env.TRAVIS_COMMIT_RANGE" value="d08c347ec3b0...8428d4d6455a" />
    <property name="env._system_name" value="Ubuntu" />
    <property name="ptII.classpath.optional.property" value="/home/travis/build/icyphy/ptII/lib/bsh-2.0b4.jar:/home/travis/build/icyphy/ptII/lib/ptCal.jar:/home/travis/build/icyphy/ptII/lib/java_cup.jar:/home/travis/build/icyphy/ptII/lib/saxon8.jar:/home/travis/build/icyphy/ptII/lib/saxon8-dom.jar:/home/travis/build/icyphy/ptII/lib/chic.jar:/home/travis/build/icyphy/ptII/lib/ptcolt.jar:/home/travis/build/icyphy/ptII/vendors/misc/itext/iText.jar:/home/travis/build/icyphy/ptII/lib/g4ltl.jar:/home/travis/build/icyphy/ptII/lib/StructuralCoder.jar:/home/travis/build/icyphy/ptII/lib/jcerti.jar:/home/travis/build/icyphy/ptII/lib/javax.mail.jar:/home/travis/build/icyphy/ptII/vendors/JMF-2.1.1e/lib/jmf.jar:/home/travis/build/icyphy/ptII/lib/jna-4.0.0-variadic.jar:/home/travis/build/icyphy/ptII/vendors/misc/joystick/Joystick.jar:/home/travis/build/icyphy/ptII/lib/ptjacl.jar:/home/travis/build/icyphy/ptII/lib/jsoup-1.8.2.jar:/home/travis/build/icyphy/ptII/lib/junit-4.8.2.jar:/home/travis/build/icyphy/ptII/lib/JUnitParams-0.4.0.jar:/home/travis/build/icyphy/ptII/ptolemy/actor/lib/excel/jxl.jar:/home/travis/build/icyphy/ptII/lib/jython.jar:/home/travis/build/icyphy/ptII/lib/kieler.jar:/home/travis/build/icyphy/ptII/vendors/opencv/share/OpenCV/java/opencv-341.jar:/home/travis/build/icyphy/ptII/lib/oscP5.jar:/home/travis/build/icyphy/ptII/lib/nrjavaserial-3.11.0.devel.jar:/home/travis/build/icyphy/ptII/vendors/j3d/lib/Linux/j3dcore.jar:/home/travis/build/icyphy/ptII/vendors/j3d/lib/Linux/j3dutils.jar:/home/travis/build/icyphy/ptII/vendors/j3d/lib/Linux/vecmath.jar:/home/travis/build/icyphy/ptII/vendors/jogl/lib/Linux/gluegen-rt-natives-linux-amd64.jar:/home/travis/build/icyphy/ptII/vendors/jogl/lib/Linux/gluegen-rt.jar:/home/travis/build/icyphy/ptII/vendors/jogl/lib/Linux/jogl-all-natives-linux-amd64.jar:/home/travis/build/icyphy/ptII/vendors/jogl/lib/Linux/jogl-all.jar:/home/travis/build/icyphy/ptII/ptolemy/distributed/jini/jar/jini-core.jar:/home/travis/build/icyphy/ptII/ptolemy/distributed/jini/jar/jini-ext.jar:/home/travis/build/icyphy/ptII/ptolemy/distributed/jini/jar/sun-util.jar:/home/travis/build/icyphy/ptII/lib/protobuf-java-2.4.1.jar:/home/travis/build/icyphy/ptII/lib/org.eclipse.paho.client.mqttv3.jar:/home/travis/build/icyphy/ptII/lib/mapss.jar:/home/travis/build/icyphy/ptII/ptolemy/actor/ptalon/antlr/antlr.jar:/home/travis/build/icyphy/ptII/lib/JRI.jar:/home/travis/build/icyphy/ptII/lib/commons-lang-2.6.jar:/home/travis/build/icyphy/ptII/lib/commons-logging-1.1.1.jar:/home/travis/build/icyphy/ptII/lib/sootclasses.jar:/home/travis/build/icyphy/ptII/ptolemy/actor/lib/database/mysql-connector-java-5.1.6-bin.jar:/home/travis/build/icyphy/ptII/vendors/misc/sphinx4/sphinx4-data-5prealpha.jar:/home/travis/build/icyphy/ptII/vendors/misc/sphinx4/sphinx4-core-5prealpha.jar:/home/travis/build/icyphy/ptII/lib/PDFRenderer.jar:/home/travis/build/icyphy/ptII/lib/svgSalamander.jar:/home/travis/build/icyphy/ptII/lib/rsyntaxtextarea-2.6.0-SNAPSHOT.jar:/home/travis/build/icyphy/ptII/lib/hazelcast-3.8.2.jar:/home/travis/build/icyphy/ptII/lib/jackson-annotations-2.9.0.jar:/home/travis/build/icyphy/ptII/lib/jackson-core-2.9.3.jar:/home/travis/build/icyphy/ptII/lib/jackson-databind-2.9.3.jar:/home/travis/build/icyphy/ptII/lib/netty-buffer-4.1.19.Final.jar:/home/travis/build/icyphy/ptII/lib/netty-codec-4.1.19.Final.jar:/home/travis/build/icyphy/ptII/lib/netty-codec-dns-4.1.19.Final.jar:/home/travis/build/icyphy/ptII/lib/netty-codec-http-4.1.19.Final.jar:/home/travis/build/icyphy/ptII/lib/netty-codec-http2-4.1.19.Final.jar:/home/travis/build/icyphy/ptII/lib/netty-common-4.1.19.Final.jar:/home/travis/build/icyphy/ptII/lib/netty-handler-4.1.19.Final.jar:/home/travis/build/icyphy/ptII/lib/netty-resolver-4.1.19.Final.jar:/home/travis/build/icyphy/ptII/lib/netty-resolver-dns-4.1.19.Final.jar:/home/travis/build/icyphy/ptII/lib/netty-transport-4.1.19.Final.jar:/home/travis/build/icyphy/ptII/lib/vertx-codegen-3.5.1.jar:/home/travis/build/icyphy/ptII/lib/vertx-core-3.5.2-SNAPSHOT.jar:/home/travis/build/icyphy/ptII/lib/vertx-hazelcast-3.5.1.jar:/home/travis/build/icyphy/ptII/lib/vertx-lang-js-3.5.1.jar:/home/travis/build/icyphy/ptII/lib/vertx-service-proxy-3.5.1.jar:/home/travis/build/icyphy/ptII/lib/vertx-web-3.5.1.jar:/home/travis/build/icyphy/ptII/lib/slf4j-api-1.7.13.jar:/home/travis/build/icyphy/ptII/lib/slf4j-simple-1.7.13.jar:/home/travis/build/icyphy/ptII/lib/webcam-capture-0.3.12.jar:/home/travis/build/icyphy/ptII/lib/bridj-0.7.0.jar:/home/travis/build/icyphy/ptII/lib/xbjlib-1.1.0.nrjavaserial.jar" />
    <property name="timeout" value="2400000" />
    <property name="test.batch" value="**/junit/*.java" />
    <property name="env._" value="/usr/bin/timeout" />
    <property name="java.io.tmpdir" value="/tmp" />
    <property name="user.language" value="en" />
    <property name="env.TRAVIS_INTERNAL_RUBY_REGEX" value="^ruby-(2\.[0-4]\.[0-9]|1\.9\.3)" />
    <property name="env.HISTCONTROL" value="ignoredups:ignorespace" />
    <property name="env.GOROOT" value="/home/travis/.gimme/versions/go1.11.1.linux.amd64" />
    <property name="line.separator" value="&#xa;" />
    <property name="target" value="11" />
    <property name="env.TRAVIS_BUILD_DIR" value="/home/travis/build/icyphy/ptII" />
    <property name="env.ANT_OPTS" value="-Xmx2048m" />
    <property name="ant.file.type" value="file" />
    <property name="ptolemy.ptII.batchMode" value="true" />
    <property name="env.HISTSIZE" value="1000" />
    <property name="env.MERB_ENV" value="test" />
    <property name="java.vm.info" value="mixed mode" />
    <property name="source" value="11" />
    <property name="java.vm.specification.name" value="Java Virtual Machine Specification" />
    <property name="env.TRAVIS_TEST_RESULT" value="0" />
    <property name="jsdoc.command" value="node_modules/@terraswarm/jsdoc/jsdoc.js" />
    <property name="npm.works" value="true" />
    <property name="cobertura.dir" value="/home/travis/build/icyphy/ptII/vendors/cobertura-2.0.3" />
    <property name="jsdoc.command.exists" value="true" />
    <property name="env.rvm_path" value="/home/travis/.rvm" />
    <property name="env.GEM_PATH" value="/home/travis/.rvm/gems/ruby-2.5.3:/home/travis/.rvm/gems/ruby-2.5.3@global" />
    <property name="env.LC_CTYPE" value="en_US.UTF-8" />
    <property name="env.TRAVIS_CMD" value="$PTII/bin/ptIITravisBuild.sh $SECONDS" />
    <property name="java.awt.printerjob" value="sun.print.PSPrinterJob" />
    <property name="env.TRAVIS_STACK_NAME" value="sardonyx" />
    <property name="env.TRAVIS_TIMER_START_TIME" value="1579608566222495606" />
    <property name="ant.version" value="Apache Ant(TM) version 1.10.1 compiled on February 2 2017" />
    <property name="ptII.reports" value="/home/travis/build/icyphy/ptII/reports" />
    <property name="env.TRAVIS_STACK_TIMESTAMP" value="2019-03-25 16:16:56 UTC" />
    <property name="ant.file.type.ptII" value="file" />
    <property name="env.RBENV_SHELL" value="bash" />
    <property name="os.name" value="Linux" />
    <property name="java.specification.vendor" value="Oracle Corporation" />
    <property name="env.rvm_version" value="1.29.7 (latest)" />
    <property name="env.TRAVIS_INFRA" value="unknown" />
    <property name="env.TERM" value="xterm" />
    <property name="java.vm.name" value="OpenJDK 64-Bit Server VM" />
    <property name="env.TRAVIS_BUILD_NUMBER" value="1477" />
    <property name="env.CI" value="true" />
    <property name="java.library.path" value="/home/travis/pthla/certi-tools/lib:/usr/lib/jni:/usr/local/share/OpenCV/java/:/usr/share/OpenCV/java::/usr/java/packages/lib:/usr/lib64:/lib64:/lib:/usr/lib" />
    <property name="jdk.module.path" value="/home/travis/build/icyphy/ptII/vendors/javafx/javafx-sdk-11.0.2/lib:" />
    <property name="env.rvm_prefix" value="/home/travis" />
    <property name="env.PATH" value="/home/travis/pthla/certi-tools/share/scripts:/home/travis/.rvm/gems/ruby-2.5.3/bin:/home/travis/.rvm/gems/ruby-2.5.3@global/bin:/home/travis/.rvm/rubies/ruby-2.5.3/bin:/home/travis/.rvm/bin:/home/travis/.nvm/versions/node/v7.10.1/bin:./node_modules/.bin:/home/travis/build/icyphy/ptII/bin:/home/travis/pthla/certi-tools/bin:/home/travis/bin:/home/travis/.local/bin:/usr/local/lib/jvm/openjdk11/bin:/opt/pyenv/shims:/home/travis/.phpenv/shims:/home/travis/perl5/perlbrew/bin:/home/travis/gopath/bin:/home/travis/.gimme/versions/go1.11.1.linux.amd64/bin:/usr/local/maven-3.6.0/bin:/usr/local/cmake-3.12.4/bin:/usr/local/clang-7.0.0/bin:/usr/local/sbin:/usr/local/bin:/usr/sbin:/usr/bin:/sbin:/bin:/snap/bin:/home/travis/.phpenv/bin:/opt/pyenv/bin:/home/travis/.yarn/bin" />
    <property name="env.TRAVIS_OS_NAME" value="linux" />
    <property name="ant.java.version" value="9" />
    <property name="basedir" value="/home/travis/build/icyphy/ptII" />
    <property name="java.class.version" value="55.0" />
    <property name="env.SHLVL" value="3" />
    <property name="env.LD_LIBRARY_PATH" value="/home/travis/pthla/certi-tools/lib:/usr/lib/jni:/usr/local/share/OpenCV/java/:/usr/share/OpenCV/java:" />
    <property name="env.RACK_ENV" value="test" />
    <property name="ant.home" value="/home/travis/build/icyphy/ptII/ant" />
    <property name="env.NVM_DIR" value="/home/travis/.nvm" />
    <property name="env.CERTI_FOM_PATH" value="/home/travis/pthla/certi-tools/share/federations" />
    <property name="env.TRAVIS_BUILD_ID" value="639904764" />
    <property name="env.PYENV_ROOT" value="/opt/pyenv" />
    <property name="env.TRAVIS_UID" value="2000" />
    <property name="prism.verbose" value="true" />
    <property name="env.NVM_BIN" value="/home/travis/.nvm/versions/node/v7.10.1/bin" />
    <property name="env.TRAVIS_COMMIT" value="8428d4d6455adbdc6035bd3eb323dc21304fa2f7" />
    <property name="env._system_arch" value="x86_64" />
    <property name="node.executable" value="node" />
    <property name="sun.boot.library.path" value="/usr/local/lib/jvm/openjdk11/lib" />
    <property name="sun.management.compiler" value="HotSpot 64-Bit Tiered Compilers" />
    <property name="java.awt.graphicsenv" value="sun.awt.X11GraphicsEnvironment" />
    <property name="env.GOPATH" value="/home/travis/gopath" />
    <property name="ptolemy.ptII.dir" value="/home/travis/build/icyphy/ptII" />
    <property name="env.USER" value="travis" />
    <property name="env.HISTFILESIZE" value="2000" />
    <property name="timeout.longest" value="19000000" />
    <property name="env.PERLBREW_SHELLRC_VERSION" value="0.86" />
    <property name="env.TRAVIS_STACK_FEATURES" value="basic couchdb disabled-ipv6 docker docker-compose elasticsearch firefox go-toolchain google-chrome jdk memcached mongodb mysql nodejs_interpreter perl_interpreter perlbrew phantomjs postgresql python_interpreter redis ruby_interpreter sqlite xserver" />
    <property name="env.TRAVIS_PULL_REQUEST" value="false" />
    <property name="env.PYENV_SHELL" value="bash" />
    <property name="ant.project.name" value="ptII" />
    <property name="env.ANSI_RESET" value="\033[0m" />
    <property name="java.vm.specification.version" value="11" />
    <property name="env.TRAVIS_DIST" value="xenial" />
    <property name="env.CERTI_VERSION" value="4.0.0" />
    <property name="env.CERTI_HOST" value="localhost" />
    <property name="awt.toolkit" value="sun.awt.X11.XToolkit" />
    <property name="env.MY_RUBY_HOME" value="/home/travis/.rvm/rubies/ruby-2.5.3" />
    <property name="sun.cpu.isalist" value="" />
    <property name="env.TRAVIS_TMPDIR" value="/tmp/tmp.osMDhFFFAN" />
    <property name="java.vm.compressedOopsMode" value="Zero based" />
    <property name="os.version" value="4.15.0-1028-gcp" />
    <property name="user.home" value="/home/travis" />
    <property name="java.vm.vendor" value="Oracle Corporation" />
    <property name="env.TRAVIS_TAG" value="nightly" />
    <property name="env.ANSI_YELLOW" value="\033[33;1m" />
    <property name="env.TRAVIS_FILTERED" value="redirect_io" />
    <property name="env.ANSI_GREEN" value="\033[32;1m" />
    <property name="env.JAVA_HOME" value="/usr/local/lib/jvm/openjdk11" />
    <property name="javadoc.excludepackagenames" value="adm.cvs2svn.*,build.*,config.*,doc.coding.templates.*,jni.test.jni.meaningOfLife.*,jni.test.jni.testDeux.*,jni.test.jni.testTrois.*,org.terraswarm.accessor.accessors.web.node_modules.*,org.terraswarm.accessor.accessors.web.hosts.cordova.demo.*,org.terraswarm.accessor.accessors.web.hosts.cordova.plugins.*,org.terraswarm.accessor.accessors-svn.*,pt-modules.*,ptolemy.apps.agilent.*,ptolemy.apps.anytimecontrol.*,ptolemy.apps.apes.*,ptolemy.apps.charon.*,ptolemy.apps.crazyboard.*,ptolemy.apps.eclipse.*,ptolemy.apps.etherealSting.*,ptolemy.apps.fullscreen.*,ptolemy.apps.giotto.*,ptolemy.apps.ia.*,ptolemy.apps.interfaces.*,ptolemy.apps.jmf.*,ptolemy.apps.kurt.*,ptolemy.apps.kvm.*,ptolemy.apps.lego.*,ptolemy.apps.lejos.*,ptolemy.apps.midp.*,ptolemy.apps.mobileCoding.*,ptolemy.apps.pendulum.*,ptolemy.apps.rijndael.*,ptolemy.apps.robot.*,ptolemy.apps.security.*,ptolemy.apps.sobel.*,ptolemy.apps.soot.*,ptolemy.apps.throttle.*,ptolemy.apps.tini.*,ptolemy.apps.transmission.*,ptolemy.apps.vergil.*,ptolemy.apps.waba.*,ptolemy.apps.websensor.*,ptolemy.apps.webstart.*,ptolemy.apps.xsl.*,ptolemy.apps.zaurus.*,ptolemy.codegen.c.actor.lib.oldJavaFiles.*,ptolemy.codegen.dsp.lib.*,ptolemy.codegen.kernel.newInterfaces.*,ptolemy.codegen.lib.*,ptolemy.copernicus.kernel.fragment.*,ptolemy.copernicus.shallow.cg.*,ptolemy.domains.giotto.demo.Hierarchy.Hierarchy.*,ptolemy.domains.giotto.demo.Multimode.Multimode.*,ptolemy.domains.giotto.demo.Simple.Simple.*,ptolemy.domains.gr.lib.experimental.*,ptolemy.domains.gro.*,ptolemy.domains.pdf.*,ptolemy.domains.ptinyos.demo.Surge.output.*,ptolemy.moml.test.NoPackageActor.java*,ptolemy.plot.adm.*,ptolemy.plot.servlet.*,reports.*,signed.*,src.*,target.*,vendors.*,ptolemy.copernicus.applet.*,ptolemy.media.viewer.*,ptolemy.actor.corba.*,doc.doclets.*,ptolemy.apps.eclipse.awt.*,ptolemy.backtrack.*,ptolemy.backtrack.ast.*,ptolemy.cg.adapter.generic.program.procedural.c.mbed*,ptolemy.homer.*,ptolemy.actor.lib.jai.*,org.ptolemy.scala.*,diva.util.java2d.svg.*,ptolemy.domains.ptinyos.*,ptolemy.actor.lib.fmi.fmipp.*,,org.terraswarm.accessor.accessors.web.node_modules.*,org.terraswarm.accessor.accessors-svn,ptolemy.apps.*,ptolemy.actor.ptalon.demo.ptinyos.SendAndReceiveCnt.output,ptolemy.actor.ptalon.demo.ptinyos.SenseToLeds.output,ptolemy.domains.ptinyos.demo.CntToLedsAndRfm.output,ptolemy.domains.ptinyos.demo.RfmToLeds.output,ptolemy.domains.ptinyos.demo.SendAndReceiveCnt.output,ptolemy.domains.ptinyos.demo.SenseToLeds.output,ptolemy.actor.lib.jjs.modules.udpSocket.*" />
    <property name="env.PTII" value="/home/travis/build/icyphy/ptII" />
    <property name="env.XDG_SESSION_ID" value="2" />
    <property name="keystore" value="ptKeystore" />
    <property name="env.TRAVIS_COMMIT_MESSAGE" value="Checking for a rtia running only once in HlaManager.java." />
    <property name="junit.output.dir" value="/home/travis/build/icyphy/ptII/reports/junit" />
    <property name="npm.return.code" value="0" />
    <property name="user.dir" value="/home/travis/build/icyphy/ptII/ptolemy/actor/lib/test" />
    <property name="env.TRAVIS_NODE_VERSION" value="7" />
    <property name="env.TRAVIS_EVENT_TYPE" value="push" />
    <property name="env.MAIL" value="/var/mail/travis" />
    <property name="env.PERLBREW_ROOT" value="/home/travis/perl5/perlbrew" />
    <property name="env.PWD" value="/home/travis/build/icyphy/ptII" />
    <property name="timeout.npm" value="45000" />
    <property name="env.TRAVIS_ARCH" value="amd64" />
    <property name="sun.cpu.endian" value="little" />
    <property name="env.PAGER" value="cat" />
    <property name="env.TRAVIS_BUILD_STAGE_NAME" value="Test" />
    <property name="env.PERLBREW_HOME" value="/home/travis/.perlbrew" />
    <property name="java.vm.version" value="11.0.2+9" />
    <property name="env.RAILS_ENV" value="test" />
    <property name="java.class.path" value="/home/travis/.ptolemyII:/home/travis/.ptolemyII/*:/home/travis/build/icyphy/ptII:/home/travis/build/icyphy/ptII/lib/bsh-2.0b4.jar:/home/travis/build/icyphy/ptII/lib/ptCal.jar:/home/travis/build/icyphy/ptII/lib/java_cup.jar:/home/travis/build/icyphy/ptII/lib/saxon8.jar:/home/travis/build/icyphy/ptII/lib/saxon8-dom.jar:/home/travis/build/icyphy/ptII/lib/chic.jar:/home/travis/build/icyphy/ptII/lib/ptcolt.jar:/home/travis/build/icyphy/ptII/vendors/misc/itext/iText.jar:/home/travis/build/icyphy/ptII/lib/g4ltl.jar:/home/travis/build/icyphy/ptII/lib/StructuralCoder.jar:/home/travis/build/icyphy/ptII/lib/jcerti.jar:/home/travis/build/icyphy/ptII/lib/javax.mail.jar:/home/travis/build/icyphy/ptII/vendors/JMF-2.1.1e/lib/jmf.jar:/home/travis/build/icyphy/ptII/lib/jna-4.0.0-variadic.jar:/home/travis/build/icyphy/ptII/vendors/misc/joystick/Joystick.jar:/home/travis/build/icyphy/ptII/lib/ptjacl.jar:/home/travis/build/icyphy/ptII/lib/jsoup-1.8.2.jar:/home/travis/build/icyphy/ptII/lib/junit-4.8.2.jar:/home/travis/build/icyphy/ptII/lib/JUnitParams-0.4.0.jar:/home/travis/build/icyphy/ptII/ptolemy/actor/lib/excel/jxl.jar:/home/travis/build/icyphy/ptII/lib/jython.jar:/home/travis/build/icyphy/ptII/lib/kieler.jar:/home/travis/build/icyphy/ptII/vendors/opencv/share/OpenCV/java/opencv-341.jar:/home/travis/build/icyphy/ptII/lib/oscP5.jar:/home/travis/build/icyphy/ptII/lib/nrjavaserial-3.11.0.devel.jar:/home/travis/build/icyphy/ptII/vendors/j3d/lib/Linux/j3dcore.jar:/home/travis/build/icyphy/ptII/vendors/j3d/lib/Linux/j3dutils.jar:/home/travis/build/icyphy/ptII/vendors/j3d/lib/Linux/vecmath.jar:/home/travis/build/icyphy/ptII/vendors/jogl/lib/Linux/gluegen-rt-natives-linux-amd64.jar:/home/travis/build/icyphy/ptII/vendors/jogl/lib/Linux/gluegen-rt.jar:/home/travis/build/icyphy/ptII/vendors/jogl/lib/Linux/jogl-all-natives-linux-amd64.jar:/home/travis/build/icyphy/ptII/vendors/jogl/lib/Linux/jogl-all.jar:/home/travis/build/icyphy/ptII/ptolemy/distributed/jini/jar/jini-core.jar:/home/travis/build/icyphy/ptII/ptolemy/distributed/jini/jar/jini-ext.jar:/home/travis/build/icyphy/ptII/ptolemy/distributed/jini/jar/sun-util.jar:/home/travis/build/icyphy/ptII/lib/protobuf-java-2.4.1.jar:/home/travis/build/icyphy/ptII/lib/org.eclipse.paho.client.mqttv3.jar:/home/travis/build/icyphy/ptII/lib/mapss.jar:/home/travis/build/icyphy/ptII/ptolemy/actor/ptalon/antlr/antlr.jar:/home/travis/build/icyphy/ptII/lib/JRI.jar:/home/travis/build/icyphy/ptII/lib/commons-lang-2.6.jar:/home/travis/build/icyphy/ptII/lib/commons-logging-1.1.1.jar:/home/travis/build/icyphy/ptII/lib/sootclasses.jar:/home/travis/build/icyphy/ptII/ptolemy/actor/lib/database/mysql-connector-java-5.1.6-bin.jar:/home/travis/build/icyphy/ptII/vendors/misc/sphinx4/sphinx4-data-5prealpha.jar:/home/travis/build/icyphy/ptII/vendors/misc/sphinx4/sphinx4-core-5prealpha.jar:/home/travis/build/icyphy/ptII/lib/PDFRenderer.jar:/home/travis/build/icyphy/ptII/lib/svgSalamander.jar:/home/travis/build/icyphy/ptII/lib/rsyntaxtextarea-2.6.0-SNAPSHOT.jar:/home/travis/build/icyphy/ptII/lib/hazelcast-3.8.2.jar:/home/travis/build/icyphy/ptII/lib/jackson-annotations-2.9.0.jar:/home/travis/build/icyphy/ptII/lib/jackson-core-2.9.3.jar:/home/travis/build/icyphy/ptII/lib/jackson-databind-2.9.3.jar:/home/travis/build/icyphy/ptII/lib/netty-buffer-4.1.19.Final.jar:/home/travis/build/icyphy/ptII/lib/netty-codec-4.1.19.Final.jar:/home/travis/build/icyphy/ptII/lib/netty-codec-dns-4.1.19.Final.jar:/home/travis/build/icyphy/ptII/lib/netty-codec-http-4.1.19.Final.jar:/home/travis/build/icyphy/ptII/lib/netty-codec-http2-4.1.19.Final.jar:/home/travis/build/icyphy/ptII/lib/netty-common-4.1.19.Final.jar:/home/travis/build/icyphy/ptII/lib/netty-handler-4.1.19.Final.jar:/home/travis/build/icyphy/ptII/lib/netty-resolver-4.1.19.Final.jar:/home/travis/build/icyphy/ptII/lib/netty-resolver-dns-4.1.19.Final.jar:/home/travis/build/icyphy/ptII/lib/netty-transport-4.1.19.Final.jar:/home/travis/build/icyphy/ptII/lib/vertx-codegen-3.5.1.jar:/home/travis/build/icyphy/ptII/lib/vertx-core-3.5.2-SNAPSHOT.jar:/home/travis/build/icyphy/ptII/lib/vertx-hazelcast-3.5.1.jar:/home/travis/build/icyphy/ptII/lib/vertx-lang-js-3.5.1.jar:/home/travis/build/icyphy/ptII/lib/vertx-service-proxy-3.5.1.jar:/home/travis/build/icyphy/ptII/lib/vertx-web-3.5.1.jar:/home/travis/build/icyphy/ptII/lib/slf4j-api-1.7.13.jar:/home/travis/build/icyphy/ptII/lib/slf4j-simple-1.7.13.jar:/home/travis/build/icyphy/ptII/lib/webcam-capture-0.3.12.jar:/home/travis/build/icyphy/ptII/lib/bridj-0.7.0.jar:/home/travis/build/icyphy/ptII/lib/xbjlib-1.1.0.nrjavaserial.jar:/home/travis/build/icyphy/ptII/ptolemy/moml/test:/home/travis/build/icyphy/ptII/ant/lib/ant-launcher.jar:/home/travis/build/icyphy/ptII/ant/lib/ant.jar:/home/travis/build/icyphy/ptII/ant/lib/ant-junit.jar:/home/travis/build/icyphy/ptII/ant/lib/ant-junit4.jar" />
    <property name="ant.library.dir" value="/home/travis/build/icyphy/ptII/ant/lib" />
    <property name="os.arch" value="amd64" />
    <property name="env.CONTINUOUS_INTEGRATION" value="true" />
    <property name="env.TRAVIS_LANGUAGE" value="node_js" />
    <property name="env.TRAVIS_STACK_LANGUAGES" value="__sardonyx__ c c++ clojure cplusplus cpp default generic go groovy java node_js php pure_java python ruby scala" />
    <property name="test.name" value="ptolemy.actor.lib.test.junit.JUnitTclTest" />
    <property name="env.APT_KEY_DONT_WARN_ON_DANGEROUS_USAGE" value="1" />
    <property name="sun.java.launcher" value="SUN_STANDARD" />
    <property name="env.PYTHON_CONFIGURE_OPTS" value="--enable-unicode=ucs4 --with-wide-unicode --enable-shared --enable-ipv6 --enable-loadable-sqlite-extensions --with-computed-gotos" />
    <property name="ant.core.lib" value="/home/travis/build/icyphy/ptII/ant/lib/ant.jar" />
    <property name="java.vm.specification.vendor" value="Oracle Corporation" />
    <property name="env.BCVTB_HOME" value="/home/travis/build/icyphy/ptII/lbnl" />
    <property name="file.separator" value="/" />
    <property name="spotbugs.home" value="/home/travis/build/icyphy/ptII/vendors/spotbugs-3.1.1" />
    <property name="java.runtime.version" value="11.0.2+9" />
    <property name="env.ANSI_CLEAR" value="\033[0K" />
    <property name="javafx.verbose" value="true" />
    <property name="env.HAS_JOSH_K_SEAL_OF_APPROVAL" value="true" />
    <property name="env.XDG_RUNTIME_DIR" value="/run/user/2000" />
    <property name="env.TRAVIS_OSX_IMAGE" value="" />
    <property name="env.TRAVIS_JOB_ID" value="639904772" />
    <property name="env.TRAVIS_BRANCH" value="master" />
    <property name="user.country" value="US" />
    <property name="env.CERTI_HOME_TRAVIS" value="/home/travis/pthla/certi-tools" />
    <property name="env.SHELL" value="/bin/bash" />
    <property name="java.maxmemory.large" value="3200m" />
    <property name="model" value="" />
    <property name="env.CASHER_DIR" value="/home/travis/.casher" />
    <property name="env.NVM_CD_FLAGS" value="" />
    <property name="java.vendor.version" value="18.9" />
    <property name="jshint.executable" value="/home/travis/node_modules/jshint/bin/jshint" />
    <property name="env.JRUBY_OPTS" value=" --client -J-XX:+TieredCompilation -J-XX:TieredStopAtLevel=1 -J-Xss2m -Xcompile.invokedynamic=false" />
    <property name="java.vendor" value="Oracle Corporation" />
    <property name="env.TRAVIS_PRE_CHEF_BOOTSTRAP_TIME" value="2019-03-25T16:16:42" />
    <property name="env.TRAVIS_STACK_JOB_BOARD_REGISTER" value="/.job-board-register.yml" />
    <property name="env.ANSI_RED" value="\033[31;1m" />
    <property name="java.specification.version" value="11" />
    <property name="env.IRBRC" value="/home/travis/.rvm/rubies/ruby-2.5.3/.irbrc" />
    <property name="env.TRAVIS" value="true" />
    <property name="sun.arch.data.model" value="64" />
  </properties>
  <testcase classname="ptolemy.util.test.junit.TclTests" name="[0] /home/travis/build/icyphy/ptII/ptolemy/actor/lib/test/AbsoluteValue.tcl (RunTclFile)" time="0.655" />
  <testcase classname="ptolemy.util.test.junit.TclTests" name="[1] /home/travis/build/icyphy/ptII/ptolemy/actor/lib/test/AddSubtract.tcl (RunTclFile)" time="0.173" />
  <testcase classname="ptolemy.util.test.junit.TclTests" name="[2] /home/travis/build/icyphy/ptII/ptolemy/actor/lib/test/Average.tcl (RunTclFile)" time="0.073" />
  <testcase classname="ptolemy.util.test.junit.TclTests" name="[3] /home/travis/build/icyphy/ptII/ptolemy/actor/lib/test/Bernoulli.tcl (RunTclFile)" time="0.033" />
  <testcase classname="ptolemy.util.test.junit.TclTests" name="[4] /home/travis/build/icyphy/ptII/ptolemy/actor/lib/test/Clock.tcl (RunTclFile)" time="0.122" />
  <testcase classname="ptolemy.util.test.junit.TclTests" name="[5] /home/travis/build/icyphy/ptII/ptolemy/actor/lib/test/Commutator.tcl (RunTclFile)" time="0.177" />
  <testcase classname="ptolemy.util.test.junit.TclTests" name="[6] /home/travis/build/icyphy/ptII/ptolemy/actor/lib/test/Const.tcl (RunTclFile)" time="0.156" />
  <testcase classname="ptolemy.util.test.junit.TclTests" name="[7] /home/travis/build/icyphy/ptII/ptolemy/actor/lib/test/CurrentTime.tcl (RunTclFile)" time="0.025" />
  <testcase classname="ptolemy.util.test.junit.TclTests" name="[8] /home/travis/build/icyphy/ptII/ptolemy/actor/lib/test/DB.tcl (RunTclFile)" time="0.037" />
  <testcase classname="ptolemy.util.test.junit.TclTests" name="[9] /home/travis/build/icyphy/ptII/ptolemy/actor/lib/test/DiscreteRandomSource.tcl (RunTclFile)" time="0.048" />
  <testcase classname="ptolemy.util.test.junit.TclTests" name="[10] /home/travis/build/icyphy/ptII/ptolemy/actor/lib/test/Distributor.tcl (RunTclFile)" time="0.076" />
  <testcase classname="ptolemy.util.test.junit.TclTests" name="[11] /home/travis/build/icyphy/ptII/ptolemy/actor/lib/test/Exit.tcl (RunTclFile)" time="0.075" />
  <testcase classname="ptolemy.util.test.junit.TclTests" name="[12] /home/travis/build/icyphy/ptII/ptolemy/actor/lib/test/Expression.tcl (RunTclFile)" time="0.099" />
  <testcase classname="ptolemy.util.test.junit.TclTests" name="[13] /home/travis/build/icyphy/ptII/ptolemy/actor/lib/test/Gaussian.tcl (RunTclFile)" time="0.553" />
  <testcase classname="ptolemy.util.test.junit.TclTests" name="[14] /home/travis/build/icyphy/ptII/ptolemy/actor/lib/test/IIR.tcl (RunTclFile)" time="0.039" />
  <testcase classname="ptolemy.util.test.junit.TclTests" name="[15] /home/travis/build/icyphy/ptII/ptolemy/actor/lib/test/Interpolator.tcl (RunTclFile)" time="0.059" />
  <testcase classname="ptolemy.util.test.junit.TclTests" name="[16] /home/travis/build/icyphy/ptII/ptolemy/actor/lib/test/MathFunction.tcl (RunTclFile)" time="0.075" />
  <testcase classname="ptolemy.util.test.junit.TclTests" name="[17] /home/travis/build/icyphy/ptII/ptolemy/actor/lib/test/Maximum.tcl (RunTclFile)" time="0.045" />
  <testcase classname="ptolemy.util.test.junit.TclTests" name="[18] /home/travis/build/icyphy/ptII/ptolemy/actor/lib/test/Minimum.tcl (RunTclFile)" time="0.029" />
  <testcase classname="ptolemy.util.test.junit.TclTests" name="[19] /home/travis/build/icyphy/ptII/ptolemy/actor/lib/test/MultiplyDivide.tcl (RunTclFile)" time="0.046" />
  <testcase classname="ptolemy.util.test.junit.TclTests" name="[20] /home/travis/build/icyphy/ptII/ptolemy/actor/lib/test/OrderedMerge.tcl (RunTclFile)" time="0.124" />
  <testcase classname="ptolemy.util.test.junit.TclTests" name="[21] /home/travis/build/icyphy/ptII/ptolemy/actor/lib/test/Publisher.tcl (RunTclFile)" time="0.851" />
  <testcase classname="ptolemy.util.test.junit.TclTests" name="[22] /home/travis/build/icyphy/ptII/ptolemy/actor/lib/test/Pulse.tcl (RunTclFile)" time="0.072" />
  <testcase classname="ptolemy.util.test.junit.TclTests" name="[23] /home/travis/build/icyphy/ptII/ptolemy/actor/lib/test/Ramp.tcl (RunTclFile)" time="2.002" />
  <testcase classname="ptolemy.util.test.junit.TclTests" name="[24] /home/travis/build/icyphy/ptII/ptolemy/actor/lib/test/RampContinuous.tcl (RunTclFile)" time="0.018" />
  <testcase classname="ptolemy.util.test.junit.TclTests" name="[25] /home/travis/build/icyphy/ptII/ptolemy/actor/lib/test/RecordAssembler.tcl (RunTclFile)" time="0.015" />
  <testcase classname="ptolemy.util.test.junit.TclTests" name="[26] /home/travis/build/icyphy/ptII/ptolemy/actor/lib/test/RecordDisassembler.tcl (RunTclFile)" time="0.02" />
  <testcase classname="ptolemy.util.test.junit.TclTests" name="[27] /home/travis/build/icyphy/ptII/ptolemy/actor/lib/test/Scale.tcl (RunTclFile)" time="0.018" />
  <testcase classname="ptolemy.util.test.junit.TclTests" name="[28] /home/travis/build/icyphy/ptII/ptolemy/actor/lib/test/SequentialClock.tcl (RunTclFile)" time="0.013" />
  <testcase classname="ptolemy.util.test.junit.TclTests" name="[29] /home/travis/build/icyphy/ptII/ptolemy/actor/lib/test/SetVariable.tcl (RunTclFile)" time="0.01" />
  <testcase classname="ptolemy.util.test.junit.TclTests" name="[30] /home/travis/build/icyphy/ptII/ptolemy/actor/lib/test/Sinewave.tcl (RunTclFile)" time="0.038" />
  <testcase classname="ptolemy.util.test.junit.TclTests" name="[31] /home/travis/build/icyphy/ptII/ptolemy/actor/lib/test/SubscriptionAggregator.tcl (RunTclFile)" time="2.306" />
  <testcase classname="ptolemy.util.test.junit.TclTests" name="[32] /home/travis/build/icyphy/ptII/ptolemy/actor/lib/test/Test.tcl (RunTclFile)" time="0.108" />
  <testcase classname="ptolemy.util.test.junit.TclTests" name="[33] /home/travis/build/icyphy/ptII/ptolemy/actor/lib/test/TestExceptionHandler.tcl (RunTclFile)" time="0.012" />
  <testcase classname="ptolemy.util.test.junit.TclTests" name="[34] /home/travis/build/icyphy/ptII/ptolemy/actor/lib/test/UnionDisassembler.tcl (RunTclFile)" time="0.072" />
  <testcase classname="ptolemy.util.test.junit.TclTests" name="[35] /home/travis/build/icyphy/ptII/ptolemy/actor/lib/test/VariableClock.tcl (RunTclFile)" time="0.028" />
  <testcase classname="ptolemy.util.test.junit.AutoKnownFailedTests" name="[0] /home/travis/build/icyphy/ptII/ptolemy/actor/lib/test/auto/knownFailedTests/PublisherPortToplevelSubscriber.xml (RunModel)" time="0.035" />
  <testcase classname="ptolemy.util.test.junit.AutoKnownFailedTests" name="[1] /home/travis/build/icyphy/ptII/ptolemy/actor/lib/test/auto/knownFailedTests/PublisherSubscriberPortToplevel.xml (RunModel)" time="0.018" />
  <testcase classname="ptolemy.util.test.junit.AutoKnownFailedTests" name="[2] /home/travis/build/icyphy/ptII/ptolemy/actor/lib/test/auto/knownFailedTests/PublisherSubscriptionAggregatorPort.xml (RunModel)" time="0.018" />
  <testcase classname="ptolemy.util.test.junit.AutoKnownFailedTests" name="[3] /home/travis/build/icyphy/ptII/ptolemy/actor/lib/test/auto/knownFailedTests/sizedarray3.xml (RunModel)" time="0.028" />
  <testcase classname="ptolemy.util.test.junit.AutoNameArchTests" name="[0] ThereAreNoAutoArchTests (RunModel)" time="0.004" />
  <testcase classname="ptolemy.util.test.junit.AutoTests" name="[0] /home/travis/build/icyphy/ptII/ptolemy/actor/lib/test/auto/AbsoluteValue.xml (RunModel)" time="0.108" />
  <testcase classname="ptolemy.util.test.junit.AutoTests" name="[1] /home/travis/build/icyphy/ptII/ptolemy/actor/lib/test/auto/AbsoluteValue2.xml (RunModel)" time="0.069" />
  <testcase classname="ptolemy.util.test.junit.AutoTests" name="[2] /home/travis/build/icyphy/ptII/ptolemy/actor/lib/test/auto/Accumulator.xml (RunModel)" time="0.074" />
  <testcase classname="ptolemy.util.test.junit.AutoTests" name="[3] /home/travis/build/icyphy/ptII/ptolemy/actor/lib/test/auto/Accumulator2.xml (RunModel)" time="0.024" />
  <testcase classname="ptolemy.util.test.junit.AutoTests" name="[4] /home/travis/build/icyphy/ptII/ptolemy/actor/lib/test/auto/Accumulator3.xml (RunModel)" time="0.017" />
  <testcase classname="ptolemy.util.test.junit.AutoTests" name="[5] /home/travis/build/icyphy/ptII/ptolemy/actor/lib/test/auto/ArrayAppend.xml (RunModel)" time="0.026" />
  <testcase classname="ptolemy.util.test.junit.AutoTests" name="[6] /home/travis/build/icyphy/ptII/ptolemy/actor/lib/test/auto/ArrayAppend2.xml (RunModel)" time="0.461" />
  <testcase classname="ptolemy.util.test.junit.AutoTests" name="[7] /home/travis/build/icyphy/ptII/ptolemy/actor/lib/test/auto/ArrayAppend3.xml (RunModel)" time="0.024" />
  <testcase classname="ptolemy.util.test.junit.AutoTests" name="[8] /home/travis/build/icyphy/ptII/ptolemy/actor/lib/test/auto/ArrayAppend4.xml (RunModel)" time="0.017" />
  <testcase classname="ptolemy.util.test.junit.AutoTests" name="[9] /home/travis/build/icyphy/ptII/ptolemy/actor/lib/test/auto/ArrayAppend5.xml (RunModel)" time="0.027" />
  <testcase classname="ptolemy.util.test.junit.AutoTests" name="[10] /home/travis/build/icyphy/ptII/ptolemy/actor/lib/test/auto/ArrayAppend6.xml (RunModel)" time="0.022" />
  <testcase classname="ptolemy.util.test.junit.AutoTests" name="[11] /home/travis/build/icyphy/ptII/ptolemy/actor/lib/test/auto/ArrayAppendPerformanceTest.xml (RunModel)" time="0.053" />
  <testcase classname="ptolemy.util.test.junit.AutoTests" name="[12] /home/travis/build/icyphy/ptII/ptolemy/actor/lib/test/auto/ArrayAppendWithEmptyInput.xml (RunModel)" time="0.05" />
  <testcase classname="ptolemy.util.test.junit.AutoTests" name="[13] /home/travis/build/icyphy/ptII/ptolemy/actor/lib/test/auto/ArrayAverage.xml (RunModel)" time="0.047" />
  <testcase classname="ptolemy.util.test.junit.AutoTests" name="[14] /home/travis/build/icyphy/ptII/ptolemy/actor/lib/test/auto/ArrayContains.xml (RunModel)" time="0.042" />
  <testcase classname="ptolemy.util.test.junit.AutoTests" name="[15] /home/travis/build/icyphy/ptII/ptolemy/actor/lib/test/auto/ArrayElement.xml (RunModel)" time="0.033" />
  <testcase classname="ptolemy.util.test.junit.AutoTests" name="[16] /home/travis/build/icyphy/ptII/ptolemy/actor/lib/test/auto/ArrayElementAsMatrix.xml (RunModel)" time="0.07" />
  <testcase classname="ptolemy.util.test.junit.AutoTests" name="[17] /home/travis/build/icyphy/ptII/ptolemy/actor/lib/test/auto/ArrayElementI.xml (RunModel)" time="0.013" />
  <testcase classname="ptolemy.util.test.junit.AutoTests" name="[18] /home/travis/build/icyphy/ptII/ptolemy/actor/lib/test/auto/ArrayExtract.xml (RunModel)" time="0.033" />
  <testcase classname="ptolemy.util.test.junit.AutoTests" name="[19] /home/travis/build/icyphy/ptII/ptolemy/actor/lib/test/auto/ArrayExtract2.xml (RunModel)" time="0.019" />
  <testcase classname="ptolemy.util.test.junit.AutoTests" name="[20] /home/travis/build/icyphy/ptII/ptolemy/actor/lib/test/auto/ArrayLength.xml (RunModel)" time="0.021" />
  <testcase classname="ptolemy.util.test.junit.AutoTests" name="[21] /home/travis/build/icyphy/ptII/ptolemy/actor/lib/test/auto/ArrayLevelCrossing.xml (RunModel)" time="0.028" />
  <testcase classname="ptolemy.util.test.junit.AutoTests" name="[22] /home/travis/build/icyphy/ptII/ptolemy/actor/lib/test/auto/ArrayLevelCrossing2.xml (RunModel)" time="0.021" />
  <testcase classname="ptolemy.util.test.junit.AutoTests" name="[23] /home/travis/build/icyphy/ptII/ptolemy/actor/lib/test/auto/ArrayPeakSearch.xml (RunModel)" time="0.038" />
  <testcase classname="ptolemy.util.test.junit.AutoTests" name="[24] /home/travis/build/icyphy/ptII/ptolemy/actor/lib/test/auto/ArrayPeakSearch2.xml (RunModel)" time="0.037" />
  <testcase classname="ptolemy.util.test.junit.AutoTests" name="[25] /home/travis/build/icyphy/ptII/ptolemy/actor/lib/test/auto/ArrayPeakSearch3.xml (RunModel)" time="0.032" />
  <testcase classname="ptolemy.util.test.junit.AutoTests" name="[26] /home/travis/build/icyphy/ptII/ptolemy/actor/lib/test/auto/ArrayRemoveElement.xml (RunModel)" time="0.028" />
  <testcase classname="ptolemy.util.test.junit.AutoTests" name="[27] /home/travis/build/icyphy/ptII/ptolemy/actor/lib/test/auto/ArraySort.xml (RunModel)" time="0.04" />
  <testcase classname="ptolemy.util.test.junit.AutoTests" name="[28] /home/travis/build/icyphy/ptII/ptolemy/actor/lib/test/auto/ArraySum.xml (RunModel)" time="0.019" />
  <testcase classname="ptolemy.util.test.junit.AutoTests" name="[29] /home/travis/build/icyphy/ptII/ptolemy/actor/lib/test/auto/ArrayToElements.xml (RunModel)" time="0.018" />
  <testcase classname="ptolemy.util.test.junit.AutoTests" name="[30] /home/travis/build/icyphy/ptII/ptolemy/actor/lib/test/auto/ArrayToMatrix.xml (RunModel)" time="0.057" />
  <testcase classname="ptolemy.util.test.junit.AutoTests" name="[31] /home/travis/build/icyphy/ptII/ptolemy/actor/lib/test/auto/ArrayUpdate1.xml (RunModel)" time="0.016" />
  <testcase classname="ptolemy.util.test.junit.AutoTests" name="[32] /home/travis/build/icyphy/ptII/ptolemy/actor/lib/test/auto/ArrayUpdate2.xml (RunModel)" time="0.015" />
  <testcase classname="ptolemy.util.test.junit.AutoTests" name="[33] /home/travis/build/icyphy/ptII/ptolemy/actor/lib/test/auto/ArrayUpdate3.xml (RunModel)" time="0.014" />
  <testcase classname="ptolemy.util.test.junit.AutoTests" name="[34] /home/travis/build/icyphy/ptII/ptolemy/actor/lib/test/auto/Assert1.xml (RunModel)" time="0.016" />
  <testcase classname="ptolemy.util.test.junit.AutoTests" name="[35] /home/travis/build/icyphy/ptII/ptolemy/actor/lib/test/auto/Assert2.xml (RunModel)" time="0.013" />
  <testcase classname="ptolemy.util.test.junit.AutoTests" name="[36] /home/travis/build/icyphy/ptII/ptolemy/actor/lib/test/auto/BooleanMultiplexor.xml (RunModel)" time="0.015" />
  <testcase classname="ptolemy.util.test.junit.AutoTests" name="[37] /home/travis/build/icyphy/ptII/ptolemy/actor/lib/test/auto/BooleanMultiplexor2.xml (RunModel)" time="0.015" />
  <testcase classname="ptolemy.util.test.junit.AutoTests" name="[38] /home/travis/build/icyphy/ptII/ptolemy/actor/lib/test/auto/BooleanMultiplexor3.xml (RunModel)" time="0.015" />
  <testcase classname="ptolemy.util.test.junit.AutoTests" name="[39] /home/travis/build/icyphy/ptII/ptolemy/actor/lib/test/auto/BooleanSelect.xml (RunModel)" time="0.032" />
  <testcase classname="ptolemy.util.test.junit.AutoTests" name="[40] /home/travis/build/icyphy/ptII/ptolemy/actor/lib/test/auto/BooleanSelect2.xml (RunModel)" time="0.016" />
  <testcase classname="ptolemy.util.test.junit.AutoTests" name="[41] /home/travis/build/icyphy/ptII/ptolemy/actor/lib/test/auto/BooleanSwitch.xml (RunModel)" time="0.026" />
  <testcase classname="ptolemy.util.test.junit.AutoTests" name="[42] /home/travis/build/icyphy/ptII/ptolemy/actor/lib/test/auto/BooleanSwitch2.xml (RunModel)" time="0.016" />
  <testcase classname="ptolemy.util.test.junit.AutoTests" name="[43] /home/travis/build/icyphy/ptII/ptolemy/actor/lib/test/auto/BooleanSwitchCloningBugWithClassRelationGroup.xml (RunModel)" time="0.022" />
  <testcase classname="ptolemy.util.test.junit.AutoTests" name="[44] /home/travis/build/icyphy/ptII/ptolemy/actor/lib/test/auto/BusActors.xml (RunModel)" time="0.049" />
  <testcase classname="ptolemy.util.test.junit.AutoTests" name="[45] /home/travis/build/icyphy/ptII/ptolemy/actor/lib/test/auto/ClassWrapper.xml (RunModel)" time="0.031" />
  <testcase classname="ptolemy.util.test.junit.AutoTests" name="[46] /home/travis/build/icyphy/ptII/ptolemy/actor/lib/test/auto/Clock.xml (RunModel)" time="0.012" />
  <testcase classname="ptolemy.util.test.junit.AutoTests" name="[47] /home/travis/build/icyphy/ptII/ptolemy/actor/lib/test/auto/Clock10.xml (RunModel)" time="0.016" />
  <testcase classname="ptolemy.util.test.junit.AutoTests" name="[48] /home/travis/build/icyphy/ptII/ptolemy/actor/lib/test/auto/Clock11.xml (RunModel)" time="0.018" />
  <testcase classname="ptolemy.util.test.junit.AutoTests" name="[49] /home/travis/build/icyphy/ptII/ptolemy/actor/lib/test/auto/Clock12.xml (RunModel)" time="0.015" />
  <testcase classname="ptolemy.util.test.junit.AutoTests" name="[50] /home/travis/build/icyphy/ptII/ptolemy/actor/lib/test/auto/Clock13.xml (RunModel)" time="0.018" />
  <testcase classname="ptolemy.util.test.junit.AutoTests" name="[51] /home/travis/build/icyphy/ptII/ptolemy/actor/lib/test/auto/Clock14.xml (RunModel)" time="0.021" />
  <testcase classname="ptolemy.util.test.junit.AutoTests" name="[52] /home/travis/build/icyphy/ptII/ptolemy/actor/lib/test/auto/Clock15.xml (RunModel)" time="0.014" />
  <testcase classname="ptolemy.util.test.junit.AutoTests" name="[53] /home/travis/build/icyphy/ptII/ptolemy/actor/lib/test/auto/Clock16.xml (RunModel)" time="0.096" />
  <testcase classname="ptolemy.util.test.junit.AutoTests" name="[54] /home/travis/build/icyphy/ptII/ptolemy/actor/lib/test/auto/Clock17.xml (RunModel)" time="0.077" />
  <testcase classname="ptolemy.util.test.junit.AutoTests" name="[55] /home/travis/build/icyphy/ptII/ptolemy/actor/lib/test/auto/Clock18.xml (RunModel)" time="0.084" />
  <testcase classname="ptolemy.util.test.junit.AutoTests" name="[56] /home/travis/build/icyphy/ptII/ptolemy/actor/lib/test/auto/Clock19.xml (RunModel)" time="0.047" />
  <testcase classname="ptolemy.util.test.junit.AutoTests" name="[57] /home/travis/build/icyphy/ptII/ptolemy/actor/lib/test/auto/Clock2.xml (RunModel)" time="0.019" />
  <testcase classname="ptolemy.util.test.junit.AutoTests" name="[58] /home/travis/build/icyphy/ptII/ptolemy/actor/lib/test/auto/Clock20.xml (RunModel)" time="0.016" />
  <testcase classname="ptolemy.util.test.junit.AutoTests" name="[59] /home/travis/build/icyphy/ptII/ptolemy/actor/lib/test/auto/Clock21.xml (RunModel)" time="0.016" />
  <testcase classname="ptolemy.util.test.junit.AutoTests" name="[60] /home/travis/build/icyphy/ptII/ptolemy/actor/lib/test/auto/Clock22.xml (RunModel)" time="0.013" />
  <testcase classname="ptolemy.util.test.junit.AutoTests" name="[61] /home/travis/build/icyphy/ptII/ptolemy/actor/lib/test/auto/Clock23.xml (RunModel)" time="0.018" />
  <testcase classname="ptolemy.util.test.junit.AutoTests" name="[62] /home/travis/build/icyphy/ptII/ptolemy/actor/lib/test/auto/Clock24.xml (RunModel)" time="0.015" />
  <testcase classname="ptolemy.util.test.junit.AutoTests" name="[63] /home/travis/build/icyphy/ptII/ptolemy/actor/lib/test/auto/Clock4.xml (RunModel)" time="0.013" />
  <testcase classname="ptolemy.util.test.junit.AutoTests" name="[64] /home/travis/build/icyphy/ptII/ptolemy/actor/lib/test/auto/Clock5.xml (RunModel)" time="0.014" />
  <testcase classname="ptolemy.util.test.junit.AutoTests" name="[65] /home/travis/build/icyphy/ptII/ptolemy/actor/lib/test/auto/Clock6.xml (RunModel)" time="0.01" />
  <testcase classname="ptolemy.util.test.junit.AutoTests" name="[66] /home/travis/build/icyphy/ptII/ptolemy/actor/lib/test/auto/Clock7.xml (RunModel)" time="0.012" />
  <testcase classname="ptolemy.util.test.junit.AutoTests" name="[67] /home/travis/build/icyphy/ptII/ptolemy/actor/lib/test/auto/Clock8.xml (RunModel)" time="0.016" />
  <testcase classname="ptolemy.util.test.junit.AutoTests" name="[68] /home/travis/build/icyphy/ptII/ptolemy/actor/lib/test/auto/Clock9.xml (RunModel)" time="0.016" />
  <testcase classname="ptolemy.util.test.junit.AutoTests" name="[69] /home/travis/build/icyphy/ptII/ptolemy/actor/lib/test/auto/CommDistDiscard.xml (RunModel)" time="0.024" />
  <testcase classname="ptolemy.util.test.junit.AutoTests" name="[70] /home/travis/build/icyphy/ptII/ptolemy/actor/lib/test/auto/Commutator.xml (RunModel)" time="0.016" />
  <testcase classname="ptolemy.util.test.junit.AutoTests" name="[71] /home/travis/build/icyphy/ptII/ptolemy/actor/lib/test/auto/Commutator2.xml (RunModel)" time="0.017" />
  <testcase classname="ptolemy.util.test.junit.AutoTests" name="[72] /home/travis/build/icyphy/ptII/ptolemy/actor/lib/test/auto/Commutator3.xml (RunModel)" time="0.018" />
  <testcase classname="ptolemy.util.test.junit.AutoTests" name="[73] /home/travis/build/icyphy/ptII/ptolemy/actor/lib/test/auto/Compare.xml (RunModel)" time="0.025" />
  <testcase classname="ptolemy.util.test.junit.AutoTests" name="[74] /home/travis/build/icyphy/ptII/ptolemy/actor/lib/test/auto/CompareDE.xml (RunModel)" time="0.021" />
  <testcase classname="ptolemy.util.test.junit.AutoTests" name="[75] /home/travis/build/icyphy/ptII/ptolemy/actor/lib/test/auto/ComplexDivide.xml (RunModel)" time="0.01" />
  <testcase classname="ptolemy.util.test.junit.AutoTests" name="[76] /home/travis/build/icyphy/ptII/ptolemy/actor/lib/test/auto/ComputeHistogram.xml (RunModel)" time="0.073" />
  <testcase classname="ptolemy.util.test.junit.AutoTests" name="[77] /home/travis/build/icyphy/ptII/ptolemy/actor/lib/test/auto/ConfigurationSelect.xml (RunModel)" time="0.023" />
  <testcase classname="ptolemy.util.test.junit.AutoTests" name="[78] /home/travis/build/icyphy/ptII/ptolemy/actor/lib/test/auto/ConfigurationSelect2.xml (RunModel)" time="0.018" />
  <testcase classname="ptolemy.util.test.junit.AutoTests" name="[79] /home/travis/build/icyphy/ptII/ptolemy/actor/lib/test/auto/ConfigurationSwitch.xml (RunModel)" time="0.029" />
  <testcase classname="ptolemy.util.test.junit.AutoTests" name="[80] /home/travis/build/icyphy/ptII/ptolemy/actor/lib/test/auto/ConfigurationSwitch2.xml (RunModel)" time="0.022" />
  <testcase classname="ptolemy.util.test.junit.AutoTests" name="[81] /home/travis/build/icyphy/ptII/ptolemy/actor/lib/test/auto/ConfigurationSwitchCloningBugWithClassRelationGroup.xml (RunModel)" time="0.026" />
  <testcase classname="ptolemy.util.test.junit.AutoTests" name="[82] /home/travis/build/icyphy/ptII/ptolemy/actor/lib/test/auto/ConfigurationSwitchSelectSDF.xml (RunModel)" time="0.019" />
  <testcase classname="ptolemy.util.test.junit.AutoTests" name="[83] /home/travis/build/icyphy/ptII/ptolemy/actor/lib/test/auto/ConfigurationSwitchSelectSDF2.xml (RunModel)" time="0.017" />
  <testcase classname="ptolemy.util.test.junit.AutoTests" name="[84] /home/travis/build/icyphy/ptII/ptolemy/actor/lib/test/auto/Const.xml (RunModel)" time="0.008" />
  <testcase classname="ptolemy.util.test.junit.AutoTests" name="[85] /home/travis/build/icyphy/ptII/ptolemy/actor/lib/test/auto/Const2.xml (RunModel)" time="0.017" />
  <testcase classname="ptolemy.util.test.junit.AutoTests" name="[86] /home/travis/build/icyphy/ptII/ptolemy/actor/lib/test/auto/Const3.xml (RunModel)" time="0.007" />
  <testcase classname="ptolemy.util.test.junit.AutoTests" name="[87] /home/travis/build/icyphy/ptII/ptolemy/actor/lib/test/auto/ConstantPublisherPort1.xml (RunModel)" time="0.027" />
  <testcase classname="ptolemy.util.test.junit.AutoTests" name="[88] /home/travis/build/icyphy/ptII/ptolemy/actor/lib/test/auto/ConstantPublisherPort2.xml (RunModel)" time="0.037" />
  <testcase classname="ptolemy.util.test.junit.AutoTests" name="[89] /home/travis/build/icyphy/ptII/ptolemy/actor/lib/test/auto/ConstantPublisherPort3.xml (RunModel)" time="0.025" />
  <testcase classname="ptolemy.util.test.junit.AutoTests" name="[90] /home/travis/build/icyphy/ptII/ptolemy/actor/lib/test/auto/ConstantPublisherPort4.xml (RunModel)" time="0.022" />
  <testcase classname="ptolemy.util.test.junit.AutoTests" name="[91] /home/travis/build/icyphy/ptII/ptolemy/actor/lib/test/auto/ConstantPublisherPort5.xml (RunModel)" time="0.054" />
  <testcase classname="ptolemy.util.test.junit.AutoTests" name="[92] /home/travis/build/icyphy/ptII/ptolemy/actor/lib/test/auto/ConstantPublisherPort6.xml (RunModel)" time="0.039" />
  <testcase classname="ptolemy.util.test.junit.AutoTests" name="[93] /home/travis/build/icyphy/ptII/ptolemy/actor/lib/test/auto/ConstantPublisherPort7.xml (RunModel)" time="0.038" />
  <testcase classname="ptolemy.util.test.junit.AutoTests" name="[94] /home/travis/build/icyphy/ptII/ptolemy/actor/lib/test/auto/ConstraintMonitor1.xml (RunModel)" time="0.042" />
  <testcase classname="ptolemy.util.test.junit.AutoTests" name="[95] /home/travis/build/icyphy/ptII/ptolemy/actor/lib/test/auto/ConstraintMonitor2.xml (RunModel)" time="0.014" />
  <testcase classname="ptolemy.util.test.junit.AutoTests" name="[96] /home/travis/build/icyphy/ptII/ptolemy/actor/lib/test/auto/ConstraintMonitor3.xml (RunModel)" time="0.018" />
  <testcase classname="ptolemy.util.test.junit.AutoTests" name="[97] /home/travis/build/icyphy/ptII/ptolemy/actor/lib/test/auto/ConstraintMonitor4.xml (RunModel)" time="0.015" />
  <testcase classname="ptolemy.util.test.junit.AutoTests" name="[98] /home/travis/build/icyphy/ptII/ptolemy/actor/lib/test/auto/ConstraintMonitor5.xml (RunModel)" time="0.016" />
  <testcase classname="ptolemy.util.test.junit.AutoTests" name="[99] /home/travis/build/icyphy/ptII/ptolemy/actor/lib/test/auto/ConstraintMonitor6.xml (RunModel)" time="0.021" />
  <testcase classname="ptolemy.util.test.junit.AutoTests" name="[100] /home/travis/build/icyphy/ptII/ptolemy/actor/lib/test/auto/ConstraintMonitor7.xml (RunModel)" time="0.021" />
  <testcase classname="ptolemy.util.test.junit.AutoTests" name="[101] /home/travis/build/icyphy/ptII/ptolemy/actor/lib/test/auto/ConstraintMonitor8.xml (RunModel)" time="0.017" />
  <testcase classname="ptolemy.util.test.junit.AutoTests" name="[102] /home/travis/build/icyphy/ptII/ptolemy/actor/lib/test/auto/Counter.xml (RunModel)" time="0.015" />
  <testcase classname="ptolemy.util.test.junit.AutoTests" name="[103] /home/travis/build/icyphy/ptII/ptolemy/actor/lib/test/auto/CurrentTimeSDF.xml (RunModel)" time="0.009" />
  <testcase classname="ptolemy.util.test.junit.AutoTests" name="[104] /home/travis/build/icyphy/ptII/ptolemy/actor/lib/test/auto/DB.xml (RunModel)" time="0.014" />
  <testcase classname="ptolemy.util.test.junit.AutoTests" name="[105] /home/travis/build/icyphy/ptII/ptolemy/actor/lib/test/auto/DBDE.xml (RunModel)" time="0.012" />
  <testcase classname="ptolemy.util.test.junit.AutoTests" name="[106] /home/travis/build/icyphy/ptII/ptolemy/actor/lib/test/auto/DateConstructor.xml (RunModel)" time="0.104" />
  <testcase classname="ptolemy.util.test.junit.AutoTests" name="[107] /home/travis/build/icyphy/ptII/ptolemy/actor/lib/test/auto/DelayTime.xml (RunModel)" time="0.02" />
  <testcase classname="ptolemy.util.test.junit.AutoTests" name="[108] /home/travis/build/icyphy/ptII/ptolemy/actor/lib/test/auto/Dictionary1.xml (RunModel)" time="0.017" />
  <testcase classname="ptolemy.util.test.junit.AutoTests" name="[109] /home/travis/build/icyphy/ptII/ptolemy/actor/lib/test/auto/Dictionary2.xml (RunModel)" time="0.018" />
  <testcase classname="ptolemy.util.test.junit.AutoTests" name="[110] /home/travis/build/icyphy/ptII/ptolemy/actor/lib/test/auto/Dictionary3.xml (RunModel)" time="0.013" />
  <testcase classname="ptolemy.util.test.junit.AutoTests" name="[111] /home/travis/build/icyphy/ptII/ptolemy/actor/lib/test/auto/Dictionary4.xml (RunModel)" time="0.019" />
  <testcase classname="ptolemy.util.test.junit.AutoTests" name="[112] /home/travis/build/icyphy/ptII/ptolemy/actor/lib/test/auto/Differential.xml (RunModel)" time="0.014" />
  <testcase classname="ptolemy.util.test.junit.AutoTests" name="[113] /home/travis/build/icyphy/ptII/ptolemy/actor/lib/test/auto/Director.xml (RunModel)" time="0.011" />
  <testcase classname="ptolemy.util.test.junit.AutoTests" name="[114] /home/travis/build/icyphy/ptII/ptolemy/actor/lib/test/auto/DiscreteClock.xml (RunModel)" time="0.008" />
  <testcase classname="ptolemy.util.test.junit.AutoTests" name="[115] /home/travis/build/icyphy/ptII/ptolemy/actor/lib/test/auto/DiscreteClock10.xml (RunModel)" time="0.012" />
  <testcase classname="ptolemy.util.test.junit.AutoTests" name="[116] /home/travis/build/icyphy/ptII/ptolemy/actor/lib/test/auto/DiscreteClock11.xml (RunModel)" time="0.011" />
  <testcase classname="ptolemy.util.test.junit.AutoTests" name="[117] /home/travis/build/icyphy/ptII/ptolemy/actor/lib/test/auto/DiscreteClock12.xml (RunModel)" time="0.015" />
  <testcase classname="ptolemy.util.test.junit.AutoTests" name="[118] /home/travis/build/icyphy/ptII/ptolemy/actor/lib/test/auto/DiscreteClock13.xml (RunModel)" time="0.015" />
  <testcase classname="ptolemy.util.test.junit.AutoTests" name="[119] /home/travis/build/icyphy/ptII/ptolemy/actor/lib/test/auto/DiscreteClock14.xml (RunModel)" time="0.015" />
  <testcase classname="ptolemy.util.test.junit.AutoTests" name="[120] /home/travis/build/icyphy/ptII/ptolemy/actor/lib/test/auto/DiscreteClock15.xml (RunModel)" time="0.015" />
  <testcase classname="ptolemy.util.test.junit.AutoTests" name="[121] /home/travis/build/icyphy/ptII/ptolemy/actor/lib/test/auto/DiscreteClock16.xml (RunModel)" time="0.041" />
  <testcase classname="ptolemy.util.test.junit.AutoTests" name="[122] /home/travis/build/icyphy/ptII/ptolemy/actor/lib/test/auto/DiscreteClock17.xml (RunModel)" time="0.038" />
  <testcase classname="ptolemy.util.test.junit.AutoTests" name="[123] /home/travis/build/icyphy/ptII/ptolemy/actor/lib/test/auto/DiscreteClock18.xml (RunModel)" time="0.046" />
  <testcase classname="ptolemy.util.test.junit.AutoTests" name="[124] /home/travis/build/icyphy/ptII/ptolemy/actor/lib/test/auto/DiscreteClock19.xml (RunModel)" time="0.034" />
  <testcase classname="ptolemy.util.test.junit.AutoTests" name="[125] /home/travis/build/icyphy/ptII/ptolemy/actor/lib/test/auto/DiscreteClock2.xml (RunModel)" time="0.01" />
  <testcase classname="ptolemy.util.test.junit.AutoTests" name="[126] /home/travis/build/icyphy/ptII/ptolemy/actor/lib/test/auto/DiscreteClock20.xml (RunModel)" time="0.014" />
  <testcase classname="ptolemy.util.test.junit.AutoTests" name="[127] /home/travis/build/icyphy/ptII/ptolemy/actor/lib/test/auto/DiscreteClock21.xml (RunModel)" time="0.014" />
  <testcase classname="ptolemy.util.test.junit.AutoTests" name="[128] /home/travis/build/icyphy/ptII/ptolemy/actor/lib/test/auto/DiscreteClock22.xml (RunModel)" time="0.013" />
  <testcase classname="ptolemy.util.test.junit.AutoTests" name="[129] /home/travis/build/icyphy/ptII/ptolemy/actor/lib/test/auto/DiscreteClock23.xml (RunModel)" time="0.013" />
  <testcase classname="ptolemy.util.test.junit.AutoTests" name="[130] /home/travis/build/icyphy/ptII/ptolemy/actor/lib/test/auto/DiscreteClock24.xml (RunModel)" time="0.014" />
  <testcase classname="ptolemy.util.test.junit.AutoTests" name="[131] /home/travis/build/icyphy/ptII/ptolemy/actor/lib/test/auto/DiscreteClock4.xml (RunModel)" time="0.014" />
  <testcase classname="ptolemy.util.test.junit.AutoTests" name="[132] /home/travis/build/icyphy/ptII/ptolemy/actor/lib/test/auto/DiscreteClock5.xml (RunModel)" time="0.009" />
  <testcase classname="ptolemy.util.test.junit.AutoTests" name="[133] /home/travis/build/icyphy/ptII/ptolemy/actor/lib/test/auto/DiscreteClock6.xml (RunModel)" time="0.007" />
  <testcase classname="ptolemy.util.test.junit.AutoTests" name="[134] /home/travis/build/icyphy/ptII/ptolemy/actor/lib/test/auto/DiscreteClock7.xml (RunModel)" time="0.008" />
  <testcase classname="ptolemy.util.test.junit.AutoTests" name="[135] /home/travis/build/icyphy/ptII/ptolemy/actor/lib/test/auto/DiscreteClock8.xml (RunModel)" time="0.018" />
  <testcase classname="ptolemy.util.test.junit.AutoTests" name="[136] /home/travis/build/icyphy/ptII/ptolemy/actor/lib/test/auto/DiscreteClock9.xml (RunModel)" time="0.012" />
  <testcase classname="ptolemy.util.test.junit.AutoTests" name="[137] /home/travis/build/icyphy/ptII/ptolemy/actor/lib/test/auto/DisplayArray.xml (RunModel)" time="0.009" />
  <testcase classname="ptolemy.util.test.junit.AutoTests" name="[138] /home/travis/build/icyphy/ptII/ptolemy/actor/lib/test/auto/Distributor.xml (RunModel)" time="0.01" />
  <testcase classname="ptolemy.util.test.junit.AutoTests" name="[139] /home/travis/build/icyphy/ptII/ptolemy/actor/lib/test/auto/Distributor2.xml (RunModel)" time="0.009" />
  <testcase classname="ptolemy.util.test.junit.AutoTests" name="[140] /home/travis/build/icyphy/ptII/ptolemy/actor/lib/test/auto/DownSample.xml (RunModel)" time="0.009" />
  <testcase classname="ptolemy.util.test.junit.AutoTests" name="[141] /home/travis/build/icyphy/ptII/ptolemy/actor/lib/test/auto/ElectronicUnitBase1.xml (RunModel)" time="0.052" />
  <testcase classname="ptolemy.util.test.junit.AutoTests" name="[142] /home/travis/build/icyphy/ptII/ptolemy/actor/lib/test/auto/ElementsToArray.xml (RunModel)" time="0.01" />
  <testcase classname="ptolemy.util.test.junit.AutoTests" name="[143] /home/travis/build/icyphy/ptII/ptolemy/actor/lib/test/auto/Equals.xml (RunModel)" time="0.011" />
  <testcase classname="ptolemy.util.test.junit.AutoTests" name="[144] /home/travis/build/icyphy/ptII/ptolemy/actor/lib/test/auto/Exec.xml (RunModel)" time="0.031" />
  <testcase classname="ptolemy.util.test.junit.AutoTests" name="[145] /home/travis/build/icyphy/ptII/ptolemy/actor/lib/test/auto/ExecEnvironment.xml (RunModel)" time="0.049" />
  <testcase classname="ptolemy.util.test.junit.AutoTests" name="[146] /home/travis/build/icyphy/ptII/ptolemy/actor/lib/test/auto/ExecNonZeroReturnOutput.xml (RunModel)" time="0.187" />
  <testcase classname="ptolemy.util.test.junit.AutoTests" name="[147] /home/travis/build/icyphy/ptII/ptolemy/actor/lib/test/auto/ExecRunDemos.xml (RunModel)" time="10.71" />
  <testcase classname="ptolemy.util.test.junit.AutoTests" name="[148] /home/travis/build/icyphy/ptII/ptolemy/actor/lib/test/auto/ExecStop.xml (RunModel)" time="5.035" />
  <testcase classname="ptolemy.util.test.junit.AutoTests" name="[149] /home/travis/build/icyphy/ptII/ptolemy/actor/lib/test/auto/ExecutionTimeSDF.xml (RunModel)" time="6.062">
    <error type="java.lang.reflect.InvocationTargetException">java.lang.reflect.InvocationTargetException
	at jdk.internal.reflect.GeneratedConstructorAccessor36.newInstance(Unknown Source)
	at java.base/jdk.internal.reflect.DelegatingConstructorAccessorImpl.newInstance(DelegatingConstructorAccessorImpl.java:45)
	at java.base/java.lang.reflect.Constructor.newInstance(Constructor.java:490)
	at ptolemy.util.test.junit.AutoTests.RunModel(AutoTests.java:193)
	at jdk.internal.reflect.GeneratedMethodAccessor43.invoke(Unknown Source)
	at java.base/jdk.internal.reflect.DelegatingMethodAccessorImpl.invoke(DelegatingMethodAccessorImpl.java:43)
	at junitparams.internal.InvokeParameterisedMethod.evaluate(InvokeParameterisedMethod.java:102)
Caused by: ptolemy.kernel.util.IllegalActionException: Test fails in iteration 0.
Value was: 6001L. Should have been: 6000L
  in .ExecutionTimeSDF.NonStrictTest
	at ptolemy.actor.lib.NonStrictTest.postfire(NonStrictTest.java:328)
	at ptolemy.actor.AtomicActor.iterate(AtomicActor.java:518)
	at ptolemy.actor.sched.StaticSchedulingDirector.fire(StaticSchedulingDirector.java:216)
	at ptolemy.domains.sdf.kernel.SDFDirector.fire(SDFDirector.java:500)
	at ptolemy.actor.CompositeActor.fire(CompositeActor.java:455)
	at ptolemy.actor.Manager.iterate(Manager.java:851)
	at ptolemy.actor.Manager.execute(Manager.java:369)
	at ptolemy.actor.Manager.run(Manager.java:1263)
	at ptolemy.actor.Manager$PtolemyRunThread.run(Manager.java:1933)
</error>
  </testcase>
  <testcase classname="ptolemy.util.test.junit.AutoTests" name="[150] /home/travis/build/icyphy/ptII/ptolemy/actor/lib/test/auto/Expression1.xml (RunModel)" time="0.014" />
  <testcase classname="ptolemy.util.test.junit.AutoTests" name="[151] /home/travis/build/icyphy/ptII/ptolemy/actor/lib/test/auto/Expression10.xml (RunModel)" time="0.018" />
  <testcase classname="ptolemy.util.test.junit.AutoTests" name="[152] /home/travis/build/icyphy/ptII/ptolemy/actor/lib/test/auto/Expression11.xml (RunModel)" time="0.011" />
  <testcase classname="ptolemy.util.test.junit.AutoTests" name="[153] /home/travis/build/icyphy/ptII/ptolemy/actor/lib/test/auto/Expression12.xml (RunModel)" time="0.017" />
  <testcase classname="ptolemy.util.test.junit.AutoTests" name="[154] /home/travis/build/icyphy/ptII/ptolemy/actor/lib/test/auto/Expression13.xml (RunModel)" time="0.017" />
  <testcase classname="ptolemy.util.test.junit.AutoTests" name="[155] /home/travis/build/icyphy/ptII/ptolemy/actor/lib/test/auto/Expression14.xml (RunModel)" time="0.019" />
  <testcase classname="ptolemy.util.test.junit.AutoTests" name="[156] /home/travis/build/icyphy/ptII/ptolemy/actor/lib/test/auto/Expression15.xml (RunModel)" time="0.008" />
  <testcase classname="ptolemy.util.test.junit.AutoTests" name="[157] /home/travis/build/icyphy/ptII/ptolemy/actor/lib/test/auto/Expression16.xml (RunModel)" time="0.013" />
  <testcase classname="ptolemy.util.test.junit.AutoTests" name="[158] /home/travis/build/icyphy/ptII/ptolemy/actor/lib/test/auto/Expression17.xml (RunModel)" time="0.012" />
  <testcase classname="ptolemy.util.test.junit.AutoTests" name="[159] /home/travis/build/icyphy/ptII/ptolemy/actor/lib/test/auto/Expression18.xml (RunModel)" time="0.015" />
  <testcase classname="ptolemy.util.test.junit.AutoTests" name="[160] /home/travis/build/icyphy/ptII/ptolemy/actor/lib/test/auto/Expression2.xml (RunModel)" time="0.013" />
  <testcase classname="ptolemy.util.test.junit.AutoTests" name="[161] /home/travis/build/icyphy/ptII/ptolemy/actor/lib/test/auto/Expression3.xml (RunModel)" time="0.013" />
  <testcase classname="ptolemy.util.test.junit.AutoTests" name="[162] /home/travis/build/icyphy/ptII/ptolemy/actor/lib/test/auto/Expression4.xml (RunModel)" time="0.016" />
  <testcase classname="ptolemy.util.test.junit.AutoTests" name="[163] /home/travis/build/icyphy/ptII/ptolemy/actor/lib/test/auto/Expression5.xml (RunModel)" time="0.014" />
  <testcase classname="ptolemy.util.test.junit.AutoTests" name="[164] /home/travis/build/icyphy/ptII/ptolemy/actor/lib/test/auto/Expression6.xml (RunModel)" time="0.01" />
  <testcase classname="ptolemy.util.test.junit.AutoTests" name="[165] /home/travis/build/icyphy/ptII/ptolemy/actor/lib/test/auto/Expression7.xml (RunModel)" time="0.012" />
  <testcase classname="ptolemy.util.test.junit.AutoTests" name="[166] /home/travis/build/icyphy/ptII/ptolemy/actor/lib/test/auto/Expression8.xml (RunModel)" time="0.015" />
  <testcase classname="ptolemy.util.test.junit.AutoTests" name="[167] /home/travis/build/icyphy/ptII/ptolemy/actor/lib/test/auto/Expression9.xml (RunModel)" time="0.007" />
  <testcase classname="ptolemy.util.test.junit.AutoTests" name="[168] /home/travis/build/icyphy/ptII/ptolemy/actor/lib/test/auto/ExpressionConcatenateArrayType.xml (RunModel)" time="0.032" />
  <testcase classname="ptolemy.util.test.junit.AutoTests" name="[169] /home/travis/build/icyphy/ptII/ptolemy/actor/lib/test/auto/ExpressionConcatenateArrayType2.xml (RunModel)" time="0.024" />
  <testcase classname="ptolemy.util.test.junit.AutoTests" name="[170] /home/travis/build/icyphy/ptII/ptolemy/actor/lib/test/auto/ExpressionFix.xml (RunModel)" time="0.045" />
  <testcase classname="ptolemy.util.test.junit.AutoTests" name="[171] /home/travis/build/icyphy/ptII/ptolemy/actor/lib/test/auto/ExpressionFix2.xml (RunModel)" time="0.011" />
  <testcase classname="ptolemy.util.test.junit.AutoTests" name="[172] /home/travis/build/icyphy/ptII/ptolemy/actor/lib/test/auto/ExpressionFix3.xml (RunModel)" time="0.012" />
  <testcase classname="ptolemy.util.test.junit.AutoTests" name="[173] /home/travis/build/icyphy/ptII/ptolemy/actor/lib/test/auto/FileWriter1.xml (RunModel)" time="0.011" />
  <testcase classname="ptolemy.util.test.junit.AutoTests" name="[174] /home/travis/build/icyphy/ptII/ptolemy/actor/lib/test/auto/FileWriter2.xml (RunModel)" time="0.012" />
  <testcase classname="ptolemy.util.test.junit.AutoTests" name="[175] /home/travis/build/icyphy/ptII/ptolemy/actor/lib/test/auto/FileWriter3.xml (RunModel)" time="0.01" />
  <testcase classname="ptolemy.util.test.junit.AutoTests" name="[176] /home/travis/build/icyphy/ptII/ptolemy/actor/lib/test/auto/Gaussian.xml (RunModel)" time="0.012" />
  <testcase classname="ptolemy.util.test.junit.AutoTests" name="[177] /home/travis/build/icyphy/ptII/ptolemy/actor/lib/test/auto/Gaussian1.xml (RunModel)" time="0.012" />
  <testcase classname="ptolemy.util.test.junit.AutoTests" name="[178] /home/travis/build/icyphy/ptII/ptolemy/actor/lib/test/auto/Gaussian2.xml (RunModel)" time="0.024" />
  <testcase classname="ptolemy.util.test.junit.AutoTests" name="[179] /home/travis/build/icyphy/ptII/ptolemy/actor/lib/test/auto/GradientAdaptiveLattice.xml (RunModel)" time="0.017" />
  <testcase classname="ptolemy.util.test.junit.AutoTests" name="[180] /home/travis/build/icyphy/ptII/ptolemy/actor/lib/test/auto/IIR.xml (RunModel)" time="0.011" />
  <testcase classname="ptolemy.util.test.junit.AutoTests" name="[181] /home/travis/build/icyphy/ptII/ptolemy/actor/lib/test/auto/InputOutputTransparentPorts.xml (RunModel)" time="0.024" />
  <testcase classname="ptolemy.util.test.junit.AutoTests" name="[182] /home/travis/build/icyphy/ptII/ptolemy/actor/lib/test/auto/Interpolator.xml (RunModel)" time="0.011" />
  <testcase classname="ptolemy.util.test.junit.AutoTests" name="[183] /home/travis/build/icyphy/ptII/ptolemy/actor/lib/test/auto/InterpolatorFiringLimitDE.xml (RunModel)" time="0.013" />
  <testcase classname="ptolemy.util.test.junit.AutoTests" name="[184] /home/travis/build/icyphy/ptII/ptolemy/actor/lib/test/auto/Lattice.xml (RunModel)" time="0.008" />
  <testcase classname="ptolemy.util.test.junit.AutoTests" name="[185] /home/travis/build/icyphy/ptII/ptolemy/actor/lib/test/auto/LazyAOCTestLazy.xml (RunModel)" time="0.049" />
  <testcase classname="ptolemy.util.test.junit.AutoTests" name="[186] /home/travis/build/icyphy/ptII/ptolemy/actor/lib/test/auto/LazyAOCTestNonLazy.xml (RunModel)" time="0.045" />
  <testcase classname="ptolemy.util.test.junit.AutoTests" name="[187] /home/travis/build/icyphy/ptII/ptolemy/actor/lib/test/auto/LazyInnerClass.xml (RunModel)" time="0.064" />
  <testcase classname="ptolemy.util.test.junit.AutoTests" name="[188] /home/travis/build/icyphy/ptII/ptolemy/actor/lib/test/auto/LazyPubSub.xml (RunModel)" time="0.032" />
  <testcase classname="ptolemy.util.test.junit.AutoTests" name="[189] /home/travis/build/icyphy/ptII/ptolemy/actor/lib/test/auto/LazyPubSub2.xml (RunModel)" time="0.07" />
  <testcase classname="ptolemy.util.test.junit.AutoTests" name="[190] /home/travis/build/icyphy/ptII/ptolemy/actor/lib/test/auto/LazyPubSub3.xml (RunModel)" time="0.023" />
  <testcase classname="ptolemy.util.test.junit.AutoTests" name="[191] /home/travis/build/icyphy/ptII/ptolemy/actor/lib/test/auto/LazySubClassModel.xml (RunModel)" time="0.023" />
  <testcase classname="ptolemy.util.test.junit.AutoTests" name="[192] /home/travis/build/icyphy/ptII/ptolemy/actor/lib/test/auto/LevelCrossTest1.xml (RunModel)" time="0.011" />
  <testcase classname="ptolemy.util.test.junit.AutoTests" name="[193] /home/travis/build/icyphy/ptII/ptolemy/actor/lib/test/auto/LevelCrossTest10.xml (RunModel)" time="0.014" />
  <testcase classname="ptolemy.util.test.junit.AutoTests" name="[194] /home/travis/build/icyphy/ptII/ptolemy/actor/lib/test/auto/LevelCrossTest11.xml (RunModel)" time="0.013" />
  <testcase classname="ptolemy.util.test.junit.AutoTests" name="[195] /home/travis/build/icyphy/ptII/ptolemy/actor/lib/test/auto/LevelCrossTest12.xml (RunModel)" time="0.013" />
  <testcase classname="ptolemy.util.test.junit.AutoTests" name="[196] /home/travis/build/icyphy/ptII/ptolemy/actor/lib/test/auto/LevelCrossTest13.xml (RunModel)" time="0.025" />
  <testcase classname="ptolemy.util.test.junit.AutoTests" name="[197] /home/travis/build/icyphy/ptII/ptolemy/actor/lib/test/auto/LevelCrossTest2.xml (RunModel)" time="0.017" />
  <testcase classname="ptolemy.util.test.junit.AutoTests" name="[198] /home/travis/build/icyphy/ptII/ptolemy/actor/lib/test/auto/LevelCrossTest3.xml (RunModel)" time="0.013" />
  <testcase classname="ptolemy.util.test.junit.AutoTests" name="[199] /home/travis/build/icyphy/ptII/ptolemy/actor/lib/test/auto/LevelCrossTest4.xml (RunModel)" time="0.012" />
  <testcase classname="ptolemy.util.test.junit.AutoTests" name="[200] /home/travis/build/icyphy/ptII/ptolemy/actor/lib/test/auto/LevelCrossTest5.xml (RunModel)" time="0.019" />
  <testcase classname="ptolemy.util.test.junit.AutoTests" name="[201] /home/travis/build/icyphy/ptII/ptolemy/actor/lib/test/auto/LevelCrossTest6.xml (RunModel)" time="0.02" />
  <testcase classname="ptolemy.util.test.junit.AutoTests" name="[202] /home/travis/build/icyphy/ptII/ptolemy/actor/lib/test/auto/LevelCrossTest7.xml (RunModel)" time="0.024" />
  <testcase classname="ptolemy.util.test.junit.AutoTests" name="[203] /home/travis/build/icyphy/ptII/ptolemy/actor/lib/test/auto/LevelCrossTest8.xml (RunModel)" time="0.016" />
  <testcase classname="ptolemy.util.test.junit.AutoTests" name="[204] /home/travis/build/icyphy/ptII/ptolemy/actor/lib/test/auto/LevelCrossTest9.xml (RunModel)" time="0.014" />
  <testcase classname="ptolemy.util.test.junit.AutoTests" name="[205] /home/travis/build/icyphy/ptII/ptolemy/actor/lib/test/auto/LevinsonDurbin.xml (RunModel)" time="0.011" />
  <testcase classname="ptolemy.util.test.junit.AutoTests" name="[206] /home/travis/build/icyphy/ptII/ptolemy/actor/lib/test/auto/LevinsonDurbin2.xml (RunModel)" time="0.008" />
  <testcase classname="ptolemy.util.test.junit.AutoTests" name="[207] /home/travis/build/icyphy/ptII/ptolemy/actor/lib/test/auto/LevinsonDurbin3.xml (RunModel)" time="0.007" />
  <testcase classname="ptolemy.util.test.junit.AutoTests" name="[208] /home/travis/build/icyphy/ptII/ptolemy/actor/lib/test/auto/Limiter.xml (RunModel)" time="0.022" />
  <testcase classname="ptolemy.util.test.junit.AutoTests" name="[209] /home/travis/build/icyphy/ptII/ptolemy/actor/lib/test/auto/LinearDifferenceEquationSystem.xml (RunModel)" time="0.024" />
  <testcase classname="ptolemy.util.test.junit.AutoTests" name="[210] /home/travis/build/icyphy/ptII/ptolemy/actor/lib/test/auto/LookupTable.xml (RunModel)" time="0.009" />
  <testcase classname="ptolemy.util.test.junit.AutoTests" name="[211] /home/travis/build/icyphy/ptII/ptolemy/actor/lib/test/auto/MathFunction.xml (RunModel)" time="0.021" />
  <testcase classname="ptolemy.util.test.junit.AutoTests" name="[212] /home/travis/build/icyphy/ptII/ptolemy/actor/lib/test/auto/MathFunction2.xml (RunModel)" time="0.011" />
  <testcase classname="ptolemy.util.test.junit.AutoTests" name="[213] /home/travis/build/icyphy/ptII/ptolemy/actor/lib/test/auto/MathFunction3.xml (RunModel)" time="0.018" />
  <testcase classname="ptolemy.util.test.junit.AutoTests" name="[214] /home/travis/build/icyphy/ptII/ptolemy/actor/lib/test/auto/MatrixCropBoolean.xml (RunModel)" time="0.017" />
  <testcase classname="ptolemy.util.test.junit.AutoTests" name="[215] /home/travis/build/icyphy/ptII/ptolemy/actor/lib/test/auto/MatrixCropComplex.xml (RunModel)" time="0.011" />
  <testcase classname="ptolemy.util.test.junit.AutoTests" name="[216] /home/travis/build/icyphy/ptII/ptolemy/actor/lib/test/auto/MatrixCropDouble.xml (RunModel)" time="0.01" />
  <testcase classname="ptolemy.util.test.junit.AutoTests" name="[217] /home/travis/build/icyphy/ptII/ptolemy/actor/lib/test/auto/MatrixCropFix.xml (RunModel)" time="0.011" />
  <testcase classname="ptolemy.util.test.junit.AutoTests" name="[218] /home/travis/build/icyphy/ptII/ptolemy/actor/lib/test/auto/MatrixCropInt.xml (RunModel)" time="0.011" />
  <testcase classname="ptolemy.util.test.junit.AutoTests" name="[219] /home/travis/build/icyphy/ptII/ptolemy/actor/lib/test/auto/MatrixCropLong.xml (RunModel)" time="0.009" />
  <testcase classname="ptolemy.util.test.junit.AutoTests" name="[220] /home/travis/build/icyphy/ptII/ptolemy/actor/lib/test/auto/MatrixToArray.xml (RunModel)" time="0.052" />
  <testcase classname="ptolemy.util.test.junit.AutoTests" name="[221] /home/travis/build/icyphy/ptII/ptolemy/actor/lib/test/auto/MaxIndex.xml (RunModel)" time="0.019" />
  <testcase classname="ptolemy.util.test.junit.AutoTests" name="[222] /home/travis/build/icyphy/ptII/ptolemy/actor/lib/test/auto/Maximum.xml (RunModel)" time="0.019" />
  <testcase classname="ptolemy.util.test.junit.AutoTests" name="[223] /home/travis/build/icyphy/ptII/ptolemy/actor/lib/test/auto/MaximumComplex.xml (RunModel)" time="0.017" />
  <testcase classname="ptolemy.util.test.junit.AutoTests" name="[224] /home/travis/build/icyphy/ptII/ptolemy/actor/lib/test/auto/MethodCallTest.xml (RunModel)" time="0.027" />
  <testcase classname="ptolemy.util.test.junit.AutoTests" name="[225] /home/travis/build/icyphy/ptII/ptolemy/actor/lib/test/auto/Minimum.xml (RunModel)" time="0.015" />
  <testcase classname="ptolemy.util.test.junit.AutoTests" name="[226] /home/travis/build/icyphy/ptII/ptolemy/actor/lib/test/auto/MinimumComplex.xml (RunModel)" time="0.024" />
  <testcase classname="ptolemy.util.test.junit.AutoTests" name="[227] /home/travis/build/icyphy/ptII/ptolemy/actor/lib/test/auto/MinimumMultiports.xml (RunModel)" time="0.019" />
  <testcase classname="ptolemy.util.test.junit.AutoTests" name="[228] /home/travis/build/icyphy/ptII/ptolemy/actor/lib/test/auto/ModifyDate.xml (RunModel)" time="0.04" />
  <testcase classname="ptolemy.util.test.junit.AutoTests" name="[229] /home/travis/build/icyphy/ptII/ptolemy/actor/lib/test/auto/ModifyDate2.xml (RunModel)" time="0.034" />
  <testcase classname="ptolemy.util.test.junit.AutoTests" name="[230] /home/travis/build/icyphy/ptII/ptolemy/actor/lib/test/auto/MovingAverage.xml (RunModel)" time="0.011" />
  <testcase classname="ptolemy.util.test.junit.AutoTests" name="[231] /home/travis/build/icyphy/ptII/ptolemy/actor/lib/test/auto/MovingMaximum.xml (RunModel)" time="0.012" />
  <testcase classname="ptolemy.util.test.junit.AutoTests" name="[232] /home/travis/build/icyphy/ptII/ptolemy/actor/lib/test/auto/MultipleLinksToSameRelation.xml (RunModel)" time="0.01" />
  <testcase classname="ptolemy.util.test.junit.AutoTests" name="[233] /home/travis/build/icyphy/ptII/ptolemy/actor/lib/test/auto/MultipleLinksToSameRelationDE.xml (RunModel)" time="0.016" />
  <testcase classname="ptolemy.util.test.junit.AutoTests" name="[234] /home/travis/build/icyphy/ptII/ptolemy/actor/lib/test/auto/Multiplexor.xml (RunModel)" time="0.012" />
  <testcase classname="ptolemy.util.test.junit.AutoTests" name="[235] /home/travis/build/icyphy/ptII/ptolemy/actor/lib/test/auto/Multiplexor1.xml (RunModel)" time="0.013" />
  <testcase classname="ptolemy.util.test.junit.AutoTests" name="[236] /home/travis/build/icyphy/ptII/ptolemy/actor/lib/test/auto/Multiplexor2.xml (RunModel)" time="0.016" />
  <testcase classname="ptolemy.util.test.junit.AutoTests" name="[237] /home/travis/build/icyphy/ptII/ptolemy/actor/lib/test/auto/Multiplexor3.xml (RunModel)" time="0.01" />
  <testcase classname="ptolemy.util.test.junit.AutoTests" name="[238] /home/travis/build/icyphy/ptII/ptolemy/actor/lib/test/auto/MultiplexorDE.xml (RunModel)" time="0.015" />
  <testcase classname="ptolemy.util.test.junit.AutoTests" name="[239] /home/travis/build/icyphy/ptII/ptolemy/actor/lib/test/auto/MultiportBroadcastTest.xml (RunModel)" time="0.112" />
  <testcase classname="ptolemy.util.test.junit.AutoTests" name="[240] /home/travis/build/icyphy/ptII/ptolemy/actor/lib/test/auto/MultiportOutHangDuringGetWidth.xml (RunModel)" time="0.034" />
  <testcase classname="ptolemy.util.test.junit.AutoTests" name="[241] /home/travis/build/icyphy/ptII/ptolemy/actor/lib/test/auto/NilToken.xml (RunModel)" time="0.014" />
  <testcase classname="ptolemy.util.test.junit.AutoTests" name="[242] /home/travis/build/icyphy/ptII/ptolemy/actor/lib/test/auto/NilTokenNonStrictTest.xml (RunModel)" time="0.012" />
  <testcase classname="ptolemy.util.test.junit.AutoTests" name="[243] /home/travis/build/icyphy/ptII/ptolemy/actor/lib/test/auto/NilTokenRecord.xml (RunModel)" time="0.024" />
  <testcase classname="ptolemy.util.test.junit.AutoTests" name="[244] /home/travis/build/icyphy/ptII/ptolemy/actor/lib/test/auto/NilTokenTypeTest.xml (RunModel)" time="0.031" />
  <testcase classname="ptolemy.util.test.junit.AutoTests" name="[245] /home/travis/build/icyphy/ptII/ptolemy/actor/lib/test/auto/ObjectToken1.xml (RunModel)" time="0.008" />
  <testcase classname="ptolemy.util.test.junit.AutoTests" name="[246] /home/travis/build/icyphy/ptII/ptolemy/actor/lib/test/auto/OrderedMerge.xml (RunModel)" time="0.019" />
  <testcase classname="ptolemy.util.test.junit.AutoTests" name="[247] /home/travis/build/icyphy/ptII/ptolemy/actor/lib/test/auto/OrderedRecordDisassembler.xml (RunModel)" time="0.017" />
  <testcase classname="ptolemy.util.test.junit.AutoTests" name="[248] /home/travis/build/icyphy/ptII/ptolemy/actor/lib/test/auto/OrderedRecordDisassembler2.xml (RunModel)" time="0.018" />
  <testcase classname="ptolemy.util.test.junit.AutoTests" name="[249] /home/travis/build/icyphy/ptII/ptolemy/actor/lib/test/auto/OrderedRecordUpdater.xml (RunModel)" time="0.01" />
  <testcase classname="ptolemy.util.test.junit.AutoTests" name="[250] /home/travis/build/icyphy/ptII/ptolemy/actor/lib/test/auto/OrderedRecordUpdater2.xml (RunModel)" time="0.017" />
  <testcase classname="ptolemy.util.test.junit.AutoTests" name="[251] /home/travis/build/icyphy/ptII/ptolemy/actor/lib/test/auto/PhaseUnwrap.xml (RunModel)" time="0.014" />
  <testcase classname="ptolemy.util.test.junit.AutoTests" name="[252] /home/travis/build/icyphy/ptII/ptolemy/actor/lib/test/auto/PoissonClock.xml (RunModel)" time="0.012" />
  <testcase classname="ptolemy.util.test.junit.AutoTests" name="[253] /home/travis/build/icyphy/ptII/ptolemy/actor/lib/test/auto/PoissonClock2.xml (RunModel)" time="0.008" />
  <testcase classname="ptolemy.util.test.junit.AutoTests" name="[254] /home/travis/build/icyphy/ptII/ptolemy/actor/lib/test/auto/PoissonClock3.xml (RunModel)" time="0.023" />
  <testcase classname="ptolemy.util.test.junit.AutoTests" name="[255] /home/travis/build/icyphy/ptII/ptolemy/actor/lib/test/auto/PubSubWithInitialTokens.xml (RunModel)" time="0.014" />
  <testcase classname="ptolemy.util.test.junit.AutoTests" name="[256] /home/travis/build/icyphy/ptII/ptolemy/actor/lib/test/auto/PubSubWithInitialTokens2.xml (RunModel)" time="0.012" />
  <testcase classname="ptolemy.util.test.junit.AutoTests" name="[257] /home/travis/build/icyphy/ptII/ptolemy/actor/lib/test/auto/PublisherClassNoParameter.xml (RunModel)" time="0.026" />
  <testcase classname="ptolemy.util.test.junit.AutoTests" name="[258] /home/travis/build/icyphy/ptII/ptolemy/actor/lib/test/auto/PublisherClassParameter.xml (RunModel)" time="0.019" />
  <testcase classname="ptolemy.util.test.junit.AutoTests" name="[259] /home/travis/build/icyphy/ptII/ptolemy/actor/lib/test/auto/PublisherNonStrictTest.xml (RunModel)" time="0.016" />
  <testcase classname="ptolemy.util.test.junit.AutoTests" name="[260] /home/travis/build/icyphy/ptII/ptolemy/actor/lib/test/auto/PublisherPort1.xml (RunModel)" time="0.012" />
  <testcase classname="ptolemy.util.test.junit.AutoTests" name="[261] /home/travis/build/icyphy/ptII/ptolemy/actor/lib/test/auto/PublisherPort2.xml (RunModel)" time="0.009" />
  <testcase classname="ptolemy.util.test.junit.AutoTests" name="[262] /home/travis/build/icyphy/ptII/ptolemy/actor/lib/test/auto/PublisherPort3.xml (RunModel)" time="0.012" />
  <testcase classname="ptolemy.util.test.junit.AutoTests" name="[263] /home/travis/build/icyphy/ptII/ptolemy/actor/lib/test/auto/PublisherPort4.xml (RunModel)" time="0.012" />
  <testcase classname="ptolemy.util.test.junit.AutoTests" name="[264] /home/travis/build/icyphy/ptII/ptolemy/actor/lib/test/auto/PublisherPort5.xml (RunModel)" time="0.024" />
  <testcase classname="ptolemy.util.test.junit.AutoTests" name="[265] /home/travis/build/icyphy/ptII/ptolemy/actor/lib/test/auto/PublisherPort5LookAlike.xml (RunModel)" time="0.017" />
  <testcase classname="ptolemy.util.test.junit.AutoTests" name="[266] /home/travis/build/icyphy/ptII/ptolemy/actor/lib/test/auto/PublisherPort6.xml (RunModel)" time="0.012" />
  <testcase classname="ptolemy.util.test.junit.AutoTests" name="[267] /home/travis/build/icyphy/ptII/ptolemy/actor/lib/test/auto/PublisherPort7.xml (RunModel)" time="0.013" />
  <testcase classname="ptolemy.util.test.junit.AutoTests" name="[268] /home/travis/build/icyphy/ptII/ptolemy/actor/lib/test/auto/PublisherPort8.xml (RunModel)" time="0.017" />
  <testcase classname="ptolemy.util.test.junit.AutoTests" name="[269] /home/travis/build/icyphy/ptII/ptolemy/actor/lib/test/auto/PublisherPortSubscriberChannelVariablesAOC2.xml (RunModel)" time="0.042" />
  <testcase classname="ptolemy.util.test.junit.AutoTests" name="[270] /home/travis/build/icyphy/ptII/ptolemy/actor/lib/test/auto/PublisherPortSubscriberOpaqueWidthInference.xml (RunModel)" time="0.015" />
  <testcase classname="ptolemy.util.test.junit.AutoTests" name="[271] /home/travis/build/icyphy/ptII/ptolemy/actor/lib/test/auto/PublisherPortSubscriberPortAdjacent.xml (RunModel)" time="0.016" />
  <testcase classname="ptolemy.util.test.junit.AutoTests" name="[272] /home/travis/build/icyphy/ptII/ptolemy/actor/lib/test/auto/PublisherPortSubscriberPortExpression.xml (RunModel)" time="0.017" />
  <testcase classname="ptolemy.util.test.junit.AutoTests" name="[273] /home/travis/build/icyphy/ptII/ptolemy/actor/lib/test/auto/PublisherPortSubscriberPortOpaqueD3Reverse.xml (RunModel)" time="0.018" />
  <testcase classname="ptolemy.util.test.junit.AutoTests" name="[274] /home/travis/build/icyphy/ptII/ptolemy/actor/lib/test/auto/PublisherPortSubscriberPortOpaqueWidthInference.xml (RunModel)" time="0.014" />
  <testcase classname="ptolemy.util.test.junit.AutoTests" name="[275] /home/travis/build/icyphy/ptII/ptolemy/actor/lib/test/auto/PublisherPortToplevelSubscriberPortAOC.xml (RunModel)" time="0.01" />
  <testcase classname="ptolemy.util.test.junit.AutoTests" name="[276] /home/travis/build/icyphy/ptII/ptolemy/actor/lib/test/auto/PublisherSubscriber.xml (RunModel)" time="0.013" />
  <testcase classname="ptolemy.util.test.junit.AutoTests" name="[277] /home/travis/build/icyphy/ptII/ptolemy/actor/lib/test/auto/PublisherSubscriber10.xml (RunModel)" time="0.019" />
  <testcase classname="ptolemy.util.test.junit.AutoTests" name="[278] /home/travis/build/icyphy/ptII/ptolemy/actor/lib/test/auto/PublisherSubscriber10InitialOutputs.xml (RunModel)" time="0.025" />
  <testcase classname="ptolemy.util.test.junit.AutoTests" name="[279] /home/travis/build/icyphy/ptII/ptolemy/actor/lib/test/auto/PublisherSubscriber11.xml (RunModel)" time="0.016" />
  <testcase classname="ptolemy.util.test.junit.AutoTests" name="[280] /home/travis/build/icyphy/ptII/ptolemy/actor/lib/test/auto/PublisherSubscriber12.xml (RunModel)" time="0.019" />
  <testcase classname="ptolemy.util.test.junit.AutoTests" name="[281] /home/travis/build/icyphy/ptII/ptolemy/actor/lib/test/auto/PublisherSubscriber13.xml (RunModel)" time="0.021" />
  <testcase classname="ptolemy.util.test.junit.AutoTests" name="[282] /home/travis/build/icyphy/ptII/ptolemy/actor/lib/test/auto/PublisherSubscriber14.xml (RunModel)" time="0.018" />
  <testcase classname="ptolemy.util.test.junit.AutoTests" name="[283] /home/travis/build/icyphy/ptII/ptolemy/actor/lib/test/auto/PublisherSubscriber2.xml (RunModel)" time="0.012" />
  <testcase classname="ptolemy.util.test.junit.AutoTests" name="[284] /home/travis/build/icyphy/ptII/ptolemy/actor/lib/test/auto/PublisherSubscriber3.xml (RunModel)" time="0.01" />
  <testcase classname="ptolemy.util.test.junit.AutoTests" name="[285] /home/travis/build/icyphy/ptII/ptolemy/actor/lib/test/auto/PublisherSubscriber4.xml (RunModel)" time="0.011" />
  <testcase classname="ptolemy.util.test.junit.AutoTests" name="[286] /home/travis/build/icyphy/ptII/ptolemy/actor/lib/test/auto/PublisherSubscriber5.xml (RunModel)" time="0.012" />
  <testcase classname="ptolemy.util.test.junit.AutoTests" name="[287] /home/travis/build/icyphy/ptII/ptolemy/actor/lib/test/auto/PublisherSubscriber6.xml (RunModel)" time="0.012" />
  <testcase classname="ptolemy.util.test.junit.AutoTests" name="[288] /home/travis/build/icyphy/ptII/ptolemy/actor/lib/test/auto/PublisherSubscriber7.xml (RunModel)" time="0.018" />
  <testcase classname="ptolemy.util.test.junit.AutoTests" name="[289] /home/travis/build/icyphy/ptII/ptolemy/actor/lib/test/auto/PublisherSubscriber8.xml (RunModel)" time="0.034" />
  <testcase classname="ptolemy.util.test.junit.AutoTests" name="[290] /home/travis/build/icyphy/ptII/ptolemy/actor/lib/test/auto/PublisherSubscriber9.xml (RunModel)" time="0.024" />
  <testcase classname="ptolemy.util.test.junit.AutoTests" name="[291] /home/travis/build/icyphy/ptII/ptolemy/actor/lib/test/auto/PublisherSubscriberAdjacent.xml (RunModel)" time="0.014" />
  <testcase classname="ptolemy.util.test.junit.AutoTests" name="[292] /home/travis/build/icyphy/ptII/ptolemy/actor/lib/test/auto/PublisherSubscriberChannelVariablesAOC2.xml (RunModel)" time="0.03" />
  <testcase classname="ptolemy.util.test.junit.AutoTests" name="[293] /home/travis/build/icyphy/ptII/ptolemy/actor/lib/test/auto/PublisherSubscriberD3.xml (RunModel)" time="0.014" />
  <testcase classname="ptolemy.util.test.junit.AutoTests" name="[294] /home/travis/build/icyphy/ptII/ptolemy/actor/lib/test/auto/PublisherSubscriberD3Reverse.xml (RunModel)" time="0.011" />
  <testcase classname="ptolemy.util.test.junit.AutoTests" name="[295] /home/travis/build/icyphy/ptII/ptolemy/actor/lib/test/auto/PublisherSubscriberExpression.xml (RunModel)" time="0.017" />
  <testcase classname="ptolemy.util.test.junit.AutoTests" name="[296] /home/travis/build/icyphy/ptII/ptolemy/actor/lib/test/auto/PublisherSubscriberOpaque.xml (RunModel)" time="0.015" />
  <testcase classname="ptolemy.util.test.junit.AutoTests" name="[297] /home/travis/build/icyphy/ptII/ptolemy/actor/lib/test/auto/PublisherSubscriberOpaqueD3.xml (RunModel)" time="0.022" />
  <testcase classname="ptolemy.util.test.junit.AutoTests" name="[298] /home/travis/build/icyphy/ptII/ptolemy/actor/lib/test/auto/PublisherSubscriberOpaqueD3Reverse.xml (RunModel)" time="0.022" />
  <testcase classname="ptolemy.util.test.junit.AutoTests" name="[299] /home/travis/build/icyphy/ptII/ptolemy/actor/lib/test/auto/PublisherSubscriberOpaqueWidthInference.xml (RunModel)" time="0.017" />
  <testcase classname="ptolemy.util.test.junit.AutoTests" name="[300] /home/travis/build/icyphy/ptII/ptolemy/actor/lib/test/auto/PublisherTestSubscriber.xml (RunModel)" time="0.015" />
  <testcase classname="ptolemy.util.test.junit.AutoTests" name="[301] /home/travis/build/icyphy/ptII/ptolemy/actor/lib/test/auto/PublisherToplevelSubscriberPortAOC.xml (RunModel)" time="0.011" />
  <testcase classname="ptolemy.util.test.junit.AutoTests" name="[302] /home/travis/build/icyphy/ptII/ptolemy/actor/lib/test/auto/PulseFiringLimitDE.xml (RunModel)" time="0.015" />
  <testcase classname="ptolemy.util.test.junit.AutoTests" name="[303] /home/travis/build/icyphy/ptII/ptolemy/actor/lib/test/auto/Ramp1.xml (RunModel)" time="0.008" />
  <testcase classname="ptolemy.util.test.junit.AutoTests" name="[304] /home/travis/build/icyphy/ptII/ptolemy/actor/lib/test/auto/RampFiringLimitDE.xml (RunModel)" time="0.011" />
  <testcase classname="ptolemy.util.test.junit.AutoTests" name="[305] /home/travis/build/icyphy/ptII/ptolemy/actor/lib/test/auto/RampFiringLimitSDF.xml (RunModel)" time="0.011" />
  <testcase classname="ptolemy.util.test.junit.AutoTests" name="[306] /home/travis/build/icyphy/ptII/ptolemy/actor/lib/test/auto/RandomInteger.xml (RunModel)" time="0.01" />
  <testcase classname="ptolemy.util.test.junit.AutoTests" name="[307] /home/travis/build/icyphy/ptII/ptolemy/actor/lib/test/auto/ReadFile1.xml (RunModel)" time="0.01" />
  <testcase classname="ptolemy.util.test.junit.AutoTests" name="[308] /home/travis/build/icyphy/ptII/ptolemy/actor/lib/test/auto/ReadFile2.xml (RunModel)" time="0.009" />
  <testcase classname="ptolemy.util.test.junit.AutoTests" name="[309] /home/travis/build/icyphy/ptII/ptolemy/actor/lib/test/auto/Reader.xml (RunModel)" time="0.014" />
  <testcase classname="ptolemy.util.test.junit.AutoTests" name="[310] /home/travis/build/icyphy/ptII/ptolemy/actor/lib/test/auto/RecordAssemblerDisplayNameTest.xml (RunModel)" time="3.487" />
  <testcase classname="ptolemy.util.test.junit.AutoTests" name="[311] /home/travis/build/icyphy/ptII/ptolemy/actor/lib/test/auto/RecordAssemblerTypeError.xml (RunModel)" time="0.036" />
  <testcase classname="ptolemy.util.test.junit.AutoTests" name="[312] /home/travis/build/icyphy/ptII/ptolemy/actor/lib/test/auto/RecordDisassember.xml (RunModel)" time="0.013" />
  <testcase classname="ptolemy.util.test.junit.AutoTests" name="[313] /home/travis/build/icyphy/ptII/ptolemy/actor/lib/test/auto/RecordDisassemberDisplayNameTest.xml (RunModel)" time="0.025" />
  <testcase classname="ptolemy.util.test.junit.AutoTests" name="[314] /home/travis/build/icyphy/ptII/ptolemy/actor/lib/test/auto/RecordDisassembler.xml (RunModel)" time="0.011" />
  <testcase classname="ptolemy.util.test.junit.AutoTests" name="[315] /home/travis/build/icyphy/ptII/ptolemy/actor/lib/test/auto/RecordDisassembler2.xml (RunModel)" time="0.012" />
  <testcase classname="ptolemy.util.test.junit.AutoTests" name="[316] /home/travis/build/icyphy/ptII/ptolemy/actor/lib/test/auto/RecordUpdater.xml (RunModel)" time="0.009" />
  <testcase classname="ptolemy.util.test.junit.AutoTests" name="[317] /home/travis/build/icyphy/ptII/ptolemy/actor/lib/test/auto/RecordUpdater2.xml (RunModel)" time="0.01" />
  <testcase classname="ptolemy.util.test.junit.AutoTests" name="[318] /home/travis/build/icyphy/ptII/ptolemy/actor/lib/test/auto/RecursiveLattice.xml (RunModel)" time="0.009" />
  <testcase classname="ptolemy.util.test.junit.AutoTests" name="[319] /home/travis/build/icyphy/ptII/ptolemy/actor/lib/test/auto/Router.xml (RunModel)" time="3.026" />
  <testcase classname="ptolemy.util.test.junit.AutoTests" name="[320] /home/travis/build/icyphy/ptII/ptolemy/actor/lib/test/auto/Router2.xml (RunModel)" time="3.03" />
  <testcase classname="ptolemy.util.test.junit.AutoTests" name="[321] /home/travis/build/icyphy/ptII/ptolemy/actor/lib/test/auto/RunningMaximum.xml (RunModel)" time="0.018" />
  <testcase classname="ptolemy.util.test.junit.AutoTests" name="[322] /home/travis/build/icyphy/ptII/ptolemy/actor/lib/test/auto/RunningMinimum.xml (RunModel)" time="0.012" />
  <testcase classname="ptolemy.util.test.junit.AutoTests" name="[323] /home/travis/build/icyphy/ptII/ptolemy/actor/lib/test/auto/Scale.xml (RunModel)" time="0.028" />
  <testcase classname="ptolemy.util.test.junit.AutoTests" name="[324] /home/travis/build/icyphy/ptII/ptolemy/actor/lib/test/auto/Scale2.xml (RunModel)" time="0.013" />
  <testcase classname="ptolemy.util.test.junit.AutoTests" name="[325] /home/travis/build/icyphy/ptII/ptolemy/actor/lib/test/auto/Scale3.xml (RunModel)" time="0.017" />
  <testcase classname="ptolemy.util.test.junit.AutoTests" name="[326] /home/travis/build/icyphy/ptII/ptolemy/actor/lib/test/auto/ScaleArray.xml (RunModel)" time="0.012" />
  <testcase classname="ptolemy.util.test.junit.AutoTests" name="[327] /home/travis/build/icyphy/ptII/ptolemy/actor/lib/test/auto/ScaleArray2.xml (RunModel)" time="0.007" />
  <testcase classname="ptolemy.util.test.junit.AutoTests" name="[328] /home/travis/build/icyphy/ptII/ptolemy/actor/lib/test/auto/ScaleMatrix.xml (RunModel)" time="0.108" />
  <testcase classname="ptolemy.util.test.junit.AutoTests" name="[329] /home/travis/build/icyphy/ptII/ptolemy/actor/lib/test/auto/Select.xml (RunModel)" time="0.013" />
  <testcase classname="ptolemy.util.test.junit.AutoTests" name="[330] /home/travis/build/icyphy/ptII/ptolemy/actor/lib/test/auto/Select2.xml (RunModel)" time="0.009" />
  <testcase classname="ptolemy.util.test.junit.AutoTests" name="[331] /home/travis/build/icyphy/ptII/ptolemy/actor/lib/test/auto/SequenceToArray2.xml (RunModel)" time="0.134" />
  <testcase classname="ptolemy.util.test.junit.AutoTests" name="[332] /home/travis/build/icyphy/ptII/ptolemy/actor/lib/test/auto/SequentialClock.xml (RunModel)" time="0.01" />
  <testcase classname="ptolemy.util.test.junit.AutoTests" name="[333] /home/travis/build/icyphy/ptII/ptolemy/actor/lib/test/auto/SetVariable.xml (RunModel)" time="0.009" />
  <testcase classname="ptolemy.util.test.junit.AutoTests" name="[334] /home/travis/build/icyphy/ptII/ptolemy/actor/lib/test/auto/SetVariable2.xml (RunModel)" time="0.013" />
  <testcase classname="ptolemy.util.test.junit.AutoTests" name="[335] /home/travis/build/icyphy/ptII/ptolemy/actor/lib/test/auto/SetVariable3.xml (RunModel)" time="0.015" />
  <testcase classname="ptolemy.util.test.junit.AutoTests" name="[336] /home/travis/build/icyphy/ptII/ptolemy/actor/lib/test/auto/SetVariable4.xml (RunModel)" time="0.023" />
  <testcase classname="ptolemy.util.test.junit.AutoTests" name="[337] /home/travis/build/icyphy/ptII/ptolemy/actor/lib/test/auto/SetVariable5.xml (RunModel)" time="0.034" />
  <testcase classname="ptolemy.util.test.junit.AutoTests" name="[338] /home/travis/build/icyphy/ptII/ptolemy/actor/lib/test/auto/Sinewave.xml (RunModel)" time="0.023" />
  <testcase classname="ptolemy.util.test.junit.AutoTests" name="[339] /home/travis/build/icyphy/ptII/ptolemy/actor/lib/test/auto/Sinewave2.xml (RunModel)" time="0.018" />
  <testcase classname="ptolemy.util.test.junit.AutoTests" name="[340] /home/travis/build/icyphy/ptII/ptolemy/actor/lib/test/auto/Sinewave3.xml (RunModel)" time="0.03" />
  <testcase classname="ptolemy.util.test.junit.AutoTests" name="[341] /home/travis/build/icyphy/ptII/ptolemy/actor/lib/test/auto/SingleEvent.xml (RunModel)" time="0.013" />
  <testcase classname="ptolemy.util.test.junit.AutoTests" name="[342] /home/travis/build/icyphy/ptII/ptolemy/actor/lib/test/auto/Sleep.xml (RunModel)" time="6.02" />
  <testcase classname="ptolemy.util.test.junit.AutoTests" name="[343] /home/travis/build/icyphy/ptII/ptolemy/actor/lib/test/auto/SleepMultipleFire.xml (RunModel)" time="1.017" />
  <testcase classname="ptolemy.util.test.junit.AutoTests" name="[344] /home/travis/build/icyphy/ptII/ptolemy/actor/lib/test/auto/StopDE.xml (RunModel)" time="0.014" />
  <testcase classname="ptolemy.util.test.junit.AutoTests" name="[345] /home/travis/build/icyphy/ptII/ptolemy/actor/lib/test/auto/StopSDF.xml (RunModel)" time="0.01" />
  <testcase classname="ptolemy.util.test.junit.AutoTests" name="[346] /home/travis/build/icyphy/ptII/ptolemy/actor/lib/test/auto/StringConstant.xml (RunModel)" time="0.01" />
  <testcase classname="ptolemy.util.test.junit.AutoTests" name="[347] /home/travis/build/icyphy/ptII/ptolemy/actor/lib/test/auto/SubscriberPortInitialValues1.xml (RunModel)" time="0.021" />
  <testcase classname="ptolemy.util.test.junit.AutoTests" name="[348] /home/travis/build/icyphy/ptII/ptolemy/actor/lib/test/auto/SubscriberPortInitialValues13.xml (RunModel)" time="0.025" />
  <testcase classname="ptolemy.util.test.junit.AutoTests" name="[349] /home/travis/build/icyphy/ptII/ptolemy/actor/lib/test/auto/SubscriberPortInitialValues14.xml (RunModel)" time="0.013" />
  <testcase classname="ptolemy.util.test.junit.AutoTests" name="[350] /home/travis/build/icyphy/ptII/ptolemy/actor/lib/test/auto/SubscriberPortInitialValues2.xml (RunModel)" time="0.015" />
  <testcase classname="ptolemy.util.test.junit.AutoTests" name="[351] /home/travis/build/icyphy/ptII/ptolemy/actor/lib/test/auto/SubscriberPortInitialValues3.xml (RunModel)" time="0.017" />
  <testcase classname="ptolemy.util.test.junit.AutoTests" name="[352] /home/travis/build/icyphy/ptII/ptolemy/actor/lib/test/auto/SubscriptionAggregator.xml (RunModel)" time="0.01" />
  <testcase classname="ptolemy.util.test.junit.AutoTests" name="[353] /home/travis/build/icyphy/ptII/ptolemy/actor/lib/test/auto/SubscriptionAggregator2.xml (RunModel)" time="0.012" />
  <testcase classname="ptolemy.util.test.junit.AutoTests" name="[354] /home/travis/build/icyphy/ptII/ptolemy/actor/lib/test/auto/SubscriptionAggregator3.xml (RunModel)" time="0.015" />
  <testcase classname="ptolemy.util.test.junit.AutoTests" name="[355] /home/travis/build/icyphy/ptII/ptolemy/actor/lib/test/auto/SubscriptionAggregatorMultiply.xml (RunModel)" time="0.014" />
  <testcase classname="ptolemy.util.test.junit.AutoTests" name="[356] /home/travis/build/icyphy/ptII/ptolemy/actor/lib/test/auto/SubscriptionAggregatorPortMultiply1.xml (RunModel)" time="0.013" />
  <testcase classname="ptolemy.util.test.junit.AutoTests" name="[357] /home/travis/build/icyphy/ptII/ptolemy/actor/lib/test/auto/Switch.xml (RunModel)" time="0.018" />
  <testcase classname="ptolemy.util.test.junit.AutoTests" name="[358] /home/travis/build/icyphy/ptII/ptolemy/actor/lib/test/auto/Switch2.xml (RunModel)" time="0.012" />
  <testcase classname="ptolemy.util.test.junit.AutoTests" name="[359] /home/travis/build/icyphy/ptII/ptolemy/actor/lib/test/auto/SwitchDE.xml (RunModel)" time="0.012" />
  <testcase classname="ptolemy.util.test.junit.AutoTests" name="[360] /home/travis/build/icyphy/ptII/ptolemy/actor/lib/test/auto/SynchronizerDE.xml (RunModel)" time="0.019" />
  <testcase classname="ptolemy.util.test.junit.AutoTests" name="[361] /home/travis/build/icyphy/ptII/ptolemy/actor/lib/test/auto/Test.xml (RunModel)" time="0.01" />
  <testcase classname="ptolemy.util.test.junit.AutoTests" name="[362] /home/travis/build/icyphy/ptII/ptolemy/actor/lib/test/auto/TestExceptionAttribute1.xml (RunModel)" time="0.008" />
  <testcase classname="ptolemy.util.test.junit.AutoTests" name="[363] /home/travis/build/icyphy/ptII/ptolemy/actor/lib/test/auto/TestExceptionAttribute2.xml (RunModel)" time="0.008" />
  <testcase classname="ptolemy.util.test.junit.AutoTests" name="[364] /home/travis/build/icyphy/ptII/ptolemy/actor/lib/test/auto/TestExceptionAttribute3.xml (RunModel)" time="0.01" />
  <testcase classname="ptolemy.util.test.junit.AutoTests" name="[365] /home/travis/build/icyphy/ptII/ptolemy/actor/lib/test/auto/TestExceptionAttribute4.xml (RunModel)" time="0.007" />
  <testcase classname="ptolemy.util.test.junit.AutoTests" name="[366] /home/travis/build/icyphy/ptII/ptolemy/actor/lib/test/auto/TestExceptionHandler1.xml (RunModel)" time="0.007" />
  <testcase classname="ptolemy.util.test.junit.AutoTests" name="[367] /home/travis/build/icyphy/ptII/ptolemy/actor/lib/test/auto/TestExceptionHandler2.xml (RunModel)" time="0.013" />
  <testcase classname="ptolemy.util.test.junit.AutoTests" name="[368] /home/travis/build/icyphy/ptII/ptolemy/actor/lib/test/auto/TestExceptionHandler3.xml (RunModel)" time="0.005" />
  <testcase classname="ptolemy.util.test.junit.AutoTests" name="[369] /home/travis/build/icyphy/ptII/ptolemy/actor/lib/test/auto/TestExceptionHandler4.xml (RunModel)" time="0.005" />
  <testcase classname="ptolemy.util.test.junit.AutoTests" name="[370] /home/travis/build/icyphy/ptII/ptolemy/actor/lib/test/auto/TestRequireCorrectOrder.xml (RunModel)" time="0.017" />
  <testcase classname="ptolemy.util.test.junit.AutoTests" name="[371] /home/travis/build/icyphy/ptII/ptolemy/actor/lib/test/auto/TestSimple.xml (RunModel)" time="0.006" />
  <testcase classname="ptolemy.util.test.junit.AutoTests" name="[372] /home/travis/build/icyphy/ptII/ptolemy/actor/lib/test/auto/ThrowModelError.xml (RunModel)" time="0.01" />
  <testcase classname="ptolemy.util.test.junit.AutoTests" name="[373] /home/travis/build/icyphy/ptII/ptolemy/actor/lib/test/auto/TimeDelayMicrosteps.xml (RunModel)" time="0.012" />
  <testcase classname="ptolemy.util.test.junit.AutoTests" name="[374] /home/travis/build/icyphy/ptII/ptolemy/actor/lib/test/auto/TimeDelayMicrosteps2.xml (RunModel)" time="0.019" />
  <testcase classname="ptolemy.util.test.junit.AutoTests" name="[375] /home/travis/build/icyphy/ptII/ptolemy/actor/lib/test/auto/TimeDelayMicrosteps3.xml (RunModel)" time="0.012" />
  <testcase classname="ptolemy.util.test.junit.AutoTests" name="[376] /home/travis/build/icyphy/ptII/ptolemy/actor/lib/test/auto/TimeDelayVariableMicrosteps.xml (RunModel)" time="0.011" />
  <testcase classname="ptolemy.util.test.junit.AutoTests" name="[377] /home/travis/build/icyphy/ptII/ptolemy/actor/lib/test/auto/TimeGap.xml (RunModel)" time="0.013" />
  <testcase classname="ptolemy.util.test.junit.AutoTests" name="[378] /home/travis/build/icyphy/ptII/ptolemy/actor/lib/test/auto/TimeGap2.xml (RunModel)" time="0.021" />
  <testcase classname="ptolemy.util.test.junit.AutoTests" name="[379] /home/travis/build/icyphy/ptII/ptolemy/actor/lib/test/auto/TimedSinewave.xml (RunModel)" time="0.047" />
  <testcase classname="ptolemy.util.test.junit.AutoTests" name="[380] /home/travis/build/icyphy/ptII/ptolemy/actor/lib/test/auto/TimedSinewavePhase.xml (RunModel)" time="0.035" />
  <testcase classname="ptolemy.util.test.junit.AutoTests" name="[381] /home/travis/build/icyphy/ptII/ptolemy/actor/lib/test/auto/Timer.xml (RunModel)" time="0.011" />
  <testcase classname="ptolemy.util.test.junit.AutoTests" name="[382] /home/travis/build/icyphy/ptII/ptolemy/actor/lib/test/auto/TriangularDistTestModel.xml (RunModel)" time="0.016" />
  <testcase classname="ptolemy.util.test.junit.AutoTests" name="[383] /home/travis/build/icyphy/ptII/ptolemy/actor/lib/test/auto/TrigFunction.xml (RunModel)" time="0.007" />
  <testcase classname="ptolemy.util.test.junit.AutoTests" name="[384] /home/travis/build/icyphy/ptII/ptolemy/actor/lib/test/auto/TrigFunctionDE.xml (RunModel)" time="0.01" />
  <testcase classname="ptolemy.util.test.junit.AutoTests" name="[385] /home/travis/build/icyphy/ptII/ptolemy/actor/lib/test/auto/TrigFunctionInverse.xml (RunModel)" time="0.014" />
  <testcase classname="ptolemy.util.test.junit.AutoTests" name="[386] /home/travis/build/icyphy/ptII/ptolemy/actor/lib/test/auto/TrigFunctionTan.xml (RunModel)" time="0.006" />
  <testcase classname="ptolemy.util.test.junit.AutoTests" name="[387] /home/travis/build/icyphy/ptII/ptolemy/actor/lib/test/auto/TriggeredClock.xml (RunModel)" time="0.008" />
  <testcase classname="ptolemy.util.test.junit.AutoTests" name="[388] /home/travis/build/icyphy/ptII/ptolemy/actor/lib/test/auto/URLDirectoryReader.xml (RunModel)" time="0.123" />
  <testcase classname="ptolemy.util.test.junit.AutoTests" name="[389] /home/travis/build/icyphy/ptII/ptolemy/actor/lib/test/auto/URLDirectoryReader3.xml (RunModel)" time="1.732" />
  <testcase classname="ptolemy.util.test.junit.AutoTests" name="[390] /home/travis/build/icyphy/ptII/ptolemy/actor/lib/test/auto/UnaryMathFunction.xml (RunModel)" time="0.018" />
  <testcase classname="ptolemy.util.test.junit.AutoTests" name="[391] /home/travis/build/icyphy/ptII/ptolemy/actor/lib/test/auto/Uniform.xml (RunModel)" time="0.011" />
  <testcase classname="ptolemy.util.test.junit.AutoTests" name="[392] /home/travis/build/icyphy/ptII/ptolemy/actor/lib/test/auto/UnionDisassemblerTest.xml (RunModel)" time="0.016" />
  <testcase classname="ptolemy.util.test.junit.AutoTests" name="[393] /home/travis/build/icyphy/ptII/ptolemy/actor/lib/test/auto/UtilityFunctions.xml (RunModel)" time="0.008" />
  <testcase classname="ptolemy.util.test.junit.AutoTests" name="[394] /home/travis/build/icyphy/ptII/ptolemy/actor/lib/test/auto/VariableSleep.xml (RunModel)" time="0.512" />
  <testcase classname="ptolemy.util.test.junit.AutoTests" name="[395] /home/travis/build/icyphy/ptII/ptolemy/actor/lib/test/auto/VectorAssemblerDisassemblerCT.xml (RunModel)" time="0.106" />
  <testcase classname="ptolemy.util.test.junit.AutoTests" name="[396] /home/travis/build/icyphy/ptII/ptolemy/actor/lib/test/auto/VectorAssemblerDisassemblerDE.xml (RunModel)" time="0.013" />
  <testcase classname="ptolemy.util.test.junit.AutoTests" name="[397] /home/travis/build/icyphy/ptII/ptolemy/actor/lib/test/auto/VectorAssemblerDisassemblerSDF.xml (RunModel)" time="0.012" />
  <testcase classname="ptolemy.util.test.junit.AutoTests" name="[398] /home/travis/build/icyphy/ptII/ptolemy/actor/lib/test/auto/WallClockTime.xml (RunModel)" time="1.012" />
  <testcase classname="ptolemy.util.test.junit.AutoTests" name="[399] /home/travis/build/icyphy/ptII/ptolemy/actor/lib/test/auto/WidthTestWithSubscriberPublisher.xml (RunModel)" time="0.043" />
  <testcase classname="ptolemy.util.test.junit.AutoTests" name="[400] /home/travis/build/icyphy/ptII/ptolemy/actor/lib/test/auto/WidthTestWithSubscriberPublisher2.xml (RunModel)" time="0.013" />
  <testcase classname="ptolemy.util.test.junit.AutoTests" name="[401] /home/travis/build/icyphy/ptII/ptolemy/actor/lib/test/auto/WidthTestWithSubscriberPublisher3.xml (RunModel)" time="0.013" />
  <testcase classname="ptolemy.util.test.junit.AutoTests" name="[402] /home/travis/build/icyphy/ptII/ptolemy/actor/lib/test/auto/Writer.xml (RunModel)" time="0.007" />
  <testcase classname="ptolemy.util.test.junit.AutoTests" name="[403] /home/travis/build/icyphy/ptII/ptolemy/actor/lib/test/auto/array.xml (RunModel)" time="0.023" />
  <testcase classname="ptolemy.util.test.junit.AutoTests" name="[404] /home/travis/build/icyphy/ptII/ptolemy/actor/lib/test/auto/array2.xml (RunModel)" time="0.01" />
  <testcase classname="ptolemy.util.test.junit.AutoTests" name="[405] /home/travis/build/icyphy/ptII/ptolemy/actor/lib/test/auto/arrayType.xml (RunModel)" time="0.008" />
  <testcase classname="ptolemy.util.test.junit.AutoTests" name="[406] /home/travis/build/icyphy/ptII/ptolemy/actor/lib/test/auto/arrayType10.xml (RunModel)" time="0.007" />
  <testcase classname="ptolemy.util.test.junit.AutoTests" name="[407] /home/travis/build/icyphy/ptII/ptolemy/actor/lib/test/auto/arrayType11.xml (RunModel)" time="0.008" />
  <testcase classname="ptolemy.util.test.junit.AutoTests" name="[408] /home/travis/build/icyphy/ptII/ptolemy/actor/lib/test/auto/arrayType12.xml (RunModel)" time="0.008" />
  <testcase classname="ptolemy.util.test.junit.AutoTests" name="[409] /home/travis/build/icyphy/ptII/ptolemy/actor/lib/test/auto/arrayType13.xml (RunModel)" time="0.007" />
  <testcase classname="ptolemy.util.test.junit.AutoTests" name="[410] /home/travis/build/icyphy/ptII/ptolemy/actor/lib/test/auto/arrayType14.xml (RunModel)" time="0.008" />
  <testcase classname="ptolemy.util.test.junit.AutoTests" name="[411] /home/travis/build/icyphy/ptII/ptolemy/actor/lib/test/auto/arrayType15.xml (RunModel)" time="0.009" />
  <testcase classname="ptolemy.util.test.junit.AutoTests" name="[412] /home/travis/build/icyphy/ptII/ptolemy/actor/lib/test/auto/arrayType16.xml (RunModel)" time="0.009" />
  <testcase classname="ptolemy.util.test.junit.AutoTests" name="[413] /home/travis/build/icyphy/ptII/ptolemy/actor/lib/test/auto/arrayType17.xml (RunModel)" time="0.008" />
  <testcase classname="ptolemy.util.test.junit.AutoTests" name="[414] /home/travis/build/icyphy/ptII/ptolemy/actor/lib/test/auto/arrayType18.xml (RunModel)" time="0.007" />
  <testcase classname="ptolemy.util.test.junit.AutoTests" name="[415] /home/travis/build/icyphy/ptII/ptolemy/actor/lib/test/auto/arrayType19.xml (RunModel)" time="0.008" />
  <testcase classname="ptolemy.util.test.junit.AutoTests" name="[416] /home/travis/build/icyphy/ptII/ptolemy/actor/lib/test/auto/arrayType2.xml (RunModel)" time="0.008" />
  <testcase classname="ptolemy.util.test.junit.AutoTests" name="[417] /home/travis/build/icyphy/ptII/ptolemy/actor/lib/test/auto/arrayType20.xml (RunModel)" time="0.008" />
  <testcase classname="ptolemy.util.test.junit.AutoTests" name="[418] /home/travis/build/icyphy/ptII/ptolemy/actor/lib/test/auto/arrayType21.xml (RunModel)" time="0.008" />
  <testcase classname="ptolemy.util.test.junit.AutoTests" name="[419] /home/travis/build/icyphy/ptII/ptolemy/actor/lib/test/auto/arrayType22.xml (RunModel)" time="0.008" />
  <testcase classname="ptolemy.util.test.junit.AutoTests" name="[420] /home/travis/build/icyphy/ptII/ptolemy/actor/lib/test/auto/arrayType23.xml (RunModel)" time="0.008" />
  <testcase classname="ptolemy.util.test.junit.AutoTests" name="[421] /home/travis/build/icyphy/ptII/ptolemy/actor/lib/test/auto/arrayType24.xml (RunModel)" time="0.008" />
  <testcase classname="ptolemy.util.test.junit.AutoTests" name="[422] /home/travis/build/icyphy/ptII/ptolemy/actor/lib/test/auto/arrayType25.xml (RunModel)" time="0.008" />
  <testcase classname="ptolemy.util.test.junit.AutoTests" name="[423] /home/travis/build/icyphy/ptII/ptolemy/actor/lib/test/auto/arrayType26.xml (RunModel)" time="0.008" />
  <testcase classname="ptolemy.util.test.junit.AutoTests" name="[424] /home/travis/build/icyphy/ptII/ptolemy/actor/lib/test/auto/arrayType27.xml (RunModel)" time="0.01" />
  <testcase classname="ptolemy.util.test.junit.AutoTests" name="[425] /home/travis/build/icyphy/ptII/ptolemy/actor/lib/test/auto/arrayType28.xml (RunModel)" time="0.009" />
  <testcase classname="ptolemy.util.test.junit.AutoTests" name="[426] /home/travis/build/icyphy/ptII/ptolemy/actor/lib/test/auto/arrayType3.xml (RunModel)" time="0.012" />
  <testcase classname="ptolemy.util.test.junit.AutoTests" name="[427] /home/travis/build/icyphy/ptII/ptolemy/actor/lib/test/auto/arrayType4.xml (RunModel)" time="0.008" />
  <testcase classname="ptolemy.util.test.junit.AutoTests" name="[428] /home/travis/build/icyphy/ptII/ptolemy/actor/lib/test/auto/arrayType5.xml (RunModel)" time="0.021" />
  <testcase classname="ptolemy.util.test.junit.AutoTests" name="[429] /home/travis/build/icyphy/ptII/ptolemy/actor/lib/test/auto/arrayType6.xml (RunModel)" time="0.01" />
  <testcase classname="ptolemy.util.test.junit.AutoTests" name="[430] /home/travis/build/icyphy/ptII/ptolemy/actor/lib/test/auto/arrayType7.xml (RunModel)" time="0.008" />
  <testcase classname="ptolemy.util.test.junit.AutoTests" name="[431] /home/travis/build/icyphy/ptII/ptolemy/actor/lib/test/auto/arrayType8.xml (RunModel)" time="0.015" />
  <testcase classname="ptolemy.util.test.junit.AutoTests" name="[432] /home/travis/build/icyphy/ptII/ptolemy/actor/lib/test/auto/arrayType9.xml (RunModel)" time="0.007" />
  <testcase classname="ptolemy.util.test.junit.AutoTests" name="[433] /home/travis/build/icyphy/ptII/ptolemy/actor/lib/test/auto/cast.xml (RunModel)" time="0.008" />
  <testcase classname="ptolemy.util.test.junit.AutoTests" name="[434] /home/travis/build/icyphy/ptII/ptolemy/actor/lib/test/auto/compositeMultiPort.xml (RunModel)" time="0.016" />
  <testcase classname="ptolemy.util.test.junit.AutoTests" name="[435] /home/travis/build/icyphy/ptII/ptolemy/actor/lib/test/auto/expressionCastInference.xml (RunModel)" time="0.008" />
  <testcase classname="ptolemy.util.test.junit.AutoTests" name="[436] /home/travis/build/icyphy/ptII/ptolemy/actor/lib/test/auto/expressionCastInference2.xml (RunModel)" time="0.007" />
  <testcase classname="ptolemy.util.test.junit.AutoTests" name="[437] /home/travis/build/icyphy/ptII/ptolemy/actor/lib/test/auto/expressionInference.xml (RunModel)" time="0.007" />
  <testcase classname="ptolemy.util.test.junit.AutoTests" name="[438] /home/travis/build/icyphy/ptII/ptolemy/actor/lib/test/auto/expression_bug.xml (RunModel)" time="0.008" />
  <testcase classname="ptolemy.util.test.junit.AutoTests" name="[439] /home/travis/build/icyphy/ptII/ptolemy/actor/lib/test/auto/factorial.xml (RunModel)" time="0.044" />
  <testcase classname="ptolemy.util.test.junit.AutoTests" name="[440] /home/travis/build/icyphy/ptII/ptolemy/actor/lib/test/auto/filterTest1.xml (RunModel)" time="0.012" />
  <testcase classname="ptolemy.util.test.junit.AutoTests" name="[441] /home/travis/build/icyphy/ptII/ptolemy/actor/lib/test/auto/funcApplyInConst.xml (RunModel)" time="0.005" />
  <testcase classname="ptolemy.util.test.junit.AutoTests" name="[442] /home/travis/build/icyphy/ptII/ptolemy/actor/lib/test/auto/funcApplyInExpr.xml (RunModel)" time="0.008" />
  <testcase classname="ptolemy.util.test.junit.AutoTests" name="[443] /home/travis/build/icyphy/ptII/ptolemy/actor/lib/test/auto/function.xml (RunModel)" time="0.009" />
  <testcase classname="ptolemy.util.test.junit.AutoTests" name="[444] /home/travis/build/icyphy/ptII/ptolemy/actor/lib/test/auto/function2.xml (RunModel)" time="0.054" />
  <testcase classname="ptolemy.util.test.junit.AutoTests" name="[445] /home/travis/build/icyphy/ptII/ptolemy/actor/lib/test/auto/function3.xml (RunModel)" time="0.011" />
  <testcase classname="ptolemy.util.test.junit.AutoTests" name="[446] /home/travis/build/icyphy/ptII/ptolemy/actor/lib/test/auto/functionClosureTest1.xml (RunModel)" time="0.009" />
  <testcase classname="ptolemy.util.test.junit.AutoTests" name="[447] /home/travis/build/icyphy/ptII/ptolemy/actor/lib/test/auto/functionClosureTest2.xml (RunModel)" time="0.028" />
  <testcase classname="ptolemy.util.test.junit.AutoTests" name="[448] /home/travis/build/icyphy/ptII/ptolemy/actor/lib/test/auto/functionClosureTest3.xml (RunModel)" time="0.039" />
  <testcase classname="ptolemy.util.test.junit.AutoTests" name="[449] /home/travis/build/icyphy/ptII/ptolemy/actor/lib/test/auto/functionClosureTest4.xml (RunModel)" time="0.062" />
  <testcase classname="ptolemy.util.test.junit.AutoTests" name="[450] /home/travis/build/icyphy/ptII/ptolemy/actor/lib/test/auto/functionClosureTest5.xml (RunModel)" time="0.046" />
  <testcase classname="ptolemy.util.test.junit.AutoTests" name="[451] /home/travis/build/icyphy/ptII/ptolemy/actor/lib/test/auto/functionClosureTest6.xml (RunModel)" time="0.032" />
  <testcase classname="ptolemy.util.test.junit.AutoTests" name="[452] /home/travis/build/icyphy/ptII/ptolemy/actor/lib/test/auto/functionsOnArcs.xml (RunModel)" time="0.014" />
  <testcase classname="ptolemy.util.test.junit.AutoTests" name="[453] /home/travis/build/icyphy/ptII/ptolemy/actor/lib/test/auto/functionsOnArcsHOF.xml (RunModel)" time="0.011" />
  <testcase classname="ptolemy.util.test.junit.AutoTests" name="[454] /home/travis/build/icyphy/ptII/ptolemy/actor/lib/test/auto/logic.xml (RunModel)" time="0.016" />
  <testcase classname="ptolemy.util.test.junit.AutoTests" name="[455] /home/travis/build/icyphy/ptII/ptolemy/actor/lib/test/auto/matrixType.xml (RunModel)" time="0.008" />
  <testcase classname="ptolemy.util.test.junit.AutoTests" name="[456] /home/travis/build/icyphy/ptII/ptolemy/actor/lib/test/auto/matrixType10.xml (RunModel)" time="0.008" />
  <testcase classname="ptolemy.util.test.junit.AutoTests" name="[457] /home/travis/build/icyphy/ptII/ptolemy/actor/lib/test/auto/matrixType11.xml (RunModel)" time="0.009" />
  <testcase classname="ptolemy.util.test.junit.AutoTests" name="[458] /home/travis/build/icyphy/ptII/ptolemy/actor/lib/test/auto/matrixType12.xml (RunModel)" time="0.011" />
  <testcase classname="ptolemy.util.test.junit.AutoTests" name="[459] /home/travis/build/icyphy/ptII/ptolemy/actor/lib/test/auto/matrixType13.xml (RunModel)" time="0.008" />
  <testcase classname="ptolemy.util.test.junit.AutoTests" name="[460] /home/travis/build/icyphy/ptII/ptolemy/actor/lib/test/auto/matrixType14.xml (RunModel)" time="0.01" />
  <testcase classname="ptolemy.util.test.junit.AutoTests" name="[461] /home/travis/build/icyphy/ptII/ptolemy/actor/lib/test/auto/matrixType2.xml (RunModel)" time="0.008" />
  <testcase classname="ptolemy.util.test.junit.AutoTests" name="[462] /home/travis/build/icyphy/ptII/ptolemy/actor/lib/test/auto/matrixType3.xml (RunModel)" time="0.01" />
  <testcase classname="ptolemy.util.test.junit.AutoTests" name="[463] /home/travis/build/icyphy/ptII/ptolemy/actor/lib/test/auto/matrixType4.xml (RunModel)" time="0.008" />
  <testcase classname="ptolemy.util.test.junit.AutoTests" name="[464] /home/travis/build/icyphy/ptII/ptolemy/actor/lib/test/auto/matrixType5.xml (RunModel)" time="0.007" />
  <testcase classname="ptolemy.util.test.junit.AutoTests" name="[465] /home/travis/build/icyphy/ptII/ptolemy/actor/lib/test/auto/matrixType6.xml (RunModel)" time="0.008" />
  <testcase classname="ptolemy.util.test.junit.AutoTests" name="[466] /home/travis/build/icyphy/ptII/ptolemy/actor/lib/test/auto/matrixType7.xml (RunModel)" time="0.009" />
  <testcase classname="ptolemy.util.test.junit.AutoTests" name="[467] /home/travis/build/icyphy/ptII/ptolemy/actor/lib/test/auto/matrixType8.xml (RunModel)" time="0.008" />
  <testcase classname="ptolemy.util.test.junit.AutoTests" name="[468] /home/travis/build/icyphy/ptII/ptolemy/actor/lib/test/auto/matrixType9.xml (RunModel)" time="0.008" />
  <testcase classname="ptolemy.util.test.junit.AutoTests" name="[469] /home/travis/build/icyphy/ptII/ptolemy/actor/lib/test/auto/paraFunctest.xml (RunModel)" time="0.007" />
  <testcase classname="ptolemy.util.test.junit.AutoTests" name="[470] /home/travis/build/icyphy/ptII/ptolemy/actor/lib/test/auto/paraFunctest2.xml (RunModel)" time="0.011" />
  <testcase classname="ptolemy.util.test.junit.AutoTests" name="[471] /home/travis/build/icyphy/ptII/ptolemy/actor/lib/test/auto/parameterPassing.xml (RunModel)" time="0.007" />
  <testcase classname="ptolemy.util.test.junit.AutoTests" name="[472] /home/travis/build/icyphy/ptII/ptolemy/actor/lib/test/auto/record.xml (RunModel)" time="0.011" />
  <testcase classname="ptolemy.util.test.junit.AutoTests" name="[473] /home/travis/build/icyphy/ptII/ptolemy/actor/lib/test/auto/sizedarray1.xml (RunModel)" time="0.009" />
  <testcase classname="ptolemy.util.test.junit.AutoTests" name="[474] /home/travis/build/icyphy/ptII/ptolemy/actor/lib/test/auto/sizedarray2.xml (RunModel)" time="0.009" />
  <testcase classname="ptolemy.util.test.junit.AutoTests" name="[475] /home/travis/build/icyphy/ptII/ptolemy/actor/lib/test/auto/twoPublishers.xml (RunModel)" time="0.021" />
  <system-out><![CDATA[/home/travis/build/icyphy/ptII/ptolemy/actor/lib/test/AbsoluteValue.tcl
testDefs.tcl: setting time out to 9000 seconds at Tue Jan 21 12:20:37 UTC 2020
128 ms. Memory: 129024K Free: 92613K (72%)
9 ms. Memory: 129024K Free: 91080K (71%)
5 ms. Memory: 129024K Free: 90056K (70%)
10 ms. Memory: 129024K Free: 89511K (69%)
/home/travis/build/icyphy/ptII/ptolemy/actor/lib/test/AddSubtract.tcl
14 ms. Memory: 129024K Free: 87487K (68%)
5 ms. Memory: 129024K Free: 86984K (67%)
7 ms. Memory: 129024K Free: 85960K (67%)
16 ms. Memory: 129024K Free: 84936K (66%)
82 ms. Memory: 129024K Free: 82374K (64%)
12 ms. Memory: 129024K Free: 81350K (63%)
/home/travis/build/icyphy/ptII/ptolemy/actor/lib/test/Average.tcl
11 ms. Memory: 129024K Free: 79816K (62%)
20 ms. Memory: 129024K Free: 78792K (61%)
/home/travis/build/icyphy/ptII/ptolemy/actor/lib/test/Bernoulli.tcl
6 ms. Memory: 129024K Free: 77239K (60%)
2 ms. Memory: 129024K Free: 76744K (59%)
/home/travis/build/icyphy/ptII/ptolemy/actor/lib/test/Clock.tcl
preinitializing
resolving types
initializing
executing number 1
wrapping up
idle
34 ms. Memory: 129024K Free: 74182K (57%)
Completed execution with 5 iterations
preinitializing
resolving types
initializing
executing number 1
wrapping up
idle
8 ms. Memory: 129024K Free: 73151K (57%)
Completed execution with 5 iterations
preinitializing
resolving types
initializing
executing number 1
wrapping up
idle
9 ms. Memory: 129024K Free: 72648K (56%)
Completed execution with 5 iterations
/home/travis/build/icyphy/ptII/ptolemy/actor/lib/test/Commutator.tcl
15 ms. Memory: 129024K Free: 70600K (55%)
15 ms. Memory: 129024K Free: 69576K (54%)
12 ms. Memory: 129024K Free: 63935K (50%)
/home/travis/build/icyphy/ptII/ptolemy/actor/lib/test/Const.tcl
12 ms. Memory: 129024K Free: 62408K (48%)
3 ms. Memory: 129024K Free: 61863K (48%)
5 ms. Memory: 129024K Free: 61384K (48%)
2 ms. Memory: 129024K Free: 60870K (47%)
5 ms. Memory: 129024K Free: 59846K (46%)
21 ms. Memory: 129024K Free: 58312K (45%)
10 ms. Memory: 129024K Free: 57288K (44%)
11 ms. Memory: 129024K Free: 56743K (44%)
/home/travis/build/icyphy/ptII/ptolemy/actor/lib/test/CurrentTime.tcl
preinitializing
resolving types
initializing
executing number 1
wrapping up
idle
11 ms. Memory: 129024K Free: 54726K (42%)
Completed execution with 11 iterations
/home/travis/build/icyphy/ptII/ptolemy/actor/lib/test/DB.tcl
9 ms. Memory: 129024K Free: 52678K (41%)
1 ms. Memory: 129024K Free: 52168K (40%)
6 ms. Memory: 129024K Free: 52168K (40%)
/home/travis/build/icyphy/ptII/ptolemy/actor/lib/test/DiscreteRandomSource.tcl
preinitializing
resolving types
initializing
executing number 1
wrapping up
idle
10 ms. Memory: 129024K Free: 50630K (39%)
Completed execution with 4 iterations
preinitializing
resolving types
initializing
executing number 1
wrapping up
idle
3 ms. Memory: 129024K Free: 50120K (39%)
Completed execution with 4 iterations
preinitializing
resolving types
initializing
executing number 1
wrapping up
idle
2 ms. Memory: 129024K Free: 49606K (38%)
Completed execution with 4 iterations
preinitializing
resolving types
initializing
executing number 1
wrapping up
idle
3 ms. Memory: 129024K Free: 49096K (38%)
Completed execution with 4 iterations
preinitializing
resolving types
initializing
executing number 1
wrapping up
idle
4 ms. Memory: 129024K Free: 48551K (38%)
Completed execution with 4 iterations
/home/travis/build/icyphy/ptII/ptolemy/actor/lib/test/Distributor.tcl
27 ms. Memory: 129024K Free: 113633K (88%)
8 ms. Memory: 129024K Free: 112743K (87%)
StreamChangeRequest.changeExecuted(): <deleteEntity name="rec2"/> succeeded
StreamChangeRequest.changeExecuted(): <deleteRelation name="r2"/> succeeded
StreamChangeRequest.changeExecuted(): Record firings per iteration succeeded
5 ms. Memory: 129024K Free: 110115K (85%)
/home/travis/build/icyphy/ptII/ptolemy/actor/lib/test/Exit.tcl
Exit.tcl: this will print a message about Manager.exitAfterWrapup, which can be ignored.
4 ms. Memory: 129024K Free: 107108K (83%)
/home/travis/build/icyphy/ptII/ptolemy/actor/lib/test/Expression.tcl
14 ms. Memory: 129024K Free: 103971K (81%)
4 ms. Memory: 129024K Free: 103393K (80%)
3 ms. Memory: 129024K Free: 102503K (79%)
preinitializing
resolving types
initializing
executing number 1
wrapping up
idle
8 ms. Memory: 129024K Free: 100885K (78%)
Completed execution with 6 iterations
7 ms. Memory: 129024K Free: 100321K (78%)
5 ms. Memory: 129024K Free: 99431K (77%)
12 ms. Memory: 129024K Free: 98407K (76%)
4 ms. Memory: 129024K Free: 96789K (75%)
9 ms. Memory: 129024K Free: 95779K (74%)
/home/travis/build/icyphy/ptII/ptolemy/actor/lib/test/Gaussian.tcl
6 ms. Memory: 129024K Free: 94177K (73%)
sleeping 1 seconds: .................................................................................................................................................................................................................................................................................................................................................................................................................................................................................................................................................................................................................................................................................................................................................................................................................................................................................................................................................................................................................................................................................................................................................................................................................................................................................................................................................................................................................................................................................................................................................................................................................................................................................................................................................................................................................................................................................................................................................................................................................................................................................................................................................................................................................................................................................................................................................................................................................................................................................................................................................................................................................................................................................................................................................................................................................................................................................................................................................................................................................................................................................................................................................................................................................................................................................................................................................................................................................................................................................................................................................................................................................................................................................................................................................................................................................................................................................................................................................................................................................................................................................................................................................................................................................................................................................................................................................................................................................................................................................................................................................................................................................................................................................................................................................................................................................................................................................................................................................................................................................................................................................................................................................................................................................................................................................................................................................................................................................................................................................................................................................................................................................................................................................................................................................................................................................................................................................................................................................................................................................................................................................................................................................................................................................................................................................................................................................................................................................................................................................................................................................................................................................................................................................................................................................................................................................................................................................................................................................................................................................................................................................................................................................................................................................................................................................................................................................................................................................................................................................................................................................................................................................................................................................................................................................................................................................................................................................................................................................................................................................................................................................................................................................................................................................................................................................................................................................................................................................................................................................................................................................................................................................................................................................................................................................................................................................................................................................................................................................................................................................................................................................................................................................................................................................................................................................................................................................................................................................................................................................................................................................................................................................................................................................................................................................................................................................................................................................................................................................................................................................................................................................................................................................................................................................................................................................................................................................................................................................................................................................................................................................................................................................................................................................................................................................................................................................................................................................................................................................................................................................................................................................................................................................................................................................................................................................................................................................................................................................................................................................................................................................................................................................................................................................................................................................................................................................................................................................................................................................................................................................................................................................................................................................................................................................................................................................................................................................................................................................................................................................................................................................................................................................................................................................................................................................................................................................................................................................................................................................................................................................................................................................................................................................................................................................................................................................................................................................................................................................................................................................................................................................................................................................................................................................................................................................................................................................................................................................................................................................................................................................................................................................................................................................................................................................................................................................................................................................................................................................................................................................................................................................................................................................................................................................................................................................................................................................................................................................................................................................................................................................................................................................................................................................................................................................................................................................................................................................................................................................................................................................................................................................................................................................................................................................................................................................................................................................................................................................................................................................................................................................................................................................................................................................................................................................................................................................................................................................................................................................................................................................................................................................................................................................................................................................................................................................................................................................................................................................................................................................................................................................................................................................................................................................................................................................................................................................................................................................................................................................................................................................................................................................................................................................................................................................................................................................................................................................................................................................................................................................................................................................................................................................................................................................................................................................................................................................................................................................................................................................................................................................................................................................................................................................................................................................................................................................................................................................................................................................................................................................................................................................................................................................................................................................................................................................................................................................................................................................................................................................................................................................................................................................................................................................................................................................................................................................................................................................................................................................................................................................................................................................................................................................................................................................................................................................................................................................................................................................................................................................................................................................................................................................................................................................................................................................................................................................................................................................................................................................................................................................................................................................................................................................................................................................................................................................................................................................................................................................................................................................................................................................................................................................................................................................................................................................................................................................................................................................................................................................................................................................................................................................................................................................................................................................................................................................................................................................................................................................................................................................................................................................................................................................................................................................................................................................................................................................................................................................................................................................................................................................................................................................................................................................................................................................................................................................................................................................................................................................................................................................................................................................................................................................................................................................................................................................................................................................................................................................................................................................................................................................................................................................................................................................................................................................................................................................................................................................................................................................................................................................................................................................................................................................................................................................................................................................................................................................................................................................................................................................................................................................................................................................................................................................................................................................................................................................................................................................................................................................................................................................................................................................................................................................................................................................................................................................................................................................................................................................................................................................................................................................................................................................................................................................................................................................................................................................................................................................................................................................................................................................................................................................................................................................................................................................................................................................................................................................................................................................................................................................................................................................................................................................................................................................................3 ms. Memory: 129024K Free: 94692K (73%)
2 ms. Memory: 129024K Free: 94164K (73%)
2 ms. Memory: 129024K Free: 93668K (73%)
3 ms. Memory: 129024K Free: 92955K (72%)
3 ms. Memory: 129024K Free: 92116K (71%)
/home/travis/build/icyphy/ptII/ptolemy/actor/lib/test/IIR.tcl
/home/travis/build/icyphy/ptII/ptolemy/actor/lib/test/Interpolator.tcl
3 ms. Memory: 129024K Free: 88548K (69%)
1 ms. Memory: 129024K Free: 88034K (68%)
2 ms. Memory: 129024K Free: 87010K (67%)
2 ms. Memory: 129024K Free: 86500K (67%)
2 ms. Memory: 129024K Free: 85972K (67%)
2 ms. Memory: 129024K Free: 84956K (66%)
2 ms. Memory: 129024K Free: 83924K (65%)
2 ms. Memory: 129024K Free: 82914K (64%)
2 ms. Memory: 129024K Free: 82404K (64%)
2 ms. Memory: 129024K Free: 81380K (63%)
/home/travis/build/icyphy/ptII/ptolemy/actor/lib/test/MathFunction.tcl
4 ms. Memory: 129024K Free: 79332K (61%)
2 ms. Memory: 129024K Free: 78308K (61%)
2 ms. Memory: 129024K Free: 77284K (60%)
2 ms. Memory: 129024K Free: 76260K (59%)
9 ms. Memory: 129024K Free: 75236K (58%)
7 ms. Memory: 129024K Free: 73188K (57%)
/home/travis/build/icyphy/ptII/ptolemy/actor/lib/test/Maximum.tcl
5 ms. Memory: 129024K Free: 71140K (55%)
3 ms. Memory: 129024K Free: 70596K (55%)
9 ms. Memory: 129024K Free: 70116K (54%)
4 ms. Memory: 129024K Free: 69092K (54%)
/home/travis/build/icyphy/ptII/ptolemy/actor/lib/test/Minimum.tcl
7 ms. Memory: 129024K Free: 67524K (52%)
4 ms. Memory: 129024K Free: 67044K (52%)
3 ms. Memory: 129024K Free: 66500K (52%)
2 ms. Memory: 129024K Free: 65492K (51%)
/home/travis/build/icyphy/ptII/ptolemy/actor/lib/test/MultiplyDivide.tcl
4 ms. Memory: 129024K Free: 63458K (49%)
4 ms. Memory: 129024K Free: 62948K (49%)
2 ms. Memory: 129024K Free: 62420K (48%)
5 ms. Memory: 129024K Free: 61410K (48%)
4 ms. Memory: 129024K Free: 60900K (47%)
/home/travis/build/icyphy/ptII/ptolemy/actor/lib/test/OrderedMerge.tcl
Connections changed on port: inputA
Connections changed on port: inputB
Connections changed on port: output
Connections changed on port: output
Connections changed on port: output
Connections changed on port: input
.top. Preinitializing ...
Invoking preinitialize():  .top.OrderedMerge
Called preinitialize()
Invoking preinitialize():  .top.Ramp
Called preinitialize()
Invoking preinitialize():  .top.Ramp2
Called preinitialize()
Invoking preinitialize():  .top.Test
Called preinitialize()
Connections changed on port: inputA
Connections changed on port: output
Connections changed on port: output
Connections changed on port: input
Connections changed on port: inputB
Connections changed on port: output
.top. Finished preinitialize().
Called initialize().
Invoking initialize():  .top.OrderedMerge
Initializing actor: .top.OrderedMerge
Adding a thread: .top.OrderedMerge
Invoking initialize():  .top.Ramp
Initializing actor: .top.Ramp
Adding a thread: .top.Ramp
Invoking initialize():  .top.Ramp2
Initializing actor: .top.Ramp2
Adding a thread: .top.Ramp2
Invoking initialize():  .top.Test
Initializing actor: .top.Test
Adding a thread: .top.Test
Called fire().
Checking for deadlock:
-- Starting thread.
Called initialize()
Called prefire()
Called fire()
-- Starting thread.
Called initialize()
Called prefire()
Called fire()
There are 0 Blocked actors, 0 Stopped actors, and 4 active threads.
Waiting for actors to stop.
Called postfire()
Called prefire()
Called fire()
-- Starting thread.
Called initialize()
Called prefire()
Called fire()
Called postfire()
Called prefire()
Called fire()
-- Starting thread.
Called initialize()
Called prefire()
Called fire()
Read input token from inputA with value 0.0
Next port to read input from is inputB
Called postfire()
Called prefire()
Called fire()
Read input token from inputB with value 0.0
Sent output token with value 0.0
Next port to read input from is inputA
Called postfire()
Called prefire()
Called fire()
Checking for deadlock:
There are 1 Blocked actors, 0 Stopped actors, and 4 active threads.
Waiting for actors to stop.
Called postfire()
Called prefire()
Called fire()
Called postfire()
Called prefire()
Called fire()
Checking for deadlock:
There are 2 Blocked actors, 0 Stopped actors, and 4 active threads.
Waiting for actors to stop.
Called postfire()
Called prefire()
Called fire()
Read input token from inputA with value 1.0
Sent output token with value 0.0
Next port to read input from is inputB
Called postfire()
Called prefire()
Called fire()
-- Read input: 0.0, which is expected to match: 0.0
Read input token from inputB with value 1.5
Checking for deadlock:
Called prefire()
Called fire()
There are 2 Blocked actors, 0 Stopped actors, and 4 active threads.
Waiting for actors to stop.
-- Read input: 0.0, which is expected to match: 0.0
Called postfire()
Called prefire()
Called fire()
Checking for deadlock:
There are 2 Blocked actors, 0 Stopped actors, and 4 active threads.
Waiting for actors to stop.
Sent output token with value 1.0
Next port to read input from is inputA
Called postfire()
Called prefire()
Called fire()
Called postfire()
Called prefire()
Called fire()
Read input token from inputA with value 2.0
Checking for deadlock:
There are 3 Blocked actors, 0 Stopped actors, and 4 active threads.
Waiting for actors to stop.
Called prefire()
Called fire()
-- Read input: 1.0, which is expected to match: 1.0
Checking for deadlock:
There are 2 Blocked actors, 0 Stopped actors, and 4 active threads.
Called prefire()
Sent output token with value 1.5
Called fire()
Next port to read input from is inputB
Called postfire()
Called prefire()
Called fire()
Waiting for actors to stop.
Read input token from inputB with value 3.0
Checking for deadlock:
There are 1 Blocked actors, 0 Stopped actors, and 4 active threads.
-- Read input: 1.5, which is expected to match: 1.5
Sent output token with value 2.0
Next port to read input from is inputA
Called postfire()
Called prefire()
Called fire()
Waiting for actors to stop.
Called postfire()
Called prefire()
Called fire()
Called postfire()
Called prefire()
Called prefire()
Called fire()
Read input token from inputA with value 3.0
-- Read input: 2.0, which is expected to match: 2.0
Sent output token with value 3.0
Called prefire()
Called fire()
Next port to read input from is inputB
Called postfire()
Called prefire()
Called fire()
-- Read input: 3.0, which is expected to match: 3.0
Called prefire()
Called fire()
Read input token from inputB with value 4.5
Called fire()
Sent output token with value 3.0
Next port to read input from is inputA
Called postfire()
Called prefire()
Called fire()
Read input token from inputA with value 4.0
Checking for deadlock:
There are 1 Blocked actors, 0 Stopped actors, and 4 active threads.
Waiting for actors to stop.
Called postfire()
Called prefire()
Called fire()
Called postfire()
Called prefire()
-- Read input: 3.0, which is expected to match: 3.0
Called fire()
Called prefire()
Called fire()
Checking for deadlock:
There are 3 Blocked actors, 0 Stopped actors, and 4 active threads.
Waiting for actors to stop.
Checking for deadlock:
There are 2 Blocked actors, 0 Stopped actors, and 4 active threads.
Waiting for actors to stop.
Sent output token with value 4.0
Next port to read input from is inputA
Called postfire()
Called prefire()
Called fire()
Read input token from inputA with value 5.0
Checking for deadlock:
There are 1 Blocked actors, 0 Stopped actors, and 4 active threads.
Waiting for actors to stop.
-- Read input: 4.0, which is expected to match: 4.0
Called prefire()
Called fire()
Past the end of training data. Read and discard all inputs.
Called postfire()
Called prefire()
Checking for deadlock:
Called fire()
There are 2 Blocked actors, 0 Stopped actors, and 4 active threads.
Waiting for actors to stop.
Checking for deadlock:
There are 3 Blocked actors, 0 Stopped actors, and 4 active threads.
Waiting for actors to stop.
Called prefire()
Called fire()
Past the end of training data. Read and discard all inputs.
Checking for deadlock:
There are 3 Blocked actors, 0 Stopped actors, and 4 active threads.
Waiting for actors to stop.
Sent output token with value 4.5
Next port to read input from is inputB
Called postfire()
Called prefire()
Called fire()
Checking for deadlock:
There are 2 Blocked actors, 0 Stopped actors, and 4 active threads.
Waiting for actors to stop.
Called postfire()
Called prefire()
Called fire()
Checking for deadlock:
Read input token from inputB with value 6.0
There are 3 Blocked actors, 0 Stopped actors, and 4 active threads.
Waiting for actors to stop.
Checking for deadlock:
There are 2 Blocked actors, 0 Stopped actors, and 4 active threads.
Waiting for actors to stop.
Called prefire()
Called fire()
Past the end of training data. Read and discard all inputs.
Checking for deadlock:
There are 3 Blocked actors, 0 Stopped actors, and 4 active threads.
Waiting for actors to stop.
Sent output token with value 5.0
Next port to read input from is inputA
Called postfire()
Called prefire()
Called fire()
Checking for deadlock:
There are 2 Blocked actors, 0 Stopped actors, and 4 active threads.
Waiting for actors to stop.
Read input token from inputA with value 6.0
Called postfire()
Called prefire()
Called fire()
Checking for deadlock:
There are 3 Blocked actors, 0 Stopped actors, and 4 active threads.
Waiting for actors to stop.
Checking for deadlock:
There are 2 Blocked actors, 0 Stopped actors, and 4 active threads.
Waiting for actors to stop.
Sent output token with value 6.0
Called prefire()
Called fire()
Past the end of training data. Read and discard all inputs.
Checking for deadlock:
There are 3 Blocked actors, 0 Stopped actors, and 4 active threads.
Waiting for actors to stop.
Next port to read input from is inputB
Called postfire()
Called prefire()
Called fire()
Checking for deadlock:
There are 2 Blocked actors, 0 Stopped actors, and 4 active threads.
Waiting for actors to stop.
Called postfire()
Called prefire()
Called fire()
Checking for deadlock:
There are 3 Blocked actors, 0 Stopped actors, and 4 active threads.
Waiting for actors to stop.
Read input token from inputB with value 7.5
Checking for deadlock:
Called prefire()
Called fire()
There are 2 Blocked actors, 0 Stopped actors, and 4 active threads.
Past the end of training data. Read and discard all inputs.
Waiting for actors to stop.
Checking for deadlock:
There are 3 Blocked actors, 0 Stopped actors, and 4 active threads.
Waiting for actors to stop.
Sent output token with value 6.0
Next port to read input from is inputA
Called postfire()
Called prefire()
Called fire()
Checking for deadlock:
There are 2 Blocked actors, 0 Stopped actors, and 4 active threads.
Waiting for actors to stop.
Called postfire()
Called prefire()
Called fire()
Checking for deadlock:
There are 3 Blocked actors, 0 Stopped actors, and 4 active threads.
Waiting for actors to stop.
Read input token from inputA with value 7.0
Checking for deadlock:
There are 2 Blocked actors, 0 Stopped actors, and 4 active threads.
Waiting for actors to stop.
Called prefire()
Called fire()
Past the end of training data. Read and discard all inputs.
Checking for deadlock:
There are 3 Blocked actors, 0 Stopped actors, and 4 active threads.
Waiting for actors to stop.
Sent output token with value 7.0
Next port to read input from is inputA
Called postfire()
Called prefire()
Called fire()
Checking for deadlock:
There are 2 Blocked actors, 0 Stopped actors, and 4 active threads.
Waiting for actors to stop.
-- Thread wrapup() called.
Called wrapup()
Thread .top.Ramp is exiting.
-- Thread stopped.
Checking for deadlock:
There are 2 Blocked actors, 0 Stopped actors, and 3 active threads.
Waiting for actors to stop.
Read input token from inputA with value 8.0
Checking for deadlock:
There are 1 Blocked actors, 0 Stopped actors, and 3 active threads.
Waiting for actors to stop.
Called prefire()
Called fire()
Past the end of training data. Read and discard all inputs.
Checking for deadlock:
There are 2 Blocked actors, 0 Stopped actors, and 3 active threads.
Waiting for actors to stop.
Sent output token with value 7.5
Next port to read input from is inputB
Called postfire()
Called prefire()
Called fire()
Checking for deadlock:
There are 1 Blocked actors, 0 Stopped actors, and 3 active threads.
Waiting for actors to stop.
Called postfire()
Called prefire()
Called fire()
Checking for deadlock:
There are 2 Blocked actors, 0 Stopped actors, and 3 active threads.
Waiting for actors to stop.
Read input token from inputB with value 9.0
Checking for deadlock:
Called prefire()
Called fire()
There are 1 Blocked actors, 0 Stopped actors, and 3 active threads.
Waiting for actors to stop.
Past the end of training data. Read and discard all inputs.
Checking for deadlock:
There are 2 Blocked actors, 0 Stopped actors, and 3 active threads.
Waiting for actors to stop.
Sent output token with value 8.0
Next port to read input from is inputA
Called postfire()
Called prefire()
Called fire()
Read input token from inputA with value 9.0
Checking for deadlock:
There are 1 Blocked actors, 0 Stopped actors, and 3 active threads.
Waiting for actors to stop.
Sent output token with value 9.0
Called prefire()
Called fire()
Past the end of training data. Read and discard all inputs.
Checking for deadlock:
There are 2 Blocked actors, 0 Stopped actors, and 3 active threads.
Waiting for actors to stop.
Next port to read input from is inputB
Called postfire()
Called prefire()
Called fire()
Checking for deadlock:
There are 1 Blocked actors, 0 Stopped actors, and 3 active threads.
Waiting for actors to stop.
Called postfire()
Called prefire()
Called fire()
Checking for deadlock:
There are 2 Blocked actors, 0 Stopped actors, and 3 active threads.
Waiting for actors to stop.
Read input token from inputB with value 10.5
Checking for deadlock:
Called prefire()
There are 1 Blocked actors, 0 Stopped actors, and 3 active threads.
Waiting for actors to stop.
Called fire()
Past the end of training data. Read and discard all inputs.
Checking for deadlock:
There are 2 Blocked actors, 0 Stopped actors, and 3 active threads.
Waiting for actors to stop.
Sent output token with value 9.0
Next port to read input from is inputA
Called postfire()
Called prefire()
Called fire()
Checking for deadlock:
There are 3 Blocked actors, 0 Stopped actors, and 3 active threads.
Actors have stopped.
Checking for deadlock:
There are 3 Blocked actors, 0 Stopped actors, and 3 active threads.
Deadlock detected.
Resolving Deadlock
Checking for deadlock:
There are 3 Blocked actors, 0 Stopped actors, and 3 active threads.
Artificial Deadlock - increasing queue capacity.
increasing the capacity of receiver ptolemy.actor.TypedIOPort {.top.OrderedMerge.inputB} to 2
Director: Called postfire().
Called postfire().
-- Thread wrapup() called.
Called wrapup()
_stopRequested = false
_stopFireRequested = false
Returning from postfire(): true
Thread .top.Ramp2 is exiting.
-- Thread stopped.
Called fire().
Checking for deadlock:
There are 2 Blocked actors, 0 Stopped actors, and 2 active threads.
Actors have stopped.
Checking for deadlock:
There are 2 Blocked actors, 0 Stopped actors, and 2 active threads.
Deadlock detected.
Resolving Deadlock
Checking for deadlock:
There are 2 Blocked actors, 0 Stopped actors, and 2 active threads.
Deadlock detected: no processes blocked on write, but some are blocked on read.
Called postfire().
_stopRequested = false
_stopFireRequested = false
Returning from postfire(): false
Finished deactivating branches.
Called wrapup().
-- Thread wrapup() called.
Called wrapup()
Thread .top.OrderedMerge is exiting.
-- Thread stopped.
-- Blocked Receiver call threw TerminateProcessException.
-- Thread wrapup() called.
Called wrapup()
Thread .top.Test is exiting.
-- Thread stopped.
-- Blocked Receiver call threw TerminateProcessException.
62 ms. Memory: 129024K Free: 55780K (43%)
.top. Preinitializing ...
Invoking preinitialize():  .top.OrderedMerge
Called preinitialize()
Invoking preinitialize():  .top.Ramp
Called preinitialize()
Invoking preinitialize():  .top.Ramp2
Called preinitialize()
Invoking preinitialize():  .top.Test
Called preinitialize()
.top. Finished preinitialize().
Called initialize().
Invoking initialize():  .top.OrderedMerge
Initializing actor: .top.OrderedMerge
Adding a thread: .top.OrderedMerge
Invoking initialize():  .top.Ramp
Initializing actor: .top.Ramp
Adding a thread: .top.Ramp
Invoking initialize():  .top.Ramp2
Initializing actor: .top.Ramp2
Adding a thread: .top.Ramp2
Invoking initialize():  .top.Test
Initializing actor: .top.Test
Adding a thread: .top.Test
-- Starting thread.
Called initialize()
Called prefire()
Called fire()
-- Starting thread.
Called initialize()
Called prefire()
Called fire()
Called postfire()
Called prefire()
Called fire()
-- Starting thread.
Called initialize()
Called prefire()
Called fire()
Called postfire()
Called prefire()
Called fire()
Called fire().
Checking for deadlock:
There are 3 Blocked actors, 0 Stopped actors, and 4 active threads.
Waiting for actors to stop.
-- Starting thread.
Called initialize()
Called prefire()
Called fire()
Checking for deadlock:
There are 2 Blocked actors, 0 Stopped actors, and 4 active threads.
Waiting for actors to stop.
Called postfire()
Called prefire()
Called fire()
Checking for deadlock:
There are 3 Blocked actors, 0 Stopped actors, and 4 active threads.
Waiting for actors to stop.
Read input token from inputA with value 0.0
Next port to read input from is inputB
Called postfire()
Called prefire()
Called fire()
Called postfire()
Called prefire()
Called fire()
Checking for deadlock:
There are 3 Blocked actors, 0 Stopped actors, and 4 active threads.
Waiting for actors to stop.
Read input token from inputB with value 0.0
-- Read input: 0.0, which is expected to match: 0.0
Called prefire()
Called fire()
Checking for deadlock:
There are 3 Blocked actors, 0 Stopped actors, and 4 active threads.
Waiting for actors to stop.
Sent output token with value 0.0
Next port to read input from is inputA
Called postfire()
Called prefire()
Called fire()
Read input token from inputA with value 1.0
Checking for deadlock:
There are 2 Blocked actors, 0 Stopped actors, and 4 active threads.
Waiting for actors to stop.
Called postfire()
Called prefire()
Called fire()
Checking for deadlock:
There are 2 Blocked actors, 0 Stopped actors, and 4 active threads.
Waiting for actors to stop.
-- Read input: 0.0, which is expected to match: 0.0
Called prefire()
Called fire()
Checking for deadlock:
There are 3 Blocked actors, 0 Stopped actors, and 4 active threads.
Waiting for actors to stop.
Sent output token with value 0.0
Next port to read input from is inputB
Called postfire()
Called prefire()
Called fire()
Called postfire()
Called prefire()
Called fire()
Checking for deadlock:
There are 3 Blocked actors, 0 Stopped actors, and 4 active threads.
Waiting for actors to stop.
Read input token from inputB with value 1.5
-- Read input: 1.0, which is expected to match: 1.0
Called prefire()
Called fire()
Checking for deadlock:
There are 3 Blocked actors, 0 Stopped actors, and 4 active threads.
Waiting for actors to stop.
Sent output token with value 1.0
Next port to read input from is inputA
Called postfire()
Called prefire()
Called fire()
Checking for deadlock:
There are 2 Blocked actors, 0 Stopped actors, and 4 active threads.
Waiting for actors to stop.
Called postfire()
Called prefire()
Called fire()
Checking for deadlock:
There are 3 Blocked actors, 0 Stopped actors, and 4 active threads.
Waiting for actors to stop.
Read input token from inputA with value 2.0
Checking for deadlock:
There are 2 Blocked actors, 0 Stopped actors, and 4 active threads.
Waiting for actors to stop.
-- Read input: 1.5, which is expected to match: 1.5
Called prefire()
Called fire()
Checking for deadlock:
There are 3 Blocked actors, 0 Stopped actors, and 4 active threads.
Waiting for actors to stop.
Sent output token with value 1.5
Next port to read input from is inputB
Called postfire()
Called prefire()
Called fire()
Checking for deadlock:
There are 2 Blocked actors, 0 Stopped actors, and 4 active threads.
Waiting for actors to stop.
Called postfire()
Called prefire()
Called fire()
Checking for deadlock:
There are 3 Blocked actors, 0 Stopped actors, and 4 active threads.
Waiting for actors to stop.
Read input token from inputB with value 3.0
Checking for deadlock:
There are 2 Blocked actors, 0 Stopped actors, and 4 active threads.
Waiting for actors to stop.
-- Read input: 2.0, which is expected to match: 2.0
Called prefire()
Called fire()
Checking for deadlock:
There are 3 Blocked actors, 0 Stopped actors, and 4 active threads.
Waiting for actors to stop.
Sent output token with value 2.0
Next port to read input from is inputA
Called postfire()
Called prefire()
Called fire()
Checking for deadlock:
There are 2 Blocked actors, 0 Stopped actors, and 4 active threads.
Waiting for actors to stop.
Called postfire()
Called prefire()
Called fire()
Checking for deadlock:
There are 3 Blocked actors, 0 Stopped actors, and 4 active threads.
Waiting for actors to stop.
Read input token from inputA with value 3.0
Checking for deadlock:
There are 2 Blocked actors, 0 Stopped actors, and 4 active threads.
Waiting for actors to stop.
-- Read input: 3.0, which is expected to match: 3.0
Called prefire()
Called fire()
Checking for deadlock:
There are 3 Blocked actors, 0 Stopped actors, and 4 active threads.
Waiting for actors to stop.
Sent output token with value 3.0
Next port to read input from is inputB
Called postfire()
Called prefire()
Called fire()
Called postfire()
Called prefire()
Called fire()
Checking for deadlock:
There are 3 Blocked actors, 0 Stopped actors, and 4 active threads.
Waiting for actors to stop.
Read input token from inputB with value 4.5
Checking for deadlock:
There are 2 Blocked actors, 0 Stopped actors, and 4 active threads.
Waiting for actors to stop.
-- Read input: 3.0, which is expected to match: 3.0
Called prefire()
Called fire()
Checking for deadlock:
There are 3 Blocked actors, 0 Stopped actors, and 4 active threads.
Waiting for actors to stop.
Sent output token with value 3.0
Next port to read input from is inputA
Called postfire()
Called prefire()
Called fire()
Checking for deadlock:
There are 2 Blocked actors, 0 Stopped actors, and 4 active threads.
Waiting for actors to stop.
Called postfire()
Called prefire()
Called fire()
Checking for deadlock:
There are 3 Blocked actors, 0 Stopped actors, and 4 active threads.
Waiting for actors to stop.
Read input token from inputA with value 4.0
Checking for deadlock:
There are 2 Blocked actors, 0 Stopped actors, and 4 active threads.
Waiting for actors to stop.
-- Read input: 4.0, which is expected to match: 4.0
Called prefire()
Called fire()
Past the end of training data. Read and discard all inputs.
Checking for deadlock:
There are 3 Blocked actors, 0 Stopped actors, and 4 active threads.
Waiting for actors to stop.
Sent output token with value 4.0
Next port to read input from is inputA
Called postfire()
Called prefire()
Called fire()
Checking for deadlock:
There are 2 Blocked actors, 0 Stopped actors, and 4 active threads.
Waiting for actors to stop.
Called postfire()
Called prefire()
Called fire()
Checking for deadlock:
There are 3 Blocked actors, 0 Stopped actors, and 4 active threads.
Waiting for actors to stop.
Read input token from inputA with value 5.0
Checking for deadlock:
There are 2 Blocked actors, 0 Stopped actors, and 4 active threads.
Waiting for actors to stop.
Called prefire()
Called fire()
Past the end of training data. Read and discard all inputs.
Checking for deadlock:
There are 3 Blocked actors, 0 Stopped actors, and 4 active threads.
Waiting for actors to stop.
Sent output token with value 4.5
Next port to read input from is inputB
Called postfire()
Called prefire()
Called fire()
Checking for deadlock:
There are 2 Blocked actors, 0 Stopped actors, and 4 active threads.
Waiting for actors to stop.
Called postfire()
Called prefire()
Called fire()
Checking for deadlock:
There are 3 Blocked actors, 0 Stopped actors, and 4 active threads.
Waiting for actors to stop.
Read input token from inputB with value 6.0
Checking for deadlock:
There are 2 Blocked actors, 0 Stopped actors, and 4 active threads.
Waiting for actors to stop.
Called prefire()
Called fire()
Past the end of training data. Read and discard all inputs.
Checking for deadlock:
There are 3 Blocked actors, 0 Stopped actors, and 4 active threads.
Waiting for actors to stop.
Sent output token with value 5.0
Next port to read input from is inputA
Called postfire()
Called prefire()
Called fire()
Called postfire()
Called prefire()
Called fire()
Checking for deadlock:
There are 3 Blocked actors, 0 Stopped actors, and 4 active threads.
Waiting for actors to stop.
Read input token from inputA with value 6.0
Called prefire()
Called fire()
Past the end of training data. Read and discard all inputs.
Checking for deadlock:
There are 3 Blocked actors, 0 Stopped actors, and 4 active threads.
Waiting for actors to stop.
Sent output token with value 6.0
Next port to read input from is inputB
Called postfire()
Called prefire()
Called fire()
Checking for deadlock:
There are 2 Blocked actors, 0 Stopped actors, and 4 active threads.
Waiting for actors to stop.
Called postfire()
Called prefire()
Called fire()
Checking for deadlock:
There are 3 Blocked actors, 0 Stopped actors, and 4 active threads.
Waiting for actors to stop.
Read input token from inputB with value 7.5
Checking for deadlock:
There are 2 Blocked actors, 0 Stopped actors, and 4 active threads.
Waiting for actors to stop.
Called prefire()
Called fire()
Past the end of training data. Read and discard all inputs.
Checking for deadlock:
There are 3 Blocked actors, 0 Stopped actors, and 4 active threads.
Waiting for actors to stop.
Sent output token with value 6.0
Next port to read input from is inputA
Called postfire()
Called prefire()
Called fire()
Called postfire()
Called prefire()
Called fire()
Checking for deadlock:
There are 3 Blocked actors, 0 Stopped actors, and 4 active threads.
Waiting for actors to stop.
Read input token from inputA with value 7.0
Called prefire()
Called fire()
Past the end of training data. Read and discard all inputs.
Checking for deadlock:
There are 3 Blocked actors, 0 Stopped actors, and 4 active threads.
Waiting for actors to stop.
Sent output token with value 7.0
Next port to read input from is inputA
Called postfire()
Called prefire()
Called fire()
-- Thread wrapup() called.
Called wrapup()
Thread .top.Ramp is exiting.
-- Thread stopped.
Checking for deadlock:
There are 2 Blocked actors, 0 Stopped actors, and 3 active threads.
Waiting for actors to stop.
Read input token from inputA with value 8.0
Checking for deadlock:
There are 1 Blocked actors, 0 Stopped actors, and 3 active threads.
Waiting for actors to stop.
Called prefire()
Called fire()
Past the end of training data. Read and discard all inputs.
Checking for deadlock:
There are 2 Blocked actors, 0 Stopped actors, and 3 active threads.
Waiting for actors to stop.
Sent output token with value 7.5
Next port to read input from is inputB
Called postfire()
Called prefire()
Called fire()
Checking for deadlock:
There are 1 Blocked actors, 0 Stopped actors, and 3 active threads.
Waiting for actors to stop.
Called postfire()
Called prefire()
Called fire()
Checking for deadlock:
There are 2 Blocked actors, 0 Stopped actors, and 3 active threads.
Waiting for actors to stop.
Read input token from inputB with value 9.0
Checking for deadlock:
There are 1 Blocked actors, 0 Stopped actors, and 3 active threads.
Waiting for actors to stop.
Called prefire()
Called fire()
Past the end of training data. Read and discard all inputs.
Checking for deadlock:
There are 2 Blocked actors, 0 Stopped actors, and 3 active threads.
Waiting for actors to stop.
Sent output token with value 8.0
Next port to read input from is inputA
Called postfire()
Called prefire()
Called fire()
Read input token from inputA with value 9.0
Called prefire()
Called fire()
Past the end of training data. Read and discard all inputs.
Checking for deadlock:
There are 2 Blocked actors, 0 Stopped actors, and 3 active threads.
Waiting for actors to stop.
Sent output token with value 9.0
Next port to read input from is inputB
Called postfire()
Called prefire()
Called fire()
Called postfire()
Called prefire()
Called fire()
Checking for deadlock:
There are 2 Blocked actors, 0 Stopped actors, and 3 active threads.
Waiting for actors to stop.
Read input token from inputB with value 10.5
Called prefire()
Called fire()
Past the end of training data. Read and discard all inputs.
Checking for deadlock:
There are 2 Blocked actors, 0 Stopped actors, and 3 active threads.
Waiting for actors to stop.
Sent output token with value 9.0
Next port to read input from is inputA
Called postfire()
Called prefire()
Called fire()
Checking for deadlock:
There are 3 Blocked actors, 0 Stopped actors, and 3 active threads.
Actors have stopped.
Checking for deadlock:
There are 3 Blocked actors, 0 Stopped actors, and 3 active threads.
Deadlock detected.
Resolving Deadlock
Checking for deadlock:
There are 3 Blocked actors, 0 Stopped actors, and 3 active threads.
Artificial Deadlock - increasing queue capacity.
increasing the capacity of receiver ptolemy.actor.TypedIOPort {.top.OrderedMerge.inputB} to 2
Director: Called postfire().
Called postfire().
_stopRequested = false
_stopFireRequested = false
Returning from postfire(): true
Called fire().
Checking for deadlock:
There are 2 Blocked actors, 0 Stopped actors, and 3 active threads.
Waiting for actors to stop.
-- Thread wrapup() called.
Called wrapup()
Thread .top.Ramp2 is exiting.
-- Thread stopped.
Checking for deadlock:
There are 2 Blocked actors, 0 Stopped actors, and 2 active threads.
Actors have stopped.
Checking for deadlock:
There are 2 Blocked actors, 0 Stopped actors, and 2 active threads.
Deadlock detected.
Resolving Deadlock
Checking for deadlock:
There are 2 Blocked actors, 0 Stopped actors, and 2 active threads.
Deadlock detected: no processes blocked on write, but some are blocked on read.
Called postfire().
_stopRequested = false
_stopFireRequested = false
Returning from postfire(): false
Finished deactivating branches.
Called wrapup().
-- Thread wrapup() called.
Called wrapup()
-- Thread wrapup() called.
Called wrapup()
Thread .top.Test is exiting.
-- Thread stopped.
-- Blocked Receiver call threw TerminateProcessException.
Thread .top.OrderedMerge is exiting.
-- Thread stopped.
-- Blocked Receiver call threw TerminateProcessException.
40 ms. Memory: 129024K Free: 53732K (42%)
/home/travis/build/icyphy/ptII/ptolemy/actor/lib/test/Publisher.tcl
16 ms. Memory: 129024K Free: 107324K (83%)
23 ms. Memory: 155648K Free: 139119K (89%)
12 ms. Memory: 155648K Free: 135535K (87%)
4 ms. Memory: 155648K Free: 134511K (86%)
5 ms. Memory: 155648K Free: 133997K (86%)
3 ms. Memory: 155648K Free: 132973K (85%)
3 ms. Memory: 155648K Free: 132463K (85%)
3 ms. Memory: 155648K Free: 131439K (84%)
23 ms. Memory: 155648K Free: 121199K (78%)
4 ms. Memory: 155648K Free: 117599K (76%)
3 ms. Memory: 155648K Free: 117103K (75%)
13 ms. Memory: 155648K Free: 114527K (74%)
15 ms. Memory: 155648K Free: 107373K (69%)
5 ms. Memory: 155648K Free: 97647K (63%)
6 ms. Memory: 155648K Free: 86879K (56%)
/home/travis/build/icyphy/ptII/ptolemy/actor/lib/test/Pulse.tcl
3 ms. Memory: 155648K Free: 105521K (68%)
9 ms. Memory: 155648K Free: 105011K (67%)
1 ms. Memory: 155648K Free: 104483K (67%)
1 ms. Memory: 155648K Free: 103987K (67%)
1 ms. Memory: 155648K Free: 103467K (66%)
6 ms. Memory: 155648K Free: 102449K (66%)
8 ms. Memory: 155648K Free: 101395K (65%)
5 ms. Memory: 155648K Free: 100387K (64%)
1 ms. Memory: 155648K Free: 99891K (64%)
/home/travis/build/icyphy/ptII/ptolemy/actor/lib/test/Ramp.tcl
4 ms. Memory: 155648K Free: 97843K (63%)
6 ms. Memory: 155648K Free: 97299K (63%)
4 ms. Memory: 155648K Free: 96305K (62%)
2 ms. Memory: 155648K Free: 95795K (62%)
5 ms. Memory: 155648K Free: 94771K (61%)
7 ms. Memory: 155648K Free: 94251K (61%)
6 ms. Memory: 155648K Free: 93142K (60%)
5 actors
6000 microseconds per iteration to create
10 ms. Memory: 155648K Free: 90131K (58%)
2 ms. Memory: 155648K Free: 89651K (58%)
2 ms. Memory: 155648K Free: 89137K (57%)
5 ms. Memory: 155648K Free: 88627K (57%)
50 actors
49000 microseconds per iteration to create
43 ms. Memory: 155648K Free: 72753K (47%)
24 ms. Memory: 155648K Free: 137178K (88%)
5 ms. Memory: 155648K Free: 136154K (87%)
4 ms. Memory: 155648K Free: 135130K (87%)
500 actors
1413000 microseconds per iteration to create
261 ms. Memory: 187392K Free: 150207K (80%)
38 ms. Memory: 187392K Free: 145073K (77%)
35 ms. Memory: 187392K Free: 139967K (75%)
36 ms. Memory: 187392K Free: 134847K (72%)
/home/travis/build/icyphy/ptII/ptolemy/actor/lib/test/RampContinuous.tcl
8 ms. Memory: 187392K Free: 133313K (71%)
/home/travis/build/icyphy/ptII/ptolemy/actor/lib/test/RecordAssembler.tcl
4 ms. Memory: 187392K Free: 131761K (70%)
3 ms. Memory: 187392K Free: 130745K (70%)
/home/travis/build/icyphy/ptII/ptolemy/actor/lib/test/RecordDisassembler.tcl
5 ms. Memory: 187392K Free: 128703K (69%)
3 ms. Memory: 187392K Free: 128193K (68%)
3 ms. Memory: 187392K Free: 127169K (68%)
/home/travis/build/icyphy/ptII/ptolemy/actor/lib/test/Scale.tcl
3 ms. Memory: 187392K Free: 125121K (67%)
1 ms. Memory: 187392K Free: 124601K (66%)
1 ms. Memory: 187392K Free: 123569K (66%)
1 ms. Memory: 187392K Free: 122559K (65%)
3 ms. Memory: 187392K Free: 122049K (65%)
/home/travis/build/icyphy/ptII/ptolemy/actor/lib/test/SequentialClock.tcl
preinitializing
resolving types
initializing
executing number 1
wrapping up
idle
2 ms. Memory: 187392K Free: 120497K (64%)
Completed execution with 5 iterations
preinitializing
resolving types
initializing
executing number 1
wrapping up
idle
2 ms. Memory: 187392K Free: 120001K (64%)
Completed execution with 5 iterations
preinitializing
resolving types
initializing
executing number 1
wrapping up
idle
1 ms. Memory: 187392K Free: 119473K (64%)
Completed execution with 5 iterations
/home/travis/build/icyphy/ptII/ptolemy/actor/lib/test/SetVariable.tcl
4 ms. Memory: 187392K Free: 117953K (63%)
/home/travis/build/icyphy/ptII/ptolemy/actor/lib/test/Sinewave.tcl
/home/travis/build/icyphy/ptII/ptolemy/actor/lib/test/SubscriptionAggregator.tcl
4 ms. Memory: 187392K Free: 106175K (57%)
2 ms. Memory: 187392K Free: 105665K (56%)
1 ms. Memory: 187392K Free: 105137K (56%)
0 ms. Memory: 187392K Free: 104641K (56%)
1 ms. Memory: 187392K Free: 101041K (54%)
9 ms. Memory: 187392K Free: 99007K (53%)
...............................................................1056 ms. Memory: 318464K Free: 244900K (77%)
/home/travis/build/icyphy/ptII/ptolemy/actor/lib/test/Test.tcl
 The next command will produce a warning about training mode,
   which may be ignored.
4 ms. Memory: 318464K Free: 242852K (76%)
3 ms. Memory: 318464K Free: 242323K (76%)
2 ms. Memory: 318464K Free: 241828K (76%)
1 ms. Memory: 318464K Free: 241299K (76%)
1 ms. Memory: 318464K Free: 240290K (75%)
2 ms. Memory: 318464K Free: 239235K (75%)
2 ms. Memory: 318464K Free: 237732K (75%)
 The next command will produce a warning about training mode,
   which may be ignored.
4 ms. Memory: 318464K Free: 235684K (74%)
 The next command will produce a warning about training mode,
   which may be ignored.
2 ms. Memory: 318464K Free: 234146K (74%)
1 ms. Memory: 318464K Free: 234146K (74%)
1 ms. Memory: 318464K Free: 233636K (73%)
1 ms. Memory: 318464K Free: 233091K (73%)
5 ms. Memory: 318464K Free: 232098K (73%)
4 ms. Memory: 318464K Free: 228002K (72%)
/home/travis/build/icyphy/ptII/ptolemy/actor/lib/test/TestExceptionHandler.tcl
 The next command will produce a warning about training mode,
   which may be ignored.
2 ms. Memory: 318464K Free: 226947K (71%)
0 ms. Memory: 318464K Free: 226468K (71%)
1 ms. Memory: 318464K Free: 225954K (71%)
/home/travis/build/icyphy/ptII/ptolemy/actor/lib/test/UnionDisassembler.tcl
27 ms. Memory: 318464K Free: 218276K (69%)
/home/travis/build/icyphy/ptII/ptolemy/actor/lib/test/VariableClock.tcl
preinitializing
resolving types
initializing
executing number 1
wrapping up
idle
3 ms. Memory: 318464K Free: 216723K (68%)
Completed execution with 11 iterations
preinitializing
resolving types
initializing
executing number 1
wrapping up
idle
8 ms. Memory: 318464K Free: 215204K (68%)
Completed execution with 10 iterations
01/21/20 12:20:46
Failed: 0  Total Tests: 233  ((Passed: 233, Newly Passed: 0)  Known Failed: 0) /home/travis/build/icyphy/ptII/ptolemy/actor/lib/test
----------------- testing (KnownFailure) /home/travis/build/icyphy/ptII/ptolemy/actor/lib/test/auto/knownFailedTests/PublisherPortToplevelSubscriber.xml
1 ms. Memory: 318464K Free: 211618K (66%)
Known Failure: java.lang.reflect.InvocationTargetException
----------------- testing (KnownFailure) /home/travis/build/icyphy/ptII/ptolemy/actor/lib/test/auto/knownFailedTests/PublisherSubscriberPortToplevel.xml
1 ms. Memory: 318464K Free: 207522K (65%)
Known Failure: java.lang.reflect.InvocationTargetException
----------------- testing (KnownFailure) /home/travis/build/icyphy/ptII/ptolemy/actor/lib/test/auto/knownFailedTests/PublisherSubscriptionAggregatorPort.xml
1 ms. Memory: 318464K Free: 203426K (64%)
Known Failure: java.lang.reflect.InvocationTargetException
----------------- testing (KnownFailure) /home/travis/build/icyphy/ptII/ptolemy/actor/lib/test/auto/knownFailedTests/sizedarray3.xml
8 ms. Memory: 318464K Free: 199330K (63%)
Known Failure: java.lang.reflect.InvocationTargetException
No auto/linux-amd64/*.xml tests in /home/travis/build/icyphy/ptII/ptolemy/actor/lib/test
AutoTests.java: About to close Vertx.
AutoTests.java: Vertx closed.

===========================================================================================
----------------- testing Tue Jan 21 12:20:46 UTC 2020 /home/travis/build/icyphy/ptII/ptolemy/actor/lib/test/auto/AbsoluteValue.xml
----------------- Instantiating /home/travis/build/icyphy/ptII/ptolemy/actor/lib/test/auto/AbsoluteValue.xml
27 ms. Memory: 318464K Free: 176292K (55%)
----------------- Invoking toplevel() on ptolemy.moml.MoMLSimpleApplication@2c0884ec
----------------- Done invoking toplevel() on ptolemy.moml.MoMLSimpleApplication@2c0884ec
reloadAllAccessors: .AbsoluteValue

===========================================================================================
----------------- testing Tue Jan 21 12:20:46 UTC 2020 /home/travis/build/icyphy/ptII/ptolemy/actor/lib/test/auto/AbsoluteValue2.xml
----------------- Instantiating /home/travis/build/icyphy/ptII/ptolemy/actor/lib/test/auto/AbsoluteValue2.xml
5 ms. Memory: 318464K Free: 169124K (53%)
----------------- Invoking toplevel() on ptolemy.moml.MoMLSimpleApplication@3da3ccf8
----------------- Done invoking toplevel() on ptolemy.moml.MoMLSimpleApplication@3da3ccf8
reloadAllAccessors: .AbsoluteValue2

===========================================================================================
----------------- testing Tue Jan 21 12:20:46 UTC 2020 /home/travis/build/icyphy/ptII/ptolemy/actor/lib/test/auto/Accumulator.xml
----------------- Instantiating /home/travis/build/icyphy/ptII/ptolemy/actor/lib/test/auto/Accumulator.xml
6 ms. Memory: 318464K Free: 162980K (51%)
----------------- Invoking toplevel() on ptolemy.moml.MoMLSimpleApplication@448f838b
----------------- Done invoking toplevel() on ptolemy.moml.MoMLSimpleApplication@448f838b
reloadAllAccessors: .Accumulator

===========================================================================================
----------------- testing Tue Jan 21 12:20:46 UTC 2020 /home/travis/build/icyphy/ptII/ptolemy/actor/lib/test/auto/Accumulator2.xml
----------------- Instantiating /home/travis/build/icyphy/ptII/ptolemy/actor/lib/test/auto/Accumulator2.xml
5 ms. Memory: 318464K Free: 157346K (49%)
----------------- Invoking toplevel() on ptolemy.moml.MoMLSimpleApplication@48b6653e
----------------- Done invoking toplevel() on ptolemy.moml.MoMLSimpleApplication@48b6653e
reloadAllAccessors: .Accumulator2

===========================================================================================
----------------- testing Tue Jan 21 12:20:46 UTC 2020 /home/travis/build/icyphy/ptII/ptolemy/actor/lib/test/auto/Accumulator3.xml
----------------- Instantiating /home/travis/build/icyphy/ptII/ptolemy/actor/lib/test/auto/Accumulator3.xml
3 ms. Memory: 318464K Free: 153250K (48%)
----------------- Invoking toplevel() on ptolemy.moml.MoMLSimpleApplication@57a11e2b
----------------- Done invoking toplevel() on ptolemy.moml.MoMLSimpleApplication@57a11e2b
reloadAllAccessors: .Accumulator3

===========================================================================================
----------------- testing Tue Jan 21 12:20:46 UTC 2020 /home/travis/build/icyphy/ptII/ptolemy/actor/lib/test/auto/ArrayAppend.xml
----------------- Instantiating /home/travis/build/icyphy/ptII/ptolemy/actor/lib/test/auto/ArrayAppend.xml
4 ms. Memory: 318464K Free: 147620K (46%)
----------------- Invoking toplevel() on ptolemy.moml.MoMLSimpleApplication@2c9530cd
----------------- Done invoking toplevel() on ptolemy.moml.MoMLSimpleApplication@2c9530cd
reloadAllAccessors: .ArrayAppend

===========================================================================================
----------------- testing Tue Jan 21 12:20:46 UTC 2020 /home/travis/build/icyphy/ptII/ptolemy/actor/lib/test/auto/ArrayAppend2.xml
----------------- Instantiating /home/travis/build/icyphy/ptII/ptolemy/actor/lib/test/auto/ArrayAppend2.xml
436 ms. Memory: 318464K Free: 231796K (73%)
----------------- Invoking toplevel() on ptolemy.moml.MoMLSimpleApplication@3eee31e4
----------------- Done invoking toplevel() on ptolemy.moml.MoMLSimpleApplication@3eee31e4
reloadAllAccessors: .ArrayAppend2

===========================================================================================
----------------- testing Tue Jan 21 12:20:47 UTC 2020 /home/travis/build/icyphy/ptII/ptolemy/actor/lib/test/auto/ArrayAppend3.xml
----------------- Instantiating /home/travis/build/icyphy/ptII/ptolemy/actor/lib/test/auto/ArrayAppend3.xml
8 ms. Memory: 318464K Free: 225652K (71%)
----------------- Invoking toplevel() on ptolemy.moml.MoMLSimpleApplication@7639234c
----------------- Done invoking toplevel() on ptolemy.moml.MoMLSimpleApplication@7639234c
reloadAllAccessors: .ArrayAppend3

===========================================================================================
----------------- testing Tue Jan 21 12:20:47 UTC 2020 /home/travis/build/icyphy/ptII/ptolemy/actor/lib/test/auto/ArrayAppend4.xml
----------------- Instantiating /home/travis/build/icyphy/ptII/ptolemy/actor/lib/test/auto/ArrayAppend4.xml
5 ms. Memory: 318464K Free: 220532K (69%)
----------------- Invoking toplevel() on ptolemy.moml.MoMLSimpleApplication@2a918a6a
----------------- Done invoking toplevel() on ptolemy.moml.MoMLSimpleApplication@2a918a6a
reloadAllAccessors: .ArrayAppend4

===========================================================================================
----------------- testing Tue Jan 21 12:20:47 UTC 2020 /home/travis/build/icyphy/ptII/ptolemy/actor/lib/test/auto/ArrayAppend5.xml
----------------- Instantiating /home/travis/build/icyphy/ptII/ptolemy/actor/lib/test/auto/ArrayAppend5.xml
9 ms. Memory: 318464K Free: 215412K (68%)
----------------- Invoking toplevel() on ptolemy.moml.MoMLSimpleApplication@ff4a600
----------------- Done invoking toplevel() on ptolemy.moml.MoMLSimpleApplication@ff4a600
reloadAllAccessors: .ArrayAppend5

===========================================================================================
----------------- testing Tue Jan 21 12:20:47 UTC 2020 /home/travis/build/icyphy/ptII/ptolemy/actor/lib/test/auto/ArrayAppend6.xml
----------------- Instantiating /home/travis/build/icyphy/ptII/ptolemy/actor/lib/test/auto/ArrayAppend6.xml
1 ms. Memory: 318464K Free: 209778K (66%)
----------------- Invoking toplevel() on ptolemy.moml.MoMLSimpleApplication@4c8916bc
----------------- Done invoking toplevel() on ptolemy.moml.MoMLSimpleApplication@4c8916bc
reloadAllAccessors: .ArrayAppend6

===========================================================================================
----------------- testing Tue Jan 21 12:20:47 UTC 2020 /home/travis/build/icyphy/ptII/ptolemy/actor/lib/test/auto/ArrayAppendPerformanceTest.xml
----------------- Instantiating /home/travis/build/icyphy/ptII/ptolemy/actor/lib/test/auto/ArrayAppendPerformanceTest.xml
27 ms. Memory: 318464K Free: 199028K (62%)
----------------- Invoking toplevel() on ptolemy.moml.MoMLSimpleApplication@7e4a083c
----------------- Done invoking toplevel() on ptolemy.moml.MoMLSimpleApplication@7e4a083c
reloadAllAccessors: .ArrayAppendPerformanceTest

===========================================================================================
----------------- testing Tue Jan 21 12:20:47 UTC 2020 /home/travis/build/icyphy/ptII/ptolemy/actor/lib/test/auto/ArrayAppendWithEmptyInput.xml
----------------- Instantiating /home/travis/build/icyphy/ptII/ptolemy/actor/lib/test/auto/ArrayAppendWithEmptyInput.xml
15 ms. Memory: 318464K Free: 190836K (60%)
----------------- Invoking toplevel() on ptolemy.moml.MoMLSimpleApplication@2b7b170d
----------------- Done invoking toplevel() on ptolemy.moml.MoMLSimpleApplication@2b7b170d
reloadAllAccessors: .ArrayAppendWithEmptyInput

===========================================================================================
----------------- testing Tue Jan 21 12:20:47 UTC 2020 /home/travis/build/icyphy/ptII/ptolemy/actor/lib/test/auto/ArrayAverage.xml
----------------- Instantiating /home/travis/build/icyphy/ptII/ptolemy/actor/lib/test/auto/ArrayAverage.xml
5 ms. Memory: 318464K Free: 183154K (58%)
----------------- Invoking toplevel() on ptolemy.moml.MoMLSimpleApplication@2c818ccf
----------------- Done invoking toplevel() on ptolemy.moml.MoMLSimpleApplication@2c818ccf
reloadAllAccessors: .ArrayAverage

===========================================================================================
----------------- testing Tue Jan 21 12:20:47 UTC 2020 /home/travis/build/icyphy/ptII/ptolemy/actor/lib/test/auto/ArrayContains.xml
----------------- Instantiating /home/travis/build/icyphy/ptII/ptolemy/actor/lib/test/auto/ArrayContains.xml
6 ms. Memory: 318464K Free: 177010K (56%)
----------------- Invoking toplevel() on ptolemy.moml.MoMLSimpleApplication@4614b98a
----------------- Done invoking toplevel() on ptolemy.moml.MoMLSimpleApplication@4614b98a
reloadAllAccessors: .ArrayContains

===========================================================================================
----------------- testing Tue Jan 21 12:20:47 UTC 2020 /home/travis/build/icyphy/ptII/ptolemy/actor/lib/test/auto/ArrayElement.xml
----------------- Instantiating /home/travis/build/icyphy/ptII/ptolemy/actor/lib/test/auto/ArrayElement.xml
6 ms. Memory: 318464K Free: 171860K (54%)
----------------- Invoking toplevel() on ptolemy.moml.MoMLSimpleApplication@59224ba3
----------------- Done invoking toplevel() on ptolemy.moml.MoMLSimpleApplication@59224ba3
reloadAllAccessors: .ArrayElement

===========================================================================================
----------------- testing Tue Jan 21 12:20:47 UTC 2020 /home/travis/build/icyphy/ptII/ptolemy/actor/lib/test/auto/ArrayElementAsMatrix.xml
----------------- Instantiating /home/travis/build/icyphy/ptII/ptolemy/actor/lib/test/auto/ArrayElementAsMatrix.xml
19 ms. Memory: 318464K Free: 161650K (51%)
----------------- Invoking toplevel() on ptolemy.moml.MoMLSimpleApplication@693bc5ac
----------------- Done invoking toplevel() on ptolemy.moml.MoMLSimpleApplication@693bc5ac
reloadAllAccessors: .ArrayElementAsMatrix

===========================================================================================
----------------- testing Tue Jan 21 12:20:47 UTC 2020 /home/travis/build/icyphy/ptII/ptolemy/actor/lib/test/auto/ArrayElementI.xml
----------------- Instantiating /home/travis/build/icyphy/ptII/ptolemy/actor/lib/test/auto/ArrayElementI.xml
2 ms. Memory: 318464K Free: 156530K (49%)
----------------- Invoking toplevel() on ptolemy.moml.MoMLSimpleApplication@33d98827
----------------- Done invoking toplevel() on ptolemy.moml.MoMLSimpleApplication@33d98827
reloadAllAccessors: .ArrayElementI

===========================================================================================
----------------- testing Tue Jan 21 12:20:47 UTC 2020 /home/travis/build/icyphy/ptII/ptolemy/actor/lib/test/auto/ArrayExtract.xml
----------------- Instantiating /home/travis/build/icyphy/ptII/ptolemy/actor/lib/test/auto/ArrayExtract.xml
5 ms. Memory: 318464K Free: 148338K (47%)
----------------- Invoking toplevel() on ptolemy.moml.MoMLSimpleApplication@5c1fc629
----------------- Done invoking toplevel() on ptolemy.moml.MoMLSimpleApplication@5c1fc629
reloadAllAccessors: .ArrayExtract

===========================================================================================
----------------- testing Tue Jan 21 12:20:47 UTC 2020 /home/travis/build/icyphy/ptII/ptolemy/actor/lib/test/auto/ArrayExtract2.xml
----------------- Instantiating /home/travis/build/icyphy/ptII/ptolemy/actor/lib/test/auto/ArrayExtract2.xml
3 ms. Memory: 318464K Free: 142708K (45%)
----------------- Invoking toplevel() on ptolemy.moml.MoMLSimpleApplication@a55e3d3
----------------- Done invoking toplevel() on ptolemy.moml.MoMLSimpleApplication@a55e3d3
reloadAllAccessors: .ArrayExtract2

===========================================================================================
----------------- testing Tue Jan 21 12:20:47 UTC 2020 /home/travis/build/icyphy/ptII/ptolemy/actor/lib/test/auto/ArrayLength.xml
----------------- Instantiating /home/travis/build/icyphy/ptII/ptolemy/actor/lib/test/auto/ArrayLength.xml
1 ms. Memory: 318464K Free: 139122K (44%)
----------------- Invoking toplevel() on ptolemy.moml.MoMLSimpleApplication@69962062
----------------- Done invoking toplevel() on ptolemy.moml.MoMLSimpleApplication@69962062
reloadAllAccessors: .ArrayLength

===========================================================================================
----------------- testing Tue Jan 21 12:20:47 UTC 2020 /home/travis/build/icyphy/ptII/ptolemy/actor/lib/test/auto/ArrayLevelCrossing.xml
----------------- Instantiating /home/travis/build/icyphy/ptII/ptolemy/actor/lib/test/auto/ArrayLevelCrossing.xml
4 ms. Memory: 318464K Free: 130930K (41%)
----------------- Invoking toplevel() on ptolemy.moml.MoMLSimpleApplication@2e79b995
----------------- Done invoking toplevel() on ptolemy.moml.MoMLSimpleApplication@2e79b995
reloadAllAccessors: .ArrayLevelCrossing

===========================================================================================
----------------- testing Tue Jan 21 12:20:47 UTC 2020 /home/travis/build/icyphy/ptII/ptolemy/actor/lib/test/auto/ArrayLevelCrossing2.xml
----------------- Instantiating /home/travis/build/icyphy/ptII/ptolemy/actor/lib/test/auto/ArrayLevelCrossing2.xml
2 ms. Memory: 318464K Free: 123732K (39%)
----------------- Invoking toplevel() on ptolemy.moml.MoMLSimpleApplication@50df3d50
----------------- Done invoking toplevel() on ptolemy.moml.MoMLSimpleApplication@50df3d50
reloadAllAccessors: .ArrayLevelCrossing2

===========================================================================================
----------------- testing Tue Jan 21 12:20:47 UTC 2020 /home/travis/build/icyphy/ptII/ptolemy/actor/lib/test/auto/ArrayPeakSearch.xml
----------------- Instantiating /home/travis/build/icyphy/ptII/ptolemy/actor/lib/test/auto/ArrayPeakSearch.xml
5 ms. Memory: 318464K Free: 114546K (36%)
----------------- Invoking toplevel() on ptolemy.moml.MoMLSimpleApplication@69b9f4c7
----------------- Done invoking toplevel() on ptolemy.moml.MoMLSimpleApplication@69b9f4c7
reloadAllAccessors: .ArrayPeakSearch

===========================================================================================
----------------- testing Tue Jan 21 12:20:47 UTC 2020 /home/travis/build/icyphy/ptII/ptolemy/actor/lib/test/auto/ArrayPeakSearch2.xml
----------------- Instantiating /home/travis/build/icyphy/ptII/ptolemy/actor/lib/test/auto/ArrayPeakSearch2.xml
4 ms. Memory: 318464K Free: 104292K (33%)
----------------- Invoking toplevel() on ptolemy.moml.MoMLSimpleApplication@5267606f
----------------- Done invoking toplevel() on ptolemy.moml.MoMLSimpleApplication@5267606f
reloadAllAccessors: .ArrayPeakSearch2

===========================================================================================
----------------- testing Tue Jan 21 12:20:47 UTC 2020 /home/travis/build/icyphy/ptII/ptolemy/actor/lib/test/auto/ArrayPeakSearch3.xml
----------------- Instantiating /home/travis/build/icyphy/ptII/ptolemy/actor/lib/test/auto/ArrayPeakSearch3.xml
5 ms. Memory: 318464K Free: 95090K (30%)
----------------- Invoking toplevel() on ptolemy.moml.MoMLSimpleApplication@5673941f
----------------- Done invoking toplevel() on ptolemy.moml.MoMLSimpleApplication@5673941f
reloadAllAccessors: .ArrayPeakSearch3

===========================================================================================
----------------- testing Tue Jan 21 12:20:48 UTC 2020 /home/travis/build/icyphy/ptII/ptolemy/actor/lib/test/auto/ArrayRemoveElement.xml
----------------- Instantiating /home/travis/build/icyphy/ptII/ptolemy/actor/lib/test/auto/ArrayRemoveElement.xml
3 ms. Memory: 318464K Free: 87412K (27%)
----------------- Invoking toplevel() on ptolemy.moml.MoMLSimpleApplication@404d369
----------------- Done invoking toplevel() on ptolemy.moml.MoMLSimpleApplication@404d369
reloadAllAccessors: .ArrayRemoveElement

===========================================================================================
----------------- testing Tue Jan 21 12:20:48 UTC 2020 /home/travis/build/icyphy/ptII/ptolemy/actor/lib/test/auto/ArraySort.xml
----------------- Instantiating /home/travis/build/icyphy/ptII/ptolemy/actor/lib/test/auto/ArraySort.xml
8 ms. Memory: 318464K Free: 262004K (82%)
----------------- Invoking toplevel() on ptolemy.moml.MoMLSimpleApplication@4ab29a83
----------------- Done invoking toplevel() on ptolemy.moml.MoMLSimpleApplication@4ab29a83
reloadAllAccessors: .ArraySort

===========================================================================================
----------------- testing Tue Jan 21 12:20:48 UTC 2020 /home/travis/build/icyphy/ptII/ptolemy/actor/lib/test/auto/ArraySum.xml
----------------- Instantiating /home/travis/build/icyphy/ptII/ptolemy/actor/lib/test/auto/ArraySum.xml
6 ms. Memory: 318464K Free: 256884K (81%)
----------------- Invoking toplevel() on ptolemy.moml.MoMLSimpleApplication@2bda2d7c
----------------- Done invoking toplevel() on ptolemy.moml.MoMLSimpleApplication@2bda2d7c
reloadAllAccessors: .ArraySum

===========================================================================================
----------------- testing Tue Jan 21 12:20:48 UTC 2020 /home/travis/build/icyphy/ptII/ptolemy/actor/lib/test/auto/ArrayToElements.xml
----------------- Instantiating /home/travis/build/icyphy/ptII/ptolemy/actor/lib/test/auto/ArrayToElements.xml
6 ms. Memory: 318464K Free: 251250K (79%)
----------------- Invoking toplevel() on ptolemy.moml.MoMLSimpleApplication@779f5376
----------------- Done invoking toplevel() on ptolemy.moml.MoMLSimpleApplication@779f5376
reloadAllAccessors: .ArrayToElements

===========================================================================================
----------------- testing Tue Jan 21 12:20:48 UTC 2020 /home/travis/build/icyphy/ptII/ptolemy/actor/lib/test/auto/ArrayToMatrix.xml
----------------- Instantiating /home/travis/build/icyphy/ptII/ptolemy/actor/lib/test/auto/ArrayToMatrix.xml
8 ms. Memory: 318464K Free: 237428K (75%)
----------------- Invoking toplevel() on ptolemy.moml.MoMLSimpleApplication@edd591
----------------- Done invoking toplevel() on ptolemy.moml.MoMLSimpleApplication@edd591
reloadAllAccessors: .ArrayToMatrix

===========================================================================================
----------------- testing Tue Jan 21 12:20:48 UTC 2020 /home/travis/build/icyphy/ptII/ptolemy/actor/lib/test/auto/ArrayUpdate1.xml
----------------- Instantiating /home/travis/build/icyphy/ptII/ptolemy/actor/lib/test/auto/ArrayUpdate1.xml
4 ms. Memory: 318464K Free: 232308K (73%)
----------------- Invoking toplevel() on ptolemy.moml.MoMLSimpleApplication@60c3065
----------------- Done invoking toplevel() on ptolemy.moml.MoMLSimpleApplication@60c3065
reloadAllAccessors: .ArrayUpdate1

===========================================================================================
----------------- testing Tue Jan 21 12:20:48 UTC 2020 /home/travis/build/icyphy/ptII/ptolemy/actor/lib/test/auto/ArrayUpdate2.xml
----------------- Instantiating /home/travis/build/icyphy/ptII/ptolemy/actor/lib/test/auto/ArrayUpdate2.xml
4 ms. Memory: 318464K Free: 226164K (71%)
----------------- Invoking toplevel() on ptolemy.moml.MoMLSimpleApplication@24c7bbd4
----------------- Done invoking toplevel() on ptolemy.moml.MoMLSimpleApplication@24c7bbd4
reloadAllAccessors: .ArrayUpdate2

===========================================================================================
----------------- testing Tue Jan 21 12:20:48 UTC 2020 /home/travis/build/icyphy/ptII/ptolemy/actor/lib/test/auto/ArrayUpdate3.xml
----------------- Instantiating /home/travis/build/icyphy/ptII/ptolemy/actor/lib/test/auto/ArrayUpdate3.xml
6 ms. Memory: 318464K Free: 221044K (69%)
----------------- Invoking toplevel() on ptolemy.moml.MoMLSimpleApplication@6a3321d3
----------------- Done invoking toplevel() on ptolemy.moml.MoMLSimpleApplication@6a3321d3
reloadAllAccessors: .ArrayUpdate3

===========================================================================================
----------------- testing Tue Jan 21 12:20:48 UTC 2020 /home/travis/build/icyphy/ptII/ptolemy/actor/lib/test/auto/Assert1.xml
----------------- Instantiating /home/travis/build/icyphy/ptII/ptolemy/actor/lib/test/auto/Assert1.xml
3 ms. Memory: 318464K Free: 216948K (68%)
----------------- Invoking toplevel() on ptolemy.moml.MoMLSimpleApplication@31aba50
----------------- Done invoking toplevel() on ptolemy.moml.MoMLSimpleApplication@31aba50
reloadAllAccessors: .Assert1

===========================================================================================
----------------- testing Tue Jan 21 12:20:48 UTC 2020 /home/travis/build/icyphy/ptII/ptolemy/actor/lib/test/auto/Assert2.xml
----------------- Instantiating /home/travis/build/icyphy/ptII/ptolemy/actor/lib/test/auto/Assert2.xml
2 ms. Memory: 318464K Free: 211314K (66%)
----------------- Invoking toplevel() on ptolemy.moml.MoMLSimpleApplication@622bfd7e
----------------- Done invoking toplevel() on ptolemy.moml.MoMLSimpleApplication@622bfd7e
reloadAllAccessors: .Assert2

===========================================================================================
----------------- testing Tue Jan 21 12:20:48 UTC 2020 /home/travis/build/icyphy/ptII/ptolemy/actor/lib/test/auto/BooleanMultiplexor.xml
----------------- Instantiating /home/travis/build/icyphy/ptII/ptolemy/actor/lib/test/auto/BooleanMultiplexor.xml
2 ms. Memory: 318464K Free: 206164K (65%)
----------------- Invoking toplevel() on ptolemy.moml.MoMLSimpleApplication@55865542
----------------- Done invoking toplevel() on ptolemy.moml.MoMLSimpleApplication@55865542
reloadAllAccessors: .BooleanMultiplexor

===========================================================================================
----------------- testing Tue Jan 21 12:20:48 UTC 2020 /home/travis/build/icyphy/ptII/ptolemy/actor/lib/test/auto/BooleanMultiplexor2.xml
----------------- Instantiating /home/travis/build/icyphy/ptII/ptolemy/actor/lib/test/auto/BooleanMultiplexor2.xml
3 ms. Memory: 318464K Free: 199540K (63%)
----------------- Invoking toplevel() on ptolemy.moml.MoMLSimpleApplication@22798d0
----------------- Done invoking toplevel() on ptolemy.moml.MoMLSimpleApplication@22798d0
reloadAllAccessors: .BooleanMultiplexor2

===========================================================================================
----------------- testing Tue Jan 21 12:20:48 UTC 2020 /home/travis/build/icyphy/ptII/ptolemy/actor/lib/test/auto/BooleanMultiplexor3.xml
----------------- Instantiating /home/travis/build/icyphy/ptII/ptolemy/actor/lib/test/auto/BooleanMultiplexor3.xml
2 ms. Memory: 318464K Free: 195954K (62%)
----------------- Invoking toplevel() on ptolemy.moml.MoMLSimpleApplication@726cd245
----------------- Done invoking toplevel() on ptolemy.moml.MoMLSimpleApplication@726cd245
reloadAllAccessors: .BooleanMultiplexor3

===========================================================================================
----------------- testing Tue Jan 21 12:20:48 UTC 2020 /home/travis/build/icyphy/ptII/ptolemy/actor/lib/test/auto/BooleanSelect.xml
----------------- Instantiating /home/travis/build/icyphy/ptII/ptolemy/actor/lib/test/auto/BooleanSelect.xml
8 ms. Memory: 318464K Free: 189796K (60%)
----------------- Invoking toplevel() on ptolemy.moml.MoMLSimpleApplication@1547b36e
----------------- Done invoking toplevel() on ptolemy.moml.MoMLSimpleApplication@1547b36e
reloadAllAccessors: .BooleanSelect

===========================================================================================
----------------- testing Tue Jan 21 12:20:48 UTC 2020 /home/travis/build/icyphy/ptII/ptolemy/actor/lib/test/auto/BooleanSelect2.xml
----------------- Instantiating /home/travis/build/icyphy/ptII/ptolemy/actor/lib/test/auto/BooleanSelect2.xml
1 ms. Memory: 318464K Free: 185714K (58%)
----------------- Invoking toplevel() on ptolemy.moml.MoMLSimpleApplication@7ef7a61c
----------------- Done invoking toplevel() on ptolemy.moml.MoMLSimpleApplication@7ef7a61c
reloadAllAccessors: .BooleanSelect2

===========================================================================================
----------------- testing Tue Jan 21 12:20:48 UTC 2020 /home/travis/build/icyphy/ptII/ptolemy/actor/lib/test/auto/BooleanSwitch.xml
----------------- Instantiating /home/travis/build/icyphy/ptII/ptolemy/actor/lib/test/auto/BooleanSwitch.xml
9 ms. Memory: 318464K Free: 179570K (56%)
----------------- Invoking toplevel() on ptolemy.moml.MoMLSimpleApplication@150f1a4b
----------------- Done invoking toplevel() on ptolemy.moml.MoMLSimpleApplication@150f1a4b
reloadAllAccessors: .BooleanSwitch

===========================================================================================
----------------- testing Tue Jan 21 12:20:48 UTC 2020 /home/travis/build/icyphy/ptII/ptolemy/actor/lib/test/auto/BooleanSwitch2.xml
----------------- Instantiating /home/travis/build/icyphy/ptII/ptolemy/actor/lib/test/auto/BooleanSwitch2.xml
1 ms. Memory: 318464K Free: 175474K (55%)
----------------- Invoking toplevel() on ptolemy.moml.MoMLSimpleApplication@72ce64ac
----------------- Done invoking toplevel() on ptolemy.moml.MoMLSimpleApplication@72ce64ac
reloadAllAccessors: .BooleanSwitch2

===========================================================================================
----------------- testing Tue Jan 21 12:20:48 UTC 2020 /home/travis/build/icyphy/ptII/ptolemy/actor/lib/test/auto/BooleanSwitchCloningBugWithClassRelationGroup.xml
----------------- Instantiating /home/travis/build/icyphy/ptII/ptolemy/actor/lib/test/auto/BooleanSwitchCloningBugWithClassRelationGroup.xml
2 ms. Memory: 318464K Free: 168820K (53%)
----------------- Invoking toplevel() on ptolemy.moml.MoMLSimpleApplication@72bd186
----------------- Done invoking toplevel() on ptolemy.moml.MoMLSimpleApplication@72bd186
reloadAllAccessors: .BooleanSwitchCloningBugWithClassRelationGroup

===========================================================================================
----------------- testing Tue Jan 21 12:20:48 UTC 2020 /home/travis/build/icyphy/ptII/ptolemy/actor/lib/test/auto/BusActors.xml
----------------- Instantiating /home/travis/build/icyphy/ptII/ptolemy/actor/lib/test/auto/BusActors.xml
6 ms. Memory: 318464K Free: 161138K (51%)
----------------- Invoking toplevel() on ptolemy.moml.MoMLSimpleApplication@cc8993d
----------------- Done invoking toplevel() on ptolemy.moml.MoMLSimpleApplication@cc8993d
reloadAllAccessors: .BusActors

===========================================================================================
----------------- testing Tue Jan 21 12:20:48 UTC 2020 /home/travis/build/icyphy/ptII/ptolemy/actor/lib/test/auto/ClassWrapper.xml
----------------- Instantiating /home/travis/build/icyphy/ptII/ptolemy/actor/lib/test/auto/ClassWrapper.xml
3 ms. Memory: 318464K Free: 156532K (49%)
----------------- Invoking toplevel() on ptolemy.moml.MoMLSimpleApplication@6b043231
----------------- Done invoking toplevel() on ptolemy.moml.MoMLSimpleApplication@6b043231
reloadAllAccessors: .ClassWrapper

===========================================================================================
----------------- testing Tue Jan 21 12:20:48 UTC 2020 /home/travis/build/icyphy/ptII/ptolemy/actor/lib/test/auto/Clock.xml
----------------- Instantiating /home/travis/build/icyphy/ptII/ptolemy/actor/lib/test/auto/Clock.xml
2 ms. Memory: 318464K Free: 152946K (48%)
----------------- Invoking toplevel() on ptolemy.moml.MoMLSimpleApplication@7e49ed08
----------------- Done invoking toplevel() on ptolemy.moml.MoMLSimpleApplication@7e49ed08
reloadAllAccessors: .Clock

===========================================================================================
----------------- testing Tue Jan 21 12:20:48 UTC 2020 /home/travis/build/icyphy/ptII/ptolemy/actor/lib/test/auto/Clock10.xml
----------------- Instantiating /home/travis/build/icyphy/ptII/ptolemy/actor/lib/test/auto/Clock10.xml
3 ms. Memory: 318464K Free: 146802K (46%)
----------------- Invoking toplevel() on ptolemy.moml.MoMLSimpleApplication@7429f91
----------------- Done invoking toplevel() on ptolemy.moml.MoMLSimpleApplication@7429f91
reloadAllAccessors: .Clock10

===========================================================================================
----------------- testing Tue Jan 21 12:20:48 UTC 2020 /home/travis/build/icyphy/ptII/ptolemy/actor/lib/test/auto/Clock11.xml
----------------- Instantiating /home/travis/build/icyphy/ptII/ptolemy/actor/lib/test/auto/Clock11.xml
4 ms. Memory: 318464K Free: 141172K (44%)
----------------- Invoking toplevel() on ptolemy.moml.MoMLSimpleApplication@f0eedfc
----------------- Done invoking toplevel() on ptolemy.moml.MoMLSimpleApplication@f0eedfc
reloadAllAccessors: .Clock11

===========================================================================================
----------------- testing Tue Jan 21 12:20:48 UTC 2020 /home/travis/build/icyphy/ptII/ptolemy/actor/lib/test/auto/Clock12.xml
----------------- Instantiating /home/travis/build/icyphy/ptII/ptolemy/actor/lib/test/auto/Clock12.xml
4 ms. Memory: 318464K Free: 135028K (42%)
----------------- Invoking toplevel() on ptolemy.moml.MoMLSimpleApplication@48a22976
----------------- Done invoking toplevel() on ptolemy.moml.MoMLSimpleApplication@48a22976
reloadAllAccessors: .Clock12

===========================================================================================
----------------- testing Tue Jan 21 12:20:48 UTC 2020 /home/travis/build/icyphy/ptII/ptolemy/actor/lib/test/auto/Clock13.xml
----------------- Instantiating /home/travis/build/icyphy/ptII/ptolemy/actor/lib/test/auto/Clock13.xml
5 ms. Memory: 318464K Free: 128884K (40%)
----------------- Invoking toplevel() on ptolemy.moml.MoMLSimpleApplication@4fd7a7d2
----------------- Done invoking toplevel() on ptolemy.moml.MoMLSimpleApplication@4fd7a7d2
reloadAllAccessors: .Clock13

===========================================================================================
----------------- testing Tue Jan 21 12:20:48 UTC 2020 /home/travis/build/icyphy/ptII/ptolemy/actor/lib/test/auto/Clock14.xml
----------------- Instantiating /home/travis/build/icyphy/ptII/ptolemy/actor/lib/test/auto/Clock14.xml
5 ms. Memory: 318464K Free: 123220K (39%)
----------------- Invoking toplevel() on ptolemy.moml.MoMLSimpleApplication@3a1c1ed
----------------- Done invoking toplevel() on ptolemy.moml.MoMLSimpleApplication@3a1c1ed
reloadAllAccessors: .Clock14

===========================================================================================
----------------- testing Tue Jan 21 12:20:48 UTC 2020 /home/travis/build/icyphy/ptII/ptolemy/actor/lib/test/auto/Clock15.xml
----------------- Instantiating /home/travis/build/icyphy/ptII/ptolemy/actor/lib/test/auto/Clock15.xml
4 ms. Memory: 318464K Free: 117076K (37%)
----------------- Invoking toplevel() on ptolemy.moml.MoMLSimpleApplication@605d660
----------------- Done invoking toplevel() on ptolemy.moml.MoMLSimpleApplication@605d660
reloadAllAccessors: .Clock15

===========================================================================================
----------------- testing Tue Jan 21 12:20:48 UTC 2020 /home/travis/build/icyphy/ptII/ptolemy/actor/lib/test/auto/Clock16.xml
----------------- Instantiating /home/travis/build/icyphy/ptII/ptolemy/actor/lib/test/auto/Clock16.xml
38 ms. Memory: 318464K Free: 102756K (32%)
----------------- Invoking toplevel() on ptolemy.moml.MoMLSimpleApplication@12b0f04d
----------------- Done invoking toplevel() on ptolemy.moml.MoMLSimpleApplication@12b0f04d
reloadAllAccessors: .Clock16

===========================================================================================
----------------- testing Tue Jan 21 12:20:48 UTC 2020 /home/travis/build/icyphy/ptII/ptolemy/actor/lib/test/auto/Clock17.xml
----------------- Instantiating /home/travis/build/icyphy/ptII/ptolemy/actor/lib/test/auto/Clock17.xml
30 ms. Memory: 318464K Free: 88420K (28%)
----------------- Invoking toplevel() on ptolemy.moml.MoMLSimpleApplication@3513da4c
----------------- Done invoking toplevel() on ptolemy.moml.MoMLSimpleApplication@3513da4c
reloadAllAccessors: .Clock17

===========================================================================================
----------------- testing Tue Jan 21 12:20:48 UTC 2020 /home/travis/build/icyphy/ptII/ptolemy/actor/lib/test/auto/Clock18.xml
----------------- Instantiating /home/travis/build/icyphy/ptII/ptolemy/actor/lib/test/auto/Clock18.xml
25 ms. Memory: 555008K Free: 495986K (89%)
----------------- Invoking toplevel() on ptolemy.moml.MoMLSimpleApplication@57cd406b
----------------- Done invoking toplevel() on ptolemy.moml.MoMLSimpleApplication@57cd406b
reloadAllAccessors: .Clock18

===========================================================================================
----------------- testing Tue Jan 21 12:20:49 UTC 2020 /home/travis/build/icyphy/ptII/ptolemy/actor/lib/test/auto/Clock19.xml
----------------- Instantiating /home/travis/build/icyphy/ptII/ptolemy/actor/lib/test/auto/Clock19.xml
16 ms. Memory: 555008K Free: 482660K (87%)
----------------- Invoking toplevel() on ptolemy.moml.MoMLSimpleApplication@6197afb2
----------------- Done invoking toplevel() on ptolemy.moml.MoMLSimpleApplication@6197afb2
reloadAllAccessors: .Clock19

===========================================================================================
----------------- testing Tue Jan 21 12:20:49 UTC 2020 /home/travis/build/icyphy/ptII/ptolemy/actor/lib/test/auto/Clock2.xml
----------------- Instantiating /home/travis/build/icyphy/ptII/ptolemy/actor/lib/test/auto/Clock2.xml
3 ms. Memory: 555008K Free: 478068K (86%)
----------------- Invoking toplevel() on ptolemy.moml.MoMLSimpleApplication@47a5355e
----------------- Done invoking toplevel() on ptolemy.moml.MoMLSimpleApplication@47a5355e
reloadAllAccessors: .Clock2

===========================================================================================
----------------- testing Tue Jan 21 12:20:49 UTC 2020 /home/travis/build/icyphy/ptII/ptolemy/actor/lib/test/auto/Clock20.xml
----------------- Instantiating /home/travis/build/icyphy/ptII/ptolemy/actor/lib/test/auto/Clock20.xml
4 ms. Memory: 555008K Free: 472948K (85%)
----------------- Invoking toplevel() on ptolemy.moml.MoMLSimpleApplication@1dda043d
----------------- Done invoking toplevel() on ptolemy.moml.MoMLSimpleApplication@1dda043d
reloadAllAccessors: .Clock20

===========================================================================================
----------------- testing Tue Jan 21 12:20:49 UTC 2020 /home/travis/build/icyphy/ptII/ptolemy/actor/lib/test/auto/Clock21.xml
----------------- Instantiating /home/travis/build/icyphy/ptII/ptolemy/actor/lib/test/auto/Clock21.xml
3 ms. Memory: 555008K Free: 467314K (84%)
----------------- Invoking toplevel() on ptolemy.moml.MoMLSimpleApplication@2b58942a
----------------- Done invoking toplevel() on ptolemy.moml.MoMLSimpleApplication@2b58942a
reloadAllAccessors: .Clock21

===========================================================================================
----------------- testing Tue Jan 21 12:20:49 UTC 2020 /home/travis/build/icyphy/ptII/ptolemy/actor/lib/test/auto/Clock22.xml
----------------- Instantiating /home/travis/build/icyphy/ptII/ptolemy/actor/lib/test/auto/Clock22.xml
2 ms. Memory: 555008K Free: 462194K (83%)
----------------- Invoking toplevel() on ptolemy.moml.MoMLSimpleApplication@2da5e99
----------------- Done invoking toplevel() on ptolemy.moml.MoMLSimpleApplication@2da5e99
reloadAllAccessors: .Clock22

===========================================================================================
----------------- testing Tue Jan 21 12:20:49 UTC 2020 /home/travis/build/icyphy/ptII/ptolemy/actor/lib/test/auto/Clock23.xml
----------------- Instantiating /home/travis/build/icyphy/ptII/ptolemy/actor/lib/test/auto/Clock23.xml
6 ms. Memory: 555008K Free: 456564K (82%)
----------------- Invoking toplevel() on ptolemy.moml.MoMLSimpleApplication@47f324d1
----------------- Done invoking toplevel() on ptolemy.moml.MoMLSimpleApplication@47f324d1
reloadAllAccessors: .Clock23

===========================================================================================
----------------- testing Tue Jan 21 12:20:49 UTC 2020 /home/travis/build/icyphy/ptII/ptolemy/actor/lib/test/auto/Clock24.xml
----------------- Instantiating /home/travis/build/icyphy/ptII/ptolemy/actor/lib/test/auto/Clock24.xml
2 ms. Memory: 555008K Free: 451444K (81%)
----------------- Invoking toplevel() on ptolemy.moml.MoMLSimpleApplication@54b82498
----------------- Done invoking toplevel() on ptolemy.moml.MoMLSimpleApplication@54b82498
reloadAllAccessors: .Clock24

===========================================================================================
----------------- testing Tue Jan 21 12:20:49 UTC 2020 /home/travis/build/icyphy/ptII/ptolemy/actor/lib/test/auto/Clock4.xml
----------------- Instantiating /home/travis/build/icyphy/ptII/ptolemy/actor/lib/test/auto/Clock4.xml
2 ms. Memory: 555008K Free: 446324K (80%)
----------------- Invoking toplevel() on ptolemy.moml.MoMLSimpleApplication@e630bfa
----------------- Done invoking toplevel() on ptolemy.moml.MoMLSimpleApplication@e630bfa
reloadAllAccessors: .Clock4

===========================================================================================
----------------- testing Tue Jan 21 12:20:49 UTC 2020 /home/travis/build/icyphy/ptII/ptolemy/actor/lib/test/auto/Clock5.xml
----------------- Instantiating /home/travis/build/icyphy/ptII/ptolemy/actor/lib/test/auto/Clock5.xml
2 ms. Memory: 555008K Free: 440690K (79%)
----------------- Invoking toplevel() on ptolemy.moml.MoMLSimpleApplication@64cd5d1c
----------------- Done invoking toplevel() on ptolemy.moml.MoMLSimpleApplication@64cd5d1c
reloadAllAccessors: .Clock5

===========================================================================================
----------------- testing Tue Jan 21 12:20:49 UTC 2020 /home/travis/build/icyphy/ptII/ptolemy/actor/lib/test/auto/Clock6.xml
----------------- Instantiating /home/travis/build/icyphy/ptII/ptolemy/actor/lib/test/auto/Clock6.xml
2 ms. Memory: 555008K Free: 436594K (79%)
----------------- Invoking toplevel() on ptolemy.moml.MoMLSimpleApplication@2326209a
----------------- Done invoking toplevel() on ptolemy.moml.MoMLSimpleApplication@2326209a
reloadAllAccessors: .Clock6

===========================================================================================
----------------- testing Tue Jan 21 12:20:49 UTC 2020 /home/travis/build/icyphy/ptII/ptolemy/actor/lib/test/auto/Clock7.xml
----------------- Instantiating /home/travis/build/icyphy/ptII/ptolemy/actor/lib/test/auto/Clock7.xml
2 ms. Memory: 555008K Free: 431474K (78%)
----------------- Invoking toplevel() on ptolemy.moml.MoMLSimpleApplication@1bb3eafa
----------------- Done invoking toplevel() on ptolemy.moml.MoMLSimpleApplication@1bb3eafa
reloadAllAccessors: .Clock7

===========================================================================================
----------------- testing Tue Jan 21 12:20:49 UTC 2020 /home/travis/build/icyphy/ptII/ptolemy/actor/lib/test/auto/Clock8.xml
----------------- Instantiating /home/travis/build/icyphy/ptII/ptolemy/actor/lib/test/auto/Clock8.xml
5 ms. Memory: 555008K Free: 426348K (77%)
----------------- Invoking toplevel() on ptolemy.moml.MoMLSimpleApplication@1e577c6
----------------- Done invoking toplevel() on ptolemy.moml.MoMLSimpleApplication@1e577c6
reloadAllAccessors: .Clock8

===========================================================================================
----------------- testing Tue Jan 21 12:20:49 UTC 2020 /home/travis/build/icyphy/ptII/ptolemy/actor/lib/test/auto/Clock9.xml
----------------- Instantiating /home/travis/build/icyphy/ptII/ptolemy/actor/lib/test/auto/Clock9.xml
5 ms. Memory: 555008K Free: 420724K (76%)
----------------- Invoking toplevel() on ptolemy.moml.MoMLSimpleApplication@50c29758
----------------- Done invoking toplevel() on ptolemy.moml.MoMLSimpleApplication@50c29758
reloadAllAccessors: .Clock9

===========================================================================================
----------------- testing Tue Jan 21 12:20:49 UTC 2020 /home/travis/build/icyphy/ptII/ptolemy/actor/lib/test/auto/CommDistDiscard.xml
----------------- Instantiating /home/travis/build/icyphy/ptII/ptolemy/actor/lib/test/auto/CommDistDiscard.xml
2 ms. Memory: 555008K Free: 415090K (75%)
----------------- Invoking toplevel() on ptolemy.moml.MoMLSimpleApplication@2d2dcd58
----------------- Done invoking toplevel() on ptolemy.moml.MoMLSimpleApplication@2d2dcd58
reloadAllAccessors: .CommDistDiscard

===========================================================================================
----------------- testing Tue Jan 21 12:20:49 UTC 2020 /home/travis/build/icyphy/ptII/ptolemy/actor/lib/test/auto/Commutator.xml
----------------- Instantiating /home/travis/build/icyphy/ptII/ptolemy/actor/lib/test/auto/Commutator.xml
2 ms. Memory: 555008K Free: 410994K (74%)
----------------- Invoking toplevel() on ptolemy.moml.MoMLSimpleApplication@592c2466
----------------- Done invoking toplevel() on ptolemy.moml.MoMLSimpleApplication@592c2466
reloadAllAccessors: .Commutator

===========================================================================================
----------------- testing Tue Jan 21 12:20:49 UTC 2020 /home/travis/build/icyphy/ptII/ptolemy/actor/lib/test/auto/Commutator2.xml
----------------- Instantiating /home/travis/build/icyphy/ptII/ptolemy/actor/lib/test/auto/Commutator2.xml
2 ms. Memory: 555008K Free: 406388K (73%)
----------------- Invoking toplevel() on ptolemy.moml.MoMLSimpleApplication@1d65181
----------------- Done invoking toplevel() on ptolemy.moml.MoMLSimpleApplication@1d65181
reloadAllAccessors: .Commutator2

===========================================================================================
----------------- testing Tue Jan 21 12:20:49 UTC 2020 /home/travis/build/icyphy/ptII/ptolemy/actor/lib/test/auto/Commutator3.xml
----------------- Instantiating /home/travis/build/icyphy/ptII/ptolemy/actor/lib/test/auto/Commutator3.xml
3 ms. Memory: 555008K Free: 402292K (72%)
----------------- Invoking toplevel() on ptolemy.moml.MoMLSimpleApplication@410d407d
----------------- Done invoking toplevel() on ptolemy.moml.MoMLSimpleApplication@410d407d
reloadAllAccessors: .Commutator3

===========================================================================================
----------------- testing Tue Jan 21 12:20:49 UTC 2020 /home/travis/build/icyphy/ptII/ptolemy/actor/lib/test/auto/Compare.xml
----------------- Instantiating /home/travis/build/icyphy/ptII/ptolemy/actor/lib/test/auto/Compare.xml
2 ms. Memory: 555008K Free: 395634K (71%)
----------------- Invoking toplevel() on ptolemy.moml.MoMLSimpleApplication@79f91dd4
----------------- Done invoking toplevel() on ptolemy.moml.MoMLSimpleApplication@79f91dd4
reloadAllAccessors: .Compare

===========================================================================================
----------------- testing Tue Jan 21 12:20:49 UTC 2020 /home/travis/build/icyphy/ptII/ptolemy/actor/lib/test/auto/CompareDE.xml
----------------- Instantiating /home/travis/build/icyphy/ptII/ptolemy/actor/lib/test/auto/CompareDE.xml
5 ms. Memory: 555008K Free: 388452K (70%)
----------------- Invoking toplevel() on ptolemy.moml.MoMLSimpleApplication@2f6739eb
----------------- Done invoking toplevel() on ptolemy.moml.MoMLSimpleApplication@2f6739eb
reloadAllAccessors: .CompareDE

===========================================================================================
----------------- testing Tue Jan 21 12:20:49 UTC 2020 /home/travis/build/icyphy/ptII/ptolemy/actor/lib/test/auto/ComplexDivide.xml
----------------- Instantiating /home/travis/build/icyphy/ptII/ptolemy/actor/lib/test/auto/ComplexDivide.xml
1 ms. Memory: 555008K Free: 384884K (69%)
----------------- Invoking toplevel() on ptolemy.moml.MoMLSimpleApplication@17aa0b9d
----------------- Done invoking toplevel() on ptolemy.moml.MoMLSimpleApplication@17aa0b9d
reloadAllAccessors: .ComplexDivide

===========================================================================================
----------------- testing Tue Jan 21 12:20:49 UTC 2020 /home/travis/build/icyphy/ptII/ptolemy/actor/lib/test/auto/ComputeHistogram.xml
----------------- Instantiating /home/travis/build/icyphy/ptII/ptolemy/actor/lib/test/auto/ComputeHistogram.xml
34 ms. Memory: 555008K Free: 372082K (67%)
----------------- Invoking toplevel() on ptolemy.moml.MoMLSimpleApplication@69b9160a
----------------- Done invoking toplevel() on ptolemy.moml.MoMLSimpleApplication@69b9160a
reloadAllAccessors: .ComputeHistogram

===========================================================================================
----------------- testing Tue Jan 21 12:20:49 UTC 2020 /home/travis/build/icyphy/ptII/ptolemy/actor/lib/test/auto/ConfigurationSelect.xml
----------------- Instantiating /home/travis/build/icyphy/ptII/ptolemy/actor/lib/test/auto/ConfigurationSelect.xml
10 ms. Memory: 555008K Free: 366932K (66%)
----------------- Invoking toplevel() on ptolemy.moml.MoMLSimpleApplication@72a6df02
----------------- Done invoking toplevel() on ptolemy.moml.MoMLSimpleApplication@72a6df02
reloadAllAccessors: .ConfigurationSelect

===========================================================================================
----------------- testing Tue Jan 21 12:20:49 UTC 2020 /home/travis/build/icyphy/ptII/ptolemy/actor/lib/test/auto/ConfigurationSelect2.xml
----------------- Instantiating /home/travis/build/icyphy/ptII/ptolemy/actor/lib/test/auto/ConfigurationSelect2.xml
2 ms. Memory: 555008K Free: 362356K (65%)
----------------- Invoking toplevel() on ptolemy.moml.MoMLSimpleApplication@10b1ff3
----------------- Done invoking toplevel() on ptolemy.moml.MoMLSimpleApplication@10b1ff3
reloadAllAccessors: .ConfigurationSelect2

===========================================================================================
----------------- testing Tue Jan 21 12:20:49 UTC 2020 /home/travis/build/icyphy/ptII/ptolemy/actor/lib/test/auto/ConfigurationSwitch.xml
----------------- Instantiating /home/travis/build/icyphy/ptII/ptolemy/actor/lib/test/auto/ConfigurationSwitch.xml
2 ms. Memory: 555008K Free: 356722K (64%)
----------------- Invoking toplevel() on ptolemy.moml.MoMLSimpleApplication@b88a781
----------------- Done invoking toplevel() on ptolemy.moml.MoMLSimpleApplication@b88a781
reloadAllAccessors: .ConfigurationSwitch

===========================================================================================
----------------- testing Tue Jan 21 12:20:49 UTC 2020 /home/travis/build/icyphy/ptII/ptolemy/actor/lib/test/auto/ConfigurationSwitch2.xml
----------------- Instantiating /home/travis/build/icyphy/ptII/ptolemy/actor/lib/test/auto/ConfigurationSwitch2.xml
3 ms. Memory: 555008K Free: 351602K (63%)
----------------- Invoking toplevel() on ptolemy.moml.MoMLSimpleApplication@a3aa13c
----------------- Done invoking toplevel() on ptolemy.moml.MoMLSimpleApplication@a3aa13c
reloadAllAccessors: .ConfigurationSwitch2

===========================================================================================
----------------- testing Tue Jan 21 12:20:49 UTC 2020 /home/travis/build/icyphy/ptII/ptolemy/actor/lib/test/auto/ConfigurationSwitchCloningBugWithClassRelationGroup.xml
----------------- Instantiating /home/travis/build/icyphy/ptII/ptolemy/actor/lib/test/auto/ConfigurationSwitchCloningBugWithClassRelationGroup.xml
1 ms. Memory: 555008K Free: 344948K (62%)
----------------- Invoking toplevel() on ptolemy.moml.MoMLSimpleApplication@2b1ab5a
----------------- Done invoking toplevel() on ptolemy.moml.MoMLSimpleApplication@2b1ab5a
reloadAllAccessors: .ConfigurationSwitchCloningBugWithClassRelationGroup

===========================================================================================
----------------- testing Tue Jan 21 12:20:49 UTC 2020 /home/travis/build/icyphy/ptII/ptolemy/actor/lib/test/auto/ConfigurationSwitchSelectSDF.xml
----------------- Instantiating /home/travis/build/icyphy/ptII/ptolemy/actor/lib/test/auto/ConfigurationSwitchSelectSDF.xml
3 ms. Memory: 555008K Free: 339314K (61%)
----------------- Invoking toplevel() on ptolemy.moml.MoMLSimpleApplication@7e6c213e
----------------- Done invoking toplevel() on ptolemy.moml.MoMLSimpleApplication@7e6c213e
reloadAllAccessors: .ConfigurationSwitchSelectSDF

===========================================================================================
----------------- testing Tue Jan 21 12:20:49 UTC 2020 /home/travis/build/icyphy/ptII/ptolemy/actor/lib/test/auto/ConfigurationSwitchSelectSDF2.xml
----------------- Instantiating /home/travis/build/icyphy/ptII/ptolemy/actor/lib/test/auto/ConfigurationSwitchSelectSDF2.xml
2 ms. Memory: 555008K Free: 333684K (60%)
----------------- Invoking toplevel() on ptolemy.moml.MoMLSimpleApplication@4a3d75ef
----------------- Done invoking toplevel() on ptolemy.moml.MoMLSimpleApplication@4a3d75ef
reloadAllAccessors: .ConfigurationSwitchSelectSDF2

===========================================================================================
----------------- testing Tue Jan 21 12:20:49 UTC 2020 /home/travis/build/icyphy/ptII/ptolemy/actor/lib/test/auto/Const.xml
----------------- Instantiating /home/travis/build/icyphy/ptII/ptolemy/actor/lib/test/auto/Const.xml
2 ms. Memory: 555008K Free: 330098K (59%)
----------------- Invoking toplevel() on ptolemy.moml.MoMLSimpleApplication@10ffd1d6
----------------- Done invoking toplevel() on ptolemy.moml.MoMLSimpleApplication@10ffd1d6
reloadAllAccessors: .Const

===========================================================================================
----------------- testing Tue Jan 21 12:20:49 UTC 2020 /home/travis/build/icyphy/ptII/ptolemy/actor/lib/test/auto/Const2.xml
----------------- Instantiating /home/travis/build/icyphy/ptII/ptolemy/actor/lib/test/auto/Const2.xml
2 ms. Memory: 555008K Free: 326516K (59%)
----------------- Invoking toplevel() on ptolemy.moml.MoMLSimpleApplication@765119e1
----------------- Done invoking toplevel() on ptolemy.moml.MoMLSimpleApplication@765119e1
reloadAllAccessors: .Const2

===========================================================================================
----------------- testing Tue Jan 21 12:20:49 UTC 2020 /home/travis/build/icyphy/ptII/ptolemy/actor/lib/test/auto/Const3.xml
----------------- Instantiating /home/travis/build/icyphy/ptII/ptolemy/actor/lib/test/auto/Const3.xml
1 ms. Memory: 555008K Free: 323444K (58%)
----------------- Invoking toplevel() on ptolemy.moml.MoMLSimpleApplication@656c6bcc
----------------- Done invoking toplevel() on ptolemy.moml.MoMLSimpleApplication@656c6bcc
reloadAllAccessors: .Const3

===========================================================================================
----------------- testing Tue Jan 21 12:20:49 UTC 2020 /home/travis/build/icyphy/ptII/ptolemy/actor/lib/test/auto/ConstantPublisherPort1.xml
----------------- Instantiating /home/travis/build/icyphy/ptII/ptolemy/actor/lib/test/auto/ConstantPublisherPort1.xml
7 ms. Memory: 555008K Free: 314738K (57%)
----------------- Invoking toplevel() on ptolemy.moml.MoMLSimpleApplication@5a3420d1
----------------- Done invoking toplevel() on ptolemy.moml.MoMLSimpleApplication@5a3420d1
reloadAllAccessors: .ConstantPublisherPort1

===========================================================================================
----------------- testing Tue Jan 21 12:20:49 UTC 2020 /home/travis/build/icyphy/ptII/ptolemy/actor/lib/test/auto/ConstantPublisherPort2.xml
----------------- Instantiating /home/travis/build/icyphy/ptII/ptolemy/actor/lib/test/auto/ConstantPublisherPort2.xml
14 ms. Memory: 555008K Free: 306546K (55%)
----------------- Invoking toplevel() on ptolemy.moml.MoMLSimpleApplication@20807f65
----------------- Done invoking toplevel() on ptolemy.moml.MoMLSimpleApplication@20807f65
reloadAllAccessors: .ConstantPublisherPort2

===========================================================================================
----------------- testing Tue Jan 21 12:20:49 UTC 2020 /home/travis/build/icyphy/ptII/ptolemy/actor/lib/test/auto/ConstantPublisherPort3.xml
----------------- Instantiating /home/travis/build/icyphy/ptII/ptolemy/actor/lib/test/auto/ConstantPublisherPort3.xml
6 ms. Memory: 555008K Free: 298868K (54%)
----------------- Invoking toplevel() on ptolemy.moml.MoMLSimpleApplication@126f7ef2
----------------- Done invoking toplevel() on ptolemy.moml.MoMLSimpleApplication@126f7ef2
reloadAllAccessors: .ConstantPublisherPort3

===========================================================================================
----------------- testing Tue Jan 21 12:20:49 UTC 2020 /home/travis/build/icyphy/ptII/ptolemy/actor/lib/test/auto/ConstantPublisherPort4.xml
----------------- Instantiating /home/travis/build/icyphy/ptII/ptolemy/actor/lib/test/auto/ConstantPublisherPort4.xml
5 ms. Memory: 555008K Free: 291700K (53%)
----------------- Invoking toplevel() on ptolemy.moml.MoMLSimpleApplication@4558e2
----------------- Done invoking toplevel() on ptolemy.moml.MoMLSimpleApplication@4558e2
reloadAllAccessors: .ConstantPublisherPort4

===========================================================================================
----------------- testing Tue Jan 21 12:20:49 UTC 2020 /home/travis/build/icyphy/ptII/ptolemy/actor/lib/test/auto/ConstantPublisherPort5.xml
----------------- Instantiating /home/travis/build/icyphy/ptII/ptolemy/actor/lib/test/auto/ConstantPublisherPort5.xml
34 ms. Memory: 555008K Free: 282484K (51%)
----------------- Invoking toplevel() on ptolemy.moml.MoMLSimpleApplication@495d0c06
----------------- Done invoking toplevel() on ptolemy.moml.MoMLSimpleApplication@495d0c06
reloadAllAccessors: .ConstantPublisherPort5

===========================================================================================
----------------- testing Tue Jan 21 12:20:50 UTC 2020 /home/travis/build/icyphy/ptII/ptolemy/actor/lib/test/auto/ConstantPublisherPort6.xml
----------------- Instantiating /home/travis/build/icyphy/ptII/ptolemy/actor/lib/test/auto/ConstantPublisherPort6.xml
23 ms. Memory: 555008K Free: 272754K (49%)
----------------- Invoking toplevel() on ptolemy.moml.MoMLSimpleApplication@62258e42
----------------- Done invoking toplevel() on ptolemy.moml.MoMLSimpleApplication@62258e42
reloadAllAccessors: .ConstantPublisherPort6

===========================================================================================
----------------- testing Tue Jan 21 12:20:50 UTC 2020 /home/travis/build/icyphy/ptII/ptolemy/actor/lib/test/auto/ConstantPublisherPort7.xml
----------------- Instantiating /home/travis/build/icyphy/ptII/ptolemy/actor/lib/test/auto/ConstantPublisherPort7.xml
20 ms. Memory: 555008K Free: 263538K (47%)
----------------- Invoking toplevel() on ptolemy.moml.MoMLSimpleApplication@2f1ab43
----------------- Done invoking toplevel() on ptolemy.moml.MoMLSimpleApplication@2f1ab43
reloadAllAccessors: .ConstantPublisherPort7

===========================================================================================
----------------- testing Tue Jan 21 12:20:50 UTC 2020 /home/travis/build/icyphy/ptII/ptolemy/actor/lib/test/auto/ConstraintMonitor1.xml
----------------- Instantiating /home/travis/build/icyphy/ptII/ptolemy/actor/lib/test/auto/ConstraintMonitor1.xml
4 ms. Memory: 555008K Free: 258404K (47%)
----------------- Invoking toplevel() on ptolemy.moml.MoMLSimpleApplication@78a6ecb
----------------- Done invoking toplevel() on ptolemy.moml.MoMLSimpleApplication@78a6ecb
reloadAllAccessors: .ConstraintMonitor1

===========================================================================================
----------------- testing Tue Jan 21 12:20:50 UTC 2020 /home/travis/build/icyphy/ptII/ptolemy/actor/lib/test/auto/ConstraintMonitor2.xml
----------------- Instantiating /home/travis/build/icyphy/ptII/ptolemy/actor/lib/test/auto/ConstraintMonitor2.xml
1 ms. Memory: 555008K Free: 253298K (46%)
----------------- Invoking toplevel() on ptolemy.moml.MoMLSimpleApplication@55cd35e3
----------------- Done invoking toplevel() on ptolemy.moml.MoMLSimpleApplication@55cd35e3
reloadAllAccessors: .ConstraintMonitor2

===========================================================================================
----------------- testing Tue Jan 21 12:20:50 UTC 2020 /home/travis/build/icyphy/ptII/ptolemy/actor/lib/test/auto/ConstraintMonitor3.xml
----------------- Instantiating /home/travis/build/icyphy/ptII/ptolemy/actor/lib/test/auto/ConstraintMonitor3.xml
5 ms. Memory: 555008K Free: 249202K (45%)
----------------- Invoking toplevel() on ptolemy.moml.MoMLSimpleApplication@589e4dcc
----------------- Done invoking toplevel() on ptolemy.moml.MoMLSimpleApplication@589e4dcc
reloadAllAccessors: .ConstraintMonitor3

===========================================================================================
----------------- testing Tue Jan 21 12:20:50 UTC 2020 /home/travis/build/icyphy/ptII/ptolemy/actor/lib/test/auto/ConstraintMonitor4.xml
----------------- Instantiating /home/travis/build/icyphy/ptII/ptolemy/actor/lib/test/auto/ConstraintMonitor4.xml
4 ms. Memory: 555008K Free: 244082K (44%)
----------------- Invoking toplevel() on ptolemy.moml.MoMLSimpleApplication@43839c5a
----------------- Done invoking toplevel() on ptolemy.moml.MoMLSimpleApplication@43839c5a
reloadAllAccessors: .ConstraintMonitor4

===========================================================================================
----------------- testing Tue Jan 21 12:20:50 UTC 2020 /home/travis/build/icyphy/ptII/ptolemy/actor/lib/test/auto/ConstraintMonitor5.xml
----------------- Instantiating /home/travis/build/icyphy/ptII/ptolemy/actor/lib/test/auto/ConstraintMonitor5.xml
5 ms. Memory: 555008K Free: 238452K (43%)
----------------- Invoking toplevel() on ptolemy.moml.MoMLSimpleApplication@5c2f2a00
----------------- Done invoking toplevel() on ptolemy.moml.MoMLSimpleApplication@5c2f2a00
reloadAllAccessors: .ConstraintMonitor5

===========================================================================================
----------------- testing Tue Jan 21 12:20:50 UTC 2020 /home/travis/build/icyphy/ptII/ptolemy/actor/lib/test/auto/ConstraintMonitor6.xml
----------------- Instantiating /home/travis/build/icyphy/ptII/ptolemy/actor/lib/test/auto/ConstraintMonitor6.xml
6 ms. Memory: 555008K Free: 232812K (42%)
----------------- Invoking toplevel() on ptolemy.moml.MoMLSimpleApplication@64de0f70
----------------- Done invoking toplevel() on ptolemy.moml.MoMLSimpleApplication@64de0f70
reloadAllAccessors: .ConstraintMonitor6

===========================================================================================
----------------- testing Tue Jan 21 12:20:50 UTC 2020 /home/travis/build/icyphy/ptII/ptolemy/actor/lib/test/auto/ConstraintMonitor7.xml
----------------- Instantiating /home/travis/build/icyphy/ptII/ptolemy/actor/lib/test/auto/ConstraintMonitor7.xml
6 ms. Memory: 555008K Free: 226164K (41%)
----------------- Invoking toplevel() on ptolemy.moml.MoMLSimpleApplication@1719b6c2
----------------- Done invoking toplevel() on ptolemy.moml.MoMLSimpleApplication@1719b6c2
reloadAllAccessors: .ConstraintMonitor7

===========================================================================================
----------------- testing Tue Jan 21 12:20:50 UTC 2020 /home/travis/build/icyphy/ptII/ptolemy/actor/lib/test/auto/ConstraintMonitor8.xml
----------------- Instantiating /home/travis/build/icyphy/ptII/ptolemy/actor/lib/test/auto/ConstraintMonitor8.xml
6 ms. Memory: 555008K Free: 218476K (39%)
----------------- Invoking toplevel() on ptolemy.moml.MoMLSimpleApplication@2cd63f19
----------------- Done invoking toplevel() on ptolemy.moml.MoMLSimpleApplication@2cd63f19
reloadAllAccessors: .ConstraintMonitor8

===========================================================================================
----------------- testing Tue Jan 21 12:20:50 UTC 2020 /home/travis/build/icyphy/ptII/ptolemy/actor/lib/test/auto/Counter.xml
----------------- Instantiating /home/travis/build/icyphy/ptII/ptolemy/actor/lib/test/auto/Counter.xml
3 ms. Memory: 555008K Free: 213876K (39%)
----------------- Invoking toplevel() on ptolemy.moml.MoMLSimpleApplication@6c74a68a
----------------- Done invoking toplevel() on ptolemy.moml.MoMLSimpleApplication@6c74a68a
reloadAllAccessors: .Counter

===========================================================================================
----------------- testing Tue Jan 21 12:20:50 UTC 2020 /home/travis/build/icyphy/ptII/ptolemy/actor/lib/test/auto/CurrentTimeSDF.xml
----------------- Instantiating /home/travis/build/icyphy/ptII/ptolemy/actor/lib/test/auto/CurrentTimeSDF.xml
1 ms. Memory: 555008K Free: 209780K (38%)
----------------- Invoking toplevel() on ptolemy.moml.MoMLSimpleApplication@62ac64ff
----------------- Done invoking toplevel() on ptolemy.moml.MoMLSimpleApplication@62ac64ff
reloadAllAccessors: .CurrentTimeSDF

===========================================================================================
----------------- testing Tue Jan 21 12:20:50 UTC 2020 /home/travis/build/icyphy/ptII/ptolemy/actor/lib/test/auto/DB.xml
----------------- Instantiating /home/travis/build/icyphy/ptII/ptolemy/actor/lib/test/auto/DB.xml
3 ms. Memory: 555008K Free: 204660K (37%)
----------------- Invoking toplevel() on ptolemy.moml.MoMLSimpleApplication@1101bf2f
----------------- Done invoking toplevel() on ptolemy.moml.MoMLSimpleApplication@1101bf2f
reloadAllAccessors: .DB

===========================================================================================
----------------- testing Tue Jan 21 12:20:50 UTC 2020 /home/travis/build/icyphy/ptII/ptolemy/actor/lib/test/auto/DBDE.xml
----------------- Instantiating /home/travis/build/icyphy/ptII/ptolemy/actor/lib/test/auto/DBDE.xml
1 ms. Memory: 555008K Free: 198996K (36%)
----------------- Invoking toplevel() on ptolemy.moml.MoMLSimpleApplication@69701e12
----------------- Done invoking toplevel() on ptolemy.moml.MoMLSimpleApplication@69701e12
reloadAllAccessors: .DBDE

===========================================================================================
----------------- testing Tue Jan 21 12:20:50 UTC 2020 /home/travis/build/icyphy/ptII/ptolemy/actor/lib/test/auto/DateConstructor.xml
----------------- Instantiating /home/travis/build/icyphy/ptII/ptolemy/actor/lib/test/auto/DateConstructor.xml
59 ms. Memory: 555008K Free: 501548K (90%)
----------------- Invoking toplevel() on ptolemy.moml.MoMLSimpleApplication@49d2f58
----------------- Done invoking toplevel() on ptolemy.moml.MoMLSimpleApplication@49d2f58
reloadAllAccessors: .DateConstructor

===========================================================================================
----------------- testing Tue Jan 21 12:20:50 UTC 2020 /home/travis/build/icyphy/ptII/ptolemy/actor/lib/test/auto/DelayTime.xml
----------------- Instantiating /home/travis/build/icyphy/ptII/ptolemy/actor/lib/test/auto/DelayTime.xml
6 ms. Memory: 555008K Free: 495988K (89%)
----------------- Invoking toplevel() on ptolemy.moml.MoMLSimpleApplication@6ea45409
----------------- Done invoking toplevel() on ptolemy.moml.MoMLSimpleApplication@6ea45409
reloadAllAccessors: .DelayTime

===========================================================================================
----------------- testing Tue Jan 21 12:20:50 UTC 2020 /home/travis/build/icyphy/ptII/ptolemy/actor/lib/test/auto/Dictionary1.xml
----------------- Instantiating /home/travis/build/icyphy/ptII/ptolemy/actor/lib/test/auto/Dictionary1.xml
1 ms. Memory: 555008K Free: 490354K (88%)
----------------- Invoking toplevel() on ptolemy.moml.MoMLSimpleApplication@72b5ccec
----------------- Done invoking toplevel() on ptolemy.moml.MoMLSimpleApplication@72b5ccec
reloadAllAccessors: .Dictionary1

===========================================================================================
----------------- testing Tue Jan 21 12:20:50 UTC 2020 /home/travis/build/icyphy/ptII/ptolemy/actor/lib/test/auto/Dictionary2.xml
----------------- Instantiating /home/travis/build/icyphy/ptII/ptolemy/actor/lib/test/auto/Dictionary2.xml
4 ms. Memory: 555008K Free: 485234K (87%)
----------------- Invoking toplevel() on ptolemy.moml.MoMLSimpleApplication@461c0ba5
----------------- Done invoking toplevel() on ptolemy.moml.MoMLSimpleApplication@461c0ba5
reloadAllAccessors: .Dictionary2

===========================================================================================
----------------- testing Tue Jan 21 12:20:50 UTC 2020 /home/travis/build/icyphy/ptII/ptolemy/actor/lib/test/auto/Dictionary3.xml
----------------- Instantiating /home/travis/build/icyphy/ptII/ptolemy/actor/lib/test/auto/Dictionary3.xml
1 ms. Memory: 555008K Free: 479604K (86%)
----------------- Invoking toplevel() on ptolemy.moml.MoMLSimpleApplication@3785c22f
----------------- Done invoking toplevel() on ptolemy.moml.MoMLSimpleApplication@3785c22f
reloadAllAccessors: .Dictionary3

===========================================================================================
----------------- testing Tue Jan 21 12:20:50 UTC 2020 /home/travis/build/icyphy/ptII/ptolemy/actor/lib/test/auto/Dictionary4.xml
----------------- Instantiating /home/travis/build/icyphy/ptII/ptolemy/actor/lib/test/auto/Dictionary4.xml
4 ms. Memory: 555008K Free: 472436K (85%)
----------------- Invoking toplevel() on ptolemy.moml.MoMLSimpleApplication@193574f2
----------------- Done invoking toplevel() on ptolemy.moml.MoMLSimpleApplication@193574f2
reloadAllAccessors: .Dictionary4

===========================================================================================
----------------- testing Tue Jan 21 12:20:50 UTC 2020 /home/travis/build/icyphy/ptII/ptolemy/actor/lib/test/auto/Differential.xml
----------------- Instantiating /home/travis/build/icyphy/ptII/ptolemy/actor/lib/test/auto/Differential.xml
3 ms. Memory: 555008K Free: 468340K (84%)
----------------- Invoking toplevel() on ptolemy.moml.MoMLSimpleApplication@24c884c6
----------------- Done invoking toplevel() on ptolemy.moml.MoMLSimpleApplication@24c884c6
reloadAllAccessors: .Differential

===========================================================================================
----------------- testing Tue Jan 21 12:20:50 UTC 2020 /home/travis/build/icyphy/ptII/ptolemy/actor/lib/test/auto/Director.xml
----------------- Instantiating /home/travis/build/icyphy/ptII/ptolemy/actor/lib/test/auto/Director.xml
3 ms. Memory: 555008K Free: 464754K (84%)
----------------- Invoking toplevel() on ptolemy.moml.MoMLSimpleApplication@630ba1f5
----------------- Done invoking toplevel() on ptolemy.moml.MoMLSimpleApplication@630ba1f5
reloadAllAccessors: .Director

===========================================================================================
----------------- testing Tue Jan 21 12:20:50 UTC 2020 /home/travis/build/icyphy/ptII/ptolemy/actor/lib/test/auto/DiscreteClock.xml
----------------- Instantiating /home/travis/build/icyphy/ptII/ptolemy/actor/lib/test/auto/DiscreteClock.xml
1 ms. Memory: 555008K Free: 460658K (83%)
----------------- Invoking toplevel() on ptolemy.moml.MoMLSimpleApplication@a7c8e4
----------------- Done invoking toplevel() on ptolemy.moml.MoMLSimpleApplication@a7c8e4
reloadAllAccessors: .DiscreteClock

===========================================================================================
----------------- testing Tue Jan 21 12:20:50 UTC 2020 /home/travis/build/icyphy/ptII/ptolemy/actor/lib/test/auto/DiscreteClock10.xml
----------------- Instantiating /home/travis/build/icyphy/ptII/ptolemy/actor/lib/test/auto/DiscreteClock10.xml
3 ms. Memory: 555008K Free: 454514K (82%)
----------------- Invoking toplevel() on ptolemy.moml.MoMLSimpleApplication@1ea3263e
----------------- Done invoking toplevel() on ptolemy.moml.MoMLSimpleApplication@1ea3263e
reloadAllAccessors: .DiscreteClock10

===========================================================================================
----------------- testing Tue Jan 21 12:20:50 UTC 2020 /home/travis/build/icyphy/ptII/ptolemy/actor/lib/test/auto/DiscreteClock11.xml
----------------- Instantiating /home/travis/build/icyphy/ptII/ptolemy/actor/lib/test/auto/DiscreteClock11.xml
2 ms. Memory: 555008K Free: 448884K (81%)
----------------- Invoking toplevel() on ptolemy.moml.MoMLSimpleApplication@1c537c6a
----------------- Done invoking toplevel() on ptolemy.moml.MoMLSimpleApplication@1c537c6a
reloadAllAccessors: .DiscreteClock11

===========================================================================================
----------------- testing Tue Jan 21 12:20:50 UTC 2020 /home/travis/build/icyphy/ptII/ptolemy/actor/lib/test/auto/DiscreteClock12.xml
----------------- Instantiating /home/travis/build/icyphy/ptII/ptolemy/actor/lib/test/auto/DiscreteClock12.xml
2 ms. Memory: 555008K Free: 442740K (80%)
----------------- Invoking toplevel() on ptolemy.moml.MoMLSimpleApplication@cd1cc03
----------------- Done invoking toplevel() on ptolemy.moml.MoMLSimpleApplication@cd1cc03
reloadAllAccessors: .DiscreteClock12

===========================================================================================
----------------- testing Tue Jan 21 12:20:50 UTC 2020 /home/travis/build/icyphy/ptII/ptolemy/actor/lib/test/auto/DiscreteClock13.xml
----------------- Instantiating /home/travis/build/icyphy/ptII/ptolemy/actor/lib/test/auto/DiscreteClock13.xml
5 ms. Memory: 555008K Free: 436596K (79%)
----------------- Invoking toplevel() on ptolemy.moml.MoMLSimpleApplication@5cd73e49
----------------- Done invoking toplevel() on ptolemy.moml.MoMLSimpleApplication@5cd73e49
reloadAllAccessors: .DiscreteClock13

===========================================================================================
----------------- testing Tue Jan 21 12:20:50 UTC 2020 /home/travis/build/icyphy/ptII/ptolemy/actor/lib/test/auto/DiscreteClock14.xml
----------------- Instantiating /home/travis/build/icyphy/ptII/ptolemy/actor/lib/test/auto/DiscreteClock14.xml
5 ms. Memory: 555008K Free: 430452K (78%)
----------------- Invoking toplevel() on ptolemy.moml.MoMLSimpleApplication@5db4c3d1
----------------- Done invoking toplevel() on ptolemy.moml.MoMLSimpleApplication@5db4c3d1
reloadAllAccessors: .DiscreteClock14

===========================================================================================
----------------- testing Tue Jan 21 12:20:50 UTC 2020 /home/travis/build/icyphy/ptII/ptolemy/actor/lib/test/auto/DiscreteClock15.xml
----------------- Instantiating /home/travis/build/icyphy/ptII/ptolemy/actor/lib/test/auto/DiscreteClock15.xml
4 ms. Memory: 555008K Free: 424812K (77%)
----------------- Invoking toplevel() on ptolemy.moml.MoMLSimpleApplication@7a744b7d
----------------- Done invoking toplevel() on ptolemy.moml.MoMLSimpleApplication@7a744b7d
reloadAllAccessors: .DiscreteClock15

===========================================================================================
----------------- testing Tue Jan 21 12:20:50 UTC 2020 /home/travis/build/icyphy/ptII/ptolemy/actor/lib/test/auto/DiscreteClock16.xml
----------------- Instantiating /home/travis/build/icyphy/ptII/ptolemy/actor/lib/test/auto/DiscreteClock16.xml
17 ms. Memory: 555008K Free: 410996K (74%)
----------------- Invoking toplevel() on ptolemy.moml.MoMLSimpleApplication@48256d62
----------------- Done invoking toplevel() on ptolemy.moml.MoMLSimpleApplication@48256d62
reloadAllAccessors: .DiscreteClock16

===========================================================================================
----------------- testing Tue Jan 21 12:20:50 UTC 2020 /home/travis/build/icyphy/ptII/ptolemy/actor/lib/test/auto/DiscreteClock17.xml
----------------- Instantiating /home/travis/build/icyphy/ptII/ptolemy/actor/lib/test/auto/DiscreteClock17.xml
16 ms. Memory: 555008K Free: 396140K (71%)
----------------- Invoking toplevel() on ptolemy.moml.MoMLSimpleApplication@5108fbd2
----------------- Done invoking toplevel() on ptolemy.moml.MoMLSimpleApplication@5108fbd2
reloadAllAccessors: .DiscreteClock17

===========================================================================================
----------------- testing Tue Jan 21 12:20:50 UTC 2020 /home/travis/build/icyphy/ptII/ptolemy/actor/lib/test/auto/DiscreteClock18.xml
----------------- Instantiating /home/travis/build/icyphy/ptII/ptolemy/actor/lib/test/auto/DiscreteClock18.xml
23 ms. Memory: 555008K Free: 382834K (69%)
----------------- Invoking toplevel() on ptolemy.moml.MoMLSimpleApplication@1d1e8c3a
----------------- Done invoking toplevel() on ptolemy.moml.MoMLSimpleApplication@1d1e8c3a
reloadAllAccessors: .DiscreteClock18

===========================================================================================
----------------- testing Tue Jan 21 12:20:50 UTC 2020 /home/travis/build/icyphy/ptII/ptolemy/actor/lib/test/auto/DiscreteClock19.xml
----------------- Instantiating /home/travis/build/icyphy/ptII/ptolemy/actor/lib/test/auto/DiscreteClock19.xml
11 ms. Memory: 555008K Free: 369012K (66%)
----------------- Invoking toplevel() on ptolemy.moml.MoMLSimpleApplication@756a81be
----------------- Done invoking toplevel() on ptolemy.moml.MoMLSimpleApplication@756a81be
reloadAllAccessors: .DiscreteClock19

===========================================================================================
----------------- testing Tue Jan 21 12:20:50 UTC 2020 /home/travis/build/icyphy/ptII/ptolemy/actor/lib/test/auto/DiscreteClock2.xml
----------------- Instantiating /home/travis/build/icyphy/ptII/ptolemy/actor/lib/test/auto/DiscreteClock2.xml
4 ms. Memory: 555008K Free: 363892K (66%)
----------------- Invoking toplevel() on ptolemy.moml.MoMLSimpleApplication@13330fc8
----------------- Done invoking toplevel() on ptolemy.moml.MoMLSimpleApplication@13330fc8
reloadAllAccessors: .DiscreteClock2

===========================================================================================
----------------- testing Tue Jan 21 12:20:50 UTC 2020 /home/travis/build/icyphy/ptII/ptolemy/actor/lib/test/auto/DiscreteClock20.xml
----------------- Instantiating /home/travis/build/icyphy/ptII/ptolemy/actor/lib/test/auto/DiscreteClock20.xml
4 ms. Memory: 555008K Free: 358258K (65%)
----------------- Invoking toplevel() on ptolemy.moml.MoMLSimpleApplication@4b7c0640
----------------- Done invoking toplevel() on ptolemy.moml.MoMLSimpleApplication@4b7c0640
reloadAllAccessors: .DiscreteClock20

===========================================================================================
----------------- testing Tue Jan 21 12:20:50 UTC 2020 /home/travis/build/icyphy/ptII/ptolemy/actor/lib/test/auto/DiscreteClock21.xml
----------------- Instantiating /home/travis/build/icyphy/ptII/ptolemy/actor/lib/test/auto/DiscreteClock21.xml
6 ms. Memory: 555008K Free: 353138K (64%)
----------------- Invoking toplevel() on ptolemy.moml.MoMLSimpleApplication@247cd817
----------------- Done invoking toplevel() on ptolemy.moml.MoMLSimpleApplication@247cd817
reloadAllAccessors: .DiscreteClock21

===========================================================================================
----------------- testing Tue Jan 21 12:20:51 UTC 2020 /home/travis/build/icyphy/ptII/ptolemy/actor/lib/test/auto/DiscreteClock22.xml
----------------- Instantiating /home/travis/build/icyphy/ptII/ptolemy/actor/lib/test/auto/DiscreteClock22.xml
5 ms. Memory: 555008K Free: 347508K (63%)
----------------- Invoking toplevel() on ptolemy.moml.MoMLSimpleApplication@4b1b537d
----------------- Done invoking toplevel() on ptolemy.moml.MoMLSimpleApplication@4b1b537d
reloadAllAccessors: .DiscreteClock22

===========================================================================================
----------------- testing Tue Jan 21 12:20:51 UTC 2020 /home/travis/build/icyphy/ptII/ptolemy/actor/lib/test/auto/DiscreteClock23.xml
----------------- Instantiating /home/travis/build/icyphy/ptII/ptolemy/actor/lib/test/auto/DiscreteClock23.xml
4 ms. Memory: 555008K Free: 341874K (62%)
----------------- Invoking toplevel() on ptolemy.moml.MoMLSimpleApplication@4879346c
----------------- Done invoking toplevel() on ptolemy.moml.MoMLSimpleApplication@4879346c
reloadAllAccessors: .DiscreteClock23

===========================================================================================
----------------- testing Tue Jan 21 12:20:51 UTC 2020 /home/travis/build/icyphy/ptII/ptolemy/actor/lib/test/auto/DiscreteClock24.xml
----------------- Instantiating /home/travis/build/icyphy/ptII/ptolemy/actor/lib/test/auto/DiscreteClock24.xml
4 ms. Memory: 555008K Free: 336244K (61%)
----------------- Invoking toplevel() on ptolemy.moml.MoMLSimpleApplication@53c0a6bb
----------------- Done invoking toplevel() on ptolemy.moml.MoMLSimpleApplication@53c0a6bb
reloadAllAccessors: .DiscreteClock24

===========================================================================================
----------------- testing Tue Jan 21 12:20:51 UTC 2020 /home/travis/build/icyphy/ptII/ptolemy/actor/lib/test/auto/DiscreteClock4.xml
----------------- Instantiating /home/travis/build/icyphy/ptII/ptolemy/actor/lib/test/auto/DiscreteClock4.xml
1 ms. Memory: 555008K Free: 330610K (60%)
----------------- Invoking toplevel() on ptolemy.moml.MoMLSimpleApplication@2a1680bc
----------------- Done invoking toplevel() on ptolemy.moml.MoMLSimpleApplication@2a1680bc
reloadAllAccessors: .DiscreteClock4

===========================================================================================
----------------- testing Tue Jan 21 12:20:51 UTC 2020 /home/travis/build/icyphy/ptII/ptolemy/actor/lib/test/auto/DiscreteClock5.xml
----------------- Instantiating /home/travis/build/icyphy/ptII/ptolemy/actor/lib/test/auto/DiscreteClock5.xml
1 ms. Memory: 555008K Free: 324980K (59%)
----------------- Invoking toplevel() on ptolemy.moml.MoMLSimpleApplication@31aca353
----------------- Done invoking toplevel() on ptolemy.moml.MoMLSimpleApplication@31aca353
reloadAllAccessors: .DiscreteClock5

===========================================================================================
----------------- testing Tue Jan 21 12:20:51 UTC 2020 /home/travis/build/icyphy/ptII/ptolemy/actor/lib/test/auto/DiscreteClock6.xml
----------------- Instantiating /home/travis/build/icyphy/ptII/ptolemy/actor/lib/test/auto/DiscreteClock6.xml
1 ms. Memory: 555008K Free: 320370K (58%)
----------------- Invoking toplevel() on ptolemy.moml.MoMLSimpleApplication@667d0395
----------------- Done invoking toplevel() on ptolemy.moml.MoMLSimpleApplication@667d0395
reloadAllAccessors: .DiscreteClock6

===========================================================================================
----------------- testing Tue Jan 21 12:20:51 UTC 2020 /home/travis/build/icyphy/ptII/ptolemy/actor/lib/test/auto/DiscreteClock7.xml
----------------- Instantiating /home/travis/build/icyphy/ptII/ptolemy/actor/lib/test/auto/DiscreteClock7.xml
1 ms. Memory: 555008K Free: 315250K (57%)
----------------- Invoking toplevel() on ptolemy.moml.MoMLSimpleApplication@290d74af
----------------- Done invoking toplevel() on ptolemy.moml.MoMLSimpleApplication@290d74af
reloadAllAccessors: .DiscreteClock7

===========================================================================================
----------------- testing Tue Jan 21 12:20:51 UTC 2020 /home/travis/build/icyphy/ptII/ptolemy/actor/lib/test/auto/DiscreteClock8.xml
----------------- Instantiating /home/travis/build/icyphy/ptII/ptolemy/actor/lib/test/auto/DiscreteClock8.xml
7 ms. Memory: 555008K Free: 309620K (56%)
----------------- Invoking toplevel() on ptolemy.moml.MoMLSimpleApplication@42bd4f52
----------------- Done invoking toplevel() on ptolemy.moml.MoMLSimpleApplication@42bd4f52
reloadAllAccessors: .DiscreteClock8

===========================================================================================
----------------- testing Tue Jan 21 12:20:51 UTC 2020 /home/travis/build/icyphy/ptII/ptolemy/actor/lib/test/auto/DiscreteClock9.xml
----------------- Instantiating /home/travis/build/icyphy/ptII/ptolemy/actor/lib/test/auto/DiscreteClock9.xml
4 ms. Memory: 555008K Free: 303972K (55%)
----------------- Invoking toplevel() on ptolemy.moml.MoMLSimpleApplication@7857dd92
----------------- Done invoking toplevel() on ptolemy.moml.MoMLSimpleApplication@7857dd92
reloadAllAccessors: .DiscreteClock9

===========================================================================================
----------------- testing Tue Jan 21 12:20:51 UTC 2020 /home/travis/build/icyphy/ptII/ptolemy/actor/lib/test/auto/DisplayArray.xml
----------------- Instantiating /home/travis/build/icyphy/ptII/ptolemy/actor/lib/test/auto/DisplayArray.xml
1 ms. Memory: 555008K Free: 300404K (54%)
----------------- Invoking toplevel() on ptolemy.moml.MoMLSimpleApplication@b095de8
----------------- Done invoking toplevel() on ptolemy.moml.MoMLSimpleApplication@b095de8
reloadAllAccessors: .DisplayArray

===========================================================================================
----------------- testing Tue Jan 21 12:20:51 UTC 2020 /home/travis/build/icyphy/ptII/ptolemy/actor/lib/test/auto/Distributor.xml
----------------- Instantiating /home/travis/build/icyphy/ptII/ptolemy/actor/lib/test/auto/Distributor.xml
1 ms. Memory: 555008K Free: 295284K (53%)
----------------- Invoking toplevel() on ptolemy.moml.MoMLSimpleApplication@13b675e2
----------------- Done invoking toplevel() on ptolemy.moml.MoMLSimpleApplication@13b675e2
reloadAllAccessors: .Distributor

===========================================================================================
----------------- testing Tue Jan 21 12:20:51 UTC 2020 /home/travis/build/icyphy/ptII/ptolemy/actor/lib/test/auto/Distributor2.xml
----------------- Instantiating /home/travis/build/icyphy/ptII/ptolemy/actor/lib/test/auto/Distributor2.xml
1 ms. Memory: 555008K Free: 290164K (52%)
----------------- Invoking toplevel() on ptolemy.moml.MoMLSimpleApplication@70bbaf4e
----------------- Done invoking toplevel() on ptolemy.moml.MoMLSimpleApplication@70bbaf4e
reloadAllAccessors: .Distributor2

===========================================================================================
----------------- testing Tue Jan 21 12:20:51 UTC 2020 /home/travis/build/icyphy/ptII/ptolemy/actor/lib/test/auto/DownSample.xml
----------------- Instantiating /home/travis/build/icyphy/ptII/ptolemy/actor/lib/test/auto/DownSample.xml
1 ms. Memory: 555008K Free: 286068K (52%)
----------------- Invoking toplevel() on ptolemy.moml.MoMLSimpleApplication@4085f6b6
----------------- Done invoking toplevel() on ptolemy.moml.MoMLSimpleApplication@4085f6b6
reloadAllAccessors: .DownSample

===========================================================================================
----------------- testing Tue Jan 21 12:20:51 UTC 2020 /home/travis/build/icyphy/ptII/ptolemy/actor/lib/test/auto/ElectronicUnitBase1.xml
----------------- Instantiating /home/travis/build/icyphy/ptII/ptolemy/actor/lib/test/auto/ElectronicUnitBase1.xml
16 ms. Memory: 555008K Free: 270194K (49%)
----------------- Invoking toplevel() on ptolemy.moml.MoMLSimpleApplication@8f35bff
----------------- Done invoking toplevel() on ptolemy.moml.MoMLSimpleApplication@8f35bff
reloadAllAccessors: .ElectronicUnitBase1

===========================================================================================
----------------- testing Tue Jan 21 12:20:51 UTC 2020 /home/travis/build/icyphy/ptII/ptolemy/actor/lib/test/auto/ElementsToArray.xml
----------------- Instantiating /home/travis/build/icyphy/ptII/ptolemy/actor/lib/test/auto/ElementsToArray.xml
1 ms. Memory: 555008K Free: 265074K (48%)
----------------- Invoking toplevel() on ptolemy.moml.MoMLSimpleApplication@218143e
----------------- Done invoking toplevel() on ptolemy.moml.MoMLSimpleApplication@218143e
reloadAllAccessors: .ElementsToArray

===========================================================================================
----------------- testing Tue Jan 21 12:20:51 UTC 2020 /home/travis/build/icyphy/ptII/ptolemy/actor/lib/test/auto/Equals.xml
----------------- Instantiating /home/travis/build/icyphy/ptII/ptolemy/actor/lib/test/auto/Equals.xml
1 ms. Memory: 555008K Free: 260468K (47%)
----------------- Invoking toplevel() on ptolemy.moml.MoMLSimpleApplication@701a5743
----------------- Done invoking toplevel() on ptolemy.moml.MoMLSimpleApplication@701a5743
reloadAllAccessors: .Equals

===========================================================================================
----------------- testing Tue Jan 21 12:20:51 UTC 2020 /home/travis/build/icyphy/ptII/ptolemy/actor/lib/test/auto/Exec.xml
----------------- Instantiating /home/travis/build/icyphy/ptII/ptolemy/actor/lib/test/auto/Exec.xml
22 ms. Memory: 555008K Free: 254834K (46%)
----------------- Invoking toplevel() on ptolemy.moml.MoMLSimpleApplication@72bb4735
----------------- Done invoking toplevel() on ptolemy.moml.MoMLSimpleApplication@72bb4735
reloadAllAccessors: .Exec

===========================================================================================
----------------- testing Tue Jan 21 12:20:51 UTC 2020 /home/travis/build/icyphy/ptII/ptolemy/actor/lib/test/auto/ExecEnvironment.xml
----------------- Instantiating /home/travis/build/icyphy/ptII/ptolemy/actor/lib/test/auto/ExecEnvironment.xml
32 ms. Memory: 555008K Free: 249202K (45%)
----------------- Invoking toplevel() on ptolemy.moml.MoMLSimpleApplication@cf5cd64
----------------- Done invoking toplevel() on ptolemy.moml.MoMLSimpleApplication@cf5cd64
reloadAllAccessors: .ExecEnvironment

===========================================================================================
----------------- testing Tue Jan 21 12:20:51 UTC 2020 /home/travis/build/icyphy/ptII/ptolemy/actor/lib/test/auto/ExecNonZeroReturnOutput.xml
----------------- Instantiating /home/travis/build/icyphy/ptII/ptolemy/actor/lib/test/auto/ExecNonZeroReturnOutput.xml
168 ms. Memory: 555008K Free: 237426K (43%)
----------------- Invoking toplevel() on ptolemy.moml.MoMLSimpleApplication@4f4672e9
----------------- Done invoking toplevel() on ptolemy.moml.MoMLSimpleApplication@4f4672e9
reloadAllAccessors: .ExecNonZeroReturnOutput

===========================================================================================
----------------- testing Tue Jan 21 12:20:51 UTC 2020 /home/travis/build/icyphy/ptII/ptolemy/actor/lib/test/auto/ExecRunDemos.xml
----------------- Instantiating /home/travis/build/icyphy/ptII/ptolemy/actor/lib/test/auto/ExecRunDemos.xml
Finished: 65 ms. Memory: 129024K Free: 111955K (87%)

Finished: 91 ms. Memory: 129024K Free: 109404K (85%)

Finished: 122 ms. Memory: 129024K Free: 109531K (85%)

Finished: 52 ms. Memory: 129024K Free: 111087K (86%)

Finished: 67 ms. Memory: 129024K Free: 112040K (87%)

10648 ms. Memory: 555008K Free: 215922K (39%)
----------------- Invoking toplevel() on ptolemy.moml.MoMLSimpleApplication@37310b51
----------------- Done invoking toplevel() on ptolemy.moml.MoMLSimpleApplication@37310b51
reloadAllAccessors: .ExecRunDemos

===========================================================================================
----------------- testing Tue Jan 21 12:21:02 UTC 2020 /home/travis/build/icyphy/ptII/ptolemy/actor/lib/test/auto/ExecStop.xml
----------------- Instantiating /home/travis/build/icyphy/ptII/ptolemy/actor/lib/test/auto/ExecStop.xml
5010 ms. Memory: 555008K Free: 408434K (74%)
----------------- Invoking toplevel() on ptolemy.moml.MoMLSimpleApplication@78cb8f3
----------------- Done invoking toplevel() on ptolemy.moml.MoMLSimpleApplication@78cb8f3
reloadAllAccessors: .ExecStop

===========================================================================================
----------------- testing Tue Jan 21 12:21:07 UTC 2020 /home/travis/build/icyphy/ptII/ptolemy/actor/lib/test/auto/ExecutionTimeSDF.xml
----------------- Instantiating /home/travis/build/icyphy/ptII/ptolemy/actor/lib/test/auto/ExecutionTimeSDF.xml
Fired ExecutionTime: -1162967296
Fired ExecutionTime: 1328000000
Fired ExecutionTime: -187367296
6013 ms. Memory: 555008K Free: 395122K (71%)

===========================================================================================
----------------- testing Tue Jan 21 12:21:13 UTC 2020 /home/travis/build/icyphy/ptII/ptolemy/actor/lib/test/auto/Expression1.xml
----------------- Instantiating /home/travis/build/icyphy/ptII/ptolemy/actor/lib/test/auto/Expression1.xml
5 ms. Memory: 555008K Free: 390516K (70%)
----------------- Invoking toplevel() on ptolemy.moml.MoMLSimpleApplication@110a0290
----------------- Done invoking toplevel() on ptolemy.moml.MoMLSimpleApplication@110a0290
reloadAllAccessors: .Expression1

===========================================================================================
----------------- testing Tue Jan 21 12:21:13 UTC 2020 /home/travis/build/icyphy/ptII/ptolemy/actor/lib/test/auto/Expression10.xml
----------------- Instantiating /home/travis/build/icyphy/ptII/ptolemy/actor/lib/test/auto/Expression10.xml
6 ms. Memory: 555008K Free: 384882K (69%)
----------------- Invoking toplevel() on ptolemy.moml.MoMLSimpleApplication@8a3cdef
----------------- Done invoking toplevel() on ptolemy.moml.MoMLSimpleApplication@8a3cdef
reloadAllAccessors: .Expression10

===========================================================================================
----------------- testing Tue Jan 21 12:21:13 UTC 2020 /home/travis/build/icyphy/ptII/ptolemy/actor/lib/test/auto/Expression11.xml
----------------- Instantiating /home/travis/build/icyphy/ptII/ptolemy/actor/lib/test/auto/Expression11.xml
2 ms. Memory: 555008K Free: 380786K (69%)
----------------- Invoking toplevel() on ptolemy.moml.MoMLSimpleApplication@5e844a67
----------------- Done invoking toplevel() on ptolemy.moml.MoMLSimpleApplication@5e844a67
reloadAllAccessors: .Expression11

===========================================================================================
----------------- testing Tue Jan 21 12:21:13 UTC 2020 /home/travis/build/icyphy/ptII/ptolemy/actor/lib/test/auto/Expression12.xml
----------------- Instantiating /home/travis/build/icyphy/ptII/ptolemy/actor/lib/test/auto/Expression12.xml
4 ms. Memory: 555008K Free: 375156K (68%)
----------------- Invoking toplevel() on ptolemy.moml.MoMLSimpleApplication@5a35f4f3
----------------- Done invoking toplevel() on ptolemy.moml.MoMLSimpleApplication@5a35f4f3
reloadAllAccessors: .Expression12

===========================================================================================
----------------- testing Tue Jan 21 12:21:13 UTC 2020 /home/travis/build/icyphy/ptII/ptolemy/actor/lib/test/auto/Expression13.xml
----------------- Instantiating /home/travis/build/icyphy/ptII/ptolemy/actor/lib/test/auto/Expression13.xml
8 ms. Memory: 555008K Free: 370036K (67%)
----------------- Invoking toplevel() on ptolemy.moml.MoMLSimpleApplication@5919eac
----------------- Done invoking toplevel() on ptolemy.moml.MoMLSimpleApplication@5919eac
reloadAllAccessors: .Expression13

===========================================================================================
----------------- testing Tue Jan 21 12:21:13 UTC 2020 /home/travis/build/icyphy/ptII/ptolemy/actor/lib/test/auto/Expression14.xml
----------------- Instantiating /home/travis/build/icyphy/ptII/ptolemy/actor/lib/test/auto/Expression14.xml
8 ms. Memory: 555008K Free: 364402K (66%)
----------------- Invoking toplevel() on ptolemy.moml.MoMLSimpleApplication@7648dfae
----------------- Done invoking toplevel() on ptolemy.moml.MoMLSimpleApplication@7648dfae
reloadAllAccessors: .Expression14

===========================================================================================
----------------- testing Tue Jan 21 12:21:13 UTC 2020 /home/travis/build/icyphy/ptII/ptolemy/actor/lib/test/auto/Expression15.xml
----------------- Instantiating /home/travis/build/icyphy/ptII/ptolemy/actor/lib/test/auto/Expression15.xml
1 ms. Memory: 555008K Free: 360306K (65%)
----------------- Invoking toplevel() on ptolemy.moml.MoMLSimpleApplication@1ec40433
----------------- Done invoking toplevel() on ptolemy.moml.MoMLSimpleApplication@1ec40433
reloadAllAccessors: .Expression15

===========================================================================================
----------------- testing Tue Jan 21 12:21:13 UTC 2020 /home/travis/build/icyphy/ptII/ptolemy/actor/lib/test/auto/Expression16.xml
----------------- Instantiating /home/travis/build/icyphy/ptII/ptolemy/actor/lib/test/auto/Expression16.xml
3 ms. Memory: 555008K Free: 355186K (64%)
----------------- Invoking toplevel() on ptolemy.moml.MoMLSimpleApplication@48230964
----------------- Done invoking toplevel() on ptolemy.moml.MoMLSimpleApplication@48230964
reloadAllAccessors: .Expression16

===========================================================================================
----------------- testing Tue Jan 21 12:21:13 UTC 2020 /home/travis/build/icyphy/ptII/ptolemy/actor/lib/test/auto/Expression17.xml
----------------- Instantiating /home/travis/build/icyphy/ptII/ptolemy/actor/lib/test/auto/Expression17.xml
4 ms. Memory: 555008K Free: 350066K (63%)
----------------- Invoking toplevel() on ptolemy.moml.MoMLSimpleApplication@30222330
----------------- Done invoking toplevel() on ptolemy.moml.MoMLSimpleApplication@30222330
reloadAllAccessors: .Expression17

===========================================================================================
----------------- testing Tue Jan 21 12:21:13 UTC 2020 /home/travis/build/icyphy/ptII/ptolemy/actor/lib/test/auto/Expression18.xml
----------------- Instantiating /home/travis/build/icyphy/ptII/ptolemy/actor/lib/test/auto/Expression18.xml
3 ms. Memory: 555008K Free: 344946K (62%)
----------------- Invoking toplevel() on ptolemy.moml.MoMLSimpleApplication@670693c4
----------------- Done invoking toplevel() on ptolemy.moml.MoMLSimpleApplication@670693c4
reloadAllAccessors: .Expression18

===========================================================================================
----------------- testing Tue Jan 21 12:21:13 UTC 2020 /home/travis/build/icyphy/ptII/ptolemy/actor/lib/test/auto/Expression2.xml
----------------- Instantiating /home/travis/build/icyphy/ptII/ptolemy/actor/lib/test/auto/Expression2.xml
2 ms. Memory: 555008K Free: 339826K (61%)
----------------- Invoking toplevel() on ptolemy.moml.MoMLSimpleApplication@4388a28d
----------------- Done invoking toplevel() on ptolemy.moml.MoMLSimpleApplication@4388a28d
reloadAllAccessors: .Expression2

===========================================================================================
----------------- testing Tue Jan 21 12:21:13 UTC 2020 /home/travis/build/icyphy/ptII/ptolemy/actor/lib/test/auto/Expression3.xml
----------------- Instantiating /home/travis/build/icyphy/ptII/ptolemy/actor/lib/test/auto/Expression3.xml
6 ms. Memory: 555008K Free: 334706K (60%)
----------------- Invoking toplevel() on ptolemy.moml.MoMLSimpleApplication@31949585
----------------- Done invoking toplevel() on ptolemy.moml.MoMLSimpleApplication@31949585
reloadAllAccessors: .Expression3

===========================================================================================
----------------- testing Tue Jan 21 12:21:13 UTC 2020 /home/travis/build/icyphy/ptII/ptolemy/actor/lib/test/auto/Expression4.xml
----------------- Instantiating /home/travis/build/icyphy/ptII/ptolemy/actor/lib/test/auto/Expression4.xml
4 ms. Memory: 555008K Free: 327028K (59%)
----------------- Invoking toplevel() on ptolemy.moml.MoMLSimpleApplication@3b5f9011
----------------- Done invoking toplevel() on ptolemy.moml.MoMLSimpleApplication@3b5f9011
reloadAllAccessors: .Expression4

===========================================================================================
----------------- testing Tue Jan 21 12:21:13 UTC 2020 /home/travis/build/icyphy/ptII/ptolemy/actor/lib/test/auto/Expression5.xml
----------------- Instantiating /home/travis/build/icyphy/ptII/ptolemy/actor/lib/test/auto/Expression5.xml
5 ms. Memory: 555008K Free: 322418K (58%)
----------------- Invoking toplevel() on ptolemy.moml.MoMLSimpleApplication@10433841
----------------- Done invoking toplevel() on ptolemy.moml.MoMLSimpleApplication@10433841
reloadAllAccessors: .Expression5

===========================================================================================
----------------- testing Tue Jan 21 12:21:13 UTC 2020 /home/travis/build/icyphy/ptII/ptolemy/actor/lib/test/auto/Expression6.xml
----------------- Instantiating /home/travis/build/icyphy/ptII/ptolemy/actor/lib/test/auto/Expression6.xml
2 ms. Memory: 555008K Free: 317812K (57%)
----------------- Invoking toplevel() on ptolemy.moml.MoMLSimpleApplication@799f31cb
----------------- Done invoking toplevel() on ptolemy.moml.MoMLSimpleApplication@799f31cb
reloadAllAccessors: .Expression6

===========================================================================================
----------------- testing Tue Jan 21 12:21:13 UTC 2020 /home/travis/build/icyphy/ptII/ptolemy/actor/lib/test/auto/Expression7.xml
----------------- Instantiating /home/travis/build/icyphy/ptII/ptolemy/actor/lib/test/auto/Expression7.xml
2 ms. Memory: 555008K Free: 312692K (56%)
----------------- Invoking toplevel() on ptolemy.moml.MoMLSimpleApplication@14180fd2
----------------- Done invoking toplevel() on ptolemy.moml.MoMLSimpleApplication@14180fd2
reloadAllAccessors: .Expression7

===========================================================================================
----------------- testing Tue Jan 21 12:21:13 UTC 2020 /home/travis/build/icyphy/ptII/ptolemy/actor/lib/test/auto/Expression8.xml
----------------- Instantiating /home/travis/build/icyphy/ptII/ptolemy/actor/lib/test/auto/Expression8.xml
8 ms. Memory: 555008K Free: 307572K (55%)
----------------- Invoking toplevel() on ptolemy.moml.MoMLSimpleApplication@5aed787c
----------------- Done invoking toplevel() on ptolemy.moml.MoMLSimpleApplication@5aed787c
reloadAllAccessors: .Expression8

===========================================================================================
----------------- testing Tue Jan 21 12:21:13 UTC 2020 /home/travis/build/icyphy/ptII/ptolemy/actor/lib/test/auto/Expression9.xml
----------------- Instantiating /home/travis/build/icyphy/ptII/ptolemy/actor/lib/test/auto/Expression9.xml
1 ms. Memory: 555008K Free: 303986K (55%)
----------------- Invoking toplevel() on ptolemy.moml.MoMLSimpleApplication@11c1d8b8
----------------- Done invoking toplevel() on ptolemy.moml.MoMLSimpleApplication@11c1d8b8
reloadAllAccessors: .Expression9

===========================================================================================
----------------- testing Tue Jan 21 12:21:13 UTC 2020 /home/travis/build/icyphy/ptII/ptolemy/actor/lib/test/auto/ExpressionConcatenateArrayType.xml
----------------- Instantiating /home/travis/build/icyphy/ptII/ptolemy/actor/lib/test/auto/ExpressionConcatenateArrayType.xml
3 ms. Memory: 555008K Free: 297332K (54%)
----------------- Invoking toplevel() on ptolemy.moml.MoMLSimpleApplication@30611def
----------------- Done invoking toplevel() on ptolemy.moml.MoMLSimpleApplication@30611def
reloadAllAccessors: .ExpressionConcatenateArrayType

===========================================================================================
----------------- testing Tue Jan 21 12:21:13 UTC 2020 /home/travis/build/icyphy/ptII/ptolemy/actor/lib/test/auto/ExpressionConcatenateArrayType2.xml
----------------- Instantiating /home/travis/build/icyphy/ptII/ptolemy/actor/lib/test/auto/ExpressionConcatenateArrayType2.xml
2 ms. Memory: 555008K Free: 291698K (53%)
----------------- Invoking toplevel() on ptolemy.moml.MoMLSimpleApplication@63875564
----------------- Done invoking toplevel() on ptolemy.moml.MoMLSimpleApplication@63875564
reloadAllAccessors: .ExpressionConcatenateArrayType2

===========================================================================================
----------------- testing Tue Jan 21 12:21:13 UTC 2020 /home/travis/build/icyphy/ptII/ptolemy/actor/lib/test/auto/ExpressionFix.xml
----------------- Instantiating /home/travis/build/icyphy/ptII/ptolemy/actor/lib/test/auto/ExpressionFix.xml
21 ms. Memory: 555008K Free: 285044K (51%)
----------------- Invoking toplevel() on ptolemy.moml.MoMLSimpleApplication@6aca309e
----------------- Done invoking toplevel() on ptolemy.moml.MoMLSimpleApplication@6aca309e
reloadAllAccessors: .ExpressionFix

===========================================================================================
----------------- testing Tue Jan 21 12:21:13 UTC 2020 /home/travis/build/icyphy/ptII/ptolemy/actor/lib/test/auto/ExpressionFix2.xml
----------------- Instantiating /home/travis/build/icyphy/ptII/ptolemy/actor/lib/test/auto/ExpressionFix2.xml
3 ms. Memory: 555008K Free: 281458K (51%)
----------------- Invoking toplevel() on ptolemy.moml.MoMLSimpleApplication@166c3522
----------------- Done invoking toplevel() on ptolemy.moml.MoMLSimpleApplication@166c3522
reloadAllAccessors: .ExpressionFix2

===========================================================================================
----------------- testing Tue Jan 21 12:21:13 UTC 2020 /home/travis/build/icyphy/ptII/ptolemy/actor/lib/test/auto/ExpressionFix3.xml
----------------- Instantiating /home/travis/build/icyphy/ptII/ptolemy/actor/lib/test/auto/ExpressionFix3.xml
2 ms. Memory: 555008K Free: 276852K (50%)
----------------- Invoking toplevel() on ptolemy.moml.MoMLSimpleApplication@476ef411
----------------- Done invoking toplevel() on ptolemy.moml.MoMLSimpleApplication@476ef411
reloadAllAccessors: .ExpressionFix3

===========================================================================================
----------------- testing Tue Jan 21 12:21:13 UTC 2020 /home/travis/build/icyphy/ptII/ptolemy/actor/lib/test/auto/FileWriter1.xml
----------------- Instantiating /home/travis/build/icyphy/ptII/ptolemy/actor/lib/test/auto/FileWriter1.xml
5 ms. Memory: 555008K Free: 272756K (49%)
----------------- Invoking toplevel() on ptolemy.moml.MoMLSimpleApplication@565df17a
----------------- Done invoking toplevel() on ptolemy.moml.MoMLSimpleApplication@565df17a
reloadAllAccessors: .FileWriter1

===========================================================================================
----------------- testing Tue Jan 21 12:21:13 UTC 2020 /home/travis/build/icyphy/ptII/ptolemy/actor/lib/test/auto/FileWriter2.xml
----------------- Instantiating /home/travis/build/icyphy/ptII/ptolemy/actor/lib/test/auto/FileWriter2.xml
3 ms. Memory: 555008K Free: 268132K (48%)
----------------- Invoking toplevel() on ptolemy.moml.MoMLSimpleApplication@4eef172
----------------- Done invoking toplevel() on ptolemy.moml.MoMLSimpleApplication@4eef172
reloadAllAccessors: .FileWriter2

===========================================================================================
----------------- testing Tue Jan 21 12:21:13 UTC 2020 /home/travis/build/icyphy/ptII/ptolemy/actor/lib/test/auto/FileWriter3.xml
----------------- Instantiating /home/travis/build/icyphy/ptII/ptolemy/actor/lib/test/auto/FileWriter3.xml
1 ms. Memory: 555008K Free: 264050K (48%)
----------------- Invoking toplevel() on ptolemy.moml.MoMLSimpleApplication@3c841ffd
----------------- Done invoking toplevel() on ptolemy.moml.MoMLSimpleApplication@3c841ffd
reloadAllAccessors: .FileWriter3

===========================================================================================
----------------- testing Tue Jan 21 12:21:13 UTC 2020 /home/travis/build/icyphy/ptII/ptolemy/actor/lib/test/auto/Gaussian.xml
----------------- Instantiating /home/travis/build/icyphy/ptII/ptolemy/actor/lib/test/auto/Gaussian.xml
2 ms. Memory: 555008K Free: 259954K (47%)
----------------- Invoking toplevel() on ptolemy.moml.MoMLSimpleApplication@bf4d65e
----------------- Done invoking toplevel() on ptolemy.moml.MoMLSimpleApplication@bf4d65e
reloadAllAccessors: .Gaussian

===========================================================================================
----------------- testing Tue Jan 21 12:21:13 UTC 2020 /home/travis/build/icyphy/ptII/ptolemy/actor/lib/test/auto/Gaussian1.xml
----------------- Instantiating /home/travis/build/icyphy/ptII/ptolemy/actor/lib/test/auto/Gaussian1.xml
1 ms. Memory: 555008K Free: 254324K (46%)
----------------- Invoking toplevel() on ptolemy.moml.MoMLSimpleApplication@7629a0f
----------------- Done invoking toplevel() on ptolemy.moml.MoMLSimpleApplication@7629a0f
reloadAllAccessors: .Gaussian1

===========================================================================================
----------------- testing Tue Jan 21 12:21:13 UTC 2020 /home/travis/build/icyphy/ptII/ptolemy/actor/lib/test/auto/Gaussian2.xml
----------------- Instantiating /home/travis/build/icyphy/ptII/ptolemy/actor/lib/test/auto/Gaussian2.xml
10 ms. Memory: 555008K Free: 248676K (45%)
----------------- Invoking toplevel() on ptolemy.moml.MoMLSimpleApplication@26d302cf
----------------- Done invoking toplevel() on ptolemy.moml.MoMLSimpleApplication@26d302cf
reloadAllAccessors: .Gaussian2

===========================================================================================
----------------- testing Tue Jan 21 12:21:13 UTC 2020 /home/travis/build/icyphy/ptII/ptolemy/actor/lib/test/auto/GradientAdaptiveLattice.xml
----------------- Instantiating /home/travis/build/icyphy/ptII/ptolemy/actor/lib/test/auto/GradientAdaptiveLattice.xml
2 ms. Memory: 555008K Free: 243570K (44%)
----------------- Invoking toplevel() on ptolemy.moml.MoMLSimpleApplication@31609ed
----------------- Done invoking toplevel() on ptolemy.moml.MoMLSimpleApplication@31609ed
reloadAllAccessors: .GradientAdaptiveLattice

===========================================================================================
----------------- testing Tue Jan 21 12:21:13 UTC 2020 /home/travis/build/icyphy/ptII/ptolemy/actor/lib/test/auto/IIR.xml
----------------- Instantiating /home/travis/build/icyphy/ptII/ptolemy/actor/lib/test/auto/IIR.xml
1 ms. Memory: 555008K Free: 239474K (43%)
----------------- Invoking toplevel() on ptolemy.moml.MoMLSimpleApplication@3d371af1
----------------- Done invoking toplevel() on ptolemy.moml.MoMLSimpleApplication@3d371af1
reloadAllAccessors: .IIR

===========================================================================================
----------------- testing Tue Jan 21 12:21:13 UTC 2020 /home/travis/build/icyphy/ptII/ptolemy/actor/lib/test/auto/InputOutputTransparentPorts.xml
----------------- Instantiating /home/travis/build/icyphy/ptII/ptolemy/actor/lib/test/auto/InputOutputTransparentPorts.xml
1 ms. Memory: 555008K Free: 232306K (42%)
----------------- Invoking toplevel() on ptolemy.moml.MoMLSimpleApplication@630d9b1a
----------------- Done invoking toplevel() on ptolemy.moml.MoMLSimpleApplication@630d9b1a
reloadAllAccessors: .InputOutputTransparentPorts

===========================================================================================
----------------- testing Tue Jan 21 12:21:14 UTC 2020 /home/travis/build/icyphy/ptII/ptolemy/actor/lib/test/auto/Interpolator.xml
----------------- Instantiating /home/travis/build/icyphy/ptII/ptolemy/actor/lib/test/auto/Interpolator.xml
3 ms. Memory: 555008K Free: 228210K (41%)
----------------- Invoking toplevel() on ptolemy.moml.MoMLSimpleApplication@3589c137
----------------- Done invoking toplevel() on ptolemy.moml.MoMLSimpleApplication@3589c137
reloadAllAccessors: .Interpolator

===========================================================================================
----------------- testing Tue Jan 21 12:21:14 UTC 2020 /home/travis/build/icyphy/ptII/ptolemy/actor/lib/test/auto/InterpolatorFiringLimitDE.xml
----------------- Instantiating /home/travis/build/icyphy/ptII/ptolemy/actor/lib/test/auto/InterpolatorFiringLimitDE.xml
2 ms. Memory: 555008K Free: 222066K (40%)
----------------- Invoking toplevel() on ptolemy.moml.MoMLSimpleApplication@570a8434
----------------- Done invoking toplevel() on ptolemy.moml.MoMLSimpleApplication@570a8434
reloadAllAccessors: .InterpolatorFiringLimitDE

===========================================================================================
----------------- testing Tue Jan 21 12:21:14 UTC 2020 /home/travis/build/icyphy/ptII/ptolemy/actor/lib/test/auto/Lattice.xml
----------------- Instantiating /home/travis/build/icyphy/ptII/ptolemy/actor/lib/test/auto/Lattice.xml
1 ms. Memory: 555008K Free: 217970K (39%)
----------------- Invoking toplevel() on ptolemy.moml.MoMLSimpleApplication@1c2a0094
----------------- Done invoking toplevel() on ptolemy.moml.MoMLSimpleApplication@1c2a0094
reloadAllAccessors: .Lattice

===========================================================================================
----------------- testing Tue Jan 21 12:21:14 UTC 2020 /home/travis/build/icyphy/ptII/ptolemy/actor/lib/test/auto/LazyAOCTestLazy.xml
----------------- Instantiating /home/travis/build/icyphy/ptII/ptolemy/actor/lib/test/auto/LazyAOCTestLazy.xml
7 ms. Memory: 555008K Free: 211812K (38%)
----------------- Invoking toplevel() on ptolemy.moml.MoMLSimpleApplication@705a3509
----------------- Done invoking toplevel() on ptolemy.moml.MoMLSimpleApplication@705a3509
reloadAllAccessors: .LazyAOCTestLazy

===========================================================================================
----------------- testing Tue Jan 21 12:21:14 UTC 2020 /home/travis/build/icyphy/ptII/ptolemy/actor/lib/test/auto/LazyAOCTestNonLazy.xml
----------------- Instantiating /home/travis/build/icyphy/ptII/ptolemy/actor/lib/test/auto/LazyAOCTestNonLazy.xml
2 ms. Memory: 555008K Free: 205682K (37%)
----------------- Invoking toplevel() on ptolemy.moml.MoMLSimpleApplication@3ce4c05e
----------------- Done invoking toplevel() on ptolemy.moml.MoMLSimpleApplication@3ce4c05e
reloadAllAccessors: .LazyAOCTestNonLazy

===========================================================================================
----------------- testing Tue Jan 21 12:21:14 UTC 2020 /home/travis/build/icyphy/ptII/ptolemy/actor/lib/test/auto/LazyInnerClass.xml
----------------- Instantiating /home/travis/build/icyphy/ptII/ptolemy/actor/lib/test/auto/LazyInnerClass.xml
22 ms. Memory: 555008K Free: 196980K (35%)
----------------- Invoking toplevel() on ptolemy.moml.MoMLSimpleApplication@7cee3d8d
----------------- Done invoking toplevel() on ptolemy.moml.MoMLSimpleApplication@7cee3d8d
reloadAllAccessors: .LazyInnerClass

===========================================================================================
----------------- testing Tue Jan 21 12:21:14 UTC 2020 /home/travis/build/icyphy/ptII/ptolemy/actor/lib/test/auto/LazyPubSub.xml
----------------- Instantiating /home/travis/build/icyphy/ptII/ptolemy/actor/lib/test/auto/LazyPubSub.xml
12 ms. Memory: 555008K Free: 186226K (34%)
----------------- Invoking toplevel() on ptolemy.moml.MoMLSimpleApplication@2af04a1c
----------------- Done invoking toplevel() on ptolemy.moml.MoMLSimpleApplication@2af04a1c
reloadAllAccessors: .LazyPubSub

===========================================================================================
----------------- testing Tue Jan 21 12:21:14 UTC 2020 /home/travis/build/icyphy/ptII/ptolemy/actor/lib/test/auto/LazyPubSub2.xml
----------------- Instantiating /home/travis/build/icyphy/ptII/ptolemy/actor/lib/test/auto/LazyPubSub2.xml
15 ms. Memory: 555008K Free: 501108K (90%)
----------------- Invoking toplevel() on ptolemy.moml.MoMLSimpleApplication@5845430e
----------------- Done invoking toplevel() on ptolemy.moml.MoMLSimpleApplication@5845430e
reloadAllAccessors: .LazyPubSub2

===========================================================================================
----------------- testing Tue Jan 21 12:21:14 UTC 2020 /home/travis/build/icyphy/ptII/ptolemy/actor/lib/test/auto/LazyPubSub3.xml
----------------- Instantiating /home/travis/build/icyphy/ptII/ptolemy/actor/lib/test/auto/LazyPubSub3.xml
11 ms. Memory: 555008K Free: 490868K (88%)
----------------- Invoking toplevel() on ptolemy.moml.MoMLSimpleApplication@4d55882
----------------- Done invoking toplevel() on ptolemy.moml.MoMLSimpleApplication@4d55882
reloadAllAccessors: .LazyPubSub3

===========================================================================================
----------------- testing Tue Jan 21 12:21:14 UTC 2020 /home/travis/build/icyphy/ptII/ptolemy/actor/lib/test/auto/LazySubClassModel.xml
----------------- Instantiating /home/travis/build/icyphy/ptII/ptolemy/actor/lib/test/auto/LazySubClassModel.xml
2 ms. Memory: 555008K Free: 481652K (87%)
----------------- Invoking toplevel() on ptolemy.moml.MoMLSimpleApplication@584b6f4c
----------------- Done invoking toplevel() on ptolemy.moml.MoMLSimpleApplication@584b6f4c
reloadAllAccessors: .LazySubClassModel

===========================================================================================
----------------- testing Tue Jan 21 12:21:14 UTC 2020 /home/travis/build/icyphy/ptII/ptolemy/actor/lib/test/auto/LevelCrossTest1.xml
----------------- Instantiating /home/travis/build/icyphy/ptII/ptolemy/actor/lib/test/auto/LevelCrossTest1.xml
1 ms. Memory: 555008K Free: 476018K (86%)
----------------- Invoking toplevel() on ptolemy.moml.MoMLSimpleApplication@5152e64c
----------------- Done invoking toplevel() on ptolemy.moml.MoMLSimpleApplication@5152e64c
reloadAllAccessors: .broken

===========================================================================================
----------------- testing Tue Jan 21 12:21:14 UTC 2020 /home/travis/build/icyphy/ptII/ptolemy/actor/lib/test/auto/LevelCrossTest10.xml
----------------- Instantiating /home/travis/build/icyphy/ptII/ptolemy/actor/lib/test/auto/LevelCrossTest10.xml
1 ms. Memory: 555008K Free: 468850K (84%)
----------------- Invoking toplevel() on ptolemy.moml.MoMLSimpleApplication@120268db
----------------- Done invoking toplevel() on ptolemy.moml.MoMLSimpleApplication@120268db
reloadAllAccessors: .LevelCrossTest10

===========================================================================================
----------------- testing Tue Jan 21 12:21:14 UTC 2020 /home/travis/build/icyphy/ptII/ptolemy/actor/lib/test/auto/LevelCrossTest11.xml
----------------- Instantiating /home/travis/build/icyphy/ptII/ptolemy/actor/lib/test/auto/LevelCrossTest11.xml
1 ms. Memory: 555008K Free: 461682K (83%)
----------------- Invoking toplevel() on ptolemy.moml.MoMLSimpleApplication@63ef454e
----------------- Done invoking toplevel() on ptolemy.moml.MoMLSimpleApplication@63ef454e
reloadAllAccessors: .LevelCrossTest11

===========================================================================================
----------------- testing Tue Jan 21 12:21:14 UTC 2020 /home/travis/build/icyphy/ptII/ptolemy/actor/lib/test/auto/LevelCrossTest12.xml
----------------- Instantiating /home/travis/build/icyphy/ptII/ptolemy/actor/lib/test/auto/LevelCrossTest12.xml
1 ms. Memory: 555008K Free: 455538K (82%)
----------------- Invoking toplevel() on ptolemy.moml.MoMLSimpleApplication@53de31e7
----------------- Done invoking toplevel() on ptolemy.moml.MoMLSimpleApplication@53de31e7
reloadAllAccessors: .LevelCrossTest12

===========================================================================================
----------------- testing Tue Jan 21 12:21:14 UTC 2020 /home/travis/build/icyphy/ptII/ptolemy/actor/lib/test/auto/LevelCrossTest13.xml
----------------- Instantiating /home/travis/build/icyphy/ptII/ptolemy/actor/lib/test/auto/LevelCrossTest13.xml
9 ms. Memory: 555008K Free: 447860K (81%)
----------------- Invoking toplevel() on ptolemy.moml.MoMLSimpleApplication@45234dda
----------------- Done invoking toplevel() on ptolemy.moml.MoMLSimpleApplication@45234dda
reloadAllAccessors: .LevelCrossTest13

===========================================================================================
----------------- testing Tue Jan 21 12:21:14 UTC 2020 /home/travis/build/icyphy/ptII/ptolemy/actor/lib/test/auto/LevelCrossTest2.xml
----------------- Instantiating /home/travis/build/icyphy/ptII/ptolemy/actor/lib/test/auto/LevelCrossTest2.xml
1 ms. Memory: 555008K Free: 442226K (80%)
----------------- Invoking toplevel() on ptolemy.moml.MoMLSimpleApplication@4c5e7575
----------------- Done invoking toplevel() on ptolemy.moml.MoMLSimpleApplication@4c5e7575
reloadAllAccessors: .broken

===========================================================================================
----------------- testing Tue Jan 21 12:21:14 UTC 2020 /home/travis/build/icyphy/ptII/ptolemy/actor/lib/test/auto/LevelCrossTest3.xml
----------------- Instantiating /home/travis/build/icyphy/ptII/ptolemy/actor/lib/test/auto/LevelCrossTest3.xml
2 ms. Memory: 555008K Free: 436082K (79%)
----------------- Invoking toplevel() on ptolemy.moml.MoMLSimpleApplication@35bbc25b
----------------- Done invoking toplevel() on ptolemy.moml.MoMLSimpleApplication@35bbc25b
reloadAllAccessors: .LevelCrossTest3

===========================================================================================
----------------- testing Tue Jan 21 12:21:14 UTC 2020 /home/travis/build/icyphy/ptII/ptolemy/actor/lib/test/auto/LevelCrossTest4.xml
----------------- Instantiating /home/travis/build/icyphy/ptII/ptolemy/actor/lib/test/auto/LevelCrossTest4.xml
1 ms. Memory: 555008K Free: 430452K (78%)
----------------- Invoking toplevel() on ptolemy.moml.MoMLSimpleApplication@3bd85cc9
----------------- Done invoking toplevel() on ptolemy.moml.MoMLSimpleApplication@3bd85cc9
reloadAllAccessors: .broken

===========================================================================================
----------------- testing Tue Jan 21 12:21:14 UTC 2020 /home/travis/build/icyphy/ptII/ptolemy/actor/lib/test/auto/LevelCrossTest5.xml
----------------- Instantiating /home/travis/build/icyphy/ptII/ptolemy/actor/lib/test/auto/LevelCrossTest5.xml
4 ms. Memory: 555008K Free: 423284K (76%)
----------------- Invoking toplevel() on ptolemy.moml.MoMLSimpleApplication@2fcc5516
----------------- Done invoking toplevel() on ptolemy.moml.MoMLSimpleApplication@2fcc5516
reloadAllAccessors: .LevelCrossTest5

===========================================================================================
----------------- testing Tue Jan 21 12:21:14 UTC 2020 /home/travis/build/icyphy/ptII/ptolemy/actor/lib/test/auto/LevelCrossTest6.xml
----------------- Instantiating /home/travis/build/icyphy/ptII/ptolemy/actor/lib/test/auto/LevelCrossTest6.xml
8 ms. Memory: 555008K Free: 416626K (75%)
----------------- Invoking toplevel() on ptolemy.moml.MoMLSimpleApplication@7417eb85
----------------- Done invoking toplevel() on ptolemy.moml.MoMLSimpleApplication@7417eb85
reloadAllAccessors: .LevelCrossTest6

===========================================================================================
----------------- testing Tue Jan 21 12:21:14 UTC 2020 /home/travis/build/icyphy/ptII/ptolemy/actor/lib/test/auto/LevelCrossTest7.xml
----------------- Instantiating /home/travis/build/icyphy/ptII/ptolemy/actor/lib/test/auto/LevelCrossTest7.xml
1 ms. Memory: 555008K Free: 408948K (74%)
----------------- Invoking toplevel() on ptolemy.moml.MoMLSimpleApplication@5e04bce7
----------------- Done invoking toplevel() on ptolemy.moml.MoMLSimpleApplication@5e04bce7
reloadAllAccessors: .LevelCrossTest7

===========================================================================================
----------------- testing Tue Jan 21 12:21:14 UTC 2020 /home/travis/build/icyphy/ptII/ptolemy/actor/lib/test/auto/LevelCrossTest8.xml
----------------- Instantiating /home/travis/build/icyphy/ptII/ptolemy/actor/lib/test/auto/LevelCrossTest8.xml
1 ms. Memory: 555008K Free: 402290K (72%)
----------------- Invoking toplevel() on ptolemy.moml.MoMLSimpleApplication@530b8269
----------------- Done invoking toplevel() on ptolemy.moml.MoMLSimpleApplication@530b8269
reloadAllAccessors: .LevelCrossTest8

===========================================================================================
----------------- testing Tue Jan 21 12:21:14 UTC 2020 /home/travis/build/icyphy/ptII/ptolemy/actor/lib/test/auto/LevelCrossTest9.xml
----------------- Instantiating /home/travis/build/icyphy/ptII/ptolemy/actor/lib/test/auto/LevelCrossTest9.xml
1 ms. Memory: 555008K Free: 395122K (71%)
----------------- Invoking toplevel() on ptolemy.moml.MoMLSimpleApplication@38e76010
----------------- Done invoking toplevel() on ptolemy.moml.MoMLSimpleApplication@38e76010
reloadAllAccessors: .LevelCrossTest9

===========================================================================================
----------------- testing Tue Jan 21 12:21:14 UTC 2020 /home/travis/build/icyphy/ptII/ptolemy/actor/lib/test/auto/LevinsonDurbin.xml
----------------- Instantiating /home/travis/build/icyphy/ptII/ptolemy/actor/lib/test/auto/LevinsonDurbin.xml
1 ms. Memory: 555008K Free: 391026K (70%)
----------------- Invoking toplevel() on ptolemy.moml.MoMLSimpleApplication@78a33067
----------------- Done invoking toplevel() on ptolemy.moml.MoMLSimpleApplication@78a33067
reloadAllAccessors: .LevinsonDurbin

===========================================================================================
----------------- testing Tue Jan 21 12:21:14 UTC 2020 /home/travis/build/icyphy/ptII/ptolemy/actor/lib/test/auto/LevinsonDurbin2.xml
----------------- Instantiating /home/travis/build/icyphy/ptII/ptolemy/actor/lib/test/auto/LevinsonDurbin2.xml
1 ms. Memory: 555008K Free: 386930K (70%)
----------------- Invoking toplevel() on ptolemy.moml.MoMLSimpleApplication@5175eeff
----------------- Done invoking toplevel() on ptolemy.moml.MoMLSimpleApplication@5175eeff
reloadAllAccessors: .LevinsonDurbin2

===========================================================================================
----------------- testing Tue Jan 21 12:21:14 UTC 2020 /home/travis/build/icyphy/ptII/ptolemy/actor/lib/test/auto/LevinsonDurbin3.xml
----------------- Instantiating /home/travis/build/icyphy/ptII/ptolemy/actor/lib/test/auto/LevinsonDurbin3.xml
1 ms. Memory: 555008K Free: 382834K (69%)
----------------- Invoking toplevel() on ptolemy.moml.MoMLSimpleApplication@4dbfb2e2
----------------- Done invoking toplevel() on ptolemy.moml.MoMLSimpleApplication@4dbfb2e2
reloadAllAccessors: .LevinsonDurbin3

===========================================================================================
----------------- testing Tue Jan 21 12:21:14 UTC 2020 /home/travis/build/icyphy/ptII/ptolemy/actor/lib/test/auto/Limiter.xml
----------------- Instantiating /home/travis/build/icyphy/ptII/ptolemy/actor/lib/test/auto/Limiter.xml
4 ms. Memory: 555008K Free: 373612K (67%)
----------------- Invoking toplevel() on ptolemy.moml.MoMLSimpleApplication@27c2e0f0
----------------- Done invoking toplevel() on ptolemy.moml.MoMLSimpleApplication@27c2e0f0
reloadAllAccessors: .Limiter

===========================================================================================
----------------- testing Tue Jan 21 12:21:14 UTC 2020 /home/travis/build/icyphy/ptII/ptolemy/actor/lib/test/auto/LinearDifferenceEquationSystem.xml
----------------- Instantiating /home/travis/build/icyphy/ptII/ptolemy/actor/lib/test/auto/LinearDifferenceEquationSystem.xml
4 ms. Memory: 555008K Free: 365940K (66%)
----------------- Invoking toplevel() on ptolemy.moml.MoMLSimpleApplication@1d17f1e4
----------------- Done invoking toplevel() on ptolemy.moml.MoMLSimpleApplication@1d17f1e4
reloadAllAccessors: .LinearDifferenceEquationSystem

===========================================================================================
----------------- testing Tue Jan 21 12:21:14 UTC 2020 /home/travis/build/icyphy/ptII/ptolemy/actor/lib/test/auto/LookupTable.xml
----------------- Instantiating /home/travis/build/icyphy/ptII/ptolemy/actor/lib/test/auto/LookupTable.xml
1 ms. Memory: 555008K Free: 361844K (65%)
----------------- Invoking toplevel() on ptolemy.moml.MoMLSimpleApplication@5b769467
----------------- Done invoking toplevel() on ptolemy.moml.MoMLSimpleApplication@5b769467
reloadAllAccessors: .LookupTable

===========================================================================================
----------------- testing Tue Jan 21 12:21:14 UTC 2020 /home/travis/build/icyphy/ptII/ptolemy/actor/lib/test/auto/MathFunction.xml
----------------- Instantiating /home/travis/build/icyphy/ptII/ptolemy/actor/lib/test/auto/MathFunction.xml
2 ms. Memory: 555008K Free: 353652K (64%)
----------------- Invoking toplevel() on ptolemy.moml.MoMLSimpleApplication@120c4e1a
----------------- Done invoking toplevel() on ptolemy.moml.MoMLSimpleApplication@120c4e1a
reloadAllAccessors: .MathFunction

===========================================================================================
----------------- testing Tue Jan 21 12:21:14 UTC 2020 /home/travis/build/icyphy/ptII/ptolemy/actor/lib/test/auto/MathFunction2.xml
----------------- Instantiating /home/travis/build/icyphy/ptII/ptolemy/actor/lib/test/auto/MathFunction2.xml
1 ms. Memory: 555008K Free: 349556K (63%)
----------------- Invoking toplevel() on ptolemy.moml.MoMLSimpleApplication@7606768
----------------- Done invoking toplevel() on ptolemy.moml.MoMLSimpleApplication@7606768
reloadAllAccessors: .MathFunction2

===========================================================================================
----------------- testing Tue Jan 21 12:21:14 UTC 2020 /home/travis/build/icyphy/ptII/ptolemy/actor/lib/test/auto/MathFunction3.xml
----------------- Instantiating /home/travis/build/icyphy/ptII/ptolemy/actor/lib/test/auto/MathFunction3.xml
2 ms. Memory: 555008K Free: 342388K (62%)
----------------- Invoking toplevel() on ptolemy.moml.MoMLSimpleApplication@25e49482
----------------- Done invoking toplevel() on ptolemy.moml.MoMLSimpleApplication@25e49482
reloadAllAccessors: .MathFunction3

===========================================================================================
----------------- testing Tue Jan 21 12:21:14 UTC 2020 /home/travis/build/icyphy/ptII/ptolemy/actor/lib/test/auto/MatrixCropBoolean.xml
----------------- Instantiating /home/travis/build/icyphy/ptII/ptolemy/actor/lib/test/auto/MatrixCropBoolean.xml
2 ms. Memory: 555008K Free: 337268K (61%)
----------------- Invoking toplevel() on ptolemy.moml.MoMLSimpleApplication@6b233789
----------------- Done invoking toplevel() on ptolemy.moml.MoMLSimpleApplication@6b233789
reloadAllAccessors: .MatrixCropBoolean

===========================================================================================
----------------- testing Tue Jan 21 12:21:14 UTC 2020 /home/travis/build/icyphy/ptII/ptolemy/actor/lib/test/auto/MatrixCropComplex.xml
----------------- Instantiating /home/travis/build/icyphy/ptII/ptolemy/actor/lib/test/auto/MatrixCropComplex.xml
2 ms. Memory: 555008K Free: 332148K (60%)
----------------- Invoking toplevel() on ptolemy.moml.MoMLSimpleApplication@11b3d1fa
----------------- Done invoking toplevel() on ptolemy.moml.MoMLSimpleApplication@11b3d1fa
reloadAllAccessors: .MatrixCropComplex

===========================================================================================
----------------- testing Tue Jan 21 12:21:14 UTC 2020 /home/travis/build/icyphy/ptII/ptolemy/actor/lib/test/auto/MatrixCropDouble.xml
----------------- Instantiating /home/travis/build/icyphy/ptII/ptolemy/actor/lib/test/auto/MatrixCropDouble.xml
2 ms. Memory: 555008K Free: 327508K (59%)
----------------- Invoking toplevel() on ptolemy.moml.MoMLSimpleApplication@1e324b76
----------------- Done invoking toplevel() on ptolemy.moml.MoMLSimpleApplication@1e324b76
reloadAllAccessors: .MatrixCropDouble

===========================================================================================
----------------- testing Tue Jan 21 12:21:14 UTC 2020 /home/travis/build/icyphy/ptII/ptolemy/actor/lib/test/auto/MatrixCropFix.xml
----------------- Instantiating /home/travis/build/icyphy/ptII/ptolemy/actor/lib/test/auto/MatrixCropFix.xml
1 ms. Memory: 555008K Free: 322412K (58%)
----------------- Invoking toplevel() on ptolemy.moml.MoMLSimpleApplication@35ba40e6
----------------- Done invoking toplevel() on ptolemy.moml.MoMLSimpleApplication@35ba40e6
reloadAllAccessors: .MatrixCropFix

===========================================================================================
----------------- testing Tue Jan 21 12:21:14 UTC 2020 /home/travis/build/icyphy/ptII/ptolemy/actor/lib/test/auto/MatrixCropInt.xml
----------------- Instantiating /home/travis/build/icyphy/ptII/ptolemy/actor/lib/test/auto/MatrixCropInt.xml
3 ms. Memory: 555008K Free: 317268K (57%)
----------------- Invoking toplevel() on ptolemy.moml.MoMLSimpleApplication@7527371e
----------------- Done invoking toplevel() on ptolemy.moml.MoMLSimpleApplication@7527371e
reloadAllAccessors: .MatrixCropInt

===========================================================================================
----------------- testing Tue Jan 21 12:21:14 UTC 2020 /home/travis/build/icyphy/ptII/ptolemy/actor/lib/test/auto/MatrixCropLong.xml
----------------- Instantiating /home/travis/build/icyphy/ptII/ptolemy/actor/lib/test/auto/MatrixCropLong.xml
2 ms. Memory: 555008K Free: 312164K (56%)
----------------- Invoking toplevel() on ptolemy.moml.MoMLSimpleApplication@74f5e2c2
----------------- Done invoking toplevel() on ptolemy.moml.MoMLSimpleApplication@74f5e2c2
reloadAllAccessors: .MatrixCropLong

===========================================================================================
----------------- testing Tue Jan 21 12:21:14 UTC 2020 /home/travis/build/icyphy/ptII/ptolemy/actor/lib/test/auto/MatrixToArray.xml
----------------- Instantiating /home/travis/build/icyphy/ptII/ptolemy/actor/lib/test/auto/MatrixToArray.xml
10 ms. Memory: 555008K Free: 297332K (54%)
----------------- Invoking toplevel() on ptolemy.moml.MoMLSimpleApplication@4371a56b
----------------- Done invoking toplevel() on ptolemy.moml.MoMLSimpleApplication@4371a56b
reloadAllAccessors: .MatrixToArray

===========================================================================================
----------------- testing Tue Jan 21 12:21:14 UTC 2020 /home/travis/build/icyphy/ptII/ptolemy/actor/lib/test/auto/MaxIndex.xml
----------------- Instantiating /home/travis/build/icyphy/ptII/ptolemy/actor/lib/test/auto/MaxIndex.xml
2 ms. Memory: 555008K Free: 292212K (53%)
----------------- Invoking toplevel() on ptolemy.moml.MoMLSimpleApplication@3ff9edc7
----------------- Done invoking toplevel() on ptolemy.moml.MoMLSimpleApplication@3ff9edc7
reloadAllAccessors: .MaxIndex

===========================================================================================
----------------- testing Tue Jan 21 12:21:14 UTC 2020 /home/travis/build/icyphy/ptII/ptolemy/actor/lib/test/auto/Maximum.xml
----------------- Instantiating /home/travis/build/icyphy/ptII/ptolemy/actor/lib/test/auto/Maximum.xml
5 ms. Memory: 555008K Free: 285524K (51%)
----------------- Invoking toplevel() on ptolemy.moml.MoMLSimpleApplication@7300f12f
----------------- Done invoking toplevel() on ptolemy.moml.MoMLSimpleApplication@7300f12f
reloadAllAccessors: .Maximum

===========================================================================================
----------------- testing Tue Jan 21 12:21:15 UTC 2020 /home/travis/build/icyphy/ptII/ptolemy/actor/lib/test/auto/MaximumComplex.xml
----------------- Instantiating /home/travis/build/icyphy/ptII/ptolemy/actor/lib/test/auto/MaximumComplex.xml
5 ms. Memory: 555008K Free: 279396K (50%)
----------------- Invoking toplevel() on ptolemy.moml.MoMLSimpleApplication@26a09375
----------------- Done invoking toplevel() on ptolemy.moml.MoMLSimpleApplication@26a09375
reloadAllAccessors: .MaximumComplex

===========================================================================================
----------------- testing Tue Jan 21 12:21:15 UTC 2020 /home/travis/build/icyphy/ptII/ptolemy/actor/lib/test/auto/MethodCallTest.xml
----------------- Instantiating /home/travis/build/icyphy/ptII/ptolemy/actor/lib/test/auto/MethodCallTest.xml
2 ms. Memory: 555008K Free: 272756K (49%)
----------------- Invoking toplevel() on ptolemy.moml.MoMLSimpleApplication@3f3456d2
----------------- Done invoking toplevel() on ptolemy.moml.MoMLSimpleApplication@3f3456d2
reloadAllAccessors: .MethodCallTest

===========================================================================================
----------------- testing Tue Jan 21 12:21:15 UTC 2020 /home/travis/build/icyphy/ptII/ptolemy/actor/lib/test/auto/Minimum.xml
----------------- Instantiating /home/travis/build/icyphy/ptII/ptolemy/actor/lib/test/auto/Minimum.xml
3 ms. Memory: 555008K Free: 266084K (48%)
----------------- Invoking toplevel() on ptolemy.moml.MoMLSimpleApplication@2dccfed2
----------------- Done invoking toplevel() on ptolemy.moml.MoMLSimpleApplication@2dccfed2
reloadAllAccessors: .Minimum

===========================================================================================
----------------- testing Tue Jan 21 12:21:15 UTC 2020 /home/travis/build/icyphy/ptII/ptolemy/actor/lib/test/auto/MinimumComplex.xml
----------------- Instantiating /home/travis/build/icyphy/ptII/ptolemy/actor/lib/test/auto/MinimumComplex.xml
2 ms. Memory: 555008K Free: 259940K (47%)
----------------- Invoking toplevel() on ptolemy.moml.MoMLSimpleApplication@46186d8a
----------------- Done invoking toplevel() on ptolemy.moml.MoMLSimpleApplication@46186d8a
reloadAllAccessors: .MinimumComplex

===========================================================================================
----------------- testing Tue Jan 21 12:21:15 UTC 2020 /home/travis/build/icyphy/ptII/ptolemy/actor/lib/test/auto/MinimumMultiports.xml
----------------- Instantiating /home/travis/build/icyphy/ptII/ptolemy/actor/lib/test/auto/MinimumMultiports.xml
4 ms. Memory: 555008K Free: 251252K (45%)
----------------- Invoking toplevel() on ptolemy.moml.MoMLSimpleApplication@580d9cb9
----------------- Done invoking toplevel() on ptolemy.moml.MoMLSimpleApplication@580d9cb9
reloadAllAccessors: .MinimumMultiports

===========================================================================================
----------------- testing Tue Jan 21 12:21:15 UTC 2020 /home/travis/build/icyphy/ptII/ptolemy/actor/lib/test/auto/ModifyDate.xml
----------------- Instantiating /home/travis/build/icyphy/ptII/ptolemy/actor/lib/test/auto/ModifyDate.xml
6 ms. Memory: 555008K Free: 238450K (43%)
----------------- Invoking toplevel() on ptolemy.moml.MoMLSimpleApplication@6ba35247
----------------- Done invoking toplevel() on ptolemy.moml.MoMLSimpleApplication@6ba35247
reloadAllAccessors: .ModifyDate

===========================================================================================
----------------- testing Tue Jan 21 12:21:15 UTC 2020 /home/travis/build/icyphy/ptII/ptolemy/actor/lib/test/auto/ModifyDate2.xml
----------------- Instantiating /home/travis/build/icyphy/ptII/ptolemy/actor/lib/test/auto/ModifyDate2.xml
5 ms. Memory: 555008K Free: 229748K (41%)
----------------- Invoking toplevel() on ptolemy.moml.MoMLSimpleApplication@64ed3cd2
----------------- Done invoking toplevel() on ptolemy.moml.MoMLSimpleApplication@64ed3cd2
reloadAllAccessors: .ModifyDate2

===========================================================================================
----------------- testing Tue Jan 21 12:21:15 UTC 2020 /home/travis/build/icyphy/ptII/ptolemy/actor/lib/test/auto/MovingAverage.xml
----------------- Instantiating /home/travis/build/icyphy/ptII/ptolemy/actor/lib/test/auto/MovingAverage.xml
1 ms. Memory: 555008K Free: 224628K (40%)
----------------- Invoking toplevel() on ptolemy.moml.MoMLSimpleApplication@75cf502c
----------------- Done invoking toplevel() on ptolemy.moml.MoMLSimpleApplication@75cf502c
reloadAllAccessors: .MovingAverage

===========================================================================================
----------------- testing Tue Jan 21 12:21:15 UTC 2020 /home/travis/build/icyphy/ptII/ptolemy/actor/lib/test/auto/MovingMaximum.xml
----------------- Instantiating /home/travis/build/icyphy/ptII/ptolemy/actor/lib/test/auto/MovingMaximum.xml
1 ms. Memory: 555008K Free: 220018K (40%)
----------------- Invoking toplevel() on ptolemy.moml.MoMLSimpleApplication@1ccf23b2
----------------- Done invoking toplevel() on ptolemy.moml.MoMLSimpleApplication@1ccf23b2
reloadAllAccessors: .MovingMaximum

===========================================================================================
----------------- testing Tue Jan 21 12:21:15 UTC 2020 /home/travis/build/icyphy/ptII/ptolemy/actor/lib/test/auto/MultipleLinksToSameRelation.xml
----------------- Instantiating /home/travis/build/icyphy/ptII/ptolemy/actor/lib/test/auto/MultipleLinksToSameRelation.xml
4 ms. Memory: 555008K Free: 215922K (39%)
----------------- Invoking toplevel() on ptolemy.moml.MoMLSimpleApplication@7c8cccd7
----------------- Done invoking toplevel() on ptolemy.moml.MoMLSimpleApplication@7c8cccd7
reloadAllAccessors: .MultipleLinksToSameRelation

===========================================================================================
----------------- testing Tue Jan 21 12:21:15 UTC 2020 /home/travis/build/icyphy/ptII/ptolemy/actor/lib/test/auto/MultipleLinksToSameRelationDE.xml
----------------- Instantiating /home/travis/build/icyphy/ptII/ptolemy/actor/lib/test/auto/MultipleLinksToSameRelationDE.xml
9 ms. Memory: 555008K Free: 211316K (38%)
----------------- Invoking toplevel() on ptolemy.moml.MoMLSimpleApplication@3d71c14e
----------------- Done invoking toplevel() on ptolemy.moml.MoMLSimpleApplication@3d71c14e
reloadAllAccessors: .MultipleLinksToSameRelationDE

===========================================================================================
----------------- testing Tue Jan 21 12:21:15 UTC 2020 /home/travis/build/icyphy/ptII/ptolemy/actor/lib/test/auto/Multiplexor.xml
----------------- Instantiating /home/travis/build/icyphy/ptII/ptolemy/actor/lib/test/auto/Multiplexor.xml
2 ms. Memory: 555008K Free: 205682K (37%)
----------------- Invoking toplevel() on ptolemy.moml.MoMLSimpleApplication@65e92627
----------------- Done invoking toplevel() on ptolemy.moml.MoMLSimpleApplication@65e92627
reloadAllAccessors: .Multiplexor

===========================================================================================
----------------- testing Tue Jan 21 12:21:15 UTC 2020 /home/travis/build/icyphy/ptII/ptolemy/actor/lib/test/auto/Multiplexor1.xml
----------------- Instantiating /home/travis/build/icyphy/ptII/ptolemy/actor/lib/test/auto/Multiplexor1.xml
2 ms. Memory: 555008K Free: 200052K (36%)
----------------- Invoking toplevel() on ptolemy.moml.MoMLSimpleApplication@2ed39ebd
----------------- Done invoking toplevel() on ptolemy.moml.MoMLSimpleApplication@2ed39ebd
reloadAllAccessors: .Multiplexor1

===========================================================================================
----------------- testing Tue Jan 21 12:21:15 UTC 2020 /home/travis/build/icyphy/ptII/ptolemy/actor/lib/test/auto/Multiplexor2.xml
----------------- Instantiating /home/travis/build/icyphy/ptII/ptolemy/actor/lib/test/auto/Multiplexor2.xml
5 ms. Memory: 555008K Free: 193908K (35%)
----------------- Invoking toplevel() on ptolemy.moml.MoMLSimpleApplication@16cc53cf
----------------- Done invoking toplevel() on ptolemy.moml.MoMLSimpleApplication@16cc53cf
reloadAllAccessors: .Multiplexor2

===========================================================================================
----------------- testing Tue Jan 21 12:21:15 UTC 2020 /home/travis/build/icyphy/ptII/ptolemy/actor/lib/test/auto/Multiplexor3.xml
----------------- Instantiating /home/travis/build/icyphy/ptII/ptolemy/actor/lib/test/auto/Multiplexor3.xml
3 ms. Memory: 555008K Free: 189812K (34%)
----------------- Invoking toplevel() on ptolemy.moml.MoMLSimpleApplication@76b716f6
----------------- Done invoking toplevel() on ptolemy.moml.MoMLSimpleApplication@76b716f6
reloadAllAccessors: .Multiplexor3

===========================================================================================
----------------- testing Tue Jan 21 12:21:15 UTC 2020 /home/travis/build/icyphy/ptII/ptolemy/actor/lib/test/auto/MultiplexorDE.xml
----------------- Instantiating /home/travis/build/icyphy/ptII/ptolemy/actor/lib/test/auto/MultiplexorDE.xml
2 ms. Memory: 555008K Free: 182124K (33%)
----------------- Invoking toplevel() on ptolemy.moml.MoMLSimpleApplication@7b256d5f
----------------- Done invoking toplevel() on ptolemy.moml.MoMLSimpleApplication@7b256d5f
reloadAllAccessors: .MultiplexorDE

===========================================================================================
----------------- testing Tue Jan 21 12:21:15 UTC 2020 /home/travis/build/icyphy/ptII/ptolemy/actor/lib/test/auto/MultiportBroadcastTest.xml
----------------- Instantiating /home/travis/build/icyphy/ptII/ptolemy/actor/lib/test/auto/MultiportBroadcastTest.xml
81 ms. Memory: 555008K Free: 501106K (90%)
----------------- Invoking toplevel() on ptolemy.moml.MoMLSimpleApplication@161092c0
----------------- Done invoking toplevel() on ptolemy.moml.MoMLSimpleApplication@161092c0
reloadAllAccessors: .MultiportBroadcastTest

===========================================================================================
----------------- testing Tue Jan 21 12:21:15 UTC 2020 /home/travis/build/icyphy/ptII/ptolemy/actor/lib/test/auto/MultiportOutHangDuringGetWidth.xml
----------------- Instantiating /home/travis/build/icyphy/ptII/ptolemy/actor/lib/test/auto/MultiportOutHangDuringGetWidth.xml
5 ms. Memory: 555008K Free: 488804K (88%)
----------------- Invoking toplevel() on ptolemy.moml.MoMLSimpleApplication@26677366
----------------- Done invoking toplevel() on ptolemy.moml.MoMLSimpleApplication@26677366
reloadAllAccessors: .MultiportOutHangDuringGetWidth

===========================================================================================
----------------- testing Tue Jan 21 12:21:15 UTC 2020 /home/travis/build/icyphy/ptII/ptolemy/actor/lib/test/auto/NilToken.xml
----------------- Instantiating /home/travis/build/icyphy/ptII/ptolemy/actor/lib/test/auto/NilToken.xml
1 ms. Memory: 555008K Free: 484722K (87%)
----------------- Invoking toplevel() on ptolemy.moml.MoMLSimpleApplication@29b994d7
----------------- Done invoking toplevel() on ptolemy.moml.MoMLSimpleApplication@29b994d7
reloadAllAccessors: .NilToken

===========================================================================================
----------------- testing Tue Jan 21 12:21:15 UTC 2020 /home/travis/build/icyphy/ptII/ptolemy/actor/lib/test/auto/NilTokenNonStrictTest.xml
----------------- Instantiating /home/travis/build/icyphy/ptII/ptolemy/actor/lib/test/auto/NilTokenNonStrictTest.xml
2 ms. Memory: 555008K Free: 479602K (86%)
----------------- Invoking toplevel() on ptolemy.moml.MoMLSimpleApplication@34b06390
----------------- Done invoking toplevel() on ptolemy.moml.MoMLSimpleApplication@34b06390
reloadAllAccessors: .NilTokenNonStrictTest

===========================================================================================
----------------- testing Tue Jan 21 12:21:15 UTC 2020 /home/travis/build/icyphy/ptII/ptolemy/actor/lib/test/auto/NilTokenRecord.xml
----------------- Instantiating /home/travis/build/icyphy/ptII/ptolemy/actor/lib/test/auto/NilTokenRecord.xml
5 ms. Memory: 555008K Free: 472948K (85%)
----------------- Invoking toplevel() on ptolemy.moml.MoMLSimpleApplication@7b7a242e
----------------- Done invoking toplevel() on ptolemy.moml.MoMLSimpleApplication@7b7a242e
reloadAllAccessors: .NilTokenRecord

===========================================================================================
----------------- testing Tue Jan 21 12:21:15 UTC 2020 /home/travis/build/icyphy/ptII/ptolemy/actor/lib/test/auto/NilTokenTypeTest.xml
----------------- Instantiating /home/travis/build/icyphy/ptII/ptolemy/actor/lib/test/auto/NilTokenTypeTest.xml
10 ms. Memory: 555008K Free: 463218K (83%)
----------------- Invoking toplevel() on ptolemy.moml.MoMLSimpleApplication@498c5630
----------------- Done invoking toplevel() on ptolemy.moml.MoMLSimpleApplication@498c5630
reloadAllAccessors: .NilTokenTypeTest

===========================================================================================
----------------- testing Tue Jan 21 12:21:15 UTC 2020 /home/travis/build/icyphy/ptII/ptolemy/actor/lib/test/auto/ObjectToken1.xml
----------------- Instantiating /home/travis/build/icyphy/ptII/ptolemy/actor/lib/test/auto/ObjectToken1.xml
2 ms. Memory: 555008K Free: 459122K (83%)
----------------- Invoking toplevel() on ptolemy.moml.MoMLSimpleApplication@11f74d47
----------------- Done invoking toplevel() on ptolemy.moml.MoMLSimpleApplication@11f74d47
reloadAllAccessors: .ObjectToken1

===========================================================================================
----------------- testing Tue Jan 21 12:21:15 UTC 2020 /home/travis/build/icyphy/ptII/ptolemy/actor/lib/test/auto/OrderedMerge.xml
----------------- Instantiating /home/travis/build/icyphy/ptII/ptolemy/actor/lib/test/auto/OrderedMerge.xml
12 ms. Memory: 555008K Free: 453492K (82%)
----------------- Invoking toplevel() on ptolemy.moml.MoMLSimpleApplication@506d608f
----------------- Done invoking toplevel() on ptolemy.moml.MoMLSimpleApplication@506d608f
reloadAllAccessors: .OrderedMerge

===========================================================================================
----------------- testing Tue Jan 21 12:21:15 UTC 2020 /home/travis/build/icyphy/ptII/ptolemy/actor/lib/test/auto/OrderedRecordDisassembler.xml
----------------- Instantiating /home/travis/build/icyphy/ptII/ptolemy/actor/lib/test/auto/OrderedRecordDisassembler.xml
2 ms. Memory: 555008K Free: 448372K (81%)
----------------- Invoking toplevel() on ptolemy.moml.MoMLSimpleApplication@5362432
----------------- Done invoking toplevel() on ptolemy.moml.MoMLSimpleApplication@5362432
reloadAllAccessors: .OrderedRecordDisassembler

===========================================================================================
----------------- testing Tue Jan 21 12:21:15 UTC 2020 /home/travis/build/icyphy/ptII/ptolemy/actor/lib/test/auto/OrderedRecordDisassembler2.xml
----------------- Instantiating /home/travis/build/icyphy/ptII/ptolemy/actor/lib/test/auto/OrderedRecordDisassembler2.xml
4 ms. Memory: 555008K Free: 440684K (79%)
----------------- Invoking toplevel() on ptolemy.moml.MoMLSimpleApplication@c22c593
----------------- Done invoking toplevel() on ptolemy.moml.MoMLSimpleApplication@c22c593
reloadAllAccessors: .OrderedRecordDisassembler2

===========================================================================================
----------------- testing Tue Jan 21 12:21:15 UTC 2020 /home/travis/build/icyphy/ptII/ptolemy/actor/lib/test/auto/OrderedRecordUpdater.xml
----------------- Instantiating /home/travis/build/icyphy/ptII/ptolemy/actor/lib/test/auto/OrderedRecordUpdater.xml
2 ms. Memory: 555008K Free: 435570K (78%)
----------------- Invoking toplevel() on ptolemy.moml.MoMLSimpleApplication@2d322dd8
----------------- Done invoking toplevel() on ptolemy.moml.MoMLSimpleApplication@2d322dd8
reloadAllAccessors: .RecordUpdater

===========================================================================================
----------------- testing Tue Jan 21 12:21:15 UTC 2020 /home/travis/build/icyphy/ptII/ptolemy/actor/lib/test/auto/OrderedRecordUpdater2.xml
----------------- Instantiating /home/travis/build/icyphy/ptII/ptolemy/actor/lib/test/auto/OrderedRecordUpdater2.xml
3 ms. Memory: 555008K Free: 430450K (78%)
----------------- Invoking toplevel() on ptolemy.moml.MoMLSimpleApplication@3e6ae288
----------------- Done invoking toplevel() on ptolemy.moml.MoMLSimpleApplication@3e6ae288
reloadAllAccessors: .RecordUpdater2

===========================================================================================
----------------- testing Tue Jan 21 12:21:15 UTC 2020 /home/travis/build/icyphy/ptII/ptolemy/actor/lib/test/auto/PhaseUnwrap.xml
----------------- Instantiating /home/travis/build/icyphy/ptII/ptolemy/actor/lib/test/auto/PhaseUnwrap.xml
1 ms. Memory: 555008K Free: 425844K (77%)
----------------- Invoking toplevel() on ptolemy.moml.MoMLSimpleApplication@3ad0974e
----------------- Done invoking toplevel() on ptolemy.moml.MoMLSimpleApplication@3ad0974e
reloadAllAccessors: .PhaseUnwrap

===========================================================================================
----------------- testing Tue Jan 21 12:21:15 UTC 2020 /home/travis/build/icyphy/ptII/ptolemy/actor/lib/test/auto/PoissonClock.xml
----------------- Instantiating /home/travis/build/icyphy/ptII/ptolemy/actor/lib/test/auto/PoissonClock.xml
4 ms. Memory: 555008K Free: 421748K (76%)
----------------- Invoking toplevel() on ptolemy.moml.MoMLSimpleApplication@2dcb833b
----------------- Done invoking toplevel() on ptolemy.moml.MoMLSimpleApplication@2dcb833b
reloadAllAccessors: .PoissonClock

===========================================================================================
----------------- testing Tue Jan 21 12:21:15 UTC 2020 /home/travis/build/icyphy/ptII/ptolemy/actor/lib/test/auto/PoissonClock2.xml
----------------- Instantiating /home/travis/build/icyphy/ptII/ptolemy/actor/lib/test/auto/PoissonClock2.xml
1 ms. Memory: 555008K Free: 417138K (75%)
----------------- Invoking toplevel() on ptolemy.moml.MoMLSimpleApplication@2e2c0cd7
----------------- Done invoking toplevel() on ptolemy.moml.MoMLSimpleApplication@2e2c0cd7
reloadAllAccessors: .PoissonClock2

===========================================================================================
----------------- testing Tue Jan 21 12:21:15 UTC 2020 /home/travis/build/icyphy/ptII/ptolemy/actor/lib/test/auto/PoissonClock3.xml
----------------- Instantiating /home/travis/build/icyphy/ptII/ptolemy/actor/lib/test/auto/PoissonClock3.xml
1 ms. Memory: 555008K Free: 412532K (74%)
----------------- Invoking toplevel() on ptolemy.moml.MoMLSimpleApplication@3e207d0
----------------- Done invoking toplevel() on ptolemy.moml.MoMLSimpleApplication@3e207d0
reloadAllAccessors: .PoissonClock3

===========================================================================================
----------------- testing Tue Jan 21 12:21:15 UTC 2020 /home/travis/build/icyphy/ptII/ptolemy/actor/lib/test/auto/PubSubWithInitialTokens.xml
----------------- Instantiating /home/travis/build/icyphy/ptII/ptolemy/actor/lib/test/auto/PubSubWithInitialTokens.xml
2 ms. Memory: 555008K Free: 406868K (73%)
----------------- Invoking toplevel() on ptolemy.moml.MoMLSimpleApplication@657106ea
----------------- Done invoking toplevel() on ptolemy.moml.MoMLSimpleApplication@657106ea
reloadAllAccessors: .PubSubWithInitialTokens

===========================================================================================
----------------- testing Tue Jan 21 12:21:15 UTC 2020 /home/travis/build/icyphy/ptII/ptolemy/actor/lib/test/auto/PubSubWithInitialTokens2.xml
----------------- Instantiating /home/travis/build/icyphy/ptII/ptolemy/actor/lib/test/auto/PubSubWithInitialTokens2.xml
2 ms. Memory: 555008K Free: 400740K (72%)
----------------- Invoking toplevel() on ptolemy.moml.MoMLSimpleApplication@39c34935
----------------- Done invoking toplevel() on ptolemy.moml.MoMLSimpleApplication@39c34935
reloadAllAccessors: .PubSubWithInitialTokens2

===========================================================================================
----------------- testing Tue Jan 21 12:21:15 UTC 2020 /home/travis/build/icyphy/ptII/ptolemy/actor/lib/test/auto/PublisherClassNoParameter.xml
----------------- Instantiating /home/travis/build/icyphy/ptII/ptolemy/actor/lib/test/auto/PublisherClassNoParameter.xml
3 ms. Memory: 555008K Free: 391028K (70%)
----------------- Invoking toplevel() on ptolemy.moml.MoMLSimpleApplication@3c47d42d
----------------- Done invoking toplevel() on ptolemy.moml.MoMLSimpleApplication@3c47d42d
reloadAllAccessors: .PublisherClassNoParameter

===========================================================================================
----------------- testing Tue Jan 21 12:21:15 UTC 2020 /home/travis/build/icyphy/ptII/ptolemy/actor/lib/test/auto/PublisherClassParameter.xml
----------------- Instantiating /home/travis/build/icyphy/ptII/ptolemy/actor/lib/test/auto/PublisherClassParameter.xml
2 ms. Memory: 555008K Free: 380788K (69%)
----------------- Invoking toplevel() on ptolemy.moml.MoMLSimpleApplication@4fe0e444
----------------- Done invoking toplevel() on ptolemy.moml.MoMLSimpleApplication@4fe0e444
reloadAllAccessors: .PublisherClassParameter

===========================================================================================
----------------- testing Tue Jan 21 12:21:15 UTC 2020 /home/travis/build/icyphy/ptII/ptolemy/actor/lib/test/auto/PublisherNonStrictTest.xml
----------------- Instantiating /home/travis/build/icyphy/ptII/ptolemy/actor/lib/test/auto/PublisherNonStrictTest.xml
4 ms. Memory: 555008K Free: 373100K (67%)
----------------- Invoking toplevel() on ptolemy.moml.MoMLSimpleApplication@64db5bca
----------------- Done invoking toplevel() on ptolemy.moml.MoMLSimpleApplication@64db5bca
reloadAllAccessors: .PublisherNonStrictTest

===========================================================================================
----------------- testing Tue Jan 21 12:21:15 UTC 2020 /home/travis/build/icyphy/ptII/ptolemy/actor/lib/test/auto/PublisherPort1.xml
----------------- Instantiating /home/travis/build/icyphy/ptII/ptolemy/actor/lib/test/auto/PublisherPort1.xml
2 ms. Memory: 555008K Free: 367476K (66%)
----------------- Invoking toplevel() on ptolemy.moml.MoMLSimpleApplication@91ef7c
----------------- Done invoking toplevel() on ptolemy.moml.MoMLSimpleApplication@91ef7c
reloadAllAccessors: .PublisherPort1

===========================================================================================
----------------- testing Tue Jan 21 12:21:15 UTC 2020 /home/travis/build/icyphy/ptII/ptolemy/actor/lib/test/auto/PublisherPort2.xml
----------------- Instantiating /home/travis/build/icyphy/ptII/ptolemy/actor/lib/test/auto/PublisherPort2.xml
1 ms. Memory: 555008K Free: 362356K (65%)
----------------- Invoking toplevel() on ptolemy.moml.MoMLSimpleApplication@1debff7f
----------------- Done invoking toplevel() on ptolemy.moml.MoMLSimpleApplication@1debff7f
reloadAllAccessors: .PublisherPort2

===========================================================================================
----------------- testing Tue Jan 21 12:21:15 UTC 2020 /home/travis/build/icyphy/ptII/ptolemy/actor/lib/test/auto/PublisherPort3.xml
----------------- Instantiating /home/travis/build/icyphy/ptII/ptolemy/actor/lib/test/auto/PublisherPort3.xml
2 ms. Memory: 555008K Free: 355668K (64%)
----------------- Invoking toplevel() on ptolemy.moml.MoMLSimpleApplication@31606a83
----------------- Done invoking toplevel() on ptolemy.moml.MoMLSimpleApplication@31606a83
reloadAllAccessors: .PublisherPort3

===========================================================================================
----------------- testing Tue Jan 21 12:21:15 UTC 2020 /home/travis/build/icyphy/ptII/ptolemy/actor/lib/test/auto/PublisherPort4.xml
----------------- Instantiating /home/travis/build/icyphy/ptII/ptolemy/actor/lib/test/auto/PublisherPort4.xml
2 ms. Memory: 555008K Free: 349540K (63%)
----------------- Invoking toplevel() on ptolemy.moml.MoMLSimpleApplication@5a290246
----------------- Done invoking toplevel() on ptolemy.moml.MoMLSimpleApplication@5a290246
reloadAllAccessors: .PublisherPort4

===========================================================================================
----------------- testing Tue Jan 21 12:21:15 UTC 2020 /home/travis/build/icyphy/ptII/ptolemy/actor/lib/test/auto/PublisherPort5.xml
----------------- Instantiating /home/travis/build/icyphy/ptII/ptolemy/actor/lib/test/auto/PublisherPort5.xml
14 ms. Memory: 555008K Free: 341876K (62%)
----------------- Invoking toplevel() on ptolemy.moml.MoMLSimpleApplication@5b4e47d4
----------------- Done invoking toplevel() on ptolemy.moml.MoMLSimpleApplication@5b4e47d4
reloadAllAccessors: .PublisherPort5

===========================================================================================
----------------- testing Tue Jan 21 12:21:15 UTC 2020 /home/travis/build/icyphy/ptII/ptolemy/actor/lib/test/auto/PublisherPort5LookAlike.xml
----------------- Instantiating /home/travis/build/icyphy/ptII/ptolemy/actor/lib/test/auto/PublisherPort5LookAlike.xml
3 ms. Memory: 555008K Free: 334194K (60%)
----------------- Invoking toplevel() on ptolemy.moml.MoMLSimpleApplication@cb426ff
----------------- Done invoking toplevel() on ptolemy.moml.MoMLSimpleApplication@cb426ff
reloadAllAccessors: .PublisherPort5LookAlike

===========================================================================================
----------------- testing Tue Jan 21 12:21:15 UTC 2020 /home/travis/build/icyphy/ptII/ptolemy/actor/lib/test/auto/PublisherPort6.xml
----------------- Instantiating /home/travis/build/icyphy/ptII/ptolemy/actor/lib/test/auto/PublisherPort6.xml
2 ms. Memory: 555008K Free: 327540K (59%)
----------------- Invoking toplevel() on ptolemy.moml.MoMLSimpleApplication@a208297
----------------- Done invoking toplevel() on ptolemy.moml.MoMLSimpleApplication@a208297
reloadAllAccessors: .PublisherPort6

===========================================================================================
----------------- testing Tue Jan 21 12:21:16 UTC 2020 /home/travis/build/icyphy/ptII/ptolemy/actor/lib/test/auto/PublisherPort7.xml
----------------- Instantiating /home/travis/build/icyphy/ptII/ptolemy/actor/lib/test/auto/PublisherPort7.xml
4 ms. Memory: 555008K Free: 319855K (58%)
----------------- Invoking toplevel() on ptolemy.moml.MoMLSimpleApplication@6d92dee3
----------------- Done invoking toplevel() on ptolemy.moml.MoMLSimpleApplication@6d92dee3
reloadAllAccessors: .PublisherPort7

===========================================================================================
----------------- testing Tue Jan 21 12:21:16 UTC 2020 /home/travis/build/icyphy/ptII/ptolemy/actor/lib/test/auto/PublisherPort8.xml
----------------- Instantiating /home/travis/build/icyphy/ptII/ptolemy/actor/lib/test/auto/PublisherPort8.xml
5 ms. Memory: 555008K Free: 311156K (56%)
----------------- Invoking toplevel() on ptolemy.moml.MoMLSimpleApplication@2a7ed8b9
----------------- Done invoking toplevel() on ptolemy.moml.MoMLSimpleApplication@2a7ed8b9
reloadAllAccessors: .PublisherPort8

===========================================================================================
----------------- testing Tue Jan 21 12:21:16 UTC 2020 /home/travis/build/icyphy/ptII/ptolemy/actor/lib/test/auto/PublisherPortSubscriberChannelVariablesAOC2.xml
----------------- Instantiating /home/travis/build/icyphy/ptII/ptolemy/actor/lib/test/auto/PublisherPortSubscriberChannelVariablesAOC2.xml
3 ms. Memory: 555008K Free: 293748K (53%)
----------------- Invoking toplevel() on ptolemy.moml.MoMLSimpleApplication@41906c66
----------------- Done invoking toplevel() on ptolemy.moml.MoMLSimpleApplication@41906c66
reloadAllAccessors: .PublisherPortSubscriberChannelVariablesAOC2

===========================================================================================
----------------- testing Tue Jan 21 12:21:16 UTC 2020 /home/travis/build/icyphy/ptII/ptolemy/actor/lib/test/auto/PublisherPortSubscriberOpaqueWidthInference.xml
----------------- Instantiating /home/travis/build/icyphy/ptII/ptolemy/actor/lib/test/auto/PublisherPortSubscriberOpaqueWidthInference.xml
4 ms. Memory: 555008K Free: 285556K (51%)
----------------- Invoking toplevel() on ptolemy.moml.MoMLSimpleApplication@2675a6a9
----------------- Done invoking toplevel() on ptolemy.moml.MoMLSimpleApplication@2675a6a9
reloadAllAccessors: .PublisherPortSubscriberOpaqueWidthInference

===========================================================================================
----------------- testing Tue Jan 21 12:21:16 UTC 2020 /home/travis/build/icyphy/ptII/ptolemy/actor/lib/test/auto/PublisherPortSubscriberPortAdjacent.xml
----------------- Instantiating /home/travis/build/icyphy/ptII/ptolemy/actor/lib/test/auto/PublisherPortSubscriberPortAdjacent.xml
2 ms. Memory: 555008K Free: 277364K (50%)
----------------- Invoking toplevel() on ptolemy.moml.MoMLSimpleApplication@beaf8
----------------- Done invoking toplevel() on ptolemy.moml.MoMLSimpleApplication@beaf8
reloadAllAccessors: .PublisherPortSubscriberPortAdjacent

===========================================================================================
----------------- testing Tue Jan 21 12:21:16 UTC 2020 /home/travis/build/icyphy/ptII/ptolemy/actor/lib/test/auto/PublisherPortSubscriberPortExpression.xml
----------------- Instantiating /home/travis/build/icyphy/ptII/ptolemy/actor/lib/test/auto/PublisherPortSubscriberPortExpression.xml
5 ms. Memory: 555008K Free: 269676K (49%)
----------------- Invoking toplevel() on ptolemy.moml.MoMLSimpleApplication@416c013b
----------------- Done invoking toplevel() on ptolemy.moml.MoMLSimpleApplication@416c013b
reloadAllAccessors: .PublisherPortSubscriberPortExpression

===========================================================================================
----------------- testing Tue Jan 21 12:21:16 UTC 2020 /home/travis/build/icyphy/ptII/ptolemy/actor/lib/test/auto/PublisherPortSubscriberPortOpaqueD3Reverse.xml
----------------- Instantiating /home/travis/build/icyphy/ptII/ptolemy/actor/lib/test/auto/PublisherPortSubscriberPortOpaqueD3Reverse.xml
5 ms. Memory: 555008K Free: 259442K (47%)
----------------- Invoking toplevel() on ptolemy.moml.MoMLSimpleApplication@75a58bdf
----------------- Done invoking toplevel() on ptolemy.moml.MoMLSimpleApplication@75a58bdf
reloadAllAccessors: .PublisherPortSubscriberPortOpaqueD3Reverse

===========================================================================================
----------------- testing Tue Jan 21 12:21:16 UTC 2020 /home/travis/build/icyphy/ptII/ptolemy/actor/lib/test/auto/PublisherPortSubscriberPortOpaqueWidthInference.xml
----------------- Instantiating /home/travis/build/icyphy/ptII/ptolemy/actor/lib/test/auto/PublisherPortSubscriberPortOpaqueWidthInference.xml
3 ms. Memory: 555008K Free: 251764K (45%)
----------------- Invoking toplevel() on ptolemy.moml.MoMLSimpleApplication@31272d79
----------------- Done invoking toplevel() on ptolemy.moml.MoMLSimpleApplication@31272d79
reloadAllAccessors: .PublisherPortSubscriberPortOpaqueWidthInference

===========================================================================================
----------------- testing Tue Jan 21 12:21:16 UTC 2020 /home/travis/build/icyphy/ptII/ptolemy/actor/lib/test/auto/PublisherPortToplevelSubscriberPortAOC.xml
----------------- Instantiating /home/travis/build/icyphy/ptII/ptolemy/actor/lib/test/auto/PublisherPortToplevelSubscriberPortAOC.xml
.PublisherPortToplevelSubscriberPortAOC.TestExceptionAttribute: initialize() was not invoked, but wrapup() was.  This is unusual, but not always a problem.  For example, exporting JNLP will do this.
1 ms. Memory: 555008K Free: 246130K (44%)
----------------- Invoking toplevel() on ptolemy.moml.MoMLSimpleApplication@3a7e7bd0
----------------- Done invoking toplevel() on ptolemy.moml.MoMLSimpleApplication@3a7e7bd0
reloadAllAccessors: .PublisherPortToplevelSubscriberPortAOC

===========================================================================================
----------------- testing Tue Jan 21 12:21:16 UTC 2020 /home/travis/build/icyphy/ptII/ptolemy/actor/lib/test/auto/PublisherSubscriber.xml
----------------- Instantiating /home/travis/build/icyphy/ptII/ptolemy/actor/lib/test/auto/PublisherSubscriber.xml
2 ms. Memory: 555008K Free: 238932K (43%)
----------------- Invoking toplevel() on ptolemy.moml.MoMLSimpleApplication@696959f5
----------------- Done invoking toplevel() on ptolemy.moml.MoMLSimpleApplication@696959f5
reloadAllAccessors: .PublisherSubscriber

===========================================================================================
----------------- testing Tue Jan 21 12:21:16 UTC 2020 /home/travis/build/icyphy/ptII/ptolemy/actor/lib/test/auto/PublisherSubscriber10.xml
----------------- Instantiating /home/travis/build/icyphy/ptII/ptolemy/actor/lib/test/auto/PublisherSubscriber10.xml
5 ms. Memory: 555008K Free: 229236K (41%)
----------------- Invoking toplevel() on ptolemy.moml.MoMLSimpleApplication@2cbc98d6
----------------- Done invoking toplevel() on ptolemy.moml.MoMLSimpleApplication@2cbc98d6
reloadAllAccessors: .PublisherSubscriber10

===========================================================================================
----------------- testing Tue Jan 21 12:21:16 UTC 2020 /home/travis/build/icyphy/ptII/ptolemy/actor/lib/test/auto/PublisherSubscriber10InitialOutputs.xml
----------------- Instantiating /home/travis/build/icyphy/ptII/ptolemy/actor/lib/test/auto/PublisherSubscriber10InitialOutputs.xml
11 ms. Memory: 555008K Free: 220020K (40%)
----------------- Invoking toplevel() on ptolemy.moml.MoMLSimpleApplication@4d814d61
----------------- Done invoking toplevel() on ptolemy.moml.MoMLSimpleApplication@4d814d61
reloadAllAccessors: .PublisherSubscriber10InitialOutputs

===========================================================================================
----------------- testing Tue Jan 21 12:21:16 UTC 2020 /home/travis/build/icyphy/ptII/ptolemy/actor/lib/test/auto/PublisherSubscriber11.xml
----------------- Instantiating /home/travis/build/icyphy/ptII/ptolemy/actor/lib/test/auto/PublisherSubscriber11.xml
3 ms. Memory: 555008K Free: 213876K (39%)
----------------- Invoking toplevel() on ptolemy.moml.MoMLSimpleApplication@39b96e5c
----------------- Done invoking toplevel() on ptolemy.moml.MoMLSimpleApplication@39b96e5c
reloadAllAccessors: .PublisherSubscriber11

===========================================================================================
----------------- testing Tue Jan 21 12:21:16 UTC 2020 /home/travis/build/icyphy/ptII/ptolemy/actor/lib/test/auto/PublisherSubscriber12.xml
----------------- Instantiating /home/travis/build/icyphy/ptII/ptolemy/actor/lib/test/auto/PublisherSubscriber12.xml
5 ms. Memory: 555008K Free: 206708K (37%)
----------------- Invoking toplevel() on ptolemy.moml.MoMLSimpleApplication@67533319
----------------- Done invoking toplevel() on ptolemy.moml.MoMLSimpleApplication@67533319
reloadAllAccessors: .PublisherSubscriber12

===========================================================================================
----------------- testing Tue Jan 21 12:21:16 UTC 2020 /home/travis/build/icyphy/ptII/ptolemy/actor/lib/test/auto/PublisherSubscriber13.xml
----------------- Instantiating /home/travis/build/icyphy/ptII/ptolemy/actor/lib/test/auto/PublisherSubscriber13.xml
2 ms. Memory: 555008K Free: 201044K (36%)
----------------- Invoking toplevel() on ptolemy.moml.MoMLSimpleApplication@53290ccf
----------------- Done invoking toplevel() on ptolemy.moml.MoMLSimpleApplication@53290ccf
reloadAllAccessors: .PublisherSubscriber13

===========================================================================================
----------------- testing Tue Jan 21 12:21:16 UTC 2020 /home/travis/build/icyphy/ptII/ptolemy/actor/lib/test/auto/PublisherSubscriber14.xml
----------------- Instantiating /home/travis/build/icyphy/ptII/ptolemy/actor/lib/test/auto/PublisherSubscriber14.xml
1 ms. Memory: 555008K Free: 192372K (35%)
----------------- Invoking toplevel() on ptolemy.moml.MoMLSimpleApplication@6569e3c3
----------------- Done invoking toplevel() on ptolemy.moml.MoMLSimpleApplication@6569e3c3
reloadAllAccessors: .PublisherSubscriber14

===========================================================================================
----------------- testing Tue Jan 21 12:21:16 UTC 2020 /home/travis/build/icyphy/ptII/ptolemy/actor/lib/test/auto/PublisherSubscriber2.xml
----------------- Instantiating /home/travis/build/icyphy/ptII/ptolemy/actor/lib/test/auto/PublisherSubscriber2.xml
3 ms. Memory: 555008K Free: 186724K (34%)
----------------- Invoking toplevel() on ptolemy.moml.MoMLSimpleApplication@2b8d6631
----------------- Done invoking toplevel() on ptolemy.moml.MoMLSimpleApplication@2b8d6631
reloadAllAccessors: .PublisherSubscriber2

===========================================================================================
----------------- testing Tue Jan 21 12:21:16 UTC 2020 /home/travis/build/icyphy/ptII/ptolemy/actor/lib/test/auto/PublisherSubscriber3.xml
----------------- Instantiating /home/travis/build/icyphy/ptII/ptolemy/actor/lib/test/auto/PublisherSubscriber3.xml
2 ms. Memory: 555008K Free: 181108K (33%)
----------------- Invoking toplevel() on ptolemy.moml.MoMLSimpleApplication@59799d70
----------------- Done invoking toplevel() on ptolemy.moml.MoMLSimpleApplication@59799d70
reloadAllAccessors: .PublisherSubscriber3

===========================================================================================
----------------- testing Tue Jan 21 12:21:16 UTC 2020 /home/travis/build/icyphy/ptII/ptolemy/actor/lib/test/auto/PublisherSubscriber4.xml
----------------- Instantiating /home/travis/build/icyphy/ptII/ptolemy/actor/lib/test/auto/PublisherSubscriber4.xml
2 ms. Memory: 555008K Free: 501108K (90%)
----------------- Invoking toplevel() on ptolemy.moml.MoMLSimpleApplication@563cf885
----------------- Done invoking toplevel() on ptolemy.moml.MoMLSimpleApplication@563cf885
reloadAllAccessors: .PublisherSubscriber4

===========================================================================================
----------------- testing Tue Jan 21 12:21:16 UTC 2020 /home/travis/build/icyphy/ptII/ptolemy/actor/lib/test/auto/PublisherSubscriber5.xml
----------------- Instantiating /home/travis/build/icyphy/ptII/ptolemy/actor/lib/test/auto/PublisherSubscriber5.xml
2 ms. Memory: 555008K Free: 494444K (89%)
----------------- Invoking toplevel() on ptolemy.moml.MoMLSimpleApplication@33886a70
----------------- Done invoking toplevel() on ptolemy.moml.MoMLSimpleApplication@33886a70
reloadAllAccessors: .PublisherSubscriber5

===========================================================================================
----------------- testing Tue Jan 21 12:21:16 UTC 2020 /home/travis/build/icyphy/ptII/ptolemy/actor/lib/test/auto/PublisherSubscriber6.xml
----------------- Instantiating /home/travis/build/icyphy/ptII/ptolemy/actor/lib/test/auto/PublisherSubscriber6.xml
3 ms. Memory: 555008K Free: 487796K (88%)
----------------- Invoking toplevel() on ptolemy.moml.MoMLSimpleApplication@193dc59e
----------------- Done invoking toplevel() on ptolemy.moml.MoMLSimpleApplication@193dc59e
reloadAllAccessors: .PublisherSubscriber6

===========================================================================================
----------------- testing Tue Jan 21 12:21:16 UTC 2020 /home/travis/build/icyphy/ptII/ptolemy/actor/lib/test/auto/PublisherSubscriber7.xml
----------------- Instantiating /home/travis/build/icyphy/ptII/ptolemy/actor/lib/test/auto/PublisherSubscriber7.xml
6 ms. Memory: 555008K Free: 480628K (87%)
----------------- Invoking toplevel() on ptolemy.moml.MoMLSimpleApplication@8a0422a
----------------- Done invoking toplevel() on ptolemy.moml.MoMLSimpleApplication@8a0422a
reloadAllAccessors: .PublisherSubscriber7

===========================================================================================
----------------- testing Tue Jan 21 12:21:16 UTC 2020 /home/travis/build/icyphy/ptII/ptolemy/actor/lib/test/auto/PublisherSubscriber8.xml
----------------- Instantiating /home/travis/build/icyphy/ptII/ptolemy/actor/lib/test/auto/PublisherSubscriber8.xml
20 ms. Memory: 555008K Free: 468850K (84%)
----------------- Invoking toplevel() on ptolemy.moml.MoMLSimpleApplication@5511bd27
----------------- Done invoking toplevel() on ptolemy.moml.MoMLSimpleApplication@5511bd27
reloadAllAccessors: .PublisherSubscriber8

===========================================================================================
----------------- testing Tue Jan 21 12:21:16 UTC 2020 /home/travis/build/icyphy/ptII/ptolemy/actor/lib/test/auto/PublisherSubscriber9.xml
----------------- Instantiating /home/travis/build/icyphy/ptII/ptolemy/actor/lib/test/auto/PublisherSubscriber9.xml
4 ms. Memory: 555008K Free: 461172K (83%)
----------------- Invoking toplevel() on ptolemy.moml.MoMLSimpleApplication@38e22139
----------------- Done invoking toplevel() on ptolemy.moml.MoMLSimpleApplication@38e22139
reloadAllAccessors: .PublisherSubscriber9

===========================================================================================
----------------- testing Tue Jan 21 12:21:16 UTC 2020 /home/travis/build/icyphy/ptII/ptolemy/actor/lib/test/auto/PublisherSubscriberAdjacent.xml
----------------- Instantiating /home/travis/build/icyphy/ptII/ptolemy/actor/lib/test/auto/PublisherSubscriberAdjacent.xml
1 ms. Memory: 555008K Free: 452466K (82%)
----------------- Invoking toplevel() on ptolemy.moml.MoMLSimpleApplication@45084889
----------------- Done invoking toplevel() on ptolemy.moml.MoMLSimpleApplication@45084889
reloadAllAccessors: .PublisherSubscriberAdjacent

===========================================================================================
----------------- testing Tue Jan 21 12:21:16 UTC 2020 /home/travis/build/icyphy/ptII/ptolemy/actor/lib/test/auto/PublisherSubscriberChannelVariablesAOC2.xml
----------------- Instantiating /home/travis/build/icyphy/ptII/ptolemy/actor/lib/test/auto/PublisherSubscriberChannelVariablesAOC2.xml
6 ms. Memory: 555008K Free: 437092K (79%)
----------------- Invoking toplevel() on ptolemy.moml.MoMLSimpleApplication@19715bf0
----------------- Done invoking toplevel() on ptolemy.moml.MoMLSimpleApplication@19715bf0
reloadAllAccessors: .PublisherSubscriberChannelVariablesAOC2

===========================================================================================
----------------- testing Tue Jan 21 12:21:16 UTC 2020 /home/travis/build/icyphy/ptII/ptolemy/actor/lib/test/auto/PublisherSubscriberD3.xml
----------------- Instantiating /home/travis/build/icyphy/ptII/ptolemy/actor/lib/test/auto/PublisherSubscriberD3.xml
1 ms. Memory: 555008K Free: 429938K (77%)
----------------- Invoking toplevel() on ptolemy.moml.MoMLSimpleApplication@6199c021
----------------- Done invoking toplevel() on ptolemy.moml.MoMLSimpleApplication@6199c021
reloadAllAccessors: .PublisherSubscriberD3

===========================================================================================
----------------- testing Tue Jan 21 12:21:16 UTC 2020 /home/travis/build/icyphy/ptII/ptolemy/actor/lib/test/auto/PublisherSubscriberD3Reverse.xml
----------------- Instantiating /home/travis/build/icyphy/ptII/ptolemy/actor/lib/test/auto/PublisherSubscriberD3Reverse.xml
1 ms. Memory: 555008K Free: 423794K (76%)
----------------- Invoking toplevel() on ptolemy.moml.MoMLSimpleApplication@3285411a
----------------- Done invoking toplevel() on ptolemy.moml.MoMLSimpleApplication@3285411a
reloadAllAccessors: .PublisherSubscriberD3Reverse

===========================================================================================
----------------- testing Tue Jan 21 12:21:16 UTC 2020 /home/travis/build/icyphy/ptII/ptolemy/actor/lib/test/auto/PublisherSubscriberExpression.xml
----------------- Instantiating /home/travis/build/icyphy/ptII/ptolemy/actor/lib/test/auto/PublisherSubscriberExpression.xml
4 ms. Memory: 555008K Free: 415588K (75%)
----------------- Invoking toplevel() on ptolemy.moml.MoMLSimpleApplication@bfaab8c
----------------- Done invoking toplevel() on ptolemy.moml.MoMLSimpleApplication@bfaab8c
reloadAllAccessors: .PublisherSubscriberExpression

===========================================================================================
----------------- testing Tue Jan 21 12:21:16 UTC 2020 /home/travis/build/icyphy/ptII/ptolemy/actor/lib/test/auto/PublisherSubscriberOpaque.xml
----------------- Instantiating /home/travis/build/icyphy/ptII/ptolemy/actor/lib/test/auto/PublisherSubscriberOpaque.xml
4 ms. Memory: 555008K Free: 407410K (73%)
----------------- Invoking toplevel() on ptolemy.moml.MoMLSimpleApplication@49757a2b
----------------- Done invoking toplevel() on ptolemy.moml.MoMLSimpleApplication@49757a2b
reloadAllAccessors: .PublisherSubscriberOpaque

===========================================================================================
----------------- testing Tue Jan 21 12:21:16 UTC 2020 /home/travis/build/icyphy/ptII/ptolemy/actor/lib/test/auto/PublisherSubscriberOpaqueD3.xml
----------------- Instantiating /home/travis/build/icyphy/ptII/ptolemy/actor/lib/test/auto/PublisherSubscriberOpaqueD3.xml
5 ms. Memory: 555008K Free: 396146K (71%)
----------------- Invoking toplevel() on ptolemy.moml.MoMLSimpleApplication@2c7da46c
----------------- Done invoking toplevel() on ptolemy.moml.MoMLSimpleApplication@2c7da46c
reloadAllAccessors: .PublisherSubscriberOpaqueD3

===========================================================================================
----------------- testing Tue Jan 21 12:21:16 UTC 2020 /home/travis/build/icyphy/ptII/ptolemy/actor/lib/test/auto/PublisherSubscriberOpaqueD3Reverse.xml
----------------- Instantiating /home/travis/build/icyphy/ptII/ptolemy/actor/lib/test/auto/PublisherSubscriberOpaqueD3Reverse.xml
8 ms. Memory: 555008K Free: 384882K (69%)
----------------- Invoking toplevel() on ptolemy.moml.MoMLSimpleApplication@6ed5aaf4
----------------- Done invoking toplevel() on ptolemy.moml.MoMLSimpleApplication@6ed5aaf4
reloadAllAccessors: .PublisherSubscriberOpaqueD3Reverse

===========================================================================================
----------------- testing Tue Jan 21 12:21:16 UTC 2020 /home/travis/build/icyphy/ptII/ptolemy/actor/lib/test/auto/PublisherSubscriberOpaqueWidthInference.xml
----------------- Instantiating /home/travis/build/icyphy/ptII/ptolemy/actor/lib/test/auto/PublisherSubscriberOpaqueWidthInference.xml
5 ms. Memory: 555008K Free: 376676K (68%)
----------------- Invoking toplevel() on ptolemy.moml.MoMLSimpleApplication@3c6fa986
----------------- Done invoking toplevel() on ptolemy.moml.MoMLSimpleApplication@3c6fa986
reloadAllAccessors: .PublisherSubscriberOpaqueWidthInference

===========================================================================================
----------------- testing Tue Jan 21 12:21:16 UTC 2020 /home/travis/build/icyphy/ptII/ptolemy/actor/lib/test/auto/PublisherTestSubscriber.xml
----------------- Instantiating /home/travis/build/icyphy/ptII/ptolemy/actor/lib/test/auto/PublisherTestSubscriber.xml
3 ms. Memory: 555008K Free: 369012K (66%)
----------------- Invoking toplevel() on ptolemy.moml.MoMLSimpleApplication@284d0778
----------------- Done invoking toplevel() on ptolemy.moml.MoMLSimpleApplication@284d0778
reloadAllAccessors: .PublisherTestSubscriber

===========================================================================================
----------------- testing Tue Jan 21 12:21:16 UTC 2020 /home/travis/build/icyphy/ptII/ptolemy/actor/lib/test/auto/PublisherToplevelSubscriberPortAOC.xml
----------------- Instantiating /home/travis/build/icyphy/ptII/ptolemy/actor/lib/test/auto/PublisherToplevelSubscriberPortAOC.xml
1 ms. Memory: 555008K Free: 362348K (65%)
----------------- Invoking toplevel() on ptolemy.moml.MoMLSimpleApplication@4168d6a5
----------------- Done invoking toplevel() on ptolemy.moml.MoMLSimpleApplication@4168d6a5
reloadAllAccessors: .PublisherToplevelSubscriberPortAOC

===========================================================================================
----------------- testing Tue Jan 21 12:21:16 UTC 2020 /home/travis/build/icyphy/ptII/ptolemy/actor/lib/test/auto/PulseFiringLimitDE.xml
----------------- Instantiating /home/travis/build/icyphy/ptII/ptolemy/actor/lib/test/auto/PulseFiringLimitDE.xml
2 ms. Memory: 555008K Free: 356210K (64%)
----------------- Invoking toplevel() on ptolemy.moml.MoMLSimpleApplication@739a1930
----------------- Done invoking toplevel() on ptolemy.moml.MoMLSimpleApplication@739a1930
reloadAllAccessors: .PulseFiringLimitDE

===========================================================================================
----------------- testing Tue Jan 21 12:21:16 UTC 2020 /home/travis/build/icyphy/ptII/ptolemy/actor/lib/test/auto/Ramp1.xml
----------------- Instantiating /home/travis/build/icyphy/ptII/ptolemy/actor/lib/test/auto/Ramp1.xml
1 ms. Memory: 555008K Free: 352108K (63%)
----------------- Invoking toplevel() on ptolemy.moml.MoMLSimpleApplication@3ce0d4b6
----------------- Done invoking toplevel() on ptolemy.moml.MoMLSimpleApplication@3ce0d4b6
reloadAllAccessors: .Ramp1

===========================================================================================
----------------- testing Tue Jan 21 12:21:16 UTC 2020 /home/travis/build/icyphy/ptII/ptolemy/actor/lib/test/auto/RampFiringLimitDE.xml
----------------- Instantiating /home/travis/build/icyphy/ptII/ptolemy/actor/lib/test/auto/RampFiringLimitDE.xml
3 ms. Memory: 555008K Free: 345956K (62%)
----------------- Invoking toplevel() on ptolemy.moml.MoMLSimpleApplication@1b651e8e
----------------- Done invoking toplevel() on ptolemy.moml.MoMLSimpleApplication@1b651e8e
reloadAllAccessors: .RampFiringLimitDE

===========================================================================================
----------------- testing Tue Jan 21 12:21:16 UTC 2020 /home/travis/build/icyphy/ptII/ptolemy/actor/lib/test/auto/RampFiringLimitSDF.xml
----------------- Instantiating /home/travis/build/icyphy/ptII/ptolemy/actor/lib/test/auto/RampFiringLimitSDF.xml
3 ms. Memory: 555008K Free: 340340K (61%)
----------------- Invoking toplevel() on ptolemy.moml.MoMLSimpleApplication@6c10e352
----------------- Done invoking toplevel() on ptolemy.moml.MoMLSimpleApplication@6c10e352
reloadAllAccessors: .RampFiringLimitSDF

===========================================================================================
----------------- testing Tue Jan 21 12:21:16 UTC 2020 /home/travis/build/icyphy/ptII/ptolemy/actor/lib/test/auto/RandomInteger.xml
----------------- Instantiating /home/travis/build/icyphy/ptII/ptolemy/actor/lib/test/auto/RandomInteger.xml
1 ms. Memory: 555008K Free: 336244K (61%)
----------------- Invoking toplevel() on ptolemy.moml.MoMLSimpleApplication@1ec1628c
----------------- Done invoking toplevel() on ptolemy.moml.MoMLSimpleApplication@1ec1628c
reloadAllAccessors: .RandomInteger

===========================================================================================
----------------- testing Tue Jan 21 12:21:16 UTC 2020 /home/travis/build/icyphy/ptII/ptolemy/actor/lib/test/auto/ReadFile1.xml
----------------- Instantiating /home/travis/build/icyphy/ptII/ptolemy/actor/lib/test/auto/ReadFile1.xml
2 ms. Memory: 555008K Free: 331634K (60%)
----------------- Invoking toplevel() on ptolemy.moml.MoMLSimpleApplication@39e9cc86
----------------- Done invoking toplevel() on ptolemy.moml.MoMLSimpleApplication@39e9cc86
reloadAllAccessors: .ReadFile1

===========================================================================================
----------------- testing Tue Jan 21 12:21:16 UTC 2020 /home/travis/build/icyphy/ptII/ptolemy/actor/lib/test/auto/ReadFile2.xml
----------------- Instantiating /home/travis/build/icyphy/ptII/ptolemy/actor/lib/test/auto/ReadFile2.xml
1 ms. Memory: 555008K Free: 327538K (59%)
----------------- Invoking toplevel() on ptolemy.moml.MoMLSimpleApplication@24c6064e
----------------- Done invoking toplevel() on ptolemy.moml.MoMLSimpleApplication@24c6064e
reloadAllAccessors: .ReadFile2

===========================================================================================
----------------- testing Tue Jan 21 12:21:16 UTC 2020 /home/travis/build/icyphy/ptII/ptolemy/actor/lib/test/auto/Reader.xml
----------------- Instantiating /home/travis/build/icyphy/ptII/ptolemy/actor/lib/test/auto/Reader.xml
actor.lib.Reader is obsolete, use actor.lib.io.ExpressionReader instead
3 ms. Memory: 555008K Free: 323442K (58%)
----------------- Invoking toplevel() on ptolemy.moml.MoMLSimpleApplication@ac490f1
----------------- Done invoking toplevel() on ptolemy.moml.MoMLSimpleApplication@ac490f1
reloadAllAccessors: .Reader

===========================================================================================
----------------- testing Tue Jan 21 12:21:16 UTC 2020 /home/travis/build/icyphy/ptII/ptolemy/actor/lib/test/auto/RecordAssemblerDisplayNameTest.xml
----------------- Instantiating /home/travis/build/icyphy/ptII/ptolemy/actor/lib/test/auto/RecordAssemblerDisplayNameTest.xml
3474 ms. Memory: 555008K Free: 392050K (71%)
----------------- Invoking toplevel() on ptolemy.moml.MoMLSimpleApplication@4c60d942
----------------- Done invoking toplevel() on ptolemy.moml.MoMLSimpleApplication@4c60d942
reloadAllAccessors: .RecordAssemblerDisplayNameTest

===========================================================================================
----------------- testing Tue Jan 21 12:21:20 UTC 2020 /home/travis/build/icyphy/ptII/ptolemy/actor/lib/test/auto/RecordAssemblerTypeError.xml
----------------- Instantiating /home/travis/build/icyphy/ptII/ptolemy/actor/lib/test/auto/RecordAssemblerTypeError.xml
16 ms. Memory: 555008K Free: 382324K (69%)
----------------- Invoking toplevel() on ptolemy.moml.MoMLSimpleApplication@7ceecf1a
----------------- Done invoking toplevel() on ptolemy.moml.MoMLSimpleApplication@7ceecf1a
reloadAllAccessors: .RecordAssemblerTypeError

===========================================================================================
----------------- testing Tue Jan 21 12:21:20 UTC 2020 /home/travis/build/icyphy/ptII/ptolemy/actor/lib/test/auto/RecordDisassember.xml
----------------- Instantiating /home/travis/build/icyphy/ptII/ptolemy/actor/lib/test/auto/RecordDisassember.xml
3 ms. Memory: 555008K Free: 377684K (68%)
----------------- Invoking toplevel() on ptolemy.moml.MoMLSimpleApplication@4537a66e
----------------- Done invoking toplevel() on ptolemy.moml.MoMLSimpleApplication@4537a66e
reloadAllAccessors: .RecordDisassember

===========================================================================================
----------------- testing Tue Jan 21 12:21:20 UTC 2020 /home/travis/build/icyphy/ptII/ptolemy/actor/lib/test/auto/RecordDisassemberDisplayNameTest.xml
----------------- Instantiating /home/travis/build/icyphy/ptII/ptolemy/actor/lib/test/auto/RecordDisassemberDisplayNameTest.xml
7 ms. Memory: 555008K Free: 369522K (67%)
----------------- Invoking toplevel() on ptolemy.moml.MoMLSimpleApplication@66195ff
----------------- Done invoking toplevel() on ptolemy.moml.MoMLSimpleApplication@66195ff
reloadAllAccessors: .RecordDisassemberDisplayNameTest

===========================================================================================
----------------- testing Tue Jan 21 12:21:20 UTC 2020 /home/travis/build/icyphy/ptII/ptolemy/actor/lib/test/auto/RecordDisassembler.xml
----------------- Instantiating /home/travis/build/icyphy/ptII/ptolemy/actor/lib/test/auto/RecordDisassembler.xml
4 ms. Memory: 555008K Free: 364372K (66%)
----------------- Invoking toplevel() on ptolemy.moml.MoMLSimpleApplication@44da8ede
----------------- Done invoking toplevel() on ptolemy.moml.MoMLSimpleApplication@44da8ede
reloadAllAccessors: .RecordDisassembler

===========================================================================================
----------------- testing Tue Jan 21 12:21:20 UTC 2020 /home/travis/build/icyphy/ptII/ptolemy/actor/lib/test/auto/RecordDisassembler2.xml
----------------- Instantiating /home/travis/build/icyphy/ptII/ptolemy/actor/lib/test/auto/RecordDisassembler2.xml
2 ms. Memory: 555008K Free: 359268K (65%)
----------------- Invoking toplevel() on ptolemy.moml.MoMLSimpleApplication@379e6ea8
----------------- Done invoking toplevel() on ptolemy.moml.MoMLSimpleApplication@379e6ea8
reloadAllAccessors: .RecordDisassembler2

===========================================================================================
----------------- testing Tue Jan 21 12:21:20 UTC 2020 /home/travis/build/icyphy/ptII/ptolemy/actor/lib/test/auto/RecordUpdater.xml
----------------- Instantiating /home/travis/build/icyphy/ptII/ptolemy/actor/lib/test/auto/RecordUpdater.xml
2 ms. Memory: 555008K Free: 354162K (64%)
----------------- Invoking toplevel() on ptolemy.moml.MoMLSimpleApplication@19315562
----------------- Done invoking toplevel() on ptolemy.moml.MoMLSimpleApplication@19315562
reloadAllAccessors: .RecordUpdater

===========================================================================================
----------------- testing Tue Jan 21 12:21:20 UTC 2020 /home/travis/build/icyphy/ptII/ptolemy/actor/lib/test/auto/RecordUpdater2.xml
----------------- Instantiating /home/travis/build/icyphy/ptII/ptolemy/actor/lib/test/auto/RecordUpdater2.xml
2 ms. Memory: 555008K Free: 349556K (63%)
----------------- Invoking toplevel() on ptolemy.moml.MoMLSimpleApplication@cedb887
----------------- Done invoking toplevel() on ptolemy.moml.MoMLSimpleApplication@cedb887
reloadAllAccessors: .RecordUpdater2

===========================================================================================
----------------- testing Tue Jan 21 12:21:20 UTC 2020 /home/travis/build/icyphy/ptII/ptolemy/actor/lib/test/auto/RecursiveLattice.xml
----------------- Instantiating /home/travis/build/icyphy/ptII/ptolemy/actor/lib/test/auto/RecursiveLattice.xml
1 ms. Memory: 555008K Free: 344916K (62%)
----------------- Invoking toplevel() on ptolemy.moml.MoMLSimpleApplication@e270650
----------------- Done invoking toplevel() on ptolemy.moml.MoMLSimpleApplication@e270650
reloadAllAccessors: .RecursiveLattice

===========================================================================================
----------------- testing Tue Jan 21 12:21:20 UTC 2020 /home/travis/build/icyphy/ptII/ptolemy/actor/lib/test/auto/Router.xml
----------------- Instantiating /home/travis/build/icyphy/ptII/ptolemy/actor/lib/test/auto/Router.xml
3004 ms. Memory: 555008K Free: 333172K (60%)
----------------- Invoking toplevel() on ptolemy.moml.MoMLSimpleApplication@7156e36c
----------------- Done invoking toplevel() on ptolemy.moml.MoMLSimpleApplication@7156e36c
reloadAllAccessors: .Router

===========================================================================================
----------------- testing Tue Jan 21 12:21:23 UTC 2020 /home/travis/build/icyphy/ptII/ptolemy/actor/lib/test/auto/Router2.xml
----------------- Instantiating /home/travis/build/icyphy/ptII/ptolemy/actor/lib/test/auto/Router2.xml
3007 ms. Memory: 555008K Free: 322932K (58%)
----------------- Invoking toplevel() on ptolemy.moml.MoMLSimpleApplication@65b8d81a
----------------- Done invoking toplevel() on ptolemy.moml.MoMLSimpleApplication@65b8d81a
reloadAllAccessors: .Router2

===========================================================================================
----------------- testing Tue Jan 21 12:21:26 UTC 2020 /home/travis/build/icyphy/ptII/ptolemy/actor/lib/test/auto/RunningMaximum.xml
----------------- Instantiating /home/travis/build/icyphy/ptII/ptolemy/actor/lib/test/auto/RunningMaximum.xml
1 ms. Memory: 555008K Free: 318322K (57%)
----------------- Invoking toplevel() on ptolemy.moml.MoMLSimpleApplication@7537122c
----------------- Done invoking toplevel() on ptolemy.moml.MoMLSimpleApplication@7537122c
reloadAllAccessors: .RunningMaximum

===========================================================================================
----------------- testing Tue Jan 21 12:21:26 UTC 2020 /home/travis/build/icyphy/ptII/ptolemy/actor/lib/test/auto/RunningMinimum.xml
----------------- Instantiating /home/travis/build/icyphy/ptII/ptolemy/actor/lib/test/auto/RunningMinimum.xml
2 ms. Memory: 555008K Free: 313716K (57%)
----------------- Invoking toplevel() on ptolemy.moml.MoMLSimpleApplication@20a2d07a
----------------- Done invoking toplevel() on ptolemy.moml.MoMLSimpleApplication@20a2d07a
reloadAllAccessors: .RunningMinimum

===========================================================================================
----------------- testing Tue Jan 21 12:21:26 UTC 2020 /home/travis/build/icyphy/ptII/ptolemy/actor/lib/test/auto/Scale.xml
----------------- Instantiating /home/travis/build/icyphy/ptII/ptolemy/actor/lib/test/auto/Scale.xml
1 ms. Memory: 555008K Free: 308596K (56%)
----------------- Invoking toplevel() on ptolemy.moml.MoMLSimpleApplication@4282e5f3
----------------- Done invoking toplevel() on ptolemy.moml.MoMLSimpleApplication@4282e5f3
reloadAllAccessors: .Scale

===========================================================================================
----------------- testing Tue Jan 21 12:21:26 UTC 2020 /home/travis/build/icyphy/ptII/ptolemy/actor/lib/test/auto/Scale2.xml
----------------- Instantiating /home/travis/build/icyphy/ptII/ptolemy/actor/lib/test/auto/Scale2.xml
1 ms. Memory: 555008K Free: 303986K (55%)
----------------- Invoking toplevel() on ptolemy.moml.MoMLSimpleApplication@5f16b63c
----------------- Done invoking toplevel() on ptolemy.moml.MoMLSimpleApplication@5f16b63c
reloadAllAccessors: .Scale2

===========================================================================================
----------------- testing Tue Jan 21 12:21:26 UTC 2020 /home/travis/build/icyphy/ptII/ptolemy/actor/lib/test/auto/Scale3.xml
----------------- Instantiating /home/travis/build/icyphy/ptII/ptolemy/actor/lib/test/auto/Scale3.xml
3 ms. Memory: 555008K Free: 297332K (54%)
----------------- Invoking toplevel() on ptolemy.moml.MoMLSimpleApplication@c230302
----------------- Done invoking toplevel() on ptolemy.moml.MoMLSimpleApplication@c230302
reloadAllAccessors: .Scale3

===========================================================================================
----------------- testing Tue Jan 21 12:21:26 UTC 2020 /home/travis/build/icyphy/ptII/ptolemy/actor/lib/test/auto/ScaleArray.xml
----------------- Instantiating /home/travis/build/icyphy/ptII/ptolemy/actor/lib/test/auto/ScaleArray.xml
2 ms. Memory: 555008K Free: 292722K (53%)
----------------- Invoking toplevel() on ptolemy.moml.MoMLSimpleApplication@6c9262bd
----------------- Done invoking toplevel() on ptolemy.moml.MoMLSimpleApplication@6c9262bd
reloadAllAccessors: .ScaleArray

===========================================================================================
----------------- testing Tue Jan 21 12:21:26 UTC 2020 /home/travis/build/icyphy/ptII/ptolemy/actor/lib/test/auto/ScaleArray2.xml
----------------- Instantiating /home/travis/build/icyphy/ptII/ptolemy/actor/lib/test/auto/ScaleArray2.xml
1 ms. Memory: 555008K Free: 288596K (52%)
----------------- Invoking toplevel() on ptolemy.moml.MoMLSimpleApplication@df7d38c
----------------- Done invoking toplevel() on ptolemy.moml.MoMLSimpleApplication@df7d38c
reloadAllAccessors: .ScaleArray2

===========================================================================================
----------------- testing Tue Jan 21 12:21:26 UTC 2020 /home/travis/build/icyphy/ptII/ptolemy/actor/lib/test/auto/ScaleMatrix.xml
----------------- Instantiating /home/travis/build/icyphy/ptII/ptolemy/actor/lib/test/auto/ScaleMatrix.xml
101 ms. Memory: 555008K Free: 273266K (49%)
----------------- Invoking toplevel() on ptolemy.moml.MoMLSimpleApplication@17c06613
----------------- Done invoking toplevel() on ptolemy.moml.MoMLSimpleApplication@17c06613
reloadAllAccessors: .ScaleMatrix

===========================================================================================
----------------- testing Tue Jan 21 12:21:26 UTC 2020 /home/travis/build/icyphy/ptII/ptolemy/actor/lib/test/auto/Select.xml
----------------- Instantiating /home/travis/build/icyphy/ptII/ptolemy/actor/lib/test/auto/Select.xml
2 ms. Memory: 555008K Free: 267108K (48%)
----------------- Invoking toplevel() on ptolemy.moml.MoMLSimpleApplication@2e14048e
----------------- Done invoking toplevel() on ptolemy.moml.MoMLSimpleApplication@2e14048e
reloadAllAccessors: .Select

===========================================================================================
----------------- testing Tue Jan 21 12:21:26 UTC 2020 /home/travis/build/icyphy/ptII/ptolemy/actor/lib/test/auto/Select2.xml
----------------- Instantiating /home/travis/build/icyphy/ptII/ptolemy/actor/lib/test/auto/Select2.xml
1 ms. Memory: 555008K Free: 262516K (47%)
----------------- Invoking toplevel() on ptolemy.moml.MoMLSimpleApplication@5158cf95
----------------- Done invoking toplevel() on ptolemy.moml.MoMLSimpleApplication@5158cf95
reloadAllAccessors: .Select2

===========================================================================================
----------------- testing Tue Jan 21 12:21:26 UTC 2020 /home/travis/build/icyphy/ptII/ptolemy/actor/lib/test/auto/SequenceToArray2.xml
----------------- Instantiating /home/travis/build/icyphy/ptII/ptolemy/actor/lib/test/auto/SequenceToArray2.xml
102 ms. Memory: 555008K Free: 237940K (43%)
----------------- Invoking toplevel() on ptolemy.moml.MoMLSimpleApplication@5928396d
----------------- Done invoking toplevel() on ptolemy.moml.MoMLSimpleApplication@5928396d
reloadAllAccessors: .SequenceToArray2

===========================================================================================
----------------- testing Tue Jan 21 12:21:27 UTC 2020 /home/travis/build/icyphy/ptII/ptolemy/actor/lib/test/auto/SequentialClock.xml
----------------- Instantiating /home/travis/build/icyphy/ptII/ptolemy/actor/lib/test/auto/SequentialClock.xml
2 ms. Memory: 555008K Free: 233330K (42%)
----------------- Invoking toplevel() on ptolemy.moml.MoMLSimpleApplication@69146f2d
----------------- Done invoking toplevel() on ptolemy.moml.MoMLSimpleApplication@69146f2d
reloadAllAccessors: .SequentialClock

===========================================================================================
----------------- testing Tue Jan 21 12:21:27 UTC 2020 /home/travis/build/icyphy/ptII/ptolemy/actor/lib/test/auto/SetVariable.xml
----------------- Instantiating /home/travis/build/icyphy/ptII/ptolemy/actor/lib/test/auto/SetVariable.xml
3 ms. Memory: 555008K Free: 228724K (41%)
----------------- Invoking toplevel() on ptolemy.moml.MoMLSimpleApplication@69ab268e
----------------- Done invoking toplevel() on ptolemy.moml.MoMLSimpleApplication@69ab268e
reloadAllAccessors: .SetVariable

===========================================================================================
----------------- testing Tue Jan 21 12:21:27 UTC 2020 /home/travis/build/icyphy/ptII/ptolemy/actor/lib/test/auto/SetVariable2.xml
----------------- Instantiating /home/travis/build/icyphy/ptII/ptolemy/actor/lib/test/auto/SetVariable2.xml
6 ms. Memory: 555008K Free: 223604K (40%)
----------------- Invoking toplevel() on ptolemy.moml.MoMLSimpleApplication@514ce29c
----------------- Done invoking toplevel() on ptolemy.moml.MoMLSimpleApplication@514ce29c
reloadAllAccessors: .SetVariable2

===========================================================================================
----------------- testing Tue Jan 21 12:21:27 UTC 2020 /home/travis/build/icyphy/ptII/ptolemy/actor/lib/test/auto/SetVariable3.xml
----------------- Instantiating /home/travis/build/icyphy/ptII/ptolemy/actor/lib/test/auto/SetVariable3.xml
6 ms. Memory: 555008K Free: 218484K (39%)
----------------- Invoking toplevel() on ptolemy.moml.MoMLSimpleApplication@11b133ef
----------------- Done invoking toplevel() on ptolemy.moml.MoMLSimpleApplication@11b133ef
reloadAllAccessors: .SetVariable3

===========================================================================================
----------------- testing Tue Jan 21 12:21:27 UTC 2020 /home/travis/build/icyphy/ptII/ptolemy/actor/lib/test/auto/SetVariable4.xml
----------------- Instantiating /home/travis/build/icyphy/ptII/ptolemy/actor/lib/test/auto/SetVariable4.xml
14 ms. Memory: 555008K Free: 209266K (38%)
----------------- Invoking toplevel() on ptolemy.moml.MoMLSimpleApplication@2a873646
----------------- Done invoking toplevel() on ptolemy.moml.MoMLSimpleApplication@2a873646
reloadAllAccessors: .SetVariable4

===========================================================================================
----------------- testing Tue Jan 21 12:21:27 UTC 2020 /home/travis/build/icyphy/ptII/ptolemy/actor/lib/test/auto/SetVariable5.xml
----------------- Instantiating /home/travis/build/icyphy/ptII/ptolemy/actor/lib/test/auto/SetVariable5.xml
16 ms. Memory: 555008K Free: 199538K (36%)
----------------- Invoking toplevel() on ptolemy.moml.MoMLSimpleApplication@6c4d3e9f
----------------- Done invoking toplevel() on ptolemy.moml.MoMLSimpleApplication@6c4d3e9f
reloadAllAccessors: .SetVariable5

===========================================================================================
----------------- testing Tue Jan 21 12:21:27 UTC 2020 /home/travis/build/icyphy/ptII/ptolemy/actor/lib/test/auto/Sinewave.xml
----------------- Instantiating /home/travis/build/icyphy/ptII/ptolemy/actor/lib/test/auto/Sinewave.xml
5 ms. Memory: 555008K Free: 189298K (34%)
----------------- Invoking toplevel() on ptolemy.moml.MoMLSimpleApplication@aa1510a
----------------- Done invoking toplevel() on ptolemy.moml.MoMLSimpleApplication@aa1510a
reloadAllAccessors: .Sinewave

===========================================================================================
----------------- testing Tue Jan 21 12:21:27 UTC 2020 /home/travis/build/icyphy/ptII/ptolemy/actor/lib/test/auto/Sinewave2.xml
----------------- Instantiating /home/travis/build/icyphy/ptII/ptolemy/actor/lib/test/auto/Sinewave2.xml
9 ms. Memory: 555008K Free: 181106K (33%)
----------------- Invoking toplevel() on ptolemy.moml.MoMLSimpleApplication@169158ce
----------------- Done invoking toplevel() on ptolemy.moml.MoMLSimpleApplication@169158ce
reloadAllAccessors: .Sinewave2

===========================================================================================
----------------- testing Tue Jan 21 12:21:27 UTC 2020 /home/travis/build/icyphy/ptII/ptolemy/actor/lib/test/auto/Sinewave3.xml
----------------- Instantiating /home/travis/build/icyphy/ptII/ptolemy/actor/lib/test/auto/Sinewave3.xml
15 ms. Memory: 555008K Free: 496980K (90%)
----------------- Invoking toplevel() on ptolemy.moml.MoMLSimpleApplication@798798b7
----------------- Done invoking toplevel() on ptolemy.moml.MoMLSimpleApplication@798798b7
reloadAllAccessors: .Sinewave3

===========================================================================================
----------------- testing Tue Jan 21 12:21:27 UTC 2020 /home/travis/build/icyphy/ptII/ptolemy/actor/lib/test/auto/SingleEvent.xml
----------------- Instantiating /home/travis/build/icyphy/ptII/ptolemy/actor/lib/test/auto/SingleEvent.xml
1 ms. Memory: 555008K Free: 492404K (89%)
----------------- Invoking toplevel() on ptolemy.moml.MoMLSimpleApplication@30608710
----------------- Done invoking toplevel() on ptolemy.moml.MoMLSimpleApplication@30608710
reloadAllAccessors: .SingleEvent

===========================================================================================
----------------- testing Tue Jan 21 12:21:27 UTC 2020 /home/travis/build/icyphy/ptII/ptolemy/actor/lib/test/auto/Sleep.xml
----------------- Instantiating /home/travis/build/icyphy/ptII/ptolemy/actor/lib/test/auto/Sleep.xml
6003 ms. Memory: 555008K Free: 486740K (88%)
----------------- Invoking toplevel() on ptolemy.moml.MoMLSimpleApplication@5c60f9f4
----------------- Done invoking toplevel() on ptolemy.moml.MoMLSimpleApplication@5c60f9f4
reloadAllAccessors: .Sleep

===========================================================================================
----------------- testing Tue Jan 21 12:21:33 UTC 2020 /home/travis/build/icyphy/ptII/ptolemy/actor/lib/test/auto/SleepMultipleFire.xml
----------------- Instantiating /home/travis/build/icyphy/ptII/ptolemy/actor/lib/test/auto/SleepMultipleFire.xml
1005 ms. Memory: 555008K Free: 481140K (87%)
----------------- Invoking toplevel() on ptolemy.moml.MoMLSimpleApplication@43e3b013
----------------- Done invoking toplevel() on ptolemy.moml.MoMLSimpleApplication@43e3b013
reloadAllAccessors: .SleepMultipleFire

===========================================================================================
----------------- testing Tue Jan 21 12:21:34 UTC 2020 /home/travis/build/icyphy/ptII/ptolemy/actor/lib/test/auto/StopDE.xml
----------------- Instantiating /home/travis/build/icyphy/ptII/ptolemy/actor/lib/test/auto/StopDE.xml
3 ms. Memory: 555008K Free: 475506K (86%)
----------------- Invoking toplevel() on ptolemy.moml.MoMLSimpleApplication@ba12437
----------------- Done invoking toplevel() on ptolemy.moml.MoMLSimpleApplication@ba12437
reloadAllAccessors: .StopDE

===========================================================================================
----------------- testing Tue Jan 21 12:21:34 UTC 2020 /home/travis/build/icyphy/ptII/ptolemy/actor/lib/test/auto/StopSDF.xml
----------------- Instantiating /home/travis/build/icyphy/ptII/ptolemy/actor/lib/test/auto/StopSDF.xml
2 ms. Memory: 555008K Free: 469876K (85%)
----------------- Invoking toplevel() on ptolemy.moml.MoMLSimpleApplication@12e1a2c
----------------- Done invoking toplevel() on ptolemy.moml.MoMLSimpleApplication@12e1a2c
reloadAllAccessors: .StopSDF

===========================================================================================
----------------- testing Tue Jan 21 12:21:34 UTC 2020 /home/travis/build/icyphy/ptII/ptolemy/actor/lib/test/auto/StringConstant.xml
----------------- Instantiating /home/travis/build/icyphy/ptII/ptolemy/actor/lib/test/auto/StringConstant.xml
3 ms. Memory: 555008K Free: 465780K (84%)
----------------- Invoking toplevel() on ptolemy.moml.MoMLSimpleApplication@3a4cea14
----------------- Done invoking toplevel() on ptolemy.moml.MoMLSimpleApplication@3a4cea14
reloadAllAccessors: .StringConstant

===========================================================================================
----------------- testing Tue Jan 21 12:21:34 UTC 2020 /home/travis/build/icyphy/ptII/ptolemy/actor/lib/test/auto/SubscriberPortInitialValues1.xml
----------------- Instantiating /home/travis/build/icyphy/ptII/ptolemy/actor/lib/test/auto/SubscriberPortInitialValues1.xml
5 ms. Memory: 555008K Free: 457074K (82%)
----------------- Invoking toplevel() on ptolemy.moml.MoMLSimpleApplication@10681ec7
----------------- Done invoking toplevel() on ptolemy.moml.MoMLSimpleApplication@10681ec7
reloadAllAccessors: .SubscriberPortInitialValues1

===========================================================================================
----------------- testing Tue Jan 21 12:21:34 UTC 2020 /home/travis/build/icyphy/ptII/ptolemy/actor/lib/test/auto/SubscriberPortInitialValues13.xml
----------------- Instantiating /home/travis/build/icyphy/ptII/ptolemy/actor/lib/test/auto/SubscriberPortInitialValues13.xml
7 ms. Memory: 555008K Free: 443762K (80%)
----------------- Invoking toplevel() on ptolemy.moml.MoMLSimpleApplication@3a2b32bf
----------------- Done invoking toplevel() on ptolemy.moml.MoMLSimpleApplication@3a2b32bf
reloadAllAccessors: .SubscriberPortInitialValues13

===========================================================================================
----------------- testing Tue Jan 21 12:21:34 UTC 2020 /home/travis/build/icyphy/ptII/ptolemy/actor/lib/test/auto/SubscriberPortInitialValues14.xml
----------------- Instantiating /home/travis/build/icyphy/ptII/ptolemy/actor/lib/test/auto/SubscriberPortInitialValues14.xml
4 ms. Memory: 555008K Free: 436084K (79%)
----------------- Invoking toplevel() on ptolemy.moml.MoMLSimpleApplication@162703
----------------- Done invoking toplevel() on ptolemy.moml.MoMLSimpleApplication@162703
reloadAllAccessors: .SubscriberPortInitialValues14

===========================================================================================
----------------- testing Tue Jan 21 12:21:34 UTC 2020 /home/travis/build/icyphy/ptII/ptolemy/actor/lib/test/auto/SubscriberPortInitialValues2.xml
----------------- Instantiating /home/travis/build/icyphy/ptII/ptolemy/actor/lib/test/auto/SubscriberPortInitialValues2.xml
3 ms. Memory: 555008K Free: 428402K (77%)
----------------- Invoking toplevel() on ptolemy.moml.MoMLSimpleApplication@305d4ca
----------------- Done invoking toplevel() on ptolemy.moml.MoMLSimpleApplication@305d4ca
reloadAllAccessors: .SubscriberPortInitialValues2

===========================================================================================
----------------- testing Tue Jan 21 12:21:34 UTC 2020 /home/travis/build/icyphy/ptII/ptolemy/actor/lib/test/auto/SubscriberPortInitialValues3.xml
----------------- Instantiating /home/travis/build/icyphy/ptII/ptolemy/actor/lib/test/auto/SubscriberPortInitialValues3.xml
4 ms. Memory: 555008K Free: 417652K (75%)
----------------- Invoking toplevel() on ptolemy.moml.MoMLSimpleApplication@38695ddc
----------------- Done invoking toplevel() on ptolemy.moml.MoMLSimpleApplication@38695ddc
reloadAllAccessors: .SubscriberPortInitialValues3

===========================================================================================
----------------- testing Tue Jan 21 12:21:34 UTC 2020 /home/travis/build/icyphy/ptII/ptolemy/actor/lib/test/auto/SubscriptionAggregator.xml
----------------- Instantiating /home/travis/build/icyphy/ptII/ptolemy/actor/lib/test/auto/SubscriptionAggregator.xml
2 ms. Memory: 555008K Free: 410484K (74%)
----------------- Invoking toplevel() on ptolemy.moml.MoMLSimpleApplication@2ed229bf
----------------- Done invoking toplevel() on ptolemy.moml.MoMLSimpleApplication@2ed229bf
reloadAllAccessors: .SubscriptionAggregator

===========================================================================================
----------------- testing Tue Jan 21 12:21:34 UTC 2020 /home/travis/build/icyphy/ptII/ptolemy/actor/lib/test/auto/SubscriptionAggregator2.xml
----------------- Instantiating /home/travis/build/icyphy/ptII/ptolemy/actor/lib/test/auto/SubscriptionAggregator2.xml
3 ms. Memory: 555008K Free: 403820K (73%)
----------------- Invoking toplevel() on ptolemy.moml.MoMLSimpleApplication@6f7f0cb4
----------------- Done invoking toplevel() on ptolemy.moml.MoMLSimpleApplication@6f7f0cb4
reloadAllAccessors: .SubscriptionAggregator2

===========================================================================================
----------------- testing Tue Jan 21 12:21:34 UTC 2020 /home/travis/build/icyphy/ptII/ptolemy/actor/lib/test/auto/SubscriptionAggregator3.xml
----------------- Instantiating /home/travis/build/icyphy/ptII/ptolemy/actor/lib/test/auto/SubscriptionAggregator3.xml
3 ms. Memory: 555008K Free: 395124K (71%)
----------------- Invoking toplevel() on ptolemy.moml.MoMLSimpleApplication@55d2be20
----------------- Done invoking toplevel() on ptolemy.moml.MoMLSimpleApplication@55d2be20
reloadAllAccessors: .SubscriptionAggregator3

===========================================================================================
----------------- testing Tue Jan 21 12:21:34 UTC 2020 /home/travis/build/icyphy/ptII/ptolemy/actor/lib/test/auto/SubscriptionAggregatorMultiply.xml
----------------- Instantiating /home/travis/build/icyphy/ptII/ptolemy/actor/lib/test/auto/SubscriptionAggregatorMultiply.xml
4 ms. Memory: 555008K Free: 386932K (70%)
----------------- Invoking toplevel() on ptolemy.moml.MoMLSimpleApplication@2ca6e38
----------------- Done invoking toplevel() on ptolemy.moml.MoMLSimpleApplication@2ca6e38
reloadAllAccessors: .SubscriptionAggregatorMultiply

===========================================================================================
----------------- testing Tue Jan 21 12:21:34 UTC 2020 /home/travis/build/icyphy/ptII/ptolemy/actor/lib/test/auto/SubscriptionAggregatorPortMultiply1.xml
----------------- Instantiating /home/travis/build/icyphy/ptII/ptolemy/actor/lib/test/auto/SubscriptionAggregatorPortMultiply1.xml
3 ms. Memory: 555008K Free: 378226K (68%)
----------------- Invoking toplevel() on ptolemy.moml.MoMLSimpleApplication@1f5068e8
----------------- Done invoking toplevel() on ptolemy.moml.MoMLSimpleApplication@1f5068e8
reloadAllAccessors: .SubscriptionAggregatorPortMultiply1

===========================================================================================
----------------- testing Tue Jan 21 12:21:34 UTC 2020 /home/travis/build/icyphy/ptII/ptolemy/actor/lib/test/auto/Switch.xml
----------------- Instantiating /home/travis/build/icyphy/ptII/ptolemy/actor/lib/test/auto/Switch.xml
8 ms. Memory: 555008K Free: 370034K (67%)
----------------- Invoking toplevel() on ptolemy.moml.MoMLSimpleApplication@2af9491
----------------- Done invoking toplevel() on ptolemy.moml.MoMLSimpleApplication@2af9491
reloadAllAccessors: .Switch

===========================================================================================
----------------- testing Tue Jan 21 12:21:34 UTC 2020 /home/travis/build/icyphy/ptII/ptolemy/actor/lib/test/auto/Switch2.xml
----------------- Instantiating /home/travis/build/icyphy/ptII/ptolemy/actor/lib/test/auto/Switch2.xml
1 ms. Memory: 555008K Free: 365428K (66%)
----------------- Invoking toplevel() on ptolemy.moml.MoMLSimpleApplication@56f3f718
----------------- Done invoking toplevel() on ptolemy.moml.MoMLSimpleApplication@56f3f718
reloadAllAccessors: .Switch2

===========================================================================================
----------------- testing Tue Jan 21 12:21:34 UTC 2020 /home/travis/build/icyphy/ptII/ptolemy/actor/lib/test/auto/SwitchDE.xml
----------------- Instantiating /home/travis/build/icyphy/ptII/ptolemy/actor/lib/test/auto/SwitchDE.xml
3 ms. Memory: 555008K Free: 358740K (65%)
----------------- Invoking toplevel() on ptolemy.moml.MoMLSimpleApplication@58280eb5
----------------- Done invoking toplevel() on ptolemy.moml.MoMLSimpleApplication@58280eb5
reloadAllAccessors: .SwitchDE

===========================================================================================
----------------- testing Tue Jan 21 12:21:34 UTC 2020 /home/travis/build/icyphy/ptII/ptolemy/actor/lib/test/auto/SynchronizerDE.xml
----------------- Instantiating /home/travis/build/icyphy/ptII/ptolemy/actor/lib/test/auto/SynchronizerDE.xml
6 ms. Memory: 555008K Free: 350572K (63%)
----------------- Invoking toplevel() on ptolemy.moml.MoMLSimpleApplication@3c54ca8e
----------------- Done invoking toplevel() on ptolemy.moml.MoMLSimpleApplication@3c54ca8e
reloadAllAccessors: .SynchronizerDE

===========================================================================================
----------------- testing Tue Jan 21 12:21:34 UTC 2020 /home/travis/build/icyphy/ptII/ptolemy/actor/lib/test/auto/Test.xml
----------------- Instantiating /home/travis/build/icyphy/ptII/ptolemy/actor/lib/test/auto/Test.xml
1 ms. Memory: 555008K Free: 345428K (62%)
----------------- Invoking toplevel() on ptolemy.moml.MoMLSimpleApplication@59c7a462
----------------- Done invoking toplevel() on ptolemy.moml.MoMLSimpleApplication@59c7a462
reloadAllAccessors: .Test

===========================================================================================
----------------- testing Tue Jan 21 12:21:34 UTC 2020 /home/travis/build/icyphy/ptII/ptolemy/actor/lib/test/auto/TestExceptionAttribute1.xml
----------------- Instantiating /home/travis/build/icyphy/ptII/ptolemy/actor/lib/test/auto/TestExceptionAttribute1.xml
1 ms. Memory: 555008K Free: 341362K (62%)
----------------- Invoking toplevel() on ptolemy.moml.MoMLSimpleApplication@5c823970
----------------- Done invoking toplevel() on ptolemy.moml.MoMLSimpleApplication@5c823970
reloadAllAccessors: .TestExceptionAttribute1

===========================================================================================
----------------- testing Tue Jan 21 12:21:34 UTC 2020 /home/travis/build/icyphy/ptII/ptolemy/actor/lib/test/auto/TestExceptionAttribute2.xml
----------------- Instantiating /home/travis/build/icyphy/ptII/ptolemy/actor/lib/test/auto/TestExceptionAttribute2.xml
1 ms. Memory: 555008K Free: 337780K (61%)
----------------- Invoking toplevel() on ptolemy.moml.MoMLSimpleApplication@239d8d3e
----------------- Done invoking toplevel() on ptolemy.moml.MoMLSimpleApplication@239d8d3e
reloadAllAccessors: .TestExceptionAttribute2

===========================================================================================
----------------- testing Tue Jan 21 12:21:34 UTC 2020 /home/travis/build/icyphy/ptII/ptolemy/actor/lib/test/auto/TestExceptionAttribute3.xml
----------------- Instantiating /home/travis/build/icyphy/ptII/ptolemy/actor/lib/test/auto/TestExceptionAttribute3.xml
.TestExceptionAttribute3.TestExceptionAttribute: initialize() was not invoked, but wrapup() was.  This is unusual, but not always a problem.  For example, exporting JNLP will do this.
1 ms. Memory: 555008K Free: 334194K (60%)
----------------- Invoking toplevel() on ptolemy.moml.MoMLSimpleApplication@1594aa1d
----------------- Done invoking toplevel() on ptolemy.moml.MoMLSimpleApplication@1594aa1d
reloadAllAccessors: .TestExceptionAttribute3

===========================================================================================
----------------- testing Tue Jan 21 12:21:34 UTC 2020 /home/travis/build/icyphy/ptII/ptolemy/actor/lib/test/auto/TestExceptionAttribute4.xml
----------------- Instantiating /home/travis/build/icyphy/ptII/ptolemy/actor/lib/test/auto/TestExceptionAttribute4.xml
.TestExceptionAttribute4.TestExceptionAttribute: initialize() was not invoked, but wrapup() was.  This is unusual, but not always a problem.  For example, exporting JNLP will do this.
.TestExceptionAttribute4.TestExceptionAttribute2: initialize() was not invoked, but wrapup() was.  This is unusual, but not always a problem.  For example, exporting JNLP will do this.
0 ms. Memory: 555008K Free: 329588K (59%)
----------------- Invoking toplevel() on ptolemy.moml.MoMLSimpleApplication@76629dbe
----------------- Done invoking toplevel() on ptolemy.moml.MoMLSimpleApplication@76629dbe
reloadAllAccessors: .TestExceptionAttribute4

===========================================================================================
----------------- testing Tue Jan 21 12:21:34 UTC 2020 /home/travis/build/icyphy/ptII/ptolemy/actor/lib/test/auto/TestExceptionHandler1.xml
----------------- Instantiating /home/travis/build/icyphy/ptII/ptolemy/actor/lib/test/auto/TestExceptionHandler1.xml
1 ms. Memory: 555008K Free: 326002K (59%)
----------------- Invoking toplevel() on ptolemy.moml.MoMLSimpleApplication@593717df
----------------- Done invoking toplevel() on ptolemy.moml.MoMLSimpleApplication@593717df
reloadAllAccessors: .TestExceptionHandler1

===========================================================================================
----------------- testing Tue Jan 21 12:21:34 UTC 2020 /home/travis/build/icyphy/ptII/ptolemy/actor/lib/test/auto/TestExceptionHandler2.xml
----------------- Instantiating /home/travis/build/icyphy/ptII/ptolemy/actor/lib/test/auto/TestExceptionHandler2.xml
1 ms. Memory: 555008K Free: 322420K (58%)
----------------- Invoking toplevel() on ptolemy.moml.MoMLSimpleApplication@738a0ddd
----------------- Done invoking toplevel() on ptolemy.moml.MoMLSimpleApplication@738a0ddd
reloadAllAccessors: .TestExceptionHandler2

===========================================================================================
----------------- testing Tue Jan 21 12:21:34 UTC 2020 /home/travis/build/icyphy/ptII/ptolemy/actor/lib/test/auto/TestExceptionHandler3.xml
----------------- Instantiating /home/travis/build/icyphy/ptII/ptolemy/actor/lib/test/auto/TestExceptionHandler3.xml
0 ms. Memory: 555008K Free: 318324K (57%)
----------------- Invoking toplevel() on ptolemy.moml.MoMLSimpleApplication@690e6f4d
----------------- Done invoking toplevel() on ptolemy.moml.MoMLSimpleApplication@690e6f4d
reloadAllAccessors: .TestExceptionHandler3

===========================================================================================
----------------- testing Tue Jan 21 12:21:34 UTC 2020 /home/travis/build/icyphy/ptII/ptolemy/actor/lib/test/auto/TestExceptionHandler4.xml
----------------- Instantiating /home/travis/build/icyphy/ptII/ptolemy/actor/lib/test/auto/TestExceptionHandler4.xml
1 ms. Memory: 555008K Free: 314228K (57%)
----------------- Invoking toplevel() on ptolemy.moml.MoMLSimpleApplication@24a5e439
----------------- Done invoking toplevel() on ptolemy.moml.MoMLSimpleApplication@24a5e439
reloadAllAccessors: .TestExceptionHandler4

===========================================================================================
----------------- testing Tue Jan 21 12:21:34 UTC 2020 /home/travis/build/icyphy/ptII/ptolemy/actor/lib/test/auto/TestRequireCorrectOrder.xml
----------------- Instantiating /home/travis/build/icyphy/ptII/ptolemy/actor/lib/test/auto/TestRequireCorrectOrder.xml
10 ms. Memory: 555008K Free: 309108K (56%)
----------------- Invoking toplevel() on ptolemy.moml.MoMLSimpleApplication@6cd32d93
----------------- Done invoking toplevel() on ptolemy.moml.MoMLSimpleApplication@6cd32d93
reloadAllAccessors: .TestRequireCorrectOrder

===========================================================================================
----------------- testing Tue Jan 21 12:21:34 UTC 2020 /home/travis/build/icyphy/ptII/ptolemy/actor/lib/test/auto/TestSimple.xml
----------------- Instantiating /home/travis/build/icyphy/ptII/ptolemy/actor/lib/test/auto/TestSimple.xml
1 ms. Memory: 555008K Free: 304498K (55%)
----------------- Invoking toplevel() on ptolemy.moml.MoMLSimpleApplication@6ca1c24
----------------- Done invoking toplevel() on ptolemy.moml.MoMLSimpleApplication@6ca1c24
reloadAllAccessors: .TestSimple

===========================================================================================
----------------- testing Tue Jan 21 12:21:34 UTC 2020 /home/travis/build/icyphy/ptII/ptolemy/actor/lib/test/auto/ThrowModelError.xml
----------------- Instantiating /home/travis/build/icyphy/ptII/ptolemy/actor/lib/test/auto/ThrowModelError.xml
1 ms. Memory: 555008K Free: 299378K (54%)
----------------- Invoking toplevel() on ptolemy.moml.MoMLSimpleApplication@1728ad3
----------------- Done invoking toplevel() on ptolemy.moml.MoMLSimpleApplication@1728ad3
reloadAllAccessors: .ThrowModelError

===========================================================================================
----------------- testing Tue Jan 21 12:21:34 UTC 2020 /home/travis/build/icyphy/ptII/ptolemy/actor/lib/test/auto/TimeDelayMicrosteps.xml
----------------- Instantiating /home/travis/build/icyphy/ptII/ptolemy/actor/lib/test/auto/TimeDelayMicrosteps.xml
2 ms. Memory: 555008K Free: 291700K (53%)
----------------- Invoking toplevel() on ptolemy.moml.MoMLSimpleApplication@30ccd343
----------------- Done invoking toplevel() on ptolemy.moml.MoMLSimpleApplication@30ccd343
reloadAllAccessors: .TimeDelayMicrosteps

===========================================================================================
----------------- testing Tue Jan 21 12:21:34 UTC 2020 /home/travis/build/icyphy/ptII/ptolemy/actor/lib/test/auto/TimeDelayMicrosteps2.xml
----------------- Instantiating /home/travis/build/icyphy/ptII/ptolemy/actor/lib/test/auto/TimeDelayMicrosteps2.xml
5 ms. Memory: 555008K Free: 284004K (51%)
----------------- Invoking toplevel() on ptolemy.moml.MoMLSimpleApplication@f45c2fe
----------------- Done invoking toplevel() on ptolemy.moml.MoMLSimpleApplication@f45c2fe
reloadAllAccessors: .TimeDelayMicrosteps2

===========================================================================================
----------------- testing Tue Jan 21 12:21:34 UTC 2020 /home/travis/build/icyphy/ptII/ptolemy/actor/lib/test/auto/TimeDelayMicrosteps3.xml
----------------- Instantiating /home/travis/build/icyphy/ptII/ptolemy/actor/lib/test/auto/TimeDelayMicrosteps3.xml
3 ms. Memory: 555008K Free: 277364K (50%)
----------------- Invoking toplevel() on ptolemy.moml.MoMLSimpleApplication@208b79f7
----------------- Done invoking toplevel() on ptolemy.moml.MoMLSimpleApplication@208b79f7
reloadAllAccessors: .TimeDelayMicrosteps3

===========================================================================================
----------------- testing Tue Jan 21 12:21:34 UTC 2020 /home/travis/build/icyphy/ptII/ptolemy/actor/lib/test/auto/TimeDelayVariableMicrosteps.xml
----------------- Instantiating /home/travis/build/icyphy/ptII/ptolemy/actor/lib/test/auto/TimeDelayVariableMicrosteps.xml
3 ms. Memory: 555008K Free: 271220K (49%)
----------------- Invoking toplevel() on ptolemy.moml.MoMLSimpleApplication@7241384c
----------------- Done invoking toplevel() on ptolemy.moml.MoMLSimpleApplication@7241384c
reloadAllAccessors: .TimeDelayVariableMicrosteps

===========================================================================================
----------------- testing Tue Jan 21 12:21:34 UTC 2020 /home/travis/build/icyphy/ptII/ptolemy/actor/lib/test/auto/TimeGap.xml
----------------- Instantiating /home/travis/build/icyphy/ptII/ptolemy/actor/lib/test/auto/TimeGap.xml
3 ms. Memory: 555008K Free: 265572K (48%)
----------------- Invoking toplevel() on ptolemy.moml.MoMLSimpleApplication@14453380
----------------- Done invoking toplevel() on ptolemy.moml.MoMLSimpleApplication@14453380
reloadAllAccessors: .TimeGap

===========================================================================================
----------------- testing Tue Jan 21 12:21:34 UTC 2020 /home/travis/build/icyphy/ptII/ptolemy/actor/lib/test/auto/TimeGap2.xml
----------------- Instantiating /home/travis/build/icyphy/ptII/ptolemy/actor/lib/test/auto/TimeGap2.xml
9 ms. Memory: 555008K Free: 259956K (47%)
----------------- Invoking toplevel() on ptolemy.moml.MoMLSimpleApplication@416c631f
----------------- Done invoking toplevel() on ptolemy.moml.MoMLSimpleApplication@416c631f
reloadAllAccessors: .TimeGap2

===========================================================================================
----------------- testing Tue Jan 21 12:21:34 UTC 2020 /home/travis/build/icyphy/ptII/ptolemy/actor/lib/test/auto/TimedSinewave.xml
----------------- Instantiating /home/travis/build/icyphy/ptII/ptolemy/actor/lib/test/auto/TimedSinewave.xml
20 ms. Memory: 555008K Free: 245620K (44%)
----------------- Invoking toplevel() on ptolemy.moml.MoMLSimpleApplication@5780a7a5
----------------- Done invoking toplevel() on ptolemy.moml.MoMLSimpleApplication@5780a7a5
reloadAllAccessors: .TimedSinewave

===========================================================================================
----------------- testing Tue Jan 21 12:21:34 UTC 2020 /home/travis/build/icyphy/ptII/ptolemy/actor/lib/test/auto/TimedSinewavePhase.xml
----------------- Instantiating /home/travis/build/icyphy/ptII/ptolemy/actor/lib/test/auto/TimedSinewavePhase.xml
9 ms. Memory: 555008K Free: 235380K (42%)
----------------- Invoking toplevel() on ptolemy.moml.MoMLSimpleApplication@6fd5d61d
----------------- Done invoking toplevel() on ptolemy.moml.MoMLSimpleApplication@6fd5d61d
reloadAllAccessors: .TimedSinewavePhase

===========================================================================================
----------------- testing Tue Jan 21 12:21:34 UTC 2020 /home/travis/build/icyphy/ptII/ptolemy/actor/lib/test/auto/Timer.xml
----------------- Instantiating /home/travis/build/icyphy/ptII/ptolemy/actor/lib/test/auto/Timer.xml
1 ms. Memory: 555008K Free: 229740K (41%)
----------------- Invoking toplevel() on ptolemy.moml.MoMLSimpleApplication@1fa580a8
----------------- Done invoking toplevel() on ptolemy.moml.MoMLSimpleApplication@1fa580a8
reloadAllAccessors: .Timer

===========================================================================================
----------------- testing Tue Jan 21 12:21:34 UTC 2020 /home/travis/build/icyphy/ptII/ptolemy/actor/lib/test/auto/TriangularDistTestModel.xml
----------------- Instantiating /home/travis/build/icyphy/ptII/ptolemy/actor/lib/test/auto/TriangularDistTestModel.xml
2 ms. Memory: 555008K Free: 224116K (40%)
----------------- Invoking toplevel() on ptolemy.moml.MoMLSimpleApplication@108d3c44
----------------- Done invoking toplevel() on ptolemy.moml.MoMLSimpleApplication@108d3c44
reloadAllAccessors: .TriangularDistTestModel

===========================================================================================
----------------- testing Tue Jan 21 12:21:35 UTC 2020 /home/travis/build/icyphy/ptII/ptolemy/actor/lib/test/auto/TrigFunction.xml
----------------- Instantiating /home/travis/build/icyphy/ptII/ptolemy/actor/lib/test/auto/TrigFunction.xml
1 ms. Memory: 555008K Free: 218482K (39%)
----------------- Invoking toplevel() on ptolemy.moml.MoMLSimpleApplication@32572a9e
----------------- Done invoking toplevel() on ptolemy.moml.MoMLSimpleApplication@32572a9e
reloadAllAccessors: .TrigFunction

===========================================================================================
----------------- testing Tue Jan 21 12:21:35 UTC 2020 /home/travis/build/icyphy/ptII/ptolemy/actor/lib/test/auto/TrigFunctionDE.xml
----------------- Instantiating /home/travis/build/icyphy/ptII/ptolemy/actor/lib/test/auto/TrigFunctionDE.xml
2 ms. Memory: 555008K Free: 212852K (38%)
----------------- Invoking toplevel() on ptolemy.moml.MoMLSimpleApplication@2b6b98b7
----------------- Done invoking toplevel() on ptolemy.moml.MoMLSimpleApplication@2b6b98b7
reloadAllAccessors: .TrigFunctionDE

===========================================================================================
----------------- testing Tue Jan 21 12:21:35 UTC 2020 /home/travis/build/icyphy/ptII/ptolemy/actor/lib/test/auto/TrigFunctionInverse.xml
----------------- Instantiating /home/travis/build/icyphy/ptII/ptolemy/actor/lib/test/auto/TrigFunctionInverse.xml
2 ms. Memory: 555008K Free: 207732K (37%)
----------------- Invoking toplevel() on ptolemy.moml.MoMLSimpleApplication@39391b9e
----------------- Done invoking toplevel() on ptolemy.moml.MoMLSimpleApplication@39391b9e
reloadAllAccessors: .TrigFunctionInverse

===========================================================================================
----------------- testing Tue Jan 21 12:21:35 UTC 2020 /home/travis/build/icyphy/ptII/ptolemy/actor/lib/test/auto/TrigFunctionTan.xml
----------------- Instantiating /home/travis/build/icyphy/ptII/ptolemy/actor/lib/test/auto/TrigFunctionTan.xml
2 ms. Memory: 555008K Free: 203122K (37%)
----------------- Invoking toplevel() on ptolemy.moml.MoMLSimpleApplication@77f04bc3
----------------- Done invoking toplevel() on ptolemy.moml.MoMLSimpleApplication@77f04bc3
reloadAllAccessors: .TrigFunctionTan

===========================================================================================
----------------- testing Tue Jan 21 12:21:35 UTC 2020 /home/travis/build/icyphy/ptII/ptolemy/actor/lib/test/auto/TriggeredClock.xml
----------------- Instantiating /home/travis/build/icyphy/ptII/ptolemy/actor/lib/test/auto/TriggeredClock.xml
1 ms. Memory: 555008K Free: 197996K (36%)
----------------- Invoking toplevel() on ptolemy.moml.MoMLSimpleApplication@4d46ae01
----------------- Done invoking toplevel() on ptolemy.moml.MoMLSimpleApplication@4d46ae01
reloadAllAccessors: .TriggeredClock

===========================================================================================
----------------- testing Tue Jan 21 12:21:35 UTC 2020 /home/travis/build/icyphy/ptII/ptolemy/actor/lib/test/auto/URLDirectoryReader.xml
----------------- Instantiating /home/travis/build/icyphy/ptII/ptolemy/actor/lib/test/auto/URLDirectoryReader.xml
38 ms. Memory: 555008K Free: 188276K (34%)
----------------- Invoking toplevel() on ptolemy.moml.MoMLSimpleApplication@238b35
----------------- Done invoking toplevel() on ptolemy.moml.MoMLSimpleApplication@238b35
reloadAllAccessors: .URLDirectoryReader

===========================================================================================
----------------- testing Tue Jan 21 12:21:35 UTC 2020 /home/travis/build/icyphy/ptII/ptolemy/actor/lib/test/auto/URLDirectoryReader3.xml
----------------- Instantiating /home/travis/build/icyphy/ptII/ptolemy/actor/lib/test/auto/URLDirectoryReader3.xml
1407 ms. Memory: 555008K Free: 495681K (89%)
----------------- Invoking toplevel() on ptolemy.moml.MoMLSimpleApplication@39b46b
----------------- Done invoking toplevel() on ptolemy.moml.MoMLSimpleApplication@39b46b
reloadAllAccessors: .URLDirectoryReader3

===========================================================================================
----------------- testing Tue Jan 21 12:21:36 UTC 2020 /home/travis/build/icyphy/ptII/ptolemy/actor/lib/test/auto/UnaryMathFunction.xml
----------------- Instantiating /home/travis/build/icyphy/ptII/ptolemy/actor/lib/test/auto/UnaryMathFunction.xml
2 ms. Memory: 555008K Free: 487796K (88%)
----------------- Invoking toplevel() on ptolemy.moml.MoMLSimpleApplication@7919250e
----------------- Done invoking toplevel() on ptolemy.moml.MoMLSimpleApplication@7919250e
reloadAllAccessors: .UnaryMathFunction

===========================================================================================
----------------- testing Tue Jan 21 12:21:36 UTC 2020 /home/travis/build/icyphy/ptII/ptolemy/actor/lib/test/auto/Uniform.xml
----------------- Instantiating /home/travis/build/icyphy/ptII/ptolemy/actor/lib/test/auto/Uniform.xml
2 ms. Memory: 555008K Free: 483186K (87%)
----------------- Invoking toplevel() on ptolemy.moml.MoMLSimpleApplication@3d37e88c
----------------- Done invoking toplevel() on ptolemy.moml.MoMLSimpleApplication@3d37e88c
reloadAllAccessors: .Uniform

===========================================================================================
----------------- testing Tue Jan 21 12:21:36 UTC 2020 /home/travis/build/icyphy/ptII/ptolemy/actor/lib/test/auto/UnionDisassemblerTest.xml
----------------- Instantiating /home/travis/build/icyphy/ptII/ptolemy/actor/lib/test/auto/UnionDisassemblerTest.xml
16 ms. Memory: 555008K Free: 479076K (86%)
----------------- Invoking toplevel() on ptolemy.moml.MoMLSimpleApplication@66925dd1
----------------- Done invoking toplevel() on ptolemy.moml.MoMLSimpleApplication@66925dd1
reloadAllAccessors: .UnionDisassemblerTest

===========================================================================================
----------------- testing Tue Jan 21 12:21:37 UTC 2020 /home/travis/build/icyphy/ptII/ptolemy/actor/lib/test/auto/UtilityFunctions.xml
----------------- Instantiating /home/travis/build/icyphy/ptII/ptolemy/actor/lib/test/auto/UtilityFunctions.xml
1 ms. Memory: 555008K Free: 474994K (86%)
----------------- Invoking toplevel() on ptolemy.moml.MoMLSimpleApplication@51fd6e6a
----------------- Done invoking toplevel() on ptolemy.moml.MoMLSimpleApplication@51fd6e6a
reloadAllAccessors: .UtilityFunctions

===========================================================================================
----------------- testing Tue Jan 21 12:21:37 UTC 2020 /home/travis/build/icyphy/ptII/ptolemy/actor/lib/test/auto/VariableSleep.xml
----------------- Instantiating /home/travis/build/icyphy/ptII/ptolemy/actor/lib/test/auto/VariableSleep.xml
504 ms. Memory: 555008K Free: 469364K (85%)
----------------- Invoking toplevel() on ptolemy.moml.MoMLSimpleApplication@5272e727
----------------- Done invoking toplevel() on ptolemy.moml.MoMLSimpleApplication@5272e727
reloadAllAccessors: .VariableSleep

===========================================================================================
----------------- testing Tue Jan 21 12:21:37 UTC 2020 /home/travis/build/icyphy/ptII/ptolemy/actor/lib/test/auto/VectorAssemblerDisassemblerCT.xml
----------------- Instantiating /home/travis/build/icyphy/ptII/ptolemy/actor/lib/test/auto/VectorAssemblerDisassemblerCT.xml
69 ms. Memory: 555008K Free: 449394K (81%)
----------------- Invoking toplevel() on ptolemy.moml.MoMLSimpleApplication@86e668
----------------- Done invoking toplevel() on ptolemy.moml.MoMLSimpleApplication@86e668
reloadAllAccessors: .VectorAssemblerDisassemblerCT

===========================================================================================
----------------- testing Tue Jan 21 12:21:37 UTC 2020 /home/travis/build/icyphy/ptII/ptolemy/actor/lib/test/auto/VectorAssemblerDisassemblerDE.xml
----------------- Instantiating /home/travis/build/icyphy/ptII/ptolemy/actor/lib/test/auto/VectorAssemblerDisassemblerDE.xml
3 ms. Memory: 555008K Free: 442226K (80%)
----------------- Invoking toplevel() on ptolemy.moml.MoMLSimpleApplication@66b821a6
----------------- Done invoking toplevel() on ptolemy.moml.MoMLSimpleApplication@66b821a6
reloadAllAccessors: .VectorAssemblerDisassemblerDE

===========================================================================================
----------------- testing Tue Jan 21 12:21:37 UTC 2020 /home/travis/build/icyphy/ptII/ptolemy/actor/lib/test/auto/VectorAssemblerDisassemblerSDF.xml
----------------- Instantiating /home/travis/build/icyphy/ptII/ptolemy/actor/lib/test/auto/VectorAssemblerDisassemblerSDF.xml
2 ms. Memory: 555008K Free: 435572K (78%)
----------------- Invoking toplevel() on ptolemy.moml.MoMLSimpleApplication@13eef4c2
----------------- Done invoking toplevel() on ptolemy.moml.MoMLSimpleApplication@13eef4c2
reloadAllAccessors: .VectorAssemblerDisassemblerSDF

===========================================================================================
----------------- testing Tue Jan 21 12:21:37 UTC 2020 /home/travis/build/icyphy/ptII/ptolemy/actor/lib/test/auto/WallClockTime.xml
----------------- Instantiating /home/travis/build/icyphy/ptII/ptolemy/actor/lib/test/auto/WallClockTime.xml
1004 ms. Memory: 555008K Free: 430452K (78%)
----------------- Invoking toplevel() on ptolemy.moml.MoMLSimpleApplication@37c92f12
----------------- Done invoking toplevel() on ptolemy.moml.MoMLSimpleApplication@37c92f12
reloadAllAccessors: .WallClockTime

===========================================================================================
----------------- testing Tue Jan 21 12:21:38 UTC 2020 /home/travis/build/icyphy/ptII/ptolemy/actor/lib/test/auto/WidthTestWithSubscriberPublisher.xml
----------------- Instantiating /home/travis/build/icyphy/ptII/ptolemy/actor/lib/test/auto/WidthTestWithSubscriberPublisher.xml
8 ms. Memory: 555008K Free: 412020K (74%)
----------------- Invoking toplevel() on ptolemy.moml.MoMLSimpleApplication@63713472
----------------- Done invoking toplevel() on ptolemy.moml.MoMLSimpleApplication@63713472
reloadAllAccessors: .WidthTestWithSubscriberPublisher

===========================================================================================
----------------- testing Tue Jan 21 12:21:38 UTC 2020 /home/travis/build/icyphy/ptII/ptolemy/actor/lib/test/auto/WidthTestWithSubscriberPublisher2.xml
----------------- Instantiating /home/travis/build/icyphy/ptII/ptolemy/actor/lib/test/auto/WidthTestWithSubscriberPublisher2.xml
2 ms. Memory: 555008K Free: 405362K (73%)
----------------- Invoking toplevel() on ptolemy.moml.MoMLSimpleApplication@816d67
----------------- Done invoking toplevel() on ptolemy.moml.MoMLSimpleApplication@816d67
reloadAllAccessors: .WidthTestWithSubscriberPublisher2

===========================================================================================
----------------- testing Tue Jan 21 12:21:38 UTC 2020 /home/travis/build/icyphy/ptII/ptolemy/actor/lib/test/auto/WidthTestWithSubscriberPublisher3.xml
----------------- Instantiating /home/travis/build/icyphy/ptII/ptolemy/actor/lib/test/auto/WidthTestWithSubscriberPublisher3.xml
2 ms. Memory: 555008K Free: 399218K (72%)
----------------- Invoking toplevel() on ptolemy.moml.MoMLSimpleApplication@2dc3ed3d
----------------- Done invoking toplevel() on ptolemy.moml.MoMLSimpleApplication@2dc3ed3d
reloadAllAccessors: .WidthTestWithSubscriberPublisher3

===========================================================================================
----------------- testing Tue Jan 21 12:21:38 UTC 2020 /home/travis/build/icyphy/ptII/ptolemy/actor/lib/test/auto/Writer.xml
----------------- Instantiating /home/travis/build/icyphy/ptII/ptolemy/actor/lib/test/auto/Writer.xml
0
1
2
3
4
1 ms. Memory: 555008K Free: 394612K (71%)
----------------- Invoking toplevel() on ptolemy.moml.MoMLSimpleApplication@12391444
----------------- Done invoking toplevel() on ptolemy.moml.MoMLSimpleApplication@12391444
reloadAllAccessors: .Writer

===========================================================================================
----------------- testing Tue Jan 21 12:21:38 UTC 2020 /home/travis/build/icyphy/ptII/ptolemy/actor/lib/test/auto/array.xml
----------------- Instantiating /home/travis/build/icyphy/ptII/ptolemy/actor/lib/test/auto/array.xml
2 ms. Memory: 555008K Free: 390002K (70%)
----------------- Invoking toplevel() on ptolemy.moml.MoMLSimpleApplication@3cb5b90c
----------------- Done invoking toplevel() on ptolemy.moml.MoMLSimpleApplication@3cb5b90c
reloadAllAccessors: .array

===========================================================================================
----------------- testing Tue Jan 21 12:21:38 UTC 2020 /home/travis/build/icyphy/ptII/ptolemy/actor/lib/test/auto/array2.xml
----------------- Instantiating /home/travis/build/icyphy/ptII/ptolemy/actor/lib/test/auto/array2.xml
4 ms. Memory: 555008K Free: 384372K (69%)
----------------- Invoking toplevel() on ptolemy.moml.MoMLSimpleApplication@298fc16a
----------------- Done invoking toplevel() on ptolemy.moml.MoMLSimpleApplication@298fc16a
reloadAllAccessors: .array2

===========================================================================================
----------------- testing Tue Jan 21 12:21:38 UTC 2020 /home/travis/build/icyphy/ptII/ptolemy/actor/lib/test/auto/arrayType.xml
----------------- Instantiating /home/travis/build/icyphy/ptII/ptolemy/actor/lib/test/auto/arrayType.xml
1 ms. Memory: 555008K Free: 379252K (68%)
----------------- Invoking toplevel() on ptolemy.moml.MoMLSimpleApplication@646c10df
----------------- Done invoking toplevel() on ptolemy.moml.MoMLSimpleApplication@646c10df
reloadAllAccessors: .arrayType

===========================================================================================
----------------- testing Tue Jan 21 12:21:38 UTC 2020 /home/travis/build/icyphy/ptII/ptolemy/actor/lib/test/auto/arrayType10.xml
----------------- Instantiating /home/travis/build/icyphy/ptII/ptolemy/actor/lib/test/auto/arrayType10.xml
1 ms. Memory: 555008K Free: 374642K (68%)
----------------- Invoking toplevel() on ptolemy.moml.MoMLSimpleApplication@4b60eb81
----------------- Done invoking toplevel() on ptolemy.moml.MoMLSimpleApplication@4b60eb81
reloadAllAccessors: .arrayType10

===========================================================================================
----------------- testing Tue Jan 21 12:21:38 UTC 2020 /home/travis/build/icyphy/ptII/ptolemy/actor/lib/test/auto/arrayType11.xml
----------------- Instantiating /home/travis/build/icyphy/ptII/ptolemy/actor/lib/test/auto/arrayType11.xml
1 ms. Memory: 555008K Free: 369522K (67%)
----------------- Invoking toplevel() on ptolemy.moml.MoMLSimpleApplication@4eada9f1
----------------- Done invoking toplevel() on ptolemy.moml.MoMLSimpleApplication@4eada9f1
reloadAllAccessors: .arrayType11

===========================================================================================
----------------- testing Tue Jan 21 12:21:38 UTC 2020 /home/travis/build/icyphy/ptII/ptolemy/actor/lib/test/auto/arrayType12.xml
----------------- Instantiating /home/travis/build/icyphy/ptII/ptolemy/actor/lib/test/auto/arrayType12.xml
1 ms. Memory: 555008K Free: 364916K (66%)
----------------- Invoking toplevel() on ptolemy.moml.MoMLSimpleApplication@7a060725
----------------- Done invoking toplevel() on ptolemy.moml.MoMLSimpleApplication@7a060725
reloadAllAccessors: .arrayType12

===========================================================================================
----------------- testing Tue Jan 21 12:21:38 UTC 2020 /home/travis/build/icyphy/ptII/ptolemy/actor/lib/test/auto/arrayType13.xml
----------------- Instantiating /home/travis/build/icyphy/ptII/ptolemy/actor/lib/test/auto/arrayType13.xml
1 ms. Memory: 555008K Free: 359796K (65%)
----------------- Invoking toplevel() on ptolemy.moml.MoMLSimpleApplication@70cd5370
----------------- Done invoking toplevel() on ptolemy.moml.MoMLSimpleApplication@70cd5370
reloadAllAccessors: .arrayType13

===========================================================================================
----------------- testing Tue Jan 21 12:21:38 UTC 2020 /home/travis/build/icyphy/ptII/ptolemy/actor/lib/test/auto/arrayType14.xml
----------------- Instantiating /home/travis/build/icyphy/ptII/ptolemy/actor/lib/test/auto/arrayType14.xml
2 ms. Memory: 555008K Free: 354162K (64%)
----------------- Invoking toplevel() on ptolemy.moml.MoMLSimpleApplication@5851408e
----------------- Done invoking toplevel() on ptolemy.moml.MoMLSimpleApplication@5851408e
reloadAllAccessors: .arrayType14

===========================================================================================
----------------- testing Tue Jan 21 12:21:38 UTC 2020 /home/travis/build/icyphy/ptII/ptolemy/actor/lib/test/auto/arrayType15.xml
----------------- Instantiating /home/travis/build/icyphy/ptII/ptolemy/actor/lib/test/auto/arrayType15.xml
2 ms. Memory: 555008K Free: 349042K (63%)
----------------- Invoking toplevel() on ptolemy.moml.MoMLSimpleApplication@4b6ba3cc
----------------- Done invoking toplevel() on ptolemy.moml.MoMLSimpleApplication@4b6ba3cc
reloadAllAccessors: .arrayType15

===========================================================================================
----------------- testing Tue Jan 21 12:21:38 UTC 2020 /home/travis/build/icyphy/ptII/ptolemy/actor/lib/test/auto/arrayType16.xml
----------------- Instantiating /home/travis/build/icyphy/ptII/ptolemy/actor/lib/test/auto/arrayType16.xml
1 ms. Memory: 555008K Free: 343922K (62%)
----------------- Invoking toplevel() on ptolemy.moml.MoMLSimpleApplication@e6aeeea
----------------- Done invoking toplevel() on ptolemy.moml.MoMLSimpleApplication@e6aeeea
reloadAllAccessors: .arrayType16

===========================================================================================
----------------- testing Tue Jan 21 12:21:38 UTC 2020 /home/travis/build/icyphy/ptII/ptolemy/actor/lib/test/auto/arrayType17.xml
----------------- Instantiating /home/travis/build/icyphy/ptII/ptolemy/actor/lib/test/auto/arrayType17.xml
1 ms. Memory: 555008K Free: 338292K (61%)
----------------- Invoking toplevel() on ptolemy.moml.MoMLSimpleApplication@4febd458
----------------- Done invoking toplevel() on ptolemy.moml.MoMLSimpleApplication@4febd458
reloadAllAccessors: .arrayType17

===========================================================================================
----------------- testing Tue Jan 21 12:21:38 UTC 2020 /home/travis/build/icyphy/ptII/ptolemy/actor/lib/test/auto/arrayType18.xml
----------------- Instantiating /home/travis/build/icyphy/ptII/ptolemy/actor/lib/test/auto/arrayType18.xml
1 ms. Memory: 555008K Free: 333682K (60%)
----------------- Invoking toplevel() on ptolemy.moml.MoMLSimpleApplication@5a1f4f0d
----------------- Done invoking toplevel() on ptolemy.moml.MoMLSimpleApplication@5a1f4f0d
reloadAllAccessors: .arrayType18

===========================================================================================
----------------- testing Tue Jan 21 12:21:38 UTC 2020 /home/travis/build/icyphy/ptII/ptolemy/actor/lib/test/auto/arrayType19.xml
----------------- Instantiating /home/travis/build/icyphy/ptII/ptolemy/actor/lib/test/auto/arrayType19.xml
2 ms. Memory: 555008K Free: 328562K (59%)
----------------- Invoking toplevel() on ptolemy.moml.MoMLSimpleApplication@2d130ced
----------------- Done invoking toplevel() on ptolemy.moml.MoMLSimpleApplication@2d130ced
reloadAllAccessors: .arrayType19

===========================================================================================
----------------- testing Tue Jan 21 12:21:38 UTC 2020 /home/travis/build/icyphy/ptII/ptolemy/actor/lib/test/auto/arrayType2.xml
----------------- Instantiating /home/travis/build/icyphy/ptII/ptolemy/actor/lib/test/auto/arrayType2.xml
2 ms. Memory: 555008K Free: 323442K (58%)
----------------- Invoking toplevel() on ptolemy.moml.MoMLSimpleApplication@59af8b12
----------------- Done invoking toplevel() on ptolemy.moml.MoMLSimpleApplication@59af8b12
reloadAllAccessors: .arrayType2

===========================================================================================
----------------- testing Tue Jan 21 12:21:38 UTC 2020 /home/travis/build/icyphy/ptII/ptolemy/actor/lib/test/auto/arrayType20.xml
----------------- Instantiating /home/travis/build/icyphy/ptII/ptolemy/actor/lib/test/auto/arrayType20.xml
2 ms. Memory: 555008K Free: 318836K (57%)
----------------- Invoking toplevel() on ptolemy.moml.MoMLSimpleApplication@762227d9
----------------- Done invoking toplevel() on ptolemy.moml.MoMLSimpleApplication@762227d9
reloadAllAccessors: .arrayType20

===========================================================================================
----------------- testing Tue Jan 21 12:21:38 UTC 2020 /home/travis/build/icyphy/ptII/ptolemy/actor/lib/test/auto/arrayType21.xml
----------------- Instantiating /home/travis/build/icyphy/ptII/ptolemy/actor/lib/test/auto/arrayType21.xml
1 ms. Memory: 555008K Free: 313716K (57%)
----------------- Invoking toplevel() on ptolemy.moml.MoMLSimpleApplication@250de93c
----------------- Done invoking toplevel() on ptolemy.moml.MoMLSimpleApplication@250de93c
reloadAllAccessors: .arrayType21

===========================================================================================
----------------- testing Tue Jan 21 12:21:38 UTC 2020 /home/travis/build/icyphy/ptII/ptolemy/actor/lib/test/auto/arrayType22.xml
----------------- Instantiating /home/travis/build/icyphy/ptII/ptolemy/actor/lib/test/auto/arrayType22.xml
1 ms. Memory: 555008K Free: 309106K (56%)
----------------- Invoking toplevel() on ptolemy.moml.MoMLSimpleApplication@6c4b17e8
----------------- Done invoking toplevel() on ptolemy.moml.MoMLSimpleApplication@6c4b17e8
reloadAllAccessors: .arrayType22

===========================================================================================
----------------- testing Tue Jan 21 12:21:39 UTC 2020 /home/travis/build/icyphy/ptII/ptolemy/actor/lib/test/auto/arrayType23.xml
----------------- Instantiating /home/travis/build/icyphy/ptII/ptolemy/actor/lib/test/auto/arrayType23.xml
1 ms. Memory: 555008K Free: 304500K (55%)
----------------- Invoking toplevel() on ptolemy.moml.MoMLSimpleApplication@88266da
----------------- Done invoking toplevel() on ptolemy.moml.MoMLSimpleApplication@88266da
reloadAllAccessors: .arrayType23

===========================================================================================
----------------- testing Tue Jan 21 12:21:39 UTC 2020 /home/travis/build/icyphy/ptII/ptolemy/actor/lib/test/auto/arrayType24.xml
----------------- Instantiating /home/travis/build/icyphy/ptII/ptolemy/actor/lib/test/auto/arrayType24.xml
1 ms. Memory: 555008K Free: 299380K (54%)
----------------- Invoking toplevel() on ptolemy.moml.MoMLSimpleApplication@34c7abc1
----------------- Done invoking toplevel() on ptolemy.moml.MoMLSimpleApplication@34c7abc1
reloadAllAccessors: .arrayType24

===========================================================================================
----------------- testing Tue Jan 21 12:21:39 UTC 2020 /home/travis/build/icyphy/ptII/ptolemy/actor/lib/test/auto/arrayType25.xml
----------------- Instantiating /home/travis/build/icyphy/ptII/ptolemy/actor/lib/test/auto/arrayType25.xml
2 ms. Memory: 555008K Free: 294260K (53%)
----------------- Invoking toplevel() on ptolemy.moml.MoMLSimpleApplication@6996b160
----------------- Done invoking toplevel() on ptolemy.moml.MoMLSimpleApplication@6996b160
reloadAllAccessors: .arrayType25

===========================================================================================
----------------- testing Tue Jan 21 12:21:39 UTC 2020 /home/travis/build/icyphy/ptII/ptolemy/actor/lib/test/auto/arrayType26.xml
----------------- Instantiating /home/travis/build/icyphy/ptII/ptolemy/actor/lib/test/auto/arrayType26.xml
1 ms. Memory: 555008K Free: 288626K (52%)
----------------- Invoking toplevel() on ptolemy.moml.MoMLSimpleApplication@4046e6
----------------- Done invoking toplevel() on ptolemy.moml.MoMLSimpleApplication@4046e6
reloadAllAccessors: .arrayType26

===========================================================================================
----------------- testing Tue Jan 21 12:21:39 UTC 2020 /home/travis/build/icyphy/ptII/ptolemy/actor/lib/test/auto/arrayType27.xml
----------------- Instantiating /home/travis/build/icyphy/ptII/ptolemy/actor/lib/test/auto/arrayType27.xml
3 ms. Memory: 555008K Free: 283506K (51%)
----------------- Invoking toplevel() on ptolemy.moml.MoMLSimpleApplication@6b84f36a
----------------- Done invoking toplevel() on ptolemy.moml.MoMLSimpleApplication@6b84f36a
reloadAllAccessors: .arrayType27

===========================================================================================
----------------- testing Tue Jan 21 12:21:39 UTC 2020 /home/travis/build/icyphy/ptII/ptolemy/actor/lib/test/auto/arrayType28.xml
----------------- Instantiating /home/travis/build/icyphy/ptII/ptolemy/actor/lib/test/auto/arrayType28.xml
2 ms. Memory: 555008K Free: 278386K (50%)
----------------- Invoking toplevel() on ptolemy.moml.MoMLSimpleApplication@1c79fc2
----------------- Done invoking toplevel() on ptolemy.moml.MoMLSimpleApplication@1c79fc2
reloadAllAccessors: .arrayType28

===========================================================================================
----------------- testing Tue Jan 21 12:21:39 UTC 2020 /home/travis/build/icyphy/ptII/ptolemy/actor/lib/test/auto/arrayType3.xml
----------------- Instantiating /home/travis/build/icyphy/ptII/ptolemy/actor/lib/test/auto/arrayType3.xml
5 ms. Memory: 555008K Free: 272756K (49%)
----------------- Invoking toplevel() on ptolemy.moml.MoMLSimpleApplication@15d12abd
----------------- Done invoking toplevel() on ptolemy.moml.MoMLSimpleApplication@15d12abd
reloadAllAccessors: .arrayType3

===========================================================================================
----------------- testing Tue Jan 21 12:21:39 UTC 2020 /home/travis/build/icyphy/ptII/ptolemy/actor/lib/test/auto/arrayType4.xml
----------------- Instantiating /home/travis/build/icyphy/ptII/ptolemy/actor/lib/test/auto/arrayType4.xml
1 ms. Memory: 555008K Free: 267636K (48%)
----------------- Invoking toplevel() on ptolemy.moml.MoMLSimpleApplication@141257c5
----------------- Done invoking toplevel() on ptolemy.moml.MoMLSimpleApplication@141257c5
reloadAllAccessors: .arrayType4

===========================================================================================
----------------- testing Tue Jan 21 12:21:39 UTC 2020 /home/travis/build/icyphy/ptII/ptolemy/actor/lib/test/auto/arrayType5.xml
----------------- Instantiating /home/travis/build/icyphy/ptII/ptolemy/actor/lib/test/auto/arrayType5.xml
1 ms. Memory: 555008K Free: 262002K (47%)
----------------- Invoking toplevel() on ptolemy.moml.MoMLSimpleApplication@4cfcb6f4
----------------- Done invoking toplevel() on ptolemy.moml.MoMLSimpleApplication@4cfcb6f4
reloadAllAccessors: .arrayType5

===========================================================================================
----------------- testing Tue Jan 21 12:21:39 UTC 2020 /home/travis/build/icyphy/ptII/ptolemy/actor/lib/test/auto/arrayType6.xml
----------------- Instantiating /home/travis/build/icyphy/ptII/ptolemy/actor/lib/test/auto/arrayType6.xml
1 ms. Memory: 555008K Free: 257396K (46%)
----------------- Invoking toplevel() on ptolemy.moml.MoMLSimpleApplication@458d9aee
----------------- Done invoking toplevel() on ptolemy.moml.MoMLSimpleApplication@458d9aee
reloadAllAccessors: .arrayType6

===========================================================================================
----------------- testing Tue Jan 21 12:21:39 UTC 2020 /home/travis/build/icyphy/ptII/ptolemy/actor/lib/test/auto/arrayType7.xml
----------------- Instantiating /home/travis/build/icyphy/ptII/ptolemy/actor/lib/test/auto/arrayType7.xml
2 ms. Memory: 555008K Free: 252276K (45%)
----------------- Invoking toplevel() on ptolemy.moml.MoMLSimpleApplication@3ba1a83a
----------------- Done invoking toplevel() on ptolemy.moml.MoMLSimpleApplication@3ba1a83a
reloadAllAccessors: .arrayType7

===========================================================================================
----------------- testing Tue Jan 21 12:21:39 UTC 2020 /home/travis/build/icyphy/ptII/ptolemy/actor/lib/test/auto/arrayType8.xml
----------------- Instantiating /home/travis/build/icyphy/ptII/ptolemy/actor/lib/test/auto/arrayType8.xml
5 ms. Memory: 555008K Free: 247666K (45%)
----------------- Invoking toplevel() on ptolemy.moml.MoMLSimpleApplication@43d4338f
----------------- Done invoking toplevel() on ptolemy.moml.MoMLSimpleApplication@43d4338f
reloadAllAccessors: .arrayType8

===========================================================================================
----------------- testing Tue Jan 21 12:21:39 UTC 2020 /home/travis/build/icyphy/ptII/ptolemy/actor/lib/test/auto/arrayType9.xml
----------------- Instantiating /home/travis/build/icyphy/ptII/ptolemy/actor/lib/test/auto/arrayType9.xml
1 ms. Memory: 555008K Free: 243060K (44%)
----------------- Invoking toplevel() on ptolemy.moml.MoMLSimpleApplication@316234ac
----------------- Done invoking toplevel() on ptolemy.moml.MoMLSimpleApplication@316234ac
reloadAllAccessors: .arrayType9

===========================================================================================
----------------- testing Tue Jan 21 12:21:39 UTC 2020 /home/travis/build/icyphy/ptII/ptolemy/actor/lib/test/auto/cast.xml
----------------- Instantiating /home/travis/build/icyphy/ptII/ptolemy/actor/lib/test/auto/cast.xml
2 ms. Memory: 555008K Free: 237940K (43%)
----------------- Invoking toplevel() on ptolemy.moml.MoMLSimpleApplication@1cee1c37
----------------- Done invoking toplevel() on ptolemy.moml.MoMLSimpleApplication@1cee1c37
reloadAllAccessors: .cast

===========================================================================================
----------------- testing Tue Jan 21 12:21:39 UTC 2020 /home/travis/build/icyphy/ptII/ptolemy/actor/lib/test/auto/compositeMultiPort.xml
----------------- Instantiating /home/travis/build/icyphy/ptII/ptolemy/actor/lib/test/auto/compositeMultiPort.xml
3 ms. Memory: 555008K Free: 229220K (41%)
----------------- Invoking toplevel() on ptolemy.moml.MoMLSimpleApplication@770d462e
----------------- Done invoking toplevel() on ptolemy.moml.MoMLSimpleApplication@770d462e
reloadAllAccessors: .compositeMultiPort

===========================================================================================
----------------- testing Tue Jan 21 12:21:39 UTC 2020 /home/travis/build/icyphy/ptII/ptolemy/actor/lib/test/auto/expressionCastInference.xml
----------------- Instantiating /home/travis/build/icyphy/ptII/ptolemy/actor/lib/test/auto/expressionCastInference.xml
2 ms. Memory: 555008K Free: 224114K (40%)
----------------- Invoking toplevel() on ptolemy.moml.MoMLSimpleApplication@7d83d894
----------------- Done invoking toplevel() on ptolemy.moml.MoMLSimpleApplication@7d83d894
reloadAllAccessors: .expressionCastInference

===========================================================================================
----------------- testing Tue Jan 21 12:21:39 UTC 2020 /home/travis/build/icyphy/ptII/ptolemy/actor/lib/test/auto/expressionCastInference2.xml
----------------- Instantiating /home/travis/build/icyphy/ptII/ptolemy/actor/lib/test/auto/expressionCastInference2.xml
2 ms. Memory: 555008K Free: 219508K (40%)
----------------- Invoking toplevel() on ptolemy.moml.MoMLSimpleApplication@38ad4304
----------------- Done invoking toplevel() on ptolemy.moml.MoMLSimpleApplication@38ad4304
reloadAllAccessors: .expressionCastInference2

===========================================================================================
----------------- testing Tue Jan 21 12:21:39 UTC 2020 /home/travis/build/icyphy/ptII/ptolemy/actor/lib/test/auto/expressionInference.xml
----------------- Instantiating /home/travis/build/icyphy/ptII/ptolemy/actor/lib/test/auto/expressionInference.xml
1 ms. Memory: 555008K Free: 214898K (39%)
----------------- Invoking toplevel() on ptolemy.moml.MoMLSimpleApplication@72f18b93
----------------- Done invoking toplevel() on ptolemy.moml.MoMLSimpleApplication@72f18b93
reloadAllAccessors: .expressionInference

===========================================================================================
----------------- testing Tue Jan 21 12:21:39 UTC 2020 /home/travis/build/icyphy/ptII/ptolemy/actor/lib/test/auto/expression_bug.xml
----------------- Instantiating /home/travis/build/icyphy/ptII/ptolemy/actor/lib/test/auto/expression_bug.xml
1 ms. Memory: 555008K Free: 210802K (38%)
----------------- Invoking toplevel() on ptolemy.moml.MoMLSimpleApplication@3b5af38d
----------------- Done invoking toplevel() on ptolemy.moml.MoMLSimpleApplication@3b5af38d
reloadAllAccessors: .expression_bug

===========================================================================================
----------------- testing Tue Jan 21 12:21:39 UTC 2020 /home/travis/build/icyphy/ptII/ptolemy/actor/lib/test/auto/factorial.xml
----------------- Instantiating /home/travis/build/icyphy/ptII/ptolemy/actor/lib/test/auto/factorial.xml
26 ms. Memory: 555008K Free: 202100K (36%)
----------------- Invoking toplevel() on ptolemy.moml.MoMLSimpleApplication@2e814316
----------------- Done invoking toplevel() on ptolemy.moml.MoMLSimpleApplication@2e814316
reloadAllAccessors: .factorial

===========================================================================================
----------------- testing Tue Jan 21 12:21:39 UTC 2020 /home/travis/build/icyphy/ptII/ptolemy/actor/lib/test/auto/filterTest1.xml
----------------- Instantiating /home/travis/build/icyphy/ptII/ptolemy/actor/lib/test/auto/filterTest1.xml
2 ms. Memory: 555008K Free: 195956K (35%)
----------------- Invoking toplevel() on ptolemy.moml.MoMLSimpleApplication@2a97aad4
----------------- Done invoking toplevel() on ptolemy.moml.MoMLSimpleApplication@2a97aad4
reloadAllAccessors: .filterTest1

===========================================================================================
----------------- testing Tue Jan 21 12:21:39 UTC 2020 /home/travis/build/icyphy/ptII/ptolemy/actor/lib/test/auto/funcApplyInConst.xml
----------------- Instantiating /home/travis/build/icyphy/ptII/ptolemy/actor/lib/test/auto/funcApplyInConst.xml
1 ms. Memory: 555008K Free: 192370K (35%)
----------------- Invoking toplevel() on ptolemy.moml.MoMLSimpleApplication@4c7361f9
----------------- Done invoking toplevel() on ptolemy.moml.MoMLSimpleApplication@4c7361f9
reloadAllAccessors: .funcApplyInConst

===========================================================================================
----------------- testing Tue Jan 21 12:21:39 UTC 2020 /home/travis/build/icyphy/ptII/ptolemy/actor/lib/test/auto/funcApplyInExpr.xml
----------------- Instantiating /home/travis/build/icyphy/ptII/ptolemy/actor/lib/test/auto/funcApplyInExpr.xml
5 ms. Memory: 555008K Free: 188274K (34%)
----------------- Invoking toplevel() on ptolemy.moml.MoMLSimpleApplication@378bfc1d
----------------- Done invoking toplevel() on ptolemy.moml.MoMLSimpleApplication@378bfc1d
reloadAllAccessors: .funcApplyInExpr

===========================================================================================
----------------- testing Tue Jan 21 12:21:39 UTC 2020 /home/travis/build/icyphy/ptII/ptolemy/actor/lib/test/auto/function.xml
----------------- Instantiating /home/travis/build/icyphy/ptII/ptolemy/actor/lib/test/auto/function.xml
2 ms. Memory: 555008K Free: 183668K (33%)
----------------- Invoking toplevel() on ptolemy.moml.MoMLSimpleApplication@2604148c
----------------- Done invoking toplevel() on ptolemy.moml.MoMLSimpleApplication@2604148c
reloadAllAccessors: .function

===========================================================================================
----------------- testing Tue Jan 21 12:21:39 UTC 2020 /home/travis/build/icyphy/ptII/ptolemy/actor/lib/test/auto/function2.xml
----------------- Instantiating /home/travis/build/icyphy/ptII/ptolemy/actor/lib/test/auto/function2.xml
43 ms. Memory: 555008K Free: 500919K (90%)
----------------- Invoking toplevel() on ptolemy.moml.MoMLSimpleApplication@135ec336
----------------- Done invoking toplevel() on ptolemy.moml.MoMLSimpleApplication@135ec336
reloadAllAccessors: .function2

===========================================================================================
----------------- testing Tue Jan 21 12:21:39 UTC 2020 /home/travis/build/icyphy/ptII/ptolemy/actor/lib/test/auto/function3.xml
----------------- Instantiating /home/travis/build/icyphy/ptII/ptolemy/actor/lib/test/auto/function3.xml
1 ms. Memory: 555008K Free: 495799K (89%)
----------------- Invoking toplevel() on ptolemy.moml.MoMLSimpleApplication@603a00d4
----------------- Done invoking toplevel() on ptolemy.moml.MoMLSimpleApplication@603a00d4
reloadAllAccessors: .function3

===========================================================================================
----------------- testing Tue Jan 21 12:21:39 UTC 2020 /home/travis/build/icyphy/ptII/ptolemy/actor/lib/test/auto/functionClosureTest1.xml
----------------- Instantiating /home/travis/build/icyphy/ptII/ptolemy/actor/lib/test/auto/functionClosureTest1.xml
2 ms. Memory: 555008K Free: 490159K (88%)
----------------- Invoking toplevel() on ptolemy.moml.MoMLSimpleApplication@7c04e98e
----------------- Done invoking toplevel() on ptolemy.moml.MoMLSimpleApplication@7c04e98e
reloadAllAccessors: .functionClosureTest1

===========================================================================================
----------------- testing Tue Jan 21 12:21:39 UTC 2020 /home/travis/build/icyphy/ptII/ptolemy/actor/lib/test/auto/functionClosureTest2.xml
----------------- Instantiating /home/travis/build/icyphy/ptII/ptolemy/actor/lib/test/auto/functionClosureTest2.xml
1 ms. Memory: 555008K Free: 486583K (88%)
----------------- Invoking toplevel() on ptolemy.moml.MoMLSimpleApplication@7860304c
----------------- Done invoking toplevel() on ptolemy.moml.MoMLSimpleApplication@7860304c
reloadAllAccessors: .functionClosureTest2

===========================================================================================
----------------- testing Tue Jan 21 12:21:39 UTC 2020 /home/travis/build/icyphy/ptII/ptolemy/actor/lib/test/auto/functionClosureTest3.xml
----------------- Instantiating /home/travis/build/icyphy/ptII/ptolemy/actor/lib/test/auto/functionClosureTest3.xml
2 ms. Memory: 555008K Free: 480949K (87%)
----------------- Invoking toplevel() on ptolemy.moml.MoMLSimpleApplication@27f2bfd3
----------------- Done invoking toplevel() on ptolemy.moml.MoMLSimpleApplication@27f2bfd3
reloadAllAccessors: .functionClosureTest3

===========================================================================================
----------------- testing Tue Jan 21 12:21:39 UTC 2020 /home/travis/build/icyphy/ptII/ptolemy/actor/lib/test/auto/functionClosureTest4.xml
----------------- Instantiating /home/travis/build/icyphy/ptII/ptolemy/actor/lib/test/auto/functionClosureTest4.xml
21 ms. Memory: 555008K Free: 474805K (86%)
----------------- Invoking toplevel() on ptolemy.moml.MoMLSimpleApplication@5cab3ff8
----------------- Done invoking toplevel() on ptolemy.moml.MoMLSimpleApplication@5cab3ff8
reloadAllAccessors: .functionClosureTest4

===========================================================================================
----------------- testing Tue Jan 21 12:21:39 UTC 2020 /home/travis/build/icyphy/ptII/ptolemy/actor/lib/test/auto/functionClosureTest5.xml
----------------- Instantiating /home/travis/build/icyphy/ptII/ptolemy/actor/lib/test/auto/functionClosureTest5.xml
5 ms. Memory: 555008K Free: 469175K (85%)
----------------- Invoking toplevel() on ptolemy.moml.MoMLSimpleApplication@704503ab
----------------- Done invoking toplevel() on ptolemy.moml.MoMLSimpleApplication@704503ab
reloadAllAccessors: .functionClosureTest5

===========================================================================================
----------------- testing Tue Jan 21 12:21:39 UTC 2020 /home/travis/build/icyphy/ptII/ptolemy/actor/lib/test/auto/functionClosureTest6.xml
----------------- Instantiating /home/travis/build/icyphy/ptII/ptolemy/actor/lib/test/auto/functionClosureTest6.xml
2 ms. Memory: 555008K Free: 464551K (84%)
----------------- Invoking toplevel() on ptolemy.moml.MoMLSimpleApplication@4bc90924
----------------- Done invoking toplevel() on ptolemy.moml.MoMLSimpleApplication@4bc90924
reloadAllAccessors: .functionClosureTest6

===========================================================================================
----------------- testing Tue Jan 21 12:21:39 UTC 2020 /home/travis/build/icyphy/ptII/ptolemy/actor/lib/test/auto/functionsOnArcs.xml
----------------- Instantiating /home/travis/build/icyphy/ptII/ptolemy/actor/lib/test/auto/functionsOnArcs.xml
2 ms. Memory: 555008K Free: 458935K (83%)
----------------- Invoking toplevel() on ptolemy.moml.MoMLSimpleApplication@ebfdf6d
----------------- Done invoking toplevel() on ptolemy.moml.MoMLSimpleApplication@ebfdf6d
reloadAllAccessors: .functionsOnArcs

===========================================================================================
----------------- testing Tue Jan 21 12:21:39 UTC 2020 /home/travis/build/icyphy/ptII/ptolemy/actor/lib/test/auto/functionsOnArcsHOF.xml
----------------- Instantiating /home/travis/build/icyphy/ptII/ptolemy/actor/lib/test/auto/functionsOnArcsHOF.xml
4 ms. Memory: 555008K Free: 453301K (82%)
----------------- Invoking toplevel() on ptolemy.moml.MoMLSimpleApplication@5b74e991
----------------- Done invoking toplevel() on ptolemy.moml.MoMLSimpleApplication@5b74e991
reloadAllAccessors: .functionsOnArcsHOF

===========================================================================================
----------------- testing Tue Jan 21 12:21:39 UTC 2020 /home/travis/build/icyphy/ptII/ptolemy/actor/lib/test/auto/logic.xml
----------------- Instantiating /home/travis/build/icyphy/ptII/ptolemy/actor/lib/test/auto/logic.xml
2 ms. Memory: 555008K Free: 445623K (80%)
----------------- Invoking toplevel() on ptolemy.moml.MoMLSimpleApplication@621e78d2
----------------- Done invoking toplevel() on ptolemy.moml.MoMLSimpleApplication@621e78d2
reloadAllAccessors: .logic

===========================================================================================
----------------- testing Tue Jan 21 12:21:39 UTC 2020 /home/travis/build/icyphy/ptII/ptolemy/actor/lib/test/auto/matrixType.xml
----------------- Instantiating /home/travis/build/icyphy/ptII/ptolemy/actor/lib/test/auto/matrixType.xml
2 ms. Memory: 555008K Free: 441013K (79%)
----------------- Invoking toplevel() on ptolemy.moml.MoMLSimpleApplication@740b44eb
----------------- Done invoking toplevel() on ptolemy.moml.MoMLSimpleApplication@740b44eb
reloadAllAccessors: .matrixType

===========================================================================================
----------------- testing Tue Jan 21 12:21:39 UTC 2020 /home/travis/build/icyphy/ptII/ptolemy/actor/lib/test/auto/matrixType10.xml
----------------- Instantiating /home/travis/build/icyphy/ptII/ptolemy/actor/lib/test/auto/matrixType10.xml
2 ms. Memory: 555008K Free: 435893K (79%)
----------------- Invoking toplevel() on ptolemy.moml.MoMLSimpleApplication@4fea5c88
----------------- Done invoking toplevel() on ptolemy.moml.MoMLSimpleApplication@4fea5c88
reloadAllAccessors: .matrixType10

===========================================================================================
----------------- testing Tue Jan 21 12:21:39 UTC 2020 /home/travis/build/icyphy/ptII/ptolemy/actor/lib/test/auto/matrixType11.xml
----------------- Instantiating /home/travis/build/icyphy/ptII/ptolemy/actor/lib/test/auto/matrixType11.xml
2 ms. Memory: 555008K Free: 431287K (78%)
----------------- Invoking toplevel() on ptolemy.moml.MoMLSimpleApplication@3af79758
----------------- Done invoking toplevel() on ptolemy.moml.MoMLSimpleApplication@3af79758
reloadAllAccessors: .matrixType11

===========================================================================================
----------------- testing Tue Jan 21 12:21:39 UTC 2020 /home/travis/build/icyphy/ptII/ptolemy/actor/lib/test/auto/matrixType12.xml
----------------- Instantiating /home/travis/build/icyphy/ptII/ptolemy/actor/lib/test/auto/matrixType12.xml
1 ms. Memory: 555008K Free: 426167K (77%)
----------------- Invoking toplevel() on ptolemy.moml.MoMLSimpleApplication@7ef1645b
----------------- Done invoking toplevel() on ptolemy.moml.MoMLSimpleApplication@7ef1645b
reloadAllAccessors: .matrixType12

===========================================================================================
----------------- testing Tue Jan 21 12:21:39 UTC 2020 /home/travis/build/icyphy/ptII/ptolemy/actor/lib/test/auto/matrixType13.xml
----------------- Instantiating /home/travis/build/icyphy/ptII/ptolemy/actor/lib/test/auto/matrixType13.xml
1 ms. Memory: 555008K Free: 421557K (76%)
----------------- Invoking toplevel() on ptolemy.moml.MoMLSimpleApplication@6256c091
----------------- Done invoking toplevel() on ptolemy.moml.MoMLSimpleApplication@6256c091
reloadAllAccessors: .matrixType13

===========================================================================================
----------------- testing Tue Jan 21 12:21:39 UTC 2020 /home/travis/build/icyphy/ptII/ptolemy/actor/lib/test/auto/matrixType14.xml
----------------- Instantiating /home/travis/build/icyphy/ptII/ptolemy/actor/lib/test/auto/matrixType14.xml
1 ms. Memory: 555008K Free: 416437K (75%)
----------------- Invoking toplevel() on ptolemy.moml.MoMLSimpleApplication@e37e806
----------------- Done invoking toplevel() on ptolemy.moml.MoMLSimpleApplication@e37e806
reloadAllAccessors: .matrixType14

===========================================================================================
----------------- testing Tue Jan 21 12:21:39 UTC 2020 /home/travis/build/icyphy/ptII/ptolemy/actor/lib/test/auto/matrixType2.xml
----------------- Instantiating /home/travis/build/icyphy/ptII/ptolemy/actor/lib/test/auto/matrixType2.xml
1 ms. Memory: 555008K Free: 411317K (74%)
----------------- Invoking toplevel() on ptolemy.moml.MoMLSimpleApplication@13f6eba9
----------------- Done invoking toplevel() on ptolemy.moml.MoMLSimpleApplication@13f6eba9
reloadAllAccessors: .matrixType2

===========================================================================================
----------------- testing Tue Jan 21 12:21:39 UTC 2020 /home/travis/build/icyphy/ptII/ptolemy/actor/lib/test/auto/matrixType3.xml
----------------- Instantiating /home/travis/build/icyphy/ptII/ptolemy/actor/lib/test/auto/matrixType3.xml
3 ms. Memory: 555008K Free: 406197K (73%)
----------------- Invoking toplevel() on ptolemy.moml.MoMLSimpleApplication@4e4b015c
----------------- Done invoking toplevel() on ptolemy.moml.MoMLSimpleApplication@4e4b015c
reloadAllAccessors: .matrixType3

===========================================================================================
----------------- testing Tue Jan 21 12:21:39 UTC 2020 /home/travis/build/icyphy/ptII/ptolemy/actor/lib/test/auto/matrixType4.xml
----------------- Instantiating /home/travis/build/icyphy/ptII/ptolemy/actor/lib/test/auto/matrixType4.xml
1 ms. Memory: 555008K Free: 401591K (72%)
----------------- Invoking toplevel() on ptolemy.moml.MoMLSimpleApplication@5181ebf2
----------------- Done invoking toplevel() on ptolemy.moml.MoMLSimpleApplication@5181ebf2
reloadAllAccessors: .matrixType4

===========================================================================================
----------------- testing Tue Jan 21 12:21:39 UTC 2020 /home/travis/build/icyphy/ptII/ptolemy/actor/lib/test/auto/matrixType5.xml
----------------- Instantiating /home/travis/build/icyphy/ptII/ptolemy/actor/lib/test/auto/matrixType5.xml
2 ms. Memory: 555008K Free: 396471K (71%)
----------------- Invoking toplevel() on ptolemy.moml.MoMLSimpleApplication@3b0cc07e
----------------- Done invoking toplevel() on ptolemy.moml.MoMLSimpleApplication@3b0cc07e
reloadAllAccessors: .matrixType5

===========================================================================================
----------------- testing Tue Jan 21 12:21:39 UTC 2020 /home/travis/build/icyphy/ptII/ptolemy/actor/lib/test/auto/matrixType6.xml
----------------- Instantiating /home/travis/build/icyphy/ptII/ptolemy/actor/lib/test/auto/matrixType6.xml
1 ms. Memory: 555008K Free: 391861K (71%)
----------------- Invoking toplevel() on ptolemy.moml.MoMLSimpleApplication@36748460
----------------- Done invoking toplevel() on ptolemy.moml.MoMLSimpleApplication@36748460
reloadAllAccessors: .matrixType6

===========================================================================================
----------------- testing Tue Jan 21 12:21:39 UTC 2020 /home/travis/build/icyphy/ptII/ptolemy/actor/lib/test/auto/matrixType7.xml
----------------- Instantiating /home/travis/build/icyphy/ptII/ptolemy/actor/lib/test/auto/matrixType7.xml
2 ms. Memory: 555008K Free: 386741K (70%)
----------------- Invoking toplevel() on ptolemy.moml.MoMLSimpleApplication@28363578
----------------- Done invoking toplevel() on ptolemy.moml.MoMLSimpleApplication@28363578
reloadAllAccessors: .matrixType7

===========================================================================================
----------------- testing Tue Jan 21 12:21:39 UTC 2020 /home/travis/build/icyphy/ptII/ptolemy/actor/lib/test/auto/matrixType8.xml
----------------- Instantiating /home/travis/build/icyphy/ptII/ptolemy/actor/lib/test/auto/matrixType8.xml
1 ms. Memory: 555008K Free: 382135K (69%)
----------------- Invoking toplevel() on ptolemy.moml.MoMLSimpleApplication@2b0ab7c5
----------------- Done invoking toplevel() on ptolemy.moml.MoMLSimpleApplication@2b0ab7c5
reloadAllAccessors: .matrixType8

===========================================================================================
----------------- testing Tue Jan 21 12:21:39 UTC 2020 /home/travis/build/icyphy/ptII/ptolemy/actor/lib/test/auto/matrixType9.xml
----------------- Instantiating /home/travis/build/icyphy/ptII/ptolemy/actor/lib/test/auto/matrixType9.xml
1 ms. Memory: 555008K Free: 377015K (68%)
----------------- Invoking toplevel() on ptolemy.moml.MoMLSimpleApplication@28c1bda4
----------------- Done invoking toplevel() on ptolemy.moml.MoMLSimpleApplication@28c1bda4
reloadAllAccessors: .matrixType9

===========================================================================================
----------------- testing Tue Jan 21 12:21:39 UTC 2020 /home/travis/build/icyphy/ptII/ptolemy/actor/lib/test/auto/paraFunctest.xml
----------------- Instantiating /home/travis/build/icyphy/ptII/ptolemy/actor/lib/test/auto/paraFunctest.xml
2 ms. Memory: 555008K Free: 372919K (67%)
----------------- Invoking toplevel() on ptolemy.moml.MoMLSimpleApplication@218ddb38
----------------- Done invoking toplevel() on ptolemy.moml.MoMLSimpleApplication@218ddb38
reloadAllAccessors: .paraFunctest

===========================================================================================
----------------- testing Tue Jan 21 12:21:39 UTC 2020 /home/travis/build/icyphy/ptII/ptolemy/actor/lib/test/auto/paraFunctest2.xml
----------------- Instantiating /home/travis/build/icyphy/ptII/ptolemy/actor/lib/test/auto/paraFunctest2.xml
2 ms. Memory: 555008K Free: 368309K (66%)
----------------- Invoking toplevel() on ptolemy.moml.MoMLSimpleApplication@2ce187a2
----------------- Done invoking toplevel() on ptolemy.moml.MoMLSimpleApplication@2ce187a2
reloadAllAccessors: .paraFunctest2

===========================================================================================
----------------- testing Tue Jan 21 12:21:39 UTC 2020 /home/travis/build/icyphy/ptII/ptolemy/actor/lib/test/auto/parameterPassing.xml
----------------- Instantiating /home/travis/build/icyphy/ptII/ptolemy/actor/lib/test/auto/parameterPassing.xml
1 ms. Memory: 555008K Free: 363703K (66%)
----------------- Invoking toplevel() on ptolemy.moml.MoMLSimpleApplication@66491951
----------------- Done invoking toplevel() on ptolemy.moml.MoMLSimpleApplication@66491951
reloadAllAccessors: .parameterPassing

===========================================================================================
----------------- testing Tue Jan 21 12:21:39 UTC 2020 /home/travis/build/icyphy/ptII/ptolemy/actor/lib/test/auto/record.xml
----------------- Instantiating /home/travis/build/icyphy/ptII/ptolemy/actor/lib/test/auto/record.xml
4 ms. Memory: 555008K Free: 359093K (65%)
----------------- Invoking toplevel() on ptolemy.moml.MoMLSimpleApplication@1fee9529
----------------- Done invoking toplevel() on ptolemy.moml.MoMLSimpleApplication@1fee9529
reloadAllAccessors: .record

===========================================================================================
----------------- testing Tue Jan 21 12:21:39 UTC 2020 /home/travis/build/icyphy/ptII/ptolemy/actor/lib/test/auto/sizedarray1.xml
----------------- Instantiating /home/travis/build/icyphy/ptII/ptolemy/actor/lib/test/auto/sizedarray1.xml
1 ms. Memory: 555008K Free: 353463K (64%)
----------------- Invoking toplevel() on ptolemy.moml.MoMLSimpleApplication@1957789
----------------- Done invoking toplevel() on ptolemy.moml.MoMLSimpleApplication@1957789
reloadAllAccessors: .sizedarray1

===========================================================================================
----------------- testing Tue Jan 21 12:21:39 UTC 2020 /home/travis/build/icyphy/ptII/ptolemy/actor/lib/test/auto/sizedarray2.xml
----------------- Instantiating /home/travis/build/icyphy/ptII/ptolemy/actor/lib/test/auto/sizedarray2.xml
1 ms. Memory: 555008K Free: 348343K (63%)
----------------- Invoking toplevel() on ptolemy.moml.MoMLSimpleApplication@2bb890b1
----------------- Done invoking toplevel() on ptolemy.moml.MoMLSimpleApplication@2bb890b1
reloadAllAccessors: .sizedarray2

===========================================================================================
----------------- testing Tue Jan 21 12:21:39 UTC 2020 /home/travis/build/icyphy/ptII/ptolemy/actor/lib/test/auto/twoPublishers.xml
----------------- Instantiating /home/travis/build/icyphy/ptII/ptolemy/actor/lib/test/auto/twoPublishers.xml
5 ms. Memory: 555008K Free: 337079K (61%)
----------------- Invoking toplevel() on ptolemy.moml.MoMLSimpleApplication@4b08d756
----------------- Done invoking toplevel() on ptolemy.moml.MoMLSimpleApplication@4b08d756
reloadAllAccessors: .twoPublishers
AutoTests.java: About to close Vertx.
AutoTests.java: Vertx closed.
]]></system-out>
  <system-err><![CDATA[java.lang.RuntimeException: Execution failed
	at ptolemy.moml.MoMLSimpleApplication$UnloadThread.run(MoMLSimpleApplication.java:402)
Caused by: java.lang.RuntimeException: StringUtilities.exit() was called. Normally, we would exit here because Manager.exitAfterWrapup() was called.  However, because the ptolemy.ptII.exitAfterWrapup property is set, we throw this exception instead.
	at ptolemy.util.StringUtilities.exit(StringUtilities.java:365)
	at ptolemy.actor.Manager.wrapup(Manager.java:1549)
	at ptolemy.actor.Manager.execute(Manager.java:407)
	at ptolemy.actor.Manager.run(Manager.java:1263)
	at ptolemy.actor.Manager$PtolemyRunThread.run(Manager.java:1933)
Warning: '.top.test' is in training mode, set the trainingMode parameter to false before checking in
Warning: '.top.test' is in training mode, set the trainingMode parameter to false before checking in
Warning: '.top.test' is in training mode, set the trainingMode parameter to false before checking in
Warning: '.BooleanSwitch_RegressionTest_WrongTrainingValues.Test' is in training mode, set the trainingMode parameter to false before checking in
Warning: '.BooleanSwitch_RegressionTest_WrongTrainingValues.Test2' is in training mode, set the trainingMode parameter to false before checking in
Warning: '.BooleanSwitch_RegressionTest_WrongTrainingValues.Test2' The test produced 0 tokens.
Warning: '.top.testExceptionHandler' is in training mode, set the trainingMode parameter to false before checking in
java.lang.RuntimeException: Execution failed
	at ptolemy.moml.MoMLSimpleApplication$UnloadThread.run(MoMLSimpleApplication.java:402)
Caused by: ptolemy.kernel.util.IllegalActionException: PublisherPorts cannot be used at the top level, use a Publisher actor instead.
  in .PublisherPortToplevelSubscriber.PublisherPort
	at ptolemy.actor.PublisherPort.preinitialize(PublisherPort.java:403)
	at ptolemy.actor.CompositeActor.preinitialize(CompositeActor.java:1769)
	at ptolemy.actor.Manager.preinitializeAndResolveTypes(Manager.java:1040)
	at ptolemy.actor.Manager.initialize(Manager.java:710)
	at ptolemy.actor.Manager.execute(Manager.java:356)
	at ptolemy.actor.Manager.run(Manager.java:1263)
	at ptolemy.actor.Manager$PtolemyRunThread.run(Manager.java:1933)
java.lang.reflect.InvocationTargetException
	at java.base/jdk.internal.reflect.NativeConstructorAccessorImpl.newInstance0(Native Method)
	at java.base/jdk.internal.reflect.NativeConstructorAccessorImpl.newInstance(NativeConstructorAccessorImpl.java:62)
	at java.base/jdk.internal.reflect.DelegatingConstructorAccessorImpl.newInstance(DelegatingConstructorAccessorImpl.java:45)
	at java.base/java.lang.reflect.Constructor.newInstance(Constructor.java:490)
	at ptolemy.util.test.junit.AutoKnownFailedTests.RunModel(AutoKnownFailedTests.java:105)
	at java.base/jdk.internal.reflect.NativeMethodAccessorImpl.invoke0(Native Method)
	at java.base/jdk.internal.reflect.NativeMethodAccessorImpl.invoke(NativeMethodAccessorImpl.java:62)
	at java.base/jdk.internal.reflect.DelegatingMethodAccessorImpl.invoke(DelegatingMethodAccessorImpl.java:43)
	at java.base/java.lang.reflect.Method.invoke(Method.java:566)
	at org.junit.runners.model.FrameworkMethod$1.runReflectiveCall(FrameworkMethod.java:44)
	at org.junit.internal.runners.model.ReflectiveCallable.run(ReflectiveCallable.java:15)
	at org.junit.runners.model.FrameworkMethod.invokeExplosively(FrameworkMethod.java:41)
	at junitparams.internal.InvokeParameterisedMethod.evaluate(InvokeParameterisedMethod.java:102)
	at org.junit.internal.runners.statements.FailOnTimeout$1.run(FailOnTimeout.java:28)
Caused by: ptolemy.kernel.util.IllegalActionException: PublisherPorts cannot be used at the top level, use a Publisher actor instead.
  in .PublisherPortToplevelSubscriber.PublisherPort
	at ptolemy.actor.PublisherPort.preinitialize(PublisherPort.java:403)
	at ptolemy.actor.CompositeActor.preinitialize(CompositeActor.java:1769)
	at ptolemy.actor.Manager.preinitializeAndResolveTypes(Manager.java:1040)
	at ptolemy.actor.Manager.initialize(Manager.java:710)
	at ptolemy.actor.Manager.execute(Manager.java:356)
	at ptolemy.actor.Manager.run(Manager.java:1263)
	at ptolemy.actor.Manager$PtolemyRunThread.run(Manager.java:1933)
java.lang.RuntimeException: Execution failed
	at ptolemy.moml.MoMLSimpleApplication$UnloadThread.run(MoMLSimpleApplication.java:402)
Caused by: ptolemy.kernel.util.IllegalActionException: SubscriberPorts cannot be used at the top level, use a Subscriber actor instead.
  in .PublisherSubscriberPortToplevel.SubscriberPort
	at ptolemy.actor.SubscriberPort.preinitialize(SubscriberPort.java:328)
	at ptolemy.actor.CompositeActor.preinitialize(CompositeActor.java:1769)
	at ptolemy.actor.Manager.preinitializeAndResolveTypes(Manager.java:1040)
	at ptolemy.actor.Manager.initialize(Manager.java:710)
	at ptolemy.actor.Manager.execute(Manager.java:356)
	at ptolemy.actor.Manager.run(Manager.java:1263)
	at ptolemy.actor.Manager$PtolemyRunThread.run(Manager.java:1933)
java.lang.reflect.InvocationTargetException
	at java.base/jdk.internal.reflect.NativeConstructorAccessorImpl.newInstance0(Native Method)
	at java.base/jdk.internal.reflect.NativeConstructorAccessorImpl.newInstance(NativeConstructorAccessorImpl.java:62)
	at java.base/jdk.internal.reflect.DelegatingConstructorAccessorImpl.newInstance(DelegatingConstructorAccessorImpl.java:45)
	at java.base/java.lang.reflect.Constructor.newInstance(Constructor.java:490)
	at ptolemy.util.test.junit.AutoKnownFailedTests.RunModel(AutoKnownFailedTests.java:105)
	at java.base/jdk.internal.reflect.NativeMethodAccessorImpl.invoke0(Native Method)
	at java.base/jdk.internal.reflect.NativeMethodAccessorImpl.invoke(NativeMethodAccessorImpl.java:62)
	at java.base/jdk.internal.reflect.DelegatingMethodAccessorImpl.invoke(DelegatingMethodAccessorImpl.java:43)
	at java.base/java.lang.reflect.Method.invoke(Method.java:566)
	at org.junit.runners.model.FrameworkMethod$1.runReflectiveCall(FrameworkMethod.java:44)
	at org.junit.internal.runners.model.ReflectiveCallable.run(ReflectiveCallable.java:15)
	at org.junit.runners.model.FrameworkMethod.invokeExplosively(FrameworkMethod.java:41)
	at junitparams.internal.InvokeParameterisedMethod.evaluate(InvokeParameterisedMethod.java:102)
	at org.junit.internal.runners.statements.FailOnTimeout$1.run(FailOnTimeout.java:28)
Caused by: ptolemy.kernel.util.IllegalActionException: SubscriberPorts cannot be used at the top level, use a Subscriber actor instead.
  in .PublisherSubscriberPortToplevel.SubscriberPort
	at ptolemy.actor.SubscriberPort.preinitialize(SubscriberPort.java:328)
	at ptolemy.actor.CompositeActor.preinitialize(CompositeActor.java:1769)
	at ptolemy.actor.Manager.preinitializeAndResolveTypes(Manager.java:1040)
	at ptolemy.actor.Manager.initialize(Manager.java:710)
	at ptolemy.actor.Manager.execute(Manager.java:356)
	at ptolemy.actor.Manager.run(Manager.java:1263)
	at ptolemy.actor.Manager$PtolemyRunThread.run(Manager.java:1933)
java.lang.RuntimeException: Execution failed
	at ptolemy.moml.MoMLSimpleApplication$UnloadThread.run(MoMLSimpleApplication.java:402)
Caused by: ptolemy.kernel.util.IllegalActionException: SubscriptionAggregatorPorts cannot be used at the top level, use a SubscriptionAggregator actor instead.
  in .PublisherSubscriptionAggregatorPort.SubscriptionAggregatorPort
	at ptolemy.actor.SubscriptionAggregatorPort.preinitialize(SubscriptionAggregatorPort.java:353)
	at ptolemy.actor.CompositeActor.preinitialize(CompositeActor.java:1769)
	at ptolemy.actor.Manager.preinitializeAndResolveTypes(Manager.java:1040)
	at ptolemy.actor.Manager.initialize(Manager.java:710)
	at ptolemy.actor.Manager.execute(Manager.java:356)
	at ptolemy.actor.Manager.run(Manager.java:1263)
	at ptolemy.actor.Manager$PtolemyRunThread.run(Manager.java:1933)
java.lang.reflect.InvocationTargetException
	at java.base/jdk.internal.reflect.NativeConstructorAccessorImpl.newInstance0(Native Method)
	at java.base/jdk.internal.reflect.NativeConstructorAccessorImpl.newInstance(NativeConstructorAccessorImpl.java:62)
	at java.base/jdk.internal.reflect.DelegatingConstructorAccessorImpl.newInstance(DelegatingConstructorAccessorImpl.java:45)
	at java.base/java.lang.reflect.Constructor.newInstance(Constructor.java:490)
	at ptolemy.util.test.junit.AutoKnownFailedTests.RunModel(AutoKnownFailedTests.java:105)
	at java.base/jdk.internal.reflect.NativeMethodAccessorImpl.invoke0(Native Method)
	at java.base/jdk.internal.reflect.NativeMethodAccessorImpl.invoke(NativeMethodAccessorImpl.java:62)
	at java.base/jdk.internal.reflect.DelegatingMethodAccessorImpl.invoke(DelegatingMethodAccessorImpl.java:43)
	at java.base/java.lang.reflect.Method.invoke(Method.java:566)
	at org.junit.runners.model.FrameworkMethod$1.runReflectiveCall(FrameworkMethod.java:44)
	at org.junit.internal.runners.model.ReflectiveCallable.run(ReflectiveCallable.java:15)
	at org.junit.runners.model.FrameworkMethod.invokeExplosively(FrameworkMethod.java:41)
	at junitparams.internal.InvokeParameterisedMethod.evaluate(InvokeParameterisedMethod.java:102)
	at org.junit.internal.runners.statements.FailOnTimeout$1.run(FailOnTimeout.java:28)
Caused by: ptolemy.kernel.util.IllegalActionException: SubscriptionAggregatorPorts cannot be used at the top level, use a SubscriptionAggregator actor instead.
  in .PublisherSubscriptionAggregatorPort.SubscriptionAggregatorPort
	at ptolemy.actor.SubscriptionAggregatorPort.preinitialize(SubscriptionAggregatorPort.java:353)
	at ptolemy.actor.CompositeActor.preinitialize(CompositeActor.java:1769)
	at ptolemy.actor.Manager.preinitializeAndResolveTypes(Manager.java:1040)
	at ptolemy.actor.Manager.initialize(Manager.java:710)
	at ptolemy.actor.Manager.execute(Manager.java:356)
	at ptolemy.actor.Manager.run(Manager.java:1263)
	at ptolemy.actor.Manager$PtolemyRunThread.run(Manager.java:1933)
java.lang.RuntimeException: Execution failed
	at ptolemy.moml.MoMLSimpleApplication$UnloadThread.run(MoMLSimpleApplication.java:402)
Caused by: ptolemy.kernel.util.IllegalActionException: TypeTest actor has no training data.
  in .sizedarray3.TypeTest
	at ptolemy.actor.lib.TypeTest.initialize(TypeTest.java:250)
	at ptolemy.actor.Director.initialize(Director.java:938)
	at ptolemy.actor.Director.initialize(Director.java:907)
	at ptolemy.actor.sched.StaticSchedulingDirector.initialize(StaticSchedulingDirector.java:159)
	at ptolemy.domains.sdf.kernel.SDFDirector.initialize(SDFDirector.java:544)
	at ptolemy.actor.CompositeActor.initialize(CompositeActor.java:935)
	at ptolemy.actor.Manager.initialize(Manager.java:724)
	at ptolemy.actor.Manager.execute(Manager.java:356)
	at ptolemy.actor.Manager.run(Manager.java:1263)
	at ptolemy.actor.Manager$PtolemyRunThread.run(Manager.java:1933)
java.lang.reflect.InvocationTargetException
	at java.base/jdk.internal.reflect.NativeConstructorAccessorImpl.newInstance0(Native Method)
	at java.base/jdk.internal.reflect.NativeConstructorAccessorImpl.newInstance(NativeConstructorAccessorImpl.java:62)
	at java.base/jdk.internal.reflect.DelegatingConstructorAccessorImpl.newInstance(DelegatingConstructorAccessorImpl.java:45)
	at java.base/java.lang.reflect.Constructor.newInstance(Constructor.java:490)
	at ptolemy.util.test.junit.AutoKnownFailedTests.RunModel(AutoKnownFailedTests.java:105)
	at java.base/jdk.internal.reflect.NativeMethodAccessorImpl.invoke0(Native Method)
	at java.base/jdk.internal.reflect.NativeMethodAccessorImpl.invoke(NativeMethodAccessorImpl.java:62)
	at java.base/jdk.internal.reflect.DelegatingMethodAccessorImpl.invoke(DelegatingMethodAccessorImpl.java:43)
	at java.base/java.lang.reflect.Method.invoke(Method.java:566)
	at org.junit.runners.model.FrameworkMethod$1.runReflectiveCall(FrameworkMethod.java:44)
	at org.junit.internal.runners.model.ReflectiveCallable.run(ReflectiveCallable.java:15)
	at org.junit.runners.model.FrameworkMethod.invokeExplosively(FrameworkMethod.java:41)
	at junitparams.internal.InvokeParameterisedMethod.evaluate(InvokeParameterisedMethod.java:102)
	at org.junit.internal.runners.statements.FailOnTimeout$1.run(FailOnTimeout.java:28)
Caused by: ptolemy.kernel.util.IllegalActionException: TypeTest actor has no training data.
  in .sizedarray3.TypeTest
	at ptolemy.actor.lib.TypeTest.initialize(TypeTest.java:250)
	at ptolemy.actor.Director.initialize(Director.java:938)
	at ptolemy.actor.Director.initialize(Director.java:907)
	at ptolemy.actor.sched.StaticSchedulingDirector.initialize(StaticSchedulingDirector.java:159)
	at ptolemy.domains.sdf.kernel.SDFDirector.initialize(SDFDirector.java:544)
	at ptolemy.actor.CompositeActor.initialize(CompositeActor.java:935)
	at ptolemy.actor.Manager.initialize(Manager.java:724)
	at ptolemy.actor.Manager.execute(Manager.java:356)
	at ptolemy.actor.Manager.run(Manager.java:1263)
	at ptolemy.actor.Manager$PtolemyRunThread.run(Manager.java:1933)
ptolemy.kernel.util.InternalErrorException: Exec Stderr Gobbler-1: Failed while reading from java.lang.ProcessImpl$ProcessPipeInputStream@71e68197. To avoid this, try setting the ignoreIOExceptionReadErrors parameter to true.null
  in .Exec.Exec
Because:
Stream closed
	at ptolemy.actor.lib.Exec$_StreamReaderThread._read(Exec.java:762)
	at ptolemy.actor.lib.Exec$_StreamReaderThread.run(Exec.java:706)
Caused by: java.io.IOException: Stream closed
	at java.base/sun.nio.cs.StreamDecoder.ensureOpen(StreamDecoder.java:46)
	at java.base/sun.nio.cs.StreamDecoder.read(StreamDecoder.java:148)
	at java.base/java.io.InputStreamReader.read(InputStreamReader.java:185)
	at ptolemy.actor.lib.Exec$_StreamReaderThread._read(Exec.java:724)
	... 1 more
Caused by: java.io.IOException: Stream closed
	at java.base/sun.nio.cs.StreamDecoder.ensureOpen(StreamDecoder.java:46)
	at java.base/sun.nio.cs.StreamDecoder.read(StreamDecoder.java:148)
	at java.base/java.io.InputStreamReader.read(InputStreamReader.java:185)
	at ptolemy.actor.lib.Exec$_StreamReaderThread._read(Exec.java:724)
	at ptolemy.actor.lib.Exec$_StreamReaderThread.run(Exec.java:706)
java.lang.RuntimeException: Execution failed
	at ptolemy.moml.MoMLSimpleApplication$UnloadThread.run(MoMLSimpleApplication.java:402)
Caused by: ptolemy.kernel.util.IllegalActionException: Test fails in iteration 0.
Value was: 6001L. Should have been: 6000L
  in .ExecutionTimeSDF.NonStrictTest
	at ptolemy.actor.lib.NonStrictTest.postfire(NonStrictTest.java:328)
	at ptolemy.actor.AtomicActor.iterate(AtomicActor.java:518)
	at ptolemy.actor.sched.StaticSchedulingDirector.fire(StaticSchedulingDirector.java:216)
	at ptolemy.domains.sdf.kernel.SDFDirector.fire(SDFDirector.java:500)
	at ptolemy.actor.CompositeActor.fire(CompositeActor.java:455)
	at ptolemy.actor.Manager.iterate(Manager.java:851)
	at ptolemy.actor.Manager.execute(Manager.java:369)
	at ptolemy.actor.Manager.run(Manager.java:1263)
	at ptolemy.actor.Manager$PtolemyRunThread.run(Manager.java:1933)
]]></system-err>
</testsuite>
