<?xml version="1.0" encoding="UTF-8" ?>
<testsuite errors="0" failures="1" hostname="travis-job-e2124673-8827-4a76-a241-2bd1ab8d2979" name="ptolemy.actor.lib.test.junit.JUnitTclTest" skipped="0" tests="517" time="64.878" timestamp="2019-11-04T06:15:02">
  <properties>
    <property name="npm.executable" value="npm" />
    <property name="env.TRAVIS_ROOT" value="/" />
    <property name="ptII.mk.exists" value="true" />
    <property name="env.TRAVIS_APP_HOST" value="build.travis-ci.org" />
    <property name="env.rvm_bin_path" value="/home/travis/.rvm/bin" />
    <property name="java.home" value="/usr/local/lib/jvm/openjdk11" />
    <property name="env.TRAVIS_JOB_NUMBER" value="1385.8" />
    <property name="env.TRAVIS_HOME" value="/home/travis" />
    <property name="env.DISPLAY" value=":99.0" />
    <property name="env.TRAVIS_INIT" value="systemd" />
    <property name="env.SSH_TTY" value="/dev/pts/0" />
    <property name="java.net.preferIPv4Stack" value="true" />
    <property name="env.RUN_TESTS" value="true" />
    <property name="timeout.short" value="1000000" />
    <property name="junit.formatter" value="xml" />
    <property name="env.TRAVIS_SUDO" value="true" />
    <property name="env.TRAVIS_JOB_NAME" value="" />
    <property name="env.TRAVIS_STACK_NODE_ATTRIBUTES" value="/.node-attributes.yml" />
    <property name="env.LOGNAME" value="travis" />
    <property name="env.PT_TRAVIS_TEST_CORE1_XML" value="true" />
    <property name="jsdoc.home" value="node_modules/@terraswarm/jsdoc" />
    <property name="debuglevel" value="source,lines,vars" />
    <property name="checkstyle.formatter" value="xml" />
    <property name="env._system_version" value="16.04" />
    <property name="bin.vergil.makeable" value="true" />
    <property name="sun.os.patch.level" value="unknown" />
    <property name="java.vendor.url" value="http://java.oracle.com/" />
    <property name="env.TRAVIS_BUILD_WEB_URL" value="https://travis-ci.org/icyphy/ptII/builds/606984351" />
    <property name="java.version" value="11.0.2" />
    <property name="env.TZ" value="UTC" />
    <property name="env.TRAVIS_PULL_REQUEST_SHA" value="" />
    <property name="env.PT_NO_NET" value="true" />
    <property name="env.TRAVIS_SECURE_ENV_VARS" value="true" />
    <property name="env._system_type" value="Linux" />
    <property name="java.vendor.url.bug" value="http://bugreport.java.com/bugreport/" />
    <property name="npmjs-org-is-up" value="true" />
    <property name="env.LANGUAGE" value="en_US.UTF-8" />
    <property name="env.SSH_CLIENT" value="10.16.5.49 43510 22" />
    <property name="env.GEM_HOME" value="/home/travis/.rvm/gems/ruby-2.5.3" />
    <property name="env.HAS_ANTARES_THREE_LITTLE_FRONZIES_BADGE" value="true" />
    <property name="java.version.date" value="2019-01-15" />
    <property name="env.PS4" value="+" />
    <property name="ant.project.invoked-targets" value="build,test.core1.xml" />
    <property name="env.TRAVIS_PULL_REQUEST_BRANCH" value="" />
    <property name="env.TRAVIS_REPO_SLUG" value="icyphy/ptII" />
    <property name="env.XDG_DATA_DIRS" value="/usr/local/share:/usr/share:/var/lib/snapd/desktop" />
    <property name="jdk.debug" value="release" />
    <property name="env.TRAVIS_APT_PROXY" value="http://apt.cache.travis-ci.com" />
    <property name="node.in.path" value="true" />
    <property name="user.name" value="travis" />
    <property name="java.maxmemory" value="1400m" />
    <property name="env.RUBY_VERSION" value="ruby-2.5.3" />
    <property name="env.LANG" value="en_US.UTF-8" />
    <property name="sun.io.unicode.encoding" value="UnicodeLittle" />
    <property name="sun.jnu.encoding" value="UTF-8" />
    <property name="java.runtime.name" value="OpenJDK Runtime Environment" />
    <property name="usefile" value="false" />
    <property name="return.code" value="0" />
    <property name="junit.single.formatter" value="plain" />
    <property name="env.DYLD_LIBRARY_PATH" value="/home/travis/pthla/certi-tools/lib:" />
    <property name="env.DEBIAN_FRONTEND" value="noninteractive" />
    <property name="env.SSH_CONNECTION" value="10.16.5.49 43510 10.20.0.81 22" />
    <property name="env.MYSQL_UNIX_PORT" value="/var/run/mysqld/mysqld.sock" />
    <property name="env.LC_ALL" value="en_US.UTF-8" />
    <property name="env.TRAVIS_ALLOW_FAILURE" value="false" />
    <property name="env.TRAVIS_JOB_WEB_URL" value="https://travis-ci.org/icyphy/ptII/jobs/606984359" />
    <property name="java.specification.name" value="Java Platform API Specification" />
    <property name="node.works" value="true" />
    <property name="user.timezone" value="" />
    <property name="path.separator" value=":" />
    <property name="env.TRAVIS_ENABLE_INFRA_DETECTION" value="true" />
    <property name="env.PYTHON_CFLAGS" value="-g -fstack-protector --param=ssp-buffer-size=4 -Wformat -Werror=format-security" />
    <property name="timeout.long" value="4000000" />
    <property name="env.CERTI_HOME" value="/home/travis/pthla/certi-tools" />
    <property name="ant.file.ptII" value="/home/travis/build/icyphy/ptII/build.xml" />
    <property name="javadoc.packagenames" value="com.*,diva.*,lbnl.*,org.hlacerti.*,org.json.*,org.ptolemy.*,org.terraswarm.*,ptolemy.*,ptserver.*" />
    <property name="file.encoding" value="UTF-8" />
    <property name="env.TRAVIS_PULL_REQUEST_SLUG" value="" />
    <property name="ant.project.default-target" value="build" />
    <property name="env.GIT_ASKPASS" value="echo" />
    <property name="env.HOME" value="/home/travis" />
    <property name="sun.java.command" value="org.apache.tools.ant.taskdefs.optional.junit.JUnitTestRunner ptolemy.actor.lib.test.junit.JUnitTclTest skipNonTests=false filtertrace=true haltOnError=false haltOnFailure=false formatter=org.apache.tools.ant.taskdefs.optional.junit.OutErrSummaryJUnitResultFormatter showoutput=true outputtoformatters=true logfailedtests=true threadid=0 logtestlistenerevents=false formatter=org.apache.tools.ant.taskdefs.optional.junit.XMLJUnitResultFormatter,/home/travis/build/icyphy/ptII/reports/junit/TEST-ptolemy.actor.lib.test.junit.JUnitTclTest.xml crashfile=/home/travis/build/icyphy/ptII/junitvmwatcher12389696695715276816.properties propsfile=/home/travis/build/icyphy/ptII/junit14683375960482651794.properties" />
    <property name="env.COMPOSER_NO_INTERACTION" value="1" />
    <property name="env.MANPATH" value="/home/travis/.nvm/versions/node/v7.10.1/share/man:/home/travis/.rvm/rubies/ruby-2.5.3/share/man:/usr/local/cmake-3.12.4/man:/usr/local/clang-7.0.0/share/man:/usr/local/man:/usr/local/share/man:/usr/share/man:/home/travis/.rvm/man" />
    <property name="env.TRAVIS_TIMER_ID" value="0e90f990" />
    <property name="ant.file" value="/home/travis/build/icyphy/ptII/build.xml" />
    <property name="env.TRAVIS_COMMIT_RANGE" value="948bf656f66248ff65af09b7e6cc9885ef1f544d...4d8f235a1445b5e1cf53b20eaca7c153db736dc2" />
    <property name="env._system_name" value="Ubuntu" />
    <property name="ptII.classpath.optional.property" value="/home/travis/build/icyphy/ptII/lib/bsh-2.0b4.jar:/home/travis/build/icyphy/ptII/lib/ptCal.jar:/home/travis/build/icyphy/ptII/lib/java_cup.jar:/home/travis/build/icyphy/ptII/lib/saxon8.jar:/home/travis/build/icyphy/ptII/lib/saxon8-dom.jar:/home/travis/build/icyphy/ptII/lib/chic.jar:/home/travis/build/icyphy/ptII/lib/ptcolt.jar:/home/travis/build/icyphy/ptII/vendors/misc/itext/iText.jar:/home/travis/build/icyphy/ptII/lib/g4ltl.jar:/home/travis/build/icyphy/ptII/lib/StructuralCoder.jar:/home/travis/build/icyphy/ptII/lib/jcerti.jar:/home/travis/build/icyphy/ptII/lib/javax.mail.jar:/home/travis/build/icyphy/ptII/vendors/JMF-2.1.1e/lib/jmf.jar:/home/travis/build/icyphy/ptII/lib/jna-4.0.0-variadic.jar:/home/travis/build/icyphy/ptII/vendors/misc/joystick/Joystick.jar:/home/travis/build/icyphy/ptII/lib/ptjacl.jar:/home/travis/build/icyphy/ptII/lib/jsoup-1.8.2.jar:/home/travis/build/icyphy/ptII/lib/junit-4.8.2.jar:/home/travis/build/icyphy/ptII/lib/JUnitParams-0.4.0.jar:/home/travis/build/icyphy/ptII/ptolemy/actor/lib/excel/jxl.jar:/home/travis/build/icyphy/ptII/lib/jython.jar:/home/travis/build/icyphy/ptII/lib/kieler.jar:/home/travis/build/icyphy/ptII/vendors/opencv/share/OpenCV/java/opencv-341.jar:/home/travis/build/icyphy/ptII/lib/oscP5.jar:/home/travis/build/icyphy/ptII/lib/nrjavaserial-3.11.0.devel.jar:/home/travis/build/icyphy/ptII/vendors/j3d/lib/Linux/j3dcore.jar:/home/travis/build/icyphy/ptII/vendors/j3d/lib/Linux/j3dutils.jar:/home/travis/build/icyphy/ptII/vendors/j3d/lib/Linux/vecmath.jar:/home/travis/build/icyphy/ptII/vendors/jogl/lib/Linux/gluegen-rt-natives-linux-amd64.jar:/home/travis/build/icyphy/ptII/vendors/jogl/lib/Linux/gluegen-rt.jar:/home/travis/build/icyphy/ptII/vendors/jogl/lib/Linux/jogl-all-natives-linux-amd64.jar:/home/travis/build/icyphy/ptII/vendors/jogl/lib/Linux/jogl-all.jar:/home/travis/build/icyphy/ptII/ptolemy/distributed/jini/jar/jini-core.jar:/home/travis/build/icyphy/ptII/ptolemy/distributed/jini/jar/jini-ext.jar:/home/travis/build/icyphy/ptII/ptolemy/distributed/jini/jar/sun-util.jar:/home/travis/build/icyphy/ptII/lib/protobuf-java-2.4.1.jar:/home/travis/build/icyphy/ptII/lib/org.eclipse.paho.client.mqttv3.jar:/home/travis/build/icyphy/ptII/lib/mapss.jar:/home/travis/build/icyphy/ptII/ptolemy/actor/ptalon/antlr/antlr.jar:/home/travis/build/icyphy/ptII/lib/JRI.jar:/home/travis/build/icyphy/ptII/lib/commons-lang-2.6.jar:/home/travis/build/icyphy/ptII/lib/commons-logging-1.1.1.jar:/home/travis/build/icyphy/ptII/lib/sootclasses.jar:/home/travis/build/icyphy/ptII/ptolemy/actor/lib/database/mysql-connector-java-5.1.6-bin.jar:/home/travis/build/icyphy/ptII/vendors/misc/sphinx4/sphinx4-data-5prealpha.jar:/home/travis/build/icyphy/ptII/vendors/misc/sphinx4/sphinx4-core-5prealpha.jar:/home/travis/build/icyphy/ptII/lib/PDFRenderer.jar:/home/travis/build/icyphy/ptII/lib/svgSalamander.jar:/home/travis/build/icyphy/ptII/lib/rsyntaxtextarea-2.6.0-SNAPSHOT.jar:/home/travis/build/icyphy/ptII/lib/hazelcast-3.8.2.jar:/home/travis/build/icyphy/ptII/lib/jackson-annotations-2.9.0.jar:/home/travis/build/icyphy/ptII/lib/jackson-core-2.9.3.jar:/home/travis/build/icyphy/ptII/lib/jackson-databind-2.9.3.jar:/home/travis/build/icyphy/ptII/lib/netty-buffer-4.1.19.Final.jar:/home/travis/build/icyphy/ptII/lib/netty-codec-4.1.19.Final.jar:/home/travis/build/icyphy/ptII/lib/netty-codec-dns-4.1.19.Final.jar:/home/travis/build/icyphy/ptII/lib/netty-codec-http-4.1.19.Final.jar:/home/travis/build/icyphy/ptII/lib/netty-codec-http2-4.1.19.Final.jar:/home/travis/build/icyphy/ptII/lib/netty-common-4.1.19.Final.jar:/home/travis/build/icyphy/ptII/lib/netty-handler-4.1.19.Final.jar:/home/travis/build/icyphy/ptII/lib/netty-resolver-4.1.19.Final.jar:/home/travis/build/icyphy/ptII/lib/netty-resolver-dns-4.1.19.Final.jar:/home/travis/build/icyphy/ptII/lib/netty-transport-4.1.19.Final.jar:/home/travis/build/icyphy/ptII/lib/vertx-codegen-3.5.1.jar:/home/travis/build/icyphy/ptII/lib/vertx-core-3.5.2-SNAPSHOT.jar:/home/travis/build/icyphy/ptII/lib/vertx-hazelcast-3.5.1.jar:/home/travis/build/icyphy/ptII/lib/vertx-lang-js-3.5.1.jar:/home/travis/build/icyphy/ptII/lib/vertx-service-proxy-3.5.1.jar:/home/travis/build/icyphy/ptII/lib/vertx-web-3.5.1.jar:/home/travis/build/icyphy/ptII/lib/slf4j-api-1.7.13.jar:/home/travis/build/icyphy/ptII/lib/slf4j-simple-1.7.13.jar:/home/travis/build/icyphy/ptII/lib/webcam-capture-0.3.12.jar:/home/travis/build/icyphy/ptII/lib/bridj-0.7.0.jar:/home/travis/build/icyphy/ptII/lib/xbjlib-1.1.0.nrjavaserial.jar" />
    <property name="timeout" value="2400000" />
    <property name="test.batch" value="**/junit/*.java" />
    <property name="env._" value="/usr/bin/timeout" />
    <property name="java.io.tmpdir" value="/tmp" />
    <property name="user.language" value="en" />
    <property name="env.TRAVIS_INTERNAL_RUBY_REGEX" value="^ruby-(2\.[0-4]\.[0-9]|1\.9\.3)" />
    <property name="env.HISTCONTROL" value="ignoredups:ignorespace" />
    <property name="env.GOROOT" value="/home/travis/.gimme/versions/go1.11.1.linux.amd64" />
    <property name="line.separator" value="&#xa;" />
    <property name="target" value="11" />
    <property name="env.TRAVIS_BUILD_DIR" value="/home/travis/build/icyphy/ptII" />
    <property name="env.ANT_OPTS" value="-Xmx2048m" />
    <property name="ant.file.type" value="file" />
    <property name="ptolemy.ptII.batchMode" value="true" />
    <property name="env.HISTSIZE" value="1000" />
    <property name="env.MERB_ENV" value="test" />
    <property name="java.vm.info" value="mixed mode" />
    <property name="source" value="11" />
    <property name="java.vm.specification.name" value="Java Virtual Machine Specification" />
    <property name="env.TRAVIS_TEST_RESULT" value="0" />
    <property name="jsdoc.command" value="node_modules/@terraswarm/jsdoc/jsdoc.js" />
    <property name="npm.works" value="true" />
    <property name="cobertura.dir" value="/home/travis/build/icyphy/ptII/vendors/cobertura-2.0.3" />
    <property name="jsdoc.command.exists" value="true" />
    <property name="env.rvm_path" value="/home/travis/.rvm" />
    <property name="env.GEM_PATH" value="/home/travis/.rvm/gems/ruby-2.5.3:/home/travis/.rvm/gems/ruby-2.5.3@global" />
    <property name="env.LC_CTYPE" value="en_US.UTF-8" />
    <property name="env.TRAVIS_CMD" value="$PTII/bin/ptIITravisBuild.sh $SECONDS" />
    <property name="java.awt.printerjob" value="sun.print.PSPrinterJob" />
    <property name="env.TRAVIS_STACK_NAME" value="sardonyx" />
    <property name="env.TRAVIS_TIMER_START_TIME" value="1572847428146414676" />
    <property name="ant.version" value="Apache Ant(TM) version 1.10.1 compiled on February 2 2017" />
    <property name="ptII.reports" value="/home/travis/build/icyphy/ptII/reports" />
    <property name="env.TRAVIS_STACK_TIMESTAMP" value="2019-03-25 16:16:56 UTC" />
    <property name="ant.file.type.ptII" value="file" />
    <property name="env.RBENV_SHELL" value="bash" />
    <property name="os.name" value="Linux" />
    <property name="java.specification.vendor" value="Oracle Corporation" />
    <property name="env.rvm_version" value="1.29.7 (latest)" />
    <property name="env.TRAVIS_INFRA" value="gce" />
    <property name="env.TERM" value="xterm" />
    <property name="java.vm.name" value="OpenJDK 64-Bit Server VM" />
    <property name="env.TRAVIS_BUILD_NUMBER" value="1385" />
    <property name="env.CI" value="true" />
    <property name="java.library.path" value="/home/travis/pthla/certi-tools/lib:/usr/lib/jni:/usr/local/share/OpenCV/java/:/usr/share/OpenCV/java::/usr/java/packages/lib:/usr/lib64:/lib64:/lib:/usr/lib" />
    <property name="jdk.module.path" value="/home/travis/build/icyphy/ptII/vendors/javafx/javafx-sdk-11.0.2/lib:" />
    <property name="env.rvm_prefix" value="/home/travis" />
    <property name="env.PATH" value="/home/travis/pthla/certi-tools/share/scripts:/home/travis/.rvm/gems/ruby-2.5.3/bin:/home/travis/.rvm/gems/ruby-2.5.3@global/bin:/home/travis/.rvm/rubies/ruby-2.5.3/bin:/home/travis/.rvm/bin:/home/travis/.nvm/versions/node/v7.10.1/bin:./node_modules/.bin:/home/travis/build/icyphy/ptII/bin:/home/travis/pthla/certi-tools/bin:/home/travis/bin:/home/travis/.local/bin:/usr/local/lib/jvm/openjdk11/bin:/opt/pyenv/shims:/home/travis/.phpenv/shims:/home/travis/perl5/perlbrew/bin:/home/travis/gopath/bin:/home/travis/.gimme/versions/go1.11.1.linux.amd64/bin:/usr/local/maven-3.6.0/bin:/usr/local/cmake-3.12.4/bin:/usr/local/clang-7.0.0/bin:/usr/local/sbin:/usr/local/bin:/usr/sbin:/usr/bin:/sbin:/bin:/snap/bin:/home/travis/.phpenv/bin:/opt/pyenv/bin:/home/travis/.yarn/bin" />
    <property name="env.TRAVIS_OS_NAME" value="linux" />
    <property name="ant.java.version" value="9" />
    <property name="basedir" value="/home/travis/build/icyphy/ptII" />
    <property name="java.class.version" value="55.0" />
    <property name="env.SHLVL" value="3" />
    <property name="env.LD_LIBRARY_PATH" value="/home/travis/pthla/certi-tools/lib:/usr/lib/jni:/usr/local/share/OpenCV/java/:/usr/share/OpenCV/java:" />
    <property name="env.RACK_ENV" value="test" />
    <property name="ant.home" value="/home/travis/build/icyphy/ptII/ant" />
    <property name="env.NVM_DIR" value="/home/travis/.nvm" />
    <property name="env.CERTI_FOM_PATH" value="/home/travis/pthla/certi-tools/share/federations" />
    <property name="env.TRAVIS_BUILD_ID" value="606984351" />
    <property name="env.PYENV_ROOT" value="/opt/pyenv" />
    <property name="env.TRAVIS_UID" value="2000" />
    <property name="prism.verbose" value="true" />
    <property name="env.NVM_BIN" value="/home/travis/.nvm/versions/node/v7.10.1/bin" />
    <property name="env.TRAVIS_COMMIT" value="4d8f235a1445b5e1cf53b20eaca7c153db736dc2" />
    <property name="env._system_arch" value="x86_64" />
    <property name="node.executable" value="node" />
    <property name="sun.boot.library.path" value="/usr/local/lib/jvm/openjdk11/lib" />
    <property name="sun.management.compiler" value="HotSpot 64-Bit Tiered Compilers" />
    <property name="java.awt.graphicsenv" value="sun.awt.X11GraphicsEnvironment" />
    <property name="env.GOPATH" value="/home/travis/gopath" />
    <property name="ptolemy.ptII.dir" value="/home/travis/build/icyphy/ptII" />
    <property name="env.USER" value="travis" />
    <property name="env.HISTFILESIZE" value="2000" />
    <property name="timeout.longest" value="19000000" />
    <property name="env.PERLBREW_SHELLRC_VERSION" value="0.86" />
    <property name="env.TRAVIS_STACK_FEATURES" value="basic couchdb disabled-ipv6 docker docker-compose elasticsearch firefox go-toolchain google-chrome jdk memcached mongodb mysql nodejs_interpreter perl_interpreter perlbrew phantomjs postgresql python_interpreter redis ruby_interpreter sqlite xserver" />
    <property name="env.TRAVIS_PULL_REQUEST" value="false" />
    <property name="env.PYENV_SHELL" value="bash" />
    <property name="ant.project.name" value="ptII" />
    <property name="env.ANSI_RESET" value="\033[0m" />
    <property name="java.vm.specification.version" value="11" />
    <property name="env.TRAVIS_DIST" value="xenial" />
    <property name="env.CERTI_VERSION" value="4.0.0" />
    <property name="env.CERTI_HOST" value="localhost" />
    <property name="awt.toolkit" value="sun.awt.X11.XToolkit" />
    <property name="env.MY_RUBY_HOME" value="/home/travis/.rvm/rubies/ruby-2.5.3" />
    <property name="sun.cpu.isalist" value="" />
    <property name="env.TRAVIS_TMPDIR" value="/tmp/tmp.K3ahcmECfB" />
    <property name="java.vm.compressedOopsMode" value="Zero based" />
    <property name="os.version" value="4.15.0-1028-gcp" />
    <property name="user.home" value="/home/travis" />
    <property name="java.vm.vendor" value="Oracle Corporation" />
    <property name="env.TRAVIS_TAG" value="nightly" />
    <property name="env.ANSI_YELLOW" value="\033[33;1m" />
    <property name="env.TRAVIS_FILTERED" value="redirect_io" />
    <property name="env.ANSI_GREEN" value="\033[32;1m" />
    <property name="env.JAVA_HOME" value="/usr/local/lib/jvm/openjdk11" />
    <property name="javadoc.excludepackagenames" value="adm.cvs2svn.*,build.*,config.*,doc.coding.templates.*,jni.test.jni.meaningOfLife.*,jni.test.jni.testDeux.*,jni.test.jni.testTrois.*,org.terraswarm.accessor.accessors.web.node_modules.*,org.terraswarm.accessor.accessors.web.hosts.cordova.demo.*,org.terraswarm.accessor.accessors.web.hosts.cordova.plugins.*,org.terraswarm.accessor.accessors-svn.*,pt-modules.*,ptolemy.apps.agilent.*,ptolemy.apps.anytimecontrol.*,ptolemy.apps.apes.*,ptolemy.apps.charon.*,ptolemy.apps.crazyboard.*,ptolemy.apps.eclipse.*,ptolemy.apps.etherealSting.*,ptolemy.apps.fullscreen.*,ptolemy.apps.giotto.*,ptolemy.apps.ia.*,ptolemy.apps.interfaces.*,ptolemy.apps.jmf.*,ptolemy.apps.kurt.*,ptolemy.apps.kvm.*,ptolemy.apps.lego.*,ptolemy.apps.lejos.*,ptolemy.apps.midp.*,ptolemy.apps.mobileCoding.*,ptolemy.apps.pendulum.*,ptolemy.apps.rijndael.*,ptolemy.apps.robot.*,ptolemy.apps.security.*,ptolemy.apps.sobel.*,ptolemy.apps.soot.*,ptolemy.apps.throttle.*,ptolemy.apps.tini.*,ptolemy.apps.transmission.*,ptolemy.apps.vergil.*,ptolemy.apps.waba.*,ptolemy.apps.websensor.*,ptolemy.apps.webstart.*,ptolemy.apps.xsl.*,ptolemy.apps.zaurus.*,ptolemy.codegen.c.actor.lib.oldJavaFiles.*,ptolemy.codegen.dsp.lib.*,ptolemy.codegen.kernel.newInterfaces.*,ptolemy.codegen.lib.*,ptolemy.copernicus.kernel.fragment.*,ptolemy.copernicus.shallow.cg.*,ptolemy.domains.giotto.demo.Hierarchy.Hierarchy.*,ptolemy.domains.giotto.demo.Multimode.Multimode.*,ptolemy.domains.giotto.demo.Simple.Simple.*,ptolemy.domains.gr.lib.experimental.*,ptolemy.domains.gro.*,ptolemy.domains.pdf.*,ptolemy.domains.ptinyos.demo.Surge.output.*,ptolemy.moml.test.NoPackageActor.java*,ptolemy.plot.adm.*,ptolemy.plot.servlet.*,reports.*,signed.*,src.*,target.*,vendors.*,ptolemy.copernicus.applet.*,ptolemy.media.viewer.*,ptolemy.actor.corba.*,doc.doclets.*,ptolemy.apps.eclipse.awt.*,ptolemy.backtrack.*,ptolemy.backtrack.ast.*,ptolemy.cg.adapter.generic.program.procedural.c.mbed*,ptolemy.homer.*,ptolemy.actor.lib.jai.*,org.ptolemy.scala.*,diva.util.java2d.svg.*,ptolemy.domains.ptinyos.*,ptolemy.actor.lib.fmi.fmipp.*,,org.terraswarm.accessor.accessors.web.node_modules.*,org.terraswarm.accessor.accessors-svn,ptolemy.apps.*,ptolemy.actor.ptalon.demo.ptinyos.SendAndReceiveCnt.output,ptolemy.actor.ptalon.demo.ptinyos.SenseToLeds.output,ptolemy.domains.ptinyos.demo.CntToLedsAndRfm.output,ptolemy.domains.ptinyos.demo.RfmToLeds.output,ptolemy.domains.ptinyos.demo.SendAndReceiveCnt.output,ptolemy.domains.ptinyos.demo.SenseToLeds.output,ptolemy.actor.lib.jjs.modules.udpSocket.*" />
    <property name="env.PTII" value="/home/travis/build/icyphy/ptII" />
    <property name="env.XDG_SESSION_ID" value="2" />
    <property name="keystore" value="ptKeystore" />
    <property name="env.TRAVIS_COMMIT_MESSAGE" value="Updated occupancy" />
    <property name="junit.output.dir" value="/home/travis/build/icyphy/ptII/reports/junit" />
    <property name="npm.return.code" value="0" />
    <property name="user.dir" value="/home/travis/build/icyphy/ptII/ptolemy/actor/lib/test" />
    <property name="env.TRAVIS_NODE_VERSION" value="7" />
    <property name="env.TRAVIS_EVENT_TYPE" value="cron" />
    <property name="env.MAIL" value="/var/mail/travis" />
    <property name="env.PERLBREW_ROOT" value="/home/travis/perl5/perlbrew" />
    <property name="env.PWD" value="/home/travis/build/icyphy/ptII" />
    <property name="timeout.npm" value="45000" />
    <property name="env.TRAVIS_ARCH" value="amd64" />
    <property name="sun.cpu.endian" value="little" />
    <property name="env.PAGER" value="cat" />
    <property name="env.TRAVIS_BUILD_STAGE_NAME" value="Test" />
    <property name="env.PERLBREW_HOME" value="/home/travis/.perlbrew" />
    <property name="java.vm.version" value="11.0.2+9" />
    <property name="env.RAILS_ENV" value="test" />
    <property name="java.class.path" value="/home/travis/.ptolemyII:/home/travis/.ptolemyII/*:/home/travis/build/icyphy/ptII:/home/travis/build/icyphy/ptII/lib/bsh-2.0b4.jar:/home/travis/build/icyphy/ptII/lib/ptCal.jar:/home/travis/build/icyphy/ptII/lib/java_cup.jar:/home/travis/build/icyphy/ptII/lib/saxon8.jar:/home/travis/build/icyphy/ptII/lib/saxon8-dom.jar:/home/travis/build/icyphy/ptII/lib/chic.jar:/home/travis/build/icyphy/ptII/lib/ptcolt.jar:/home/travis/build/icyphy/ptII/vendors/misc/itext/iText.jar:/home/travis/build/icyphy/ptII/lib/g4ltl.jar:/home/travis/build/icyphy/ptII/lib/StructuralCoder.jar:/home/travis/build/icyphy/ptII/lib/jcerti.jar:/home/travis/build/icyphy/ptII/lib/javax.mail.jar:/home/travis/build/icyphy/ptII/vendors/JMF-2.1.1e/lib/jmf.jar:/home/travis/build/icyphy/ptII/lib/jna-4.0.0-variadic.jar:/home/travis/build/icyphy/ptII/vendors/misc/joystick/Joystick.jar:/home/travis/build/icyphy/ptII/lib/ptjacl.jar:/home/travis/build/icyphy/ptII/lib/jsoup-1.8.2.jar:/home/travis/build/icyphy/ptII/lib/junit-4.8.2.jar:/home/travis/build/icyphy/ptII/lib/JUnitParams-0.4.0.jar:/home/travis/build/icyphy/ptII/ptolemy/actor/lib/excel/jxl.jar:/home/travis/build/icyphy/ptII/lib/jython.jar:/home/travis/build/icyphy/ptII/lib/kieler.jar:/home/travis/build/icyphy/ptII/vendors/opencv/share/OpenCV/java/opencv-341.jar:/home/travis/build/icyphy/ptII/lib/oscP5.jar:/home/travis/build/icyphy/ptII/lib/nrjavaserial-3.11.0.devel.jar:/home/travis/build/icyphy/ptII/vendors/j3d/lib/Linux/j3dcore.jar:/home/travis/build/icyphy/ptII/vendors/j3d/lib/Linux/j3dutils.jar:/home/travis/build/icyphy/ptII/vendors/j3d/lib/Linux/vecmath.jar:/home/travis/build/icyphy/ptII/vendors/jogl/lib/Linux/gluegen-rt-natives-linux-amd64.jar:/home/travis/build/icyphy/ptII/vendors/jogl/lib/Linux/gluegen-rt.jar:/home/travis/build/icyphy/ptII/vendors/jogl/lib/Linux/jogl-all-natives-linux-amd64.jar:/home/travis/build/icyphy/ptII/vendors/jogl/lib/Linux/jogl-all.jar:/home/travis/build/icyphy/ptII/ptolemy/distributed/jini/jar/jini-core.jar:/home/travis/build/icyphy/ptII/ptolemy/distributed/jini/jar/jini-ext.jar:/home/travis/build/icyphy/ptII/ptolemy/distributed/jini/jar/sun-util.jar:/home/travis/build/icyphy/ptII/lib/protobuf-java-2.4.1.jar:/home/travis/build/icyphy/ptII/lib/org.eclipse.paho.client.mqttv3.jar:/home/travis/build/icyphy/ptII/lib/mapss.jar:/home/travis/build/icyphy/ptII/ptolemy/actor/ptalon/antlr/antlr.jar:/home/travis/build/icyphy/ptII/lib/JRI.jar:/home/travis/build/icyphy/ptII/lib/commons-lang-2.6.jar:/home/travis/build/icyphy/ptII/lib/commons-logging-1.1.1.jar:/home/travis/build/icyphy/ptII/lib/sootclasses.jar:/home/travis/build/icyphy/ptII/ptolemy/actor/lib/database/mysql-connector-java-5.1.6-bin.jar:/home/travis/build/icyphy/ptII/vendors/misc/sphinx4/sphinx4-data-5prealpha.jar:/home/travis/build/icyphy/ptII/vendors/misc/sphinx4/sphinx4-core-5prealpha.jar:/home/travis/build/icyphy/ptII/lib/PDFRenderer.jar:/home/travis/build/icyphy/ptII/lib/svgSalamander.jar:/home/travis/build/icyphy/ptII/lib/rsyntaxtextarea-2.6.0-SNAPSHOT.jar:/home/travis/build/icyphy/ptII/lib/hazelcast-3.8.2.jar:/home/travis/build/icyphy/ptII/lib/jackson-annotations-2.9.0.jar:/home/travis/build/icyphy/ptII/lib/jackson-core-2.9.3.jar:/home/travis/build/icyphy/ptII/lib/jackson-databind-2.9.3.jar:/home/travis/build/icyphy/ptII/lib/netty-buffer-4.1.19.Final.jar:/home/travis/build/icyphy/ptII/lib/netty-codec-4.1.19.Final.jar:/home/travis/build/icyphy/ptII/lib/netty-codec-dns-4.1.19.Final.jar:/home/travis/build/icyphy/ptII/lib/netty-codec-http-4.1.19.Final.jar:/home/travis/build/icyphy/ptII/lib/netty-codec-http2-4.1.19.Final.jar:/home/travis/build/icyphy/ptII/lib/netty-common-4.1.19.Final.jar:/home/travis/build/icyphy/ptII/lib/netty-handler-4.1.19.Final.jar:/home/travis/build/icyphy/ptII/lib/netty-resolver-4.1.19.Final.jar:/home/travis/build/icyphy/ptII/lib/netty-resolver-dns-4.1.19.Final.jar:/home/travis/build/icyphy/ptII/lib/netty-transport-4.1.19.Final.jar:/home/travis/build/icyphy/ptII/lib/vertx-codegen-3.5.1.jar:/home/travis/build/icyphy/ptII/lib/vertx-core-3.5.2-SNAPSHOT.jar:/home/travis/build/icyphy/ptII/lib/vertx-hazelcast-3.5.1.jar:/home/travis/build/icyphy/ptII/lib/vertx-lang-js-3.5.1.jar:/home/travis/build/icyphy/ptII/lib/vertx-service-proxy-3.5.1.jar:/home/travis/build/icyphy/ptII/lib/vertx-web-3.5.1.jar:/home/travis/build/icyphy/ptII/lib/slf4j-api-1.7.13.jar:/home/travis/build/icyphy/ptII/lib/slf4j-simple-1.7.13.jar:/home/travis/build/icyphy/ptII/lib/webcam-capture-0.3.12.jar:/home/travis/build/icyphy/ptII/lib/bridj-0.7.0.jar:/home/travis/build/icyphy/ptII/lib/xbjlib-1.1.0.nrjavaserial.jar:/home/travis/build/icyphy/ptII/ptolemy/moml/test:/home/travis/build/icyphy/ptII/ant/lib/ant-launcher.jar:/home/travis/build/icyphy/ptII/ant/lib/ant.jar:/home/travis/build/icyphy/ptII/ant/lib/ant-junit.jar:/home/travis/build/icyphy/ptII/ant/lib/ant-junit4.jar" />
    <property name="ant.library.dir" value="/home/travis/build/icyphy/ptII/ant/lib" />
    <property name="os.arch" value="amd64" />
    <property name="env.CONTINUOUS_INTEGRATION" value="true" />
    <property name="env.TRAVIS_LANGUAGE" value="node_js" />
    <property name="env.TRAVIS_STACK_LANGUAGES" value="__sardonyx__ c c++ clojure cplusplus cpp default generic go groovy java node_js php pure_java python ruby scala" />
    <property name="test.name" value="ptolemy.actor.lib.test.junit.JUnitTclTest" />
    <property name="env.APT_KEY_DONT_WARN_ON_DANGEROUS_USAGE" value="1" />
    <property name="sun.java.launcher" value="SUN_STANDARD" />
    <property name="env.PYTHON_CONFIGURE_OPTS" value="--enable-unicode=ucs4 --with-wide-unicode --enable-shared --enable-ipv6 --enable-loadable-sqlite-extensions --with-computed-gotos" />
    <property name="ant.core.lib" value="/home/travis/build/icyphy/ptII/ant/lib/ant.jar" />
    <property name="java.vm.specification.vendor" value="Oracle Corporation" />
    <property name="env.BCVTB_HOME" value="/home/travis/build/icyphy/ptII/lbnl" />
    <property name="file.separator" value="/" />
    <property name="spotbugs.home" value="/home/travis/build/icyphy/ptII/vendors/spotbugs-3.1.1" />
    <property name="java.runtime.version" value="11.0.2+9" />
    <property name="env.ANSI_CLEAR" value="\033[0K" />
    <property name="javafx.verbose" value="true" />
    <property name="env.HAS_JOSH_K_SEAL_OF_APPROVAL" value="true" />
    <property name="env.XDG_RUNTIME_DIR" value="/run/user/2000" />
    <property name="env.TRAVIS_OSX_IMAGE" value="" />
    <property name="env.TRAVIS_JOB_ID" value="606984359" />
    <property name="env.TRAVIS_BRANCH" value="master" />
    <property name="user.country" value="US" />
    <property name="env.CERTI_HOME_TRAVIS" value="/home/travis/pthla/certi-tools" />
    <property name="env.SHELL" value="/bin/bash" />
    <property name="java.maxmemory.large" value="3200m" />
    <property name="model" value="" />
    <property name="env.CASHER_DIR" value="/home/travis/.casher" />
    <property name="env.NVM_CD_FLAGS" value="" />
    <property name="java.vendor.version" value="18.9" />
    <property name="jshint.executable" value="/home/travis/node_modules/jshint/bin/jshint" />
    <property name="env.JRUBY_OPTS" value=" --client -J-XX:+TieredCompilation -J-XX:TieredStopAtLevel=1 -J-Xss2m -Xcompile.invokedynamic=false" />
    <property name="java.vendor" value="Oracle Corporation" />
    <property name="env.TRAVIS_PRE_CHEF_BOOTSTRAP_TIME" value="2019-03-25T16:16:42" />
    <property name="env.TRAVIS_STACK_JOB_BOARD_REGISTER" value="/.job-board-register.yml" />
    <property name="env.ANSI_RED" value="\033[31;1m" />
    <property name="java.specification.version" value="11" />
    <property name="env.IRBRC" value="/home/travis/.rvm/rubies/ruby-2.5.3/.irbrc" />
    <property name="env.TRAVIS" value="true" />
    <property name="sun.arch.data.model" value="64" />
  </properties>
  <testcase classname="ptolemy.util.test.junit.TclTests" name="[0] /home/travis/build/icyphy/ptII/ptolemy/actor/lib/test/AbsoluteValue.tcl (RunTclFile)" time="0.509" />
  <testcase classname="ptolemy.util.test.junit.TclTests" name="[1] /home/travis/build/icyphy/ptII/ptolemy/actor/lib/test/AddSubtract.tcl (RunTclFile)" time="0.214" />
  <testcase classname="ptolemy.util.test.junit.TclTests" name="[2] /home/travis/build/icyphy/ptII/ptolemy/actor/lib/test/Average.tcl (RunTclFile)" time="0.068" />
  <testcase classname="ptolemy.util.test.junit.TclTests" name="[3] /home/travis/build/icyphy/ptII/ptolemy/actor/lib/test/Bernoulli.tcl (RunTclFile)" time="0.045" />
  <testcase classname="ptolemy.util.test.junit.TclTests" name="[4] /home/travis/build/icyphy/ptII/ptolemy/actor/lib/test/Clock.tcl (RunTclFile)" time="0.139" />
  <testcase classname="ptolemy.util.test.junit.TclTests" name="[5] /home/travis/build/icyphy/ptII/ptolemy/actor/lib/test/Commutator.tcl (RunTclFile)" time="0.173" />
  <testcase classname="ptolemy.util.test.junit.TclTests" name="[6] /home/travis/build/icyphy/ptII/ptolemy/actor/lib/test/Const.tcl (RunTclFile)" time="0.13" />
  <testcase classname="ptolemy.util.test.junit.TclTests" name="[7] /home/travis/build/icyphy/ptII/ptolemy/actor/lib/test/CurrentTime.tcl (RunTclFile)" time="0.035" />
  <testcase classname="ptolemy.util.test.junit.TclTests" name="[8] /home/travis/build/icyphy/ptII/ptolemy/actor/lib/test/DB.tcl (RunTclFile)" time="0.066" />
  <testcase classname="ptolemy.util.test.junit.TclTests" name="[9] /home/travis/build/icyphy/ptII/ptolemy/actor/lib/test/DiscreteRandomSource.tcl (RunTclFile)" time="0.046" />
  <testcase classname="ptolemy.util.test.junit.TclTests" name="[10] /home/travis/build/icyphy/ptII/ptolemy/actor/lib/test/Distributor.tcl (RunTclFile)" time="0.046" />
  <testcase classname="ptolemy.util.test.junit.TclTests" name="[11] /home/travis/build/icyphy/ptII/ptolemy/actor/lib/test/Exit.tcl (RunTclFile)" time="0.085" />
  <testcase classname="ptolemy.util.test.junit.TclTests" name="[12] /home/travis/build/icyphy/ptII/ptolemy/actor/lib/test/Expression.tcl (RunTclFile)" time="0.117" />
  <testcase classname="ptolemy.util.test.junit.TclTests" name="[13] /home/travis/build/icyphy/ptII/ptolemy/actor/lib/test/Gaussian.tcl (RunTclFile)" time="0.698" />
  <testcase classname="ptolemy.util.test.junit.TclTests" name="[14] /home/travis/build/icyphy/ptII/ptolemy/actor/lib/test/IIR.tcl (RunTclFile)" time="0.033" />
  <testcase classname="ptolemy.util.test.junit.TclTests" name="[15] /home/travis/build/icyphy/ptII/ptolemy/actor/lib/test/Interpolator.tcl (RunTclFile)" time="0.046" />
  <testcase classname="ptolemy.util.test.junit.TclTests" name="[16] /home/travis/build/icyphy/ptII/ptolemy/actor/lib/test/MathFunction.tcl (RunTclFile)" time="0.075" />
  <testcase classname="ptolemy.util.test.junit.TclTests" name="[17] /home/travis/build/icyphy/ptII/ptolemy/actor/lib/test/Maximum.tcl (RunTclFile)" time="0.046" />
  <testcase classname="ptolemy.util.test.junit.TclTests" name="[18] /home/travis/build/icyphy/ptII/ptolemy/actor/lib/test/Minimum.tcl (RunTclFile)" time="0.026" />
  <testcase classname="ptolemy.util.test.junit.TclTests" name="[19] /home/travis/build/icyphy/ptII/ptolemy/actor/lib/test/MultiplyDivide.tcl (RunTclFile)" time="0.022" />
  <testcase classname="ptolemy.util.test.junit.TclTests" name="[20] /home/travis/build/icyphy/ptII/ptolemy/actor/lib/test/OrderedMerge.tcl (RunTclFile)" time="0.095" />
  <testcase classname="ptolemy.util.test.junit.TclTests" name="[21] /home/travis/build/icyphy/ptII/ptolemy/actor/lib/test/Publisher.tcl (RunTclFile)" time="0.934" />
  <testcase classname="ptolemy.util.test.junit.TclTests" name="[22] /home/travis/build/icyphy/ptII/ptolemy/actor/lib/test/Pulse.tcl (RunTclFile)" time="0.073" />
  <testcase classname="ptolemy.util.test.junit.TclTests" name="[23] /home/travis/build/icyphy/ptII/ptolemy/actor/lib/test/Ramp.tcl (RunTclFile)" time="2.15" />
  <testcase classname="ptolemy.util.test.junit.TclTests" name="[24] /home/travis/build/icyphy/ptII/ptolemy/actor/lib/test/RampContinuous.tcl (RunTclFile)" time="0.021" />
  <testcase classname="ptolemy.util.test.junit.TclTests" name="[25] /home/travis/build/icyphy/ptII/ptolemy/actor/lib/test/RecordAssembler.tcl (RunTclFile)" time="0.016" />
  <testcase classname="ptolemy.util.test.junit.TclTests" name="[26] /home/travis/build/icyphy/ptII/ptolemy/actor/lib/test/RecordDisassembler.tcl (RunTclFile)" time="0.032" />
  <testcase classname="ptolemy.util.test.junit.TclTests" name="[27] /home/travis/build/icyphy/ptII/ptolemy/actor/lib/test/Scale.tcl (RunTclFile)" time="0.027" />
  <testcase classname="ptolemy.util.test.junit.TclTests" name="[28] /home/travis/build/icyphy/ptII/ptolemy/actor/lib/test/SequentialClock.tcl (RunTclFile)" time="0.016" />
  <testcase classname="ptolemy.util.test.junit.TclTests" name="[29] /home/travis/build/icyphy/ptII/ptolemy/actor/lib/test/SetVariable.tcl (RunTclFile)" time="0.025">
    <failure message="Number of failed tests is has increased. expected:&lt;0&gt; but was:&lt;1&gt;" type="junit.framework.AssertionFailedError">junit.framework.AssertionFailedError: Number of failed tests is has increased. expected:&lt;0&gt; but was:&lt;1&gt;
	at ptolemy.util.test.junit.TclTests.RunTclFile(TclTests.java:286)
	at jdk.internal.reflect.GeneratedMethodAccessor19.invoke(Unknown Source)
	at java.base/jdk.internal.reflect.DelegatingMethodAccessorImpl.invoke(DelegatingMethodAccessorImpl.java:43)
	at junitparams.internal.InvokeParameterisedMethod.evaluate(InvokeParameterisedMethod.java:102)
	at junitparams.internal.ParameterisedTestMethodRunner.runMethodInvoker(ParameterisedTestMethodRunner.java:47)
	at junitparams.internal.ParameterisedTestMethodRunner.runTestMethod(ParameterisedTestMethodRunner.java:41)
	at junitparams.internal.ParameterisedTestClassRunner.runParameterisedTest(ParameterisedTestClassRunner.java:143)
	at junitparams.JUnitParamsRunner.runChild(JUnitParamsRunner.java:237)
	at junitparams.JUnitParamsRunner.runChild(JUnitParamsRunner.java:215)
</failure>
  </testcase>
  <testcase classname="ptolemy.util.test.junit.TclTests" name="[30] /home/travis/build/icyphy/ptII/ptolemy/actor/lib/test/Sinewave.tcl (RunTclFile)" time="0.049" />
  <testcase classname="ptolemy.util.test.junit.TclTests" name="[31] /home/travis/build/icyphy/ptII/ptolemy/actor/lib/test/SubscriptionAggregator.tcl (RunTclFile)" time="2.397" />
  <testcase classname="ptolemy.util.test.junit.TclTests" name="[32] /home/travis/build/icyphy/ptII/ptolemy/actor/lib/test/Test.tcl (RunTclFile)" time="0.152" />
  <testcase classname="ptolemy.util.test.junit.TclTests" name="[33] /home/travis/build/icyphy/ptII/ptolemy/actor/lib/test/TestExceptionHandler.tcl (RunTclFile)" time="0.017" />
  <testcase classname="ptolemy.util.test.junit.TclTests" name="[34] /home/travis/build/icyphy/ptII/ptolemy/actor/lib/test/UnionDisassembler.tcl (RunTclFile)" time="0.095" />
  <testcase classname="ptolemy.util.test.junit.TclTests" name="[35] /home/travis/build/icyphy/ptII/ptolemy/actor/lib/test/VariableClock.tcl (RunTclFile)" time="0.035" />
  <testcase classname="ptolemy.util.test.junit.AutoKnownFailedTests" name="[0] /home/travis/build/icyphy/ptII/ptolemy/actor/lib/test/auto/knownFailedTests/PublisherPortToplevelSubscriber.xml (RunModel)" time="0.03" />
  <testcase classname="ptolemy.util.test.junit.AutoKnownFailedTests" name="[1] /home/travis/build/icyphy/ptII/ptolemy/actor/lib/test/auto/knownFailedTests/PublisherSubscriberPortToplevel.xml (RunModel)" time="0.021" />
  <testcase classname="ptolemy.util.test.junit.AutoKnownFailedTests" name="[2] /home/travis/build/icyphy/ptII/ptolemy/actor/lib/test/auto/knownFailedTests/PublisherSubscriptionAggregatorPort.xml (RunModel)" time="0.028" />
  <testcase classname="ptolemy.util.test.junit.AutoKnownFailedTests" name="[3] /home/travis/build/icyphy/ptII/ptolemy/actor/lib/test/auto/knownFailedTests/sizedarray3.xml (RunModel)" time="0.032" />
  <testcase classname="ptolemy.util.test.junit.AutoNameArchTests" name="[0] ThereAreNoAutoArchTests (RunModel)" time="0.011" />
  <testcase classname="ptolemy.util.test.junit.AutoTests" name="[0] /home/travis/build/icyphy/ptII/ptolemy/actor/lib/test/auto/AbsoluteValue.xml (RunModel)" time="0.107" />
  <testcase classname="ptolemy.util.test.junit.AutoTests" name="[1] /home/travis/build/icyphy/ptII/ptolemy/actor/lib/test/auto/AbsoluteValue2.xml (RunModel)" time="0.056" />
  <testcase classname="ptolemy.util.test.junit.AutoTests" name="[2] /home/travis/build/icyphy/ptII/ptolemy/actor/lib/test/auto/Accumulator.xml (RunModel)" time="0.065" />
  <testcase classname="ptolemy.util.test.junit.AutoTests" name="[3] /home/travis/build/icyphy/ptII/ptolemy/actor/lib/test/auto/Accumulator2.xml (RunModel)" time="0.024" />
  <testcase classname="ptolemy.util.test.junit.AutoTests" name="[4] /home/travis/build/icyphy/ptII/ptolemy/actor/lib/test/auto/Accumulator3.xml (RunModel)" time="0.012" />
  <testcase classname="ptolemy.util.test.junit.AutoTests" name="[5] /home/travis/build/icyphy/ptII/ptolemy/actor/lib/test/auto/ArrayAppend.xml (RunModel)" time="0.026" />
  <testcase classname="ptolemy.util.test.junit.AutoTests" name="[6] /home/travis/build/icyphy/ptII/ptolemy/actor/lib/test/auto/ArrayAppend2.xml (RunModel)" time="0.467" />
  <testcase classname="ptolemy.util.test.junit.AutoTests" name="[7] /home/travis/build/icyphy/ptII/ptolemy/actor/lib/test/auto/ArrayAppend3.xml (RunModel)" time="0.051" />
  <testcase classname="ptolemy.util.test.junit.AutoTests" name="[8] /home/travis/build/icyphy/ptII/ptolemy/actor/lib/test/auto/ArrayAppend4.xml (RunModel)" time="0.04" />
  <testcase classname="ptolemy.util.test.junit.AutoTests" name="[9] /home/travis/build/icyphy/ptII/ptolemy/actor/lib/test/auto/ArrayAppend5.xml (RunModel)" time="0.016" />
  <testcase classname="ptolemy.util.test.junit.AutoTests" name="[10] /home/travis/build/icyphy/ptII/ptolemy/actor/lib/test/auto/ArrayAppend6.xml (RunModel)" time="0.035" />
  <testcase classname="ptolemy.util.test.junit.AutoTests" name="[11] /home/travis/build/icyphy/ptII/ptolemy/actor/lib/test/auto/ArrayAppendPerformanceTest.xml (RunModel)" time="0.105" />
  <testcase classname="ptolemy.util.test.junit.AutoTests" name="[12] /home/travis/build/icyphy/ptII/ptolemy/actor/lib/test/auto/ArrayAppendWithEmptyInput.xml (RunModel)" time="0.048" />
  <testcase classname="ptolemy.util.test.junit.AutoTests" name="[13] /home/travis/build/icyphy/ptII/ptolemy/actor/lib/test/auto/ArrayAverage.xml (RunModel)" time="0.08" />
  <testcase classname="ptolemy.util.test.junit.AutoTests" name="[14] /home/travis/build/icyphy/ptII/ptolemy/actor/lib/test/auto/ArrayContains.xml (RunModel)" time="0.043" />
  <testcase classname="ptolemy.util.test.junit.AutoTests" name="[15] /home/travis/build/icyphy/ptII/ptolemy/actor/lib/test/auto/ArrayElement.xml (RunModel)" time="0.042" />
  <testcase classname="ptolemy.util.test.junit.AutoTests" name="[16] /home/travis/build/icyphy/ptII/ptolemy/actor/lib/test/auto/ArrayElementAsMatrix.xml (RunModel)" time="0.069" />
  <testcase classname="ptolemy.util.test.junit.AutoTests" name="[17] /home/travis/build/icyphy/ptII/ptolemy/actor/lib/test/auto/ArrayElementI.xml (RunModel)" time="0.018" />
  <testcase classname="ptolemy.util.test.junit.AutoTests" name="[18] /home/travis/build/icyphy/ptII/ptolemy/actor/lib/test/auto/ArrayExtract.xml (RunModel)" time="0.051" />
  <testcase classname="ptolemy.util.test.junit.AutoTests" name="[19] /home/travis/build/icyphy/ptII/ptolemy/actor/lib/test/auto/ArrayExtract2.xml (RunModel)" time="0.157" />
  <testcase classname="ptolemy.util.test.junit.AutoTests" name="[20] /home/travis/build/icyphy/ptII/ptolemy/actor/lib/test/auto/ArrayLength.xml (RunModel)" time="0.016" />
  <testcase classname="ptolemy.util.test.junit.AutoTests" name="[21] /home/travis/build/icyphy/ptII/ptolemy/actor/lib/test/auto/ArrayLevelCrossing.xml (RunModel)" time="0.03" />
  <testcase classname="ptolemy.util.test.junit.AutoTests" name="[22] /home/travis/build/icyphy/ptII/ptolemy/actor/lib/test/auto/ArrayLevelCrossing2.xml (RunModel)" time="0.024" />
  <testcase classname="ptolemy.util.test.junit.AutoTests" name="[23] /home/travis/build/icyphy/ptII/ptolemy/actor/lib/test/auto/ArrayPeakSearch.xml (RunModel)" time="0.031" />
  <testcase classname="ptolemy.util.test.junit.AutoTests" name="[24] /home/travis/build/icyphy/ptII/ptolemy/actor/lib/test/auto/ArrayPeakSearch2.xml (RunModel)" time="0.047" />
  <testcase classname="ptolemy.util.test.junit.AutoTests" name="[25] /home/travis/build/icyphy/ptII/ptolemy/actor/lib/test/auto/ArrayPeakSearch3.xml (RunModel)" time="0.037" />
  <testcase classname="ptolemy.util.test.junit.AutoTests" name="[26] /home/travis/build/icyphy/ptII/ptolemy/actor/lib/test/auto/ArrayRemoveElement.xml (RunModel)" time="0.039" />
  <testcase classname="ptolemy.util.test.junit.AutoTests" name="[27] /home/travis/build/icyphy/ptII/ptolemy/actor/lib/test/auto/ArraySort.xml (RunModel)" time="0.031" />
  <testcase classname="ptolemy.util.test.junit.AutoTests" name="[28] /home/travis/build/icyphy/ptII/ptolemy/actor/lib/test/auto/ArraySum.xml (RunModel)" time="0.017" />
  <testcase classname="ptolemy.util.test.junit.AutoTests" name="[29] /home/travis/build/icyphy/ptII/ptolemy/actor/lib/test/auto/ArrayToElements.xml (RunModel)" time="0.026" />
  <testcase classname="ptolemy.util.test.junit.AutoTests" name="[30] /home/travis/build/icyphy/ptII/ptolemy/actor/lib/test/auto/ArrayToMatrix.xml (RunModel)" time="0.055" />
  <testcase classname="ptolemy.util.test.junit.AutoTests" name="[31] /home/travis/build/icyphy/ptII/ptolemy/actor/lib/test/auto/ArrayUpdate1.xml (RunModel)" time="0.021" />
  <testcase classname="ptolemy.util.test.junit.AutoTests" name="[32] /home/travis/build/icyphy/ptII/ptolemy/actor/lib/test/auto/ArrayUpdate2.xml (RunModel)" time="0.02" />
  <testcase classname="ptolemy.util.test.junit.AutoTests" name="[33] /home/travis/build/icyphy/ptII/ptolemy/actor/lib/test/auto/ArrayUpdate3.xml (RunModel)" time="0.015" />
  <testcase classname="ptolemy.util.test.junit.AutoTests" name="[34] /home/travis/build/icyphy/ptII/ptolemy/actor/lib/test/auto/Assert1.xml (RunModel)" time="0.028" />
  <testcase classname="ptolemy.util.test.junit.AutoTests" name="[35] /home/travis/build/icyphy/ptII/ptolemy/actor/lib/test/auto/Assert2.xml (RunModel)" time="0.021" />
  <testcase classname="ptolemy.util.test.junit.AutoTests" name="[36] /home/travis/build/icyphy/ptII/ptolemy/actor/lib/test/auto/BooleanMultiplexor.xml (RunModel)" time="0.023" />
  <testcase classname="ptolemy.util.test.junit.AutoTests" name="[37] /home/travis/build/icyphy/ptII/ptolemy/actor/lib/test/auto/BooleanMultiplexor2.xml (RunModel)" time="0.027" />
  <testcase classname="ptolemy.util.test.junit.AutoTests" name="[38] /home/travis/build/icyphy/ptII/ptolemy/actor/lib/test/auto/BooleanMultiplexor3.xml (RunModel)" time="0.017" />
  <testcase classname="ptolemy.util.test.junit.AutoTests" name="[39] /home/travis/build/icyphy/ptII/ptolemy/actor/lib/test/auto/BooleanSelect.xml (RunModel)" time="0.025" />
  <testcase classname="ptolemy.util.test.junit.AutoTests" name="[40] /home/travis/build/icyphy/ptII/ptolemy/actor/lib/test/auto/BooleanSelect2.xml (RunModel)" time="0.017" />
  <testcase classname="ptolemy.util.test.junit.AutoTests" name="[41] /home/travis/build/icyphy/ptII/ptolemy/actor/lib/test/auto/BooleanSwitch.xml (RunModel)" time="0.022" />
  <testcase classname="ptolemy.util.test.junit.AutoTests" name="[42] /home/travis/build/icyphy/ptII/ptolemy/actor/lib/test/auto/BooleanSwitch2.xml (RunModel)" time="0.015" />
  <testcase classname="ptolemy.util.test.junit.AutoTests" name="[43] /home/travis/build/icyphy/ptII/ptolemy/actor/lib/test/auto/BooleanSwitchCloningBugWithClassRelationGroup.xml (RunModel)" time="0.024" />
  <testcase classname="ptolemy.util.test.junit.AutoTests" name="[44] /home/travis/build/icyphy/ptII/ptolemy/actor/lib/test/auto/BusActors.xml (RunModel)" time="0.031" />
  <testcase classname="ptolemy.util.test.junit.AutoTests" name="[45] /home/travis/build/icyphy/ptII/ptolemy/actor/lib/test/auto/ClassWrapper.xml (RunModel)" time="0.026" />
  <testcase classname="ptolemy.util.test.junit.AutoTests" name="[46] /home/travis/build/icyphy/ptII/ptolemy/actor/lib/test/auto/Clock.xml (RunModel)" time="0.014" />
  <testcase classname="ptolemy.util.test.junit.AutoTests" name="[47] /home/travis/build/icyphy/ptII/ptolemy/actor/lib/test/auto/Clock10.xml (RunModel)" time="0.018" />
  <testcase classname="ptolemy.util.test.junit.AutoTests" name="[48] /home/travis/build/icyphy/ptII/ptolemy/actor/lib/test/auto/Clock11.xml (RunModel)" time="0.018" />
  <testcase classname="ptolemy.util.test.junit.AutoTests" name="[49] /home/travis/build/icyphy/ptII/ptolemy/actor/lib/test/auto/Clock12.xml (RunModel)" time="0.029" />
  <testcase classname="ptolemy.util.test.junit.AutoTests" name="[50] /home/travis/build/icyphy/ptII/ptolemy/actor/lib/test/auto/Clock13.xml (RunModel)" time="0.021" />
  <testcase classname="ptolemy.util.test.junit.AutoTests" name="[51] /home/travis/build/icyphy/ptII/ptolemy/actor/lib/test/auto/Clock14.xml (RunModel)" time="0.022" />
  <testcase classname="ptolemy.util.test.junit.AutoTests" name="[52] /home/travis/build/icyphy/ptII/ptolemy/actor/lib/test/auto/Clock15.xml (RunModel)" time="0.041" />
  <testcase classname="ptolemy.util.test.junit.AutoTests" name="[53] /home/travis/build/icyphy/ptII/ptolemy/actor/lib/test/auto/Clock16.xml (RunModel)" time="0.112" />
  <testcase classname="ptolemy.util.test.junit.AutoTests" name="[54] /home/travis/build/icyphy/ptII/ptolemy/actor/lib/test/auto/Clock17.xml (RunModel)" time="0.073" />
  <testcase classname="ptolemy.util.test.junit.AutoTests" name="[55] /home/travis/build/icyphy/ptII/ptolemy/actor/lib/test/auto/Clock18.xml (RunModel)" time="0.042" />
  <testcase classname="ptolemy.util.test.junit.AutoTests" name="[56] /home/travis/build/icyphy/ptII/ptolemy/actor/lib/test/auto/Clock19.xml (RunModel)" time="0.038" />
  <testcase classname="ptolemy.util.test.junit.AutoTests" name="[57] /home/travis/build/icyphy/ptII/ptolemy/actor/lib/test/auto/Clock2.xml (RunModel)" time="0.011" />
  <testcase classname="ptolemy.util.test.junit.AutoTests" name="[58] /home/travis/build/icyphy/ptII/ptolemy/actor/lib/test/auto/Clock20.xml (RunModel)" time="0.018" />
  <testcase classname="ptolemy.util.test.junit.AutoTests" name="[59] /home/travis/build/icyphy/ptII/ptolemy/actor/lib/test/auto/Clock21.xml (RunModel)" time="0.023" />
  <testcase classname="ptolemy.util.test.junit.AutoTests" name="[60] /home/travis/build/icyphy/ptII/ptolemy/actor/lib/test/auto/Clock22.xml (RunModel)" time="0.015" />
  <testcase classname="ptolemy.util.test.junit.AutoTests" name="[61] /home/travis/build/icyphy/ptII/ptolemy/actor/lib/test/auto/Clock23.xml (RunModel)" time="0.016" />
  <testcase classname="ptolemy.util.test.junit.AutoTests" name="[62] /home/travis/build/icyphy/ptII/ptolemy/actor/lib/test/auto/Clock24.xml (RunModel)" time="0.014" />
  <testcase classname="ptolemy.util.test.junit.AutoTests" name="[63] /home/travis/build/icyphy/ptII/ptolemy/actor/lib/test/auto/Clock4.xml (RunModel)" time="0.01" />
  <testcase classname="ptolemy.util.test.junit.AutoTests" name="[64] /home/travis/build/icyphy/ptII/ptolemy/actor/lib/test/auto/Clock5.xml (RunModel)" time="0.011" />
  <testcase classname="ptolemy.util.test.junit.AutoTests" name="[65] /home/travis/build/icyphy/ptII/ptolemy/actor/lib/test/auto/Clock6.xml (RunModel)" time="0.01" />
  <testcase classname="ptolemy.util.test.junit.AutoTests" name="[66] /home/travis/build/icyphy/ptII/ptolemy/actor/lib/test/auto/Clock7.xml (RunModel)" time="0.01" />
  <testcase classname="ptolemy.util.test.junit.AutoTests" name="[67] /home/travis/build/icyphy/ptII/ptolemy/actor/lib/test/auto/Clock8.xml (RunModel)" time="0.015" />
  <testcase classname="ptolemy.util.test.junit.AutoTests" name="[68] /home/travis/build/icyphy/ptII/ptolemy/actor/lib/test/auto/Clock9.xml (RunModel)" time="0.016" />
  <testcase classname="ptolemy.util.test.junit.AutoTests" name="[69] /home/travis/build/icyphy/ptII/ptolemy/actor/lib/test/auto/CommDistDiscard.xml (RunModel)" time="0.023" />
  <testcase classname="ptolemy.util.test.junit.AutoTests" name="[70] /home/travis/build/icyphy/ptII/ptolemy/actor/lib/test/auto/Commutator.xml (RunModel)" time="0.018" />
  <testcase classname="ptolemy.util.test.junit.AutoTests" name="[71] /home/travis/build/icyphy/ptII/ptolemy/actor/lib/test/auto/Commutator2.xml (RunModel)" time="0.078" />
  <testcase classname="ptolemy.util.test.junit.AutoTests" name="[72] /home/travis/build/icyphy/ptII/ptolemy/actor/lib/test/auto/Commutator3.xml (RunModel)" time="0.016" />
  <testcase classname="ptolemy.util.test.junit.AutoTests" name="[73] /home/travis/build/icyphy/ptII/ptolemy/actor/lib/test/auto/Compare.xml (RunModel)" time="0.025" />
  <testcase classname="ptolemy.util.test.junit.AutoTests" name="[74] /home/travis/build/icyphy/ptII/ptolemy/actor/lib/test/auto/CompareDE.xml (RunModel)" time="0.022" />
  <testcase classname="ptolemy.util.test.junit.AutoTests" name="[75] /home/travis/build/icyphy/ptII/ptolemy/actor/lib/test/auto/ComplexDivide.xml (RunModel)" time="0.011" />
  <testcase classname="ptolemy.util.test.junit.AutoTests" name="[76] /home/travis/build/icyphy/ptII/ptolemy/actor/lib/test/auto/ComputeHistogram.xml (RunModel)" time="0.087" />
  <testcase classname="ptolemy.util.test.junit.AutoTests" name="[77] /home/travis/build/icyphy/ptII/ptolemy/actor/lib/test/auto/ConfigurationSelect.xml (RunModel)" time="0.027" />
  <testcase classname="ptolemy.util.test.junit.AutoTests" name="[78] /home/travis/build/icyphy/ptII/ptolemy/actor/lib/test/auto/ConfigurationSelect2.xml (RunModel)" time="0.019" />
  <testcase classname="ptolemy.util.test.junit.AutoTests" name="[79] /home/travis/build/icyphy/ptII/ptolemy/actor/lib/test/auto/ConfigurationSwitch.xml (RunModel)" time="0.026" />
  <testcase classname="ptolemy.util.test.junit.AutoTests" name="[80] /home/travis/build/icyphy/ptII/ptolemy/actor/lib/test/auto/ConfigurationSwitch2.xml (RunModel)" time="0.033" />
  <testcase classname="ptolemy.util.test.junit.AutoTests" name="[81] /home/travis/build/icyphy/ptII/ptolemy/actor/lib/test/auto/ConfigurationSwitchCloningBugWithClassRelationGroup.xml (RunModel)" time="0.022" />
  <testcase classname="ptolemy.util.test.junit.AutoTests" name="[82] /home/travis/build/icyphy/ptII/ptolemy/actor/lib/test/auto/ConfigurationSwitchSelectSDF.xml (RunModel)" time="0.016" />
  <testcase classname="ptolemy.util.test.junit.AutoTests" name="[83] /home/travis/build/icyphy/ptII/ptolemy/actor/lib/test/auto/ConfigurationSwitchSelectSDF2.xml (RunModel)" time="0.018" />
  <testcase classname="ptolemy.util.test.junit.AutoTests" name="[84] /home/travis/build/icyphy/ptII/ptolemy/actor/lib/test/auto/Const.xml (RunModel)" time="0.008" />
  <testcase classname="ptolemy.util.test.junit.AutoTests" name="[85] /home/travis/build/icyphy/ptII/ptolemy/actor/lib/test/auto/Const2.xml (RunModel)" time="0.015" />
  <testcase classname="ptolemy.util.test.junit.AutoTests" name="[86] /home/travis/build/icyphy/ptII/ptolemy/actor/lib/test/auto/Const3.xml (RunModel)" time="0.009" />
  <testcase classname="ptolemy.util.test.junit.AutoTests" name="[87] /home/travis/build/icyphy/ptII/ptolemy/actor/lib/test/auto/ConstantPublisherPort1.xml (RunModel)" time="0.031" />
  <testcase classname="ptolemy.util.test.junit.AutoTests" name="[88] /home/travis/build/icyphy/ptII/ptolemy/actor/lib/test/auto/ConstantPublisherPort2.xml (RunModel)" time="0.025" />
  <testcase classname="ptolemy.util.test.junit.AutoTests" name="[89] /home/travis/build/icyphy/ptII/ptolemy/actor/lib/test/auto/ConstantPublisherPort3.xml (RunModel)" time="0.022" />
  <testcase classname="ptolemy.util.test.junit.AutoTests" name="[90] /home/travis/build/icyphy/ptII/ptolemy/actor/lib/test/auto/ConstantPublisherPort4.xml (RunModel)" time="0.019" />
  <testcase classname="ptolemy.util.test.junit.AutoTests" name="[91] /home/travis/build/icyphy/ptII/ptolemy/actor/lib/test/auto/ConstantPublisherPort5.xml (RunModel)" time="0.048" />
  <testcase classname="ptolemy.util.test.junit.AutoTests" name="[92] /home/travis/build/icyphy/ptII/ptolemy/actor/lib/test/auto/ConstantPublisherPort6.xml (RunModel)" time="0.033" />
  <testcase classname="ptolemy.util.test.junit.AutoTests" name="[93] /home/travis/build/icyphy/ptII/ptolemy/actor/lib/test/auto/ConstantPublisherPort7.xml (RunModel)" time="0.036" />
  <testcase classname="ptolemy.util.test.junit.AutoTests" name="[94] /home/travis/build/icyphy/ptII/ptolemy/actor/lib/test/auto/ConstraintMonitor1.xml (RunModel)" time="0.044" />
  <testcase classname="ptolemy.util.test.junit.AutoTests" name="[95] /home/travis/build/icyphy/ptII/ptolemy/actor/lib/test/auto/ConstraintMonitor2.xml (RunModel)" time="0.017" />
  <testcase classname="ptolemy.util.test.junit.AutoTests" name="[96] /home/travis/build/icyphy/ptII/ptolemy/actor/lib/test/auto/ConstraintMonitor3.xml (RunModel)" time="0.02" />
  <testcase classname="ptolemy.util.test.junit.AutoTests" name="[97] /home/travis/build/icyphy/ptII/ptolemy/actor/lib/test/auto/ConstraintMonitor4.xml (RunModel)" time="0.015" />
  <testcase classname="ptolemy.util.test.junit.AutoTests" name="[98] /home/travis/build/icyphy/ptII/ptolemy/actor/lib/test/auto/ConstraintMonitor5.xml (RunModel)" time="0.016" />
  <testcase classname="ptolemy.util.test.junit.AutoTests" name="[99] /home/travis/build/icyphy/ptII/ptolemy/actor/lib/test/auto/ConstraintMonitor6.xml (RunModel)" time="0.021" />
  <testcase classname="ptolemy.util.test.junit.AutoTests" name="[100] /home/travis/build/icyphy/ptII/ptolemy/actor/lib/test/auto/ConstraintMonitor7.xml (RunModel)" time="0.022" />
  <testcase classname="ptolemy.util.test.junit.AutoTests" name="[101] /home/travis/build/icyphy/ptII/ptolemy/actor/lib/test/auto/ConstraintMonitor8.xml (RunModel)" time="0.027" />
  <testcase classname="ptolemy.util.test.junit.AutoTests" name="[102] /home/travis/build/icyphy/ptII/ptolemy/actor/lib/test/auto/Counter.xml (RunModel)" time="0.019" />
  <testcase classname="ptolemy.util.test.junit.AutoTests" name="[103] /home/travis/build/icyphy/ptII/ptolemy/actor/lib/test/auto/CurrentTimeSDF.xml (RunModel)" time="0.01" />
  <testcase classname="ptolemy.util.test.junit.AutoTests" name="[104] /home/travis/build/icyphy/ptII/ptolemy/actor/lib/test/auto/DB.xml (RunModel)" time="0.014" />
  <testcase classname="ptolemy.util.test.junit.AutoTests" name="[105] /home/travis/build/icyphy/ptII/ptolemy/actor/lib/test/auto/DBDE.xml (RunModel)" time="0.049" />
  <testcase classname="ptolemy.util.test.junit.AutoTests" name="[106] /home/travis/build/icyphy/ptII/ptolemy/actor/lib/test/auto/DateConstructor.xml (RunModel)" time="0.077" />
  <testcase classname="ptolemy.util.test.junit.AutoTests" name="[107] /home/travis/build/icyphy/ptII/ptolemy/actor/lib/test/auto/DelayTime.xml (RunModel)" time="0.023" />
  <testcase classname="ptolemy.util.test.junit.AutoTests" name="[108] /home/travis/build/icyphy/ptII/ptolemy/actor/lib/test/auto/Dictionary1.xml (RunModel)" time="0.023" />
  <testcase classname="ptolemy.util.test.junit.AutoTests" name="[109] /home/travis/build/icyphy/ptII/ptolemy/actor/lib/test/auto/Dictionary2.xml (RunModel)" time="0.022" />
  <testcase classname="ptolemy.util.test.junit.AutoTests" name="[110] /home/travis/build/icyphy/ptII/ptolemy/actor/lib/test/auto/Dictionary3.xml (RunModel)" time="0.012" />
  <testcase classname="ptolemy.util.test.junit.AutoTests" name="[111] /home/travis/build/icyphy/ptII/ptolemy/actor/lib/test/auto/Dictionary4.xml (RunModel)" time="0.017" />
  <testcase classname="ptolemy.util.test.junit.AutoTests" name="[112] /home/travis/build/icyphy/ptII/ptolemy/actor/lib/test/auto/Differential.xml (RunModel)" time="0.012" />
  <testcase classname="ptolemy.util.test.junit.AutoTests" name="[113] /home/travis/build/icyphy/ptII/ptolemy/actor/lib/test/auto/Director.xml (RunModel)" time="0.01" />
  <testcase classname="ptolemy.util.test.junit.AutoTests" name="[114] /home/travis/build/icyphy/ptII/ptolemy/actor/lib/test/auto/DiscreteClock.xml (RunModel)" time="0.007" />
  <testcase classname="ptolemy.util.test.junit.AutoTests" name="[115] /home/travis/build/icyphy/ptII/ptolemy/actor/lib/test/auto/DiscreteClock10.xml (RunModel)" time="0.01" />
  <testcase classname="ptolemy.util.test.junit.AutoTests" name="[116] /home/travis/build/icyphy/ptII/ptolemy/actor/lib/test/auto/DiscreteClock11.xml (RunModel)" time="0.011" />
  <testcase classname="ptolemy.util.test.junit.AutoTests" name="[117] /home/travis/build/icyphy/ptII/ptolemy/actor/lib/test/auto/DiscreteClock12.xml (RunModel)" time="0.013" />
  <testcase classname="ptolemy.util.test.junit.AutoTests" name="[118] /home/travis/build/icyphy/ptII/ptolemy/actor/lib/test/auto/DiscreteClock13.xml (RunModel)" time="0.017" />
  <testcase classname="ptolemy.util.test.junit.AutoTests" name="[119] /home/travis/build/icyphy/ptII/ptolemy/actor/lib/test/auto/DiscreteClock14.xml (RunModel)" time="0.014" />
  <testcase classname="ptolemy.util.test.junit.AutoTests" name="[120] /home/travis/build/icyphy/ptII/ptolemy/actor/lib/test/auto/DiscreteClock15.xml (RunModel)" time="0.015" />
  <testcase classname="ptolemy.util.test.junit.AutoTests" name="[121] /home/travis/build/icyphy/ptII/ptolemy/actor/lib/test/auto/DiscreteClock16.xml (RunModel)" time="0.04" />
  <testcase classname="ptolemy.util.test.junit.AutoTests" name="[122] /home/travis/build/icyphy/ptII/ptolemy/actor/lib/test/auto/DiscreteClock17.xml (RunModel)" time="0.039" />
  <testcase classname="ptolemy.util.test.junit.AutoTests" name="[123] /home/travis/build/icyphy/ptII/ptolemy/actor/lib/test/auto/DiscreteClock18.xml (RunModel)" time="0.047" />
  <testcase classname="ptolemy.util.test.junit.AutoTests" name="[124] /home/travis/build/icyphy/ptII/ptolemy/actor/lib/test/auto/DiscreteClock19.xml (RunModel)" time="0.039" />
  <testcase classname="ptolemy.util.test.junit.AutoTests" name="[125] /home/travis/build/icyphy/ptII/ptolemy/actor/lib/test/auto/DiscreteClock2.xml (RunModel)" time="0.011" />
  <testcase classname="ptolemy.util.test.junit.AutoTests" name="[126] /home/travis/build/icyphy/ptII/ptolemy/actor/lib/test/auto/DiscreteClock20.xml (RunModel)" time="0.014" />
  <testcase classname="ptolemy.util.test.junit.AutoTests" name="[127] /home/travis/build/icyphy/ptII/ptolemy/actor/lib/test/auto/DiscreteClock21.xml (RunModel)" time="0.015" />
  <testcase classname="ptolemy.util.test.junit.AutoTests" name="[128] /home/travis/build/icyphy/ptII/ptolemy/actor/lib/test/auto/DiscreteClock22.xml (RunModel)" time="0.013" />
  <testcase classname="ptolemy.util.test.junit.AutoTests" name="[129] /home/travis/build/icyphy/ptII/ptolemy/actor/lib/test/auto/DiscreteClock23.xml (RunModel)" time="0.013" />
  <testcase classname="ptolemy.util.test.junit.AutoTests" name="[130] /home/travis/build/icyphy/ptII/ptolemy/actor/lib/test/auto/DiscreteClock24.xml (RunModel)" time="0.013" />
  <testcase classname="ptolemy.util.test.junit.AutoTests" name="[131] /home/travis/build/icyphy/ptII/ptolemy/actor/lib/test/auto/DiscreteClock4.xml (RunModel)" time="0.012" />
  <testcase classname="ptolemy.util.test.junit.AutoTests" name="[132] /home/travis/build/icyphy/ptII/ptolemy/actor/lib/test/auto/DiscreteClock5.xml (RunModel)" time="0.009" />
  <testcase classname="ptolemy.util.test.junit.AutoTests" name="[133] /home/travis/build/icyphy/ptII/ptolemy/actor/lib/test/auto/DiscreteClock6.xml (RunModel)" time="0.011" />
  <testcase classname="ptolemy.util.test.junit.AutoTests" name="[134] /home/travis/build/icyphy/ptII/ptolemy/actor/lib/test/auto/DiscreteClock7.xml (RunModel)" time="0.01" />
  <testcase classname="ptolemy.util.test.junit.AutoTests" name="[135] /home/travis/build/icyphy/ptII/ptolemy/actor/lib/test/auto/DiscreteClock8.xml (RunModel)" time="0.023" />
  <testcase classname="ptolemy.util.test.junit.AutoTests" name="[136] /home/travis/build/icyphy/ptII/ptolemy/actor/lib/test/auto/DiscreteClock9.xml (RunModel)" time="0.015" />
  <testcase classname="ptolemy.util.test.junit.AutoTests" name="[137] /home/travis/build/icyphy/ptII/ptolemy/actor/lib/test/auto/DisplayArray.xml (RunModel)" time="0.01" />
  <testcase classname="ptolemy.util.test.junit.AutoTests" name="[138] /home/travis/build/icyphy/ptII/ptolemy/actor/lib/test/auto/Distributor.xml (RunModel)" time="0.012" />
  <testcase classname="ptolemy.util.test.junit.AutoTests" name="[139] /home/travis/build/icyphy/ptII/ptolemy/actor/lib/test/auto/Distributor2.xml (RunModel)" time="0.012" />
  <testcase classname="ptolemy.util.test.junit.AutoTests" name="[140] /home/travis/build/icyphy/ptII/ptolemy/actor/lib/test/auto/DownSample.xml (RunModel)" time="0.01" />
  <testcase classname="ptolemy.util.test.junit.AutoTests" name="[141] /home/travis/build/icyphy/ptII/ptolemy/actor/lib/test/auto/ElectronicUnitBase1.xml (RunModel)" time="0.072" />
  <testcase classname="ptolemy.util.test.junit.AutoTests" name="[142] /home/travis/build/icyphy/ptII/ptolemy/actor/lib/test/auto/ElementsToArray.xml (RunModel)" time="0.055" />
  <testcase classname="ptolemy.util.test.junit.AutoTests" name="[143] /home/travis/build/icyphy/ptII/ptolemy/actor/lib/test/auto/Equals.xml (RunModel)" time="0.016" />
  <testcase classname="ptolemy.util.test.junit.AutoTests" name="[144] /home/travis/build/icyphy/ptII/ptolemy/actor/lib/test/auto/Exec.xml (RunModel)" time="0.029" />
  <testcase classname="ptolemy.util.test.junit.AutoTests" name="[145] /home/travis/build/icyphy/ptII/ptolemy/actor/lib/test/auto/ExecEnvironment.xml (RunModel)" time="0.055" />
  <testcase classname="ptolemy.util.test.junit.AutoTests" name="[146] /home/travis/build/icyphy/ptII/ptolemy/actor/lib/test/auto/ExecNonZeroReturnOutput.xml (RunModel)" time="0.222" />
  <testcase classname="ptolemy.util.test.junit.AutoTests" name="[147] /home/travis/build/icyphy/ptII/ptolemy/actor/lib/test/auto/ExecRunDemos.xml (RunModel)" time="11.388" />
  <testcase classname="ptolemy.util.test.junit.AutoTests" name="[148] /home/travis/build/icyphy/ptII/ptolemy/actor/lib/test/auto/ExecStop.xml (RunModel)" time="5.033" />
  <testcase classname="ptolemy.util.test.junit.AutoTests" name="[149] /home/travis/build/icyphy/ptII/ptolemy/actor/lib/test/auto/ExecutionTimeSDF.xml (RunModel)" time="6.031" />
  <testcase classname="ptolemy.util.test.junit.AutoTests" name="[150] /home/travis/build/icyphy/ptII/ptolemy/actor/lib/test/auto/Expression1.xml (RunModel)" time="0.01" />
  <testcase classname="ptolemy.util.test.junit.AutoTests" name="[151] /home/travis/build/icyphy/ptII/ptolemy/actor/lib/test/auto/Expression10.xml (RunModel)" time="0.028" />
  <testcase classname="ptolemy.util.test.junit.AutoTests" name="[152] /home/travis/build/icyphy/ptII/ptolemy/actor/lib/test/auto/Expression11.xml (RunModel)" time="0.015" />
  <testcase classname="ptolemy.util.test.junit.AutoTests" name="[153] /home/travis/build/icyphy/ptII/ptolemy/actor/lib/test/auto/Expression12.xml (RunModel)" time="0.018" />
  <testcase classname="ptolemy.util.test.junit.AutoTests" name="[154] /home/travis/build/icyphy/ptII/ptolemy/actor/lib/test/auto/Expression13.xml (RunModel)" time="0.016" />
  <testcase classname="ptolemy.util.test.junit.AutoTests" name="[155] /home/travis/build/icyphy/ptII/ptolemy/actor/lib/test/auto/Expression14.xml (RunModel)" time="0.022" />
  <testcase classname="ptolemy.util.test.junit.AutoTests" name="[156] /home/travis/build/icyphy/ptII/ptolemy/actor/lib/test/auto/Expression15.xml (RunModel)" time="0.009" />
  <testcase classname="ptolemy.util.test.junit.AutoTests" name="[157] /home/travis/build/icyphy/ptII/ptolemy/actor/lib/test/auto/Expression16.xml (RunModel)" time="0.015" />
  <testcase classname="ptolemy.util.test.junit.AutoTests" name="[158] /home/travis/build/icyphy/ptII/ptolemy/actor/lib/test/auto/Expression17.xml (RunModel)" time="0.017" />
  <testcase classname="ptolemy.util.test.junit.AutoTests" name="[159] /home/travis/build/icyphy/ptII/ptolemy/actor/lib/test/auto/Expression18.xml (RunModel)" time="0.016" />
  <testcase classname="ptolemy.util.test.junit.AutoTests" name="[160] /home/travis/build/icyphy/ptII/ptolemy/actor/lib/test/auto/Expression2.xml (RunModel)" time="0.015" />
  <testcase classname="ptolemy.util.test.junit.AutoTests" name="[161] /home/travis/build/icyphy/ptII/ptolemy/actor/lib/test/auto/Expression3.xml (RunModel)" time="0.018" />
  <testcase classname="ptolemy.util.test.junit.AutoTests" name="[162] /home/travis/build/icyphy/ptII/ptolemy/actor/lib/test/auto/Expression4.xml (RunModel)" time="0.024" />
  <testcase classname="ptolemy.util.test.junit.AutoTests" name="[163] /home/travis/build/icyphy/ptII/ptolemy/actor/lib/test/auto/Expression5.xml (RunModel)" time="0.015" />
  <testcase classname="ptolemy.util.test.junit.AutoTests" name="[164] /home/travis/build/icyphy/ptII/ptolemy/actor/lib/test/auto/Expression6.xml (RunModel)" time="0.011" />
  <testcase classname="ptolemy.util.test.junit.AutoTests" name="[165] /home/travis/build/icyphy/ptII/ptolemy/actor/lib/test/auto/Expression7.xml (RunModel)" time="0.014" />
  <testcase classname="ptolemy.util.test.junit.AutoTests" name="[166] /home/travis/build/icyphy/ptII/ptolemy/actor/lib/test/auto/Expression8.xml (RunModel)" time="0.02" />
  <testcase classname="ptolemy.util.test.junit.AutoTests" name="[167] /home/travis/build/icyphy/ptII/ptolemy/actor/lib/test/auto/Expression9.xml (RunModel)" time="0.01" />
  <testcase classname="ptolemy.util.test.junit.AutoTests" name="[168] /home/travis/build/icyphy/ptII/ptolemy/actor/lib/test/auto/ExpressionConcatenateArrayType.xml (RunModel)" time="0.032" />
  <testcase classname="ptolemy.util.test.junit.AutoTests" name="[169] /home/travis/build/icyphy/ptII/ptolemy/actor/lib/test/auto/ExpressionConcatenateArrayType2.xml (RunModel)" time="0.028" />
  <testcase classname="ptolemy.util.test.junit.AutoTests" name="[170] /home/travis/build/icyphy/ptII/ptolemy/actor/lib/test/auto/ExpressionFix.xml (RunModel)" time="0.058" />
  <testcase classname="ptolemy.util.test.junit.AutoTests" name="[171] /home/travis/build/icyphy/ptII/ptolemy/actor/lib/test/auto/ExpressionFix2.xml (RunModel)" time="0.018" />
  <testcase classname="ptolemy.util.test.junit.AutoTests" name="[172] /home/travis/build/icyphy/ptII/ptolemy/actor/lib/test/auto/ExpressionFix3.xml (RunModel)" time="0.013" />
  <testcase classname="ptolemy.util.test.junit.AutoTests" name="[173] /home/travis/build/icyphy/ptII/ptolemy/actor/lib/test/auto/FileWriter1.xml (RunModel)" time="0.011" />
  <testcase classname="ptolemy.util.test.junit.AutoTests" name="[174] /home/travis/build/icyphy/ptII/ptolemy/actor/lib/test/auto/FileWriter2.xml (RunModel)" time="0.015" />
  <testcase classname="ptolemy.util.test.junit.AutoTests" name="[175] /home/travis/build/icyphy/ptII/ptolemy/actor/lib/test/auto/FileWriter3.xml (RunModel)" time="0.016" />
  <testcase classname="ptolemy.util.test.junit.AutoTests" name="[176] /home/travis/build/icyphy/ptII/ptolemy/actor/lib/test/auto/Gaussian.xml (RunModel)" time="0.015" />
  <testcase classname="ptolemy.util.test.junit.AutoTests" name="[177] /home/travis/build/icyphy/ptII/ptolemy/actor/lib/test/auto/Gaussian1.xml (RunModel)" time="0.023" />
  <testcase classname="ptolemy.util.test.junit.AutoTests" name="[178] /home/travis/build/icyphy/ptII/ptolemy/actor/lib/test/auto/Gaussian2.xml (RunModel)" time="0.023" />
  <testcase classname="ptolemy.util.test.junit.AutoTests" name="[179] /home/travis/build/icyphy/ptII/ptolemy/actor/lib/test/auto/GradientAdaptiveLattice.xml (RunModel)" time="0.019" />
  <testcase classname="ptolemy.util.test.junit.AutoTests" name="[180] /home/travis/build/icyphy/ptII/ptolemy/actor/lib/test/auto/IIR.xml (RunModel)" time="0.014" />
  <testcase classname="ptolemy.util.test.junit.AutoTests" name="[181] /home/travis/build/icyphy/ptII/ptolemy/actor/lib/test/auto/InputOutputTransparentPorts.xml (RunModel)" time="0.024" />
  <testcase classname="ptolemy.util.test.junit.AutoTests" name="[182] /home/travis/build/icyphy/ptII/ptolemy/actor/lib/test/auto/Interpolator.xml (RunModel)" time="0.014" />
  <testcase classname="ptolemy.util.test.junit.AutoTests" name="[183] /home/travis/build/icyphy/ptII/ptolemy/actor/lib/test/auto/InterpolatorFiringLimitDE.xml (RunModel)" time="0.06" />
  <testcase classname="ptolemy.util.test.junit.AutoTests" name="[184] /home/travis/build/icyphy/ptII/ptolemy/actor/lib/test/auto/Lattice.xml (RunModel)" time="0.012" />
  <testcase classname="ptolemy.util.test.junit.AutoTests" name="[185] /home/travis/build/icyphy/ptII/ptolemy/actor/lib/test/auto/LazyAOCTestLazy.xml (RunModel)" time="0.041" />
  <testcase classname="ptolemy.util.test.junit.AutoTests" name="[186] /home/travis/build/icyphy/ptII/ptolemy/actor/lib/test/auto/LazyAOCTestNonLazy.xml (RunModel)" time="0.043" />
  <testcase classname="ptolemy.util.test.junit.AutoTests" name="[187] /home/travis/build/icyphy/ptII/ptolemy/actor/lib/test/auto/LazyInnerClass.xml (RunModel)" time="0.05" />
  <testcase classname="ptolemy.util.test.junit.AutoTests" name="[188] /home/travis/build/icyphy/ptII/ptolemy/actor/lib/test/auto/LazyPubSub.xml (RunModel)" time="0.081" />
  <testcase classname="ptolemy.util.test.junit.AutoTests" name="[189] /home/travis/build/icyphy/ptII/ptolemy/actor/lib/test/auto/LazyPubSub2.xml (RunModel)" time="0.055" />
  <testcase classname="ptolemy.util.test.junit.AutoTests" name="[190] /home/travis/build/icyphy/ptII/ptolemy/actor/lib/test/auto/LazyPubSub3.xml (RunModel)" time="0.037" />
  <testcase classname="ptolemy.util.test.junit.AutoTests" name="[191] /home/travis/build/icyphy/ptII/ptolemy/actor/lib/test/auto/LazySubClassModel.xml (RunModel)" time="0.027" />
  <testcase classname="ptolemy.util.test.junit.AutoTests" name="[192] /home/travis/build/icyphy/ptII/ptolemy/actor/lib/test/auto/LevelCrossTest1.xml (RunModel)" time="0.011" />
  <testcase classname="ptolemy.util.test.junit.AutoTests" name="[193] /home/travis/build/icyphy/ptII/ptolemy/actor/lib/test/auto/LevelCrossTest10.xml (RunModel)" time="0.017" />
  <testcase classname="ptolemy.util.test.junit.AutoTests" name="[194] /home/travis/build/icyphy/ptII/ptolemy/actor/lib/test/auto/LevelCrossTest11.xml (RunModel)" time="0.019" />
  <testcase classname="ptolemy.util.test.junit.AutoTests" name="[195] /home/travis/build/icyphy/ptII/ptolemy/actor/lib/test/auto/LevelCrossTest12.xml (RunModel)" time="0.019" />
  <testcase classname="ptolemy.util.test.junit.AutoTests" name="[196] /home/travis/build/icyphy/ptII/ptolemy/actor/lib/test/auto/LevelCrossTest13.xml (RunModel)" time="0.015" />
  <testcase classname="ptolemy.util.test.junit.AutoTests" name="[197] /home/travis/build/icyphy/ptII/ptolemy/actor/lib/test/auto/LevelCrossTest2.xml (RunModel)" time="0.012" />
  <testcase classname="ptolemy.util.test.junit.AutoTests" name="[198] /home/travis/build/icyphy/ptII/ptolemy/actor/lib/test/auto/LevelCrossTest3.xml (RunModel)" time="0.015" />
  <testcase classname="ptolemy.util.test.junit.AutoTests" name="[199] /home/travis/build/icyphy/ptII/ptolemy/actor/lib/test/auto/LevelCrossTest4.xml (RunModel)" time="0.014" />
  <testcase classname="ptolemy.util.test.junit.AutoTests" name="[200] /home/travis/build/icyphy/ptII/ptolemy/actor/lib/test/auto/LevelCrossTest5.xml (RunModel)" time="0.017" />
  <testcase classname="ptolemy.util.test.junit.AutoTests" name="[201] /home/travis/build/icyphy/ptII/ptolemy/actor/lib/test/auto/LevelCrossTest6.xml (RunModel)" time="0.016" />
  <testcase classname="ptolemy.util.test.junit.AutoTests" name="[202] /home/travis/build/icyphy/ptII/ptolemy/actor/lib/test/auto/LevelCrossTest7.xml (RunModel)" time="0.022" />
  <testcase classname="ptolemy.util.test.junit.AutoTests" name="[203] /home/travis/build/icyphy/ptII/ptolemy/actor/lib/test/auto/LevelCrossTest8.xml (RunModel)" time="0.017" />
  <testcase classname="ptolemy.util.test.junit.AutoTests" name="[204] /home/travis/build/icyphy/ptII/ptolemy/actor/lib/test/auto/LevelCrossTest9.xml (RunModel)" time="0.014" />
  <testcase classname="ptolemy.util.test.junit.AutoTests" name="[205] /home/travis/build/icyphy/ptII/ptolemy/actor/lib/test/auto/LevinsonDurbin.xml (RunModel)" time="0.012" />
  <testcase classname="ptolemy.util.test.junit.AutoTests" name="[206] /home/travis/build/icyphy/ptII/ptolemy/actor/lib/test/auto/LevinsonDurbin2.xml (RunModel)" time="0.013" />
  <testcase classname="ptolemy.util.test.junit.AutoTests" name="[207] /home/travis/build/icyphy/ptII/ptolemy/actor/lib/test/auto/LevinsonDurbin3.xml (RunModel)" time="0.012" />
  <testcase classname="ptolemy.util.test.junit.AutoTests" name="[208] /home/travis/build/icyphy/ptII/ptolemy/actor/lib/test/auto/Limiter.xml (RunModel)" time="0.042" />
  <testcase classname="ptolemy.util.test.junit.AutoTests" name="[209] /home/travis/build/icyphy/ptII/ptolemy/actor/lib/test/auto/LinearDifferenceEquationSystem.xml (RunModel)" time="0.027" />
  <testcase classname="ptolemy.util.test.junit.AutoTests" name="[210] /home/travis/build/icyphy/ptII/ptolemy/actor/lib/test/auto/LookupTable.xml (RunModel)" time="0.01" />
  <testcase classname="ptolemy.util.test.junit.AutoTests" name="[211] /home/travis/build/icyphy/ptII/ptolemy/actor/lib/test/auto/MathFunction.xml (RunModel)" time="0.034" />
  <testcase classname="ptolemy.util.test.junit.AutoTests" name="[212] /home/travis/build/icyphy/ptII/ptolemy/actor/lib/test/auto/MathFunction2.xml (RunModel)" time="0.013" />
  <testcase classname="ptolemy.util.test.junit.AutoTests" name="[213] /home/travis/build/icyphy/ptII/ptolemy/actor/lib/test/auto/MathFunction3.xml (RunModel)" time="0.017" />
  <testcase classname="ptolemy.util.test.junit.AutoTests" name="[214] /home/travis/build/icyphy/ptII/ptolemy/actor/lib/test/auto/MatrixCropBoolean.xml (RunModel)" time="0.013" />
  <testcase classname="ptolemy.util.test.junit.AutoTests" name="[215] /home/travis/build/icyphy/ptII/ptolemy/actor/lib/test/auto/MatrixCropComplex.xml (RunModel)" time="0.008" />
  <testcase classname="ptolemy.util.test.junit.AutoTests" name="[216] /home/travis/build/icyphy/ptII/ptolemy/actor/lib/test/auto/MatrixCropDouble.xml (RunModel)" time="0.009" />
  <testcase classname="ptolemy.util.test.junit.AutoTests" name="[217] /home/travis/build/icyphy/ptII/ptolemy/actor/lib/test/auto/MatrixCropFix.xml (RunModel)" time="0.015" />
  <testcase classname="ptolemy.util.test.junit.AutoTests" name="[218] /home/travis/build/icyphy/ptII/ptolemy/actor/lib/test/auto/MatrixCropInt.xml (RunModel)" time="0.014" />
  <testcase classname="ptolemy.util.test.junit.AutoTests" name="[219] /home/travis/build/icyphy/ptII/ptolemy/actor/lib/test/auto/MatrixCropLong.xml (RunModel)" time="0.009" />
  <testcase classname="ptolemy.util.test.junit.AutoTests" name="[220] /home/travis/build/icyphy/ptII/ptolemy/actor/lib/test/auto/MatrixToArray.xml (RunModel)" time="0.045" />
  <testcase classname="ptolemy.util.test.junit.AutoTests" name="[221] /home/travis/build/icyphy/ptII/ptolemy/actor/lib/test/auto/MaxIndex.xml (RunModel)" time="0.019" />
  <testcase classname="ptolemy.util.test.junit.AutoTests" name="[222] /home/travis/build/icyphy/ptII/ptolemy/actor/lib/test/auto/Maximum.xml (RunModel)" time="0.017" />
  <testcase classname="ptolemy.util.test.junit.AutoTests" name="[223] /home/travis/build/icyphy/ptII/ptolemy/actor/lib/test/auto/MaximumComplex.xml (RunModel)" time="0.015" />
  <testcase classname="ptolemy.util.test.junit.AutoTests" name="[224] /home/travis/build/icyphy/ptII/ptolemy/actor/lib/test/auto/MethodCallTest.xml (RunModel)" time="0.024" />
  <testcase classname="ptolemy.util.test.junit.AutoTests" name="[225] /home/travis/build/icyphy/ptII/ptolemy/actor/lib/test/auto/Minimum.xml (RunModel)" time="0.014" />
  <testcase classname="ptolemy.util.test.junit.AutoTests" name="[226] /home/travis/build/icyphy/ptII/ptolemy/actor/lib/test/auto/MinimumComplex.xml (RunModel)" time="0.026" />
  <testcase classname="ptolemy.util.test.junit.AutoTests" name="[227] /home/travis/build/icyphy/ptII/ptolemy/actor/lib/test/auto/MinimumMultiports.xml (RunModel)" time="0.017" />
  <testcase classname="ptolemy.util.test.junit.AutoTests" name="[228] /home/travis/build/icyphy/ptII/ptolemy/actor/lib/test/auto/ModifyDate.xml (RunModel)" time="0.045" />
  <testcase classname="ptolemy.util.test.junit.AutoTests" name="[229] /home/travis/build/icyphy/ptII/ptolemy/actor/lib/test/auto/ModifyDate2.xml (RunModel)" time="0.028" />
  <testcase classname="ptolemy.util.test.junit.AutoTests" name="[230] /home/travis/build/icyphy/ptII/ptolemy/actor/lib/test/auto/MovingAverage.xml (RunModel)" time="0.013" />
  <testcase classname="ptolemy.util.test.junit.AutoTests" name="[231] /home/travis/build/icyphy/ptII/ptolemy/actor/lib/test/auto/MovingMaximum.xml (RunModel)" time="0.022" />
  <testcase classname="ptolemy.util.test.junit.AutoTests" name="[232] /home/travis/build/icyphy/ptII/ptolemy/actor/lib/test/auto/MultipleLinksToSameRelation.xml (RunModel)" time="0.009" />
  <testcase classname="ptolemy.util.test.junit.AutoTests" name="[233] /home/travis/build/icyphy/ptII/ptolemy/actor/lib/test/auto/MultipleLinksToSameRelationDE.xml (RunModel)" time="0.008" />
  <testcase classname="ptolemy.util.test.junit.AutoTests" name="[234] /home/travis/build/icyphy/ptII/ptolemy/actor/lib/test/auto/Multiplexor.xml (RunModel)" time="0.012" />
  <testcase classname="ptolemy.util.test.junit.AutoTests" name="[235] /home/travis/build/icyphy/ptII/ptolemy/actor/lib/test/auto/Multiplexor1.xml (RunModel)" time="0.065" />
  <testcase classname="ptolemy.util.test.junit.AutoTests" name="[236] /home/travis/build/icyphy/ptII/ptolemy/actor/lib/test/auto/Multiplexor2.xml (RunModel)" time="0.015" />
  <testcase classname="ptolemy.util.test.junit.AutoTests" name="[237] /home/travis/build/icyphy/ptII/ptolemy/actor/lib/test/auto/Multiplexor3.xml (RunModel)" time="0.009" />
  <testcase classname="ptolemy.util.test.junit.AutoTests" name="[238] /home/travis/build/icyphy/ptII/ptolemy/actor/lib/test/auto/MultiplexorDE.xml (RunModel)" time="0.017" />
  <testcase classname="ptolemy.util.test.junit.AutoTests" name="[239] /home/travis/build/icyphy/ptII/ptolemy/actor/lib/test/auto/MultiportBroadcastTest.xml (RunModel)" time="0.098" />
  <testcase classname="ptolemy.util.test.junit.AutoTests" name="[240] /home/travis/build/icyphy/ptII/ptolemy/actor/lib/test/auto/MultiportOutHangDuringGetWidth.xml (RunModel)" time="0.032" />
  <testcase classname="ptolemy.util.test.junit.AutoTests" name="[241] /home/travis/build/icyphy/ptII/ptolemy/actor/lib/test/auto/NilToken.xml (RunModel)" time="0.011" />
  <testcase classname="ptolemy.util.test.junit.AutoTests" name="[242] /home/travis/build/icyphy/ptII/ptolemy/actor/lib/test/auto/NilTokenNonStrictTest.xml (RunModel)" time="0.01" />
  <testcase classname="ptolemy.util.test.junit.AutoTests" name="[243] /home/travis/build/icyphy/ptII/ptolemy/actor/lib/test/auto/NilTokenRecord.xml (RunModel)" time="0.024" />
  <testcase classname="ptolemy.util.test.junit.AutoTests" name="[244] /home/travis/build/icyphy/ptII/ptolemy/actor/lib/test/auto/NilTokenTypeTest.xml (RunModel)" time="0.033" />
  <testcase classname="ptolemy.util.test.junit.AutoTests" name="[245] /home/travis/build/icyphy/ptII/ptolemy/actor/lib/test/auto/ObjectToken1.xml (RunModel)" time="0.009" />
  <testcase classname="ptolemy.util.test.junit.AutoTests" name="[246] /home/travis/build/icyphy/ptII/ptolemy/actor/lib/test/auto/OrderedMerge.xml (RunModel)" time="0.015" />
  <testcase classname="ptolemy.util.test.junit.AutoTests" name="[247] /home/travis/build/icyphy/ptII/ptolemy/actor/lib/test/auto/OrderedRecordDisassembler.xml (RunModel)" time="0.021" />
  <testcase classname="ptolemy.util.test.junit.AutoTests" name="[248] /home/travis/build/icyphy/ptII/ptolemy/actor/lib/test/auto/OrderedRecordDisassembler2.xml (RunModel)" time="0.016" />
  <testcase classname="ptolemy.util.test.junit.AutoTests" name="[249] /home/travis/build/icyphy/ptII/ptolemy/actor/lib/test/auto/OrderedRecordUpdater.xml (RunModel)" time="0.011" />
  <testcase classname="ptolemy.util.test.junit.AutoTests" name="[250] /home/travis/build/icyphy/ptII/ptolemy/actor/lib/test/auto/OrderedRecordUpdater2.xml (RunModel)" time="0.018" />
  <testcase classname="ptolemy.util.test.junit.AutoTests" name="[251] /home/travis/build/icyphy/ptII/ptolemy/actor/lib/test/auto/PhaseUnwrap.xml (RunModel)" time="0.012" />
  <testcase classname="ptolemy.util.test.junit.AutoTests" name="[252] /home/travis/build/icyphy/ptII/ptolemy/actor/lib/test/auto/PoissonClock.xml (RunModel)" time="0.012" />
  <testcase classname="ptolemy.util.test.junit.AutoTests" name="[253] /home/travis/build/icyphy/ptII/ptolemy/actor/lib/test/auto/PoissonClock2.xml (RunModel)" time="0.008" />
  <testcase classname="ptolemy.util.test.junit.AutoTests" name="[254] /home/travis/build/icyphy/ptII/ptolemy/actor/lib/test/auto/PoissonClock3.xml (RunModel)" time="0.024" />
  <testcase classname="ptolemy.util.test.junit.AutoTests" name="[255] /home/travis/build/icyphy/ptII/ptolemy/actor/lib/test/auto/PubSubWithInitialTokens.xml (RunModel)" time="0.02" />
  <testcase classname="ptolemy.util.test.junit.AutoTests" name="[256] /home/travis/build/icyphy/ptII/ptolemy/actor/lib/test/auto/PubSubWithInitialTokens2.xml (RunModel)" time="0.011" />
  <testcase classname="ptolemy.util.test.junit.AutoTests" name="[257] /home/travis/build/icyphy/ptII/ptolemy/actor/lib/test/auto/PublisherClassNoParameter.xml (RunModel)" time="0.025" />
  <testcase classname="ptolemy.util.test.junit.AutoTests" name="[258] /home/travis/build/icyphy/ptII/ptolemy/actor/lib/test/auto/PublisherClassParameter.xml (RunModel)" time="0.021" />
  <testcase classname="ptolemy.util.test.junit.AutoTests" name="[259] /home/travis/build/icyphy/ptII/ptolemy/actor/lib/test/auto/PublisherNonStrictTest.xml (RunModel)" time="0.016" />
  <testcase classname="ptolemy.util.test.junit.AutoTests" name="[260] /home/travis/build/icyphy/ptII/ptolemy/actor/lib/test/auto/PublisherPort1.xml (RunModel)" time="0.018" />
  <testcase classname="ptolemy.util.test.junit.AutoTests" name="[261] /home/travis/build/icyphy/ptII/ptolemy/actor/lib/test/auto/PublisherPort2.xml (RunModel)" time="0.015" />
  <testcase classname="ptolemy.util.test.junit.AutoTests" name="[262] /home/travis/build/icyphy/ptII/ptolemy/actor/lib/test/auto/PublisherPort3.xml (RunModel)" time="0.012" />
  <testcase classname="ptolemy.util.test.junit.AutoTests" name="[263] /home/travis/build/icyphy/ptII/ptolemy/actor/lib/test/auto/PublisherPort4.xml (RunModel)" time="0.012" />
  <testcase classname="ptolemy.util.test.junit.AutoTests" name="[264] /home/travis/build/icyphy/ptII/ptolemy/actor/lib/test/auto/PublisherPort5.xml (RunModel)" time="0.013" />
  <testcase classname="ptolemy.util.test.junit.AutoTests" name="[265] /home/travis/build/icyphy/ptII/ptolemy/actor/lib/test/auto/PublisherPort5LookAlike.xml (RunModel)" time="0.018" />
  <testcase classname="ptolemy.util.test.junit.AutoTests" name="[266] /home/travis/build/icyphy/ptII/ptolemy/actor/lib/test/auto/PublisherPort6.xml (RunModel)" time="0.011" />
  <testcase classname="ptolemy.util.test.junit.AutoTests" name="[267] /home/travis/build/icyphy/ptII/ptolemy/actor/lib/test/auto/PublisherPort7.xml (RunModel)" time="0.014" />
  <testcase classname="ptolemy.util.test.junit.AutoTests" name="[268] /home/travis/build/icyphy/ptII/ptolemy/actor/lib/test/auto/PublisherPort8.xml (RunModel)" time="0.015" />
  <testcase classname="ptolemy.util.test.junit.AutoTests" name="[269] /home/travis/build/icyphy/ptII/ptolemy/actor/lib/test/auto/PublisherPortSubscriberChannelVariablesAOC2.xml (RunModel)" time="0.04" />
  <testcase classname="ptolemy.util.test.junit.AutoTests" name="[270] /home/travis/build/icyphy/ptII/ptolemy/actor/lib/test/auto/PublisherPortSubscriberOpaqueWidthInference.xml (RunModel)" time="0.014" />
  <testcase classname="ptolemy.util.test.junit.AutoTests" name="[271] /home/travis/build/icyphy/ptII/ptolemy/actor/lib/test/auto/PublisherPortSubscriberPortAdjacent.xml (RunModel)" time="0.017" />
  <testcase classname="ptolemy.util.test.junit.AutoTests" name="[272] /home/travis/build/icyphy/ptII/ptolemy/actor/lib/test/auto/PublisherPortSubscriberPortExpression.xml (RunModel)" time="0.018" />
  <testcase classname="ptolemy.util.test.junit.AutoTests" name="[273] /home/travis/build/icyphy/ptII/ptolemy/actor/lib/test/auto/PublisherPortSubscriberPortOpaqueD3Reverse.xml (RunModel)" time="0.022" />
  <testcase classname="ptolemy.util.test.junit.AutoTests" name="[274] /home/travis/build/icyphy/ptII/ptolemy/actor/lib/test/auto/PublisherPortSubscriberPortOpaqueWidthInference.xml (RunModel)" time="0.015" />
  <testcase classname="ptolemy.util.test.junit.AutoTests" name="[275] /home/travis/build/icyphy/ptII/ptolemy/actor/lib/test/auto/PublisherPortToplevelSubscriberPortAOC.xml (RunModel)" time="0.01" />
  <testcase classname="ptolemy.util.test.junit.AutoTests" name="[276] /home/travis/build/icyphy/ptII/ptolemy/actor/lib/test/auto/PublisherSubscriber.xml (RunModel)" time="0.013" />
  <testcase classname="ptolemy.util.test.junit.AutoTests" name="[277] /home/travis/build/icyphy/ptII/ptolemy/actor/lib/test/auto/PublisherSubscriber10.xml (RunModel)" time="0.02" />
  <testcase classname="ptolemy.util.test.junit.AutoTests" name="[278] /home/travis/build/icyphy/ptII/ptolemy/actor/lib/test/auto/PublisherSubscriber10InitialOutputs.xml (RunModel)" time="0.022" />
  <testcase classname="ptolemy.util.test.junit.AutoTests" name="[279] /home/travis/build/icyphy/ptII/ptolemy/actor/lib/test/auto/PublisherSubscriber11.xml (RunModel)" time="0.017" />
  <testcase classname="ptolemy.util.test.junit.AutoTests" name="[280] /home/travis/build/icyphy/ptII/ptolemy/actor/lib/test/auto/PublisherSubscriber12.xml (RunModel)" time="0.024" />
  <testcase classname="ptolemy.util.test.junit.AutoTests" name="[281] /home/travis/build/icyphy/ptII/ptolemy/actor/lib/test/auto/PublisherSubscriber13.xml (RunModel)" time="0.011" />
  <testcase classname="ptolemy.util.test.junit.AutoTests" name="[282] /home/travis/build/icyphy/ptII/ptolemy/actor/lib/test/auto/PublisherSubscriber14.xml (RunModel)" time="0.031" />
  <testcase classname="ptolemy.util.test.junit.AutoTests" name="[283] /home/travis/build/icyphy/ptII/ptolemy/actor/lib/test/auto/PublisherSubscriber2.xml (RunModel)" time="0.011" />
  <testcase classname="ptolemy.util.test.junit.AutoTests" name="[284] /home/travis/build/icyphy/ptII/ptolemy/actor/lib/test/auto/PublisherSubscriber3.xml (RunModel)" time="0.054" />
  <testcase classname="ptolemy.util.test.junit.AutoTests" name="[285] /home/travis/build/icyphy/ptII/ptolemy/actor/lib/test/auto/PublisherSubscriber4.xml (RunModel)" time="0.013" />
  <testcase classname="ptolemy.util.test.junit.AutoTests" name="[286] /home/travis/build/icyphy/ptII/ptolemy/actor/lib/test/auto/PublisherSubscriber5.xml (RunModel)" time="0.014" />
  <testcase classname="ptolemy.util.test.junit.AutoTests" name="[287] /home/travis/build/icyphy/ptII/ptolemy/actor/lib/test/auto/PublisherSubscriber6.xml (RunModel)" time="0.015" />
  <testcase classname="ptolemy.util.test.junit.AutoTests" name="[288] /home/travis/build/icyphy/ptII/ptolemy/actor/lib/test/auto/PublisherSubscriber7.xml (RunModel)" time="0.018" />
  <testcase classname="ptolemy.util.test.junit.AutoTests" name="[289] /home/travis/build/icyphy/ptII/ptolemy/actor/lib/test/auto/PublisherSubscriber8.xml (RunModel)" time="0.042" />
  <testcase classname="ptolemy.util.test.junit.AutoTests" name="[290] /home/travis/build/icyphy/ptII/ptolemy/actor/lib/test/auto/PublisherSubscriber9.xml (RunModel)" time="0.02" />
  <testcase classname="ptolemy.util.test.junit.AutoTests" name="[291] /home/travis/build/icyphy/ptII/ptolemy/actor/lib/test/auto/PublisherSubscriberAdjacent.xml (RunModel)" time="0.019" />
  <testcase classname="ptolemy.util.test.junit.AutoTests" name="[292] /home/travis/build/icyphy/ptII/ptolemy/actor/lib/test/auto/PublisherSubscriberChannelVariablesAOC2.xml (RunModel)" time="0.038" />
  <testcase classname="ptolemy.util.test.junit.AutoTests" name="[293] /home/travis/build/icyphy/ptII/ptolemy/actor/lib/test/auto/PublisherSubscriberD3.xml (RunModel)" time="0.016" />
  <testcase classname="ptolemy.util.test.junit.AutoTests" name="[294] /home/travis/build/icyphy/ptII/ptolemy/actor/lib/test/auto/PublisherSubscriberD3Reverse.xml (RunModel)" time="0.012" />
  <testcase classname="ptolemy.util.test.junit.AutoTests" name="[295] /home/travis/build/icyphy/ptII/ptolemy/actor/lib/test/auto/PublisherSubscriberExpression.xml (RunModel)" time="0.021" />
  <testcase classname="ptolemy.util.test.junit.AutoTests" name="[296] /home/travis/build/icyphy/ptII/ptolemy/actor/lib/test/auto/PublisherSubscriberOpaque.xml (RunModel)" time="0.016" />
  <testcase classname="ptolemy.util.test.junit.AutoTests" name="[297] /home/travis/build/icyphy/ptII/ptolemy/actor/lib/test/auto/PublisherSubscriberOpaqueD3.xml (RunModel)" time="0.024" />
  <testcase classname="ptolemy.util.test.junit.AutoTests" name="[298] /home/travis/build/icyphy/ptII/ptolemy/actor/lib/test/auto/PublisherSubscriberOpaqueD3Reverse.xml (RunModel)" time="0.027" />
  <testcase classname="ptolemy.util.test.junit.AutoTests" name="[299] /home/travis/build/icyphy/ptII/ptolemy/actor/lib/test/auto/PublisherSubscriberOpaqueWidthInference.xml (RunModel)" time="0.021" />
  <testcase classname="ptolemy.util.test.junit.AutoTests" name="[300] /home/travis/build/icyphy/ptII/ptolemy/actor/lib/test/auto/PublisherTestSubscriber.xml (RunModel)" time="0.018" />
  <testcase classname="ptolemy.util.test.junit.AutoTests" name="[301] /home/travis/build/icyphy/ptII/ptolemy/actor/lib/test/auto/PublisherToplevelSubscriberPortAOC.xml (RunModel)" time="0.013" />
  <testcase classname="ptolemy.util.test.junit.AutoTests" name="[302] /home/travis/build/icyphy/ptII/ptolemy/actor/lib/test/auto/PulseFiringLimitDE.xml (RunModel)" time="0.018" />
  <testcase classname="ptolemy.util.test.junit.AutoTests" name="[303] /home/travis/build/icyphy/ptII/ptolemy/actor/lib/test/auto/Ramp1.xml (RunModel)" time="0.008" />
  <testcase classname="ptolemy.util.test.junit.AutoTests" name="[304] /home/travis/build/icyphy/ptII/ptolemy/actor/lib/test/auto/RampFiringLimitDE.xml (RunModel)" time="0.012" />
  <testcase classname="ptolemy.util.test.junit.AutoTests" name="[305] /home/travis/build/icyphy/ptII/ptolemy/actor/lib/test/auto/RampFiringLimitSDF.xml (RunModel)" time="0.013" />
  <testcase classname="ptolemy.util.test.junit.AutoTests" name="[306] /home/travis/build/icyphy/ptII/ptolemy/actor/lib/test/auto/RandomInteger.xml (RunModel)" time="0.01" />
  <testcase classname="ptolemy.util.test.junit.AutoTests" name="[307] /home/travis/build/icyphy/ptII/ptolemy/actor/lib/test/auto/ReadFile1.xml (RunModel)" time="0.008" />
  <testcase classname="ptolemy.util.test.junit.AutoTests" name="[308] /home/travis/build/icyphy/ptII/ptolemy/actor/lib/test/auto/ReadFile2.xml (RunModel)" time="0.007" />
  <testcase classname="ptolemy.util.test.junit.AutoTests" name="[309] /home/travis/build/icyphy/ptII/ptolemy/actor/lib/test/auto/Reader.xml (RunModel)" time="0.015" />
  <testcase classname="ptolemy.util.test.junit.AutoTests" name="[310] /home/travis/build/icyphy/ptII/ptolemy/actor/lib/test/auto/RecordAssemblerDisplayNameTest.xml (RunModel)" time="3.827" />
  <testcase classname="ptolemy.util.test.junit.AutoTests" name="[311] /home/travis/build/icyphy/ptII/ptolemy/actor/lib/test/auto/RecordAssemblerTypeError.xml (RunModel)" time="0.034" />
  <testcase classname="ptolemy.util.test.junit.AutoTests" name="[312] /home/travis/build/icyphy/ptII/ptolemy/actor/lib/test/auto/RecordDisassember.xml (RunModel)" time="0.019" />
  <testcase classname="ptolemy.util.test.junit.AutoTests" name="[313] /home/travis/build/icyphy/ptII/ptolemy/actor/lib/test/auto/RecordDisassemberDisplayNameTest.xml (RunModel)" time="0.022" />
  <testcase classname="ptolemy.util.test.junit.AutoTests" name="[314] /home/travis/build/icyphy/ptII/ptolemy/actor/lib/test/auto/RecordDisassembler.xml (RunModel)" time="0.011" />
  <testcase classname="ptolemy.util.test.junit.AutoTests" name="[315] /home/travis/build/icyphy/ptII/ptolemy/actor/lib/test/auto/RecordDisassembler2.xml (RunModel)" time="0.011" />
  <testcase classname="ptolemy.util.test.junit.AutoTests" name="[316] /home/travis/build/icyphy/ptII/ptolemy/actor/lib/test/auto/RecordUpdater.xml (RunModel)" time="0.008" />
  <testcase classname="ptolemy.util.test.junit.AutoTests" name="[317] /home/travis/build/icyphy/ptII/ptolemy/actor/lib/test/auto/RecordUpdater2.xml (RunModel)" time="0.008" />
  <testcase classname="ptolemy.util.test.junit.AutoTests" name="[318] /home/travis/build/icyphy/ptII/ptolemy/actor/lib/test/auto/RecursiveLattice.xml (RunModel)" time="0.006" />
  <testcase classname="ptolemy.util.test.junit.AutoTests" name="[319] /home/travis/build/icyphy/ptII/ptolemy/actor/lib/test/auto/Router.xml (RunModel)" time="3.024" />
  <testcase classname="ptolemy.util.test.junit.AutoTests" name="[320] /home/travis/build/icyphy/ptII/ptolemy/actor/lib/test/auto/Router2.xml (RunModel)" time="3.031" />
  <testcase classname="ptolemy.util.test.junit.AutoTests" name="[321] /home/travis/build/icyphy/ptII/ptolemy/actor/lib/test/auto/RunningMaximum.xml (RunModel)" time="0.021" />
  <testcase classname="ptolemy.util.test.junit.AutoTests" name="[322] /home/travis/build/icyphy/ptII/ptolemy/actor/lib/test/auto/RunningMinimum.xml (RunModel)" time="0.022" />
  <testcase classname="ptolemy.util.test.junit.AutoTests" name="[323] /home/travis/build/icyphy/ptII/ptolemy/actor/lib/test/auto/Scale.xml (RunModel)" time="0.01" />
  <testcase classname="ptolemy.util.test.junit.AutoTests" name="[324] /home/travis/build/icyphy/ptII/ptolemy/actor/lib/test/auto/Scale2.xml (RunModel)" time="0.011" />
  <testcase classname="ptolemy.util.test.junit.AutoTests" name="[325] /home/travis/build/icyphy/ptII/ptolemy/actor/lib/test/auto/Scale3.xml (RunModel)" time="0.014" />
  <testcase classname="ptolemy.util.test.junit.AutoTests" name="[326] /home/travis/build/icyphy/ptII/ptolemy/actor/lib/test/auto/ScaleArray.xml (RunModel)" time="0.014" />
  <testcase classname="ptolemy.util.test.junit.AutoTests" name="[327] /home/travis/build/icyphy/ptII/ptolemy/actor/lib/test/auto/ScaleArray2.xml (RunModel)" time="0.01" />
  <testcase classname="ptolemy.util.test.junit.AutoTests" name="[328] /home/travis/build/icyphy/ptII/ptolemy/actor/lib/test/auto/ScaleMatrix.xml (RunModel)" time="0.141" />
  <testcase classname="ptolemy.util.test.junit.AutoTests" name="[329] /home/travis/build/icyphy/ptII/ptolemy/actor/lib/test/auto/Select.xml (RunModel)" time="0.015" />
  <testcase classname="ptolemy.util.test.junit.AutoTests" name="[330] /home/travis/build/icyphy/ptII/ptolemy/actor/lib/test/auto/Select2.xml (RunModel)" time="0.009" />
  <testcase classname="ptolemy.util.test.junit.AutoTests" name="[331] /home/travis/build/icyphy/ptII/ptolemy/actor/lib/test/auto/SequenceToArray2.xml (RunModel)" time="0.158" />
  <testcase classname="ptolemy.util.test.junit.AutoTests" name="[332] /home/travis/build/icyphy/ptII/ptolemy/actor/lib/test/auto/SequentialClock.xml (RunModel)" time="0.008" />
  <testcase classname="ptolemy.util.test.junit.AutoTests" name="[333] /home/travis/build/icyphy/ptII/ptolemy/actor/lib/test/auto/SetVariable.xml (RunModel)" time="0.012" />
  <testcase classname="ptolemy.util.test.junit.AutoTests" name="[334] /home/travis/build/icyphy/ptII/ptolemy/actor/lib/test/auto/SetVariable2.xml (RunModel)" time="0.011" />
  <testcase classname="ptolemy.util.test.junit.AutoTests" name="[335] /home/travis/build/icyphy/ptII/ptolemy/actor/lib/test/auto/SetVariable3.xml (RunModel)" time="0.016" />
  <testcase classname="ptolemy.util.test.junit.AutoTests" name="[336] /home/travis/build/icyphy/ptII/ptolemy/actor/lib/test/auto/SetVariable4.xml (RunModel)" time="0.033" />
  <testcase classname="ptolemy.util.test.junit.AutoTests" name="[337] /home/travis/build/icyphy/ptII/ptolemy/actor/lib/test/auto/SetVariable5.xml (RunModel)" time="0.03" />
  <testcase classname="ptolemy.util.test.junit.AutoTests" name="[338] /home/travis/build/icyphy/ptII/ptolemy/actor/lib/test/auto/Sinewave.xml (RunModel)" time="0.03" />
  <testcase classname="ptolemy.util.test.junit.AutoTests" name="[339] /home/travis/build/icyphy/ptII/ptolemy/actor/lib/test/auto/Sinewave2.xml (RunModel)" time="0.019" />
  <testcase classname="ptolemy.util.test.junit.AutoTests" name="[340] /home/travis/build/icyphy/ptII/ptolemy/actor/lib/test/auto/Sinewave3.xml (RunModel)" time="0.019" />
  <testcase classname="ptolemy.util.test.junit.AutoTests" name="[341] /home/travis/build/icyphy/ptII/ptolemy/actor/lib/test/auto/SingleEvent.xml (RunModel)" time="0.008" />
  <testcase classname="ptolemy.util.test.junit.AutoTests" name="[342] /home/travis/build/icyphy/ptII/ptolemy/actor/lib/test/auto/Sleep.xml (RunModel)" time="6.02" />
  <testcase classname="ptolemy.util.test.junit.AutoTests" name="[343] /home/travis/build/icyphy/ptII/ptolemy/actor/lib/test/auto/SleepMultipleFire.xml (RunModel)" time="1.019" />
  <testcase classname="ptolemy.util.test.junit.AutoTests" name="[344] /home/travis/build/icyphy/ptII/ptolemy/actor/lib/test/auto/StopDE.xml (RunModel)" time="0.024" />
  <testcase classname="ptolemy.util.test.junit.AutoTests" name="[345] /home/travis/build/icyphy/ptII/ptolemy/actor/lib/test/auto/StopSDF.xml (RunModel)" time="0.017" />
  <testcase classname="ptolemy.util.test.junit.AutoTests" name="[346] /home/travis/build/icyphy/ptII/ptolemy/actor/lib/test/auto/StringConstant.xml (RunModel)" time="0.021" />
  <testcase classname="ptolemy.util.test.junit.AutoTests" name="[347] /home/travis/build/icyphy/ptII/ptolemy/actor/lib/test/auto/SubscriberPortInitialValues1.xml (RunModel)" time="0.043" />
  <testcase classname="ptolemy.util.test.junit.AutoTests" name="[348] /home/travis/build/icyphy/ptII/ptolemy/actor/lib/test/auto/SubscriberPortInitialValues13.xml (RunModel)" time="0.031" />
  <testcase classname="ptolemy.util.test.junit.AutoTests" name="[349] /home/travis/build/icyphy/ptII/ptolemy/actor/lib/test/auto/SubscriberPortInitialValues14.xml (RunModel)" time="0.018" />
  <testcase classname="ptolemy.util.test.junit.AutoTests" name="[350] /home/travis/build/icyphy/ptII/ptolemy/actor/lib/test/auto/SubscriberPortInitialValues2.xml (RunModel)" time="0.029" />
  <testcase classname="ptolemy.util.test.junit.AutoTests" name="[351] /home/travis/build/icyphy/ptII/ptolemy/actor/lib/test/auto/SubscriberPortInitialValues3.xml (RunModel)" time="0.027" />
  <testcase classname="ptolemy.util.test.junit.AutoTests" name="[352] /home/travis/build/icyphy/ptII/ptolemy/actor/lib/test/auto/SubscriptionAggregator.xml (RunModel)" time="0.018" />
  <testcase classname="ptolemy.util.test.junit.AutoTests" name="[353] /home/travis/build/icyphy/ptII/ptolemy/actor/lib/test/auto/SubscriptionAggregator2.xml (RunModel)" time="0.013" />
  <testcase classname="ptolemy.util.test.junit.AutoTests" name="[354] /home/travis/build/icyphy/ptII/ptolemy/actor/lib/test/auto/SubscriptionAggregator3.xml (RunModel)" time="0.019" />
  <testcase classname="ptolemy.util.test.junit.AutoTests" name="[355] /home/travis/build/icyphy/ptII/ptolemy/actor/lib/test/auto/SubscriptionAggregatorMultiply.xml (RunModel)" time="0.016" />
  <testcase classname="ptolemy.util.test.junit.AutoTests" name="[356] /home/travis/build/icyphy/ptII/ptolemy/actor/lib/test/auto/SubscriptionAggregatorPortMultiply1.xml (RunModel)" time="0.014" />
  <testcase classname="ptolemy.util.test.junit.AutoTests" name="[357] /home/travis/build/icyphy/ptII/ptolemy/actor/lib/test/auto/Switch.xml (RunModel)" time="0.02" />
  <testcase classname="ptolemy.util.test.junit.AutoTests" name="[358] /home/travis/build/icyphy/ptII/ptolemy/actor/lib/test/auto/Switch2.xml (RunModel)" time="0.014" />
  <testcase classname="ptolemy.util.test.junit.AutoTests" name="[359] /home/travis/build/icyphy/ptII/ptolemy/actor/lib/test/auto/SwitchDE.xml (RunModel)" time="0.061" />
  <testcase classname="ptolemy.util.test.junit.AutoTests" name="[360] /home/travis/build/icyphy/ptII/ptolemy/actor/lib/test/auto/SynchronizerDE.xml (RunModel)" time="0.024" />
  <testcase classname="ptolemy.util.test.junit.AutoTests" name="[361] /home/travis/build/icyphy/ptII/ptolemy/actor/lib/test/auto/Test.xml (RunModel)" time="0.016" />
  <testcase classname="ptolemy.util.test.junit.AutoTests" name="[362] /home/travis/build/icyphy/ptII/ptolemy/actor/lib/test/auto/TestExceptionAttribute1.xml (RunModel)" time="0.011" />
  <testcase classname="ptolemy.util.test.junit.AutoTests" name="[363] /home/travis/build/icyphy/ptII/ptolemy/actor/lib/test/auto/TestExceptionAttribute2.xml (RunModel)" time="0.008" />
  <testcase classname="ptolemy.util.test.junit.AutoTests" name="[364] /home/travis/build/icyphy/ptII/ptolemy/actor/lib/test/auto/TestExceptionAttribute3.xml (RunModel)" time="0.011" />
  <testcase classname="ptolemy.util.test.junit.AutoTests" name="[365] /home/travis/build/icyphy/ptII/ptolemy/actor/lib/test/auto/TestExceptionAttribute4.xml (RunModel)" time="0.007" />
  <testcase classname="ptolemy.util.test.junit.AutoTests" name="[366] /home/travis/build/icyphy/ptII/ptolemy/actor/lib/test/auto/TestExceptionHandler1.xml (RunModel)" time="0.007" />
  <testcase classname="ptolemy.util.test.junit.AutoTests" name="[367] /home/travis/build/icyphy/ptII/ptolemy/actor/lib/test/auto/TestExceptionHandler2.xml (RunModel)" time="0.007" />
  <testcase classname="ptolemy.util.test.junit.AutoTests" name="[368] /home/travis/build/icyphy/ptII/ptolemy/actor/lib/test/auto/TestExceptionHandler3.xml (RunModel)" time="0.006" />
  <testcase classname="ptolemy.util.test.junit.AutoTests" name="[369] /home/travis/build/icyphy/ptII/ptolemy/actor/lib/test/auto/TestExceptionHandler4.xml (RunModel)" time="0.006" />
  <testcase classname="ptolemy.util.test.junit.AutoTests" name="[370] /home/travis/build/icyphy/ptII/ptolemy/actor/lib/test/auto/TestRequireCorrectOrder.xml (RunModel)" time="0.016" />
  <testcase classname="ptolemy.util.test.junit.AutoTests" name="[371] /home/travis/build/icyphy/ptII/ptolemy/actor/lib/test/auto/TestSimple.xml (RunModel)" time="0.009" />
  <testcase classname="ptolemy.util.test.junit.AutoTests" name="[372] /home/travis/build/icyphy/ptII/ptolemy/actor/lib/test/auto/ThrowModelError.xml (RunModel)" time="0.01" />
  <testcase classname="ptolemy.util.test.junit.AutoTests" name="[373] /home/travis/build/icyphy/ptII/ptolemy/actor/lib/test/auto/TimeDelayMicrosteps.xml (RunModel)" time="0.015" />
  <testcase classname="ptolemy.util.test.junit.AutoTests" name="[374] /home/travis/build/icyphy/ptII/ptolemy/actor/lib/test/auto/TimeDelayMicrosteps2.xml (RunModel)" time="0.014" />
  <testcase classname="ptolemy.util.test.junit.AutoTests" name="[375] /home/travis/build/icyphy/ptII/ptolemy/actor/lib/test/auto/TimeDelayMicrosteps3.xml (RunModel)" time="0.015" />
  <testcase classname="ptolemy.util.test.junit.AutoTests" name="[376] /home/travis/build/icyphy/ptII/ptolemy/actor/lib/test/auto/TimeDelayVariableMicrosteps.xml (RunModel)" time="0.013" />
  <testcase classname="ptolemy.util.test.junit.AutoTests" name="[377] /home/travis/build/icyphy/ptII/ptolemy/actor/lib/test/auto/TimeGap.xml (RunModel)" time="0.014" />
  <testcase classname="ptolemy.util.test.junit.AutoTests" name="[378] /home/travis/build/icyphy/ptII/ptolemy/actor/lib/test/auto/TimeGap2.xml (RunModel)" time="0.013" />
  <testcase classname="ptolemy.util.test.junit.AutoTests" name="[379] /home/travis/build/icyphy/ptII/ptolemy/actor/lib/test/auto/TimedSinewave.xml (RunModel)" time="0.051" />
  <testcase classname="ptolemy.util.test.junit.AutoTests" name="[380] /home/travis/build/icyphy/ptII/ptolemy/actor/lib/test/auto/TimedSinewavePhase.xml (RunModel)" time="0.047" />
  <testcase classname="ptolemy.util.test.junit.AutoTests" name="[381] /home/travis/build/icyphy/ptII/ptolemy/actor/lib/test/auto/Timer.xml (RunModel)" time="0.013" />
  <testcase classname="ptolemy.util.test.junit.AutoTests" name="[382] /home/travis/build/icyphy/ptII/ptolemy/actor/lib/test/auto/TriangularDistTestModel.xml (RunModel)" time="0.018" />
  <testcase classname="ptolemy.util.test.junit.AutoTests" name="[383] /home/travis/build/icyphy/ptII/ptolemy/actor/lib/test/auto/TrigFunction.xml (RunModel)" time="0.009" />
  <testcase classname="ptolemy.util.test.junit.AutoTests" name="[384] /home/travis/build/icyphy/ptII/ptolemy/actor/lib/test/auto/TrigFunctionDE.xml (RunModel)" time="0.011" />
  <testcase classname="ptolemy.util.test.junit.AutoTests" name="[385] /home/travis/build/icyphy/ptII/ptolemy/actor/lib/test/auto/TrigFunctionInverse.xml (RunModel)" time="0.009" />
  <testcase classname="ptolemy.util.test.junit.AutoTests" name="[386] /home/travis/build/icyphy/ptII/ptolemy/actor/lib/test/auto/TrigFunctionTan.xml (RunModel)" time="0.006" />
  <testcase classname="ptolemy.util.test.junit.AutoTests" name="[387] /home/travis/build/icyphy/ptII/ptolemy/actor/lib/test/auto/TriggeredClock.xml (RunModel)" time="0.008" />
  <testcase classname="ptolemy.util.test.junit.AutoTests" name="[388] /home/travis/build/icyphy/ptII/ptolemy/actor/lib/test/auto/URLDirectoryReader.xml (RunModel)" time="0.141" />
  <testcase classname="ptolemy.util.test.junit.AutoTests" name="[389] /home/travis/build/icyphy/ptII/ptolemy/actor/lib/test/auto/URLDirectoryReader3.xml (RunModel)" time="1.387" />
  <testcase classname="ptolemy.util.test.junit.AutoTests" name="[390] /home/travis/build/icyphy/ptII/ptolemy/actor/lib/test/auto/UnaryMathFunction.xml (RunModel)" time="0.032" />
  <testcase classname="ptolemy.util.test.junit.AutoTests" name="[391] /home/travis/build/icyphy/ptII/ptolemy/actor/lib/test/auto/Uniform.xml (RunModel)" time="0.011" />
  <testcase classname="ptolemy.util.test.junit.AutoTests" name="[392] /home/travis/build/icyphy/ptII/ptolemy/actor/lib/test/auto/UnionDisassemblerTest.xml (RunModel)" time="0.009" />
  <testcase classname="ptolemy.util.test.junit.AutoTests" name="[393] /home/travis/build/icyphy/ptII/ptolemy/actor/lib/test/auto/UtilityFunctions.xml (RunModel)" time="0.008" />
  <testcase classname="ptolemy.util.test.junit.AutoTests" name="[394] /home/travis/build/icyphy/ptII/ptolemy/actor/lib/test/auto/VariableSleep.xml (RunModel)" time="0.513" />
  <testcase classname="ptolemy.util.test.junit.AutoTests" name="[395] /home/travis/build/icyphy/ptII/ptolemy/actor/lib/test/auto/VectorAssemblerDisassemblerCT.xml (RunModel)" time="0.107" />
  <testcase classname="ptolemy.util.test.junit.AutoTests" name="[396] /home/travis/build/icyphy/ptII/ptolemy/actor/lib/test/auto/VectorAssemblerDisassemblerDE.xml (RunModel)" time="0.012" />
  <testcase classname="ptolemy.util.test.junit.AutoTests" name="[397] /home/travis/build/icyphy/ptII/ptolemy/actor/lib/test/auto/VectorAssemblerDisassemblerSDF.xml (RunModel)" time="0.011" />
  <testcase classname="ptolemy.util.test.junit.AutoTests" name="[398] /home/travis/build/icyphy/ptII/ptolemy/actor/lib/test/auto/WallClockTime.xml (RunModel)" time="1.012" />
  <testcase classname="ptolemy.util.test.junit.AutoTests" name="[399] /home/travis/build/icyphy/ptII/ptolemy/actor/lib/test/auto/WidthTestWithSubscriberPublisher.xml (RunModel)" time="0.036" />
  <testcase classname="ptolemy.util.test.junit.AutoTests" name="[400] /home/travis/build/icyphy/ptII/ptolemy/actor/lib/test/auto/WidthTestWithSubscriberPublisher2.xml (RunModel)" time="0.012" />
  <testcase classname="ptolemy.util.test.junit.AutoTests" name="[401] /home/travis/build/icyphy/ptII/ptolemy/actor/lib/test/auto/WidthTestWithSubscriberPublisher3.xml (RunModel)" time="0.008" />
  <testcase classname="ptolemy.util.test.junit.AutoTests" name="[402] /home/travis/build/icyphy/ptII/ptolemy/actor/lib/test/auto/Writer.xml (RunModel)" time="0.006" />
  <testcase classname="ptolemy.util.test.junit.AutoTests" name="[403] /home/travis/build/icyphy/ptII/ptolemy/actor/lib/test/auto/array.xml (RunModel)" time="0.021" />
  <testcase classname="ptolemy.util.test.junit.AutoTests" name="[404] /home/travis/build/icyphy/ptII/ptolemy/actor/lib/test/auto/array2.xml (RunModel)" time="0.015" />
  <testcase classname="ptolemy.util.test.junit.AutoTests" name="[405] /home/travis/build/icyphy/ptII/ptolemy/actor/lib/test/auto/arrayType.xml (RunModel)" time="0.02" />
  <testcase classname="ptolemy.util.test.junit.AutoTests" name="[406] /home/travis/build/icyphy/ptII/ptolemy/actor/lib/test/auto/arrayType10.xml (RunModel)" time="0.007" />
  <testcase classname="ptolemy.util.test.junit.AutoTests" name="[407] /home/travis/build/icyphy/ptII/ptolemy/actor/lib/test/auto/arrayType11.xml (RunModel)" time="0.007" />
  <testcase classname="ptolemy.util.test.junit.AutoTests" name="[408] /home/travis/build/icyphy/ptII/ptolemy/actor/lib/test/auto/arrayType12.xml (RunModel)" time="0.007" />
  <testcase classname="ptolemy.util.test.junit.AutoTests" name="[409] /home/travis/build/icyphy/ptII/ptolemy/actor/lib/test/auto/arrayType13.xml (RunModel)" time="0.008" />
  <testcase classname="ptolemy.util.test.junit.AutoTests" name="[410] /home/travis/build/icyphy/ptII/ptolemy/actor/lib/test/auto/arrayType14.xml (RunModel)" time="0.008" />
  <testcase classname="ptolemy.util.test.junit.AutoTests" name="[411] /home/travis/build/icyphy/ptII/ptolemy/actor/lib/test/auto/arrayType15.xml (RunModel)" time="0.009" />
  <testcase classname="ptolemy.util.test.junit.AutoTests" name="[412] /home/travis/build/icyphy/ptII/ptolemy/actor/lib/test/auto/arrayType16.xml (RunModel)" time="0.009" />
  <testcase classname="ptolemy.util.test.junit.AutoTests" name="[413] /home/travis/build/icyphy/ptII/ptolemy/actor/lib/test/auto/arrayType17.xml (RunModel)" time="0.008" />
  <testcase classname="ptolemy.util.test.junit.AutoTests" name="[414] /home/travis/build/icyphy/ptII/ptolemy/actor/lib/test/auto/arrayType18.xml (RunModel)" time="0.008" />
  <testcase classname="ptolemy.util.test.junit.AutoTests" name="[415] /home/travis/build/icyphy/ptII/ptolemy/actor/lib/test/auto/arrayType19.xml (RunModel)" time="0.007" />
  <testcase classname="ptolemy.util.test.junit.AutoTests" name="[416] /home/travis/build/icyphy/ptII/ptolemy/actor/lib/test/auto/arrayType2.xml (RunModel)" time="0.008" />
  <testcase classname="ptolemy.util.test.junit.AutoTests" name="[417] /home/travis/build/icyphy/ptII/ptolemy/actor/lib/test/auto/arrayType20.xml (RunModel)" time="0.008" />
  <testcase classname="ptolemy.util.test.junit.AutoTests" name="[418] /home/travis/build/icyphy/ptII/ptolemy/actor/lib/test/auto/arrayType21.xml (RunModel)" time="0.007" />
  <testcase classname="ptolemy.util.test.junit.AutoTests" name="[419] /home/travis/build/icyphy/ptII/ptolemy/actor/lib/test/auto/arrayType22.xml (RunModel)" time="0.007" />
  <testcase classname="ptolemy.util.test.junit.AutoTests" name="[420] /home/travis/build/icyphy/ptII/ptolemy/actor/lib/test/auto/arrayType23.xml (RunModel)" time="0.007" />
  <testcase classname="ptolemy.util.test.junit.AutoTests" name="[421] /home/travis/build/icyphy/ptII/ptolemy/actor/lib/test/auto/arrayType24.xml (RunModel)" time="0.008" />
  <testcase classname="ptolemy.util.test.junit.AutoTests" name="[422] /home/travis/build/icyphy/ptII/ptolemy/actor/lib/test/auto/arrayType25.xml (RunModel)" time="0.007" />
  <testcase classname="ptolemy.util.test.junit.AutoTests" name="[423] /home/travis/build/icyphy/ptII/ptolemy/actor/lib/test/auto/arrayType26.xml (RunModel)" time="0.008" />
  <testcase classname="ptolemy.util.test.junit.AutoTests" name="[424] /home/travis/build/icyphy/ptII/ptolemy/actor/lib/test/auto/arrayType27.xml (RunModel)" time="0.008" />
  <testcase classname="ptolemy.util.test.junit.AutoTests" name="[425] /home/travis/build/icyphy/ptII/ptolemy/actor/lib/test/auto/arrayType28.xml (RunModel)" time="0.01" />
  <testcase classname="ptolemy.util.test.junit.AutoTests" name="[426] /home/travis/build/icyphy/ptII/ptolemy/actor/lib/test/auto/arrayType3.xml (RunModel)" time="0.011" />
  <testcase classname="ptolemy.util.test.junit.AutoTests" name="[427] /home/travis/build/icyphy/ptII/ptolemy/actor/lib/test/auto/arrayType4.xml (RunModel)" time="0.009" />
  <testcase classname="ptolemy.util.test.junit.AutoTests" name="[428] /home/travis/build/icyphy/ptII/ptolemy/actor/lib/test/auto/arrayType5.xml (RunModel)" time="0.008" />
  <testcase classname="ptolemy.util.test.junit.AutoTests" name="[429] /home/travis/build/icyphy/ptII/ptolemy/actor/lib/test/auto/arrayType6.xml (RunModel)" time="0.007" />
  <testcase classname="ptolemy.util.test.junit.AutoTests" name="[430] /home/travis/build/icyphy/ptII/ptolemy/actor/lib/test/auto/arrayType7.xml (RunModel)" time="0.007" />
  <testcase classname="ptolemy.util.test.junit.AutoTests" name="[431] /home/travis/build/icyphy/ptII/ptolemy/actor/lib/test/auto/arrayType8.xml (RunModel)" time="0.012" />
  <testcase classname="ptolemy.util.test.junit.AutoTests" name="[432] /home/travis/build/icyphy/ptII/ptolemy/actor/lib/test/auto/arrayType9.xml (RunModel)" time="0.007" />
  <testcase classname="ptolemy.util.test.junit.AutoTests" name="[433] /home/travis/build/icyphy/ptII/ptolemy/actor/lib/test/auto/cast.xml (RunModel)" time="0.017" />
  <testcase classname="ptolemy.util.test.junit.AutoTests" name="[434] /home/travis/build/icyphy/ptII/ptolemy/actor/lib/test/auto/compositeMultiPort.xml (RunModel)" time="0.017" />
  <testcase classname="ptolemy.util.test.junit.AutoTests" name="[435] /home/travis/build/icyphy/ptII/ptolemy/actor/lib/test/auto/expressionCastInference.xml (RunModel)" time="0.008" />
  <testcase classname="ptolemy.util.test.junit.AutoTests" name="[436] /home/travis/build/icyphy/ptII/ptolemy/actor/lib/test/auto/expressionCastInference2.xml (RunModel)" time="0.012" />
  <testcase classname="ptolemy.util.test.junit.AutoTests" name="[437] /home/travis/build/icyphy/ptII/ptolemy/actor/lib/test/auto/expressionInference.xml (RunModel)" time="0.007" />
  <testcase classname="ptolemy.util.test.junit.AutoTests" name="[438] /home/travis/build/icyphy/ptII/ptolemy/actor/lib/test/auto/expression_bug.xml (RunModel)" time="0.006" />
  <testcase classname="ptolemy.util.test.junit.AutoTests" name="[439] /home/travis/build/icyphy/ptII/ptolemy/actor/lib/test/auto/factorial.xml (RunModel)" time="0.047" />
  <testcase classname="ptolemy.util.test.junit.AutoTests" name="[440] /home/travis/build/icyphy/ptII/ptolemy/actor/lib/test/auto/filterTest1.xml (RunModel)" time="0.012" />
  <testcase classname="ptolemy.util.test.junit.AutoTests" name="[441] /home/travis/build/icyphy/ptII/ptolemy/actor/lib/test/auto/funcApplyInConst.xml (RunModel)" time="0.005" />
  <testcase classname="ptolemy.util.test.junit.AutoTests" name="[442] /home/travis/build/icyphy/ptII/ptolemy/actor/lib/test/auto/funcApplyInExpr.xml (RunModel)" time="0.006" />
  <testcase classname="ptolemy.util.test.junit.AutoTests" name="[443] /home/travis/build/icyphy/ptII/ptolemy/actor/lib/test/auto/function.xml (RunModel)" time="0.012" />
  <testcase classname="ptolemy.util.test.junit.AutoTests" name="[444] /home/travis/build/icyphy/ptII/ptolemy/actor/lib/test/auto/function2.xml (RunModel)" time="0.008" />
  <testcase classname="ptolemy.util.test.junit.AutoTests" name="[445] /home/travis/build/icyphy/ptII/ptolemy/actor/lib/test/auto/function3.xml (RunModel)" time="0.005" />
  <testcase classname="ptolemy.util.test.junit.AutoTests" name="[446] /home/travis/build/icyphy/ptII/ptolemy/actor/lib/test/auto/functionClosureTest1.xml (RunModel)" time="0.01" />
  <testcase classname="ptolemy.util.test.junit.AutoTests" name="[447] /home/travis/build/icyphy/ptII/ptolemy/actor/lib/test/auto/functionClosureTest2.xml (RunModel)" time="0.006" />
  <testcase classname="ptolemy.util.test.junit.AutoTests" name="[448] /home/travis/build/icyphy/ptII/ptolemy/actor/lib/test/auto/functionClosureTest3.xml (RunModel)" time="0.008" />
  <testcase classname="ptolemy.util.test.junit.AutoTests" name="[449] /home/travis/build/icyphy/ptII/ptolemy/actor/lib/test/auto/functionClosureTest4.xml (RunModel)" time="0.013" />
  <testcase classname="ptolemy.util.test.junit.AutoTests" name="[450] /home/travis/build/icyphy/ptII/ptolemy/actor/lib/test/auto/functionClosureTest5.xml (RunModel)" time="0.062" />
  <testcase classname="ptolemy.util.test.junit.AutoTests" name="[451] /home/travis/build/icyphy/ptII/ptolemy/actor/lib/test/auto/functionClosureTest6.xml (RunModel)" time="0.008" />
  <testcase classname="ptolemy.util.test.junit.AutoTests" name="[452] /home/travis/build/icyphy/ptII/ptolemy/actor/lib/test/auto/functionsOnArcs.xml (RunModel)" time="0.008" />
  <testcase classname="ptolemy.util.test.junit.AutoTests" name="[453] /home/travis/build/icyphy/ptII/ptolemy/actor/lib/test/auto/functionsOnArcsHOF.xml (RunModel)" time="0.012" />
  <testcase classname="ptolemy.util.test.junit.AutoTests" name="[454] /home/travis/build/icyphy/ptII/ptolemy/actor/lib/test/auto/logic.xml (RunModel)" time="0.016" />
  <testcase classname="ptolemy.util.test.junit.AutoTests" name="[455] /home/travis/build/icyphy/ptII/ptolemy/actor/lib/test/auto/matrixType.xml (RunModel)" time="0.009" />
  <testcase classname="ptolemy.util.test.junit.AutoTests" name="[456] /home/travis/build/icyphy/ptII/ptolemy/actor/lib/test/auto/matrixType10.xml (RunModel)" time="0.008" />
  <testcase classname="ptolemy.util.test.junit.AutoTests" name="[457] /home/travis/build/icyphy/ptII/ptolemy/actor/lib/test/auto/matrixType11.xml (RunModel)" time="0.007" />
  <testcase classname="ptolemy.util.test.junit.AutoTests" name="[458] /home/travis/build/icyphy/ptII/ptolemy/actor/lib/test/auto/matrixType12.xml (RunModel)" time="0.009" />
  <testcase classname="ptolemy.util.test.junit.AutoTests" name="[459] /home/travis/build/icyphy/ptII/ptolemy/actor/lib/test/auto/matrixType13.xml (RunModel)" time="0.007" />
  <testcase classname="ptolemy.util.test.junit.AutoTests" name="[460] /home/travis/build/icyphy/ptII/ptolemy/actor/lib/test/auto/matrixType14.xml (RunModel)" time="0.008" />
  <testcase classname="ptolemy.util.test.junit.AutoTests" name="[461] /home/travis/build/icyphy/ptII/ptolemy/actor/lib/test/auto/matrixType2.xml (RunModel)" time="0.01" />
  <testcase classname="ptolemy.util.test.junit.AutoTests" name="[462] /home/travis/build/icyphy/ptII/ptolemy/actor/lib/test/auto/matrixType3.xml (RunModel)" time="0.009" />
  <testcase classname="ptolemy.util.test.junit.AutoTests" name="[463] /home/travis/build/icyphy/ptII/ptolemy/actor/lib/test/auto/matrixType4.xml (RunModel)" time="0.007" />
  <testcase classname="ptolemy.util.test.junit.AutoTests" name="[464] /home/travis/build/icyphy/ptII/ptolemy/actor/lib/test/auto/matrixType5.xml (RunModel)" time="0.007" />
  <testcase classname="ptolemy.util.test.junit.AutoTests" name="[465] /home/travis/build/icyphy/ptII/ptolemy/actor/lib/test/auto/matrixType6.xml (RunModel)" time="0.007" />
  <testcase classname="ptolemy.util.test.junit.AutoTests" name="[466] /home/travis/build/icyphy/ptII/ptolemy/actor/lib/test/auto/matrixType7.xml (RunModel)" time="0.007" />
  <testcase classname="ptolemy.util.test.junit.AutoTests" name="[467] /home/travis/build/icyphy/ptII/ptolemy/actor/lib/test/auto/matrixType8.xml (RunModel)" time="0.008" />
  <testcase classname="ptolemy.util.test.junit.AutoTests" name="[468] /home/travis/build/icyphy/ptII/ptolemy/actor/lib/test/auto/matrixType9.xml (RunModel)" time="0.007" />
  <testcase classname="ptolemy.util.test.junit.AutoTests" name="[469] /home/travis/build/icyphy/ptII/ptolemy/actor/lib/test/auto/paraFunctest.xml (RunModel)" time="0.006" />
  <testcase classname="ptolemy.util.test.junit.AutoTests" name="[470] /home/travis/build/icyphy/ptII/ptolemy/actor/lib/test/auto/paraFunctest2.xml (RunModel)" time="0.013" />
  <testcase classname="ptolemy.util.test.junit.AutoTests" name="[471] /home/travis/build/icyphy/ptII/ptolemy/actor/lib/test/auto/parameterPassing.xml (RunModel)" time="0.007" />
  <testcase classname="ptolemy.util.test.junit.AutoTests" name="[472] /home/travis/build/icyphy/ptII/ptolemy/actor/lib/test/auto/record.xml (RunModel)" time="0.009" />
  <testcase classname="ptolemy.util.test.junit.AutoTests" name="[473] /home/travis/build/icyphy/ptII/ptolemy/actor/lib/test/auto/sizedarray1.xml (RunModel)" time="0.008" />
  <testcase classname="ptolemy.util.test.junit.AutoTests" name="[474] /home/travis/build/icyphy/ptII/ptolemy/actor/lib/test/auto/sizedarray2.xml (RunModel)" time="0.009" />
  <testcase classname="ptolemy.util.test.junit.AutoTests" name="[475] /home/travis/build/icyphy/ptII/ptolemy/actor/lib/test/auto/twoPublishers.xml (RunModel)" time="0.025" />
  <system-out><![CDATA[/home/travis/build/icyphy/ptII/ptolemy/actor/lib/test/AbsoluteValue.tcl
testDefs.tcl: setting time out to 9000 seconds at Mon Nov 04 06:15:02 UTC 2019
87 ms. Memory: 120832K Free: 85431K (71%)
5 ms. Memory: 120832K Free: 83912K (69%)
5 ms. Memory: 120832K Free: 82888K (69%)
6 ms. Memory: 120832K Free: 82359K (68%)
/home/travis/build/icyphy/ptII/ptolemy/actor/lib/test/AddSubtract.tcl
23 ms. Memory: 120832K Free: 80295K (66%)
6 ms. Memory: 120832K Free: 79783K (66%)
14 ms. Memory: 120832K Free: 78792K (65%)
20 ms. Memory: 120832K Free: 77768K (64%)
79 ms. Memory: 120832K Free: 75206K (62%)
15 ms. Memory: 120832K Free: 74175K (61%)
/home/travis/build/icyphy/ptII/ptolemy/actor/lib/test/Average.tcl
15 ms. Memory: 120832K Free: 72648K (60%)
10 ms. Memory: 120832K Free: 71624K (59%)
/home/travis/build/icyphy/ptII/ptolemy/actor/lib/test/Bernoulli.tcl
5 ms. Memory: 120832K Free: 69576K (58%)
3 ms. Memory: 120832K Free: 69576K (58%)
/home/travis/build/icyphy/ptII/ptolemy/actor/lib/test/Clock.tcl
preinitializing
resolving types
initializing
executing number 1
wrapping up
idle
42 ms. Memory: 120832K Free: 66504K (55%)
Completed execution with 5 iterations
preinitializing
resolving types
initializing
executing number 1
wrapping up
idle
9 ms. Memory: 120832K Free: 65959K (55%)
Completed execution with 5 iterations
preinitializing
resolving types
initializing
executing number 1
wrapping up
idle
11 ms. Memory: 120832K Free: 65480K (54%)
Completed execution with 5 iterations
/home/travis/build/icyphy/ptII/ptolemy/actor/lib/test/Commutator.tcl
19 ms. Memory: 120832K Free: 63432K (52%)
7 ms. Memory: 120832K Free: 62408K (52%)
9 ms. Memory: 120832K Free: 56759K (47%)
/home/travis/build/icyphy/ptII/ptolemy/actor/lib/test/Const.tcl
8 ms. Memory: 120832K Free: 55240K (46%)
2 ms. Memory: 120832K Free: 54726K (45%)
4 ms. Memory: 120832K Free: 54216K (45%)
2 ms. Memory: 120832K Free: 53702K (44%)
3 ms. Memory: 120832K Free: 52663K (44%)
21 ms. Memory: 120832K Free: 51144K (42%)
10 ms. Memory: 120832K Free: 50120K (41%)
4 ms. Memory: 120832K Free: 49096K (41%)
/home/travis/build/icyphy/ptII/ptolemy/actor/lib/test/CurrentTime.tcl
preinitializing
resolving types
initializing
executing number 1
wrapping up
idle
15 ms. Memory: 120832K Free: 47527K (39%)
Completed execution with 11 iterations
/home/travis/build/icyphy/ptII/ptolemy/actor/lib/test/DB.tcl
28 ms. Memory: 120832K Free: 106977K (89%)
13 ms. Memory: 120832K Free: 106467K (88%)
1 ms. Memory: 120832K Free: 105953K (88%)
/home/travis/build/icyphy/ptII/ptolemy/actor/lib/test/DiscreteRandomSource.tcl
preinitializing
resolving types
initializing
executing number 1
wrapping up
idle
14 ms. Memory: 120832K Free: 104419K (86%)
Completed execution with 4 iterations
preinitializing
resolving types
initializing
executing number 1
wrapping up
idle
7 ms. Memory: 120832K Free: 103905K (86%)
Completed execution with 4 iterations
preinitializing
resolving types
initializing
executing number 1
wrapping up
idle
3 ms. Memory: 120832K Free: 103395K (86%)
Completed execution with 4 iterations
preinitializing
resolving types
initializing
executing number 1
wrapping up
idle
3 ms. Memory: 120832K Free: 103395K (86%)
Completed execution with 4 iterations
preinitializing
resolving types
initializing
executing number 1
wrapping up
idle
4 ms. Memory: 120832K Free: 102850K (85%)
Completed execution with 4 iterations
/home/travis/build/icyphy/ptII/ptolemy/actor/lib/test/Distributor.tcl
4 ms. Memory: 120832K Free: 101347K (84%)
3 ms. Memory: 120832K Free: 100323K (83%)
StreamChangeRequest.changeExecuted(): <deleteEntity name="rec2"/> succeeded
StreamChangeRequest.changeExecuted(): <deleteRelation name="r2"/> succeeded
StreamChangeRequest.changeExecuted(): Record firings per iteration succeeded
11 ms. Memory: 120832K Free: 97761K (81%)
/home/travis/build/icyphy/ptII/ptolemy/actor/lib/test/Exit.tcl
Exit.tcl: this will print a message about Manager.exitAfterWrapup, which can be ignored.
3 ms. Memory: 120832K Free: 94627K (78%)
/home/travis/build/icyphy/ptII/ptolemy/actor/lib/test/Expression.tcl
13 ms. Memory: 120832K Free: 91617K (76%)
3 ms. Memory: 120832K Free: 91107K (75%)
3 ms. Memory: 120832K Free: 90083K (75%)
preinitializing
resolving types
initializing
executing number 1
wrapping up
idle
5 ms. Memory: 120832K Free: 88530K (73%)
Completed execution with 6 iterations
3 ms. Memory: 120832K Free: 88035K (73%)
2 ms. Memory: 120832K Free: 105840K (88%)
13 ms. Memory: 120832K Free: 104814K (87%)
8 ms. Memory: 120832K Free: 103264K (85%)
10 ms. Memory: 120832K Free: 102248K (85%)
/home/travis/build/icyphy/ptII/ptolemy/actor/lib/test/Gaussian.tcl
7 ms. Memory: 120832K Free: 100720K (83%)
sleeping 1 seconds: .............................................................................................................................................................................................................................................................................................................................................................................................................................................................................................................................................................................................................................................................................................................................................................................................................................................................................................................................................................................................................................................................................................................................................................................................................................................................................................................................................................................................................................................................................................................................................................................................................................................................................................................................................................................................................................................................................................................................................................................................................................................................................................................................................................................................................................................................................................................................................................................................................................................................................................................................................................................................................................................................................................................................................................................................................................................................................................................................................................................................................................................................................................................................................................................................................................................................................................................................................................................................................................................................................................................................................................................................................................................................................................................................................................................................................................................................................................................................................................................................................................................................................................................................................................................................................................................................................................................................................................................................................................................................................................................................................................................................................................................................................................................................................................................................................................................................................................................................................................................................................................................................................................................................................................................................................................................................................................................................................................................................................................................................................................................................................................................................................................................................................................................................................................................................................................................................................................................................................................................................................................................................................................................................................................................................................................................................................................................................................................................................................................................................................................................................................................................................................................................................................................................................................................................................................................................................................................................................................................................................................................................................................................................................................................................................................................................................................................................................................................................................................................................................................................................................................................................................................................................................................................................................................................................................................................................................................................................................................................................................................................................................................................................................................................................................................................................................................................................................................................................................................................................................................................................................................................................................................................................................................................................................................................................................................................................................................................................................................................................................................................................................................................................................................................................................................................................................................................................................................................................................................................................................................................................................................................................................................................................................................................................................................................................................................................................................................................................................................................................................................................................................................................................................................................................................................................................................................................................................................................................................................................................................................................................................................................................................................................................................................................................................................................................................................................................................................................................................................................................................................................................................................................................................................................................................................................................................................................................................................................................................................................................................................................................................................................................................................................................................................................................................................................................................................................................................................................................................................................................................................................................................................................................................................................................................................................................................................................................................................................................................................................................................................................................................................................................................................................................................................................................................................................................................................................................................................................................................................................................................................................................................................................................................................................................................................................................................................................................................................................................................................................................................................................................................................................................................................................................................................................................................................................................................................................................................................................................................................................................................................................................................................................................................................................................................................................................................................................................................................................................................................................................................................................................................................................................................................................................................................................................................................................................................................................................................................................................................................................................................................................................................................................................................................................................................................................................................................................................................................................................................................................................................................................................................................................................................................................................................................................................................................................................................................................................................................................................................................................................................................................................................................................................................................................................................................................................................................................................................................................................................................................................................................................................................................................................................................................................................................................................................................................................................................................................................................................................................................................................................................................................................................................................................................................................................................................................................................................................................................................................................................................................................................................................................................................................................................................................................................................................................................................................................................................................................................................................................................................................................................................................................................................................................................................................................................................................................................................................................................................................................................................................................................................................................................................................................................................................................................................................................................................................................................................................................................................................................................................................................................................................................................................................................................................................................................................................................................................................................................................................................................................................................................................................................................................................................................................................................................................................................................................................................................................................................................................................................................................................................................................................................................................................................................................................................................................................................................................................................................................................................................................................................................................................................................................................................................................................................................................................................................................................................................................................................................................................................................................................................................................................................................................................................................................................................................................................................................................................................................................................................................................................................................................................................................................................................................................................................................................................................................................................................................................................................................................................................................................................................................................................................................................................................................................................................................................................................................................................................................................................................................................................................................................................................................................................................................................................................................................................................................................................................................................................................................................................................................................................................................................................................................................................................................................................................................................................................................................................................................................................................................................................................................................................................................................................................................................................................................................................................................................................................................................................................................................................................................................................................................................................................................................................................................................................................................................................................................................................................................................................................................................................................................................................................................................................................................................................................................................................................................................................................................................................................................................................................................................................................................................................................................................................................................................................................................................................................................................................................................................................................................................................................................................................................................................................................................................................................................................................................................................................................................................................................................................................................................................................................................................................................................................................................................................................................................................................................................................................................................................................................................................................................................................................................................................................................................................................................................................................................................................................................................................................................................................................................................................................................................................................................................................................................................................................................................................................................................................................................................................................................................................................................................................................................................................................................................................................................................................................................................................................................................................................................................................................................................................................................................................................................................................................................................................................................................................................................................................................................................................................................................................................................................................................................................................................................................................................................................................................................................................................................................................................................................................................................................................................................................................................................................................................................................................................................................................................................................................................................................................................................................................................................................................................................................................................................................................................................................................................................................................................................................................................................................................................................................................................................................................................................................................................................................................................................................................................................................................................................................................................................................................................................................................................................................................................................................................................................................................................................................................................................................................................................................................................................................................................................................................................................................................................................................................................................................................................................................................................................................................................................................................................................................................................................................................................................................................................................................................................................................................................................................................................................................................................................................................................................................................................................................................................................................................................................................................................................................................................................................................................................................................................................................................................................................................................................................................................................................................................................................................................................................................................................................................................................................................................................................................................................................................................................................................................................................................................................................................................................................................................................................................................................................................................................................................................................................................................................................................................................................................................................................................................................................................................................................................................................................................................................................................................................................................................................................................................................................................................................................................................................................................................................................................................................................................................................................................................................................................................................................................................................................................................................................................................................................................................................................................................................................................................................................................................................................................................................................................................................................................................................................................................................................................................................................................................................................................................................................................................................3 ms. Memory: 120832K Free: 77121K (64%)
3 ms. Memory: 120832K Free: 76607K (63%)
2 ms. Memory: 120832K Free: 75569K (63%)
9 ms. Memory: 120832K Free: 75071K (62%)
2 ms. Memory: 120832K Free: 74559K (62%)
/home/travis/build/icyphy/ptII/ptolemy/actor/lib/test/IIR.tcl
/home/travis/build/icyphy/ptII/ptolemy/actor/lib/test/Interpolator.tcl
3 ms. Memory: 120832K Free: 70977K (59%)
2 ms. Memory: 120832K Free: 70463K (58%)
1 ms. Memory: 120832K Free: 69425K (57%)
1 ms. Memory: 120832K Free: 68929K (57%)
2 ms. Memory: 120832K Free: 68401K (57%)
2 ms. Memory: 120832K Free: 67361K (56%)
2 ms. Memory: 120832K Free: 66367K (55%)
1 ms. Memory: 120832K Free: 65329K (54%)
1 ms. Memory: 120832K Free: 64833K (54%)
3 ms. Memory: 120832K Free: 63809K (53%)
/home/travis/build/icyphy/ptII/ptolemy/actor/lib/test/MathFunction.tcl
4 ms. Memory: 120832K Free: 61761K (51%)
2 ms. Memory: 120832K Free: 60737K (50%)
2 ms. Memory: 120832K Free: 59713K (49%)
14 ms. Memory: 120832K Free: 58689K (49%)
12 ms. Memory: 120832K Free: 57137K (47%)
11 ms. Memory: 120832K Free: 55617K (46%)
/home/travis/build/icyphy/ptII/ptolemy/actor/lib/test/Maximum.tcl
4 ms. Memory: 120832K Free: 53569K (44%)
5 ms. Memory: 120832K Free: 53055K (44%)
6 ms. Memory: 120832K Free: 52017K (43%)
4 ms. Memory: 120832K Free: 51521K (43%)
/home/travis/build/icyphy/ptII/ptolemy/actor/lib/test/Minimum.tcl
8 ms. Memory: 120832K Free: 105700K (87%)
2 ms. Memory: 120832K Free: 104646K (87%)
2 ms. Memory: 120832K Free: 104166K (86%)
2 ms. Memory: 120832K Free: 103638K (86%)
/home/travis/build/icyphy/ptII/ptolemy/actor/lib/test/MultiplyDivide.tcl
4 ms. Memory: 120832K Free: 101094K (84%)
2 ms. Memory: 120832K Free: 100534K (83%)
2 ms. Memory: 120832K Free: 99542K (82%)
2 ms. Memory: 120832K Free: 99046K (82%)
2 ms. Memory: 120832K Free: 98022K (81%)
/home/travis/build/icyphy/ptII/ptolemy/actor/lib/test/OrderedMerge.tcl
Connections changed on port: inputA
Connections changed on port: inputB
Connections changed on port: output
Connections changed on port: output
Connections changed on port: output
Connections changed on port: input
.top. Preinitializing ...
Invoking preinitialize():  .top.OrderedMerge
Called preinitialize()
Invoking preinitialize():  .top.Ramp
Called preinitialize()
Invoking preinitialize():  .top.Ramp2
Called preinitialize()
Invoking preinitialize():  .top.Test
Called preinitialize()
Connections changed on port: inputA
Connections changed on port: output
Connections changed on port: output
Connections changed on port: input
Connections changed on port: inputB
Connections changed on port: output
.top. Finished preinitialize().
Called initialize().
Invoking initialize():  .top.OrderedMerge
Initializing actor: .top.OrderedMerge
Adding a thread: .top.OrderedMerge
Invoking initialize():  .top.Ramp
Initializing actor: .top.Ramp
Adding a thread: .top.Ramp
Invoking initialize():  .top.Ramp2
Initializing actor: .top.Ramp2
Adding a thread: .top.Ramp2
Invoking initialize():  .top.Test
Initializing actor: .top.Test
Adding a thread: .top.Test
Called fire().
Checking for deadlock:
-- Starting thread.
Called initialize()
Called prefire()
Called fire()
-- Starting thread.
Called initialize()
-- Starting thread.
Called initialize()
Called prefire()
Called prefire()
There are 0 Blocked actors, 0 Stopped actors, and 4 active threads.
Waiting for actors to stop.
Checking for deadlock:
There are 1 Blocked actors, 0 Stopped actors, and 4 active threads.
Waiting for actors to stop.
Called fire()
Called fire()
Called postfire()
Called prefire()
Called fire()
Called postfire()
Called prefire()
Called fire()
Checking for deadlock:
There are 3 Blocked actors, 0 Stopped actors, and 4 active threads.
Waiting for actors to stop.
-- Starting thread.
Called initialize()
Called prefire()
Called fire()
Called postfire()
Called prefire()
Called fire()
Checking for deadlock:
There are 3 Blocked actors, 0 Stopped actors, and 4 active threads.
Waiting for actors to stop.
Read input token from inputA with value 0.0
Next port to read input from is inputB
Called postfire()
Called prefire()
Called fire()
Called postfire()
Called prefire()
Called fire()
Checking for deadlock:
There are 3 Blocked actors, 0 Stopped actors, and 4 active threads.
Waiting for actors to stop.
Read input token from inputB with value 0.0
Checking for deadlock:
There are 2 Blocked actors, 0 Stopped actors, and 4 active threads.
Waiting for actors to stop.
-- Read input: 0.0, which is expected to match: 0.0
Called prefire()
Called fire()
Checking for deadlock:
There are 3 Blocked actors, 0 Stopped actors, and 4 active threads.
Waiting for actors to stop.
Sent output token with value 0.0
Next port to read input from is inputA
Called postfire()
Called prefire()
Called fire()
Checking for deadlock:
There are 2 Blocked actors, 0 Stopped actors, and 4 active threads.
Waiting for actors to stop.
Called postfire()
Called prefire()
Called fire()
Checking for deadlock:
There are 3 Blocked actors, 0 Stopped actors, and 4 active threads.
Waiting for actors to stop.
Read input token from inputA with value 1.0
-- Read input: 0.0, which is expected to match: 0.0
Called prefire()
Called fire()
Checking for deadlock:
There are 3 Blocked actors, 0 Stopped actors, and 4 active threads.
Waiting for actors to stop.
Sent output token with value 0.0
Next port to read input from is inputB
Called postfire()
Called prefire()
Called fire()
Called postfire()
Called prefire()
Called fire()
Checking for deadlock:
There are 3 Blocked actors, 0 Stopped actors, and 4 active threads.
Waiting for actors to stop.
Read input token from inputB with value 1.5
-- Read input: 1.0, which is expected to match: 1.0
Called prefire()
Called fire()
Checking for deadlock:
There are 3 Blocked actors, 0 Stopped actors, and 4 active threads.
Waiting for actors to stop.
Sent output token with value 1.0
Next port to read input from is inputA
Called postfire()
Called prefire()
Called fire()
Checking for deadlock:
There are 2 Blocked actors, 0 Stopped actors, and 4 active threads.
Waiting for actors to stop.
Called postfire()
Called prefire()
Called fire()
Checking for deadlock:
There are 3 Blocked actors, 0 Stopped actors, and 4 active threads.
Waiting for actors to stop.
Read input token from inputA with value 2.0
Checking for deadlock:
There are 2 Blocked actors, 0 Stopped actors, and 4 active threads.
Waiting for actors to stop.
-- Read input: 1.5, which is expected to match: 1.5
Called prefire()
Called fire()
Checking for deadlock:
There are 3 Blocked actors, 0 Stopped actors, and 4 active threads.
Waiting for actors to stop.
Sent output token with value 1.5
Next port to read input from is inputB
Called postfire()
Called prefire()
Called fire()
Called postfire()
Called prefire()
Called fire()
Checking for deadlock:
There are 3 Blocked actors, 0 Stopped actors, and 4 active threads.
Waiting for actors to stop.
Read input token from inputB with value 3.0
-- Read input: 2.0, which is expected to match: 2.0
Called prefire()
Called fire()
Checking for deadlock:
There are 3 Blocked actors, 0 Stopped actors, and 4 active threads.
Waiting for actors to stop.
Sent output token with value 2.0
Next port to read input from is inputA
Called postfire()
Called prefire()
Called fire()
Checking for deadlock:
There are 2 Blocked actors, 0 Stopped actors, and 4 active threads.
Waiting for actors to stop.
Called postfire()
Called prefire()
Called fire()
Checking for deadlock:
There are 3 Blocked actors, 0 Stopped actors, and 4 active threads.
Waiting for actors to stop.
Read input token from inputA with value 3.0
Checking for deadlock:
There are 2 Blocked actors, 0 Stopped actors, and 4 active threads.
Waiting for actors to stop.
-- Read input: 3.0, which is expected to match: 3.0
Called prefire()
Called fire()
Checking for deadlock:
There are 3 Blocked actors, 0 Stopped actors, and 4 active threads.
Waiting for actors to stop.
Sent output token with value 3.0
Next port to read input from is inputB
Called postfire()
Called prefire()
Called fire()
Called postfire()
Called prefire()
Called fire()
Checking for deadlock:
There are 3 Blocked actors, 0 Stopped actors, and 4 active threads.
Waiting for actors to stop.
Read input token from inputB with value 4.5
-- Read input: 3.0, which is expected to match: 3.0
Called prefire()
Called fire()
Checking for deadlock:
There are 3 Blocked actors, 0 Stopped actors, and 4 active threads.
Waiting for actors to stop.
Sent output token with value 3.0
Next port to read input from is inputA
Called postfire()
Called prefire()
Called fire()
Checking for deadlock:
There are 2 Blocked actors, 0 Stopped actors, and 4 active threads.
Waiting for actors to stop.
Called postfire()
Called prefire()
Called fire()
Checking for deadlock:
There are 3 Blocked actors, 0 Stopped actors, and 4 active threads.
Waiting for actors to stop.
Read input token from inputA with value 4.0
Checking for deadlock:
There are 2 Blocked actors, 0 Stopped actors, and 4 active threads.
Waiting for actors to stop.
-- Read input: 4.0, which is expected to match: 4.0
Called prefire()
Called fire()
Past the end of training data. Read and discard all inputs.
Checking for deadlock:
There are 3 Blocked actors, 0 Stopped actors, and 4 active threads.
Waiting for actors to stop.
Sent output token with value 4.0
Next port to read input from is inputA
Called postfire()
Called prefire()
Called fire()
Checking for deadlock:
There are 2 Blocked actors, 0 Stopped actors, and 4 active threads.
Waiting for actors to stop.
Called postfire()
Called prefire()
Called fire()
Checking for deadlock:
There are 3 Blocked actors, 0 Stopped actors, and 4 active threads.
Waiting for actors to stop.
Read input token from inputA with value 5.0
Checking for deadlock:
There are 2 Blocked actors, 0 Stopped actors, and 4 active threads.
Waiting for actors to stop.
Called prefire()
Called fire()
Past the end of training data. Read and discard all inputs.
Checking for deadlock:
There are 3 Blocked actors, 0 Stopped actors, and 4 active threads.
Waiting for actors to stop.
Sent output token with value 4.5
Next port to read input from is inputB
Called postfire()
Called prefire()
Called fire()
Checking for deadlock:
There are 2 Blocked actors, 0 Stopped actors, and 4 active threads.
Waiting for actors to stop.
Called postfire()
Called prefire()
Called fire()
Checking for deadlock:
There are 3 Blocked actors, 0 Stopped actors, and 4 active threads.
Waiting for actors to stop.
Read input token from inputB with value 6.0
Checking for deadlock:
There are 2 Blocked actors, 0 Stopped actors, and 4 active threads.
Waiting for actors to stop.
Called prefire()
Called fire()
Past the end of training data. Read and discard all inputs.
Checking for deadlock:
There are 3 Blocked actors, 0 Stopped actors, and 4 active threads.
Waiting for actors to stop.
Sent output token with value 5.0
Next port to read input from is inputA
Called postfire()
Called prefire()
Called fire()
Called postfire()
Called prefire()
Called fire()
Checking for deadlock:
There are 3 Blocked actors, 0 Stopped actors, and 4 active threads.
Waiting for actors to stop.
Read input token from inputA with value 6.0
Called prefire()
Called fire()
Past the end of training data. Read and discard all inputs.
Checking for deadlock:
There are 3 Blocked actors, 0 Stopped actors, and 4 active threads.
Waiting for actors to stop.
Sent output token with value 6.0
Next port to read input from is inputB
Called postfire()
Called prefire()
Called fire()
Checking for deadlock:
There are 2 Blocked actors, 0 Stopped actors, and 4 active threads.
Waiting for actors to stop.
Called postfire()
Called prefire()
Called fire()
Checking for deadlock:
There are 3 Blocked actors, 0 Stopped actors, and 4 active threads.
Waiting for actors to stop.
Read input token from inputB with value 7.5
Checking for deadlock:
There are 2 Blocked actors, 0 Stopped actors, and 4 active threads.
Waiting for actors to stop.
Called prefire()
Called fire()
Past the end of training data. Read and discard all inputs.
Checking for deadlock:
There are 3 Blocked actors, 0 Stopped actors, and 4 active threads.
Waiting for actors to stop.
Sent output token with value 6.0
Next port to read input from is inputA
Called postfire()
Called prefire()
Called fire()
Called postfire()
Called prefire()
Called fire()
Checking for deadlock:
There are 3 Blocked actors, 0 Stopped actors, and 4 active threads.
Waiting for actors to stop.
Read input token from inputA with value 7.0
Called prefire()
Called fire()
Past the end of training data. Read and discard all inputs.
Checking for deadlock:
There are 3 Blocked actors, 0 Stopped actors, and 4 active threads.
Waiting for actors to stop.
Sent output token with value 7.0
Next port to read input from is inputA
Called postfire()
Called prefire()
Called fire()
-- Thread wrapup() called.
Called wrapup()
Thread .top.Ramp is exiting.
-- Thread stopped.
Checking for deadlock:
There are 2 Blocked actors, 0 Stopped actors, and 3 active threads.
Waiting for actors to stop.
Read input token from inputA with value 8.0
Checking for deadlock:
There are 1 Blocked actors, 0 Stopped actors, and 3 active threads.
Waiting for actors to stop.
Called prefire()
Called fire()
Past the end of training data. Read and discard all inputs.
Checking for deadlock:
There are 2 Blocked actors, 0 Stopped actors, and 3 active threads.
Waiting for actors to stop.
Sent output token with value 7.5
Next port to read input from is inputB
Called postfire()
Called prefire()
Called fire()
Checking for deadlock:
There are 1 Blocked actors, 0 Stopped actors, and 3 active threads.
Waiting for actors to stop.
Called postfire()
Called prefire()
Called fire()
Checking for deadlock:
There are 2 Blocked actors, 0 Stopped actors, and 3 active threads.
Waiting for actors to stop.
Read input token from inputB with value 9.0
Checking for deadlock:
There are 1 Blocked actors, 0 Stopped actors, and 3 active threads.
Waiting for actors to stop.
Called prefire()
Called fire()
Past the end of training data. Read and discard all inputs.
Checking for deadlock:
There are 2 Blocked actors, 0 Stopped actors, and 3 active threads.
Waiting for actors to stop.
Sent output token with value 8.0
Next port to read input from is inputA
Called postfire()
Called prefire()
Called fire()
Read input token from inputA with value 9.0
Called prefire()
Called fire()
Past the end of training data. Read and discard all inputs.
Checking for deadlock:
There are 2 Blocked actors, 0 Stopped actors, and 3 active threads.
Waiting for actors to stop.
Sent output token with value 9.0
Next port to read input from is inputB
Called postfire()
Called prefire()
Called fire()
Called postfire()
Called prefire()
Called fire()
Checking for deadlock:
There are 2 Blocked actors, 0 Stopped actors, and 3 active threads.
Waiting for actors to stop.
Read input token from inputB with value 10.5
Called prefire()
Called fire()
Past the end of training data. Read and discard all inputs.
Checking for deadlock:
There are 2 Blocked actors, 0 Stopped actors, and 3 active threads.
Waiting for actors to stop.
Sent output token with value 9.0
Next port to read input from is inputA
Called postfire()
Called prefire()
Called fire()
Checking for deadlock:
There are 3 Blocked actors, 0 Stopped actors, and 3 active threads.
Actors have stopped.
Checking for deadlock:
There are 3 Blocked actors, 0 Stopped actors, and 3 active threads.
Deadlock detected.
Resolving Deadlock
Checking for deadlock:
There are 3 Blocked actors, 0 Stopped actors, and 3 active threads.
Artificial Deadlock - increasing queue capacity.
increasing the capacity of receiver ptolemy.actor.TypedIOPort {.top.OrderedMerge.inputB} to 2
Director: Called postfire().
Called postfire().
_stopRequested = false
_stopFireRequested = false
Returning from postfire(): true
Called fire().
Checking for deadlock:
There are 2 Blocked actors, 0 Stopped actors, and 3 active threads.
Waiting for actors to stop.
-- Thread wrapup() called.
Called wrapup()
Thread .top.Ramp2 is exiting.
-- Thread stopped.
Checking for deadlock:
There are 2 Blocked actors, 0 Stopped actors, and 2 active threads.
Actors have stopped.
Checking for deadlock:
There are 2 Blocked actors, 0 Stopped actors, and 2 active threads.
Deadlock detected.
Resolving Deadlock
Checking for deadlock:
There are 2 Blocked actors, 0 Stopped actors, and 2 active threads.
Deadlock detected: no processes blocked on write, but some are blocked on read.
Called postfire().
_stopRequested = false
_stopFireRequested = false
Returning from postfire(): false
Finished deactivating branches.
Called wrapup().
-- Thread wrapup() called.
Called wrapup()
Thread .top.OrderedMerge is exiting.
-- Thread stopped.
-- Blocked Receiver call threw TerminateProcessException.
-- Thread wrapup() called.
Called wrapup()
Thread .top.Test is exiting.
-- Thread stopped.
-- Blocked Receiver call threw TerminateProcessException.
62 ms. Memory: 120832K Free: 92902K (77%)
.top. Preinitializing ...
Invoking preinitialize():  .top.OrderedMerge
Called preinitialize()
Invoking preinitialize():  .top.Ramp
Called preinitialize()
Invoking preinitialize():  .top.Ramp2
Called preinitialize()
Invoking preinitialize():  .top.Test
Called preinitialize()
.top. Finished preinitialize().
Called initialize().
Invoking initialize():  .top.OrderedMerge
Initializing actor: .top.OrderedMerge
Adding a thread: .top.OrderedMerge
Invoking initialize():  .top.Ramp
Initializing actor: .top.Ramp
Adding a thread: .top.Ramp
Invoking initialize():  .top.Ramp2
Initializing actor: .top.Ramp2
Adding a thread: .top.Ramp2
Invoking initialize():  .top.Test
Initializing actor: .top.Test
Adding a thread: .top.Test
-- Starting thread.
Called initialize()
Called prefire()
Called fire()
-- Starting thread.
Called initialize()
Called prefire()
Called fire()
Called postfire()
Called prefire()
Called fire()
-- Starting thread.
Called initialize()
Called prefire()
Called fire()
Called postfire()
Called prefire()
Called fire()
Called fire().
Checking for deadlock:
There are 3 Blocked actors, 0 Stopped actors, and 4 active threads.
Waiting for actors to stop.
-- Starting thread.
Called initialize()
Called prefire()
Called fire()
Checking for deadlock:
There are 2 Blocked actors, 0 Stopped actors, and 4 active threads.
Waiting for actors to stop.
Called postfire()
Called prefire()
Called fire()
Checking for deadlock:
There are 3 Blocked actors, 0 Stopped actors, and 4 active threads.
Waiting for actors to stop.
Read input token from inputA with value 0.0
Next port to read input from is inputB
Called postfire()
Called prefire()
Called fire()
Called postfire()
Called prefire()
Called fire()
Checking for deadlock:
There are 3 Blocked actors, 0 Stopped actors, and 4 active threads.
Waiting for actors to stop.
Read input token from inputB with value 0.0
Checking for deadlock:
There are 2 Blocked actors, 0 Stopped actors, and 4 active threads.
Waiting for actors to stop.
-- Read input: 0.0, which is expected to match: 0.0
Called prefire()
Called fire()
Checking for deadlock:
There are 3 Blocked actors, 0 Stopped actors, and 4 active threads.
Waiting for actors to stop.
Sent output token with value 0.0
Next port to read input from is inputA
Called postfire()
Called prefire()
Called fire()
Called postfire()
Called prefire()
Called fire()
Checking for deadlock:
There are 3 Blocked actors, 0 Stopped actors, and 4 active threads.
Waiting for actors to stop.
Read input token from inputA with value 1.0
-- Read input: 0.0, which is expected to match: 0.0
Called prefire()
Called fire()
Checking for deadlock:
There are 3 Blocked actors, 0 Stopped actors, and 4 active threads.
Waiting for actors to stop.
Sent output token with value 0.0
Next port to read input from is inputB
Called postfire()
Called prefire()
Called fire()
Checking for deadlock:
There are 2 Blocked actors, 0 Stopped actors, and 4 active threads.
Waiting for actors to stop.
Called postfire()
Called prefire()
Called fire()
Checking for deadlock:
There are 3 Blocked actors, 0 Stopped actors, and 4 active threads.
Waiting for actors to stop.
Read input token from inputB with value 1.5
Checking for deadlock:
There are 2 Blocked actors, 0 Stopped actors, and 4 active threads.
Waiting for actors to stop.
-- Read input: 1.0, which is expected to match: 1.0
Called prefire()
Called fire()
Checking for deadlock:
There are 3 Blocked actors, 0 Stopped actors, and 4 active threads.
Waiting for actors to stop.
Sent output token with value 1.0
Next port to read input from is inputA
Called postfire()
Called prefire()
Called fire()
Called postfire()
Called prefire()
Called fire()
Checking for deadlock:
There are 3 Blocked actors, 0 Stopped actors, and 4 active threads.
Waiting for actors to stop.
Read input token from inputA with value 2.0
-- Read input: 1.5, which is expected to match: 1.5
Called prefire()
Called fire()
Checking for deadlock:
There are 3 Blocked actors, 0 Stopped actors, and 4 active threads.
Waiting for actors to stop.
Sent output token with value 1.5
Next port to read input from is inputB
Called postfire()
Called prefire()
Called fire()
Checking for deadlock:
There are 2 Blocked actors, 0 Stopped actors, and 4 active threads.
Waiting for actors to stop.
Called postfire()
Called prefire()
Called fire()
Checking for deadlock:
There are 3 Blocked actors, 0 Stopped actors, and 4 active threads.
Waiting for actors to stop.
Read input token from inputB with value 3.0
Checking for deadlock:
There are 2 Blocked actors, 0 Stopped actors, and 4 active threads.
Waiting for actors to stop.
-- Read input: 2.0, which is expected to match: 2.0
Called prefire()
Called fire()
Checking for deadlock:
There are 3 Blocked actors, 0 Stopped actors, and 4 active threads.
Waiting for actors to stop.
Sent output token with value 2.0
Next port to read input from is inputA
Called postfire()
Called prefire()
Called fire()
Called postfire()
Called prefire()
Called fire()
Checking for deadlock:
There are 3 Blocked actors, 0 Stopped actors, and 4 active threads.
Waiting for actors to stop.
Read input token from inputA with value 3.0
-- Read input: 3.0, which is expected to match: 3.0
Called prefire()
Called fire()
Checking for deadlock:
There are 3 Blocked actors, 0 Stopped actors, and 4 active threads.
Waiting for actors to stop.
Sent output token with value 3.0
Next port to read input from is inputB
Called postfire()
Called prefire()
Called fire()
Checking for deadlock:
There are 2 Blocked actors, 0 Stopped actors, and 4 active threads.
Waiting for actors to stop.
Called postfire()
Called prefire()
Called fire()
Checking for deadlock:
There are 3 Blocked actors, 0 Stopped actors, and 4 active threads.
Waiting for actors to stop.
Read input token from inputB with value 4.5
Checking for deadlock:
There are 2 Blocked actors, 0 Stopped actors, and 4 active threads.
Waiting for actors to stop.
-- Read input: 3.0, which is expected to match: 3.0
Called prefire()
Called fire()
Checking for deadlock:
There are 3 Blocked actors, 0 Stopped actors, and 4 active threads.
Waiting for actors to stop.
Sent output token with value 3.0
Next port to read input from is inputA
Called postfire()
Called prefire()
Called fire()
Called postfire()
Called prefire()
Called fire()
Checking for deadlock:
There are 3 Blocked actors, 0 Stopped actors, and 4 active threads.
Waiting for actors to stop.
Read input token from inputA with value 4.0
-- Read input: 4.0, which is expected to match: 4.0
Called prefire()
Called fire()
Past the end of training data. Read and discard all inputs.
Checking for deadlock:
There are 3 Blocked actors, 0 Stopped actors, and 4 active threads.
Waiting for actors to stop.
Sent output token with value 4.0
Next port to read input from is inputA
Called postfire()
Called prefire()
Called fire()
Called postfire()
Called prefire()
Called fire()
Checking for deadlock:
There are 3 Blocked actors, 0 Stopped actors, and 4 active threads.
Waiting for actors to stop.
Read input token from inputA with value 5.0
Called prefire()
Called fire()
Past the end of training data. Read and discard all inputs.
Checking for deadlock:
There are 3 Blocked actors, 0 Stopped actors, and 4 active threads.
Waiting for actors to stop.
Sent output token with value 4.5
Next port to read input from is inputB
Called postfire()
Called prefire()
Called fire()
Checking for deadlock:
There are 2 Blocked actors, 0 Stopped actors, and 4 active threads.
Waiting for actors to stop.
Called postfire()
Called prefire()
Called fire()
Checking for deadlock:
There are 3 Blocked actors, 0 Stopped actors, and 4 active threads.
Waiting for actors to stop.
Read input token from inputB with value 6.0
Checking for deadlock:
There are 2 Blocked actors, 0 Stopped actors, and 4 active threads.
Waiting for actors to stop.
Called prefire()
Called fire()
Past the end of training data. Read and discard all inputs.
Checking for deadlock:
There are 3 Blocked actors, 0 Stopped actors, and 4 active threads.
Waiting for actors to stop.
Sent output token with value 5.0
Next port to read input from is inputA
Called postfire()
Called prefire()
Called fire()
Called postfire()
Called prefire()
Called fire()
Checking for deadlock:
There are 3 Blocked actors, 0 Stopped actors, and 4 active threads.
Waiting for actors to stop.
Read input token from inputA with value 6.0
Called prefire()
Called fire()
Past the end of training data. Read and discard all inputs.
Checking for deadlock:
There are 3 Blocked actors, 0 Stopped actors, and 4 active threads.
Waiting for actors to stop.
Sent output token with value 6.0
Next port to read input from is inputB
Called postfire()
Called prefire()
Called fire()
Checking for deadlock:
There are 2 Blocked actors, 0 Stopped actors, and 4 active threads.
Waiting for actors to stop.
Called postfire()
Called prefire()
Called fire()
Checking for deadlock:
There are 3 Blocked actors, 0 Stopped actors, and 4 active threads.
Waiting for actors to stop.
Read input token from inputB with value 7.5
Checking for deadlock:
There are 2 Blocked actors, 0 Stopped actors, and 4 active threads.
Waiting for actors to stop.
Called prefire()
Called fire()
Past the end of training data. Read and discard all inputs.
Checking for deadlock:
There are 3 Blocked actors, 0 Stopped actors, and 4 active threads.
Waiting for actors to stop.
Sent output token with value 6.0
Next port to read input from is inputA
Called postfire()
Called prefire()
Called fire()
Called postfire()
Called prefire()
Called fire()
Checking for deadlock:
There are 3 Blocked actors, 0 Stopped actors, and 4 active threads.
Waiting for actors to stop.
Read input token from inputA with value 7.0
Called prefire()
Called fire()
Past the end of training data. Read and discard all inputs.
Checking for deadlock:
There are 3 Blocked actors, 0 Stopped actors, and 4 active threads.
Waiting for actors to stop.
Sent output token with value 7.0
Next port to read input from is inputA
Called postfire()
Called prefire()
Called fire()
-- Thread wrapup() called.
Called wrapup()
Thread .top.Ramp is exiting.
-- Thread stopped.
Checking for deadlock:
There are 2 Blocked actors, 0 Stopped actors, and 3 active threads.
Waiting for actors to stop.
Read input token from inputA with value 8.0
Checking for deadlock:
There are 1 Blocked actors, 0 Stopped actors, and 3 active threads.
Waiting for actors to stop.
Called prefire()
Called fire()
Past the end of training data. Read and discard all inputs.
Checking for deadlock:
There are 2 Blocked actors, 0 Stopped actors, and 3 active threads.
Waiting for actors to stop.
Sent output token with value 7.5
Next port to read input from is inputB
Called postfire()
Called prefire()
Called fire()
Checking for deadlock:
There are 1 Blocked actors, 0 Stopped actors, and 3 active threads.
Waiting for actors to stop.
Called postfire()
Called prefire()
Called fire()
Checking for deadlock:
There are 2 Blocked actors, 0 Stopped actors, and 3 active threads.
Waiting for actors to stop.
Read input token from inputB with value 9.0
Checking for deadlock:
There are 1 Blocked actors, 0 Stopped actors, and 3 active threads.
Waiting for actors to stop.
Called prefire()
Called fire()
Past the end of training data. Read and discard all inputs.
Checking for deadlock:
There are 2 Blocked actors, 0 Stopped actors, and 3 active threads.
Waiting for actors to stop.
Sent output token with value 8.0
Next port to read input from is inputA
Called postfire()
Called prefire()
Called fire()
Read input token from inputA with value 9.0
Called prefire()
Called fire()
Past the end of training data. Read and discard all inputs.
Checking for deadlock:
There are 2 Blocked actors, 0 Stopped actors, and 3 active threads.
Waiting for actors to stop.
Sent output token with value 9.0
Next port to read input from is inputB
Called postfire()
Called prefire()
Called fire()
Called postfire()
Called prefire()
Called fire()
Checking for deadlock:
There are 2 Blocked actors, 0 Stopped actors, and 3 active threads.
Waiting for actors to stop.
Read input token from inputB with value 10.5
Called prefire()
Called fire()
Past the end of training data. Read and discard all inputs.
Checking for deadlock:
There are 2 Blocked actors, 0 Stopped actors, and 3 active threads.
Waiting for actors to stop.
Sent output token with value 9.0
Next port to read input from is inputA
Called postfire()
Called prefire()
Called fire()
Checking for deadlock:
There are 3 Blocked actors, 0 Stopped actors, and 3 active threads.
Actors have stopped.
Checking for deadlock:
There are 3 Blocked actors, 0 Stopped actors, and 3 active threads.
Deadlock detected.
Resolving Deadlock
Checking for deadlock:
There are 3 Blocked actors, 0 Stopped actors, and 3 active threads.
Artificial Deadlock - increasing queue capacity.
increasing the capacity of receiver ptolemy.actor.TypedIOPort {.top.OrderedMerge.inputB} to 2
Director: Called postfire().
Called postfire().
_stopRequested = false
_stopFireRequested = false
Returning from postfire(): true
Called fire().
Checking for deadlock:
There are 2 Blocked actors, 0 Stopped actors, and 3 active threads.
Waiting for actors to stop.
-- Thread wrapup() called.
Called wrapup()
Thread .top.Ramp2 is exiting.
-- Thread stopped.
Checking for deadlock:
There are 2 Blocked actors, 0 Stopped actors, and 2 active threads.
Actors have stopped.
Checking for deadlock:
There are 2 Blocked actors, 0 Stopped actors, and 2 active threads.
Deadlock detected.
Resolving Deadlock
Checking for deadlock:
There are 2 Blocked actors, 0 Stopped actors, and 2 active threads.
Deadlock detected: no processes blocked on write, but some are blocked on read.
Called postfire().
_stopRequested = false
_stopFireRequested = false
Returning from postfire(): false
Finished deactivating branches.
Called wrapup().
-- Thread wrapup() called.
Called wrapup()
-- Thread wrapup() called.
Called wrapup()
Thread .top.Test is exiting.
-- Thread stopped.
-- Blocked Receiver call threw TerminateProcessException.
Thread .top.OrderedMerge is exiting.
-- Thread stopped.
-- Blocked Receiver call threw TerminateProcessException.
21 ms. Memory: 120832K Free: 90854K (75%)
/home/travis/build/icyphy/ptII/ptolemy/actor/lib/test/Publisher.tcl
10 ms. Memory: 120832K Free: 84710K (70%)
5 ms. Memory: 120832K Free: 79062K (65%)
7 ms. Memory: 120832K Free: 75494K (62%)
12 ms. Memory: 120832K Free: 74470K (62%)
7 ms. Memory: 120832K Free: 73942K (61%)
23 ms. Memory: 120832K Free: 105100K (87%)
3 ms. Memory: 120832K Free: 104658K (87%)
9 ms. Memory: 120832K Free: 103634K (86%)
16 ms. Memory: 120832K Free: 93904K (78%)
4 ms. Memory: 120832K Free: 89793K (74%)
2 ms. Memory: 120832K Free: 89298K (74%)
3 ms. Memory: 120832K Free: 87250K (72%)
14 ms. Memory: 120832K Free: 79568K (66%)
5 ms. Memory: 120832K Free: 69842K (58%)
6 ms. Memory: 120832K Free: 59073K (49%)
/home/travis/build/icyphy/ptII/ptolemy/actor/lib/test/Pulse.tcl
3 ms. Memory: 157696K Free: 116433K (74%)
2 ms. Memory: 157696K Free: 115923K (74%)
1 ms. Memory: 157696K Free: 115395K (73%)
2 ms. Memory: 157696K Free: 114899K (73%)
1 ms. Memory: 157696K Free: 114379K (73%)
11 ms. Memory: 157696K Free: 113361K (72%)
5 ms. Memory: 157696K Free: 112307K (71%)
3 ms. Memory: 157696K Free: 111307K (71%)
1 ms. Memory: 157696K Free: 110803K (70%)
/home/travis/build/icyphy/ptII/ptolemy/actor/lib/test/Ramp.tcl
8 ms. Memory: 157696K Free: 108755K (69%)
4 ms. Memory: 157696K Free: 108227K (69%)
4 ms. Memory: 157696K Free: 107217K (68%)
2 ms. Memory: 157696K Free: 106707K (68%)
4 ms. Memory: 157696K Free: 105683K (67%)
9 ms. Memory: 157696K Free: 104659K (66%)
6 ms. Memory: 157696K Free: 104131K (66%)
5 actors
7000 microseconds per iteration to create
10 ms. Memory: 157696K Free: 101073K (64%)
3 ms. Memory: 157696K Free: 100563K (64%)
3 ms. Memory: 157696K Free: 100035K (63%)
4 ms. Memory: 157696K Free: 99539K (63%)
50 actors
64000 microseconds per iteration to create
48 ms. Memory: 157696K Free: 83665K (53%)
15 ms. Memory: 157696K Free: 82627K (52%)
11 ms. Memory: 157696K Free: 81603K (52%)
4 ms. Memory: 157696K Free: 80579K (51%)
500 actors
1526000 microseconds per iteration to create
228 ms. Memory: 157696K Free: 65746K (42%)
35 ms. Memory: 157696K Free: 60112K (38%)
73 ms. Memory: 157696K Free: 131428K (83%)
40 ms. Memory: 157696K Free: 126325K (80%)
/home/travis/build/icyphy/ptII/ptolemy/actor/lib/test/RampContinuous.tcl
8 ms. Memory: 157696K Free: 124791K (79%)
/home/travis/build/icyphy/ptII/ptolemy/actor/lib/test/RecordAssembler.tcl
5 ms. Memory: 157696K Free: 123253K (78%)
3 ms. Memory: 157696K Free: 122199K (77%)
/home/travis/build/icyphy/ptII/ptolemy/actor/lib/test/RecordDisassembler.tcl
12 ms. Memory: 157696K Free: 120181K (76%)
4 ms. Memory: 157696K Free: 119671K (76%)
4 ms. Memory: 157696K Free: 118647K (75%)
/home/travis/build/icyphy/ptII/ptolemy/actor/lib/test/Scale.tcl
3 ms. Memory: 157696K Free: 116599K (74%)
1 ms. Memory: 157696K Free: 115575K (73%)
2 ms. Memory: 157696K Free: 115047K (73%)
2 ms. Memory: 157696K Free: 114037K (72%)
3 ms. Memory: 157696K Free: 113527K (72%)
/home/travis/build/icyphy/ptII/ptolemy/actor/lib/test/SequentialClock.tcl
preinitializing
resolving types
initializing
executing number 1
wrapping up
idle
5 ms. Memory: 157696K Free: 111983K (71%)
Completed execution with 5 iterations
preinitializing
resolving types
initializing
executing number 1
wrapping up
idle
1 ms. Memory: 157696K Free: 111479K (71%)
Completed execution with 5 iterations
preinitializing
resolving types
initializing
executing number 1
wrapping up
idle
1 ms. Memory: 157696K Free: 110965K (70%)
Completed execution with 5 iterations
/home/travis/build/icyphy/ptII/ptolemy/actor/lib/test/SetVariable.tcl
4 ms. Memory: 157696K Free: 108903K (69%)


==== $PTII/ptolemy/actor/lib/test/SetVariable.tcl: SetVariable-3.1 changeFailed
==== Contents of test case:

    #Uses 2.1 above
    jdkCaptureErr {
        # This test was failing if we ran Exit.tcl and then this test.
        # MessageHandler.error() now actually throws the Exception.
	catch {$setVariable changeFailed [java::null]  [java::new Exception {Test exception for SetVariable.changeFailed()}]} errMsg
    } results
    list [string range $results 0 89] "\n" $errMsg

==== Result was:
{java.lang.Exception: Test exception for SetVariable.changeFailed()
	at java.base/jdk.inter} {
} {java.lang.RuntimeException: java.lang.Exception: Test exception for SetVariable.changeFailed()}
---- Result should have been:
{Failed to set variable.
java.lang.Exception: Test exception for SetVariable.changeFailed()} {
} {java.lang.RuntimeException: java.lang.Exception: Test exception for SetVariable.changeFailed()}
---- SetVariable-3.1 FAILED
/home/travis/build/icyphy/ptII/ptolemy/actor/lib/test/Sinewave.tcl
/home/travis/build/icyphy/ptII/ptolemy/actor/lib/test/SubscriptionAggregator.tcl
6 ms. Memory: 157696K Free: 97143K (62%)
4 ms. Memory: 157696K Free: 96615K (61%)
1 ms. Memory: 157696K Free: 96119K (61%)
1 ms. Memory: 157696K Free: 95599K (61%)
1 ms. Memory: 157696K Free: 92023K (58%)
9 ms. Memory: 157696K Free: 89975K (57%)
...............................................................1060 ms. Memory: 302080K Free: 201450K (67%)
/home/travis/build/icyphy/ptII/ptolemy/actor/lib/test/Test.tcl
 The next command will produce a warning about training mode,
   which may be ignored.
10 ms. Memory: 302080K Free: 199404K (66%)
4 ms. Memory: 302080K Free: 198380K (66%)
10 ms. Memory: 302080K Free: 197851K (65%)
5 ms. Memory: 302080K Free: 197356K (65%)
2 ms. Memory: 302080K Free: 196811K (65%)
5 ms. Memory: 302080K Free: 195308K (65%)
4 ms. Memory: 302080K Free: 194284K (64%)
 The next command will produce a warning about training mode,
   which may be ignored.
8 ms. Memory: 302080K Free: 191722K (63%)
 The next command will produce a warning about training mode,
   which may be ignored.
4 ms. Memory: 302080K Free: 190698K (63%)
1 ms. Memory: 302080K Free: 190188K (63%)
2 ms. Memory: 302080K Free: 189643K (63%)
2 ms. Memory: 302080K Free: 189164K (63%)
12 ms. Memory: 302080K Free: 188140K (62%)
7 ms. Memory: 302080K Free: 184044K (61%)
/home/travis/build/icyphy/ptII/ptolemy/actor/lib/test/TestExceptionHandler.tcl
 The next command will produce a warning about training mode,
   which may be ignored.
4 ms. Memory: 302080K Free: 183020K (61%)
1 ms. Memory: 302080K Free: 182499K (60%)
2 ms. Memory: 302080K Free: 181996K (60%)
/home/travis/build/icyphy/ptII/ptolemy/actor/lib/test/UnionDisassembler.tcl
27 ms. Memory: 302080K Free: 174828K (58%)
/home/travis/build/icyphy/ptII/ptolemy/actor/lib/test/VariableClock.tcl
preinitializing
resolving types
initializing
executing number 1
wrapping up
idle
12 ms. Memory: 302080K Free: 172778K (57%)
Completed execution with 11 iterations
preinitializing
resolving types
initializing
executing number 1
wrapping up
idle
7 ms. Memory: 302080K Free: 171242K (57%)
Completed execution with 10 iterations
11/04/19 06:15:11
Failed: 1  Total Tests: 234  ((Passed: 233, Newly Passed: 0)  Known Failed: 0) /home/travis/build/icyphy/ptII/ptolemy/actor/lib/test
----------------- testing (KnownFailure) /home/travis/build/icyphy/ptII/ptolemy/actor/lib/test/auto/knownFailedTests/PublisherPortToplevelSubscriber.xml
4 ms. Memory: 302080K Free: 168170K (56%)
Known Failure: java.lang.reflect.InvocationTargetException
----------------- testing (KnownFailure) /home/travis/build/icyphy/ptII/ptolemy/actor/lib/test/auto/knownFailedTests/PublisherSubscriberPortToplevel.xml
0 ms. Memory: 302080K Free: 163564K (54%)
Known Failure: java.lang.reflect.InvocationTargetException
----------------- testing (KnownFailure) /home/travis/build/icyphy/ptII/ptolemy/actor/lib/test/auto/knownFailedTests/PublisherSubscriptionAggregatorPort.xml
0 ms. Memory: 302080K Free: 159978K (53%)
Known Failure: java.lang.reflect.InvocationTargetException
----------------- testing (KnownFailure) /home/travis/build/icyphy/ptII/ptolemy/actor/lib/test/auto/knownFailedTests/sizedarray3.xml
5 ms. Memory: 302080K Free: 155372K (51%)
Known Failure: java.lang.reflect.InvocationTargetException
No auto/linux-amd64/*.xml tests in /home/travis/build/icyphy/ptII/ptolemy/actor/lib/test
AutoTests.java: About to close Vertx.
AutoTests.java: Vertx closed.

===========================================================================================
----------------- testing Mon Nov 04 06:15:11 UTC 2019 /home/travis/build/icyphy/ptII/ptolemy/actor/lib/test/auto/AbsoluteValue.xml
----------------- Instantiating /home/travis/build/icyphy/ptII/ptolemy/actor/lib/test/auto/AbsoluteValue.xml
16 ms. Memory: 302080K Free: 132844K (44%)
----------------- Invoking toplevel() on ptolemy.moml.MoMLSimpleApplication@23613bae
----------------- Done invoking toplevel() on ptolemy.moml.MoMLSimpleApplication@23613bae
reloadAllAccessors: .AbsoluteValue

===========================================================================================
----------------- testing Mon Nov 04 06:15:12 UTC 2019 /home/travis/build/icyphy/ptII/ptolemy/actor/lib/test/auto/AbsoluteValue2.xml
----------------- Instantiating /home/travis/build/icyphy/ptII/ptolemy/actor/lib/test/auto/AbsoluteValue2.xml
6 ms. Memory: 302080K Free: 126186K (42%)
----------------- Invoking toplevel() on ptolemy.moml.MoMLSimpleApplication@195ca1a7
----------------- Done invoking toplevel() on ptolemy.moml.MoMLSimpleApplication@195ca1a7
reloadAllAccessors: .AbsoluteValue2

===========================================================================================
----------------- testing Mon Nov 04 06:15:12 UTC 2019 /home/travis/build/icyphy/ptII/ptolemy/actor/lib/test/auto/Accumulator.xml
----------------- Instantiating /home/travis/build/icyphy/ptII/ptolemy/actor/lib/test/auto/Accumulator.xml
7 ms. Memory: 302080K Free: 119532K (40%)
----------------- Invoking toplevel() on ptolemy.moml.MoMLSimpleApplication@3f266daf
----------------- Done invoking toplevel() on ptolemy.moml.MoMLSimpleApplication@3f266daf
reloadAllAccessors: .Accumulator

===========================================================================================
----------------- testing Mon Nov 04 06:15:12 UTC 2019 /home/travis/build/icyphy/ptII/ptolemy/actor/lib/test/auto/Accumulator2.xml
----------------- Instantiating /home/travis/build/icyphy/ptII/ptolemy/actor/lib/test/auto/Accumulator2.xml
3 ms. Memory: 302080K Free: 114412K (38%)
----------------- Invoking toplevel() on ptolemy.moml.MoMLSimpleApplication@37e8197d
----------------- Done invoking toplevel() on ptolemy.moml.MoMLSimpleApplication@37e8197d
reloadAllAccessors: .Accumulator2

===========================================================================================
----------------- testing Mon Nov 04 06:15:12 UTC 2019 /home/travis/build/icyphy/ptII/ptolemy/actor/lib/test/auto/Accumulator3.xml
----------------- Instantiating /home/travis/build/icyphy/ptII/ptolemy/actor/lib/test/auto/Accumulator3.xml
3 ms. Memory: 302080K Free: 109802K (36%)
----------------- Invoking toplevel() on ptolemy.moml.MoMLSimpleApplication@256fd6b0
----------------- Done invoking toplevel() on ptolemy.moml.MoMLSimpleApplication@256fd6b0
reloadAllAccessors: .Accumulator3

===========================================================================================
----------------- testing Mon Nov 04 06:15:12 UTC 2019 /home/travis/build/icyphy/ptII/ptolemy/actor/lib/test/auto/ArrayAppend.xml
----------------- Instantiating /home/travis/build/icyphy/ptII/ptolemy/actor/lib/test/auto/ArrayAppend.xml
5 ms. Memory: 302080K Free: 104172K (34%)
----------------- Invoking toplevel() on ptolemy.moml.MoMLSimpleApplication@2b0f95a
----------------- Done invoking toplevel() on ptolemy.moml.MoMLSimpleApplication@2b0f95a
reloadAllAccessors: .ArrayAppend

===========================================================================================
----------------- testing Mon Nov 04 06:15:12 UTC 2019 /home/travis/build/icyphy/ptII/ptolemy/actor/lib/test/auto/ArrayAppend2.xml
----------------- Instantiating /home/travis/build/icyphy/ptII/ptolemy/actor/lib/test/auto/ArrayAppend2.xml
449 ms. Memory: 302080K Free: 180298K (60%)
----------------- Invoking toplevel() on ptolemy.moml.MoMLSimpleApplication@96c2aa0
----------------- Done invoking toplevel() on ptolemy.moml.MoMLSimpleApplication@96c2aa0
reloadAllAccessors: .ArrayAppend2

===========================================================================================
----------------- testing Mon Nov 04 06:15:12 UTC 2019 /home/travis/build/icyphy/ptII/ptolemy/actor/lib/test/auto/ArrayAppend3.xml
----------------- Instantiating /home/travis/build/icyphy/ptII/ptolemy/actor/lib/test/auto/ArrayAppend3.xml
5 ms. Memory: 302080K Free: 174224K (58%)
----------------- Invoking toplevel() on ptolemy.moml.MoMLSimpleApplication@7557d9a8
----------------- Done invoking toplevel() on ptolemy.moml.MoMLSimpleApplication@7557d9a8
reloadAllAccessors: .ArrayAppend3

===========================================================================================
----------------- testing Mon Nov 04 06:15:12 UTC 2019 /home/travis/build/icyphy/ptII/ptolemy/actor/lib/test/auto/ArrayAppend4.xml
----------------- Instantiating /home/travis/build/icyphy/ptII/ptolemy/actor/lib/test/auto/ArrayAppend4.xml
3 ms. Memory: 302080K Free: 169104K (56%)
----------------- Invoking toplevel() on ptolemy.moml.MoMLSimpleApplication@9429e7e
----------------- Done invoking toplevel() on ptolemy.moml.MoMLSimpleApplication@9429e7e
reloadAllAccessors: .ArrayAppend4

===========================================================================================
----------------- testing Mon Nov 04 06:15:12 UTC 2019 /home/travis/build/icyphy/ptII/ptolemy/actor/lib/test/auto/ArrayAppend5.xml
----------------- Instantiating /home/travis/build/icyphy/ptII/ptolemy/actor/lib/test/auto/ArrayAppend5.xml
2 ms. Memory: 302080K Free: 163984K (54%)
----------------- Invoking toplevel() on ptolemy.moml.MoMLSimpleApplication@280bba2d
----------------- Done invoking toplevel() on ptolemy.moml.MoMLSimpleApplication@280bba2d
reloadAllAccessors: .ArrayAppend5

===========================================================================================
----------------- testing Mon Nov 04 06:15:12 UTC 2019 /home/travis/build/icyphy/ptII/ptolemy/actor/lib/test/auto/ArrayAppend6.xml
----------------- Instantiating /home/travis/build/icyphy/ptII/ptolemy/actor/lib/test/auto/ArrayAppend6.xml
2 ms. Memory: 302080K Free: 158864K (53%)
----------------- Invoking toplevel() on ptolemy.moml.MoMLSimpleApplication@13e84897
----------------- Done invoking toplevel() on ptolemy.moml.MoMLSimpleApplication@13e84897
reloadAllAccessors: .ArrayAppend6

===========================================================================================
----------------- testing Mon Nov 04 06:15:12 UTC 2019 /home/travis/build/icyphy/ptII/ptolemy/actor/lib/test/auto/ArrayAppendPerformanceTest.xml
----------------- Instantiating /home/travis/build/icyphy/ptII/ptolemy/actor/lib/test/auto/ArrayAppendPerformanceTest.xml
61 ms. Memory: 302080K Free: 147600K (49%)
----------------- Invoking toplevel() on ptolemy.moml.MoMLSimpleApplication@1e0a8886
----------------- Done invoking toplevel() on ptolemy.moml.MoMLSimpleApplication@1e0a8886
reloadAllAccessors: .ArrayAppendPerformanceTest

===========================================================================================
----------------- testing Mon Nov 04 06:15:13 UTC 2019 /home/travis/build/icyphy/ptII/ptolemy/actor/lib/test/auto/ArrayAppendWithEmptyInput.xml
----------------- Instantiating /home/travis/build/icyphy/ptII/ptolemy/actor/lib/test/auto/ArrayAppendWithEmptyInput.xml
9 ms. Memory: 302080K Free: 139922K (46%)
----------------- Invoking toplevel() on ptolemy.moml.MoMLSimpleApplication@25cc52e0
----------------- Done invoking toplevel() on ptolemy.moml.MoMLSimpleApplication@25cc52e0
reloadAllAccessors: .ArrayAppendWithEmptyInput

===========================================================================================
----------------- testing Mon Nov 04 06:15:13 UTC 2019 /home/travis/build/icyphy/ptII/ptolemy/actor/lib/test/auto/ArrayAverage.xml
----------------- Instantiating /home/travis/build/icyphy/ptII/ptolemy/actor/lib/test/auto/ArrayAverage.xml
6 ms. Memory: 302080K Free: 131730K (44%)
----------------- Invoking toplevel() on ptolemy.moml.MoMLSimpleApplication@393ff507
----------------- Done invoking toplevel() on ptolemy.moml.MoMLSimpleApplication@393ff507
reloadAllAccessors: .ArrayAverage

===========================================================================================
----------------- testing Mon Nov 04 06:15:13 UTC 2019 /home/travis/build/icyphy/ptII/ptolemy/actor/lib/test/auto/ArrayContains.xml
----------------- Instantiating /home/travis/build/icyphy/ptII/ptolemy/actor/lib/test/auto/ArrayContains.xml
13 ms. Memory: 302080K Free: 126096K (42%)
----------------- Invoking toplevel() on ptolemy.moml.MoMLSimpleApplication@13820ab
----------------- Done invoking toplevel() on ptolemy.moml.MoMLSimpleApplication@13820ab
reloadAllAccessors: .ArrayContains

===========================================================================================
----------------- testing Mon Nov 04 06:15:13 UTC 2019 /home/travis/build/icyphy/ptII/ptolemy/actor/lib/test/auto/ArrayElement.xml
----------------- Instantiating /home/travis/build/icyphy/ptII/ptolemy/actor/lib/test/auto/ArrayElement.xml
9 ms. Memory: 302080K Free: 119952K (40%)
----------------- Invoking toplevel() on ptolemy.moml.MoMLSimpleApplication@5e0a1894
----------------- Done invoking toplevel() on ptolemy.moml.MoMLSimpleApplication@5e0a1894
reloadAllAccessors: .ArrayElement

===========================================================================================
----------------- testing Mon Nov 04 06:15:13 UTC 2019 /home/travis/build/icyphy/ptII/ptolemy/actor/lib/test/auto/ArrayElementAsMatrix.xml
----------------- Instantiating /home/travis/build/icyphy/ptII/ptolemy/actor/lib/test/auto/ArrayElementAsMatrix.xml
21 ms. Memory: 302080K Free: 110226K (36%)
----------------- Invoking toplevel() on ptolemy.moml.MoMLSimpleApplication@29e38009
----------------- Done invoking toplevel() on ptolemy.moml.MoMLSimpleApplication@29e38009
reloadAllAccessors: .ArrayElementAsMatrix

===========================================================================================
----------------- testing Mon Nov 04 06:15:13 UTC 2019 /home/travis/build/icyphy/ptII/ptolemy/actor/lib/test/auto/ArrayElementI.xml
----------------- Instantiating /home/travis/build/icyphy/ptII/ptolemy/actor/lib/test/auto/ArrayElementI.xml
4 ms. Memory: 302080K Free: 105106K (35%)
----------------- Invoking toplevel() on ptolemy.moml.MoMLSimpleApplication@7a1fa3ff
----------------- Done invoking toplevel() on ptolemy.moml.MoMLSimpleApplication@7a1fa3ff
reloadAllAccessors: .ArrayElementI

===========================================================================================
----------------- testing Mon Nov 04 06:15:13 UTC 2019 /home/travis/build/icyphy/ptII/ptolemy/actor/lib/test/auto/ArrayExtract.xml
----------------- Instantiating /home/travis/build/icyphy/ptII/ptolemy/actor/lib/test/auto/ArrayExtract.xml
8 ms. Memory: 302080K Free: 96400K (32%)
----------------- Invoking toplevel() on ptolemy.moml.MoMLSimpleApplication@7bba1179
----------------- Done invoking toplevel() on ptolemy.moml.MoMLSimpleApplication@7bba1179
reloadAllAccessors: .ArrayExtract

===========================================================================================
----------------- testing Mon Nov 04 06:15:13 UTC 2019 /home/travis/build/icyphy/ptII/ptolemy/actor/lib/test/auto/ArrayExtract2.xml
----------------- Instantiating /home/travis/build/icyphy/ptII/ptolemy/actor/lib/test/auto/ArrayExtract2.xml
127 ms. Memory: 302080K Free: 253749K (84%)
----------------- Invoking toplevel() on ptolemy.moml.MoMLSimpleApplication@750ac35d
----------------- Done invoking toplevel() on ptolemy.moml.MoMLSimpleApplication@750ac35d
reloadAllAccessors: .ArrayExtract2

===========================================================================================
----------------- testing Mon Nov 04 06:15:13 UTC 2019 /home/travis/build/icyphy/ptII/ptolemy/actor/lib/test/auto/ArrayLength.xml
----------------- Instantiating /home/travis/build/icyphy/ptII/ptolemy/actor/lib/test/auto/ArrayLength.xml
1 ms. Memory: 302080K Free: 249193K (82%)
----------------- Invoking toplevel() on ptolemy.moml.MoMLSimpleApplication@3a06329
----------------- Done invoking toplevel() on ptolemy.moml.MoMLSimpleApplication@3a06329
reloadAllAccessors: .ArrayLength

===========================================================================================
----------------- testing Mon Nov 04 06:15:13 UTC 2019 /home/travis/build/icyphy/ptII/ptolemy/actor/lib/test/auto/ArrayLevelCrossing.xml
----------------- Instantiating /home/travis/build/icyphy/ptII/ptolemy/actor/lib/test/auto/ArrayLevelCrossing.xml
3 ms. Memory: 302080K Free: 241511K (80%)
----------------- Invoking toplevel() on ptolemy.moml.MoMLSimpleApplication@3ff02a58
----------------- Done invoking toplevel() on ptolemy.moml.MoMLSimpleApplication@3ff02a58
reloadAllAccessors: .ArrayLevelCrossing

===========================================================================================
----------------- testing Mon Nov 04 06:15:13 UTC 2019 /home/travis/build/icyphy/ptII/ptolemy/actor/lib/test/auto/ArrayLevelCrossing2.xml
----------------- Instantiating /home/travis/build/icyphy/ptII/ptolemy/actor/lib/test/auto/ArrayLevelCrossing2.xml
2 ms. Memory: 302080K Free: 233833K (77%)
----------------- Invoking toplevel() on ptolemy.moml.MoMLSimpleApplication@565eb9ca
----------------- Done invoking toplevel() on ptolemy.moml.MoMLSimpleApplication@565eb9ca
reloadAllAccessors: .ArrayLevelCrossing2

===========================================================================================
----------------- testing Mon Nov 04 06:15:13 UTC 2019 /home/travis/build/icyphy/ptII/ptolemy/actor/lib/test/auto/ArrayPeakSearch.xml
----------------- Instantiating /home/travis/build/icyphy/ptII/ptolemy/actor/lib/test/auto/ArrayPeakSearch.xml
5 ms. Memory: 302080K Free: 225127K (75%)
----------------- Invoking toplevel() on ptolemy.moml.MoMLSimpleApplication@23f8d231
----------------- Done invoking toplevel() on ptolemy.moml.MoMLSimpleApplication@23f8d231
reloadAllAccessors: .ArrayPeakSearch

===========================================================================================
----------------- testing Mon Nov 04 06:15:13 UTC 2019 /home/travis/build/icyphy/ptII/ptolemy/actor/lib/test/auto/ArrayPeakSearch2.xml
----------------- Instantiating /home/travis/build/icyphy/ptII/ptolemy/actor/lib/test/auto/ArrayPeakSearch2.xml
7 ms. Memory: 302080K Free: 214377K (71%)
----------------- Invoking toplevel() on ptolemy.moml.MoMLSimpleApplication@6f8cf88a
----------------- Done invoking toplevel() on ptolemy.moml.MoMLSimpleApplication@6f8cf88a
reloadAllAccessors: .ArrayPeakSearch2

===========================================================================================
----------------- testing Mon Nov 04 06:15:13 UTC 2019 /home/travis/build/icyphy/ptII/ptolemy/actor/lib/test/auto/ArrayPeakSearch3.xml
----------------- Instantiating /home/travis/build/icyphy/ptII/ptolemy/actor/lib/test/auto/ArrayPeakSearch3.xml
4 ms. Memory: 302080K Free: 205671K (68%)
----------------- Invoking toplevel() on ptolemy.moml.MoMLSimpleApplication@6c63928d
----------------- Done invoking toplevel() on ptolemy.moml.MoMLSimpleApplication@6c63928d
reloadAllAccessors: .ArrayPeakSearch3

===========================================================================================
----------------- testing Mon Nov 04 06:15:13 UTC 2019 /home/travis/build/icyphy/ptII/ptolemy/actor/lib/test/auto/ArrayRemoveElement.xml
----------------- Instantiating /home/travis/build/icyphy/ptII/ptolemy/actor/lib/test/auto/ArrayRemoveElement.xml
6 ms. Memory: 302080K Free: 197993K (66%)
----------------- Invoking toplevel() on ptolemy.moml.MoMLSimpleApplication@3291c7be
----------------- Done invoking toplevel() on ptolemy.moml.MoMLSimpleApplication@3291c7be
reloadAllAccessors: .ArrayRemoveElement

===========================================================================================
----------------- testing Mon Nov 04 06:15:13 UTC 2019 /home/travis/build/icyphy/ptII/ptolemy/actor/lib/test/auto/ArraySort.xml
----------------- Instantiating /home/travis/build/icyphy/ptII/ptolemy/actor/lib/test/auto/ArraySort.xml
4 ms. Memory: 302080K Free: 188777K (62%)
----------------- Invoking toplevel() on ptolemy.moml.MoMLSimpleApplication@49e49b03
----------------- Done invoking toplevel() on ptolemy.moml.MoMLSimpleApplication@49e49b03
reloadAllAccessors: .ArraySort

===========================================================================================
----------------- testing Mon Nov 04 06:15:13 UTC 2019 /home/travis/build/icyphy/ptII/ptolemy/actor/lib/test/auto/ArraySum.xml
----------------- Instantiating /home/travis/build/icyphy/ptII/ptolemy/actor/lib/test/auto/ArraySum.xml
6 ms. Memory: 302080K Free: 183657K (61%)
----------------- Invoking toplevel() on ptolemy.moml.MoMLSimpleApplication@14caeee7
----------------- Done invoking toplevel() on ptolemy.moml.MoMLSimpleApplication@14caeee7
reloadAllAccessors: .ArraySum

===========================================================================================
----------------- testing Mon Nov 04 06:15:13 UTC 2019 /home/travis/build/icyphy/ptII/ptolemy/actor/lib/test/auto/ArrayToElements.xml
----------------- Instantiating /home/travis/build/icyphy/ptII/ptolemy/actor/lib/test/auto/ArrayToElements.xml
9 ms. Memory: 302080K Free: 178023K (59%)
----------------- Invoking toplevel() on ptolemy.moml.MoMLSimpleApplication@c718374
----------------- Done invoking toplevel() on ptolemy.moml.MoMLSimpleApplication@c718374
reloadAllAccessors: .ArrayToElements

===========================================================================================
----------------- testing Mon Nov 04 06:15:13 UTC 2019 /home/travis/build/icyphy/ptII/ptolemy/actor/lib/test/auto/ArrayToMatrix.xml
----------------- Instantiating /home/travis/build/icyphy/ptII/ptolemy/actor/lib/test/auto/ArrayToMatrix.xml
12 ms. Memory: 302080K Free: 164201K (54%)
----------------- Invoking toplevel() on ptolemy.moml.MoMLSimpleApplication@6f9c2d48
----------------- Done invoking toplevel() on ptolemy.moml.MoMLSimpleApplication@6f9c2d48
reloadAllAccessors: .ArrayToMatrix

===========================================================================================
----------------- testing Mon Nov 04 06:15:13 UTC 2019 /home/travis/build/icyphy/ptII/ptolemy/actor/lib/test/auto/ArrayUpdate1.xml
----------------- Instantiating /home/travis/build/icyphy/ptII/ptolemy/actor/lib/test/auto/ArrayUpdate1.xml
7 ms. Memory: 302080K Free: 159081K (53%)
----------------- Invoking toplevel() on ptolemy.moml.MoMLSimpleApplication@5ac4d41d
----------------- Done invoking toplevel() on ptolemy.moml.MoMLSimpleApplication@5ac4d41d
reloadAllAccessors: .ArrayUpdate1

===========================================================================================
----------------- testing Mon Nov 04 06:15:14 UTC 2019 /home/travis/build/icyphy/ptII/ptolemy/actor/lib/test/auto/ArrayUpdate2.xml
----------------- Instantiating /home/travis/build/icyphy/ptII/ptolemy/actor/lib/test/auto/ArrayUpdate2.xml
7 ms. Memory: 302080K Free: 152937K (51%)
----------------- Invoking toplevel() on ptolemy.moml.MoMLSimpleApplication@1ab8c7ba
----------------- Done invoking toplevel() on ptolemy.moml.MoMLSimpleApplication@1ab8c7ba
reloadAllAccessors: .ArrayUpdate2

===========================================================================================
----------------- testing Mon Nov 04 06:15:14 UTC 2019 /home/travis/build/icyphy/ptII/ptolemy/actor/lib/test/auto/ArrayUpdate3.xml
----------------- Instantiating /home/travis/build/icyphy/ptII/ptolemy/actor/lib/test/auto/ArrayUpdate3.xml
5 ms. Memory: 302080K Free: 147817K (49%)
----------------- Invoking toplevel() on ptolemy.moml.MoMLSimpleApplication@7d4f0d84
----------------- Done invoking toplevel() on ptolemy.moml.MoMLSimpleApplication@7d4f0d84
reloadAllAccessors: .ArrayUpdate3

===========================================================================================
----------------- testing Mon Nov 04 06:15:14 UTC 2019 /home/travis/build/icyphy/ptII/ptolemy/actor/lib/test/auto/Assert1.xml
----------------- Instantiating /home/travis/build/icyphy/ptII/ptolemy/actor/lib/test/auto/Assert1.xml
9 ms. Memory: 302080K Free: 143721K (48%)
----------------- Invoking toplevel() on ptolemy.moml.MoMLSimpleApplication@46951da6
----------------- Done invoking toplevel() on ptolemy.moml.MoMLSimpleApplication@46951da6
reloadAllAccessors: .Assert1

===========================================================================================
----------------- testing Mon Nov 04 06:15:14 UTC 2019 /home/travis/build/icyphy/ptII/ptolemy/actor/lib/test/auto/Assert2.xml
----------------- Instantiating /home/travis/build/icyphy/ptII/ptolemy/actor/lib/test/auto/Assert2.xml
10 ms. Memory: 302080K Free: 138087K (46%)
----------------- Invoking toplevel() on ptolemy.moml.MoMLSimpleApplication@2fee24c0
----------------- Done invoking toplevel() on ptolemy.moml.MoMLSimpleApplication@2fee24c0
reloadAllAccessors: .Assert2

===========================================================================================
----------------- testing Mon Nov 04 06:15:14 UTC 2019 /home/travis/build/icyphy/ptII/ptolemy/actor/lib/test/auto/BooleanMultiplexor.xml
----------------- Instantiating /home/travis/build/icyphy/ptII/ptolemy/actor/lib/test/auto/BooleanMultiplexor.xml
3 ms. Memory: 302080K Free: 132961K (44%)
----------------- Invoking toplevel() on ptolemy.moml.MoMLSimpleApplication@4f66d40f
----------------- Done invoking toplevel() on ptolemy.moml.MoMLSimpleApplication@4f66d40f
reloadAllAccessors: .BooleanMultiplexor

===========================================================================================
----------------- testing Mon Nov 04 06:15:14 UTC 2019 /home/travis/build/icyphy/ptII/ptolemy/actor/lib/test/auto/BooleanMultiplexor2.xml
----------------- Instantiating /home/travis/build/icyphy/ptII/ptolemy/actor/lib/test/auto/BooleanMultiplexor2.xml
13 ms. Memory: 302080K Free: 126313K (42%)
----------------- Invoking toplevel() on ptolemy.moml.MoMLSimpleApplication@29aff728
----------------- Done invoking toplevel() on ptolemy.moml.MoMLSimpleApplication@29aff728
reloadAllAccessors: .BooleanMultiplexor2

===========================================================================================
----------------- testing Mon Nov 04 06:15:14 UTC 2019 /home/travis/build/icyphy/ptII/ptolemy/actor/lib/test/auto/BooleanMultiplexor3.xml
----------------- Instantiating /home/travis/build/icyphy/ptII/ptolemy/actor/lib/test/auto/BooleanMultiplexor3.xml
2 ms. Memory: 302080K Free: 122727K (41%)
----------------- Invoking toplevel() on ptolemy.moml.MoMLSimpleApplication@4170fa0d
----------------- Done invoking toplevel() on ptolemy.moml.MoMLSimpleApplication@4170fa0d
reloadAllAccessors: .BooleanMultiplexor3

===========================================================================================
----------------- testing Mon Nov 04 06:15:14 UTC 2019 /home/travis/build/icyphy/ptII/ptolemy/actor/lib/test/auto/BooleanSelect.xml
----------------- Instantiating /home/travis/build/icyphy/ptII/ptolemy/actor/lib/test/auto/BooleanSelect.xml
3 ms. Memory: 302080K Free: 116569K (39%)
----------------- Invoking toplevel() on ptolemy.moml.MoMLSimpleApplication@4eeca463
----------------- Done invoking toplevel() on ptolemy.moml.MoMLSimpleApplication@4eeca463
reloadAllAccessors: .BooleanSelect

===========================================================================================
----------------- testing Mon Nov 04 06:15:14 UTC 2019 /home/travis/build/icyphy/ptII/ptolemy/actor/lib/test/auto/BooleanSelect2.xml
----------------- Instantiating /home/travis/build/icyphy/ptII/ptolemy/actor/lib/test/auto/BooleanSelect2.xml
1 ms. Memory: 302080K Free: 112487K (37%)
----------------- Invoking toplevel() on ptolemy.moml.MoMLSimpleApplication@7f74b57c
----------------- Done invoking toplevel() on ptolemy.moml.MoMLSimpleApplication@7f74b57c
reloadAllAccessors: .BooleanSelect2

===========================================================================================
----------------- testing Mon Nov 04 06:15:14 UTC 2019 /home/travis/build/icyphy/ptII/ptolemy/actor/lib/test/auto/BooleanSwitch.xml
----------------- Instantiating /home/travis/build/icyphy/ptII/ptolemy/actor/lib/test/auto/BooleanSwitch.xml
7 ms. Memory: 302080K Free: 106343K (35%)
----------------- Invoking toplevel() on ptolemy.moml.MoMLSimpleApplication@1a5d0682
----------------- Done invoking toplevel() on ptolemy.moml.MoMLSimpleApplication@1a5d0682
reloadAllAccessors: .BooleanSwitch

===========================================================================================
----------------- testing Mon Nov 04 06:15:14 UTC 2019 /home/travis/build/icyphy/ptII/ptolemy/actor/lib/test/auto/BooleanSwitch2.xml
----------------- Instantiating /home/travis/build/icyphy/ptII/ptolemy/actor/lib/test/auto/BooleanSwitch2.xml
2 ms. Memory: 302080K Free: 102247K (34%)
----------------- Invoking toplevel() on ptolemy.moml.MoMLSimpleApplication@7a64cc6c
----------------- Done invoking toplevel() on ptolemy.moml.MoMLSimpleApplication@7a64cc6c
reloadAllAccessors: .BooleanSwitch2

===========================================================================================
----------------- testing Mon Nov 04 06:15:14 UTC 2019 /home/travis/build/icyphy/ptII/ptolemy/actor/lib/test/auto/BooleanSwitchCloningBugWithClassRelationGroup.xml
----------------- Instantiating /home/travis/build/icyphy/ptII/ptolemy/actor/lib/test/auto/BooleanSwitchCloningBugWithClassRelationGroup.xml
2 ms. Memory: 302080K Free: 95593K (32%)
----------------- Invoking toplevel() on ptolemy.moml.MoMLSimpleApplication@33d05b21
----------------- Done invoking toplevel() on ptolemy.moml.MoMLSimpleApplication@33d05b21
reloadAllAccessors: .BooleanSwitchCloningBugWithClassRelationGroup

===========================================================================================
----------------- testing Mon Nov 04 06:15:14 UTC 2019 /home/travis/build/icyphy/ptII/ptolemy/actor/lib/test/auto/BusActors.xml
----------------- Instantiating /home/travis/build/icyphy/ptII/ptolemy/actor/lib/test/auto/BusActors.xml
4 ms. Memory: 302080K Free: 87401K (29%)
----------------- Invoking toplevel() on ptolemy.moml.MoMLSimpleApplication@4b4ecb55
----------------- Done invoking toplevel() on ptolemy.moml.MoMLSimpleApplication@4b4ecb55
reloadAllAccessors: .BusActors

===========================================================================================
----------------- testing Mon Nov 04 06:15:14 UTC 2019 /home/travis/build/icyphy/ptII/ptolemy/actor/lib/test/auto/ClassWrapper.xml
----------------- Instantiating /home/travis/build/icyphy/ptII/ptolemy/actor/lib/test/auto/ClassWrapper.xml
3 ms. Memory: 302080K Free: 83305K (28%)
----------------- Invoking toplevel() on ptolemy.moml.MoMLSimpleApplication@5ee418aa
----------------- Done invoking toplevel() on ptolemy.moml.MoMLSimpleApplication@5ee418aa
reloadAllAccessors: .ClassWrapper

===========================================================================================
----------------- testing Mon Nov 04 06:15:14 UTC 2019 /home/travis/build/icyphy/ptII/ptolemy/actor/lib/test/auto/Clock.xml
----------------- Instantiating /home/travis/build/icyphy/ptII/ptolemy/actor/lib/test/auto/Clock.xml
4 ms. Memory: 302080K Free: 249703K (83%)
----------------- Invoking toplevel() on ptolemy.moml.MoMLSimpleApplication@23fdc13a
----------------- Done invoking toplevel() on ptolemy.moml.MoMLSimpleApplication@23fdc13a
reloadAllAccessors: .Clock

===========================================================================================
----------------- testing Mon Nov 04 06:15:14 UTC 2019 /home/travis/build/icyphy/ptII/ptolemy/actor/lib/test/auto/Clock10.xml
----------------- Instantiating /home/travis/build/icyphy/ptII/ptolemy/actor/lib/test/auto/Clock10.xml
4 ms. Memory: 302080K Free: 244071K (81%)
----------------- Invoking toplevel() on ptolemy.moml.MoMLSimpleApplication@345a75c9
----------------- Done invoking toplevel() on ptolemy.moml.MoMLSimpleApplication@345a75c9
reloadAllAccessors: .Clock10

===========================================================================================
----------------- testing Mon Nov 04 06:15:14 UTC 2019 /home/travis/build/icyphy/ptII/ptolemy/actor/lib/test/auto/Clock11.xml
----------------- Instantiating /home/travis/build/icyphy/ptII/ptolemy/actor/lib/test/auto/Clock11.xml
5 ms. Memory: 302080K Free: 237927K (79%)
----------------- Invoking toplevel() on ptolemy.moml.MoMLSimpleApplication@274b11b6
----------------- Done invoking toplevel() on ptolemy.moml.MoMLSimpleApplication@274b11b6
reloadAllAccessors: .Clock11

===========================================================================================
----------------- testing Mon Nov 04 06:15:14 UTC 2019 /home/travis/build/icyphy/ptII/ptolemy/actor/lib/test/auto/Clock12.xml
----------------- Instantiating /home/travis/build/icyphy/ptII/ptolemy/actor/lib/test/auto/Clock12.xml
5 ms. Memory: 302080K Free: 232297K (77%)
----------------- Invoking toplevel() on ptolemy.moml.MoMLSimpleApplication@6de1dafc
----------------- Done invoking toplevel() on ptolemy.moml.MoMLSimpleApplication@6de1dafc
reloadAllAccessors: .Clock12

===========================================================================================
----------------- testing Mon Nov 04 06:15:14 UTC 2019 /home/travis/build/icyphy/ptII/ptolemy/actor/lib/test/auto/Clock13.xml
----------------- Instantiating /home/travis/build/icyphy/ptII/ptolemy/actor/lib/test/auto/Clock13.xml
9 ms. Memory: 302080K Free: 226153K (75%)
----------------- Invoking toplevel() on ptolemy.moml.MoMLSimpleApplication@67969674
----------------- Done invoking toplevel() on ptolemy.moml.MoMLSimpleApplication@67969674
reloadAllAccessors: .Clock13

===========================================================================================
----------------- testing Mon Nov 04 06:15:14 UTC 2019 /home/travis/build/icyphy/ptII/ptolemy/actor/lib/test/auto/Clock14.xml
----------------- Instantiating /home/travis/build/icyphy/ptII/ptolemy/actor/lib/test/auto/Clock14.xml
6 ms. Memory: 302080K Free: 220513K (73%)
----------------- Invoking toplevel() on ptolemy.moml.MoMLSimpleApplication@3d904c35
----------------- Done invoking toplevel() on ptolemy.moml.MoMLSimpleApplication@3d904c35
reloadAllAccessors: .Clock14

===========================================================================================
----------------- testing Mon Nov 04 06:15:14 UTC 2019 /home/travis/build/icyphy/ptII/ptolemy/actor/lib/test/auto/Clock15.xml
----------------- Instantiating /home/travis/build/icyphy/ptII/ptolemy/actor/lib/test/auto/Clock15.xml
10 ms. Memory: 302080K Free: 214369K (71%)
----------------- Invoking toplevel() on ptolemy.moml.MoMLSimpleApplication@22302d36
----------------- Done invoking toplevel() on ptolemy.moml.MoMLSimpleApplication@22302d36
reloadAllAccessors: .Clock15

===========================================================================================
----------------- testing Mon Nov 04 06:15:14 UTC 2019 /home/travis/build/icyphy/ptII/ptolemy/actor/lib/test/auto/Clock16.xml
----------------- Instantiating /home/travis/build/icyphy/ptII/ptolemy/actor/lib/test/auto/Clock16.xml
37 ms. Memory: 302080K Free: 200033K (66%)
----------------- Invoking toplevel() on ptolemy.moml.MoMLSimpleApplication@708dd541
----------------- Done invoking toplevel() on ptolemy.moml.MoMLSimpleApplication@708dd541
reloadAllAccessors: .Clock16

===========================================================================================
----------------- testing Mon Nov 04 06:15:14 UTC 2019 /home/travis/build/icyphy/ptII/ptolemy/actor/lib/test/auto/Clock17.xml
----------------- Instantiating /home/travis/build/icyphy/ptII/ptolemy/actor/lib/test/auto/Clock17.xml
25 ms. Memory: 302080K Free: 185689K (61%)
----------------- Invoking toplevel() on ptolemy.moml.MoMLSimpleApplication@2d9dabcb
----------------- Done invoking toplevel() on ptolemy.moml.MoMLSimpleApplication@2d9dabcb
reloadAllAccessors: .Clock17

===========================================================================================
----------------- testing Mon Nov 04 06:15:14 UTC 2019 /home/travis/build/icyphy/ptII/ptolemy/actor/lib/test/auto/Clock18.xml
----------------- Instantiating /home/travis/build/icyphy/ptII/ptolemy/actor/lib/test/auto/Clock18.xml
15 ms. Memory: 302080K Free: 171881K (57%)
----------------- Invoking toplevel() on ptolemy.moml.MoMLSimpleApplication@505bba69
----------------- Done invoking toplevel() on ptolemy.moml.MoMLSimpleApplication@505bba69
reloadAllAccessors: .Clock18

===========================================================================================
----------------- testing Mon Nov 04 06:15:14 UTC 2019 /home/travis/build/icyphy/ptII/ptolemy/actor/lib/test/auto/Clock19.xml
----------------- Instantiating /home/travis/build/icyphy/ptII/ptolemy/actor/lib/test/auto/Clock19.xml
11 ms. Memory: 302080K Free: 159079K (53%)
----------------- Invoking toplevel() on ptolemy.moml.MoMLSimpleApplication@5acefbda
----------------- Done invoking toplevel() on ptolemy.moml.MoMLSimpleApplication@5acefbda
reloadAllAccessors: .Clock19

===========================================================================================
----------------- testing Mon Nov 04 06:15:14 UTC 2019 /home/travis/build/icyphy/ptII/ptolemy/actor/lib/test/auto/Clock2.xml
----------------- Instantiating /home/travis/build/icyphy/ptII/ptolemy/actor/lib/test/auto/Clock2.xml
2 ms. Memory: 302080K Free: 153929K (51%)
----------------- Invoking toplevel() on ptolemy.moml.MoMLSimpleApplication@16975491
----------------- Done invoking toplevel() on ptolemy.moml.MoMLSimpleApplication@16975491
reloadAllAccessors: .Clock2

===========================================================================================
----------------- testing Mon Nov 04 06:15:14 UTC 2019 /home/travis/build/icyphy/ptII/ptolemy/actor/lib/test/auto/Clock20.xml
----------------- Instantiating /home/travis/build/icyphy/ptII/ptolemy/actor/lib/test/auto/Clock20.xml
4 ms. Memory: 302080K Free: 148839K (49%)
----------------- Invoking toplevel() on ptolemy.moml.MoMLSimpleApplication@6ec45d32
----------------- Done invoking toplevel() on ptolemy.moml.MoMLSimpleApplication@6ec45d32
reloadAllAccessors: .Clock20

===========================================================================================
----------------- testing Mon Nov 04 06:15:14 UTC 2019 /home/travis/build/icyphy/ptII/ptolemy/actor/lib/test/auto/Clock21.xml
----------------- Instantiating /home/travis/build/icyphy/ptII/ptolemy/actor/lib/test/auto/Clock21.xml
12 ms. Memory: 302080K Free: 143209K (47%)
----------------- Invoking toplevel() on ptolemy.moml.MoMLSimpleApplication@16386cbb
----------------- Done invoking toplevel() on ptolemy.moml.MoMLSimpleApplication@16386cbb
reloadAllAccessors: .Clock21

===========================================================================================
----------------- testing Mon Nov 04 06:15:14 UTC 2019 /home/travis/build/icyphy/ptII/ptolemy/actor/lib/test/auto/Clock22.xml
----------------- Instantiating /home/travis/build/icyphy/ptII/ptolemy/actor/lib/test/auto/Clock22.xml
5 ms. Memory: 302080K Free: 138089K (46%)
----------------- Invoking toplevel() on ptolemy.moml.MoMLSimpleApplication@6d3e26b5
----------------- Done invoking toplevel() on ptolemy.moml.MoMLSimpleApplication@6d3e26b5
reloadAllAccessors: .Clock22

===========================================================================================
----------------- testing Mon Nov 04 06:15:14 UTC 2019 /home/travis/build/icyphy/ptII/ptolemy/actor/lib/test/auto/Clock23.xml
----------------- Instantiating /home/travis/build/icyphy/ptII/ptolemy/actor/lib/test/auto/Clock23.xml
5 ms. Memory: 302080K Free: 132455K (44%)
----------------- Invoking toplevel() on ptolemy.moml.MoMLSimpleApplication@4adccfe1
----------------- Done invoking toplevel() on ptolemy.moml.MoMLSimpleApplication@4adccfe1
reloadAllAccessors: .Clock23

===========================================================================================
----------------- testing Mon Nov 04 06:15:15 UTC 2019 /home/travis/build/icyphy/ptII/ptolemy/actor/lib/test/auto/Clock24.xml
----------------- Instantiating /home/travis/build/icyphy/ptII/ptolemy/actor/lib/test/auto/Clock24.xml
5 ms. Memory: 302080K Free: 126825K (42%)
----------------- Invoking toplevel() on ptolemy.moml.MoMLSimpleApplication@16f2b1be
----------------- Done invoking toplevel() on ptolemy.moml.MoMLSimpleApplication@16f2b1be
reloadAllAccessors: .Clock24

===========================================================================================
----------------- testing Mon Nov 04 06:15:15 UTC 2019 /home/travis/build/icyphy/ptII/ptolemy/actor/lib/test/auto/Clock4.xml
----------------- Instantiating /home/travis/build/icyphy/ptII/ptolemy/actor/lib/test/auto/Clock4.xml
2 ms. Memory: 302080K Free: 122185K (40%)
----------------- Invoking toplevel() on ptolemy.moml.MoMLSimpleApplication@5aefcadd
----------------- Done invoking toplevel() on ptolemy.moml.MoMLSimpleApplication@5aefcadd
reloadAllAccessors: .Clock4

===========================================================================================
----------------- testing Mon Nov 04 06:15:15 UTC 2019 /home/travis/build/icyphy/ptII/ptolemy/actor/lib/test/auto/Clock5.xml
----------------- Instantiating /home/travis/build/icyphy/ptII/ptolemy/actor/lib/test/auto/Clock5.xml
3 ms. Memory: 302080K Free: 116585K (39%)
----------------- Invoking toplevel() on ptolemy.moml.MoMLSimpleApplication@5b63a6cc
----------------- Done invoking toplevel() on ptolemy.moml.MoMLSimpleApplication@5b63a6cc
reloadAllAccessors: .Clock5

===========================================================================================
----------------- testing Mon Nov 04 06:15:15 UTC 2019 /home/travis/build/icyphy/ptII/ptolemy/actor/lib/test/auto/Clock6.xml
----------------- Instantiating /home/travis/build/icyphy/ptII/ptolemy/actor/lib/test/auto/Clock6.xml
2 ms. Memory: 302080K Free: 112489K (37%)
----------------- Invoking toplevel() on ptolemy.moml.MoMLSimpleApplication@4c288818
----------------- Done invoking toplevel() on ptolemy.moml.MoMLSimpleApplication@4c288818
reloadAllAccessors: .Clock6

===========================================================================================
----------------- testing Mon Nov 04 06:15:15 UTC 2019 /home/travis/build/icyphy/ptII/ptolemy/actor/lib/test/auto/Clock7.xml
----------------- Instantiating /home/travis/build/icyphy/ptII/ptolemy/actor/lib/test/auto/Clock7.xml
2 ms. Memory: 302080K Free: 107879K (36%)
----------------- Invoking toplevel() on ptolemy.moml.MoMLSimpleApplication@26cbbaf4
----------------- Done invoking toplevel() on ptolemy.moml.MoMLSimpleApplication@26cbbaf4
reloadAllAccessors: .Clock7

===========================================================================================
----------------- testing Mon Nov 04 06:15:15 UTC 2019 /home/travis/build/icyphy/ptII/ptolemy/actor/lib/test/auto/Clock8.xml
----------------- Instantiating /home/travis/build/icyphy/ptII/ptolemy/actor/lib/test/auto/Clock8.xml
5 ms. Memory: 302080K Free: 102249K (34%)
----------------- Invoking toplevel() on ptolemy.moml.MoMLSimpleApplication@1e829ae7
----------------- Done invoking toplevel() on ptolemy.moml.MoMLSimpleApplication@1e829ae7
reloadAllAccessors: .Clock8

===========================================================================================
----------------- testing Mon Nov 04 06:15:15 UTC 2019 /home/travis/build/icyphy/ptII/ptolemy/actor/lib/test/auto/Clock9.xml
----------------- Instantiating /home/travis/build/icyphy/ptII/ptolemy/actor/lib/test/auto/Clock9.xml
5 ms. Memory: 302080K Free: 97129K (32%)
----------------- Invoking toplevel() on ptolemy.moml.MoMLSimpleApplication@49f9b0fb
----------------- Done invoking toplevel() on ptolemy.moml.MoMLSimpleApplication@49f9b0fb
reloadAllAccessors: .Clock9

===========================================================================================
----------------- testing Mon Nov 04 06:15:15 UTC 2019 /home/travis/build/icyphy/ptII/ptolemy/actor/lib/test/auto/CommDistDiscard.xml
----------------- Instantiating /home/travis/build/icyphy/ptII/ptolemy/actor/lib/test/auto/CommDistDiscard.xml
4 ms. Memory: 302080K Free: 91495K (30%)
----------------- Invoking toplevel() on ptolemy.moml.MoMLSimpleApplication@12a9c6f4
----------------- Done invoking toplevel() on ptolemy.moml.MoMLSimpleApplication@12a9c6f4
reloadAllAccessors: .CommDistDiscard

===========================================================================================
----------------- testing Mon Nov 04 06:15:15 UTC 2019 /home/travis/build/icyphy/ptII/ptolemy/actor/lib/test/auto/Commutator.xml
----------------- Instantiating /home/travis/build/icyphy/ptII/ptolemy/actor/lib/test/auto/Commutator.xml
5 ms. Memory: 302080K Free: 87399K (29%)
----------------- Invoking toplevel() on ptolemy.moml.MoMLSimpleApplication@43711bde
----------------- Done invoking toplevel() on ptolemy.moml.MoMLSimpleApplication@43711bde
reloadAllAccessors: .Commutator

===========================================================================================
----------------- testing Mon Nov 04 06:15:15 UTC 2019 /home/travis/build/icyphy/ptII/ptolemy/actor/lib/test/auto/Commutator2.xml
----------------- Instantiating /home/travis/build/icyphy/ptII/ptolemy/actor/lib/test/auto/Commutator2.xml
2 ms. Memory: 604160K Free: 554343K (92%)
----------------- Invoking toplevel() on ptolemy.moml.MoMLSimpleApplication@278e3b28
----------------- Done invoking toplevel() on ptolemy.moml.MoMLSimpleApplication@278e3b28
reloadAllAccessors: .Commutator2

===========================================================================================
----------------- testing Mon Nov 04 06:15:15 UTC 2019 /home/travis/build/icyphy/ptII/ptolemy/actor/lib/test/auto/Commutator3.xml
----------------- Instantiating /home/travis/build/icyphy/ptII/ptolemy/actor/lib/test/auto/Commutator3.xml
3 ms. Memory: 604160K Free: 549737K (91%)
----------------- Invoking toplevel() on ptolemy.moml.MoMLSimpleApplication@5cb1feb9
----------------- Done invoking toplevel() on ptolemy.moml.MoMLSimpleApplication@5cb1feb9
reloadAllAccessors: .Commutator3

===========================================================================================
----------------- testing Mon Nov 04 06:15:15 UTC 2019 /home/travis/build/icyphy/ptII/ptolemy/actor/lib/test/auto/Compare.xml
----------------- Instantiating /home/travis/build/icyphy/ptII/ptolemy/actor/lib/test/auto/Compare.xml
2 ms. Memory: 604160K Free: 543079K (90%)
----------------- Invoking toplevel() on ptolemy.moml.MoMLSimpleApplication@2b3e87e7
----------------- Done invoking toplevel() on ptolemy.moml.MoMLSimpleApplication@2b3e87e7
reloadAllAccessors: .Compare

===========================================================================================
----------------- testing Mon Nov 04 06:15:15 UTC 2019 /home/travis/build/icyphy/ptII/ptolemy/actor/lib/test/auto/CompareDE.xml
----------------- Instantiating /home/travis/build/icyphy/ptII/ptolemy/actor/lib/test/auto/CompareDE.xml
5 ms. Memory: 604160K Free: 536425K (89%)
----------------- Invoking toplevel() on ptolemy.moml.MoMLSimpleApplication@2d6cb90c
----------------- Done invoking toplevel() on ptolemy.moml.MoMLSimpleApplication@2d6cb90c
reloadAllAccessors: .CompareDE

===========================================================================================
----------------- testing Mon Nov 04 06:15:15 UTC 2019 /home/travis/build/icyphy/ptII/ptolemy/actor/lib/test/auto/ComplexDivide.xml
----------------- Instantiating /home/travis/build/icyphy/ptII/ptolemy/actor/lib/test/auto/ComplexDivide.xml
2 ms. Memory: 604160K Free: 532329K (88%)
----------------- Invoking toplevel() on ptolemy.moml.MoMLSimpleApplication@3825bda
----------------- Done invoking toplevel() on ptolemy.moml.MoMLSimpleApplication@3825bda
reloadAllAccessors: .ComplexDivide

===========================================================================================
----------------- testing Mon Nov 04 06:15:15 UTC 2019 /home/travis/build/icyphy/ptII/ptolemy/actor/lib/test/auto/ComputeHistogram.xml
----------------- Instantiating /home/travis/build/icyphy/ptII/ptolemy/actor/lib/test/auto/ComputeHistogram.xml
41 ms. Memory: 604160K Free: 519527K (86%)
----------------- Invoking toplevel() on ptolemy.moml.MoMLSimpleApplication@1e9d3011
----------------- Done invoking toplevel() on ptolemy.moml.MoMLSimpleApplication@1e9d3011
reloadAllAccessors: .ComputeHistogram

===========================================================================================
----------------- testing Mon Nov 04 06:15:15 UTC 2019 /home/travis/build/icyphy/ptII/ptolemy/actor/lib/test/auto/ConfigurationSelect.xml
----------------- Instantiating /home/travis/build/icyphy/ptII/ptolemy/actor/lib/test/auto/ConfigurationSelect.xml
12 ms. Memory: 604160K Free: 514377K (85%)
----------------- Invoking toplevel() on ptolemy.moml.MoMLSimpleApplication@77a5c717
----------------- Done invoking toplevel() on ptolemy.moml.MoMLSimpleApplication@77a5c717
reloadAllAccessors: .ConfigurationSelect

===========================================================================================
----------------- testing Mon Nov 04 06:15:15 UTC 2019 /home/travis/build/icyphy/ptII/ptolemy/actor/lib/test/auto/ConfigurationSelect2.xml
----------------- Instantiating /home/travis/build/icyphy/ptII/ptolemy/actor/lib/test/auto/ConfigurationSelect2.xml
3 ms. Memory: 604160K Free: 509801K (84%)
----------------- Invoking toplevel() on ptolemy.moml.MoMLSimpleApplication@6e459561
----------------- Done invoking toplevel() on ptolemy.moml.MoMLSimpleApplication@6e459561
reloadAllAccessors: .ConfigurationSelect2

===========================================================================================
----------------- testing Mon Nov 04 06:15:15 UTC 2019 /home/travis/build/icyphy/ptII/ptolemy/actor/lib/test/auto/ConfigurationSwitch.xml
----------------- Instantiating /home/travis/build/icyphy/ptII/ptolemy/actor/lib/test/auto/ConfigurationSwitch.xml
3 ms. Memory: 604160K Free: 504681K (84%)
----------------- Invoking toplevel() on ptolemy.moml.MoMLSimpleApplication@7f20809f
----------------- Done invoking toplevel() on ptolemy.moml.MoMLSimpleApplication@7f20809f
reloadAllAccessors: .ConfigurationSwitch

===========================================================================================
----------------- testing Mon Nov 04 06:15:15 UTC 2019 /home/travis/build/icyphy/ptII/ptolemy/actor/lib/test/auto/ConfigurationSwitch2.xml
----------------- Instantiating /home/travis/build/icyphy/ptII/ptolemy/actor/lib/test/auto/ConfigurationSwitch2.xml
4 ms. Memory: 604160K Free: 499047K (83%)
----------------- Invoking toplevel() on ptolemy.moml.MoMLSimpleApplication@961a58a
----------------- Done invoking toplevel() on ptolemy.moml.MoMLSimpleApplication@961a58a
reloadAllAccessors: .ConfigurationSwitch2

===========================================================================================
----------------- testing Mon Nov 04 06:15:15 UTC 2019 /home/travis/build/icyphy/ptII/ptolemy/actor/lib/test/auto/ConfigurationSwitchCloningBugWithClassRelationGroup.xml
----------------- Instantiating /home/travis/build/icyphy/ptII/ptolemy/actor/lib/test/auto/ConfigurationSwitchCloningBugWithClassRelationGroup.xml
1 ms. Memory: 604160K Free: 492393K (82%)
----------------- Invoking toplevel() on ptolemy.moml.MoMLSimpleApplication@319c47c7
----------------- Done invoking toplevel() on ptolemy.moml.MoMLSimpleApplication@319c47c7
reloadAllAccessors: .ConfigurationSwitchCloningBugWithClassRelationGroup

===========================================================================================
----------------- testing Mon Nov 04 06:15:15 UTC 2019 /home/travis/build/icyphy/ptII/ptolemy/actor/lib/test/auto/ConfigurationSwitchSelectSDF.xml
----------------- Instantiating /home/travis/build/icyphy/ptII/ptolemy/actor/lib/test/auto/ConfigurationSwitchSelectSDF.xml
3 ms. Memory: 604160K Free: 487273K (81%)
----------------- Invoking toplevel() on ptolemy.moml.MoMLSimpleApplication@4907665d
----------------- Done invoking toplevel() on ptolemy.moml.MoMLSimpleApplication@4907665d
reloadAllAccessors: .ConfigurationSwitchSelectSDF

===========================================================================================
----------------- testing Mon Nov 04 06:15:15 UTC 2019 /home/travis/build/icyphy/ptII/ptolemy/actor/lib/test/auto/ConfigurationSwitchSelectSDF2.xml
----------------- Instantiating /home/travis/build/icyphy/ptII/ptolemy/actor/lib/test/auto/ConfigurationSwitchSelectSDF2.xml
2 ms. Memory: 604160K Free: 481129K (80%)
----------------- Invoking toplevel() on ptolemy.moml.MoMLSimpleApplication@21f40d6b
----------------- Done invoking toplevel() on ptolemy.moml.MoMLSimpleApplication@21f40d6b
reloadAllAccessors: .ConfigurationSwitchSelectSDF2

===========================================================================================
----------------- testing Mon Nov 04 06:15:15 UTC 2019 /home/travis/build/icyphy/ptII/ptolemy/actor/lib/test/auto/Const.xml
----------------- Instantiating /home/travis/build/icyphy/ptII/ptolemy/actor/lib/test/auto/Const.xml
1 ms. Memory: 604160K Free: 477543K (79%)
----------------- Invoking toplevel() on ptolemy.moml.MoMLSimpleApplication@4e891b39
----------------- Done invoking toplevel() on ptolemy.moml.MoMLSimpleApplication@4e891b39
reloadAllAccessors: .Const

===========================================================================================
----------------- testing Mon Nov 04 06:15:15 UTC 2019 /home/travis/build/icyphy/ptII/ptolemy/actor/lib/test/auto/Const2.xml
----------------- Instantiating /home/travis/build/icyphy/ptII/ptolemy/actor/lib/test/auto/Const2.xml
1 ms. Memory: 604160K Free: 473961K (78%)
----------------- Invoking toplevel() on ptolemy.moml.MoMLSimpleApplication@30fa8bab
----------------- Done invoking toplevel() on ptolemy.moml.MoMLSimpleApplication@30fa8bab
reloadAllAccessors: .Const2

===========================================================================================
----------------- testing Mon Nov 04 06:15:15 UTC 2019 /home/travis/build/icyphy/ptII/ptolemy/actor/lib/test/auto/Const3.xml
----------------- Instantiating /home/travis/build/icyphy/ptII/ptolemy/actor/lib/test/auto/Const3.xml
1 ms. Memory: 604160K Free: 470889K (78%)
----------------- Invoking toplevel() on ptolemy.moml.MoMLSimpleApplication@4fe04c73
----------------- Done invoking toplevel() on ptolemy.moml.MoMLSimpleApplication@4fe04c73
reloadAllAccessors: .Const3

===========================================================================================
----------------- testing Mon Nov 04 06:15:15 UTC 2019 /home/travis/build/icyphy/ptII/ptolemy/actor/lib/test/auto/ConstantPublisherPort1.xml
----------------- Instantiating /home/travis/build/icyphy/ptII/ptolemy/actor/lib/test/auto/ConstantPublisherPort1.xml
8 ms. Memory: 604160K Free: 462183K (77%)
----------------- Invoking toplevel() on ptolemy.moml.MoMLSimpleApplication@6eeb40f3
----------------- Done invoking toplevel() on ptolemy.moml.MoMLSimpleApplication@6eeb40f3
reloadAllAccessors: .ConstantPublisherPort1

===========================================================================================
----------------- testing Mon Nov 04 06:15:15 UTC 2019 /home/travis/build/icyphy/ptII/ptolemy/actor/lib/test/auto/ConstantPublisherPort2.xml
----------------- Instantiating /home/travis/build/icyphy/ptII/ptolemy/actor/lib/test/auto/ConstantPublisherPort2.xml
10 ms. Memory: 604160K Free: 455015K (75%)
----------------- Invoking toplevel() on ptolemy.moml.MoMLSimpleApplication@5a9d3c59
----------------- Done invoking toplevel() on ptolemy.moml.MoMLSimpleApplication@5a9d3c59
reloadAllAccessors: .ConstantPublisherPort2

===========================================================================================
----------------- testing Mon Nov 04 06:15:15 UTC 2019 /home/travis/build/icyphy/ptII/ptolemy/actor/lib/test/auto/ConstantPublisherPort3.xml
----------------- Instantiating /home/travis/build/icyphy/ptII/ptolemy/actor/lib/test/auto/ConstantPublisherPort3.xml
6 ms. Memory: 604160K Free: 447337K (74%)
----------------- Invoking toplevel() on ptolemy.moml.MoMLSimpleApplication@5deec211
----------------- Done invoking toplevel() on ptolemy.moml.MoMLSimpleApplication@5deec211
reloadAllAccessors: .ConstantPublisherPort3

===========================================================================================
----------------- testing Mon Nov 04 06:15:15 UTC 2019 /home/travis/build/icyphy/ptII/ptolemy/actor/lib/test/auto/ConstantPublisherPort4.xml
----------------- Instantiating /home/travis/build/icyphy/ptII/ptolemy/actor/lib/test/auto/ConstantPublisherPort4.xml
5 ms. Memory: 604160K Free: 440673K (73%)
----------------- Invoking toplevel() on ptolemy.moml.MoMLSimpleApplication@219db770
----------------- Done invoking toplevel() on ptolemy.moml.MoMLSimpleApplication@219db770
reloadAllAccessors: .ConstantPublisherPort4

===========================================================================================
----------------- testing Mon Nov 04 06:15:15 UTC 2019 /home/travis/build/icyphy/ptII/ptolemy/actor/lib/test/auto/ConstantPublisherPort5.xml
----------------- Instantiating /home/travis/build/icyphy/ptII/ptolemy/actor/lib/test/auto/ConstantPublisherPort5.xml
33 ms. Memory: 604160K Free: 430953K (71%)
----------------- Invoking toplevel() on ptolemy.moml.MoMLSimpleApplication@502d111c
----------------- Done invoking toplevel() on ptolemy.moml.MoMLSimpleApplication@502d111c
reloadAllAccessors: .ConstantPublisherPort5

===========================================================================================
----------------- testing Mon Nov 04 06:15:15 UTC 2019 /home/travis/build/icyphy/ptII/ptolemy/actor/lib/test/auto/ConstantPublisherPort6.xml
----------------- Instantiating /home/travis/build/icyphy/ptII/ptolemy/actor/lib/test/auto/ConstantPublisherPort6.xml
16 ms. Memory: 604160K Free: 421737K (70%)
----------------- Invoking toplevel() on ptolemy.moml.MoMLSimpleApplication@79cfb83a
----------------- Done invoking toplevel() on ptolemy.moml.MoMLSimpleApplication@79cfb83a
reloadAllAccessors: .ConstantPublisherPort6

===========================================================================================
----------------- testing Mon Nov 04 06:15:15 UTC 2019 /home/travis/build/icyphy/ptII/ptolemy/actor/lib/test/auto/ConstantPublisherPort7.xml
----------------- Instantiating /home/travis/build/icyphy/ptII/ptolemy/actor/lib/test/auto/ConstantPublisherPort7.xml
18 ms. Memory: 604160K Free: 412521K (68%)
----------------- Invoking toplevel() on ptolemy.moml.MoMLSimpleApplication@1143e764
----------------- Done invoking toplevel() on ptolemy.moml.MoMLSimpleApplication@1143e764
reloadAllAccessors: .ConstantPublisherPort7

===========================================================================================
----------------- testing Mon Nov 04 06:15:15 UTC 2019 /home/travis/build/icyphy/ptII/ptolemy/actor/lib/test/auto/ConstraintMonitor1.xml
----------------- Instantiating /home/travis/build/icyphy/ptII/ptolemy/actor/lib/test/auto/ConstraintMonitor1.xml
8 ms. Memory: 604160K Free: 407399K (67%)
----------------- Invoking toplevel() on ptolemy.moml.MoMLSimpleApplication@328486d8
----------------- Done invoking toplevel() on ptolemy.moml.MoMLSimpleApplication@328486d8
reloadAllAccessors: .ConstraintMonitor1

===========================================================================================
----------------- testing Mon Nov 04 06:15:16 UTC 2019 /home/travis/build/icyphy/ptII/ptolemy/actor/lib/test/auto/ConstraintMonitor2.xml
----------------- Instantiating /home/travis/build/icyphy/ptII/ptolemy/actor/lib/test/auto/ConstraintMonitor2.xml
7 ms. Memory: 604160K Free: 402791K (67%)
----------------- Invoking toplevel() on ptolemy.moml.MoMLSimpleApplication@ed65d7d
----------------- Done invoking toplevel() on ptolemy.moml.MoMLSimpleApplication@ed65d7d
reloadAllAccessors: .ConstraintMonitor2

===========================================================================================
----------------- testing Mon Nov 04 06:15:16 UTC 2019 /home/travis/build/icyphy/ptII/ptolemy/actor/lib/test/auto/ConstraintMonitor3.xml
----------------- Instantiating /home/travis/build/icyphy/ptII/ptolemy/actor/lib/test/auto/ConstraintMonitor3.xml
4 ms. Memory: 604160K Free: 398185K (66%)
----------------- Invoking toplevel() on ptolemy.moml.MoMLSimpleApplication@810edce
----------------- Done invoking toplevel() on ptolemy.moml.MoMLSimpleApplication@810edce
reloadAllAccessors: .ConstraintMonitor3

===========================================================================================
----------------- testing Mon Nov 04 06:15:16 UTC 2019 /home/travis/build/icyphy/ptII/ptolemy/actor/lib/test/auto/ConstraintMonitor4.xml
----------------- Instantiating /home/travis/build/icyphy/ptII/ptolemy/actor/lib/test/auto/ConstraintMonitor4.xml
5 ms. Memory: 604160K Free: 393065K (65%)
----------------- Invoking toplevel() on ptolemy.moml.MoMLSimpleApplication@616a0d1c
----------------- Done invoking toplevel() on ptolemy.moml.MoMLSimpleApplication@616a0d1c
reloadAllAccessors: .ConstraintMonitor4

===========================================================================================
----------------- testing Mon Nov 04 06:15:16 UTC 2019 /home/travis/build/icyphy/ptII/ptolemy/actor/lib/test/auto/ConstraintMonitor5.xml
----------------- Instantiating /home/travis/build/icyphy/ptII/ptolemy/actor/lib/test/auto/ConstraintMonitor5.xml
5 ms. Memory: 604160K Free: 387431K (64%)
----------------- Invoking toplevel() on ptolemy.moml.MoMLSimpleApplication@111543b4
----------------- Done invoking toplevel() on ptolemy.moml.MoMLSimpleApplication@111543b4
reloadAllAccessors: .ConstraintMonitor5

===========================================================================================
----------------- testing Mon Nov 04 06:15:16 UTC 2019 /home/travis/build/icyphy/ptII/ptolemy/actor/lib/test/auto/ConstraintMonitor6.xml
----------------- Instantiating /home/travis/build/icyphy/ptII/ptolemy/actor/lib/test/auto/ConstraintMonitor6.xml
7 ms. Memory: 604160K Free: 380777K (63%)
----------------- Invoking toplevel() on ptolemy.moml.MoMLSimpleApplication@6d879fd3
----------------- Done invoking toplevel() on ptolemy.moml.MoMLSimpleApplication@6d879fd3
reloadAllAccessors: .ConstraintMonitor6

===========================================================================================
----------------- testing Mon Nov 04 06:15:16 UTC 2019 /home/travis/build/icyphy/ptII/ptolemy/actor/lib/test/auto/ConstraintMonitor7.xml
----------------- Instantiating /home/travis/build/icyphy/ptII/ptolemy/actor/lib/test/auto/ConstraintMonitor7.xml
6 ms. Memory: 604160K Free: 374633K (62%)
----------------- Invoking toplevel() on ptolemy.moml.MoMLSimpleApplication@391b4903
----------------- Done invoking toplevel() on ptolemy.moml.MoMLSimpleApplication@391b4903
reloadAllAccessors: .ConstraintMonitor7

===========================================================================================
----------------- testing Mon Nov 04 06:15:16 UTC 2019 /home/travis/build/icyphy/ptII/ptolemy/actor/lib/test/auto/ConstraintMonitor8.xml
----------------- Instantiating /home/travis/build/icyphy/ptII/ptolemy/actor/lib/test/auto/ConstraintMonitor8.xml
13 ms. Memory: 604160K Free: 366951K (61%)
----------------- Invoking toplevel() on ptolemy.moml.MoMLSimpleApplication@63d21640
----------------- Done invoking toplevel() on ptolemy.moml.MoMLSimpleApplication@63d21640
reloadAllAccessors: .ConstraintMonitor8

===========================================================================================
----------------- testing Mon Nov 04 06:15:16 UTC 2019 /home/travis/build/icyphy/ptII/ptolemy/actor/lib/test/auto/Counter.xml
----------------- Instantiating /home/travis/build/icyphy/ptII/ptolemy/actor/lib/test/auto/Counter.xml
2 ms. Memory: 604160K Free: 361831K (60%)
----------------- Invoking toplevel() on ptolemy.moml.MoMLSimpleApplication@59a8c4ba
----------------- Done invoking toplevel() on ptolemy.moml.MoMLSimpleApplication@59a8c4ba
reloadAllAccessors: .Counter

===========================================================================================
----------------- testing Mon Nov 04 06:15:16 UTC 2019 /home/travis/build/icyphy/ptII/ptolemy/actor/lib/test/auto/CurrentTimeSDF.xml
----------------- Instantiating /home/travis/build/icyphy/ptII/ptolemy/actor/lib/test/auto/CurrentTimeSDF.xml
2 ms. Memory: 604160K Free: 358249K (59%)
----------------- Invoking toplevel() on ptolemy.moml.MoMLSimpleApplication@7788a1de
----------------- Done invoking toplevel() on ptolemy.moml.MoMLSimpleApplication@7788a1de
reloadAllAccessors: .CurrentTimeSDF

===========================================================================================
----------------- testing Mon Nov 04 06:15:16 UTC 2019 /home/travis/build/icyphy/ptII/ptolemy/actor/lib/test/auto/DB.xml
----------------- Instantiating /home/travis/build/icyphy/ptII/ptolemy/actor/lib/test/auto/DB.xml
2 ms. Memory: 604160K Free: 352615K (58%)
----------------- Invoking toplevel() on ptolemy.moml.MoMLSimpleApplication@339f5361
----------------- Done invoking toplevel() on ptolemy.moml.MoMLSimpleApplication@339f5361
reloadAllAccessors: .DB

===========================================================================================
----------------- testing Mon Nov 04 06:15:16 UTC 2019 /home/travis/build/icyphy/ptII/ptolemy/actor/lib/test/auto/DBDE.xml
----------------- Instantiating /home/travis/build/icyphy/ptII/ptolemy/actor/lib/test/auto/DBDE.xml
2 ms. Memory: 604160K Free: 551753K (91%)
----------------- Invoking toplevel() on ptolemy.moml.MoMLSimpleApplication@1a502a95
----------------- Done invoking toplevel() on ptolemy.moml.MoMLSimpleApplication@1a502a95
reloadAllAccessors: .DBDE

===========================================================================================
----------------- testing Mon Nov 04 06:15:16 UTC 2019 /home/travis/build/icyphy/ptII/ptolemy/actor/lib/test/auto/DateConstructor.xml
----------------- Instantiating /home/travis/build/icyphy/ptII/ptolemy/actor/lib/test/auto/DateConstructor.xml
24 ms. Memory: 604160K Free: 534375K (88%)
----------------- Invoking toplevel() on ptolemy.moml.MoMLSimpleApplication@3752227b
----------------- Done invoking toplevel() on ptolemy.moml.MoMLSimpleApplication@3752227b
reloadAllAccessors: .DateConstructor

===========================================================================================
----------------- testing Mon Nov 04 06:15:16 UTC 2019 /home/travis/build/icyphy/ptII/ptolemy/actor/lib/test/auto/DelayTime.xml
----------------- Instantiating /home/travis/build/icyphy/ptII/ptolemy/actor/lib/test/auto/DelayTime.xml
8 ms. Memory: 604160K Free: 529255K (88%)
----------------- Invoking toplevel() on ptolemy.moml.MoMLSimpleApplication@5de79c10
----------------- Done invoking toplevel() on ptolemy.moml.MoMLSimpleApplication@5de79c10
reloadAllAccessors: .DelayTime

===========================================================================================
----------------- testing Mon Nov 04 06:15:16 UTC 2019 /home/travis/build/icyphy/ptII/ptolemy/actor/lib/test/auto/Dictionary1.xml
----------------- Instantiating /home/travis/build/icyphy/ptII/ptolemy/actor/lib/test/auto/Dictionary1.xml
2 ms. Memory: 604160K Free: 523625K (87%)
----------------- Invoking toplevel() on ptolemy.moml.MoMLSimpleApplication@7d009419
----------------- Done invoking toplevel() on ptolemy.moml.MoMLSimpleApplication@7d009419
reloadAllAccessors: .Dictionary1

===========================================================================================
----------------- testing Mon Nov 04 06:15:16 UTC 2019 /home/travis/build/icyphy/ptII/ptolemy/actor/lib/test/auto/Dictionary2.xml
----------------- Instantiating /home/travis/build/icyphy/ptII/ptolemy/actor/lib/test/auto/Dictionary2.xml
5 ms. Memory: 604160K Free: 518505K (86%)
----------------- Invoking toplevel() on ptolemy.moml.MoMLSimpleApplication@535d56b8
----------------- Done invoking toplevel() on ptolemy.moml.MoMLSimpleApplication@535d56b8
reloadAllAccessors: .Dictionary2

===========================================================================================
----------------- testing Mon Nov 04 06:15:16 UTC 2019 /home/travis/build/icyphy/ptII/ptolemy/actor/lib/test/auto/Dictionary3.xml
----------------- Instantiating /home/travis/build/icyphy/ptII/ptolemy/actor/lib/test/auto/Dictionary3.xml
1 ms. Memory: 604160K Free: 512871K (85%)
----------------- Invoking toplevel() on ptolemy.moml.MoMLSimpleApplication@14fc1401
----------------- Done invoking toplevel() on ptolemy.moml.MoMLSimpleApplication@14fc1401
reloadAllAccessors: .Dictionary3

===========================================================================================
----------------- testing Mon Nov 04 06:15:16 UTC 2019 /home/travis/build/icyphy/ptII/ptolemy/actor/lib/test/auto/Dictionary4.xml
----------------- Instantiating /home/travis/build/icyphy/ptII/ptolemy/actor/lib/test/auto/Dictionary4.xml
5 ms. Memory: 604160K Free: 505697K (84%)
----------------- Invoking toplevel() on ptolemy.moml.MoMLSimpleApplication@4919cd75
----------------- Done invoking toplevel() on ptolemy.moml.MoMLSimpleApplication@4919cd75
reloadAllAccessors: .Dictionary4

===========================================================================================
----------------- testing Mon Nov 04 06:15:16 UTC 2019 /home/travis/build/icyphy/ptII/ptolemy/actor/lib/test/auto/Differential.xml
----------------- Instantiating /home/travis/build/icyphy/ptII/ptolemy/actor/lib/test/auto/Differential.xml
3 ms. Memory: 604160K Free: 501097K (83%)
----------------- Invoking toplevel() on ptolemy.moml.MoMLSimpleApplication@4be8d71
----------------- Done invoking toplevel() on ptolemy.moml.MoMLSimpleApplication@4be8d71
reloadAllAccessors: .Differential

===========================================================================================
----------------- testing Mon Nov 04 06:15:16 UTC 2019 /home/travis/build/icyphy/ptII/ptolemy/actor/lib/test/auto/Director.xml
----------------- Instantiating /home/travis/build/icyphy/ptII/ptolemy/actor/lib/test/auto/Director.xml
1 ms. Memory: 604160K Free: 498025K (82%)
----------------- Invoking toplevel() on ptolemy.moml.MoMLSimpleApplication@60eca7e9
----------------- Done invoking toplevel() on ptolemy.moml.MoMLSimpleApplication@60eca7e9
reloadAllAccessors: .Director

===========================================================================================
----------------- testing Mon Nov 04 06:15:16 UTC 2019 /home/travis/build/icyphy/ptII/ptolemy/actor/lib/test/auto/DiscreteClock.xml
----------------- Instantiating /home/travis/build/icyphy/ptII/ptolemy/actor/lib/test/auto/DiscreteClock.xml
1 ms. Memory: 604160K Free: 493415K (82%)
----------------- Invoking toplevel() on ptolemy.moml.MoMLSimpleApplication@58dab1eb
----------------- Done invoking toplevel() on ptolemy.moml.MoMLSimpleApplication@58dab1eb
reloadAllAccessors: .DiscreteClock

===========================================================================================
----------------- testing Mon Nov 04 06:15:16 UTC 2019 /home/travis/build/icyphy/ptII/ptolemy/actor/lib/test/auto/DiscreteClock10.xml
----------------- Instantiating /home/travis/build/icyphy/ptII/ptolemy/actor/lib/test/auto/DiscreteClock10.xml
2 ms. Memory: 604160K Free: 487271K (81%)
----------------- Invoking toplevel() on ptolemy.moml.MoMLSimpleApplication@169e0998
----------------- Done invoking toplevel() on ptolemy.moml.MoMLSimpleApplication@169e0998
reloadAllAccessors: .DiscreteClock10

===========================================================================================
----------------- testing Mon Nov 04 06:15:16 UTC 2019 /home/travis/build/icyphy/ptII/ptolemy/actor/lib/test/auto/DiscreteClock11.xml
----------------- Instantiating /home/travis/build/icyphy/ptII/ptolemy/actor/lib/test/auto/DiscreteClock11.xml
2 ms. Memory: 604160K Free: 481641K (80%)
----------------- Invoking toplevel() on ptolemy.moml.MoMLSimpleApplication@7f265130
----------------- Done invoking toplevel() on ptolemy.moml.MoMLSimpleApplication@7f265130
reloadAllAccessors: .DiscreteClock11

===========================================================================================
----------------- testing Mon Nov 04 06:15:16 UTC 2019 /home/travis/build/icyphy/ptII/ptolemy/actor/lib/test/auto/DiscreteClock12.xml
----------------- Instantiating /home/travis/build/icyphy/ptII/ptolemy/actor/lib/test/auto/DiscreteClock12.xml
3 ms. Memory: 604160K Free: 475497K (79%)
----------------- Invoking toplevel() on ptolemy.moml.MoMLSimpleApplication@dd42b30
----------------- Done invoking toplevel() on ptolemy.moml.MoMLSimpleApplication@dd42b30
reloadAllAccessors: .DiscreteClock12

===========================================================================================
----------------- testing Mon Nov 04 06:15:16 UTC 2019 /home/travis/build/icyphy/ptII/ptolemy/actor/lib/test/auto/DiscreteClock13.xml
----------------- Instantiating /home/travis/build/icyphy/ptII/ptolemy/actor/lib/test/auto/DiscreteClock13.xml
6 ms. Memory: 604160K Free: 469353K (78%)
----------------- Invoking toplevel() on ptolemy.moml.MoMLSimpleApplication@2aa2d240
----------------- Done invoking toplevel() on ptolemy.moml.MoMLSimpleApplication@2aa2d240
reloadAllAccessors: .DiscreteClock13

===========================================================================================
----------------- testing Mon Nov 04 06:15:16 UTC 2019 /home/travis/build/icyphy/ptII/ptolemy/actor/lib/test/auto/DiscreteClock14.xml
----------------- Instantiating /home/travis/build/icyphy/ptII/ptolemy/actor/lib/test/auto/DiscreteClock14.xml
5 ms. Memory: 604160K Free: 463209K (77%)
----------------- Invoking toplevel() on ptolemy.moml.MoMLSimpleApplication@331dbaa6
----------------- Done invoking toplevel() on ptolemy.moml.MoMLSimpleApplication@331dbaa6
reloadAllAccessors: .DiscreteClock14

===========================================================================================
----------------- testing Mon Nov 04 06:15:16 UTC 2019 /home/travis/build/icyphy/ptII/ptolemy/actor/lib/test/auto/DiscreteClock15.xml
----------------- Instantiating /home/travis/build/icyphy/ptII/ptolemy/actor/lib/test/auto/DiscreteClock15.xml
5 ms. Memory: 604160K Free: 457545K (76%)
----------------- Invoking toplevel() on ptolemy.moml.MoMLSimpleApplication@1ce1a236
----------------- Done invoking toplevel() on ptolemy.moml.MoMLSimpleApplication@1ce1a236
reloadAllAccessors: .DiscreteClock15

===========================================================================================
----------------- testing Mon Nov 04 06:15:16 UTC 2019 /home/travis/build/icyphy/ptII/ptolemy/actor/lib/test/auto/DiscreteClock16.xml
----------------- Instantiating /home/travis/build/icyphy/ptII/ptolemy/actor/lib/test/auto/DiscreteClock16.xml
16 ms. Memory: 604160K Free: 443753K (73%)
----------------- Invoking toplevel() on ptolemy.moml.MoMLSimpleApplication@33560414
----------------- Done invoking toplevel() on ptolemy.moml.MoMLSimpleApplication@33560414
reloadAllAccessors: .DiscreteClock16

===========================================================================================
----------------- testing Mon Nov 04 06:15:16 UTC 2019 /home/travis/build/icyphy/ptII/ptolemy/actor/lib/test/auto/DiscreteClock17.xml
----------------- Instantiating /home/travis/build/icyphy/ptII/ptolemy/actor/lib/test/auto/DiscreteClock17.xml
14 ms. Memory: 604160K Free: 428873K (71%)
----------------- Invoking toplevel() on ptolemy.moml.MoMLSimpleApplication@38d80787
----------------- Done invoking toplevel() on ptolemy.moml.MoMLSimpleApplication@38d80787
reloadAllAccessors: .DiscreteClock17

===========================================================================================
----------------- testing Mon Nov 04 06:15:16 UTC 2019 /home/travis/build/icyphy/ptII/ptolemy/actor/lib/test/auto/DiscreteClock18.xml
----------------- Instantiating /home/travis/build/icyphy/ptII/ptolemy/actor/lib/test/auto/DiscreteClock18.xml
24 ms. Memory: 604160K Free: 415081K (69%)
----------------- Invoking toplevel() on ptolemy.moml.MoMLSimpleApplication@5e3424ce
----------------- Done invoking toplevel() on ptolemy.moml.MoMLSimpleApplication@5e3424ce
reloadAllAccessors: .DiscreteClock18

===========================================================================================
----------------- testing Mon Nov 04 06:15:16 UTC 2019 /home/travis/build/icyphy/ptII/ptolemy/actor/lib/test/auto/DiscreteClock19.xml
----------------- Instantiating /home/travis/build/icyphy/ptII/ptolemy/actor/lib/test/auto/DiscreteClock19.xml
13 ms. Memory: 604160K Free: 401769K (67%)
----------------- Invoking toplevel() on ptolemy.moml.MoMLSimpleApplication@36aaf28d
----------------- Done invoking toplevel() on ptolemy.moml.MoMLSimpleApplication@36aaf28d
reloadAllAccessors: .DiscreteClock19

===========================================================================================
----------------- testing Mon Nov 04 06:15:16 UTC 2019 /home/travis/build/icyphy/ptII/ptolemy/actor/lib/test/auto/DiscreteClock2.xml
----------------- Instantiating /home/travis/build/icyphy/ptII/ptolemy/actor/lib/test/auto/DiscreteClock2.xml
4 ms. Memory: 604160K Free: 396649K (66%)
----------------- Invoking toplevel() on ptolemy.moml.MoMLSimpleApplication@3c9cea7e
----------------- Done invoking toplevel() on ptolemy.moml.MoMLSimpleApplication@3c9cea7e
reloadAllAccessors: .DiscreteClock2

===========================================================================================
----------------- testing Mon Nov 04 06:15:16 UTC 2019 /home/travis/build/icyphy/ptII/ptolemy/actor/lib/test/auto/DiscreteClock20.xml
----------------- Instantiating /home/travis/build/icyphy/ptII/ptolemy/actor/lib/test/auto/DiscreteClock20.xml
6 ms. Memory: 604160K Free: 391015K (65%)
----------------- Invoking toplevel() on ptolemy.moml.MoMLSimpleApplication@44aeb8d5
----------------- Done invoking toplevel() on ptolemy.moml.MoMLSimpleApplication@44aeb8d5
reloadAllAccessors: .DiscreteClock20

===========================================================================================
----------------- testing Mon Nov 04 06:15:16 UTC 2019 /home/travis/build/icyphy/ptII/ptolemy/actor/lib/test/auto/DiscreteClock21.xml
----------------- Instantiating /home/travis/build/icyphy/ptII/ptolemy/actor/lib/test/auto/DiscreteClock21.xml
5 ms. Memory: 604160K Free: 385385K (64%)
----------------- Invoking toplevel() on ptolemy.moml.MoMLSimpleApplication@1c077413
----------------- Done invoking toplevel() on ptolemy.moml.MoMLSimpleApplication@1c077413
reloadAllAccessors: .DiscreteClock21

===========================================================================================
----------------- testing Mon Nov 04 06:15:16 UTC 2019 /home/travis/build/icyphy/ptII/ptolemy/actor/lib/test/auto/DiscreteClock22.xml
----------------- Instantiating /home/travis/build/icyphy/ptII/ptolemy/actor/lib/test/auto/DiscreteClock22.xml
5 ms. Memory: 604160K Free: 380265K (63%)
----------------- Invoking toplevel() on ptolemy.moml.MoMLSimpleApplication@b59da59
----------------- Done invoking toplevel() on ptolemy.moml.MoMLSimpleApplication@b59da59
reloadAllAccessors: .DiscreteClock22

===========================================================================================
----------------- testing Mon Nov 04 06:15:16 UTC 2019 /home/travis/build/icyphy/ptII/ptolemy/actor/lib/test/auto/DiscreteClock23.xml
----------------- Instantiating /home/travis/build/icyphy/ptII/ptolemy/actor/lib/test/auto/DiscreteClock23.xml
5 ms. Memory: 604160K Free: 374631K (62%)
----------------- Invoking toplevel() on ptolemy.moml.MoMLSimpleApplication@1c6ac398
----------------- Done invoking toplevel() on ptolemy.moml.MoMLSimpleApplication@1c6ac398
reloadAllAccessors: .DiscreteClock23

===========================================================================================
----------------- testing Mon Nov 04 06:15:16 UTC 2019 /home/travis/build/icyphy/ptII/ptolemy/actor/lib/test/auto/DiscreteClock24.xml
----------------- Instantiating /home/travis/build/icyphy/ptII/ptolemy/actor/lib/test/auto/DiscreteClock24.xml
5 ms. Memory: 604160K Free: 369001K (61%)
----------------- Invoking toplevel() on ptolemy.moml.MoMLSimpleApplication@3353d7dd
----------------- Done invoking toplevel() on ptolemy.moml.MoMLSimpleApplication@3353d7dd
reloadAllAccessors: .DiscreteClock24

===========================================================================================
----------------- testing Mon Nov 04 06:15:16 UTC 2019 /home/travis/build/icyphy/ptII/ptolemy/actor/lib/test/auto/DiscreteClock4.xml
----------------- Instantiating /home/travis/build/icyphy/ptII/ptolemy/actor/lib/test/auto/DiscreteClock4.xml
4 ms. Memory: 604160K Free: 363367K (60%)
----------------- Invoking toplevel() on ptolemy.moml.MoMLSimpleApplication@1ca30928
----------------- Done invoking toplevel() on ptolemy.moml.MoMLSimpleApplication@1ca30928
reloadAllAccessors: .DiscreteClock4

===========================================================================================
----------------- testing Mon Nov 04 06:15:17 UTC 2019 /home/travis/build/icyphy/ptII/ptolemy/actor/lib/test/auto/DiscreteClock5.xml
----------------- Instantiating /home/travis/build/icyphy/ptII/ptolemy/actor/lib/test/auto/DiscreteClock5.xml
1 ms. Memory: 604160K Free: 357737K (59%)
----------------- Invoking toplevel() on ptolemy.moml.MoMLSimpleApplication@3db70d2b
----------------- Done invoking toplevel() on ptolemy.moml.MoMLSimpleApplication@3db70d2b
reloadAllAccessors: .DiscreteClock5

===========================================================================================
----------------- testing Mon Nov 04 06:15:17 UTC 2019 /home/travis/build/icyphy/ptII/ptolemy/actor/lib/test/auto/DiscreteClock6.xml
----------------- Instantiating /home/travis/build/icyphy/ptII/ptolemy/actor/lib/test/auto/DiscreteClock6.xml
1 ms. Memory: 604160K Free: 354137K (59%)
----------------- Invoking toplevel() on ptolemy.moml.MoMLSimpleApplication@7e09bac7
----------------- Done invoking toplevel() on ptolemy.moml.MoMLSimpleApplication@7e09bac7
reloadAllAccessors: .DiscreteClock6

===========================================================================================
----------------- testing Mon Nov 04 06:15:17 UTC 2019 /home/travis/build/icyphy/ptII/ptolemy/actor/lib/test/auto/DiscreteClock7.xml
----------------- Instantiating /home/travis/build/icyphy/ptII/ptolemy/actor/lib/test/auto/DiscreteClock7.xml
2 ms. Memory: 604160K Free: 349031K (58%)
----------------- Invoking toplevel() on ptolemy.moml.MoMLSimpleApplication@79612fff
----------------- Done invoking toplevel() on ptolemy.moml.MoMLSimpleApplication@79612fff
reloadAllAccessors: .DiscreteClock7

===========================================================================================
----------------- testing Mon Nov 04 06:15:17 UTC 2019 /home/travis/build/icyphy/ptII/ptolemy/actor/lib/test/auto/DiscreteClock8.xml
----------------- Instantiating /home/travis/build/icyphy/ptII/ptolemy/actor/lib/test/auto/DiscreteClock8.xml
6 ms. Memory: 604160K Free: 343401K (57%)
----------------- Invoking toplevel() on ptolemy.moml.MoMLSimpleApplication@bddc3e5
----------------- Done invoking toplevel() on ptolemy.moml.MoMLSimpleApplication@bddc3e5
reloadAllAccessors: .DiscreteClock8

===========================================================================================
----------------- testing Mon Nov 04 06:15:17 UTC 2019 /home/travis/build/icyphy/ptII/ptolemy/actor/lib/test/auto/DiscreteClock9.xml
----------------- Instantiating /home/travis/build/icyphy/ptII/ptolemy/actor/lib/test/auto/DiscreteClock9.xml
5 ms. Memory: 604160K Free: 337767K (56%)
----------------- Invoking toplevel() on ptolemy.moml.MoMLSimpleApplication@14cf5c60
----------------- Done invoking toplevel() on ptolemy.moml.MoMLSimpleApplication@14cf5c60
reloadAllAccessors: .DiscreteClock9

===========================================================================================
----------------- testing Mon Nov 04 06:15:17 UTC 2019 /home/travis/build/icyphy/ptII/ptolemy/actor/lib/test/auto/DisplayArray.xml
----------------- Instantiating /home/travis/build/icyphy/ptII/ptolemy/actor/lib/test/auto/DisplayArray.xml
2 ms. Memory: 604160K Free: 334695K (55%)
----------------- Invoking toplevel() on ptolemy.moml.MoMLSimpleApplication@24c9c827
----------------- Done invoking toplevel() on ptolemy.moml.MoMLSimpleApplication@24c9c827
reloadAllAccessors: .DisplayArray

===========================================================================================
----------------- testing Mon Nov 04 06:15:17 UTC 2019 /home/travis/build/icyphy/ptII/ptolemy/actor/lib/test/auto/Distributor.xml
----------------- Instantiating /home/travis/build/icyphy/ptII/ptolemy/actor/lib/test/auto/Distributor.xml
2 ms. Memory: 604160K Free: 329575K (55%)
----------------- Invoking toplevel() on ptolemy.moml.MoMLSimpleApplication@2ec6e8cd
----------------- Done invoking toplevel() on ptolemy.moml.MoMLSimpleApplication@2ec6e8cd
reloadAllAccessors: .Distributor

===========================================================================================
----------------- testing Mon Nov 04 06:15:17 UTC 2019 /home/travis/build/icyphy/ptII/ptolemy/actor/lib/test/auto/Distributor2.xml
----------------- Instantiating /home/travis/build/icyphy/ptII/ptolemy/actor/lib/test/auto/Distributor2.xml
1 ms. Memory: 604160K Free: 324455K (54%)
----------------- Invoking toplevel() on ptolemy.moml.MoMLSimpleApplication@6c4d35e6
----------------- Done invoking toplevel() on ptolemy.moml.MoMLSimpleApplication@6c4d35e6
reloadAllAccessors: .Distributor2

===========================================================================================
----------------- testing Mon Nov 04 06:15:17 UTC 2019 /home/travis/build/icyphy/ptII/ptolemy/actor/lib/test/auto/DownSample.xml
----------------- Instantiating /home/travis/build/icyphy/ptII/ptolemy/actor/lib/test/auto/DownSample.xml
1 ms. Memory: 604160K Free: 319849K (53%)
----------------- Invoking toplevel() on ptolemy.moml.MoMLSimpleApplication@45018a06
----------------- Done invoking toplevel() on ptolemy.moml.MoMLSimpleApplication@45018a06
reloadAllAccessors: .DownSample

===========================================================================================
----------------- testing Mon Nov 04 06:15:17 UTC 2019 /home/travis/build/icyphy/ptII/ptolemy/actor/lib/test/auto/ElectronicUnitBase1.xml
----------------- Instantiating /home/travis/build/icyphy/ptII/ptolemy/actor/lib/test/auto/ElectronicUnitBase1.xml
21 ms. Memory: 604160K Free: 303975K (50%)
----------------- Invoking toplevel() on ptolemy.moml.MoMLSimpleApplication@42429576
----------------- Done invoking toplevel() on ptolemy.moml.MoMLSimpleApplication@42429576
reloadAllAccessors: .ElectronicUnitBase1

===========================================================================================
----------------- testing Mon Nov 04 06:15:17 UTC 2019 /home/travis/build/icyphy/ptII/ptolemy/actor/lib/test/auto/ElementsToArray.xml
----------------- Instantiating /home/travis/build/icyphy/ptII/ptolemy/actor/lib/test/auto/ElementsToArray.xml
42 ms. Memory: 604160K Free: 553833K (92%)
----------------- Invoking toplevel() on ptolemy.moml.MoMLSimpleApplication@b2015c5
----------------- Done invoking toplevel() on ptolemy.moml.MoMLSimpleApplication@b2015c5
reloadAllAccessors: .ElementsToArray

===========================================================================================
----------------- testing Mon Nov 04 06:15:17 UTC 2019 /home/travis/build/icyphy/ptII/ptolemy/actor/lib/test/auto/Equals.xml
----------------- Instantiating /home/travis/build/icyphy/ptII/ptolemy/actor/lib/test/auto/Equals.xml
3 ms. Memory: 604160K Free: 548713K (91%)
----------------- Invoking toplevel() on ptolemy.moml.MoMLSimpleApplication@6d6941c
----------------- Done invoking toplevel() on ptolemy.moml.MoMLSimpleApplication@6d6941c
reloadAllAccessors: .Equals

===========================================================================================
----------------- testing Mon Nov 04 06:15:17 UTC 2019 /home/travis/build/icyphy/ptII/ptolemy/actor/lib/test/auto/Exec.xml
----------------- Instantiating /home/travis/build/icyphy/ptII/ptolemy/actor/lib/test/auto/Exec.xml
19 ms. Memory: 604160K Free: 543079K (90%)
----------------- Invoking toplevel() on ptolemy.moml.MoMLSimpleApplication@38f535f8
----------------- Done invoking toplevel() on ptolemy.moml.MoMLSimpleApplication@38f535f8
reloadAllAccessors: .Exec

===========================================================================================
----------------- testing Mon Nov 04 06:15:17 UTC 2019 /home/travis/build/icyphy/ptII/ptolemy/actor/lib/test/auto/ExecEnvironment.xml
----------------- Instantiating /home/travis/build/icyphy/ptII/ptolemy/actor/lib/test/auto/ExecEnvironment.xml
40 ms. Memory: 604160K Free: 536935K (89%)
----------------- Invoking toplevel() on ptolemy.moml.MoMLSimpleApplication@ca4edf5
----------------- Done invoking toplevel() on ptolemy.moml.MoMLSimpleApplication@ca4edf5
reloadAllAccessors: .ExecEnvironment

===========================================================================================
----------------- testing Mon Nov 04 06:15:17 UTC 2019 /home/travis/build/icyphy/ptII/ptolemy/actor/lib/test/auto/ExecNonZeroReturnOutput.xml
----------------- Instantiating /home/travis/build/icyphy/ptII/ptolemy/actor/lib/test/auto/ExecNonZeroReturnOutput.xml
201 ms. Memory: 604160K Free: 526185K (87%)
----------------- Invoking toplevel() on ptolemy.moml.MoMLSimpleApplication@dc819e6
----------------- Done invoking toplevel() on ptolemy.moml.MoMLSimpleApplication@dc819e6
reloadAllAccessors: .ExecNonZeroReturnOutput

===========================================================================================
----------------- testing Mon Nov 04 06:15:17 UTC 2019 /home/travis/build/icyphy/ptII/ptolemy/actor/lib/test/auto/ExecRunDemos.xml
----------------- Instantiating /home/travis/build/icyphy/ptII/ptolemy/actor/lib/test/auto/ExecRunDemos.xml
Finished: 144 ms. Memory: 120832K Free: 104617K (87%)

Finished: 67 ms. Memory: 120832K Free: 110546K (91%)

Finished: 123 ms. Memory: 120832K Free: 110770K (92%)

Finished: 93 ms. Memory: 120832K Free: 111642K (92%)

Finished: 80 ms. Memory: 120832K Free: 104060K (86%)

11353 ms. Memory: 604160K Free: 504679K (84%)
----------------- Invoking toplevel() on ptolemy.moml.MoMLSimpleApplication@6bbfb616
----------------- Done invoking toplevel() on ptolemy.moml.MoMLSimpleApplication@6bbfb616
reloadAllAccessors: .ExecRunDemos

===========================================================================================
----------------- testing Mon Nov 04 06:15:29 UTC 2019 /home/travis/build/icyphy/ptII/ptolemy/actor/lib/test/auto/ExecStop.xml
----------------- Instantiating /home/travis/build/icyphy/ptII/ptolemy/actor/lib/test/auto/ExecStop.xml
5015 ms. Memory: 604160K Free: 393575K (65%)
----------------- Invoking toplevel() on ptolemy.moml.MoMLSimpleApplication@16c7f3f3
----------------- Done invoking toplevel() on ptolemy.moml.MoMLSimpleApplication@16c7f3f3
reloadAllAccessors: .ExecStop

===========================================================================================
----------------- testing Mon Nov 04 06:15:34 UTC 2019 /home/travis/build/icyphy/ptII/ptolemy/actor/lib/test/auto/ExecutionTimeSDF.xml
----------------- Instantiating /home/travis/build/icyphy/ptII/ptolemy/actor/lib/test/auto/ExecutionTimeSDF.xml
Fired ExecutionTime: 2057200000
Fired ExecutionTime: 1037200000
Fired ExecutionTime: -1102167296
6004 ms. Memory: 604160K Free: 381273K (63%)
----------------- Invoking toplevel() on ptolemy.moml.MoMLSimpleApplication@7c8adf0d
----------------- Done invoking toplevel() on ptolemy.moml.MoMLSimpleApplication@7c8adf0d
reloadAllAccessors: .ExecutionTimeSDF

===========================================================================================
----------------- testing Mon Nov 04 06:15:40 UTC 2019 /home/travis/build/icyphy/ptII/ptolemy/actor/lib/test/auto/Expression1.xml
----------------- Instantiating /home/travis/build/icyphy/ptII/ptolemy/actor/lib/test/auto/Expression1.xml
1 ms. Memory: 604160K Free: 377705K (63%)
----------------- Invoking toplevel() on ptolemy.moml.MoMLSimpleApplication@343ba881
----------------- Done invoking toplevel() on ptolemy.moml.MoMLSimpleApplication@343ba881
reloadAllAccessors: .Expression1

===========================================================================================
----------------- testing Mon Nov 04 06:15:40 UTC 2019 /home/travis/build/icyphy/ptII/ptolemy/actor/lib/test/auto/Expression10.xml
----------------- Instantiating /home/travis/build/icyphy/ptII/ptolemy/actor/lib/test/auto/Expression10.xml
9 ms. Memory: 604160K Free: 372585K (62%)
----------------- Invoking toplevel() on ptolemy.moml.MoMLSimpleApplication@46f23bbb
----------------- Done invoking toplevel() on ptolemy.moml.MoMLSimpleApplication@46f23bbb
reloadAllAccessors: .Expression10

===========================================================================================
----------------- testing Mon Nov 04 06:15:40 UTC 2019 /home/travis/build/icyphy/ptII/ptolemy/actor/lib/test/auto/Expression11.xml
----------------- Instantiating /home/travis/build/icyphy/ptII/ptolemy/actor/lib/test/auto/Expression11.xml
2 ms. Memory: 604160K Free: 367975K (61%)
----------------- Invoking toplevel() on ptolemy.moml.MoMLSimpleApplication@29463c22
----------------- Done invoking toplevel() on ptolemy.moml.MoMLSimpleApplication@29463c22
reloadAllAccessors: .Expression11

===========================================================================================
----------------- testing Mon Nov 04 06:15:40 UTC 2019 /home/travis/build/icyphy/ptII/ptolemy/actor/lib/test/auto/Expression12.xml
----------------- Instantiating /home/travis/build/icyphy/ptII/ptolemy/actor/lib/test/auto/Expression12.xml
6 ms. Memory: 604160K Free: 362345K (60%)
----------------- Invoking toplevel() on ptolemy.moml.MoMLSimpleApplication@732e972e
----------------- Done invoking toplevel() on ptolemy.moml.MoMLSimpleApplication@732e972e
reloadAllAccessors: .Expression12

===========================================================================================
----------------- testing Mon Nov 04 06:15:40 UTC 2019 /home/travis/build/icyphy/ptII/ptolemy/actor/lib/test/auto/Expression13.xml
----------------- Instantiating /home/travis/build/icyphy/ptII/ptolemy/actor/lib/test/auto/Expression13.xml
4 ms. Memory: 604160K Free: 357225K (59%)
----------------- Invoking toplevel() on ptolemy.moml.MoMLSimpleApplication@1614018e
----------------- Done invoking toplevel() on ptolemy.moml.MoMLSimpleApplication@1614018e
reloadAllAccessors: .Expression13

===========================================================================================
----------------- testing Mon Nov 04 06:15:40 UTC 2019 /home/travis/build/icyphy/ptII/ptolemy/actor/lib/test/auto/Expression14.xml
----------------- Instantiating /home/travis/build/icyphy/ptII/ptolemy/actor/lib/test/auto/Expression14.xml
9 ms. Memory: 604160K Free: 351081K (58%)
----------------- Invoking toplevel() on ptolemy.moml.MoMLSimpleApplication@149473b6
----------------- Done invoking toplevel() on ptolemy.moml.MoMLSimpleApplication@149473b6
reloadAllAccessors: .Expression14

===========================================================================================
----------------- testing Mon Nov 04 06:15:40 UTC 2019 /home/travis/build/icyphy/ptII/ptolemy/actor/lib/test/auto/Expression15.xml
----------------- Instantiating /home/travis/build/icyphy/ptII/ptolemy/actor/lib/test/auto/Expression15.xml
1 ms. Memory: 604160K Free: 348009K (58%)
----------------- Invoking toplevel() on ptolemy.moml.MoMLSimpleApplication@28413e6e
----------------- Done invoking toplevel() on ptolemy.moml.MoMLSimpleApplication@28413e6e
reloadAllAccessors: .Expression15

===========================================================================================
----------------- testing Mon Nov 04 06:15:40 UTC 2019 /home/travis/build/icyphy/ptII/ptolemy/actor/lib/test/auto/Expression16.xml
----------------- Instantiating /home/travis/build/icyphy/ptII/ptolemy/actor/lib/test/auto/Expression16.xml
4 ms. Memory: 604160K Free: 342889K (57%)
----------------- Invoking toplevel() on ptolemy.moml.MoMLSimpleApplication@4fc10f1f
----------------- Done invoking toplevel() on ptolemy.moml.MoMLSimpleApplication@4fc10f1f
reloadAllAccessors: .Expression16

===========================================================================================
----------------- testing Mon Nov 04 06:15:40 UTC 2019 /home/travis/build/icyphy/ptII/ptolemy/actor/lib/test/auto/Expression17.xml
----------------- Instantiating /home/travis/build/icyphy/ptII/ptolemy/actor/lib/test/auto/Expression17.xml
8 ms. Memory: 604160K Free: 337769K (56%)
----------------- Invoking toplevel() on ptolemy.moml.MoMLSimpleApplication@68165441
----------------- Done invoking toplevel() on ptolemy.moml.MoMLSimpleApplication@68165441
reloadAllAccessors: .Expression17

===========================================================================================
----------------- testing Mon Nov 04 06:15:40 UTC 2019 /home/travis/build/icyphy/ptII/ptolemy/actor/lib/test/auto/Expression18.xml
----------------- Instantiating /home/travis/build/icyphy/ptII/ptolemy/actor/lib/test/auto/Expression18.xml
4 ms. Memory: 604160K Free: 332647K (55%)
----------------- Invoking toplevel() on ptolemy.moml.MoMLSimpleApplication@35dd05b0
----------------- Done invoking toplevel() on ptolemy.moml.MoMLSimpleApplication@35dd05b0
reloadAllAccessors: .Expression18

===========================================================================================
----------------- testing Mon Nov 04 06:15:40 UTC 2019 /home/travis/build/icyphy/ptII/ptolemy/actor/lib/test/auto/Expression2.xml
----------------- Instantiating /home/travis/build/icyphy/ptII/ptolemy/actor/lib/test/auto/Expression2.xml
2 ms. Memory: 604160K Free: 327529K (54%)
----------------- Invoking toplevel() on ptolemy.moml.MoMLSimpleApplication@5c0ab884
----------------- Done invoking toplevel() on ptolemy.moml.MoMLSimpleApplication@5c0ab884
reloadAllAccessors: .Expression2

===========================================================================================
----------------- testing Mon Nov 04 06:15:40 UTC 2019 /home/travis/build/icyphy/ptII/ptolemy/actor/lib/test/auto/Expression3.xml
----------------- Instantiating /home/travis/build/icyphy/ptII/ptolemy/actor/lib/test/auto/Expression3.xml
7 ms. Memory: 604160K Free: 322409K (53%)
----------------- Invoking toplevel() on ptolemy.moml.MoMLSimpleApplication@13ac166f
----------------- Done invoking toplevel() on ptolemy.moml.MoMLSimpleApplication@13ac166f
reloadAllAccessors: .Expression3

===========================================================================================
----------------- testing Mon Nov 04 06:15:40 UTC 2019 /home/travis/build/icyphy/ptII/ptolemy/actor/lib/test/auto/Expression4.xml
----------------- Instantiating /home/travis/build/icyphy/ptII/ptolemy/actor/lib/test/auto/Expression4.xml
7 ms. Memory: 604160K Free: 314727K (52%)
----------------- Invoking toplevel() on ptolemy.moml.MoMLSimpleApplication@48ae68aa
----------------- Done invoking toplevel() on ptolemy.moml.MoMLSimpleApplication@48ae68aa
reloadAllAccessors: .Expression4

===========================================================================================
----------------- testing Mon Nov 04 06:15:40 UTC 2019 /home/travis/build/icyphy/ptII/ptolemy/actor/lib/test/auto/Expression5.xml
----------------- Instantiating /home/travis/build/icyphy/ptII/ptolemy/actor/lib/test/auto/Expression5.xml
4 ms. Memory: 604160K Free: 309607K (51%)
----------------- Invoking toplevel() on ptolemy.moml.MoMLSimpleApplication@6ccf4397
----------------- Done invoking toplevel() on ptolemy.moml.MoMLSimpleApplication@6ccf4397
reloadAllAccessors: .Expression5

===========================================================================================
----------------- testing Mon Nov 04 06:15:40 UTC 2019 /home/travis/build/icyphy/ptII/ptolemy/actor/lib/test/auto/Expression6.xml
----------------- Instantiating /home/travis/build/icyphy/ptII/ptolemy/actor/lib/test/auto/Expression6.xml
3 ms. Memory: 604160K Free: 305001K (50%)
----------------- Invoking toplevel() on ptolemy.moml.MoMLSimpleApplication@396d9841
----------------- Done invoking toplevel() on ptolemy.moml.MoMLSimpleApplication@396d9841
reloadAllAccessors: .Expression6

===========================================================================================
----------------- testing Mon Nov 04 06:15:40 UTC 2019 /home/travis/build/icyphy/ptII/ptolemy/actor/lib/test/auto/Expression7.xml
----------------- Instantiating /home/travis/build/icyphy/ptII/ptolemy/actor/lib/test/auto/Expression7.xml
3 ms. Memory: 604160K Free: 299881K (50%)
----------------- Invoking toplevel() on ptolemy.moml.MoMLSimpleApplication@294a560b
----------------- Done invoking toplevel() on ptolemy.moml.MoMLSimpleApplication@294a560b
reloadAllAccessors: .Expression7

===========================================================================================
----------------- testing Mon Nov 04 06:15:40 UTC 2019 /home/travis/build/icyphy/ptII/ptolemy/actor/lib/test/auto/Expression8.xml
----------------- Instantiating /home/travis/build/icyphy/ptII/ptolemy/actor/lib/test/auto/Expression8.xml
10 ms. Memory: 604160K Free: 295271K (49%)
----------------- Invoking toplevel() on ptolemy.moml.MoMLSimpleApplication@cd54de9
----------------- Done invoking toplevel() on ptolemy.moml.MoMLSimpleApplication@cd54de9
reloadAllAccessors: .Expression8

===========================================================================================
----------------- testing Mon Nov 04 06:15:40 UTC 2019 /home/travis/build/icyphy/ptII/ptolemy/actor/lib/test/auto/Expression9.xml
----------------- Instantiating /home/travis/build/icyphy/ptII/ptolemy/actor/lib/test/auto/Expression9.xml
1 ms. Memory: 604160K Free: 291175K (48%)
----------------- Invoking toplevel() on ptolemy.moml.MoMLSimpleApplication@65f8d11b
----------------- Done invoking toplevel() on ptolemy.moml.MoMLSimpleApplication@65f8d11b
reloadAllAccessors: .Expression9

===========================================================================================
----------------- testing Mon Nov 04 06:15:40 UTC 2019 /home/travis/build/icyphy/ptII/ptolemy/actor/lib/test/auto/ExpressionConcatenateArrayType.xml
----------------- Instantiating /home/travis/build/icyphy/ptII/ptolemy/actor/lib/test/auto/ExpressionConcatenateArrayType.xml
3 ms. Memory: 604160K Free: 284521K (47%)
----------------- Invoking toplevel() on ptolemy.moml.MoMLSimpleApplication@7db19f2d
----------------- Done invoking toplevel() on ptolemy.moml.MoMLSimpleApplication@7db19f2d
reloadAllAccessors: .ExpressionConcatenateArrayType

===========================================================================================
----------------- testing Mon Nov 04 06:15:40 UTC 2019 /home/travis/build/icyphy/ptII/ptolemy/actor/lib/test/auto/ExpressionConcatenateArrayType2.xml
----------------- Instantiating /home/travis/build/icyphy/ptII/ptolemy/actor/lib/test/auto/ExpressionConcatenateArrayType2.xml
3 ms. Memory: 604160K Free: 278887K (46%)
----------------- Invoking toplevel() on ptolemy.moml.MoMLSimpleApplication@2df3e30a
----------------- Done invoking toplevel() on ptolemy.moml.MoMLSimpleApplication@2df3e30a
reloadAllAccessors: .ExpressionConcatenateArrayType2

===========================================================================================
----------------- testing Mon Nov 04 06:15:40 UTC 2019 /home/travis/build/icyphy/ptII/ptolemy/actor/lib/test/auto/ExpressionFix.xml
----------------- Instantiating /home/travis/build/icyphy/ptII/ptolemy/actor/lib/test/auto/ExpressionFix.xml
27 ms. Memory: 604160K Free: 272233K (45%)
----------------- Invoking toplevel() on ptolemy.moml.MoMLSimpleApplication@59c9f7b0
----------------- Done invoking toplevel() on ptolemy.moml.MoMLSimpleApplication@59c9f7b0
reloadAllAccessors: .ExpressionFix

===========================================================================================
----------------- testing Mon Nov 04 06:15:40 UTC 2019 /home/travis/build/icyphy/ptII/ptolemy/actor/lib/test/auto/ExpressionFix2.xml
----------------- Instantiating /home/travis/build/icyphy/ptII/ptolemy/actor/lib/test/auto/ExpressionFix2.xml
3 ms. Memory: 604160K Free: 268647K (44%)
----------------- Invoking toplevel() on ptolemy.moml.MoMLSimpleApplication@58c6c618
----------------- Done invoking toplevel() on ptolemy.moml.MoMLSimpleApplication@58c6c618
reloadAllAccessors: .ExpressionFix2

===========================================================================================
----------------- testing Mon Nov 04 06:15:40 UTC 2019 /home/travis/build/icyphy/ptII/ptolemy/actor/lib/test/auto/ExpressionFix3.xml
----------------- Instantiating /home/travis/build/icyphy/ptII/ptolemy/actor/lib/test/auto/ExpressionFix3.xml
3 ms. Memory: 604160K Free: 264041K (44%)
----------------- Invoking toplevel() on ptolemy.moml.MoMLSimpleApplication@1c364fcc
----------------- Done invoking toplevel() on ptolemy.moml.MoMLSimpleApplication@1c364fcc
reloadAllAccessors: .ExpressionFix3

===========================================================================================
----------------- testing Mon Nov 04 06:15:40 UTC 2019 /home/travis/build/icyphy/ptII/ptolemy/actor/lib/test/auto/FileWriter1.xml
----------------- Instantiating /home/travis/build/icyphy/ptII/ptolemy/actor/lib/test/auto/FileWriter1.xml
3 ms. Memory: 604160K Free: 259945K (43%)
----------------- Invoking toplevel() on ptolemy.moml.MoMLSimpleApplication@1f0efa28
----------------- Done invoking toplevel() on ptolemy.moml.MoMLSimpleApplication@1f0efa28
reloadAllAccessors: .FileWriter1

===========================================================================================
----------------- testing Mon Nov 04 06:15:40 UTC 2019 /home/travis/build/icyphy/ptII/ptolemy/actor/lib/test/auto/FileWriter2.xml
----------------- Instantiating /home/travis/build/icyphy/ptII/ptolemy/actor/lib/test/auto/FileWriter2.xml
7 ms. Memory: 604160K Free: 255321K (42%)
----------------- Invoking toplevel() on ptolemy.moml.MoMLSimpleApplication@6d9836b3
----------------- Done invoking toplevel() on ptolemy.moml.MoMLSimpleApplication@6d9836b3
reloadAllAccessors: .FileWriter2

===========================================================================================
----------------- testing Mon Nov 04 06:15:40 UTC 2019 /home/travis/build/icyphy/ptII/ptolemy/actor/lib/test/auto/FileWriter3.xml
----------------- Instantiating /home/travis/build/icyphy/ptII/ptolemy/actor/lib/test/auto/FileWriter3.xml
4 ms. Memory: 604160K Free: 251239K (42%)
----------------- Invoking toplevel() on ptolemy.moml.MoMLSimpleApplication@72925526
----------------- Done invoking toplevel() on ptolemy.moml.MoMLSimpleApplication@72925526
reloadAllAccessors: .FileWriter3

===========================================================================================
----------------- testing Mon Nov 04 06:15:40 UTC 2019 /home/travis/build/icyphy/ptII/ptolemy/actor/lib/test/auto/Gaussian.xml
----------------- Instantiating /home/travis/build/icyphy/ptII/ptolemy/actor/lib/test/auto/Gaussian.xml
4 ms. Memory: 604160K Free: 246633K (41%)
----------------- Invoking toplevel() on ptolemy.moml.MoMLSimpleApplication@57f8dfc1
----------------- Done invoking toplevel() on ptolemy.moml.MoMLSimpleApplication@57f8dfc1
reloadAllAccessors: .Gaussian

===========================================================================================
----------------- testing Mon Nov 04 06:15:40 UTC 2019 /home/travis/build/icyphy/ptII/ptolemy/actor/lib/test/auto/Gaussian1.xml
----------------- Instantiating /home/travis/build/icyphy/ptII/ptolemy/actor/lib/test/auto/Gaussian1.xml
11 ms. Memory: 604160K Free: 242023K (40%)
----------------- Invoking toplevel() on ptolemy.moml.MoMLSimpleApplication@2b154acf
----------------- Done invoking toplevel() on ptolemy.moml.MoMLSimpleApplication@2b154acf
reloadAllAccessors: .Gaussian1

===========================================================================================
----------------- testing Mon Nov 04 06:15:40 UTC 2019 /home/travis/build/icyphy/ptII/ptolemy/actor/lib/test/auto/Gaussian2.xml
----------------- Instantiating /home/travis/build/icyphy/ptII/ptolemy/actor/lib/test/auto/Gaussian2.xml
3 ms. Memory: 604160K Free: 235865K (39%)
----------------- Invoking toplevel() on ptolemy.moml.MoMLSimpleApplication@5add8f56
----------------- Done invoking toplevel() on ptolemy.moml.MoMLSimpleApplication@5add8f56
reloadAllAccessors: .Gaussian2

===========================================================================================
----------------- testing Mon Nov 04 06:15:40 UTC 2019 /home/travis/build/icyphy/ptII/ptolemy/actor/lib/test/auto/GradientAdaptiveLattice.xml
----------------- Instantiating /home/travis/build/icyphy/ptII/ptolemy/actor/lib/test/auto/GradientAdaptiveLattice.xml
4 ms. Memory: 604160K Free: 230759K (38%)
----------------- Invoking toplevel() on ptolemy.moml.MoMLSimpleApplication@104a964c
----------------- Done invoking toplevel() on ptolemy.moml.MoMLSimpleApplication@104a964c
reloadAllAccessors: .GradientAdaptiveLattice

===========================================================================================
----------------- testing Mon Nov 04 06:15:40 UTC 2019 /home/travis/build/icyphy/ptII/ptolemy/actor/lib/test/auto/IIR.xml
----------------- Instantiating /home/travis/build/icyphy/ptII/ptolemy/actor/lib/test/auto/IIR.xml
3 ms. Memory: 604160K Free: 226153K (37%)
----------------- Invoking toplevel() on ptolemy.moml.MoMLSimpleApplication@66b264e3
----------------- Done invoking toplevel() on ptolemy.moml.MoMLSimpleApplication@66b264e3
reloadAllAccessors: .IIR

===========================================================================================
----------------- testing Mon Nov 04 06:15:40 UTC 2019 /home/travis/build/icyphy/ptII/ptolemy/actor/lib/test/auto/InputOutputTransparentPorts.xml
----------------- Instantiating /home/travis/build/icyphy/ptII/ptolemy/actor/lib/test/auto/InputOutputTransparentPorts.xml
2 ms. Memory: 604160K Free: 218985K (36%)
----------------- Invoking toplevel() on ptolemy.moml.MoMLSimpleApplication@1c72156c
----------------- Done invoking toplevel() on ptolemy.moml.MoMLSimpleApplication@1c72156c
reloadAllAccessors: .InputOutputTransparentPorts

===========================================================================================
----------------- testing Mon Nov 04 06:15:40 UTC 2019 /home/travis/build/icyphy/ptII/ptolemy/actor/lib/test/auto/Interpolator.xml
----------------- Instantiating /home/travis/build/icyphy/ptII/ptolemy/actor/lib/test/auto/Interpolator.xml
3 ms. Memory: 604160K Free: 214375K (35%)
----------------- Invoking toplevel() on ptolemy.moml.MoMLSimpleApplication@20477d6f
----------------- Done invoking toplevel() on ptolemy.moml.MoMLSimpleApplication@20477d6f
reloadAllAccessors: .Interpolator

===========================================================================================
----------------- testing Mon Nov 04 06:15:40 UTC 2019 /home/travis/build/icyphy/ptII/ptolemy/actor/lib/test/auto/InterpolatorFiringLimitDE.xml
----------------- Instantiating /home/travis/build/icyphy/ptII/ptolemy/actor/lib/test/auto/InterpolatorFiringLimitDE.xml
3 ms. Memory: 604160K Free: 551257K (91%)
----------------- Invoking toplevel() on ptolemy.moml.MoMLSimpleApplication@796eb2b2
----------------- Done invoking toplevel() on ptolemy.moml.MoMLSimpleApplication@796eb2b2
reloadAllAccessors: .InterpolatorFiringLimitDE

===========================================================================================
----------------- testing Mon Nov 04 06:15:40 UTC 2019 /home/travis/build/icyphy/ptII/ptolemy/actor/lib/test/auto/Lattice.xml
----------------- Instantiating /home/travis/build/icyphy/ptII/ptolemy/actor/lib/test/auto/Lattice.xml
2 ms. Memory: 604160K Free: 547175K (91%)
----------------- Invoking toplevel() on ptolemy.moml.MoMLSimpleApplication@5bd6b51f
----------------- Done invoking toplevel() on ptolemy.moml.MoMLSimpleApplication@5bd6b51f
reloadAllAccessors: .Lattice

===========================================================================================
----------------- testing Mon Nov 04 06:15:40 UTC 2019 /home/travis/build/icyphy/ptII/ptolemy/actor/lib/test/auto/LazyAOCTestLazy.xml
----------------- Instantiating /home/travis/build/icyphy/ptII/ptolemy/actor/lib/test/auto/LazyAOCTestLazy.xml
23 ms. Memory: 604160K Free: 541031K (90%)
----------------- Invoking toplevel() on ptolemy.moml.MoMLSimpleApplication@d299603
----------------- Done invoking toplevel() on ptolemy.moml.MoMLSimpleApplication@d299603
reloadAllAccessors: .LazyAOCTestLazy

===========================================================================================
----------------- testing Mon Nov 04 06:15:41 UTC 2019 /home/travis/build/icyphy/ptII/ptolemy/actor/lib/test/auto/LazyAOCTestNonLazy.xml
----------------- Instantiating /home/travis/build/icyphy/ptII/ptolemy/actor/lib/test/auto/LazyAOCTestNonLazy.xml
2 ms. Memory: 604160K Free: 534377K (88%)
----------------- Invoking toplevel() on ptolemy.moml.MoMLSimpleApplication@6aedb331
----------------- Done invoking toplevel() on ptolemy.moml.MoMLSimpleApplication@6aedb331
reloadAllAccessors: .LazyAOCTestNonLazy

===========================================================================================
----------------- testing Mon Nov 04 06:15:41 UTC 2019 /home/travis/build/icyphy/ptII/ptolemy/actor/lib/test/auto/LazyInnerClass.xml
----------------- Instantiating /home/travis/build/icyphy/ptII/ptolemy/actor/lib/test/auto/LazyInnerClass.xml
22 ms. Memory: 604160K Free: 525657K (87%)
----------------- Invoking toplevel() on ptolemy.moml.MoMLSimpleApplication@13af70a5
----------------- Done invoking toplevel() on ptolemy.moml.MoMLSimpleApplication@13af70a5
reloadAllAccessors: .LazyInnerClass

===========================================================================================
----------------- testing Mon Nov 04 06:15:41 UTC 2019 /home/travis/build/icyphy/ptII/ptolemy/actor/lib/test/auto/LazyPubSub.xml
----------------- Instantiating /home/travis/build/icyphy/ptII/ptolemy/actor/lib/test/auto/LazyPubSub.xml
31 ms. Memory: 604160K Free: 515431K (85%)
----------------- Invoking toplevel() on ptolemy.moml.MoMLSimpleApplication@138197cc
----------------- Done invoking toplevel() on ptolemy.moml.MoMLSimpleApplication@138197cc
reloadAllAccessors: .LazyPubSub

===========================================================================================
----------------- testing Mon Nov 04 06:15:41 UTC 2019 /home/travis/build/icyphy/ptII/ptolemy/actor/lib/test/auto/LazyPubSub2.xml
----------------- Instantiating /home/travis/build/icyphy/ptII/ptolemy/actor/lib/test/auto/LazyPubSub2.xml
22 ms. Memory: 604160K Free: 505705K (84%)
----------------- Invoking toplevel() on ptolemy.moml.MoMLSimpleApplication@723ca3ae
----------------- Done invoking toplevel() on ptolemy.moml.MoMLSimpleApplication@723ca3ae
reloadAllAccessors: .LazyPubSub2

===========================================================================================
----------------- testing Mon Nov 04 06:15:41 UTC 2019 /home/travis/build/icyphy/ptII/ptolemy/actor/lib/test/auto/LazyPubSub3.xml
----------------- Instantiating /home/travis/build/icyphy/ptII/ptolemy/actor/lib/test/auto/LazyPubSub3.xml
21 ms. Memory: 604160K Free: 495465K (82%)
----------------- Invoking toplevel() on ptolemy.moml.MoMLSimpleApplication@16643184
----------------- Done invoking toplevel() on ptolemy.moml.MoMLSimpleApplication@16643184
reloadAllAccessors: .LazyPubSub3

===========================================================================================
----------------- testing Mon Nov 04 06:15:41 UTC 2019 /home/travis/build/icyphy/ptII/ptolemy/actor/lib/test/auto/LazySubClassModel.xml
----------------- Instantiating /home/travis/build/icyphy/ptII/ptolemy/actor/lib/test/auto/LazySubClassModel.xml
2 ms. Memory: 604160K Free: 486249K (80%)
----------------- Invoking toplevel() on ptolemy.moml.MoMLSimpleApplication@53938bce
----------------- Done invoking toplevel() on ptolemy.moml.MoMLSimpleApplication@53938bce
reloadAllAccessors: .LazySubClassModel

===========================================================================================
----------------- testing Mon Nov 04 06:15:41 UTC 2019 /home/travis/build/icyphy/ptII/ptolemy/actor/lib/test/auto/LevelCrossTest1.xml
----------------- Instantiating /home/travis/build/icyphy/ptII/ptolemy/actor/lib/test/auto/LevelCrossTest1.xml
1 ms. Memory: 604160K Free: 481129K (80%)
----------------- Invoking toplevel() on ptolemy.moml.MoMLSimpleApplication@48234f0b
----------------- Done invoking toplevel() on ptolemy.moml.MoMLSimpleApplication@48234f0b
reloadAllAccessors: .broken

===========================================================================================
----------------- testing Mon Nov 04 06:15:41 UTC 2019 /home/travis/build/icyphy/ptII/ptolemy/actor/lib/test/auto/LevelCrossTest10.xml
----------------- Instantiating /home/travis/build/icyphy/ptII/ptolemy/actor/lib/test/auto/LevelCrossTest10.xml
1 ms. Memory: 604160K Free: 473447K (78%)
----------------- Invoking toplevel() on ptolemy.moml.MoMLSimpleApplication@74d0b98e
----------------- Done invoking toplevel() on ptolemy.moml.MoMLSimpleApplication@74d0b98e
reloadAllAccessors: .LevelCrossTest10

===========================================================================================
----------------- testing Mon Nov 04 06:15:41 UTC 2019 /home/travis/build/icyphy/ptII/ptolemy/actor/lib/test/auto/LevelCrossTest11.xml
----------------- Instantiating /home/travis/build/icyphy/ptII/ptolemy/actor/lib/test/auto/LevelCrossTest11.xml
1 ms. Memory: 604160K Free: 466279K (77%)
----------------- Invoking toplevel() on ptolemy.moml.MoMLSimpleApplication@742182b0
----------------- Done invoking toplevel() on ptolemy.moml.MoMLSimpleApplication@742182b0
reloadAllAccessors: .LevelCrossTest11

===========================================================================================
----------------- testing Mon Nov 04 06:15:41 UTC 2019 /home/travis/build/icyphy/ptII/ptolemy/actor/lib/test/auto/LevelCrossTest12.xml
----------------- Instantiating /home/travis/build/icyphy/ptII/ptolemy/actor/lib/test/auto/LevelCrossTest12.xml
2 ms. Memory: 604160K Free: 459111K (76%)
----------------- Invoking toplevel() on ptolemy.moml.MoMLSimpleApplication@36405
----------------- Done invoking toplevel() on ptolemy.moml.MoMLSimpleApplication@36405
reloadAllAccessors: .LevelCrossTest12

===========================================================================================
----------------- testing Mon Nov 04 06:15:41 UTC 2019 /home/travis/build/icyphy/ptII/ptolemy/actor/lib/test/auto/LevelCrossTest13.xml
----------------- Instantiating /home/travis/build/icyphy/ptII/ptolemy/actor/lib/test/auto/LevelCrossTest13.xml
2 ms. Memory: 604160K Free: 451433K (75%)
----------------- Invoking toplevel() on ptolemy.moml.MoMLSimpleApplication@7184e33e
----------------- Done invoking toplevel() on ptolemy.moml.MoMLSimpleApplication@7184e33e
reloadAllAccessors: .LevelCrossTest13

===========================================================================================
----------------- testing Mon Nov 04 06:15:41 UTC 2019 /home/travis/build/icyphy/ptII/ptolemy/actor/lib/test/auto/LevelCrossTest2.xml
----------------- Instantiating /home/travis/build/icyphy/ptII/ptolemy/actor/lib/test/auto/LevelCrossTest2.xml
1 ms. Memory: 604160K Free: 445799K (74%)
----------------- Invoking toplevel() on ptolemy.moml.MoMLSimpleApplication@791ea99e
----------------- Done invoking toplevel() on ptolemy.moml.MoMLSimpleApplication@791ea99e
reloadAllAccessors: .broken

===========================================================================================
----------------- testing Mon Nov 04 06:15:41 UTC 2019 /home/travis/build/icyphy/ptII/ptolemy/actor/lib/test/auto/LevelCrossTest3.xml
----------------- Instantiating /home/travis/build/icyphy/ptII/ptolemy/actor/lib/test/auto/LevelCrossTest3.xml
1 ms. Memory: 604160K Free: 439655K (73%)
----------------- Invoking toplevel() on ptolemy.moml.MoMLSimpleApplication@3f872f50
----------------- Done invoking toplevel() on ptolemy.moml.MoMLSimpleApplication@3f872f50
reloadAllAccessors: .LevelCrossTest3

===========================================================================================
----------------- testing Mon Nov 04 06:15:41 UTC 2019 /home/travis/build/icyphy/ptII/ptolemy/actor/lib/test/auto/LevelCrossTest4.xml
----------------- Instantiating /home/travis/build/icyphy/ptII/ptolemy/actor/lib/test/auto/LevelCrossTest4.xml
1 ms. Memory: 604160K Free: 434025K (72%)
----------------- Invoking toplevel() on ptolemy.moml.MoMLSimpleApplication@788c9f33
----------------- Done invoking toplevel() on ptolemy.moml.MoMLSimpleApplication@788c9f33
reloadAllAccessors: .broken

===========================================================================================
----------------- testing Mon Nov 04 06:15:41 UTC 2019 /home/travis/build/icyphy/ptII/ptolemy/actor/lib/test/auto/LevelCrossTest5.xml
----------------- Instantiating /home/travis/build/icyphy/ptII/ptolemy/actor/lib/test/auto/LevelCrossTest5.xml
5 ms. Memory: 604160K Free: 427367K (71%)
----------------- Invoking toplevel() on ptolemy.moml.MoMLSimpleApplication@7cbf367f
----------------- Done invoking toplevel() on ptolemy.moml.MoMLSimpleApplication@7cbf367f
reloadAllAccessors: .LevelCrossTest5

===========================================================================================
----------------- testing Mon Nov 04 06:15:41 UTC 2019 /home/travis/build/icyphy/ptII/ptolemy/actor/lib/test/auto/LevelCrossTest6.xml
----------------- Instantiating /home/travis/build/icyphy/ptII/ptolemy/actor/lib/test/auto/LevelCrossTest6.xml
1 ms. Memory: 604160K Free: 420199K (70%)
----------------- Invoking toplevel() on ptolemy.moml.MoMLSimpleApplication@21a9c922
----------------- Done invoking toplevel() on ptolemy.moml.MoMLSimpleApplication@21a9c922
reloadAllAccessors: .LevelCrossTest6

===========================================================================================
----------------- testing Mon Nov 04 06:15:41 UTC 2019 /home/travis/build/icyphy/ptII/ptolemy/actor/lib/test/auto/LevelCrossTest7.xml
----------------- Instantiating /home/travis/build/icyphy/ptII/ptolemy/actor/lib/test/auto/LevelCrossTest7.xml
1 ms. Memory: 604160K Free: 413031K (68%)
----------------- Invoking toplevel() on ptolemy.moml.MoMLSimpleApplication@678c4138
----------------- Done invoking toplevel() on ptolemy.moml.MoMLSimpleApplication@678c4138
reloadAllAccessors: .LevelCrossTest7

===========================================================================================
----------------- testing Mon Nov 04 06:15:41 UTC 2019 /home/travis/build/icyphy/ptII/ptolemy/actor/lib/test/auto/LevelCrossTest8.xml
----------------- Instantiating /home/travis/build/icyphy/ptII/ptolemy/actor/lib/test/auto/LevelCrossTest8.xml
2 ms. Memory: 604160K Free: 404329K (67%)
----------------- Invoking toplevel() on ptolemy.moml.MoMLSimpleApplication@5fb58e79
----------------- Done invoking toplevel() on ptolemy.moml.MoMLSimpleApplication@5fb58e79
reloadAllAccessors: .LevelCrossTest8

===========================================================================================
----------------- testing Mon Nov 04 06:15:41 UTC 2019 /home/travis/build/icyphy/ptII/ptolemy/actor/lib/test/auto/LevelCrossTest9.xml
----------------- Instantiating /home/travis/build/icyphy/ptII/ptolemy/actor/lib/test/auto/LevelCrossTest9.xml
2 ms. Memory: 604160K Free: 397671K (66%)
----------------- Invoking toplevel() on ptolemy.moml.MoMLSimpleApplication@e1abe1d
----------------- Done invoking toplevel() on ptolemy.moml.MoMLSimpleApplication@e1abe1d
reloadAllAccessors: .LevelCrossTest9

===========================================================================================
----------------- testing Mon Nov 04 06:15:41 UTC 2019 /home/travis/build/icyphy/ptII/ptolemy/actor/lib/test/auto/LevinsonDurbin.xml
----------------- Instantiating /home/travis/build/icyphy/ptII/ptolemy/actor/lib/test/auto/LevinsonDurbin.xml
1 ms. Memory: 604160K Free: 393575K (65%)
----------------- Invoking toplevel() on ptolemy.moml.MoMLSimpleApplication@6df1a96c
----------------- Done invoking toplevel() on ptolemy.moml.MoMLSimpleApplication@6df1a96c
reloadAllAccessors: .LevinsonDurbin

===========================================================================================
----------------- testing Mon Nov 04 06:15:41 UTC 2019 /home/travis/build/icyphy/ptII/ptolemy/actor/lib/test/auto/LevinsonDurbin2.xml
----------------- Instantiating /home/travis/build/icyphy/ptII/ptolemy/actor/lib/test/auto/LevinsonDurbin2.xml
1 ms. Memory: 604160K Free: 389479K (64%)
----------------- Invoking toplevel() on ptolemy.moml.MoMLSimpleApplication@7e236d42
----------------- Done invoking toplevel() on ptolemy.moml.MoMLSimpleApplication@7e236d42
reloadAllAccessors: .LevinsonDurbin2

===========================================================================================
----------------- testing Mon Nov 04 06:15:41 UTC 2019 /home/travis/build/icyphy/ptII/ptolemy/actor/lib/test/auto/LevinsonDurbin3.xml
----------------- Instantiating /home/travis/build/icyphy/ptII/ptolemy/actor/lib/test/auto/LevinsonDurbin3.xml
3 ms. Memory: 604160K Free: 385383K (64%)
----------------- Invoking toplevel() on ptolemy.moml.MoMLSimpleApplication@363804f8
----------------- Done invoking toplevel() on ptolemy.moml.MoMLSimpleApplication@363804f8
reloadAllAccessors: .LevinsonDurbin3

===========================================================================================
----------------- testing Mon Nov 04 06:15:41 UTC 2019 /home/travis/build/icyphy/ptII/ptolemy/actor/lib/test/auto/Limiter.xml
----------------- Instantiating /home/travis/build/icyphy/ptII/ptolemy/actor/lib/test/auto/Limiter.xml
7 ms. Memory: 604160K Free: 376153K (62%)
----------------- Invoking toplevel() on ptolemy.moml.MoMLSimpleApplication@3a5d184a
----------------- Done invoking toplevel() on ptolemy.moml.MoMLSimpleApplication@3a5d184a
reloadAllAccessors: .Limiter

===========================================================================================
----------------- testing Mon Nov 04 06:15:41 UTC 2019 /home/travis/build/icyphy/ptII/ptolemy/actor/lib/test/auto/LinearDifferenceEquationSystem.xml
----------------- Instantiating /home/travis/build/icyphy/ptII/ptolemy/actor/lib/test/auto/LinearDifferenceEquationSystem.xml
4 ms. Memory: 604160K Free: 368489K (61%)
----------------- Invoking toplevel() on ptolemy.moml.MoMLSimpleApplication@57bc4e82
----------------- Done invoking toplevel() on ptolemy.moml.MoMLSimpleApplication@57bc4e82
reloadAllAccessors: .LinearDifferenceEquationSystem

===========================================================================================
----------------- testing Mon Nov 04 06:15:41 UTC 2019 /home/travis/build/icyphy/ptII/ptolemy/actor/lib/test/auto/LookupTable.xml
----------------- Instantiating /home/travis/build/icyphy/ptII/ptolemy/actor/lib/test/auto/LookupTable.xml
2 ms. Memory: 604160K Free: 363879K (60%)
----------------- Invoking toplevel() on ptolemy.moml.MoMLSimpleApplication@1253b621
----------------- Done invoking toplevel() on ptolemy.moml.MoMLSimpleApplication@1253b621
reloadAllAccessors: .LookupTable

===========================================================================================
----------------- testing Mon Nov 04 06:15:41 UTC 2019 /home/travis/build/icyphy/ptII/ptolemy/actor/lib/test/auto/MathFunction.xml
----------------- Instantiating /home/travis/build/icyphy/ptII/ptolemy/actor/lib/test/auto/MathFunction.xml
14 ms. Memory: 604160K Free: 355687K (59%)
----------------- Invoking toplevel() on ptolemy.moml.MoMLSimpleApplication@6219f87d
----------------- Done invoking toplevel() on ptolemy.moml.MoMLSimpleApplication@6219f87d
reloadAllAccessors: .MathFunction

===========================================================================================
----------------- testing Mon Nov 04 06:15:41 UTC 2019 /home/travis/build/icyphy/ptII/ptolemy/actor/lib/test/auto/MathFunction2.xml
----------------- Instantiating /home/travis/build/icyphy/ptII/ptolemy/actor/lib/test/auto/MathFunction2.xml
2 ms. Memory: 604160K Free: 351591K (58%)
----------------- Invoking toplevel() on ptolemy.moml.MoMLSimpleApplication@29e109a9
----------------- Done invoking toplevel() on ptolemy.moml.MoMLSimpleApplication@29e109a9
reloadAllAccessors: .MathFunction2

===========================================================================================
----------------- testing Mon Nov 04 06:15:41 UTC 2019 /home/travis/build/icyphy/ptII/ptolemy/actor/lib/test/auto/MathFunction3.xml
----------------- Instantiating /home/travis/build/icyphy/ptII/ptolemy/actor/lib/test/auto/MathFunction3.xml
2 ms. Memory: 604160K Free: 344423K (57%)
----------------- Invoking toplevel() on ptolemy.moml.MoMLSimpleApplication@164c9212
----------------- Done invoking toplevel() on ptolemy.moml.MoMLSimpleApplication@164c9212
reloadAllAccessors: .MathFunction3

===========================================================================================
----------------- testing Mon Nov 04 06:15:41 UTC 2019 /home/travis/build/icyphy/ptII/ptolemy/actor/lib/test/auto/MatrixCropBoolean.xml
----------------- Instantiating /home/travis/build/icyphy/ptII/ptolemy/actor/lib/test/auto/MatrixCropBoolean.xml
2 ms. Memory: 604160K Free: 339273K (56%)
----------------- Invoking toplevel() on ptolemy.moml.MoMLSimpleApplication@792ca3c
----------------- Done invoking toplevel() on ptolemy.moml.MoMLSimpleApplication@792ca3c
reloadAllAccessors: .MatrixCropBoolean

===========================================================================================
----------------- testing Mon Nov 04 06:15:41 UTC 2019 /home/travis/build/icyphy/ptII/ptolemy/actor/lib/test/auto/MatrixCropComplex.xml
----------------- Instantiating /home/travis/build/icyphy/ptII/ptolemy/actor/lib/test/auto/MatrixCropComplex.xml
2 ms. Memory: 604160K Free: 334153K (55%)
----------------- Invoking toplevel() on ptolemy.moml.MoMLSimpleApplication@75ac5ef4
----------------- Done invoking toplevel() on ptolemy.moml.MoMLSimpleApplication@75ac5ef4
reloadAllAccessors: .MatrixCropComplex

===========================================================================================
----------------- testing Mon Nov 04 06:15:41 UTC 2019 /home/travis/build/icyphy/ptII/ptolemy/actor/lib/test/auto/MatrixCropDouble.xml
----------------- Instantiating /home/travis/build/icyphy/ptII/ptolemy/actor/lib/test/auto/MatrixCropDouble.xml
2 ms. Memory: 604160K Free: 329033K (54%)
----------------- Invoking toplevel() on ptolemy.moml.MoMLSimpleApplication@3c81d2e5
----------------- Done invoking toplevel() on ptolemy.moml.MoMLSimpleApplication@3c81d2e5
reloadAllAccessors: .MatrixCropDouble

===========================================================================================
----------------- testing Mon Nov 04 06:15:41 UTC 2019 /home/travis/build/icyphy/ptII/ptolemy/actor/lib/test/auto/MatrixCropFix.xml
----------------- Instantiating /home/travis/build/icyphy/ptII/ptolemy/actor/lib/test/auto/MatrixCropFix.xml
1 ms. Memory: 604160K Free: 323937K (54%)
----------------- Invoking toplevel() on ptolemy.moml.MoMLSimpleApplication@71ba8eea
----------------- Done invoking toplevel() on ptolemy.moml.MoMLSimpleApplication@71ba8eea
reloadAllAccessors: .MatrixCropFix

===========================================================================================
----------------- testing Mon Nov 04 06:15:41 UTC 2019 /home/travis/build/icyphy/ptII/ptolemy/actor/lib/test/auto/MatrixCropInt.xml
----------------- Instantiating /home/travis/build/icyphy/ptII/ptolemy/actor/lib/test/auto/MatrixCropInt.xml
2 ms. Memory: 604160K Free: 318809K (53%)
----------------- Invoking toplevel() on ptolemy.moml.MoMLSimpleApplication@1a87876f
----------------- Done invoking toplevel() on ptolemy.moml.MoMLSimpleApplication@1a87876f
reloadAllAccessors: .MatrixCropInt

===========================================================================================
----------------- testing Mon Nov 04 06:15:41 UTC 2019 /home/travis/build/icyphy/ptII/ptolemy/actor/lib/test/auto/MatrixCropLong.xml
----------------- Instantiating /home/travis/build/icyphy/ptII/ptolemy/actor/lib/test/auto/MatrixCropLong.xml
1 ms. Memory: 604160K Free: 313689K (52%)
----------------- Invoking toplevel() on ptolemy.moml.MoMLSimpleApplication@6d5b021f
----------------- Done invoking toplevel() on ptolemy.moml.MoMLSimpleApplication@6d5b021f
reloadAllAccessors: .MatrixCropLong

===========================================================================================
----------------- testing Mon Nov 04 06:15:41 UTC 2019 /home/travis/build/icyphy/ptII/ptolemy/actor/lib/test/auto/MatrixToArray.xml
----------------- Instantiating /home/travis/build/icyphy/ptII/ptolemy/actor/lib/test/auto/MatrixToArray.xml
12 ms. Memory: 604160K Free: 298343K (49%)
----------------- Invoking toplevel() on ptolemy.moml.MoMLSimpleApplication@6b48a01e
----------------- Done invoking toplevel() on ptolemy.moml.MoMLSimpleApplication@6b48a01e
reloadAllAccessors: .MatrixToArray

===========================================================================================
----------------- testing Mon Nov 04 06:15:41 UTC 2019 /home/travis/build/icyphy/ptII/ptolemy/actor/lib/test/auto/MaxIndex.xml
----------------- Instantiating /home/travis/build/icyphy/ptII/ptolemy/actor/lib/test/auto/MaxIndex.xml
2 ms. Memory: 604160K Free: 293223K (49%)
----------------- Invoking toplevel() on ptolemy.moml.MoMLSimpleApplication@17df4283
----------------- Done invoking toplevel() on ptolemy.moml.MoMLSimpleApplication@17df4283
reloadAllAccessors: .MaxIndex

===========================================================================================
----------------- testing Mon Nov 04 06:15:41 UTC 2019 /home/travis/build/icyphy/ptII/ptolemy/actor/lib/test/auto/Maximum.xml
----------------- Instantiating /home/travis/build/icyphy/ptII/ptolemy/actor/lib/test/auto/Maximum.xml
5 ms. Memory: 604160K Free: 286569K (47%)
----------------- Invoking toplevel() on ptolemy.moml.MoMLSimpleApplication@2a0d0a4e
----------------- Done invoking toplevel() on ptolemy.moml.MoMLSimpleApplication@2a0d0a4e
reloadAllAccessors: .Maximum

===========================================================================================
----------------- testing Mon Nov 04 06:15:41 UTC 2019 /home/travis/build/icyphy/ptII/ptolemy/actor/lib/test/auto/MaximumComplex.xml
----------------- Instantiating /home/travis/build/icyphy/ptII/ptolemy/actor/lib/test/auto/MaximumComplex.xml
5 ms. Memory: 604160K Free: 280425K (46%)
----------------- Invoking toplevel() on ptolemy.moml.MoMLSimpleApplication@d7d7afe
----------------- Done invoking toplevel() on ptolemy.moml.MoMLSimpleApplication@d7d7afe
reloadAllAccessors: .MaximumComplex

===========================================================================================
----------------- testing Mon Nov 04 06:15:42 UTC 2019 /home/travis/build/icyphy/ptII/ptolemy/actor/lib/test/auto/MethodCallTest.xml
----------------- Instantiating /home/travis/build/icyphy/ptII/ptolemy/actor/lib/test/auto/MethodCallTest.xml
2 ms. Memory: 604160K Free: 273767K (45%)
----------------- Invoking toplevel() on ptolemy.moml.MoMLSimpleApplication@c3b947e
----------------- Done invoking toplevel() on ptolemy.moml.MoMLSimpleApplication@c3b947e
reloadAllAccessors: .MethodCallTest

===========================================================================================
----------------- testing Mon Nov 04 06:15:42 UTC 2019 /home/travis/build/icyphy/ptII/ptolemy/actor/lib/test/auto/Minimum.xml
----------------- Instantiating /home/travis/build/icyphy/ptII/ptolemy/actor/lib/test/auto/Minimum.xml
2 ms. Memory: 604160K Free: 267113K (44%)
----------------- Invoking toplevel() on ptolemy.moml.MoMLSimpleApplication@6891ad89
----------------- Done invoking toplevel() on ptolemy.moml.MoMLSimpleApplication@6891ad89
reloadAllAccessors: .Minimum

===========================================================================================
----------------- testing Mon Nov 04 06:15:42 UTC 2019 /home/travis/build/icyphy/ptII/ptolemy/actor/lib/test/auto/MinimumComplex.xml
----------------- Instantiating /home/travis/build/icyphy/ptII/ptolemy/actor/lib/test/auto/MinimumComplex.xml
3 ms. Memory: 604160K Free: 260969K (43%)
----------------- Invoking toplevel() on ptolemy.moml.MoMLSimpleApplication@344ae4e0
----------------- Done invoking toplevel() on ptolemy.moml.MoMLSimpleApplication@344ae4e0
reloadAllAccessors: .MinimumComplex

===========================================================================================
----------------- testing Mon Nov 04 06:15:42 UTC 2019 /home/travis/build/icyphy/ptII/ptolemy/actor/lib/test/auto/MinimumMultiports.xml
----------------- Instantiating /home/travis/build/icyphy/ptII/ptolemy/actor/lib/test/auto/MinimumMultiports.xml
4 ms. Memory: 604160K Free: 252249K (42%)
----------------- Invoking toplevel() on ptolemy.moml.MoMLSimpleApplication@160ace08
----------------- Done invoking toplevel() on ptolemy.moml.MoMLSimpleApplication@160ace08
reloadAllAccessors: .MinimumMultiports

===========================================================================================
----------------- testing Mon Nov 04 06:15:42 UTC 2019 /home/travis/build/icyphy/ptII/ptolemy/actor/lib/test/auto/ModifyDate.xml
----------------- Instantiating /home/travis/build/icyphy/ptII/ptolemy/actor/lib/test/auto/ModifyDate.xml
9 ms. Memory: 604160K Free: 239465K (40%)
----------------- Invoking toplevel() on ptolemy.moml.MoMLSimpleApplication@1f2ac6e3
----------------- Done invoking toplevel() on ptolemy.moml.MoMLSimpleApplication@1f2ac6e3
reloadAllAccessors: .ModifyDate

===========================================================================================
----------------- testing Mon Nov 04 06:15:42 UTC 2019 /home/travis/build/icyphy/ptII/ptolemy/actor/lib/test/auto/ModifyDate2.xml
----------------- Instantiating /home/travis/build/icyphy/ptII/ptolemy/actor/lib/test/auto/ModifyDate2.xml
4 ms. Memory: 604160K Free: 230759K (38%)
----------------- Invoking toplevel() on ptolemy.moml.MoMLSimpleApplication@2536995f
----------------- Done invoking toplevel() on ptolemy.moml.MoMLSimpleApplication@2536995f
reloadAllAccessors: .ModifyDate2

===========================================================================================
----------------- testing Mon Nov 04 06:15:42 UTC 2019 /home/travis/build/icyphy/ptII/ptolemy/actor/lib/test/auto/MovingAverage.xml
----------------- Instantiating /home/travis/build/icyphy/ptII/ptolemy/actor/lib/test/auto/MovingAverage.xml
2 ms. Memory: 604160K Free: 225639K (37%)
----------------- Invoking toplevel() on ptolemy.moml.MoMLSimpleApplication@6196b45f
----------------- Done invoking toplevel() on ptolemy.moml.MoMLSimpleApplication@6196b45f
reloadAllAccessors: .MovingAverage

===========================================================================================
----------------- testing Mon Nov 04 06:15:42 UTC 2019 /home/travis/build/icyphy/ptII/ptolemy/actor/lib/test/auto/MovingMaximum.xml
----------------- Instantiating /home/travis/build/icyphy/ptII/ptolemy/actor/lib/test/auto/MovingMaximum.xml
12 ms. Memory: 604160K Free: 221033K (37%)
----------------- Invoking toplevel() on ptolemy.moml.MoMLSimpleApplication@3c4d1e9c
----------------- Done invoking toplevel() on ptolemy.moml.MoMLSimpleApplication@3c4d1e9c
reloadAllAccessors: .MovingMaximum

===========================================================================================
----------------- testing Mon Nov 04 06:15:42 UTC 2019 /home/travis/build/icyphy/ptII/ptolemy/actor/lib/test/auto/MultipleLinksToSameRelation.xml
----------------- Instantiating /home/travis/build/icyphy/ptII/ptolemy/actor/lib/test/auto/MultipleLinksToSameRelation.xml
2 ms. Memory: 604160K Free: 216937K (36%)
----------------- Invoking toplevel() on ptolemy.moml.MoMLSimpleApplication@66a65f10
----------------- Done invoking toplevel() on ptolemy.moml.MoMLSimpleApplication@66a65f10
reloadAllAccessors: .MultipleLinksToSameRelation

===========================================================================================
----------------- testing Mon Nov 04 06:15:42 UTC 2019 /home/travis/build/icyphy/ptII/ptolemy/actor/lib/test/auto/MultipleLinksToSameRelationDE.xml
----------------- Instantiating /home/travis/build/icyphy/ptII/ptolemy/actor/lib/test/auto/MultipleLinksToSameRelationDE.xml
2 ms. Memory: 604160K Free: 212321K (35%)
----------------- Invoking toplevel() on ptolemy.moml.MoMLSimpleApplication@707081bb
----------------- Done invoking toplevel() on ptolemy.moml.MoMLSimpleApplication@707081bb
reloadAllAccessors: .MultipleLinksToSameRelationDE

===========================================================================================
----------------- testing Mon Nov 04 06:15:42 UTC 2019 /home/travis/build/icyphy/ptII/ptolemy/actor/lib/test/auto/Multiplexor.xml
----------------- Instantiating /home/travis/build/icyphy/ptII/ptolemy/actor/lib/test/auto/Multiplexor.xml
2 ms. Memory: 604160K Free: 206697K (34%)
----------------- Invoking toplevel() on ptolemy.moml.MoMLSimpleApplication@5fcfa05d
----------------- Done invoking toplevel() on ptolemy.moml.MoMLSimpleApplication@5fcfa05d
reloadAllAccessors: .Multiplexor

===========================================================================================
----------------- testing Mon Nov 04 06:15:42 UTC 2019 /home/travis/build/icyphy/ptII/ptolemy/actor/lib/test/auto/Multiplexor1.xml
----------------- Instantiating /home/travis/build/icyphy/ptII/ptolemy/actor/lib/test/auto/Multiplexor1.xml
1 ms. Memory: 604160K Free: 551257K (91%)
----------------- Invoking toplevel() on ptolemy.moml.MoMLSimpleApplication@3c8ec65f
----------------- Done invoking toplevel() on ptolemy.moml.MoMLSimpleApplication@3c8ec65f
reloadAllAccessors: .Multiplexor1

===========================================================================================
----------------- testing Mon Nov 04 06:15:42 UTC 2019 /home/travis/build/icyphy/ptII/ptolemy/actor/lib/test/auto/Multiplexor2.xml
----------------- Instantiating /home/travis/build/icyphy/ptII/ptolemy/actor/lib/test/auto/Multiplexor2.xml
3 ms. Memory: 604160K Free: 544100K (90%)
----------------- Invoking toplevel() on ptolemy.moml.MoMLSimpleApplication@499a381c
----------------- Done invoking toplevel() on ptolemy.moml.MoMLSimpleApplication@499a381c
reloadAllAccessors: .Multiplexor2

===========================================================================================
----------------- testing Mon Nov 04 06:15:42 UTC 2019 /home/travis/build/icyphy/ptII/ptolemy/actor/lib/test/auto/Multiplexor3.xml
----------------- Instantiating /home/travis/build/icyphy/ptII/ptolemy/actor/lib/test/auto/Multiplexor3.xml
2 ms. Memory: 604160K Free: 540007K (89%)
----------------- Invoking toplevel() on ptolemy.moml.MoMLSimpleApplication@d4280bd
----------------- Done invoking toplevel() on ptolemy.moml.MoMLSimpleApplication@d4280bd
reloadAllAccessors: .Multiplexor3

===========================================================================================
----------------- testing Mon Nov 04 06:15:42 UTC 2019 /home/travis/build/icyphy/ptII/ptolemy/actor/lib/test/auto/MultiplexorDE.xml
----------------- Instantiating /home/travis/build/icyphy/ptII/ptolemy/actor/lib/test/auto/MultiplexorDE.xml
2 ms. Memory: 604160K Free: 532329K (88%)
----------------- Invoking toplevel() on ptolemy.moml.MoMLSimpleApplication@77d7a623
----------------- Done invoking toplevel() on ptolemy.moml.MoMLSimpleApplication@77d7a623
reloadAllAccessors: .MultiplexorDE

===========================================================================================
----------------- testing Mon Nov 04 06:15:42 UTC 2019 /home/travis/build/icyphy/ptII/ptolemy/actor/lib/test/auto/MultiportBroadcastTest.xml
----------------- Instantiating /home/travis/build/icyphy/ptII/ptolemy/actor/lib/test/auto/MultiportBroadcastTest.xml
88 ms. Memory: 604160K Free: 526185K (87%)
----------------- Invoking toplevel() on ptolemy.moml.MoMLSimpleApplication@69847fdb
----------------- Done invoking toplevel() on ptolemy.moml.MoMLSimpleApplication@69847fdb
reloadAllAccessors: .MultiportBroadcastTest

===========================================================================================
----------------- testing Mon Nov 04 06:15:42 UTC 2019 /home/travis/build/icyphy/ptII/ptolemy/actor/lib/test/auto/MultiportOutHangDuringGetWidth.xml
----------------- Instantiating /home/travis/build/icyphy/ptII/ptolemy/actor/lib/test/auto/MultiportOutHangDuringGetWidth.xml
4 ms. Memory: 604160K Free: 513369K (85%)
----------------- Invoking toplevel() on ptolemy.moml.MoMLSimpleApplication@400ec5ff
----------------- Done invoking toplevel() on ptolemy.moml.MoMLSimpleApplication@400ec5ff
reloadAllAccessors: .MultiportOutHangDuringGetWidth

===========================================================================================
----------------- testing Mon Nov 04 06:15:42 UTC 2019 /home/travis/build/icyphy/ptII/ptolemy/actor/lib/test/auto/NilToken.xml
----------------- Instantiating /home/travis/build/icyphy/ptII/ptolemy/actor/lib/test/auto/NilToken.xml
1 ms. Memory: 604160K Free: 509287K (84%)
----------------- Invoking toplevel() on ptolemy.moml.MoMLSimpleApplication@42d3a6b4
----------------- Done invoking toplevel() on ptolemy.moml.MoMLSimpleApplication@42d3a6b4
reloadAllAccessors: .NilToken

===========================================================================================
----------------- testing Mon Nov 04 06:15:42 UTC 2019 /home/travis/build/icyphy/ptII/ptolemy/actor/lib/test/auto/NilTokenNonStrictTest.xml
----------------- Instantiating /home/travis/build/icyphy/ptII/ptolemy/actor/lib/test/auto/NilTokenNonStrictTest.xml
1 ms. Memory: 604160K Free: 504167K (83%)
----------------- Invoking toplevel() on ptolemy.moml.MoMLSimpleApplication@396e6e30
----------------- Done invoking toplevel() on ptolemy.moml.MoMLSimpleApplication@396e6e30
reloadAllAccessors: .NilTokenNonStrictTest

===========================================================================================
----------------- testing Mon Nov 04 06:15:42 UTC 2019 /home/travis/build/icyphy/ptII/ptolemy/actor/lib/test/auto/NilTokenRecord.xml
----------------- Instantiating /home/travis/build/icyphy/ptII/ptolemy/actor/lib/test/auto/NilTokenRecord.xml
5 ms. Memory: 604160K Free: 497513K (82%)
----------------- Invoking toplevel() on ptolemy.moml.MoMLSimpleApplication@216f0f21
----------------- Done invoking toplevel() on ptolemy.moml.MoMLSimpleApplication@216f0f21
reloadAllAccessors: .NilTokenRecord

===========================================================================================
----------------- testing Mon Nov 04 06:15:42 UTC 2019 /home/travis/build/icyphy/ptII/ptolemy/actor/lib/test/auto/NilTokenTypeTest.xml
----------------- Instantiating /home/travis/build/icyphy/ptII/ptolemy/actor/lib/test/auto/NilTokenTypeTest.xml
10 ms. Memory: 604160K Free: 487783K (81%)
----------------- Invoking toplevel() on ptolemy.moml.MoMLSimpleApplication@35af68e1
----------------- Done invoking toplevel() on ptolemy.moml.MoMLSimpleApplication@35af68e1
reloadAllAccessors: .NilTokenTypeTest

===========================================================================================
----------------- testing Mon Nov 04 06:15:42 UTC 2019 /home/travis/build/icyphy/ptII/ptolemy/actor/lib/test/auto/ObjectToken1.xml
----------------- Instantiating /home/travis/build/icyphy/ptII/ptolemy/actor/lib/test/auto/ObjectToken1.xml
3 ms. Memory: 604160K Free: 483687K (80%)
----------------- Invoking toplevel() on ptolemy.moml.MoMLSimpleApplication@40591728
----------------- Done invoking toplevel() on ptolemy.moml.MoMLSimpleApplication@40591728
reloadAllAccessors: .ObjectToken1

===========================================================================================
----------------- testing Mon Nov 04 06:15:42 UTC 2019 /home/travis/build/icyphy/ptII/ptolemy/actor/lib/test/auto/OrderedMerge.xml
----------------- Instantiating /home/travis/build/icyphy/ptII/ptolemy/actor/lib/test/auto/OrderedMerge.xml
10 ms. Memory: 604160K Free: 478057K (79%)
----------------- Invoking toplevel() on ptolemy.moml.MoMLSimpleApplication@5971dd1d
----------------- Done invoking toplevel() on ptolemy.moml.MoMLSimpleApplication@5971dd1d
reloadAllAccessors: .OrderedMerge

===========================================================================================
----------------- testing Mon Nov 04 06:15:42 UTC 2019 /home/travis/build/icyphy/ptII/ptolemy/actor/lib/test/auto/OrderedRecordDisassembler.xml
----------------- Instantiating /home/travis/build/icyphy/ptII/ptolemy/actor/lib/test/auto/OrderedRecordDisassembler.xml
3 ms. Memory: 604160K Free: 472937K (78%)
----------------- Invoking toplevel() on ptolemy.moml.MoMLSimpleApplication@6e274d73
----------------- Done invoking toplevel() on ptolemy.moml.MoMLSimpleApplication@6e274d73
reloadAllAccessors: .OrderedRecordDisassembler

===========================================================================================
----------------- testing Mon Nov 04 06:15:42 UTC 2019 /home/travis/build/icyphy/ptII/ptolemy/actor/lib/test/auto/OrderedRecordDisassembler2.xml
----------------- Instantiating /home/travis/build/icyphy/ptII/ptolemy/actor/lib/test/auto/OrderedRecordDisassembler2.xml
4 ms. Memory: 604160K Free: 465225K (77%)
----------------- Invoking toplevel() on ptolemy.moml.MoMLSimpleApplication@ffcd8f1
----------------- Done invoking toplevel() on ptolemy.moml.MoMLSimpleApplication@ffcd8f1
reloadAllAccessors: .OrderedRecordDisassembler2

===========================================================================================
----------------- testing Mon Nov 04 06:15:42 UTC 2019 /home/travis/build/icyphy/ptII/ptolemy/actor/lib/test/auto/OrderedRecordUpdater.xml
----------------- Instantiating /home/travis/build/icyphy/ptII/ptolemy/actor/lib/test/auto/OrderedRecordUpdater.xml
2 ms. Memory: 604160K Free: 460135K (76%)
----------------- Invoking toplevel() on ptolemy.moml.MoMLSimpleApplication@562cfb42
----------------- Done invoking toplevel() on ptolemy.moml.MoMLSimpleApplication@562cfb42
reloadAllAccessors: .RecordUpdater

===========================================================================================
----------------- testing Mon Nov 04 06:15:42 UTC 2019 /home/travis/build/icyphy/ptII/ptolemy/actor/lib/test/auto/OrderedRecordUpdater2.xml
----------------- Instantiating /home/travis/build/icyphy/ptII/ptolemy/actor/lib/test/auto/OrderedRecordUpdater2.xml
3 ms. Memory: 604160K Free: 455015K (75%)
----------------- Invoking toplevel() on ptolemy.moml.MoMLSimpleApplication@1248b5f8
----------------- Done invoking toplevel() on ptolemy.moml.MoMLSimpleApplication@1248b5f8
reloadAllAccessors: .RecordUpdater2

===========================================================================================
----------------- testing Mon Nov 04 06:15:42 UTC 2019 /home/travis/build/icyphy/ptII/ptolemy/actor/lib/test/auto/PhaseUnwrap.xml
----------------- Instantiating /home/travis/build/icyphy/ptII/ptolemy/actor/lib/test/auto/PhaseUnwrap.xml
2 ms. Memory: 604160K Free: 450409K (75%)
----------------- Invoking toplevel() on ptolemy.moml.MoMLSimpleApplication@54faf9f2
----------------- Done invoking toplevel() on ptolemy.moml.MoMLSimpleApplication@54faf9f2
reloadAllAccessors: .PhaseUnwrap

===========================================================================================
----------------- testing Mon Nov 04 06:15:42 UTC 2019 /home/travis/build/icyphy/ptII/ptolemy/actor/lib/test/auto/PoissonClock.xml
----------------- Instantiating /home/travis/build/icyphy/ptII/ptolemy/actor/lib/test/auto/PoissonClock.xml
3 ms. Memory: 604160K Free: 446313K (74%)
----------------- Invoking toplevel() on ptolemy.moml.MoMLSimpleApplication@1c1fc98c
----------------- Done invoking toplevel() on ptolemy.moml.MoMLSimpleApplication@1c1fc98c
reloadAllAccessors: .PoissonClock

===========================================================================================
----------------- testing Mon Nov 04 06:15:42 UTC 2019 /home/travis/build/icyphy/ptII/ptolemy/actor/lib/test/auto/PoissonClock2.xml
----------------- Instantiating /home/travis/build/icyphy/ptII/ptolemy/actor/lib/test/auto/PoissonClock2.xml
2 ms. Memory: 604160K Free: 441703K (73%)
----------------- Invoking toplevel() on ptolemy.moml.MoMLSimpleApplication@31cd5d91
----------------- Done invoking toplevel() on ptolemy.moml.MoMLSimpleApplication@31cd5d91
reloadAllAccessors: .PoissonClock2

===========================================================================================
----------------- testing Mon Nov 04 06:15:42 UTC 2019 /home/travis/build/icyphy/ptII/ptolemy/actor/lib/test/auto/PoissonClock3.xml
----------------- Instantiating /home/travis/build/icyphy/ptII/ptolemy/actor/lib/test/auto/PoissonClock3.xml
1 ms. Memory: 604160K Free: 437097K (72%)
----------------- Invoking toplevel() on ptolemy.moml.MoMLSimpleApplication@48e2a1d0
----------------- Done invoking toplevel() on ptolemy.moml.MoMLSimpleApplication@48e2a1d0
reloadAllAccessors: .PoissonClock3

===========================================================================================
----------------- testing Mon Nov 04 06:15:42 UTC 2019 /home/travis/build/icyphy/ptII/ptolemy/actor/lib/test/auto/PubSubWithInitialTokens.xml
----------------- Instantiating /home/travis/build/icyphy/ptII/ptolemy/actor/lib/test/auto/PubSubWithInitialTokens.xml
2 ms. Memory: 604160K Free: 431457K (71%)
----------------- Invoking toplevel() on ptolemy.moml.MoMLSimpleApplication@11606f9d
----------------- Done invoking toplevel() on ptolemy.moml.MoMLSimpleApplication@11606f9d
reloadAllAccessors: .PubSubWithInitialTokens

===========================================================================================
----------------- testing Mon Nov 04 06:15:42 UTC 2019 /home/travis/build/icyphy/ptII/ptolemy/actor/lib/test/auto/PubSubWithInitialTokens2.xml
----------------- Instantiating /home/travis/build/icyphy/ptII/ptolemy/actor/lib/test/auto/PubSubWithInitialTokens2.xml
2 ms. Memory: 604160K Free: 425313K (70%)
----------------- Invoking toplevel() on ptolemy.moml.MoMLSimpleApplication@3f6dbcff
----------------- Done invoking toplevel() on ptolemy.moml.MoMLSimpleApplication@3f6dbcff
reloadAllAccessors: .PubSubWithInitialTokens2

===========================================================================================
----------------- testing Mon Nov 04 06:15:42 UTC 2019 /home/travis/build/icyphy/ptII/ptolemy/actor/lib/test/auto/PublisherClassNoParameter.xml
----------------- Instantiating /home/travis/build/icyphy/ptII/ptolemy/actor/lib/test/auto/PublisherClassNoParameter.xml
4 ms. Memory: 604160K Free: 415079K (69%)
----------------- Invoking toplevel() on ptolemy.moml.MoMLSimpleApplication@3e7c0908
----------------- Done invoking toplevel() on ptolemy.moml.MoMLSimpleApplication@3e7c0908
reloadAllAccessors: .PublisherClassNoParameter

===========================================================================================
----------------- testing Mon Nov 04 06:15:42 UTC 2019 /home/travis/build/icyphy/ptII/ptolemy/actor/lib/test/auto/PublisherClassParameter.xml
----------------- Instantiating /home/travis/build/icyphy/ptII/ptolemy/actor/lib/test/auto/PublisherClassParameter.xml
2 ms. Memory: 604160K Free: 404329K (67%)
----------------- Invoking toplevel() on ptolemy.moml.MoMLSimpleApplication@6909f9e1
----------------- Done invoking toplevel() on ptolemy.moml.MoMLSimpleApplication@6909f9e1
reloadAllAccessors: .PublisherClassParameter

===========================================================================================
----------------- testing Mon Nov 04 06:15:42 UTC 2019 /home/travis/build/icyphy/ptII/ptolemy/actor/lib/test/auto/PublisherNonStrictTest.xml
----------------- Instantiating /home/travis/build/icyphy/ptII/ptolemy/actor/lib/test/auto/PublisherNonStrictTest.xml
3 ms. Memory: 604160K Free: 396641K (66%)
----------------- Invoking toplevel() on ptolemy.moml.MoMLSimpleApplication@384c5173
----------------- Done invoking toplevel() on ptolemy.moml.MoMLSimpleApplication@384c5173
reloadAllAccessors: .PublisherNonStrictTest

===========================================================================================
----------------- testing Mon Nov 04 06:15:42 UTC 2019 /home/travis/build/icyphy/ptII/ptolemy/actor/lib/test/auto/PublisherPort1.xml
----------------- Instantiating /home/travis/build/icyphy/ptII/ptolemy/actor/lib/test/auto/PublisherPort1.xml
9 ms. Memory: 604160K Free: 391017K (65%)
----------------- Invoking toplevel() on ptolemy.moml.MoMLSimpleApplication@3166c1f2
----------------- Done invoking toplevel() on ptolemy.moml.MoMLSimpleApplication@3166c1f2
reloadAllAccessors: .PublisherPort1

===========================================================================================
----------------- testing Mon Nov 04 06:15:42 UTC 2019 /home/travis/build/icyphy/ptII/ptolemy/actor/lib/test/auto/PublisherPort2.xml
----------------- Instantiating /home/travis/build/icyphy/ptII/ptolemy/actor/lib/test/auto/PublisherPort2.xml
2 ms. Memory: 604160K Free: 385897K (64%)
----------------- Invoking toplevel() on ptolemy.moml.MoMLSimpleApplication@3c52c4fc
----------------- Done invoking toplevel() on ptolemy.moml.MoMLSimpleApplication@3c52c4fc
reloadAllAccessors: .PublisherPort2

===========================================================================================
----------------- testing Mon Nov 04 06:15:42 UTC 2019 /home/travis/build/icyphy/ptII/ptolemy/actor/lib/test/auto/PublisherPort3.xml
----------------- Instantiating /home/travis/build/icyphy/ptII/ptolemy/actor/lib/test/auto/PublisherPort3.xml
4 ms. Memory: 604160K Free: 379209K (63%)
----------------- Invoking toplevel() on ptolemy.moml.MoMLSimpleApplication@3f7ef656
----------------- Done invoking toplevel() on ptolemy.moml.MoMLSimpleApplication@3f7ef656
reloadAllAccessors: .PublisherPort3

===========================================================================================
----------------- testing Mon Nov 04 06:15:42 UTC 2019 /home/travis/build/icyphy/ptII/ptolemy/actor/lib/test/auto/PublisherPort4.xml
----------------- Instantiating /home/travis/build/icyphy/ptII/ptolemy/actor/lib/test/auto/PublisherPort4.xml
2 ms. Memory: 604160K Free: 373609K (62%)
----------------- Invoking toplevel() on ptolemy.moml.MoMLSimpleApplication@564ecabf
----------------- Done invoking toplevel() on ptolemy.moml.MoMLSimpleApplication@564ecabf
reloadAllAccessors: .PublisherPort4

===========================================================================================
----------------- testing Mon Nov 04 06:15:42 UTC 2019 /home/travis/build/icyphy/ptII/ptolemy/actor/lib/test/auto/PublisherPort5.xml
----------------- Instantiating /home/travis/build/icyphy/ptII/ptolemy/actor/lib/test/auto/PublisherPort5.xml
3 ms. Memory: 604160K Free: 365927K (61%)
----------------- Invoking toplevel() on ptolemy.moml.MoMLSimpleApplication@11be5370
----------------- Done invoking toplevel() on ptolemy.moml.MoMLSimpleApplication@11be5370
reloadAllAccessors: .PublisherPort5

===========================================================================================
----------------- testing Mon Nov 04 06:15:43 UTC 2019 /home/travis/build/icyphy/ptII/ptolemy/actor/lib/test/auto/PublisherPort5LookAlike.xml
----------------- Instantiating /home/travis/build/icyphy/ptII/ptolemy/actor/lib/test/auto/PublisherPort5LookAlike.xml
8 ms. Memory: 604160K Free: 358249K (59%)
----------------- Invoking toplevel() on ptolemy.moml.MoMLSimpleApplication@1f762df2
----------------- Done invoking toplevel() on ptolemy.moml.MoMLSimpleApplication@1f762df2
reloadAllAccessors: .PublisherPort5LookAlike

===========================================================================================
----------------- testing Mon Nov 04 06:15:43 UTC 2019 /home/travis/build/icyphy/ptII/ptolemy/actor/lib/test/auto/PublisherPort6.xml
----------------- Instantiating /home/travis/build/icyphy/ptII/ptolemy/actor/lib/test/auto/PublisherPort6.xml
2 ms. Memory: 604160K Free: 351591K (58%)
----------------- Invoking toplevel() on ptolemy.moml.MoMLSimpleApplication@11a195ff
----------------- Done invoking toplevel() on ptolemy.moml.MoMLSimpleApplication@11a195ff
reloadAllAccessors: .PublisherPort6

===========================================================================================
----------------- testing Mon Nov 04 06:15:43 UTC 2019 /home/travis/build/icyphy/ptII/ptolemy/actor/lib/test/auto/PublisherPort7.xml
----------------- Instantiating /home/travis/build/icyphy/ptII/ptolemy/actor/lib/test/auto/PublisherPort7.xml
3 ms. Memory: 604160K Free: 343913K (57%)
----------------- Invoking toplevel() on ptolemy.moml.MoMLSimpleApplication@4531a8b7
----------------- Done invoking toplevel() on ptolemy.moml.MoMLSimpleApplication@4531a8b7
reloadAllAccessors: .PublisherPort7

===========================================================================================
----------------- testing Mon Nov 04 06:15:43 UTC 2019 /home/travis/build/icyphy/ptII/ptolemy/actor/lib/test/auto/PublisherPort8.xml
----------------- Instantiating /home/travis/build/icyphy/ptII/ptolemy/actor/lib/test/auto/PublisherPort8.xml
4 ms. Memory: 604160K Free: 334697K (55%)
----------------- Invoking toplevel() on ptolemy.moml.MoMLSimpleApplication@29b56eb0
----------------- Done invoking toplevel() on ptolemy.moml.MoMLSimpleApplication@29b56eb0
reloadAllAccessors: .PublisherPort8

===========================================================================================
----------------- testing Mon Nov 04 06:15:43 UTC 2019 /home/travis/build/icyphy/ptII/ptolemy/actor/lib/test/auto/PublisherPortSubscriberChannelVariablesAOC2.xml
----------------- Instantiating /home/travis/build/icyphy/ptII/ptolemy/actor/lib/test/auto/PublisherPortSubscriberChannelVariablesAOC2.xml
4 ms. Memory: 604160K Free: 316775K (52%)
----------------- Invoking toplevel() on ptolemy.moml.MoMLSimpleApplication@4460d90e
----------------- Done invoking toplevel() on ptolemy.moml.MoMLSimpleApplication@4460d90e
reloadAllAccessors: .PublisherPortSubscriberChannelVariablesAOC2

===========================================================================================
----------------- testing Mon Nov 04 06:15:43 UTC 2019 /home/travis/build/icyphy/ptII/ptolemy/actor/lib/test/auto/PublisherPortSubscriberOpaqueWidthInference.xml
----------------- Instantiating /home/travis/build/icyphy/ptII/ptolemy/actor/lib/test/auto/PublisherPortSubscriberOpaqueWidthInference.xml
3 ms. Memory: 604160K Free: 308569K (51%)
----------------- Invoking toplevel() on ptolemy.moml.MoMLSimpleApplication@2236c5c2
----------------- Done invoking toplevel() on ptolemy.moml.MoMLSimpleApplication@2236c5c2
reloadAllAccessors: .PublisherPortSubscriberOpaqueWidthInference

===========================================================================================
----------------- testing Mon Nov 04 06:15:43 UTC 2019 /home/travis/build/icyphy/ptII/ptolemy/actor/lib/test/auto/PublisherPortSubscriberPortAdjacent.xml
----------------- Instantiating /home/travis/build/icyphy/ptII/ptolemy/actor/lib/test/auto/PublisherPortSubscriberPortAdjacent.xml
1 ms. Memory: 604160K Free: 300391K (50%)
----------------- Invoking toplevel() on ptolemy.moml.MoMLSimpleApplication@97a47fb
----------------- Done invoking toplevel() on ptolemy.moml.MoMLSimpleApplication@97a47fb
reloadAllAccessors: .PublisherPortSubscriberPortAdjacent

===========================================================================================
----------------- testing Mon Nov 04 06:15:43 UTC 2019 /home/travis/build/icyphy/ptII/ptolemy/actor/lib/test/auto/PublisherPortSubscriberPortExpression.xml
----------------- Instantiating /home/travis/build/icyphy/ptII/ptolemy/actor/lib/test/auto/PublisherPortSubscriberPortExpression.xml
7 ms. Memory: 604160K Free: 292713K (48%)
----------------- Invoking toplevel() on ptolemy.moml.MoMLSimpleApplication@2844f228
----------------- Done invoking toplevel() on ptolemy.moml.MoMLSimpleApplication@2844f228
reloadAllAccessors: .PublisherPortSubscriberPortExpression

===========================================================================================
----------------- testing Mon Nov 04 06:15:43 UTC 2019 /home/travis/build/icyphy/ptII/ptolemy/actor/lib/test/auto/PublisherPortSubscriberPortOpaqueD3Reverse.xml
----------------- Instantiating /home/travis/build/icyphy/ptII/ptolemy/actor/lib/test/auto/PublisherPortSubscriberPortOpaqueD3Reverse.xml
6 ms. Memory: 604160K Free: 282473K (47%)
----------------- Invoking toplevel() on ptolemy.moml.MoMLSimpleApplication@7743bd98
----------------- Done invoking toplevel() on ptolemy.moml.MoMLSimpleApplication@7743bd98
reloadAllAccessors: .PublisherPortSubscriberPortOpaqueD3Reverse

===========================================================================================
----------------- testing Mon Nov 04 06:15:43 UTC 2019 /home/travis/build/icyphy/ptII/ptolemy/actor/lib/test/auto/PublisherPortSubscriberPortOpaqueWidthInference.xml
----------------- Instantiating /home/travis/build/icyphy/ptII/ptolemy/actor/lib/test/auto/PublisherPortSubscriberPortOpaqueWidthInference.xml
3 ms. Memory: 604160K Free: 274777K (45%)
----------------- Invoking toplevel() on ptolemy.moml.MoMLSimpleApplication@2d4593a1
----------------- Done invoking toplevel() on ptolemy.moml.MoMLSimpleApplication@2d4593a1
reloadAllAccessors: .PublisherPortSubscriberPortOpaqueWidthInference

===========================================================================================
----------------- testing Mon Nov 04 06:15:43 UTC 2019 /home/travis/build/icyphy/ptII/ptolemy/actor/lib/test/auto/PublisherPortToplevelSubscriberPortAOC.xml
----------------- Instantiating /home/travis/build/icyphy/ptII/ptolemy/actor/lib/test/auto/PublisherPortToplevelSubscriberPortAOC.xml
.PublisherPortToplevelSubscriberPortAOC.TestExceptionAttribute: initialize() was not invoked, but wrapup() was.  This is unusual, but not always a problem.  For example, exporting JNLP will do this.
1 ms. Memory: 604160K Free: 269161K (45%)
----------------- Invoking toplevel() on ptolemy.moml.MoMLSimpleApplication@44d4669a
----------------- Done invoking toplevel() on ptolemy.moml.MoMLSimpleApplication@44d4669a
reloadAllAccessors: .PublisherPortToplevelSubscriberPortAOC

===========================================================================================
----------------- testing Mon Nov 04 06:15:43 UTC 2019 /home/travis/build/icyphy/ptII/ptolemy/actor/lib/test/auto/PublisherSubscriber.xml
----------------- Instantiating /home/travis/build/icyphy/ptII/ptolemy/actor/lib/test/auto/PublisherSubscriber.xml
2 ms. Memory: 604160K Free: 261993K (43%)
----------------- Invoking toplevel() on ptolemy.moml.MoMLSimpleApplication@270355cb
----------------- Done invoking toplevel() on ptolemy.moml.MoMLSimpleApplication@270355cb
reloadAllAccessors: .PublisherSubscriber

===========================================================================================
----------------- testing Mon Nov 04 06:15:43 UTC 2019 /home/travis/build/icyphy/ptII/ptolemy/actor/lib/test/auto/PublisherSubscriber10.xml
----------------- Instantiating /home/travis/build/icyphy/ptII/ptolemy/actor/lib/test/auto/PublisherSubscriber10.xml
7 ms. Memory: 604160K Free: 251753K (42%)
----------------- Invoking toplevel() on ptolemy.moml.MoMLSimpleApplication@635f05d4
----------------- Done invoking toplevel() on ptolemy.moml.MoMLSimpleApplication@635f05d4
reloadAllAccessors: .PublisherSubscriber10

===========================================================================================
----------------- testing Mon Nov 04 06:15:43 UTC 2019 /home/travis/build/icyphy/ptII/ptolemy/actor/lib/test/auto/PublisherSubscriber10InitialOutputs.xml
----------------- Instantiating /home/travis/build/icyphy/ptII/ptolemy/actor/lib/test/auto/PublisherSubscriber10InitialOutputs.xml
6 ms. Memory: 604160K Free: 242537K (40%)
----------------- Invoking toplevel() on ptolemy.moml.MoMLSimpleApplication@21a42985
----------------- Done invoking toplevel() on ptolemy.moml.MoMLSimpleApplication@21a42985
reloadAllAccessors: .PublisherSubscriber10InitialOutputs

===========================================================================================
----------------- testing Mon Nov 04 06:15:43 UTC 2019 /home/travis/build/icyphy/ptII/ptolemy/actor/lib/test/auto/PublisherSubscriber11.xml
----------------- Instantiating /home/travis/build/icyphy/ptII/ptolemy/actor/lib/test/auto/PublisherSubscriber11.xml
3 ms. Memory: 604160K Free: 236393K (39%)
----------------- Invoking toplevel() on ptolemy.moml.MoMLSimpleApplication@70ced13e
----------------- Done invoking toplevel() on ptolemy.moml.MoMLSimpleApplication@70ced13e
reloadAllAccessors: .PublisherSubscriber11

===========================================================================================
----------------- testing Mon Nov 04 06:15:43 UTC 2019 /home/travis/build/icyphy/ptII/ptolemy/actor/lib/test/auto/PublisherSubscriber12.xml
----------------- Instantiating /home/travis/build/icyphy/ptII/ptolemy/actor/lib/test/auto/PublisherSubscriber12.xml
6 ms. Memory: 604160K Free: 229225K (38%)
----------------- Invoking toplevel() on ptolemy.moml.MoMLSimpleApplication@42e5f381
----------------- Done invoking toplevel() on ptolemy.moml.MoMLSimpleApplication@42e5f381
reloadAllAccessors: .PublisherSubscriber12

===========================================================================================
----------------- testing Mon Nov 04 06:15:43 UTC 2019 /home/travis/build/icyphy/ptII/ptolemy/actor/lib/test/auto/PublisherSubscriber13.xml
----------------- Instantiating /home/travis/build/icyphy/ptII/ptolemy/actor/lib/test/auto/PublisherSubscriber13.xml
2 ms. Memory: 604160K Free: 223561K (37%)
----------------- Invoking toplevel() on ptolemy.moml.MoMLSimpleApplication@11911b7f
----------------- Done invoking toplevel() on ptolemy.moml.MoMLSimpleApplication@11911b7f
reloadAllAccessors: .PublisherSubscriber13

===========================================================================================
----------------- testing Mon Nov 04 06:15:43 UTC 2019 /home/travis/build/icyphy/ptII/ptolemy/actor/lib/test/auto/PublisherSubscriber14.xml
----------------- Instantiating /home/travis/build/icyphy/ptII/ptolemy/actor/lib/test/auto/PublisherSubscriber14.xml
2 ms. Memory: 604160K Free: 214889K (36%)
----------------- Invoking toplevel() on ptolemy.moml.MoMLSimpleApplication@7c1d8b5b
----------------- Done invoking toplevel() on ptolemy.moml.MoMLSimpleApplication@7c1d8b5b
reloadAllAccessors: .PublisherSubscriber14

===========================================================================================
----------------- testing Mon Nov 04 06:15:43 UTC 2019 /home/travis/build/icyphy/ptII/ptolemy/actor/lib/test/auto/PublisherSubscriber2.xml
----------------- Instantiating /home/travis/build/icyphy/ptII/ptolemy/actor/lib/test/auto/PublisherSubscriber2.xml
3 ms. Memory: 604160K Free: 209241K (35%)
----------------- Invoking toplevel() on ptolemy.moml.MoMLSimpleApplication@1c81d4af
----------------- Done invoking toplevel() on ptolemy.moml.MoMLSimpleApplication@1c81d4af
reloadAllAccessors: .PublisherSubscriber2

===========================================================================================
----------------- testing Mon Nov 04 06:15:43 UTC 2019 /home/travis/build/icyphy/ptII/ptolemy/actor/lib/test/auto/PublisherSubscriber3.xml
----------------- Instantiating /home/travis/build/icyphy/ptII/ptolemy/actor/lib/test/auto/PublisherSubscriber3.xml
2 ms. Memory: 604160K Free: 552801K (91%)
----------------- Invoking toplevel() on ptolemy.moml.MoMLSimpleApplication@388232a3
----------------- Done invoking toplevel() on ptolemy.moml.MoMLSimpleApplication@388232a3
reloadAllAccessors: .PublisherSubscriber3

===========================================================================================
----------------- testing Mon Nov 04 06:15:43 UTC 2019 /home/travis/build/icyphy/ptII/ptolemy/actor/lib/test/auto/PublisherSubscriber4.xml
----------------- Instantiating /home/travis/build/icyphy/ptII/ptolemy/actor/lib/test/auto/PublisherSubscriber4.xml
2 ms. Memory: 604160K Free: 546649K (90%)
----------------- Invoking toplevel() on ptolemy.moml.MoMLSimpleApplication@6b4c1e9b
----------------- Done invoking toplevel() on ptolemy.moml.MoMLSimpleApplication@6b4c1e9b
reloadAllAccessors: .PublisherSubscriber4

===========================================================================================
----------------- testing Mon Nov 04 06:15:43 UTC 2019 /home/travis/build/icyphy/ptII/ptolemy/actor/lib/test/auto/PublisherSubscriber5.xml
----------------- Instantiating /home/travis/build/icyphy/ptII/ptolemy/actor/lib/test/auto/PublisherSubscriber5.xml
2 ms. Memory: 604160K Free: 540009K (89%)
----------------- Invoking toplevel() on ptolemy.moml.MoMLSimpleApplication@7682efec
----------------- Done invoking toplevel() on ptolemy.moml.MoMLSimpleApplication@7682efec
reloadAllAccessors: .PublisherSubscriber5

===========================================================================================
----------------- testing Mon Nov 04 06:15:43 UTC 2019 /home/travis/build/icyphy/ptII/ptolemy/actor/lib/test/auto/PublisherSubscriber6.xml
----------------- Instantiating /home/travis/build/icyphy/ptII/ptolemy/actor/lib/test/auto/PublisherSubscriber6.xml
4 ms. Memory: 604160K Free: 533337K (88%)
----------------- Invoking toplevel() on ptolemy.moml.MoMLSimpleApplication@4dbacd74
----------------- Done invoking toplevel() on ptolemy.moml.MoMLSimpleApplication@4dbacd74
reloadAllAccessors: .PublisherSubscriber6

===========================================================================================
----------------- testing Mon Nov 04 06:15:43 UTC 2019 /home/travis/build/icyphy/ptII/ptolemy/actor/lib/test/auto/PublisherSubscriber7.xml
----------------- Instantiating /home/travis/build/icyphy/ptII/ptolemy/actor/lib/test/auto/PublisherSubscriber7.xml
8 ms. Memory: 604160K Free: 526169K (87%)
----------------- Invoking toplevel() on ptolemy.moml.MoMLSimpleApplication@6fd9f37d
----------------- Done invoking toplevel() on ptolemy.moml.MoMLSimpleApplication@6fd9f37d
reloadAllAccessors: .PublisherSubscriber7

===========================================================================================
----------------- testing Mon Nov 04 06:15:43 UTC 2019 /home/travis/build/icyphy/ptII/ptolemy/actor/lib/test/auto/PublisherSubscriber8.xml
----------------- Instantiating /home/travis/build/icyphy/ptII/ptolemy/actor/lib/test/auto/PublisherSubscriber8.xml
22 ms. Memory: 604160K Free: 514409K (85%)
----------------- Invoking toplevel() on ptolemy.moml.MoMLSimpleApplication@2df058e2
----------------- Done invoking toplevel() on ptolemy.moml.MoMLSimpleApplication@2df058e2
reloadAllAccessors: .PublisherSubscriber8

===========================================================================================
----------------- testing Mon Nov 04 06:15:43 UTC 2019 /home/travis/build/icyphy/ptII/ptolemy/actor/lib/test/auto/PublisherSubscriber9.xml
----------------- Instantiating /home/travis/build/icyphy/ptII/ptolemy/actor/lib/test/auto/PublisherSubscriber9.xml
5 ms. Memory: 604160K Free: 506713K (84%)
----------------- Invoking toplevel() on ptolemy.moml.MoMLSimpleApplication@7a0d8fa8
----------------- Done invoking toplevel() on ptolemy.moml.MoMLSimpleApplication@7a0d8fa8
reloadAllAccessors: .PublisherSubscriber9

===========================================================================================
----------------- testing Mon Nov 04 06:15:43 UTC 2019 /home/travis/build/icyphy/ptII/ptolemy/actor/lib/test/auto/PublisherSubscriberAdjacent.xml
----------------- Instantiating /home/travis/build/icyphy/ptII/ptolemy/actor/lib/test/auto/PublisherSubscriberAdjacent.xml
3 ms. Memory: 604160K Free: 498535K (83%)
----------------- Invoking toplevel() on ptolemy.moml.MoMLSimpleApplication@b433f99
----------------- Done invoking toplevel() on ptolemy.moml.MoMLSimpleApplication@b433f99
reloadAllAccessors: .PublisherSubscriberAdjacent

===========================================================================================
----------------- testing Mon Nov 04 06:15:43 UTC 2019 /home/travis/build/icyphy/ptII/ptolemy/actor/lib/test/auto/PublisherSubscriberChannelVariablesAOC2.xml
----------------- Instantiating /home/travis/build/icyphy/ptII/ptolemy/actor/lib/test/auto/PublisherSubscriberChannelVariablesAOC2.xml
9 ms. Memory: 604160K Free: 483689K (80%)
----------------- Invoking toplevel() on ptolemy.moml.MoMLSimpleApplication@3560b849
----------------- Done invoking toplevel() on ptolemy.moml.MoMLSimpleApplication@3560b849
reloadAllAccessors: .PublisherSubscriberChannelVariablesAOC2

===========================================================================================
----------------- testing Mon Nov 04 06:15:43 UTC 2019 /home/travis/build/icyphy/ptII/ptolemy/actor/lib/test/auto/PublisherSubscriberD3.xml
----------------- Instantiating /home/travis/build/icyphy/ptII/ptolemy/actor/lib/test/auto/PublisherSubscriberD3.xml
3 ms. Memory: 604160K Free: 476521K (79%)
----------------- Invoking toplevel() on ptolemy.moml.MoMLSimpleApplication@5b36921a
----------------- Done invoking toplevel() on ptolemy.moml.MoMLSimpleApplication@5b36921a
reloadAllAccessors: .PublisherSubscriberD3

===========================================================================================
----------------- testing Mon Nov 04 06:15:43 UTC 2019 /home/travis/build/icyphy/ptII/ptolemy/actor/lib/test/auto/PublisherSubscriberD3Reverse.xml
----------------- Instantiating /home/travis/build/icyphy/ptII/ptolemy/actor/lib/test/auto/PublisherSubscriberD3Reverse.xml
2 ms. Memory: 604160K Free: 470377K (78%)
----------------- Invoking toplevel() on ptolemy.moml.MoMLSimpleApplication@79bf0fcd
----------------- Done invoking toplevel() on ptolemy.moml.MoMLSimpleApplication@79bf0fcd
reloadAllAccessors: .PublisherSubscriberD3Reverse

===========================================================================================
----------------- testing Mon Nov 04 06:15:43 UTC 2019 /home/travis/build/icyphy/ptII/ptolemy/actor/lib/test/auto/PublisherSubscriberExpression.xml
----------------- Instantiating /home/travis/build/icyphy/ptII/ptolemy/actor/lib/test/auto/PublisherSubscriberExpression.xml
7 ms. Memory: 604160K Free: 462185K (77%)
----------------- Invoking toplevel() on ptolemy.moml.MoMLSimpleApplication@4ff1c902
----------------- Done invoking toplevel() on ptolemy.moml.MoMLSimpleApplication@4ff1c902
reloadAllAccessors: .PublisherSubscriberExpression

===========================================================================================
----------------- testing Mon Nov 04 06:15:43 UTC 2019 /home/travis/build/icyphy/ptII/ptolemy/actor/lib/test/auto/PublisherSubscriberOpaque.xml
----------------- Instantiating /home/travis/build/icyphy/ptII/ptolemy/actor/lib/test/auto/PublisherSubscriberOpaque.xml
4 ms. Memory: 604160K Free: 453479K (75%)
----------------- Invoking toplevel() on ptolemy.moml.MoMLSimpleApplication@1463935d
----------------- Done invoking toplevel() on ptolemy.moml.MoMLSimpleApplication@1463935d
reloadAllAccessors: .PublisherSubscriberOpaque

===========================================================================================
----------------- testing Mon Nov 04 06:15:43 UTC 2019 /home/travis/build/icyphy/ptII/ptolemy/actor/lib/test/auto/PublisherSubscriberOpaqueD3.xml
----------------- Instantiating /home/travis/build/icyphy/ptII/ptolemy/actor/lib/test/auto/PublisherSubscriberOpaqueD3.xml
5 ms. Memory: 604160K Free: 442215K (73%)
----------------- Invoking toplevel() on ptolemy.moml.MoMLSimpleApplication@18e827bd
----------------- Done invoking toplevel() on ptolemy.moml.MoMLSimpleApplication@18e827bd
reloadAllAccessors: .PublisherSubscriberOpaqueD3

===========================================================================================
----------------- testing Mon Nov 04 06:15:43 UTC 2019 /home/travis/build/icyphy/ptII/ptolemy/actor/lib/test/auto/PublisherSubscriberOpaqueD3Reverse.xml
----------------- Instantiating /home/travis/build/icyphy/ptII/ptolemy/actor/lib/test/auto/PublisherSubscriberOpaqueD3Reverse.xml
8 ms. Memory: 604160K Free: 431465K (71%)
----------------- Invoking toplevel() on ptolemy.moml.MoMLSimpleApplication@378e4866
----------------- Done invoking toplevel() on ptolemy.moml.MoMLSimpleApplication@378e4866
reloadAllAccessors: .PublisherSubscriberOpaqueD3Reverse

===========================================================================================
----------------- testing Mon Nov 04 06:15:43 UTC 2019 /home/travis/build/icyphy/ptII/ptolemy/actor/lib/test/auto/PublisherSubscriberOpaqueWidthInference.xml
----------------- Instantiating /home/travis/build/icyphy/ptII/ptolemy/actor/lib/test/auto/PublisherSubscriberOpaqueWidthInference.xml
6 ms. Memory: 604160K Free: 423273K (70%)
----------------- Invoking toplevel() on ptolemy.moml.MoMLSimpleApplication@4f8c194e
----------------- Done invoking toplevel() on ptolemy.moml.MoMLSimpleApplication@4f8c194e
reloadAllAccessors: .PublisherSubscriberOpaqueWidthInference

===========================================================================================
----------------- testing Mon Nov 04 06:15:43 UTC 2019 /home/travis/build/icyphy/ptII/ptolemy/actor/lib/test/auto/PublisherTestSubscriber.xml
----------------- Instantiating /home/travis/build/icyphy/ptII/ptolemy/actor/lib/test/auto/PublisherTestSubscriber.xml
3 ms. Memory: 604160K Free: 415585K (69%)
----------------- Invoking toplevel() on ptolemy.moml.MoMLSimpleApplication@7370dba
----------------- Done invoking toplevel() on ptolemy.moml.MoMLSimpleApplication@7370dba
reloadAllAccessors: .PublisherTestSubscriber

===========================================================================================
----------------- testing Mon Nov 04 06:15:43 UTC 2019 /home/travis/build/icyphy/ptII/ptolemy/actor/lib/test/auto/PublisherToplevelSubscriberPortAOC.xml
----------------- Instantiating /home/travis/build/icyphy/ptII/ptolemy/actor/lib/test/auto/PublisherToplevelSubscriberPortAOC.xml
2 ms. Memory: 604160K Free: 408937K (68%)
----------------- Invoking toplevel() on ptolemy.moml.MoMLSimpleApplication@2881124f
----------------- Done invoking toplevel() on ptolemy.moml.MoMLSimpleApplication@2881124f
reloadAllAccessors: .PublisherToplevelSubscriberPortAOC

===========================================================================================
----------------- testing Mon Nov 04 06:15:43 UTC 2019 /home/travis/build/icyphy/ptII/ptolemy/actor/lib/test/auto/PulseFiringLimitDE.xml
----------------- Instantiating /home/travis/build/icyphy/ptII/ptolemy/actor/lib/test/auto/PulseFiringLimitDE.xml
2 ms. Memory: 604160K Free: 402279K (67%)
----------------- Invoking toplevel() on ptolemy.moml.MoMLSimpleApplication@7ca91e6e
----------------- Done invoking toplevel() on ptolemy.moml.MoMLSimpleApplication@7ca91e6e
reloadAllAccessors: .PulseFiringLimitDE

===========================================================================================
----------------- testing Mon Nov 04 06:15:43 UTC 2019 /home/travis/build/icyphy/ptII/ptolemy/actor/lib/test/auto/Ramp1.xml
----------------- Instantiating /home/travis/build/icyphy/ptII/ptolemy/actor/lib/test/auto/Ramp1.xml
2 ms. Memory: 604160K Free: 398177K (66%)
----------------- Invoking toplevel() on ptolemy.moml.MoMLSimpleApplication@d1aa6e4
----------------- Done invoking toplevel() on ptolemy.moml.MoMLSimpleApplication@d1aa6e4
reloadAllAccessors: .Ramp1

===========================================================================================
----------------- testing Mon Nov 04 06:15:43 UTC 2019 /home/travis/build/icyphy/ptII/ptolemy/actor/lib/test/auto/RampFiringLimitDE.xml
----------------- Instantiating /home/travis/build/icyphy/ptII/ptolemy/actor/lib/test/auto/RampFiringLimitDE.xml
2 ms. Memory: 604160K Free: 392025K (65%)
----------------- Invoking toplevel() on ptolemy.moml.MoMLSimpleApplication@28e2394f
----------------- Done invoking toplevel() on ptolemy.moml.MoMLSimpleApplication@28e2394f
reloadAllAccessors: .RampFiringLimitDE

===========================================================================================
----------------- testing Mon Nov 04 06:15:43 UTC 2019 /home/travis/build/icyphy/ptII/ptolemy/actor/lib/test/auto/RampFiringLimitSDF.xml
----------------- Instantiating /home/travis/build/icyphy/ptII/ptolemy/actor/lib/test/auto/RampFiringLimitSDF.xml
2 ms. Memory: 604160K Free: 386889K (64%)
----------------- Invoking toplevel() on ptolemy.moml.MoMLSimpleApplication@651e0d24
----------------- Done invoking toplevel() on ptolemy.moml.MoMLSimpleApplication@651e0d24
reloadAllAccessors: .RampFiringLimitSDF

===========================================================================================
----------------- testing Mon Nov 04 06:15:43 UTC 2019 /home/travis/build/icyphy/ptII/ptolemy/actor/lib/test/auto/RandomInteger.xml
----------------- Instantiating /home/travis/build/icyphy/ptII/ptolemy/actor/lib/test/auto/RandomInteger.xml
1 ms. Memory: 604160K Free: 382313K (63%)
----------------- Invoking toplevel() on ptolemy.moml.MoMLSimpleApplication@13907dce
----------------- Done invoking toplevel() on ptolemy.moml.MoMLSimpleApplication@13907dce
reloadAllAccessors: .RandomInteger

===========================================================================================
----------------- testing Mon Nov 04 06:15:44 UTC 2019 /home/travis/build/icyphy/ptII/ptolemy/actor/lib/test/auto/ReadFile1.xml
----------------- Instantiating /home/travis/build/icyphy/ptII/ptolemy/actor/lib/test/auto/ReadFile1.xml
2 ms. Memory: 604160K Free: 377703K (63%)
----------------- Invoking toplevel() on ptolemy.moml.MoMLSimpleApplication@799dee06
----------------- Done invoking toplevel() on ptolemy.moml.MoMLSimpleApplication@799dee06
reloadAllAccessors: .ReadFile1

===========================================================================================
----------------- testing Mon Nov 04 06:15:44 UTC 2019 /home/travis/build/icyphy/ptII/ptolemy/actor/lib/test/auto/ReadFile2.xml
----------------- Instantiating /home/travis/build/icyphy/ptII/ptolemy/actor/lib/test/auto/ReadFile2.xml
1 ms. Memory: 604160K Free: 373607K (62%)
----------------- Invoking toplevel() on ptolemy.moml.MoMLSimpleApplication@53e8a1d0
----------------- Done invoking toplevel() on ptolemy.moml.MoMLSimpleApplication@53e8a1d0
reloadAllAccessors: .ReadFile2

===========================================================================================
----------------- testing Mon Nov 04 06:15:44 UTC 2019 /home/travis/build/icyphy/ptII/ptolemy/actor/lib/test/auto/Reader.xml
----------------- Instantiating /home/travis/build/icyphy/ptII/ptolemy/actor/lib/test/auto/Reader.xml
actor.lib.Reader is obsolete, use actor.lib.io.ExpressionReader instead
4 ms. Memory: 604160K Free: 369511K (61%)
----------------- Invoking toplevel() on ptolemy.moml.MoMLSimpleApplication@78831b4b
----------------- Done invoking toplevel() on ptolemy.moml.MoMLSimpleApplication@78831b4b
reloadAllAccessors: .Reader

===========================================================================================
----------------- testing Mon Nov 04 06:15:44 UTC 2019 /home/travis/build/icyphy/ptII/ptolemy/actor/lib/test/auto/RecordAssemblerDisplayNameTest.xml
----------------- Instantiating /home/travis/build/icyphy/ptII/ptolemy/actor/lib/test/auto/RecordAssemblerDisplayNameTest.xml
3817 ms. Memory: 604160K Free: 204647K (34%)
----------------- Invoking toplevel() on ptolemy.moml.MoMLSimpleApplication@6544b6d6
----------------- Done invoking toplevel() on ptolemy.moml.MoMLSimpleApplication@6544b6d6
reloadAllAccessors: .RecordAssemblerDisplayNameTest

===========================================================================================
----------------- testing Mon Nov 04 06:15:47 UTC 2019 /home/travis/build/icyphy/ptII/ptolemy/actor/lib/test/auto/RecordAssemblerTypeError.xml
----------------- Instantiating /home/travis/build/icyphy/ptII/ptolemy/actor/lib/test/auto/RecordAssemblerTypeError.xml
9 ms. Memory: 604160K Free: 545641K (90%)
----------------- Invoking toplevel() on ptolemy.moml.MoMLSimpleApplication@7f5ab93b
----------------- Done invoking toplevel() on ptolemy.moml.MoMLSimpleApplication@7f5ab93b
reloadAllAccessors: .RecordAssemblerTypeError

===========================================================================================
----------------- testing Mon Nov 04 06:15:47 UTC 2019 /home/travis/build/icyphy/ptII/ptolemy/actor/lib/test/auto/RecordDisassember.xml
----------------- Instantiating /home/travis/build/icyphy/ptII/ptolemy/actor/lib/test/auto/RecordDisassember.xml
10 ms. Memory: 604160K Free: 541001K (90%)
----------------- Invoking toplevel() on ptolemy.moml.MoMLSimpleApplication@72056e21
----------------- Done invoking toplevel() on ptolemy.moml.MoMLSimpleApplication@72056e21
reloadAllAccessors: .RecordDisassember

===========================================================================================
----------------- testing Mon Nov 04 06:15:47 UTC 2019 /home/travis/build/icyphy/ptII/ptolemy/actor/lib/test/auto/RecordDisassemberDisplayNameTest.xml
----------------- Instantiating /home/travis/build/icyphy/ptII/ptolemy/actor/lib/test/auto/RecordDisassemberDisplayNameTest.xml
5 ms. Memory: 604160K Free: 533353K (88%)
----------------- Invoking toplevel() on ptolemy.moml.MoMLSimpleApplication@116e6db
----------------- Done invoking toplevel() on ptolemy.moml.MoMLSimpleApplication@116e6db
reloadAllAccessors: .RecordDisassemberDisplayNameTest

===========================================================================================
----------------- testing Mon Nov 04 06:15:47 UTC 2019 /home/travis/build/icyphy/ptII/ptolemy/actor/lib/test/auto/RecordDisassembler.xml
----------------- Instantiating /home/travis/build/icyphy/ptII/ptolemy/actor/lib/test/auto/RecordDisassembler.xml
2 ms. Memory: 604160K Free: 528233K (87%)
----------------- Invoking toplevel() on ptolemy.moml.MoMLSimpleApplication@1207263a
----------------- Done invoking toplevel() on ptolemy.moml.MoMLSimpleApplication@1207263a
reloadAllAccessors: .RecordDisassembler

===========================================================================================
----------------- testing Mon Nov 04 06:15:48 UTC 2019 /home/travis/build/icyphy/ptII/ptolemy/actor/lib/test/auto/RecordDisassembler2.xml
----------------- Instantiating /home/travis/build/icyphy/ptII/ptolemy/actor/lib/test/auto/RecordDisassembler2.xml
3 ms. Memory: 604160K Free: 523113K (87%)
----------------- Invoking toplevel() on ptolemy.moml.MoMLSimpleApplication@4d8dd8fe
----------------- Done invoking toplevel() on ptolemy.moml.MoMLSimpleApplication@4d8dd8fe
reloadAllAccessors: .RecordDisassembler2

===========================================================================================
----------------- testing Mon Nov 04 06:15:48 UTC 2019 /home/travis/build/icyphy/ptII/ptolemy/actor/lib/test/auto/RecordUpdater.xml
----------------- Instantiating /home/travis/build/icyphy/ptII/ptolemy/actor/lib/test/auto/RecordUpdater.xml
1 ms. Memory: 604160K Free: 517993K (86%)
----------------- Invoking toplevel() on ptolemy.moml.MoMLSimpleApplication@5d823792
----------------- Done invoking toplevel() on ptolemy.moml.MoMLSimpleApplication@5d823792
reloadAllAccessors: .RecordUpdater

===========================================================================================
----------------- testing Mon Nov 04 06:15:48 UTC 2019 /home/travis/build/icyphy/ptII/ptolemy/actor/lib/test/auto/RecordUpdater2.xml
----------------- Instantiating /home/travis/build/icyphy/ptII/ptolemy/actor/lib/test/auto/RecordUpdater2.xml
1 ms. Memory: 604160K Free: 512873K (85%)
----------------- Invoking toplevel() on ptolemy.moml.MoMLSimpleApplication@36b49f0d
----------------- Done invoking toplevel() on ptolemy.moml.MoMLSimpleApplication@36b49f0d
reloadAllAccessors: .RecordUpdater2

===========================================================================================
----------------- testing Mon Nov 04 06:15:48 UTC 2019 /home/travis/build/icyphy/ptII/ptolemy/actor/lib/test/auto/RecursiveLattice.xml
----------------- Instantiating /home/travis/build/icyphy/ptII/ptolemy/actor/lib/test/auto/RecursiveLattice.xml
1 ms. Memory: 604160K Free: 508233K (84%)
----------------- Invoking toplevel() on ptolemy.moml.MoMLSimpleApplication@67591285
----------------- Done invoking toplevel() on ptolemy.moml.MoMLSimpleApplication@67591285
reloadAllAccessors: .RecursiveLattice

===========================================================================================
----------------- testing Mon Nov 04 06:15:48 UTC 2019 /home/travis/build/icyphy/ptII/ptolemy/actor/lib/test/auto/Router.xml
----------------- Instantiating /home/travis/build/icyphy/ptII/ptolemy/actor/lib/test/auto/Router.xml
3003 ms. Memory: 604160K Free: 496489K (82%)
----------------- Invoking toplevel() on ptolemy.moml.MoMLSimpleApplication@34644950
----------------- Done invoking toplevel() on ptolemy.moml.MoMLSimpleApplication@34644950
reloadAllAccessors: .Router

===========================================================================================
----------------- testing Mon Nov 04 06:15:51 UTC 2019 /home/travis/build/icyphy/ptII/ptolemy/actor/lib/test/auto/Router2.xml
----------------- Instantiating /home/travis/build/icyphy/ptII/ptolemy/actor/lib/test/auto/Router2.xml
3005 ms. Memory: 604160K Free: 485225K (80%)
----------------- Invoking toplevel() on ptolemy.moml.MoMLSimpleApplication@66bcc851
----------------- Done invoking toplevel() on ptolemy.moml.MoMLSimpleApplication@66bcc851
reloadAllAccessors: .Router2

===========================================================================================
----------------- testing Mon Nov 04 06:15:54 UTC 2019 /home/travis/build/icyphy/ptII/ptolemy/actor/lib/test/auto/RunningMaximum.xml
----------------- Instantiating /home/travis/build/icyphy/ptII/ptolemy/actor/lib/test/auto/RunningMaximum.xml
8 ms. Memory: 604160K Free: 480615K (80%)
----------------- Invoking toplevel() on ptolemy.moml.MoMLSimpleApplication@45c176d0
----------------- Done invoking toplevel() on ptolemy.moml.MoMLSimpleApplication@45c176d0
reloadAllAccessors: .RunningMaximum

===========================================================================================
----------------- testing Mon Nov 04 06:15:54 UTC 2019 /home/travis/build/icyphy/ptII/ptolemy/actor/lib/test/auto/RunningMinimum.xml
----------------- Instantiating /home/travis/build/icyphy/ptII/ptolemy/actor/lib/test/auto/RunningMinimum.xml
11 ms. Memory: 604160K Free: 476009K (79%)
----------------- Invoking toplevel() on ptolemy.moml.MoMLSimpleApplication@1c8a98e1
----------------- Done invoking toplevel() on ptolemy.moml.MoMLSimpleApplication@1c8a98e1
reloadAllAccessors: .RunningMinimum

===========================================================================================
----------------- testing Mon Nov 04 06:15:54 UTC 2019 /home/travis/build/icyphy/ptII/ptolemy/actor/lib/test/auto/Scale.xml
----------------- Instantiating /home/travis/build/icyphy/ptII/ptolemy/actor/lib/test/auto/Scale.xml
1 ms. Memory: 604160K Free: 471399K (78%)
----------------- Invoking toplevel() on ptolemy.moml.MoMLSimpleApplication@152ea60f
----------------- Done invoking toplevel() on ptolemy.moml.MoMLSimpleApplication@152ea60f
reloadAllAccessors: .Scale

===========================================================================================
----------------- testing Mon Nov 04 06:15:54 UTC 2019 /home/travis/build/icyphy/ptII/ptolemy/actor/lib/test/auto/Scale2.xml
----------------- Instantiating /home/travis/build/icyphy/ptII/ptolemy/actor/lib/test/auto/Scale2.xml
2 ms. Memory: 604160K Free: 466793K (77%)
----------------- Invoking toplevel() on ptolemy.moml.MoMLSimpleApplication@597b398a
----------------- Done invoking toplevel() on ptolemy.moml.MoMLSimpleApplication@597b398a
reloadAllAccessors: .Scale2

===========================================================================================
----------------- testing Mon Nov 04 06:15:54 UTC 2019 /home/travis/build/icyphy/ptII/ptolemy/actor/lib/test/auto/Scale3.xml
----------------- Instantiating /home/travis/build/icyphy/ptII/ptolemy/actor/lib/test/auto/Scale3.xml
3 ms. Memory: 604160K Free: 460649K (76%)
----------------- Invoking toplevel() on ptolemy.moml.MoMLSimpleApplication@14cfeabe
----------------- Done invoking toplevel() on ptolemy.moml.MoMLSimpleApplication@14cfeabe
reloadAllAccessors: .Scale3

===========================================================================================
----------------- testing Mon Nov 04 06:15:54 UTC 2019 /home/travis/build/icyphy/ptII/ptolemy/actor/lib/test/auto/ScaleArray.xml
----------------- Instantiating /home/travis/build/icyphy/ptII/ptolemy/actor/lib/test/auto/ScaleArray.xml
7 ms. Memory: 604160K Free: 456039K (75%)
----------------- Invoking toplevel() on ptolemy.moml.MoMLSimpleApplication@63c65ff6
----------------- Done invoking toplevel() on ptolemy.moml.MoMLSimpleApplication@63c65ff6
reloadAllAccessors: .ScaleArray

===========================================================================================
----------------- testing Mon Nov 04 06:15:54 UTC 2019 /home/travis/build/icyphy/ptII/ptolemy/actor/lib/test/auto/ScaleArray2.xml
----------------- Instantiating /home/travis/build/icyphy/ptII/ptolemy/actor/lib/test/auto/ScaleArray2.xml
2 ms. Memory: 604160K Free: 451433K (75%)
----------------- Invoking toplevel() on ptolemy.moml.MoMLSimpleApplication@7a1ca300
----------------- Done invoking toplevel() on ptolemy.moml.MoMLSimpleApplication@7a1ca300
reloadAllAccessors: .ScaleArray2

===========================================================================================
----------------- testing Mon Nov 04 06:15:54 UTC 2019 /home/travis/build/icyphy/ptII/ptolemy/actor/lib/test/auto/ScaleMatrix.xml
----------------- Instantiating /home/travis/build/icyphy/ptII/ptolemy/actor/lib/test/auto/ScaleMatrix.xml
132 ms. Memory: 604160K Free: 437607K (72%)
----------------- Invoking toplevel() on ptolemy.moml.MoMLSimpleApplication@12340e00
----------------- Done invoking toplevel() on ptolemy.moml.MoMLSimpleApplication@12340e00
reloadAllAccessors: .ScaleMatrix

===========================================================================================
----------------- testing Mon Nov 04 06:15:54 UTC 2019 /home/travis/build/icyphy/ptII/ptolemy/actor/lib/test/auto/Select.xml
----------------- Instantiating /home/travis/build/icyphy/ptII/ptolemy/actor/lib/test/auto/Select.xml
2 ms. Memory: 604160K Free: 431449K (71%)
----------------- Invoking toplevel() on ptolemy.moml.MoMLSimpleApplication@57c55397
----------------- Done invoking toplevel() on ptolemy.moml.MoMLSimpleApplication@57c55397
reloadAllAccessors: .Select

===========================================================================================
----------------- testing Mon Nov 04 06:15:54 UTC 2019 /home/travis/build/icyphy/ptII/ptolemy/actor/lib/test/auto/Select2.xml
----------------- Instantiating /home/travis/build/icyphy/ptII/ptolemy/actor/lib/test/auto/Select2.xml
1 ms. Memory: 604160K Free: 426343K (71%)
----------------- Invoking toplevel() on ptolemy.moml.MoMLSimpleApplication@369e50db
----------------- Done invoking toplevel() on ptolemy.moml.MoMLSimpleApplication@369e50db
reloadAllAccessors: .Select2

===========================================================================================
----------------- testing Mon Nov 04 06:15:54 UTC 2019 /home/travis/build/icyphy/ptII/ptolemy/actor/lib/test/auto/SequenceToArray2.xml
----------------- Instantiating /home/travis/build/icyphy/ptII/ptolemy/actor/lib/test/auto/SequenceToArray2.xml
119 ms. Memory: 604160K Free: 402281K (67%)
----------------- Invoking toplevel() on ptolemy.moml.MoMLSimpleApplication@77c62fca
----------------- Done invoking toplevel() on ptolemy.moml.MoMLSimpleApplication@77c62fca
reloadAllAccessors: .SequenceToArray2

===========================================================================================
----------------- testing Mon Nov 04 06:15:54 UTC 2019 /home/travis/build/icyphy/ptII/ptolemy/actor/lib/test/auto/SequentialClock.xml
----------------- Instantiating /home/travis/build/icyphy/ptII/ptolemy/actor/lib/test/auto/SequentialClock.xml
2 ms. Memory: 604160K Free: 398185K (66%)
----------------- Invoking toplevel() on ptolemy.moml.MoMLSimpleApplication@5f640e06
----------------- Done invoking toplevel() on ptolemy.moml.MoMLSimpleApplication@5f640e06
reloadAllAccessors: .SequentialClock

===========================================================================================
----------------- testing Mon Nov 04 06:15:54 UTC 2019 /home/travis/build/icyphy/ptII/ptolemy/actor/lib/test/auto/SetVariable.xml
----------------- Instantiating /home/travis/build/icyphy/ptII/ptolemy/actor/lib/test/auto/SetVariable.xml
4 ms. Memory: 604160K Free: 393575K (65%)
----------------- Invoking toplevel() on ptolemy.moml.MoMLSimpleApplication@173ed8e2
----------------- Done invoking toplevel() on ptolemy.moml.MoMLSimpleApplication@173ed8e2
reloadAllAccessors: .SetVariable

===========================================================================================
----------------- testing Mon Nov 04 06:15:54 UTC 2019 /home/travis/build/icyphy/ptII/ptolemy/actor/lib/test/auto/SetVariable2.xml
----------------- Instantiating /home/travis/build/icyphy/ptII/ptolemy/actor/lib/test/auto/SetVariable2.xml
3 ms. Memory: 604160K Free: 388455K (64%)
----------------- Invoking toplevel() on ptolemy.moml.MoMLSimpleApplication@59e27ad5
----------------- Done invoking toplevel() on ptolemy.moml.MoMLSimpleApplication@59e27ad5
reloadAllAccessors: .SetVariable2

===========================================================================================
----------------- testing Mon Nov 04 06:15:54 UTC 2019 /home/travis/build/icyphy/ptII/ptolemy/actor/lib/test/auto/SetVariable3.xml
----------------- Instantiating /home/travis/build/icyphy/ptII/ptolemy/actor/lib/test/auto/SetVariable3.xml
6 ms. Memory: 604160K Free: 383335K (63%)
----------------- Invoking toplevel() on ptolemy.moml.MoMLSimpleApplication@230180a9
----------------- Done invoking toplevel() on ptolemy.moml.MoMLSimpleApplication@230180a9
reloadAllAccessors: .SetVariable3

===========================================================================================
----------------- testing Mon Nov 04 06:15:54 UTC 2019 /home/travis/build/icyphy/ptII/ptolemy/actor/lib/test/auto/SetVariable4.xml
----------------- Instantiating /home/travis/build/icyphy/ptII/ptolemy/actor/lib/test/auto/SetVariable4.xml
17 ms. Memory: 604160K Free: 373609K (62%)
----------------- Invoking toplevel() on ptolemy.moml.MoMLSimpleApplication@31026078
----------------- Done invoking toplevel() on ptolemy.moml.MoMLSimpleApplication@31026078
reloadAllAccessors: .SetVariable4

===========================================================================================
----------------- testing Mon Nov 04 06:15:54 UTC 2019 /home/travis/build/icyphy/ptII/ptolemy/actor/lib/test/auto/SetVariable5.xml
----------------- Instantiating /home/travis/build/icyphy/ptII/ptolemy/actor/lib/test/auto/SetVariable5.xml
10 ms. Memory: 604160K Free: 364393K (60%)
----------------- Invoking toplevel() on ptolemy.moml.MoMLSimpleApplication@48f2984
----------------- Done invoking toplevel() on ptolemy.moml.MoMLSimpleApplication@48f2984
reloadAllAccessors: .SetVariable5

===========================================================================================
----------------- testing Mon Nov 04 06:15:54 UTC 2019 /home/travis/build/icyphy/ptII/ptolemy/actor/lib/test/auto/Sinewave.xml
----------------- Instantiating /home/travis/build/icyphy/ptII/ptolemy/actor/lib/test/auto/Sinewave.xml
5 ms. Memory: 604160K Free: 354153K (59%)
----------------- Invoking toplevel() on ptolemy.moml.MoMLSimpleApplication@5efbfe42
----------------- Done invoking toplevel() on ptolemy.moml.MoMLSimpleApplication@5efbfe42
reloadAllAccessors: .Sinewave

===========================================================================================
----------------- testing Mon Nov 04 06:15:54 UTC 2019 /home/travis/build/icyphy/ptII/ptolemy/actor/lib/test/auto/Sinewave2.xml
----------------- Instantiating /home/travis/build/icyphy/ptII/ptolemy/actor/lib/test/auto/Sinewave2.xml
9 ms. Memory: 604160K Free: 345447K (57%)
----------------- Invoking toplevel() on ptolemy.moml.MoMLSimpleApplication@6aa7171c
----------------- Done invoking toplevel() on ptolemy.moml.MoMLSimpleApplication@6aa7171c
reloadAllAccessors: .Sinewave2

===========================================================================================
----------------- testing Mon Nov 04 06:15:54 UTC 2019 /home/travis/build/icyphy/ptII/ptolemy/actor/lib/test/auto/Sinewave3.xml
----------------- Instantiating /home/travis/build/icyphy/ptII/ptolemy/actor/lib/test/auto/Sinewave3.xml
7 ms. Memory: 604160K Free: 336745K (56%)
----------------- Invoking toplevel() on ptolemy.moml.MoMLSimpleApplication@30ba96cb
----------------- Done invoking toplevel() on ptolemy.moml.MoMLSimpleApplication@30ba96cb
reloadAllAccessors: .Sinewave3

===========================================================================================
----------------- testing Mon Nov 04 06:15:54 UTC 2019 /home/travis/build/icyphy/ptII/ptolemy/actor/lib/test/auto/SingleEvent.xml
----------------- Instantiating /home/travis/build/icyphy/ptII/ptolemy/actor/lib/test/auto/SingleEvent.xml
1 ms. Memory: 604160K Free: 332649K (55%)
----------------- Invoking toplevel() on ptolemy.moml.MoMLSimpleApplication@d02df9
----------------- Done invoking toplevel() on ptolemy.moml.MoMLSimpleApplication@d02df9
reloadAllAccessors: .SingleEvent

===========================================================================================
----------------- testing Mon Nov 04 06:15:54 UTC 2019 /home/travis/build/icyphy/ptII/ptolemy/actor/lib/test/auto/Sleep.xml
----------------- Instantiating /home/travis/build/icyphy/ptII/ptolemy/actor/lib/test/auto/Sleep.xml
6004 ms. Memory: 604160K Free: 326985K (54%)
----------------- Invoking toplevel() on ptolemy.moml.MoMLSimpleApplication@2642cc24
----------------- Done invoking toplevel() on ptolemy.moml.MoMLSimpleApplication@2642cc24
reloadAllAccessors: .Sleep

===========================================================================================
----------------- testing Mon Nov 04 06:16:00 UTC 2019 /home/travis/build/icyphy/ptII/ptolemy/actor/lib/test/auto/SleepMultipleFire.xml
----------------- Instantiating /home/travis/build/icyphy/ptII/ptolemy/actor/lib/test/auto/SleepMultipleFire.xml
1005 ms. Memory: 604160K Free: 321385K (53%)
----------------- Invoking toplevel() on ptolemy.moml.MoMLSimpleApplication@15a428e8
----------------- Done invoking toplevel() on ptolemy.moml.MoMLSimpleApplication@15a428e8
reloadAllAccessors: .SleepMultipleFire

===========================================================================================
----------------- testing Mon Nov 04 06:16:01 UTC 2019 /home/travis/build/icyphy/ptII/ptolemy/actor/lib/test/auto/StopDE.xml
----------------- Instantiating /home/travis/build/icyphy/ptII/ptolemy/actor/lib/test/auto/StopDE.xml
5 ms. Memory: 604160K Free: 315751K (52%)
----------------- Invoking toplevel() on ptolemy.moml.MoMLSimpleApplication@406139c6
----------------- Done invoking toplevel() on ptolemy.moml.MoMLSimpleApplication@406139c6
reloadAllAccessors: .StopDE

===========================================================================================
----------------- testing Mon Nov 04 06:16:01 UTC 2019 /home/travis/build/icyphy/ptII/ptolemy/actor/lib/test/auto/StopSDF.xml
----------------- Instantiating /home/travis/build/icyphy/ptII/ptolemy/actor/lib/test/auto/StopSDF.xml
5 ms. Memory: 604160K Free: 310631K (51%)
----------------- Invoking toplevel() on ptolemy.moml.MoMLSimpleApplication@15fcff14
----------------- Done invoking toplevel() on ptolemy.moml.MoMLSimpleApplication@15fcff14
reloadAllAccessors: .StopSDF

===========================================================================================
----------------- testing Mon Nov 04 06:16:01 UTC 2019 /home/travis/build/icyphy/ptII/ptolemy/actor/lib/test/auto/StringConstant.xml
----------------- Instantiating /home/travis/build/icyphy/ptII/ptolemy/actor/lib/test/auto/StringConstant.xml
9 ms. Memory: 604160K Free: 306025K (51%)
----------------- Invoking toplevel() on ptolemy.moml.MoMLSimpleApplication@3a99a00e
----------------- Done invoking toplevel() on ptolemy.moml.MoMLSimpleApplication@3a99a00e
reloadAllAccessors: .StringConstant

===========================================================================================
----------------- testing Mon Nov 04 06:16:01 UTC 2019 /home/travis/build/icyphy/ptII/ptolemy/actor/lib/test/auto/SubscriberPortInitialValues1.xml
----------------- Instantiating /home/travis/build/icyphy/ptII/ptolemy/actor/lib/test/auto/SubscriberPortInitialValues1.xml
10 ms. Memory: 604160K Free: 297319K (49%)
----------------- Invoking toplevel() on ptolemy.moml.MoMLSimpleApplication@4b6d368d
----------------- Done invoking toplevel() on ptolemy.moml.MoMLSimpleApplication@4b6d368d
reloadAllAccessors: .SubscriberPortInitialValues1

===========================================================================================
----------------- testing Mon Nov 04 06:16:01 UTC 2019 /home/travis/build/icyphy/ptII/ptolemy/actor/lib/test/auto/SubscriberPortInitialValues13.xml
----------------- Instantiating /home/travis/build/icyphy/ptII/ptolemy/actor/lib/test/auto/SubscriberPortInitialValues13.xml
8 ms. Memory: 604160K Free: 284521K (47%)
----------------- Invoking toplevel() on ptolemy.moml.MoMLSimpleApplication@1ac130a6
----------------- Done invoking toplevel() on ptolemy.moml.MoMLSimpleApplication@1ac130a6
reloadAllAccessors: .SubscriberPortInitialValues13

===========================================================================================
----------------- testing Mon Nov 04 06:16:02 UTC 2019 /home/travis/build/icyphy/ptII/ptolemy/actor/lib/test/auto/SubscriberPortInitialValues14.xml
----------------- Instantiating /home/travis/build/icyphy/ptII/ptolemy/actor/lib/test/auto/SubscriberPortInitialValues14.xml
5 ms. Memory: 604160K Free: 276839K (46%)
----------------- Invoking toplevel() on ptolemy.moml.MoMLSimpleApplication@3ecd85ed
----------------- Done invoking toplevel() on ptolemy.moml.MoMLSimpleApplication@3ecd85ed
reloadAllAccessors: .SubscriberPortInitialValues14

===========================================================================================
----------------- testing Mon Nov 04 06:16:02 UTC 2019 /home/travis/build/icyphy/ptII/ptolemy/actor/lib/test/auto/SubscriberPortInitialValues2.xml
----------------- Instantiating /home/travis/build/icyphy/ptII/ptolemy/actor/lib/test/auto/SubscriberPortInitialValues2.xml
16 ms. Memory: 604160K Free: 269161K (45%)
----------------- Invoking toplevel() on ptolemy.moml.MoMLSimpleApplication@4e462e8a
----------------- Done invoking toplevel() on ptolemy.moml.MoMLSimpleApplication@4e462e8a
reloadAllAccessors: .SubscriberPortInitialValues2

===========================================================================================
----------------- testing Mon Nov 04 06:16:02 UTC 2019 /home/travis/build/icyphy/ptII/ptolemy/actor/lib/test/auto/SubscriberPortInitialValues3.xml
----------------- Instantiating /home/travis/build/icyphy/ptII/ptolemy/actor/lib/test/auto/SubscriberPortInitialValues3.xml
5 ms. Memory: 604160K Free: 258407K (43%)
----------------- Invoking toplevel() on ptolemy.moml.MoMLSimpleApplication@2fca432f
----------------- Done invoking toplevel() on ptolemy.moml.MoMLSimpleApplication@2fca432f
reloadAllAccessors: .SubscriberPortInitialValues3

===========================================================================================
----------------- testing Mon Nov 04 06:16:02 UTC 2019 /home/travis/build/icyphy/ptII/ptolemy/actor/lib/test/auto/SubscriptionAggregator.xml
----------------- Instantiating /home/travis/build/icyphy/ptII/ptolemy/actor/lib/test/auto/SubscriptionAggregator.xml
6 ms. Memory: 604160K Free: 251753K (42%)
----------------- Invoking toplevel() on ptolemy.moml.MoMLSimpleApplication@c95d8ea
----------------- Done invoking toplevel() on ptolemy.moml.MoMLSimpleApplication@c95d8ea
reloadAllAccessors: .SubscriptionAggregator

===========================================================================================
----------------- testing Mon Nov 04 06:16:02 UTC 2019 /home/travis/build/icyphy/ptII/ptolemy/actor/lib/test/auto/SubscriptionAggregator2.xml
----------------- Instantiating /home/travis/build/icyphy/ptII/ptolemy/actor/lib/test/auto/SubscriptionAggregator2.xml
3 ms. Memory: 604160K Free: 244585K (40%)
----------------- Invoking toplevel() on ptolemy.moml.MoMLSimpleApplication@10fba05c
----------------- Done invoking toplevel() on ptolemy.moml.MoMLSimpleApplication@10fba05c
reloadAllAccessors: .SubscriptionAggregator2

===========================================================================================
----------------- testing Mon Nov 04 06:16:02 UTC 2019 /home/travis/build/icyphy/ptII/ptolemy/actor/lib/test/auto/SubscriptionAggregator3.xml
----------------- Instantiating /home/travis/build/icyphy/ptII/ptolemy/actor/lib/test/auto/SubscriptionAggregator3.xml
4 ms. Memory: 604160K Free: 235873K (39%)
----------------- Invoking toplevel() on ptolemy.moml.MoMLSimpleApplication@2a374372
----------------- Done invoking toplevel() on ptolemy.moml.MoMLSimpleApplication@2a374372
reloadAllAccessors: .SubscriptionAggregator3

===========================================================================================
----------------- testing Mon Nov 04 06:16:02 UTC 2019 /home/travis/build/icyphy/ptII/ptolemy/actor/lib/test/auto/SubscriptionAggregatorMultiply.xml
----------------- Instantiating /home/travis/build/icyphy/ptII/ptolemy/actor/lib/test/auto/SubscriptionAggregatorMultiply.xml
3 ms. Memory: 604160K Free: 227681K (38%)
----------------- Invoking toplevel() on ptolemy.moml.MoMLSimpleApplication@47ad021
----------------- Done invoking toplevel() on ptolemy.moml.MoMLSimpleApplication@47ad021
reloadAllAccessors: .SubscriptionAggregatorMultiply

===========================================================================================
----------------- testing Mon Nov 04 06:16:02 UTC 2019 /home/travis/build/icyphy/ptII/ptolemy/actor/lib/test/auto/SubscriptionAggregatorPortMultiply1.xml
----------------- Instantiating /home/travis/build/icyphy/ptII/ptolemy/actor/lib/test/auto/SubscriptionAggregatorPortMultiply1.xml
4 ms. Memory: 604160K Free: 219495K (36%)
----------------- Invoking toplevel() on ptolemy.moml.MoMLSimpleApplication@748960d1
----------------- Done invoking toplevel() on ptolemy.moml.MoMLSimpleApplication@748960d1
reloadAllAccessors: .SubscriptionAggregatorPortMultiply1

===========================================================================================
----------------- testing Mon Nov 04 06:16:02 UTC 2019 /home/travis/build/icyphy/ptII/ptolemy/actor/lib/test/auto/Switch.xml
----------------- Instantiating /home/travis/build/icyphy/ptII/ptolemy/actor/lib/test/auto/Switch.xml
8 ms. Memory: 604160K Free: 210279K (35%)
----------------- Invoking toplevel() on ptolemy.moml.MoMLSimpleApplication@3334e32e
----------------- Done invoking toplevel() on ptolemy.moml.MoMLSimpleApplication@3334e32e
reloadAllAccessors: .Switch

===========================================================================================
----------------- testing Mon Nov 04 06:16:02 UTC 2019 /home/travis/build/icyphy/ptII/ptolemy/actor/lib/test/auto/Switch2.xml
----------------- Instantiating /home/travis/build/icyphy/ptII/ptolemy/actor/lib/test/auto/Switch2.xml
1 ms. Memory: 604160K Free: 205159K (34%)
----------------- Invoking toplevel() on ptolemy.moml.MoMLSimpleApplication@3d7b783b
----------------- Done invoking toplevel() on ptolemy.moml.MoMLSimpleApplication@3d7b783b
reloadAllAccessors: .Switch2

===========================================================================================
----------------- testing Mon Nov 04 06:16:02 UTC 2019 /home/travis/build/icyphy/ptII/ptolemy/actor/lib/test/auto/SwitchDE.xml
----------------- Instantiating /home/travis/build/icyphy/ptII/ptolemy/actor/lib/test/auto/SwitchDE.xml
3 ms. Memory: 604160K Free: 548697K (91%)
----------------- Invoking toplevel() on ptolemy.moml.MoMLSimpleApplication@12c50fbd
----------------- Done invoking toplevel() on ptolemy.moml.MoMLSimpleApplication@12c50fbd
reloadAllAccessors: .SwitchDE

===========================================================================================
----------------- testing Mon Nov 04 06:16:02 UTC 2019 /home/travis/build/icyphy/ptII/ptolemy/actor/lib/test/auto/SynchronizerDE.xml
----------------- Instantiating /home/travis/build/icyphy/ptII/ptolemy/actor/lib/test/auto/SynchronizerDE.xml
9 ms. Memory: 604160K Free: 540009K (89%)
----------------- Invoking toplevel() on ptolemy.moml.MoMLSimpleApplication@6ca98718
----------------- Done invoking toplevel() on ptolemy.moml.MoMLSimpleApplication@6ca98718
reloadAllAccessors: .SynchronizerDE

===========================================================================================
----------------- testing Mon Nov 04 06:16:02 UTC 2019 /home/travis/build/icyphy/ptII/ptolemy/actor/lib/test/auto/Test.xml
----------------- Instantiating /home/travis/build/icyphy/ptII/ptolemy/actor/lib/test/auto/Test.xml
10 ms. Memory: 604160K Free: 534889K (89%)
----------------- Invoking toplevel() on ptolemy.moml.MoMLSimpleApplication@6cb43088
----------------- Done invoking toplevel() on ptolemy.moml.MoMLSimpleApplication@6cb43088
reloadAllAccessors: .Test

===========================================================================================
----------------- testing Mon Nov 04 06:16:02 UTC 2019 /home/travis/build/icyphy/ptII/ptolemy/actor/lib/test/auto/TestExceptionAttribute1.xml
----------------- Instantiating /home/travis/build/icyphy/ptII/ptolemy/actor/lib/test/auto/TestExceptionAttribute1.xml
1 ms. Memory: 604160K Free: 531303K (88%)
----------------- Invoking toplevel() on ptolemy.moml.MoMLSimpleApplication@50cf7377
----------------- Done invoking toplevel() on ptolemy.moml.MoMLSimpleApplication@50cf7377
reloadAllAccessors: .TestExceptionAttribute1

===========================================================================================
----------------- testing Mon Nov 04 06:16:02 UTC 2019 /home/travis/build/icyphy/ptII/ptolemy/actor/lib/test/auto/TestExceptionAttribute2.xml
----------------- Instantiating /home/travis/build/icyphy/ptII/ptolemy/actor/lib/test/auto/TestExceptionAttribute2.xml
1 ms. Memory: 604160K Free: 527721K (87%)
----------------- Invoking toplevel() on ptolemy.moml.MoMLSimpleApplication@7b792e41
----------------- Done invoking toplevel() on ptolemy.moml.MoMLSimpleApplication@7b792e41
reloadAllAccessors: .TestExceptionAttribute2

===========================================================================================
----------------- testing Mon Nov 04 06:16:02 UTC 2019 /home/travis/build/icyphy/ptII/ptolemy/actor/lib/test/auto/TestExceptionAttribute3.xml
----------------- Instantiating /home/travis/build/icyphy/ptII/ptolemy/actor/lib/test/auto/TestExceptionAttribute3.xml
.TestExceptionAttribute3.TestExceptionAttribute: initialize() was not invoked, but wrapup() was.  This is unusual, but not always a problem.  For example, exporting JNLP will do this.
1 ms. Memory: 604160K Free: 524135K (87%)
----------------- Invoking toplevel() on ptolemy.moml.MoMLSimpleApplication@a0bb073
----------------- Done invoking toplevel() on ptolemy.moml.MoMLSimpleApplication@a0bb073
reloadAllAccessors: .TestExceptionAttribute3

===========================================================================================
----------------- testing Mon Nov 04 06:16:02 UTC 2019 /home/travis/build/icyphy/ptII/ptolemy/actor/lib/test/auto/TestExceptionAttribute4.xml
----------------- Instantiating /home/travis/build/icyphy/ptII/ptolemy/actor/lib/test/auto/TestExceptionAttribute4.xml
.TestExceptionAttribute4.TestExceptionAttribute: initialize() was not invoked, but wrapup() was.  This is unusual, but not always a problem.  For example, exporting JNLP will do this.
.TestExceptionAttribute4.TestExceptionAttribute2: initialize() was not invoked, but wrapup() was.  This is unusual, but not always a problem.  For example, exporting JNLP will do this.
0 ms. Memory: 604160K Free: 519529K (86%)
----------------- Invoking toplevel() on ptolemy.moml.MoMLSimpleApplication@16904b9f
----------------- Done invoking toplevel() on ptolemy.moml.MoMLSimpleApplication@16904b9f
reloadAllAccessors: .TestExceptionAttribute4

===========================================================================================
----------------- testing Mon Nov 04 06:16:02 UTC 2019 /home/travis/build/icyphy/ptII/ptolemy/actor/lib/test/auto/TestExceptionHandler1.xml
----------------- Instantiating /home/travis/build/icyphy/ptII/ptolemy/actor/lib/test/auto/TestExceptionHandler1.xml
1 ms. Memory: 604160K Free: 515943K (85%)
----------------- Invoking toplevel() on ptolemy.moml.MoMLSimpleApplication@56c728fe
----------------- Done invoking toplevel() on ptolemy.moml.MoMLSimpleApplication@56c728fe
reloadAllAccessors: .TestExceptionHandler1

===========================================================================================
----------------- testing Mon Nov 04 06:16:02 UTC 2019 /home/travis/build/icyphy/ptII/ptolemy/actor/lib/test/auto/TestExceptionHandler2.xml
----------------- Instantiating /home/travis/build/icyphy/ptII/ptolemy/actor/lib/test/auto/TestExceptionHandler2.xml
1 ms. Memory: 604160K Free: 512361K (85%)
----------------- Invoking toplevel() on ptolemy.moml.MoMLSimpleApplication@4dd1acc0
----------------- Done invoking toplevel() on ptolemy.moml.MoMLSimpleApplication@4dd1acc0
reloadAllAccessors: .TestExceptionHandler2

===========================================================================================
----------------- testing Mon Nov 04 06:16:02 UTC 2019 /home/travis/build/icyphy/ptII/ptolemy/actor/lib/test/auto/TestExceptionHandler3.xml
----------------- Instantiating /home/travis/build/icyphy/ptII/ptolemy/actor/lib/test/auto/TestExceptionHandler3.xml
1 ms. Memory: 604160K Free: 508775K (84%)
----------------- Invoking toplevel() on ptolemy.moml.MoMLSimpleApplication@785e2004
----------------- Done invoking toplevel() on ptolemy.moml.MoMLSimpleApplication@785e2004
reloadAllAccessors: .TestExceptionHandler3

===========================================================================================
----------------- testing Mon Nov 04 06:16:02 UTC 2019 /home/travis/build/icyphy/ptII/ptolemy/actor/lib/test/auto/TestExceptionHandler4.xml
----------------- Instantiating /home/travis/build/icyphy/ptII/ptolemy/actor/lib/test/auto/TestExceptionHandler4.xml
1 ms. Memory: 604160K Free: 504679K (84%)
----------------- Invoking toplevel() on ptolemy.moml.MoMLSimpleApplication@212081d5
----------------- Done invoking toplevel() on ptolemy.moml.MoMLSimpleApplication@212081d5
reloadAllAccessors: .TestExceptionHandler4

===========================================================================================
----------------- testing Mon Nov 04 06:16:02 UTC 2019 /home/travis/build/icyphy/ptII/ptolemy/actor/lib/test/auto/TestRequireCorrectOrder.xml
----------------- Instantiating /home/travis/build/icyphy/ptII/ptolemy/actor/lib/test/auto/TestRequireCorrectOrder.xml
7 ms. Memory: 604160K Free: 499049K (83%)
----------------- Invoking toplevel() on ptolemy.moml.MoMLSimpleApplication@1b1fbfb8
----------------- Done invoking toplevel() on ptolemy.moml.MoMLSimpleApplication@1b1fbfb8
reloadAllAccessors: .TestRequireCorrectOrder

===========================================================================================
----------------- testing Mon Nov 04 06:16:02 UTC 2019 /home/travis/build/icyphy/ptII/ptolemy/actor/lib/test/auto/TestSimple.xml
----------------- Instantiating /home/travis/build/icyphy/ptII/ptolemy/actor/lib/test/auto/TestSimple.xml
3 ms. Memory: 604160K Free: 494433K (82%)
----------------- Invoking toplevel() on ptolemy.moml.MoMLSimpleApplication@7b2cefd8
----------------- Done invoking toplevel() on ptolemy.moml.MoMLSimpleApplication@7b2cefd8
reloadAllAccessors: .TestSimple

===========================================================================================
----------------- testing Mon Nov 04 06:16:02 UTC 2019 /home/travis/build/icyphy/ptII/ptolemy/actor/lib/test/auto/ThrowModelError.xml
----------------- Instantiating /home/travis/build/icyphy/ptII/ptolemy/actor/lib/test/auto/ThrowModelError.xml
2 ms. Memory: 604160K Free: 489833K (81%)
----------------- Invoking toplevel() on ptolemy.moml.MoMLSimpleApplication@2d20fd2e
----------------- Done invoking toplevel() on ptolemy.moml.MoMLSimpleApplication@2d20fd2e
reloadAllAccessors: .ThrowModelError

===========================================================================================
----------------- testing Mon Nov 04 06:16:02 UTC 2019 /home/travis/build/icyphy/ptII/ptolemy/actor/lib/test/auto/TimeDelayMicrosteps.xml
----------------- Instantiating /home/travis/build/icyphy/ptII/ptolemy/actor/lib/test/auto/TimeDelayMicrosteps.xml
3 ms. Memory: 604160K Free: 483169K (80%)
----------------- Invoking toplevel() on ptolemy.moml.MoMLSimpleApplication@48ec2aa4
----------------- Done invoking toplevel() on ptolemy.moml.MoMLSimpleApplication@48ec2aa4
reloadAllAccessors: .TimeDelayMicrosteps

===========================================================================================
----------------- testing Mon Nov 04 06:16:02 UTC 2019 /home/travis/build/icyphy/ptII/ptolemy/actor/lib/test/auto/TimeDelayMicrosteps2.xml
----------------- Instantiating /home/travis/build/icyphy/ptII/ptolemy/actor/lib/test/auto/TimeDelayMicrosteps2.xml
4 ms. Memory: 604160K Free: 475497K (79%)
----------------- Invoking toplevel() on ptolemy.moml.MoMLSimpleApplication@72d62b42
----------------- Done invoking toplevel() on ptolemy.moml.MoMLSimpleApplication@72d62b42
reloadAllAccessors: .TimeDelayMicrosteps2

===========================================================================================
----------------- testing Mon Nov 04 06:16:02 UTC 2019 /home/travis/build/icyphy/ptII/ptolemy/actor/lib/test/auto/TimeDelayMicrosteps3.xml
----------------- Instantiating /home/travis/build/icyphy/ptII/ptolemy/actor/lib/test/auto/TimeDelayMicrosteps3.xml
4 ms. Memory: 604160K Free: 468825K (78%)
----------------- Invoking toplevel() on ptolemy.moml.MoMLSimpleApplication@5e0086d8
----------------- Done invoking toplevel() on ptolemy.moml.MoMLSimpleApplication@5e0086d8
reloadAllAccessors: .TimeDelayMicrosteps3

===========================================================================================
----------------- testing Mon Nov 04 06:16:02 UTC 2019 /home/travis/build/icyphy/ptII/ptolemy/actor/lib/test/auto/TimeDelayVariableMicrosteps.xml
----------------- Instantiating /home/travis/build/icyphy/ptII/ptolemy/actor/lib/test/auto/TimeDelayVariableMicrosteps.xml
3 ms. Memory: 604160K Free: 462695K (77%)
----------------- Invoking toplevel() on ptolemy.moml.MoMLSimpleApplication@46cddc03
----------------- Done invoking toplevel() on ptolemy.moml.MoMLSimpleApplication@46cddc03
reloadAllAccessors: .TimeDelayVariableMicrosteps

===========================================================================================
----------------- testing Mon Nov 04 06:16:02 UTC 2019 /home/travis/build/icyphy/ptII/ptolemy/actor/lib/test/auto/TimeGap.xml
----------------- Instantiating /home/travis/build/icyphy/ptII/ptolemy/actor/lib/test/auto/TimeGap.xml
2 ms. Memory: 604160K Free: 457545K (76%)
----------------- Invoking toplevel() on ptolemy.moml.MoMLSimpleApplication@2ea5f37e
----------------- Done invoking toplevel() on ptolemy.moml.MoMLSimpleApplication@2ea5f37e
reloadAllAccessors: .TimeGap

===========================================================================================
----------------- testing Mon Nov 04 06:16:02 UTC 2019 /home/travis/build/icyphy/ptII/ptolemy/actor/lib/test/auto/TimeGap2.xml
----------------- Instantiating /home/travis/build/icyphy/ptII/ptolemy/actor/lib/test/auto/TimeGap2.xml
4 ms. Memory: 604160K Free: 451401K (75%)
----------------- Invoking toplevel() on ptolemy.moml.MoMLSimpleApplication@4e7cb957
----------------- Done invoking toplevel() on ptolemy.moml.MoMLSimpleApplication@4e7cb957
reloadAllAccessors: .TimeGap2

===========================================================================================
----------------- testing Mon Nov 04 06:16:02 UTC 2019 /home/travis/build/icyphy/ptII/ptolemy/actor/lib/test/auto/TimedSinewave.xml
----------------- Instantiating /home/travis/build/icyphy/ptII/ptolemy/actor/lib/test/auto/TimedSinewave.xml
17 ms. Memory: 604160K Free: 437609K (72%)
----------------- Invoking toplevel() on ptolemy.moml.MoMLSimpleApplication@382140cd
----------------- Done invoking toplevel() on ptolemy.moml.MoMLSimpleApplication@382140cd
reloadAllAccessors: .TimedSinewave

===========================================================================================
----------------- testing Mon Nov 04 06:16:02 UTC 2019 /home/travis/build/icyphy/ptII/ptolemy/actor/lib/test/auto/TimedSinewavePhase.xml
----------------- Instantiating /home/travis/build/icyphy/ptII/ptolemy/actor/lib/test/auto/TimedSinewavePhase.xml
11 ms. Memory: 604160K Free: 427879K (71%)
----------------- Invoking toplevel() on ptolemy.moml.MoMLSimpleApplication@67481843
----------------- Done invoking toplevel() on ptolemy.moml.MoMLSimpleApplication@67481843
reloadAllAccessors: .TimedSinewavePhase

===========================================================================================
----------------- testing Mon Nov 04 06:16:02 UTC 2019 /home/travis/build/icyphy/ptII/ptolemy/actor/lib/test/auto/Timer.xml
----------------- Instantiating /home/travis/build/icyphy/ptII/ptolemy/actor/lib/test/auto/Timer.xml
2 ms. Memory: 604160K Free: 422249K (70%)
----------------- Invoking toplevel() on ptolemy.moml.MoMLSimpleApplication@7a099fc1
----------------- Done invoking toplevel() on ptolemy.moml.MoMLSimpleApplication@7a099fc1
reloadAllAccessors: .Timer

===========================================================================================
----------------- testing Mon Nov 04 06:16:02 UTC 2019 /home/travis/build/icyphy/ptII/ptolemy/actor/lib/test/auto/TriangularDistTestModel.xml
----------------- Instantiating /home/travis/build/icyphy/ptII/ptolemy/actor/lib/test/auto/TriangularDistTestModel.xml
3 ms. Memory: 604160K Free: 416105K (69%)
----------------- Invoking toplevel() on ptolemy.moml.MoMLSimpleApplication@4139b429
----------------- Done invoking toplevel() on ptolemy.moml.MoMLSimpleApplication@4139b429
reloadAllAccessors: .TriangularDistTestModel

===========================================================================================
----------------- testing Mon Nov 04 06:16:02 UTC 2019 /home/travis/build/icyphy/ptII/ptolemy/actor/lib/test/auto/TrigFunction.xml
----------------- Instantiating /home/travis/build/icyphy/ptII/ptolemy/actor/lib/test/auto/TrigFunction.xml
1 ms. Memory: 604160K Free: 411495K (68%)
----------------- Invoking toplevel() on ptolemy.moml.MoMLSimpleApplication@2e07ed27
----------------- Done invoking toplevel() on ptolemy.moml.MoMLSimpleApplication@2e07ed27
reloadAllAccessors: .TrigFunction

===========================================================================================
----------------- testing Mon Nov 04 06:16:02 UTC 2019 /home/travis/build/icyphy/ptII/ptolemy/actor/lib/test/auto/TrigFunctionDE.xml
----------------- Instantiating /home/travis/build/icyphy/ptII/ptolemy/actor/lib/test/auto/TrigFunctionDE.xml
2 ms. Memory: 604160K Free: 405865K (67%)
----------------- Invoking toplevel() on ptolemy.moml.MoMLSimpleApplication@834089
----------------- Done invoking toplevel() on ptolemy.moml.MoMLSimpleApplication@834089
reloadAllAccessors: .TrigFunctionDE

===========================================================================================
----------------- testing Mon Nov 04 06:16:02 UTC 2019 /home/travis/build/icyphy/ptII/ptolemy/actor/lib/test/auto/TrigFunctionInverse.xml
----------------- Instantiating /home/travis/build/icyphy/ptII/ptolemy/actor/lib/test/auto/TrigFunctionInverse.xml
2 ms. Memory: 604160K Free: 400745K (66%)
----------------- Invoking toplevel() on ptolemy.moml.MoMLSimpleApplication@3e65c593
----------------- Done invoking toplevel() on ptolemy.moml.MoMLSimpleApplication@3e65c593
reloadAllAccessors: .TrigFunctionInverse

===========================================================================================
----------------- testing Mon Nov 04 06:16:02 UTC 2019 /home/travis/build/icyphy/ptII/ptolemy/actor/lib/test/auto/TrigFunctionTan.xml
----------------- Instantiating /home/travis/build/icyphy/ptII/ptolemy/actor/lib/test/auto/TrigFunctionTan.xml
2 ms. Memory: 604160K Free: 395625K (65%)
----------------- Invoking toplevel() on ptolemy.moml.MoMLSimpleApplication@7f36c8e3
----------------- Done invoking toplevel() on ptolemy.moml.MoMLSimpleApplication@7f36c8e3
reloadAllAccessors: .TrigFunctionTan

===========================================================================================
----------------- testing Mon Nov 04 06:16:02 UTC 2019 /home/travis/build/icyphy/ptII/ptolemy/actor/lib/test/auto/TriggeredClock.xml
----------------- Instantiating /home/travis/build/icyphy/ptII/ptolemy/actor/lib/test/auto/TriggeredClock.xml
2 ms. Memory: 604160K Free: 390505K (65%)
----------------- Invoking toplevel() on ptolemy.moml.MoMLSimpleApplication@40ab5891
----------------- Done invoking toplevel() on ptolemy.moml.MoMLSimpleApplication@40ab5891
reloadAllAccessors: .TriggeredClock

===========================================================================================
----------------- testing Mon Nov 04 06:16:02 UTC 2019 /home/travis/build/icyphy/ptII/ptolemy/actor/lib/test/auto/URLDirectoryReader.xml
----------------- Instantiating /home/travis/build/icyphy/ptII/ptolemy/actor/lib/test/auto/URLDirectoryReader.xml
58 ms. Memory: 604160K Free: 381289K (63%)
----------------- Invoking toplevel() on ptolemy.moml.MoMLSimpleApplication@2000c647
----------------- Done invoking toplevel() on ptolemy.moml.MoMLSimpleApplication@2000c647
reloadAllAccessors: .URLDirectoryReader

===========================================================================================
----------------- testing Mon Nov 04 06:16:02 UTC 2019 /home/travis/build/icyphy/ptII/ptolemy/actor/lib/test/auto/URLDirectoryReader3.xml
----------------- Instantiating /home/travis/build/icyphy/ptII/ptolemy/actor/lib/test/auto/URLDirectoryReader3.xml
1152 ms. Memory: 604160K Free: 544190K (90%)
----------------- Invoking toplevel() on ptolemy.moml.MoMLSimpleApplication@4ee74a39
----------------- Done invoking toplevel() on ptolemy.moml.MoMLSimpleApplication@4ee74a39
reloadAllAccessors: .URLDirectoryReader3

===========================================================================================
----------------- testing Mon Nov 04 06:16:04 UTC 2019 /home/travis/build/icyphy/ptII/ptolemy/actor/lib/test/auto/UnaryMathFunction.xml
----------------- Instantiating /home/travis/build/icyphy/ptII/ptolemy/actor/lib/test/auto/UnaryMathFunction.xml
3 ms. Memory: 604160K Free: 536424K (89%)
----------------- Invoking toplevel() on ptolemy.moml.MoMLSimpleApplication@74b17f3
----------------- Done invoking toplevel() on ptolemy.moml.MoMLSimpleApplication@74b17f3
reloadAllAccessors: .UnaryMathFunction

===========================================================================================
----------------- testing Mon Nov 04 06:16:04 UTC 2019 /home/travis/build/icyphy/ptII/ptolemy/actor/lib/test/auto/Uniform.xml
----------------- Instantiating /home/travis/build/icyphy/ptII/ptolemy/actor/lib/test/auto/Uniform.xml
2 ms. Memory: 604160K Free: 531818K (88%)
----------------- Invoking toplevel() on ptolemy.moml.MoMLSimpleApplication@75ff61d7
----------------- Done invoking toplevel() on ptolemy.moml.MoMLSimpleApplication@75ff61d7
reloadAllAccessors: .Uniform

===========================================================================================
----------------- testing Mon Nov 04 06:16:04 UTC 2019 /home/travis/build/icyphy/ptII/ptolemy/actor/lib/test/auto/UnionDisassemblerTest.xml
----------------- Instantiating /home/travis/build/icyphy/ptII/ptolemy/actor/lib/test/auto/UnionDisassemblerTest.xml
8 ms. Memory: 604160K Free: 528232K (87%)
----------------- Invoking toplevel() on ptolemy.moml.MoMLSimpleApplication@3f287c02
----------------- Done invoking toplevel() on ptolemy.moml.MoMLSimpleApplication@3f287c02
reloadAllAccessors: .UnionDisassemblerTest

===========================================================================================
----------------- testing Mon Nov 04 06:16:04 UTC 2019 /home/travis/build/icyphy/ptII/ptolemy/actor/lib/test/auto/UtilityFunctions.xml
----------------- Instantiating /home/travis/build/icyphy/ptII/ptolemy/actor/lib/test/auto/UtilityFunctions.xml
1 ms. Memory: 604160K Free: 523626K (87%)
----------------- Invoking toplevel() on ptolemy.moml.MoMLSimpleApplication@23a0a41d
----------------- Done invoking toplevel() on ptolemy.moml.MoMLSimpleApplication@23a0a41d
reloadAllAccessors: .UtilityFunctions

===========================================================================================
----------------- testing Mon Nov 04 06:16:04 UTC 2019 /home/travis/build/icyphy/ptII/ptolemy/actor/lib/test/auto/VariableSleep.xml
----------------- Instantiating /home/travis/build/icyphy/ptII/ptolemy/actor/lib/test/auto/VariableSleep.xml
503 ms. Memory: 604160K Free: 518506K (86%)
----------------- Invoking toplevel() on ptolemy.moml.MoMLSimpleApplication@331feedc
----------------- Done invoking toplevel() on ptolemy.moml.MoMLSimpleApplication@331feedc
reloadAllAccessors: .VariableSleep

===========================================================================================
----------------- testing Mon Nov 04 06:16:04 UTC 2019 /home/travis/build/icyphy/ptII/ptolemy/actor/lib/test/auto/VectorAssemblerDisassemblerCT.xml
----------------- Instantiating /home/travis/build/icyphy/ptII/ptolemy/actor/lib/test/auto/VectorAssemblerDisassemblerCT.xml
66 ms. Memory: 604160K Free: 498536K (83%)
----------------- Invoking toplevel() on ptolemy.moml.MoMLSimpleApplication@1c18202b
----------------- Done invoking toplevel() on ptolemy.moml.MoMLSimpleApplication@1c18202b
reloadAllAccessors: .VectorAssemblerDisassemblerCT

===========================================================================================
----------------- testing Mon Nov 04 06:16:05 UTC 2019 /home/travis/build/icyphy/ptII/ptolemy/actor/lib/test/auto/VectorAssemblerDisassemblerDE.xml
----------------- Instantiating /home/travis/build/icyphy/ptII/ptolemy/actor/lib/test/auto/VectorAssemblerDisassemblerDE.xml
2 ms. Memory: 604160K Free: 491368K (81%)
----------------- Invoking toplevel() on ptolemy.moml.MoMLSimpleApplication@394fb37c
----------------- Done invoking toplevel() on ptolemy.moml.MoMLSimpleApplication@394fb37c
reloadAllAccessors: .VectorAssemblerDisassemblerDE

===========================================================================================
----------------- testing Mon Nov 04 06:16:05 UTC 2019 /home/travis/build/icyphy/ptII/ptolemy/actor/lib/test/auto/VectorAssemblerDisassemblerSDF.xml
----------------- Instantiating /home/travis/build/icyphy/ptII/ptolemy/actor/lib/test/auto/VectorAssemblerDisassemblerSDF.xml
2 ms. Memory: 604160K Free: 484714K (80%)
----------------- Invoking toplevel() on ptolemy.moml.MoMLSimpleApplication@9079899
----------------- Done invoking toplevel() on ptolemy.moml.MoMLSimpleApplication@9079899
reloadAllAccessors: .VectorAssemblerDisassemblerSDF

===========================================================================================
----------------- testing Mon Nov 04 06:16:05 UTC 2019 /home/travis/build/icyphy/ptII/ptolemy/actor/lib/test/auto/WallClockTime.xml
----------------- Instantiating /home/travis/build/icyphy/ptII/ptolemy/actor/lib/test/auto/WallClockTime.xml
1004 ms. Memory: 604160K Free: 479594K (79%)
----------------- Invoking toplevel() on ptolemy.moml.MoMLSimpleApplication@55e1c011
----------------- Done invoking toplevel() on ptolemy.moml.MoMLSimpleApplication@55e1c011
reloadAllAccessors: .WallClockTime

===========================================================================================
----------------- testing Mon Nov 04 06:16:06 UTC 2019 /home/travis/build/icyphy/ptII/ptolemy/actor/lib/test/auto/WidthTestWithSubscriberPublisher.xml
----------------- Instantiating /home/travis/build/icyphy/ptII/ptolemy/actor/lib/test/auto/WidthTestWithSubscriberPublisher.xml
7 ms. Memory: 604160K Free: 462186K (77%)
----------------- Invoking toplevel() on ptolemy.moml.MoMLSimpleApplication@520bd285
----------------- Done invoking toplevel() on ptolemy.moml.MoMLSimpleApplication@520bd285
reloadAllAccessors: .WidthTestWithSubscriberPublisher

===========================================================================================
----------------- testing Mon Nov 04 06:16:06 UTC 2019 /home/travis/build/icyphy/ptII/ptolemy/actor/lib/test/auto/WidthTestWithSubscriberPublisher2.xml
----------------- Instantiating /home/travis/build/icyphy/ptII/ptolemy/actor/lib/test/auto/WidthTestWithSubscriberPublisher2.xml
2 ms. Memory: 604160K Free: 455528K (75%)
----------------- Invoking toplevel() on ptolemy.moml.MoMLSimpleApplication@1591fdd8
----------------- Done invoking toplevel() on ptolemy.moml.MoMLSimpleApplication@1591fdd8
reloadAllAccessors: .WidthTestWithSubscriberPublisher2

===========================================================================================
----------------- testing Mon Nov 04 06:16:06 UTC 2019 /home/travis/build/icyphy/ptII/ptolemy/actor/lib/test/auto/WidthTestWithSubscriberPublisher3.xml
----------------- Instantiating /home/travis/build/icyphy/ptII/ptolemy/actor/lib/test/auto/WidthTestWithSubscriberPublisher3.xml
2 ms. Memory: 604160K Free: 449898K (74%)
----------------- Invoking toplevel() on ptolemy.moml.MoMLSimpleApplication@738eac1e
----------------- Done invoking toplevel() on ptolemy.moml.MoMLSimpleApplication@738eac1e
reloadAllAccessors: .WidthTestWithSubscriberPublisher3

===========================================================================================
----------------- testing Mon Nov 04 06:16:06 UTC 2019 /home/travis/build/icyphy/ptII/ptolemy/actor/lib/test/auto/Writer.xml
----------------- Instantiating /home/travis/build/icyphy/ptII/ptolemy/actor/lib/test/auto/Writer.xml
0
1
2
3
4
1 ms. Memory: 604160K Free: 445802K (74%)
----------------- Invoking toplevel() on ptolemy.moml.MoMLSimpleApplication@5d6c419e
----------------- Done invoking toplevel() on ptolemy.moml.MoMLSimpleApplication@5d6c419e
reloadAllAccessors: .Writer

===========================================================================================
----------------- testing Mon Nov 04 06:16:06 UTC 2019 /home/travis/build/icyphy/ptII/ptolemy/actor/lib/test/auto/array.xml
----------------- Instantiating /home/travis/build/icyphy/ptII/ptolemy/actor/lib/test/auto/array.xml
1 ms. Memory: 604160K Free: 441192K (73%)
----------------- Invoking toplevel() on ptolemy.moml.MoMLSimpleApplication@35db0646
----------------- Done invoking toplevel() on ptolemy.moml.MoMLSimpleApplication@35db0646
reloadAllAccessors: .array

===========================================================================================
----------------- testing Mon Nov 04 06:16:06 UTC 2019 /home/travis/build/icyphy/ptII/ptolemy/actor/lib/test/auto/array2.xml
----------------- Instantiating /home/travis/build/icyphy/ptII/ptolemy/actor/lib/test/auto/array2.xml
9 ms. Memory: 604160K Free: 435562K (72%)
----------------- Invoking toplevel() on ptolemy.moml.MoMLSimpleApplication@1fa98315
----------------- Done invoking toplevel() on ptolemy.moml.MoMLSimpleApplication@1fa98315
reloadAllAccessors: .array2

===========================================================================================
----------------- testing Mon Nov 04 06:16:06 UTC 2019 /home/travis/build/icyphy/ptII/ptolemy/actor/lib/test/auto/arrayType.xml
----------------- Instantiating /home/travis/build/icyphy/ptII/ptolemy/actor/lib/test/auto/arrayType.xml
1 ms. Memory: 604160K Free: 430442K (71%)
----------------- Invoking toplevel() on ptolemy.moml.MoMLSimpleApplication@64a96d7b
----------------- Done invoking toplevel() on ptolemy.moml.MoMLSimpleApplication@64a96d7b
reloadAllAccessors: .arrayType

===========================================================================================
----------------- testing Mon Nov 04 06:16:06 UTC 2019 /home/travis/build/icyphy/ptII/ptolemy/actor/lib/test/auto/arrayType10.xml
----------------- Instantiating /home/travis/build/icyphy/ptII/ptolemy/actor/lib/test/auto/arrayType10.xml
1 ms. Memory: 604160K Free: 425832K (70%)
----------------- Invoking toplevel() on ptolemy.moml.MoMLSimpleApplication@5088d53b
----------------- Done invoking toplevel() on ptolemy.moml.MoMLSimpleApplication@5088d53b
reloadAllAccessors: .arrayType10

===========================================================================================
----------------- testing Mon Nov 04 06:16:06 UTC 2019 /home/travis/build/icyphy/ptII/ptolemy/actor/lib/test/auto/arrayType11.xml
----------------- Instantiating /home/travis/build/icyphy/ptII/ptolemy/actor/lib/test/auto/arrayType11.xml
1 ms. Memory: 604160K Free: 420712K (70%)
----------------- Invoking toplevel() on ptolemy.moml.MoMLSimpleApplication@7b73c8b2
----------------- Done invoking toplevel() on ptolemy.moml.MoMLSimpleApplication@7b73c8b2
reloadAllAccessors: .arrayType11

===========================================================================================
----------------- testing Mon Nov 04 06:16:06 UTC 2019 /home/travis/build/icyphy/ptII/ptolemy/actor/lib/test/auto/arrayType12.xml
----------------- Instantiating /home/travis/build/icyphy/ptII/ptolemy/actor/lib/test/auto/arrayType12.xml
2 ms. Memory: 604160K Free: 416106K (69%)
----------------- Invoking toplevel() on ptolemy.moml.MoMLSimpleApplication@13c0e517
----------------- Done invoking toplevel() on ptolemy.moml.MoMLSimpleApplication@13c0e517
reloadAllAccessors: .arrayType12

===========================================================================================
----------------- testing Mon Nov 04 06:16:06 UTC 2019 /home/travis/build/icyphy/ptII/ptolemy/actor/lib/test/auto/arrayType13.xml
----------------- Instantiating /home/travis/build/icyphy/ptII/ptolemy/actor/lib/test/auto/arrayType13.xml
1 ms. Memory: 604160K Free: 410986K (68%)
----------------- Invoking toplevel() on ptolemy.moml.MoMLSimpleApplication@37e8e70a
----------------- Done invoking toplevel() on ptolemy.moml.MoMLSimpleApplication@37e8e70a
reloadAllAccessors: .arrayType13

===========================================================================================
----------------- testing Mon Nov 04 06:16:06 UTC 2019 /home/travis/build/icyphy/ptII/ptolemy/actor/lib/test/auto/arrayType14.xml
----------------- Instantiating /home/travis/build/icyphy/ptII/ptolemy/actor/lib/test/auto/arrayType14.xml
1 ms. Memory: 604160K Free: 405352K (67%)
----------------- Invoking toplevel() on ptolemy.moml.MoMLSimpleApplication@46de0a37
----------------- Done invoking toplevel() on ptolemy.moml.MoMLSimpleApplication@46de0a37
reloadAllAccessors: .arrayType14

===========================================================================================
----------------- testing Mon Nov 04 06:16:06 UTC 2019 /home/travis/build/icyphy/ptII/ptolemy/actor/lib/test/auto/arrayType15.xml
----------------- Instantiating /home/travis/build/icyphy/ptII/ptolemy/actor/lib/test/auto/arrayType15.xml
2 ms. Memory: 604160K Free: 400232K (66%)
----------------- Invoking toplevel() on ptolemy.moml.MoMLSimpleApplication@98f7878
----------------- Done invoking toplevel() on ptolemy.moml.MoMLSimpleApplication@98f7878
reloadAllAccessors: .arrayType15

===========================================================================================
----------------- testing Mon Nov 04 06:16:06 UTC 2019 /home/travis/build/icyphy/ptII/ptolemy/actor/lib/test/auto/arrayType16.xml
----------------- Instantiating /home/travis/build/icyphy/ptII/ptolemy/actor/lib/test/auto/arrayType16.xml
1 ms. Memory: 604160K Free: 395112K (65%)
----------------- Invoking toplevel() on ptolemy.moml.MoMLSimpleApplication@1e5643ed
----------------- Done invoking toplevel() on ptolemy.moml.MoMLSimpleApplication@1e5643ed
reloadAllAccessors: .arrayType16

===========================================================================================
----------------- testing Mon Nov 04 06:16:06 UTC 2019 /home/travis/build/icyphy/ptII/ptolemy/actor/lib/test/auto/arrayType17.xml
----------------- Instantiating /home/travis/build/icyphy/ptII/ptolemy/actor/lib/test/auto/arrayType17.xml
1 ms. Memory: 604160K Free: 389482K (64%)
----------------- Invoking toplevel() on ptolemy.moml.MoMLSimpleApplication@57f8a898
----------------- Done invoking toplevel() on ptolemy.moml.MoMLSimpleApplication@57f8a898
reloadAllAccessors: .arrayType17

===========================================================================================
----------------- testing Mon Nov 04 06:16:06 UTC 2019 /home/travis/build/icyphy/ptII/ptolemy/actor/lib/test/auto/arrayType18.xml
----------------- Instantiating /home/travis/build/icyphy/ptII/ptolemy/actor/lib/test/auto/arrayType18.xml
1 ms. Memory: 604160K Free: 384872K (64%)
----------------- Invoking toplevel() on ptolemy.moml.MoMLSimpleApplication@797f8395
----------------- Done invoking toplevel() on ptolemy.moml.MoMLSimpleApplication@797f8395
reloadAllAccessors: .arrayType18

===========================================================================================
----------------- testing Mon Nov 04 06:16:06 UTC 2019 /home/travis/build/icyphy/ptII/ptolemy/actor/lib/test/auto/arrayType19.xml
----------------- Instantiating /home/travis/build/icyphy/ptII/ptolemy/actor/lib/test/auto/arrayType19.xml
1 ms. Memory: 604160K Free: 380266K (63%)
----------------- Invoking toplevel() on ptolemy.moml.MoMLSimpleApplication@5e3e7fa5
----------------- Done invoking toplevel() on ptolemy.moml.MoMLSimpleApplication@5e3e7fa5
reloadAllAccessors: .arrayType19

===========================================================================================
----------------- testing Mon Nov 04 06:16:06 UTC 2019 /home/travis/build/icyphy/ptII/ptolemy/actor/lib/test/auto/arrayType2.xml
----------------- Instantiating /home/travis/build/icyphy/ptII/ptolemy/actor/lib/test/auto/arrayType2.xml
2 ms. Memory: 604160K Free: 374632K (62%)
----------------- Invoking toplevel() on ptolemy.moml.MoMLSimpleApplication@45c8b8a6
----------------- Done invoking toplevel() on ptolemy.moml.MoMLSimpleApplication@45c8b8a6
reloadAllAccessors: .arrayType2

===========================================================================================
----------------- testing Mon Nov 04 06:16:06 UTC 2019 /home/travis/build/icyphy/ptII/ptolemy/actor/lib/test/auto/arrayType20.xml
----------------- Instantiating /home/travis/build/icyphy/ptII/ptolemy/actor/lib/test/auto/arrayType20.xml
1 ms. Memory: 604160K Free: 370026K (61%)
----------------- Invoking toplevel() on ptolemy.moml.MoMLSimpleApplication@70119047
----------------- Done invoking toplevel() on ptolemy.moml.MoMLSimpleApplication@70119047
reloadAllAccessors: .arrayType20

===========================================================================================
----------------- testing Mon Nov 04 06:16:06 UTC 2019 /home/travis/build/icyphy/ptII/ptolemy/actor/lib/test/auto/arrayType21.xml
----------------- Instantiating /home/travis/build/icyphy/ptII/ptolemy/actor/lib/test/auto/arrayType21.xml
2 ms. Memory: 604160K Free: 365416K (60%)
----------------- Invoking toplevel() on ptolemy.moml.MoMLSimpleApplication@4eada9f1
----------------- Done invoking toplevel() on ptolemy.moml.MoMLSimpleApplication@4eada9f1
reloadAllAccessors: .arrayType21

===========================================================================================
----------------- testing Mon Nov 04 06:16:06 UTC 2019 /home/travis/build/icyphy/ptII/ptolemy/actor/lib/test/auto/arrayType22.xml
----------------- Instantiating /home/travis/build/icyphy/ptII/ptolemy/actor/lib/test/auto/arrayType22.xml
1 ms. Memory: 604160K Free: 360296K (60%)
----------------- Invoking toplevel() on ptolemy.moml.MoMLSimpleApplication@52b05e33
----------------- Done invoking toplevel() on ptolemy.moml.MoMLSimpleApplication@52b05e33
reloadAllAccessors: .arrayType22

===========================================================================================
----------------- testing Mon Nov 04 06:16:06 UTC 2019 /home/travis/build/icyphy/ptII/ptolemy/actor/lib/test/auto/arrayType23.xml
----------------- Instantiating /home/travis/build/icyphy/ptII/ptolemy/actor/lib/test/auto/arrayType23.xml
1 ms. Memory: 604160K Free: 355690K (59%)
----------------- Invoking toplevel() on ptolemy.moml.MoMLSimpleApplication@53ddc74e
----------------- Done invoking toplevel() on ptolemy.moml.MoMLSimpleApplication@53ddc74e
reloadAllAccessors: .arrayType23

===========================================================================================
----------------- testing Mon Nov 04 06:16:06 UTC 2019 /home/travis/build/icyphy/ptII/ptolemy/actor/lib/test/auto/arrayType24.xml
----------------- Instantiating /home/travis/build/icyphy/ptII/ptolemy/actor/lib/test/auto/arrayType24.xml
2 ms. Memory: 604160K Free: 351080K (58%)
----------------- Invoking toplevel() on ptolemy.moml.MoMLSimpleApplication@36566d1c
----------------- Done invoking toplevel() on ptolemy.moml.MoMLSimpleApplication@36566d1c
reloadAllAccessors: .arrayType24

===========================================================================================
----------------- testing Mon Nov 04 06:16:06 UTC 2019 /home/travis/build/icyphy/ptII/ptolemy/actor/lib/test/auto/arrayType25.xml
----------------- Instantiating /home/travis/build/icyphy/ptII/ptolemy/actor/lib/test/auto/arrayType25.xml
1 ms. Memory: 604160K Free: 345450K (57%)
----------------- Invoking toplevel() on ptolemy.moml.MoMLSimpleApplication@4b6ba3cc
----------------- Done invoking toplevel() on ptolemy.moml.MoMLSimpleApplication@4b6ba3cc
reloadAllAccessors: .arrayType25

===========================================================================================
----------------- testing Mon Nov 04 06:16:06 UTC 2019 /home/travis/build/icyphy/ptII/ptolemy/actor/lib/test/auto/arrayType26.xml
----------------- Instantiating /home/travis/build/icyphy/ptII/ptolemy/actor/lib/test/auto/arrayType26.xml
1 ms. Memory: 604160K Free: 340330K (56%)
----------------- Invoking toplevel() on ptolemy.moml.MoMLSimpleApplication@1e85b71d
----------------- Done invoking toplevel() on ptolemy.moml.MoMLSimpleApplication@1e85b71d
reloadAllAccessors: .arrayType26

===========================================================================================
----------------- testing Mon Nov 04 06:16:06 UTC 2019 /home/travis/build/icyphy/ptII/ptolemy/actor/lib/test/auto/arrayType27.xml
----------------- Instantiating /home/travis/build/icyphy/ptII/ptolemy/actor/lib/test/auto/arrayType27.xml
3 ms. Memory: 604160K Free: 335210K (55%)
----------------- Invoking toplevel() on ptolemy.moml.MoMLSimpleApplication@5a291996
----------------- Done invoking toplevel() on ptolemy.moml.MoMLSimpleApplication@5a291996
reloadAllAccessors: .arrayType27

===========================================================================================
----------------- testing Mon Nov 04 06:16:06 UTC 2019 /home/travis/build/icyphy/ptII/ptolemy/actor/lib/test/auto/arrayType28.xml
----------------- Instantiating /home/travis/build/icyphy/ptII/ptolemy/actor/lib/test/auto/arrayType28.xml
2 ms. Memory: 604160K Free: 329576K (55%)
----------------- Invoking toplevel() on ptolemy.moml.MoMLSimpleApplication@75d12568
----------------- Done invoking toplevel() on ptolemy.moml.MoMLSimpleApplication@75d12568
reloadAllAccessors: .arrayType28

===========================================================================================
----------------- testing Mon Nov 04 06:16:06 UTC 2019 /home/travis/build/icyphy/ptII/ptolemy/actor/lib/test/auto/arrayType3.xml
----------------- Instantiating /home/travis/build/icyphy/ptII/ptolemy/actor/lib/test/auto/arrayType3.xml
5 ms. Memory: 604160K Free: 324442K (54%)
----------------- Invoking toplevel() on ptolemy.moml.MoMLSimpleApplication@33d33fe2
----------------- Done invoking toplevel() on ptolemy.moml.MoMLSimpleApplication@33d33fe2
reloadAllAccessors: .arrayType3

===========================================================================================
----------------- testing Mon Nov 04 06:16:06 UTC 2019 /home/travis/build/icyphy/ptII/ptolemy/actor/lib/test/auto/arrayType4.xml
----------------- Instantiating /home/travis/build/icyphy/ptII/ptolemy/actor/lib/test/auto/arrayType4.xml
1 ms. Memory: 604160K Free: 318826K (53%)
----------------- Invoking toplevel() on ptolemy.moml.MoMLSimpleApplication@12082da0
----------------- Done invoking toplevel() on ptolemy.moml.MoMLSimpleApplication@12082da0
reloadAllAccessors: .arrayType4

===========================================================================================
----------------- testing Mon Nov 04 06:16:06 UTC 2019 /home/travis/build/icyphy/ptII/ptolemy/actor/lib/test/auto/arrayType5.xml
----------------- Instantiating /home/travis/build/icyphy/ptII/ptolemy/actor/lib/test/auto/arrayType5.xml
1 ms. Memory: 604160K Free: 313706K (52%)
----------------- Invoking toplevel() on ptolemy.moml.MoMLSimpleApplication@793c74e7
----------------- Done invoking toplevel() on ptolemy.moml.MoMLSimpleApplication@793c74e7
reloadAllAccessors: .arrayType5

===========================================================================================
----------------- testing Mon Nov 04 06:16:06 UTC 2019 /home/travis/build/icyphy/ptII/ptolemy/actor/lib/test/auto/arrayType6.xml
----------------- Instantiating /home/travis/build/icyphy/ptII/ptolemy/actor/lib/test/auto/arrayType6.xml
2 ms. Memory: 604160K Free: 309096K (51%)
----------------- Invoking toplevel() on ptolemy.moml.MoMLSimpleApplication@3805a59d
----------------- Done invoking toplevel() on ptolemy.moml.MoMLSimpleApplication@3805a59d
reloadAllAccessors: .arrayType6

===========================================================================================
----------------- testing Mon Nov 04 06:16:06 UTC 2019 /home/travis/build/icyphy/ptII/ptolemy/actor/lib/test/auto/arrayType7.xml
----------------- Instantiating /home/travis/build/icyphy/ptII/ptolemy/actor/lib/test/auto/arrayType7.xml
1 ms. Memory: 604160K Free: 303976K (50%)
----------------- Invoking toplevel() on ptolemy.moml.MoMLSimpleApplication@6c4b17e8
----------------- Done invoking toplevel() on ptolemy.moml.MoMLSimpleApplication@6c4b17e8
reloadAllAccessors: .arrayType7

===========================================================================================
----------------- testing Mon Nov 04 06:16:06 UTC 2019 /home/travis/build/icyphy/ptII/ptolemy/actor/lib/test/auto/arrayType8.xml
----------------- Instantiating /home/travis/build/icyphy/ptII/ptolemy/actor/lib/test/auto/arrayType8.xml
6 ms. Memory: 604160K Free: 299370K (50%)
----------------- Invoking toplevel() on ptolemy.moml.MoMLSimpleApplication@561b53c0
----------------- Done invoking toplevel() on ptolemy.moml.MoMLSimpleApplication@561b53c0
reloadAllAccessors: .arrayType8

===========================================================================================
----------------- testing Mon Nov 04 06:16:06 UTC 2019 /home/travis/build/icyphy/ptII/ptolemy/actor/lib/test/auto/arrayType9.xml
----------------- Instantiating /home/travis/build/icyphy/ptII/ptolemy/actor/lib/test/auto/arrayType9.xml
1 ms. Memory: 604160K Free: 294760K (49%)
----------------- Invoking toplevel() on ptolemy.moml.MoMLSimpleApplication@47a041f
----------------- Done invoking toplevel() on ptolemy.moml.MoMLSimpleApplication@47a041f
reloadAllAccessors: .arrayType9

===========================================================================================
----------------- testing Mon Nov 04 06:16:06 UTC 2019 /home/travis/build/icyphy/ptII/ptolemy/actor/lib/test/auto/cast.xml
----------------- Instantiating /home/travis/build/icyphy/ptII/ptolemy/actor/lib/test/auto/cast.xml
12 ms. Memory: 604160K Free: 289640K (48%)
----------------- Invoking toplevel() on ptolemy.moml.MoMLSimpleApplication@52ac6335
----------------- Done invoking toplevel() on ptolemy.moml.MoMLSimpleApplication@52ac6335
reloadAllAccessors: .cast

===========================================================================================
----------------- testing Mon Nov 04 06:16:06 UTC 2019 /home/travis/build/icyphy/ptII/ptolemy/actor/lib/test/auto/compositeMultiPort.xml
----------------- Instantiating /home/travis/build/icyphy/ptII/ptolemy/actor/lib/test/auto/compositeMultiPort.xml
3 ms. Memory: 604160K Free: 280938K (47%)
----------------- Invoking toplevel() on ptolemy.moml.MoMLSimpleApplication@730f983c
----------------- Done invoking toplevel() on ptolemy.moml.MoMLSimpleApplication@730f983c
reloadAllAccessors: .compositeMultiPort

===========================================================================================
----------------- testing Mon Nov 04 06:16:06 UTC 2019 /home/travis/build/icyphy/ptII/ptolemy/actor/lib/test/auto/expressionCastInference.xml
----------------- Instantiating /home/travis/build/icyphy/ptII/ptolemy/actor/lib/test/auto/expressionCastInference.xml
2 ms. Memory: 604160K Free: 275818K (46%)
----------------- Invoking toplevel() on ptolemy.moml.MoMLSimpleApplication@64f5617a
----------------- Done invoking toplevel() on ptolemy.moml.MoMLSimpleApplication@64f5617a
reloadAllAccessors: .expressionCastInference

===========================================================================================
----------------- testing Mon Nov 04 06:16:06 UTC 2019 /home/travis/build/icyphy/ptII/ptolemy/actor/lib/test/auto/expressionCastInference2.xml
----------------- Instantiating /home/travis/build/icyphy/ptII/ptolemy/actor/lib/test/auto/expressionCastInference2.xml
1 ms. Memory: 604160K Free: 271208K (45%)
----------------- Invoking toplevel() on ptolemy.moml.MoMLSimpleApplication@5749550b
----------------- Done invoking toplevel() on ptolemy.moml.MoMLSimpleApplication@5749550b
reloadAllAccessors: .expressionCastInference2

===========================================================================================
----------------- testing Mon Nov 04 06:16:06 UTC 2019 /home/travis/build/icyphy/ptII/ptolemy/actor/lib/test/auto/expressionInference.xml
----------------- Instantiating /home/travis/build/icyphy/ptII/ptolemy/actor/lib/test/auto/expressionInference.xml
1 ms. Memory: 604160K Free: 267112K (44%)
----------------- Invoking toplevel() on ptolemy.moml.MoMLSimpleApplication@13c61569
----------------- Done invoking toplevel() on ptolemy.moml.MoMLSimpleApplication@13c61569
reloadAllAccessors: .expressionInference

===========================================================================================
----------------- testing Mon Nov 04 06:16:06 UTC 2019 /home/travis/build/icyphy/ptII/ptolemy/actor/lib/test/auto/expression_bug.xml
----------------- Instantiating /home/travis/build/icyphy/ptII/ptolemy/actor/lib/test/auto/expression_bug.xml
1 ms. Memory: 604160K Free: 262506K (43%)
----------------- Invoking toplevel() on ptolemy.moml.MoMLSimpleApplication@509b35e7
----------------- Done invoking toplevel() on ptolemy.moml.MoMLSimpleApplication@509b35e7
reloadAllAccessors: .expression_bug

===========================================================================================
----------------- testing Mon Nov 04 06:16:06 UTC 2019 /home/travis/build/icyphy/ptII/ptolemy/actor/lib/test/auto/factorial.xml
----------------- Instantiating /home/travis/build/icyphy/ptII/ptolemy/actor/lib/test/auto/factorial.xml
37 ms. Memory: 604160K Free: 254313K (42%)
----------------- Invoking toplevel() on ptolemy.moml.MoMLSimpleApplication@3484df7e
----------------- Done invoking toplevel() on ptolemy.moml.MoMLSimpleApplication@3484df7e
reloadAllAccessors: .factorial

===========================================================================================
----------------- testing Mon Nov 04 06:16:06 UTC 2019 /home/travis/build/icyphy/ptII/ptolemy/actor/lib/test/auto/filterTest1.xml
----------------- Instantiating /home/travis/build/icyphy/ptII/ptolemy/actor/lib/test/auto/filterTest1.xml
3 ms. Memory: 604160K Free: 248169K (41%)
----------------- Invoking toplevel() on ptolemy.moml.MoMLSimpleApplication@28c1a89d
----------------- Done invoking toplevel() on ptolemy.moml.MoMLSimpleApplication@28c1a89d
reloadAllAccessors: .filterTest1

===========================================================================================
----------------- testing Mon Nov 04 06:16:06 UTC 2019 /home/travis/build/icyphy/ptII/ptolemy/actor/lib/test/auto/funcApplyInConst.xml
----------------- Instantiating /home/travis/build/icyphy/ptII/ptolemy/actor/lib/test/auto/funcApplyInConst.xml
1 ms. Memory: 604160K Free: 244583K (40%)
----------------- Invoking toplevel() on ptolemy.moml.MoMLSimpleApplication@58ce6bc9
----------------- Done invoking toplevel() on ptolemy.moml.MoMLSimpleApplication@58ce6bc9
reloadAllAccessors: .funcApplyInConst

===========================================================================================
----------------- testing Mon Nov 04 06:16:06 UTC 2019 /home/travis/build/icyphy/ptII/ptolemy/actor/lib/test/auto/funcApplyInExpr.xml
----------------- Instantiating /home/travis/build/icyphy/ptII/ptolemy/actor/lib/test/auto/funcApplyInExpr.xml
2 ms. Memory: 604160K Free: 241001K (40%)
----------------- Invoking toplevel() on ptolemy.moml.MoMLSimpleApplication@44ddbc90
----------------- Done invoking toplevel() on ptolemy.moml.MoMLSimpleApplication@44ddbc90
reloadAllAccessors: .funcApplyInExpr

===========================================================================================
----------------- testing Mon Nov 04 06:16:06 UTC 2019 /home/travis/build/icyphy/ptII/ptolemy/actor/lib/test/auto/function.xml
----------------- Instantiating /home/travis/build/icyphy/ptII/ptolemy/actor/lib/test/auto/function.xml
1 ms. Memory: 604160K Free: 235881K (39%)
----------------- Invoking toplevel() on ptolemy.moml.MoMLSimpleApplication@308aad44
----------------- Done invoking toplevel() on ptolemy.moml.MoMLSimpleApplication@308aad44
reloadAllAccessors: .function

===========================================================================================
----------------- testing Mon Nov 04 06:16:06 UTC 2019 /home/travis/build/icyphy/ptII/ptolemy/actor/lib/test/auto/function2.xml
----------------- Instantiating /home/travis/build/icyphy/ptII/ptolemy/actor/lib/test/auto/function2.xml
2 ms. Memory: 604160K Free: 231271K (38%)
----------------- Invoking toplevel() on ptolemy.moml.MoMLSimpleApplication@79f09b3
----------------- Done invoking toplevel() on ptolemy.moml.MoMLSimpleApplication@79f09b3
reloadAllAccessors: .function2

===========================================================================================
----------------- testing Mon Nov 04 06:16:06 UTC 2019 /home/travis/build/icyphy/ptII/ptolemy/actor/lib/test/auto/function3.xml
----------------- Instantiating /home/travis/build/icyphy/ptII/ptolemy/actor/lib/test/auto/function3.xml
1 ms. Memory: 604160K Free: 227175K (38%)
----------------- Invoking toplevel() on ptolemy.moml.MoMLSimpleApplication@514e6024
----------------- Done invoking toplevel() on ptolemy.moml.MoMLSimpleApplication@514e6024
reloadAllAccessors: .function3

===========================================================================================
----------------- testing Mon Nov 04 06:16:06 UTC 2019 /home/travis/build/icyphy/ptII/ptolemy/actor/lib/test/auto/functionClosureTest1.xml
----------------- Instantiating /home/travis/build/icyphy/ptII/ptolemy/actor/lib/test/auto/functionClosureTest1.xml
1 ms. Memory: 604160K Free: 221545K (37%)
----------------- Invoking toplevel() on ptolemy.moml.MoMLSimpleApplication@4a828389
----------------- Done invoking toplevel() on ptolemy.moml.MoMLSimpleApplication@4a828389
reloadAllAccessors: .functionClosureTest1

===========================================================================================
----------------- testing Mon Nov 04 06:16:06 UTC 2019 /home/travis/build/icyphy/ptII/ptolemy/actor/lib/test/auto/functionClosureTest2.xml
----------------- Instantiating /home/travis/build/icyphy/ptII/ptolemy/actor/lib/test/auto/functionClosureTest2.xml
1 ms. Memory: 604160K Free: 217959K (36%)
----------------- Invoking toplevel() on ptolemy.moml.MoMLSimpleApplication@2214b0dd
----------------- Done invoking toplevel() on ptolemy.moml.MoMLSimpleApplication@2214b0dd
reloadAllAccessors: .functionClosureTest2

===========================================================================================
----------------- testing Mon Nov 04 06:16:06 UTC 2019 /home/travis/build/icyphy/ptII/ptolemy/actor/lib/test/auto/functionClosureTest3.xml
----------------- Instantiating /home/travis/build/icyphy/ptII/ptolemy/actor/lib/test/auto/functionClosureTest3.xml
2 ms. Memory: 604160K Free: 212329K (35%)
----------------- Invoking toplevel() on ptolemy.moml.MoMLSimpleApplication@7f05af42
----------------- Done invoking toplevel() on ptolemy.moml.MoMLSimpleApplication@7f05af42
reloadAllAccessors: .functionClosureTest3

===========================================================================================
----------------- testing Mon Nov 04 06:16:06 UTC 2019 /home/travis/build/icyphy/ptII/ptolemy/actor/lib/test/auto/functionClosureTest4.xml
----------------- Instantiating /home/travis/build/icyphy/ptII/ptolemy/actor/lib/test/auto/functionClosureTest4.xml
4 ms. Memory: 604160K Free: 206185K (34%)
----------------- Invoking toplevel() on ptolemy.moml.MoMLSimpleApplication@27e2118f
----------------- Done invoking toplevel() on ptolemy.moml.MoMLSimpleApplication@27e2118f
reloadAllAccessors: .functionClosureTest4

===========================================================================================
----------------- testing Mon Nov 04 06:16:06 UTC 2019 /home/travis/build/icyphy/ptII/ptolemy/actor/lib/test/auto/functionClosureTest5.xml
----------------- Instantiating /home/travis/build/icyphy/ptII/ptolemy/actor/lib/test/auto/functionClosureTest5.xml
4 ms. Memory: 604160K Free: 548327K (91%)
----------------- Invoking toplevel() on ptolemy.moml.MoMLSimpleApplication@793a5ad6
----------------- Done invoking toplevel() on ptolemy.moml.MoMLSimpleApplication@793a5ad6
reloadAllAccessors: .functionClosureTest5

===========================================================================================
----------------- testing Mon Nov 04 06:16:06 UTC 2019 /home/travis/build/icyphy/ptII/ptolemy/actor/lib/test/auto/functionClosureTest6.xml
----------------- Instantiating /home/travis/build/icyphy/ptII/ptolemy/actor/lib/test/auto/functionClosureTest6.xml
2 ms. Memory: 604160K Free: 543207K (90%)
----------------- Invoking toplevel() on ptolemy.moml.MoMLSimpleApplication@2ceb1bd2
----------------- Done invoking toplevel() on ptolemy.moml.MoMLSimpleApplication@2ceb1bd2
reloadAllAccessors: .functionClosureTest6

===========================================================================================
----------------- testing Mon Nov 04 06:16:06 UTC 2019 /home/travis/build/icyphy/ptII/ptolemy/actor/lib/test/auto/functionsOnArcs.xml
----------------- Instantiating /home/travis/build/icyphy/ptII/ptolemy/actor/lib/test/auto/functionsOnArcs.xml
2 ms. Memory: 604160K Free: 538087K (89%)
----------------- Invoking toplevel() on ptolemy.moml.MoMLSimpleApplication@3990043c
----------------- Done invoking toplevel() on ptolemy.moml.MoMLSimpleApplication@3990043c
reloadAllAccessors: .functionsOnArcs

===========================================================================================
----------------- testing Mon Nov 04 06:16:06 UTC 2019 /home/travis/build/icyphy/ptII/ptolemy/actor/lib/test/auto/functionsOnArcsHOF.xml
----------------- Instantiating /home/travis/build/icyphy/ptII/ptolemy/actor/lib/test/auto/functionsOnArcsHOF.xml
5 ms. Memory: 604160K Free: 531943K (88%)
----------------- Invoking toplevel() on ptolemy.moml.MoMLSimpleApplication@40790864
----------------- Done invoking toplevel() on ptolemy.moml.MoMLSimpleApplication@40790864
reloadAllAccessors: .functionsOnArcsHOF

===========================================================================================
----------------- testing Mon Nov 04 06:16:06 UTC 2019 /home/travis/build/icyphy/ptII/ptolemy/actor/lib/test/auto/logic.xml
----------------- Instantiating /home/travis/build/icyphy/ptII/ptolemy/actor/lib/test/auto/logic.xml
2 ms. Memory: 604160K Free: 524775K (87%)
----------------- Invoking toplevel() on ptolemy.moml.MoMLSimpleApplication@4aa28eb
----------------- Done invoking toplevel() on ptolemy.moml.MoMLSimpleApplication@4aa28eb
reloadAllAccessors: .logic

===========================================================================================
----------------- testing Mon Nov 04 06:16:07 UTC 2019 /home/travis/build/icyphy/ptII/ptolemy/actor/lib/test/auto/matrixType.xml
----------------- Instantiating /home/travis/build/icyphy/ptII/ptolemy/actor/lib/test/auto/matrixType.xml
2 ms. Memory: 604160K Free: 519127K (86%)
----------------- Invoking toplevel() on ptolemy.moml.MoMLSimpleApplication@3752354c
----------------- Done invoking toplevel() on ptolemy.moml.MoMLSimpleApplication@3752354c
reloadAllAccessors: .matrixType

===========================================================================================
----------------- testing Mon Nov 04 06:16:07 UTC 2019 /home/travis/build/icyphy/ptII/ptolemy/actor/lib/test/auto/matrixType10.xml
----------------- Instantiating /home/travis/build/icyphy/ptII/ptolemy/actor/lib/test/auto/matrixType10.xml
2 ms. Memory: 604160K Free: 514535K (85%)
----------------- Invoking toplevel() on ptolemy.moml.MoMLSimpleApplication@6099c6d4
----------------- Done invoking toplevel() on ptolemy.moml.MoMLSimpleApplication@6099c6d4
reloadAllAccessors: .matrixType10

===========================================================================================
----------------- testing Mon Nov 04 06:16:07 UTC 2019 /home/travis/build/icyphy/ptII/ptolemy/actor/lib/test/auto/matrixType11.xml
----------------- Instantiating /home/travis/build/icyphy/ptII/ptolemy/actor/lib/test/auto/matrixType11.xml
1 ms. Memory: 604160K Free: 509415K (84%)
----------------- Invoking toplevel() on ptolemy.moml.MoMLSimpleApplication@234f674e
----------------- Done invoking toplevel() on ptolemy.moml.MoMLSimpleApplication@234f674e
reloadAllAccessors: .matrixType11

===========================================================================================
----------------- testing Mon Nov 04 06:16:07 UTC 2019 /home/travis/build/icyphy/ptII/ptolemy/actor/lib/test/auto/matrixType12.xml
----------------- Instantiating /home/travis/build/icyphy/ptII/ptolemy/actor/lib/test/auto/matrixType12.xml
1 ms. Memory: 604160K Free: 504805K (84%)
----------------- Invoking toplevel() on ptolemy.moml.MoMLSimpleApplication@23e49649
----------------- Done invoking toplevel() on ptolemy.moml.MoMLSimpleApplication@23e49649
reloadAllAccessors: .matrixType12

===========================================================================================
----------------- testing Mon Nov 04 06:16:07 UTC 2019 /home/travis/build/icyphy/ptII/ptolemy/actor/lib/test/auto/matrixType13.xml
----------------- Instantiating /home/travis/build/icyphy/ptII/ptolemy/actor/lib/test/auto/matrixType13.xml
1 ms. Memory: 604160K Free: 499685K (83%)
----------------- Invoking toplevel() on ptolemy.moml.MoMLSimpleApplication@4ad31177
----------------- Done invoking toplevel() on ptolemy.moml.MoMLSimpleApplication@4ad31177
reloadAllAccessors: .matrixType13

===========================================================================================
----------------- testing Mon Nov 04 06:16:07 UTC 2019 /home/travis/build/icyphy/ptII/ptolemy/actor/lib/test/auto/matrixType14.xml
----------------- Instantiating /home/travis/build/icyphy/ptII/ptolemy/actor/lib/test/auto/matrixType14.xml
1 ms. Memory: 604160K Free: 494551K (82%)
----------------- Invoking toplevel() on ptolemy.moml.MoMLSimpleApplication@1098f04f
----------------- Done invoking toplevel() on ptolemy.moml.MoMLSimpleApplication@1098f04f
reloadAllAccessors: .matrixType14

===========================================================================================
----------------- testing Mon Nov 04 06:16:07 UTC 2019 /home/travis/build/icyphy/ptII/ptolemy/actor/lib/test/auto/matrixType2.xml
----------------- Instantiating /home/travis/build/icyphy/ptII/ptolemy/actor/lib/test/auto/matrixType2.xml
1 ms. Memory: 604160K Free: 489431K (81%)
----------------- Invoking toplevel() on ptolemy.moml.MoMLSimpleApplication@50cb28f0
----------------- Done invoking toplevel() on ptolemy.moml.MoMLSimpleApplication@50cb28f0
reloadAllAccessors: .matrixType2

===========================================================================================
----------------- testing Mon Nov 04 06:16:07 UTC 2019 /home/travis/build/icyphy/ptII/ptolemy/actor/lib/test/auto/matrixType3.xml
----------------- Instantiating /home/travis/build/icyphy/ptII/ptolemy/actor/lib/test/auto/matrixType3.xml
4 ms. Memory: 604160K Free: 484325K (80%)
----------------- Invoking toplevel() on ptolemy.moml.MoMLSimpleApplication@71826e3f
----------------- Done invoking toplevel() on ptolemy.moml.MoMLSimpleApplication@71826e3f
reloadAllAccessors: .matrixType3

===========================================================================================
----------------- testing Mon Nov 04 06:16:07 UTC 2019 /home/travis/build/icyphy/ptII/ptolemy/actor/lib/test/auto/matrixType4.xml
----------------- Instantiating /home/travis/build/icyphy/ptII/ptolemy/actor/lib/test/auto/matrixType4.xml
1 ms. Memory: 604160K Free: 479719K (79%)
----------------- Invoking toplevel() on ptolemy.moml.MoMLSimpleApplication@4f22d59a
----------------- Done invoking toplevel() on ptolemy.moml.MoMLSimpleApplication@4f22d59a
reloadAllAccessors: .matrixType4

===========================================================================================
----------------- testing Mon Nov 04 06:16:07 UTC 2019 /home/travis/build/icyphy/ptII/ptolemy/actor/lib/test/auto/matrixType5.xml
----------------- Instantiating /home/travis/build/icyphy/ptII/ptolemy/actor/lib/test/auto/matrixType5.xml
1 ms. Memory: 604160K Free: 474599K (79%)
----------------- Invoking toplevel() on ptolemy.moml.MoMLSimpleApplication@6be0b026
----------------- Done invoking toplevel() on ptolemy.moml.MoMLSimpleApplication@6be0b026
reloadAllAccessors: .matrixType5

===========================================================================================
----------------- testing Mon Nov 04 06:16:07 UTC 2019 /home/travis/build/icyphy/ptII/ptolemy/actor/lib/test/auto/matrixType6.xml
----------------- Instantiating /home/travis/build/icyphy/ptII/ptolemy/actor/lib/test/auto/matrixType6.xml
1 ms. Memory: 604160K Free: 469989K (78%)
----------------- Invoking toplevel() on ptolemy.moml.MoMLSimpleApplication@50893b15
----------------- Done invoking toplevel() on ptolemy.moml.MoMLSimpleApplication@50893b15
reloadAllAccessors: .matrixType6

===========================================================================================
----------------- testing Mon Nov 04 06:16:07 UTC 2019 /home/travis/build/icyphy/ptII/ptolemy/actor/lib/test/auto/matrixType7.xml
----------------- Instantiating /home/travis/build/icyphy/ptII/ptolemy/actor/lib/test/auto/matrixType7.xml
1 ms. Memory: 604160K Free: 464869K (77%)
----------------- Invoking toplevel() on ptolemy.moml.MoMLSimpleApplication@27a645b7
----------------- Done invoking toplevel() on ptolemy.moml.MoMLSimpleApplication@27a645b7
reloadAllAccessors: .matrixType7

===========================================================================================
----------------- testing Mon Nov 04 06:16:07 UTC 2019 /home/travis/build/icyphy/ptII/ptolemy/actor/lib/test/auto/matrixType8.xml
----------------- Instantiating /home/travis/build/icyphy/ptII/ptolemy/actor/lib/test/auto/matrixType8.xml
1 ms. Memory: 604160K Free: 460263K (76%)
----------------- Invoking toplevel() on ptolemy.moml.MoMLSimpleApplication@65c63f11
----------------- Done invoking toplevel() on ptolemy.moml.MoMLSimpleApplication@65c63f11
reloadAllAccessors: .matrixType8

===========================================================================================
----------------- testing Mon Nov 04 06:16:07 UTC 2019 /home/travis/build/icyphy/ptII/ptolemy/actor/lib/test/auto/matrixType9.xml
----------------- Instantiating /home/travis/build/icyphy/ptII/ptolemy/actor/lib/test/auto/matrixType9.xml
1 ms. Memory: 604160K Free: 455143K (75%)
----------------- Invoking toplevel() on ptolemy.moml.MoMLSimpleApplication@3af79758
----------------- Done invoking toplevel() on ptolemy.moml.MoMLSimpleApplication@3af79758
reloadAllAccessors: .matrixType9

===========================================================================================
----------------- testing Mon Nov 04 06:16:07 UTC 2019 /home/travis/build/icyphy/ptII/ptolemy/actor/lib/test/auto/paraFunctest.xml
----------------- Instantiating /home/travis/build/icyphy/ptII/ptolemy/actor/lib/test/auto/paraFunctest.xml
1 ms. Memory: 604160K Free: 451527K (75%)
----------------- Invoking toplevel() on ptolemy.moml.MoMLSimpleApplication@2b2d7763
----------------- Done invoking toplevel() on ptolemy.moml.MoMLSimpleApplication@2b2d7763
reloadAllAccessors: .paraFunctest

===========================================================================================
----------------- testing Mon Nov 04 06:16:07 UTC 2019 /home/travis/build/icyphy/ptII/ptolemy/actor/lib/test/auto/paraFunctest2.xml
----------------- Instantiating /home/travis/build/icyphy/ptII/ptolemy/actor/lib/test/auto/paraFunctest2.xml
2 ms. Memory: 604160K Free: 446437K (74%)
----------------- Invoking toplevel() on ptolemy.moml.MoMLSimpleApplication@670419f5
----------------- Done invoking toplevel() on ptolemy.moml.MoMLSimpleApplication@670419f5
reloadAllAccessors: .paraFunctest2

===========================================================================================
----------------- testing Mon Nov 04 06:16:07 UTC 2019 /home/travis/build/icyphy/ptII/ptolemy/actor/lib/test/auto/parameterPassing.xml
----------------- Instantiating /home/travis/build/icyphy/ptII/ptolemy/actor/lib/test/auto/parameterPassing.xml
1 ms. Memory: 604160K Free: 442341K (73%)
----------------- Invoking toplevel() on ptolemy.moml.MoMLSimpleApplication@3fb4e045
----------------- Done invoking toplevel() on ptolemy.moml.MoMLSimpleApplication@3fb4e045
reloadAllAccessors: .parameterPassing

===========================================================================================
----------------- testing Mon Nov 04 06:16:07 UTC 2019 /home/travis/build/icyphy/ptII/ptolemy/actor/lib/test/auto/record.xml
----------------- Instantiating /home/travis/build/icyphy/ptII/ptolemy/actor/lib/test/auto/record.xml
2 ms. Memory: 604160K Free: 437221K (72%)
----------------- Invoking toplevel() on ptolemy.moml.MoMLSimpleApplication@4c846c2
----------------- Done invoking toplevel() on ptolemy.moml.MoMLSimpleApplication@4c846c2
reloadAllAccessors: .record

===========================================================================================
----------------- testing Mon Nov 04 06:16:07 UTC 2019 /home/travis/build/icyphy/ptII/ptolemy/actor/lib/test/auto/sizedarray1.xml
----------------- Instantiating /home/travis/build/icyphy/ptII/ptolemy/actor/lib/test/auto/sizedarray1.xml
2 ms. Memory: 604160K Free: 432101K (72%)
----------------- Invoking toplevel() on ptolemy.moml.MoMLSimpleApplication@795750ec
----------------- Done invoking toplevel() on ptolemy.moml.MoMLSimpleApplication@795750ec
reloadAllAccessors: .sizedarray1

===========================================================================================
----------------- testing Mon Nov 04 06:16:07 UTC 2019 /home/travis/build/icyphy/ptII/ptolemy/actor/lib/test/auto/sizedarray2.xml
----------------- Instantiating /home/travis/build/icyphy/ptII/ptolemy/actor/lib/test/auto/sizedarray2.xml
2 ms. Memory: 604160K Free: 426471K (71%)
----------------- Invoking toplevel() on ptolemy.moml.MoMLSimpleApplication@6a5ccfb8
----------------- Done invoking toplevel() on ptolemy.moml.MoMLSimpleApplication@6a5ccfb8
reloadAllAccessors: .sizedarray2

===========================================================================================
----------------- testing Mon Nov 04 06:16:07 UTC 2019 /home/travis/build/icyphy/ptII/ptolemy/actor/lib/test/auto/twoPublishers.xml
----------------- Instantiating /home/travis/build/icyphy/ptII/ptolemy/actor/lib/test/auto/twoPublishers.xml
6 ms. Memory: 604160K Free: 416231K (69%)
----------------- Invoking toplevel() on ptolemy.moml.MoMLSimpleApplication@52a0012d
----------------- Done invoking toplevel() on ptolemy.moml.MoMLSimpleApplication@52a0012d
reloadAllAccessors: .twoPublishers
AutoTests.java: About to close Vertx.
AutoTests.java: Vertx closed.
]]></system-out>
  <system-err><![CDATA[java.lang.RuntimeException: Execution failed
	at ptolemy.moml.MoMLSimpleApplication$UnloadThread.run(MoMLSimpleApplication.java:402)
Caused by: java.lang.RuntimeException: StringUtilities.exit() was called. Normally, we would exit here because Manager.exitAfterWrapup() was called.  However, because the ptolemy.ptII.exitAfterWrapup property is set, we throw this exception instead.
	at ptolemy.util.StringUtilities.exit(StringUtilities.java:365)
	at ptolemy.actor.Manager.wrapup(Manager.java:1549)
	at ptolemy.actor.Manager.execute(Manager.java:407)
	at ptolemy.actor.Manager.run(Manager.java:1263)
	at ptolemy.actor.Manager$PtolemyRunThread.run(Manager.java:1933)
Warning: '.top.test' is in training mode, set the trainingMode parameter to false before checking in
Warning: '.top.test' is in training mode, set the trainingMode parameter to false before checking in
Warning: '.top.test' is in training mode, set the trainingMode parameter to false before checking in
Warning: '.BooleanSwitch_RegressionTest_WrongTrainingValues.Test' is in training mode, set the trainingMode parameter to false before checking in
Warning: '.BooleanSwitch_RegressionTest_WrongTrainingValues.Test2' is in training mode, set the trainingMode parameter to false before checking in
Warning: '.BooleanSwitch_RegressionTest_WrongTrainingValues.Test2' The test produced 0 tokens.
Warning: '.top.testExceptionHandler' is in training mode, set the trainingMode parameter to false before checking in
java.lang.RuntimeException: Execution failed
	at ptolemy.moml.MoMLSimpleApplication$UnloadThread.run(MoMLSimpleApplication.java:402)
Caused by: ptolemy.kernel.util.IllegalActionException: PublisherPorts cannot be used at the top level, use a Publisher actor instead.
  in .PublisherPortToplevelSubscriber.PublisherPort
	at ptolemy.actor.PublisherPort.preinitialize(PublisherPort.java:403)
	at ptolemy.actor.CompositeActor.preinitialize(CompositeActor.java:1769)
	at ptolemy.actor.Manager.preinitializeAndResolveTypes(Manager.java:1040)
	at ptolemy.actor.Manager.initialize(Manager.java:710)
	at ptolemy.actor.Manager.execute(Manager.java:356)
	at ptolemy.actor.Manager.run(Manager.java:1263)
	at ptolemy.actor.Manager$PtolemyRunThread.run(Manager.java:1933)
java.lang.reflect.InvocationTargetException
	at java.base/jdk.internal.reflect.NativeConstructorAccessorImpl.newInstance0(Native Method)
	at java.base/jdk.internal.reflect.NativeConstructorAccessorImpl.newInstance(NativeConstructorAccessorImpl.java:62)
	at java.base/jdk.internal.reflect.DelegatingConstructorAccessorImpl.newInstance(DelegatingConstructorAccessorImpl.java:45)
	at java.base/java.lang.reflect.Constructor.newInstance(Constructor.java:490)
	at ptolemy.util.test.junit.AutoKnownFailedTests.RunModel(AutoKnownFailedTests.java:105)
	at java.base/jdk.internal.reflect.NativeMethodAccessorImpl.invoke0(Native Method)
	at java.base/jdk.internal.reflect.NativeMethodAccessorImpl.invoke(NativeMethodAccessorImpl.java:62)
	at java.base/jdk.internal.reflect.DelegatingMethodAccessorImpl.invoke(DelegatingMethodAccessorImpl.java:43)
	at java.base/java.lang.reflect.Method.invoke(Method.java:566)
	at org.junit.runners.model.FrameworkMethod$1.runReflectiveCall(FrameworkMethod.java:44)
	at org.junit.internal.runners.model.ReflectiveCallable.run(ReflectiveCallable.java:15)
	at org.junit.runners.model.FrameworkMethod.invokeExplosively(FrameworkMethod.java:41)
	at junitparams.internal.InvokeParameterisedMethod.evaluate(InvokeParameterisedMethod.java:102)
	at org.junit.internal.runners.statements.FailOnTimeout$1.run(FailOnTimeout.java:28)
Caused by: ptolemy.kernel.util.IllegalActionException: PublisherPorts cannot be used at the top level, use a Publisher actor instead.
  in .PublisherPortToplevelSubscriber.PublisherPort
	at ptolemy.actor.PublisherPort.preinitialize(PublisherPort.java:403)
	at ptolemy.actor.CompositeActor.preinitialize(CompositeActor.java:1769)
	at ptolemy.actor.Manager.preinitializeAndResolveTypes(Manager.java:1040)
	at ptolemy.actor.Manager.initialize(Manager.java:710)
	at ptolemy.actor.Manager.execute(Manager.java:356)
	at ptolemy.actor.Manager.run(Manager.java:1263)
	at ptolemy.actor.Manager$PtolemyRunThread.run(Manager.java:1933)
java.lang.RuntimeException: Execution failed
	at ptolemy.moml.MoMLSimpleApplication$UnloadThread.run(MoMLSimpleApplication.java:402)
Caused by: ptolemy.kernel.util.IllegalActionException: SubscriberPorts cannot be used at the top level, use a Subscriber actor instead.
  in .PublisherSubscriberPortToplevel.SubscriberPort
	at ptolemy.actor.SubscriberPort.preinitialize(SubscriberPort.java:328)
	at ptolemy.actor.CompositeActor.preinitialize(CompositeActor.java:1769)
	at ptolemy.actor.Manager.preinitializeAndResolveTypes(Manager.java:1040)
	at ptolemy.actor.Manager.initialize(Manager.java:710)
	at ptolemy.actor.Manager.execute(Manager.java:356)
	at ptolemy.actor.Manager.run(Manager.java:1263)
	at ptolemy.actor.Manager$PtolemyRunThread.run(Manager.java:1933)
java.lang.reflect.InvocationTargetException
	at java.base/jdk.internal.reflect.NativeConstructorAccessorImpl.newInstance0(Native Method)
	at java.base/jdk.internal.reflect.NativeConstructorAccessorImpl.newInstance(NativeConstructorAccessorImpl.java:62)
	at java.base/jdk.internal.reflect.DelegatingConstructorAccessorImpl.newInstance(DelegatingConstructorAccessorImpl.java:45)
	at java.base/java.lang.reflect.Constructor.newInstance(Constructor.java:490)
	at ptolemy.util.test.junit.AutoKnownFailedTests.RunModel(AutoKnownFailedTests.java:105)
	at java.base/jdk.internal.reflect.NativeMethodAccessorImpl.invoke0(Native Method)
	at java.base/jdk.internal.reflect.NativeMethodAccessorImpl.invoke(NativeMethodAccessorImpl.java:62)
	at java.base/jdk.internal.reflect.DelegatingMethodAccessorImpl.invoke(DelegatingMethodAccessorImpl.java:43)
	at java.base/java.lang.reflect.Method.invoke(Method.java:566)
	at org.junit.runners.model.FrameworkMethod$1.runReflectiveCall(FrameworkMethod.java:44)
	at org.junit.internal.runners.model.ReflectiveCallable.run(ReflectiveCallable.java:15)
	at org.junit.runners.model.FrameworkMethod.invokeExplosively(FrameworkMethod.java:41)
	at junitparams.internal.InvokeParameterisedMethod.evaluate(InvokeParameterisedMethod.java:102)
	at org.junit.internal.runners.statements.FailOnTimeout$1.run(FailOnTimeout.java:28)
Caused by: ptolemy.kernel.util.IllegalActionException: SubscriberPorts cannot be used at the top level, use a Subscriber actor instead.
  in .PublisherSubscriberPortToplevel.SubscriberPort
	at ptolemy.actor.SubscriberPort.preinitialize(SubscriberPort.java:328)
	at ptolemy.actor.CompositeActor.preinitialize(CompositeActor.java:1769)
	at ptolemy.actor.Manager.preinitializeAndResolveTypes(Manager.java:1040)
	at ptolemy.actor.Manager.initialize(Manager.java:710)
	at ptolemy.actor.Manager.execute(Manager.java:356)
	at ptolemy.actor.Manager.run(Manager.java:1263)
	at ptolemy.actor.Manager$PtolemyRunThread.run(Manager.java:1933)
java.lang.RuntimeException: Execution failed
	at ptolemy.moml.MoMLSimpleApplication$UnloadThread.run(MoMLSimpleApplication.java:402)
Caused by: ptolemy.kernel.util.IllegalActionException: SubscriptionAggregatorPorts cannot be used at the top level, use a SubscriptionAggregator actor instead.
  in .PublisherSubscriptionAggregatorPort.SubscriptionAggregatorPort
	at ptolemy.actor.SubscriptionAggregatorPort.preinitialize(SubscriptionAggregatorPort.java:353)
	at ptolemy.actor.CompositeActor.preinitialize(CompositeActor.java:1769)
	at ptolemy.actor.Manager.preinitializeAndResolveTypes(Manager.java:1040)
	at ptolemy.actor.Manager.initialize(Manager.java:710)
	at ptolemy.actor.Manager.execute(Manager.java:356)
	at ptolemy.actor.Manager.run(Manager.java:1263)
	at ptolemy.actor.Manager$PtolemyRunThread.run(Manager.java:1933)
java.lang.reflect.InvocationTargetException
	at java.base/jdk.internal.reflect.NativeConstructorAccessorImpl.newInstance0(Native Method)
	at java.base/jdk.internal.reflect.NativeConstructorAccessorImpl.newInstance(NativeConstructorAccessorImpl.java:62)
	at java.base/jdk.internal.reflect.DelegatingConstructorAccessorImpl.newInstance(DelegatingConstructorAccessorImpl.java:45)
	at java.base/java.lang.reflect.Constructor.newInstance(Constructor.java:490)
	at ptolemy.util.test.junit.AutoKnownFailedTests.RunModel(AutoKnownFailedTests.java:105)
	at java.base/jdk.internal.reflect.NativeMethodAccessorImpl.invoke0(Native Method)
	at java.base/jdk.internal.reflect.NativeMethodAccessorImpl.invoke(NativeMethodAccessorImpl.java:62)
	at java.base/jdk.internal.reflect.DelegatingMethodAccessorImpl.invoke(DelegatingMethodAccessorImpl.java:43)
	at java.base/java.lang.reflect.Method.invoke(Method.java:566)
	at org.junit.runners.model.FrameworkMethod$1.runReflectiveCall(FrameworkMethod.java:44)
	at org.junit.internal.runners.model.ReflectiveCallable.run(ReflectiveCallable.java:15)
	at org.junit.runners.model.FrameworkMethod.invokeExplosively(FrameworkMethod.java:41)
	at junitparams.internal.InvokeParameterisedMethod.evaluate(InvokeParameterisedMethod.java:102)
	at org.junit.internal.runners.statements.FailOnTimeout$1.run(FailOnTimeout.java:28)
Caused by: ptolemy.kernel.util.IllegalActionException: SubscriptionAggregatorPorts cannot be used at the top level, use a SubscriptionAggregator actor instead.
  in .PublisherSubscriptionAggregatorPort.SubscriptionAggregatorPort
	at ptolemy.actor.SubscriptionAggregatorPort.preinitialize(SubscriptionAggregatorPort.java:353)
	at ptolemy.actor.CompositeActor.preinitialize(CompositeActor.java:1769)
	at ptolemy.actor.Manager.preinitializeAndResolveTypes(Manager.java:1040)
	at ptolemy.actor.Manager.initialize(Manager.java:710)
	at ptolemy.actor.Manager.execute(Manager.java:356)
	at ptolemy.actor.Manager.run(Manager.java:1263)
	at ptolemy.actor.Manager$PtolemyRunThread.run(Manager.java:1933)
java.lang.RuntimeException: Execution failed
	at ptolemy.moml.MoMLSimpleApplication$UnloadThread.run(MoMLSimpleApplication.java:402)
Caused by: ptolemy.kernel.util.IllegalActionException: TypeTest actor has no training data.
  in .sizedarray3.TypeTest
	at ptolemy.actor.lib.TypeTest.initialize(TypeTest.java:250)
	at ptolemy.actor.Director.initialize(Director.java:938)
	at ptolemy.actor.Director.initialize(Director.java:907)
	at ptolemy.actor.sched.StaticSchedulingDirector.initialize(StaticSchedulingDirector.java:159)
	at ptolemy.domains.sdf.kernel.SDFDirector.initialize(SDFDirector.java:544)
	at ptolemy.actor.CompositeActor.initialize(CompositeActor.java:935)
	at ptolemy.actor.Manager.initialize(Manager.java:724)
	at ptolemy.actor.Manager.execute(Manager.java:356)
	at ptolemy.actor.Manager.run(Manager.java:1263)
	at ptolemy.actor.Manager$PtolemyRunThread.run(Manager.java:1933)
java.lang.reflect.InvocationTargetException
	at java.base/jdk.internal.reflect.NativeConstructorAccessorImpl.newInstance0(Native Method)
	at java.base/jdk.internal.reflect.NativeConstructorAccessorImpl.newInstance(NativeConstructorAccessorImpl.java:62)
	at java.base/jdk.internal.reflect.DelegatingConstructorAccessorImpl.newInstance(DelegatingConstructorAccessorImpl.java:45)
	at java.base/java.lang.reflect.Constructor.newInstance(Constructor.java:490)
	at ptolemy.util.test.junit.AutoKnownFailedTests.RunModel(AutoKnownFailedTests.java:105)
	at java.base/jdk.internal.reflect.NativeMethodAccessorImpl.invoke0(Native Method)
	at java.base/jdk.internal.reflect.NativeMethodAccessorImpl.invoke(NativeMethodAccessorImpl.java:62)
	at java.base/jdk.internal.reflect.DelegatingMethodAccessorImpl.invoke(DelegatingMethodAccessorImpl.java:43)
	at java.base/java.lang.reflect.Method.invoke(Method.java:566)
	at org.junit.runners.model.FrameworkMethod$1.runReflectiveCall(FrameworkMethod.java:44)
	at org.junit.internal.runners.model.ReflectiveCallable.run(ReflectiveCallable.java:15)
	at org.junit.runners.model.FrameworkMethod.invokeExplosively(FrameworkMethod.java:41)
	at junitparams.internal.InvokeParameterisedMethod.evaluate(InvokeParameterisedMethod.java:102)
	at org.junit.internal.runners.statements.FailOnTimeout$1.run(FailOnTimeout.java:28)
Caused by: ptolemy.kernel.util.IllegalActionException: TypeTest actor has no training data.
  in .sizedarray3.TypeTest
	at ptolemy.actor.lib.TypeTest.initialize(TypeTest.java:250)
	at ptolemy.actor.Director.initialize(Director.java:938)
	at ptolemy.actor.Director.initialize(Director.java:907)
	at ptolemy.actor.sched.StaticSchedulingDirector.initialize(StaticSchedulingDirector.java:159)
	at ptolemy.domains.sdf.kernel.SDFDirector.initialize(SDFDirector.java:544)
	at ptolemy.actor.CompositeActor.initialize(CompositeActor.java:935)
	at ptolemy.actor.Manager.initialize(Manager.java:724)
	at ptolemy.actor.Manager.execute(Manager.java:356)
	at ptolemy.actor.Manager.run(Manager.java:1263)
	at ptolemy.actor.Manager$PtolemyRunThread.run(Manager.java:1933)
ptolemy.kernel.util.InternalErrorException: Exec Stderr Gobbler-7: Failed while reading from java.lang.ProcessImpl$ProcessPipeInputStream@1e1ada41. To avoid this, try setting the ignoreIOExceptionReadErrors parameter to true.null
  in .ExecEnvironment.Exec
Because:
Stream closed
	at ptolemy.actor.lib.Exec$_StreamReaderThread._read(Exec.java:762)
	at ptolemy.actor.lib.Exec$_StreamReaderThread.run(Exec.java:706)
Caused by: java.io.IOException: Stream closed
	at java.base/sun.nio.cs.StreamDecoder.ensureOpen(StreamDecoder.java:46)
	at java.base/sun.nio.cs.StreamDecoder.read(StreamDecoder.java:148)
	at java.base/java.io.InputStreamReader.read(InputStreamReader.java:185)
	at ptolemy.actor.lib.Exec$_StreamReaderThread._read(Exec.java:724)
	... 1 more
Caused by: java.io.IOException: Stream closed
	at java.base/sun.nio.cs.StreamDecoder.ensureOpen(StreamDecoder.java:46)
	at java.base/sun.nio.cs.StreamDecoder.read(StreamDecoder.java:148)
	at java.base/java.io.InputStreamReader.read(InputStreamReader.java:185)
	at ptolemy.actor.lib.Exec$_StreamReaderThread._read(Exec.java:724)
	at ptolemy.actor.lib.Exec$_StreamReaderThread.run(Exec.java:706)
]]></system-err>
</testsuite>
