<?xml version="1.0" encoding="UTF-8" ?>
<testsuite errors="0" failures="0" hostname="travis-job-973bbed1-a239-48f4-bf6c-85ec2cb35cc6" name="ptolemy.domains.de.test.junit.JUnitTclTest" skipped="0" tests="101" time="125.951" timestamp="2020-03-10T07:13:01">
  <properties>
    <property name="npm.executable" value="npm" />
    <property name="env.TRAVIS_ROOT" value="/" />
    <property name="ptII.mk.exists" value="true" />
    <property name="env.TRAVIS_APP_HOST" value="build.travis-ci.org" />
    <property name="env.rvm_bin_path" value="/home/travis/.rvm/bin" />
    <property name="java.home" value="/usr/local/lib/jvm/openjdk11" />
    <property name="env.TRAVIS_JOB_NUMBER" value="1565.9" />
    <property name="env.TRAVIS_HOME" value="/home/travis" />
    <property name="env.DISPLAY" value=":99.0" />
    <property name="env.TRAVIS_INIT" value="systemd" />
    <property name="env.SSH_TTY" value="/dev/pts/0" />
    <property name="java.net.preferIPv4Stack" value="true" />
    <property name="env.RUN_TESTS" value="true" />
    <property name="timeout.short" value="1000000" />
    <property name="junit.formatter" value="xml" />
    <property name="env.TRAVIS_SUDO" value="true" />
    <property name="env.TRAVIS_JOB_NAME" value="" />
    <property name="env.TRAVIS_STACK_NODE_ATTRIBUTES" value="/.node-attributes.yml" />
    <property name="env.LOGNAME" value="travis" />
    <property name="jsdoc.home" value="node_modules/@terraswarm/jsdoc" />
    <property name="debuglevel" value="source,lines,vars" />
    <property name="checkstyle.formatter" value="xml" />
    <property name="env._system_version" value="16.04" />
    <property name="bin.vergil.makeable" value="true" />
    <property name="sun.os.patch.level" value="unknown" />
    <property name="java.vendor.url" value="http://java.oracle.com/" />
    <property name="env.TRAVIS_BUILD_WEB_URL" value="https://travis-ci.org/icyphy/ptII/builds/660490257" />
    <property name="java.version" value="11.0.2" />
    <property name="env.TZ" value="UTC" />
    <property name="env.TRAVIS_PULL_REQUEST_SHA" value="" />
    <property name="env.PT_NO_NET" value="true" />
    <property name="env.TRAVIS_SECURE_ENV_VARS" value="true" />
    <property name="env._system_type" value="Linux" />
    <property name="java.vendor.url.bug" value="http://bugreport.java.com/bugreport/" />
    <property name="npmjs-org-is-up" value="true" />
    <property name="env.LANGUAGE" value="en_US.UTF-8" />
    <property name="env.SSH_CLIENT" value="10.16.7.86 39266 22" />
    <property name="env.GEM_HOME" value="/home/travis/.rvm/gems/ruby-2.5.3" />
    <property name="env.HAS_ANTARES_THREE_LITTLE_FRONZIES_BADGE" value="true" />
    <property name="java.version.date" value="2019-01-15" />
    <property name="env.PS4" value="+" />
    <property name="ant.project.invoked-targets" value="build,test.core2.xml" />
    <property name="env.TRAVIS_PULL_REQUEST_BRANCH" value="" />
    <property name="env.TRAVIS_REPO_SLUG" value="icyphy/ptII" />
    <property name="env.XDG_DATA_DIRS" value="/usr/local/share:/usr/share:/var/lib/snapd/desktop" />
    <property name="jdk.debug" value="release" />
    <property name="env.TRAVIS_APT_PROXY" value="http://build-cache.travisci.net" />
    <property name="env.TRAVIS_CPU_ARCH" value="amd64" />
    <property name="node.in.path" value="true" />
    <property name="user.name" value="travis" />
    <property name="java.maxmemory" value="1400m" />
    <property name="env.RUBY_VERSION" value="ruby-2.5.3" />
    <property name="env.LANG" value="en_US.UTF-8" />
    <property name="sun.io.unicode.encoding" value="UnicodeLittle" />
    <property name="sun.jnu.encoding" value="UTF-8" />
    <property name="java.runtime.name" value="OpenJDK Runtime Environment" />
    <property name="usefile" value="false" />
    <property name="return.code" value="0" />
    <property name="junit.single.formatter" value="plain" />
    <property name="env.DYLD_LIBRARY_PATH" value="/home/travis/pthla/certi-tools/lib:" />
    <property name="env.DEBIAN_FRONTEND" value="noninteractive" />
    <property name="env.SSH_CONNECTION" value="10.16.7.86 39266 10.20.0.194 22" />
    <property name="env.MYSQL_UNIX_PORT" value="/var/run/mysqld/mysqld.sock" />
    <property name="env.LC_ALL" value="en_US.UTF-8" />
    <property name="env.TRAVIS_ALLOW_FAILURE" value="false" />
    <property name="env.TRAVIS_JOB_WEB_URL" value="https://travis-ci.org/icyphy/ptII/jobs/660490266" />
    <property name="java.specification.name" value="Java Platform API Specification" />
    <property name="node.works" value="true" />
    <property name="user.timezone" value="" />
    <property name="path.separator" value=":" />
    <property name="env.TRAVIS_ENABLE_INFRA_DETECTION" value="true" />
    <property name="env.PYTHON_CFLAGS" value="-g -fstack-protector --param=ssp-buffer-size=4 -Wformat -Werror=format-security" />
    <property name="timeout.long" value="4000000" />
    <property name="env.CERTI_HOME" value="/home/travis/pthla/certi-tools" />
    <property name="ant.file.ptII" value="/home/travis/build/icyphy/ptII/build.xml" />
    <property name="javadoc.packagenames" value="com.*,diva.*,lbnl.*,org.hlacerti.*,org.json.*,org.ptolemy.*,org.terraswarm.*,ptolemy.*,ptserver.*" />
    <property name="file.encoding" value="UTF-8" />
    <property name="env.TRAVIS_PULL_REQUEST_SLUG" value="" />
    <property name="ant.project.default-target" value="build" />
    <property name="env.GIT_ASKPASS" value="echo" />
    <property name="env.HOME" value="/home/travis" />
    <property name="sun.java.command" value="org.apache.tools.ant.taskdefs.optional.junit.JUnitTestRunner ptolemy.domains.de.test.junit.JUnitTclTest skipNonTests=false filtertrace=true haltOnError=false haltOnFailure=false formatter=org.apache.tools.ant.taskdefs.optional.junit.OutErrSummaryJUnitResultFormatter showoutput=true outputtoformatters=true logfailedtests=true threadid=0 logtestlistenerevents=false formatter=org.apache.tools.ant.taskdefs.optional.junit.XMLJUnitResultFormatter,/home/travis/build/icyphy/ptII/reports/junit/TEST-ptolemy.domains.de.test.junit.JUnitTclTest.xml crashfile=/home/travis/build/icyphy/ptII/junitvmwatcher12740153583837998392.properties propsfile=/home/travis/build/icyphy/ptII/junit5345273738118147663.properties" />
    <property name="env.COMPOSER_NO_INTERACTION" value="1" />
    <property name="env.MANPATH" value="/home/travis/.nvm/versions/node/v7.10.1/share/man:/home/travis/.rvm/rubies/ruby-2.5.3/share/man:/usr/local/cmake-3.12.4/man:/usr/local/clang-7.0.0/share/man:/usr/local/man:/usr/local/share/man:/usr/share/man:/home/travis/.rvm/man" />
    <property name="env.TRAVIS_TIMER_ID" value="036a789c" />
    <property name="ant.file" value="/home/travis/build/icyphy/ptII/build.xml" />
    <property name="env.TRAVIS_COMMIT_RANGE" value="b0b7595e7e282c72b49bdde78eb77cb938632839...3e950cfe0f3c004454147d0a7dfedd7f8d8e77cc" />
    <property name="env._system_name" value="Ubuntu" />
    <property name="ptII.classpath.optional.property" value="/home/travis/build/icyphy/ptII/lib/bsh-2.0b4.jar:/home/travis/build/icyphy/ptII/lib/ptCal.jar:/home/travis/build/icyphy/ptII/lib/java_cup.jar:/home/travis/build/icyphy/ptII/lib/saxon8.jar:/home/travis/build/icyphy/ptII/lib/saxon8-dom.jar:/home/travis/build/icyphy/ptII/lib/chic.jar:/home/travis/build/icyphy/ptII/lib/ptcolt.jar:/home/travis/build/icyphy/ptII/vendors/misc/itext/iText.jar:/home/travis/build/icyphy/ptII/lib/g4ltl.jar:/home/travis/build/icyphy/ptII/lib/StructuralCoder.jar:/home/travis/build/icyphy/ptII/lib/jcerti.jar:/home/travis/build/icyphy/ptII/lib/javax.mail.jar:/home/travis/build/icyphy/ptII/vendors/JMF-2.1.1e/lib/jmf.jar:/home/travis/build/icyphy/ptII/lib/jna-4.0.0-variadic.jar:/home/travis/build/icyphy/ptII/vendors/misc/joystick/Joystick.jar:/home/travis/build/icyphy/ptII/lib/ptjacl.jar:/home/travis/build/icyphy/ptII/lib/jsoup-1.8.2.jar:/home/travis/build/icyphy/ptII/lib/junit-4.8.2.jar:/home/travis/build/icyphy/ptII/lib/JUnitParams-0.4.0.jar:/home/travis/build/icyphy/ptII/ptolemy/actor/lib/excel/jxl.jar:/home/travis/build/icyphy/ptII/lib/jython.jar:/home/travis/build/icyphy/ptII/lib/kieler.jar:/home/travis/build/icyphy/ptII/vendors/opencv/share/OpenCV/java/opencv-341.jar:/home/travis/build/icyphy/ptII/lib/oscP5.jar:/home/travis/build/icyphy/ptII/lib/nrjavaserial-3.11.0.devel.jar:/home/travis/build/icyphy/ptII/vendors/j3d/lib/Linux/j3dcore.jar:/home/travis/build/icyphy/ptII/vendors/j3d/lib/Linux/j3dutils.jar:/home/travis/build/icyphy/ptII/vendors/j3d/lib/Linux/vecmath.jar:/home/travis/build/icyphy/ptII/vendors/jogl/lib/Linux/gluegen-rt-natives-linux-amd64.jar:/home/travis/build/icyphy/ptII/vendors/jogl/lib/Linux/gluegen-rt.jar:/home/travis/build/icyphy/ptII/vendors/jogl/lib/Linux/jogl-all-natives-linux-amd64.jar:/home/travis/build/icyphy/ptII/vendors/jogl/lib/Linux/jogl-all.jar:/home/travis/build/icyphy/ptII/ptolemy/distributed/jini/jar/jini-core.jar:/home/travis/build/icyphy/ptII/ptolemy/distributed/jini/jar/jini-ext.jar:/home/travis/build/icyphy/ptII/ptolemy/distributed/jini/jar/sun-util.jar:/home/travis/build/icyphy/ptII/lib/protobuf-java-2.4.1.jar:/home/travis/build/icyphy/ptII/lib/org.eclipse.paho.client.mqttv3.jar:/home/travis/build/icyphy/ptII/lib/mapss.jar:/home/travis/build/icyphy/ptII/ptolemy/actor/ptalon/antlr/antlr.jar:/home/travis/build/icyphy/ptII/lib/JRI.jar:/home/travis/build/icyphy/ptII/lib/commons-lang-2.6.jar:/home/travis/build/icyphy/ptII/lib/commons-logging-1.1.1.jar:/home/travis/build/icyphy/ptII/lib/sootclasses.jar:/home/travis/build/icyphy/ptII/ptolemy/actor/lib/database/mysql-connector-java-5.1.6-bin.jar:/home/travis/build/icyphy/ptII/vendors/misc/sphinx4/sphinx4-data-5prealpha.jar:/home/travis/build/icyphy/ptII/vendors/misc/sphinx4/sphinx4-core-5prealpha.jar:/home/travis/build/icyphy/ptII/lib/PDFRenderer.jar:/home/travis/build/icyphy/ptII/lib/svgSalamander.jar:/home/travis/build/icyphy/ptII/lib/rsyntaxtextarea-2.6.0-SNAPSHOT.jar:/home/travis/build/icyphy/ptII/lib/hazelcast-3.8.2.jar:/home/travis/build/icyphy/ptII/lib/jackson-annotations-2.9.0.jar:/home/travis/build/icyphy/ptII/lib/jackson-core-2.9.3.jar:/home/travis/build/icyphy/ptII/lib/jackson-databind-2.9.3.jar:/home/travis/build/icyphy/ptII/lib/netty-buffer-4.1.19.Final.jar:/home/travis/build/icyphy/ptII/lib/netty-codec-4.1.19.Final.jar:/home/travis/build/icyphy/ptII/lib/netty-codec-dns-4.1.19.Final.jar:/home/travis/build/icyphy/ptII/lib/netty-codec-http-4.1.19.Final.jar:/home/travis/build/icyphy/ptII/lib/netty-codec-http2-4.1.19.Final.jar:/home/travis/build/icyphy/ptII/lib/netty-common-4.1.19.Final.jar:/home/travis/build/icyphy/ptII/lib/netty-handler-4.1.19.Final.jar:/home/travis/build/icyphy/ptII/lib/netty-resolver-4.1.19.Final.jar:/home/travis/build/icyphy/ptII/lib/netty-resolver-dns-4.1.19.Final.jar:/home/travis/build/icyphy/ptII/lib/netty-transport-4.1.19.Final.jar:/home/travis/build/icyphy/ptII/lib/vertx-codegen-3.5.1.jar:/home/travis/build/icyphy/ptII/lib/vertx-core-3.5.2-SNAPSHOT.jar:/home/travis/build/icyphy/ptII/lib/vertx-hazelcast-3.5.1.jar:/home/travis/build/icyphy/ptII/lib/vertx-lang-js-3.5.1.jar:/home/travis/build/icyphy/ptII/lib/vertx-service-proxy-3.5.1.jar:/home/travis/build/icyphy/ptII/lib/vertx-web-3.5.1.jar:/home/travis/build/icyphy/ptII/lib/slf4j-api-1.7.13.jar:/home/travis/build/icyphy/ptII/lib/slf4j-simple-1.7.13.jar:/home/travis/build/icyphy/ptII/lib/webcam-capture-0.3.12.jar:/home/travis/build/icyphy/ptII/lib/bridj-0.7.0.jar:/home/travis/build/icyphy/ptII/lib/xbjlib-1.1.0.nrjavaserial.jar" />
    <property name="timeout" value="2400000" />
    <property name="test.batch" value="**/junit/*.java" />
    <property name="env._" value="/usr/bin/timeout" />
    <property name="java.io.tmpdir" value="/tmp" />
    <property name="user.language" value="en" />
    <property name="env.TRAVIS_INTERNAL_RUBY_REGEX" value="^ruby-(2\.[0-4]\.[0-9]|1\.9\.3)" />
    <property name="env.HISTCONTROL" value="ignoredups:ignorespace" />
    <property name="env.GOROOT" value="/home/travis/.gimme/versions/go1.11.1.linux.amd64" />
    <property name="line.separator" value="&#xa;" />
    <property name="target" value="11" />
    <property name="env.TRAVIS_BUILD_DIR" value="/home/travis/build/icyphy/ptII" />
    <property name="env.ANT_OPTS" value="-Xmx2048m" />
    <property name="ant.file.type" value="file" />
    <property name="ptolemy.ptII.batchMode" value="true" />
    <property name="env.HISTSIZE" value="1000" />
    <property name="env.MERB_ENV" value="test" />
    <property name="java.vm.info" value="mixed mode" />
    <property name="source" value="11" />
    <property name="java.vm.specification.name" value="Java Virtual Machine Specification" />
    <property name="env.TRAVIS_TEST_RESULT" value="0" />
    <property name="jsdoc.command" value="node_modules/@terraswarm/jsdoc/jsdoc.js" />
    <property name="npm.works" value="true" />
    <property name="cobertura.dir" value="/home/travis/build/icyphy/ptII/vendors/cobertura-2.0.3" />
    <property name="jsdoc.command.exists" value="true" />
    <property name="env.rvm_path" value="/home/travis/.rvm" />
    <property name="env.GEM_PATH" value="/home/travis/.rvm/gems/ruby-2.5.3:/home/travis/.rvm/gems/ruby-2.5.3@global" />
    <property name="env.LC_CTYPE" value="en_US.UTF-8" />
    <property name="env.TRAVIS_CMD" value="$PTII/bin/ptIITravisBuild.sh $SECONDS" />
    <property name="java.awt.printerjob" value="sun.print.PSPrinterJob" />
    <property name="env.TRAVIS_STACK_NAME" value="sardonyx" />
    <property name="env.TRAVIS_TIMER_START_TIME" value="1583824180913314657" />
    <property name="ant.version" value="Apache Ant(TM) version 1.10.1 compiled on February 2 2017" />
    <property name="ptII.reports" value="/home/travis/build/icyphy/ptII/reports" />
    <property name="env.TRAVIS_STACK_TIMESTAMP" value="2019-03-25 16:16:56 UTC" />
    <property name="ant.file.type.ptII" value="file" />
    <property name="env.RBENV_SHELL" value="bash" />
    <property name="os.name" value="Linux" />
    <property name="java.specification.vendor" value="Oracle Corporation" />
    <property name="env.rvm_version" value="1.29.7 (latest)" />
    <property name="env.TRAVIS_INFRA" value="unknown" />
    <property name="env.TERM" value="xterm" />
    <property name="java.vm.name" value="OpenJDK 64-Bit Server VM" />
    <property name="env.TRAVIS_BUILD_NUMBER" value="1565" />
    <property name="env.CI" value="true" />
    <property name="java.library.path" value="/home/travis/pthla/certi-tools/lib:/usr/lib/jni:/usr/local/share/OpenCV/java/:/usr/share/OpenCV/java::/usr/java/packages/lib:/usr/lib64:/lib64:/lib:/usr/lib" />
    <property name="jdk.module.path" value="/home/travis/build/icyphy/ptII/vendors/javafx/javafx-sdk-11.0.2/lib:" />
    <property name="env.rvm_prefix" value="/home/travis" />
    <property name="env.PATH" value="/home/travis/pthla/certi-tools/share/scripts:/home/travis/.rvm/gems/ruby-2.5.3/bin:/home/travis/.rvm/gems/ruby-2.5.3@global/bin:/home/travis/.rvm/rubies/ruby-2.5.3/bin:/home/travis/.rvm/bin:/home/travis/.nvm/versions/node/v7.10.1/bin:./node_modules/.bin:/home/travis/build/icyphy/ptII/bin:/home/travis/pthla/certi-tools/bin:/home/travis/bin:/home/travis/.local/bin:/usr/local/lib/jvm/openjdk11/bin:/opt/pyenv/shims:/home/travis/.phpenv/shims:/home/travis/perl5/perlbrew/bin:/home/travis/gopath/bin:/home/travis/.gimme/versions/go1.11.1.linux.amd64/bin:/usr/local/maven-3.6.0/bin:/usr/local/cmake-3.12.4/bin:/usr/local/clang-7.0.0/bin:/usr/local/sbin:/usr/local/bin:/usr/sbin:/usr/bin:/sbin:/bin:/snap/bin:/home/travis/.phpenv/bin:/opt/pyenv/bin:/home/travis/.yarn/bin" />
    <property name="env.TRAVIS_OS_NAME" value="linux" />
    <property name="ant.java.version" value="9" />
    <property name="basedir" value="/home/travis/build/icyphy/ptII" />
    <property name="java.class.version" value="55.0" />
    <property name="env.SHLVL" value="3" />
    <property name="env.LD_LIBRARY_PATH" value="/home/travis/pthla/certi-tools/lib:/usr/lib/jni:/usr/local/share/OpenCV/java/:/usr/share/OpenCV/java:" />
    <property name="env.RACK_ENV" value="test" />
    <property name="ant.home" value="/home/travis/build/icyphy/ptII/ant" />
    <property name="env.NVM_DIR" value="/home/travis/.nvm" />
    <property name="env.CERTI_FOM_PATH" value="/home/travis/pthla/certi-tools/share/federations" />
    <property name="env.TRAVIS_BUILD_ID" value="660490257" />
    <property name="env.PYENV_ROOT" value="/opt/pyenv" />
    <property name="env.TRAVIS_UID" value="2000" />
    <property name="prism.verbose" value="true" />
    <property name="env.NVM_BIN" value="/home/travis/.nvm/versions/node/v7.10.1/bin" />
    <property name="env.TRAVIS_COMMIT" value="3e950cfe0f3c004454147d0a7dfedd7f8d8e77cc" />
    <property name="env._system_arch" value="x86_64" />
    <property name="node.executable" value="node" />
    <property name="sun.boot.library.path" value="/usr/local/lib/jvm/openjdk11/lib" />
    <property name="sun.management.compiler" value="HotSpot 64-Bit Tiered Compilers" />
    <property name="java.awt.graphicsenv" value="sun.awt.X11GraphicsEnvironment" />
    <property name="env.GOPATH" value="/home/travis/gopath" />
    <property name="ptolemy.ptII.dir" value="/home/travis/build/icyphy/ptII" />
    <property name="env.USER" value="travis" />
    <property name="env.HISTFILESIZE" value="2000" />
    <property name="env.NVM_INC" value="/home/travis/.nvm/versions/node/v7.10.1/include/node" />
    <property name="timeout.longest" value="19000000" />
    <property name="env.PERLBREW_SHELLRC_VERSION" value="0.86" />
    <property name="env.TRAVIS_STACK_FEATURES" value="basic couchdb disabled-ipv6 docker docker-compose elasticsearch firefox go-toolchain google-chrome jdk memcached mongodb mysql nodejs_interpreter perl_interpreter perlbrew phantomjs postgresql python_interpreter redis ruby_interpreter sqlite xserver" />
    <property name="env.TRAVIS_PULL_REQUEST" value="false" />
    <property name="env.PYENV_SHELL" value="bash" />
    <property name="ant.project.name" value="ptII" />
    <property name="env.ANSI_RESET" value="\033[0m" />
    <property name="java.vm.specification.version" value="11" />
    <property name="env.TRAVIS_DIST" value="xenial" />
    <property name="env.CERTI_VERSION" value="4.0.0" />
    <property name="env.CERTI_HOST" value="localhost" />
    <property name="awt.toolkit" value="sun.awt.X11.XToolkit" />
    <property name="env.MY_RUBY_HOME" value="/home/travis/.rvm/rubies/ruby-2.5.3" />
    <property name="sun.cpu.isalist" value="" />
    <property name="env.TRAVIS_TMPDIR" value="/tmp/tmp.NciIFr30UE" />
    <property name="java.vm.compressedOopsMode" value="Zero based" />
    <property name="os.version" value="4.15.0-1028-gcp" />
    <property name="user.home" value="/home/travis" />
    <property name="java.vm.vendor" value="Oracle Corporation" />
    <property name="env.TRAVIS_TAG" value="nightly" />
    <property name="env.ANSI_YELLOW" value="\033[33;1m" />
    <property name="env.TRAVIS_FILTERED" value="redirect_io" />
    <property name="env.ANSI_GREEN" value="\033[32;1m" />
    <property name="env.JAVA_HOME" value="/usr/local/lib/jvm/openjdk11" />
    <property name="javadoc.excludepackagenames" value="adm.cvs2svn.*,build.*,config.*,doc.coding.templates.*,jni.test.jni.meaningOfLife.*,jni.test.jni.testDeux.*,jni.test.jni.testTrois.*,org.terraswarm.accessor.accessors.web.node_modules.*,org.terraswarm.accessor.accessors.web.hosts.cordova.demo.*,org.terraswarm.accessor.accessors.web.hosts.cordova.plugins.*,org.terraswarm.accessor.accessors-svn.*,pt-modules.*,ptolemy.apps.agilent.*,ptolemy.apps.anytimecontrol.*,ptolemy.apps.apes.*,ptolemy.apps.charon.*,ptolemy.apps.crazyboard.*,ptolemy.apps.eclipse.*,ptolemy.apps.etherealSting.*,ptolemy.apps.fullscreen.*,ptolemy.apps.giotto.*,ptolemy.apps.ia.*,ptolemy.apps.interfaces.*,ptolemy.apps.jmf.*,ptolemy.apps.kurt.*,ptolemy.apps.kvm.*,ptolemy.apps.lego.*,ptolemy.apps.lejos.*,ptolemy.apps.midp.*,ptolemy.apps.mobileCoding.*,ptolemy.apps.pendulum.*,ptolemy.apps.rijndael.*,ptolemy.apps.robot.*,ptolemy.apps.security.*,ptolemy.apps.sobel.*,ptolemy.apps.soot.*,ptolemy.apps.throttle.*,ptolemy.apps.tini.*,ptolemy.apps.transmission.*,ptolemy.apps.vergil.*,ptolemy.apps.waba.*,ptolemy.apps.websensor.*,ptolemy.apps.webstart.*,ptolemy.apps.xsl.*,ptolemy.apps.zaurus.*,ptolemy.codegen.c.actor.lib.oldJavaFiles.*,ptolemy.codegen.dsp.lib.*,ptolemy.codegen.kernel.newInterfaces.*,ptolemy.codegen.lib.*,ptolemy.copernicus.kernel.fragment.*,ptolemy.copernicus.shallow.cg.*,ptolemy.domains.giotto.demo.Hierarchy.Hierarchy.*,ptolemy.domains.giotto.demo.Multimode.Multimode.*,ptolemy.domains.giotto.demo.Simple.Simple.*,ptolemy.domains.gr.lib.experimental.*,ptolemy.domains.gro.*,ptolemy.domains.pdf.*,ptolemy.domains.ptinyos.demo.Surge.output.*,ptolemy.moml.test.NoPackageActor.java*,ptolemy.plot.adm.*,ptolemy.plot.servlet.*,reports.*,signed.*,src.*,target.*,vendors.*,ptolemy.copernicus.applet.*,ptolemy.media.viewer.*,ptolemy.actor.corba.*,doc.doclets.*,ptolemy.apps.eclipse.awt.*,ptolemy.backtrack.*,ptolemy.backtrack.ast.*,ptolemy.cg.adapter.generic.program.procedural.c.mbed*,ptolemy.homer.*,ptolemy.actor.lib.jai.*,org.ptolemy.scala.*,diva.util.java2d.svg.*,ptolemy.domains.ptinyos.*,ptolemy.actor.lib.fmi.fmipp.*,,org.terraswarm.accessor.accessors.web.node_modules.*,org.terraswarm.accessor.accessors-svn,ptolemy.apps.*,ptolemy.actor.ptalon.demo.ptinyos.SendAndReceiveCnt.output,ptolemy.actor.ptalon.demo.ptinyos.SenseToLeds.output,ptolemy.domains.ptinyos.demo.CntToLedsAndRfm.output,ptolemy.domains.ptinyos.demo.RfmToLeds.output,ptolemy.domains.ptinyos.demo.SendAndReceiveCnt.output,ptolemy.domains.ptinyos.demo.SenseToLeds.output,ptolemy.actor.lib.jjs.modules.udpSocket.*" />
    <property name="env.PTII" value="/home/travis/build/icyphy/ptII" />
    <property name="env.XDG_SESSION_ID" value="2" />
    <property name="keystore" value="ptKeystore" />
    <property name="env.TRAVIS_COMMIT_MESSAGE" value="Removing useless files." />
    <property name="junit.output.dir" value="/home/travis/build/icyphy/ptII/reports/junit" />
    <property name="npm.return.code" value="0" />
    <property name="user.dir" value="/home/travis/build/icyphy/ptII/ptolemy/domains/de/test" />
    <property name="env.TRAVIS_NODE_VERSION" value="7" />
    <property name="env.TRAVIS_EVENT_TYPE" value="cron" />
    <property name="env.MAIL" value="/var/mail/travis" />
    <property name="env.PERLBREW_ROOT" value="/home/travis/perl5/perlbrew" />
    <property name="env.PWD" value="/home/travis/build/icyphy/ptII" />
    <property name="timeout.npm" value="45000" />
    <property name="env.PT_TRAVIS_TEST_CORE2_XML" value="true" />
    <property name="env.TRAVIS_ARCH" value="amd64" />
    <property name="sun.cpu.endian" value="little" />
    <property name="env.PAGER" value="cat" />
    <property name="env.TRAVIS_BUILD_STAGE_NAME" value="Test" />
    <property name="env.PERLBREW_HOME" value="/home/travis/.perlbrew" />
    <property name="java.vm.version" value="11.0.2+9" />
    <property name="env.RAILS_ENV" value="test" />
    <property name="java.class.path" value="/home/travis/build/icyphy/ptII:/home/travis/build/icyphy/ptII/lib/bsh-2.0b4.jar:/home/travis/build/icyphy/ptII/lib/ptCal.jar:/home/travis/build/icyphy/ptII/lib/java_cup.jar:/home/travis/build/icyphy/ptII/lib/saxon8.jar:/home/travis/build/icyphy/ptII/lib/saxon8-dom.jar:/home/travis/build/icyphy/ptII/lib/chic.jar:/home/travis/build/icyphy/ptII/lib/ptcolt.jar:/home/travis/build/icyphy/ptII/vendors/misc/itext/iText.jar:/home/travis/build/icyphy/ptII/lib/g4ltl.jar:/home/travis/build/icyphy/ptII/lib/StructuralCoder.jar:/home/travis/build/icyphy/ptII/lib/jcerti.jar:/home/travis/build/icyphy/ptII/lib/javax.mail.jar:/home/travis/build/icyphy/ptII/vendors/JMF-2.1.1e/lib/jmf.jar:/home/travis/build/icyphy/ptII/lib/jna-4.0.0-variadic.jar:/home/travis/build/icyphy/ptII/vendors/misc/joystick/Joystick.jar:/home/travis/build/icyphy/ptII/lib/ptjacl.jar:/home/travis/build/icyphy/ptII/lib/jsoup-1.8.2.jar:/home/travis/build/icyphy/ptII/lib/junit-4.8.2.jar:/home/travis/build/icyphy/ptII/lib/JUnitParams-0.4.0.jar:/home/travis/build/icyphy/ptII/ptolemy/actor/lib/excel/jxl.jar:/home/travis/build/icyphy/ptII/lib/jython.jar:/home/travis/build/icyphy/ptII/lib/kieler.jar:/home/travis/build/icyphy/ptII/vendors/opencv/share/OpenCV/java/opencv-341.jar:/home/travis/build/icyphy/ptII/lib/oscP5.jar:/home/travis/build/icyphy/ptII/lib/nrjavaserial-3.11.0.devel.jar:/home/travis/build/icyphy/ptII/vendors/j3d/lib/Linux/j3dcore.jar:/home/travis/build/icyphy/ptII/vendors/j3d/lib/Linux/j3dutils.jar:/home/travis/build/icyphy/ptII/vendors/j3d/lib/Linux/vecmath.jar:/home/travis/build/icyphy/ptII/vendors/jogl/lib/Linux/gluegen-rt-natives-linux-amd64.jar:/home/travis/build/icyphy/ptII/vendors/jogl/lib/Linux/gluegen-rt.jar:/home/travis/build/icyphy/ptII/vendors/jogl/lib/Linux/jogl-all-natives-linux-amd64.jar:/home/travis/build/icyphy/ptII/vendors/jogl/lib/Linux/jogl-all.jar:/home/travis/build/icyphy/ptII/ptolemy/distributed/jini/jar/jini-core.jar:/home/travis/build/icyphy/ptII/ptolemy/distributed/jini/jar/jini-ext.jar:/home/travis/build/icyphy/ptII/ptolemy/distributed/jini/jar/sun-util.jar:/home/travis/build/icyphy/ptII/lib/protobuf-java-2.4.1.jar:/home/travis/build/icyphy/ptII/lib/org.eclipse.paho.client.mqttv3.jar:/home/travis/build/icyphy/ptII/lib/mapss.jar:/home/travis/build/icyphy/ptII/ptolemy/actor/ptalon/antlr/antlr.jar:/home/travis/build/icyphy/ptII/lib/JRI.jar:/home/travis/build/icyphy/ptII/lib/commons-lang-2.6.jar:/home/travis/build/icyphy/ptII/lib/commons-logging-1.1.1.jar:/home/travis/build/icyphy/ptII/lib/sootclasses.jar:/home/travis/build/icyphy/ptII/ptolemy/actor/lib/database/mysql-connector-java-5.1.6-bin.jar:/home/travis/build/icyphy/ptII/vendors/misc/sphinx4/sphinx4-data-5prealpha.jar:/home/travis/build/icyphy/ptII/vendors/misc/sphinx4/sphinx4-core-5prealpha.jar:/home/travis/build/icyphy/ptII/lib/PDFRenderer.jar:/home/travis/build/icyphy/ptII/lib/svgSalamander.jar:/home/travis/build/icyphy/ptII/lib/rsyntaxtextarea-2.6.0-SNAPSHOT.jar:/home/travis/build/icyphy/ptII/lib/hazelcast-3.8.2.jar:/home/travis/build/icyphy/ptII/lib/jackson-annotations-2.9.0.jar:/home/travis/build/icyphy/ptII/lib/jackson-core-2.9.3.jar:/home/travis/build/icyphy/ptII/lib/jackson-databind-2.9.3.jar:/home/travis/build/icyphy/ptII/lib/netty-buffer-4.1.19.Final.jar:/home/travis/build/icyphy/ptII/lib/netty-codec-4.1.19.Final.jar:/home/travis/build/icyphy/ptII/lib/netty-codec-dns-4.1.19.Final.jar:/home/travis/build/icyphy/ptII/lib/netty-codec-http-4.1.19.Final.jar:/home/travis/build/icyphy/ptII/lib/netty-codec-http2-4.1.19.Final.jar:/home/travis/build/icyphy/ptII/lib/netty-common-4.1.19.Final.jar:/home/travis/build/icyphy/ptII/lib/netty-handler-4.1.19.Final.jar:/home/travis/build/icyphy/ptII/lib/netty-resolver-4.1.19.Final.jar:/home/travis/build/icyphy/ptII/lib/netty-resolver-dns-4.1.19.Final.jar:/home/travis/build/icyphy/ptII/lib/netty-transport-4.1.19.Final.jar:/home/travis/build/icyphy/ptII/lib/vertx-codegen-3.5.1.jar:/home/travis/build/icyphy/ptII/lib/vertx-core-3.5.2-SNAPSHOT.jar:/home/travis/build/icyphy/ptII/lib/vertx-hazelcast-3.5.1.jar:/home/travis/build/icyphy/ptII/lib/vertx-lang-js-3.5.1.jar:/home/travis/build/icyphy/ptII/lib/vertx-service-proxy-3.5.1.jar:/home/travis/build/icyphy/ptII/lib/vertx-web-3.5.1.jar:/home/travis/build/icyphy/ptII/lib/slf4j-api-1.7.13.jar:/home/travis/build/icyphy/ptII/lib/slf4j-simple-1.7.13.jar:/home/travis/build/icyphy/ptII/lib/webcam-capture-0.3.12.jar:/home/travis/build/icyphy/ptII/lib/bridj-0.7.0.jar:/home/travis/build/icyphy/ptII/lib/xbjlib-1.1.0.nrjavaserial.jar:/home/travis/build/icyphy/ptII/ptolemy/moml/test:/home/travis/build/icyphy/ptII/ant/lib/ant-launcher.jar:/home/travis/build/icyphy/ptII/ant/lib/ant.jar:/home/travis/build/icyphy/ptII/ant/lib/ant-junit.jar:/home/travis/build/icyphy/ptII/ant/lib/ant-junit4.jar" />
    <property name="ant.library.dir" value="/home/travis/build/icyphy/ptII/ant/lib" />
    <property name="os.arch" value="amd64" />
    <property name="env.CONTINUOUS_INTEGRATION" value="true" />
    <property name="env.TRAVIS_LANGUAGE" value="node_js" />
    <property name="env.TRAVIS_STACK_LANGUAGES" value="__sardonyx__ c c++ clojure cplusplus cpp default generic go groovy java node_js php pure_java python ruby scala" />
    <property name="test.name" value="ptolemy.actor.lib.test.junit.JUnitTclTest" />
    <property name="env.APT_KEY_DONT_WARN_ON_DANGEROUS_USAGE" value="1" />
    <property name="sun.java.launcher" value="SUN_STANDARD" />
    <property name="env.PYTHON_CONFIGURE_OPTS" value="--enable-unicode=ucs4 --with-wide-unicode --enable-shared --enable-ipv6 --enable-loadable-sqlite-extensions --with-computed-gotos" />
    <property name="ant.core.lib" value="/home/travis/build/icyphy/ptII/ant/lib/ant.jar" />
    <property name="java.vm.specification.vendor" value="Oracle Corporation" />
    <property name="env.BCVTB_HOME" value="/home/travis/build/icyphy/ptII/lbnl" />
    <property name="file.separator" value="/" />
    <property name="spotbugs.home" value="/home/travis/build/icyphy/ptII/vendors/spotbugs-3.1.1" />
    <property name="java.runtime.version" value="11.0.2+9" />
    <property name="env.ANSI_CLEAR" value="\033[0K" />
    <property name="javafx.verbose" value="true" />
    <property name="env.HAS_JOSH_K_SEAL_OF_APPROVAL" value="true" />
    <property name="env.XDG_RUNTIME_DIR" value="/run/user/2000" />
    <property name="env.TRAVIS_OSX_IMAGE" value="" />
    <property name="env.TRAVIS_JOB_ID" value="660490266" />
    <property name="env.TRAVIS_BRANCH" value="master" />
    <property name="user.country" value="US" />
    <property name="env.CERTI_HOME_TRAVIS" value="/home/travis/pthla/certi-tools" />
    <property name="env.SHELL" value="/bin/bash" />
    <property name="java.maxmemory.large" value="3200m" />
    <property name="model" value="" />
    <property name="env.CASHER_DIR" value="/home/travis/.casher" />
    <property name="env.NVM_CD_FLAGS" value="" />
    <property name="java.vendor.version" value="18.9" />
    <property name="jshint.executable" value="/home/travis/node_modules/jshint/bin/jshint" />
    <property name="env.JRUBY_OPTS" value=" --client -J-XX:+TieredCompilation -J-XX:TieredStopAtLevel=1 -J-Xss2m -Xcompile.invokedynamic=false" />
    <property name="java.vendor" value="Oracle Corporation" />
    <property name="env.TRAVIS_PRE_CHEF_BOOTSTRAP_TIME" value="2019-03-25T16:16:42" />
    <property name="env.TRAVIS_STACK_JOB_BOARD_REGISTER" value="/.job-board-register.yml" />
    <property name="env.ANSI_RED" value="\033[31;1m" />
    <property name="java.specification.version" value="11" />
    <property name="env.IRBRC" value="/home/travis/.rvm/rubies/ruby-2.5.3/.irbrc" />
    <property name="env.TRAVIS" value="true" />
    <property name="sun.arch.data.model" value="64" />
  </properties>
  <testcase classname="ptolemy.util.test.junit.TclTests" name="[0] /home/travis/build/icyphy/ptII/ptolemy/domains/de/test/DependencyLoop.tcl (RunTclFile)" time="0.94" />
  <testcase classname="ptolemy.util.test.junit.TclTests" name="[1] /home/travis/build/icyphy/ptII/ptolemy/domains/de/test/RunDETestsAsQSS.tcl (RunTclFile)" time="84.732" />
  <testcase classname="ptolemy.util.test.junit.AutoKnownFailedTests" name="[0] /home/travis/build/icyphy/ptII/ptolemy/domains/de/test/auto/knownFailedTests/DESDFClockTest.xml (RunModel)" time="2.056" />
  <testcase classname="ptolemy.util.test.junit.AutoKnownFailedTests" name="[1] /home/travis/build/icyphy/ptII/ptolemy/domains/de/test/auto/knownFailedTests/DirectFeedback.xml (RunModel)" time="0.026" />
  <testcase classname="ptolemy.util.test.junit.AutoKnownFailedTests" name="[2] /home/travis/build/icyphy/ptII/ptolemy/domains/de/test/auto/knownFailedTests/FSMSource.xml (RunModel)" time="0.03" />
  <testcase classname="ptolemy.util.test.junit.AutoKnownFailedTests" name="[3] /home/travis/build/icyphy/ptII/ptolemy/domains/de/test/auto/knownFailedTests/HierarchicalModel.xml (RunModel)" time="0.04" />
  <testcase classname="ptolemy.util.test.junit.AutoKnownFailedTests" name="[4] /home/travis/build/icyphy/ptII/ptolemy/domains/de/test/auto/knownFailedTests/dependencyLoop.xml (RunModel)" time="0.046" />
  <testcase classname="ptolemy.util.test.junit.AutoKnownFailedTests" name="[5] /home/travis/build/icyphy/ptII/ptolemy/domains/de/test/auto/knownFailedTests/dependencyLoop2.xml (RunModel)" time="0.042" />
  <testcase classname="ptolemy.util.test.junit.AutoNameArchTests" name="[0] ThereAreNoAutoArchTests (RunModel)" time="0.004" />
  <testcase classname="ptolemy.util.test.junit.AutoTests" name="[0] /home/travis/build/icyphy/ptII/ptolemy/domains/de/test/auto/ActorDepthCalculation_actorWithoutPorts.xml (RunModel)" time="0.02" />
  <testcase classname="ptolemy.util.test.junit.AutoTests" name="[1] /home/travis/build/icyphy/ptII/ptolemy/domains/de/test/auto/AssemblyLine.xml (RunModel)" time="0.024" />
  <testcase classname="ptolemy.util.test.junit.AutoTests" name="[2] /home/travis/build/icyphy/ptII/ptolemy/domains/de/test/auto/CQBug1.xml (RunModel)" time="0.014" />
  <testcase classname="ptolemy.util.test.junit.AutoTests" name="[3] /home/travis/build/icyphy/ptII/ptolemy/domains/de/test/auto/CancelFireAt.xml (RunModel)" time="0.011" />
  <testcase classname="ptolemy.util.test.junit.AutoTests" name="[4] /home/travis/build/icyphy/ptII/ptolemy/domains/de/test/auto/CausalityAndComposabilityAnalysis.xml (RunModel)" time="0.011" />
  <testcase classname="ptolemy.util.test.junit.AutoTests" name="[5] /home/travis/build/icyphy/ptII/ptolemy/domains/de/test/auto/CausalityInterface1.xml (RunModel)" time="0.017" />
  <testcase classname="ptolemy.util.test.junit.AutoTests" name="[6] /home/travis/build/icyphy/ptII/ptolemy/domains/de/test/auto/CausalityInterface15.xml (RunModel)" time="0.019" />
  <testcase classname="ptolemy.util.test.junit.AutoTests" name="[7] /home/travis/build/icyphy/ptII/ptolemy/domains/de/test/auto/CausalityInterface2.xml (RunModel)" time="0.014" />
  <testcase classname="ptolemy.util.test.junit.AutoTests" name="[8] /home/travis/build/icyphy/ptII/ptolemy/domains/de/test/auto/CausalityInterface3.xml (RunModel)" time="0.016" />
  <testcase classname="ptolemy.util.test.junit.AutoTests" name="[9] /home/travis/build/icyphy/ptII/ptolemy/domains/de/test/auto/ClockDrift.xml (RunModel)" time="0.068" />
  <testcase classname="ptolemy.util.test.junit.AutoTests" name="[10] /home/travis/build/icyphy/ptII/ptolemy/domains/de/test/auto/ClockDriftAndValueChange.xml (RunModel)" time="0.042" />
  <testcase classname="ptolemy.util.test.junit.AutoTests" name="[11] /home/travis/build/icyphy/ptII/ptolemy/domains/de/test/auto/ClockDriftChange.xml (RunModel)" time="0.036" />
  <testcase classname="ptolemy.util.test.junit.AutoTests" name="[12] /home/travis/build/icyphy/ptII/ptolemy/domains/de/test/auto/ComposableCausalityAnalysis.xml (RunModel)" time="0.016" />
  <testcase classname="ptolemy.util.test.junit.AutoTests" name="[13] /home/travis/build/icyphy/ptII/ptolemy/domains/de/test/auto/DEFixedPointLimitation.xml (RunModel)" time="0.015" />
  <testcase classname="ptolemy.util.test.junit.AutoTests" name="[14] /home/travis/build/icyphy/ptII/ptolemy/domains/de/test/auto/DEScheduleTest.xml (RunModel)" time="0.016" />
  <testcase classname="ptolemy.util.test.junit.AutoTests" name="[15] /home/travis/build/icyphy/ptII/ptolemy/domains/de/test/auto/DEinDEwithStartTimes.xml (RunModel)" time="0.04" />
  <testcase classname="ptolemy.util.test.junit.AutoTests" name="[16] /home/travis/build/icyphy/ptII/ptolemy/domains/de/test/auto/DEinDEwithStartTimes2.xml (RunModel)" time="0.043" />
  <testcase classname="ptolemy.util.test.junit.AutoTests" name="[17] /home/travis/build/icyphy/ptII/ptolemy/domains/de/test/auto/DateDemo.xml (RunModel)" time="0.078" />
  <testcase classname="ptolemy.util.test.junit.AutoTests" name="[18] /home/travis/build/icyphy/ptII/ptolemy/domains/de/test/auto/DateToEvent.xml (RunModel)" time="2.051" />
  <testcase classname="ptolemy.util.test.junit.AutoTests" name="[19] /home/travis/build/icyphy/ptII/ptolemy/domains/de/test/auto/DepthTest1.xml (RunModel)" time="0.014" />
  <testcase classname="ptolemy.util.test.junit.AutoTests" name="[20] /home/travis/build/icyphy/ptII/ptolemy/domains/de/test/auto/DepthTest2.xml (RunModel)" time="0.032" />
  <testcase classname="ptolemy.util.test.junit.AutoTests" name="[21] /home/travis/build/icyphy/ptII/ptolemy/domains/de/test/auto/DepthTest3.xml (RunModel)" time="0.011" />
  <testcase classname="ptolemy.util.test.junit.AutoTests" name="[22] /home/travis/build/icyphy/ptII/ptolemy/domains/de/test/auto/DepthTest4.xml (RunModel)" time="0.017" />
  <testcase classname="ptolemy.util.test.junit.AutoTests" name="[23] /home/travis/build/icyphy/ptII/ptolemy/domains/de/test/auto/DepthTest5.xml (RunModel)" time="0.013" />
  <testcase classname="ptolemy.util.test.junit.AutoTests" name="[24] /home/travis/build/icyphy/ptII/ptolemy/domains/de/test/auto/DepthTest6.xml (RunModel)" time="0.01" />
  <testcase classname="ptolemy.util.test.junit.AutoTests" name="[25] /home/travis/build/icyphy/ptII/ptolemy/domains/de/test/auto/DepthTest7.xml (RunModel)" time="0.01" />
  <testcase classname="ptolemy.util.test.junit.AutoTests" name="[26] /home/travis/build/icyphy/ptII/ptolemy/domains/de/test/auto/EventToDate.xml (RunModel)" time="3.042" />
  <testcase classname="ptolemy.util.test.junit.AutoTests" name="[27] /home/travis/build/icyphy/ptII/ptolemy/domains/de/test/auto/FSM1.xml (RunModel)" time="0.028" />
  <testcase classname="ptolemy.util.test.junit.AutoTests" name="[28] /home/travis/build/icyphy/ptII/ptolemy/domains/de/test/auto/FSM7.xml (RunModel)" time="0.03" />
  <testcase classname="ptolemy.util.test.junit.AutoTests" name="[29] /home/travis/build/icyphy/ptII/ptolemy/domains/de/test/auto/Inspection.xml (RunModel)" time="0.047" />
  <testcase classname="ptolemy.util.test.junit.AutoTests" name="[30] /home/travis/build/icyphy/ptII/ptolemy/domains/de/test/auto/Iteration.xml (RunModel)" time="0.019" />
  <testcase classname="ptolemy.util.test.junit.AutoTests" name="[31] /home/travis/build/icyphy/ptII/ptolemy/domains/de/test/auto/LineFault.xml (RunModel)" time="0.566" />
  <testcase classname="ptolemy.util.test.junit.AutoTests" name="[32] /home/travis/build/icyphy/ptII/ptolemy/domains/de/test/auto/MergeModel1Add.xml (RunModel)" time="0.045" />
  <testcase classname="ptolemy.util.test.junit.AutoTests" name="[33] /home/travis/build/icyphy/ptII/ptolemy/domains/de/test/auto/MergeModel2Add.xml (RunModel)" time="0.038" />
  <testcase classname="ptolemy.util.test.junit.AutoTests" name="[34] /home/travis/build/icyphy/ptII/ptolemy/domains/de/test/auto/MergeModel3Add.xml (RunModel)" time="0.035" />
  <testcase classname="ptolemy.util.test.junit.AutoTests" name="[35] /home/travis/build/icyphy/ptII/ptolemy/domains/de/test/auto/MergeWithoutDiscard.xml (RunModel)" time="0.01" />
  <testcase classname="ptolemy.util.test.junit.AutoTests" name="[36] /home/travis/build/icyphy/ptII/ptolemy/domains/de/test/auto/Modal1.xml (RunModel)" time="0.025" />
  <testcase classname="ptolemy.util.test.junit.AutoTests" name="[37] /home/travis/build/icyphy/ptII/ptolemy/domains/de/test/auto/Modal2.xml (RunModel)" time="0.032" />
  <testcase classname="ptolemy.util.test.junit.AutoTests" name="[38] /home/travis/build/icyphy/ptII/ptolemy/domains/de/test/auto/Modal3.xml (RunModel)" time="0.027" />
  <testcase classname="ptolemy.util.test.junit.AutoTests" name="[39] /home/travis/build/icyphy/ptII/ptolemy/domains/de/test/auto/Modal4.xml (RunModel)" time="0.033" />
  <testcase classname="ptolemy.util.test.junit.AutoTests" name="[40] /home/travis/build/icyphy/ptII/ptolemy/domains/de/test/auto/Modal5.xml (RunModel)" time="0.031" />
  <testcase classname="ptolemy.util.test.junit.AutoTests" name="[41] /home/travis/build/icyphy/ptII/ptolemy/domains/de/test/auto/Modal6.xml (RunModel)" time="0.033" />
  <testcase classname="ptolemy.util.test.junit.AutoTests" name="[42] /home/travis/build/icyphy/ptII/ptolemy/domains/de/test/auto/Modal7.xml (RunModel)" time="0.027" />
  <testcase classname="ptolemy.util.test.junit.AutoTests" name="[43] /home/travis/build/icyphy/ptII/ptolemy/domains/de/test/auto/ModalModel.xml (RunModel)" time="0.164" />
  <testcase classname="ptolemy.util.test.junit.AutoTests" name="[44] /home/travis/build/icyphy/ptII/ptolemy/domains/de/test/auto/ModalSource.xml (RunModel)" time="0.017" />
  <testcase classname="ptolemy.util.test.junit.AutoTests" name="[45] /home/travis/build/icyphy/ptII/ptolemy/domains/de/test/auto/NonInterruptibleTimerZeroDelay.xml (RunModel)" time="0.011" />
  <testcase classname="ptolemy.util.test.junit.AutoTests" name="[46] /home/travis/build/icyphy/ptII/ptolemy/domains/de/test/auto/OpenQueueingNetwork.xml (RunModel)" time="2.414" />
  <testcase classname="ptolemy.util.test.junit.AutoTests" name="[47] /home/travis/build/icyphy/ptII/ptolemy/domains/de/test/auto/OpenQueuingNetwork.xml (RunModel)" time="0.301" />
  <testcase classname="ptolemy.util.test.junit.AutoTests" name="[48] /home/travis/build/icyphy/ptII/ptolemy/domains/de/test/auto/PeriodicSampler.xml (RunModel)" time="0.008" />
  <testcase classname="ptolemy.util.test.junit.AutoTests" name="[49] /home/travis/build/icyphy/ptII/ptolemy/domains/de/test/auto/PersistentIO.xml (RunModel)" time="0.026" />
  <testcase classname="ptolemy.util.test.junit.AutoTests" name="[50] /home/travis/build/icyphy/ptII/ptolemy/domains/de/test/auto/PortParameterResetOnInitialize.xml (RunModel)" time="0.015" />
  <testcase classname="ptolemy.util.test.junit.AutoTests" name="[51] /home/travis/build/icyphy/ptII/ptolemy/domains/de/test/auto/PortParameterUpdates.xml (RunModel)" time="0.014" />
  <testcase classname="ptolemy.util.test.junit.AutoTests" name="[52] /home/travis/build/icyphy/ptII/ptolemy/domains/de/test/auto/QueueAndServer.xml (RunModel)" time="0.023" />
  <testcase classname="ptolemy.util.test.junit.AutoTests" name="[53] /home/travis/build/icyphy/ptII/ptolemy/domains/de/test/auto/Records.xml (RunModel)" time="0.015" />
  <testcase classname="ptolemy.util.test.junit.AutoTests" name="[54] /home/travis/build/icyphy/ptII/ptolemy/domains/de/test/auto/ResetTransitionWithStartTime1.xml (RunModel)" time="0.023" />
  <testcase classname="ptolemy.util.test.junit.AutoTests" name="[55] /home/travis/build/icyphy/ptII/ptolemy/domains/de/test/auto/ResetTransitionWithStartTime2.xml (RunModel)" time="0.023" />
  <testcase classname="ptolemy.util.test.junit.AutoTests" name="[56] /home/travis/build/icyphy/ptII/ptolemy/domains/de/test/auto/ResetTransitionWithStartTime3.xml (RunModel)" time="0.022" />
  <testcase classname="ptolemy.util.test.junit.AutoTests" name="[57] /home/travis/build/icyphy/ptII/ptolemy/domains/de/test/auto/ResetTransitionWithStartTime4.xml (RunModel)" time="0.018" />
  <testcase classname="ptolemy.util.test.junit.AutoTests" name="[58] /home/travis/build/icyphy/ptII/ptolemy/domains/de/test/auto/ResettableTimer1.xml (RunModel)" time="0.01" />
  <testcase classname="ptolemy.util.test.junit.AutoTests" name="[59] /home/travis/build/icyphy/ptII/ptolemy/domains/de/test/auto/ResettableTimer2.xml (RunModel)" time="0.012" />
  <testcase classname="ptolemy.util.test.junit.AutoTests" name="[60] /home/travis/build/icyphy/ptII/ptolemy/domains/de/test/auto/ResettableTimer3.xml (RunModel)" time="0.009" />
  <testcase classname="ptolemy.util.test.junit.AutoTests" name="[61] /home/travis/build/icyphy/ptII/ptolemy/domains/de/test/auto/ResettableTimer4.xml (RunModel)" time="0.008" />
  <testcase classname="ptolemy.util.test.junit.AutoTests" name="[62] /home/travis/build/icyphy/ptII/ptolemy/domains/de/test/auto/ResettableTimer5.xml (RunModel)" time="0.01" />
  <testcase classname="ptolemy.util.test.junit.AutoTests" name="[63] /home/travis/build/icyphy/ptII/ptolemy/domains/de/test/auto/ResettableTimer6.xml (RunModel)" time="0.014" />
  <testcase classname="ptolemy.util.test.junit.AutoTests" name="[64] /home/travis/build/icyphy/ptII/ptolemy/domains/de/test/auto/ServerZeroDelay.xml (RunModel)" time="0.008" />
  <testcase classname="ptolemy.util.test.junit.AutoTests" name="[65] /home/travis/build/icyphy/ptII/ptolemy/domains/de/test/auto/SmartSender.xml (RunModel)" time="3.007" />
  <testcase classname="ptolemy.util.test.junit.AutoTests" name="[66] /home/travis/build/icyphy/ptII/ptolemy/domains/de/test/auto/ThreadedComposite.xml (RunModel)" time="0.159" />
  <testcase classname="ptolemy.util.test.junit.AutoTests" name="[67] /home/travis/build/icyphy/ptII/ptolemy/domains/de/test/auto/Time.xml (RunModel)" time="0.427" />
  <testcase classname="ptolemy.util.test.junit.AutoTests" name="[68] /home/travis/build/icyphy/ptII/ptolemy/domains/de/test/auto/TimeDelayZeroDelay.xml (RunModel)" time="0.012" />
  <testcase classname="ptolemy.util.test.junit.AutoTests" name="[69] /home/travis/build/icyphy/ptII/ptolemy/domains/de/test/auto/TimerZeroDelay.xml (RunModel)" time="0.01" />
  <testcase classname="ptolemy.util.test.junit.AutoTests" name="[70] /home/travis/build/icyphy/ptII/ptolemy/domains/de/test/auto/TimingParadox.xml (RunModel)" time="0.333" />
  <testcase classname="ptolemy.util.test.junit.AutoTests" name="[71] /home/travis/build/icyphy/ptII/ptolemy/domains/de/test/auto/TransferInputs.xml (RunModel)" time="0.009" />
  <testcase classname="ptolemy.util.test.junit.AutoTests" name="[72] /home/travis/build/icyphy/ptII/ptolemy/domains/de/test/auto/TransferOutputs2.xml (RunModel)" time="0.014" />
  <testcase classname="ptolemy.util.test.junit.AutoTests" name="[73] /home/travis/build/icyphy/ptII/ptolemy/domains/de/test/auto/Trilateration.xml (RunModel)" time="11.499" />
  <testcase classname="ptolemy.util.test.junit.AutoTests" name="[74] /home/travis/build/icyphy/ptII/ptolemy/domains/de/test/auto/TwoSigmaDelta.xml (RunModel)" time="2.066" />
  <testcase classname="ptolemy.util.test.junit.AutoTests" name="[75] /home/travis/build/icyphy/ptII/ptolemy/domains/de/test/auto/VariableDelay.xml (RunModel)" time="0.014" />
  <testcase classname="ptolemy.util.test.junit.AutoTests" name="[76] /home/travis/build/icyphy/ptII/ptolemy/domains/de/test/auto/VariableDelay2.xml (RunModel)" time="0.009" />
  <testcase classname="ptolemy.util.test.junit.AutoTests" name="[77] /home/travis/build/icyphy/ptII/ptolemy/domains/de/test/auto/VariableDelayZeroDelay.xml (RunModel)" time="0.009" />
  <testcase classname="ptolemy.util.test.junit.AutoTests" name="[78] /home/travis/build/icyphy/ptII/ptolemy/domains/de/test/auto/VariableDelayZeroDelay2.xml (RunModel)" time="0.007" />
  <testcase classname="ptolemy.util.test.junit.AutoTests" name="[79] /home/travis/build/icyphy/ptII/ptolemy/domains/de/test/auto/deInCt.xml (RunModel)" time="0.013" />
  <testcase classname="ptolemy.util.test.junit.AutoTests" name="[80] /home/travis/build/icyphy/ptII/ptolemy/domains/de/test/auto/deInCt2.xml (RunModel)" time="0.012" />
  <testcase classname="ptolemy.util.test.junit.AutoTests" name="[81] /home/travis/build/icyphy/ptII/ptolemy/domains/de/test/auto/dynamicCausalityInterface1.xml (RunModel)" time="0.015" />
  <testcase classname="ptolemy.util.test.junit.AutoTests" name="[82] /home/travis/build/icyphy/ptII/ptolemy/domains/de/test/auto/fsm_de_test.xml (RunModel)" time="0.02" />
  <testcase classname="ptolemy.util.test.junit.AutoTests" name="[83] /home/travis/build/icyphy/ptII/ptolemy/domains/de/test/auto/functionDependencyReconstruction.xml (RunModel)" time="0.026" />
  <testcase classname="ptolemy.util.test.junit.AutoTests" name="[84] /home/travis/build/icyphy/ptII/ptolemy/domains/de/test/auto/multirate.xml (RunModel)" time="0.014" />
  <testcase classname="ptolemy.util.test.junit.AutoTests" name="[85] /home/travis/build/icyphy/ptII/ptolemy/domains/de/test/auto/multirate2.xml (RunModel)" time="0.014" />
  <testcase classname="ptolemy.util.test.junit.AutoTests" name="[86] /home/travis/build/icyphy/ptII/ptolemy/domains/de/test/auto/realtime.xml (RunModel)" time="10.008" />
  <testcase classname="ptolemy.util.test.junit.AutoTests" name="[87] /home/travis/build/icyphy/ptII/ptolemy/domains/de/test/auto/relationGroup.xml (RunModel)" time="0.01" />
  <testcase classname="ptolemy.util.test.junit.AutoTests" name="[88] /home/travis/build/icyphy/ptII/ptolemy/domains/de/test/auto/relationGroup2.xml (RunModel)" time="0.014" />
  <testcase classname="ptolemy.util.test.junit.AutoTests" name="[89] /home/travis/build/icyphy/ptII/ptolemy/domains/de/test/auto/sortWithOpaquePorts.xml (RunModel)" time="0.019" />
  <testcase classname="ptolemy.util.test.junit.AutoTests" name="[90] /home/travis/build/icyphy/ptII/ptolemy/domains/de/test/auto/transferInputsandOutputs.xml (RunModel)" time="0.023" />
  <testcase classname="ptolemy.util.test.junit.AutoTests" name="[91] /home/travis/build/icyphy/ptII/ptolemy/domains/de/test/auto/triggerType.xml (RunModel)" time="0.007" />
  <system-out><![CDATA[/home/travis/build/icyphy/ptII/ptolemy/domains/de/test/DependencyLoop.tcl
testDefs.tcl: setting time out to 9000 seconds at Tue Mar 10 07:13:01 UTC 2020
51 ms. Memory: 129024K Free: 78789K (61%)
12 ms. Memory: 129024K Free: 61381K (48%)
/home/travis/build/icyphy/ptII/ptolemy/domains/de/test/RunDETestsAsQSS.tcl
Run the DE tests using ptolemy.domains.qss.test.QSSDirectorTest, which extends QSSDirector and prints a message in the constructors.
------------------ testing $PTII/ptolemy/domains/de/test/auto/knownFailedTests/DirectFeedback.xml (Known Failure) 
39 ms. Memory: 129024K Free: 56261K (44%)


==== $PTIIhome/travis/build/icyphy/ptII/ptolemy/domains/de/test/../../../../: Auto Automatic test in file $PTII/ptolemy/domains/de/test/auto/knownFailedTests/DirectFeedback.xml
==== Contents of test case:

	    # FIXME: we should use $relativeFilename here, but it
	    # might have backslashes under Windows, which causes no end
	    # of trouble.
	    createAndExecute $file
	    list {}
	
.... Test generated KNOWN error:
    while executing
ptolemy.kernel.util.IllegalActionException: Test fails in iteration 1.
Value was: 1.0. Should have been: 2.0
  in .DirectFeedback.Test
	at ptolemy.actor.lib.Test.fire(Test.java:268)
	at ptolemy.domains.de.kernel.DEDirector._fire(DEDirector.java:1949)
	at ptolemy.domains.de.kernel.DEDirector.fire(DEDirector.java:502)
	at ptolemy.actor.CompositeActor.fire(CompositeActor.java:455)
	at ptolemy.actor.Manager.iterate(Manager.java:851)
	at ptolemy.actor.Manager.execute(Manager.java:369)
	at ptolemy.actor.Manager.run(Manager.java:1263)
	at ptolemy.actor.Manager$PtolemyRunThread.run(Manager.java:1933)

    while executing
ptolemy.kernel.util.IllegalActionException: Test fails in iteration 1.
Value was: 1.0. Should have been: 2.0
  in .DirectFeedback.Test
    while executing
"java::new ptolemy.moml.MoMLSimpleApplication $file
"
    (procedure "createAndExecute" line 2)
    invoked from within
"createAndExecute $file"
    ("uplevel" body line 5)
    invoked from within
"uplevel $contents_of_test"
------------------ testing $PTII/ptolemy/domains/de/test/auto/knownFailedTests/dependencyLoop.xml (Known Failure) 
13 ms. Memory: 129024K Free: 53189K (41%)


==== $PTIIhome/travis/build/icyphy/ptII/ptolemy/domains/de/test/../../../../: Auto Automatic test in file $PTII/ptolemy/domains/de/test/auto/knownFailedTests/dependencyLoop.xml
==== Contents of test case:

	    # FIXME: we should use $relativeFilename here, but it
	    # might have backslashes under Windows, which causes no end
	    # of trouble.
	    createAndExecute $file
	    list {}
	
.... Test generated KNOWN error:
    while executing
ptolemy.kernel.util.IllegalActionException: Found a zero delay loop containing .dependencyLoop.original
  in .dependencyLoop and .dependencyLoop.original
	at ptolemy.actor.util.CausalityInterfaceForComposites._computeOutputPortDepth(CausalityInterfaceForComposites.java:759)
	at ptolemy.actor.util.CausalityInterfaceForComposites._computeInputDepth(CausalityInterfaceForComposites.java:696)
	at ptolemy.actor.util.CausalityInterfaceForComposites._computeOutputPortDepth(CausalityInterfaceForComposites.java:765)
	at ptolemy.actor.util.CausalityInterfaceForComposites._computeInputDepth(CausalityInterfaceForComposites.java:696)
	at ptolemy.actor.util.CausalityInterfaceForComposites._computeOutputPortDepth(CausalityInterfaceForComposites.java:765)
	at ptolemy.actor.util.CausalityInterfaceForComposites._computeInputDepth(CausalityInterfaceForComposites.java:696)
	at ptolemy.actor.util.CausalityInterfaceForComposites._computeActorDepth(CausalityInterfaceForComposites.java:532)
	at ptolemy.actor.util.CausalityInterfaceForComposites.checkForCycles(CausalityInterfaceForComposites.java:96)
	at ptolemy.domains.de.kernel.DEDirector.preinitialize(DEDirector.java:1338)
	at ptolemy.actor.CompositeActor.preinitialize(CompositeActor.java:1828)
	at ptolemy.actor.Manager.preinitializeAndResolveTypes(Manager.java:1040)
	at ptolemy.actor.Manager.initialize(Manager.java:710)
	at ptolemy.actor.Manager.execute(Manager.java:356)
	at ptolemy.actor.Manager.run(Manager.java:1263)
	at ptolemy.actor.Manager$PtolemyRunThread.run(Manager.java:1933)

    while executing
ptolemy.kernel.util.IllegalActionException: Found a zero delay loop containing .dependencyLoop.original
  in .dependencyLoop and .dependencyLoop.original
    while executing
"java::new ptolemy.moml.MoMLSimpleApplication $file
"
    (procedure "createAndExecute" line 2)
    invoked from within
"createAndExecute $file"
    ("uplevel" body line 5)
    invoked from within
"uplevel $contents_of_test"
------------------ testing $PTII/ptolemy/domains/de/test/auto/knownFailedTests/FSMSource.xml (Known Failure) 
47 ms. Memory: 129024K Free: 112114K (87%)
!!!! Auto was marked as failing, but now passes
------------------ testing $PTII/ptolemy/domains/de/test/auto/knownFailedTests/HierarchicalModel.xml (Known Failure) 
6 ms. Memory: 129024K Free: 93677K (73%)


==== $PTIIhome/travis/build/icyphy/ptII/ptolemy/domains/de/test/../../../../: Auto Automatic test in file $PTII/ptolemy/domains/de/test/auto/knownFailedTests/HierarchicalModel.xml
==== Contents of test case:

	    # FIXME: we should use $relativeFilename here, but it
	    # might have backslashes under Windows, which causes no end
	    # of trouble.
	    createAndExecute $file
	    list {}
	
.... Test generated KNOWN error:
    while executing
ptolemy.kernel.util.IllegalActionException: Found a zero delay loop containing .HierarchicalModel.A
  in .HierarchicalModel and .HierarchicalModel.A
	at ptolemy.actor.util.CausalityInterfaceForComposites._computeOutputPortDepth(CausalityInterfaceForComposites.java:759)
	at ptolemy.actor.util.CausalityInterfaceForComposites._computeInputDepth(CausalityInterfaceForComposites.java:696)
	at ptolemy.actor.util.CausalityInterfaceForComposites._computeOutputPortDepth(CausalityInterfaceForComposites.java:765)
	at ptolemy.actor.util.CausalityInterfaceForComposites._computeInputDepth(CausalityInterfaceForComposites.java:696)
	at ptolemy.actor.util.CausalityInterfaceForComposites._computeOutputPortDepth(CausalityInterfaceForComposites.java:765)
	at ptolemy.actor.util.CausalityInterfaceForComposites._computeInputDepth(CausalityInterfaceForComposites.java:696)
	at ptolemy.actor.util.CausalityInterfaceForComposites._computeActorDepth(CausalityInterfaceForComposites.java:532)
	at ptolemy.actor.util.CausalityInterfaceForComposites.checkForCycles(CausalityInterfaceForComposites.java:96)
	at ptolemy.domains.de.kernel.DEDirector.preinitialize(DEDirector.java:1338)
	at ptolemy.actor.CompositeActor.preinitialize(CompositeActor.java:1828)
	at ptolemy.actor.Manager.preinitializeAndResolveTypes(Manager.java:1040)
	at ptolemy.actor.Manager.initialize(Manager.java:710)
	at ptolemy.actor.Manager.execute(Manager.java:356)
	at ptolemy.actor.Manager.run(Manager.java:1263)
	at ptolemy.actor.Manager$PtolemyRunThread.run(Manager.java:1933)

    while executing
ptolemy.kernel.util.IllegalActionException: Found a zero delay loop containing .HierarchicalModel.A
  in .HierarchicalModel and .HierarchicalModel.A
    while executing
"java::new ptolemy.moml.MoMLSimpleApplication $file
"
    (procedure "createAndExecute" line 2)
    invoked from within
"createAndExecute $file"
    ("uplevel" body line 5)
    invoked from within
"uplevel $contents_of_test"
------------------ testing $PTII/ptolemy/domains/de/test/auto/knownFailedTests/dependencyLoop2.xml (Known Failure) 
6 ms. Memory: 129024K Free: 77862K (60%)


==== $PTIIhome/travis/build/icyphy/ptII/ptolemy/domains/de/test/../../../../: Auto Automatic test in file $PTII/ptolemy/domains/de/test/auto/knownFailedTests/dependencyLoop2.xml
==== Contents of test case:

	    # FIXME: we should use $relativeFilename here, but it
	    # might have backslashes under Windows, which causes no end
	    # of trouble.
	    createAndExecute $file
	    list {}
	
.... Test generated KNOWN error:
    while executing
ptolemy.kernel.util.IllegalActionException: Found a zero delay loop containing .dependencyLoop2.original
  in .dependencyLoop2 and .dependencyLoop2.original
	at ptolemy.actor.util.CausalityInterfaceForComposites._computeOutputPortDepth(CausalityInterfaceForComposites.java:759)
	at ptolemy.actor.util.CausalityInterfaceForComposites._computeInputDepth(CausalityInterfaceForComposites.java:696)
	at ptolemy.actor.util.CausalityInterfaceForComposites._computeOutputPortDepth(CausalityInterfaceForComposites.java:765)
	at ptolemy.actor.util.CausalityInterfaceForComposites._computeInputDepth(CausalityInterfaceForComposites.java:696)
	at ptolemy.actor.util.CausalityInterfaceForComposites._computeOutputPortDepth(CausalityInterfaceForComposites.java:765)
	at ptolemy.actor.util.CausalityInterfaceForComposites._computeInputDepth(CausalityInterfaceForComposites.java:696)
	at ptolemy.actor.util.CausalityInterfaceForComposites._computeActorDepth(CausalityInterfaceForComposites.java:532)
	at ptolemy.actor.util.CausalityInterfaceForComposites.checkForCycles(CausalityInterfaceForComposites.java:96)
	at ptolemy.domains.de.kernel.DEDirector.preinitialize(DEDirector.java:1338)
	at ptolemy.actor.CompositeActor.preinitialize(CompositeActor.java:1828)
	at ptolemy.actor.Manager.preinitializeAndResolveTypes(Manager.java:1040)
	at ptolemy.actor.Manager.initialize(Manager.java:710)
	at ptolemy.actor.Manager.execute(Manager.java:356)
	at ptolemy.actor.Manager.run(Manager.java:1263)
	at ptolemy.actor.Manager$PtolemyRunThread.run(Manager.java:1933)

    while executing
ptolemy.kernel.util.IllegalActionException: Found a zero delay loop containing .dependencyLoop2.original
  in .dependencyLoop2 and .dependencyLoop2.original
    while executing
"java::new ptolemy.moml.MoMLSimpleApplication $file
"
    (procedure "createAndExecute" line 2)
    invoked from within
"createAndExecute $file"
    ("uplevel" body line 5)
    invoked from within
"uplevel $contents_of_test"
------------------ testing $PTII/ptolemy/domains/de/test/auto/knownFailedTests/DESDFClockTest.xml (Known Failure) 
2069 ms. Memory: 129024K Free: 108587K (84%)


==== $PTIIhome/travis/build/icyphy/ptII/ptolemy/domains/de/test/../../../../: Auto Automatic test in file $PTII/ptolemy/domains/de/test/auto/knownFailedTests/DESDFClockTest.xml
==== Contents of test case:

	    # FIXME: we should use $relativeFilename here, but it
	    # might have backslashes under Windows, which causes no end
	    # of trouble.
	    createAndExecute $file
	    list {}
	
.... Test generated KNOWN error:
    while executing
ptolemy.kernel.util.IllegalActionException: Actor is not ready to fire.  Perhaps UpSample.prefire() returned false? Try debugging the actor by selecting "Listen to Actor".  Also, for SDF check moml for tokenConsumptionRate on input.
  in .DESDFClockTest.Play Bell.Copy1:SDF Director and .DESDFClockTest.Play Bell.UpSample
	at ptolemy.actor.sched.StaticSchedulingDirector.fire(StaticSchedulingDirector.java:227)
	at ptolemy.domains.sdf.kernel.SDFDirector.fire(SDFDirector.java:500)
	at ptolemy.actor.CompositeActor.fire(CompositeActor.java:455)
	at ptolemy.domains.de.kernel.DEDirector._fire(DEDirector.java:1949)
	at ptolemy.domains.de.kernel.DEDirector.fire(DEDirector.java:502)
	at ptolemy.actor.CompositeActor.fire(CompositeActor.java:455)
	at ptolemy.actor.Manager.iterate(Manager.java:851)
	at ptolemy.actor.Manager.execute(Manager.java:369)
	at ptolemy.actor.Manager.run(Manager.java:1263)
	at ptolemy.actor.Manager$PtolemyRunThread.run(Manager.java:1933)

    while executing
ptolemy.kernel.util.IllegalActionException: Actor is not ready to fire.  Perhaps UpSample.prefire() returned false? Try debugging the actor by selecting "Listen to Actor".  Also, for SDF check moml for tokenConsumptionRate on input.
  in .DESDFClockTest.Play Bell.Copy1:SDF Director and .DESDFClockTest.Play Bell.UpSample
    while executing
"java::new ptolemy.moml.MoMLSimpleApplication $file
"
    (procedure "createAndExecute" line 2)
    invoked from within
"createAndExecute $file"
    ("uplevel" body line 5)
    invoked from within
"uplevel $contents_of_test"
------------------ testing $PTII/ptolemy/domains/de/test/auto/ActorDepthCalculation_actorWithoutPorts.xml
auto.tcl: Setting watchdog for 200 seconds at Tue Mar 10 07:13:05 UTC 2020
5 ms. Memory: 129024K Free: 100909K (78%)
ptolemy.util.test.WatchDog.cancel(): canceling Tue Mar 10 07:13:05 UTC 2020
auto.tcl: Setting watchdog for 200 seconds at Tue Mar 10 07:13:05 UTC 2020
8 ms. Memory: 129024K Free: 99371K (77%)
ptolemy.util.test.WatchDog.cancel(): canceling Tue Mar 10 07:13:05 UTC 2020
------------------ testing $PTII/ptolemy/domains/de/test/auto/AssemblyLine.xml
auto.tcl: Setting watchdog for 200 seconds at Tue Mar 10 07:13:05 UTC 2020
20 ms. Memory: 51200K Free: 27452K (54%)
ptolemy.util.test.WatchDog.cancel(): canceling Tue Mar 10 07:13:06 UTC 2020
auto.tcl: Setting watchdog for 200 seconds at Tue Mar 10 07:13:06 UTC 2020
6 ms. Memory: 51200K Free: 26734K (52%)
ptolemy.util.test.WatchDog.cancel(): canceling Tue Mar 10 07:13:06 UTC 2020
------------------ testing $PTII/ptolemy/domains/de/test/auto/CQBug1.xml
auto.tcl: Setting watchdog for 200 seconds at Tue Mar 10 07:13:06 UTC 2020
3 ms. Memory: 51200K Free: 33241K (65%)
ptolemy.util.test.WatchDog.cancel(): canceling Tue Mar 10 07:13:06 UTC 2020
auto.tcl: Setting watchdog for 200 seconds at Tue Mar 10 07:13:06 UTC 2020
2 ms. Memory: 51200K Free: 32806K (64%)
ptolemy.util.test.WatchDog.cancel(): canceling Tue Mar 10 07:13:06 UTC 2020
------------------ testing $PTII/ptolemy/domains/de/test/auto/CancelFireAt.xml
auto.tcl: Setting watchdog for 200 seconds at Tue Mar 10 07:13:06 UTC 2020
6 ms. Memory: 51200K Free: 34656K (68%)
ptolemy.util.test.WatchDog.cancel(): canceling Tue Mar 10 07:13:06 UTC 2020
auto.tcl: Setting watchdog for 200 seconds at Tue Mar 10 07:13:06 UTC 2020
2 ms. Memory: 51200K Free: 34203K (67%)
ptolemy.util.test.WatchDog.cancel(): canceling Tue Mar 10 07:13:06 UTC 2020
------------------ testing $PTII/ptolemy/domains/de/test/auto/CausalityAndComposabilityAnalysis.xml
auto.tcl: Setting watchdog for 200 seconds at Tue Mar 10 07:13:06 UTC 2020
10 ms. Memory: 51200K Free: 32443K (63%)
ptolemy.util.test.WatchDog.cancel(): canceling Tue Mar 10 07:13:06 UTC 2020
auto.tcl: Setting watchdog for 200 seconds at Tue Mar 10 07:13:06 UTC 2020
10 ms. Memory: 51200K Free: 31974K (62%)
ptolemy.util.test.WatchDog.cancel(): canceling Tue Mar 10 07:13:06 UTC 2020
------------------ testing $PTII/ptolemy/domains/de/test/auto/CausalityInterface1.xml
auto.tcl: Setting watchdog for 200 seconds at Tue Mar 10 07:13:06 UTC 2020
18 ms. Memory: 51200K Free: 31368K (61%)
ptolemy.util.test.WatchDog.cancel(): canceling Tue Mar 10 07:13:06 UTC 2020
auto.tcl: Setting watchdog for 200 seconds at Tue Mar 10 07:13:06 UTC 2020
4 ms. Memory: 51200K Free: 30406K (59%)
ptolemy.util.test.WatchDog.cancel(): canceling Tue Mar 10 07:13:06 UTC 2020
------------------ testing $PTII/ptolemy/domains/de/test/auto/CausalityInterface15.xml
auto.tcl: Setting watchdog for 200 seconds at Tue Mar 10 07:13:06 UTC 2020
5 ms. Memory: 51200K Free: 31210K (61%)
ptolemy.util.test.WatchDog.cancel(): canceling Tue Mar 10 07:13:06 UTC 2020
auto.tcl: Setting watchdog for 200 seconds at Tue Mar 10 07:13:06 UTC 2020
4 ms. Memory: 51200K Free: 30245K (59%)
ptolemy.util.test.WatchDog.cancel(): canceling Tue Mar 10 07:13:06 UTC 2020
------------------ testing $PTII/ptolemy/domains/de/test/auto/CausalityInterface2.xml
auto.tcl: Setting watchdog for 200 seconds at Tue Mar 10 07:13:06 UTC 2020
7 ms. Memory: 51200K Free: 31875K (62%)
ptolemy.util.test.WatchDog.cancel(): canceling Tue Mar 10 07:13:06 UTC 2020
auto.tcl: Setting watchdog for 200 seconds at Tue Mar 10 07:13:06 UTC 2020
3 ms. Memory: 51200K Free: 31235K (61%)
ptolemy.util.test.WatchDog.cancel(): canceling Tue Mar 10 07:13:06 UTC 2020
------------------ testing $PTII/ptolemy/domains/de/test/auto/CausalityInterface3.xml
auto.tcl: Setting watchdog for 200 seconds at Tue Mar 10 07:13:06 UTC 2020
8 ms. Memory: 51200K Free: 31477K (61%)
ptolemy.util.test.WatchDog.cancel(): canceling Tue Mar 10 07:13:06 UTC 2020
auto.tcl: Setting watchdog for 200 seconds at Tue Mar 10 07:13:06 UTC 2020
2 ms. Memory: 51200K Free: 30725K (60%)
ptolemy.util.test.WatchDog.cancel(): canceling Tue Mar 10 07:13:06 UTC 2020
------------------ testing $PTII/ptolemy/domains/de/test/auto/ClockDrift.xml
auto.tcl: Setting watchdog for 200 seconds at Tue Mar 10 07:13:06 UTC 2020
48 ms. Memory: 51200K Free: 23544K (46%)
ptolemy.util.test.WatchDog.cancel(): canceling Tue Mar 10 07:13:06 UTC 2020
auto.tcl: Setting watchdog for 200 seconds at Tue Mar 10 07:13:06 UTC 2020
52 ms. Memory: 51200K Free: 20588K (40%)
ptolemy.util.test.WatchDog.cancel(): canceling Tue Mar 10 07:13:06 UTC 2020
------------------ testing $PTII/ptolemy/domains/de/test/auto/ClockDriftAndValueChange.xml
auto.tcl: Setting watchdog for 200 seconds at Tue Mar 10 07:13:06 UTC 2020
45 ms. Memory: 51200K Free: 23876K (47%)
ptolemy.util.test.WatchDog.cancel(): canceling Tue Mar 10 07:13:07 UTC 2020
auto.tcl: Setting watchdog for 200 seconds at Tue Mar 10 07:13:07 UTC 2020
36 ms. Memory: 51200K Free: 20889K (41%)
ptolemy.util.test.WatchDog.cancel(): canceling Tue Mar 10 07:13:07 UTC 2020
------------------ testing $PTII/ptolemy/domains/de/test/auto/ClockDriftChange.xml
auto.tcl: Setting watchdog for 200 seconds at Tue Mar 10 07:13:07 UTC 2020
34 ms. Memory: 51200K Free: 25924K (51%)
ptolemy.util.test.WatchDog.cancel(): canceling Tue Mar 10 07:13:07 UTC 2020
auto.tcl: Setting watchdog for 200 seconds at Tue Mar 10 07:13:07 UTC 2020
14 ms. Memory: 51200K Free: 23542K (46%)
ptolemy.util.test.WatchDog.cancel(): canceling Tue Mar 10 07:13:07 UTC 2020
------------------ testing $PTII/ptolemy/domains/de/test/auto/ComposableCausalityAnalysis.xml
auto.tcl: Setting watchdog for 200 seconds at Tue Mar 10 07:13:07 UTC 2020
3 ms. Memory: 51200K Free: 30751K (60%)
ptolemy.util.test.WatchDog.cancel(): canceling Tue Mar 10 07:13:07 UTC 2020
auto.tcl: Setting watchdog for 200 seconds at Tue Mar 10 07:13:07 UTC 2020
4 ms. Memory: 51200K Free: 29733K (58%)
ptolemy.util.test.WatchDog.cancel(): canceling Tue Mar 10 07:13:07 UTC 2020
------------------ testing $PTII/ptolemy/domains/de/test/auto/DEFixedPointLimitation.xml
auto.tcl: Setting watchdog for 200 seconds at Tue Mar 10 07:13:07 UTC 2020
1 ms. Memory: 51200K Free: 32183K (63%)
ptolemy.util.test.WatchDog.cancel(): canceling Tue Mar 10 07:13:07 UTC 2020
auto.tcl: Setting watchdog for 200 seconds at Tue Mar 10 07:13:07 UTC 2020
2 ms. Memory: 51200K Free: 31262K (61%)
ptolemy.util.test.WatchDog.cancel(): canceling Tue Mar 10 07:13:07 UTC 2020
------------------ testing $PTII/ptolemy/domains/de/test/auto/DEScheduleTest.xml
auto.tcl: Setting watchdog for 200 seconds at Tue Mar 10 07:13:07 UTC 2020
9 ms. Memory: 51200K Free: 32495K (63%)
ptolemy.util.test.WatchDog.cancel(): canceling Tue Mar 10 07:13:07 UTC 2020
auto.tcl: Setting watchdog for 200 seconds at Tue Mar 10 07:13:07 UTC 2020
3 ms. Memory: 51200K Free: 31729K (62%)
ptolemy.util.test.WatchDog.cancel(): canceling Tue Mar 10 07:13:07 UTC 2020
------------------ testing $PTII/ptolemy/domains/de/test/auto/DEinDEwithStartTimes.xml
auto.tcl: Setting watchdog for 200 seconds at Tue Mar 10 07:13:07 UTC 2020
7 ms. Memory: 51200K Free: 30655K (60%)
ptolemy.util.test.WatchDog.cancel(): canceling Tue Mar 10 07:13:07 UTC 2020
auto.tcl: Setting watchdog for 200 seconds at Tue Mar 10 07:13:07 UTC 2020
3 ms. Memory: 51200K Free: 29631K (58%)
ptolemy.util.test.WatchDog.cancel(): canceling Tue Mar 10 07:13:07 UTC 2020
------------------ testing $PTII/ptolemy/domains/de/test/auto/DEinDEwithStartTimes2.xml
auto.tcl: Setting watchdog for 200 seconds at Tue Mar 10 07:13:07 UTC 2020
4 ms. Memory: 51200K Free: 29641K (58%)
ptolemy.util.test.WatchDog.cancel(): canceling Tue Mar 10 07:13:07 UTC 2020
auto.tcl: Setting watchdog for 200 seconds at Tue Mar 10 07:13:07 UTC 2020
4 ms. Memory: 51200K Free: 28479K (56%)
ptolemy.util.test.WatchDog.cancel(): canceling Tue Mar 10 07:13:07 UTC 2020
------------------ testing $PTII/ptolemy/domains/de/test/auto/DateDemo.xml
auto.tcl: Setting watchdog for 200 seconds at Tue Mar 10 07:13:07 UTC 2020
14 ms. Memory: 51200K Free: 24358K (48%)
ptolemy.util.test.WatchDog.cancel(): canceling Tue Mar 10 07:13:07 UTC 2020
auto.tcl: Setting watchdog for 200 seconds at Tue Mar 10 07:13:07 UTC 2020
8 ms. Memory: 51200K Free: 22469K (44%)
ptolemy.util.test.WatchDog.cancel(): canceling Tue Mar 10 07:13:07 UTC 2020
------------------ testing $PTII/ptolemy/domains/de/test/auto/DateToEvent.xml
auto.tcl: Setting watchdog for 200 seconds at Tue Mar 10 07:13:07 UTC 2020
2009 ms. Memory: 51200K Free: 20040K (39%)
ptolemy.util.test.WatchDog.cancel(): canceling Tue Mar 10 07:13:09 UTC 2020
auto.tcl: Setting watchdog for 200 seconds at Tue Mar 10 07:13:09 UTC 2020
2006 ms. Memory: 51200K Free: 19164K (37%)
ptolemy.util.test.WatchDog.cancel(): canceling Tue Mar 10 07:13:11 UTC 2020
------------------ testing $PTII/ptolemy/domains/de/test/auto/DepthTest1.xml
auto.tcl: Setting watchdog for 200 seconds at Tue Mar 10 07:13:11 UTC 2020
3 ms. Memory: 51200K Free: 33195K (65%)
ptolemy.util.test.WatchDog.cancel(): canceling Tue Mar 10 07:13:11 UTC 2020
auto.tcl: Setting watchdog for 200 seconds at Tue Mar 10 07:13:11 UTC 2020
2 ms. Memory: 51200K Free: 32723K (64%)
ptolemy.util.test.WatchDog.cancel(): canceling Tue Mar 10 07:13:11 UTC 2020
------------------ testing $PTII/ptolemy/domains/de/test/auto/DepthTest2.xml
auto.tcl: Setting watchdog for 200 seconds at Tue Mar 10 07:13:11 UTC 2020
3 ms. Memory: 51200K Free: 30003K (59%)
ptolemy.util.test.WatchDog.cancel(): canceling Tue Mar 10 07:13:11 UTC 2020
auto.tcl: Setting watchdog for 200 seconds at Tue Mar 10 07:13:11 UTC 2020
3 ms. Memory: 51200K Free: 29530K (58%)
ptolemy.util.test.WatchDog.cancel(): canceling Tue Mar 10 07:13:11 UTC 2020
------------------ testing $PTII/ptolemy/domains/de/test/auto/DepthTest3.xml
auto.tcl: Setting watchdog for 200 seconds at Tue Mar 10 07:13:11 UTC 2020
2 ms. Memory: 51200K Free: 33531K (65%)
ptolemy.util.test.WatchDog.cancel(): canceling Tue Mar 10 07:13:12 UTC 2020
auto.tcl: Setting watchdog for 200 seconds at Tue Mar 10 07:13:12 UTC 2020
1 ms. Memory: 51200K Free: 33043K (65%)
ptolemy.util.test.WatchDog.cancel(): canceling Tue Mar 10 07:13:12 UTC 2020
------------------ testing $PTII/ptolemy/domains/de/test/auto/DepthTest4.xml
auto.tcl: Setting watchdog for 200 seconds at Tue Mar 10 07:13:12 UTC 2020
5 ms. Memory: 51200K Free: 31751K (62%)
ptolemy.util.test.WatchDog.cancel(): canceling Tue Mar 10 07:13:12 UTC 2020
auto.tcl: Setting watchdog for 200 seconds at Tue Mar 10 07:13:12 UTC 2020
2 ms. Memory: 51200K Free: 31095K (61%)
ptolemy.util.test.WatchDog.cancel(): canceling Tue Mar 10 07:13:12 UTC 2020
------------------ testing $PTII/ptolemy/domains/de/test/auto/DepthTest5.xml
auto.tcl: Setting watchdog for 200 seconds at Tue Mar 10 07:13:12 UTC 2020
2 ms. Memory: 51200K Free: 31212K (61%)
ptolemy.util.test.WatchDog.cancel(): canceling Tue Mar 10 07:13:12 UTC 2020
auto.tcl: Setting watchdog for 200 seconds at Tue Mar 10 07:13:12 UTC 2020
2 ms. Memory: 51200K Free: 30478K (60%)
ptolemy.util.test.WatchDog.cancel(): canceling Tue Mar 10 07:13:12 UTC 2020
------------------ testing $PTII/ptolemy/domains/de/test/auto/DepthTest6.xml
auto.tcl: Setting watchdog for 200 seconds at Tue Mar 10 07:13:12 UTC 2020
3 ms. Memory: 51200K Free: 30656K (60%)
ptolemy.util.test.WatchDog.cancel(): canceling Tue Mar 10 07:13:12 UTC 2020
auto.tcl: Setting watchdog for 200 seconds at Tue Mar 10 07:13:12 UTC 2020
2 ms. Memory: 51200K Free: 29999K (59%)
ptolemy.util.test.WatchDog.cancel(): canceling Tue Mar 10 07:13:12 UTC 2020
------------------ testing $PTII/ptolemy/domains/de/test/auto/DepthTest7.xml
auto.tcl: Setting watchdog for 200 seconds at Tue Mar 10 07:13:12 UTC 2020
4 ms. Memory: 51200K Free: 31188K (61%)
ptolemy.util.test.WatchDog.cancel(): canceling Tue Mar 10 07:13:12 UTC 2020
auto.tcl: Setting watchdog for 200 seconds at Tue Mar 10 07:13:12 UTC 2020
2 ms. Memory: 51200K Free: 30747K (60%)
ptolemy.util.test.WatchDog.cancel(): canceling Tue Mar 10 07:13:12 UTC 2020
------------------ testing $PTII/ptolemy/domains/de/test/auto/EventToDate.xml
auto.tcl: Setting watchdog for 200 seconds at Tue Mar 10 07:13:12 UTC 2020
3005 ms. Memory: 51200K Free: 22281K (44%)
ptolemy.util.test.WatchDog.cancel(): canceling Tue Mar 10 07:13:15 UTC 2020
auto.tcl: Setting watchdog for 200 seconds at Tue Mar 10 07:13:15 UTC 2020
3003 ms. Memory: 51200K Free: 21838K (43%)
ptolemy.util.test.WatchDog.cancel(): canceling Tue Mar 10 07:13:18 UTC 2020
------------------ testing $PTII/ptolemy/domains/de/test/auto/FSM1.xml
auto.tcl: Setting watchdog for 200 seconds at Tue Mar 10 07:13:18 UTC 2020
29 ms. Memory: 51200K Free: 23764K (46%)
ptolemy.util.test.WatchDog.cancel(): canceling Tue Mar 10 07:13:18 UTC 2020
auto.tcl: Setting watchdog for 200 seconds at Tue Mar 10 07:13:18 UTC 2020
13 ms. Memory: 51200K Free: 20488K (40%)
ptolemy.util.test.WatchDog.cancel(): canceling Tue Mar 10 07:13:18 UTC 2020
------------------ testing $PTII/ptolemy/domains/de/test/auto/FSM7.xml
auto.tcl: Setting watchdog for 200 seconds at Tue Mar 10 07:13:18 UTC 2020
27 ms. Memory: 51200K Free: 23672K (46%)
ptolemy.util.test.WatchDog.cancel(): canceling Tue Mar 10 07:13:18 UTC 2020
auto.tcl: Setting watchdog for 200 seconds at Tue Mar 10 07:13:18 UTC 2020
26 ms. Memory: 51200K Free: 20262K (40%)
ptolemy.util.test.WatchDog.cancel(): canceling Tue Mar 10 07:13:18 UTC 2020
------------------ testing $PTII/ptolemy/domains/de/test/auto/Inspection.xml
auto.tcl: Setting watchdog for 200 seconds at Tue Mar 10 07:13:18 UTC 2020
37 ms. Memory: 51200K Free: 23440K (46%)
ptolemy.util.test.WatchDog.cancel(): canceling Tue Mar 10 07:13:18 UTC 2020
auto.tcl: Setting watchdog for 200 seconds at Tue Mar 10 07:13:18 UTC 2020
30 ms. Memory: 51200K Free: 21744K (42%)
ptolemy.util.test.WatchDog.cancel(): canceling Tue Mar 10 07:13:18 UTC 2020
------------------ testing $PTII/ptolemy/domains/de/test/auto/Iteration.xml
auto.tcl: Setting watchdog for 200 seconds at Tue Mar 10 07:13:18 UTC 2020
8 ms. Memory: 51200K Free: 29245K (57%)
ptolemy.util.test.WatchDog.cancel(): canceling Tue Mar 10 07:13:18 UTC 2020
auto.tcl: Setting watchdog for 200 seconds at Tue Mar 10 07:13:18 UTC 2020
6 ms. Memory: 51200K Free: 28221K (55%)
ptolemy.util.test.WatchDog.cancel(): canceling Tue Mar 10 07:13:18 UTC 2020
------------------ testing $PTII/ptolemy/domains/de/test/auto/LineFault.xml
auto.tcl: Setting watchdog for 200 seconds at Tue Mar 10 07:13:18 UTC 2020
608 ms. Memory: 51200K Free: 13162K (26%)
ptolemy.util.test.WatchDog.cancel(): canceling Tue Mar 10 07:13:19 UTC 2020
auto.tcl: Setting watchdog for 200 seconds at Tue Mar 10 07:13:19 UTC 2020
514 ms. Memory: 61440K Free: 36726K (60%)
ptolemy.util.test.WatchDog.cancel(): canceling Tue Mar 10 07:13:20 UTC 2020
------------------ testing $PTII/ptolemy/domains/de/test/auto/MergeModel1Add.xml
auto.tcl: Setting watchdog for 200 seconds at Tue Mar 10 07:13:20 UTC 2020
37 ms. Memory: 58368K Free: 21844K (37%)
ptolemy.util.test.WatchDog.cancel(): canceling Tue Mar 10 07:13:20 UTC 2020
auto.tcl: Setting watchdog for 200 seconds at Tue Mar 10 07:13:20 UTC 2020
13 ms. Memory: 58368K Free: 20178K (35%)
ptolemy.util.test.WatchDog.cancel(): canceling Tue Mar 10 07:13:20 UTC 2020
------------------ testing $PTII/ptolemy/domains/de/test/auto/MergeModel2Add.xml
auto.tcl: Setting watchdog for 200 seconds at Tue Mar 10 07:13:20 UTC 2020
9 ms. Memory: 55296K Free: 21897K (40%)
ptolemy.util.test.WatchDog.cancel(): canceling Tue Mar 10 07:13:20 UTC 2020
auto.tcl: Setting watchdog for 200 seconds at Tue Mar 10 07:13:20 UTC 2020
8 ms. Memory: 55296K Free: 20016K (36%)
ptolemy.util.test.WatchDog.cancel(): canceling Tue Mar 10 07:13:20 UTC 2020
------------------ testing $PTII/ptolemy/domains/de/test/auto/MergeModel3Add.xml
auto.tcl: Setting watchdog for 200 seconds at Tue Mar 10 07:13:20 UTC 2020
9 ms. Memory: 55296K Free: 22160K (40%)
ptolemy.util.test.WatchDog.cancel(): canceling Tue Mar 10 07:13:20 UTC 2020
auto.tcl: Setting watchdog for 200 seconds at Tue Mar 10 07:13:20 UTC 2020
10 ms. Memory: 55296K Free: 20444K (37%)
ptolemy.util.test.WatchDog.cancel(): canceling Tue Mar 10 07:13:20 UTC 2020
------------------ testing $PTII/ptolemy/domains/de/test/auto/MergeWithoutDiscard.xml
auto.tcl: Setting watchdog for 200 seconds at Tue Mar 10 07:13:20 UTC 2020
2 ms. Memory: 55296K Free: 35912K (65%)
ptolemy.util.test.WatchDog.cancel(): canceling Tue Mar 10 07:13:20 UTC 2020
auto.tcl: Setting watchdog for 200 seconds at Tue Mar 10 07:13:20 UTC 2020
2 ms. Memory: 55296K Free: 35468K (64%)
ptolemy.util.test.WatchDog.cancel(): canceling Tue Mar 10 07:13:20 UTC 2020
------------------ testing $PTII/ptolemy/domains/de/test/auto/Modal1.xml
auto.tcl: Setting watchdog for 200 seconds at Tue Mar 10 07:13:20 UTC 2020
14 ms. Memory: 55296K Free: 27844K (50%)
ptolemy.util.test.WatchDog.cancel(): canceling Tue Mar 10 07:13:20 UTC 2020
auto.tcl: Setting watchdog for 200 seconds at Tue Mar 10 07:13:20 UTC 2020
22 ms. Memory: 55296K Free: 24397K (44%)
ptolemy.util.test.WatchDog.cancel(): canceling Tue Mar 10 07:13:20 UTC 2020
------------------ testing $PTII/ptolemy/domains/de/test/auto/Modal2.xml
auto.tcl: Setting watchdog for 200 seconds at Tue Mar 10 07:13:20 UTC 2020
13 ms. Memory: 55296K Free: 27977K (51%)
ptolemy.util.test.WatchDog.cancel(): canceling Tue Mar 10 07:13:20 UTC 2020
auto.tcl: Setting watchdog for 200 seconds at Tue Mar 10 07:13:20 UTC 2020
21 ms. Memory: 55296K Free: 24293K (44%)
ptolemy.util.test.WatchDog.cancel(): canceling Tue Mar 10 07:13:21 UTC 2020
------------------ testing $PTII/ptolemy/domains/de/test/auto/Modal3.xml
auto.tcl: Setting watchdog for 200 seconds at Tue Mar 10 07:13:21 UTC 2020
12 ms. Memory: 55296K Free: 27682K (50%)
ptolemy.util.test.WatchDog.cancel(): canceling Tue Mar 10 07:13:21 UTC 2020
auto.tcl: Setting watchdog for 200 seconds at Tue Mar 10 07:13:21 UTC 2020
11 ms. Memory: 55296K Free: 24741K (45%)
ptolemy.util.test.WatchDog.cancel(): canceling Tue Mar 10 07:13:21 UTC 2020
------------------ testing $PTII/ptolemy/domains/de/test/auto/Modal4.xml
auto.tcl: Setting watchdog for 200 seconds at Tue Mar 10 07:13:21 UTC 2020
23 ms. Memory: 55296K Free: 26935K (49%)
ptolemy.util.test.WatchDog.cancel(): canceling Tue Mar 10 07:13:21 UTC 2020
auto.tcl: Setting watchdog for 200 seconds at Tue Mar 10 07:13:21 UTC 2020
18 ms. Memory: 55296K Free: 23286K (42%)
ptolemy.util.test.WatchDog.cancel(): canceling Tue Mar 10 07:13:21 UTC 2020
------------------ testing $PTII/ptolemy/domains/de/test/auto/Modal5.xml
auto.tcl: Setting watchdog for 200 seconds at Tue Mar 10 07:13:21 UTC 2020
11 ms. Memory: 55296K Free: 26919K (49%)
ptolemy.util.test.WatchDog.cancel(): canceling Tue Mar 10 07:13:21 UTC 2020
auto.tcl: Setting watchdog for 200 seconds at Tue Mar 10 07:13:21 UTC 2020
15 ms. Memory: 55296K Free: 23095K (42%)
ptolemy.util.test.WatchDog.cancel(): canceling Tue Mar 10 07:13:21 UTC 2020
------------------ testing $PTII/ptolemy/domains/de/test/auto/Modal6.xml
auto.tcl: Setting watchdog for 200 seconds at Tue Mar 10 07:13:21 UTC 2020
13 ms. Memory: 55296K Free: 27667K (50%)
ptolemy.util.test.WatchDog.cancel(): canceling Tue Mar 10 07:13:21 UTC 2020
auto.tcl: Setting watchdog for 200 seconds at Tue Mar 10 07:13:21 UTC 2020
14 ms. Memory: 55296K Free: 23684K (43%)
ptolemy.util.test.WatchDog.cancel(): canceling Tue Mar 10 07:13:21 UTC 2020
------------------ testing $PTII/ptolemy/domains/de/test/auto/Modal7.xml
auto.tcl: Setting watchdog for 200 seconds at Tue Mar 10 07:13:21 UTC 2020
14 ms. Memory: 55296K Free: 26645K (48%)
ptolemy.util.test.WatchDog.cancel(): canceling Tue Mar 10 07:13:21 UTC 2020
auto.tcl: Setting watchdog for 200 seconds at Tue Mar 10 07:13:21 UTC 2020
10 ms. Memory: 55296K Free: 23093K (42%)
ptolemy.util.test.WatchDog.cancel(): canceling Tue Mar 10 07:13:21 UTC 2020
------------------ testing $PTII/ptolemy/domains/de/test/auto/ModalModel.xml
auto.tcl: Setting watchdog for 200 seconds at Tue Mar 10 07:13:21 UTC 2020
201 ms. Memory: 51200K Free: 15048K (29%)
ptolemy.util.test.WatchDog.cancel(): canceling Tue Mar 10 07:13:21 UTC 2020
auto.tcl: Setting watchdog for 200 seconds at Tue Mar 10 07:13:21 UTC 2020
206 ms. Memory: 61440K Free: 17037K (28%)
ptolemy.util.test.WatchDog.cancel(): canceling Tue Mar 10 07:13:22 UTC 2020
------------------ testing $PTII/ptolemy/domains/de/test/auto/ModalSource.xml
auto.tcl: Setting watchdog for 200 seconds at Tue Mar 10 07:13:22 UTC 2020
11 ms. Memory: 55296K Free: 31768K (57%)
ptolemy.util.test.WatchDog.cancel(): canceling Tue Mar 10 07:13:22 UTC 2020
auto.tcl: Setting watchdog for 200 seconds at Tue Mar 10 07:13:22 UTC 2020
4 ms. Memory: 55296K Free: 29851K (54%)
ptolemy.util.test.WatchDog.cancel(): canceling Tue Mar 10 07:13:22 UTC 2020
------------------ testing $PTII/ptolemy/domains/de/test/auto/NonInterruptibleTimerZeroDelay.xml
auto.tcl: Setting watchdog for 200 seconds at Tue Mar 10 07:13:22 UTC 2020
4 ms. Memory: 55296K Free: 36657K (66%)
ptolemy.util.test.WatchDog.cancel(): canceling Tue Mar 10 07:13:22 UTC 2020
auto.tcl: Setting watchdog for 200 seconds at Tue Mar 10 07:13:22 UTC 2020
3 ms. Memory: 55296K Free: 36029K (65%)
ptolemy.util.test.WatchDog.cancel(): canceling Tue Mar 10 07:13:22 UTC 2020
------------------ testing $PTII/ptolemy/domains/de/test/auto/OpenQueueingNetwork.xml
auto.tcl: Setting watchdog for 200 seconds at Tue Mar 10 07:13:22 UTC 2020
2890 ms. Memory: 122880K Free: 82246K (67%)
ptolemy.util.test.WatchDog.cancel(): canceling Tue Mar 10 07:13:25 UTC 2020
auto.tcl: Setting watchdog for 200 seconds at Tue Mar 10 07:13:25 UTC 2020
2421 ms. Memory: 147456K Free: 101710K (69%)
ptolemy.util.test.WatchDog.cancel(): canceling Tue Mar 10 07:13:27 UTC 2020
------------------ testing $PTII/ptolemy/domains/de/test/auto/OpenQueuingNetwork.xml
auto.tcl: Setting watchdog for 200 seconds at Tue Mar 10 07:13:27 UTC 2020
242 ms. Memory: 58368K Free: 31400K (54%)
ptolemy.util.test.WatchDog.cancel(): canceling Tue Mar 10 07:13:28 UTC 2020
auto.tcl: Setting watchdog for 200 seconds at Tue Mar 10 07:13:28 UTC 2020
210 ms. Memory: 58368K Free: 14263K (24%)
ptolemy.util.test.WatchDog.cancel(): canceling Tue Mar 10 07:13:28 UTC 2020
------------------ testing $PTII/ptolemy/domains/de/test/auto/PeriodicSampler.xml
auto.tcl: Setting watchdog for 200 seconds at Tue Mar 10 07:13:28 UTC 2020
3 ms. Memory: 55296K Free: 35898K (65%)
ptolemy.util.test.WatchDog.cancel(): canceling Tue Mar 10 07:13:28 UTC 2020
auto.tcl: Setting watchdog for 200 seconds at Tue Mar 10 07:13:28 UTC 2020
2 ms. Memory: 55296K Free: 35378K (64%)
ptolemy.util.test.WatchDog.cancel(): canceling Tue Mar 10 07:13:28 UTC 2020
------------------ testing $PTII/ptolemy/domains/de/test/auto/PersistentIO.xml
auto.tcl: Setting watchdog for 200 seconds at Tue Mar 10 07:13:28 UTC 2020
14 ms. Memory: 51200K Free: 26728K (52%)
ptolemy.util.test.WatchDog.cancel(): canceling Tue Mar 10 07:13:28 UTC 2020
auto.tcl: Setting watchdog for 200 seconds at Tue Mar 10 07:13:28 UTC 2020
4 ms. Memory: 51200K Free: 25208K (49%)
ptolemy.util.test.WatchDog.cancel(): canceling Tue Mar 10 07:13:28 UTC 2020
------------------ testing $PTII/ptolemy/domains/de/test/auto/PortParameterResetOnInitialize.xml
auto.tcl: Setting watchdog for 200 seconds at Tue Mar 10 07:13:28 UTC 2020
8 ms. Memory: 51200K Free: 31726K (62%)
ptolemy.util.test.WatchDog.cancel(): canceling Tue Mar 10 07:13:28 UTC 2020
auto.tcl: Setting watchdog for 200 seconds at Tue Mar 10 07:13:28 UTC 2020
2 ms. Memory: 51200K Free: 31216K (61%)
ptolemy.util.test.WatchDog.cancel(): canceling Tue Mar 10 07:13:28 UTC 2020
------------------ testing $PTII/ptolemy/domains/de/test/auto/PortParameterUpdates.xml
auto.tcl: Setting watchdog for 200 seconds at Tue Mar 10 07:13:28 UTC 2020
7 ms. Memory: 51200K Free: 29796K (58%)
ptolemy.util.test.WatchDog.cancel(): canceling Tue Mar 10 07:13:28 UTC 2020
auto.tcl: Setting watchdog for 200 seconds at Tue Mar 10 07:13:28 UTC 2020
3 ms. Memory: 51200K Free: 28781K (56%)
ptolemy.util.test.WatchDog.cancel(): canceling Tue Mar 10 07:13:28 UTC 2020
------------------ testing $PTII/ptolemy/domains/de/test/auto/QueueAndServer.xml
auto.tcl: Setting watchdog for 200 seconds at Tue Mar 10 07:13:28 UTC 2020
13 ms. Memory: 51200K Free: 28688K (56%)
ptolemy.util.test.WatchDog.cancel(): canceling Tue Mar 10 07:13:28 UTC 2020
auto.tcl: Setting watchdog for 200 seconds at Tue Mar 10 07:13:28 UTC 2020
8 ms. Memory: 51200K Free: 27217K (53%)
ptolemy.util.test.WatchDog.cancel(): canceling Tue Mar 10 07:13:28 UTC 2020
------------------ testing $PTII/ptolemy/domains/de/test/auto/Records.xml
auto.tcl: Setting watchdog for 200 seconds at Tue Mar 10 07:13:28 UTC 2020
5 ms. Memory: 51200K Free: 30964K (60%)
ptolemy.util.test.WatchDog.cancel(): canceling Tue Mar 10 07:13:28 UTC 2020
auto.tcl: Setting watchdog for 200 seconds at Tue Mar 10 07:13:28 UTC 2020
2 ms. Memory: 51200K Free: 30462K (59%)
ptolemy.util.test.WatchDog.cancel(): canceling Tue Mar 10 07:13:28 UTC 2020
------------------ testing $PTII/ptolemy/domains/de/test/auto/ResetTransitionWithStartTime1.xml
auto.tcl: Setting watchdog for 200 seconds at Tue Mar 10 07:13:28 UTC 2020
14 ms. Memory: 51200K Free: 28211K (55%)
ptolemy.util.test.WatchDog.cancel(): canceling Tue Mar 10 07:13:28 UTC 2020
auto.tcl: Setting watchdog for 200 seconds at Tue Mar 10 07:13:28 UTC 2020
6 ms. Memory: 51200K Free: 25645K (50%)
ptolemy.util.test.WatchDog.cancel(): canceling Tue Mar 10 07:13:28 UTC 2020
------------------ testing $PTII/ptolemy/domains/de/test/auto/ResetTransitionWithStartTime2.xml
auto.tcl: Setting watchdog for 200 seconds at Tue Mar 10 07:13:28 UTC 2020
6 ms. Memory: 51200K Free: 28167K (55%)
ptolemy.util.test.WatchDog.cancel(): canceling Tue Mar 10 07:13:28 UTC 2020
auto.tcl: Setting watchdog for 200 seconds at Tue Mar 10 07:13:28 UTC 2020
6 ms. Memory: 51200K Free: 26121K (51%)
ptolemy.util.test.WatchDog.cancel(): canceling Tue Mar 10 07:13:28 UTC 2020
------------------ testing $PTII/ptolemy/domains/de/test/auto/ResetTransitionWithStartTime3.xml
auto.tcl: Setting watchdog for 200 seconds at Tue Mar 10 07:13:28 UTC 2020
6 ms. Memory: 51200K Free: 28165K (55%)
ptolemy.util.test.WatchDog.cancel(): canceling Tue Mar 10 07:13:28 UTC 2020
auto.tcl: Setting watchdog for 200 seconds at Tue Mar 10 07:13:28 UTC 2020
7 ms. Memory: 51200K Free: 26134K (51%)
ptolemy.util.test.WatchDog.cancel(): canceling Tue Mar 10 07:13:28 UTC 2020
------------------ testing $PTII/ptolemy/domains/de/test/auto/ResetTransitionWithStartTime4.xml
auto.tcl: Setting watchdog for 200 seconds at Tue Mar 10 07:13:28 UTC 2020
11 ms. Memory: 51200K Free: 28613K (56%)
ptolemy.util.test.WatchDog.cancel(): canceling Tue Mar 10 07:13:28 UTC 2020
auto.tcl: Setting watchdog for 200 seconds at Tue Mar 10 07:13:28 UTC 2020
4 ms. Memory: 51200K Free: 27140K (53%)
ptolemy.util.test.WatchDog.cancel(): canceling Tue Mar 10 07:13:28 UTC 2020
------------------ testing $PTII/ptolemy/domains/de/test/auto/ResettableTimer1.xml
auto.tcl: Setting watchdog for 200 seconds at Tue Mar 10 07:13:29 UTC 2020
2 ms. Memory: 51200K Free: 32339K (63%)
ptolemy.util.test.WatchDog.cancel(): canceling Tue Mar 10 07:13:29 UTC 2020
auto.tcl: Setting watchdog for 200 seconds at Tue Mar 10 07:13:29 UTC 2020
2 ms. Memory: 51200K Free: 31712K (62%)
ptolemy.util.test.WatchDog.cancel(): canceling Tue Mar 10 07:13:29 UTC 2020
------------------ testing $PTII/ptolemy/domains/de/test/auto/ResettableTimer2.xml
auto.tcl: Setting watchdog for 200 seconds at Tue Mar 10 07:13:29 UTC 2020
2 ms. Memory: 51200K Free: 32398K (63%)
ptolemy.util.test.WatchDog.cancel(): canceling Tue Mar 10 07:13:29 UTC 2020
auto.tcl: Setting watchdog for 200 seconds at Tue Mar 10 07:13:29 UTC 2020
3 ms. Memory: 51200K Free: 31771K (62%)
ptolemy.util.test.WatchDog.cancel(): canceling Tue Mar 10 07:13:29 UTC 2020
------------------ testing $PTII/ptolemy/domains/de/test/auto/ResettableTimer3.xml
auto.tcl: Setting watchdog for 200 seconds at Tue Mar 10 07:13:29 UTC 2020
2 ms. Memory: 51200K Free: 32298K (63%)
ptolemy.util.test.WatchDog.cancel(): canceling Tue Mar 10 07:13:29 UTC 2020
auto.tcl: Setting watchdog for 200 seconds at Tue Mar 10 07:13:29 UTC 2020
1 ms. Memory: 51200K Free: 32298K (63%)
ptolemy.util.test.WatchDog.cancel(): canceling Tue Mar 10 07:13:29 UTC 2020
------------------ testing $PTII/ptolemy/domains/de/test/auto/ResettableTimer4.xml
auto.tcl: Setting watchdog for 200 seconds at Tue Mar 10 07:13:29 UTC 2020
1 ms. Memory: 51200K Free: 32311K (63%)
ptolemy.util.test.WatchDog.cancel(): canceling Tue Mar 10 07:13:29 UTC 2020
auto.tcl: Setting watchdog for 200 seconds at Tue Mar 10 07:13:29 UTC 2020
1 ms. Memory: 51200K Free: 31807K (62%)
ptolemy.util.test.WatchDog.cancel(): canceling Tue Mar 10 07:13:29 UTC 2020
------------------ testing $PTII/ptolemy/domains/de/test/auto/ResettableTimer5.xml
auto.tcl: Setting watchdog for 200 seconds at Tue Mar 10 07:13:29 UTC 2020
1 ms. Memory: 51200K Free: 32310K (63%)
ptolemy.util.test.WatchDog.cancel(): canceling Tue Mar 10 07:13:29 UTC 2020
auto.tcl: Setting watchdog for 200 seconds at Tue Mar 10 07:13:29 UTC 2020
1 ms. Memory: 51200K Free: 31804K (62%)
ptolemy.util.test.WatchDog.cancel(): canceling Tue Mar 10 07:13:29 UTC 2020
------------------ testing $PTII/ptolemy/domains/de/test/auto/ResettableTimer6.xml
auto.tcl: Setting watchdog for 200 seconds at Tue Mar 10 07:13:29 UTC 2020
2 ms. Memory: 51200K Free: 31787K (62%)
ptolemy.util.test.WatchDog.cancel(): canceling Tue Mar 10 07:13:29 UTC 2020
auto.tcl: Setting watchdog for 200 seconds at Tue Mar 10 07:13:29 UTC 2020
1 ms. Memory: 51200K Free: 31277K (61%)
ptolemy.util.test.WatchDog.cancel(): canceling Tue Mar 10 07:13:29 UTC 2020
------------------ testing $PTII/ptolemy/domains/de/test/auto/ServerZeroDelay.xml
auto.tcl: Setting watchdog for 200 seconds at Tue Mar 10 07:13:29 UTC 2020
3 ms. Memory: 51200K Free: 32291K (63%)
ptolemy.util.test.WatchDog.cancel(): canceling Tue Mar 10 07:13:29 UTC 2020
auto.tcl: Setting watchdog for 200 seconds at Tue Mar 10 07:13:29 UTC 2020
2 ms. Memory: 51200K Free: 31267K (61%)
ptolemy.util.test.WatchDog.cancel(): canceling Tue Mar 10 07:13:29 UTC 2020
------------------ testing $PTII/ptolemy/domains/de/test/auto/SmartSender.xml
auto.tcl: Setting watchdog for 200 seconds at Tue Mar 10 07:13:29 UTC 2020
3001 ms. Memory: 51200K Free: 32286K (63%)
ptolemy.util.test.WatchDog.cancel(): canceling Tue Mar 10 07:13:32 UTC 2020
auto.tcl: Setting watchdog for 200 seconds at Tue Mar 10 07:13:32 UTC 2020
3002 ms. Memory: 51200K Free: 31742K (62%)
ptolemy.util.test.WatchDog.cancel(): canceling Tue Mar 10 07:13:35 UTC 2020
------------------ testing $PTII/ptolemy/domains/de/test/auto/ThreadedComposite.xml
auto.tcl: Setting watchdog for 200 seconds at Tue Mar 10 07:13:35 UTC 2020
443 ms. Memory: 51200K Free: 33963K (66%)
ptolemy.util.test.WatchDog.cancel(): canceling Tue Mar 10 07:13:36 UTC 2020
auto.tcl: Setting watchdog for 200 seconds at Tue Mar 10 07:13:36 UTC 2020
122 ms. Memory: 51200K Free: 21650K (42%)
ptolemy.util.test.WatchDog.cancel(): canceling Tue Mar 10 07:13:36 UTC 2020
------------------ testing $PTII/ptolemy/domains/de/test/auto/Time.xml
auto.tcl: Setting watchdog for 200 seconds at Tue Mar 10 07:13:36 UTC 2020
462 ms. Memory: 51200K Free: 8910K (17%)
ptolemy.util.test.WatchDog.cancel(): canceling Tue Mar 10 07:13:36 UTC 2020
auto.tcl: Setting watchdog for 200 seconds at Tue Mar 10 07:13:36 UTC 2020
380 ms. Memory: 51200K Free: 12546K (25%)
ptolemy.util.test.WatchDog.cancel(): canceling Tue Mar 10 07:13:37 UTC 2020
------------------ testing $PTII/ptolemy/domains/de/test/auto/TimeDelayZeroDelay.xml
auto.tcl: Setting watchdog for 200 seconds at Tue Mar 10 07:13:37 UTC 2020
3 ms. Memory: 51200K Free: 32614K (64%)
ptolemy.util.test.WatchDog.cancel(): canceling Tue Mar 10 07:13:37 UTC 2020
auto.tcl: Setting watchdog for 200 seconds at Tue Mar 10 07:13:37 UTC 2020
2 ms. Memory: 51200K Free: 31776K (62%)
ptolemy.util.test.WatchDog.cancel(): canceling Tue Mar 10 07:13:37 UTC 2020
------------------ testing $PTII/ptolemy/domains/de/test/auto/TimerZeroDelay.xml
auto.tcl: Setting watchdog for 200 seconds at Tue Mar 10 07:13:37 UTC 2020
4 ms. Memory: 51200K Free: 32670K (64%)
ptolemy.util.test.WatchDog.cancel(): canceling Tue Mar 10 07:13:37 UTC 2020
auto.tcl: Setting watchdog for 200 seconds at Tue Mar 10 07:13:37 UTC 2020
2 ms. Memory: 51200K Free: 31833K (62%)
ptolemy.util.test.WatchDog.cancel(): canceling Tue Mar 10 07:13:37 UTC 2020
------------------ testing $PTII/ptolemy/domains/de/test/auto/TimingParadox.xml
auto.tcl: Setting watchdog for 200 seconds at Tue Mar 10 07:13:37 UTC 2020
390 ms. Memory: 62464K Free: 38759K (62%)
ptolemy.util.test.WatchDog.cancel(): canceling Tue Mar 10 07:13:37 UTC 2020
auto.tcl: Setting watchdog for 200 seconds at Tue Mar 10 07:13:37 UTC 2020
306 ms. Memory: 62464K Free: 37855K (61%)
ptolemy.util.test.WatchDog.cancel(): canceling Tue Mar 10 07:13:38 UTC 2020
------------------ testing $PTII/ptolemy/domains/de/test/auto/TransferInputs.xml
auto.tcl: Setting watchdog for 200 seconds at Tue Mar 10 07:13:38 UTC 2020
2 ms. Memory: 58368K Free: 37879K (65%)
ptolemy.util.test.WatchDog.cancel(): canceling Tue Mar 10 07:13:38 UTC 2020
auto.tcl: Setting watchdog for 200 seconds at Tue Mar 10 07:13:38 UTC 2020
2 ms. Memory: 58368K Free: 36953K (63%)
ptolemy.util.test.WatchDog.cancel(): canceling Tue Mar 10 07:13:38 UTC 2020
------------------ testing $PTII/ptolemy/domains/de/test/auto/TransferOutputs2.xml
auto.tcl: Setting watchdog for 200 seconds at Tue Mar 10 07:13:38 UTC 2020
3 ms. Memory: 55296K Free: 32266K (58%)
ptolemy.util.test.WatchDog.cancel(): canceling Tue Mar 10 07:13:38 UTC 2020
auto.tcl: Setting watchdog for 200 seconds at Tue Mar 10 07:13:38 UTC 2020
2 ms. Memory: 55296K Free: 30844K (56%)
ptolemy.util.test.WatchDog.cancel(): canceling Tue Mar 10 07:13:38 UTC 2020
------------------ testing $PTII/ptolemy/domains/de/test/auto/Trilateration.xml
auto.tcl: Setting watchdog for 200 seconds at Tue Mar 10 07:13:38 UTC 2020
13629 ms. Memory: 521216K Free: 302150K (58%)
ptolemy.util.test.WatchDog.cancel(): canceling Tue Mar 10 07:13:52 UTC 2020
auto.tcl: Setting watchdog for 200 seconds at Tue Mar 10 07:13:52 UTC 2020
9136 ms. Memory: 521216K Free: 461973K (89%)
ptolemy.util.test.WatchDog.cancel(): canceling Tue Mar 10 07:14:02 UTC 2020
------------------ testing $PTII/ptolemy/domains/de/test/auto/TwoSigmaDelta.xml
auto.tcl: Setting watchdog for 200 seconds at Tue Mar 10 07:14:02 UTC 2020
2259 ms. Memory: 92160K Free: 32428K (35%)
ptolemy.util.test.WatchDog.cancel(): canceling Tue Mar 10 07:14:04 UTC 2020
auto.tcl: Setting watchdog for 200 seconds at Tue Mar 10 07:14:04 UTC 2020
1782 ms. Memory: 92160K Free: 38090K (41%)
ptolemy.util.test.WatchDog.cancel(): canceling Tue Mar 10 07:14:06 UTC 2020
------------------ testing $PTII/ptolemy/domains/de/test/auto/VariableDelay.xml
auto.tcl: Setting watchdog for 200 seconds at Tue Mar 10 07:14:06 UTC 2020
3 ms. Memory: 55296K Free: 35302K (64%)
ptolemy.util.test.WatchDog.cancel(): canceling Tue Mar 10 07:14:06 UTC 2020
auto.tcl: Setting watchdog for 200 seconds at Tue Mar 10 07:14:06 UTC 2020
2 ms. Memory: 55296K Free: 34308K (62%)
ptolemy.util.test.WatchDog.cancel(): canceling Tue Mar 10 07:14:06 UTC 2020
------------------ testing $PTII/ptolemy/domains/de/test/auto/VariableDelay2.xml
auto.tcl: Setting watchdog for 200 seconds at Tue Mar 10 07:14:06 UTC 2020
10 ms. Memory: 51200K Free: 31820K (62%)
ptolemy.util.test.WatchDog.cancel(): canceling Tue Mar 10 07:14:06 UTC 2020
auto.tcl: Setting watchdog for 200 seconds at Tue Mar 10 07:14:06 UTC 2020
2 ms. Memory: 51200K Free: 31125K (61%)
ptolemy.util.test.WatchDog.cancel(): canceling Tue Mar 10 07:14:06 UTC 2020
------------------ testing $PTII/ptolemy/domains/de/test/auto/VariableDelayZeroDelay.xml
auto.tcl: Setting watchdog for 200 seconds at Tue Mar 10 07:14:06 UTC 2020
2 ms. Memory: 51200K Free: 32148K (63%)
ptolemy.util.test.WatchDog.cancel(): canceling Tue Mar 10 07:14:06 UTC 2020
auto.tcl: Setting watchdog for 200 seconds at Tue Mar 10 07:14:06 UTC 2020
2 ms. Memory: 51200K Free: 31604K (62%)
ptolemy.util.test.WatchDog.cancel(): canceling Tue Mar 10 07:14:06 UTC 2020
------------------ testing $PTII/ptolemy/domains/de/test/auto/VariableDelayZeroDelay2.xml
auto.tcl: Setting watchdog for 200 seconds at Tue Mar 10 07:14:06 UTC 2020
2 ms. Memory: 51200K Free: 32147K (63%)
ptolemy.util.test.WatchDog.cancel(): canceling Tue Mar 10 07:14:06 UTC 2020
auto.tcl: Setting watchdog for 200 seconds at Tue Mar 10 07:14:06 UTC 2020
3 ms. Memory: 51200K Free: 31131K (61%)
ptolemy.util.test.WatchDog.cancel(): canceling Tue Mar 10 07:14:06 UTC 2020
------------------ testing $PTII/ptolemy/domains/de/test/auto/deInCt.xml
auto.tcl: Setting watchdog for 200 seconds at Tue Mar 10 07:14:06 UTC 2020
0
1
1
1
1
0
0
0
1
1
1
0
0
0
1
1
1
0
0
0
0
1
1
1
0
0
0
0
0
0
11 ms. Memory: 51200K Free: 31120K (61%)
ptolemy.util.test.WatchDog.cancel(): canceling Tue Mar 10 07:14:06 UTC 2020
auto.tcl: Setting watchdog for 200 seconds at Tue Mar 10 07:14:06 UTC 2020
0
1
1
1
0
0
1
1
1
0
0
0
0
0
1
1
1
0
0
0
1
1
1
1
1
0
0
0
1
1
1
1
1
1
8 ms. Memory: 51200K Free: 29587K (58%)
ptolemy.util.test.WatchDog.cancel(): canceling Tue Mar 10 07:14:06 UTC 2020
------------------ testing $PTII/ptolemy/domains/de/test/auto/deInCt2.xml
auto.tcl: Setting watchdog for 200 seconds at Tue Mar 10 07:14:06 UTC 2020
0
1
1
1
0
0
1
1
1
0
0
1
1
1
0
0
1
1
1
0
0
1
1
1
0
0
1
1
1
0
0
1
1
1
0
0
1
1
1
0
0
0
14 ms. Memory: 51200K Free: 31123K (61%)
ptolemy.util.test.WatchDog.cancel(): canceling Tue Mar 10 07:14:06 UTC 2020
auto.tcl: Setting watchdog for 200 seconds at Tue Mar 10 07:14:06 UTC 2020
0
1
1
1
0
0
1
1
1
0
0
1
1
1
0
0
1
1
1
0
0
1
1
1
0
0
1
1
1
0
0
1
1
1
0
0
1
1
1
0
0
0
7 ms. Memory: 51200K Free: 29590K (58%)
ptolemy.util.test.WatchDog.cancel(): canceling Tue Mar 10 07:14:06 UTC 2020
------------------ testing $PTII/ptolemy/domains/de/test/auto/dynamicCausalityInterface1.xml
auto.tcl: Setting watchdog for 200 seconds at Tue Mar 10 07:14:06 UTC 2020
1 ms. Memory: 51200K Free: 26437K (52%)
ptolemy.util.test.WatchDog.cancel(): canceling Tue Mar 10 07:14:06 UTC 2020
auto.tcl: Setting watchdog for 200 seconds at Tue Mar 10 07:14:06 UTC 2020
1 ms. Memory: 51200K Free: 25997K (51%)
ptolemy.util.test.WatchDog.cancel(): canceling Tue Mar 10 07:14:06 UTC 2020
------------------ testing $PTII/ptolemy/domains/de/test/auto/fsm_de_test.xml
auto.tcl: Setting watchdog for 200 seconds at Tue Mar 10 07:14:06 UTC 2020
8 ms. Memory: 51200K Free: 26919K (53%)
ptolemy.util.test.WatchDog.cancel(): canceling Tue Mar 10 07:14:06 UTC 2020
auto.tcl: Setting watchdog for 200 seconds at Tue Mar 10 07:14:06 UTC 2020
5 ms. Memory: 51200K Free: 24874K (49%)
ptolemy.util.test.WatchDog.cancel(): canceling Tue Mar 10 07:14:06 UTC 2020
------------------ testing $PTII/ptolemy/domains/de/test/auto/functionDependencyReconstruction.xml
auto.tcl: Setting watchdog for 200 seconds at Tue Mar 10 07:14:06 UTC 2020
3 ms. Memory: 51200K Free: 20765K (41%)
ptolemy.util.test.WatchDog.cancel(): canceling Tue Mar 10 07:14:07 UTC 2020
auto.tcl: Setting watchdog for 200 seconds at Tue Mar 10 07:14:07 UTC 2020
3 ms. Memory: 51200K Free: 18717K (37%)
ptolemy.util.test.WatchDog.cancel(): canceling Tue Mar 10 07:14:07 UTC 2020
------------------ testing $PTII/ptolemy/domains/de/test/auto/multirate.xml
auto.tcl: Setting watchdog for 200 seconds at Tue Mar 10 07:14:07 UTC 2020
4 ms. Memory: 51200K Free: 29560K (58%)
ptolemy.util.test.WatchDog.cancel(): canceling Tue Mar 10 07:14:07 UTC 2020
auto.tcl: Setting watchdog for 200 seconds at Tue Mar 10 07:14:07 UTC 2020
3 ms. Memory: 51200K Free: 27822K (54%)
ptolemy.util.test.WatchDog.cancel(): canceling Tue Mar 10 07:14:07 UTC 2020
------------------ testing $PTII/ptolemy/domains/de/test/auto/multirate2.xml
auto.tcl: Setting watchdog for 200 seconds at Tue Mar 10 07:14:07 UTC 2020
2 ms. Memory: 51200K Free: 29725K (58%)
ptolemy.util.test.WatchDog.cancel(): canceling Tue Mar 10 07:14:07 UTC 2020
auto.tcl: Setting watchdog for 200 seconds at Tue Mar 10 07:14:07 UTC 2020
4 ms. Memory: 51200K Free: 27996K (55%)
ptolemy.util.test.WatchDog.cancel(): canceling Tue Mar 10 07:14:07 UTC 2020
------------------ testing $PTII/ptolemy/domains/de/test/auto/realtime.xml
auto.tcl: Setting watchdog for 200 seconds at Tue Mar 10 07:14:07 UTC 2020
10003 ms. Memory: 51200K Free: 31801K (62%)
ptolemy.util.test.WatchDog.cancel(): canceling Tue Mar 10 07:14:17 UTC 2020
auto.tcl: Setting watchdog for 200 seconds at Tue Mar 10 07:14:17 UTC 2020
10001 ms. Memory: 51200K Free: 31066K (61%)
ptolemy.util.test.WatchDog.cancel(): canceling Tue Mar 10 07:14:27 UTC 2020
------------------ testing $PTII/ptolemy/domains/de/test/auto/relationGroup.xml
auto.tcl: Setting watchdog for 200 seconds at Tue Mar 10 07:14:27 UTC 2020
2 ms. Memory: 51200K Free: 32881K (64%)
ptolemy.util.test.WatchDog.cancel(): canceling Tue Mar 10 07:14:27 UTC 2020
auto.tcl: Setting watchdog for 200 seconds at Tue Mar 10 07:14:27 UTC 2020
2 ms. Memory: 51200K Free: 32381K (63%)
ptolemy.util.test.WatchDog.cancel(): canceling Tue Mar 10 07:14:27 UTC 2020
------------------ testing $PTII/ptolemy/domains/de/test/auto/relationGroup2.xml
auto.tcl: Setting watchdog for 200 seconds at Tue Mar 10 07:14:27 UTC 2020
1 ms. Memory: 51200K Free: 32906K (64%)
ptolemy.util.test.WatchDog.cancel(): canceling Tue Mar 10 07:14:27 UTC 2020
auto.tcl: Setting watchdog for 200 seconds at Tue Mar 10 07:14:27 UTC 2020
2 ms. Memory: 51200K Free: 32171K (63%)
ptolemy.util.test.WatchDog.cancel(): canceling Tue Mar 10 07:14:27 UTC 2020
------------------ testing $PTII/ptolemy/domains/de/test/auto/sortWithOpaquePorts.xml
auto.tcl: Setting watchdog for 200 seconds at Tue Mar 10 07:14:27 UTC 2020
2 ms. Memory: 51200K Free: 31644K (62%)
ptolemy.util.test.WatchDog.cancel(): canceling Tue Mar 10 07:14:27 UTC 2020
auto.tcl: Setting watchdog for 200 seconds at Tue Mar 10 07:14:27 UTC 2020
2 ms. Memory: 51200K Free: 30645K (60%)
ptolemy.util.test.WatchDog.cancel(): canceling Tue Mar 10 07:14:27 UTC 2020
------------------ testing $PTII/ptolemy/domains/de/test/auto/transferInputsandOutputs.xml
auto.tcl: Setting watchdog for 200 seconds at Tue Mar 10 07:14:27 UTC 2020
2 ms. Memory: 51200K Free: 29087K (57%)
ptolemy.util.test.WatchDog.cancel(): canceling Tue Mar 10 07:14:27 UTC 2020
auto.tcl: Setting watchdog for 200 seconds at Tue Mar 10 07:14:27 UTC 2020
2 ms. Memory: 51200K Free: 28073K (55%)
ptolemy.util.test.WatchDog.cancel(): canceling Tue Mar 10 07:14:27 UTC 2020
------------------ testing $PTII/ptolemy/domains/de/test/auto/triggerType.xml
auto.tcl: Setting watchdog for 200 seconds at Tue Mar 10 07:14:27 UTC 2020
2 ms. Memory: 51200K Free: 32112K (63%)
ptolemy.util.test.WatchDog.cancel(): canceling Tue Mar 10 07:14:27 UTC 2020
auto.tcl: Setting watchdog for 200 seconds at Tue Mar 10 07:14:27 UTC 2020
2 ms. Memory: 51200K Free: 31088K (61%)
ptolemy.util.test.WatchDog.cancel(): canceling Tue Mar 10 07:14:27 UTC 2020
03/10/20 07:14:27
Failed: 0  Total Tests: 192  ((Passed: 187, Newly Passed: 1)  Known Failed: 5) /home/travis/build/icyphy/ptII/ptolemy/domains/de/test
03/10/20 07:14:27
Failed: 0  Total Tests: 192  ((Passed: 187, Newly Passed: 1)  Known Failed: 5) /home/travis/build/icyphy/ptII/ptolemy/domains/de/test
----------------- testing (KnownFailure) /home/travis/build/icyphy/ptII/ptolemy/domains/de/test/auto/knownFailedTests/DESDFClockTest.xml
2011 ms. Memory: 51200K Free: 25507K (50%)
Known Failure: java.lang.reflect.InvocationTargetException
----------------- testing (KnownFailure) /home/travis/build/icyphy/ptII/ptolemy/domains/de/test/auto/knownFailedTests/DirectFeedback.xml
2 ms. Memory: 51200K Free: 21925K (43%)
Known Failure: java.lang.reflect.InvocationTargetException
----------------- testing (KnownFailure) /home/travis/build/icyphy/ptII/ptolemy/domains/de/test/auto/knownFailedTests/FSMSource.xml
14 ms. Memory: 51200K Free: 14213K (28%)
----------------- testing (KnownFailure) /home/travis/build/icyphy/ptII/ptolemy/domains/de/test/auto/knownFailedTests/HierarchicalModel.xml
4 ms. Memory: 51200K Free: 26030K (51%)
Known Failure: java.lang.reflect.InvocationTargetException
----------------- testing (KnownFailure) /home/travis/build/icyphy/ptII/ptolemy/domains/de/test/auto/knownFailedTests/dependencyLoop.xml
2 ms. Memory: 51200K Free: 10174K (20%)
Known Failure: java.lang.reflect.InvocationTargetException
----------------- testing (KnownFailure) /home/travis/build/icyphy/ptII/ptolemy/domains/de/test/auto/knownFailedTests/dependencyLoop2.xml
5 ms. Memory: 51200K Free: 22914K (45%)
Known Failure: java.lang.reflect.InvocationTargetException
No auto/linux-amd64/*.xml tests in /home/travis/build/icyphy/ptII/ptolemy/domains/de/test
AutoTests.java: About to close Vertx.
AutoTests.java: Vertx closed.

===========================================================================================
----------------- testing Tue Mar 10 07:14:29 UTC 2020 /home/travis/build/icyphy/ptII/ptolemy/domains/de/test/auto/ActorDepthCalculation_actorWithoutPorts.xml
----------------- Instantiating /home/travis/build/icyphy/ptII/ptolemy/domains/de/test/auto/ActorDepthCalculation_actorWithoutPorts.xml
2 ms. Memory: 51200K Free: 16069K (31%)
----------------- Invoking toplevel() on ptolemy.moml.MoMLSimpleApplication@67b43e09
----------------- Done invoking toplevel() on ptolemy.moml.MoMLSimpleApplication@67b43e09
reloadAllAccessors: .ActorDepthCalculation_actorWithoutPorts

===========================================================================================
----------------- testing Tue Mar 10 07:14:29 UTC 2020 /home/travis/build/icyphy/ptII/ptolemy/domains/de/test/auto/AssemblyLine.xml
----------------- Instantiating /home/travis/build/icyphy/ptII/ptolemy/domains/de/test/auto/AssemblyLine.xml
3 ms. Memory: 51200K Free: 9179K (18%)
----------------- Invoking toplevel() on ptolemy.moml.MoMLSimpleApplication@4b998135
----------------- Done invoking toplevel() on ptolemy.moml.MoMLSimpleApplication@4b998135
reloadAllAccessors: .AssemblyLine

===========================================================================================
----------------- testing Tue Mar 10 07:14:29 UTC 2020 /home/travis/build/icyphy/ptII/ptolemy/domains/de/test/auto/CQBug1.xml
----------------- Instantiating /home/travis/build/icyphy/ptII/ptolemy/domains/de/test/auto/CQBug1.xml
1 ms. Memory: 51200K Free: 34032K (66%)
----------------- Invoking toplevel() on ptolemy.moml.MoMLSimpleApplication@417327a2
----------------- Done invoking toplevel() on ptolemy.moml.MoMLSimpleApplication@417327a2
reloadAllAccessors: .CQBug1

===========================================================================================
----------------- testing Tue Mar 10 07:14:29 UTC 2020 /home/travis/build/icyphy/ptII/ptolemy/domains/de/test/auto/CancelFireAt.xml
----------------- Instantiating /home/travis/build/icyphy/ptII/ptolemy/domains/de/test/auto/CancelFireAt.xml
1 ms. Memory: 51200K Free: 31508K (62%)
----------------- Invoking toplevel() on ptolemy.moml.MoMLSimpleApplication@6d2c9155
----------------- Done invoking toplevel() on ptolemy.moml.MoMLSimpleApplication@6d2c9155
reloadAllAccessors: .CancelFireAt

===========================================================================================
----------------- testing Tue Mar 10 07:14:29 UTC 2020 /home/travis/build/icyphy/ptII/ptolemy/domains/de/test/auto/CausalityAndComposabilityAnalysis.xml
----------------- Instantiating /home/travis/build/icyphy/ptII/ptolemy/domains/de/test/auto/CausalityAndComposabilityAnalysis.xml
3 ms. Memory: 51200K Free: 27167K (53%)
----------------- Invoking toplevel() on ptolemy.moml.MoMLSimpleApplication@5de513ed
----------------- Done invoking toplevel() on ptolemy.moml.MoMLSimpleApplication@5de513ed
reloadAllAccessors: .CausalityAndComposabilityAnalysis

===========================================================================================
----------------- testing Tue Mar 10 07:14:29 UTC 2020 /home/travis/build/icyphy/ptII/ptolemy/domains/de/test/auto/CausalityInterface1.xml
----------------- Instantiating /home/travis/build/icyphy/ptII/ptolemy/domains/de/test/auto/CausalityInterface1.xml
6 ms. Memory: 51200K Free: 22071K (43%)
----------------- Invoking toplevel() on ptolemy.moml.MoMLSimpleApplication@4299d67c
----------------- Done invoking toplevel() on ptolemy.moml.MoMLSimpleApplication@4299d67c
reloadAllAccessors: .CausalityInterface1

===========================================================================================
----------------- testing Tue Mar 10 07:14:29 UTC 2020 /home/travis/build/icyphy/ptII/ptolemy/domains/de/test/auto/CausalityInterface15.xml
----------------- Instantiating /home/travis/build/icyphy/ptII/ptolemy/domains/de/test/auto/CausalityInterface15.xml
2 ms. Memory: 51200K Free: 16610K (32%)
----------------- Invoking toplevel() on ptolemy.moml.MoMLSimpleApplication@17a62d7
----------------- Done invoking toplevel() on ptolemy.moml.MoMLSimpleApplication@17a62d7
reloadAllAccessors: .CausalityInterface15

===========================================================================================
----------------- testing Tue Mar 10 07:14:29 UTC 2020 /home/travis/build/icyphy/ptII/ptolemy/domains/de/test/auto/CausalityInterface2.xml
----------------- Instantiating /home/travis/build/icyphy/ptII/ptolemy/domains/de/test/auto/CausalityInterface2.xml
2 ms. Memory: 51200K Free: 11853K (23%)
----------------- Invoking toplevel() on ptolemy.moml.MoMLSimpleApplication@669480f4
----------------- Done invoking toplevel() on ptolemy.moml.MoMLSimpleApplication@669480f4
reloadAllAccessors: .CausalityInterface2

===========================================================================================
----------------- testing Tue Mar 10 07:14:29 UTC 2020 /home/travis/build/icyphy/ptII/ptolemy/domains/de/test/auto/CausalityInterface3.xml
----------------- Instantiating /home/travis/build/icyphy/ptII/ptolemy/domains/de/test/auto/CausalityInterface3.xml
2 ms. Memory: 51200K Free: 34481K (67%)
----------------- Invoking toplevel() on ptolemy.moml.MoMLSimpleApplication@17eb8cb1
----------------- Done invoking toplevel() on ptolemy.moml.MoMLSimpleApplication@17eb8cb1
reloadAllAccessors: .CausalityInterface3

===========================================================================================
----------------- testing Tue Mar 10 07:14:29 UTC 2020 /home/travis/build/icyphy/ptII/ptolemy/domains/de/test/auto/ClockDrift.xml
----------------- Instantiating /home/travis/build/icyphy/ptII/ptolemy/domains/de/test/auto/ClockDrift.xml
27 ms. Memory: 51200K Free: 22640K (44%)
----------------- Invoking toplevel() on ptolemy.moml.MoMLSimpleApplication@67ee63b1
----------------- Done invoking toplevel() on ptolemy.moml.MoMLSimpleApplication@67ee63b1
reloadAllAccessors: .ClockDrift

===========================================================================================
----------------- testing Tue Mar 10 07:14:30 UTC 2020 /home/travis/build/icyphy/ptII/ptolemy/domains/de/test/auto/ClockDriftAndValueChange.xml
----------------- Instantiating /home/travis/build/icyphy/ptII/ptolemy/domains/de/test/auto/ClockDriftAndValueChange.xml
11 ms. Memory: 51200K Free: 10951K (21%)
----------------- Invoking toplevel() on ptolemy.moml.MoMLSimpleApplication@1bf360b8
----------------- Done invoking toplevel() on ptolemy.moml.MoMLSimpleApplication@1bf360b8
reloadAllAccessors: .ClockDriftAndValueChange

===========================================================================================
----------------- testing Tue Mar 10 07:14:30 UTC 2020 /home/travis/build/icyphy/ptII/ptolemy/domains/de/test/auto/ClockDriftChange.xml
----------------- Instantiating /home/travis/build/icyphy/ptII/ptolemy/domains/de/test/auto/ClockDriftChange.xml
9 ms. Memory: 51200K Free: 28723K (56%)
----------------- Invoking toplevel() on ptolemy.moml.MoMLSimpleApplication@348d37ae
----------------- Done invoking toplevel() on ptolemy.moml.MoMLSimpleApplication@348d37ae
reloadAllAccessors: .ClockDriftChange

===========================================================================================
----------------- testing Tue Mar 10 07:14:30 UTC 2020 /home/travis/build/icyphy/ptII/ptolemy/domains/de/test/auto/ComposableCausalityAnalysis.xml
----------------- Instantiating /home/travis/build/icyphy/ptII/ptolemy/domains/de/test/auto/ComposableCausalityAnalysis.xml
1 ms. Memory: 51200K Free: 22970K (45%)
----------------- Invoking toplevel() on ptolemy.moml.MoMLSimpleApplication@299d428b
----------------- Done invoking toplevel() on ptolemy.moml.MoMLSimpleApplication@299d428b
reloadAllAccessors: .ComposableCausalityAnalysis

===========================================================================================
----------------- testing Tue Mar 10 07:14:30 UTC 2020 /home/travis/build/icyphy/ptII/ptolemy/domains/de/test/auto/DEFixedPointLimitation.xml
----------------- Instantiating /home/travis/build/icyphy/ptII/ptolemy/domains/de/test/auto/DEFixedPointLimitation.xml
1 ms. Memory: 51200K Free: 18227K (36%)
----------------- Invoking toplevel() on ptolemy.moml.MoMLSimpleApplication@1e16ae9a
----------------- Done invoking toplevel() on ptolemy.moml.MoMLSimpleApplication@1e16ae9a
reloadAllAccessors: .DEFixedPointLimitation

===========================================================================================
----------------- testing Tue Mar 10 07:14:30 UTC 2020 /home/travis/build/icyphy/ptII/ptolemy/domains/de/test/auto/DEScheduleTest.xml
----------------- Instantiating /home/travis/build/icyphy/ptII/ptolemy/domains/de/test/auto/DEScheduleTest.xml
1 ms. Memory: 51200K Free: 13922K (27%)
----------------- Invoking toplevel() on ptolemy.moml.MoMLSimpleApplication@2b4b91a0
----------------- Done invoking toplevel() on ptolemy.moml.MoMLSimpleApplication@2b4b91a0
reloadAllAccessors: .DEScheduleTest

===========================================================================================
----------------- testing Tue Mar 10 07:14:30 UTC 2020 /home/travis/build/icyphy/ptII/ptolemy/domains/de/test/auto/DEinDEwithStartTimes.xml
----------------- Instantiating /home/travis/build/icyphy/ptII/ptolemy/domains/de/test/auto/DEinDEwithStartTimes.xml
2 ms. Memory: 51200K Free: 8211K (16%)
----------------- Invoking toplevel() on ptolemy.moml.MoMLSimpleApplication@2c263886
----------------- Done invoking toplevel() on ptolemy.moml.MoMLSimpleApplication@2c263886
reloadAllAccessors: .DEinDEwithStartTimes

===========================================================================================
----------------- testing Tue Mar 10 07:14:30 UTC 2020 /home/travis/build/icyphy/ptII/ptolemy/domains/de/test/auto/DEinDEwithStartTimes2.xml
----------------- Instantiating /home/travis/build/icyphy/ptII/ptolemy/domains/de/test/auto/DEinDEwithStartTimes2.xml
3 ms. Memory: 51200K Free: 29453K (58%)
----------------- Invoking toplevel() on ptolemy.moml.MoMLSimpleApplication@6dd9167a
----------------- Done invoking toplevel() on ptolemy.moml.MoMLSimpleApplication@6dd9167a
reloadAllAccessors: .DEinDEwithStartTimes2

===========================================================================================
----------------- testing Tue Mar 10 07:14:30 UTC 2020 /home/travis/build/icyphy/ptII/ptolemy/domains/de/test/auto/DateDemo.xml
----------------- Instantiating /home/travis/build/icyphy/ptII/ptolemy/domains/de/test/auto/DateDemo.xml
6 ms. Memory: 51200K Free: 17937K (35%)
----------------- Invoking toplevel() on ptolemy.moml.MoMLSimpleApplication@44b3e86f
----------------- Done invoking toplevel() on ptolemy.moml.MoMLSimpleApplication@44b3e86f
reloadAllAccessors: .DateDemo

===========================================================================================
----------------- testing Tue Mar 10 07:14:30 UTC 2020 /home/travis/build/icyphy/ptII/ptolemy/domains/de/test/auto/DateToEvent.xml
----------------- Instantiating /home/travis/build/icyphy/ptII/ptolemy/domains/de/test/auto/DateToEvent.xml
2004 ms. Memory: 51200K Free: 28298K (55%)
----------------- Invoking toplevel() on ptolemy.moml.MoMLSimpleApplication@3db4b50c
----------------- Done invoking toplevel() on ptolemy.moml.MoMLSimpleApplication@3db4b50c
reloadAllAccessors: .DateToEvent

===========================================================================================
----------------- testing Tue Mar 10 07:14:32 UTC 2020 /home/travis/build/icyphy/ptII/ptolemy/domains/de/test/auto/DepthTest1.xml
----------------- Instantiating /home/travis/build/icyphy/ptII/ptolemy/domains/de/test/auto/DepthTest1.xml
1 ms. Memory: 51200K Free: 25396K (50%)
----------------- Invoking toplevel() on ptolemy.moml.MoMLSimpleApplication@78a49b4c
----------------- Done invoking toplevel() on ptolemy.moml.MoMLSimpleApplication@78a49b4c
reloadAllAccessors: .DepthTest1

===========================================================================================
----------------- testing Tue Mar 10 07:14:32 UTC 2020 /home/travis/build/icyphy/ptII/ptolemy/domains/de/test/auto/DepthTest2.xml
----------------- Instantiating /home/travis/build/icyphy/ptII/ptolemy/domains/de/test/auto/DepthTest2.xml
3 ms. Memory: 51200K Free: 19082K (37%)
----------------- Invoking toplevel() on ptolemy.moml.MoMLSimpleApplication@3512d162
----------------- Done invoking toplevel() on ptolemy.moml.MoMLSimpleApplication@3512d162
reloadAllAccessors: .DepthTest2

===========================================================================================
----------------- testing Tue Mar 10 07:14:32 UTC 2020 /home/travis/build/icyphy/ptII/ptolemy/domains/de/test/auto/DepthTest3.xml
----------------- Instantiating /home/travis/build/icyphy/ptII/ptolemy/domains/de/test/auto/DepthTest3.xml
1 ms. Memory: 51200K Free: 15728K (31%)
----------------- Invoking toplevel() on ptolemy.moml.MoMLSimpleApplication@55576c31
----------------- Done invoking toplevel() on ptolemy.moml.MoMLSimpleApplication@55576c31
reloadAllAccessors: .DepthTest3

===========================================================================================
----------------- testing Tue Mar 10 07:14:32 UTC 2020 /home/travis/build/icyphy/ptII/ptolemy/domains/de/test/auto/DepthTest4.xml
----------------- Instantiating /home/travis/build/icyphy/ptII/ptolemy/domains/de/test/auto/DepthTest4.xml
1 ms. Memory: 51200K Free: 10890K (21%)
----------------- Invoking toplevel() on ptolemy.moml.MoMLSimpleApplication@aa7467a
----------------- Done invoking toplevel() on ptolemy.moml.MoMLSimpleApplication@aa7467a
reloadAllAccessors: .DepthTest4

===========================================================================================
----------------- testing Tue Mar 10 07:14:32 UTC 2020 /home/travis/build/icyphy/ptII/ptolemy/domains/de/test/auto/DepthTest5.xml
----------------- Instantiating /home/travis/build/icyphy/ptII/ptolemy/domains/de/test/auto/DepthTest5.xml
1 ms. Memory: 51200K Free: 32375K (63%)
----------------- Invoking toplevel() on ptolemy.moml.MoMLSimpleApplication@5f8fea52
----------------- Done invoking toplevel() on ptolemy.moml.MoMLSimpleApplication@5f8fea52
reloadAllAccessors: .DepthTest5

===========================================================================================
----------------- testing Tue Mar 10 07:14:32 UTC 2020 /home/travis/build/icyphy/ptII/ptolemy/domains/de/test/auto/DepthTest6.xml
----------------- Instantiating /home/travis/build/icyphy/ptII/ptolemy/domains/de/test/auto/DepthTest6.xml
2 ms. Memory: 51200K Free: 27031K (53%)
----------------- Invoking toplevel() on ptolemy.moml.MoMLSimpleApplication@45be49e8
----------------- Done invoking toplevel() on ptolemy.moml.MoMLSimpleApplication@45be49e8
reloadAllAccessors: .DepthTest6

===========================================================================================
----------------- testing Tue Mar 10 07:14:32 UTC 2020 /home/travis/build/icyphy/ptII/ptolemy/domains/de/test/auto/DepthTest7.xml
----------------- Instantiating /home/travis/build/icyphy/ptII/ptolemy/domains/de/test/auto/DepthTest7.xml
1 ms. Memory: 51200K Free: 22135K (43%)
----------------- Invoking toplevel() on ptolemy.moml.MoMLSimpleApplication@6751ecf3
----------------- Done invoking toplevel() on ptolemy.moml.MoMLSimpleApplication@6751ecf3
reloadAllAccessors: .DepthTest7

===========================================================================================
----------------- testing Tue Mar 10 07:14:32 UTC 2020 /home/travis/build/icyphy/ptII/ptolemy/domains/de/test/auto/EventToDate.xml
----------------- Instantiating /home/travis/build/icyphy/ptII/ptolemy/domains/de/test/auto/EventToDate.xml
3007 ms. Memory: 51200K Free: 35184K (69%)
----------------- Invoking toplevel() on ptolemy.moml.MoMLSimpleApplication@58457cbe
----------------- Done invoking toplevel() on ptolemy.moml.MoMLSimpleApplication@58457cbe
reloadAllAccessors: .EventToDate

===========================================================================================
----------------- testing Tue Mar 10 07:14:35 UTC 2020 /home/travis/build/icyphy/ptII/ptolemy/domains/de/test/auto/FSM1.xml
----------------- Instantiating /home/travis/build/icyphy/ptII/ptolemy/domains/de/test/auto/FSM1.xml
8 ms. Memory: 51200K Free: 23005K (45%)
----------------- Invoking toplevel() on ptolemy.moml.MoMLSimpleApplication@77f25c57
----------------- Done invoking toplevel() on ptolemy.moml.MoMLSimpleApplication@77f25c57
reloadAllAccessors: .FSM1

===========================================================================================
----------------- testing Tue Mar 10 07:14:35 UTC 2020 /home/travis/build/icyphy/ptII/ptolemy/domains/de/test/auto/FSM7.xml
----------------- Instantiating /home/travis/build/icyphy/ptII/ptolemy/domains/de/test/auto/FSM7.xml
10 ms. Memory: 51200K Free: 10569K (21%)
----------------- Invoking toplevel() on ptolemy.moml.MoMLSimpleApplication@5fba9837
----------------- Done invoking toplevel() on ptolemy.moml.MoMLSimpleApplication@5fba9837
reloadAllAccessors: .FSM7

===========================================================================================
----------------- testing Tue Mar 10 07:14:35 UTC 2020 /home/travis/build/icyphy/ptII/ptolemy/domains/de/test/auto/Inspection.xml
----------------- Instantiating /home/travis/build/icyphy/ptII/ptolemy/domains/de/test/auto/Inspection.xml
11 ms. Memory: 51200K Free: 25261K (49%)
----------------- Invoking toplevel() on ptolemy.moml.MoMLSimpleApplication@1cae33b9
----------------- Done invoking toplevel() on ptolemy.moml.MoMLSimpleApplication@1cae33b9
reloadAllAccessors: .Inspection

===========================================================================================
----------------- testing Tue Mar 10 07:14:35 UTC 2020 /home/travis/build/icyphy/ptII/ptolemy/domains/de/test/auto/Iteration.xml
----------------- Instantiating /home/travis/build/icyphy/ptII/ptolemy/domains/de/test/auto/Iteration.xml
4 ms. Memory: 51200K Free: 18345K (36%)
----------------- Invoking toplevel() on ptolemy.moml.MoMLSimpleApplication@31d1bc31
----------------- Done invoking toplevel() on ptolemy.moml.MoMLSimpleApplication@31d1bc31
reloadAllAccessors: .Iteration

===========================================================================================
----------------- testing Tue Mar 10 07:14:35 UTC 2020 /home/travis/build/icyphy/ptII/ptolemy/domains/de/test/auto/LineFault.xml
----------------- Instantiating /home/travis/build/icyphy/ptII/ptolemy/domains/de/test/auto/LineFault.xml
439 ms. Memory: 51200K Free: 31809K (62%)
----------------- Invoking toplevel() on ptolemy.moml.MoMLSimpleApplication@482ce2b4
----------------- Done invoking toplevel() on ptolemy.moml.MoMLSimpleApplication@482ce2b4
reloadAllAccessors: .LineFault

===========================================================================================
----------------- testing Tue Mar 10 07:14:36 UTC 2020 /home/travis/build/icyphy/ptII/ptolemy/domains/de/test/auto/MergeModel1Add.xml
----------------- Instantiating /home/travis/build/icyphy/ptII/ptolemy/domains/de/test/auto/MergeModel1Add.xml
6 ms. Memory: 51200K Free: 13307K (26%)
----------------- Invoking toplevel() on ptolemy.moml.MoMLSimpleApplication@54422631
----------------- Done invoking toplevel() on ptolemy.moml.MoMLSimpleApplication@54422631
reloadAllAccessors: .MergeModel1Add

===========================================================================================
----------------- testing Tue Mar 10 07:14:36 UTC 2020 /home/travis/build/icyphy/ptII/ptolemy/domains/de/test/auto/MergeModel2Add.xml
----------------- Instantiating /home/travis/build/icyphy/ptII/ptolemy/domains/de/test/auto/MergeModel2Add.xml
5 ms. Memory: 51200K Free: 19166K (37%)
----------------- Invoking toplevel() on ptolemy.moml.MoMLSimpleApplication@2dcc360f
----------------- Done invoking toplevel() on ptolemy.moml.MoMLSimpleApplication@2dcc360f
reloadAllAccessors: .MergeModel2Add

===========================================================================================
----------------- testing Tue Mar 10 07:14:36 UTC 2020 /home/travis/build/icyphy/ptII/ptolemy/domains/de/test/auto/MergeModel3Add.xml
----------------- Instantiating /home/travis/build/icyphy/ptII/ptolemy/domains/de/test/auto/MergeModel3Add.xml
5 ms. Memory: 51200K Free: 27134K (53%)
----------------- Invoking toplevel() on ptolemy.moml.MoMLSimpleApplication@43e56e24
----------------- Done invoking toplevel() on ptolemy.moml.MoMLSimpleApplication@43e56e24
reloadAllAccessors: .MergeModel3Add

===========================================================================================
----------------- testing Tue Mar 10 07:14:36 UTC 2020 /home/travis/build/icyphy/ptII/ptolemy/domains/de/test/auto/MergeWithoutDiscard.xml
----------------- Instantiating /home/travis/build/icyphy/ptII/ptolemy/domains/de/test/auto/MergeWithoutDiscard.xml
2 ms. Memory: 51200K Free: 23038K (45%)
----------------- Invoking toplevel() on ptolemy.moml.MoMLSimpleApplication@7eb280ee
----------------- Done invoking toplevel() on ptolemy.moml.MoMLSimpleApplication@7eb280ee
reloadAllAccessors: .MergeWithoutDiscard

===========================================================================================
----------------- testing Tue Mar 10 07:14:36 UTC 2020 /home/travis/build/icyphy/ptII/ptolemy/domains/de/test/auto/Modal1.xml
----------------- Instantiating /home/travis/build/icyphy/ptII/ptolemy/domains/de/test/auto/Modal1.xml
8 ms. Memory: 51200K Free: 10948K (21%)
----------------- Invoking toplevel() on ptolemy.moml.MoMLSimpleApplication@2905e0f1
----------------- Done invoking toplevel() on ptolemy.moml.MoMLSimpleApplication@2905e0f1
reloadAllAccessors: .Modal1

===========================================================================================
----------------- testing Tue Mar 10 07:14:36 UTC 2020 /home/travis/build/icyphy/ptII/ptolemy/domains/de/test/auto/Modal2.xml
----------------- Instantiating /home/travis/build/icyphy/ptII/ptolemy/domains/de/test/auto/Modal2.xml
9 ms. Memory: 51200K Free: 24736K (48%)
----------------- Invoking toplevel() on ptolemy.moml.MoMLSimpleApplication@6669e3db
----------------- Done invoking toplevel() on ptolemy.moml.MoMLSimpleApplication@6669e3db
reloadAllAccessors: .Modal2

===========================================================================================
----------------- testing Tue Mar 10 07:14:36 UTC 2020 /home/travis/build/icyphy/ptII/ptolemy/domains/de/test/auto/Modal3.xml
----------------- Instantiating /home/travis/build/icyphy/ptII/ptolemy/domains/de/test/auto/Modal3.xml
8 ms. Memory: 51200K Free: 12690K (25%)
----------------- Invoking toplevel() on ptolemy.moml.MoMLSimpleApplication@2584ce6c
----------------- Done invoking toplevel() on ptolemy.moml.MoMLSimpleApplication@2584ce6c
reloadAllAccessors: .Modal3

===========================================================================================
----------------- testing Tue Mar 10 07:14:36 UTC 2020 /home/travis/build/icyphy/ptII/ptolemy/domains/de/test/auto/Modal4.xml
----------------- Instantiating /home/travis/build/icyphy/ptII/ptolemy/domains/de/test/auto/Modal4.xml
9 ms. Memory: 51200K Free: 25411K (50%)
----------------- Invoking toplevel() on ptolemy.moml.MoMLSimpleApplication@7fafe540
----------------- Done invoking toplevel() on ptolemy.moml.MoMLSimpleApplication@7fafe540
reloadAllAccessors: .Modal4

===========================================================================================
----------------- testing Tue Mar 10 07:14:36 UTC 2020 /home/travis/build/icyphy/ptII/ptolemy/domains/de/test/auto/Modal5.xml
----------------- Instantiating /home/travis/build/icyphy/ptII/ptolemy/domains/de/test/auto/Modal5.xml
14 ms. Memory: 51200K Free: 12396K (24%)
----------------- Invoking toplevel() on ptolemy.moml.MoMLSimpleApplication@1d4db9df
----------------- Done invoking toplevel() on ptolemy.moml.MoMLSimpleApplication@1d4db9df
reloadAllAccessors: .Modal5

===========================================================================================
----------------- testing Tue Mar 10 07:14:36 UTC 2020 /home/travis/build/icyphy/ptII/ptolemy/domains/de/test/auto/Modal6.xml
----------------- Instantiating /home/travis/build/icyphy/ptII/ptolemy/domains/de/test/auto/Modal6.xml
9 ms. Memory: 51200K Free: 25729K (50%)
----------------- Invoking toplevel() on ptolemy.moml.MoMLSimpleApplication@2f4e8a3
----------------- Done invoking toplevel() on ptolemy.moml.MoMLSimpleApplication@2f4e8a3
reloadAllAccessors: .Modal6

===========================================================================================
----------------- testing Tue Mar 10 07:14:36 UTC 2020 /home/travis/build/icyphy/ptII/ptolemy/domains/de/test/auto/Modal7.xml
----------------- Instantiating /home/travis/build/icyphy/ptII/ptolemy/domains/de/test/auto/Modal7.xml
6 ms. Memory: 51200K Free: 12673K (25%)
----------------- Invoking toplevel() on ptolemy.moml.MoMLSimpleApplication@2a3384ed
----------------- Done invoking toplevel() on ptolemy.moml.MoMLSimpleApplication@2a3384ed
reloadAllAccessors: .Modal7

===========================================================================================
----------------- testing Tue Mar 10 07:14:36 UTC 2020 /home/travis/build/icyphy/ptII/ptolemy/domains/de/test/auto/ModalModel.xml
----------------- Instantiating /home/travis/build/icyphy/ptII/ptolemy/domains/de/test/auto/ModalModel.xml
128 ms. Memory: 68608K Free: 47220K (69%)
----------------- Invoking toplevel() on ptolemy.moml.MoMLSimpleApplication@9e7ef15
----------------- Done invoking toplevel() on ptolemy.moml.MoMLSimpleApplication@9e7ef15
reloadAllAccessors: .ModalModel

===========================================================================================
----------------- testing Tue Mar 10 07:14:36 UTC 2020 /home/travis/build/icyphy/ptII/ptolemy/domains/de/test/auto/ModalSource.xml
----------------- Instantiating /home/travis/build/icyphy/ptII/ptolemy/domains/de/test/auto/ModalSource.xml
5 ms. Memory: 68608K Free: 38929K (57%)
----------------- Invoking toplevel() on ptolemy.moml.MoMLSimpleApplication@3719831c
----------------- Done invoking toplevel() on ptolemy.moml.MoMLSimpleApplication@3719831c
reloadAllAccessors: .ModalSource

===========================================================================================
----------------- testing Tue Mar 10 07:14:36 UTC 2020 /home/travis/build/icyphy/ptII/ptolemy/domains/de/test/auto/NonInterruptibleTimerZeroDelay.xml
----------------- Instantiating /home/travis/build/icyphy/ptII/ptolemy/domains/de/test/auto/NonInterruptibleTimerZeroDelay.xml
2 ms. Memory: 68608K Free: 34833K (51%)
----------------- Invoking toplevel() on ptolemy.moml.MoMLSimpleApplication@6a5ca1ed
----------------- Done invoking toplevel() on ptolemy.moml.MoMLSimpleApplication@6a5ca1ed
reloadAllAccessors: .NonInterruptibleTimerZeroDelay

===========================================================================================
----------------- testing Tue Mar 10 07:14:36 UTC 2020 /home/travis/build/icyphy/ptII/ptolemy/domains/de/test/auto/OpenQueueingNetwork.xml
----------------- Instantiating /home/travis/build/icyphy/ptII/ptolemy/domains/de/test/auto/OpenQueueingNetwork.xml
2322 ms. Memory: 120832K Free: 85366K (71%)
----------------- Invoking toplevel() on ptolemy.moml.MoMLSimpleApplication@77075c78
----------------- Done invoking toplevel() on ptolemy.moml.MoMLSimpleApplication@77075c78
reloadAllAccessors: .OpenQueueingNetwork

===========================================================================================
----------------- testing Tue Mar 10 07:14:39 UTC 2020 /home/travis/build/icyphy/ptII/ptolemy/domains/de/test/auto/OpenQueuingNetwork.xml
----------------- Instantiating /home/travis/build/icyphy/ptII/ptolemy/domains/de/test/auto/OpenQueuingNetwork.xml
256 ms. Memory: 145408K Free: 101923K (70%)
----------------- Invoking toplevel() on ptolemy.moml.MoMLSimpleApplication@5fd8c336
----------------- Done invoking toplevel() on ptolemy.moml.MoMLSimpleApplication@5fd8c336
reloadAllAccessors: .OpenQueuingNetwork

===========================================================================================
----------------- testing Tue Mar 10 07:14:39 UTC 2020 /home/travis/build/icyphy/ptII/ptolemy/domains/de/test/auto/PeriodicSampler.xml
----------------- Instantiating /home/travis/build/icyphy/ptII/ptolemy/domains/de/test/auto/PeriodicSampler.xml
2 ms. Memory: 145408K Free: 97317K (67%)
----------------- Invoking toplevel() on ptolemy.moml.MoMLSimpleApplication@21e971c3
----------------- Done invoking toplevel() on ptolemy.moml.MoMLSimpleApplication@21e971c3
reloadAllAccessors: .PeriodicSampler

===========================================================================================
----------------- testing Tue Mar 10 07:14:39 UTC 2020 /home/travis/build/icyphy/ptII/ptolemy/domains/de/test/auto/PersistentIO.xml
----------------- Instantiating /home/travis/build/icyphy/ptII/ptolemy/domains/de/test/auto/PersistentIO.xml
10 ms. Memory: 145408K Free: 87557K (60%)
----------------- Invoking toplevel() on ptolemy.moml.MoMLSimpleApplication@1665b3d
----------------- Done invoking toplevel() on ptolemy.moml.MoMLSimpleApplication@1665b3d
reloadAllAccessors: .PersistentIO

===========================================================================================
----------------- testing Tue Mar 10 07:14:39 UTC 2020 /home/travis/build/icyphy/ptII/ptolemy/domains/de/test/auto/PortParameterResetOnInitialize.xml
----------------- Instantiating /home/travis/build/icyphy/ptII/ptolemy/domains/de/test/auto/PortParameterResetOnInitialize.xml
4 ms. Memory: 145408K Free: 82981K (57%)
----------------- Invoking toplevel() on ptolemy.moml.MoMLSimpleApplication@29e93630
----------------- Done invoking toplevel() on ptolemy.moml.MoMLSimpleApplication@29e93630
reloadAllAccessors: .PortParameterResetOnInitialize

===========================================================================================
----------------- testing Tue Mar 10 07:14:39 UTC 2020 /home/travis/build/icyphy/ptII/ptolemy/domains/de/test/auto/PortParameterUpdates.xml
----------------- Instantiating /home/travis/build/icyphy/ptII/ptolemy/domains/de/test/auto/PortParameterUpdates.xml
3 ms. Memory: 145408K Free: 76309K (52%)
----------------- Invoking toplevel() on ptolemy.moml.MoMLSimpleApplication@46f058f4
----------------- Done invoking toplevel() on ptolemy.moml.MoMLSimpleApplication@46f058f4
reloadAllAccessors: .PortParameterUpdates

===========================================================================================
----------------- testing Tue Mar 10 07:14:39 UTC 2020 /home/travis/build/icyphy/ptII/ptolemy/domains/de/test/auto/QueueAndServer.xml
----------------- Instantiating /home/travis/build/icyphy/ptII/ptolemy/domains/de/test/auto/QueueAndServer.xml
6 ms. Memory: 145408K Free: 68645K (47%)
----------------- Invoking toplevel() on ptolemy.moml.MoMLSimpleApplication@26e37450
----------------- Done invoking toplevel() on ptolemy.moml.MoMLSimpleApplication@26e37450
reloadAllAccessors: .QueueAndServer

===========================================================================================
----------------- testing Tue Mar 10 07:14:39 UTC 2020 /home/travis/build/icyphy/ptII/ptolemy/domains/de/test/auto/Records.xml
----------------- Instantiating /home/travis/build/icyphy/ptII/ptolemy/domains/de/test/auto/Records.xml
3 ms. Memory: 145408K Free: 63011K (43%)
----------------- Invoking toplevel() on ptolemy.moml.MoMLSimpleApplication@7f5584d9
----------------- Done invoking toplevel() on ptolemy.moml.MoMLSimpleApplication@7f5584d9
reloadAllAccessors: .Records

===========================================================================================
----------------- testing Tue Mar 10 07:14:39 UTC 2020 /home/travis/build/icyphy/ptII/ptolemy/domains/de/test/auto/ResetTransitionWithStartTime1.xml
----------------- Instantiating /home/travis/build/icyphy/ptII/ptolemy/domains/de/test/auto/ResetTransitionWithStartTime1.xml
10 ms. Memory: 145408K Free: 54805K (38%)
----------------- Invoking toplevel() on ptolemy.moml.MoMLSimpleApplication@15638c09
----------------- Done invoking toplevel() on ptolemy.moml.MoMLSimpleApplication@15638c09
reloadAllAccessors: .ResetTransitionWithStartTime1

===========================================================================================
----------------- testing Tue Mar 10 07:14:39 UTC 2020 /home/travis/build/icyphy/ptII/ptolemy/domains/de/test/auto/ResetTransitionWithStartTime2.xml
----------------- Instantiating /home/travis/build/icyphy/ptII/ptolemy/domains/de/test/auto/ResetTransitionWithStartTime2.xml
5 ms. Memory: 145408K Free: 126983K (87%)
----------------- Invoking toplevel() on ptolemy.moml.MoMLSimpleApplication@1f7a7a10
----------------- Done invoking toplevel() on ptolemy.moml.MoMLSimpleApplication@1f7a7a10
reloadAllAccessors: .ResetTransitionWithStartTime2

===========================================================================================
----------------- testing Tue Mar 10 07:14:39 UTC 2020 /home/travis/build/icyphy/ptII/ptolemy/domains/de/test/auto/ResetTransitionWithStartTime3.xml
----------------- Instantiating /home/travis/build/icyphy/ptII/ptolemy/domains/de/test/auto/ResetTransitionWithStartTime3.xml
4 ms. Memory: 145408K Free: 118791K (82%)
----------------- Invoking toplevel() on ptolemy.moml.MoMLSimpleApplication@dcdc443
----------------- Done invoking toplevel() on ptolemy.moml.MoMLSimpleApplication@dcdc443
reloadAllAccessors: .ResetTransitionWithStartTime3

===========================================================================================
----------------- testing Tue Mar 10 07:14:39 UTC 2020 /home/travis/build/icyphy/ptII/ptolemy/domains/de/test/auto/ResetTransitionWithStartTime4.xml
----------------- Instantiating /home/travis/build/icyphy/ptII/ptolemy/domains/de/test/auto/ResetTransitionWithStartTime4.xml
3 ms. Memory: 145408K Free: 111120K (76%)
----------------- Invoking toplevel() on ptolemy.moml.MoMLSimpleApplication@51fcaff1
----------------- Done invoking toplevel() on ptolemy.moml.MoMLSimpleApplication@51fcaff1
reloadAllAccessors: .ResetTransitionWithStartTime4

===========================================================================================
----------------- testing Tue Mar 10 07:14:39 UTC 2020 /home/travis/build/icyphy/ptII/ptolemy/domains/de/test/auto/ResettableTimer1.xml
----------------- Instantiating /home/travis/build/icyphy/ptII/ptolemy/domains/de/test/auto/ResettableTimer1.xml
2 ms. Memory: 145408K Free: 107024K (74%)
----------------- Invoking toplevel() on ptolemy.moml.MoMLSimpleApplication@2f99f45
----------------- Done invoking toplevel() on ptolemy.moml.MoMLSimpleApplication@2f99f45
reloadAllAccessors: .ResettableTimer1

===========================================================================================
----------------- testing Tue Mar 10 07:14:39 UTC 2020 /home/travis/build/icyphy/ptII/ptolemy/domains/de/test/auto/ResettableTimer2.xml
----------------- Instantiating /home/travis/build/icyphy/ptII/ptolemy/domains/de/test/auto/ResettableTimer2.xml
1 ms. Memory: 145408K Free: 102928K (71%)
----------------- Invoking toplevel() on ptolemy.moml.MoMLSimpleApplication@7266b3ab
----------------- Done invoking toplevel() on ptolemy.moml.MoMLSimpleApplication@7266b3ab
reloadAllAccessors: .ResettableTimer2

===========================================================================================
----------------- testing Tue Mar 10 07:14:39 UTC 2020 /home/travis/build/icyphy/ptII/ptolemy/domains/de/test/auto/ResettableTimer3.xml
----------------- Instantiating /home/travis/build/icyphy/ptII/ptolemy/domains/de/test/auto/ResettableTimer3.xml
1 ms. Memory: 145408K Free: 98832K (68%)
----------------- Invoking toplevel() on ptolemy.moml.MoMLSimpleApplication@236f77c8
----------------- Done invoking toplevel() on ptolemy.moml.MoMLSimpleApplication@236f77c8
reloadAllAccessors: .ResettableTimer3

===========================================================================================
----------------- testing Tue Mar 10 07:14:39 UTC 2020 /home/travis/build/icyphy/ptII/ptolemy/domains/de/test/auto/ResettableTimer4.xml
----------------- Instantiating /home/travis/build/icyphy/ptII/ptolemy/domains/de/test/auto/ResettableTimer4.xml
1 ms. Memory: 145408K Free: 94736K (65%)
----------------- Invoking toplevel() on ptolemy.moml.MoMLSimpleApplication@26078c77
----------------- Done invoking toplevel() on ptolemy.moml.MoMLSimpleApplication@26078c77
reloadAllAccessors: .ResettableTimer4

===========================================================================================
----------------- testing Tue Mar 10 07:14:39 UTC 2020 /home/travis/build/icyphy/ptII/ptolemy/domains/de/test/auto/ResettableTimer5.xml
----------------- Instantiating /home/travis/build/icyphy/ptII/ptolemy/domains/de/test/auto/ResettableTimer5.xml
1 ms. Memory: 145408K Free: 90640K (62%)
----------------- Invoking toplevel() on ptolemy.moml.MoMLSimpleApplication@4ec36f20
----------------- Done invoking toplevel() on ptolemy.moml.MoMLSimpleApplication@4ec36f20
reloadAllAccessors: .ResettableTimer5

===========================================================================================
----------------- testing Tue Mar 10 07:14:39 UTC 2020 /home/travis/build/icyphy/ptII/ptolemy/domains/de/test/auto/ResettableTimer6.xml
----------------- Instantiating /home/travis/build/icyphy/ptII/ptolemy/domains/de/test/auto/ResettableTimer6.xml
6 ms. Memory: 145408K Free: 86027K (59%)
----------------- Invoking toplevel() on ptolemy.moml.MoMLSimpleApplication@1e89eb1d
----------------- Done invoking toplevel() on ptolemy.moml.MoMLSimpleApplication@1e89eb1d
reloadAllAccessors: .ResettableTimer6

===========================================================================================
----------------- testing Tue Mar 10 07:14:39 UTC 2020 /home/travis/build/icyphy/ptII/ptolemy/domains/de/test/auto/ServerZeroDelay.xml
----------------- Instantiating /home/travis/build/icyphy/ptII/ptolemy/domains/de/test/auto/ServerZeroDelay.xml
2 ms. Memory: 145408K Free: 81903K (56%)
----------------- Invoking toplevel() on ptolemy.moml.MoMLSimpleApplication@beac04c
----------------- Done invoking toplevel() on ptolemy.moml.MoMLSimpleApplication@beac04c
reloadAllAccessors: .ServerZeroDelay

===========================================================================================
----------------- testing Tue Mar 10 07:14:39 UTC 2020 /home/travis/build/icyphy/ptII/ptolemy/domains/de/test/auto/SmartSender.xml
----------------- Instantiating /home/travis/build/icyphy/ptII/ptolemy/domains/de/test/auto/SmartSender.xml
3000 ms. Memory: 145408K Free: 77838K (54%)
----------------- Invoking toplevel() on ptolemy.moml.MoMLSimpleApplication@3a7b7e66
----------------- Done invoking toplevel() on ptolemy.moml.MoMLSimpleApplication@3a7b7e66
reloadAllAccessors: .SmartSender

===========================================================================================
----------------- testing Tue Mar 10 07:14:42 UTC 2020 /home/travis/build/icyphy/ptII/ptolemy/domains/de/test/auto/ThreadedComposite.xml
----------------- Instantiating /home/travis/build/icyphy/ptII/ptolemy/domains/de/test/auto/ThreadedComposite.xml
137 ms. Memory: 145408K Free: 55824K (38%)
----------------- Invoking toplevel() on ptolemy.moml.MoMLSimpleApplication@3416f2d2
----------------- Done invoking toplevel() on ptolemy.moml.MoMLSimpleApplication@3416f2d2
reloadAllAccessors: .ThreadedComposite

===========================================================================================
----------------- testing Tue Mar 10 07:14:43 UTC 2020 /home/travis/build/icyphy/ptII/ptolemy/domains/de/test/auto/Time.xml
----------------- Instantiating /home/travis/build/icyphy/ptII/ptolemy/domains/de/test/auto/Time.xml
418 ms. Memory: 145408K Free: 87467K (60%)
----------------- Invoking toplevel() on ptolemy.moml.MoMLSimpleApplication@73537983
----------------- Done invoking toplevel() on ptolemy.moml.MoMLSimpleApplication@73537983
reloadAllAccessors: .Time

===========================================================================================
----------------- testing Tue Mar 10 07:14:43 UTC 2020 /home/travis/build/icyphy/ptII/ptolemy/domains/de/test/auto/TimeDelayZeroDelay.xml
----------------- Instantiating /home/travis/build/icyphy/ptII/ptolemy/domains/de/test/auto/TimeDelayZeroDelay.xml
2 ms. Memory: 145408K Free: 83163K (57%)
----------------- Invoking toplevel() on ptolemy.moml.MoMLSimpleApplication@52e5cb4f
----------------- Done invoking toplevel() on ptolemy.moml.MoMLSimpleApplication@52e5cb4f
reloadAllAccessors: .TimeDelayZeroDelay

===========================================================================================
----------------- testing Tue Mar 10 07:14:43 UTC 2020 /home/travis/build/icyphy/ptII/ptolemy/domains/de/test/auto/TimerZeroDelay.xml
----------------- Instantiating /home/travis/build/icyphy/ptII/ptolemy/domains/de/test/auto/TimerZeroDelay.xml
3 ms. Memory: 145408K Free: 79067K (54%)
----------------- Invoking toplevel() on ptolemy.moml.MoMLSimpleApplication@48d0e320
----------------- Done invoking toplevel() on ptolemy.moml.MoMLSimpleApplication@48d0e320
reloadAllAccessors: .TimerZeroDelay

===========================================================================================
----------------- testing Tue Mar 10 07:14:43 UTC 2020 /home/travis/build/icyphy/ptII/ptolemy/domains/de/test/auto/TimingParadox.xml
----------------- Instantiating /home/travis/build/icyphy/ptII/ptolemy/domains/de/test/auto/TimingParadox.xml
273 ms. Memory: 145408K Free: 97038K (67%)
----------------- Invoking toplevel() on ptolemy.moml.MoMLSimpleApplication@3daa4024
----------------- Done invoking toplevel() on ptolemy.moml.MoMLSimpleApplication@3daa4024
reloadAllAccessors: .TimingParadox

===========================================================================================
----------------- testing Tue Mar 10 07:14:43 UTC 2020 /home/travis/build/icyphy/ptII/ptolemy/domains/de/test/auto/TransferInputs.xml
----------------- Instantiating /home/travis/build/icyphy/ptII/ptolemy/domains/de/test/auto/TransferInputs.xml
2 ms. Memory: 145408K Free: 91918K (63%)
----------------- Invoking toplevel() on ptolemy.moml.MoMLSimpleApplication@725a97b1
----------------- Done invoking toplevel() on ptolemy.moml.MoMLSimpleApplication@725a97b1
reloadAllAccessors: .TransferInputs

===========================================================================================
----------------- testing Tue Mar 10 07:14:43 UTC 2020 /home/travis/build/icyphy/ptII/ptolemy/domains/de/test/auto/TransferOutputs2.xml
----------------- Instantiating /home/travis/build/icyphy/ptII/ptolemy/domains/de/test/auto/TransferOutputs2.xml
2 ms. Memory: 145408K Free: 84236K (58%)
----------------- Invoking toplevel() on ptolemy.moml.MoMLSimpleApplication@3ed289d2
----------------- Done invoking toplevel() on ptolemy.moml.MoMLSimpleApplication@3ed289d2
reloadAllAccessors: .TransferOutputs2

===========================================================================================
----------------- testing Tue Mar 10 07:14:43 UTC 2020 /home/travis/build/icyphy/ptII/ptolemy/domains/de/test/auto/Trilateration.xml
----------------- Instantiating /home/travis/build/icyphy/ptII/ptolemy/domains/de/test/auto/Trilateration.xml
10703 ms. Memory: 444416K Free: 224077K (50%)
----------------- Invoking toplevel() on ptolemy.moml.MoMLSimpleApplication@573e08a
----------------- Done invoking toplevel() on ptolemy.moml.MoMLSimpleApplication@573e08a
reloadAllAccessors: .Trilateration

===========================================================================================
----------------- testing Tue Mar 10 07:14:55 UTC 2020 /home/travis/build/icyphy/ptII/ptolemy/domains/de/test/auto/TwoSigmaDelta.xml
----------------- Instantiating /home/travis/build/icyphy/ptII/ptolemy/domains/de/test/auto/TwoSigmaDelta.xml
2025 ms. Memory: 444416K Free: 285880K (64%)
----------------- Invoking toplevel() on ptolemy.moml.MoMLSimpleApplication@6ed16f33
----------------- Done invoking toplevel() on ptolemy.moml.MoMLSimpleApplication@6ed16f33
reloadAllAccessors: .TwoSigmaDelta

===========================================================================================
----------------- testing Tue Mar 10 07:14:57 UTC 2020 /home/travis/build/icyphy/ptII/ptolemy/domains/de/test/auto/VariableDelay.xml
----------------- Instantiating /home/travis/build/icyphy/ptII/ptolemy/domains/de/test/auto/VariableDelay.xml
2 ms. Memory: 444416K Free: 280760K (63%)
----------------- Invoking toplevel() on ptolemy.moml.MoMLSimpleApplication@4ada7c2
----------------- Done invoking toplevel() on ptolemy.moml.MoMLSimpleApplication@4ada7c2
reloadAllAccessors: .VariableDelay

===========================================================================================
----------------- testing Tue Mar 10 07:14:57 UTC 2020 /home/travis/build/icyphy/ptII/ptolemy/domains/de/test/auto/VariableDelay2.xml
----------------- Instantiating /home/travis/build/icyphy/ptII/ptolemy/domains/de/test/auto/VariableDelay2.xml
1 ms. Memory: 444416K Free: 276136K (62%)
----------------- Invoking toplevel() on ptolemy.moml.MoMLSimpleApplication@4eca806b
----------------- Done invoking toplevel() on ptolemy.moml.MoMLSimpleApplication@4eca806b
reloadAllAccessors: .VariableDelay2

===========================================================================================
----------------- testing Tue Mar 10 07:14:57 UTC 2020 /home/travis/build/icyphy/ptII/ptolemy/domains/de/test/auto/VariableDelayZeroDelay.xml
----------------- Instantiating /home/travis/build/icyphy/ptII/ptolemy/domains/de/test/auto/VariableDelayZeroDelay.xml
3 ms. Memory: 444416K Free: 272054K (61%)
----------------- Invoking toplevel() on ptolemy.moml.MoMLSimpleApplication@3a42040
----------------- Done invoking toplevel() on ptolemy.moml.MoMLSimpleApplication@3a42040
reloadAllAccessors: .VariableDelayZeroDelay

===========================================================================================
----------------- testing Tue Mar 10 07:14:57 UTC 2020 /home/travis/build/icyphy/ptII/ptolemy/domains/de/test/auto/VariableDelayZeroDelay2.xml
----------------- Instantiating /home/travis/build/icyphy/ptII/ptolemy/domains/de/test/auto/VariableDelayZeroDelay2.xml
1 ms. Memory: 444416K Free: 267958K (60%)
----------------- Invoking toplevel() on ptolemy.moml.MoMLSimpleApplication@11b18eb1
----------------- Done invoking toplevel() on ptolemy.moml.MoMLSimpleApplication@11b18eb1
reloadAllAccessors: .VariableDelayZeroDelay2

===========================================================================================
----------------- testing Tue Mar 10 07:14:57 UTC 2020 /home/travis/build/icyphy/ptII/ptolemy/domains/de/test/auto/deInCt.xml
----------------- Instantiating /home/travis/build/icyphy/ptII/ptolemy/domains/de/test/auto/deInCt.xml
0
1
1
1
0
0
0
0
1
1
1
0
0
0
0
1
1
1
1
1
0
0
0
0
1
1
1
1
0
0
0
1
1
1
6 ms. Memory: 444416K Free: 262838K (59%)
----------------- Invoking toplevel() on ptolemy.moml.MoMLSimpleApplication@5f0894f8
----------------- Done invoking toplevel() on ptolemy.moml.MoMLSimpleApplication@5f0894f8
reloadAllAccessors: .deInCt

===========================================================================================
----------------- testing Tue Mar 10 07:14:57 UTC 2020 /home/travis/build/icyphy/ptII/ptolemy/domains/de/test/auto/deInCt2.xml
----------------- Instantiating /home/travis/build/icyphy/ptII/ptolemy/domains/de/test/auto/deInCt2.xml
0
1
1
1
0
0
1
1
1
0
0
1
1
1
0
0
1
1
1
0
0
1
1
1
0
0
1
1
1
0
0
1
1
1
0
0
1
1
1
0
0
0
5 ms. Memory: 444416K Free: 257712K (58%)
----------------- Invoking toplevel() on ptolemy.moml.MoMLSimpleApplication@38aa7046
----------------- Done invoking toplevel() on ptolemy.moml.MoMLSimpleApplication@38aa7046
reloadAllAccessors: .deInCt2

===========================================================================================
----------------- testing Tue Mar 10 07:14:57 UTC 2020 /home/travis/build/icyphy/ptII/ptolemy/domains/de/test/auto/dynamicCausalityInterface1.xml
----------------- Instantiating /home/travis/build/icyphy/ptII/ptolemy/domains/de/test/auto/dynamicCausalityInterface1.xml
0 ms. Memory: 444416K Free: 248502K (56%)
----------------- Invoking toplevel() on ptolemy.moml.MoMLSimpleApplication@3d980c68
----------------- Done invoking toplevel() on ptolemy.moml.MoMLSimpleApplication@3d980c68
reloadAllAccessors: .dynamicCausalityInterface1

===========================================================================================
----------------- testing Tue Mar 10 07:14:57 UTC 2020 /home/travis/build/icyphy/ptII/ptolemy/domains/de/test/auto/fsm_de_test.xml
----------------- Instantiating /home/travis/build/icyphy/ptII/ptolemy/domains/de/test/auto/fsm_de_test.xml
4 ms. Memory: 444416K Free: 239272K (54%)
----------------- Invoking toplevel() on ptolemy.moml.MoMLSimpleApplication@44ab9cad
----------------- Done invoking toplevel() on ptolemy.moml.MoMLSimpleApplication@44ab9cad
reloadAllAccessors: .fsm_de_test

===========================================================================================
----------------- testing Tue Mar 10 07:14:57 UTC 2020 /home/travis/build/icyphy/ptII/ptolemy/domains/de/test/auto/functionDependencyReconstruction.xml
----------------- Instantiating /home/travis/build/icyphy/ptII/ptolemy/domains/de/test/auto/functionDependencyReconstruction.xml
2 ms. Memory: 444416K Free: 224440K (51%)
----------------- Invoking toplevel() on ptolemy.moml.MoMLSimpleApplication@5f1348ea
----------------- Done invoking toplevel() on ptolemy.moml.MoMLSimpleApplication@5f1348ea
reloadAllAccessors: .functionDependencyReconstruction

===========================================================================================
----------------- testing Tue Mar 10 07:14:57 UTC 2020 /home/travis/build/icyphy/ptII/ptolemy/domains/de/test/auto/multirate.xml
----------------- Instantiating /home/travis/build/icyphy/ptII/ptolemy/domains/de/test/auto/multirate.xml
2 ms. Memory: 444416K Free: 217768K (49%)
----------------- Invoking toplevel() on ptolemy.moml.MoMLSimpleApplication@4f7a805b
----------------- Done invoking toplevel() on ptolemy.moml.MoMLSimpleApplication@4f7a805b
reloadAllAccessors: .multirate

===========================================================================================
----------------- testing Tue Mar 10 07:14:57 UTC 2020 /home/travis/build/icyphy/ptII/ptolemy/domains/de/test/auto/multirate2.xml
----------------- Instantiating /home/travis/build/icyphy/ptII/ptolemy/domains/de/test/auto/multirate2.xml
2 ms. Memory: 444416K Free: 211128K (48%)
----------------- Invoking toplevel() on ptolemy.moml.MoMLSimpleApplication@75dfa08a
----------------- Done invoking toplevel() on ptolemy.moml.MoMLSimpleApplication@75dfa08a
reloadAllAccessors: .multirate2

===========================================================================================
----------------- testing Tue Mar 10 07:14:57 UTC 2020 /home/travis/build/icyphy/ptII/ptolemy/domains/de/test/auto/realtime.xml
----------------- Instantiating /home/travis/build/icyphy/ptII/ptolemy/domains/de/test/auto/realtime.xml
10002 ms. Memory: 444416K Free: 206518K (46%)
----------------- Invoking toplevel() on ptolemy.moml.MoMLSimpleApplication@374f2116
----------------- Done invoking toplevel() on ptolemy.moml.MoMLSimpleApplication@374f2116
reloadAllAccessors: .realtime

===========================================================================================
----------------- testing Tue Mar 10 07:15:07 UTC 2020 /home/travis/build/icyphy/ptII/ptolemy/domains/de/test/auto/relationGroup.xml
----------------- Instantiating /home/travis/build/icyphy/ptII/ptolemy/domains/de/test/auto/relationGroup.xml
2 ms. Memory: 444416K Free: 202936K (46%)
----------------- Invoking toplevel() on ptolemy.moml.MoMLSimpleApplication@54135385
----------------- Done invoking toplevel() on ptolemy.moml.MoMLSimpleApplication@54135385
reloadAllAccessors: .relationGroup

===========================================================================================
----------------- testing Tue Mar 10 07:15:07 UTC 2020 /home/travis/build/icyphy/ptII/ptolemy/domains/de/test/auto/relationGroup2.xml
----------------- Instantiating /home/travis/build/icyphy/ptII/ptolemy/domains/de/test/auto/relationGroup2.xml
4 ms. Memory: 444416K Free: 199350K (45%)
----------------- Invoking toplevel() on ptolemy.moml.MoMLSimpleApplication@3798a4cc
----------------- Done invoking toplevel() on ptolemy.moml.MoMLSimpleApplication@3798a4cc
reloadAllAccessors: .relationGroup2

===========================================================================================
----------------- testing Tue Mar 10 07:15:07 UTC 2020 /home/travis/build/icyphy/ptII/ptolemy/domains/de/test/auto/sortWithOpaquePorts.xml
----------------- Instantiating /home/travis/build/icyphy/ptII/ptolemy/domains/de/test/auto/sortWithOpaquePorts.xml
1 ms. Memory: 444416K Free: 194744K (44%)
----------------- Invoking toplevel() on ptolemy.moml.MoMLSimpleApplication@30263604
----------------- Done invoking toplevel() on ptolemy.moml.MoMLSimpleApplication@30263604
reloadAllAccessors: .sortWithOpaquePorts

===========================================================================================
----------------- testing Tue Mar 10 07:15:07 UTC 2020 /home/travis/build/icyphy/ptII/ptolemy/domains/de/test/auto/transferInputsandOutputs.xml
----------------- Instantiating /home/travis/build/icyphy/ptII/ptolemy/domains/de/test/auto/transferInputsandOutputs.xml
1 ms. Memory: 444416K Free: 187576K (42%)
----------------- Invoking toplevel() on ptolemy.moml.MoMLSimpleApplication@15028627
----------------- Done invoking toplevel() on ptolemy.moml.MoMLSimpleApplication@15028627
reloadAllAccessors: .transferInputsandOutputs

===========================================================================================
----------------- testing Tue Mar 10 07:15:07 UTC 2020 /home/travis/build/icyphy/ptII/ptolemy/domains/de/test/auto/triggerType.xml
----------------- Instantiating /home/travis/build/icyphy/ptII/ptolemy/domains/de/test/auto/triggerType.xml
2 ms. Memory: 444416K Free: 183480K (41%)
----------------- Invoking toplevel() on ptolemy.moml.MoMLSimpleApplication@60646a27
----------------- Done invoking toplevel() on ptolemy.moml.MoMLSimpleApplication@60646a27
reloadAllAccessors: .triggerType
AutoTests.java: About to close Vertx.
AutoTests.java: Vertx closed.
]]></system-out>
  <system-err><![CDATA[java.lang.RuntimeException: Execution failed
	at ptolemy.moml.MoMLSimpleApplication$UnloadThread.run(MoMLSimpleApplication.java:402)
Caused by: ptolemy.kernel.util.IllegalActionException: Found a zero delay loop containing .dependencyLoop.original
  in .dependencyLoop and .dependencyLoop.original
	at ptolemy.actor.util.CausalityInterfaceForComposites._computeOutputPortDepth(CausalityInterfaceForComposites.java:759)
	at ptolemy.actor.util.CausalityInterfaceForComposites._computeInputDepth(CausalityInterfaceForComposites.java:696)
	at ptolemy.actor.util.CausalityInterfaceForComposites._computeOutputPortDepth(CausalityInterfaceForComposites.java:765)
	at ptolemy.actor.util.CausalityInterfaceForComposites._computeInputDepth(CausalityInterfaceForComposites.java:696)
	at ptolemy.actor.util.CausalityInterfaceForComposites._computeOutputPortDepth(CausalityInterfaceForComposites.java:765)
	at ptolemy.actor.util.CausalityInterfaceForComposites._computeInputDepth(CausalityInterfaceForComposites.java:696)
	at ptolemy.actor.util.CausalityInterfaceForComposites._computeActorDepth(CausalityInterfaceForComposites.java:532)
	at ptolemy.actor.util.CausalityInterfaceForComposites.checkForCycles(CausalityInterfaceForComposites.java:96)
	at ptolemy.domains.de.kernel.DEDirector.preinitialize(DEDirector.java:1338)
	at ptolemy.actor.CompositeActor.preinitialize(CompositeActor.java:1828)
	at ptolemy.actor.Manager.preinitializeAndResolveTypes(Manager.java:1040)
	at ptolemy.actor.Manager.initialize(Manager.java:710)
	at ptolemy.actor.Manager.execute(Manager.java:356)
	at ptolemy.actor.Manager.run(Manager.java:1263)
	at ptolemy.actor.Manager$PtolemyRunThread.run(Manager.java:1933)
java.lang.RuntimeException: Execution failed
	at ptolemy.moml.MoMLSimpleApplication$UnloadThread.run(MoMLSimpleApplication.java:402)
Caused by: ptolemy.kernel.util.IllegalActionException: Found a zero delay loop containing .dependencyLoop2.original
  in .dependencyLoop2 and .dependencyLoop2.original
	at ptolemy.actor.util.CausalityInterfaceForComposites._computeOutputPortDepth(CausalityInterfaceForComposites.java:759)
	at ptolemy.actor.util.CausalityInterfaceForComposites._computeInputDepth(CausalityInterfaceForComposites.java:696)
	at ptolemy.actor.util.CausalityInterfaceForComposites._computeOutputPortDepth(CausalityInterfaceForComposites.java:765)
	at ptolemy.actor.util.CausalityInterfaceForComposites._computeInputDepth(CausalityInterfaceForComposites.java:696)
	at ptolemy.actor.util.CausalityInterfaceForComposites._computeOutputPortDepth(CausalityInterfaceForComposites.java:765)
	at ptolemy.actor.util.CausalityInterfaceForComposites._computeInputDepth(CausalityInterfaceForComposites.java:696)
	at ptolemy.actor.util.CausalityInterfaceForComposites._computeActorDepth(CausalityInterfaceForComposites.java:532)
	at ptolemy.actor.util.CausalityInterfaceForComposites.checkForCycles(CausalityInterfaceForComposites.java:96)
	at ptolemy.domains.de.kernel.DEDirector.preinitialize(DEDirector.java:1338)
	at ptolemy.actor.CompositeActor.preinitialize(CompositeActor.java:1828)
	at ptolemy.actor.Manager.preinitializeAndResolveTypes(Manager.java:1040)
	at ptolemy.actor.Manager.initialize(Manager.java:710)
	at ptolemy.actor.Manager.execute(Manager.java:356)
	at ptolemy.actor.Manager.run(Manager.java:1263)
	at ptolemy.actor.Manager$PtolemyRunThread.run(Manager.java:1933)
java.lang.RuntimeException: Execution failed
	at ptolemy.moml.MoMLSimpleApplication$UnloadThread.run(MoMLSimpleApplication.java:402)
Caused by: ptolemy.kernel.util.IllegalActionException: Test fails in iteration 1.
Value was: 1.0. Should have been: 2.0
  in .DirectFeedback.Test
	at ptolemy.actor.lib.Test.fire(Test.java:268)
	at ptolemy.domains.de.kernel.DEDirector._fire(DEDirector.java:1949)
	at ptolemy.domains.de.kernel.DEDirector.fire(DEDirector.java:502)
	at ptolemy.actor.CompositeActor.fire(CompositeActor.java:455)
	at ptolemy.actor.Manager.iterate(Manager.java:851)
	at ptolemy.actor.Manager.execute(Manager.java:369)
	at ptolemy.actor.Manager.run(Manager.java:1263)
	at ptolemy.actor.Manager$PtolemyRunThread.run(Manager.java:1933)
java.lang.RuntimeException: Execution failed
	at ptolemy.moml.MoMLSimpleApplication$UnloadThread.run(MoMLSimpleApplication.java:402)
Caused by: ptolemy.kernel.util.IllegalActionException: Found a zero delay loop containing .dependencyLoop.original
  in .dependencyLoop and .dependencyLoop.original
	at ptolemy.actor.util.CausalityInterfaceForComposites._computeOutputPortDepth(CausalityInterfaceForComposites.java:759)
	at ptolemy.actor.util.CausalityInterfaceForComposites._computeInputDepth(CausalityInterfaceForComposites.java:696)
	at ptolemy.actor.util.CausalityInterfaceForComposites._computeOutputPortDepth(CausalityInterfaceForComposites.java:765)
	at ptolemy.actor.util.CausalityInterfaceForComposites._computeInputDepth(CausalityInterfaceForComposites.java:696)
	at ptolemy.actor.util.CausalityInterfaceForComposites._computeOutputPortDepth(CausalityInterfaceForComposites.java:765)
	at ptolemy.actor.util.CausalityInterfaceForComposites._computeInputDepth(CausalityInterfaceForComposites.java:696)
	at ptolemy.actor.util.CausalityInterfaceForComposites._computeActorDepth(CausalityInterfaceForComposites.java:532)
	at ptolemy.actor.util.CausalityInterfaceForComposites.checkForCycles(CausalityInterfaceForComposites.java:96)
	at ptolemy.domains.de.kernel.DEDirector.preinitialize(DEDirector.java:1338)
	at ptolemy.actor.CompositeActor.preinitialize(CompositeActor.java:1828)
	at ptolemy.actor.Manager.preinitializeAndResolveTypes(Manager.java:1040)
	at ptolemy.actor.Manager.initialize(Manager.java:710)
	at ptolemy.actor.Manager.execute(Manager.java:356)
	at ptolemy.actor.Manager.run(Manager.java:1263)
	at ptolemy.actor.Manager$PtolemyRunThread.run(Manager.java:1933)
java.lang.RuntimeException: Execution failed
	at ptolemy.moml.MoMLSimpleApplication$UnloadThread.run(MoMLSimpleApplication.java:402)
Caused by: ptolemy.kernel.util.IllegalActionException: Found a zero delay loop containing .HierarchicalModel.A
  in .HierarchicalModel and .HierarchicalModel.A
	at ptolemy.actor.util.CausalityInterfaceForComposites._computeOutputPortDepth(CausalityInterfaceForComposites.java:759)
	at ptolemy.actor.util.CausalityInterfaceForComposites._computeInputDepth(CausalityInterfaceForComposites.java:696)
	at ptolemy.actor.util.CausalityInterfaceForComposites._computeOutputPortDepth(CausalityInterfaceForComposites.java:765)
	at ptolemy.actor.util.CausalityInterfaceForComposites._computeInputDepth(CausalityInterfaceForComposites.java:696)
	at ptolemy.actor.util.CausalityInterfaceForComposites._computeOutputPortDepth(CausalityInterfaceForComposites.java:765)
	at ptolemy.actor.util.CausalityInterfaceForComposites._computeInputDepth(CausalityInterfaceForComposites.java:696)
	at ptolemy.actor.util.CausalityInterfaceForComposites._computeActorDepth(CausalityInterfaceForComposites.java:532)
	at ptolemy.actor.util.CausalityInterfaceForComposites.checkForCycles(CausalityInterfaceForComposites.java:96)
	at ptolemy.domains.de.kernel.DEDirector.preinitialize(DEDirector.java:1338)
	at ptolemy.actor.CompositeActor.preinitialize(CompositeActor.java:1828)
	at ptolemy.actor.Manager.preinitializeAndResolveTypes(Manager.java:1040)
	at ptolemy.actor.Manager.initialize(Manager.java:710)
	at ptolemy.actor.Manager.execute(Manager.java:356)
	at ptolemy.actor.Manager.run(Manager.java:1263)
	at ptolemy.actor.Manager$PtolemyRunThread.run(Manager.java:1933)
java.lang.RuntimeException: Execution failed
	at ptolemy.moml.MoMLSimpleApplication$UnloadThread.run(MoMLSimpleApplication.java:402)
Caused by: ptolemy.kernel.util.IllegalActionException: Found a zero delay loop containing .dependencyLoop2.original
  in .dependencyLoop2 and .dependencyLoop2.original
	at ptolemy.actor.util.CausalityInterfaceForComposites._computeOutputPortDepth(CausalityInterfaceForComposites.java:759)
	at ptolemy.actor.util.CausalityInterfaceForComposites._computeInputDepth(CausalityInterfaceForComposites.java:696)
	at ptolemy.actor.util.CausalityInterfaceForComposites._computeOutputPortDepth(CausalityInterfaceForComposites.java:765)
	at ptolemy.actor.util.CausalityInterfaceForComposites._computeInputDepth(CausalityInterfaceForComposites.java:696)
	at ptolemy.actor.util.CausalityInterfaceForComposites._computeOutputPortDepth(CausalityInterfaceForComposites.java:765)
	at ptolemy.actor.util.CausalityInterfaceForComposites._computeInputDepth(CausalityInterfaceForComposites.java:696)
	at ptolemy.actor.util.CausalityInterfaceForComposites._computeActorDepth(CausalityInterfaceForComposites.java:532)
	at ptolemy.actor.util.CausalityInterfaceForComposites.checkForCycles(CausalityInterfaceForComposites.java:96)
	at ptolemy.domains.de.kernel.DEDirector.preinitialize(DEDirector.java:1338)
	at ptolemy.actor.CompositeActor.preinitialize(CompositeActor.java:1828)
	at ptolemy.actor.Manager.preinitializeAndResolveTypes(Manager.java:1040)
	at ptolemy.actor.Manager.initialize(Manager.java:710)
	at ptolemy.actor.Manager.execute(Manager.java:356)
	at ptolemy.actor.Manager.run(Manager.java:1263)
	at ptolemy.actor.Manager$PtolemyRunThread.run(Manager.java:1933)
java.lang.RuntimeException: Execution failed
	at ptolemy.moml.MoMLSimpleApplication$UnloadThread.run(MoMLSimpleApplication.java:402)
Caused by: ptolemy.kernel.util.IllegalActionException: Actor is not ready to fire.  Perhaps UpSample.prefire() returned false? Try debugging the actor by selecting "Listen to Actor".  Also, for SDF check moml for tokenConsumptionRate on input.
  in .DESDFClockTest.Play Bell.Copy1:SDF Director and .DESDFClockTest.Play Bell.UpSample
	at ptolemy.actor.sched.StaticSchedulingDirector.fire(StaticSchedulingDirector.java:227)
	at ptolemy.domains.sdf.kernel.SDFDirector.fire(SDFDirector.java:500)
	at ptolemy.actor.CompositeActor.fire(CompositeActor.java:455)
	at ptolemy.domains.de.kernel.DEDirector._fire(DEDirector.java:1949)
	at ptolemy.domains.de.kernel.DEDirector.fire(DEDirector.java:502)
	at ptolemy.actor.CompositeActor.fire(CompositeActor.java:455)
	at ptolemy.actor.Manager.iterate(Manager.java:851)
	at ptolemy.actor.Manager.execute(Manager.java:369)
	at ptolemy.actor.Manager.run(Manager.java:1263)
	at ptolemy.actor.Manager$PtolemyRunThread.run(Manager.java:1933)
java.lang.RuntimeException: Execution failed
	at ptolemy.moml.MoMLSimpleApplication$UnloadThread.run(MoMLSimpleApplication.java:402)
Caused by: ptolemy.kernel.util.IllegalActionException: Actor is not ready to fire.  Perhaps UpSample.prefire() returned false? Try debugging the actor by selecting "Listen to Actor".  Also, for SDF check moml for tokenConsumptionRate on input.
  in .DESDFClockTest.Play Bell.Copy1:SDF Director and .DESDFClockTest.Play Bell.UpSample
	at ptolemy.actor.sched.StaticSchedulingDirector.fire(StaticSchedulingDirector.java:227)
	at ptolemy.domains.sdf.kernel.SDFDirector.fire(SDFDirector.java:500)
	at ptolemy.actor.CompositeActor.fire(CompositeActor.java:455)
	at ptolemy.domains.de.kernel.DEDirector._fire(DEDirector.java:1949)
	at ptolemy.domains.de.kernel.DEDirector.fire(DEDirector.java:502)
	at ptolemy.actor.CompositeActor.fire(CompositeActor.java:455)
	at ptolemy.actor.Manager.iterate(Manager.java:851)
	at ptolemy.actor.Manager.execute(Manager.java:369)
	at ptolemy.actor.Manager.run(Manager.java:1263)
	at ptolemy.actor.Manager$PtolemyRunThread.run(Manager.java:1933)
java.lang.reflect.InvocationTargetException
	at java.base/jdk.internal.reflect.NativeConstructorAccessorImpl.newInstance0(Native Method)
	at java.base/jdk.internal.reflect.NativeConstructorAccessorImpl.newInstance(NativeConstructorAccessorImpl.java:62)
	at java.base/jdk.internal.reflect.DelegatingConstructorAccessorImpl.newInstance(DelegatingConstructorAccessorImpl.java:45)
	at java.base/java.lang.reflect.Constructor.newInstance(Constructor.java:490)
	at ptolemy.util.test.junit.AutoKnownFailedTests.RunModel(AutoKnownFailedTests.java:105)
	at java.base/jdk.internal.reflect.NativeMethodAccessorImpl.invoke0(Native Method)
	at java.base/jdk.internal.reflect.NativeMethodAccessorImpl.invoke(NativeMethodAccessorImpl.java:62)
	at java.base/jdk.internal.reflect.DelegatingMethodAccessorImpl.invoke(DelegatingMethodAccessorImpl.java:43)
	at java.base/java.lang.reflect.Method.invoke(Method.java:566)
	at org.junit.runners.model.FrameworkMethod$1.runReflectiveCall(FrameworkMethod.java:44)
	at org.junit.internal.runners.model.ReflectiveCallable.run(ReflectiveCallable.java:15)
	at org.junit.runners.model.FrameworkMethod.invokeExplosively(FrameworkMethod.java:41)
	at junitparams.internal.InvokeParameterisedMethod.evaluate(InvokeParameterisedMethod.java:102)
	at org.junit.internal.runners.statements.FailOnTimeout$1.run(FailOnTimeout.java:28)
Caused by: ptolemy.kernel.util.IllegalActionException: Actor is not ready to fire.  Perhaps UpSample.prefire() returned false? Try debugging the actor by selecting "Listen to Actor".  Also, for SDF check moml for tokenConsumptionRate on input.
  in .DESDFClockTest.Play Bell.Copy1:SDF Director and .DESDFClockTest.Play Bell.UpSample
	at ptolemy.actor.sched.StaticSchedulingDirector.fire(StaticSchedulingDirector.java:227)
	at ptolemy.domains.sdf.kernel.SDFDirector.fire(SDFDirector.java:500)
	at ptolemy.actor.CompositeActor.fire(CompositeActor.java:455)
	at ptolemy.domains.de.kernel.DEDirector._fire(DEDirector.java:1949)
	at ptolemy.domains.de.kernel.DEDirector.fire(DEDirector.java:502)
	at ptolemy.actor.CompositeActor.fire(CompositeActor.java:455)
	at ptolemy.actor.Manager.iterate(Manager.java:851)
	at ptolemy.actor.Manager.execute(Manager.java:369)
	at ptolemy.actor.Manager.run(Manager.java:1263)
	at ptolemy.actor.Manager$PtolemyRunThread.run(Manager.java:1933)
java.lang.RuntimeException: Execution failed
	at ptolemy.moml.MoMLSimpleApplication$UnloadThread.run(MoMLSimpleApplication.java:402)
Caused by: ptolemy.kernel.util.IllegalActionException: Test fails in iteration 1.
Value was: 1.0. Should have been: 2.0
  in .DirectFeedback.Test
	at ptolemy.actor.lib.Test.fire(Test.java:268)
	at ptolemy.domains.de.kernel.DEDirector._fire(DEDirector.java:1949)
	at ptolemy.domains.de.kernel.DEDirector.fire(DEDirector.java:502)
	at ptolemy.actor.CompositeActor.fire(CompositeActor.java:455)
	at ptolemy.actor.Manager.iterate(Manager.java:851)
	at ptolemy.actor.Manager.execute(Manager.java:369)
	at ptolemy.actor.Manager.run(Manager.java:1263)
	at ptolemy.actor.Manager$PtolemyRunThread.run(Manager.java:1933)
java.lang.reflect.InvocationTargetException
	at java.base/jdk.internal.reflect.NativeConstructorAccessorImpl.newInstance0(Native Method)
	at java.base/jdk.internal.reflect.NativeConstructorAccessorImpl.newInstance(NativeConstructorAccessorImpl.java:62)
	at java.base/jdk.internal.reflect.DelegatingConstructorAccessorImpl.newInstance(DelegatingConstructorAccessorImpl.java:45)
	at java.base/java.lang.reflect.Constructor.newInstance(Constructor.java:490)
	at ptolemy.util.test.junit.AutoKnownFailedTests.RunModel(AutoKnownFailedTests.java:105)
	at java.base/jdk.internal.reflect.NativeMethodAccessorImpl.invoke0(Native Method)
	at java.base/jdk.internal.reflect.NativeMethodAccessorImpl.invoke(NativeMethodAccessorImpl.java:62)
	at java.base/jdk.internal.reflect.DelegatingMethodAccessorImpl.invoke(DelegatingMethodAccessorImpl.java:43)
	at java.base/java.lang.reflect.Method.invoke(Method.java:566)
	at org.junit.runners.model.FrameworkMethod$1.runReflectiveCall(FrameworkMethod.java:44)
	at org.junit.internal.runners.model.ReflectiveCallable.run(ReflectiveCallable.java:15)
	at org.junit.runners.model.FrameworkMethod.invokeExplosively(FrameworkMethod.java:41)
	at junitparams.internal.InvokeParameterisedMethod.evaluate(InvokeParameterisedMethod.java:102)
	at org.junit.internal.runners.statements.FailOnTimeout$1.run(FailOnTimeout.java:28)
Caused by: ptolemy.kernel.util.IllegalActionException: Test fails in iteration 1.
Value was: 1.0. Should have been: 2.0
  in .DirectFeedback.Test
	at ptolemy.actor.lib.Test.fire(Test.java:268)
	at ptolemy.domains.de.kernel.DEDirector._fire(DEDirector.java:1949)
	at ptolemy.domains.de.kernel.DEDirector.fire(DEDirector.java:502)
	at ptolemy.actor.CompositeActor.fire(CompositeActor.java:455)
	at ptolemy.actor.Manager.iterate(Manager.java:851)
	at ptolemy.actor.Manager.execute(Manager.java:369)
	at ptolemy.actor.Manager.run(Manager.java:1263)
	at ptolemy.actor.Manager$PtolemyRunThread.run(Manager.java:1933)
java.lang.RuntimeException: Execution failed
	at ptolemy.moml.MoMLSimpleApplication$UnloadThread.run(MoMLSimpleApplication.java:402)
Caused by: ptolemy.kernel.util.IllegalActionException: Found a zero delay loop containing .HierarchicalModel.A
  in .HierarchicalModel and .HierarchicalModel.A
	at ptolemy.actor.util.CausalityInterfaceForComposites._computeOutputPortDepth(CausalityInterfaceForComposites.java:759)
	at ptolemy.actor.util.CausalityInterfaceForComposites._computeInputDepth(CausalityInterfaceForComposites.java:696)
	at ptolemy.actor.util.CausalityInterfaceForComposites._computeOutputPortDepth(CausalityInterfaceForComposites.java:765)
	at ptolemy.actor.util.CausalityInterfaceForComposites._computeInputDepth(CausalityInterfaceForComposites.java:696)
	at ptolemy.actor.util.CausalityInterfaceForComposites._computeOutputPortDepth(CausalityInterfaceForComposites.java:765)
	at ptolemy.actor.util.CausalityInterfaceForComposites._computeInputDepth(CausalityInterfaceForComposites.java:696)
	at ptolemy.actor.util.CausalityInterfaceForComposites._computeActorDepth(CausalityInterfaceForComposites.java:532)
	at ptolemy.actor.util.CausalityInterfaceForComposites.checkForCycles(CausalityInterfaceForComposites.java:96)
	at ptolemy.domains.de.kernel.DEDirector.preinitialize(DEDirector.java:1338)
	at ptolemy.actor.CompositeActor.preinitialize(CompositeActor.java:1828)
	at ptolemy.actor.Manager.preinitializeAndResolveTypes(Manager.java:1040)
	at ptolemy.actor.Manager.initialize(Manager.java:710)
	at ptolemy.actor.Manager.execute(Manager.java:356)
	at ptolemy.actor.Manager.run(Manager.java:1263)
	at ptolemy.actor.Manager$PtolemyRunThread.run(Manager.java:1933)
java.lang.reflect.InvocationTargetException
	at java.base/jdk.internal.reflect.NativeConstructorAccessorImpl.newInstance0(Native Method)
	at java.base/jdk.internal.reflect.NativeConstructorAccessorImpl.newInstance(NativeConstructorAccessorImpl.java:62)
	at java.base/jdk.internal.reflect.DelegatingConstructorAccessorImpl.newInstance(DelegatingConstructorAccessorImpl.java:45)
	at java.base/java.lang.reflect.Constructor.newInstance(Constructor.java:490)
	at ptolemy.util.test.junit.AutoKnownFailedTests.RunModel(AutoKnownFailedTests.java:105)
	at java.base/jdk.internal.reflect.NativeMethodAccessorImpl.invoke0(Native Method)
	at java.base/jdk.internal.reflect.NativeMethodAccessorImpl.invoke(NativeMethodAccessorImpl.java:62)
	at java.base/jdk.internal.reflect.DelegatingMethodAccessorImpl.invoke(DelegatingMethodAccessorImpl.java:43)
	at java.base/java.lang.reflect.Method.invoke(Method.java:566)
	at org.junit.runners.model.FrameworkMethod$1.runReflectiveCall(FrameworkMethod.java:44)
	at org.junit.internal.runners.model.ReflectiveCallable.run(ReflectiveCallable.java:15)
	at org.junit.runners.model.FrameworkMethod.invokeExplosively(FrameworkMethod.java:41)
	at junitparams.internal.InvokeParameterisedMethod.evaluate(InvokeParameterisedMethod.java:102)
	at org.junit.internal.runners.statements.FailOnTimeout$1.run(FailOnTimeout.java:28)
Caused by: ptolemy.kernel.util.IllegalActionException: Found a zero delay loop containing .HierarchicalModel.A
  in .HierarchicalModel and .HierarchicalModel.A
	at ptolemy.actor.util.CausalityInterfaceForComposites._computeOutputPortDepth(CausalityInterfaceForComposites.java:759)
	at ptolemy.actor.util.CausalityInterfaceForComposites._computeInputDepth(CausalityInterfaceForComposites.java:696)
	at ptolemy.actor.util.CausalityInterfaceForComposites._computeOutputPortDepth(CausalityInterfaceForComposites.java:765)
	at ptolemy.actor.util.CausalityInterfaceForComposites._computeInputDepth(CausalityInterfaceForComposites.java:696)
	at ptolemy.actor.util.CausalityInterfaceForComposites._computeOutputPortDepth(CausalityInterfaceForComposites.java:765)
	at ptolemy.actor.util.CausalityInterfaceForComposites._computeInputDepth(CausalityInterfaceForComposites.java:696)
	at ptolemy.actor.util.CausalityInterfaceForComposites._computeActorDepth(CausalityInterfaceForComposites.java:532)
	at ptolemy.actor.util.CausalityInterfaceForComposites.checkForCycles(CausalityInterfaceForComposites.java:96)
	at ptolemy.domains.de.kernel.DEDirector.preinitialize(DEDirector.java:1338)
	at ptolemy.actor.CompositeActor.preinitialize(CompositeActor.java:1828)
	at ptolemy.actor.Manager.preinitializeAndResolveTypes(Manager.java:1040)
	at ptolemy.actor.Manager.initialize(Manager.java:710)
	at ptolemy.actor.Manager.execute(Manager.java:356)
	at ptolemy.actor.Manager.run(Manager.java:1263)
	at ptolemy.actor.Manager$PtolemyRunThread.run(Manager.java:1933)
java.lang.RuntimeException: Execution failed
	at ptolemy.moml.MoMLSimpleApplication$UnloadThread.run(MoMLSimpleApplication.java:402)
Caused by: ptolemy.kernel.util.IllegalActionException: Found a zero delay loop containing .dependencyLoop.original
  in .dependencyLoop and .dependencyLoop.original
	at ptolemy.actor.util.CausalityInterfaceForComposites._computeOutputPortDepth(CausalityInterfaceForComposites.java:759)
	at ptolemy.actor.util.CausalityInterfaceForComposites._computeInputDepth(CausalityInterfaceForComposites.java:696)
	at ptolemy.actor.util.CausalityInterfaceForComposites._computeOutputPortDepth(CausalityInterfaceForComposites.java:765)
	at ptolemy.actor.util.CausalityInterfaceForComposites._computeInputDepth(CausalityInterfaceForComposites.java:696)
	at ptolemy.actor.util.CausalityInterfaceForComposites._computeOutputPortDepth(CausalityInterfaceForComposites.java:765)
	at ptolemy.actor.util.CausalityInterfaceForComposites._computeInputDepth(CausalityInterfaceForComposites.java:696)
	at ptolemy.actor.util.CausalityInterfaceForComposites._computeActorDepth(CausalityInterfaceForComposites.java:532)
	at ptolemy.actor.util.CausalityInterfaceForComposites.checkForCycles(CausalityInterfaceForComposites.java:96)
	at ptolemy.domains.de.kernel.DEDirector.preinitialize(DEDirector.java:1338)
	at ptolemy.actor.CompositeActor.preinitialize(CompositeActor.java:1828)
	at ptolemy.actor.Manager.preinitializeAndResolveTypes(Manager.java:1040)
	at ptolemy.actor.Manager.initialize(Manager.java:710)
	at ptolemy.actor.Manager.execute(Manager.java:356)
	at ptolemy.actor.Manager.run(Manager.java:1263)
	at ptolemy.actor.Manager$PtolemyRunThread.run(Manager.java:1933)
java.lang.reflect.InvocationTargetException
	at java.base/jdk.internal.reflect.NativeConstructorAccessorImpl.newInstance0(Native Method)
	at java.base/jdk.internal.reflect.NativeConstructorAccessorImpl.newInstance(NativeConstructorAccessorImpl.java:62)
	at java.base/jdk.internal.reflect.DelegatingConstructorAccessorImpl.newInstance(DelegatingConstructorAccessorImpl.java:45)
	at java.base/java.lang.reflect.Constructor.newInstance(Constructor.java:490)
	at ptolemy.util.test.junit.AutoKnownFailedTests.RunModel(AutoKnownFailedTests.java:105)
	at java.base/jdk.internal.reflect.NativeMethodAccessorImpl.invoke0(Native Method)
	at java.base/jdk.internal.reflect.NativeMethodAccessorImpl.invoke(NativeMethodAccessorImpl.java:62)
	at java.base/jdk.internal.reflect.DelegatingMethodAccessorImpl.invoke(DelegatingMethodAccessorImpl.java:43)
	at java.base/java.lang.reflect.Method.invoke(Method.java:566)
	at org.junit.runners.model.FrameworkMethod$1.runReflectiveCall(FrameworkMethod.java:44)
	at org.junit.internal.runners.model.ReflectiveCallable.run(ReflectiveCallable.java:15)
	at org.junit.runners.model.FrameworkMethod.invokeExplosively(FrameworkMethod.java:41)
	at junitparams.internal.InvokeParameterisedMethod.evaluate(InvokeParameterisedMethod.java:102)
	at org.junit.internal.runners.statements.FailOnTimeout$1.run(FailOnTimeout.java:28)
Caused by: ptolemy.kernel.util.IllegalActionException: Found a zero delay loop containing .dependencyLoop.original
  in .dependencyLoop and .dependencyLoop.original
	at ptolemy.actor.util.CausalityInterfaceForComposites._computeOutputPortDepth(CausalityInterfaceForComposites.java:759)
	at ptolemy.actor.util.CausalityInterfaceForComposites._computeInputDepth(CausalityInterfaceForComposites.java:696)
	at ptolemy.actor.util.CausalityInterfaceForComposites._computeOutputPortDepth(CausalityInterfaceForComposites.java:765)
	at ptolemy.actor.util.CausalityInterfaceForComposites._computeInputDepth(CausalityInterfaceForComposites.java:696)
	at ptolemy.actor.util.CausalityInterfaceForComposites._computeOutputPortDepth(CausalityInterfaceForComposites.java:765)
	at ptolemy.actor.util.CausalityInterfaceForComposites._computeInputDepth(CausalityInterfaceForComposites.java:696)
	at ptolemy.actor.util.CausalityInterfaceForComposites._computeActorDepth(CausalityInterfaceForComposites.java:532)
	at ptolemy.actor.util.CausalityInterfaceForComposites.checkForCycles(CausalityInterfaceForComposites.java:96)
	at ptolemy.domains.de.kernel.DEDirector.preinitialize(DEDirector.java:1338)
	at ptolemy.actor.CompositeActor.preinitialize(CompositeActor.java:1828)
	at ptolemy.actor.Manager.preinitializeAndResolveTypes(Manager.java:1040)
	at ptolemy.actor.Manager.initialize(Manager.java:710)
	at ptolemy.actor.Manager.execute(Manager.java:356)
	at ptolemy.actor.Manager.run(Manager.java:1263)
	at ptolemy.actor.Manager$PtolemyRunThread.run(Manager.java:1933)
java.lang.RuntimeException: Execution failed
	at ptolemy.moml.MoMLSimpleApplication$UnloadThread.run(MoMLSimpleApplication.java:402)
Caused by: ptolemy.kernel.util.IllegalActionException: Found a zero delay loop containing .dependencyLoop2.original
  in .dependencyLoop2 and .dependencyLoop2.original
	at ptolemy.actor.util.CausalityInterfaceForComposites._computeOutputPortDepth(CausalityInterfaceForComposites.java:759)
	at ptolemy.actor.util.CausalityInterfaceForComposites._computeInputDepth(CausalityInterfaceForComposites.java:696)
	at ptolemy.actor.util.CausalityInterfaceForComposites._computeOutputPortDepth(CausalityInterfaceForComposites.java:765)
	at ptolemy.actor.util.CausalityInterfaceForComposites._computeInputDepth(CausalityInterfaceForComposites.java:696)
	at ptolemy.actor.util.CausalityInterfaceForComposites._computeOutputPortDepth(CausalityInterfaceForComposites.java:765)
	at ptolemy.actor.util.CausalityInterfaceForComposites._computeInputDepth(CausalityInterfaceForComposites.java:696)
	at ptolemy.actor.util.CausalityInterfaceForComposites._computeActorDepth(CausalityInterfaceForComposites.java:532)
	at ptolemy.actor.util.CausalityInterfaceForComposites.checkForCycles(CausalityInterfaceForComposites.java:96)
	at ptolemy.domains.de.kernel.DEDirector.preinitialize(DEDirector.java:1338)
	at ptolemy.actor.CompositeActor.preinitialize(CompositeActor.java:1828)
	at ptolemy.actor.Manager.preinitializeAndResolveTypes(Manager.java:1040)
	at ptolemy.actor.Manager.initialize(Manager.java:710)
	at ptolemy.actor.Manager.execute(Manager.java:356)
	at ptolemy.actor.Manager.run(Manager.java:1263)
	at ptolemy.actor.Manager$PtolemyRunThread.run(Manager.java:1933)
java.lang.reflect.InvocationTargetException
	at java.base/jdk.internal.reflect.NativeConstructorAccessorImpl.newInstance0(Native Method)
	at java.base/jdk.internal.reflect.NativeConstructorAccessorImpl.newInstance(NativeConstructorAccessorImpl.java:62)
	at java.base/jdk.internal.reflect.DelegatingConstructorAccessorImpl.newInstance(DelegatingConstructorAccessorImpl.java:45)
	at java.base/java.lang.reflect.Constructor.newInstance(Constructor.java:490)
	at ptolemy.util.test.junit.AutoKnownFailedTests.RunModel(AutoKnownFailedTests.java:105)
	at java.base/jdk.internal.reflect.NativeMethodAccessorImpl.invoke0(Native Method)
	at java.base/jdk.internal.reflect.NativeMethodAccessorImpl.invoke(NativeMethodAccessorImpl.java:62)
	at java.base/jdk.internal.reflect.DelegatingMethodAccessorImpl.invoke(DelegatingMethodAccessorImpl.java:43)
	at java.base/java.lang.reflect.Method.invoke(Method.java:566)
	at org.junit.runners.model.FrameworkMethod$1.runReflectiveCall(FrameworkMethod.java:44)
	at org.junit.internal.runners.model.ReflectiveCallable.run(ReflectiveCallable.java:15)
	at org.junit.runners.model.FrameworkMethod.invokeExplosively(FrameworkMethod.java:41)
	at junitparams.internal.InvokeParameterisedMethod.evaluate(InvokeParameterisedMethod.java:102)
	at org.junit.internal.runners.statements.FailOnTimeout$1.run(FailOnTimeout.java:28)
Caused by: ptolemy.kernel.util.IllegalActionException: Found a zero delay loop containing .dependencyLoop2.original
  in .dependencyLoop2 and .dependencyLoop2.original
	at ptolemy.actor.util.CausalityInterfaceForComposites._computeOutputPortDepth(CausalityInterfaceForComposites.java:759)
	at ptolemy.actor.util.CausalityInterfaceForComposites._computeInputDepth(CausalityInterfaceForComposites.java:696)
	at ptolemy.actor.util.CausalityInterfaceForComposites._computeOutputPortDepth(CausalityInterfaceForComposites.java:765)
	at ptolemy.actor.util.CausalityInterfaceForComposites._computeInputDepth(CausalityInterfaceForComposites.java:696)
	at ptolemy.actor.util.CausalityInterfaceForComposites._computeOutputPortDepth(CausalityInterfaceForComposites.java:765)
	at ptolemy.actor.util.CausalityInterfaceForComposites._computeInputDepth(CausalityInterfaceForComposites.java:696)
	at ptolemy.actor.util.CausalityInterfaceForComposites._computeActorDepth(CausalityInterfaceForComposites.java:532)
	at ptolemy.actor.util.CausalityInterfaceForComposites.checkForCycles(CausalityInterfaceForComposites.java:96)
	at ptolemy.domains.de.kernel.DEDirector.preinitialize(DEDirector.java:1338)
	at ptolemy.actor.CompositeActor.preinitialize(CompositeActor.java:1828)
	at ptolemy.actor.Manager.preinitializeAndResolveTypes(Manager.java:1040)
	at ptolemy.actor.Manager.initialize(Manager.java:710)
	at ptolemy.actor.Manager.execute(Manager.java:356)
	at ptolemy.actor.Manager.run(Manager.java:1263)
	at ptolemy.actor.Manager$PtolemyRunThread.run(Manager.java:1933)
]]></system-err>
</testsuite>
