<?xml version="1.0" encoding="UTF-8" ?>
<testsuite errors="0" failures="0" hostname="travis-job-0bae5602-8edf-44e1-a6f0-dcf7e1229f22" name="ptolemy.actor.lib.test.junit.JUnitTclTest" skipped="0" tests="517" time="61.084" timestamp="2020-02-26T17:25:02">
  <properties>
    <property name="npm.executable" value="npm" />
    <property name="env.TRAVIS_ROOT" value="/" />
    <property name="ptII.mk.exists" value="true" />
    <property name="env.TRAVIS_APP_HOST" value="build.travis-ci.org" />
    <property name="env.rvm_bin_path" value="/home/travis/.rvm/bin" />
    <property name="java.home" value="/usr/local/lib/jvm/openjdk11" />
    <property name="env.TRAVIS_JOB_NUMBER" value="1533.8" />
    <property name="env.TRAVIS_HOME" value="/home/travis" />
    <property name="env.DISPLAY" value=":99.0" />
    <property name="env.TRAVIS_INIT" value="systemd" />
    <property name="env.SSH_TTY" value="/dev/pts/0" />
    <property name="java.net.preferIPv4Stack" value="true" />
    <property name="env.RUN_TESTS" value="true" />
    <property name="timeout.short" value="1000000" />
    <property name="junit.formatter" value="xml" />
    <property name="env.TRAVIS_SUDO" value="true" />
    <property name="env.TRAVIS_JOB_NAME" value="" />
    <property name="env.TRAVIS_STACK_NODE_ATTRIBUTES" value="/.node-attributes.yml" />
    <property name="env.LOGNAME" value="travis" />
    <property name="env.PT_TRAVIS_TEST_CORE1_XML" value="true" />
    <property name="jsdoc.home" value="node_modules/@terraswarm/jsdoc" />
    <property name="debuglevel" value="source,lines,vars" />
    <property name="checkstyle.formatter" value="xml" />
    <property name="env._system_version" value="16.04" />
    <property name="bin.vergil.makeable" value="true" />
    <property name="sun.os.patch.level" value="unknown" />
    <property name="java.vendor.url" value="http://java.oracle.com/" />
    <property name="env.TRAVIS_BUILD_WEB_URL" value="https://travis-ci.org/icyphy/ptII/builds/655439983" />
    <property name="java.version" value="11.0.2" />
    <property name="env.TZ" value="UTC" />
    <property name="env.TRAVIS_PULL_REQUEST_SHA" value="" />
    <property name="env.PT_NO_NET" value="true" />
    <property name="env.TRAVIS_SECURE_ENV_VARS" value="true" />
    <property name="env._system_type" value="Linux" />
    <property name="java.vendor.url.bug" value="http://bugreport.java.com/bugreport/" />
    <property name="npmjs-org-is-up" value="true" />
    <property name="env.LANGUAGE" value="en_US.UTF-8" />
    <property name="env.SSH_CLIENT" value="10.16.6.76 41460 22" />
    <property name="env.GEM_HOME" value="/home/travis/.rvm/gems/ruby-2.5.3" />
    <property name="env.HAS_ANTARES_THREE_LITTLE_FRONZIES_BADGE" value="true" />
    <property name="java.version.date" value="2019-01-15" />
    <property name="env.PS4" value="+" />
    <property name="ant.project.invoked-targets" value="build,test.core1.xml" />
    <property name="env.TRAVIS_PULL_REQUEST_BRANCH" value="" />
    <property name="env.TRAVIS_REPO_SLUG" value="icyphy/ptII" />
    <property name="env.XDG_DATA_DIRS" value="/usr/local/share:/usr/share:/var/lib/snapd/desktop" />
    <property name="jdk.debug" value="release" />
    <property name="env.TRAVIS_APT_PROXY" value="http://build-cache.travisci.net" />
    <property name="env.TRAVIS_CPU_ARCH" value="amd64" />
    <property name="node.in.path" value="true" />
    <property name="user.name" value="travis" />
    <property name="java.maxmemory" value="1400m" />
    <property name="env.RUBY_VERSION" value="ruby-2.5.3" />
    <property name="env.LANG" value="en_US.UTF-8" />
    <property name="sun.io.unicode.encoding" value="UnicodeLittle" />
    <property name="sun.jnu.encoding" value="UTF-8" />
    <property name="java.runtime.name" value="OpenJDK Runtime Environment" />
    <property name="usefile" value="false" />
    <property name="return.code" value="0" />
    <property name="junit.single.formatter" value="plain" />
    <property name="env.DYLD_LIBRARY_PATH" value="/home/travis/pthla/certi-tools/lib:" />
    <property name="env.DEBIAN_FRONTEND" value="noninteractive" />
    <property name="env.SSH_CONNECTION" value="10.16.6.76 41460 10.20.0.174 22" />
    <property name="env.MYSQL_UNIX_PORT" value="/var/run/mysqld/mysqld.sock" />
    <property name="env.LC_ALL" value="en_US.UTF-8" />
    <property name="env.TRAVIS_ALLOW_FAILURE" value="false" />
    <property name="env.TRAVIS_JOB_WEB_URL" value="https://travis-ci.org/icyphy/ptII/jobs/655439993" />
    <property name="java.specification.name" value="Java Platform API Specification" />
    <property name="node.works" value="true" />
    <property name="user.timezone" value="" />
    <property name="path.separator" value=":" />
    <property name="env.TRAVIS_ENABLE_INFRA_DETECTION" value="true" />
    <property name="env.PYTHON_CFLAGS" value="-g -fstack-protector --param=ssp-buffer-size=4 -Wformat -Werror=format-security" />
    <property name="timeout.long" value="4000000" />
    <property name="env.CERTI_HOME" value="/home/travis/pthla/certi-tools" />
    <property name="ant.file.ptII" value="/home/travis/build/icyphy/ptII/build.xml" />
    <property name="javadoc.packagenames" value="com.*,diva.*,lbnl.*,org.hlacerti.*,org.json.*,org.ptolemy.*,org.terraswarm.*,ptolemy.*,ptserver.*" />
    <property name="file.encoding" value="UTF-8" />
    <property name="env.TRAVIS_PULL_REQUEST_SLUG" value="" />
    <property name="ant.project.default-target" value="build" />
    <property name="env.GIT_ASKPASS" value="echo" />
    <property name="env.HOME" value="/home/travis" />
    <property name="sun.java.command" value="org.apache.tools.ant.taskdefs.optional.junit.JUnitTestRunner ptolemy.actor.lib.test.junit.JUnitTclTest skipNonTests=false filtertrace=true haltOnError=false haltOnFailure=false formatter=org.apache.tools.ant.taskdefs.optional.junit.OutErrSummaryJUnitResultFormatter showoutput=true outputtoformatters=true logfailedtests=true threadid=0 logtestlistenerevents=false formatter=org.apache.tools.ant.taskdefs.optional.junit.XMLJUnitResultFormatter,/home/travis/build/icyphy/ptII/reports/junit/TEST-ptolemy.actor.lib.test.junit.JUnitTclTest.xml crashfile=/home/travis/build/icyphy/ptII/junitvmwatcher8111785758129069265.properties propsfile=/home/travis/build/icyphy/ptII/junit6102306650893364671.properties" />
    <property name="env.COMPOSER_NO_INTERACTION" value="1" />
    <property name="env.MANPATH" value="/home/travis/.nvm/versions/node/v7.10.1/share/man:/home/travis/.rvm/rubies/ruby-2.5.3/share/man:/usr/local/cmake-3.12.4/man:/usr/local/clang-7.0.0/share/man:/usr/local/man:/usr/local/share/man:/usr/share/man:/home/travis/.rvm/man" />
    <property name="env.TRAVIS_TIMER_ID" value="04c51d7b" />
    <property name="ant.file" value="/home/travis/build/icyphy/ptII/build.xml" />
    <property name="env.TRAVIS_COMMIT_RANGE" value="0d150754160b...efd7b7362f6b" />
    <property name="env._system_name" value="Ubuntu" />
    <property name="ptII.classpath.optional.property" value="/home/travis/build/icyphy/ptII/lib/bsh-2.0b4.jar:/home/travis/build/icyphy/ptII/lib/ptCal.jar:/home/travis/build/icyphy/ptII/lib/java_cup.jar:/home/travis/build/icyphy/ptII/lib/saxon8.jar:/home/travis/build/icyphy/ptII/lib/saxon8-dom.jar:/home/travis/build/icyphy/ptII/lib/chic.jar:/home/travis/build/icyphy/ptII/lib/ptcolt.jar:/home/travis/build/icyphy/ptII/vendors/misc/itext/iText.jar:/home/travis/build/icyphy/ptII/lib/g4ltl.jar:/home/travis/build/icyphy/ptII/lib/StructuralCoder.jar:/home/travis/build/icyphy/ptII/lib/jcerti.jar:/home/travis/build/icyphy/ptII/lib/javax.mail.jar:/home/travis/build/icyphy/ptII/vendors/JMF-2.1.1e/lib/jmf.jar:/home/travis/build/icyphy/ptII/lib/jna-4.0.0-variadic.jar:/home/travis/build/icyphy/ptII/vendors/misc/joystick/Joystick.jar:/home/travis/build/icyphy/ptII/lib/ptjacl.jar:/home/travis/build/icyphy/ptII/lib/jsoup-1.8.2.jar:/home/travis/build/icyphy/ptII/lib/junit-4.8.2.jar:/home/travis/build/icyphy/ptII/lib/JUnitParams-0.4.0.jar:/home/travis/build/icyphy/ptII/ptolemy/actor/lib/excel/jxl.jar:/home/travis/build/icyphy/ptII/lib/jython.jar:/home/travis/build/icyphy/ptII/lib/kieler.jar:/home/travis/build/icyphy/ptII/vendors/opencv/share/OpenCV/java/opencv-341.jar:/home/travis/build/icyphy/ptII/lib/oscP5.jar:/home/travis/build/icyphy/ptII/lib/nrjavaserial-3.11.0.devel.jar:/home/travis/build/icyphy/ptII/vendors/j3d/lib/Linux/j3dcore.jar:/home/travis/build/icyphy/ptII/vendors/j3d/lib/Linux/j3dutils.jar:/home/travis/build/icyphy/ptII/vendors/j3d/lib/Linux/vecmath.jar:/home/travis/build/icyphy/ptII/vendors/jogl/lib/Linux/gluegen-rt-natives-linux-amd64.jar:/home/travis/build/icyphy/ptII/vendors/jogl/lib/Linux/gluegen-rt.jar:/home/travis/build/icyphy/ptII/vendors/jogl/lib/Linux/jogl-all-natives-linux-amd64.jar:/home/travis/build/icyphy/ptII/vendors/jogl/lib/Linux/jogl-all.jar:/home/travis/build/icyphy/ptII/ptolemy/distributed/jini/jar/jini-core.jar:/home/travis/build/icyphy/ptII/ptolemy/distributed/jini/jar/jini-ext.jar:/home/travis/build/icyphy/ptII/ptolemy/distributed/jini/jar/sun-util.jar:/home/travis/build/icyphy/ptII/lib/protobuf-java-2.4.1.jar:/home/travis/build/icyphy/ptII/lib/org.eclipse.paho.client.mqttv3.jar:/home/travis/build/icyphy/ptII/lib/mapss.jar:/home/travis/build/icyphy/ptII/ptolemy/actor/ptalon/antlr/antlr.jar:/home/travis/build/icyphy/ptII/lib/JRI.jar:/home/travis/build/icyphy/ptII/lib/commons-lang-2.6.jar:/home/travis/build/icyphy/ptII/lib/commons-logging-1.1.1.jar:/home/travis/build/icyphy/ptII/lib/sootclasses.jar:/home/travis/build/icyphy/ptII/ptolemy/actor/lib/database/mysql-connector-java-5.1.6-bin.jar:/home/travis/build/icyphy/ptII/vendors/misc/sphinx4/sphinx4-data-5prealpha.jar:/home/travis/build/icyphy/ptII/vendors/misc/sphinx4/sphinx4-core-5prealpha.jar:/home/travis/build/icyphy/ptII/lib/PDFRenderer.jar:/home/travis/build/icyphy/ptII/lib/svgSalamander.jar:/home/travis/build/icyphy/ptII/lib/rsyntaxtextarea-2.6.0-SNAPSHOT.jar:/home/travis/build/icyphy/ptII/lib/hazelcast-3.8.2.jar:/home/travis/build/icyphy/ptII/lib/jackson-annotations-2.9.0.jar:/home/travis/build/icyphy/ptII/lib/jackson-core-2.9.3.jar:/home/travis/build/icyphy/ptII/lib/jackson-databind-2.9.3.jar:/home/travis/build/icyphy/ptII/lib/netty-buffer-4.1.19.Final.jar:/home/travis/build/icyphy/ptII/lib/netty-codec-4.1.19.Final.jar:/home/travis/build/icyphy/ptII/lib/netty-codec-dns-4.1.19.Final.jar:/home/travis/build/icyphy/ptII/lib/netty-codec-http-4.1.19.Final.jar:/home/travis/build/icyphy/ptII/lib/netty-codec-http2-4.1.19.Final.jar:/home/travis/build/icyphy/ptII/lib/netty-common-4.1.19.Final.jar:/home/travis/build/icyphy/ptII/lib/netty-handler-4.1.19.Final.jar:/home/travis/build/icyphy/ptII/lib/netty-resolver-4.1.19.Final.jar:/home/travis/build/icyphy/ptII/lib/netty-resolver-dns-4.1.19.Final.jar:/home/travis/build/icyphy/ptII/lib/netty-transport-4.1.19.Final.jar:/home/travis/build/icyphy/ptII/lib/vertx-codegen-3.5.1.jar:/home/travis/build/icyphy/ptII/lib/vertx-core-3.5.2-SNAPSHOT.jar:/home/travis/build/icyphy/ptII/lib/vertx-hazelcast-3.5.1.jar:/home/travis/build/icyphy/ptII/lib/vertx-lang-js-3.5.1.jar:/home/travis/build/icyphy/ptII/lib/vertx-service-proxy-3.5.1.jar:/home/travis/build/icyphy/ptII/lib/vertx-web-3.5.1.jar:/home/travis/build/icyphy/ptII/lib/slf4j-api-1.7.13.jar:/home/travis/build/icyphy/ptII/lib/slf4j-simple-1.7.13.jar:/home/travis/build/icyphy/ptII/lib/webcam-capture-0.3.12.jar:/home/travis/build/icyphy/ptII/lib/bridj-0.7.0.jar:/home/travis/build/icyphy/ptII/lib/xbjlib-1.1.0.nrjavaserial.jar" />
    <property name="timeout" value="2400000" />
    <property name="test.batch" value="**/junit/*.java" />
    <property name="env._" value="/usr/bin/timeout" />
    <property name="java.io.tmpdir" value="/tmp" />
    <property name="user.language" value="en" />
    <property name="env.TRAVIS_INTERNAL_RUBY_REGEX" value="^ruby-(2\.[0-4]\.[0-9]|1\.9\.3)" />
    <property name="env.HISTCONTROL" value="ignoredups:ignorespace" />
    <property name="env.GOROOT" value="/home/travis/.gimme/versions/go1.11.1.linux.amd64" />
    <property name="line.separator" value="&#xa;" />
    <property name="target" value="11" />
    <property name="env.TRAVIS_BUILD_DIR" value="/home/travis/build/icyphy/ptII" />
    <property name="env.ANT_OPTS" value="-Xmx2048m" />
    <property name="ant.file.type" value="file" />
    <property name="ptolemy.ptII.batchMode" value="true" />
    <property name="env.HISTSIZE" value="1000" />
    <property name="env.MERB_ENV" value="test" />
    <property name="java.vm.info" value="mixed mode" />
    <property name="source" value="11" />
    <property name="java.vm.specification.name" value="Java Virtual Machine Specification" />
    <property name="env.TRAVIS_TEST_RESULT" value="0" />
    <property name="jsdoc.command" value="node_modules/@terraswarm/jsdoc/jsdoc.js" />
    <property name="npm.works" value="true" />
    <property name="cobertura.dir" value="/home/travis/build/icyphy/ptII/vendors/cobertura-2.0.3" />
    <property name="jsdoc.command.exists" value="true" />
    <property name="env.rvm_path" value="/home/travis/.rvm" />
    <property name="env.GEM_PATH" value="/home/travis/.rvm/gems/ruby-2.5.3:/home/travis/.rvm/gems/ruby-2.5.3@global" />
    <property name="env.LC_CTYPE" value="en_US.UTF-8" />
    <property name="env.TRAVIS_CMD" value="$PTII/bin/ptIITravisBuild.sh $SECONDS" />
    <property name="java.awt.printerjob" value="sun.print.PSPrinterJob" />
    <property name="env.TRAVIS_STACK_NAME" value="sardonyx" />
    <property name="env.TRAVIS_TIMER_START_TIME" value="1582737273541993809" />
    <property name="ant.version" value="Apache Ant(TM) version 1.10.1 compiled on February 2 2017" />
    <property name="ptII.reports" value="/home/travis/build/icyphy/ptII/reports" />
    <property name="env.TRAVIS_STACK_TIMESTAMP" value="2019-03-25 16:16:56 UTC" />
    <property name="ant.file.type.ptII" value="file" />
    <property name="env.RBENV_SHELL" value="bash" />
    <property name="os.name" value="Linux" />
    <property name="java.specification.vendor" value="Oracle Corporation" />
    <property name="env.rvm_version" value="1.29.7 (latest)" />
    <property name="env.TRAVIS_INFRA" value="unknown" />
    <property name="env.TERM" value="xterm" />
    <property name="java.vm.name" value="OpenJDK 64-Bit Server VM" />
    <property name="env.TRAVIS_BUILD_NUMBER" value="1533" />
    <property name="env.CI" value="true" />
    <property name="java.library.path" value="/home/travis/pthla/certi-tools/lib:/usr/lib/jni:/usr/local/share/OpenCV/java/:/usr/share/OpenCV/java::/usr/java/packages/lib:/usr/lib64:/lib64:/lib:/usr/lib" />
    <property name="jdk.module.path" value="/home/travis/build/icyphy/ptII/vendors/javafx/javafx-sdk-11.0.2/lib:" />
    <property name="env.rvm_prefix" value="/home/travis" />
    <property name="env.PATH" value="/home/travis/pthla/certi-tools/share/scripts:/home/travis/.rvm/gems/ruby-2.5.3/bin:/home/travis/.rvm/gems/ruby-2.5.3@global/bin:/home/travis/.rvm/rubies/ruby-2.5.3/bin:/home/travis/.rvm/bin:/home/travis/.nvm/versions/node/v7.10.1/bin:./node_modules/.bin:/home/travis/build/icyphy/ptII/bin:/home/travis/pthla/certi-tools/bin:/home/travis/bin:/home/travis/.local/bin:/usr/local/lib/jvm/openjdk11/bin:/opt/pyenv/shims:/home/travis/.phpenv/shims:/home/travis/perl5/perlbrew/bin:/home/travis/gopath/bin:/home/travis/.gimme/versions/go1.11.1.linux.amd64/bin:/usr/local/maven-3.6.0/bin:/usr/local/cmake-3.12.4/bin:/usr/local/clang-7.0.0/bin:/usr/local/sbin:/usr/local/bin:/usr/sbin:/usr/bin:/sbin:/bin:/snap/bin:/home/travis/.phpenv/bin:/opt/pyenv/bin:/home/travis/.yarn/bin" />
    <property name="env.TRAVIS_OS_NAME" value="linux" />
    <property name="ant.java.version" value="9" />
    <property name="basedir" value="/home/travis/build/icyphy/ptII" />
    <property name="java.class.version" value="55.0" />
    <property name="env.SHLVL" value="3" />
    <property name="env.LD_LIBRARY_PATH" value="/home/travis/pthla/certi-tools/lib:/usr/lib/jni:/usr/local/share/OpenCV/java/:/usr/share/OpenCV/java:" />
    <property name="env.RACK_ENV" value="test" />
    <property name="ant.home" value="/home/travis/build/icyphy/ptII/ant" />
    <property name="env.NVM_DIR" value="/home/travis/.nvm" />
    <property name="env.CERTI_FOM_PATH" value="/home/travis/pthla/certi-tools/share/federations" />
    <property name="env.TRAVIS_BUILD_ID" value="655439983" />
    <property name="env.PYENV_ROOT" value="/opt/pyenv" />
    <property name="env.TRAVIS_UID" value="2000" />
    <property name="prism.verbose" value="true" />
    <property name="env.NVM_BIN" value="/home/travis/.nvm/versions/node/v7.10.1/bin" />
    <property name="env.TRAVIS_COMMIT" value="efd7b7362f6b9b9b2858280f57cc8dd2ba73b8b1" />
    <property name="env._system_arch" value="x86_64" />
    <property name="node.executable" value="node" />
    <property name="sun.boot.library.path" value="/usr/local/lib/jvm/openjdk11/lib" />
    <property name="sun.management.compiler" value="HotSpot 64-Bit Tiered Compilers" />
    <property name="java.awt.graphicsenv" value="sun.awt.X11GraphicsEnvironment" />
    <property name="env.GOPATH" value="/home/travis/gopath" />
    <property name="ptolemy.ptII.dir" value="/home/travis/build/icyphy/ptII" />
    <property name="env.USER" value="travis" />
    <property name="env.HISTFILESIZE" value="2000" />
    <property name="timeout.longest" value="19000000" />
    <property name="env.PERLBREW_SHELLRC_VERSION" value="0.86" />
    <property name="env.TRAVIS_STACK_FEATURES" value="basic couchdb disabled-ipv6 docker docker-compose elasticsearch firefox go-toolchain google-chrome jdk memcached mongodb mysql nodejs_interpreter perl_interpreter perlbrew phantomjs postgresql python_interpreter redis ruby_interpreter sqlite xserver" />
    <property name="env.TRAVIS_PULL_REQUEST" value="false" />
    <property name="env.PYENV_SHELL" value="bash" />
    <property name="ant.project.name" value="ptII" />
    <property name="env.ANSI_RESET" value="\033[0m" />
    <property name="java.vm.specification.version" value="11" />
    <property name="env.TRAVIS_DIST" value="xenial" />
    <property name="env.CERTI_VERSION" value="4.0.0" />
    <property name="env.CERTI_HOST" value="localhost" />
    <property name="awt.toolkit" value="sun.awt.X11.XToolkit" />
    <property name="env.MY_RUBY_HOME" value="/home/travis/.rvm/rubies/ruby-2.5.3" />
    <property name="sun.cpu.isalist" value="" />
    <property name="env.TRAVIS_TMPDIR" value="/tmp/tmp.EvXk3bOIY6" />
    <property name="java.vm.compressedOopsMode" value="Zero based" />
    <property name="os.version" value="4.15.0-1028-gcp" />
    <property name="user.home" value="/home/travis" />
    <property name="java.vm.vendor" value="Oracle Corporation" />
    <property name="env.TRAVIS_TAG" value="nightly" />
    <property name="env.ANSI_YELLOW" value="\033[33;1m" />
    <property name="env.TRAVIS_FILTERED" value="redirect_io" />
    <property name="env.ANSI_GREEN" value="\033[32;1m" />
    <property name="env.JAVA_HOME" value="/usr/local/lib/jvm/openjdk11" />
    <property name="javadoc.excludepackagenames" value="adm.cvs2svn.*,build.*,config.*,doc.coding.templates.*,jni.test.jni.meaningOfLife.*,jni.test.jni.testDeux.*,jni.test.jni.testTrois.*,org.terraswarm.accessor.accessors.web.node_modules.*,org.terraswarm.accessor.accessors.web.hosts.cordova.demo.*,org.terraswarm.accessor.accessors.web.hosts.cordova.plugins.*,org.terraswarm.accessor.accessors-svn.*,pt-modules.*,ptolemy.apps.agilent.*,ptolemy.apps.anytimecontrol.*,ptolemy.apps.apes.*,ptolemy.apps.charon.*,ptolemy.apps.crazyboard.*,ptolemy.apps.eclipse.*,ptolemy.apps.etherealSting.*,ptolemy.apps.fullscreen.*,ptolemy.apps.giotto.*,ptolemy.apps.ia.*,ptolemy.apps.interfaces.*,ptolemy.apps.jmf.*,ptolemy.apps.kurt.*,ptolemy.apps.kvm.*,ptolemy.apps.lego.*,ptolemy.apps.lejos.*,ptolemy.apps.midp.*,ptolemy.apps.mobileCoding.*,ptolemy.apps.pendulum.*,ptolemy.apps.rijndael.*,ptolemy.apps.robot.*,ptolemy.apps.security.*,ptolemy.apps.sobel.*,ptolemy.apps.soot.*,ptolemy.apps.throttle.*,ptolemy.apps.tini.*,ptolemy.apps.transmission.*,ptolemy.apps.vergil.*,ptolemy.apps.waba.*,ptolemy.apps.websensor.*,ptolemy.apps.webstart.*,ptolemy.apps.xsl.*,ptolemy.apps.zaurus.*,ptolemy.codegen.c.actor.lib.oldJavaFiles.*,ptolemy.codegen.dsp.lib.*,ptolemy.codegen.kernel.newInterfaces.*,ptolemy.codegen.lib.*,ptolemy.copernicus.kernel.fragment.*,ptolemy.copernicus.shallow.cg.*,ptolemy.domains.giotto.demo.Hierarchy.Hierarchy.*,ptolemy.domains.giotto.demo.Multimode.Multimode.*,ptolemy.domains.giotto.demo.Simple.Simple.*,ptolemy.domains.gr.lib.experimental.*,ptolemy.domains.gro.*,ptolemy.domains.pdf.*,ptolemy.domains.ptinyos.demo.Surge.output.*,ptolemy.moml.test.NoPackageActor.java*,ptolemy.plot.adm.*,ptolemy.plot.servlet.*,reports.*,signed.*,src.*,target.*,vendors.*,ptolemy.copernicus.applet.*,ptolemy.media.viewer.*,ptolemy.actor.corba.*,doc.doclets.*,ptolemy.apps.eclipse.awt.*,ptolemy.backtrack.*,ptolemy.backtrack.ast.*,ptolemy.cg.adapter.generic.program.procedural.c.mbed*,ptolemy.homer.*,ptolemy.actor.lib.jai.*,org.ptolemy.scala.*,diva.util.java2d.svg.*,ptolemy.domains.ptinyos.*,ptolemy.actor.lib.fmi.fmipp.*,,org.terraswarm.accessor.accessors.web.node_modules.*,org.terraswarm.accessor.accessors-svn,ptolemy.apps.*,ptolemy.actor.ptalon.demo.ptinyos.SendAndReceiveCnt.output,ptolemy.actor.ptalon.demo.ptinyos.SenseToLeds.output,ptolemy.domains.ptinyos.demo.CntToLedsAndRfm.output,ptolemy.domains.ptinyos.demo.RfmToLeds.output,ptolemy.domains.ptinyos.demo.SendAndReceiveCnt.output,ptolemy.domains.ptinyos.demo.SenseToLeds.output,ptolemy.actor.lib.jjs.modules.udpSocket.*" />
    <property name="env.PTII" value="/home/travis/build/icyphy/ptII" />
    <property name="env.XDG_SESSION_ID" value="2" />
    <property name="keystore" value="ptKeystore" />
    <property name="env.TRAVIS_COMMIT_MESSAGE" value="Adding new jcerti.jar that fixes a problem with enableTimeRegulation method." />
    <property name="junit.output.dir" value="/home/travis/build/icyphy/ptII/reports/junit" />
    <property name="npm.return.code" value="0" />
    <property name="user.dir" value="/home/travis/build/icyphy/ptII/ptolemy/actor/lib/test" />
    <property name="env.TRAVIS_NODE_VERSION" value="7" />
    <property name="env.TRAVIS_EVENT_TYPE" value="push" />
    <property name="env.MAIL" value="/var/mail/travis" />
    <property name="env.PERLBREW_ROOT" value="/home/travis/perl5/perlbrew" />
    <property name="env.PWD" value="/home/travis/build/icyphy/ptII" />
    <property name="timeout.npm" value="45000" />
    <property name="env.TRAVIS_ARCH" value="amd64" />
    <property name="sun.cpu.endian" value="little" />
    <property name="env.PAGER" value="cat" />
    <property name="env.TRAVIS_BUILD_STAGE_NAME" value="Test" />
    <property name="env.PERLBREW_HOME" value="/home/travis/.perlbrew" />
    <property name="java.vm.version" value="11.0.2+9" />
    <property name="env.RAILS_ENV" value="test" />
    <property name="java.class.path" value="/home/travis/.ptolemyII:/home/travis/.ptolemyII/*:/home/travis/build/icyphy/ptII:/home/travis/build/icyphy/ptII/lib/bsh-2.0b4.jar:/home/travis/build/icyphy/ptII/lib/ptCal.jar:/home/travis/build/icyphy/ptII/lib/java_cup.jar:/home/travis/build/icyphy/ptII/lib/saxon8.jar:/home/travis/build/icyphy/ptII/lib/saxon8-dom.jar:/home/travis/build/icyphy/ptII/lib/chic.jar:/home/travis/build/icyphy/ptII/lib/ptcolt.jar:/home/travis/build/icyphy/ptII/vendors/misc/itext/iText.jar:/home/travis/build/icyphy/ptII/lib/g4ltl.jar:/home/travis/build/icyphy/ptII/lib/StructuralCoder.jar:/home/travis/build/icyphy/ptII/lib/jcerti.jar:/home/travis/build/icyphy/ptII/lib/javax.mail.jar:/home/travis/build/icyphy/ptII/vendors/JMF-2.1.1e/lib/jmf.jar:/home/travis/build/icyphy/ptII/lib/jna-4.0.0-variadic.jar:/home/travis/build/icyphy/ptII/vendors/misc/joystick/Joystick.jar:/home/travis/build/icyphy/ptII/lib/ptjacl.jar:/home/travis/build/icyphy/ptII/lib/jsoup-1.8.2.jar:/home/travis/build/icyphy/ptII/lib/junit-4.8.2.jar:/home/travis/build/icyphy/ptII/lib/JUnitParams-0.4.0.jar:/home/travis/build/icyphy/ptII/ptolemy/actor/lib/excel/jxl.jar:/home/travis/build/icyphy/ptII/lib/jython.jar:/home/travis/build/icyphy/ptII/lib/kieler.jar:/home/travis/build/icyphy/ptII/vendors/opencv/share/OpenCV/java/opencv-341.jar:/home/travis/build/icyphy/ptII/lib/oscP5.jar:/home/travis/build/icyphy/ptII/lib/nrjavaserial-3.11.0.devel.jar:/home/travis/build/icyphy/ptII/vendors/j3d/lib/Linux/j3dcore.jar:/home/travis/build/icyphy/ptII/vendors/j3d/lib/Linux/j3dutils.jar:/home/travis/build/icyphy/ptII/vendors/j3d/lib/Linux/vecmath.jar:/home/travis/build/icyphy/ptII/vendors/jogl/lib/Linux/gluegen-rt-natives-linux-amd64.jar:/home/travis/build/icyphy/ptII/vendors/jogl/lib/Linux/gluegen-rt.jar:/home/travis/build/icyphy/ptII/vendors/jogl/lib/Linux/jogl-all-natives-linux-amd64.jar:/home/travis/build/icyphy/ptII/vendors/jogl/lib/Linux/jogl-all.jar:/home/travis/build/icyphy/ptII/ptolemy/distributed/jini/jar/jini-core.jar:/home/travis/build/icyphy/ptII/ptolemy/distributed/jini/jar/jini-ext.jar:/home/travis/build/icyphy/ptII/ptolemy/distributed/jini/jar/sun-util.jar:/home/travis/build/icyphy/ptII/lib/protobuf-java-2.4.1.jar:/home/travis/build/icyphy/ptII/lib/org.eclipse.paho.client.mqttv3.jar:/home/travis/build/icyphy/ptII/lib/mapss.jar:/home/travis/build/icyphy/ptII/ptolemy/actor/ptalon/antlr/antlr.jar:/home/travis/build/icyphy/ptII/lib/JRI.jar:/home/travis/build/icyphy/ptII/lib/commons-lang-2.6.jar:/home/travis/build/icyphy/ptII/lib/commons-logging-1.1.1.jar:/home/travis/build/icyphy/ptII/lib/sootclasses.jar:/home/travis/build/icyphy/ptII/ptolemy/actor/lib/database/mysql-connector-java-5.1.6-bin.jar:/home/travis/build/icyphy/ptII/vendors/misc/sphinx4/sphinx4-data-5prealpha.jar:/home/travis/build/icyphy/ptII/vendors/misc/sphinx4/sphinx4-core-5prealpha.jar:/home/travis/build/icyphy/ptII/lib/PDFRenderer.jar:/home/travis/build/icyphy/ptII/lib/svgSalamander.jar:/home/travis/build/icyphy/ptII/lib/rsyntaxtextarea-2.6.0-SNAPSHOT.jar:/home/travis/build/icyphy/ptII/lib/hazelcast-3.8.2.jar:/home/travis/build/icyphy/ptII/lib/jackson-annotations-2.9.0.jar:/home/travis/build/icyphy/ptII/lib/jackson-core-2.9.3.jar:/home/travis/build/icyphy/ptII/lib/jackson-databind-2.9.3.jar:/home/travis/build/icyphy/ptII/lib/netty-buffer-4.1.19.Final.jar:/home/travis/build/icyphy/ptII/lib/netty-codec-4.1.19.Final.jar:/home/travis/build/icyphy/ptII/lib/netty-codec-dns-4.1.19.Final.jar:/home/travis/build/icyphy/ptII/lib/netty-codec-http-4.1.19.Final.jar:/home/travis/build/icyphy/ptII/lib/netty-codec-http2-4.1.19.Final.jar:/home/travis/build/icyphy/ptII/lib/netty-common-4.1.19.Final.jar:/home/travis/build/icyphy/ptII/lib/netty-handler-4.1.19.Final.jar:/home/travis/build/icyphy/ptII/lib/netty-resolver-4.1.19.Final.jar:/home/travis/build/icyphy/ptII/lib/netty-resolver-dns-4.1.19.Final.jar:/home/travis/build/icyphy/ptII/lib/netty-transport-4.1.19.Final.jar:/home/travis/build/icyphy/ptII/lib/vertx-codegen-3.5.1.jar:/home/travis/build/icyphy/ptII/lib/vertx-core-3.5.2-SNAPSHOT.jar:/home/travis/build/icyphy/ptII/lib/vertx-hazelcast-3.5.1.jar:/home/travis/build/icyphy/ptII/lib/vertx-lang-js-3.5.1.jar:/home/travis/build/icyphy/ptII/lib/vertx-service-proxy-3.5.1.jar:/home/travis/build/icyphy/ptII/lib/vertx-web-3.5.1.jar:/home/travis/build/icyphy/ptII/lib/slf4j-api-1.7.13.jar:/home/travis/build/icyphy/ptII/lib/slf4j-simple-1.7.13.jar:/home/travis/build/icyphy/ptII/lib/webcam-capture-0.3.12.jar:/home/travis/build/icyphy/ptII/lib/bridj-0.7.0.jar:/home/travis/build/icyphy/ptII/lib/xbjlib-1.1.0.nrjavaserial.jar:/home/travis/build/icyphy/ptII/ptolemy/moml/test:/home/travis/build/icyphy/ptII/ant/lib/ant-launcher.jar:/home/travis/build/icyphy/ptII/ant/lib/ant.jar:/home/travis/build/icyphy/ptII/ant/lib/ant-junit.jar:/home/travis/build/icyphy/ptII/ant/lib/ant-junit4.jar" />
    <property name="ant.library.dir" value="/home/travis/build/icyphy/ptII/ant/lib" />
    <property name="os.arch" value="amd64" />
    <property name="env.CONTINUOUS_INTEGRATION" value="true" />
    <property name="env.TRAVIS_LANGUAGE" value="node_js" />
    <property name="env.TRAVIS_STACK_LANGUAGES" value="__sardonyx__ c c++ clojure cplusplus cpp default generic go groovy java node_js php pure_java python ruby scala" />
    <property name="test.name" value="ptolemy.actor.lib.test.junit.JUnitTclTest" />
    <property name="env.APT_KEY_DONT_WARN_ON_DANGEROUS_USAGE" value="1" />
    <property name="sun.java.launcher" value="SUN_STANDARD" />
    <property name="env.PYTHON_CONFIGURE_OPTS" value="--enable-unicode=ucs4 --with-wide-unicode --enable-shared --enable-ipv6 --enable-loadable-sqlite-extensions --with-computed-gotos" />
    <property name="ant.core.lib" value="/home/travis/build/icyphy/ptII/ant/lib/ant.jar" />
    <property name="java.vm.specification.vendor" value="Oracle Corporation" />
    <property name="env.BCVTB_HOME" value="/home/travis/build/icyphy/ptII/lbnl" />
    <property name="file.separator" value="/" />
    <property name="spotbugs.home" value="/home/travis/build/icyphy/ptII/vendors/spotbugs-3.1.1" />
    <property name="java.runtime.version" value="11.0.2+9" />
    <property name="env.ANSI_CLEAR" value="\033[0K" />
    <property name="javafx.verbose" value="true" />
    <property name="env.HAS_JOSH_K_SEAL_OF_APPROVAL" value="true" />
    <property name="env.XDG_RUNTIME_DIR" value="/run/user/2000" />
    <property name="env.TRAVIS_OSX_IMAGE" value="" />
    <property name="env.TRAVIS_JOB_ID" value="655439993" />
    <property name="env.TRAVIS_BRANCH" value="master" />
    <property name="user.country" value="US" />
    <property name="env.CERTI_HOME_TRAVIS" value="/home/travis/pthla/certi-tools" />
    <property name="env.SHELL" value="/bin/bash" />
    <property name="java.maxmemory.large" value="3200m" />
    <property name="model" value="" />
    <property name="env.CASHER_DIR" value="/home/travis/.casher" />
    <property name="env.NVM_CD_FLAGS" value="" />
    <property name="java.vendor.version" value="18.9" />
    <property name="jshint.executable" value="/home/travis/node_modules/jshint/bin/jshint" />
    <property name="env.JRUBY_OPTS" value=" --client -J-XX:+TieredCompilation -J-XX:TieredStopAtLevel=1 -J-Xss2m -Xcompile.invokedynamic=false" />
    <property name="java.vendor" value="Oracle Corporation" />
    <property name="env.TRAVIS_PRE_CHEF_BOOTSTRAP_TIME" value="2019-03-25T16:16:42" />
    <property name="env.TRAVIS_STACK_JOB_BOARD_REGISTER" value="/.job-board-register.yml" />
    <property name="env.ANSI_RED" value="\033[31;1m" />
    <property name="java.specification.version" value="11" />
    <property name="env.IRBRC" value="/home/travis/.rvm/rubies/ruby-2.5.3/.irbrc" />
    <property name="env.TRAVIS" value="true" />
    <property name="sun.arch.data.model" value="64" />
  </properties>
  <testcase classname="ptolemy.util.test.junit.TclTests" name="[0] /home/travis/build/icyphy/ptII/ptolemy/actor/lib/test/AbsoluteValue.tcl (RunTclFile)" time="0.608" />
  <testcase classname="ptolemy.util.test.junit.TclTests" name="[1] /home/travis/build/icyphy/ptII/ptolemy/actor/lib/test/AddSubtract.tcl (RunTclFile)" time="0.207" />
  <testcase classname="ptolemy.util.test.junit.TclTests" name="[2] /home/travis/build/icyphy/ptII/ptolemy/actor/lib/test/Average.tcl (RunTclFile)" time="0.067" />
  <testcase classname="ptolemy.util.test.junit.TclTests" name="[3] /home/travis/build/icyphy/ptII/ptolemy/actor/lib/test/Bernoulli.tcl (RunTclFile)" time="0.049" />
  <testcase classname="ptolemy.util.test.junit.TclTests" name="[4] /home/travis/build/icyphy/ptII/ptolemy/actor/lib/test/Clock.tcl (RunTclFile)" time="0.107" />
  <testcase classname="ptolemy.util.test.junit.TclTests" name="[5] /home/travis/build/icyphy/ptII/ptolemy/actor/lib/test/Commutator.tcl (RunTclFile)" time="0.138" />
  <testcase classname="ptolemy.util.test.junit.TclTests" name="[6] /home/travis/build/icyphy/ptII/ptolemy/actor/lib/test/Const.tcl (RunTclFile)" time="0.109" />
  <testcase classname="ptolemy.util.test.junit.TclTests" name="[7] /home/travis/build/icyphy/ptII/ptolemy/actor/lib/test/CurrentTime.tcl (RunTclFile)" time="0.041" />
  <testcase classname="ptolemy.util.test.junit.TclTests" name="[8] /home/travis/build/icyphy/ptII/ptolemy/actor/lib/test/DB.tcl (RunTclFile)" time="0.045" />
  <testcase classname="ptolemy.util.test.junit.TclTests" name="[9] /home/travis/build/icyphy/ptII/ptolemy/actor/lib/test/DiscreteRandomSource.tcl (RunTclFile)" time="0.024" />
  <testcase classname="ptolemy.util.test.junit.TclTests" name="[10] /home/travis/build/icyphy/ptII/ptolemy/actor/lib/test/Distributor.tcl (RunTclFile)" time="0.082" />
  <testcase classname="ptolemy.util.test.junit.TclTests" name="[11] /home/travis/build/icyphy/ptII/ptolemy/actor/lib/test/Exit.tcl (RunTclFile)" time="0.085" />
  <testcase classname="ptolemy.util.test.junit.TclTests" name="[12] /home/travis/build/icyphy/ptII/ptolemy/actor/lib/test/Expression.tcl (RunTclFile)" time="0.088" />
  <testcase classname="ptolemy.util.test.junit.TclTests" name="[13] /home/travis/build/icyphy/ptII/ptolemy/actor/lib/test/Gaussian.tcl (RunTclFile)" time="0.085" />
  <testcase classname="ptolemy.util.test.junit.TclTests" name="[14] /home/travis/build/icyphy/ptII/ptolemy/actor/lib/test/IIR.tcl (RunTclFile)" time="0.046" />
  <testcase classname="ptolemy.util.test.junit.TclTests" name="[15] /home/travis/build/icyphy/ptII/ptolemy/actor/lib/test/Interpolator.tcl (RunTclFile)" time="0.109" />
  <testcase classname="ptolemy.util.test.junit.TclTests" name="[16] /home/travis/build/icyphy/ptII/ptolemy/actor/lib/test/MathFunction.tcl (RunTclFile)" time="0.078" />
  <testcase classname="ptolemy.util.test.junit.TclTests" name="[17] /home/travis/build/icyphy/ptII/ptolemy/actor/lib/test/Maximum.tcl (RunTclFile)" time="0.024" />
  <testcase classname="ptolemy.util.test.junit.TclTests" name="[18] /home/travis/build/icyphy/ptII/ptolemy/actor/lib/test/Minimum.tcl (RunTclFile)" time="0.029" />
  <testcase classname="ptolemy.util.test.junit.TclTests" name="[19] /home/travis/build/icyphy/ptII/ptolemy/actor/lib/test/MultiplyDivide.tcl (RunTclFile)" time="0.022" />
  <testcase classname="ptolemy.util.test.junit.TclTests" name="[20] /home/travis/build/icyphy/ptII/ptolemy/actor/lib/test/OrderedMerge.tcl (RunTclFile)" time="0.115" />
  <testcase classname="ptolemy.util.test.junit.TclTests" name="[21] /home/travis/build/icyphy/ptII/ptolemy/actor/lib/test/Publisher.tcl (RunTclFile)" time="0.75" />
  <testcase classname="ptolemy.util.test.junit.TclTests" name="[22] /home/travis/build/icyphy/ptII/ptolemy/actor/lib/test/Pulse.tcl (RunTclFile)" time="0.04" />
  <testcase classname="ptolemy.util.test.junit.TclTests" name="[23] /home/travis/build/icyphy/ptII/ptolemy/actor/lib/test/Ramp.tcl (RunTclFile)" time="2.175" />
  <testcase classname="ptolemy.util.test.junit.TclTests" name="[24] /home/travis/build/icyphy/ptII/ptolemy/actor/lib/test/RampContinuous.tcl (RunTclFile)" time="0.019" />
  <testcase classname="ptolemy.util.test.junit.TclTests" name="[25] /home/travis/build/icyphy/ptII/ptolemy/actor/lib/test/RecordAssembler.tcl (RunTclFile)" time="0.014" />
  <testcase classname="ptolemy.util.test.junit.TclTests" name="[26] /home/travis/build/icyphy/ptII/ptolemy/actor/lib/test/RecordDisassembler.tcl (RunTclFile)" time="0.018" />
  <testcase classname="ptolemy.util.test.junit.TclTests" name="[27] /home/travis/build/icyphy/ptII/ptolemy/actor/lib/test/Scale.tcl (RunTclFile)" time="0.016" />
  <testcase classname="ptolemy.util.test.junit.TclTests" name="[28] /home/travis/build/icyphy/ptII/ptolemy/actor/lib/test/SequentialClock.tcl (RunTclFile)" time="0.011" />
  <testcase classname="ptolemy.util.test.junit.TclTests" name="[29] /home/travis/build/icyphy/ptII/ptolemy/actor/lib/test/SetVariable.tcl (RunTclFile)" time="0.008" />
  <testcase classname="ptolemy.util.test.junit.TclTests" name="[30] /home/travis/build/icyphy/ptII/ptolemy/actor/lib/test/Sinewave.tcl (RunTclFile)" time="0.029" />
  <testcase classname="ptolemy.util.test.junit.TclTests" name="[31] /home/travis/build/icyphy/ptII/ptolemy/actor/lib/test/SubscriptionAggregator.tcl (RunTclFile)" time="2.159" />
  <testcase classname="ptolemy.util.test.junit.TclTests" name="[32] /home/travis/build/icyphy/ptII/ptolemy/actor/lib/test/Test.tcl (RunTclFile)" time="0.165" />
  <testcase classname="ptolemy.util.test.junit.TclTests" name="[33] /home/travis/build/icyphy/ptII/ptolemy/actor/lib/test/TestExceptionHandler.tcl (RunTclFile)" time="0.01" />
  <testcase classname="ptolemy.util.test.junit.TclTests" name="[34] /home/travis/build/icyphy/ptII/ptolemy/actor/lib/test/UnionDisassembler.tcl (RunTclFile)" time="0.044" />
  <testcase classname="ptolemy.util.test.junit.TclTests" name="[35] /home/travis/build/icyphy/ptII/ptolemy/actor/lib/test/VariableClock.tcl (RunTclFile)" time="0.027" />
  <testcase classname="ptolemy.util.test.junit.AutoKnownFailedTests" name="[0] /home/travis/build/icyphy/ptII/ptolemy/actor/lib/test/auto/knownFailedTests/PublisherPortToplevelSubscriber.xml (RunModel)" time="0.034" />
  <testcase classname="ptolemy.util.test.junit.AutoKnownFailedTests" name="[1] /home/travis/build/icyphy/ptII/ptolemy/actor/lib/test/auto/knownFailedTests/PublisherSubscriberPortToplevel.xml (RunModel)" time="0.017" />
  <testcase classname="ptolemy.util.test.junit.AutoKnownFailedTests" name="[2] /home/travis/build/icyphy/ptII/ptolemy/actor/lib/test/auto/knownFailedTests/PublisherSubscriptionAggregatorPort.xml (RunModel)" time="0.021" />
  <testcase classname="ptolemy.util.test.junit.AutoKnownFailedTests" name="[3] /home/travis/build/icyphy/ptII/ptolemy/actor/lib/test/auto/knownFailedTests/sizedarray3.xml (RunModel)" time="0.035" />
  <testcase classname="ptolemy.util.test.junit.AutoNameArchTests" name="[0] ThereAreNoAutoArchTests (RunModel)" time="0.001" />
  <testcase classname="ptolemy.util.test.junit.AutoTests" name="[0] /home/travis/build/icyphy/ptII/ptolemy/actor/lib/test/auto/AbsoluteValue.xml (RunModel)" time="0.07" />
  <testcase classname="ptolemy.util.test.junit.AutoTests" name="[1] /home/travis/build/icyphy/ptII/ptolemy/actor/lib/test/auto/AbsoluteValue2.xml (RunModel)" time="0.053" />
  <testcase classname="ptolemy.util.test.junit.AutoTests" name="[2] /home/travis/build/icyphy/ptII/ptolemy/actor/lib/test/auto/Accumulator.xml (RunModel)" time="0.041" />
  <testcase classname="ptolemy.util.test.junit.AutoTests" name="[3] /home/travis/build/icyphy/ptII/ptolemy/actor/lib/test/auto/Accumulator2.xml (RunModel)" time="0.016" />
  <testcase classname="ptolemy.util.test.junit.AutoTests" name="[4] /home/travis/build/icyphy/ptII/ptolemy/actor/lib/test/auto/Accumulator3.xml (RunModel)" time="0.013" />
  <testcase classname="ptolemy.util.test.junit.AutoTests" name="[5] /home/travis/build/icyphy/ptII/ptolemy/actor/lib/test/auto/ArrayAppend.xml (RunModel)" time="0.026" />
  <testcase classname="ptolemy.util.test.junit.AutoTests" name="[6] /home/travis/build/icyphy/ptII/ptolemy/actor/lib/test/auto/ArrayAppend2.xml (RunModel)" time="0.402" />
  <testcase classname="ptolemy.util.test.junit.AutoTests" name="[7] /home/travis/build/icyphy/ptII/ptolemy/actor/lib/test/auto/ArrayAppend3.xml (RunModel)" time="0.019" />
  <testcase classname="ptolemy.util.test.junit.AutoTests" name="[8] /home/travis/build/icyphy/ptII/ptolemy/actor/lib/test/auto/ArrayAppend4.xml (RunModel)" time="0.024" />
  <testcase classname="ptolemy.util.test.junit.AutoTests" name="[9] /home/travis/build/icyphy/ptII/ptolemy/actor/lib/test/auto/ArrayAppend5.xml (RunModel)" time="0.015" />
  <testcase classname="ptolemy.util.test.junit.AutoTests" name="[10] /home/travis/build/icyphy/ptII/ptolemy/actor/lib/test/auto/ArrayAppend6.xml (RunModel)" time="0.018" />
  <testcase classname="ptolemy.util.test.junit.AutoTests" name="[11] /home/travis/build/icyphy/ptII/ptolemy/actor/lib/test/auto/ArrayAppendPerformanceTest.xml (RunModel)" time="0.051" />
  <testcase classname="ptolemy.util.test.junit.AutoTests" name="[12] /home/travis/build/icyphy/ptII/ptolemy/actor/lib/test/auto/ArrayAppendWithEmptyInput.xml (RunModel)" time="0.061" />
  <testcase classname="ptolemy.util.test.junit.AutoTests" name="[13] /home/travis/build/icyphy/ptII/ptolemy/actor/lib/test/auto/ArrayAverage.xml (RunModel)" time="0.059" />
  <testcase classname="ptolemy.util.test.junit.AutoTests" name="[14] /home/travis/build/icyphy/ptII/ptolemy/actor/lib/test/auto/ArrayContains.xml (RunModel)" time="0.023" />
  <testcase classname="ptolemy.util.test.junit.AutoTests" name="[15] /home/travis/build/icyphy/ptII/ptolemy/actor/lib/test/auto/ArrayElement.xml (RunModel)" time="0.04" />
  <testcase classname="ptolemy.util.test.junit.AutoTests" name="[16] /home/travis/build/icyphy/ptII/ptolemy/actor/lib/test/auto/ArrayElementAsMatrix.xml (RunModel)" time="0.035" />
  <testcase classname="ptolemy.util.test.junit.AutoTests" name="[17] /home/travis/build/icyphy/ptII/ptolemy/actor/lib/test/auto/ArrayElementI.xml (RunModel)" time="0.017" />
  <testcase classname="ptolemy.util.test.junit.AutoTests" name="[18] /home/travis/build/icyphy/ptII/ptolemy/actor/lib/test/auto/ArrayExtract.xml (RunModel)" time="0.026" />
  <testcase classname="ptolemy.util.test.junit.AutoTests" name="[19] /home/travis/build/icyphy/ptII/ptolemy/actor/lib/test/auto/ArrayExtract2.xml (RunModel)" time="0.02" />
  <testcase classname="ptolemy.util.test.junit.AutoTests" name="[20] /home/travis/build/icyphy/ptII/ptolemy/actor/lib/test/auto/ArrayLength.xml (RunModel)" time="0.026" />
  <testcase classname="ptolemy.util.test.junit.AutoTests" name="[21] /home/travis/build/icyphy/ptII/ptolemy/actor/lib/test/auto/ArrayLevelCrossing.xml (RunModel)" time="0.027" />
  <testcase classname="ptolemy.util.test.junit.AutoTests" name="[22] /home/travis/build/icyphy/ptII/ptolemy/actor/lib/test/auto/ArrayLevelCrossing2.xml (RunModel)" time="0.036" />
  <testcase classname="ptolemy.util.test.junit.AutoTests" name="[23] /home/travis/build/icyphy/ptII/ptolemy/actor/lib/test/auto/ArrayPeakSearch.xml (RunModel)" time="0.043" />
  <testcase classname="ptolemy.util.test.junit.AutoTests" name="[24] /home/travis/build/icyphy/ptII/ptolemy/actor/lib/test/auto/ArrayPeakSearch2.xml (RunModel)" time="0.05" />
  <testcase classname="ptolemy.util.test.junit.AutoTests" name="[25] /home/travis/build/icyphy/ptII/ptolemy/actor/lib/test/auto/ArrayPeakSearch3.xml (RunModel)" time="0.037" />
  <testcase classname="ptolemy.util.test.junit.AutoTests" name="[26] /home/travis/build/icyphy/ptII/ptolemy/actor/lib/test/auto/ArrayRemoveElement.xml (RunModel)" time="0.028" />
  <testcase classname="ptolemy.util.test.junit.AutoTests" name="[27] /home/travis/build/icyphy/ptII/ptolemy/actor/lib/test/auto/ArraySort.xml (RunModel)" time="0.036" />
  <testcase classname="ptolemy.util.test.junit.AutoTests" name="[28] /home/travis/build/icyphy/ptII/ptolemy/actor/lib/test/auto/ArraySum.xml (RunModel)" time="0.019" />
  <testcase classname="ptolemy.util.test.junit.AutoTests" name="[29] /home/travis/build/icyphy/ptII/ptolemy/actor/lib/test/auto/ArrayToElements.xml (RunModel)" time="0.025" />
  <testcase classname="ptolemy.util.test.junit.AutoTests" name="[30] /home/travis/build/icyphy/ptII/ptolemy/actor/lib/test/auto/ArrayToMatrix.xml (RunModel)" time="0.06" />
  <testcase classname="ptolemy.util.test.junit.AutoTests" name="[31] /home/travis/build/icyphy/ptII/ptolemy/actor/lib/test/auto/ArrayUpdate1.xml (RunModel)" time="0.023" />
  <testcase classname="ptolemy.util.test.junit.AutoTests" name="[32] /home/travis/build/icyphy/ptII/ptolemy/actor/lib/test/auto/ArrayUpdate2.xml (RunModel)" time="0.019" />
  <testcase classname="ptolemy.util.test.junit.AutoTests" name="[33] /home/travis/build/icyphy/ptII/ptolemy/actor/lib/test/auto/ArrayUpdate3.xml (RunModel)" time="0.014" />
  <testcase classname="ptolemy.util.test.junit.AutoTests" name="[34] /home/travis/build/icyphy/ptII/ptolemy/actor/lib/test/auto/Assert1.xml (RunModel)" time="0.025" />
  <testcase classname="ptolemy.util.test.junit.AutoTests" name="[35] /home/travis/build/icyphy/ptII/ptolemy/actor/lib/test/auto/Assert2.xml (RunModel)" time="0.015" />
  <testcase classname="ptolemy.util.test.junit.AutoTests" name="[36] /home/travis/build/icyphy/ptII/ptolemy/actor/lib/test/auto/BooleanMultiplexor.xml (RunModel)" time="0.014" />
  <testcase classname="ptolemy.util.test.junit.AutoTests" name="[37] /home/travis/build/icyphy/ptII/ptolemy/actor/lib/test/auto/BooleanMultiplexor2.xml (RunModel)" time="0.016" />
  <testcase classname="ptolemy.util.test.junit.AutoTests" name="[38] /home/travis/build/icyphy/ptII/ptolemy/actor/lib/test/auto/BooleanMultiplexor3.xml (RunModel)" time="0.012" />
  <testcase classname="ptolemy.util.test.junit.AutoTests" name="[39] /home/travis/build/icyphy/ptII/ptolemy/actor/lib/test/auto/BooleanSelect.xml (RunModel)" time="0.023" />
  <testcase classname="ptolemy.util.test.junit.AutoTests" name="[40] /home/travis/build/icyphy/ptII/ptolemy/actor/lib/test/auto/BooleanSelect2.xml (RunModel)" time="0.015" />
  <testcase classname="ptolemy.util.test.junit.AutoTests" name="[41] /home/travis/build/icyphy/ptII/ptolemy/actor/lib/test/auto/BooleanSwitch.xml (RunModel)" time="0.027" />
  <testcase classname="ptolemy.util.test.junit.AutoTests" name="[42] /home/travis/build/icyphy/ptII/ptolemy/actor/lib/test/auto/BooleanSwitch2.xml (RunModel)" time="0.017" />
  <testcase classname="ptolemy.util.test.junit.AutoTests" name="[43] /home/travis/build/icyphy/ptII/ptolemy/actor/lib/test/auto/BooleanSwitchCloningBugWithClassRelationGroup.xml (RunModel)" time="0.036" />
  <testcase classname="ptolemy.util.test.junit.AutoTests" name="[44] /home/travis/build/icyphy/ptII/ptolemy/actor/lib/test/auto/BusActors.xml (RunModel)" time="0.056" />
  <testcase classname="ptolemy.util.test.junit.AutoTests" name="[45] /home/travis/build/icyphy/ptII/ptolemy/actor/lib/test/auto/ClassWrapper.xml (RunModel)" time="0.019" />
  <testcase classname="ptolemy.util.test.junit.AutoTests" name="[46] /home/travis/build/icyphy/ptII/ptolemy/actor/lib/test/auto/Clock.xml (RunModel)" time="0.01" />
  <testcase classname="ptolemy.util.test.junit.AutoTests" name="[47] /home/travis/build/icyphy/ptII/ptolemy/actor/lib/test/auto/Clock10.xml (RunModel)" time="0.023" />
  <testcase classname="ptolemy.util.test.junit.AutoTests" name="[48] /home/travis/build/icyphy/ptII/ptolemy/actor/lib/test/auto/Clock11.xml (RunModel)" time="0.018" />
  <testcase classname="ptolemy.util.test.junit.AutoTests" name="[49] /home/travis/build/icyphy/ptII/ptolemy/actor/lib/test/auto/Clock12.xml (RunModel)" time="0.02" />
  <testcase classname="ptolemy.util.test.junit.AutoTests" name="[50] /home/travis/build/icyphy/ptII/ptolemy/actor/lib/test/auto/Clock13.xml (RunModel)" time="0.021" />
  <testcase classname="ptolemy.util.test.junit.AutoTests" name="[51] /home/travis/build/icyphy/ptII/ptolemy/actor/lib/test/auto/Clock14.xml (RunModel)" time="0.018" />
  <testcase classname="ptolemy.util.test.junit.AutoTests" name="[52] /home/travis/build/icyphy/ptII/ptolemy/actor/lib/test/auto/Clock15.xml (RunModel)" time="0.016" />
  <testcase classname="ptolemy.util.test.junit.AutoTests" name="[53] /home/travis/build/icyphy/ptII/ptolemy/actor/lib/test/auto/Clock16.xml (RunModel)" time="0.111" />
  <testcase classname="ptolemy.util.test.junit.AutoTests" name="[54] /home/travis/build/icyphy/ptII/ptolemy/actor/lib/test/auto/Clock17.xml (RunModel)" time="0.052" />
  <testcase classname="ptolemy.util.test.junit.AutoTests" name="[55] /home/travis/build/icyphy/ptII/ptolemy/actor/lib/test/auto/Clock18.xml (RunModel)" time="0.057" />
  <testcase classname="ptolemy.util.test.junit.AutoTests" name="[56] /home/travis/build/icyphy/ptII/ptolemy/actor/lib/test/auto/Clock19.xml (RunModel)" time="0.045" />
  <testcase classname="ptolemy.util.test.junit.AutoTests" name="[57] /home/travis/build/icyphy/ptII/ptolemy/actor/lib/test/auto/Clock2.xml (RunModel)" time="0.015" />
  <testcase classname="ptolemy.util.test.junit.AutoTests" name="[58] /home/travis/build/icyphy/ptII/ptolemy/actor/lib/test/auto/Clock20.xml (RunModel)" time="0.025" />
  <testcase classname="ptolemy.util.test.junit.AutoTests" name="[59] /home/travis/build/icyphy/ptII/ptolemy/actor/lib/test/auto/Clock21.xml (RunModel)" time="0.017" />
  <testcase classname="ptolemy.util.test.junit.AutoTests" name="[60] /home/travis/build/icyphy/ptII/ptolemy/actor/lib/test/auto/Clock22.xml (RunModel)" time="0.017" />
  <testcase classname="ptolemy.util.test.junit.AutoTests" name="[61] /home/travis/build/icyphy/ptII/ptolemy/actor/lib/test/auto/Clock23.xml (RunModel)" time="0.019" />
  <testcase classname="ptolemy.util.test.junit.AutoTests" name="[62] /home/travis/build/icyphy/ptII/ptolemy/actor/lib/test/auto/Clock24.xml (RunModel)" time="0.016" />
  <testcase classname="ptolemy.util.test.junit.AutoTests" name="[63] /home/travis/build/icyphy/ptII/ptolemy/actor/lib/test/auto/Clock4.xml (RunModel)" time="0.012" />
  <testcase classname="ptolemy.util.test.junit.AutoTests" name="[64] /home/travis/build/icyphy/ptII/ptolemy/actor/lib/test/auto/Clock5.xml (RunModel)" time="0.014" />
  <testcase classname="ptolemy.util.test.junit.AutoTests" name="[65] /home/travis/build/icyphy/ptII/ptolemy/actor/lib/test/auto/Clock6.xml (RunModel)" time="0.01" />
  <testcase classname="ptolemy.util.test.junit.AutoTests" name="[66] /home/travis/build/icyphy/ptII/ptolemy/actor/lib/test/auto/Clock7.xml (RunModel)" time="0.012" />
  <testcase classname="ptolemy.util.test.junit.AutoTests" name="[67] /home/travis/build/icyphy/ptII/ptolemy/actor/lib/test/auto/Clock8.xml (RunModel)" time="0.015" />
  <testcase classname="ptolemy.util.test.junit.AutoTests" name="[68] /home/travis/build/icyphy/ptII/ptolemy/actor/lib/test/auto/Clock9.xml (RunModel)" time="0.017" />
  <testcase classname="ptolemy.util.test.junit.AutoTests" name="[69] /home/travis/build/icyphy/ptII/ptolemy/actor/lib/test/auto/CommDistDiscard.xml (RunModel)" time="0.025" />
  <testcase classname="ptolemy.util.test.junit.AutoTests" name="[70] /home/travis/build/icyphy/ptII/ptolemy/actor/lib/test/auto/Commutator.xml (RunModel)" time="0.015" />
  <testcase classname="ptolemy.util.test.junit.AutoTests" name="[71] /home/travis/build/icyphy/ptII/ptolemy/actor/lib/test/auto/Commutator2.xml (RunModel)" time="0.014" />
  <testcase classname="ptolemy.util.test.junit.AutoTests" name="[72] /home/travis/build/icyphy/ptII/ptolemy/actor/lib/test/auto/Commutator3.xml (RunModel)" time="0.014" />
  <testcase classname="ptolemy.util.test.junit.AutoTests" name="[73] /home/travis/build/icyphy/ptII/ptolemy/actor/lib/test/auto/Compare.xml (RunModel)" time="0.032" />
  <testcase classname="ptolemy.util.test.junit.AutoTests" name="[74] /home/travis/build/icyphy/ptII/ptolemy/actor/lib/test/auto/CompareDE.xml (RunModel)" time="0.018" />
  <testcase classname="ptolemy.util.test.junit.AutoTests" name="[75] /home/travis/build/icyphy/ptII/ptolemy/actor/lib/test/auto/ComplexDivide.xml (RunModel)" time="0.009" />
  <testcase classname="ptolemy.util.test.junit.AutoTests" name="[76] /home/travis/build/icyphy/ptII/ptolemy/actor/lib/test/auto/ComputeHistogram.xml (RunModel)" time="0.072" />
  <testcase classname="ptolemy.util.test.junit.AutoTests" name="[77] /home/travis/build/icyphy/ptII/ptolemy/actor/lib/test/auto/ConfigurationSelect.xml (RunModel)" time="0.022" />
  <testcase classname="ptolemy.util.test.junit.AutoTests" name="[78] /home/travis/build/icyphy/ptII/ptolemy/actor/lib/test/auto/ConfigurationSelect2.xml (RunModel)" time="0.02" />
  <testcase classname="ptolemy.util.test.junit.AutoTests" name="[79] /home/travis/build/icyphy/ptII/ptolemy/actor/lib/test/auto/ConfigurationSwitch.xml (RunModel)" time="0.025" />
  <testcase classname="ptolemy.util.test.junit.AutoTests" name="[80] /home/travis/build/icyphy/ptII/ptolemy/actor/lib/test/auto/ConfigurationSwitch2.xml (RunModel)" time="0.022" />
  <testcase classname="ptolemy.util.test.junit.AutoTests" name="[81] /home/travis/build/icyphy/ptII/ptolemy/actor/lib/test/auto/ConfigurationSwitchCloningBugWithClassRelationGroup.xml (RunModel)" time="0.02" />
  <testcase classname="ptolemy.util.test.junit.AutoTests" name="[82] /home/travis/build/icyphy/ptII/ptolemy/actor/lib/test/auto/ConfigurationSwitchSelectSDF.xml (RunModel)" time="0.019" />
  <testcase classname="ptolemy.util.test.junit.AutoTests" name="[83] /home/travis/build/icyphy/ptII/ptolemy/actor/lib/test/auto/ConfigurationSwitchSelectSDF2.xml (RunModel)" time="0.015" />
  <testcase classname="ptolemy.util.test.junit.AutoTests" name="[84] /home/travis/build/icyphy/ptII/ptolemy/actor/lib/test/auto/Const.xml (RunModel)" time="0.007" />
  <testcase classname="ptolemy.util.test.junit.AutoTests" name="[85] /home/travis/build/icyphy/ptII/ptolemy/actor/lib/test/auto/Const2.xml (RunModel)" time="0.011" />
  <testcase classname="ptolemy.util.test.junit.AutoTests" name="[86] /home/travis/build/icyphy/ptII/ptolemy/actor/lib/test/auto/Const3.xml (RunModel)" time="0.007" />
  <testcase classname="ptolemy.util.test.junit.AutoTests" name="[87] /home/travis/build/icyphy/ptII/ptolemy/actor/lib/test/auto/ConstantPublisherPort1.xml (RunModel)" time="0.027" />
  <testcase classname="ptolemy.util.test.junit.AutoTests" name="[88] /home/travis/build/icyphy/ptII/ptolemy/actor/lib/test/auto/ConstantPublisherPort2.xml (RunModel)" time="0.027" />
  <testcase classname="ptolemy.util.test.junit.AutoTests" name="[89] /home/travis/build/icyphy/ptII/ptolemy/actor/lib/test/auto/ConstantPublisherPort3.xml (RunModel)" time="0.022" />
  <testcase classname="ptolemy.util.test.junit.AutoTests" name="[90] /home/travis/build/icyphy/ptII/ptolemy/actor/lib/test/auto/ConstantPublisherPort4.xml (RunModel)" time="0.031" />
  <testcase classname="ptolemy.util.test.junit.AutoTests" name="[91] /home/travis/build/icyphy/ptII/ptolemy/actor/lib/test/auto/ConstantPublisherPort5.xml (RunModel)" time="0.046" />
  <testcase classname="ptolemy.util.test.junit.AutoTests" name="[92] /home/travis/build/icyphy/ptII/ptolemy/actor/lib/test/auto/ConstantPublisherPort6.xml (RunModel)" time="0.03" />
  <testcase classname="ptolemy.util.test.junit.AutoTests" name="[93] /home/travis/build/icyphy/ptII/ptolemy/actor/lib/test/auto/ConstantPublisherPort7.xml (RunModel)" time="0.04" />
  <testcase classname="ptolemy.util.test.junit.AutoTests" name="[94] /home/travis/build/icyphy/ptII/ptolemy/actor/lib/test/auto/ConstraintMonitor1.xml (RunModel)" time="0.039" />
  <testcase classname="ptolemy.util.test.junit.AutoTests" name="[95] /home/travis/build/icyphy/ptII/ptolemy/actor/lib/test/auto/ConstraintMonitor2.xml (RunModel)" time="0.016" />
  <testcase classname="ptolemy.util.test.junit.AutoTests" name="[96] /home/travis/build/icyphy/ptII/ptolemy/actor/lib/test/auto/ConstraintMonitor3.xml (RunModel)" time="0.015" />
  <testcase classname="ptolemy.util.test.junit.AutoTests" name="[97] /home/travis/build/icyphy/ptII/ptolemy/actor/lib/test/auto/ConstraintMonitor4.xml (RunModel)" time="0.014" />
  <testcase classname="ptolemy.util.test.junit.AutoTests" name="[98] /home/travis/build/icyphy/ptII/ptolemy/actor/lib/test/auto/ConstraintMonitor5.xml (RunModel)" time="0.016" />
  <testcase classname="ptolemy.util.test.junit.AutoTests" name="[99] /home/travis/build/icyphy/ptII/ptolemy/actor/lib/test/auto/ConstraintMonitor6.xml (RunModel)" time="0.019" />
  <testcase classname="ptolemy.util.test.junit.AutoTests" name="[100] /home/travis/build/icyphy/ptII/ptolemy/actor/lib/test/auto/ConstraintMonitor7.xml (RunModel)" time="0.016" />
  <testcase classname="ptolemy.util.test.junit.AutoTests" name="[101] /home/travis/build/icyphy/ptII/ptolemy/actor/lib/test/auto/ConstraintMonitor8.xml (RunModel)" time="0.018" />
  <testcase classname="ptolemy.util.test.junit.AutoTests" name="[102] /home/travis/build/icyphy/ptII/ptolemy/actor/lib/test/auto/Counter.xml (RunModel)" time="0.015" />
  <testcase classname="ptolemy.util.test.junit.AutoTests" name="[103] /home/travis/build/icyphy/ptII/ptolemy/actor/lib/test/auto/CurrentTimeSDF.xml (RunModel)" time="0.011" />
  <testcase classname="ptolemy.util.test.junit.AutoTests" name="[104] /home/travis/build/icyphy/ptII/ptolemy/actor/lib/test/auto/DB.xml (RunModel)" time="0.013" />
  <testcase classname="ptolemy.util.test.junit.AutoTests" name="[105] /home/travis/build/icyphy/ptII/ptolemy/actor/lib/test/auto/DBDE.xml (RunModel)" time="0.026" />
  <testcase classname="ptolemy.util.test.junit.AutoTests" name="[106] /home/travis/build/icyphy/ptII/ptolemy/actor/lib/test/auto/DateConstructor.xml (RunModel)" time="0.082" />
  <testcase classname="ptolemy.util.test.junit.AutoTests" name="[107] /home/travis/build/icyphy/ptII/ptolemy/actor/lib/test/auto/DelayTime.xml (RunModel)" time="0.017" />
  <testcase classname="ptolemy.util.test.junit.AutoTests" name="[108] /home/travis/build/icyphy/ptII/ptolemy/actor/lib/test/auto/Dictionary1.xml (RunModel)" time="0.021" />
  <testcase classname="ptolemy.util.test.junit.AutoTests" name="[109] /home/travis/build/icyphy/ptII/ptolemy/actor/lib/test/auto/Dictionary2.xml (RunModel)" time="0.018" />
  <testcase classname="ptolemy.util.test.junit.AutoTests" name="[110] /home/travis/build/icyphy/ptII/ptolemy/actor/lib/test/auto/Dictionary3.xml (RunModel)" time="0.015" />
  <testcase classname="ptolemy.util.test.junit.AutoTests" name="[111] /home/travis/build/icyphy/ptII/ptolemy/actor/lib/test/auto/Dictionary4.xml (RunModel)" time="0.017" />
  <testcase classname="ptolemy.util.test.junit.AutoTests" name="[112] /home/travis/build/icyphy/ptII/ptolemy/actor/lib/test/auto/Differential.xml (RunModel)" time="0.014" />
  <testcase classname="ptolemy.util.test.junit.AutoTests" name="[113] /home/travis/build/icyphy/ptII/ptolemy/actor/lib/test/auto/Director.xml (RunModel)" time="0.012" />
  <testcase classname="ptolemy.util.test.junit.AutoTests" name="[114] /home/travis/build/icyphy/ptII/ptolemy/actor/lib/test/auto/DiscreteClock.xml (RunModel)" time="0.007" />
  <testcase classname="ptolemy.util.test.junit.AutoTests" name="[115] /home/travis/build/icyphy/ptII/ptolemy/actor/lib/test/auto/DiscreteClock10.xml (RunModel)" time="0.022" />
  <testcase classname="ptolemy.util.test.junit.AutoTests" name="[116] /home/travis/build/icyphy/ptII/ptolemy/actor/lib/test/auto/DiscreteClock11.xml (RunModel)" time="0.013" />
  <testcase classname="ptolemy.util.test.junit.AutoTests" name="[117] /home/travis/build/icyphy/ptII/ptolemy/actor/lib/test/auto/DiscreteClock12.xml (RunModel)" time="0.014" />
  <testcase classname="ptolemy.util.test.junit.AutoTests" name="[118] /home/travis/build/icyphy/ptII/ptolemy/actor/lib/test/auto/DiscreteClock13.xml (RunModel)" time="0.015" />
  <testcase classname="ptolemy.util.test.junit.AutoTests" name="[119] /home/travis/build/icyphy/ptII/ptolemy/actor/lib/test/auto/DiscreteClock14.xml (RunModel)" time="0.014" />
  <testcase classname="ptolemy.util.test.junit.AutoTests" name="[120] /home/travis/build/icyphy/ptII/ptolemy/actor/lib/test/auto/DiscreteClock15.xml (RunModel)" time="0.015" />
  <testcase classname="ptolemy.util.test.junit.AutoTests" name="[121] /home/travis/build/icyphy/ptII/ptolemy/actor/lib/test/auto/DiscreteClock16.xml (RunModel)" time="0.045" />
  <testcase classname="ptolemy.util.test.junit.AutoTests" name="[122] /home/travis/build/icyphy/ptII/ptolemy/actor/lib/test/auto/DiscreteClock17.xml (RunModel)" time="0.039" />
  <testcase classname="ptolemy.util.test.junit.AutoTests" name="[123] /home/travis/build/icyphy/ptII/ptolemy/actor/lib/test/auto/DiscreteClock18.xml (RunModel)" time="0.046" />
  <testcase classname="ptolemy.util.test.junit.AutoTests" name="[124] /home/travis/build/icyphy/ptII/ptolemy/actor/lib/test/auto/DiscreteClock19.xml (RunModel)" time="0.054" />
  <testcase classname="ptolemy.util.test.junit.AutoTests" name="[125] /home/travis/build/icyphy/ptII/ptolemy/actor/lib/test/auto/DiscreteClock2.xml (RunModel)" time="0.015" />
  <testcase classname="ptolemy.util.test.junit.AutoTests" name="[126] /home/travis/build/icyphy/ptII/ptolemy/actor/lib/test/auto/DiscreteClock20.xml (RunModel)" time="0.022" />
  <testcase classname="ptolemy.util.test.junit.AutoTests" name="[127] /home/travis/build/icyphy/ptII/ptolemy/actor/lib/test/auto/DiscreteClock21.xml (RunModel)" time="0.018" />
  <testcase classname="ptolemy.util.test.junit.AutoTests" name="[128] /home/travis/build/icyphy/ptII/ptolemy/actor/lib/test/auto/DiscreteClock22.xml (RunModel)" time="0.016" />
  <testcase classname="ptolemy.util.test.junit.AutoTests" name="[129] /home/travis/build/icyphy/ptII/ptolemy/actor/lib/test/auto/DiscreteClock23.xml (RunModel)" time="0.02" />
  <testcase classname="ptolemy.util.test.junit.AutoTests" name="[130] /home/travis/build/icyphy/ptII/ptolemy/actor/lib/test/auto/DiscreteClock24.xml (RunModel)" time="0.013" />
  <testcase classname="ptolemy.util.test.junit.AutoTests" name="[131] /home/travis/build/icyphy/ptII/ptolemy/actor/lib/test/auto/DiscreteClock4.xml (RunModel)" time="0.012" />
  <testcase classname="ptolemy.util.test.junit.AutoTests" name="[132] /home/travis/build/icyphy/ptII/ptolemy/actor/lib/test/auto/DiscreteClock5.xml (RunModel)" time="0.009" />
  <testcase classname="ptolemy.util.test.junit.AutoTests" name="[133] /home/travis/build/icyphy/ptII/ptolemy/actor/lib/test/auto/DiscreteClock6.xml (RunModel)" time="0.01" />
  <testcase classname="ptolemy.util.test.junit.AutoTests" name="[134] /home/travis/build/icyphy/ptII/ptolemy/actor/lib/test/auto/DiscreteClock7.xml (RunModel)" time="0.011" />
  <testcase classname="ptolemy.util.test.junit.AutoTests" name="[135] /home/travis/build/icyphy/ptII/ptolemy/actor/lib/test/auto/DiscreteClock8.xml (RunModel)" time="0.019" />
  <testcase classname="ptolemy.util.test.junit.AutoTests" name="[136] /home/travis/build/icyphy/ptII/ptolemy/actor/lib/test/auto/DiscreteClock9.xml (RunModel)" time="0.013" />
  <testcase classname="ptolemy.util.test.junit.AutoTests" name="[137] /home/travis/build/icyphy/ptII/ptolemy/actor/lib/test/auto/DisplayArray.xml (RunModel)" time="0.009" />
  <testcase classname="ptolemy.util.test.junit.AutoTests" name="[138] /home/travis/build/icyphy/ptII/ptolemy/actor/lib/test/auto/Distributor.xml (RunModel)" time="0.009" />
  <testcase classname="ptolemy.util.test.junit.AutoTests" name="[139] /home/travis/build/icyphy/ptII/ptolemy/actor/lib/test/auto/Distributor2.xml (RunModel)" time="0.011" />
  <testcase classname="ptolemy.util.test.junit.AutoTests" name="[140] /home/travis/build/icyphy/ptII/ptolemy/actor/lib/test/auto/DownSample.xml (RunModel)" time="0.012" />
  <testcase classname="ptolemy.util.test.junit.AutoTests" name="[141] /home/travis/build/icyphy/ptII/ptolemy/actor/lib/test/auto/ElectronicUnitBase1.xml (RunModel)" time="0.087" />
  <testcase classname="ptolemy.util.test.junit.AutoTests" name="[142] /home/travis/build/icyphy/ptII/ptolemy/actor/lib/test/auto/ElementsToArray.xml (RunModel)" time="0.01" />
  <testcase classname="ptolemy.util.test.junit.AutoTests" name="[143] /home/travis/build/icyphy/ptII/ptolemy/actor/lib/test/auto/Equals.xml (RunModel)" time="0.013" />
  <testcase classname="ptolemy.util.test.junit.AutoTests" name="[144] /home/travis/build/icyphy/ptII/ptolemy/actor/lib/test/auto/Exec.xml (RunModel)" time="0.034" />
  <testcase classname="ptolemy.util.test.junit.AutoTests" name="[145] /home/travis/build/icyphy/ptII/ptolemy/actor/lib/test/auto/ExecEnvironment.xml (RunModel)" time="0.034" />
  <testcase classname="ptolemy.util.test.junit.AutoTests" name="[146] /home/travis/build/icyphy/ptII/ptolemy/actor/lib/test/auto/ExecNonZeroReturnOutput.xml (RunModel)" time="0.185" />
  <testcase classname="ptolemy.util.test.junit.AutoTests" name="[147] /home/travis/build/icyphy/ptII/ptolemy/actor/lib/test/auto/ExecRunDemos.xml (RunModel)" time="10.215" />
  <testcase classname="ptolemy.util.test.junit.AutoTests" name="[148] /home/travis/build/icyphy/ptII/ptolemy/actor/lib/test/auto/ExecStop.xml (RunModel)" time="5.026" />
  <testcase classname="ptolemy.util.test.junit.AutoTests" name="[149] /home/travis/build/icyphy/ptII/ptolemy/actor/lib/test/auto/ExecutionTimeSDF.xml (RunModel)" time="6.041" />
  <testcase classname="ptolemy.util.test.junit.AutoTests" name="[150] /home/travis/build/icyphy/ptII/ptolemy/actor/lib/test/auto/Expression1.xml (RunModel)" time="0.011" />
  <testcase classname="ptolemy.util.test.junit.AutoTests" name="[151] /home/travis/build/icyphy/ptII/ptolemy/actor/lib/test/auto/Expression10.xml (RunModel)" time="0.016" />
  <testcase classname="ptolemy.util.test.junit.AutoTests" name="[152] /home/travis/build/icyphy/ptII/ptolemy/actor/lib/test/auto/Expression11.xml (RunModel)" time="0.012" />
  <testcase classname="ptolemy.util.test.junit.AutoTests" name="[153] /home/travis/build/icyphy/ptII/ptolemy/actor/lib/test/auto/Expression12.xml (RunModel)" time="0.013" />
  <testcase classname="ptolemy.util.test.junit.AutoTests" name="[154] /home/travis/build/icyphy/ptII/ptolemy/actor/lib/test/auto/Expression13.xml (RunModel)" time="0.012" />
  <testcase classname="ptolemy.util.test.junit.AutoTests" name="[155] /home/travis/build/icyphy/ptII/ptolemy/actor/lib/test/auto/Expression14.xml (RunModel)" time="0.018" />
  <testcase classname="ptolemy.util.test.junit.AutoTests" name="[156] /home/travis/build/icyphy/ptII/ptolemy/actor/lib/test/auto/Expression15.xml (RunModel)" time="0.006" />
  <testcase classname="ptolemy.util.test.junit.AutoTests" name="[157] /home/travis/build/icyphy/ptII/ptolemy/actor/lib/test/auto/Expression16.xml (RunModel)" time="0.011" />
  <testcase classname="ptolemy.util.test.junit.AutoTests" name="[158] /home/travis/build/icyphy/ptII/ptolemy/actor/lib/test/auto/Expression17.xml (RunModel)" time="0.011" />
  <testcase classname="ptolemy.util.test.junit.AutoTests" name="[159] /home/travis/build/icyphy/ptII/ptolemy/actor/lib/test/auto/Expression18.xml (RunModel)" time="0.013" />
  <testcase classname="ptolemy.util.test.junit.AutoTests" name="[160] /home/travis/build/icyphy/ptII/ptolemy/actor/lib/test/auto/Expression2.xml (RunModel)" time="0.013" />
  <testcase classname="ptolemy.util.test.junit.AutoTests" name="[161] /home/travis/build/icyphy/ptII/ptolemy/actor/lib/test/auto/Expression3.xml (RunModel)" time="0.018" />
  <testcase classname="ptolemy.util.test.junit.AutoTests" name="[162] /home/travis/build/icyphy/ptII/ptolemy/actor/lib/test/auto/Expression4.xml (RunModel)" time="0.026" />
  <testcase classname="ptolemy.util.test.junit.AutoTests" name="[163] /home/travis/build/icyphy/ptII/ptolemy/actor/lib/test/auto/Expression5.xml (RunModel)" time="0.012" />
  <testcase classname="ptolemy.util.test.junit.AutoTests" name="[164] /home/travis/build/icyphy/ptII/ptolemy/actor/lib/test/auto/Expression6.xml (RunModel)" time="0.009" />
  <testcase classname="ptolemy.util.test.junit.AutoTests" name="[165] /home/travis/build/icyphy/ptII/ptolemy/actor/lib/test/auto/Expression7.xml (RunModel)" time="0.011" />
  <testcase classname="ptolemy.util.test.junit.AutoTests" name="[166] /home/travis/build/icyphy/ptII/ptolemy/actor/lib/test/auto/Expression8.xml (RunModel)" time="0.015" />
  <testcase classname="ptolemy.util.test.junit.AutoTests" name="[167] /home/travis/build/icyphy/ptII/ptolemy/actor/lib/test/auto/Expression9.xml (RunModel)" time="0.008" />
  <testcase classname="ptolemy.util.test.junit.AutoTests" name="[168] /home/travis/build/icyphy/ptII/ptolemy/actor/lib/test/auto/ExpressionConcatenateArrayType.xml (RunModel)" time="0.027" />
  <testcase classname="ptolemy.util.test.junit.AutoTests" name="[169] /home/travis/build/icyphy/ptII/ptolemy/actor/lib/test/auto/ExpressionConcatenateArrayType2.xml (RunModel)" time="0.024" />
  <testcase classname="ptolemy.util.test.junit.AutoTests" name="[170] /home/travis/build/icyphy/ptII/ptolemy/actor/lib/test/auto/ExpressionFix.xml (RunModel)" time="0.049" />
  <testcase classname="ptolemy.util.test.junit.AutoTests" name="[171] /home/travis/build/icyphy/ptII/ptolemy/actor/lib/test/auto/ExpressionFix2.xml (RunModel)" time="0.009" />
  <testcase classname="ptolemy.util.test.junit.AutoTests" name="[172] /home/travis/build/icyphy/ptII/ptolemy/actor/lib/test/auto/ExpressionFix3.xml (RunModel)" time="0.012" />
  <testcase classname="ptolemy.util.test.junit.AutoTests" name="[173] /home/travis/build/icyphy/ptII/ptolemy/actor/lib/test/auto/FileWriter1.xml (RunModel)" time="0.012" />
  <testcase classname="ptolemy.util.test.junit.AutoTests" name="[174] /home/travis/build/icyphy/ptII/ptolemy/actor/lib/test/auto/FileWriter2.xml (RunModel)" time="0.01" />
  <testcase classname="ptolemy.util.test.junit.AutoTests" name="[175] /home/travis/build/icyphy/ptII/ptolemy/actor/lib/test/auto/FileWriter3.xml (RunModel)" time="0.011" />
  <testcase classname="ptolemy.util.test.junit.AutoTests" name="[176] /home/travis/build/icyphy/ptII/ptolemy/actor/lib/test/auto/Gaussian.xml (RunModel)" time="0.014" />
  <testcase classname="ptolemy.util.test.junit.AutoTests" name="[177] /home/travis/build/icyphy/ptII/ptolemy/actor/lib/test/auto/Gaussian1.xml (RunModel)" time="0.012" />
  <testcase classname="ptolemy.util.test.junit.AutoTests" name="[178] /home/travis/build/icyphy/ptII/ptolemy/actor/lib/test/auto/Gaussian2.xml (RunModel)" time="0.022" />
  <testcase classname="ptolemy.util.test.junit.AutoTests" name="[179] /home/travis/build/icyphy/ptII/ptolemy/actor/lib/test/auto/GradientAdaptiveLattice.xml (RunModel)" time="0.018" />
  <testcase classname="ptolemy.util.test.junit.AutoTests" name="[180] /home/travis/build/icyphy/ptII/ptolemy/actor/lib/test/auto/IIR.xml (RunModel)" time="0.01" />
  <testcase classname="ptolemy.util.test.junit.AutoTests" name="[181] /home/travis/build/icyphy/ptII/ptolemy/actor/lib/test/auto/InputOutputTransparentPorts.xml (RunModel)" time="0.02" />
  <testcase classname="ptolemy.util.test.junit.AutoTests" name="[182] /home/travis/build/icyphy/ptII/ptolemy/actor/lib/test/auto/Interpolator.xml (RunModel)" time="0.012" />
  <testcase classname="ptolemy.util.test.junit.AutoTests" name="[183] /home/travis/build/icyphy/ptII/ptolemy/actor/lib/test/auto/InterpolatorFiringLimitDE.xml (RunModel)" time="0.014" />
  <testcase classname="ptolemy.util.test.junit.AutoTests" name="[184] /home/travis/build/icyphy/ptII/ptolemy/actor/lib/test/auto/Lattice.xml (RunModel)" time="0.009" />
  <testcase classname="ptolemy.util.test.junit.AutoTests" name="[185] /home/travis/build/icyphy/ptII/ptolemy/actor/lib/test/auto/LazyAOCTestLazy.xml (RunModel)" time="0.044" />
  <testcase classname="ptolemy.util.test.junit.AutoTests" name="[186] /home/travis/build/icyphy/ptII/ptolemy/actor/lib/test/auto/LazyAOCTestNonLazy.xml (RunModel)" time="0.052" />
  <testcase classname="ptolemy.util.test.junit.AutoTests" name="[187] /home/travis/build/icyphy/ptII/ptolemy/actor/lib/test/auto/LazyInnerClass.xml (RunModel)" time="0.051" />
  <testcase classname="ptolemy.util.test.junit.AutoTests" name="[188] /home/travis/build/icyphy/ptII/ptolemy/actor/lib/test/auto/LazyPubSub.xml (RunModel)" time="0.043" />
  <testcase classname="ptolemy.util.test.junit.AutoTests" name="[189] /home/travis/build/icyphy/ptII/ptolemy/actor/lib/test/auto/LazyPubSub2.xml (RunModel)" time="0.023" />
  <testcase classname="ptolemy.util.test.junit.AutoTests" name="[190] /home/travis/build/icyphy/ptII/ptolemy/actor/lib/test/auto/LazyPubSub3.xml (RunModel)" time="0.024" />
  <testcase classname="ptolemy.util.test.junit.AutoTests" name="[191] /home/travis/build/icyphy/ptII/ptolemy/actor/lib/test/auto/LazySubClassModel.xml (RunModel)" time="0.028" />
  <testcase classname="ptolemy.util.test.junit.AutoTests" name="[192] /home/travis/build/icyphy/ptII/ptolemy/actor/lib/test/auto/LevelCrossTest1.xml (RunModel)" time="0.018" />
  <testcase classname="ptolemy.util.test.junit.AutoTests" name="[193] /home/travis/build/icyphy/ptII/ptolemy/actor/lib/test/auto/LevelCrossTest10.xml (RunModel)" time="0.018" />
  <testcase classname="ptolemy.util.test.junit.AutoTests" name="[194] /home/travis/build/icyphy/ptII/ptolemy/actor/lib/test/auto/LevelCrossTest11.xml (RunModel)" time="0.016" />
  <testcase classname="ptolemy.util.test.junit.AutoTests" name="[195] /home/travis/build/icyphy/ptII/ptolemy/actor/lib/test/auto/LevelCrossTest12.xml (RunModel)" time="0.012" />
  <testcase classname="ptolemy.util.test.junit.AutoTests" name="[196] /home/travis/build/icyphy/ptII/ptolemy/actor/lib/test/auto/LevelCrossTest13.xml (RunModel)" time="0.012" />
  <testcase classname="ptolemy.util.test.junit.AutoTests" name="[197] /home/travis/build/icyphy/ptII/ptolemy/actor/lib/test/auto/LevelCrossTest2.xml (RunModel)" time="0.013" />
  <testcase classname="ptolemy.util.test.junit.AutoTests" name="[198] /home/travis/build/icyphy/ptII/ptolemy/actor/lib/test/auto/LevelCrossTest3.xml (RunModel)" time="0.014" />
  <testcase classname="ptolemy.util.test.junit.AutoTests" name="[199] /home/travis/build/icyphy/ptII/ptolemy/actor/lib/test/auto/LevelCrossTest4.xml (RunModel)" time="0.012" />
  <testcase classname="ptolemy.util.test.junit.AutoTests" name="[200] /home/travis/build/icyphy/ptII/ptolemy/actor/lib/test/auto/LevelCrossTest5.xml (RunModel)" time="0.013" />
  <testcase classname="ptolemy.util.test.junit.AutoTests" name="[201] /home/travis/build/icyphy/ptII/ptolemy/actor/lib/test/auto/LevelCrossTest6.xml (RunModel)" time="0.012" />
  <testcase classname="ptolemy.util.test.junit.AutoTests" name="[202] /home/travis/build/icyphy/ptII/ptolemy/actor/lib/test/auto/LevelCrossTest7.xml (RunModel)" time="0.018" />
  <testcase classname="ptolemy.util.test.junit.AutoTests" name="[203] /home/travis/build/icyphy/ptII/ptolemy/actor/lib/test/auto/LevelCrossTest8.xml (RunModel)" time="0.013" />
  <testcase classname="ptolemy.util.test.junit.AutoTests" name="[204] /home/travis/build/icyphy/ptII/ptolemy/actor/lib/test/auto/LevelCrossTest9.xml (RunModel)" time="0.016" />
  <testcase classname="ptolemy.util.test.junit.AutoTests" name="[205] /home/travis/build/icyphy/ptII/ptolemy/actor/lib/test/auto/LevinsonDurbin.xml (RunModel)" time="0.018" />
  <testcase classname="ptolemy.util.test.junit.AutoTests" name="[206] /home/travis/build/icyphy/ptII/ptolemy/actor/lib/test/auto/LevinsonDurbin2.xml (RunModel)" time="0.016" />
  <testcase classname="ptolemy.util.test.junit.AutoTests" name="[207] /home/travis/build/icyphy/ptII/ptolemy/actor/lib/test/auto/LevinsonDurbin3.xml (RunModel)" time="0.009" />
  <testcase classname="ptolemy.util.test.junit.AutoTests" name="[208] /home/travis/build/icyphy/ptII/ptolemy/actor/lib/test/auto/Limiter.xml (RunModel)" time="0.038" />
  <testcase classname="ptolemy.util.test.junit.AutoTests" name="[209] /home/travis/build/icyphy/ptII/ptolemy/actor/lib/test/auto/LinearDifferenceEquationSystem.xml (RunModel)" time="0.02" />
  <testcase classname="ptolemy.util.test.junit.AutoTests" name="[210] /home/travis/build/icyphy/ptII/ptolemy/actor/lib/test/auto/LookupTable.xml (RunModel)" time="0.012" />
  <testcase classname="ptolemy.util.test.junit.AutoTests" name="[211] /home/travis/build/icyphy/ptII/ptolemy/actor/lib/test/auto/MathFunction.xml (RunModel)" time="0.018" />
  <testcase classname="ptolemy.util.test.junit.AutoTests" name="[212] /home/travis/build/icyphy/ptII/ptolemy/actor/lib/test/auto/MathFunction2.xml (RunModel)" time="0.013" />
  <testcase classname="ptolemy.util.test.junit.AutoTests" name="[213] /home/travis/build/icyphy/ptII/ptolemy/actor/lib/test/auto/MathFunction3.xml (RunModel)" time="0.018" />
  <testcase classname="ptolemy.util.test.junit.AutoTests" name="[214] /home/travis/build/icyphy/ptII/ptolemy/actor/lib/test/auto/MatrixCropBoolean.xml (RunModel)" time="0.016" />
  <testcase classname="ptolemy.util.test.junit.AutoTests" name="[215] /home/travis/build/icyphy/ptII/ptolemy/actor/lib/test/auto/MatrixCropComplex.xml (RunModel)" time="0.009" />
  <testcase classname="ptolemy.util.test.junit.AutoTests" name="[216] /home/travis/build/icyphy/ptII/ptolemy/actor/lib/test/auto/MatrixCropDouble.xml (RunModel)" time="0.01" />
  <testcase classname="ptolemy.util.test.junit.AutoTests" name="[217] /home/travis/build/icyphy/ptII/ptolemy/actor/lib/test/auto/MatrixCropFix.xml (RunModel)" time="0.016" />
  <testcase classname="ptolemy.util.test.junit.AutoTests" name="[218] /home/travis/build/icyphy/ptII/ptolemy/actor/lib/test/auto/MatrixCropInt.xml (RunModel)" time="0.011" />
  <testcase classname="ptolemy.util.test.junit.AutoTests" name="[219] /home/travis/build/icyphy/ptII/ptolemy/actor/lib/test/auto/MatrixCropLong.xml (RunModel)" time="0.009" />
  <testcase classname="ptolemy.util.test.junit.AutoTests" name="[220] /home/travis/build/icyphy/ptII/ptolemy/actor/lib/test/auto/MatrixToArray.xml (RunModel)" time="0.059" />
  <testcase classname="ptolemy.util.test.junit.AutoTests" name="[221] /home/travis/build/icyphy/ptII/ptolemy/actor/lib/test/auto/MaxIndex.xml (RunModel)" time="0.03" />
  <testcase classname="ptolemy.util.test.junit.AutoTests" name="[222] /home/travis/build/icyphy/ptII/ptolemy/actor/lib/test/auto/Maximum.xml (RunModel)" time="0.014" />
  <testcase classname="ptolemy.util.test.junit.AutoTests" name="[223] /home/travis/build/icyphy/ptII/ptolemy/actor/lib/test/auto/MaximumComplex.xml (RunModel)" time="0.014" />
  <testcase classname="ptolemy.util.test.junit.AutoTests" name="[224] /home/travis/build/icyphy/ptII/ptolemy/actor/lib/test/auto/MethodCallTest.xml (RunModel)" time="0.026" />
  <testcase classname="ptolemy.util.test.junit.AutoTests" name="[225] /home/travis/build/icyphy/ptII/ptolemy/actor/lib/test/auto/Minimum.xml (RunModel)" time="0.014" />
  <testcase classname="ptolemy.util.test.junit.AutoTests" name="[226] /home/travis/build/icyphy/ptII/ptolemy/actor/lib/test/auto/MinimumComplex.xml (RunModel)" time="0.024" />
  <testcase classname="ptolemy.util.test.junit.AutoTests" name="[227] /home/travis/build/icyphy/ptII/ptolemy/actor/lib/test/auto/MinimumMultiports.xml (RunModel)" time="0.018" />
  <testcase classname="ptolemy.util.test.junit.AutoTests" name="[228] /home/travis/build/icyphy/ptII/ptolemy/actor/lib/test/auto/ModifyDate.xml (RunModel)" time="0.047" />
  <testcase classname="ptolemy.util.test.junit.AutoTests" name="[229] /home/travis/build/icyphy/ptII/ptolemy/actor/lib/test/auto/ModifyDate2.xml (RunModel)" time="0.03" />
  <testcase classname="ptolemy.util.test.junit.AutoTests" name="[230] /home/travis/build/icyphy/ptII/ptolemy/actor/lib/test/auto/MovingAverage.xml (RunModel)" time="0.02" />
  <testcase classname="ptolemy.util.test.junit.AutoTests" name="[231] /home/travis/build/icyphy/ptII/ptolemy/actor/lib/test/auto/MovingMaximum.xml (RunModel)" time="0.014" />
  <testcase classname="ptolemy.util.test.junit.AutoTests" name="[232] /home/travis/build/icyphy/ptII/ptolemy/actor/lib/test/auto/MultipleLinksToSameRelation.xml (RunModel)" time="0.008" />
  <testcase classname="ptolemy.util.test.junit.AutoTests" name="[233] /home/travis/build/icyphy/ptII/ptolemy/actor/lib/test/auto/MultipleLinksToSameRelationDE.xml (RunModel)" time="0.01" />
  <testcase classname="ptolemy.util.test.junit.AutoTests" name="[234] /home/travis/build/icyphy/ptII/ptolemy/actor/lib/test/auto/Multiplexor.xml (RunModel)" time="0.011" />
  <testcase classname="ptolemy.util.test.junit.AutoTests" name="[235] /home/travis/build/icyphy/ptII/ptolemy/actor/lib/test/auto/Multiplexor1.xml (RunModel)" time="0.01" />
  <testcase classname="ptolemy.util.test.junit.AutoTests" name="[236] /home/travis/build/icyphy/ptII/ptolemy/actor/lib/test/auto/Multiplexor2.xml (RunModel)" time="0.012" />
  <testcase classname="ptolemy.util.test.junit.AutoTests" name="[237] /home/travis/build/icyphy/ptII/ptolemy/actor/lib/test/auto/Multiplexor3.xml (RunModel)" time="0.009" />
  <testcase classname="ptolemy.util.test.junit.AutoTests" name="[238] /home/travis/build/icyphy/ptII/ptolemy/actor/lib/test/auto/MultiplexorDE.xml (RunModel)" time="0.017" />
  <testcase classname="ptolemy.util.test.junit.AutoTests" name="[239] /home/travis/build/icyphy/ptII/ptolemy/actor/lib/test/auto/MultiportBroadcastTest.xml (RunModel)" time="0.1" />
  <testcase classname="ptolemy.util.test.junit.AutoTests" name="[240] /home/travis/build/icyphy/ptII/ptolemy/actor/lib/test/auto/MultiportOutHangDuringGetWidth.xml (RunModel)" time="0.026" />
  <testcase classname="ptolemy.util.test.junit.AutoTests" name="[241] /home/travis/build/icyphy/ptII/ptolemy/actor/lib/test/auto/NilToken.xml (RunModel)" time="0.007" />
  <testcase classname="ptolemy.util.test.junit.AutoTests" name="[242] /home/travis/build/icyphy/ptII/ptolemy/actor/lib/test/auto/NilTokenNonStrictTest.xml (RunModel)" time="0.009" />
  <testcase classname="ptolemy.util.test.junit.AutoTests" name="[243] /home/travis/build/icyphy/ptII/ptolemy/actor/lib/test/auto/NilTokenRecord.xml (RunModel)" time="0.025" />
  <testcase classname="ptolemy.util.test.junit.AutoTests" name="[244] /home/travis/build/icyphy/ptII/ptolemy/actor/lib/test/auto/NilTokenTypeTest.xml (RunModel)" time="0.037" />
  <testcase classname="ptolemy.util.test.junit.AutoTests" name="[245] /home/travis/build/icyphy/ptII/ptolemy/actor/lib/test/auto/ObjectToken1.xml (RunModel)" time="0.007" />
  <testcase classname="ptolemy.util.test.junit.AutoTests" name="[246] /home/travis/build/icyphy/ptII/ptolemy/actor/lib/test/auto/OrderedMerge.xml (RunModel)" time="0.015" />
  <testcase classname="ptolemy.util.test.junit.AutoTests" name="[247] /home/travis/build/icyphy/ptII/ptolemy/actor/lib/test/auto/OrderedRecordDisassembler.xml (RunModel)" time="0.014" />
  <testcase classname="ptolemy.util.test.junit.AutoTests" name="[248] /home/travis/build/icyphy/ptII/ptolemy/actor/lib/test/auto/OrderedRecordDisassembler2.xml (RunModel)" time="0.019" />
  <testcase classname="ptolemy.util.test.junit.AutoTests" name="[249] /home/travis/build/icyphy/ptII/ptolemy/actor/lib/test/auto/OrderedRecordUpdater.xml (RunModel)" time="0.011" />
  <testcase classname="ptolemy.util.test.junit.AutoTests" name="[250] /home/travis/build/icyphy/ptII/ptolemy/actor/lib/test/auto/OrderedRecordUpdater2.xml (RunModel)" time="0.016" />
  <testcase classname="ptolemy.util.test.junit.AutoTests" name="[251] /home/travis/build/icyphy/ptII/ptolemy/actor/lib/test/auto/PhaseUnwrap.xml (RunModel)" time="0.011" />
  <testcase classname="ptolemy.util.test.junit.AutoTests" name="[252] /home/travis/build/icyphy/ptII/ptolemy/actor/lib/test/auto/PoissonClock.xml (RunModel)" time="0.01" />
  <testcase classname="ptolemy.util.test.junit.AutoTests" name="[253] /home/travis/build/icyphy/ptII/ptolemy/actor/lib/test/auto/PoissonClock2.xml (RunModel)" time="0.008" />
  <testcase classname="ptolemy.util.test.junit.AutoTests" name="[254] /home/travis/build/icyphy/ptII/ptolemy/actor/lib/test/auto/PoissonClock3.xml (RunModel)" time="0.023" />
  <testcase classname="ptolemy.util.test.junit.AutoTests" name="[255] /home/travis/build/icyphy/ptII/ptolemy/actor/lib/test/auto/PubSubWithInitialTokens.xml (RunModel)" time="0.014" />
  <testcase classname="ptolemy.util.test.junit.AutoTests" name="[256] /home/travis/build/icyphy/ptII/ptolemy/actor/lib/test/auto/PubSubWithInitialTokens2.xml (RunModel)" time="0.009" />
  <testcase classname="ptolemy.util.test.junit.AutoTests" name="[257] /home/travis/build/icyphy/ptII/ptolemy/actor/lib/test/auto/PublisherClassNoParameter.xml (RunModel)" time="0.021" />
  <testcase classname="ptolemy.util.test.junit.AutoTests" name="[258] /home/travis/build/icyphy/ptII/ptolemy/actor/lib/test/auto/PublisherClassParameter.xml (RunModel)" time="0.02" />
  <testcase classname="ptolemy.util.test.junit.AutoTests" name="[259] /home/travis/build/icyphy/ptII/ptolemy/actor/lib/test/auto/PublisherNonStrictTest.xml (RunModel)" time="0.014" />
  <testcase classname="ptolemy.util.test.junit.AutoTests" name="[260] /home/travis/build/icyphy/ptII/ptolemy/actor/lib/test/auto/PublisherPort1.xml (RunModel)" time="0.01" />
  <testcase classname="ptolemy.util.test.junit.AutoTests" name="[261] /home/travis/build/icyphy/ptII/ptolemy/actor/lib/test/auto/PublisherPort2.xml (RunModel)" time="0.017" />
  <testcase classname="ptolemy.util.test.junit.AutoTests" name="[262] /home/travis/build/icyphy/ptII/ptolemy/actor/lib/test/auto/PublisherPort3.xml (RunModel)" time="0.013" />
  <testcase classname="ptolemy.util.test.junit.AutoTests" name="[263] /home/travis/build/icyphy/ptII/ptolemy/actor/lib/test/auto/PublisherPort4.xml (RunModel)" time="0.012" />
  <testcase classname="ptolemy.util.test.junit.AutoTests" name="[264] /home/travis/build/icyphy/ptII/ptolemy/actor/lib/test/auto/PublisherPort5.xml (RunModel)" time="0.014" />
  <testcase classname="ptolemy.util.test.junit.AutoTests" name="[265] /home/travis/build/icyphy/ptII/ptolemy/actor/lib/test/auto/PublisherPort5LookAlike.xml (RunModel)" time="0.018" />
  <testcase classname="ptolemy.util.test.junit.AutoTests" name="[266] /home/travis/build/icyphy/ptII/ptolemy/actor/lib/test/auto/PublisherPort6.xml (RunModel)" time="0.017" />
  <testcase classname="ptolemy.util.test.junit.AutoTests" name="[267] /home/travis/build/icyphy/ptII/ptolemy/actor/lib/test/auto/PublisherPort7.xml (RunModel)" time="0.017" />
  <testcase classname="ptolemy.util.test.junit.AutoTests" name="[268] /home/travis/build/icyphy/ptII/ptolemy/actor/lib/test/auto/PublisherPort8.xml (RunModel)" time="0.028" />
  <testcase classname="ptolemy.util.test.junit.AutoTests" name="[269] /home/travis/build/icyphy/ptII/ptolemy/actor/lib/test/auto/PublisherPortSubscriberChannelVariablesAOC2.xml (RunModel)" time="0.036" />
  <testcase classname="ptolemy.util.test.junit.AutoTests" name="[270] /home/travis/build/icyphy/ptII/ptolemy/actor/lib/test/auto/PublisherPortSubscriberOpaqueWidthInference.xml (RunModel)" time="0.015" />
  <testcase classname="ptolemy.util.test.junit.AutoTests" name="[271] /home/travis/build/icyphy/ptII/ptolemy/actor/lib/test/auto/PublisherPortSubscriberPortAdjacent.xml (RunModel)" time="0.019" />
  <testcase classname="ptolemy.util.test.junit.AutoTests" name="[272] /home/travis/build/icyphy/ptII/ptolemy/actor/lib/test/auto/PublisherPortSubscriberPortExpression.xml (RunModel)" time="0.029" />
  <testcase classname="ptolemy.util.test.junit.AutoTests" name="[273] /home/travis/build/icyphy/ptII/ptolemy/actor/lib/test/auto/PublisherPortSubscriberPortOpaqueD3Reverse.xml (RunModel)" time="0.018" />
  <testcase classname="ptolemy.util.test.junit.AutoTests" name="[274] /home/travis/build/icyphy/ptII/ptolemy/actor/lib/test/auto/PublisherPortSubscriberPortOpaqueWidthInference.xml (RunModel)" time="0.015" />
  <testcase classname="ptolemy.util.test.junit.AutoTests" name="[275] /home/travis/build/icyphy/ptII/ptolemy/actor/lib/test/auto/PublisherPortToplevelSubscriberPortAOC.xml (RunModel)" time="0.011" />
  <testcase classname="ptolemy.util.test.junit.AutoTests" name="[276] /home/travis/build/icyphy/ptII/ptolemy/actor/lib/test/auto/PublisherSubscriber.xml (RunModel)" time="0.02" />
  <testcase classname="ptolemy.util.test.junit.AutoTests" name="[277] /home/travis/build/icyphy/ptII/ptolemy/actor/lib/test/auto/PublisherSubscriber10.xml (RunModel)" time="0.025" />
  <testcase classname="ptolemy.util.test.junit.AutoTests" name="[278] /home/travis/build/icyphy/ptII/ptolemy/actor/lib/test/auto/PublisherSubscriber10InitialOutputs.xml (RunModel)" time="0.03" />
  <testcase classname="ptolemy.util.test.junit.AutoTests" name="[279] /home/travis/build/icyphy/ptII/ptolemy/actor/lib/test/auto/PublisherSubscriber11.xml (RunModel)" time="0.021" />
  <testcase classname="ptolemy.util.test.junit.AutoTests" name="[280] /home/travis/build/icyphy/ptII/ptolemy/actor/lib/test/auto/PublisherSubscriber12.xml (RunModel)" time="0.019" />
  <testcase classname="ptolemy.util.test.junit.AutoTests" name="[281] /home/travis/build/icyphy/ptII/ptolemy/actor/lib/test/auto/PublisherSubscriber13.xml (RunModel)" time="0.011" />
  <testcase classname="ptolemy.util.test.junit.AutoTests" name="[282] /home/travis/build/icyphy/ptII/ptolemy/actor/lib/test/auto/PublisherSubscriber14.xml (RunModel)" time="0.018" />
  <testcase classname="ptolemy.util.test.junit.AutoTests" name="[283] /home/travis/build/icyphy/ptII/ptolemy/actor/lib/test/auto/PublisherSubscriber2.xml (RunModel)" time="0.009" />
  <testcase classname="ptolemy.util.test.junit.AutoTests" name="[284] /home/travis/build/icyphy/ptII/ptolemy/actor/lib/test/auto/PublisherSubscriber3.xml (RunModel)" time="0.009" />
  <testcase classname="ptolemy.util.test.junit.AutoTests" name="[285] /home/travis/build/icyphy/ptII/ptolemy/actor/lib/test/auto/PublisherSubscriber4.xml (RunModel)" time="0.008" />
  <testcase classname="ptolemy.util.test.junit.AutoTests" name="[286] /home/travis/build/icyphy/ptII/ptolemy/actor/lib/test/auto/PublisherSubscriber5.xml (RunModel)" time="0.012" />
  <testcase classname="ptolemy.util.test.junit.AutoTests" name="[287] /home/travis/build/icyphy/ptII/ptolemy/actor/lib/test/auto/PublisherSubscriber6.xml (RunModel)" time="0.014" />
  <testcase classname="ptolemy.util.test.junit.AutoTests" name="[288] /home/travis/build/icyphy/ptII/ptolemy/actor/lib/test/auto/PublisherSubscriber7.xml (RunModel)" time="0.017" />
  <testcase classname="ptolemy.util.test.junit.AutoTests" name="[289] /home/travis/build/icyphy/ptII/ptolemy/actor/lib/test/auto/PublisherSubscriber8.xml (RunModel)" time="0.031" />
  <testcase classname="ptolemy.util.test.junit.AutoTests" name="[290] /home/travis/build/icyphy/ptII/ptolemy/actor/lib/test/auto/PublisherSubscriber9.xml (RunModel)" time="0.016" />
  <testcase classname="ptolemy.util.test.junit.AutoTests" name="[291] /home/travis/build/icyphy/ptII/ptolemy/actor/lib/test/auto/PublisherSubscriberAdjacent.xml (RunModel)" time="0.016" />
  <testcase classname="ptolemy.util.test.junit.AutoTests" name="[292] /home/travis/build/icyphy/ptII/ptolemy/actor/lib/test/auto/PublisherSubscriberChannelVariablesAOC2.xml (RunModel)" time="0.026" />
  <testcase classname="ptolemy.util.test.junit.AutoTests" name="[293] /home/travis/build/icyphy/ptII/ptolemy/actor/lib/test/auto/PublisherSubscriberD3.xml (RunModel)" time="0.013" />
  <testcase classname="ptolemy.util.test.junit.AutoTests" name="[294] /home/travis/build/icyphy/ptII/ptolemy/actor/lib/test/auto/PublisherSubscriberD3Reverse.xml (RunModel)" time="0.012" />
  <testcase classname="ptolemy.util.test.junit.AutoTests" name="[295] /home/travis/build/icyphy/ptII/ptolemy/actor/lib/test/auto/PublisherSubscriberExpression.xml (RunModel)" time="0.017" />
  <testcase classname="ptolemy.util.test.junit.AutoTests" name="[296] /home/travis/build/icyphy/ptII/ptolemy/actor/lib/test/auto/PublisherSubscriberOpaque.xml (RunModel)" time="0.029" />
  <testcase classname="ptolemy.util.test.junit.AutoTests" name="[297] /home/travis/build/icyphy/ptII/ptolemy/actor/lib/test/auto/PublisherSubscriberOpaqueD3.xml (RunModel)" time="0.021" />
  <testcase classname="ptolemy.util.test.junit.AutoTests" name="[298] /home/travis/build/icyphy/ptII/ptolemy/actor/lib/test/auto/PublisherSubscriberOpaqueD3Reverse.xml (RunModel)" time="0.021" />
  <testcase classname="ptolemy.util.test.junit.AutoTests" name="[299] /home/travis/build/icyphy/ptII/ptolemy/actor/lib/test/auto/PublisherSubscriberOpaqueWidthInference.xml (RunModel)" time="0.016" />
  <testcase classname="ptolemy.util.test.junit.AutoTests" name="[300] /home/travis/build/icyphy/ptII/ptolemy/actor/lib/test/auto/PublisherTestSubscriber.xml (RunModel)" time="0.02" />
  <testcase classname="ptolemy.util.test.junit.AutoTests" name="[301] /home/travis/build/icyphy/ptII/ptolemy/actor/lib/test/auto/PublisherToplevelSubscriberPortAOC.xml (RunModel)" time="0.01" />
  <testcase classname="ptolemy.util.test.junit.AutoTests" name="[302] /home/travis/build/icyphy/ptII/ptolemy/actor/lib/test/auto/PulseFiringLimitDE.xml (RunModel)" time="0.013" />
  <testcase classname="ptolemy.util.test.junit.AutoTests" name="[303] /home/travis/build/icyphy/ptII/ptolemy/actor/lib/test/auto/Ramp1.xml (RunModel)" time="0.006" />
  <testcase classname="ptolemy.util.test.junit.AutoTests" name="[304] /home/travis/build/icyphy/ptII/ptolemy/actor/lib/test/auto/RampFiringLimitDE.xml (RunModel)" time="0.01" />
  <testcase classname="ptolemy.util.test.junit.AutoTests" name="[305] /home/travis/build/icyphy/ptII/ptolemy/actor/lib/test/auto/RampFiringLimitSDF.xml (RunModel)" time="0.01" />
  <testcase classname="ptolemy.util.test.junit.AutoTests" name="[306] /home/travis/build/icyphy/ptII/ptolemy/actor/lib/test/auto/RandomInteger.xml (RunModel)" time="0.009" />
  <testcase classname="ptolemy.util.test.junit.AutoTests" name="[307] /home/travis/build/icyphy/ptII/ptolemy/actor/lib/test/auto/ReadFile1.xml (RunModel)" time="0.025" />
  <testcase classname="ptolemy.util.test.junit.AutoTests" name="[308] /home/travis/build/icyphy/ptII/ptolemy/actor/lib/test/auto/ReadFile2.xml (RunModel)" time="0.014" />
  <testcase classname="ptolemy.util.test.junit.AutoTests" name="[309] /home/travis/build/icyphy/ptII/ptolemy/actor/lib/test/auto/Reader.xml (RunModel)" time="0.011" />
  <testcase classname="ptolemy.util.test.junit.AutoTests" name="[310] /home/travis/build/icyphy/ptII/ptolemy/actor/lib/test/auto/RecordAssemblerDisplayNameTest.xml (RunModel)" time="3.628" />
  <testcase classname="ptolemy.util.test.junit.AutoTests" name="[311] /home/travis/build/icyphy/ptII/ptolemy/actor/lib/test/auto/RecordAssemblerTypeError.xml (RunModel)" time="0.038" />
  <testcase classname="ptolemy.util.test.junit.AutoTests" name="[312] /home/travis/build/icyphy/ptII/ptolemy/actor/lib/test/auto/RecordDisassember.xml (RunModel)" time="0.017" />
  <testcase classname="ptolemy.util.test.junit.AutoTests" name="[313] /home/travis/build/icyphy/ptII/ptolemy/actor/lib/test/auto/RecordDisassemberDisplayNameTest.xml (RunModel)" time="0.02" />
  <testcase classname="ptolemy.util.test.junit.AutoTests" name="[314] /home/travis/build/icyphy/ptII/ptolemy/actor/lib/test/auto/RecordDisassembler.xml (RunModel)" time="0.011" />
  <testcase classname="ptolemy.util.test.junit.AutoTests" name="[315] /home/travis/build/icyphy/ptII/ptolemy/actor/lib/test/auto/RecordDisassembler2.xml (RunModel)" time="0.009" />
  <testcase classname="ptolemy.util.test.junit.AutoTests" name="[316] /home/travis/build/icyphy/ptII/ptolemy/actor/lib/test/auto/RecordUpdater.xml (RunModel)" time="0.008" />
  <testcase classname="ptolemy.util.test.junit.AutoTests" name="[317] /home/travis/build/icyphy/ptII/ptolemy/actor/lib/test/auto/RecordUpdater2.xml (RunModel)" time="0.008" />
  <testcase classname="ptolemy.util.test.junit.AutoTests" name="[318] /home/travis/build/icyphy/ptII/ptolemy/actor/lib/test/auto/RecursiveLattice.xml (RunModel)" time="0.008" />
  <testcase classname="ptolemy.util.test.junit.AutoTests" name="[319] /home/travis/build/icyphy/ptII/ptolemy/actor/lib/test/auto/Router.xml (RunModel)" time="3.022" />
  <testcase classname="ptolemy.util.test.junit.AutoTests" name="[320] /home/travis/build/icyphy/ptII/ptolemy/actor/lib/test/auto/Router2.xml (RunModel)" time="3.042" />
  <testcase classname="ptolemy.util.test.junit.AutoTests" name="[321] /home/travis/build/icyphy/ptII/ptolemy/actor/lib/test/auto/RunningMaximum.xml (RunModel)" time="0.018" />
  <testcase classname="ptolemy.util.test.junit.AutoTests" name="[322] /home/travis/build/icyphy/ptII/ptolemy/actor/lib/test/auto/RunningMinimum.xml (RunModel)" time="0.023" />
  <testcase classname="ptolemy.util.test.junit.AutoTests" name="[323] /home/travis/build/icyphy/ptII/ptolemy/actor/lib/test/auto/Scale.xml (RunModel)" time="0.007" />
  <testcase classname="ptolemy.util.test.junit.AutoTests" name="[324] /home/travis/build/icyphy/ptII/ptolemy/actor/lib/test/auto/Scale2.xml (RunModel)" time="0.019" />
  <testcase classname="ptolemy.util.test.junit.AutoTests" name="[325] /home/travis/build/icyphy/ptII/ptolemy/actor/lib/test/auto/Scale3.xml (RunModel)" time="0.019" />
  <testcase classname="ptolemy.util.test.junit.AutoTests" name="[326] /home/travis/build/icyphy/ptII/ptolemy/actor/lib/test/auto/ScaleArray.xml (RunModel)" time="0.009" />
  <testcase classname="ptolemy.util.test.junit.AutoTests" name="[327] /home/travis/build/icyphy/ptII/ptolemy/actor/lib/test/auto/ScaleArray2.xml (RunModel)" time="0.02" />
  <testcase classname="ptolemy.util.test.junit.AutoTests" name="[328] /home/travis/build/icyphy/ptII/ptolemy/actor/lib/test/auto/ScaleMatrix.xml (RunModel)" time="0.158" />
  <testcase classname="ptolemy.util.test.junit.AutoTests" name="[329] /home/travis/build/icyphy/ptII/ptolemy/actor/lib/test/auto/Select.xml (RunModel)" time="0.015" />
  <testcase classname="ptolemy.util.test.junit.AutoTests" name="[330] /home/travis/build/icyphy/ptII/ptolemy/actor/lib/test/auto/Select2.xml (RunModel)" time="0.008" />
  <testcase classname="ptolemy.util.test.junit.AutoTests" name="[331] /home/travis/build/icyphy/ptII/ptolemy/actor/lib/test/auto/SequenceToArray2.xml (RunModel)" time="0.127" />
  <testcase classname="ptolemy.util.test.junit.AutoTests" name="[332] /home/travis/build/icyphy/ptII/ptolemy/actor/lib/test/auto/SequentialClock.xml (RunModel)" time="0.009" />
  <testcase classname="ptolemy.util.test.junit.AutoTests" name="[333] /home/travis/build/icyphy/ptII/ptolemy/actor/lib/test/auto/SetVariable.xml (RunModel)" time="0.009" />
  <testcase classname="ptolemy.util.test.junit.AutoTests" name="[334] /home/travis/build/icyphy/ptII/ptolemy/actor/lib/test/auto/SetVariable2.xml (RunModel)" time="0.009" />
  <testcase classname="ptolemy.util.test.junit.AutoTests" name="[335] /home/travis/build/icyphy/ptII/ptolemy/actor/lib/test/auto/SetVariable3.xml (RunModel)" time="0.015" />
  <testcase classname="ptolemy.util.test.junit.AutoTests" name="[336] /home/travis/build/icyphy/ptII/ptolemy/actor/lib/test/auto/SetVariable4.xml (RunModel)" time="0.026" />
  <testcase classname="ptolemy.util.test.junit.AutoTests" name="[337] /home/travis/build/icyphy/ptII/ptolemy/actor/lib/test/auto/SetVariable5.xml (RunModel)" time="0.03" />
  <testcase classname="ptolemy.util.test.junit.AutoTests" name="[338] /home/travis/build/icyphy/ptII/ptolemy/actor/lib/test/auto/Sinewave.xml (RunModel)" time="0.024" />
  <testcase classname="ptolemy.util.test.junit.AutoTests" name="[339] /home/travis/build/icyphy/ptII/ptolemy/actor/lib/test/auto/Sinewave2.xml (RunModel)" time="0.018" />
  <testcase classname="ptolemy.util.test.junit.AutoTests" name="[340] /home/travis/build/icyphy/ptII/ptolemy/actor/lib/test/auto/Sinewave3.xml (RunModel)" time="0.021" />
  <testcase classname="ptolemy.util.test.junit.AutoTests" name="[341] /home/travis/build/icyphy/ptII/ptolemy/actor/lib/test/auto/SingleEvent.xml (RunModel)" time="0.006" />
  <testcase classname="ptolemy.util.test.junit.AutoTests" name="[342] /home/travis/build/icyphy/ptII/ptolemy/actor/lib/test/auto/Sleep.xml (RunModel)" time="6.013" />
  <testcase classname="ptolemy.util.test.junit.AutoTests" name="[343] /home/travis/build/icyphy/ptII/ptolemy/actor/lib/test/auto/SleepMultipleFire.xml (RunModel)" time="1.026" />
  <testcase classname="ptolemy.util.test.junit.AutoTests" name="[344] /home/travis/build/icyphy/ptII/ptolemy/actor/lib/test/auto/StopDE.xml (RunModel)" time="0.012" />
  <testcase classname="ptolemy.util.test.junit.AutoTests" name="[345] /home/travis/build/icyphy/ptII/ptolemy/actor/lib/test/auto/StopSDF.xml (RunModel)" time="0.011" />
  <testcase classname="ptolemy.util.test.junit.AutoTests" name="[346] /home/travis/build/icyphy/ptII/ptolemy/actor/lib/test/auto/StringConstant.xml (RunModel)" time="0.015" />
  <testcase classname="ptolemy.util.test.junit.AutoTests" name="[347] /home/travis/build/icyphy/ptII/ptolemy/actor/lib/test/auto/SubscriberPortInitialValues1.xml (RunModel)" time="0.02" />
  <testcase classname="ptolemy.util.test.junit.AutoTests" name="[348] /home/travis/build/icyphy/ptII/ptolemy/actor/lib/test/auto/SubscriberPortInitialValues13.xml (RunModel)" time="0.026" />
  <testcase classname="ptolemy.util.test.junit.AutoTests" name="[349] /home/travis/build/icyphy/ptII/ptolemy/actor/lib/test/auto/SubscriberPortInitialValues14.xml (RunModel)" time="0.015" />
  <testcase classname="ptolemy.util.test.junit.AutoTests" name="[350] /home/travis/build/icyphy/ptII/ptolemy/actor/lib/test/auto/SubscriberPortInitialValues2.xml (RunModel)" time="0.015" />
  <testcase classname="ptolemy.util.test.junit.AutoTests" name="[351] /home/travis/build/icyphy/ptII/ptolemy/actor/lib/test/auto/SubscriberPortInitialValues3.xml (RunModel)" time="0.019" />
  <testcase classname="ptolemy.util.test.junit.AutoTests" name="[352] /home/travis/build/icyphy/ptII/ptolemy/actor/lib/test/auto/SubscriptionAggregator.xml (RunModel)" time="0.011" />
  <testcase classname="ptolemy.util.test.junit.AutoTests" name="[353] /home/travis/build/icyphy/ptII/ptolemy/actor/lib/test/auto/SubscriptionAggregator2.xml (RunModel)" time="0.011" />
  <testcase classname="ptolemy.util.test.junit.AutoTests" name="[354] /home/travis/build/icyphy/ptII/ptolemy/actor/lib/test/auto/SubscriptionAggregator3.xml (RunModel)" time="0.015" />
  <testcase classname="ptolemy.util.test.junit.AutoTests" name="[355] /home/travis/build/icyphy/ptII/ptolemy/actor/lib/test/auto/SubscriptionAggregatorMultiply.xml (RunModel)" time="0.022" />
  <testcase classname="ptolemy.util.test.junit.AutoTests" name="[356] /home/travis/build/icyphy/ptII/ptolemy/actor/lib/test/auto/SubscriptionAggregatorPortMultiply1.xml (RunModel)" time="0.014" />
  <testcase classname="ptolemy.util.test.junit.AutoTests" name="[357] /home/travis/build/icyphy/ptII/ptolemy/actor/lib/test/auto/Switch.xml (RunModel)" time="0.015" />
  <testcase classname="ptolemy.util.test.junit.AutoTests" name="[358] /home/travis/build/icyphy/ptII/ptolemy/actor/lib/test/auto/Switch2.xml (RunModel)" time="0.011" />
  <testcase classname="ptolemy.util.test.junit.AutoTests" name="[359] /home/travis/build/icyphy/ptII/ptolemy/actor/lib/test/auto/SwitchDE.xml (RunModel)" time="0.023" />
  <testcase classname="ptolemy.util.test.junit.AutoTests" name="[360] /home/travis/build/icyphy/ptII/ptolemy/actor/lib/test/auto/SynchronizerDE.xml (RunModel)" time="0.028" />
  <testcase classname="ptolemy.util.test.junit.AutoTests" name="[361] /home/travis/build/icyphy/ptII/ptolemy/actor/lib/test/auto/Test.xml (RunModel)" time="0.029" />
  <testcase classname="ptolemy.util.test.junit.AutoTests" name="[362] /home/travis/build/icyphy/ptII/ptolemy/actor/lib/test/auto/TestExceptionAttribute1.xml (RunModel)" time="0.007" />
  <testcase classname="ptolemy.util.test.junit.AutoTests" name="[363] /home/travis/build/icyphy/ptII/ptolemy/actor/lib/test/auto/TestExceptionAttribute2.xml (RunModel)" time="0.011" />
  <testcase classname="ptolemy.util.test.junit.AutoTests" name="[364] /home/travis/build/icyphy/ptII/ptolemy/actor/lib/test/auto/TestExceptionAttribute3.xml (RunModel)" time="0.01" />
  <testcase classname="ptolemy.util.test.junit.AutoTests" name="[365] /home/travis/build/icyphy/ptII/ptolemy/actor/lib/test/auto/TestExceptionAttribute4.xml (RunModel)" time="0.006" />
  <testcase classname="ptolemy.util.test.junit.AutoTests" name="[366] /home/travis/build/icyphy/ptII/ptolemy/actor/lib/test/auto/TestExceptionHandler1.xml (RunModel)" time="0.007" />
  <testcase classname="ptolemy.util.test.junit.AutoTests" name="[367] /home/travis/build/icyphy/ptII/ptolemy/actor/lib/test/auto/TestExceptionHandler2.xml (RunModel)" time="0.01" />
  <testcase classname="ptolemy.util.test.junit.AutoTests" name="[368] /home/travis/build/icyphy/ptII/ptolemy/actor/lib/test/auto/TestExceptionHandler3.xml (RunModel)" time="0.008" />
  <testcase classname="ptolemy.util.test.junit.AutoTests" name="[369] /home/travis/build/icyphy/ptII/ptolemy/actor/lib/test/auto/TestExceptionHandler4.xml (RunModel)" time="0.007" />
  <testcase classname="ptolemy.util.test.junit.AutoTests" name="[370] /home/travis/build/icyphy/ptII/ptolemy/actor/lib/test/auto/TestRequireCorrectOrder.xml (RunModel)" time="0.012" />
  <testcase classname="ptolemy.util.test.junit.AutoTests" name="[371] /home/travis/build/icyphy/ptII/ptolemy/actor/lib/test/auto/TestSimple.xml (RunModel)" time="0.007" />
  <testcase classname="ptolemy.util.test.junit.AutoTests" name="[372] /home/travis/build/icyphy/ptII/ptolemy/actor/lib/test/auto/ThrowModelError.xml (RunModel)" time="0.013" />
  <testcase classname="ptolemy.util.test.junit.AutoTests" name="[373] /home/travis/build/icyphy/ptII/ptolemy/actor/lib/test/auto/TimeDelayMicrosteps.xml (RunModel)" time="0.012" />
  <testcase classname="ptolemy.util.test.junit.AutoTests" name="[374] /home/travis/build/icyphy/ptII/ptolemy/actor/lib/test/auto/TimeDelayMicrosteps2.xml (RunModel)" time="0.014" />
  <testcase classname="ptolemy.util.test.junit.AutoTests" name="[375] /home/travis/build/icyphy/ptII/ptolemy/actor/lib/test/auto/TimeDelayMicrosteps3.xml (RunModel)" time="0.011" />
  <testcase classname="ptolemy.util.test.junit.AutoTests" name="[376] /home/travis/build/icyphy/ptII/ptolemy/actor/lib/test/auto/TimeDelayVariableMicrosteps.xml (RunModel)" time="0.013" />
  <testcase classname="ptolemy.util.test.junit.AutoTests" name="[377] /home/travis/build/icyphy/ptII/ptolemy/actor/lib/test/auto/TimeGap.xml (RunModel)" time="0.014" />
  <testcase classname="ptolemy.util.test.junit.AutoTests" name="[378] /home/travis/build/icyphy/ptII/ptolemy/actor/lib/test/auto/TimeGap2.xml (RunModel)" time="0.011" />
  <testcase classname="ptolemy.util.test.junit.AutoTests" name="[379] /home/travis/build/icyphy/ptII/ptolemy/actor/lib/test/auto/TimedSinewave.xml (RunModel)" time="0.055" />
  <testcase classname="ptolemy.util.test.junit.AutoTests" name="[380] /home/travis/build/icyphy/ptII/ptolemy/actor/lib/test/auto/TimedSinewavePhase.xml (RunModel)" time="0.036" />
  <testcase classname="ptolemy.util.test.junit.AutoTests" name="[381] /home/travis/build/icyphy/ptII/ptolemy/actor/lib/test/auto/Timer.xml (RunModel)" time="0.018" />
  <testcase classname="ptolemy.util.test.junit.AutoTests" name="[382] /home/travis/build/icyphy/ptII/ptolemy/actor/lib/test/auto/TriangularDistTestModel.xml (RunModel)" time="0.017" />
  <testcase classname="ptolemy.util.test.junit.AutoTests" name="[383] /home/travis/build/icyphy/ptII/ptolemy/actor/lib/test/auto/TrigFunction.xml (RunModel)" time="0.007" />
  <testcase classname="ptolemy.util.test.junit.AutoTests" name="[384] /home/travis/build/icyphy/ptII/ptolemy/actor/lib/test/auto/TrigFunctionDE.xml (RunModel)" time="0.011" />
  <testcase classname="ptolemy.util.test.junit.AutoTests" name="[385] /home/travis/build/icyphy/ptII/ptolemy/actor/lib/test/auto/TrigFunctionInverse.xml (RunModel)" time="0.009" />
  <testcase classname="ptolemy.util.test.junit.AutoTests" name="[386] /home/travis/build/icyphy/ptII/ptolemy/actor/lib/test/auto/TrigFunctionTan.xml (RunModel)" time="0.007" />
  <testcase classname="ptolemy.util.test.junit.AutoTests" name="[387] /home/travis/build/icyphy/ptII/ptolemy/actor/lib/test/auto/TriggeredClock.xml (RunModel)" time="0.009" />
  <testcase classname="ptolemy.util.test.junit.AutoTests" name="[388] /home/travis/build/icyphy/ptII/ptolemy/actor/lib/test/auto/URLDirectoryReader.xml (RunModel)" time="0.138" />
  <testcase classname="ptolemy.util.test.junit.AutoTests" name="[389] /home/travis/build/icyphy/ptII/ptolemy/actor/lib/test/auto/URLDirectoryReader3.xml (RunModel)" time="1.267" />
  <testcase classname="ptolemy.util.test.junit.AutoTests" name="[390] /home/travis/build/icyphy/ptII/ptolemy/actor/lib/test/auto/UnaryMathFunction.xml (RunModel)" time="0.025" />
  <testcase classname="ptolemy.util.test.junit.AutoTests" name="[391] /home/travis/build/icyphy/ptII/ptolemy/actor/lib/test/auto/Uniform.xml (RunModel)" time="0.012" />
  <testcase classname="ptolemy.util.test.junit.AutoTests" name="[392] /home/travis/build/icyphy/ptII/ptolemy/actor/lib/test/auto/UnionDisassemblerTest.xml (RunModel)" time="0.018" />
  <testcase classname="ptolemy.util.test.junit.AutoTests" name="[393] /home/travis/build/icyphy/ptII/ptolemy/actor/lib/test/auto/UtilityFunctions.xml (RunModel)" time="0.008" />
  <testcase classname="ptolemy.util.test.junit.AutoTests" name="[394] /home/travis/build/icyphy/ptII/ptolemy/actor/lib/test/auto/VariableSleep.xml (RunModel)" time="0.511" />
  <testcase classname="ptolemy.util.test.junit.AutoTests" name="[395] /home/travis/build/icyphy/ptII/ptolemy/actor/lib/test/auto/VectorAssemblerDisassemblerCT.xml (RunModel)" time="0.107" />
  <testcase classname="ptolemy.util.test.junit.AutoTests" name="[396] /home/travis/build/icyphy/ptII/ptolemy/actor/lib/test/auto/VectorAssemblerDisassemblerDE.xml (RunModel)" time="0.012" />
  <testcase classname="ptolemy.util.test.junit.AutoTests" name="[397] /home/travis/build/icyphy/ptII/ptolemy/actor/lib/test/auto/VectorAssemblerDisassemblerSDF.xml (RunModel)" time="0.011" />
  <testcase classname="ptolemy.util.test.junit.AutoTests" name="[398] /home/travis/build/icyphy/ptII/ptolemy/actor/lib/test/auto/WallClockTime.xml (RunModel)" time="1.014" />
  <testcase classname="ptolemy.util.test.junit.AutoTests" name="[399] /home/travis/build/icyphy/ptII/ptolemy/actor/lib/test/auto/WidthTestWithSubscriberPublisher.xml (RunModel)" time="0.04" />
  <testcase classname="ptolemy.util.test.junit.AutoTests" name="[400] /home/travis/build/icyphy/ptII/ptolemy/actor/lib/test/auto/WidthTestWithSubscriberPublisher2.xml (RunModel)" time="0.016" />
  <testcase classname="ptolemy.util.test.junit.AutoTests" name="[401] /home/travis/build/icyphy/ptII/ptolemy/actor/lib/test/auto/WidthTestWithSubscriberPublisher3.xml (RunModel)" time="0.011" />
  <testcase classname="ptolemy.util.test.junit.AutoTests" name="[402] /home/travis/build/icyphy/ptII/ptolemy/actor/lib/test/auto/Writer.xml (RunModel)" time="0.007" />
  <testcase classname="ptolemy.util.test.junit.AutoTests" name="[403] /home/travis/build/icyphy/ptII/ptolemy/actor/lib/test/auto/array.xml (RunModel)" time="0.009" />
  <testcase classname="ptolemy.util.test.junit.AutoTests" name="[404] /home/travis/build/icyphy/ptII/ptolemy/actor/lib/test/auto/array2.xml (RunModel)" time="0.028" />
  <testcase classname="ptolemy.util.test.junit.AutoTests" name="[405] /home/travis/build/icyphy/ptII/ptolemy/actor/lib/test/auto/arrayType.xml (RunModel)" time="0.01" />
  <testcase classname="ptolemy.util.test.junit.AutoTests" name="[406] /home/travis/build/icyphy/ptII/ptolemy/actor/lib/test/auto/arrayType10.xml (RunModel)" time="0.013" />
  <testcase classname="ptolemy.util.test.junit.AutoTests" name="[407] /home/travis/build/icyphy/ptII/ptolemy/actor/lib/test/auto/arrayType11.xml (RunModel)" time="0.008" />
  <testcase classname="ptolemy.util.test.junit.AutoTests" name="[408] /home/travis/build/icyphy/ptII/ptolemy/actor/lib/test/auto/arrayType12.xml (RunModel)" time="0.009" />
  <testcase classname="ptolemy.util.test.junit.AutoTests" name="[409] /home/travis/build/icyphy/ptII/ptolemy/actor/lib/test/auto/arrayType13.xml (RunModel)" time="0.009" />
  <testcase classname="ptolemy.util.test.junit.AutoTests" name="[410] /home/travis/build/icyphy/ptII/ptolemy/actor/lib/test/auto/arrayType14.xml (RunModel)" time="0.008" />
  <testcase classname="ptolemy.util.test.junit.AutoTests" name="[411] /home/travis/build/icyphy/ptII/ptolemy/actor/lib/test/auto/arrayType15.xml (RunModel)" time="0.009" />
  <testcase classname="ptolemy.util.test.junit.AutoTests" name="[412] /home/travis/build/icyphy/ptII/ptolemy/actor/lib/test/auto/arrayType16.xml (RunModel)" time="0.008" />
  <testcase classname="ptolemy.util.test.junit.AutoTests" name="[413] /home/travis/build/icyphy/ptII/ptolemy/actor/lib/test/auto/arrayType17.xml (RunModel)" time="0.007" />
  <testcase classname="ptolemy.util.test.junit.AutoTests" name="[414] /home/travis/build/icyphy/ptII/ptolemy/actor/lib/test/auto/arrayType18.xml (RunModel)" time="0.007" />
  <testcase classname="ptolemy.util.test.junit.AutoTests" name="[415] /home/travis/build/icyphy/ptII/ptolemy/actor/lib/test/auto/arrayType19.xml (RunModel)" time="0.007" />
  <testcase classname="ptolemy.util.test.junit.AutoTests" name="[416] /home/travis/build/icyphy/ptII/ptolemy/actor/lib/test/auto/arrayType2.xml (RunModel)" time="0.008" />
  <testcase classname="ptolemy.util.test.junit.AutoTests" name="[417] /home/travis/build/icyphy/ptII/ptolemy/actor/lib/test/auto/arrayType20.xml (RunModel)" time="0.007" />
  <testcase classname="ptolemy.util.test.junit.AutoTests" name="[418] /home/travis/build/icyphy/ptII/ptolemy/actor/lib/test/auto/arrayType21.xml (RunModel)" time="0.007" />
  <testcase classname="ptolemy.util.test.junit.AutoTests" name="[419] /home/travis/build/icyphy/ptII/ptolemy/actor/lib/test/auto/arrayType22.xml (RunModel)" time="0.007" />
  <testcase classname="ptolemy.util.test.junit.AutoTests" name="[420] /home/travis/build/icyphy/ptII/ptolemy/actor/lib/test/auto/arrayType23.xml (RunModel)" time="0.007" />
  <testcase classname="ptolemy.util.test.junit.AutoTests" name="[421] /home/travis/build/icyphy/ptII/ptolemy/actor/lib/test/auto/arrayType24.xml (RunModel)" time="0.008" />
  <testcase classname="ptolemy.util.test.junit.AutoTests" name="[422] /home/travis/build/icyphy/ptII/ptolemy/actor/lib/test/auto/arrayType25.xml (RunModel)" time="0.009" />
  <testcase classname="ptolemy.util.test.junit.AutoTests" name="[423] /home/travis/build/icyphy/ptII/ptolemy/actor/lib/test/auto/arrayType26.xml (RunModel)" time="0.008" />
  <testcase classname="ptolemy.util.test.junit.AutoTests" name="[424] /home/travis/build/icyphy/ptII/ptolemy/actor/lib/test/auto/arrayType27.xml (RunModel)" time="0.008" />
  <testcase classname="ptolemy.util.test.junit.AutoTests" name="[425] /home/travis/build/icyphy/ptII/ptolemy/actor/lib/test/auto/arrayType28.xml (RunModel)" time="0.011" />
  <testcase classname="ptolemy.util.test.junit.AutoTests" name="[426] /home/travis/build/icyphy/ptII/ptolemy/actor/lib/test/auto/arrayType3.xml (RunModel)" time="0.019" />
  <testcase classname="ptolemy.util.test.junit.AutoTests" name="[427] /home/travis/build/icyphy/ptII/ptolemy/actor/lib/test/auto/arrayType4.xml (RunModel)" time="0.01" />
  <testcase classname="ptolemy.util.test.junit.AutoTests" name="[428] /home/travis/build/icyphy/ptII/ptolemy/actor/lib/test/auto/arrayType5.xml (RunModel)" time="0.008" />
  <testcase classname="ptolemy.util.test.junit.AutoTests" name="[429] /home/travis/build/icyphy/ptII/ptolemy/actor/lib/test/auto/arrayType6.xml (RunModel)" time="0.008" />
  <testcase classname="ptolemy.util.test.junit.AutoTests" name="[430] /home/travis/build/icyphy/ptII/ptolemy/actor/lib/test/auto/arrayType7.xml (RunModel)" time="0.018" />
  <testcase classname="ptolemy.util.test.junit.AutoTests" name="[431] /home/travis/build/icyphy/ptII/ptolemy/actor/lib/test/auto/arrayType8.xml (RunModel)" time="0.008" />
  <testcase classname="ptolemy.util.test.junit.AutoTests" name="[432] /home/travis/build/icyphy/ptII/ptolemy/actor/lib/test/auto/arrayType9.xml (RunModel)" time="0.008" />
  <testcase classname="ptolemy.util.test.junit.AutoTests" name="[433] /home/travis/build/icyphy/ptII/ptolemy/actor/lib/test/auto/cast.xml (RunModel)" time="0.008" />
  <testcase classname="ptolemy.util.test.junit.AutoTests" name="[434] /home/travis/build/icyphy/ptII/ptolemy/actor/lib/test/auto/compositeMultiPort.xml (RunModel)" time="0.061" />
  <testcase classname="ptolemy.util.test.junit.AutoTests" name="[435] /home/travis/build/icyphy/ptII/ptolemy/actor/lib/test/auto/expressionCastInference.xml (RunModel)" time="0.038" />
  <testcase classname="ptolemy.util.test.junit.AutoTests" name="[436] /home/travis/build/icyphy/ptII/ptolemy/actor/lib/test/auto/expressionCastInference2.xml (RunModel)" time="0.036" />
  <testcase classname="ptolemy.util.test.junit.AutoTests" name="[437] /home/travis/build/icyphy/ptII/ptolemy/actor/lib/test/auto/expressionInference.xml (RunModel)" time="0.055" />
  <testcase classname="ptolemy.util.test.junit.AutoTests" name="[438] /home/travis/build/icyphy/ptII/ptolemy/actor/lib/test/auto/expression_bug.xml (RunModel)" time="0.028" />
  <testcase classname="ptolemy.util.test.junit.AutoTests" name="[439] /home/travis/build/icyphy/ptII/ptolemy/actor/lib/test/auto/factorial.xml (RunModel)" time="0.063" />
  <testcase classname="ptolemy.util.test.junit.AutoTests" name="[440] /home/travis/build/icyphy/ptII/ptolemy/actor/lib/test/auto/filterTest1.xml (RunModel)" time="0.014" />
  <testcase classname="ptolemy.util.test.junit.AutoTests" name="[441] /home/travis/build/icyphy/ptII/ptolemy/actor/lib/test/auto/funcApplyInConst.xml (RunModel)" time="0.007" />
  <testcase classname="ptolemy.util.test.junit.AutoTests" name="[442] /home/travis/build/icyphy/ptII/ptolemy/actor/lib/test/auto/funcApplyInExpr.xml (RunModel)" time="0.008" />
  <testcase classname="ptolemy.util.test.junit.AutoTests" name="[443] /home/travis/build/icyphy/ptII/ptolemy/actor/lib/test/auto/function.xml (RunModel)" time="0.007" />
  <testcase classname="ptolemy.util.test.junit.AutoTests" name="[444] /home/travis/build/icyphy/ptII/ptolemy/actor/lib/test/auto/function2.xml (RunModel)" time="0.011" />
  <testcase classname="ptolemy.util.test.junit.AutoTests" name="[445] /home/travis/build/icyphy/ptII/ptolemy/actor/lib/test/auto/function3.xml (RunModel)" time="0.007" />
  <testcase classname="ptolemy.util.test.junit.AutoTests" name="[446] /home/travis/build/icyphy/ptII/ptolemy/actor/lib/test/auto/functionClosureTest1.xml (RunModel)" time="0.01" />
  <testcase classname="ptolemy.util.test.junit.AutoTests" name="[447] /home/travis/build/icyphy/ptII/ptolemy/actor/lib/test/auto/functionClosureTest2.xml (RunModel)" time="0.007" />
  <testcase classname="ptolemy.util.test.junit.AutoTests" name="[448] /home/travis/build/icyphy/ptII/ptolemy/actor/lib/test/auto/functionClosureTest3.xml (RunModel)" time="0.009" />
  <testcase classname="ptolemy.util.test.junit.AutoTests" name="[449] /home/travis/build/icyphy/ptII/ptolemy/actor/lib/test/auto/functionClosureTest4.xml (RunModel)" time="0.017" />
  <testcase classname="ptolemy.util.test.junit.AutoTests" name="[450] /home/travis/build/icyphy/ptII/ptolemy/actor/lib/test/auto/functionClosureTest5.xml (RunModel)" time="0.013" />
  <testcase classname="ptolemy.util.test.junit.AutoTests" name="[451] /home/travis/build/icyphy/ptII/ptolemy/actor/lib/test/auto/functionClosureTest6.xml (RunModel)" time="0.008" />
  <testcase classname="ptolemy.util.test.junit.AutoTests" name="[452] /home/travis/build/icyphy/ptII/ptolemy/actor/lib/test/auto/functionsOnArcs.xml (RunModel)" time="0.012" />
  <testcase classname="ptolemy.util.test.junit.AutoTests" name="[453] /home/travis/build/icyphy/ptII/ptolemy/actor/lib/test/auto/functionsOnArcsHOF.xml (RunModel)" time="0.016" />
  <testcase classname="ptolemy.util.test.junit.AutoTests" name="[454] /home/travis/build/icyphy/ptII/ptolemy/actor/lib/test/auto/logic.xml (RunModel)" time="0.018" />
  <testcase classname="ptolemy.util.test.junit.AutoTests" name="[455] /home/travis/build/icyphy/ptII/ptolemy/actor/lib/test/auto/matrixType.xml (RunModel)" time="0.009" />
  <testcase classname="ptolemy.util.test.junit.AutoTests" name="[456] /home/travis/build/icyphy/ptII/ptolemy/actor/lib/test/auto/matrixType10.xml (RunModel)" time="0.008" />
  <testcase classname="ptolemy.util.test.junit.AutoTests" name="[457] /home/travis/build/icyphy/ptII/ptolemy/actor/lib/test/auto/matrixType11.xml (RunModel)" time="0.008" />
  <testcase classname="ptolemy.util.test.junit.AutoTests" name="[458] /home/travis/build/icyphy/ptII/ptolemy/actor/lib/test/auto/matrixType12.xml (RunModel)" time="0.01" />
  <testcase classname="ptolemy.util.test.junit.AutoTests" name="[459] /home/travis/build/icyphy/ptII/ptolemy/actor/lib/test/auto/matrixType13.xml (RunModel)" time="0.008" />
  <testcase classname="ptolemy.util.test.junit.AutoTests" name="[460] /home/travis/build/icyphy/ptII/ptolemy/actor/lib/test/auto/matrixType14.xml (RunModel)" time="0.009" />
  <testcase classname="ptolemy.util.test.junit.AutoTests" name="[461] /home/travis/build/icyphy/ptII/ptolemy/actor/lib/test/auto/matrixType2.xml (RunModel)" time="0.009" />
  <testcase classname="ptolemy.util.test.junit.AutoTests" name="[462] /home/travis/build/icyphy/ptII/ptolemy/actor/lib/test/auto/matrixType3.xml (RunModel)" time="0.009" />
  <testcase classname="ptolemy.util.test.junit.AutoTests" name="[463] /home/travis/build/icyphy/ptII/ptolemy/actor/lib/test/auto/matrixType4.xml (RunModel)" time="0.008" />
  <testcase classname="ptolemy.util.test.junit.AutoTests" name="[464] /home/travis/build/icyphy/ptII/ptolemy/actor/lib/test/auto/matrixType5.xml (RunModel)" time="0.007" />
  <testcase classname="ptolemy.util.test.junit.AutoTests" name="[465] /home/travis/build/icyphy/ptII/ptolemy/actor/lib/test/auto/matrixType6.xml (RunModel)" time="0.008" />
  <testcase classname="ptolemy.util.test.junit.AutoTests" name="[466] /home/travis/build/icyphy/ptII/ptolemy/actor/lib/test/auto/matrixType7.xml (RunModel)" time="0.008" />
  <testcase classname="ptolemy.util.test.junit.AutoTests" name="[467] /home/travis/build/icyphy/ptII/ptolemy/actor/lib/test/auto/matrixType8.xml (RunModel)" time="0.008" />
  <testcase classname="ptolemy.util.test.junit.AutoTests" name="[468] /home/travis/build/icyphy/ptII/ptolemy/actor/lib/test/auto/matrixType9.xml (RunModel)" time="0.007" />
  <testcase classname="ptolemy.util.test.junit.AutoTests" name="[469] /home/travis/build/icyphy/ptII/ptolemy/actor/lib/test/auto/paraFunctest.xml (RunModel)" time="0.009" />
  <testcase classname="ptolemy.util.test.junit.AutoTests" name="[470] /home/travis/build/icyphy/ptII/ptolemy/actor/lib/test/auto/paraFunctest2.xml (RunModel)" time="0.01" />
  <testcase classname="ptolemy.util.test.junit.AutoTests" name="[471] /home/travis/build/icyphy/ptII/ptolemy/actor/lib/test/auto/parameterPassing.xml (RunModel)" time="0.011" />
  <testcase classname="ptolemy.util.test.junit.AutoTests" name="[472] /home/travis/build/icyphy/ptII/ptolemy/actor/lib/test/auto/record.xml (RunModel)" time="0.009" />
  <testcase classname="ptolemy.util.test.junit.AutoTests" name="[473] /home/travis/build/icyphy/ptII/ptolemy/actor/lib/test/auto/sizedarray1.xml (RunModel)" time="0.008" />
  <testcase classname="ptolemy.util.test.junit.AutoTests" name="[474] /home/travis/build/icyphy/ptII/ptolemy/actor/lib/test/auto/sizedarray2.xml (RunModel)" time="0.009" />
  <testcase classname="ptolemy.util.test.junit.AutoTests" name="[475] /home/travis/build/icyphy/ptII/ptolemy/actor/lib/test/auto/twoPublishers.xml (RunModel)" time="0.022" />
  <system-out><![CDATA[/home/travis/build/icyphy/ptII/ptolemy/actor/lib/test/AbsoluteValue.tcl
testDefs.tcl: setting time out to 9000 seconds at Wed Feb 26 17:25:02 UTC 2020
104 ms. Memory: 129024K Free: 92609K (72%)
6 ms. Memory: 129024K Free: 90561K (70%)
9 ms. Memory: 129024K Free: 90051K (70%)
7 ms. Memory: 129024K Free: 89027K (69%)
/home/travis/build/icyphy/ptII/ptolemy/actor/lib/test/AddSubtract.tcl
24 ms. Memory: 129024K Free: 86979K (67%)
12 ms. Memory: 129024K Free: 86465K (67%)
5 ms. Memory: 129024K Free: 85441K (66%)
18 ms. Memory: 129024K Free: 84931K (66%)
86 ms. Memory: 129024K Free: 81859K (63%)
11 ms. Memory: 129024K Free: 81331K (63%)
/home/travis/build/icyphy/ptII/ptolemy/actor/lib/test/Average.tcl
13 ms. Memory: 129024K Free: 79283K (61%)
15 ms. Memory: 129024K Free: 78267K (61%)
/home/travis/build/icyphy/ptII/ptolemy/actor/lib/test/Bernoulli.tcl
17 ms. Memory: 129024K Free: 76739K (59%)
2 ms. Memory: 129024K Free: 76225K (59%)
/home/travis/build/icyphy/ptII/ptolemy/actor/lib/test/Clock.tcl
preinitializing
resolving types
initializing
executing number 1
wrapping up
idle
33 ms. Memory: 129024K Free: 73667K (57%)
Completed execution with 5 iterations
preinitializing
resolving types
initializing
executing number 1
wrapping up
idle
12 ms. Memory: 129024K Free: 72643K (56%)
Completed execution with 5 iterations
preinitializing
resolving types
initializing
executing number 1
wrapping up
idle
7 ms. Memory: 129024K Free: 72115K (56%)
Completed execution with 5 iterations
/home/travis/build/icyphy/ptII/ptolemy/actor/lib/test/Commutator.tcl
5 ms. Memory: 129024K Free: 70081K (54%)
16 ms. Memory: 129024K Free: 69057K (54%)
9 ms. Memory: 129024K Free: 63427K (49%)
/home/travis/build/icyphy/ptII/ptolemy/actor/lib/test/Const.tcl
3 ms. Memory: 129024K Free: 61889K (48%)
2 ms. Memory: 129024K Free: 61379K (48%)
3 ms. Memory: 129024K Free: 60851K (47%)
1 ms. Memory: 129024K Free: 60355K (47%)
10 ms. Memory: 129024K Free: 59841K (46%)
16 ms. Memory: 129024K Free: 58307K (45%)
8 ms. Memory: 129024K Free: 56755K (44%)
4 ms. Memory: 129024K Free: 56259K (44%)
/home/travis/build/icyphy/ptII/ptolemy/actor/lib/test/CurrentTime.tcl
preinitializing
resolving types
initializing
executing number 1
wrapping up
idle
18 ms. Memory: 129024K Free: 54211K (42%)
Completed execution with 11 iterations
/home/travis/build/icyphy/ptII/ptolemy/actor/lib/test/DB.tcl
6 ms. Memory: 129024K Free: 52659K (41%)
4 ms. Memory: 129024K Free: 52163K (40%)
3 ms. Memory: 129024K Free: 51649K (40%)
/home/travis/build/icyphy/ptII/ptolemy/actor/lib/test/DiscreteRandomSource.tcl
preinitializing
resolving types
initializing
executing number 1
wrapping up
idle
5 ms. Memory: 129024K Free: 50115K (39%)
Completed execution with 4 iterations
preinitializing
resolving types
initializing
executing number 1
wrapping up
idle
2 ms. Memory: 129024K Free: 49595K (38%)
Completed execution with 4 iterations
preinitializing
resolving types
initializing
executing number 1
wrapping up
idle
3 ms. Memory: 129024K Free: 49091K (38%)
Completed execution with 4 iterations
preinitializing
resolving types
initializing
executing number 1
wrapping up
idle
3 ms. Memory: 129024K Free: 48563K (38%)
Completed execution with 4 iterations
preinitializing
resolving types
initializing
executing number 1
wrapping up
idle
4 ms. Memory: 129024K Free: 48067K (37%)
Completed execution with 4 iterations
/home/travis/build/icyphy/ptII/ptolemy/actor/lib/test/Distributor.tcl
6 ms. Memory: 129024K Free: 112421K (87%)
9 ms. Memory: 129024K Free: 111893K (87%)
StreamChangeRequest.changeExecuted(): <deleteEntity name="rec2"/> succeeded
StreamChangeRequest.changeExecuted(): <deleteRelation name="r2"/> succeeded
StreamChangeRequest.changeExecuted(): Record firings per iteration succeeded
11 ms. Memory: 129024K Free: 109357K (85%)
/home/travis/build/icyphy/ptII/ptolemy/actor/lib/test/Exit.tcl
Exit.tcl: this will print a message about Manager.exitAfterWrapup, which can be ignored.
9 ms. Memory: 129024K Free: 106267K (82%)
/home/travis/build/icyphy/ptII/ptolemy/actor/lib/test/Expression.tcl
13 ms. Memory: 129024K Free: 103251K (80%)
3 ms. Memory: 129024K Free: 102189K (79%)
3 ms. Memory: 129024K Free: 101667K (79%)
preinitializing
resolving types
initializing
executing number 1
wrapping up
idle
4 ms. Memory: 129024K Free: 100133K (78%)
Completed execution with 6 iterations
3 ms. Memory: 129024K Free: 99117K (77%)
4 ms. Memory: 129024K Free: 98595K (76%)
8 ms. Memory: 129024K Free: 97541K (76%)
9 ms. Memory: 129024K Free: 96045K (74%)
6 ms. Memory: 129024K Free: 95021K (74%)
/home/travis/build/icyphy/ptII/ptolemy/actor/lib/test/Gaussian.tcl
5 ms. Memory: 129024K Free: 92997K (72%)
sleeping 1 seconds: .....................................................................................................................................................................................................................................................................................................................................................................................................................................................5 ms. Memory: 129024K Free: 112423K (87%)
6 ms. Memory: 129024K Free: 111399K (86%)
2 ms. Memory: 129024K Free: 110871K (86%)
4 ms. Memory: 129024K Free: 110375K (86%)
1 ms. Memory: 129024K Free: 109696K (85%)
/home/travis/build/icyphy/ptII/ptolemy/actor/lib/test/IIR.tcl
/home/travis/build/icyphy/ptII/ptolemy/actor/lib/test/Interpolator.tcl
5 ms. Memory: 129024K Free: 105751K (82%)
2 ms. Memory: 129024K Free: 105255K (82%)
2 ms. Memory: 129024K Free: 104741K (81%)
3 ms. Memory: 129024K Free: 104231K (81%)
2 ms. Memory: 129024K Free: 103207K (80%)
1 ms. Memory: 129024K Free: 102183K (79%)
2 ms. Memory: 129024K Free: 101669K (79%)
2 ms. Memory: 129024K Free: 100645K (78%)
2 ms. Memory: 129024K Free: 99615K (77%)
2 ms. Memory: 129024K Free: 98583K (76%)
/home/travis/build/icyphy/ptII/ptolemy/actor/lib/test/MathFunction.tcl
13 ms. Memory: 129024K Free: 96535K (75%)
8 ms. Memory: 129024K Free: 95511K (74%)
3 ms. Memory: 129024K Free: 94495K (73%)
3 ms. Memory: 129024K Free: 93991K (73%)
7 ms. Memory: 129024K Free: 92453K (72%)
7 ms. Memory: 129024K Free: 90375K (70%)
/home/travis/build/icyphy/ptII/ptolemy/actor/lib/test/Maximum.tcl
4 ms. Memory: 129024K Free: 88357K (68%)
2 ms. Memory: 129024K Free: 87847K (68%)
2 ms. Memory: 129024K Free: 87333K (68%)
2 ms. Memory: 129024K Free: 86823K (67%)
/home/travis/build/icyphy/ptII/ptolemy/actor/lib/test/Minimum.tcl
7 ms. Memory: 129024K Free: 84775K (66%)
4 ms. Memory: 129024K Free: 84247K (65%)
3 ms. Memory: 129024K Free: 83751K (65%)
2 ms. Memory: 129024K Free: 82727K (64%)
/home/travis/build/icyphy/ptII/ptolemy/actor/lib/test/MultiplyDivide.tcl
4 ms. Memory: 129024K Free: 81175K (63%)
2 ms. Memory: 129024K Free: 80165K (62%)
2 ms. Memory: 129024K Free: 79655K (62%)
2 ms. Memory: 129024K Free: 78631K (61%)
2 ms. Memory: 129024K Free: 78117K (61%)
/home/travis/build/icyphy/ptII/ptolemy/actor/lib/test/OrderedMerge.tcl
Connections changed on port: inputA
Connections changed on port: inputB
Connections changed on port: output
Connections changed on port: output
Connections changed on port: output
Connections changed on port: input
.top. Preinitializing ...
Invoking preinitialize():  .top.OrderedMerge
Called preinitialize()
Invoking preinitialize():  .top.Ramp
Called preinitialize()
Invoking preinitialize():  .top.Ramp2
Called preinitialize()
Invoking preinitialize():  .top.Test
Called preinitialize()
Connections changed on port: inputA
Connections changed on port: output
Connections changed on port: output
Connections changed on port: input
Connections changed on port: inputB
Connections changed on port: output
.top. Finished preinitialize().
Called initialize().
Invoking initialize():  .top.OrderedMerge
Initializing actor: .top.OrderedMerge
Adding a thread: .top.OrderedMerge
Invoking initialize():  .top.Ramp
Initializing actor: .top.Ramp
Adding a thread: .top.Ramp
Invoking initialize():  .top.Ramp2
Initializing actor: .top.Ramp2
Adding a thread: .top.Ramp2
Invoking initialize():  .top.Test
Initializing actor: .top.Test
Adding a thread: .top.Test
Called fire().
Checking for deadlock:
-- Starting thread.
Called initialize()
Called prefire()
Called fire()
-- Starting thread.
Called initialize()
-- Starting thread.
Called initialize()
Called prefire()
Called prefire()
Called fire()
Called fire()
-- Starting thread.
Called initialize()
Called prefire()
Called fire()
There are 0 Blocked actors, 0 Stopped actors, and 4 active threads.
Waiting for actors to stop.
Called postfire()
Called prefire()
Called fire()
Called postfire()
Called prefire()
Called fire()
Checking for deadlock:
There are 2 Blocked actors, 0 Stopped actors, and 4 active threads.
Waiting for actors to stop.
Called postfire()
Called prefire()
Called fire()
Checking for deadlock:
There are 3 Blocked actors, 0 Stopped actors, and 4 active threads.
Waiting for actors to stop.
Read input token from inputA with value 0.0
Next port to read input from is inputB
Called postfire()
Called prefire()
Called fire()
Read input token from inputB with value 0.0
Called postfire()
Called prefire()
Called fire()
Checking for deadlock:
There are 2 Blocked actors, 0 Stopped actors, and 4 active threads.
Waiting for actors to stop.
Sent output token with value 0.0
Next port to read input from is inputA
Called postfire()
Called prefire()
Called fire()
Read input token from inputA with value 1.0
-- Read input: 0.0, which is expected to match: 0.0
Called prefire()
Called fire()
Called postfire()
Called prefire()
Called fire()
Checking for deadlock:
There are 3 Blocked actors, 0 Stopped actors, and 4 active threads.
Waiting for actors to stop.
Sent output token with value 0.0
Next port to read input from is inputB
Called postfire()
Called prefire()
Called fire()
-- Read input: 0.0, which is expected to match: 0.0
Called prefire()
Called fire()
Checking for deadlock:
There are 2 Blocked actors, 0 Stopped actors, and 4 active threads.
Waiting for actors to stop.
Checking for deadlock:
There are 3 Blocked actors, 0 Stopped actors, and 4 active threads.
Waiting for actors to stop.
Read input token from inputB with value 1.5
Checking for deadlock:
There are 2 Blocked actors, 0 Stopped actors, and 4 active threads.
Waiting for actors to stop.
Called postfire()
Called prefire()
Called fire()
Checking for deadlock:
There are 3 Blocked actors, 0 Stopped actors, and 4 active threads.
Waiting for actors to stop.
Sent output token with value 1.0
-- Read input: 1.0, which is expected to match: 1.0
Next port to read input from is inputA
Called postfire()
Called prefire()
Called prefire()
Called fire()
Called fire()
Read input token from inputA with value 2.0
Checking for deadlock:
There are 2 Blocked actors, 0 Stopped actors, and 4 active threads.
Waiting for actors to stop.
Called postfire()
Sent output token with value 1.5
Called prefire()
Called fire()
Next port to read input from is inputB
Called postfire()
Called prefire()
Called fire()
Read input token from inputB with value 3.0
Called postfire()
Called prefire()
Called fire()
Checking for deadlock:
There are 3 Blocked actors, 0 Stopped actors, and 4 active threads.
Waiting for actors to stop.
Sent output token with value 2.0
-- Read input: 1.5, which is expected to match: 1.5
Called prefire()
Next port to read input from is inputA
Called postfire()
Called prefire()
Called fire()
Called fire()
Read input token from inputA with value 3.0
-- Read input: 2.0, which is expected to match: 2.0
Sent output token with value 3.0
Called prefire()
Called fire()
Next port to read input from is inputB
Called postfire()
Called prefire()
Called fire()
-- Read input: 3.0, which is expected to match: 3.0
Called prefire()
Called fire()
Read input token from inputB with value 4.5
Checking for deadlock:
There are 1 Blocked actors, 0 Stopped actors, and 4 active threads.
Waiting for actors to stop.
Called postfire()
Called prefire()
Called fire()
Checking for deadlock:
There are 2 Blocked actors, 0 Stopped actors, and 4 active threads.
Waiting for actors to stop.
Called postfire()
Sent output token with value 3.0
Called prefire()
Called fire()
Next port to read input from is inputA
Called postfire()
Checking for deadlock:
Called prefire()
Called fire()
There are 2 Blocked actors, 0 Stopped actors, and 4 active threads.
Waiting for actors to stop.
Read input token from inputA with value 4.0
-- Read input: 3.0, which is expected to match: 3.0
Called prefire()
Called fire()
-- Read input: 4.0, which is expected to match: 4.0
Called prefire()
Called fire()
Past the end of training data. Read and discard all inputs.
Called postfire()
Called prefire()
Called fire()
Checking for deadlock:
There are 3 Blocked actors, 0 Stopped actors, and 4 active threads.
Waiting for actors to stop.
Sent output token with value 4.0
Next port to read input from is inputA
Called postfire()
Called prefire()
Called fire()
Read input token from inputA with value 5.0
Sent output token with value 4.5
Called postfire()
Called prefire()
Called fire()
Next port to read input from is inputB
Called postfire()
Called prefire()
Called fire()
Read input token from inputB with value 6.0
Called prefire()
Called fire()
Past the end of training data. Read and discard all inputs.
Sent output token with value 5.0
Called prefire()
Called fire()
Past the end of training data. Read and discard all inputs.
Next port to read input from is inputA
Called postfire()
Called prefire()
Called fire()
Checking for deadlock:
There are 2 Blocked actors, 0 Stopped actors, and 4 active threads.
Waiting for actors to stop.
Called postfire()
Called prefire()
Called fire()
Checking for deadlock:
There are 3 Blocked actors, 0 Stopped actors, and 4 active threads.
Waiting for actors to stop.
Read input token from inputA with value 6.0
Called postfire()
Called prefire()
Called fire()
Sent output token with value 6.0
Next port to read input from is inputB
Called postfire()
Called prefire()
Called fire()
Read input token from inputB with value 7.5
Checking for deadlock:
There are 1 Blocked actors, 0 Stopped actors, and 4 active threads.
Waiting for actors to stop.
Called postfire()
Called prefire()
Called fire()
Called prefire()
Called fire()
Past the end of training data. Read and discard all inputs.
Checking for deadlock:
There are 2 Blocked actors, 0 Stopped actors, and 4 active threads.
Waiting for actors to stop.
Sent output token with value 6.0
Next port to read input from is inputA
Called postfire()
Called prefire()
Called fire()
Read input token from inputA with value 7.0
Checking for deadlock:
There are 2 Blocked actors, 0 Stopped actors, and 4 active threads.
Waiting for actors to stop.
Called prefire()
Called fire()
Past the end of training data. Read and discard all inputs.
Called postfire()
Called prefire()
Called fire()
Checking for deadlock:
There are 3 Blocked actors, 0 Stopped actors, and 4 active threads.
Waiting for actors to stop.
Called prefire()
Called fire()
Past the end of training data. Read and discard all inputs.
Sent output token with value 7.0
Next port to read input from is inputA
Called postfire()
Called prefire()
Called fire()
Read input token from inputA with value 8.0
Sent output token with value 7.5
Next port to read input from is inputB
Called postfire()
Called prefire()
Called fire()
Read input token from inputB with value 9.0
Checking for deadlock:
There are 1 Blocked actors, 0 Stopped actors, and 4 active threads.
Waiting for actors to stop.
Called postfire()
Called prefire()
Called fire()
Called prefire()
Called fire()
Past the end of training data. Read and discard all inputs.
-- Thread wrapup() called.
Called wrapup()
Thread .top.Ramp is exiting.
-- Thread stopped.
Checking for deadlock:
There are 2 Blocked actors, 0 Stopped actors, and 3 active threads.
Waiting for actors to stop.
Called prefire()
Called fire()
Past the end of training data. Read and discard all inputs.
Sent output token with value 8.0
Next port to read input from is inputA
Called postfire()
Called prefire()
Called fire()
Read input token from inputA with value 9.0
Sent output token with value 9.0
Next port to read input from is inputB
Called postfire()
Called prefire()
Called fire()
Read input token from inputB with value 10.5
Checking for deadlock:
There are 1 Blocked actors, 0 Stopped actors, and 3 active threads.
Waiting for actors to stop.
Called prefire()
Called fire()
Past the end of training data. Read and discard all inputs.
Called postfire()
Called prefire()
Called fire()
Checking for deadlock:
There are 2 Blocked actors, 0 Stopped actors, and 3 active threads.
Waiting for actors to stop.
Called prefire()
Called fire()
Past the end of training data. Read and discard all inputs.
Sent output token with value 9.0
Next port to read input from is inputA
Called postfire()
Called prefire()
Called fire()
Checking for deadlock:
There are 3 Blocked actors, 0 Stopped actors, and 3 active threads.
Actors have stopped.
Checking for deadlock:
There are 3 Blocked actors, 0 Stopped actors, and 3 active threads.
Deadlock detected.
Resolving Deadlock
Checking for deadlock:
There are 3 Blocked actors, 0 Stopped actors, and 3 active threads.
Artificial Deadlock - increasing queue capacity.
increasing the capacity of receiver ptolemy.actor.TypedIOPort {.top.OrderedMerge.inputB} to 2
-- Thread wrapup() called.
Called wrapup()
Thread .top.Ramp2 is exiting.
-- Thread stopped.
Director: Called postfire().
Called postfire().
_stopRequested = false
_stopFireRequested = false
Returning from postfire(): true
Called fire().
Checking for deadlock:
There are 2 Blocked actors, 0 Stopped actors, and 2 active threads.
Actors have stopped.
Checking for deadlock:
There are 2 Blocked actors, 0 Stopped actors, and 2 active threads.
Deadlock detected.
Resolving Deadlock
Checking for deadlock:
There are 2 Blocked actors, 0 Stopped actors, and 2 active threads.
Deadlock detected: no processes blocked on write, but some are blocked on read.
Called postfire().
_stopRequested = false
_stopFireRequested = false
Returning from postfire(): false
Finished deactivating branches.
Called wrapup().
-- Thread wrapup() called.
Called wrapup()
Thread .top.OrderedMerge is exiting.
-- Thread stopped.
-- Blocked Receiver call threw TerminateProcessException.
-- Thread wrapup() called.
Called wrapup()
Thread .top.Test is exiting.
-- Thread stopped.
-- Blocked Receiver call threw TerminateProcessException.
57 ms. Memory: 129024K Free: 109111K (85%)
.top. Preinitializing ...
Invoking preinitialize():  .top.OrderedMerge
Called preinitialize()
Invoking preinitialize():  .top.Ramp
Called preinitialize()
Invoking preinitialize():  .top.Ramp2
Called preinitialize()
Invoking preinitialize():  .top.Test
Called preinitialize()
.top. Finished preinitialize().
Called initialize().
Invoking initialize():  .top.OrderedMerge
Initializing actor: .top.OrderedMerge
Adding a thread: .top.OrderedMerge
Invoking initialize():  .top.Ramp
Initializing actor: .top.Ramp
Adding a thread: .top.Ramp
Invoking initialize():  .top.Ramp2
Initializing actor: .top.Ramp2
Adding a thread: .top.Ramp2
Invoking initialize():  .top.Test
Initializing actor: .top.Test
Adding a thread: .top.Test
-- Starting thread.
Called initialize()
Called prefire()
Called fire()
-- Starting thread.
Called initialize()
Called prefire()
Called fire()
Called postfire()
Called prefire()
Called fire()
-- Starting thread.
Called initialize()
Called prefire()
Called fire()
Called postfire()
Called prefire()
Called fire()
Called fire().
Checking for deadlock:
There are 3 Blocked actors, 0 Stopped actors, and 4 active threads.
Waiting for actors to stop.
-- Starting thread.
Called initialize()
Called prefire()
Called fire()
Checking for deadlock:
There are 2 Blocked actors, 0 Stopped actors, and 4 active threads.
Waiting for actors to stop.
Called postfire()
Called prefire()
Called fire()
Checking for deadlock:
There are 3 Blocked actors, 0 Stopped actors, and 4 active threads.
Read input token from inputA with value 0.0
Waiting for actors to stop.
Next port to read input from is inputB
Called postfire()
Called prefire()
Called fire()
Called postfire()
Called prefire()
Called fire()
Checking for deadlock:
There are 3 Blocked actors, 0 Stopped actors, and 4 active threads.
Waiting for actors to stop.
Read input token from inputB with value 0.0
Sent output token with value 0.0
Next port to read input from is inputA
Called postfire()
Called prefire()
Called fire()
Read input token from inputA with value 1.0
Checking for deadlock:
There are 2 Blocked actors, 0 Stopped actors, and 4 active threads.
Waiting for actors to stop.
-- Read input: 0.0, which is expected to match: 0.0
Called prefire()
Called fire()
Called postfire()
Called prefire()
Called fire()
Checking for deadlock:
There are 3 Blocked actors, 0 Stopped actors, and 4 active threads.
Waiting for actors to stop.
Checking for deadlock:
There are 2 Blocked actors, 0 Stopped actors, and 4 active threads.
Waiting for actors to stop.
-- Read input: 0.0, which is expected to match: 0.0
Called prefire()
Called fire()
Sent output token with value 0.0
Checking for deadlock:
Next port to read input from is inputB
Called postfire()
There are 3 Blocked actors, 0 Stopped actors, and 4 active threads.
Called prefire()
Waiting for actors to stop.
Called fire()
Called postfire()
Called prefire()
Called fire()
Checking for deadlock:
There are 3 Blocked actors, 0 Stopped actors, and 4 active threads.
Waiting for actors to stop.
Read input token from inputB with value 1.5
-- Read input: 1.0, which is expected to match: 1.0
Called prefire()
Called fire()
Checking for deadlock:
There are 3 Blocked actors, 0 Stopped actors, and 4 active threads.
Sent output token with value 1.0
Waiting for actors to stop.
Next port to read input from is inputA
Called postfire()
Called prefire()
Called fire()
Checking for deadlock:
There are 2 Blocked actors, 0 Stopped actors, and 4 active threads.
Waiting for actors to stop.
Called postfire()
Called prefire()
Called fire()
Checking for deadlock:
There are 3 Blocked actors, 0 Stopped actors, and 4 active threads.
Waiting for actors to stop.
Read input token from inputA with value 2.0
Checking for deadlock:
There are 2 Blocked actors, 0 Stopped actors, and 4 active threads.
Waiting for actors to stop.
-- Read input: 1.5, which is expected to match: 1.5
Called prefire()
Called fire()
Sent output token with value 1.5
Checking for deadlock:
There are 3 Blocked actors, 0 Stopped actors, and 4 active threads.
Waiting for actors to stop.
Next port to read input from is inputB
Called postfire()
Called prefire()
Called fire()
Checking for deadlock:
There are 2 Blocked actors, 0 Stopped actors, and 4 active threads.
Waiting for actors to stop.
Called postfire()
Called prefire()
Called fire()
Checking for deadlock:
There are 3 Blocked actors, 0 Stopped actors, and 4 active threads.
Waiting for actors to stop.
Read input token from inputB with value 3.0
Checking for deadlock:
There are 2 Blocked actors, 0 Stopped actors, and 4 active threads.
Waiting for actors to stop.
-- Read input: 2.0, which is expected to match: 2.0
Called prefire()
Called fire()
Checking for deadlock:
There are 3 Blocked actors, 0 Stopped actors, and 4 active threads.
Waiting for actors to stop.
Sent output token with value 2.0
Next port to read input from is inputA
Called postfire()
Called prefire()
Called fire()
Called postfire()
Called prefire()
Called fire()
Checking for deadlock:
There are 3 Blocked actors, 0 Stopped actors, and 4 active threads.
Waiting for actors to stop.
Read input token from inputA with value 3.0
-- Read input: 3.0, which is expected to match: 3.0
Called prefire()
Called fire()
Checking for deadlock:
There are 3 Blocked actors, 0 Stopped actors, and 4 active threads.
Sent output token with value 3.0
Waiting for actors to stop.
Next port to read input from is inputB
Called postfire()
Called prefire()
Called fire()
Checking for deadlock:
There are 2 Blocked actors, 0 Stopped actors, and 4 active threads.
Waiting for actors to stop.
Called postfire()
Called prefire()
Called fire()
Checking for deadlock:
There are 3 Blocked actors, 0 Stopped actors, and 4 active threads.
Waiting for actors to stop.
Read input token from inputB with value 4.5
Checking for deadlock:
There are 2 Blocked actors, 0 Stopped actors, and 4 active threads.
Waiting for actors to stop.
-- Read input: 3.0, which is expected to match: 3.0
Called prefire()
Called fire()
Checking for deadlock:
There are 3 Blocked actors, 0 Stopped actors, and 4 active threads.
Waiting for actors to stop.
Sent output token with value 3.0
Next port to read input from is inputA
Called postfire()
Called prefire()
Called fire()
Checking for deadlock:
There are 2 Blocked actors, 0 Stopped actors, and 4 active threads.
Waiting for actors to stop.
Called postfire()
Called prefire()
Called fire()
Checking for deadlock:
There are 3 Blocked actors, 0 Stopped actors, and 4 active threads.
Waiting for actors to stop.
Read input token from inputA with value 4.0
Checking for deadlock:
There are 2 Blocked actors, 0 Stopped actors, and 4 active threads.
Sent output token with value 4.0
Waiting for actors to stop.
Next port to read input from is inputA
-- Read input: 4.0, which is expected to match: 4.0
Called prefire()
Called fire()
Past the end of training data. Read and discard all inputs.
Checking for deadlock:
Called postfire()
Called prefire()
Called fire()
There are 3 Blocked actors, 0 Stopped actors, and 4 active threads.
Waiting for actors to stop.
Checking for deadlock:
There are 2 Blocked actors, 0 Stopped actors, and 4 active threads.
Waiting for actors to stop.
Read input token from inputA with value 5.0
Called postfire()
Called prefire()
Called fire()
Checking for deadlock:
There are 2 Blocked actors, 0 Stopped actors, and 4 active threads.
Sent output token with value 4.5
Waiting for actors to stop.
Called prefire()
Called fire()
Past the end of training data. Read and discard all inputs.
Checking for deadlock:
There are 3 Blocked actors, 0 Stopped actors, and 4 active threads.
Next port to read input from is inputB
Called postfire()
Waiting for actors to stop.
Called prefire()
Called fire()
Checking for deadlock:
There are 2 Blocked actors, 0 Stopped actors, and 4 active threads.
Waiting for actors to stop.
Read input token from inputB with value 6.0
Called postfire()
Called prefire()
Called fire()
Checking for deadlock:
There are 3 Blocked actors, 0 Stopped actors, and 4 active threads.
Waiting for actors to stop.
Checking for deadlock:
There are 2 Blocked actors, 0 Stopped actors, and 4 active threads.
Sent output token with value 5.0
Waiting for actors to stop.
Called prefire()
Called fire()
Past the end of training data. Read and discard all inputs.
Checking for deadlock:
There are 3 Blocked actors, 0 Stopped actors, and 4 active threads.
Waiting for actors to stop.
Next port to read input from is inputA
Called postfire()
Called prefire()
Called fire()
Checking for deadlock:
There are 2 Blocked actors, 0 Stopped actors, and 4 active threads.
Waiting for actors to stop.
Called postfire()
Called prefire()
Called fire()
Checking for deadlock:
There are 3 Blocked actors, 0 Stopped actors, and 4 active threads.
Waiting for actors to stop.
Read input token from inputA with value 6.0
Checking for deadlock:
There are 2 Blocked actors, 0 Stopped actors, and 4 active threads.
Waiting for actors to stop.
Called prefire()
Called fire()
Past the end of training data. Read and discard all inputs.
Sent output token with value 6.0
Checking for deadlock:
There are 3 Blocked actors, 0 Stopped actors, and 4 active threads.
Next port to read input from is inputB
Called postfire()
Waiting for actors to stop.
Called prefire()
Called fire()
Checking for deadlock:
There are 2 Blocked actors, 0 Stopped actors, and 4 active threads.
Waiting for actors to stop.
Called postfire()
Called prefire()
Called fire()
Checking for deadlock:
Read input token from inputB with value 7.5
There are 3 Blocked actors, 0 Stopped actors, and 4 active threads.
Waiting for actors to stop.
Checking for deadlock:
Called prefire()
Called fire()
There are 2 Blocked actors, 0 Stopped actors, and 4 active threads.
Waiting for actors to stop.
Past the end of training data. Read and discard all inputs.
Checking for deadlock:
There are 3 Blocked actors, 0 Stopped actors, and 4 active threads.
Sent output token with value 6.0
Waiting for actors to stop.
Next port to read input from is inputA
Called postfire()
Called prefire()
Called fire()
Called postfire()
Called prefire()
Called fire()
Checking for deadlock:
There are 3 Blocked actors, 0 Stopped actors, and 4 active threads.
Waiting for actors to stop.
Read input token from inputA with value 7.0
Called prefire()
Called fire()
Past the end of training data. Read and discard all inputs.
Checking for deadlock:
There are 3 Blocked actors, 0 Stopped actors, and 4 active threads.
Waiting for actors to stop.
Sent output token with value 7.0
Next port to read input from is inputA
Called postfire()
Called prefire()
Called fire()
-- Thread wrapup() called.
Called wrapup()
Thread .top.Ramp is exiting.
-- Thread stopped.
Checking for deadlock:
There are 2 Blocked actors, 0 Stopped actors, and 3 active threads.
Waiting for actors to stop.
Read input token from inputA with value 8.0
Checking for deadlock:
Sent output token with value 7.5
There are 1 Blocked actors, 0 Stopped actors, and 3 active threads.
Waiting for actors to stop.
Next port to read input from is inputB
Called prefire()
Called fire()
Past the end of training data. Read and discard all inputs.
Called postfire()
Called prefire()
Checking for deadlock:
There are 2 Blocked actors, 0 Stopped actors, and 3 active threads.
Waiting for actors to stop.
Called fire()
Checking for deadlock:
There are 1 Blocked actors, 0 Stopped actors, and 3 active threads.
Waiting for actors to stop.
Called postfire()
Called prefire()
Called fire()
Checking for deadlock:
There are 2 Blocked actors, 0 Stopped actors, and 3 active threads.
Waiting for actors to stop.
Read input token from inputB with value 9.0
Checking for deadlock:
There are 1 Blocked actors, 0 Stopped actors, and 3 active threads.
Waiting for actors to stop.
Sent output token with value 8.0
Called prefire()
Called fire()
Past the end of training data. Read and discard all inputs.
Checking for deadlock:
There are 2 Blocked actors, 0 Stopped actors, and 3 active threads.
Waiting for actors to stop.
Next port to read input from is inputA
Called postfire()
Called prefire()
Called fire()
Read input token from inputA with value 9.0
Called prefire()
Called fire()
Past the end of training data. Read and discard all inputs.
Checking for deadlock:
There are 2 Blocked actors, 0 Stopped actors, and 3 active threads.
Waiting for actors to stop.
Sent output token with value 9.0
Next port to read input from is inputB
Called postfire()
Called prefire()
Called fire()
Checking for deadlock:
There are 1 Blocked actors, 0 Stopped actors, and 3 active threads.
Waiting for actors to stop.
Called postfire()
Called prefire()
Called fire()
Checking for deadlock:
Read input token from inputB with value 10.5
There are 2 Blocked actors, 0 Stopped actors, and 3 active threads.
Waiting for actors to stop.
Checking for deadlock:
There are 1 Blocked actors, 0 Stopped actors, and 3 active threads.
Waiting for actors to stop.
Called prefire()
Called fire()
Past the end of training data. Read and discard all inputs.
Sent output token with value 9.0
Checking for deadlock:
There are 2 Blocked actors, 0 Stopped actors, and 3 active threads.
Next port to read input from is inputA
Called postfire()
Waiting for actors to stop.
Called prefire()
Called fire()
Checking for deadlock:
There are 3 Blocked actors, 0 Stopped actors, and 3 active threads.
Actors have stopped.
Checking for deadlock:
There are 3 Blocked actors, 0 Stopped actors, and 3 active threads.
Deadlock detected.
Resolving Deadlock
Checking for deadlock:
There are 3 Blocked actors, 0 Stopped actors, and 3 active threads.
Artificial Deadlock - increasing queue capacity.
increasing the capacity of receiver ptolemy.actor.TypedIOPort {.top.OrderedMerge.inputB} to 2
Director: Called postfire().
-- Thread wrapup() called.
Called postfire().
Called wrapup()
_stopRequested = false
_stopFireRequested = false
Returning from postfire(): true
Thread .top.Ramp2 is exiting.
-- Thread stopped.
Called fire().
Checking for deadlock:
There are 2 Blocked actors, 0 Stopped actors, and 2 active threads.
Actors have stopped.
Checking for deadlock:
There are 2 Blocked actors, 0 Stopped actors, and 2 active threads.
Deadlock detected.
Resolving Deadlock
Checking for deadlock:
There are 2 Blocked actors, 0 Stopped actors, and 2 active threads.
Deadlock detected: no processes blocked on write, but some are blocked on read.
Called postfire().
_stopRequested = false
_stopFireRequested = false
Returning from postfire(): false
Finished deactivating branches.
Called wrapup().
-- Thread wrapup() called.
Called wrapup()
Thread .top.OrderedMerge is exiting.
-- Thread stopped.
-- Blocked Receiver call threw TerminateProcessException.
-- Thread wrapup() called.
Called wrapup()
Thread .top.Test is exiting.
-- Thread stopped.
-- Blocked Receiver call threw TerminateProcessException.
39 ms. Memory: 129024K Free: 108012K (84%)
/home/travis/build/icyphy/ptII/ptolemy/actor/lib/test/Publisher.tcl
13 ms. Memory: 129024K Free: 101433K (79%)
4 ms. Memory: 129024K Free: 96313K (75%)
2 ms. Memory: 129024K Free: 92727K (72%)
4 ms. Memory: 129024K Free: 91689K (71%)
2 ms. Memory: 129024K Free: 90649K (70%)
3 ms. Memory: 129024K Free: 90169K (70%)
3 ms. Memory: 129024K Free: 89145K (69%)
2 ms. Memory: 129024K Free: 88625K (69%)
50 ms. Memory: 129024K Free: 111338K (86%)
3 ms. Memory: 129024K Free: 107721K (83%)
2 ms. Memory: 129024K Free: 106721K (83%)
3 ms. Memory: 129024K Free: 104665K (81%)
6 ms. Memory: 129024K Free: 97002K (75%)
6 ms. Memory: 129024K Free: 87241K (68%)
14 ms. Memory: 129024K Free: 76522K (59%)
/home/travis/build/icyphy/ptII/ptolemy/actor/lib/test/Pulse.tcl
2 ms. Memory: 155648K Free: 115556K (74%)
2 ms. Memory: 155648K Free: 115028K (74%)
1 ms. Memory: 155648K Free: 114532K (74%)
2 ms. Memory: 155648K Free: 114004K (73%)
1 ms. Memory: 155648K Free: 113508K (73%)
7 ms. Memory: 155648K Free: 112484K (72%)
3 ms. Memory: 155648K Free: 111460K (72%)
1 ms. Memory: 155648K Free: 110436K (71%)
2 ms. Memory: 155648K Free: 109908K (71%)
/home/travis/build/icyphy/ptII/ptolemy/actor/lib/test/Ramp.tcl
2 ms. Memory: 155648K Free: 107844K (69%)
2 ms. Memory: 155648K Free: 107364K (69%)
1 ms. Memory: 155648K Free: 106340K (68%)
2 ms. Memory: 155648K Free: 105812K (68%)
4 ms. Memory: 155648K Free: 104772K (67%)
2 ms. Memory: 155648K Free: 103778K (67%)
13 ms. Memory: 155648K Free: 103268K (66%)
5 actors
4000 microseconds per iteration to create
10 ms. Memory: 155648K Free: 100196K (64%)
5 ms. Memory: 155648K Free: 99682K (64%)
5 ms. Memory: 155648K Free: 99172K (64%)
2 ms. Memory: 155648K Free: 98628K (63%)
50 actors
48000 microseconds per iteration to create
45 ms. Memory: 155648K Free: 82788K (53%)
4 ms. Memory: 155648K Free: 81764K (53%)
18 ms. Memory: 155648K Free: 80740K (52%)
5 ms. Memory: 155648K Free: 79716K (51%)
500 actors
1621000 microseconds per iteration to create
249 ms. Memory: 155648K Free: 121300K (78%)
37 ms. Memory: 155648K Free: 116180K (75%)
38 ms. Memory: 155648K Free: 110546K (71%)
35 ms. Memory: 155648K Free: 105411K (68%)
/home/travis/build/icyphy/ptII/ptolemy/actor/lib/test/RampContinuous.tcl
9 ms. Memory: 155648K Free: 103892K (67%)
/home/travis/build/icyphy/ptII/ptolemy/actor/lib/test/RecordAssembler.tcl
5 ms. Memory: 155648K Free: 102323K (66%)
3 ms. Memory: 155648K Free: 101315K (65%)
/home/travis/build/icyphy/ptII/ptolemy/actor/lib/test/RecordDisassembler.tcl
6 ms. Memory: 155648K Free: 99796K (64%)
2 ms. Memory: 155648K Free: 99267K (64%)
3 ms. Memory: 155648K Free: 97748K (63%)
/home/travis/build/icyphy/ptII/ptolemy/actor/lib/test/Scale.tcl
2 ms. Memory: 155648K Free: 96210K (62%)
2 ms. Memory: 155648K Free: 95186K (61%)
1 ms. Memory: 155648K Free: 94676K (61%)
2 ms. Memory: 155648K Free: 93652K (60%)
2 ms. Memory: 155648K Free: 92628K (60%)
/home/travis/build/icyphy/ptII/ptolemy/actor/lib/test/SequentialClock.tcl
preinitializing
resolving types
initializing
executing number 1
wrapping up
idle
1 ms. Memory: 155648K Free: 91604K (59%)
Completed execution with 5 iterations
preinitializing
resolving types
initializing
executing number 1
wrapping up
idle
1 ms. Memory: 155648K Free: 91090K (59%)
Completed execution with 5 iterations
preinitializing
resolving types
initializing
executing number 1
wrapping up
idle
1 ms. Memory: 155648K Free: 90580K (58%)
Completed execution with 5 iterations
/home/travis/build/icyphy/ptII/ptolemy/actor/lib/test/SetVariable.tcl
4 ms. Memory: 155648K Free: 88532K (57%)
/home/travis/build/icyphy/ptII/ptolemy/actor/lib/test/Sinewave.tcl
/home/travis/build/icyphy/ptII/ptolemy/actor/lib/test/SubscriptionAggregator.tcl
8 ms. Memory: 155648K Free: 77268K (50%)
2 ms. Memory: 155648K Free: 76244K (49%)
1 ms. Memory: 155648K Free: 76244K (49%)
1 ms. Memory: 155648K Free: 75730K (49%)
6 ms. Memory: 155648K Free: 72148K (46%)
7 ms. Memory: 155648K Free: 69586K (45%)
...............................................................929 ms. Memory: 262144K Free: 117758K (45%)
/home/travis/build/icyphy/ptII/ptolemy/actor/lib/test/Test.tcl
 The next command will produce a warning about training mode,
   which may be ignored.
4 ms. Memory: 262144K Free: 115703K (44%)
3 ms. Memory: 262144K Free: 115200K (44%)
1 ms. Memory: 262144K Free: 114679K (44%)
1 ms. Memory: 262144K Free: 113647K (43%)
1 ms. Memory: 262144K Free: 113152K (43%)
2 ms. Memory: 262144K Free: 112128K (43%)
3 ms. Memory: 262144K Free: 214519K (82%)
 The next command will produce a warning about training mode,
   which may be ignored.
3 ms. Memory: 262144K Free: 212478K (81%)
 The next command will produce a warning about training mode,
   which may be ignored.
3 ms. Memory: 262144K Free: 210944K (80%)
1 ms. Memory: 262144K Free: 210415K (80%)
0 ms. Memory: 262144K Free: 209920K (80%)
3 ms. Memory: 262144K Free: 209391K (80%)
6 ms. Memory: 262144K Free: 208382K (79%)
3 ms. Memory: 262144K Free: 204800K (78%)
/home/travis/build/icyphy/ptII/ptolemy/actor/lib/test/TestExceptionHandler.tcl
 The next command will produce a warning about training mode,
   which may be ignored.
3 ms. Memory: 262144K Free: 203776K (78%)
1 ms. Memory: 262144K Free: 203262K (78%)
0 ms. Memory: 262144K Free: 202207K (77%)
/home/travis/build/icyphy/ptII/ptolemy/actor/lib/test/UnionDisassembler.tcl
14 ms. Memory: 262144K Free: 195070K (74%)
/home/travis/build/icyphy/ptII/ptolemy/actor/lib/test/VariableClock.tcl
preinitializing
resolving types
initializing
executing number 1
wrapping up
idle
8 ms. Memory: 262144K Free: 193536K (74%)
Completed execution with 11 iterations
preinitializing
resolving types
initializing
executing number 1
wrapping up
idle
3 ms. Memory: 262144K Free: 191998K (73%)
Completed execution with 10 iterations
02/26/20 05:25:09
Failed: 0  Total Tests: 233  ((Passed: 233, Newly Passed: 0)  Known Failed: 0) /home/travis/build/icyphy/ptII/ptolemy/actor/lib/test
----------------- testing (KnownFailure) /home/travis/build/icyphy/ptII/ptolemy/actor/lib/test/auto/knownFailedTests/PublisherPortToplevelSubscriber.xml
2 ms. Memory: 262144K Free: 188416K (72%)
Known Failure: java.lang.reflect.InvocationTargetException
----------------- testing (KnownFailure) /home/travis/build/icyphy/ptII/ptolemy/actor/lib/test/auto/knownFailedTests/PublisherSubscriberPortToplevel.xml
1 ms. Memory: 262144K Free: 184830K (71%)
Known Failure: java.lang.reflect.InvocationTargetException
----------------- testing (KnownFailure) /home/travis/build/icyphy/ptII/ptolemy/actor/lib/test/auto/knownFailedTests/PublisherSubscriptionAggregatorPort.xml
1 ms. Memory: 262144K Free: 180734K (69%)
Known Failure: java.lang.reflect.InvocationTargetException
----------------- testing (KnownFailure) /home/travis/build/icyphy/ptII/ptolemy/actor/lib/test/auto/knownFailedTests/sizedarray3.xml
5 ms. Memory: 262144K Free: 176128K (67%)
Known Failure: java.lang.reflect.InvocationTargetException
No auto/linux-amd64/*.xml tests in /home/travis/build/icyphy/ptII/ptolemy/actor/lib/test
AutoTests.java: About to close Vertx.
AutoTests.java: Vertx closed.

===========================================================================================
----------------- testing Wed Feb 26 17:25:10 UTC 2020 /home/travis/build/icyphy/ptII/ptolemy/actor/lib/test/auto/AbsoluteValue.xml
----------------- Instantiating /home/travis/build/icyphy/ptII/ptolemy/actor/lib/test/auto/AbsoluteValue.xml
9 ms. Memory: 262144K Free: 153086K (58%)
----------------- Invoking toplevel() on ptolemy.moml.MoMLSimpleApplication@10904610
----------------- Done invoking toplevel() on ptolemy.moml.MoMLSimpleApplication@10904610
reloadAllAccessors: .AbsoluteValue

===========================================================================================
----------------- testing Wed Feb 26 17:25:10 UTC 2020 /home/travis/build/icyphy/ptII/ptolemy/actor/lib/test/auto/AbsoluteValue2.xml
----------------- Instantiating /home/travis/build/icyphy/ptII/ptolemy/actor/lib/test/auto/AbsoluteValue2.xml
4 ms. Memory: 262144K Free: 145918K (56%)
----------------- Invoking toplevel() on ptolemy.moml.MoMLSimpleApplication@57d3c4c8
----------------- Done invoking toplevel() on ptolemy.moml.MoMLSimpleApplication@57d3c4c8
reloadAllAccessors: .AbsoluteValue2

===========================================================================================
----------------- testing Wed Feb 26 17:25:10 UTC 2020 /home/travis/build/icyphy/ptII/ptolemy/actor/lib/test/auto/Accumulator.xml
----------------- Instantiating /home/travis/build/icyphy/ptII/ptolemy/actor/lib/test/auto/Accumulator.xml
5 ms. Memory: 262144K Free: 139774K (53%)
----------------- Invoking toplevel() on ptolemy.moml.MoMLSimpleApplication@6f842208
----------------- Done invoking toplevel() on ptolemy.moml.MoMLSimpleApplication@6f842208
reloadAllAccessors: .Accumulator

===========================================================================================
----------------- testing Wed Feb 26 17:25:10 UTC 2020 /home/travis/build/icyphy/ptII/ptolemy/actor/lib/test/auto/Accumulator2.xml
----------------- Instantiating /home/travis/build/icyphy/ptII/ptolemy/actor/lib/test/auto/Accumulator2.xml
3 ms. Memory: 262144K Free: 134144K (51%)
----------------- Invoking toplevel() on ptolemy.moml.MoMLSimpleApplication@deb2818
----------------- Done invoking toplevel() on ptolemy.moml.MoMLSimpleApplication@deb2818
reloadAllAccessors: .Accumulator2

===========================================================================================
----------------- testing Wed Feb 26 17:25:10 UTC 2020 /home/travis/build/icyphy/ptII/ptolemy/actor/lib/test/auto/Accumulator3.xml
----------------- Instantiating /home/travis/build/icyphy/ptII/ptolemy/actor/lib/test/auto/Accumulator3.xml
2 ms. Memory: 262144K Free: 130048K (50%)
----------------- Invoking toplevel() on ptolemy.moml.MoMLSimpleApplication@73b25046
----------------- Done invoking toplevel() on ptolemy.moml.MoMLSimpleApplication@73b25046
reloadAllAccessors: .Accumulator3

===========================================================================================
----------------- testing Wed Feb 26 17:25:10 UTC 2020 /home/travis/build/icyphy/ptII/ptolemy/actor/lib/test/auto/ArrayAppend.xml
----------------- Instantiating /home/travis/build/icyphy/ptII/ptolemy/actor/lib/test/auto/ArrayAppend.xml
4 ms. Memory: 262144K Free: 123375K (47%)
----------------- Invoking toplevel() on ptolemy.moml.MoMLSimpleApplication@4b0b1728
----------------- Done invoking toplevel() on ptolemy.moml.MoMLSimpleApplication@4b0b1728
reloadAllAccessors: .ArrayAppend

===========================================================================================
----------------- testing Wed Feb 26 17:25:10 UTC 2020 /home/travis/build/icyphy/ptII/ptolemy/actor/lib/test/auto/ArrayAppend2.xml
----------------- Instantiating /home/travis/build/icyphy/ptII/ptolemy/actor/lib/test/auto/ArrayAppend2.xml
360 ms. Memory: 262144K Free: 174590K (67%)
----------------- Invoking toplevel() on ptolemy.moml.MoMLSimpleApplication@2a9e5f7
----------------- Done invoking toplevel() on ptolemy.moml.MoMLSimpleApplication@2a9e5f7
reloadAllAccessors: .ArrayAppend2

===========================================================================================
----------------- testing Wed Feb 26 17:25:11 UTC 2020 /home/travis/build/icyphy/ptII/ptolemy/actor/lib/test/auto/ArrayAppend3.xml
----------------- Instantiating /home/travis/build/icyphy/ptII/ptolemy/actor/lib/test/auto/ArrayAppend3.xml
2 ms. Memory: 262144K Free: 168446K (64%)
----------------- Invoking toplevel() on ptolemy.moml.MoMLSimpleApplication@5fff876b
----------------- Done invoking toplevel() on ptolemy.moml.MoMLSimpleApplication@5fff876b
reloadAllAccessors: .ArrayAppend3

===========================================================================================
----------------- testing Wed Feb 26 17:25:11 UTC 2020 /home/travis/build/icyphy/ptII/ptolemy/actor/lib/test/auto/ArrayAppend4.xml
----------------- Instantiating /home/travis/build/icyphy/ptII/ptolemy/actor/lib/test/auto/ArrayAppend4.xml
3 ms. Memory: 262144K Free: 163326K (62%)
----------------- Invoking toplevel() on ptolemy.moml.MoMLSimpleApplication@5716f053
----------------- Done invoking toplevel() on ptolemy.moml.MoMLSimpleApplication@5716f053
reloadAllAccessors: .ArrayAppend4

===========================================================================================
----------------- testing Wed Feb 26 17:25:11 UTC 2020 /home/travis/build/icyphy/ptII/ptolemy/actor/lib/test/auto/ArrayAppend5.xml
----------------- Instantiating /home/travis/build/icyphy/ptII/ptolemy/actor/lib/test/auto/ArrayAppend5.xml
2 ms. Memory: 262144K Free: 158206K (60%)
----------------- Invoking toplevel() on ptolemy.moml.MoMLSimpleApplication@61b8e7b5
----------------- Done invoking toplevel() on ptolemy.moml.MoMLSimpleApplication@61b8e7b5
reloadAllAccessors: .ArrayAppend5

===========================================================================================
----------------- testing Wed Feb 26 17:25:11 UTC 2020 /home/travis/build/icyphy/ptII/ptolemy/actor/lib/test/auto/ArrayAppend6.xml
----------------- Instantiating /home/travis/build/icyphy/ptII/ptolemy/actor/lib/test/auto/ArrayAppend6.xml
2 ms. Memory: 262144K Free: 152576K (58%)
----------------- Invoking toplevel() on ptolemy.moml.MoMLSimpleApplication@4ebd1a66
----------------- Done invoking toplevel() on ptolemy.moml.MoMLSimpleApplication@4ebd1a66
reloadAllAccessors: .ArrayAppend6

===========================================================================================
----------------- testing Wed Feb 26 17:25:11 UTC 2020 /home/travis/build/icyphy/ptII/ptolemy/actor/lib/test/auto/ArrayAppendPerformanceTest.xml
----------------- Instantiating /home/travis/build/icyphy/ptII/ptolemy/actor/lib/test/auto/ArrayAppendPerformanceTest.xml
23 ms. Memory: 262144K Free: 141822K (54%)
----------------- Invoking toplevel() on ptolemy.moml.MoMLSimpleApplication@106168d0
----------------- Done invoking toplevel() on ptolemy.moml.MoMLSimpleApplication@106168d0
reloadAllAccessors: .ArrayAppendPerformanceTest

===========================================================================================
----------------- testing Wed Feb 26 17:25:11 UTC 2020 /home/travis/build/icyphy/ptII/ptolemy/actor/lib/test/auto/ArrayAppendWithEmptyInput.xml
----------------- Instantiating /home/travis/build/icyphy/ptII/ptolemy/actor/lib/test/auto/ArrayAppendWithEmptyInput.xml
18 ms. Memory: 262144K Free: 133630K (51%)
----------------- Invoking toplevel() on ptolemy.moml.MoMLSimpleApplication@3cd3df3a
----------------- Done invoking toplevel() on ptolemy.moml.MoMLSimpleApplication@3cd3df3a
reloadAllAccessors: .ArrayAppendWithEmptyInput

===========================================================================================
----------------- testing Wed Feb 26 17:25:11 UTC 2020 /home/travis/build/icyphy/ptII/ptolemy/actor/lib/test/auto/ArrayAverage.xml
----------------- Instantiating /home/travis/build/icyphy/ptII/ptolemy/actor/lib/test/auto/ArrayAverage.xml
7 ms. Memory: 262144K Free: 125952K (48%)
----------------- Invoking toplevel() on ptolemy.moml.MoMLSimpleApplication@196411b9
----------------- Done invoking toplevel() on ptolemy.moml.MoMLSimpleApplication@196411b9
reloadAllAccessors: .ArrayAverage

===========================================================================================
----------------- testing Wed Feb 26 17:25:11 UTC 2020 /home/travis/build/icyphy/ptII/ptolemy/actor/lib/test/auto/ArrayContains.xml
----------------- Instantiating /home/travis/build/icyphy/ptII/ptolemy/actor/lib/test/auto/ArrayContains.xml
7 ms. Memory: 262144K Free: 119808K (46%)
----------------- Invoking toplevel() on ptolemy.moml.MoMLSimpleApplication@5e38df24
----------------- Done invoking toplevel() on ptolemy.moml.MoMLSimpleApplication@5e38df24
reloadAllAccessors: .ArrayContains

===========================================================================================
----------------- testing Wed Feb 26 17:25:11 UTC 2020 /home/travis/build/icyphy/ptII/ptolemy/actor/lib/test/auto/ArrayElement.xml
----------------- Instantiating /home/travis/build/icyphy/ptII/ptolemy/actor/lib/test/auto/ArrayElement.xml
14 ms. Memory: 262144K Free: 114174K (44%)
----------------- Invoking toplevel() on ptolemy.moml.MoMLSimpleApplication@32caee6d
----------------- Done invoking toplevel() on ptolemy.moml.MoMLSimpleApplication@32caee6d
reloadAllAccessors: .ArrayElement

===========================================================================================
----------------- testing Wed Feb 26 17:25:11 UTC 2020 /home/travis/build/icyphy/ptII/ptolemy/actor/lib/test/auto/ArrayElementAsMatrix.xml
----------------- Instantiating /home/travis/build/icyphy/ptII/ptolemy/actor/lib/test/auto/ArrayElementAsMatrix.xml
9 ms. Memory: 262144K Free: 104448K (40%)
----------------- Invoking toplevel() on ptolemy.moml.MoMLSimpleApplication@64a1e664
----------------- Done invoking toplevel() on ptolemy.moml.MoMLSimpleApplication@64a1e664
reloadAllAccessors: .ArrayElementAsMatrix

===========================================================================================
----------------- testing Wed Feb 26 17:25:11 UTC 2020 /home/travis/build/icyphy/ptII/ptolemy/actor/lib/test/auto/ArrayElementI.xml
----------------- Instantiating /home/travis/build/icyphy/ptII/ptolemy/actor/lib/test/auto/ArrayElementI.xml
3 ms. Memory: 262144K Free: 98814K (38%)
----------------- Invoking toplevel() on ptolemy.moml.MoMLSimpleApplication@65ecb81d
----------------- Done invoking toplevel() on ptolemy.moml.MoMLSimpleApplication@65ecb81d
reloadAllAccessors: .ArrayElementI

===========================================================================================
----------------- testing Wed Feb 26 17:25:11 UTC 2020 /home/travis/build/icyphy/ptII/ptolemy/actor/lib/test/auto/ArrayExtract.xml
----------------- Instantiating /home/travis/build/icyphy/ptII/ptolemy/actor/lib/test/auto/ArrayExtract.xml
8 ms. Memory: 262144K Free: 90622K (35%)
----------------- Invoking toplevel() on ptolemy.moml.MoMLSimpleApplication@5e838896
----------------- Done invoking toplevel() on ptolemy.moml.MoMLSimpleApplication@5e838896
reloadAllAccessors: .ArrayExtract

===========================================================================================
----------------- testing Wed Feb 26 17:25:11 UTC 2020 /home/travis/build/icyphy/ptII/ptolemy/actor/lib/test/auto/ArrayExtract2.xml
----------------- Instantiating /home/travis/build/icyphy/ptII/ptolemy/actor/lib/test/auto/ArrayExtract2.xml
4 ms. Memory: 262144K Free: 84992K (32%)
----------------- Invoking toplevel() on ptolemy.moml.MoMLSimpleApplication@786b4832
----------------- Done invoking toplevel() on ptolemy.moml.MoMLSimpleApplication@786b4832
reloadAllAccessors: .ArrayExtract2

===========================================================================================
----------------- testing Wed Feb 26 17:25:11 UTC 2020 /home/travis/build/icyphy/ptII/ptolemy/actor/lib/test/auto/ArrayLength.xml
----------------- Instantiating /home/travis/build/icyphy/ptII/ptolemy/actor/lib/test/auto/ArrayLength.xml
2 ms. Memory: 262144K Free: 81406K (31%)
----------------- Invoking toplevel() on ptolemy.moml.MoMLSimpleApplication@1f90060c
----------------- Done invoking toplevel() on ptolemy.moml.MoMLSimpleApplication@1f90060c
reloadAllAccessors: .ArrayLength

===========================================================================================
----------------- testing Wed Feb 26 17:25:11 UTC 2020 /home/travis/build/icyphy/ptII/ptolemy/actor/lib/test/auto/ArrayLevelCrossing.xml
----------------- Instantiating /home/travis/build/icyphy/ptII/ptolemy/actor/lib/test/auto/ArrayLevelCrossing.xml
4 ms. Memory: 262144K Free: 73214K (28%)
----------------- Invoking toplevel() on ptolemy.moml.MoMLSimpleApplication@2526aa60
----------------- Done invoking toplevel() on ptolemy.moml.MoMLSimpleApplication@2526aa60
reloadAllAccessors: .ArrayLevelCrossing

===========================================================================================
----------------- testing Wed Feb 26 17:25:11 UTC 2020 /home/travis/build/icyphy/ptII/ptolemy/actor/lib/test/auto/ArrayLevelCrossing2.xml
----------------- Instantiating /home/travis/build/icyphy/ptII/ptolemy/actor/lib/test/auto/ArrayLevelCrossing2.xml
3 ms. Memory: 262144K Free: 209457K (80%)
----------------- Invoking toplevel() on ptolemy.moml.MoMLSimpleApplication@4294184f
----------------- Done invoking toplevel() on ptolemy.moml.MoMLSimpleApplication@4294184f
reloadAllAccessors: .ArrayLevelCrossing2

===========================================================================================
----------------- testing Wed Feb 26 17:25:11 UTC 2020 /home/travis/build/icyphy/ptII/ptolemy/actor/lib/test/auto/ArrayPeakSearch.xml
----------------- Instantiating /home/travis/build/icyphy/ptII/ptolemy/actor/lib/test/auto/ArrayPeakSearch.xml
7 ms. Memory: 262144K Free: 200241K (76%)
----------------- Invoking toplevel() on ptolemy.moml.MoMLSimpleApplication@18e4dc4
----------------- Done invoking toplevel() on ptolemy.moml.MoMLSimpleApplication@18e4dc4
reloadAllAccessors: .ArrayPeakSearch

===========================================================================================
----------------- testing Wed Feb 26 17:25:11 UTC 2020 /home/travis/build/icyphy/ptII/ptolemy/actor/lib/test/auto/ArrayPeakSearch2.xml
----------------- Instantiating /home/travis/build/icyphy/ptII/ptolemy/actor/lib/test/auto/ArrayPeakSearch2.xml
3 ms. Memory: 262144K Free: 190001K (72%)
----------------- Invoking toplevel() on ptolemy.moml.MoMLSimpleApplication@7f9f52e0
----------------- Done invoking toplevel() on ptolemy.moml.MoMLSimpleApplication@7f9f52e0
reloadAllAccessors: .ArrayPeakSearch2

===========================================================================================
----------------- testing Wed Feb 26 17:25:11 UTC 2020 /home/travis/build/icyphy/ptII/ptolemy/actor/lib/test/auto/ArrayPeakSearch3.xml
----------------- Instantiating /home/travis/build/icyphy/ptII/ptolemy/actor/lib/test/auto/ArrayPeakSearch3.xml
5 ms. Memory: 262144K Free: 180785K (69%)
----------------- Invoking toplevel() on ptolemy.moml.MoMLSimpleApplication@4d09deae
----------------- Done invoking toplevel() on ptolemy.moml.MoMLSimpleApplication@4d09deae
reloadAllAccessors: .ArrayPeakSearch3

===========================================================================================
----------------- testing Wed Feb 26 17:25:11 UTC 2020 /home/travis/build/icyphy/ptII/ptolemy/actor/lib/test/auto/ArrayRemoveElement.xml
----------------- Instantiating /home/travis/build/icyphy/ptII/ptolemy/actor/lib/test/auto/ArrayRemoveElement.xml
3 ms. Memory: 262144K Free: 173103K (66%)
----------------- Invoking toplevel() on ptolemy.moml.MoMLSimpleApplication@2d57163c
----------------- Done invoking toplevel() on ptolemy.moml.MoMLSimpleApplication@2d57163c
reloadAllAccessors: .ArrayRemoveElement

===========================================================================================
----------------- testing Wed Feb 26 17:25:11 UTC 2020 /home/travis/build/icyphy/ptII/ptolemy/actor/lib/test/auto/ArraySort.xml
----------------- Instantiating /home/travis/build/icyphy/ptII/ptolemy/actor/lib/test/auto/ArraySort.xml
6 ms. Memory: 262144K Free: 163887K (63%)
----------------- Invoking toplevel() on ptolemy.moml.MoMLSimpleApplication@c0cfb72
----------------- Done invoking toplevel() on ptolemy.moml.MoMLSimpleApplication@c0cfb72
reloadAllAccessors: .ArraySort

===========================================================================================
----------------- testing Wed Feb 26 17:25:11 UTC 2020 /home/travis/build/icyphy/ptII/ptolemy/actor/lib/test/auto/ArraySum.xml
----------------- Instantiating /home/travis/build/icyphy/ptII/ptolemy/actor/lib/test/auto/ArraySum.xml
8 ms. Memory: 262144K Free: 158767K (61%)
----------------- Invoking toplevel() on ptolemy.moml.MoMLSimpleApplication@5bade0d6
----------------- Done invoking toplevel() on ptolemy.moml.MoMLSimpleApplication@5bade0d6
reloadAllAccessors: .ArraySum

===========================================================================================
----------------- testing Wed Feb 26 17:25:11 UTC 2020 /home/travis/build/icyphy/ptII/ptolemy/actor/lib/test/auto/ArrayToElements.xml
----------------- Instantiating /home/travis/build/icyphy/ptII/ptolemy/actor/lib/test/auto/ArrayToElements.xml
8 ms. Memory: 262144K Free: 153137K (58%)
----------------- Invoking toplevel() on ptolemy.moml.MoMLSimpleApplication@685ce9bd
----------------- Done invoking toplevel() on ptolemy.moml.MoMLSimpleApplication@685ce9bd
reloadAllAccessors: .ArrayToElements

===========================================================================================
----------------- testing Wed Feb 26 17:25:11 UTC 2020 /home/travis/build/icyphy/ptII/ptolemy/actor/lib/test/auto/ArrayToMatrix.xml
----------------- Instantiating /home/travis/build/icyphy/ptII/ptolemy/actor/lib/test/auto/ArrayToMatrix.xml
14 ms. Memory: 262144K Free: 139311K (53%)
----------------- Invoking toplevel() on ptolemy.moml.MoMLSimpleApplication@315384df
----------------- Done invoking toplevel() on ptolemy.moml.MoMLSimpleApplication@315384df
reloadAllAccessors: .ArrayToMatrix

===========================================================================================
----------------- testing Wed Feb 26 17:25:11 UTC 2020 /home/travis/build/icyphy/ptII/ptolemy/actor/lib/test/auto/ArrayUpdate1.xml
----------------- Instantiating /home/travis/build/icyphy/ptII/ptolemy/actor/lib/test/auto/ArrayUpdate1.xml
5 ms. Memory: 262144K Free: 134191K (51%)
----------------- Invoking toplevel() on ptolemy.moml.MoMLSimpleApplication@3c4c33b9
----------------- Done invoking toplevel() on ptolemy.moml.MoMLSimpleApplication@3c4c33b9
reloadAllAccessors: .ArrayUpdate1

===========================================================================================
----------------- testing Wed Feb 26 17:25:11 UTC 2020 /home/travis/build/icyphy/ptII/ptolemy/actor/lib/test/auto/ArrayUpdate2.xml
----------------- Instantiating /home/travis/build/icyphy/ptII/ptolemy/actor/lib/test/auto/ArrayUpdate2.xml
6 ms. Memory: 262144K Free: 128033K (49%)
----------------- Invoking toplevel() on ptolemy.moml.MoMLSimpleApplication@40ee7616
----------------- Done invoking toplevel() on ptolemy.moml.MoMLSimpleApplication@40ee7616
reloadAllAccessors: .ArrayUpdate2

===========================================================================================
----------------- testing Wed Feb 26 17:25:12 UTC 2020 /home/travis/build/icyphy/ptII/ptolemy/actor/lib/test/auto/ArrayUpdate3.xml
----------------- Instantiating /home/travis/build/icyphy/ptII/ptolemy/actor/lib/test/auto/ArrayUpdate3.xml
4 ms. Memory: 262144K Free: 122927K (47%)
----------------- Invoking toplevel() on ptolemy.moml.MoMLSimpleApplication@2317207a
----------------- Done invoking toplevel() on ptolemy.moml.MoMLSimpleApplication@2317207a
reloadAllAccessors: .ArrayUpdate3

===========================================================================================
----------------- testing Wed Feb 26 17:25:12 UTC 2020 /home/travis/build/icyphy/ptII/ptolemy/actor/lib/test/auto/Assert1.xml
----------------- Instantiating /home/travis/build/icyphy/ptII/ptolemy/actor/lib/test/auto/Assert1.xml
5 ms. Memory: 262144K Free: 118831K (45%)
----------------- Invoking toplevel() on ptolemy.moml.MoMLSimpleApplication@6d9df01d
----------------- Done invoking toplevel() on ptolemy.moml.MoMLSimpleApplication@6d9df01d
reloadAllAccessors: .Assert1

===========================================================================================
----------------- testing Wed Feb 26 17:25:12 UTC 2020 /home/travis/build/icyphy/ptII/ptolemy/actor/lib/test/auto/Assert2.xml
----------------- Instantiating /home/travis/build/icyphy/ptII/ptolemy/actor/lib/test/auto/Assert2.xml
2 ms. Memory: 262144K Free: 113201K (43%)
----------------- Invoking toplevel() on ptolemy.moml.MoMLSimpleApplication@19875160
----------------- Done invoking toplevel() on ptolemy.moml.MoMLSimpleApplication@19875160
reloadAllAccessors: .Assert2

===========================================================================================
----------------- testing Wed Feb 26 17:25:12 UTC 2020 /home/travis/build/icyphy/ptII/ptolemy/actor/lib/test/auto/BooleanMultiplexor.xml
----------------- Instantiating /home/travis/build/icyphy/ptII/ptolemy/actor/lib/test/auto/BooleanMultiplexor.xml
2 ms. Memory: 262144K Free: 108081K (41%)
----------------- Invoking toplevel() on ptolemy.moml.MoMLSimpleApplication@1d763854
----------------- Done invoking toplevel() on ptolemy.moml.MoMLSimpleApplication@1d763854
reloadAllAccessors: .BooleanMultiplexor

===========================================================================================
----------------- testing Wed Feb 26 17:25:12 UTC 2020 /home/travis/build/icyphy/ptII/ptolemy/actor/lib/test/auto/BooleanMultiplexor2.xml
----------------- Instantiating /home/travis/build/icyphy/ptII/ptolemy/actor/lib/test/auto/BooleanMultiplexor2.xml
3 ms. Memory: 262144K Free: 101423K (39%)
----------------- Invoking toplevel() on ptolemy.moml.MoMLSimpleApplication@6ebfd14
----------------- Done invoking toplevel() on ptolemy.moml.MoMLSimpleApplication@6ebfd14
reloadAllAccessors: .BooleanMultiplexor2

===========================================================================================
----------------- testing Wed Feb 26 17:25:12 UTC 2020 /home/travis/build/icyphy/ptII/ptolemy/actor/lib/test/auto/BooleanMultiplexor3.xml
----------------- Instantiating /home/travis/build/icyphy/ptII/ptolemy/actor/lib/test/auto/BooleanMultiplexor3.xml
2 ms. Memory: 262144K Free: 97841K (37%)
----------------- Invoking toplevel() on ptolemy.moml.MoMLSimpleApplication@1e3a6bc5
----------------- Done invoking toplevel() on ptolemy.moml.MoMLSimpleApplication@1e3a6bc5
reloadAllAccessors: .BooleanMultiplexor3

===========================================================================================
----------------- testing Wed Feb 26 17:25:12 UTC 2020 /home/travis/build/icyphy/ptII/ptolemy/actor/lib/test/auto/BooleanSelect.xml
----------------- Instantiating /home/travis/build/icyphy/ptII/ptolemy/actor/lib/test/auto/BooleanSelect.xml
3 ms. Memory: 262144K Free: 91697K (35%)
----------------- Invoking toplevel() on ptolemy.moml.MoMLSimpleApplication@27e83c40
----------------- Done invoking toplevel() on ptolemy.moml.MoMLSimpleApplication@27e83c40
reloadAllAccessors: .BooleanSelect

===========================================================================================
----------------- testing Wed Feb 26 17:25:12 UTC 2020 /home/travis/build/icyphy/ptII/ptolemy/actor/lib/test/auto/BooleanSelect2.xml
----------------- Instantiating /home/travis/build/icyphy/ptII/ptolemy/actor/lib/test/auto/BooleanSelect2.xml
2 ms. Memory: 262144K Free: 87601K (33%)
----------------- Invoking toplevel() on ptolemy.moml.MoMLSimpleApplication@4f12bb6e
----------------- Done invoking toplevel() on ptolemy.moml.MoMLSimpleApplication@4f12bb6e
reloadAllAccessors: .BooleanSelect2

===========================================================================================
----------------- testing Wed Feb 26 17:25:12 UTC 2020 /home/travis/build/icyphy/ptII/ptolemy/actor/lib/test/auto/BooleanSwitch.xml
----------------- Instantiating /home/travis/build/icyphy/ptII/ptolemy/actor/lib/test/auto/BooleanSwitch.xml
11 ms. Memory: 262144K Free: 81457K (31%)
----------------- Invoking toplevel() on ptolemy.moml.MoMLSimpleApplication@65b82b34
----------------- Done invoking toplevel() on ptolemy.moml.MoMLSimpleApplication@65b82b34
reloadAllAccessors: .BooleanSwitch

===========================================================================================
----------------- testing Wed Feb 26 17:25:12 UTC 2020 /home/travis/build/icyphy/ptII/ptolemy/actor/lib/test/auto/BooleanSwitch2.xml
----------------- Instantiating /home/travis/build/icyphy/ptII/ptolemy/actor/lib/test/auto/BooleanSwitch2.xml
2 ms. Memory: 262144K Free: 77361K (30%)
----------------- Invoking toplevel() on ptolemy.moml.MoMLSimpleApplication@61fbf25e
----------------- Done invoking toplevel() on ptolemy.moml.MoMLSimpleApplication@61fbf25e
reloadAllAccessors: .BooleanSwitch2

===========================================================================================
----------------- testing Wed Feb 26 17:25:12 UTC 2020 /home/travis/build/icyphy/ptII/ptolemy/actor/lib/test/auto/BooleanSwitchCloningBugWithClassRelationGroup.xml
----------------- Instantiating /home/travis/build/icyphy/ptII/ptolemy/actor/lib/test/auto/BooleanSwitchCloningBugWithClassRelationGroup.xml
4 ms. Memory: 262144K Free: 70703K (27%)
----------------- Invoking toplevel() on ptolemy.moml.MoMLSimpleApplication@26af5c88
----------------- Done invoking toplevel() on ptolemy.moml.MoMLSimpleApplication@26af5c88
reloadAllAccessors: .BooleanSwitchCloningBugWithClassRelationGroup

===========================================================================================
----------------- testing Wed Feb 26 17:25:12 UTC 2020 /home/travis/build/icyphy/ptII/ptolemy/actor/lib/test/auto/BusActors.xml
----------------- Instantiating /home/travis/build/icyphy/ptII/ptolemy/actor/lib/test/auto/BusActors.xml
14 ms. Memory: 450560K Free: 401139K (89%)
----------------- Invoking toplevel() on ptolemy.moml.MoMLSimpleApplication@2bacf1b8
----------------- Done invoking toplevel() on ptolemy.moml.MoMLSimpleApplication@2bacf1b8
reloadAllAccessors: .BusActors

===========================================================================================
----------------- testing Wed Feb 26 17:25:12 UTC 2020 /home/travis/build/icyphy/ptII/ptolemy/actor/lib/test/auto/ClassWrapper.xml
----------------- Instantiating /home/travis/build/icyphy/ptII/ptolemy/actor/lib/test/auto/ClassWrapper.xml
3 ms. Memory: 450560K Free: 396019K (88%)
----------------- Invoking toplevel() on ptolemy.moml.MoMLSimpleApplication@277c9657
----------------- Done invoking toplevel() on ptolemy.moml.MoMLSimpleApplication@277c9657
reloadAllAccessors: .ClassWrapper

===========================================================================================
----------------- testing Wed Feb 26 17:25:12 UTC 2020 /home/travis/build/icyphy/ptII/ptolemy/actor/lib/test/auto/Clock.xml
----------------- Instantiating /home/travis/build/icyphy/ptII/ptolemy/actor/lib/test/auto/Clock.xml
2 ms. Memory: 450560K Free: 391923K (87%)
----------------- Invoking toplevel() on ptolemy.moml.MoMLSimpleApplication@7c537ca9
----------------- Done invoking toplevel() on ptolemy.moml.MoMLSimpleApplication@7c537ca9
reloadAllAccessors: .Clock

===========================================================================================
----------------- testing Wed Feb 26 17:25:12 UTC 2020 /home/travis/build/icyphy/ptII/ptolemy/actor/lib/test/auto/Clock10.xml
----------------- Instantiating /home/travis/build/icyphy/ptII/ptolemy/actor/lib/test/auto/Clock10.xml
7 ms. Memory: 450560K Free: 386289K (86%)
----------------- Invoking toplevel() on ptolemy.moml.MoMLSimpleApplication@5ad07a67
----------------- Done invoking toplevel() on ptolemy.moml.MoMLSimpleApplication@5ad07a67
reloadAllAccessors: .Clock10

===========================================================================================
----------------- testing Wed Feb 26 17:25:12 UTC 2020 /home/travis/build/icyphy/ptII/ptolemy/actor/lib/test/auto/Clock11.xml
----------------- Instantiating /home/travis/build/icyphy/ptII/ptolemy/actor/lib/test/auto/Clock11.xml
4 ms. Memory: 450560K Free: 380145K (84%)
----------------- Invoking toplevel() on ptolemy.moml.MoMLSimpleApplication@57eba054
----------------- Done invoking toplevel() on ptolemy.moml.MoMLSimpleApplication@57eba054
reloadAllAccessors: .Clock11

===========================================================================================
----------------- testing Wed Feb 26 17:25:12 UTC 2020 /home/travis/build/icyphy/ptII/ptolemy/actor/lib/test/auto/Clock12.xml
----------------- Instantiating /home/travis/build/icyphy/ptII/ptolemy/actor/lib/test/auto/Clock12.xml
5 ms. Memory: 450560K Free: 374515K (83%)
----------------- Invoking toplevel() on ptolemy.moml.MoMLSimpleApplication@48d1fe8c
----------------- Done invoking toplevel() on ptolemy.moml.MoMLSimpleApplication@48d1fe8c
reloadAllAccessors: .Clock12

===========================================================================================
----------------- testing Wed Feb 26 17:25:12 UTC 2020 /home/travis/build/icyphy/ptII/ptolemy/actor/lib/test/auto/Clock13.xml
----------------- Instantiating /home/travis/build/icyphy/ptII/ptolemy/actor/lib/test/auto/Clock13.xml
6 ms. Memory: 450560K Free: 368371K (82%)
----------------- Invoking toplevel() on ptolemy.moml.MoMLSimpleApplication@caf48e8
----------------- Done invoking toplevel() on ptolemy.moml.MoMLSimpleApplication@caf48e8
reloadAllAccessors: .Clock13

===========================================================================================
----------------- testing Wed Feb 26 17:25:12 UTC 2020 /home/travis/build/icyphy/ptII/ptolemy/actor/lib/test/auto/Clock14.xml
----------------- Instantiating /home/travis/build/icyphy/ptII/ptolemy/actor/lib/test/auto/Clock14.xml
5 ms. Memory: 450560K Free: 362731K (81%)
----------------- Invoking toplevel() on ptolemy.moml.MoMLSimpleApplication@1b5d8cba
----------------- Done invoking toplevel() on ptolemy.moml.MoMLSimpleApplication@1b5d8cba
reloadAllAccessors: .Clock14

===========================================================================================
----------------- testing Wed Feb 26 17:25:12 UTC 2020 /home/travis/build/icyphy/ptII/ptolemy/actor/lib/test/auto/Clock15.xml
----------------- Instantiating /home/travis/build/icyphy/ptII/ptolemy/actor/lib/test/auto/Clock15.xml
5 ms. Memory: 450560K Free: 356563K (79%)
----------------- Invoking toplevel() on ptolemy.moml.MoMLSimpleApplication@52440e5b
----------------- Done invoking toplevel() on ptolemy.moml.MoMLSimpleApplication@52440e5b
reloadAllAccessors: .Clock15

===========================================================================================
----------------- testing Wed Feb 26 17:25:12 UTC 2020 /home/travis/build/icyphy/ptII/ptolemy/actor/lib/test/auto/Clock16.xml
----------------- Instantiating /home/travis/build/icyphy/ptII/ptolemy/actor/lib/test/auto/Clock16.xml
35 ms. Memory: 450560K Free: 342243K (76%)
----------------- Invoking toplevel() on ptolemy.moml.MoMLSimpleApplication@4a94d184
----------------- Done invoking toplevel() on ptolemy.moml.MoMLSimpleApplication@4a94d184
reloadAllAccessors: .Clock16

===========================================================================================
----------------- testing Wed Feb 26 17:25:12 UTC 2020 /home/travis/build/icyphy/ptII/ptolemy/actor/lib/test/auto/Clock17.xml
----------------- Instantiating /home/travis/build/icyphy/ptII/ptolemy/actor/lib/test/auto/Clock17.xml
22 ms. Memory: 450560K Free: 327907K (73%)
----------------- Invoking toplevel() on ptolemy.moml.MoMLSimpleApplication@4f9f72f2
----------------- Done invoking toplevel() on ptolemy.moml.MoMLSimpleApplication@4f9f72f2
reloadAllAccessors: .Clock17

===========================================================================================
----------------- testing Wed Feb 26 17:25:12 UTC 2020 /home/travis/build/icyphy/ptII/ptolemy/actor/lib/test/auto/Clock18.xml
----------------- Instantiating /home/travis/build/icyphy/ptII/ptolemy/actor/lib/test/auto/Clock18.xml
24 ms. Memory: 450560K Free: 314593K (70%)
----------------- Invoking toplevel() on ptolemy.moml.MoMLSimpleApplication@68ed130e
----------------- Done invoking toplevel() on ptolemy.moml.MoMLSimpleApplication@68ed130e
reloadAllAccessors: .Clock18

===========================================================================================
----------------- testing Wed Feb 26 17:25:12 UTC 2020 /home/travis/build/icyphy/ptII/ptolemy/actor/lib/test/auto/Clock19.xml
----------------- Instantiating /home/travis/build/icyphy/ptII/ptolemy/actor/lib/test/auto/Clock19.xml
15 ms. Memory: 450560K Free: 301811K (67%)
----------------- Invoking toplevel() on ptolemy.moml.MoMLSimpleApplication@1e243946
----------------- Done invoking toplevel() on ptolemy.moml.MoMLSimpleApplication@1e243946
reloadAllAccessors: .Clock19

===========================================================================================
----------------- testing Wed Feb 26 17:25:12 UTC 2020 /home/travis/build/icyphy/ptII/ptolemy/actor/lib/test/auto/Clock2.xml
----------------- Instantiating /home/travis/build/icyphy/ptII/ptolemy/actor/lib/test/auto/Clock2.xml
6 ms. Memory: 450560K Free: 296691K (66%)
----------------- Invoking toplevel() on ptolemy.moml.MoMLSimpleApplication@1a8c232d
----------------- Done invoking toplevel() on ptolemy.moml.MoMLSimpleApplication@1a8c232d
reloadAllAccessors: .Clock2

===========================================================================================
----------------- testing Wed Feb 26 17:25:12 UTC 2020 /home/travis/build/icyphy/ptII/ptolemy/actor/lib/test/auto/Clock20.xml
----------------- Instantiating /home/travis/build/icyphy/ptII/ptolemy/actor/lib/test/auto/Clock20.xml
9 ms. Memory: 450560K Free: 291571K (65%)
----------------- Invoking toplevel() on ptolemy.moml.MoMLSimpleApplication@4842fafe
----------------- Done invoking toplevel() on ptolemy.moml.MoMLSimpleApplication@4842fafe
reloadAllAccessors: .Clock20

===========================================================================================
----------------- testing Wed Feb 26 17:25:12 UTC 2020 /home/travis/build/icyphy/ptII/ptolemy/actor/lib/test/auto/Clock21.xml
----------------- Instantiating /home/travis/build/icyphy/ptII/ptolemy/actor/lib/test/auto/Clock21.xml
5 ms. Memory: 450560K Free: 285937K (63%)
----------------- Invoking toplevel() on ptolemy.moml.MoMLSimpleApplication@471d53c2
----------------- Done invoking toplevel() on ptolemy.moml.MoMLSimpleApplication@471d53c2
reloadAllAccessors: .Clock21

===========================================================================================
----------------- testing Wed Feb 26 17:25:12 UTC 2020 /home/travis/build/icyphy/ptII/ptolemy/actor/lib/test/auto/Clock22.xml
----------------- Instantiating /home/travis/build/icyphy/ptII/ptolemy/actor/lib/test/auto/Clock22.xml
6 ms. Memory: 450560K Free: 280817K (62%)
----------------- Invoking toplevel() on ptolemy.moml.MoMLSimpleApplication@51e39657
----------------- Done invoking toplevel() on ptolemy.moml.MoMLSimpleApplication@51e39657
reloadAllAccessors: .Clock22

===========================================================================================
----------------- testing Wed Feb 26 17:25:12 UTC 2020 /home/travis/build/icyphy/ptII/ptolemy/actor/lib/test/auto/Clock23.xml
----------------- Instantiating /home/travis/build/icyphy/ptII/ptolemy/actor/lib/test/auto/Clock23.xml
6 ms. Memory: 450560K Free: 275187K (61%)
----------------- Invoking toplevel() on ptolemy.moml.MoMLSimpleApplication@3f4768d0
----------------- Done invoking toplevel() on ptolemy.moml.MoMLSimpleApplication@3f4768d0
reloadAllAccessors: .Clock23

===========================================================================================
----------------- testing Wed Feb 26 17:25:12 UTC 2020 /home/travis/build/icyphy/ptII/ptolemy/actor/lib/test/auto/Clock24.xml
----------------- Instantiating /home/travis/build/icyphy/ptII/ptolemy/actor/lib/test/auto/Clock24.xml
5 ms. Memory: 450560K Free: 269553K (60%)
----------------- Invoking toplevel() on ptolemy.moml.MoMLSimpleApplication@4593c45c
----------------- Done invoking toplevel() on ptolemy.moml.MoMLSimpleApplication@4593c45c
reloadAllAccessors: .Clock24

===========================================================================================
----------------- testing Wed Feb 26 17:25:13 UTC 2020 /home/travis/build/icyphy/ptII/ptolemy/actor/lib/test/auto/Clock4.xml
----------------- Instantiating /home/travis/build/icyphy/ptII/ptolemy/actor/lib/test/auto/Clock4.xml
2 ms. Memory: 450560K Free: 264947K (59%)
----------------- Invoking toplevel() on ptolemy.moml.MoMLSimpleApplication@2598e9d0
----------------- Done invoking toplevel() on ptolemy.moml.MoMLSimpleApplication@2598e9d0
reloadAllAccessors: .Clock4

===========================================================================================
----------------- testing Wed Feb 26 17:25:13 UTC 2020 /home/travis/build/icyphy/ptII/ptolemy/actor/lib/test/auto/Clock5.xml
----------------- Instantiating /home/travis/build/icyphy/ptII/ptolemy/actor/lib/test/auto/Clock5.xml
2 ms. Memory: 450560K Free: 259307K (58%)
----------------- Invoking toplevel() on ptolemy.moml.MoMLSimpleApplication@6978c70
----------------- Done invoking toplevel() on ptolemy.moml.MoMLSimpleApplication@6978c70
reloadAllAccessors: .Clock5

===========================================================================================
----------------- testing Wed Feb 26 17:25:13 UTC 2020 /home/travis/build/icyphy/ptII/ptolemy/actor/lib/test/auto/Clock6.xml
----------------- Instantiating /home/travis/build/icyphy/ptII/ptolemy/actor/lib/test/auto/Clock6.xml
2 ms. Memory: 450560K Free: 255217K (57%)
----------------- Invoking toplevel() on ptolemy.moml.MoMLSimpleApplication@4fa5d2dd
----------------- Done invoking toplevel() on ptolemy.moml.MoMLSimpleApplication@4fa5d2dd
reloadAllAccessors: .Clock6

===========================================================================================
----------------- testing Wed Feb 26 17:25:13 UTC 2020 /home/travis/build/icyphy/ptII/ptolemy/actor/lib/test/auto/Clock7.xml
----------------- Instantiating /home/travis/build/icyphy/ptII/ptolemy/actor/lib/test/auto/Clock7.xml
3 ms. Memory: 450560K Free: 250097K (56%)
----------------- Invoking toplevel() on ptolemy.moml.MoMLSimpleApplication@10cc3d81
----------------- Done invoking toplevel() on ptolemy.moml.MoMLSimpleApplication@10cc3d81
reloadAllAccessors: .Clock7

===========================================================================================
----------------- testing Wed Feb 26 17:25:13 UTC 2020 /home/travis/build/icyphy/ptII/ptolemy/actor/lib/test/auto/Clock8.xml
----------------- Instantiating /home/travis/build/icyphy/ptII/ptolemy/actor/lib/test/auto/Clock8.xml
5 ms. Memory: 450560K Free: 244467K (54%)
----------------- Invoking toplevel() on ptolemy.moml.MoMLSimpleApplication@3682bc14
----------------- Done invoking toplevel() on ptolemy.moml.MoMLSimpleApplication@3682bc14
reloadAllAccessors: .Clock8

===========================================================================================
----------------- testing Wed Feb 26 17:25:13 UTC 2020 /home/travis/build/icyphy/ptII/ptolemy/actor/lib/test/auto/Clock9.xml
----------------- Instantiating /home/travis/build/icyphy/ptII/ptolemy/actor/lib/test/auto/Clock9.xml
5 ms. Memory: 450560K Free: 239347K (53%)
----------------- Invoking toplevel() on ptolemy.moml.MoMLSimpleApplication@1f2294ae
----------------- Done invoking toplevel() on ptolemy.moml.MoMLSimpleApplication@1f2294ae
reloadAllAccessors: .Clock9

===========================================================================================
----------------- testing Wed Feb 26 17:25:13 UTC 2020 /home/travis/build/icyphy/ptII/ptolemy/actor/lib/test/auto/CommDistDiscard.xml
----------------- Instantiating /home/travis/build/icyphy/ptII/ptolemy/actor/lib/test/auto/CommDistDiscard.xml
4 ms. Memory: 450560K Free: 233713K (52%)
----------------- Invoking toplevel() on ptolemy.moml.MoMLSimpleApplication@5272eaa7
----------------- Done invoking toplevel() on ptolemy.moml.MoMLSimpleApplication@5272eaa7
reloadAllAccessors: .CommDistDiscard

===========================================================================================
----------------- testing Wed Feb 26 17:25:13 UTC 2020 /home/travis/build/icyphy/ptII/ptolemy/actor/lib/test/auto/Commutator.xml
----------------- Instantiating /home/travis/build/icyphy/ptII/ptolemy/actor/lib/test/auto/Commutator.xml
2 ms. Memory: 450560K Free: 229617K (51%)
----------------- Invoking toplevel() on ptolemy.moml.MoMLSimpleApplication@44b48e27
----------------- Done invoking toplevel() on ptolemy.moml.MoMLSimpleApplication@44b48e27
reloadAllAccessors: .Commutator

===========================================================================================
----------------- testing Wed Feb 26 17:25:13 UTC 2020 /home/travis/build/icyphy/ptII/ptolemy/actor/lib/test/auto/Commutator2.xml
----------------- Instantiating /home/travis/build/icyphy/ptII/ptolemy/actor/lib/test/auto/Commutator2.xml
2 ms. Memory: 450560K Free: 225011K (50%)
----------------- Invoking toplevel() on ptolemy.moml.MoMLSimpleApplication@3bfd9608
----------------- Done invoking toplevel() on ptolemy.moml.MoMLSimpleApplication@3bfd9608
reloadAllAccessors: .Commutator2

===========================================================================================
----------------- testing Wed Feb 26 17:25:13 UTC 2020 /home/travis/build/icyphy/ptII/ptolemy/actor/lib/test/auto/Commutator3.xml
----------------- Instantiating /home/travis/build/icyphy/ptII/ptolemy/actor/lib/test/auto/Commutator3.xml
3 ms. Memory: 450560K Free: 220401K (49%)
----------------- Invoking toplevel() on ptolemy.moml.MoMLSimpleApplication@3fff6a0f
----------------- Done invoking toplevel() on ptolemy.moml.MoMLSimpleApplication@3fff6a0f
reloadAllAccessors: .Commutator3

===========================================================================================
----------------- testing Wed Feb 26 17:25:13 UTC 2020 /home/travis/build/icyphy/ptII/ptolemy/actor/lib/test/auto/Compare.xml
----------------- Instantiating /home/travis/build/icyphy/ptII/ptolemy/actor/lib/test/auto/Compare.xml
3 ms. Memory: 450560K Free: 214257K (48%)
----------------- Invoking toplevel() on ptolemy.moml.MoMLSimpleApplication@45ab6f4a
----------------- Done invoking toplevel() on ptolemy.moml.MoMLSimpleApplication@45ab6f4a
reloadAllAccessors: .Compare

===========================================================================================
----------------- testing Wed Feb 26 17:25:13 UTC 2020 /home/travis/build/icyphy/ptII/ptolemy/actor/lib/test/auto/CompareDE.xml
----------------- Instantiating /home/travis/build/icyphy/ptII/ptolemy/actor/lib/test/auto/CompareDE.xml
3 ms. Memory: 450560K Free: 207075K (46%)
----------------- Invoking toplevel() on ptolemy.moml.MoMLSimpleApplication@7dfab30e
----------------- Done invoking toplevel() on ptolemy.moml.MoMLSimpleApplication@7dfab30e
reloadAllAccessors: .CompareDE

===========================================================================================
----------------- testing Wed Feb 26 17:25:13 UTC 2020 /home/travis/build/icyphy/ptII/ptolemy/actor/lib/test/auto/ComplexDivide.xml
----------------- Instantiating /home/travis/build/icyphy/ptII/ptolemy/actor/lib/test/auto/ComplexDivide.xml
1 ms. Memory: 450560K Free: 203507K (45%)
----------------- Invoking toplevel() on ptolemy.moml.MoMLSimpleApplication@462e86f
----------------- Done invoking toplevel() on ptolemy.moml.MoMLSimpleApplication@462e86f
reloadAllAccessors: .ComplexDivide

===========================================================================================
----------------- testing Wed Feb 26 17:25:13 UTC 2020 /home/travis/build/icyphy/ptII/ptolemy/actor/lib/test/auto/ComputeHistogram.xml
----------------- Instantiating /home/travis/build/icyphy/ptII/ptolemy/actor/lib/test/auto/ComputeHistogram.xml
32 ms. Memory: 450560K Free: 190705K (42%)
----------------- Invoking toplevel() on ptolemy.moml.MoMLSimpleApplication@3677b2ae
----------------- Done invoking toplevel() on ptolemy.moml.MoMLSimpleApplication@3677b2ae
reloadAllAccessors: .ComputeHistogram

===========================================================================================
----------------- testing Wed Feb 26 17:25:13 UTC 2020 /home/travis/build/icyphy/ptII/ptolemy/actor/lib/test/auto/ConfigurationSelect.xml
----------------- Instantiating /home/travis/build/icyphy/ptII/ptolemy/actor/lib/test/auto/ConfigurationSelect.xml
11 ms. Memory: 450560K Free: 185075K (41%)
----------------- Invoking toplevel() on ptolemy.moml.MoMLSimpleApplication@552b18e9
----------------- Done invoking toplevel() on ptolemy.moml.MoMLSimpleApplication@552b18e9
reloadAllAccessors: .ConfigurationSelect

===========================================================================================
----------------- testing Wed Feb 26 17:25:13 UTC 2020 /home/travis/build/icyphy/ptII/ptolemy/actor/lib/test/auto/ConfigurationSelect2.xml
----------------- Instantiating /home/travis/build/icyphy/ptII/ptolemy/actor/lib/test/auto/ConfigurationSelect2.xml
2 ms. Memory: 450560K Free: 180979K (40%)
----------------- Invoking toplevel() on ptolemy.moml.MoMLSimpleApplication@5960cb31
----------------- Done invoking toplevel() on ptolemy.moml.MoMLSimpleApplication@5960cb31
reloadAllAccessors: .ConfigurationSelect2

===========================================================================================
----------------- testing Wed Feb 26 17:25:13 UTC 2020 /home/travis/build/icyphy/ptII/ptolemy/actor/lib/test/auto/ConfigurationSwitch.xml
----------------- Instantiating /home/travis/build/icyphy/ptII/ptolemy/actor/lib/test/auto/ConfigurationSwitch.xml
2 ms. Memory: 450560K Free: 175345K (39%)
----------------- Invoking toplevel() on ptolemy.moml.MoMLSimpleApplication@6df5adee
----------------- Done invoking toplevel() on ptolemy.moml.MoMLSimpleApplication@6df5adee
reloadAllAccessors: .ConfigurationSwitch

===========================================================================================
----------------- testing Wed Feb 26 17:25:13 UTC 2020 /home/travis/build/icyphy/ptII/ptolemy/actor/lib/test/auto/ConfigurationSwitch2.xml
----------------- Instantiating /home/travis/build/icyphy/ptII/ptolemy/actor/lib/test/auto/ConfigurationSwitch2.xml
3 ms. Memory: 450560K Free: 170225K (38%)
----------------- Invoking toplevel() on ptolemy.moml.MoMLSimpleApplication@173f7361
----------------- Done invoking toplevel() on ptolemy.moml.MoMLSimpleApplication@173f7361
reloadAllAccessors: .ConfigurationSwitch2

===========================================================================================
----------------- testing Wed Feb 26 17:25:13 UTC 2020 /home/travis/build/icyphy/ptII/ptolemy/actor/lib/test/auto/ConfigurationSwitchCloningBugWithClassRelationGroup.xml
----------------- Instantiating /home/travis/build/icyphy/ptII/ptolemy/actor/lib/test/auto/ConfigurationSwitchCloningBugWithClassRelationGroup.xml
2 ms. Memory: 450560K Free: 163571K (36%)
----------------- Invoking toplevel() on ptolemy.moml.MoMLSimpleApplication@49bf404d
----------------- Done invoking toplevel() on ptolemy.moml.MoMLSimpleApplication@49bf404d
reloadAllAccessors: .ConfigurationSwitchCloningBugWithClassRelationGroup

===========================================================================================
----------------- testing Wed Feb 26 17:25:13 UTC 2020 /home/travis/build/icyphy/ptII/ptolemy/actor/lib/test/auto/ConfigurationSwitchSelectSDF.xml
----------------- Instantiating /home/travis/build/icyphy/ptII/ptolemy/actor/lib/test/auto/ConfigurationSwitchSelectSDF.xml
4 ms. Memory: 450560K Free: 157427K (35%)
----------------- Invoking toplevel() on ptolemy.moml.MoMLSimpleApplication@1e6ec667
----------------- Done invoking toplevel() on ptolemy.moml.MoMLSimpleApplication@1e6ec667
reloadAllAccessors: .ConfigurationSwitchSelectSDF

===========================================================================================
----------------- testing Wed Feb 26 17:25:13 UTC 2020 /home/travis/build/icyphy/ptII/ptolemy/actor/lib/test/auto/ConfigurationSwitchSelectSDF2.xml
----------------- Instantiating /home/travis/build/icyphy/ptII/ptolemy/actor/lib/test/auto/ConfigurationSwitchSelectSDF2.xml
2 ms. Memory: 450560K Free: 151793K (34%)
----------------- Invoking toplevel() on ptolemy.moml.MoMLSimpleApplication@23439fb2
----------------- Done invoking toplevel() on ptolemy.moml.MoMLSimpleApplication@23439fb2
reloadAllAccessors: .ConfigurationSwitchSelectSDF2

===========================================================================================
----------------- testing Wed Feb 26 17:25:13 UTC 2020 /home/travis/build/icyphy/ptII/ptolemy/actor/lib/test/auto/Const.xml
----------------- Instantiating /home/travis/build/icyphy/ptII/ptolemy/actor/lib/test/auto/Const.xml
1 ms. Memory: 450560K Free: 148211K (33%)
----------------- Invoking toplevel() on ptolemy.moml.MoMLSimpleApplication@8362e93
----------------- Done invoking toplevel() on ptolemy.moml.MoMLSimpleApplication@8362e93
reloadAllAccessors: .Const

===========================================================================================
----------------- testing Wed Feb 26 17:25:13 UTC 2020 /home/travis/build/icyphy/ptII/ptolemy/actor/lib/test/auto/Const2.xml
----------------- Instantiating /home/travis/build/icyphy/ptII/ptolemy/actor/lib/test/auto/Const2.xml
1 ms. Memory: 450560K Free: 144115K (32%)
----------------- Invoking toplevel() on ptolemy.moml.MoMLSimpleApplication@9b653a9
----------------- Done invoking toplevel() on ptolemy.moml.MoMLSimpleApplication@9b653a9
reloadAllAccessors: .Const2

===========================================================================================
----------------- testing Wed Feb 26 17:25:13 UTC 2020 /home/travis/build/icyphy/ptII/ptolemy/actor/lib/test/auto/Const3.xml
----------------- Instantiating /home/travis/build/icyphy/ptII/ptolemy/actor/lib/test/auto/Const3.xml
2 ms. Memory: 450560K Free: 141553K (31%)
----------------- Invoking toplevel() on ptolemy.moml.MoMLSimpleApplication@5b690100
----------------- Done invoking toplevel() on ptolemy.moml.MoMLSimpleApplication@5b690100
reloadAllAccessors: .Const3

===========================================================================================
----------------- testing Wed Feb 26 17:25:13 UTC 2020 /home/travis/build/icyphy/ptII/ptolemy/actor/lib/test/auto/ConstantPublisherPort1.xml
----------------- Instantiating /home/travis/build/icyphy/ptII/ptolemy/actor/lib/test/auto/ConstantPublisherPort1.xml
6 ms. Memory: 450560K Free: 399029K (89%)
----------------- Invoking toplevel() on ptolemy.moml.MoMLSimpleApplication@759b7c45
----------------- Done invoking toplevel() on ptolemy.moml.MoMLSimpleApplication@759b7c45
reloadAllAccessors: .ConstantPublisherPort1

===========================================================================================
----------------- testing Wed Feb 26 17:25:13 UTC 2020 /home/travis/build/icyphy/ptII/ptolemy/actor/lib/test/auto/ConstantPublisherPort2.xml
----------------- Instantiating /home/travis/build/icyphy/ptII/ptolemy/actor/lib/test/auto/ConstantPublisherPort2.xml
9 ms. Memory: 450560K Free: 391351K (87%)
----------------- Invoking toplevel() on ptolemy.moml.MoMLSimpleApplication@21d2ea76
----------------- Done invoking toplevel() on ptolemy.moml.MoMLSimpleApplication@21d2ea76
reloadAllAccessors: .ConstantPublisherPort2

===========================================================================================
----------------- testing Wed Feb 26 17:25:13 UTC 2020 /home/travis/build/icyphy/ptII/ptolemy/actor/lib/test/auto/ConstantPublisherPort3.xml
----------------- Instantiating /home/travis/build/icyphy/ptII/ptolemy/actor/lib/test/auto/ConstantPublisherPort3.xml
5 ms. Memory: 450560K Free: 383669K (85%)
----------------- Invoking toplevel() on ptolemy.moml.MoMLSimpleApplication@1b5989bf
----------------- Done invoking toplevel() on ptolemy.moml.MoMLSimpleApplication@1b5989bf
reloadAllAccessors: .ConstantPublisherPort3

===========================================================================================
----------------- testing Wed Feb 26 17:25:13 UTC 2020 /home/travis/build/icyphy/ptII/ptolemy/actor/lib/test/auto/ConstantPublisherPort4.xml
----------------- Instantiating /home/travis/build/icyphy/ptII/ptolemy/actor/lib/test/auto/ConstantPublisherPort4.xml
2 ms. Memory: 450560K Free: 377015K (84%)
----------------- Invoking toplevel() on ptolemy.moml.MoMLSimpleApplication@734c0783
----------------- Done invoking toplevel() on ptolemy.moml.MoMLSimpleApplication@734c0783
reloadAllAccessors: .ConstantPublisherPort4

===========================================================================================
----------------- testing Wed Feb 26 17:25:13 UTC 2020 /home/travis/build/icyphy/ptII/ptolemy/actor/lib/test/auto/ConstantPublisherPort5.xml
----------------- Instantiating /home/travis/build/icyphy/ptII/ptolemy/actor/lib/test/auto/ConstantPublisherPort5.xml
30 ms. Memory: 450560K Free: 367285K (82%)
----------------- Invoking toplevel() on ptolemy.moml.MoMLSimpleApplication@160c1c28
----------------- Done invoking toplevel() on ptolemy.moml.MoMLSimpleApplication@160c1c28
reloadAllAccessors: .ConstantPublisherPort5

===========================================================================================
----------------- testing Wed Feb 26 17:25:13 UTC 2020 /home/travis/build/icyphy/ptII/ptolemy/actor/lib/test/auto/ConstantPublisherPort6.xml
----------------- Instantiating /home/travis/build/icyphy/ptII/ptolemy/actor/lib/test/auto/ConstantPublisherPort6.xml
17 ms. Memory: 450560K Free: 357559K (79%)
----------------- Invoking toplevel() on ptolemy.moml.MoMLSimpleApplication@19edf49d
----------------- Done invoking toplevel() on ptolemy.moml.MoMLSimpleApplication@19edf49d
reloadAllAccessors: .ConstantPublisherPort6

===========================================================================================
----------------- testing Wed Feb 26 17:25:13 UTC 2020 /home/travis/build/icyphy/ptII/ptolemy/actor/lib/test/auto/ConstantPublisherPort7.xml
----------------- Instantiating /home/travis/build/icyphy/ptII/ptolemy/actor/lib/test/auto/ConstantPublisherPort7.xml
24 ms. Memory: 450560K Free: 348343K (77%)
----------------- Invoking toplevel() on ptolemy.moml.MoMLSimpleApplication@77c7e8b9
----------------- Done invoking toplevel() on ptolemy.moml.MoMLSimpleApplication@77c7e8b9
reloadAllAccessors: .ConstantPublisherPort7

===========================================================================================
----------------- testing Wed Feb 26 17:25:13 UTC 2020 /home/travis/build/icyphy/ptII/ptolemy/actor/lib/test/auto/ConstraintMonitor1.xml
----------------- Instantiating /home/travis/build/icyphy/ptII/ptolemy/actor/lib/test/auto/ConstraintMonitor1.xml
7 ms. Memory: 450560K Free: 342709K (76%)
----------------- Invoking toplevel() on ptolemy.moml.MoMLSimpleApplication@1e9a439c
----------------- Done invoking toplevel() on ptolemy.moml.MoMLSimpleApplication@1e9a439c
reloadAllAccessors: .ConstraintMonitor1

===========================================================================================
----------------- testing Wed Feb 26 17:25:13 UTC 2020 /home/travis/build/icyphy/ptII/ptolemy/actor/lib/test/auto/ConstraintMonitor2.xml
----------------- Instantiating /home/travis/build/icyphy/ptII/ptolemy/actor/lib/test/auto/ConstraintMonitor2.xml
8 ms. Memory: 450560K Free: 338103K (75%)
----------------- Invoking toplevel() on ptolemy.moml.MoMLSimpleApplication@2c1aac67
----------------- Done invoking toplevel() on ptolemy.moml.MoMLSimpleApplication@2c1aac67
reloadAllAccessors: .ConstraintMonitor2

===========================================================================================
----------------- testing Wed Feb 26 17:25:13 UTC 2020 /home/travis/build/icyphy/ptII/ptolemy/actor/lib/test/auto/ConstraintMonitor3.xml
----------------- Instantiating /home/travis/build/icyphy/ptII/ptolemy/actor/lib/test/auto/ConstraintMonitor3.xml
2 ms. Memory: 450560K Free: 334007K (74%)
----------------- Invoking toplevel() on ptolemy.moml.MoMLSimpleApplication@3b5c9668
----------------- Done invoking toplevel() on ptolemy.moml.MoMLSimpleApplication@3b5c9668
reloadAllAccessors: .ConstraintMonitor3

===========================================================================================
----------------- testing Wed Feb 26 17:25:13 UTC 2020 /home/travis/build/icyphy/ptII/ptolemy/actor/lib/test/auto/ConstraintMonitor4.xml
----------------- Instantiating /home/travis/build/icyphy/ptII/ptolemy/actor/lib/test/auto/ConstraintMonitor4.xml
4 ms. Memory: 450560K Free: 328887K (73%)
----------------- Invoking toplevel() on ptolemy.moml.MoMLSimpleApplication@3e1b0ac8
----------------- Done invoking toplevel() on ptolemy.moml.MoMLSimpleApplication@3e1b0ac8
reloadAllAccessors: .ConstraintMonitor4

===========================================================================================
----------------- testing Wed Feb 26 17:25:13 UTC 2020 /home/travis/build/icyphy/ptII/ptolemy/actor/lib/test/auto/ConstraintMonitor5.xml
----------------- Instantiating /home/travis/build/icyphy/ptII/ptolemy/actor/lib/test/auto/ConstraintMonitor5.xml
6 ms. Memory: 450560K Free: 323765K (72%)
----------------- Invoking toplevel() on ptolemy.moml.MoMLSimpleApplication@3887bf24
----------------- Done invoking toplevel() on ptolemy.moml.MoMLSimpleApplication@3887bf24
reloadAllAccessors: .ConstraintMonitor5

===========================================================================================
----------------- testing Wed Feb 26 17:25:13 UTC 2020 /home/travis/build/icyphy/ptII/ptolemy/actor/lib/test/auto/ConstraintMonitor6.xml
----------------- Instantiating /home/travis/build/icyphy/ptII/ptolemy/actor/lib/test/auto/ConstraintMonitor6.xml
2 ms. Memory: 450560K Free: 317623K (70%)
----------------- Invoking toplevel() on ptolemy.moml.MoMLSimpleApplication@23f7db98
----------------- Done invoking toplevel() on ptolemy.moml.MoMLSimpleApplication@23f7db98
reloadAllAccessors: .ConstraintMonitor6

===========================================================================================
----------------- testing Wed Feb 26 17:25:14 UTC 2020 /home/travis/build/icyphy/ptII/ptolemy/actor/lib/test/auto/ConstraintMonitor7.xml
----------------- Instantiating /home/travis/build/icyphy/ptII/ptolemy/actor/lib/test/auto/ConstraintMonitor7.xml
2 ms. Memory: 450560K Free: 311479K (69%)
----------------- Invoking toplevel() on ptolemy.moml.MoMLSimpleApplication@1a3bab59
----------------- Done invoking toplevel() on ptolemy.moml.MoMLSimpleApplication@1a3bab59
reloadAllAccessors: .ConstraintMonitor7

===========================================================================================
----------------- testing Wed Feb 26 17:25:14 UTC 2020 /home/travis/build/icyphy/ptII/ptolemy/actor/lib/test/auto/ConstraintMonitor8.xml
----------------- Instantiating /home/travis/build/icyphy/ptII/ptolemy/actor/lib/test/auto/ConstraintMonitor8.xml
7 ms. Memory: 450560K Free: 303797K (67%)
----------------- Invoking toplevel() on ptolemy.moml.MoMLSimpleApplication@58477a04
----------------- Done invoking toplevel() on ptolemy.moml.MoMLSimpleApplication@58477a04
reloadAllAccessors: .ConstraintMonitor8

===========================================================================================
----------------- testing Wed Feb 26 17:25:14 UTC 2020 /home/travis/build/icyphy/ptII/ptolemy/actor/lib/test/auto/Counter.xml
----------------- Instantiating /home/travis/build/icyphy/ptII/ptolemy/actor/lib/test/auto/Counter.xml
2 ms. Memory: 450560K Free: 299191K (66%)
----------------- Invoking toplevel() on ptolemy.moml.MoMLSimpleApplication@3ea44d92
----------------- Done invoking toplevel() on ptolemy.moml.MoMLSimpleApplication@3ea44d92
reloadAllAccessors: .Counter

===========================================================================================
----------------- testing Wed Feb 26 17:25:14 UTC 2020 /home/travis/build/icyphy/ptII/ptolemy/actor/lib/test/auto/CurrentTimeSDF.xml
----------------- Instantiating /home/travis/build/icyphy/ptII/ptolemy/actor/lib/test/auto/CurrentTimeSDF.xml
2 ms. Memory: 450560K Free: 295095K (65%)
----------------- Invoking toplevel() on ptolemy.moml.MoMLSimpleApplication@7b7aae68
----------------- Done invoking toplevel() on ptolemy.moml.MoMLSimpleApplication@7b7aae68
reloadAllAccessors: .CurrentTimeSDF

===========================================================================================
----------------- testing Wed Feb 26 17:25:14 UTC 2020 /home/travis/build/icyphy/ptII/ptolemy/actor/lib/test/auto/DB.xml
----------------- Instantiating /home/travis/build/icyphy/ptII/ptolemy/actor/lib/test/auto/DB.xml
2 ms. Memory: 450560K Free: 289461K (64%)
----------------- Invoking toplevel() on ptolemy.moml.MoMLSimpleApplication@5eceb0e1
----------------- Done invoking toplevel() on ptolemy.moml.MoMLSimpleApplication@5eceb0e1
reloadAllAccessors: .DB

===========================================================================================
----------------- testing Wed Feb 26 17:25:14 UTC 2020 /home/travis/build/icyphy/ptII/ptolemy/actor/lib/test/auto/DBDE.xml
----------------- Instantiating /home/travis/build/icyphy/ptII/ptolemy/actor/lib/test/auto/DBDE.xml
2 ms. Memory: 450560K Free: 283831K (63%)
----------------- Invoking toplevel() on ptolemy.moml.MoMLSimpleApplication@78f066e9
----------------- Done invoking toplevel() on ptolemy.moml.MoMLSimpleApplication@78f066e9
reloadAllAccessors: .DBDE

===========================================================================================
----------------- testing Wed Feb 26 17:25:14 UTC 2020 /home/travis/build/icyphy/ptII/ptolemy/actor/lib/test/auto/DateConstructor.xml
----------------- Instantiating /home/travis/build/icyphy/ptII/ptolemy/actor/lib/test/auto/DateConstructor.xml
32 ms. Memory: 450560K Free: 265399K (59%)
----------------- Invoking toplevel() on ptolemy.moml.MoMLSimpleApplication@4d770fdc
----------------- Done invoking toplevel() on ptolemy.moml.MoMLSimpleApplication@4d770fdc
reloadAllAccessors: .DateConstructor

===========================================================================================
----------------- testing Wed Feb 26 17:25:14 UTC 2020 /home/travis/build/icyphy/ptII/ptolemy/actor/lib/test/auto/DelayTime.xml
----------------- Instantiating /home/travis/build/icyphy/ptII/ptolemy/actor/lib/test/auto/DelayTime.xml
7 ms. Memory: 450560K Free: 260279K (58%)
----------------- Invoking toplevel() on ptolemy.moml.MoMLSimpleApplication@32d82ba0
----------------- Done invoking toplevel() on ptolemy.moml.MoMLSimpleApplication@32d82ba0
reloadAllAccessors: .DelayTime

===========================================================================================
----------------- testing Wed Feb 26 17:25:14 UTC 2020 /home/travis/build/icyphy/ptII/ptolemy/actor/lib/test/auto/Dictionary1.xml
----------------- Instantiating /home/travis/build/icyphy/ptII/ptolemy/actor/lib/test/auto/Dictionary1.xml
2 ms. Memory: 450560K Free: 255159K (57%)
----------------- Invoking toplevel() on ptolemy.moml.MoMLSimpleApplication@51ea48b
----------------- Done invoking toplevel() on ptolemy.moml.MoMLSimpleApplication@51ea48b
reloadAllAccessors: .Dictionary1

===========================================================================================
----------------- testing Wed Feb 26 17:25:14 UTC 2020 /home/travis/build/icyphy/ptII/ptolemy/actor/lib/test/auto/Dictionary2.xml
----------------- Instantiating /home/travis/build/icyphy/ptII/ptolemy/actor/lib/test/auto/Dictionary2.xml
4 ms. Memory: 450560K Free: 249525K (55%)
----------------- Invoking toplevel() on ptolemy.moml.MoMLSimpleApplication@4a7b180d
----------------- Done invoking toplevel() on ptolemy.moml.MoMLSimpleApplication@4a7b180d
reloadAllAccessors: .Dictionary2

===========================================================================================
----------------- testing Wed Feb 26 17:25:14 UTC 2020 /home/travis/build/icyphy/ptII/ptolemy/actor/lib/test/auto/Dictionary3.xml
----------------- Instantiating /home/travis/build/icyphy/ptII/ptolemy/actor/lib/test/auto/Dictionary3.xml
1 ms. Memory: 450560K Free: 243895K (54%)
----------------- Invoking toplevel() on ptolemy.moml.MoMLSimpleApplication@3cab418
----------------- Done invoking toplevel() on ptolemy.moml.MoMLSimpleApplication@3cab418
reloadAllAccessors: .Dictionary3

===========================================================================================
----------------- testing Wed Feb 26 17:25:14 UTC 2020 /home/travis/build/icyphy/ptII/ptolemy/actor/lib/test/auto/Dictionary4.xml
----------------- Instantiating /home/travis/build/icyphy/ptII/ptolemy/actor/lib/test/auto/Dictionary4.xml
4 ms. Memory: 450560K Free: 237231K (53%)
----------------- Invoking toplevel() on ptolemy.moml.MoMLSimpleApplication@3a7600f2
----------------- Done invoking toplevel() on ptolemy.moml.MoMLSimpleApplication@3a7600f2
reloadAllAccessors: .Dictionary4

===========================================================================================
----------------- testing Wed Feb 26 17:25:14 UTC 2020 /home/travis/build/icyphy/ptII/ptolemy/actor/lib/test/auto/Differential.xml
----------------- Instantiating /home/travis/build/icyphy/ptII/ptolemy/actor/lib/test/auto/Differential.xml
3 ms. Memory: 450560K Free: 232631K (52%)
----------------- Invoking toplevel() on ptolemy.moml.MoMLSimpleApplication@212a052c
----------------- Done invoking toplevel() on ptolemy.moml.MoMLSimpleApplication@212a052c
reloadAllAccessors: .Differential

===========================================================================================
----------------- testing Wed Feb 26 17:25:14 UTC 2020 /home/travis/build/icyphy/ptII/ptolemy/actor/lib/test/auto/Director.xml
----------------- Instantiating /home/travis/build/icyphy/ptII/ptolemy/actor/lib/test/auto/Director.xml
4 ms. Memory: 450560K Free: 229045K (51%)
----------------- Invoking toplevel() on ptolemy.moml.MoMLSimpleApplication@45f4df7e
----------------- Done invoking toplevel() on ptolemy.moml.MoMLSimpleApplication@45f4df7e
reloadAllAccessors: .Director

===========================================================================================
----------------- testing Wed Feb 26 17:25:14 UTC 2020 /home/travis/build/icyphy/ptII/ptolemy/actor/lib/test/auto/DiscreteClock.xml
----------------- Instantiating /home/travis/build/icyphy/ptII/ptolemy/actor/lib/test/auto/DiscreteClock.xml
1 ms. Memory: 450560K Free: 224949K (50%)
----------------- Invoking toplevel() on ptolemy.moml.MoMLSimpleApplication@6f0e0b95
----------------- Done invoking toplevel() on ptolemy.moml.MoMLSimpleApplication@6f0e0b95
reloadAllAccessors: .DiscreteClock

===========================================================================================
----------------- testing Wed Feb 26 17:25:14 UTC 2020 /home/travis/build/icyphy/ptII/ptolemy/actor/lib/test/auto/DiscreteClock10.xml
----------------- Instantiating /home/travis/build/icyphy/ptII/ptolemy/actor/lib/test/auto/DiscreteClock10.xml
4 ms. Memory: 450560K Free: 219319K (49%)
----------------- Invoking toplevel() on ptolemy.moml.MoMLSimpleApplication@2868e16e
----------------- Done invoking toplevel() on ptolemy.moml.MoMLSimpleApplication@2868e16e
reloadAllAccessors: .DiscreteClock10

===========================================================================================
----------------- testing Wed Feb 26 17:25:14 UTC 2020 /home/travis/build/icyphy/ptII/ptolemy/actor/lib/test/auto/DiscreteClock11.xml
----------------- Instantiating /home/travis/build/icyphy/ptII/ptolemy/actor/lib/test/auto/DiscreteClock11.xml
2 ms. Memory: 450560K Free: 213175K (47%)
----------------- Invoking toplevel() on ptolemy.moml.MoMLSimpleApplication@9077a28
----------------- Done invoking toplevel() on ptolemy.moml.MoMLSimpleApplication@9077a28
reloadAllAccessors: .DiscreteClock11

===========================================================================================
----------------- testing Wed Feb 26 17:25:14 UTC 2020 /home/travis/build/icyphy/ptII/ptolemy/actor/lib/test/auto/DiscreteClock12.xml
----------------- Instantiating /home/travis/build/icyphy/ptII/ptolemy/actor/lib/test/auto/DiscreteClock12.xml
2 ms. Memory: 450560K Free: 207031K (46%)
----------------- Invoking toplevel() on ptolemy.moml.MoMLSimpleApplication@665b6988
----------------- Done invoking toplevel() on ptolemy.moml.MoMLSimpleApplication@665b6988
reloadAllAccessors: .DiscreteClock12

===========================================================================================
----------------- testing Wed Feb 26 17:25:14 UTC 2020 /home/travis/build/icyphy/ptII/ptolemy/actor/lib/test/auto/DiscreteClock13.xml
----------------- Instantiating /home/travis/build/icyphy/ptII/ptolemy/actor/lib/test/auto/DiscreteClock13.xml
5 ms. Memory: 450560K Free: 201391K (45%)
----------------- Invoking toplevel() on ptolemy.moml.MoMLSimpleApplication@1fe1b40a
----------------- Done invoking toplevel() on ptolemy.moml.MoMLSimpleApplication@1fe1b40a
reloadAllAccessors: .DiscreteClock13

===========================================================================================
----------------- testing Wed Feb 26 17:25:14 UTC 2020 /home/travis/build/icyphy/ptII/ptolemy/actor/lib/test/auto/DiscreteClock14.xml
----------------- Instantiating /home/travis/build/icyphy/ptII/ptolemy/actor/lib/test/auto/DiscreteClock14.xml
5 ms. Memory: 450560K Free: 195220K (43%)
----------------- Invoking toplevel() on ptolemy.moml.MoMLSimpleApplication@25fd8877
----------------- Done invoking toplevel() on ptolemy.moml.MoMLSimpleApplication@25fd8877
reloadAllAccessors: .DiscreteClock14

===========================================================================================
----------------- testing Wed Feb 26 17:25:14 UTC 2020 /home/travis/build/icyphy/ptII/ptolemy/actor/lib/test/auto/DiscreteClock15.xml
----------------- Instantiating /home/travis/build/icyphy/ptII/ptolemy/actor/lib/test/auto/DiscreteClock15.xml
4 ms. Memory: 450560K Free: 189079K (42%)
----------------- Invoking toplevel() on ptolemy.moml.MoMLSimpleApplication@6b9f7b0f
----------------- Done invoking toplevel() on ptolemy.moml.MoMLSimpleApplication@6b9f7b0f
reloadAllAccessors: .DiscreteClock15

===========================================================================================
----------------- testing Wed Feb 26 17:25:14 UTC 2020 /home/travis/build/icyphy/ptII/ptolemy/actor/lib/test/auto/DiscreteClock16.xml
----------------- Instantiating /home/travis/build/icyphy/ptII/ptolemy/actor/lib/test/auto/DiscreteClock16.xml
17 ms. Memory: 450560K Free: 175287K (39%)
----------------- Invoking toplevel() on ptolemy.moml.MoMLSimpleApplication@3b7bc164
----------------- Done invoking toplevel() on ptolemy.moml.MoMLSimpleApplication@3b7bc164
reloadAllAccessors: .DiscreteClock16

===========================================================================================
----------------- testing Wed Feb 26 17:25:14 UTC 2020 /home/travis/build/icyphy/ptII/ptolemy/actor/lib/test/auto/DiscreteClock17.xml
----------------- Instantiating /home/travis/build/icyphy/ptII/ptolemy/actor/lib/test/auto/DiscreteClock17.xml
17 ms. Memory: 450560K Free: 160437K (36%)
----------------- Invoking toplevel() on ptolemy.moml.MoMLSimpleApplication@5fa20117
----------------- Done invoking toplevel() on ptolemy.moml.MoMLSimpleApplication@5fa20117
reloadAllAccessors: .DiscreteClock17

===========================================================================================
----------------- testing Wed Feb 26 17:25:14 UTC 2020 /home/travis/build/icyphy/ptII/ptolemy/actor/lib/test/auto/DiscreteClock18.xml
----------------- Instantiating /home/travis/build/icyphy/ptII/ptolemy/actor/lib/test/auto/DiscreteClock18.xml
24 ms. Memory: 450560K Free: 147639K (33%)
----------------- Invoking toplevel() on ptolemy.moml.MoMLSimpleApplication@2bf5522a
----------------- Done invoking toplevel() on ptolemy.moml.MoMLSimpleApplication@2bf5522a
reloadAllAccessors: .DiscreteClock18

===========================================================================================
----------------- testing Wed Feb 26 17:25:14 UTC 2020 /home/travis/build/icyphy/ptII/ptolemy/actor/lib/test/auto/DiscreteClock19.xml
----------------- Instantiating /home/travis/build/icyphy/ptII/ptolemy/actor/lib/test/auto/DiscreteClock19.xml
28 ms. Memory: 450560K Free: 400271K (89%)
----------------- Invoking toplevel() on ptolemy.moml.MoMLSimpleApplication@73e5220c
----------------- Done invoking toplevel() on ptolemy.moml.MoMLSimpleApplication@73e5220c
reloadAllAccessors: .DiscreteClock19

===========================================================================================
----------------- testing Wed Feb 26 17:25:14 UTC 2020 /home/travis/build/icyphy/ptII/ptolemy/actor/lib/test/auto/DiscreteClock2.xml
----------------- Instantiating /home/travis/build/icyphy/ptII/ptolemy/actor/lib/test/auto/DiscreteClock2.xml
4 ms. Memory: 450560K Free: 395038K (88%)
----------------- Invoking toplevel() on ptolemy.moml.MoMLSimpleApplication@2c1385bf
----------------- Done invoking toplevel() on ptolemy.moml.MoMLSimpleApplication@2c1385bf
reloadAllAccessors: .DiscreteClock2

===========================================================================================
----------------- testing Wed Feb 26 17:25:14 UTC 2020 /home/travis/build/icyphy/ptII/ptolemy/actor/lib/test/auto/DiscreteClock20.xml
----------------- Instantiating /home/travis/build/icyphy/ptII/ptolemy/actor/lib/test/auto/DiscreteClock20.xml
8 ms. Memory: 450560K Free: 389404K (86%)
----------------- Invoking toplevel() on ptolemy.moml.MoMLSimpleApplication@41b3854c
----------------- Done invoking toplevel() on ptolemy.moml.MoMLSimpleApplication@41b3854c
reloadAllAccessors: .DiscreteClock20

===========================================================================================
----------------- testing Wed Feb 26 17:25:14 UTC 2020 /home/travis/build/icyphy/ptII/ptolemy/actor/lib/test/auto/DiscreteClock21.xml
----------------- Instantiating /home/travis/build/icyphy/ptII/ptolemy/actor/lib/test/auto/DiscreteClock21.xml
5 ms. Memory: 450560K Free: 383774K (85%)
----------------- Invoking toplevel() on ptolemy.moml.MoMLSimpleApplication@39b2cba
----------------- Done invoking toplevel() on ptolemy.moml.MoMLSimpleApplication@39b2cba
reloadAllAccessors: .DiscreteClock21

===========================================================================================
----------------- testing Wed Feb 26 17:25:14 UTC 2020 /home/travis/build/icyphy/ptII/ptolemy/actor/lib/test/auto/DiscreteClock22.xml
----------------- Instantiating /home/travis/build/icyphy/ptII/ptolemy/actor/lib/test/auto/DiscreteClock22.xml
5 ms. Memory: 450560K Free: 378140K (84%)
----------------- Invoking toplevel() on ptolemy.moml.MoMLSimpleApplication@791aad64
----------------- Done invoking toplevel() on ptolemy.moml.MoMLSimpleApplication@791aad64
reloadAllAccessors: .DiscreteClock22

===========================================================================================
----------------- testing Wed Feb 26 17:25:14 UTC 2020 /home/travis/build/icyphy/ptII/ptolemy/actor/lib/test/auto/DiscreteClock23.xml
----------------- Instantiating /home/travis/build/icyphy/ptII/ptolemy/actor/lib/test/auto/DiscreteClock23.xml
9 ms. Memory: 450560K Free: 373020K (83%)
----------------- Invoking toplevel() on ptolemy.moml.MoMLSimpleApplication@6a11aac3
----------------- Done invoking toplevel() on ptolemy.moml.MoMLSimpleApplication@6a11aac3
reloadAllAccessors: .DiscreteClock23

===========================================================================================
----------------- testing Wed Feb 26 17:25:14 UTC 2020 /home/travis/build/icyphy/ptII/ptolemy/actor/lib/test/auto/DiscreteClock24.xml
----------------- Instantiating /home/travis/build/icyphy/ptII/ptolemy/actor/lib/test/auto/DiscreteClock24.xml
4 ms. Memory: 450560K Free: 367390K (82%)
----------------- Invoking toplevel() on ptolemy.moml.MoMLSimpleApplication@7b7f843c
----------------- Done invoking toplevel() on ptolemy.moml.MoMLSimpleApplication@7b7f843c
reloadAllAccessors: .DiscreteClock24

===========================================================================================
----------------- testing Wed Feb 26 17:25:14 UTC 2020 /home/travis/build/icyphy/ptII/ptolemy/actor/lib/test/auto/DiscreteClock4.xml
----------------- Instantiating /home/travis/build/icyphy/ptII/ptolemy/actor/lib/test/auto/DiscreteClock4.xml
4 ms. Memory: 450560K Free: 361742K (80%)
----------------- Invoking toplevel() on ptolemy.moml.MoMLSimpleApplication@906b74
----------------- Done invoking toplevel() on ptolemy.moml.MoMLSimpleApplication@906b74
reloadAllAccessors: .DiscreteClock4

===========================================================================================
----------------- testing Wed Feb 26 17:25:14 UTC 2020 /home/travis/build/icyphy/ptII/ptolemy/actor/lib/test/auto/DiscreteClock5.xml
----------------- Instantiating /home/travis/build/icyphy/ptII/ptolemy/actor/lib/test/auto/DiscreteClock5.xml
2 ms. Memory: 450560K Free: 356126K (79%)
----------------- Invoking toplevel() on ptolemy.moml.MoMLSimpleApplication@784b495e
----------------- Done invoking toplevel() on ptolemy.moml.MoMLSimpleApplication@784b495e
reloadAllAccessors: .DiscreteClock5

===========================================================================================
----------------- testing Wed Feb 26 17:25:14 UTC 2020 /home/travis/build/icyphy/ptII/ptolemy/actor/lib/test/auto/DiscreteClock6.xml
----------------- Instantiating /home/travis/build/icyphy/ptII/ptolemy/actor/lib/test/auto/DiscreteClock6.xml
1 ms. Memory: 450560K Free: 352030K (78%)
----------------- Invoking toplevel() on ptolemy.moml.MoMLSimpleApplication@5d576c0f
----------------- Done invoking toplevel() on ptolemy.moml.MoMLSimpleApplication@5d576c0f
reloadAllAccessors: .DiscreteClock6

===========================================================================================
----------------- testing Wed Feb 26 17:25:14 UTC 2020 /home/travis/build/icyphy/ptII/ptolemy/actor/lib/test/auto/DiscreteClock7.xml
----------------- Instantiating /home/travis/build/icyphy/ptII/ptolemy/actor/lib/test/auto/DiscreteClock7.xml
1 ms. Memory: 450560K Free: 347420K (77%)
----------------- Invoking toplevel() on ptolemy.moml.MoMLSimpleApplication@28b02b14
----------------- Done invoking toplevel() on ptolemy.moml.MoMLSimpleApplication@28b02b14
reloadAllAccessors: .DiscreteClock7

===========================================================================================
----------------- testing Wed Feb 26 17:25:14 UTC 2020 /home/travis/build/icyphy/ptII/ptolemy/actor/lib/test/auto/DiscreteClock8.xml
----------------- Instantiating /home/travis/build/icyphy/ptII/ptolemy/actor/lib/test/auto/DiscreteClock8.xml
4 ms. Memory: 450560K Free: 341790K (76%)
----------------- Invoking toplevel() on ptolemy.moml.MoMLSimpleApplication@21abee68
----------------- Done invoking toplevel() on ptolemy.moml.MoMLSimpleApplication@21abee68
reloadAllAccessors: .DiscreteClock8

===========================================================================================
----------------- testing Wed Feb 26 17:25:15 UTC 2020 /home/travis/build/icyphy/ptII/ptolemy/actor/lib/test/auto/DiscreteClock9.xml
----------------- Instantiating /home/travis/build/icyphy/ptII/ptolemy/actor/lib/test/auto/DiscreteClock9.xml
4 ms. Memory: 450560K Free: 335646K (74%)
----------------- Invoking toplevel() on ptolemy.moml.MoMLSimpleApplication@546a183d
----------------- Done invoking toplevel() on ptolemy.moml.MoMLSimpleApplication@546a183d
reloadAllAccessors: .DiscreteClock9

===========================================================================================
----------------- testing Wed Feb 26 17:25:15 UTC 2020 /home/travis/build/icyphy/ptII/ptolemy/actor/lib/test/auto/DisplayArray.xml
----------------- Instantiating /home/travis/build/icyphy/ptII/ptolemy/actor/lib/test/auto/DisplayArray.xml
1 ms. Memory: 450560K Free: 332574K (74%)
----------------- Invoking toplevel() on ptolemy.moml.MoMLSimpleApplication@4518456c
----------------- Done invoking toplevel() on ptolemy.moml.MoMLSimpleApplication@4518456c
reloadAllAccessors: .DisplayArray

===========================================================================================
----------------- testing Wed Feb 26 17:25:15 UTC 2020 /home/travis/build/icyphy/ptII/ptolemy/actor/lib/test/auto/Distributor.xml
----------------- Instantiating /home/travis/build/icyphy/ptII/ptolemy/actor/lib/test/auto/Distributor.xml
2 ms. Memory: 450560K Free: 327454K (73%)
----------------- Invoking toplevel() on ptolemy.moml.MoMLSimpleApplication@6a05a475
----------------- Done invoking toplevel() on ptolemy.moml.MoMLSimpleApplication@6a05a475
reloadAllAccessors: .Distributor

===========================================================================================
----------------- testing Wed Feb 26 17:25:15 UTC 2020 /home/travis/build/icyphy/ptII/ptolemy/actor/lib/test/auto/Distributor2.xml
----------------- Instantiating /home/travis/build/icyphy/ptII/ptolemy/actor/lib/test/auto/Distributor2.xml
2 ms. Memory: 450560K Free: 322334K (72%)
----------------- Invoking toplevel() on ptolemy.moml.MoMLSimpleApplication@4d3ef1fe
----------------- Done invoking toplevel() on ptolemy.moml.MoMLSimpleApplication@4d3ef1fe
reloadAllAccessors: .Distributor2

===========================================================================================
----------------- testing Wed Feb 26 17:25:15 UTC 2020 /home/travis/build/icyphy/ptII/ptolemy/actor/lib/test/auto/DownSample.xml
----------------- Instantiating /home/travis/build/icyphy/ptII/ptolemy/actor/lib/test/auto/DownSample.xml
1 ms. Memory: 450560K Free: 317724K (71%)
----------------- Invoking toplevel() on ptolemy.moml.MoMLSimpleApplication@7aaeebb0
----------------- Done invoking toplevel() on ptolemy.moml.MoMLSimpleApplication@7aaeebb0
reloadAllAccessors: .DownSample

===========================================================================================
----------------- testing Wed Feb 26 17:25:15 UTC 2020 /home/travis/build/icyphy/ptII/ptolemy/actor/lib/test/auto/ElectronicUnitBase1.xml
----------------- Instantiating /home/travis/build/icyphy/ptII/ptolemy/actor/lib/test/auto/ElectronicUnitBase1.xml
15 ms. Memory: 450560K Free: 301340K (67%)
----------------- Invoking toplevel() on ptolemy.moml.MoMLSimpleApplication@6cb73d1e
----------------- Done invoking toplevel() on ptolemy.moml.MoMLSimpleApplication@6cb73d1e
reloadAllAccessors: .ElectronicUnitBase1

===========================================================================================
----------------- testing Wed Feb 26 17:25:15 UTC 2020 /home/travis/build/icyphy/ptII/ptolemy/actor/lib/test/auto/ElementsToArray.xml
----------------- Instantiating /home/travis/build/icyphy/ptII/ptolemy/actor/lib/test/auto/ElementsToArray.xml
2 ms. Memory: 450560K Free: 296734K (66%)
----------------- Invoking toplevel() on ptolemy.moml.MoMLSimpleApplication@75ef430
----------------- Done invoking toplevel() on ptolemy.moml.MoMLSimpleApplication@75ef430
reloadAllAccessors: .ElementsToArray

===========================================================================================
----------------- testing Wed Feb 26 17:25:15 UTC 2020 /home/travis/build/icyphy/ptII/ptolemy/actor/lib/test/auto/Equals.xml
----------------- Instantiating /home/travis/build/icyphy/ptII/ptolemy/actor/lib/test/auto/Equals.xml
3 ms. Memory: 450560K Free: 292124K (65%)
----------------- Invoking toplevel() on ptolemy.moml.MoMLSimpleApplication@4b001e4c
----------------- Done invoking toplevel() on ptolemy.moml.MoMLSimpleApplication@4b001e4c
reloadAllAccessors: .Equals

===========================================================================================
----------------- testing Wed Feb 26 17:25:15 UTC 2020 /home/travis/build/icyphy/ptII/ptolemy/actor/lib/test/auto/Exec.xml
----------------- Instantiating /home/travis/build/icyphy/ptII/ptolemy/actor/lib/test/auto/Exec.xml
23 ms. Memory: 450560K Free: 285980K (63%)
----------------- Invoking toplevel() on ptolemy.moml.MoMLSimpleApplication@e4d3a7
----------------- Done invoking toplevel() on ptolemy.moml.MoMLSimpleApplication@e4d3a7
reloadAllAccessors: .Exec

===========================================================================================
----------------- testing Wed Feb 26 17:25:15 UTC 2020 /home/travis/build/icyphy/ptII/ptolemy/actor/lib/test/auto/ExecEnvironment.xml
----------------- Instantiating /home/travis/build/icyphy/ptII/ptolemy/actor/lib/test/auto/ExecEnvironment.xml
19 ms. Memory: 450560K Free: 280830K (62%)
----------------- Invoking toplevel() on ptolemy.moml.MoMLSimpleApplication@5dac31a3
----------------- Done invoking toplevel() on ptolemy.moml.MoMLSimpleApplication@5dac31a3
reloadAllAccessors: .ExecEnvironment

===========================================================================================
----------------- testing Wed Feb 26 17:25:15 UTC 2020 /home/travis/build/icyphy/ptII/ptolemy/actor/lib/test/auto/ExecNonZeroReturnOutput.xml
----------------- Instantiating /home/travis/build/icyphy/ptII/ptolemy/actor/lib/test/auto/ExecNonZeroReturnOutput.xml
163 ms. Memory: 450560K Free: 269596K (60%)
----------------- Invoking toplevel() on ptolemy.moml.MoMLSimpleApplication@6bb6b66c
----------------- Done invoking toplevel() on ptolemy.moml.MoMLSimpleApplication@6bb6b66c
reloadAllAccessors: .ExecNonZeroReturnOutput

===========================================================================================
----------------- testing Wed Feb 26 17:25:15 UTC 2020 /home/travis/build/icyphy/ptII/ptolemy/actor/lib/test/auto/ExecRunDemos.xml
----------------- Instantiating /home/travis/build/icyphy/ptII/ptolemy/actor/lib/test/auto/ExecRunDemos.xml
Finished: 53 ms. Memory: 129024K Free: 112104K (87%)

Finished: 77 ms. Memory: 129024K Free: 109602K (85%)

Finished: 87 ms. Memory: 129024K Free: 109512K (85%)

Finished: 83 ms. Memory: 129024K Free: 111004K (86%)

Finished: 67 ms. Memory: 129024K Free: 112220K (87%)

10166 ms. Memory: 450560K Free: 248604K (55%)
----------------- Invoking toplevel() on ptolemy.moml.MoMLSimpleApplication@c3f6e62
----------------- Done invoking toplevel() on ptolemy.moml.MoMLSimpleApplication@c3f6e62
reloadAllAccessors: .ExecRunDemos

===========================================================================================
----------------- testing Wed Feb 26 17:25:25 UTC 2020 /home/travis/build/icyphy/ptII/ptolemy/actor/lib/test/auto/ExecStop.xml
----------------- Instantiating /home/travis/build/icyphy/ptII/ptolemy/actor/lib/test/auto/ExecStop.xml
5014 ms. Memory: 450560K Free: 376292K (84%)
----------------- Invoking toplevel() on ptolemy.moml.MoMLSimpleApplication@71db0b8d
----------------- Done invoking toplevel() on ptolemy.moml.MoMLSimpleApplication@71db0b8d
reloadAllAccessors: .ExecStop

===========================================================================================
----------------- testing Wed Feb 26 17:25:30 UTC 2020 /home/travis/build/icyphy/ptII/ptolemy/actor/lib/test/auto/ExecutionTimeSDF.xml
----------------- Instantiating /home/travis/build/icyphy/ptII/ptolemy/actor/lib/test/auto/ExecutionTimeSDF.xml
Fired ExecutionTime: -620567296
Fired ExecutionTime: 1542400000
Fired ExecutionTime: -255367296
6008 ms. Memory: 450560K Free: 363238K (81%)
----------------- Invoking toplevel() on ptolemy.moml.MoMLSimpleApplication@555c86db
----------------- Done invoking toplevel() on ptolemy.moml.MoMLSimpleApplication@555c86db
reloadAllAccessors: .ExecutionTimeSDF

===========================================================================================
----------------- testing Wed Feb 26 17:25:36 UTC 2020 /home/travis/build/icyphy/ptII/ptolemy/actor/lib/test/auto/Expression1.xml
----------------- Instantiating /home/travis/build/icyphy/ptII/ptolemy/actor/lib/test/auto/Expression1.xml
1 ms. Memory: 450560K Free: 359652K (80%)
----------------- Invoking toplevel() on ptolemy.moml.MoMLSimpleApplication@78633bc1
----------------- Done invoking toplevel() on ptolemy.moml.MoMLSimpleApplication@78633bc1
reloadAllAccessors: .Expression1

===========================================================================================
----------------- testing Wed Feb 26 17:25:36 UTC 2020 /home/travis/build/icyphy/ptII/ptolemy/actor/lib/test/auto/Expression10.xml
----------------- Instantiating /home/travis/build/icyphy/ptII/ptolemy/actor/lib/test/auto/Expression10.xml
5 ms. Memory: 450560K Free: 354532K (79%)
----------------- Invoking toplevel() on ptolemy.moml.MoMLSimpleApplication@4f64ec9c
----------------- Done invoking toplevel() on ptolemy.moml.MoMLSimpleApplication@4f64ec9c
reloadAllAccessors: .Expression10

===========================================================================================
----------------- testing Wed Feb 26 17:25:36 UTC 2020 /home/travis/build/icyphy/ptII/ptolemy/actor/lib/test/auto/Expression11.xml
----------------- Instantiating /home/travis/build/icyphy/ptII/ptolemy/actor/lib/test/auto/Expression11.xml
3 ms. Memory: 450560K Free: 349924K (78%)
----------------- Invoking toplevel() on ptolemy.moml.MoMLSimpleApplication@4f21a9a0
----------------- Done invoking toplevel() on ptolemy.moml.MoMLSimpleApplication@4f21a9a0
reloadAllAccessors: .Expression11

===========================================================================================
----------------- testing Wed Feb 26 17:25:36 UTC 2020 /home/travis/build/icyphy/ptII/ptolemy/actor/lib/test/auto/Expression12.xml
----------------- Instantiating /home/travis/build/icyphy/ptII/ptolemy/actor/lib/test/auto/Expression12.xml
4 ms. Memory: 450560K Free: 343782K (76%)
----------------- Invoking toplevel() on ptolemy.moml.MoMLSimpleApplication@59622d2b
----------------- Done invoking toplevel() on ptolemy.moml.MoMLSimpleApplication@59622d2b
reloadAllAccessors: .Expression12

===========================================================================================
----------------- testing Wed Feb 26 17:25:36 UTC 2020 /home/travis/build/icyphy/ptII/ptolemy/actor/lib/test/auto/Expression13.xml
----------------- Instantiating /home/travis/build/icyphy/ptII/ptolemy/actor/lib/test/auto/Expression13.xml
3 ms. Memory: 450560K Free: 339172K (75%)
----------------- Invoking toplevel() on ptolemy.moml.MoMLSimpleApplication@235803f5
----------------- Done invoking toplevel() on ptolemy.moml.MoMLSimpleApplication@235803f5
reloadAllAccessors: .Expression13

===========================================================================================
----------------- testing Wed Feb 26 17:25:36 UTC 2020 /home/travis/build/icyphy/ptII/ptolemy/actor/lib/test/auto/Expression14.xml
----------------- Instantiating /home/travis/build/icyphy/ptII/ptolemy/actor/lib/test/auto/Expression14.xml
7 ms. Memory: 450560K Free: 333028K (74%)
----------------- Invoking toplevel() on ptolemy.moml.MoMLSimpleApplication@3c1baff0
----------------- Done invoking toplevel() on ptolemy.moml.MoMLSimpleApplication@3c1baff0
reloadAllAccessors: .Expression14

===========================================================================================
----------------- testing Wed Feb 26 17:25:36 UTC 2020 /home/travis/build/icyphy/ptII/ptolemy/actor/lib/test/auto/Expression15.xml
----------------- Instantiating /home/travis/build/icyphy/ptII/ptolemy/actor/lib/test/auto/Expression15.xml
1 ms. Memory: 450560K Free: 329446K (73%)
----------------- Invoking toplevel() on ptolemy.moml.MoMLSimpleApplication@18377fd
----------------- Done invoking toplevel() on ptolemy.moml.MoMLSimpleApplication@18377fd
reloadAllAccessors: .Expression15

===========================================================================================
----------------- testing Wed Feb 26 17:25:36 UTC 2020 /home/travis/build/icyphy/ptII/ptolemy/actor/lib/test/auto/Expression16.xml
----------------- Instantiating /home/travis/build/icyphy/ptII/ptolemy/actor/lib/test/auto/Expression16.xml
2 ms. Memory: 450560K Free: 324326K (72%)
----------------- Invoking toplevel() on ptolemy.moml.MoMLSimpleApplication@4f789b02
----------------- Done invoking toplevel() on ptolemy.moml.MoMLSimpleApplication@4f789b02
reloadAllAccessors: .Expression16

===========================================================================================
----------------- testing Wed Feb 26 17:25:36 UTC 2020 /home/travis/build/icyphy/ptII/ptolemy/actor/lib/test/auto/Expression17.xml
----------------- Instantiating /home/travis/build/icyphy/ptII/ptolemy/actor/lib/test/auto/Expression17.xml
3 ms. Memory: 450560K Free: 319206K (71%)
----------------- Invoking toplevel() on ptolemy.moml.MoMLSimpleApplication@ca8b66e
----------------- Done invoking toplevel() on ptolemy.moml.MoMLSimpleApplication@ca8b66e
reloadAllAccessors: .Expression17

===========================================================================================
----------------- testing Wed Feb 26 17:25:36 UTC 2020 /home/travis/build/icyphy/ptII/ptolemy/actor/lib/test/auto/Expression18.xml
----------------- Instantiating /home/travis/build/icyphy/ptII/ptolemy/actor/lib/test/auto/Expression18.xml
3 ms. Memory: 450560K Free: 314596K (70%)
----------------- Invoking toplevel() on ptolemy.moml.MoMLSimpleApplication@4bd79620
----------------- Done invoking toplevel() on ptolemy.moml.MoMLSimpleApplication@4bd79620
reloadAllAccessors: .Expression18

===========================================================================================
----------------- testing Wed Feb 26 17:25:36 UTC 2020 /home/travis/build/icyphy/ptII/ptolemy/actor/lib/test/auto/Expression2.xml
----------------- Instantiating /home/travis/build/icyphy/ptII/ptolemy/actor/lib/test/auto/Expression2.xml
3 ms. Memory: 450560K Free: 308966K (69%)
----------------- Invoking toplevel() on ptolemy.moml.MoMLSimpleApplication@7b069f17
----------------- Done invoking toplevel() on ptolemy.moml.MoMLSimpleApplication@7b069f17
reloadAllAccessors: .Expression2

===========================================================================================
----------------- testing Wed Feb 26 17:25:36 UTC 2020 /home/travis/build/icyphy/ptII/ptolemy/actor/lib/test/auto/Expression3.xml
----------------- Instantiating /home/travis/build/icyphy/ptII/ptolemy/actor/lib/test/auto/Expression3.xml
8 ms. Memory: 450560K Free: 304356K (68%)
----------------- Invoking toplevel() on ptolemy.moml.MoMLSimpleApplication@22ef9109
----------------- Done invoking toplevel() on ptolemy.moml.MoMLSimpleApplication@22ef9109
reloadAllAccessors: .Expression3

===========================================================================================
----------------- testing Wed Feb 26 17:25:36 UTC 2020 /home/travis/build/icyphy/ptII/ptolemy/actor/lib/test/auto/Expression4.xml
----------------- Instantiating /home/travis/build/icyphy/ptII/ptolemy/actor/lib/test/auto/Expression4.xml
7 ms. Memory: 450560K Free: 296678K (66%)
----------------- Invoking toplevel() on ptolemy.moml.MoMLSimpleApplication@77a63101
----------------- Done invoking toplevel() on ptolemy.moml.MoMLSimpleApplication@77a63101
reloadAllAccessors: .Expression4

===========================================================================================
----------------- testing Wed Feb 26 17:25:37 UTC 2020 /home/travis/build/icyphy/ptII/ptolemy/actor/lib/test/auto/Expression5.xml
----------------- Instantiating /home/travis/build/icyphy/ptII/ptolemy/actor/lib/test/auto/Expression5.xml
4 ms. Memory: 450560K Free: 291558K (65%)
----------------- Invoking toplevel() on ptolemy.moml.MoMLSimpleApplication@5e41b866
----------------- Done invoking toplevel() on ptolemy.moml.MoMLSimpleApplication@5e41b866
reloadAllAccessors: .Expression5

===========================================================================================
----------------- testing Wed Feb 26 17:25:37 UTC 2020 /home/travis/build/icyphy/ptII/ptolemy/actor/lib/test/auto/Expression6.xml
----------------- Instantiating /home/travis/build/icyphy/ptII/ptolemy/actor/lib/test/auto/Expression6.xml
3 ms. Memory: 450560K Free: 287462K (64%)
----------------- Invoking toplevel() on ptolemy.moml.MoMLSimpleApplication@4d5ab5a2
----------------- Done invoking toplevel() on ptolemy.moml.MoMLSimpleApplication@4d5ab5a2
reloadAllAccessors: .Expression6

===========================================================================================
----------------- testing Wed Feb 26 17:25:37 UTC 2020 /home/travis/build/icyphy/ptII/ptolemy/actor/lib/test/auto/Expression7.xml
----------------- Instantiating /home/travis/build/icyphy/ptII/ptolemy/actor/lib/test/auto/Expression7.xml
2 ms. Memory: 450560K Free: 282342K (63%)
----------------- Invoking toplevel() on ptolemy.moml.MoMLSimpleApplication@6b46f09d
----------------- Done invoking toplevel() on ptolemy.moml.MoMLSimpleApplication@6b46f09d
reloadAllAccessors: .Expression7

===========================================================================================
----------------- testing Wed Feb 26 17:25:37 UTC 2020 /home/travis/build/icyphy/ptII/ptolemy/actor/lib/test/auto/Expression8.xml
----------------- Instantiating /home/travis/build/icyphy/ptII/ptolemy/actor/lib/test/auto/Expression8.xml
9 ms. Memory: 450560K Free: 277732K (62%)
----------------- Invoking toplevel() on ptolemy.moml.MoMLSimpleApplication@3a457e30
----------------- Done invoking toplevel() on ptolemy.moml.MoMLSimpleApplication@3a457e30
reloadAllAccessors: .Expression8

===========================================================================================
----------------- testing Wed Feb 26 17:25:37 UTC 2020 /home/travis/build/icyphy/ptII/ptolemy/actor/lib/test/auto/Expression9.xml
----------------- Instantiating /home/travis/build/icyphy/ptII/ptolemy/actor/lib/test/auto/Expression9.xml
1 ms. Memory: 450560K Free: 273636K (61%)
----------------- Invoking toplevel() on ptolemy.moml.MoMLSimpleApplication@6eee26e2
----------------- Done invoking toplevel() on ptolemy.moml.MoMLSimpleApplication@6eee26e2
reloadAllAccessors: .Expression9

===========================================================================================
----------------- testing Wed Feb 26 17:25:37 UTC 2020 /home/travis/build/icyphy/ptII/ptolemy/actor/lib/test/auto/ExpressionConcatenateArrayType.xml
----------------- Instantiating /home/travis/build/icyphy/ptII/ptolemy/actor/lib/test/auto/ExpressionConcatenateArrayType.xml
2 ms. Memory: 450560K Free: 266982K (59%)
----------------- Invoking toplevel() on ptolemy.moml.MoMLSimpleApplication@309ff003
----------------- Done invoking toplevel() on ptolemy.moml.MoMLSimpleApplication@309ff003
reloadAllAccessors: .ExpressionConcatenateArrayType

===========================================================================================
----------------- testing Wed Feb 26 17:25:37 UTC 2020 /home/travis/build/icyphy/ptII/ptolemy/actor/lib/test/auto/ExpressionConcatenateArrayType2.xml
----------------- Instantiating /home/travis/build/icyphy/ptII/ptolemy/actor/lib/test/auto/ExpressionConcatenateArrayType2.xml
2 ms. Memory: 450560K Free: 261348K (58%)
----------------- Invoking toplevel() on ptolemy.moml.MoMLSimpleApplication@582b4ea1
----------------- Done invoking toplevel() on ptolemy.moml.MoMLSimpleApplication@582b4ea1
reloadAllAccessors: .ExpressionConcatenateArrayType2

===========================================================================================
----------------- testing Wed Feb 26 17:25:37 UTC 2020 /home/travis/build/icyphy/ptII/ptolemy/actor/lib/test/auto/ExpressionFix.xml
----------------- Instantiating /home/travis/build/icyphy/ptII/ptolemy/actor/lib/test/auto/ExpressionFix.xml
24 ms. Memory: 450560K Free: 254694K (57%)
----------------- Invoking toplevel() on ptolemy.moml.MoMLSimpleApplication@16d7c56a
----------------- Done invoking toplevel() on ptolemy.moml.MoMLSimpleApplication@16d7c56a
reloadAllAccessors: .ExpressionFix

===========================================================================================
----------------- testing Wed Feb 26 17:25:37 UTC 2020 /home/travis/build/icyphy/ptII/ptolemy/actor/lib/test/auto/ExpressionFix2.xml
----------------- Instantiating /home/travis/build/icyphy/ptII/ptolemy/actor/lib/test/auto/ExpressionFix2.xml
4 ms. Memory: 450560K Free: 250598K (56%)
----------------- Invoking toplevel() on ptolemy.moml.MoMLSimpleApplication@5ceb88f0
----------------- Done invoking toplevel() on ptolemy.moml.MoMLSimpleApplication@5ceb88f0
reloadAllAccessors: .ExpressionFix2

===========================================================================================
----------------- testing Wed Feb 26 17:25:37 UTC 2020 /home/travis/build/icyphy/ptII/ptolemy/actor/lib/test/auto/ExpressionFix3.xml
----------------- Instantiating /home/travis/build/icyphy/ptII/ptolemy/actor/lib/test/auto/ExpressionFix3.xml
2 ms. Memory: 450560K Free: 246502K (55%)
----------------- Invoking toplevel() on ptolemy.moml.MoMLSimpleApplication@16711dc6
----------------- Done invoking toplevel() on ptolemy.moml.MoMLSimpleApplication@16711dc6
reloadAllAccessors: .ExpressionFix3

===========================================================================================
----------------- testing Wed Feb 26 17:25:37 UTC 2020 /home/travis/build/icyphy/ptII/ptolemy/actor/lib/test/auto/FileWriter1.xml
----------------- Instantiating /home/travis/build/icyphy/ptII/ptolemy/actor/lib/test/auto/FileWriter1.xml
5 ms. Memory: 450560K Free: 242406K (54%)
----------------- Invoking toplevel() on ptolemy.moml.MoMLSimpleApplication@3134b9ab
----------------- Done invoking toplevel() on ptolemy.moml.MoMLSimpleApplication@3134b9ab
reloadAllAccessors: .FileWriter1

===========================================================================================
----------------- testing Wed Feb 26 17:25:37 UTC 2020 /home/travis/build/icyphy/ptII/ptolemy/actor/lib/test/auto/FileWriter2.xml
----------------- Instantiating /home/travis/build/icyphy/ptII/ptolemy/actor/lib/test/auto/FileWriter2.xml
3 ms. Memory: 450560K Free: 238310K (53%)
----------------- Invoking toplevel() on ptolemy.moml.MoMLSimpleApplication@58a307b
----------------- Done invoking toplevel() on ptolemy.moml.MoMLSimpleApplication@58a307b
reloadAllAccessors: .FileWriter2

===========================================================================================
----------------- testing Wed Feb 26 17:25:37 UTC 2020 /home/travis/build/icyphy/ptII/ptolemy/actor/lib/test/auto/FileWriter3.xml
----------------- Instantiating /home/travis/build/icyphy/ptII/ptolemy/actor/lib/test/auto/FileWriter3.xml
1 ms. Memory: 450560K Free: 234214K (52%)
----------------- Invoking toplevel() on ptolemy.moml.MoMLSimpleApplication@61a082a6
----------------- Done invoking toplevel() on ptolemy.moml.MoMLSimpleApplication@61a082a6
reloadAllAccessors: .FileWriter3

===========================================================================================
----------------- testing Wed Feb 26 17:25:37 UTC 2020 /home/travis/build/icyphy/ptII/ptolemy/actor/lib/test/auto/Gaussian.xml
----------------- Instantiating /home/travis/build/icyphy/ptII/ptolemy/actor/lib/test/auto/Gaussian.xml
3 ms. Memory: 450560K Free: 229604K (51%)
----------------- Invoking toplevel() on ptolemy.moml.MoMLSimpleApplication@7c2006ca
----------------- Done invoking toplevel() on ptolemy.moml.MoMLSimpleApplication@7c2006ca
reloadAllAccessors: .Gaussian

===========================================================================================
----------------- testing Wed Feb 26 17:25:37 UTC 2020 /home/travis/build/icyphy/ptII/ptolemy/actor/lib/test/auto/Gaussian1.xml
----------------- Instantiating /home/travis/build/icyphy/ptII/ptolemy/actor/lib/test/auto/Gaussian1.xml
2 ms. Memory: 450560K Free: 224454K (50%)
----------------- Invoking toplevel() on ptolemy.moml.MoMLSimpleApplication@2074fd2f
----------------- Done invoking toplevel() on ptolemy.moml.MoMLSimpleApplication@2074fd2f
reloadAllAccessors: .Gaussian1

===========================================================================================
----------------- testing Wed Feb 26 17:25:37 UTC 2020 /home/travis/build/icyphy/ptII/ptolemy/actor/lib/test/auto/Gaussian2.xml
----------------- Instantiating /home/travis/build/icyphy/ptII/ptolemy/actor/lib/test/auto/Gaussian2.xml
8 ms. Memory: 450560K Free: 218854K (49%)
----------------- Invoking toplevel() on ptolemy.moml.MoMLSimpleApplication@15e7970c
----------------- Done invoking toplevel() on ptolemy.moml.MoMLSimpleApplication@15e7970c
reloadAllAccessors: .Gaussian2

===========================================================================================
----------------- testing Wed Feb 26 17:25:37 UTC 2020 /home/travis/build/icyphy/ptII/ptolemy/actor/lib/test/auto/GradientAdaptiveLattice.xml
----------------- Instantiating /home/travis/build/icyphy/ptII/ptolemy/actor/lib/test/auto/GradientAdaptiveLattice.xml
2 ms. Memory: 450560K Free: 213734K (47%)
----------------- Invoking toplevel() on ptolemy.moml.MoMLSimpleApplication@1e2fd611
----------------- Done invoking toplevel() on ptolemy.moml.MoMLSimpleApplication@1e2fd611
reloadAllAccessors: .GradientAdaptiveLattice

===========================================================================================
----------------- testing Wed Feb 26 17:25:37 UTC 2020 /home/travis/build/icyphy/ptII/ptolemy/actor/lib/test/auto/IIR.xml
----------------- Instantiating /home/travis/build/icyphy/ptII/ptolemy/actor/lib/test/auto/IIR.xml
1 ms. Memory: 450560K Free: 209638K (47%)
----------------- Invoking toplevel() on ptolemy.moml.MoMLSimpleApplication@293d569b
----------------- Done invoking toplevel() on ptolemy.moml.MoMLSimpleApplication@293d569b
reloadAllAccessors: .IIR

===========================================================================================
----------------- testing Wed Feb 26 17:25:37 UTC 2020 /home/travis/build/icyphy/ptII/ptolemy/actor/lib/test/auto/InputOutputTransparentPorts.xml
----------------- Instantiating /home/travis/build/icyphy/ptII/ptolemy/actor/lib/test/auto/InputOutputTransparentPorts.xml
2 ms. Memory: 450560K Free: 201956K (45%)
----------------- Invoking toplevel() on ptolemy.moml.MoMLSimpleApplication@17c24346
----------------- Done invoking toplevel() on ptolemy.moml.MoMLSimpleApplication@17c24346
reloadAllAccessors: .InputOutputTransparentPorts

===========================================================================================
----------------- testing Wed Feb 26 17:25:37 UTC 2020 /home/travis/build/icyphy/ptII/ptolemy/actor/lib/test/auto/Interpolator.xml
----------------- Instantiating /home/travis/build/icyphy/ptII/ptolemy/actor/lib/test/auto/Interpolator.xml
5 ms. Memory: 450560K Free: 197860K (44%)
----------------- Invoking toplevel() on ptolemy.moml.MoMLSimpleApplication@494b4c13
----------------- Done invoking toplevel() on ptolemy.moml.MoMLSimpleApplication@494b4c13
reloadAllAccessors: .Interpolator

===========================================================================================
----------------- testing Wed Feb 26 17:25:37 UTC 2020 /home/travis/build/icyphy/ptII/ptolemy/actor/lib/test/auto/InterpolatorFiringLimitDE.xml
----------------- Instantiating /home/travis/build/icyphy/ptII/ptolemy/actor/lib/test/auto/InterpolatorFiringLimitDE.xml
2 ms. Memory: 450560K Free: 191716K (43%)
----------------- Invoking toplevel() on ptolemy.moml.MoMLSimpleApplication@119e6464
----------------- Done invoking toplevel() on ptolemy.moml.MoMLSimpleApplication@119e6464
reloadAllAccessors: .InterpolatorFiringLimitDE

===========================================================================================
----------------- testing Wed Feb 26 17:25:37 UTC 2020 /home/travis/build/icyphy/ptII/ptolemy/actor/lib/test/auto/Lattice.xml
----------------- Instantiating /home/travis/build/icyphy/ptII/ptolemy/actor/lib/test/auto/Lattice.xml
1 ms. Memory: 450560K Free: 187620K (42%)
----------------- Invoking toplevel() on ptolemy.moml.MoMLSimpleApplication@2e95524b
----------------- Done invoking toplevel() on ptolemy.moml.MoMLSimpleApplication@2e95524b
reloadAllAccessors: .Lattice

===========================================================================================
----------------- testing Wed Feb 26 17:25:37 UTC 2020 /home/travis/build/icyphy/ptII/ptolemy/actor/lib/test/auto/LazyAOCTestLazy.xml
----------------- Instantiating /home/travis/build/icyphy/ptII/ptolemy/actor/lib/test/auto/LazyAOCTestLazy.xml
17 ms. Memory: 450560K Free: 181462K (40%)
----------------- Invoking toplevel() on ptolemy.moml.MoMLSimpleApplication@27e2d6e1
----------------- Done invoking toplevel() on ptolemy.moml.MoMLSimpleApplication@27e2d6e1
reloadAllAccessors: .LazyAOCTestLazy

===========================================================================================
----------------- testing Wed Feb 26 17:25:37 UTC 2020 /home/travis/build/icyphy/ptII/ptolemy/actor/lib/test/auto/LazyAOCTestNonLazy.xml
----------------- Instantiating /home/travis/build/icyphy/ptII/ptolemy/actor/lib/test/auto/LazyAOCTestNonLazy.xml
2 ms. Memory: 450560K Free: 175332K (39%)
----------------- Invoking toplevel() on ptolemy.moml.MoMLSimpleApplication@2bd18a7b
----------------- Done invoking toplevel() on ptolemy.moml.MoMLSimpleApplication@2bd18a7b
reloadAllAccessors: .LazyAOCTestNonLazy

===========================================================================================
----------------- testing Wed Feb 26 17:25:37 UTC 2020 /home/travis/build/icyphy/ptII/ptolemy/actor/lib/test/auto/LazyInnerClass.xml
----------------- Instantiating /home/travis/build/icyphy/ptII/ptolemy/actor/lib/test/auto/LazyInnerClass.xml
19 ms. Memory: 450560K Free: 166630K (37%)
----------------- Invoking toplevel() on ptolemy.moml.MoMLSimpleApplication@65e7f5a6
----------------- Done invoking toplevel() on ptolemy.moml.MoMLSimpleApplication@65e7f5a6
reloadAllAccessors: .LazyInnerClass

===========================================================================================
----------------- testing Wed Feb 26 17:25:37 UTC 2020 /home/travis/build/icyphy/ptII/ptolemy/actor/lib/test/auto/LazyPubSub.xml
----------------- Instantiating /home/travis/build/icyphy/ptII/ptolemy/actor/lib/test/auto/LazyPubSub.xml
17 ms. Memory: 450560K Free: 156390K (35%)
----------------- Invoking toplevel() on ptolemy.moml.MoMLSimpleApplication@4cc191a9
----------------- Done invoking toplevel() on ptolemy.moml.MoMLSimpleApplication@4cc191a9
reloadAllAccessors: .LazyPubSub

===========================================================================================
----------------- testing Wed Feb 26 17:25:37 UTC 2020 /home/travis/build/icyphy/ptII/ptolemy/actor/lib/test/auto/LazyPubSub2.xml
----------------- Instantiating /home/travis/build/icyphy/ptII/ptolemy/actor/lib/test/auto/LazyPubSub2.xml
11 ms. Memory: 450560K Free: 147174K (33%)
----------------- Invoking toplevel() on ptolemy.moml.MoMLSimpleApplication@1ee76ac1
----------------- Done invoking toplevel() on ptolemy.moml.MoMLSimpleApplication@1ee76ac1
reloadAllAccessors: .LazyPubSub2

===========================================================================================
----------------- testing Wed Feb 26 17:25:37 UTC 2020 /home/travis/build/icyphy/ptII/ptolemy/actor/lib/test/auto/LazyPubSub3.xml
----------------- Instantiating /home/travis/build/icyphy/ptII/ptolemy/actor/lib/test/auto/LazyPubSub3.xml
9 ms. Memory: 450560K Free: 136934K (30%)
----------------- Invoking toplevel() on ptolemy.moml.MoMLSimpleApplication@7a539ab5
----------------- Done invoking toplevel() on ptolemy.moml.MoMLSimpleApplication@7a539ab5
reloadAllAccessors: .LazyPubSub3

===========================================================================================
----------------- testing Wed Feb 26 17:25:37 UTC 2020 /home/travis/build/icyphy/ptII/ptolemy/actor/lib/test/auto/LazySubClassModel.xml
----------------- Instantiating /home/travis/build/icyphy/ptII/ptolemy/actor/lib/test/auto/LazySubClassModel.xml
1 ms. Memory: 450560K Free: 393357K (87%)
----------------- Invoking toplevel() on ptolemy.moml.MoMLSimpleApplication@3518fd4e
----------------- Done invoking toplevel() on ptolemy.moml.MoMLSimpleApplication@3518fd4e
reloadAllAccessors: .LazySubClassModel

===========================================================================================
----------------- testing Wed Feb 26 17:25:37 UTC 2020 /home/travis/build/icyphy/ptII/ptolemy/actor/lib/test/auto/LevelCrossTest1.xml
----------------- Instantiating /home/travis/build/icyphy/ptII/ptolemy/actor/lib/test/auto/LevelCrossTest1.xml
1 ms. Memory: 450560K Free: 387213K (86%)
----------------- Invoking toplevel() on ptolemy.moml.MoMLSimpleApplication@2814bf8a
----------------- Done invoking toplevel() on ptolemy.moml.MoMLSimpleApplication@2814bf8a
reloadAllAccessors: .broken

===========================================================================================
----------------- testing Wed Feb 26 17:25:37 UTC 2020 /home/travis/build/icyphy/ptII/ptolemy/actor/lib/test/auto/LevelCrossTest10.xml
----------------- Instantiating /home/travis/build/icyphy/ptII/ptolemy/actor/lib/test/auto/LevelCrossTest10.xml
1 ms. Memory: 450560K Free: 380045K (84%)
----------------- Invoking toplevel() on ptolemy.moml.MoMLSimpleApplication@10fd3b3a
----------------- Done invoking toplevel() on ptolemy.moml.MoMLSimpleApplication@10fd3b3a
reloadAllAccessors: .LevelCrossTest10

===========================================================================================
----------------- testing Wed Feb 26 17:25:37 UTC 2020 /home/travis/build/icyphy/ptII/ptolemy/actor/lib/test/auto/LevelCrossTest11.xml
----------------- Instantiating /home/travis/build/icyphy/ptII/ptolemy/actor/lib/test/auto/LevelCrossTest11.xml
2 ms. Memory: 450560K Free: 373387K (83%)
----------------- Invoking toplevel() on ptolemy.moml.MoMLSimpleApplication@33c0561b
----------------- Done invoking toplevel() on ptolemy.moml.MoMLSimpleApplication@33c0561b
reloadAllAccessors: .LevelCrossTest11

===========================================================================================
----------------- testing Wed Feb 26 17:25:37 UTC 2020 /home/travis/build/icyphy/ptII/ptolemy/actor/lib/test/auto/LevelCrossTest12.xml
----------------- Instantiating /home/travis/build/icyphy/ptII/ptolemy/actor/lib/test/auto/LevelCrossTest12.xml
1 ms. Memory: 450560K Free: 366219K (81%)
----------------- Invoking toplevel() on ptolemy.moml.MoMLSimpleApplication@407f3faa
----------------- Done invoking toplevel() on ptolemy.moml.MoMLSimpleApplication@407f3faa
reloadAllAccessors: .LevelCrossTest12

===========================================================================================
----------------- testing Wed Feb 26 17:25:37 UTC 2020 /home/travis/build/icyphy/ptII/ptolemy/actor/lib/test/auto/LevelCrossTest13.xml
----------------- Instantiating /home/travis/build/icyphy/ptII/ptolemy/actor/lib/test/auto/LevelCrossTest13.xml
1 ms. Memory: 450560K Free: 359051K (80%)
----------------- Invoking toplevel() on ptolemy.moml.MoMLSimpleApplication@7cc5be3a
----------------- Done invoking toplevel() on ptolemy.moml.MoMLSimpleApplication@7cc5be3a
reloadAllAccessors: .LevelCrossTest13

===========================================================================================
----------------- testing Wed Feb 26 17:25:37 UTC 2020 /home/travis/build/icyphy/ptII/ptolemy/actor/lib/test/auto/LevelCrossTest2.xml
----------------- Instantiating /home/travis/build/icyphy/ptII/ptolemy/actor/lib/test/auto/LevelCrossTest2.xml
3 ms. Memory: 450560K Free: 353421K (78%)
----------------- Invoking toplevel() on ptolemy.moml.MoMLSimpleApplication@7c335cba
----------------- Done invoking toplevel() on ptolemy.moml.MoMLSimpleApplication@7c335cba
reloadAllAccessors: .broken

===========================================================================================
----------------- testing Wed Feb 26 17:25:37 UTC 2020 /home/travis/build/icyphy/ptII/ptolemy/actor/lib/test/auto/LevelCrossTest3.xml
----------------- Instantiating /home/travis/build/icyphy/ptII/ptolemy/actor/lib/test/auto/LevelCrossTest3.xml
2 ms. Memory: 450560K Free: 347277K (77%)
----------------- Invoking toplevel() on ptolemy.moml.MoMLSimpleApplication@744fc5ee
----------------- Done invoking toplevel() on ptolemy.moml.MoMLSimpleApplication@744fc5ee
reloadAllAccessors: .LevelCrossTest3

===========================================================================================
----------------- testing Wed Feb 26 17:25:37 UTC 2020 /home/travis/build/icyphy/ptII/ptolemy/actor/lib/test/auto/LevelCrossTest4.xml
----------------- Instantiating /home/travis/build/icyphy/ptII/ptolemy/actor/lib/test/auto/LevelCrossTest4.xml
2 ms. Memory: 450560K Free: 341643K (76%)
----------------- Invoking toplevel() on ptolemy.moml.MoMLSimpleApplication@791d2daa
----------------- Done invoking toplevel() on ptolemy.moml.MoMLSimpleApplication@791d2daa
reloadAllAccessors: .broken

===========================================================================================
----------------- testing Wed Feb 26 17:25:37 UTC 2020 /home/travis/build/icyphy/ptII/ptolemy/actor/lib/test/auto/LevelCrossTest5.xml
----------------- Instantiating /home/travis/build/icyphy/ptII/ptolemy/actor/lib/test/auto/LevelCrossTest5.xml
2 ms. Memory: 450560K Free: 336013K (75%)
----------------- Invoking toplevel() on ptolemy.moml.MoMLSimpleApplication@47142e14
----------------- Done invoking toplevel() on ptolemy.moml.MoMLSimpleApplication@47142e14
reloadAllAccessors: .LevelCrossTest5

===========================================================================================
----------------- testing Wed Feb 26 17:25:37 UTC 2020 /home/travis/build/icyphy/ptII/ptolemy/actor/lib/test/auto/LevelCrossTest6.xml
----------------- Instantiating /home/travis/build/icyphy/ptII/ptolemy/actor/lib/test/auto/LevelCrossTest6.xml
1 ms. Memory: 450560K Free: 329355K (73%)
----------------- Invoking toplevel() on ptolemy.moml.MoMLSimpleApplication@3a4981e2
----------------- Done invoking toplevel() on ptolemy.moml.MoMLSimpleApplication@3a4981e2
reloadAllAccessors: .LevelCrossTest6

===========================================================================================
----------------- testing Wed Feb 26 17:25:37 UTC 2020 /home/travis/build/icyphy/ptII/ptolemy/actor/lib/test/auto/LevelCrossTest7.xml
----------------- Instantiating /home/travis/build/icyphy/ptII/ptolemy/actor/lib/test/auto/LevelCrossTest7.xml
1 ms. Memory: 450560K Free: 321677K (71%)
----------------- Invoking toplevel() on ptolemy.moml.MoMLSimpleApplication@813437d
----------------- Done invoking toplevel() on ptolemy.moml.MoMLSimpleApplication@813437d
reloadAllAccessors: .LevelCrossTest7

===========================================================================================
----------------- testing Wed Feb 26 17:25:37 UTC 2020 /home/travis/build/icyphy/ptII/ptolemy/actor/lib/test/auto/LevelCrossTest8.xml
----------------- Instantiating /home/travis/build/icyphy/ptII/ptolemy/actor/lib/test/auto/LevelCrossTest8.xml
1 ms. Memory: 450560K Free: 315533K (70%)
----------------- Invoking toplevel() on ptolemy.moml.MoMLSimpleApplication@640ef47e
----------------- Done invoking toplevel() on ptolemy.moml.MoMLSimpleApplication@640ef47e
reloadAllAccessors: .LevelCrossTest8

===========================================================================================
----------------- testing Wed Feb 26 17:25:37 UTC 2020 /home/travis/build/icyphy/ptII/ptolemy/actor/lib/test/auto/LevelCrossTest9.xml
----------------- Instantiating /home/travis/build/icyphy/ptII/ptolemy/actor/lib/test/auto/LevelCrossTest9.xml
2 ms. Memory: 450560K Free: 308365K (68%)
----------------- Invoking toplevel() on ptolemy.moml.MoMLSimpleApplication@4e7881c0
----------------- Done invoking toplevel() on ptolemy.moml.MoMLSimpleApplication@4e7881c0
reloadAllAccessors: .LevelCrossTest9

===========================================================================================
----------------- testing Wed Feb 26 17:25:37 UTC 2020 /home/travis/build/icyphy/ptII/ptolemy/actor/lib/test/auto/LevinsonDurbin.xml
----------------- Instantiating /home/travis/build/icyphy/ptII/ptolemy/actor/lib/test/auto/LevinsonDurbin.xml
11 ms. Memory: 450560K Free: 304269K (68%)
----------------- Invoking toplevel() on ptolemy.moml.MoMLSimpleApplication@badd5e3
----------------- Done invoking toplevel() on ptolemy.moml.MoMLSimpleApplication@badd5e3
reloadAllAccessors: .LevinsonDurbin

===========================================================================================
----------------- testing Wed Feb 26 17:25:37 UTC 2020 /home/travis/build/icyphy/ptII/ptolemy/actor/lib/test/auto/LevinsonDurbin2.xml
----------------- Instantiating /home/travis/build/icyphy/ptII/ptolemy/actor/lib/test/auto/LevinsonDurbin2.xml
1 ms. Memory: 450560K Free: 300173K (67%)
----------------- Invoking toplevel() on ptolemy.moml.MoMLSimpleApplication@61aa020f
----------------- Done invoking toplevel() on ptolemy.moml.MoMLSimpleApplication@61aa020f
reloadAllAccessors: .LevinsonDurbin2

===========================================================================================
----------------- testing Wed Feb 26 17:25:37 UTC 2020 /home/travis/build/icyphy/ptII/ptolemy/actor/lib/test/auto/LevinsonDurbin3.xml
----------------- Instantiating /home/travis/build/icyphy/ptII/ptolemy/actor/lib/test/auto/LevinsonDurbin3.xml
3 ms. Memory: 450560K Free: 296587K (66%)
----------------- Invoking toplevel() on ptolemy.moml.MoMLSimpleApplication@2482fb0b
----------------- Done invoking toplevel() on ptolemy.moml.MoMLSimpleApplication@2482fb0b
reloadAllAccessors: .LevinsonDurbin3

===========================================================================================
----------------- testing Wed Feb 26 17:25:38 UTC 2020 /home/travis/build/icyphy/ptII/ptolemy/actor/lib/test/auto/Limiter.xml
----------------- Instantiating /home/travis/build/icyphy/ptII/ptolemy/actor/lib/test/auto/Limiter.xml
4 ms. Memory: 450560K Free: 287341K (64%)
----------------- Invoking toplevel() on ptolemy.moml.MoMLSimpleApplication@68806691
----------------- Done invoking toplevel() on ptolemy.moml.MoMLSimpleApplication@68806691
reloadAllAccessors: .Limiter

===========================================================================================
----------------- testing Wed Feb 26 17:25:38 UTC 2020 /home/travis/build/icyphy/ptII/ptolemy/actor/lib/test/auto/LinearDifferenceEquationSystem.xml
----------------- Instantiating /home/travis/build/icyphy/ptII/ptolemy/actor/lib/test/auto/LinearDifferenceEquationSystem.xml
4 ms. Memory: 450560K Free: 279693K (62%)
----------------- Invoking toplevel() on ptolemy.moml.MoMLSimpleApplication@2cd5a040
----------------- Done invoking toplevel() on ptolemy.moml.MoMLSimpleApplication@2cd5a040
reloadAllAccessors: .LinearDifferenceEquationSystem

===========================================================================================
----------------- testing Wed Feb 26 17:25:38 UTC 2020 /home/travis/build/icyphy/ptII/ptolemy/actor/lib/test/auto/LookupTable.xml
----------------- Instantiating /home/travis/build/icyphy/ptII/ptolemy/actor/lib/test/auto/LookupTable.xml
2 ms. Memory: 450560K Free: 275083K (61%)
----------------- Invoking toplevel() on ptolemy.moml.MoMLSimpleApplication@14fc06f3
----------------- Done invoking toplevel() on ptolemy.moml.MoMLSimpleApplication@14fc06f3
reloadAllAccessors: .LookupTable

===========================================================================================
----------------- testing Wed Feb 26 17:25:38 UTC 2020 /home/travis/build/icyphy/ptII/ptolemy/actor/lib/test/auto/MathFunction.xml
----------------- Instantiating /home/travis/build/icyphy/ptII/ptolemy/actor/lib/test/auto/MathFunction.xml
2 ms. Memory: 450560K Free: 267405K (59%)
----------------- Invoking toplevel() on ptolemy.moml.MoMLSimpleApplication@1678ae11
----------------- Done invoking toplevel() on ptolemy.moml.MoMLSimpleApplication@1678ae11
reloadAllAccessors: .MathFunction

===========================================================================================
----------------- testing Wed Feb 26 17:25:38 UTC 2020 /home/travis/build/icyphy/ptII/ptolemy/actor/lib/test/auto/MathFunction2.xml
----------------- Instantiating /home/travis/build/icyphy/ptII/ptolemy/actor/lib/test/auto/MathFunction2.xml
4 ms. Memory: 450560K Free: 263309K (58%)
----------------- Invoking toplevel() on ptolemy.moml.MoMLSimpleApplication@386b7cb5
----------------- Done invoking toplevel() on ptolemy.moml.MoMLSimpleApplication@386b7cb5
reloadAllAccessors: .MathFunction2

===========================================================================================
----------------- testing Wed Feb 26 17:25:38 UTC 2020 /home/travis/build/icyphy/ptII/ptolemy/actor/lib/test/auto/MathFunction3.xml
----------------- Instantiating /home/travis/build/icyphy/ptII/ptolemy/actor/lib/test/auto/MathFunction3.xml
2 ms. Memory: 450560K Free: 256141K (57%)
----------------- Invoking toplevel() on ptolemy.moml.MoMLSimpleApplication@338845a7
----------------- Done invoking toplevel() on ptolemy.moml.MoMLSimpleApplication@338845a7
reloadAllAccessors: .MathFunction3

===========================================================================================
----------------- testing Wed Feb 26 17:25:38 UTC 2020 /home/travis/build/icyphy/ptII/ptolemy/actor/lib/test/auto/MatrixCropBoolean.xml
----------------- Instantiating /home/travis/build/icyphy/ptII/ptolemy/actor/lib/test/auto/MatrixCropBoolean.xml
1 ms. Memory: 450560K Free: 251021K (56%)
----------------- Invoking toplevel() on ptolemy.moml.MoMLSimpleApplication@36699a3f
----------------- Done invoking toplevel() on ptolemy.moml.MoMLSimpleApplication@36699a3f
reloadAllAccessors: .MatrixCropBoolean

===========================================================================================
----------------- testing Wed Feb 26 17:25:38 UTC 2020 /home/travis/build/icyphy/ptII/ptolemy/actor/lib/test/auto/MatrixCropComplex.xml
----------------- Instantiating /home/travis/build/icyphy/ptII/ptolemy/actor/lib/test/auto/MatrixCropComplex.xml
2 ms. Memory: 450560K Free: 246405K (55%)
----------------- Invoking toplevel() on ptolemy.moml.MoMLSimpleApplication@1949c754
----------------- Done invoking toplevel() on ptolemy.moml.MoMLSimpleApplication@1949c754
reloadAllAccessors: .MatrixCropComplex

===========================================================================================
----------------- testing Wed Feb 26 17:25:38 UTC 2020 /home/travis/build/icyphy/ptII/ptolemy/actor/lib/test/auto/MatrixCropDouble.xml
----------------- Instantiating /home/travis/build/icyphy/ptII/ptolemy/actor/lib/test/auto/MatrixCropDouble.xml
2 ms. Memory: 450560K Free: 241285K (54%)
----------------- Invoking toplevel() on ptolemy.moml.MoMLSimpleApplication@4d8c9b8f
----------------- Done invoking toplevel() on ptolemy.moml.MoMLSimpleApplication@4d8c9b8f
reloadAllAccessors: .MatrixCropDouble

===========================================================================================
----------------- testing Wed Feb 26 17:25:38 UTC 2020 /home/travis/build/icyphy/ptII/ptolemy/actor/lib/test/auto/MatrixCropFix.xml
----------------- Instantiating /home/travis/build/icyphy/ptII/ptolemy/actor/lib/test/auto/MatrixCropFix.xml
2 ms. Memory: 450560K Free: 236157K (52%)
----------------- Invoking toplevel() on ptolemy.moml.MoMLSimpleApplication@61601ed8
----------------- Done invoking toplevel() on ptolemy.moml.MoMLSimpleApplication@61601ed8
reloadAllAccessors: .MatrixCropFix

===========================================================================================
----------------- testing Wed Feb 26 17:25:38 UTC 2020 /home/travis/build/icyphy/ptII/ptolemy/actor/lib/test/auto/MatrixCropInt.xml
----------------- Instantiating /home/travis/build/icyphy/ptII/ptolemy/actor/lib/test/auto/MatrixCropInt.xml
3 ms. Memory: 450560K Free: 231021K (51%)
----------------- Invoking toplevel() on ptolemy.moml.MoMLSimpleApplication@17354f1
----------------- Done invoking toplevel() on ptolemy.moml.MoMLSimpleApplication@17354f1
reloadAllAccessors: .MatrixCropInt

===========================================================================================
----------------- testing Wed Feb 26 17:25:38 UTC 2020 /home/travis/build/icyphy/ptII/ptolemy/actor/lib/test/auto/MatrixCropLong.xml
----------------- Instantiating /home/travis/build/icyphy/ptII/ptolemy/actor/lib/test/auto/MatrixCropLong.xml
2 ms. Memory: 450560K Free: 226445K (50%)
----------------- Invoking toplevel() on ptolemy.moml.MoMLSimpleApplication@713b0dfa
----------------- Done invoking toplevel() on ptolemy.moml.MoMLSimpleApplication@713b0dfa
reloadAllAccessors: .MatrixCropLong

===========================================================================================
----------------- testing Wed Feb 26 17:25:38 UTC 2020 /home/travis/build/icyphy/ptII/ptolemy/actor/lib/test/auto/MatrixToArray.xml
----------------- Instantiating /home/travis/build/icyphy/ptII/ptolemy/actor/lib/test/auto/MatrixToArray.xml
11 ms. Memory: 450560K Free: 211085K (47%)
----------------- Invoking toplevel() on ptolemy.moml.MoMLSimpleApplication@5789f08f
----------------- Done invoking toplevel() on ptolemy.moml.MoMLSimpleApplication@5789f08f
reloadAllAccessors: .MatrixToArray

===========================================================================================
----------------- testing Wed Feb 26 17:25:38 UTC 2020 /home/travis/build/icyphy/ptII/ptolemy/actor/lib/test/auto/MaxIndex.xml
----------------- Instantiating /home/travis/build/icyphy/ptII/ptolemy/actor/lib/test/auto/MaxIndex.xml
6 ms. Memory: 450560K Free: 205965K (46%)
----------------- Invoking toplevel() on ptolemy.moml.MoMLSimpleApplication@6fe35907
----------------- Done invoking toplevel() on ptolemy.moml.MoMLSimpleApplication@6fe35907
reloadAllAccessors: .MaxIndex

===========================================================================================
----------------- testing Wed Feb 26 17:25:38 UTC 2020 /home/travis/build/icyphy/ptII/ptolemy/actor/lib/test/auto/Maximum.xml
----------------- Instantiating /home/travis/build/icyphy/ptII/ptolemy/actor/lib/test/auto/Maximum.xml
5 ms. Memory: 450560K Free: 199277K (44%)
----------------- Invoking toplevel() on ptolemy.moml.MoMLSimpleApplication@2e2608fa
----------------- Done invoking toplevel() on ptolemy.moml.MoMLSimpleApplication@2e2608fa
reloadAllAccessors: .Maximum

===========================================================================================
----------------- testing Wed Feb 26 17:25:38 UTC 2020 /home/travis/build/icyphy/ptII/ptolemy/actor/lib/test/auto/MaximumComplex.xml
----------------- Instantiating /home/travis/build/icyphy/ptII/ptolemy/actor/lib/test/auto/MaximumComplex.xml
4 ms. Memory: 450560K Free: 193133K (43%)
----------------- Invoking toplevel() on ptolemy.moml.MoMLSimpleApplication@704d618f
----------------- Done invoking toplevel() on ptolemy.moml.MoMLSimpleApplication@704d618f
reloadAllAccessors: .MaximumComplex

===========================================================================================
----------------- testing Wed Feb 26 17:25:38 UTC 2020 /home/travis/build/icyphy/ptII/ptolemy/actor/lib/test/auto/MethodCallTest.xml
----------------- Instantiating /home/travis/build/icyphy/ptII/ptolemy/actor/lib/test/auto/MethodCallTest.xml
3 ms. Memory: 450560K Free: 187019K (42%)
----------------- Invoking toplevel() on ptolemy.moml.MoMLSimpleApplication@553708c6
----------------- Done invoking toplevel() on ptolemy.moml.MoMLSimpleApplication@553708c6
reloadAllAccessors: .MethodCallTest

===========================================================================================
----------------- testing Wed Feb 26 17:25:38 UTC 2020 /home/travis/build/icyphy/ptII/ptolemy/actor/lib/test/auto/Minimum.xml
----------------- Instantiating /home/travis/build/icyphy/ptII/ptolemy/actor/lib/test/auto/Minimum.xml
2 ms. Memory: 450560K Free: 180365K (40%)
----------------- Invoking toplevel() on ptolemy.moml.MoMLSimpleApplication@cc78ea
----------------- Done invoking toplevel() on ptolemy.moml.MoMLSimpleApplication@cc78ea
reloadAllAccessors: .Minimum

===========================================================================================
----------------- testing Wed Feb 26 17:25:38 UTC 2020 /home/travis/build/icyphy/ptII/ptolemy/actor/lib/test/auto/MinimumComplex.xml
----------------- Instantiating /home/travis/build/icyphy/ptII/ptolemy/actor/lib/test/auto/MinimumComplex.xml
3 ms. Memory: 450560K Free: 174221K (39%)
----------------- Invoking toplevel() on ptolemy.moml.MoMLSimpleApplication@4c7430e6
----------------- Done invoking toplevel() on ptolemy.moml.MoMLSimpleApplication@4c7430e6
reloadAllAccessors: .MinimumComplex

===========================================================================================
----------------- testing Wed Feb 26 17:25:38 UTC 2020 /home/travis/build/icyphy/ptII/ptolemy/actor/lib/test/auto/MinimumMultiports.xml
----------------- Instantiating /home/travis/build/icyphy/ptII/ptolemy/actor/lib/test/auto/MinimumMultiports.xml
6 ms. Memory: 450560K Free: 165501K (37%)
----------------- Invoking toplevel() on ptolemy.moml.MoMLSimpleApplication@4c2c9ee1
----------------- Done invoking toplevel() on ptolemy.moml.MoMLSimpleApplication@4c2c9ee1
reloadAllAccessors: .MinimumMultiports

===========================================================================================
----------------- testing Wed Feb 26 17:25:38 UTC 2020 /home/travis/build/icyphy/ptII/ptolemy/actor/lib/test/auto/ModifyDate.xml
----------------- Instantiating /home/travis/build/icyphy/ptII/ptolemy/actor/lib/test/auto/ModifyDate.xml
7 ms. Memory: 450560K Free: 152717K (34%)
----------------- Invoking toplevel() on ptolemy.moml.MoMLSimpleApplication@5b2d1eb7
----------------- Done invoking toplevel() on ptolemy.moml.MoMLSimpleApplication@5b2d1eb7
reloadAllAccessors: .ModifyDate

===========================================================================================
----------------- testing Wed Feb 26 17:25:38 UTC 2020 /home/travis/build/icyphy/ptII/ptolemy/actor/lib/test/auto/ModifyDate2.xml
----------------- Instantiating /home/travis/build/icyphy/ptII/ptolemy/actor/lib/test/auto/ModifyDate2.xml
6 ms. Memory: 450560K Free: 144525K (32%)
----------------- Invoking toplevel() on ptolemy.moml.MoMLSimpleApplication@2b32f28
----------------- Done invoking toplevel() on ptolemy.moml.MoMLSimpleApplication@2b32f28
reloadAllAccessors: .ModifyDate2

===========================================================================================
----------------- testing Wed Feb 26 17:25:38 UTC 2020 /home/travis/build/icyphy/ptII/ptolemy/actor/lib/test/auto/MovingAverage.xml
----------------- Instantiating /home/travis/build/icyphy/ptII/ptolemy/actor/lib/test/auto/MovingAverage.xml
8 ms. Memory: 450560K Free: 139405K (31%)
----------------- Invoking toplevel() on ptolemy.moml.MoMLSimpleApplication@3f068ea3
----------------- Done invoking toplevel() on ptolemy.moml.MoMLSimpleApplication@3f068ea3
reloadAllAccessors: .MovingAverage

===========================================================================================
----------------- testing Wed Feb 26 17:25:38 UTC 2020 /home/travis/build/icyphy/ptII/ptolemy/actor/lib/test/auto/MovingMaximum.xml
----------------- Instantiating /home/travis/build/icyphy/ptII/ptolemy/actor/lib/test/auto/MovingMaximum.xml
4 ms. Memory: 450560K Free: 134795K (30%)
----------------- Invoking toplevel() on ptolemy.moml.MoMLSimpleApplication@6eb2ffeb
----------------- Done invoking toplevel() on ptolemy.moml.MoMLSimpleApplication@6eb2ffeb
reloadAllAccessors: .MovingMaximum

===========================================================================================
----------------- testing Wed Feb 26 17:25:38 UTC 2020 /home/travis/build/icyphy/ptII/ptolemy/actor/lib/test/auto/MultipleLinksToSameRelation.xml
----------------- Instantiating /home/travis/build/icyphy/ptII/ptolemy/actor/lib/test/auto/MultipleLinksToSameRelation.xml
3 ms. Memory: 450560K Free: 397216K (88%)
----------------- Invoking toplevel() on ptolemy.moml.MoMLSimpleApplication@f896e1d
----------------- Done invoking toplevel() on ptolemy.moml.MoMLSimpleApplication@f896e1d
reloadAllAccessors: .MultipleLinksToSameRelation

===========================================================================================
----------------- testing Wed Feb 26 17:25:38 UTC 2020 /home/travis/build/icyphy/ptII/ptolemy/actor/lib/test/auto/MultipleLinksToSameRelationDE.xml
----------------- Instantiating /home/travis/build/icyphy/ptII/ptolemy/actor/lib/test/auto/MultipleLinksToSameRelationDE.xml
4 ms. Memory: 450560K Free: 392610K (87%)
----------------- Invoking toplevel() on ptolemy.moml.MoMLSimpleApplication@4800ce6f
----------------- Done invoking toplevel() on ptolemy.moml.MoMLSimpleApplication@4800ce6f
reloadAllAccessors: .MultipleLinksToSameRelationDE

===========================================================================================
----------------- testing Wed Feb 26 17:25:38 UTC 2020 /home/travis/build/icyphy/ptII/ptolemy/actor/lib/test/auto/Multiplexor.xml
----------------- Instantiating /home/travis/build/icyphy/ptII/ptolemy/actor/lib/test/auto/Multiplexor.xml
2 ms. Memory: 450560K Free: 387490K (86%)
----------------- Invoking toplevel() on ptolemy.moml.MoMLSimpleApplication@7e99364f
----------------- Done invoking toplevel() on ptolemy.moml.MoMLSimpleApplication@7e99364f
reloadAllAccessors: .Multiplexor

===========================================================================================
----------------- testing Wed Feb 26 17:25:38 UTC 2020 /home/travis/build/icyphy/ptII/ptolemy/actor/lib/test/auto/Multiplexor1.xml
----------------- Instantiating /home/travis/build/icyphy/ptII/ptolemy/actor/lib/test/auto/Multiplexor1.xml
2 ms. Memory: 450560K Free: 381850K (85%)
----------------- Invoking toplevel() on ptolemy.moml.MoMLSimpleApplication@69125b1b
----------------- Done invoking toplevel() on ptolemy.moml.MoMLSimpleApplication@69125b1b
reloadAllAccessors: .Multiplexor1

===========================================================================================
----------------- testing Wed Feb 26 17:25:38 UTC 2020 /home/travis/build/icyphy/ptII/ptolemy/actor/lib/test/auto/Multiplexor2.xml
----------------- Instantiating /home/travis/build/icyphy/ptII/ptolemy/actor/lib/test/auto/Multiplexor2.xml
3 ms. Memory: 450560K Free: 375200K (83%)
----------------- Invoking toplevel() on ptolemy.moml.MoMLSimpleApplication@6892b765
----------------- Done invoking toplevel() on ptolemy.moml.MoMLSimpleApplication@6892b765
reloadAllAccessors: .Multiplexor2

===========================================================================================
----------------- testing Wed Feb 26 17:25:38 UTC 2020 /home/travis/build/icyphy/ptII/ptolemy/actor/lib/test/auto/Multiplexor3.xml
----------------- Instantiating /home/travis/build/icyphy/ptII/ptolemy/actor/lib/test/auto/Multiplexor3.xml
2 ms. Memory: 450560K Free: 371106K (82%)
----------------- Invoking toplevel() on ptolemy.moml.MoMLSimpleApplication@3b3b142a
----------------- Done invoking toplevel() on ptolemy.moml.MoMLSimpleApplication@3b3b142a
reloadAllAccessors: .Multiplexor3

===========================================================================================
----------------- testing Wed Feb 26 17:25:38 UTC 2020 /home/travis/build/icyphy/ptII/ptolemy/actor/lib/test/auto/MultiplexorDE.xml
----------------- Instantiating /home/travis/build/icyphy/ptII/ptolemy/actor/lib/test/auto/MultiplexorDE.xml
4 ms. Memory: 450560K Free: 363418K (81%)
----------------- Invoking toplevel() on ptolemy.moml.MoMLSimpleApplication@7b4c61dd
----------------- Done invoking toplevel() on ptolemy.moml.MoMLSimpleApplication@7b4c61dd
reloadAllAccessors: .MultiplexorDE

===========================================================================================
----------------- testing Wed Feb 26 17:25:38 UTC 2020 /home/travis/build/icyphy/ptII/ptolemy/actor/lib/test/auto/MultiportBroadcastTest.xml
----------------- Instantiating /home/travis/build/icyphy/ptII/ptolemy/actor/lib/test/auto/MultiportBroadcastTest.xml
91 ms. Memory: 450560K Free: 357794K (79%)
----------------- Invoking toplevel() on ptolemy.moml.MoMLSimpleApplication@d1b994e
----------------- Done invoking toplevel() on ptolemy.moml.MoMLSimpleApplication@d1b994e
reloadAllAccessors: .MultiportBroadcastTest

===========================================================================================
----------------- testing Wed Feb 26 17:25:38 UTC 2020 /home/travis/build/icyphy/ptII/ptolemy/actor/lib/test/auto/MultiportOutHangDuringGetWidth.xml
----------------- Instantiating /home/travis/build/icyphy/ptII/ptolemy/actor/lib/test/auto/MultiportOutHangDuringGetWidth.xml
5 ms. Memory: 450560K Free: 345506K (77%)
----------------- Invoking toplevel() on ptolemy.moml.MoMLSimpleApplication@3c5b211d
----------------- Done invoking toplevel() on ptolemy.moml.MoMLSimpleApplication@3c5b211d
reloadAllAccessors: .MultiportOutHangDuringGetWidth

===========================================================================================
----------------- testing Wed Feb 26 17:25:38 UTC 2020 /home/travis/build/icyphy/ptII/ptolemy/actor/lib/test/auto/NilToken.xml
----------------- Instantiating /home/travis/build/icyphy/ptII/ptolemy/actor/lib/test/auto/NilToken.xml
1 ms. Memory: 450560K Free: 341410K (76%)
----------------- Invoking toplevel() on ptolemy.moml.MoMLSimpleApplication@776163cf
----------------- Done invoking toplevel() on ptolemy.moml.MoMLSimpleApplication@776163cf
reloadAllAccessors: .NilToken

===========================================================================================
----------------- testing Wed Feb 26 17:25:38 UTC 2020 /home/travis/build/icyphy/ptII/ptolemy/actor/lib/test/auto/NilTokenNonStrictTest.xml
----------------- Instantiating /home/travis/build/icyphy/ptII/ptolemy/actor/lib/test/auto/NilTokenNonStrictTest.xml
2 ms. Memory: 450560K Free: 336800K (75%)
----------------- Invoking toplevel() on ptolemy.moml.MoMLSimpleApplication@572f28cf
----------------- Done invoking toplevel() on ptolemy.moml.MoMLSimpleApplication@572f28cf
reloadAllAccessors: .NilTokenNonStrictTest

===========================================================================================
----------------- testing Wed Feb 26 17:25:38 UTC 2020 /home/travis/build/icyphy/ptII/ptolemy/actor/lib/test/auto/NilTokenRecord.xml
----------------- Instantiating /home/travis/build/icyphy/ptII/ptolemy/actor/lib/test/auto/NilTokenRecord.xml
7 ms. Memory: 450560K Free: 330146K (73%)
----------------- Invoking toplevel() on ptolemy.moml.MoMLSimpleApplication@5cd78b1d
----------------- Done invoking toplevel() on ptolemy.moml.MoMLSimpleApplication@5cd78b1d
reloadAllAccessors: .NilTokenRecord

===========================================================================================
----------------- testing Wed Feb 26 17:25:38 UTC 2020 /home/travis/build/icyphy/ptII/ptolemy/actor/lib/test/auto/NilTokenTypeTest.xml
----------------- Instantiating /home/travis/build/icyphy/ptII/ptolemy/actor/lib/test/auto/NilTokenTypeTest.xml
11 ms. Memory: 450560K Free: 320416K (71%)
----------------- Invoking toplevel() on ptolemy.moml.MoMLSimpleApplication@65c53b6
----------------- Done invoking toplevel() on ptolemy.moml.MoMLSimpleApplication@65c53b6
reloadAllAccessors: .NilTokenTypeTest

===========================================================================================
----------------- testing Wed Feb 26 17:25:38 UTC 2020 /home/travis/build/icyphy/ptII/ptolemy/actor/lib/test/auto/ObjectToken1.xml
----------------- Instantiating /home/travis/build/icyphy/ptII/ptolemy/actor/lib/test/auto/ObjectToken1.xml
2 ms. Memory: 450560K Free: 316834K (70%)
----------------- Invoking toplevel() on ptolemy.moml.MoMLSimpleApplication@7f985e01
----------------- Done invoking toplevel() on ptolemy.moml.MoMLSimpleApplication@7f985e01
reloadAllAccessors: .ObjectToken1

===========================================================================================
----------------- testing Wed Feb 26 17:25:38 UTC 2020 /home/travis/build/icyphy/ptII/ptolemy/actor/lib/test/auto/OrderedMerge.xml
----------------- Instantiating /home/travis/build/icyphy/ptII/ptolemy/actor/lib/test/auto/OrderedMerge.xml
7 ms. Memory: 450560K Free: 311200K (69%)
----------------- Invoking toplevel() on ptolemy.moml.MoMLSimpleApplication@cbcf841
----------------- Done invoking toplevel() on ptolemy.moml.MoMLSimpleApplication@cbcf841
reloadAllAccessors: .OrderedMerge

===========================================================================================
----------------- testing Wed Feb 26 17:25:38 UTC 2020 /home/travis/build/icyphy/ptII/ptolemy/actor/lib/test/auto/OrderedRecordDisassembler.xml
----------------- Instantiating /home/travis/build/icyphy/ptII/ptolemy/actor/lib/test/auto/OrderedRecordDisassembler.xml
4 ms. Memory: 450560K Free: 306050K (68%)
----------------- Invoking toplevel() on ptolemy.moml.MoMLSimpleApplication@36e35c9d
----------------- Done invoking toplevel() on ptolemy.moml.MoMLSimpleApplication@36e35c9d
reloadAllAccessors: .OrderedRecordDisassembler

===========================================================================================
----------------- testing Wed Feb 26 17:25:38 UTC 2020 /home/travis/build/icyphy/ptII/ptolemy/actor/lib/test/auto/OrderedRecordDisassembler2.xml
----------------- Instantiating /home/travis/build/icyphy/ptII/ptolemy/actor/lib/test/auto/OrderedRecordDisassembler2.xml
4 ms. Memory: 450560K Free: 298402K (66%)
----------------- Invoking toplevel() on ptolemy.moml.MoMLSimpleApplication@201b678a
----------------- Done invoking toplevel() on ptolemy.moml.MoMLSimpleApplication@201b678a
reloadAllAccessors: .OrderedRecordDisassembler2

===========================================================================================
----------------- testing Wed Feb 26 17:25:39 UTC 2020 /home/travis/build/icyphy/ptII/ptolemy/actor/lib/test/auto/OrderedRecordUpdater.xml
----------------- Instantiating /home/travis/build/icyphy/ptII/ptolemy/actor/lib/test/auto/OrderedRecordUpdater.xml
1 ms. Memory: 450560K Free: 293282K (65%)
----------------- Invoking toplevel() on ptolemy.moml.MoMLSimpleApplication@33b06519
----------------- Done invoking toplevel() on ptolemy.moml.MoMLSimpleApplication@33b06519
reloadAllAccessors: .RecordUpdater

===========================================================================================
----------------- testing Wed Feb 26 17:25:39 UTC 2020 /home/travis/build/icyphy/ptII/ptolemy/actor/lib/test/auto/OrderedRecordUpdater2.xml
----------------- Instantiating /home/travis/build/icyphy/ptII/ptolemy/actor/lib/test/auto/OrderedRecordUpdater2.xml
2 ms. Memory: 450560K Free: 288162K (64%)
----------------- Invoking toplevel() on ptolemy.moml.MoMLSimpleApplication@51191c65
----------------- Done invoking toplevel() on ptolemy.moml.MoMLSimpleApplication@51191c65
reloadAllAccessors: .RecordUpdater2

===========================================================================================
----------------- testing Wed Feb 26 17:25:39 UTC 2020 /home/travis/build/icyphy/ptII/ptolemy/actor/lib/test/auto/PhaseUnwrap.xml
----------------- Instantiating /home/travis/build/icyphy/ptII/ptolemy/actor/lib/test/auto/PhaseUnwrap.xml
2 ms. Memory: 450560K Free: 283552K (63%)
----------------- Invoking toplevel() on ptolemy.moml.MoMLSimpleApplication@40f0c60b
----------------- Done invoking toplevel() on ptolemy.moml.MoMLSimpleApplication@40f0c60b
reloadAllAccessors: .PhaseUnwrap

===========================================================================================
----------------- testing Wed Feb 26 17:25:39 UTC 2020 /home/travis/build/icyphy/ptII/ptolemy/actor/lib/test/auto/PoissonClock.xml
----------------- Instantiating /home/travis/build/icyphy/ptII/ptolemy/actor/lib/test/auto/PoissonClock.xml
1 ms. Memory: 450560K Free: 279970K (62%)
----------------- Invoking toplevel() on ptolemy.moml.MoMLSimpleApplication@289e80b9
----------------- Done invoking toplevel() on ptolemy.moml.MoMLSimpleApplication@289e80b9
reloadAllAccessors: .PoissonClock

===========================================================================================
----------------- testing Wed Feb 26 17:25:39 UTC 2020 /home/travis/build/icyphy/ptII/ptolemy/actor/lib/test/auto/PoissonClock2.xml
----------------- Instantiating /home/travis/build/icyphy/ptII/ptolemy/actor/lib/test/auto/PoissonClock2.xml
1 ms. Memory: 450560K Free: 275360K (61%)
----------------- Invoking toplevel() on ptolemy.moml.MoMLSimpleApplication@9bcf498
----------------- Done invoking toplevel() on ptolemy.moml.MoMLSimpleApplication@9bcf498
reloadAllAccessors: .PoissonClock2

===========================================================================================
----------------- testing Wed Feb 26 17:25:39 UTC 2020 /home/travis/build/icyphy/ptII/ptolemy/actor/lib/test/auto/PoissonClock3.xml
----------------- Instantiating /home/travis/build/icyphy/ptII/ptolemy/actor/lib/test/auto/PoissonClock3.xml
2 ms. Memory: 450560K Free: 270754K (60%)
----------------- Invoking toplevel() on ptolemy.moml.MoMLSimpleApplication@7ebe8b3b
----------------- Done invoking toplevel() on ptolemy.moml.MoMLSimpleApplication@7ebe8b3b
reloadAllAccessors: .PoissonClock3

===========================================================================================
----------------- testing Wed Feb 26 17:25:39 UTC 2020 /home/travis/build/icyphy/ptII/ptolemy/actor/lib/test/auto/PubSubWithInitialTokens.xml
----------------- Instantiating /home/travis/build/icyphy/ptII/ptolemy/actor/lib/test/auto/PubSubWithInitialTokens.xml
2 ms. Memory: 450560K Free: 265090K (59%)
----------------- Invoking toplevel() on ptolemy.moml.MoMLSimpleApplication@684ffaff
----------------- Done invoking toplevel() on ptolemy.moml.MoMLSimpleApplication@684ffaff
reloadAllAccessors: .PubSubWithInitialTokens

===========================================================================================
----------------- testing Wed Feb 26 17:25:39 UTC 2020 /home/travis/build/icyphy/ptII/ptolemy/actor/lib/test/auto/PubSubWithInitialTokens2.xml
----------------- Instantiating /home/travis/build/icyphy/ptII/ptolemy/actor/lib/test/auto/PubSubWithInitialTokens2.xml
2 ms. Memory: 450560K Free: 258970K (57%)
----------------- Invoking toplevel() on ptolemy.moml.MoMLSimpleApplication@45c38002
----------------- Done invoking toplevel() on ptolemy.moml.MoMLSimpleApplication@45c38002
reloadAllAccessors: .PubSubWithInitialTokens2

===========================================================================================
----------------- testing Wed Feb 26 17:25:39 UTC 2020 /home/travis/build/icyphy/ptII/ptolemy/actor/lib/test/auto/PublisherClassNoParameter.xml
----------------- Instantiating /home/travis/build/icyphy/ptII/ptolemy/actor/lib/test/auto/PublisherClassNoParameter.xml
3 ms. Memory: 450560K Free: 249250K (55%)
----------------- Invoking toplevel() on ptolemy.moml.MoMLSimpleApplication@1d07278b
----------------- Done invoking toplevel() on ptolemy.moml.MoMLSimpleApplication@1d07278b
reloadAllAccessors: .PublisherClassNoParameter

===========================================================================================
----------------- testing Wed Feb 26 17:25:39 UTC 2020 /home/travis/build/icyphy/ptII/ptolemy/actor/lib/test/auto/PublisherClassParameter.xml
----------------- Instantiating /home/travis/build/icyphy/ptII/ptolemy/actor/lib/test/auto/PublisherClassParameter.xml
2 ms. Memory: 450560K Free: 239010K (53%)
----------------- Invoking toplevel() on ptolemy.moml.MoMLSimpleApplication@3c1e52b2
----------------- Done invoking toplevel() on ptolemy.moml.MoMLSimpleApplication@3c1e52b2
reloadAllAccessors: .PublisherClassParameter

===========================================================================================
----------------- testing Wed Feb 26 17:25:39 UTC 2020 /home/travis/build/icyphy/ptII/ptolemy/actor/lib/test/auto/PublisherNonStrictTest.xml
----------------- Instantiating /home/travis/build/icyphy/ptII/ptolemy/actor/lib/test/auto/PublisherNonStrictTest.xml
2 ms. Memory: 450560K Free: 231322K (51%)
----------------- Invoking toplevel() on ptolemy.moml.MoMLSimpleApplication@1ab44e64
----------------- Done invoking toplevel() on ptolemy.moml.MoMLSimpleApplication@1ab44e64
reloadAllAccessors: .PublisherNonStrictTest

===========================================================================================
----------------- testing Wed Feb 26 17:25:39 UTC 2020 /home/travis/build/icyphy/ptII/ptolemy/actor/lib/test/auto/PublisherPort1.xml
----------------- Instantiating /home/travis/build/icyphy/ptII/ptolemy/actor/lib/test/auto/PublisherPort1.xml
2 ms. Memory: 450560K Free: 226194K (50%)
----------------- Invoking toplevel() on ptolemy.moml.MoMLSimpleApplication@435cd116
----------------- Done invoking toplevel() on ptolemy.moml.MoMLSimpleApplication@435cd116
reloadAllAccessors: .PublisherPort1

===========================================================================================
----------------- testing Wed Feb 26 17:25:39 UTC 2020 /home/travis/build/icyphy/ptII/ptolemy/actor/lib/test/auto/PublisherPort2.xml
----------------- Instantiating /home/travis/build/icyphy/ptII/ptolemy/actor/lib/test/auto/PublisherPort2.xml
9 ms. Memory: 450560K Free: 221088K (49%)
----------------- Invoking toplevel() on ptolemy.moml.MoMLSimpleApplication@1f97e4de
----------------- Done invoking toplevel() on ptolemy.moml.MoMLSimpleApplication@1f97e4de
reloadAllAccessors: .PublisherPort2

===========================================================================================
----------------- testing Wed Feb 26 17:25:39 UTC 2020 /home/travis/build/icyphy/ptII/ptolemy/actor/lib/test/auto/PublisherPort3.xml
----------------- Instantiating /home/travis/build/icyphy/ptII/ptolemy/actor/lib/test/auto/PublisherPort3.xml
3 ms. Memory: 450560K Free: 214434K (48%)
----------------- Invoking toplevel() on ptolemy.moml.MoMLSimpleApplication@27a002e4
----------------- Done invoking toplevel() on ptolemy.moml.MoMLSimpleApplication@27a002e4
reloadAllAccessors: .PublisherPort3

===========================================================================================
----------------- testing Wed Feb 26 17:25:39 UTC 2020 /home/travis/build/icyphy/ptII/ptolemy/actor/lib/test/auto/PublisherPort4.xml
----------------- Instantiating /home/travis/build/icyphy/ptII/ptolemy/actor/lib/test/auto/PublisherPort4.xml
2 ms. Memory: 450560K Free: 208794K (46%)
----------------- Invoking toplevel() on ptolemy.moml.MoMLSimpleApplication@2d2538eb
----------------- Done invoking toplevel() on ptolemy.moml.MoMLSimpleApplication@2d2538eb
reloadAllAccessors: .PublisherPort4

===========================================================================================
----------------- testing Wed Feb 26 17:25:39 UTC 2020 /home/travis/build/icyphy/ptII/ptolemy/actor/lib/test/auto/PublisherPort5.xml
----------------- Instantiating /home/travis/build/icyphy/ptII/ptolemy/actor/lib/test/auto/PublisherPort5.xml
3 ms. Memory: 450560K Free: 201122K (45%)
----------------- Invoking toplevel() on ptolemy.moml.MoMLSimpleApplication@d4a8e05
----------------- Done invoking toplevel() on ptolemy.moml.MoMLSimpleApplication@d4a8e05
reloadAllAccessors: .PublisherPort5

===========================================================================================
----------------- testing Wed Feb 26 17:25:39 UTC 2020 /home/travis/build/icyphy/ptII/ptolemy/actor/lib/test/auto/PublisherPort5LookAlike.xml
----------------- Instantiating /home/travis/build/icyphy/ptII/ptolemy/actor/lib/test/auto/PublisherPort5LookAlike.xml
7 ms. Memory: 450560K Free: 193434K (43%)
----------------- Invoking toplevel() on ptolemy.moml.MoMLSimpleApplication@1b94c9bf
----------------- Done invoking toplevel() on ptolemy.moml.MoMLSimpleApplication@1b94c9bf
reloadAllAccessors: .PublisherPort5LookAlike

===========================================================================================
----------------- testing Wed Feb 26 17:25:39 UTC 2020 /home/travis/build/icyphy/ptII/ptolemy/actor/lib/test/auto/PublisherPort6.xml
----------------- Instantiating /home/travis/build/icyphy/ptII/ptolemy/actor/lib/test/auto/PublisherPort6.xml
8 ms. Memory: 450560K Free: 186786K (41%)
----------------- Invoking toplevel() on ptolemy.moml.MoMLSimpleApplication@76187233
----------------- Done invoking toplevel() on ptolemy.moml.MoMLSimpleApplication@76187233
reloadAllAccessors: .PublisherPort6

===========================================================================================
----------------- testing Wed Feb 26 17:25:39 UTC 2020 /home/travis/build/icyphy/ptII/ptolemy/actor/lib/test/auto/PublisherPort7.xml
----------------- Instantiating /home/travis/build/icyphy/ptII/ptolemy/actor/lib/test/auto/PublisherPort7.xml
4 ms. Memory: 450560K Free: 179104K (40%)
----------------- Invoking toplevel() on ptolemy.moml.MoMLSimpleApplication@ebc3bf
----------------- Done invoking toplevel() on ptolemy.moml.MoMLSimpleApplication@ebc3bf
reloadAllAccessors: .PublisherPort7

===========================================================================================
----------------- testing Wed Feb 26 17:25:39 UTC 2020 /home/travis/build/icyphy/ptII/ptolemy/actor/lib/test/auto/PublisherPort8.xml
----------------- Instantiating /home/travis/build/icyphy/ptII/ptolemy/actor/lib/test/auto/PublisherPort8.xml
5 ms. Memory: 450560K Free: 170402K (38%)
----------------- Invoking toplevel() on ptolemy.moml.MoMLSimpleApplication@481b640d
----------------- Done invoking toplevel() on ptolemy.moml.MoMLSimpleApplication@481b640d
reloadAllAccessors: .PublisherPort8

===========================================================================================
----------------- testing Wed Feb 26 17:25:39 UTC 2020 /home/travis/build/icyphy/ptII/ptolemy/actor/lib/test/auto/PublisherPortSubscriberChannelVariablesAOC2.xml
----------------- Instantiating /home/travis/build/icyphy/ptII/ptolemy/actor/lib/test/auto/PublisherPortSubscriberChannelVariablesAOC2.xml
5 ms. Memory: 450560K Free: 152994K (34%)
----------------- Invoking toplevel() on ptolemy.moml.MoMLSimpleApplication@137c4889
----------------- Done invoking toplevel() on ptolemy.moml.MoMLSimpleApplication@137c4889
reloadAllAccessors: .PublisherPortSubscriberChannelVariablesAOC2

===========================================================================================
----------------- testing Wed Feb 26 17:25:39 UTC 2020 /home/travis/build/icyphy/ptII/ptolemy/actor/lib/test/auto/PublisherPortSubscriberOpaqueWidthInference.xml
----------------- Instantiating /home/travis/build/icyphy/ptII/ptolemy/actor/lib/test/auto/PublisherPortSubscriberOpaqueWidthInference.xml
4 ms. Memory: 450560K Free: 145298K (32%)
----------------- Invoking toplevel() on ptolemy.moml.MoMLSimpleApplication@3da8c4f
----------------- Done invoking toplevel() on ptolemy.moml.MoMLSimpleApplication@3da8c4f
reloadAllAccessors: .PublisherPortSubscriberOpaqueWidthInference

===========================================================================================
----------------- testing Wed Feb 26 17:25:39 UTC 2020 /home/travis/build/icyphy/ptII/ptolemy/actor/lib/test/auto/PublisherPortSubscriberPortAdjacent.xml
----------------- Instantiating /home/travis/build/icyphy/ptII/ptolemy/actor/lib/test/auto/PublisherPortSubscriberPortAdjacent.xml
2 ms. Memory: 450560K Free: 137120K (30%)
----------------- Invoking toplevel() on ptolemy.moml.MoMLSimpleApplication@3149767e
----------------- Done invoking toplevel() on ptolemy.moml.MoMLSimpleApplication@3149767e
reloadAllAccessors: .PublisherPortSubscriberPortAdjacent

===========================================================================================
----------------- testing Wed Feb 26 17:25:39 UTC 2020 /home/travis/build/icyphy/ptII/ptolemy/actor/lib/test/auto/PublisherPortSubscriberPortExpression.xml
----------------- Instantiating /home/travis/build/icyphy/ptII/ptolemy/actor/lib/test/auto/PublisherPortSubscriberPortExpression.xml
7 ms. Memory: 450560K Free: 395264K (88%)
----------------- Invoking toplevel() on ptolemy.moml.MoMLSimpleApplication@25cc2427
----------------- Done invoking toplevel() on ptolemy.moml.MoMLSimpleApplication@25cc2427
reloadAllAccessors: .PublisherPortSubscriberPortExpression

===========================================================================================
----------------- testing Wed Feb 26 17:25:39 UTC 2020 /home/travis/build/icyphy/ptII/ptolemy/actor/lib/test/auto/PublisherPortSubscriberPortOpaqueD3Reverse.xml
----------------- Instantiating /home/travis/build/icyphy/ptII/ptolemy/actor/lib/test/auto/PublisherPortSubscriberPortOpaqueD3Reverse.xml
7 ms. Memory: 450560K Free: 385024K (85%)
----------------- Invoking toplevel() on ptolemy.moml.MoMLSimpleApplication@39a4b4d5
----------------- Done invoking toplevel() on ptolemy.moml.MoMLSimpleApplication@39a4b4d5
reloadAllAccessors: .PublisherPortSubscriberPortOpaqueD3Reverse

===========================================================================================
----------------- testing Wed Feb 26 17:25:39 UTC 2020 /home/travis/build/icyphy/ptII/ptolemy/actor/lib/test/auto/PublisherPortSubscriberPortOpaqueWidthInference.xml
----------------- Instantiating /home/travis/build/icyphy/ptII/ptolemy/actor/lib/test/auto/PublisherPortSubscriberPortOpaqueWidthInference.xml
4 ms. Memory: 450560K Free: 377327K (84%)
----------------- Invoking toplevel() on ptolemy.moml.MoMLSimpleApplication@57c0e0c3
----------------- Done invoking toplevel() on ptolemy.moml.MoMLSimpleApplication@57c0e0c3
reloadAllAccessors: .PublisherPortSubscriberPortOpaqueWidthInference

===========================================================================================
----------------- testing Wed Feb 26 17:25:39 UTC 2020 /home/travis/build/icyphy/ptII/ptolemy/actor/lib/test/auto/PublisherPortToplevelSubscriberPortAOC.xml
----------------- Instantiating /home/travis/build/icyphy/ptII/ptolemy/actor/lib/test/auto/PublisherPortToplevelSubscriberPortAOC.xml
.PublisherPortToplevelSubscriberPortAOC.TestExceptionAttribute: initialize() was not invoked, but wrapup() was.  This is unusual, but not always a problem.  For example, exporting JNLP will do this.
1 ms. Memory: 450560K Free: 371712K (83%)
----------------- Invoking toplevel() on ptolemy.moml.MoMLSimpleApplication@1e6b8362
----------------- Done invoking toplevel() on ptolemy.moml.MoMLSimpleApplication@1e6b8362
reloadAllAccessors: .PublisherPortToplevelSubscriberPortAOC

===========================================================================================
----------------- testing Wed Feb 26 17:25:39 UTC 2020 /home/travis/build/icyphy/ptII/ptolemy/actor/lib/test/auto/PublisherSubscriber.xml
----------------- Instantiating /home/travis/build/icyphy/ptII/ptolemy/actor/lib/test/auto/PublisherSubscriber.xml
3 ms. Memory: 450560K Free: 363999K (81%)
----------------- Invoking toplevel() on ptolemy.moml.MoMLSimpleApplication@6bf3b97a
----------------- Done invoking toplevel() on ptolemy.moml.MoMLSimpleApplication@6bf3b97a
reloadAllAccessors: .PublisherSubscriber

===========================================================================================
----------------- testing Wed Feb 26 17:25:39 UTC 2020 /home/travis/build/icyphy/ptII/ptolemy/actor/lib/test/auto/PublisherSubscriber10.xml
----------------- Instantiating /home/travis/build/icyphy/ptII/ptolemy/actor/lib/test/auto/PublisherSubscriber10.xml
6 ms. Memory: 450560K Free: 354304K (79%)
----------------- Invoking toplevel() on ptolemy.moml.MoMLSimpleApplication@20368d7e
----------------- Done invoking toplevel() on ptolemy.moml.MoMLSimpleApplication@20368d7e
reloadAllAccessors: .PublisherSubscriber10

===========================================================================================
----------------- testing Wed Feb 26 17:25:39 UTC 2020 /home/travis/build/icyphy/ptII/ptolemy/actor/lib/test/auto/PublisherSubscriber10InitialOutputs.xml
----------------- Instantiating /home/travis/build/icyphy/ptII/ptolemy/actor/lib/test/auto/PublisherSubscriber10InitialOutputs.xml
16 ms. Memory: 450560K Free: 345088K (77%)
----------------- Invoking toplevel() on ptolemy.moml.MoMLSimpleApplication@2d9f8932
----------------- Done invoking toplevel() on ptolemy.moml.MoMLSimpleApplication@2d9f8932
reloadAllAccessors: .PublisherSubscriber10InitialOutputs

===========================================================================================
----------------- testing Wed Feb 26 17:25:39 UTC 2020 /home/travis/build/icyphy/ptII/ptolemy/actor/lib/test/auto/PublisherSubscriber11.xml
----------------- Instantiating /home/travis/build/icyphy/ptII/ptolemy/actor/lib/test/auto/PublisherSubscriber11.xml
6 ms. Memory: 450560K Free: 338942K (75%)
----------------- Invoking toplevel() on ptolemy.moml.MoMLSimpleApplication@1caff7e8
----------------- Done invoking toplevel() on ptolemy.moml.MoMLSimpleApplication@1caff7e8
reloadAllAccessors: .PublisherSubscriber11

===========================================================================================
----------------- testing Wed Feb 26 17:25:39 UTC 2020 /home/travis/build/icyphy/ptII/ptolemy/actor/lib/test/auto/PublisherSubscriber12.xml
----------------- Instantiating /home/travis/build/icyphy/ptII/ptolemy/actor/lib/test/auto/PublisherSubscriber12.xml
3 ms. Memory: 450560K Free: 331776K (74%)
----------------- Invoking toplevel() on ptolemy.moml.MoMLSimpleApplication@7b377bc0
----------------- Done invoking toplevel() on ptolemy.moml.MoMLSimpleApplication@7b377bc0
reloadAllAccessors: .PublisherSubscriber12

===========================================================================================
----------------- testing Wed Feb 26 17:25:39 UTC 2020 /home/travis/build/icyphy/ptII/ptolemy/actor/lib/test/auto/PublisherSubscriber13.xml
----------------- Instantiating /home/travis/build/icyphy/ptII/ptolemy/actor/lib/test/auto/PublisherSubscriber13.xml
2 ms. Memory: 450560K Free: 326127K (72%)
----------------- Invoking toplevel() on ptolemy.moml.MoMLSimpleApplication@3345fc74
----------------- Done invoking toplevel() on ptolemy.moml.MoMLSimpleApplication@3345fc74
reloadAllAccessors: .PublisherSubscriber13

===========================================================================================
----------------- testing Wed Feb 26 17:25:39 UTC 2020 /home/travis/build/icyphy/ptII/ptolemy/actor/lib/test/auto/PublisherSubscriber14.xml
----------------- Instantiating /home/travis/build/icyphy/ptII/ptolemy/actor/lib/test/auto/PublisherSubscriber14.xml
1 ms. Memory: 450560K Free: 317440K (70%)
----------------- Invoking toplevel() on ptolemy.moml.MoMLSimpleApplication@717f7f63
----------------- Done invoking toplevel() on ptolemy.moml.MoMLSimpleApplication@717f7f63
reloadAllAccessors: .PublisherSubscriber14

===========================================================================================
----------------- testing Wed Feb 26 17:25:39 UTC 2020 /home/travis/build/icyphy/ptII/ptolemy/actor/lib/test/auto/PublisherSubscriber2.xml
----------------- Instantiating /home/travis/build/icyphy/ptII/ptolemy/actor/lib/test/auto/PublisherSubscriber2.xml
3 ms. Memory: 450560K Free: 311791K (69%)
----------------- Invoking toplevel() on ptolemy.moml.MoMLSimpleApplication@7c518e47
----------------- Done invoking toplevel() on ptolemy.moml.MoMLSimpleApplication@7c518e47
reloadAllAccessors: .PublisherSubscriber2

===========================================================================================
----------------- testing Wed Feb 26 17:25:39 UTC 2020 /home/travis/build/icyphy/ptII/ptolemy/actor/lib/test/auto/PublisherSubscriber3.xml
----------------- Instantiating /home/travis/build/icyphy/ptII/ptolemy/actor/lib/test/auto/PublisherSubscriber3.xml
1 ms. Memory: 450560K Free: 306176K (68%)
----------------- Invoking toplevel() on ptolemy.moml.MoMLSimpleApplication@7228f498
----------------- Done invoking toplevel() on ptolemy.moml.MoMLSimpleApplication@7228f498
reloadAllAccessors: .PublisherSubscriber3

===========================================================================================
----------------- testing Wed Feb 26 17:25:39 UTC 2020 /home/travis/build/icyphy/ptII/ptolemy/actor/lib/test/auto/PublisherSubscriber4.xml
----------------- Instantiating /home/travis/build/icyphy/ptII/ptolemy/actor/lib/test/auto/PublisherSubscriber4.xml
1 ms. Memory: 450560K Free: 300511K (67%)
----------------- Invoking toplevel() on ptolemy.moml.MoMLSimpleApplication@32a6b47d
----------------- Done invoking toplevel() on ptolemy.moml.MoMLSimpleApplication@32a6b47d
reloadAllAccessors: .PublisherSubscriber4

===========================================================================================
----------------- testing Wed Feb 26 17:25:39 UTC 2020 /home/travis/build/icyphy/ptII/ptolemy/actor/lib/test/auto/PublisherSubscriber5.xml
----------------- Instantiating /home/travis/build/icyphy/ptII/ptolemy/actor/lib/test/auto/PublisherSubscriber5.xml
2 ms. Memory: 450560K Free: 293888K (65%)
----------------- Invoking toplevel() on ptolemy.moml.MoMLSimpleApplication@350969f5
----------------- Done invoking toplevel() on ptolemy.moml.MoMLSimpleApplication@350969f5
reloadAllAccessors: .PublisherSubscriber5

===========================================================================================
----------------- testing Wed Feb 26 17:25:39 UTC 2020 /home/travis/build/icyphy/ptII/ptolemy/actor/lib/test/auto/PublisherSubscriber6.xml
----------------- Instantiating /home/travis/build/icyphy/ptII/ptolemy/actor/lib/test/auto/PublisherSubscriber6.xml
4 ms. Memory: 450560K Free: 287215K (64%)
----------------- Invoking toplevel() on ptolemy.moml.MoMLSimpleApplication@3ef7aa71
----------------- Done invoking toplevel() on ptolemy.moml.MoMLSimpleApplication@3ef7aa71
reloadAllAccessors: .PublisherSubscriber6

===========================================================================================
----------------- testing Wed Feb 26 17:25:39 UTC 2020 /home/travis/build/icyphy/ptII/ptolemy/actor/lib/test/auto/PublisherSubscriber7.xml
----------------- Instantiating /home/travis/build/icyphy/ptII/ptolemy/actor/lib/test/auto/PublisherSubscriber7.xml
6 ms. Memory: 450560K Free: 280062K (62%)
----------------- Invoking toplevel() on ptolemy.moml.MoMLSimpleApplication@6839311f
----------------- Done invoking toplevel() on ptolemy.moml.MoMLSimpleApplication@6839311f
reloadAllAccessors: .PublisherSubscriber7

===========================================================================================
----------------- testing Wed Feb 26 17:25:39 UTC 2020 /home/travis/build/icyphy/ptII/ptolemy/actor/lib/test/auto/PublisherSubscriber8.xml
----------------- Instantiating /home/travis/build/icyphy/ptII/ptolemy/actor/lib/test/auto/PublisherSubscriber8.xml
18 ms. Memory: 450560K Free: 268288K (60%)
----------------- Invoking toplevel() on ptolemy.moml.MoMLSimpleApplication@3f550900
----------------- Done invoking toplevel() on ptolemy.moml.MoMLSimpleApplication@3f550900
reloadAllAccessors: .PublisherSubscriber8

===========================================================================================
----------------- testing Wed Feb 26 17:25:39 UTC 2020 /home/travis/build/icyphy/ptII/ptolemy/actor/lib/test/auto/PublisherSubscriber9.xml
----------------- Instantiating /home/travis/build/icyphy/ptII/ptolemy/actor/lib/test/auto/PublisherSubscriber9.xml
3 ms. Memory: 450560K Free: 261120K (58%)
----------------- Invoking toplevel() on ptolemy.moml.MoMLSimpleApplication@4c0264ac
----------------- Done invoking toplevel() on ptolemy.moml.MoMLSimpleApplication@4c0264ac
reloadAllAccessors: .PublisherSubscriber9

===========================================================================================
----------------- testing Wed Feb 26 17:25:39 UTC 2020 /home/travis/build/icyphy/ptII/ptolemy/actor/lib/test/auto/PublisherSubscriberAdjacent.xml
----------------- Instantiating /home/travis/build/icyphy/ptII/ptolemy/actor/lib/test/auto/PublisherSubscriberAdjacent.xml
2 ms. Memory: 450560K Free: 252928K (56%)
----------------- Invoking toplevel() on ptolemy.moml.MoMLSimpleApplication@40087c10
----------------- Done invoking toplevel() on ptolemy.moml.MoMLSimpleApplication@40087c10
reloadAllAccessors: .PublisherSubscriberAdjacent

===========================================================================================
----------------- testing Wed Feb 26 17:25:39 UTC 2020 /home/travis/build/icyphy/ptII/ptolemy/actor/lib/test/auto/PublisherSubscriberChannelVariablesAOC2.xml
----------------- Instantiating /home/travis/build/icyphy/ptII/ptolemy/actor/lib/test/auto/PublisherSubscriberChannelVariablesAOC2.xml
3 ms. Memory: 450560K Free: 237568K (53%)
----------------- Invoking toplevel() on ptolemy.moml.MoMLSimpleApplication@15e70553
----------------- Done invoking toplevel() on ptolemy.moml.MoMLSimpleApplication@15e70553
reloadAllAccessors: .PublisherSubscriberChannelVariablesAOC2

===========================================================================================
----------------- testing Wed Feb 26 17:25:39 UTC 2020 /home/travis/build/icyphy/ptII/ptolemy/actor/lib/test/auto/PublisherSubscriberD3.xml
----------------- Instantiating /home/travis/build/icyphy/ptII/ptolemy/actor/lib/test/auto/PublisherSubscriberD3.xml
1 ms. Memory: 450560K Free: 230400K (51%)
----------------- Invoking toplevel() on ptolemy.moml.MoMLSimpleApplication@2e08df28
----------------- Done invoking toplevel() on ptolemy.moml.MoMLSimpleApplication@2e08df28
reloadAllAccessors: .PublisherSubscriberD3

===========================================================================================
----------------- testing Wed Feb 26 17:25:39 UTC 2020 /home/travis/build/icyphy/ptII/ptolemy/actor/lib/test/auto/PublisherSubscriberD3Reverse.xml
----------------- Instantiating /home/travis/build/icyphy/ptII/ptolemy/actor/lib/test/auto/PublisherSubscriberD3Reverse.xml
1 ms. Memory: 450560K Free: 224766K (50%)
----------------- Invoking toplevel() on ptolemy.moml.MoMLSimpleApplication@498ff6ea
----------------- Done invoking toplevel() on ptolemy.moml.MoMLSimpleApplication@498ff6ea
reloadAllAccessors: .PublisherSubscriberD3Reverse

===========================================================================================
----------------- testing Wed Feb 26 17:25:39 UTC 2020 /home/travis/build/icyphy/ptII/ptolemy/actor/lib/test/auto/PublisherSubscriberExpression.xml
----------------- Instantiating /home/travis/build/icyphy/ptII/ptolemy/actor/lib/test/auto/PublisherSubscriberExpression.xml
4 ms. Memory: 450560K Free: 216064K (48%)
----------------- Invoking toplevel() on ptolemy.moml.MoMLSimpleApplication@39aabd4b
----------------- Done invoking toplevel() on ptolemy.moml.MoMLSimpleApplication@39aabd4b
reloadAllAccessors: .PublisherSubscriberExpression

===========================================================================================
----------------- testing Wed Feb 26 17:25:39 UTC 2020 /home/travis/build/icyphy/ptII/ptolemy/actor/lib/test/auto/PublisherSubscriberOpaque.xml
----------------- Instantiating /home/travis/build/icyphy/ptII/ptolemy/actor/lib/test/auto/PublisherSubscriberOpaque.xml
4 ms. Memory: 450560K Free: 207872K (46%)
----------------- Invoking toplevel() on ptolemy.moml.MoMLSimpleApplication@38919d63
----------------- Done invoking toplevel() on ptolemy.moml.MoMLSimpleApplication@38919d63
reloadAllAccessors: .PublisherSubscriberOpaque

===========================================================================================
----------------- testing Wed Feb 26 17:25:40 UTC 2020 /home/travis/build/icyphy/ptII/ptolemy/actor/lib/test/auto/PublisherSubscriberOpaqueD3.xml
----------------- Instantiating /home/travis/build/icyphy/ptII/ptolemy/actor/lib/test/auto/PublisherSubscriberOpaqueD3.xml
5 ms. Memory: 450560K Free: 196608K (44%)
----------------- Invoking toplevel() on ptolemy.moml.MoMLSimpleApplication@3c6366e4
----------------- Done invoking toplevel() on ptolemy.moml.MoMLSimpleApplication@3c6366e4
reloadAllAccessors: .PublisherSubscriberOpaqueD3

===========================================================================================
----------------- testing Wed Feb 26 17:25:40 UTC 2020 /home/travis/build/icyphy/ptII/ptolemy/actor/lib/test/auto/PublisherSubscriberOpaqueD3Reverse.xml
----------------- Instantiating /home/travis/build/icyphy/ptII/ptolemy/actor/lib/test/auto/PublisherSubscriberOpaqueD3Reverse.xml
7 ms. Memory: 450560K Free: 185854K (41%)
----------------- Invoking toplevel() on ptolemy.moml.MoMLSimpleApplication@1a56cf34
----------------- Done invoking toplevel() on ptolemy.moml.MoMLSimpleApplication@1a56cf34
reloadAllAccessors: .PublisherSubscriberOpaqueD3Reverse

===========================================================================================
----------------- testing Wed Feb 26 17:25:40 UTC 2020 /home/travis/build/icyphy/ptII/ptolemy/actor/lib/test/auto/PublisherSubscriberOpaqueWidthInference.xml
----------------- Instantiating /home/travis/build/icyphy/ptII/ptolemy/actor/lib/test/auto/PublisherSubscriberOpaqueWidthInference.xml
4 ms. Memory: 450560K Free: 177647K (39%)
----------------- Invoking toplevel() on ptolemy.moml.MoMLSimpleApplication@7ad190fc
----------------- Done invoking toplevel() on ptolemy.moml.MoMLSimpleApplication@7ad190fc
reloadAllAccessors: .PublisherSubscriberOpaqueWidthInference

===========================================================================================
----------------- testing Wed Feb 26 17:25:40 UTC 2020 /home/travis/build/icyphy/ptII/ptolemy/actor/lib/test/auto/PublisherTestSubscriber.xml
----------------- Instantiating /home/travis/build/icyphy/ptII/ptolemy/actor/lib/test/auto/PublisherTestSubscriber.xml
3 ms. Memory: 450560K Free: 169984K (38%)
----------------- Invoking toplevel() on ptolemy.moml.MoMLSimpleApplication@51179940
----------------- Done invoking toplevel() on ptolemy.moml.MoMLSimpleApplication@51179940
reloadAllAccessors: .PublisherTestSubscriber

===========================================================================================
----------------- testing Wed Feb 26 17:25:40 UTC 2020 /home/travis/build/icyphy/ptII/ptolemy/actor/lib/test/auto/PublisherToplevelSubscriberPortAOC.xml
----------------- Instantiating /home/travis/build/icyphy/ptII/ptolemy/actor/lib/test/auto/PublisherToplevelSubscriberPortAOC.xml
2 ms. Memory: 450560K Free: 163840K (36%)
----------------- Invoking toplevel() on ptolemy.moml.MoMLSimpleApplication@c3459e0
----------------- Done invoking toplevel() on ptolemy.moml.MoMLSimpleApplication@c3459e0
reloadAllAccessors: .PublisherToplevelSubscriberPortAOC

===========================================================================================
----------------- testing Wed Feb 26 17:25:40 UTC 2020 /home/travis/build/icyphy/ptII/ptolemy/actor/lib/test/auto/PulseFiringLimitDE.xml
----------------- Instantiating /home/travis/build/icyphy/ptII/ptolemy/actor/lib/test/auto/PulseFiringLimitDE.xml
2 ms. Memory: 450560K Free: 157696K (35%)
----------------- Invoking toplevel() on ptolemy.moml.MoMLSimpleApplication@6b5e1bea
----------------- Done invoking toplevel() on ptolemy.moml.MoMLSimpleApplication@6b5e1bea
reloadAllAccessors: .PulseFiringLimitDE

===========================================================================================
----------------- testing Wed Feb 26 17:25:40 UTC 2020 /home/travis/build/icyphy/ptII/ptolemy/actor/lib/test/auto/Ramp1.xml
----------------- Instantiating /home/travis/build/icyphy/ptII/ptolemy/actor/lib/test/auto/Ramp1.xml
1 ms. Memory: 450560K Free: 153600K (34%)
----------------- Invoking toplevel() on ptolemy.moml.MoMLSimpleApplication@771c02b2
----------------- Done invoking toplevel() on ptolemy.moml.MoMLSimpleApplication@771c02b2
reloadAllAccessors: .Ramp1

===========================================================================================
----------------- testing Wed Feb 26 17:25:40 UTC 2020 /home/travis/build/icyphy/ptII/ptolemy/actor/lib/test/auto/RampFiringLimitDE.xml
----------------- Instantiating /home/travis/build/icyphy/ptII/ptolemy/actor/lib/test/auto/RampFiringLimitDE.xml
3 ms. Memory: 450560K Free: 147456K (33%)
----------------- Invoking toplevel() on ptolemy.moml.MoMLSimpleApplication@3f7094db
----------------- Done invoking toplevel() on ptolemy.moml.MoMLSimpleApplication@3f7094db
reloadAllAccessors: .RampFiringLimitDE

===========================================================================================
----------------- testing Wed Feb 26 17:25:40 UTC 2020 /home/travis/build/icyphy/ptII/ptolemy/actor/lib/test/auto/RampFiringLimitSDF.xml
----------------- Instantiating /home/travis/build/icyphy/ptII/ptolemy/actor/lib/test/auto/RampFiringLimitSDF.xml
2 ms. Memory: 450560K Free: 142336K (32%)
----------------- Invoking toplevel() on ptolemy.moml.MoMLSimpleApplication@69b066e6
----------------- Done invoking toplevel() on ptolemy.moml.MoMLSimpleApplication@69b066e6
reloadAllAccessors: .RampFiringLimitSDF

===========================================================================================
----------------- testing Wed Feb 26 17:25:40 UTC 2020 /home/travis/build/icyphy/ptII/ptolemy/actor/lib/test/auto/RandomInteger.xml
----------------- Instantiating /home/travis/build/icyphy/ptII/ptolemy/actor/lib/test/auto/RandomInteger.xml
2 ms. Memory: 450560K Free: 138240K (31%)
----------------- Invoking toplevel() on ptolemy.moml.MoMLSimpleApplication@577f009c
----------------- Done invoking toplevel() on ptolemy.moml.MoMLSimpleApplication@577f009c
reloadAllAccessors: .RandomInteger

===========================================================================================
----------------- testing Wed Feb 26 17:25:40 UTC 2020 /home/travis/build/icyphy/ptII/ptolemy/actor/lib/test/auto/ReadFile1.xml
----------------- Instantiating /home/travis/build/icyphy/ptII/ptolemy/actor/lib/test/auto/ReadFile1.xml
19 ms. Memory: 450560K Free: 400190K (89%)
----------------- Invoking toplevel() on ptolemy.moml.MoMLSimpleApplication@ea87744
----------------- Done invoking toplevel() on ptolemy.moml.MoMLSimpleApplication@ea87744
reloadAllAccessors: .ReadFile1

===========================================================================================
----------------- testing Wed Feb 26 17:25:40 UTC 2020 /home/travis/build/icyphy/ptII/ptolemy/actor/lib/test/auto/ReadFile2.xml
----------------- Instantiating /home/travis/build/icyphy/ptII/ptolemy/actor/lib/test/auto/ReadFile2.xml
1 ms. Memory: 450560K Free: 395333K (88%)
----------------- Invoking toplevel() on ptolemy.moml.MoMLSimpleApplication@6e86b769
----------------- Done invoking toplevel() on ptolemy.moml.MoMLSimpleApplication@6e86b769
reloadAllAccessors: .ReadFile2

===========================================================================================
----------------- testing Wed Feb 26 17:25:40 UTC 2020 /home/travis/build/icyphy/ptII/ptolemy/actor/lib/test/auto/Reader.xml
----------------- Instantiating /home/travis/build/icyphy/ptII/ptolemy/actor/lib/test/auto/Reader.xml
actor.lib.Reader is obsolete, use actor.lib.io.ExpressionReader instead
4 ms. Memory: 450560K Free: 391237K (87%)
----------------- Invoking toplevel() on ptolemy.moml.MoMLSimpleApplication@1f6bfefb
----------------- Done invoking toplevel() on ptolemy.moml.MoMLSimpleApplication@1f6bfefb
reloadAllAccessors: .Reader

===========================================================================================
----------------- testing Wed Feb 26 17:25:40 UTC 2020 /home/travis/build/icyphy/ptII/ptolemy/actor/lib/test/auto/RecordAssemblerDisplayNameTest.xml
----------------- Instantiating /home/travis/build/icyphy/ptII/ptolemy/actor/lib/test/auto/RecordAssemblerDisplayNameTest.xml
3619 ms. Memory: 450560K Free: 235059K (52%)
----------------- Invoking toplevel() on ptolemy.moml.MoMLSimpleApplication@316254d4
----------------- Done invoking toplevel() on ptolemy.moml.MoMLSimpleApplication@316254d4
reloadAllAccessors: .RecordAssemblerDisplayNameTest

===========================================================================================
----------------- testing Wed Feb 26 17:25:43 UTC 2020 /home/travis/build/icyphy/ptII/ptolemy/actor/lib/test/auto/RecordAssemblerTypeError.xml
----------------- Instantiating /home/travis/build/icyphy/ptII/ptolemy/actor/lib/test/auto/RecordAssemblerTypeError.xml
16 ms. Memory: 450560K Free: 225333K (50%)
----------------- Invoking toplevel() on ptolemy.moml.MoMLSimpleApplication@35b76a11
----------------- Done invoking toplevel() on ptolemy.moml.MoMLSimpleApplication@35b76a11
reloadAllAccessors: .RecordAssemblerTypeError

===========================================================================================
----------------- testing Wed Feb 26 17:25:43 UTC 2020 /home/travis/build/icyphy/ptII/ptolemy/actor/lib/test/auto/RecordDisassember.xml
----------------- Instantiating /home/travis/build/icyphy/ptII/ptolemy/actor/lib/test/auto/RecordDisassember.xml
5 ms. Memory: 450560K Free: 220693K (49%)
----------------- Invoking toplevel() on ptolemy.moml.MoMLSimpleApplication@5fb45dac
----------------- Done invoking toplevel() on ptolemy.moml.MoMLSimpleApplication@5fb45dac
reloadAllAccessors: .RecordDisassember

===========================================================================================
----------------- testing Wed Feb 26 17:25:43 UTC 2020 /home/travis/build/icyphy/ptII/ptolemy/actor/lib/test/auto/RecordDisassemberDisplayNameTest.xml
----------------- Instantiating /home/travis/build/icyphy/ptII/ptolemy/actor/lib/test/auto/RecordDisassemberDisplayNameTest.xml
6 ms. Memory: 450560K Free: 212531K (47%)
----------------- Invoking toplevel() on ptolemy.moml.MoMLSimpleApplication@72060e2e
----------------- Done invoking toplevel() on ptolemy.moml.MoMLSimpleApplication@72060e2e
reloadAllAccessors: .RecordDisassemberDisplayNameTest

===========================================================================================
----------------- testing Wed Feb 26 17:25:43 UTC 2020 /home/travis/build/icyphy/ptII/ptolemy/actor/lib/test/auto/RecordDisassembler.xml
----------------- Instantiating /home/travis/build/icyphy/ptII/ptolemy/actor/lib/test/auto/RecordDisassembler.xml
3 ms. Memory: 450560K Free: 207381K (46%)
----------------- Invoking toplevel() on ptolemy.moml.MoMLSimpleApplication@39a8b2fa
----------------- Done invoking toplevel() on ptolemy.moml.MoMLSimpleApplication@39a8b2fa
reloadAllAccessors: .RecordDisassembler

===========================================================================================
----------------- testing Wed Feb 26 17:25:43 UTC 2020 /home/travis/build/icyphy/ptII/ptolemy/actor/lib/test/auto/RecordDisassembler2.xml
----------------- Instantiating /home/travis/build/icyphy/ptII/ptolemy/actor/lib/test/auto/RecordDisassembler2.xml
2 ms. Memory: 450560K Free: 202277K (45%)
----------------- Invoking toplevel() on ptolemy.moml.MoMLSimpleApplication@75b7f77a
----------------- Done invoking toplevel() on ptolemy.moml.MoMLSimpleApplication@75b7f77a
reloadAllAccessors: .RecordDisassembler2

===========================================================================================
----------------- testing Wed Feb 26 17:25:43 UTC 2020 /home/travis/build/icyphy/ptII/ptolemy/actor/lib/test/auto/RecordUpdater.xml
----------------- Instantiating /home/travis/build/icyphy/ptII/ptolemy/actor/lib/test/auto/RecordUpdater.xml
2 ms. Memory: 450560K Free: 197171K (44%)
----------------- Invoking toplevel() on ptolemy.moml.MoMLSimpleApplication@6d9e0644
----------------- Done invoking toplevel() on ptolemy.moml.MoMLSimpleApplication@6d9e0644
reloadAllAccessors: .RecordUpdater

===========================================================================================
----------------- testing Wed Feb 26 17:25:43 UTC 2020 /home/travis/build/icyphy/ptII/ptolemy/actor/lib/test/auto/RecordUpdater2.xml
----------------- Instantiating /home/travis/build/icyphy/ptII/ptolemy/actor/lib/test/auto/RecordUpdater2.xml
1 ms. Memory: 450560K Free: 192051K (43%)
----------------- Invoking toplevel() on ptolemy.moml.MoMLSimpleApplication@2dacfc31
----------------- Done invoking toplevel() on ptolemy.moml.MoMLSimpleApplication@2dacfc31
reloadAllAccessors: .RecordUpdater2

===========================================================================================
----------------- testing Wed Feb 26 17:25:44 UTC 2020 /home/travis/build/icyphy/ptII/ptolemy/actor/lib/test/auto/RecursiveLattice.xml
----------------- Instantiating /home/travis/build/icyphy/ptII/ptolemy/actor/lib/test/auto/RecursiveLattice.xml
1 ms. Memory: 450560K Free: 187445K (42%)
----------------- Invoking toplevel() on ptolemy.moml.MoMLSimpleApplication@4455e6e7
----------------- Done invoking toplevel() on ptolemy.moml.MoMLSimpleApplication@4455e6e7
reloadAllAccessors: .RecursiveLattice

===========================================================================================
----------------- testing Wed Feb 26 17:25:44 UTC 2020 /home/travis/build/icyphy/ptII/ptolemy/actor/lib/test/auto/Router.xml
----------------- Instantiating /home/travis/build/icyphy/ptII/ptolemy/actor/lib/test/auto/Router.xml
3004 ms. Memory: 450560K Free: 176691K (39%)
----------------- Invoking toplevel() on ptolemy.moml.MoMLSimpleApplication@2bfc3624
----------------- Done invoking toplevel() on ptolemy.moml.MoMLSimpleApplication@2bfc3624
reloadAllAccessors: .Router

===========================================================================================
----------------- testing Wed Feb 26 17:25:47 UTC 2020 /home/travis/build/icyphy/ptII/ptolemy/actor/lib/test/auto/Router2.xml
----------------- Instantiating /home/travis/build/icyphy/ptII/ptolemy/actor/lib/test/auto/Router2.xml
3012 ms. Memory: 450560K Free: 165427K (37%)
----------------- Invoking toplevel() on ptolemy.moml.MoMLSimpleApplication@3d08d839
----------------- Done invoking toplevel() on ptolemy.moml.MoMLSimpleApplication@3d08d839
reloadAllAccessors: .Router2

===========================================================================================
----------------- testing Wed Feb 26 17:25:50 UTC 2020 /home/travis/build/icyphy/ptII/ptolemy/actor/lib/test/auto/RunningMaximum.xml
----------------- Instantiating /home/travis/build/icyphy/ptII/ptolemy/actor/lib/test/auto/RunningMaximum.xml
1 ms. Memory: 450560K Free: 160821K (36%)
----------------- Invoking toplevel() on ptolemy.moml.MoMLSimpleApplication@40dd9adf
----------------- Done invoking toplevel() on ptolemy.moml.MoMLSimpleApplication@40dd9adf
reloadAllAccessors: .RunningMaximum

===========================================================================================
----------------- testing Wed Feb 26 17:25:50 UTC 2020 /home/travis/build/icyphy/ptII/ptolemy/actor/lib/test/auto/RunningMinimum.xml
----------------- Instantiating /home/travis/build/icyphy/ptII/ptolemy/actor/lib/test/auto/RunningMinimum.xml
7 ms. Memory: 450560K Free: 156211K (35%)
----------------- Invoking toplevel() on ptolemy.moml.MoMLSimpleApplication@15b153e8
----------------- Done invoking toplevel() on ptolemy.moml.MoMLSimpleApplication@15b153e8
reloadAllAccessors: .RunningMinimum

===========================================================================================
----------------- testing Wed Feb 26 17:25:50 UTC 2020 /home/travis/build/icyphy/ptII/ptolemy/actor/lib/test/auto/Scale.xml
----------------- Instantiating /home/travis/build/icyphy/ptII/ptolemy/actor/lib/test/auto/Scale.xml
1 ms. Memory: 450560K Free: 151605K (34%)
----------------- Invoking toplevel() on ptolemy.moml.MoMLSimpleApplication@79dda94e
----------------- Done invoking toplevel() on ptolemy.moml.MoMLSimpleApplication@79dda94e
reloadAllAccessors: .Scale

===========================================================================================
----------------- testing Wed Feb 26 17:25:50 UTC 2020 /home/travis/build/icyphy/ptII/ptolemy/actor/lib/test/auto/Scale2.xml
----------------- Instantiating /home/travis/build/icyphy/ptII/ptolemy/actor/lib/test/auto/Scale2.xml
1 ms. Memory: 450560K Free: 146995K (33%)
----------------- Invoking toplevel() on ptolemy.moml.MoMLSimpleApplication@7dc04e10
----------------- Done invoking toplevel() on ptolemy.moml.MoMLSimpleApplication@7dc04e10
reloadAllAccessors: .Scale2

===========================================================================================
----------------- testing Wed Feb 26 17:25:50 UTC 2020 /home/travis/build/icyphy/ptII/ptolemy/actor/lib/test/auto/Scale3.xml
----------------- Instantiating /home/travis/build/icyphy/ptII/ptolemy/actor/lib/test/auto/Scale3.xml
8 ms. Memory: 450560K Free: 140851K (31%)
----------------- Invoking toplevel() on ptolemy.moml.MoMLSimpleApplication@33d7deb8
----------------- Done invoking toplevel() on ptolemy.moml.MoMLSimpleApplication@33d7deb8
reloadAllAccessors: .Scale3

===========================================================================================
----------------- testing Wed Feb 26 17:25:50 UTC 2020 /home/travis/build/icyphy/ptII/ptolemy/actor/lib/test/auto/ScaleArray.xml
----------------- Instantiating /home/travis/build/icyphy/ptII/ptolemy/actor/lib/test/auto/ScaleArray.xml
2 ms. Memory: 450560K Free: 136245K (30%)
----------------- Invoking toplevel() on ptolemy.moml.MoMLSimpleApplication@2374ed33
----------------- Done invoking toplevel() on ptolemy.moml.MoMLSimpleApplication@2374ed33
reloadAllAccessors: .ScaleArray

===========================================================================================
----------------- testing Wed Feb 26 17:25:50 UTC 2020 /home/travis/build/icyphy/ptII/ptolemy/actor/lib/test/auto/ScaleArray2.xml
----------------- Instantiating /home/travis/build/icyphy/ptII/ptolemy/actor/lib/test/auto/ScaleArray2.xml
1 ms. Memory: 450560K Free: 397815K (88%)
----------------- Invoking toplevel() on ptolemy.moml.MoMLSimpleApplication@2c40a7d0
----------------- Done invoking toplevel() on ptolemy.moml.MoMLSimpleApplication@2c40a7d0
reloadAllAccessors: .ScaleArray2

===========================================================================================
----------------- testing Wed Feb 26 17:25:50 UTC 2020 /home/travis/build/icyphy/ptII/ptolemy/actor/lib/test/auto/ScaleMatrix.xml
----------------- Instantiating /home/travis/build/icyphy/ptII/ptolemy/actor/lib/test/auto/ScaleMatrix.xml
150 ms. Memory: 450560K Free: 382462K (85%)
----------------- Invoking toplevel() on ptolemy.moml.MoMLSimpleApplication@62667c47
----------------- Done invoking toplevel() on ptolemy.moml.MoMLSimpleApplication@62667c47
reloadAllAccessors: .ScaleMatrix

===========================================================================================
----------------- testing Wed Feb 26 17:25:50 UTC 2020 /home/travis/build/icyphy/ptII/ptolemy/actor/lib/test/auto/Select.xml
----------------- Instantiating /home/travis/build/icyphy/ptII/ptolemy/actor/lib/test/auto/Select.xml
3 ms. Memory: 450560K Free: 376287K (84%)
----------------- Invoking toplevel() on ptolemy.moml.MoMLSimpleApplication@4b435944
----------------- Done invoking toplevel() on ptolemy.moml.MoMLSimpleApplication@4b435944
reloadAllAccessors: .Select

===========================================================================================
----------------- testing Wed Feb 26 17:25:50 UTC 2020 /home/travis/build/icyphy/ptII/ptolemy/actor/lib/test/auto/Select2.xml
----------------- Instantiating /home/travis/build/icyphy/ptII/ptolemy/actor/lib/test/auto/Select2.xml
1 ms. Memory: 450560K Free: 371712K (83%)
----------------- Invoking toplevel() on ptolemy.moml.MoMLSimpleApplication@407dda5a
----------------- Done invoking toplevel() on ptolemy.moml.MoMLSimpleApplication@407dda5a
reloadAllAccessors: .Select2

===========================================================================================
----------------- testing Wed Feb 26 17:25:50 UTC 2020 /home/travis/build/icyphy/ptII/ptolemy/actor/lib/test/auto/SequenceToArray2.xml
----------------- Instantiating /home/travis/build/icyphy/ptII/ptolemy/actor/lib/test/auto/SequenceToArray2.xml
94 ms. Memory: 450560K Free: 347631K (77%)
----------------- Invoking toplevel() on ptolemy.moml.MoMLSimpleApplication@cae0b6f
----------------- Done invoking toplevel() on ptolemy.moml.MoMLSimpleApplication@cae0b6f
reloadAllAccessors: .SequenceToArray2

===========================================================================================
----------------- testing Wed Feb 26 17:25:50 UTC 2020 /home/travis/build/icyphy/ptII/ptolemy/actor/lib/test/auto/SequentialClock.xml
----------------- Instantiating /home/travis/build/icyphy/ptII/ptolemy/actor/lib/test/auto/SequentialClock.xml
1 ms. Memory: 450560K Free: 343550K (76%)
----------------- Invoking toplevel() on ptolemy.moml.MoMLSimpleApplication@7a59d56a
----------------- Done invoking toplevel() on ptolemy.moml.MoMLSimpleApplication@7a59d56a
reloadAllAccessors: .SequentialClock

===========================================================================================
----------------- testing Wed Feb 26 17:25:50 UTC 2020 /home/travis/build/icyphy/ptII/ptolemy/actor/lib/test/auto/SetVariable.xml
----------------- Instantiating /home/travis/build/icyphy/ptII/ptolemy/actor/lib/test/auto/SetVariable.xml
3 ms. Memory: 450560K Free: 338944K (75%)
----------------- Invoking toplevel() on ptolemy.moml.MoMLSimpleApplication@6c87f046
----------------- Done invoking toplevel() on ptolemy.moml.MoMLSimpleApplication@6c87f046
reloadAllAccessors: .SetVariable

===========================================================================================
----------------- testing Wed Feb 26 17:25:50 UTC 2020 /home/travis/build/icyphy/ptII/ptolemy/actor/lib/test/auto/SetVariable2.xml
----------------- Instantiating /home/travis/build/icyphy/ptII/ptolemy/actor/lib/test/auto/SetVariable2.xml
4 ms. Memory: 450560K Free: 334334K (74%)
----------------- Invoking toplevel() on ptolemy.moml.MoMLSimpleApplication@638ff75d
----------------- Done invoking toplevel() on ptolemy.moml.MoMLSimpleApplication@638ff75d
reloadAllAccessors: .SetVariable2

===========================================================================================
----------------- testing Wed Feb 26 17:25:50 UTC 2020 /home/travis/build/icyphy/ptII/ptolemy/actor/lib/test/auto/SetVariable3.xml
----------------- Instantiating /home/travis/build/icyphy/ptII/ptolemy/actor/lib/test/auto/SetVariable3.xml
6 ms. Memory: 450560K Free: 329214K (73%)
----------------- Invoking toplevel() on ptolemy.moml.MoMLSimpleApplication@3ebddb41
----------------- Done invoking toplevel() on ptolemy.moml.MoMLSimpleApplication@3ebddb41
reloadAllAccessors: .SetVariable3

===========================================================================================
----------------- testing Wed Feb 26 17:25:50 UTC 2020 /home/travis/build/icyphy/ptII/ptolemy/actor/lib/test/auto/SetVariable4.xml
----------------- Instantiating /home/travis/build/icyphy/ptII/ptolemy/actor/lib/test/auto/SetVariable4.xml
15 ms. Memory: 450560K Free: 319488K (71%)
----------------- Invoking toplevel() on ptolemy.moml.MoMLSimpleApplication@3af89aa5
----------------- Done invoking toplevel() on ptolemy.moml.MoMLSimpleApplication@3af89aa5
reloadAllAccessors: .SetVariable4

===========================================================================================
----------------- testing Wed Feb 26 17:25:50 UTC 2020 /home/travis/build/icyphy/ptII/ptolemy/actor/lib/test/auto/SetVariable5.xml
----------------- Instantiating /home/travis/build/icyphy/ptII/ptolemy/actor/lib/test/auto/SetVariable5.xml
13 ms. Memory: 450560K Free: 310272K (69%)
----------------- Invoking toplevel() on ptolemy.moml.MoMLSimpleApplication@30cb460f
----------------- Done invoking toplevel() on ptolemy.moml.MoMLSimpleApplication@30cb460f
reloadAllAccessors: .SetVariable5

===========================================================================================
----------------- testing Wed Feb 26 17:25:50 UTC 2020 /home/travis/build/icyphy/ptII/ptolemy/actor/lib/test/auto/Sinewave.xml
----------------- Instantiating /home/travis/build/icyphy/ptII/ptolemy/actor/lib/test/auto/Sinewave.xml
4 ms. Memory: 450560K Free: 300032K (67%)
----------------- Invoking toplevel() on ptolemy.moml.MoMLSimpleApplication@59682f33
----------------- Done invoking toplevel() on ptolemy.moml.MoMLSimpleApplication@59682f33
reloadAllAccessors: .Sinewave

===========================================================================================
----------------- testing Wed Feb 26 17:25:50 UTC 2020 /home/travis/build/icyphy/ptII/ptolemy/actor/lib/test/auto/Sinewave2.xml
----------------- Instantiating /home/travis/build/icyphy/ptII/ptolemy/actor/lib/test/auto/Sinewave2.xml
5 ms. Memory: 450560K Free: 291311K (65%)
----------------- Invoking toplevel() on ptolemy.moml.MoMLSimpleApplication@22016cc
----------------- Done invoking toplevel() on ptolemy.moml.MoMLSimpleApplication@22016cc
reloadAllAccessors: .Sinewave2

===========================================================================================
----------------- testing Wed Feb 26 17:25:50 UTC 2020 /home/travis/build/icyphy/ptII/ptolemy/actor/lib/test/auto/Sinewave3.xml
----------------- Instantiating /home/travis/build/icyphy/ptII/ptolemy/actor/lib/test/auto/Sinewave3.xml
9 ms. Memory: 450560K Free: 282624K (63%)
----------------- Invoking toplevel() on ptolemy.moml.MoMLSimpleApplication@263eab1d
----------------- Done invoking toplevel() on ptolemy.moml.MoMLSimpleApplication@263eab1d
reloadAllAccessors: .Sinewave3

===========================================================================================
----------------- testing Wed Feb 26 17:25:50 UTC 2020 /home/travis/build/icyphy/ptII/ptolemy/actor/lib/test/auto/SingleEvent.xml
----------------- Instantiating /home/travis/build/icyphy/ptII/ptolemy/actor/lib/test/auto/SingleEvent.xml
1 ms. Memory: 450560K Free: 278528K (62%)
----------------- Invoking toplevel() on ptolemy.moml.MoMLSimpleApplication@1614b1f8
----------------- Done invoking toplevel() on ptolemy.moml.MoMLSimpleApplication@1614b1f8
reloadAllAccessors: .SingleEvent

===========================================================================================
----------------- testing Wed Feb 26 17:25:50 UTC 2020 /home/travis/build/icyphy/ptII/ptolemy/actor/lib/test/auto/Sleep.xml
----------------- Instantiating /home/travis/build/icyphy/ptII/ptolemy/actor/lib/test/auto/Sleep.xml
6003 ms. Memory: 450560K Free: 272894K (61%)
----------------- Invoking toplevel() on ptolemy.moml.MoMLSimpleApplication@2898e398
----------------- Done invoking toplevel() on ptolemy.moml.MoMLSimpleApplication@2898e398
reloadAllAccessors: .Sleep

===========================================================================================
----------------- testing Wed Feb 26 17:25:56 UTC 2020 /home/travis/build/icyphy/ptII/ptolemy/actor/lib/test/auto/SleepMultipleFire.xml
----------------- Instantiating /home/travis/build/icyphy/ptII/ptolemy/actor/lib/test/auto/SleepMultipleFire.xml
1012 ms. Memory: 450560K Free: 267264K (59%)
----------------- Invoking toplevel() on ptolemy.moml.MoMLSimpleApplication@152f4636
----------------- Done invoking toplevel() on ptolemy.moml.MoMLSimpleApplication@152f4636
reloadAllAccessors: .SleepMultipleFire

===========================================================================================
----------------- testing Wed Feb 26 17:25:57 UTC 2020 /home/travis/build/icyphy/ptII/ptolemy/actor/lib/test/auto/StopDE.xml
----------------- Instantiating /home/travis/build/icyphy/ptII/ptolemy/actor/lib/test/auto/StopDE.xml
2 ms. Memory: 450560K Free: 261630K (58%)
----------------- Invoking toplevel() on ptolemy.moml.MoMLSimpleApplication@6c15f49
----------------- Done invoking toplevel() on ptolemy.moml.MoMLSimpleApplication@6c15f49
reloadAllAccessors: .StopDE

===========================================================================================
----------------- testing Wed Feb 26 17:25:57 UTC 2020 /home/travis/build/icyphy/ptII/ptolemy/actor/lib/test/auto/StopSDF.xml
----------------- Instantiating /home/travis/build/icyphy/ptII/ptolemy/actor/lib/test/auto/StopSDF.xml
3 ms. Memory: 450560K Free: 256510K (57%)
----------------- Invoking toplevel() on ptolemy.moml.MoMLSimpleApplication@5e4325c1
----------------- Done invoking toplevel() on ptolemy.moml.MoMLSimpleApplication@5e4325c1
reloadAllAccessors: .StopSDF

===========================================================================================
----------------- testing Wed Feb 26 17:25:57 UTC 2020 /home/travis/build/icyphy/ptII/ptolemy/actor/lib/test/auto/StringConstant.xml
----------------- Instantiating /home/travis/build/icyphy/ptII/ptolemy/actor/lib/test/auto/StringConstant.xml
9 ms. Memory: 450560K Free: 252414K (56%)
----------------- Invoking toplevel() on ptolemy.moml.MoMLSimpleApplication@20ce5a55
----------------- Done invoking toplevel() on ptolemy.moml.MoMLSimpleApplication@20ce5a55
reloadAllAccessors: .StringConstant

===========================================================================================
----------------- testing Wed Feb 26 17:25:57 UTC 2020 /home/travis/build/icyphy/ptII/ptolemy/actor/lib/test/auto/SubscriberPortInitialValues1.xml
----------------- Instantiating /home/travis/build/icyphy/ptII/ptolemy/actor/lib/test/auto/SubscriberPortInitialValues1.xml
8 ms. Memory: 450560K Free: 243198K (54%)
----------------- Invoking toplevel() on ptolemy.moml.MoMLSimpleApplication@3bbf275b
----------------- Done invoking toplevel() on ptolemy.moml.MoMLSimpleApplication@3bbf275b
reloadAllAccessors: .SubscriberPortInitialValues1

===========================================================================================
----------------- testing Wed Feb 26 17:25:57 UTC 2020 /home/travis/build/icyphy/ptII/ptolemy/actor/lib/test/auto/SubscriberPortInitialValues13.xml
----------------- Instantiating /home/travis/build/icyphy/ptII/ptolemy/actor/lib/test/auto/SubscriberPortInitialValues13.xml
5 ms. Memory: 450560K Free: 230910K (51%)
----------------- Invoking toplevel() on ptolemy.moml.MoMLSimpleApplication@2007ad77
----------------- Done invoking toplevel() on ptolemy.moml.MoMLSimpleApplication@2007ad77
reloadAllAccessors: .SubscriberPortInitialValues13

===========================================================================================
----------------- testing Wed Feb 26 17:25:57 UTC 2020 /home/travis/build/icyphy/ptII/ptolemy/actor/lib/test/auto/SubscriberPortInitialValues14.xml
----------------- Instantiating /home/travis/build/icyphy/ptII/ptolemy/actor/lib/test/auto/SubscriberPortInitialValues14.xml
4 ms. Memory: 450560K Free: 223232K (50%)
----------------- Invoking toplevel() on ptolemy.moml.MoMLSimpleApplication@6106d5d3
----------------- Done invoking toplevel() on ptolemy.moml.MoMLSimpleApplication@6106d5d3
reloadAllAccessors: .SubscriberPortInitialValues14

===========================================================================================
----------------- testing Wed Feb 26 17:25:57 UTC 2020 /home/travis/build/icyphy/ptII/ptolemy/actor/lib/test/auto/SubscriberPortInitialValues2.xml
----------------- Instantiating /home/travis/build/icyphy/ptII/ptolemy/actor/lib/test/auto/SubscriberPortInitialValues2.xml
4 ms. Memory: 450560K Free: 215550K (48%)
----------------- Invoking toplevel() on ptolemy.moml.MoMLSimpleApplication@2ec0c3d9
----------------- Done invoking toplevel() on ptolemy.moml.MoMLSimpleApplication@2ec0c3d9
reloadAllAccessors: .SubscriberPortInitialValues2

===========================================================================================
----------------- testing Wed Feb 26 17:25:57 UTC 2020 /home/travis/build/icyphy/ptII/ptolemy/actor/lib/test/auto/SubscriberPortInitialValues3.xml
----------------- Instantiating /home/travis/build/icyphy/ptII/ptolemy/actor/lib/test/auto/SubscriberPortInitialValues3.xml
4 ms. Memory: 450560K Free: 204800K (45%)
----------------- Invoking toplevel() on ptolemy.moml.MoMLSimpleApplication@ac230c2
----------------- Done invoking toplevel() on ptolemy.moml.MoMLSimpleApplication@ac230c2
reloadAllAccessors: .SubscriberPortInitialValues3

===========================================================================================
----------------- testing Wed Feb 26 17:25:57 UTC 2020 /home/travis/build/icyphy/ptII/ptolemy/actor/lib/test/auto/SubscriptionAggregator.xml
----------------- Instantiating /home/travis/build/icyphy/ptII/ptolemy/actor/lib/test/auto/SubscriptionAggregator.xml
2 ms. Memory: 450560K Free: 198127K (44%)
----------------- Invoking toplevel() on ptolemy.moml.MoMLSimpleApplication@55d24aa0
----------------- Done invoking toplevel() on ptolemy.moml.MoMLSimpleApplication@55d24aa0
reloadAllAccessors: .SubscriptionAggregator

===========================================================================================
----------------- testing Wed Feb 26 17:25:57 UTC 2020 /home/travis/build/icyphy/ptII/ptolemy/actor/lib/test/auto/SubscriptionAggregator2.xml
----------------- Instantiating /home/travis/build/icyphy/ptII/ptolemy/actor/lib/test/auto/SubscriptionAggregator2.xml
3 ms. Memory: 450560K Free: 191488K (43%)
----------------- Invoking toplevel() on ptolemy.moml.MoMLSimpleApplication@40c88ab0
----------------- Done invoking toplevel() on ptolemy.moml.MoMLSimpleApplication@40c88ab0
reloadAllAccessors: .SubscriptionAggregator2

===========================================================================================
----------------- testing Wed Feb 26 17:25:58 UTC 2020 /home/travis/build/icyphy/ptII/ptolemy/actor/lib/test/auto/SubscriptionAggregator3.xml
----------------- Instantiating /home/travis/build/icyphy/ptII/ptolemy/actor/lib/test/auto/SubscriptionAggregator3.xml
3 ms. Memory: 450560K Free: 182767K (41%)
----------------- Invoking toplevel() on ptolemy.moml.MoMLSimpleApplication@58b3acc4
----------------- Done invoking toplevel() on ptolemy.moml.MoMLSimpleApplication@58b3acc4
reloadAllAccessors: .SubscriptionAggregator3

===========================================================================================
----------------- testing Wed Feb 26 17:25:58 UTC 2020 /home/travis/build/icyphy/ptII/ptolemy/actor/lib/test/auto/SubscriptionAggregatorMultiply.xml
----------------- Instantiating /home/travis/build/icyphy/ptII/ptolemy/actor/lib/test/auto/SubscriptionAggregatorMultiply.xml
12 ms. Memory: 450560K Free: 173559K (39%)
----------------- Invoking toplevel() on ptolemy.moml.MoMLSimpleApplication@e2c8d32
----------------- Done invoking toplevel() on ptolemy.moml.MoMLSimpleApplication@e2c8d32
reloadAllAccessors: .SubscriptionAggregatorMultiply

===========================================================================================
----------------- testing Wed Feb 26 17:25:58 UTC 2020 /home/travis/build/icyphy/ptII/ptolemy/actor/lib/test/auto/SubscriptionAggregatorPortMultiply1.xml
----------------- Instantiating /home/travis/build/icyphy/ptII/ptolemy/actor/lib/test/auto/SubscriptionAggregatorPortMultiply1.xml
4 ms. Memory: 450560K Free: 165374K (37%)
----------------- Invoking toplevel() on ptolemy.moml.MoMLSimpleApplication@5fa4569a
----------------- Done invoking toplevel() on ptolemy.moml.MoMLSimpleApplication@5fa4569a
reloadAllAccessors: .SubscriptionAggregatorPortMultiply1

===========================================================================================
----------------- testing Wed Feb 26 17:25:58 UTC 2020 /home/travis/build/icyphy/ptII/ptolemy/actor/lib/test/auto/Switch.xml
----------------- Instantiating /home/travis/build/icyphy/ptII/ptolemy/actor/lib/test/auto/Switch.xml
4 ms. Memory: 450560K Free: 157182K (35%)
----------------- Invoking toplevel() on ptolemy.moml.MoMLSimpleApplication@428925eb
----------------- Done invoking toplevel() on ptolemy.moml.MoMLSimpleApplication@428925eb
reloadAllAccessors: .Switch

===========================================================================================
----------------- testing Wed Feb 26 17:25:58 UTC 2020 /home/travis/build/icyphy/ptII/ptolemy/actor/lib/test/auto/Switch2.xml
----------------- Instantiating /home/travis/build/icyphy/ptII/ptolemy/actor/lib/test/auto/Switch2.xml
2 ms. Memory: 450560K Free: 152576K (34%)
----------------- Invoking toplevel() on ptolemy.moml.MoMLSimpleApplication@7cc0d3cb
----------------- Done invoking toplevel() on ptolemy.moml.MoMLSimpleApplication@7cc0d3cb
reloadAllAccessors: .Switch2

===========================================================================================
----------------- testing Wed Feb 26 17:25:58 UTC 2020 /home/travis/build/icyphy/ptII/ptolemy/actor/lib/test/auto/SwitchDE.xml
----------------- Instantiating /home/travis/build/icyphy/ptII/ptolemy/actor/lib/test/auto/SwitchDE.xml
9 ms. Memory: 450560K Free: 146432K (33%)
----------------- Invoking toplevel() on ptolemy.moml.MoMLSimpleApplication@1af0e371
----------------- Done invoking toplevel() on ptolemy.moml.MoMLSimpleApplication@1af0e371
reloadAllAccessors: .SwitchDE

===========================================================================================
----------------- testing Wed Feb 26 17:25:58 UTC 2020 /home/travis/build/icyphy/ptII/ptolemy/actor/lib/test/auto/SynchronizerDE.xml
----------------- Instantiating /home/travis/build/icyphy/ptII/ptolemy/actor/lib/test/auto/SynchronizerDE.xml
6 ms. Memory: 450560K Free: 138240K (31%)
----------------- Invoking toplevel() on ptolemy.moml.MoMLSimpleApplication@567e6ab9
----------------- Done invoking toplevel() on ptolemy.moml.MoMLSimpleApplication@567e6ab9
reloadAllAccessors: .SynchronizerDE

===========================================================================================
----------------- testing Wed Feb 26 17:25:58 UTC 2020 /home/travis/build/icyphy/ptII/ptolemy/actor/lib/test/auto/Test.xml
----------------- Instantiating /home/travis/build/icyphy/ptII/ptolemy/actor/lib/test/auto/Test.xml
2 ms. Memory: 450560K Free: 398319K (88%)
----------------- Invoking toplevel() on ptolemy.moml.MoMLSimpleApplication@116b8390
----------------- Done invoking toplevel() on ptolemy.moml.MoMLSimpleApplication@116b8390
reloadAllAccessors: .Test

===========================================================================================
----------------- testing Wed Feb 26 17:25:58 UTC 2020 /home/travis/build/icyphy/ptII/ptolemy/actor/lib/test/auto/TestExceptionAttribute1.xml
----------------- Instantiating /home/travis/build/icyphy/ptII/ptolemy/actor/lib/test/auto/TestExceptionAttribute1.xml
1 ms. Memory: 450560K Free: 394253K (88%)
----------------- Invoking toplevel() on ptolemy.moml.MoMLSimpleApplication@6d568381
----------------- Done invoking toplevel() on ptolemy.moml.MoMLSimpleApplication@6d568381
reloadAllAccessors: .TestExceptionAttribute1

===========================================================================================
----------------- testing Wed Feb 26 17:25:58 UTC 2020 /home/travis/build/icyphy/ptII/ptolemy/actor/lib/test/auto/TestExceptionAttribute2.xml
----------------- Instantiating /home/travis/build/icyphy/ptII/ptolemy/actor/lib/test/auto/TestExceptionAttribute2.xml
1 ms. Memory: 450560K Free: 390671K (87%)
----------------- Invoking toplevel() on ptolemy.moml.MoMLSimpleApplication@5417acc1
----------------- Done invoking toplevel() on ptolemy.moml.MoMLSimpleApplication@5417acc1
reloadAllAccessors: .TestExceptionAttribute2

===========================================================================================
----------------- testing Wed Feb 26 17:25:58 UTC 2020 /home/travis/build/icyphy/ptII/ptolemy/actor/lib/test/auto/TestExceptionAttribute3.xml
----------------- Instantiating /home/travis/build/icyphy/ptII/ptolemy/actor/lib/test/auto/TestExceptionAttribute3.xml
.TestExceptionAttribute3.TestExceptionAttribute: initialize() was not invoked, but wrapup() was.  This is unusual, but not always a problem.  For example, exporting JNLP will do this.
1 ms. Memory: 450560K Free: 387085K (86%)
----------------- Invoking toplevel() on ptolemy.moml.MoMLSimpleApplication@56a5ee17
----------------- Done invoking toplevel() on ptolemy.moml.MoMLSimpleApplication@56a5ee17
reloadAllAccessors: .TestExceptionAttribute3

===========================================================================================
----------------- testing Wed Feb 26 17:25:58 UTC 2020 /home/travis/build/icyphy/ptII/ptolemy/actor/lib/test/auto/TestExceptionAttribute4.xml
----------------- Instantiating /home/travis/build/icyphy/ptII/ptolemy/actor/lib/test/auto/TestExceptionAttribute4.xml
.TestExceptionAttribute4.TestExceptionAttribute: initialize() was not invoked, but wrapup() was.  This is unusual, but not always a problem.  For example, exporting JNLP will do this.
.TestExceptionAttribute4.TestExceptionAttribute2: initialize() was not invoked, but wrapup() was.  This is unusual, but not always a problem.  For example, exporting JNLP will do this.
1 ms. Memory: 450560K Free: 382989K (85%)
----------------- Invoking toplevel() on ptolemy.moml.MoMLSimpleApplication@679d6d47
----------------- Done invoking toplevel() on ptolemy.moml.MoMLSimpleApplication@679d6d47
reloadAllAccessors: .TestExceptionAttribute4

===========================================================================================
----------------- testing Wed Feb 26 17:25:58 UTC 2020 /home/travis/build/icyphy/ptII/ptolemy/actor/lib/test/auto/TestExceptionHandler1.xml
----------------- Instantiating /home/travis/build/icyphy/ptII/ptolemy/actor/lib/test/auto/TestExceptionHandler1.xml
1 ms. Memory: 450560K Free: 379407K (84%)
----------------- Invoking toplevel() on ptolemy.moml.MoMLSimpleApplication@570d5465
----------------- Done invoking toplevel() on ptolemy.moml.MoMLSimpleApplication@570d5465
reloadAllAccessors: .TestExceptionHandler1

===========================================================================================
----------------- testing Wed Feb 26 17:25:58 UTC 2020 /home/travis/build/icyphy/ptII/ptolemy/actor/lib/test/auto/TestExceptionHandler2.xml
----------------- Instantiating /home/travis/build/icyphy/ptII/ptolemy/actor/lib/test/auto/TestExceptionHandler2.xml
1 ms. Memory: 450560K Free: 375311K (83%)
----------------- Invoking toplevel() on ptolemy.moml.MoMLSimpleApplication@533373fb
----------------- Done invoking toplevel() on ptolemy.moml.MoMLSimpleApplication@533373fb
reloadAllAccessors: .TestExceptionHandler2

===========================================================================================
----------------- testing Wed Feb 26 17:25:58 UTC 2020 /home/travis/build/icyphy/ptII/ptolemy/actor/lib/test/auto/TestExceptionHandler3.xml
----------------- Instantiating /home/travis/build/icyphy/ptII/ptolemy/actor/lib/test/auto/TestExceptionHandler3.xml
1 ms. Memory: 450560K Free: 371725K (83%)
----------------- Invoking toplevel() on ptolemy.moml.MoMLSimpleApplication@751cf6b
----------------- Done invoking toplevel() on ptolemy.moml.MoMLSimpleApplication@751cf6b
reloadAllAccessors: .TestExceptionHandler3

===========================================================================================
----------------- testing Wed Feb 26 17:25:58 UTC 2020 /home/travis/build/icyphy/ptII/ptolemy/actor/lib/test/auto/TestExceptionHandler4.xml
----------------- Instantiating /home/travis/build/icyphy/ptII/ptolemy/actor/lib/test/auto/TestExceptionHandler4.xml
1 ms. Memory: 450560K Free: 367629K (82%)
----------------- Invoking toplevel() on ptolemy.moml.MoMLSimpleApplication@8884555
----------------- Done invoking toplevel() on ptolemy.moml.MoMLSimpleApplication@8884555
reloadAllAccessors: .TestExceptionHandler4

===========================================================================================
----------------- testing Wed Feb 26 17:25:58 UTC 2020 /home/travis/build/icyphy/ptII/ptolemy/actor/lib/test/auto/TestRequireCorrectOrder.xml
----------------- Instantiating /home/travis/build/icyphy/ptII/ptolemy/actor/lib/test/auto/TestRequireCorrectOrder.xml
6 ms. Memory: 450560K Free: 362495K (80%)
----------------- Invoking toplevel() on ptolemy.moml.MoMLSimpleApplication@348a5edf
----------------- Done invoking toplevel() on ptolemy.moml.MoMLSimpleApplication@348a5edf
reloadAllAccessors: .TestRequireCorrectOrder

===========================================================================================
----------------- testing Wed Feb 26 17:25:58 UTC 2020 /home/travis/build/icyphy/ptII/ptolemy/actor/lib/test/auto/TestSimple.xml
----------------- Instantiating /home/travis/build/icyphy/ptII/ptolemy/actor/lib/test/auto/TestSimple.xml
2 ms. Memory: 450560K Free: 358413K (80%)
----------------- Invoking toplevel() on ptolemy.moml.MoMLSimpleApplication@91883eb
----------------- Done invoking toplevel() on ptolemy.moml.MoMLSimpleApplication@91883eb
reloadAllAccessors: .TestSimple

===========================================================================================
----------------- testing Wed Feb 26 17:25:58 UTC 2020 /home/travis/build/icyphy/ptII/ptolemy/actor/lib/test/auto/ThrowModelError.xml
----------------- Instantiating /home/travis/build/icyphy/ptII/ptolemy/actor/lib/test/auto/ThrowModelError.xml
1 ms. Memory: 450560K Free: 352783K (78%)
----------------- Invoking toplevel() on ptolemy.moml.MoMLSimpleApplication@6796c9e7
----------------- Done invoking toplevel() on ptolemy.moml.MoMLSimpleApplication@6796c9e7
reloadAllAccessors: .ThrowModelError

===========================================================================================
----------------- testing Wed Feb 26 17:25:58 UTC 2020 /home/travis/build/icyphy/ptII/ptolemy/actor/lib/test/auto/TimeDelayMicrosteps.xml
----------------- Instantiating /home/travis/build/icyphy/ptII/ptolemy/actor/lib/test/auto/TimeDelayMicrosteps.xml
3 ms. Memory: 450560K Free: 346095K (77%)
----------------- Invoking toplevel() on ptolemy.moml.MoMLSimpleApplication@2c34cbbf
----------------- Done invoking toplevel() on ptolemy.moml.MoMLSimpleApplication@2c34cbbf
reloadAllAccessors: .TimeDelayMicrosteps

===========================================================================================
----------------- testing Wed Feb 26 17:25:58 UTC 2020 /home/travis/build/icyphy/ptII/ptolemy/actor/lib/test/auto/TimeDelayMicrosteps2.xml
----------------- Instantiating /home/travis/build/icyphy/ptII/ptolemy/actor/lib/test/auto/TimeDelayMicrosteps2.xml
3 ms. Memory: 450560K Free: 338951K (75%)
----------------- Invoking toplevel() on ptolemy.moml.MoMLSimpleApplication@7a552776
----------------- Done invoking toplevel() on ptolemy.moml.MoMLSimpleApplication@7a552776
reloadAllAccessors: .TimeDelayMicrosteps2

===========================================================================================
----------------- testing Wed Feb 26 17:25:58 UTC 2020 /home/travis/build/icyphy/ptII/ptolemy/actor/lib/test/auto/TimeDelayMicrosteps3.xml
----------------- Instantiating /home/travis/build/icyphy/ptII/ptolemy/actor/lib/test/auto/TimeDelayMicrosteps3.xml
3 ms. Memory: 450560K Free: 332303K (74%)
----------------- Invoking toplevel() on ptolemy.moml.MoMLSimpleApplication@8547f95
----------------- Done invoking toplevel() on ptolemy.moml.MoMLSimpleApplication@8547f95
reloadAllAccessors: .TimeDelayMicrosteps3

===========================================================================================
----------------- testing Wed Feb 26 17:25:58 UTC 2020 /home/travis/build/icyphy/ptII/ptolemy/actor/lib/test/auto/TimeDelayVariableMicrosteps.xml
----------------- Instantiating /home/travis/build/icyphy/ptII/ptolemy/actor/lib/test/auto/TimeDelayVariableMicrosteps.xml
3 ms. Memory: 450560K Free: 325645K (72%)
----------------- Invoking toplevel() on ptolemy.moml.MoMLSimpleApplication@457ffbbc
----------------- Done invoking toplevel() on ptolemy.moml.MoMLSimpleApplication@457ffbbc
reloadAllAccessors: .TimeDelayVariableMicrosteps

===========================================================================================
----------------- testing Wed Feb 26 17:25:58 UTC 2020 /home/travis/build/icyphy/ptII/ptolemy/actor/lib/test/auto/TimeGap.xml
----------------- Instantiating /home/travis/build/icyphy/ptII/ptolemy/actor/lib/test/auto/TimeGap.xml
3 ms. Memory: 450560K Free: 320015K (71%)
----------------- Invoking toplevel() on ptolemy.moml.MoMLSimpleApplication@2e05ab4a
----------------- Done invoking toplevel() on ptolemy.moml.MoMLSimpleApplication@2e05ab4a
reloadAllAccessors: .TimeGap

===========================================================================================
----------------- testing Wed Feb 26 17:25:58 UTC 2020 /home/travis/build/icyphy/ptII/ptolemy/actor/lib/test/auto/TimeGap2.xml
----------------- Instantiating /home/travis/build/icyphy/ptII/ptolemy/actor/lib/test/auto/TimeGap2.xml
2 ms. Memory: 450560K Free: 314351K (70%)
----------------- Invoking toplevel() on ptolemy.moml.MoMLSimpleApplication@7669e0d5
----------------- Done invoking toplevel() on ptolemy.moml.MoMLSimpleApplication@7669e0d5
reloadAllAccessors: .TimeGap2

===========================================================================================
----------------- testing Wed Feb 26 17:25:58 UTC 2020 /home/travis/build/icyphy/ptII/ptolemy/actor/lib/test/auto/TimedSinewave.xml
----------------- Instantiating /home/travis/build/icyphy/ptII/ptolemy/actor/lib/test/auto/TimedSinewave.xml
26 ms. Memory: 450560K Free: 300045K (67%)
----------------- Invoking toplevel() on ptolemy.moml.MoMLSimpleApplication@6a6ade15
----------------- Done invoking toplevel() on ptolemy.moml.MoMLSimpleApplication@6a6ade15
reloadAllAccessors: .TimedSinewave

===========================================================================================
----------------- testing Wed Feb 26 17:25:58 UTC 2020 /home/travis/build/icyphy/ptII/ptolemy/actor/lib/test/auto/TimedSinewavePhase.xml
----------------- Instantiating /home/travis/build/icyphy/ptII/ptolemy/actor/lib/test/auto/TimedSinewavePhase.xml
9 ms. Memory: 450560K Free: 290319K (64%)
----------------- Invoking toplevel() on ptolemy.moml.MoMLSimpleApplication@13612340
----------------- Done invoking toplevel() on ptolemy.moml.MoMLSimpleApplication@13612340
reloadAllAccessors: .TimedSinewavePhase

===========================================================================================
----------------- testing Wed Feb 26 17:25:58 UTC 2020 /home/travis/build/icyphy/ptII/ptolemy/actor/lib/test/auto/Timer.xml
----------------- Instantiating /home/travis/build/icyphy/ptII/ptolemy/actor/lib/test/auto/Timer.xml
4 ms. Memory: 450560K Free: 284175K (63%)
----------------- Invoking toplevel() on ptolemy.moml.MoMLSimpleApplication@323f1e49
----------------- Done invoking toplevel() on ptolemy.moml.MoMLSimpleApplication@323f1e49
reloadAllAccessors: .Timer

===========================================================================================
----------------- testing Wed Feb 26 17:25:58 UTC 2020 /home/travis/build/icyphy/ptII/ptolemy/actor/lib/test/auto/TriangularDistTestModel.xml
----------------- Instantiating /home/travis/build/icyphy/ptII/ptolemy/actor/lib/test/auto/TriangularDistTestModel.xml
2 ms. Memory: 450560K Free: 278527K (62%)
----------------- Invoking toplevel() on ptolemy.moml.MoMLSimpleApplication@3f4ee58b
----------------- Done invoking toplevel() on ptolemy.moml.MoMLSimpleApplication@3f4ee58b
reloadAllAccessors: .TriangularDistTestModel

===========================================================================================
----------------- testing Wed Feb 26 17:25:58 UTC 2020 /home/travis/build/icyphy/ptII/ptolemy/actor/lib/test/auto/TrigFunction.xml
----------------- Instantiating /home/travis/build/icyphy/ptII/ptolemy/actor/lib/test/auto/TrigFunction.xml
2 ms. Memory: 450560K Free: 273935K (61%)
----------------- Invoking toplevel() on ptolemy.moml.MoMLSimpleApplication@75b3a3c5
----------------- Done invoking toplevel() on ptolemy.moml.MoMLSimpleApplication@75b3a3c5
reloadAllAccessors: .TrigFunction

===========================================================================================
----------------- testing Wed Feb 26 17:25:58 UTC 2020 /home/travis/build/icyphy/ptII/ptolemy/actor/lib/test/auto/TrigFunctionDE.xml
----------------- Instantiating /home/travis/build/icyphy/ptII/ptolemy/actor/lib/test/auto/TrigFunctionDE.xml
2 ms. Memory: 450560K Free: 268301K (60%)
----------------- Invoking toplevel() on ptolemy.moml.MoMLSimpleApplication@73f0577e
----------------- Done invoking toplevel() on ptolemy.moml.MoMLSimpleApplication@73f0577e
reloadAllAccessors: .TrigFunctionDE

===========================================================================================
----------------- testing Wed Feb 26 17:25:58 UTC 2020 /home/travis/build/icyphy/ptII/ptolemy/actor/lib/test/auto/TrigFunctionInverse.xml
----------------- Instantiating /home/travis/build/icyphy/ptII/ptolemy/actor/lib/test/auto/TrigFunctionInverse.xml
2 ms. Memory: 450560K Free: 263181K (58%)
----------------- Invoking toplevel() on ptolemy.moml.MoMLSimpleApplication@29dec65d
----------------- Done invoking toplevel() on ptolemy.moml.MoMLSimpleApplication@29dec65d
reloadAllAccessors: .TrigFunctionInverse

===========================================================================================
----------------- testing Wed Feb 26 17:25:58 UTC 2020 /home/travis/build/icyphy/ptII/ptolemy/actor/lib/test/auto/TrigFunctionTan.xml
----------------- Instantiating /home/travis/build/icyphy/ptII/ptolemy/actor/lib/test/auto/TrigFunctionTan.xml
1 ms. Memory: 450560K Free: 258575K (57%)
----------------- Invoking toplevel() on ptolemy.moml.MoMLSimpleApplication@4817cf44
----------------- Done invoking toplevel() on ptolemy.moml.MoMLSimpleApplication@4817cf44
reloadAllAccessors: .TrigFunctionTan

===========================================================================================
----------------- testing Wed Feb 26 17:25:58 UTC 2020 /home/travis/build/icyphy/ptII/ptolemy/actor/lib/test/auto/TriggeredClock.xml
----------------- Instantiating /home/travis/build/icyphy/ptII/ptolemy/actor/lib/test/auto/TriggeredClock.xml
1 ms. Memory: 450560K Free: 253455K (56%)
----------------- Invoking toplevel() on ptolemy.moml.MoMLSimpleApplication@43f4e95d
----------------- Done invoking toplevel() on ptolemy.moml.MoMLSimpleApplication@43f4e95d
reloadAllAccessors: .TriggeredClock

===========================================================================================
----------------- testing Wed Feb 26 17:25:58 UTC 2020 /home/travis/build/icyphy/ptII/ptolemy/actor/lib/test/auto/URLDirectoryReader.xml
----------------- Instantiating /home/travis/build/icyphy/ptII/ptolemy/actor/lib/test/auto/URLDirectoryReader.xml
42 ms. Memory: 450560K Free: 244239K (54%)
----------------- Invoking toplevel() on ptolemy.moml.MoMLSimpleApplication@760e91bf
----------------- Done invoking toplevel() on ptolemy.moml.MoMLSimpleApplication@760e91bf
reloadAllAccessors: .URLDirectoryReader

===========================================================================================
----------------- testing Wed Feb 26 17:25:58 UTC 2020 /home/travis/build/icyphy/ptII/ptolemy/actor/lib/test/auto/URLDirectoryReader3.xml
----------------- Instantiating /home/travis/build/icyphy/ptII/ptolemy/actor/lib/test/auto/URLDirectoryReader3.xml
1052 ms. Memory: 450560K Free: 390545K (87%)
----------------- Invoking toplevel() on ptolemy.moml.MoMLSimpleApplication@bdb3c4b
----------------- Done invoking toplevel() on ptolemy.moml.MoMLSimpleApplication@bdb3c4b
reloadAllAccessors: .URLDirectoryReader3

===========================================================================================
----------------- testing Wed Feb 26 17:26:00 UTC 2020 /home/travis/build/icyphy/ptII/ptolemy/actor/lib/test/auto/UnaryMathFunction.xml
----------------- Instantiating /home/travis/build/icyphy/ptII/ptolemy/actor/lib/test/auto/UnaryMathFunction.xml
2 ms. Memory: 450560K Free: 382863K (85%)
----------------- Invoking toplevel() on ptolemy.moml.MoMLSimpleApplication@23849d50
----------------- Done invoking toplevel() on ptolemy.moml.MoMLSimpleApplication@23849d50
reloadAllAccessors: .UnaryMathFunction

===========================================================================================
----------------- testing Wed Feb 26 17:26:00 UTC 2020 /home/travis/build/icyphy/ptII/ptolemy/actor/lib/test/auto/Uniform.xml
----------------- Instantiating /home/travis/build/icyphy/ptII/ptolemy/actor/lib/test/auto/Uniform.xml
2 ms. Memory: 450560K Free: 378257K (84%)
----------------- Invoking toplevel() on ptolemy.moml.MoMLSimpleApplication@3a8f5aa3
----------------- Done invoking toplevel() on ptolemy.moml.MoMLSimpleApplication@3a8f5aa3
reloadAllAccessors: .Uniform

===========================================================================================
----------------- testing Wed Feb 26 17:26:00 UTC 2020 /home/travis/build/icyphy/ptII/ptolemy/actor/lib/test/auto/UnionDisassemblerTest.xml
----------------- Instantiating /home/travis/build/icyphy/ptII/ptolemy/actor/lib/test/auto/UnionDisassemblerTest.xml
16 ms. Memory: 450560K Free: 373647K (83%)
----------------- Invoking toplevel() on ptolemy.moml.MoMLSimpleApplication@2bdd738e
----------------- Done invoking toplevel() on ptolemy.moml.MoMLSimpleApplication@2bdd738e
reloadAllAccessors: .UnionDisassemblerTest

===========================================================================================
----------------- testing Wed Feb 26 17:26:00 UTC 2020 /home/travis/build/icyphy/ptII/ptolemy/actor/lib/test/auto/UtilityFunctions.xml
----------------- Instantiating /home/travis/build/icyphy/ptII/ptolemy/actor/lib/test/auto/UtilityFunctions.xml
1 ms. Memory: 450560K Free: 369551K (82%)
----------------- Invoking toplevel() on ptolemy.moml.MoMLSimpleApplication@3c7eca70
----------------- Done invoking toplevel() on ptolemy.moml.MoMLSimpleApplication@3c7eca70
reloadAllAccessors: .UtilityFunctions

===========================================================================================
----------------- testing Wed Feb 26 17:26:00 UTC 2020 /home/travis/build/icyphy/ptII/ptolemy/actor/lib/test/auto/VariableSleep.xml
----------------- Instantiating /home/travis/build/icyphy/ptII/ptolemy/actor/lib/test/auto/VariableSleep.xml
503 ms. Memory: 450560K Free: 364431K (81%)
----------------- Invoking toplevel() on ptolemy.moml.MoMLSimpleApplication@413538a2
----------------- Done invoking toplevel() on ptolemy.moml.MoMLSimpleApplication@413538a2
reloadAllAccessors: .VariableSleep

===========================================================================================
----------------- testing Wed Feb 26 17:26:00 UTC 2020 /home/travis/build/icyphy/ptII/ptolemy/actor/lib/test/auto/VectorAssemblerDisassemblerCT.xml
----------------- Instantiating /home/travis/build/icyphy/ptII/ptolemy/actor/lib/test/auto/VectorAssemblerDisassemblerCT.xml
67 ms. Memory: 450560K Free: 344465K (76%)
----------------- Invoking toplevel() on ptolemy.moml.MoMLSimpleApplication@71816da8
----------------- Done invoking toplevel() on ptolemy.moml.MoMLSimpleApplication@71816da8
reloadAllAccessors: .VectorAssemblerDisassemblerCT

===========================================================================================
----------------- testing Wed Feb 26 17:26:00 UTC 2020 /home/travis/build/icyphy/ptII/ptolemy/actor/lib/test/auto/VectorAssemblerDisassemblerDE.xml
----------------- Instantiating /home/travis/build/icyphy/ptII/ptolemy/actor/lib/test/auto/VectorAssemblerDisassemblerDE.xml
2 ms. Memory: 450560K Free: 337297K (75%)
----------------- Invoking toplevel() on ptolemy.moml.MoMLSimpleApplication@1f49a945
----------------- Done invoking toplevel() on ptolemy.moml.MoMLSimpleApplication@1f49a945
reloadAllAccessors: .VectorAssemblerDisassemblerDE

===========================================================================================
----------------- testing Wed Feb 26 17:26:00 UTC 2020 /home/travis/build/icyphy/ptII/ptolemy/actor/lib/test/auto/VectorAssemblerDisassemblerSDF.xml
----------------- Instantiating /home/travis/build/icyphy/ptII/ptolemy/actor/lib/test/auto/VectorAssemblerDisassemblerSDF.xml
2 ms. Memory: 450560K Free: 330639K (73%)
----------------- Invoking toplevel() on ptolemy.moml.MoMLSimpleApplication@3b173bae
----------------- Done invoking toplevel() on ptolemy.moml.MoMLSimpleApplication@3b173bae
reloadAllAccessors: .VectorAssemblerDisassemblerSDF

===========================================================================================
----------------- testing Wed Feb 26 17:26:00 UTC 2020 /home/travis/build/icyphy/ptII/ptolemy/actor/lib/test/auto/WallClockTime.xml
----------------- Instantiating /home/travis/build/icyphy/ptII/ptolemy/actor/lib/test/auto/WallClockTime.xml
1004 ms. Memory: 450560K Free: 325009K (72%)
----------------- Invoking toplevel() on ptolemy.moml.MoMLSimpleApplication@397d6dc0
----------------- Done invoking toplevel() on ptolemy.moml.MoMLSimpleApplication@397d6dc0
reloadAllAccessors: .WallClockTime

===========================================================================================
----------------- testing Wed Feb 26 17:26:01 UTC 2020 /home/travis/build/icyphy/ptII/ptolemy/actor/lib/test/auto/WidthTestWithSubscriberPublisher.xml
----------------- Instantiating /home/travis/build/icyphy/ptII/ptolemy/actor/lib/test/auto/WidthTestWithSubscriberPublisher.xml
6 ms. Memory: 450560K Free: 307087K (68%)
----------------- Invoking toplevel() on ptolemy.moml.MoMLSimpleApplication@5ce2d44f
----------------- Done invoking toplevel() on ptolemy.moml.MoMLSimpleApplication@5ce2d44f
reloadAllAccessors: .WidthTestWithSubscriberPublisher

===========================================================================================
----------------- testing Wed Feb 26 17:26:01 UTC 2020 /home/travis/build/icyphy/ptII/ptolemy/actor/lib/test/auto/WidthTestWithSubscriberPublisher2.xml
----------------- Instantiating /home/travis/build/icyphy/ptII/ptolemy/actor/lib/test/auto/WidthTestWithSubscriberPublisher2.xml
3 ms. Memory: 450560K Free: 300943K (67%)
----------------- Invoking toplevel() on ptolemy.moml.MoMLSimpleApplication@4b2389fe
----------------- Done invoking toplevel() on ptolemy.moml.MoMLSimpleApplication@4b2389fe
reloadAllAccessors: .WidthTestWithSubscriberPublisher2

===========================================================================================
----------------- testing Wed Feb 26 17:26:01 UTC 2020 /home/travis/build/icyphy/ptII/ptolemy/actor/lib/test/auto/WidthTestWithSubscriberPublisher3.xml
----------------- Instantiating /home/travis/build/icyphy/ptII/ptolemy/actor/lib/test/auto/WidthTestWithSubscriberPublisher3.xml
4 ms. Memory: 450560K Free: 294799K (65%)
----------------- Invoking toplevel() on ptolemy.moml.MoMLSimpleApplication@2e112141
----------------- Done invoking toplevel() on ptolemy.moml.MoMLSimpleApplication@2e112141
reloadAllAccessors: .WidthTestWithSubscriberPublisher3

===========================================================================================
----------------- testing Wed Feb 26 17:26:01 UTC 2020 /home/travis/build/icyphy/ptII/ptolemy/actor/lib/test/auto/Writer.xml
----------------- Instantiating /home/travis/build/icyphy/ptII/ptolemy/actor/lib/test/auto/Writer.xml
0
1
2
3
4
2 ms. Memory: 450560K Free: 290689K (65%)
----------------- Invoking toplevel() on ptolemy.moml.MoMLSimpleApplication@5d8bf735
----------------- Done invoking toplevel() on ptolemy.moml.MoMLSimpleApplication@5d8bf735
reloadAllAccessors: .Writer

===========================================================================================
----------------- testing Wed Feb 26 17:26:01 UTC 2020 /home/travis/build/icyphy/ptII/ptolemy/actor/lib/test/auto/array.xml
----------------- Instantiating /home/travis/build/icyphy/ptII/ptolemy/actor/lib/test/auto/array.xml
2 ms. Memory: 450560K Free: 285583K (63%)
----------------- Invoking toplevel() on ptolemy.moml.MoMLSimpleApplication@2ce009e7
----------------- Done invoking toplevel() on ptolemy.moml.MoMLSimpleApplication@2ce009e7
reloadAllAccessors: .array

===========================================================================================
----------------- testing Wed Feb 26 17:26:01 UTC 2020 /home/travis/build/icyphy/ptII/ptolemy/actor/lib/test/auto/array2.xml
----------------- Instantiating /home/travis/build/icyphy/ptII/ptolemy/actor/lib/test/auto/array2.xml
5 ms. Memory: 450560K Free: 280449K (62%)
----------------- Invoking toplevel() on ptolemy.moml.MoMLSimpleApplication@156f42e2
----------------- Done invoking toplevel() on ptolemy.moml.MoMLSimpleApplication@156f42e2
reloadAllAccessors: .array2

===========================================================================================
----------------- testing Wed Feb 26 17:26:01 UTC 2020 /home/travis/build/icyphy/ptII/ptolemy/actor/lib/test/auto/arrayType.xml
----------------- Instantiating /home/travis/build/icyphy/ptII/ptolemy/actor/lib/test/auto/arrayType.xml
2 ms. Memory: 450560K Free: 275343K (61%)
----------------- Invoking toplevel() on ptolemy.moml.MoMLSimpleApplication@1ee5aa2f
----------------- Done invoking toplevel() on ptolemy.moml.MoMLSimpleApplication@1ee5aa2f
reloadAllAccessors: .arrayType

===========================================================================================
----------------- testing Wed Feb 26 17:26:01 UTC 2020 /home/travis/build/icyphy/ptII/ptolemy/actor/lib/test/auto/arrayType10.xml
----------------- Instantiating /home/travis/build/icyphy/ptII/ptolemy/actor/lib/test/auto/arrayType10.xml
5 ms. Memory: 450560K Free: 270737K (60%)
----------------- Invoking toplevel() on ptolemy.moml.MoMLSimpleApplication@3d471a69
----------------- Done invoking toplevel() on ptolemy.moml.MoMLSimpleApplication@3d471a69
reloadAllAccessors: .arrayType10

===========================================================================================
----------------- testing Wed Feb 26 17:26:01 UTC 2020 /home/travis/build/icyphy/ptII/ptolemy/actor/lib/test/auto/arrayType11.xml
----------------- Instantiating /home/travis/build/icyphy/ptII/ptolemy/actor/lib/test/auto/arrayType11.xml
2 ms. Memory: 450560K Free: 265617K (59%)
----------------- Invoking toplevel() on ptolemy.moml.MoMLSimpleApplication@38582920
----------------- Done invoking toplevel() on ptolemy.moml.MoMLSimpleApplication@38582920
reloadAllAccessors: .arrayType11

===========================================================================================
----------------- testing Wed Feb 26 17:26:01 UTC 2020 /home/travis/build/icyphy/ptII/ptolemy/actor/lib/test/auto/arrayType12.xml
----------------- Instantiating /home/travis/build/icyphy/ptII/ptolemy/actor/lib/test/auto/arrayType12.xml
1 ms. Memory: 450560K Free: 261007K (58%)
----------------- Invoking toplevel() on ptolemy.moml.MoMLSimpleApplication@55165df0
----------------- Done invoking toplevel() on ptolemy.moml.MoMLSimpleApplication@55165df0
reloadAllAccessors: .arrayType12

===========================================================================================
----------------- testing Wed Feb 26 17:26:02 UTC 2020 /home/travis/build/icyphy/ptII/ptolemy/actor/lib/test/auto/arrayType13.xml
----------------- Instantiating /home/travis/build/icyphy/ptII/ptolemy/actor/lib/test/auto/arrayType13.xml
2 ms. Memory: 450560K Free: 255887K (57%)
----------------- Invoking toplevel() on ptolemy.moml.MoMLSimpleApplication@374579da
----------------- Done invoking toplevel() on ptolemy.moml.MoMLSimpleApplication@374579da
reloadAllAccessors: .arrayType13

===========================================================================================
----------------- testing Wed Feb 26 17:26:02 UTC 2020 /home/travis/build/icyphy/ptII/ptolemy/actor/lib/test/auto/arrayType14.xml
----------------- Instantiating /home/travis/build/icyphy/ptII/ptolemy/actor/lib/test/auto/arrayType14.xml
2 ms. Memory: 450560K Free: 250767K (56%)
----------------- Invoking toplevel() on ptolemy.moml.MoMLSimpleApplication@2a3db8eb
----------------- Done invoking toplevel() on ptolemy.moml.MoMLSimpleApplication@2a3db8eb
reloadAllAccessors: .arrayType14

===========================================================================================
----------------- testing Wed Feb 26 17:26:02 UTC 2020 /home/travis/build/icyphy/ptII/ptolemy/actor/lib/test/auto/arrayType15.xml
----------------- Instantiating /home/travis/build/icyphy/ptII/ptolemy/actor/lib/test/auto/arrayType15.xml
3 ms. Memory: 450560K Free: 245647K (55%)
----------------- Invoking toplevel() on ptolemy.moml.MoMLSimpleApplication@3a5a56f8
----------------- Done invoking toplevel() on ptolemy.moml.MoMLSimpleApplication@3a5a56f8
reloadAllAccessors: .arrayType15

===========================================================================================
----------------- testing Wed Feb 26 17:26:02 UTC 2020 /home/travis/build/icyphy/ptII/ptolemy/actor/lib/test/auto/arrayType16.xml
----------------- Instantiating /home/travis/build/icyphy/ptII/ptolemy/actor/lib/test/auto/arrayType16.xml
1 ms. Memory: 450560K Free: 240017K (53%)
----------------- Invoking toplevel() on ptolemy.moml.MoMLSimpleApplication@198964ae
----------------- Done invoking toplevel() on ptolemy.moml.MoMLSimpleApplication@198964ae
reloadAllAccessors: .arrayType16

===========================================================================================
----------------- testing Wed Feb 26 17:26:02 UTC 2020 /home/travis/build/icyphy/ptII/ptolemy/actor/lib/test/auto/arrayType17.xml
----------------- Instantiating /home/travis/build/icyphy/ptII/ptolemy/actor/lib/test/auto/arrayType17.xml
1 ms. Memory: 450560K Free: 234897K (52%)
----------------- Invoking toplevel() on ptolemy.moml.MoMLSimpleApplication@58060266
----------------- Done invoking toplevel() on ptolemy.moml.MoMLSimpleApplication@58060266
reloadAllAccessors: .arrayType17

===========================================================================================
----------------- testing Wed Feb 26 17:26:02 UTC 2020 /home/travis/build/icyphy/ptII/ptolemy/actor/lib/test/auto/arrayType18.xml
----------------- Instantiating /home/travis/build/icyphy/ptII/ptolemy/actor/lib/test/auto/arrayType18.xml
1 ms. Memory: 450560K Free: 230287K (51%)
----------------- Invoking toplevel() on ptolemy.moml.MoMLSimpleApplication@620951e3
----------------- Done invoking toplevel() on ptolemy.moml.MoMLSimpleApplication@620951e3
reloadAllAccessors: .arrayType18

===========================================================================================
----------------- testing Wed Feb 26 17:26:02 UTC 2020 /home/travis/build/icyphy/ptII/ptolemy/actor/lib/test/auto/arrayType19.xml
----------------- Instantiating /home/travis/build/icyphy/ptII/ptolemy/actor/lib/test/auto/arrayType19.xml
1 ms. Memory: 450560K Free: 225681K (50%)
----------------- Invoking toplevel() on ptolemy.moml.MoMLSimpleApplication@71c2b59
----------------- Done invoking toplevel() on ptolemy.moml.MoMLSimpleApplication@71c2b59
reloadAllAccessors: .arrayType19

===========================================================================================
----------------- testing Wed Feb 26 17:26:02 UTC 2020 /home/travis/build/icyphy/ptII/ptolemy/actor/lib/test/auto/arrayType2.xml
----------------- Instantiating /home/travis/build/icyphy/ptII/ptolemy/actor/lib/test/auto/arrayType2.xml
1 ms. Memory: 450560K Free: 220047K (49%)
----------------- Invoking toplevel() on ptolemy.moml.MoMLSimpleApplication@27fe580a
----------------- Done invoking toplevel() on ptolemy.moml.MoMLSimpleApplication@27fe580a
reloadAllAccessors: .arrayType2

===========================================================================================
----------------- testing Wed Feb 26 17:26:02 UTC 2020 /home/travis/build/icyphy/ptII/ptolemy/actor/lib/test/auto/arrayType20.xml
----------------- Instantiating /home/travis/build/icyphy/ptII/ptolemy/actor/lib/test/auto/arrayType20.xml
1 ms. Memory: 450560K Free: 215441K (48%)
----------------- Invoking toplevel() on ptolemy.moml.MoMLSimpleApplication@149e0747
----------------- Done invoking toplevel() on ptolemy.moml.MoMLSimpleApplication@149e0747
reloadAllAccessors: .arrayType20

===========================================================================================
----------------- testing Wed Feb 26 17:26:02 UTC 2020 /home/travis/build/icyphy/ptII/ptolemy/actor/lib/test/auto/arrayType21.xml
----------------- Instantiating /home/travis/build/icyphy/ptII/ptolemy/actor/lib/test/auto/arrayType21.xml
2 ms. Memory: 450560K Free: 210831K (47%)
----------------- Invoking toplevel() on ptolemy.moml.MoMLSimpleApplication@51ea6e80
----------------- Done invoking toplevel() on ptolemy.moml.MoMLSimpleApplication@51ea6e80
reloadAllAccessors: .arrayType21

===========================================================================================
----------------- testing Wed Feb 26 17:26:02 UTC 2020 /home/travis/build/icyphy/ptII/ptolemy/actor/lib/test/auto/arrayType22.xml
----------------- Instantiating /home/travis/build/icyphy/ptII/ptolemy/actor/lib/test/auto/arrayType22.xml
1 ms. Memory: 450560K Free: 206225K (46%)
----------------- Invoking toplevel() on ptolemy.moml.MoMLSimpleApplication@43484476
----------------- Done invoking toplevel() on ptolemy.moml.MoMLSimpleApplication@43484476
reloadAllAccessors: .arrayType22

===========================================================================================
----------------- testing Wed Feb 26 17:26:02 UTC 2020 /home/travis/build/icyphy/ptII/ptolemy/actor/lib/test/auto/arrayType23.xml
----------------- Instantiating /home/travis/build/icyphy/ptII/ptolemy/actor/lib/test/auto/arrayType23.xml
1 ms. Memory: 450560K Free: 200081K (44%)
----------------- Invoking toplevel() on ptolemy.moml.MoMLSimpleApplication@11b8c85c
----------------- Done invoking toplevel() on ptolemy.moml.MoMLSimpleApplication@11b8c85c
reloadAllAccessors: .arrayType23

===========================================================================================
----------------- testing Wed Feb 26 17:26:02 UTC 2020 /home/travis/build/icyphy/ptII/ptolemy/actor/lib/test/auto/arrayType24.xml
----------------- Instantiating /home/travis/build/icyphy/ptII/ptolemy/actor/lib/test/auto/arrayType24.xml
1 ms. Memory: 450560K Free: 195471K (43%)
----------------- Invoking toplevel() on ptolemy.moml.MoMLSimpleApplication@55f27880
----------------- Done invoking toplevel() on ptolemy.moml.MoMLSimpleApplication@55f27880
reloadAllAccessors: .arrayType24

===========================================================================================
----------------- testing Wed Feb 26 17:26:02 UTC 2020 /home/travis/build/icyphy/ptII/ptolemy/actor/lib/test/auto/arrayType25.xml
----------------- Instantiating /home/travis/build/icyphy/ptII/ptolemy/actor/lib/test/auto/arrayType25.xml
2 ms. Memory: 450560K Free: 190351K (42%)
----------------- Invoking toplevel() on ptolemy.moml.MoMLSimpleApplication@1623d017
----------------- Done invoking toplevel() on ptolemy.moml.MoMLSimpleApplication@1623d017
reloadAllAccessors: .arrayType25

===========================================================================================
----------------- testing Wed Feb 26 17:26:02 UTC 2020 /home/travis/build/icyphy/ptII/ptolemy/actor/lib/test/auto/arrayType26.xml
----------------- Instantiating /home/travis/build/icyphy/ptII/ptolemy/actor/lib/test/auto/arrayType26.xml
2 ms. Memory: 450560K Free: 185231K (41%)
----------------- Invoking toplevel() on ptolemy.moml.MoMLSimpleApplication@16cbd5f9
----------------- Done invoking toplevel() on ptolemy.moml.MoMLSimpleApplication@16cbd5f9
reloadAllAccessors: .arrayType26

===========================================================================================
----------------- testing Wed Feb 26 17:26:02 UTC 2020 /home/travis/build/icyphy/ptII/ptolemy/actor/lib/test/auto/arrayType27.xml
----------------- Instantiating /home/travis/build/icyphy/ptII/ptolemy/actor/lib/test/auto/arrayType27.xml
1 ms. Memory: 450560K Free: 179601K (40%)
----------------- Invoking toplevel() on ptolemy.moml.MoMLSimpleApplication@582d009e
----------------- Done invoking toplevel() on ptolemy.moml.MoMLSimpleApplication@582d009e
reloadAllAccessors: .arrayType27

===========================================================================================
----------------- testing Wed Feb 26 17:26:02 UTC 2020 /home/travis/build/icyphy/ptII/ptolemy/actor/lib/test/auto/arrayType28.xml
----------------- Instantiating /home/travis/build/icyphy/ptII/ptolemy/actor/lib/test/auto/arrayType28.xml
3 ms. Memory: 450560K Free: 174481K (39%)
----------------- Invoking toplevel() on ptolemy.moml.MoMLSimpleApplication@4629aaf3
----------------- Done invoking toplevel() on ptolemy.moml.MoMLSimpleApplication@4629aaf3
reloadAllAccessors: .arrayType28

===========================================================================================
----------------- testing Wed Feb 26 17:26:02 UTC 2020 /home/travis/build/icyphy/ptII/ptolemy/actor/lib/test/auto/arrayType3.xml
----------------- Instantiating /home/travis/build/icyphy/ptII/ptolemy/actor/lib/test/auto/arrayType3.xml
7 ms. Memory: 450560K Free: 169361K (38%)
----------------- Invoking toplevel() on ptolemy.moml.MoMLSimpleApplication@51d3b83c
----------------- Done invoking toplevel() on ptolemy.moml.MoMLSimpleApplication@51d3b83c
reloadAllAccessors: .arrayType3

===========================================================================================
----------------- testing Wed Feb 26 17:26:02 UTC 2020 /home/travis/build/icyphy/ptII/ptolemy/actor/lib/test/auto/arrayType4.xml
----------------- Instantiating /home/travis/build/icyphy/ptII/ptolemy/actor/lib/test/auto/arrayType4.xml
2 ms. Memory: 450560K Free: 164241K (36%)
----------------- Invoking toplevel() on ptolemy.moml.MoMLSimpleApplication@1b2621c4
----------------- Done invoking toplevel() on ptolemy.moml.MoMLSimpleApplication@1b2621c4
reloadAllAccessors: .arrayType4

===========================================================================================
----------------- testing Wed Feb 26 17:26:02 UTC 2020 /home/travis/build/icyphy/ptII/ptolemy/actor/lib/test/auto/arrayType5.xml
----------------- Instantiating /home/travis/build/icyphy/ptII/ptolemy/actor/lib/test/auto/arrayType5.xml
2 ms. Memory: 450560K Free: 158607K (35%)
----------------- Invoking toplevel() on ptolemy.moml.MoMLSimpleApplication@1e7776b0
----------------- Done invoking toplevel() on ptolemy.moml.MoMLSimpleApplication@1e7776b0
reloadAllAccessors: .arrayType5

===========================================================================================
----------------- testing Wed Feb 26 17:26:02 UTC 2020 /home/travis/build/icyphy/ptII/ptolemy/actor/lib/test/auto/arrayType6.xml
----------------- Instantiating /home/travis/build/icyphy/ptII/ptolemy/actor/lib/test/auto/arrayType6.xml
1 ms. Memory: 450560K Free: 154001K (34%)
----------------- Invoking toplevel() on ptolemy.moml.MoMLSimpleApplication@422b041e
----------------- Done invoking toplevel() on ptolemy.moml.MoMLSimpleApplication@422b041e
reloadAllAccessors: .arrayType6

===========================================================================================
----------------- testing Wed Feb 26 17:26:02 UTC 2020 /home/travis/build/icyphy/ptII/ptolemy/actor/lib/test/auto/arrayType7.xml
----------------- Instantiating /home/travis/build/icyphy/ptII/ptolemy/actor/lib/test/auto/arrayType7.xml
1 ms. Memory: 450560K Free: 149391K (33%)
----------------- Invoking toplevel() on ptolemy.moml.MoMLSimpleApplication@1e435362
----------------- Done invoking toplevel() on ptolemy.moml.MoMLSimpleApplication@1e435362
reloadAllAccessors: .arrayType7

===========================================================================================
----------------- testing Wed Feb 26 17:26:02 UTC 2020 /home/travis/build/icyphy/ptII/ptolemy/actor/lib/test/auto/arrayType8.xml
----------------- Instantiating /home/travis/build/icyphy/ptII/ptolemy/actor/lib/test/auto/arrayType8.xml
2 ms. Memory: 450560K Free: 143761K (32%)
----------------- Invoking toplevel() on ptolemy.moml.MoMLSimpleApplication@1b64f8c2
----------------- Done invoking toplevel() on ptolemy.moml.MoMLSimpleApplication@1b64f8c2
reloadAllAccessors: .arrayType8

===========================================================================================
----------------- testing Wed Feb 26 17:26:02 UTC 2020 /home/travis/build/icyphy/ptII/ptolemy/actor/lib/test/auto/arrayType9.xml
----------------- Instantiating /home/travis/build/icyphy/ptII/ptolemy/actor/lib/test/auto/arrayType9.xml
1 ms. Memory: 450560K Free: 139151K (31%)
----------------- Invoking toplevel() on ptolemy.moml.MoMLSimpleApplication@502bfa5e
----------------- Done invoking toplevel() on ptolemy.moml.MoMLSimpleApplication@502bfa5e
reloadAllAccessors: .arrayType9

===========================================================================================
----------------- testing Wed Feb 26 17:26:02 UTC 2020 /home/travis/build/icyphy/ptII/ptolemy/actor/lib/test/auto/cast.xml
----------------- Instantiating /home/travis/build/icyphy/ptII/ptolemy/actor/lib/test/auto/cast.xml
2 ms. Memory: 450560K Free: 134545K (30%)
----------------- Invoking toplevel() on ptolemy.moml.MoMLSimpleApplication@2fe70933
----------------- Done invoking toplevel() on ptolemy.moml.MoMLSimpleApplication@2fe70933
reloadAllAccessors: .cast

===========================================================================================
----------------- testing Wed Feb 26 17:26:02 UTC 2020 /home/travis/build/icyphy/ptII/ptolemy/actor/lib/test/auto/compositeMultiPort.xml
----------------- Instantiating /home/travis/build/icyphy/ptII/ptolemy/actor/lib/test/auto/compositeMultiPort.xml
4 ms. Memory: 450560K Free: 390201K (87%)
----------------- Invoking toplevel() on ptolemy.moml.MoMLSimpleApplication@5cf69a2
----------------- Done invoking toplevel() on ptolemy.moml.MoMLSimpleApplication@5cf69a2
reloadAllAccessors: .compositeMultiPort

===========================================================================================
----------------- testing Wed Feb 26 17:26:02 UTC 2020 /home/travis/build/icyphy/ptII/ptolemy/actor/lib/test/auto/expressionCastInference.xml
----------------- Instantiating /home/travis/build/icyphy/ptII/ptolemy/actor/lib/test/auto/expressionCastInference.xml
15 ms. Memory: 450560K Free: 385081K (85%)
----------------- Invoking toplevel() on ptolemy.moml.MoMLSimpleApplication@73485c4f
----------------- Done invoking toplevel() on ptolemy.moml.MoMLSimpleApplication@73485c4f
reloadAllAccessors: .expressionCastInference

===========================================================================================
----------------- testing Wed Feb 26 17:26:02 UTC 2020 /home/travis/build/icyphy/ptII/ptolemy/actor/lib/test/auto/expressionCastInference2.xml
----------------- Instantiating /home/travis/build/icyphy/ptII/ptolemy/actor/lib/test/auto/expressionCastInference2.xml
2 ms. Memory: 450560K Free: 380471K (84%)
----------------- Invoking toplevel() on ptolemy.moml.MoMLSimpleApplication@7d799d88
----------------- Done invoking toplevel() on ptolemy.moml.MoMLSimpleApplication@7d799d88
reloadAllAccessors: .expressionCastInference2

===========================================================================================
----------------- testing Wed Feb 26 17:26:02 UTC 2020 /home/travis/build/icyphy/ptII/ptolemy/actor/lib/test/auto/expressionInference.xml
----------------- Instantiating /home/travis/build/icyphy/ptII/ptolemy/actor/lib/test/auto/expressionInference.xml
14 ms. Memory: 450560K Free: 376375K (84%)
----------------- Invoking toplevel() on ptolemy.moml.MoMLSimpleApplication@7667a5b4
----------------- Done invoking toplevel() on ptolemy.moml.MoMLSimpleApplication@7667a5b4
reloadAllAccessors: .expressionInference

===========================================================================================
----------------- testing Wed Feb 26 17:26:02 UTC 2020 /home/travis/build/icyphy/ptII/ptolemy/actor/lib/test/auto/expression_bug.xml
----------------- Instantiating /home/travis/build/icyphy/ptII/ptolemy/actor/lib/test/auto/expression_bug.xml
2 ms. Memory: 450560K Free: 371255K (82%)
----------------- Invoking toplevel() on ptolemy.moml.MoMLSimpleApplication@d912644
----------------- Done invoking toplevel() on ptolemy.moml.MoMLSimpleApplication@d912644
reloadAllAccessors: .expression_bug

===========================================================================================
----------------- testing Wed Feb 26 17:26:02 UTC 2020 /home/travis/build/icyphy/ptII/ptolemy/actor/lib/test/auto/factorial.xml
----------------- Instantiating /home/travis/build/icyphy/ptII/ptolemy/actor/lib/test/auto/factorial.xml
45 ms. Memory: 450560K Free: 362553K (80%)
----------------- Invoking toplevel() on ptolemy.moml.MoMLSimpleApplication@488e53
----------------- Done invoking toplevel() on ptolemy.moml.MoMLSimpleApplication@488e53
reloadAllAccessors: .factorial

===========================================================================================
----------------- testing Wed Feb 26 17:26:02 UTC 2020 /home/travis/build/icyphy/ptII/ptolemy/actor/lib/test/auto/filterTest1.xml
----------------- Instantiating /home/travis/build/icyphy/ptII/ptolemy/actor/lib/test/auto/filterTest1.xml
3 ms. Memory: 450560K Free: 356919K (79%)
----------------- Invoking toplevel() on ptolemy.moml.MoMLSimpleApplication@658310bf
----------------- Done invoking toplevel() on ptolemy.moml.MoMLSimpleApplication@658310bf
reloadAllAccessors: .filterTest1

===========================================================================================
----------------- testing Wed Feb 26 17:26:02 UTC 2020 /home/travis/build/icyphy/ptII/ptolemy/actor/lib/test/auto/funcApplyInConst.xml
----------------- Instantiating /home/travis/build/icyphy/ptII/ptolemy/actor/lib/test/auto/funcApplyInConst.xml
1 ms. Memory: 450560K Free: 352823K (78%)
----------------- Invoking toplevel() on ptolemy.moml.MoMLSimpleApplication@7ef34112
----------------- Done invoking toplevel() on ptolemy.moml.MoMLSimpleApplication@7ef34112
reloadAllAccessors: .funcApplyInConst

===========================================================================================
----------------- testing Wed Feb 26 17:26:02 UTC 2020 /home/travis/build/icyphy/ptII/ptolemy/actor/lib/test/auto/funcApplyInExpr.xml
----------------- Instantiating /home/travis/build/icyphy/ptII/ptolemy/actor/lib/test/auto/funcApplyInExpr.xml
1 ms. Memory: 450560K Free: 349241K (78%)
----------------- Invoking toplevel() on ptolemy.moml.MoMLSimpleApplication@329266ca
----------------- Done invoking toplevel() on ptolemy.moml.MoMLSimpleApplication@329266ca
reloadAllAccessors: .funcApplyInExpr

===========================================================================================
----------------- testing Wed Feb 26 17:26:02 UTC 2020 /home/travis/build/icyphy/ptII/ptolemy/actor/lib/test/auto/function.xml
----------------- Instantiating /home/travis/build/icyphy/ptII/ptolemy/actor/lib/test/auto/function.xml
2 ms. Memory: 450560K Free: 344631K (76%)
----------------- Invoking toplevel() on ptolemy.moml.MoMLSimpleApplication@289cdda4
----------------- Done invoking toplevel() on ptolemy.moml.MoMLSimpleApplication@289cdda4
reloadAllAccessors: .function

===========================================================================================
----------------- testing Wed Feb 26 17:26:02 UTC 2020 /home/travis/build/icyphy/ptII/ptolemy/actor/lib/test/auto/function2.xml
----------------- Instantiating /home/travis/build/icyphy/ptII/ptolemy/actor/lib/test/auto/function2.xml
2 ms. Memory: 450560K Free: 339511K (75%)
----------------- Invoking toplevel() on ptolemy.moml.MoMLSimpleApplication@49735db8
----------------- Done invoking toplevel() on ptolemy.moml.MoMLSimpleApplication@49735db8
reloadAllAccessors: .function2

===========================================================================================
----------------- testing Wed Feb 26 17:26:02 UTC 2020 /home/travis/build/icyphy/ptII/ptolemy/actor/lib/test/auto/function3.xml
----------------- Instantiating /home/travis/build/icyphy/ptII/ptolemy/actor/lib/test/auto/function3.xml
2 ms. Memory: 450560K Free: 335929K (75%)
----------------- Invoking toplevel() on ptolemy.moml.MoMLSimpleApplication@41f661b
----------------- Done invoking toplevel() on ptolemy.moml.MoMLSimpleApplication@41f661b
reloadAllAccessors: .function3

===========================================================================================
----------------- testing Wed Feb 26 17:26:02 UTC 2020 /home/travis/build/icyphy/ptII/ptolemy/actor/lib/test/auto/functionClosureTest1.xml
----------------- Instantiating /home/travis/build/icyphy/ptII/ptolemy/actor/lib/test/auto/functionClosureTest1.xml
1 ms. Memory: 450560K Free: 330289K (73%)
----------------- Invoking toplevel() on ptolemy.moml.MoMLSimpleApplication@2db9c38
----------------- Done invoking toplevel() on ptolemy.moml.MoMLSimpleApplication@2db9c38
reloadAllAccessors: .functionClosureTest1

===========================================================================================
----------------- testing Wed Feb 26 17:26:02 UTC 2020 /home/travis/build/icyphy/ptII/ptolemy/actor/lib/test/auto/functionClosureTest2.xml
----------------- Instantiating /home/travis/build/icyphy/ptII/ptolemy/actor/lib/test/auto/functionClosureTest2.xml
1 ms. Memory: 450560K Free: 326199K (72%)
----------------- Invoking toplevel() on ptolemy.moml.MoMLSimpleApplication@4079383e
----------------- Done invoking toplevel() on ptolemy.moml.MoMLSimpleApplication@4079383e
reloadAllAccessors: .functionClosureTest2

===========================================================================================
----------------- testing Wed Feb 26 17:26:02 UTC 2020 /home/travis/build/icyphy/ptII/ptolemy/actor/lib/test/auto/functionClosureTest3.xml
----------------- Instantiating /home/travis/build/icyphy/ptII/ptolemy/actor/lib/test/auto/functionClosureTest3.xml
2 ms. Memory: 450560K Free: 321079K (71%)
----------------- Invoking toplevel() on ptolemy.moml.MoMLSimpleApplication@5569528c
----------------- Done invoking toplevel() on ptolemy.moml.MoMLSimpleApplication@5569528c
reloadAllAccessors: .functionClosureTest3

===========================================================================================
----------------- testing Wed Feb 26 17:26:02 UTC 2020 /home/travis/build/icyphy/ptII/ptolemy/actor/lib/test/auto/functionClosureTest4.xml
----------------- Instantiating /home/travis/build/icyphy/ptII/ptolemy/actor/lib/test/auto/functionClosureTest4.xml
8 ms. Memory: 450560K Free: 314935K (70%)
----------------- Invoking toplevel() on ptolemy.moml.MoMLSimpleApplication@7df603a2
----------------- Done invoking toplevel() on ptolemy.moml.MoMLSimpleApplication@7df603a2
reloadAllAccessors: .functionClosureTest4

===========================================================================================
----------------- testing Wed Feb 26 17:26:02 UTC 2020 /home/travis/build/icyphy/ptII/ptolemy/actor/lib/test/auto/functionClosureTest5.xml
----------------- Instantiating /home/travis/build/icyphy/ptII/ptolemy/actor/lib/test/auto/functionClosureTest5.xml
4 ms. Memory: 450560K Free: 309305K (69%)
----------------- Invoking toplevel() on ptolemy.moml.MoMLSimpleApplication@1d9c8ec3
----------------- Done invoking toplevel() on ptolemy.moml.MoMLSimpleApplication@1d9c8ec3
reloadAllAccessors: .functionClosureTest5

===========================================================================================
----------------- testing Wed Feb 26 17:26:02 UTC 2020 /home/travis/build/icyphy/ptII/ptolemy/actor/lib/test/auto/functionClosureTest6.xml
----------------- Instantiating /home/travis/build/icyphy/ptII/ptolemy/actor/lib/test/auto/functionClosureTest6.xml
2 ms. Memory: 450560K Free: 304689K (68%)
----------------- Invoking toplevel() on ptolemy.moml.MoMLSimpleApplication@6ccebccb
----------------- Done invoking toplevel() on ptolemy.moml.MoMLSimpleApplication@6ccebccb
reloadAllAccessors: .functionClosureTest6

===========================================================================================
----------------- testing Wed Feb 26 17:26:02 UTC 2020 /home/travis/build/icyphy/ptII/ptolemy/actor/lib/test/auto/functionsOnArcs.xml
----------------- Instantiating /home/travis/build/icyphy/ptII/ptolemy/actor/lib/test/auto/functionsOnArcs.xml
5 ms. Memory: 450560K Free: 299575K (66%)
----------------- Invoking toplevel() on ptolemy.moml.MoMLSimpleApplication@7578eb28
----------------- Done invoking toplevel() on ptolemy.moml.MoMLSimpleApplication@7578eb28
reloadAllAccessors: .functionsOnArcs

===========================================================================================
----------------- testing Wed Feb 26 17:26:02 UTC 2020 /home/travis/build/icyphy/ptII/ptolemy/actor/lib/test/auto/functionsOnArcsHOF.xml
----------------- Instantiating /home/travis/build/icyphy/ptII/ptolemy/actor/lib/test/auto/functionsOnArcsHOF.xml
5 ms. Memory: 450560K Free: 293431K (65%)
----------------- Invoking toplevel() on ptolemy.moml.MoMLSimpleApplication@1a89502d
----------------- Done invoking toplevel() on ptolemy.moml.MoMLSimpleApplication@1a89502d
reloadAllAccessors: .functionsOnArcsHOF

===========================================================================================
----------------- testing Wed Feb 26 17:26:02 UTC 2020 /home/travis/build/icyphy/ptII/ptolemy/actor/lib/test/auto/logic.xml
----------------- Instantiating /home/travis/build/icyphy/ptII/ptolemy/actor/lib/test/auto/logic.xml
2 ms. Memory: 450560K Free: 286263K (64%)
----------------- Invoking toplevel() on ptolemy.moml.MoMLSimpleApplication@5432daa3
----------------- Done invoking toplevel() on ptolemy.moml.MoMLSimpleApplication@5432daa3
reloadAllAccessors: .logic

===========================================================================================
----------------- testing Wed Feb 26 17:26:02 UTC 2020 /home/travis/build/icyphy/ptII/ptolemy/actor/lib/test/auto/matrixType.xml
----------------- Instantiating /home/travis/build/icyphy/ptII/ptolemy/actor/lib/test/auto/matrixType.xml
2 ms. Memory: 450560K Free: 281129K (62%)
----------------- Invoking toplevel() on ptolemy.moml.MoMLSimpleApplication@6a81fd09
----------------- Done invoking toplevel() on ptolemy.moml.MoMLSimpleApplication@6a81fd09
reloadAllAccessors: .matrixType

===========================================================================================
----------------- testing Wed Feb 26 17:26:02 UTC 2020 /home/travis/build/icyphy/ptII/ptolemy/actor/lib/test/auto/matrixType10.xml
----------------- Instantiating /home/travis/build/icyphy/ptII/ptolemy/actor/lib/test/auto/matrixType10.xml
2 ms. Memory: 450560K Free: 276023K (61%)
----------------- Invoking toplevel() on ptolemy.moml.MoMLSimpleApplication@9dfd45a
----------------- Done invoking toplevel() on ptolemy.moml.MoMLSimpleApplication@9dfd45a
reloadAllAccessors: .matrixType10

===========================================================================================
----------------- testing Wed Feb 26 17:26:02 UTC 2020 /home/travis/build/icyphy/ptII/ptolemy/actor/lib/test/auto/matrixType11.xml
----------------- Instantiating /home/travis/build/icyphy/ptII/ptolemy/actor/lib/test/auto/matrixType11.xml
1 ms. Memory: 450560K Free: 271417K (60%)
----------------- Invoking toplevel() on ptolemy.moml.MoMLSimpleApplication@2010e8d
----------------- Done invoking toplevel() on ptolemy.moml.MoMLSimpleApplication@2010e8d
reloadAllAccessors: .matrixType11

===========================================================================================
----------------- testing Wed Feb 26 17:26:02 UTC 2020 /home/travis/build/icyphy/ptII/ptolemy/actor/lib/test/auto/matrixType12.xml
----------------- Instantiating /home/travis/build/icyphy/ptII/ptolemy/actor/lib/test/auto/matrixType12.xml
1 ms. Memory: 450560K Free: 266807K (59%)
----------------- Invoking toplevel() on ptolemy.moml.MoMLSimpleApplication@147935e2
----------------- Done invoking toplevel() on ptolemy.moml.MoMLSimpleApplication@147935e2
reloadAllAccessors: .matrixType12

===========================================================================================
----------------- testing Wed Feb 26 17:26:02 UTC 2020 /home/travis/build/icyphy/ptII/ptolemy/actor/lib/test/auto/matrixType13.xml
----------------- Instantiating /home/travis/build/icyphy/ptII/ptolemy/actor/lib/test/auto/matrixType13.xml
1 ms. Memory: 450560K Free: 261687K (58%)
----------------- Invoking toplevel() on ptolemy.moml.MoMLSimpleApplication@5d7e81a8
----------------- Done invoking toplevel() on ptolemy.moml.MoMLSimpleApplication@5d7e81a8
reloadAllAccessors: .matrixType13

===========================================================================================
----------------- testing Wed Feb 26 17:26:02 UTC 2020 /home/travis/build/icyphy/ptII/ptolemy/actor/lib/test/auto/matrixType14.xml
----------------- Instantiating /home/travis/build/icyphy/ptII/ptolemy/actor/lib/test/auto/matrixType14.xml
1 ms. Memory: 450560K Free: 256567K (57%)
----------------- Invoking toplevel() on ptolemy.moml.MoMLSimpleApplication@5d4c87c0
----------------- Done invoking toplevel() on ptolemy.moml.MoMLSimpleApplication@5d4c87c0
reloadAllAccessors: .matrixType14

===========================================================================================
----------------- testing Wed Feb 26 17:26:02 UTC 2020 /home/travis/build/icyphy/ptII/ptolemy/actor/lib/test/auto/matrixType2.xml
----------------- Instantiating /home/travis/build/icyphy/ptII/ptolemy/actor/lib/test/auto/matrixType2.xml
1 ms. Memory: 450560K Free: 251433K (56%)
----------------- Invoking toplevel() on ptolemy.moml.MoMLSimpleApplication@40e3e001
----------------- Done invoking toplevel() on ptolemy.moml.MoMLSimpleApplication@40e3e001
reloadAllAccessors: .matrixType2

===========================================================================================
----------------- testing Wed Feb 26 17:26:02 UTC 2020 /home/travis/build/icyphy/ptII/ptolemy/actor/lib/test/auto/matrixType3.xml
----------------- Instantiating /home/travis/build/icyphy/ptII/ptolemy/actor/lib/test/auto/matrixType3.xml
3 ms. Memory: 450560K Free: 246327K (55%)
----------------- Invoking toplevel() on ptolemy.moml.MoMLSimpleApplication@7a407be2
----------------- Done invoking toplevel() on ptolemy.moml.MoMLSimpleApplication@7a407be2
reloadAllAccessors: .matrixType3

===========================================================================================
----------------- testing Wed Feb 26 17:26:02 UTC 2020 /home/travis/build/icyphy/ptII/ptolemy/actor/lib/test/auto/matrixType4.xml
----------------- Instantiating /home/travis/build/icyphy/ptII/ptolemy/actor/lib/test/auto/matrixType4.xml
2 ms. Memory: 450560K Free: 241721K (54%)
----------------- Invoking toplevel() on ptolemy.moml.MoMLSimpleApplication@4db3cbc1
----------------- Done invoking toplevel() on ptolemy.moml.MoMLSimpleApplication@4db3cbc1
reloadAllAccessors: .matrixType4

===========================================================================================
----------------- testing Wed Feb 26 17:26:02 UTC 2020 /home/travis/build/icyphy/ptII/ptolemy/actor/lib/test/auto/matrixType5.xml
----------------- Instantiating /home/travis/build/icyphy/ptII/ptolemy/actor/lib/test/auto/matrixType5.xml
1 ms. Memory: 450560K Free: 236601K (53%)
----------------- Invoking toplevel() on ptolemy.moml.MoMLSimpleApplication@3d7b0b88
----------------- Done invoking toplevel() on ptolemy.moml.MoMLSimpleApplication@3d7b0b88
reloadAllAccessors: .matrixType5

===========================================================================================
----------------- testing Wed Feb 26 17:26:02 UTC 2020 /home/travis/build/icyphy/ptII/ptolemy/actor/lib/test/auto/matrixType6.xml
----------------- Instantiating /home/travis/build/icyphy/ptII/ptolemy/actor/lib/test/auto/matrixType6.xml
1 ms. Memory: 450560K Free: 231991K (51%)
----------------- Invoking toplevel() on ptolemy.moml.MoMLSimpleApplication@56eaac0b
----------------- Done invoking toplevel() on ptolemy.moml.MoMLSimpleApplication@56eaac0b
reloadAllAccessors: .matrixType6

===========================================================================================
----------------- testing Wed Feb 26 17:26:02 UTC 2020 /home/travis/build/icyphy/ptII/ptolemy/actor/lib/test/auto/matrixType7.xml
----------------- Instantiating /home/travis/build/icyphy/ptII/ptolemy/actor/lib/test/auto/matrixType7.xml
1 ms. Memory: 450560K Free: 227385K (50%)
----------------- Invoking toplevel() on ptolemy.moml.MoMLSimpleApplication@20a59289
----------------- Done invoking toplevel() on ptolemy.moml.MoMLSimpleApplication@20a59289
reloadAllAccessors: .matrixType7

===========================================================================================
----------------- testing Wed Feb 26 17:26:03 UTC 2020 /home/travis/build/icyphy/ptII/ptolemy/actor/lib/test/auto/matrixType8.xml
----------------- Instantiating /home/travis/build/icyphy/ptII/ptolemy/actor/lib/test/auto/matrixType8.xml
1 ms. Memory: 450560K Free: 222265K (49%)
----------------- Invoking toplevel() on ptolemy.moml.MoMLSimpleApplication@464c1bfc
----------------- Done invoking toplevel() on ptolemy.moml.MoMLSimpleApplication@464c1bfc
reloadAllAccessors: .matrixType8

===========================================================================================
----------------- testing Wed Feb 26 17:26:03 UTC 2020 /home/travis/build/icyphy/ptII/ptolemy/actor/lib/test/auto/matrixType9.xml
----------------- Instantiating /home/travis/build/icyphy/ptII/ptolemy/actor/lib/test/auto/matrixType9.xml
1 ms. Memory: 450560K Free: 217655K (48%)
----------------- Invoking toplevel() on ptolemy.moml.MoMLSimpleApplication@64fe6ede
----------------- Done invoking toplevel() on ptolemy.moml.MoMLSimpleApplication@64fe6ede
reloadAllAccessors: .matrixType9

===========================================================================================
----------------- testing Wed Feb 26 17:26:03 UTC 2020 /home/travis/build/icyphy/ptII/ptolemy/actor/lib/test/auto/paraFunctest.xml
----------------- Instantiating /home/travis/build/icyphy/ptII/ptolemy/actor/lib/test/auto/paraFunctest.xml
2 ms. Memory: 450560K Free: 213559K (47%)
----------------- Invoking toplevel() on ptolemy.moml.MoMLSimpleApplication@6ce3e4e5
----------------- Done invoking toplevel() on ptolemy.moml.MoMLSimpleApplication@6ce3e4e5
reloadAllAccessors: .paraFunctest

===========================================================================================
----------------- testing Wed Feb 26 17:26:03 UTC 2020 /home/travis/build/icyphy/ptII/ptolemy/actor/lib/test/auto/paraFunctest2.xml
----------------- Instantiating /home/travis/build/icyphy/ptII/ptolemy/actor/lib/test/auto/paraFunctest2.xml
2 ms. Memory: 450560K Free: 209463K (46%)
----------------- Invoking toplevel() on ptolemy.moml.MoMLSimpleApplication@2707ee3b
----------------- Done invoking toplevel() on ptolemy.moml.MoMLSimpleApplication@2707ee3b
reloadAllAccessors: .paraFunctest2

===========================================================================================
----------------- testing Wed Feb 26 17:26:03 UTC 2020 /home/travis/build/icyphy/ptII/ptolemy/actor/lib/test/auto/parameterPassing.xml
----------------- Instantiating /home/travis/build/icyphy/ptII/ptolemy/actor/lib/test/auto/parameterPassing.xml
1 ms. Memory: 450560K Free: 205367K (46%)
----------------- Invoking toplevel() on ptolemy.moml.MoMLSimpleApplication@e873e14
----------------- Done invoking toplevel() on ptolemy.moml.MoMLSimpleApplication@e873e14
reloadAllAccessors: .parameterPassing

===========================================================================================
----------------- testing Wed Feb 26 17:26:03 UTC 2020 /home/travis/build/icyphy/ptII/ptolemy/actor/lib/test/auto/record.xml
----------------- Instantiating /home/travis/build/icyphy/ptII/ptolemy/actor/lib/test/auto/record.xml
2 ms. Memory: 450560K Free: 200247K (44%)
----------------- Invoking toplevel() on ptolemy.moml.MoMLSimpleApplication@61fc803e
----------------- Done invoking toplevel() on ptolemy.moml.MoMLSimpleApplication@61fc803e
reloadAllAccessors: .record

===========================================================================================
----------------- testing Wed Feb 26 17:26:03 UTC 2020 /home/travis/build/icyphy/ptII/ptolemy/actor/lib/test/auto/sizedarray1.xml
----------------- Instantiating /home/travis/build/icyphy/ptII/ptolemy/actor/lib/test/auto/sizedarray1.xml
1 ms. Memory: 450560K Free: 195127K (43%)
----------------- Invoking toplevel() on ptolemy.moml.MoMLSimpleApplication@3e04b284
----------------- Done invoking toplevel() on ptolemy.moml.MoMLSimpleApplication@3e04b284
reloadAllAccessors: .sizedarray1

===========================================================================================
----------------- testing Wed Feb 26 17:26:03 UTC 2020 /home/travis/build/icyphy/ptII/ptolemy/actor/lib/test/auto/sizedarray2.xml
----------------- Instantiating /home/travis/build/icyphy/ptII/ptolemy/actor/lib/test/auto/sizedarray2.xml
3 ms. Memory: 450560K Free: 190007K (42%)
----------------- Invoking toplevel() on ptolemy.moml.MoMLSimpleApplication@570b12ed
----------------- Done invoking toplevel() on ptolemy.moml.MoMLSimpleApplication@570b12ed
reloadAllAccessors: .sizedarray2

===========================================================================================
----------------- testing Wed Feb 26 17:26:03 UTC 2020 /home/travis/build/icyphy/ptII/ptolemy/actor/lib/test/auto/twoPublishers.xml
----------------- Instantiating /home/travis/build/icyphy/ptII/ptolemy/actor/lib/test/auto/twoPublishers.xml
6 ms. Memory: 450560K Free: 179257K (40%)
----------------- Invoking toplevel() on ptolemy.moml.MoMLSimpleApplication@5c571862
----------------- Done invoking toplevel() on ptolemy.moml.MoMLSimpleApplication@5c571862
reloadAllAccessors: .twoPublishers
AutoTests.java: About to close Vertx.
AutoTests.java: Vertx closed.
]]></system-out>
  <system-err><![CDATA[java.lang.RuntimeException: Execution failed
	at ptolemy.moml.MoMLSimpleApplication$UnloadThread.run(MoMLSimpleApplication.java:402)
Caused by: java.lang.RuntimeException: StringUtilities.exit() was called. Normally, we would exit here because Manager.exitAfterWrapup() was called.  However, because the ptolemy.ptII.exitAfterWrapup property is set, we throw this exception instead.
	at ptolemy.util.StringUtilities.exit(StringUtilities.java:365)
	at ptolemy.actor.Manager.wrapup(Manager.java:1549)
	at ptolemy.actor.Manager.execute(Manager.java:407)
	at ptolemy.actor.Manager.run(Manager.java:1263)
	at ptolemy.actor.Manager$PtolemyRunThread.run(Manager.java:1933)
Warning: '.top.test' is in training mode, set the trainingMode parameter to false before checking in
Warning: '.top.test' is in training mode, set the trainingMode parameter to false before checking in
Warning: '.top.test' is in training mode, set the trainingMode parameter to false before checking in
Warning: '.BooleanSwitch_RegressionTest_WrongTrainingValues.Test' is in training mode, set the trainingMode parameter to false before checking in
Warning: '.BooleanSwitch_RegressionTest_WrongTrainingValues.Test2' is in training mode, set the trainingMode parameter to false before checking in
Warning: '.BooleanSwitch_RegressionTest_WrongTrainingValues.Test2' The test produced 0 tokens.
Warning: '.top.testExceptionHandler' is in training mode, set the trainingMode parameter to false before checking in
java.lang.RuntimeException: Execution failed
	at ptolemy.moml.MoMLSimpleApplication$UnloadThread.run(MoMLSimpleApplication.java:402)
Caused by: ptolemy.kernel.util.IllegalActionException: PublisherPorts cannot be used at the top level, use a Publisher actor instead.
  in .PublisherPortToplevelSubscriber.PublisherPort
	at ptolemy.actor.PublisherPort.preinitialize(PublisherPort.java:403)
	at ptolemy.actor.CompositeActor.preinitialize(CompositeActor.java:1769)
	at ptolemy.actor.Manager.preinitializeAndResolveTypes(Manager.java:1040)
	at ptolemy.actor.Manager.initialize(Manager.java:710)
	at ptolemy.actor.Manager.execute(Manager.java:356)
	at ptolemy.actor.Manager.run(Manager.java:1263)
	at ptolemy.actor.Manager$PtolemyRunThread.run(Manager.java:1933)
java.lang.reflect.InvocationTargetException
	at java.base/jdk.internal.reflect.NativeConstructorAccessorImpl.newInstance0(Native Method)
	at java.base/jdk.internal.reflect.NativeConstructorAccessorImpl.newInstance(NativeConstructorAccessorImpl.java:62)
	at java.base/jdk.internal.reflect.DelegatingConstructorAccessorImpl.newInstance(DelegatingConstructorAccessorImpl.java:45)
	at java.base/java.lang.reflect.Constructor.newInstance(Constructor.java:490)
	at ptolemy.util.test.junit.AutoKnownFailedTests.RunModel(AutoKnownFailedTests.java:105)
	at java.base/jdk.internal.reflect.NativeMethodAccessorImpl.invoke0(Native Method)
	at java.base/jdk.internal.reflect.NativeMethodAccessorImpl.invoke(NativeMethodAccessorImpl.java:62)
	at java.base/jdk.internal.reflect.DelegatingMethodAccessorImpl.invoke(DelegatingMethodAccessorImpl.java:43)
	at java.base/java.lang.reflect.Method.invoke(Method.java:566)
	at org.junit.runners.model.FrameworkMethod$1.runReflectiveCall(FrameworkMethod.java:44)
	at org.junit.internal.runners.model.ReflectiveCallable.run(ReflectiveCallable.java:15)
	at org.junit.runners.model.FrameworkMethod.invokeExplosively(FrameworkMethod.java:41)
	at junitparams.internal.InvokeParameterisedMethod.evaluate(InvokeParameterisedMethod.java:102)
	at org.junit.internal.runners.statements.FailOnTimeout$1.run(FailOnTimeout.java:28)
Caused by: ptolemy.kernel.util.IllegalActionException: PublisherPorts cannot be used at the top level, use a Publisher actor instead.
  in .PublisherPortToplevelSubscriber.PublisherPort
	at ptolemy.actor.PublisherPort.preinitialize(PublisherPort.java:403)
	at ptolemy.actor.CompositeActor.preinitialize(CompositeActor.java:1769)
	at ptolemy.actor.Manager.preinitializeAndResolveTypes(Manager.java:1040)
	at ptolemy.actor.Manager.initialize(Manager.java:710)
	at ptolemy.actor.Manager.execute(Manager.java:356)
	at ptolemy.actor.Manager.run(Manager.java:1263)
	at ptolemy.actor.Manager$PtolemyRunThread.run(Manager.java:1933)
java.lang.RuntimeException: Execution failed
	at ptolemy.moml.MoMLSimpleApplication$UnloadThread.run(MoMLSimpleApplication.java:402)
Caused by: ptolemy.kernel.util.IllegalActionException: SubscriberPorts cannot be used at the top level, use a Subscriber actor instead.
  in .PublisherSubscriberPortToplevel.SubscriberPort
	at ptolemy.actor.SubscriberPort.preinitialize(SubscriberPort.java:328)
	at ptolemy.actor.CompositeActor.preinitialize(CompositeActor.java:1769)
	at ptolemy.actor.Manager.preinitializeAndResolveTypes(Manager.java:1040)
	at ptolemy.actor.Manager.initialize(Manager.java:710)
	at ptolemy.actor.Manager.execute(Manager.java:356)
	at ptolemy.actor.Manager.run(Manager.java:1263)
	at ptolemy.actor.Manager$PtolemyRunThread.run(Manager.java:1933)
java.lang.reflect.InvocationTargetException
	at java.base/jdk.internal.reflect.NativeConstructorAccessorImpl.newInstance0(Native Method)
	at java.base/jdk.internal.reflect.NativeConstructorAccessorImpl.newInstance(NativeConstructorAccessorImpl.java:62)
	at java.base/jdk.internal.reflect.DelegatingConstructorAccessorImpl.newInstance(DelegatingConstructorAccessorImpl.java:45)
	at java.base/java.lang.reflect.Constructor.newInstance(Constructor.java:490)
	at ptolemy.util.test.junit.AutoKnownFailedTests.RunModel(AutoKnownFailedTests.java:105)
	at java.base/jdk.internal.reflect.NativeMethodAccessorImpl.invoke0(Native Method)
	at java.base/jdk.internal.reflect.NativeMethodAccessorImpl.invoke(NativeMethodAccessorImpl.java:62)
	at java.base/jdk.internal.reflect.DelegatingMethodAccessorImpl.invoke(DelegatingMethodAccessorImpl.java:43)
	at java.base/java.lang.reflect.Method.invoke(Method.java:566)
	at org.junit.runners.model.FrameworkMethod$1.runReflectiveCall(FrameworkMethod.java:44)
	at org.junit.internal.runners.model.ReflectiveCallable.run(ReflectiveCallable.java:15)
	at org.junit.runners.model.FrameworkMethod.invokeExplosively(FrameworkMethod.java:41)
	at junitparams.internal.InvokeParameterisedMethod.evaluate(InvokeParameterisedMethod.java:102)
	at org.junit.internal.runners.statements.FailOnTimeout$1.run(FailOnTimeout.java:28)
Caused by: ptolemy.kernel.util.IllegalActionException: SubscriberPorts cannot be used at the top level, use a Subscriber actor instead.
  in .PublisherSubscriberPortToplevel.SubscriberPort
	at ptolemy.actor.SubscriberPort.preinitialize(SubscriberPort.java:328)
	at ptolemy.actor.CompositeActor.preinitialize(CompositeActor.java:1769)
	at ptolemy.actor.Manager.preinitializeAndResolveTypes(Manager.java:1040)
	at ptolemy.actor.Manager.initialize(Manager.java:710)
	at ptolemy.actor.Manager.execute(Manager.java:356)
	at ptolemy.actor.Manager.run(Manager.java:1263)
	at ptolemy.actor.Manager$PtolemyRunThread.run(Manager.java:1933)
java.lang.RuntimeException: Execution failed
	at ptolemy.moml.MoMLSimpleApplication$UnloadThread.run(MoMLSimpleApplication.java:402)
Caused by: ptolemy.kernel.util.IllegalActionException: SubscriptionAggregatorPorts cannot be used at the top level, use a SubscriptionAggregator actor instead.
  in .PublisherSubscriptionAggregatorPort.SubscriptionAggregatorPort
	at ptolemy.actor.SubscriptionAggregatorPort.preinitialize(SubscriptionAggregatorPort.java:353)
	at ptolemy.actor.CompositeActor.preinitialize(CompositeActor.java:1769)
	at ptolemy.actor.Manager.preinitializeAndResolveTypes(Manager.java:1040)
	at ptolemy.actor.Manager.initialize(Manager.java:710)
	at ptolemy.actor.Manager.execute(Manager.java:356)
	at ptolemy.actor.Manager.run(Manager.java:1263)
	at ptolemy.actor.Manager$PtolemyRunThread.run(Manager.java:1933)
java.lang.reflect.InvocationTargetException
	at java.base/jdk.internal.reflect.NativeConstructorAccessorImpl.newInstance0(Native Method)
	at java.base/jdk.internal.reflect.NativeConstructorAccessorImpl.newInstance(NativeConstructorAccessorImpl.java:62)
	at java.base/jdk.internal.reflect.DelegatingConstructorAccessorImpl.newInstance(DelegatingConstructorAccessorImpl.java:45)
	at java.base/java.lang.reflect.Constructor.newInstance(Constructor.java:490)
	at ptolemy.util.test.junit.AutoKnownFailedTests.RunModel(AutoKnownFailedTests.java:105)
	at java.base/jdk.internal.reflect.NativeMethodAccessorImpl.invoke0(Native Method)
	at java.base/jdk.internal.reflect.NativeMethodAccessorImpl.invoke(NativeMethodAccessorImpl.java:62)
	at java.base/jdk.internal.reflect.DelegatingMethodAccessorImpl.invoke(DelegatingMethodAccessorImpl.java:43)
	at java.base/java.lang.reflect.Method.invoke(Method.java:566)
	at org.junit.runners.model.FrameworkMethod$1.runReflectiveCall(FrameworkMethod.java:44)
	at org.junit.internal.runners.model.ReflectiveCallable.run(ReflectiveCallable.java:15)
	at org.junit.runners.model.FrameworkMethod.invokeExplosively(FrameworkMethod.java:41)
	at junitparams.internal.InvokeParameterisedMethod.evaluate(InvokeParameterisedMethod.java:102)
	at org.junit.internal.runners.statements.FailOnTimeout$1.run(FailOnTimeout.java:28)
Caused by: ptolemy.kernel.util.IllegalActionException: SubscriptionAggregatorPorts cannot be used at the top level, use a SubscriptionAggregator actor instead.
  in .PublisherSubscriptionAggregatorPort.SubscriptionAggregatorPort
	at ptolemy.actor.SubscriptionAggregatorPort.preinitialize(SubscriptionAggregatorPort.java:353)
	at ptolemy.actor.CompositeActor.preinitialize(CompositeActor.java:1769)
	at ptolemy.actor.Manager.preinitializeAndResolveTypes(Manager.java:1040)
	at ptolemy.actor.Manager.initialize(Manager.java:710)
	at ptolemy.actor.Manager.execute(Manager.java:356)
	at ptolemy.actor.Manager.run(Manager.java:1263)
	at ptolemy.actor.Manager$PtolemyRunThread.run(Manager.java:1933)
java.lang.RuntimeException: Execution failed
	at ptolemy.moml.MoMLSimpleApplication$UnloadThread.run(MoMLSimpleApplication.java:402)
Caused by: ptolemy.kernel.util.IllegalActionException: TypeTest actor has no training data.
  in .sizedarray3.TypeTest
	at ptolemy.actor.lib.TypeTest.initialize(TypeTest.java:250)
	at ptolemy.actor.Director.initialize(Director.java:938)
	at ptolemy.actor.Director.initialize(Director.java:907)
	at ptolemy.actor.sched.StaticSchedulingDirector.initialize(StaticSchedulingDirector.java:159)
	at ptolemy.domains.sdf.kernel.SDFDirector.initialize(SDFDirector.java:544)
	at ptolemy.actor.CompositeActor.initialize(CompositeActor.java:935)
	at ptolemy.actor.Manager.initialize(Manager.java:724)
	at ptolemy.actor.Manager.execute(Manager.java:356)
	at ptolemy.actor.Manager.run(Manager.java:1263)
	at ptolemy.actor.Manager$PtolemyRunThread.run(Manager.java:1933)
java.lang.reflect.InvocationTargetException
	at java.base/jdk.internal.reflect.NativeConstructorAccessorImpl.newInstance0(Native Method)
	at java.base/jdk.internal.reflect.NativeConstructorAccessorImpl.newInstance(NativeConstructorAccessorImpl.java:62)
	at java.base/jdk.internal.reflect.DelegatingConstructorAccessorImpl.newInstance(DelegatingConstructorAccessorImpl.java:45)
	at java.base/java.lang.reflect.Constructor.newInstance(Constructor.java:490)
	at ptolemy.util.test.junit.AutoKnownFailedTests.RunModel(AutoKnownFailedTests.java:105)
	at java.base/jdk.internal.reflect.NativeMethodAccessorImpl.invoke0(Native Method)
	at java.base/jdk.internal.reflect.NativeMethodAccessorImpl.invoke(NativeMethodAccessorImpl.java:62)
	at java.base/jdk.internal.reflect.DelegatingMethodAccessorImpl.invoke(DelegatingMethodAccessorImpl.java:43)
	at java.base/java.lang.reflect.Method.invoke(Method.java:566)
	at org.junit.runners.model.FrameworkMethod$1.runReflectiveCall(FrameworkMethod.java:44)
	at org.junit.internal.runners.model.ReflectiveCallable.run(ReflectiveCallable.java:15)
	at org.junit.runners.model.FrameworkMethod.invokeExplosively(FrameworkMethod.java:41)
	at junitparams.internal.InvokeParameterisedMethod.evaluate(InvokeParameterisedMethod.java:102)
	at org.junit.internal.runners.statements.FailOnTimeout$1.run(FailOnTimeout.java:28)
Caused by: ptolemy.kernel.util.IllegalActionException: TypeTest actor has no training data.
  in .sizedarray3.TypeTest
	at ptolemy.actor.lib.TypeTest.initialize(TypeTest.java:250)
	at ptolemy.actor.Director.initialize(Director.java:938)
	at ptolemy.actor.Director.initialize(Director.java:907)
	at ptolemy.actor.sched.StaticSchedulingDirector.initialize(StaticSchedulingDirector.java:159)
	at ptolemy.domains.sdf.kernel.SDFDirector.initialize(SDFDirector.java:544)
	at ptolemy.actor.CompositeActor.initialize(CompositeActor.java:935)
	at ptolemy.actor.Manager.initialize(Manager.java:724)
	at ptolemy.actor.Manager.execute(Manager.java:356)
	at ptolemy.actor.Manager.run(Manager.java:1263)
	at ptolemy.actor.Manager$PtolemyRunThread.run(Manager.java:1933)
]]></system-err>
</testsuite>
