<?xml version="1.0" encoding="UTF-8" ?>
<testsuite errors="0" failures="0" hostname="travis-job-07557709-8c18-447b-9f1f-9bf7ccbad624" name="ptolemy.domains.de.test.junit.JUnitTclTest" skipped="0" tests="101" time="132.709" timestamp="2019-09-27T05:44:27">
  <properties>
    <property name="npm.executable" value="npm" />
    <property name="env.TRAVIS_ROOT" value="/" />
    <property name="ptII.mk.exists" value="true" />
    <property name="env.TRAVIS_APP_HOST" value="build.travis-ci.org" />
    <property name="env.rvm_bin_path" value="/home/travis/.rvm/bin" />
    <property name="java.home" value="/usr/local/lib/jvm/openjdk11" />
    <property name="env.TRAVIS_JOB_NUMBER" value="1342.9" />
    <property name="env.TRAVIS_HOME" value="/home/travis" />
    <property name="env.DISPLAY" value=":99.0" />
    <property name="env.TRAVIS_INIT" value="systemd" />
    <property name="env.SSH_TTY" value="/dev/pts/0" />
    <property name="java.net.preferIPv4Stack" value="true" />
    <property name="env.RUN_TESTS" value="true" />
    <property name="timeout.short" value="1000000" />
    <property name="junit.formatter" value="xml" />
    <property name="env.TRAVIS_SUDO" value="true" />
    <property name="env.TRAVIS_JOB_NAME" value="" />
    <property name="env.TRAVIS_STACK_NODE_ATTRIBUTES" value="/.node-attributes.yml" />
    <property name="env.LOGNAME" value="travis" />
    <property name="jsdoc.home" value="node_modules/@terraswarm/jsdoc" />
    <property name="debuglevel" value="source,lines,vars" />
    <property name="checkstyle.formatter" value="xml" />
    <property name="env._system_version" value="16.04" />
    <property name="bin.vergil.makeable" value="true" />
    <property name="sun.os.patch.level" value="unknown" />
    <property name="java.vendor.url" value="http://java.oracle.com/" />
    <property name="env.TRAVIS_BUILD_WEB_URL" value="https://travis-ci.org/icyphy/ptII/builds/590257495" />
    <property name="java.version" value="11.0.2" />
    <property name="env.TZ" value="UTC" />
    <property name="env.TRAVIS_PULL_REQUEST_SHA" value="" />
    <property name="env.PT_NO_NET" value="true" />
    <property name="env.TRAVIS_SECURE_ENV_VARS" value="true" />
    <property name="env._system_type" value="Linux" />
    <property name="java.vendor.url.bug" value="http://bugreport.java.com/bugreport/" />
    <property name="npmjs-org-is-up" value="true" />
    <property name="env.LANGUAGE" value="en_US.UTF-8" />
    <property name="env.SSH_CLIENT" value="10.16.0.21 47734 22" />
    <property name="env.GEM_HOME" value="/home/travis/.rvm/gems/ruby-2.5.3" />
    <property name="env.HAS_ANTARES_THREE_LITTLE_FRONZIES_BADGE" value="true" />
    <property name="java.version.date" value="2019-01-15" />
    <property name="env.PS4" value="+" />
    <property name="ant.project.invoked-targets" value="build,test.core2.xml" />
    <property name="env.TRAVIS_PULL_REQUEST_BRANCH" value="" />
    <property name="env.TRAVIS_REPO_SLUG" value="icyphy/ptII" />
    <property name="env.XDG_DATA_DIRS" value="/usr/local/share:/usr/share:/var/lib/snapd/desktop" />
    <property name="jdk.debug" value="release" />
    <property name="env.TRAVIS_APT_PROXY" value="http://apt.cache.travis-ci.com" />
    <property name="node.in.path" value="true" />
    <property name="user.name" value="travis" />
    <property name="java.maxmemory" value="1400m" />
    <property name="env.RUBY_VERSION" value="ruby-2.5.3" />
    <property name="env.LANG" value="en_US.UTF-8" />
    <property name="sun.io.unicode.encoding" value="UnicodeLittle" />
    <property name="sun.jnu.encoding" value="UTF-8" />
    <property name="java.runtime.name" value="OpenJDK Runtime Environment" />
    <property name="usefile" value="false" />
    <property name="return.code" value="0" />
    <property name="junit.single.formatter" value="plain" />
    <property name="env.DYLD_LIBRARY_PATH" value="/home/travis/pthla/certi-tools/lib:" />
    <property name="env.DEBIAN_FRONTEND" value="noninteractive" />
    <property name="env.SSH_CONNECTION" value="10.16.0.21 47734 10.20.0.247 22" />
    <property name="env.MYSQL_UNIX_PORT" value="/var/run/mysqld/mysqld.sock" />
    <property name="env.LC_ALL" value="en_US.UTF-8" />
    <property name="env.TRAVIS_ALLOW_FAILURE" value="false" />
    <property name="env.TRAVIS_JOB_WEB_URL" value="https://travis-ci.org/icyphy/ptII/jobs/590257504" />
    <property name="java.specification.name" value="Java Platform API Specification" />
    <property name="node.works" value="true" />
    <property name="user.timezone" value="" />
    <property name="path.separator" value=":" />
    <property name="env.TRAVIS_ENABLE_INFRA_DETECTION" value="true" />
    <property name="env.PYTHON_CFLAGS" value="-g -fstack-protector --param=ssp-buffer-size=4 -Wformat -Werror=format-security" />
    <property name="timeout.long" value="4000000" />
    <property name="env.CERTI_HOME" value="/home/travis/pthla/certi-tools" />
    <property name="ant.file.ptII" value="/home/travis/build/icyphy/ptII/build.xml" />
    <property name="javadoc.packagenames" value="com.*,diva.*,lbnl.*,org.hlacerti.*,org.json.*,org.ptolemy.*,org.terraswarm.*,ptolemy.*,ptserver.*" />
    <property name="file.encoding" value="UTF-8" />
    <property name="env.TRAVIS_PULL_REQUEST_SLUG" value="" />
    <property name="ant.project.default-target" value="build" />
    <property name="env.GIT_ASKPASS" value="echo" />
    <property name="env.HOME" value="/home/travis" />
    <property name="sun.java.command" value="org.apache.tools.ant.taskdefs.optional.junit.JUnitTestRunner ptolemy.domains.de.test.junit.JUnitTclTest skipNonTests=false filtertrace=true haltOnError=false haltOnFailure=false formatter=org.apache.tools.ant.taskdefs.optional.junit.OutErrSummaryJUnitResultFormatter showoutput=true outputtoformatters=true logfailedtests=true threadid=0 logtestlistenerevents=false formatter=org.apache.tools.ant.taskdefs.optional.junit.XMLJUnitResultFormatter,/home/travis/build/icyphy/ptII/reports/junit/TEST-ptolemy.domains.de.test.junit.JUnitTclTest.xml crashfile=/home/travis/build/icyphy/ptII/junitvmwatcher931361589347020480.properties propsfile=/home/travis/build/icyphy/ptII/junit8957891797101313993.properties" />
    <property name="env.COMPOSER_NO_INTERACTION" value="1" />
    <property name="env.MANPATH" value="/home/travis/.nvm/versions/node/v7.10.1/share/man:/home/travis/.rvm/rubies/ruby-2.5.3/share/man:/usr/local/cmake-3.12.4/man:/usr/local/clang-7.0.0/share/man:/usr/local/man:/usr/local/share/man:/usr/share/man:/home/travis/.rvm/man" />
    <property name="env.TRAVIS_TIMER_ID" value="1db13456" />
    <property name="ant.file" value="/home/travis/build/icyphy/ptII/build.xml" />
    <property name="env.TRAVIS_COMMIT_RANGE" value="bc7bfed3151ace78f6177b95f8054c233d74f1bf...1691c4a63a7f6e8f7441362a7c71a7ee30ba8bb1" />
    <property name="env._system_name" value="Ubuntu" />
    <property name="ptII.classpath.optional.property" value="/home/travis/build/icyphy/ptII/lib/bsh-2.0b4.jar:/home/travis/build/icyphy/ptII/lib/ptCal.jar:/home/travis/build/icyphy/ptII/lib/java_cup.jar:/home/travis/build/icyphy/ptII/lib/saxon8.jar:/home/travis/build/icyphy/ptII/lib/saxon8-dom.jar:/home/travis/build/icyphy/ptII/lib/chic.jar:/home/travis/build/icyphy/ptII/lib/ptcolt.jar:/home/travis/build/icyphy/ptII/vendors/misc/itext/iText.jar:/home/travis/build/icyphy/ptII/lib/g4ltl.jar:/home/travis/build/icyphy/ptII/lib/StructuralCoder.jar:/home/travis/build/icyphy/ptII/lib/jcerti.jar:/home/travis/build/icyphy/ptII/lib/javax.mail.jar:/home/travis/build/icyphy/ptII/vendors/JMF-2.1.1e/lib/jmf.jar:/home/travis/build/icyphy/ptII/lib/jna-4.0.0-variadic.jar:/home/travis/build/icyphy/ptII/vendors/misc/joystick/Joystick.jar:/home/travis/build/icyphy/ptII/lib/ptjacl.jar:/home/travis/build/icyphy/ptII/lib/jsoup-1.8.2.jar:/home/travis/build/icyphy/ptII/lib/junit-4.8.2.jar:/home/travis/build/icyphy/ptII/lib/JUnitParams-0.4.0.jar:/home/travis/build/icyphy/ptII/ptolemy/actor/lib/excel/jxl.jar:/home/travis/build/icyphy/ptII/lib/jython.jar:/home/travis/build/icyphy/ptII/lib/kieler.jar:/home/travis/build/icyphy/ptII/vendors/opencv/share/OpenCV/java/opencv-341.jar:/home/travis/build/icyphy/ptII/lib/oscP5.jar:/home/travis/build/icyphy/ptII/lib/nrjavaserial-3.11.0.devel.jar:/home/travis/build/icyphy/ptII/vendors/j3d/lib/Linux/j3dcore.jar:/home/travis/build/icyphy/ptII/vendors/j3d/lib/Linux/j3dutils.jar:/home/travis/build/icyphy/ptII/vendors/j3d/lib/Linux/vecmath.jar:/home/travis/build/icyphy/ptII/vendors/jogl/lib/Linux/gluegen-rt-natives-linux-amd64.jar:/home/travis/build/icyphy/ptII/vendors/jogl/lib/Linux/gluegen-rt.jar:/home/travis/build/icyphy/ptII/vendors/jogl/lib/Linux/jogl-all-natives-linux-amd64.jar:/home/travis/build/icyphy/ptII/vendors/jogl/lib/Linux/jogl-all.jar:/home/travis/build/icyphy/ptII/ptolemy/distributed/jini/jar/jini-core.jar:/home/travis/build/icyphy/ptII/ptolemy/distributed/jini/jar/jini-ext.jar:/home/travis/build/icyphy/ptII/ptolemy/distributed/jini/jar/sun-util.jar:/home/travis/build/icyphy/ptII/lib/protobuf-java-2.4.1.jar:/home/travis/build/icyphy/ptII/lib/org.eclipse.paho.client.mqttv3.jar:/home/travis/build/icyphy/ptII/lib/mapss.jar:/home/travis/build/icyphy/ptII/ptolemy/actor/ptalon/antlr/antlr.jar:/home/travis/build/icyphy/ptII/lib/JRI.jar:/home/travis/build/icyphy/ptII/lib/commons-lang-2.6.jar:/home/travis/build/icyphy/ptII/lib/commons-logging-1.1.1.jar:/home/travis/build/icyphy/ptII/lib/sootclasses.jar:/home/travis/build/icyphy/ptII/ptolemy/actor/lib/database/mysql-connector-java-5.1.6-bin.jar:/home/travis/build/icyphy/ptII/vendors/misc/sphinx4/sphinx4-data-5prealpha.jar:/home/travis/build/icyphy/ptII/vendors/misc/sphinx4/sphinx4-core-5prealpha.jar:/home/travis/build/icyphy/ptII/lib/PDFRenderer.jar:/home/travis/build/icyphy/ptII/lib/svgSalamander.jar:/home/travis/build/icyphy/ptII/lib/rsyntaxtextarea-2.6.0-SNAPSHOT.jar:/home/travis/build/icyphy/ptII/lib/hazelcast-3.8.2.jar:/home/travis/build/icyphy/ptII/lib/jackson-annotations-2.9.0.jar:/home/travis/build/icyphy/ptII/lib/jackson-core-2.9.3.jar:/home/travis/build/icyphy/ptII/lib/jackson-databind-2.9.3.jar:/home/travis/build/icyphy/ptII/lib/netty-buffer-4.1.19.Final.jar:/home/travis/build/icyphy/ptII/lib/netty-codec-4.1.19.Final.jar:/home/travis/build/icyphy/ptII/lib/netty-codec-dns-4.1.19.Final.jar:/home/travis/build/icyphy/ptII/lib/netty-codec-http-4.1.19.Final.jar:/home/travis/build/icyphy/ptII/lib/netty-codec-http2-4.1.19.Final.jar:/home/travis/build/icyphy/ptII/lib/netty-common-4.1.19.Final.jar:/home/travis/build/icyphy/ptII/lib/netty-handler-4.1.19.Final.jar:/home/travis/build/icyphy/ptII/lib/netty-resolver-4.1.19.Final.jar:/home/travis/build/icyphy/ptII/lib/netty-resolver-dns-4.1.19.Final.jar:/home/travis/build/icyphy/ptII/lib/netty-transport-4.1.19.Final.jar:/home/travis/build/icyphy/ptII/lib/vertx-codegen-3.5.1.jar:/home/travis/build/icyphy/ptII/lib/vertx-core-3.5.2-SNAPSHOT.jar:/home/travis/build/icyphy/ptII/lib/vertx-hazelcast-3.5.1.jar:/home/travis/build/icyphy/ptII/lib/vertx-lang-js-3.5.1.jar:/home/travis/build/icyphy/ptII/lib/vertx-service-proxy-3.5.1.jar:/home/travis/build/icyphy/ptII/lib/vertx-web-3.5.1.jar:/home/travis/build/icyphy/ptII/lib/slf4j-api-1.7.13.jar:/home/travis/build/icyphy/ptII/lib/slf4j-simple-1.7.13.jar:/home/travis/build/icyphy/ptII/lib/webcam-capture-0.3.12.jar:/home/travis/build/icyphy/ptII/lib/bridj-0.7.0.jar:/home/travis/build/icyphy/ptII/lib/xbjlib-1.1.0.nrjavaserial.jar" />
    <property name="timeout" value="2400000" />
    <property name="test.batch" value="**/junit/*.java" />
    <property name="env._" value="/usr/bin/timeout" />
    <property name="java.io.tmpdir" value="/tmp" />
    <property name="user.language" value="en" />
    <property name="env.TRAVIS_INTERNAL_RUBY_REGEX" value="^ruby-(2\.[0-4]\.[0-9]|1\.9\.3)" />
    <property name="env.HISTCONTROL" value="ignoredups:ignorespace" />
    <property name="env.GOROOT" value="/home/travis/.gimme/versions/go1.11.1.linux.amd64" />
    <property name="line.separator" value="&#xa;" />
    <property name="target" value="11" />
    <property name="env.TRAVIS_BUILD_DIR" value="/home/travis/build/icyphy/ptII" />
    <property name="env.ANT_OPTS" value="-Xmx2048m" />
    <property name="ant.file.type" value="file" />
    <property name="ptolemy.ptII.batchMode" value="true" />
    <property name="env.HISTSIZE" value="1000" />
    <property name="env.MERB_ENV" value="test" />
    <property name="java.vm.info" value="mixed mode" />
    <property name="source" value="11" />
    <property name="java.vm.specification.name" value="Java Virtual Machine Specification" />
    <property name="env.TRAVIS_TEST_RESULT" value="0" />
    <property name="jsdoc.command" value="node_modules/@terraswarm/jsdoc/jsdoc.js" />
    <property name="npm.works" value="true" />
    <property name="cobertura.dir" value="/home/travis/build/icyphy/ptII/vendors/cobertura-2.0.3" />
    <property name="jsdoc.command.exists" value="true" />
    <property name="env.rvm_path" value="/home/travis/.rvm" />
    <property name="env.GEM_PATH" value="/home/travis/.rvm/gems/ruby-2.5.3:/home/travis/.rvm/gems/ruby-2.5.3@global" />
    <property name="env.LC_CTYPE" value="en_US.UTF-8" />
    <property name="env.TRAVIS_CMD" value="$PTII/bin/ptIITravisBuild.sh $SECONDS" />
    <property name="java.awt.printerjob" value="sun.print.PSPrinterJob" />
    <property name="env.TRAVIS_STACK_NAME" value="sardonyx" />
    <property name="env.TRAVIS_TIMER_START_TIME" value="1569562840694446437" />
    <property name="ant.version" value="Apache Ant(TM) version 1.10.1 compiled on February 2 2017" />
    <property name="ptII.reports" value="/home/travis/build/icyphy/ptII/reports" />
    <property name="env.TRAVIS_STACK_TIMESTAMP" value="2019-03-25 16:16:56 UTC" />
    <property name="ant.file.type.ptII" value="file" />
    <property name="env.RBENV_SHELL" value="bash" />
    <property name="os.name" value="Linux" />
    <property name="java.specification.vendor" value="Oracle Corporation" />
    <property name="env.rvm_version" value="1.29.7 (latest)" />
    <property name="env.TRAVIS_INFRA" value="unknown" />
    <property name="env.TERM" value="xterm" />
    <property name="java.vm.name" value="OpenJDK 64-Bit Server VM" />
    <property name="env.TRAVIS_BUILD_NUMBER" value="1342" />
    <property name="env.CI" value="true" />
    <property name="java.library.path" value="/home/travis/pthla/certi-tools/lib:/usr/lib/jni:/usr/local/share/OpenCV/java/:/usr/share/OpenCV/java::/usr/java/packages/lib:/usr/lib64:/lib64:/lib:/usr/lib" />
    <property name="jdk.module.path" value="/home/travis/build/icyphy/ptII/vendors/javafx/javafx-sdk-11.0.2/lib:" />
    <property name="env.rvm_prefix" value="/home/travis" />
    <property name="env.PATH" value="/home/travis/pthla/certi-tools/share/scripts:/home/travis/.rvm/gems/ruby-2.5.3/bin:/home/travis/.rvm/gems/ruby-2.5.3@global/bin:/home/travis/.rvm/rubies/ruby-2.5.3/bin:/home/travis/.rvm/bin:/home/travis/.nvm/versions/node/v7.10.1/bin:./node_modules/.bin:/home/travis/build/icyphy/ptII/bin:/home/travis/pthla/certi-tools/bin:/home/travis/bin:/home/travis/.local/bin:/usr/local/lib/jvm/openjdk11/bin:/opt/pyenv/shims:/home/travis/.phpenv/shims:/home/travis/perl5/perlbrew/bin:/home/travis/gopath/bin:/home/travis/.gimme/versions/go1.11.1.linux.amd64/bin:/usr/local/maven-3.6.0/bin:/usr/local/cmake-3.12.4/bin:/usr/local/clang-7.0.0/bin:/usr/local/sbin:/usr/local/bin:/usr/sbin:/usr/bin:/sbin:/bin:/snap/bin:/home/travis/.phpenv/bin:/opt/pyenv/bin:/home/travis/.yarn/bin" />
    <property name="env.TRAVIS_OS_NAME" value="linux" />
    <property name="ant.java.version" value="9" />
    <property name="basedir" value="/home/travis/build/icyphy/ptII" />
    <property name="java.class.version" value="55.0" />
    <property name="env.SHLVL" value="3" />
    <property name="env.LD_LIBRARY_PATH" value="/home/travis/pthla/certi-tools/lib:/usr/lib/jni:/usr/local/share/OpenCV/java/:/usr/share/OpenCV/java:" />
    <property name="env.RACK_ENV" value="test" />
    <property name="ant.home" value="/home/travis/build/icyphy/ptII/ant" />
    <property name="env.NVM_DIR" value="/home/travis/.nvm" />
    <property name="env.CERTI_FOM_PATH" value="/home/travis/pthla/certi-tools/share/federations" />
    <property name="env.TRAVIS_BUILD_ID" value="590257495" />
    <property name="env.PYENV_ROOT" value="/opt/pyenv" />
    <property name="env.TRAVIS_UID" value="2000" />
    <property name="prism.verbose" value="true" />
    <property name="env.NVM_BIN" value="/home/travis/.nvm/versions/node/v7.10.1/bin" />
    <property name="env.TRAVIS_COMMIT" value="1691c4a63a7f6e8f7441362a7c71a7ee30ba8bb1" />
    <property name="env._system_arch" value="x86_64" />
    <property name="node.executable" value="node" />
    <property name="sun.boot.library.path" value="/usr/local/lib/jvm/openjdk11/lib" />
    <property name="sun.management.compiler" value="HotSpot 64-Bit Tiered Compilers" />
    <property name="java.awt.graphicsenv" value="sun.awt.X11GraphicsEnvironment" />
    <property name="env.GOPATH" value="/home/travis/gopath" />
    <property name="ptolemy.ptII.dir" value="/home/travis/build/icyphy/ptII" />
    <property name="env.USER" value="travis" />
    <property name="env.HISTFILESIZE" value="2000" />
    <property name="timeout.longest" value="19000000" />
    <property name="env.PERLBREW_SHELLRC_VERSION" value="0.86" />
    <property name="env.TRAVIS_STACK_FEATURES" value="basic couchdb disabled-ipv6 docker docker-compose elasticsearch firefox go-toolchain google-chrome jdk memcached mongodb mysql nodejs_interpreter perl_interpreter perlbrew phantomjs postgresql python_interpreter redis ruby_interpreter sqlite xserver" />
    <property name="env.TRAVIS_PULL_REQUEST" value="false" />
    <property name="env.PYENV_SHELL" value="bash" />
    <property name="ant.project.name" value="ptII" />
    <property name="env.ANSI_RESET" value="\033[0m" />
    <property name="java.vm.specification.version" value="11" />
    <property name="env.TRAVIS_DIST" value="xenial" />
    <property name="env.CERTI_VERSION" value="4.0.0" />
    <property name="env.CERTI_HOST" value="localhost" />
    <property name="awt.toolkit" value="sun.awt.X11.XToolkit" />
    <property name="env.MY_RUBY_HOME" value="/home/travis/.rvm/rubies/ruby-2.5.3" />
    <property name="sun.cpu.isalist" value="" />
    <property name="env.TRAVIS_TMPDIR" value="/tmp/tmp.fFrTak4pih" />
    <property name="java.vm.compressedOopsMode" value="Zero based" />
    <property name="os.version" value="4.15.0-1028-gcp" />
    <property name="user.home" value="/home/travis" />
    <property name="java.vm.vendor" value="Oracle Corporation" />
    <property name="env.TRAVIS_TAG" value="nightly" />
    <property name="env.ANSI_YELLOW" value="\033[33;1m" />
    <property name="env.TRAVIS_FILTERED" value="redirect_io" />
    <property name="env.ANSI_GREEN" value="\033[32;1m" />
    <property name="env.JAVA_HOME" value="/usr/local/lib/jvm/openjdk11" />
    <property name="javadoc.excludepackagenames" value="adm.cvs2svn.*,build.*,config.*,doc.coding.templates.*,jni.test.jni.meaningOfLife.*,jni.test.jni.testDeux.*,jni.test.jni.testTrois.*,org.terraswarm.accessor.accessors.web.node_modules.*,org.terraswarm.accessor.accessors.web.hosts.cordova.demo.*,org.terraswarm.accessor.accessors.web.hosts.cordova.plugins.*,org.terraswarm.accessor.accessors-svn.*,pt-modules.*,ptolemy.apps.agilent.*,ptolemy.apps.anytimecontrol.*,ptolemy.apps.apes.*,ptolemy.apps.charon.*,ptolemy.apps.crazyboard.*,ptolemy.apps.eclipse.*,ptolemy.apps.etherealSting.*,ptolemy.apps.fullscreen.*,ptolemy.apps.giotto.*,ptolemy.apps.ia.*,ptolemy.apps.interfaces.*,ptolemy.apps.jmf.*,ptolemy.apps.kurt.*,ptolemy.apps.kvm.*,ptolemy.apps.lego.*,ptolemy.apps.lejos.*,ptolemy.apps.midp.*,ptolemy.apps.mobileCoding.*,ptolemy.apps.pendulum.*,ptolemy.apps.rijndael.*,ptolemy.apps.robot.*,ptolemy.apps.security.*,ptolemy.apps.sobel.*,ptolemy.apps.soot.*,ptolemy.apps.throttle.*,ptolemy.apps.tini.*,ptolemy.apps.transmission.*,ptolemy.apps.vergil.*,ptolemy.apps.waba.*,ptolemy.apps.websensor.*,ptolemy.apps.webstart.*,ptolemy.apps.xsl.*,ptolemy.apps.zaurus.*,ptolemy.codegen.c.actor.lib.oldJavaFiles.*,ptolemy.codegen.dsp.lib.*,ptolemy.codegen.kernel.newInterfaces.*,ptolemy.codegen.lib.*,ptolemy.copernicus.kernel.fragment.*,ptolemy.copernicus.shallow.cg.*,ptolemy.domains.giotto.demo.Hierarchy.Hierarchy.*,ptolemy.domains.giotto.demo.Multimode.Multimode.*,ptolemy.domains.giotto.demo.Simple.Simple.*,ptolemy.domains.gr.lib.experimental.*,ptolemy.domains.gro.*,ptolemy.domains.pdf.*,ptolemy.domains.ptinyos.demo.Surge.output.*,ptolemy.moml.test.NoPackageActor.java*,ptolemy.plot.adm.*,ptolemy.plot.servlet.*,reports.*,signed.*,src.*,target.*,vendors.*,ptolemy.copernicus.applet.*,ptolemy.media.viewer.*,ptolemy.actor.corba.*,doc.doclets.*,ptolemy.apps.eclipse.awt.*,ptolemy.backtrack.*,ptolemy.backtrack.ast.*,ptolemy.cg.adapter.generic.program.procedural.c.mbed*,ptolemy.homer.*,ptolemy.actor.lib.jai.*,org.ptolemy.scala.*,diva.util.java2d.svg.*,ptolemy.domains.ptinyos.*,ptolemy.actor.lib.fmi.fmipp.*,,org.terraswarm.accessor.accessors.web.node_modules.*,org.terraswarm.accessor.accessors-svn,ptolemy.apps.*,ptolemy.actor.ptalon.demo.ptinyos.SendAndReceiveCnt.output,ptolemy.actor.ptalon.demo.ptinyos.SenseToLeds.output,ptolemy.domains.ptinyos.demo.CntToLedsAndRfm.output,ptolemy.domains.ptinyos.demo.RfmToLeds.output,ptolemy.domains.ptinyos.demo.SendAndReceiveCnt.output,ptolemy.domains.ptinyos.demo.SenseToLeds.output,ptolemy.actor.lib.jjs.modules.udpSocket.*" />
    <property name="env.PTII" value="/home/travis/build/icyphy/ptII" />
    <property name="env.XDG_SESSION_ID" value="2" />
    <property name="keystore" value="ptKeystore" />
    <property name="env.TRAVIS_COMMIT_MESSAGE" value="Use --release 8 instead of -target 8 -release 8 because --release 8 includes -target 8." />
    <property name="junit.output.dir" value="/home/travis/build/icyphy/ptII/reports/junit" />
    <property name="npm.return.code" value="0" />
    <property name="user.dir" value="/home/travis/build/icyphy/ptII/ptolemy/domains/de/test" />
    <property name="env.TRAVIS_NODE_VERSION" value="7" />
    <property name="env.TRAVIS_EVENT_TYPE" value="cron" />
    <property name="env.MAIL" value="/var/mail/travis" />
    <property name="env.PERLBREW_ROOT" value="/home/travis/perl5/perlbrew" />
    <property name="env.PWD" value="/home/travis/build/icyphy/ptII" />
    <property name="timeout.npm" value="45000" />
    <property name="env.PT_TRAVIS_TEST_CORE2_XML" value="true" />
    <property name="env.TRAVIS_ARCH" value="amd64" />
    <property name="sun.cpu.endian" value="little" />
    <property name="env.PAGER" value="cat" />
    <property name="env.TRAVIS_BUILD_STAGE_NAME" value="Test" />
    <property name="env.PERLBREW_HOME" value="/home/travis/.perlbrew" />
    <property name="java.vm.version" value="11.0.2+9" />
    <property name="env.RAILS_ENV" value="test" />
    <property name="java.class.path" value="/home/travis/build/icyphy/ptII:/home/travis/build/icyphy/ptII/lib/bsh-2.0b4.jar:/home/travis/build/icyphy/ptII/lib/ptCal.jar:/home/travis/build/icyphy/ptII/lib/java_cup.jar:/home/travis/build/icyphy/ptII/lib/saxon8.jar:/home/travis/build/icyphy/ptII/lib/saxon8-dom.jar:/home/travis/build/icyphy/ptII/lib/chic.jar:/home/travis/build/icyphy/ptII/lib/ptcolt.jar:/home/travis/build/icyphy/ptII/vendors/misc/itext/iText.jar:/home/travis/build/icyphy/ptII/lib/g4ltl.jar:/home/travis/build/icyphy/ptII/lib/StructuralCoder.jar:/home/travis/build/icyphy/ptII/lib/jcerti.jar:/home/travis/build/icyphy/ptII/lib/javax.mail.jar:/home/travis/build/icyphy/ptII/vendors/JMF-2.1.1e/lib/jmf.jar:/home/travis/build/icyphy/ptII/lib/jna-4.0.0-variadic.jar:/home/travis/build/icyphy/ptII/vendors/misc/joystick/Joystick.jar:/home/travis/build/icyphy/ptII/lib/ptjacl.jar:/home/travis/build/icyphy/ptII/lib/jsoup-1.8.2.jar:/home/travis/build/icyphy/ptII/lib/junit-4.8.2.jar:/home/travis/build/icyphy/ptII/lib/JUnitParams-0.4.0.jar:/home/travis/build/icyphy/ptII/ptolemy/actor/lib/excel/jxl.jar:/home/travis/build/icyphy/ptII/lib/jython.jar:/home/travis/build/icyphy/ptII/lib/kieler.jar:/home/travis/build/icyphy/ptII/vendors/opencv/share/OpenCV/java/opencv-341.jar:/home/travis/build/icyphy/ptII/lib/oscP5.jar:/home/travis/build/icyphy/ptII/lib/nrjavaserial-3.11.0.devel.jar:/home/travis/build/icyphy/ptII/vendors/j3d/lib/Linux/j3dcore.jar:/home/travis/build/icyphy/ptII/vendors/j3d/lib/Linux/j3dutils.jar:/home/travis/build/icyphy/ptII/vendors/j3d/lib/Linux/vecmath.jar:/home/travis/build/icyphy/ptII/vendors/jogl/lib/Linux/gluegen-rt-natives-linux-amd64.jar:/home/travis/build/icyphy/ptII/vendors/jogl/lib/Linux/gluegen-rt.jar:/home/travis/build/icyphy/ptII/vendors/jogl/lib/Linux/jogl-all-natives-linux-amd64.jar:/home/travis/build/icyphy/ptII/vendors/jogl/lib/Linux/jogl-all.jar:/home/travis/build/icyphy/ptII/ptolemy/distributed/jini/jar/jini-core.jar:/home/travis/build/icyphy/ptII/ptolemy/distributed/jini/jar/jini-ext.jar:/home/travis/build/icyphy/ptII/ptolemy/distributed/jini/jar/sun-util.jar:/home/travis/build/icyphy/ptII/lib/protobuf-java-2.4.1.jar:/home/travis/build/icyphy/ptII/lib/org.eclipse.paho.client.mqttv3.jar:/home/travis/build/icyphy/ptII/lib/mapss.jar:/home/travis/build/icyphy/ptII/ptolemy/actor/ptalon/antlr/antlr.jar:/home/travis/build/icyphy/ptII/lib/JRI.jar:/home/travis/build/icyphy/ptII/lib/commons-lang-2.6.jar:/home/travis/build/icyphy/ptII/lib/commons-logging-1.1.1.jar:/home/travis/build/icyphy/ptII/lib/sootclasses.jar:/home/travis/build/icyphy/ptII/ptolemy/actor/lib/database/mysql-connector-java-5.1.6-bin.jar:/home/travis/build/icyphy/ptII/vendors/misc/sphinx4/sphinx4-data-5prealpha.jar:/home/travis/build/icyphy/ptII/vendors/misc/sphinx4/sphinx4-core-5prealpha.jar:/home/travis/build/icyphy/ptII/lib/PDFRenderer.jar:/home/travis/build/icyphy/ptII/lib/svgSalamander.jar:/home/travis/build/icyphy/ptII/lib/rsyntaxtextarea-2.6.0-SNAPSHOT.jar:/home/travis/build/icyphy/ptII/lib/hazelcast-3.8.2.jar:/home/travis/build/icyphy/ptII/lib/jackson-annotations-2.9.0.jar:/home/travis/build/icyphy/ptII/lib/jackson-core-2.9.3.jar:/home/travis/build/icyphy/ptII/lib/jackson-databind-2.9.3.jar:/home/travis/build/icyphy/ptII/lib/netty-buffer-4.1.19.Final.jar:/home/travis/build/icyphy/ptII/lib/netty-codec-4.1.19.Final.jar:/home/travis/build/icyphy/ptII/lib/netty-codec-dns-4.1.19.Final.jar:/home/travis/build/icyphy/ptII/lib/netty-codec-http-4.1.19.Final.jar:/home/travis/build/icyphy/ptII/lib/netty-codec-http2-4.1.19.Final.jar:/home/travis/build/icyphy/ptII/lib/netty-common-4.1.19.Final.jar:/home/travis/build/icyphy/ptII/lib/netty-handler-4.1.19.Final.jar:/home/travis/build/icyphy/ptII/lib/netty-resolver-4.1.19.Final.jar:/home/travis/build/icyphy/ptII/lib/netty-resolver-dns-4.1.19.Final.jar:/home/travis/build/icyphy/ptII/lib/netty-transport-4.1.19.Final.jar:/home/travis/build/icyphy/ptII/lib/vertx-codegen-3.5.1.jar:/home/travis/build/icyphy/ptII/lib/vertx-core-3.5.2-SNAPSHOT.jar:/home/travis/build/icyphy/ptII/lib/vertx-hazelcast-3.5.1.jar:/home/travis/build/icyphy/ptII/lib/vertx-lang-js-3.5.1.jar:/home/travis/build/icyphy/ptII/lib/vertx-service-proxy-3.5.1.jar:/home/travis/build/icyphy/ptII/lib/vertx-web-3.5.1.jar:/home/travis/build/icyphy/ptII/lib/slf4j-api-1.7.13.jar:/home/travis/build/icyphy/ptII/lib/slf4j-simple-1.7.13.jar:/home/travis/build/icyphy/ptII/lib/webcam-capture-0.3.12.jar:/home/travis/build/icyphy/ptII/lib/bridj-0.7.0.jar:/home/travis/build/icyphy/ptII/lib/xbjlib-1.1.0.nrjavaserial.jar:/home/travis/build/icyphy/ptII/ptolemy/moml/test:/home/travis/build/icyphy/ptII/ant/lib/ant-launcher.jar:/home/travis/build/icyphy/ptII/ant/lib/ant.jar:/home/travis/build/icyphy/ptII/ant/lib/ant-junit.jar:/home/travis/build/icyphy/ptII/ant/lib/ant-junit4.jar" />
    <property name="ant.library.dir" value="/home/travis/build/icyphy/ptII/ant/lib" />
    <property name="os.arch" value="amd64" />
    <property name="env.CONTINUOUS_INTEGRATION" value="true" />
    <property name="env.TRAVIS_LANGUAGE" value="node_js" />
    <property name="env.TRAVIS_STACK_LANGUAGES" value="__sardonyx__ c c++ clojure cplusplus cpp default generic go groovy java node_js php pure_java python ruby scala" />
    <property name="test.name" value="ptolemy.actor.lib.test.junit.JUnitTclTest" />
    <property name="env.APT_KEY_DONT_WARN_ON_DANGEROUS_USAGE" value="1" />
    <property name="sun.java.launcher" value="SUN_STANDARD" />
    <property name="env.PYTHON_CONFIGURE_OPTS" value="--enable-unicode=ucs4 --with-wide-unicode --enable-shared --enable-ipv6 --enable-loadable-sqlite-extensions --with-computed-gotos" />
    <property name="ant.core.lib" value="/home/travis/build/icyphy/ptII/ant/lib/ant.jar" />
    <property name="java.vm.specification.vendor" value="Oracle Corporation" />
    <property name="env.BCVTB_HOME" value="/home/travis/build/icyphy/ptII/lbnl" />
    <property name="file.separator" value="/" />
    <property name="spotbugs.home" value="/home/travis/build/icyphy/ptII/vendors/spotbugs-3.1.1" />
    <property name="java.runtime.version" value="11.0.2+9" />
    <property name="env.ANSI_CLEAR" value="\033[0K" />
    <property name="javafx.verbose" value="true" />
    <property name="env.HAS_JOSH_K_SEAL_OF_APPROVAL" value="true" />
    <property name="env.XDG_RUNTIME_DIR" value="/run/user/2000" />
    <property name="env.TRAVIS_OSX_IMAGE" value="" />
    <property name="env.TRAVIS_JOB_ID" value="590257504" />
    <property name="env.TRAVIS_BRANCH" value="master" />
    <property name="user.country" value="US" />
    <property name="env.CERTI_HOME_TRAVIS" value="/home/travis/pthla/certi-tools" />
    <property name="env.SHELL" value="/bin/bash" />
    <property name="java.maxmemory.large" value="3200m" />
    <property name="model" value="" />
    <property name="env.CASHER_DIR" value="/home/travis/.casher" />
    <property name="env.NVM_CD_FLAGS" value="" />
    <property name="java.vendor.version" value="18.9" />
    <property name="jshint.executable" value="/home/travis/node_modules/jshint/bin/jshint" />
    <property name="env.JRUBY_OPTS" value=" --client -J-XX:+TieredCompilation -J-XX:TieredStopAtLevel=1 -J-Xss2m -Xcompile.invokedynamic=false" />
    <property name="java.vendor" value="Oracle Corporation" />
    <property name="env.TRAVIS_PRE_CHEF_BOOTSTRAP_TIME" value="2019-03-25T16:16:42" />
    <property name="env.TRAVIS_STACK_JOB_BOARD_REGISTER" value="/.job-board-register.yml" />
    <property name="env.ANSI_RED" value="\033[31;1m" />
    <property name="java.specification.version" value="11" />
    <property name="env.IRBRC" value="/home/travis/.rvm/rubies/ruby-2.5.3/.irbrc" />
    <property name="env.TRAVIS" value="true" />
    <property name="sun.arch.data.model" value="64" />
  </properties>
  <testcase classname="ptolemy.util.test.junit.TclTests" name="[0] /home/travis/build/icyphy/ptII/ptolemy/domains/de/test/DependencyLoop.tcl (RunTclFile)" time="0.994" />
  <testcase classname="ptolemy.util.test.junit.TclTests" name="[1] /home/travis/build/icyphy/ptII/ptolemy/domains/de/test/RunDETestsAsQSS.tcl (RunTclFile)" time="89.479" />
  <testcase classname="ptolemy.util.test.junit.AutoKnownFailedTests" name="[0] /home/travis/build/icyphy/ptII/ptolemy/domains/de/test/auto/knownFailedTests/DESDFClockTest.xml (RunModel)" time="2.058" />
  <testcase classname="ptolemy.util.test.junit.AutoKnownFailedTests" name="[1] /home/travis/build/icyphy/ptII/ptolemy/domains/de/test/auto/knownFailedTests/DirectFeedback.xml (RunModel)" time="0.02" />
  <testcase classname="ptolemy.util.test.junit.AutoKnownFailedTests" name="[2] /home/travis/build/icyphy/ptII/ptolemy/domains/de/test/auto/knownFailedTests/FSMSource.xml (RunModel)" time="0.026" />
  <testcase classname="ptolemy.util.test.junit.AutoKnownFailedTests" name="[3] /home/travis/build/icyphy/ptII/ptolemy/domains/de/test/auto/knownFailedTests/HierarchicalModel.xml (RunModel)" time="0.08" />
  <testcase classname="ptolemy.util.test.junit.AutoKnownFailedTests" name="[4] /home/travis/build/icyphy/ptII/ptolemy/domains/de/test/auto/knownFailedTests/dependencyLoop.xml (RunModel)" time="0.047" />
  <testcase classname="ptolemy.util.test.junit.AutoKnownFailedTests" name="[5] /home/travis/build/icyphy/ptII/ptolemy/domains/de/test/auto/knownFailedTests/dependencyLoop2.xml (RunModel)" time="0.048" />
  <testcase classname="ptolemy.util.test.junit.AutoNameArchTests" name="[0] ThereAreNoAutoArchTests (RunModel)" time="0.002" />
  <testcase classname="ptolemy.util.test.junit.AutoTests" name="[0] /home/travis/build/icyphy/ptII/ptolemy/domains/de/test/auto/ActorDepthCalculation_actorWithoutPorts.xml (RunModel)" time="0.028" />
  <testcase classname="ptolemy.util.test.junit.AutoTests" name="[1] /home/travis/build/icyphy/ptII/ptolemy/domains/de/test/auto/AssemblyLine.xml (RunModel)" time="0.025" />
  <testcase classname="ptolemy.util.test.junit.AutoTests" name="[2] /home/travis/build/icyphy/ptII/ptolemy/domains/de/test/auto/CQBug1.xml (RunModel)" time="0.011" />
  <testcase classname="ptolemy.util.test.junit.AutoTests" name="[3] /home/travis/build/icyphy/ptII/ptolemy/domains/de/test/auto/CancelFireAt.xml (RunModel)" time="0.023" />
  <testcase classname="ptolemy.util.test.junit.AutoTests" name="[4] /home/travis/build/icyphy/ptII/ptolemy/domains/de/test/auto/CausalityAndComposabilityAnalysis.xml (RunModel)" time="0.023" />
  <testcase classname="ptolemy.util.test.junit.AutoTests" name="[5] /home/travis/build/icyphy/ptII/ptolemy/domains/de/test/auto/CausalityInterface1.xml (RunModel)" time="0.015" />
  <testcase classname="ptolemy.util.test.junit.AutoTests" name="[6] /home/travis/build/icyphy/ptII/ptolemy/domains/de/test/auto/CausalityInterface15.xml (RunModel)" time="0.016" />
  <testcase classname="ptolemy.util.test.junit.AutoTests" name="[7] /home/travis/build/icyphy/ptII/ptolemy/domains/de/test/auto/CausalityInterface2.xml (RunModel)" time="0.019" />
  <testcase classname="ptolemy.util.test.junit.AutoTests" name="[8] /home/travis/build/icyphy/ptII/ptolemy/domains/de/test/auto/CausalityInterface3.xml (RunModel)" time="0.012" />
  <testcase classname="ptolemy.util.test.junit.AutoTests" name="[9] /home/travis/build/icyphy/ptII/ptolemy/domains/de/test/auto/ClockDrift.xml (RunModel)" time="0.036" />
  <testcase classname="ptolemy.util.test.junit.AutoTests" name="[10] /home/travis/build/icyphy/ptII/ptolemy/domains/de/test/auto/ClockDriftAndValueChange.xml (RunModel)" time="0.036" />
  <testcase classname="ptolemy.util.test.junit.AutoTests" name="[11] /home/travis/build/icyphy/ptII/ptolemy/domains/de/test/auto/ClockDriftChange.xml (RunModel)" time="0.031" />
  <testcase classname="ptolemy.util.test.junit.AutoTests" name="[12] /home/travis/build/icyphy/ptII/ptolemy/domains/de/test/auto/ComposableCausalityAnalysis.xml (RunModel)" time="0.013" />
  <testcase classname="ptolemy.util.test.junit.AutoTests" name="[13] /home/travis/build/icyphy/ptII/ptolemy/domains/de/test/auto/DEFixedPointLimitation.xml (RunModel)" time="0.013" />
  <testcase classname="ptolemy.util.test.junit.AutoTests" name="[14] /home/travis/build/icyphy/ptII/ptolemy/domains/de/test/auto/DEScheduleTest.xml (RunModel)" time="0.016" />
  <testcase classname="ptolemy.util.test.junit.AutoTests" name="[15] /home/travis/build/icyphy/ptII/ptolemy/domains/de/test/auto/DEinDEwithStartTimes.xml (RunModel)" time="0.015" />
  <testcase classname="ptolemy.util.test.junit.AutoTests" name="[16] /home/travis/build/icyphy/ptII/ptolemy/domains/de/test/auto/DEinDEwithStartTimes2.xml (RunModel)" time="0.016" />
  <testcase classname="ptolemy.util.test.junit.AutoTests" name="[17] /home/travis/build/icyphy/ptII/ptolemy/domains/de/test/auto/DateDemo.xml (RunModel)" time="0.034" />
  <testcase classname="ptolemy.util.test.junit.AutoTests" name="[18] /home/travis/build/icyphy/ptII/ptolemy/domains/de/test/auto/DateToEvent.xml (RunModel)" time="2.04" />
  <testcase classname="ptolemy.util.test.junit.AutoTests" name="[19] /home/travis/build/icyphy/ptII/ptolemy/domains/de/test/auto/DepthTest1.xml (RunModel)" time="0.024" />
  <testcase classname="ptolemy.util.test.junit.AutoTests" name="[20] /home/travis/build/icyphy/ptII/ptolemy/domains/de/test/auto/DepthTest2.xml (RunModel)" time="0.02" />
  <testcase classname="ptolemy.util.test.junit.AutoTests" name="[21] /home/travis/build/icyphy/ptII/ptolemy/domains/de/test/auto/DepthTest3.xml (RunModel)" time="0.01" />
  <testcase classname="ptolemy.util.test.junit.AutoTests" name="[22] /home/travis/build/icyphy/ptII/ptolemy/domains/de/test/auto/DepthTest4.xml (RunModel)" time="0.021" />
  <testcase classname="ptolemy.util.test.junit.AutoTests" name="[23] /home/travis/build/icyphy/ptII/ptolemy/domains/de/test/auto/DepthTest5.xml (RunModel)" time="0.017" />
  <testcase classname="ptolemy.util.test.junit.AutoTests" name="[24] /home/travis/build/icyphy/ptII/ptolemy/domains/de/test/auto/DepthTest6.xml (RunModel)" time="0.019" />
  <testcase classname="ptolemy.util.test.junit.AutoTests" name="[25] /home/travis/build/icyphy/ptII/ptolemy/domains/de/test/auto/DepthTest7.xml (RunModel)" time="0.013" />
  <testcase classname="ptolemy.util.test.junit.AutoTests" name="[26] /home/travis/build/icyphy/ptII/ptolemy/domains/de/test/auto/EventToDate.xml (RunModel)" time="3.042" />
  <testcase classname="ptolemy.util.test.junit.AutoTests" name="[27] /home/travis/build/icyphy/ptII/ptolemy/domains/de/test/auto/FSM1.xml (RunModel)" time="0.051" />
  <testcase classname="ptolemy.util.test.junit.AutoTests" name="[28] /home/travis/build/icyphy/ptII/ptolemy/domains/de/test/auto/FSM7.xml (RunModel)" time="0.044" />
  <testcase classname="ptolemy.util.test.junit.AutoTests" name="[29] /home/travis/build/icyphy/ptII/ptolemy/domains/de/test/auto/Inspection.xml (RunModel)" time="0.047" />
  <testcase classname="ptolemy.util.test.junit.AutoTests" name="[30] /home/travis/build/icyphy/ptII/ptolemy/domains/de/test/auto/Iteration.xml (RunModel)" time="0.025" />
  <testcase classname="ptolemy.util.test.junit.AutoTests" name="[31] /home/travis/build/icyphy/ptII/ptolemy/domains/de/test/auto/LineFault.xml (RunModel)" time="0.631" />
  <testcase classname="ptolemy.util.test.junit.AutoTests" name="[32] /home/travis/build/icyphy/ptII/ptolemy/domains/de/test/auto/MergeModel1Add.xml (RunModel)" time="0.051" />
  <testcase classname="ptolemy.util.test.junit.AutoTests" name="[33] /home/travis/build/icyphy/ptII/ptolemy/domains/de/test/auto/MergeModel2Add.xml (RunModel)" time="0.045" />
  <testcase classname="ptolemy.util.test.junit.AutoTests" name="[34] /home/travis/build/icyphy/ptII/ptolemy/domains/de/test/auto/MergeModel3Add.xml (RunModel)" time="0.043" />
  <testcase classname="ptolemy.util.test.junit.AutoTests" name="[35] /home/travis/build/icyphy/ptII/ptolemy/domains/de/test/auto/MergeWithoutDiscard.xml (RunModel)" time="0.027" />
  <testcase classname="ptolemy.util.test.junit.AutoTests" name="[36] /home/travis/build/icyphy/ptII/ptolemy/domains/de/test/auto/Modal1.xml (RunModel)" time="0.027" />
  <testcase classname="ptolemy.util.test.junit.AutoTests" name="[37] /home/travis/build/icyphy/ptII/ptolemy/domains/de/test/auto/Modal2.xml (RunModel)" time="0.043" />
  <testcase classname="ptolemy.util.test.junit.AutoTests" name="[38] /home/travis/build/icyphy/ptII/ptolemy/domains/de/test/auto/Modal3.xml (RunModel)" time="0.031" />
  <testcase classname="ptolemy.util.test.junit.AutoTests" name="[39] /home/travis/build/icyphy/ptII/ptolemy/domains/de/test/auto/Modal4.xml (RunModel)" time="0.036" />
  <testcase classname="ptolemy.util.test.junit.AutoTests" name="[40] /home/travis/build/icyphy/ptII/ptolemy/domains/de/test/auto/Modal5.xml (RunModel)" time="0.027" />
  <testcase classname="ptolemy.util.test.junit.AutoTests" name="[41] /home/travis/build/icyphy/ptII/ptolemy/domains/de/test/auto/Modal6.xml (RunModel)" time="0.038" />
  <testcase classname="ptolemy.util.test.junit.AutoTests" name="[42] /home/travis/build/icyphy/ptII/ptolemy/domains/de/test/auto/Modal7.xml (RunModel)" time="0.029" />
  <testcase classname="ptolemy.util.test.junit.AutoTests" name="[43] /home/travis/build/icyphy/ptII/ptolemy/domains/de/test/auto/ModalModel.xml (RunModel)" time="0.204" />
  <testcase classname="ptolemy.util.test.junit.AutoTests" name="[44] /home/travis/build/icyphy/ptII/ptolemy/domains/de/test/auto/ModalSource.xml (RunModel)" time="0.026" />
  <testcase classname="ptolemy.util.test.junit.AutoTests" name="[45] /home/travis/build/icyphy/ptII/ptolemy/domains/de/test/auto/NonInterruptibleTimerZeroDelay.xml (RunModel)" time="0.009" />
  <testcase classname="ptolemy.util.test.junit.AutoTests" name="[46] /home/travis/build/icyphy/ptII/ptolemy/domains/de/test/auto/OpenQueueingNetwork.xml (RunModel)" time="2.547" />
  <testcase classname="ptolemy.util.test.junit.AutoTests" name="[47] /home/travis/build/icyphy/ptII/ptolemy/domains/de/test/auto/OpenQueuingNetwork.xml (RunModel)" time="0.305" />
  <testcase classname="ptolemy.util.test.junit.AutoTests" name="[48] /home/travis/build/icyphy/ptII/ptolemy/domains/de/test/auto/PeriodicSampler.xml (RunModel)" time="0.013" />
  <testcase classname="ptolemy.util.test.junit.AutoTests" name="[49] /home/travis/build/icyphy/ptII/ptolemy/domains/de/test/auto/PersistentIO.xml (RunModel)" time="0.024" />
  <testcase classname="ptolemy.util.test.junit.AutoTests" name="[50] /home/travis/build/icyphy/ptII/ptolemy/domains/de/test/auto/PortParameterResetOnInitialize.xml (RunModel)" time="0.015" />
  <testcase classname="ptolemy.util.test.junit.AutoTests" name="[51] /home/travis/build/icyphy/ptII/ptolemy/domains/de/test/auto/PortParameterUpdates.xml (RunModel)" time="0.017" />
  <testcase classname="ptolemy.util.test.junit.AutoTests" name="[52] /home/travis/build/icyphy/ptII/ptolemy/domains/de/test/auto/QueueAndServer.xml (RunModel)" time="0.024" />
  <testcase classname="ptolemy.util.test.junit.AutoTests" name="[53] /home/travis/build/icyphy/ptII/ptolemy/domains/de/test/auto/Records.xml (RunModel)" time="0.016" />
  <testcase classname="ptolemy.util.test.junit.AutoTests" name="[54] /home/travis/build/icyphy/ptII/ptolemy/domains/de/test/auto/ResetTransitionWithStartTime1.xml (RunModel)" time="0.024" />
  <testcase classname="ptolemy.util.test.junit.AutoTests" name="[55] /home/travis/build/icyphy/ptII/ptolemy/domains/de/test/auto/ResetTransitionWithStartTime2.xml (RunModel)" time="0.033" />
  <testcase classname="ptolemy.util.test.junit.AutoTests" name="[56] /home/travis/build/icyphy/ptII/ptolemy/domains/de/test/auto/ResetTransitionWithStartTime3.xml (RunModel)" time="0.023" />
  <testcase classname="ptolemy.util.test.junit.AutoTests" name="[57] /home/travis/build/icyphy/ptII/ptolemy/domains/de/test/auto/ResetTransitionWithStartTime4.xml (RunModel)" time="0.016" />
  <testcase classname="ptolemy.util.test.junit.AutoTests" name="[58] /home/travis/build/icyphy/ptII/ptolemy/domains/de/test/auto/ResettableTimer1.xml (RunModel)" time="0.014" />
  <testcase classname="ptolemy.util.test.junit.AutoTests" name="[59] /home/travis/build/icyphy/ptII/ptolemy/domains/de/test/auto/ResettableTimer2.xml (RunModel)" time="0.012" />
  <testcase classname="ptolemy.util.test.junit.AutoTests" name="[60] /home/travis/build/icyphy/ptII/ptolemy/domains/de/test/auto/ResettableTimer3.xml (RunModel)" time="0.008" />
  <testcase classname="ptolemy.util.test.junit.AutoTests" name="[61] /home/travis/build/icyphy/ptII/ptolemy/domains/de/test/auto/ResettableTimer4.xml (RunModel)" time="0.011" />
  <testcase classname="ptolemy.util.test.junit.AutoTests" name="[62] /home/travis/build/icyphy/ptII/ptolemy/domains/de/test/auto/ResettableTimer5.xml (RunModel)" time="0.009" />
  <testcase classname="ptolemy.util.test.junit.AutoTests" name="[63] /home/travis/build/icyphy/ptII/ptolemy/domains/de/test/auto/ResettableTimer6.xml (RunModel)" time="0.017" />
  <testcase classname="ptolemy.util.test.junit.AutoTests" name="[64] /home/travis/build/icyphy/ptII/ptolemy/domains/de/test/auto/ServerZeroDelay.xml (RunModel)" time="0.01" />
  <testcase classname="ptolemy.util.test.junit.AutoTests" name="[65] /home/travis/build/icyphy/ptII/ptolemy/domains/de/test/auto/SmartSender.xml (RunModel)" time="3.008" />
  <testcase classname="ptolemy.util.test.junit.AutoTests" name="[66] /home/travis/build/icyphy/ptII/ptolemy/domains/de/test/auto/ThreadedComposite.xml (RunModel)" time="0.11" />
  <testcase classname="ptolemy.util.test.junit.AutoTests" name="[67] /home/travis/build/icyphy/ptII/ptolemy/domains/de/test/auto/Time.xml (RunModel)" time="0.444" />
  <testcase classname="ptolemy.util.test.junit.AutoTests" name="[68] /home/travis/build/icyphy/ptII/ptolemy/domains/de/test/auto/TimeDelayZeroDelay.xml (RunModel)" time="0.013" />
  <testcase classname="ptolemy.util.test.junit.AutoTests" name="[69] /home/travis/build/icyphy/ptII/ptolemy/domains/de/test/auto/TimerZeroDelay.xml (RunModel)" time="0.012" />
  <testcase classname="ptolemy.util.test.junit.AutoTests" name="[70] /home/travis/build/icyphy/ptII/ptolemy/domains/de/test/auto/TimingParadox.xml (RunModel)" time="0.354" />
  <testcase classname="ptolemy.util.test.junit.AutoTests" name="[71] /home/travis/build/icyphy/ptII/ptolemy/domains/de/test/auto/TransferInputs.xml (RunModel)" time="0.01" />
  <testcase classname="ptolemy.util.test.junit.AutoTests" name="[72] /home/travis/build/icyphy/ptII/ptolemy/domains/de/test/auto/TransferOutputs2.xml (RunModel)" time="0.016" />
  <testcase classname="ptolemy.util.test.junit.AutoTests" name="[73] /home/travis/build/icyphy/ptII/ptolemy/domains/de/test/auto/Trilateration.xml (RunModel)" time="13.006" />
  <testcase classname="ptolemy.util.test.junit.AutoTests" name="[74] /home/travis/build/icyphy/ptII/ptolemy/domains/de/test/auto/TwoSigmaDelta.xml (RunModel)" time="2.205" />
  <testcase classname="ptolemy.util.test.junit.AutoTests" name="[75] /home/travis/build/icyphy/ptII/ptolemy/domains/de/test/auto/VariableDelay.xml (RunModel)" time="0.017" />
  <testcase classname="ptolemy.util.test.junit.AutoTests" name="[76] /home/travis/build/icyphy/ptII/ptolemy/domains/de/test/auto/VariableDelay2.xml (RunModel)" time="0.01" />
  <testcase classname="ptolemy.util.test.junit.AutoTests" name="[77] /home/travis/build/icyphy/ptII/ptolemy/domains/de/test/auto/VariableDelayZeroDelay.xml (RunModel)" time="0.012" />
  <testcase classname="ptolemy.util.test.junit.AutoTests" name="[78] /home/travis/build/icyphy/ptII/ptolemy/domains/de/test/auto/VariableDelayZeroDelay2.xml (RunModel)" time="0.01" />
  <testcase classname="ptolemy.util.test.junit.AutoTests" name="[79] /home/travis/build/icyphy/ptII/ptolemy/domains/de/test/auto/deInCt.xml (RunModel)" time="0.018" />
  <testcase classname="ptolemy.util.test.junit.AutoTests" name="[80] /home/travis/build/icyphy/ptII/ptolemy/domains/de/test/auto/deInCt2.xml (RunModel)" time="0.02" />
  <testcase classname="ptolemy.util.test.junit.AutoTests" name="[81] /home/travis/build/icyphy/ptII/ptolemy/domains/de/test/auto/dynamicCausalityInterface1.xml (RunModel)" time="0.02" />
  <testcase classname="ptolemy.util.test.junit.AutoTests" name="[82] /home/travis/build/icyphy/ptII/ptolemy/domains/de/test/auto/fsm_de_test.xml (RunModel)" time="0.027" />
  <testcase classname="ptolemy.util.test.junit.AutoTests" name="[83] /home/travis/build/icyphy/ptII/ptolemy/domains/de/test/auto/functionDependencyReconstruction.xml (RunModel)" time="0.03" />
  <testcase classname="ptolemy.util.test.junit.AutoTests" name="[84] /home/travis/build/icyphy/ptII/ptolemy/domains/de/test/auto/multirate.xml (RunModel)" time="0.025" />
  <testcase classname="ptolemy.util.test.junit.AutoTests" name="[85] /home/travis/build/icyphy/ptII/ptolemy/domains/de/test/auto/multirate2.xml (RunModel)" time="0.014" />
  <testcase classname="ptolemy.util.test.junit.AutoTests" name="[86] /home/travis/build/icyphy/ptII/ptolemy/domains/de/test/auto/realtime.xml (RunModel)" time="10.01" />
  <testcase classname="ptolemy.util.test.junit.AutoTests" name="[87] /home/travis/build/icyphy/ptII/ptolemy/domains/de/test/auto/relationGroup.xml (RunModel)" time="0.008" />
  <testcase classname="ptolemy.util.test.junit.AutoTests" name="[88] /home/travis/build/icyphy/ptII/ptolemy/domains/de/test/auto/relationGroup2.xml (RunModel)" time="0.007" />
  <testcase classname="ptolemy.util.test.junit.AutoTests" name="[89] /home/travis/build/icyphy/ptII/ptolemy/domains/de/test/auto/sortWithOpaquePorts.xml (RunModel)" time="0.017" />
  <testcase classname="ptolemy.util.test.junit.AutoTests" name="[90] /home/travis/build/icyphy/ptII/ptolemy/domains/de/test/auto/transferInputsandOutputs.xml (RunModel)" time="0.021" />
  <testcase classname="ptolemy.util.test.junit.AutoTests" name="[91] /home/travis/build/icyphy/ptII/ptolemy/domains/de/test/auto/triggerType.xml (RunModel)" time="0.009" />
  <system-out><![CDATA[/home/travis/build/icyphy/ptII/ptolemy/domains/de/test/DependencyLoop.tcl
testDefs.tcl: setting time out to 9000 seconds at Fri Sep 27 05:44:27 UTC 2019
63 ms. Memory: 120832K Free: 71624K (59%)
11 ms. Memory: 120832K Free: 54216K (45%)
/home/travis/build/icyphy/ptII/ptolemy/domains/de/test/RunDETestsAsQSS.tcl
Run the DE tests using ptolemy.domains.qss.test.QSSDirectorTest, which extends QSSDirector and prints a message in the constructors.
------------------ testing $PTII/ptolemy/domains/de/test/auto/knownFailedTests/DirectFeedback.xml (Known Failure) 
50 ms. Memory: 120832K Free: 48582K (40%)


==== $PTIIhome/travis/build/icyphy/ptII/ptolemy/domains/de/test/../../../../: Auto Automatic test in file $PTII/ptolemy/domains/de/test/auto/knownFailedTests/DirectFeedback.xml
==== Contents of test case:

	    # FIXME: we should use $relativeFilename here, but it
	    # might have backslashes under Windows, which causes no end
	    # of trouble.
	    createAndExecute $file
	    list {}
	
.... Test generated KNOWN error:
    while executing
ptolemy.kernel.util.IllegalActionException: Test fails in iteration 1.
Value was: 1.0. Should have been: 2.0
  in .DirectFeedback.Test
	at ptolemy.actor.lib.Test.fire(Test.java:268)
	at ptolemy.domains.de.kernel.DEDirector._fire(DEDirector.java:1949)
	at ptolemy.domains.de.kernel.DEDirector.fire(DEDirector.java:502)
	at ptolemy.actor.CompositeActor.fire(CompositeActor.java:455)
	at ptolemy.actor.Manager.iterate(Manager.java:851)
	at ptolemy.actor.Manager.execute(Manager.java:369)
	at ptolemy.actor.Manager.run(Manager.java:1263)
	at ptolemy.actor.Manager$PtolemyRunThread.run(Manager.java:1933)

    while executing
ptolemy.kernel.util.IllegalActionException: Test fails in iteration 1.
Value was: 1.0. Should have been: 2.0
  in .DirectFeedback.Test
    while executing
"java::new ptolemy.moml.MoMLSimpleApplication $file
"
    (procedure "createAndExecute" line 2)
    invoked from within
"createAndExecute $file"
    ("uplevel" body line 5)
    invoked from within
"uplevel $contents_of_test"
------------------ testing $PTII/ptolemy/domains/de/test/auto/knownFailedTests/dependencyLoop.xml (Known Failure) 
37 ms. Memory: 120832K Free: 108178K (90%)


==== $PTIIhome/travis/build/icyphy/ptII/ptolemy/domains/de/test/../../../../: Auto Automatic test in file $PTII/ptolemy/domains/de/test/auto/knownFailedTests/dependencyLoop.xml
==== Contents of test case:

	    # FIXME: we should use $relativeFilename here, but it
	    # might have backslashes under Windows, which causes no end
	    # of trouble.
	    createAndExecute $file
	    list {}
	
.... Test generated KNOWN error:
    while executing
ptolemy.kernel.util.IllegalActionException: Found a zero delay loop containing .dependencyLoop.original
  in .dependencyLoop and .dependencyLoop.original
	at ptolemy.actor.util.CausalityInterfaceForComposites._computeOutputPortDepth(CausalityInterfaceForComposites.java:759)
	at ptolemy.actor.util.CausalityInterfaceForComposites._computeInputDepth(CausalityInterfaceForComposites.java:696)
	at ptolemy.actor.util.CausalityInterfaceForComposites._computeOutputPortDepth(CausalityInterfaceForComposites.java:765)
	at ptolemy.actor.util.CausalityInterfaceForComposites._computeInputDepth(CausalityInterfaceForComposites.java:696)
	at ptolemy.actor.util.CausalityInterfaceForComposites._computeOutputPortDepth(CausalityInterfaceForComposites.java:765)
	at ptolemy.actor.util.CausalityInterfaceForComposites._computeInputDepth(CausalityInterfaceForComposites.java:696)
	at ptolemy.actor.util.CausalityInterfaceForComposites._computeActorDepth(CausalityInterfaceForComposites.java:532)
	at ptolemy.actor.util.CausalityInterfaceForComposites.checkForCycles(CausalityInterfaceForComposites.java:96)
	at ptolemy.domains.de.kernel.DEDirector.preinitialize(DEDirector.java:1338)
	at ptolemy.actor.CompositeActor.preinitialize(CompositeActor.java:1828)
	at ptolemy.actor.Manager.preinitializeAndResolveTypes(Manager.java:1040)
	at ptolemy.actor.Manager.initialize(Manager.java:710)
	at ptolemy.actor.Manager.execute(Manager.java:356)
	at ptolemy.actor.Manager.run(Manager.java:1263)
	at ptolemy.actor.Manager$PtolemyRunThread.run(Manager.java:1933)

    while executing
ptolemy.kernel.util.IllegalActionException: Found a zero delay loop containing .dependencyLoop.original
  in .dependencyLoop and .dependencyLoop.original
    while executing
"java::new ptolemy.moml.MoMLSimpleApplication $file
"
    (procedure "createAndExecute" line 2)
    invoked from within
"createAndExecute $file"
    ("uplevel" body line 5)
    invoked from within
"uplevel $contents_of_test"
------------------ testing $PTII/ptolemy/domains/de/test/auto/knownFailedTests/FSMSource.xml (Known Failure) 
80 ms. Memory: 120832K Free: 98771K (82%)
!!!! Auto was marked as failing, but now passes
------------------ testing $PTII/ptolemy/domains/de/test/auto/knownFailedTests/HierarchicalModel.xml (Known Failure) 
6 ms. Memory: 120832K Free: 81622K (68%)


==== $PTIIhome/travis/build/icyphy/ptII/ptolemy/domains/de/test/../../../../: Auto Automatic test in file $PTII/ptolemy/domains/de/test/auto/knownFailedTests/HierarchicalModel.xml
==== Contents of test case:

	    # FIXME: we should use $relativeFilename here, but it
	    # might have backslashes under Windows, which causes no end
	    # of trouble.
	    createAndExecute $file
	    list {}
	
.... Test generated KNOWN error:
    while executing
ptolemy.kernel.util.IllegalActionException: Found a zero delay loop containing .HierarchicalModel.A
  in .HierarchicalModel and .HierarchicalModel.A
	at ptolemy.actor.util.CausalityInterfaceForComposites._computeOutputPortDepth(CausalityInterfaceForComposites.java:759)
	at ptolemy.actor.util.CausalityInterfaceForComposites._computeInputDepth(CausalityInterfaceForComposites.java:696)
	at ptolemy.actor.util.CausalityInterfaceForComposites._computeOutputPortDepth(CausalityInterfaceForComposites.java:765)
	at ptolemy.actor.util.CausalityInterfaceForComposites._computeInputDepth(CausalityInterfaceForComposites.java:696)
	at ptolemy.actor.util.CausalityInterfaceForComposites._computeOutputPortDepth(CausalityInterfaceForComposites.java:765)
	at ptolemy.actor.util.CausalityInterfaceForComposites._computeInputDepth(CausalityInterfaceForComposites.java:696)
	at ptolemy.actor.util.CausalityInterfaceForComposites._computeActorDepth(CausalityInterfaceForComposites.java:532)
	at ptolemy.actor.util.CausalityInterfaceForComposites.checkForCycles(CausalityInterfaceForComposites.java:96)
	at ptolemy.domains.de.kernel.DEDirector.preinitialize(DEDirector.java:1338)
	at ptolemy.actor.CompositeActor.preinitialize(CompositeActor.java:1828)
	at ptolemy.actor.Manager.preinitializeAndResolveTypes(Manager.java:1040)
	at ptolemy.actor.Manager.initialize(Manager.java:710)
	at ptolemy.actor.Manager.execute(Manager.java:356)
	at ptolemy.actor.Manager.run(Manager.java:1263)
	at ptolemy.actor.Manager$PtolemyRunThread.run(Manager.java:1933)

    while executing
ptolemy.kernel.util.IllegalActionException: Found a zero delay loop containing .HierarchicalModel.A
  in .HierarchicalModel and .HierarchicalModel.A
    while executing
"java::new ptolemy.moml.MoMLSimpleApplication $file
"
    (procedure "createAndExecute" line 2)
    invoked from within
"createAndExecute $file"
    ("uplevel" body line 5)
    invoked from within
"uplevel $contents_of_test"
------------------ testing $PTII/ptolemy/domains/de/test/auto/knownFailedTests/dependencyLoop2.xml (Known Failure) 
30 ms. Memory: 120832K Free: 105236K (87%)


==== $PTIIhome/travis/build/icyphy/ptII/ptolemy/domains/de/test/../../../../: Auto Automatic test in file $PTII/ptolemy/domains/de/test/auto/knownFailedTests/dependencyLoop2.xml
==== Contents of test case:

	    # FIXME: we should use $relativeFilename here, but it
	    # might have backslashes under Windows, which causes no end
	    # of trouble.
	    createAndExecute $file
	    list {}
	
.... Test generated KNOWN error:
    while executing
ptolemy.kernel.util.IllegalActionException: Found a zero delay loop containing .dependencyLoop2.original
  in .dependencyLoop2 and .dependencyLoop2.original
	at ptolemy.actor.util.CausalityInterfaceForComposites._computeOutputPortDepth(CausalityInterfaceForComposites.java:759)
	at ptolemy.actor.util.CausalityInterfaceForComposites._computeInputDepth(CausalityInterfaceForComposites.java:696)
	at ptolemy.actor.util.CausalityInterfaceForComposites._computeOutputPortDepth(CausalityInterfaceForComposites.java:765)
	at ptolemy.actor.util.CausalityInterfaceForComposites._computeInputDepth(CausalityInterfaceForComposites.java:696)
	at ptolemy.actor.util.CausalityInterfaceForComposites._computeOutputPortDepth(CausalityInterfaceForComposites.java:765)
	at ptolemy.actor.util.CausalityInterfaceForComposites._computeInputDepth(CausalityInterfaceForComposites.java:696)
	at ptolemy.actor.util.CausalityInterfaceForComposites._computeActorDepth(CausalityInterfaceForComposites.java:532)
	at ptolemy.actor.util.CausalityInterfaceForComposites.checkForCycles(CausalityInterfaceForComposites.java:96)
	at ptolemy.domains.de.kernel.DEDirector.preinitialize(DEDirector.java:1338)
	at ptolemy.actor.CompositeActor.preinitialize(CompositeActor.java:1828)
	at ptolemy.actor.Manager.preinitializeAndResolveTypes(Manager.java:1040)
	at ptolemy.actor.Manager.initialize(Manager.java:710)
	at ptolemy.actor.Manager.execute(Manager.java:356)
	at ptolemy.actor.Manager.run(Manager.java:1263)
	at ptolemy.actor.Manager$PtolemyRunThread.run(Manager.java:1933)

    while executing
ptolemy.kernel.util.IllegalActionException: Found a zero delay loop containing .dependencyLoop2.original
  in .dependencyLoop2 and .dependencyLoop2.original
    while executing
"java::new ptolemy.moml.MoMLSimpleApplication $file
"
    (procedure "createAndExecute" line 2)
    invoked from within
"createAndExecute $file"
    ("uplevel" body line 5)
    invoked from within
"uplevel $contents_of_test"
------------------ testing $PTII/ptolemy/domains/de/test/auto/knownFailedTests/DESDFClockTest.xml (Known Failure) 
2062 ms. Memory: 120832K Free: 92236K (76%)


==== $PTIIhome/travis/build/icyphy/ptII/ptolemy/domains/de/test/../../../../: Auto Automatic test in file $PTII/ptolemy/domains/de/test/auto/knownFailedTests/DESDFClockTest.xml
==== Contents of test case:

	    # FIXME: we should use $relativeFilename here, but it
	    # might have backslashes under Windows, which causes no end
	    # of trouble.
	    createAndExecute $file
	    list {}
	
.... Test generated KNOWN error:
    while executing
ptolemy.kernel.util.IllegalActionException: Actor is not ready to fire.  Perhaps UpSample.prefire() returned false? Try debugging the actor by selecting "Listen to Actor".  Also, for SDF check moml for tokenConsumptionRate on input.
  in .DESDFClockTest.Play Bell.Copy1:SDF Director and .DESDFClockTest.Play Bell.UpSample
	at ptolemy.actor.sched.StaticSchedulingDirector.fire(StaticSchedulingDirector.java:227)
	at ptolemy.domains.sdf.kernel.SDFDirector.fire(SDFDirector.java:500)
	at ptolemy.actor.CompositeActor.fire(CompositeActor.java:455)
	at ptolemy.domains.de.kernel.DEDirector._fire(DEDirector.java:1949)
	at ptolemy.domains.de.kernel.DEDirector.fire(DEDirector.java:502)
	at ptolemy.actor.CompositeActor.fire(CompositeActor.java:455)
	at ptolemy.actor.Manager.iterate(Manager.java:851)
	at ptolemy.actor.Manager.execute(Manager.java:369)
	at ptolemy.actor.Manager.run(Manager.java:1263)
	at ptolemy.actor.Manager$PtolemyRunThread.run(Manager.java:1933)

    while executing
ptolemy.kernel.util.IllegalActionException: Actor is not ready to fire.  Perhaps UpSample.prefire() returned false? Try debugging the actor by selecting "Listen to Actor".  Also, for SDF check moml for tokenConsumptionRate on input.
  in .DESDFClockTest.Play Bell.Copy1:SDF Director and .DESDFClockTest.Play Bell.UpSample
    while executing
"java::new ptolemy.moml.MoMLSimpleApplication $file
"
    (procedure "createAndExecute" line 2)
    invoked from within
"createAndExecute $file"
    ("uplevel" body line 5)
    invoked from within
"uplevel $contents_of_test"
------------------ testing $PTII/ptolemy/domains/de/test/auto/ActorDepthCalculation_actorWithoutPorts.xml
auto.tcl: Setting watchdog for 200 seconds at Fri Sep 27 05:44:31 UTC 2019
5 ms. Memory: 120832K Free: 85022K (70%)
ptolemy.util.test.WatchDog.cancel(): canceling Fri Sep 27 05:44:31 UTC 2019
auto.tcl: Setting watchdog for 200 seconds at Fri Sep 27 05:44:31 UTC 2019
7 ms. Memory: 120832K Free: 83732K (69%)
ptolemy.util.test.WatchDog.cancel(): canceling Fri Sep 27 05:44:31 UTC 2019
------------------ testing $PTII/ptolemy/domains/de/test/auto/AssemblyLine.xml
auto.tcl: Setting watchdog for 200 seconds at Fri Sep 27 05:44:31 UTC 2019
24 ms. Memory: 48128K Free: 25770K (54%)
ptolemy.util.test.WatchDog.cancel(): canceling Fri Sep 27 05:44:32 UTC 2019
auto.tcl: Setting watchdog for 200 seconds at Fri Sep 27 05:44:32 UTC 2019
7 ms. Memory: 48128K Free: 24930K (52%)
ptolemy.util.test.WatchDog.cancel(): canceling Fri Sep 27 05:44:32 UTC 2019
------------------ testing $PTII/ptolemy/domains/de/test/auto/CQBug1.xml
auto.tcl: Setting watchdog for 200 seconds at Fri Sep 27 05:44:32 UTC 2019
3 ms. Memory: 48128K Free: 31604K (66%)
ptolemy.util.test.WatchDog.cancel(): canceling Fri Sep 27 05:44:32 UTC 2019
auto.tcl: Setting watchdog for 200 seconds at Fri Sep 27 05:44:32 UTC 2019
2 ms. Memory: 48128K Free: 31160K (65%)
ptolemy.util.test.WatchDog.cancel(): canceling Fri Sep 27 05:44:32 UTC 2019
------------------ testing $PTII/ptolemy/domains/de/test/auto/CancelFireAt.xml
auto.tcl: Setting watchdog for 200 seconds at Fri Sep 27 05:44:32 UTC 2019
3 ms. Memory: 45056K Free: 29701K (66%)
ptolemy.util.test.WatchDog.cancel(): canceling Fri Sep 27 05:44:32 UTC 2019
auto.tcl: Setting watchdog for 200 seconds at Fri Sep 27 05:44:32 UTC 2019
2 ms. Memory: 45056K Free: 29274K (65%)
ptolemy.util.test.WatchDog.cancel(): canceling Fri Sep 27 05:44:32 UTC 2019
------------------ testing $PTII/ptolemy/domains/de/test/auto/CausalityAndComposabilityAnalysis.xml
auto.tcl: Setting watchdog for 200 seconds at Fri Sep 27 05:44:32 UTC 2019
6 ms. Memory: 45056K Free: 27413K (61%)
ptolemy.util.test.WatchDog.cancel(): canceling Fri Sep 27 05:44:32 UTC 2019
auto.tcl: Setting watchdog for 200 seconds at Fri Sep 27 05:44:32 UTC 2019
9 ms. Memory: 45056K Free: 27027K (60%)
ptolemy.util.test.WatchDog.cancel(): canceling Fri Sep 27 05:44:32 UTC 2019
------------------ testing $PTII/ptolemy/domains/de/test/auto/CausalityInterface1.xml
auto.tcl: Setting watchdog for 200 seconds at Fri Sep 27 05:44:32 UTC 2019
25 ms. Memory: 45056K Free: 26389K (59%)
ptolemy.util.test.WatchDog.cancel(): canceling Fri Sep 27 05:44:32 UTC 2019
auto.tcl: Setting watchdog for 200 seconds at Fri Sep 27 05:44:32 UTC 2019
4 ms. Memory: 45056K Free: 25445K (56%)
ptolemy.util.test.WatchDog.cancel(): canceling Fri Sep 27 05:44:32 UTC 2019
------------------ testing $PTII/ptolemy/domains/de/test/auto/CausalityInterface15.xml
auto.tcl: Setting watchdog for 200 seconds at Fri Sep 27 05:44:32 UTC 2019
9 ms. Memory: 45056K Free: 26067K (58%)
ptolemy.util.test.WatchDog.cancel(): canceling Fri Sep 27 05:44:32 UTC 2019
auto.tcl: Setting watchdog for 200 seconds at Fri Sep 27 05:44:32 UTC 2019
5 ms. Memory: 45056K Free: 25356K (56%)
ptolemy.util.test.WatchDog.cancel(): canceling Fri Sep 27 05:44:32 UTC 2019
------------------ testing $PTII/ptolemy/domains/de/test/auto/CausalityInterface2.xml
auto.tcl: Setting watchdog for 200 seconds at Fri Sep 27 05:44:32 UTC 2019
5 ms. Memory: 45056K Free: 27000K (60%)
ptolemy.util.test.WatchDog.cancel(): canceling Fri Sep 27 05:44:32 UTC 2019
auto.tcl: Setting watchdog for 200 seconds at Fri Sep 27 05:44:32 UTC 2019
3 ms. Memory: 45056K Free: 26284K (58%)
ptolemy.util.test.WatchDog.cancel(): canceling Fri Sep 27 05:44:32 UTC 2019
------------------ testing $PTII/ptolemy/domains/de/test/auto/CausalityInterface3.xml
auto.tcl: Setting watchdog for 200 seconds at Fri Sep 27 05:44:32 UTC 2019
7 ms. Memory: 45056K Free: 26214K (58%)
ptolemy.util.test.WatchDog.cancel(): canceling Fri Sep 27 05:44:32 UTC 2019
auto.tcl: Setting watchdog for 200 seconds at Fri Sep 27 05:44:32 UTC 2019
3 ms. Memory: 45056K Free: 25664K (57%)
ptolemy.util.test.WatchDog.cancel(): canceling Fri Sep 27 05:44:32 UTC 2019
------------------ testing $PTII/ptolemy/domains/de/test/auto/ClockDrift.xml
auto.tcl: Setting watchdog for 200 seconds at Fri Sep 27 05:44:32 UTC 2019
98 ms. Memory: 45056K Free: 19056K (42%)
ptolemy.util.test.WatchDog.cancel(): canceling Fri Sep 27 05:44:32 UTC 2019
auto.tcl: Setting watchdog for 200 seconds at Fri Sep 27 05:44:32 UTC 2019
57 ms. Memory: 45056K Free: 16064K (36%)
ptolemy.util.test.WatchDog.cancel(): canceling Fri Sep 27 05:44:33 UTC 2019
------------------ testing $PTII/ptolemy/domains/de/test/auto/ClockDriftAndValueChange.xml
auto.tcl: Setting watchdog for 200 seconds at Fri Sep 27 05:44:33 UTC 2019
47 ms. Memory: 45056K Free: 19136K (42%)
ptolemy.util.test.WatchDog.cancel(): canceling Fri Sep 27 05:44:33 UTC 2019
auto.tcl: Setting watchdog for 200 seconds at Fri Sep 27 05:44:33 UTC 2019
38 ms. Memory: 45056K Free: 16282K (36%)
ptolemy.util.test.WatchDog.cancel(): canceling Fri Sep 27 05:44:33 UTC 2019
------------------ testing $PTII/ptolemy/domains/de/test/auto/ClockDriftChange.xml
auto.tcl: Setting watchdog for 200 seconds at Fri Sep 27 05:44:33 UTC 2019
21 ms. Memory: 45056K Free: 21185K (47%)
ptolemy.util.test.WatchDog.cancel(): canceling Fri Sep 27 05:44:33 UTC 2019
auto.tcl: Setting watchdog for 200 seconds at Fri Sep 27 05:44:33 UTC 2019
16 ms. Memory: 45056K Free: 18334K (41%)
ptolemy.util.test.WatchDog.cancel(): canceling Fri Sep 27 05:44:33 UTC 2019
------------------ testing $PTII/ptolemy/domains/de/test/auto/ComposableCausalityAnalysis.xml
auto.tcl: Setting watchdog for 200 seconds at Fri Sep 27 05:44:33 UTC 2019
2 ms. Memory: 45056K Free: 25766K (57%)
ptolemy.util.test.WatchDog.cancel(): canceling Fri Sep 27 05:44:33 UTC 2019
auto.tcl: Setting watchdog for 200 seconds at Fri Sep 27 05:44:33 UTC 2019
5 ms. Memory: 45056K Free: 24508K (54%)
ptolemy.util.test.WatchDog.cancel(): canceling Fri Sep 27 05:44:33 UTC 2019
------------------ testing $PTII/ptolemy/domains/de/test/auto/DEFixedPointLimitation.xml
auto.tcl: Setting watchdog for 200 seconds at Fri Sep 27 05:44:33 UTC 2019
2 ms. Memory: 45056K Free: 27144K (60%)
ptolemy.util.test.WatchDog.cancel(): canceling Fri Sep 27 05:44:33 UTC 2019
auto.tcl: Setting watchdog for 200 seconds at Fri Sep 27 05:44:33 UTC 2019
2 ms. Memory: 45056K Free: 26257K (58%)
ptolemy.util.test.WatchDog.cancel(): canceling Fri Sep 27 05:44:33 UTC 2019
------------------ testing $PTII/ptolemy/domains/de/test/auto/DEScheduleTest.xml
auto.tcl: Setting watchdog for 200 seconds at Fri Sep 27 05:44:33 UTC 2019
10 ms. Memory: 45056K Free: 27477K (61%)
ptolemy.util.test.WatchDog.cancel(): canceling Fri Sep 27 05:44:33 UTC 2019
auto.tcl: Setting watchdog for 200 seconds at Fri Sep 27 05:44:33 UTC 2019
3 ms. Memory: 45056K Free: 26729K (59%)
ptolemy.util.test.WatchDog.cancel(): canceling Fri Sep 27 05:44:33 UTC 2019
------------------ testing $PTII/ptolemy/domains/de/test/auto/DEinDEwithStartTimes.xml
auto.tcl: Setting watchdog for 200 seconds at Fri Sep 27 05:44:33 UTC 2019
3 ms. Memory: 45056K Free: 25624K (57%)
ptolemy.util.test.WatchDog.cancel(): canceling Fri Sep 27 05:44:33 UTC 2019
auto.tcl: Setting watchdog for 200 seconds at Fri Sep 27 05:44:33 UTC 2019
6 ms. Memory: 45056K Free: 24573K (55%)
ptolemy.util.test.WatchDog.cancel(): canceling Fri Sep 27 05:44:33 UTC 2019
------------------ testing $PTII/ptolemy/domains/de/test/auto/DEinDEwithStartTimes2.xml
auto.tcl: Setting watchdog for 200 seconds at Fri Sep 27 05:44:33 UTC 2019
4 ms. Memory: 45056K Free: 24826K (55%)
ptolemy.util.test.WatchDog.cancel(): canceling Fri Sep 27 05:44:33 UTC 2019
auto.tcl: Setting watchdog for 200 seconds at Fri Sep 27 05:44:33 UTC 2019
4 ms. Memory: 45056K Free: 23526K (52%)
ptolemy.util.test.WatchDog.cancel(): canceling Fri Sep 27 05:44:33 UTC 2019
------------------ testing $PTII/ptolemy/domains/de/test/auto/DateDemo.xml
auto.tcl: Setting watchdog for 200 seconds at Fri Sep 27 05:44:33 UTC 2019
15 ms. Memory: 45056K Free: 19178K (43%)
ptolemy.util.test.WatchDog.cancel(): canceling Fri Sep 27 05:44:33 UTC 2019
auto.tcl: Setting watchdog for 200 seconds at Fri Sep 27 05:44:33 UTC 2019
7 ms. Memory: 45056K Free: 17642K (39%)
ptolemy.util.test.WatchDog.cancel(): canceling Fri Sep 27 05:44:33 UTC 2019
------------------ testing $PTII/ptolemy/domains/de/test/auto/DateToEvent.xml
auto.tcl: Setting watchdog for 200 seconds at Fri Sep 27 05:44:33 UTC 2019
2009 ms. Memory: 45056K Free: 15088K (33%)
ptolemy.util.test.WatchDog.cancel(): canceling Fri Sep 27 05:44:36 UTC 2019
auto.tcl: Setting watchdog for 200 seconds at Fri Sep 27 05:44:36 UTC 2019
2004 ms. Memory: 45056K Free: 14389K (32%)
ptolemy.util.test.WatchDog.cancel(): canceling Fri Sep 27 05:44:38 UTC 2019
------------------ testing $PTII/ptolemy/domains/de/test/auto/DepthTest1.xml
auto.tcl: Setting watchdog for 200 seconds at Fri Sep 27 05:44:38 UTC 2019
3 ms. Memory: 45056K Free: 28380K (63%)
ptolemy.util.test.WatchDog.cancel(): canceling Fri Sep 27 05:44:38 UTC 2019
auto.tcl: Setting watchdog for 200 seconds at Fri Sep 27 05:44:38 UTC 2019
2 ms. Memory: 45056K Free: 27873K (62%)
ptolemy.util.test.WatchDog.cancel(): canceling Fri Sep 27 05:44:38 UTC 2019
------------------ testing $PTII/ptolemy/domains/de/test/auto/DepthTest2.xml
auto.tcl: Setting watchdog for 200 seconds at Fri Sep 27 05:44:38 UTC 2019
3 ms. Memory: 45056K Free: 25121K (56%)
ptolemy.util.test.WatchDog.cancel(): canceling Fri Sep 27 05:44:38 UTC 2019
auto.tcl: Setting watchdog for 200 seconds at Fri Sep 27 05:44:38 UTC 2019
2 ms. Memory: 45056K Free: 24743K (55%)
ptolemy.util.test.WatchDog.cancel(): canceling Fri Sep 27 05:44:38 UTC 2019
------------------ testing $PTII/ptolemy/domains/de/test/auto/DepthTest3.xml
auto.tcl: Setting watchdog for 200 seconds at Fri Sep 27 05:44:38 UTC 2019
3 ms. Memory: 45056K Free: 28703K (64%)
ptolemy.util.test.WatchDog.cancel(): canceling Fri Sep 27 05:44:38 UTC 2019
auto.tcl: Setting watchdog for 200 seconds at Fri Sep 27 05:44:38 UTC 2019
2 ms. Memory: 45056K Free: 28165K (63%)
ptolemy.util.test.WatchDog.cancel(): canceling Fri Sep 27 05:44:38 UTC 2019
------------------ testing $PTII/ptolemy/domains/de/test/auto/DepthTest4.xml
auto.tcl: Setting watchdog for 200 seconds at Fri Sep 27 05:44:38 UTC 2019
7 ms. Memory: 45056K Free: 26930K (60%)
ptolemy.util.test.WatchDog.cancel(): canceling Fri Sep 27 05:44:38 UTC 2019
auto.tcl: Setting watchdog for 200 seconds at Fri Sep 27 05:44:38 UTC 2019
2 ms. Memory: 45056K Free: 26224K (58%)
ptolemy.util.test.WatchDog.cancel(): canceling Fri Sep 27 05:44:38 UTC 2019
------------------ testing $PTII/ptolemy/domains/de/test/auto/DepthTest5.xml
auto.tcl: Setting watchdog for 200 seconds at Fri Sep 27 05:44:38 UTC 2019
4 ms. Memory: 45056K Free: 26061K (58%)
ptolemy.util.test.WatchDog.cancel(): canceling Fri Sep 27 05:44:38 UTC 2019
auto.tcl: Setting watchdog for 200 seconds at Fri Sep 27 05:44:38 UTC 2019
2 ms. Memory: 45056K Free: 25683K (57%)
ptolemy.util.test.WatchDog.cancel(): canceling Fri Sep 27 05:44:38 UTC 2019
------------------ testing $PTII/ptolemy/domains/de/test/auto/DepthTest6.xml
auto.tcl: Setting watchdog for 200 seconds at Fri Sep 27 05:44:38 UTC 2019
3 ms. Memory: 45056K Free: 26055K (58%)
ptolemy.util.test.WatchDog.cancel(): canceling Fri Sep 27 05:44:38 UTC 2019
auto.tcl: Setting watchdog for 200 seconds at Fri Sep 27 05:44:38 UTC 2019
3 ms. Memory: 45056K Free: 25644K (57%)
ptolemy.util.test.WatchDog.cancel(): canceling Fri Sep 27 05:44:38 UTC 2019
------------------ testing $PTII/ptolemy/domains/de/test/auto/DepthTest7.xml
auto.tcl: Setting watchdog for 200 seconds at Fri Sep 27 05:44:38 UTC 2019
3 ms. Memory: 45056K Free: 26848K (60%)
ptolemy.util.test.WatchDog.cancel(): canceling Fri Sep 27 05:44:38 UTC 2019
auto.tcl: Setting watchdog for 200 seconds at Fri Sep 27 05:44:38 UTC 2019
5 ms. Memory: 45056K Free: 26108K (58%)
ptolemy.util.test.WatchDog.cancel(): canceling Fri Sep 27 05:44:38 UTC 2019
------------------ testing $PTII/ptolemy/domains/de/test/auto/EventToDate.xml
auto.tcl: Setting watchdog for 200 seconds at Fri Sep 27 05:44:38 UTC 2019
3012 ms. Memory: 45056K Free: 17474K (39%)
ptolemy.util.test.WatchDog.cancel(): canceling Fri Sep 27 05:44:41 UTC 2019
auto.tcl: Setting watchdog for 200 seconds at Fri Sep 27 05:44:41 UTC 2019
3005 ms. Memory: 45056K Free: 16930K (38%)
ptolemy.util.test.WatchDog.cancel(): canceling Fri Sep 27 05:44:44 UTC 2019
------------------ testing $PTII/ptolemy/domains/de/test/auto/FSM1.xml
auto.tcl: Setting watchdog for 200 seconds at Fri Sep 27 05:44:44 UTC 2019
21 ms. Memory: 45056K Free: 18854K (42%)
ptolemy.util.test.WatchDog.cancel(): canceling Fri Sep 27 05:44:44 UTC 2019
auto.tcl: Setting watchdog for 200 seconds at Fri Sep 27 05:44:44 UTC 2019
29 ms. Memory: 45056K Free: 15591K (35%)
ptolemy.util.test.WatchDog.cancel(): canceling Fri Sep 27 05:44:44 UTC 2019
------------------ testing $PTII/ptolemy/domains/de/test/auto/FSM7.xml
auto.tcl: Setting watchdog for 200 seconds at Fri Sep 27 05:44:44 UTC 2019
15 ms. Memory: 45056K Free: 18533K (41%)
ptolemy.util.test.WatchDog.cancel(): canceling Fri Sep 27 05:44:44 UTC 2019
auto.tcl: Setting watchdog for 200 seconds at Fri Sep 27 05:44:44 UTC 2019
16 ms. Memory: 45056K Free: 15444K (34%)
ptolemy.util.test.WatchDog.cancel(): canceling Fri Sep 27 05:44:44 UTC 2019
------------------ testing $PTII/ptolemy/domains/de/test/auto/Inspection.xml
auto.tcl: Setting watchdog for 200 seconds at Fri Sep 27 05:44:45 UTC 2019
52 ms. Memory: 45056K Free: 18611K (41%)
ptolemy.util.test.WatchDog.cancel(): canceling Fri Sep 27 05:44:45 UTC 2019
auto.tcl: Setting watchdog for 200 seconds at Fri Sep 27 05:44:45 UTC 2019
23 ms. Memory: 45056K Free: 16859K (37%)
ptolemy.util.test.WatchDog.cancel(): canceling Fri Sep 27 05:44:45 UTC 2019
------------------ testing $PTII/ptolemy/domains/de/test/auto/Iteration.xml
auto.tcl: Setting watchdog for 200 seconds at Fri Sep 27 05:44:45 UTC 2019
10 ms. Memory: 45056K Free: 24296K (54%)
ptolemy.util.test.WatchDog.cancel(): canceling Fri Sep 27 05:44:45 UTC 2019
auto.tcl: Setting watchdog for 200 seconds at Fri Sep 27 05:44:45 UTC 2019
6 ms. Memory: 45056K Free: 22899K (51%)
ptolemy.util.test.WatchDog.cancel(): canceling Fri Sep 27 05:44:45 UTC 2019
------------------ testing $PTII/ptolemy/domains/de/test/auto/LineFault.xml
auto.tcl: Setting watchdog for 200 seconds at Fri Sep 27 05:44:45 UTC 2019
615 ms. Memory: 55296K Free: 34159K (62%)
ptolemy.util.test.WatchDog.cancel(): canceling Fri Sep 27 05:44:46 UTC 2019
auto.tcl: Setting watchdog for 200 seconds at Fri Sep 27 05:44:46 UTC 2019
584 ms. Memory: 55296K Free: 30325K (55%)
ptolemy.util.test.WatchDog.cancel(): canceling Fri Sep 27 05:44:46 UTC 2019
------------------ testing $PTII/ptolemy/domains/de/test/auto/MergeModel1Add.xml
auto.tcl: Setting watchdog for 200 seconds at Fri Sep 27 05:44:46 UTC 2019
29 ms. Memory: 55296K Free: 20212K (37%)
ptolemy.util.test.WatchDog.cancel(): canceling Fri Sep 27 05:44:46 UTC 2019
auto.tcl: Setting watchdog for 200 seconds at Fri Sep 27 05:44:46 UTC 2019
11 ms. Memory: 55296K Free: 18474K (33%)
ptolemy.util.test.WatchDog.cancel(): canceling Fri Sep 27 05:44:46 UTC 2019
------------------ testing $PTII/ptolemy/domains/de/test/auto/MergeModel2Add.xml
auto.tcl: Setting watchdog for 200 seconds at Fri Sep 27 05:44:46 UTC 2019
7 ms. Memory: 51200K Free: 18158K (35%)
ptolemy.util.test.WatchDog.cancel(): canceling Fri Sep 27 05:44:47 UTC 2019
auto.tcl: Setting watchdog for 200 seconds at Fri Sep 27 05:44:47 UTC 2019
7 ms. Memory: 51200K Free: 16186K (32%)
ptolemy.util.test.WatchDog.cancel(): canceling Fri Sep 27 05:44:47 UTC 2019
------------------ testing $PTII/ptolemy/domains/de/test/auto/MergeModel3Add.xml
auto.tcl: Setting watchdog for 200 seconds at Fri Sep 27 05:44:47 UTC 2019
7 ms. Memory: 51200K Free: 18183K (36%)
ptolemy.util.test.WatchDog.cancel(): canceling Fri Sep 27 05:44:47 UTC 2019
auto.tcl: Setting watchdog for 200 seconds at Fri Sep 27 05:44:47 UTC 2019
6 ms. Memory: 51200K Free: 16712K (33%)
ptolemy.util.test.WatchDog.cancel(): canceling Fri Sep 27 05:44:47 UTC 2019
------------------ testing $PTII/ptolemy/domains/de/test/auto/MergeWithoutDiscard.xml
auto.tcl: Setting watchdog for 200 seconds at Fri Sep 27 05:44:47 UTC 2019
2 ms. Memory: 48128K Free: 29973K (62%)
ptolemy.util.test.WatchDog.cancel(): canceling Fri Sep 27 05:44:47 UTC 2019
auto.tcl: Setting watchdog for 200 seconds at Fri Sep 27 05:44:47 UTC 2019
1 ms. Memory: 48128K Free: 29051K (60%)
ptolemy.util.test.WatchDog.cancel(): canceling Fri Sep 27 05:44:47 UTC 2019
------------------ testing $PTII/ptolemy/domains/de/test/auto/Modal1.xml
auto.tcl: Setting watchdog for 200 seconds at Fri Sep 27 05:44:47 UTC 2019
20 ms. Memory: 48128K Free: 21576K (45%)
ptolemy.util.test.WatchDog.cancel(): canceling Fri Sep 27 05:44:47 UTC 2019
auto.tcl: Setting watchdog for 200 seconds at Fri Sep 27 05:44:47 UTC 2019
19 ms. Memory: 48128K Free: 18118K (38%)
ptolemy.util.test.WatchDog.cancel(): canceling Fri Sep 27 05:44:47 UTC 2019
------------------ testing $PTII/ptolemy/domains/de/test/auto/Modal2.xml
auto.tcl: Setting watchdog for 200 seconds at Fri Sep 27 05:44:47 UTC 2019
11 ms. Memory: 48128K Free: 21968K (46%)
ptolemy.util.test.WatchDog.cancel(): canceling Fri Sep 27 05:44:47 UTC 2019
auto.tcl: Setting watchdog for 200 seconds at Fri Sep 27 05:44:47 UTC 2019
12 ms. Memory: 48128K Free: 18478K (38%)
ptolemy.util.test.WatchDog.cancel(): canceling Fri Sep 27 05:44:47 UTC 2019
------------------ testing $PTII/ptolemy/domains/de/test/auto/Modal3.xml
auto.tcl: Setting watchdog for 200 seconds at Fri Sep 27 05:44:47 UTC 2019
11 ms. Memory: 48128K Free: 21383K (44%)
ptolemy.util.test.WatchDog.cancel(): canceling Fri Sep 27 05:44:47 UTC 2019
auto.tcl: Setting watchdog for 200 seconds at Fri Sep 27 05:44:47 UTC 2019
12 ms. Memory: 48128K Free: 18443K (38%)
ptolemy.util.test.WatchDog.cancel(): canceling Fri Sep 27 05:44:47 UTC 2019
------------------ testing $PTII/ptolemy/domains/de/test/auto/Modal4.xml
auto.tcl: Setting watchdog for 200 seconds at Fri Sep 27 05:44:47 UTC 2019
13 ms. Memory: 48128K Free: 20662K (43%)
ptolemy.util.test.WatchDog.cancel(): canceling Fri Sep 27 05:44:47 UTC 2019
auto.tcl: Setting watchdog for 200 seconds at Fri Sep 27 05:44:47 UTC 2019
14 ms. Memory: 48128K Free: 16844K (35%)
ptolemy.util.test.WatchDog.cancel(): canceling Fri Sep 27 05:44:47 UTC 2019
------------------ testing $PTII/ptolemy/domains/de/test/auto/Modal5.xml
auto.tcl: Setting watchdog for 200 seconds at Fri Sep 27 05:44:47 UTC 2019
15 ms. Memory: 48128K Free: 20679K (43%)
ptolemy.util.test.WatchDog.cancel(): canceling Fri Sep 27 05:44:47 UTC 2019
auto.tcl: Setting watchdog for 200 seconds at Fri Sep 27 05:44:47 UTC 2019
16 ms. Memory: 48128K Free: 16831K (35%)
ptolemy.util.test.WatchDog.cancel(): canceling Fri Sep 27 05:44:47 UTC 2019
------------------ testing $PTII/ptolemy/domains/de/test/auto/Modal6.xml
auto.tcl: Setting watchdog for 200 seconds at Fri Sep 27 05:44:47 UTC 2019
11 ms. Memory: 48128K Free: 21441K (45%)
ptolemy.util.test.WatchDog.cancel(): canceling Fri Sep 27 05:44:47 UTC 2019
auto.tcl: Setting watchdog for 200 seconds at Fri Sep 27 05:44:47 UTC 2019
14 ms. Memory: 48128K Free: 17457K (36%)
ptolemy.util.test.WatchDog.cancel(): canceling Fri Sep 27 05:44:47 UTC 2019
------------------ testing $PTII/ptolemy/domains/de/test/auto/Modal7.xml
auto.tcl: Setting watchdog for 200 seconds at Fri Sep 27 05:44:47 UTC 2019
9 ms. Memory: 48128K Free: 20389K (42%)
ptolemy.util.test.WatchDog.cancel(): canceling Fri Sep 27 05:44:48 UTC 2019
auto.tcl: Setting watchdog for 200 seconds at Fri Sep 27 05:44:48 UTC 2019
8 ms. Memory: 48128K Free: 16830K (35%)
ptolemy.util.test.WatchDog.cancel(): canceling Fri Sep 27 05:44:48 UTC 2019
------------------ testing $PTII/ptolemy/domains/de/test/auto/ModalModel.xml
auto.tcl: Setting watchdog for 200 seconds at Fri Sep 27 05:44:48 UTC 2019
184 ms. Memory: 61440K Free: 25180K (41%)
ptolemy.util.test.WatchDog.cancel(): canceling Fri Sep 27 05:44:48 UTC 2019
auto.tcl: Setting watchdog for 200 seconds at Fri Sep 27 05:44:48 UTC 2019
180 ms. Memory: 61440K Free: 25689K (42%)
ptolemy.util.test.WatchDog.cancel(): canceling Fri Sep 27 05:44:48 UTC 2019
------------------ testing $PTII/ptolemy/domains/de/test/auto/ModalSource.xml
auto.tcl: Setting watchdog for 200 seconds at Fri Sep 27 05:44:48 UTC 2019
9 ms. Memory: 51200K Free: 28576K (56%)
ptolemy.util.test.WatchDog.cancel(): canceling Fri Sep 27 05:44:48 UTC 2019
auto.tcl: Setting watchdog for 200 seconds at Fri Sep 27 05:44:48 UTC 2019
7 ms. Memory: 51200K Free: 26528K (52%)
ptolemy.util.test.WatchDog.cancel(): canceling Fri Sep 27 05:44:48 UTC 2019
------------------ testing $PTII/ptolemy/domains/de/test/auto/NonInterruptibleTimerZeroDelay.xml
auto.tcl: Setting watchdog for 200 seconds at Fri Sep 27 05:44:48 UTC 2019
4 ms. Memory: 51200K Free: 33466K (65%)
ptolemy.util.test.WatchDog.cancel(): canceling Fri Sep 27 05:44:48 UTC 2019
auto.tcl: Setting watchdog for 200 seconds at Fri Sep 27 05:44:48 UTC 2019
3 ms. Memory: 51200K Free: 32862K (64%)
ptolemy.util.test.WatchDog.cancel(): canceling Fri Sep 27 05:44:48 UTC 2019
------------------ testing $PTII/ptolemy/domains/de/test/auto/OpenQueueingNetwork.xml
auto.tcl: Setting watchdog for 200 seconds at Fri Sep 27 05:44:48 UTC 2019
2923 ms. Memory: 99328K Free: 45905K (46%)
ptolemy.util.test.WatchDog.cancel(): canceling Fri Sep 27 05:44:51 UTC 2019
auto.tcl: Setting watchdog for 200 seconds at Fri Sep 27 05:44:51 UTC 2019
2759 ms. Memory: 147456K Free: 116083K (79%)
ptolemy.util.test.WatchDog.cancel(): canceling Fri Sep 27 05:44:54 UTC 2019
------------------ testing $PTII/ptolemy/domains/de/test/auto/OpenQueuingNetwork.xml
auto.tcl: Setting watchdog for 200 seconds at Fri Sep 27 05:44:54 UTC 2019
279 ms. Memory: 55296K Free: 25184K (46%)
ptolemy.util.test.WatchDog.cancel(): canceling Fri Sep 27 05:44:55 UTC 2019
auto.tcl: Setting watchdog for 200 seconds at Fri Sep 27 05:44:55 UTC 2019
263 ms. Memory: 55296K Free: 33643K (61%)
ptolemy.util.test.WatchDog.cancel(): canceling Fri Sep 27 05:44:55 UTC 2019
------------------ testing $PTII/ptolemy/domains/de/test/auto/PeriodicSampler.xml
auto.tcl: Setting watchdog for 200 seconds at Fri Sep 27 05:44:55 UTC 2019
2 ms. Memory: 51200K Free: 32708K (64%)
ptolemy.util.test.WatchDog.cancel(): canceling Fri Sep 27 05:44:55 UTC 2019
auto.tcl: Setting watchdog for 200 seconds at Fri Sep 27 05:44:55 UTC 2019
1 ms. Memory: 51200K Free: 32218K (63%)
ptolemy.util.test.WatchDog.cancel(): canceling Fri Sep 27 05:44:55 UTC 2019
------------------ testing $PTII/ptolemy/domains/de/test/auto/PersistentIO.xml
auto.tcl: Setting watchdog for 200 seconds at Fri Sep 27 05:44:55 UTC 2019
5 ms. Memory: 48128K Free: 24560K (51%)
ptolemy.util.test.WatchDog.cancel(): canceling Fri Sep 27 05:44:55 UTC 2019
auto.tcl: Setting watchdog for 200 seconds at Fri Sep 27 05:44:55 UTC 2019
4 ms. Memory: 48128K Free: 23067K (48%)
ptolemy.util.test.WatchDog.cancel(): canceling Fri Sep 27 05:44:55 UTC 2019
------------------ testing $PTII/ptolemy/domains/de/test/auto/PortParameterResetOnInitialize.xml
auto.tcl: Setting watchdog for 200 seconds at Fri Sep 27 05:44:55 UTC 2019
8 ms. Memory: 48128K Free: 29544K (61%)
ptolemy.util.test.WatchDog.cancel(): canceling Fri Sep 27 05:44:55 UTC 2019
auto.tcl: Setting watchdog for 200 seconds at Fri Sep 27 05:44:55 UTC 2019
2 ms. Memory: 48128K Free: 29075K (60%)
ptolemy.util.test.WatchDog.cancel(): canceling Fri Sep 27 05:44:55 UTC 2019
------------------ testing $PTII/ptolemy/domains/de/test/auto/PortParameterUpdates.xml
auto.tcl: Setting watchdog for 200 seconds at Fri Sep 27 05:44:55 UTC 2019
6 ms. Memory: 48128K Free: 27864K (58%)
ptolemy.util.test.WatchDog.cancel(): canceling Fri Sep 27 05:44:55 UTC 2019
auto.tcl: Setting watchdog for 200 seconds at Fri Sep 27 05:44:55 UTC 2019
5 ms. Memory: 48128K Free: 26630K (55%)
ptolemy.util.test.WatchDog.cancel(): canceling Fri Sep 27 05:44:55 UTC 2019
------------------ testing $PTII/ptolemy/domains/de/test/auto/QueueAndServer.xml
auto.tcl: Setting watchdog for 200 seconds at Fri Sep 27 05:44:55 UTC 2019
16 ms. Memory: 48128K Free: 26540K (55%)
ptolemy.util.test.WatchDog.cancel(): canceling Fri Sep 27 05:44:55 UTC 2019
auto.tcl: Setting watchdog for 200 seconds at Fri Sep 27 05:44:55 UTC 2019
9 ms. Memory: 48128K Free: 25095K (52%)
ptolemy.util.test.WatchDog.cancel(): canceling Fri Sep 27 05:44:55 UTC 2019
------------------ testing $PTII/ptolemy/domains/de/test/auto/Records.xml
auto.tcl: Setting watchdog for 200 seconds at Fri Sep 27 05:44:55 UTC 2019
2 ms. Memory: 48128K Free: 29108K (60%)
ptolemy.util.test.WatchDog.cancel(): canceling Fri Sep 27 05:44:55 UTC 2019
auto.tcl: Setting watchdog for 200 seconds at Fri Sep 27 05:44:55 UTC 2019
2 ms. Memory: 48128K Free: 28618K (59%)
ptolemy.util.test.WatchDog.cancel(): canceling Fri Sep 27 05:44:55 UTC 2019
------------------ testing $PTII/ptolemy/domains/de/test/auto/ResetTransitionWithStartTime1.xml
auto.tcl: Setting watchdog for 200 seconds at Fri Sep 27 05:44:55 UTC 2019
6 ms. Memory: 48128K Free: 26044K (54%)
ptolemy.util.test.WatchDog.cancel(): canceling Fri Sep 27 05:44:55 UTC 2019
auto.tcl: Setting watchdog for 200 seconds at Fri Sep 27 05:44:55 UTC 2019
5 ms. Memory: 48128K Free: 23540K (49%)
ptolemy.util.test.WatchDog.cancel(): canceling Fri Sep 27 05:44:55 UTC 2019
------------------ testing $PTII/ptolemy/domains/de/test/auto/ResetTransitionWithStartTime2.xml
auto.tcl: Setting watchdog for 200 seconds at Fri Sep 27 05:44:55 UTC 2019
10 ms. Memory: 48128K Free: 25999K (54%)
ptolemy.util.test.WatchDog.cancel(): canceling Fri Sep 27 05:44:55 UTC 2019
auto.tcl: Setting watchdog for 200 seconds at Fri Sep 27 05:44:55 UTC 2019
8 ms. Memory: 48128K Free: 23466K (49%)
ptolemy.util.test.WatchDog.cancel(): canceling Fri Sep 27 05:44:55 UTC 2019
------------------ testing $PTII/ptolemy/domains/de/test/auto/ResetTransitionWithStartTime3.xml
auto.tcl: Setting watchdog for 200 seconds at Fri Sep 27 05:44:56 UTC 2019
8 ms. Memory: 48128K Free: 25998K (54%)
ptolemy.util.test.WatchDog.cancel(): canceling Fri Sep 27 05:44:56 UTC 2019
auto.tcl: Setting watchdog for 200 seconds at Fri Sep 27 05:44:56 UTC 2019
6 ms. Memory: 48128K Free: 23495K (49%)
ptolemy.util.test.WatchDog.cancel(): canceling Fri Sep 27 05:44:56 UTC 2019
------------------ testing $PTII/ptolemy/domains/de/test/auto/ResetTransitionWithStartTime4.xml
auto.tcl: Setting watchdog for 200 seconds at Fri Sep 27 05:44:56 UTC 2019
13 ms. Memory: 48128K Free: 26466K (55%)
ptolemy.util.test.WatchDog.cancel(): canceling Fri Sep 27 05:44:56 UTC 2019
auto.tcl: Setting watchdog for 200 seconds at Fri Sep 27 05:44:56 UTC 2019
4 ms. Memory: 48128K Free: 25023K (52%)
ptolemy.util.test.WatchDog.cancel(): canceling Fri Sep 27 05:44:56 UTC 2019
------------------ testing $PTII/ptolemy/domains/de/test/auto/ResettableTimer1.xml
auto.tcl: Setting watchdog for 200 seconds at Fri Sep 27 05:44:56 UTC 2019
3 ms. Memory: 48128K Free: 30074K (62%)
ptolemy.util.test.WatchDog.cancel(): canceling Fri Sep 27 05:44:56 UTC 2019
auto.tcl: Setting watchdog for 200 seconds at Fri Sep 27 05:44:56 UTC 2019
2 ms. Memory: 48128K Free: 29144K (61%)
ptolemy.util.test.WatchDog.cancel(): canceling Fri Sep 27 05:44:56 UTC 2019
------------------ testing $PTII/ptolemy/domains/de/test/auto/ResettableTimer2.xml
auto.tcl: Setting watchdog for 200 seconds at Fri Sep 27 05:44:56 UTC 2019
2 ms. Memory: 48128K Free: 30131K (63%)
ptolemy.util.test.WatchDog.cancel(): canceling Fri Sep 27 05:44:56 UTC 2019
auto.tcl: Setting watchdog for 200 seconds at Fri Sep 27 05:44:56 UTC 2019
2 ms. Memory: 48128K Free: 29192K (61%)
ptolemy.util.test.WatchDog.cancel(): canceling Fri Sep 27 05:44:56 UTC 2019
------------------ testing $PTII/ptolemy/domains/de/test/auto/ResettableTimer3.xml
auto.tcl: Setting watchdog for 200 seconds at Fri Sep 27 05:44:56 UTC 2019
2 ms. Memory: 48128K Free: 30610K (64%)
ptolemy.util.test.WatchDog.cancel(): canceling Fri Sep 27 05:44:56 UTC 2019
auto.tcl: Setting watchdog for 200 seconds at Fri Sep 27 05:44:56 UTC 2019
1 ms. Memory: 48128K Free: 30130K (63%)
ptolemy.util.test.WatchDog.cancel(): canceling Fri Sep 27 05:44:56 UTC 2019
------------------ testing $PTII/ptolemy/domains/de/test/auto/ResettableTimer4.xml
auto.tcl: Setting watchdog for 200 seconds at Fri Sep 27 05:44:56 UTC 2019
2 ms. Memory: 48128K Free: 30168K (63%)
ptolemy.util.test.WatchDog.cancel(): canceling Fri Sep 27 05:44:56 UTC 2019
auto.tcl: Setting watchdog for 200 seconds at Fri Sep 27 05:44:56 UTC 2019
1 ms. Memory: 48128K Free: 29670K (62%)
ptolemy.util.test.WatchDog.cancel(): canceling Fri Sep 27 05:44:56 UTC 2019
------------------ testing $PTII/ptolemy/domains/de/test/auto/ResettableTimer5.xml
auto.tcl: Setting watchdog for 200 seconds at Fri Sep 27 05:44:56 UTC 2019
2 ms. Memory: 48128K Free: 29613K (62%)
ptolemy.util.test.WatchDog.cancel(): canceling Fri Sep 27 05:44:56 UTC 2019
auto.tcl: Setting watchdog for 200 seconds at Fri Sep 27 05:44:56 UTC 2019
1 ms. Memory: 48128K Free: 29127K (61%)
ptolemy.util.test.WatchDog.cancel(): canceling Fri Sep 27 05:44:56 UTC 2019
------------------ testing $PTII/ptolemy/domains/de/test/auto/ResettableTimer6.xml
auto.tcl: Setting watchdog for 200 seconds at Fri Sep 27 05:44:56 UTC 2019
2 ms. Memory: 48128K Free: 29618K (62%)
ptolemy.util.test.WatchDog.cancel(): canceling Fri Sep 27 05:44:56 UTC 2019
auto.tcl: Setting watchdog for 200 seconds at Fri Sep 27 05:44:56 UTC 2019
1 ms. Memory: 48128K Free: 29108K (60%)
ptolemy.util.test.WatchDog.cancel(): canceling Fri Sep 27 05:44:56 UTC 2019
------------------ testing $PTII/ptolemy/domains/de/test/auto/ServerZeroDelay.xml
auto.tcl: Setting watchdog for 200 seconds at Fri Sep 27 05:44:56 UTC 2019
3 ms. Memory: 48128K Free: 30123K (63%)
ptolemy.util.test.WatchDog.cancel(): canceling Fri Sep 27 05:44:56 UTC 2019
auto.tcl: Setting watchdog for 200 seconds at Fri Sep 27 05:44:56 UTC 2019
3 ms. Memory: 48128K Free: 29171K (61%)
ptolemy.util.test.WatchDog.cancel(): canceling Fri Sep 27 05:44:56 UTC 2019
------------------ testing $PTII/ptolemy/domains/de/test/auto/SmartSender.xml
auto.tcl: Setting watchdog for 200 seconds at Fri Sep 27 05:44:56 UTC 2019
3001 ms. Memory: 48128K Free: 30118K (63%)
ptolemy.util.test.WatchDog.cancel(): canceling Fri Sep 27 05:44:59 UTC 2019
auto.tcl: Setting watchdog for 200 seconds at Fri Sep 27 05:44:59 UTC 2019
3002 ms. Memory: 48128K Free: 29632K (62%)
ptolemy.util.test.WatchDog.cancel(): canceling Fri Sep 27 05:45:02 UTC 2019
------------------ testing $PTII/ptolemy/domains/de/test/auto/ThreadedComposite.xml
auto.tcl: Setting watchdog for 200 seconds at Fri Sep 27 05:45:02 UTC 2019
237 ms. Memory: 48128K Free: 10676K (22%)
ptolemy.util.test.WatchDog.cancel(): canceling Fri Sep 27 05:45:03 UTC 2019
auto.tcl: Setting watchdog for 200 seconds at Fri Sep 27 05:45:03 UTC 2019
155 ms. Memory: 48128K Free: 23783K (49%)
ptolemy.util.test.WatchDog.cancel(): canceling Fri Sep 27 05:45:03 UTC 2019
------------------ testing $PTII/ptolemy/domains/de/test/auto/Time.xml
auto.tcl: Setting watchdog for 200 seconds at Fri Sep 27 05:45:03 UTC 2019
610 ms. Memory: 48128K Free: 29865K (62%)
ptolemy.util.test.WatchDog.cancel(): canceling Fri Sep 27 05:45:03 UTC 2019
auto.tcl: Setting watchdog for 200 seconds at Fri Sep 27 05:45:03 UTC 2019
499 ms. Memory: 48128K Free: 31330K (65%)
ptolemy.util.test.WatchDog.cancel(): canceling Fri Sep 27 05:45:04 UTC 2019
------------------ testing $PTII/ptolemy/domains/de/test/auto/TimeDelayZeroDelay.xml
auto.tcl: Setting watchdog for 200 seconds at Fri Sep 27 05:45:04 UTC 2019
2 ms. Memory: 48128K Free: 30047K (62%)
ptolemy.util.test.WatchDog.cancel(): canceling Fri Sep 27 05:45:04 UTC 2019
auto.tcl: Setting watchdog for 200 seconds at Fri Sep 27 05:45:04 UTC 2019
2 ms. Memory: 48128K Free: 29219K (61%)
ptolemy.util.test.WatchDog.cancel(): canceling Fri Sep 27 05:45:04 UTC 2019
------------------ testing $PTII/ptolemy/domains/de/test/auto/TimerZeroDelay.xml
auto.tcl: Setting watchdog for 200 seconds at Fri Sep 27 05:45:04 UTC 2019
4 ms. Memory: 48128K Free: 30297K (63%)
ptolemy.util.test.WatchDog.cancel(): canceling Fri Sep 27 05:45:04 UTC 2019
auto.tcl: Setting watchdog for 200 seconds at Fri Sep 27 05:45:04 UTC 2019
3 ms. Memory: 48128K Free: 29652K (62%)
ptolemy.util.test.WatchDog.cancel(): canceling Fri Sep 27 05:45:04 UTC 2019
------------------ testing $PTII/ptolemy/domains/de/test/auto/TimingParadox.xml
auto.tcl: Setting watchdog for 200 seconds at Fri Sep 27 05:45:04 UTC 2019
377 ms. Memory: 58368K Free: 23280K (40%)
ptolemy.util.test.WatchDog.cancel(): canceling Fri Sep 27 05:45:04 UTC 2019
auto.tcl: Setting watchdog for 200 seconds at Fri Sep 27 05:45:04 UTC 2019
335 ms. Memory: 58368K Free: 19650K (34%)
ptolemy.util.test.WatchDog.cancel(): canceling Fri Sep 27 05:45:05 UTC 2019
------------------ testing $PTII/ptolemy/domains/de/test/auto/TransferInputs.xml
auto.tcl: Setting watchdog for 200 seconds at Fri Sep 27 05:45:05 UTC 2019
2 ms. Memory: 51200K Free: 31630K (62%)
ptolemy.util.test.WatchDog.cancel(): canceling Fri Sep 27 05:45:05 UTC 2019
auto.tcl: Setting watchdog for 200 seconds at Fri Sep 27 05:45:05 UTC 2019
2 ms. Memory: 51200K Free: 30703K (60%)
ptolemy.util.test.WatchDog.cancel(): canceling Fri Sep 27 05:45:05 UTC 2019
------------------ testing $PTII/ptolemy/domains/de/test/auto/TransferOutputs2.xml
auto.tcl: Setting watchdog for 200 seconds at Fri Sep 27 05:45:05 UTC 2019
3 ms. Memory: 48128K Free: 26111K (54%)
ptolemy.util.test.WatchDog.cancel(): canceling Fri Sep 27 05:45:05 UTC 2019
auto.tcl: Setting watchdog for 200 seconds at Fri Sep 27 05:45:05 UTC 2019
3 ms. Memory: 48128K Free: 24573K (51%)
ptolemy.util.test.WatchDog.cancel(): canceling Fri Sep 27 05:45:05 UTC 2019
------------------ testing $PTII/ptolemy/domains/de/test/auto/Trilateration.xml
auto.tcl: Setting watchdog for 200 seconds at Fri Sep 27 05:45:05 UTC 2019
13802 ms. Memory: 487424K Free: 320866K (66%)
ptolemy.util.test.WatchDog.cancel(): canceling Fri Sep 27 05:45:20 UTC 2019
auto.tcl: Setting watchdog for 200 seconds at Fri Sep 27 05:45:20 UTC 2019
11025 ms. Memory: 487424K Free: 278998K (57%)
ptolemy.util.test.WatchDog.cancel(): canceling Fri Sep 27 05:45:31 UTC 2019
------------------ testing $PTII/ptolemy/domains/de/test/auto/TwoSigmaDelta.xml
auto.tcl: Setting watchdog for 200 seconds at Fri Sep 27 05:45:31 UTC 2019
2755 ms. Memory: 89088K Free: 27188K (31%)
ptolemy.util.test.WatchDog.cancel(): canceling Fri Sep 27 05:45:34 UTC 2019
auto.tcl: Setting watchdog for 200 seconds at Fri Sep 27 05:45:34 UTC 2019
2095 ms. Memory: 89088K Free: 23687K (27%)
ptolemy.util.test.WatchDog.cancel(): canceling Fri Sep 27 05:45:36 UTC 2019
------------------ testing $PTII/ptolemy/domains/de/test/auto/VariableDelay.xml
auto.tcl: Setting watchdog for 200 seconds at Fri Sep 27 05:45:36 UTC 2019
3 ms. Memory: 51200K Free: 32124K (63%)
ptolemy.util.test.WatchDog.cancel(): canceling Fri Sep 27 05:45:36 UTC 2019
auto.tcl: Setting watchdog for 200 seconds at Fri Sep 27 05:45:36 UTC 2019
2 ms. Memory: 51200K Free: 31108K (61%)
ptolemy.util.test.WatchDog.cancel(): canceling Fri Sep 27 05:45:36 UTC 2019
------------------ testing $PTII/ptolemy/domains/de/test/auto/VariableDelay2.xml
auto.tcl: Setting watchdog for 200 seconds at Fri Sep 27 05:45:36 UTC 2019
4 ms. Memory: 51200K Free: 32433K (63%)
ptolemy.util.test.WatchDog.cancel(): canceling Fri Sep 27 05:45:36 UTC 2019
auto.tcl: Setting watchdog for 200 seconds at Fri Sep 27 05:45:36 UTC 2019
1 ms. Memory: 51200K Free: 31483K (61%)
ptolemy.util.test.WatchDog.cancel(): canceling Fri Sep 27 05:45:36 UTC 2019
------------------ testing $PTII/ptolemy/domains/de/test/auto/VariableDelayZeroDelay.xml
auto.tcl: Setting watchdog for 200 seconds at Fri Sep 27 05:45:36 UTC 2019
3 ms. Memory: 51200K Free: 33050K (65%)
ptolemy.util.test.WatchDog.cancel(): canceling Fri Sep 27 05:45:36 UTC 2019
auto.tcl: Setting watchdog for 200 seconds at Fri Sep 27 05:45:36 UTC 2019
2 ms. Memory: 51200K Free: 32522K (64%)
ptolemy.util.test.WatchDog.cancel(): canceling Fri Sep 27 05:45:36 UTC 2019
------------------ testing $PTII/ptolemy/domains/de/test/auto/VariableDelayZeroDelay2.xml
auto.tcl: Setting watchdog for 200 seconds at Fri Sep 27 05:45:36 UTC 2019
2 ms. Memory: 51200K Free: 33048K (65%)
ptolemy.util.test.WatchDog.cancel(): canceling Fri Sep 27 05:45:36 UTC 2019
auto.tcl: Setting watchdog for 200 seconds at Fri Sep 27 05:45:36 UTC 2019
2 ms. Memory: 51200K Free: 32024K (63%)
ptolemy.util.test.WatchDog.cancel(): canceling Fri Sep 27 05:45:36 UTC 2019
------------------ testing $PTII/ptolemy/domains/de/test/auto/deInCt.xml
auto.tcl: Setting watchdog for 200 seconds at Fri Sep 27 05:45:37 UTC 2019
0
1
1
1
0
0
0
0
1
1
1
1
1
0
0
0
1
1
1
0
0
0
0
1
1
1
1
0
0
0
1
1
1
1
1
10 ms. Memory: 51200K Free: 32022K (63%)
ptolemy.util.test.WatchDog.cancel(): canceling Fri Sep 27 05:45:37 UTC 2019
auto.tcl: Setting watchdog for 200 seconds at Fri Sep 27 05:45:37 UTC 2019
0
1
1
1
0
0
0
0
1
1
0
0
0
1
1
1
0
0
0
0
1
1
1
0
0
0
1
1
1
0
0
0
1
1
1
0
0
0
0
1
1
0
0
1
1
0
0
0
1
1
1
1
1
7 ms. Memory: 51200K Free: 30484K (60%)
ptolemy.util.test.WatchDog.cancel(): canceling Fri Sep 27 05:45:37 UTC 2019
------------------ testing $PTII/ptolemy/domains/de/test/auto/deInCt2.xml
auto.tcl: Setting watchdog for 200 seconds at Fri Sep 27 05:45:37 UTC 2019
0
1
1
1
0
0
1
1
1
0
0
1
1
1
0
0
1
1
1
0
0
1
1
1
0
0
1
1
1
0
0
1
1
1
0
0
1
1
1
0
0
0
7 ms. Memory: 48128K Free: 28952K (60%)
ptolemy.util.test.WatchDog.cancel(): canceling Fri Sep 27 05:45:37 UTC 2019
auto.tcl: Setting watchdog for 200 seconds at Fri Sep 27 05:45:37 UTC 2019
0
1
1
1
0
0
1
1
1
0
0
1
1
1
0
0
1
1
1
0
0
1
1
1
0
0
1
1
1
0
0
1
1
1
0
0
1
1
1
0
0
0
6 ms. Memory: 48128K Free: 27407K (57%)
ptolemy.util.test.WatchDog.cancel(): canceling Fri Sep 27 05:45:37 UTC 2019
------------------ testing $PTII/ptolemy/domains/de/test/auto/dynamicCausalityInterface1.xml
auto.tcl: Setting watchdog for 200 seconds at Fri Sep 27 05:45:37 UTC 2019
2 ms. Memory: 48128K Free: 24300K (50%)
ptolemy.util.test.WatchDog.cancel(): canceling Fri Sep 27 05:45:37 UTC 2019
auto.tcl: Setting watchdog for 200 seconds at Fri Sep 27 05:45:37 UTC 2019
1 ms. Memory: 48128K Free: 23827K (50%)
ptolemy.util.test.WatchDog.cancel(): canceling Fri Sep 27 05:45:37 UTC 2019
------------------ testing $PTII/ptolemy/domains/de/test/auto/fsm_de_test.xml
auto.tcl: Setting watchdog for 200 seconds at Fri Sep 27 05:45:37 UTC 2019
6 ms. Memory: 48128K Free: 24749K (51%)
ptolemy.util.test.WatchDog.cancel(): canceling Fri Sep 27 05:45:37 UTC 2019
auto.tcl: Setting watchdog for 200 seconds at Fri Sep 27 05:45:37 UTC 2019
6 ms. Memory: 48128K Free: 22735K (47%)
ptolemy.util.test.WatchDog.cancel(): canceling Fri Sep 27 05:45:37 UTC 2019
------------------ testing $PTII/ptolemy/domains/de/test/auto/functionDependencyReconstruction.xml
auto.tcl: Setting watchdog for 200 seconds at Fri Sep 27 05:45:37 UTC 2019
3 ms. Memory: 48128K Free: 18740K (39%)
ptolemy.util.test.WatchDog.cancel(): canceling Fri Sep 27 05:45:37 UTC 2019
auto.tcl: Setting watchdog for 200 seconds at Fri Sep 27 05:45:37 UTC 2019
3 ms. Memory: 48128K Free: 16589K (34%)
ptolemy.util.test.WatchDog.cancel(): canceling Fri Sep 27 05:45:37 UTC 2019
------------------ testing $PTII/ptolemy/domains/de/test/auto/multirate.xml
auto.tcl: Setting watchdog for 200 seconds at Fri Sep 27 05:45:37 UTC 2019
10 ms. Memory: 48128K Free: 26831K (56%)
ptolemy.util.test.WatchDog.cancel(): canceling Fri Sep 27 05:45:37 UTC 2019
auto.tcl: Setting watchdog for 200 seconds at Fri Sep 27 05:45:37 UTC 2019
3 ms. Memory: 48128K Free: 25724K (53%)
ptolemy.util.test.WatchDog.cancel(): canceling Fri Sep 27 05:45:37 UTC 2019
------------------ testing $PTII/ptolemy/domains/de/test/auto/multirate2.xml
auto.tcl: Setting watchdog for 200 seconds at Fri Sep 27 05:45:37 UTC 2019
3 ms. Memory: 48128K Free: 27354K (57%)
ptolemy.util.test.WatchDog.cancel(): canceling Fri Sep 27 05:45:37 UTC 2019
auto.tcl: Setting watchdog for 200 seconds at Fri Sep 27 05:45:37 UTC 2019
3 ms. Memory: 48128K Free: 25880K (54%)
ptolemy.util.test.WatchDog.cancel(): canceling Fri Sep 27 05:45:37 UTC 2019
------------------ testing $PTII/ptolemy/domains/de/test/auto/realtime.xml
auto.tcl: Setting watchdog for 200 seconds at Fri Sep 27 05:45:37 UTC 2019
10002 ms. Memory: 48128K Free: 29622K (62%)
ptolemy.util.test.WatchDog.cancel(): canceling Fri Sep 27 05:45:47 UTC 2019
auto.tcl: Setting watchdog for 200 seconds at Fri Sep 27 05:45:47 UTC 2019
10002 ms. Memory: 48128K Free: 28896K (60%)
ptolemy.util.test.WatchDog.cancel(): canceling Fri Sep 27 05:45:57 UTC 2019
------------------ testing $PTII/ptolemy/domains/de/test/auto/relationGroup.xml
auto.tcl: Setting watchdog for 200 seconds at Fri Sep 27 05:45:57 UTC 2019
13 ms. Memory: 48128K Free: 30481K (63%)
ptolemy.util.test.WatchDog.cancel(): canceling Fri Sep 27 05:45:57 UTC 2019
auto.tcl: Setting watchdog for 200 seconds at Fri Sep 27 05:45:57 UTC 2019
2 ms. Memory: 48128K Free: 29496K (61%)
ptolemy.util.test.WatchDog.cancel(): canceling Fri Sep 27 05:45:57 UTC 2019
------------------ testing $PTII/ptolemy/domains/de/test/auto/relationGroup2.xml
auto.tcl: Setting watchdog for 200 seconds at Fri Sep 27 05:45:57 UTC 2019
1 ms. Memory: 48128K Free: 30513K (63%)
ptolemy.util.test.WatchDog.cancel(): canceling Fri Sep 27 05:45:57 UTC 2019
auto.tcl: Setting watchdog for 200 seconds at Fri Sep 27 05:45:57 UTC 2019
1 ms. Memory: 48128K Free: 30030K (62%)
ptolemy.util.test.WatchDog.cancel(): canceling Fri Sep 27 05:45:57 UTC 2019
------------------ testing $PTII/ptolemy/domains/de/test/auto/sortWithOpaquePorts.xml
auto.tcl: Setting watchdog for 200 seconds at Fri Sep 27 05:45:57 UTC 2019
2 ms. Memory: 48128K Free: 29475K (61%)
ptolemy.util.test.WatchDog.cancel(): canceling Fri Sep 27 05:45:57 UTC 2019
auto.tcl: Setting watchdog for 200 seconds at Fri Sep 27 05:45:57 UTC 2019
2 ms. Memory: 48128K Free: 28482K (59%)
ptolemy.util.test.WatchDog.cancel(): canceling Fri Sep 27 05:45:57 UTC 2019
------------------ testing $PTII/ptolemy/domains/de/test/auto/transferInputsandOutputs.xml
auto.tcl: Setting watchdog for 200 seconds at Fri Sep 27 05:45:57 UTC 2019
4 ms. Memory: 48128K Free: 26918K (56%)
ptolemy.util.test.WatchDog.cancel(): canceling Fri Sep 27 05:45:57 UTC 2019
auto.tcl: Setting watchdog for 200 seconds at Fri Sep 27 05:45:57 UTC 2019
3 ms. Memory: 48128K Free: 25957K (54%)
ptolemy.util.test.WatchDog.cancel(): canceling Fri Sep 27 05:45:57 UTC 2019
------------------ testing $PTII/ptolemy/domains/de/test/auto/triggerType.xml
auto.tcl: Setting watchdog for 200 seconds at Fri Sep 27 05:45:57 UTC 2019
2 ms. Memory: 48128K Free: 29943K (62%)
ptolemy.util.test.WatchDog.cancel(): canceling Fri Sep 27 05:45:57 UTC 2019
auto.tcl: Setting watchdog for 200 seconds at Fri Sep 27 05:45:57 UTC 2019
2 ms. Memory: 48128K Free: 28965K (60%)
ptolemy.util.test.WatchDog.cancel(): canceling Fri Sep 27 05:45:57 UTC 2019
09/27/19 05:45:58
Failed: 0  Total Tests: 192  ((Passed: 187, Newly Passed: 1)  Known Failed: 5) /home/travis/build/icyphy/ptII/ptolemy/domains/de/test
09/27/19 05:45:58
Failed: 0  Total Tests: 192  ((Passed: 187, Newly Passed: 1)  Known Failed: 5) /home/travis/build/icyphy/ptII/ptolemy/domains/de/test
----------------- testing (KnownFailure) /home/travis/build/icyphy/ptII/ptolemy/domains/de/test/auto/knownFailedTests/DESDFClockTest.xml
2022 ms. Memory: 48128K Free: 23336K (48%)
Known Failure: java.lang.reflect.InvocationTargetException
----------------- testing (KnownFailure) /home/travis/build/icyphy/ptII/ptolemy/domains/de/test/auto/knownFailedTests/DirectFeedback.xml
2 ms. Memory: 48128K Free: 18732K (39%)
Known Failure: java.lang.reflect.InvocationTargetException
----------------- testing (KnownFailure) /home/travis/build/icyphy/ptII/ptolemy/domains/de/test/auto/knownFailedTests/FSMSource.xml
9 ms. Memory: 48128K Free: 11564K (24%)
----------------- testing (KnownFailure) /home/travis/build/icyphy/ptII/ptolemy/domains/de/test/auto/knownFailedTests/HierarchicalModel.xml
11 ms. Memory: 48128K Free: 21709K (45%)
Known Failure: java.lang.reflect.InvocationTargetException
----------------- testing (KnownFailure) /home/travis/build/icyphy/ptII/ptolemy/domains/de/test/auto/knownFailedTests/dependencyLoop.xml
6 ms. Memory: 48128K Free: 32009K (67%)
Known Failure: java.lang.reflect.InvocationTargetException
----------------- testing (KnownFailure) /home/travis/build/icyphy/ptII/ptolemy/domains/de/test/auto/knownFailedTests/dependencyLoop2.xml
8 ms. Memory: 48128K Free: 16884K (35%)
Known Failure: java.lang.reflect.InvocationTargetException
No auto/linux-amd64/*.xml tests in /home/travis/build/icyphy/ptII/ptolemy/domains/de/test
AutoTests.java: About to close Vertx.
AutoTests.java: Vertx closed.

===========================================================================================
----------------- testing Fri Sep 27 05:46:00 UTC 2019 /home/travis/build/icyphy/ptII/ptolemy/domains/de/test/auto/ActorDepthCalculation_actorWithoutPorts.xml
----------------- Instantiating /home/travis/build/icyphy/ptII/ptolemy/domains/de/test/auto/ActorDepthCalculation_actorWithoutPorts.xml
2 ms. Memory: 48128K Free: 10575K (22%)
----------------- Invoking toplevel() on ptolemy.moml.MoMLSimpleApplication@3bd9e072
----------------- Done invoking toplevel() on ptolemy.moml.MoMLSimpleApplication@3bd9e072
reloadAllAccessors: .ActorDepthCalculation_actorWithoutPorts

===========================================================================================
----------------- testing Fri Sep 27 05:46:00 UTC 2019 /home/travis/build/icyphy/ptII/ptolemy/domains/de/test/auto/AssemblyLine.xml
----------------- Instantiating /home/travis/build/icyphy/ptII/ptolemy/domains/de/test/auto/AssemblyLine.xml
3 ms. Memory: 48128K Free: 29189K (61%)
----------------- Invoking toplevel() on ptolemy.moml.MoMLSimpleApplication@6d7ccc45
----------------- Done invoking toplevel() on ptolemy.moml.MoMLSimpleApplication@6d7ccc45
reloadAllAccessors: .AssemblyLine

===========================================================================================
----------------- testing Fri Sep 27 05:46:00 UTC 2019 /home/travis/build/icyphy/ptII/ptolemy/domains/de/test/auto/CQBug1.xml
----------------- Instantiating /home/travis/build/icyphy/ptII/ptolemy/domains/de/test/auto/CQBug1.xml
1 ms. Memory: 48128K Free: 26303K (55%)
----------------- Invoking toplevel() on ptolemy.moml.MoMLSimpleApplication@481c5137
----------------- Done invoking toplevel() on ptolemy.moml.MoMLSimpleApplication@481c5137
reloadAllAccessors: .CQBug1

===========================================================================================
----------------- testing Fri Sep 27 05:46:00 UTC 2019 /home/travis/build/icyphy/ptII/ptolemy/domains/de/test/auto/CancelFireAt.xml
----------------- Instantiating /home/travis/build/icyphy/ptII/ptolemy/domains/de/test/auto/CancelFireAt.xml
9 ms. Memory: 48128K Free: 24044K (50%)
----------------- Invoking toplevel() on ptolemy.moml.MoMLSimpleApplication@60a0fc5b
----------------- Done invoking toplevel() on ptolemy.moml.MoMLSimpleApplication@60a0fc5b
reloadAllAccessors: .CancelFireAt

===========================================================================================
----------------- testing Fri Sep 27 05:46:00 UTC 2019 /home/travis/build/icyphy/ptII/ptolemy/domains/de/test/auto/CausalityAndComposabilityAnalysis.xml
----------------- Instantiating /home/travis/build/icyphy/ptII/ptolemy/domains/de/test/auto/CausalityAndComposabilityAnalysis.xml
2 ms. Memory: 48128K Free: 19786K (41%)
----------------- Invoking toplevel() on ptolemy.moml.MoMLSimpleApplication@645af5ea
----------------- Done invoking toplevel() on ptolemy.moml.MoMLSimpleApplication@645af5ea
reloadAllAccessors: .CausalityAndComposabilityAnalysis

===========================================================================================
----------------- testing Fri Sep 27 05:46:00 UTC 2019 /home/travis/build/icyphy/ptII/ptolemy/domains/de/test/auto/CausalityInterface1.xml
----------------- Instantiating /home/travis/build/icyphy/ptII/ptolemy/domains/de/test/auto/CausalityInterface1.xml
7 ms. Memory: 48128K Free: 14883K (31%)
----------------- Invoking toplevel() on ptolemy.moml.MoMLSimpleApplication@2cfdcca1
----------------- Done invoking toplevel() on ptolemy.moml.MoMLSimpleApplication@2cfdcca1
reloadAllAccessors: .CausalityInterface1

===========================================================================================
----------------- testing Fri Sep 27 05:46:00 UTC 2019 /home/travis/build/icyphy/ptII/ptolemy/domains/de/test/auto/CausalityInterface15.xml
----------------- Instantiating /home/travis/build/icyphy/ptII/ptolemy/domains/de/test/auto/CausalityInterface15.xml
1 ms. Memory: 48128K Free: 9514K (20%)
----------------- Invoking toplevel() on ptolemy.moml.MoMLSimpleApplication@3cf6dff5
----------------- Done invoking toplevel() on ptolemy.moml.MoMLSimpleApplication@3cf6dff5
reloadAllAccessors: .CausalityInterface15

===========================================================================================
----------------- testing Fri Sep 27 05:46:00 UTC 2019 /home/travis/build/icyphy/ptII/ptolemy/domains/de/test/auto/CausalityInterface2.xml
----------------- Instantiating /home/travis/build/icyphy/ptII/ptolemy/domains/de/test/auto/CausalityInterface2.xml
2 ms. Memory: 48128K Free: 30636K (64%)
----------------- Invoking toplevel() on ptolemy.moml.MoMLSimpleApplication@21483bf2
----------------- Done invoking toplevel() on ptolemy.moml.MoMLSimpleApplication@21483bf2
reloadAllAccessors: .CausalityInterface2

===========================================================================================
----------------- testing Fri Sep 27 05:46:00 UTC 2019 /home/travis/build/icyphy/ptII/ptolemy/domains/de/test/auto/CausalityInterface3.xml
----------------- Instantiating /home/travis/build/icyphy/ptII/ptolemy/domains/de/test/auto/CausalityInterface3.xml
2 ms. Memory: 48128K Free: 25729K (53%)
----------------- Invoking toplevel() on ptolemy.moml.MoMLSimpleApplication@7f9acb49
----------------- Done invoking toplevel() on ptolemy.moml.MoMLSimpleApplication@7f9acb49
reloadAllAccessors: .CausalityInterface3

===========================================================================================
----------------- testing Fri Sep 27 05:46:00 UTC 2019 /home/travis/build/icyphy/ptII/ptolemy/domains/de/test/auto/ClockDrift.xml
----------------- Instantiating /home/travis/build/icyphy/ptII/ptolemy/domains/de/test/auto/ClockDrift.xml
14 ms. Memory: 48128K Free: 13909K (29%)
----------------- Invoking toplevel() on ptolemy.moml.MoMLSimpleApplication@59a2ed54
----------------- Done invoking toplevel() on ptolemy.moml.MoMLSimpleApplication@59a2ed54
reloadAllAccessors: .ClockDrift

===========================================================================================
----------------- testing Fri Sep 27 05:46:00 UTC 2019 /home/travis/build/icyphy/ptII/ptolemy/domains/de/test/auto/ClockDriftAndValueChange.xml
----------------- Instantiating /home/travis/build/icyphy/ptII/ptolemy/domains/de/test/auto/ClockDriftAndValueChange.xml
11 ms. Memory: 48128K Free: 27858K (58%)
----------------- Invoking toplevel() on ptolemy.moml.MoMLSimpleApplication@a15f04
----------------- Done invoking toplevel() on ptolemy.moml.MoMLSimpleApplication@a15f04
reloadAllAccessors: .ClockDriftAndValueChange

===========================================================================================
----------------- testing Fri Sep 27 05:46:00 UTC 2019 /home/travis/build/icyphy/ptII/ptolemy/domains/de/test/auto/ClockDriftChange.xml
----------------- Instantiating /home/travis/build/icyphy/ptII/ptolemy/domains/de/test/auto/ClockDriftChange.xml
11 ms. Memory: 48128K Free: 17946K (37%)
----------------- Invoking toplevel() on ptolemy.moml.MoMLSimpleApplication@4337d01c
----------------- Done invoking toplevel() on ptolemy.moml.MoMLSimpleApplication@4337d01c
reloadAllAccessors: .ClockDriftChange

===========================================================================================
----------------- testing Fri Sep 27 05:46:00 UTC 2019 /home/travis/build/icyphy/ptII/ptolemy/domains/de/test/auto/ComposableCausalityAnalysis.xml
----------------- Instantiating /home/travis/build/icyphy/ptII/ptolemy/domains/de/test/auto/ComposableCausalityAnalysis.xml
1 ms. Memory: 48128K Free: 12192K (25%)
----------------- Invoking toplevel() on ptolemy.moml.MoMLSimpleApplication@6469e40c
----------------- Done invoking toplevel() on ptolemy.moml.MoMLSimpleApplication@6469e40c
reloadAllAccessors: .ComposableCausalityAnalysis

===========================================================================================
----------------- testing Fri Sep 27 05:46:00 UTC 2019 /home/travis/build/icyphy/ptII/ptolemy/domains/de/test/auto/DEFixedPointLimitation.xml
----------------- Instantiating /home/travis/build/icyphy/ptII/ptolemy/domains/de/test/auto/DEFixedPointLimitation.xml
1 ms. Memory: 48128K Free: 32238K (67%)
----------------- Invoking toplevel() on ptolemy.moml.MoMLSimpleApplication@7fa41aff
----------------- Done invoking toplevel() on ptolemy.moml.MoMLSimpleApplication@7fa41aff
reloadAllAccessors: .DEFixedPointLimitation

===========================================================================================
----------------- testing Fri Sep 27 05:46:00 UTC 2019 /home/travis/build/icyphy/ptII/ptolemy/domains/de/test/auto/DEScheduleTest.xml
----------------- Instantiating /home/travis/build/icyphy/ptII/ptolemy/domains/de/test/auto/DEScheduleTest.xml
2 ms. Memory: 48128K Free: 27819K (58%)
----------------- Invoking toplevel() on ptolemy.moml.MoMLSimpleApplication@60e8fb80
----------------- Done invoking toplevel() on ptolemy.moml.MoMLSimpleApplication@60e8fb80
reloadAllAccessors: .DEScheduleTest

===========================================================================================
----------------- testing Fri Sep 27 05:46:00 UTC 2019 /home/travis/build/icyphy/ptII/ptolemy/domains/de/test/auto/DEinDEwithStartTimes.xml
----------------- Instantiating /home/travis/build/icyphy/ptII/ptolemy/domains/de/test/auto/DEinDEwithStartTimes.xml
2 ms. Memory: 48128K Free: 21920K (46%)
----------------- Invoking toplevel() on ptolemy.moml.MoMLSimpleApplication@58573de2
----------------- Done invoking toplevel() on ptolemy.moml.MoMLSimpleApplication@58573de2
reloadAllAccessors: .DEinDEwithStartTimes

===========================================================================================
----------------- testing Fri Sep 27 05:46:00 UTC 2019 /home/travis/build/icyphy/ptII/ptolemy/domains/de/test/auto/DEinDEwithStartTimes2.xml
----------------- Instantiating /home/travis/build/icyphy/ptII/ptolemy/domains/de/test/auto/DEinDEwithStartTimes2.xml
3 ms. Memory: 48128K Free: 15568K (32%)
----------------- Invoking toplevel() on ptolemy.moml.MoMLSimpleApplication@595f263c
----------------- Done invoking toplevel() on ptolemy.moml.MoMLSimpleApplication@595f263c
reloadAllAccessors: .DEinDEwithStartTimes2

===========================================================================================
----------------- testing Fri Sep 27 05:46:00 UTC 2019 /home/travis/build/icyphy/ptII/ptolemy/domains/de/test/auto/DateDemo.xml
----------------- Instantiating /home/travis/build/icyphy/ptII/ptolemy/domains/de/test/auto/DateDemo.xml
5 ms. Memory: 48128K Free: 28671K (60%)
----------------- Invoking toplevel() on ptolemy.moml.MoMLSimpleApplication@89163d0
----------------- Done invoking toplevel() on ptolemy.moml.MoMLSimpleApplication@89163d0
reloadAllAccessors: .DateDemo

===========================================================================================
----------------- testing Fri Sep 27 05:46:00 UTC 2019 /home/travis/build/icyphy/ptII/ptolemy/domains/de/test/auto/DateToEvent.xml
----------------- Instantiating /home/travis/build/icyphy/ptII/ptolemy/domains/de/test/auto/DateToEvent.xml
2006 ms. Memory: 48128K Free: 13292K (28%)
----------------- Invoking toplevel() on ptolemy.moml.MoMLSimpleApplication@27151896
----------------- Done invoking toplevel() on ptolemy.moml.MoMLSimpleApplication@27151896
reloadAllAccessors: .DateToEvent

===========================================================================================
----------------- testing Fri Sep 27 05:46:02 UTC 2019 /home/travis/build/icyphy/ptII/ptolemy/domains/de/test/auto/DepthTest1.xml
----------------- Instantiating /home/travis/build/icyphy/ptII/ptolemy/domains/de/test/auto/DepthTest1.xml
1 ms. Memory: 48128K Free: 10469K (22%)
----------------- Invoking toplevel() on ptolemy.moml.MoMLSimpleApplication@45d76626
----------------- Done invoking toplevel() on ptolemy.moml.MoMLSimpleApplication@45d76626
reloadAllAccessors: .DepthTest1

===========================================================================================
----------------- testing Fri Sep 27 05:46:02 UTC 2019 /home/travis/build/icyphy/ptII/ptolemy/domains/de/test/auto/DepthTest2.xml
----------------- Instantiating /home/travis/build/icyphy/ptII/ptolemy/domains/de/test/auto/DepthTest2.xml
1 ms. Memory: 48128K Free: 28596K (59%)
----------------- Invoking toplevel() on ptolemy.moml.MoMLSimpleApplication@111fe4f6
----------------- Done invoking toplevel() on ptolemy.moml.MoMLSimpleApplication@111fe4f6
reloadAllAccessors: .DepthTest2

===========================================================================================
----------------- testing Fri Sep 27 05:46:02 UTC 2019 /home/travis/build/icyphy/ptII/ptolemy/domains/de/test/auto/DepthTest3.xml
----------------- Instantiating /home/travis/build/icyphy/ptII/ptolemy/domains/de/test/auto/DepthTest3.xml
2 ms. Memory: 48128K Free: 25545K (53%)
----------------- Invoking toplevel() on ptolemy.moml.MoMLSimpleApplication@19e8df9f
----------------- Done invoking toplevel() on ptolemy.moml.MoMLSimpleApplication@19e8df9f
reloadAllAccessors: .DepthTest3

===========================================================================================
----------------- testing Fri Sep 27 05:46:02 UTC 2019 /home/travis/build/icyphy/ptII/ptolemy/domains/de/test/auto/DepthTest4.xml
----------------- Instantiating /home/travis/build/icyphy/ptII/ptolemy/domains/de/test/auto/DepthTest4.xml
2 ms. Memory: 48128K Free: 20641K (43%)
----------------- Invoking toplevel() on ptolemy.moml.MoMLSimpleApplication@57ec6c15
----------------- Done invoking toplevel() on ptolemy.moml.MoMLSimpleApplication@57ec6c15
reloadAllAccessors: .DepthTest4

===========================================================================================
----------------- testing Fri Sep 27 05:46:02 UTC 2019 /home/travis/build/icyphy/ptII/ptolemy/domains/de/test/auto/DepthTest5.xml
----------------- Instantiating /home/travis/build/icyphy/ptII/ptolemy/domains/de/test/auto/DepthTest5.xml
2 ms. Memory: 48128K Free: 15323K (32%)
----------------- Invoking toplevel() on ptolemy.moml.MoMLSimpleApplication@77c9428d
----------------- Done invoking toplevel() on ptolemy.moml.MoMLSimpleApplication@77c9428d
reloadAllAccessors: .DepthTest5

===========================================================================================
----------------- testing Fri Sep 27 05:46:02 UTC 2019 /home/travis/build/icyphy/ptII/ptolemy/domains/de/test/auto/DepthTest6.xml
----------------- Instantiating /home/travis/build/icyphy/ptII/ptolemy/domains/de/test/auto/DepthTest6.xml
6 ms. Memory: 48128K Free: 9941K (21%)
----------------- Invoking toplevel() on ptolemy.moml.MoMLSimpleApplication@6d8251b5
----------------- Done invoking toplevel() on ptolemy.moml.MoMLSimpleApplication@6d8251b5
reloadAllAccessors: .DepthTest6

===========================================================================================
----------------- testing Fri Sep 27 05:46:02 UTC 2019 /home/travis/build/icyphy/ptII/ptolemy/domains/de/test/auto/DepthTest7.xml
----------------- Instantiating /home/travis/build/icyphy/ptII/ptolemy/domains/de/test/auto/DepthTest7.xml
1 ms. Memory: 48128K Free: 29692K (62%)
----------------- Invoking toplevel() on ptolemy.moml.MoMLSimpleApplication@2bf9f00c
----------------- Done invoking toplevel() on ptolemy.moml.MoMLSimpleApplication@2bf9f00c
reloadAllAccessors: .DepthTest7

===========================================================================================
----------------- testing Fri Sep 27 05:46:02 UTC 2019 /home/travis/build/icyphy/ptII/ptolemy/domains/de/test/auto/EventToDate.xml
----------------- Instantiating /home/travis/build/icyphy/ptII/ptolemy/domains/de/test/auto/EventToDate.xml
3003 ms. Memory: 48128K Free: 16258K (34%)
----------------- Invoking toplevel() on ptolemy.moml.MoMLSimpleApplication@568831f2
----------------- Done invoking toplevel() on ptolemy.moml.MoMLSimpleApplication@568831f2
reloadAllAccessors: .EventToDate

===========================================================================================
----------------- testing Fri Sep 27 05:46:05 UTC 2019 /home/travis/build/icyphy/ptII/ptolemy/domains/de/test/auto/FSM1.xml
----------------- Instantiating /home/travis/build/icyphy/ptII/ptolemy/domains/de/test/auto/FSM1.xml
24 ms. Memory: 48128K Free: 28641K (60%)
----------------- Invoking toplevel() on ptolemy.moml.MoMLSimpleApplication@674566fe
----------------- Done invoking toplevel() on ptolemy.moml.MoMLSimpleApplication@674566fe
reloadAllAccessors: .FSM1

===========================================================================================
----------------- testing Fri Sep 27 05:46:06 UTC 2019 /home/travis/build/icyphy/ptII/ptolemy/domains/de/test/auto/FSM7.xml
----------------- Instantiating /home/travis/build/icyphy/ptII/ptolemy/domains/de/test/auto/FSM7.xml
17 ms. Memory: 48128K Free: 16391K (34%)
----------------- Invoking toplevel() on ptolemy.moml.MoMLSimpleApplication@35b3e3
----------------- Done invoking toplevel() on ptolemy.moml.MoMLSimpleApplication@35b3e3
reloadAllAccessors: .FSM7

===========================================================================================
----------------- testing Fri Sep 27 05:46:06 UTC 2019 /home/travis/build/icyphy/ptII/ptolemy/domains/de/test/auto/Inspection.xml
----------------- Instantiating /home/travis/build/icyphy/ptII/ptolemy/domains/de/test/auto/Inspection.xml
18 ms. Memory: 48128K Free: 28591K (59%)
----------------- Invoking toplevel() on ptolemy.moml.MoMLSimpleApplication@3fde3231
----------------- Done invoking toplevel() on ptolemy.moml.MoMLSimpleApplication@3fde3231
reloadAllAccessors: .Inspection

===========================================================================================
----------------- testing Fri Sep 27 05:46:06 UTC 2019 /home/travis/build/icyphy/ptII/ptolemy/domains/de/test/auto/Iteration.xml
----------------- Instantiating /home/travis/build/icyphy/ptII/ptolemy/domains/de/test/auto/Iteration.xml
11 ms. Memory: 48128K Free: 21639K (45%)
----------------- Invoking toplevel() on ptolemy.moml.MoMLSimpleApplication@60d460e8
----------------- Done invoking toplevel() on ptolemy.moml.MoMLSimpleApplication@60d460e8
reloadAllAccessors: .Iteration

===========================================================================================
----------------- testing Fri Sep 27 05:46:06 UTC 2019 /home/travis/build/icyphy/ptII/ptolemy/domains/de/test/auto/LineFault.xml
----------------- Instantiating /home/travis/build/icyphy/ptII/ptolemy/domains/de/test/auto/LineFault.xml
500 ms. Memory: 48128K Free: 24281K (50%)
----------------- Invoking toplevel() on ptolemy.moml.MoMLSimpleApplication@20a0d4c9
----------------- Done invoking toplevel() on ptolemy.moml.MoMLSimpleApplication@20a0d4c9
reloadAllAccessors: .LineFault

===========================================================================================
----------------- testing Fri Sep 27 05:46:06 UTC 2019 /home/travis/build/icyphy/ptII/ptolemy/domains/de/test/auto/MergeModel1Add.xml
----------------- Instantiating /home/travis/build/icyphy/ptII/ptolemy/domains/de/test/auto/MergeModel1Add.xml
6 ms. Memory: 48128K Free: 26470K (55%)
----------------- Invoking toplevel() on ptolemy.moml.MoMLSimpleApplication@1bf29fd0
----------------- Done invoking toplevel() on ptolemy.moml.MoMLSimpleApplication@1bf29fd0
reloadAllAccessors: .MergeModel1Add

===========================================================================================
----------------- testing Fri Sep 27 05:46:06 UTC 2019 /home/travis/build/icyphy/ptII/ptolemy/domains/de/test/auto/MergeModel2Add.xml
----------------- Instantiating /home/travis/build/icyphy/ptII/ptolemy/domains/de/test/auto/MergeModel2Add.xml
18 ms. Memory: 48128K Free: 29610K (62%)
----------------- Invoking toplevel() on ptolemy.moml.MoMLSimpleApplication@1820b4cf
----------------- Done invoking toplevel() on ptolemy.moml.MoMLSimpleApplication@1820b4cf
reloadAllAccessors: .MergeModel2Add

===========================================================================================
----------------- testing Fri Sep 27 05:46:06 UTC 2019 /home/travis/build/icyphy/ptII/ptolemy/domains/de/test/auto/MergeModel3Add.xml
----------------- Instantiating /home/travis/build/icyphy/ptII/ptolemy/domains/de/test/auto/MergeModel3Add.xml
7 ms. Memory: 48128K Free: 11811K (25%)
----------------- Invoking toplevel() on ptolemy.moml.MoMLSimpleApplication@1178e392
----------------- Done invoking toplevel() on ptolemy.moml.MoMLSimpleApplication@1178e392
reloadAllAccessors: .MergeModel3Add

===========================================================================================
----------------- testing Fri Sep 27 05:46:06 UTC 2019 /home/travis/build/icyphy/ptII/ptolemy/domains/de/test/auto/MergeWithoutDiscard.xml
----------------- Instantiating /home/travis/build/icyphy/ptII/ptolemy/domains/de/test/auto/MergeWithoutDiscard.xml
2 ms. Memory: 48128K Free: 28522K (59%)
----------------- Invoking toplevel() on ptolemy.moml.MoMLSimpleApplication@28cc6b67
----------------- Done invoking toplevel() on ptolemy.moml.MoMLSimpleApplication@28cc6b67
reloadAllAccessors: .MergeWithoutDiscard

===========================================================================================
----------------- testing Fri Sep 27 05:46:06 UTC 2019 /home/travis/build/icyphy/ptII/ptolemy/domains/de/test/auto/Modal1.xml
----------------- Instantiating /home/travis/build/icyphy/ptII/ptolemy/domains/de/test/auto/Modal1.xml
7 ms. Memory: 48128K Free: 16476K (34%)
----------------- Invoking toplevel() on ptolemy.moml.MoMLSimpleApplication@2af45499
----------------- Done invoking toplevel() on ptolemy.moml.MoMLSimpleApplication@2af45499
reloadAllAccessors: .Modal1

===========================================================================================
----------------- testing Fri Sep 27 05:46:07 UTC 2019 /home/travis/build/icyphy/ptII/ptolemy/domains/de/test/auto/Modal2.xml
----------------- Instantiating /home/travis/build/icyphy/ptII/ptolemy/domains/de/test/auto/Modal2.xml
16 ms. Memory: 58368K Free: 36177K (62%)
----------------- Invoking toplevel() on ptolemy.moml.MoMLSimpleApplication@124e7d9b
----------------- Done invoking toplevel() on ptolemy.moml.MoMLSimpleApplication@124e7d9b
reloadAllAccessors: .Modal2

===========================================================================================
----------------- testing Fri Sep 27 05:46:07 UTC 2019 /home/travis/build/icyphy/ptII/ptolemy/domains/de/test/auto/Modal3.xml
----------------- Instantiating /home/travis/build/icyphy/ptII/ptolemy/domains/de/test/auto/Modal3.xml
6 ms. Memory: 58368K Free: 23631K (40%)
----------------- Invoking toplevel() on ptolemy.moml.MoMLSimpleApplication@5307f7b8
----------------- Done invoking toplevel() on ptolemy.moml.MoMLSimpleApplication@5307f7b8
reloadAllAccessors: .Modal3

===========================================================================================
----------------- testing Fri Sep 27 05:46:07 UTC 2019 /home/travis/build/icyphy/ptII/ptolemy/domains/de/test/auto/Modal4.xml
----------------- Instantiating /home/travis/build/icyphy/ptII/ptolemy/domains/de/test/auto/Modal4.xml
10 ms. Memory: 58368K Free: 37227K (64%)
----------------- Invoking toplevel() on ptolemy.moml.MoMLSimpleApplication@3c4dca91
----------------- Done invoking toplevel() on ptolemy.moml.MoMLSimpleApplication@3c4dca91
reloadAllAccessors: .Modal4

===========================================================================================
----------------- testing Fri Sep 27 05:46:07 UTC 2019 /home/travis/build/icyphy/ptII/ptolemy/domains/de/test/auto/Modal5.xml
----------------- Instantiating /home/travis/build/icyphy/ptII/ptolemy/domains/de/test/auto/Modal5.xml
8 ms. Memory: 58368K Free: 24198K (41%)
----------------- Invoking toplevel() on ptolemy.moml.MoMLSimpleApplication@40965b5f
----------------- Done invoking toplevel() on ptolemy.moml.MoMLSimpleApplication@40965b5f
reloadAllAccessors: .Modal5

===========================================================================================
----------------- testing Fri Sep 27 05:46:07 UTC 2019 /home/travis/build/icyphy/ptII/ptolemy/domains/de/test/auto/Modal6.xml
----------------- Instantiating /home/travis/build/icyphy/ptII/ptolemy/domains/de/test/auto/Modal6.xml
20 ms. Memory: 58368K Free: 38636K (66%)
----------------- Invoking toplevel() on ptolemy.moml.MoMLSimpleApplication@659fd494
----------------- Done invoking toplevel() on ptolemy.moml.MoMLSimpleApplication@659fd494
reloadAllAccessors: .Modal6

===========================================================================================
----------------- testing Fri Sep 27 05:46:07 UTC 2019 /home/travis/build/icyphy/ptII/ptolemy/domains/de/test/auto/Modal7.xml
----------------- Instantiating /home/travis/build/icyphy/ptII/ptolemy/domains/de/test/auto/Modal7.xml
7 ms. Memory: 58368K Free: 25302K (43%)
----------------- Invoking toplevel() on ptolemy.moml.MoMLSimpleApplication@15a88cd0
----------------- Done invoking toplevel() on ptolemy.moml.MoMLSimpleApplication@15a88cd0
reloadAllAccessors: .Modal7

===========================================================================================
----------------- testing Fri Sep 27 05:46:07 UTC 2019 /home/travis/build/icyphy/ptII/ptolemy/domains/de/test/auto/ModalModel.xml
----------------- Instantiating /home/travis/build/icyphy/ptII/ptolemy/domains/de/test/auto/ModalModel.xml
152 ms. Memory: 97280K Free: 49342K (51%)
----------------- Invoking toplevel() on ptolemy.moml.MoMLSimpleApplication@35ccc80
----------------- Done invoking toplevel() on ptolemy.moml.MoMLSimpleApplication@35ccc80
reloadAllAccessors: .ModalModel

===========================================================================================
----------------- testing Fri Sep 27 05:46:07 UTC 2019 /home/travis/build/icyphy/ptII/ptolemy/domains/de/test/auto/ModalSource.xml
----------------- Instantiating /home/travis/build/icyphy/ptII/ptolemy/domains/de/test/auto/ModalSource.xml
6 ms. Memory: 97280K Free: 40708K (42%)
----------------- Invoking toplevel() on ptolemy.moml.MoMLSimpleApplication@6b51461d
----------------- Done invoking toplevel() on ptolemy.moml.MoMLSimpleApplication@6b51461d
reloadAllAccessors: .ModalSource

===========================================================================================
----------------- testing Fri Sep 27 05:46:07 UTC 2019 /home/travis/build/icyphy/ptII/ptolemy/domains/de/test/auto/NonInterruptibleTimerZeroDelay.xml
----------------- Instantiating /home/travis/build/icyphy/ptII/ptolemy/domains/de/test/auto/NonInterruptibleTimerZeroDelay.xml
2 ms. Memory: 97280K Free: 36612K (38%)
----------------- Invoking toplevel() on ptolemy.moml.MoMLSimpleApplication@270c92ff
----------------- Done invoking toplevel() on ptolemy.moml.MoMLSimpleApplication@270c92ff
reloadAllAccessors: .NonInterruptibleTimerZeroDelay

===========================================================================================
----------------- testing Fri Sep 27 05:46:07 UTC 2019 /home/travis/build/icyphy/ptII/ptolemy/domains/de/test/auto/OpenQueueingNetwork.xml
----------------- Instantiating /home/travis/build/icyphy/ptII/ptolemy/domains/de/test/auto/OpenQueueingNetwork.xml
2446 ms. Memory: 194560K Free: 127226K (65%)
----------------- Invoking toplevel() on ptolemy.moml.MoMLSimpleApplication@5da1c46
----------------- Done invoking toplevel() on ptolemy.moml.MoMLSimpleApplication@5da1c46
reloadAllAccessors: .OpenQueueingNetwork

===========================================================================================
----------------- testing Fri Sep 27 05:46:10 UTC 2019 /home/travis/build/icyphy/ptII/ptolemy/domains/de/test/auto/OpenQueuingNetwork.xml
----------------- Instantiating /home/travis/build/icyphy/ptII/ptolemy/domains/de/test/auto/OpenQueuingNetwork.xml
250 ms. Memory: 269312K Free: 238698K (89%)
----------------- Invoking toplevel() on ptolemy.moml.MoMLSimpleApplication@409899cf
----------------- Done invoking toplevel() on ptolemy.moml.MoMLSimpleApplication@409899cf
reloadAllAccessors: .OpenQueuingNetwork

===========================================================================================
----------------- testing Fri Sep 27 05:46:10 UTC 2019 /home/travis/build/icyphy/ptII/ptolemy/domains/de/test/auto/PeriodicSampler.xml
----------------- Instantiating /home/travis/build/icyphy/ptII/ptolemy/domains/de/test/auto/PeriodicSampler.xml
4 ms. Memory: 269312K Free: 234088K (87%)
----------------- Invoking toplevel() on ptolemy.moml.MoMLSimpleApplication@40aade4
----------------- Done invoking toplevel() on ptolemy.moml.MoMLSimpleApplication@40aade4
reloadAllAccessors: .PeriodicSampler

===========================================================================================
----------------- testing Fri Sep 27 05:46:10 UTC 2019 /home/travis/build/icyphy/ptII/ptolemy/domains/de/test/auto/PersistentIO.xml
----------------- Instantiating /home/travis/build/icyphy/ptII/ptolemy/domains/de/test/auto/PersistentIO.xml
5 ms. Memory: 269312K Free: 224362K (83%)
----------------- Invoking toplevel() on ptolemy.moml.MoMLSimpleApplication@5f10e592
----------------- Done invoking toplevel() on ptolemy.moml.MoMLSimpleApplication@5f10e592
reloadAllAccessors: .PersistentIO

===========================================================================================
----------------- testing Fri Sep 27 05:46:10 UTC 2019 /home/travis/build/icyphy/ptII/ptolemy/domains/de/test/auto/PortParameterResetOnInitialize.xml
----------------- Instantiating /home/travis/build/icyphy/ptII/ptolemy/domains/de/test/auto/PortParameterResetOnInitialize.xml
5 ms. Memory: 269312K Free: 219746K (82%)
----------------- Invoking toplevel() on ptolemy.moml.MoMLSimpleApplication@6288604d
----------------- Done invoking toplevel() on ptolemy.moml.MoMLSimpleApplication@6288604d
reloadAllAccessors: .PortParameterResetOnInitialize

===========================================================================================
----------------- testing Fri Sep 27 05:46:10 UTC 2019 /home/travis/build/icyphy/ptII/ptolemy/domains/de/test/auto/PortParameterUpdates.xml
----------------- Instantiating /home/travis/build/icyphy/ptII/ptolemy/domains/de/test/auto/PortParameterUpdates.xml
4 ms. Memory: 269312K Free: 213098K (79%)
----------------- Invoking toplevel() on ptolemy.moml.MoMLSimpleApplication@544aecb5
----------------- Done invoking toplevel() on ptolemy.moml.MoMLSimpleApplication@544aecb5
reloadAllAccessors: .PortParameterUpdates

===========================================================================================
----------------- testing Fri Sep 27 05:46:10 UTC 2019 /home/travis/build/icyphy/ptII/ptolemy/domains/de/test/auto/QueueAndServer.xml
----------------- Instantiating /home/travis/build/icyphy/ptII/ptolemy/domains/de/test/auto/QueueAndServer.xml
6 ms. Memory: 269312K Free: 205416K (76%)
----------------- Invoking toplevel() on ptolemy.moml.MoMLSimpleApplication@1cb78fb3
----------------- Done invoking toplevel() on ptolemy.moml.MoMLSimpleApplication@1cb78fb3
reloadAllAccessors: .QueueAndServer

===========================================================================================
----------------- testing Fri Sep 27 05:46:10 UTC 2019 /home/travis/build/icyphy/ptII/ptolemy/domains/de/test/auto/Records.xml
----------------- Instantiating /home/travis/build/icyphy/ptII/ptolemy/domains/de/test/auto/Records.xml
3 ms. Memory: 269312K Free: 199786K (74%)
----------------- Invoking toplevel() on ptolemy.moml.MoMLSimpleApplication@507de024
----------------- Done invoking toplevel() on ptolemy.moml.MoMLSimpleApplication@507de024
reloadAllAccessors: .Records

===========================================================================================
----------------- testing Fri Sep 27 05:46:10 UTC 2019 /home/travis/build/icyphy/ptII/ptolemy/domains/de/test/auto/ResetTransitionWithStartTime1.xml
----------------- Instantiating /home/travis/build/icyphy/ptII/ptolemy/domains/de/test/auto/ResetTransitionWithStartTime1.xml
6 ms. Memory: 269312K Free: 191594K (71%)
----------------- Invoking toplevel() on ptolemy.moml.MoMLSimpleApplication@730b4a22
----------------- Done invoking toplevel() on ptolemy.moml.MoMLSimpleApplication@730b4a22
reloadAllAccessors: .ResetTransitionWithStartTime1

===========================================================================================
----------------- testing Fri Sep 27 05:46:10 UTC 2019 /home/travis/build/icyphy/ptII/ptolemy/domains/de/test/auto/ResetTransitionWithStartTime2.xml
----------------- Instantiating /home/travis/build/icyphy/ptII/ptolemy/domains/de/test/auto/ResetTransitionWithStartTime2.xml
6 ms. Memory: 269312K Free: 183402K (68%)
----------------- Invoking toplevel() on ptolemy.moml.MoMLSimpleApplication@695f6010
----------------- Done invoking toplevel() on ptolemy.moml.MoMLSimpleApplication@695f6010
reloadAllAccessors: .ResetTransitionWithStartTime2

===========================================================================================
----------------- testing Fri Sep 27 05:46:10 UTC 2019 /home/travis/build/icyphy/ptII/ptolemy/domains/de/test/auto/ResetTransitionWithStartTime3.xml
----------------- Instantiating /home/travis/build/icyphy/ptII/ptolemy/domains/de/test/auto/ResetTransitionWithStartTime3.xml
6 ms. Memory: 269312K Free: 175210K (65%)
----------------- Invoking toplevel() on ptolemy.moml.MoMLSimpleApplication@618b091c
----------------- Done invoking toplevel() on ptolemy.moml.MoMLSimpleApplication@618b091c
reloadAllAccessors: .ResetTransitionWithStartTime3

===========================================================================================
----------------- testing Fri Sep 27 05:46:10 UTC 2019 /home/travis/build/icyphy/ptII/ptolemy/domains/de/test/auto/ResetTransitionWithStartTime4.xml
----------------- Instantiating /home/travis/build/icyphy/ptII/ptolemy/domains/de/test/auto/ResetTransitionWithStartTime4.xml
3 ms. Memory: 269312K Free: 167522K (62%)
----------------- Invoking toplevel() on ptolemy.moml.MoMLSimpleApplication@4d2fcc0
----------------- Done invoking toplevel() on ptolemy.moml.MoMLSimpleApplication@4d2fcc0
reloadAllAccessors: .ResetTransitionWithStartTime4

===========================================================================================
----------------- testing Fri Sep 27 05:46:10 UTC 2019 /home/travis/build/icyphy/ptII/ptolemy/domains/de/test/auto/ResettableTimer1.xml
----------------- Instantiating /home/travis/build/icyphy/ptII/ptolemy/domains/de/test/auto/ResettableTimer1.xml
5 ms. Memory: 269312K Free: 163402K (61%)
----------------- Invoking toplevel() on ptolemy.moml.MoMLSimpleApplication@23ff2c44
----------------- Done invoking toplevel() on ptolemy.moml.MoMLSimpleApplication@23ff2c44
reloadAllAccessors: .ResettableTimer1

===========================================================================================
----------------- testing Fri Sep 27 05:46:10 UTC 2019 /home/travis/build/icyphy/ptII/ptolemy/domains/de/test/auto/ResettableTimer2.xml
----------------- Instantiating /home/travis/build/icyphy/ptII/ptolemy/domains/de/test/auto/ResettableTimer2.xml
1 ms. Memory: 269312K Free: 159306K (59%)
----------------- Invoking toplevel() on ptolemy.moml.MoMLSimpleApplication@316b3477
----------------- Done invoking toplevel() on ptolemy.moml.MoMLSimpleApplication@316b3477
reloadAllAccessors: .ResettableTimer2

===========================================================================================
----------------- testing Fri Sep 27 05:46:10 UTC 2019 /home/travis/build/icyphy/ptII/ptolemy/domains/de/test/auto/ResettableTimer3.xml
----------------- Instantiating /home/travis/build/icyphy/ptII/ptolemy/domains/de/test/auto/ResettableTimer3.xml
2 ms. Memory: 269312K Free: 155240K (58%)
----------------- Invoking toplevel() on ptolemy.moml.MoMLSimpleApplication@6a67bf37
----------------- Done invoking toplevel() on ptolemy.moml.MoMLSimpleApplication@6a67bf37
reloadAllAccessors: .ResettableTimer3

===========================================================================================
----------------- testing Fri Sep 27 05:46:10 UTC 2019 /home/travis/build/icyphy/ptII/ptolemy/domains/de/test/auto/ResettableTimer4.xml
----------------- Instantiating /home/travis/build/icyphy/ptII/ptolemy/domains/de/test/auto/ResettableTimer4.xml
1 ms. Memory: 269312K Free: 151658K (56%)
----------------- Invoking toplevel() on ptolemy.moml.MoMLSimpleApplication@6f05f05f
----------------- Done invoking toplevel() on ptolemy.moml.MoMLSimpleApplication@6f05f05f
reloadAllAccessors: .ResettableTimer4

===========================================================================================
----------------- testing Fri Sep 27 05:46:10 UTC 2019 /home/travis/build/icyphy/ptII/ptolemy/domains/de/test/auto/ResettableTimer5.xml
----------------- Instantiating /home/travis/build/icyphy/ptII/ptolemy/domains/de/test/auto/ResettableTimer5.xml
1 ms. Memory: 269312K Free: 147562K (55%)
----------------- Invoking toplevel() on ptolemy.moml.MoMLSimpleApplication@19d307b8
----------------- Done invoking toplevel() on ptolemy.moml.MoMLSimpleApplication@19d307b8
reloadAllAccessors: .ResettableTimer5

===========================================================================================
----------------- testing Fri Sep 27 05:46:10 UTC 2019 /home/travis/build/icyphy/ptII/ptolemy/domains/de/test/auto/ResettableTimer6.xml
----------------- Instantiating /home/travis/build/icyphy/ptII/ptolemy/domains/de/test/auto/ResettableTimer6.xml
7 ms. Memory: 269312K Free: 142952K (53%)
----------------- Invoking toplevel() on ptolemy.moml.MoMLSimpleApplication@232fea1c
----------------- Done invoking toplevel() on ptolemy.moml.MoMLSimpleApplication@232fea1c
reloadAllAccessors: .ResettableTimer6

===========================================================================================
----------------- testing Fri Sep 27 05:46:10 UTC 2019 /home/travis/build/icyphy/ptII/ptolemy/domains/de/test/auto/ServerZeroDelay.xml
----------------- Instantiating /home/travis/build/icyphy/ptII/ptolemy/domains/de/test/auto/ServerZeroDelay.xml
1 ms. Memory: 269312K Free: 138826K (52%)
----------------- Invoking toplevel() on ptolemy.moml.MoMLSimpleApplication@5d488dd2
----------------- Done invoking toplevel() on ptolemy.moml.MoMLSimpleApplication@5d488dd2
reloadAllAccessors: .ServerZeroDelay

===========================================================================================
----------------- testing Fri Sep 27 05:46:10 UTC 2019 /home/travis/build/icyphy/ptII/ptolemy/domains/de/test/auto/SmartSender.xml
----------------- Instantiating /home/travis/build/icyphy/ptII/ptolemy/domains/de/test/auto/SmartSender.xml
3001 ms. Memory: 269312K Free: 134760K (50%)
----------------- Invoking toplevel() on ptolemy.moml.MoMLSimpleApplication@37f8d575
----------------- Done invoking toplevel() on ptolemy.moml.MoMLSimpleApplication@37f8d575
reloadAllAccessors: .SmartSender

===========================================================================================
----------------- testing Fri Sep 27 05:46:13 UTC 2019 /home/travis/build/icyphy/ptII/ptolemy/domains/de/test/auto/ThreadedComposite.xml
----------------- Instantiating /home/travis/build/icyphy/ptII/ptolemy/domains/de/test/auto/ThreadedComposite.xml
88 ms. Memory: 269312K Free: 114280K (42%)
----------------- Invoking toplevel() on ptolemy.moml.MoMLSimpleApplication@4928ef50
----------------- Done invoking toplevel() on ptolemy.moml.MoMLSimpleApplication@4928ef50
reloadAllAccessors: .ThreadedComposite

===========================================================================================
----------------- testing Fri Sep 27 05:46:13 UTC 2019 /home/travis/build/icyphy/ptII/ptolemy/domains/de/test/auto/Time.xml
----------------- Instantiating /home/travis/build/icyphy/ptII/ptolemy/domains/de/test/auto/Time.xml
434 ms. Memory: 269312K Free: 211960K (79%)
----------------- Invoking toplevel() on ptolemy.moml.MoMLSimpleApplication@4f61492e
----------------- Done invoking toplevel() on ptolemy.moml.MoMLSimpleApplication@4f61492e
reloadAllAccessors: .Time

===========================================================================================
----------------- testing Fri Sep 27 05:46:14 UTC 2019 /home/travis/build/icyphy/ptII/ptolemy/domains/de/test/auto/TimeDelayZeroDelay.xml
----------------- Instantiating /home/travis/build/icyphy/ptII/ptolemy/domains/de/test/auto/TimeDelayZeroDelay.xml
2 ms. Memory: 269312K Free: 207570K (77%)
----------------- Invoking toplevel() on ptolemy.moml.MoMLSimpleApplication@56de225
----------------- Done invoking toplevel() on ptolemy.moml.MoMLSimpleApplication@56de225
reloadAllAccessors: .TimeDelayZeroDelay

===========================================================================================
----------------- testing Fri Sep 27 05:46:14 UTC 2019 /home/travis/build/icyphy/ptII/ptolemy/domains/de/test/auto/TimerZeroDelay.xml
----------------- Instantiating /home/travis/build/icyphy/ptII/ptolemy/domains/de/test/auto/TimerZeroDelay.xml
2 ms. Memory: 269312K Free: 203474K (76%)
----------------- Invoking toplevel() on ptolemy.moml.MoMLSimpleApplication@6ade7139
----------------- Done invoking toplevel() on ptolemy.moml.MoMLSimpleApplication@6ade7139
reloadAllAccessors: .TimerZeroDelay

===========================================================================================
----------------- testing Fri Sep 27 05:46:14 UTC 2019 /home/travis/build/icyphy/ptII/ptolemy/domains/de/test/auto/TimingParadox.xml
----------------- Instantiating /home/travis/build/icyphy/ptII/ptolemy/domains/de/test/auto/TimingParadox.xml
291 ms. Memory: 269312K Free: 135376K (50%)
----------------- Invoking toplevel() on ptolemy.moml.MoMLSimpleApplication@2ace9aa
----------------- Done invoking toplevel() on ptolemy.moml.MoMLSimpleApplication@2ace9aa
reloadAllAccessors: .TimingParadox

===========================================================================================
----------------- testing Fri Sep 27 05:46:14 UTC 2019 /home/travis/build/icyphy/ptII/ptolemy/domains/de/test/auto/TransferInputs.xml
----------------- Instantiating /home/travis/build/icyphy/ptII/ptolemy/domains/de/test/auto/TransferInputs.xml
1 ms. Memory: 269312K Free: 130770K (49%)
----------------- Invoking toplevel() on ptolemy.moml.MoMLSimpleApplication@420cc6ef
----------------- Done invoking toplevel() on ptolemy.moml.MoMLSimpleApplication@420cc6ef
reloadAllAccessors: .TransferInputs

===========================================================================================
----------------- testing Fri Sep 27 05:46:14 UTC 2019 /home/travis/build/icyphy/ptII/ptolemy/domains/de/test/auto/TransferOutputs2.xml
----------------- Instantiating /home/travis/build/icyphy/ptII/ptolemy/domains/de/test/auto/TransferOutputs2.xml
3 ms. Memory: 269312K Free: 122578K (46%)
----------------- Invoking toplevel() on ptolemy.moml.MoMLSimpleApplication@1254de60
----------------- Done invoking toplevel() on ptolemy.moml.MoMLSimpleApplication@1254de60
reloadAllAccessors: .TransferOutputs2

===========================================================================================
----------------- testing Fri Sep 27 05:46:14 UTC 2019 /home/travis/build/icyphy/ptII/ptolemy/domains/de/test/auto/Trilateration.xml
----------------- Instantiating /home/travis/build/icyphy/ptII/ptolemy/domains/de/test/auto/Trilateration.xml
12292 ms. Memory: 389120K Free: 226207K (58%)
----------------- Invoking toplevel() on ptolemy.moml.MoMLSimpleApplication@216aa964
----------------- Done invoking toplevel() on ptolemy.moml.MoMLSimpleApplication@216aa964
reloadAllAccessors: .Trilateration

===========================================================================================
----------------- testing Fri Sep 27 05:46:27 UTC 2019 /home/travis/build/icyphy/ptII/ptolemy/domains/de/test/auto/TwoSigmaDelta.xml
----------------- Instantiating /home/travis/build/icyphy/ptII/ptolemy/domains/de/test/auto/TwoSigmaDelta.xml
2150 ms. Memory: 389120K Free: 247199K (64%)
----------------- Invoking toplevel() on ptolemy.moml.MoMLSimpleApplication@53274f7c
----------------- Done invoking toplevel() on ptolemy.moml.MoMLSimpleApplication@53274f7c
reloadAllAccessors: .TwoSigmaDelta

===========================================================================================
----------------- testing Fri Sep 27 05:46:29 UTC 2019 /home/travis/build/icyphy/ptII/ptolemy/domains/de/test/auto/VariableDelay.xml
----------------- Instantiating /home/travis/build/icyphy/ptII/ptolemy/domains/de/test/auto/VariableDelay.xml
2 ms. Memory: 389120K Free: 242079K (62%)
----------------- Invoking toplevel() on ptolemy.moml.MoMLSimpleApplication@47f6d985
----------------- Done invoking toplevel() on ptolemy.moml.MoMLSimpleApplication@47f6d985
reloadAllAccessors: .VariableDelay

===========================================================================================
----------------- testing Fri Sep 27 05:46:29 UTC 2019 /home/travis/build/icyphy/ptII/ptolemy/domains/de/test/auto/VariableDelay2.xml
----------------- Instantiating /home/travis/build/icyphy/ptII/ptolemy/domains/de/test/auto/VariableDelay2.xml
1 ms. Memory: 389120K Free: 237439K (61%)
----------------- Invoking toplevel() on ptolemy.moml.MoMLSimpleApplication@6da7b50a
----------------- Done invoking toplevel() on ptolemy.moml.MoMLSimpleApplication@6da7b50a
reloadAllAccessors: .VariableDelay2

===========================================================================================
----------------- testing Fri Sep 27 05:46:29 UTC 2019 /home/travis/build/icyphy/ptII/ptolemy/domains/de/test/auto/VariableDelayZeroDelay.xml
----------------- Instantiating /home/travis/build/icyphy/ptII/ptolemy/domains/de/test/auto/VariableDelayZeroDelay.xml
5 ms. Memory: 389120K Free: 233373K (60%)
----------------- Invoking toplevel() on ptolemy.moml.MoMLSimpleApplication@6ef9dd08
----------------- Done invoking toplevel() on ptolemy.moml.MoMLSimpleApplication@6ef9dd08
reloadAllAccessors: .VariableDelayZeroDelay

===========================================================================================
----------------- testing Fri Sep 27 05:46:29 UTC 2019 /home/travis/build/icyphy/ptII/ptolemy/domains/de/test/auto/VariableDelayZeroDelay2.xml
----------------- Instantiating /home/travis/build/icyphy/ptII/ptolemy/domains/de/test/auto/VariableDelayZeroDelay2.xml
2 ms. Memory: 389120K Free: 228767K (59%)
----------------- Invoking toplevel() on ptolemy.moml.MoMLSimpleApplication@ab1e315
----------------- Done invoking toplevel() on ptolemy.moml.MoMLSimpleApplication@ab1e315
reloadAllAccessors: .VariableDelayZeroDelay2

===========================================================================================
----------------- testing Fri Sep 27 05:46:29 UTC 2019 /home/travis/build/icyphy/ptII/ptolemy/domains/de/test/auto/deInCt.xml
----------------- Instantiating /home/travis/build/icyphy/ptII/ptolemy/domains/de/test/auto/deInCt.xml
0
1
1
1
1
0
0
0
1
1
1
0
0
0
1
1
1
0
0
0
0
1
1
1
1
0
0
0
1
1
1
0
0
0
1
1
1
1
0
0
0
1
1
0
0
0
1
1
1
7 ms. Memory: 389120K Free: 223647K (57%)
----------------- Invoking toplevel() on ptolemy.moml.MoMLSimpleApplication@7ae39069
----------------- Done invoking toplevel() on ptolemy.moml.MoMLSimpleApplication@7ae39069
reloadAllAccessors: .deInCt

===========================================================================================
----------------- testing Fri Sep 27 05:46:29 UTC 2019 /home/travis/build/icyphy/ptII/ptolemy/domains/de/test/auto/deInCt2.xml
----------------- Instantiating /home/travis/build/icyphy/ptII/ptolemy/domains/de/test/auto/deInCt2.xml
0
1
1
1
0
0
1
1
1
0
0
1
1
1
0
0
1
1
1
0
0
1
1
1
0
0
1
1
1
0
0
1
1
1
0
0
1
1
1
0
0
0
9 ms. Memory: 389120K Free: 218527K (56%)
----------------- Invoking toplevel() on ptolemy.moml.MoMLSimpleApplication@40680988
----------------- Done invoking toplevel() on ptolemy.moml.MoMLSimpleApplication@40680988
reloadAllAccessors: .deInCt2

===========================================================================================
----------------- testing Fri Sep 27 05:46:29 UTC 2019 /home/travis/build/icyphy/ptII/ptolemy/domains/de/test/auto/dynamicCausalityInterface1.xml
----------------- Instantiating /home/travis/build/icyphy/ptII/ptolemy/domains/de/test/auto/dynamicCausalityInterface1.xml
0 ms. Memory: 389120K Free: 209311K (54%)
----------------- Invoking toplevel() on ptolemy.moml.MoMLSimpleApplication@3b023a8
----------------- Done invoking toplevel() on ptolemy.moml.MoMLSimpleApplication@3b023a8
reloadAllAccessors: .dynamicCausalityInterface1

===========================================================================================
----------------- testing Fri Sep 27 05:46:29 UTC 2019 /home/travis/build/icyphy/ptII/ptolemy/domains/de/test/auto/fsm_de_test.xml
----------------- Instantiating /home/travis/build/icyphy/ptII/ptolemy/domains/de/test/auto/fsm_de_test.xml
4 ms. Memory: 389120K Free: 200095K (51%)
----------------- Invoking toplevel() on ptolemy.moml.MoMLSimpleApplication@6e6ab24d
----------------- Done invoking toplevel() on ptolemy.moml.MoMLSimpleApplication@6e6ab24d
reloadAllAccessors: .fsm_de_test

===========================================================================================
----------------- testing Fri Sep 27 05:46:29 UTC 2019 /home/travis/build/icyphy/ptII/ptolemy/domains/de/test/auto/functionDependencyReconstruction.xml
----------------- Instantiating /home/travis/build/icyphy/ptII/ptolemy/domains/de/test/auto/functionDependencyReconstruction.xml
2 ms. Memory: 389120K Free: 185245K (48%)
----------------- Invoking toplevel() on ptolemy.moml.MoMLSimpleApplication@2e66044
----------------- Done invoking toplevel() on ptolemy.moml.MoMLSimpleApplication@2e66044
reloadAllAccessors: .functionDependencyReconstruction

===========================================================================================
----------------- testing Fri Sep 27 05:46:30 UTC 2019 /home/travis/build/icyphy/ptII/ptolemy/domains/de/test/auto/multirate.xml
----------------- Instantiating /home/travis/build/icyphy/ptII/ptolemy/domains/de/test/auto/multirate.xml
3 ms. Memory: 389120K Free: 178591K (46%)
----------------- Invoking toplevel() on ptolemy.moml.MoMLSimpleApplication@64063743
----------------- Done invoking toplevel() on ptolemy.moml.MoMLSimpleApplication@64063743
reloadAllAccessors: .multirate

===========================================================================================
----------------- testing Fri Sep 27 05:46:30 UTC 2019 /home/travis/build/icyphy/ptII/ptolemy/domains/de/test/auto/multirate2.xml
----------------- Instantiating /home/travis/build/icyphy/ptII/ptolemy/domains/de/test/auto/multirate2.xml
2 ms. Memory: 389120K Free: 171919K (44%)
----------------- Invoking toplevel() on ptolemy.moml.MoMLSimpleApplication@60160c8a
----------------- Done invoking toplevel() on ptolemy.moml.MoMLSimpleApplication@60160c8a
reloadAllAccessors: .multirate2

===========================================================================================
----------------- testing Fri Sep 27 05:46:30 UTC 2019 /home/travis/build/icyphy/ptII/ptolemy/domains/de/test/auto/realtime.xml
----------------- Instantiating /home/travis/build/icyphy/ptII/ptolemy/domains/de/test/auto/realtime.xml
10002 ms. Memory: 389120K Free: 167327K (43%)
----------------- Invoking toplevel() on ptolemy.moml.MoMLSimpleApplication@731279a1
----------------- Done invoking toplevel() on ptolemy.moml.MoMLSimpleApplication@731279a1
reloadAllAccessors: .realtime

===========================================================================================
----------------- testing Fri Sep 27 05:46:40 UTC 2019 /home/travis/build/icyphy/ptII/ptolemy/domains/de/test/auto/relationGroup.xml
----------------- Instantiating /home/travis/build/icyphy/ptII/ptolemy/domains/de/test/auto/relationGroup.xml
1 ms. Memory: 389120K Free: 163231K (42%)
----------------- Invoking toplevel() on ptolemy.moml.MoMLSimpleApplication@76fbf295
----------------- Done invoking toplevel() on ptolemy.moml.MoMLSimpleApplication@76fbf295
reloadAllAccessors: .relationGroup

===========================================================================================
----------------- testing Fri Sep 27 05:46:40 UTC 2019 /home/travis/build/icyphy/ptII/ptolemy/domains/de/test/auto/relationGroup2.xml
----------------- Instantiating /home/travis/build/icyphy/ptII/ptolemy/domains/de/test/auto/relationGroup2.xml
1 ms. Memory: 389120K Free: 159645K (41%)
----------------- Invoking toplevel() on ptolemy.moml.MoMLSimpleApplication@490ca8ce
----------------- Done invoking toplevel() on ptolemy.moml.MoMLSimpleApplication@490ca8ce
reloadAllAccessors: .relationGroup2

===========================================================================================
----------------- testing Fri Sep 27 05:46:40 UTC 2019 /home/travis/build/icyphy/ptII/ptolemy/domains/de/test/auto/sortWithOpaquePorts.xml
----------------- Instantiating /home/travis/build/icyphy/ptII/ptolemy/domains/de/test/auto/sortWithOpaquePorts.xml
1 ms. Memory: 389120K Free: 155039K (40%)
----------------- Invoking toplevel() on ptolemy.moml.MoMLSimpleApplication@6b3ed5c7
----------------- Done invoking toplevel() on ptolemy.moml.MoMLSimpleApplication@6b3ed5c7
reloadAllAccessors: .sortWithOpaquePorts

===========================================================================================
----------------- testing Fri Sep 27 05:46:40 UTC 2019 /home/travis/build/icyphy/ptII/ptolemy/domains/de/test/auto/transferInputsandOutputs.xml
----------------- Instantiating /home/travis/build/icyphy/ptII/ptolemy/domains/de/test/auto/transferInputsandOutputs.xml
4 ms. Memory: 389120K Free: 147871K (38%)
----------------- Invoking toplevel() on ptolemy.moml.MoMLSimpleApplication@37b4c86f
----------------- Done invoking toplevel() on ptolemy.moml.MoMLSimpleApplication@37b4c86f
reloadAllAccessors: .transferInputsandOutputs

===========================================================================================
----------------- testing Fri Sep 27 05:46:40 UTC 2019 /home/travis/build/icyphy/ptII/ptolemy/domains/de/test/auto/triggerType.xml
----------------- Instantiating /home/travis/build/icyphy/ptII/ptolemy/domains/de/test/auto/triggerType.xml
1 ms. Memory: 389120K Free: 143775K (37%)
----------------- Invoking toplevel() on ptolemy.moml.MoMLSimpleApplication@79a4626d
----------------- Done invoking toplevel() on ptolemy.moml.MoMLSimpleApplication@79a4626d
reloadAllAccessors: .triggerType
AutoTests.java: About to close Vertx.
AutoTests.java: Vertx closed.
]]></system-out>
  <system-err><![CDATA[java.lang.RuntimeException: Execution failed
	at ptolemy.moml.MoMLSimpleApplication$UnloadThread.run(MoMLSimpleApplication.java:402)
Caused by: ptolemy.kernel.util.IllegalActionException: Found a zero delay loop containing .dependencyLoop.original
  in .dependencyLoop and .dependencyLoop.original
	at ptolemy.actor.util.CausalityInterfaceForComposites._computeOutputPortDepth(CausalityInterfaceForComposites.java:759)
	at ptolemy.actor.util.CausalityInterfaceForComposites._computeInputDepth(CausalityInterfaceForComposites.java:696)
	at ptolemy.actor.util.CausalityInterfaceForComposites._computeOutputPortDepth(CausalityInterfaceForComposites.java:765)
	at ptolemy.actor.util.CausalityInterfaceForComposites._computeInputDepth(CausalityInterfaceForComposites.java:696)
	at ptolemy.actor.util.CausalityInterfaceForComposites._computeOutputPortDepth(CausalityInterfaceForComposites.java:765)
	at ptolemy.actor.util.CausalityInterfaceForComposites._computeInputDepth(CausalityInterfaceForComposites.java:696)
	at ptolemy.actor.util.CausalityInterfaceForComposites._computeActorDepth(CausalityInterfaceForComposites.java:532)
	at ptolemy.actor.util.CausalityInterfaceForComposites.checkForCycles(CausalityInterfaceForComposites.java:96)
	at ptolemy.domains.de.kernel.DEDirector.preinitialize(DEDirector.java:1338)
	at ptolemy.actor.CompositeActor.preinitialize(CompositeActor.java:1828)
	at ptolemy.actor.Manager.preinitializeAndResolveTypes(Manager.java:1040)
	at ptolemy.actor.Manager.initialize(Manager.java:710)
	at ptolemy.actor.Manager.execute(Manager.java:356)
	at ptolemy.actor.Manager.run(Manager.java:1263)
	at ptolemy.actor.Manager$PtolemyRunThread.run(Manager.java:1933)
java.lang.RuntimeException: Execution failed
	at ptolemy.moml.MoMLSimpleApplication$UnloadThread.run(MoMLSimpleApplication.java:402)
Caused by: ptolemy.kernel.util.IllegalActionException: Found a zero delay loop containing .dependencyLoop2.original
  in .dependencyLoop2 and .dependencyLoop2.original
	at ptolemy.actor.util.CausalityInterfaceForComposites._computeOutputPortDepth(CausalityInterfaceForComposites.java:759)
	at ptolemy.actor.util.CausalityInterfaceForComposites._computeInputDepth(CausalityInterfaceForComposites.java:696)
	at ptolemy.actor.util.CausalityInterfaceForComposites._computeOutputPortDepth(CausalityInterfaceForComposites.java:765)
	at ptolemy.actor.util.CausalityInterfaceForComposites._computeInputDepth(CausalityInterfaceForComposites.java:696)
	at ptolemy.actor.util.CausalityInterfaceForComposites._computeOutputPortDepth(CausalityInterfaceForComposites.java:765)
	at ptolemy.actor.util.CausalityInterfaceForComposites._computeInputDepth(CausalityInterfaceForComposites.java:696)
	at ptolemy.actor.util.CausalityInterfaceForComposites._computeActorDepth(CausalityInterfaceForComposites.java:532)
	at ptolemy.actor.util.CausalityInterfaceForComposites.checkForCycles(CausalityInterfaceForComposites.java:96)
	at ptolemy.domains.de.kernel.DEDirector.preinitialize(DEDirector.java:1338)
	at ptolemy.actor.CompositeActor.preinitialize(CompositeActor.java:1828)
	at ptolemy.actor.Manager.preinitializeAndResolveTypes(Manager.java:1040)
	at ptolemy.actor.Manager.initialize(Manager.java:710)
	at ptolemy.actor.Manager.execute(Manager.java:356)
	at ptolemy.actor.Manager.run(Manager.java:1263)
	at ptolemy.actor.Manager$PtolemyRunThread.run(Manager.java:1933)
java.lang.RuntimeException: Execution failed
	at ptolemy.moml.MoMLSimpleApplication$UnloadThread.run(MoMLSimpleApplication.java:402)
Caused by: ptolemy.kernel.util.IllegalActionException: Test fails in iteration 1.
Value was: 1.0. Should have been: 2.0
  in .DirectFeedback.Test
	at ptolemy.actor.lib.Test.fire(Test.java:268)
	at ptolemy.domains.de.kernel.DEDirector._fire(DEDirector.java:1949)
	at ptolemy.domains.de.kernel.DEDirector.fire(DEDirector.java:502)
	at ptolemy.actor.CompositeActor.fire(CompositeActor.java:455)
	at ptolemy.actor.Manager.iterate(Manager.java:851)
	at ptolemy.actor.Manager.execute(Manager.java:369)
	at ptolemy.actor.Manager.run(Manager.java:1263)
	at ptolemy.actor.Manager$PtolemyRunThread.run(Manager.java:1933)
java.lang.RuntimeException: Execution failed
	at ptolemy.moml.MoMLSimpleApplication$UnloadThread.run(MoMLSimpleApplication.java:402)
Caused by: ptolemy.kernel.util.IllegalActionException: Found a zero delay loop containing .dependencyLoop.original
  in .dependencyLoop and .dependencyLoop.original
	at ptolemy.actor.util.CausalityInterfaceForComposites._computeOutputPortDepth(CausalityInterfaceForComposites.java:759)
	at ptolemy.actor.util.CausalityInterfaceForComposites._computeInputDepth(CausalityInterfaceForComposites.java:696)
	at ptolemy.actor.util.CausalityInterfaceForComposites._computeOutputPortDepth(CausalityInterfaceForComposites.java:765)
	at ptolemy.actor.util.CausalityInterfaceForComposites._computeInputDepth(CausalityInterfaceForComposites.java:696)
	at ptolemy.actor.util.CausalityInterfaceForComposites._computeOutputPortDepth(CausalityInterfaceForComposites.java:765)
	at ptolemy.actor.util.CausalityInterfaceForComposites._computeInputDepth(CausalityInterfaceForComposites.java:696)
	at ptolemy.actor.util.CausalityInterfaceForComposites._computeActorDepth(CausalityInterfaceForComposites.java:532)
	at ptolemy.actor.util.CausalityInterfaceForComposites.checkForCycles(CausalityInterfaceForComposites.java:96)
	at ptolemy.domains.de.kernel.DEDirector.preinitialize(DEDirector.java:1338)
	at ptolemy.actor.CompositeActor.preinitialize(CompositeActor.java:1828)
	at ptolemy.actor.Manager.preinitializeAndResolveTypes(Manager.java:1040)
	at ptolemy.actor.Manager.initialize(Manager.java:710)
	at ptolemy.actor.Manager.execute(Manager.java:356)
	at ptolemy.actor.Manager.run(Manager.java:1263)
	at ptolemy.actor.Manager$PtolemyRunThread.run(Manager.java:1933)
java.lang.RuntimeException: Execution failed
	at ptolemy.moml.MoMLSimpleApplication$UnloadThread.run(MoMLSimpleApplication.java:402)
Caused by: ptolemy.kernel.util.IllegalActionException: Found a zero delay loop containing .HierarchicalModel.A
  in .HierarchicalModel and .HierarchicalModel.A
	at ptolemy.actor.util.CausalityInterfaceForComposites._computeOutputPortDepth(CausalityInterfaceForComposites.java:759)
	at ptolemy.actor.util.CausalityInterfaceForComposites._computeInputDepth(CausalityInterfaceForComposites.java:696)
	at ptolemy.actor.util.CausalityInterfaceForComposites._computeOutputPortDepth(CausalityInterfaceForComposites.java:765)
	at ptolemy.actor.util.CausalityInterfaceForComposites._computeInputDepth(CausalityInterfaceForComposites.java:696)
	at ptolemy.actor.util.CausalityInterfaceForComposites._computeOutputPortDepth(CausalityInterfaceForComposites.java:765)
	at ptolemy.actor.util.CausalityInterfaceForComposites._computeInputDepth(CausalityInterfaceForComposites.java:696)
	at ptolemy.actor.util.CausalityInterfaceForComposites._computeActorDepth(CausalityInterfaceForComposites.java:532)
	at ptolemy.actor.util.CausalityInterfaceForComposites.checkForCycles(CausalityInterfaceForComposites.java:96)
	at ptolemy.domains.de.kernel.DEDirector.preinitialize(DEDirector.java:1338)
	at ptolemy.actor.CompositeActor.preinitialize(CompositeActor.java:1828)
	at ptolemy.actor.Manager.preinitializeAndResolveTypes(Manager.java:1040)
	at ptolemy.actor.Manager.initialize(Manager.java:710)
	at ptolemy.actor.Manager.execute(Manager.java:356)
	at ptolemy.actor.Manager.run(Manager.java:1263)
	at ptolemy.actor.Manager$PtolemyRunThread.run(Manager.java:1933)
java.lang.RuntimeException: Execution failed
	at ptolemy.moml.MoMLSimpleApplication$UnloadThread.run(MoMLSimpleApplication.java:402)
Caused by: ptolemy.kernel.util.IllegalActionException: Found a zero delay loop containing .dependencyLoop2.original
  in .dependencyLoop2 and .dependencyLoop2.original
	at ptolemy.actor.util.CausalityInterfaceForComposites._computeOutputPortDepth(CausalityInterfaceForComposites.java:759)
	at ptolemy.actor.util.CausalityInterfaceForComposites._computeInputDepth(CausalityInterfaceForComposites.java:696)
	at ptolemy.actor.util.CausalityInterfaceForComposites._computeOutputPortDepth(CausalityInterfaceForComposites.java:765)
	at ptolemy.actor.util.CausalityInterfaceForComposites._computeInputDepth(CausalityInterfaceForComposites.java:696)
	at ptolemy.actor.util.CausalityInterfaceForComposites._computeOutputPortDepth(CausalityInterfaceForComposites.java:765)
	at ptolemy.actor.util.CausalityInterfaceForComposites._computeInputDepth(CausalityInterfaceForComposites.java:696)
	at ptolemy.actor.util.CausalityInterfaceForComposites._computeActorDepth(CausalityInterfaceForComposites.java:532)
	at ptolemy.actor.util.CausalityInterfaceForComposites.checkForCycles(CausalityInterfaceForComposites.java:96)
	at ptolemy.domains.de.kernel.DEDirector.preinitialize(DEDirector.java:1338)
	at ptolemy.actor.CompositeActor.preinitialize(CompositeActor.java:1828)
	at ptolemy.actor.Manager.preinitializeAndResolveTypes(Manager.java:1040)
	at ptolemy.actor.Manager.initialize(Manager.java:710)
	at ptolemy.actor.Manager.execute(Manager.java:356)
	at ptolemy.actor.Manager.run(Manager.java:1263)
	at ptolemy.actor.Manager$PtolemyRunThread.run(Manager.java:1933)
java.lang.RuntimeException: Execution failed
	at ptolemy.moml.MoMLSimpleApplication$UnloadThread.run(MoMLSimpleApplication.java:402)
Caused by: ptolemy.kernel.util.IllegalActionException: Actor is not ready to fire.  Perhaps UpSample.prefire() returned false? Try debugging the actor by selecting "Listen to Actor".  Also, for SDF check moml for tokenConsumptionRate on input.
  in .DESDFClockTest.Play Bell.Copy1:SDF Director and .DESDFClockTest.Play Bell.UpSample
	at ptolemy.actor.sched.StaticSchedulingDirector.fire(StaticSchedulingDirector.java:227)
	at ptolemy.domains.sdf.kernel.SDFDirector.fire(SDFDirector.java:500)
	at ptolemy.actor.CompositeActor.fire(CompositeActor.java:455)
	at ptolemy.domains.de.kernel.DEDirector._fire(DEDirector.java:1949)
	at ptolemy.domains.de.kernel.DEDirector.fire(DEDirector.java:502)
	at ptolemy.actor.CompositeActor.fire(CompositeActor.java:455)
	at ptolemy.actor.Manager.iterate(Manager.java:851)
	at ptolemy.actor.Manager.execute(Manager.java:369)
	at ptolemy.actor.Manager.run(Manager.java:1263)
	at ptolemy.actor.Manager$PtolemyRunThread.run(Manager.java:1933)
java.lang.RuntimeException: Execution failed
	at ptolemy.moml.MoMLSimpleApplication$UnloadThread.run(MoMLSimpleApplication.java:402)
Caused by: ptolemy.kernel.util.IllegalActionException: Actor is not ready to fire.  Perhaps UpSample.prefire() returned false? Try debugging the actor by selecting "Listen to Actor".  Also, for SDF check moml for tokenConsumptionRate on input.
  in .DESDFClockTest.Play Bell.Copy1:SDF Director and .DESDFClockTest.Play Bell.UpSample
	at ptolemy.actor.sched.StaticSchedulingDirector.fire(StaticSchedulingDirector.java:227)
	at ptolemy.domains.sdf.kernel.SDFDirector.fire(SDFDirector.java:500)
	at ptolemy.actor.CompositeActor.fire(CompositeActor.java:455)
	at ptolemy.domains.de.kernel.DEDirector._fire(DEDirector.java:1949)
	at ptolemy.domains.de.kernel.DEDirector.fire(DEDirector.java:502)
	at ptolemy.actor.CompositeActor.fire(CompositeActor.java:455)
	at ptolemy.actor.Manager.iterate(Manager.java:851)
	at ptolemy.actor.Manager.execute(Manager.java:369)
	at ptolemy.actor.Manager.run(Manager.java:1263)
	at ptolemy.actor.Manager$PtolemyRunThread.run(Manager.java:1933)
java.lang.reflect.InvocationTargetException
	at java.base/jdk.internal.reflect.NativeConstructorAccessorImpl.newInstance0(Native Method)
	at java.base/jdk.internal.reflect.NativeConstructorAccessorImpl.newInstance(NativeConstructorAccessorImpl.java:62)
	at java.base/jdk.internal.reflect.DelegatingConstructorAccessorImpl.newInstance(DelegatingConstructorAccessorImpl.java:45)
	at java.base/java.lang.reflect.Constructor.newInstance(Constructor.java:490)
	at ptolemy.util.test.junit.AutoKnownFailedTests.RunModel(AutoKnownFailedTests.java:105)
	at java.base/jdk.internal.reflect.NativeMethodAccessorImpl.invoke0(Native Method)
	at java.base/jdk.internal.reflect.NativeMethodAccessorImpl.invoke(NativeMethodAccessorImpl.java:62)
	at java.base/jdk.internal.reflect.DelegatingMethodAccessorImpl.invoke(DelegatingMethodAccessorImpl.java:43)
	at java.base/java.lang.reflect.Method.invoke(Method.java:566)
	at org.junit.runners.model.FrameworkMethod$1.runReflectiveCall(FrameworkMethod.java:44)
	at org.junit.internal.runners.model.ReflectiveCallable.run(ReflectiveCallable.java:15)
	at org.junit.runners.model.FrameworkMethod.invokeExplosively(FrameworkMethod.java:41)
	at junitparams.internal.InvokeParameterisedMethod.evaluate(InvokeParameterisedMethod.java:102)
	at org.junit.internal.runners.statements.FailOnTimeout$1.run(FailOnTimeout.java:28)
Caused by: ptolemy.kernel.util.IllegalActionException: Actor is not ready to fire.  Perhaps UpSample.prefire() returned false? Try debugging the actor by selecting "Listen to Actor".  Also, for SDF check moml for tokenConsumptionRate on input.
  in .DESDFClockTest.Play Bell.Copy1:SDF Director and .DESDFClockTest.Play Bell.UpSample
	at ptolemy.actor.sched.StaticSchedulingDirector.fire(StaticSchedulingDirector.java:227)
	at ptolemy.domains.sdf.kernel.SDFDirector.fire(SDFDirector.java:500)
	at ptolemy.actor.CompositeActor.fire(CompositeActor.java:455)
	at ptolemy.domains.de.kernel.DEDirector._fire(DEDirector.java:1949)
	at ptolemy.domains.de.kernel.DEDirector.fire(DEDirector.java:502)
	at ptolemy.actor.CompositeActor.fire(CompositeActor.java:455)
	at ptolemy.actor.Manager.iterate(Manager.java:851)
	at ptolemy.actor.Manager.execute(Manager.java:369)
	at ptolemy.actor.Manager.run(Manager.java:1263)
	at ptolemy.actor.Manager$PtolemyRunThread.run(Manager.java:1933)
java.lang.RuntimeException: Execution failed
	at ptolemy.moml.MoMLSimpleApplication$UnloadThread.run(MoMLSimpleApplication.java:402)
Caused by: ptolemy.kernel.util.IllegalActionException: Test fails in iteration 1.
Value was: 1.0. Should have been: 2.0
  in .DirectFeedback.Test
	at ptolemy.actor.lib.Test.fire(Test.java:268)
	at ptolemy.domains.de.kernel.DEDirector._fire(DEDirector.java:1949)
	at ptolemy.domains.de.kernel.DEDirector.fire(DEDirector.java:502)
	at ptolemy.actor.CompositeActor.fire(CompositeActor.java:455)
	at ptolemy.actor.Manager.iterate(Manager.java:851)
	at ptolemy.actor.Manager.execute(Manager.java:369)
	at ptolemy.actor.Manager.run(Manager.java:1263)
	at ptolemy.actor.Manager$PtolemyRunThread.run(Manager.java:1933)
java.lang.reflect.InvocationTargetException
	at java.base/jdk.internal.reflect.NativeConstructorAccessorImpl.newInstance0(Native Method)
	at java.base/jdk.internal.reflect.NativeConstructorAccessorImpl.newInstance(NativeConstructorAccessorImpl.java:62)
	at java.base/jdk.internal.reflect.DelegatingConstructorAccessorImpl.newInstance(DelegatingConstructorAccessorImpl.java:45)
	at java.base/java.lang.reflect.Constructor.newInstance(Constructor.java:490)
	at ptolemy.util.test.junit.AutoKnownFailedTests.RunModel(AutoKnownFailedTests.java:105)
	at java.base/jdk.internal.reflect.NativeMethodAccessorImpl.invoke0(Native Method)
	at java.base/jdk.internal.reflect.NativeMethodAccessorImpl.invoke(NativeMethodAccessorImpl.java:62)
	at java.base/jdk.internal.reflect.DelegatingMethodAccessorImpl.invoke(DelegatingMethodAccessorImpl.java:43)
	at java.base/java.lang.reflect.Method.invoke(Method.java:566)
	at org.junit.runners.model.FrameworkMethod$1.runReflectiveCall(FrameworkMethod.java:44)
	at org.junit.internal.runners.model.ReflectiveCallable.run(ReflectiveCallable.java:15)
	at org.junit.runners.model.FrameworkMethod.invokeExplosively(FrameworkMethod.java:41)
	at junitparams.internal.InvokeParameterisedMethod.evaluate(InvokeParameterisedMethod.java:102)
	at org.junit.internal.runners.statements.FailOnTimeout$1.run(FailOnTimeout.java:28)
Caused by: ptolemy.kernel.util.IllegalActionException: Test fails in iteration 1.
Value was: 1.0. Should have been: 2.0
  in .DirectFeedback.Test
	at ptolemy.actor.lib.Test.fire(Test.java:268)
	at ptolemy.domains.de.kernel.DEDirector._fire(DEDirector.java:1949)
	at ptolemy.domains.de.kernel.DEDirector.fire(DEDirector.java:502)
	at ptolemy.actor.CompositeActor.fire(CompositeActor.java:455)
	at ptolemy.actor.Manager.iterate(Manager.java:851)
	at ptolemy.actor.Manager.execute(Manager.java:369)
	at ptolemy.actor.Manager.run(Manager.java:1263)
	at ptolemy.actor.Manager$PtolemyRunThread.run(Manager.java:1933)
java.lang.RuntimeException: Execution failed
	at ptolemy.moml.MoMLSimpleApplication$UnloadThread.run(MoMLSimpleApplication.java:402)
Caused by: ptolemy.kernel.util.IllegalActionException: Found a zero delay loop containing .HierarchicalModel.A
  in .HierarchicalModel and .HierarchicalModel.A
	at ptolemy.actor.util.CausalityInterfaceForComposites._computeOutputPortDepth(CausalityInterfaceForComposites.java:759)
	at ptolemy.actor.util.CausalityInterfaceForComposites._computeInputDepth(CausalityInterfaceForComposites.java:696)
	at ptolemy.actor.util.CausalityInterfaceForComposites._computeOutputPortDepth(CausalityInterfaceForComposites.java:765)
	at ptolemy.actor.util.CausalityInterfaceForComposites._computeInputDepth(CausalityInterfaceForComposites.java:696)
	at ptolemy.actor.util.CausalityInterfaceForComposites._computeOutputPortDepth(CausalityInterfaceForComposites.java:765)
	at ptolemy.actor.util.CausalityInterfaceForComposites._computeInputDepth(CausalityInterfaceForComposites.java:696)
	at ptolemy.actor.util.CausalityInterfaceForComposites._computeActorDepth(CausalityInterfaceForComposites.java:532)
	at ptolemy.actor.util.CausalityInterfaceForComposites.checkForCycles(CausalityInterfaceForComposites.java:96)
	at ptolemy.domains.de.kernel.DEDirector.preinitialize(DEDirector.java:1338)
	at ptolemy.actor.CompositeActor.preinitialize(CompositeActor.java:1828)
	at ptolemy.actor.Manager.preinitializeAndResolveTypes(Manager.java:1040)
	at ptolemy.actor.Manager.initialize(Manager.java:710)
	at ptolemy.actor.Manager.execute(Manager.java:356)
	at ptolemy.actor.Manager.run(Manager.java:1263)
	at ptolemy.actor.Manager$PtolemyRunThread.run(Manager.java:1933)
java.lang.reflect.InvocationTargetException
	at java.base/jdk.internal.reflect.NativeConstructorAccessorImpl.newInstance0(Native Method)
	at java.base/jdk.internal.reflect.NativeConstructorAccessorImpl.newInstance(NativeConstructorAccessorImpl.java:62)
	at java.base/jdk.internal.reflect.DelegatingConstructorAccessorImpl.newInstance(DelegatingConstructorAccessorImpl.java:45)
	at java.base/java.lang.reflect.Constructor.newInstance(Constructor.java:490)
	at ptolemy.util.test.junit.AutoKnownFailedTests.RunModel(AutoKnownFailedTests.java:105)
	at java.base/jdk.internal.reflect.NativeMethodAccessorImpl.invoke0(Native Method)
	at java.base/jdk.internal.reflect.NativeMethodAccessorImpl.invoke(NativeMethodAccessorImpl.java:62)
	at java.base/jdk.internal.reflect.DelegatingMethodAccessorImpl.invoke(DelegatingMethodAccessorImpl.java:43)
	at java.base/java.lang.reflect.Method.invoke(Method.java:566)
	at org.junit.runners.model.FrameworkMethod$1.runReflectiveCall(FrameworkMethod.java:44)
	at org.junit.internal.runners.model.ReflectiveCallable.run(ReflectiveCallable.java:15)
	at org.junit.runners.model.FrameworkMethod.invokeExplosively(FrameworkMethod.java:41)
	at junitparams.internal.InvokeParameterisedMethod.evaluate(InvokeParameterisedMethod.java:102)
	at org.junit.internal.runners.statements.FailOnTimeout$1.run(FailOnTimeout.java:28)
Caused by: ptolemy.kernel.util.IllegalActionException: Found a zero delay loop containing .HierarchicalModel.A
  in .HierarchicalModel and .HierarchicalModel.A
	at ptolemy.actor.util.CausalityInterfaceForComposites._computeOutputPortDepth(CausalityInterfaceForComposites.java:759)
	at ptolemy.actor.util.CausalityInterfaceForComposites._computeInputDepth(CausalityInterfaceForComposites.java:696)
	at ptolemy.actor.util.CausalityInterfaceForComposites._computeOutputPortDepth(CausalityInterfaceForComposites.java:765)
	at ptolemy.actor.util.CausalityInterfaceForComposites._computeInputDepth(CausalityInterfaceForComposites.java:696)
	at ptolemy.actor.util.CausalityInterfaceForComposites._computeOutputPortDepth(CausalityInterfaceForComposites.java:765)
	at ptolemy.actor.util.CausalityInterfaceForComposites._computeInputDepth(CausalityInterfaceForComposites.java:696)
	at ptolemy.actor.util.CausalityInterfaceForComposites._computeActorDepth(CausalityInterfaceForComposites.java:532)
	at ptolemy.actor.util.CausalityInterfaceForComposites.checkForCycles(CausalityInterfaceForComposites.java:96)
	at ptolemy.domains.de.kernel.DEDirector.preinitialize(DEDirector.java:1338)
	at ptolemy.actor.CompositeActor.preinitialize(CompositeActor.java:1828)
	at ptolemy.actor.Manager.preinitializeAndResolveTypes(Manager.java:1040)
	at ptolemy.actor.Manager.initialize(Manager.java:710)
	at ptolemy.actor.Manager.execute(Manager.java:356)
	at ptolemy.actor.Manager.run(Manager.java:1263)
	at ptolemy.actor.Manager$PtolemyRunThread.run(Manager.java:1933)
java.lang.RuntimeException: Execution failed
	at ptolemy.moml.MoMLSimpleApplication$UnloadThread.run(MoMLSimpleApplication.java:402)
Caused by: ptolemy.kernel.util.IllegalActionException: Found a zero delay loop containing .dependencyLoop.original
  in .dependencyLoop and .dependencyLoop.original
	at ptolemy.actor.util.CausalityInterfaceForComposites._computeOutputPortDepth(CausalityInterfaceForComposites.java:759)
	at ptolemy.actor.util.CausalityInterfaceForComposites._computeInputDepth(CausalityInterfaceForComposites.java:696)
	at ptolemy.actor.util.CausalityInterfaceForComposites._computeOutputPortDepth(CausalityInterfaceForComposites.java:765)
	at ptolemy.actor.util.CausalityInterfaceForComposites._computeInputDepth(CausalityInterfaceForComposites.java:696)
	at ptolemy.actor.util.CausalityInterfaceForComposites._computeOutputPortDepth(CausalityInterfaceForComposites.java:765)
	at ptolemy.actor.util.CausalityInterfaceForComposites._computeInputDepth(CausalityInterfaceForComposites.java:696)
	at ptolemy.actor.util.CausalityInterfaceForComposites._computeActorDepth(CausalityInterfaceForComposites.java:532)
	at ptolemy.actor.util.CausalityInterfaceForComposites.checkForCycles(CausalityInterfaceForComposites.java:96)
	at ptolemy.domains.de.kernel.DEDirector.preinitialize(DEDirector.java:1338)
	at ptolemy.actor.CompositeActor.preinitialize(CompositeActor.java:1828)
	at ptolemy.actor.Manager.preinitializeAndResolveTypes(Manager.java:1040)
	at ptolemy.actor.Manager.initialize(Manager.java:710)
	at ptolemy.actor.Manager.execute(Manager.java:356)
	at ptolemy.actor.Manager.run(Manager.java:1263)
	at ptolemy.actor.Manager$PtolemyRunThread.run(Manager.java:1933)
java.lang.reflect.InvocationTargetException
	at java.base/jdk.internal.reflect.NativeConstructorAccessorImpl.newInstance0(Native Method)
	at java.base/jdk.internal.reflect.NativeConstructorAccessorImpl.newInstance(NativeConstructorAccessorImpl.java:62)
	at java.base/jdk.internal.reflect.DelegatingConstructorAccessorImpl.newInstance(DelegatingConstructorAccessorImpl.java:45)
	at java.base/java.lang.reflect.Constructor.newInstance(Constructor.java:490)
	at ptolemy.util.test.junit.AutoKnownFailedTests.RunModel(AutoKnownFailedTests.java:105)
	at java.base/jdk.internal.reflect.NativeMethodAccessorImpl.invoke0(Native Method)
	at java.base/jdk.internal.reflect.NativeMethodAccessorImpl.invoke(NativeMethodAccessorImpl.java:62)
	at java.base/jdk.internal.reflect.DelegatingMethodAccessorImpl.invoke(DelegatingMethodAccessorImpl.java:43)
	at java.base/java.lang.reflect.Method.invoke(Method.java:566)
	at org.junit.runners.model.FrameworkMethod$1.runReflectiveCall(FrameworkMethod.java:44)
	at org.junit.internal.runners.model.ReflectiveCallable.run(ReflectiveCallable.java:15)
	at org.junit.runners.model.FrameworkMethod.invokeExplosively(FrameworkMethod.java:41)
	at junitparams.internal.InvokeParameterisedMethod.evaluate(InvokeParameterisedMethod.java:102)
	at org.junit.internal.runners.statements.FailOnTimeout$1.run(FailOnTimeout.java:28)
Caused by: ptolemy.kernel.util.IllegalActionException: Found a zero delay loop containing .dependencyLoop.original
  in .dependencyLoop and .dependencyLoop.original
	at ptolemy.actor.util.CausalityInterfaceForComposites._computeOutputPortDepth(CausalityInterfaceForComposites.java:759)
	at ptolemy.actor.util.CausalityInterfaceForComposites._computeInputDepth(CausalityInterfaceForComposites.java:696)
	at ptolemy.actor.util.CausalityInterfaceForComposites._computeOutputPortDepth(CausalityInterfaceForComposites.java:765)
	at ptolemy.actor.util.CausalityInterfaceForComposites._computeInputDepth(CausalityInterfaceForComposites.java:696)
	at ptolemy.actor.util.CausalityInterfaceForComposites._computeOutputPortDepth(CausalityInterfaceForComposites.java:765)
	at ptolemy.actor.util.CausalityInterfaceForComposites._computeInputDepth(CausalityInterfaceForComposites.java:696)
	at ptolemy.actor.util.CausalityInterfaceForComposites._computeActorDepth(CausalityInterfaceForComposites.java:532)
	at ptolemy.actor.util.CausalityInterfaceForComposites.checkForCycles(CausalityInterfaceForComposites.java:96)
	at ptolemy.domains.de.kernel.DEDirector.preinitialize(DEDirector.java:1338)
	at ptolemy.actor.CompositeActor.preinitialize(CompositeActor.java:1828)
	at ptolemy.actor.Manager.preinitializeAndResolveTypes(Manager.java:1040)
	at ptolemy.actor.Manager.initialize(Manager.java:710)
	at ptolemy.actor.Manager.execute(Manager.java:356)
	at ptolemy.actor.Manager.run(Manager.java:1263)
	at ptolemy.actor.Manager$PtolemyRunThread.run(Manager.java:1933)
java.lang.RuntimeException: Execution failed
	at ptolemy.moml.MoMLSimpleApplication$UnloadThread.run(MoMLSimpleApplication.java:402)
Caused by: ptolemy.kernel.util.IllegalActionException: Found a zero delay loop containing .dependencyLoop2.original
  in .dependencyLoop2 and .dependencyLoop2.original
	at ptolemy.actor.util.CausalityInterfaceForComposites._computeOutputPortDepth(CausalityInterfaceForComposites.java:759)
	at ptolemy.actor.util.CausalityInterfaceForComposites._computeInputDepth(CausalityInterfaceForComposites.java:696)
	at ptolemy.actor.util.CausalityInterfaceForComposites._computeOutputPortDepth(CausalityInterfaceForComposites.java:765)
	at ptolemy.actor.util.CausalityInterfaceForComposites._computeInputDepth(CausalityInterfaceForComposites.java:696)
	at ptolemy.actor.util.CausalityInterfaceForComposites._computeOutputPortDepth(CausalityInterfaceForComposites.java:765)
	at ptolemy.actor.util.CausalityInterfaceForComposites._computeInputDepth(CausalityInterfaceForComposites.java:696)
	at ptolemy.actor.util.CausalityInterfaceForComposites._computeActorDepth(CausalityInterfaceForComposites.java:532)
	at ptolemy.actor.util.CausalityInterfaceForComposites.checkForCycles(CausalityInterfaceForComposites.java:96)
	at ptolemy.domains.de.kernel.DEDirector.preinitialize(DEDirector.java:1338)
	at ptolemy.actor.CompositeActor.preinitialize(CompositeActor.java:1828)
	at ptolemy.actor.Manager.preinitializeAndResolveTypes(Manager.java:1040)
	at ptolemy.actor.Manager.initialize(Manager.java:710)
	at ptolemy.actor.Manager.execute(Manager.java:356)
	at ptolemy.actor.Manager.run(Manager.java:1263)
	at ptolemy.actor.Manager$PtolemyRunThread.run(Manager.java:1933)
java.lang.reflect.InvocationTargetException
	at java.base/jdk.internal.reflect.NativeConstructorAccessorImpl.newInstance0(Native Method)
	at java.base/jdk.internal.reflect.NativeConstructorAccessorImpl.newInstance(NativeConstructorAccessorImpl.java:62)
	at java.base/jdk.internal.reflect.DelegatingConstructorAccessorImpl.newInstance(DelegatingConstructorAccessorImpl.java:45)
	at java.base/java.lang.reflect.Constructor.newInstance(Constructor.java:490)
	at ptolemy.util.test.junit.AutoKnownFailedTests.RunModel(AutoKnownFailedTests.java:105)
	at java.base/jdk.internal.reflect.NativeMethodAccessorImpl.invoke0(Native Method)
	at java.base/jdk.internal.reflect.NativeMethodAccessorImpl.invoke(NativeMethodAccessorImpl.java:62)
	at java.base/jdk.internal.reflect.DelegatingMethodAccessorImpl.invoke(DelegatingMethodAccessorImpl.java:43)
	at java.base/java.lang.reflect.Method.invoke(Method.java:566)
	at org.junit.runners.model.FrameworkMethod$1.runReflectiveCall(FrameworkMethod.java:44)
	at org.junit.internal.runners.model.ReflectiveCallable.run(ReflectiveCallable.java:15)
	at org.junit.runners.model.FrameworkMethod.invokeExplosively(FrameworkMethod.java:41)
	at junitparams.internal.InvokeParameterisedMethod.evaluate(InvokeParameterisedMethod.java:102)
	at org.junit.internal.runners.statements.FailOnTimeout$1.run(FailOnTimeout.java:28)
Caused by: ptolemy.kernel.util.IllegalActionException: Found a zero delay loop containing .dependencyLoop2.original
  in .dependencyLoop2 and .dependencyLoop2.original
	at ptolemy.actor.util.CausalityInterfaceForComposites._computeOutputPortDepth(CausalityInterfaceForComposites.java:759)
	at ptolemy.actor.util.CausalityInterfaceForComposites._computeInputDepth(CausalityInterfaceForComposites.java:696)
	at ptolemy.actor.util.CausalityInterfaceForComposites._computeOutputPortDepth(CausalityInterfaceForComposites.java:765)
	at ptolemy.actor.util.CausalityInterfaceForComposites._computeInputDepth(CausalityInterfaceForComposites.java:696)
	at ptolemy.actor.util.CausalityInterfaceForComposites._computeOutputPortDepth(CausalityInterfaceForComposites.java:765)
	at ptolemy.actor.util.CausalityInterfaceForComposites._computeInputDepth(CausalityInterfaceForComposites.java:696)
	at ptolemy.actor.util.CausalityInterfaceForComposites._computeActorDepth(CausalityInterfaceForComposites.java:532)
	at ptolemy.actor.util.CausalityInterfaceForComposites.checkForCycles(CausalityInterfaceForComposites.java:96)
	at ptolemy.domains.de.kernel.DEDirector.preinitialize(DEDirector.java:1338)
	at ptolemy.actor.CompositeActor.preinitialize(CompositeActor.java:1828)
	at ptolemy.actor.Manager.preinitializeAndResolveTypes(Manager.java:1040)
	at ptolemy.actor.Manager.initialize(Manager.java:710)
	at ptolemy.actor.Manager.execute(Manager.java:356)
	at ptolemy.actor.Manager.run(Manager.java:1263)
	at ptolemy.actor.Manager$PtolemyRunThread.run(Manager.java:1933)
]]></system-err>
</testsuite>
