<?xml version="1.0" encoding="UTF-8" ?>
<testsuite errors="0" failures="0" hostname="travis-job-00ec407f-e292-4868-b607-3a8f9b094154" name="ptolemy.actor.lib.test.junit.JUnitTclTest" skipped="0" tests="517" time="62.79" timestamp="2018-10-28T02:32:21">
  <properties>
    <property name="npm.executable" value="npm" />
    <property name="file.encoding.pkg" value="sun.io" />
    <property name="env.TRAVIS_ROOT" value="/" />
    <property name="ptII.mk.exists" value="true" />
    <property name="env.TRAVIS_APP_HOST" value="build.travis-ci.org" />
    <property name="env.rvm_bin_path" value="/home/travis/.rvm/bin" />
    <property name="java.home" value="/usr/lib/jvm/java-8-oracle/jre" />
    <property name="env.TRAVIS_JOB_NUMBER" value="799.8" />
    <property name="env.TRAVIS_HOME" value="/home/travis" />
    <property name="env.DISPLAY" value=":99.0" />
    <property name="java.net.preferIPv4Stack" value="true" />
    <property name="env.TRAVIS_INIT" value="upstart" />
    <property name="env.SSH_TTY" value="/dev/pts/0" />
    <property name="env.RUN_TESTS" value="false" />
    <property name="timeout.short" value="1000000" />
    <property name="env.TRAVIS_STACK_NODE_ATTRIBUTES" value="/.node-attributes.yml" />
    <property name="junit.formatter" value="xml" />
    <property name="java.endorsed.dirs" value="/usr/lib/jvm/java-8-oracle/jre/lib/endorsed" />
    <property name="env.TRAVIS_SUDO" value="true" />
    <property name="env.LOGNAME" value="travis" />
    <property name="env.PT_TRAVIS_TEST_CORE1_XML" value="true" />
    <property name="jsdoc.home" value="node_modules/@terraswarm/jsdoc" />
    <property name="debuglevel" value="source,lines,vars" />
    <property name="checkstyle.formatter" value="xml" />
    <property name="bin.vergil.makeable" value="true" />
    <property name="env._system_version" value="14.04" />
    <property name="sun.os.patch.level" value="unknown" />
    <property name="java.vendor.url" value="http://java.oracle.com/" />
    <property name="env.TRAVIS_BUILD_WEB_URL" value="https://travis-ci.org/icyphy/ptII/builds/447272711" />
    <property name="java.version" value="1.8.0_151" />
    <property name="env.TZ" value="UTC" />
    <property name="env.PT_NO_NET" value="true" />
    <property name="env.TRAVIS_PULL_REQUEST_SHA" value="" />
    <property name="env.TRAVIS_SECURE_ENV_VARS" value="true" />
    <property name="env._system_type" value="Linux" />
    <property name="java.vendor.url.bug" value="http://bugreport.sun.com/bugreport/" />
    <property name="env.SSH_CLIENT" value="10.10.4.17 34088 22" />
    <property name="npmjs-org-is-up" value="true" />
    <property name="env.GEM_HOME" value="/home/travis/.rvm/gems/ruby-2.4.1" />
    <property name="env.HAS_ANTARES_THREE_LITTLE_FRONZIES_BADGE" value="true" />
    <property name="env.PS4" value="+" />
    <property name="ant.project.invoked-targets" value="build,test.core1.xml" />
    <property name="env.TRAVIS_PULL_REQUEST_BRANCH" value="" />
    <property name="env.TRAVIS_REPO_SLUG" value="icyphy/ptII" />
    <property name="node.in.path" value="true" />
    <property name="java.maxmemory" value="1400m" />
    <property name="env.RUBY_VERSION" value="ruby-2.4.1" />
    <property name="user.name" value="travis" />
    <property name="env.LANG" value="en_US.UTF-8" />
    <property name="sun.io.unicode.encoding" value="UnicodeLittle" />
    <property name="sun.jnu.encoding" value="UTF-8" />
    <property name="java.runtime.name" value="Java(TM) SE Runtime Environment" />
    <property name="usefile" value="false" />
    <property name="return.code" value="0" />
    <property name="junit.single.formatter" value="plain" />
    <property name="env.DYLD_LIBRARY_PATH" value="/home/travis/pthla/certi-tools/lib:" />
    <property name="env.DEBIAN_FRONTEND" value="noninteractive" />
    <property name="env.SSH_CONNECTION" value="10.10.4.17 34088 10.20.0.52 22" />
    <property name="env.MYSQL_UNIX_PORT" value="/var/run/mysqld/mysqld.sock" />
    <property name="env.TRAVIS_ALLOW_FAILURE" value="false" />
    <property name="env.LC_ALL" value="en_US.UTF-8" />
    <property name="env.TRAVIS_JOB_WEB_URL" value="https://travis-ci.org/icyphy/ptII/jobs/447272719" />
    <property name="java.specification.name" value="Java Platform API Specification" />
    <property name="node.works" value="true" />
    <property name="user.timezone" value="" />
    <property name="path.separator" value=":" />
    <property name="env.TRAVIS_ENABLE_INFRA_DETECTION" value="true" />
    <property name="env.PYTHON_CFLAGS" value="-g -fstack-protector --param=ssp-buffer-size=4 -Wformat -Werror=format-security" />
    <property name="timeout.long" value="4000000" />
    <property name="env.CERTI_HOME" value="/home/travis/pthla/certi-tools" />
    <property name="file.encoding" value="UTF-8" />
    <property name="ant.file.ptII" value="/home/travis/build/icyphy/ptII/build.xml" />
    <property name="javadoc.packagenames" value="com.*,diva.*,lbnl.*,org.hlacerti.*,org.json.*,org.ptolemy.*,org.terraswarm.*,ptolemy.*,ptserver.*" />
    <property name="env.TRAVIS_PULL_REQUEST_SLUG" value="" />
    <property name="ant.project.default-target" value="build" />
    <property name="env.GIT_ASKPASS" value="echo" />
    <property name="env.HOME" value="/home/travis" />
    <property name="sun.java.command" value="org.apache.tools.ant.taskdefs.optional.junit.JUnitTestRunner ptolemy.actor.lib.test.junit.JUnitTclTest skipNonTests=false filtertrace=true haltOnError=false haltOnFailure=false formatter=org.apache.tools.ant.taskdefs.optional.junit.OutErrSummaryJUnitResultFormatter showoutput=true outputtoformatters=true logfailedtests=true threadid=0 logtestlistenerevents=false formatter=org.apache.tools.ant.taskdefs.optional.junit.XMLJUnitResultFormatter,/home/travis/build/icyphy/ptII/reports/junit/TEST-ptolemy.actor.lib.test.junit.JUnitTclTest.xml crashfile=/home/travis/build/icyphy/ptII/junitvmwatcher190314634683225694.properties propsfile=/home/travis/build/icyphy/ptII/junit2015848776643261660.properties" />
    <property name="env.MANPATH" value="/home/travis/.nvm/versions/node/v7.10.1/share/man:/home/travis/.kiex/elixirs/elixir-1.4.5/man:/home/travis/.rvm/rubies/ruby-2.4.1/share/man:/usr/local/man:/usr/local/cmake-3.9.2/man:/usr/local/clang-5.0.0/share/man:/usr/local/share/man:/usr/share/man:/home/travis/.rvm/man" />
    <property name="env.COMPOSER_NO_INTERACTION" value="1" />
    <property name="env.JDK_SWITCHER_DEFAULT" value="oraclejdk8" />
    <property name="env.TRAVIS_TIMER_ID" value="148754e7" />
    <property name="ant.file" value="/home/travis/build/icyphy/ptII/build.xml" />
    <property name="env.TRAVIS_COMMIT_RANGE" value="53cdf3a040f7acb4a27c6671e4b61cff19d6e7fe...266362fdd7fec1c11f86a883b758bf967cd42763" />
    <property name="env._system_name" value="Ubuntu" />
    <property name="timeout" value="2400000" />
    <property name="ptII.classpath.optional.property" value="/home/travis/build/icyphy/ptII/lib/bsh-2.0b4.jar:/home/travis/build/icyphy/ptII/lib/ptCal.jar:/home/travis/build/icyphy/ptII/lib/java_cup.jar:/home/travis/build/icyphy/ptII/lib/saxon8.jar:/home/travis/build/icyphy/ptII/lib/saxon8-dom.jar:/home/travis/build/icyphy/ptII/lib/chic.jar:/home/travis/build/icyphy/ptII/lib/ptcolt.jar:/usr/lib/jvm/java-8-oracle/lib/tools.jar:/usr/lib/eclipse/plugins/org.eclipse.jdt.core_3.8.2.dist.jar:/usr/lib/eclipse/plugins/org.eclipse.core.runtime_3.8.0.dist.jar:/usr/lib/eclipse/plugins/org.eclipse.osgi_3.8.1.dist.jar:/usr/lib/eclipse/plugins/org.eclipse.core.resources_3.8.1.dist.jar:/usr/lib/eclipse/plugins/org.eclipse.equinox.common_3.6.100.dist.jar:/usr/lib/eclipse/plugins/org.eclipse.core.jobs_3.5.200.dist.jar:/usr/lib/eclipse/plugins/org.eclipse.core.contenttype_3.4.200.dist.jar:/usr/lib/eclipse/plugins/org.eclipse.equinox.preferences_3.5.0.dist.jar:/usr/lib/eclipse/plugins/org.eclipse.text_3.5.200.dist.jar:/usr/lib/eclipse/plugins/org.eclipse.ui.workbench_3.8.1.dist.jar:/usr/lib/eclipse/plugins/org.eclipse.jface_3.8.0.dist.jar:/usr/lib/eclipse/plugins/org.eclipse.swt_3.8.2.jar:/usr/lib/eclipse/plugins/org.eclipse.jface.text_3.8.1.dist.jar:/usr/lib/eclipse/plugins/org.eclipse.ui.workbench.texteditor_3.8.0.dist.jar:/usr/lib/eclipse/plugins/org.eclipse.ui.editors_3.8.0.dist.jar:/usr/lib/eclipse/plugins/org.eclipse.core.commands_3.6.1.dist.jar:/usr/lib/eclipse/plugins/org.eclipse.equinox.registry_3.5.200.dist.jar:/usr/lib/eclipse/plugins/org.eclipse.ui.console_3.5.100.dist.jar:/usr/lib/eclipse/plugins/org.eclipse.ui.forms_3.5.200.dist.jar:/usr/lib/eclipse/plugins/org.eclipse.ui.ide_3.8.1.dist.jar:/home/travis/build/icyphy/ptII/vendors/oracle/dbxml.jar:/home/travis/build/icyphy/ptII/vendors/oracle/db.jar:/home/travis/build/icyphy/ptII/vendors/misc/itext/iText.jar:/home/travis/build/icyphy/ptII/lib/g4ltl.jar:/home/travis/build/icyphy/ptII/lib/StructuralCoder.jar:/home/travis/build/icyphy/ptII/lib/org-openide-util.jar:/home/travis/build/icyphy/ptII/lib/org-openide-util-lookup.jar:/home/travis/build/icyphy/ptII/lib/org-netbeans-api-visual.jar:/home/travis/build/icyphy/ptII/vendors/jai-1_1_2_01/lib/jai_core.jar:/home/travis/build/icyphy/ptII/vendors/jai-1_1_2_01/lib/jai_codec.jar:/home/travis/build/icyphy/ptII/lib/jcerti.jar:/home/travis/build/icyphy/ptII/lib/smack.jar:/home/travis/build/icyphy/ptII/lib/smackx.jar:/home/travis/build/icyphy/ptII/lib/jetty-all-8.1.5-v20120716.jar:/home/travis/build/icyphy/ptII/lib/javax.servlet-api-3.0.1.jar:/home/travis/build/icyphy/ptII/lib/javax.mail.jar:/home/travis/build/icyphy/ptII/vendors/JMF-2.1.1e/lib/jmf.jar:/home/travis/build/icyphy/ptII/lib/jna-4.0.0-variadic.jar:/home/travis/build/icyphy/ptII/vendors/misc/joystick/Joystick.jar:/home/travis/build/icyphy/ptII/lib/ptjacl.jar:/home/travis/build/icyphy/ptII/lib/jsoup-1.8.2.jar:/home/travis/build/icyphy/ptII/lib/junit-4.8.2.jar:/home/travis/build/icyphy/ptII/lib/JUnitParams-0.4.0.jar:/home/travis/build/icyphy/ptII/ptolemy/actor/lib/excel/jxl.jar:/home/travis/build/icyphy/ptII/lib/jython.jar:/home/travis/build/icyphy/ptII/lib/kieler.jar:/home/travis/build/icyphy/ptII/vendors/opencv/share/OpenCV/java/opencv-341.jar:/home/travis/build/icyphy/ptII/lib/oscP5.jar:/home/travis/build/icyphy/ptII/lib/nrjavaserial-3.11.0.devel.jar:/home/travis/build/icyphy/ptII/vendors/j3d/lib/j3dcore.jar:/home/travis/build/icyphy/ptII/vendors/j3d/lib/j3dutils.jar:/home/travis/build/icyphy/ptII/vendors/j3d/lib/vecmath.jar:/home/travis/build/icyphy/ptII/ptolemy/distributed/jini/jar/jini-core.jar:/home/travis/build/icyphy/ptII/ptolemy/distributed/jini/jar/jini-ext.jar:/home/travis/build/icyphy/ptII/ptolemy/distributed/jini/jar/sun-util.jar:/home/travis/build/icyphy/ptII/lib/protobuf-java-2.4.1.jar:/home/travis/build/icyphy/ptII/lib/org.eclipse.paho.client.mqttv3.jar:/home/travis/build/icyphy/ptII/ptserver/lib/hessian-4.0.7.jar:/home/travis/build/icyphy/ptII/ptserver/lib/wmqtt.jar:/home/travis/build/icyphy/ptII/lib/mapss.jar:/home/travis/build/icyphy/ptII/ptolemy/actor/ptalon/antlr/antlr.jar:/home/travis/build/icyphy/ptII/lib/JRI.jar:/home/travis/build/icyphy/ptII/lib/commons-lang-2.6.jar:/home/travis/build/icyphy/ptII/lib/commons-logging-1.1.1.jar:/home/travis/build/icyphy/ptII/lib/sootclasses.jar:/home/travis/build/icyphy/ptII/ptolemy/actor/lib/database/mysql-connector-java-5.1.6-bin.jar:/home/travis/build/icyphy/ptII/vendors/misc/sphinx4/sphinx4-data-5prealpha.jar:/home/travis/build/icyphy/ptII/vendors/misc/sphinx4/sphinx4-core-5prealpha.jar:/home/travis/build/icyphy/ptII/lib/PDFRenderer.jar:/home/travis/build/icyphy/ptII/lib/svgSalamander.jar:/home/travis/build/icyphy/ptII/lib/rsyntaxtextarea-2.6.0-SNAPSHOT.jar:/home/travis/build/icyphy/ptII/lib/hazelcast-3.8.2.jar:/home/travis/build/icyphy/ptII/lib/jackson-annotations-2.9.0.jar:/home/travis/build/icyphy/ptII/lib/jackson-core-2.9.3.jar:/home/travis/build/icyphy/ptII/lib/jackson-databind-2.9.3.jar:/home/travis/build/icyphy/ptII/lib/netty-buffer-4.1.19.Final.jar:/home/travis/build/icyphy/ptII/lib/netty-codec-4.1.19.Final.jar:/home/travis/build/icyphy/ptII/lib/netty-codec-dns-4.1.19.Final.jar:/home/travis/build/icyphy/ptII/lib/netty-codec-http-4.1.19.Final.jar:/home/travis/build/icyphy/ptII/lib/netty-codec-http2-4.1.19.Final.jar:/home/travis/build/icyphy/ptII/lib/netty-common-4.1.19.Final.jar:/home/travis/build/icyphy/ptII/lib/netty-handler-4.1.19.Final.jar:/home/travis/build/icyphy/ptII/lib/netty-resolver-4.1.19.Final.jar:/home/travis/build/icyphy/ptII/lib/netty-resolver-dns-4.1.19.Final.jar:/home/travis/build/icyphy/ptII/lib/netty-transport-4.1.19.Final.jar:/home/travis/build/icyphy/ptII/lib/vertx-codegen-3.5.1.jar:/home/travis/build/icyphy/ptII/lib/vertx-core-3.5.2-SNAPSHOT.jar:/home/travis/build/icyphy/ptII/lib/vertx-hazelcast-3.5.1.jar:/home/travis/build/icyphy/ptII/lib/vertx-lang-js-3.5.1.jar:/home/travis/build/icyphy/ptII/lib/vertx-service-proxy-3.5.1.jar:/home/travis/build/icyphy/ptII/lib/vertx-web-3.5.1.jar:/home/travis/build/icyphy/ptII/lib/slf4j-api-1.7.13.jar:/home/travis/build/icyphy/ptII/lib/slf4j-simple-1.7.13.jar:/home/travis/build/icyphy/ptII/lib/webcam-capture-0.3.12.jar:/home/travis/build/icyphy/ptII/lib/bridj-0.7.0.jar:/home/travis/build/icyphy/ptII/lib/xbjlib-1.1.0.nrjavaserial.jar" />
    <property name="test.batch" value="**/junit/*.java" />
    <property name="env._" value="/usr/bin/timeout" />
    <property name="java.io.tmpdir" value="/tmp" />
    <property name="env.TRAVIS_INTERNAL_RUBY_REGEX" value="^ruby-(2\.[0-2]\.[0-9]|1\.9\.3)" />
    <property name="user.language" value="en" />
    <property name="env.HISTCONTROL" value="ignoredups:ignorespace" />
    <property name="env.GOROOT" value="/home/travis/.gimme/versions/go1.7.4.linux.amd64" />
    <property name="line.separator" value="&#xa;" />
    <property name="target" value="1.8" />
    <property name="env.TRAVIS_BUILD_DIR" value="/home/travis/build/icyphy/ptII" />
    <property name="env.ANT_OPTS" value="-Xmx2048m" />
    <property name="ant.file.type" value="file" />
    <property name="ptolemy.ptII.batchMode" value="true" />
    <property name="env.HISTSIZE" value="1000" />
    <property name="env.MERB_ENV" value="test" />
    <property name="java.vm.info" value="mixed mode" />
    <property name="source" value="1.8" />
    <property name="java.vm.specification.name" value="Java Virtual Machine Specification" />
    <property name="env.TRAVIS_TEST_RESULT" value="0" />
    <property name="jsdoc.command" value="node_modules/@terraswarm/jsdoc/jsdoc.js" />
    <property name="npm.works" value="true" />
    <property name="cobertura.dir" value="/home/travis/build/icyphy/ptII/vendors/cobertura-2.0.3" />
    <property name="env.rvm_path" value="/home/travis/.rvm" />
    <property name="env.GEM_PATH" value="/home/travis/.rvm/gems/ruby-2.4.1:/home/travis/.rvm/gems/ruby-2.4.1@global" />
    <property name="env.LC_CTYPE" value="en_US.UTF-8" />
    <property name="java.awt.printerjob" value="sun.print.PSPrinterJob" />
    <property name="env.TRAVIS_CMD" value="$PTII/bin/ptIITravisBuild.sh $SECONDS" />
    <property name="env.TRAVIS_STACK_NAME" value="garnet" />
    <property name="env.TRAVIS_TIMER_START_TIME" value="1540693542147270711" />
    <property name="ant.version" value="Apache Ant(TM) version 1.10.1 compiled on February 2 2017" />
    <property name="ptII.reports" value="/home/travis/build/icyphy/ptII/reports" />
    <property name="env.TRAVIS_STACK_TIMESTAMP" value="2017-12-05 19:33:09 UTC" />
    <property name="ant.file.type.ptII" value="file" />
    <property name="env.RBENV_SHELL" value="bash" />
    <property name="os.name" value="Linux" />
    <property name="java.specification.vendor" value="Oracle Corporation" />
    <property name="env.rvm_version" value="1.29.3 (latest)" />
    <property name="env.TRAVIS_INFRA" value="gce" />
    <property name="env.TERM" value="xterm" />
    <property name="java.vm.name" value="Java HotSpot(TM) 64-Bit Server VM" />
    <property name="env.TRAVIS_BUILD_NUMBER" value="799" />
    <property name="env.CI" value="true" />
    <property name="java.library.path" value="/home/travis/pthla/certi-tools/lib:/usr/lib/jni:/usr/local/share/OpenCV/java/:/usr/share/OpenCV/java::/usr/java/packages/lib/amd64:/usr/lib64:/lib64:/lib:/usr/lib" />
    <property name="env.rvm_prefix" value="/home/travis" />
    <property name="env.PATH" value="/home/travis/pthla/certi-tools/share/scripts:/home/travis/.rvm/gems/ruby-2.4.1/bin:/home/travis/.rvm/gems/ruby-2.4.1@global/bin:/home/travis/.rvm/rubies/ruby-2.4.1/bin:/home/travis/.rvm/bin:/home/travis/.nvm/versions/node/v7.10.1/bin:./node_modules/.bin:/home/travis/build/icyphy/ptII/bin:/home/travis/pthla/certi-tools/bin:/home/travis/bin:/home/travis/.local/bin:/opt/pyenv/shims:/home/travis/.phpenv/shims:/home/travis/perl5/perlbrew/bin:/home/travis/.kiex/elixirs/elixir-1.4.5/bin:/home/travis/.kiex/bin:/home/travis/gopath/bin:/home/travis/.gimme/versions/go1.7.4.linux.amd64/bin:/usr/local/phantomjs/bin:/usr/local/phantomjs:/usr/local/neo4j-3.2.7/bin:/usr/local/maven-3.5.2/bin:/usr/local/cmake-3.9.2/bin:/usr/local/clang-5.0.0/bin:/usr/local/sbin:/usr/local/bin:/usr/sbin:/usr/bin:/sbin:/bin:/home/travis/.phpenv/bin:/opt/pyenv/bin:/home/travis/.yarn/bin" />
    <property name="env.TRAVIS_OS_NAME" value="linux" />
    <property name="ant.java.version" value="1.8" />
    <property name="basedir" value="/home/travis/build/icyphy/ptII" />
    <property name="java.class.version" value="52.0" />
    <property name="env.SHLVL" value="3" />
    <property name="env.LD_LIBRARY_PATH" value="/home/travis/pthla/certi-tools/lib:/usr/lib/jni:/usr/local/share/OpenCV/java/:/usr/share/OpenCV/java:" />
    <property name="env.RACK_ENV" value="test" />
    <property name="ant.home" value="/home/travis/build/icyphy/ptII/ant" />
    <property name="env.NVM_DIR" value="/home/travis/.nvm" />
    <property name="env.PERLBREW_BASHRC_VERSION" value="0.80" />
    <property name="env.CERTI_FOM_PATH" value="/home/travis/pthla/certi-tools/share/federations" />
    <property name="env.TRAVIS_BUILD_ID" value="447272711" />
    <property name="env.PYENV_ROOT" value="/opt/pyenv" />
    <property name="env.TRAVIS_UID" value="2000" />
    <property name="env.rvm_pretty_print_flag" value="auto" />
    <property name="env.NVM_BIN" value="/home/travis/.nvm/versions/node/v7.10.1/bin" />
    <property name="env.TRAVIS_COMMIT" value="266362fdd7fec1c11f86a883b758bf967cd42763" />
    <property name="env._system_arch" value="x86_64" />
    <property name="node.executable" value="node" />
    <property name="sun.boot.library.path" value="/usr/lib/jvm/java-8-oracle/jre/lib/amd64" />
    <property name="sun.management.compiler" value="HotSpot 64-Bit Tiered Compilers" />
    <property name="env.GOPATH" value="/home/travis/gopath" />
    <property name="java.awt.graphicsenv" value="sun.awt.X11GraphicsEnvironment" />
    <property name="ptolemy.ptII.dir" value="/home/travis/build/icyphy/ptII" />
    <property name="env.USER" value="travis" />
    <property name="env.HISTFILESIZE" value="2000" />
    <property name="timeout.longest" value="19000000" />
    <property name="env.TRAVIS_STACK_FEATURES" value="basic cassandra chromium couchdb disabled-ipv6 docker docker-compose elasticsearch firefox go-toolchain google-chrome jdk memcached mongodb mysql neo4j nodejs_interpreter perl_interpreter perlbrew phantomjs postgresql python_interpreter rabbitmq redis riak ruby_interpreter sqlite xserver" />
    <property name="env.TRAVIS_PULL_REQUEST" value="false" />
    <property name="env.PYENV_SHELL" value="bash" />
    <property name="ant.project.name" value="ptII" />
    <property name="java.vm.specification.version" value="1.8" />
    <property name="env.ANSI_RESET" value="\033[0m" />
    <property name="env.TRAVIS_DIST" value="trusty" />
    <property name="env.CERTI_VERSION" value="4.0.0" />
    <property name="env.NLSPATH" value="/usr/dt/lib/nls/msg/%L/%N.cat" />
    <property name="env.CERTI_HOST" value="localhost" />
    <property name="awt.toolkit" value="sun.awt.X11.XToolkit" />
    <property name="env.MY_RUBY_HOME" value="/home/travis/.rvm/rubies/ruby-2.4.1" />
    <property name="sun.cpu.isalist" value="" />
    <property name="env.TRAVIS_TMPDIR" value="/tmp/tmp.ZEoHENGkPw" />
    <property name="java.ext.dirs" value="/usr/lib/jvm/java-8-oracle/jre/lib/ext:/usr/java/packages/lib/ext" />
    <property name="os.version" value="4.4.0-101-generic" />
    <property name="user.home" value="/home/travis" />
    <property name="env.MIX_ARCHIVES" value="/home/travis/.kiex/mix/elixir-1.4.5" />
    <property name="java.vm.vendor" value="Oracle Corporation" />
    <property name="env.TRAVIS_TAG" value="nightly" />
    <property name="env.ANSI_YELLOW" value="\033[33;1m" />
    <property name="env.TRAVIS_FILTERED" value="redirect_io" />
    <property name="env.ANSI_GREEN" value="\033[32;1m" />
    <property name="javadoc.excludepackagenames" value="adm.cvs2svn.*,build.*,config.*,doc.coding.templates.*,jni.test.jni.meaningOfLife.*,jni.test.jni.testDeux.*,jni.test.jni.testTrois.*,org.terraswarm.accessor.accessors.web.node_modules.*,org.terraswarm.accessor.accessors.web.hosts.cordova.demo.*,org.terraswarm.accessor.accessors.web.hosts.cordova.plugins.*,org.terraswarm.accessor.accessors-svn.*,pt-modules.*,ptolemy.apps.agilent.*,ptolemy.apps.anytimecontrol.*,ptolemy.apps.apes.*,ptolemy.apps.charon.*,ptolemy.apps.crazyboard.*,ptolemy.apps.eclipse.*,ptolemy.apps.etherealSting.*,ptolemy.apps.fullscreen.*,ptolemy.apps.giotto.*,ptolemy.apps.ia.*,ptolemy.apps.interfaces.*,ptolemy.apps.jmf.*,ptolemy.apps.kurt.*,ptolemy.apps.kvm.*,ptolemy.apps.lego.*,ptolemy.apps.lejos.*,ptolemy.apps.midp.*,ptolemy.apps.mobileCoding.*,ptolemy.apps.pendulum.*,ptolemy.apps.rijndael.*,ptolemy.apps.robot.*,ptolemy.apps.security.*,ptolemy.apps.sobel.*,ptolemy.apps.soot.*,ptolemy.apps.throttle.*,ptolemy.apps.tini.*,ptolemy.apps.transmission.*,ptolemy.apps.vergil.*,ptolemy.apps.waba.*,ptolemy.apps.websensor.*,ptolemy.apps.webstart.*,ptolemy.apps.xsl.*,ptolemy.apps.zaurus.*,ptolemy.backtrack.eclipse.plugin.*,ptolemy.backtrack.test.*,ptolemy.codegen.c.actor.lib.oldJavaFiles.*,ptolemy.codegen.dsp.lib.*,ptolemy.codegen.kernel.newInterfaces.*,ptolemy.codegen.lib.*,ptolemy.copernicus.kernel.fragment.*,ptolemy.copernicus.shallow.cg.*,ptolemy.domains.giotto.demo.Hierarchy.Hierarchy.*,ptolemy.domains.giotto.demo.Multimode.Multimode.*,ptolemy.domains.giotto.demo.Simple.Simple.*,ptolemy.domains.gr.lib.experimental.*,ptolemy.domains.gro.*,ptolemy.domains.pdf.*,ptolemy.domains.ptinyos.demo.Surge.output.*,ptolemy.moml.test.NoPackageActor.java*,ptolemy.plot.adm.*,ptolemy.plot.servlet.*,reports.*,signed.*,src.*,target.*,vendors.*,ptolemy.cg.adapter.generic.program.procedural.c.mbed*,ptolemy.actor.lib.fmi.fmus.omc*,ptolemy.domains.openmodelica*,ptdb.kernel.bl.save.test.*,ptdb.kernel.bl.load.test.*,ptdb.kernel.bl.search.test.*,ptdb.kernel.bl.migration.test.*,ptdb.kernel.database.test.*,ptdb.test.*,ptdb.gui.test.*,org.ptolemy.scala.*,diva.util.java2d.svg.*,ptolemy.domains.ptinyos.*,ptolemy.actor.lib.fmi.fmipp.*,,org.terraswarm.accessor.accessors.web.node_modules.*,org.terraswarm.accessor.accessors-svn,ptolemy.apps.*,ptolemy.actor.ptalon.demo.ptinyos.SendAndReceiveCnt.output,ptolemy.actor.ptalon.demo.ptinyos.SenseToLeds.output,ptolemy.domains.ptinyos.demo.CntToLedsAndRfm.output,ptolemy.domains.ptinyos.demo.RfmToLeds.output,ptolemy.domains.ptinyos.demo.SendAndReceiveCnt.output,ptolemy.domains.ptinyos.demo.SenseToLeds.output,ptolemy.actor.lib.jjs.modules.udpSocket.*" />
    <property name="env.JAVA_HOME" value="/usr/lib/jvm/java-8-oracle" />
    <property name="env.PTII" value="/home/travis/build/icyphy/ptII" />
    <property name="env.XDG_SESSION_ID" value="2" />
    <property name="keystore" value="ptKeystore" />
    <property name="env.TRAVIS_COMMIT_MESSAGE" value="Fixed test of parameter.currentValue to not be fooled by zero value" />
    <property name="junit.output.dir" value="/home/travis/build/icyphy/ptII/reports/junit" />
    <property name="npm.return.code" value="0" />
    <property name="user.dir" value="/home/travis/build/icyphy/ptII/ptolemy/actor/lib/test" />
    <property name="env.TRAVIS_NODE_VERSION" value="7" />
    <property name="env.XFILESEARCHPATH" value="/usr/dt/app-defaults/%L/Dt" />
    <property name="env.MAIL" value="/var/mail/travis" />
    <property name="env.TRAVIS_EVENT_TYPE" value="cron" />
    <property name="env.PERLBREW_ROOT" value="/home/travis/perl5/perlbrew" />
    <property name="env.PWD" value="/home/travis/build/icyphy/ptII" />
    <property name="timeout.npm" value="45000" />
    <property name="env.TRAVIS_ARCH" value="amd64" />
    <property name="env.PAGER" value="cat" />
    <property name="sun.cpu.endian" value="little" />
    <property name="env.TRAVIS_BUILD_STAGE_NAME" value="Test" />
    <property name="env.PERLBREW_HOME" value="/home/travis/.perlbrew" />
    <property name="env.RAILS_ENV" value="test" />
    <property name="java.vm.version" value="25.151-b12" />
    <property name="java.class.path" value="/home/travis/.ptolemyII:/home/travis/.ptolemyII/*:/home/travis/build/icyphy/ptII:/home/travis/build/icyphy/ptII/lib/bsh-2.0b4.jar:/home/travis/build/icyphy/ptII/lib/ptCal.jar:/home/travis/build/icyphy/ptII/lib/java_cup.jar:/home/travis/build/icyphy/ptII/lib/saxon8.jar:/home/travis/build/icyphy/ptII/lib/saxon8-dom.jar:/home/travis/build/icyphy/ptII/lib/chic.jar:/home/travis/build/icyphy/ptII/lib/ptcolt.jar:/usr/lib/jvm/java-8-oracle/lib/tools.jar:/usr/lib/eclipse/plugins/org.eclipse.jdt.core_3.8.2.dist.jar:/usr/lib/eclipse/plugins/org.eclipse.core.runtime_3.8.0.dist.jar:/usr/lib/eclipse/plugins/org.eclipse.osgi_3.8.1.dist.jar:/usr/lib/eclipse/plugins/org.eclipse.core.resources_3.8.1.dist.jar:/usr/lib/eclipse/plugins/org.eclipse.equinox.common_3.6.100.dist.jar:/usr/lib/eclipse/plugins/org.eclipse.core.jobs_3.5.200.dist.jar:/usr/lib/eclipse/plugins/org.eclipse.core.contenttype_3.4.200.dist.jar:/usr/lib/eclipse/plugins/org.eclipse.equinox.preferences_3.5.0.dist.jar:/usr/lib/eclipse/plugins/org.eclipse.text_3.5.200.dist.jar:/usr/lib/eclipse/plugins/org.eclipse.ui.workbench_3.8.1.dist.jar:/usr/lib/eclipse/plugins/org.eclipse.jface_3.8.0.dist.jar:/usr/lib/eclipse/plugins/org.eclipse.swt_3.8.2.jar:/usr/lib/eclipse/plugins/org.eclipse.jface.text_3.8.1.dist.jar:/usr/lib/eclipse/plugins/org.eclipse.ui.workbench.texteditor_3.8.0.dist.jar:/usr/lib/eclipse/plugins/org.eclipse.ui.editors_3.8.0.dist.jar:/usr/lib/eclipse/plugins/org.eclipse.core.commands_3.6.1.dist.jar:/usr/lib/eclipse/plugins/org.eclipse.equinox.registry_3.5.200.dist.jar:/usr/lib/eclipse/plugins/org.eclipse.ui.console_3.5.100.dist.jar:/usr/lib/eclipse/plugins/org.eclipse.ui.forms_3.5.200.dist.jar:/usr/lib/eclipse/plugins/org.eclipse.ui.ide_3.8.1.dist.jar:/home/travis/build/icyphy/ptII/vendors/oracle/dbxml.jar:/home/travis/build/icyphy/ptII/vendors/oracle/db.jar:/home/travis/build/icyphy/ptII/vendors/misc/itext/iText.jar:/home/travis/build/icyphy/ptII/lib/g4ltl.jar:/home/travis/build/icyphy/ptII/lib/StructuralCoder.jar:/home/travis/build/icyphy/ptII/lib/org-openide-util.jar:/home/travis/build/icyphy/ptII/lib/org-openide-util-lookup.jar:/home/travis/build/icyphy/ptII/lib/org-netbeans-api-visual.jar:/home/travis/build/icyphy/ptII/vendors/jai-1_1_2_01/lib/jai_core.jar:/home/travis/build/icyphy/ptII/vendors/jai-1_1_2_01/lib/jai_codec.jar:/home/travis/build/icyphy/ptII/lib/jcerti.jar:/home/travis/build/icyphy/ptII/lib/smack.jar:/home/travis/build/icyphy/ptII/lib/smackx.jar:/home/travis/build/icyphy/ptII/lib/jetty-all-8.1.5-v20120716.jar:/home/travis/build/icyphy/ptII/lib/javax.servlet-api-3.0.1.jar:/home/travis/build/icyphy/ptII/lib/javax.mail.jar:/home/travis/build/icyphy/ptII/vendors/JMF-2.1.1e/lib/jmf.jar:/home/travis/build/icyphy/ptII/lib/jna-4.0.0-variadic.jar:/home/travis/build/icyphy/ptII/vendors/misc/joystick/Joystick.jar:/home/travis/build/icyphy/ptII/lib/ptjacl.jar:/home/travis/build/icyphy/ptII/lib/jsoup-1.8.2.jar:/home/travis/build/icyphy/ptII/lib/junit-4.8.2.jar:/home/travis/build/icyphy/ptII/lib/JUnitParams-0.4.0.jar:/home/travis/build/icyphy/ptII/ptolemy/actor/lib/excel/jxl.jar:/home/travis/build/icyphy/ptII/lib/jython.jar:/home/travis/build/icyphy/ptII/lib/kieler.jar:/home/travis/build/icyphy/ptII/vendors/opencv/share/OpenCV/java/opencv-341.jar:/home/travis/build/icyphy/ptII/lib/oscP5.jar:/home/travis/build/icyphy/ptII/lib/nrjavaserial-3.11.0.devel.jar:/home/travis/build/icyphy/ptII/vendors/j3d/lib/j3dcore.jar:/home/travis/build/icyphy/ptII/vendors/j3d/lib/j3dutils.jar:/home/travis/build/icyphy/ptII/vendors/j3d/lib/vecmath.jar:/home/travis/build/icyphy/ptII/ptolemy/distributed/jini/jar/jini-core.jar:/home/travis/build/icyphy/ptII/ptolemy/distributed/jini/jar/jini-ext.jar:/home/travis/build/icyphy/ptII/ptolemy/distributed/jini/jar/sun-util.jar:/home/travis/build/icyphy/ptII/lib/protobuf-java-2.4.1.jar:/home/travis/build/icyphy/ptII/lib/org.eclipse.paho.client.mqttv3.jar:/home/travis/build/icyphy/ptII/ptserver/lib/hessian-4.0.7.jar:/home/travis/build/icyphy/ptII/ptserver/lib/wmqtt.jar:/home/travis/build/icyphy/ptII/lib/mapss.jar:/home/travis/build/icyphy/ptII/ptolemy/actor/ptalon/antlr/antlr.jar:/home/travis/build/icyphy/ptII/lib/JRI.jar:/home/travis/build/icyphy/ptII/lib/commons-lang-2.6.jar:/home/travis/build/icyphy/ptII/lib/commons-logging-1.1.1.jar:/home/travis/build/icyphy/ptII/lib/sootclasses.jar:/home/travis/build/icyphy/ptII/ptolemy/actor/lib/database/mysql-connector-java-5.1.6-bin.jar:/home/travis/build/icyphy/ptII/vendors/misc/sphinx4/sphinx4-data-5prealpha.jar:/home/travis/build/icyphy/ptII/vendors/misc/sphinx4/sphinx4-core-5prealpha.jar:/home/travis/build/icyphy/ptII/lib/PDFRenderer.jar:/home/travis/build/icyphy/ptII/lib/svgSalamander.jar:/home/travis/build/icyphy/ptII/lib/rsyntaxtextarea-2.6.0-SNAPSHOT.jar:/home/travis/build/icyphy/ptII/lib/hazelcast-3.8.2.jar:/home/travis/build/icyphy/ptII/lib/jackson-annotations-2.9.0.jar:/home/travis/build/icyphy/ptII/lib/jackson-core-2.9.3.jar:/home/travis/build/icyphy/ptII/lib/jackson-databind-2.9.3.jar:/home/travis/build/icyphy/ptII/lib/netty-buffer-4.1.19.Final.jar:/home/travis/build/icyphy/ptII/lib/netty-codec-4.1.19.Final.jar:/home/travis/build/icyphy/ptII/lib/netty-codec-dns-4.1.19.Final.jar:/home/travis/build/icyphy/ptII/lib/netty-codec-http-4.1.19.Final.jar:/home/travis/build/icyphy/ptII/lib/netty-codec-http2-4.1.19.Final.jar:/home/travis/build/icyphy/ptII/lib/netty-common-4.1.19.Final.jar:/home/travis/build/icyphy/ptII/lib/netty-handler-4.1.19.Final.jar:/home/travis/build/icyphy/ptII/lib/netty-resolver-4.1.19.Final.jar:/home/travis/build/icyphy/ptII/lib/netty-resolver-dns-4.1.19.Final.jar:/home/travis/build/icyphy/ptII/lib/netty-transport-4.1.19.Final.jar:/home/travis/build/icyphy/ptII/lib/vertx-codegen-3.5.1.jar:/home/travis/build/icyphy/ptII/lib/vertx-core-3.5.2-SNAPSHOT.jar:/home/travis/build/icyphy/ptII/lib/vertx-hazelcast-3.5.1.jar:/home/travis/build/icyphy/ptII/lib/vertx-lang-js-3.5.1.jar:/home/travis/build/icyphy/ptII/lib/vertx-service-proxy-3.5.1.jar:/home/travis/build/icyphy/ptII/lib/vertx-web-3.5.1.jar:/home/travis/build/icyphy/ptII/lib/slf4j-api-1.7.13.jar:/home/travis/build/icyphy/ptII/lib/slf4j-simple-1.7.13.jar:/home/travis/build/icyphy/ptII/lib/webcam-capture-0.3.12.jar:/home/travis/build/icyphy/ptII/lib/bridj-0.7.0.jar:/home/travis/build/icyphy/ptII/lib/xbjlib-1.1.0.nrjavaserial.jar:/home/travis/build/icyphy/ptII/ptolemy/moml/test:/home/travis/build/icyphy/ptII/ant/lib/ant-launcher.jar:/home/travis/build/icyphy/ptII/ant/lib/ant.jar:/home/travis/build/icyphy/ptII/ant/lib/ant-junit.jar:/home/travis/build/icyphy/ptII/ant/lib/ant-junit4.jar" />
    <property name="ant.library.dir" value="/home/travis/build/icyphy/ptII/ant/lib" />
    <property name="os.arch" value="amd64" />
    <property name="env.TRAVIS_LANGUAGE" value="node_js" />
    <property name="env.CONTINUOUS_INTEGRATION" value="true" />
    <property name="env.TRAVIS_STACK_LANGUAGES" value="__garnet__ c c++ clojure cplusplus cpp default go groovy java node_js php pure_java python ruby scala" />
    <property name="test.name" value="ptolemy.actor.lib.test.junit.JUnitTclTest" />
    <property name="sun.java.launcher" value="SUN_STANDARD" />
    <property name="env.PYTHON_CONFIGURE_OPTS" value="--enable-unicode=ucs4 --with-wide-unicode --enable-shared --enable-ipv6 --enable-loadable-sqlite-extensions --with-computed-gotos" />
    <property name="ant.core.lib" value="/home/travis/build/icyphy/ptII/ant/lib/ant.jar" />
    <property name="java.vm.specification.vendor" value="Oracle Corporation" />
    <property name="env.BCVTB_HOME" value="/home/travis/build/icyphy/ptII/lbnl" />
    <property name="file.separator" value="/" />
    <property name="spotbugs.home" value="/home/travis/build/icyphy/ptII/vendors/spotbugs-3.1.1" />
    <property name="java.runtime.version" value="1.8.0_151-b12" />
    <property name="sun.boot.class.path" value="/usr/lib/jvm/java-8-oracle/jre/lib/resources.jar:/usr/lib/jvm/java-8-oracle/jre/lib/rt.jar:/usr/lib/jvm/java-8-oracle/jre/lib/sunrsasign.jar:/usr/lib/jvm/java-8-oracle/jre/lib/jsse.jar:/usr/lib/jvm/java-8-oracle/jre/lib/jce.jar:/usr/lib/jvm/java-8-oracle/jre/lib/charsets.jar:/usr/lib/jvm/java-8-oracle/jre/lib/jfr.jar:/usr/lib/jvm/java-8-oracle/jre/classes" />
    <property name="env.ANSI_CLEAR" value="\033[0K" />
    <property name="env.HAS_JOSH_K_SEAL_OF_APPROVAL" value="true" />
    <property name="env.TRAVIS_OSX_IMAGE" value="" />
    <property name="env.XDG_RUNTIME_DIR" value="/run/user/2000" />
    <property name="env.TRAVIS_BRANCH" value="master" />
    <property name="env.TRAVIS_JOB_ID" value="447272719" />
    <property name="env.CERTI_HOME_TRAVIS" value="/home/travis/pthla/certi-tools" />
    <property name="user.country" value="US" />
    <property name="env.SHELL" value="/bin/bash" />
    <property name="model" value="" />
    <property name="java.maxmemory.large" value="5000m" />
    <property name="env.CASHER_DIR" value="/home/travis/.casher" />
    <property name="env.NVM_CD_FLAGS" value="" />
    <property name="jshint.executable" value="/home/travis/node_modules/jshint/bin/jshint" />
    <property name="env.JRUBY_OPTS" value=" --client -J-XX:+TieredCompilation -J-XX:TieredStopAtLevel=1 -J-Xss2m -Xcompile.invokedynamic=false" />
    <property name="java.vendor" value="Oracle Corporation" />
    <property name="env.TRAVIS_PRE_CHEF_BOOTSTRAP_TIME" value="2017-12-05T19:32:55" />
    <property name="env.ELIXIR_VERSION" value="1.4.5" />
    <property name="env.TRAVIS_STACK_JOB_BOARD_REGISTER" value="/.job-board-register.yml" />
    <property name="env.ANSI_RED" value="\033[31;1m" />
    <property name="java.specification.version" value="1.8" />
    <property name="env.TRAVIS" value="true" />
    <property name="env.IRBRC" value="/home/travis/.rvm/rubies/ruby-2.4.1/.irbrc" />
    <property name="sun.arch.data.model" value="64" />
  </properties>
  <testcase classname="ptolemy.util.test.junit.TclTests" name="[0] /home/travis/build/icyphy/ptII/ptolemy/actor/lib/test/AbsoluteValue.tcl (RunTclFile)" time="0.495" />
  <testcase classname="ptolemy.util.test.junit.TclTests" name="[1] /home/travis/build/icyphy/ptII/ptolemy/actor/lib/test/AddSubtract.tcl (RunTclFile)" time="0.09" />
  <testcase classname="ptolemy.util.test.junit.TclTests" name="[2] /home/travis/build/icyphy/ptII/ptolemy/actor/lib/test/Average.tcl (RunTclFile)" time="0.049" />
  <testcase classname="ptolemy.util.test.junit.TclTests" name="[3] /home/travis/build/icyphy/ptII/ptolemy/actor/lib/test/Bernoulli.tcl (RunTclFile)" time="0.023" />
  <testcase classname="ptolemy.util.test.junit.TclTests" name="[4] /home/travis/build/icyphy/ptII/ptolemy/actor/lib/test/Clock.tcl (RunTclFile)" time="0.083" />
  <testcase classname="ptolemy.util.test.junit.TclTests" name="[5] /home/travis/build/icyphy/ptII/ptolemy/actor/lib/test/Commutator.tcl (RunTclFile)" time="0.119" />
  <testcase classname="ptolemy.util.test.junit.TclTests" name="[6] /home/travis/build/icyphy/ptII/ptolemy/actor/lib/test/Const.tcl (RunTclFile)" time="0.144" />
  <testcase classname="ptolemy.util.test.junit.TclTests" name="[7] /home/travis/build/icyphy/ptII/ptolemy/actor/lib/test/CurrentTime.tcl (RunTclFile)" time="0.045" />
  <testcase classname="ptolemy.util.test.junit.TclTests" name="[8] /home/travis/build/icyphy/ptII/ptolemy/actor/lib/test/DB.tcl (RunTclFile)" time="0.045" />
  <testcase classname="ptolemy.util.test.junit.TclTests" name="[9] /home/travis/build/icyphy/ptII/ptolemy/actor/lib/test/DiscreteRandomSource.tcl (RunTclFile)" time="0.041" />
  <testcase classname="ptolemy.util.test.junit.TclTests" name="[10] /home/travis/build/icyphy/ptII/ptolemy/actor/lib/test/Distributor.tcl (RunTclFile)" time="0.076" />
  <testcase classname="ptolemy.util.test.junit.TclTests" name="[11] /home/travis/build/icyphy/ptII/ptolemy/actor/lib/test/Exit.tcl (RunTclFile)" time="0.057" />
  <testcase classname="ptolemy.util.test.junit.TclTests" name="[12] /home/travis/build/icyphy/ptII/ptolemy/actor/lib/test/Expression.tcl (RunTclFile)" time="0.108" />
  <testcase classname="ptolemy.util.test.junit.TclTests" name="[13] /home/travis/build/icyphy/ptII/ptolemy/actor/lib/test/Gaussian.tcl (RunTclFile)" time="0.899" />
  <testcase classname="ptolemy.util.test.junit.TclTests" name="[14] /home/travis/build/icyphy/ptII/ptolemy/actor/lib/test/IIR.tcl (RunTclFile)" time="0.053" />
  <testcase classname="ptolemy.util.test.junit.TclTests" name="[15] /home/travis/build/icyphy/ptII/ptolemy/actor/lib/test/Interpolator.tcl (RunTclFile)" time="0.111" />
  <testcase classname="ptolemy.util.test.junit.TclTests" name="[16] /home/travis/build/icyphy/ptII/ptolemy/actor/lib/test/MathFunction.tcl (RunTclFile)" time="0.074" />
  <testcase classname="ptolemy.util.test.junit.TclTests" name="[17] /home/travis/build/icyphy/ptII/ptolemy/actor/lib/test/Maximum.tcl (RunTclFile)" time="0.034" />
  <testcase classname="ptolemy.util.test.junit.TclTests" name="[18] /home/travis/build/icyphy/ptII/ptolemy/actor/lib/test/Minimum.tcl (RunTclFile)" time="0.034" />
  <testcase classname="ptolemy.util.test.junit.TclTests" name="[19] /home/travis/build/icyphy/ptII/ptolemy/actor/lib/test/MultiplyDivide.tcl (RunTclFile)" time="0.047" />
  <testcase classname="ptolemy.util.test.junit.TclTests" name="[20] /home/travis/build/icyphy/ptII/ptolemy/actor/lib/test/OrderedMerge.tcl (RunTclFile)" time="0.102" />
  <testcase classname="ptolemy.util.test.junit.TclTests" name="[21] /home/travis/build/icyphy/ptII/ptolemy/actor/lib/test/Publisher.tcl (RunTclFile)" time="0.826" />
  <testcase classname="ptolemy.util.test.junit.TclTests" name="[22] /home/travis/build/icyphy/ptII/ptolemy/actor/lib/test/Pulse.tcl (RunTclFile)" time="0.061" />
  <testcase classname="ptolemy.util.test.junit.TclTests" name="[23] /home/travis/build/icyphy/ptII/ptolemy/actor/lib/test/Ramp.tcl (RunTclFile)" time="2.179" />
  <testcase classname="ptolemy.util.test.junit.TclTests" name="[24] /home/travis/build/icyphy/ptII/ptolemy/actor/lib/test/RampContinuous.tcl (RunTclFile)" time="0.022" />
  <testcase classname="ptolemy.util.test.junit.TclTests" name="[25] /home/travis/build/icyphy/ptII/ptolemy/actor/lib/test/RecordAssembler.tcl (RunTclFile)" time="0.017" />
  <testcase classname="ptolemy.util.test.junit.TclTests" name="[26] /home/travis/build/icyphy/ptII/ptolemy/actor/lib/test/RecordDisassembler.tcl (RunTclFile)" time="0.03" />
  <testcase classname="ptolemy.util.test.junit.TclTests" name="[27] /home/travis/build/icyphy/ptII/ptolemy/actor/lib/test/Scale.tcl (RunTclFile)" time="0.032" />
  <testcase classname="ptolemy.util.test.junit.TclTests" name="[28] /home/travis/build/icyphy/ptII/ptolemy/actor/lib/test/SequentialClock.tcl (RunTclFile)" time="0.017" />
  <testcase classname="ptolemy.util.test.junit.TclTests" name="[29] /home/travis/build/icyphy/ptII/ptolemy/actor/lib/test/SetVariable.tcl (RunTclFile)" time="0.015" />
  <testcase classname="ptolemy.util.test.junit.TclTests" name="[30] /home/travis/build/icyphy/ptII/ptolemy/actor/lib/test/Sinewave.tcl (RunTclFile)" time="0.037" />
  <testcase classname="ptolemy.util.test.junit.TclTests" name="[31] /home/travis/build/icyphy/ptII/ptolemy/actor/lib/test/SubscriptionAggregator.tcl (RunTclFile)" time="2.396" />
  <testcase classname="ptolemy.util.test.junit.TclTests" name="[32] /home/travis/build/icyphy/ptII/ptolemy/actor/lib/test/Test.tcl (RunTclFile)" time="0.105" />
  <testcase classname="ptolemy.util.test.junit.TclTests" name="[33] /home/travis/build/icyphy/ptII/ptolemy/actor/lib/test/TestExceptionHandler.tcl (RunTclFile)" time="0.011" />
  <testcase classname="ptolemy.util.test.junit.TclTests" name="[34] /home/travis/build/icyphy/ptII/ptolemy/actor/lib/test/UnionDisassembler.tcl (RunTclFile)" time="0.071" />
  <testcase classname="ptolemy.util.test.junit.TclTests" name="[35] /home/travis/build/icyphy/ptII/ptolemy/actor/lib/test/VariableClock.tcl (RunTclFile)" time="0.031" />
  <testcase classname="ptolemy.util.test.junit.AutoKnownFailedTests" name="[0] /home/travis/build/icyphy/ptII/ptolemy/actor/lib/test/auto/knownFailedTests/PublisherPortToplevelSubscriber.xml (RunModel)" time="0.039" />
  <testcase classname="ptolemy.util.test.junit.AutoKnownFailedTests" name="[1] /home/travis/build/icyphy/ptII/ptolemy/actor/lib/test/auto/knownFailedTests/PublisherSubscriberPortToplevel.xml (RunModel)" time="0.07" />
  <testcase classname="ptolemy.util.test.junit.AutoKnownFailedTests" name="[2] /home/travis/build/icyphy/ptII/ptolemy/actor/lib/test/auto/knownFailedTests/PublisherSubscriptionAggregatorPort.xml (RunModel)" time="0.026" />
  <testcase classname="ptolemy.util.test.junit.AutoKnownFailedTests" name="[3] /home/travis/build/icyphy/ptII/ptolemy/actor/lib/test/auto/knownFailedTests/sizedarray3.xml (RunModel)" time="0.023" />
  <testcase classname="ptolemy.util.test.junit.AutoNameArchTests" name="[0] ThereAreNoAutoArchTests (RunModel)" time="0.003" />
  <testcase classname="ptolemy.util.test.junit.AutoTests" name="[0] /home/travis/build/icyphy/ptII/ptolemy/actor/lib/test/auto/AbsoluteValue.xml (RunModel)" time="0.085" />
  <testcase classname="ptolemy.util.test.junit.AutoTests" name="[1] /home/travis/build/icyphy/ptII/ptolemy/actor/lib/test/auto/AbsoluteValue2.xml (RunModel)" time="0.074" />
  <testcase classname="ptolemy.util.test.junit.AutoTests" name="[2] /home/travis/build/icyphy/ptII/ptolemy/actor/lib/test/auto/Accumulator.xml (RunModel)" time="0.06" />
  <testcase classname="ptolemy.util.test.junit.AutoTests" name="[3] /home/travis/build/icyphy/ptII/ptolemy/actor/lib/test/auto/Accumulator2.xml (RunModel)" time="0.02" />
  <testcase classname="ptolemy.util.test.junit.AutoTests" name="[4] /home/travis/build/icyphy/ptII/ptolemy/actor/lib/test/auto/Accumulator3.xml (RunModel)" time="0.024" />
  <testcase classname="ptolemy.util.test.junit.AutoTests" name="[5] /home/travis/build/icyphy/ptII/ptolemy/actor/lib/test/auto/ArrayAppend.xml (RunModel)" time="0.03" />
  <testcase classname="ptolemy.util.test.junit.AutoTests" name="[6] /home/travis/build/icyphy/ptII/ptolemy/actor/lib/test/auto/ArrayAppend2.xml (RunModel)" time="0.315" />
  <testcase classname="ptolemy.util.test.junit.AutoTests" name="[7] /home/travis/build/icyphy/ptII/ptolemy/actor/lib/test/auto/ArrayAppend3.xml (RunModel)" time="0.03" />
  <testcase classname="ptolemy.util.test.junit.AutoTests" name="[8] /home/travis/build/icyphy/ptII/ptolemy/actor/lib/test/auto/ArrayAppend4.xml (RunModel)" time="0.029" />
  <testcase classname="ptolemy.util.test.junit.AutoTests" name="[9] /home/travis/build/icyphy/ptII/ptolemy/actor/lib/test/auto/ArrayAppend5.xml (RunModel)" time="0.025" />
  <testcase classname="ptolemy.util.test.junit.AutoTests" name="[10] /home/travis/build/icyphy/ptII/ptolemy/actor/lib/test/auto/ArrayAppend6.xml (RunModel)" time="0.026" />
  <testcase classname="ptolemy.util.test.junit.AutoTests" name="[11] /home/travis/build/icyphy/ptII/ptolemy/actor/lib/test/auto/ArrayAppendPerformanceTest.xml (RunModel)" time="0.06" />
  <testcase classname="ptolemy.util.test.junit.AutoTests" name="[12] /home/travis/build/icyphy/ptII/ptolemy/actor/lib/test/auto/ArrayAppendWithEmptyInput.xml (RunModel)" time="0.061" />
  <testcase classname="ptolemy.util.test.junit.AutoTests" name="[13] /home/travis/build/icyphy/ptII/ptolemy/actor/lib/test/auto/ArrayAverage.xml (RunModel)" time="0.047" />
  <testcase classname="ptolemy.util.test.junit.AutoTests" name="[14] /home/travis/build/icyphy/ptII/ptolemy/actor/lib/test/auto/ArrayContains.xml (RunModel)" time="0.027" />
  <testcase classname="ptolemy.util.test.junit.AutoTests" name="[15] /home/travis/build/icyphy/ptII/ptolemy/actor/lib/test/auto/ArrayElement.xml (RunModel)" time="0.033" />
  <testcase classname="ptolemy.util.test.junit.AutoTests" name="[16] /home/travis/build/icyphy/ptII/ptolemy/actor/lib/test/auto/ArrayElementAsMatrix.xml (RunModel)" time="0.067" />
  <testcase classname="ptolemy.util.test.junit.AutoTests" name="[17] /home/travis/build/icyphy/ptII/ptolemy/actor/lib/test/auto/ArrayElementI.xml (RunModel)" time="0.025" />
  <testcase classname="ptolemy.util.test.junit.AutoTests" name="[18] /home/travis/build/icyphy/ptII/ptolemy/actor/lib/test/auto/ArrayExtract.xml (RunModel)" time="0.058" />
  <testcase classname="ptolemy.util.test.junit.AutoTests" name="[19] /home/travis/build/icyphy/ptII/ptolemy/actor/lib/test/auto/ArrayExtract2.xml (RunModel)" time="0.023" />
  <testcase classname="ptolemy.util.test.junit.AutoTests" name="[20] /home/travis/build/icyphy/ptII/ptolemy/actor/lib/test/auto/ArrayLength.xml (RunModel)" time="0.015" />
  <testcase classname="ptolemy.util.test.junit.AutoTests" name="[21] /home/travis/build/icyphy/ptII/ptolemy/actor/lib/test/auto/ArrayLevelCrossing.xml (RunModel)" time="0.04" />
  <testcase classname="ptolemy.util.test.junit.AutoTests" name="[22] /home/travis/build/icyphy/ptII/ptolemy/actor/lib/test/auto/ArrayLevelCrossing2.xml (RunModel)" time="0.06" />
  <testcase classname="ptolemy.util.test.junit.AutoTests" name="[23] /home/travis/build/icyphy/ptII/ptolemy/actor/lib/test/auto/ArrayPeakSearch.xml (RunModel)" time="0.05" />
  <testcase classname="ptolemy.util.test.junit.AutoTests" name="[24] /home/travis/build/icyphy/ptII/ptolemy/actor/lib/test/auto/ArrayPeakSearch2.xml (RunModel)" time="0.044" />
  <testcase classname="ptolemy.util.test.junit.AutoTests" name="[25] /home/travis/build/icyphy/ptII/ptolemy/actor/lib/test/auto/ArrayPeakSearch3.xml (RunModel)" time="0.04" />
  <testcase classname="ptolemy.util.test.junit.AutoTests" name="[26] /home/travis/build/icyphy/ptII/ptolemy/actor/lib/test/auto/ArrayRemoveElement.xml (RunModel)" time="0.029" />
  <testcase classname="ptolemy.util.test.junit.AutoTests" name="[27] /home/travis/build/icyphy/ptII/ptolemy/actor/lib/test/auto/ArraySort.xml (RunModel)" time="0.042" />
  <testcase classname="ptolemy.util.test.junit.AutoTests" name="[28] /home/travis/build/icyphy/ptII/ptolemy/actor/lib/test/auto/ArraySum.xml (RunModel)" time="0.023" />
  <testcase classname="ptolemy.util.test.junit.AutoTests" name="[29] /home/travis/build/icyphy/ptII/ptolemy/actor/lib/test/auto/ArrayToElements.xml (RunModel)" time="0.022" />
  <testcase classname="ptolemy.util.test.junit.AutoTests" name="[30] /home/travis/build/icyphy/ptII/ptolemy/actor/lib/test/auto/ArrayToMatrix.xml (RunModel)" time="0.057" />
  <testcase classname="ptolemy.util.test.junit.AutoTests" name="[31] /home/travis/build/icyphy/ptII/ptolemy/actor/lib/test/auto/ArrayUpdate1.xml (RunModel)" time="0.021" />
  <testcase classname="ptolemy.util.test.junit.AutoTests" name="[32] /home/travis/build/icyphy/ptII/ptolemy/actor/lib/test/auto/ArrayUpdate2.xml (RunModel)" time="0.024" />
  <testcase classname="ptolemy.util.test.junit.AutoTests" name="[33] /home/travis/build/icyphy/ptII/ptolemy/actor/lib/test/auto/ArrayUpdate3.xml (RunModel)" time="0.026" />
  <testcase classname="ptolemy.util.test.junit.AutoTests" name="[34] /home/travis/build/icyphy/ptII/ptolemy/actor/lib/test/auto/Assert1.xml (RunModel)" time="0.033" />
  <testcase classname="ptolemy.util.test.junit.AutoTests" name="[35] /home/travis/build/icyphy/ptII/ptolemy/actor/lib/test/auto/Assert2.xml (RunModel)" time="0.013" />
  <testcase classname="ptolemy.util.test.junit.AutoTests" name="[36] /home/travis/build/icyphy/ptII/ptolemy/actor/lib/test/auto/BooleanMultiplexor.xml (RunModel)" time="0.018" />
  <testcase classname="ptolemy.util.test.junit.AutoTests" name="[37] /home/travis/build/icyphy/ptII/ptolemy/actor/lib/test/auto/BooleanMultiplexor2.xml (RunModel)" time="0.028" />
  <testcase classname="ptolemy.util.test.junit.AutoTests" name="[38] /home/travis/build/icyphy/ptII/ptolemy/actor/lib/test/auto/BooleanMultiplexor3.xml (RunModel)" time="0.027" />
  <testcase classname="ptolemy.util.test.junit.AutoTests" name="[39] /home/travis/build/icyphy/ptII/ptolemy/actor/lib/test/auto/BooleanSelect.xml (RunModel)" time="0.029" />
  <testcase classname="ptolemy.util.test.junit.AutoTests" name="[40] /home/travis/build/icyphy/ptII/ptolemy/actor/lib/test/auto/BooleanSelect2.xml (RunModel)" time="0.015" />
  <testcase classname="ptolemy.util.test.junit.AutoTests" name="[41] /home/travis/build/icyphy/ptII/ptolemy/actor/lib/test/auto/BooleanSwitch.xml (RunModel)" time="0.02" />
  <testcase classname="ptolemy.util.test.junit.AutoTests" name="[42] /home/travis/build/icyphy/ptII/ptolemy/actor/lib/test/auto/BooleanSwitch2.xml (RunModel)" time="0.015" />
  <testcase classname="ptolemy.util.test.junit.AutoTests" name="[43] /home/travis/build/icyphy/ptII/ptolemy/actor/lib/test/auto/BooleanSwitchCloningBugWithClassRelationGroup.xml (RunModel)" time="0.034" />
  <testcase classname="ptolemy.util.test.junit.AutoTests" name="[44] /home/travis/build/icyphy/ptII/ptolemy/actor/lib/test/auto/BusActors.xml (RunModel)" time="0.038" />
  <testcase classname="ptolemy.util.test.junit.AutoTests" name="[45] /home/travis/build/icyphy/ptII/ptolemy/actor/lib/test/auto/ClassWrapper.xml (RunModel)" time="0.01" />
  <testcase classname="ptolemy.util.test.junit.AutoTests" name="[46] /home/travis/build/icyphy/ptII/ptolemy/actor/lib/test/auto/Clock.xml (RunModel)" time="0.01" />
  <testcase classname="ptolemy.util.test.junit.AutoTests" name="[47] /home/travis/build/icyphy/ptII/ptolemy/actor/lib/test/auto/Clock10.xml (RunModel)" time="0.021" />
  <testcase classname="ptolemy.util.test.junit.AutoTests" name="[48] /home/travis/build/icyphy/ptII/ptolemy/actor/lib/test/auto/Clock11.xml (RunModel)" time="0.02" />
  <testcase classname="ptolemy.util.test.junit.AutoTests" name="[49] /home/travis/build/icyphy/ptII/ptolemy/actor/lib/test/auto/Clock12.xml (RunModel)" time="0.019" />
  <testcase classname="ptolemy.util.test.junit.AutoTests" name="[50] /home/travis/build/icyphy/ptII/ptolemy/actor/lib/test/auto/Clock13.xml (RunModel)" time="0.021" />
  <testcase classname="ptolemy.util.test.junit.AutoTests" name="[51] /home/travis/build/icyphy/ptII/ptolemy/actor/lib/test/auto/Clock14.xml (RunModel)" time="0.017" />
  <testcase classname="ptolemy.util.test.junit.AutoTests" name="[52] /home/travis/build/icyphy/ptII/ptolemy/actor/lib/test/auto/Clock15.xml (RunModel)" time="0.016" />
  <testcase classname="ptolemy.util.test.junit.AutoTests" name="[53] /home/travis/build/icyphy/ptII/ptolemy/actor/lib/test/auto/Clock16.xml (RunModel)" time="0.092" />
  <testcase classname="ptolemy.util.test.junit.AutoTests" name="[54] /home/travis/build/icyphy/ptII/ptolemy/actor/lib/test/auto/Clock17.xml (RunModel)" time="0.07" />
  <testcase classname="ptolemy.util.test.junit.AutoTests" name="[55] /home/travis/build/icyphy/ptII/ptolemy/actor/lib/test/auto/Clock18.xml (RunModel)" time="0.045" />
  <testcase classname="ptolemy.util.test.junit.AutoTests" name="[56] /home/travis/build/icyphy/ptII/ptolemy/actor/lib/test/auto/Clock19.xml (RunModel)" time="0.041" />
  <testcase classname="ptolemy.util.test.junit.AutoTests" name="[57] /home/travis/build/icyphy/ptII/ptolemy/actor/lib/test/auto/Clock2.xml (RunModel)" time="0.016" />
  <testcase classname="ptolemy.util.test.junit.AutoTests" name="[58] /home/travis/build/icyphy/ptII/ptolemy/actor/lib/test/auto/Clock20.xml (RunModel)" time="0.025" />
  <testcase classname="ptolemy.util.test.junit.AutoTests" name="[59] /home/travis/build/icyphy/ptII/ptolemy/actor/lib/test/auto/Clock21.xml (RunModel)" time="0.02" />
  <testcase classname="ptolemy.util.test.junit.AutoTests" name="[60] /home/travis/build/icyphy/ptII/ptolemy/actor/lib/test/auto/Clock22.xml (RunModel)" time="0.017" />
  <testcase classname="ptolemy.util.test.junit.AutoTests" name="[61] /home/travis/build/icyphy/ptII/ptolemy/actor/lib/test/auto/Clock23.xml (RunModel)" time="0.021" />
  <testcase classname="ptolemy.util.test.junit.AutoTests" name="[62] /home/travis/build/icyphy/ptII/ptolemy/actor/lib/test/auto/Clock24.xml (RunModel)" time="0.019" />
  <testcase classname="ptolemy.util.test.junit.AutoTests" name="[63] /home/travis/build/icyphy/ptII/ptolemy/actor/lib/test/auto/Clock4.xml (RunModel)" time="0.015" />
  <testcase classname="ptolemy.util.test.junit.AutoTests" name="[64] /home/travis/build/icyphy/ptII/ptolemy/actor/lib/test/auto/Clock5.xml (RunModel)" time="0.013" />
  <testcase classname="ptolemy.util.test.junit.AutoTests" name="[65] /home/travis/build/icyphy/ptII/ptolemy/actor/lib/test/auto/Clock6.xml (RunModel)" time="0.011" />
  <testcase classname="ptolemy.util.test.junit.AutoTests" name="[66] /home/travis/build/icyphy/ptII/ptolemy/actor/lib/test/auto/Clock7.xml (RunModel)" time="0.012" />
  <testcase classname="ptolemy.util.test.junit.AutoTests" name="[67] /home/travis/build/icyphy/ptII/ptolemy/actor/lib/test/auto/Clock8.xml (RunModel)" time="0.017" />
  <testcase classname="ptolemy.util.test.junit.AutoTests" name="[68] /home/travis/build/icyphy/ptII/ptolemy/actor/lib/test/auto/Clock9.xml (RunModel)" time="0.018" />
  <testcase classname="ptolemy.util.test.junit.AutoTests" name="[69] /home/travis/build/icyphy/ptII/ptolemy/actor/lib/test/auto/CommDistDiscard.xml (RunModel)" time="0.022" />
  <testcase classname="ptolemy.util.test.junit.AutoTests" name="[70] /home/travis/build/icyphy/ptII/ptolemy/actor/lib/test/auto/Commutator.xml (RunModel)" time="0.013" />
  <testcase classname="ptolemy.util.test.junit.AutoTests" name="[71] /home/travis/build/icyphy/ptII/ptolemy/actor/lib/test/auto/Commutator2.xml (RunModel)" time="0.012" />
  <testcase classname="ptolemy.util.test.junit.AutoTests" name="[72] /home/travis/build/icyphy/ptII/ptolemy/actor/lib/test/auto/Commutator3.xml (RunModel)" time="0.012" />
  <testcase classname="ptolemy.util.test.junit.AutoTests" name="[73] /home/travis/build/icyphy/ptII/ptolemy/actor/lib/test/auto/Compare.xml (RunModel)" time="0.02" />
  <testcase classname="ptolemy.util.test.junit.AutoTests" name="[74] /home/travis/build/icyphy/ptII/ptolemy/actor/lib/test/auto/CompareDE.xml (RunModel)" time="0.018" />
  <testcase classname="ptolemy.util.test.junit.AutoTests" name="[75] /home/travis/build/icyphy/ptII/ptolemy/actor/lib/test/auto/ComplexDivide.xml (RunModel)" time="0.009" />
  <testcase classname="ptolemy.util.test.junit.AutoTests" name="[76] /home/travis/build/icyphy/ptII/ptolemy/actor/lib/test/auto/ComputeHistogram.xml (RunModel)" time="0.059" />
  <testcase classname="ptolemy.util.test.junit.AutoTests" name="[77] /home/travis/build/icyphy/ptII/ptolemy/actor/lib/test/auto/ConfigurationSelect.xml (RunModel)" time="0.015" />
  <testcase classname="ptolemy.util.test.junit.AutoTests" name="[78] /home/travis/build/icyphy/ptII/ptolemy/actor/lib/test/auto/ConfigurationSelect2.xml (RunModel)" time="0.011" />
  <testcase classname="ptolemy.util.test.junit.AutoTests" name="[79] /home/travis/build/icyphy/ptII/ptolemy/actor/lib/test/auto/ConfigurationSwitch.xml (RunModel)" time="0.013" />
  <testcase classname="ptolemy.util.test.junit.AutoTests" name="[80] /home/travis/build/icyphy/ptII/ptolemy/actor/lib/test/auto/ConfigurationSwitch2.xml (RunModel)" time="0.013" />
  <testcase classname="ptolemy.util.test.junit.AutoTests" name="[81] /home/travis/build/icyphy/ptII/ptolemy/actor/lib/test/auto/ConfigurationSwitchCloningBugWithClassRelationGroup.xml (RunModel)" time="0.016" />
  <testcase classname="ptolemy.util.test.junit.AutoTests" name="[82] /home/travis/build/icyphy/ptII/ptolemy/actor/lib/test/auto/ConfigurationSwitchSelectSDF.xml (RunModel)" time="0.012" />
  <testcase classname="ptolemy.util.test.junit.AutoTests" name="[83] /home/travis/build/icyphy/ptII/ptolemy/actor/lib/test/auto/ConfigurationSwitchSelectSDF2.xml (RunModel)" time="0.012" />
  <testcase classname="ptolemy.util.test.junit.AutoTests" name="[84] /home/travis/build/icyphy/ptII/ptolemy/actor/lib/test/auto/Const.xml (RunModel)" time="0.006" />
  <testcase classname="ptolemy.util.test.junit.AutoTests" name="[85] /home/travis/build/icyphy/ptII/ptolemy/actor/lib/test/auto/Const2.xml (RunModel)" time="0.009" />
  <testcase classname="ptolemy.util.test.junit.AutoTests" name="[86] /home/travis/build/icyphy/ptII/ptolemy/actor/lib/test/auto/Const3.xml (RunModel)" time="0.006" />
  <testcase classname="ptolemy.util.test.junit.AutoTests" name="[87] /home/travis/build/icyphy/ptII/ptolemy/actor/lib/test/auto/ConstantPublisherPort1.xml (RunModel)" time="0.02" />
  <testcase classname="ptolemy.util.test.junit.AutoTests" name="[88] /home/travis/build/icyphy/ptII/ptolemy/actor/lib/test/auto/ConstantPublisherPort2.xml (RunModel)" time="0.018" />
  <testcase classname="ptolemy.util.test.junit.AutoTests" name="[89] /home/travis/build/icyphy/ptII/ptolemy/actor/lib/test/auto/ConstantPublisherPort3.xml (RunModel)" time="0.019" />
  <testcase classname="ptolemy.util.test.junit.AutoTests" name="[90] /home/travis/build/icyphy/ptII/ptolemy/actor/lib/test/auto/ConstantPublisherPort4.xml (RunModel)" time="0.017" />
  <testcase classname="ptolemy.util.test.junit.AutoTests" name="[91] /home/travis/build/icyphy/ptII/ptolemy/actor/lib/test/auto/ConstantPublisherPort5.xml (RunModel)" time="0.035" />
  <testcase classname="ptolemy.util.test.junit.AutoTests" name="[92] /home/travis/build/icyphy/ptII/ptolemy/actor/lib/test/auto/ConstantPublisherPort6.xml (RunModel)" time="0.035" />
  <testcase classname="ptolemy.util.test.junit.AutoTests" name="[93] /home/travis/build/icyphy/ptII/ptolemy/actor/lib/test/auto/ConstantPublisherPort7.xml (RunModel)" time="0.032" />
  <testcase classname="ptolemy.util.test.junit.AutoTests" name="[94] /home/travis/build/icyphy/ptII/ptolemy/actor/lib/test/auto/ConstraintMonitor1.xml (RunModel)" time="0.042" />
  <testcase classname="ptolemy.util.test.junit.AutoTests" name="[95] /home/travis/build/icyphy/ptII/ptolemy/actor/lib/test/auto/ConstraintMonitor2.xml (RunModel)" time="0.013" />
  <testcase classname="ptolemy.util.test.junit.AutoTests" name="[96] /home/travis/build/icyphy/ptII/ptolemy/actor/lib/test/auto/ConstraintMonitor3.xml (RunModel)" time="0.016" />
  <testcase classname="ptolemy.util.test.junit.AutoTests" name="[97] /home/travis/build/icyphy/ptII/ptolemy/actor/lib/test/auto/ConstraintMonitor4.xml (RunModel)" time="0.015" />
  <testcase classname="ptolemy.util.test.junit.AutoTests" name="[98] /home/travis/build/icyphy/ptII/ptolemy/actor/lib/test/auto/ConstraintMonitor5.xml (RunModel)" time="0.019" />
  <testcase classname="ptolemy.util.test.junit.AutoTests" name="[99] /home/travis/build/icyphy/ptII/ptolemy/actor/lib/test/auto/ConstraintMonitor6.xml (RunModel)" time="0.013" />
  <testcase classname="ptolemy.util.test.junit.AutoTests" name="[100] /home/travis/build/icyphy/ptII/ptolemy/actor/lib/test/auto/ConstraintMonitor7.xml (RunModel)" time="0.015" />
  <testcase classname="ptolemy.util.test.junit.AutoTests" name="[101] /home/travis/build/icyphy/ptII/ptolemy/actor/lib/test/auto/ConstraintMonitor8.xml (RunModel)" time="0.02" />
  <testcase classname="ptolemy.util.test.junit.AutoTests" name="[102] /home/travis/build/icyphy/ptII/ptolemy/actor/lib/test/auto/Counter.xml (RunModel)" time="0.011" />
  <testcase classname="ptolemy.util.test.junit.AutoTests" name="[103] /home/travis/build/icyphy/ptII/ptolemy/actor/lib/test/auto/CurrentTimeSDF.xml (RunModel)" time="0.009" />
  <testcase classname="ptolemy.util.test.junit.AutoTests" name="[104] /home/travis/build/icyphy/ptII/ptolemy/actor/lib/test/auto/DB.xml (RunModel)" time="0.012" />
  <testcase classname="ptolemy.util.test.junit.AutoTests" name="[105] /home/travis/build/icyphy/ptII/ptolemy/actor/lib/test/auto/DBDE.xml (RunModel)" time="0.014" />
  <testcase classname="ptolemy.util.test.junit.AutoTests" name="[106] /home/travis/build/icyphy/ptII/ptolemy/actor/lib/test/auto/DateConstructor.xml (RunModel)" time="0.047" />
  <testcase classname="ptolemy.util.test.junit.AutoTests" name="[107] /home/travis/build/icyphy/ptII/ptolemy/actor/lib/test/auto/DelayTime.xml (RunModel)" time="0.013" />
  <testcase classname="ptolemy.util.test.junit.AutoTests" name="[108] /home/travis/build/icyphy/ptII/ptolemy/actor/lib/test/auto/Dictionary1.xml (RunModel)" time="0.017" />
  <testcase classname="ptolemy.util.test.junit.AutoTests" name="[109] /home/travis/build/icyphy/ptII/ptolemy/actor/lib/test/auto/Dictionary2.xml (RunModel)" time="0.02" />
  <testcase classname="ptolemy.util.test.junit.AutoTests" name="[110] /home/travis/build/icyphy/ptII/ptolemy/actor/lib/test/auto/Dictionary3.xml (RunModel)" time="0.012" />
  <testcase classname="ptolemy.util.test.junit.AutoTests" name="[111] /home/travis/build/icyphy/ptII/ptolemy/actor/lib/test/auto/Dictionary4.xml (RunModel)" time="0.018" />
  <testcase classname="ptolemy.util.test.junit.AutoTests" name="[112] /home/travis/build/icyphy/ptII/ptolemy/actor/lib/test/auto/Differential.xml (RunModel)" time="0.013" />
  <testcase classname="ptolemy.util.test.junit.AutoTests" name="[113] /home/travis/build/icyphy/ptII/ptolemy/actor/lib/test/auto/Director.xml (RunModel)" time="0.011" />
  <testcase classname="ptolemy.util.test.junit.AutoTests" name="[114] /home/travis/build/icyphy/ptII/ptolemy/actor/lib/test/auto/DiscreteClock.xml (RunModel)" time="0.008" />
  <testcase classname="ptolemy.util.test.junit.AutoTests" name="[115] /home/travis/build/icyphy/ptII/ptolemy/actor/lib/test/auto/DiscreteClock10.xml (RunModel)" time="0.015" />
  <testcase classname="ptolemy.util.test.junit.AutoTests" name="[116] /home/travis/build/icyphy/ptII/ptolemy/actor/lib/test/auto/DiscreteClock11.xml (RunModel)" time="0.016" />
  <testcase classname="ptolemy.util.test.junit.AutoTests" name="[117] /home/travis/build/icyphy/ptII/ptolemy/actor/lib/test/auto/DiscreteClock12.xml (RunModel)" time="0.016" />
  <testcase classname="ptolemy.util.test.junit.AutoTests" name="[118] /home/travis/build/icyphy/ptII/ptolemy/actor/lib/test/auto/DiscreteClock13.xml (RunModel)" time="0.017" />
  <testcase classname="ptolemy.util.test.junit.AutoTests" name="[119] /home/travis/build/icyphy/ptII/ptolemy/actor/lib/test/auto/DiscreteClock14.xml (RunModel)" time="0.016" />
  <testcase classname="ptolemy.util.test.junit.AutoTests" name="[120] /home/travis/build/icyphy/ptII/ptolemy/actor/lib/test/auto/DiscreteClock15.xml (RunModel)" time="0.019" />
  <testcase classname="ptolemy.util.test.junit.AutoTests" name="[121] /home/travis/build/icyphy/ptII/ptolemy/actor/lib/test/auto/DiscreteClock16.xml (RunModel)" time="0.043" />
  <testcase classname="ptolemy.util.test.junit.AutoTests" name="[122] /home/travis/build/icyphy/ptII/ptolemy/actor/lib/test/auto/DiscreteClock17.xml (RunModel)" time="0.037" />
  <testcase classname="ptolemy.util.test.junit.AutoTests" name="[123] /home/travis/build/icyphy/ptII/ptolemy/actor/lib/test/auto/DiscreteClock18.xml (RunModel)" time="0.036" />
  <testcase classname="ptolemy.util.test.junit.AutoTests" name="[124] /home/travis/build/icyphy/ptII/ptolemy/actor/lib/test/auto/DiscreteClock19.xml (RunModel)" time="0.05" />
  <testcase classname="ptolemy.util.test.junit.AutoTests" name="[125] /home/travis/build/icyphy/ptII/ptolemy/actor/lib/test/auto/DiscreteClock2.xml (RunModel)" time="0.008" />
  <testcase classname="ptolemy.util.test.junit.AutoTests" name="[126] /home/travis/build/icyphy/ptII/ptolemy/actor/lib/test/auto/DiscreteClock20.xml (RunModel)" time="0.02" />
  <testcase classname="ptolemy.util.test.junit.AutoTests" name="[127] /home/travis/build/icyphy/ptII/ptolemy/actor/lib/test/auto/DiscreteClock21.xml (RunModel)" time="0.519" />
  <testcase classname="ptolemy.util.test.junit.AutoTests" name="[128] /home/travis/build/icyphy/ptII/ptolemy/actor/lib/test/auto/DiscreteClock22.xml (RunModel)" time="0.018" />
  <testcase classname="ptolemy.util.test.junit.AutoTests" name="[129] /home/travis/build/icyphy/ptII/ptolemy/actor/lib/test/auto/DiscreteClock23.xml (RunModel)" time="0.016" />
  <testcase classname="ptolemy.util.test.junit.AutoTests" name="[130] /home/travis/build/icyphy/ptII/ptolemy/actor/lib/test/auto/DiscreteClock24.xml (RunModel)" time="0.015" />
  <testcase classname="ptolemy.util.test.junit.AutoTests" name="[131] /home/travis/build/icyphy/ptII/ptolemy/actor/lib/test/auto/DiscreteClock4.xml (RunModel)" time="0.01" />
  <testcase classname="ptolemy.util.test.junit.AutoTests" name="[132] /home/travis/build/icyphy/ptII/ptolemy/actor/lib/test/auto/DiscreteClock5.xml (RunModel)" time="0.01" />
  <testcase classname="ptolemy.util.test.junit.AutoTests" name="[133] /home/travis/build/icyphy/ptII/ptolemy/actor/lib/test/auto/DiscreteClock6.xml (RunModel)" time="0.007" />
  <testcase classname="ptolemy.util.test.junit.AutoTests" name="[134] /home/travis/build/icyphy/ptII/ptolemy/actor/lib/test/auto/DiscreteClock7.xml (RunModel)" time="0.009" />
  <testcase classname="ptolemy.util.test.junit.AutoTests" name="[135] /home/travis/build/icyphy/ptII/ptolemy/actor/lib/test/auto/DiscreteClock8.xml (RunModel)" time="0.013" />
  <testcase classname="ptolemy.util.test.junit.AutoTests" name="[136] /home/travis/build/icyphy/ptII/ptolemy/actor/lib/test/auto/DiscreteClock9.xml (RunModel)" time="0.016" />
  <testcase classname="ptolemy.util.test.junit.AutoTests" name="[137] /home/travis/build/icyphy/ptII/ptolemy/actor/lib/test/auto/DisplayArray.xml (RunModel)" time="0.009" />
  <testcase classname="ptolemy.util.test.junit.AutoTests" name="[138] /home/travis/build/icyphy/ptII/ptolemy/actor/lib/test/auto/Distributor.xml (RunModel)" time="0.009" />
  <testcase classname="ptolemy.util.test.junit.AutoTests" name="[139] /home/travis/build/icyphy/ptII/ptolemy/actor/lib/test/auto/Distributor2.xml (RunModel)" time="0.009" />
  <testcase classname="ptolemy.util.test.junit.AutoTests" name="[140] /home/travis/build/icyphy/ptII/ptolemy/actor/lib/test/auto/DownSample.xml (RunModel)" time="0.009" />
  <testcase classname="ptolemy.util.test.junit.AutoTests" name="[141] /home/travis/build/icyphy/ptII/ptolemy/actor/lib/test/auto/ElectronicUnitBase1.xml (RunModel)" time="0.067" />
  <testcase classname="ptolemy.util.test.junit.AutoTests" name="[142] /home/travis/build/icyphy/ptII/ptolemy/actor/lib/test/auto/ElementsToArray.xml (RunModel)" time="0.011" />
  <testcase classname="ptolemy.util.test.junit.AutoTests" name="[143] /home/travis/build/icyphy/ptII/ptolemy/actor/lib/test/auto/Equals.xml (RunModel)" time="0.01" />
  <testcase classname="ptolemy.util.test.junit.AutoTests" name="[144] /home/travis/build/icyphy/ptII/ptolemy/actor/lib/test/auto/Exec.xml (RunModel)" time="0.019" />
  <testcase classname="ptolemy.util.test.junit.AutoTests" name="[145] /home/travis/build/icyphy/ptII/ptolemy/actor/lib/test/auto/ExecEnvironment.xml (RunModel)" time="0.032" />
  <testcase classname="ptolemy.util.test.junit.AutoTests" name="[146] /home/travis/build/icyphy/ptII/ptolemy/actor/lib/test/auto/ExecNonZeroReturnOutput.xml (RunModel)" time="0.156" />
  <testcase classname="ptolemy.util.test.junit.AutoTests" name="[147] /home/travis/build/icyphy/ptII/ptolemy/actor/lib/test/auto/ExecRunDemos.xml (RunModel)" time="9.673" />
  <testcase classname="ptolemy.util.test.junit.AutoTests" name="[148] /home/travis/build/icyphy/ptII/ptolemy/actor/lib/test/auto/ExecStop.xml (RunModel)" time="5.033" />
  <testcase classname="ptolemy.util.test.junit.AutoTests" name="[149] /home/travis/build/icyphy/ptII/ptolemy/actor/lib/test/auto/ExecutionTimeSDF.xml (RunModel)" time="6.04" />
  <testcase classname="ptolemy.util.test.junit.AutoTests" name="[150] /home/travis/build/icyphy/ptII/ptolemy/actor/lib/test/auto/Expression1.xml (RunModel)" time="0.009" />
  <testcase classname="ptolemy.util.test.junit.AutoTests" name="[151] /home/travis/build/icyphy/ptII/ptolemy/actor/lib/test/auto/Expression10.xml (RunModel)" time="0.015" />
  <testcase classname="ptolemy.util.test.junit.AutoTests" name="[152] /home/travis/build/icyphy/ptII/ptolemy/actor/lib/test/auto/Expression11.xml (RunModel)" time="0.012" />
  <testcase classname="ptolemy.util.test.junit.AutoTests" name="[153] /home/travis/build/icyphy/ptII/ptolemy/actor/lib/test/auto/Expression12.xml (RunModel)" time="0.013" />
  <testcase classname="ptolemy.util.test.junit.AutoTests" name="[154] /home/travis/build/icyphy/ptII/ptolemy/actor/lib/test/auto/Expression13.xml (RunModel)" time="0.014" />
  <testcase classname="ptolemy.util.test.junit.AutoTests" name="[155] /home/travis/build/icyphy/ptII/ptolemy/actor/lib/test/auto/Expression14.xml (RunModel)" time="0.017" />
  <testcase classname="ptolemy.util.test.junit.AutoTests" name="[156] /home/travis/build/icyphy/ptII/ptolemy/actor/lib/test/auto/Expression15.xml (RunModel)" time="0.009" />
  <testcase classname="ptolemy.util.test.junit.AutoTests" name="[157] /home/travis/build/icyphy/ptII/ptolemy/actor/lib/test/auto/Expression16.xml (RunModel)" time="0.013" />
  <testcase classname="ptolemy.util.test.junit.AutoTests" name="[158] /home/travis/build/icyphy/ptII/ptolemy/actor/lib/test/auto/Expression17.xml (RunModel)" time="0.012" />
  <testcase classname="ptolemy.util.test.junit.AutoTests" name="[159] /home/travis/build/icyphy/ptII/ptolemy/actor/lib/test/auto/Expression18.xml (RunModel)" time="0.014" />
  <testcase classname="ptolemy.util.test.junit.AutoTests" name="[160] /home/travis/build/icyphy/ptII/ptolemy/actor/lib/test/auto/Expression2.xml (RunModel)" time="0.013" />
  <testcase classname="ptolemy.util.test.junit.AutoTests" name="[161] /home/travis/build/icyphy/ptII/ptolemy/actor/lib/test/auto/Expression3.xml (RunModel)" time="0.012" />
  <testcase classname="ptolemy.util.test.junit.AutoTests" name="[162] /home/travis/build/icyphy/ptII/ptolemy/actor/lib/test/auto/Expression4.xml (RunModel)" time="0.022" />
  <testcase classname="ptolemy.util.test.junit.AutoTests" name="[163] /home/travis/build/icyphy/ptII/ptolemy/actor/lib/test/auto/Expression5.xml (RunModel)" time="0.013" />
  <testcase classname="ptolemy.util.test.junit.AutoTests" name="[164] /home/travis/build/icyphy/ptII/ptolemy/actor/lib/test/auto/Expression6.xml (RunModel)" time="0.012" />
  <testcase classname="ptolemy.util.test.junit.AutoTests" name="[165] /home/travis/build/icyphy/ptII/ptolemy/actor/lib/test/auto/Expression7.xml (RunModel)" time="0.013" />
  <testcase classname="ptolemy.util.test.junit.AutoTests" name="[166] /home/travis/build/icyphy/ptII/ptolemy/actor/lib/test/auto/Expression8.xml (RunModel)" time="0.013" />
  <testcase classname="ptolemy.util.test.junit.AutoTests" name="[167] /home/travis/build/icyphy/ptII/ptolemy/actor/lib/test/auto/Expression9.xml (RunModel)" time="0.012" />
  <testcase classname="ptolemy.util.test.junit.AutoTests" name="[168] /home/travis/build/icyphy/ptII/ptolemy/actor/lib/test/auto/ExpressionConcatenateArrayType.xml (RunModel)" time="0.03" />
  <testcase classname="ptolemy.util.test.junit.AutoTests" name="[169] /home/travis/build/icyphy/ptII/ptolemy/actor/lib/test/auto/ExpressionConcatenateArrayType2.xml (RunModel)" time="0.039" />
  <testcase classname="ptolemy.util.test.junit.AutoTests" name="[170] /home/travis/build/icyphy/ptII/ptolemy/actor/lib/test/auto/ExpressionFix.xml (RunModel)" time="0.043" />
  <testcase classname="ptolemy.util.test.junit.AutoTests" name="[171] /home/travis/build/icyphy/ptII/ptolemy/actor/lib/test/auto/ExpressionFix2.xml (RunModel)" time="0.017" />
  <testcase classname="ptolemy.util.test.junit.AutoTests" name="[172] /home/travis/build/icyphy/ptII/ptolemy/actor/lib/test/auto/ExpressionFix3.xml (RunModel)" time="0.015" />
  <testcase classname="ptolemy.util.test.junit.AutoTests" name="[173] /home/travis/build/icyphy/ptII/ptolemy/actor/lib/test/auto/FileWriter1.xml (RunModel)" time="0.012" />
  <testcase classname="ptolemy.util.test.junit.AutoTests" name="[174] /home/travis/build/icyphy/ptII/ptolemy/actor/lib/test/auto/FileWriter2.xml (RunModel)" time="0.009" />
  <testcase classname="ptolemy.util.test.junit.AutoTests" name="[175] /home/travis/build/icyphy/ptII/ptolemy/actor/lib/test/auto/FileWriter3.xml (RunModel)" time="0.014" />
  <testcase classname="ptolemy.util.test.junit.AutoTests" name="[176] /home/travis/build/icyphy/ptII/ptolemy/actor/lib/test/auto/Gaussian.xml (RunModel)" time="0.011" />
  <testcase classname="ptolemy.util.test.junit.AutoTests" name="[177] /home/travis/build/icyphy/ptII/ptolemy/actor/lib/test/auto/Gaussian1.xml (RunModel)" time="0.012" />
  <testcase classname="ptolemy.util.test.junit.AutoTests" name="[178] /home/travis/build/icyphy/ptII/ptolemy/actor/lib/test/auto/Gaussian2.xml (RunModel)" time="0.015" />
  <testcase classname="ptolemy.util.test.junit.AutoTests" name="[179] /home/travis/build/icyphy/ptII/ptolemy/actor/lib/test/auto/GradientAdaptiveLattice.xml (RunModel)" time="0.022" />
  <testcase classname="ptolemy.util.test.junit.AutoTests" name="[180] /home/travis/build/icyphy/ptII/ptolemy/actor/lib/test/auto/IIR.xml (RunModel)" time="0.016" />
  <testcase classname="ptolemy.util.test.junit.AutoTests" name="[181] /home/travis/build/icyphy/ptII/ptolemy/actor/lib/test/auto/InputOutputTransparentPorts.xml (RunModel)" time="0.021" />
  <testcase classname="ptolemy.util.test.junit.AutoTests" name="[182] /home/travis/build/icyphy/ptII/ptolemy/actor/lib/test/auto/Interpolator.xml (RunModel)" time="0.013" />
  <testcase classname="ptolemy.util.test.junit.AutoTests" name="[183] /home/travis/build/icyphy/ptII/ptolemy/actor/lib/test/auto/InterpolatorFiringLimitDE.xml (RunModel)" time="0.013" />
  <testcase classname="ptolemy.util.test.junit.AutoTests" name="[184] /home/travis/build/icyphy/ptII/ptolemy/actor/lib/test/auto/Lattice.xml (RunModel)" time="0.009" />
  <testcase classname="ptolemy.util.test.junit.AutoTests" name="[185] /home/travis/build/icyphy/ptII/ptolemy/actor/lib/test/auto/LazyAOCTestLazy.xml (RunModel)" time="0.032" />
  <testcase classname="ptolemy.util.test.junit.AutoTests" name="[186] /home/travis/build/icyphy/ptII/ptolemy/actor/lib/test/auto/LazyAOCTestNonLazy.xml (RunModel)" time="0.044" />
  <testcase classname="ptolemy.util.test.junit.AutoTests" name="[187] /home/travis/build/icyphy/ptII/ptolemy/actor/lib/test/auto/LazyInnerClass.xml (RunModel)" time="0.061" />
  <testcase classname="ptolemy.util.test.junit.AutoTests" name="[188] /home/travis/build/icyphy/ptII/ptolemy/actor/lib/test/auto/LazyPubSub.xml (RunModel)" time="0.065" />
  <testcase classname="ptolemy.util.test.junit.AutoTests" name="[189] /home/travis/build/icyphy/ptII/ptolemy/actor/lib/test/auto/LazyPubSub2.xml (RunModel)" time="0.059" />
  <testcase classname="ptolemy.util.test.junit.AutoTests" name="[190] /home/travis/build/icyphy/ptII/ptolemy/actor/lib/test/auto/LazyPubSub3.xml (RunModel)" time="0.034" />
  <testcase classname="ptolemy.util.test.junit.AutoTests" name="[191] /home/travis/build/icyphy/ptII/ptolemy/actor/lib/test/auto/LazySubClassModel.xml (RunModel)" time="0.035" />
  <testcase classname="ptolemy.util.test.junit.AutoTests" name="[192] /home/travis/build/icyphy/ptII/ptolemy/actor/lib/test/auto/LevelCrossTest1.xml (RunModel)" time="0.012" />
  <testcase classname="ptolemy.util.test.junit.AutoTests" name="[193] /home/travis/build/icyphy/ptII/ptolemy/actor/lib/test/auto/LevelCrossTest10.xml (RunModel)" time="0.02" />
  <testcase classname="ptolemy.util.test.junit.AutoTests" name="[194] /home/travis/build/icyphy/ptII/ptolemy/actor/lib/test/auto/LevelCrossTest11.xml (RunModel)" time="0.012" />
  <testcase classname="ptolemy.util.test.junit.AutoTests" name="[195] /home/travis/build/icyphy/ptII/ptolemy/actor/lib/test/auto/LevelCrossTest12.xml (RunModel)" time="0.017" />
  <testcase classname="ptolemy.util.test.junit.AutoTests" name="[196] /home/travis/build/icyphy/ptII/ptolemy/actor/lib/test/auto/LevelCrossTest13.xml (RunModel)" time="0.013" />
  <testcase classname="ptolemy.util.test.junit.AutoTests" name="[197] /home/travis/build/icyphy/ptII/ptolemy/actor/lib/test/auto/LevelCrossTest2.xml (RunModel)" time="0.01" />
  <testcase classname="ptolemy.util.test.junit.AutoTests" name="[198] /home/travis/build/icyphy/ptII/ptolemy/actor/lib/test/auto/LevelCrossTest3.xml (RunModel)" time="0.016" />
  <testcase classname="ptolemy.util.test.junit.AutoTests" name="[199] /home/travis/build/icyphy/ptII/ptolemy/actor/lib/test/auto/LevelCrossTest4.xml (RunModel)" time="0.011" />
  <testcase classname="ptolemy.util.test.junit.AutoTests" name="[200] /home/travis/build/icyphy/ptII/ptolemy/actor/lib/test/auto/LevelCrossTest5.xml (RunModel)" time="0.017" />
  <testcase classname="ptolemy.util.test.junit.AutoTests" name="[201] /home/travis/build/icyphy/ptII/ptolemy/actor/lib/test/auto/LevelCrossTest6.xml (RunModel)" time="0.014" />
  <testcase classname="ptolemy.util.test.junit.AutoTests" name="[202] /home/travis/build/icyphy/ptII/ptolemy/actor/lib/test/auto/LevelCrossTest7.xml (RunModel)" time="0.021" />
  <testcase classname="ptolemy.util.test.junit.AutoTests" name="[203] /home/travis/build/icyphy/ptII/ptolemy/actor/lib/test/auto/LevelCrossTest8.xml (RunModel)" time="0.014" />
  <testcase classname="ptolemy.util.test.junit.AutoTests" name="[204] /home/travis/build/icyphy/ptII/ptolemy/actor/lib/test/auto/LevelCrossTest9.xml (RunModel)" time="0.013" />
  <testcase classname="ptolemy.util.test.junit.AutoTests" name="[205] /home/travis/build/icyphy/ptII/ptolemy/actor/lib/test/auto/LevinsonDurbin.xml (RunModel)" time="0.009" />
  <testcase classname="ptolemy.util.test.junit.AutoTests" name="[206] /home/travis/build/icyphy/ptII/ptolemy/actor/lib/test/auto/LevinsonDurbin2.xml (RunModel)" time="0.007" />
  <testcase classname="ptolemy.util.test.junit.AutoTests" name="[207] /home/travis/build/icyphy/ptII/ptolemy/actor/lib/test/auto/LevinsonDurbin3.xml (RunModel)" time="0.012" />
  <testcase classname="ptolemy.util.test.junit.AutoTests" name="[208] /home/travis/build/icyphy/ptII/ptolemy/actor/lib/test/auto/Limiter.xml (RunModel)" time="0.039" />
  <testcase classname="ptolemy.util.test.junit.AutoTests" name="[209] /home/travis/build/icyphy/ptII/ptolemy/actor/lib/test/auto/LinearDifferenceEquationSystem.xml (RunModel)" time="0.024" />
  <testcase classname="ptolemy.util.test.junit.AutoTests" name="[210] /home/travis/build/icyphy/ptII/ptolemy/actor/lib/test/auto/LookupTable.xml (RunModel)" time="0.01" />
  <testcase classname="ptolemy.util.test.junit.AutoTests" name="[211] /home/travis/build/icyphy/ptII/ptolemy/actor/lib/test/auto/MathFunction.xml (RunModel)" time="0.019" />
  <testcase classname="ptolemy.util.test.junit.AutoTests" name="[212] /home/travis/build/icyphy/ptII/ptolemy/actor/lib/test/auto/MathFunction2.xml (RunModel)" time="0.016" />
  <testcase classname="ptolemy.util.test.junit.AutoTests" name="[213] /home/travis/build/icyphy/ptII/ptolemy/actor/lib/test/auto/MathFunction3.xml (RunModel)" time="0.023" />
  <testcase classname="ptolemy.util.test.junit.AutoTests" name="[214] /home/travis/build/icyphy/ptII/ptolemy/actor/lib/test/auto/MatrixCropBoolean.xml (RunModel)" time="0.014" />
  <testcase classname="ptolemy.util.test.junit.AutoTests" name="[215] /home/travis/build/icyphy/ptII/ptolemy/actor/lib/test/auto/MatrixCropComplex.xml (RunModel)" time="0.008" />
  <testcase classname="ptolemy.util.test.junit.AutoTests" name="[216] /home/travis/build/icyphy/ptII/ptolemy/actor/lib/test/auto/MatrixCropDouble.xml (RunModel)" time="0.009" />
  <testcase classname="ptolemy.util.test.junit.AutoTests" name="[217] /home/travis/build/icyphy/ptII/ptolemy/actor/lib/test/auto/MatrixCropFix.xml (RunModel)" time="0.011" />
  <testcase classname="ptolemy.util.test.junit.AutoTests" name="[218] /home/travis/build/icyphy/ptII/ptolemy/actor/lib/test/auto/MatrixCropInt.xml (RunModel)" time="0.009" />
  <testcase classname="ptolemy.util.test.junit.AutoTests" name="[219] /home/travis/build/icyphy/ptII/ptolemy/actor/lib/test/auto/MatrixCropLong.xml (RunModel)" time="0.009" />
  <testcase classname="ptolemy.util.test.junit.AutoTests" name="[220] /home/travis/build/icyphy/ptII/ptolemy/actor/lib/test/auto/MatrixToArray.xml (RunModel)" time="0.056" />
  <testcase classname="ptolemy.util.test.junit.AutoTests" name="[221] /home/travis/build/icyphy/ptII/ptolemy/actor/lib/test/auto/MaxIndex.xml (RunModel)" time="0.012" />
  <testcase classname="ptolemy.util.test.junit.AutoTests" name="[222] /home/travis/build/icyphy/ptII/ptolemy/actor/lib/test/auto/Maximum.xml (RunModel)" time="0.013" />
  <testcase classname="ptolemy.util.test.junit.AutoTests" name="[223] /home/travis/build/icyphy/ptII/ptolemy/actor/lib/test/auto/MaximumComplex.xml (RunModel)" time="0.016" />
  <testcase classname="ptolemy.util.test.junit.AutoTests" name="[224] /home/travis/build/icyphy/ptII/ptolemy/actor/lib/test/auto/MethodCallTest.xml (RunModel)" time="0.024" />
  <testcase classname="ptolemy.util.test.junit.AutoTests" name="[225] /home/travis/build/icyphy/ptII/ptolemy/actor/lib/test/auto/Minimum.xml (RunModel)" time="0.014" />
  <testcase classname="ptolemy.util.test.junit.AutoTests" name="[226] /home/travis/build/icyphy/ptII/ptolemy/actor/lib/test/auto/MinimumComplex.xml (RunModel)" time="0.017" />
  <testcase classname="ptolemy.util.test.junit.AutoTests" name="[227] /home/travis/build/icyphy/ptII/ptolemy/actor/lib/test/auto/MinimumMultiports.xml (RunModel)" time="0.023" />
  <testcase classname="ptolemy.util.test.junit.AutoTests" name="[228] /home/travis/build/icyphy/ptII/ptolemy/actor/lib/test/auto/ModifyDate.xml (RunModel)" time="0.044" />
  <testcase classname="ptolemy.util.test.junit.AutoTests" name="[229] /home/travis/build/icyphy/ptII/ptolemy/actor/lib/test/auto/ModifyDate2.xml (RunModel)" time="0.033" />
  <testcase classname="ptolemy.util.test.junit.AutoTests" name="[230] /home/travis/build/icyphy/ptII/ptolemy/actor/lib/test/auto/MovingAverage.xml (RunModel)" time="0.015" />
  <testcase classname="ptolemy.util.test.junit.AutoTests" name="[231] /home/travis/build/icyphy/ptII/ptolemy/actor/lib/test/auto/MovingMaximum.xml (RunModel)" time="0.01" />
  <testcase classname="ptolemy.util.test.junit.AutoTests" name="[232] /home/travis/build/icyphy/ptII/ptolemy/actor/lib/test/auto/MultipleLinksToSameRelation.xml (RunModel)" time="0.008" />
  <testcase classname="ptolemy.util.test.junit.AutoTests" name="[233] /home/travis/build/icyphy/ptII/ptolemy/actor/lib/test/auto/MultipleLinksToSameRelationDE.xml (RunModel)" time="0.015" />
  <testcase classname="ptolemy.util.test.junit.AutoTests" name="[234] /home/travis/build/icyphy/ptII/ptolemy/actor/lib/test/auto/Multiplexor.xml (RunModel)" time="0.015" />
  <testcase classname="ptolemy.util.test.junit.AutoTests" name="[235] /home/travis/build/icyphy/ptII/ptolemy/actor/lib/test/auto/Multiplexor1.xml (RunModel)" time="0.014" />
  <testcase classname="ptolemy.util.test.junit.AutoTests" name="[236] /home/travis/build/icyphy/ptII/ptolemy/actor/lib/test/auto/Multiplexor2.xml (RunModel)" time="0.016" />
  <testcase classname="ptolemy.util.test.junit.AutoTests" name="[237] /home/travis/build/icyphy/ptII/ptolemy/actor/lib/test/auto/Multiplexor3.xml (RunModel)" time="0.01" />
  <testcase classname="ptolemy.util.test.junit.AutoTests" name="[238] /home/travis/build/icyphy/ptII/ptolemy/actor/lib/test/auto/MultiplexorDE.xml (RunModel)" time="0.02" />
  <testcase classname="ptolemy.util.test.junit.AutoTests" name="[239] /home/travis/build/icyphy/ptII/ptolemy/actor/lib/test/auto/MultiportBroadcastTest.xml (RunModel)" time="0.108" />
  <testcase classname="ptolemy.util.test.junit.AutoTests" name="[240] /home/travis/build/icyphy/ptII/ptolemy/actor/lib/test/auto/MultiportOutHangDuringGetWidth.xml (RunModel)" time="0.038" />
  <testcase classname="ptolemy.util.test.junit.AutoTests" name="[241] /home/travis/build/icyphy/ptII/ptolemy/actor/lib/test/auto/NilToken.xml (RunModel)" time="0.011" />
  <testcase classname="ptolemy.util.test.junit.AutoTests" name="[242] /home/travis/build/icyphy/ptII/ptolemy/actor/lib/test/auto/NilTokenNonStrictTest.xml (RunModel)" time="0.012" />
  <testcase classname="ptolemy.util.test.junit.AutoTests" name="[243] /home/travis/build/icyphy/ptII/ptolemy/actor/lib/test/auto/NilTokenRecord.xml (RunModel)" time="0.038" />
  <testcase classname="ptolemy.util.test.junit.AutoTests" name="[244] /home/travis/build/icyphy/ptII/ptolemy/actor/lib/test/auto/NilTokenTypeTest.xml (RunModel)" time="0.029" />
  <testcase classname="ptolemy.util.test.junit.AutoTests" name="[245] /home/travis/build/icyphy/ptII/ptolemy/actor/lib/test/auto/ObjectToken1.xml (RunModel)" time="0.008" />
  <testcase classname="ptolemy.util.test.junit.AutoTests" name="[246] /home/travis/build/icyphy/ptII/ptolemy/actor/lib/test/auto/OrderedMerge.xml (RunModel)" time="0.014" />
  <testcase classname="ptolemy.util.test.junit.AutoTests" name="[247] /home/travis/build/icyphy/ptII/ptolemy/actor/lib/test/auto/OrderedRecordDisassembler.xml (RunModel)" time="0.017" />
  <testcase classname="ptolemy.util.test.junit.AutoTests" name="[248] /home/travis/build/icyphy/ptII/ptolemy/actor/lib/test/auto/OrderedRecordDisassembler2.xml (RunModel)" time="0.018" />
  <testcase classname="ptolemy.util.test.junit.AutoTests" name="[249] /home/travis/build/icyphy/ptII/ptolemy/actor/lib/test/auto/OrderedRecordUpdater.xml (RunModel)" time="0.01" />
  <testcase classname="ptolemy.util.test.junit.AutoTests" name="[250] /home/travis/build/icyphy/ptII/ptolemy/actor/lib/test/auto/OrderedRecordUpdater2.xml (RunModel)" time="0.01" />
  <testcase classname="ptolemy.util.test.junit.AutoTests" name="[251] /home/travis/build/icyphy/ptII/ptolemy/actor/lib/test/auto/PhaseUnwrap.xml (RunModel)" time="0.012" />
  <testcase classname="ptolemy.util.test.junit.AutoTests" name="[252] /home/travis/build/icyphy/ptII/ptolemy/actor/lib/test/auto/PoissonClock.xml (RunModel)" time="0.01" />
  <testcase classname="ptolemy.util.test.junit.AutoTests" name="[253] /home/travis/build/icyphy/ptII/ptolemy/actor/lib/test/auto/PoissonClock2.xml (RunModel)" time="0.008" />
  <testcase classname="ptolemy.util.test.junit.AutoTests" name="[254] /home/travis/build/icyphy/ptII/ptolemy/actor/lib/test/auto/PoissonClock3.xml (RunModel)" time="0.01" />
  <testcase classname="ptolemy.util.test.junit.AutoTests" name="[255] /home/travis/build/icyphy/ptII/ptolemy/actor/lib/test/auto/PubSubWithInitialTokens.xml (RunModel)" time="0.011" />
  <testcase classname="ptolemy.util.test.junit.AutoTests" name="[256] /home/travis/build/icyphy/ptII/ptolemy/actor/lib/test/auto/PubSubWithInitialTokens2.xml (RunModel)" time="0.011" />
  <testcase classname="ptolemy.util.test.junit.AutoTests" name="[257] /home/travis/build/icyphy/ptII/ptolemy/actor/lib/test/auto/PublisherClassNoParameter.xml (RunModel)" time="0.02" />
  <testcase classname="ptolemy.util.test.junit.AutoTests" name="[258] /home/travis/build/icyphy/ptII/ptolemy/actor/lib/test/auto/PublisherClassParameter.xml (RunModel)" time="0.021" />
  <testcase classname="ptolemy.util.test.junit.AutoTests" name="[259] /home/travis/build/icyphy/ptII/ptolemy/actor/lib/test/auto/PublisherNonStrictTest.xml (RunModel)" time="0.015" />
  <testcase classname="ptolemy.util.test.junit.AutoTests" name="[260] /home/travis/build/icyphy/ptII/ptolemy/actor/lib/test/auto/PublisherPort1.xml (RunModel)" time="0.011" />
  <testcase classname="ptolemy.util.test.junit.AutoTests" name="[261] /home/travis/build/icyphy/ptII/ptolemy/actor/lib/test/auto/PublisherPort2.xml (RunModel)" time="0.009" />
  <testcase classname="ptolemy.util.test.junit.AutoTests" name="[262] /home/travis/build/icyphy/ptII/ptolemy/actor/lib/test/auto/PublisherPort3.xml (RunModel)" time="0.011" />
  <testcase classname="ptolemy.util.test.junit.AutoTests" name="[263] /home/travis/build/icyphy/ptII/ptolemy/actor/lib/test/auto/PublisherPort4.xml (RunModel)" time="0.017" />
  <testcase classname="ptolemy.util.test.junit.AutoTests" name="[264] /home/travis/build/icyphy/ptII/ptolemy/actor/lib/test/auto/PublisherPort5.xml (RunModel)" time="0.015" />
  <testcase classname="ptolemy.util.test.junit.AutoTests" name="[265] /home/travis/build/icyphy/ptII/ptolemy/actor/lib/test/auto/PublisherPort5LookAlike.xml (RunModel)" time="0.02" />
  <testcase classname="ptolemy.util.test.junit.AutoTests" name="[266] /home/travis/build/icyphy/ptII/ptolemy/actor/lib/test/auto/PublisherPort6.xml (RunModel)" time="0.012" />
  <testcase classname="ptolemy.util.test.junit.AutoTests" name="[267] /home/travis/build/icyphy/ptII/ptolemy/actor/lib/test/auto/PublisherPort7.xml (RunModel)" time="0.015" />
  <testcase classname="ptolemy.util.test.junit.AutoTests" name="[268] /home/travis/build/icyphy/ptII/ptolemy/actor/lib/test/auto/PublisherPort8.xml (RunModel)" time="0.016" />
  <testcase classname="ptolemy.util.test.junit.AutoTests" name="[269] /home/travis/build/icyphy/ptII/ptolemy/actor/lib/test/auto/PublisherPortSubscriberChannelVariablesAOC2.xml (RunModel)" time="0.037" />
  <testcase classname="ptolemy.util.test.junit.AutoTests" name="[270] /home/travis/build/icyphy/ptII/ptolemy/actor/lib/test/auto/PublisherPortSubscriberOpaqueWidthInference.xml (RunModel)" time="0.015" />
  <testcase classname="ptolemy.util.test.junit.AutoTests" name="[271] /home/travis/build/icyphy/ptII/ptolemy/actor/lib/test/auto/PublisherPortSubscriberPortAdjacent.xml (RunModel)" time="0.02" />
  <testcase classname="ptolemy.util.test.junit.AutoTests" name="[272] /home/travis/build/icyphy/ptII/ptolemy/actor/lib/test/auto/PublisherPortSubscriberPortExpression.xml (RunModel)" time="0.02" />
  <testcase classname="ptolemy.util.test.junit.AutoTests" name="[273] /home/travis/build/icyphy/ptII/ptolemy/actor/lib/test/auto/PublisherPortSubscriberPortOpaqueD3Reverse.xml (RunModel)" time="0.037" />
  <testcase classname="ptolemy.util.test.junit.AutoTests" name="[274] /home/travis/build/icyphy/ptII/ptolemy/actor/lib/test/auto/PublisherPortSubscriberPortOpaqueWidthInference.xml (RunModel)" time="0.022" />
  <testcase classname="ptolemy.util.test.junit.AutoTests" name="[275] /home/travis/build/icyphy/ptII/ptolemy/actor/lib/test/auto/PublisherPortToplevelSubscriberPortAOC.xml (RunModel)" time="0.011" />
  <testcase classname="ptolemy.util.test.junit.AutoTests" name="[276] /home/travis/build/icyphy/ptII/ptolemy/actor/lib/test/auto/PublisherSubscriber.xml (RunModel)" time="0.015" />
  <testcase classname="ptolemy.util.test.junit.AutoTests" name="[277] /home/travis/build/icyphy/ptII/ptolemy/actor/lib/test/auto/PublisherSubscriber10.xml (RunModel)" time="0.022" />
  <testcase classname="ptolemy.util.test.junit.AutoTests" name="[278] /home/travis/build/icyphy/ptII/ptolemy/actor/lib/test/auto/PublisherSubscriber10InitialOutputs.xml (RunModel)" time="0.032" />
  <testcase classname="ptolemy.util.test.junit.AutoTests" name="[279] /home/travis/build/icyphy/ptII/ptolemy/actor/lib/test/auto/PublisherSubscriber11.xml (RunModel)" time="0.02" />
  <testcase classname="ptolemy.util.test.junit.AutoTests" name="[280] /home/travis/build/icyphy/ptII/ptolemy/actor/lib/test/auto/PublisherSubscriber12.xml (RunModel)" time="0.013" />
  <testcase classname="ptolemy.util.test.junit.AutoTests" name="[281] /home/travis/build/icyphy/ptII/ptolemy/actor/lib/test/auto/PublisherSubscriber13.xml (RunModel)" time="0.009" />
  <testcase classname="ptolemy.util.test.junit.AutoTests" name="[282] /home/travis/build/icyphy/ptII/ptolemy/actor/lib/test/auto/PublisherSubscriber14.xml (RunModel)" time="0.024" />
  <testcase classname="ptolemy.util.test.junit.AutoTests" name="[283] /home/travis/build/icyphy/ptII/ptolemy/actor/lib/test/auto/PublisherSubscriber2.xml (RunModel)" time="0.01" />
  <testcase classname="ptolemy.util.test.junit.AutoTests" name="[284] /home/travis/build/icyphy/ptII/ptolemy/actor/lib/test/auto/PublisherSubscriber3.xml (RunModel)" time="0.01" />
  <testcase classname="ptolemy.util.test.junit.AutoTests" name="[285] /home/travis/build/icyphy/ptII/ptolemy/actor/lib/test/auto/PublisherSubscriber4.xml (RunModel)" time="0.01" />
  <testcase classname="ptolemy.util.test.junit.AutoTests" name="[286] /home/travis/build/icyphy/ptII/ptolemy/actor/lib/test/auto/PublisherSubscriber5.xml (RunModel)" time="0.013" />
  <testcase classname="ptolemy.util.test.junit.AutoTests" name="[287] /home/travis/build/icyphy/ptII/ptolemy/actor/lib/test/auto/PublisherSubscriber6.xml (RunModel)" time="0.013" />
  <testcase classname="ptolemy.util.test.junit.AutoTests" name="[288] /home/travis/build/icyphy/ptII/ptolemy/actor/lib/test/auto/PublisherSubscriber7.xml (RunModel)" time="0.013" />
  <testcase classname="ptolemy.util.test.junit.AutoTests" name="[289] /home/travis/build/icyphy/ptII/ptolemy/actor/lib/test/auto/PublisherSubscriber8.xml (RunModel)" time="0.053" />
  <testcase classname="ptolemy.util.test.junit.AutoTests" name="[290] /home/travis/build/icyphy/ptII/ptolemy/actor/lib/test/auto/PublisherSubscriber9.xml (RunModel)" time="0.017" />
  <testcase classname="ptolemy.util.test.junit.AutoTests" name="[291] /home/travis/build/icyphy/ptII/ptolemy/actor/lib/test/auto/PublisherSubscriberAdjacent.xml (RunModel)" time="0.022" />
  <testcase classname="ptolemy.util.test.junit.AutoTests" name="[292] /home/travis/build/icyphy/ptII/ptolemy/actor/lib/test/auto/PublisherSubscriberChannelVariablesAOC2.xml (RunModel)" time="0.032" />
  <testcase classname="ptolemy.util.test.junit.AutoTests" name="[293] /home/travis/build/icyphy/ptII/ptolemy/actor/lib/test/auto/PublisherSubscriberD3.xml (RunModel)" time="0.016" />
  <testcase classname="ptolemy.util.test.junit.AutoTests" name="[294] /home/travis/build/icyphy/ptII/ptolemy/actor/lib/test/auto/PublisherSubscriberD3Reverse.xml (RunModel)" time="0.012" />
  <testcase classname="ptolemy.util.test.junit.AutoTests" name="[295] /home/travis/build/icyphy/ptII/ptolemy/actor/lib/test/auto/PublisherSubscriberExpression.xml (RunModel)" time="0.019" />
  <testcase classname="ptolemy.util.test.junit.AutoTests" name="[296] /home/travis/build/icyphy/ptII/ptolemy/actor/lib/test/auto/PublisherSubscriberOpaque.xml (RunModel)" time="0.016" />
  <testcase classname="ptolemy.util.test.junit.AutoTests" name="[297] /home/travis/build/icyphy/ptII/ptolemy/actor/lib/test/auto/PublisherSubscriberOpaqueD3.xml (RunModel)" time="0.025" />
  <testcase classname="ptolemy.util.test.junit.AutoTests" name="[298] /home/travis/build/icyphy/ptII/ptolemy/actor/lib/test/auto/PublisherSubscriberOpaqueD3Reverse.xml (RunModel)" time="0.02" />
  <testcase classname="ptolemy.util.test.junit.AutoTests" name="[299] /home/travis/build/icyphy/ptII/ptolemy/actor/lib/test/auto/PublisherSubscriberOpaqueWidthInference.xml (RunModel)" time="0.018" />
  <testcase classname="ptolemy.util.test.junit.AutoTests" name="[300] /home/travis/build/icyphy/ptII/ptolemy/actor/lib/test/auto/PublisherTestSubscriber.xml (RunModel)" time="0.016" />
  <testcase classname="ptolemy.util.test.junit.AutoTests" name="[301] /home/travis/build/icyphy/ptII/ptolemy/actor/lib/test/auto/PublisherToplevelSubscriberPortAOC.xml (RunModel)" time="0.011" />
  <testcase classname="ptolemy.util.test.junit.AutoTests" name="[302] /home/travis/build/icyphy/ptII/ptolemy/actor/lib/test/auto/PulseFiringLimitDE.xml (RunModel)" time="0.016" />
  <testcase classname="ptolemy.util.test.junit.AutoTests" name="[303] /home/travis/build/icyphy/ptII/ptolemy/actor/lib/test/auto/Ramp1.xml (RunModel)" time="0.007" />
  <testcase classname="ptolemy.util.test.junit.AutoTests" name="[304] /home/travis/build/icyphy/ptII/ptolemy/actor/lib/test/auto/RampFiringLimitDE.xml (RunModel)" time="0.013" />
  <testcase classname="ptolemy.util.test.junit.AutoTests" name="[305] /home/travis/build/icyphy/ptII/ptolemy/actor/lib/test/auto/RampFiringLimitSDF.xml (RunModel)" time="0.011" />
  <testcase classname="ptolemy.util.test.junit.AutoTests" name="[306] /home/travis/build/icyphy/ptII/ptolemy/actor/lib/test/auto/RandomInteger.xml (RunModel)" time="0.008" />
  <testcase classname="ptolemy.util.test.junit.AutoTests" name="[307] /home/travis/build/icyphy/ptII/ptolemy/actor/lib/test/auto/ReadFile1.xml (RunModel)" time="0.008" />
  <testcase classname="ptolemy.util.test.junit.AutoTests" name="[308] /home/travis/build/icyphy/ptII/ptolemy/actor/lib/test/auto/ReadFile2.xml (RunModel)" time="0.009" />
  <testcase classname="ptolemy.util.test.junit.AutoTests" name="[309] /home/travis/build/icyphy/ptII/ptolemy/actor/lib/test/auto/Reader.xml (RunModel)" time="0.011" />
  <testcase classname="ptolemy.util.test.junit.AutoTests" name="[310] /home/travis/build/icyphy/ptII/ptolemy/actor/lib/test/auto/RecordAssemblerDisplayNameTest.xml (RunModel)" time="3.756" />
  <testcase classname="ptolemy.util.test.junit.AutoTests" name="[311] /home/travis/build/icyphy/ptII/ptolemy/actor/lib/test/auto/RecordAssemblerTypeError.xml (RunModel)" time="0.048" />
  <testcase classname="ptolemy.util.test.junit.AutoTests" name="[312] /home/travis/build/icyphy/ptII/ptolemy/actor/lib/test/auto/RecordDisassember.xml (RunModel)" time="0.01" />
  <testcase classname="ptolemy.util.test.junit.AutoTests" name="[313] /home/travis/build/icyphy/ptII/ptolemy/actor/lib/test/auto/RecordDisassemberDisplayNameTest.xml (RunModel)" time="0.019" />
  <testcase classname="ptolemy.util.test.junit.AutoTests" name="[314] /home/travis/build/icyphy/ptII/ptolemy/actor/lib/test/auto/RecordDisassembler.xml (RunModel)" time="0.015" />
  <testcase classname="ptolemy.util.test.junit.AutoTests" name="[315] /home/travis/build/icyphy/ptII/ptolemy/actor/lib/test/auto/RecordDisassembler2.xml (RunModel)" time="0.012" />
  <testcase classname="ptolemy.util.test.junit.AutoTests" name="[316] /home/travis/build/icyphy/ptII/ptolemy/actor/lib/test/auto/RecordUpdater.xml (RunModel)" time="0.011" />
  <testcase classname="ptolemy.util.test.junit.AutoTests" name="[317] /home/travis/build/icyphy/ptII/ptolemy/actor/lib/test/auto/RecordUpdater2.xml (RunModel)" time="0.011" />
  <testcase classname="ptolemy.util.test.junit.AutoTests" name="[318] /home/travis/build/icyphy/ptII/ptolemy/actor/lib/test/auto/RecursiveLattice.xml (RunModel)" time="0.009" />
  <testcase classname="ptolemy.util.test.junit.AutoTests" name="[319] /home/travis/build/icyphy/ptII/ptolemy/actor/lib/test/auto/Router.xml (RunModel)" time="3.042" />
  <testcase classname="ptolemy.util.test.junit.AutoTests" name="[320] /home/travis/build/icyphy/ptII/ptolemy/actor/lib/test/auto/Router2.xml (RunModel)" time="3.027" />
  <testcase classname="ptolemy.util.test.junit.AutoTests" name="[321] /home/travis/build/icyphy/ptII/ptolemy/actor/lib/test/auto/RunningMaximum.xml (RunModel)" time="0.012" />
  <testcase classname="ptolemy.util.test.junit.AutoTests" name="[322] /home/travis/build/icyphy/ptII/ptolemy/actor/lib/test/auto/RunningMinimum.xml (RunModel)" time="0.009" />
  <testcase classname="ptolemy.util.test.junit.AutoTests" name="[323] /home/travis/build/icyphy/ptII/ptolemy/actor/lib/test/auto/Scale.xml (RunModel)" time="0.012" />
  <testcase classname="ptolemy.util.test.junit.AutoTests" name="[324] /home/travis/build/icyphy/ptII/ptolemy/actor/lib/test/auto/Scale2.xml (RunModel)" time="0.011" />
  <testcase classname="ptolemy.util.test.junit.AutoTests" name="[325] /home/travis/build/icyphy/ptII/ptolemy/actor/lib/test/auto/Scale3.xml (RunModel)" time="0.022" />
  <testcase classname="ptolemy.util.test.junit.AutoTests" name="[326] /home/travis/build/icyphy/ptII/ptolemy/actor/lib/test/auto/ScaleArray.xml (RunModel)" time="0.012" />
  <testcase classname="ptolemy.util.test.junit.AutoTests" name="[327] /home/travis/build/icyphy/ptII/ptolemy/actor/lib/test/auto/ScaleArray2.xml (RunModel)" time="0.008" />
  <testcase classname="ptolemy.util.test.junit.AutoTests" name="[328] /home/travis/build/icyphy/ptII/ptolemy/actor/lib/test/auto/ScaleMatrix.xml (RunModel)" time="0.136" />
  <testcase classname="ptolemy.util.test.junit.AutoTests" name="[329] /home/travis/build/icyphy/ptII/ptolemy/actor/lib/test/auto/Select.xml (RunModel)" time="0.013" />
  <testcase classname="ptolemy.util.test.junit.AutoTests" name="[330] /home/travis/build/icyphy/ptII/ptolemy/actor/lib/test/auto/Select2.xml (RunModel)" time="0.008" />
  <testcase classname="ptolemy.util.test.junit.AutoTests" name="[331] /home/travis/build/icyphy/ptII/ptolemy/actor/lib/test/auto/SequenceToArray2.xml (RunModel)" time="0.127" />
  <testcase classname="ptolemy.util.test.junit.AutoTests" name="[332] /home/travis/build/icyphy/ptII/ptolemy/actor/lib/test/auto/SequentialClock.xml (RunModel)" time="0.008" />
  <testcase classname="ptolemy.util.test.junit.AutoTests" name="[333] /home/travis/build/icyphy/ptII/ptolemy/actor/lib/test/auto/SetVariable.xml (RunModel)" time="0.01" />
  <testcase classname="ptolemy.util.test.junit.AutoTests" name="[334] /home/travis/build/icyphy/ptII/ptolemy/actor/lib/test/auto/SetVariable2.xml (RunModel)" time="0.012" />
  <testcase classname="ptolemy.util.test.junit.AutoTests" name="[335] /home/travis/build/icyphy/ptII/ptolemy/actor/lib/test/auto/SetVariable3.xml (RunModel)" time="0.013" />
  <testcase classname="ptolemy.util.test.junit.AutoTests" name="[336] /home/travis/build/icyphy/ptII/ptolemy/actor/lib/test/auto/SetVariable4.xml (RunModel)" time="0.027" />
  <testcase classname="ptolemy.util.test.junit.AutoTests" name="[337] /home/travis/build/icyphy/ptII/ptolemy/actor/lib/test/auto/SetVariable5.xml (RunModel)" time="0.033" />
  <testcase classname="ptolemy.util.test.junit.AutoTests" name="[338] /home/travis/build/icyphy/ptII/ptolemy/actor/lib/test/auto/Sinewave.xml (RunModel)" time="0.052" />
  <testcase classname="ptolemy.util.test.junit.AutoTests" name="[339] /home/travis/build/icyphy/ptII/ptolemy/actor/lib/test/auto/Sinewave2.xml (RunModel)" time="0.018" />
  <testcase classname="ptolemy.util.test.junit.AutoTests" name="[340] /home/travis/build/icyphy/ptII/ptolemy/actor/lib/test/auto/Sinewave3.xml (RunModel)" time="0.017" />
  <testcase classname="ptolemy.util.test.junit.AutoTests" name="[341] /home/travis/build/icyphy/ptII/ptolemy/actor/lib/test/auto/SingleEvent.xml (RunModel)" time="0.011" />
  <testcase classname="ptolemy.util.test.junit.AutoTests" name="[342] /home/travis/build/icyphy/ptII/ptolemy/actor/lib/test/auto/Sleep.xml (RunModel)" time="6.014" />
  <testcase classname="ptolemy.util.test.junit.AutoTests" name="[343] /home/travis/build/icyphy/ptII/ptolemy/actor/lib/test/auto/SleepMultipleFire.xml (RunModel)" time="1.02" />
  <testcase classname="ptolemy.util.test.junit.AutoTests" name="[344] /home/travis/build/icyphy/ptII/ptolemy/actor/lib/test/auto/StopDE.xml (RunModel)" time="0.024" />
  <testcase classname="ptolemy.util.test.junit.AutoTests" name="[345] /home/travis/build/icyphy/ptII/ptolemy/actor/lib/test/auto/StopSDF.xml (RunModel)" time="0.013" />
  <testcase classname="ptolemy.util.test.junit.AutoTests" name="[346] /home/travis/build/icyphy/ptII/ptolemy/actor/lib/test/auto/StringConstant.xml (RunModel)" time="0.012" />
  <testcase classname="ptolemy.util.test.junit.AutoTests" name="[347] /home/travis/build/icyphy/ptII/ptolemy/actor/lib/test/auto/SubscriberPortInitialValues1.xml (RunModel)" time="0.021" />
  <testcase classname="ptolemy.util.test.junit.AutoTests" name="[348] /home/travis/build/icyphy/ptII/ptolemy/actor/lib/test/auto/SubscriberPortInitialValues13.xml (RunModel)" time="0.033" />
  <testcase classname="ptolemy.util.test.junit.AutoTests" name="[349] /home/travis/build/icyphy/ptII/ptolemy/actor/lib/test/auto/SubscriberPortInitialValues14.xml (RunModel)" time="0.017" />
  <testcase classname="ptolemy.util.test.junit.AutoTests" name="[350] /home/travis/build/icyphy/ptII/ptolemy/actor/lib/test/auto/SubscriberPortInitialValues2.xml (RunModel)" time="0.016" />
  <testcase classname="ptolemy.util.test.junit.AutoTests" name="[351] /home/travis/build/icyphy/ptII/ptolemy/actor/lib/test/auto/SubscriberPortInitialValues3.xml (RunModel)" time="0.022" />
  <testcase classname="ptolemy.util.test.junit.AutoTests" name="[352] /home/travis/build/icyphy/ptII/ptolemy/actor/lib/test/auto/SubscriptionAggregator.xml (RunModel)" time="0.013" />
  <testcase classname="ptolemy.util.test.junit.AutoTests" name="[353] /home/travis/build/icyphy/ptII/ptolemy/actor/lib/test/auto/SubscriptionAggregator2.xml (RunModel)" time="0.011" />
  <testcase classname="ptolemy.util.test.junit.AutoTests" name="[354] /home/travis/build/icyphy/ptII/ptolemy/actor/lib/test/auto/SubscriptionAggregator3.xml (RunModel)" time="0.017" />
  <testcase classname="ptolemy.util.test.junit.AutoTests" name="[355] /home/travis/build/icyphy/ptII/ptolemy/actor/lib/test/auto/SubscriptionAggregatorMultiply.xml (RunModel)" time="0.02" />
  <testcase classname="ptolemy.util.test.junit.AutoTests" name="[356] /home/travis/build/icyphy/ptII/ptolemy/actor/lib/test/auto/SubscriptionAggregatorPortMultiply1.xml (RunModel)" time="0.015" />
  <testcase classname="ptolemy.util.test.junit.AutoTests" name="[357] /home/travis/build/icyphy/ptII/ptolemy/actor/lib/test/auto/Switch.xml (RunModel)" time="0.018" />
  <testcase classname="ptolemy.util.test.junit.AutoTests" name="[358] /home/travis/build/icyphy/ptII/ptolemy/actor/lib/test/auto/Switch2.xml (RunModel)" time="0.016" />
  <testcase classname="ptolemy.util.test.junit.AutoTests" name="[359] /home/travis/build/icyphy/ptII/ptolemy/actor/lib/test/auto/SwitchDE.xml (RunModel)" time="0.022" />
  <testcase classname="ptolemy.util.test.junit.AutoTests" name="[360] /home/travis/build/icyphy/ptII/ptolemy/actor/lib/test/auto/SynchronizerDE.xml (RunModel)" time="0.036" />
  <testcase classname="ptolemy.util.test.junit.AutoTests" name="[361] /home/travis/build/icyphy/ptII/ptolemy/actor/lib/test/auto/Test.xml (RunModel)" time="0.019" />
  <testcase classname="ptolemy.util.test.junit.AutoTests" name="[362] /home/travis/build/icyphy/ptII/ptolemy/actor/lib/test/auto/TestExceptionAttribute1.xml (RunModel)" time="0.013" />
  <testcase classname="ptolemy.util.test.junit.AutoTests" name="[363] /home/travis/build/icyphy/ptII/ptolemy/actor/lib/test/auto/TestExceptionAttribute2.xml (RunModel)" time="0.008" />
  <testcase classname="ptolemy.util.test.junit.AutoTests" name="[364] /home/travis/build/icyphy/ptII/ptolemy/actor/lib/test/auto/TestExceptionAttribute3.xml (RunModel)" time="0.006" />
  <testcase classname="ptolemy.util.test.junit.AutoTests" name="[365] /home/travis/build/icyphy/ptII/ptolemy/actor/lib/test/auto/TestExceptionAttribute4.xml (RunModel)" time="0.007" />
  <testcase classname="ptolemy.util.test.junit.AutoTests" name="[366] /home/travis/build/icyphy/ptII/ptolemy/actor/lib/test/auto/TestExceptionHandler1.xml (RunModel)" time="0.006" />
  <testcase classname="ptolemy.util.test.junit.AutoTests" name="[367] /home/travis/build/icyphy/ptII/ptolemy/actor/lib/test/auto/TestExceptionHandler2.xml (RunModel)" time="0.01" />
  <testcase classname="ptolemy.util.test.junit.AutoTests" name="[368] /home/travis/build/icyphy/ptII/ptolemy/actor/lib/test/auto/TestExceptionHandler3.xml (RunModel)" time="0.007" />
  <testcase classname="ptolemy.util.test.junit.AutoTests" name="[369] /home/travis/build/icyphy/ptII/ptolemy/actor/lib/test/auto/TestExceptionHandler4.xml (RunModel)" time="0.006" />
  <testcase classname="ptolemy.util.test.junit.AutoTests" name="[370] /home/travis/build/icyphy/ptII/ptolemy/actor/lib/test/auto/TestRequireCorrectOrder.xml (RunModel)" time="0.013" />
  <testcase classname="ptolemy.util.test.junit.AutoTests" name="[371] /home/travis/build/icyphy/ptII/ptolemy/actor/lib/test/auto/TestSimple.xml (RunModel)" time="0.007" />
  <testcase classname="ptolemy.util.test.junit.AutoTests" name="[372] /home/travis/build/icyphy/ptII/ptolemy/actor/lib/test/auto/ThrowModelError.xml (RunModel)" time="0.011" />
  <testcase classname="ptolemy.util.test.junit.AutoTests" name="[373] /home/travis/build/icyphy/ptII/ptolemy/actor/lib/test/auto/TimeDelayMicrosteps.xml (RunModel)" time="0.013" />
  <testcase classname="ptolemy.util.test.junit.AutoTests" name="[374] /home/travis/build/icyphy/ptII/ptolemy/actor/lib/test/auto/TimeDelayMicrosteps2.xml (RunModel)" time="0.017" />
  <testcase classname="ptolemy.util.test.junit.AutoTests" name="[375] /home/travis/build/icyphy/ptII/ptolemy/actor/lib/test/auto/TimeDelayMicrosteps3.xml (RunModel)" time="0.014" />
  <testcase classname="ptolemy.util.test.junit.AutoTests" name="[376] /home/travis/build/icyphy/ptII/ptolemy/actor/lib/test/auto/TimeDelayVariableMicrosteps.xml (RunModel)" time="0.014" />
  <testcase classname="ptolemy.util.test.junit.AutoTests" name="[377] /home/travis/build/icyphy/ptII/ptolemy/actor/lib/test/auto/TimeGap.xml (RunModel)" time="0.014" />
  <testcase classname="ptolemy.util.test.junit.AutoTests" name="[378] /home/travis/build/icyphy/ptII/ptolemy/actor/lib/test/auto/TimeGap2.xml (RunModel)" time="0.012" />
  <testcase classname="ptolemy.util.test.junit.AutoTests" name="[379] /home/travis/build/icyphy/ptII/ptolemy/actor/lib/test/auto/TimedSinewave.xml (RunModel)" time="0.045" />
  <testcase classname="ptolemy.util.test.junit.AutoTests" name="[380] /home/travis/build/icyphy/ptII/ptolemy/actor/lib/test/auto/TimedSinewavePhase.xml (RunModel)" time="0.037" />
  <testcase classname="ptolemy.util.test.junit.AutoTests" name="[381] /home/travis/build/icyphy/ptII/ptolemy/actor/lib/test/auto/Timer.xml (RunModel)" time="0.013" />
  <testcase classname="ptolemy.util.test.junit.AutoTests" name="[382] /home/travis/build/icyphy/ptII/ptolemy/actor/lib/test/auto/TriangularDistTestModel.xml (RunModel)" time="0.026" />
  <testcase classname="ptolemy.util.test.junit.AutoTests" name="[383] /home/travis/build/icyphy/ptII/ptolemy/actor/lib/test/auto/TrigFunction.xml (RunModel)" time="0.012" />
  <testcase classname="ptolemy.util.test.junit.AutoTests" name="[384] /home/travis/build/icyphy/ptII/ptolemy/actor/lib/test/auto/TrigFunctionDE.xml (RunModel)" time="0.012" />
  <testcase classname="ptolemy.util.test.junit.AutoTests" name="[385] /home/travis/build/icyphy/ptII/ptolemy/actor/lib/test/auto/TrigFunctionInverse.xml (RunModel)" time="0.011" />
  <testcase classname="ptolemy.util.test.junit.AutoTests" name="[386] /home/travis/build/icyphy/ptII/ptolemy/actor/lib/test/auto/TrigFunctionTan.xml (RunModel)" time="0.01" />
  <testcase classname="ptolemy.util.test.junit.AutoTests" name="[387] /home/travis/build/icyphy/ptII/ptolemy/actor/lib/test/auto/TriggeredClock.xml (RunModel)" time="0.012" />
  <testcase classname="ptolemy.util.test.junit.AutoTests" name="[388] /home/travis/build/icyphy/ptII/ptolemy/actor/lib/test/auto/URLDirectoryReader.xml (RunModel)" time="0.116" />
  <testcase classname="ptolemy.util.test.junit.AutoTests" name="[389] /home/travis/build/icyphy/ptII/ptolemy/actor/lib/test/auto/URLDirectoryReader3.xml (RunModel)" time="1.351" />
  <testcase classname="ptolemy.util.test.junit.AutoTests" name="[390] /home/travis/build/icyphy/ptII/ptolemy/actor/lib/test/auto/UnaryMathFunction.xml (RunModel)" time="0.056" />
  <testcase classname="ptolemy.util.test.junit.AutoTests" name="[391] /home/travis/build/icyphy/ptII/ptolemy/actor/lib/test/auto/Uniform.xml (RunModel)" time="0.04" />
  <testcase classname="ptolemy.util.test.junit.AutoTests" name="[392] /home/travis/build/icyphy/ptII/ptolemy/actor/lib/test/auto/UnionDisassemblerTest.xml (RunModel)" time="0.027" />
  <testcase classname="ptolemy.util.test.junit.AutoTests" name="[393] /home/travis/build/icyphy/ptII/ptolemy/actor/lib/test/auto/UtilityFunctions.xml (RunModel)" time="0.025" />
  <testcase classname="ptolemy.util.test.junit.AutoTests" name="[394] /home/travis/build/icyphy/ptII/ptolemy/actor/lib/test/auto/VariableSleep.xml (RunModel)" time="0.536" />
  <testcase classname="ptolemy.util.test.junit.AutoTests" name="[395] /home/travis/build/icyphy/ptII/ptolemy/actor/lib/test/auto/VectorAssemblerDisassemblerCT.xml (RunModel)" time="0.13" />
  <testcase classname="ptolemy.util.test.junit.AutoTests" name="[396] /home/travis/build/icyphy/ptII/ptolemy/actor/lib/test/auto/VectorAssemblerDisassemblerDE.xml (RunModel)" time="0.016" />
  <testcase classname="ptolemy.util.test.junit.AutoTests" name="[397] /home/travis/build/icyphy/ptII/ptolemy/actor/lib/test/auto/VectorAssemblerDisassemblerSDF.xml (RunModel)" time="0.015" />
  <testcase classname="ptolemy.util.test.junit.AutoTests" name="[398] /home/travis/build/icyphy/ptII/ptolemy/actor/lib/test/auto/WallClockTime.xml (RunModel)" time="1.017" />
  <testcase classname="ptolemy.util.test.junit.AutoTests" name="[399] /home/travis/build/icyphy/ptII/ptolemy/actor/lib/test/auto/WidthTestWithSubscriberPublisher.xml (RunModel)" time="0.063" />
  <testcase classname="ptolemy.util.test.junit.AutoTests" name="[400] /home/travis/build/icyphy/ptII/ptolemy/actor/lib/test/auto/WidthTestWithSubscriberPublisher2.xml (RunModel)" time="0.016" />
  <testcase classname="ptolemy.util.test.junit.AutoTests" name="[401] /home/travis/build/icyphy/ptII/ptolemy/actor/lib/test/auto/WidthTestWithSubscriberPublisher3.xml (RunModel)" time="0.029" />
  <testcase classname="ptolemy.util.test.junit.AutoTests" name="[402] /home/travis/build/icyphy/ptII/ptolemy/actor/lib/test/auto/Writer.xml (RunModel)" time="0.008" />
  <testcase classname="ptolemy.util.test.junit.AutoTests" name="[403] /home/travis/build/icyphy/ptII/ptolemy/actor/lib/test/auto/array.xml (RunModel)" time="0.01" />
  <testcase classname="ptolemy.util.test.junit.AutoTests" name="[404] /home/travis/build/icyphy/ptII/ptolemy/actor/lib/test/auto/array2.xml (RunModel)" time="0.009" />
  <testcase classname="ptolemy.util.test.junit.AutoTests" name="[405] /home/travis/build/icyphy/ptII/ptolemy/actor/lib/test/auto/arrayType.xml (RunModel)" time="0.012" />
  <testcase classname="ptolemy.util.test.junit.AutoTests" name="[406] /home/travis/build/icyphy/ptII/ptolemy/actor/lib/test/auto/arrayType10.xml (RunModel)" time="0.012" />
  <testcase classname="ptolemy.util.test.junit.AutoTests" name="[407] /home/travis/build/icyphy/ptII/ptolemy/actor/lib/test/auto/arrayType11.xml (RunModel)" time="0.009" />
  <testcase classname="ptolemy.util.test.junit.AutoTests" name="[408] /home/travis/build/icyphy/ptII/ptolemy/actor/lib/test/auto/arrayType12.xml (RunModel)" time="0.011" />
  <testcase classname="ptolemy.util.test.junit.AutoTests" name="[409] /home/travis/build/icyphy/ptII/ptolemy/actor/lib/test/auto/arrayType13.xml (RunModel)" time="0.012" />
  <testcase classname="ptolemy.util.test.junit.AutoTests" name="[410] /home/travis/build/icyphy/ptII/ptolemy/actor/lib/test/auto/arrayType14.xml (RunModel)" time="0.01" />
  <testcase classname="ptolemy.util.test.junit.AutoTests" name="[411] /home/travis/build/icyphy/ptII/ptolemy/actor/lib/test/auto/arrayType15.xml (RunModel)" time="0.011" />
  <testcase classname="ptolemy.util.test.junit.AutoTests" name="[412] /home/travis/build/icyphy/ptII/ptolemy/actor/lib/test/auto/arrayType16.xml (RunModel)" time="0.01" />
  <testcase classname="ptolemy.util.test.junit.AutoTests" name="[413] /home/travis/build/icyphy/ptII/ptolemy/actor/lib/test/auto/arrayType17.xml (RunModel)" time="0.01" />
  <testcase classname="ptolemy.util.test.junit.AutoTests" name="[414] /home/travis/build/icyphy/ptII/ptolemy/actor/lib/test/auto/arrayType18.xml (RunModel)" time="0.01" />
  <testcase classname="ptolemy.util.test.junit.AutoTests" name="[415] /home/travis/build/icyphy/ptII/ptolemy/actor/lib/test/auto/arrayType19.xml (RunModel)" time="0.01" />
  <testcase classname="ptolemy.util.test.junit.AutoTests" name="[416] /home/travis/build/icyphy/ptII/ptolemy/actor/lib/test/auto/arrayType2.xml (RunModel)" time="0.01" />
  <testcase classname="ptolemy.util.test.junit.AutoTests" name="[417] /home/travis/build/icyphy/ptII/ptolemy/actor/lib/test/auto/arrayType20.xml (RunModel)" time="0.011" />
  <testcase classname="ptolemy.util.test.junit.AutoTests" name="[418] /home/travis/build/icyphy/ptII/ptolemy/actor/lib/test/auto/arrayType21.xml (RunModel)" time="0.009" />
  <testcase classname="ptolemy.util.test.junit.AutoTests" name="[419] /home/travis/build/icyphy/ptII/ptolemy/actor/lib/test/auto/arrayType22.xml (RunModel)" time="0.009" />
  <testcase classname="ptolemy.util.test.junit.AutoTests" name="[420] /home/travis/build/icyphy/ptII/ptolemy/actor/lib/test/auto/arrayType23.xml (RunModel)" time="0.009" />
  <testcase classname="ptolemy.util.test.junit.AutoTests" name="[421] /home/travis/build/icyphy/ptII/ptolemy/actor/lib/test/auto/arrayType24.xml (RunModel)" time="0.01" />
  <testcase classname="ptolemy.util.test.junit.AutoTests" name="[422] /home/travis/build/icyphy/ptII/ptolemy/actor/lib/test/auto/arrayType25.xml (RunModel)" time="0.01" />
  <testcase classname="ptolemy.util.test.junit.AutoTests" name="[423] /home/travis/build/icyphy/ptII/ptolemy/actor/lib/test/auto/arrayType26.xml (RunModel)" time="0.011" />
  <testcase classname="ptolemy.util.test.junit.AutoTests" name="[424] /home/travis/build/icyphy/ptII/ptolemy/actor/lib/test/auto/arrayType27.xml (RunModel)" time="0.01" />
  <testcase classname="ptolemy.util.test.junit.AutoTests" name="[425] /home/travis/build/icyphy/ptII/ptolemy/actor/lib/test/auto/arrayType28.xml (RunModel)" time="0.01" />
  <testcase classname="ptolemy.util.test.junit.AutoTests" name="[426] /home/travis/build/icyphy/ptII/ptolemy/actor/lib/test/auto/arrayType3.xml (RunModel)" time="0.01" />
  <testcase classname="ptolemy.util.test.junit.AutoTests" name="[427] /home/travis/build/icyphy/ptII/ptolemy/actor/lib/test/auto/arrayType4.xml (RunModel)" time="0.01" />
  <testcase classname="ptolemy.util.test.junit.AutoTests" name="[428] /home/travis/build/icyphy/ptII/ptolemy/actor/lib/test/auto/arrayType5.xml (RunModel)" time="0.011" />
  <testcase classname="ptolemy.util.test.junit.AutoTests" name="[429] /home/travis/build/icyphy/ptII/ptolemy/actor/lib/test/auto/arrayType6.xml (RunModel)" time="0.012" />
  <testcase classname="ptolemy.util.test.junit.AutoTests" name="[430] /home/travis/build/icyphy/ptII/ptolemy/actor/lib/test/auto/arrayType7.xml (RunModel)" time="0.014" />
  <testcase classname="ptolemy.util.test.junit.AutoTests" name="[431] /home/travis/build/icyphy/ptII/ptolemy/actor/lib/test/auto/arrayType8.xml (RunModel)" time="0.01" />
  <testcase classname="ptolemy.util.test.junit.AutoTests" name="[432] /home/travis/build/icyphy/ptII/ptolemy/actor/lib/test/auto/arrayType9.xml (RunModel)" time="0.011" />
  <testcase classname="ptolemy.util.test.junit.AutoTests" name="[433] /home/travis/build/icyphy/ptII/ptolemy/actor/lib/test/auto/cast.xml (RunModel)" time="0.014" />
  <testcase classname="ptolemy.util.test.junit.AutoTests" name="[434] /home/travis/build/icyphy/ptII/ptolemy/actor/lib/test/auto/compositeMultiPort.xml (RunModel)" time="0.02" />
  <testcase classname="ptolemy.util.test.junit.AutoTests" name="[435] /home/travis/build/icyphy/ptII/ptolemy/actor/lib/test/auto/expressionCastInference.xml (RunModel)" time="0.012" />
  <testcase classname="ptolemy.util.test.junit.AutoTests" name="[436] /home/travis/build/icyphy/ptII/ptolemy/actor/lib/test/auto/expressionCastInference2.xml (RunModel)" time="0.01" />
  <testcase classname="ptolemy.util.test.junit.AutoTests" name="[437] /home/travis/build/icyphy/ptII/ptolemy/actor/lib/test/auto/expressionInference.xml (RunModel)" time="0.008" />
  <testcase classname="ptolemy.util.test.junit.AutoTests" name="[438] /home/travis/build/icyphy/ptII/ptolemy/actor/lib/test/auto/expression_bug.xml (RunModel)" time="0.01" />
  <testcase classname="ptolemy.util.test.junit.AutoTests" name="[439] /home/travis/build/icyphy/ptII/ptolemy/actor/lib/test/auto/factorial.xml (RunModel)" time="0.054" />
  <testcase classname="ptolemy.util.test.junit.AutoTests" name="[440] /home/travis/build/icyphy/ptII/ptolemy/actor/lib/test/auto/filterTest1.xml (RunModel)" time="0.018" />
  <testcase classname="ptolemy.util.test.junit.AutoTests" name="[441] /home/travis/build/icyphy/ptII/ptolemy/actor/lib/test/auto/funcApplyInConst.xml (RunModel)" time="0.007" />
  <testcase classname="ptolemy.util.test.junit.AutoTests" name="[442] /home/travis/build/icyphy/ptII/ptolemy/actor/lib/test/auto/funcApplyInExpr.xml (RunModel)" time="0.006" />
  <testcase classname="ptolemy.util.test.junit.AutoTests" name="[443] /home/travis/build/icyphy/ptII/ptolemy/actor/lib/test/auto/function.xml (RunModel)" time="0.01" />
  <testcase classname="ptolemy.util.test.junit.AutoTests" name="[444] /home/travis/build/icyphy/ptII/ptolemy/actor/lib/test/auto/function2.xml (RunModel)" time="0.009" />
  <testcase classname="ptolemy.util.test.junit.AutoTests" name="[445] /home/travis/build/icyphy/ptII/ptolemy/actor/lib/test/auto/function3.xml (RunModel)" time="0.008" />
  <testcase classname="ptolemy.util.test.junit.AutoTests" name="[446] /home/travis/build/icyphy/ptII/ptolemy/actor/lib/test/auto/functionClosureTest1.xml (RunModel)" time="0.012" />
  <testcase classname="ptolemy.util.test.junit.AutoTests" name="[447] /home/travis/build/icyphy/ptII/ptolemy/actor/lib/test/auto/functionClosureTest2.xml (RunModel)" time="0.007" />
  <testcase classname="ptolemy.util.test.junit.AutoTests" name="[448] /home/travis/build/icyphy/ptII/ptolemy/actor/lib/test/auto/functionClosureTest3.xml (RunModel)" time="0.011" />
  <testcase classname="ptolemy.util.test.junit.AutoTests" name="[449] /home/travis/build/icyphy/ptII/ptolemy/actor/lib/test/auto/functionClosureTest4.xml (RunModel)" time="0.017" />
  <testcase classname="ptolemy.util.test.junit.AutoTests" name="[450] /home/travis/build/icyphy/ptII/ptolemy/actor/lib/test/auto/functionClosureTest5.xml (RunModel)" time="0.013" />
  <testcase classname="ptolemy.util.test.junit.AutoTests" name="[451] /home/travis/build/icyphy/ptII/ptolemy/actor/lib/test/auto/functionClosureTest6.xml (RunModel)" time="0.009" />
  <testcase classname="ptolemy.util.test.junit.AutoTests" name="[452] /home/travis/build/icyphy/ptII/ptolemy/actor/lib/test/auto/functionsOnArcs.xml (RunModel)" time="0.012" />
  <testcase classname="ptolemy.util.test.junit.AutoTests" name="[453] /home/travis/build/icyphy/ptII/ptolemy/actor/lib/test/auto/functionsOnArcsHOF.xml (RunModel)" time="0.013" />
  <testcase classname="ptolemy.util.test.junit.AutoTests" name="[454] /home/travis/build/icyphy/ptII/ptolemy/actor/lib/test/auto/logic.xml (RunModel)" time="0.019" />
  <testcase classname="ptolemy.util.test.junit.AutoTests" name="[455] /home/travis/build/icyphy/ptII/ptolemy/actor/lib/test/auto/matrixType.xml (RunModel)" time="0.01" />
  <testcase classname="ptolemy.util.test.junit.AutoTests" name="[456] /home/travis/build/icyphy/ptII/ptolemy/actor/lib/test/auto/matrixType10.xml (RunModel)" time="0.01" />
  <testcase classname="ptolemy.util.test.junit.AutoTests" name="[457] /home/travis/build/icyphy/ptII/ptolemy/actor/lib/test/auto/matrixType11.xml (RunModel)" time="0.009" />
  <testcase classname="ptolemy.util.test.junit.AutoTests" name="[458] /home/travis/build/icyphy/ptII/ptolemy/actor/lib/test/auto/matrixType12.xml (RunModel)" time="0.011" />
  <testcase classname="ptolemy.util.test.junit.AutoTests" name="[459] /home/travis/build/icyphy/ptII/ptolemy/actor/lib/test/auto/matrixType13.xml (RunModel)" time="0.009" />
  <testcase classname="ptolemy.util.test.junit.AutoTests" name="[460] /home/travis/build/icyphy/ptII/ptolemy/actor/lib/test/auto/matrixType14.xml (RunModel)" time="0.012" />
  <testcase classname="ptolemy.util.test.junit.AutoTests" name="[461] /home/travis/build/icyphy/ptII/ptolemy/actor/lib/test/auto/matrixType2.xml (RunModel)" time="0.009" />
  <testcase classname="ptolemy.util.test.junit.AutoTests" name="[462] /home/travis/build/icyphy/ptII/ptolemy/actor/lib/test/auto/matrixType3.xml (RunModel)" time="0.013" />
  <testcase classname="ptolemy.util.test.junit.AutoTests" name="[463] /home/travis/build/icyphy/ptII/ptolemy/actor/lib/test/auto/matrixType4.xml (RunModel)" time="0.011" />
  <testcase classname="ptolemy.util.test.junit.AutoTests" name="[464] /home/travis/build/icyphy/ptII/ptolemy/actor/lib/test/auto/matrixType5.xml (RunModel)" time="0.01" />
  <testcase classname="ptolemy.util.test.junit.AutoTests" name="[465] /home/travis/build/icyphy/ptII/ptolemy/actor/lib/test/auto/matrixType6.xml (RunModel)" time="0.017" />
  <testcase classname="ptolemy.util.test.junit.AutoTests" name="[466] /home/travis/build/icyphy/ptII/ptolemy/actor/lib/test/auto/matrixType7.xml (RunModel)" time="0.008" />
  <testcase classname="ptolemy.util.test.junit.AutoTests" name="[467] /home/travis/build/icyphy/ptII/ptolemy/actor/lib/test/auto/matrixType8.xml (RunModel)" time="0.011" />
  <testcase classname="ptolemy.util.test.junit.AutoTests" name="[468] /home/travis/build/icyphy/ptII/ptolemy/actor/lib/test/auto/matrixType9.xml (RunModel)" time="0.01" />
  <testcase classname="ptolemy.util.test.junit.AutoTests" name="[469] /home/travis/build/icyphy/ptII/ptolemy/actor/lib/test/auto/paraFunctest.xml (RunModel)" time="0.009" />
  <testcase classname="ptolemy.util.test.junit.AutoTests" name="[470] /home/travis/build/icyphy/ptII/ptolemy/actor/lib/test/auto/paraFunctest2.xml (RunModel)" time="0.013" />
  <testcase classname="ptolemy.util.test.junit.AutoTests" name="[471] /home/travis/build/icyphy/ptII/ptolemy/actor/lib/test/auto/parameterPassing.xml (RunModel)" time="0.01" />
  <testcase classname="ptolemy.util.test.junit.AutoTests" name="[472] /home/travis/build/icyphy/ptII/ptolemy/actor/lib/test/auto/record.xml (RunModel)" time="0.012" />
  <testcase classname="ptolemy.util.test.junit.AutoTests" name="[473] /home/travis/build/icyphy/ptII/ptolemy/actor/lib/test/auto/sizedarray1.xml (RunModel)" time="0.01" />
  <testcase classname="ptolemy.util.test.junit.AutoTests" name="[474] /home/travis/build/icyphy/ptII/ptolemy/actor/lib/test/auto/sizedarray2.xml (RunModel)" time="0.013" />
  <testcase classname="ptolemy.util.test.junit.AutoTests" name="[475] /home/travis/build/icyphy/ptII/ptolemy/actor/lib/test/auto/twoPublishers.xml (RunModel)" time="0.021" />
  <system-out><![CDATA[/home/travis/build/icyphy/ptII/ptolemy/actor/lib/test/AbsoluteValue.tcl
testDefs.tcl: setting time out to 9000 seconds at Sun Oct 28 02:32:21 UTC 2018
85 ms. Memory: 116224K Free: 106261K (91%)
4 ms. Memory: 116224K Free: 105658K (91%)
5 ms. Memory: 116224K Free: 104429K (90%)
4 ms. Memory: 116224K Free: 103826K (89%)
/home/travis/build/icyphy/ptII/ptolemy/actor/lib/test/AddSubtract.tcl
17 ms. Memory: 116224K Free: 102005K (88%)
6 ms. Memory: 116224K Free: 100799K (87%)
5 ms. Memory: 116224K Free: 100205K (86%)
6 ms. Memory: 116224K Free: 99610K (86%)
5 ms. Memory: 116224K Free: 98975K (85%)
8 ms. Memory: 116224K Free: 97770K (84%)
/home/travis/build/icyphy/ptII/ptolemy/actor/lib/test/Average.tcl
13 ms. Memory: 116224K Free: 96580K (83%)
7 ms. Memory: 116224K Free: 94756K (82%)
/home/travis/build/icyphy/ptII/ptolemy/actor/lib/test/Bernoulli.tcl
4 ms. Memory: 116224K Free: 93551K (80%)
3 ms. Memory: 116224K Free: 92932K (80%)
/home/travis/build/icyphy/ptII/ptolemy/actor/lib/test/Clock.tcl
preinitializing
resolving types
initializing
executing number 1
wrapping up
idle
11 ms. Memory: 116224K Free: 90517K (78%)
Completed execution with 5 iterations
preinitializing
resolving types
initializing
executing number 1
wrapping up
idle
6 ms. Memory: 116224K Free: 89899K (77%)
Completed execution with 5 iterations
preinitializing
resolving types
initializing
executing number 1
wrapping up
idle
3 ms. Memory: 116224K Free: 89296K (77%)
Completed execution with 5 iterations
/home/travis/build/icyphy/ptII/ptolemy/actor/lib/test/Commutator.tcl
6 ms. Memory: 116224K Free: 87496K (75%)
6 ms. Memory: 116224K Free: 86298K (74%)
19 ms. Memory: 116224K Free: 81954K (71%)
/home/travis/build/icyphy/ptII/ptolemy/actor/lib/test/Const.tcl
8 ms. Memory: 116224K Free: 110052K (95%)
8 ms. Memory: 116224K Free: 109434K (94%)
8 ms. Memory: 116224K Free: 108202K (93%)
4 ms. Memory: 116224K Free: 107584K (93%)
6 ms. Memory: 116224K Free: 106967K (92%)
21 ms. Memory: 116224K Free: 105162K (90%)
4 ms. Memory: 116224K Free: 104560K (90%)
3 ms. Memory: 116224K Free: 103357K (89%)
/home/travis/build/icyphy/ptII/ptolemy/actor/lib/test/CurrentTime.tcl
preinitializing
resolving types
initializing
executing number 1
wrapping up
idle
24 ms. Memory: 116224K Free: 101553K (87%)
Completed execution with 11 iterations
/home/travis/build/icyphy/ptII/ptolemy/actor/lib/test/DB.tcl
8 ms. Memory: 116224K Free: 99748K (86%)
1 ms. Memory: 116224K Free: 99146K (85%)
2 ms. Memory: 116224K Free: 98545K (85%)
/home/travis/build/icyphy/ptII/ptolemy/actor/lib/test/DiscreteRandomSource.tcl
preinitializing
resolving types
initializing
executing number 1
wrapping up
idle
5 ms. Memory: 116224K Free: 97342K (84%)
Completed execution with 4 iterations
preinitializing
resolving types
initializing
executing number 1
wrapping up
idle
2 ms. Memory: 116224K Free: 96740K (83%)
Completed execution with 4 iterations
preinitializing
resolving types
initializing
executing number 1
wrapping up
idle
2 ms. Memory: 116224K Free: 96138K (83%)
Completed execution with 4 iterations
preinitializing
resolving types
initializing
executing number 1
wrapping up
idle
13 ms. Memory: 116224K Free: 95537K (82%)
Completed execution with 4 iterations
preinitializing
resolving types
initializing
executing number 1
wrapping up
idle
3 ms. Memory: 116224K Free: 95537K (82%)
Completed execution with 4 iterations
/home/travis/build/icyphy/ptII/ptolemy/actor/lib/test/Distributor.tcl
7 ms. Memory: 116224K Free: 93732K (81%)
10 ms. Memory: 116224K Free: 93130K (80%)
StreamChangeRequest.changeExecuted(): <deleteEntity name="rec2"/> succeeded
StreamChangeRequest.changeExecuted(): <deleteRelation name="r2"/> succeeded
StreamChangeRequest.changeExecuted(): Record firings per iteration succeeded
5 ms. Memory: 116224K Free: 90090K (78%)
/home/travis/build/icyphy/ptII/ptolemy/actor/lib/test/Exit.tcl
Exit.tcl: this will print a message about Manager.exitAfterWrapup, which can be ignored.
7 ms. Memory: 116224K Free: 87037K (75%)
/home/travis/build/icyphy/ptII/ptolemy/actor/lib/test/Expression.tcl
9 ms. Memory: 116224K Free: 84618K (73%)
3 ms. Memory: 116224K Free: 84000K (72%)
7 ms. Memory: 116224K Free: 83399K (72%)
preinitializing
resolving types
initializing
executing number 1
wrapping up
idle
8 ms. Memory: 116224K Free: 81574K (70%)
Completed execution with 6 iterations
26 ms. Memory: 116224K Free: 110697K (95%)
3 ms. Memory: 116224K Free: 110105K (95%)
4 ms. Memory: 116224K Free: 108791K (94%)
4 ms. Memory: 116224K Free: 107606K (93%)
3 ms. Memory: 116224K Free: 106422K (92%)
/home/travis/build/icyphy/ptII/ptolemy/actor/lib/test/Gaussian.tcl
8 ms. Memory: 116224K Free: 104645K (90%)
sleeping 1 seconds: ..............................................................................................................................................................................................................................................................................................................................................................................................................................................................................................................................................................................................................................................................................................................................................................................................................................................................................................................................................................................................................................................................................................................................................................................................................................................................................................................................................................................................................................................................................................................................................................................................................................................................................................................................................................................................................................................................................................................................................................................................................................................................................................................................................................................................................................................................................................................................................................................................................................................................................................................................................................................................................................................................................................................................................................................................................................................................................................................................................................................................................................................................................................................................................................................................................................................................................................................................................................................................................................................................................................................................................................................................................................................................................................................................................................................................................................................................................................................................................................................................................................................................................................................................................................................................................................................................................................................................................................................................................................................................................................................................................................................................................................................................................................................................................................................................................................................................................................................................................................................................................................................................................................................................................................................................................................................................................................................................................................................................................................................................................................................................................................................................................................................................................................................................................................................................................................................................................................................................................................................................................................................................................................................................................................................................................................................................................................................................................................................................................................................................................................................................................................................................................................................................................................................................................................................................................................................................................................................................................................................................................................................................................................................................................................................................................................................................................................................................................................................................................................................................................................................................................................................................................................................................................................................................................................................................................................................................................................................................................................................................................................................................................................................................................................................................................................................................................................................................................................................................................................................................................................................................................................................................................................................................................................................................................................................................................................................................................................................................................................................................................................................................................................................................................................................................................................................................................................................................................................................................................................................................................................................................................................................................................................................................................................................................................................................................................................................................................................................................................................................................................................................................................................................................................................................................................................................................................................................................................................................................................................................................................................................................................................................................................................................................................................................................................................................................................................................................................................................................................................................................................................................................................................................................................................................................................................................................................................................................................................................................................................................................................................................................................................................................................................................................................................................................................................................................................................................................................................................................................................................................................................................................................................................................................................................................................................................................................................................................................................................................................................................................................................................................................................................................................................................................................................................................................................................................................................................................................................................................................................................................................................................................................................................................................................................................................................................................................................................................................................................................................................................................................................................................................................................................................................................................................................................................................................................................................................................................................................................................................................................................................................................................................................................................................................................................................................................................................................................................................................................................................................................................................................................................................................................................................................................................................................................................................................................................................................................................................................................................................................................................................................................................................................................................................................................................................................................................................................................................................................................................................................................................................................................................................................................................................................................................................................................................................................................................................................................................................................................................................................................................................................................................................................................................................................................................................................................................................................................................................................................................................................................................................................................................................................................................................................................................................................................................................................................................................................................................................................................................................................................................................................................................................................................................................................................................................................................................................................................................................................................................................................................................................................................................................................................................................................................................................................................................................................................................................................................................................................................................................................................................................................................................................................................................................................................................................................................................................................................................................................................................................................................................................................................................................................................................................................................................................................................................................................................................................................................................................................................................................................................................................................................................................................................................................................................................................................................................................................................................................................................................................................................................................................................................................................................................................................................................................................................................................................................................................................................................................................................................................................................................................................................................................................................................................................................................................................................................................................................................................................................................................................................................................................................................................................................................................................................................................................................................................................................................................................................................................................................................................................................................................................................................................................................................................................................................................................................................................................................................................................................................................................................................................................................................................................................................................................................................................................................................................................................................................................................................................................................................................................................................................................................................................................................................................................................................................................................................................................................................................................................................................................................................................................................................................................................................................................................................................................................................................................................................................................................................................................................................................................................................................................................................................................................................................................................................................................................................................................................................................................................................................................................................................................................................................................................................................................................................................................................................................................................................................................................................................................................................................................................................................................................................................................................................................................................................................................................................................................................................................................................................................................................................................................................................................................................................................................................................................................................................................................................................................................................................................................................................................................................................................................................................................................................................................................................................................................................................................................................................................................................................................................................................................................................................................................................................................................................................................................................................................................................................................................................................................................................................................................................................................................................................................................................................................................................................................................................................................................................................................................................................................................................................................................................................................................................................................................................................................................................................................................................................................................................................................................................................................................................................................................................................................................................................................................................................................................................................................................................................................................................................................................................................................................................................................................................................................................................................................................................................................................................................................................................................................................................................................................................................................................................................................................................................................................................................................................................................................................................................................................................................................................................................................................................................................................................................................................................................................................................................................................................................................................................................................................................................................................................................................................................................................................................................................................................................................................................................................................................................................................................................................................................................................................................................................................................................................................................................................................................................................................................................................................................................................................................................................................................................................................................................................................................................................................................................................................................................................................................................................................................................................................................................................................................................................................................................................................................................................................................................................................................................................................................................................................................................................................................................................................................................................................................................................................................................................................................................................................................................................................................................................................................................................................................................................................................................................................................................................................................................................................................................................................................................................................................................................................................................................................................................................................................................................................................................................................................................................................................................................................................................................................................................................................................................................................................................................................................................................................................................................................................................................................................................................................................................................................................................................................................................................................................................................................................................................................................................................................................................................................................................................................................................................................................................................................................................................................................................................................................................................................................................................................................................................................................................................................................................................................................................................................................................................................................................................................................................................................................................................................................................................................................................................................................................................................................................................................................................................................................................................................................................................................................................................................................................................................................................................................................................................................................................................................................................................................................................................................................................................................................................................................................................................................................................................................................................................................................................................................................................................................................................................................................................................................................................................................................................................................................................................................................................................................................................................................................................................................................................................................................................................................................................................................................................................................................................................................................................................................................................................................................................................................................................................................................................................................................................................................................................................................................................................................................................................................................................................................................................................................................................................................................................................................................................................................................................................................................................................................................................................................................................................................................................................................................................................................................................................................................................................................................................................................................................................................................................................................................................................................................................................................................................................................................................................................................................................................................................................................................................................................................................................................................................................................................................................................................................................................................................................................................................................................................................................................................................................................................................................................................................................................................................................................................................................................................................................................................................................................................................................................................................................................................................................................................................................................................................................................................................................................................................................................................................................................................................................................................................................................................................................................................................................................................................................................................................................................................................................................................................................................................................................................................................................................................................................................................................................................................................................................................................................................................................................................................................................................................................................................................................................................................................................................................................................................................................................................................................................................................................................................................................................................................................................................................................................................................................................................................................................................................................................................................................................................................................................................................................................................................................................................................................................................................................................................................................................................................................................................................................................................................................................................................................................................................................................................................................................................................................................................................................................................................................................................................................................................................................................................................................................................................................................................................................................................................................................................................................................................................................................................................................................................................................................................................................................................................................................................................................................................................................................................................................................................................................................................................................................................................................................................................................................................................................................................................................................................................................................................................................................................................................................................................................................................................................................................................................................................................................................................................................................................................................................................................................................................................................................................................................................................................................................................................................................................................................................................................................................................................................................................................................................................................................................................................................................................................................................................................................................................................................................................................................................................................................................................................................................................................................................................................................................................................................................................................................................................................................................................................................................................................................................................................................................................................................................................................................................................................................................................................................................................................................................................................................................................................................................................................................................................................................................................................................................................................................................................................................................................................................................................................................................................................................................................................................................................................................................................................................................................................................................................................................................................................................................................................................................................................................................................................................................................................................................................................................................................................................................................................................................................................................................................................................................................................................................................................................................................................................................................................................................................................................................................................................................................................................................................................................................................................................................................................................................................................................................................................................................................................................................................................................................................................................................................................................................................................................................................................................................................................................................................................................................................................................................................................................................................................................................................................................................................................................................................................................................................................................................................................................................................................................................................................................................................................................................................................................................................................................................................................................................................................................................................................................................................................................................................................................................................................................................................................................................................................................................................................................................................................................................................................................................................................................................................................................................................................................................................................................................................................................................................................................................................................................................................................................................................................................................................................................................................................................................................................................................................................................................................................................................................................................................................................................................................................................................................................................................................................3 ms. Memory: 208896K Free: 135613K (65%)
2 ms. Memory: 208896K Free: 134384K (64%)
1 ms. Memory: 208896K Free: 134384K (64%)
2 ms. Memory: 208896K Free: 131951K (63%)
6 ms. Memory: 208896K Free: 131613K (63%)
/home/travis/build/icyphy/ptII/ptolemy/actor/lib/test/IIR.tcl
/home/travis/build/icyphy/ptII/ptolemy/actor/lib/test/Interpolator.tcl
5 ms. Memory: 208896K Free: 129179K (62%)
3 ms. Memory: 208896K Free: 126746K (61%)
3 ms. Memory: 208896K Free: 126746K (61%)
1 ms. Memory: 208896K Free: 126746K (61%)
2 ms. Memory: 208896K Free: 124313K (60%)
8 ms. Memory: 208896K Free: 124313K (60%)
15 ms. Memory: 208896K Free: 124313K (60%)
2 ms. Memory: 208896K Free: 121880K (58%)
2 ms. Memory: 208896K Free: 121880K (58%)
3 ms. Memory: 208896K Free: 121880K (58%)
/home/travis/build/icyphy/ptII/ptolemy/actor/lib/test/MathFunction.tcl
5 ms. Memory: 208896K Free: 119446K (57%)
10 ms. Memory: 208896K Free: 117013K (56%)
2 ms. Memory: 208896K Free: 117013K (56%)
8 ms. Memory: 208896K Free: 117013K (56%)
6 ms. Memory: 208896K Free: 114575K (55%)
8 ms. Memory: 208896K Free: 112142K (54%)
/home/travis/build/icyphy/ptII/ptolemy/actor/lib/test/Maximum.tcl
5 ms. Memory: 208896K Free: 109709K (53%)
1 ms. Memory: 208896K Free: 109709K (53%)
2 ms. Memory: 208896K Free: 109709K (53%)
3 ms. Memory: 208896K Free: 109709K (53%)
/home/travis/build/icyphy/ptII/ptolemy/actor/lib/test/Minimum.tcl
10 ms. Memory: 208896K Free: 107276K (51%)
2 ms. Memory: 208896K Free: 107276K (51%)
3 ms. Memory: 208896K Free: 104842K (50%)
2 ms. Memory: 208896K Free: 104842K (50%)
/home/travis/build/icyphy/ptII/ptolemy/actor/lib/test/MultiplyDivide.tcl
9 ms. Memory: 208896K Free: 102409K (49%)
7 ms. Memory: 208896K Free: 102409K (49%)
3 ms. Memory: 208896K Free: 102409K (49%)
2 ms. Memory: 208896K Free: 99976K (48%)
6 ms. Memory: 208896K Free: 99976K (48%)
/home/travis/build/icyphy/ptII/ptolemy/actor/lib/test/OrderedMerge.tcl
Connections changed on port: inputA
Connections changed on port: inputB
Connections changed on port: output
Connections changed on port: output
Connections changed on port: output
Connections changed on port: input
.top. Preinitializing ...
Invoking preinitialize():  .top.OrderedMerge
Called preinitialize()
Invoking preinitialize():  .top.Ramp
Called preinitialize()
Invoking preinitialize():  .top.Ramp2
Called preinitialize()
Invoking preinitialize():  .top.Test
Called preinitialize()
Connections changed on port: inputA
Connections changed on port: output
Connections changed on port: inputB
Connections changed on port: output
Connections changed on port: output
Connections changed on port: input
.top. Finished preinitialize().
Called initialize().
Invoking initialize():  .top.OrderedMerge
Initializing actor: .top.OrderedMerge
Adding a thread: .top.OrderedMerge
Invoking initialize():  .top.Ramp
Initializing actor: .top.Ramp
Adding a thread: .top.Ramp
Invoking initialize():  .top.Ramp2
Initializing actor: .top.Ramp2
Adding a thread: .top.Ramp2
Invoking initialize():  .top.Test
Initializing actor: .top.Test
Adding a thread: .top.Test
-- Starting thread.
Called initialize()
Called prefire()
Called fire()
-- Starting thread.
Called initialize()
Called prefire()
Called fire()
Called postfire()
Called prefire()
Called fire()
-- Starting thread.
Called initialize()
Called prefire()
Called fire()
Called postfire()
Called prefire()
Called fire()
Called fire().
Checking for deadlock:
There are 3 Blocked actors, 0 Stopped actors, and 4 active threads.
Waiting for actors to stop.
-- Starting thread.
Called initialize()
Called prefire()
Called fire()
Checking for deadlock:
There are 2 Blocked actors, 0 Stopped actors, and 4 active threads.
Waiting for actors to stop.
Called postfire()
Called prefire()
Called fire()
Checking for deadlock:
There are 3 Blocked actors, 0 Stopped actors, and 4 active threads.
Waiting for actors to stop.
Read input token from inputA with value 0.0
Next port to read input from is inputB
Called postfire()
Called prefire()
Called fire()
Checking for deadlock:
There are 2 Blocked actors, 0 Stopped actors, and 4 active threads.
Waiting for actors to stop.
Called postfire()
Called prefire()
Called fire()
Checking for deadlock:
There are 3 Blocked actors, 0 Stopped actors, and 4 active threads.
Waiting for actors to stop.
Read input token from inputB with value 0.0
Checking for deadlock:
There are 2 Blocked actors, 0 Stopped actors, and 4 active threads.
Waiting for actors to stop.
-- Read input: 0.0, which is expected to match: 0.0
Called prefire()
Called fire()
Checking for deadlock:
There are 3 Blocked actors, 0 Stopped actors, and 4 active threads.
Waiting for actors to stop.
Sent output token with value 0.0
Next port to read input from is inputA
Called postfire()
Called prefire()
Called fire()
Checking for deadlock:
There are 2 Blocked actors, 0 Stopped actors, and 4 active threads.
Waiting for actors to stop.
Called postfire()
Called prefire()
Called fire()
Checking for deadlock:
There are 3 Blocked actors, 0 Stopped actors, and 4 active threads.
Waiting for actors to stop.
Read input token from inputA with value 1.0
Checking for deadlock:
There are 2 Blocked actors, 0 Stopped actors, and 4 active threads.
Waiting for actors to stop.
-- Read input: 0.0, which is expected to match: 0.0
Called prefire()
Called fire()
Checking for deadlock:
There are 3 Blocked actors, 0 Stopped actors, and 4 active threads.
Waiting for actors to stop.
Sent output token with value 0.0
Next port to read input from is inputB
Called postfire()
Called prefire()
Called fire()
Checking for deadlock:
There are 2 Blocked actors, 0 Stopped actors, and 4 active threads.
Waiting for actors to stop.
Called postfire()
Called prefire()
Called fire()
Checking for deadlock:
There are 3 Blocked actors, 0 Stopped actors, and 4 active threads.
Waiting for actors to stop.
Read input token from inputB with value 1.5
Checking for deadlock:
There are 2 Blocked actors, 0 Stopped actors, and 4 active threads.
Waiting for actors to stop.
-- Read input: 1.0, which is expected to match: 1.0
Called prefire()
Called fire()
Checking for deadlock:
There are 3 Blocked actors, 0 Stopped actors, and 4 active threads.
Waiting for actors to stop.
Sent output token with value 1.0
Next port to read input from is inputA
Called postfire()
Called prefire()
Called fire()
Checking for deadlock:
There are 2 Blocked actors, 0 Stopped actors, and 4 active threads.
Waiting for actors to stop.
Called postfire()
Called prefire()
Called fire()
Checking for deadlock:
There are 3 Blocked actors, 0 Stopped actors, and 4 active threads.
Waiting for actors to stop.
Read input token from inputA with value 2.0
Checking for deadlock:
There are 2 Blocked actors, 0 Stopped actors, and 4 active threads.
Waiting for actors to stop.
-- Read input: 1.5, which is expected to match: 1.5
Called prefire()
Called fire()
Checking for deadlock:
There are 3 Blocked actors, 0 Stopped actors, and 4 active threads.
Waiting for actors to stop.
Sent output token with value 1.5
Next port to read input from is inputB
Called postfire()
Called prefire()
Called fire()
Checking for deadlock:
There are 2 Blocked actors, 0 Stopped actors, and 4 active threads.
Waiting for actors to stop.
Called postfire()
Called prefire()
Called fire()
Checking for deadlock:
There are 3 Blocked actors, 0 Stopped actors, and 4 active threads.
Waiting for actors to stop.
Read input token from inputB with value 3.0
Checking for deadlock:
There are 2 Blocked actors, 0 Stopped actors, and 4 active threads.
Waiting for actors to stop.
-- Read input: 2.0, which is expected to match: 2.0
Called prefire()
Called fire()
Checking for deadlock:
There are 3 Blocked actors, 0 Stopped actors, and 4 active threads.
Waiting for actors to stop.
Sent output token with value 2.0
Next port to read input from is inputA
Called postfire()
Called prefire()
Called fire()
Checking for deadlock:
There are 2 Blocked actors, 0 Stopped actors, and 4 active threads.
Waiting for actors to stop.
Called postfire()
Called prefire()
Called fire()
Checking for deadlock:
There are 3 Blocked actors, 0 Stopped actors, and 4 active threads.
Waiting for actors to stop.
Read input token from inputA with value 3.0
Checking for deadlock:
There are 2 Blocked actors, 0 Stopped actors, and 4 active threads.
Waiting for actors to stop.
-- Read input: 3.0, which is expected to match: 3.0
Called prefire()
Called fire()
Checking for deadlock:
There are 3 Blocked actors, 0 Stopped actors, and 4 active threads.
Waiting for actors to stop.
Sent output token with value 3.0
Next port to read input from is inputB
Called postfire()
Called prefire()
Called fire()
Checking for deadlock:
There are 2 Blocked actors, 0 Stopped actors, and 4 active threads.
Waiting for actors to stop.
Called postfire()
Called prefire()
Called fire()
Checking for deadlock:
There are 3 Blocked actors, 0 Stopped actors, and 4 active threads.
Waiting for actors to stop.
Read input token from inputB with value 4.5
Checking for deadlock:
There are 2 Blocked actors, 0 Stopped actors, and 4 active threads.
Waiting for actors to stop.
-- Read input: 3.0, which is expected to match: 3.0
Called prefire()
Called fire()
Checking for deadlock:
There are 3 Blocked actors, 0 Stopped actors, and 4 active threads.
Waiting for actors to stop.
Sent output token with value 3.0
Next port to read input from is inputA
Called postfire()
Called prefire()
Called fire()
Checking for deadlock:
There are 2 Blocked actors, 0 Stopped actors, and 4 active threads.
Waiting for actors to stop.
Called postfire()
Called prefire()
Called fire()
Checking for deadlock:
There are 3 Blocked actors, 0 Stopped actors, and 4 active threads.
Waiting for actors to stop.
Read input token from inputA with value 4.0
Checking for deadlock:
There are 2 Blocked actors, 0 Stopped actors, and 4 active threads.
Waiting for actors to stop.
-- Read input: 4.0, which is expected to match: 4.0
Called prefire()
Called fire()
Past the end of training data. Read and discard all inputs.
Checking for deadlock:
There are 3 Blocked actors, 0 Stopped actors, and 4 active threads.
Waiting for actors to stop.
Sent output token with value 4.0
Next port to read input from is inputA
Called postfire()
Called prefire()
Called fire()
Checking for deadlock:
There are 2 Blocked actors, 0 Stopped actors, and 4 active threads.
Waiting for actors to stop.
Called postfire()
Called prefire()
Called fire()
Checking for deadlock:
There are 3 Blocked actors, 0 Stopped actors, and 4 active threads.
Waiting for actors to stop.
Read input token from inputA with value 5.0
Checking for deadlock:
There are 2 Blocked actors, 0 Stopped actors, and 4 active threads.
Waiting for actors to stop.
Called prefire()
Called fire()
Past the end of training data. Read and discard all inputs.
Checking for deadlock:
There are 3 Blocked actors, 0 Stopped actors, and 4 active threads.
Waiting for actors to stop.
Sent output token with value 4.5
Next port to read input from is inputB
Called postfire()
Called prefire()
Called fire()
Checking for deadlock:
There are 2 Blocked actors, 0 Stopped actors, and 4 active threads.
Waiting for actors to stop.
Called postfire()
Called prefire()
Called fire()
Checking for deadlock:
There are 3 Blocked actors, 0 Stopped actors, and 4 active threads.
Waiting for actors to stop.
Read input token from inputB with value 6.0
Checking for deadlock:
There are 2 Blocked actors, 0 Stopped actors, and 4 active threads.
Waiting for actors to stop.
Called prefire()
Called fire()
Past the end of training data. Read and discard all inputs.
Checking for deadlock:
There are 3 Blocked actors, 0 Stopped actors, and 4 active threads.
Waiting for actors to stop.
Sent output token with value 5.0
Next port to read input from is inputA
Called postfire()
Called prefire()
Called fire()
Checking for deadlock:
There are 2 Blocked actors, 0 Stopped actors, and 4 active threads.
Waiting for actors to stop.
Called postfire()
Called prefire()
Called fire()
Checking for deadlock:
There are 3 Blocked actors, 0 Stopped actors, and 4 active threads.
Waiting for actors to stop.
Read input token from inputA with value 6.0
Checking for deadlock:
There are 2 Blocked actors, 0 Stopped actors, and 4 active threads.
Waiting for actors to stop.
Called prefire()
Called fire()
Past the end of training data. Read and discard all inputs.
Checking for deadlock:
There are 3 Blocked actors, 0 Stopped actors, and 4 active threads.
Waiting for actors to stop.
Sent output token with value 6.0
Next port to read input from is inputB
Called postfire()
Called prefire()
Called fire()
Checking for deadlock:
There are 2 Blocked actors, 0 Stopped actors, and 4 active threads.
Waiting for actors to stop.
Called postfire()
Called prefire()
Called fire()
Checking for deadlock:
There are 3 Blocked actors, 0 Stopped actors, and 4 active threads.
Waiting for actors to stop.
Read input token from inputB with value 7.5
Checking for deadlock:
There are 2 Blocked actors, 0 Stopped actors, and 4 active threads.
Waiting for actors to stop.
Called prefire()
Called fire()
Past the end of training data. Read and discard all inputs.
Checking for deadlock:
There are 3 Blocked actors, 0 Stopped actors, and 4 active threads.
Waiting for actors to stop.
Sent output token with value 6.0
Next port to read input from is inputA
Called postfire()
Called prefire()
Called fire()
Checking for deadlock:
There are 2 Blocked actors, 0 Stopped actors, and 4 active threads.
Waiting for actors to stop.
Called postfire()
Called prefire()
Called fire()
Checking for deadlock:
There are 3 Blocked actors, 0 Stopped actors, and 4 active threads.
Waiting for actors to stop.
Read input token from inputA with value 7.0
Checking for deadlock:
There are 2 Blocked actors, 0 Stopped actors, and 4 active threads.
Waiting for actors to stop.
Called prefire()
Called fire()
Past the end of training data. Read and discard all inputs.
Checking for deadlock:
There are 3 Blocked actors, 0 Stopped actors, and 4 active threads.
Waiting for actors to stop.
Sent output token with value 7.0
Next port to read input from is inputA
Called postfire()
Called prefire()
Called fire()
Checking for deadlock:
There are 2 Blocked actors, 0 Stopped actors, and 4 active threads.
Waiting for actors to stop.
-- Thread wrapup() called.
Called wrapup()
Thread .top.Ramp is exiting.
-- Thread stopped.
Checking for deadlock:
There are 2 Blocked actors, 0 Stopped actors, and 3 active threads.
Waiting for actors to stop.
Read input token from inputA with value 8.0
Checking for deadlock:
There are 1 Blocked actors, 0 Stopped actors, and 3 active threads.
Waiting for actors to stop.
Called prefire()
Called fire()
Past the end of training data. Read and discard all inputs.
Checking for deadlock:
There are 2 Blocked actors, 0 Stopped actors, and 3 active threads.
Waiting for actors to stop.
Sent output token with value 7.5
Next port to read input from is inputB
Called postfire()
Called prefire()
Called fire()
Checking for deadlock:
There are 1 Blocked actors, 0 Stopped actors, and 3 active threads.
Waiting for actors to stop.
Called postfire()
Called prefire()
Called fire()
Checking for deadlock:
There are 2 Blocked actors, 0 Stopped actors, and 3 active threads.
Waiting for actors to stop.
Read input token from inputB with value 9.0
Checking for deadlock:
There are 1 Blocked actors, 0 Stopped actors, and 3 active threads.
Waiting for actors to stop.
Called prefire()
Called fire()
Past the end of training data. Read and discard all inputs.
Checking for deadlock:
There are 2 Blocked actors, 0 Stopped actors, and 3 active threads.
Waiting for actors to stop.
Sent output token with value 8.0
Next port to read input from is inputA
Called postfire()
Called prefire()
Called fire()
Read input token from inputA with value 9.0
Checking for deadlock:
There are 1 Blocked actors, 0 Stopped actors, and 3 active threads.
Waiting for actors to stop.
Called prefire()
Called fire()
Past the end of training data. Read and discard all inputs.
Checking for deadlock:
There are 2 Blocked actors, 0 Stopped actors, and 3 active threads.
Waiting for actors to stop.
Sent output token with value 9.0
Next port to read input from is inputB
Called postfire()
Called prefire()
Called fire()
Checking for deadlock:
There are 1 Blocked actors, 0 Stopped actors, and 3 active threads.
Waiting for actors to stop.
Called postfire()
Called prefire()
Called fire()
Checking for deadlock:
There are 2 Blocked actors, 0 Stopped actors, and 3 active threads.
Waiting for actors to stop.
Read input token from inputB with value 10.5
Checking for deadlock:
There are 1 Blocked actors, 0 Stopped actors, and 3 active threads.
Waiting for actors to stop.
Called prefire()
Called fire()
Past the end of training data. Read and discard all inputs.
Checking for deadlock:
There are 2 Blocked actors, 0 Stopped actors, and 3 active threads.
Waiting for actors to stop.
Sent output token with value 9.0
Next port to read input from is inputA
Called postfire()
Called prefire()
Called fire()
Checking for deadlock:
There are 3 Blocked actors, 0 Stopped actors, and 3 active threads.
Actors have stopped.
Checking for deadlock:
There are 3 Blocked actors, 0 Stopped actors, and 3 active threads.
Deadlock detected.
Resolving Deadlock
Checking for deadlock:
There are 3 Blocked actors, 0 Stopped actors, and 3 active threads.
Artificial Deadlock - increasing queue capacity.
increasing the capacity of receiver ptolemy.actor.TypedIOPort {.top.OrderedMerge.inputB} to 2
Director: Called postfire().
Called postfire().
_stopRequested = false
_stopFireRequested = false
Returning from postfire(): true
Called fire().
Checking for deadlock:
There are 2 Blocked actors, 0 Stopped actors, and 3 active threads.
Waiting for actors to stop.
-- Thread wrapup() called.
Called wrapup()
Thread .top.Ramp2 is exiting.
-- Thread stopped.
Checking for deadlock:
There are 2 Blocked actors, 0 Stopped actors, and 2 active threads.
Actors have stopped.
Checking for deadlock:
There are 2 Blocked actors, 0 Stopped actors, and 2 active threads.
Deadlock detected.
Resolving Deadlock
Checking for deadlock:
There are 2 Blocked actors, 0 Stopped actors, and 2 active threads.
Deadlock detected: no processes blocked on write, but some are blocked on read.
Called postfire().
_stopRequested = false
_stopFireRequested = false
Returning from postfire(): false
Finished deactivating branches.
Called wrapup().
-- Thread wrapup() called.
Called wrapup()
Thread .top.Test is exiting.
-- Thread stopped.
-- Blocked Receiver call threw TerminateProcessException.
-- Thread wrapup() called.
Called wrapup()
Thread .top.OrderedMerge is exiting.
36 ms. Memory: 208896K Free: 92628K (44%)
.top. Preinitializing ...
Invoking preinitialize():  .top.OrderedMerge
Called preinitialize()
Invoking preinitialize():  .top.Ramp
Called preinitialize()
Invoking preinitialize():  .top.Ramp2
Called preinitialize()
Invoking preinitialize():  .top.Test
Called preinitialize()
.top. Finished preinitialize().
Called initialize().
Invoking initialize():  .top.OrderedMerge
Initializing actor: .top.OrderedMerge
Adding a thread: .top.OrderedMerge
Invoking initialize():  .top.Ramp
Initializing actor: .top.Ramp
Adding a thread: .top.Ramp
Invoking initialize():  .top.Ramp2
Initializing actor: .top.Ramp2
Adding a thread: .top.Ramp2
Invoking initialize():  .top.Test
Initializing actor: .top.Test
Adding a thread: .top.Test
-- Thread stopped.
-- Blocked Receiver call threw TerminateProcessException.
-- Starting thread.
Called initialize()
Called prefire()
Called fire()
-- Starting thread.
Called initialize()
Called prefire()
Called fire()
Called postfire()
Called prefire()
Called fire()
-- Starting thread.
Called initialize()
Called prefire()
Called fire()
Called postfire()
Called prefire()
Called fire()
Called fire().
Checking for deadlock:
There are 3 Blocked actors, 0 Stopped actors, and 4 active threads.
Waiting for actors to stop.
-- Starting thread.
Called initialize()
Called prefire()
Called fire()
Checking for deadlock:
There are 2 Blocked actors, 0 Stopped actors, and 4 active threads.
Waiting for actors to stop.
Called postfire()
Called prefire()
Called fire()
Checking for deadlock:
There are 3 Blocked actors, 0 Stopped actors, and 4 active threads.
Waiting for actors to stop.
Read input token from inputA with value 0.0
Next port to read input from is inputB
Called postfire()
Called prefire()
Called fire()
Checking for deadlock:
There are 2 Blocked actors, 0 Stopped actors, and 4 active threads.
Waiting for actors to stop.
Called postfire()
Called prefire()
Called fire()
Checking for deadlock:
There are 3 Blocked actors, 0 Stopped actors, and 4 active threads.
Waiting for actors to stop.
Read input token from inputB with value 0.0
Checking for deadlock:
There are 2 Blocked actors, 0 Stopped actors, and 4 active threads.
Waiting for actors to stop.
-- Read input: 0.0, which is expected to match: 0.0
Called prefire()
Called fire()
Checking for deadlock:
There are 3 Blocked actors, 0 Stopped actors, and 4 active threads.
Waiting for actors to stop.
Sent output token with value 0.0
Next port to read input from is inputA
Called postfire()
Called prefire()
Called fire()
Checking for deadlock:
There are 2 Blocked actors, 0 Stopped actors, and 4 active threads.
Waiting for actors to stop.
Called postfire()
Called prefire()
Called fire()
Checking for deadlock:
There are 3 Blocked actors, 0 Stopped actors, and 4 active threads.
Waiting for actors to stop.
Read input token from inputA with value 1.0
Checking for deadlock:
There are 2 Blocked actors, 0 Stopped actors, and 4 active threads.
Waiting for actors to stop.
-- Read input: 0.0, which is expected to match: 0.0
Called prefire()
Called fire()
Checking for deadlock:
There are 3 Blocked actors, 0 Stopped actors, and 4 active threads.
Waiting for actors to stop.
Sent output token with value 0.0
Next port to read input from is inputB
Called postfire()
Called prefire()
Called fire()
Checking for deadlock:
There are 2 Blocked actors, 0 Stopped actors, and 4 active threads.
Waiting for actors to stop.
Called postfire()
Called prefire()
Called fire()
Checking for deadlock:
There are 3 Blocked actors, 0 Stopped actors, and 4 active threads.
Waiting for actors to stop.
Read input token from inputB with value 1.5
Checking for deadlock:
There are 2 Blocked actors, 0 Stopped actors, and 4 active threads.
Waiting for actors to stop.
-- Read input: 1.0, which is expected to match: 1.0
Called prefire()
Called fire()
Checking for deadlock:
There are 3 Blocked actors, 0 Stopped actors, and 4 active threads.
Waiting for actors to stop.
Sent output token with value 1.0
Next port to read input from is inputA
Called postfire()
Called prefire()
Called fire()
Checking for deadlock:
There are 2 Blocked actors, 0 Stopped actors, and 4 active threads.
Waiting for actors to stop.
Called postfire()
Called prefire()
Called fire()
Checking for deadlock:
There are 3 Blocked actors, 0 Stopped actors, and 4 active threads.
Waiting for actors to stop.
Read input token from inputA with value 2.0
Checking for deadlock:
There are 2 Blocked actors, 0 Stopped actors, and 4 active threads.
Waiting for actors to stop.
-- Read input: 1.5, which is expected to match: 1.5
Called prefire()
Called fire()
Checking for deadlock:
There are 3 Blocked actors, 0 Stopped actors, and 4 active threads.
Waiting for actors to stop.
Sent output token with value 1.5
Next port to read input from is inputB
Called postfire()
Called prefire()
Called fire()
Checking for deadlock:
There are 2 Blocked actors, 0 Stopped actors, and 4 active threads.
Waiting for actors to stop.
Called postfire()
Called prefire()
Called fire()
Checking for deadlock:
There are 3 Blocked actors, 0 Stopped actors, and 4 active threads.
Waiting for actors to stop.
Read input token from inputB with value 3.0
Checking for deadlock:
There are 2 Blocked actors, 0 Stopped actors, and 4 active threads.
Waiting for actors to stop.
-- Read input: 2.0, which is expected to match: 2.0
Called prefire()
Called fire()
Checking for deadlock:
There are 3 Blocked actors, 0 Stopped actors, and 4 active threads.
Waiting for actors to stop.
Sent output token with value 2.0
Next port to read input from is inputA
Called postfire()
Called prefire()
Called fire()
Checking for deadlock:
There are 2 Blocked actors, 0 Stopped actors, and 4 active threads.
Waiting for actors to stop.
Called postfire()
Called prefire()
Called fire()
Checking for deadlock:
There are 3 Blocked actors, 0 Stopped actors, and 4 active threads.
Waiting for actors to stop.
Read input token from inputA with value 3.0
Checking for deadlock:
There are 2 Blocked actors, 0 Stopped actors, and 4 active threads.
Waiting for actors to stop.
-- Read input: 3.0, which is expected to match: 3.0
Called prefire()
Called fire()
Checking for deadlock:
There are 3 Blocked actors, 0 Stopped actors, and 4 active threads.
Waiting for actors to stop.
Sent output token with value 3.0
Next port to read input from is inputB
Called postfire()
Called prefire()
Called fire()
Checking for deadlock:
There are 2 Blocked actors, 0 Stopped actors, and 4 active threads.
Waiting for actors to stop.
Called postfire()
Called prefire()
Called fire()
Checking for deadlock:
There are 3 Blocked actors, 0 Stopped actors, and 4 active threads.
Waiting for actors to stop.
Read input token from inputB with value 4.5
Checking for deadlock:
There are 2 Blocked actors, 0 Stopped actors, and 4 active threads.
Waiting for actors to stop.
-- Read input: 3.0, which is expected to match: 3.0
Called prefire()
Called fire()
Checking for deadlock:
There are 3 Blocked actors, 0 Stopped actors, and 4 active threads.
Waiting for actors to stop.
Sent output token with value 3.0
Next port to read input from is inputA
Called postfire()
Called prefire()
Called fire()
Checking for deadlock:
There are 2 Blocked actors, 0 Stopped actors, and 4 active threads.
Waiting for actors to stop.
Called postfire()
Called prefire()
Called fire()
Read input token from inputA with value 4.0
Checking for deadlock:
There are 3 Blocked actors, 0 Stopped actors, and 4 active threads.
Waiting for actors to stop.
Checking for deadlock:
There are 2 Blocked actors, 0 Stopped actors, and 4 active threads.
Waiting for actors to stop.
-- Read input: 4.0, which is expected to match: 4.0
Called prefire()
Called fire()
Past the end of training data. Read and discard all inputs.
Checking for deadlock:
Sent output token with value 4.0
There are 3 Blocked actors, 0 Stopped actors, and 4 active threads.
Waiting for actors to stop.
Next port to read input from is inputA
Called postfire()
Called prefire()
Called fire()
Read input token from inputA with value 5.0
Checking for deadlock:
There are 2 Blocked actors, 0 Stopped actors, and 4 active threads.
Waiting for actors to stop.
Called postfire()
Called prefire()
Called fire()
Checking for deadlock:
There are 2 Blocked actors, 0 Stopped actors, and 4 active threads.
Waiting for actors to stop.
Called prefire()
Called fire()
Past the end of training data. Read and discard all inputs.
Checking for deadlock:
There are 3 Blocked actors, 0 Stopped actors, and 4 active threads.
Waiting for actors to stop.
Sent output token with value 4.5
Next port to read input from is inputB
Called postfire()
Called prefire()
Called fire()
Called postfire()
Called prefire()
Called fire()
Checking for deadlock:
There are 3 Blocked actors, 0 Stopped actors, and 4 active threads.
Waiting for actors to stop.
Read input token from inputB with value 6.0
Called prefire()
Called fire()
Past the end of training data. Read and discard all inputs.
Checking for deadlock:
There are 3 Blocked actors, 0 Stopped actors, and 4 active threads.
Waiting for actors to stop.
Sent output token with value 5.0
Next port to read input from is inputA
Called postfire()
Called prefire()
Called fire()
Called postfire()
Called prefire()
Called fire()
Checking for deadlock:
There are 3 Blocked actors, 0 Stopped actors, and 4 active threads.
Waiting for actors to stop.
Read input token from inputA with value 6.0
Checking for deadlock:
There are 2 Blocked actors, 0 Stopped actors, and 4 active threads.
Waiting for actors to stop.
Sent output token with value 6.0
Called prefire()
Called fire()
Past the end of training data. Read and discard all inputs.
Checking for deadlock:
There are 3 Blocked actors, 0 Stopped actors, and 4 active threads.
Waiting for actors to stop.
Next port to read input from is inputB
Called postfire()
Called prefire()
Called fire()
Called postfire()
Called prefire()
Called fire()
Checking for deadlock:
There are 3 Blocked actors, 0 Stopped actors, and 4 active threads.
Waiting for actors to stop.
Read input token from inputB with value 7.5
Sent output token with value 6.0
Called prefire()
Called fire()
Past the end of training data. Read and discard all inputs.
Next port to read input from is inputA
Called postfire()
Called prefire()
Called fire()
Checking for deadlock:
There are 3 Blocked actors, 0 Stopped actors, and 4 active threads.
Waiting for actors to stop.
Checking for deadlock:
Called postfire()
There are 2 Blocked actors, 0 Stopped actors, and 4 active threads.
Called prefire()
Called fire()
Waiting for actors to stop.
Read input token from inputA with value 7.0
Checking for deadlock:
There are 3 Blocked actors, 0 Stopped actors, and 4 active threads.
Waiting for actors to stop.
Checking for deadlock:
There are 2 Blocked actors, 0 Stopped actors, and 4 active threads.
Waiting for actors to stop.
Sent output token with value 7.0
Called prefire()
Called fire()
Next port to read input from is inputA
Called postfire()
Called prefire()
Called fire()
Past the end of training data. Read and discard all inputs.
Checking for deadlock:
There are 2 Blocked actors, 0 Stopped actors, and 4 active threads.
Waiting for actors to stop.
Read input token from inputA with value 8.0
-- Thread wrapup() called.
Called wrapup()
Thread .top.Ramp is exiting.
-- Thread stopped.
Checking for deadlock:
There are 1 Blocked actors, 0 Stopped actors, and 3 active threads.
Waiting for actors to stop.
Sent output token with value 7.5
Next port to read input from is inputB
Called postfire()
Called prefire()
Called fire()
Called prefire()
Checking for deadlock:
There are 0 Blocked actors, 0 Stopped actors, and 3 active threads.
Called fire()
Past the end of training data. Read and discard all inputs.
Waiting for actors to stop.
Read input token from inputB with value 9.0
Called postfire()
Sent output token with value 8.0
Called prefire()
Called fire()
Next port to read input from is inputA
Called postfire()
Called prefire()
Called fire()
Called prefire()
Called fire()
Past the end of training data. Read and discard all inputs.
Read input token from inputA with value 9.0
Checking for deadlock:
There are 2 Blocked actors, 0 Stopped actors, and 3 active threads.
Waiting for actors to stop.
Checking for deadlock:
There are 1 Blocked actors, 0 Stopped actors, and 3 active threads.
Waiting for actors to stop.
Called prefire()
Called fire()
Past the end of training data. Read and discard all inputs.
Sent output token with value 9.0
Checking for deadlock:
There are 2 Blocked actors, 0 Stopped actors, and 3 active threads.
Next port to read input from is inputB
Called postfire()
Waiting for actors to stop.
Called prefire()
Called fire()
Called postfire()
Read input token from inputB with value 10.5
Called prefire()
Called fire()
Sent output token with value 9.0
Checking for deadlock:
There are 1 Blocked actors, 0 Stopped actors, and 3 active threads.
Next port to read input from is inputA
Called postfire()
Waiting for actors to stop.
Called prefire()
Called fire()
Called prefire()
Called fire()
Past the end of training data. Read and discard all inputs.
Checking for deadlock:
There are 3 Blocked actors, 0 Stopped actors, and 3 active threads.
Actors have stopped.
Checking for deadlock:
There are 3 Blocked actors, 0 Stopped actors, and 3 active threads.
Deadlock detected.
Resolving Deadlock
Checking for deadlock:
There are 3 Blocked actors, 0 Stopped actors, and 3 active threads.
Artificial Deadlock - increasing queue capacity.
increasing the capacity of receiver ptolemy.actor.TypedIOPort {.top.OrderedMerge.inputB} to 2
Director: Called postfire().
Called postfire().
_stopRequested = false
_stopFireRequested = false
Returning from postfire(): true
Called fire().
Checking for deadlock:
There are 2 Blocked actors, 0 Stopped actors, and 3 active threads.
Waiting for actors to stop.
-- Thread wrapup() called.
Called wrapup()
Thread .top.Ramp2 is exiting.
-- Thread stopped.
Checking for deadlock:
There are 2 Blocked actors, 0 Stopped actors, and 2 active threads.
Actors have stopped.
Checking for deadlock:
There are 2 Blocked actors, 0 Stopped actors, and 2 active threads.
Deadlock detected.
Resolving Deadlock
Checking for deadlock:
There are 2 Blocked actors, 0 Stopped actors, and 2 active threads.
Deadlock detected: no processes blocked on write, but some are blocked on read.
Called postfire().
_stopRequested = false
_stopFireRequested = false
Returning from postfire(): false
Finished deactivating branches.
Called wrapup().
-- Thread wrapup() called.
Called wrapup()
Thread .top.OrderedMerge is exiting.
-- Thread stopped.
-- Blocked Receiver call threw TerminateProcessException.
-- Thread wrapup() called.
Called wrapup()
Thread .top.Test is exiting.
-- Thread stopped.
-- Blocked Receiver call threw TerminateProcessException.
37 ms. Memory: 208896K Free: 87712K (42%)
/home/travis/build/icyphy/ptII/ptolemy/actor/lib/test/Publisher.tcl
18 ms. Memory: 208896K Free: 80863K (39%)
14 ms. Memory: 208896K Free: 197606K (95%)
6 ms. Memory: 208896K Free: 192602K (92%)
8 ms. Memory: 208896K Free: 192602K (92%)
5 ms. Memory: 208896K Free: 190210K (91%)
8 ms. Memory: 208896K Free: 190210K (91%)
3 ms. Memory: 208896K Free: 190210K (91%)
3 ms. Memory: 208896K Free: 187818K (90%)
1 ms. Memory: 208896K Free: 180641K (86%)
4 ms. Memory: 208896K Free: 175853K (84%)
1 ms. Memory: 208896K Free: 173461K (83%)
4 ms. Memory: 208896K Free: 173461K (83%)
6 ms. Memory: 208896K Free: 163884K (78%)
10 ms. Memory: 208896K Free: 154315K (74%)
15 ms. Memory: 208896K Free: 142354K (68%)
/home/travis/build/icyphy/ptII/ptolemy/actor/lib/test/Pulse.tcl
5 ms. Memory: 208896K Free: 99231K (48%)
7 ms. Memory: 208896K Free: 99231K (48%)
3 ms. Memory: 208896K Free: 99231K (48%)
2 ms. Memory: 208896K Free: 99231K (48%)
5 ms. Memory: 208896K Free: 96822K (46%)
2 ms. Memory: 208896K Free: 96822K (46%)
8 ms. Memory: 208896K Free: 96822K (46%)
2 ms. Memory: 208896K Free: 94414K (45%)
1 ms. Memory: 208896K Free: 94414K (45%)
/home/travis/build/icyphy/ptII/ptolemy/actor/lib/test/Ramp.tcl
7 ms. Memory: 208896K Free: 92006K (44%)
3 ms. Memory: 208896K Free: 92006K (44%)
2 ms. Memory: 208896K Free: 92006K (44%)
2 ms. Memory: 208896K Free: 89598K (43%)
5 ms. Memory: 208896K Free: 89598K (43%)
6 ms. Memory: 208896K Free: 89598K (43%)
4 ms. Memory: 208896K Free: 87206K (42%)
5 actors
5000 microseconds per iteration to create
6 ms. Memory: 208896K Free: 84813K (41%)
2 ms. Memory: 208896K Free: 84813K (41%)
2 ms. Memory: 208896K Free: 84813K (41%)
2 ms. Memory: 208896K Free: 82405K (39%)
50 actors
30000 microseconds per iteration to create
49 ms. Memory: 332288K Free: 309578K (93%)
6 ms. Memory: 332288K Free: 309578K (93%)
9 ms. Memory: 332288K Free: 309578K (93%)
7 ms. Memory: 332288K Free: 309578K (93%)
500 actors
1596000 microseconds per iteration to create
288 ms. Memory: 332288K Free: 140468K (42%)
44 ms. Memory: 332288K Free: 135644K (41%)
41 ms. Memory: 332288K Free: 130820K (39%)
39 ms. Memory: 332288K Free: 125995K (38%)
/home/travis/build/icyphy/ptII/ptolemy/actor/lib/test/RampContinuous.tcl
7 ms. Memory: 332288K Free: 125995K (38%)
/home/travis/build/icyphy/ptII/ptolemy/actor/lib/test/RecordAssembler.tcl
5 ms. Memory: 332288K Free: 121155K (36%)
4 ms. Memory: 332288K Free: 121155K (36%)
/home/travis/build/icyphy/ptII/ptolemy/actor/lib/test/RecordDisassembler.tcl
6 ms. Memory: 332288K Free: 121155K (36%)
4 ms. Memory: 332288K Free: 121155K (36%)
7 ms. Memory: 332288K Free: 116330K (35%)
/home/travis/build/icyphy/ptII/ptolemy/actor/lib/test/Scale.tcl
3 ms. Memory: 332288K Free: 116330K (35%)
1 ms. Memory: 332288K Free: 116330K (35%)
2 ms. Memory: 332288K Free: 116330K (35%)
4 ms. Memory: 332288K Free: 111506K (34%)
8 ms. Memory: 332288K Free: 111506K (34%)
/home/travis/build/icyphy/ptII/ptolemy/actor/lib/test/SequentialClock.tcl
preinitializing
resolving types
initializing
executing number 1
wrapping up
idle
2 ms. Memory: 332288K Free: 111506K (34%)
Completed execution with 5 iterations
preinitializing
resolving types
initializing
executing number 1
wrapping up
idle
1 ms. Memory: 332288K Free: 111506K (34%)
Completed execution with 5 iterations
preinitializing
resolving types
initializing
executing number 1
wrapping up
idle
2 ms. Memory: 332288K Free: 111506K (34%)
Completed execution with 5 iterations
/home/travis/build/icyphy/ptII/ptolemy/actor/lib/test/SetVariable.tcl
5 ms. Memory: 332288K Free: 106666K (32%)
/home/travis/build/icyphy/ptII/ptolemy/actor/lib/test/Sinewave.tcl
/home/travis/build/icyphy/ptII/ptolemy/actor/lib/test/SubscriptionAggregator.tcl
15 ms. Memory: 332288K Free: 97009K (29%)
2 ms. Memory: 332288K Free: 92169K (28%)
1 ms. Memory: 332288K Free: 92169K (28%)
1 ms. Memory: 332288K Free: 92169K (28%)
1 ms. Memory: 332288K Free: 87329K (26%)
4 ms. Memory: 332288K Free: 87329K (26%)
...............................................................1086 ms. Memory: 479232K Free: 117013K (24%)
/home/travis/build/icyphy/ptII/ptolemy/actor/lib/test/Test.tcl
 The next command will produce a warning about training mode,
   which may be ignored.
5 ms. Memory: 479232K Free: 117013K (24%)
2 ms. Memory: 479232K Free: 117013K (24%)
1 ms. Memory: 479232K Free: 117013K (24%)
1 ms. Memory: 479232K Free: 117013K (24%)
3 ms. Memory: 479232K Free: 109250K (23%)
3 ms. Memory: 479232K Free: 109250K (23%)
3 ms. Memory: 479232K Free: 109250K (23%)
 The next command will produce a warning about training mode,
   which may be ignored.
7 ms. Memory: 479232K Free: 109250K (23%)
 The next command will produce a warning about training mode,
   which may be ignored.
2 ms. Memory: 479232K Free: 109250K (23%)
1 ms. Memory: 479232K Free: 109250K (23%)
1 ms. Memory: 479232K Free: 109250K (23%)
4 ms. Memory: 479232K Free: 101503K (21%)
3 ms. Memory: 479232K Free: 101503K (21%)
4 ms. Memory: 479232K Free: 101503K (21%)
/home/travis/build/icyphy/ptII/ptolemy/actor/lib/test/TestExceptionHandler.tcl
 The next command will produce a warning about training mode,
   which may be ignored.
2 ms. Memory: 479232K Free: 101503K (21%)
1 ms. Memory: 479232K Free: 101503K (21%)
0 ms. Memory: 479232K Free: 101503K (21%)
/home/travis/build/icyphy/ptII/ptolemy/actor/lib/test/UnionDisassembler.tcl
28 ms. Memory: 479232K Free: 93755K (20%)
/home/travis/build/icyphy/ptII/ptolemy/actor/lib/test/VariableClock.tcl
preinitializing
resolving types
initializing
executing number 1
wrapping up
idle
9 ms. Memory: 479232K Free: 86008K (18%)
Completed execution with 11 iterations
preinitializing
resolving types
initializing
executing number 1
wrapping up
idle
10 ms. Memory: 479232K Free: 86008K (18%)
Completed execution with 10 iterations
10/28/18 02:32:30
Failed: 0  Total Tests: 234  ((Passed: 234, Newly Passed: 0)  Known Failed: 0) /home/travis/build/icyphy/ptII/ptolemy/actor/lib/test
----------------- testing (KnownFailure) /home/travis/build/icyphy/ptII/ptolemy/actor/lib/test/auto/knownFailedTests/PublisherPortToplevelSubscriber.xml
1 ms. Memory: 479232K Free: 78194K (16%)
Known Failure: java.lang.reflect.InvocationTargetException
----------------- testing (KnownFailure) /home/travis/build/icyphy/ptII/ptolemy/actor/lib/test/auto/knownFailedTests/PublisherSubscriberPortToplevel.xml
56 ms. Memory: 481792K Free: 443835K (92%)
Known Failure: java.lang.reflect.InvocationTargetException
----------------- testing (KnownFailure) /home/travis/build/icyphy/ptII/ptolemy/actor/lib/test/auto/knownFailedTests/PublisherSubscriptionAggregatorPort.xml
0 ms. Memory: 481792K Free: 419956K (87%)
Known Failure: java.lang.reflect.InvocationTargetException
----------------- testing (KnownFailure) /home/travis/build/icyphy/ptII/ptolemy/actor/lib/test/auto/knownFailedTests/sizedarray3.xml
4 ms. Memory: 481792K Free: 409538K (85%)
Known Failure: java.lang.reflect.InvocationTargetException
No auto/linux-amd64/*.xml tests in /home/travis/build/icyphy/ptII/ptolemy/actor/lib/test
AutoTests.java: About to close Vertx.
AutoTests.java: Vertx closed.

===========================================================================================
----------------- testing Sun Oct 28 02:32:30 UTC 2018 /home/travis/build/icyphy/ptII/ptolemy/actor/lib/test/auto/AbsoluteValue.xml
----------------- Instantiating /home/travis/build/icyphy/ptII/ptolemy/actor/lib/test/auto/AbsoluteValue.xml
11 ms. Memory: 481792K Free: 352799K (73%)
----------------- Invoking toplevel() on ptolemy.moml.MoMLSimpleApplication@6ea5dcdf
----------------- Done invoking toplevel() on ptolemy.moml.MoMLSimpleApplication@6ea5dcdf
reloadAllAccessors: .AbsoluteValue

===========================================================================================
----------------- testing Sun Oct 28 02:32:30 UTC 2018 /home/travis/build/icyphy/ptII/ptolemy/actor/lib/test/auto/AbsoluteValue2.xml
----------------- Instantiating /home/travis/build/icyphy/ptII/ptolemy/actor/lib/test/auto/AbsoluteValue2.xml
3 ms. Memory: 481792K Free: 344970K (72%)
----------------- Invoking toplevel() on ptolemy.moml.MoMLSimpleApplication@46cba1e2
----------------- Done invoking toplevel() on ptolemy.moml.MoMLSimpleApplication@46cba1e2
reloadAllAccessors: .AbsoluteValue2

===========================================================================================
----------------- testing Sun Oct 28 02:32:31 UTC 2018 /home/travis/build/icyphy/ptII/ptolemy/actor/lib/test/auto/Accumulator.xml
----------------- Instantiating /home/travis/build/icyphy/ptII/ptolemy/actor/lib/test/auto/Accumulator.xml
9 ms. Memory: 481792K Free: 329555K (68%)
----------------- Invoking toplevel() on ptolemy.moml.MoMLSimpleApplication@525bdea5
----------------- Done invoking toplevel() on ptolemy.moml.MoMLSimpleApplication@525bdea5
reloadAllAccessors: .Accumulator

===========================================================================================
----------------- testing Sun Oct 28 02:32:31 UTC 2018 /home/travis/build/icyphy/ptII/ptolemy/actor/lib/test/auto/Accumulator2.xml
----------------- Instantiating /home/travis/build/icyphy/ptII/ptolemy/actor/lib/test/auto/Accumulator2.xml
3 ms. Memory: 481792K Free: 321741K (67%)
----------------- Invoking toplevel() on ptolemy.moml.MoMLSimpleApplication@4de8b9c9
----------------- Done invoking toplevel() on ptolemy.moml.MoMLSimpleApplication@4de8b9c9
reloadAllAccessors: .Accumulator2

===========================================================================================
----------------- testing Sun Oct 28 02:32:31 UTC 2018 /home/travis/build/icyphy/ptII/ptolemy/actor/lib/test/auto/Accumulator3.xml
----------------- Instantiating /home/travis/build/icyphy/ptII/ptolemy/actor/lib/test/auto/Accumulator3.xml
2 ms. Memory: 481792K Free: 316533K (66%)
----------------- Invoking toplevel() on ptolemy.moml.MoMLSimpleApplication@1933f2e5
----------------- Done invoking toplevel() on ptolemy.moml.MoMLSimpleApplication@1933f2e5
reloadAllAccessors: .Accumulator3

===========================================================================================
----------------- testing Sun Oct 28 02:32:31 UTC 2018 /home/travis/build/icyphy/ptII/ptolemy/actor/lib/test/auto/ArrayAppend.xml
----------------- Instantiating /home/travis/build/icyphy/ptII/ptolemy/actor/lib/test/auto/ArrayAppend.xml
4 ms. Memory: 481792K Free: 308703K (64%)
----------------- Invoking toplevel() on ptolemy.moml.MoMLSimpleApplication@23a2afa
----------------- Done invoking toplevel() on ptolemy.moml.MoMLSimpleApplication@23a2afa
reloadAllAccessors: .ArrayAppend

===========================================================================================
----------------- testing Sun Oct 28 02:32:31 UTC 2018 /home/travis/build/icyphy/ptII/ptolemy/actor/lib/test/auto/ArrayAppend2.xml
----------------- Instantiating /home/travis/build/icyphy/ptII/ptolemy/actor/lib/test/auto/ArrayAppend2.xml
299 ms. Memory: 481792K Free: 215157K (45%)
----------------- Invoking toplevel() on ptolemy.moml.MoMLSimpleApplication@105cc1d9
----------------- Done invoking toplevel() on ptolemy.moml.MoMLSimpleApplication@105cc1d9
reloadAllAccessors: .ArrayAppend2

===========================================================================================
----------------- testing Sun Oct 28 02:32:31 UTC 2018 /home/travis/build/icyphy/ptII/ptolemy/actor/lib/test/auto/ArrayAppend3.xml
----------------- Instantiating /home/travis/build/icyphy/ptII/ptolemy/actor/lib/test/auto/ArrayAppend3.xml
5 ms. Memory: 481792K Free: 207343K (43%)
----------------- Invoking toplevel() on ptolemy.moml.MoMLSimpleApplication@e53990d
----------------- Done invoking toplevel() on ptolemy.moml.MoMLSimpleApplication@e53990d
reloadAllAccessors: .ArrayAppend3

===========================================================================================
----------------- testing Sun Oct 28 02:32:31 UTC 2018 /home/travis/build/icyphy/ptII/ptolemy/actor/lib/test/auto/ArrayAppend4.xml
----------------- Instantiating /home/travis/build/icyphy/ptII/ptolemy/actor/lib/test/auto/ArrayAppend4.xml
8 ms. Memory: 481792K Free: 199514K (41%)
----------------- Invoking toplevel() on ptolemy.moml.MoMLSimpleApplication@39285f76
----------------- Done invoking toplevel() on ptolemy.moml.MoMLSimpleApplication@39285f76
reloadAllAccessors: .ArrayAppend4

===========================================================================================
----------------- testing Sun Oct 28 02:32:31 UTC 2018 /home/travis/build/icyphy/ptII/ptolemy/actor/lib/test/auto/ArrayAppend5.xml
----------------- Instantiating /home/travis/build/icyphy/ptII/ptolemy/actor/lib/test/auto/ArrayAppend5.xml
3 ms. Memory: 481792K Free: 184100K (38%)
----------------- Invoking toplevel() on ptolemy.moml.MoMLSimpleApplication@e42ca42
----------------- Done invoking toplevel() on ptolemy.moml.MoMLSimpleApplication@e42ca42
reloadAllAccessors: .ArrayAppend5

===========================================================================================
----------------- testing Sun Oct 28 02:32:31 UTC 2018 /home/travis/build/icyphy/ptII/ptolemy/actor/lib/test/auto/ArrayAppend6.xml
----------------- Instantiating /home/travis/build/icyphy/ptII/ptolemy/actor/lib/test/auto/ArrayAppend6.xml
5 ms. Memory: 481792K Free: 176278K (37%)
----------------- Invoking toplevel() on ptolemy.moml.MoMLSimpleApplication@1b681823
----------------- Done invoking toplevel() on ptolemy.moml.MoMLSimpleApplication@1b681823
reloadAllAccessors: .ArrayAppend6

===========================================================================================
----------------- testing Sun Oct 28 02:32:31 UTC 2018 /home/travis/build/icyphy/ptII/ptolemy/actor/lib/test/auto/ArrayAppendPerformanceTest.xml
----------------- Instantiating /home/travis/build/icyphy/ptII/ptolemy/actor/lib/test/auto/ArrayAppendPerformanceTest.xml
24 ms. Memory: 481792K Free: 165845K (34%)
----------------- Invoking toplevel() on ptolemy.moml.MoMLSimpleApplication@4f31b86e
----------------- Done invoking toplevel() on ptolemy.moml.MoMLSimpleApplication@4f31b86e
reloadAllAccessors: .ArrayAppendPerformanceTest

===========================================================================================
----------------- testing Sun Oct 28 02:32:31 UTC 2018 /home/travis/build/icyphy/ptII/ptolemy/actor/lib/test/auto/ArrayAppendWithEmptyInput.xml
----------------- Instantiating /home/travis/build/icyphy/ptII/ptolemy/actor/lib/test/auto/ArrayAppendWithEmptyInput.xml
17 ms. Memory: 481792K Free: 155411K (32%)
----------------- Invoking toplevel() on ptolemy.moml.MoMLSimpleApplication@41255bcd
----------------- Done invoking toplevel() on ptolemy.moml.MoMLSimpleApplication@41255bcd
reloadAllAccessors: .ArrayAppendWithEmptyInput

===========================================================================================
----------------- testing Sun Oct 28 02:32:31 UTC 2018 /home/travis/build/icyphy/ptII/ptolemy/actor/lib/test/auto/ArrayAverage.xml
----------------- Instantiating /home/travis/build/icyphy/ptII/ptolemy/actor/lib/test/auto/ArrayAverage.xml
11 ms. Memory: 481792K Free: 137392K (29%)
----------------- Invoking toplevel() on ptolemy.moml.MoMLSimpleApplication@5bc97880
----------------- Done invoking toplevel() on ptolemy.moml.MoMLSimpleApplication@5bc97880
reloadAllAccessors: .ArrayAverage

===========================================================================================
----------------- testing Sun Oct 28 02:32:31 UTC 2018 /home/travis/build/icyphy/ptII/ptolemy/actor/lib/test/auto/ArrayContains.xml
----------------- Instantiating /home/travis/build/icyphy/ptII/ptolemy/actor/lib/test/auto/ArrayContains.xml
2 ms. Memory: 481792K Free: 129571K (27%)
----------------- Invoking toplevel() on ptolemy.moml.MoMLSimpleApplication@13a28762
----------------- Done invoking toplevel() on ptolemy.moml.MoMLSimpleApplication@13a28762
reloadAllAccessors: .ArrayContains

===========================================================================================
----------------- testing Sun Oct 28 02:32:31 UTC 2018 /home/travis/build/icyphy/ptII/ptolemy/actor/lib/test/auto/ArrayElement.xml
----------------- Instantiating /home/travis/build/icyphy/ptII/ptolemy/actor/lib/test/auto/ArrayElement.xml
11 ms. Memory: 481792K Free: 121742K (25%)
----------------- Invoking toplevel() on ptolemy.moml.MoMLSimpleApplication@4a913cd4
----------------- Done invoking toplevel() on ptolemy.moml.MoMLSimpleApplication@4a913cd4
reloadAllAccessors: .ArrayElement

===========================================================================================
----------------- testing Sun Oct 28 02:32:31 UTC 2018 /home/travis/build/icyphy/ptII/ptolemy/actor/lib/test/auto/ArrayElementAsMatrix.xml
----------------- Instantiating /home/travis/build/icyphy/ptII/ptolemy/actor/lib/test/auto/ArrayElementAsMatrix.xml
18 ms. Memory: 481792K Free: 103690K (22%)
----------------- Invoking toplevel() on ptolemy.moml.MoMLSimpleApplication@594c023e
----------------- Done invoking toplevel() on ptolemy.moml.MoMLSimpleApplication@594c023e
reloadAllAccessors: .ArrayElementAsMatrix

===========================================================================================
----------------- testing Sun Oct 28 02:32:31 UTC 2018 /home/travis/build/icyphy/ptII/ptolemy/actor/lib/test/auto/ArrayElementI.xml
----------------- Instantiating /home/travis/build/icyphy/ptII/ptolemy/actor/lib/test/auto/ArrayElementI.xml
4 ms. Memory: 481792K Free: 95861K (20%)
----------------- Invoking toplevel() on ptolemy.moml.MoMLSimpleApplication@441b862b
----------------- Done invoking toplevel() on ptolemy.moml.MoMLSimpleApplication@441b862b
reloadAllAccessors: .ArrayElementI

===========================================================================================
----------------- testing Sun Oct 28 02:32:32 UTC 2018 /home/travis/build/icyphy/ptII/ptolemy/actor/lib/test/auto/ArrayExtract.xml
----------------- Instantiating /home/travis/build/icyphy/ptII/ptolemy/actor/lib/test/auto/ArrayExtract.xml
4 ms. Memory: 481792K Free: 88048K (18%)
----------------- Invoking toplevel() on ptolemy.moml.MoMLSimpleApplication@5faaf66d
----------------- Done invoking toplevel() on ptolemy.moml.MoMLSimpleApplication@5faaf66d
reloadAllAccessors: .ArrayExtract

===========================================================================================
----------------- testing Sun Oct 28 02:32:32 UTC 2018 /home/travis/build/icyphy/ptII/ptolemy/actor/lib/test/auto/ArrayExtract2.xml
----------------- Instantiating /home/travis/build/icyphy/ptII/ptolemy/actor/lib/test/auto/ArrayExtract2.xml
2 ms. Memory: 481792K Free: 80219K (17%)
----------------- Invoking toplevel() on ptolemy.moml.MoMLSimpleApplication@3374a546
----------------- Done invoking toplevel() on ptolemy.moml.MoMLSimpleApplication@3374a546
reloadAllAccessors: .ArrayExtract2

===========================================================================================
----------------- testing Sun Oct 28 02:32:32 UTC 2018 /home/travis/build/icyphy/ptII/ptolemy/actor/lib/test/auto/ArrayLength.xml
----------------- Instantiating /home/travis/build/icyphy/ptII/ptolemy/actor/lib/test/auto/ArrayLength.xml
2 ms. Memory: 481792K Free: 67424K (14%)
----------------- Invoking toplevel() on ptolemy.moml.MoMLSimpleApplication@63dedd16
----------------- Done invoking toplevel() on ptolemy.moml.MoMLSimpleApplication@63dedd16
reloadAllAccessors: .ArrayLength

===========================================================================================
----------------- testing Sun Oct 28 02:32:32 UTC 2018 /home/travis/build/icyphy/ptII/ptolemy/actor/lib/test/auto/ArrayLevelCrossing.xml
----------------- Instantiating /home/travis/build/icyphy/ptII/ptolemy/actor/lib/test/auto/ArrayLevelCrossing.xml
4 ms. Memory: 481792K Free: 56975K (12%)
----------------- Invoking toplevel() on ptolemy.moml.MoMLSimpleApplication@67463c2f
----------------- Done invoking toplevel() on ptolemy.moml.MoMLSimpleApplication@67463c2f
reloadAllAccessors: .ArrayLevelCrossing

===========================================================================================
----------------- testing Sun Oct 28 02:32:32 UTC 2018 /home/travis/build/icyphy/ptII/ptolemy/actor/lib/test/auto/ArrayLevelCrossing2.xml
----------------- Instantiating /home/travis/build/icyphy/ptII/ptolemy/actor/lib/test/auto/ArrayLevelCrossing2.xml
3 ms. Memory: 721408K Free: 673528K (93%)
----------------- Invoking toplevel() on ptolemy.moml.MoMLSimpleApplication@4593a06e
----------------- Done invoking toplevel() on ptolemy.moml.MoMLSimpleApplication@4593a06e
reloadAllAccessors: .ArrayLevelCrossing2

===========================================================================================
----------------- testing Sun Oct 28 02:32:32 UTC 2018 /home/travis/build/icyphy/ptII/ptolemy/actor/lib/test/auto/ArrayPeakSearch.xml
----------------- Instantiating /home/travis/build/icyphy/ptII/ptolemy/actor/lib/test/auto/ArrayPeakSearch.xml
7 ms. Memory: 721408K Free: 645931K (90%)
----------------- Invoking toplevel() on ptolemy.moml.MoMLSimpleApplication@61465ef3
----------------- Done invoking toplevel() on ptolemy.moml.MoMLSimpleApplication@61465ef3
reloadAllAccessors: .ArrayPeakSearch

===========================================================================================
----------------- testing Sun Oct 28 02:32:32 UTC 2018 /home/travis/build/icyphy/ptII/ptolemy/actor/lib/test/auto/ArrayPeakSearch2.xml
----------------- Instantiating /home/travis/build/icyphy/ptII/ptolemy/actor/lib/test/auto/ArrayPeakSearch2.xml
7 ms. Memory: 721408K Free: 633412K (88%)
----------------- Invoking toplevel() on ptolemy.moml.MoMLSimpleApplication@3d5c3170
----------------- Done invoking toplevel() on ptolemy.moml.MoMLSimpleApplication@3d5c3170
reloadAllAccessors: .ArrayPeakSearch2

===========================================================================================
----------------- testing Sun Oct 28 02:32:32 UTC 2018 /home/travis/build/icyphy/ptII/ptolemy/actor/lib/test/auto/ArrayPeakSearch3.xml
----------------- Instantiating /home/travis/build/icyphy/ptII/ptolemy/actor/lib/test/auto/ArrayPeakSearch3.xml
6 ms. Memory: 721408K Free: 620893K (86%)
----------------- Invoking toplevel() on ptolemy.moml.MoMLSimpleApplication@2a960b7f
----------------- Done invoking toplevel() on ptolemy.moml.MoMLSimpleApplication@2a960b7f
reloadAllAccessors: .ArrayPeakSearch3

===========================================================================================
----------------- testing Sun Oct 28 02:32:32 UTC 2018 /home/travis/build/icyphy/ptII/ptolemy/actor/lib/test/auto/ArrayRemoveElement.xml
----------------- Instantiating /home/travis/build/icyphy/ptII/ptolemy/actor/lib/test/auto/ArrayRemoveElement.xml
2 ms. Memory: 721408K Free: 599678K (83%)
----------------- Invoking toplevel() on ptolemy.moml.MoMLSimpleApplication@71bdb1e5
----------------- Done invoking toplevel() on ptolemy.moml.MoMLSimpleApplication@71bdb1e5
reloadAllAccessors: .ArrayRemoveElement

===========================================================================================
----------------- testing Sun Oct 28 02:32:32 UTC 2018 /home/travis/build/icyphy/ptII/ptolemy/actor/lib/test/auto/ArraySort.xml
----------------- Instantiating /home/travis/build/icyphy/ptII/ptolemy/actor/lib/test/auto/ArraySort.xml
3 ms. Memory: 721408K Free: 587159K (81%)
----------------- Invoking toplevel() on ptolemy.moml.MoMLSimpleApplication@12da99f2
----------------- Done invoking toplevel() on ptolemy.moml.MoMLSimpleApplication@12da99f2
reloadAllAccessors: .ArraySort

===========================================================================================
----------------- testing Sun Oct 28 02:32:32 UTC 2018 /home/travis/build/icyphy/ptII/ptolemy/actor/lib/test/auto/ArraySum.xml
----------------- Instantiating /home/travis/build/icyphy/ptII/ptolemy/actor/lib/test/auto/ArraySum.xml
3 ms. Memory: 721408K Free: 578823K (80%)
----------------- Invoking toplevel() on ptolemy.moml.MoMLSimpleApplication@793f0e3f
----------------- Done invoking toplevel() on ptolemy.moml.MoMLSimpleApplication@793f0e3f
reloadAllAccessors: .ArraySum

===========================================================================================
----------------- testing Sun Oct 28 02:32:32 UTC 2018 /home/travis/build/icyphy/ptII/ptolemy/actor/lib/test/auto/ArrayToElements.xml
----------------- Instantiating /home/travis/build/icyphy/ptII/ptolemy/actor/lib/test/auto/ArrayToElements.xml
4 ms. Memory: 721408K Free: 570488K (79%)
----------------- Invoking toplevel() on ptolemy.moml.MoMLSimpleApplication@38dbdf40
----------------- Done invoking toplevel() on ptolemy.moml.MoMLSimpleApplication@38dbdf40
reloadAllAccessors: .ArrayToElements

===========================================================================================
----------------- testing Sun Oct 28 02:32:32 UTC 2018 /home/travis/build/icyphy/ptII/ptolemy/actor/lib/test/auto/ArrayToMatrix.xml
----------------- Instantiating /home/travis/build/icyphy/ptII/ptolemy/actor/lib/test/auto/ArrayToMatrix.xml
8 ms. Memory: 721408K Free: 540921K (75%)
----------------- Invoking toplevel() on ptolemy.moml.MoMLSimpleApplication@64675170
----------------- Done invoking toplevel() on ptolemy.moml.MoMLSimpleApplication@64675170
reloadAllAccessors: .ArrayToMatrix

===========================================================================================
----------------- testing Sun Oct 28 02:32:32 UTC 2018 /home/travis/build/icyphy/ptII/ptolemy/actor/lib/test/auto/ArrayUpdate1.xml
----------------- Instantiating /home/travis/build/icyphy/ptII/ptolemy/actor/lib/test/auto/ArrayUpdate1.xml
2 ms. Memory: 721408K Free: 532585K (74%)
----------------- Invoking toplevel() on ptolemy.moml.MoMLSimpleApplication@46013ee4
----------------- Done invoking toplevel() on ptolemy.moml.MoMLSimpleApplication@46013ee4
reloadAllAccessors: .ArrayUpdate1

===========================================================================================
----------------- testing Sun Oct 28 02:32:32 UTC 2018 /home/travis/build/icyphy/ptII/ptolemy/actor/lib/test/auto/ArrayUpdate2.xml
----------------- Instantiating /home/travis/build/icyphy/ptII/ptolemy/actor/lib/test/auto/ArrayUpdate2.xml
5 ms. Memory: 721408K Free: 524250K (73%)
----------------- Invoking toplevel() on ptolemy.moml.MoMLSimpleApplication@6bf5c936
----------------- Done invoking toplevel() on ptolemy.moml.MoMLSimpleApplication@6bf5c936
reloadAllAccessors: .ArrayUpdate2

===========================================================================================
----------------- testing Sun Oct 28 02:32:32 UTC 2018 /home/travis/build/icyphy/ptII/ptolemy/actor/lib/test/auto/ArrayUpdate3.xml
----------------- Instantiating /home/travis/build/icyphy/ptII/ptolemy/actor/lib/test/auto/ArrayUpdate3.xml
7 ms. Memory: 721408K Free: 515914K (72%)
----------------- Invoking toplevel() on ptolemy.moml.MoMLSimpleApplication@e64f130
----------------- Done invoking toplevel() on ptolemy.moml.MoMLSimpleApplication@e64f130
reloadAllAccessors: .ArrayUpdate3

===========================================================================================
----------------- testing Sun Oct 28 02:32:32 UTC 2018 /home/travis/build/icyphy/ptII/ptolemy/actor/lib/test/auto/Assert1.xml
----------------- Instantiating /home/travis/build/icyphy/ptII/ptolemy/actor/lib/test/auto/Assert1.xml
3 ms. Memory: 721408K Free: 498883K (69%)
----------------- Invoking toplevel() on ptolemy.moml.MoMLSimpleApplication@4b0cc0ea
----------------- Done invoking toplevel() on ptolemy.moml.MoMLSimpleApplication@4b0cc0ea
reloadAllAccessors: .Assert1

===========================================================================================
----------------- testing Sun Oct 28 02:32:32 UTC 2018 /home/travis/build/icyphy/ptII/ptolemy/actor/lib/test/auto/Assert2.xml
----------------- Instantiating /home/travis/build/icyphy/ptII/ptolemy/actor/lib/test/auto/Assert2.xml
3 ms. Memory: 721408K Free: 490547K (68%)
----------------- Invoking toplevel() on ptolemy.moml.MoMLSimpleApplication@61745743
----------------- Done invoking toplevel() on ptolemy.moml.MoMLSimpleApplication@61745743
reloadAllAccessors: .Assert2

===========================================================================================
----------------- testing Sun Oct 28 02:32:32 UTC 2018 /home/travis/build/icyphy/ptII/ptolemy/actor/lib/test/auto/BooleanMultiplexor.xml
----------------- Instantiating /home/travis/build/icyphy/ptII/ptolemy/actor/lib/test/auto/BooleanMultiplexor.xml
2 ms. Memory: 721408K Free: 482212K (67%)
----------------- Invoking toplevel() on ptolemy.moml.MoMLSimpleApplication@1eb084df
----------------- Done invoking toplevel() on ptolemy.moml.MoMLSimpleApplication@1eb084df
reloadAllAccessors: .BooleanMultiplexor

===========================================================================================
----------------- testing Sun Oct 28 02:32:32 UTC 2018 /home/travis/build/icyphy/ptII/ptolemy/actor/lib/test/auto/BooleanMultiplexor2.xml
----------------- Instantiating /home/travis/build/icyphy/ptII/ptolemy/actor/lib/test/auto/BooleanMultiplexor2.xml
9 ms. Memory: 721408K Free: 469701K (65%)
----------------- Invoking toplevel() on ptolemy.moml.MoMLSimpleApplication@29f601f5
----------------- Done invoking toplevel() on ptolemy.moml.MoMLSimpleApplication@29f601f5
reloadAllAccessors: .BooleanMultiplexor2

===========================================================================================
----------------- testing Sun Oct 28 02:32:32 UTC 2018 /home/travis/build/icyphy/ptII/ptolemy/actor/lib/test/auto/BooleanMultiplexor3.xml
----------------- Instantiating /home/travis/build/icyphy/ptII/ptolemy/actor/lib/test/auto/BooleanMultiplexor3.xml
6 ms. Memory: 721408K Free: 452669K (63%)
----------------- Invoking toplevel() on ptolemy.moml.MoMLSimpleApplication@26ab34a6
----------------- Done invoking toplevel() on ptolemy.moml.MoMLSimpleApplication@26ab34a6
reloadAllAccessors: .BooleanMultiplexor3

===========================================================================================
----------------- testing Sun Oct 28 02:32:32 UTC 2018 /home/travis/build/icyphy/ptII/ptolemy/actor/lib/test/auto/BooleanSelect.xml
----------------- Instantiating /home/travis/build/icyphy/ptII/ptolemy/actor/lib/test/auto/BooleanSelect.xml
8 ms. Memory: 721408K Free: 444333K (62%)
----------------- Invoking toplevel() on ptolemy.moml.MoMLSimpleApplication@79d04c8a
----------------- Done invoking toplevel() on ptolemy.moml.MoMLSimpleApplication@79d04c8a
reloadAllAccessors: .BooleanSelect

===========================================================================================
----------------- testing Sun Oct 28 02:32:32 UTC 2018 /home/travis/build/icyphy/ptII/ptolemy/actor/lib/test/auto/BooleanSelect2.xml
----------------- Instantiating /home/travis/build/icyphy/ptII/ptolemy/actor/lib/test/auto/BooleanSelect2.xml
2 ms. Memory: 721408K Free: 435998K (60%)
----------------- Invoking toplevel() on ptolemy.moml.MoMLSimpleApplication@45f20b56
----------------- Done invoking toplevel() on ptolemy.moml.MoMLSimpleApplication@45f20b56
reloadAllAccessors: .BooleanSelect2

===========================================================================================
----------------- testing Sun Oct 28 02:32:32 UTC 2018 /home/travis/build/icyphy/ptII/ptolemy/actor/lib/test/auto/BooleanSwitch.xml
----------------- Instantiating /home/travis/build/icyphy/ptII/ptolemy/actor/lib/test/auto/BooleanSwitch.xml
4 ms. Memory: 721408K Free: 427663K (59%)
----------------- Invoking toplevel() on ptolemy.moml.MoMLSimpleApplication@6823a892
----------------- Done invoking toplevel() on ptolemy.moml.MoMLSimpleApplication@6823a892
reloadAllAccessors: .BooleanSwitch

===========================================================================================
----------------- testing Sun Oct 28 02:32:32 UTC 2018 /home/travis/build/icyphy/ptII/ptolemy/actor/lib/test/auto/BooleanSwitch2.xml
----------------- Instantiating /home/travis/build/icyphy/ptII/ptolemy/actor/lib/test/auto/BooleanSwitch2.xml
2 ms. Memory: 721408K Free: 410631K (57%)
----------------- Invoking toplevel() on ptolemy.moml.MoMLSimpleApplication@39b2ca58
----------------- Done invoking toplevel() on ptolemy.moml.MoMLSimpleApplication@39b2ca58
reloadAllAccessors: .BooleanSwitch2

===========================================================================================
----------------- testing Sun Oct 28 02:32:32 UTC 2018 /home/travis/build/icyphy/ptII/ptolemy/actor/lib/test/auto/BooleanSwitchCloningBugWithClassRelationGroup.xml
----------------- Instantiating /home/travis/build/icyphy/ptII/ptolemy/actor/lib/test/auto/BooleanSwitchCloningBugWithClassRelationGroup.xml
3 ms. Memory: 721408K Free: 398127K (55%)
----------------- Invoking toplevel() on ptolemy.moml.MoMLSimpleApplication@4b3b40ca
----------------- Done invoking toplevel() on ptolemy.moml.MoMLSimpleApplication@4b3b40ca
reloadAllAccessors: .BooleanSwitchCloningBugWithClassRelationGroup

===========================================================================================
----------------- testing Sun Oct 28 02:32:33 UTC 2018 /home/travis/build/icyphy/ptII/ptolemy/actor/lib/test/auto/BusActors.xml
----------------- Instantiating /home/travis/build/icyphy/ptII/ptolemy/actor/lib/test/auto/BusActors.xml
5 ms. Memory: 721408K Free: 385624K (53%)
----------------- Invoking toplevel() on ptolemy.moml.MoMLSimpleApplication@6fc72061
----------------- Done invoking toplevel() on ptolemy.moml.MoMLSimpleApplication@6fc72061
reloadAllAccessors: .BusActors

===========================================================================================
----------------- testing Sun Oct 28 02:32:33 UTC 2018 /home/travis/build/icyphy/ptII/ptolemy/actor/lib/test/auto/ClassWrapper.xml
----------------- Instantiating /home/travis/build/icyphy/ptII/ptolemy/actor/lib/test/auto/ClassWrapper.xml
3 ms. Memory: 721408K Free: 377289K (52%)
----------------- Invoking toplevel() on ptolemy.moml.MoMLSimpleApplication@2f08561c
----------------- Done invoking toplevel() on ptolemy.moml.MoMLSimpleApplication@2f08561c
reloadAllAccessors: .ClassWrapper

===========================================================================================
----------------- testing Sun Oct 28 02:32:33 UTC 2018 /home/travis/build/icyphy/ptII/ptolemy/actor/lib/test/auto/Clock.xml
----------------- Instantiating /home/travis/build/icyphy/ptII/ptolemy/actor/lib/test/auto/Clock.xml
2 ms. Memory: 721408K Free: 360257K (50%)
----------------- Invoking toplevel() on ptolemy.moml.MoMLSimpleApplication@4aaaeaf
----------------- Done invoking toplevel() on ptolemy.moml.MoMLSimpleApplication@4aaaeaf
reloadAllAccessors: .Clock

===========================================================================================
----------------- testing Sun Oct 28 02:32:33 UTC 2018 /home/travis/build/icyphy/ptII/ptolemy/actor/lib/test/auto/Clock10.xml
----------------- Instantiating /home/travis/build/icyphy/ptII/ptolemy/actor/lib/test/auto/Clock10.xml
5 ms. Memory: 721408K Free: 351921K (49%)
----------------- Invoking toplevel() on ptolemy.moml.MoMLSimpleApplication@469a2e60
----------------- Done invoking toplevel() on ptolemy.moml.MoMLSimpleApplication@469a2e60
reloadAllAccessors: .Clock10

===========================================================================================
----------------- testing Sun Oct 28 02:32:33 UTC 2018 /home/travis/build/icyphy/ptII/ptolemy/actor/lib/test/auto/Clock11.xml
----------------- Instantiating /home/travis/build/icyphy/ptII/ptolemy/actor/lib/test/auto/Clock11.xml
5 ms. Memory: 721408K Free: 343586K (48%)
----------------- Invoking toplevel() on ptolemy.moml.MoMLSimpleApplication@443419c1
----------------- Done invoking toplevel() on ptolemy.moml.MoMLSimpleApplication@443419c1
reloadAllAccessors: .Clock11

===========================================================================================
----------------- testing Sun Oct 28 02:32:33 UTC 2018 /home/travis/build/icyphy/ptII/ptolemy/actor/lib/test/auto/Clock12.xml
----------------- Instantiating /home/travis/build/icyphy/ptII/ptolemy/actor/lib/test/auto/Clock12.xml
4 ms. Memory: 721408K Free: 335250K (46%)
----------------- Invoking toplevel() on ptolemy.moml.MoMLSimpleApplication@21fc4907
----------------- Done invoking toplevel() on ptolemy.moml.MoMLSimpleApplication@21fc4907
reloadAllAccessors: .Clock12

===========================================================================================
----------------- testing Sun Oct 28 02:32:33 UTC 2018 /home/travis/build/icyphy/ptII/ptolemy/actor/lib/test/auto/Clock13.xml
----------------- Instantiating /home/travis/build/icyphy/ptII/ptolemy/actor/lib/test/auto/Clock13.xml
7 ms. Memory: 721408K Free: 314155K (44%)
----------------- Invoking toplevel() on ptolemy.moml.MoMLSimpleApplication@b83f971
----------------- Done invoking toplevel() on ptolemy.moml.MoMLSimpleApplication@b83f971
reloadAllAccessors: .Clock13

===========================================================================================
----------------- testing Sun Oct 28 02:32:33 UTC 2018 /home/travis/build/icyphy/ptII/ptolemy/actor/lib/test/auto/Clock14.xml
----------------- Instantiating /home/travis/build/icyphy/ptII/ptolemy/actor/lib/test/auto/Clock14.xml
3 ms. Memory: 721408K Free: 305820K (42%)
----------------- Invoking toplevel() on ptolemy.moml.MoMLSimpleApplication@3ad2a120
----------------- Done invoking toplevel() on ptolemy.moml.MoMLSimpleApplication@3ad2a120
reloadAllAccessors: .Clock14

===========================================================================================
----------------- testing Sun Oct 28 02:32:33 UTC 2018 /home/travis/build/icyphy/ptII/ptolemy/actor/lib/test/auto/Clock15.xml
----------------- Instantiating /home/travis/build/icyphy/ptII/ptolemy/actor/lib/test/auto/Clock15.xml
6 ms. Memory: 721408K Free: 297484K (41%)
----------------- Invoking toplevel() on ptolemy.moml.MoMLSimpleApplication@5536bf5a
----------------- Done invoking toplevel() on ptolemy.moml.MoMLSimpleApplication@5536bf5a
reloadAllAccessors: .Clock15

===========================================================================================
----------------- testing Sun Oct 28 02:32:33 UTC 2018 /home/travis/build/icyphy/ptII/ptolemy/actor/lib/test/auto/Clock16.xml
----------------- Instantiating /home/travis/build/icyphy/ptII/ptolemy/actor/lib/test/auto/Clock16.xml
28 ms. Memory: 721408K Free: 280797K (39%)
----------------- Invoking toplevel() on ptolemy.moml.MoMLSimpleApplication@34bea978
----------------- Done invoking toplevel() on ptolemy.moml.MoMLSimpleApplication@34bea978
reloadAllAccessors: .Clock16

===========================================================================================
----------------- testing Sun Oct 28 02:32:33 UTC 2018 /home/travis/build/icyphy/ptII/ptolemy/actor/lib/test/auto/Clock17.xml
----------------- Instantiating /home/travis/build/icyphy/ptII/ptolemy/actor/lib/test/auto/Clock17.xml
13 ms. Memory: 721408K Free: 255398K (35%)
----------------- Invoking toplevel() on ptolemy.moml.MoMLSimpleApplication@42adc059
----------------- Done invoking toplevel() on ptolemy.moml.MoMLSimpleApplication@42adc059
reloadAllAccessors: .Clock17

===========================================================================================
----------------- testing Sun Oct 28 02:32:33 UTC 2018 /home/travis/build/icyphy/ptII/ptolemy/actor/lib/test/auto/Clock18.xml
----------------- Instantiating /home/travis/build/icyphy/ptII/ptolemy/actor/lib/test/auto/Clock18.xml
16 ms. Memory: 721408K Free: 238711K (33%)
----------------- Invoking toplevel() on ptolemy.moml.MoMLSimpleApplication@4e3a87eb
----------------- Done invoking toplevel() on ptolemy.moml.MoMLSimpleApplication@4e3a87eb
reloadAllAccessors: .Clock18

===========================================================================================
----------------- testing Sun Oct 28 02:32:33 UTC 2018 /home/travis/build/icyphy/ptII/ptolemy/actor/lib/test/auto/Clock19.xml
----------------- Instantiating /home/travis/build/icyphy/ptII/ptolemy/actor/lib/test/auto/Clock19.xml
14 ms. Memory: 721408K Free: 222008K (31%)
----------------- Invoking toplevel() on ptolemy.moml.MoMLSimpleApplication@3cf77e93
----------------- Done invoking toplevel() on ptolemy.moml.MoMLSimpleApplication@3cf77e93
reloadAllAccessors: .Clock19

===========================================================================================
----------------- testing Sun Oct 28 02:32:33 UTC 2018 /home/travis/build/icyphy/ptII/ptolemy/actor/lib/test/auto/Clock2.xml
----------------- Instantiating /home/travis/build/icyphy/ptII/ptolemy/actor/lib/test/auto/Clock2.xml
7 ms. Memory: 721408K Free: 213673K (30%)
----------------- Invoking toplevel() on ptolemy.moml.MoMLSimpleApplication@5a4ba7db
----------------- Done invoking toplevel() on ptolemy.moml.MoMLSimpleApplication@5a4ba7db
reloadAllAccessors: .Clock2

===========================================================================================
----------------- testing Sun Oct 28 02:32:33 UTC 2018 /home/travis/build/icyphy/ptII/ptolemy/actor/lib/test/auto/Clock20.xml
----------------- Instantiating /home/travis/build/icyphy/ptII/ptolemy/actor/lib/test/auto/Clock20.xml
7 ms. Memory: 721408K Free: 196641K (27%)
----------------- Invoking toplevel() on ptolemy.moml.MoMLSimpleApplication@48325c50
----------------- Done invoking toplevel() on ptolemy.moml.MoMLSimpleApplication@48325c50
reloadAllAccessors: .Clock20

===========================================================================================
----------------- testing Sun Oct 28 02:32:33 UTC 2018 /home/travis/build/icyphy/ptII/ptolemy/actor/lib/test/auto/Clock21.xml
----------------- Instantiating /home/travis/build/icyphy/ptII/ptolemy/actor/lib/test/auto/Clock21.xml
7 ms. Memory: 721408K Free: 188306K (26%)
----------------- Invoking toplevel() on ptolemy.moml.MoMLSimpleApplication@1205e40d
----------------- Done invoking toplevel() on ptolemy.moml.MoMLSimpleApplication@1205e40d
reloadAllAccessors: .Clock21

===========================================================================================
----------------- testing Sun Oct 28 02:32:33 UTC 2018 /home/travis/build/icyphy/ptII/ptolemy/actor/lib/test/auto/Clock22.xml
----------------- Instantiating /home/travis/build/icyphy/ptII/ptolemy/actor/lib/test/auto/Clock22.xml
4 ms. Memory: 721408K Free: 179970K (25%)
----------------- Invoking toplevel() on ptolemy.moml.MoMLSimpleApplication@1050bdb2
----------------- Done invoking toplevel() on ptolemy.moml.MoMLSimpleApplication@1050bdb2
reloadAllAccessors: .Clock22

===========================================================================================
----------------- testing Sun Oct 28 02:32:33 UTC 2018 /home/travis/build/icyphy/ptII/ptolemy/actor/lib/test/auto/Clock23.xml
----------------- Instantiating /home/travis/build/icyphy/ptII/ptolemy/actor/lib/test/auto/Clock23.xml
7 ms. Memory: 721408K Free: 171635K (24%)
----------------- Invoking toplevel() on ptolemy.moml.MoMLSimpleApplication@7ecf0aa3
----------------- Done invoking toplevel() on ptolemy.moml.MoMLSimpleApplication@7ecf0aa3
reloadAllAccessors: .Clock23

===========================================================================================
----------------- testing Sun Oct 28 02:32:33 UTC 2018 /home/travis/build/icyphy/ptII/ptolemy/actor/lib/test/auto/Clock24.xml
----------------- Instantiating /home/travis/build/icyphy/ptII/ptolemy/actor/lib/test/auto/Clock24.xml
7 ms. Memory: 721408K Free: 154603K (21%)
----------------- Invoking toplevel() on ptolemy.moml.MoMLSimpleApplication@5c3fbb49
----------------- Done invoking toplevel() on ptolemy.moml.MoMLSimpleApplication@5c3fbb49
reloadAllAccessors: .Clock24

===========================================================================================
----------------- testing Sun Oct 28 02:32:33 UTC 2018 /home/travis/build/icyphy/ptII/ptolemy/actor/lib/test/auto/Clock4.xml
----------------- Instantiating /home/travis/build/icyphy/ptII/ptolemy/actor/lib/test/auto/Clock4.xml
7 ms. Memory: 721408K Free: 146268K (20%)
----------------- Invoking toplevel() on ptolemy.moml.MoMLSimpleApplication@7c57b242
----------------- Done invoking toplevel() on ptolemy.moml.MoMLSimpleApplication@7c57b242
reloadAllAccessors: .Clock4

===========================================================================================
----------------- testing Sun Oct 28 02:32:33 UTC 2018 /home/travis/build/icyphy/ptII/ptolemy/actor/lib/test/auto/Clock5.xml
----------------- Instantiating /home/travis/build/icyphy/ptII/ptolemy/actor/lib/test/auto/Clock5.xml
3 ms. Memory: 721408K Free: 137932K (19%)
----------------- Invoking toplevel() on ptolemy.moml.MoMLSimpleApplication@b06b556
----------------- Done invoking toplevel() on ptolemy.moml.MoMLSimpleApplication@b06b556
reloadAllAccessors: .Clock5

===========================================================================================
----------------- testing Sun Oct 28 02:32:33 UTC 2018 /home/travis/build/icyphy/ptII/ptolemy/actor/lib/test/auto/Clock6.xml
----------------- Instantiating /home/travis/build/icyphy/ptII/ptolemy/actor/lib/test/auto/Clock6.xml
3 ms. Memory: 721408K Free: 120900K (17%)
----------------- Invoking toplevel() on ptolemy.moml.MoMLSimpleApplication@401c87ba
----------------- Done invoking toplevel() on ptolemy.moml.MoMLSimpleApplication@401c87ba
reloadAllAccessors: .Clock6

===========================================================================================
----------------- testing Sun Oct 28 02:32:33 UTC 2018 /home/travis/build/icyphy/ptII/ptolemy/actor/lib/test/auto/Clock7.xml
----------------- Instantiating /home/travis/build/icyphy/ptII/ptolemy/actor/lib/test/auto/Clock7.xml
1 ms. Memory: 721408K Free: 112565K (16%)
----------------- Invoking toplevel() on ptolemy.moml.MoMLSimpleApplication@7658b8e7
----------------- Done invoking toplevel() on ptolemy.moml.MoMLSimpleApplication@7658b8e7
reloadAllAccessors: .Clock7

===========================================================================================
----------------- testing Sun Oct 28 02:32:33 UTC 2018 /home/travis/build/icyphy/ptII/ptolemy/actor/lib/test/auto/Clock8.xml
----------------- Instantiating /home/travis/build/icyphy/ptII/ptolemy/actor/lib/test/auto/Clock8.xml
7 ms. Memory: 721408K Free: 104229K (14%)
----------------- Invoking toplevel() on ptolemy.moml.MoMLSimpleApplication@59cc3d6a
----------------- Done invoking toplevel() on ptolemy.moml.MoMLSimpleApplication@59cc3d6a
reloadAllAccessors: .Clock8

===========================================================================================
----------------- testing Sun Oct 28 02:32:33 UTC 2018 /home/travis/build/icyphy/ptII/ptolemy/actor/lib/test/auto/Clock9.xml
----------------- Instantiating /home/travis/build/icyphy/ptII/ptolemy/actor/lib/test/auto/Clock9.xml
6 ms. Memory: 721408K Free: 95894K (13%)
----------------- Invoking toplevel() on ptolemy.moml.MoMLSimpleApplication@2e60c8c3
----------------- Done invoking toplevel() on ptolemy.moml.MoMLSimpleApplication@2e60c8c3
reloadAllAccessors: .Clock9

===========================================================================================
----------------- testing Sun Oct 28 02:32:33 UTC 2018 /home/travis/build/icyphy/ptII/ptolemy/actor/lib/test/auto/CommDistDiscard.xml
----------------- Instantiating /home/travis/build/icyphy/ptII/ptolemy/actor/lib/test/auto/CommDistDiscard.xml
3 ms. Memory: 721408K Free: 78862K (11%)
----------------- Invoking toplevel() on ptolemy.moml.MoMLSimpleApplication@68bcb43f
----------------- Done invoking toplevel() on ptolemy.moml.MoMLSimpleApplication@68bcb43f
reloadAllAccessors: .CommDistDiscard

===========================================================================================
----------------- testing Sun Oct 28 02:32:33 UTC 2018 /home/travis/build/icyphy/ptII/ptolemy/actor/lib/test/auto/Commutator.xml
----------------- Instantiating /home/travis/build/icyphy/ptII/ptolemy/actor/lib/test/auto/Commutator.xml
2 ms. Memory: 721408K Free: 70527K (10%)
----------------- Invoking toplevel() on ptolemy.moml.MoMLSimpleApplication@328889b9
----------------- Done invoking toplevel() on ptolemy.moml.MoMLSimpleApplication@328889b9
reloadAllAccessors: .Commutator

===========================================================================================
----------------- testing Sun Oct 28 02:32:33 UTC 2018 /home/travis/build/icyphy/ptII/ptolemy/actor/lib/test/auto/Commutator2.xml
----------------- Instantiating /home/travis/build/icyphy/ptII/ptolemy/actor/lib/test/auto/Commutator2.xml
2 ms. Memory: 721408K Free: 62191K (9%)
----------------- Invoking toplevel() on ptolemy.moml.MoMLSimpleApplication@33306907
----------------- Done invoking toplevel() on ptolemy.moml.MoMLSimpleApplication@33306907
reloadAllAccessors: .Commutator2

===========================================================================================
----------------- testing Sun Oct 28 02:32:33 UTC 2018 /home/travis/build/icyphy/ptII/ptolemy/actor/lib/test/auto/Commutator3.xml
----------------- Instantiating /home/travis/build/icyphy/ptII/ptolemy/actor/lib/test/auto/Commutator3.xml
2 ms. Memory: 721408K Free: 56803K (8%)
----------------- Invoking toplevel() on ptolemy.moml.MoMLSimpleApplication@696fad80
----------------- Done invoking toplevel() on ptolemy.moml.MoMLSimpleApplication@696fad80
reloadAllAccessors: .Commutator3

===========================================================================================
----------------- testing Sun Oct 28 02:32:33 UTC 2018 /home/travis/build/icyphy/ptII/ptolemy/actor/lib/test/auto/Compare.xml
----------------- Instantiating /home/travis/build/icyphy/ptII/ptolemy/actor/lib/test/auto/Compare.xml
2 ms. Memory: 721920K Free: 664796K (92%)
----------------- Invoking toplevel() on ptolemy.moml.MoMLSimpleApplication@7ab584fb
----------------- Done invoking toplevel() on ptolemy.moml.MoMLSimpleApplication@7ab584fb
reloadAllAccessors: .Compare

===========================================================================================
----------------- testing Sun Oct 28 02:32:33 UTC 2018 /home/travis/build/icyphy/ptII/ptolemy/actor/lib/test/auto/CompareDE.xml
----------------- Instantiating /home/travis/build/icyphy/ptII/ptolemy/actor/lib/test/auto/CompareDE.xml
3 ms. Memory: 721920K Free: 652293K (90%)
----------------- Invoking toplevel() on ptolemy.moml.MoMLSimpleApplication@387dc2c2
----------------- Done invoking toplevel() on ptolemy.moml.MoMLSimpleApplication@387dc2c2
reloadAllAccessors: .CompareDE

===========================================================================================
----------------- testing Sun Oct 28 02:32:33 UTC 2018 /home/travis/build/icyphy/ptII/ptolemy/actor/lib/test/auto/ComplexDivide.xml
----------------- Instantiating /home/travis/build/icyphy/ptII/ptolemy/actor/lib/test/auto/ComplexDivide.xml
2 ms. Memory: 721920K Free: 643957K (89%)
----------------- Invoking toplevel() on ptolemy.moml.MoMLSimpleApplication@3003df2b
----------------- Done invoking toplevel() on ptolemy.moml.MoMLSimpleApplication@3003df2b
reloadAllAccessors: .ComplexDivide

===========================================================================================
----------------- testing Sun Oct 28 02:32:34 UTC 2018 /home/travis/build/icyphy/ptII/ptolemy/actor/lib/test/auto/ComputeHistogram.xml
----------------- Instantiating /home/travis/build/icyphy/ptII/ptolemy/actor/lib/test/auto/ComputeHistogram.xml
31 ms. Memory: 721920K Free: 620767K (86%)
----------------- Invoking toplevel() on ptolemy.moml.MoMLSimpleApplication@45c0a5d9
----------------- Done invoking toplevel() on ptolemy.moml.MoMLSimpleApplication@45c0a5d9
reloadAllAccessors: .ComputeHistogram

===========================================================================================
----------------- testing Sun Oct 28 02:32:34 UTC 2018 /home/travis/build/icyphy/ptII/ptolemy/actor/lib/test/auto/ConfigurationSelect.xml
----------------- Instantiating /home/travis/build/icyphy/ptII/ptolemy/actor/lib/test/auto/ConfigurationSelect.xml
2 ms. Memory: 721920K Free: 612432K (85%)
----------------- Invoking toplevel() on ptolemy.moml.MoMLSimpleApplication@2ed5f547
----------------- Done invoking toplevel() on ptolemy.moml.MoMLSimpleApplication@2ed5f547
reloadAllAccessors: .ConfigurationSelect

===========================================================================================
----------------- testing Sun Oct 28 02:32:34 UTC 2018 /home/travis/build/icyphy/ptII/ptolemy/actor/lib/test/auto/ConfigurationSelect2.xml
----------------- Instantiating /home/travis/build/icyphy/ptII/ptolemy/actor/lib/test/auto/ConfigurationSelect2.xml
2 ms. Memory: 721920K Free: 604097K (84%)
----------------- Invoking toplevel() on ptolemy.moml.MoMLSimpleApplication@7887426b
----------------- Done invoking toplevel() on ptolemy.moml.MoMLSimpleApplication@7887426b
reloadAllAccessors: .ConfigurationSelect2

===========================================================================================
----------------- testing Sun Oct 28 02:32:34 UTC 2018 /home/travis/build/icyphy/ptII/ptolemy/actor/lib/test/auto/ConfigurationSwitch.xml
----------------- Instantiating /home/travis/build/icyphy/ptII/ptolemy/actor/lib/test/auto/ConfigurationSwitch.xml
1 ms. Memory: 721920K Free: 589274K (82%)
----------------- Invoking toplevel() on ptolemy.moml.MoMLSimpleApplication@2c5010d8
----------------- Done invoking toplevel() on ptolemy.moml.MoMLSimpleApplication@2c5010d8
reloadAllAccessors: .ConfigurationSwitch

===========================================================================================
----------------- testing Sun Oct 28 02:32:34 UTC 2018 /home/travis/build/icyphy/ptII/ptolemy/actor/lib/test/auto/ConfigurationSwitch2.xml
----------------- Instantiating /home/travis/build/icyphy/ptII/ptolemy/actor/lib/test/auto/ConfigurationSwitch2.xml
3 ms. Memory: 721920K Free: 580939K (80%)
----------------- Invoking toplevel() on ptolemy.moml.MoMLSimpleApplication@7217025d
----------------- Done invoking toplevel() on ptolemy.moml.MoMLSimpleApplication@7217025d
reloadAllAccessors: .ConfigurationSwitch2

===========================================================================================
----------------- testing Sun Oct 28 02:32:34 UTC 2018 /home/travis/build/icyphy/ptII/ptolemy/actor/lib/test/auto/ConfigurationSwitchCloningBugWithClassRelationGroup.xml
----------------- Instantiating /home/travis/build/icyphy/ptII/ptolemy/actor/lib/test/auto/ConfigurationSwitchCloningBugWithClassRelationGroup.xml
1 ms. Memory: 721920K Free: 568420K (79%)
----------------- Invoking toplevel() on ptolemy.moml.MoMLSimpleApplication@321bd69d
----------------- Done invoking toplevel() on ptolemy.moml.MoMLSimpleApplication@321bd69d
reloadAllAccessors: .ConfigurationSwitchCloningBugWithClassRelationGroup

===========================================================================================
----------------- testing Sun Oct 28 02:32:34 UTC 2018 /home/travis/build/icyphy/ptII/ptolemy/actor/lib/test/auto/ConfigurationSwitchSelectSDF.xml
----------------- Instantiating /home/travis/build/icyphy/ptII/ptolemy/actor/lib/test/auto/ConfigurationSwitchSelectSDF.xml
3 ms. Memory: 721920K Free: 553597K (77%)
----------------- Invoking toplevel() on ptolemy.moml.MoMLSimpleApplication@2ece56fb
----------------- Done invoking toplevel() on ptolemy.moml.MoMLSimpleApplication@2ece56fb
reloadAllAccessors: .ConfigurationSwitchSelectSDF

===========================================================================================
----------------- testing Sun Oct 28 02:32:34 UTC 2018 /home/travis/build/icyphy/ptII/ptolemy/actor/lib/test/auto/ConfigurationSwitchSelectSDF2.xml
----------------- Instantiating /home/travis/build/icyphy/ptII/ptolemy/actor/lib/test/auto/ConfigurationSwitchSelectSDF2.xml
2 ms. Memory: 721920K Free: 545262K (76%)
----------------- Invoking toplevel() on ptolemy.moml.MoMLSimpleApplication@2cbdd684
----------------- Done invoking toplevel() on ptolemy.moml.MoMLSimpleApplication@2cbdd684
reloadAllAccessors: .ConfigurationSwitchSelectSDF2

===========================================================================================
----------------- testing Sun Oct 28 02:32:34 UTC 2018 /home/travis/build/icyphy/ptII/ptolemy/actor/lib/test/auto/Const.xml
----------------- Instantiating /home/travis/build/icyphy/ptII/ptolemy/actor/lib/test/auto/Const.xml
1 ms. Memory: 721920K Free: 530439K (73%)
----------------- Invoking toplevel() on ptolemy.moml.MoMLSimpleApplication@3926fad1
----------------- Done invoking toplevel() on ptolemy.moml.MoMLSimpleApplication@3926fad1
reloadAllAccessors: .Const

===========================================================================================
----------------- testing Sun Oct 28 02:32:34 UTC 2018 /home/travis/build/icyphy/ptII/ptolemy/actor/lib/test/auto/Const2.xml
----------------- Instantiating /home/travis/build/icyphy/ptII/ptolemy/actor/lib/test/auto/Const2.xml
1 ms. Memory: 721920K Free: 522104K (72%)
----------------- Invoking toplevel() on ptolemy.moml.MoMLSimpleApplication@48c5d81a
----------------- Done invoking toplevel() on ptolemy.moml.MoMLSimpleApplication@48c5d81a
reloadAllAccessors: .Const2

===========================================================================================
----------------- testing Sun Oct 28 02:32:34 UTC 2018 /home/travis/build/icyphy/ptII/ptolemy/actor/lib/test/auto/Const3.xml
----------------- Instantiating /home/travis/build/icyphy/ptII/ptolemy/actor/lib/test/auto/Const3.xml
1 ms. Memory: 721920K Free: 513768K (71%)
----------------- Invoking toplevel() on ptolemy.moml.MoMLSimpleApplication@24a1cdc3
----------------- Done invoking toplevel() on ptolemy.moml.MoMLSimpleApplication@24a1cdc3
reloadAllAccessors: .Const3

===========================================================================================
----------------- testing Sun Oct 28 02:32:34 UTC 2018 /home/travis/build/icyphy/ptII/ptolemy/actor/lib/test/auto/ConstantPublisherPort1.xml
----------------- Instantiating /home/travis/build/icyphy/ptII/ptolemy/actor/lib/test/auto/ConstantPublisherPort1.xml
5 ms. Memory: 721920K Free: 494770K (69%)
----------------- Invoking toplevel() on ptolemy.moml.MoMLSimpleApplication@6194ea8d
----------------- Done invoking toplevel() on ptolemy.moml.MoMLSimpleApplication@6194ea8d
reloadAllAccessors: .ConstantPublisherPort1

===========================================================================================
----------------- testing Sun Oct 28 02:32:34 UTC 2018 /home/travis/build/icyphy/ptII/ptolemy/actor/lib/test/auto/ConstantPublisherPort2.xml
----------------- Instantiating /home/travis/build/icyphy/ptII/ptolemy/actor/lib/test/auto/ConstantPublisherPort2.xml
4 ms. Memory: 721920K Free: 482267K (67%)
----------------- Invoking toplevel() on ptolemy.moml.MoMLSimpleApplication@47b86ccd
----------------- Done invoking toplevel() on ptolemy.moml.MoMLSimpleApplication@47b86ccd
reloadAllAccessors: .ConstantPublisherPort2

===========================================================================================
----------------- testing Sun Oct 28 02:32:34 UTC 2018 /home/travis/build/icyphy/ptII/ptolemy/actor/lib/test/auto/ConstantPublisherPort3.xml
----------------- Instantiating /home/travis/build/icyphy/ptII/ptolemy/actor/lib/test/auto/ConstantPublisherPort3.xml
4 ms. Memory: 721920K Free: 469748K (65%)
----------------- Invoking toplevel() on ptolemy.moml.MoMLSimpleApplication@3912b135
----------------- Done invoking toplevel() on ptolemy.moml.MoMLSimpleApplication@3912b135
reloadAllAccessors: .ConstantPublisherPort3

===========================================================================================
----------------- testing Sun Oct 28 02:32:34 UTC 2018 /home/travis/build/icyphy/ptII/ptolemy/actor/lib/test/auto/ConstantPublisherPort4.xml
----------------- Instantiating /home/travis/build/icyphy/ptII/ptolemy/actor/lib/test/auto/ConstantPublisherPort4.xml
3 ms. Memory: 721920K Free: 450742K (62%)
----------------- Invoking toplevel() on ptolemy.moml.MoMLSimpleApplication@71a04a6b
----------------- Done invoking toplevel() on ptolemy.moml.MoMLSimpleApplication@71a04a6b
reloadAllAccessors: .ConstantPublisherPort4

===========================================================================================
----------------- testing Sun Oct 28 02:32:34 UTC 2018 /home/travis/build/icyphy/ptII/ptolemy/actor/lib/test/auto/ConstantPublisherPort5.xml
----------------- Instantiating /home/travis/build/icyphy/ptII/ptolemy/actor/lib/test/auto/ConstantPublisherPort5.xml
19 ms. Memory: 721920K Free: 429887K (60%)
----------------- Invoking toplevel() on ptolemy.moml.MoMLSimpleApplication@2dd144b3
----------------- Done invoking toplevel() on ptolemy.moml.MoMLSimpleApplication@2dd144b3
reloadAllAccessors: .ConstantPublisherPort5

===========================================================================================
----------------- testing Sun Oct 28 02:32:34 UTC 2018 /home/travis/build/icyphy/ptII/ptolemy/actor/lib/test/auto/ConstantPublisherPort6.xml
----------------- Instantiating /home/travis/build/icyphy/ptII/ptolemy/actor/lib/test/auto/ConstantPublisherPort6.xml
15 ms. Memory: 721920K Free: 404865K (56%)
----------------- Invoking toplevel() on ptolemy.moml.MoMLSimpleApplication@4fdbd86c
----------------- Done invoking toplevel() on ptolemy.moml.MoMLSimpleApplication@4fdbd86c
reloadAllAccessors: .ConstantPublisherPort6

===========================================================================================
----------------- testing Sun Oct 28 02:32:34 UTC 2018 /home/travis/build/icyphy/ptII/ptolemy/actor/lib/test/auto/ConstantPublisherPort7.xml
----------------- Instantiating /home/travis/build/icyphy/ptII/ptolemy/actor/lib/test/auto/ConstantPublisherPort7.xml
16 ms. Memory: 721920K Free: 373355K (52%)
----------------- Invoking toplevel() on ptolemy.moml.MoMLSimpleApplication@2794cc8
----------------- Done invoking toplevel() on ptolemy.moml.MoMLSimpleApplication@2794cc8
reloadAllAccessors: .ConstantPublisherPort7

===========================================================================================
----------------- testing Sun Oct 28 02:32:34 UTC 2018 /home/travis/build/icyphy/ptII/ptolemy/actor/lib/test/auto/ConstraintMonitor1.xml
----------------- Instantiating /home/travis/build/icyphy/ptII/ptolemy/actor/lib/test/auto/ConstraintMonitor1.xml
8 ms. Memory: 721920K Free: 365020K (51%)
----------------- Invoking toplevel() on ptolemy.moml.MoMLSimpleApplication@4eb99c89
----------------- Done invoking toplevel() on ptolemy.moml.MoMLSimpleApplication@4eb99c89
reloadAllAccessors: .ConstraintMonitor1

===========================================================================================
----------------- testing Sun Oct 28 02:32:34 UTC 2018 /home/travis/build/icyphy/ptII/ptolemy/actor/lib/test/auto/ConstraintMonitor2.xml
----------------- Instantiating /home/travis/build/icyphy/ptII/ptolemy/actor/lib/test/auto/ConstraintMonitor2.xml
2 ms. Memory: 721920K Free: 356685K (49%)
----------------- Invoking toplevel() on ptolemy.moml.MoMLSimpleApplication@26dbed92
----------------- Done invoking toplevel() on ptolemy.moml.MoMLSimpleApplication@26dbed92
reloadAllAccessors: .ConstraintMonitor2

===========================================================================================
----------------- testing Sun Oct 28 02:32:34 UTC 2018 /home/travis/build/icyphy/ptII/ptolemy/actor/lib/test/auto/ConstraintMonitor3.xml
----------------- Instantiating /home/travis/build/icyphy/ptII/ptolemy/actor/lib/test/auto/ConstraintMonitor3.xml
2 ms. Memory: 721920K Free: 341862K (47%)
----------------- Invoking toplevel() on ptolemy.moml.MoMLSimpleApplication@2c1dbeaf
----------------- Done invoking toplevel() on ptolemy.moml.MoMLSimpleApplication@2c1dbeaf
reloadAllAccessors: .ConstraintMonitor3

===========================================================================================
----------------- testing Sun Oct 28 02:32:34 UTC 2018 /home/travis/build/icyphy/ptII/ptolemy/actor/lib/test/auto/ConstraintMonitor4.xml
----------------- Instantiating /home/travis/build/icyphy/ptII/ptolemy/actor/lib/test/auto/ConstraintMonitor4.xml
6 ms. Memory: 721920K Free: 333527K (46%)
----------------- Invoking toplevel() on ptolemy.moml.MoMLSimpleApplication@2d8d3214
----------------- Done invoking toplevel() on ptolemy.moml.MoMLSimpleApplication@2d8d3214
reloadAllAccessors: .ConstraintMonitor4

===========================================================================================
----------------- testing Sun Oct 28 02:32:34 UTC 2018 /home/travis/build/icyphy/ptII/ptolemy/actor/lib/test/auto/ConstraintMonitor5.xml
----------------- Instantiating /home/travis/build/icyphy/ptII/ptolemy/actor/lib/test/auto/ConstraintMonitor5.xml
5 ms. Memory: 721920K Free: 325191K (45%)
----------------- Invoking toplevel() on ptolemy.moml.MoMLSimpleApplication@1dd57e97
----------------- Done invoking toplevel() on ptolemy.moml.MoMLSimpleApplication@1dd57e97
reloadAllAccessors: .ConstraintMonitor5

===========================================================================================
----------------- testing Sun Oct 28 02:32:34 UTC 2018 /home/travis/build/icyphy/ptII/ptolemy/actor/lib/test/auto/ConstraintMonitor6.xml
----------------- Instantiating /home/travis/build/icyphy/ptII/ptolemy/actor/lib/test/auto/ConstraintMonitor6.xml
3 ms. Memory: 721920K Free: 310369K (43%)
----------------- Invoking toplevel() on ptolemy.moml.MoMLSimpleApplication@71e5f682
----------------- Done invoking toplevel() on ptolemy.moml.MoMLSimpleApplication@71e5f682
reloadAllAccessors: .ConstraintMonitor6

===========================================================================================
----------------- testing Sun Oct 28 02:32:34 UTC 2018 /home/travis/build/icyphy/ptII/ptolemy/actor/lib/test/auto/ConstraintMonitor7.xml
----------------- Instantiating /home/travis/build/icyphy/ptII/ptolemy/actor/lib/test/auto/ConstraintMonitor7.xml
2 ms. Memory: 721920K Free: 297850K (41%)
----------------- Invoking toplevel() on ptolemy.moml.MoMLSimpleApplication@18e18eac
----------------- Done invoking toplevel() on ptolemy.moml.MoMLSimpleApplication@18e18eac
reloadAllAccessors: .ConstraintMonitor7

===========================================================================================
----------------- testing Sun Oct 28 02:32:34 UTC 2018 /home/travis/build/icyphy/ptII/ptolemy/actor/lib/test/auto/ConstraintMonitor8.xml
----------------- Instantiating /home/travis/build/icyphy/ptII/ptolemy/actor/lib/test/auto/ConstraintMonitor8.xml
7 ms. Memory: 721920K Free: 278860K (39%)
----------------- Invoking toplevel() on ptolemy.moml.MoMLSimpleApplication@2aa50be
----------------- Done invoking toplevel() on ptolemy.moml.MoMLSimpleApplication@2aa50be
reloadAllAccessors: .ConstraintMonitor8

===========================================================================================
----------------- testing Sun Oct 28 02:32:34 UTC 2018 /home/travis/build/icyphy/ptII/ptolemy/actor/lib/test/auto/Counter.xml
----------------- Instantiating /home/travis/build/icyphy/ptII/ptolemy/actor/lib/test/auto/Counter.xml
2 ms. Memory: 721920K Free: 270524K (37%)
----------------- Invoking toplevel() on ptolemy.moml.MoMLSimpleApplication@7e7ba7d8
----------------- Done invoking toplevel() on ptolemy.moml.MoMLSimpleApplication@7e7ba7d8
reloadAllAccessors: .Counter

===========================================================================================
----------------- testing Sun Oct 28 02:32:34 UTC 2018 /home/travis/build/icyphy/ptII/ptolemy/actor/lib/test/auto/CurrentTimeSDF.xml
----------------- Instantiating /home/travis/build/icyphy/ptII/ptolemy/actor/lib/test/auto/CurrentTimeSDF.xml
1 ms. Memory: 721920K Free: 262189K (36%)
----------------- Invoking toplevel() on ptolemy.moml.MoMLSimpleApplication@505e858e
----------------- Done invoking toplevel() on ptolemy.moml.MoMLSimpleApplication@505e858e
reloadAllAccessors: .CurrentTimeSDF

===========================================================================================
----------------- testing Sun Oct 28 02:32:34 UTC 2018 /home/travis/build/icyphy/ptII/ptolemy/actor/lib/test/auto/DB.xml
----------------- Instantiating /home/travis/build/icyphy/ptII/ptolemy/actor/lib/test/auto/DB.xml
2 ms. Memory: 721920K Free: 247366K (34%)
----------------- Invoking toplevel() on ptolemy.moml.MoMLSimpleApplication@2da7144a
----------------- Done invoking toplevel() on ptolemy.moml.MoMLSimpleApplication@2da7144a
reloadAllAccessors: .DB

===========================================================================================
----------------- testing Sun Oct 28 02:32:34 UTC 2018 /home/travis/build/icyphy/ptII/ptolemy/actor/lib/test/auto/DBDE.xml
----------------- Instantiating /home/travis/build/icyphy/ptII/ptolemy/actor/lib/test/auto/DBDE.xml
2 ms. Memory: 721920K Free: 239031K (33%)
----------------- Invoking toplevel() on ptolemy.moml.MoMLSimpleApplication@607b71b3
----------------- Done invoking toplevel() on ptolemy.moml.MoMLSimpleApplication@607b71b3
reloadAllAccessors: .DBDE

===========================================================================================
----------------- testing Sun Oct 28 02:32:34 UTC 2018 /home/travis/build/icyphy/ptII/ptolemy/actor/lib/test/auto/DateConstructor.xml
----------------- Instantiating /home/travis/build/icyphy/ptII/ptolemy/actor/lib/test/auto/DateConstructor.xml
11 ms. Memory: 721920K Free: 218152K (30%)
----------------- Invoking toplevel() on ptolemy.moml.MoMLSimpleApplication@1cace3d3
----------------- Done invoking toplevel() on ptolemy.moml.MoMLSimpleApplication@1cace3d3
reloadAllAccessors: .DateConstructor

===========================================================================================
----------------- testing Sun Oct 28 02:32:34 UTC 2018 /home/travis/build/icyphy/ptII/ptolemy/actor/lib/test/auto/DelayTime.xml
----------------- Instantiating /home/travis/build/icyphy/ptII/ptolemy/actor/lib/test/auto/DelayTime.xml
3 ms. Memory: 721920K Free: 203330K (28%)
----------------- Invoking toplevel() on ptolemy.moml.MoMLSimpleApplication@54b87ca2
----------------- Done invoking toplevel() on ptolemy.moml.MoMLSimpleApplication@54b87ca2
reloadAllAccessors: .DelayTime

===========================================================================================
----------------- testing Sun Oct 28 02:32:34 UTC 2018 /home/travis/build/icyphy/ptII/ptolemy/actor/lib/test/auto/Dictionary1.xml
----------------- Instantiating /home/travis/build/icyphy/ptII/ptolemy/actor/lib/test/auto/Dictionary1.xml
2 ms. Memory: 721920K Free: 194994K (27%)
----------------- Invoking toplevel() on ptolemy.moml.MoMLSimpleApplication@2819ce42
----------------- Done invoking toplevel() on ptolemy.moml.MoMLSimpleApplication@2819ce42
reloadAllAccessors: .Dictionary1

===========================================================================================
----------------- testing Sun Oct 28 02:32:34 UTC 2018 /home/travis/build/icyphy/ptII/ptolemy/actor/lib/test/auto/Dictionary2.xml
----------------- Instantiating /home/travis/build/icyphy/ptII/ptolemy/actor/lib/test/auto/Dictionary2.xml
5 ms. Memory: 721920K Free: 186659K (26%)
----------------- Invoking toplevel() on ptolemy.moml.MoMLSimpleApplication@2761bc21
----------------- Done invoking toplevel() on ptolemy.moml.MoMLSimpleApplication@2761bc21
reloadAllAccessors: .Dictionary2

===========================================================================================
----------------- testing Sun Oct 28 02:32:34 UTC 2018 /home/travis/build/icyphy/ptII/ptolemy/actor/lib/test/auto/Dictionary3.xml
----------------- Instantiating /home/travis/build/icyphy/ptII/ptolemy/actor/lib/test/auto/Dictionary3.xml
1 ms. Memory: 721920K Free: 171836K (24%)
----------------- Invoking toplevel() on ptolemy.moml.MoMLSimpleApplication@42b83627
----------------- Done invoking toplevel() on ptolemy.moml.MoMLSimpleApplication@42b83627
reloadAllAccessors: .Dictionary3

===========================================================================================
----------------- testing Sun Oct 28 02:32:34 UTC 2018 /home/travis/build/icyphy/ptII/ptolemy/actor/lib/test/auto/Dictionary4.xml
----------------- Instantiating /home/travis/build/icyphy/ptII/ptolemy/actor/lib/test/auto/Dictionary4.xml
4 ms. Memory: 721920K Free: 159317K (22%)
----------------- Invoking toplevel() on ptolemy.moml.MoMLSimpleApplication@6625f6ae
----------------- Done invoking toplevel() on ptolemy.moml.MoMLSimpleApplication@6625f6ae
reloadAllAccessors: .Dictionary4

===========================================================================================
----------------- testing Sun Oct 28 02:32:34 UTC 2018 /home/travis/build/icyphy/ptII/ptolemy/actor/lib/test/auto/Differential.xml
----------------- Instantiating /home/travis/build/icyphy/ptII/ptolemy/actor/lib/test/auto/Differential.xml
3 ms. Memory: 721920K Free: 150982K (21%)
----------------- Invoking toplevel() on ptolemy.moml.MoMLSimpleApplication@3d8a4bda
----------------- Done invoking toplevel() on ptolemy.moml.MoMLSimpleApplication@3d8a4bda
reloadAllAccessors: .Differential

===========================================================================================
----------------- testing Sun Oct 28 02:32:34 UTC 2018 /home/travis/build/icyphy/ptII/ptolemy/actor/lib/test/auto/Director.xml
----------------- Instantiating /home/travis/build/icyphy/ptII/ptolemy/actor/lib/test/auto/Director.xml
2 ms. Memory: 721920K Free: 136159K (19%)
----------------- Invoking toplevel() on ptolemy.moml.MoMLSimpleApplication@7c4e5e2a
----------------- Done invoking toplevel() on ptolemy.moml.MoMLSimpleApplication@7c4e5e2a
reloadAllAccessors: .Director

===========================================================================================
----------------- testing Sun Oct 28 02:32:34 UTC 2018 /home/travis/build/icyphy/ptII/ptolemy/actor/lib/test/auto/DiscreteClock.xml
----------------- Instantiating /home/travis/build/icyphy/ptII/ptolemy/actor/lib/test/auto/DiscreteClock.xml
1 ms. Memory: 721920K Free: 127824K (18%)
----------------- Invoking toplevel() on ptolemy.moml.MoMLSimpleApplication@1e40db0
----------------- Done invoking toplevel() on ptolemy.moml.MoMLSimpleApplication@1e40db0
reloadAllAccessors: .DiscreteClock

===========================================================================================
----------------- testing Sun Oct 28 02:32:34 UTC 2018 /home/travis/build/icyphy/ptII/ptolemy/actor/lib/test/auto/DiscreteClock10.xml
----------------- Instantiating /home/travis/build/icyphy/ptII/ptolemy/actor/lib/test/auto/DiscreteClock10.xml
5 ms. Memory: 721920K Free: 113001K (16%)
----------------- Invoking toplevel() on ptolemy.moml.MoMLSimpleApplication@5698ac7a
----------------- Done invoking toplevel() on ptolemy.moml.MoMLSimpleApplication@5698ac7a
reloadAllAccessors: .DiscreteClock10

===========================================================================================
----------------- testing Sun Oct 28 02:32:34 UTC 2018 /home/travis/build/icyphy/ptII/ptolemy/actor/lib/test/auto/DiscreteClock11.xml
----------------- Instantiating /home/travis/build/icyphy/ptII/ptolemy/actor/lib/test/auto/DiscreteClock11.xml
5 ms. Memory: 721920K Free: 104666K (14%)
----------------- Invoking toplevel() on ptolemy.moml.MoMLSimpleApplication@2c313b72
----------------- Done invoking toplevel() on ptolemy.moml.MoMLSimpleApplication@2c313b72
reloadAllAccessors: .DiscreteClock11

===========================================================================================
----------------- testing Sun Oct 28 02:32:35 UTC 2018 /home/travis/build/icyphy/ptII/ptolemy/actor/lib/test/auto/DiscreteClock12.xml
----------------- Instantiating /home/travis/build/icyphy/ptII/ptolemy/actor/lib/test/auto/DiscreteClock12.xml
3 ms. Memory: 721920K Free: 96330K (13%)
----------------- Invoking toplevel() on ptolemy.moml.MoMLSimpleApplication@11c5e2da
----------------- Done invoking toplevel() on ptolemy.moml.MoMLSimpleApplication@11c5e2da
reloadAllAccessors: .DiscreteClock12

===========================================================================================
----------------- testing Sun Oct 28 02:32:35 UTC 2018 /home/travis/build/icyphy/ptII/ptolemy/actor/lib/test/auto/DiscreteClock13.xml
----------------- Instantiating /home/travis/build/icyphy/ptII/ptolemy/actor/lib/test/auto/DiscreteClock13.xml
7 ms. Memory: 721920K Free: 81508K (11%)
----------------- Invoking toplevel() on ptolemy.moml.MoMLSimpleApplication@33421d2a
----------------- Done invoking toplevel() on ptolemy.moml.MoMLSimpleApplication@33421d2a
reloadAllAccessors: .DiscreteClock13

===========================================================================================
----------------- testing Sun Oct 28 02:32:35 UTC 2018 /home/travis/build/icyphy/ptII/ptolemy/actor/lib/test/auto/DiscreteClock14.xml
----------------- Instantiating /home/travis/build/icyphy/ptII/ptolemy/actor/lib/test/auto/DiscreteClock14.xml
6 ms. Memory: 721920K Free: 73172K (10%)
----------------- Invoking toplevel() on ptolemy.moml.MoMLSimpleApplication@1f5336a8
----------------- Done invoking toplevel() on ptolemy.moml.MoMLSimpleApplication@1f5336a8
reloadAllAccessors: .DiscreteClock14

===========================================================================================
----------------- testing Sun Oct 28 02:32:35 UTC 2018 /home/travis/build/icyphy/ptII/ptolemy/actor/lib/test/auto/DiscreteClock15.xml
----------------- Instantiating /home/travis/build/icyphy/ptII/ptolemy/actor/lib/test/auto/DiscreteClock15.xml
6 ms. Memory: 721920K Free: 64837K (9%)
----------------- Invoking toplevel() on ptolemy.moml.MoMLSimpleApplication@2b47c848
----------------- Done invoking toplevel() on ptolemy.moml.MoMLSimpleApplication@2b47c848
reloadAllAccessors: .DiscreteClock15

===========================================================================================
----------------- testing Sun Oct 28 02:32:35 UTC 2018 /home/travis/build/icyphy/ptII/ptolemy/actor/lib/test/auto/DiscreteClock16.xml
----------------- Instantiating /home/travis/build/icyphy/ptII/ptolemy/actor/lib/test/auto/DiscreteClock16.xml
11 ms. Memory: 1096704K Free: 1031537K (94%)
----------------- Invoking toplevel() on ptolemy.moml.MoMLSimpleApplication@6f7f288
----------------- Done invoking toplevel() on ptolemy.moml.MoMLSimpleApplication@6f7f288
reloadAllAccessors: .DiscreteClock16

===========================================================================================
----------------- testing Sun Oct 28 02:32:35 UTC 2018 /home/travis/build/icyphy/ptII/ptolemy/actor/lib/test/auto/DiscreteClock17.xml
----------------- Instantiating /home/travis/build/icyphy/ptII/ptolemy/actor/lib/test/auto/DiscreteClock17.xml
12 ms. Memory: 1096704K Free: 1003528K (92%)
----------------- Invoking toplevel() on ptolemy.moml.MoMLSimpleApplication@4d846bd8
----------------- Done invoking toplevel() on ptolemy.moml.MoMLSimpleApplication@4d846bd8
reloadAllAccessors: .DiscreteClock17

===========================================================================================
----------------- testing Sun Oct 28 02:32:35 UTC 2018 /home/travis/build/icyphy/ptII/ptolemy/actor/lib/test/auto/DiscreteClock18.xml
----------------- Instantiating /home/travis/build/icyphy/ptII/ptolemy/actor/lib/test/auto/DiscreteClock18.xml
9 ms. Memory: 1096704K Free: 983415K (90%)
----------------- Invoking toplevel() on ptolemy.moml.MoMLSimpleApplication@6815f480
----------------- Done invoking toplevel() on ptolemy.moml.MoMLSimpleApplication@6815f480
reloadAllAccessors: .DiscreteClock18

===========================================================================================
----------------- testing Sun Oct 28 02:32:35 UTC 2018 /home/travis/build/icyphy/ptII/ptolemy/actor/lib/test/auto/DiscreteClock19.xml
----------------- Instantiating /home/travis/build/icyphy/ptII/ptolemy/actor/lib/test/auto/DiscreteClock19.xml
22 ms. Memory: 1096704K Free: 963398K (88%)
----------------- Invoking toplevel() on ptolemy.moml.MoMLSimpleApplication@27428ee6
----------------- Done invoking toplevel() on ptolemy.moml.MoMLSimpleApplication@27428ee6
reloadAllAccessors: .DiscreteClock19

===========================================================================================
----------------- testing Sun Oct 28 02:32:35 UTC 2018 /home/travis/build/icyphy/ptII/ptolemy/actor/lib/test/auto/DiscreteClock2.xml
----------------- Instantiating /home/travis/build/icyphy/ptII/ptolemy/actor/lib/test/auto/DiscreteClock2.xml
2 ms. Memory: 1096704K Free: 942075K (86%)
----------------- Invoking toplevel() on ptolemy.moml.MoMLSimpleApplication@79a5990
----------------- Done invoking toplevel() on ptolemy.moml.MoMLSimpleApplication@79a5990
reloadAllAccessors: .DiscreteClock2

===========================================================================================
----------------- testing Sun Oct 28 02:32:35 UTC 2018 /home/travis/build/icyphy/ptII/ptolemy/actor/lib/test/auto/DiscreteClock20.xml
----------------- Instantiating /home/travis/build/icyphy/ptII/ptolemy/actor/lib/test/auto/DiscreteClock20.xml
10 ms. Memory: 1096704K Free: 928736K (85%)
----------------- Invoking toplevel() on ptolemy.moml.MoMLSimpleApplication@6fff9ac1
----------------- Done invoking toplevel() on ptolemy.moml.MoMLSimpleApplication@6fff9ac1
reloadAllAccessors: .DiscreteClock20

===========================================================================================
----------------- testing Sun Oct 28 02:32:35 UTC 2018 /home/travis/build/icyphy/ptII/ptolemy/actor/lib/test/auto/DiscreteClock21.xml
----------------- Instantiating /home/travis/build/icyphy/ptII/ptolemy/actor/lib/test/auto/DiscreteClock21.xml
2 ms. Memory: 1115648K Free: 1058482K (95%)
----------------- Invoking toplevel() on ptolemy.moml.MoMLSimpleApplication@670fa38a
----------------- Done invoking toplevel() on ptolemy.moml.MoMLSimpleApplication@670fa38a
reloadAllAccessors: .DiscreteClock21

===========================================================================================
----------------- testing Sun Oct 28 02:32:35 UTC 2018 /home/travis/build/icyphy/ptII/ptolemy/actor/lib/test/auto/DiscreteClock22.xml
----------------- Instantiating /home/travis/build/icyphy/ptII/ptolemy/actor/lib/test/auto/DiscreteClock22.xml
5 ms. Memory: 1115648K Free: 1037160K (93%)
----------------- Invoking toplevel() on ptolemy.moml.MoMLSimpleApplication@3309fd6c
----------------- Done invoking toplevel() on ptolemy.moml.MoMLSimpleApplication@3309fd6c
reloadAllAccessors: .DiscreteClock22

===========================================================================================
----------------- testing Sun Oct 28 02:32:35 UTC 2018 /home/travis/build/icyphy/ptII/ptolemy/actor/lib/test/auto/DiscreteClock23.xml
----------------- Instantiating /home/travis/build/icyphy/ptII/ptolemy/actor/lib/test/auto/DiscreteClock23.xml
5 ms. Memory: 1115648K Free: 1023732K (92%)
----------------- Invoking toplevel() on ptolemy.moml.MoMLSimpleApplication@1348ca7d
----------------- Done invoking toplevel() on ptolemy.moml.MoMLSimpleApplication@1348ca7d
reloadAllAccessors: .DiscreteClock23

===========================================================================================
----------------- testing Sun Oct 28 02:32:35 UTC 2018 /home/travis/build/icyphy/ptII/ptolemy/actor/lib/test/auto/DiscreteClock24.xml
----------------- Instantiating /home/travis/build/icyphy/ptII/ptolemy/actor/lib/test/auto/DiscreteClock24.xml
6 ms. Memory: 1115648K Free: 1010393K (91%)
----------------- Invoking toplevel() on ptolemy.moml.MoMLSimpleApplication@389ad502
----------------- Done invoking toplevel() on ptolemy.moml.MoMLSimpleApplication@389ad502
reloadAllAccessors: .DiscreteClock24

===========================================================================================
----------------- testing Sun Oct 28 02:32:35 UTC 2018 /home/travis/build/icyphy/ptII/ptolemy/actor/lib/test/auto/DiscreteClock4.xml
----------------- Instantiating /home/travis/build/icyphy/ptII/ptolemy/actor/lib/test/auto/DiscreteClock4.xml
2 ms. Memory: 1115648K Free: 989070K (89%)
----------------- Invoking toplevel() on ptolemy.moml.MoMLSimpleApplication@4fa0a7fc
----------------- Done invoking toplevel() on ptolemy.moml.MoMLSimpleApplication@4fa0a7fc
reloadAllAccessors: .DiscreteClock4

===========================================================================================
----------------- testing Sun Oct 28 02:32:35 UTC 2018 /home/travis/build/icyphy/ptII/ptolemy/actor/lib/test/auto/DiscreteClock5.xml
----------------- Instantiating /home/travis/build/icyphy/ptII/ptolemy/actor/lib/test/auto/DiscreteClock5.xml
1 ms. Memory: 1115648K Free: 975731K (87%)
----------------- Invoking toplevel() on ptolemy.moml.MoMLSimpleApplication@80cad78
----------------- Done invoking toplevel() on ptolemy.moml.MoMLSimpleApplication@80cad78
reloadAllAccessors: .DiscreteClock5

===========================================================================================
----------------- testing Sun Oct 28 02:32:35 UTC 2018 /home/travis/build/icyphy/ptII/ptolemy/actor/lib/test/auto/DiscreteClock6.xml
----------------- Instantiating /home/travis/build/icyphy/ptII/ptolemy/actor/lib/test/auto/DiscreteClock6.xml
1 ms. Memory: 1115648K Free: 962392K (86%)
----------------- Invoking toplevel() on ptolemy.moml.MoMLSimpleApplication@2fb6d42e
----------------- Done invoking toplevel() on ptolemy.moml.MoMLSimpleApplication@2fb6d42e
reloadAllAccessors: .DiscreteClock6

===========================================================================================
----------------- testing Sun Oct 28 02:32:35 UTC 2018 /home/travis/build/icyphy/ptII/ptolemy/actor/lib/test/auto/DiscreteClock7.xml
----------------- Instantiating /home/travis/build/icyphy/ptII/ptolemy/actor/lib/test/auto/DiscreteClock7.xml
2 ms. Memory: 1115648K Free: 941069K (84%)
----------------- Invoking toplevel() on ptolemy.moml.MoMLSimpleApplication@4141b95e
----------------- Done invoking toplevel() on ptolemy.moml.MoMLSimpleApplication@4141b95e
reloadAllAccessors: .DiscreteClock7

===========================================================================================
----------------- testing Sun Oct 28 02:32:35 UTC 2018 /home/travis/build/icyphy/ptII/ptolemy/actor/lib/test/auto/DiscreteClock8.xml
----------------- Instantiating /home/travis/build/icyphy/ptII/ptolemy/actor/lib/test/auto/DiscreteClock8.xml
4 ms. Memory: 1115648K Free: 927729K (83%)
----------------- Invoking toplevel() on ptolemy.moml.MoMLSimpleApplication@22d74db2
----------------- Done invoking toplevel() on ptolemy.moml.MoMLSimpleApplication@22d74db2
reloadAllAccessors: .DiscreteClock8

===========================================================================================
----------------- testing Sun Oct 28 02:32:35 UTC 2018 /home/travis/build/icyphy/ptII/ptolemy/actor/lib/test/auto/DiscreteClock9.xml
----------------- Instantiating /home/travis/build/icyphy/ptII/ptolemy/actor/lib/test/auto/DiscreteClock9.xml
4 ms. Memory: 1115648K Free: 914390K (82%)
----------------- Invoking toplevel() on ptolemy.moml.MoMLSimpleApplication@4a80268b
----------------- Done invoking toplevel() on ptolemy.moml.MoMLSimpleApplication@4a80268b
reloadAllAccessors: .DiscreteClock9

===========================================================================================
----------------- testing Sun Oct 28 02:32:36 UTC 2018 /home/travis/build/icyphy/ptII/ptolemy/actor/lib/test/auto/DisplayArray.xml
----------------- Instantiating /home/travis/build/icyphy/ptII/ptolemy/actor/lib/test/auto/DisplayArray.xml
1 ms. Memory: 1115648K Free: 901051K (81%)
----------------- Invoking toplevel() on ptolemy.moml.MoMLSimpleApplication@69e61d1e
----------------- Done invoking toplevel() on ptolemy.moml.MoMLSimpleApplication@69e61d1e
reloadAllAccessors: .DisplayArray

===========================================================================================
----------------- testing Sun Oct 28 02:32:36 UTC 2018 /home/travis/build/icyphy/ptII/ptolemy/actor/lib/test/auto/Distributor.xml
----------------- Instantiating /home/travis/build/icyphy/ptII/ptolemy/actor/lib/test/auto/Distributor.xml
2 ms. Memory: 1115648K Free: 879728K (79%)
----------------- Invoking toplevel() on ptolemy.moml.MoMLSimpleApplication@5e8474fa
----------------- Done invoking toplevel() on ptolemy.moml.MoMLSimpleApplication@5e8474fa
reloadAllAccessors: .Distributor

===========================================================================================
----------------- testing Sun Oct 28 02:32:36 UTC 2018 /home/travis/build/icyphy/ptII/ptolemy/actor/lib/test/auto/Distributor2.xml
----------------- Instantiating /home/travis/build/icyphy/ptII/ptolemy/actor/lib/test/auto/Distributor2.xml
1 ms. Memory: 1115648K Free: 866389K (78%)
----------------- Invoking toplevel() on ptolemy.moml.MoMLSimpleApplication@4a10509c
----------------- Done invoking toplevel() on ptolemy.moml.MoMLSimpleApplication@4a10509c
reloadAllAccessors: .Distributor2

===========================================================================================
----------------- testing Sun Oct 28 02:32:36 UTC 2018 /home/travis/build/icyphy/ptII/ptolemy/actor/lib/test/auto/DownSample.xml
----------------- Instantiating /home/travis/build/icyphy/ptII/ptolemy/actor/lib/test/auto/DownSample.xml
2 ms. Memory: 1115648K Free: 853049K (76%)
----------------- Invoking toplevel() on ptolemy.moml.MoMLSimpleApplication@5150af6
----------------- Done invoking toplevel() on ptolemy.moml.MoMLSimpleApplication@5150af6
reloadAllAccessors: .DownSample

===========================================================================================
----------------- testing Sun Oct 28 02:32:36 UTC 2018 /home/travis/build/icyphy/ptII/ptolemy/actor/lib/test/auto/ElectronicUnitBase1.xml
----------------- Instantiating /home/travis/build/icyphy/ptII/ptolemy/actor/lib/test/auto/ElectronicUnitBase1.xml
21 ms. Memory: 1115648K Free: 818363K (73%)
----------------- Invoking toplevel() on ptolemy.moml.MoMLSimpleApplication@11b09ff9
----------------- Done invoking toplevel() on ptolemy.moml.MoMLSimpleApplication@11b09ff9
reloadAllAccessors: .ElectronicUnitBase1

===========================================================================================
----------------- testing Sun Oct 28 02:32:36 UTC 2018 /home/travis/build/icyphy/ptII/ptolemy/actor/lib/test/auto/ElementsToArray.xml
----------------- Instantiating /home/travis/build/icyphy/ptII/ptolemy/actor/lib/test/auto/ElementsToArray.xml
3 ms. Memory: 1115648K Free: 805024K (72%)
----------------- Invoking toplevel() on ptolemy.moml.MoMLSimpleApplication@7e85c604
----------------- Done invoking toplevel() on ptolemy.moml.MoMLSimpleApplication@7e85c604
reloadAllAccessors: .ElementsToArray

===========================================================================================
----------------- testing Sun Oct 28 02:32:36 UTC 2018 /home/travis/build/icyphy/ptII/ptolemy/actor/lib/test/auto/Equals.xml
----------------- Instantiating /home/travis/build/icyphy/ptII/ptolemy/actor/lib/test/auto/Equals.xml
1 ms. Memory: 1115648K Free: 791684K (71%)
----------------- Invoking toplevel() on ptolemy.moml.MoMLSimpleApplication@7b96b91c
----------------- Done invoking toplevel() on ptolemy.moml.MoMLSimpleApplication@7b96b91c
reloadAllAccessors: .Equals

===========================================================================================
----------------- testing Sun Oct 28 02:32:36 UTC 2018 /home/travis/build/icyphy/ptII/ptolemy/actor/lib/test/auto/Exec.xml
----------------- Instantiating /home/travis/build/icyphy/ptII/ptolemy/actor/lib/test/auto/Exec.xml
10 ms. Memory: 1115648K Free: 761671K (68%)
----------------- Invoking toplevel() on ptolemy.moml.MoMLSimpleApplication@5d02234f
----------------- Done invoking toplevel() on ptolemy.moml.MoMLSimpleApplication@5d02234f
reloadAllAccessors: .Exec

===========================================================================================
----------------- testing Sun Oct 28 02:32:36 UTC 2018 /home/travis/build/icyphy/ptII/ptolemy/actor/lib/test/auto/ExecEnvironment.xml
----------------- Instantiating /home/travis/build/icyphy/ptII/ptolemy/actor/lib/test/auto/ExecEnvironment.xml
22 ms. Memory: 1115648K Free: 740348K (66%)
----------------- Invoking toplevel() on ptolemy.moml.MoMLSimpleApplication@1b2f3350
----------------- Done invoking toplevel() on ptolemy.moml.MoMLSimpleApplication@1b2f3350
reloadAllAccessors: .ExecEnvironment

===========================================================================================
----------------- testing Sun Oct 28 02:32:36 UTC 2018 /home/travis/build/icyphy/ptII/ptolemy/actor/lib/test/auto/ExecNonZeroReturnOutput.xml
----------------- Instantiating /home/travis/build/icyphy/ptII/ptolemy/actor/lib/test/auto/ExecNonZeroReturnOutput.xml
133 ms. Memory: 1115648K Free: 640303K (57%)
----------------- Invoking toplevel() on ptolemy.moml.MoMLSimpleApplication@6ffd0c23
----------------- Done invoking toplevel() on ptolemy.moml.MoMLSimpleApplication@6ffd0c23
reloadAllAccessors: .ExecNonZeroReturnOutput

===========================================================================================
----------------- testing Sun Oct 28 02:32:36 UTC 2018 /home/travis/build/icyphy/ptII/ptolemy/actor/lib/test/auto/ExecRunDemos.xml
----------------- Instantiating /home/travis/build/icyphy/ptII/ptolemy/actor/lib/test/auto/ExecRunDemos.xml
Finished: 63 ms. Memory: 116224K Free: 100103K (86%)

Finished: 43 ms. Memory: 116224K Free: 96359K (83%)

Finished: 59 ms. Memory: 116224K Free: 96891K (83%)

Finished: 65 ms. Memory: 116224K Free: 98268K (85%)

Finished: 42 ms. Memory: 116224K Free: 100064K (86%)

9630 ms. Memory: 1115648K Free: 546897K (49%)
----------------- Invoking toplevel() on ptolemy.moml.MoMLSimpleApplication@35916cf8
----------------- Done invoking toplevel() on ptolemy.moml.MoMLSimpleApplication@35916cf8
reloadAllAccessors: .ExecRunDemos

===========================================================================================
----------------- testing Sun Oct 28 02:32:46 UTC 2018 /home/travis/build/icyphy/ptII/ptolemy/actor/lib/test/auto/ExecStop.xml
----------------- Instantiating /home/travis/build/icyphy/ptII/ptolemy/actor/lib/test/auto/ExecStop.xml
5011 ms. Memory: 1115648K Free: 365501K (33%)
----------------- Invoking toplevel() on ptolemy.moml.MoMLSimpleApplication@4ff24f43
----------------- Done invoking toplevel() on ptolemy.moml.MoMLSimpleApplication@4ff24f43
reloadAllAccessors: .ExecStop

===========================================================================================
----------------- testing Sun Oct 28 02:32:51 UTC 2018 /home/travis/build/icyphy/ptII/ptolemy/actor/lib/test/auto/ExecutionTimeSDF.xml
----------------- Instantiating /home/travis/build/icyphy/ptII/ptolemy/actor/lib/test/auto/ExecutionTimeSDF.xml
Fired ExecutionTime: -486167296
Fired ExecutionTime: -923767296
Fired ExecutionTime: 916000000
6009 ms. Memory: 1115648K Free: 345476K (31%)
----------------- Invoking toplevel() on ptolemy.moml.MoMLSimpleApplication@3ad3460
----------------- Done invoking toplevel() on ptolemy.moml.MoMLSimpleApplication@3ad3460
reloadAllAccessors: .ExecutionTimeSDF

===========================================================================================
----------------- testing Sun Oct 28 02:32:57 UTC 2018 /home/travis/build/icyphy/ptII/ptolemy/actor/lib/test/auto/Expression1.xml
----------------- Instantiating /home/travis/build/icyphy/ptII/ptolemy/actor/lib/test/auto/Expression1.xml
3 ms. Memory: 1115648K Free: 332137K (30%)
----------------- Invoking toplevel() on ptolemy.moml.MoMLSimpleApplication@67514247
----------------- Done invoking toplevel() on ptolemy.moml.MoMLSimpleApplication@67514247
reloadAllAccessors: .Expression1

===========================================================================================
----------------- testing Sun Oct 28 02:32:57 UTC 2018 /home/travis/build/icyphy/ptII/ptolemy/actor/lib/test/auto/Expression10.xml
----------------- Instantiating /home/travis/build/icyphy/ptII/ptolemy/actor/lib/test/auto/Expression10.xml
5 ms. Memory: 1115648K Free: 310814K (28%)
----------------- Invoking toplevel() on ptolemy.moml.MoMLSimpleApplication@2517c4be
----------------- Done invoking toplevel() on ptolemy.moml.MoMLSimpleApplication@2517c4be
reloadAllAccessors: .Expression10

===========================================================================================
----------------- testing Sun Oct 28 02:32:57 UTC 2018 /home/travis/build/icyphy/ptII/ptolemy/actor/lib/test/auto/Expression11.xml
----------------- Instantiating /home/travis/build/icyphy/ptII/ptolemy/actor/lib/test/auto/Expression11.xml
3 ms. Memory: 1115648K Free: 297475K (27%)
----------------- Invoking toplevel() on ptolemy.moml.MoMLSimpleApplication@1cda3ff
----------------- Done invoking toplevel() on ptolemy.moml.MoMLSimpleApplication@1cda3ff
reloadAllAccessors: .Expression11

===========================================================================================
----------------- testing Sun Oct 28 02:32:57 UTC 2018 /home/travis/build/icyphy/ptII/ptolemy/actor/lib/test/auto/Expression12.xml
----------------- Instantiating /home/travis/build/icyphy/ptII/ptolemy/actor/lib/test/auto/Expression12.xml
3 ms. Memory: 1115648K Free: 284135K (25%)
----------------- Invoking toplevel() on ptolemy.moml.MoMLSimpleApplication@6021c1d2
----------------- Done invoking toplevel() on ptolemy.moml.MoMLSimpleApplication@6021c1d2
reloadAllAccessors: .Expression12

===========================================================================================
----------------- testing Sun Oct 28 02:32:57 UTC 2018 /home/travis/build/icyphy/ptII/ptolemy/actor/lib/test/auto/Expression13.xml
----------------- Instantiating /home/travis/build/icyphy/ptII/ptolemy/actor/lib/test/auto/Expression13.xml
4 ms. Memory: 1115648K Free: 270796K (24%)
----------------- Invoking toplevel() on ptolemy.moml.MoMLSimpleApplication@9301045
----------------- Done invoking toplevel() on ptolemy.moml.MoMLSimpleApplication@9301045
reloadAllAccessors: .Expression13

===========================================================================================
----------------- testing Sun Oct 28 02:32:57 UTC 2018 /home/travis/build/icyphy/ptII/ptolemy/actor/lib/test/auto/Expression14.xml
----------------- Instantiating /home/travis/build/icyphy/ptII/ptolemy/actor/lib/test/auto/Expression14.xml
5 ms. Memory: 1115648K Free: 249473K (22%)
----------------- Invoking toplevel() on ptolemy.moml.MoMLSimpleApplication@1b32df1f
----------------- Done invoking toplevel() on ptolemy.moml.MoMLSimpleApplication@1b32df1f
reloadAllAccessors: .Expression14

===========================================================================================
----------------- testing Sun Oct 28 02:32:57 UTC 2018 /home/travis/build/icyphy/ptII/ptolemy/actor/lib/test/auto/Expression15.xml
----------------- Instantiating /home/travis/build/icyphy/ptII/ptolemy/actor/lib/test/auto/Expression15.xml
2 ms. Memory: 1115648K Free: 236134K (21%)
----------------- Invoking toplevel() on ptolemy.moml.MoMLSimpleApplication@37488947
----------------- Done invoking toplevel() on ptolemy.moml.MoMLSimpleApplication@37488947
reloadAllAccessors: .Expression15

===========================================================================================
----------------- testing Sun Oct 28 02:32:57 UTC 2018 /home/travis/build/icyphy/ptII/ptolemy/actor/lib/test/auto/Expression16.xml
----------------- Instantiating /home/travis/build/icyphy/ptII/ptolemy/actor/lib/test/auto/Expression16.xml
2 ms. Memory: 1115648K Free: 222795K (20%)
----------------- Invoking toplevel() on ptolemy.moml.MoMLSimpleApplication@7df778bc
----------------- Done invoking toplevel() on ptolemy.moml.MoMLSimpleApplication@7df778bc
reloadAllAccessors: .Expression16

===========================================================================================
----------------- testing Sun Oct 28 02:32:57 UTC 2018 /home/travis/build/icyphy/ptII/ptolemy/actor/lib/test/auto/Expression17.xml
----------------- Instantiating /home/travis/build/icyphy/ptII/ptolemy/actor/lib/test/auto/Expression17.xml
4 ms. Memory: 1115648K Free: 197245K (18%)
----------------- Invoking toplevel() on ptolemy.moml.MoMLSimpleApplication@74b8c92d
----------------- Done invoking toplevel() on ptolemy.moml.MoMLSimpleApplication@74b8c92d
reloadAllAccessors: .Expression17

===========================================================================================
----------------- testing Sun Oct 28 02:32:57 UTC 2018 /home/travis/build/icyphy/ptII/ptolemy/actor/lib/test/auto/Expression18.xml
----------------- Instantiating /home/travis/build/icyphy/ptII/ptolemy/actor/lib/test/auto/Expression18.xml
2 ms. Memory: 1115648K Free: 183905K (16%)
----------------- Invoking toplevel() on ptolemy.moml.MoMLSimpleApplication@1a86e5c5
----------------- Done invoking toplevel() on ptolemy.moml.MoMLSimpleApplication@1a86e5c5
reloadAllAccessors: .Expression18

===========================================================================================
----------------- testing Sun Oct 28 02:32:57 UTC 2018 /home/travis/build/icyphy/ptII/ptolemy/actor/lib/test/auto/Expression2.xml
----------------- Instantiating /home/travis/build/icyphy/ptII/ptolemy/actor/lib/test/auto/Expression2.xml
4 ms. Memory: 1115648K Free: 170566K (15%)
----------------- Invoking toplevel() on ptolemy.moml.MoMLSimpleApplication@160a7164
----------------- Done invoking toplevel() on ptolemy.moml.MoMLSimpleApplication@160a7164
reloadAllAccessors: .Expression2

===========================================================================================
----------------- testing Sun Oct 28 02:32:57 UTC 2018 /home/travis/build/icyphy/ptII/ptolemy/actor/lib/test/auto/Expression3.xml
----------------- Instantiating /home/travis/build/icyphy/ptII/ptolemy/actor/lib/test/auto/Expression3.xml
2 ms. Memory: 1115648K Free: 149243K (13%)
----------------- Invoking toplevel() on ptolemy.moml.MoMLSimpleApplication@354a9370
----------------- Done invoking toplevel() on ptolemy.moml.MoMLSimpleApplication@354a9370
reloadAllAccessors: .Expression3

===========================================================================================
----------------- testing Sun Oct 28 02:32:57 UTC 2018 /home/travis/build/icyphy/ptII/ptolemy/actor/lib/test/auto/Expression4.xml
----------------- Instantiating /home/travis/build/icyphy/ptII/ptolemy/actor/lib/test/auto/Expression4.xml
5 ms. Memory: 1115648K Free: 135904K (12%)
----------------- Invoking toplevel() on ptolemy.moml.MoMLSimpleApplication@4883e70c
----------------- Done invoking toplevel() on ptolemy.moml.MoMLSimpleApplication@4883e70c
reloadAllAccessors: .Expression4

===========================================================================================
----------------- testing Sun Oct 28 02:32:57 UTC 2018 /home/travis/build/icyphy/ptII/ptolemy/actor/lib/test/auto/Expression5.xml
----------------- Instantiating /home/travis/build/icyphy/ptII/ptolemy/actor/lib/test/auto/Expression5.xml
3 ms. Memory: 1115648K Free: 122565K (11%)
----------------- Invoking toplevel() on ptolemy.moml.MoMLSimpleApplication@1b59e40b
----------------- Done invoking toplevel() on ptolemy.moml.MoMLSimpleApplication@1b59e40b
reloadAllAccessors: .Expression5

===========================================================================================
----------------- testing Sun Oct 28 02:32:57 UTC 2018 /home/travis/build/icyphy/ptII/ptolemy/actor/lib/test/auto/Expression6.xml
----------------- Instantiating /home/travis/build/icyphy/ptII/ptolemy/actor/lib/test/auto/Expression6.xml
3 ms. Memory: 1115648K Free: 109225K (10%)
----------------- Invoking toplevel() on ptolemy.moml.MoMLSimpleApplication@5d6b6b30
----------------- Done invoking toplevel() on ptolemy.moml.MoMLSimpleApplication@5d6b6b30
reloadAllAccessors: .Expression6

===========================================================================================
----------------- testing Sun Oct 28 02:32:57 UTC 2018 /home/travis/build/icyphy/ptII/ptolemy/actor/lib/test/auto/Expression7.xml
----------------- Instantiating /home/travis/build/icyphy/ptII/ptolemy/actor/lib/test/auto/Expression7.xml
3 ms. Memory: 1115648K Free: 87903K (8%)
----------------- Invoking toplevel() on ptolemy.moml.MoMLSimpleApplication@6cc449dc
----------------- Done invoking toplevel() on ptolemy.moml.MoMLSimpleApplication@6cc449dc
reloadAllAccessors: .Expression7

===========================================================================================
----------------- testing Sun Oct 28 02:32:57 UTC 2018 /home/travis/build/icyphy/ptII/ptolemy/actor/lib/test/auto/Expression8.xml
----------------- Instantiating /home/travis/build/icyphy/ptII/ptolemy/actor/lib/test/auto/Expression8.xml
5 ms. Memory: 1115648K Free: 77877K (7%)
----------------- Invoking toplevel() on ptolemy.moml.MoMLSimpleApplication@d702dde
----------------- Done invoking toplevel() on ptolemy.moml.MoMLSimpleApplication@d702dde
reloadAllAccessors: .Expression8

===========================================================================================
----------------- testing Sun Oct 28 02:32:57 UTC 2018 /home/travis/build/icyphy/ptII/ptolemy/actor/lib/test/auto/Expression9.xml
----------------- Instantiating /home/travis/build/icyphy/ptII/ptolemy/actor/lib/test/auto/Expression9.xml
1 ms. Memory: 1252352K Free: 1200845K (96%)
----------------- Invoking toplevel() on ptolemy.moml.MoMLSimpleApplication@46cbf89c
----------------- Done invoking toplevel() on ptolemy.moml.MoMLSimpleApplication@46cbf89c
reloadAllAccessors: .Expression9

===========================================================================================
----------------- testing Sun Oct 28 02:32:57 UTC 2018 /home/travis/build/icyphy/ptII/ptolemy/actor/lib/test/auto/ExpressionConcatenateArrayType.xml
----------------- Instantiating /home/travis/build/icyphy/ptII/ptolemy/actor/lib/test/auto/ExpressionConcatenateArrayType.xml
2 ms. Memory: 1252352K Free: 1176866K (94%)
----------------- Invoking toplevel() on ptolemy.moml.MoMLSimpleApplication@40227e3e
----------------- Done invoking toplevel() on ptolemy.moml.MoMLSimpleApplication@40227e3e
reloadAllAccessors: .ExpressionConcatenateArrayType

===========================================================================================
----------------- testing Sun Oct 28 02:32:57 UTC 2018 /home/travis/build/icyphy/ptII/ptolemy/actor/lib/test/auto/ExpressionConcatenateArrayType2.xml
----------------- Instantiating /home/travis/build/icyphy/ptII/ptolemy/actor/lib/test/auto/ExpressionConcatenateArrayType2.xml
1 ms. Memory: 1252352K Free: 1165345K (93%)
----------------- Invoking toplevel() on ptolemy.moml.MoMLSimpleApplication@257805f0
----------------- Done invoking toplevel() on ptolemy.moml.MoMLSimpleApplication@257805f0
reloadAllAccessors: .ExpressionConcatenateArrayType2

===========================================================================================
----------------- testing Sun Oct 28 02:32:57 UTC 2018 /home/travis/build/icyphy/ptII/ptolemy/actor/lib/test/auto/ExpressionFix.xml
----------------- Instantiating /home/travis/build/icyphy/ptII/ptolemy/actor/lib/test/auto/ExpressionFix.xml
15 ms. Memory: 1252352K Free: 1147077K (92%)
----------------- Invoking toplevel() on ptolemy.moml.MoMLSimpleApplication@478b32f6
----------------- Done invoking toplevel() on ptolemy.moml.MoMLSimpleApplication@478b32f6
reloadAllAccessors: .ExpressionFix

===========================================================================================
----------------- testing Sun Oct 28 02:32:57 UTC 2018 /home/travis/build/icyphy/ptII/ptolemy/actor/lib/test/auto/ExpressionFix2.xml
----------------- Instantiating /home/travis/build/icyphy/ptII/ptolemy/actor/lib/test/auto/ExpressionFix2.xml
4 ms. Memory: 1252352K Free: 1135556K (91%)
----------------- Invoking toplevel() on ptolemy.moml.MoMLSimpleApplication@3a5ebabd
----------------- Done invoking toplevel() on ptolemy.moml.MoMLSimpleApplication@3a5ebabd
reloadAllAccessors: .ExpressionFix2

===========================================================================================
----------------- testing Sun Oct 28 02:32:57 UTC 2018 /home/travis/build/icyphy/ptII/ptolemy/actor/lib/test/auto/ExpressionFix3.xml
----------------- Instantiating /home/travis/build/icyphy/ptII/ptolemy/actor/lib/test/auto/ExpressionFix3.xml
3 ms. Memory: 1252352K Free: 1124036K (90%)
----------------- Invoking toplevel() on ptolemy.moml.MoMLSimpleApplication@1766394e
----------------- Done invoking toplevel() on ptolemy.moml.MoMLSimpleApplication@1766394e
reloadAllAccessors: .ExpressionFix3

===========================================================================================
----------------- testing Sun Oct 28 02:32:57 UTC 2018 /home/travis/build/icyphy/ptII/ptolemy/actor/lib/test/auto/FileWriter1.xml
----------------- Instantiating /home/travis/build/icyphy/ptII/ptolemy/actor/lib/test/auto/FileWriter1.xml
5 ms. Memory: 1252352K Free: 1105833K (88%)
----------------- Invoking toplevel() on ptolemy.moml.MoMLSimpleApplication@670ad0c5
----------------- Done invoking toplevel() on ptolemy.moml.MoMLSimpleApplication@670ad0c5
reloadAllAccessors: .FileWriter1

===========================================================================================
----------------- testing Sun Oct 28 02:32:57 UTC 2018 /home/travis/build/icyphy/ptII/ptolemy/actor/lib/test/auto/FileWriter2.xml
----------------- Instantiating /home/travis/build/icyphy/ptII/ptolemy/actor/lib/test/auto/FileWriter2.xml
2 ms. Memory: 1252352K Free: 1094313K (87%)
----------------- Invoking toplevel() on ptolemy.moml.MoMLSimpleApplication@37f578b1
----------------- Done invoking toplevel() on ptolemy.moml.MoMLSimpleApplication@37f578b1
reloadAllAccessors: .FileWriter2

===========================================================================================
----------------- testing Sun Oct 28 02:32:57 UTC 2018 /home/travis/build/icyphy/ptII/ptolemy/actor/lib/test/auto/FileWriter3.xml
----------------- Instantiating /home/travis/build/icyphy/ptII/ptolemy/actor/lib/test/auto/FileWriter3.xml
6 ms. Memory: 1252352K Free: 1082793K (86%)
----------------- Invoking toplevel() on ptolemy.moml.MoMLSimpleApplication@11dba119
----------------- Done invoking toplevel() on ptolemy.moml.MoMLSimpleApplication@11dba119
reloadAllAccessors: .FileWriter3

===========================================================================================
----------------- testing Sun Oct 28 02:32:57 UTC 2018 /home/travis/build/icyphy/ptII/ptolemy/actor/lib/test/auto/Gaussian.xml
----------------- Instantiating /home/travis/build/icyphy/ptII/ptolemy/actor/lib/test/auto/Gaussian.xml
2 ms. Memory: 1252352K Free: 1064590K (85%)
----------------- Invoking toplevel() on ptolemy.moml.MoMLSimpleApplication@6b6023f9
----------------- Done invoking toplevel() on ptolemy.moml.MoMLSimpleApplication@6b6023f9
reloadAllAccessors: .Gaussian

===========================================================================================
----------------- testing Sun Oct 28 02:32:57 UTC 2018 /home/travis/build/icyphy/ptII/ptolemy/actor/lib/test/auto/Gaussian1.xml
----------------- Instantiating /home/travis/build/icyphy/ptII/ptolemy/actor/lib/test/auto/Gaussian1.xml
2 ms. Memory: 1252352K Free: 1053070K (84%)
----------------- Invoking toplevel() on ptolemy.moml.MoMLSimpleApplication@18ff6f71
----------------- Done invoking toplevel() on ptolemy.moml.MoMLSimpleApplication@18ff6f71
reloadAllAccessors: .Gaussian1

===========================================================================================
----------------- testing Sun Oct 28 02:32:57 UTC 2018 /home/travis/build/icyphy/ptII/ptolemy/actor/lib/test/auto/Gaussian2.xml
----------------- Instantiating /home/travis/build/icyphy/ptII/ptolemy/actor/lib/test/auto/Gaussian2.xml
2 ms. Memory: 1252352K Free: 1041550K (83%)
----------------- Invoking toplevel() on ptolemy.moml.MoMLSimpleApplication@12fdfd51
----------------- Done invoking toplevel() on ptolemy.moml.MoMLSimpleApplication@12fdfd51
reloadAllAccessors: .Gaussian2

===========================================================================================
----------------- testing Sun Oct 28 02:32:57 UTC 2018 /home/travis/build/icyphy/ptII/ptolemy/actor/lib/test/auto/GradientAdaptiveLattice.xml
----------------- Instantiating /home/travis/build/icyphy/ptII/ptolemy/actor/lib/test/auto/GradientAdaptiveLattice.xml
7 ms. Memory: 1252352K Free: 1023346K (82%)
----------------- Invoking toplevel() on ptolemy.moml.MoMLSimpleApplication@18fb0694
----------------- Done invoking toplevel() on ptolemy.moml.MoMLSimpleApplication@18fb0694
reloadAllAccessors: .GradientAdaptiveLattice

===========================================================================================
----------------- testing Sun Oct 28 02:32:57 UTC 2018 /home/travis/build/icyphy/ptII/ptolemy/actor/lib/test/auto/IIR.xml
----------------- Instantiating /home/travis/build/icyphy/ptII/ptolemy/actor/lib/test/auto/IIR.xml
3 ms. Memory: 1252352K Free: 1011826K (81%)
----------------- Invoking toplevel() on ptolemy.moml.MoMLSimpleApplication@208a44ed
----------------- Done invoking toplevel() on ptolemy.moml.MoMLSimpleApplication@208a44ed
reloadAllAccessors: .IIR

===========================================================================================
----------------- testing Sun Oct 28 02:32:57 UTC 2018 /home/travis/build/icyphy/ptII/ptolemy/actor/lib/test/auto/InputOutputTransparentPorts.xml
----------------- Instantiating /home/travis/build/icyphy/ptII/ptolemy/actor/lib/test/auto/InputOutputTransparentPorts.xml
2 ms. Memory: 1252352K Free: 987847K (79%)
----------------- Invoking toplevel() on ptolemy.moml.MoMLSimpleApplication@4b163536
----------------- Done invoking toplevel() on ptolemy.moml.MoMLSimpleApplication@4b163536
reloadAllAccessors: .InputOutputTransparentPorts

===========================================================================================
----------------- testing Sun Oct 28 02:32:57 UTC 2018 /home/travis/build/icyphy/ptII/ptolemy/actor/lib/test/auto/Interpolator.xml
----------------- Instantiating /home/travis/build/icyphy/ptII/ptolemy/actor/lib/test/auto/Interpolator.xml
3 ms. Memory: 1252352K Free: 976327K (78%)
----------------- Invoking toplevel() on ptolemy.moml.MoMLSimpleApplication@328d283a
----------------- Done invoking toplevel() on ptolemy.moml.MoMLSimpleApplication@328d283a
reloadAllAccessors: .Interpolator

===========================================================================================
----------------- testing Sun Oct 28 02:32:57 UTC 2018 /home/travis/build/icyphy/ptII/ptolemy/actor/lib/test/auto/InterpolatorFiringLimitDE.xml
----------------- Instantiating /home/travis/build/icyphy/ptII/ptolemy/actor/lib/test/auto/InterpolatorFiringLimitDE.xml
2 ms. Memory: 1252352K Free: 964807K (77%)
----------------- Invoking toplevel() on ptolemy.moml.MoMLSimpleApplication@1ac57b27
----------------- Done invoking toplevel() on ptolemy.moml.MoMLSimpleApplication@1ac57b27
reloadAllAccessors: .InterpolatorFiringLimitDE

===========================================================================================
----------------- testing Sun Oct 28 02:32:57 UTC 2018 /home/travis/build/icyphy/ptII/ptolemy/actor/lib/test/auto/Lattice.xml
----------------- Instantiating /home/travis/build/icyphy/ptII/ptolemy/actor/lib/test/auto/Lattice.xml
1 ms. Memory: 1252352K Free: 946604K (76%)
----------------- Invoking toplevel() on ptolemy.moml.MoMLSimpleApplication@46328b82
----------------- Done invoking toplevel() on ptolemy.moml.MoMLSimpleApplication@46328b82
reloadAllAccessors: .Lattice

===========================================================================================
----------------- testing Sun Oct 28 02:32:57 UTC 2018 /home/travis/build/icyphy/ptII/ptolemy/actor/lib/test/auto/LazyAOCTestLazy.xml
----------------- Instantiating /home/travis/build/icyphy/ptII/ptolemy/actor/lib/test/auto/LazyAOCTestLazy.xml
18 ms. Memory: 1252352K Free: 935084K (75%)
----------------- Invoking toplevel() on ptolemy.moml.MoMLSimpleApplication@6f67024
----------------- Done invoking toplevel() on ptolemy.moml.MoMLSimpleApplication@6f67024
reloadAllAccessors: .LazyAOCTestLazy

===========================================================================================
----------------- testing Sun Oct 28 02:32:57 UTC 2018 /home/travis/build/icyphy/ptII/ptolemy/actor/lib/test/auto/LazyAOCTestNonLazy.xml
----------------- Instantiating /home/travis/build/icyphy/ptII/ptolemy/actor/lib/test/auto/LazyAOCTestNonLazy.xml
2 ms. Memory: 1252352K Free: 923564K (74%)
----------------- Invoking toplevel() on ptolemy.moml.MoMLSimpleApplication@39d53d22
----------------- Done invoking toplevel() on ptolemy.moml.MoMLSimpleApplication@39d53d22
reloadAllAccessors: .LazyAOCTestNonLazy

===========================================================================================
----------------- testing Sun Oct 28 02:32:57 UTC 2018 /home/travis/build/icyphy/ptII/ptolemy/actor/lib/test/auto/LazyInnerClass.xml
----------------- Instantiating /home/travis/build/icyphy/ptII/ptolemy/actor/lib/test/auto/LazyInnerClass.xml
28 ms. Memory: 1252352K Free: 905361K (72%)
----------------- Invoking toplevel() on ptolemy.moml.MoMLSimpleApplication@23afa081
----------------- Done invoking toplevel() on ptolemy.moml.MoMLSimpleApplication@23afa081
reloadAllAccessors: .LazyInnerClass

===========================================================================================
----------------- testing Sun Oct 28 02:32:58 UTC 2018 /home/travis/build/icyphy/ptII/ptolemy/actor/lib/test/auto/LazyPubSub.xml
----------------- Instantiating /home/travis/build/icyphy/ptII/ptolemy/actor/lib/test/auto/LazyPubSub.xml
25 ms. Memory: 1252352K Free: 893841K (71%)
----------------- Invoking toplevel() on ptolemy.moml.MoMLSimpleApplication@68784e40
----------------- Done invoking toplevel() on ptolemy.moml.MoMLSimpleApplication@68784e40
reloadAllAccessors: .LazyPubSub

===========================================================================================
----------------- testing Sun Oct 28 02:32:58 UTC 2018 /home/travis/build/icyphy/ptII/ptolemy/actor/lib/test/auto/LazyPubSub2.xml
----------------- Instantiating /home/travis/build/icyphy/ptII/ptolemy/actor/lib/test/auto/LazyPubSub2.xml
20 ms. Memory: 1252352K Free: 882320K (70%)
----------------- Invoking toplevel() on ptolemy.moml.MoMLSimpleApplication@14f9bd02
----------------- Done invoking toplevel() on ptolemy.moml.MoMLSimpleApplication@14f9bd02
reloadAllAccessors: .LazyPubSub2

===========================================================================================
----------------- testing Sun Oct 28 02:32:58 UTC 2018 /home/travis/build/icyphy/ptII/ptolemy/actor/lib/test/auto/LazyPubSub3.xml
----------------- Instantiating /home/travis/build/icyphy/ptII/ptolemy/actor/lib/test/auto/LazyPubSub3.xml
12 ms. Memory: 1252352K Free: 864117K (69%)
----------------- Invoking toplevel() on ptolemy.moml.MoMLSimpleApplication@627e3ebb
----------------- Done invoking toplevel() on ptolemy.moml.MoMLSimpleApplication@627e3ebb
reloadAllAccessors: .LazyPubSub3

===========================================================================================
----------------- testing Sun Oct 28 02:32:58 UTC 2018 /home/travis/build/icyphy/ptII/ptolemy/actor/lib/test/auto/LazySubClassModel.xml
----------------- Instantiating /home/travis/build/icyphy/ptII/ptolemy/actor/lib/test/auto/LazySubClassModel.xml
2 ms. Memory: 1252352K Free: 846821K (68%)
----------------- Invoking toplevel() on ptolemy.moml.MoMLSimpleApplication@350279dc
----------------- Done invoking toplevel() on ptolemy.moml.MoMLSimpleApplication@350279dc
reloadAllAccessors: .LazySubClassModel

===========================================================================================
----------------- testing Sun Oct 28 02:32:58 UTC 2018 /home/travis/build/icyphy/ptII/ptolemy/actor/lib/test/auto/LevelCrossTest1.xml
----------------- Instantiating /home/travis/build/icyphy/ptII/ptolemy/actor/lib/test/auto/LevelCrossTest1.xml
2 ms. Memory: 1252352K Free: 835301K (67%)
----------------- Invoking toplevel() on ptolemy.moml.MoMLSimpleApplication@463fb892
----------------- Done invoking toplevel() on ptolemy.moml.MoMLSimpleApplication@463fb892
reloadAllAccessors: .broken

===========================================================================================
----------------- testing Sun Oct 28 02:32:58 UTC 2018 /home/travis/build/icyphy/ptII/ptolemy/actor/lib/test/auto/LevelCrossTest10.xml
----------------- Instantiating /home/travis/build/icyphy/ptII/ptolemy/actor/lib/test/auto/LevelCrossTest10.xml
1 ms. Memory: 1252352K Free: 811322K (65%)
----------------- Invoking toplevel() on ptolemy.moml.MoMLSimpleApplication@5f387642
----------------- Done invoking toplevel() on ptolemy.moml.MoMLSimpleApplication@5f387642
reloadAllAccessors: .LevelCrossTest10

===========================================================================================
----------------- testing Sun Oct 28 02:32:58 UTC 2018 /home/travis/build/icyphy/ptII/ptolemy/actor/lib/test/auto/LevelCrossTest11.xml
----------------- Instantiating /home/travis/build/icyphy/ptII/ptolemy/actor/lib/test/auto/LevelCrossTest11.xml
1 ms. Memory: 1252352K Free: 799802K (64%)
----------------- Invoking toplevel() on ptolemy.moml.MoMLSimpleApplication@8543578
----------------- Done invoking toplevel() on ptolemy.moml.MoMLSimpleApplication@8543578
reloadAllAccessors: .LevelCrossTest11

===========================================================================================
----------------- testing Sun Oct 28 02:32:58 UTC 2018 /home/travis/build/icyphy/ptII/ptolemy/actor/lib/test/auto/LevelCrossTest12.xml
----------------- Instantiating /home/travis/build/icyphy/ptII/ptolemy/actor/lib/test/auto/LevelCrossTest12.xml
1 ms. Memory: 1252352K Free: 781599K (62%)
----------------- Invoking toplevel() on ptolemy.moml.MoMLSimpleApplication@4bdfa537
----------------- Done invoking toplevel() on ptolemy.moml.MoMLSimpleApplication@4bdfa537
reloadAllAccessors: .LevelCrossTest12

===========================================================================================
----------------- testing Sun Oct 28 02:32:58 UTC 2018 /home/travis/build/icyphy/ptII/ptolemy/actor/lib/test/auto/LevelCrossTest13.xml
----------------- Instantiating /home/travis/build/icyphy/ptII/ptolemy/actor/lib/test/auto/LevelCrossTest13.xml
1 ms. Memory: 1252352K Free: 770079K (61%)
----------------- Invoking toplevel() on ptolemy.moml.MoMLSimpleApplication@232b8611
----------------- Done invoking toplevel() on ptolemy.moml.MoMLSimpleApplication@232b8611
reloadAllAccessors: .LevelCrossTest13

===========================================================================================
----------------- testing Sun Oct 28 02:32:58 UTC 2018 /home/travis/build/icyphy/ptII/ptolemy/actor/lib/test/auto/LevelCrossTest2.xml
----------------- Instantiating /home/travis/build/icyphy/ptII/ptolemy/actor/lib/test/auto/LevelCrossTest2.xml
1 ms. Memory: 1252352K Free: 758559K (61%)
----------------- Invoking toplevel() on ptolemy.moml.MoMLSimpleApplication@29124192
----------------- Done invoking toplevel() on ptolemy.moml.MoMLSimpleApplication@29124192
reloadAllAccessors: .broken

===========================================================================================
----------------- testing Sun Oct 28 02:32:58 UTC 2018 /home/travis/build/icyphy/ptII/ptolemy/actor/lib/test/auto/LevelCrossTest3.xml
----------------- Instantiating /home/travis/build/icyphy/ptII/ptolemy/actor/lib/test/auto/LevelCrossTest3.xml
5 ms. Memory: 1252352K Free: 740356K (59%)
----------------- Invoking toplevel() on ptolemy.moml.MoMLSimpleApplication@157fe11a
----------------- Done invoking toplevel() on ptolemy.moml.MoMLSimpleApplication@157fe11a
reloadAllAccessors: .LevelCrossTest3

===========================================================================================
----------------- testing Sun Oct 28 02:32:58 UTC 2018 /home/travis/build/icyphy/ptII/ptolemy/actor/lib/test/auto/LevelCrossTest4.xml
----------------- Instantiating /home/travis/build/icyphy/ptII/ptolemy/actor/lib/test/auto/LevelCrossTest4.xml
1 ms. Memory: 1252352K Free: 728836K (58%)
----------------- Invoking toplevel() on ptolemy.moml.MoMLSimpleApplication@484923be
----------------- Done invoking toplevel() on ptolemy.moml.MoMLSimpleApplication@484923be
reloadAllAccessors: .broken

===========================================================================================
----------------- testing Sun Oct 28 02:32:58 UTC 2018 /home/travis/build/icyphy/ptII/ptolemy/actor/lib/test/auto/LevelCrossTest5.xml
----------------- Instantiating /home/travis/build/icyphy/ptII/ptolemy/actor/lib/test/auto/LevelCrossTest5.xml
4 ms. Memory: 1252352K Free: 717315K (57%)
----------------- Invoking toplevel() on ptolemy.moml.MoMLSimpleApplication@11227f13
----------------- Done invoking toplevel() on ptolemy.moml.MoMLSimpleApplication@11227f13
reloadAllAccessors: .LevelCrossTest5

===========================================================================================
----------------- testing Sun Oct 28 02:32:58 UTC 2018 /home/travis/build/icyphy/ptII/ptolemy/actor/lib/test/auto/LevelCrossTest6.xml
----------------- Instantiating /home/travis/build/icyphy/ptII/ptolemy/actor/lib/test/auto/LevelCrossTest6.xml
1 ms. Memory: 1252352K Free: 699112K (56%)
----------------- Invoking toplevel() on ptolemy.moml.MoMLSimpleApplication@55e87555
----------------- Done invoking toplevel() on ptolemy.moml.MoMLSimpleApplication@55e87555
reloadAllAccessors: .LevelCrossTest6

===========================================================================================
----------------- testing Sun Oct 28 02:32:58 UTC 2018 /home/travis/build/icyphy/ptII/ptolemy/actor/lib/test/auto/LevelCrossTest7.xml
----------------- Instantiating /home/travis/build/icyphy/ptII/ptolemy/actor/lib/test/auto/LevelCrossTest7.xml
2 ms. Memory: 1252352K Free: 681816K (54%)
----------------- Invoking toplevel() on ptolemy.moml.MoMLSimpleApplication@35b5d56a
----------------- Done invoking toplevel() on ptolemy.moml.MoMLSimpleApplication@35b5d56a
reloadAllAccessors: .LevelCrossTest7

===========================================================================================
----------------- testing Sun Oct 28 02:32:58 UTC 2018 /home/travis/build/icyphy/ptII/ptolemy/actor/lib/test/auto/LevelCrossTest8.xml
----------------- Instantiating /home/travis/build/icyphy/ptII/ptolemy/actor/lib/test/auto/LevelCrossTest8.xml
1 ms. Memory: 1252352K Free: 670296K (54%)
----------------- Invoking toplevel() on ptolemy.moml.MoMLSimpleApplication@1ff52c83
----------------- Done invoking toplevel() on ptolemy.moml.MoMLSimpleApplication@1ff52c83
reloadAllAccessors: .LevelCrossTest8

===========================================================================================
----------------- testing Sun Oct 28 02:32:58 UTC 2018 /home/travis/build/icyphy/ptII/ptolemy/actor/lib/test/auto/LevelCrossTest9.xml
----------------- Instantiating /home/travis/build/icyphy/ptII/ptolemy/actor/lib/test/auto/LevelCrossTest9.xml
1 ms. Memory: 1252352K Free: 652093K (52%)
----------------- Invoking toplevel() on ptolemy.moml.MoMLSimpleApplication@125ee7a5
----------------- Done invoking toplevel() on ptolemy.moml.MoMLSimpleApplication@125ee7a5
reloadAllAccessors: .LevelCrossTest9

===========================================================================================
----------------- testing Sun Oct 28 02:32:58 UTC 2018 /home/travis/build/icyphy/ptII/ptolemy/actor/lib/test/auto/LevinsonDurbin.xml
----------------- Instantiating /home/travis/build/icyphy/ptII/ptolemy/actor/lib/test/auto/LevinsonDurbin.xml
1 ms. Memory: 1252352K Free: 640573K (51%)
----------------- Invoking toplevel() on ptolemy.moml.MoMLSimpleApplication@a9070fc
----------------- Done invoking toplevel() on ptolemy.moml.MoMLSimpleApplication@a9070fc
reloadAllAccessors: .LevinsonDurbin

===========================================================================================
----------------- testing Sun Oct 28 02:32:58 UTC 2018 /home/travis/build/icyphy/ptII/ptolemy/actor/lib/test/auto/LevinsonDurbin2.xml
----------------- Instantiating /home/travis/build/icyphy/ptII/ptolemy/actor/lib/test/auto/LevinsonDurbin2.xml
1 ms. Memory: 1252352K Free: 622370K (50%)
----------------- Invoking toplevel() on ptolemy.moml.MoMLSimpleApplication@31e58131
----------------- Done invoking toplevel() on ptolemy.moml.MoMLSimpleApplication@31e58131
reloadAllAccessors: .LevinsonDurbin2

===========================================================================================
----------------- testing Sun Oct 28 02:32:58 UTC 2018 /home/travis/build/icyphy/ptII/ptolemy/actor/lib/test/auto/LevinsonDurbin3.xml
----------------- Instantiating /home/travis/build/icyphy/ptII/ptolemy/actor/lib/test/auto/LevinsonDurbin3.xml
4 ms. Memory: 1252352K Free: 610850K (49%)
----------------- Invoking toplevel() on ptolemy.moml.MoMLSimpleApplication@7bc8946c
----------------- Done invoking toplevel() on ptolemy.moml.MoMLSimpleApplication@7bc8946c
reloadAllAccessors: .LevinsonDurbin3

===========================================================================================
----------------- testing Sun Oct 28 02:32:58 UTC 2018 /home/travis/build/icyphy/ptII/ptolemy/actor/lib/test/auto/Limiter.xml
----------------- Instantiating /home/travis/build/icyphy/ptII/ptolemy/actor/lib/test/auto/Limiter.xml
9 ms. Memory: 1252352K Free: 593554K (47%)
----------------- Invoking toplevel() on ptolemy.moml.MoMLSimpleApplication@7b448efd
----------------- Done invoking toplevel() on ptolemy.moml.MoMLSimpleApplication@7b448efd
reloadAllAccessors: .Limiter

===========================================================================================
----------------- testing Sun Oct 28 02:32:58 UTC 2018 /home/travis/build/icyphy/ptII/ptolemy/actor/lib/test/auto/LinearDifferenceEquationSystem.xml
----------------- Instantiating /home/travis/build/icyphy/ptII/ptolemy/actor/lib/test/auto/LinearDifferenceEquationSystem.xml
4 ms. Memory: 1252352K Free: 575351K (46%)
----------------- Invoking toplevel() on ptolemy.moml.MoMLSimpleApplication@2d0d6e6a
----------------- Done invoking toplevel() on ptolemy.moml.MoMLSimpleApplication@2d0d6e6a
reloadAllAccessors: .LinearDifferenceEquationSystem

===========================================================================================
----------------- testing Sun Oct 28 02:32:58 UTC 2018 /home/travis/build/icyphy/ptII/ptolemy/actor/lib/test/auto/LookupTable.xml
----------------- Instantiating /home/travis/build/icyphy/ptII/ptolemy/actor/lib/test/auto/LookupTable.xml
1 ms. Memory: 1252352K Free: 563830K (45%)
----------------- Invoking toplevel() on ptolemy.moml.MoMLSimpleApplication@5e39c41
----------------- Done invoking toplevel() on ptolemy.moml.MoMLSimpleApplication@5e39c41
reloadAllAccessors: .LookupTable

===========================================================================================
----------------- testing Sun Oct 28 02:32:58 UTC 2018 /home/travis/build/icyphy/ptII/ptolemy/actor/lib/test/auto/MathFunction.xml
----------------- Instantiating /home/travis/build/icyphy/ptII/ptolemy/actor/lib/test/auto/MathFunction.xml
2 ms. Memory: 1252352K Free: 546542K (44%)
----------------- Invoking toplevel() on ptolemy.moml.MoMLSimpleApplication@75f4f52f
----------------- Done invoking toplevel() on ptolemy.moml.MoMLSimpleApplication@75f4f52f
reloadAllAccessors: .MathFunction

===========================================================================================
----------------- testing Sun Oct 28 02:32:58 UTC 2018 /home/travis/build/icyphy/ptII/ptolemy/actor/lib/test/auto/MathFunction2.xml
----------------- Instantiating /home/travis/build/icyphy/ptII/ptolemy/actor/lib/test/auto/MathFunction2.xml
8 ms. Memory: 1252352K Free: 528339K (42%)
----------------- Invoking toplevel() on ptolemy.moml.MoMLSimpleApplication@65e930fd
----------------- Done invoking toplevel() on ptolemy.moml.MoMLSimpleApplication@65e930fd
reloadAllAccessors: .MathFunction2

===========================================================================================
----------------- testing Sun Oct 28 02:32:58 UTC 2018 /home/travis/build/icyphy/ptII/ptolemy/actor/lib/test/auto/MathFunction3.xml
----------------- Instantiating /home/travis/build/icyphy/ptII/ptolemy/actor/lib/test/auto/MathFunction3.xml
1 ms. Memory: 1252352K Free: 516819K (41%)
----------------- Invoking toplevel() on ptolemy.moml.MoMLSimpleApplication@2c4b3873
----------------- Done invoking toplevel() on ptolemy.moml.MoMLSimpleApplication@2c4b3873
reloadAllAccessors: .MathFunction3

===========================================================================================
----------------- testing Sun Oct 28 02:32:58 UTC 2018 /home/travis/build/icyphy/ptII/ptolemy/actor/lib/test/auto/MatrixCropBoolean.xml
----------------- Instantiating /home/travis/build/icyphy/ptII/ptolemy/actor/lib/test/auto/MatrixCropBoolean.xml
2 ms. Memory: 1252352K Free: 505299K (40%)
----------------- Invoking toplevel() on ptolemy.moml.MoMLSimpleApplication@270a6fe0
----------------- Done invoking toplevel() on ptolemy.moml.MoMLSimpleApplication@270a6fe0
reloadAllAccessors: .MatrixCropBoolean

===========================================================================================
----------------- testing Sun Oct 28 02:32:58 UTC 2018 /home/travis/build/icyphy/ptII/ptolemy/actor/lib/test/auto/MatrixCropComplex.xml
----------------- Instantiating /home/travis/build/icyphy/ptII/ptolemy/actor/lib/test/auto/MatrixCropComplex.xml
1 ms. Memory: 1252352K Free: 487096K (39%)
----------------- Invoking toplevel() on ptolemy.moml.MoMLSimpleApplication@d5cefac
----------------- Done invoking toplevel() on ptolemy.moml.MoMLSimpleApplication@d5cefac
reloadAllAccessors: .MatrixCropComplex

===========================================================================================
----------------- testing Sun Oct 28 02:32:58 UTC 2018 /home/travis/build/icyphy/ptII/ptolemy/actor/lib/test/auto/MatrixCropDouble.xml
----------------- Instantiating /home/travis/build/icyphy/ptII/ptolemy/actor/lib/test/auto/MatrixCropDouble.xml
2 ms. Memory: 1252352K Free: 475576K (38%)
----------------- Invoking toplevel() on ptolemy.moml.MoMLSimpleApplication@56f64dc5
----------------- Done invoking toplevel() on ptolemy.moml.MoMLSimpleApplication@56f64dc5
reloadAllAccessors: .MatrixCropDouble

===========================================================================================
----------------- testing Sun Oct 28 02:32:58 UTC 2018 /home/travis/build/icyphy/ptII/ptolemy/actor/lib/test/auto/MatrixCropFix.xml
----------------- Instantiating /home/travis/build/icyphy/ptII/ptolemy/actor/lib/test/auto/MatrixCropFix.xml
2 ms. Memory: 1252352K Free: 457373K (37%)
----------------- Invoking toplevel() on ptolemy.moml.MoMLSimpleApplication@636e2da9
----------------- Done invoking toplevel() on ptolemy.moml.MoMLSimpleApplication@636e2da9
reloadAllAccessors: .MatrixCropFix

===========================================================================================
----------------- testing Sun Oct 28 02:32:58 UTC 2018 /home/travis/build/icyphy/ptII/ptolemy/actor/lib/test/auto/MatrixCropInt.xml
----------------- Instantiating /home/travis/build/icyphy/ptII/ptolemy/actor/lib/test/auto/MatrixCropInt.xml
2 ms. Memory: 1252352K Free: 445853K (36%)
----------------- Invoking toplevel() on ptolemy.moml.MoMLSimpleApplication@6abac6a9
----------------- Done invoking toplevel() on ptolemy.moml.MoMLSimpleApplication@6abac6a9
reloadAllAccessors: .MatrixCropInt

===========================================================================================
----------------- testing Sun Oct 28 02:32:58 UTC 2018 /home/travis/build/icyphy/ptII/ptolemy/actor/lib/test/auto/MatrixCropLong.xml
----------------- Instantiating /home/travis/build/icyphy/ptII/ptolemy/actor/lib/test/auto/MatrixCropLong.xml
2 ms. Memory: 1252352K Free: 434333K (35%)
----------------- Invoking toplevel() on ptolemy.moml.MoMLSimpleApplication@33659983
----------------- Done invoking toplevel() on ptolemy.moml.MoMLSimpleApplication@33659983
reloadAllAccessors: .MatrixCropLong

===========================================================================================
----------------- testing Sun Oct 28 02:32:58 UTC 2018 /home/travis/build/icyphy/ptII/ptolemy/actor/lib/test/auto/MatrixToArray.xml
----------------- Instantiating /home/travis/build/icyphy/ptII/ptolemy/actor/lib/test/auto/MatrixToArray.xml
7 ms. Memory: 1252352K Free: 404578K (32%)
----------------- Invoking toplevel() on ptolemy.moml.MoMLSimpleApplication@778f548e
----------------- Done invoking toplevel() on ptolemy.moml.MoMLSimpleApplication@778f548e
reloadAllAccessors: .MatrixToArray

===========================================================================================
----------------- testing Sun Oct 28 02:32:58 UTC 2018 /home/travis/build/icyphy/ptII/ptolemy/actor/lib/test/auto/MaxIndex.xml
----------------- Instantiating /home/travis/build/icyphy/ptII/ptolemy/actor/lib/test/auto/MaxIndex.xml
2 ms. Memory: 1252352K Free: 393058K (31%)
----------------- Invoking toplevel() on ptolemy.moml.MoMLSimpleApplication@5cf28b67
----------------- Done invoking toplevel() on ptolemy.moml.MoMLSimpleApplication@5cf28b67
reloadAllAccessors: .MaxIndex

===========================================================================================
----------------- testing Sun Oct 28 02:32:58 UTC 2018 /home/travis/build/icyphy/ptII/ptolemy/actor/lib/test/auto/Maximum.xml
----------------- Instantiating /home/travis/build/icyphy/ptII/ptolemy/actor/lib/test/auto/Maximum.xml
3 ms. Memory: 1252352K Free: 381538K (30%)
----------------- Invoking toplevel() on ptolemy.moml.MoMLSimpleApplication@475362e
----------------- Done invoking toplevel() on ptolemy.moml.MoMLSimpleApplication@475362e
reloadAllAccessors: .Maximum

===========================================================================================
----------------- testing Sun Oct 28 02:32:58 UTC 2018 /home/travis/build/icyphy/ptII/ptolemy/actor/lib/test/auto/MaximumComplex.xml
----------------- Instantiating /home/travis/build/icyphy/ptII/ptolemy/actor/lib/test/auto/MaximumComplex.xml
4 ms. Memory: 1252352K Free: 363335K (29%)
----------------- Invoking toplevel() on ptolemy.moml.MoMLSimpleApplication@236f6c88
----------------- Done invoking toplevel() on ptolemy.moml.MoMLSimpleApplication@236f6c88
reloadAllAccessors: .MaximumComplex

===========================================================================================
----------------- testing Sun Oct 28 02:32:58 UTC 2018 /home/travis/build/icyphy/ptII/ptolemy/actor/lib/test/auto/MethodCallTest.xml
----------------- Instantiating /home/travis/build/icyphy/ptII/ptolemy/actor/lib/test/auto/MethodCallTest.xml
2 ms. Memory: 1252352K Free: 351815K (28%)
----------------- Invoking toplevel() on ptolemy.moml.MoMLSimpleApplication@11445984
----------------- Done invoking toplevel() on ptolemy.moml.MoMLSimpleApplication@11445984
reloadAllAccessors: .MethodCallTest

===========================================================================================
----------------- testing Sun Oct 28 02:32:58 UTC 2018 /home/travis/build/icyphy/ptII/ptolemy/actor/lib/test/auto/Minimum.xml
----------------- Instantiating /home/travis/build/icyphy/ptII/ptolemy/actor/lib/test/auto/Minimum.xml
3 ms. Memory: 1252352K Free: 333612K (27%)
----------------- Invoking toplevel() on ptolemy.moml.MoMLSimpleApplication@b0397e9
----------------- Done invoking toplevel() on ptolemy.moml.MoMLSimpleApplication@b0397e9
reloadAllAccessors: .Minimum

===========================================================================================
----------------- testing Sun Oct 28 02:32:58 UTC 2018 /home/travis/build/icyphy/ptII/ptolemy/actor/lib/test/auto/MinimumComplex.xml
----------------- Instantiating /home/travis/build/icyphy/ptII/ptolemy/actor/lib/test/auto/MinimumComplex.xml
3 ms. Memory: 1252352K Free: 322092K (26%)
----------------- Invoking toplevel() on ptolemy.moml.MoMLSimpleApplication@295449fe
----------------- Done invoking toplevel() on ptolemy.moml.MoMLSimpleApplication@295449fe
reloadAllAccessors: .MinimumComplex

===========================================================================================
----------------- testing Sun Oct 28 02:32:58 UTC 2018 /home/travis/build/icyphy/ptII/ptolemy/actor/lib/test/auto/MinimumMultiports.xml
----------------- Instantiating /home/travis/build/icyphy/ptII/ptolemy/actor/lib/test/auto/MinimumMultiports.xml
4 ms. Memory: 1252352K Free: 310572K (25%)
----------------- Invoking toplevel() on ptolemy.moml.MoMLSimpleApplication@54565e84
----------------- Done invoking toplevel() on ptolemy.moml.MoMLSimpleApplication@54565e84
reloadAllAccessors: .MinimumMultiports

===========================================================================================
----------------- testing Sun Oct 28 02:32:59 UTC 2018 /home/travis/build/icyphy/ptII/ptolemy/actor/lib/test/auto/ModifyDate.xml
----------------- Instantiating /home/travis/build/icyphy/ptII/ptolemy/actor/lib/test/auto/ModifyDate.xml
8 ms. Memory: 1252352K Free: 280832K (22%)
----------------- Invoking toplevel() on ptolemy.moml.MoMLSimpleApplication@267b46ae
----------------- Done invoking toplevel() on ptolemy.moml.MoMLSimpleApplication@267b46ae
reloadAllAccessors: .ModifyDate

===========================================================================================
----------------- testing Sun Oct 28 02:32:59 UTC 2018 /home/travis/build/icyphy/ptII/ptolemy/actor/lib/test/auto/ModifyDate2.xml
----------------- Instantiating /home/travis/build/icyphy/ptII/ptolemy/actor/lib/test/auto/ModifyDate2.xml
4 ms. Memory: 1252352K Free: 263552K (21%)
----------------- Invoking toplevel() on ptolemy.moml.MoMLSimpleApplication@26fe2b7a
----------------- Done invoking toplevel() on ptolemy.moml.MoMLSimpleApplication@26fe2b7a
reloadAllAccessors: .ModifyDate2

===========================================================================================
----------------- testing Sun Oct 28 02:32:59 UTC 2018 /home/travis/build/icyphy/ptII/ptolemy/actor/lib/test/auto/MovingAverage.xml
----------------- Instantiating /home/travis/build/icyphy/ptII/ptolemy/actor/lib/test/auto/MovingAverage.xml
2 ms. Memory: 1252352K Free: 252032K (20%)
----------------- Invoking toplevel() on ptolemy.moml.MoMLSimpleApplication@d9e0e64
----------------- Done invoking toplevel() on ptolemy.moml.MoMLSimpleApplication@d9e0e64
reloadAllAccessors: .MovingAverage

===========================================================================================
----------------- testing Sun Oct 28 02:32:59 UTC 2018 /home/travis/build/icyphy/ptII/ptolemy/actor/lib/test/auto/MovingMaximum.xml
----------------- Instantiating /home/travis/build/icyphy/ptII/ptolemy/actor/lib/test/auto/MovingMaximum.xml
1 ms. Memory: 1252352K Free: 233829K (19%)
----------------- Invoking toplevel() on ptolemy.moml.MoMLSimpleApplication@f1c15a3
----------------- Done invoking toplevel() on ptolemy.moml.MoMLSimpleApplication@f1c15a3
reloadAllAccessors: .MovingMaximum

===========================================================================================
----------------- testing Sun Oct 28 02:32:59 UTC 2018 /home/travis/build/icyphy/ptII/ptolemy/actor/lib/test/auto/MultipleLinksToSameRelation.xml
----------------- Instantiating /home/travis/build/icyphy/ptII/ptolemy/actor/lib/test/auto/MultipleLinksToSameRelation.xml
2 ms. Memory: 1252352K Free: 222309K (18%)
----------------- Invoking toplevel() on ptolemy.moml.MoMLSimpleApplication@60f1f139
----------------- Done invoking toplevel() on ptolemy.moml.MoMLSimpleApplication@60f1f139
reloadAllAccessors: .MultipleLinksToSameRelation

===========================================================================================
----------------- testing Sun Oct 28 02:32:59 UTC 2018 /home/travis/build/icyphy/ptII/ptolemy/actor/lib/test/auto/MultipleLinksToSameRelationDE.xml
----------------- Instantiating /home/travis/build/icyphy/ptII/ptolemy/actor/lib/test/auto/MultipleLinksToSameRelationDE.xml
5 ms. Memory: 1252352K Free: 210789K (17%)
----------------- Invoking toplevel() on ptolemy.moml.MoMLSimpleApplication@646b8fa5
----------------- Done invoking toplevel() on ptolemy.moml.MoMLSimpleApplication@646b8fa5
reloadAllAccessors: .MultipleLinksToSameRelationDE

===========================================================================================
----------------- testing Sun Oct 28 02:32:59 UTC 2018 /home/travis/build/icyphy/ptII/ptolemy/actor/lib/test/auto/Multiplexor.xml
----------------- Instantiating /home/travis/build/icyphy/ptII/ptolemy/actor/lib/test/auto/Multiplexor.xml
2 ms. Memory: 1252352K Free: 192586K (15%)
----------------- Invoking toplevel() on ptolemy.moml.MoMLSimpleApplication@18ae691e
----------------- Done invoking toplevel() on ptolemy.moml.MoMLSimpleApplication@18ae691e
reloadAllAccessors: .Multiplexor

===========================================================================================
----------------- testing Sun Oct 28 02:32:59 UTC 2018 /home/travis/build/icyphy/ptII/ptolemy/actor/lib/test/auto/Multiplexor1.xml
----------------- Instantiating /home/travis/build/icyphy/ptII/ptolemy/actor/lib/test/auto/Multiplexor1.xml
3 ms. Memory: 1252352K Free: 181066K (14%)
----------------- Invoking toplevel() on ptolemy.moml.MoMLSimpleApplication@56ea669a
----------------- Done invoking toplevel() on ptolemy.moml.MoMLSimpleApplication@56ea669a
reloadAllAccessors: .Multiplexor1

===========================================================================================
----------------- testing Sun Oct 28 02:32:59 UTC 2018 /home/travis/build/icyphy/ptII/ptolemy/actor/lib/test/auto/Multiplexor2.xml
----------------- Instantiating /home/travis/build/icyphy/ptII/ptolemy/actor/lib/test/auto/Multiplexor2.xml
4 ms. Memory: 1252352K Free: 162863K (13%)
----------------- Invoking toplevel() on ptolemy.moml.MoMLSimpleApplication@2e1f78fb
----------------- Done invoking toplevel() on ptolemy.moml.MoMLSimpleApplication@2e1f78fb
reloadAllAccessors: .Multiplexor2

===========================================================================================
----------------- testing Sun Oct 28 02:32:59 UTC 2018 /home/travis/build/icyphy/ptII/ptolemy/actor/lib/test/auto/Multiplexor3.xml
----------------- Instantiating /home/travis/build/icyphy/ptII/ptolemy/actor/lib/test/auto/Multiplexor3.xml
2 ms. Memory: 1252352K Free: 151343K (12%)
----------------- Invoking toplevel() on ptolemy.moml.MoMLSimpleApplication@5b36814f
----------------- Done invoking toplevel() on ptolemy.moml.MoMLSimpleApplication@5b36814f
reloadAllAccessors: .Multiplexor3

===========================================================================================
----------------- testing Sun Oct 28 02:32:59 UTC 2018 /home/travis/build/icyphy/ptII/ptolemy/actor/lib/test/auto/MultiplexorDE.xml
----------------- Instantiating /home/travis/build/icyphy/ptII/ptolemy/actor/lib/test/auto/MultiplexorDE.xml
2 ms. Memory: 1252352K Free: 134047K (11%)
----------------- Invoking toplevel() on ptolemy.moml.MoMLSimpleApplication@2dfb0db7
----------------- Done invoking toplevel() on ptolemy.moml.MoMLSimpleApplication@2dfb0db7
reloadAllAccessors: .MultiplexorDE

===========================================================================================
----------------- testing Sun Oct 28 02:32:59 UTC 2018 /home/travis/build/icyphy/ptII/ptolemy/actor/lib/test/auto/MultiportBroadcastTest.xml
----------------- Instantiating /home/travis/build/icyphy/ptII/ptolemy/actor/lib/test/auto/MultiportBroadcastTest.xml
94 ms. Memory: 1252352K Free: 115844K (9%)
----------------- Invoking toplevel() on ptolemy.moml.MoMLSimpleApplication@13a0039
----------------- Done invoking toplevel() on ptolemy.moml.MoMLSimpleApplication@13a0039
reloadAllAccessors: .MultiportBroadcastTest

===========================================================================================
----------------- testing Sun Oct 28 02:32:59 UTC 2018 /home/travis/build/icyphy/ptII/ptolemy/actor/lib/test/auto/MultiportOutHangDuringGetWidth.xml
----------------- Instantiating /home/travis/build/icyphy/ptII/ptolemy/actor/lib/test/auto/MultiportOutHangDuringGetWidth.xml
6 ms. Memory: 1252352K Free: 98548K (8%)
----------------- Invoking toplevel() on ptolemy.moml.MoMLSimpleApplication@4f5ee5b4
----------------- Done invoking toplevel() on ptolemy.moml.MoMLSimpleApplication@4f5ee5b4
reloadAllAccessors: .MultiportOutHangDuringGetWidth

===========================================================================================
----------------- testing Sun Oct 28 02:32:59 UTC 2018 /home/travis/build/icyphy/ptII/ptolemy/actor/lib/test/auto/NilToken.xml
----------------- Instantiating /home/travis/build/icyphy/ptII/ptolemy/actor/lib/test/auto/NilToken.xml
2 ms. Memory: 1252352K Free: 87028K (7%)
----------------- Invoking toplevel() on ptolemy.moml.MoMLSimpleApplication@8b1185b
----------------- Done invoking toplevel() on ptolemy.moml.MoMLSimpleApplication@8b1185b
reloadAllAccessors: .NilToken

===========================================================================================
----------------- testing Sun Oct 28 02:32:59 UTC 2018 /home/travis/build/icyphy/ptII/ptolemy/actor/lib/test/auto/NilTokenNonStrictTest.xml
----------------- Instantiating /home/travis/build/icyphy/ptII/ptolemy/actor/lib/test/auto/NilTokenNonStrictTest.xml
2 ms. Memory: 1252352K Free: 68825K (5%)
----------------- Invoking toplevel() on ptolemy.moml.MoMLSimpleApplication@282b278b
----------------- Done invoking toplevel() on ptolemy.moml.MoMLSimpleApplication@282b278b
reloadAllAccessors: .NilTokenNonStrictTest

===========================================================================================
----------------- testing Sun Oct 28 02:32:59 UTC 2018 /home/travis/build/icyphy/ptII/ptolemy/actor/lib/test/auto/NilTokenRecord.xml
----------------- Instantiating /home/travis/build/icyphy/ptII/ptolemy/actor/lib/test/auto/NilTokenRecord.xml
18 ms. Memory: 1368576K Free: 1326655K (97%)
----------------- Invoking toplevel() on ptolemy.moml.MoMLSimpleApplication@5d9d177b
----------------- Done invoking toplevel() on ptolemy.moml.MoMLSimpleApplication@5d9d177b
reloadAllAccessors: .NilTokenRecord

===========================================================================================
----------------- testing Sun Oct 28 02:32:59 UTC 2018 /home/travis/build/icyphy/ptII/ptolemy/actor/lib/test/auto/NilTokenTypeTest.xml
----------------- Instantiating /home/travis/build/icyphy/ptII/ptolemy/actor/lib/test/auto/NilTokenTypeTest.xml
7 ms. Memory: 1368576K Free: 1298555K (95%)
----------------- Invoking toplevel() on ptolemy.moml.MoMLSimpleApplication@253ad180
----------------- Done invoking toplevel() on ptolemy.moml.MoMLSimpleApplication@253ad180
reloadAllAccessors: .NilTokenTypeTest

===========================================================================================
----------------- testing Sun Oct 28 02:32:59 UTC 2018 /home/travis/build/icyphy/ptII/ptolemy/actor/lib/test/auto/ObjectToken1.xml
----------------- Instantiating /home/travis/build/icyphy/ptII/ptolemy/actor/lib/test/auto/ObjectToken1.xml
1 ms. Memory: 1368576K Free: 1286021K (94%)
----------------- Invoking toplevel() on ptolemy.moml.MoMLSimpleApplication@5f36e1a7
----------------- Done invoking toplevel() on ptolemy.moml.MoMLSimpleApplication@5f36e1a7
reloadAllAccessors: .ObjectToken1

===========================================================================================
----------------- testing Sun Oct 28 02:32:59 UTC 2018 /home/travis/build/icyphy/ptII/ptolemy/actor/lib/test/auto/OrderedMerge.xml
----------------- Instantiating /home/travis/build/icyphy/ptII/ptolemy/actor/lib/test/auto/OrderedMerge.xml
8 ms. Memory: 1368576K Free: 1242270K (91%)
----------------- Invoking toplevel() on ptolemy.moml.MoMLSimpleApplication@3c68a7a3
----------------- Done invoking toplevel() on ptolemy.moml.MoMLSimpleApplication@3c68a7a3
reloadAllAccessors: .OrderedMerge

===========================================================================================
----------------- testing Sun Oct 28 02:32:59 UTC 2018 /home/travis/build/icyphy/ptII/ptolemy/actor/lib/test/auto/OrderedRecordDisassembler.xml
----------------- Instantiating /home/travis/build/icyphy/ptII/ptolemy/actor/lib/test/auto/OrderedRecordDisassembler.xml
3 ms. Memory: 1368576K Free: 1229736K (90%)
----------------- Invoking toplevel() on ptolemy.moml.MoMLSimpleApplication@6a40d042
----------------- Done invoking toplevel() on ptolemy.moml.MoMLSimpleApplication@6a40d042
reloadAllAccessors: .OrderedRecordDisassembler

===========================================================================================
----------------- testing Sun Oct 28 02:32:59 UTC 2018 /home/travis/build/icyphy/ptII/ptolemy/actor/lib/test/auto/OrderedRecordDisassembler2.xml
----------------- Instantiating /home/travis/build/icyphy/ptII/ptolemy/actor/lib/test/auto/OrderedRecordDisassembler2.xml
4 ms. Memory: 1368576K Free: 1211052K (88%)
----------------- Invoking toplevel() on ptolemy.moml.MoMLSimpleApplication@292ac5d9
----------------- Done invoking toplevel() on ptolemy.moml.MoMLSimpleApplication@292ac5d9
reloadAllAccessors: .OrderedRecordDisassembler2

===========================================================================================
----------------- testing Sun Oct 28 02:32:59 UTC 2018 /home/travis/build/icyphy/ptII/ptolemy/actor/lib/test/auto/OrderedRecordUpdater.xml
----------------- Instantiating /home/travis/build/icyphy/ptII/ptolemy/actor/lib/test/auto/OrderedRecordUpdater.xml
2 ms. Memory: 1368576K Free: 1198472K (88%)
----------------- Invoking toplevel() on ptolemy.moml.MoMLSimpleApplication@418240e6
----------------- Done invoking toplevel() on ptolemy.moml.MoMLSimpleApplication@418240e6
reloadAllAccessors: .RecordUpdater

===========================================================================================
----------------- testing Sun Oct 28 02:32:59 UTC 2018 /home/travis/build/icyphy/ptII/ptolemy/actor/lib/test/auto/OrderedRecordUpdater2.xml
----------------- Instantiating /home/travis/build/icyphy/ptII/ptolemy/actor/lib/test/auto/OrderedRecordUpdater2.xml
1 ms. Memory: 1368576K Free: 1185938K (87%)
----------------- Invoking toplevel() on ptolemy.moml.MoMLSimpleApplication@423e89a0
----------------- Done invoking toplevel() on ptolemy.moml.MoMLSimpleApplication@423e89a0
reloadAllAccessors: .RecordUpdater2

===========================================================================================
----------------- testing Sun Oct 28 02:32:59 UTC 2018 /home/travis/build/icyphy/ptII/ptolemy/actor/lib/test/auto/PhaseUnwrap.xml
----------------- Instantiating /home/travis/build/icyphy/ptII/ptolemy/actor/lib/test/auto/PhaseUnwrap.xml
2 ms. Memory: 1368576K Free: 1167255K (85%)
----------------- Invoking toplevel() on ptolemy.moml.MoMLSimpleApplication@ce351ea
----------------- Done invoking toplevel() on ptolemy.moml.MoMLSimpleApplication@ce351ea
reloadAllAccessors: .PhaseUnwrap

===========================================================================================
----------------- testing Sun Oct 28 02:32:59 UTC 2018 /home/travis/build/icyphy/ptII/ptolemy/actor/lib/test/auto/PoissonClock.xml
----------------- Instantiating /home/travis/build/icyphy/ptII/ptolemy/actor/lib/test/auto/PoissonClock.xml
2 ms. Memory: 1368576K Free: 1154721K (84%)
----------------- Invoking toplevel() on ptolemy.moml.MoMLSimpleApplication@4cc39083
----------------- Done invoking toplevel() on ptolemy.moml.MoMLSimpleApplication@4cc39083
reloadAllAccessors: .PoissonClock

===========================================================================================
----------------- testing Sun Oct 28 02:32:59 UTC 2018 /home/travis/build/icyphy/ptII/ptolemy/actor/lib/test/auto/PoissonClock2.xml
----------------- Instantiating /home/travis/build/icyphy/ptII/ptolemy/actor/lib/test/auto/PoissonClock2.xml
1 ms. Memory: 1368576K Free: 1136037K (83%)
----------------- Invoking toplevel() on ptolemy.moml.MoMLSimpleApplication@30eecfda
----------------- Done invoking toplevel() on ptolemy.moml.MoMLSimpleApplication@30eecfda
reloadAllAccessors: .PoissonClock2

===========================================================================================
----------------- testing Sun Oct 28 02:32:59 UTC 2018 /home/travis/build/icyphy/ptII/ptolemy/actor/lib/test/auto/PoissonClock3.xml
----------------- Instantiating /home/travis/build/icyphy/ptII/ptolemy/actor/lib/test/auto/PoissonClock3.xml
2 ms. Memory: 1368576K Free: 1123504K (82%)
----------------- Invoking toplevel() on ptolemy.moml.MoMLSimpleApplication@67736510
----------------- Done invoking toplevel() on ptolemy.moml.MoMLSimpleApplication@67736510
reloadAllAccessors: .PoissonClock3

===========================================================================================
----------------- testing Sun Oct 28 02:32:59 UTC 2018 /home/travis/build/icyphy/ptII/ptolemy/actor/lib/test/auto/PubSubWithInitialTokens.xml
----------------- Instantiating /home/travis/build/icyphy/ptII/ptolemy/actor/lib/test/auto/PubSubWithInitialTokens.xml
2 ms. Memory: 1368576K Free: 1110970K (81%)
----------------- Invoking toplevel() on ptolemy.moml.MoMLSimpleApplication@804be58
----------------- Done invoking toplevel() on ptolemy.moml.MoMLSimpleApplication@804be58
reloadAllAccessors: .PubSubWithInitialTokens

===========================================================================================
----------------- testing Sun Oct 28 02:32:59 UTC 2018 /home/travis/build/icyphy/ptII/ptolemy/actor/lib/test/auto/PubSubWithInitialTokens2.xml
----------------- Instantiating /home/travis/build/icyphy/ptII/ptolemy/actor/lib/test/auto/PubSubWithInitialTokens2.xml
2 ms. Memory: 1368576K Free: 1092286K (80%)
----------------- Invoking toplevel() on ptolemy.moml.MoMLSimpleApplication@52edca3e
----------------- Done invoking toplevel() on ptolemy.moml.MoMLSimpleApplication@52edca3e
reloadAllAccessors: .PubSubWithInitialTokens2

===========================================================================================
----------------- testing Sun Oct 28 02:32:59 UTC 2018 /home/travis/build/icyphy/ptII/ptolemy/actor/lib/test/auto/PublisherClassNoParameter.xml
----------------- Instantiating /home/travis/build/icyphy/ptII/ptolemy/actor/lib/test/auto/PublisherClassNoParameter.xml
2 ms. Memory: 1368576K Free: 1073470K (78%)
----------------- Invoking toplevel() on ptolemy.moml.MoMLSimpleApplication@4e2621d9
----------------- Done invoking toplevel() on ptolemy.moml.MoMLSimpleApplication@4e2621d9
reloadAllAccessors: .PublisherClassNoParameter

===========================================================================================
----------------- testing Sun Oct 28 02:32:59 UTC 2018 /home/travis/build/icyphy/ptII/ptolemy/actor/lib/test/auto/PublisherClassParameter.xml
----------------- Instantiating /home/travis/build/icyphy/ptII/ptolemy/actor/lib/test/auto/PublisherClassParameter.xml
2 ms. Memory: 1368576K Free: 1048511K (77%)
----------------- Invoking toplevel() on ptolemy.moml.MoMLSimpleApplication@5f746957
----------------- Done invoking toplevel() on ptolemy.moml.MoMLSimpleApplication@5f746957
reloadAllAccessors: .PublisherClassParameter

===========================================================================================
----------------- testing Sun Oct 28 02:32:59 UTC 2018 /home/travis/build/icyphy/ptII/ptolemy/actor/lib/test/auto/PublisherNonStrictTest.xml
----------------- Instantiating /home/travis/build/icyphy/ptII/ptolemy/actor/lib/test/auto/PublisherNonStrictTest.xml
2 ms. Memory: 1368576K Free: 1035977K (76%)
----------------- Invoking toplevel() on ptolemy.moml.MoMLSimpleApplication@cc75afc
----------------- Done invoking toplevel() on ptolemy.moml.MoMLSimpleApplication@cc75afc
reloadAllAccessors: .PublisherNonStrictTest

===========================================================================================
----------------- testing Sun Oct 28 02:32:59 UTC 2018 /home/travis/build/icyphy/ptII/ptolemy/actor/lib/test/auto/PublisherPort1.xml
----------------- Instantiating /home/travis/build/icyphy/ptII/ptolemy/actor/lib/test/auto/PublisherPort1.xml
3 ms. Memory: 1368576K Free: 1023444K (75%)
----------------- Invoking toplevel() on ptolemy.moml.MoMLSimpleApplication@54ae5db3
----------------- Done invoking toplevel() on ptolemy.moml.MoMLSimpleApplication@54ae5db3
reloadAllAccessors: .PublisherPort1

===========================================================================================
----------------- testing Sun Oct 28 02:32:59 UTC 2018 /home/travis/build/icyphy/ptII/ptolemy/actor/lib/test/auto/PublisherPort2.xml
----------------- Instantiating /home/travis/build/icyphy/ptII/ptolemy/actor/lib/test/auto/PublisherPort2.xml
2 ms. Memory: 1368576K Free: 1004760K (73%)
----------------- Invoking toplevel() on ptolemy.moml.MoMLSimpleApplication@52735d0a
----------------- Done invoking toplevel() on ptolemy.moml.MoMLSimpleApplication@52735d0a
reloadAllAccessors: .PublisherPort2

===========================================================================================
----------------- testing Sun Oct 28 02:32:59 UTC 2018 /home/travis/build/icyphy/ptII/ptolemy/actor/lib/test/auto/PublisherPort3.xml
----------------- Instantiating /home/travis/build/icyphy/ptII/ptolemy/actor/lib/test/auto/PublisherPort3.xml
3 ms. Memory: 1368576K Free: 992226K (73%)
----------------- Invoking toplevel() on ptolemy.moml.MoMLSimpleApplication@6605218
----------------- Done invoking toplevel() on ptolemy.moml.MoMLSimpleApplication@6605218
reloadAllAccessors: .PublisherPort3

===========================================================================================
----------------- testing Sun Oct 28 02:32:59 UTC 2018 /home/travis/build/icyphy/ptII/ptolemy/actor/lib/test/auto/PublisherPort4.xml
----------------- Instantiating /home/travis/build/icyphy/ptII/ptolemy/actor/lib/test/auto/PublisherPort4.xml
3 ms. Memory: 1368576K Free: 973543K (71%)
----------------- Invoking toplevel() on ptolemy.moml.MoMLSimpleApplication@46f92cdb
----------------- Done invoking toplevel() on ptolemy.moml.MoMLSimpleApplication@46f92cdb
reloadAllAccessors: .PublisherPort4

===========================================================================================
----------------- testing Sun Oct 28 02:32:59 UTC 2018 /home/travis/build/icyphy/ptII/ptolemy/actor/lib/test/auto/PublisherPort5.xml
----------------- Instantiating /home/travis/build/icyphy/ptII/ptolemy/actor/lib/test/auto/PublisherPort5.xml
3 ms. Memory: 1368576K Free: 961009K (70%)
----------------- Invoking toplevel() on ptolemy.moml.MoMLSimpleApplication@20874371
----------------- Done invoking toplevel() on ptolemy.moml.MoMLSimpleApplication@20874371
reloadAllAccessors: .PublisherPort5

===========================================================================================
----------------- testing Sun Oct 28 02:32:59 UTC 2018 /home/travis/build/icyphy/ptII/ptolemy/actor/lib/test/auto/PublisherPort5LookAlike.xml
----------------- Instantiating /home/travis/build/icyphy/ptII/ptolemy/actor/lib/test/auto/PublisherPort5LookAlike.xml
9 ms. Memory: 1368576K Free: 948475K (69%)
----------------- Invoking toplevel() on ptolemy.moml.MoMLSimpleApplication@4e1e93da
----------------- Done invoking toplevel() on ptolemy.moml.MoMLSimpleApplication@4e1e93da
reloadAllAccessors: .PublisherPort5LookAlike

===========================================================================================
----------------- testing Sun Oct 28 02:32:59 UTC 2018 /home/travis/build/icyphy/ptII/ptolemy/actor/lib/test/auto/PublisherPort6.xml
----------------- Instantiating /home/travis/build/icyphy/ptII/ptolemy/actor/lib/test/auto/PublisherPort6.xml
2 ms. Memory: 1368576K Free: 929791K (68%)
----------------- Invoking toplevel() on ptolemy.moml.MoMLSimpleApplication@6b4171e
----------------- Done invoking toplevel() on ptolemy.moml.MoMLSimpleApplication@6b4171e
reloadAllAccessors: .PublisherPort6

===========================================================================================
----------------- testing Sun Oct 28 02:32:59 UTC 2018 /home/travis/build/icyphy/ptII/ptolemy/actor/lib/test/auto/PublisherPort7.xml
----------------- Instantiating /home/travis/build/icyphy/ptII/ptolemy/actor/lib/test/auto/PublisherPort7.xml
3 ms. Memory: 1368576K Free: 917257K (67%)
----------------- Invoking toplevel() on ptolemy.moml.MoMLSimpleApplication@518a3edc
----------------- Done invoking toplevel() on ptolemy.moml.MoMLSimpleApplication@518a3edc
reloadAllAccessors: .PublisherPort7

===========================================================================================
----------------- testing Sun Oct 28 02:32:59 UTC 2018 /home/travis/build/icyphy/ptII/ptolemy/actor/lib/test/auto/PublisherPort8.xml
----------------- Instantiating /home/travis/build/icyphy/ptII/ptolemy/actor/lib/test/auto/PublisherPort8.xml
4 ms. Memory: 1368576K Free: 898574K (66%)
----------------- Invoking toplevel() on ptolemy.moml.MoMLSimpleApplication@5432953
----------------- Done invoking toplevel() on ptolemy.moml.MoMLSimpleApplication@5432953
reloadAllAccessors: .PublisherPort8

===========================================================================================
----------------- testing Sun Oct 28 02:32:59 UTC 2018 /home/travis/build/icyphy/ptII/ptolemy/actor/lib/test/auto/PublisherPortSubscriberChannelVariablesAOC2.xml
----------------- Instantiating /home/travis/build/icyphy/ptII/ptolemy/actor/lib/test/auto/PublisherPortSubscriberChannelVariablesAOC2.xml
3 ms. Memory: 1368576K Free: 873482K (64%)
----------------- Invoking toplevel() on ptolemy.moml.MoMLSimpleApplication@2d36336e
----------------- Done invoking toplevel() on ptolemy.moml.MoMLSimpleApplication@2d36336e
reloadAllAccessors: .PublisherPortSubscriberChannelVariablesAOC2

===========================================================================================
----------------- testing Sun Oct 28 02:33:00 UTC 2018 /home/travis/build/icyphy/ptII/ptolemy/actor/lib/test/auto/PublisherPortSubscriberOpaqueWidthInference.xml
----------------- Instantiating /home/travis/build/icyphy/ptII/ptolemy/actor/lib/test/auto/PublisherPortSubscriberOpaqueWidthInference.xml
4 ms. Memory: 1368576K Free: 860949K (63%)
----------------- Invoking toplevel() on ptolemy.moml.MoMLSimpleApplication@41acd263
----------------- Done invoking toplevel() on ptolemy.moml.MoMLSimpleApplication@41acd263
reloadAllAccessors: .PublisherPortSubscriberOpaqueWidthInference

===========================================================================================
----------------- testing Sun Oct 28 02:33:00 UTC 2018 /home/travis/build/icyphy/ptII/ptolemy/actor/lib/test/auto/PublisherPortSubscriberPortAdjacent.xml
----------------- Instantiating /home/travis/build/icyphy/ptII/ptolemy/actor/lib/test/auto/PublisherPortSubscriberPortAdjacent.xml
1 ms. Memory: 1368576K Free: 835982K (61%)
----------------- Invoking toplevel() on ptolemy.moml.MoMLSimpleApplication@ad34091
----------------- Done invoking toplevel() on ptolemy.moml.MoMLSimpleApplication@ad34091
reloadAllAccessors: .PublisherPortSubscriberPortAdjacent

===========================================================================================
----------------- testing Sun Oct 28 02:33:00 UTC 2018 /home/travis/build/icyphy/ptII/ptolemy/actor/lib/test/auto/PublisherPortSubscriberPortExpression.xml
----------------- Instantiating /home/travis/build/icyphy/ptII/ptolemy/actor/lib/test/auto/PublisherPortSubscriberPortExpression.xml
4 ms. Memory: 1368576K Free: 823448K (60%)
----------------- Invoking toplevel() on ptolemy.moml.MoMLSimpleApplication@65259561
----------------- Done invoking toplevel() on ptolemy.moml.MoMLSimpleApplication@65259561
reloadAllAccessors: .PublisherPortSubscriberPortExpression

===========================================================================================
----------------- testing Sun Oct 28 02:33:00 UTC 2018 /home/travis/build/icyphy/ptII/ptolemy/actor/lib/test/auto/PublisherPortSubscriberPortOpaqueD3Reverse.xml
----------------- Instantiating /home/travis/build/icyphy/ptII/ptolemy/actor/lib/test/auto/PublisherPortSubscriberPortOpaqueD3Reverse.xml
7 ms. Memory: 1368576K Free: 798482K (58%)
----------------- Invoking toplevel() on ptolemy.moml.MoMLSimpleApplication@7d8a14bf
----------------- Done invoking toplevel() on ptolemy.moml.MoMLSimpleApplication@7d8a14bf
reloadAllAccessors: .PublisherPortSubscriberPortOpaqueD3Reverse

===========================================================================================
----------------- testing Sun Oct 28 02:33:00 UTC 2018 /home/travis/build/icyphy/ptII/ptolemy/actor/lib/test/auto/PublisherPortSubscriberPortOpaqueWidthInference.xml
----------------- Instantiating /home/travis/build/icyphy/ptII/ptolemy/actor/lib/test/auto/PublisherPortSubscriberPortOpaqueWidthInference.xml
4 ms. Memory: 1368576K Free: 785948K (57%)
----------------- Invoking toplevel() on ptolemy.moml.MoMLSimpleApplication@3e903f50
----------------- Done invoking toplevel() on ptolemy.moml.MoMLSimpleApplication@3e903f50
reloadAllAccessors: .PublisherPortSubscriberPortOpaqueWidthInference

===========================================================================================
----------------- testing Sun Oct 28 02:33:00 UTC 2018 /home/travis/build/icyphy/ptII/ptolemy/actor/lib/test/auto/PublisherPortToplevelSubscriberPortAOC.xml
----------------- Instantiating /home/travis/build/icyphy/ptII/ptolemy/actor/lib/test/auto/PublisherPortToplevelSubscriberPortAOC.xml
.PublisherPortToplevelSubscriberPortAOC.TestExceptionAttribute: initialize() was not invoked, but wrapup() was.  This is unusual, but not always a problem.  For example, exporting JNLP will do this.
1 ms. Memory: 1368576K Free: 767265K (56%)
----------------- Invoking toplevel() on ptolemy.moml.MoMLSimpleApplication@6b7d230a
----------------- Done invoking toplevel() on ptolemy.moml.MoMLSimpleApplication@6b7d230a
reloadAllAccessors: .PublisherPortToplevelSubscriberPortAOC

===========================================================================================
----------------- testing Sun Oct 28 02:33:00 UTC 2018 /home/travis/build/icyphy/ptII/ptolemy/actor/lib/test/auto/PublisherSubscriber.xml
----------------- Instantiating /home/travis/build/icyphy/ptII/ptolemy/actor/lib/test/auto/PublisherSubscriber.xml
2 ms. Memory: 1368576K Free: 754731K (55%)
----------------- Invoking toplevel() on ptolemy.moml.MoMLSimpleApplication@2a4c3b1a
----------------- Done invoking toplevel() on ptolemy.moml.MoMLSimpleApplication@2a4c3b1a
reloadAllAccessors: .PublisherSubscriber

===========================================================================================
----------------- testing Sun Oct 28 02:33:00 UTC 2018 /home/travis/build/icyphy/ptII/ptolemy/actor/lib/test/auto/PublisherSubscriber10.xml
----------------- Instantiating /home/travis/build/icyphy/ptII/ptolemy/actor/lib/test/auto/PublisherSubscriber10.xml
7 ms. Memory: 1368576K Free: 735914K (54%)
----------------- Invoking toplevel() on ptolemy.moml.MoMLSimpleApplication@29c65920
----------------- Done invoking toplevel() on ptolemy.moml.MoMLSimpleApplication@29c65920
reloadAllAccessors: .PublisherSubscriber10

===========================================================================================
----------------- testing Sun Oct 28 02:33:00 UTC 2018 /home/travis/build/icyphy/ptII/ptolemy/actor/lib/test/auto/PublisherSubscriber10InitialOutputs.xml
----------------- Instantiating /home/travis/build/icyphy/ptII/ptolemy/actor/lib/test/auto/PublisherSubscriber10InitialOutputs.xml
12 ms. Memory: 1368576K Free: 710956K (52%)
----------------- Invoking toplevel() on ptolemy.moml.MoMLSimpleApplication@30b3ece9
----------------- Done invoking toplevel() on ptolemy.moml.MoMLSimpleApplication@30b3ece9
reloadAllAccessors: .PublisherSubscriber10InitialOutputs

===========================================================================================
----------------- testing Sun Oct 28 02:33:00 UTC 2018 /home/travis/build/icyphy/ptII/ptolemy/actor/lib/test/auto/PublisherSubscriber11.xml
----------------- Instantiating /home/travis/build/icyphy/ptII/ptolemy/actor/lib/test/auto/PublisherSubscriber11.xml
3 ms. Memory: 1368576K Free: 698422K (51%)
----------------- Invoking toplevel() on ptolemy.moml.MoMLSimpleApplication@2662c8dc
----------------- Done invoking toplevel() on ptolemy.moml.MoMLSimpleApplication@2662c8dc
reloadAllAccessors: .PublisherSubscriber11

===========================================================================================
----------------- testing Sun Oct 28 02:33:00 UTC 2018 /home/travis/build/icyphy/ptII/ptolemy/actor/lib/test/auto/PublisherSubscriber12.xml
----------------- Instantiating /home/travis/build/icyphy/ptII/ptolemy/actor/lib/test/auto/PublisherSubscriber12.xml
2 ms. Memory: 1368576K Free: 679738K (50%)
----------------- Invoking toplevel() on ptolemy.moml.MoMLSimpleApplication@fc16ebc
----------------- Done invoking toplevel() on ptolemy.moml.MoMLSimpleApplication@fc16ebc
reloadAllAccessors: .PublisherSubscriber12

===========================================================================================
----------------- testing Sun Oct 28 02:33:00 UTC 2018 /home/travis/build/icyphy/ptII/ptolemy/actor/lib/test/auto/PublisherSubscriber13.xml
----------------- Instantiating /home/travis/build/icyphy/ptII/ptolemy/actor/lib/test/auto/PublisherSubscriber13.xml
2 ms. Memory: 1368576K Free: 667205K (49%)
----------------- Invoking toplevel() on ptolemy.moml.MoMLSimpleApplication@16354bec
----------------- Done invoking toplevel() on ptolemy.moml.MoMLSimpleApplication@16354bec
reloadAllAccessors: .PublisherSubscriber13

===========================================================================================
----------------- testing Sun Oct 28 02:33:00 UTC 2018 /home/travis/build/icyphy/ptII/ptolemy/actor/lib/test/auto/PublisherSubscriber14.xml
----------------- Instantiating /home/travis/build/icyphy/ptII/ptolemy/actor/lib/test/auto/PublisherSubscriber14.xml
2 ms. Memory: 1368576K Free: 648388K (47%)
----------------- Invoking toplevel() on ptolemy.moml.MoMLSimpleApplication@57f0536e
----------------- Done invoking toplevel() on ptolemy.moml.MoMLSimpleApplication@57f0536e
reloadAllAccessors: .PublisherSubscriber14

===========================================================================================
----------------- testing Sun Oct 28 02:33:00 UTC 2018 /home/travis/build/icyphy/ptII/ptolemy/actor/lib/test/auto/PublisherSubscriber2.xml
----------------- Instantiating /home/travis/build/icyphy/ptII/ptolemy/actor/lib/test/auto/PublisherSubscriber2.xml
2 ms. Memory: 1368576K Free: 629704K (46%)
----------------- Invoking toplevel() on ptolemy.moml.MoMLSimpleApplication@1e01fca8
----------------- Done invoking toplevel() on ptolemy.moml.MoMLSimpleApplication@1e01fca8
reloadAllAccessors: .PublisherSubscriber2

===========================================================================================
----------------- testing Sun Oct 28 02:33:00 UTC 2018 /home/travis/build/icyphy/ptII/ptolemy/actor/lib/test/auto/PublisherSubscriber3.xml
----------------- Instantiating /home/travis/build/icyphy/ptII/ptolemy/actor/lib/test/auto/PublisherSubscriber3.xml
2 ms. Memory: 1368576K Free: 617171K (45%)
----------------- Invoking toplevel() on ptolemy.moml.MoMLSimpleApplication@1223122d
----------------- Done invoking toplevel() on ptolemy.moml.MoMLSimpleApplication@1223122d
reloadAllAccessors: .PublisherSubscriber3

===========================================================================================
----------------- testing Sun Oct 28 02:33:00 UTC 2018 /home/travis/build/icyphy/ptII/ptolemy/actor/lib/test/auto/PublisherSubscriber4.xml
----------------- Instantiating /home/travis/build/icyphy/ptII/ptolemy/actor/lib/test/auto/PublisherSubscriber4.xml
3 ms. Memory: 1368576K Free: 598487K (44%)
----------------- Invoking toplevel() on ptolemy.moml.MoMLSimpleApplication@72c2c02b
----------------- Done invoking toplevel() on ptolemy.moml.MoMLSimpleApplication@72c2c02b
reloadAllAccessors: .PublisherSubscriber4

===========================================================================================
----------------- testing Sun Oct 28 02:33:00 UTC 2018 /home/travis/build/icyphy/ptII/ptolemy/actor/lib/test/auto/PublisherSubscriber5.xml
----------------- Instantiating /home/travis/build/icyphy/ptII/ptolemy/actor/lib/test/auto/PublisherSubscriber5.xml
3 ms. Memory: 1368576K Free: 585953K (43%)
----------------- Invoking toplevel() on ptolemy.moml.MoMLSimpleApplication@4804b2fb
----------------- Done invoking toplevel() on ptolemy.moml.MoMLSimpleApplication@4804b2fb
reloadAllAccessors: .PublisherSubscriber5

===========================================================================================
----------------- testing Sun Oct 28 02:33:00 UTC 2018 /home/travis/build/icyphy/ptII/ptolemy/actor/lib/test/auto/PublisherSubscriber6.xml
----------------- Instantiating /home/travis/build/icyphy/ptII/ptolemy/actor/lib/test/auto/PublisherSubscriber6.xml
2 ms. Memory: 1368576K Free: 573419K (42%)
----------------- Invoking toplevel() on ptolemy.moml.MoMLSimpleApplication@409f027b
----------------- Done invoking toplevel() on ptolemy.moml.MoMLSimpleApplication@409f027b
reloadAllAccessors: .PublisherSubscriber6

===========================================================================================
----------------- testing Sun Oct 28 02:33:00 UTC 2018 /home/travis/build/icyphy/ptII/ptolemy/actor/lib/test/auto/PublisherSubscriber7.xml
----------------- Instantiating /home/travis/build/icyphy/ptII/ptolemy/actor/lib/test/auto/PublisherSubscriber7.xml
2 ms. Memory: 1368576K Free: 554735K (41%)
----------------- Invoking toplevel() on ptolemy.moml.MoMLSimpleApplication@474ef9ba
----------------- Done invoking toplevel() on ptolemy.moml.MoMLSimpleApplication@474ef9ba
reloadAllAccessors: .PublisherSubscriber7

===========================================================================================
----------------- testing Sun Oct 28 02:33:00 UTC 2018 /home/travis/build/icyphy/ptII/ptolemy/actor/lib/test/auto/PublisherSubscriber8.xml
----------------- Instantiating /home/travis/build/icyphy/ptII/ptolemy/actor/lib/test/auto/PublisherSubscriber8.xml
38 ms. Memory: 1368576K Free: 479532K (35%)
----------------- Invoking toplevel() on ptolemy.moml.MoMLSimpleApplication@48966790
----------------- Done invoking toplevel() on ptolemy.moml.MoMLSimpleApplication@48966790
reloadAllAccessors: .PublisherSubscriber8

===========================================================================================
----------------- testing Sun Oct 28 02:33:00 UTC 2018 /home/travis/build/icyphy/ptII/ptolemy/actor/lib/test/auto/PublisherSubscriber9.xml
----------------- Instantiating /home/travis/build/icyphy/ptII/ptolemy/actor/lib/test/auto/PublisherSubscriber9.xml
3 ms. Memory: 1368576K Free: 460849K (34%)
----------------- Invoking toplevel() on ptolemy.moml.MoMLSimpleApplication@6c308b77
----------------- Done invoking toplevel() on ptolemy.moml.MoMLSimpleApplication@6c308b77
reloadAllAccessors: .PublisherSubscriber9

===========================================================================================
----------------- testing Sun Oct 28 02:33:00 UTC 2018 /home/travis/build/icyphy/ptII/ptolemy/actor/lib/test/auto/PublisherSubscriberAdjacent.xml
----------------- Instantiating /home/travis/build/icyphy/ptII/ptolemy/actor/lib/test/auto/PublisherSubscriberAdjacent.xml
2 ms. Memory: 1368576K Free: 442040K (32%)
----------------- Invoking toplevel() on ptolemy.moml.MoMLSimpleApplication@507ca80a
----------------- Done invoking toplevel() on ptolemy.moml.MoMLSimpleApplication@507ca80a
reloadAllAccessors: .PublisherSubscriberAdjacent

===========================================================================================
----------------- testing Sun Oct 28 02:33:00 UTC 2018 /home/travis/build/icyphy/ptII/ptolemy/actor/lib/test/auto/PublisherSubscriberChannelVariablesAOC2.xml
----------------- Instantiating /home/travis/build/icyphy/ptII/ptolemy/actor/lib/test/auto/PublisherSubscriberChannelVariablesAOC2.xml
3 ms. Memory: 1368576K Free: 410799K (30%)
----------------- Invoking toplevel() on ptolemy.moml.MoMLSimpleApplication@360814c4
----------------- Done invoking toplevel() on ptolemy.moml.MoMLSimpleApplication@360814c4
reloadAllAccessors: .PublisherSubscriberChannelVariablesAOC2

===========================================================================================
----------------- testing Sun Oct 28 02:33:00 UTC 2018 /home/travis/build/icyphy/ptII/ptolemy/actor/lib/test/auto/PublisherSubscriberD3.xml
----------------- Instantiating /home/travis/build/icyphy/ptII/ptolemy/actor/lib/test/auto/PublisherSubscriberD3.xml
2 ms. Memory: 1368576K Free: 398265K (29%)
----------------- Invoking toplevel() on ptolemy.moml.MoMLSimpleApplication@1fc538e6
----------------- Done invoking toplevel() on ptolemy.moml.MoMLSimpleApplication@1fc538e6
reloadAllAccessors: .PublisherSubscriberD3

===========================================================================================
----------------- testing Sun Oct 28 02:33:00 UTC 2018 /home/travis/build/icyphy/ptII/ptolemy/actor/lib/test/auto/PublisherSubscriberD3Reverse.xml
----------------- Instantiating /home/travis/build/icyphy/ptII/ptolemy/actor/lib/test/auto/PublisherSubscriberD3Reverse.xml
2 ms. Memory: 1368576K Free: 385731K (28%)
----------------- Invoking toplevel() on ptolemy.moml.MoMLSimpleApplication@5705b7d
----------------- Done invoking toplevel() on ptolemy.moml.MoMLSimpleApplication@5705b7d
reloadAllAccessors: .PublisherSubscriberD3Reverse

===========================================================================================
----------------- testing Sun Oct 28 02:33:00 UTC 2018 /home/travis/build/icyphy/ptII/ptolemy/actor/lib/test/auto/PublisherSubscriberExpression.xml
----------------- Instantiating /home/travis/build/icyphy/ptII/ptolemy/actor/lib/test/auto/PublisherSubscriberExpression.xml
3 ms. Memory: 1368576K Free: 360765K (26%)
----------------- Invoking toplevel() on ptolemy.moml.MoMLSimpleApplication@3ca4585a
----------------- Done invoking toplevel() on ptolemy.moml.MoMLSimpleApplication@3ca4585a
reloadAllAccessors: .PublisherSubscriberExpression

===========================================================================================
----------------- testing Sun Oct 28 02:33:00 UTC 2018 /home/travis/build/icyphy/ptII/ptolemy/actor/lib/test/auto/PublisherSubscriberOpaque.xml
----------------- Instantiating /home/travis/build/icyphy/ptII/ptolemy/actor/lib/test/auto/PublisherSubscriberOpaque.xml
4 ms. Memory: 1368576K Free: 348231K (25%)
----------------- Invoking toplevel() on ptolemy.moml.MoMLSimpleApplication@53ea924e
----------------- Done invoking toplevel() on ptolemy.moml.MoMLSimpleApplication@53ea924e
reloadAllAccessors: .PublisherSubscriberOpaque

===========================================================================================
----------------- testing Sun Oct 28 02:33:00 UTC 2018 /home/travis/build/icyphy/ptII/ptolemy/actor/lib/test/auto/PublisherSubscriberOpaqueD3.xml
----------------- Instantiating /home/travis/build/icyphy/ptII/ptolemy/actor/lib/test/auto/PublisherSubscriberOpaqueD3.xml
5 ms. Memory: 1368576K Free: 323264K (24%)
----------------- Invoking toplevel() on ptolemy.moml.MoMLSimpleApplication@1e30ec8a
----------------- Done invoking toplevel() on ptolemy.moml.MoMLSimpleApplication@1e30ec8a
reloadAllAccessors: .PublisherSubscriberOpaqueD3

===========================================================================================
----------------- testing Sun Oct 28 02:33:00 UTC 2018 /home/travis/build/icyphy/ptII/ptolemy/actor/lib/test/auto/PublisherSubscriberOpaqueD3Reverse.xml
----------------- Instantiating /home/travis/build/icyphy/ptII/ptolemy/actor/lib/test/auto/PublisherSubscriberOpaqueD3Reverse.xml
6 ms. Memory: 1368576K Free: 304448K (22%)
----------------- Invoking toplevel() on ptolemy.moml.MoMLSimpleApplication@603111e0
----------------- Done invoking toplevel() on ptolemy.moml.MoMLSimpleApplication@603111e0
reloadAllAccessors: .PublisherSubscriberOpaqueD3Reverse

===========================================================================================
----------------- testing Sun Oct 28 02:33:00 UTC 2018 /home/travis/build/icyphy/ptII/ptolemy/actor/lib/test/auto/PublisherSubscriberOpaqueWidthInference.xml
----------------- Instantiating /home/travis/build/icyphy/ptII/ptolemy/actor/lib/test/auto/PublisherSubscriberOpaqueWidthInference.xml
3 ms. Memory: 1368576K Free: 291914K (21%)
----------------- Invoking toplevel() on ptolemy.moml.MoMLSimpleApplication@28af272c
----------------- Done invoking toplevel() on ptolemy.moml.MoMLSimpleApplication@28af272c
reloadAllAccessors: .PublisherSubscriberOpaqueWidthInference

===========================================================================================
----------------- testing Sun Oct 28 02:33:00 UTC 2018 /home/travis/build/icyphy/ptII/ptolemy/actor/lib/test/auto/PublisherTestSubscriber.xml
----------------- Instantiating /home/travis/build/icyphy/ptII/ptolemy/actor/lib/test/auto/PublisherTestSubscriber.xml
3 ms. Memory: 1368576K Free: 273230K (20%)
----------------- Invoking toplevel() on ptolemy.moml.MoMLSimpleApplication@2ae23aaf
----------------- Done invoking toplevel() on ptolemy.moml.MoMLSimpleApplication@2ae23aaf
reloadAllAccessors: .PublisherTestSubscriber

===========================================================================================
----------------- testing Sun Oct 28 02:33:00 UTC 2018 /home/travis/build/icyphy/ptII/ptolemy/actor/lib/test/auto/PublisherToplevelSubscriberPortAOC.xml
----------------- Instantiating /home/travis/build/icyphy/ptII/ptolemy/actor/lib/test/auto/PublisherToplevelSubscriberPortAOC.xml
2 ms. Memory: 1368576K Free: 260696K (19%)
----------------- Invoking toplevel() on ptolemy.moml.MoMLSimpleApplication@3f3bba6
----------------- Done invoking toplevel() on ptolemy.moml.MoMLSimpleApplication@3f3bba6
reloadAllAccessors: .PublisherToplevelSubscriberPortAOC

===========================================================================================
----------------- testing Sun Oct 28 02:33:00 UTC 2018 /home/travis/build/icyphy/ptII/ptolemy/actor/lib/test/auto/PulseFiringLimitDE.xml
----------------- Instantiating /home/travis/build/icyphy/ptII/ptolemy/actor/lib/test/auto/PulseFiringLimitDE.xml
3 ms. Memory: 1368576K Free: 242013K (18%)
----------------- Invoking toplevel() on ptolemy.moml.MoMLSimpleApplication@144fa14c
----------------- Done invoking toplevel() on ptolemy.moml.MoMLSimpleApplication@144fa14c
reloadAllAccessors: .PulseFiringLimitDE

===========================================================================================
----------------- testing Sun Oct 28 02:33:00 UTC 2018 /home/travis/build/icyphy/ptII/ptolemy/actor/lib/test/auto/Ramp1.xml
----------------- Instantiating /home/travis/build/icyphy/ptII/ptolemy/actor/lib/test/auto/Ramp1.xml
1 ms. Memory: 1368576K Free: 229479K (17%)
----------------- Invoking toplevel() on ptolemy.moml.MoMLSimpleApplication@43ee22bc
----------------- Done invoking toplevel() on ptolemy.moml.MoMLSimpleApplication@43ee22bc
reloadAllAccessors: .Ramp1

===========================================================================================
----------------- testing Sun Oct 28 02:33:00 UTC 2018 /home/travis/build/icyphy/ptII/ptolemy/actor/lib/test/auto/RampFiringLimitDE.xml
----------------- Instantiating /home/travis/build/icyphy/ptII/ptolemy/actor/lib/test/auto/RampFiringLimitDE.xml
3 ms. Memory: 1368576K Free: 210795K (15%)
----------------- Invoking toplevel() on ptolemy.moml.MoMLSimpleApplication@10a716d4
----------------- Done invoking toplevel() on ptolemy.moml.MoMLSimpleApplication@10a716d4
reloadAllAccessors: .RampFiringLimitDE

===========================================================================================
----------------- testing Sun Oct 28 02:33:00 UTC 2018 /home/travis/build/icyphy/ptII/ptolemy/actor/lib/test/auto/RampFiringLimitSDF.xml
----------------- Instantiating /home/travis/build/icyphy/ptII/ptolemy/actor/lib/test/auto/RampFiringLimitSDF.xml
2 ms. Memory: 1368576K Free: 198262K (14%)
----------------- Invoking toplevel() on ptolemy.moml.MoMLSimpleApplication@7c9327b5
----------------- Done invoking toplevel() on ptolemy.moml.MoMLSimpleApplication@7c9327b5
reloadAllAccessors: .RampFiringLimitSDF

===========================================================================================
----------------- testing Sun Oct 28 02:33:00 UTC 2018 /home/travis/build/icyphy/ptII/ptolemy/actor/lib/test/auto/RandomInteger.xml
----------------- Instantiating /home/travis/build/icyphy/ptII/ptolemy/actor/lib/test/auto/RandomInteger.xml
2 ms. Memory: 1368576K Free: 185728K (14%)
----------------- Invoking toplevel() on ptolemy.moml.MoMLSimpleApplication@743a85a1
----------------- Done invoking toplevel() on ptolemy.moml.MoMLSimpleApplication@743a85a1
reloadAllAccessors: .RandomInteger

===========================================================================================
----------------- testing Sun Oct 28 02:33:00 UTC 2018 /home/travis/build/icyphy/ptII/ptolemy/actor/lib/test/auto/ReadFile1.xml
----------------- Instantiating /home/travis/build/icyphy/ptII/ptolemy/actor/lib/test/auto/ReadFile1.xml
2 ms. Memory: 1368576K Free: 167044K (12%)
----------------- Invoking toplevel() on ptolemy.moml.MoMLSimpleApplication@152d9b27
----------------- Done invoking toplevel() on ptolemy.moml.MoMLSimpleApplication@152d9b27
reloadAllAccessors: .ReadFile1

===========================================================================================
----------------- testing Sun Oct 28 02:33:00 UTC 2018 /home/travis/build/icyphy/ptII/ptolemy/actor/lib/test/auto/ReadFile2.xml
----------------- Instantiating /home/travis/build/icyphy/ptII/ptolemy/actor/lib/test/auto/ReadFile2.xml
1 ms. Memory: 1368576K Free: 154510K (11%)
----------------- Invoking toplevel() on ptolemy.moml.MoMLSimpleApplication@6d85560d
----------------- Done invoking toplevel() on ptolemy.moml.MoMLSimpleApplication@6d85560d
reloadAllAccessors: .ReadFile2

===========================================================================================
----------------- testing Sun Oct 28 02:33:00 UTC 2018 /home/travis/build/icyphy/ptII/ptolemy/actor/lib/test/auto/Reader.xml
----------------- Instantiating /home/travis/build/icyphy/ptII/ptolemy/actor/lib/test/auto/Reader.xml
actor.lib.Reader is obsolete, use actor.lib.io.ExpressionReader instead
3 ms. Memory: 1368576K Free: 135827K (10%)
----------------- Invoking toplevel() on ptolemy.moml.MoMLSimpleApplication@62f0020a
----------------- Done invoking toplevel() on ptolemy.moml.MoMLSimpleApplication@62f0020a
reloadAllAccessors: .Reader

===========================================================================================
----------------- testing Sun Oct 28 02:33:00 UTC 2018 /home/travis/build/icyphy/ptII/ptolemy/actor/lib/test/auto/RecordAssemblerDisplayNameTest.xml
----------------- Instantiating /home/travis/build/icyphy/ptII/ptolemy/actor/lib/test/auto/RecordAssemblerDisplayNameTest.xml
3743 ms. Memory: 1448960K Free: 208216K (14%)
----------------- Invoking toplevel() on ptolemy.moml.MoMLSimpleApplication@15188b61
----------------- Done invoking toplevel() on ptolemy.moml.MoMLSimpleApplication@15188b61
reloadAllAccessors: .RecordAssemblerDisplayNameTest

===========================================================================================
----------------- testing Sun Oct 28 02:33:04 UTC 2018 /home/travis/build/icyphy/ptII/ptolemy/actor/lib/test/auto/RecordAssemblerTypeError.xml
----------------- Instantiating /home/travis/build/icyphy/ptII/ptolemy/actor/lib/test/auto/RecordAssemblerTypeError.xml
11 ms. Memory: 1448960K Free: 179019K (12%)
----------------- Invoking toplevel() on ptolemy.moml.MoMLSimpleApplication@13eeda33
----------------- Done invoking toplevel() on ptolemy.moml.MoMLSimpleApplication@13eeda33
reloadAllAccessors: .RecordAssemblerTypeError

===========================================================================================
----------------- testing Sun Oct 28 02:33:04 UTC 2018 /home/travis/build/icyphy/ptII/ptolemy/actor/lib/test/auto/RecordDisassember.xml
----------------- Instantiating /home/travis/build/icyphy/ptII/ptolemy/actor/lib/test/auto/RecordDisassember.xml
2 ms. Memory: 1448960K Free: 165543K (11%)
----------------- Invoking toplevel() on ptolemy.moml.MoMLSimpleApplication@1fcc4d01
----------------- Done invoking toplevel() on ptolemy.moml.MoMLSimpleApplication@1fcc4d01
reloadAllAccessors: .RecordDisassember

===========================================================================================
----------------- testing Sun Oct 28 02:33:04 UTC 2018 /home/travis/build/icyphy/ptII/ptolemy/actor/lib/test/auto/RecordDisassemberDisplayNameTest.xml
----------------- Instantiating /home/travis/build/icyphy/ptII/ptolemy/actor/lib/test/auto/RecordDisassemberDisplayNameTest.xml
5 ms. Memory: 1448960K Free: 146485K (10%)
----------------- Invoking toplevel() on ptolemy.moml.MoMLSimpleApplication@4592f971
----------------- Done invoking toplevel() on ptolemy.moml.MoMLSimpleApplication@4592f971
reloadAllAccessors: .RecordDisassemberDisplayNameTest

===========================================================================================
----------------- testing Sun Oct 28 02:33:04 UTC 2018 /home/travis/build/icyphy/ptII/ptolemy/actor/lib/test/auto/RecordDisassembler.xml
----------------- Instantiating /home/travis/build/icyphy/ptII/ptolemy/actor/lib/test/auto/RecordDisassembler.xml
3 ms. Memory: 1448960K Free: 133009K (9%)
----------------- Invoking toplevel() on ptolemy.moml.MoMLSimpleApplication@10fb0852
----------------- Done invoking toplevel() on ptolemy.moml.MoMLSimpleApplication@10fb0852
reloadAllAccessors: .RecordDisassembler

===========================================================================================
----------------- testing Sun Oct 28 02:33:04 UTC 2018 /home/travis/build/icyphy/ptII/ptolemy/actor/lib/test/auto/RecordDisassembler2.xml
----------------- Instantiating /home/travis/build/icyphy/ptII/ptolemy/actor/lib/test/auto/RecordDisassembler2.xml
2 ms. Memory: 1448960K Free: 113951K (8%)
----------------- Invoking toplevel() on ptolemy.moml.MoMLSimpleApplication@586781c2
----------------- Done invoking toplevel() on ptolemy.moml.MoMLSimpleApplication@586781c2
reloadAllAccessors: .RecordDisassembler2

===========================================================================================
----------------- testing Sun Oct 28 02:33:04 UTC 2018 /home/travis/build/icyphy/ptII/ptolemy/actor/lib/test/auto/RecordUpdater.xml
----------------- Instantiating /home/travis/build/icyphy/ptII/ptolemy/actor/lib/test/auto/RecordUpdater.xml
3 ms. Memory: 1448960K Free: 100475K (7%)
----------------- Invoking toplevel() on ptolemy.moml.MoMLSimpleApplication@14b5b711
----------------- Done invoking toplevel() on ptolemy.moml.MoMLSimpleApplication@14b5b711
reloadAllAccessors: .RecordUpdater

===========================================================================================
----------------- testing Sun Oct 28 02:33:04 UTC 2018 /home/travis/build/icyphy/ptII/ptolemy/actor/lib/test/auto/RecordUpdater2.xml
----------------- Instantiating /home/travis/build/icyphy/ptII/ptolemy/actor/lib/test/auto/RecordUpdater2.xml
2 ms. Memory: 1448960K Free: 81417K (6%)
----------------- Invoking toplevel() on ptolemy.moml.MoMLSimpleApplication@875617f
----------------- Done invoking toplevel() on ptolemy.moml.MoMLSimpleApplication@875617f
reloadAllAccessors: .RecordUpdater2

===========================================================================================
----------------- testing Sun Oct 28 02:33:04 UTC 2018 /home/travis/build/icyphy/ptII/ptolemy/actor/lib/test/auto/RecursiveLattice.xml
----------------- Instantiating /home/travis/build/icyphy/ptII/ptolemy/actor/lib/test/auto/RecursiveLattice.xml
1 ms. Memory: 1448960K Free: 67941K (5%)
----------------- Invoking toplevel() on ptolemy.moml.MoMLSimpleApplication@6c80ea79
----------------- Done invoking toplevel() on ptolemy.moml.MoMLSimpleApplication@6c80ea79
reloadAllAccessors: .RecursiveLattice

===========================================================================================
----------------- testing Sun Oct 28 02:33:04 UTC 2018 /home/travis/build/icyphy/ptII/ptolemy/actor/lib/test/auto/Router.xml
----------------- Instantiating /home/travis/build/icyphy/ptII/ptolemy/actor/lib/test/auto/Router.xml
3007 ms. Memory: 1531392K Free: 1474346K (96%)
----------------- Invoking toplevel() on ptolemy.moml.MoMLSimpleApplication@2ce8a340
----------------- Done invoking toplevel() on ptolemy.moml.MoMLSimpleApplication@2ce8a340
reloadAllAccessors: .Router

===========================================================================================
----------------- testing Sun Oct 28 02:33:07 UTC 2018 /home/travis/build/icyphy/ptII/ptolemy/actor/lib/test/auto/Router2.xml
----------------- Instantiating /home/travis/build/icyphy/ptII/ptolemy/actor/lib/test/auto/Router2.xml
3003 ms. Memory: 1531392K Free: 1455997K (95%)
----------------- Invoking toplevel() on ptolemy.moml.MoMLSimpleApplication@46f039f6
----------------- Done invoking toplevel() on ptolemy.moml.MoMLSimpleApplication@46f039f6
reloadAllAccessors: .Router2

===========================================================================================
----------------- testing Sun Oct 28 02:33:10 UTC 2018 /home/travis/build/icyphy/ptII/ptolemy/actor/lib/test/auto/RunningMaximum.xml
----------------- Instantiating /home/travis/build/icyphy/ptII/ptolemy/actor/lib/test/auto/RunningMaximum.xml
2 ms. Memory: 1531392K Free: 1437647K (94%)
----------------- Invoking toplevel() on ptolemy.moml.MoMLSimpleApplication@4b5eee05
----------------- Done invoking toplevel() on ptolemy.moml.MoMLSimpleApplication@4b5eee05
reloadAllAccessors: .RunningMaximum

===========================================================================================
----------------- testing Sun Oct 28 02:33:10 UTC 2018 /home/travis/build/icyphy/ptII/ptolemy/actor/lib/test/auto/RunningMinimum.xml
----------------- Instantiating /home/travis/build/icyphy/ptII/ptolemy/actor/lib/test/auto/RunningMinimum.xml
1 ms. Memory: 1531392K Free: 1423342K (93%)
----------------- Invoking toplevel() on ptolemy.moml.MoMLSimpleApplication@4b944cb1
----------------- Done invoking toplevel() on ptolemy.moml.MoMLSimpleApplication@4b944cb1
reloadAllAccessors: .RunningMinimum

===========================================================================================
----------------- testing Sun Oct 28 02:33:10 UTC 2018 /home/travis/build/icyphy/ptII/ptolemy/actor/lib/test/auto/Scale.xml
----------------- Instantiating /home/travis/build/icyphy/ptII/ptolemy/actor/lib/test/auto/Scale.xml
1 ms. Memory: 1531392K Free: 1404993K (92%)
----------------- Invoking toplevel() on ptolemy.moml.MoMLSimpleApplication@7f725131
----------------- Done invoking toplevel() on ptolemy.moml.MoMLSimpleApplication@7f725131
reloadAllAccessors: .Scale

===========================================================================================
----------------- testing Sun Oct 28 02:33:10 UTC 2018 /home/travis/build/icyphy/ptII/ptolemy/actor/lib/test/auto/Scale2.xml
----------------- Instantiating /home/travis/build/icyphy/ptII/ptolemy/actor/lib/test/auto/Scale2.xml
1 ms. Memory: 1531392K Free: 1386643K (91%)
----------------- Invoking toplevel() on ptolemy.moml.MoMLSimpleApplication@4ff5ef18
----------------- Done invoking toplevel() on ptolemy.moml.MoMLSimpleApplication@4ff5ef18
reloadAllAccessors: .Scale2

===========================================================================================
----------------- testing Sun Oct 28 02:33:10 UTC 2018 /home/travis/build/icyphy/ptII/ptolemy/actor/lib/test/auto/Scale3.xml
----------------- Instantiating /home/travis/build/icyphy/ptII/ptolemy/actor/lib/test/auto/Scale3.xml
9 ms. Memory: 1531392K Free: 1372338K (90%)
----------------- Invoking toplevel() on ptolemy.moml.MoMLSimpleApplication@55154d55
----------------- Done invoking toplevel() on ptolemy.moml.MoMLSimpleApplication@55154d55
reloadAllAccessors: .Scale3

===========================================================================================
----------------- testing Sun Oct 28 02:33:11 UTC 2018 /home/travis/build/icyphy/ptII/ptolemy/actor/lib/test/auto/ScaleArray.xml
----------------- Instantiating /home/travis/build/icyphy/ptII/ptolemy/actor/lib/test/auto/ScaleArray.xml
2 ms. Memory: 1531392K Free: 1353989K (88%)
----------------- Invoking toplevel() on ptolemy.moml.MoMLSimpleApplication@293aa881
----------------- Done invoking toplevel() on ptolemy.moml.MoMLSimpleApplication@293aa881
reloadAllAccessors: .ScaleArray

===========================================================================================
----------------- testing Sun Oct 28 02:33:11 UTC 2018 /home/travis/build/icyphy/ptII/ptolemy/actor/lib/test/auto/ScaleArray2.xml
----------------- Instantiating /home/travis/build/icyphy/ptII/ptolemy/actor/lib/test/auto/ScaleArray2.xml
1 ms. Memory: 1531392K Free: 1335639K (87%)
----------------- Invoking toplevel() on ptolemy.moml.MoMLSimpleApplication@4e8dd252
----------------- Done invoking toplevel() on ptolemy.moml.MoMLSimpleApplication@4e8dd252
reloadAllAccessors: .ScaleArray2

===========================================================================================
----------------- testing Sun Oct 28 02:33:11 UTC 2018 /home/travis/build/icyphy/ptII/ptolemy/actor/lib/test/auto/ScaleMatrix.xml
----------------- Instantiating /home/travis/build/icyphy/ptII/ptolemy/actor/lib/test/auto/ScaleMatrix.xml
129 ms. Memory: 1531392K Free: 1314159K (86%)
----------------- Invoking toplevel() on ptolemy.moml.MoMLSimpleApplication@7b4ec956
----------------- Done invoking toplevel() on ptolemy.moml.MoMLSimpleApplication@7b4ec956
reloadAllAccessors: .ScaleMatrix

===========================================================================================
----------------- testing Sun Oct 28 02:33:11 UTC 2018 /home/travis/build/icyphy/ptII/ptolemy/actor/lib/test/auto/Select.xml
----------------- Instantiating /home/travis/build/icyphy/ptII/ptolemy/actor/lib/test/auto/Select.xml
3 ms. Memory: 1531392K Free: 1295810K (85%)
----------------- Invoking toplevel() on ptolemy.moml.MoMLSimpleApplication@53b99f0e
----------------- Done invoking toplevel() on ptolemy.moml.MoMLSimpleApplication@53b99f0e
reloadAllAccessors: .Select

===========================================================================================
----------------- testing Sun Oct 28 02:33:11 UTC 2018 /home/travis/build/icyphy/ptII/ptolemy/actor/lib/test/auto/Select2.xml
----------------- Instantiating /home/travis/build/icyphy/ptII/ptolemy/actor/lib/test/auto/Select2.xml
1 ms. Memory: 1531392K Free: 1277460K (83%)
----------------- Invoking toplevel() on ptolemy.moml.MoMLSimpleApplication@4c12bd06
----------------- Done invoking toplevel() on ptolemy.moml.MoMLSimpleApplication@4c12bd06
reloadAllAccessors: .Select2

===========================================================================================
----------------- testing Sun Oct 28 02:33:11 UTC 2018 /home/travis/build/icyphy/ptII/ptolemy/actor/lib/test/auto/SequenceToArray2.xml
----------------- Instantiating /home/travis/build/icyphy/ptII/ptolemy/actor/lib/test/auto/SequenceToArray2.xml
88 ms. Memory: 1531392K Free: 1191612K (78%)
----------------- Invoking toplevel() on ptolemy.moml.MoMLSimpleApplication@2d3e65bc
----------------- Done invoking toplevel() on ptolemy.moml.MoMLSimpleApplication@2d3e65bc
reloadAllAccessors: .SequenceToArray2

===========================================================================================
----------------- testing Sun Oct 28 02:33:11 UTC 2018 /home/travis/build/icyphy/ptII/ptolemy/actor/lib/test/auto/SequentialClock.xml
----------------- Instantiating /home/travis/build/icyphy/ptII/ptolemy/actor/lib/test/auto/SequentialClock.xml
1 ms. Memory: 1531392K Free: 1173263K (77%)
----------------- Invoking toplevel() on ptolemy.moml.MoMLSimpleApplication@233b1c98
----------------- Done invoking toplevel() on ptolemy.moml.MoMLSimpleApplication@233b1c98
reloadAllAccessors: .SequentialClock

===========================================================================================
----------------- testing Sun Oct 28 02:33:11 UTC 2018 /home/travis/build/icyphy/ptII/ptolemy/actor/lib/test/auto/SetVariable.xml
----------------- Instantiating /home/travis/build/icyphy/ptII/ptolemy/actor/lib/test/auto/SetVariable.xml
2 ms. Memory: 1531392K Free: 1158958K (76%)
----------------- Invoking toplevel() on ptolemy.moml.MoMLSimpleApplication@e082b5e
----------------- Done invoking toplevel() on ptolemy.moml.MoMLSimpleApplication@e082b5e
reloadAllAccessors: .SetVariable

===========================================================================================
----------------- testing Sun Oct 28 02:33:11 UTC 2018 /home/travis/build/icyphy/ptII/ptolemy/actor/lib/test/auto/SetVariable2.xml
----------------- Instantiating /home/travis/build/icyphy/ptII/ptolemy/actor/lib/test/auto/SetVariable2.xml
4 ms. Memory: 1531392K Free: 1140608K (74%)
----------------- Invoking toplevel() on ptolemy.moml.MoMLSimpleApplication@3ee4a599
----------------- Done invoking toplevel() on ptolemy.moml.MoMLSimpleApplication@3ee4a599
reloadAllAccessors: .SetVariable2

===========================================================================================
----------------- testing Sun Oct 28 02:33:11 UTC 2018 /home/travis/build/icyphy/ptII/ptolemy/actor/lib/test/auto/SetVariable3.xml
----------------- Instantiating /home/travis/build/icyphy/ptII/ptolemy/actor/lib/test/auto/SetVariable3.xml
3 ms. Memory: 1531392K Free: 1122259K (73%)
----------------- Invoking toplevel() on ptolemy.moml.MoMLSimpleApplication@3f8b118c
----------------- Done invoking toplevel() on ptolemy.moml.MoMLSimpleApplication@3f8b118c
reloadAllAccessors: .SetVariable3

===========================================================================================
----------------- testing Sun Oct 28 02:33:11 UTC 2018 /home/travis/build/icyphy/ptII/ptolemy/actor/lib/test/auto/SetVariable4.xml
----------------- Instantiating /home/travis/build/icyphy/ptII/ptolemy/actor/lib/test/auto/SetVariable4.xml
13 ms. Memory: 1531392K Free: 1057885K (69%)
----------------- Invoking toplevel() on ptolemy.moml.MoMLSimpleApplication@5374a5ba
----------------- Done invoking toplevel() on ptolemy.moml.MoMLSimpleApplication@5374a5ba
reloadAllAccessors: .SetVariable4

===========================================================================================
----------------- testing Sun Oct 28 02:33:11 UTC 2018 /home/travis/build/icyphy/ptII/ptolemy/actor/lib/test/auto/SetVariable5.xml
----------------- Instantiating /home/travis/build/icyphy/ptII/ptolemy/actor/lib/test/auto/SetVariable5.xml
14 ms. Memory: 1531392K Free: 1039536K (68%)
----------------- Invoking toplevel() on ptolemy.moml.MoMLSimpleApplication@47bf67b
----------------- Done invoking toplevel() on ptolemy.moml.MoMLSimpleApplication@47bf67b
reloadAllAccessors: .SetVariable5

===========================================================================================
----------------- testing Sun Oct 28 02:33:11 UTC 2018 /home/travis/build/icyphy/ptII/ptolemy/actor/lib/test/auto/Sinewave.xml
----------------- Instantiating /home/travis/build/icyphy/ptII/ptolemy/actor/lib/test/auto/Sinewave.xml
7 ms. Memory: 1531392K Free: 1014026K (66%)
----------------- Invoking toplevel() on ptolemy.moml.MoMLSimpleApplication@7d6655aa
----------------- Done invoking toplevel() on ptolemy.moml.MoMLSimpleApplication@7d6655aa
reloadAllAccessors: .Sinewave

===========================================================================================
----------------- testing Sun Oct 28 02:33:11 UTC 2018 /home/travis/build/icyphy/ptII/ptolemy/actor/lib/test/auto/Sinewave2.xml
----------------- Instantiating /home/travis/build/icyphy/ptII/ptolemy/actor/lib/test/auto/Sinewave2.xml
5 ms. Memory: 1531392K Free: 999721K (65%)
----------------- Invoking toplevel() on ptolemy.moml.MoMLSimpleApplication@75f1ea17
----------------- Done invoking toplevel() on ptolemy.moml.MoMLSimpleApplication@75f1ea17
reloadAllAccessors: .Sinewave2

===========================================================================================
----------------- testing Sun Oct 28 02:33:11 UTC 2018 /home/travis/build/icyphy/ptII/ptolemy/actor/lib/test/auto/Sinewave3.xml
----------------- Instantiating /home/travis/build/icyphy/ptII/ptolemy/actor/lib/test/auto/Sinewave3.xml
6 ms. Memory: 1531392K Free: 981372K (64%)
----------------- Invoking toplevel() on ptolemy.moml.MoMLSimpleApplication@4ff1a869
----------------- Done invoking toplevel() on ptolemy.moml.MoMLSimpleApplication@4ff1a869
reloadAllAccessors: .Sinewave3

===========================================================================================
----------------- testing Sun Oct 28 02:33:11 UTC 2018 /home/travis/build/icyphy/ptII/ptolemy/actor/lib/test/auto/SingleEvent.xml
----------------- Instantiating /home/travis/build/icyphy/ptII/ptolemy/actor/lib/test/auto/SingleEvent.xml
1 ms. Memory: 1531392K Free: 963022K (63%)
----------------- Invoking toplevel() on ptolemy.moml.MoMLSimpleApplication@253449a9
----------------- Done invoking toplevel() on ptolemy.moml.MoMLSimpleApplication@253449a9
reloadAllAccessors: .SingleEvent

===========================================================================================
----------------- testing Sun Oct 28 02:33:11 UTC 2018 /home/travis/build/icyphy/ptII/ptolemy/actor/lib/test/auto/Sleep.xml
----------------- Instantiating /home/travis/build/icyphy/ptII/ptolemy/actor/lib/test/auto/Sleep.xml
6004 ms. Memory: 1531392K Free: 948717K (62%)
----------------- Invoking toplevel() on ptolemy.moml.MoMLSimpleApplication@78edc650
----------------- Done invoking toplevel() on ptolemy.moml.MoMLSimpleApplication@78edc650
reloadAllAccessors: .Sleep

===========================================================================================
----------------- testing Sun Oct 28 02:33:17 UTC 2018 /home/travis/build/icyphy/ptII/ptolemy/actor/lib/test/auto/SleepMultipleFire.xml
----------------- Instantiating /home/travis/build/icyphy/ptII/ptolemy/actor/lib/test/auto/SleepMultipleFire.xml
1005 ms. Memory: 1531392K Free: 930368K (61%)
----------------- Invoking toplevel() on ptolemy.moml.MoMLSimpleApplication@54ff7996
----------------- Done invoking toplevel() on ptolemy.moml.MoMLSimpleApplication@54ff7996
reloadAllAccessors: .SleepMultipleFire

===========================================================================================
----------------- testing Sun Oct 28 02:33:18 UTC 2018 /home/travis/build/icyphy/ptII/ptolemy/actor/lib/test/auto/StopDE.xml
----------------- Instantiating /home/travis/build/icyphy/ptII/ptolemy/actor/lib/test/auto/StopDE.xml
6 ms. Memory: 1531392K Free: 912018K (60%)
----------------- Invoking toplevel() on ptolemy.moml.MoMLSimpleApplication@69fe4db2
----------------- Done invoking toplevel() on ptolemy.moml.MoMLSimpleApplication@69fe4db2
reloadAllAccessors: .StopDE

===========================================================================================
----------------- testing Sun Oct 28 02:33:18 UTC 2018 /home/travis/build/icyphy/ptII/ptolemy/actor/lib/test/auto/StopSDF.xml
----------------- Instantiating /home/travis/build/icyphy/ptII/ptolemy/actor/lib/test/auto/StopSDF.xml
3 ms. Memory: 1531392K Free: 897713K (59%)
----------------- Invoking toplevel() on ptolemy.moml.MoMLSimpleApplication@4bfbccf9
----------------- Done invoking toplevel() on ptolemy.moml.MoMLSimpleApplication@4bfbccf9
reloadAllAccessors: .StopSDF

===========================================================================================
----------------- testing Sun Oct 28 02:33:18 UTC 2018 /home/travis/build/icyphy/ptII/ptolemy/actor/lib/test/auto/StringConstant.xml
----------------- Instantiating /home/travis/build/icyphy/ptII/ptolemy/actor/lib/test/auto/StringConstant.xml
3 ms. Memory: 1531392K Free: 879364K (57%)
----------------- Invoking toplevel() on ptolemy.moml.MoMLSimpleApplication@1f3fe6aa
----------------- Done invoking toplevel() on ptolemy.moml.MoMLSimpleApplication@1f3fe6aa
reloadAllAccessors: .StringConstant

===========================================================================================
----------------- testing Sun Oct 28 02:33:18 UTC 2018 /home/travis/build/icyphy/ptII/ptolemy/actor/lib/test/auto/SubscriberPortInitialValues1.xml
----------------- Instantiating /home/travis/build/icyphy/ptII/ptolemy/actor/lib/test/auto/SubscriberPortInitialValues1.xml
9 ms. Memory: 1531392K Free: 861014K (56%)
----------------- Invoking toplevel() on ptolemy.moml.MoMLSimpleApplication@2913c162
----------------- Done invoking toplevel() on ptolemy.moml.MoMLSimpleApplication@2913c162
reloadAllAccessors: .SubscriberPortInitialValues1

===========================================================================================
----------------- testing Sun Oct 28 02:33:18 UTC 2018 /home/travis/build/icyphy/ptII/ptolemy/actor/lib/test/auto/SubscriberPortInitialValues13.xml
----------------- Instantiating /home/travis/build/icyphy/ptII/ptolemy/actor/lib/test/auto/SubscriberPortInitialValues13.xml
4 ms. Memory: 1531392K Free: 839541K (55%)
----------------- Invoking toplevel() on ptolemy.moml.MoMLSimpleApplication@6eb305db
----------------- Done invoking toplevel() on ptolemy.moml.MoMLSimpleApplication@6eb305db
reloadAllAccessors: .SubscriberPortInitialValues13

===========================================================================================
----------------- testing Sun Oct 28 02:33:18 UTC 2018 /home/travis/build/icyphy/ptII/ptolemy/actor/lib/test/auto/SubscriberPortInitialValues14.xml
----------------- Instantiating /home/travis/build/icyphy/ptII/ptolemy/actor/lib/test/auto/SubscriberPortInitialValues14.xml
4 ms. Memory: 1531392K Free: 821191K (54%)
----------------- Invoking toplevel() on ptolemy.moml.MoMLSimpleApplication@74630846
----------------- Done invoking toplevel() on ptolemy.moml.MoMLSimpleApplication@74630846
reloadAllAccessors: .SubscriberPortInitialValues14

===========================================================================================
----------------- testing Sun Oct 28 02:33:18 UTC 2018 /home/travis/build/icyphy/ptII/ptolemy/actor/lib/test/auto/SubscriberPortInitialValues2.xml
----------------- Instantiating /home/travis/build/icyphy/ptII/ptolemy/actor/lib/test/auto/SubscriberPortInitialValues2.xml
4 ms. Memory: 1531392K Free: 806886K (53%)
----------------- Invoking toplevel() on ptolemy.moml.MoMLSimpleApplication@5c461ef3
----------------- Done invoking toplevel() on ptolemy.moml.MoMLSimpleApplication@5c461ef3
reloadAllAccessors: .SubscriberPortInitialValues2

===========================================================================================
----------------- testing Sun Oct 28 02:33:18 UTC 2018 /home/travis/build/icyphy/ptII/ptolemy/actor/lib/test/auto/SubscriberPortInitialValues3.xml
----------------- Instantiating /home/travis/build/icyphy/ptII/ptolemy/actor/lib/test/auto/SubscriberPortInitialValues3.xml
4 ms. Memory: 1531392K Free: 781376K (51%)
----------------- Invoking toplevel() on ptolemy.moml.MoMLSimpleApplication@188f225e
----------------- Done invoking toplevel() on ptolemy.moml.MoMLSimpleApplication@188f225e
reloadAllAccessors: .SubscriberPortInitialValues3

===========================================================================================
----------------- testing Sun Oct 28 02:33:18 UTC 2018 /home/travis/build/icyphy/ptII/ptolemy/actor/lib/test/auto/SubscriptionAggregator.xml
----------------- Instantiating /home/travis/build/icyphy/ptII/ptolemy/actor/lib/test/auto/SubscriptionAggregator.xml
3 ms. Memory: 1531392K Free: 763027K (50%)
----------------- Invoking toplevel() on ptolemy.moml.MoMLSimpleApplication@6b4f7104
----------------- Done invoking toplevel() on ptolemy.moml.MoMLSimpleApplication@6b4f7104
reloadAllAccessors: .SubscriptionAggregator

===========================================================================================
----------------- testing Sun Oct 28 02:33:18 UTC 2018 /home/travis/build/icyphy/ptII/ptolemy/actor/lib/test/auto/SubscriptionAggregator2.xml
----------------- Instantiating /home/travis/build/icyphy/ptII/ptolemy/actor/lib/test/auto/SubscriptionAggregator2.xml
2 ms. Memory: 1531392K Free: 748721K (49%)
----------------- Invoking toplevel() on ptolemy.moml.MoMLSimpleApplication@6965d2e1
----------------- Done invoking toplevel() on ptolemy.moml.MoMLSimpleApplication@6965d2e1
reloadAllAccessors: .SubscriptionAggregator2

===========================================================================================
----------------- testing Sun Oct 28 02:33:18 UTC 2018 /home/travis/build/icyphy/ptII/ptolemy/actor/lib/test/auto/SubscriptionAggregator3.xml
----------------- Instantiating /home/travis/build/icyphy/ptII/ptolemy/actor/lib/test/auto/SubscriptionAggregator3.xml
3 ms. Memory: 1531392K Free: 730372K (48%)
----------------- Invoking toplevel() on ptolemy.moml.MoMLSimpleApplication@75468b1a
----------------- Done invoking toplevel() on ptolemy.moml.MoMLSimpleApplication@75468b1a
reloadAllAccessors: .SubscriptionAggregator3

===========================================================================================
----------------- testing Sun Oct 28 02:33:18 UTC 2018 /home/travis/build/icyphy/ptII/ptolemy/actor/lib/test/auto/SubscriptionAggregatorMultiply.xml
----------------- Instantiating /home/travis/build/icyphy/ptII/ptolemy/actor/lib/test/auto/SubscriptionAggregatorMultiply.xml
6 ms. Memory: 1531392K Free: 712022K (46%)
----------------- Invoking toplevel() on ptolemy.moml.MoMLSimpleApplication@d818c72
----------------- Done invoking toplevel() on ptolemy.moml.MoMLSimpleApplication@d818c72
reloadAllAccessors: .SubscriptionAggregatorMultiply

===========================================================================================
----------------- testing Sun Oct 28 02:33:18 UTC 2018 /home/travis/build/icyphy/ptII/ptolemy/actor/lib/test/auto/SubscriptionAggregatorPortMultiply1.xml
----------------- Instantiating /home/travis/build/icyphy/ptII/ptolemy/actor/lib/test/auto/SubscriptionAggregatorPortMultiply1.xml
3 ms. Memory: 1531392K Free: 697717K (46%)
----------------- Invoking toplevel() on ptolemy.moml.MoMLSimpleApplication@7272ae87
----------------- Done invoking toplevel() on ptolemy.moml.MoMLSimpleApplication@7272ae87
reloadAllAccessors: .SubscriptionAggregatorPortMultiply1

===========================================================================================
----------------- testing Sun Oct 28 02:33:18 UTC 2018 /home/travis/build/icyphy/ptII/ptolemy/actor/lib/test/auto/Switch.xml
----------------- Instantiating /home/travis/build/icyphy/ptII/ptolemy/actor/lib/test/auto/Switch.xml
7 ms. Memory: 1531392K Free: 636452K (42%)
----------------- Invoking toplevel() on ptolemy.moml.MoMLSimpleApplication@726a10db
----------------- Done invoking toplevel() on ptolemy.moml.MoMLSimpleApplication@726a10db
reloadAllAccessors: .Switch

===========================================================================================
----------------- testing Sun Oct 28 02:33:18 UTC 2018 /home/travis/build/icyphy/ptII/ptolemy/actor/lib/test/auto/Switch2.xml
----------------- Instantiating /home/travis/build/icyphy/ptII/ptolemy/actor/lib/test/auto/Switch2.xml
1 ms. Memory: 1531392K Free: 618103K (40%)
----------------- Invoking toplevel() on ptolemy.moml.MoMLSimpleApplication@29087a44
----------------- Done invoking toplevel() on ptolemy.moml.MoMLSimpleApplication@29087a44
reloadAllAccessors: .Switch2

===========================================================================================
----------------- testing Sun Oct 28 02:33:18 UTC 2018 /home/travis/build/icyphy/ptII/ptolemy/actor/lib/test/auto/SwitchDE.xml
----------------- Instantiating /home/travis/build/icyphy/ptII/ptolemy/actor/lib/test/auto/SwitchDE.xml
9 ms. Memory: 1531392K Free: 603798K (39%)
----------------- Invoking toplevel() on ptolemy.moml.MoMLSimpleApplication@6a91d90b
----------------- Done invoking toplevel() on ptolemy.moml.MoMLSimpleApplication@6a91d90b
reloadAllAccessors: .SwitchDE

===========================================================================================
----------------- testing Sun Oct 28 02:33:19 UTC 2018 /home/travis/build/icyphy/ptII/ptolemy/actor/lib/test/auto/SynchronizerDE.xml
----------------- Instantiating /home/travis/build/icyphy/ptII/ptolemy/actor/lib/test/auto/SynchronizerDE.xml
7 ms. Memory: 1531392K Free: 585448K (38%)
----------------- Invoking toplevel() on ptolemy.moml.MoMLSimpleApplication@518538e8
----------------- Done invoking toplevel() on ptolemy.moml.MoMLSimpleApplication@518538e8
reloadAllAccessors: .SynchronizerDE

===========================================================================================
----------------- testing Sun Oct 28 02:33:19 UTC 2018 /home/travis/build/icyphy/ptII/ptolemy/actor/lib/test/auto/Test.xml
----------------- Instantiating /home/travis/build/icyphy/ptII/ptolemy/actor/lib/test/auto/Test.xml
6 ms. Memory: 1531392K Free: 567099K (37%)
----------------- Invoking toplevel() on ptolemy.moml.MoMLSimpleApplication@56a805e8
----------------- Done invoking toplevel() on ptolemy.moml.MoMLSimpleApplication@56a805e8
reloadAllAccessors: .Test

===========================================================================================
----------------- testing Sun Oct 28 02:33:19 UTC 2018 /home/travis/build/icyphy/ptII/ptolemy/actor/lib/test/auto/TestExceptionAttribute1.xml
----------------- Instantiating /home/travis/build/icyphy/ptII/ptolemy/actor/lib/test/auto/TestExceptionAttribute1.xml
1 ms. Memory: 1531392K Free: 552794K (36%)
----------------- Invoking toplevel() on ptolemy.moml.MoMLSimpleApplication@34787256
----------------- Done invoking toplevel() on ptolemy.moml.MoMLSimpleApplication@34787256
reloadAllAccessors: .TestExceptionAttribute1

===========================================================================================
----------------- testing Sun Oct 28 02:33:19 UTC 2018 /home/travis/build/icyphy/ptII/ptolemy/actor/lib/test/auto/TestExceptionAttribute2.xml
----------------- Instantiating /home/travis/build/icyphy/ptII/ptolemy/actor/lib/test/auto/TestExceptionAttribute2.xml
2 ms. Memory: 1531392K Free: 534444K (35%)
----------------- Invoking toplevel() on ptolemy.moml.MoMLSimpleApplication@1c771874
----------------- Done invoking toplevel() on ptolemy.moml.MoMLSimpleApplication@1c771874
reloadAllAccessors: .TestExceptionAttribute2

===========================================================================================
----------------- testing Sun Oct 28 02:33:19 UTC 2018 /home/travis/build/icyphy/ptII/ptolemy/actor/lib/test/auto/TestExceptionAttribute3.xml
----------------- Instantiating /home/travis/build/icyphy/ptII/ptolemy/actor/lib/test/auto/TestExceptionAttribute3.xml
.TestExceptionAttribute3.TestExceptionAttribute: initialize() was not invoked, but wrapup() was.  This is unusual, but not always a problem.  For example, exporting JNLP will do this.
1 ms. Memory: 1531392K Free: 520139K (34%)
----------------- Invoking toplevel() on ptolemy.moml.MoMLSimpleApplication@2b6c06f4
----------------- Done invoking toplevel() on ptolemy.moml.MoMLSimpleApplication@2b6c06f4
reloadAllAccessors: .TestExceptionAttribute3

===========================================================================================
----------------- testing Sun Oct 28 02:33:19 UTC 2018 /home/travis/build/icyphy/ptII/ptolemy/actor/lib/test/auto/TestExceptionAttribute4.xml
----------------- Instantiating /home/travis/build/icyphy/ptII/ptolemy/actor/lib/test/auto/TestExceptionAttribute4.xml
.TestExceptionAttribute4.TestExceptionAttribute: initialize() was not invoked, but wrapup() was.  This is unusual, but not always a problem.  For example, exporting JNLP will do this.
.TestExceptionAttribute4.TestExceptionAttribute2: initialize() was not invoked, but wrapup() was.  This is unusual, but not always a problem.  For example, exporting JNLP will do this.
0 ms. Memory: 1531392K Free: 501790K (33%)
----------------- Invoking toplevel() on ptolemy.moml.MoMLSimpleApplication@64641a3a
----------------- Done invoking toplevel() on ptolemy.moml.MoMLSimpleApplication@64641a3a
reloadAllAccessors: .TestExceptionAttribute4

===========================================================================================
----------------- testing Sun Oct 28 02:33:19 UTC 2018 /home/travis/build/icyphy/ptII/ptolemy/actor/lib/test/auto/TestExceptionHandler1.xml
----------------- Instantiating /home/travis/build/icyphy/ptII/ptolemy/actor/lib/test/auto/TestExceptionHandler1.xml
0 ms. Memory: 1531392K Free: 483440K (32%)
----------------- Invoking toplevel() on ptolemy.moml.MoMLSimpleApplication@2c55e6e5
----------------- Done invoking toplevel() on ptolemy.moml.MoMLSimpleApplication@2c55e6e5
reloadAllAccessors: .TestExceptionHandler1

===========================================================================================
----------------- testing Sun Oct 28 02:33:19 UTC 2018 /home/travis/build/icyphy/ptII/ptolemy/actor/lib/test/auto/TestExceptionHandler2.xml
----------------- Instantiating /home/travis/build/icyphy/ptII/ptolemy/actor/lib/test/auto/TestExceptionHandler2.xml
1 ms. Memory: 1531392K Free: 469135K (31%)
----------------- Invoking toplevel() on ptolemy.moml.MoMLSimpleApplication@651585a0
----------------- Done invoking toplevel() on ptolemy.moml.MoMLSimpleApplication@651585a0
reloadAllAccessors: .TestExceptionHandler2

===========================================================================================
----------------- testing Sun Oct 28 02:33:19 UTC 2018 /home/travis/build/icyphy/ptII/ptolemy/actor/lib/test/auto/TestExceptionHandler3.xml
----------------- Instantiating /home/travis/build/icyphy/ptII/ptolemy/actor/lib/test/auto/TestExceptionHandler3.xml
0 ms. Memory: 1531392K Free: 450786K (29%)
----------------- Invoking toplevel() on ptolemy.moml.MoMLSimpleApplication@5fa4ae1d
----------------- Done invoking toplevel() on ptolemy.moml.MoMLSimpleApplication@5fa4ae1d
reloadAllAccessors: .TestExceptionHandler3

===========================================================================================
----------------- testing Sun Oct 28 02:33:19 UTC 2018 /home/travis/build/icyphy/ptII/ptolemy/actor/lib/test/auto/TestExceptionHandler4.xml
----------------- Instantiating /home/travis/build/icyphy/ptII/ptolemy/actor/lib/test/auto/TestExceptionHandler4.xml
1 ms. Memory: 1531392K Free: 432436K (28%)
----------------- Invoking toplevel() on ptolemy.moml.MoMLSimpleApplication@57778cea
----------------- Done invoking toplevel() on ptolemy.moml.MoMLSimpleApplication@57778cea
reloadAllAccessors: .TestExceptionHandler4

===========================================================================================
----------------- testing Sun Oct 28 02:33:19 UTC 2018 /home/travis/build/icyphy/ptII/ptolemy/actor/lib/test/auto/TestRequireCorrectOrder.xml
----------------- Instantiating /home/travis/build/icyphy/ptII/ptolemy/actor/lib/test/auto/TestRequireCorrectOrder.xml
5 ms. Memory: 1531392K Free: 418131K (27%)
----------------- Invoking toplevel() on ptolemy.moml.MoMLSimpleApplication@72b96129
----------------- Done invoking toplevel() on ptolemy.moml.MoMLSimpleApplication@72b96129
reloadAllAccessors: .TestRequireCorrectOrder

===========================================================================================
----------------- testing Sun Oct 28 02:33:19 UTC 2018 /home/travis/build/icyphy/ptII/ptolemy/actor/lib/test/auto/TestSimple.xml
----------------- Instantiating /home/travis/build/icyphy/ptII/ptolemy/actor/lib/test/auto/TestSimple.xml
1 ms. Memory: 1531392K Free: 399782K (26%)
----------------- Invoking toplevel() on ptolemy.moml.MoMLSimpleApplication@49cb7c86
----------------- Done invoking toplevel() on ptolemy.moml.MoMLSimpleApplication@49cb7c86
reloadAllAccessors: .TestSimple

===========================================================================================
----------------- testing Sun Oct 28 02:33:19 UTC 2018 /home/travis/build/icyphy/ptII/ptolemy/actor/lib/test/auto/ThrowModelError.xml
----------------- Instantiating /home/travis/build/icyphy/ptII/ptolemy/actor/lib/test/auto/ThrowModelError.xml
1 ms. Memory: 1531392K Free: 381433K (25%)
----------------- Invoking toplevel() on ptolemy.moml.MoMLSimpleApplication@458535ca
----------------- Done invoking toplevel() on ptolemy.moml.MoMLSimpleApplication@458535ca
reloadAllAccessors: .ThrowModelError

===========================================================================================
----------------- testing Sun Oct 28 02:33:19 UTC 2018 /home/travis/build/icyphy/ptII/ptolemy/actor/lib/test/auto/TimeDelayMicrosteps.xml
----------------- Instantiating /home/travis/build/icyphy/ptII/ptolemy/actor/lib/test/auto/TimeDelayMicrosteps.xml
3 ms. Memory: 1531392K Free: 367127K (24%)
----------------- Invoking toplevel() on ptolemy.moml.MoMLSimpleApplication@861b6ba
----------------- Done invoking toplevel() on ptolemy.moml.MoMLSimpleApplication@861b6ba
reloadAllAccessors: .TimeDelayMicrosteps

===========================================================================================
----------------- testing Sun Oct 28 02:33:19 UTC 2018 /home/travis/build/icyphy/ptII/ptolemy/actor/lib/test/auto/TimeDelayMicrosteps2.xml
----------------- Instantiating /home/travis/build/icyphy/ptII/ptolemy/actor/lib/test/auto/TimeDelayMicrosteps2.xml
3 ms. Memory: 1531392K Free: 348778K (23%)
----------------- Invoking toplevel() on ptolemy.moml.MoMLSimpleApplication@701ba07e
----------------- Done invoking toplevel() on ptolemy.moml.MoMLSimpleApplication@701ba07e
reloadAllAccessors: .TimeDelayMicrosteps2

===========================================================================================
----------------- testing Sun Oct 28 02:33:19 UTC 2018 /home/travis/build/icyphy/ptII/ptolemy/actor/lib/test/auto/TimeDelayMicrosteps3.xml
----------------- Instantiating /home/travis/build/icyphy/ptII/ptolemy/actor/lib/test/auto/TimeDelayMicrosteps3.xml
3 ms. Memory: 1531392K Free: 330429K (22%)
----------------- Invoking toplevel() on ptolemy.moml.MoMLSimpleApplication@458493a3
----------------- Done invoking toplevel() on ptolemy.moml.MoMLSimpleApplication@458493a3
reloadAllAccessors: .TimeDelayMicrosteps3

===========================================================================================
----------------- testing Sun Oct 28 02:33:19 UTC 2018 /home/travis/build/icyphy/ptII/ptolemy/actor/lib/test/auto/TimeDelayVariableMicrosteps.xml
----------------- Instantiating /home/travis/build/icyphy/ptII/ptolemy/actor/lib/test/auto/TimeDelayVariableMicrosteps.xml
2 ms. Memory: 1531392K Free: 316123K (21%)
----------------- Invoking toplevel() on ptolemy.moml.MoMLSimpleApplication@26c6179b
----------------- Done invoking toplevel() on ptolemy.moml.MoMLSimpleApplication@26c6179b
reloadAllAccessors: .TimeDelayVariableMicrosteps

===========================================================================================
----------------- testing Sun Oct 28 02:33:19 UTC 2018 /home/travis/build/icyphy/ptII/ptolemy/actor/lib/test/auto/TimeGap.xml
----------------- Instantiating /home/travis/build/icyphy/ptII/ptolemy/actor/lib/test/auto/TimeGap.xml
2 ms. Memory: 1531392K Free: 297774K (19%)
----------------- Invoking toplevel() on ptolemy.moml.MoMLSimpleApplication@7aff05bf
----------------- Done invoking toplevel() on ptolemy.moml.MoMLSimpleApplication@7aff05bf
reloadAllAccessors: .TimeGap

===========================================================================================
----------------- testing Sun Oct 28 02:33:19 UTC 2018 /home/travis/build/icyphy/ptII/ptolemy/actor/lib/test/auto/TimeGap2.xml
----------------- Instantiating /home/travis/build/icyphy/ptII/ptolemy/actor/lib/test/auto/TimeGap2.xml
2 ms. Memory: 1531392K Free: 279425K (18%)
----------------- Invoking toplevel() on ptolemy.moml.MoMLSimpleApplication@7d274718
----------------- Done invoking toplevel() on ptolemy.moml.MoMLSimpleApplication@7d274718
reloadAllAccessors: .TimeGap2

===========================================================================================
----------------- testing Sun Oct 28 02:33:19 UTC 2018 /home/travis/build/icyphy/ptII/ptolemy/actor/lib/test/auto/TimedSinewave.xml
----------------- Instantiating /home/travis/build/icyphy/ptII/ptolemy/actor/lib/test/auto/TimedSinewave.xml
14 ms. Memory: 1531392K Free: 257967K (17%)
----------------- Invoking toplevel() on ptolemy.moml.MoMLSimpleApplication@14c2af2d
----------------- Done invoking toplevel() on ptolemy.moml.MoMLSimpleApplication@14c2af2d
reloadAllAccessors: .TimedSinewave

===========================================================================================
----------------- testing Sun Oct 28 02:33:19 UTC 2018 /home/travis/build/icyphy/ptII/ptolemy/actor/lib/test/auto/TimedSinewavePhase.xml
----------------- Instantiating /home/travis/build/icyphy/ptII/ptolemy/actor/lib/test/auto/TimedSinewavePhase.xml
10 ms. Memory: 1531392K Free: 239618K (16%)
----------------- Invoking toplevel() on ptolemy.moml.MoMLSimpleApplication@18e06af6
----------------- Done invoking toplevel() on ptolemy.moml.MoMLSimpleApplication@18e06af6
reloadAllAccessors: .TimedSinewavePhase

===========================================================================================
----------------- testing Sun Oct 28 02:33:19 UTC 2018 /home/travis/build/icyphy/ptII/ptolemy/actor/lib/test/auto/Timer.xml
----------------- Instantiating /home/travis/build/icyphy/ptII/ptolemy/actor/lib/test/auto/Timer.xml
2 ms. Memory: 1531392K Free: 225313K (15%)
----------------- Invoking toplevel() on ptolemy.moml.MoMLSimpleApplication@6df94971
----------------- Done invoking toplevel() on ptolemy.moml.MoMLSimpleApplication@6df94971
reloadAllAccessors: .Timer

===========================================================================================
----------------- testing Sun Oct 28 02:33:19 UTC 2018 /home/travis/build/icyphy/ptII/ptolemy/actor/lib/test/auto/TriangularDistTestModel.xml
----------------- Instantiating /home/travis/build/icyphy/ptII/ptolemy/actor/lib/test/auto/TriangularDistTestModel.xml
2 ms. Memory: 1531392K Free: 206963K (14%)
----------------- Invoking toplevel() on ptolemy.moml.MoMLSimpleApplication@1cfe20de
----------------- Done invoking toplevel() on ptolemy.moml.MoMLSimpleApplication@1cfe20de
reloadAllAccessors: .TriangularDistTestModel

===========================================================================================
----------------- testing Sun Oct 28 02:33:19 UTC 2018 /home/travis/build/icyphy/ptII/ptolemy/actor/lib/test/auto/TrigFunction.xml
----------------- Instantiating /home/travis/build/icyphy/ptII/ptolemy/actor/lib/test/auto/TrigFunction.xml
2 ms. Memory: 1531392K Free: 188614K (12%)
----------------- Invoking toplevel() on ptolemy.moml.MoMLSimpleApplication@3d0dee36
----------------- Done invoking toplevel() on ptolemy.moml.MoMLSimpleApplication@3d0dee36
reloadAllAccessors: .TrigFunction

===========================================================================================
----------------- testing Sun Oct 28 02:33:19 UTC 2018 /home/travis/build/icyphy/ptII/ptolemy/actor/lib/test/auto/TrigFunctionDE.xml
----------------- Instantiating /home/travis/build/icyphy/ptII/ptolemy/actor/lib/test/auto/TrigFunctionDE.xml
2 ms. Memory: 1531392K Free: 174309K (11%)
----------------- Invoking toplevel() on ptolemy.moml.MoMLSimpleApplication@57e228a2
----------------- Done invoking toplevel() on ptolemy.moml.MoMLSimpleApplication@57e228a2
reloadAllAccessors: .TrigFunctionDE

===========================================================================================
----------------- testing Sun Oct 28 02:33:19 UTC 2018 /home/travis/build/icyphy/ptII/ptolemy/actor/lib/test/auto/TrigFunctionInverse.xml
----------------- Instantiating /home/travis/build/icyphy/ptII/ptolemy/actor/lib/test/auto/TrigFunctionInverse.xml
2 ms. Memory: 1531392K Free: 155959K (10%)
----------------- Invoking toplevel() on ptolemy.moml.MoMLSimpleApplication@31b02b3
----------------- Done invoking toplevel() on ptolemy.moml.MoMLSimpleApplication@31b02b3
reloadAllAccessors: .TrigFunctionInverse

===========================================================================================
----------------- testing Sun Oct 28 02:33:19 UTC 2018 /home/travis/build/icyphy/ptII/ptolemy/actor/lib/test/auto/TrigFunctionTan.xml
----------------- Instantiating /home/travis/build/icyphy/ptII/ptolemy/actor/lib/test/auto/TrigFunctionTan.xml
2 ms. Memory: 1531392K Free: 137610K (9%)
----------------- Invoking toplevel() on ptolemy.moml.MoMLSimpleApplication@428e1321
----------------- Done invoking toplevel() on ptolemy.moml.MoMLSimpleApplication@428e1321
reloadAllAccessors: .TrigFunctionTan

===========================================================================================
----------------- testing Sun Oct 28 02:33:19 UTC 2018 /home/travis/build/icyphy/ptII/ptolemy/actor/lib/test/auto/TriggeredClock.xml
----------------- Instantiating /home/travis/build/icyphy/ptII/ptolemy/actor/lib/test/auto/TriggeredClock.xml
3 ms. Memory: 1531392K Free: 123305K (8%)
----------------- Invoking toplevel() on ptolemy.moml.MoMLSimpleApplication@c14e03b
----------------- Done invoking toplevel() on ptolemy.moml.MoMLSimpleApplication@c14e03b
reloadAllAccessors: .TriggeredClock

===========================================================================================
----------------- testing Sun Oct 28 02:33:19 UTC 2018 /home/travis/build/icyphy/ptII/ptolemy/actor/lib/test/auto/URLDirectoryReader.xml
----------------- Instantiating /home/travis/build/icyphy/ptII/ptolemy/actor/lib/test/auto/URLDirectoryReader.xml
36 ms. Memory: 1531392K Free: 104955K (7%)
----------------- Invoking toplevel() on ptolemy.moml.MoMLSimpleApplication@1b058a5c
----------------- Done invoking toplevel() on ptolemy.moml.MoMLSimpleApplication@1b058a5c
reloadAllAccessors: .URLDirectoryReader

===========================================================================================
----------------- testing Sun Oct 28 02:33:19 UTC 2018 /home/travis/build/icyphy/ptII/ptolemy/actor/lib/test/auto/URLDirectoryReader3.xml
----------------- Instantiating /home/travis/build/icyphy/ptII/ptolemy/actor/lib/test/auto/URLDirectoryReader3.xml
1132 ms. Memory: 1607680K Free: 1542111K (96%)
----------------- Invoking toplevel() on ptolemy.moml.MoMLSimpleApplication@40020bf3
----------------- Done invoking toplevel() on ptolemy.moml.MoMLSimpleApplication@40020bf3
reloadAllAccessors: .URLDirectoryReader3

===========================================================================================
----------------- testing Sun Oct 28 02:33:21 UTC 2018 /home/travis/build/icyphy/ptII/ptolemy/actor/lib/test/auto/UnaryMathFunction.xml
----------------- Instantiating /home/travis/build/icyphy/ptII/ptolemy/actor/lib/test/auto/UnaryMathFunction.xml
10 ms. Memory: 1607680K Free: 1519244K (94%)
----------------- Invoking toplevel() on ptolemy.moml.MoMLSimpleApplication@204bc69b
----------------- Done invoking toplevel() on ptolemy.moml.MoMLSimpleApplication@204bc69b
reloadAllAccessors: .UnaryMathFunction

===========================================================================================
----------------- testing Sun Oct 28 02:33:21 UTC 2018 /home/travis/build/icyphy/ptII/ptolemy/actor/lib/test/auto/Uniform.xml
----------------- Instantiating /home/travis/build/icyphy/ptII/ptolemy/actor/lib/test/auto/Uniform.xml
11 ms. Memory: 1607680K Free: 1500130K (93%)
----------------- Invoking toplevel() on ptolemy.moml.MoMLSimpleApplication@4890b51c
----------------- Done invoking toplevel() on ptolemy.moml.MoMLSimpleApplication@4890b51c
reloadAllAccessors: .Uniform

===========================================================================================
----------------- testing Sun Oct 28 02:33:21 UTC 2018 /home/travis/build/icyphy/ptII/ptolemy/actor/lib/test/auto/UnionDisassemblerTest.xml
----------------- Instantiating /home/travis/build/icyphy/ptII/ptolemy/actor/lib/test/auto/UnionDisassemblerTest.xml
16 ms. Memory: 1607680K Free: 1485119K (92%)
----------------- Invoking toplevel() on ptolemy.moml.MoMLSimpleApplication@d52d7b3
----------------- Done invoking toplevel() on ptolemy.moml.MoMLSimpleApplication@d52d7b3
reloadAllAccessors: .UnionDisassemblerTest

===========================================================================================
----------------- testing Sun Oct 28 02:33:21 UTC 2018 /home/travis/build/icyphy/ptII/ptolemy/actor/lib/test/auto/UtilityFunctions.xml
----------------- Instantiating /home/travis/build/icyphy/ptII/ptolemy/actor/lib/test/auto/UtilityFunctions.xml
9 ms. Memory: 1607680K Free: 1466005K (91%)
----------------- Invoking toplevel() on ptolemy.moml.MoMLSimpleApplication@2d22b5ee
----------------- Done invoking toplevel() on ptolemy.moml.MoMLSimpleApplication@2d22b5ee
reloadAllAccessors: .UtilityFunctions

===========================================================================================
----------------- testing Sun Oct 28 02:33:21 UTC 2018 /home/travis/build/icyphy/ptII/ptolemy/actor/lib/test/auto/VariableSleep.xml
----------------- Instantiating /home/travis/build/icyphy/ptII/ptolemy/actor/lib/test/auto/VariableSleep.xml
509 ms. Memory: 1607680K Free: 1446891K (90%)
----------------- Invoking toplevel() on ptolemy.moml.MoMLSimpleApplication@2a99a326
----------------- Done invoking toplevel() on ptolemy.moml.MoMLSimpleApplication@2a99a326
reloadAllAccessors: .VariableSleep

===========================================================================================
----------------- testing Sun Oct 28 02:33:21 UTC 2018 /home/travis/build/icyphy/ptII/ptolemy/actor/lib/test/auto/VectorAssemblerDisassemblerCT.xml
----------------- Instantiating /home/travis/build/icyphy/ptII/ptolemy/actor/lib/test/auto/VectorAssemblerDisassemblerCT.xml
77 ms. Memory: 1607680K Free: 1416851K (88%)
----------------- Invoking toplevel() on ptolemy.moml.MoMLSimpleApplication@1c8255a
----------------- Done invoking toplevel() on ptolemy.moml.MoMLSimpleApplication@1c8255a
reloadAllAccessors: .VectorAssemblerDisassemblerCT

===========================================================================================
----------------- testing Sun Oct 28 02:33:21 UTC 2018 /home/travis/build/icyphy/ptII/ptolemy/actor/lib/test/auto/VectorAssemblerDisassemblerDE.xml
----------------- Instantiating /home/travis/build/icyphy/ptII/ptolemy/actor/lib/test/auto/VectorAssemblerDisassemblerDE.xml
2 ms. Memory: 1607680K Free: 1397737K (87%)
----------------- Invoking toplevel() on ptolemy.moml.MoMLSimpleApplication@53387bcd
----------------- Done invoking toplevel() on ptolemy.moml.MoMLSimpleApplication@53387bcd
reloadAllAccessors: .VectorAssemblerDisassemblerDE

===========================================================================================
----------------- testing Sun Oct 28 02:33:21 UTC 2018 /home/travis/build/icyphy/ptII/ptolemy/actor/lib/test/auto/VectorAssemblerDisassemblerSDF.xml
----------------- Instantiating /home/travis/build/icyphy/ptII/ptolemy/actor/lib/test/auto/VectorAssemblerDisassemblerSDF.xml
2 ms. Memory: 1607680K Free: 1378624K (86%)
----------------- Invoking toplevel() on ptolemy.moml.MoMLSimpleApplication@57652a09
----------------- Done invoking toplevel() on ptolemy.moml.MoMLSimpleApplication@57652a09
reloadAllAccessors: .VectorAssemblerDisassemblerSDF

===========================================================================================
----------------- testing Sun Oct 28 02:33:21 UTC 2018 /home/travis/build/icyphy/ptII/ptolemy/actor/lib/test/auto/WallClockTime.xml
----------------- Instantiating /home/travis/build/icyphy/ptII/ptolemy/actor/lib/test/auto/WallClockTime.xml
1006 ms. Memory: 1607680K Free: 1363612K (85%)
----------------- Invoking toplevel() on ptolemy.moml.MoMLSimpleApplication@49405f5e
----------------- Done invoking toplevel() on ptolemy.moml.MoMLSimpleApplication@49405f5e
reloadAllAccessors: .WallClockTime

===========================================================================================
----------------- testing Sun Oct 28 02:33:23 UTC 2018 /home/travis/build/icyphy/ptII/ptolemy/actor/lib/test/auto/WidthTestWithSubscriberPublisher.xml
----------------- Instantiating /home/travis/build/icyphy/ptII/ptolemy/actor/lib/test/auto/WidthTestWithSubscriberPublisher.xml
7 ms. Memory: 1607680K Free: 1329470K (83%)
----------------- Invoking toplevel() on ptolemy.moml.MoMLSimpleApplication@6eeb03e7
----------------- Done invoking toplevel() on ptolemy.moml.MoMLSimpleApplication@6eeb03e7
reloadAllAccessors: .WidthTestWithSubscriberPublisher

===========================================================================================
----------------- testing Sun Oct 28 02:33:23 UTC 2018 /home/travis/build/icyphy/ptII/ptolemy/actor/lib/test/auto/WidthTestWithSubscriberPublisher2.xml
----------------- Instantiating /home/travis/build/icyphy/ptII/ptolemy/actor/lib/test/auto/WidthTestWithSubscriberPublisher2.xml
2 ms. Memory: 1607680K Free: 1310356K (82%)
----------------- Invoking toplevel() on ptolemy.moml.MoMLSimpleApplication@45009996
----------------- Done invoking toplevel() on ptolemy.moml.MoMLSimpleApplication@45009996
reloadAllAccessors: .WidthTestWithSubscriberPublisher2

===========================================================================================
----------------- testing Sun Oct 28 02:33:23 UTC 2018 /home/travis/build/icyphy/ptII/ptolemy/actor/lib/test/auto/WidthTestWithSubscriberPublisher3.xml
----------------- Instantiating /home/travis/build/icyphy/ptII/ptolemy/actor/lib/test/auto/WidthTestWithSubscriberPublisher3.xml
1 ms. Memory: 1607680K Free: 1295344K (81%)
----------------- Invoking toplevel() on ptolemy.moml.MoMLSimpleApplication@373b6c8
----------------- Done invoking toplevel() on ptolemy.moml.MoMLSimpleApplication@373b6c8
reloadAllAccessors: .WidthTestWithSubscriberPublisher3

===========================================================================================
----------------- testing Sun Oct 28 02:33:23 UTC 2018 /home/travis/build/icyphy/ptII/ptolemy/actor/lib/test/auto/Writer.xml
----------------- Instantiating /home/travis/build/icyphy/ptII/ptolemy/actor/lib/test/auto/Writer.xml
0
1
2
3
4
1 ms. Memory: 1607680K Free: 1276231K (79%)
----------------- Invoking toplevel() on ptolemy.moml.MoMLSimpleApplication@75c47738
----------------- Done invoking toplevel() on ptolemy.moml.MoMLSimpleApplication@75c47738
reloadAllAccessors: .Writer

===========================================================================================
----------------- testing Sun Oct 28 02:33:23 UTC 2018 /home/travis/build/icyphy/ptII/ptolemy/actor/lib/test/auto/array.xml
----------------- Instantiating /home/travis/build/icyphy/ptII/ptolemy/actor/lib/test/auto/array.xml
1 ms. Memory: 1607680K Free: 1257117K (78%)
----------------- Invoking toplevel() on ptolemy.moml.MoMLSimpleApplication@31f09844
----------------- Done invoking toplevel() on ptolemy.moml.MoMLSimpleApplication@31f09844
reloadAllAccessors: .array

===========================================================================================
----------------- testing Sun Oct 28 02:33:23 UTC 2018 /home/travis/build/icyphy/ptII/ptolemy/actor/lib/test/auto/array2.xml
----------------- Instantiating /home/travis/build/icyphy/ptII/ptolemy/actor/lib/test/auto/array2.xml
2 ms. Memory: 1607680K Free: 1242105K (77%)
----------------- Invoking toplevel() on ptolemy.moml.MoMLSimpleApplication@76aa2ed1
----------------- Done invoking toplevel() on ptolemy.moml.MoMLSimpleApplication@76aa2ed1
reloadAllAccessors: .array2

===========================================================================================
----------------- testing Sun Oct 28 02:33:23 UTC 2018 /home/travis/build/icyphy/ptII/ptolemy/actor/lib/test/auto/arrayType.xml
----------------- Instantiating /home/travis/build/icyphy/ptII/ptolemy/actor/lib/test/auto/arrayType.xml
2 ms. Memory: 1607680K Free: 1222991K (76%)
----------------- Invoking toplevel() on ptolemy.moml.MoMLSimpleApplication@4cf8e13
----------------- Done invoking toplevel() on ptolemy.moml.MoMLSimpleApplication@4cf8e13
reloadAllAccessors: .arrayType

===========================================================================================
----------------- testing Sun Oct 28 02:33:23 UTC 2018 /home/travis/build/icyphy/ptII/ptolemy/actor/lib/test/auto/arrayType10.xml
----------------- Instantiating /home/travis/build/icyphy/ptII/ptolemy/actor/lib/test/auto/arrayType10.xml
1 ms. Memory: 1607680K Free: 1207980K (75%)
----------------- Invoking toplevel() on ptolemy.moml.MoMLSimpleApplication@2230c2d8
----------------- Done invoking toplevel() on ptolemy.moml.MoMLSimpleApplication@2230c2d8
reloadAllAccessors: .arrayType10

===========================================================================================
----------------- testing Sun Oct 28 02:33:23 UTC 2018 /home/travis/build/icyphy/ptII/ptolemy/actor/lib/test/auto/arrayType11.xml
----------------- Instantiating /home/travis/build/icyphy/ptII/ptolemy/actor/lib/test/auto/arrayType11.xml
1 ms. Memory: 1607680K Free: 1188865K (74%)
----------------- Invoking toplevel() on ptolemy.moml.MoMLSimpleApplication@3447f050
----------------- Done invoking toplevel() on ptolemy.moml.MoMLSimpleApplication@3447f050
reloadAllAccessors: .arrayType11

===========================================================================================
----------------- testing Sun Oct 28 02:33:23 UTC 2018 /home/travis/build/icyphy/ptII/ptolemy/actor/lib/test/auto/arrayType12.xml
----------------- Instantiating /home/travis/build/icyphy/ptII/ptolemy/actor/lib/test/auto/arrayType12.xml
1 ms. Memory: 1607680K Free: 1169752K (73%)
----------------- Invoking toplevel() on ptolemy.moml.MoMLSimpleApplication@1555922
----------------- Done invoking toplevel() on ptolemy.moml.MoMLSimpleApplication@1555922
reloadAllAccessors: .arrayType12

===========================================================================================
----------------- testing Sun Oct 28 02:33:23 UTC 2018 /home/travis/build/icyphy/ptII/ptolemy/actor/lib/test/auto/arrayType13.xml
----------------- Instantiating /home/travis/build/icyphy/ptII/ptolemy/actor/lib/test/auto/arrayType13.xml
1 ms. Memory: 1607680K Free: 1154740K (72%)
----------------- Invoking toplevel() on ptolemy.moml.MoMLSimpleApplication@39ba316b
----------------- Done invoking toplevel() on ptolemy.moml.MoMLSimpleApplication@39ba316b
reloadAllAccessors: .arrayType13

===========================================================================================
----------------- testing Sun Oct 28 02:33:23 UTC 2018 /home/travis/build/icyphy/ptII/ptolemy/actor/lib/test/auto/arrayType14.xml
----------------- Instantiating /home/travis/build/icyphy/ptII/ptolemy/actor/lib/test/auto/arrayType14.xml
1 ms. Memory: 1607680K Free: 1135626K (71%)
----------------- Invoking toplevel() on ptolemy.moml.MoMLSimpleApplication@2f13269e
----------------- Done invoking toplevel() on ptolemy.moml.MoMLSimpleApplication@2f13269e
reloadAllAccessors: .arrayType14

===========================================================================================
----------------- testing Sun Oct 28 02:33:23 UTC 2018 /home/travis/build/icyphy/ptII/ptolemy/actor/lib/test/auto/arrayType15.xml
----------------- Instantiating /home/travis/build/icyphy/ptII/ptolemy/actor/lib/test/auto/arrayType15.xml
1 ms. Memory: 1607680K Free: 1116512K (69%)
----------------- Invoking toplevel() on ptolemy.moml.MoMLSimpleApplication@16aa3692
----------------- Done invoking toplevel() on ptolemy.moml.MoMLSimpleApplication@16aa3692
reloadAllAccessors: .arrayType15

===========================================================================================
----------------- testing Sun Oct 28 02:33:23 UTC 2018 /home/travis/build/icyphy/ptII/ptolemy/actor/lib/test/auto/arrayType16.xml
----------------- Instantiating /home/travis/build/icyphy/ptII/ptolemy/actor/lib/test/auto/arrayType16.xml
2 ms. Memory: 1607680K Free: 1101501K (69%)
----------------- Invoking toplevel() on ptolemy.moml.MoMLSimpleApplication@570783b6
----------------- Done invoking toplevel() on ptolemy.moml.MoMLSimpleApplication@570783b6
reloadAllAccessors: .arrayType16

===========================================================================================
----------------- testing Sun Oct 28 02:33:23 UTC 2018 /home/travis/build/icyphy/ptII/ptolemy/actor/lib/test/auto/arrayType17.xml
----------------- Instantiating /home/travis/build/icyphy/ptII/ptolemy/actor/lib/test/auto/arrayType17.xml
1 ms. Memory: 1607680K Free: 1082387K (67%)
----------------- Invoking toplevel() on ptolemy.moml.MoMLSimpleApplication@5a44be93
----------------- Done invoking toplevel() on ptolemy.moml.MoMLSimpleApplication@5a44be93
reloadAllAccessors: .arrayType17

===========================================================================================
----------------- testing Sun Oct 28 02:33:23 UTC 2018 /home/travis/build/icyphy/ptII/ptolemy/actor/lib/test/auto/arrayType18.xml
----------------- Instantiating /home/travis/build/icyphy/ptII/ptolemy/actor/lib/test/auto/arrayType18.xml
1 ms. Memory: 1607680K Free: 1063273K (66%)
----------------- Invoking toplevel() on ptolemy.moml.MoMLSimpleApplication@515ef8c
----------------- Done invoking toplevel() on ptolemy.moml.MoMLSimpleApplication@515ef8c
reloadAllAccessors: .arrayType18

===========================================================================================
----------------- testing Sun Oct 28 02:33:23 UTC 2018 /home/travis/build/icyphy/ptII/ptolemy/actor/lib/test/auto/arrayType19.xml
----------------- Instantiating /home/travis/build/icyphy/ptII/ptolemy/actor/lib/test/auto/arrayType19.xml
2 ms. Memory: 1607680K Free: 1048261K (65%)
----------------- Invoking toplevel() on ptolemy.moml.MoMLSimpleApplication@260b765e
----------------- Done invoking toplevel() on ptolemy.moml.MoMLSimpleApplication@260b765e
reloadAllAccessors: .arrayType19

===========================================================================================
----------------- testing Sun Oct 28 02:33:23 UTC 2018 /home/travis/build/icyphy/ptII/ptolemy/actor/lib/test/auto/arrayType2.xml
----------------- Instantiating /home/travis/build/icyphy/ptII/ptolemy/actor/lib/test/auto/arrayType2.xml
1 ms. Memory: 1607680K Free: 1029147K (64%)
----------------- Invoking toplevel() on ptolemy.moml.MoMLSimpleApplication@3569e6c9
----------------- Done invoking toplevel() on ptolemy.moml.MoMLSimpleApplication@3569e6c9
reloadAllAccessors: .arrayType2

===========================================================================================
----------------- testing Sun Oct 28 02:33:23 UTC 2018 /home/travis/build/icyphy/ptII/ptolemy/actor/lib/test/auto/arrayType20.xml
----------------- Instantiating /home/travis/build/icyphy/ptII/ptolemy/actor/lib/test/auto/arrayType20.xml
1 ms. Memory: 1607680K Free: 1010033K (63%)
----------------- Invoking toplevel() on ptolemy.moml.MoMLSimpleApplication@19e4f35a
----------------- Done invoking toplevel() on ptolemy.moml.MoMLSimpleApplication@19e4f35a
reloadAllAccessors: .arrayType20

===========================================================================================
----------------- testing Sun Oct 28 02:33:23 UTC 2018 /home/travis/build/icyphy/ptII/ptolemy/actor/lib/test/auto/arrayType21.xml
----------------- Instantiating /home/travis/build/icyphy/ptII/ptolemy/actor/lib/test/auto/arrayType21.xml
1 ms. Memory: 1607680K Free: 995022K (62%)
----------------- Invoking toplevel() on ptolemy.moml.MoMLSimpleApplication@a8f513f
----------------- Done invoking toplevel() on ptolemy.moml.MoMLSimpleApplication@a8f513f
reloadAllAccessors: .arrayType21

===========================================================================================
----------------- testing Sun Oct 28 02:33:23 UTC 2018 /home/travis/build/icyphy/ptII/ptolemy/actor/lib/test/auto/arrayType22.xml
----------------- Instantiating /home/travis/build/icyphy/ptII/ptolemy/actor/lib/test/auto/arrayType22.xml
1 ms. Memory: 1607680K Free: 975908K (61%)
----------------- Invoking toplevel() on ptolemy.moml.MoMLSimpleApplication@67cfa975
----------------- Done invoking toplevel() on ptolemy.moml.MoMLSimpleApplication@67cfa975
reloadAllAccessors: .arrayType22

===========================================================================================
----------------- testing Sun Oct 28 02:33:23 UTC 2018 /home/travis/build/icyphy/ptII/ptolemy/actor/lib/test/auto/arrayType23.xml
----------------- Instantiating /home/travis/build/icyphy/ptII/ptolemy/actor/lib/test/auto/arrayType23.xml
2 ms. Memory: 1607680K Free: 956794K (60%)
----------------- Invoking toplevel() on ptolemy.moml.MoMLSimpleApplication@7d609a4
----------------- Done invoking toplevel() on ptolemy.moml.MoMLSimpleApplication@7d609a4
reloadAllAccessors: .arrayType23

===========================================================================================
----------------- testing Sun Oct 28 02:33:23 UTC 2018 /home/travis/build/icyphy/ptII/ptolemy/actor/lib/test/auto/arrayType24.xml
----------------- Instantiating /home/travis/build/icyphy/ptII/ptolemy/actor/lib/test/auto/arrayType24.xml
2 ms. Memory: 1607680K Free: 941782K (59%)
----------------- Invoking toplevel() on ptolemy.moml.MoMLSimpleApplication@91f178e
----------------- Done invoking toplevel() on ptolemy.moml.MoMLSimpleApplication@91f178e
reloadAllAccessors: .arrayType24

===========================================================================================
----------------- testing Sun Oct 28 02:33:23 UTC 2018 /home/travis/build/icyphy/ptII/ptolemy/actor/lib/test/auto/arrayType25.xml
----------------- Instantiating /home/travis/build/icyphy/ptII/ptolemy/actor/lib/test/auto/arrayType25.xml
2 ms. Memory: 1607680K Free: 922668K (57%)
----------------- Invoking toplevel() on ptolemy.moml.MoMLSimpleApplication@2f0374b1
----------------- Done invoking toplevel() on ptolemy.moml.MoMLSimpleApplication@2f0374b1
reloadAllAccessors: .arrayType25

===========================================================================================
----------------- testing Sun Oct 28 02:33:23 UTC 2018 /home/travis/build/icyphy/ptII/ptolemy/actor/lib/test/auto/arrayType26.xml
----------------- Instantiating /home/travis/build/icyphy/ptII/ptolemy/actor/lib/test/auto/arrayType26.xml
1 ms. Memory: 1607680K Free: 903554K (56%)
----------------- Invoking toplevel() on ptolemy.moml.MoMLSimpleApplication@4051e286
----------------- Done invoking toplevel() on ptolemy.moml.MoMLSimpleApplication@4051e286
reloadAllAccessors: .arrayType26

===========================================================================================
----------------- testing Sun Oct 28 02:33:23 UTC 2018 /home/travis/build/icyphy/ptII/ptolemy/actor/lib/test/auto/arrayType27.xml
----------------- Instantiating /home/travis/build/icyphy/ptII/ptolemy/actor/lib/test/auto/arrayType27.xml
1 ms. Memory: 1607680K Free: 888543K (55%)
----------------- Invoking toplevel() on ptolemy.moml.MoMLSimpleApplication@50666c8d
----------------- Done invoking toplevel() on ptolemy.moml.MoMLSimpleApplication@50666c8d
reloadAllAccessors: .arrayType27

===========================================================================================
----------------- testing Sun Oct 28 02:33:23 UTC 2018 /home/travis/build/icyphy/ptII/ptolemy/actor/lib/test/auto/arrayType28.xml
----------------- Instantiating /home/travis/build/icyphy/ptII/ptolemy/actor/lib/test/auto/arrayType28.xml
1 ms. Memory: 1607680K Free: 869429K (54%)
----------------- Invoking toplevel() on ptolemy.moml.MoMLSimpleApplication@3655c562
----------------- Done invoking toplevel() on ptolemy.moml.MoMLSimpleApplication@3655c562
reloadAllAccessors: .arrayType28

===========================================================================================
----------------- testing Sun Oct 28 02:33:23 UTC 2018 /home/travis/build/icyphy/ptII/ptolemy/actor/lib/test/auto/arrayType3.xml
----------------- Instantiating /home/travis/build/icyphy/ptII/ptolemy/actor/lib/test/auto/arrayType3.xml
1 ms. Memory: 1607680K Free: 850315K (53%)
----------------- Invoking toplevel() on ptolemy.moml.MoMLSimpleApplication@78da9db9
----------------- Done invoking toplevel() on ptolemy.moml.MoMLSimpleApplication@78da9db9
reloadAllAccessors: .arrayType3

===========================================================================================
----------------- testing Sun Oct 28 02:33:23 UTC 2018 /home/travis/build/icyphy/ptII/ptolemy/actor/lib/test/auto/arrayType4.xml
----------------- Instantiating /home/travis/build/icyphy/ptII/ptolemy/actor/lib/test/auto/arrayType4.xml
2 ms. Memory: 1607680K Free: 835303K (52%)
----------------- Invoking toplevel() on ptolemy.moml.MoMLSimpleApplication@64dab960
----------------- Done invoking toplevel() on ptolemy.moml.MoMLSimpleApplication@64dab960
reloadAllAccessors: .arrayType4

===========================================================================================
----------------- testing Sun Oct 28 02:33:23 UTC 2018 /home/travis/build/icyphy/ptII/ptolemy/actor/lib/test/auto/arrayType5.xml
----------------- Instantiating /home/travis/build/icyphy/ptII/ptolemy/actor/lib/test/auto/arrayType5.xml
2 ms. Memory: 1607680K Free: 816189K (51%)
----------------- Invoking toplevel() on ptolemy.moml.MoMLSimpleApplication@42fb2b58
----------------- Done invoking toplevel() on ptolemy.moml.MoMLSimpleApplication@42fb2b58
reloadAllAccessors: .arrayType5

===========================================================================================
----------------- testing Sun Oct 28 02:33:23 UTC 2018 /home/travis/build/icyphy/ptII/ptolemy/actor/lib/test/auto/arrayType6.xml
----------------- Instantiating /home/travis/build/icyphy/ptII/ptolemy/actor/lib/test/auto/arrayType6.xml
1 ms. Memory: 1607680K Free: 801177K (50%)
----------------- Invoking toplevel() on ptolemy.moml.MoMLSimpleApplication@6cf37d90
----------------- Done invoking toplevel() on ptolemy.moml.MoMLSimpleApplication@6cf37d90
reloadAllAccessors: .arrayType6

===========================================================================================
----------------- testing Sun Oct 28 02:33:23 UTC 2018 /home/travis/build/icyphy/ptII/ptolemy/actor/lib/test/auto/arrayType7.xml
----------------- Instantiating /home/travis/build/icyphy/ptII/ptolemy/actor/lib/test/auto/arrayType7.xml
1 ms. Memory: 1607680K Free: 782064K (49%)
----------------- Invoking toplevel() on ptolemy.moml.MoMLSimpleApplication@6170675b
----------------- Done invoking toplevel() on ptolemy.moml.MoMLSimpleApplication@6170675b
reloadAllAccessors: .arrayType7

===========================================================================================
----------------- testing Sun Oct 28 02:33:23 UTC 2018 /home/travis/build/icyphy/ptII/ptolemy/actor/lib/test/auto/arrayType8.xml
----------------- Instantiating /home/travis/build/icyphy/ptII/ptolemy/actor/lib/test/auto/arrayType8.xml
2 ms. Memory: 1607680K Free: 762950K (47%)
----------------- Invoking toplevel() on ptolemy.moml.MoMLSimpleApplication@73e03215
----------------- Done invoking toplevel() on ptolemy.moml.MoMLSimpleApplication@73e03215
reloadAllAccessors: .arrayType8

===========================================================================================
----------------- testing Sun Oct 28 02:33:23 UTC 2018 /home/travis/build/icyphy/ptII/ptolemy/actor/lib/test/auto/arrayType9.xml
----------------- Instantiating /home/travis/build/icyphy/ptII/ptolemy/actor/lib/test/auto/arrayType9.xml
3 ms. Memory: 1607680K Free: 747938K (47%)
----------------- Invoking toplevel() on ptolemy.moml.MoMLSimpleApplication@6e814300
----------------- Done invoking toplevel() on ptolemy.moml.MoMLSimpleApplication@6e814300
reloadAllAccessors: .arrayType9

===========================================================================================
----------------- testing Sun Oct 28 02:33:23 UTC 2018 /home/travis/build/icyphy/ptII/ptolemy/actor/lib/test/auto/cast.xml
----------------- Instantiating /home/travis/build/icyphy/ptII/ptolemy/actor/lib/test/auto/cast.xml
5 ms. Memory: 1607680K Free: 728824K (45%)
----------------- Invoking toplevel() on ptolemy.moml.MoMLSimpleApplication@1db3e44d
----------------- Done invoking toplevel() on ptolemy.moml.MoMLSimpleApplication@1db3e44d
reloadAllAccessors: .cast

===========================================================================================
----------------- testing Sun Oct 28 02:33:23 UTC 2018 /home/travis/build/icyphy/ptII/ptolemy/actor/lib/test/auto/compositeMultiPort.xml
----------------- Instantiating /home/travis/build/icyphy/ptII/ptolemy/actor/lib/test/auto/compositeMultiPort.xml
3 ms. Memory: 1607680K Free: 709710K (44%)
----------------- Invoking toplevel() on ptolemy.moml.MoMLSimpleApplication@12776ceb
----------------- Done invoking toplevel() on ptolemy.moml.MoMLSimpleApplication@12776ceb
reloadAllAccessors: .compositeMultiPort

===========================================================================================
----------------- testing Sun Oct 28 02:33:23 UTC 2018 /home/travis/build/icyphy/ptII/ptolemy/actor/lib/test/auto/expressionCastInference.xml
----------------- Instantiating /home/travis/build/icyphy/ptII/ptolemy/actor/lib/test/auto/expressionCastInference.xml
2 ms. Memory: 1607680K Free: 694698K (43%)
----------------- Invoking toplevel() on ptolemy.moml.MoMLSimpleApplication@4935ba3d
----------------- Done invoking toplevel() on ptolemy.moml.MoMLSimpleApplication@4935ba3d
reloadAllAccessors: .expressionCastInference

===========================================================================================
----------------- testing Sun Oct 28 02:33:23 UTC 2018 /home/travis/build/icyphy/ptII/ptolemy/actor/lib/test/auto/expressionCastInference2.xml
----------------- Instantiating /home/travis/build/icyphy/ptII/ptolemy/actor/lib/test/auto/expressionCastInference2.xml
2 ms. Memory: 1607680K Free: 675585K (42%)
----------------- Invoking toplevel() on ptolemy.moml.MoMLSimpleApplication@31eebf7e
----------------- Done invoking toplevel() on ptolemy.moml.MoMLSimpleApplication@31eebf7e
reloadAllAccessors: .expressionCastInference2

===========================================================================================
----------------- testing Sun Oct 28 02:33:23 UTC 2018 /home/travis/build/icyphy/ptII/ptolemy/actor/lib/test/auto/expressionInference.xml
----------------- Instantiating /home/travis/build/icyphy/ptII/ptolemy/actor/lib/test/auto/expressionInference.xml
2 ms. Memory: 1607680K Free: 656471K (41%)
----------------- Invoking toplevel() on ptolemy.moml.MoMLSimpleApplication@19bc42d8
----------------- Done invoking toplevel() on ptolemy.moml.MoMLSimpleApplication@19bc42d8
reloadAllAccessors: .expressionInference

===========================================================================================
----------------- testing Sun Oct 28 02:33:23 UTC 2018 /home/travis/build/icyphy/ptII/ptolemy/actor/lib/test/auto/expression_bug.xml
----------------- Instantiating /home/travis/build/icyphy/ptII/ptolemy/actor/lib/test/auto/expression_bug.xml
3 ms. Memory: 1607680K Free: 641459K (40%)
----------------- Invoking toplevel() on ptolemy.moml.MoMLSimpleApplication@26b2c6b9
----------------- Done invoking toplevel() on ptolemy.moml.MoMLSimpleApplication@26b2c6b9
reloadAllAccessors: .expression_bug

===========================================================================================
----------------- testing Sun Oct 28 02:33:23 UTC 2018 /home/travis/build/icyphy/ptII/ptolemy/actor/lib/test/auto/factorial.xml
----------------- Instantiating /home/travis/build/icyphy/ptII/ptolemy/actor/lib/test/auto/factorial.xml
30 ms. Memory: 1607680K Free: 622345K (39%)
----------------- Invoking toplevel() on ptolemy.moml.MoMLSimpleApplication@725ef90
----------------- Done invoking toplevel() on ptolemy.moml.MoMLSimpleApplication@725ef90
reloadAllAccessors: .factorial

===========================================================================================
----------------- testing Sun Oct 28 02:33:23 UTC 2018 /home/travis/build/icyphy/ptII/ptolemy/actor/lib/test/auto/filterTest1.xml
----------------- Instantiating /home/travis/build/icyphy/ptII/ptolemy/actor/lib/test/auto/filterTest1.xml
3 ms. Memory: 1607680K Free: 603232K (38%)
----------------- Invoking toplevel() on ptolemy.moml.MoMLSimpleApplication@1690784c
----------------- Done invoking toplevel() on ptolemy.moml.MoMLSimpleApplication@1690784c
reloadAllAccessors: .filterTest1

===========================================================================================
----------------- testing Sun Oct 28 02:33:23 UTC 2018 /home/travis/build/icyphy/ptII/ptolemy/actor/lib/test/auto/funcApplyInConst.xml
----------------- Instantiating /home/travis/build/icyphy/ptII/ptolemy/actor/lib/test/auto/funcApplyInConst.xml
0 ms. Memory: 1607680K Free: 588220K (37%)
----------------- Invoking toplevel() on ptolemy.moml.MoMLSimpleApplication@664efad0
----------------- Done invoking toplevel() on ptolemy.moml.MoMLSimpleApplication@664efad0
reloadAllAccessors: .funcApplyInConst

===========================================================================================
----------------- testing Sun Oct 28 02:33:23 UTC 2018 /home/travis/build/icyphy/ptII/ptolemy/actor/lib/test/auto/funcApplyInExpr.xml
----------------- Instantiating /home/travis/build/icyphy/ptII/ptolemy/actor/lib/test/auto/funcApplyInExpr.xml
1 ms. Memory: 1607680K Free: 569106K (35%)
----------------- Invoking toplevel() on ptolemy.moml.MoMLSimpleApplication@2188da11
----------------- Done invoking toplevel() on ptolemy.moml.MoMLSimpleApplication@2188da11
reloadAllAccessors: .funcApplyInExpr

===========================================================================================
----------------- testing Sun Oct 28 02:33:23 UTC 2018 /home/travis/build/icyphy/ptII/ptolemy/actor/lib/test/auto/function.xml
----------------- Instantiating /home/travis/build/icyphy/ptII/ptolemy/actor/lib/test/auto/function.xml
2 ms. Memory: 1607680K Free: 549992K (34%)
----------------- Invoking toplevel() on ptolemy.moml.MoMLSimpleApplication@65593051
----------------- Done invoking toplevel() on ptolemy.moml.MoMLSimpleApplication@65593051
reloadAllAccessors: .function

===========================================================================================
----------------- testing Sun Oct 28 02:33:23 UTC 2018 /home/travis/build/icyphy/ptII/ptolemy/actor/lib/test/auto/function2.xml
----------------- Instantiating /home/travis/build/icyphy/ptII/ptolemy/actor/lib/test/auto/function2.xml
2 ms. Memory: 1607680K Free: 534981K (33%)
----------------- Invoking toplevel() on ptolemy.moml.MoMLSimpleApplication@3b6dc083
----------------- Done invoking toplevel() on ptolemy.moml.MoMLSimpleApplication@3b6dc083
reloadAllAccessors: .function2

===========================================================================================
----------------- testing Sun Oct 28 02:33:23 UTC 2018 /home/travis/build/icyphy/ptII/ptolemy/actor/lib/test/auto/function3.xml
----------------- Instantiating /home/travis/build/icyphy/ptII/ptolemy/actor/lib/test/auto/function3.xml
2 ms. Memory: 1607680K Free: 515867K (32%)
----------------- Invoking toplevel() on ptolemy.moml.MoMLSimpleApplication@574c280a
----------------- Done invoking toplevel() on ptolemy.moml.MoMLSimpleApplication@574c280a
reloadAllAccessors: .function3

===========================================================================================
----------------- testing Sun Oct 28 02:33:23 UTC 2018 /home/travis/build/icyphy/ptII/ptolemy/actor/lib/test/auto/functionClosureTest1.xml
----------------- Instantiating /home/travis/build/icyphy/ptII/ptolemy/actor/lib/test/auto/functionClosureTest1.xml
1 ms. Memory: 1607680K Free: 496753K (31%)
----------------- Invoking toplevel() on ptolemy.moml.MoMLSimpleApplication@3cd241a4
----------------- Done invoking toplevel() on ptolemy.moml.MoMLSimpleApplication@3cd241a4
reloadAllAccessors: .functionClosureTest1

===========================================================================================
----------------- testing Sun Oct 28 02:33:23 UTC 2018 /home/travis/build/icyphy/ptII/ptolemy/actor/lib/test/auto/functionClosureTest2.xml
----------------- Instantiating /home/travis/build/icyphy/ptII/ptolemy/actor/lib/test/auto/functionClosureTest2.xml
1 ms. Memory: 1607680K Free: 481741K (30%)
----------------- Invoking toplevel() on ptolemy.moml.MoMLSimpleApplication@18c3dda4
----------------- Done invoking toplevel() on ptolemy.moml.MoMLSimpleApplication@18c3dda4
reloadAllAccessors: .functionClosureTest2

===========================================================================================
----------------- testing Sun Oct 28 02:33:23 UTC 2018 /home/travis/build/icyphy/ptII/ptolemy/actor/lib/test/auto/functionClosureTest3.xml
----------------- Instantiating /home/travis/build/icyphy/ptII/ptolemy/actor/lib/test/auto/functionClosureTest3.xml
1 ms. Memory: 1607680K Free: 462628K (29%)
----------------- Invoking toplevel() on ptolemy.moml.MoMLSimpleApplication@5fc4d9d
----------------- Done invoking toplevel() on ptolemy.moml.MoMLSimpleApplication@5fc4d9d
reloadAllAccessors: .functionClosureTest3

===========================================================================================
----------------- testing Sun Oct 28 02:33:23 UTC 2018 /home/travis/build/icyphy/ptII/ptolemy/actor/lib/test/auto/functionClosureTest4.xml
----------------- Instantiating /home/travis/build/icyphy/ptII/ptolemy/actor/lib/test/auto/functionClosureTest4.xml
3 ms. Memory: 1607680K Free: 443514K (28%)
----------------- Invoking toplevel() on ptolemy.moml.MoMLSimpleApplication@7edade58
----------------- Done invoking toplevel() on ptolemy.moml.MoMLSimpleApplication@7edade58
reloadAllAccessors: .functionClosureTest4

===========================================================================================
----------------- testing Sun Oct 28 02:33:23 UTC 2018 /home/travis/build/icyphy/ptII/ptolemy/actor/lib/test/auto/functionClosureTest5.xml
----------------- Instantiating /home/travis/build/icyphy/ptII/ptolemy/actor/lib/test/auto/functionClosureTest5.xml
4 ms. Memory: 1607680K Free: 428502K (27%)
----------------- Invoking toplevel() on ptolemy.moml.MoMLSimpleApplication@7497c6e9
----------------- Done invoking toplevel() on ptolemy.moml.MoMLSimpleApplication@7497c6e9
reloadAllAccessors: .functionClosureTest5

===========================================================================================
----------------- testing Sun Oct 28 02:33:23 UTC 2018 /home/travis/build/icyphy/ptII/ptolemy/actor/lib/test/auto/functionClosureTest6.xml
----------------- Instantiating /home/travis/build/icyphy/ptII/ptolemy/actor/lib/test/auto/functionClosureTest6.xml
2 ms. Memory: 1607680K Free: 409388K (25%)
----------------- Invoking toplevel() on ptolemy.moml.MoMLSimpleApplication@7c430f18
----------------- Done invoking toplevel() on ptolemy.moml.MoMLSimpleApplication@7c430f18
reloadAllAccessors: .functionClosureTest6

===========================================================================================
----------------- testing Sun Oct 28 02:33:23 UTC 2018 /home/travis/build/icyphy/ptII/ptolemy/actor/lib/test/auto/functionsOnArcs.xml
----------------- Instantiating /home/travis/build/icyphy/ptII/ptolemy/actor/lib/test/auto/functionsOnArcs.xml
1 ms. Memory: 1607680K Free: 390274K (24%)
----------------- Invoking toplevel() on ptolemy.moml.MoMLSimpleApplication@69b219d5
----------------- Done invoking toplevel() on ptolemy.moml.MoMLSimpleApplication@69b219d5
reloadAllAccessors: .functionsOnArcs

===========================================================================================
----------------- testing Sun Oct 28 02:33:23 UTC 2018 /home/travis/build/icyphy/ptII/ptolemy/actor/lib/test/auto/functionsOnArcsHOF.xml
----------------- Instantiating /home/travis/build/icyphy/ptII/ptolemy/actor/lib/test/auto/functionsOnArcsHOF.xml
3 ms. Memory: 1607680K Free: 375262K (23%)
----------------- Invoking toplevel() on ptolemy.moml.MoMLSimpleApplication@471f8a05
----------------- Done invoking toplevel() on ptolemy.moml.MoMLSimpleApplication@471f8a05
reloadAllAccessors: .functionsOnArcsHOF

===========================================================================================
----------------- testing Sun Oct 28 02:33:23 UTC 2018 /home/travis/build/icyphy/ptII/ptolemy/actor/lib/test/auto/logic.xml
----------------- Instantiating /home/travis/build/icyphy/ptII/ptolemy/actor/lib/test/auto/logic.xml
2 ms. Memory: 1607680K Free: 356148K (22%)
----------------- Invoking toplevel() on ptolemy.moml.MoMLSimpleApplication@52f3f075
----------------- Done invoking toplevel() on ptolemy.moml.MoMLSimpleApplication@52f3f075
reloadAllAccessors: .logic

===========================================================================================
----------------- testing Sun Oct 28 02:33:24 UTC 2018 /home/travis/build/icyphy/ptII/ptolemy/actor/lib/test/auto/matrixType.xml
----------------- Instantiating /home/travis/build/icyphy/ptII/ptolemy/actor/lib/test/auto/matrixType.xml
2 ms. Memory: 1607680K Free: 337035K (21%)
----------------- Invoking toplevel() on ptolemy.moml.MoMLSimpleApplication@5871a6b3
----------------- Done invoking toplevel() on ptolemy.moml.MoMLSimpleApplication@5871a6b3
reloadAllAccessors: .matrixType

===========================================================================================
----------------- testing Sun Oct 28 02:33:24 UTC 2018 /home/travis/build/icyphy/ptII/ptolemy/actor/lib/test/auto/matrixType10.xml
----------------- Instantiating /home/travis/build/icyphy/ptII/ptolemy/actor/lib/test/auto/matrixType10.xml
2 ms. Memory: 1607680K Free: 322023K (20%)
----------------- Invoking toplevel() on ptolemy.moml.MoMLSimpleApplication@5dc37ff
----------------- Done invoking toplevel() on ptolemy.moml.MoMLSimpleApplication@5dc37ff
reloadAllAccessors: .matrixType10

===========================================================================================
----------------- testing Sun Oct 28 02:33:24 UTC 2018 /home/travis/build/icyphy/ptII/ptolemy/actor/lib/test/auto/matrixType11.xml
----------------- Instantiating /home/travis/build/icyphy/ptII/ptolemy/actor/lib/test/auto/matrixType11.xml
1 ms. Memory: 1607680K Free: 302909K (19%)
----------------- Invoking toplevel() on ptolemy.moml.MoMLSimpleApplication@38017886
----------------- Done invoking toplevel() on ptolemy.moml.MoMLSimpleApplication@38017886
reloadAllAccessors: .matrixType11

===========================================================================================
----------------- testing Sun Oct 28 02:33:24 UTC 2018 /home/travis/build/icyphy/ptII/ptolemy/actor/lib/test/auto/matrixType12.xml
----------------- Instantiating /home/travis/build/icyphy/ptII/ptolemy/actor/lib/test/auto/matrixType12.xml
1 ms. Memory: 1607680K Free: 283795K (18%)
----------------- Invoking toplevel() on ptolemy.moml.MoMLSimpleApplication@4984a
----------------- Done invoking toplevel() on ptolemy.moml.MoMLSimpleApplication@4984a
reloadAllAccessors: .matrixType12

===========================================================================================
----------------- testing Sun Oct 28 02:33:24 UTC 2018 /home/travis/build/icyphy/ptII/ptolemy/actor/lib/test/auto/matrixType13.xml
----------------- Instantiating /home/travis/build/icyphy/ptII/ptolemy/actor/lib/test/auto/matrixType13.xml
1 ms. Memory: 1607680K Free: 268784K (17%)
----------------- Invoking toplevel() on ptolemy.moml.MoMLSimpleApplication@5232f33
----------------- Done invoking toplevel() on ptolemy.moml.MoMLSimpleApplication@5232f33
reloadAllAccessors: .matrixType13

===========================================================================================
----------------- testing Sun Oct 28 02:33:24 UTC 2018 /home/travis/build/icyphy/ptII/ptolemy/actor/lib/test/auto/matrixType14.xml
----------------- Instantiating /home/travis/build/icyphy/ptII/ptolemy/actor/lib/test/auto/matrixType14.xml
1 ms. Memory: 1607680K Free: 249670K (16%)
----------------- Invoking toplevel() on ptolemy.moml.MoMLSimpleApplication@187f1997
----------------- Done invoking toplevel() on ptolemy.moml.MoMLSimpleApplication@187f1997
reloadAllAccessors: .matrixType14

===========================================================================================
----------------- testing Sun Oct 28 02:33:24 UTC 2018 /home/travis/build/icyphy/ptII/ptolemy/actor/lib/test/auto/matrixType2.xml
----------------- Instantiating /home/travis/build/icyphy/ptII/ptolemy/actor/lib/test/auto/matrixType2.xml
2 ms. Memory: 1607680K Free: 230556K (14%)
----------------- Invoking toplevel() on ptolemy.moml.MoMLSimpleApplication@5db217f8
----------------- Done invoking toplevel() on ptolemy.moml.MoMLSimpleApplication@5db217f8
reloadAllAccessors: .matrixType2

===========================================================================================
----------------- testing Sun Oct 28 02:33:24 UTC 2018 /home/travis/build/icyphy/ptII/ptolemy/actor/lib/test/auto/matrixType3.xml
----------------- Instantiating /home/travis/build/icyphy/ptII/ptolemy/actor/lib/test/auto/matrixType3.xml
4 ms. Memory: 1607680K Free: 215544K (13%)
----------------- Invoking toplevel() on ptolemy.moml.MoMLSimpleApplication@6366f6af
----------------- Done invoking toplevel() on ptolemy.moml.MoMLSimpleApplication@6366f6af
reloadAllAccessors: .matrixType3

===========================================================================================
----------------- testing Sun Oct 28 02:33:24 UTC 2018 /home/travis/build/icyphy/ptII/ptolemy/actor/lib/test/auto/matrixType4.xml
----------------- Instantiating /home/travis/build/icyphy/ptII/ptolemy/actor/lib/test/auto/matrixType4.xml
1 ms. Memory: 1607680K Free: 196431K (12%)
----------------- Invoking toplevel() on ptolemy.moml.MoMLSimpleApplication@734f7844
----------------- Done invoking toplevel() on ptolemy.moml.MoMLSimpleApplication@734f7844
reloadAllAccessors: .matrixType4

===========================================================================================
----------------- testing Sun Oct 28 02:33:24 UTC 2018 /home/travis/build/icyphy/ptII/ptolemy/actor/lib/test/auto/matrixType5.xml
----------------- Instantiating /home/travis/build/icyphy/ptII/ptolemy/actor/lib/test/auto/matrixType5.xml
2 ms. Memory: 1607680K Free: 177317K (11%)
----------------- Invoking toplevel() on ptolemy.moml.MoMLSimpleApplication@559d9fce
----------------- Done invoking toplevel() on ptolemy.moml.MoMLSimpleApplication@559d9fce
reloadAllAccessors: .matrixType5

===========================================================================================
----------------- testing Sun Oct 28 02:33:24 UTC 2018 /home/travis/build/icyphy/ptII/ptolemy/actor/lib/test/auto/matrixType6.xml
----------------- Instantiating /home/travis/build/icyphy/ptII/ptolemy/actor/lib/test/auto/matrixType6.xml
1 ms. Memory: 1607680K Free: 162305K (10%)
----------------- Invoking toplevel() on ptolemy.moml.MoMLSimpleApplication@5977c5e3
----------------- Done invoking toplevel() on ptolemy.moml.MoMLSimpleApplication@5977c5e3
reloadAllAccessors: .matrixType6

===========================================================================================
----------------- testing Sun Oct 28 02:33:24 UTC 2018 /home/travis/build/icyphy/ptII/ptolemy/actor/lib/test/auto/matrixType7.xml
----------------- Instantiating /home/travis/build/icyphy/ptII/ptolemy/actor/lib/test/auto/matrixType7.xml
1 ms. Memory: 1607680K Free: 143191K (9%)
----------------- Invoking toplevel() on ptolemy.moml.MoMLSimpleApplication@44fa9ce7
----------------- Done invoking toplevel() on ptolemy.moml.MoMLSimpleApplication@44fa9ce7
reloadAllAccessors: .matrixType7

===========================================================================================
----------------- testing Sun Oct 28 02:33:24 UTC 2018 /home/travis/build/icyphy/ptII/ptolemy/actor/lib/test/auto/matrixType8.xml
----------------- Instantiating /home/travis/build/icyphy/ptII/ptolemy/actor/lib/test/auto/matrixType8.xml
2 ms. Memory: 1607680K Free: 124077K (8%)
----------------- Invoking toplevel() on ptolemy.moml.MoMLSimpleApplication@63ff4c4a
----------------- Done invoking toplevel() on ptolemy.moml.MoMLSimpleApplication@63ff4c4a
reloadAllAccessors: .matrixType8

===========================================================================================
----------------- testing Sun Oct 28 02:33:24 UTC 2018 /home/travis/build/icyphy/ptII/ptolemy/actor/lib/test/auto/matrixType9.xml
----------------- Instantiating /home/travis/build/icyphy/ptII/ptolemy/actor/lib/test/auto/matrixType9.xml
1 ms. Memory: 1607680K Free: 109065K (7%)
----------------- Invoking toplevel() on ptolemy.moml.MoMLSimpleApplication@25f2d0b1
----------------- Done invoking toplevel() on ptolemy.moml.MoMLSimpleApplication@25f2d0b1
reloadAllAccessors: .matrixType9

===========================================================================================
----------------- testing Sun Oct 28 02:33:24 UTC 2018 /home/travis/build/icyphy/ptII/ptolemy/actor/lib/test/auto/paraFunctest.xml
----------------- Instantiating /home/travis/build/icyphy/ptII/ptolemy/actor/lib/test/auto/paraFunctest.xml
2 ms. Memory: 1607680K Free: 89952K (6%)
----------------- Invoking toplevel() on ptolemy.moml.MoMLSimpleApplication@6426b19c
----------------- Done invoking toplevel() on ptolemy.moml.MoMLSimpleApplication@6426b19c
reloadAllAccessors: .paraFunctest

===========================================================================================
----------------- testing Sun Oct 28 02:33:24 UTC 2018 /home/travis/build/icyphy/ptII/ptolemy/actor/lib/test/auto/paraFunctest2.xml
----------------- Instantiating /home/travis/build/icyphy/ptII/ptolemy/actor/lib/test/auto/paraFunctest2.xml
2 ms. Memory: 1607680K Free: 70838K (4%)
----------------- Invoking toplevel() on ptolemy.moml.MoMLSimpleApplication@5541869c
----------------- Done invoking toplevel() on ptolemy.moml.MoMLSimpleApplication@5541869c
reloadAllAccessors: .paraFunctest2

===========================================================================================
----------------- testing Sun Oct 28 02:33:24 UTC 2018 /home/travis/build/icyphy/ptII/ptolemy/actor/lib/test/auto/parameterPassing.xml
----------------- Instantiating /home/travis/build/icyphy/ptII/ptolemy/actor/lib/test/auto/parameterPassing.xml
2 ms. Memory: 1607680K Free: 62447K (4%)
----------------- Invoking toplevel() on ptolemy.moml.MoMLSimpleApplication@2385d7ae
----------------- Done invoking toplevel() on ptolemy.moml.MoMLSimpleApplication@2385d7ae
reloadAllAccessors: .parameterPassing

===========================================================================================
----------------- testing Sun Oct 28 02:33:24 UTC 2018 /home/travis/build/icyphy/ptII/ptolemy/actor/lib/test/auto/record.xml
----------------- Instantiating /home/travis/build/icyphy/ptII/ptolemy/actor/lib/test/auto/record.xml
2 ms. Memory: 1673216K Free: 1606130K (96%)
----------------- Invoking toplevel() on ptolemy.moml.MoMLSimpleApplication@6c6cd2ef
----------------- Done invoking toplevel() on ptolemy.moml.MoMLSimpleApplication@6c6cd2ef
reloadAllAccessors: .record

===========================================================================================
----------------- testing Sun Oct 28 02:33:24 UTC 2018 /home/travis/build/icyphy/ptII/ptolemy/actor/lib/test/auto/sizedarray1.xml
----------------- Instantiating /home/travis/build/icyphy/ptII/ptolemy/actor/lib/test/auto/sizedarray1.xml
2 ms. Memory: 1673216K Free: 1586038K (95%)
----------------- Invoking toplevel() on ptolemy.moml.MoMLSimpleApplication@483c1b6b
----------------- Done invoking toplevel() on ptolemy.moml.MoMLSimpleApplication@483c1b6b
reloadAllAccessors: .sizedarray1

===========================================================================================
----------------- testing Sun Oct 28 02:33:24 UTC 2018 /home/travis/build/icyphy/ptII/ptolemy/actor/lib/test/auto/sizedarray2.xml
----------------- Instantiating /home/travis/build/icyphy/ptII/ptolemy/actor/lib/test/auto/sizedarray2.xml
3 ms. Memory: 1673216K Free: 1570355K (94%)
----------------- Invoking toplevel() on ptolemy.moml.MoMLSimpleApplication@3a6ee29c
----------------- Done invoking toplevel() on ptolemy.moml.MoMLSimpleApplication@3a6ee29c
reloadAllAccessors: .sizedarray2

===========================================================================================
----------------- testing Sun Oct 28 02:33:24 UTC 2018 /home/travis/build/icyphy/ptII/ptolemy/actor/lib/test/auto/twoPublishers.xml
----------------- Instantiating /home/travis/build/icyphy/ptII/ptolemy/actor/lib/test/auto/twoPublishers.xml
2 ms. Memory: 1673216K Free: 1542413K (92%)
----------------- Invoking toplevel() on ptolemy.moml.MoMLSimpleApplication@71395918
----------------- Done invoking toplevel() on ptolemy.moml.MoMLSimpleApplication@71395918
reloadAllAccessors: .twoPublishers
AutoTests.java: About to close Vertx.
AutoTests.java: Vertx closed.
]]></system-out>
  <system-err><![CDATA[java.lang.RuntimeException: Execution failed
	at ptolemy.moml.MoMLSimpleApplication$UnloadThread.run(MoMLSimpleApplication.java:402)
Caused by: java.lang.RuntimeException: Normally, we would exit here because Manager.exitAfterWrapup() was called.  However, because the ptolemy.ptII.exitAfterWrapup property is set, we throw this exception instead.
	at ptolemy.util.StringUtilities.exit(StringUtilities.java:363)
	at ptolemy.actor.Manager.wrapup(Manager.java:1531)
	at ptolemy.actor.Manager.execute(Manager.java:407)
	at ptolemy.actor.Manager.run(Manager.java:1263)
	at ptolemy.actor.Manager$PtolemyRunThread.run(Manager.java:1915)
Warning: '.top.test' is in training mode, set the trainingMode parameter to false before checking in
Warning: '.top.test' is in training mode, set the trainingMode parameter to false before checking in
Warning: '.top.test' is in training mode, set the trainingMode parameter to false before checking in
Warning: '.BooleanSwitch_RegressionTest_WrongTrainingValues.Test' is in training mode, set the trainingMode parameter to false before checking in
Warning: '.BooleanSwitch_RegressionTest_WrongTrainingValues.Test2' is in training mode, set the trainingMode parameter to false before checking in
Warning: '.BooleanSwitch_RegressionTest_WrongTrainingValues.Test2' The test produced 0 tokens.
Warning: '.top.testExceptionHandler' is in training mode, set the trainingMode parameter to false before checking in
java.lang.RuntimeException: Execution failed
	at ptolemy.moml.MoMLSimpleApplication$UnloadThread.run(MoMLSimpleApplication.java:402)
Caused by: ptolemy.kernel.util.IllegalActionException: PublisherPorts cannot be used at the top level, use a Publisher actor instead.
  in .PublisherPortToplevelSubscriber.PublisherPort
	at ptolemy.actor.PublisherPort.preinitialize(PublisherPort.java:403)
	at ptolemy.actor.CompositeActor.preinitialize(CompositeActor.java:1769)
	at ptolemy.actor.Manager.preinitializeAndResolveTypes(Manager.java:1040)
	at ptolemy.actor.Manager.initialize(Manager.java:710)
	at ptolemy.actor.Manager.execute(Manager.java:356)
	at ptolemy.actor.Manager.run(Manager.java:1263)
	at ptolemy.actor.Manager$PtolemyRunThread.run(Manager.java:1915)
java.lang.reflect.InvocationTargetException
	at sun.reflect.NativeConstructorAccessorImpl.newInstance0(Native Method)
	at sun.reflect.NativeConstructorAccessorImpl.newInstance(NativeConstructorAccessorImpl.java:62)
	at sun.reflect.DelegatingConstructorAccessorImpl.newInstance(DelegatingConstructorAccessorImpl.java:45)
	at java.lang.reflect.Constructor.newInstance(Constructor.java:423)
	at ptolemy.util.test.junit.AutoKnownFailedTests.RunModel(AutoKnownFailedTests.java:105)
	at sun.reflect.NativeMethodAccessorImpl.invoke0(Native Method)
	at sun.reflect.NativeMethodAccessorImpl.invoke(NativeMethodAccessorImpl.java:62)
	at sun.reflect.DelegatingMethodAccessorImpl.invoke(DelegatingMethodAccessorImpl.java:43)
	at java.lang.reflect.Method.invoke(Method.java:498)
	at org.junit.runners.model.FrameworkMethod$1.runReflectiveCall(FrameworkMethod.java:44)
	at org.junit.internal.runners.model.ReflectiveCallable.run(ReflectiveCallable.java:15)
	at org.junit.runners.model.FrameworkMethod.invokeExplosively(FrameworkMethod.java:41)
	at junitparams.internal.InvokeParameterisedMethod.evaluate(InvokeParameterisedMethod.java:102)
	at org.junit.internal.runners.statements.FailOnTimeout$1.run(FailOnTimeout.java:28)
Caused by: ptolemy.kernel.util.IllegalActionException: PublisherPorts cannot be used at the top level, use a Publisher actor instead.
  in .PublisherPortToplevelSubscriber.PublisherPort
	at ptolemy.actor.PublisherPort.preinitialize(PublisherPort.java:403)
	at ptolemy.actor.CompositeActor.preinitialize(CompositeActor.java:1769)
	at ptolemy.actor.Manager.preinitializeAndResolveTypes(Manager.java:1040)
	at ptolemy.actor.Manager.initialize(Manager.java:710)
	at ptolemy.actor.Manager.execute(Manager.java:356)
	at ptolemy.actor.Manager.run(Manager.java:1263)
	at ptolemy.actor.Manager$PtolemyRunThread.run(Manager.java:1915)
java.lang.RuntimeException: Execution failed
	at ptolemy.moml.MoMLSimpleApplication$UnloadThread.run(MoMLSimpleApplication.java:402)
Caused by: ptolemy.kernel.util.IllegalActionException: SubscriberPorts cannot be used at the top level, use a Subscriber actor instead.
  in .PublisherSubscriberPortToplevel.SubscriberPort
	at ptolemy.actor.SubscriberPort.preinitialize(SubscriberPort.java:328)
	at ptolemy.actor.CompositeActor.preinitialize(CompositeActor.java:1769)
	at ptolemy.actor.Manager.preinitializeAndResolveTypes(Manager.java:1040)
	at ptolemy.actor.Manager.initialize(Manager.java:710)
	at ptolemy.actor.Manager.execute(Manager.java:356)
	at ptolemy.actor.Manager.run(Manager.java:1263)
	at ptolemy.actor.Manager$PtolemyRunThread.run(Manager.java:1915)
java.lang.reflect.InvocationTargetException
	at sun.reflect.NativeConstructorAccessorImpl.newInstance0(Native Method)
	at sun.reflect.NativeConstructorAccessorImpl.newInstance(NativeConstructorAccessorImpl.java:62)
	at sun.reflect.DelegatingConstructorAccessorImpl.newInstance(DelegatingConstructorAccessorImpl.java:45)
	at java.lang.reflect.Constructor.newInstance(Constructor.java:423)
	at ptolemy.util.test.junit.AutoKnownFailedTests.RunModel(AutoKnownFailedTests.java:105)
	at sun.reflect.NativeMethodAccessorImpl.invoke0(Native Method)
	at sun.reflect.NativeMethodAccessorImpl.invoke(NativeMethodAccessorImpl.java:62)
	at sun.reflect.DelegatingMethodAccessorImpl.invoke(DelegatingMethodAccessorImpl.java:43)
	at java.lang.reflect.Method.invoke(Method.java:498)
	at org.junit.runners.model.FrameworkMethod$1.runReflectiveCall(FrameworkMethod.java:44)
	at org.junit.internal.runners.model.ReflectiveCallable.run(ReflectiveCallable.java:15)
	at org.junit.runners.model.FrameworkMethod.invokeExplosively(FrameworkMethod.java:41)
	at junitparams.internal.InvokeParameterisedMethod.evaluate(InvokeParameterisedMethod.java:102)
	at org.junit.internal.runners.statements.FailOnTimeout$1.run(FailOnTimeout.java:28)
Caused by: ptolemy.kernel.util.IllegalActionException: SubscriberPorts cannot be used at the top level, use a Subscriber actor instead.
  in .PublisherSubscriberPortToplevel.SubscriberPort
	at ptolemy.actor.SubscriberPort.preinitialize(SubscriberPort.java:328)
	at ptolemy.actor.CompositeActor.preinitialize(CompositeActor.java:1769)
	at ptolemy.actor.Manager.preinitializeAndResolveTypes(Manager.java:1040)
	at ptolemy.actor.Manager.initialize(Manager.java:710)
	at ptolemy.actor.Manager.execute(Manager.java:356)
	at ptolemy.actor.Manager.run(Manager.java:1263)
	at ptolemy.actor.Manager$PtolemyRunThread.run(Manager.java:1915)
java.lang.RuntimeException: Execution failed
	at ptolemy.moml.MoMLSimpleApplication$UnloadThread.run(MoMLSimpleApplication.java:402)
Caused by: ptolemy.kernel.util.IllegalActionException: SubscriptionAggregatorPorts cannot be used at the top level, use a SubscriptionAggregator actor instead.
  in .PublisherSubscriptionAggregatorPort.SubscriptionAggregatorPort
	at ptolemy.actor.SubscriptionAggregatorPort.preinitialize(SubscriptionAggregatorPort.java:353)
	at ptolemy.actor.CompositeActor.preinitialize(CompositeActor.java:1769)
	at ptolemy.actor.Manager.preinitializeAndResolveTypes(Manager.java:1040)
	at ptolemy.actor.Manager.initialize(Manager.java:710)
	at ptolemy.actor.Manager.execute(Manager.java:356)
	at ptolemy.actor.Manager.run(Manager.java:1263)
	at ptolemy.actor.Manager$PtolemyRunThread.run(Manager.java:1915)
java.lang.reflect.InvocationTargetException
	at sun.reflect.NativeConstructorAccessorImpl.newInstance0(Native Method)
	at sun.reflect.NativeConstructorAccessorImpl.newInstance(NativeConstructorAccessorImpl.java:62)
	at sun.reflect.DelegatingConstructorAccessorImpl.newInstance(DelegatingConstructorAccessorImpl.java:45)
	at java.lang.reflect.Constructor.newInstance(Constructor.java:423)
	at ptolemy.util.test.junit.AutoKnownFailedTests.RunModel(AutoKnownFailedTests.java:105)
	at sun.reflect.NativeMethodAccessorImpl.invoke0(Native Method)
	at sun.reflect.NativeMethodAccessorImpl.invoke(NativeMethodAccessorImpl.java:62)
	at sun.reflect.DelegatingMethodAccessorImpl.invoke(DelegatingMethodAccessorImpl.java:43)
	at java.lang.reflect.Method.invoke(Method.java:498)
	at org.junit.runners.model.FrameworkMethod$1.runReflectiveCall(FrameworkMethod.java:44)
	at org.junit.internal.runners.model.ReflectiveCallable.run(ReflectiveCallable.java:15)
	at org.junit.runners.model.FrameworkMethod.invokeExplosively(FrameworkMethod.java:41)
	at junitparams.internal.InvokeParameterisedMethod.evaluate(InvokeParameterisedMethod.java:102)
	at org.junit.internal.runners.statements.FailOnTimeout$1.run(FailOnTimeout.java:28)
Caused by: ptolemy.kernel.util.IllegalActionException: SubscriptionAggregatorPorts cannot be used at the top level, use a SubscriptionAggregator actor instead.
  in .PublisherSubscriptionAggregatorPort.SubscriptionAggregatorPort
	at ptolemy.actor.SubscriptionAggregatorPort.preinitialize(SubscriptionAggregatorPort.java:353)
	at ptolemy.actor.CompositeActor.preinitialize(CompositeActor.java:1769)
	at ptolemy.actor.Manager.preinitializeAndResolveTypes(Manager.java:1040)
	at ptolemy.actor.Manager.initialize(Manager.java:710)
	at ptolemy.actor.Manager.execute(Manager.java:356)
	at ptolemy.actor.Manager.run(Manager.java:1263)
	at ptolemy.actor.Manager$PtolemyRunThread.run(Manager.java:1915)
java.lang.RuntimeException: Execution failed
	at ptolemy.moml.MoMLSimpleApplication$UnloadThread.run(MoMLSimpleApplication.java:402)
Caused by: ptolemy.kernel.util.IllegalActionException: TypeTest actor has no training data.
  in .sizedarray3.TypeTest
	at ptolemy.actor.lib.TypeTest.initialize(TypeTest.java:250)
	at ptolemy.actor.Director.initialize(Director.java:938)
	at ptolemy.actor.Director.initialize(Director.java:907)
	at ptolemy.actor.sched.StaticSchedulingDirector.initialize(StaticSchedulingDirector.java:159)
	at ptolemy.domains.sdf.kernel.SDFDirector.initialize(SDFDirector.java:544)
	at ptolemy.actor.CompositeActor.initialize(CompositeActor.java:935)
	at ptolemy.actor.Manager.initialize(Manager.java:724)
	at ptolemy.actor.Manager.execute(Manager.java:356)
	at ptolemy.actor.Manager.run(Manager.java:1263)
	at ptolemy.actor.Manager$PtolemyRunThread.run(Manager.java:1915)
java.lang.reflect.InvocationTargetException
	at sun.reflect.NativeConstructorAccessorImpl.newInstance0(Native Method)
	at sun.reflect.NativeConstructorAccessorImpl.newInstance(NativeConstructorAccessorImpl.java:62)
	at sun.reflect.DelegatingConstructorAccessorImpl.newInstance(DelegatingConstructorAccessorImpl.java:45)
	at java.lang.reflect.Constructor.newInstance(Constructor.java:423)
	at ptolemy.util.test.junit.AutoKnownFailedTests.RunModel(AutoKnownFailedTests.java:105)
	at sun.reflect.NativeMethodAccessorImpl.invoke0(Native Method)
	at sun.reflect.NativeMethodAccessorImpl.invoke(NativeMethodAccessorImpl.java:62)
	at sun.reflect.DelegatingMethodAccessorImpl.invoke(DelegatingMethodAccessorImpl.java:43)
	at java.lang.reflect.Method.invoke(Method.java:498)
	at org.junit.runners.model.FrameworkMethod$1.runReflectiveCall(FrameworkMethod.java:44)
	at org.junit.internal.runners.model.ReflectiveCallable.run(ReflectiveCallable.java:15)
	at org.junit.runners.model.FrameworkMethod.invokeExplosively(FrameworkMethod.java:41)
	at junitparams.internal.InvokeParameterisedMethod.evaluate(InvokeParameterisedMethod.java:102)
	at org.junit.internal.runners.statements.FailOnTimeout$1.run(FailOnTimeout.java:28)
Caused by: ptolemy.kernel.util.IllegalActionException: TypeTest actor has no training data.
  in .sizedarray3.TypeTest
	at ptolemy.actor.lib.TypeTest.initialize(TypeTest.java:250)
	at ptolemy.actor.Director.initialize(Director.java:938)
	at ptolemy.actor.Director.initialize(Director.java:907)
	at ptolemy.actor.sched.StaticSchedulingDirector.initialize(StaticSchedulingDirector.java:159)
	at ptolemy.domains.sdf.kernel.SDFDirector.initialize(SDFDirector.java:544)
	at ptolemy.actor.CompositeActor.initialize(CompositeActor.java:935)
	at ptolemy.actor.Manager.initialize(Manager.java:724)
	at ptolemy.actor.Manager.execute(Manager.java:356)
	at ptolemy.actor.Manager.run(Manager.java:1263)
	at ptolemy.actor.Manager$PtolemyRunThread.run(Manager.java:1915)
]]></system-err>
</testsuite>
