<?xml version="1.0" encoding="UTF-8" ?>
<testsuite errors="0" failures="0" hostname="travis-job-f39a129a-2b61-47df-94da-79cec7c010fb" name="ptolemy.actor.lib.test.junit.JUnitTclTest" skipped="0" tests="517" time="59.297" timestamp="2018-08-29T01:58:40">
  <properties>
    <property name="npm.executable" value="npm" />
    <property name="file.encoding.pkg" value="sun.io" />
    <property name="ptII.mk.exists" value="true" />
    <property name="env.rvm_bin_path" value="/home/travis/.rvm/bin" />
    <property name="java.home" value="/usr/lib/jvm/java-8-oracle/jre" />
    <property name="env.TRAVIS_JOB_NUMBER" value="711.8" />
    <property name="env.DISPLAY" value=":99.0" />
    <property name="java.net.preferIPv4Stack" value="true" />
    <property name="env.TRAVIS_INIT" value="upstart" />
    <property name="env.SSH_TTY" value="/dev/pts/0" />
    <property name="env.RUN_TESTS" value="false" />
    <property name="timeout.short" value="1000000" />
    <property name="env.TRAVIS_STACK_NODE_ATTRIBUTES" value="/.node-attributes.yml" />
    <property name="junit.formatter" value="xml" />
    <property name="java.endorsed.dirs" value="/usr/lib/jvm/java-8-oracle/jre/lib/endorsed" />
    <property name="env.TRAVIS_SUDO" value="true" />
    <property name="env.LOGNAME" value="travis" />
    <property name="env.PT_TRAVIS_TEST_CORE1_XML" value="true" />
    <property name="jsdoc.home" value="node_modules/@terraswarm/jsdoc" />
    <property name="debuglevel" value="source,lines,vars" />
    <property name="checkstyle.formatter" value="xml" />
    <property name="bin.vergil.makeable" value="true" />
    <property name="env._system_version" value="14.04" />
    <property name="sun.os.patch.level" value="unknown" />
    <property name="java.vendor.url" value="http://java.oracle.com/" />
    <property name="java.version" value="1.8.0_151" />
    <property name="env.TZ" value="UTC" />
    <property name="env.PT_NO_NET" value="true" />
    <property name="env.TRAVIS_PULL_REQUEST_SHA" value="" />
    <property name="env.TRAVIS_SECURE_ENV_VARS" value="true" />
    <property name="env._system_type" value="Linux" />
    <property name="java.vendor.url.bug" value="http://bugreport.sun.com/bugreport/" />
    <property name="env.SSH_CLIENT" value="10.10.4.32 42608 22" />
    <property name="npmjs-org-is-up" value="true" />
    <property name="env.GEM_HOME" value="/home/travis/.rvm/gems/ruby-2.4.1" />
    <property name="env.HAS_ANTARES_THREE_LITTLE_FRONZIES_BADGE" value="true" />
    <property name="env.PS4" value="+" />
    <property name="ant.project.invoked-targets" value="build,test.core1.xml" />
    <property name="env.TRAVIS_PULL_REQUEST_BRANCH" value="" />
    <property name="env.TRAVIS_REPO_SLUG" value="icyphy/ptII" />
    <property name="node.in.path" value="true" />
    <property name="java.maxmemory" value="1400m" />
    <property name="env.RUBY_VERSION" value="ruby-2.4.1" />
    <property name="user.name" value="travis" />
    <property name="env.LANG" value="en_US.UTF-8" />
    <property name="sun.io.unicode.encoding" value="UnicodeLittle" />
    <property name="sun.jnu.encoding" value="UTF-8" />
    <property name="java.runtime.name" value="Java(TM) SE Runtime Environment" />
    <property name="usefile" value="false" />
    <property name="return.code" value="0" />
    <property name="junit.single.formatter" value="plain" />
    <property name="env.DYLD_LIBRARY_PATH" value="/home/travis/pthla/certi-tools/lib:" />
    <property name="env.DEBIAN_FRONTEND" value="noninteractive" />
    <property name="env.SSH_CONNECTION" value="10.10.4.32 42608 10.20.0.21 22" />
    <property name="env.MYSQL_UNIX_PORT" value="/var/run/mysqld/mysqld.sock" />
    <property name="env.TRAVIS_ALLOW_FAILURE" value="false" />
    <property name="env.LC_ALL" value="en_US.UTF-8" />
    <property name="java.specification.name" value="Java Platform API Specification" />
    <property name="node.works" value="true" />
    <property name="user.timezone" value="" />
    <property name="path.separator" value=":" />
    <property name="env.PYTHON_CFLAGS" value="-g -fstack-protector --param=ssp-buffer-size=4 -Wformat -Werror=format-security" />
    <property name="timeout.long" value="4000000" />
    <property name="env.CERTI_HOME" value="/home/travis/pthla/certi-tools" />
    <property name="file.encoding" value="UTF-8" />
    <property name="ant.file.ptII" value="/home/travis/build/icyphy/ptII/build.xml" />
    <property name="javadoc.packagenames" value="com.*,diva.*,lbnl.*,org.hlacerti.*,org.json.*,org.ptolemy.*,org.terraswarm.*,ptolemy.*,ptserver.*" />
    <property name="env.TRAVIS_PULL_REQUEST_SLUG" value="" />
    <property name="ant.project.default-target" value="build" />
    <property name="env.GIT_ASKPASS" value="echo" />
    <property name="env.HOME" value="/home/travis" />
    <property name="sun.java.command" value="org.apache.tools.ant.taskdefs.optional.junit.JUnitTestRunner ptolemy.actor.lib.test.junit.JUnitTclTest skipNonTests=false filtertrace=true haltOnError=false haltOnFailure=false formatter=org.apache.tools.ant.taskdefs.optional.junit.OutErrSummaryJUnitResultFormatter showoutput=true outputtoformatters=true logfailedtests=true threadid=0 logtestlistenerevents=false formatter=org.apache.tools.ant.taskdefs.optional.junit.XMLJUnitResultFormatter,/home/travis/build/icyphy/ptII/reports/junit/TEST-ptolemy.actor.lib.test.junit.JUnitTclTest.xml crashfile=/home/travis/build/icyphy/ptII/junitvmwatcher3201684979765845485.properties propsfile=/home/travis/build/icyphy/ptII/junit3086553823267785432.properties" />
    <property name="env.MANPATH" value="/home/travis/.nvm/versions/node/v7.10.1/share/man:/home/travis/.kiex/elixirs/elixir-1.4.5/man:/home/travis/.rvm/rubies/ruby-2.4.1/share/man:/usr/local/man:/usr/local/cmake-3.9.2/man:/usr/local/clang-5.0.0/share/man:/usr/local/share/man:/usr/share/man:/home/travis/.rvm/man" />
    <property name="env.COMPOSER_NO_INTERACTION" value="1" />
    <property name="env.JDK_SWITCHER_DEFAULT" value="oraclejdk8" />
    <property name="ant.file" value="/home/travis/build/icyphy/ptII/build.xml" />
    <property name="env.TRAVIS_COMMIT_RANGE" value="0cf022ad24b2272dc9a802466af2a6a9926137bb...31232951153ad479e847436f4fe044bd067f5f2a" />
    <property name="env._system_name" value="Ubuntu" />
    <property name="timeout" value="2400000" />
    <property name="ptII.classpath.optional.property" value="/home/travis/build/icyphy/ptII/lib/bsh-2.0b4.jar:/home/travis/build/icyphy/ptII/lib/ptCal.jar:/home/travis/build/icyphy/ptII/lib/java_cup.jar:/home/travis/build/icyphy/ptII/lib/saxon8.jar:/home/travis/build/icyphy/ptII/lib/saxon8-dom.jar:/home/travis/build/icyphy/ptII/lib/chic.jar:/home/travis/build/icyphy/ptII/lib/ptcolt.jar:/usr/lib/jvm/java-8-oracle/lib/tools.jar:/usr/lib/eclipse/plugins/org.eclipse.jdt.core_3.8.2.dist.jar:/usr/lib/eclipse/plugins/org.eclipse.core.runtime_3.8.0.dist.jar:/usr/lib/eclipse/plugins/org.eclipse.osgi_3.8.1.dist.jar:/usr/lib/eclipse/plugins/org.eclipse.core.resources_3.8.1.dist.jar:/usr/lib/eclipse/plugins/org.eclipse.equinox.common_3.6.100.dist.jar:/usr/lib/eclipse/plugins/org.eclipse.core.jobs_3.5.200.dist.jar:/usr/lib/eclipse/plugins/org.eclipse.core.contenttype_3.4.200.dist.jar:/usr/lib/eclipse/plugins/org.eclipse.equinox.preferences_3.5.0.dist.jar:/usr/lib/eclipse/plugins/org.eclipse.text_3.5.200.dist.jar:/usr/lib/eclipse/plugins/org.eclipse.ui.workbench_3.8.1.dist.jar:/usr/lib/eclipse/plugins/org.eclipse.jface_3.8.0.dist.jar:/usr/lib/eclipse/plugins/org.eclipse.swt_3.8.2.jar:/usr/lib/eclipse/plugins/org.eclipse.jface.text_3.8.1.dist.jar:/usr/lib/eclipse/plugins/org.eclipse.ui.workbench.texteditor_3.8.0.dist.jar:/usr/lib/eclipse/plugins/org.eclipse.ui.editors_3.8.0.dist.jar:/usr/lib/eclipse/plugins/org.eclipse.core.commands_3.6.1.dist.jar:/usr/lib/eclipse/plugins/org.eclipse.equinox.registry_3.5.200.dist.jar:/usr/lib/eclipse/plugins/org.eclipse.ui.console_3.5.100.dist.jar:/usr/lib/eclipse/plugins/org.eclipse.ui.forms_3.5.200.dist.jar:/usr/lib/eclipse/plugins/org.eclipse.ui.ide_3.8.1.dist.jar:/home/travis/build/icyphy/ptII/vendors/oracle/dbxml.jar:/home/travis/build/icyphy/ptII/vendors/oracle/db.jar:/home/travis/build/icyphy/ptII/vendors/misc/itext/iText.jar:/home/travis/build/icyphy/ptII/lib/g4ltl.jar:/home/travis/build/icyphy/ptII/lib/StructuralCoder.jar:/home/travis/build/icyphy/ptII/lib/org-openide-util.jar:/home/travis/build/icyphy/ptII/lib/org-openide-util-lookup.jar:/home/travis/build/icyphy/ptII/lib/org-netbeans-api-visual.jar:/home/travis/build/icyphy/ptII/vendors/jai-1_1_2_01/lib/jai_core.jar:/home/travis/build/icyphy/ptII/vendors/jai-1_1_2_01/lib/jai_codec.jar:/home/travis/build/icyphy/ptII/lib/jcerti.jar:/home/travis/build/icyphy/ptII/lib/smack.jar:/home/travis/build/icyphy/ptII/lib/smackx.jar:/home/travis/build/icyphy/ptII/lib/jetty-all-8.1.5-v20120716.jar:/home/travis/build/icyphy/ptII/lib/javax.servlet-api-3.0.1.jar:/home/travis/build/icyphy/ptII/lib/javax.mail.jar:/home/travis/build/icyphy/ptII/vendors/JMF-2.1.1e/lib/jmf.jar:/home/travis/build/icyphy/ptII/lib/jna-4.0.0-variadic.jar:/home/travis/build/icyphy/ptII/vendors/misc/joystick/Joystick.jar:/home/travis/build/icyphy/ptII/lib/ptjacl.jar:/home/travis/build/icyphy/ptII/lib/jsoup-1.8.2.jar:/home/travis/build/icyphy/ptII/lib/junit-4.8.2.jar:/home/travis/build/icyphy/ptII/lib/JUnitParams-0.4.0.jar:/home/travis/build/icyphy/ptII/ptolemy/actor/lib/excel/jxl.jar:/home/travis/build/icyphy/ptII/lib/jython.jar:/home/travis/build/icyphy/ptII/lib/kieler.jar:/home/travis/build/icyphy/ptII/vendors/opencv/share/OpenCV/java/opencv-341.jar:/home/travis/build/icyphy/ptII/lib/oscP5.jar:/home/travis/build/icyphy/ptII/lib/nrjavaserial-3.11.0.devel.jar:/home/travis/build/icyphy/ptII/vendors/j3d/lib/j3dcore.jar:/home/travis/build/icyphy/ptII/vendors/j3d/lib/j3dutils.jar:/home/travis/build/icyphy/ptII/vendors/j3d/lib/vecmath.jar:/home/travis/build/icyphy/ptII/ptolemy/distributed/jini/jar/jini-core.jar:/home/travis/build/icyphy/ptII/ptolemy/distributed/jini/jar/jini-ext.jar:/home/travis/build/icyphy/ptII/ptolemy/distributed/jini/jar/sun-util.jar:/home/travis/build/icyphy/ptII/lib/protobuf-java-2.4.1.jar:/home/travis/build/icyphy/ptII/lib/org.eclipse.paho.client.mqttv3.jar:/home/travis/build/icyphy/ptII/ptserver/lib/hessian-4.0.7.jar:/home/travis/build/icyphy/ptII/ptserver/lib/wmqtt.jar:/home/travis/build/icyphy/ptII/lib/mapss.jar:/home/travis/build/icyphy/ptII/ptolemy/actor/ptalon/antlr/antlr.jar:/home/travis/build/icyphy/ptII/lib/JRI.jar:/home/travis/build/icyphy/ptII/lib/commons-lang-2.6.jar:/home/travis/build/icyphy/ptII/lib/commons-logging-1.1.1.jar:/home/travis/build/icyphy/ptII/lib/sootclasses.jar:/home/travis/build/icyphy/ptII/ptolemy/actor/lib/database/mysql-connector-java-5.1.6-bin.jar:/home/travis/build/icyphy/ptII/vendors/misc/sphinx4/sphinx4-data-5prealpha.jar:/home/travis/build/icyphy/ptII/vendors/misc/sphinx4/sphinx4-core-5prealpha.jar:/home/travis/build/icyphy/ptII/lib/PDFRenderer.jar:/home/travis/build/icyphy/ptII/lib/svgSalamander.jar:/home/travis/build/icyphy/ptII/lib/rsyntaxtextarea-2.6.0-SNAPSHOT.jar:/home/travis/build/icyphy/ptII/lib/hazelcast-3.8.2.jar:/home/travis/build/icyphy/ptII/lib/jackson-annotations-2.9.0.jar:/home/travis/build/icyphy/ptII/lib/jackson-core-2.9.3.jar:/home/travis/build/icyphy/ptII/lib/jackson-databind-2.9.3.jar:/home/travis/build/icyphy/ptII/lib/netty-buffer-4.1.19.Final.jar:/home/travis/build/icyphy/ptII/lib/netty-codec-4.1.19.Final.jar:/home/travis/build/icyphy/ptII/lib/netty-codec-dns-4.1.19.Final.jar:/home/travis/build/icyphy/ptII/lib/netty-codec-http-4.1.19.Final.jar:/home/travis/build/icyphy/ptII/lib/netty-codec-http2-4.1.19.Final.jar:/home/travis/build/icyphy/ptII/lib/netty-common-4.1.19.Final.jar:/home/travis/build/icyphy/ptII/lib/netty-handler-4.1.19.Final.jar:/home/travis/build/icyphy/ptII/lib/netty-resolver-4.1.19.Final.jar:/home/travis/build/icyphy/ptII/lib/netty-resolver-dns-4.1.19.Final.jar:/home/travis/build/icyphy/ptII/lib/netty-transport-4.1.19.Final.jar:/home/travis/build/icyphy/ptII/lib/vertx-codegen-3.5.1.jar:/home/travis/build/icyphy/ptII/lib/vertx-core-3.5.2-SNAPSHOT.jar:/home/travis/build/icyphy/ptII/lib/vertx-hazelcast-3.5.1.jar:/home/travis/build/icyphy/ptII/lib/vertx-lang-js-3.5.1.jar:/home/travis/build/icyphy/ptII/lib/vertx-service-proxy-3.5.1.jar:/home/travis/build/icyphy/ptII/lib/vertx-web-3.5.1.jar:/home/travis/build/icyphy/ptII/lib/slf4j-api-1.7.13.jar:/home/travis/build/icyphy/ptII/lib/slf4j-simple-1.7.13.jar:/home/travis/build/icyphy/ptII/lib/webcam-capture-0.3.12.jar:/home/travis/build/icyphy/ptII/lib/bridj-0.7.0.jar:/home/travis/build/icyphy/ptII/lib/xbjlib-1.1.0.nrjavaserial.jar" />
    <property name="test.batch" value="**/junit/*.java" />
    <property name="env._" value="/usr/bin/timeout" />
    <property name="java.io.tmpdir" value="/tmp" />
    <property name="user.language" value="en" />
    <property name="env.HISTCONTROL" value="ignoredups:ignorespace" />
    <property name="env.GOROOT" value="/home/travis/.gimme/versions/go1.7.4.linux.amd64" />
    <property name="line.separator" value="&#xa;" />
    <property name="target" value="1.8" />
    <property name="env.TRAVIS_BUILD_DIR" value="/home/travis/build/icyphy/ptII" />
    <property name="env.ANT_OPTS" value="-Xmx2048m" />
    <property name="ant.file.type" value="file" />
    <property name="ptolemy.ptII.batchMode" value="true" />
    <property name="env.HISTSIZE" value="1000" />
    <property name="env.MERB_ENV" value="test" />
    <property name="java.vm.info" value="mixed mode" />
    <property name="source" value="1.8" />
    <property name="java.vm.specification.name" value="Java Virtual Machine Specification" />
    <property name="env.TRAVIS_TEST_RESULT" value="0" />
    <property name="jsdoc.command" value="node_modules/@terraswarm/jsdoc/jsdoc.js" />
    <property name="npm.works" value="true" />
    <property name="cobertura.dir" value="/home/travis/build/icyphy/ptII/vendors/cobertura-2.0.3" />
    <property name="env.rvm_path" value="/home/travis/.rvm" />
    <property name="env.GEM_PATH" value="/home/travis/.rvm/gems/ruby-2.4.1:/home/travis/.rvm/gems/ruby-2.4.1@global" />
    <property name="env.LC_CTYPE" value="en_US.UTF-8" />
    <property name="java.awt.printerjob" value="sun.print.PSPrinterJob" />
    <property name="env.TRAVIS_STACK_NAME" value="garnet" />
    <property name="ant.version" value="Apache Ant(TM) version 1.10.1 compiled on February 2 2017" />
    <property name="ptII.reports" value="/home/travis/build/icyphy/ptII/reports" />
    <property name="env.TRAVIS_STACK_TIMESTAMP" value="2017-12-05 19:33:09 UTC" />
    <property name="ant.file.type.ptII" value="file" />
    <property name="env.RBENV_SHELL" value="bash" />
    <property name="os.name" value="Linux" />
    <property name="java.specification.vendor" value="Oracle Corporation" />
    <property name="env.rvm_version" value="1.29.3 (latest)" />
    <property name="env.TERM" value="xterm" />
    <property name="java.vm.name" value="Java HotSpot(TM) 64-Bit Server VM" />
    <property name="env.TRAVIS_BUILD_NUMBER" value="711" />
    <property name="env.CI" value="true" />
    <property name="java.library.path" value="/home/travis/pthla/certi-tools/lib:/usr/lib/jni:/usr/local/share/OpenCV/java/:/usr/share/OpenCV/java::/usr/java/packages/lib/amd64:/usr/lib64:/lib64:/lib:/usr/lib" />
    <property name="env.rvm_prefix" value="/home/travis" />
    <property name="env.PATH" value="/home/travis/pthla/certi-tools/share/scripts:/home/travis/.rvm/gems/ruby-2.4.1/bin:/home/travis/.rvm/gems/ruby-2.4.1@global/bin:/home/travis/.rvm/rubies/ruby-2.4.1/bin:/home/travis/.rvm/bin:/home/travis/.nvm/versions/node/v7.10.1/bin:./node_modules/.bin:/home/travis/build/icyphy/ptII/bin:/home/travis/pthla/certi-tools/bin:/home/travis/bin:/home/travis/.local/bin:/opt/pyenv/shims:/home/travis/.phpenv/shims:/home/travis/perl5/perlbrew/bin:/home/travis/.kiex/elixirs/elixir-1.4.5/bin:/home/travis/.kiex/bin:/home/travis/gopath/bin:/home/travis/.gimme/versions/go1.7.4.linux.amd64/bin:/usr/local/phantomjs/bin:/usr/local/phantomjs:/usr/local/neo4j-3.2.7/bin:/usr/local/maven-3.5.2/bin:/usr/local/cmake-3.9.2/bin:/usr/local/clang-5.0.0/bin:/usr/local/sbin:/usr/local/bin:/usr/sbin:/usr/bin:/sbin:/bin:/home/travis/.phpenv/bin:/opt/pyenv/bin:/home/travis/.yarn/bin" />
    <property name="env.TRAVIS_OS_NAME" value="linux" />
    <property name="ant.java.version" value="1.8" />
    <property name="basedir" value="/home/travis/build/icyphy/ptII" />
    <property name="java.class.version" value="52.0" />
    <property name="env.SHLVL" value="3" />
    <property name="env.LD_LIBRARY_PATH" value="/home/travis/pthla/certi-tools/lib:/usr/lib/jni:/usr/local/share/OpenCV/java/:/usr/share/OpenCV/java:" />
    <property name="env.RACK_ENV" value="test" />
    <property name="ant.home" value="/home/travis/build/icyphy/ptII/ant" />
    <property name="env.NVM_DIR" value="/home/travis/.nvm" />
    <property name="env.PERLBREW_BASHRC_VERSION" value="0.80" />
    <property name="env.CERTI_FOM_PATH" value="/home/travis/pthla/certi-tools/share/federations" />
    <property name="env.TRAVIS_BUILD_ID" value="421851526" />
    <property name="env.PYENV_ROOT" value="/opt/pyenv" />
    <property name="env.TRAVIS_UID" value="2000" />
    <property name="env.rvm_pretty_print_flag" value="auto" />
    <property name="env.NVM_BIN" value="/home/travis/.nvm/versions/node/v7.10.1/bin" />
    <property name="env.TRAVIS_COMMIT" value="31232951153ad479e847436f4fe044bd067f5f2a" />
    <property name="env._system_arch" value="x86_64" />
    <property name="node.executable" value="node" />
    <property name="sun.boot.library.path" value="/usr/lib/jvm/java-8-oracle/jre/lib/amd64" />
    <property name="sun.management.compiler" value="HotSpot 64-Bit Tiered Compilers" />
    <property name="env.GOPATH" value="/home/travis/gopath" />
    <property name="java.awt.graphicsenv" value="sun.awt.X11GraphicsEnvironment" />
    <property name="ptolemy.ptII.dir" value="/home/travis/build/icyphy/ptII" />
    <property name="env.USER" value="travis" />
    <property name="env.HISTFILESIZE" value="2000" />
    <property name="timeout.longest" value="19000000" />
    <property name="env.TRAVIS_STACK_FEATURES" value="basic cassandra chromium couchdb disabled-ipv6 docker docker-compose elasticsearch firefox go-toolchain google-chrome jdk memcached mongodb mysql neo4j nodejs_interpreter perl_interpreter perlbrew phantomjs postgresql python_interpreter rabbitmq redis riak ruby_interpreter sqlite xserver" />
    <property name="env.TRAVIS_PULL_REQUEST" value="false" />
    <property name="env.PYENV_SHELL" value="bash" />
    <property name="ant.project.name" value="ptII" />
    <property name="java.vm.specification.version" value="1.8" />
    <property name="env.TRAVIS_DIST" value="trusty" />
    <property name="env.CERTI_VERSION" value="4.0.0" />
    <property name="env.NLSPATH" value="/usr/dt/lib/nls/msg/%L/%N.cat" />
    <property name="awt.toolkit" value="sun.awt.X11.XToolkit" />
    <property name="env.CERTI_HOST" value="localhost" />
    <property name="env.MY_RUBY_HOME" value="/home/travis/.rvm/rubies/ruby-2.4.1" />
    <property name="sun.cpu.isalist" value="" />
    <property name="java.ext.dirs" value="/usr/lib/jvm/java-8-oracle/jre/lib/ext:/usr/java/packages/lib/ext" />
    <property name="os.version" value="4.4.0-101-generic" />
    <property name="user.home" value="/home/travis" />
    <property name="env.MIX_ARCHIVES" value="/home/travis/.kiex/mix/elixir-1.4.5" />
    <property name="java.vm.vendor" value="Oracle Corporation" />
    <property name="env.TRAVIS_TAG" value="nightly" />
    <property name="env.TRAVIS_FILTERED" value="redirect_io" />
    <property name="env.JAVA_HOME" value="/usr/lib/jvm/java-8-oracle" />
    <property name="env.PTII" value="/home/travis/build/icyphy/ptII" />
    <property name="javadoc.excludepackagenames" value="adm.cvs2svn.*,build.*,config.*,doc.coding.templates.*,jni.test.jni.meaningOfLife.*,jni.test.jni.testDeux.*,jni.test.jni.testTrois.*,org.terraswarm.accessor.accessors.web.node_modules.*,org.terraswarm.accessor.accessors.web.hosts.cordova.demo.*,org.terraswarm.accessor.accessors.web.hosts.cordova.plugins.*,org.terraswarm.accessor.accessors-svn.*,pt-modules.*,ptolemy.apps.agilent.*,ptolemy.apps.anytimecontrol.*,ptolemy.apps.apes.*,ptolemy.apps.charon.*,ptolemy.apps.crazyboard.*,ptolemy.apps.eclipse.*,ptolemy.apps.etherealSting.*,ptolemy.apps.fullscreen.*,ptolemy.apps.giotto.*,ptolemy.apps.ia.*,ptolemy.apps.interfaces.*,ptolemy.apps.jmf.*,ptolemy.apps.kurt.*,ptolemy.apps.kvm.*,ptolemy.apps.lego.*,ptolemy.apps.lejos.*,ptolemy.apps.midp.*,ptolemy.apps.mobileCoding.*,ptolemy.apps.pendulum.*,ptolemy.apps.rijndael.*,ptolemy.apps.robot.*,ptolemy.apps.security.*,ptolemy.apps.sobel.*,ptolemy.apps.soot.*,ptolemy.apps.throttle.*,ptolemy.apps.tini.*,ptolemy.apps.transmission.*,ptolemy.apps.vergil.*,ptolemy.apps.waba.*,ptolemy.apps.websensor.*,ptolemy.apps.webstart.*,ptolemy.apps.xsl.*,ptolemy.apps.zaurus.*,ptolemy.backtrack.eclipse.plugin.*,ptolemy.backtrack.test.*,ptolemy.codegen.c.actor.lib.oldJavaFiles.*,ptolemy.codegen.dsp.lib.*,ptolemy.codegen.kernel.newInterfaces.*,ptolemy.codegen.lib.*,ptolemy.copernicus.kernel.fragment.*,ptolemy.copernicus.shallow.cg.*,ptolemy.domains.giotto.demo.Hierarchy.Hierarchy.*,ptolemy.domains.giotto.demo.Multimode.Multimode.*,ptolemy.domains.giotto.demo.Simple.Simple.*,ptolemy.domains.gr.lib.experimental.*,ptolemy.domains.gro.*,ptolemy.domains.pdf.*,ptolemy.domains.ptinyos.demo.Surge.output.*,ptolemy.moml.test.NoPackageActor.java*,ptolemy.plot.adm.*,ptolemy.plot.servlet.*,reports.*,signed.*,src.*,target.*,vendors.*,ptolemy.cg.adapter.generic.program.procedural.c.mbed*,ptolemy.actor.lib.fmi.fmus.omc*,ptolemy.domains.openmodelica*,ptdb.kernel.bl.save.test.*,ptdb.kernel.bl.load.test.*,ptdb.kernel.bl.search.test.*,ptdb.kernel.bl.migration.test.*,ptdb.kernel.database.test.*,ptdb.test.*,ptdb.gui.test.*,org.ptolemy.scala.*,diva.util.java2d.svg.*,ptolemy.domains.ptinyos.*,ptolemy.actor.lib.fmi.fmipp.*,,org.terraswarm.accessor.accessors.web.node_modules.*,org.terraswarm.accessor.accessors-svn,ptolemy.apps.*,ptolemy.actor.ptalon.demo.ptinyos.SendAndReceiveCnt.output,ptolemy.actor.ptalon.demo.ptinyos.SenseToLeds.output,ptolemy.domains.ptinyos.demo.CntToLedsAndRfm.output,ptolemy.domains.ptinyos.demo.RfmToLeds.output,ptolemy.domains.ptinyos.demo.SendAndReceiveCnt.output,ptolemy.domains.ptinyos.demo.SenseToLeds.output,ptolemy.actor.lib.jjs.modules.udpSocket.*" />
    <property name="env.TRAVIS_COMMIT_MESSAGE" value="Demo tuning" />
    <property name="keystore" value="ptKeystore" />
    <property name="env.XDG_SESSION_ID" value="2" />
    <property name="junit.output.dir" value="/home/travis/build/icyphy/ptII/reports/junit" />
    <property name="npm.return.code" value="0" />
    <property name="user.dir" value="/home/travis/build/icyphy/ptII/ptolemy/actor/lib/test" />
    <property name="env.TRAVIS_NODE_VERSION" value="7" />
    <property name="env.XFILESEARCHPATH" value="/usr/dt/app-defaults/%L/Dt" />
    <property name="env.TRAVIS_EVENT_TYPE" value="cron" />
    <property name="env.MAIL" value="/var/mail/travis" />
    <property name="env.PERLBREW_ROOT" value="/home/travis/perl5/perlbrew" />
    <property name="env.PWD" value="/home/travis/build/icyphy/ptII" />
    <property name="timeout.npm" value="45000" />
    <property name="env.PAGER" value="cat" />
    <property name="sun.cpu.endian" value="little" />
    <property name="env.TRAVIS_BUILD_STAGE_NAME" value="Test" />
    <property name="env.PERLBREW_HOME" value="/home/travis/.perlbrew" />
    <property name="env.RAILS_ENV" value="test" />
    <property name="java.vm.version" value="25.151-b12" />
    <property name="java.class.path" value="/home/travis/.ptolemyII:/home/travis/.ptolemyII/*:/home/travis/build/icyphy/ptII:/home/travis/build/icyphy/ptII/lib/bsh-2.0b4.jar:/home/travis/build/icyphy/ptII/lib/ptCal.jar:/home/travis/build/icyphy/ptII/lib/java_cup.jar:/home/travis/build/icyphy/ptII/lib/saxon8.jar:/home/travis/build/icyphy/ptII/lib/saxon8-dom.jar:/home/travis/build/icyphy/ptII/lib/chic.jar:/home/travis/build/icyphy/ptII/lib/ptcolt.jar:/usr/lib/jvm/java-8-oracle/lib/tools.jar:/usr/lib/eclipse/plugins/org.eclipse.jdt.core_3.8.2.dist.jar:/usr/lib/eclipse/plugins/org.eclipse.core.runtime_3.8.0.dist.jar:/usr/lib/eclipse/plugins/org.eclipse.osgi_3.8.1.dist.jar:/usr/lib/eclipse/plugins/org.eclipse.core.resources_3.8.1.dist.jar:/usr/lib/eclipse/plugins/org.eclipse.equinox.common_3.6.100.dist.jar:/usr/lib/eclipse/plugins/org.eclipse.core.jobs_3.5.200.dist.jar:/usr/lib/eclipse/plugins/org.eclipse.core.contenttype_3.4.200.dist.jar:/usr/lib/eclipse/plugins/org.eclipse.equinox.preferences_3.5.0.dist.jar:/usr/lib/eclipse/plugins/org.eclipse.text_3.5.200.dist.jar:/usr/lib/eclipse/plugins/org.eclipse.ui.workbench_3.8.1.dist.jar:/usr/lib/eclipse/plugins/org.eclipse.jface_3.8.0.dist.jar:/usr/lib/eclipse/plugins/org.eclipse.swt_3.8.2.jar:/usr/lib/eclipse/plugins/org.eclipse.jface.text_3.8.1.dist.jar:/usr/lib/eclipse/plugins/org.eclipse.ui.workbench.texteditor_3.8.0.dist.jar:/usr/lib/eclipse/plugins/org.eclipse.ui.editors_3.8.0.dist.jar:/usr/lib/eclipse/plugins/org.eclipse.core.commands_3.6.1.dist.jar:/usr/lib/eclipse/plugins/org.eclipse.equinox.registry_3.5.200.dist.jar:/usr/lib/eclipse/plugins/org.eclipse.ui.console_3.5.100.dist.jar:/usr/lib/eclipse/plugins/org.eclipse.ui.forms_3.5.200.dist.jar:/usr/lib/eclipse/plugins/org.eclipse.ui.ide_3.8.1.dist.jar:/home/travis/build/icyphy/ptII/vendors/oracle/dbxml.jar:/home/travis/build/icyphy/ptII/vendors/oracle/db.jar:/home/travis/build/icyphy/ptII/vendors/misc/itext/iText.jar:/home/travis/build/icyphy/ptII/lib/g4ltl.jar:/home/travis/build/icyphy/ptII/lib/StructuralCoder.jar:/home/travis/build/icyphy/ptII/lib/org-openide-util.jar:/home/travis/build/icyphy/ptII/lib/org-openide-util-lookup.jar:/home/travis/build/icyphy/ptII/lib/org-netbeans-api-visual.jar:/home/travis/build/icyphy/ptII/vendors/jai-1_1_2_01/lib/jai_core.jar:/home/travis/build/icyphy/ptII/vendors/jai-1_1_2_01/lib/jai_codec.jar:/home/travis/build/icyphy/ptII/lib/jcerti.jar:/home/travis/build/icyphy/ptII/lib/smack.jar:/home/travis/build/icyphy/ptII/lib/smackx.jar:/home/travis/build/icyphy/ptII/lib/jetty-all-8.1.5-v20120716.jar:/home/travis/build/icyphy/ptII/lib/javax.servlet-api-3.0.1.jar:/home/travis/build/icyphy/ptII/lib/javax.mail.jar:/home/travis/build/icyphy/ptII/vendors/JMF-2.1.1e/lib/jmf.jar:/home/travis/build/icyphy/ptII/lib/jna-4.0.0-variadic.jar:/home/travis/build/icyphy/ptII/vendors/misc/joystick/Joystick.jar:/home/travis/build/icyphy/ptII/lib/ptjacl.jar:/home/travis/build/icyphy/ptII/lib/jsoup-1.8.2.jar:/home/travis/build/icyphy/ptII/lib/junit-4.8.2.jar:/home/travis/build/icyphy/ptII/lib/JUnitParams-0.4.0.jar:/home/travis/build/icyphy/ptII/ptolemy/actor/lib/excel/jxl.jar:/home/travis/build/icyphy/ptII/lib/jython.jar:/home/travis/build/icyphy/ptII/lib/kieler.jar:/home/travis/build/icyphy/ptII/vendors/opencv/share/OpenCV/java/opencv-341.jar:/home/travis/build/icyphy/ptII/lib/oscP5.jar:/home/travis/build/icyphy/ptII/lib/nrjavaserial-3.11.0.devel.jar:/home/travis/build/icyphy/ptII/vendors/j3d/lib/j3dcore.jar:/home/travis/build/icyphy/ptII/vendors/j3d/lib/j3dutils.jar:/home/travis/build/icyphy/ptII/vendors/j3d/lib/vecmath.jar:/home/travis/build/icyphy/ptII/ptolemy/distributed/jini/jar/jini-core.jar:/home/travis/build/icyphy/ptII/ptolemy/distributed/jini/jar/jini-ext.jar:/home/travis/build/icyphy/ptII/ptolemy/distributed/jini/jar/sun-util.jar:/home/travis/build/icyphy/ptII/lib/protobuf-java-2.4.1.jar:/home/travis/build/icyphy/ptII/lib/org.eclipse.paho.client.mqttv3.jar:/home/travis/build/icyphy/ptII/ptserver/lib/hessian-4.0.7.jar:/home/travis/build/icyphy/ptII/ptserver/lib/wmqtt.jar:/home/travis/build/icyphy/ptII/lib/mapss.jar:/home/travis/build/icyphy/ptII/ptolemy/actor/ptalon/antlr/antlr.jar:/home/travis/build/icyphy/ptII/lib/JRI.jar:/home/travis/build/icyphy/ptII/lib/commons-lang-2.6.jar:/home/travis/build/icyphy/ptII/lib/commons-logging-1.1.1.jar:/home/travis/build/icyphy/ptII/lib/sootclasses.jar:/home/travis/build/icyphy/ptII/ptolemy/actor/lib/database/mysql-connector-java-5.1.6-bin.jar:/home/travis/build/icyphy/ptII/vendors/misc/sphinx4/sphinx4-data-5prealpha.jar:/home/travis/build/icyphy/ptII/vendors/misc/sphinx4/sphinx4-core-5prealpha.jar:/home/travis/build/icyphy/ptII/lib/PDFRenderer.jar:/home/travis/build/icyphy/ptII/lib/svgSalamander.jar:/home/travis/build/icyphy/ptII/lib/rsyntaxtextarea-2.6.0-SNAPSHOT.jar:/home/travis/build/icyphy/ptII/lib/hazelcast-3.8.2.jar:/home/travis/build/icyphy/ptII/lib/jackson-annotations-2.9.0.jar:/home/travis/build/icyphy/ptII/lib/jackson-core-2.9.3.jar:/home/travis/build/icyphy/ptII/lib/jackson-databind-2.9.3.jar:/home/travis/build/icyphy/ptII/lib/netty-buffer-4.1.19.Final.jar:/home/travis/build/icyphy/ptII/lib/netty-codec-4.1.19.Final.jar:/home/travis/build/icyphy/ptII/lib/netty-codec-dns-4.1.19.Final.jar:/home/travis/build/icyphy/ptII/lib/netty-codec-http-4.1.19.Final.jar:/home/travis/build/icyphy/ptII/lib/netty-codec-http2-4.1.19.Final.jar:/home/travis/build/icyphy/ptII/lib/netty-common-4.1.19.Final.jar:/home/travis/build/icyphy/ptII/lib/netty-handler-4.1.19.Final.jar:/home/travis/build/icyphy/ptII/lib/netty-resolver-4.1.19.Final.jar:/home/travis/build/icyphy/ptII/lib/netty-resolver-dns-4.1.19.Final.jar:/home/travis/build/icyphy/ptII/lib/netty-transport-4.1.19.Final.jar:/home/travis/build/icyphy/ptII/lib/vertx-codegen-3.5.1.jar:/home/travis/build/icyphy/ptII/lib/vertx-core-3.5.2-SNAPSHOT.jar:/home/travis/build/icyphy/ptII/lib/vertx-hazelcast-3.5.1.jar:/home/travis/build/icyphy/ptII/lib/vertx-lang-js-3.5.1.jar:/home/travis/build/icyphy/ptII/lib/vertx-service-proxy-3.5.1.jar:/home/travis/build/icyphy/ptII/lib/vertx-web-3.5.1.jar:/home/travis/build/icyphy/ptII/lib/slf4j-api-1.7.13.jar:/home/travis/build/icyphy/ptII/lib/slf4j-simple-1.7.13.jar:/home/travis/build/icyphy/ptII/lib/webcam-capture-0.3.12.jar:/home/travis/build/icyphy/ptII/lib/bridj-0.7.0.jar:/home/travis/build/icyphy/ptII/lib/xbjlib-1.1.0.nrjavaserial.jar:/home/travis/build/icyphy/ptII/ptolemy/moml/test:/home/travis/build/icyphy/ptII/ant/lib/ant-launcher.jar:/home/travis/build/icyphy/ptII/ant/lib/ant.jar:/home/travis/build/icyphy/ptII/ant/lib/ant-junit.jar:/home/travis/build/icyphy/ptII/ant/lib/ant-junit4.jar" />
    <property name="ant.library.dir" value="/home/travis/build/icyphy/ptII/ant/lib" />
    <property name="os.arch" value="amd64" />
    <property name="env.TRAVIS_LANGUAGE" value="node_js" />
    <property name="env.CONTINUOUS_INTEGRATION" value="true" />
    <property name="env.TRAVIS_STACK_LANGUAGES" value="__garnet__ c c++ clojure cplusplus cpp default go groovy java node_js php pure_java python ruby scala" />
    <property name="test.name" value="ptolemy.actor.lib.test.junit.JUnitTclTest" />
    <property name="sun.java.launcher" value="SUN_STANDARD" />
    <property name="env.PYTHON_CONFIGURE_OPTS" value="--enable-unicode=ucs4 --with-wide-unicode --enable-shared --enable-ipv6 --enable-loadable-sqlite-extensions --with-computed-gotos" />
    <property name="ant.core.lib" value="/home/travis/build/icyphy/ptII/ant/lib/ant.jar" />
    <property name="java.vm.specification.vendor" value="Oracle Corporation" />
    <property name="env.BCVTB_HOME" value="/home/travis/build/icyphy/ptII/lbnl" />
    <property name="file.separator" value="/" />
    <property name="java.runtime.version" value="1.8.0_151-b12" />
    <property name="spotbugs.home" value="/home/travis/build/icyphy/ptII/vendors/spotbugs-3.1.1" />
    <property name="sun.boot.class.path" value="/usr/lib/jvm/java-8-oracle/jre/lib/resources.jar:/usr/lib/jvm/java-8-oracle/jre/lib/rt.jar:/usr/lib/jvm/java-8-oracle/jre/lib/sunrsasign.jar:/usr/lib/jvm/java-8-oracle/jre/lib/jsse.jar:/usr/lib/jvm/java-8-oracle/jre/lib/jce.jar:/usr/lib/jvm/java-8-oracle/jre/lib/charsets.jar:/usr/lib/jvm/java-8-oracle/jre/lib/jfr.jar:/usr/lib/jvm/java-8-oracle/jre/classes" />
    <property name="env.HAS_JOSH_K_SEAL_OF_APPROVAL" value="true" />
    <property name="env.XDG_RUNTIME_DIR" value="/run/user/2000" />
    <property name="env.TRAVIS_OSX_IMAGE" value="" />
    <property name="env.TRAVIS_BRANCH" value="master" />
    <property name="env.TRAVIS_JOB_ID" value="421851536" />
    <property name="user.country" value="US" />
    <property name="env.CERTI_HOME_TRAVIS" value="/home/travis/pthla/certi-tools" />
    <property name="env.SHELL" value="/bin/bash" />
    <property name="java.maxmemory.large" value="5000m" />
    <property name="model" value="" />
    <property name="env.CASHER_DIR" value="/home/travis/.casher" />
    <property name="env.NVM_CD_FLAGS" value="" />
    <property name="jshint.executable" value="/home/travis/node_modules/jshint/bin/jshint" />
    <property name="java.vendor" value="Oracle Corporation" />
    <property name="env.JRUBY_OPTS" value=" --client -J-XX:+TieredCompilation -J-XX:TieredStopAtLevel=1 -J-Xss2m -Xcompile.invokedynamic=false" />
    <property name="env.TRAVIS_PRE_CHEF_BOOTSTRAP_TIME" value="2017-12-05T19:32:55" />
    <property name="env.ELIXIR_VERSION" value="1.4.5" />
    <property name="env.TRAVIS_STACK_JOB_BOARD_REGISTER" value="/.job-board-register.yml" />
    <property name="java.specification.version" value="1.8" />
    <property name="env.TRAVIS" value="true" />
    <property name="env.IRBRC" value="/home/travis/.rvm/rubies/ruby-2.4.1/.irbrc" />
    <property name="sun.arch.data.model" value="64" />
  </properties>
  <testcase classname="ptolemy.util.test.junit.TclTests" name="[0] /home/travis/build/icyphy/ptII/ptolemy/actor/lib/test/AbsoluteValue.tcl (RunTclFile)" time="0.453" />
  <testcase classname="ptolemy.util.test.junit.TclTests" name="[1] /home/travis/build/icyphy/ptII/ptolemy/actor/lib/test/AddSubtract.tcl (RunTclFile)" time="0.112" />
  <testcase classname="ptolemy.util.test.junit.TclTests" name="[2] /home/travis/build/icyphy/ptII/ptolemy/actor/lib/test/Average.tcl (RunTclFile)" time="0.058" />
  <testcase classname="ptolemy.util.test.junit.TclTests" name="[3] /home/travis/build/icyphy/ptII/ptolemy/actor/lib/test/Bernoulli.tcl (RunTclFile)" time="0.035" />
  <testcase classname="ptolemy.util.test.junit.TclTests" name="[4] /home/travis/build/icyphy/ptII/ptolemy/actor/lib/test/Clock.tcl (RunTclFile)" time="0.078" />
  <testcase classname="ptolemy.util.test.junit.TclTests" name="[5] /home/travis/build/icyphy/ptII/ptolemy/actor/lib/test/Commutator.tcl (RunTclFile)" time="0.138" />
  <testcase classname="ptolemy.util.test.junit.TclTests" name="[6] /home/travis/build/icyphy/ptII/ptolemy/actor/lib/test/Const.tcl (RunTclFile)" time="0.112" />
  <testcase classname="ptolemy.util.test.junit.TclTests" name="[7] /home/travis/build/icyphy/ptII/ptolemy/actor/lib/test/CurrentTime.tcl (RunTclFile)" time="0.035" />
  <testcase classname="ptolemy.util.test.junit.TclTests" name="[8] /home/travis/build/icyphy/ptII/ptolemy/actor/lib/test/DB.tcl (RunTclFile)" time="0.036" />
  <testcase classname="ptolemy.util.test.junit.TclTests" name="[9] /home/travis/build/icyphy/ptII/ptolemy/actor/lib/test/DiscreteRandomSource.tcl (RunTclFile)" time="0.047" />
  <testcase classname="ptolemy.util.test.junit.TclTests" name="[10] /home/travis/build/icyphy/ptII/ptolemy/actor/lib/test/Distributor.tcl (RunTclFile)" time="0.075" />
  <testcase classname="ptolemy.util.test.junit.TclTests" name="[11] /home/travis/build/icyphy/ptII/ptolemy/actor/lib/test/Exit.tcl (RunTclFile)" time="0.052" />
  <testcase classname="ptolemy.util.test.junit.TclTests" name="[12] /home/travis/build/icyphy/ptII/ptolemy/actor/lib/test/Expression.tcl (RunTclFile)" time="0.086" />
  <testcase classname="ptolemy.util.test.junit.TclTests" name="[13] /home/travis/build/icyphy/ptII/ptolemy/actor/lib/test/Gaussian.tcl (RunTclFile)" time="0.078" />
  <testcase classname="ptolemy.util.test.junit.TclTests" name="[14] /home/travis/build/icyphy/ptII/ptolemy/actor/lib/test/IIR.tcl (RunTclFile)" time="0.041" />
  <testcase classname="ptolemy.util.test.junit.TclTests" name="[15] /home/travis/build/icyphy/ptII/ptolemy/actor/lib/test/Interpolator.tcl (RunTclFile)" time="0.1" />
  <testcase classname="ptolemy.util.test.junit.TclTests" name="[16] /home/travis/build/icyphy/ptII/ptolemy/actor/lib/test/MathFunction.tcl (RunTclFile)" time="0.092" />
  <testcase classname="ptolemy.util.test.junit.TclTests" name="[17] /home/travis/build/icyphy/ptII/ptolemy/actor/lib/test/Maximum.tcl (RunTclFile)" time="0.038" />
  <testcase classname="ptolemy.util.test.junit.TclTests" name="[18] /home/travis/build/icyphy/ptII/ptolemy/actor/lib/test/Minimum.tcl (RunTclFile)" time="0.028" />
  <testcase classname="ptolemy.util.test.junit.TclTests" name="[19] /home/travis/build/icyphy/ptII/ptolemy/actor/lib/test/MultiplyDivide.tcl (RunTclFile)" time="0.035" />
  <testcase classname="ptolemy.util.test.junit.TclTests" name="[20] /home/travis/build/icyphy/ptII/ptolemy/actor/lib/test/OrderedMerge.tcl (RunTclFile)" time="0.098" />
  <testcase classname="ptolemy.util.test.junit.TclTests" name="[21] /home/travis/build/icyphy/ptII/ptolemy/actor/lib/test/Publisher.tcl (RunTclFile)" time="0.667" />
  <testcase classname="ptolemy.util.test.junit.TclTests" name="[22] /home/travis/build/icyphy/ptII/ptolemy/actor/lib/test/Pulse.tcl (RunTclFile)" time="0.036" />
  <testcase classname="ptolemy.util.test.junit.TclTests" name="[23] /home/travis/build/icyphy/ptII/ptolemy/actor/lib/test/Ramp.tcl (RunTclFile)" time="1.818" />
  <testcase classname="ptolemy.util.test.junit.TclTests" name="[24] /home/travis/build/icyphy/ptII/ptolemy/actor/lib/test/RampContinuous.tcl (RunTclFile)" time="0.018" />
  <testcase classname="ptolemy.util.test.junit.TclTests" name="[25] /home/travis/build/icyphy/ptII/ptolemy/actor/lib/test/RecordAssembler.tcl (RunTclFile)" time="0.014" />
  <testcase classname="ptolemy.util.test.junit.TclTests" name="[26] /home/travis/build/icyphy/ptII/ptolemy/actor/lib/test/RecordDisassembler.tcl (RunTclFile)" time="0.017" />
  <testcase classname="ptolemy.util.test.junit.TclTests" name="[27] /home/travis/build/icyphy/ptII/ptolemy/actor/lib/test/Scale.tcl (RunTclFile)" time="0.017" />
  <testcase classname="ptolemy.util.test.junit.TclTests" name="[28] /home/travis/build/icyphy/ptII/ptolemy/actor/lib/test/SequentialClock.tcl (RunTclFile)" time="0.012" />
  <testcase classname="ptolemy.util.test.junit.TclTests" name="[29] /home/travis/build/icyphy/ptII/ptolemy/actor/lib/test/SetVariable.tcl (RunTclFile)" time="0.012" />
  <testcase classname="ptolemy.util.test.junit.TclTests" name="[30] /home/travis/build/icyphy/ptII/ptolemy/actor/lib/test/Sinewave.tcl (RunTclFile)" time="0.027" />
  <testcase classname="ptolemy.util.test.junit.TclTests" name="[31] /home/travis/build/icyphy/ptII/ptolemy/actor/lib/test/SubscriptionAggregator.tcl (RunTclFile)" time="1.912" />
  <testcase classname="ptolemy.util.test.junit.TclTests" name="[32] /home/travis/build/icyphy/ptII/ptolemy/actor/lib/test/Test.tcl (RunTclFile)" time="0.085" />
  <testcase classname="ptolemy.util.test.junit.TclTests" name="[33] /home/travis/build/icyphy/ptII/ptolemy/actor/lib/test/TestExceptionHandler.tcl (RunTclFile)" time="0.01" />
  <testcase classname="ptolemy.util.test.junit.TclTests" name="[34] /home/travis/build/icyphy/ptII/ptolemy/actor/lib/test/UnionDisassembler.tcl (RunTclFile)" time="0.054" />
  <testcase classname="ptolemy.util.test.junit.TclTests" name="[35] /home/travis/build/icyphy/ptII/ptolemy/actor/lib/test/VariableClock.tcl (RunTclFile)" time="0.027" />
  <testcase classname="ptolemy.util.test.junit.AutoKnownFailedTests" name="[0] /home/travis/build/icyphy/ptII/ptolemy/actor/lib/test/auto/knownFailedTests/PublisherPortToplevelSubscriber.xml (RunModel)" time="0.019" />
  <testcase classname="ptolemy.util.test.junit.AutoKnownFailedTests" name="[1] /home/travis/build/icyphy/ptII/ptolemy/actor/lib/test/auto/knownFailedTests/PublisherSubscriberPortToplevel.xml (RunModel)" time="0.022" />
  <testcase classname="ptolemy.util.test.junit.AutoKnownFailedTests" name="[2] /home/travis/build/icyphy/ptII/ptolemy/actor/lib/test/auto/knownFailedTests/PublisherSubscriptionAggregatorPort.xml (RunModel)" time="0.012" />
  <testcase classname="ptolemy.util.test.junit.AutoKnownFailedTests" name="[3] /home/travis/build/icyphy/ptII/ptolemy/actor/lib/test/auto/knownFailedTests/sizedarray3.xml (RunModel)" time="0.023" />
  <testcase classname="ptolemy.util.test.junit.AutoNameArchTests" name="[0] ThereAreNoAutoArchTests (RunModel)" time="0.0" />
  <testcase classname="ptolemy.util.test.junit.AutoTests" name="[0] /home/travis/build/icyphy/ptII/ptolemy/actor/lib/test/auto/AbsoluteValue.xml (RunModel)" time="0.058" />
  <testcase classname="ptolemy.util.test.junit.AutoTests" name="[1] /home/travis/build/icyphy/ptII/ptolemy/actor/lib/test/auto/AbsoluteValue2.xml (RunModel)" time="0.051" />
  <testcase classname="ptolemy.util.test.junit.AutoTests" name="[2] /home/travis/build/icyphy/ptII/ptolemy/actor/lib/test/auto/Accumulator.xml (RunModel)" time="0.071" />
  <testcase classname="ptolemy.util.test.junit.AutoTests" name="[3] /home/travis/build/icyphy/ptII/ptolemy/actor/lib/test/auto/Accumulator2.xml (RunModel)" time="0.051" />
  <testcase classname="ptolemy.util.test.junit.AutoTests" name="[4] /home/travis/build/icyphy/ptII/ptolemy/actor/lib/test/auto/Accumulator3.xml (RunModel)" time="0.045" />
  <testcase classname="ptolemy.util.test.junit.AutoTests" name="[5] /home/travis/build/icyphy/ptII/ptolemy/actor/lib/test/auto/ArrayAppend.xml (RunModel)" time="0.066" />
  <testcase classname="ptolemy.util.test.junit.AutoTests" name="[6] /home/travis/build/icyphy/ptII/ptolemy/actor/lib/test/auto/ArrayAppend2.xml (RunModel)" time="0.658" />
  <testcase classname="ptolemy.util.test.junit.AutoTests" name="[7] /home/travis/build/icyphy/ptII/ptolemy/actor/lib/test/auto/ArrayAppend3.xml (RunModel)" time="0.019" />
  <testcase classname="ptolemy.util.test.junit.AutoTests" name="[8] /home/travis/build/icyphy/ptII/ptolemy/actor/lib/test/auto/ArrayAppend4.xml (RunModel)" time="0.033" />
  <testcase classname="ptolemy.util.test.junit.AutoTests" name="[9] /home/travis/build/icyphy/ptII/ptolemy/actor/lib/test/auto/ArrayAppend5.xml (RunModel)" time="0.094" />
  <testcase classname="ptolemy.util.test.junit.AutoTests" name="[10] /home/travis/build/icyphy/ptII/ptolemy/actor/lib/test/auto/ArrayAppend6.xml (RunModel)" time="0.025" />
  <testcase classname="ptolemy.util.test.junit.AutoTests" name="[11] /home/travis/build/icyphy/ptII/ptolemy/actor/lib/test/auto/ArrayAppendPerformanceTest.xml (RunModel)" time="0.041" />
  <testcase classname="ptolemy.util.test.junit.AutoTests" name="[12] /home/travis/build/icyphy/ptII/ptolemy/actor/lib/test/auto/ArrayAppendWithEmptyInput.xml (RunModel)" time="0.057" />
  <testcase classname="ptolemy.util.test.junit.AutoTests" name="[13] /home/travis/build/icyphy/ptII/ptolemy/actor/lib/test/auto/ArrayAverage.xml (RunModel)" time="0.06" />
  <testcase classname="ptolemy.util.test.junit.AutoTests" name="[14] /home/travis/build/icyphy/ptII/ptolemy/actor/lib/test/auto/ArrayContains.xml (RunModel)" time="0.034" />
  <testcase classname="ptolemy.util.test.junit.AutoTests" name="[15] /home/travis/build/icyphy/ptII/ptolemy/actor/lib/test/auto/ArrayElement.xml (RunModel)" time="0.035" />
  <testcase classname="ptolemy.util.test.junit.AutoTests" name="[16] /home/travis/build/icyphy/ptII/ptolemy/actor/lib/test/auto/ArrayElementAsMatrix.xml (RunModel)" time="0.065" />
  <testcase classname="ptolemy.util.test.junit.AutoTests" name="[17] /home/travis/build/icyphy/ptII/ptolemy/actor/lib/test/auto/ArrayElementI.xml (RunModel)" time="0.02" />
  <testcase classname="ptolemy.util.test.junit.AutoTests" name="[18] /home/travis/build/icyphy/ptII/ptolemy/actor/lib/test/auto/ArrayExtract.xml (RunModel)" time="0.041" />
  <testcase classname="ptolemy.util.test.junit.AutoTests" name="[19] /home/travis/build/icyphy/ptII/ptolemy/actor/lib/test/auto/ArrayExtract2.xml (RunModel)" time="0.016" />
  <testcase classname="ptolemy.util.test.junit.AutoTests" name="[20] /home/travis/build/icyphy/ptII/ptolemy/actor/lib/test/auto/ArrayLength.xml (RunModel)" time="0.017" />
  <testcase classname="ptolemy.util.test.junit.AutoTests" name="[21] /home/travis/build/icyphy/ptII/ptolemy/actor/lib/test/auto/ArrayLevelCrossing.xml (RunModel)" time="0.029" />
  <testcase classname="ptolemy.util.test.junit.AutoTests" name="[22] /home/travis/build/icyphy/ptII/ptolemy/actor/lib/test/auto/ArrayLevelCrossing2.xml (RunModel)" time="0.024" />
  <testcase classname="ptolemy.util.test.junit.AutoTests" name="[23] /home/travis/build/icyphy/ptII/ptolemy/actor/lib/test/auto/ArrayPeakSearch.xml (RunModel)" time="0.032" />
  <testcase classname="ptolemy.util.test.junit.AutoTests" name="[24] /home/travis/build/icyphy/ptII/ptolemy/actor/lib/test/auto/ArrayPeakSearch2.xml (RunModel)" time="0.034" />
  <testcase classname="ptolemy.util.test.junit.AutoTests" name="[25] /home/travis/build/icyphy/ptII/ptolemy/actor/lib/test/auto/ArrayPeakSearch3.xml (RunModel)" time="0.033" />
  <testcase classname="ptolemy.util.test.junit.AutoTests" name="[26] /home/travis/build/icyphy/ptII/ptolemy/actor/lib/test/auto/ArrayRemoveElement.xml (RunModel)" time="0.03" />
  <testcase classname="ptolemy.util.test.junit.AutoTests" name="[27] /home/travis/build/icyphy/ptII/ptolemy/actor/lib/test/auto/ArraySort.xml (RunModel)" time="0.029" />
  <testcase classname="ptolemy.util.test.junit.AutoTests" name="[28] /home/travis/build/icyphy/ptII/ptolemy/actor/lib/test/auto/ArraySum.xml (RunModel)" time="0.015" />
  <testcase classname="ptolemy.util.test.junit.AutoTests" name="[29] /home/travis/build/icyphy/ptII/ptolemy/actor/lib/test/auto/ArrayToElements.xml (RunModel)" time="0.021" />
  <testcase classname="ptolemy.util.test.junit.AutoTests" name="[30] /home/travis/build/icyphy/ptII/ptolemy/actor/lib/test/auto/ArrayToMatrix.xml (RunModel)" time="0.057" />
  <testcase classname="ptolemy.util.test.junit.AutoTests" name="[31] /home/travis/build/icyphy/ptII/ptolemy/actor/lib/test/auto/ArrayUpdate1.xml (RunModel)" time="0.017" />
  <testcase classname="ptolemy.util.test.junit.AutoTests" name="[32] /home/travis/build/icyphy/ptII/ptolemy/actor/lib/test/auto/ArrayUpdate2.xml (RunModel)" time="0.021" />
  <testcase classname="ptolemy.util.test.junit.AutoTests" name="[33] /home/travis/build/icyphy/ptII/ptolemy/actor/lib/test/auto/ArrayUpdate3.xml (RunModel)" time="0.015" />
  <testcase classname="ptolemy.util.test.junit.AutoTests" name="[34] /home/travis/build/icyphy/ptII/ptolemy/actor/lib/test/auto/Assert1.xml (RunModel)" time="0.034" />
  <testcase classname="ptolemy.util.test.junit.AutoTests" name="[35] /home/travis/build/icyphy/ptII/ptolemy/actor/lib/test/auto/Assert2.xml (RunModel)" time="0.016" />
  <testcase classname="ptolemy.util.test.junit.AutoTests" name="[36] /home/travis/build/icyphy/ptII/ptolemy/actor/lib/test/auto/BooleanMultiplexor.xml (RunModel)" time="0.016" />
  <testcase classname="ptolemy.util.test.junit.AutoTests" name="[37] /home/travis/build/icyphy/ptII/ptolemy/actor/lib/test/auto/BooleanMultiplexor2.xml (RunModel)" time="0.026" />
  <testcase classname="ptolemy.util.test.junit.AutoTests" name="[38] /home/travis/build/icyphy/ptII/ptolemy/actor/lib/test/auto/BooleanMultiplexor3.xml (RunModel)" time="0.029" />
  <testcase classname="ptolemy.util.test.junit.AutoTests" name="[39] /home/travis/build/icyphy/ptII/ptolemy/actor/lib/test/auto/BooleanSelect.xml (RunModel)" time="0.027" />
  <testcase classname="ptolemy.util.test.junit.AutoTests" name="[40] /home/travis/build/icyphy/ptII/ptolemy/actor/lib/test/auto/BooleanSelect2.xml (RunModel)" time="0.014" />
  <testcase classname="ptolemy.util.test.junit.AutoTests" name="[41] /home/travis/build/icyphy/ptII/ptolemy/actor/lib/test/auto/BooleanSwitch.xml (RunModel)" time="0.02" />
  <testcase classname="ptolemy.util.test.junit.AutoTests" name="[42] /home/travis/build/icyphy/ptII/ptolemy/actor/lib/test/auto/BooleanSwitch2.xml (RunModel)" time="0.013" />
  <testcase classname="ptolemy.util.test.junit.AutoTests" name="[43] /home/travis/build/icyphy/ptII/ptolemy/actor/lib/test/auto/BooleanSwitchCloningBugWithClassRelationGroup.xml (RunModel)" time="0.039" />
  <testcase classname="ptolemy.util.test.junit.AutoTests" name="[44] /home/travis/build/icyphy/ptII/ptolemy/actor/lib/test/auto/BusActors.xml (RunModel)" time="0.088" />
  <testcase classname="ptolemy.util.test.junit.AutoTests" name="[45] /home/travis/build/icyphy/ptII/ptolemy/actor/lib/test/auto/ClassWrapper.xml (RunModel)" time="0.011" />
  <testcase classname="ptolemy.util.test.junit.AutoTests" name="[46] /home/travis/build/icyphy/ptII/ptolemy/actor/lib/test/auto/Clock.xml (RunModel)" time="0.013" />
  <testcase classname="ptolemy.util.test.junit.AutoTests" name="[47] /home/travis/build/icyphy/ptII/ptolemy/actor/lib/test/auto/Clock10.xml (RunModel)" time="0.016" />
  <testcase classname="ptolemy.util.test.junit.AutoTests" name="[48] /home/travis/build/icyphy/ptII/ptolemy/actor/lib/test/auto/Clock11.xml (RunModel)" time="0.022" />
  <testcase classname="ptolemy.util.test.junit.AutoTests" name="[49] /home/travis/build/icyphy/ptII/ptolemy/actor/lib/test/auto/Clock12.xml (RunModel)" time="0.021" />
  <testcase classname="ptolemy.util.test.junit.AutoTests" name="[50] /home/travis/build/icyphy/ptII/ptolemy/actor/lib/test/auto/Clock13.xml (RunModel)" time="0.023" />
  <testcase classname="ptolemy.util.test.junit.AutoTests" name="[51] /home/travis/build/icyphy/ptII/ptolemy/actor/lib/test/auto/Clock14.xml (RunModel)" time="0.018" />
  <testcase classname="ptolemy.util.test.junit.AutoTests" name="[52] /home/travis/build/icyphy/ptII/ptolemy/actor/lib/test/auto/Clock15.xml (RunModel)" time="0.021" />
  <testcase classname="ptolemy.util.test.junit.AutoTests" name="[53] /home/travis/build/icyphy/ptII/ptolemy/actor/lib/test/auto/Clock16.xml (RunModel)" time="0.096" />
  <testcase classname="ptolemy.util.test.junit.AutoTests" name="[54] /home/travis/build/icyphy/ptII/ptolemy/actor/lib/test/auto/Clock17.xml (RunModel)" time="0.064" />
  <testcase classname="ptolemy.util.test.junit.AutoTests" name="[55] /home/travis/build/icyphy/ptII/ptolemy/actor/lib/test/auto/Clock18.xml (RunModel)" time="0.039" />
  <testcase classname="ptolemy.util.test.junit.AutoTests" name="[56] /home/travis/build/icyphy/ptII/ptolemy/actor/lib/test/auto/Clock19.xml (RunModel)" time="0.034" />
  <testcase classname="ptolemy.util.test.junit.AutoTests" name="[57] /home/travis/build/icyphy/ptII/ptolemy/actor/lib/test/auto/Clock2.xml (RunModel)" time="0.013" />
  <testcase classname="ptolemy.util.test.junit.AutoTests" name="[58] /home/travis/build/icyphy/ptII/ptolemy/actor/lib/test/auto/Clock20.xml (RunModel)" time="0.019" />
  <testcase classname="ptolemy.util.test.junit.AutoTests" name="[59] /home/travis/build/icyphy/ptII/ptolemy/actor/lib/test/auto/Clock21.xml (RunModel)" time="0.015" />
  <testcase classname="ptolemy.util.test.junit.AutoTests" name="[60] /home/travis/build/icyphy/ptII/ptolemy/actor/lib/test/auto/Clock22.xml (RunModel)" time="0.012" />
  <testcase classname="ptolemy.util.test.junit.AutoTests" name="[61] /home/travis/build/icyphy/ptII/ptolemy/actor/lib/test/auto/Clock23.xml (RunModel)" time="0.022" />
  <testcase classname="ptolemy.util.test.junit.AutoTests" name="[62] /home/travis/build/icyphy/ptII/ptolemy/actor/lib/test/auto/Clock24.xml (RunModel)" time="0.017" />
  <testcase classname="ptolemy.util.test.junit.AutoTests" name="[63] /home/travis/build/icyphy/ptII/ptolemy/actor/lib/test/auto/Clock4.xml (RunModel)" time="0.016" />
  <testcase classname="ptolemy.util.test.junit.AutoTests" name="[64] /home/travis/build/icyphy/ptII/ptolemy/actor/lib/test/auto/Clock5.xml (RunModel)" time="0.012" />
  <testcase classname="ptolemy.util.test.junit.AutoTests" name="[65] /home/travis/build/icyphy/ptII/ptolemy/actor/lib/test/auto/Clock6.xml (RunModel)" time="0.016" />
  <testcase classname="ptolemy.util.test.junit.AutoTests" name="[66] /home/travis/build/icyphy/ptII/ptolemy/actor/lib/test/auto/Clock7.xml (RunModel)" time="0.01" />
  <testcase classname="ptolemy.util.test.junit.AutoTests" name="[67] /home/travis/build/icyphy/ptII/ptolemy/actor/lib/test/auto/Clock8.xml (RunModel)" time="0.012" />
  <testcase classname="ptolemy.util.test.junit.AutoTests" name="[68] /home/travis/build/icyphy/ptII/ptolemy/actor/lib/test/auto/Clock9.xml (RunModel)" time="0.013" />
  <testcase classname="ptolemy.util.test.junit.AutoTests" name="[69] /home/travis/build/icyphy/ptII/ptolemy/actor/lib/test/auto/CommDistDiscard.xml (RunModel)" time="0.022" />
  <testcase classname="ptolemy.util.test.junit.AutoTests" name="[70] /home/travis/build/icyphy/ptII/ptolemy/actor/lib/test/auto/Commutator.xml (RunModel)" time="0.014" />
  <testcase classname="ptolemy.util.test.junit.AutoTests" name="[71] /home/travis/build/icyphy/ptII/ptolemy/actor/lib/test/auto/Commutator2.xml (RunModel)" time="0.012" />
  <testcase classname="ptolemy.util.test.junit.AutoTests" name="[72] /home/travis/build/icyphy/ptII/ptolemy/actor/lib/test/auto/Commutator3.xml (RunModel)" time="0.013" />
  <testcase classname="ptolemy.util.test.junit.AutoTests" name="[73] /home/travis/build/icyphy/ptII/ptolemy/actor/lib/test/auto/Compare.xml (RunModel)" time="0.019" />
  <testcase classname="ptolemy.util.test.junit.AutoTests" name="[74] /home/travis/build/icyphy/ptII/ptolemy/actor/lib/test/auto/CompareDE.xml (RunModel)" time="0.021" />
  <testcase classname="ptolemy.util.test.junit.AutoTests" name="[75] /home/travis/build/icyphy/ptII/ptolemy/actor/lib/test/auto/ComplexDivide.xml (RunModel)" time="0.009" />
  <testcase classname="ptolemy.util.test.junit.AutoTests" name="[76] /home/travis/build/icyphy/ptII/ptolemy/actor/lib/test/auto/ComputeHistogram.xml (RunModel)" time="0.069" />
  <testcase classname="ptolemy.util.test.junit.AutoTests" name="[77] /home/travis/build/icyphy/ptII/ptolemy/actor/lib/test/auto/ConfigurationSelect.xml (RunModel)" time="0.019" />
  <testcase classname="ptolemy.util.test.junit.AutoTests" name="[78] /home/travis/build/icyphy/ptII/ptolemy/actor/lib/test/auto/ConfigurationSelect2.xml (RunModel)" time="0.014" />
  <testcase classname="ptolemy.util.test.junit.AutoTests" name="[79] /home/travis/build/icyphy/ptII/ptolemy/actor/lib/test/auto/ConfigurationSwitch.xml (RunModel)" time="0.028" />
  <testcase classname="ptolemy.util.test.junit.AutoTests" name="[80] /home/travis/build/icyphy/ptII/ptolemy/actor/lib/test/auto/ConfigurationSwitch2.xml (RunModel)" time="0.016" />
  <testcase classname="ptolemy.util.test.junit.AutoTests" name="[81] /home/travis/build/icyphy/ptII/ptolemy/actor/lib/test/auto/ConfigurationSwitchCloningBugWithClassRelationGroup.xml (RunModel)" time="0.018" />
  <testcase classname="ptolemy.util.test.junit.AutoTests" name="[82] /home/travis/build/icyphy/ptII/ptolemy/actor/lib/test/auto/ConfigurationSwitchSelectSDF.xml (RunModel)" time="0.016" />
  <testcase classname="ptolemy.util.test.junit.AutoTests" name="[83] /home/travis/build/icyphy/ptII/ptolemy/actor/lib/test/auto/ConfigurationSwitchSelectSDF2.xml (RunModel)" time="0.015" />
  <testcase classname="ptolemy.util.test.junit.AutoTests" name="[84] /home/travis/build/icyphy/ptII/ptolemy/actor/lib/test/auto/Const.xml (RunModel)" time="0.008" />
  <testcase classname="ptolemy.util.test.junit.AutoTests" name="[85] /home/travis/build/icyphy/ptII/ptolemy/actor/lib/test/auto/Const2.xml (RunModel)" time="0.011" />
  <testcase classname="ptolemy.util.test.junit.AutoTests" name="[86] /home/travis/build/icyphy/ptII/ptolemy/actor/lib/test/auto/Const3.xml (RunModel)" time="0.008" />
  <testcase classname="ptolemy.util.test.junit.AutoTests" name="[87] /home/travis/build/icyphy/ptII/ptolemy/actor/lib/test/auto/ConstantPublisherPort1.xml (RunModel)" time="0.021" />
  <testcase classname="ptolemy.util.test.junit.AutoTests" name="[88] /home/travis/build/icyphy/ptII/ptolemy/actor/lib/test/auto/ConstantPublisherPort2.xml (RunModel)" time="0.02" />
  <testcase classname="ptolemy.util.test.junit.AutoTests" name="[89] /home/travis/build/icyphy/ptII/ptolemy/actor/lib/test/auto/ConstantPublisherPort3.xml (RunModel)" time="0.024" />
  <testcase classname="ptolemy.util.test.junit.AutoTests" name="[90] /home/travis/build/icyphy/ptII/ptolemy/actor/lib/test/auto/ConstantPublisherPort4.xml (RunModel)" time="0.019" />
  <testcase classname="ptolemy.util.test.junit.AutoTests" name="[91] /home/travis/build/icyphy/ptII/ptolemy/actor/lib/test/auto/ConstantPublisherPort5.xml (RunModel)" time="0.047" />
  <testcase classname="ptolemy.util.test.junit.AutoTests" name="[92] /home/travis/build/icyphy/ptII/ptolemy/actor/lib/test/auto/ConstantPublisherPort6.xml (RunModel)" time="0.033" />
  <testcase classname="ptolemy.util.test.junit.AutoTests" name="[93] /home/travis/build/icyphy/ptII/ptolemy/actor/lib/test/auto/ConstantPublisherPort7.xml (RunModel)" time="0.032" />
  <testcase classname="ptolemy.util.test.junit.AutoTests" name="[94] /home/travis/build/icyphy/ptII/ptolemy/actor/lib/test/auto/ConstraintMonitor1.xml (RunModel)" time="0.036" />
  <testcase classname="ptolemy.util.test.junit.AutoTests" name="[95] /home/travis/build/icyphy/ptII/ptolemy/actor/lib/test/auto/ConstraintMonitor2.xml (RunModel)" time="0.014" />
  <testcase classname="ptolemy.util.test.junit.AutoTests" name="[96] /home/travis/build/icyphy/ptII/ptolemy/actor/lib/test/auto/ConstraintMonitor3.xml (RunModel)" time="0.011" />
  <testcase classname="ptolemy.util.test.junit.AutoTests" name="[97] /home/travis/build/icyphy/ptII/ptolemy/actor/lib/test/auto/ConstraintMonitor4.xml (RunModel)" time="0.05" />
  <testcase classname="ptolemy.util.test.junit.AutoTests" name="[98] /home/travis/build/icyphy/ptII/ptolemy/actor/lib/test/auto/ConstraintMonitor5.xml (RunModel)" time="0.016" />
  <testcase classname="ptolemy.util.test.junit.AutoTests" name="[99] /home/travis/build/icyphy/ptII/ptolemy/actor/lib/test/auto/ConstraintMonitor6.xml (RunModel)" time="0.017" />
  <testcase classname="ptolemy.util.test.junit.AutoTests" name="[100] /home/travis/build/icyphy/ptII/ptolemy/actor/lib/test/auto/ConstraintMonitor7.xml (RunModel)" time="0.018" />
  <testcase classname="ptolemy.util.test.junit.AutoTests" name="[101] /home/travis/build/icyphy/ptII/ptolemy/actor/lib/test/auto/ConstraintMonitor8.xml (RunModel)" time="0.016" />
  <testcase classname="ptolemy.util.test.junit.AutoTests" name="[102] /home/travis/build/icyphy/ptII/ptolemy/actor/lib/test/auto/Counter.xml (RunModel)" time="0.011" />
  <testcase classname="ptolemy.util.test.junit.AutoTests" name="[103] /home/travis/build/icyphy/ptII/ptolemy/actor/lib/test/auto/CurrentTimeSDF.xml (RunModel)" time="0.009" />
  <testcase classname="ptolemy.util.test.junit.AutoTests" name="[104] /home/travis/build/icyphy/ptII/ptolemy/actor/lib/test/auto/DB.xml (RunModel)" time="0.01" />
  <testcase classname="ptolemy.util.test.junit.AutoTests" name="[105] /home/travis/build/icyphy/ptII/ptolemy/actor/lib/test/auto/DBDE.xml (RunModel)" time="0.013" />
  <testcase classname="ptolemy.util.test.junit.AutoTests" name="[106] /home/travis/build/icyphy/ptII/ptolemy/actor/lib/test/auto/DateConstructor.xml (RunModel)" time="0.052" />
  <testcase classname="ptolemy.util.test.junit.AutoTests" name="[107] /home/travis/build/icyphy/ptII/ptolemy/actor/lib/test/auto/DelayTime.xml (RunModel)" time="0.015" />
  <testcase classname="ptolemy.util.test.junit.AutoTests" name="[108] /home/travis/build/icyphy/ptII/ptolemy/actor/lib/test/auto/Dictionary1.xml (RunModel)" time="0.015" />
  <testcase classname="ptolemy.util.test.junit.AutoTests" name="[109] /home/travis/build/icyphy/ptII/ptolemy/actor/lib/test/auto/Dictionary2.xml (RunModel)" time="0.012" />
  <testcase classname="ptolemy.util.test.junit.AutoTests" name="[110] /home/travis/build/icyphy/ptII/ptolemy/actor/lib/test/auto/Dictionary3.xml (RunModel)" time="0.012" />
  <testcase classname="ptolemy.util.test.junit.AutoTests" name="[111] /home/travis/build/icyphy/ptII/ptolemy/actor/lib/test/auto/Dictionary4.xml (RunModel)" time="0.015" />
  <testcase classname="ptolemy.util.test.junit.AutoTests" name="[112] /home/travis/build/icyphy/ptII/ptolemy/actor/lib/test/auto/Differential.xml (RunModel)" time="0.011" />
  <testcase classname="ptolemy.util.test.junit.AutoTests" name="[113] /home/travis/build/icyphy/ptII/ptolemy/actor/lib/test/auto/Director.xml (RunModel)" time="0.013" />
  <testcase classname="ptolemy.util.test.junit.AutoTests" name="[114] /home/travis/build/icyphy/ptII/ptolemy/actor/lib/test/auto/DiscreteClock.xml (RunModel)" time="0.008" />
  <testcase classname="ptolemy.util.test.junit.AutoTests" name="[115] /home/travis/build/icyphy/ptII/ptolemy/actor/lib/test/auto/DiscreteClock10.xml (RunModel)" time="0.012" />
  <testcase classname="ptolemy.util.test.junit.AutoTests" name="[116] /home/travis/build/icyphy/ptII/ptolemy/actor/lib/test/auto/DiscreteClock11.xml (RunModel)" time="0.013" />
  <testcase classname="ptolemy.util.test.junit.AutoTests" name="[117] /home/travis/build/icyphy/ptII/ptolemy/actor/lib/test/auto/DiscreteClock12.xml (RunModel)" time="0.012" />
  <testcase classname="ptolemy.util.test.junit.AutoTests" name="[118] /home/travis/build/icyphy/ptII/ptolemy/actor/lib/test/auto/DiscreteClock13.xml (RunModel)" time="0.014" />
  <testcase classname="ptolemy.util.test.junit.AutoTests" name="[119] /home/travis/build/icyphy/ptII/ptolemy/actor/lib/test/auto/DiscreteClock14.xml (RunModel)" time="0.021" />
  <testcase classname="ptolemy.util.test.junit.AutoTests" name="[120] /home/travis/build/icyphy/ptII/ptolemy/actor/lib/test/auto/DiscreteClock15.xml (RunModel)" time="0.012" />
  <testcase classname="ptolemy.util.test.junit.AutoTests" name="[121] /home/travis/build/icyphy/ptII/ptolemy/actor/lib/test/auto/DiscreteClock16.xml (RunModel)" time="0.039" />
  <testcase classname="ptolemy.util.test.junit.AutoTests" name="[122] /home/travis/build/icyphy/ptII/ptolemy/actor/lib/test/auto/DiscreteClock17.xml (RunModel)" time="0.473" />
  <testcase classname="ptolemy.util.test.junit.AutoTests" name="[123] /home/travis/build/icyphy/ptII/ptolemy/actor/lib/test/auto/DiscreteClock18.xml (RunModel)" time="0.03" />
  <testcase classname="ptolemy.util.test.junit.AutoTests" name="[124] /home/travis/build/icyphy/ptII/ptolemy/actor/lib/test/auto/DiscreteClock19.xml (RunModel)" time="0.031" />
  <testcase classname="ptolemy.util.test.junit.AutoTests" name="[125] /home/travis/build/icyphy/ptII/ptolemy/actor/lib/test/auto/DiscreteClock2.xml (RunModel)" time="0.008" />
  <testcase classname="ptolemy.util.test.junit.AutoTests" name="[126] /home/travis/build/icyphy/ptII/ptolemy/actor/lib/test/auto/DiscreteClock20.xml (RunModel)" time="0.013" />
  <testcase classname="ptolemy.util.test.junit.AutoTests" name="[127] /home/travis/build/icyphy/ptII/ptolemy/actor/lib/test/auto/DiscreteClock21.xml (RunModel)" time="0.024" />
  <testcase classname="ptolemy.util.test.junit.AutoTests" name="[128] /home/travis/build/icyphy/ptII/ptolemy/actor/lib/test/auto/DiscreteClock22.xml (RunModel)" time="0.012" />
  <testcase classname="ptolemy.util.test.junit.AutoTests" name="[129] /home/travis/build/icyphy/ptII/ptolemy/actor/lib/test/auto/DiscreteClock23.xml (RunModel)" time="0.015" />
  <testcase classname="ptolemy.util.test.junit.AutoTests" name="[130] /home/travis/build/icyphy/ptII/ptolemy/actor/lib/test/auto/DiscreteClock24.xml (RunModel)" time="0.014" />
  <testcase classname="ptolemy.util.test.junit.AutoTests" name="[131] /home/travis/build/icyphy/ptII/ptolemy/actor/lib/test/auto/DiscreteClock4.xml (RunModel)" time="0.01" />
  <testcase classname="ptolemy.util.test.junit.AutoTests" name="[132] /home/travis/build/icyphy/ptII/ptolemy/actor/lib/test/auto/DiscreteClock5.xml (RunModel)" time="0.009" />
  <testcase classname="ptolemy.util.test.junit.AutoTests" name="[133] /home/travis/build/icyphy/ptII/ptolemy/actor/lib/test/auto/DiscreteClock6.xml (RunModel)" time="0.008" />
  <testcase classname="ptolemy.util.test.junit.AutoTests" name="[134] /home/travis/build/icyphy/ptII/ptolemy/actor/lib/test/auto/DiscreteClock7.xml (RunModel)" time="0.01" />
  <testcase classname="ptolemy.util.test.junit.AutoTests" name="[135] /home/travis/build/icyphy/ptII/ptolemy/actor/lib/test/auto/DiscreteClock8.xml (RunModel)" time="0.014" />
  <testcase classname="ptolemy.util.test.junit.AutoTests" name="[136] /home/travis/build/icyphy/ptII/ptolemy/actor/lib/test/auto/DiscreteClock9.xml (RunModel)" time="0.016" />
  <testcase classname="ptolemy.util.test.junit.AutoTests" name="[137] /home/travis/build/icyphy/ptII/ptolemy/actor/lib/test/auto/DisplayArray.xml (RunModel)" time="0.008" />
  <testcase classname="ptolemy.util.test.junit.AutoTests" name="[138] /home/travis/build/icyphy/ptII/ptolemy/actor/lib/test/auto/Distributor.xml (RunModel)" time="0.009" />
  <testcase classname="ptolemy.util.test.junit.AutoTests" name="[139] /home/travis/build/icyphy/ptII/ptolemy/actor/lib/test/auto/Distributor2.xml (RunModel)" time="0.012" />
  <testcase classname="ptolemy.util.test.junit.AutoTests" name="[140] /home/travis/build/icyphy/ptII/ptolemy/actor/lib/test/auto/DownSample.xml (RunModel)" time="0.009" />
  <testcase classname="ptolemy.util.test.junit.AutoTests" name="[141] /home/travis/build/icyphy/ptII/ptolemy/actor/lib/test/auto/ElectronicUnitBase1.xml (RunModel)" time="0.058" />
  <testcase classname="ptolemy.util.test.junit.AutoTests" name="[142] /home/travis/build/icyphy/ptII/ptolemy/actor/lib/test/auto/ElementsToArray.xml (RunModel)" time="0.011" />
  <testcase classname="ptolemy.util.test.junit.AutoTests" name="[143] /home/travis/build/icyphy/ptII/ptolemy/actor/lib/test/auto/Equals.xml (RunModel)" time="0.01" />
  <testcase classname="ptolemy.util.test.junit.AutoTests" name="[144] /home/travis/build/icyphy/ptII/ptolemy/actor/lib/test/auto/Exec.xml (RunModel)" time="0.018" />
  <testcase classname="ptolemy.util.test.junit.AutoTests" name="[145] /home/travis/build/icyphy/ptII/ptolemy/actor/lib/test/auto/ExecEnvironment.xml (RunModel)" time="0.041" />
  <testcase classname="ptolemy.util.test.junit.AutoTests" name="[146] /home/travis/build/icyphy/ptII/ptolemy/actor/lib/test/auto/ExecNonZeroReturnOutput.xml (RunModel)" time="0.138" />
  <testcase classname="ptolemy.util.test.junit.AutoTests" name="[147] /home/travis/build/icyphy/ptII/ptolemy/actor/lib/test/auto/ExecRunDemos.xml (RunModel)" time="9.582" />
  <testcase classname="ptolemy.util.test.junit.AutoTests" name="[148] /home/travis/build/icyphy/ptII/ptolemy/actor/lib/test/auto/ExecStop.xml (RunModel)" time="5.018" />
  <testcase classname="ptolemy.util.test.junit.AutoTests" name="[149] /home/travis/build/icyphy/ptII/ptolemy/actor/lib/test/auto/ExecutionTimeSDF.xml (RunModel)" time="6.037" />
  <testcase classname="ptolemy.util.test.junit.AutoTests" name="[150] /home/travis/build/icyphy/ptII/ptolemy/actor/lib/test/auto/Expression1.xml (RunModel)" time="0.029" />
  <testcase classname="ptolemy.util.test.junit.AutoTests" name="[151] /home/travis/build/icyphy/ptII/ptolemy/actor/lib/test/auto/Expression10.xml (RunModel)" time="0.023" />
  <testcase classname="ptolemy.util.test.junit.AutoTests" name="[152] /home/travis/build/icyphy/ptII/ptolemy/actor/lib/test/auto/Expression11.xml (RunModel)" time="0.012" />
  <testcase classname="ptolemy.util.test.junit.AutoTests" name="[153] /home/travis/build/icyphy/ptII/ptolemy/actor/lib/test/auto/Expression12.xml (RunModel)" time="0.015" />
  <testcase classname="ptolemy.util.test.junit.AutoTests" name="[154] /home/travis/build/icyphy/ptII/ptolemy/actor/lib/test/auto/Expression13.xml (RunModel)" time="0.012" />
  <testcase classname="ptolemy.util.test.junit.AutoTests" name="[155] /home/travis/build/icyphy/ptII/ptolemy/actor/lib/test/auto/Expression14.xml (RunModel)" time="0.02" />
  <testcase classname="ptolemy.util.test.junit.AutoTests" name="[156] /home/travis/build/icyphy/ptII/ptolemy/actor/lib/test/auto/Expression15.xml (RunModel)" time="0.012" />
  <testcase classname="ptolemy.util.test.junit.AutoTests" name="[157] /home/travis/build/icyphy/ptII/ptolemy/actor/lib/test/auto/Expression16.xml (RunModel)" time="0.029" />
  <testcase classname="ptolemy.util.test.junit.AutoTests" name="[158] /home/travis/build/icyphy/ptII/ptolemy/actor/lib/test/auto/Expression17.xml (RunModel)" time="0.014" />
  <testcase classname="ptolemy.util.test.junit.AutoTests" name="[159] /home/travis/build/icyphy/ptII/ptolemy/actor/lib/test/auto/Expression18.xml (RunModel)" time="0.017" />
  <testcase classname="ptolemy.util.test.junit.AutoTests" name="[160] /home/travis/build/icyphy/ptII/ptolemy/actor/lib/test/auto/Expression2.xml (RunModel)" time="0.019" />
  <testcase classname="ptolemy.util.test.junit.AutoTests" name="[161] /home/travis/build/icyphy/ptII/ptolemy/actor/lib/test/auto/Expression3.xml (RunModel)" time="0.019" />
  <testcase classname="ptolemy.util.test.junit.AutoTests" name="[162] /home/travis/build/icyphy/ptII/ptolemy/actor/lib/test/auto/Expression4.xml (RunModel)" time="0.025" />
  <testcase classname="ptolemy.util.test.junit.AutoTests" name="[163] /home/travis/build/icyphy/ptII/ptolemy/actor/lib/test/auto/Expression5.xml (RunModel)" time="0.014" />
  <testcase classname="ptolemy.util.test.junit.AutoTests" name="[164] /home/travis/build/icyphy/ptII/ptolemy/actor/lib/test/auto/Expression6.xml (RunModel)" time="0.012" />
  <testcase classname="ptolemy.util.test.junit.AutoTests" name="[165] /home/travis/build/icyphy/ptII/ptolemy/actor/lib/test/auto/Expression7.xml (RunModel)" time="0.012" />
  <testcase classname="ptolemy.util.test.junit.AutoTests" name="[166] /home/travis/build/icyphy/ptII/ptolemy/actor/lib/test/auto/Expression8.xml (RunModel)" time="0.015" />
  <testcase classname="ptolemy.util.test.junit.AutoTests" name="[167] /home/travis/build/icyphy/ptII/ptolemy/actor/lib/test/auto/Expression9.xml (RunModel)" time="0.012" />
  <testcase classname="ptolemy.util.test.junit.AutoTests" name="[168] /home/travis/build/icyphy/ptII/ptolemy/actor/lib/test/auto/ExpressionConcatenateArrayType.xml (RunModel)" time="0.032" />
  <testcase classname="ptolemy.util.test.junit.AutoTests" name="[169] /home/travis/build/icyphy/ptII/ptolemy/actor/lib/test/auto/ExpressionConcatenateArrayType2.xml (RunModel)" time="0.02" />
  <testcase classname="ptolemy.util.test.junit.AutoTests" name="[170] /home/travis/build/icyphy/ptII/ptolemy/actor/lib/test/auto/ExpressionFix.xml (RunModel)" time="0.039" />
  <testcase classname="ptolemy.util.test.junit.AutoTests" name="[171] /home/travis/build/icyphy/ptII/ptolemy/actor/lib/test/auto/ExpressionFix2.xml (RunModel)" time="0.016" />
  <testcase classname="ptolemy.util.test.junit.AutoTests" name="[172] /home/travis/build/icyphy/ptII/ptolemy/actor/lib/test/auto/ExpressionFix3.xml (RunModel)" time="0.015" />
  <testcase classname="ptolemy.util.test.junit.AutoTests" name="[173] /home/travis/build/icyphy/ptII/ptolemy/actor/lib/test/auto/FileWriter1.xml (RunModel)" time="0.009" />
  <testcase classname="ptolemy.util.test.junit.AutoTests" name="[174] /home/travis/build/icyphy/ptII/ptolemy/actor/lib/test/auto/FileWriter2.xml (RunModel)" time="0.01" />
  <testcase classname="ptolemy.util.test.junit.AutoTests" name="[175] /home/travis/build/icyphy/ptII/ptolemy/actor/lib/test/auto/FileWriter3.xml (RunModel)" time="0.019" />
  <testcase classname="ptolemy.util.test.junit.AutoTests" name="[176] /home/travis/build/icyphy/ptII/ptolemy/actor/lib/test/auto/Gaussian.xml (RunModel)" time="0.011" />
  <testcase classname="ptolemy.util.test.junit.AutoTests" name="[177] /home/travis/build/icyphy/ptII/ptolemy/actor/lib/test/auto/Gaussian1.xml (RunModel)" time="0.019" />
  <testcase classname="ptolemy.util.test.junit.AutoTests" name="[178] /home/travis/build/icyphy/ptII/ptolemy/actor/lib/test/auto/Gaussian2.xml (RunModel)" time="0.022" />
  <testcase classname="ptolemy.util.test.junit.AutoTests" name="[179] /home/travis/build/icyphy/ptII/ptolemy/actor/lib/test/auto/GradientAdaptiveLattice.xml (RunModel)" time="0.018" />
  <testcase classname="ptolemy.util.test.junit.AutoTests" name="[180] /home/travis/build/icyphy/ptII/ptolemy/actor/lib/test/auto/IIR.xml (RunModel)" time="0.01" />
  <testcase classname="ptolemy.util.test.junit.AutoTests" name="[181] /home/travis/build/icyphy/ptII/ptolemy/actor/lib/test/auto/InputOutputTransparentPorts.xml (RunModel)" time="0.021" />
  <testcase classname="ptolemy.util.test.junit.AutoTests" name="[182] /home/travis/build/icyphy/ptII/ptolemy/actor/lib/test/auto/Interpolator.xml (RunModel)" time="0.011" />
  <testcase classname="ptolemy.util.test.junit.AutoTests" name="[183] /home/travis/build/icyphy/ptII/ptolemy/actor/lib/test/auto/InterpolatorFiringLimitDE.xml (RunModel)" time="0.014" />
  <testcase classname="ptolemy.util.test.junit.AutoTests" name="[184] /home/travis/build/icyphy/ptII/ptolemy/actor/lib/test/auto/Lattice.xml (RunModel)" time="0.011" />
  <testcase classname="ptolemy.util.test.junit.AutoTests" name="[185] /home/travis/build/icyphy/ptII/ptolemy/actor/lib/test/auto/LazyAOCTestLazy.xml (RunModel)" time="0.02" />
  <testcase classname="ptolemy.util.test.junit.AutoTests" name="[186] /home/travis/build/icyphy/ptII/ptolemy/actor/lib/test/auto/LazyAOCTestNonLazy.xml (RunModel)" time="0.016" />
  <testcase classname="ptolemy.util.test.junit.AutoTests" name="[187] /home/travis/build/icyphy/ptII/ptolemy/actor/lib/test/auto/LazyInnerClass.xml (RunModel)" time="0.021" />
  <testcase classname="ptolemy.util.test.junit.AutoTests" name="[188] /home/travis/build/icyphy/ptII/ptolemy/actor/lib/test/auto/LazyPubSub.xml (RunModel)" time="0.053" />
  <testcase classname="ptolemy.util.test.junit.AutoTests" name="[189] /home/travis/build/icyphy/ptII/ptolemy/actor/lib/test/auto/LazyPubSub2.xml (RunModel)" time="0.075" />
  <testcase classname="ptolemy.util.test.junit.AutoTests" name="[190] /home/travis/build/icyphy/ptII/ptolemy/actor/lib/test/auto/LazyPubSub3.xml (RunModel)" time="0.044" />
  <testcase classname="ptolemy.util.test.junit.AutoTests" name="[191] /home/travis/build/icyphy/ptII/ptolemy/actor/lib/test/auto/LazySubClassModel.xml (RunModel)" time="0.02" />
  <testcase classname="ptolemy.util.test.junit.AutoTests" name="[192] /home/travis/build/icyphy/ptII/ptolemy/actor/lib/test/auto/LevelCrossTest1.xml (RunModel)" time="0.017" />
  <testcase classname="ptolemy.util.test.junit.AutoTests" name="[193] /home/travis/build/icyphy/ptII/ptolemy/actor/lib/test/auto/LevelCrossTest10.xml (RunModel)" time="0.018" />
  <testcase classname="ptolemy.util.test.junit.AutoTests" name="[194] /home/travis/build/icyphy/ptII/ptolemy/actor/lib/test/auto/LevelCrossTest11.xml (RunModel)" time="0.013" />
  <testcase classname="ptolemy.util.test.junit.AutoTests" name="[195] /home/travis/build/icyphy/ptII/ptolemy/actor/lib/test/auto/LevelCrossTest12.xml (RunModel)" time="0.018" />
  <testcase classname="ptolemy.util.test.junit.AutoTests" name="[196] /home/travis/build/icyphy/ptII/ptolemy/actor/lib/test/auto/LevelCrossTest13.xml (RunModel)" time="0.015" />
  <testcase classname="ptolemy.util.test.junit.AutoTests" name="[197] /home/travis/build/icyphy/ptII/ptolemy/actor/lib/test/auto/LevelCrossTest2.xml (RunModel)" time="0.015" />
  <testcase classname="ptolemy.util.test.junit.AutoTests" name="[198] /home/travis/build/icyphy/ptII/ptolemy/actor/lib/test/auto/LevelCrossTest3.xml (RunModel)" time="0.013" />
  <testcase classname="ptolemy.util.test.junit.AutoTests" name="[199] /home/travis/build/icyphy/ptII/ptolemy/actor/lib/test/auto/LevelCrossTest4.xml (RunModel)" time="0.016" />
  <testcase classname="ptolemy.util.test.junit.AutoTests" name="[200] /home/travis/build/icyphy/ptII/ptolemy/actor/lib/test/auto/LevelCrossTest5.xml (RunModel)" time="0.014" />
  <testcase classname="ptolemy.util.test.junit.AutoTests" name="[201] /home/travis/build/icyphy/ptII/ptolemy/actor/lib/test/auto/LevelCrossTest6.xml (RunModel)" time="0.02" />
  <testcase classname="ptolemy.util.test.junit.AutoTests" name="[202] /home/travis/build/icyphy/ptII/ptolemy/actor/lib/test/auto/LevelCrossTest7.xml (RunModel)" time="0.016" />
  <testcase classname="ptolemy.util.test.junit.AutoTests" name="[203] /home/travis/build/icyphy/ptII/ptolemy/actor/lib/test/auto/LevelCrossTest8.xml (RunModel)" time="0.015" />
  <testcase classname="ptolemy.util.test.junit.AutoTests" name="[204] /home/travis/build/icyphy/ptII/ptolemy/actor/lib/test/auto/LevelCrossTest9.xml (RunModel)" time="0.015" />
  <testcase classname="ptolemy.util.test.junit.AutoTests" name="[205] /home/travis/build/icyphy/ptII/ptolemy/actor/lib/test/auto/LevinsonDurbin.xml (RunModel)" time="0.01" />
  <testcase classname="ptolemy.util.test.junit.AutoTests" name="[206] /home/travis/build/icyphy/ptII/ptolemy/actor/lib/test/auto/LevinsonDurbin2.xml (RunModel)" time="0.01" />
  <testcase classname="ptolemy.util.test.junit.AutoTests" name="[207] /home/travis/build/icyphy/ptII/ptolemy/actor/lib/test/auto/LevinsonDurbin3.xml (RunModel)" time="0.01" />
  <testcase classname="ptolemy.util.test.junit.AutoTests" name="[208] /home/travis/build/icyphy/ptII/ptolemy/actor/lib/test/auto/Limiter.xml (RunModel)" time="0.031" />
  <testcase classname="ptolemy.util.test.junit.AutoTests" name="[209] /home/travis/build/icyphy/ptII/ptolemy/actor/lib/test/auto/LinearDifferenceEquationSystem.xml (RunModel)" time="0.021" />
  <testcase classname="ptolemy.util.test.junit.AutoTests" name="[210] /home/travis/build/icyphy/ptII/ptolemy/actor/lib/test/auto/LookupTable.xml (RunModel)" time="0.01" />
  <testcase classname="ptolemy.util.test.junit.AutoTests" name="[211] /home/travis/build/icyphy/ptII/ptolemy/actor/lib/test/auto/MathFunction.xml (RunModel)" time="0.018" />
  <testcase classname="ptolemy.util.test.junit.AutoTests" name="[212] /home/travis/build/icyphy/ptII/ptolemy/actor/lib/test/auto/MathFunction2.xml (RunModel)" time="0.021" />
  <testcase classname="ptolemy.util.test.junit.AutoTests" name="[213] /home/travis/build/icyphy/ptII/ptolemy/actor/lib/test/auto/MathFunction3.xml (RunModel)" time="0.023" />
  <testcase classname="ptolemy.util.test.junit.AutoTests" name="[214] /home/travis/build/icyphy/ptII/ptolemy/actor/lib/test/auto/MatrixCropBoolean.xml (RunModel)" time="0.014" />
  <testcase classname="ptolemy.util.test.junit.AutoTests" name="[215] /home/travis/build/icyphy/ptII/ptolemy/actor/lib/test/auto/MatrixCropComplex.xml (RunModel)" time="0.008" />
  <testcase classname="ptolemy.util.test.junit.AutoTests" name="[216] /home/travis/build/icyphy/ptII/ptolemy/actor/lib/test/auto/MatrixCropDouble.xml (RunModel)" time="0.008" />
  <testcase classname="ptolemy.util.test.junit.AutoTests" name="[217] /home/travis/build/icyphy/ptII/ptolemy/actor/lib/test/auto/MatrixCropFix.xml (RunModel)" time="0.009" />
  <testcase classname="ptolemy.util.test.junit.AutoTests" name="[218] /home/travis/build/icyphy/ptII/ptolemy/actor/lib/test/auto/MatrixCropInt.xml (RunModel)" time="0.009" />
  <testcase classname="ptolemy.util.test.junit.AutoTests" name="[219] /home/travis/build/icyphy/ptII/ptolemy/actor/lib/test/auto/MatrixCropLong.xml (RunModel)" time="0.012" />
  <testcase classname="ptolemy.util.test.junit.AutoTests" name="[220] /home/travis/build/icyphy/ptII/ptolemy/actor/lib/test/auto/MatrixToArray.xml (RunModel)" time="0.039" />
  <testcase classname="ptolemy.util.test.junit.AutoTests" name="[221] /home/travis/build/icyphy/ptII/ptolemy/actor/lib/test/auto/MaxIndex.xml (RunModel)" time="0.012" />
  <testcase classname="ptolemy.util.test.junit.AutoTests" name="[222] /home/travis/build/icyphy/ptII/ptolemy/actor/lib/test/auto/Maximum.xml (RunModel)" time="0.014" />
  <testcase classname="ptolemy.util.test.junit.AutoTests" name="[223] /home/travis/build/icyphy/ptII/ptolemy/actor/lib/test/auto/MaximumComplex.xml (RunModel)" time="0.016" />
  <testcase classname="ptolemy.util.test.junit.AutoTests" name="[224] /home/travis/build/icyphy/ptII/ptolemy/actor/lib/test/auto/MethodCallTest.xml (RunModel)" time="0.021" />
  <testcase classname="ptolemy.util.test.junit.AutoTests" name="[225] /home/travis/build/icyphy/ptII/ptolemy/actor/lib/test/auto/Minimum.xml (RunModel)" time="0.016" />
  <testcase classname="ptolemy.util.test.junit.AutoTests" name="[226] /home/travis/build/icyphy/ptII/ptolemy/actor/lib/test/auto/MinimumComplex.xml (RunModel)" time="0.015" />
  <testcase classname="ptolemy.util.test.junit.AutoTests" name="[227] /home/travis/build/icyphy/ptII/ptolemy/actor/lib/test/auto/MinimumMultiports.xml (RunModel)" time="0.018" />
  <testcase classname="ptolemy.util.test.junit.AutoTests" name="[228] /home/travis/build/icyphy/ptII/ptolemy/actor/lib/test/auto/ModifyDate.xml (RunModel)" time="0.036" />
  <testcase classname="ptolemy.util.test.junit.AutoTests" name="[229] /home/travis/build/icyphy/ptII/ptolemy/actor/lib/test/auto/ModifyDate2.xml (RunModel)" time="0.028" />
  <testcase classname="ptolemy.util.test.junit.AutoTests" name="[230] /home/travis/build/icyphy/ptII/ptolemy/actor/lib/test/auto/MovingAverage.xml (RunModel)" time="0.011" />
  <testcase classname="ptolemy.util.test.junit.AutoTests" name="[231] /home/travis/build/icyphy/ptII/ptolemy/actor/lib/test/auto/MovingMaximum.xml (RunModel)" time="0.01" />
  <testcase classname="ptolemy.util.test.junit.AutoTests" name="[232] /home/travis/build/icyphy/ptII/ptolemy/actor/lib/test/auto/MultipleLinksToSameRelation.xml (RunModel)" time="0.006" />
  <testcase classname="ptolemy.util.test.junit.AutoTests" name="[233] /home/travis/build/icyphy/ptII/ptolemy/actor/lib/test/auto/MultipleLinksToSameRelationDE.xml (RunModel)" time="0.008" />
  <testcase classname="ptolemy.util.test.junit.AutoTests" name="[234] /home/travis/build/icyphy/ptII/ptolemy/actor/lib/test/auto/Multiplexor.xml (RunModel)" time="0.015" />
  <testcase classname="ptolemy.util.test.junit.AutoTests" name="[235] /home/travis/build/icyphy/ptII/ptolemy/actor/lib/test/auto/Multiplexor1.xml (RunModel)" time="0.011" />
  <testcase classname="ptolemy.util.test.junit.AutoTests" name="[236] /home/travis/build/icyphy/ptII/ptolemy/actor/lib/test/auto/Multiplexor2.xml (RunModel)" time="0.012" />
  <testcase classname="ptolemy.util.test.junit.AutoTests" name="[237] /home/travis/build/icyphy/ptII/ptolemy/actor/lib/test/auto/Multiplexor3.xml (RunModel)" time="0.008" />
  <testcase classname="ptolemy.util.test.junit.AutoTests" name="[238] /home/travis/build/icyphy/ptII/ptolemy/actor/lib/test/auto/MultiplexorDE.xml (RunModel)" time="0.02" />
  <testcase classname="ptolemy.util.test.junit.AutoTests" name="[239] /home/travis/build/icyphy/ptII/ptolemy/actor/lib/test/auto/MultiportBroadcastTest.xml (RunModel)" time="0.09" />
  <testcase classname="ptolemy.util.test.junit.AutoTests" name="[240] /home/travis/build/icyphy/ptII/ptolemy/actor/lib/test/auto/MultiportOutHangDuringGetWidth.xml (RunModel)" time="0.034" />
  <testcase classname="ptolemy.util.test.junit.AutoTests" name="[241] /home/travis/build/icyphy/ptII/ptolemy/actor/lib/test/auto/NilToken.xml (RunModel)" time="0.016" />
  <testcase classname="ptolemy.util.test.junit.AutoTests" name="[242] /home/travis/build/icyphy/ptII/ptolemy/actor/lib/test/auto/NilTokenNonStrictTest.xml (RunModel)" time="0.011" />
  <testcase classname="ptolemy.util.test.junit.AutoTests" name="[243] /home/travis/build/icyphy/ptII/ptolemy/actor/lib/test/auto/NilTokenRecord.xml (RunModel)" time="0.02" />
  <testcase classname="ptolemy.util.test.junit.AutoTests" name="[244] /home/travis/build/icyphy/ptII/ptolemy/actor/lib/test/auto/NilTokenTypeTest.xml (RunModel)" time="0.032" />
  <testcase classname="ptolemy.util.test.junit.AutoTests" name="[245] /home/travis/build/icyphy/ptII/ptolemy/actor/lib/test/auto/ObjectToken1.xml (RunModel)" time="0.007" />
  <testcase classname="ptolemy.util.test.junit.AutoTests" name="[246] /home/travis/build/icyphy/ptII/ptolemy/actor/lib/test/auto/OrderedMerge.xml (RunModel)" time="0.012" />
  <testcase classname="ptolemy.util.test.junit.AutoTests" name="[247] /home/travis/build/icyphy/ptII/ptolemy/actor/lib/test/auto/OrderedRecordDisassembler.xml (RunModel)" time="0.018" />
  <testcase classname="ptolemy.util.test.junit.AutoTests" name="[248] /home/travis/build/icyphy/ptII/ptolemy/actor/lib/test/auto/OrderedRecordDisassembler2.xml (RunModel)" time="0.029" />
  <testcase classname="ptolemy.util.test.junit.AutoTests" name="[249] /home/travis/build/icyphy/ptII/ptolemy/actor/lib/test/auto/OrderedRecordUpdater.xml (RunModel)" time="0.009" />
  <testcase classname="ptolemy.util.test.junit.AutoTests" name="[250] /home/travis/build/icyphy/ptII/ptolemy/actor/lib/test/auto/OrderedRecordUpdater2.xml (RunModel)" time="0.009" />
  <testcase classname="ptolemy.util.test.junit.AutoTests" name="[251] /home/travis/build/icyphy/ptII/ptolemy/actor/lib/test/auto/PhaseUnwrap.xml (RunModel)" time="0.01" />
  <testcase classname="ptolemy.util.test.junit.AutoTests" name="[252] /home/travis/build/icyphy/ptII/ptolemy/actor/lib/test/auto/PoissonClock.xml (RunModel)" time="0.007" />
  <testcase classname="ptolemy.util.test.junit.AutoTests" name="[253] /home/travis/build/icyphy/ptII/ptolemy/actor/lib/test/auto/PoissonClock2.xml (RunModel)" time="0.006" />
  <testcase classname="ptolemy.util.test.junit.AutoTests" name="[254] /home/travis/build/icyphy/ptII/ptolemy/actor/lib/test/auto/PoissonClock3.xml (RunModel)" time="0.008" />
  <testcase classname="ptolemy.util.test.junit.AutoTests" name="[255] /home/travis/build/icyphy/ptII/ptolemy/actor/lib/test/auto/PubSubWithInitialTokens.xml (RunModel)" time="0.013" />
  <testcase classname="ptolemy.util.test.junit.AutoTests" name="[256] /home/travis/build/icyphy/ptII/ptolemy/actor/lib/test/auto/PubSubWithInitialTokens2.xml (RunModel)" time="0.01" />
  <testcase classname="ptolemy.util.test.junit.AutoTests" name="[257] /home/travis/build/icyphy/ptII/ptolemy/actor/lib/test/auto/PublisherClassNoParameter.xml (RunModel)" time="0.018" />
  <testcase classname="ptolemy.util.test.junit.AutoTests" name="[258] /home/travis/build/icyphy/ptII/ptolemy/actor/lib/test/auto/PublisherClassParameter.xml (RunModel)" time="0.018" />
  <testcase classname="ptolemy.util.test.junit.AutoTests" name="[259] /home/travis/build/icyphy/ptII/ptolemy/actor/lib/test/auto/PublisherNonStrictTest.xml (RunModel)" time="0.014" />
  <testcase classname="ptolemy.util.test.junit.AutoTests" name="[260] /home/travis/build/icyphy/ptII/ptolemy/actor/lib/test/auto/PublisherPort1.xml (RunModel)" time="0.014" />
  <testcase classname="ptolemy.util.test.junit.AutoTests" name="[261] /home/travis/build/icyphy/ptII/ptolemy/actor/lib/test/auto/PublisherPort2.xml (RunModel)" time="0.008" />
  <testcase classname="ptolemy.util.test.junit.AutoTests" name="[262] /home/travis/build/icyphy/ptII/ptolemy/actor/lib/test/auto/PublisherPort3.xml (RunModel)" time="0.012" />
  <testcase classname="ptolemy.util.test.junit.AutoTests" name="[263] /home/travis/build/icyphy/ptII/ptolemy/actor/lib/test/auto/PublisherPort4.xml (RunModel)" time="0.011" />
  <testcase classname="ptolemy.util.test.junit.AutoTests" name="[264] /home/travis/build/icyphy/ptII/ptolemy/actor/lib/test/auto/PublisherPort5.xml (RunModel)" time="0.014" />
  <testcase classname="ptolemy.util.test.junit.AutoTests" name="[265] /home/travis/build/icyphy/ptII/ptolemy/actor/lib/test/auto/PublisherPort5LookAlike.xml (RunModel)" time="0.02" />
  <testcase classname="ptolemy.util.test.junit.AutoTests" name="[266] /home/travis/build/icyphy/ptII/ptolemy/actor/lib/test/auto/PublisherPort6.xml (RunModel)" time="0.014" />
  <testcase classname="ptolemy.util.test.junit.AutoTests" name="[267] /home/travis/build/icyphy/ptII/ptolemy/actor/lib/test/auto/PublisherPort7.xml (RunModel)" time="0.015" />
  <testcase classname="ptolemy.util.test.junit.AutoTests" name="[268] /home/travis/build/icyphy/ptII/ptolemy/actor/lib/test/auto/PublisherPort8.xml (RunModel)" time="0.016" />
  <testcase classname="ptolemy.util.test.junit.AutoTests" name="[269] /home/travis/build/icyphy/ptII/ptolemy/actor/lib/test/auto/PublisherPortSubscriberChannelVariablesAOC2.xml (RunModel)" time="0.029" />
  <testcase classname="ptolemy.util.test.junit.AutoTests" name="[270] /home/travis/build/icyphy/ptII/ptolemy/actor/lib/test/auto/PublisherPortSubscriberOpaqueWidthInference.xml (RunModel)" time="0.013" />
  <testcase classname="ptolemy.util.test.junit.AutoTests" name="[271] /home/travis/build/icyphy/ptII/ptolemy/actor/lib/test/auto/PublisherPortSubscriberPortAdjacent.xml (RunModel)" time="0.016" />
  <testcase classname="ptolemy.util.test.junit.AutoTests" name="[272] /home/travis/build/icyphy/ptII/ptolemy/actor/lib/test/auto/PublisherPortSubscriberPortExpression.xml (RunModel)" time="0.016" />
  <testcase classname="ptolemy.util.test.junit.AutoTests" name="[273] /home/travis/build/icyphy/ptII/ptolemy/actor/lib/test/auto/PublisherPortSubscriberPortOpaqueD3Reverse.xml (RunModel)" time="0.018" />
  <testcase classname="ptolemy.util.test.junit.AutoTests" name="[274] /home/travis/build/icyphy/ptII/ptolemy/actor/lib/test/auto/PublisherPortSubscriberPortOpaqueWidthInference.xml (RunModel)" time="0.016" />
  <testcase classname="ptolemy.util.test.junit.AutoTests" name="[275] /home/travis/build/icyphy/ptII/ptolemy/actor/lib/test/auto/PublisherPortToplevelSubscriberPortAOC.xml (RunModel)" time="0.009" />
  <testcase classname="ptolemy.util.test.junit.AutoTests" name="[276] /home/travis/build/icyphy/ptII/ptolemy/actor/lib/test/auto/PublisherSubscriber.xml (RunModel)" time="0.012" />
  <testcase classname="ptolemy.util.test.junit.AutoTests" name="[277] /home/travis/build/icyphy/ptII/ptolemy/actor/lib/test/auto/PublisherSubscriber10.xml (RunModel)" time="0.019" />
  <testcase classname="ptolemy.util.test.junit.AutoTests" name="[278] /home/travis/build/icyphy/ptII/ptolemy/actor/lib/test/auto/PublisherSubscriber10InitialOutputs.xml (RunModel)" time="0.021" />
  <testcase classname="ptolemy.util.test.junit.AutoTests" name="[279] /home/travis/build/icyphy/ptII/ptolemy/actor/lib/test/auto/PublisherSubscriber11.xml (RunModel)" time="0.018" />
  <testcase classname="ptolemy.util.test.junit.AutoTests" name="[280] /home/travis/build/icyphy/ptII/ptolemy/actor/lib/test/auto/PublisherSubscriber12.xml (RunModel)" time="0.011" />
  <testcase classname="ptolemy.util.test.junit.AutoTests" name="[281] /home/travis/build/icyphy/ptII/ptolemy/actor/lib/test/auto/PublisherSubscriber13.xml (RunModel)" time="0.01" />
  <testcase classname="ptolemy.util.test.junit.AutoTests" name="[282] /home/travis/build/icyphy/ptII/ptolemy/actor/lib/test/auto/PublisherSubscriber14.xml (RunModel)" time="0.016" />
  <testcase classname="ptolemy.util.test.junit.AutoTests" name="[283] /home/travis/build/icyphy/ptII/ptolemy/actor/lib/test/auto/PublisherSubscriber2.xml (RunModel)" time="0.009" />
  <testcase classname="ptolemy.util.test.junit.AutoTests" name="[284] /home/travis/build/icyphy/ptII/ptolemy/actor/lib/test/auto/PublisherSubscriber3.xml (RunModel)" time="0.013" />
  <testcase classname="ptolemy.util.test.junit.AutoTests" name="[285] /home/travis/build/icyphy/ptII/ptolemy/actor/lib/test/auto/PublisherSubscriber4.xml (RunModel)" time="0.008" />
  <testcase classname="ptolemy.util.test.junit.AutoTests" name="[286] /home/travis/build/icyphy/ptII/ptolemy/actor/lib/test/auto/PublisherSubscriber5.xml (RunModel)" time="0.012" />
  <testcase classname="ptolemy.util.test.junit.AutoTests" name="[287] /home/travis/build/icyphy/ptII/ptolemy/actor/lib/test/auto/PublisherSubscriber6.xml (RunModel)" time="0.011" />
  <testcase classname="ptolemy.util.test.junit.AutoTests" name="[288] /home/travis/build/icyphy/ptII/ptolemy/actor/lib/test/auto/PublisherSubscriber7.xml (RunModel)" time="0.015" />
  <testcase classname="ptolemy.util.test.junit.AutoTests" name="[289] /home/travis/build/icyphy/ptII/ptolemy/actor/lib/test/auto/PublisherSubscriber8.xml (RunModel)" time="0.023" />
  <testcase classname="ptolemy.util.test.junit.AutoTests" name="[290] /home/travis/build/icyphy/ptII/ptolemy/actor/lib/test/auto/PublisherSubscriber9.xml (RunModel)" time="0.016" />
  <testcase classname="ptolemy.util.test.junit.AutoTests" name="[291] /home/travis/build/icyphy/ptII/ptolemy/actor/lib/test/auto/PublisherSubscriberAdjacent.xml (RunModel)" time="0.022" />
  <testcase classname="ptolemy.util.test.junit.AutoTests" name="[292] /home/travis/build/icyphy/ptII/ptolemy/actor/lib/test/auto/PublisherSubscriberChannelVariablesAOC2.xml (RunModel)" time="0.027" />
  <testcase classname="ptolemy.util.test.junit.AutoTests" name="[293] /home/travis/build/icyphy/ptII/ptolemy/actor/lib/test/auto/PublisherSubscriberD3.xml (RunModel)" time="0.014" />
  <testcase classname="ptolemy.util.test.junit.AutoTests" name="[294] /home/travis/build/icyphy/ptII/ptolemy/actor/lib/test/auto/PublisherSubscriberD3Reverse.xml (RunModel)" time="0.012" />
  <testcase classname="ptolemy.util.test.junit.AutoTests" name="[295] /home/travis/build/icyphy/ptII/ptolemy/actor/lib/test/auto/PublisherSubscriberExpression.xml (RunModel)" time="0.021" />
  <testcase classname="ptolemy.util.test.junit.AutoTests" name="[296] /home/travis/build/icyphy/ptII/ptolemy/actor/lib/test/auto/PublisherSubscriberOpaque.xml (RunModel)" time="0.022" />
  <testcase classname="ptolemy.util.test.junit.AutoTests" name="[297] /home/travis/build/icyphy/ptII/ptolemy/actor/lib/test/auto/PublisherSubscriberOpaqueD3.xml (RunModel)" time="0.04" />
  <testcase classname="ptolemy.util.test.junit.AutoTests" name="[298] /home/travis/build/icyphy/ptII/ptolemy/actor/lib/test/auto/PublisherSubscriberOpaqueD3Reverse.xml (RunModel)" time="0.022" />
  <testcase classname="ptolemy.util.test.junit.AutoTests" name="[299] /home/travis/build/icyphy/ptII/ptolemy/actor/lib/test/auto/PublisherSubscriberOpaqueWidthInference.xml (RunModel)" time="0.017" />
  <testcase classname="ptolemy.util.test.junit.AutoTests" name="[300] /home/travis/build/icyphy/ptII/ptolemy/actor/lib/test/auto/PublisherTestSubscriber.xml (RunModel)" time="0.016" />
  <testcase classname="ptolemy.util.test.junit.AutoTests" name="[301] /home/travis/build/icyphy/ptII/ptolemy/actor/lib/test/auto/PublisherToplevelSubscriberPortAOC.xml (RunModel)" time="0.015" />
  <testcase classname="ptolemy.util.test.junit.AutoTests" name="[302] /home/travis/build/icyphy/ptII/ptolemy/actor/lib/test/auto/PulseFiringLimitDE.xml (RunModel)" time="0.014" />
  <testcase classname="ptolemy.util.test.junit.AutoTests" name="[303] /home/travis/build/icyphy/ptII/ptolemy/actor/lib/test/auto/Ramp1.xml (RunModel)" time="0.015" />
  <testcase classname="ptolemy.util.test.junit.AutoTests" name="[304] /home/travis/build/icyphy/ptII/ptolemy/actor/lib/test/auto/RampFiringLimitDE.xml (RunModel)" time="0.017" />
  <testcase classname="ptolemy.util.test.junit.AutoTests" name="[305] /home/travis/build/icyphy/ptII/ptolemy/actor/lib/test/auto/RampFiringLimitSDF.xml (RunModel)" time="0.01" />
  <testcase classname="ptolemy.util.test.junit.AutoTests" name="[306] /home/travis/build/icyphy/ptII/ptolemy/actor/lib/test/auto/RandomInteger.xml (RunModel)" time="0.007" />
  <testcase classname="ptolemy.util.test.junit.AutoTests" name="[307] /home/travis/build/icyphy/ptII/ptolemy/actor/lib/test/auto/ReadFile1.xml (RunModel)" time="0.008" />
  <testcase classname="ptolemy.util.test.junit.AutoTests" name="[308] /home/travis/build/icyphy/ptII/ptolemy/actor/lib/test/auto/ReadFile2.xml (RunModel)" time="0.007" />
  <testcase classname="ptolemy.util.test.junit.AutoTests" name="[309] /home/travis/build/icyphy/ptII/ptolemy/actor/lib/test/auto/Reader.xml (RunModel)" time="0.009" />
  <testcase classname="ptolemy.util.test.junit.AutoTests" name="[310] /home/travis/build/icyphy/ptII/ptolemy/actor/lib/test/auto/RecordAssemblerDisplayNameTest.xml (RunModel)" time="3.108" />
  <testcase classname="ptolemy.util.test.junit.AutoTests" name="[311] /home/travis/build/icyphy/ptII/ptolemy/actor/lib/test/auto/RecordAssemblerTypeError.xml (RunModel)" time="0.032" />
  <testcase classname="ptolemy.util.test.junit.AutoTests" name="[312] /home/travis/build/icyphy/ptII/ptolemy/actor/lib/test/auto/RecordDisassember.xml (RunModel)" time="0.01" />
  <testcase classname="ptolemy.util.test.junit.AutoTests" name="[313] /home/travis/build/icyphy/ptII/ptolemy/actor/lib/test/auto/RecordDisassemberDisplayNameTest.xml (RunModel)" time="0.028" />
  <testcase classname="ptolemy.util.test.junit.AutoTests" name="[314] /home/travis/build/icyphy/ptII/ptolemy/actor/lib/test/auto/RecordDisassembler.xml (RunModel)" time="0.012" />
  <testcase classname="ptolemy.util.test.junit.AutoTests" name="[315] /home/travis/build/icyphy/ptII/ptolemy/actor/lib/test/auto/RecordDisassembler2.xml (RunModel)" time="0.01" />
  <testcase classname="ptolemy.util.test.junit.AutoTests" name="[316] /home/travis/build/icyphy/ptII/ptolemy/actor/lib/test/auto/RecordUpdater.xml (RunModel)" time="0.008" />
  <testcase classname="ptolemy.util.test.junit.AutoTests" name="[317] /home/travis/build/icyphy/ptII/ptolemy/actor/lib/test/auto/RecordUpdater2.xml (RunModel)" time="0.01" />
  <testcase classname="ptolemy.util.test.junit.AutoTests" name="[318] /home/travis/build/icyphy/ptII/ptolemy/actor/lib/test/auto/RecursiveLattice.xml (RunModel)" time="0.011" />
  <testcase classname="ptolemy.util.test.junit.AutoTests" name="[319] /home/travis/build/icyphy/ptII/ptolemy/actor/lib/test/auto/Router.xml (RunModel)" time="3.023" />
  <testcase classname="ptolemy.util.test.junit.AutoTests" name="[320] /home/travis/build/icyphy/ptII/ptolemy/actor/lib/test/auto/Router2.xml (RunModel)" time="3.037" />
  <testcase classname="ptolemy.util.test.junit.AutoTests" name="[321] /home/travis/build/icyphy/ptII/ptolemy/actor/lib/test/auto/RunningMaximum.xml (RunModel)" time="0.01" />
  <testcase classname="ptolemy.util.test.junit.AutoTests" name="[322] /home/travis/build/icyphy/ptII/ptolemy/actor/lib/test/auto/RunningMinimum.xml (RunModel)" time="0.013" />
  <testcase classname="ptolemy.util.test.junit.AutoTests" name="[323] /home/travis/build/icyphy/ptII/ptolemy/actor/lib/test/auto/Scale.xml (RunModel)" time="0.006" />
  <testcase classname="ptolemy.util.test.junit.AutoTests" name="[324] /home/travis/build/icyphy/ptII/ptolemy/actor/lib/test/auto/Scale2.xml (RunModel)" time="0.008" />
  <testcase classname="ptolemy.util.test.junit.AutoTests" name="[325] /home/travis/build/icyphy/ptII/ptolemy/actor/lib/test/auto/Scale3.xml (RunModel)" time="0.012" />
  <testcase classname="ptolemy.util.test.junit.AutoTests" name="[326] /home/travis/build/icyphy/ptII/ptolemy/actor/lib/test/auto/ScaleArray.xml (RunModel)" time="0.007" />
  <testcase classname="ptolemy.util.test.junit.AutoTests" name="[327] /home/travis/build/icyphy/ptII/ptolemy/actor/lib/test/auto/ScaleArray2.xml (RunModel)" time="0.008" />
  <testcase classname="ptolemy.util.test.junit.AutoTests" name="[328] /home/travis/build/icyphy/ptII/ptolemy/actor/lib/test/auto/ScaleMatrix.xml (RunModel)" time="0.118" />
  <testcase classname="ptolemy.util.test.junit.AutoTests" name="[329] /home/travis/build/icyphy/ptII/ptolemy/actor/lib/test/auto/Select.xml (RunModel)" time="0.015" />
  <testcase classname="ptolemy.util.test.junit.AutoTests" name="[330] /home/travis/build/icyphy/ptII/ptolemy/actor/lib/test/auto/Select2.xml (RunModel)" time="0.007" />
  <testcase classname="ptolemy.util.test.junit.AutoTests" name="[331] /home/travis/build/icyphy/ptII/ptolemy/actor/lib/test/auto/SequenceToArray2.xml (RunModel)" time="0.118" />
  <testcase classname="ptolemy.util.test.junit.AutoTests" name="[332] /home/travis/build/icyphy/ptII/ptolemy/actor/lib/test/auto/SequentialClock.xml (RunModel)" time="0.006" />
  <testcase classname="ptolemy.util.test.junit.AutoTests" name="[333] /home/travis/build/icyphy/ptII/ptolemy/actor/lib/test/auto/SetVariable.xml (RunModel)" time="0.01" />
  <testcase classname="ptolemy.util.test.junit.AutoTests" name="[334] /home/travis/build/icyphy/ptII/ptolemy/actor/lib/test/auto/SetVariable2.xml (RunModel)" time="0.009" />
  <testcase classname="ptolemy.util.test.junit.AutoTests" name="[335] /home/travis/build/icyphy/ptII/ptolemy/actor/lib/test/auto/SetVariable3.xml (RunModel)" time="0.01" />
  <testcase classname="ptolemy.util.test.junit.AutoTests" name="[336] /home/travis/build/icyphy/ptII/ptolemy/actor/lib/test/auto/SetVariable4.xml (RunModel)" time="0.023" />
  <testcase classname="ptolemy.util.test.junit.AutoTests" name="[337] /home/travis/build/icyphy/ptII/ptolemy/actor/lib/test/auto/SetVariable5.xml (RunModel)" time="0.027" />
  <testcase classname="ptolemy.util.test.junit.AutoTests" name="[338] /home/travis/build/icyphy/ptII/ptolemy/actor/lib/test/auto/Sinewave.xml (RunModel)" time="0.023" />
  <testcase classname="ptolemy.util.test.junit.AutoTests" name="[339] /home/travis/build/icyphy/ptII/ptolemy/actor/lib/test/auto/Sinewave2.xml (RunModel)" time="0.013" />
  <testcase classname="ptolemy.util.test.junit.AutoTests" name="[340] /home/travis/build/icyphy/ptII/ptolemy/actor/lib/test/auto/Sinewave3.xml (RunModel)" time="0.015" />
  <testcase classname="ptolemy.util.test.junit.AutoTests" name="[341] /home/travis/build/icyphy/ptII/ptolemy/actor/lib/test/auto/SingleEvent.xml (RunModel)" time="0.006" />
  <testcase classname="ptolemy.util.test.junit.AutoTests" name="[342] /home/travis/build/icyphy/ptII/ptolemy/actor/lib/test/auto/Sleep.xml (RunModel)" time="6.011" />
  <testcase classname="ptolemy.util.test.junit.AutoTests" name="[343] /home/travis/build/icyphy/ptII/ptolemy/actor/lib/test/auto/SleepMultipleFire.xml (RunModel)" time="1.024" />
  <testcase classname="ptolemy.util.test.junit.AutoTests" name="[344] /home/travis/build/icyphy/ptII/ptolemy/actor/lib/test/auto/StopDE.xml (RunModel)" time="0.012" />
  <testcase classname="ptolemy.util.test.junit.AutoTests" name="[345] /home/travis/build/icyphy/ptII/ptolemy/actor/lib/test/auto/StopSDF.xml (RunModel)" time="0.011" />
  <testcase classname="ptolemy.util.test.junit.AutoTests" name="[346] /home/travis/build/icyphy/ptII/ptolemy/actor/lib/test/auto/StringConstant.xml (RunModel)" time="0.008" />
  <testcase classname="ptolemy.util.test.junit.AutoTests" name="[347] /home/travis/build/icyphy/ptII/ptolemy/actor/lib/test/auto/SubscriberPortInitialValues1.xml (RunModel)" time="0.016" />
  <testcase classname="ptolemy.util.test.junit.AutoTests" name="[348] /home/travis/build/icyphy/ptII/ptolemy/actor/lib/test/auto/SubscriberPortInitialValues13.xml (RunModel)" time="0.022" />
  <testcase classname="ptolemy.util.test.junit.AutoTests" name="[349] /home/travis/build/icyphy/ptII/ptolemy/actor/lib/test/auto/SubscriberPortInitialValues14.xml (RunModel)" time="0.015" />
  <testcase classname="ptolemy.util.test.junit.AutoTests" name="[350] /home/travis/build/icyphy/ptII/ptolemy/actor/lib/test/auto/SubscriberPortInitialValues2.xml (RunModel)" time="0.014" />
  <testcase classname="ptolemy.util.test.junit.AutoTests" name="[351] /home/travis/build/icyphy/ptII/ptolemy/actor/lib/test/auto/SubscriberPortInitialValues3.xml (RunModel)" time="0.017" />
  <testcase classname="ptolemy.util.test.junit.AutoTests" name="[352] /home/travis/build/icyphy/ptII/ptolemy/actor/lib/test/auto/SubscriptionAggregator.xml (RunModel)" time="0.01" />
  <testcase classname="ptolemy.util.test.junit.AutoTests" name="[353] /home/travis/build/icyphy/ptII/ptolemy/actor/lib/test/auto/SubscriptionAggregator2.xml (RunModel)" time="0.01" />
  <testcase classname="ptolemy.util.test.junit.AutoTests" name="[354] /home/travis/build/icyphy/ptII/ptolemy/actor/lib/test/auto/SubscriptionAggregator3.xml (RunModel)" time="0.014" />
  <testcase classname="ptolemy.util.test.junit.AutoTests" name="[355] /home/travis/build/icyphy/ptII/ptolemy/actor/lib/test/auto/SubscriptionAggregatorMultiply.xml (RunModel)" time="0.013" />
  <testcase classname="ptolemy.util.test.junit.AutoTests" name="[356] /home/travis/build/icyphy/ptII/ptolemy/actor/lib/test/auto/SubscriptionAggregatorPortMultiply1.xml (RunModel)" time="0.013" />
  <testcase classname="ptolemy.util.test.junit.AutoTests" name="[357] /home/travis/build/icyphy/ptII/ptolemy/actor/lib/test/auto/Switch.xml (RunModel)" time="0.012" />
  <testcase classname="ptolemy.util.test.junit.AutoTests" name="[358] /home/travis/build/icyphy/ptII/ptolemy/actor/lib/test/auto/Switch2.xml (RunModel)" time="0.013" />
  <testcase classname="ptolemy.util.test.junit.AutoTests" name="[359] /home/travis/build/icyphy/ptII/ptolemy/actor/lib/test/auto/SwitchDE.xml (RunModel)" time="0.012" />
  <testcase classname="ptolemy.util.test.junit.AutoTests" name="[360] /home/travis/build/icyphy/ptII/ptolemy/actor/lib/test/auto/SynchronizerDE.xml (RunModel)" time="0.018" />
  <testcase classname="ptolemy.util.test.junit.AutoTests" name="[361] /home/travis/build/icyphy/ptII/ptolemy/actor/lib/test/auto/Test.xml (RunModel)" time="0.009" />
  <testcase classname="ptolemy.util.test.junit.AutoTests" name="[362] /home/travis/build/icyphy/ptII/ptolemy/actor/lib/test/auto/TestExceptionAttribute1.xml (RunModel)" time="0.005" />
  <testcase classname="ptolemy.util.test.junit.AutoTests" name="[363] /home/travis/build/icyphy/ptII/ptolemy/actor/lib/test/auto/TestExceptionAttribute2.xml (RunModel)" time="0.005" />
  <testcase classname="ptolemy.util.test.junit.AutoTests" name="[364] /home/travis/build/icyphy/ptII/ptolemy/actor/lib/test/auto/TestExceptionAttribute3.xml (RunModel)" time="0.006" />
  <testcase classname="ptolemy.util.test.junit.AutoTests" name="[365] /home/travis/build/icyphy/ptII/ptolemy/actor/lib/test/auto/TestExceptionAttribute4.xml (RunModel)" time="0.006" />
  <testcase classname="ptolemy.util.test.junit.AutoTests" name="[366] /home/travis/build/icyphy/ptII/ptolemy/actor/lib/test/auto/TestExceptionHandler1.xml (RunModel)" time="0.005" />
  <testcase classname="ptolemy.util.test.junit.AutoTests" name="[367] /home/travis/build/icyphy/ptII/ptolemy/actor/lib/test/auto/TestExceptionHandler2.xml (RunModel)" time="0.005" />
  <testcase classname="ptolemy.util.test.junit.AutoTests" name="[368] /home/travis/build/icyphy/ptII/ptolemy/actor/lib/test/auto/TestExceptionHandler3.xml (RunModel)" time="0.006" />
  <testcase classname="ptolemy.util.test.junit.AutoTests" name="[369] /home/travis/build/icyphy/ptII/ptolemy/actor/lib/test/auto/TestExceptionHandler4.xml (RunModel)" time="0.005" />
  <testcase classname="ptolemy.util.test.junit.AutoTests" name="[370] /home/travis/build/icyphy/ptII/ptolemy/actor/lib/test/auto/TestRequireCorrectOrder.xml (RunModel)" time="0.009" />
  <testcase classname="ptolemy.util.test.junit.AutoTests" name="[371] /home/travis/build/icyphy/ptII/ptolemy/actor/lib/test/auto/TestSimple.xml (RunModel)" time="0.006" />
  <testcase classname="ptolemy.util.test.junit.AutoTests" name="[372] /home/travis/build/icyphy/ptII/ptolemy/actor/lib/test/auto/ThrowModelError.xml (RunModel)" time="0.009" />
  <testcase classname="ptolemy.util.test.junit.AutoTests" name="[373] /home/travis/build/icyphy/ptII/ptolemy/actor/lib/test/auto/TimeDelayMicrosteps.xml (RunModel)" time="0.012" />
  <testcase classname="ptolemy.util.test.junit.AutoTests" name="[374] /home/travis/build/icyphy/ptII/ptolemy/actor/lib/test/auto/TimeDelayMicrosteps2.xml (RunModel)" time="0.014" />
  <testcase classname="ptolemy.util.test.junit.AutoTests" name="[375] /home/travis/build/icyphy/ptII/ptolemy/actor/lib/test/auto/TimeDelayMicrosteps3.xml (RunModel)" time="0.011" />
  <testcase classname="ptolemy.util.test.junit.AutoTests" name="[376] /home/travis/build/icyphy/ptII/ptolemy/actor/lib/test/auto/TimeDelayVariableMicrosteps.xml (RunModel)" time="0.01" />
  <testcase classname="ptolemy.util.test.junit.AutoTests" name="[377] /home/travis/build/icyphy/ptII/ptolemy/actor/lib/test/auto/TimeGap.xml (RunModel)" time="0.011" />
  <testcase classname="ptolemy.util.test.junit.AutoTests" name="[378] /home/travis/build/icyphy/ptII/ptolemy/actor/lib/test/auto/TimeGap2.xml (RunModel)" time="0.01" />
  <testcase classname="ptolemy.util.test.junit.AutoTests" name="[379] /home/travis/build/icyphy/ptII/ptolemy/actor/lib/test/auto/TimedSinewave.xml (RunModel)" time="0.038" />
  <testcase classname="ptolemy.util.test.junit.AutoTests" name="[380] /home/travis/build/icyphy/ptII/ptolemy/actor/lib/test/auto/TimedSinewavePhase.xml (RunModel)" time="0.039" />
  <testcase classname="ptolemy.util.test.junit.AutoTests" name="[381] /home/travis/build/icyphy/ptII/ptolemy/actor/lib/test/auto/Timer.xml (RunModel)" time="0.012" />
  <testcase classname="ptolemy.util.test.junit.AutoTests" name="[382] /home/travis/build/icyphy/ptII/ptolemy/actor/lib/test/auto/TriangularDistTestModel.xml (RunModel)" time="0.02" />
  <testcase classname="ptolemy.util.test.junit.AutoTests" name="[383] /home/travis/build/icyphy/ptII/ptolemy/actor/lib/test/auto/TrigFunction.xml (RunModel)" time="0.014" />
  <testcase classname="ptolemy.util.test.junit.AutoTests" name="[384] /home/travis/build/icyphy/ptII/ptolemy/actor/lib/test/auto/TrigFunctionDE.xml (RunModel)" time="0.012" />
  <testcase classname="ptolemy.util.test.junit.AutoTests" name="[385] /home/travis/build/icyphy/ptII/ptolemy/actor/lib/test/auto/TrigFunctionInverse.xml (RunModel)" time="0.01" />
  <testcase classname="ptolemy.util.test.junit.AutoTests" name="[386] /home/travis/build/icyphy/ptII/ptolemy/actor/lib/test/auto/TrigFunctionTan.xml (RunModel)" time="0.007" />
  <testcase classname="ptolemy.util.test.junit.AutoTests" name="[387] /home/travis/build/icyphy/ptII/ptolemy/actor/lib/test/auto/TriggeredClock.xml (RunModel)" time="0.009" />
  <testcase classname="ptolemy.util.test.junit.AutoTests" name="[388] /home/travis/build/icyphy/ptII/ptolemy/actor/lib/test/auto/URLDirectoryReader.xml (RunModel)" time="0.118" />
  <testcase classname="ptolemy.util.test.junit.AutoTests" name="[389] /home/travis/build/icyphy/ptII/ptolemy/actor/lib/test/auto/URLDirectoryReader3.xml (RunModel)" time="1.498" />
  <testcase classname="ptolemy.util.test.junit.AutoTests" name="[390] /home/travis/build/icyphy/ptII/ptolemy/actor/lib/test/auto/UnaryMathFunction.xml (RunModel)" time="0.029" />
  <testcase classname="ptolemy.util.test.junit.AutoTests" name="[391] /home/travis/build/icyphy/ptII/ptolemy/actor/lib/test/auto/Uniform.xml (RunModel)" time="0.011" />
  <testcase classname="ptolemy.util.test.junit.AutoTests" name="[392] /home/travis/build/icyphy/ptII/ptolemy/actor/lib/test/auto/UnionDisassemblerTest.xml (RunModel)" time="0.007" />
  <testcase classname="ptolemy.util.test.junit.AutoTests" name="[393] /home/travis/build/icyphy/ptII/ptolemy/actor/lib/test/auto/UtilityFunctions.xml (RunModel)" time="0.006" />
  <testcase classname="ptolemy.util.test.junit.AutoTests" name="[394] /home/travis/build/icyphy/ptII/ptolemy/actor/lib/test/auto/VariableSleep.xml (RunModel)" time="0.512" />
  <testcase classname="ptolemy.util.test.junit.AutoTests" name="[395] /home/travis/build/icyphy/ptII/ptolemy/actor/lib/test/auto/VectorAssemblerDisassemblerCT.xml (RunModel)" time="0.114" />
  <testcase classname="ptolemy.util.test.junit.AutoTests" name="[396] /home/travis/build/icyphy/ptII/ptolemy/actor/lib/test/auto/VectorAssemblerDisassemblerDE.xml (RunModel)" time="0.014" />
  <testcase classname="ptolemy.util.test.junit.AutoTests" name="[397] /home/travis/build/icyphy/ptII/ptolemy/actor/lib/test/auto/VectorAssemblerDisassemblerSDF.xml (RunModel)" time="0.012" />
  <testcase classname="ptolemy.util.test.junit.AutoTests" name="[398] /home/travis/build/icyphy/ptII/ptolemy/actor/lib/test/auto/WallClockTime.xml (RunModel)" time="1.013" />
  <testcase classname="ptolemy.util.test.junit.AutoTests" name="[399] /home/travis/build/icyphy/ptII/ptolemy/actor/lib/test/auto/WidthTestWithSubscriberPublisher.xml (RunModel)" time="0.043" />
  <testcase classname="ptolemy.util.test.junit.AutoTests" name="[400] /home/travis/build/icyphy/ptII/ptolemy/actor/lib/test/auto/WidthTestWithSubscriberPublisher2.xml (RunModel)" time="0.015" />
  <testcase classname="ptolemy.util.test.junit.AutoTests" name="[401] /home/travis/build/icyphy/ptII/ptolemy/actor/lib/test/auto/WidthTestWithSubscriberPublisher3.xml (RunModel)" time="0.025" />
  <testcase classname="ptolemy.util.test.junit.AutoTests" name="[402] /home/travis/build/icyphy/ptII/ptolemy/actor/lib/test/auto/Writer.xml (RunModel)" time="0.007" />
  <testcase classname="ptolemy.util.test.junit.AutoTests" name="[403] /home/travis/build/icyphy/ptII/ptolemy/actor/lib/test/auto/array.xml (RunModel)" time="0.008" />
  <testcase classname="ptolemy.util.test.junit.AutoTests" name="[404] /home/travis/build/icyphy/ptII/ptolemy/actor/lib/test/auto/array2.xml (RunModel)" time="0.009" />
  <testcase classname="ptolemy.util.test.junit.AutoTests" name="[405] /home/travis/build/icyphy/ptII/ptolemy/actor/lib/test/auto/arrayType.xml (RunModel)" time="0.011" />
  <testcase classname="ptolemy.util.test.junit.AutoTests" name="[406] /home/travis/build/icyphy/ptII/ptolemy/actor/lib/test/auto/arrayType10.xml (RunModel)" time="0.008" />
  <testcase classname="ptolemy.util.test.junit.AutoTests" name="[407] /home/travis/build/icyphy/ptII/ptolemy/actor/lib/test/auto/arrayType11.xml (RunModel)" time="0.009" />
  <testcase classname="ptolemy.util.test.junit.AutoTests" name="[408] /home/travis/build/icyphy/ptII/ptolemy/actor/lib/test/auto/arrayType12.xml (RunModel)" time="0.008" />
  <testcase classname="ptolemy.util.test.junit.AutoTests" name="[409] /home/travis/build/icyphy/ptII/ptolemy/actor/lib/test/auto/arrayType13.xml (RunModel)" time="0.01" />
  <testcase classname="ptolemy.util.test.junit.AutoTests" name="[410] /home/travis/build/icyphy/ptII/ptolemy/actor/lib/test/auto/arrayType14.xml (RunModel)" time="0.008" />
  <testcase classname="ptolemy.util.test.junit.AutoTests" name="[411] /home/travis/build/icyphy/ptII/ptolemy/actor/lib/test/auto/arrayType15.xml (RunModel)" time="0.01" />
  <testcase classname="ptolemy.util.test.junit.AutoTests" name="[412] /home/travis/build/icyphy/ptII/ptolemy/actor/lib/test/auto/arrayType16.xml (RunModel)" time="0.009" />
  <testcase classname="ptolemy.util.test.junit.AutoTests" name="[413] /home/travis/build/icyphy/ptII/ptolemy/actor/lib/test/auto/arrayType17.xml (RunModel)" time="0.009" />
  <testcase classname="ptolemy.util.test.junit.AutoTests" name="[414] /home/travis/build/icyphy/ptII/ptolemy/actor/lib/test/auto/arrayType18.xml (RunModel)" time="0.008" />
  <testcase classname="ptolemy.util.test.junit.AutoTests" name="[415] /home/travis/build/icyphy/ptII/ptolemy/actor/lib/test/auto/arrayType19.xml (RunModel)" time="0.01" />
  <testcase classname="ptolemy.util.test.junit.AutoTests" name="[416] /home/travis/build/icyphy/ptII/ptolemy/actor/lib/test/auto/arrayType2.xml (RunModel)" time="0.011" />
  <testcase classname="ptolemy.util.test.junit.AutoTests" name="[417] /home/travis/build/icyphy/ptII/ptolemy/actor/lib/test/auto/arrayType20.xml (RunModel)" time="0.01" />
  <testcase classname="ptolemy.util.test.junit.AutoTests" name="[418] /home/travis/build/icyphy/ptII/ptolemy/actor/lib/test/auto/arrayType21.xml (RunModel)" time="0.009" />
  <testcase classname="ptolemy.util.test.junit.AutoTests" name="[419] /home/travis/build/icyphy/ptII/ptolemy/actor/lib/test/auto/arrayType22.xml (RunModel)" time="0.008" />
  <testcase classname="ptolemy.util.test.junit.AutoTests" name="[420] /home/travis/build/icyphy/ptII/ptolemy/actor/lib/test/auto/arrayType23.xml (RunModel)" time="0.008" />
  <testcase classname="ptolemy.util.test.junit.AutoTests" name="[421] /home/travis/build/icyphy/ptII/ptolemy/actor/lib/test/auto/arrayType24.xml (RunModel)" time="0.009" />
  <testcase classname="ptolemy.util.test.junit.AutoTests" name="[422] /home/travis/build/icyphy/ptII/ptolemy/actor/lib/test/auto/arrayType25.xml (RunModel)" time="0.009" />
  <testcase classname="ptolemy.util.test.junit.AutoTests" name="[423] /home/travis/build/icyphy/ptII/ptolemy/actor/lib/test/auto/arrayType26.xml (RunModel)" time="0.008" />
  <testcase classname="ptolemy.util.test.junit.AutoTests" name="[424] /home/travis/build/icyphy/ptII/ptolemy/actor/lib/test/auto/arrayType27.xml (RunModel)" time="0.009" />
  <testcase classname="ptolemy.util.test.junit.AutoTests" name="[425] /home/travis/build/icyphy/ptII/ptolemy/actor/lib/test/auto/arrayType28.xml (RunModel)" time="0.013" />
  <testcase classname="ptolemy.util.test.junit.AutoTests" name="[426] /home/travis/build/icyphy/ptII/ptolemy/actor/lib/test/auto/arrayType3.xml (RunModel)" time="0.015" />
  <testcase classname="ptolemy.util.test.junit.AutoTests" name="[427] /home/travis/build/icyphy/ptII/ptolemy/actor/lib/test/auto/arrayType4.xml (RunModel)" time="0.01" />
  <testcase classname="ptolemy.util.test.junit.AutoTests" name="[428] /home/travis/build/icyphy/ptII/ptolemy/actor/lib/test/auto/arrayType5.xml (RunModel)" time="0.01" />
  <testcase classname="ptolemy.util.test.junit.AutoTests" name="[429] /home/travis/build/icyphy/ptII/ptolemy/actor/lib/test/auto/arrayType6.xml (RunModel)" time="0.008" />
  <testcase classname="ptolemy.util.test.junit.AutoTests" name="[430] /home/travis/build/icyphy/ptII/ptolemy/actor/lib/test/auto/arrayType7.xml (RunModel)" time="0.008" />
  <testcase classname="ptolemy.util.test.junit.AutoTests" name="[431] /home/travis/build/icyphy/ptII/ptolemy/actor/lib/test/auto/arrayType8.xml (RunModel)" time="0.008" />
  <testcase classname="ptolemy.util.test.junit.AutoTests" name="[432] /home/travis/build/icyphy/ptII/ptolemy/actor/lib/test/auto/arrayType9.xml (RunModel)" time="0.019" />
  <testcase classname="ptolemy.util.test.junit.AutoTests" name="[433] /home/travis/build/icyphy/ptII/ptolemy/actor/lib/test/auto/cast.xml (RunModel)" time="0.008" />
  <testcase classname="ptolemy.util.test.junit.AutoTests" name="[434] /home/travis/build/icyphy/ptII/ptolemy/actor/lib/test/auto/compositeMultiPort.xml (RunModel)" time="0.016" />
  <testcase classname="ptolemy.util.test.junit.AutoTests" name="[435] /home/travis/build/icyphy/ptII/ptolemy/actor/lib/test/auto/expressionCastInference.xml (RunModel)" time="0.011" />
  <testcase classname="ptolemy.util.test.junit.AutoTests" name="[436] /home/travis/build/icyphy/ptII/ptolemy/actor/lib/test/auto/expressionCastInference2.xml (RunModel)" time="0.008" />
  <testcase classname="ptolemy.util.test.junit.AutoTests" name="[437] /home/travis/build/icyphy/ptII/ptolemy/actor/lib/test/auto/expressionInference.xml (RunModel)" time="0.007" />
  <testcase classname="ptolemy.util.test.junit.AutoTests" name="[438] /home/travis/build/icyphy/ptII/ptolemy/actor/lib/test/auto/expression_bug.xml (RunModel)" time="0.008" />
  <testcase classname="ptolemy.util.test.junit.AutoTests" name="[439] /home/travis/build/icyphy/ptII/ptolemy/actor/lib/test/auto/factorial.xml (RunModel)" time="0.038" />
  <testcase classname="ptolemy.util.test.junit.AutoTests" name="[440] /home/travis/build/icyphy/ptII/ptolemy/actor/lib/test/auto/filterTest1.xml (RunModel)" time="0.016" />
  <testcase classname="ptolemy.util.test.junit.AutoTests" name="[441] /home/travis/build/icyphy/ptII/ptolemy/actor/lib/test/auto/funcApplyInConst.xml (RunModel)" time="0.007" />
  <testcase classname="ptolemy.util.test.junit.AutoTests" name="[442] /home/travis/build/icyphy/ptII/ptolemy/actor/lib/test/auto/funcApplyInExpr.xml (RunModel)" time="0.006" />
  <testcase classname="ptolemy.util.test.junit.AutoTests" name="[443] /home/travis/build/icyphy/ptII/ptolemy/actor/lib/test/auto/function.xml (RunModel)" time="0.01" />
  <testcase classname="ptolemy.util.test.junit.AutoTests" name="[444] /home/travis/build/icyphy/ptII/ptolemy/actor/lib/test/auto/function2.xml (RunModel)" time="0.009" />
  <testcase classname="ptolemy.util.test.junit.AutoTests" name="[445] /home/travis/build/icyphy/ptII/ptolemy/actor/lib/test/auto/function3.xml (RunModel)" time="0.012" />
  <testcase classname="ptolemy.util.test.junit.AutoTests" name="[446] /home/travis/build/icyphy/ptII/ptolemy/actor/lib/test/auto/functionClosureTest1.xml (RunModel)" time="0.011" />
  <testcase classname="ptolemy.util.test.junit.AutoTests" name="[447] /home/travis/build/icyphy/ptII/ptolemy/actor/lib/test/auto/functionClosureTest2.xml (RunModel)" time="0.007" />
  <testcase classname="ptolemy.util.test.junit.AutoTests" name="[448] /home/travis/build/icyphy/ptII/ptolemy/actor/lib/test/auto/functionClosureTest3.xml (RunModel)" time="0.009" />
  <testcase classname="ptolemy.util.test.junit.AutoTests" name="[449] /home/travis/build/icyphy/ptII/ptolemy/actor/lib/test/auto/functionClosureTest4.xml (RunModel)" time="0.015" />
  <testcase classname="ptolemy.util.test.junit.AutoTests" name="[450] /home/travis/build/icyphy/ptII/ptolemy/actor/lib/test/auto/functionClosureTest5.xml (RunModel)" time="0.012" />
  <testcase classname="ptolemy.util.test.junit.AutoTests" name="[451] /home/travis/build/icyphy/ptII/ptolemy/actor/lib/test/auto/functionClosureTest6.xml (RunModel)" time="0.01" />
  <testcase classname="ptolemy.util.test.junit.AutoTests" name="[452] /home/travis/build/icyphy/ptII/ptolemy/actor/lib/test/auto/functionsOnArcs.xml (RunModel)" time="0.009" />
  <testcase classname="ptolemy.util.test.junit.AutoTests" name="[453] /home/travis/build/icyphy/ptII/ptolemy/actor/lib/test/auto/functionsOnArcsHOF.xml (RunModel)" time="0.015" />
  <testcase classname="ptolemy.util.test.junit.AutoTests" name="[454] /home/travis/build/icyphy/ptII/ptolemy/actor/lib/test/auto/logic.xml (RunModel)" time="0.015" />
  <testcase classname="ptolemy.util.test.junit.AutoTests" name="[455] /home/travis/build/icyphy/ptII/ptolemy/actor/lib/test/auto/matrixType.xml (RunModel)" time="0.008" />
  <testcase classname="ptolemy.util.test.junit.AutoTests" name="[456] /home/travis/build/icyphy/ptII/ptolemy/actor/lib/test/auto/matrixType10.xml (RunModel)" time="0.008" />
  <testcase classname="ptolemy.util.test.junit.AutoTests" name="[457] /home/travis/build/icyphy/ptII/ptolemy/actor/lib/test/auto/matrixType11.xml (RunModel)" time="0.009" />
  <testcase classname="ptolemy.util.test.junit.AutoTests" name="[458] /home/travis/build/icyphy/ptII/ptolemy/actor/lib/test/auto/matrixType12.xml (RunModel)" time="0.009" />
  <testcase classname="ptolemy.util.test.junit.AutoTests" name="[459] /home/travis/build/icyphy/ptII/ptolemy/actor/lib/test/auto/matrixType13.xml (RunModel)" time="0.009" />
  <testcase classname="ptolemy.util.test.junit.AutoTests" name="[460] /home/travis/build/icyphy/ptII/ptolemy/actor/lib/test/auto/matrixType14.xml (RunModel)" time="0.009" />
  <testcase classname="ptolemy.util.test.junit.AutoTests" name="[461] /home/travis/build/icyphy/ptII/ptolemy/actor/lib/test/auto/matrixType2.xml (RunModel)" time="0.009" />
  <testcase classname="ptolemy.util.test.junit.AutoTests" name="[462] /home/travis/build/icyphy/ptII/ptolemy/actor/lib/test/auto/matrixType3.xml (RunModel)" time="0.01" />
  <testcase classname="ptolemy.util.test.junit.AutoTests" name="[463] /home/travis/build/icyphy/ptII/ptolemy/actor/lib/test/auto/matrixType4.xml (RunModel)" time="0.009" />
  <testcase classname="ptolemy.util.test.junit.AutoTests" name="[464] /home/travis/build/icyphy/ptII/ptolemy/actor/lib/test/auto/matrixType5.xml (RunModel)" time="0.009" />
  <testcase classname="ptolemy.util.test.junit.AutoTests" name="[465] /home/travis/build/icyphy/ptII/ptolemy/actor/lib/test/auto/matrixType6.xml (RunModel)" time="0.008" />
  <testcase classname="ptolemy.util.test.junit.AutoTests" name="[466] /home/travis/build/icyphy/ptII/ptolemy/actor/lib/test/auto/matrixType7.xml (RunModel)" time="0.009" />
  <testcase classname="ptolemy.util.test.junit.AutoTests" name="[467] /home/travis/build/icyphy/ptII/ptolemy/actor/lib/test/auto/matrixType8.xml (RunModel)" time="0.009" />
  <testcase classname="ptolemy.util.test.junit.AutoTests" name="[468] /home/travis/build/icyphy/ptII/ptolemy/actor/lib/test/auto/matrixType9.xml (RunModel)" time="0.008" />
  <testcase classname="ptolemy.util.test.junit.AutoTests" name="[469] /home/travis/build/icyphy/ptII/ptolemy/actor/lib/test/auto/paraFunctest.xml (RunModel)" time="0.008" />
  <testcase classname="ptolemy.util.test.junit.AutoTests" name="[470] /home/travis/build/icyphy/ptII/ptolemy/actor/lib/test/auto/paraFunctest2.xml (RunModel)" time="0.008" />
  <testcase classname="ptolemy.util.test.junit.AutoTests" name="[471] /home/travis/build/icyphy/ptII/ptolemy/actor/lib/test/auto/parameterPassing.xml (RunModel)" time="0.031" />
  <testcase classname="ptolemy.util.test.junit.AutoTests" name="[472] /home/travis/build/icyphy/ptII/ptolemy/actor/lib/test/auto/record.xml (RunModel)" time="0.008" />
  <testcase classname="ptolemy.util.test.junit.AutoTests" name="[473] /home/travis/build/icyphy/ptII/ptolemy/actor/lib/test/auto/sizedarray1.xml (RunModel)" time="0.008" />
  <testcase classname="ptolemy.util.test.junit.AutoTests" name="[474] /home/travis/build/icyphy/ptII/ptolemy/actor/lib/test/auto/sizedarray2.xml (RunModel)" time="0.009" />
  <testcase classname="ptolemy.util.test.junit.AutoTests" name="[475] /home/travis/build/icyphy/ptII/ptolemy/actor/lib/test/auto/twoPublishers.xml (RunModel)" time="0.017" />
  <system-out><![CDATA[/home/travis/build/icyphy/ptII/ptolemy/actor/lib/test/AbsoluteValue.tcl
testDefs.tcl: setting time out to 9000 seconds at Wed Aug 29 01:58:40 UTC 2018
83 ms. Memory: 116224K Free: 106774K (92%)
6 ms. Memory: 116224K Free: 105579K (91%)
4 ms. Memory: 116224K Free: 104399K (90%)
4 ms. Memory: 116224K Free: 103794K (89%)
/home/travis/build/icyphy/ptII/ptolemy/actor/lib/test/AddSubtract.tcl
16 ms. Memory: 116224K Free: 102002K (88%)
7 ms. Memory: 116224K Free: 100799K (87%)
8 ms. Memory: 116224K Free: 100209K (86%)
10 ms. Memory: 116224K Free: 99620K (86%)
15 ms. Memory: 116224K Free: 98990K (85%)
8 ms. Memory: 116224K Free: 97811K (84%)
/home/travis/build/icyphy/ptII/ptolemy/actor/lib/test/Average.tcl
13 ms. Memory: 116224K Free: 96616K (83%)
6 ms. Memory: 116224K Free: 94824K (82%)
/home/travis/build/icyphy/ptII/ptolemy/actor/lib/test/Bernoulli.tcl
11 ms. Memory: 116224K Free: 93597K (81%)
2 ms. Memory: 116224K Free: 93007K (80%)
/home/travis/build/icyphy/ptII/ptolemy/actor/lib/test/Clock.tcl
preinitializing
resolving types
initializing
executing number 1
wrapping up
idle
10 ms. Memory: 116224K Free: 90633K (78%)
Completed execution with 5 iterations
preinitializing
resolving types
initializing
executing number 1
wrapping up
idle
3 ms. Memory: 116224K Free: 90044K (77%)
Completed execution with 5 iterations
preinitializing
resolving types
initializing
executing number 1
wrapping up
idle
3 ms. Memory: 116224K Free: 88840K (76%)
Completed execution with 5 iterations
/home/travis/build/icyphy/ptII/ptolemy/actor/lib/test/Commutator.tcl
11 ms. Memory: 116224K Free: 86426K (74%)
12 ms. Memory: 116224K Free: 85796K (74%)
7 ms. Memory: 116224K Free: 81178K (70%)
/home/travis/build/icyphy/ptII/ptolemy/actor/lib/test/Const.tcl
6 ms. Memory: 146944K Free: 138805K (94%)
2 ms. Memory: 146944K Free: 138805K (94%)
2 ms. Memory: 146944K Free: 137606K (94%)
2 ms. Memory: 146944K Free: 137606K (94%)
3 ms. Memory: 146944K Free: 136415K (93%)
20 ms. Memory: 146944K Free: 135224K (92%)
18 ms. Memory: 146944K Free: 134017K (91%)
3 ms. Memory: 146944K Free: 132810K (90%)
/home/travis/build/icyphy/ptII/ptolemy/actor/lib/test/CurrentTime.tcl
preinitializing
resolving types
initializing
executing number 1
wrapping up
idle
15 ms. Memory: 146944K Free: 131619K (90%)
Completed execution with 11 iterations
/home/travis/build/icyphy/ptII/ptolemy/actor/lib/test/DB.tcl
7 ms. Memory: 146944K Free: 129221K (88%)
2 ms. Memory: 146944K Free: 129221K (88%)
2 ms. Memory: 146944K Free: 128014K (87%)
/home/travis/build/icyphy/ptII/ptolemy/actor/lib/test/DiscreteRandomSource.tcl
preinitializing
resolving types
initializing
executing number 1
wrapping up
idle
6 ms. Memory: 146944K Free: 126807K (86%)
Completed execution with 4 iterations
preinitializing
resolving types
initializing
executing number 1
wrapping up
idle
2 ms. Memory: 146944K Free: 126807K (86%)
Completed execution with 4 iterations
preinitializing
resolving types
initializing
executing number 1
wrapping up
idle
2 ms. Memory: 146944K Free: 125600K (85%)
Completed execution with 4 iterations
preinitializing
resolving types
initializing
executing number 1
wrapping up
idle
2 ms. Memory: 146944K Free: 125600K (85%)
Completed execution with 4 iterations
preinitializing
resolving types
initializing
executing number 1
wrapping up
idle
9 ms. Memory: 146944K Free: 124409K (85%)
Completed execution with 4 iterations
/home/travis/build/icyphy/ptII/ptolemy/actor/lib/test/Distributor.tcl
11 ms. Memory: 146944K Free: 123202K (84%)
9 ms. Memory: 146944K Free: 121995K (83%)
StreamChangeRequest.changeExecuted(): <deleteEntity name="rec2"/> succeeded
StreamChangeRequest.changeExecuted(): <deleteRelation name="r2"/> succeeded
StreamChangeRequest.changeExecuted(): Record firings per iteration succeeded
15 ms. Memory: 146944K Free: 119613K (81%)
/home/travis/build/icyphy/ptII/ptolemy/actor/lib/test/Exit.tcl
Exit.tcl: this will print a message about Manager.exitAfterWrapup, which can be ignored.
2 ms. Memory: 146944K Free: 116616K (79%)
/home/travis/build/icyphy/ptII/ptolemy/actor/lib/test/Expression.tcl
8 ms. Memory: 146944K Free: 114196K (78%)
13 ms. Memory: 146944K Free: 113005K (77%)
2 ms. Memory: 146944K Free: 111814K (76%)
preinitializing
resolving types
initializing
executing number 1
wrapping up
idle
7 ms. Memory: 146944K Free: 110624K (75%)
Completed execution with 6 iterations
6 ms. Memory: 146944K Free: 109433K (74%)
2 ms. Memory: 146944K Free: 109433K (74%)
4 ms. Memory: 146944K Free: 108242K (74%)
4 ms. Memory: 146944K Free: 107051K (73%)
3 ms. Memory: 146944K Free: 105860K (72%)
/home/travis/build/icyphy/ptII/ptolemy/actor/lib/test/Gaussian.tcl
6 ms. Memory: 146944K Free: 103478K (70%)
sleeping 1 seconds: ....................................................................................................................................................................................................................................................................................................................................................................................................................................................................................................................................................................................................3 ms. Memory: 146944K Free: 101096K (69%)
2 ms. Memory: 146944K Free: 99905K (68%)
1 ms. Memory: 146944K Free: 99905K (68%)
3 ms. Memory: 146944K Free: 98714K (67%)
7 ms. Memory: 146944K Free: 98714K (67%)
/home/travis/build/icyphy/ptII/ptolemy/actor/lib/test/IIR.tcl
/home/travis/build/icyphy/ptII/ptolemy/actor/lib/test/Interpolator.tcl
4 ms. Memory: 146944K Free: 93950K (64%)
3 ms. Memory: 146944K Free: 93950K (64%)
4 ms. Memory: 146944K Free: 92759K (63%)
2 ms. Memory: 146944K Free: 92759K (63%)
2 ms. Memory: 146944K Free: 91568K (62%)
9 ms. Memory: 146944K Free: 90377K (62%)
2 ms. Memory: 146944K Free: 90377K (62%)
7 ms. Memory: 146944K Free: 89185K (61%)
2 ms. Memory: 146944K Free: 87994K (60%)
4 ms. Memory: 146944K Free: 86804K (59%)
/home/travis/build/icyphy/ptII/ptolemy/actor/lib/test/MathFunction.tcl
4 ms. Memory: 146944K Free: 84422K (57%)
11 ms. Memory: 146944K Free: 84422K (57%)
1 ms. Memory: 146944K Free: 83231K (57%)
2 ms. Memory: 146944K Free: 82040K (56%)
21 ms. Memory: 146944K Free: 140083K (95%)
6 ms. Memory: 146944K Free: 138892K (95%)
/home/travis/build/icyphy/ptII/ptolemy/actor/lib/test/Maximum.tcl
4 ms. Memory: 146944K Free: 136509K (93%)
6 ms. Memory: 146944K Free: 136509K (93%)
4 ms. Memory: 146944K Free: 135317K (92%)
5 ms. Memory: 146944K Free: 134126K (91%)
/home/travis/build/icyphy/ptII/ptolemy/actor/lib/test/Minimum.tcl
5 ms. Memory: 146944K Free: 132934K (90%)
3 ms. Memory: 146944K Free: 131742K (90%)
3 ms. Memory: 146944K Free: 131742K (90%)
4 ms. Memory: 146944K Free: 130551K (89%)
/home/travis/build/icyphy/ptII/ptolemy/actor/lib/test/MultiplyDivide.tcl
8 ms. Memory: 146944K Free: 129359K (88%)
7 ms. Memory: 146944K Free: 128167K (87%)
2 ms. Memory: 146944K Free: 126976K (86%)
2 ms. Memory: 146944K Free: 126976K (86%)
4 ms. Memory: 146944K Free: 125784K (86%)
/home/travis/build/icyphy/ptII/ptolemy/actor/lib/test/OrderedMerge.tcl
Connections changed on port: inputA
Connections changed on port: inputB
Connections changed on port: output
Connections changed on port: output
Connections changed on port: output
Connections changed on port: input
.top. Preinitializing ...
Invoking preinitialize():  .top.OrderedMerge
Called preinitialize()
Invoking preinitialize():  .top.Ramp
Called preinitialize()
Invoking preinitialize():  .top.Ramp2
Called preinitialize()
Invoking preinitialize():  .top.Test
Called preinitialize()
Connections changed on port: inputA
Connections changed on port: output
Connections changed on port: inputB
Connections changed on port: output
Connections changed on port: output
Connections changed on port: input
.top. Finished preinitialize().
Called initialize().
Invoking initialize():  .top.OrderedMerge
Initializing actor: .top.OrderedMerge
Adding a thread: .top.OrderedMerge
Invoking initialize():  .top.Ramp
Initializing actor: .top.Ramp
Adding a thread: .top.Ramp
Invoking initialize():  .top.Ramp2
Initializing actor: .top.Ramp2
Adding a thread: .top.Ramp2
Invoking initialize():  .top.Test
Initializing actor: .top.Test
Adding a thread: .top.Test
-- Starting thread.
Called initialize()
Called prefire()
Called fire()
-- Starting thread.
Called initialize()
Called prefire()
Called fire()
Called postfire()
Called prefire()
Called fire()
-- Starting thread.
Called initialize()
Called prefire()
Called fire()
Called postfire()
Called prefire()
Called fire()
Called fire().
Checking for deadlock:
There are 3 Blocked actors, 0 Stopped actors, and 4 active threads.
Waiting for actors to stop.
-- Starting thread.
Called initialize()
Called prefire()
Called fire()
Checking for deadlock:
There are 2 Blocked actors, 0 Stopped actors, and 4 active threads.
Waiting for actors to stop.
Called postfire()
Called prefire()
Called fire()
Checking for deadlock:
There are 3 Blocked actors, 0 Stopped actors, and 4 active threads.
Waiting for actors to stop.
Read input token from inputA with value 0.0
Next port to read input from is inputB
Called postfire()
Called prefire()
Called fire()
Checking for deadlock:
There are 2 Blocked actors, 0 Stopped actors, and 4 active threads.
Waiting for actors to stop.
Called postfire()
Called prefire()
Called fire()
Checking for deadlock:
There are 3 Blocked actors, 0 Stopped actors, and 4 active threads.
Waiting for actors to stop.
Read input token from inputB with value 0.0
Checking for deadlock:
There are 2 Blocked actors, 0 Stopped actors, and 4 active threads.
Waiting for actors to stop.
-- Read input: 0.0, which is expected to match: 0.0
Called prefire()
Called fire()
Checking for deadlock:
There are 3 Blocked actors, 0 Stopped actors, and 4 active threads.
Waiting for actors to stop.
Sent output token with value 0.0
Next port to read input from is inputA
Called postfire()
Called prefire()
Called fire()
Called postfire()
Called prefire()
Called fire()
Checking for deadlock:
There are 3 Blocked actors, 0 Stopped actors, and 4 active threads.
Waiting for actors to stop.
Read input token from inputA with value 1.0
-- Read input: 0.0, which is expected to match: 0.0
Called prefire()
Called fire()
Checking for deadlock:
There are 3 Blocked actors, 0 Stopped actors, and 4 active threads.
Waiting for actors to stop.
Sent output token with value 0.0
Next port to read input from is inputB
Called postfire()
Called prefire()
Called fire()
Checking for deadlock:
There are 2 Blocked actors, 0 Stopped actors, and 4 active threads.
Waiting for actors to stop.
Called postfire()
Called prefire()
Called fire()
Checking for deadlock:
There are 3 Blocked actors, 0 Stopped actors, and 4 active threads.
Waiting for actors to stop.
Read input token from inputB with value 1.5
Checking for deadlock:
There are 2 Blocked actors, 0 Stopped actors, and 4 active threads.
Waiting for actors to stop.
-- Read input: 1.0, which is expected to match: 1.0
Called prefire()
Called fire()
Checking for deadlock:
There are 3 Blocked actors, 0 Stopped actors, and 4 active threads.
Waiting for actors to stop.
Sent output token with value 1.0
Next port to read input from is inputA
Called postfire()
Called prefire()
Called fire()
Called postfire()
Called prefire()
Called fire()
Checking for deadlock:
There are 3 Blocked actors, 0 Stopped actors, and 4 active threads.
Waiting for actors to stop.
Read input token from inputA with value 2.0
-- Read input: 1.5, which is expected to match: 1.5
Called prefire()
Called fire()
Checking for deadlock:
There are 3 Blocked actors, 0 Stopped actors, and 4 active threads.
Waiting for actors to stop.
Sent output token with value 1.5
Next port to read input from is inputB
Called postfire()
Called prefire()
Called fire()
Checking for deadlock:
There are 2 Blocked actors, 0 Stopped actors, and 4 active threads.
Waiting for actors to stop.
Called postfire()
Called prefire()
Called fire()
Checking for deadlock:
There are 3 Blocked actors, 0 Stopped actors, and 4 active threads.
Waiting for actors to stop.
Read input token from inputB with value 3.0
Checking for deadlock:
There are 2 Blocked actors, 0 Stopped actors, and 4 active threads.
Waiting for actors to stop.
-- Read input: 2.0, which is expected to match: 2.0
Called prefire()
Called fire()
Checking for deadlock:
There are 3 Blocked actors, 0 Stopped actors, and 4 active threads.
Waiting for actors to stop.
Sent output token with value 2.0
Next port to read input from is inputA
Called postfire()
Called prefire()
Called fire()
Called postfire()
Called prefire()
Called fire()
Checking for deadlock:
There are 3 Blocked actors, 0 Stopped actors, and 4 active threads.
Waiting for actors to stop.
Read input token from inputA with value 3.0
-- Read input: 3.0, which is expected to match: 3.0
Called prefire()
Called fire()
Checking for deadlock:
There are 3 Blocked actors, 0 Stopped actors, and 4 active threads.
Waiting for actors to stop.
Sent output token with value 3.0
Next port to read input from is inputB
Called postfire()
Called prefire()
Called fire()
Checking for deadlock:
There are 2 Blocked actors, 0 Stopped actors, and 4 active threads.
Waiting for actors to stop.
Called postfire()
Called prefire()
Called fire()
Checking for deadlock:
There are 3 Blocked actors, 0 Stopped actors, and 4 active threads.
Waiting for actors to stop.
Read input token from inputB with value 4.5
Checking for deadlock:
There are 2 Blocked actors, 0 Stopped actors, and 4 active threads.
Waiting for actors to stop.
-- Read input: 3.0, which is expected to match: 3.0
Called prefire()
Called fire()
Checking for deadlock:
There are 3 Blocked actors, 0 Stopped actors, and 4 active threads.
Waiting for actors to stop.
Sent output token with value 3.0
Next port to read input from is inputA
Called postfire()
Called prefire()
Called fire()
Called postfire()
Called prefire()
Called fire()
Checking for deadlock:
There are 3 Blocked actors, 0 Stopped actors, and 4 active threads.
Waiting for actors to stop.
Read input token from inputA with value 4.0
-- Read input: 4.0, which is expected to match: 4.0
Called prefire()
Called fire()
Past the end of training data. Read and discard all inputs.
Checking for deadlock:
There are 3 Blocked actors, 0 Stopped actors, and 4 active threads.
Waiting for actors to stop.
Sent output token with value 4.0
Next port to read input from is inputA
Called postfire()
Called prefire()
Called fire()
Called postfire()
Called prefire()
Called fire()
Checking for deadlock:
There are 3 Blocked actors, 0 Stopped actors, and 4 active threads.
Waiting for actors to stop.
Read input token from inputA with value 5.0
Called prefire()
Called fire()
Past the end of training data. Read and discard all inputs.
Checking for deadlock:
There are 3 Blocked actors, 0 Stopped actors, and 4 active threads.
Waiting for actors to stop.
Sent output token with value 4.5
Next port to read input from is inputB
Called postfire()
Called prefire()
Called fire()
Checking for deadlock:
There are 2 Blocked actors, 0 Stopped actors, and 4 active threads.
Waiting for actors to stop.
Called postfire()
Called prefire()
Called fire()
Checking for deadlock:
There are 3 Blocked actors, 0 Stopped actors, and 4 active threads.
Waiting for actors to stop.
Read input token from inputB with value 6.0
Checking for deadlock:
There are 2 Blocked actors, 0 Stopped actors, and 4 active threads.
Waiting for actors to stop.
Called prefire()
Called fire()
Past the end of training data. Read and discard all inputs.
Checking for deadlock:
There are 3 Blocked actors, 0 Stopped actors, and 4 active threads.
Waiting for actors to stop.
Sent output token with value 5.0
Next port to read input from is inputA
Called postfire()
Called prefire()
Called fire()
Called postfire()
Called prefire()
Called fire()
Checking for deadlock:
There are 3 Blocked actors, 0 Stopped actors, and 4 active threads.
Waiting for actors to stop.
Read input token from inputA with value 6.0
Called prefire()
Called fire()
Past the end of training data. Read and discard all inputs.
Checking for deadlock:
There are 3 Blocked actors, 0 Stopped actors, and 4 active threads.
Waiting for actors to stop.
Sent output token with value 6.0
Next port to read input from is inputB
Called postfire()
Called prefire()
Called fire()
Checking for deadlock:
There are 2 Blocked actors, 0 Stopped actors, and 4 active threads.
Waiting for actors to stop.
Called postfire()
Called prefire()
Called fire()
Checking for deadlock:
There are 3 Blocked actors, 0 Stopped actors, and 4 active threads.
Waiting for actors to stop.
Read input token from inputB with value 7.5
Checking for deadlock:
There are 2 Blocked actors, 0 Stopped actors, and 4 active threads.
Waiting for actors to stop.
Called prefire()
Called fire()
Past the end of training data. Read and discard all inputs.
Checking for deadlock:
There are 3 Blocked actors, 0 Stopped actors, and 4 active threads.
Waiting for actors to stop.
Sent output token with value 6.0
Next port to read input from is inputA
Called postfire()
Called prefire()
Called fire()
Called postfire()
Called prefire()
Called fire()
Checking for deadlock:
There are 3 Blocked actors, 0 Stopped actors, and 4 active threads.
Waiting for actors to stop.
Read input token from inputA with value 7.0
Called prefire()
Called fire()
Past the end of training data. Read and discard all inputs.
Checking for deadlock:
There are 3 Blocked actors, 0 Stopped actors, and 4 active threads.
Waiting for actors to stop.
Sent output token with value 7.0
Next port to read input from is inputA
Called postfire()
Called prefire()
Called fire()
-- Thread wrapup() called.
Called wrapup()
Thread .top.Ramp is exiting.
-- Thread stopped.
Checking for deadlock:
There are 2 Blocked actors, 0 Stopped actors, and 3 active threads.
Waiting for actors to stop.
Read input token from inputA with value 8.0
Called prefire()
Called fire()
Past the end of training data. Read and discard all inputs.
Checking for deadlock:
There are 2 Blocked actors, 0 Stopped actors, and 3 active threads.
Waiting for actors to stop.
Sent output token with value 7.5
Next port to read input from is inputB
Called postfire()
Called prefire()
Called fire()
Checking for deadlock:
There are 1 Blocked actors, 0 Stopped actors, and 3 active threads.
Waiting for actors to stop.
Called postfire()
Called prefire()
Called fire()
Checking for deadlock:
There are 2 Blocked actors, 0 Stopped actors, and 3 active threads.
Waiting for actors to stop.
Read input token from inputB with value 9.0
Checking for deadlock:
There are 1 Blocked actors, 0 Stopped actors, and 3 active threads.
Waiting for actors to stop.
Called prefire()
Called fire()
Past the end of training data. Read and discard all inputs.
Checking for deadlock:
There are 2 Blocked actors, 0 Stopped actors, and 3 active threads.
Waiting for actors to stop.
Sent output token with value 8.0
Next port to read input from is inputA
Called postfire()
Called prefire()
Called fire()
Read input token from inputA with value 9.0
Checking for deadlock:
There are 1 Blocked actors, 0 Stopped actors, and 3 active threads.
Waiting for actors to stop.
Called prefire()
Called fire()
Past the end of training data. Read and discard all inputs.
Checking for deadlock:
There are 2 Blocked actors, 0 Stopped actors, and 3 active threads.
Waiting for actors to stop.
Sent output token with value 9.0
Next port to read input from is inputB
Called postfire()
Called prefire()
Called fire()
Checking for deadlock:
There are 1 Blocked actors, 0 Stopped actors, and 3 active threads.
Waiting for actors to stop.
Called postfire()
Called prefire()
Called fire()
Checking for deadlock:
There are 2 Blocked actors, 0 Stopped actors, and 3 active threads.
Waiting for actors to stop.
Read input token from inputB with value 10.5
Checking for deadlock:
There are 1 Blocked actors, 0 Stopped actors, and 3 active threads.
Waiting for actors to stop.
Called prefire()
Called fire()
Past the end of training data. Read and discard all inputs.
Checking for deadlock:
There are 2 Blocked actors, 0 Stopped actors, and 3 active threads.
Waiting for actors to stop.
Sent output token with value 9.0
Next port to read input from is inputA
Called postfire()
Called prefire()
Called fire()
Checking for deadlock:
There are 3 Blocked actors, 0 Stopped actors, and 3 active threads.
Actors have stopped.
Checking for deadlock:
There are 3 Blocked actors, 0 Stopped actors, and 3 active threads.
Deadlock detected.
Resolving Deadlock
Checking for deadlock:
There are 3 Blocked actors, 0 Stopped actors, and 3 active threads.
Artificial Deadlock - increasing queue capacity.
increasing the capacity of receiver ptolemy.actor.TypedIOPort {.top.OrderedMerge.inputB} to 2
Director: Called postfire().
Called postfire().
_stopRequested = false
_stopFireRequested = false
Returning from postfire(): true
Called fire().
Checking for deadlock:
There are 2 Blocked actors, 0 Stopped actors, and 3 active threads.
Waiting for actors to stop.
-- Thread wrapup() called.
Called wrapup()
Thread .top.Ramp2 is exiting.
-- Thread stopped.
Checking for deadlock:
There are 2 Blocked actors, 0 Stopped actors, and 2 active threads.
Actors have stopped.
Checking for deadlock:
There are 2 Blocked actors, 0 Stopped actors, and 2 active threads.
Deadlock detected.
Resolving Deadlock
Checking for deadlock:
There are 2 Blocked actors, 0 Stopped actors, and 2 active threads.
Deadlock detected: no processes blocked on write, but some are blocked on read.
Called postfire().
_stopRequested = false
_stopFireRequested = false
Returning from postfire(): false
Finished deactivating branches.
Called wrapup().
-- Thread wrapup() called.
Called wrapup()
Thread .top.OrderedMerge is exiting.
-- Thread stopped.
-- Blocked Receiver call threw TerminateProcessException.
-- Thread wrapup() called.
Called wrapup()
Thread .top.Test is exiting.
-- Thread stopped.
-- Blocked Receiver call threw TerminateProcessException.
33 ms. Memory: 146944K Free: 121762K (83%)
.top. Preinitializing ...
Invoking preinitialize():  .top.OrderedMerge
Called preinitialize()
Invoking preinitialize():  .top.Ramp
Called preinitialize()
Invoking preinitialize():  .top.Ramp2
Called preinitialize()
Invoking preinitialize():  .top.Test
Called preinitialize()
.top. Finished preinitialize().
Called initialize().
Invoking initialize():  .top.OrderedMerge
Initializing actor: .top.OrderedMerge
Adding a thread: .top.OrderedMerge
Invoking initialize():  .top.Ramp
Initializing actor: .top.Ramp
Adding a thread: .top.Ramp
Invoking initialize():  .top.Ramp2
Initializing actor: .top.Ramp2
Adding a thread: .top.Ramp2
Invoking initialize():  .top.Test
Initializing actor: .top.Test
Adding a thread: .top.Test
-- Starting thread.
Called initialize()
Called prefire()
Called fire()
-- Starting thread.
Called initialize()
Called prefire()
Called fire()
Called postfire()
Called prefire()
Called fire()
-- Starting thread.
Called initialize()
Called prefire()
Called fire()
Called postfire()
Called prefire()
Called fire()
Called fire().
Checking for deadlock:
There are 3 Blocked actors, 0 Stopped actors, and 4 active threads.
Waiting for actors to stop.
-- Starting thread.
Called initialize()
Called prefire()
Called fire()
Checking for deadlock:
There are 2 Blocked actors, 0 Stopped actors, and 4 active threads.
Waiting for actors to stop.
Called postfire()
Called prefire()
Called fire()
Checking for deadlock:
There are 3 Blocked actors, 0 Stopped actors, and 4 active threads.
Waiting for actors to stop.
Read input token from inputA with value 0.0
Next port to read input from is inputB
Called postfire()
Called prefire()
Called fire()
Checking for deadlock:
There are 2 Blocked actors, 0 Stopped actors, and 4 active threads.
Waiting for actors to stop.
Called postfire()
Called prefire()
Called fire()
Checking for deadlock:
There are 3 Blocked actors, 0 Stopped actors, and 4 active threads.
Waiting for actors to stop.
Read input token from inputB with value 0.0
Checking for deadlock:
There are 2 Blocked actors, 0 Stopped actors, and 4 active threads.
Waiting for actors to stop.
-- Read input: 0.0, which is expected to match: 0.0
Called prefire()
Called fire()
Checking for deadlock:
There are 3 Blocked actors, 0 Stopped actors, and 4 active threads.
Waiting for actors to stop.
Sent output token with value 0.0
Next port to read input from is inputA
Called postfire()
Called prefire()
Called fire()
Checking for deadlock:
There are 2 Blocked actors, 0 Stopped actors, and 4 active threads.
Waiting for actors to stop.
Called postfire()
Called prefire()
Called fire()
Checking for deadlock:
There are 3 Blocked actors, 0 Stopped actors, and 4 active threads.
Waiting for actors to stop.
Read input token from inputA with value 1.0
Checking for deadlock:
There are 2 Blocked actors, 0 Stopped actors, and 4 active threads.
Waiting for actors to stop.
-- Read input: 0.0, which is expected to match: 0.0
Called prefire()
Called fire()
Checking for deadlock:
There are 3 Blocked actors, 0 Stopped actors, and 4 active threads.
Waiting for actors to stop.
Sent output token with value 0.0
Next port to read input from is inputB
Called postfire()
Called prefire()
Called fire()
Checking for deadlock:
There are 2 Blocked actors, 0 Stopped actors, and 4 active threads.
Waiting for actors to stop.
Called postfire()
Called prefire()
Called fire()
Checking for deadlock:
There are 3 Blocked actors, 0 Stopped actors, and 4 active threads.
Waiting for actors to stop.
Read input token from inputB with value 1.5
Checking for deadlock:
There are 2 Blocked actors, 0 Stopped actors, and 4 active threads.
Waiting for actors to stop.
-- Read input: 1.0, which is expected to match: 1.0
Called prefire()
Called fire()
Checking for deadlock:
There are 3 Blocked actors, 0 Stopped actors, and 4 active threads.
Waiting for actors to stop.
Sent output token with value 1.0
Next port to read input from is inputA
Called postfire()
Called prefire()
Called fire()
Checking for deadlock:
There are 2 Blocked actors, 0 Stopped actors, and 4 active threads.
Waiting for actors to stop.
Called postfire()
Called prefire()
Called fire()
Checking for deadlock:
There are 3 Blocked actors, 0 Stopped actors, and 4 active threads.
Waiting for actors to stop.
Read input token from inputA with value 2.0
Checking for deadlock:
There are 2 Blocked actors, 0 Stopped actors, and 4 active threads.
Waiting for actors to stop.
-- Read input: 1.5, which is expected to match: 1.5
Called prefire()
Called fire()
Checking for deadlock:
There are 3 Blocked actors, 0 Stopped actors, and 4 active threads.
Waiting for actors to stop.
Sent output token with value 1.5
Next port to read input from is inputB
Called postfire()
Called prefire()
Called fire()
Checking for deadlock:
There are 2 Blocked actors, 0 Stopped actors, and 4 active threads.
Waiting for actors to stop.
Called postfire()
Called prefire()
Called fire()
Checking for deadlock:
There are 3 Blocked actors, 0 Stopped actors, and 4 active threads.
Waiting for actors to stop.
Read input token from inputB with value 3.0
Checking for deadlock:
There are 2 Blocked actors, 0 Stopped actors, and 4 active threads.
Waiting for actors to stop.
-- Read input: 2.0, which is expected to match: 2.0
Called prefire()
Called fire()
Checking for deadlock:
There are 3 Blocked actors, 0 Stopped actors, and 4 active threads.
Waiting for actors to stop.
Sent output token with value 2.0
Next port to read input from is inputA
Called postfire()
Called prefire()
Called fire()
Checking for deadlock:
There are 2 Blocked actors, 0 Stopped actors, and 4 active threads.
Waiting for actors to stop.
Called postfire()
Called prefire()
Called fire()
Checking for deadlock:
There are 3 Blocked actors, 0 Stopped actors, and 4 active threads.
Waiting for actors to stop.
Read input token from inputA with value 3.0
Checking for deadlock:
There are 2 Blocked actors, 0 Stopped actors, and 4 active threads.
Waiting for actors to stop.
-- Read input: 3.0, which is expected to match: 3.0
Called prefire()
Called fire()
Checking for deadlock:
There are 3 Blocked actors, 0 Stopped actors, and 4 active threads.
Waiting for actors to stop.
Sent output token with value 3.0
Next port to read input from is inputB
Called postfire()
Called prefire()
Called fire()
Checking for deadlock:
There are 2 Blocked actors, 0 Stopped actors, and 4 active threads.
Waiting for actors to stop.
Called postfire()
Called prefire()
Called fire()
Checking for deadlock:
There are 3 Blocked actors, 0 Stopped actors, and 4 active threads.
Waiting for actors to stop.
Read input token from inputB with value 4.5
Checking for deadlock:
There are 2 Blocked actors, 0 Stopped actors, and 4 active threads.
Waiting for actors to stop.
-- Read input: 3.0, which is expected to match: 3.0
Called prefire()
Called fire()
Checking for deadlock:
There are 3 Blocked actors, 0 Stopped actors, and 4 active threads.
Waiting for actors to stop.
Sent output token with value 3.0
Next port to read input from is inputA
Called postfire()
Called prefire()
Called fire()
Checking for deadlock:
There are 2 Blocked actors, 0 Stopped actors, and 4 active threads.
Waiting for actors to stop.
Called postfire()
Called prefire()
Called fire()
Checking for deadlock:
There are 3 Blocked actors, 0 Stopped actors, and 4 active threads.
Waiting for actors to stop.
Read input token from inputA with value 4.0
Checking for deadlock:
There are 2 Blocked actors, 0 Stopped actors, and 4 active threads.
Waiting for actors to stop.
-- Read input: 4.0, which is expected to match: 4.0
Called prefire()
Called fire()
Past the end of training data. Read and discard all inputs.
Checking for deadlock:
There are 3 Blocked actors, 0 Stopped actors, and 4 active threads.
Waiting for actors to stop.
Sent output token with value 4.0
Next port to read input from is inputA
Called postfire()
Called prefire()
Called fire()
Checking for deadlock:
There are 2 Blocked actors, 0 Stopped actors, and 4 active threads.
Waiting for actors to stop.
Called postfire()
Called prefire()
Called fire()
Checking for deadlock:
There are 3 Blocked actors, 0 Stopped actors, and 4 active threads.
Waiting for actors to stop.
Read input token from inputA with value 5.0
Checking for deadlock:
There are 2 Blocked actors, 0 Stopped actors, and 4 active threads.
Waiting for actors to stop.
Called prefire()
Called fire()
Past the end of training data. Read and discard all inputs.
Checking for deadlock:
There are 3 Blocked actors, 0 Stopped actors, and 4 active threads.
Waiting for actors to stop.
Sent output token with value 4.5
Next port to read input from is inputB
Called postfire()
Called prefire()
Called fire()
Checking for deadlock:
There are 2 Blocked actors, 0 Stopped actors, and 4 active threads.
Waiting for actors to stop.
Called postfire()
Called prefire()
Called fire()
Checking for deadlock:
There are 3 Blocked actors, 0 Stopped actors, and 4 active threads.
Waiting for actors to stop.
Read input token from inputB with value 6.0
Checking for deadlock:
There are 2 Blocked actors, 0 Stopped actors, and 4 active threads.
Waiting for actors to stop.
Called prefire()
Called fire()
Past the end of training data. Read and discard all inputs.
Checking for deadlock:
There are 3 Blocked actors, 0 Stopped actors, and 4 active threads.
Waiting for actors to stop.
Sent output token with value 5.0
Next port to read input from is inputA
Called postfire()
Called prefire()
Called fire()
Checking for deadlock:
There are 2 Blocked actors, 0 Stopped actors, and 4 active threads.
Waiting for actors to stop.
Called postfire()
Called prefire()
Called fire()
Checking for deadlock:
There are 3 Blocked actors, 0 Stopped actors, and 4 active threads.
Waiting for actors to stop.
Read input token from inputA with value 6.0
Checking for deadlock:
There are 2 Blocked actors, 0 Stopped actors, and 4 active threads.
Waiting for actors to stop.
Called prefire()
Called fire()
Past the end of training data. Read and discard all inputs.
Checking for deadlock:
There are 3 Blocked actors, 0 Stopped actors, and 4 active threads.
Waiting for actors to stop.
Sent output token with value 6.0
Next port to read input from is inputB
Called postfire()
Called prefire()
Called fire()
Called postfire()
Called prefire()
Called fire()
Checking for deadlock:
There are 3 Blocked actors, 0 Stopped actors, and 4 active threads.
Waiting for actors to stop.
Read input token from inputB with value 7.5
Called prefire()
Called fire()
Past the end of training data. Read and discard all inputs.
Checking for deadlock:
There are 3 Blocked actors, 0 Stopped actors, and 4 active threads.
Waiting for actors to stop.
Sent output token with value 6.0
Next port to read input from is inputA
Called postfire()
Called prefire()
Called fire()
Checking for deadlock:
There are 2 Blocked actors, 0 Stopped actors, and 4 active threads.
Waiting for actors to stop.
Called postfire()
Called prefire()
Called fire()
Checking for deadlock:
There are 3 Blocked actors, 0 Stopped actors, and 4 active threads.
Waiting for actors to stop.
Read input token from inputA with value 7.0
Checking for deadlock:
There are 2 Blocked actors, 0 Stopped actors, and 4 active threads.
Waiting for actors to stop.
Called prefire()
Called fire()
Past the end of training data. Read and discard all inputs.
Checking for deadlock:
There are 3 Blocked actors, 0 Stopped actors, and 4 active threads.
Waiting for actors to stop.
Sent output token with value 7.0
Next port to read input from is inputA
Called postfire()
Called prefire()
Called fire()
Checking for deadlock:
There are 2 Blocked actors, 0 Stopped actors, and 4 active threads.
Waiting for actors to stop.
-- Thread wrapup() called.
Called wrapup()
Thread .top.Ramp is exiting.
Checking for deadlock:
There are 2 Blocked actors, 0 Stopped actors, and 3 active threads.
Waiting for actors to stop.
-- Thread stopped.
Read input token from inputA with value 8.0
Checking for deadlock:
There are 1 Blocked actors, 0 Stopped actors, and 3 active threads.
Waiting for actors to stop.
Called prefire()
Called fire()
Past the end of training data. Read and discard all inputs.
Checking for deadlock:
There are 2 Blocked actors, 0 Stopped actors, and 3 active threads.
Waiting for actors to stop.
Sent output token with value 7.5
Next port to read input from is inputB
Called postfire()
Called prefire()
Called fire()
Called postfire()
Called prefire()
Called fire()
Checking for deadlock:
There are 2 Blocked actors, 0 Stopped actors, and 3 active threads.
Waiting for actors to stop.
Read input token from inputB with value 9.0
Called prefire()
Called fire()
Past the end of training data. Read and discard all inputs.
Checking for deadlock:
There are 2 Blocked actors, 0 Stopped actors, and 3 active threads.
Waiting for actors to stop.
Sent output token with value 8.0
Next port to read input from is inputA
Called postfire()
Called prefire()
Called fire()
Read input token from inputA with value 9.0
Checking for deadlock:
There are 1 Blocked actors, 0 Stopped actors, and 3 active threads.
Waiting for actors to stop.
Called prefire()
Called fire()
Past the end of training data. Read and discard all inputs.
Checking for deadlock:
There are 2 Blocked actors, 0 Stopped actors, and 3 active threads.
Waiting for actors to stop.
Sent output token with value 9.0
Next port to read input from is inputB
Called postfire()
Called prefire()
Called fire()
Called postfire()
Called prefire()
Called fire()
Checking for deadlock:
There are 2 Blocked actors, 0 Stopped actors, and 3 active threads.
Waiting for actors to stop.
Read input token from inputB with value 10.5
Called prefire()
Called fire()
Past the end of training data. Read and discard all inputs.
Checking for deadlock:
There are 2 Blocked actors, 0 Stopped actors, and 3 active threads.
Waiting for actors to stop.
Sent output token with value 9.0
Next port to read input from is inputA
Called postfire()
Called prefire()
Called fire()
Checking for deadlock:
There are 3 Blocked actors, 0 Stopped actors, and 3 active threads.
Actors have stopped.
Checking for deadlock:
There are 3 Blocked actors, 0 Stopped actors, and 3 active threads.
Deadlock detected.
Resolving Deadlock
Checking for deadlock:
There are 3 Blocked actors, 0 Stopped actors, and 3 active threads.
Artificial Deadlock - increasing queue capacity.
increasing the capacity of receiver ptolemy.actor.TypedIOPort {.top.OrderedMerge.inputB} to 2
Director: Called postfire().
Called postfire().
_stopRequested = false
_stopFireRequested = false
Returning from postfire(): true
Called fire().
Checking for deadlock:
There are 2 Blocked actors, 0 Stopped actors, and 3 active threads.
Waiting for actors to stop.
-- Thread wrapup() called.
Called wrapup()
Thread .top.Ramp2 is exiting.
-- Thread stopped.
Checking for deadlock:
There are 2 Blocked actors, 0 Stopped actors, and 2 active threads.
Actors have stopped.
Checking for deadlock:
There are 2 Blocked actors, 0 Stopped actors, and 2 active threads.
Deadlock detected.
Resolving Deadlock
Checking for deadlock:
There are 2 Blocked actors, 0 Stopped actors, and 2 active threads.
Deadlock detected: no processes blocked on write, but some are blocked on read.
Called postfire().
_stopRequested = false
_stopFireRequested = false
Returning from postfire(): false
Finished deactivating branches.
Called wrapup().
-- Thread wrapup() called.
Called wrapup()
Thread .top.OrderedMerge is exiting.
-- Thread stopped.
-- Blocked Receiver call threw TerminateProcessException.
-- Thread wrapup() called.
Called wrapup()
Thread .top.Test is exiting.
-- Thread stopped.
-- Blocked Receiver call threw TerminateProcessException.
37 ms. Memory: 146944K Free: 120124K (82%)
/home/travis/build/icyphy/ptII/ptolemy/actor/lib/test/Publisher.tcl
11 ms. Memory: 146944K Free: 112958K (77%)
3 ms. Memory: 146944K Free: 108159K (74%)
7 ms. Memory: 146944K Free: 103361K (70%)
6 ms. Memory: 146944K Free: 102169K (70%)
5 ms. Memory: 146944K Free: 102169K (70%)
6 ms. Memory: 146944K Free: 100978K (69%)
3 ms. Memory: 146944K Free: 99786K (68%)
3 ms. Memory: 146944K Free: 99786K (68%)
2 ms. Memory: 146944K Free: 90253K (61%)
9 ms. Memory: 146944K Free: 85487K (58%)
2 ms. Memory: 146944K Free: 85487K (58%)
1 ms. Memory: 146944K Free: 83104K (57%)
14 ms. Memory: 208384K Free: 196560K (94%)
9 ms. Memory: 208384K Free: 184625K (89%)
6 ms. Memory: 208384K Free: 175049K (84%)
/home/travis/build/icyphy/ptII/ptolemy/actor/lib/test/Pulse.tcl
2 ms. Memory: 208384K Free: 132026K (63%)
3 ms. Memory: 208384K Free: 129628K (62%)
2 ms. Memory: 208384K Free: 129628K (62%)
1 ms. Memory: 208384K Free: 129628K (62%)
1 ms. Memory: 208384K Free: 129628K (62%)
2 ms. Memory: 208384K Free: 127229K (61%)
2 ms. Memory: 208384K Free: 127229K (61%)
1 ms. Memory: 208384K Free: 127229K (61%)
1 ms. Memory: 208384K Free: 124831K (60%)
/home/travis/build/icyphy/ptII/ptolemy/actor/lib/test/Ramp.tcl
2 ms. Memory: 208384K Free: 124831K (60%)
2 ms. Memory: 208384K Free: 122449K (59%)
2 ms. Memory: 208384K Free: 122449K (59%)
2 ms. Memory: 208384K Free: 122449K (59%)
4 ms. Memory: 208384K Free: 120051K (58%)
6 ms. Memory: 208384K Free: 120051K (58%)
7 ms. Memory: 208384K Free: 117669K (56%)
5 actors
6000 microseconds per iteration to create
9 ms. Memory: 208384K Free: 115279K (55%)
2 ms. Memory: 208384K Free: 115279K (55%)
3 ms. Memory: 208384K Free: 115279K (55%)
2 ms. Memory: 208384K Free: 115279K (55%)
50 actors
31000 microseconds per iteration to create
24 ms. Memory: 208384K Free: 98572K (47%)
5 ms. Memory: 208384K Free: 98572K (47%)
6 ms. Memory: 208384K Free: 96189K (46%)
5 ms. Memory: 208384K Free: 96189K (46%)
500 actors
1303000 microseconds per iteration to create
239 ms. Memory: 333312K Free: 291724K (88%)
46 ms. Memory: 333312K Free: 286901K (86%)
46 ms. Memory: 333312K Free: 282079K (85%)
35 ms. Memory: 333312K Free: 277256K (83%)
/home/travis/build/icyphy/ptII/ptolemy/actor/lib/test/RampContinuous.tcl
6 ms. Memory: 333312K Free: 272433K (82%)
/home/travis/build/icyphy/ptII/ptolemy/actor/lib/test/RecordAssembler.tcl
5 ms. Memory: 333312K Free: 272433K (82%)
3 ms. Memory: 333312K Free: 272433K (82%)
/home/travis/build/icyphy/ptII/ptolemy/actor/lib/test/RecordDisassembler.tcl
4 ms. Memory: 333312K Free: 267594K (80%)
2 ms. Memory: 333312K Free: 267594K (80%)
3 ms. Memory: 333312K Free: 267594K (80%)
/home/travis/build/icyphy/ptII/ptolemy/actor/lib/test/Scale.tcl
2 ms. Memory: 333312K Free: 267594K (80%)
1 ms. Memory: 333312K Free: 262756K (79%)
1 ms. Memory: 333312K Free: 262756K (79%)
2 ms. Memory: 333312K Free: 262756K (79%)
2 ms. Memory: 333312K Free: 262756K (79%)
/home/travis/build/icyphy/ptII/ptolemy/actor/lib/test/SequentialClock.tcl
preinitializing
resolving types
initializing
executing number 1
wrapping up
idle
2 ms. Memory: 333312K Free: 262756K (79%)
Completed execution with 5 iterations
preinitializing
resolving types
initializing
executing number 1
wrapping up
idle
1 ms. Memory: 333312K Free: 262756K (79%)
Completed execution with 5 iterations
preinitializing
resolving types
initializing
executing number 1
wrapping up
idle
1 ms. Memory: 333312K Free: 257933K (77%)
Completed execution with 5 iterations
/home/travis/build/icyphy/ptII/ptolemy/actor/lib/test/SetVariable.tcl
3 ms. Memory: 333312K Free: 257933K (77%)
/home/travis/build/icyphy/ptII/ptolemy/actor/lib/test/Sinewave.tcl
/home/travis/build/icyphy/ptII/ptolemy/actor/lib/test/SubscriptionAggregator.tcl
4 ms. Memory: 333312K Free: 243465K (73%)
2 ms. Memory: 333312K Free: 243465K (73%)
1 ms. Memory: 333312K Free: 243465K (73%)
1 ms. Memory: 333312K Free: 243465K (73%)
1 ms. Memory: 333312K Free: 238626K (72%)
8 ms. Memory: 333312K Free: 238626K (72%)
...............................................................931 ms. Memory: 582656K Free: 422259K (72%)
/home/travis/build/icyphy/ptII/ptolemy/actor/lib/test/Test.tcl
 The next command will produce a warning about training mode,
   which may be ignored.
3 ms. Memory: 582656K Free: 422259K (72%)
2 ms. Memory: 582656K Free: 422259K (72%)
1 ms. Memory: 582656K Free: 422259K (72%)
1 ms. Memory: 582656K Free: 422259K (72%)
3 ms. Memory: 582656K Free: 422259K (72%)
2 ms. Memory: 582656K Free: 422259K (72%)
2 ms. Memory: 582656K Free: 422259K (72%)
 The next command will produce a warning about training mode,
   which may be ignored.
6 ms. Memory: 582656K Free: 412556K (71%)
 The next command will produce a warning about training mode,
   which may be ignored.
2 ms. Memory: 582656K Free: 412556K (71%)
1 ms. Memory: 582656K Free: 412556K (71%)
0 ms. Memory: 582656K Free: 412556K (71%)
3 ms. Memory: 582656K Free: 412556K (71%)
2 ms. Memory: 582656K Free: 412556K (71%)
4 ms. Memory: 582656K Free: 402854K (69%)
/home/travis/build/icyphy/ptII/ptolemy/actor/lib/test/TestExceptionHandler.tcl
 The next command will produce a warning about training mode,
   which may be ignored.
1 ms. Memory: 582656K Free: 402854K (69%)
1 ms. Memory: 582656K Free: 402854K (69%)
0 ms. Memory: 582656K Free: 402854K (69%)
/home/travis/build/icyphy/ptII/ptolemy/actor/lib/test/UnionDisassembler.tcl
23 ms. Memory: 582656K Free: 393151K (67%)
/home/travis/build/icyphy/ptII/ptolemy/actor/lib/test/VariableClock.tcl
preinitializing
resolving types
initializing
executing number 1
wrapping up
idle
7 ms. Memory: 582656K Free: 393151K (67%)
Completed execution with 11 iterations
preinitializing
resolving types
initializing
executing number 1
wrapping up
idle
8 ms. Memory: 582656K Free: 393151K (67%)
Completed execution with 10 iterations
08/29/18 01:58:47
Failed: 0  Total Tests: 234  ((Passed: 234, Newly Passed: 0)  Known Failed: 0) /home/travis/build/icyphy/ptII/ptolemy/actor/lib/test
----------------- testing (KnownFailure) /home/travis/build/icyphy/ptII/ptolemy/actor/lib/test/auto/knownFailedTests/PublisherPortToplevelSubscriber.xml
0 ms. Memory: 582656K Free: 383382K (66%)
Known Failure: java.lang.reflect.InvocationTargetException
----------------- testing (KnownFailure) /home/travis/build/icyphy/ptII/ptolemy/actor/lib/test/auto/knownFailedTests/PublisherSubscriberPortToplevel.xml
0 ms. Memory: 582656K Free: 363844K (62%)
Known Failure: java.lang.reflect.InvocationTargetException
----------------- testing (KnownFailure) /home/travis/build/icyphy/ptII/ptolemy/actor/lib/test/auto/knownFailedTests/PublisherSubscriptionAggregatorPort.xml
1 ms. Memory: 582656K Free: 344306K (59%)
Known Failure: java.lang.reflect.InvocationTargetException
----------------- testing (KnownFailure) /home/travis/build/icyphy/ptII/ptolemy/actor/lib/test/auto/knownFailedTests/sizedarray3.xml
3 ms. Memory: 582656K Free: 324767K (56%)
Known Failure: java.lang.reflect.InvocationTargetException
No auto/linux-amd64/*.xml tests in /home/travis/build/icyphy/ptII/ptolemy/actor/lib/test
AutoTests.java: About to close Vertx.
AutoTests.java: Vertx closed.

===========================================================================================
----------------- testing Wed Aug 29 01:58:47 UTC 2018 /home/travis/build/icyphy/ptII/ptolemy/actor/lib/test/auto/AbsoluteValue.xml
----------------- Instantiating /home/travis/build/icyphy/ptII/ptolemy/actor/lib/test/auto/AbsoluteValue.xml
6 ms. Memory: 582656K Free: 256583K (44%)
----------------- Invoking toplevel() on ptolemy.moml.MoMLSimpleApplication@34b52149
----------------- Done invoking toplevel() on ptolemy.moml.MoMLSimpleApplication@34b52149
reloadAllAccessors: .AbsoluteValue

===========================================================================================
----------------- testing Wed Aug 29 01:58:47 UTC 2018 /home/travis/build/icyphy/ptII/ptolemy/actor/lib/test/auto/AbsoluteValue2.xml
----------------- Instantiating /home/travis/build/icyphy/ptII/ptolemy/actor/lib/test/auto/AbsoluteValue2.xml
4 ms. Memory: 582656K Free: 222383K (38%)
----------------- Invoking toplevel() on ptolemy.moml.MoMLSimpleApplication@2fd3f2a
----------------- Done invoking toplevel() on ptolemy.moml.MoMLSimpleApplication@2fd3f2a
reloadAllAccessors: .AbsoluteValue2

===========================================================================================
----------------- testing Wed Aug 29 01:58:47 UTC 2018 /home/travis/build/icyphy/ptII/ptolemy/actor/lib/test/auto/Accumulator.xml
----------------- Instantiating /home/travis/build/icyphy/ptII/ptolemy/actor/lib/test/auto/Accumulator.xml
15 ms. Memory: 582656K Free: 212614K (36%)
----------------- Invoking toplevel() on ptolemy.moml.MoMLSimpleApplication@74c768bb
----------------- Done invoking toplevel() on ptolemy.moml.MoMLSimpleApplication@74c768bb
reloadAllAccessors: .Accumulator

===========================================================================================
----------------- testing Wed Aug 29 01:58:47 UTC 2018 /home/travis/build/icyphy/ptII/ptolemy/actor/lib/test/auto/Accumulator2.xml
----------------- Instantiating /home/travis/build/icyphy/ptII/ptolemy/actor/lib/test/auto/Accumulator2.xml
4 ms. Memory: 582656K Free: 202845K (35%)
----------------- Invoking toplevel() on ptolemy.moml.MoMLSimpleApplication@4f29827c
----------------- Done invoking toplevel() on ptolemy.moml.MoMLSimpleApplication@4f29827c
reloadAllAccessors: .Accumulator2

===========================================================================================
----------------- testing Wed Aug 29 01:58:47 UTC 2018 /home/travis/build/icyphy/ptII/ptolemy/actor/lib/test/auto/Accumulator3.xml
----------------- Instantiating /home/travis/build/icyphy/ptII/ptolemy/actor/lib/test/auto/Accumulator3.xml
10 ms. Memory: 582656K Free: 183374K (31%)
----------------- Invoking toplevel() on ptolemy.moml.MoMLSimpleApplication@6676ab00
----------------- Done invoking toplevel() on ptolemy.moml.MoMLSimpleApplication@6676ab00
reloadAllAccessors: .Accumulator3

===========================================================================================
----------------- testing Wed Aug 29 01:58:47 UTC 2018 /home/travis/build/icyphy/ptII/ptolemy/actor/lib/test/auto/ArrayAppend.xml
----------------- Instantiating /home/travis/build/icyphy/ptII/ptolemy/actor/lib/test/auto/ArrayAppend.xml
6 ms. Memory: 582656K Free: 173605K (30%)
----------------- Invoking toplevel() on ptolemy.moml.MoMLSimpleApplication@e9ebca0
----------------- Done invoking toplevel() on ptolemy.moml.MoMLSimpleApplication@e9ebca0
reloadAllAccessors: .ArrayAppend

===========================================================================================
----------------- testing Wed Aug 29 01:58:48 UTC 2018 /home/travis/build/icyphy/ptII/ptolemy/actor/lib/test/auto/ArrayAppend2.xml
----------------- Instantiating /home/travis/build/icyphy/ptII/ptolemy/actor/lib/test/auto/ArrayAppend2.xml
623 ms. Memory: 582656K Free: 95453K (16%)
----------------- Invoking toplevel() on ptolemy.moml.MoMLSimpleApplication@57b11c3f
----------------- Done invoking toplevel() on ptolemy.moml.MoMLSimpleApplication@57b11c3f
reloadAllAccessors: .ArrayAppend2

===========================================================================================
----------------- testing Wed Aug 29 01:58:48 UTC 2018 /home/travis/build/icyphy/ptII/ptolemy/actor/lib/test/auto/ArrayAppend3.xml
----------------- Instantiating /home/travis/build/icyphy/ptII/ptolemy/actor/lib/test/auto/ArrayAppend3.xml
5 ms. Memory: 582656K Free: 85684K (15%)
----------------- Invoking toplevel() on ptolemy.moml.MoMLSimpleApplication@5b640421
----------------- Done invoking toplevel() on ptolemy.moml.MoMLSimpleApplication@5b640421
reloadAllAccessors: .ArrayAppend3

===========================================================================================
----------------- testing Wed Aug 29 01:58:48 UTC 2018 /home/travis/build/icyphy/ptII/ptolemy/actor/lib/test/auto/ArrayAppend4.xml
----------------- Instantiating /home/travis/build/icyphy/ptII/ptolemy/actor/lib/test/auto/ArrayAppend4.xml
2 ms. Memory: 582656K Free: 70018K (12%)
----------------- Invoking toplevel() on ptolemy.moml.MoMLSimpleApplication@4239c2f
----------------- Done invoking toplevel() on ptolemy.moml.MoMLSimpleApplication@4239c2f
reloadAllAccessors: .ArrayAppend4

===========================================================================================
----------------- testing Wed Aug 29 01:58:48 UTC 2018 /home/travis/build/icyphy/ptII/ptolemy/actor/lib/test/auto/ArrayAppend5.xml
----------------- Instantiating /home/travis/build/icyphy/ptII/ptolemy/actor/lib/test/auto/ArrayAppend5.xml
2 ms. Memory: 583680K Free: 528820K (91%)
----------------- Invoking toplevel() on ptolemy.moml.MoMLSimpleApplication@5de412d6
----------------- Done invoking toplevel() on ptolemy.moml.MoMLSimpleApplication@5de412d6
reloadAllAccessors: .ArrayAppend5

===========================================================================================
----------------- testing Wed Aug 29 01:58:48 UTC 2018 /home/travis/build/icyphy/ptII/ptolemy/actor/lib/test/auto/ArrayAppend6.xml
----------------- Instantiating /home/travis/build/icyphy/ptII/ptolemy/actor/lib/test/auto/ArrayAppend6.xml
7 ms. Memory: 583680K Free: 511078K (88%)
----------------- Invoking toplevel() on ptolemy.moml.MoMLSimpleApplication@14d7f7a
----------------- Done invoking toplevel() on ptolemy.moml.MoMLSimpleApplication@14d7f7a
reloadAllAccessors: .ArrayAppend6

===========================================================================================
----------------- testing Wed Aug 29 01:58:48 UTC 2018 /home/travis/build/icyphy/ptII/ptolemy/actor/lib/test/auto/ArrayAppendPerformanceTest.xml
----------------- Instantiating /home/travis/build/icyphy/ptII/ptolemy/actor/lib/test/auto/ArrayAppendPerformanceTest.xml
16 ms. Memory: 583680K Free: 496409K (85%)
----------------- Invoking toplevel() on ptolemy.moml.MoMLSimpleApplication@5e9f78f8
----------------- Done invoking toplevel() on ptolemy.moml.MoMLSimpleApplication@5e9f78f8
reloadAllAccessors: .ArrayAppendPerformanceTest

===========================================================================================
----------------- testing Wed Aug 29 01:58:48 UTC 2018 /home/travis/build/icyphy/ptII/ptolemy/actor/lib/test/auto/ArrayAppendWithEmptyInput.xml
----------------- Instantiating /home/travis/build/icyphy/ptII/ptolemy/actor/lib/test/auto/ArrayAppendWithEmptyInput.xml
8 ms. Memory: 583680K Free: 481739K (83%)
----------------- Invoking toplevel() on ptolemy.moml.MoMLSimpleApplication@1080f7c1
----------------- Done invoking toplevel() on ptolemy.moml.MoMLSimpleApplication@1080f7c1
reloadAllAccessors: .ArrayAppendWithEmptyInput

===========================================================================================
----------------- testing Wed Aug 29 01:58:49 UTC 2018 /home/travis/build/icyphy/ptII/ptolemy/actor/lib/test/auto/ArrayAverage.xml
----------------- Instantiating /home/travis/build/icyphy/ptII/ptolemy/actor/lib/test/auto/ArrayAverage.xml
6 ms. Memory: 583680K Free: 454452K (78%)
----------------- Invoking toplevel() on ptolemy.moml.MoMLSimpleApplication@10b481d
----------------- Done invoking toplevel() on ptolemy.moml.MoMLSimpleApplication@10b481d
reloadAllAccessors: .ArrayAverage

===========================================================================================
----------------- testing Wed Aug 29 01:58:49 UTC 2018 /home/travis/build/icyphy/ptII/ptolemy/actor/lib/test/auto/ArrayContains.xml
----------------- Instantiating /home/travis/build/icyphy/ptII/ptolemy/actor/lib/test/auto/ArrayContains.xml
12 ms. Memory: 583680K Free: 444683K (76%)
----------------- Invoking toplevel() on ptolemy.moml.MoMLSimpleApplication@30089429
----------------- Done invoking toplevel() on ptolemy.moml.MoMLSimpleApplication@30089429
reloadAllAccessors: .ArrayContains

===========================================================================================
----------------- testing Wed Aug 29 01:58:49 UTC 2018 /home/travis/build/icyphy/ptII/ptolemy/actor/lib/test/auto/ArrayElement.xml
----------------- Instantiating /home/travis/build/icyphy/ptII/ptolemy/actor/lib/test/auto/ArrayElement.xml
8 ms. Memory: 583680K Free: 434914K (75%)
----------------- Invoking toplevel() on ptolemy.moml.MoMLSimpleApplication@9b6d9d5
----------------- Done invoking toplevel() on ptolemy.moml.MoMLSimpleApplication@9b6d9d5
reloadAllAccessors: .ArrayElement

===========================================================================================
----------------- testing Wed Aug 29 01:58:49 UTC 2018 /home/travis/build/icyphy/ptII/ptolemy/actor/lib/test/auto/ArrayElementAsMatrix.xml
----------------- Instantiating /home/travis/build/icyphy/ptII/ptolemy/actor/lib/test/auto/ArrayElementAsMatrix.xml
20 ms. Memory: 583680K Free: 420261K (72%)
----------------- Invoking toplevel() on ptolemy.moml.MoMLSimpleApplication@3bd4d5bb
----------------- Done invoking toplevel() on ptolemy.moml.MoMLSimpleApplication@3bd4d5bb
reloadAllAccessors: .ArrayElementAsMatrix

===========================================================================================
----------------- testing Wed Aug 29 01:58:49 UTC 2018 /home/travis/build/icyphy/ptII/ptolemy/actor/lib/test/auto/ArrayElementI.xml
----------------- Instantiating /home/travis/build/icyphy/ptII/ptolemy/actor/lib/test/auto/ArrayElementI.xml
2 ms. Memory: 583680K Free: 402759K (69%)
----------------- Invoking toplevel() on ptolemy.moml.MoMLSimpleApplication@20eff454
----------------- Done invoking toplevel() on ptolemy.moml.MoMLSimpleApplication@20eff454
reloadAllAccessors: .ArrayElementI

===========================================================================================
----------------- testing Wed Aug 29 01:58:49 UTC 2018 /home/travis/build/icyphy/ptII/ptolemy/actor/lib/test/auto/ArrayExtract.xml
----------------- Instantiating /home/travis/build/icyphy/ptII/ptolemy/actor/lib/test/auto/ArrayExtract.xml
5 ms. Memory: 583680K Free: 392990K (67%)
----------------- Invoking toplevel() on ptolemy.moml.MoMLSimpleApplication@7c79ed0
----------------- Done invoking toplevel() on ptolemy.moml.MoMLSimpleApplication@7c79ed0
reloadAllAccessors: .ArrayExtract

===========================================================================================
----------------- testing Wed Aug 29 01:58:49 UTC 2018 /home/travis/build/icyphy/ptII/ptolemy/actor/lib/test/auto/ArrayExtract2.xml
----------------- Instantiating /home/travis/build/icyphy/ptII/ptolemy/actor/lib/test/auto/ArrayExtract2.xml
3 ms. Memory: 583680K Free: 383221K (66%)
----------------- Invoking toplevel() on ptolemy.moml.MoMLSimpleApplication@87fd731
----------------- Done invoking toplevel() on ptolemy.moml.MoMLSimpleApplication@87fd731
reloadAllAccessors: .ArrayExtract2

===========================================================================================
----------------- testing Wed Aug 29 01:58:49 UTC 2018 /home/travis/build/icyphy/ptII/ptolemy/actor/lib/test/auto/ArrayLength.xml
----------------- Instantiating /home/travis/build/icyphy/ptII/ptolemy/actor/lib/test/auto/ArrayLength.xml
6 ms. Memory: 583680K Free: 365719K (63%)
----------------- Invoking toplevel() on ptolemy.moml.MoMLSimpleApplication@70a92363
----------------- Done invoking toplevel() on ptolemy.moml.MoMLSimpleApplication@70a92363
reloadAllAccessors: .ArrayLength

===========================================================================================
----------------- testing Wed Aug 29 01:58:49 UTC 2018 /home/travis/build/icyphy/ptII/ptolemy/actor/lib/test/auto/ArrayLevelCrossing.xml
----------------- Instantiating /home/travis/build/icyphy/ptII/ptolemy/actor/lib/test/auto/ArrayLevelCrossing.xml
3 ms. Memory: 583680K Free: 351049K (60%)
----------------- Invoking toplevel() on ptolemy.moml.MoMLSimpleApplication@1f5218cb
----------------- Done invoking toplevel() on ptolemy.moml.MoMLSimpleApplication@1f5218cb
reloadAllAccessors: .ArrayLevelCrossing

===========================================================================================
----------------- testing Wed Aug 29 01:58:49 UTC 2018 /home/travis/build/icyphy/ptII/ptolemy/actor/lib/test/auto/ArrayLevelCrossing2.xml
----------------- Instantiating /home/travis/build/icyphy/ptII/ptolemy/actor/lib/test/auto/ArrayLevelCrossing2.xml
3 ms. Memory: 583680K Free: 336396K (58%)
----------------- Invoking toplevel() on ptolemy.moml.MoMLSimpleApplication@6775a5c6
----------------- Done invoking toplevel() on ptolemy.moml.MoMLSimpleApplication@6775a5c6
reloadAllAccessors: .ArrayLevelCrossing2

===========================================================================================
----------------- testing Wed Aug 29 01:58:49 UTC 2018 /home/travis/build/icyphy/ptII/ptolemy/actor/lib/test/auto/ArrayPeakSearch.xml
----------------- Instantiating /home/travis/build/icyphy/ptII/ptolemy/actor/lib/test/auto/ArrayPeakSearch.xml
3 ms. Memory: 583680K Free: 321726K (55%)
----------------- Invoking toplevel() on ptolemy.moml.MoMLSimpleApplication@71d17360
----------------- Done invoking toplevel() on ptolemy.moml.MoMLSimpleApplication@71d17360
reloadAllAccessors: .ArrayPeakSearch

===========================================================================================
----------------- testing Wed Aug 29 01:58:49 UTC 2018 /home/travis/build/icyphy/ptII/ptolemy/actor/lib/test/auto/ArrayPeakSearch2.xml
----------------- Instantiating /home/travis/build/icyphy/ptII/ptolemy/actor/lib/test/auto/ArrayPeakSearch2.xml
4 ms. Memory: 583680K Free: 299323K (51%)
----------------- Invoking toplevel() on ptolemy.moml.MoMLSimpleApplication@4f61414
----------------- Done invoking toplevel() on ptolemy.moml.MoMLSimpleApplication@4f61414
reloadAllAccessors: .ArrayPeakSearch2

===========================================================================================
----------------- testing Wed Aug 29 01:58:49 UTC 2018 /home/travis/build/icyphy/ptII/ptolemy/actor/lib/test/auto/ArrayPeakSearch3.xml
----------------- Instantiating /home/travis/build/icyphy/ptII/ptolemy/actor/lib/test/auto/ArrayPeakSearch3.xml
3 ms. Memory: 583680K Free: 284670K (49%)
----------------- Invoking toplevel() on ptolemy.moml.MoMLSimpleApplication@6f07026c
----------------- Done invoking toplevel() on ptolemy.moml.MoMLSimpleApplication@6f07026c
reloadAllAccessors: .ArrayPeakSearch3

===========================================================================================
----------------- testing Wed Aug 29 01:58:49 UTC 2018 /home/travis/build/icyphy/ptII/ptolemy/actor/lib/test/auto/ArrayRemoveElement.xml
----------------- Instantiating /home/travis/build/icyphy/ptII/ptolemy/actor/lib/test/auto/ArrayRemoveElement.xml
3 ms. Memory: 583680K Free: 270000K (46%)
----------------- Invoking toplevel() on ptolemy.moml.MoMLSimpleApplication@10382912
----------------- Done invoking toplevel() on ptolemy.moml.MoMLSimpleApplication@10382912
reloadAllAccessors: .ArrayRemoveElement

===========================================================================================
----------------- testing Wed Aug 29 01:58:49 UTC 2018 /home/travis/build/icyphy/ptII/ptolemy/actor/lib/test/auto/ArraySort.xml
----------------- Instantiating /home/travis/build/icyphy/ptII/ptolemy/actor/lib/test/auto/ArraySort.xml
3 ms. Memory: 583680K Free: 247597K (42%)
----------------- Invoking toplevel() on ptolemy.moml.MoMLSimpleApplication@277cbc28
----------------- Done invoking toplevel() on ptolemy.moml.MoMLSimpleApplication@277cbc28
reloadAllAccessors: .ArraySort

===========================================================================================
----------------- testing Wed Aug 29 01:58:49 UTC 2018 /home/travis/build/icyphy/ptII/ptolemy/actor/lib/test/auto/ArraySum.xml
----------------- Instantiating /home/travis/build/icyphy/ptII/ptolemy/actor/lib/test/auto/ArraySum.xml
2 ms. Memory: 583680K Free: 237828K (41%)
----------------- Invoking toplevel() on ptolemy.moml.MoMLSimpleApplication@46acd62c
----------------- Done invoking toplevel() on ptolemy.moml.MoMLSimpleApplication@46acd62c
reloadAllAccessors: .ArraySum

===========================================================================================
----------------- testing Wed Aug 29 01:58:49 UTC 2018 /home/travis/build/icyphy/ptII/ptolemy/actor/lib/test/auto/ArrayToElements.xml
----------------- Instantiating /home/travis/build/icyphy/ptII/ptolemy/actor/lib/test/auto/ArrayToElements.xml
3 ms. Memory: 583680K Free: 228059K (39%)
----------------- Invoking toplevel() on ptolemy.moml.MoMLSimpleApplication@70728bdb
----------------- Done invoking toplevel() on ptolemy.moml.MoMLSimpleApplication@70728bdb
reloadAllAccessors: .ArrayToElements

===========================================================================================
----------------- testing Wed Aug 29 01:58:49 UTC 2018 /home/travis/build/icyphy/ptII/ptolemy/actor/lib/test/auto/ArrayToMatrix.xml
----------------- Instantiating /home/travis/build/icyphy/ptII/ptolemy/actor/lib/test/auto/ArrayToMatrix.xml
6 ms. Memory: 583680K Free: 208505K (36%)
----------------- Invoking toplevel() on ptolemy.moml.MoMLSimpleApplication@517d3f83
----------------- Done invoking toplevel() on ptolemy.moml.MoMLSimpleApplication@517d3f83
reloadAllAccessors: .ArrayToMatrix

===========================================================================================
----------------- testing Wed Aug 29 01:58:49 UTC 2018 /home/travis/build/icyphy/ptII/ptolemy/actor/lib/test/auto/ArrayUpdate1.xml
----------------- Instantiating /home/travis/build/icyphy/ptII/ptolemy/actor/lib/test/auto/ArrayUpdate1.xml
2 ms. Memory: 583680K Free: 191003K (33%)
----------------- Invoking toplevel() on ptolemy.moml.MoMLSimpleApplication@2ed3ca58
----------------- Done invoking toplevel() on ptolemy.moml.MoMLSimpleApplication@2ed3ca58
reloadAllAccessors: .ArrayUpdate1

===========================================================================================
----------------- testing Wed Aug 29 01:58:49 UTC 2018 /home/travis/build/icyphy/ptII/ptolemy/actor/lib/test/auto/ArrayUpdate2.xml
----------------- Instantiating /home/travis/build/icyphy/ptII/ptolemy/actor/lib/test/auto/ArrayUpdate2.xml
3 ms. Memory: 583680K Free: 181234K (31%)
----------------- Invoking toplevel() on ptolemy.moml.MoMLSimpleApplication@5f52f428
----------------- Done invoking toplevel() on ptolemy.moml.MoMLSimpleApplication@5f52f428
reloadAllAccessors: .ArrayUpdate2

===========================================================================================
----------------- testing Wed Aug 29 01:58:49 UTC 2018 /home/travis/build/icyphy/ptII/ptolemy/actor/lib/test/auto/ArrayUpdate3.xml
----------------- Instantiating /home/travis/build/icyphy/ptII/ptolemy/actor/lib/test/auto/ArrayUpdate3.xml
2 ms. Memory: 583680K Free: 171465K (29%)
----------------- Invoking toplevel() on ptolemy.moml.MoMLSimpleApplication@5f899235
----------------- Done invoking toplevel() on ptolemy.moml.MoMLSimpleApplication@5f899235
reloadAllAccessors: .ArrayUpdate3

===========================================================================================
----------------- testing Wed Aug 29 01:58:49 UTC 2018 /home/travis/build/icyphy/ptII/ptolemy/actor/lib/test/auto/Assert1.xml
----------------- Instantiating /home/travis/build/icyphy/ptII/ptolemy/actor/lib/test/auto/Assert1.xml
4 ms. Memory: 583680K Free: 153963K (26%)
----------------- Invoking toplevel() on ptolemy.moml.MoMLSimpleApplication@7f79d7a7
----------------- Done invoking toplevel() on ptolemy.moml.MoMLSimpleApplication@7f79d7a7
reloadAllAccessors: .Assert1

===========================================================================================
----------------- testing Wed Aug 29 01:58:49 UTC 2018 /home/travis/build/icyphy/ptII/ptolemy/actor/lib/test/auto/Assert2.xml
----------------- Instantiating /home/travis/build/icyphy/ptII/ptolemy/actor/lib/test/auto/Assert2.xml
6 ms. Memory: 583680K Free: 144194K (25%)
----------------- Invoking toplevel() on ptolemy.moml.MoMLSimpleApplication@d8c5c7a
----------------- Done invoking toplevel() on ptolemy.moml.MoMLSimpleApplication@d8c5c7a
reloadAllAccessors: .Assert2

===========================================================================================
----------------- testing Wed Aug 29 01:58:49 UTC 2018 /home/travis/build/icyphy/ptII/ptolemy/actor/lib/test/auto/BooleanMultiplexor.xml
----------------- Instantiating /home/travis/build/icyphy/ptII/ptolemy/actor/lib/test/auto/BooleanMultiplexor.xml
2 ms. Memory: 583680K Free: 134425K (23%)
----------------- Invoking toplevel() on ptolemy.moml.MoMLSimpleApplication@72e38ee
----------------- Done invoking toplevel() on ptolemy.moml.MoMLSimpleApplication@72e38ee
reloadAllAccessors: .BooleanMultiplexor

===========================================================================================
----------------- testing Wed Aug 29 01:58:49 UTC 2018 /home/travis/build/icyphy/ptII/ptolemy/actor/lib/test/auto/BooleanMultiplexor2.xml
----------------- Instantiating /home/travis/build/icyphy/ptII/ptolemy/actor/lib/test/auto/BooleanMultiplexor2.xml
9 ms. Memory: 583680K Free: 124656K (21%)
----------------- Invoking toplevel() on ptolemy.moml.MoMLSimpleApplication@3392c0d3
----------------- Done invoking toplevel() on ptolemy.moml.MoMLSimpleApplication@3392c0d3
reloadAllAccessors: .BooleanMultiplexor2

===========================================================================================
----------------- testing Wed Aug 29 01:58:49 UTC 2018 /home/travis/build/icyphy/ptII/ptolemy/actor/lib/test/auto/BooleanMultiplexor3.xml
----------------- Instantiating /home/travis/build/icyphy/ptII/ptolemy/actor/lib/test/auto/BooleanMultiplexor3.xml
5 ms. Memory: 583680K Free: 107154K (18%)
----------------- Invoking toplevel() on ptolemy.moml.MoMLSimpleApplication@43c949f4
----------------- Done invoking toplevel() on ptolemy.moml.MoMLSimpleApplication@43c949f4
reloadAllAccessors: .BooleanMultiplexor3

===========================================================================================
----------------- testing Wed Aug 29 01:58:49 UTC 2018 /home/travis/build/icyphy/ptII/ptolemy/actor/lib/test/auto/BooleanSelect.xml
----------------- Instantiating /home/travis/build/icyphy/ptII/ptolemy/actor/lib/test/auto/BooleanSelect.xml
7 ms. Memory: 583680K Free: 97385K (17%)
----------------- Invoking toplevel() on ptolemy.moml.MoMLSimpleApplication@9b8d890
----------------- Done invoking toplevel() on ptolemy.moml.MoMLSimpleApplication@9b8d890
reloadAllAccessors: .BooleanSelect

===========================================================================================
----------------- testing Wed Aug 29 01:58:49 UTC 2018 /home/travis/build/icyphy/ptII/ptolemy/actor/lib/test/auto/BooleanSelect2.xml
----------------- Instantiating /home/travis/build/icyphy/ptII/ptolemy/actor/lib/test/auto/BooleanSelect2.xml
1 ms. Memory: 583680K Free: 87616K (15%)
----------------- Invoking toplevel() on ptolemy.moml.MoMLSimpleApplication@27be7c3f
----------------- Done invoking toplevel() on ptolemy.moml.MoMLSimpleApplication@27be7c3f
reloadAllAccessors: .BooleanSelect2

===========================================================================================
----------------- testing Wed Aug 29 01:58:49 UTC 2018 /home/travis/build/icyphy/ptII/ptolemy/actor/lib/test/auto/BooleanSwitch.xml
----------------- Instantiating /home/travis/build/icyphy/ptII/ptolemy/actor/lib/test/auto/BooleanSwitch.xml
4 ms. Memory: 583680K Free: 70114K (12%)
----------------- Invoking toplevel() on ptolemy.moml.MoMLSimpleApplication@236b343f
----------------- Done invoking toplevel() on ptolemy.moml.MoMLSimpleApplication@236b343f
reloadAllAccessors: .BooleanSwitch

===========================================================================================
----------------- testing Wed Aug 29 01:58:49 UTC 2018 /home/travis/build/icyphy/ptII/ptolemy/actor/lib/test/auto/BooleanSwitch2.xml
----------------- Instantiating /home/travis/build/icyphy/ptII/ptolemy/actor/lib/test/auto/BooleanSwitch2.xml
2 ms. Memory: 583680K Free: 60345K (10%)
----------------- Invoking toplevel() on ptolemy.moml.MoMLSimpleApplication@7b153b81
----------------- Done invoking toplevel() on ptolemy.moml.MoMLSimpleApplication@7b153b81
reloadAllAccessors: .BooleanSwitch2

===========================================================================================
----------------- testing Wed Aug 29 01:58:49 UTC 2018 /home/travis/build/icyphy/ptII/ptolemy/actor/lib/test/auto/BooleanSwitchCloningBugWithClassRelationGroup.xml
----------------- Instantiating /home/travis/build/icyphy/ptII/ptolemy/actor/lib/test/auto/BooleanSwitchCloningBugWithClassRelationGroup.xml
2 ms. Memory: 583680K Free: 55026K (9%)
----------------- Invoking toplevel() on ptolemy.moml.MoMLSimpleApplication@7a7ea731
----------------- Done invoking toplevel() on ptolemy.moml.MoMLSimpleApplication@7a7ea731
reloadAllAccessors: .BooleanSwitchCloningBugWithClassRelationGroup

===========================================================================================
----------------- testing Wed Aug 29 01:58:50 UTC 2018 /home/travis/build/icyphy/ptII/ptolemy/actor/lib/test/auto/BusActors.xml
----------------- Instantiating /home/travis/build/icyphy/ptII/ptolemy/actor/lib/test/auto/BusActors.xml
4 ms. Memory: 882176K Free: 828384K (94%)
----------------- Invoking toplevel() on ptolemy.moml.MoMLSimpleApplication@6b736d9d
----------------- Done invoking toplevel() on ptolemy.moml.MoMLSimpleApplication@6b736d9d
reloadAllAccessors: .BusActors

===========================================================================================
----------------- testing Wed Aug 29 01:58:50 UTC 2018 /home/travis/build/icyphy/ptII/ptolemy/actor/lib/test/auto/ClassWrapper.xml
----------------- Instantiating /home/travis/build/icyphy/ptII/ptolemy/actor/lib/test/auto/ClassWrapper.xml
2 ms. Memory: 882176K Free: 809109K (92%)
----------------- Invoking toplevel() on ptolemy.moml.MoMLSimpleApplication@2852a259
----------------- Done invoking toplevel() on ptolemy.moml.MoMLSimpleApplication@2852a259
reloadAllAccessors: .ClassWrapper

===========================================================================================
----------------- testing Wed Aug 29 01:58:50 UTC 2018 /home/travis/build/icyphy/ptII/ptolemy/actor/lib/test/auto/Clock.xml
----------------- Instantiating /home/travis/build/icyphy/ptII/ptolemy/actor/lib/test/auto/Clock.xml
2 ms. Memory: 882176K Free: 798435K (91%)
----------------- Invoking toplevel() on ptolemy.moml.MoMLSimpleApplication@2c2ae50f
----------------- Done invoking toplevel() on ptolemy.moml.MoMLSimpleApplication@2c2ae50f
reloadAllAccessors: .Clock

===========================================================================================
----------------- testing Wed Aug 29 01:58:50 UTC 2018 /home/travis/build/icyphy/ptII/ptolemy/actor/lib/test/auto/Clock10.xml
----------------- Instantiating /home/travis/build/icyphy/ptII/ptolemy/actor/lib/test/auto/Clock10.xml
3 ms. Memory: 882176K Free: 788011K (89%)
----------------- Invoking toplevel() on ptolemy.moml.MoMLSimpleApplication@45ec2d43
----------------- Done invoking toplevel() on ptolemy.moml.MoMLSimpleApplication@45ec2d43
reloadAllAccessors: .Clock10

===========================================================================================
----------------- testing Wed Aug 29 01:58:50 UTC 2018 /home/travis/build/icyphy/ptII/ptolemy/actor/lib/test/auto/Clock11.xml
----------------- Instantiating /home/travis/build/icyphy/ptII/ptolemy/actor/lib/test/auto/Clock11.xml
5 ms. Memory: 882176K Free: 768736K (87%)
----------------- Invoking toplevel() on ptolemy.moml.MoMLSimpleApplication@6b149e0b
----------------- Done invoking toplevel() on ptolemy.moml.MoMLSimpleApplication@6b149e0b
reloadAllAccessors: .Clock11

===========================================================================================
----------------- testing Wed Aug 29 01:58:50 UTC 2018 /home/travis/build/icyphy/ptII/ptolemy/actor/lib/test/auto/Clock12.xml
----------------- Instantiating /home/travis/build/icyphy/ptII/ptolemy/actor/lib/test/auto/Clock12.xml
5 ms. Memory: 882176K Free: 758312K (86%)
----------------- Invoking toplevel() on ptolemy.moml.MoMLSimpleApplication@245a4fa8
----------------- Done invoking toplevel() on ptolemy.moml.MoMLSimpleApplication@245a4fa8
reloadAllAccessors: .Clock12

===========================================================================================
----------------- testing Wed Aug 29 01:58:50 UTC 2018 /home/travis/build/icyphy/ptII/ptolemy/actor/lib/test/auto/Clock13.xml
----------------- Instantiating /home/travis/build/icyphy/ptII/ptolemy/actor/lib/test/auto/Clock13.xml
9 ms. Memory: 882176K Free: 747887K (85%)
----------------- Invoking toplevel() on ptolemy.moml.MoMLSimpleApplication@383214c3
----------------- Done invoking toplevel() on ptolemy.moml.MoMLSimpleApplication@383214c3
reloadAllAccessors: .Clock13

===========================================================================================
----------------- testing Wed Aug 29 01:58:50 UTC 2018 /home/travis/build/icyphy/ptII/ptolemy/actor/lib/test/auto/Clock14.xml
----------------- Instantiating /home/travis/build/icyphy/ptII/ptolemy/actor/lib/test/auto/Clock14.xml
5 ms. Memory: 882176K Free: 737463K (84%)
----------------- Invoking toplevel() on ptolemy.moml.MoMLSimpleApplication@6685baa7
----------------- Done invoking toplevel() on ptolemy.moml.MoMLSimpleApplication@6685baa7
reloadAllAccessors: .Clock14

===========================================================================================
----------------- testing Wed Aug 29 01:58:50 UTC 2018 /home/travis/build/icyphy/ptII/ptolemy/actor/lib/test/auto/Clock15.xml
----------------- Instantiating /home/travis/build/icyphy/ptII/ptolemy/actor/lib/test/auto/Clock15.xml
7 ms. Memory: 882176K Free: 718188K (81%)
----------------- Invoking toplevel() on ptolemy.moml.MoMLSimpleApplication@7f613af3
----------------- Done invoking toplevel() on ptolemy.moml.MoMLSimpleApplication@7f613af3
reloadAllAccessors: .Clock15

===========================================================================================
----------------- testing Wed Aug 29 01:58:50 UTC 2018 /home/travis/build/icyphy/ptII/ptolemy/actor/lib/test/auto/Clock16.xml
----------------- Instantiating /home/travis/build/icyphy/ptII/ptolemy/actor/lib/test/auto/Clock16.xml
31 ms. Memory: 882176K Free: 697308K (79%)
----------------- Invoking toplevel() on ptolemy.moml.MoMLSimpleApplication@3aae679
----------------- Done invoking toplevel() on ptolemy.moml.MoMLSimpleApplication@3aae679
reloadAllAccessors: .Clock16

===========================================================================================
----------------- testing Wed Aug 29 01:58:50 UTC 2018 /home/travis/build/icyphy/ptII/ptolemy/actor/lib/test/auto/Clock17.xml
----------------- Instantiating /home/travis/build/icyphy/ptII/ptolemy/actor/lib/test/auto/Clock17.xml
19 ms. Memory: 882176K Free: 681655K (77%)
----------------- Invoking toplevel() on ptolemy.moml.MoMLSimpleApplication@3769a283
----------------- Done invoking toplevel() on ptolemy.moml.MoMLSimpleApplication@3769a283
reloadAllAccessors: .Clock17

===========================================================================================
----------------- testing Wed Aug 29 01:58:50 UTC 2018 /home/travis/build/icyphy/ptII/ptolemy/actor/lib/test/auto/Clock18.xml
----------------- Instantiating /home/travis/build/icyphy/ptII/ptolemy/actor/lib/test/auto/Clock18.xml
14 ms. Memory: 882176K Free: 666011K (75%)
----------------- Invoking toplevel() on ptolemy.moml.MoMLSimpleApplication@3462f1ec
----------------- Done invoking toplevel() on ptolemy.moml.MoMLSimpleApplication@3462f1ec
reloadAllAccessors: .Clock18

===========================================================================================
----------------- testing Wed Aug 29 01:58:50 UTC 2018 /home/travis/build/icyphy/ptII/ptolemy/actor/lib/test/auto/Clock19.xml
----------------- Instantiating /home/travis/build/icyphy/ptII/ptolemy/actor/lib/test/auto/Clock19.xml
11 ms. Memory: 882176K Free: 641507K (73%)
----------------- Invoking toplevel() on ptolemy.moml.MoMLSimpleApplication@7b805386
----------------- Done invoking toplevel() on ptolemy.moml.MoMLSimpleApplication@7b805386
reloadAllAccessors: .Clock19

===========================================================================================
----------------- testing Wed Aug 29 01:58:50 UTC 2018 /home/travis/build/icyphy/ptII/ptolemy/actor/lib/test/auto/Clock2.xml
----------------- Instantiating /home/travis/build/icyphy/ptII/ptolemy/actor/lib/test/auto/Clock2.xml
6 ms. Memory: 882176K Free: 631083K (72%)
----------------- Invoking toplevel() on ptolemy.moml.MoMLSimpleApplication@122d9260
----------------- Done invoking toplevel() on ptolemy.moml.MoMLSimpleApplication@122d9260
reloadAllAccessors: .Clock2

===========================================================================================
----------------- testing Wed Aug 29 01:58:50 UTC 2018 /home/travis/build/icyphy/ptII/ptolemy/actor/lib/test/auto/Clock20.xml
----------------- Instantiating /home/travis/build/icyphy/ptII/ptolemy/actor/lib/test/auto/Clock20.xml
7 ms. Memory: 882176K Free: 620659K (70%)
----------------- Invoking toplevel() on ptolemy.moml.MoMLSimpleApplication@1278207e
----------------- Done invoking toplevel() on ptolemy.moml.MoMLSimpleApplication@1278207e
reloadAllAccessors: .Clock20

===========================================================================================
----------------- testing Wed Aug 29 01:58:50 UTC 2018 /home/travis/build/icyphy/ptII/ptolemy/actor/lib/test/auto/Clock21.xml
----------------- Instantiating /home/travis/build/icyphy/ptII/ptolemy/actor/lib/test/auto/Clock21.xml
5 ms. Memory: 882176K Free: 610234K (69%)
----------------- Invoking toplevel() on ptolemy.moml.MoMLSimpleApplication@709a5e9b
----------------- Done invoking toplevel() on ptolemy.moml.MoMLSimpleApplication@709a5e9b
reloadAllAccessors: .Clock21

===========================================================================================
----------------- testing Wed Aug 29 01:58:50 UTC 2018 /home/travis/build/icyphy/ptII/ptolemy/actor/lib/test/auto/Clock22.xml
----------------- Instantiating /home/travis/build/icyphy/ptII/ptolemy/actor/lib/test/auto/Clock22.xml
2 ms. Memory: 882176K Free: 590960K (67%)
----------------- Invoking toplevel() on ptolemy.moml.MoMLSimpleApplication@2ce67ee5
----------------- Done invoking toplevel() on ptolemy.moml.MoMLSimpleApplication@2ce67ee5
reloadAllAccessors: .Clock22

===========================================================================================
----------------- testing Wed Aug 29 01:58:50 UTC 2018 /home/travis/build/icyphy/ptII/ptolemy/actor/lib/test/auto/Clock23.xml
----------------- Instantiating /home/travis/build/icyphy/ptII/ptolemy/actor/lib/test/auto/Clock23.xml
9 ms. Memory: 882176K Free: 580535K (66%)
----------------- Invoking toplevel() on ptolemy.moml.MoMLSimpleApplication@7633fbd7
----------------- Done invoking toplevel() on ptolemy.moml.MoMLSimpleApplication@7633fbd7
reloadAllAccessors: .Clock23

===========================================================================================
----------------- testing Wed Aug 29 01:58:50 UTC 2018 /home/travis/build/icyphy/ptII/ptolemy/actor/lib/test/auto/Clock24.xml
----------------- Instantiating /home/travis/build/icyphy/ptII/ptolemy/actor/lib/test/auto/Clock24.xml
6 ms. Memory: 882176K Free: 570111K (65%)
----------------- Invoking toplevel() on ptolemy.moml.MoMLSimpleApplication@3b523cb7
----------------- Done invoking toplevel() on ptolemy.moml.MoMLSimpleApplication@3b523cb7
reloadAllAccessors: .Clock24

===========================================================================================
----------------- testing Wed Aug 29 01:58:50 UTC 2018 /home/travis/build/icyphy/ptII/ptolemy/actor/lib/test/auto/Clock4.xml
----------------- Instantiating /home/travis/build/icyphy/ptII/ptolemy/actor/lib/test/auto/Clock4.xml
5 ms. Memory: 882176K Free: 559687K (63%)
----------------- Invoking toplevel() on ptolemy.moml.MoMLSimpleApplication@3eca4add
----------------- Done invoking toplevel() on ptolemy.moml.MoMLSimpleApplication@3eca4add
reloadAllAccessors: .Clock4

===========================================================================================
----------------- testing Wed Aug 29 01:58:50 UTC 2018 /home/travis/build/icyphy/ptII/ptolemy/actor/lib/test/auto/Clock5.xml
----------------- Instantiating /home/travis/build/icyphy/ptII/ptolemy/actor/lib/test/auto/Clock5.xml
1 ms. Memory: 882176K Free: 540412K (61%)
----------------- Invoking toplevel() on ptolemy.moml.MoMLSimpleApplication@5c1f4ba
----------------- Done invoking toplevel() on ptolemy.moml.MoMLSimpleApplication@5c1f4ba
reloadAllAccessors: .Clock5

===========================================================================================
----------------- testing Wed Aug 29 01:58:50 UTC 2018 /home/travis/build/icyphy/ptII/ptolemy/actor/lib/test/auto/Clock6.xml
----------------- Instantiating /home/travis/build/icyphy/ptII/ptolemy/actor/lib/test/auto/Clock6.xml
3 ms. Memory: 882176K Free: 529988K (60%)
----------------- Invoking toplevel() on ptolemy.moml.MoMLSimpleApplication@677d3ee7
----------------- Done invoking toplevel() on ptolemy.moml.MoMLSimpleApplication@677d3ee7
reloadAllAccessors: .Clock6

===========================================================================================
----------------- testing Wed Aug 29 01:58:50 UTC 2018 /home/travis/build/icyphy/ptII/ptolemy/actor/lib/test/auto/Clock7.xml
----------------- Instantiating /home/travis/build/icyphy/ptII/ptolemy/actor/lib/test/auto/Clock7.xml
1 ms. Memory: 882176K Free: 519563K (59%)
----------------- Invoking toplevel() on ptolemy.moml.MoMLSimpleApplication@8a9fa91
----------------- Done invoking toplevel() on ptolemy.moml.MoMLSimpleApplication@8a9fa91
reloadAllAccessors: .Clock7

===========================================================================================
----------------- testing Wed Aug 29 01:58:50 UTC 2018 /home/travis/build/icyphy/ptII/ptolemy/actor/lib/test/auto/Clock8.xml
----------------- Instantiating /home/travis/build/icyphy/ptII/ptolemy/actor/lib/test/auto/Clock8.xml
2 ms. Memory: 882176K Free: 509139K (58%)
----------------- Invoking toplevel() on ptolemy.moml.MoMLSimpleApplication@4987b79c
----------------- Done invoking toplevel() on ptolemy.moml.MoMLSimpleApplication@4987b79c
reloadAllAccessors: .Clock8

===========================================================================================
----------------- testing Wed Aug 29 01:58:50 UTC 2018 /home/travis/build/icyphy/ptII/ptolemy/actor/lib/test/auto/Clock9.xml
----------------- Instantiating /home/travis/build/icyphy/ptII/ptolemy/actor/lib/test/auto/Clock9.xml
3 ms. Memory: 882176K Free: 489864K (56%)
----------------- Invoking toplevel() on ptolemy.moml.MoMLSimpleApplication@69aee4c7
----------------- Done invoking toplevel() on ptolemy.moml.MoMLSimpleApplication@69aee4c7
reloadAllAccessors: .Clock9

===========================================================================================
----------------- testing Wed Aug 29 01:58:50 UTC 2018 /home/travis/build/icyphy/ptII/ptolemy/actor/lib/test/auto/CommDistDiscard.xml
----------------- Instantiating /home/travis/build/icyphy/ptII/ptolemy/actor/lib/test/auto/CommDistDiscard.xml
4 ms. Memory: 882176K Free: 479440K (54%)
----------------- Invoking toplevel() on ptolemy.moml.MoMLSimpleApplication@5ddbbb34
----------------- Done invoking toplevel() on ptolemy.moml.MoMLSimpleApplication@5ddbbb34
reloadAllAccessors: .CommDistDiscard

===========================================================================================
----------------- testing Wed Aug 29 01:58:50 UTC 2018 /home/travis/build/icyphy/ptII/ptolemy/actor/lib/test/auto/Commutator.xml
----------------- Instantiating /home/travis/build/icyphy/ptII/ptolemy/actor/lib/test/auto/Commutator.xml
1 ms. Memory: 882176K Free: 469015K (53%)
----------------- Invoking toplevel() on ptolemy.moml.MoMLSimpleApplication@51471d6d
----------------- Done invoking toplevel() on ptolemy.moml.MoMLSimpleApplication@51471d6d
reloadAllAccessors: .Commutator

===========================================================================================
----------------- testing Wed Aug 29 01:58:50 UTC 2018 /home/travis/build/icyphy/ptII/ptolemy/actor/lib/test/auto/Commutator2.xml
----------------- Instantiating /home/travis/build/icyphy/ptII/ptolemy/actor/lib/test/auto/Commutator2.xml
1 ms. Memory: 882176K Free: 458591K (52%)
----------------- Invoking toplevel() on ptolemy.moml.MoMLSimpleApplication@78ea7ab7
----------------- Done invoking toplevel() on ptolemy.moml.MoMLSimpleApplication@78ea7ab7
reloadAllAccessors: .Commutator2

===========================================================================================
----------------- testing Wed Aug 29 01:58:50 UTC 2018 /home/travis/build/icyphy/ptII/ptolemy/actor/lib/test/auto/Commutator3.xml
----------------- Instantiating /home/travis/build/icyphy/ptII/ptolemy/actor/lib/test/auto/Commutator3.xml
1 ms. Memory: 882176K Free: 439316K (50%)
----------------- Invoking toplevel() on ptolemy.moml.MoMLSimpleApplication@3f3976c1
----------------- Done invoking toplevel() on ptolemy.moml.MoMLSimpleApplication@3f3976c1
reloadAllAccessors: .Commutator3

===========================================================================================
----------------- testing Wed Aug 29 01:58:50 UTC 2018 /home/travis/build/icyphy/ptII/ptolemy/actor/lib/test/auto/Compare.xml
----------------- Instantiating /home/travis/build/icyphy/ptII/ptolemy/actor/lib/test/auto/Compare.xml
2 ms. Memory: 882176K Free: 428892K (49%)
----------------- Invoking toplevel() on ptolemy.moml.MoMLSimpleApplication@7dd0fe59
----------------- Done invoking toplevel() on ptolemy.moml.MoMLSimpleApplication@7dd0fe59
reloadAllAccessors: .Compare

===========================================================================================
----------------- testing Wed Aug 29 01:58:50 UTC 2018 /home/travis/build/icyphy/ptII/ptolemy/actor/lib/test/auto/CompareDE.xml
----------------- Instantiating /home/travis/build/icyphy/ptII/ptolemy/actor/lib/test/auto/CompareDE.xml
7 ms. Memory: 882176K Free: 418468K (47%)
----------------- Invoking toplevel() on ptolemy.moml.MoMLSimpleApplication@6ae440ab
----------------- Done invoking toplevel() on ptolemy.moml.MoMLSimpleApplication@6ae440ab
reloadAllAccessors: .CompareDE

===========================================================================================
----------------- testing Wed Aug 29 01:58:50 UTC 2018 /home/travis/build/icyphy/ptII/ptolemy/actor/lib/test/auto/ComplexDivide.xml
----------------- Instantiating /home/travis/build/icyphy/ptII/ptolemy/actor/lib/test/auto/ComplexDivide.xml
2 ms. Memory: 882176K Free: 408043K (46%)
----------------- Invoking toplevel() on ptolemy.moml.MoMLSimpleApplication@3064dd1
----------------- Done invoking toplevel() on ptolemy.moml.MoMLSimpleApplication@3064dd1
reloadAllAccessors: .ComplexDivide

===========================================================================================
----------------- testing Wed Aug 29 01:58:50 UTC 2018 /home/travis/build/icyphy/ptII/ptolemy/actor/lib/test/auto/ComputeHistogram.xml
----------------- Instantiating /home/travis/build/icyphy/ptII/ptolemy/actor/lib/test/auto/ComputeHistogram.xml
35 ms. Memory: 882176K Free: 383540K (43%)
----------------- Invoking toplevel() on ptolemy.moml.MoMLSimpleApplication@1934155b
----------------- Done invoking toplevel() on ptolemy.moml.MoMLSimpleApplication@1934155b
reloadAllAccessors: .ComputeHistogram

===========================================================================================
----------------- testing Wed Aug 29 01:58:51 UTC 2018 /home/travis/build/icyphy/ptII/ptolemy/actor/lib/test/auto/ConfigurationSelect.xml
----------------- Instantiating /home/travis/build/icyphy/ptII/ptolemy/actor/lib/test/auto/ConfigurationSelect.xml
2 ms. Memory: 882176K Free: 373116K (42%)
----------------- Invoking toplevel() on ptolemy.moml.MoMLSimpleApplication@5bb97d85
----------------- Done invoking toplevel() on ptolemy.moml.MoMLSimpleApplication@5bb97d85
reloadAllAccessors: .ConfigurationSelect

===========================================================================================
----------------- testing Wed Aug 29 01:58:51 UTC 2018 /home/travis/build/icyphy/ptII/ptolemy/actor/lib/test/auto/ConfigurationSelect2.xml
----------------- Instantiating /home/travis/build/icyphy/ptII/ptolemy/actor/lib/test/auto/ConfigurationSelect2.xml
2 ms. Memory: 882176K Free: 362692K (41%)
----------------- Invoking toplevel() on ptolemy.moml.MoMLSimpleApplication@17a4fc4d
----------------- Done invoking toplevel() on ptolemy.moml.MoMLSimpleApplication@17a4fc4d
reloadAllAccessors: .ConfigurationSelect2

===========================================================================================
----------------- testing Wed Aug 29 01:58:51 UTC 2018 /home/travis/build/icyphy/ptII/ptolemy/actor/lib/test/auto/ConfigurationSwitch.xml
----------------- Instantiating /home/travis/build/icyphy/ptII/ptolemy/actor/lib/test/auto/ConfigurationSwitch.xml
3 ms. Memory: 882176K Free: 352267K (40%)
----------------- Invoking toplevel() on ptolemy.moml.MoMLSimpleApplication@7da12e95
----------------- Done invoking toplevel() on ptolemy.moml.MoMLSimpleApplication@7da12e95
reloadAllAccessors: .ConfigurationSwitch

===========================================================================================
----------------- testing Wed Aug 29 01:58:51 UTC 2018 /home/travis/build/icyphy/ptII/ptolemy/actor/lib/test/auto/ConfigurationSwitch2.xml
----------------- Instantiating /home/travis/build/icyphy/ptII/ptolemy/actor/lib/test/auto/ConfigurationSwitch2.xml
2 ms. Memory: 882176K Free: 332993K (38%)
----------------- Invoking toplevel() on ptolemy.moml.MoMLSimpleApplication@1b819fe8
----------------- Done invoking toplevel() on ptolemy.moml.MoMLSimpleApplication@1b819fe8
reloadAllAccessors: .ConfigurationSwitch2

===========================================================================================
----------------- testing Wed Aug 29 01:58:51 UTC 2018 /home/travis/build/icyphy/ptII/ptolemy/actor/lib/test/auto/ConfigurationSwitchCloningBugWithClassRelationGroup.xml
----------------- Instantiating /home/travis/build/icyphy/ptII/ptolemy/actor/lib/test/auto/ConfigurationSwitchCloningBugWithClassRelationGroup.xml
2 ms. Memory: 882176K Free: 317356K (36%)
----------------- Invoking toplevel() on ptolemy.moml.MoMLSimpleApplication@5a69bb94
----------------- Done invoking toplevel() on ptolemy.moml.MoMLSimpleApplication@5a69bb94
reloadAllAccessors: .ConfigurationSwitchCloningBugWithClassRelationGroup

===========================================================================================
----------------- testing Wed Aug 29 01:58:51 UTC 2018 /home/travis/build/icyphy/ptII/ptolemy/actor/lib/test/auto/ConfigurationSwitchSelectSDF.xml
----------------- Instantiating /home/travis/build/icyphy/ptII/ptolemy/actor/lib/test/auto/ConfigurationSwitchSelectSDF.xml
3 ms. Memory: 882176K Free: 306932K (35%)
----------------- Invoking toplevel() on ptolemy.moml.MoMLSimpleApplication@6ea35b88
----------------- Done invoking toplevel() on ptolemy.moml.MoMLSimpleApplication@6ea35b88
reloadAllAccessors: .ConfigurationSwitchSelectSDF

===========================================================================================
----------------- testing Wed Aug 29 01:58:51 UTC 2018 /home/travis/build/icyphy/ptII/ptolemy/actor/lib/test/auto/ConfigurationSwitchSelectSDF2.xml
----------------- Instantiating /home/travis/build/icyphy/ptII/ptolemy/actor/lib/test/auto/ConfigurationSwitchSelectSDF2.xml
2 ms. Memory: 882176K Free: 296507K (34%)
----------------- Invoking toplevel() on ptolemy.moml.MoMLSimpleApplication@73f18d66
----------------- Done invoking toplevel() on ptolemy.moml.MoMLSimpleApplication@73f18d66
reloadAllAccessors: .ConfigurationSwitchSelectSDF2

===========================================================================================
----------------- testing Wed Aug 29 01:58:51 UTC 2018 /home/travis/build/icyphy/ptII/ptolemy/actor/lib/test/auto/Const.xml
----------------- Instantiating /home/travis/build/icyphy/ptII/ptolemy/actor/lib/test/auto/Const.xml
1 ms. Memory: 882176K Free: 277233K (31%)
----------------- Invoking toplevel() on ptolemy.moml.MoMLSimpleApplication@789c779a
----------------- Done invoking toplevel() on ptolemy.moml.MoMLSimpleApplication@789c779a
reloadAllAccessors: .Const

===========================================================================================
----------------- testing Wed Aug 29 01:58:51 UTC 2018 /home/travis/build/icyphy/ptII/ptolemy/actor/lib/test/auto/Const2.xml
----------------- Instantiating /home/travis/build/icyphy/ptII/ptolemy/actor/lib/test/auto/Const2.xml
2 ms. Memory: 882176K Free: 266808K (30%)
----------------- Invoking toplevel() on ptolemy.moml.MoMLSimpleApplication@75c98e95
----------------- Done invoking toplevel() on ptolemy.moml.MoMLSimpleApplication@75c98e95
reloadAllAccessors: .Const2

===========================================================================================
----------------- testing Wed Aug 29 01:58:51 UTC 2018 /home/travis/build/icyphy/ptII/ptolemy/actor/lib/test/auto/Const3.xml
----------------- Instantiating /home/travis/build/icyphy/ptII/ptolemy/actor/lib/test/auto/Const3.xml
2 ms. Memory: 882176K Free: 256384K (29%)
----------------- Invoking toplevel() on ptolemy.moml.MoMLSimpleApplication@253f417a
----------------- Done invoking toplevel() on ptolemy.moml.MoMLSimpleApplication@253f417a
reloadAllAccessors: .Const3

===========================================================================================
----------------- testing Wed Aug 29 01:58:51 UTC 2018 /home/travis/build/icyphy/ptII/ptolemy/actor/lib/test/auto/ConstantPublisherPort1.xml
----------------- Instantiating /home/travis/build/icyphy/ptII/ptolemy/actor/lib/test/auto/ConstantPublisherPort1.xml
6 ms. Memory: 882176K Free: 240731K (27%)
----------------- Invoking toplevel() on ptolemy.moml.MoMLSimpleApplication@676de9ad
----------------- Done invoking toplevel() on ptolemy.moml.MoMLSimpleApplication@676de9ad
reloadAllAccessors: .ConstantPublisherPort1

===========================================================================================
----------------- testing Wed Aug 29 01:58:51 UTC 2018 /home/travis/build/icyphy/ptII/ptolemy/actor/lib/test/auto/ConstantPublisherPort2.xml
----------------- Instantiating /home/travis/build/icyphy/ptII/ptolemy/actor/lib/test/auto/ConstantPublisherPort2.xml
5 ms. Memory: 882176K Free: 216237K (25%)
----------------- Invoking toplevel() on ptolemy.moml.MoMLSimpleApplication@40d4deff
----------------- Done invoking toplevel() on ptolemy.moml.MoMLSimpleApplication@40d4deff
reloadAllAccessors: .ConstantPublisherPort2

===========================================================================================
----------------- testing Wed Aug 29 01:58:51 UTC 2018 /home/travis/build/icyphy/ptII/ptolemy/actor/lib/test/auto/ConstantPublisherPort3.xml
----------------- Instantiating /home/travis/build/icyphy/ptII/ptolemy/actor/lib/test/auto/ConstantPublisherPort3.xml
7 ms. Memory: 882176K Free: 200584K (23%)
----------------- Invoking toplevel() on ptolemy.moml.MoMLSimpleApplication@4b9f9def
----------------- Done invoking toplevel() on ptolemy.moml.MoMLSimpleApplication@4b9f9def
reloadAllAccessors: .ConstantPublisherPort3

===========================================================================================
----------------- testing Wed Aug 29 01:58:51 UTC 2018 /home/travis/build/icyphy/ptII/ptolemy/actor/lib/test/auto/ConstantPublisherPort4.xml
----------------- Instantiating /home/travis/build/icyphy/ptII/ptolemy/actor/lib/test/auto/ConstantPublisherPort4.xml
2 ms. Memory: 882176K Free: 190160K (22%)
----------------- Invoking toplevel() on ptolemy.moml.MoMLSimpleApplication@5677d27a
----------------- Done invoking toplevel() on ptolemy.moml.MoMLSimpleApplication@5677d27a
reloadAllAccessors: .ConstantPublisherPort4

===========================================================================================
----------------- testing Wed Aug 29 01:58:51 UTC 2018 /home/travis/build/icyphy/ptII/ptolemy/actor/lib/test/auto/ConstantPublisherPort5.xml
----------------- Instantiating /home/travis/build/icyphy/ptII/ptolemy/actor/lib/test/auto/ConstantPublisherPort5.xml
31 ms. Memory: 882176K Free: 155232K (18%)
----------------- Invoking toplevel() on ptolemy.moml.MoMLSimpleApplication@2b2b98b4
----------------- Done invoking toplevel() on ptolemy.moml.MoMLSimpleApplication@2b2b98b4
reloadAllAccessors: .ConstantPublisherPort5

===========================================================================================
----------------- testing Wed Aug 29 01:58:51 UTC 2018 /home/travis/build/icyphy/ptII/ptolemy/actor/lib/test/auto/ConstantPublisherPort6.xml
----------------- Instantiating /home/travis/build/icyphy/ptII/ptolemy/actor/lib/test/auto/ConstantPublisherPort6.xml
14 ms. Memory: 882176K Free: 129172K (15%)
----------------- Invoking toplevel() on ptolemy.moml.MoMLSimpleApplication@3cfab472
----------------- Done invoking toplevel() on ptolemy.moml.MoMLSimpleApplication@3cfab472
reloadAllAccessors: .ConstantPublisherPort6

===========================================================================================
----------------- testing Wed Aug 29 01:58:51 UTC 2018 /home/travis/build/icyphy/ptII/ptolemy/actor/lib/test/auto/ConstantPublisherPort7.xml
----------------- Instantiating /home/travis/build/icyphy/ptII/ptolemy/actor/lib/test/auto/ConstantPublisherPort7.xml
16 ms. Memory: 882176K Free: 103111K (12%)
----------------- Invoking toplevel() on ptolemy.moml.MoMLSimpleApplication@3ebf5035
----------------- Done invoking toplevel() on ptolemy.moml.MoMLSimpleApplication@3ebf5035
reloadAllAccessors: .ConstantPublisherPort7

===========================================================================================
----------------- testing Wed Aug 29 01:58:51 UTC 2018 /home/travis/build/icyphy/ptII/ptolemy/actor/lib/test/auto/ConstraintMonitor1.xml
----------------- Instantiating /home/travis/build/icyphy/ptII/ptolemy/actor/lib/test/auto/ConstraintMonitor1.xml
7 ms. Memory: 882176K Free: 92686K (11%)
----------------- Invoking toplevel() on ptolemy.moml.MoMLSimpleApplication@5d62ad4b
----------------- Done invoking toplevel() on ptolemy.moml.MoMLSimpleApplication@5d62ad4b
reloadAllAccessors: .ConstraintMonitor1

===========================================================================================
----------------- testing Wed Aug 29 01:58:51 UTC 2018 /home/travis/build/icyphy/ptII/ptolemy/actor/lib/test/auto/ConstraintMonitor2.xml
----------------- Instantiating /home/travis/build/icyphy/ptII/ptolemy/actor/lib/test/auto/ConstraintMonitor2.xml
2 ms. Memory: 882176K Free: 73412K (8%)
----------------- Invoking toplevel() on ptolemy.moml.MoMLSimpleApplication@7d911a0d
----------------- Done invoking toplevel() on ptolemy.moml.MoMLSimpleApplication@7d911a0d
reloadAllAccessors: .ConstraintMonitor2

===========================================================================================
----------------- testing Wed Aug 29 01:58:51 UTC 2018 /home/travis/build/icyphy/ptII/ptolemy/actor/lib/test/auto/ConstraintMonitor3.xml
----------------- Instantiating /home/travis/build/icyphy/ptII/ptolemy/actor/lib/test/auto/ConstraintMonitor3.xml
2 ms. Memory: 882176K Free: 62987K (7%)
----------------- Invoking toplevel() on ptolemy.moml.MoMLSimpleApplication@693eef2e
----------------- Done invoking toplevel() on ptolemy.moml.MoMLSimpleApplication@693eef2e
reloadAllAccessors: .ConstraintMonitor3

===========================================================================================
----------------- testing Wed Aug 29 01:58:51 UTC 2018 /home/travis/build/icyphy/ptII/ptolemy/actor/lib/test/auto/ConstraintMonitor4.xml
----------------- Instantiating /home/travis/build/icyphy/ptII/ptolemy/actor/lib/test/auto/ConstraintMonitor4.xml
6 ms. Memory: 883200K Free: 828836K (94%)
----------------- Invoking toplevel() on ptolemy.moml.MoMLSimpleApplication@1898fbc9
----------------- Done invoking toplevel() on ptolemy.moml.MoMLSimpleApplication@1898fbc9
reloadAllAccessors: .ConstraintMonitor4

===========================================================================================
----------------- testing Wed Aug 29 01:58:51 UTC 2018 /home/travis/build/icyphy/ptII/ptolemy/actor/lib/test/auto/ConstraintMonitor5.xml
----------------- Instantiating /home/travis/build/icyphy/ptII/ptolemy/actor/lib/test/auto/ConstraintMonitor5.xml
6 ms. Memory: 883200K Free: 811800K (92%)
----------------- Invoking toplevel() on ptolemy.moml.MoMLSimpleApplication@5d92fd08
----------------- Done invoking toplevel() on ptolemy.moml.MoMLSimpleApplication@5d92fd08
reloadAllAccessors: .ConstraintMonitor5

===========================================================================================
----------------- testing Wed Aug 29 01:58:51 UTC 2018 /home/travis/build/icyphy/ptII/ptolemy/actor/lib/test/auto/ConstraintMonitor6.xml
----------------- Instantiating /home/travis/build/icyphy/ptII/ptolemy/actor/lib/test/auto/ConstraintMonitor6.xml
6 ms. Memory: 883200K Free: 801213K (91%)
----------------- Invoking toplevel() on ptolemy.moml.MoMLSimpleApplication@2c1f2fc2
----------------- Done invoking toplevel() on ptolemy.moml.MoMLSimpleApplication@2c1f2fc2
reloadAllAccessors: .ConstraintMonitor6

===========================================================================================
----------------- testing Wed Aug 29 01:58:51 UTC 2018 /home/travis/build/icyphy/ptII/ptolemy/actor/lib/test/auto/ConstraintMonitor7.xml
----------------- Instantiating /home/travis/build/icyphy/ptII/ptolemy/actor/lib/test/auto/ConstraintMonitor7.xml
7 ms. Memory: 883200K Free: 784177K (89%)
----------------- Invoking toplevel() on ptolemy.moml.MoMLSimpleApplication@6f866f2a
----------------- Done invoking toplevel() on ptolemy.moml.MoMLSimpleApplication@6f866f2a
reloadAllAccessors: .ConstraintMonitor7

===========================================================================================
----------------- testing Wed Aug 29 01:58:51 UTC 2018 /home/travis/build/icyphy/ptII/ptolemy/actor/lib/test/auto/ConstraintMonitor8.xml
----------------- Instantiating /home/travis/build/icyphy/ptII/ptolemy/actor/lib/test/auto/ConstraintMonitor8.xml
2 ms. Memory: 883200K Free: 773753K (88%)
----------------- Invoking toplevel() on ptolemy.moml.MoMLSimpleApplication@9638e9e
----------------- Done invoking toplevel() on ptolemy.moml.MoMLSimpleApplication@9638e9e
reloadAllAccessors: .ConstraintMonitor8

===========================================================================================
----------------- testing Wed Aug 29 01:58:51 UTC 2018 /home/travis/build/icyphy/ptII/ptolemy/actor/lib/test/auto/Counter.xml
----------------- Instantiating /home/travis/build/icyphy/ptII/ptolemy/actor/lib/test/auto/Counter.xml
2 ms. Memory: 883200K Free: 763328K (86%)
----------------- Invoking toplevel() on ptolemy.moml.MoMLSimpleApplication@50510ec2
----------------- Done invoking toplevel() on ptolemy.moml.MoMLSimpleApplication@50510ec2
reloadAllAccessors: .Counter

===========================================================================================
----------------- testing Wed Aug 29 01:58:51 UTC 2018 /home/travis/build/icyphy/ptII/ptolemy/actor/lib/test/auto/CurrentTimeSDF.xml
----------------- Instantiating /home/travis/build/icyphy/ptII/ptolemy/actor/lib/test/auto/CurrentTimeSDF.xml
1 ms. Memory: 883200K Free: 746292K (84%)
----------------- Invoking toplevel() on ptolemy.moml.MoMLSimpleApplication@2e90302f
----------------- Done invoking toplevel() on ptolemy.moml.MoMLSimpleApplication@2e90302f
reloadAllAccessors: .CurrentTimeSDF

===========================================================================================
----------------- testing Wed Aug 29 01:58:51 UTC 2018 /home/travis/build/icyphy/ptII/ptolemy/actor/lib/test/auto/DB.xml
----------------- Instantiating /home/travis/build/icyphy/ptII/ptolemy/actor/lib/test/auto/DB.xml
1 ms. Memory: 883200K Free: 735868K (83%)
----------------- Invoking toplevel() on ptolemy.moml.MoMLSimpleApplication@dfb7ef1
----------------- Done invoking toplevel() on ptolemy.moml.MoMLSimpleApplication@dfb7ef1
reloadAllAccessors: .DB

===========================================================================================
----------------- testing Wed Aug 29 01:58:51 UTC 2018 /home/travis/build/icyphy/ptII/ptolemy/actor/lib/test/auto/DBDE.xml
----------------- Instantiating /home/travis/build/icyphy/ptII/ptolemy/actor/lib/test/auto/DBDE.xml
1 ms. Memory: 883200K Free: 725443K (82%)
----------------- Invoking toplevel() on ptolemy.moml.MoMLSimpleApplication@2bb36c6e
----------------- Done invoking toplevel() on ptolemy.moml.MoMLSimpleApplication@2bb36c6e
reloadAllAccessors: .DBDE

===========================================================================================
----------------- testing Wed Aug 29 01:58:51 UTC 2018 /home/travis/build/icyphy/ptII/ptolemy/actor/lib/test/auto/DateConstructor.xml
----------------- Instantiating /home/travis/build/icyphy/ptII/ptolemy/actor/lib/test/auto/DateConstructor.xml
15 ms. Memory: 883200K Free: 697967K (79%)
----------------- Invoking toplevel() on ptolemy.moml.MoMLSimpleApplication@23ebfa75
----------------- Done invoking toplevel() on ptolemy.moml.MoMLSimpleApplication@23ebfa75
reloadAllAccessors: .DateConstructor

===========================================================================================
----------------- testing Wed Aug 29 01:58:51 UTC 2018 /home/travis/build/icyphy/ptII/ptolemy/actor/lib/test/auto/DelayTime.xml
----------------- Instantiating /home/travis/build/icyphy/ptII/ptolemy/actor/lib/test/auto/DelayTime.xml
2 ms. Memory: 883200K Free: 687543K (78%)
----------------- Invoking toplevel() on ptolemy.moml.MoMLSimpleApplication@642552d3
----------------- Done invoking toplevel() on ptolemy.moml.MoMLSimpleApplication@642552d3
reloadAllAccessors: .DelayTime

===========================================================================================
----------------- testing Wed Aug 29 01:58:51 UTC 2018 /home/travis/build/icyphy/ptII/ptolemy/actor/lib/test/auto/Dictionary1.xml
----------------- Instantiating /home/travis/build/icyphy/ptII/ptolemy/actor/lib/test/auto/Dictionary1.xml
1 ms. Memory: 883200K Free: 677118K (77%)
----------------- Invoking toplevel() on ptolemy.moml.MoMLSimpleApplication@3591278e
----------------- Done invoking toplevel() on ptolemy.moml.MoMLSimpleApplication@3591278e
reloadAllAccessors: .Dictionary1

===========================================================================================
----------------- testing Wed Aug 29 01:58:51 UTC 2018 /home/travis/build/icyphy/ptII/ptolemy/actor/lib/test/auto/Dictionary2.xml
----------------- Instantiating /home/travis/build/icyphy/ptII/ptolemy/actor/lib/test/auto/Dictionary2.xml
2 ms. Memory: 883200K Free: 660082K (75%)
----------------- Invoking toplevel() on ptolemy.moml.MoMLSimpleApplication@35043deb
----------------- Done invoking toplevel() on ptolemy.moml.MoMLSimpleApplication@35043deb
reloadAllAccessors: .Dictionary2

===========================================================================================
----------------- testing Wed Aug 29 01:58:51 UTC 2018 /home/travis/build/icyphy/ptII/ptolemy/actor/lib/test/auto/Dictionary3.xml
----------------- Instantiating /home/travis/build/icyphy/ptII/ptolemy/actor/lib/test/auto/Dictionary3.xml
2 ms. Memory: 883200K Free: 649658K (74%)
----------------- Invoking toplevel() on ptolemy.moml.MoMLSimpleApplication@7f170482
----------------- Done invoking toplevel() on ptolemy.moml.MoMLSimpleApplication@7f170482
reloadAllAccessors: .Dictionary3

===========================================================================================
----------------- testing Wed Aug 29 01:58:51 UTC 2018 /home/travis/build/icyphy/ptII/ptolemy/actor/lib/test/auto/Dictionary4.xml
----------------- Instantiating /home/travis/build/icyphy/ptII/ptolemy/actor/lib/test/auto/Dictionary4.xml
3 ms. Memory: 883200K Free: 639233K (72%)
----------------- Invoking toplevel() on ptolemy.moml.MoMLSimpleApplication@418f6421
----------------- Done invoking toplevel() on ptolemy.moml.MoMLSimpleApplication@418f6421
reloadAllAccessors: .Dictionary4

===========================================================================================
----------------- testing Wed Aug 29 01:58:51 UTC 2018 /home/travis/build/icyphy/ptII/ptolemy/actor/lib/test/auto/Differential.xml
----------------- Instantiating /home/travis/build/icyphy/ptII/ptolemy/actor/lib/test/auto/Differential.xml
1 ms. Memory: 883200K Free: 622197K (70%)
----------------- Invoking toplevel() on ptolemy.moml.MoMLSimpleApplication@10ec7a69
----------------- Done invoking toplevel() on ptolemy.moml.MoMLSimpleApplication@10ec7a69
reloadAllAccessors: .Differential

===========================================================================================
----------------- testing Wed Aug 29 01:58:51 UTC 2018 /home/travis/build/icyphy/ptII/ptolemy/actor/lib/test/auto/Director.xml
----------------- Instantiating /home/travis/build/icyphy/ptII/ptolemy/actor/lib/test/auto/Director.xml
1 ms. Memory: 883200K Free: 611773K (69%)
----------------- Invoking toplevel() on ptolemy.moml.MoMLSimpleApplication@2e4cdc23
----------------- Done invoking toplevel() on ptolemy.moml.MoMLSimpleApplication@2e4cdc23
reloadAllAccessors: .Director

===========================================================================================
----------------- testing Wed Aug 29 01:58:51 UTC 2018 /home/travis/build/icyphy/ptII/ptolemy/actor/lib/test/auto/DiscreteClock.xml
----------------- Instantiating /home/travis/build/icyphy/ptII/ptolemy/actor/lib/test/auto/DiscreteClock.xml
1 ms. Memory: 883200K Free: 601348K (68%)
----------------- Invoking toplevel() on ptolemy.moml.MoMLSimpleApplication@523012f
----------------- Done invoking toplevel() on ptolemy.moml.MoMLSimpleApplication@523012f
reloadAllAccessors: .DiscreteClock

===========================================================================================
----------------- testing Wed Aug 29 01:58:51 UTC 2018 /home/travis/build/icyphy/ptII/ptolemy/actor/lib/test/auto/DiscreteClock10.xml
----------------- Instantiating /home/travis/build/icyphy/ptII/ptolemy/actor/lib/test/auto/DiscreteClock10.xml
2 ms. Memory: 883200K Free: 584312K (66%)
----------------- Invoking toplevel() on ptolemy.moml.MoMLSimpleApplication@34e0e670
----------------- Done invoking toplevel() on ptolemy.moml.MoMLSimpleApplication@34e0e670
reloadAllAccessors: .DiscreteClock10

===========================================================================================
----------------- testing Wed Aug 29 01:58:52 UTC 2018 /home/travis/build/icyphy/ptII/ptolemy/actor/lib/test/auto/DiscreteClock11.xml
----------------- Instantiating /home/travis/build/icyphy/ptII/ptolemy/actor/lib/test/auto/DiscreteClock11.xml
2 ms. Memory: 883200K Free: 573888K (65%)
----------------- Invoking toplevel() on ptolemy.moml.MoMLSimpleApplication@524a92fb
----------------- Done invoking toplevel() on ptolemy.moml.MoMLSimpleApplication@524a92fb
reloadAllAccessors: .DiscreteClock11

===========================================================================================
----------------- testing Wed Aug 29 01:58:52 UTC 2018 /home/travis/build/icyphy/ptII/ptolemy/actor/lib/test/auto/DiscreteClock12.xml
----------------- Instantiating /home/travis/build/icyphy/ptII/ptolemy/actor/lib/test/auto/DiscreteClock12.xml
2 ms. Memory: 883200K Free: 563463K (64%)
----------------- Invoking toplevel() on ptolemy.moml.MoMLSimpleApplication@1d4d73cf
----------------- Done invoking toplevel() on ptolemy.moml.MoMLSimpleApplication@1d4d73cf
reloadAllAccessors: .DiscreteClock12

===========================================================================================
----------------- testing Wed Aug 29 01:58:52 UTC 2018 /home/travis/build/icyphy/ptII/ptolemy/actor/lib/test/auto/DiscreteClock13.xml
----------------- Instantiating /home/travis/build/icyphy/ptII/ptolemy/actor/lib/test/auto/DiscreteClock13.xml
3 ms. Memory: 883200K Free: 546427K (62%)
----------------- Invoking toplevel() on ptolemy.moml.MoMLSimpleApplication@4353db90
----------------- Done invoking toplevel() on ptolemy.moml.MoMLSimpleApplication@4353db90
reloadAllAccessors: .DiscreteClock13

===========================================================================================
----------------- testing Wed Aug 29 01:58:52 UTC 2018 /home/travis/build/icyphy/ptII/ptolemy/actor/lib/test/auto/DiscreteClock14.xml
----------------- Instantiating /home/travis/build/icyphy/ptII/ptolemy/actor/lib/test/auto/DiscreteClock14.xml
3 ms. Memory: 883200K Free: 536003K (61%)
----------------- Invoking toplevel() on ptolemy.moml.MoMLSimpleApplication@549d18f9
----------------- Done invoking toplevel() on ptolemy.moml.MoMLSimpleApplication@549d18f9
reloadAllAccessors: .DiscreteClock14

===========================================================================================
----------------- testing Wed Aug 29 01:58:52 UTC 2018 /home/travis/build/icyphy/ptII/ptolemy/actor/lib/test/auto/DiscreteClock15.xml
----------------- Instantiating /home/travis/build/icyphy/ptII/ptolemy/actor/lib/test/auto/DiscreteClock15.xml
2 ms. Memory: 883200K Free: 518967K (59%)
----------------- Invoking toplevel() on ptolemy.moml.MoMLSimpleApplication@79335b2b
----------------- Done invoking toplevel() on ptolemy.moml.MoMLSimpleApplication@79335b2b
reloadAllAccessors: .DiscreteClock15

===========================================================================================
----------------- testing Wed Aug 29 01:58:52 UTC 2018 /home/travis/build/icyphy/ptII/ptolemy/actor/lib/test/auto/DiscreteClock16.xml
----------------- Instantiating /home/travis/build/icyphy/ptII/ptolemy/actor/lib/test/auto/DiscreteClock16.xml
13 ms. Memory: 883200K Free: 503314K (57%)
----------------- Invoking toplevel() on ptolemy.moml.MoMLSimpleApplication@f401cc0
----------------- Done invoking toplevel() on ptolemy.moml.MoMLSimpleApplication@f401cc0
reloadAllAccessors: .DiscreteClock16

===========================================================================================
----------------- testing Wed Aug 29 01:58:52 UTC 2018 /home/travis/build/icyphy/ptII/ptolemy/actor/lib/test/auto/DiscreteClock17.xml
----------------- Instantiating /home/travis/build/icyphy/ptII/ptolemy/actor/lib/test/auto/DiscreteClock17.xml
14 ms. Memory: 1369088K Free: 1306861K (95%)
----------------- Invoking toplevel() on ptolemy.moml.MoMLSimpleApplication@7459919f
----------------- Done invoking toplevel() on ptolemy.moml.MoMLSimpleApplication@7459919f
reloadAllAccessors: .DiscreteClock17

===========================================================================================
----------------- testing Wed Aug 29 01:58:52 UTC 2018 /home/travis/build/icyphy/ptII/ptolemy/actor/lib/test/auto/DiscreteClock18.xml
----------------- Instantiating /home/travis/build/icyphy/ptII/ptolemy/actor/lib/test/auto/DiscreteClock18.xml
9 ms. Memory: 1369088K Free: 1270976K (93%)
----------------- Invoking toplevel() on ptolemy.moml.MoMLSimpleApplication@cf95b2a
----------------- Done invoking toplevel() on ptolemy.moml.MoMLSimpleApplication@cf95b2a
reloadAllAccessors: .DiscreteClock18

===========================================================================================
----------------- testing Wed Aug 29 01:58:52 UTC 2018 /home/travis/build/icyphy/ptII/ptolemy/actor/lib/test/auto/DiscreteClock19.xml
----------------- Instantiating /home/travis/build/icyphy/ptII/ptolemy/actor/lib/test/auto/DiscreteClock19.xml
9 ms. Memory: 1369088K Free: 1245933K (91%)
----------------- Invoking toplevel() on ptolemy.moml.MoMLSimpleApplication@5ef16cac
----------------- Done invoking toplevel() on ptolemy.moml.MoMLSimpleApplication@5ef16cac
reloadAllAccessors: .DiscreteClock19

===========================================================================================
----------------- testing Wed Aug 29 01:58:52 UTC 2018 /home/travis/build/icyphy/ptII/ptolemy/actor/lib/test/auto/DiscreteClock2.xml
----------------- Instantiating /home/travis/build/icyphy/ptII/ptolemy/actor/lib/test/auto/DiscreteClock2.xml
2 ms. Memory: 1369088K Free: 1229249K (90%)
----------------- Invoking toplevel() on ptolemy.moml.MoMLSimpleApplication@2e0b6ddb
----------------- Done invoking toplevel() on ptolemy.moml.MoMLSimpleApplication@2e0b6ddb
reloadAllAccessors: .DiscreteClock2

===========================================================================================
----------------- testing Wed Aug 29 01:58:52 UTC 2018 /home/travis/build/icyphy/ptII/ptolemy/actor/lib/test/auto/DiscreteClock20.xml
----------------- Instantiating /home/travis/build/icyphy/ptII/ptolemy/actor/lib/test/auto/DiscreteClock20.xml
3 ms. Memory: 1369088K Free: 1212564K (89%)
----------------- Invoking toplevel() on ptolemy.moml.MoMLSimpleApplication@121c7bdb
----------------- Done invoking toplevel() on ptolemy.moml.MoMLSimpleApplication@121c7bdb
reloadAllAccessors: .DiscreteClock20

===========================================================================================
----------------- testing Wed Aug 29 01:58:52 UTC 2018 /home/travis/build/icyphy/ptII/ptolemy/actor/lib/test/auto/DiscreteClock21.xml
----------------- Instantiating /home/travis/build/icyphy/ptII/ptolemy/actor/lib/test/auto/DiscreteClock21.xml
7 ms. Memory: 1369088K Free: 1185297K (87%)
----------------- Invoking toplevel() on ptolemy.moml.MoMLSimpleApplication@62eef561
----------------- Done invoking toplevel() on ptolemy.moml.MoMLSimpleApplication@62eef561
reloadAllAccessors: .DiscreteClock21

===========================================================================================
----------------- testing Wed Aug 29 01:58:52 UTC 2018 /home/travis/build/icyphy/ptII/ptolemy/actor/lib/test/auto/DiscreteClock22.xml
----------------- Instantiating /home/travis/build/icyphy/ptII/ptolemy/actor/lib/test/auto/DiscreteClock22.xml
1 ms. Memory: 1369088K Free: 1168613K (85%)
----------------- Invoking toplevel() on ptolemy.moml.MoMLSimpleApplication@c4ec072
----------------- Done invoking toplevel() on ptolemy.moml.MoMLSimpleApplication@c4ec072
reloadAllAccessors: .DiscreteClock22

===========================================================================================
----------------- testing Wed Aug 29 01:58:52 UTC 2018 /home/travis/build/icyphy/ptII/ptolemy/actor/lib/test/auto/DiscreteClock23.xml
----------------- Instantiating /home/travis/build/icyphy/ptII/ptolemy/actor/lib/test/auto/DiscreteClock23.xml
1 ms. Memory: 1369088K Free: 1151928K (84%)
----------------- Invoking toplevel() on ptolemy.moml.MoMLSimpleApplication@1c7f9c33
----------------- Done invoking toplevel() on ptolemy.moml.MoMLSimpleApplication@1c7f9c33
reloadAllAccessors: .DiscreteClock23

===========================================================================================
----------------- testing Wed Aug 29 01:58:52 UTC 2018 /home/travis/build/icyphy/ptII/ptolemy/actor/lib/test/auto/DiscreteClock24.xml
----------------- Instantiating /home/travis/build/icyphy/ptII/ptolemy/actor/lib/test/auto/DiscreteClock24.xml
2 ms. Memory: 1369088K Free: 1135244K (83%)
----------------- Invoking toplevel() on ptolemy.moml.MoMLSimpleApplication@7a8e333a
----------------- Done invoking toplevel() on ptolemy.moml.MoMLSimpleApplication@7a8e333a
reloadAllAccessors: .DiscreteClock24

===========================================================================================
----------------- testing Wed Aug 29 01:58:52 UTC 2018 /home/travis/build/icyphy/ptII/ptolemy/actor/lib/test/auto/DiscreteClock4.xml
----------------- Instantiating /home/travis/build/icyphy/ptII/ptolemy/actor/lib/test/auto/DiscreteClock4.xml
1 ms. Memory: 1369088K Free: 1118560K (82%)
----------------- Invoking toplevel() on ptolemy.moml.MoMLSimpleApplication@5bdd2100
----------------- Done invoking toplevel() on ptolemy.moml.MoMLSimpleApplication@5bdd2100
reloadAllAccessors: .DiscreteClock4

===========================================================================================
----------------- testing Wed Aug 29 01:58:52 UTC 2018 /home/travis/build/icyphy/ptII/ptolemy/actor/lib/test/auto/DiscreteClock5.xml
----------------- Instantiating /home/travis/build/icyphy/ptII/ptolemy/actor/lib/test/auto/DiscreteClock5.xml
2 ms. Memory: 1369088K Free: 1091293K (80%)
----------------- Invoking toplevel() on ptolemy.moml.MoMLSimpleApplication@56b63cce
----------------- Done invoking toplevel() on ptolemy.moml.MoMLSimpleApplication@56b63cce
reloadAllAccessors: .DiscreteClock5

===========================================================================================
----------------- testing Wed Aug 29 01:58:52 UTC 2018 /home/travis/build/icyphy/ptII/ptolemy/actor/lib/test/auto/DiscreteClock6.xml
----------------- Instantiating /home/travis/build/icyphy/ptII/ptolemy/actor/lib/test/auto/DiscreteClock6.xml
1 ms. Memory: 1369088K Free: 1074608K (78%)
----------------- Invoking toplevel() on ptolemy.moml.MoMLSimpleApplication@5094b3f5
----------------- Done invoking toplevel() on ptolemy.moml.MoMLSimpleApplication@5094b3f5
reloadAllAccessors: .DiscreteClock6

===========================================================================================
----------------- testing Wed Aug 29 01:58:52 UTC 2018 /home/travis/build/icyphy/ptII/ptolemy/actor/lib/test/auto/DiscreteClock7.xml
----------------- Instantiating /home/travis/build/icyphy/ptII/ptolemy/actor/lib/test/auto/DiscreteClock7.xml
3 ms. Memory: 1369088K Free: 1057924K (77%)
----------------- Invoking toplevel() on ptolemy.moml.MoMLSimpleApplication@66e87477
----------------- Done invoking toplevel() on ptolemy.moml.MoMLSimpleApplication@66e87477
reloadAllAccessors: .DiscreteClock7

===========================================================================================
----------------- testing Wed Aug 29 01:58:52 UTC 2018 /home/travis/build/icyphy/ptII/ptolemy/actor/lib/test/auto/DiscreteClock8.xml
----------------- Instantiating /home/travis/build/icyphy/ptII/ptolemy/actor/lib/test/auto/DiscreteClock8.xml
6 ms. Memory: 1369088K Free: 1041240K (76%)
----------------- Invoking toplevel() on ptolemy.moml.MoMLSimpleApplication@3040ac9b
----------------- Done invoking toplevel() on ptolemy.moml.MoMLSimpleApplication@3040ac9b
reloadAllAccessors: .DiscreteClock8

===========================================================================================
----------------- testing Wed Aug 29 01:58:52 UTC 2018 /home/travis/build/icyphy/ptII/ptolemy/actor/lib/test/auto/DiscreteClock9.xml
----------------- Instantiating /home/travis/build/icyphy/ptII/ptolemy/actor/lib/test/auto/DiscreteClock9.xml
6 ms. Memory: 1369088K Free: 1013973K (74%)
----------------- Invoking toplevel() on ptolemy.moml.MoMLSimpleApplication@67e776d9
----------------- Done invoking toplevel() on ptolemy.moml.MoMLSimpleApplication@67e776d9
reloadAllAccessors: .DiscreteClock9

===========================================================================================
----------------- testing Wed Aug 29 01:58:52 UTC 2018 /home/travis/build/icyphy/ptII/ptolemy/actor/lib/test/auto/DisplayArray.xml
----------------- Instantiating /home/travis/build/icyphy/ptII/ptolemy/actor/lib/test/auto/DisplayArray.xml
1 ms. Memory: 1369088K Free: 997288K (73%)
----------------- Invoking toplevel() on ptolemy.moml.MoMLSimpleApplication@efa3aae
----------------- Done invoking toplevel() on ptolemy.moml.MoMLSimpleApplication@efa3aae
reloadAllAccessors: .DisplayArray

===========================================================================================
----------------- testing Wed Aug 29 01:58:52 UTC 2018 /home/travis/build/icyphy/ptII/ptolemy/actor/lib/test/auto/Distributor.xml
----------------- Instantiating /home/travis/build/icyphy/ptII/ptolemy/actor/lib/test/auto/Distributor.xml
2 ms. Memory: 1369088K Free: 980604K (72%)
----------------- Invoking toplevel() on ptolemy.moml.MoMLSimpleApplication@1bb03dcc
----------------- Done invoking toplevel() on ptolemy.moml.MoMLSimpleApplication@1bb03dcc
reloadAllAccessors: .Distributor

===========================================================================================
----------------- testing Wed Aug 29 01:58:52 UTC 2018 /home/travis/build/icyphy/ptII/ptolemy/actor/lib/test/auto/Distributor2.xml
----------------- Instantiating /home/travis/build/icyphy/ptII/ptolemy/actor/lib/test/auto/Distributor2.xml
1 ms. Memory: 1369088K Free: 963920K (70%)
----------------- Invoking toplevel() on ptolemy.moml.MoMLSimpleApplication@294b0632
----------------- Done invoking toplevel() on ptolemy.moml.MoMLSimpleApplication@294b0632
reloadAllAccessors: .Distributor2

===========================================================================================
----------------- testing Wed Aug 29 01:58:52 UTC 2018 /home/travis/build/icyphy/ptII/ptolemy/actor/lib/test/auto/DownSample.xml
----------------- Instantiating /home/travis/build/icyphy/ptII/ptolemy/actor/lib/test/auto/DownSample.xml
1 ms. Memory: 1369088K Free: 947235K (69%)
----------------- Invoking toplevel() on ptolemy.moml.MoMLSimpleApplication@c22657c
----------------- Done invoking toplevel() on ptolemy.moml.MoMLSimpleApplication@c22657c
reloadAllAccessors: .DownSample

===========================================================================================
----------------- testing Wed Aug 29 01:58:52 UTC 2018 /home/travis/build/icyphy/ptII/ptolemy/actor/lib/test/auto/ElectronicUnitBase1.xml
----------------- Instantiating /home/travis/build/icyphy/ptII/ptolemy/actor/lib/test/auto/ElectronicUnitBase1.xml
20 ms. Memory: 1369088K Free: 911618K (67%)
----------------- Invoking toplevel() on ptolemy.moml.MoMLSimpleApplication@256bc188
----------------- Done invoking toplevel() on ptolemy.moml.MoMLSimpleApplication@256bc188
reloadAllAccessors: .ElectronicUnitBase1

===========================================================================================
----------------- testing Wed Aug 29 01:58:53 UTC 2018 /home/travis/build/icyphy/ptII/ptolemy/actor/lib/test/auto/ElementsToArray.xml
----------------- Instantiating /home/travis/build/icyphy/ptII/ptolemy/actor/lib/test/auto/ElementsToArray.xml
2 ms. Memory: 1369088K Free: 894934K (65%)
----------------- Invoking toplevel() on ptolemy.moml.MoMLSimpleApplication@6cd21fee
----------------- Done invoking toplevel() on ptolemy.moml.MoMLSimpleApplication@6cd21fee
reloadAllAccessors: .ElementsToArray

===========================================================================================
----------------- testing Wed Aug 29 01:58:53 UTC 2018 /home/travis/build/icyphy/ptII/ptolemy/actor/lib/test/auto/Equals.xml
----------------- Instantiating /home/travis/build/icyphy/ptII/ptolemy/actor/lib/test/auto/Equals.xml
1 ms. Memory: 1369088K Free: 878250K (64%)
----------------- Invoking toplevel() on ptolemy.moml.MoMLSimpleApplication@2b59e3f2
----------------- Done invoking toplevel() on ptolemy.moml.MoMLSimpleApplication@2b59e3f2
reloadAllAccessors: .Equals

===========================================================================================
----------------- testing Wed Aug 29 01:58:53 UTC 2018 /home/travis/build/icyphy/ptII/ptolemy/actor/lib/test/auto/Exec.xml
----------------- Instantiating /home/travis/build/icyphy/ptII/ptolemy/actor/lib/test/auto/Exec.xml
9 ms. Memory: 1369088K Free: 840710K (61%)
----------------- Invoking toplevel() on ptolemy.moml.MoMLSimpleApplication@782ebd50
----------------- Done invoking toplevel() on ptolemy.moml.MoMLSimpleApplication@782ebd50
reloadAllAccessors: .Exec

===========================================================================================
----------------- testing Wed Aug 29 01:58:53 UTC 2018 /home/travis/build/icyphy/ptII/ptolemy/actor/lib/test/auto/ExecEnvironment.xml
----------------- Instantiating /home/travis/build/icyphy/ptII/ptolemy/actor/lib/test/auto/ExecEnvironment.xml
31 ms. Memory: 1369088K Free: 796758K (58%)
----------------- Invoking toplevel() on ptolemy.moml.MoMLSimpleApplication@3b5669ee
----------------- Done invoking toplevel() on ptolemy.moml.MoMLSimpleApplication@3b5669ee
reloadAllAccessors: .ExecEnvironment

===========================================================================================
----------------- testing Wed Aug 29 01:58:53 UTC 2018 /home/travis/build/icyphy/ptII/ptolemy/actor/lib/test/auto/ExecNonZeroReturnOutput.xml
----------------- Instantiating /home/travis/build/icyphy/ptII/ptolemy/actor/lib/test/auto/ExecNonZeroReturnOutput.xml
122 ms. Memory: 1369088K Free: 671624K (49%)
----------------- Invoking toplevel() on ptolemy.moml.MoMLSimpleApplication@9558333
----------------- Done invoking toplevel() on ptolemy.moml.MoMLSimpleApplication@9558333
reloadAllAccessors: .ExecNonZeroReturnOutput

===========================================================================================
----------------- testing Wed Aug 29 01:58:53 UTC 2018 /home/travis/build/icyphy/ptII/ptolemy/actor/lib/test/auto/ExecRunDemos.xml
----------------- Instantiating /home/travis/build/icyphy/ptII/ptolemy/actor/lib/test/auto/ExecRunDemos.xml
Finished: 95 ms. Memory: 116224K Free: 100103K (86%)

Finished: 52 ms. Memory: 116224K Free: 96358K (83%)

Finished: 73 ms. Memory: 116224K Free: 96933K (83%)

Finished: 36 ms. Memory: 116224K Free: 98219K (85%)

Finished: 37 ms. Memory: 116224K Free: 100080K (86%)

9526 ms. Memory: 1369088K Free: 563158K (41%)
----------------- Invoking toplevel() on ptolemy.moml.MoMLSimpleApplication@3fa2d2c2
----------------- Done invoking toplevel() on ptolemy.moml.MoMLSimpleApplication@3fa2d2c2
reloadAllAccessors: .ExecRunDemos

===========================================================================================
----------------- testing Wed Aug 29 01:59:02 UTC 2018 /home/travis/build/icyphy/ptII/ptolemy/actor/lib/test/auto/ExecStop.xml
----------------- Instantiating /home/travis/build/icyphy/ptII/ptolemy/actor/lib/test/auto/ExecStop.xml
5005 ms. Memory: 1369088K Free: 346260K (25%)
----------------- Invoking toplevel() on ptolemy.moml.MoMLSimpleApplication@52979329
----------------- Done invoking toplevel() on ptolemy.moml.MoMLSimpleApplication@52979329
reloadAllAccessors: .ExecStop

===========================================================================================
----------------- testing Wed Aug 29 01:59:07 UTC 2018 /home/travis/build/icyphy/ptII/ptolemy/actor/lib/test/auto/ExecutionTimeSDF.xml
----------------- Instantiating /home/travis/build/icyphy/ptII/ptolemy/actor/lib/test/auto/ExecutionTimeSDF.xml
Fired ExecutionTime: -524167296
Fired ExecutionTime: 972400000
Fired ExecutionTime: 999600000
6004 ms. Memory: 1369088K Free: 321234K (23%)
----------------- Invoking toplevel() on ptolemy.moml.MoMLSimpleApplication@5bbbda7a
----------------- Done invoking toplevel() on ptolemy.moml.MoMLSimpleApplication@5bbbda7a
reloadAllAccessors: .ExecutionTimeSDF

===========================================================================================
----------------- testing Wed Aug 29 01:59:13 UTC 2018 /home/travis/build/icyphy/ptII/ptolemy/actor/lib/test/auto/Expression1.xml
----------------- Instantiating /home/travis/build/icyphy/ptII/ptolemy/actor/lib/test/auto/Expression1.xml
2 ms. Memory: 1369088K Free: 293967K (21%)
----------------- Invoking toplevel() on ptolemy.moml.MoMLSimpleApplication@4851fd67
----------------- Done invoking toplevel() on ptolemy.moml.MoMLSimpleApplication@4851fd67
reloadAllAccessors: .Expression1

===========================================================================================
----------------- testing Wed Aug 29 01:59:13 UTC 2018 /home/travis/build/icyphy/ptII/ptolemy/actor/lib/test/auto/Expression10.xml
----------------- Instantiating /home/travis/build/icyphy/ptII/ptolemy/actor/lib/test/auto/Expression10.xml
10 ms. Memory: 1369088K Free: 277282K (20%)
----------------- Invoking toplevel() on ptolemy.moml.MoMLSimpleApplication@7a02b5d3
----------------- Done invoking toplevel() on ptolemy.moml.MoMLSimpleApplication@7a02b5d3
reloadAllAccessors: .Expression10

===========================================================================================
----------------- testing Wed Aug 29 01:59:13 UTC 2018 /home/travis/build/icyphy/ptII/ptolemy/actor/lib/test/auto/Expression11.xml
----------------- Instantiating /home/travis/build/icyphy/ptII/ptolemy/actor/lib/test/auto/Expression11.xml
2 ms. Memory: 1369088K Free: 260598K (19%)
----------------- Invoking toplevel() on ptolemy.moml.MoMLSimpleApplication@33c8e9ac
----------------- Done invoking toplevel() on ptolemy.moml.MoMLSimpleApplication@33c8e9ac
reloadAllAccessors: .Expression11

===========================================================================================
----------------- testing Wed Aug 29 01:59:14 UTC 2018 /home/travis/build/icyphy/ptII/ptolemy/actor/lib/test/auto/Expression12.xml
----------------- Instantiating /home/travis/build/icyphy/ptII/ptolemy/actor/lib/test/auto/Expression12.xml
4 ms. Memory: 1369088K Free: 243914K (18%)
----------------- Invoking toplevel() on ptolemy.moml.MoMLSimpleApplication@53d926bf
----------------- Done invoking toplevel() on ptolemy.moml.MoMLSimpleApplication@53d926bf
reloadAllAccessors: .Expression12

===========================================================================================
----------------- testing Wed Aug 29 01:59:14 UTC 2018 /home/travis/build/icyphy/ptII/ptolemy/actor/lib/test/auto/Expression13.xml
----------------- Instantiating /home/travis/build/icyphy/ptII/ptolemy/actor/lib/test/auto/Expression13.xml
3 ms. Memory: 1369088K Free: 216647K (16%)
----------------- Invoking toplevel() on ptolemy.moml.MoMLSimpleApplication@623727d9
----------------- Done invoking toplevel() on ptolemy.moml.MoMLSimpleApplication@623727d9
reloadAllAccessors: .Expression13

===========================================================================================
----------------- testing Wed Aug 29 01:59:14 UTC 2018 /home/travis/build/icyphy/ptII/ptolemy/actor/lib/test/auto/Expression14.xml
----------------- Instantiating /home/travis/build/icyphy/ptII/ptolemy/actor/lib/test/auto/Expression14.xml
7 ms. Memory: 1369088K Free: 199962K (15%)
----------------- Invoking toplevel() on ptolemy.moml.MoMLSimpleApplication@7db0e10f
----------------- Done invoking toplevel() on ptolemy.moml.MoMLSimpleApplication@7db0e10f
reloadAllAccessors: .Expression14

===========================================================================================
----------------- testing Wed Aug 29 01:59:14 UTC 2018 /home/travis/build/icyphy/ptII/ptolemy/actor/lib/test/auto/Expression15.xml
----------------- Instantiating /home/travis/build/icyphy/ptII/ptolemy/actor/lib/test/auto/Expression15.xml
2 ms. Memory: 1369088K Free: 175144K (13%)
----------------- Invoking toplevel() on ptolemy.moml.MoMLSimpleApplication@60330c2
----------------- Done invoking toplevel() on ptolemy.moml.MoMLSimpleApplication@60330c2
reloadAllAccessors: .Expression15

===========================================================================================
----------------- testing Wed Aug 29 01:59:14 UTC 2018 /home/travis/build/icyphy/ptII/ptolemy/actor/lib/test/auto/Expression16.xml
----------------- Instantiating /home/travis/build/icyphy/ptII/ptolemy/actor/lib/test/auto/Expression16.xml
4 ms. Memory: 1369088K Free: 158460K (12%)
----------------- Invoking toplevel() on ptolemy.moml.MoMLSimpleApplication@5aa3851b
----------------- Done invoking toplevel() on ptolemy.moml.MoMLSimpleApplication@5aa3851b
reloadAllAccessors: .Expression16

===========================================================================================
----------------- testing Wed Aug 29 01:59:14 UTC 2018 /home/travis/build/icyphy/ptII/ptolemy/actor/lib/test/auto/Expression17.xml
----------------- Instantiating /home/travis/build/icyphy/ptII/ptolemy/actor/lib/test/auto/Expression17.xml
4 ms. Memory: 1369088K Free: 141776K (10%)
----------------- Invoking toplevel() on ptolemy.moml.MoMLSimpleApplication@48e56c94
----------------- Done invoking toplevel() on ptolemy.moml.MoMLSimpleApplication@48e56c94
reloadAllAccessors: .Expression17

===========================================================================================
----------------- testing Wed Aug 29 01:59:14 UTC 2018 /home/travis/build/icyphy/ptII/ptolemy/actor/lib/test/auto/Expression18.xml
----------------- Instantiating /home/travis/build/icyphy/ptII/ptolemy/actor/lib/test/auto/Expression18.xml
5 ms. Memory: 1369088K Free: 114509K (8%)
----------------- Invoking toplevel() on ptolemy.moml.MoMLSimpleApplication@4318956
----------------- Done invoking toplevel() on ptolemy.moml.MoMLSimpleApplication@4318956
reloadAllAccessors: .Expression18

===========================================================================================
----------------- testing Wed Aug 29 01:59:14 UTC 2018 /home/travis/build/icyphy/ptII/ptolemy/actor/lib/test/auto/Expression2.xml
----------------- Instantiating /home/travis/build/icyphy/ptII/ptolemy/actor/lib/test/auto/Expression2.xml
3 ms. Memory: 1369088K Free: 97824K (7%)
----------------- Invoking toplevel() on ptolemy.moml.MoMLSimpleApplication@2b5f9f5f
----------------- Done invoking toplevel() on ptolemy.moml.MoMLSimpleApplication@2b5f9f5f
reloadAllAccessors: .Expression2

===========================================================================================
----------------- testing Wed Aug 29 01:59:14 UTC 2018 /home/travis/build/icyphy/ptII/ptolemy/actor/lib/test/auto/Expression3.xml
----------------- Instantiating /home/travis/build/icyphy/ptII/ptolemy/actor/lib/test/auto/Expression3.xml
6 ms. Memory: 1369088K Free: 81140K (6%)
----------------- Invoking toplevel() on ptolemy.moml.MoMLSimpleApplication@290ea160
----------------- Done invoking toplevel() on ptolemy.moml.MoMLSimpleApplication@290ea160
reloadAllAccessors: .Expression3

===========================================================================================
----------------- testing Wed Aug 29 01:59:14 UTC 2018 /home/travis/build/icyphy/ptII/ptolemy/actor/lib/test/auto/Expression4.xml
----------------- Instantiating /home/travis/build/icyphy/ptII/ptolemy/actor/lib/test/auto/Expression4.xml
4 ms. Memory: 1369088K Free: 1316096K (96%)
----------------- Invoking toplevel() on ptolemy.moml.MoMLSimpleApplication@3c60b5a3
----------------- Done invoking toplevel() on ptolemy.moml.MoMLSimpleApplication@3c60b5a3
reloadAllAccessors: .Expression4

===========================================================================================
----------------- testing Wed Aug 29 01:59:14 UTC 2018 /home/travis/build/icyphy/ptII/ptolemy/actor/lib/test/auto/Expression5.xml
----------------- Instantiating /home/travis/build/icyphy/ptII/ptolemy/actor/lib/test/auto/Expression5.xml
5 ms. Memory: 1369088K Free: 1296111K (95%)
----------------- Invoking toplevel() on ptolemy.moml.MoMLSimpleApplication@7787ed78
----------------- Done invoking toplevel() on ptolemy.moml.MoMLSimpleApplication@7787ed78
reloadAllAccessors: .Expression5

===========================================================================================
----------------- testing Wed Aug 29 01:59:14 UTC 2018 /home/travis/build/icyphy/ptII/ptolemy/actor/lib/test/auto/Expression6.xml
----------------- Instantiating /home/travis/build/icyphy/ptII/ptolemy/actor/lib/test/auto/Expression6.xml
2 ms. Memory: 1369088K Free: 1283598K (94%)
----------------- Invoking toplevel() on ptolemy.moml.MoMLSimpleApplication@7298e551
----------------- Done invoking toplevel() on ptolemy.moml.MoMLSimpleApplication@7298e551
reloadAllAccessors: .Expression6

===========================================================================================
----------------- testing Wed Aug 29 01:59:14 UTC 2018 /home/travis/build/icyphy/ptII/ptolemy/actor/lib/test/auto/Expression7.xml
----------------- Instantiating /home/travis/build/icyphy/ptII/ptolemy/actor/lib/test/auto/Expression7.xml
2 ms. Memory: 1369088K Free: 1271085K (93%)
----------------- Invoking toplevel() on ptolemy.moml.MoMLSimpleApplication@80cb6ce
----------------- Done invoking toplevel() on ptolemy.moml.MoMLSimpleApplication@80cb6ce
reloadAllAccessors: .Expression7

===========================================================================================
----------------- testing Wed Aug 29 01:59:14 UTC 2018 /home/travis/build/icyphy/ptII/ptolemy/actor/lib/test/auto/Expression8.xml
----------------- Instantiating /home/travis/build/icyphy/ptII/ptolemy/actor/lib/test/auto/Expression8.xml
7 ms. Memory: 1369088K Free: 1251100K (91%)
----------------- Invoking toplevel() on ptolemy.moml.MoMLSimpleApplication@13458937
----------------- Done invoking toplevel() on ptolemy.moml.MoMLSimpleApplication@13458937
reloadAllAccessors: .Expression8

===========================================================================================
----------------- testing Wed Aug 29 01:59:14 UTC 2018 /home/travis/build/icyphy/ptII/ptolemy/actor/lib/test/auto/Expression9.xml
----------------- Instantiating /home/travis/build/icyphy/ptII/ptolemy/actor/lib/test/auto/Expression9.xml
1 ms. Memory: 1369088K Free: 1238587K (90%)
----------------- Invoking toplevel() on ptolemy.moml.MoMLSimpleApplication@73d2f7b6
----------------- Done invoking toplevel() on ptolemy.moml.MoMLSimpleApplication@73d2f7b6
reloadAllAccessors: .Expression9

===========================================================================================
----------------- testing Wed Aug 29 01:59:14 UTC 2018 /home/travis/build/icyphy/ptII/ptolemy/actor/lib/test/auto/ExpressionConcatenateArrayType.xml
----------------- Instantiating /home/travis/build/icyphy/ptII/ptolemy/actor/lib/test/auto/ExpressionConcatenateArrayType.xml
4 ms. Memory: 1369088K Free: 1226074K (90%)
----------------- Invoking toplevel() on ptolemy.moml.MoMLSimpleApplication@1ff1134a
----------------- Done invoking toplevel() on ptolemy.moml.MoMLSimpleApplication@1ff1134a
reloadAllAccessors: .ExpressionConcatenateArrayType

===========================================================================================
----------------- testing Wed Aug 29 01:59:14 UTC 2018 /home/travis/build/icyphy/ptII/ptolemy/actor/lib/test/auto/ExpressionConcatenateArrayType2.xml
----------------- Instantiating /home/travis/build/icyphy/ptII/ptolemy/actor/lib/test/auto/ExpressionConcatenateArrayType2.xml
2 ms. Memory: 1369088K Free: 1206089K (88%)
----------------- Invoking toplevel() on ptolemy.moml.MoMLSimpleApplication@34874dcb
----------------- Done invoking toplevel() on ptolemy.moml.MoMLSimpleApplication@34874dcb
reloadAllAccessors: .ExpressionConcatenateArrayType2

===========================================================================================
----------------- testing Wed Aug 29 01:59:14 UTC 2018 /home/travis/build/icyphy/ptII/ptolemy/actor/lib/test/auto/ExpressionFix.xml
----------------- Instantiating /home/travis/build/icyphy/ptII/ptolemy/actor/lib/test/auto/ExpressionFix.xml
13 ms. Memory: 1369088K Free: 1193407K (87%)
----------------- Invoking toplevel() on ptolemy.moml.MoMLSimpleApplication@611cb423
----------------- Done invoking toplevel() on ptolemy.moml.MoMLSimpleApplication@611cb423
reloadAllAccessors: .ExpressionFix

===========================================================================================
----------------- testing Wed Aug 29 01:59:14 UTC 2018 /home/travis/build/icyphy/ptII/ptolemy/actor/lib/test/auto/ExpressionFix2.xml
----------------- Instantiating /home/travis/build/icyphy/ptII/ptolemy/actor/lib/test/auto/ExpressionFix2.xml
4 ms. Memory: 1369088K Free: 1180893K (86%)
----------------- Invoking toplevel() on ptolemy.moml.MoMLSimpleApplication@36e298d5
----------------- Done invoking toplevel() on ptolemy.moml.MoMLSimpleApplication@36e298d5
reloadAllAccessors: .ExpressionFix2

===========================================================================================
----------------- testing Wed Aug 29 01:59:14 UTC 2018 /home/travis/build/icyphy/ptII/ptolemy/actor/lib/test/auto/ExpressionFix3.xml
----------------- Instantiating /home/travis/build/icyphy/ptII/ptolemy/actor/lib/test/auto/ExpressionFix3.xml
2 ms. Memory: 1369088K Free: 1160909K (85%)
----------------- Invoking toplevel() on ptolemy.moml.MoMLSimpleApplication@7819b280
----------------- Done invoking toplevel() on ptolemy.moml.MoMLSimpleApplication@7819b280
reloadAllAccessors: .ExpressionFix3

===========================================================================================
----------------- testing Wed Aug 29 01:59:14 UTC 2018 /home/travis/build/icyphy/ptII/ptolemy/actor/lib/test/auto/FileWriter1.xml
----------------- Instantiating /home/travis/build/icyphy/ptII/ptolemy/actor/lib/test/auto/FileWriter1.xml
2 ms. Memory: 1369088K Free: 1148395K (84%)
----------------- Invoking toplevel() on ptolemy.moml.MoMLSimpleApplication@4e48ee14
----------------- Done invoking toplevel() on ptolemy.moml.MoMLSimpleApplication@4e48ee14
reloadAllAccessors: .FileWriter1

===========================================================================================
----------------- testing Wed Aug 29 01:59:14 UTC 2018 /home/travis/build/icyphy/ptII/ptolemy/actor/lib/test/auto/FileWriter2.xml
----------------- Instantiating /home/travis/build/icyphy/ptII/ptolemy/actor/lib/test/auto/FileWriter2.xml
3 ms. Memory: 1369088K Free: 1135882K (83%)
----------------- Invoking toplevel() on ptolemy.moml.MoMLSimpleApplication@104cba6b
----------------- Done invoking toplevel() on ptolemy.moml.MoMLSimpleApplication@104cba6b
reloadAllAccessors: .FileWriter2

===========================================================================================
----------------- testing Wed Aug 29 01:59:14 UTC 2018 /home/travis/build/icyphy/ptII/ptolemy/actor/lib/test/auto/FileWriter3.xml
----------------- Instantiating /home/travis/build/icyphy/ptII/ptolemy/actor/lib/test/auto/FileWriter3.xml
2 ms. Memory: 1369088K Free: 1123369K (82%)
----------------- Invoking toplevel() on ptolemy.moml.MoMLSimpleApplication@7de01220
----------------- Done invoking toplevel() on ptolemy.moml.MoMLSimpleApplication@7de01220
reloadAllAccessors: .FileWriter3

===========================================================================================
----------------- testing Wed Aug 29 01:59:14 UTC 2018 /home/travis/build/icyphy/ptII/ptolemy/actor/lib/test/auto/Gaussian.xml
----------------- Instantiating /home/travis/build/icyphy/ptII/ptolemy/actor/lib/test/auto/Gaussian.xml
2 ms. Memory: 1369088K Free: 1103384K (81%)
----------------- Invoking toplevel() on ptolemy.moml.MoMLSimpleApplication@74d6dbca
----------------- Done invoking toplevel() on ptolemy.moml.MoMLSimpleApplication@74d6dbca
reloadAllAccessors: .Gaussian

===========================================================================================
----------------- testing Wed Aug 29 01:59:14 UTC 2018 /home/travis/build/icyphy/ptII/ptolemy/actor/lib/test/auto/Gaussian1.xml
----------------- Instantiating /home/travis/build/icyphy/ptII/ptolemy/actor/lib/test/auto/Gaussian1.xml
5 ms. Memory: 1369088K Free: 1090871K (80%)
----------------- Invoking toplevel() on ptolemy.moml.MoMLSimpleApplication@1aafccc4
----------------- Done invoking toplevel() on ptolemy.moml.MoMLSimpleApplication@1aafccc4
reloadAllAccessors: .Gaussian1

===========================================================================================
----------------- testing Wed Aug 29 01:59:14 UTC 2018 /home/travis/build/icyphy/ptII/ptolemy/actor/lib/test/auto/Gaussian2.xml
----------------- Instantiating /home/travis/build/icyphy/ptII/ptolemy/actor/lib/test/auto/Gaussian2.xml
2 ms. Memory: 1369088K Free: 1078358K (79%)
----------------- Invoking toplevel() on ptolemy.moml.MoMLSimpleApplication@5091d39e
----------------- Done invoking toplevel() on ptolemy.moml.MoMLSimpleApplication@5091d39e
reloadAllAccessors: .Gaussian2

===========================================================================================
----------------- testing Wed Aug 29 01:59:14 UTC 2018 /home/travis/build/icyphy/ptII/ptolemy/actor/lib/test/auto/GradientAdaptiveLattice.xml
----------------- Instantiating /home/travis/build/icyphy/ptII/ptolemy/actor/lib/test/auto/GradientAdaptiveLattice.xml
5 ms. Memory: 1369088K Free: 1058373K (77%)
----------------- Invoking toplevel() on ptolemy.moml.MoMLSimpleApplication@1a8aa3a5
----------------- Done invoking toplevel() on ptolemy.moml.MoMLSimpleApplication@1a8aa3a5
reloadAllAccessors: .GradientAdaptiveLattice

===========================================================================================
----------------- testing Wed Aug 29 01:59:14 UTC 2018 /home/travis/build/icyphy/ptII/ptolemy/actor/lib/test/auto/IIR.xml
----------------- Instantiating /home/travis/build/icyphy/ptII/ptolemy/actor/lib/test/auto/IIR.xml
1 ms. Memory: 1369088K Free: 1045859K (76%)
----------------- Invoking toplevel() on ptolemy.moml.MoMLSimpleApplication@6ac7341
----------------- Done invoking toplevel() on ptolemy.moml.MoMLSimpleApplication@6ac7341
reloadAllAccessors: .IIR

===========================================================================================
----------------- testing Wed Aug 29 01:59:14 UTC 2018 /home/travis/build/icyphy/ptII/ptolemy/actor/lib/test/auto/InputOutputTransparentPorts.xml
----------------- Instantiating /home/travis/build/icyphy/ptII/ptolemy/actor/lib/test/auto/InputOutputTransparentPorts.xml
3 ms. Memory: 1369088K Free: 1033346K (75%)
----------------- Invoking toplevel() on ptolemy.moml.MoMLSimpleApplication@210c548d
----------------- Done invoking toplevel() on ptolemy.moml.MoMLSimpleApplication@210c548d
reloadAllAccessors: .InputOutputTransparentPorts

===========================================================================================
----------------- testing Wed Aug 29 01:59:14 UTC 2018 /home/travis/build/icyphy/ptII/ptolemy/actor/lib/test/auto/Interpolator.xml
----------------- Instantiating /home/travis/build/icyphy/ptII/ptolemy/actor/lib/test/auto/Interpolator.xml
3 ms. Memory: 1369088K Free: 1013362K (74%)
----------------- Invoking toplevel() on ptolemy.moml.MoMLSimpleApplication@626c6607
----------------- Done invoking toplevel() on ptolemy.moml.MoMLSimpleApplication@626c6607
reloadAllAccessors: .Interpolator

===========================================================================================
----------------- testing Wed Aug 29 01:59:14 UTC 2018 /home/travis/build/icyphy/ptII/ptolemy/actor/lib/test/auto/InterpolatorFiringLimitDE.xml
----------------- Instantiating /home/travis/build/icyphy/ptII/ptolemy/actor/lib/test/auto/InterpolatorFiringLimitDE.xml
1 ms. Memory: 1369088K Free: 1000848K (73%)
----------------- Invoking toplevel() on ptolemy.moml.MoMLSimpleApplication@7843bc83
----------------- Done invoking toplevel() on ptolemy.moml.MoMLSimpleApplication@7843bc83
reloadAllAccessors: .InterpolatorFiringLimitDE

===========================================================================================
----------------- testing Wed Aug 29 01:59:14 UTC 2018 /home/travis/build/icyphy/ptII/ptolemy/actor/lib/test/auto/Lattice.xml
----------------- Instantiating /home/travis/build/icyphy/ptII/ptolemy/actor/lib/test/auto/Lattice.xml
1 ms. Memory: 1369088K Free: 988335K (72%)
----------------- Invoking toplevel() on ptolemy.moml.MoMLSimpleApplication@7a75c111
----------------- Done invoking toplevel() on ptolemy.moml.MoMLSimpleApplication@7a75c111
reloadAllAccessors: .Lattice

===========================================================================================
----------------- testing Wed Aug 29 01:59:14 UTC 2018 /home/travis/build/icyphy/ptII/ptolemy/actor/lib/test/auto/LazyAOCTestLazy.xml
----------------- Instantiating /home/travis/build/icyphy/ptII/ptolemy/actor/lib/test/auto/LazyAOCTestLazy.xml
7 ms. Memory: 1369088K Free: 968350K (71%)
----------------- Invoking toplevel() on ptolemy.moml.MoMLSimpleApplication@52c8187f
----------------- Done invoking toplevel() on ptolemy.moml.MoMLSimpleApplication@52c8187f
reloadAllAccessors: .LazyAOCTestLazy

===========================================================================================
----------------- testing Wed Aug 29 01:59:14 UTC 2018 /home/travis/build/icyphy/ptII/ptolemy/actor/lib/test/auto/LazyAOCTestNonLazy.xml
----------------- Instantiating /home/travis/build/icyphy/ptII/ptolemy/actor/lib/test/auto/LazyAOCTestNonLazy.xml
2 ms. Memory: 1369088K Free: 955837K (70%)
----------------- Invoking toplevel() on ptolemy.moml.MoMLSimpleApplication@42783c25
----------------- Done invoking toplevel() on ptolemy.moml.MoMLSimpleApplication@42783c25
reloadAllAccessors: .LazyAOCTestNonLazy

===========================================================================================
----------------- testing Wed Aug 29 01:59:14 UTC 2018 /home/travis/build/icyphy/ptII/ptolemy/actor/lib/test/auto/LazyInnerClass.xml
----------------- Instantiating /home/travis/build/icyphy/ptII/ptolemy/actor/lib/test/auto/LazyInnerClass.xml
11 ms. Memory: 1369088K Free: 943324K (69%)
----------------- Invoking toplevel() on ptolemy.moml.MoMLSimpleApplication@571da0d7
----------------- Done invoking toplevel() on ptolemy.moml.MoMLSimpleApplication@571da0d7
reloadAllAccessors: .LazyInnerClass

===========================================================================================
----------------- testing Wed Aug 29 01:59:14 UTC 2018 /home/travis/build/icyphy/ptII/ptolemy/actor/lib/test/auto/LazyPubSub.xml
----------------- Instantiating /home/travis/build/icyphy/ptII/ptolemy/actor/lib/test/auto/LazyPubSub.xml
20 ms. Memory: 1369088K Free: 930811K (68%)
----------------- Invoking toplevel() on ptolemy.moml.MoMLSimpleApplication@2b75b44a
----------------- Done invoking toplevel() on ptolemy.moml.MoMLSimpleApplication@2b75b44a
reloadAllAccessors: .LazyPubSub

===========================================================================================
----------------- testing Wed Aug 29 01:59:14 UTC 2018 /home/travis/build/icyphy/ptII/ptolemy/actor/lib/test/auto/LazyPubSub2.xml
----------------- Instantiating /home/travis/build/icyphy/ptII/ptolemy/actor/lib/test/auto/LazyPubSub2.xml
26 ms. Memory: 1369088K Free: 910826K (67%)
----------------- Invoking toplevel() on ptolemy.moml.MoMLSimpleApplication@68fc68ce
----------------- Done invoking toplevel() on ptolemy.moml.MoMLSimpleApplication@68fc68ce
reloadAllAccessors: .LazyPubSub2

===========================================================================================
----------------- testing Wed Aug 29 01:59:14 UTC 2018 /home/travis/build/icyphy/ptII/ptolemy/actor/lib/test/auto/LazyPubSub3.xml
----------------- Instantiating /home/travis/build/icyphy/ptII/ptolemy/actor/lib/test/auto/LazyPubSub3.xml
10 ms. Memory: 1369088K Free: 898313K (66%)
----------------- Invoking toplevel() on ptolemy.moml.MoMLSimpleApplication@48de0e9e
----------------- Done invoking toplevel() on ptolemy.moml.MoMLSimpleApplication@48de0e9e
reloadAllAccessors: .LazyPubSub3

===========================================================================================
----------------- testing Wed Aug 29 01:59:14 UTC 2018 /home/travis/build/icyphy/ptII/ptolemy/actor/lib/test/auto/LazySubClassModel.xml
----------------- Instantiating /home/travis/build/icyphy/ptII/ptolemy/actor/lib/test/auto/LazySubClassModel.xml
2 ms. Memory: 1369088K Free: 879527K (64%)
----------------- Invoking toplevel() on ptolemy.moml.MoMLSimpleApplication@6a73735b
----------------- Done invoking toplevel() on ptolemy.moml.MoMLSimpleApplication@6a73735b
reloadAllAccessors: .LazySubClassModel

===========================================================================================
----------------- testing Wed Aug 29 01:59:14 UTC 2018 /home/travis/build/icyphy/ptII/ptolemy/actor/lib/test/auto/LevelCrossTest1.xml
----------------- Instantiating /home/travis/build/icyphy/ptII/ptolemy/actor/lib/test/auto/LevelCrossTest1.xml
1 ms. Memory: 1369088K Free: 859542K (63%)
----------------- Invoking toplevel() on ptolemy.moml.MoMLSimpleApplication@18fc6c51
----------------- Done invoking toplevel() on ptolemy.moml.MoMLSimpleApplication@18fc6c51
reloadAllAccessors: .broken

===========================================================================================
----------------- testing Wed Aug 29 01:59:14 UTC 2018 /home/travis/build/icyphy/ptII/ptolemy/actor/lib/test/auto/LevelCrossTest10.xml
----------------- Instantiating /home/travis/build/icyphy/ptII/ptolemy/actor/lib/test/auto/LevelCrossTest10.xml
1 ms. Memory: 1369088K Free: 847029K (62%)
----------------- Invoking toplevel() on ptolemy.moml.MoMLSimpleApplication@1d8556ac
----------------- Done invoking toplevel() on ptolemy.moml.MoMLSimpleApplication@1d8556ac
reloadAllAccessors: .LevelCrossTest10

===========================================================================================
----------------- testing Wed Aug 29 01:59:15 UTC 2018 /home/travis/build/icyphy/ptII/ptolemy/actor/lib/test/auto/LevelCrossTest11.xml
----------------- Instantiating /home/travis/build/icyphy/ptII/ptolemy/actor/lib/test/auto/LevelCrossTest11.xml
1 ms. Memory: 1369088K Free: 834515K (61%)
----------------- Invoking toplevel() on ptolemy.moml.MoMLSimpleApplication@36b67e64
----------------- Done invoking toplevel() on ptolemy.moml.MoMLSimpleApplication@36b67e64
reloadAllAccessors: .LevelCrossTest11

===========================================================================================
----------------- testing Wed Aug 29 01:59:15 UTC 2018 /home/travis/build/icyphy/ptII/ptolemy/actor/lib/test/auto/LevelCrossTest12.xml
----------------- Instantiating /home/travis/build/icyphy/ptII/ptolemy/actor/lib/test/auto/LevelCrossTest12.xml
1 ms. Memory: 1369088K Free: 814531K (59%)
----------------- Invoking toplevel() on ptolemy.moml.MoMLSimpleApplication@1242222f
----------------- Done invoking toplevel() on ptolemy.moml.MoMLSimpleApplication@1242222f
reloadAllAccessors: .LevelCrossTest12

===========================================================================================
----------------- testing Wed Aug 29 01:59:15 UTC 2018 /home/travis/build/icyphy/ptII/ptolemy/actor/lib/test/auto/LevelCrossTest13.xml
----------------- Instantiating /home/travis/build/icyphy/ptII/ptolemy/actor/lib/test/auto/LevelCrossTest13.xml
2 ms. Memory: 1369088K Free: 802018K (59%)
----------------- Invoking toplevel() on ptolemy.moml.MoMLSimpleApplication@38251fab
----------------- Done invoking toplevel() on ptolemy.moml.MoMLSimpleApplication@38251fab
reloadAllAccessors: .LevelCrossTest13

===========================================================================================
----------------- testing Wed Aug 29 01:59:15 UTC 2018 /home/travis/build/icyphy/ptII/ptolemy/actor/lib/test/auto/LevelCrossTest2.xml
----------------- Instantiating /home/travis/build/icyphy/ptII/ptolemy/actor/lib/test/auto/LevelCrossTest2.xml
4 ms. Memory: 1369088K Free: 789504K (58%)
----------------- Invoking toplevel() on ptolemy.moml.MoMLSimpleApplication@1e3d3d62
----------------- Done invoking toplevel() on ptolemy.moml.MoMLSimpleApplication@1e3d3d62
reloadAllAccessors: .broken

===========================================================================================
----------------- testing Wed Aug 29 01:59:15 UTC 2018 /home/travis/build/icyphy/ptII/ptolemy/actor/lib/test/auto/LevelCrossTest3.xml
----------------- Instantiating /home/travis/build/icyphy/ptII/ptolemy/actor/lib/test/auto/LevelCrossTest3.xml
1 ms. Memory: 1369088K Free: 769520K (56%)
----------------- Invoking toplevel() on ptolemy.moml.MoMLSimpleApplication@738c0d5c
----------------- Done invoking toplevel() on ptolemy.moml.MoMLSimpleApplication@738c0d5c
reloadAllAccessors: .LevelCrossTest3

===========================================================================================
----------------- testing Wed Aug 29 01:59:15 UTC 2018 /home/travis/build/icyphy/ptII/ptolemy/actor/lib/test/auto/LevelCrossTest4.xml
----------------- Instantiating /home/travis/build/icyphy/ptII/ptolemy/actor/lib/test/auto/LevelCrossTest4.xml
1 ms. Memory: 1369088K Free: 757007K (55%)
----------------- Invoking toplevel() on ptolemy.moml.MoMLSimpleApplication@4b5a75cd
----------------- Done invoking toplevel() on ptolemy.moml.MoMLSimpleApplication@4b5a75cd
reloadAllAccessors: .broken

===========================================================================================
----------------- testing Wed Aug 29 01:59:15 UTC 2018 /home/travis/build/icyphy/ptII/ptolemy/actor/lib/test/auto/LevelCrossTest5.xml
----------------- Instantiating /home/travis/build/icyphy/ptII/ptolemy/actor/lib/test/auto/LevelCrossTest5.xml
1 ms. Memory: 1369088K Free: 744493K (54%)
----------------- Invoking toplevel() on ptolemy.moml.MoMLSimpleApplication@3ff50b6
----------------- Done invoking toplevel() on ptolemy.moml.MoMLSimpleApplication@3ff50b6
reloadAllAccessors: .LevelCrossTest5

===========================================================================================
----------------- testing Wed Aug 29 01:59:15 UTC 2018 /home/travis/build/icyphy/ptII/ptolemy/actor/lib/test/auto/LevelCrossTest6.xml
----------------- Instantiating /home/travis/build/icyphy/ptII/ptolemy/actor/lib/test/auto/LevelCrossTest6.xml
1 ms. Memory: 1369088K Free: 731980K (53%)
----------------- Invoking toplevel() on ptolemy.moml.MoMLSimpleApplication@56112f0e
----------------- Done invoking toplevel() on ptolemy.moml.MoMLSimpleApplication@56112f0e
reloadAllAccessors: .LevelCrossTest6

===========================================================================================
----------------- testing Wed Aug 29 01:59:15 UTC 2018 /home/travis/build/icyphy/ptII/ptolemy/actor/lib/test/auto/LevelCrossTest7.xml
----------------- Instantiating /home/travis/build/icyphy/ptII/ptolemy/actor/lib/test/auto/LevelCrossTest7.xml
1 ms. Memory: 1369088K Free: 705723K (52%)
----------------- Invoking toplevel() on ptolemy.moml.MoMLSimpleApplication@79e2139d
----------------- Done invoking toplevel() on ptolemy.moml.MoMLSimpleApplication@79e2139d
reloadAllAccessors: .LevelCrossTest7

===========================================================================================
----------------- testing Wed Aug 29 01:59:15 UTC 2018 /home/travis/build/icyphy/ptII/ptolemy/actor/lib/test/auto/LevelCrossTest8.xml
----------------- Instantiating /home/travis/build/icyphy/ptII/ptolemy/actor/lib/test/auto/LevelCrossTest8.xml
2 ms. Memory: 1369088K Free: 693209K (51%)
----------------- Invoking toplevel() on ptolemy.moml.MoMLSimpleApplication@2d25586f
----------------- Done invoking toplevel() on ptolemy.moml.MoMLSimpleApplication@2d25586f
reloadAllAccessors: .LevelCrossTest8

===========================================================================================
----------------- testing Wed Aug 29 01:59:15 UTC 2018 /home/travis/build/icyphy/ptII/ptolemy/actor/lib/test/auto/LevelCrossTest9.xml
----------------- Instantiating /home/travis/build/icyphy/ptII/ptolemy/actor/lib/test/auto/LevelCrossTest9.xml
2 ms. Memory: 1369088K Free: 680696K (50%)
----------------- Invoking toplevel() on ptolemy.moml.MoMLSimpleApplication@4c0e2d4d
----------------- Done invoking toplevel() on ptolemy.moml.MoMLSimpleApplication@4c0e2d4d
reloadAllAccessors: .LevelCrossTest9

===========================================================================================
----------------- testing Wed Aug 29 01:59:15 UTC 2018 /home/travis/build/icyphy/ptII/ptolemy/actor/lib/test/auto/LevinsonDurbin.xml
----------------- Instantiating /home/travis/build/icyphy/ptII/ptolemy/actor/lib/test/auto/LevinsonDurbin.xml
1 ms. Memory: 1369088K Free: 660712K (48%)
----------------- Invoking toplevel() on ptolemy.moml.MoMLSimpleApplication@4734dc8
----------------- Done invoking toplevel() on ptolemy.moml.MoMLSimpleApplication@4734dc8
reloadAllAccessors: .LevinsonDurbin

===========================================================================================
----------------- testing Wed Aug 29 01:59:15 UTC 2018 /home/travis/build/icyphy/ptII/ptolemy/actor/lib/test/auto/LevinsonDurbin2.xml
----------------- Instantiating /home/travis/build/icyphy/ptII/ptolemy/actor/lib/test/auto/LevinsonDurbin2.xml
2 ms. Memory: 1369088K Free: 648198K (47%)
----------------- Invoking toplevel() on ptolemy.moml.MoMLSimpleApplication@79a3bfd9
----------------- Done invoking toplevel() on ptolemy.moml.MoMLSimpleApplication@79a3bfd9
reloadAllAccessors: .LevinsonDurbin2

===========================================================================================
----------------- testing Wed Aug 29 01:59:15 UTC 2018 /home/travis/build/icyphy/ptII/ptolemy/actor/lib/test/auto/LevinsonDurbin3.xml
----------------- Instantiating /home/travis/build/icyphy/ptII/ptolemy/actor/lib/test/auto/LevinsonDurbin3.xml
2 ms. Memory: 1369088K Free: 635685K (46%)
----------------- Invoking toplevel() on ptolemy.moml.MoMLSimpleApplication@6e906e03
----------------- Done invoking toplevel() on ptolemy.moml.MoMLSimpleApplication@6e906e03
reloadAllAccessors: .LevinsonDurbin3

===========================================================================================
----------------- testing Wed Aug 29 01:59:15 UTC 2018 /home/travis/build/icyphy/ptII/ptolemy/actor/lib/test/auto/Limiter.xml
----------------- Instantiating /home/travis/build/icyphy/ptII/ptolemy/actor/lib/test/auto/Limiter.xml
3 ms. Memory: 1369088K Free: 609428K (45%)
----------------- Invoking toplevel() on ptolemy.moml.MoMLSimpleApplication@1f4aaef7
----------------- Done invoking toplevel() on ptolemy.moml.MoMLSimpleApplication@1f4aaef7
reloadAllAccessors: .Limiter

===========================================================================================
----------------- testing Wed Aug 29 01:59:15 UTC 2018 /home/travis/build/icyphy/ptII/ptolemy/actor/lib/test/auto/LinearDifferenceEquationSystem.xml
----------------- Instantiating /home/travis/build/icyphy/ptII/ptolemy/actor/lib/test/auto/LinearDifferenceEquationSystem.xml
3 ms. Memory: 1369088K Free: 596915K (44%)
----------------- Invoking toplevel() on ptolemy.moml.MoMLSimpleApplication@7f65e87a
----------------- Done invoking toplevel() on ptolemy.moml.MoMLSimpleApplication@7f65e87a
reloadAllAccessors: .LinearDifferenceEquationSystem

===========================================================================================
----------------- testing Wed Aug 29 01:59:15 UTC 2018 /home/travis/build/icyphy/ptII/ptolemy/actor/lib/test/auto/LookupTable.xml
----------------- Instantiating /home/travis/build/icyphy/ptII/ptolemy/actor/lib/test/auto/LookupTable.xml
1 ms. Memory: 1369088K Free: 584401K (43%)
----------------- Invoking toplevel() on ptolemy.moml.MoMLSimpleApplication@2a9938e2
----------------- Done invoking toplevel() on ptolemy.moml.MoMLSimpleApplication@2a9938e2
reloadAllAccessors: .LookupTable

===========================================================================================
----------------- testing Wed Aug 29 01:59:15 UTC 2018 /home/travis/build/icyphy/ptII/ptolemy/actor/lib/test/auto/MathFunction.xml
----------------- Instantiating /home/travis/build/icyphy/ptII/ptolemy/actor/lib/test/auto/MathFunction.xml
2 ms. Memory: 1369088K Free: 564417K (41%)
----------------- Invoking toplevel() on ptolemy.moml.MoMLSimpleApplication@4eba5090
----------------- Done invoking toplevel() on ptolemy.moml.MoMLSimpleApplication@4eba5090
reloadAllAccessors: .MathFunction

===========================================================================================
----------------- testing Wed Aug 29 01:59:15 UTC 2018 /home/travis/build/icyphy/ptII/ptolemy/actor/lib/test/auto/MathFunction2.xml
----------------- Instantiating /home/travis/build/icyphy/ptII/ptolemy/actor/lib/test/auto/MathFunction2.xml
3 ms. Memory: 1369088K Free: 551903K (40%)
----------------- Invoking toplevel() on ptolemy.moml.MoMLSimpleApplication@77f7703b
----------------- Done invoking toplevel() on ptolemy.moml.MoMLSimpleApplication@77f7703b
reloadAllAccessors: .MathFunction2

===========================================================================================
----------------- testing Wed Aug 29 01:59:15 UTC 2018 /home/travis/build/icyphy/ptII/ptolemy/actor/lib/test/auto/MathFunction3.xml
----------------- Instantiating /home/travis/build/icyphy/ptII/ptolemy/actor/lib/test/auto/MathFunction3.xml
2 ms. Memory: 1369088K Free: 539390K (39%)
----------------- Invoking toplevel() on ptolemy.moml.MoMLSimpleApplication@325a94da
----------------- Done invoking toplevel() on ptolemy.moml.MoMLSimpleApplication@325a94da
reloadAllAccessors: .MathFunction3

===========================================================================================
----------------- testing Wed Aug 29 01:59:15 UTC 2018 /home/travis/build/icyphy/ptII/ptolemy/actor/lib/test/auto/MatrixCropBoolean.xml
----------------- Instantiating /home/travis/build/icyphy/ptII/ptolemy/actor/lib/test/auto/MatrixCropBoolean.xml
2 ms. Memory: 1369088K Free: 526877K (38%)
----------------- Invoking toplevel() on ptolemy.moml.MoMLSimpleApplication@a5b4a5b
----------------- Done invoking toplevel() on ptolemy.moml.MoMLSimpleApplication@a5b4a5b
reloadAllAccessors: .MatrixCropBoolean

===========================================================================================
----------------- testing Wed Aug 29 01:59:15 UTC 2018 /home/travis/build/icyphy/ptII/ptolemy/actor/lib/test/auto/MatrixCropComplex.xml
----------------- Instantiating /home/travis/build/icyphy/ptII/ptolemy/actor/lib/test/auto/MatrixCropComplex.xml
2 ms. Memory: 1369088K Free: 506892K (37%)
----------------- Invoking toplevel() on ptolemy.moml.MoMLSimpleApplication@3443ec63
----------------- Done invoking toplevel() on ptolemy.moml.MoMLSimpleApplication@3443ec63
reloadAllAccessors: .MatrixCropComplex

===========================================================================================
----------------- testing Wed Aug 29 01:59:15 UTC 2018 /home/travis/build/icyphy/ptII/ptolemy/actor/lib/test/auto/MatrixCropDouble.xml
----------------- Instantiating /home/travis/build/icyphy/ptII/ptolemy/actor/lib/test/auto/MatrixCropDouble.xml
2 ms. Memory: 1369088K Free: 494379K (36%)
----------------- Invoking toplevel() on ptolemy.moml.MoMLSimpleApplication@28b5db03
----------------- Done invoking toplevel() on ptolemy.moml.MoMLSimpleApplication@28b5db03
reloadAllAccessors: .MatrixCropDouble

===========================================================================================
----------------- testing Wed Aug 29 01:59:15 UTC 2018 /home/travis/build/icyphy/ptII/ptolemy/actor/lib/test/auto/MatrixCropFix.xml
----------------- Instantiating /home/travis/build/icyphy/ptII/ptolemy/actor/lib/test/auto/MatrixCropFix.xml
1 ms. Memory: 1369088K Free: 481866K (35%)
----------------- Invoking toplevel() on ptolemy.moml.MoMLSimpleApplication@11a7bc1a
----------------- Done invoking toplevel() on ptolemy.moml.MoMLSimpleApplication@11a7bc1a
reloadAllAccessors: .MatrixCropFix

===========================================================================================
----------------- testing Wed Aug 29 01:59:15 UTC 2018 /home/travis/build/icyphy/ptII/ptolemy/actor/lib/test/auto/MatrixCropInt.xml
----------------- Instantiating /home/travis/build/icyphy/ptII/ptolemy/actor/lib/test/auto/MatrixCropInt.xml
2 ms. Memory: 1369088K Free: 461881K (34%)
----------------- Invoking toplevel() on ptolemy.moml.MoMLSimpleApplication@4b4e1865
----------------- Done invoking toplevel() on ptolemy.moml.MoMLSimpleApplication@4b4e1865
reloadAllAccessors: .MatrixCropInt

===========================================================================================
----------------- testing Wed Aug 29 01:59:15 UTC 2018 /home/travis/build/icyphy/ptII/ptolemy/actor/lib/test/auto/MatrixCropLong.xml
----------------- Instantiating /home/travis/build/icyphy/ptII/ptolemy/actor/lib/test/auto/MatrixCropLong.xml
3 ms. Memory: 1369088K Free: 449368K (33%)
----------------- Invoking toplevel() on ptolemy.moml.MoMLSimpleApplication@5d00fda6
----------------- Done invoking toplevel() on ptolemy.moml.MoMLSimpleApplication@5d00fda6
reloadAllAccessors: .MatrixCropLong

===========================================================================================
----------------- testing Wed Aug 29 01:59:15 UTC 2018 /home/travis/build/icyphy/ptII/ptolemy/actor/lib/test/auto/MatrixToArray.xml
----------------- Instantiating /home/travis/build/icyphy/ptII/ptolemy/actor/lib/test/auto/MatrixToArray.xml
5 ms. Memory: 1369088K Free: 424341K (31%)
----------------- Invoking toplevel() on ptolemy.moml.MoMLSimpleApplication@2e9c2d4e
----------------- Done invoking toplevel() on ptolemy.moml.MoMLSimpleApplication@2e9c2d4e
reloadAllAccessors: .MatrixToArray

===========================================================================================
----------------- testing Wed Aug 29 01:59:15 UTC 2018 /home/travis/build/icyphy/ptII/ptolemy/actor/lib/test/auto/MaxIndex.xml
----------------- Instantiating /home/travis/build/icyphy/ptII/ptolemy/actor/lib/test/auto/MaxIndex.xml
2 ms. Memory: 1369088K Free: 404357K (30%)
----------------- Invoking toplevel() on ptolemy.moml.MoMLSimpleApplication@69a30d53
----------------- Done invoking toplevel() on ptolemy.moml.MoMLSimpleApplication@69a30d53
reloadAllAccessors: .MaxIndex

===========================================================================================
----------------- testing Wed Aug 29 01:59:15 UTC 2018 /home/travis/build/icyphy/ptII/ptolemy/actor/lib/test/auto/Maximum.xml
----------------- Instantiating /home/travis/build/icyphy/ptII/ptolemy/actor/lib/test/auto/Maximum.xml
2 ms. Memory: 1369088K Free: 391843K (29%)
----------------- Invoking toplevel() on ptolemy.moml.MoMLSimpleApplication@2778be30
----------------- Done invoking toplevel() on ptolemy.moml.MoMLSimpleApplication@2778be30
reloadAllAccessors: .Maximum

===========================================================================================
----------------- testing Wed Aug 29 01:59:15 UTC 2018 /home/travis/build/icyphy/ptII/ptolemy/actor/lib/test/auto/MaximumComplex.xml
----------------- Instantiating /home/travis/build/icyphy/ptII/ptolemy/actor/lib/test/auto/MaximumComplex.xml
4 ms. Memory: 1369088K Free: 379330K (28%)
----------------- Invoking toplevel() on ptolemy.moml.MoMLSimpleApplication@6ad221d6
----------------- Done invoking toplevel() on ptolemy.moml.MoMLSimpleApplication@6ad221d6
reloadAllAccessors: .MaximumComplex

===========================================================================================
----------------- testing Wed Aug 29 01:59:15 UTC 2018 /home/travis/build/icyphy/ptII/ptolemy/actor/lib/test/auto/MethodCallTest.xml
----------------- Instantiating /home/travis/build/icyphy/ptII/ptolemy/actor/lib/test/auto/MethodCallTest.xml
2 ms. Memory: 1369088K Free: 359346K (26%)
----------------- Invoking toplevel() on ptolemy.moml.MoMLSimpleApplication@2cf62da7
----------------- Done invoking toplevel() on ptolemy.moml.MoMLSimpleApplication@2cf62da7
reloadAllAccessors: .MethodCallTest

===========================================================================================
----------------- testing Wed Aug 29 01:59:15 UTC 2018 /home/travis/build/icyphy/ptII/ptolemy/actor/lib/test/auto/Minimum.xml
----------------- Instantiating /home/travis/build/icyphy/ptII/ptolemy/actor/lib/test/auto/Minimum.xml
3 ms. Memory: 1369088K Free: 346832K (25%)
----------------- Invoking toplevel() on ptolemy.moml.MoMLSimpleApplication@4f4f2ef1
----------------- Done invoking toplevel() on ptolemy.moml.MoMLSimpleApplication@4f4f2ef1
reloadAllAccessors: .Minimum

===========================================================================================
----------------- testing Wed Aug 29 01:59:15 UTC 2018 /home/travis/build/icyphy/ptII/ptolemy/actor/lib/test/auto/MinimumComplex.xml
----------------- Instantiating /home/travis/build/icyphy/ptII/ptolemy/actor/lib/test/auto/MinimumComplex.xml
2 ms. Memory: 1369088K Free: 334319K (24%)
----------------- Invoking toplevel() on ptolemy.moml.MoMLSimpleApplication@502a2ad6
----------------- Done invoking toplevel() on ptolemy.moml.MoMLSimpleApplication@502a2ad6
reloadAllAccessors: .MinimumComplex

===========================================================================================
----------------- testing Wed Aug 29 01:59:15 UTC 2018 /home/travis/build/icyphy/ptII/ptolemy/actor/lib/test/auto/MinimumMultiports.xml
----------------- Instantiating /home/travis/build/icyphy/ptII/ptolemy/actor/lib/test/auto/MinimumMultiports.xml
3 ms. Memory: 1369088K Free: 314334K (23%)
----------------- Invoking toplevel() on ptolemy.moml.MoMLSimpleApplication@76298a7
----------------- Done invoking toplevel() on ptolemy.moml.MoMLSimpleApplication@76298a7
reloadAllAccessors: .MinimumMultiports

===========================================================================================
----------------- testing Wed Aug 29 01:59:15 UTC 2018 /home/travis/build/icyphy/ptII/ptolemy/actor/lib/test/auto/ModifyDate.xml
----------------- Instantiating /home/travis/build/icyphy/ptII/ptolemy/actor/lib/test/auto/ModifyDate.xml
4 ms. Memory: 1369088K Free: 295548K (22%)
----------------- Invoking toplevel() on ptolemy.moml.MoMLSimpleApplication@7c844a33
----------------- Done invoking toplevel() on ptolemy.moml.MoMLSimpleApplication@7c844a33
reloadAllAccessors: .ModifyDate

===========================================================================================
----------------- testing Wed Aug 29 01:59:15 UTC 2018 /home/travis/build/icyphy/ptII/ptolemy/actor/lib/test/auto/ModifyDate2.xml
----------------- Instantiating /home/travis/build/icyphy/ptII/ptolemy/actor/lib/test/auto/ModifyDate2.xml
2 ms. Memory: 1369088K Free: 276778K (20%)
----------------- Invoking toplevel() on ptolemy.moml.MoMLSimpleApplication@633516b3
----------------- Done invoking toplevel() on ptolemy.moml.MoMLSimpleApplication@633516b3
reloadAllAccessors: .ModifyDate2

===========================================================================================
----------------- testing Wed Aug 29 01:59:15 UTC 2018 /home/travis/build/icyphy/ptII/ptolemy/actor/lib/test/auto/MovingAverage.xml
----------------- Instantiating /home/travis/build/icyphy/ptII/ptolemy/actor/lib/test/auto/MovingAverage.xml
1 ms. Memory: 1369088K Free: 264265K (19%)
----------------- Invoking toplevel() on ptolemy.moml.MoMLSimpleApplication@1e30fa2c
----------------- Done invoking toplevel() on ptolemy.moml.MoMLSimpleApplication@1e30fa2c
reloadAllAccessors: .MovingAverage

===========================================================================================
----------------- testing Wed Aug 29 01:59:15 UTC 2018 /home/travis/build/icyphy/ptII/ptolemy/actor/lib/test/auto/MovingMaximum.xml
----------------- Instantiating /home/travis/build/icyphy/ptII/ptolemy/actor/lib/test/auto/MovingMaximum.xml
1 ms. Memory: 1369088K Free: 244281K (18%)
----------------- Invoking toplevel() on ptolemy.moml.MoMLSimpleApplication@191a2668
----------------- Done invoking toplevel() on ptolemy.moml.MoMLSimpleApplication@191a2668
reloadAllAccessors: .MovingMaximum

===========================================================================================
----------------- testing Wed Aug 29 01:59:15 UTC 2018 /home/travis/build/icyphy/ptII/ptolemy/actor/lib/test/auto/MultipleLinksToSameRelation.xml
----------------- Instantiating /home/travis/build/icyphy/ptII/ptolemy/actor/lib/test/auto/MultipleLinksToSameRelation.xml
1 ms. Memory: 1369088K Free: 231767K (17%)
----------------- Invoking toplevel() on ptolemy.moml.MoMLSimpleApplication@509adcf0
----------------- Done invoking toplevel() on ptolemy.moml.MoMLSimpleApplication@509adcf0
reloadAllAccessors: .MultipleLinksToSameRelation

===========================================================================================
----------------- testing Wed Aug 29 01:59:15 UTC 2018 /home/travis/build/icyphy/ptII/ptolemy/actor/lib/test/auto/MultipleLinksToSameRelationDE.xml
----------------- Instantiating /home/travis/build/icyphy/ptII/ptolemy/actor/lib/test/auto/MultipleLinksToSameRelationDE.xml
1 ms. Memory: 1369088K Free: 219254K (16%)
----------------- Invoking toplevel() on ptolemy.moml.MoMLSimpleApplication@b48b3c
----------------- Done invoking toplevel() on ptolemy.moml.MoMLSimpleApplication@b48b3c
reloadAllAccessors: .MultipleLinksToSameRelationDE

===========================================================================================
----------------- testing Wed Aug 29 01:59:15 UTC 2018 /home/travis/build/icyphy/ptII/ptolemy/actor/lib/test/auto/Multiplexor.xml
----------------- Instantiating /home/travis/build/icyphy/ptII/ptolemy/actor/lib/test/auto/Multiplexor.xml
3 ms. Memory: 1369088K Free: 199270K (15%)
----------------- Invoking toplevel() on ptolemy.moml.MoMLSimpleApplication@5348c1aa
----------------- Done invoking toplevel() on ptolemy.moml.MoMLSimpleApplication@5348c1aa
reloadAllAccessors: .Multiplexor

===========================================================================================
----------------- testing Wed Aug 29 01:59:15 UTC 2018 /home/travis/build/icyphy/ptII/ptolemy/actor/lib/test/auto/Multiplexor1.xml
----------------- Instantiating /home/travis/build/icyphy/ptII/ptolemy/actor/lib/test/auto/Multiplexor1.xml
2 ms. Memory: 1369088K Free: 186756K (14%)
----------------- Invoking toplevel() on ptolemy.moml.MoMLSimpleApplication@3cabcabe
----------------- Done invoking toplevel() on ptolemy.moml.MoMLSimpleApplication@3cabcabe
reloadAllAccessors: .Multiplexor1

===========================================================================================
----------------- testing Wed Aug 29 01:59:15 UTC 2018 /home/travis/build/icyphy/ptII/ptolemy/actor/lib/test/auto/Multiplexor2.xml
----------------- Instantiating /home/travis/build/icyphy/ptII/ptolemy/actor/lib/test/auto/Multiplexor2.xml
3 ms. Memory: 1369088K Free: 174243K (13%)
----------------- Invoking toplevel() on ptolemy.moml.MoMLSimpleApplication@28473ed
----------------- Done invoking toplevel() on ptolemy.moml.MoMLSimpleApplication@28473ed
reloadAllAccessors: .Multiplexor2

===========================================================================================
----------------- testing Wed Aug 29 01:59:15 UTC 2018 /home/travis/build/icyphy/ptII/ptolemy/actor/lib/test/auto/Multiplexor3.xml
----------------- Instantiating /home/travis/build/icyphy/ptII/ptolemy/actor/lib/test/auto/Multiplexor3.xml
2 ms. Memory: 1369088K Free: 154258K (11%)
----------------- Invoking toplevel() on ptolemy.moml.MoMLSimpleApplication@51423dd4
----------------- Done invoking toplevel() on ptolemy.moml.MoMLSimpleApplication@51423dd4
reloadAllAccessors: .Multiplexor3

===========================================================================================
----------------- testing Wed Aug 29 01:59:15 UTC 2018 /home/travis/build/icyphy/ptII/ptolemy/actor/lib/test/auto/MultiplexorDE.xml
----------------- Instantiating /home/travis/build/icyphy/ptII/ptolemy/actor/lib/test/auto/MultiplexorDE.xml
4 ms. Memory: 1369088K Free: 141745K (10%)
----------------- Invoking toplevel() on ptolemy.moml.MoMLSimpleApplication@269b350a
----------------- Done invoking toplevel() on ptolemy.moml.MoMLSimpleApplication@269b350a
reloadAllAccessors: .MultiplexorDE

===========================================================================================
----------------- testing Wed Aug 29 01:59:15 UTC 2018 /home/travis/build/icyphy/ptII/ptolemy/actor/lib/test/auto/MultiportBroadcastTest.xml
----------------- Instantiating /home/travis/build/icyphy/ptII/ptolemy/actor/lib/test/auto/MultiportBroadcastTest.xml
82 ms. Memory: 1369088K Free: 129232K (9%)
----------------- Invoking toplevel() on ptolemy.moml.MoMLSimpleApplication@37430e7c
----------------- Done invoking toplevel() on ptolemy.moml.MoMLSimpleApplication@37430e7c
reloadAllAccessors: .MultiportBroadcastTest

===========================================================================================
----------------- testing Wed Aug 29 01:59:16 UTC 2018 /home/travis/build/icyphy/ptII/ptolemy/actor/lib/test/auto/MultiportOutHangDuringGetWidth.xml
----------------- Instantiating /home/travis/build/icyphy/ptII/ptolemy/actor/lib/test/auto/MultiportOutHangDuringGetWidth.xml
5 ms. Memory: 1369088K Free: 102991K (8%)
----------------- Invoking toplevel() on ptolemy.moml.MoMLSimpleApplication@33a59ec5
----------------- Done invoking toplevel() on ptolemy.moml.MoMLSimpleApplication@33a59ec5
reloadAllAccessors: .MultiportOutHangDuringGetWidth

===========================================================================================
----------------- testing Wed Aug 29 01:59:16 UTC 2018 /home/travis/build/icyphy/ptII/ptolemy/actor/lib/test/auto/NilToken.xml
----------------- Instantiating /home/travis/build/icyphy/ptII/ptolemy/actor/lib/test/auto/NilToken.xml
1 ms. Memory: 1369088K Free: 90477K (7%)
----------------- Invoking toplevel() on ptolemy.moml.MoMLSimpleApplication@46e88a3d
----------------- Done invoking toplevel() on ptolemy.moml.MoMLSimpleApplication@46e88a3d
reloadAllAccessors: .NilToken

===========================================================================================
----------------- testing Wed Aug 29 01:59:16 UTC 2018 /home/travis/build/icyphy/ptII/ptolemy/actor/lib/test/auto/NilTokenNonStrictTest.xml
----------------- Instantiating /home/travis/build/icyphy/ptII/ptolemy/actor/lib/test/auto/NilTokenNonStrictTest.xml
2 ms. Memory: 1369088K Free: 79383K (6%)
----------------- Invoking toplevel() on ptolemy.moml.MoMLSimpleApplication@40539b37
----------------- Done invoking toplevel() on ptolemy.moml.MoMLSimpleApplication@40539b37
reloadAllAccessors: .NilTokenNonStrictTest

===========================================================================================
----------------- testing Wed Aug 29 01:59:16 UTC 2018 /home/travis/build/icyphy/ptII/ptolemy/actor/lib/test/auto/NilTokenRecord.xml
----------------- Instantiating /home/travis/build/icyphy/ptII/ptolemy/actor/lib/test/auto/NilTokenRecord.xml
5 ms. Memory: 1590784K Free: 1524504K (96%)
----------------- Invoking toplevel() on ptolemy.moml.MoMLSimpleApplication@501d4404
----------------- Done invoking toplevel() on ptolemy.moml.MoMLSimpleApplication@501d4404
reloadAllAccessors: .NilTokenRecord

===========================================================================================
----------------- testing Wed Aug 29 01:59:16 UTC 2018 /home/travis/build/icyphy/ptII/ptolemy/actor/lib/test/auto/NilTokenTypeTest.xml
----------------- Instantiating /home/travis/build/icyphy/ptII/ptolemy/actor/lib/test/auto/NilTokenTypeTest.xml
10 ms. Memory: 1590784K Free: 1504611K (95%)
----------------- Invoking toplevel() on ptolemy.moml.MoMLSimpleApplication@6b6fd2b3
----------------- Done invoking toplevel() on ptolemy.moml.MoMLSimpleApplication@6b6fd2b3
reloadAllAccessors: .NilTokenTypeTest

===========================================================================================
----------------- testing Wed Aug 29 01:59:16 UTC 2018 /home/travis/build/icyphy/ptII/ptolemy/actor/lib/test/auto/ObjectToken1.xml
----------------- Instantiating /home/travis/build/icyphy/ptII/ptolemy/actor/lib/test/auto/ObjectToken1.xml
1 ms. Memory: 1590784K Free: 1484719K (93%)
----------------- Invoking toplevel() on ptolemy.moml.MoMLSimpleApplication@a8fc796
----------------- Done invoking toplevel() on ptolemy.moml.MoMLSimpleApplication@a8fc796
reloadAllAccessors: .ObjectToken1

===========================================================================================
----------------- testing Wed Aug 29 01:59:16 UTC 2018 /home/travis/build/icyphy/ptII/ptolemy/actor/lib/test/auto/OrderedMerge.xml
----------------- Instantiating /home/travis/build/icyphy/ptII/ptolemy/actor/lib/test/auto/OrderedMerge.xml
4 ms. Memory: 1590784K Free: 1417627K (89%)
----------------- Invoking toplevel() on ptolemy.moml.MoMLSimpleApplication@331d7095
----------------- Done invoking toplevel() on ptolemy.moml.MoMLSimpleApplication@331d7095
reloadAllAccessors: .OrderedMerge

===========================================================================================
----------------- testing Wed Aug 29 01:59:16 UTC 2018 /home/travis/build/icyphy/ptII/ptolemy/actor/lib/test/auto/OrderedRecordDisassembler.xml
----------------- Instantiating /home/travis/build/icyphy/ptII/ptolemy/actor/lib/test/auto/OrderedRecordDisassembler.xml
3 ms. Memory: 1590784K Free: 1397734K (88%)
----------------- Invoking toplevel() on ptolemy.moml.MoMLSimpleApplication@c4cefcd
----------------- Done invoking toplevel() on ptolemy.moml.MoMLSimpleApplication@c4cefcd
reloadAllAccessors: .OrderedRecordDisassembler

===========================================================================================
----------------- testing Wed Aug 29 01:59:16 UTC 2018 /home/travis/build/icyphy/ptII/ptolemy/actor/lib/test/auto/OrderedRecordDisassembler2.xml
----------------- Instantiating /home/travis/build/icyphy/ptII/ptolemy/actor/lib/test/auto/OrderedRecordDisassembler2.xml
4 ms. Memory: 1590784K Free: 1377841K (87%)
----------------- Invoking toplevel() on ptolemy.moml.MoMLSimpleApplication@2e148256
----------------- Done invoking toplevel() on ptolemy.moml.MoMLSimpleApplication@2e148256
reloadAllAccessors: .OrderedRecordDisassembler2

===========================================================================================
----------------- testing Wed Aug 29 01:59:16 UTC 2018 /home/travis/build/icyphy/ptII/ptolemy/actor/lib/test/auto/OrderedRecordUpdater.xml
----------------- Instantiating /home/travis/build/icyphy/ptII/ptolemy/actor/lib/test/auto/OrderedRecordUpdater.xml
1 ms. Memory: 1590784K Free: 1350404K (85%)
----------------- Invoking toplevel() on ptolemy.moml.MoMLSimpleApplication@5043fab4
----------------- Done invoking toplevel() on ptolemy.moml.MoMLSimpleApplication@5043fab4
reloadAllAccessors: .RecordUpdater

===========================================================================================
----------------- testing Wed Aug 29 01:59:16 UTC 2018 /home/travis/build/icyphy/ptII/ptolemy/actor/lib/test/auto/OrderedRecordUpdater2.xml
----------------- Instantiating /home/travis/build/icyphy/ptII/ptolemy/actor/lib/test/auto/OrderedRecordUpdater2.xml
1 ms. Memory: 1590784K Free: 1330512K (84%)
----------------- Invoking toplevel() on ptolemy.moml.MoMLSimpleApplication@4eb82b87
----------------- Done invoking toplevel() on ptolemy.moml.MoMLSimpleApplication@4eb82b87
reloadAllAccessors: .RecordUpdater2

===========================================================================================
----------------- testing Wed Aug 29 01:59:16 UTC 2018 /home/travis/build/icyphy/ptII/ptolemy/actor/lib/test/auto/PhaseUnwrap.xml
----------------- Instantiating /home/travis/build/icyphy/ptII/ptolemy/actor/lib/test/auto/PhaseUnwrap.xml
1 ms. Memory: 1590784K Free: 1310619K (82%)
----------------- Invoking toplevel() on ptolemy.moml.MoMLSimpleApplication@34f0a58f
----------------- Done invoking toplevel() on ptolemy.moml.MoMLSimpleApplication@34f0a58f
reloadAllAccessors: .PhaseUnwrap

===========================================================================================
----------------- testing Wed Aug 29 01:59:16 UTC 2018 /home/travis/build/icyphy/ptII/ptolemy/actor/lib/test/auto/PoissonClock.xml
----------------- Instantiating /home/travis/build/icyphy/ptII/ptolemy/actor/lib/test/auto/PoissonClock.xml
1 ms. Memory: 1590784K Free: 1290726K (81%)
----------------- Invoking toplevel() on ptolemy.moml.MoMLSimpleApplication@3f5fd7e8
----------------- Done invoking toplevel() on ptolemy.moml.MoMLSimpleApplication@3f5fd7e8
reloadAllAccessors: .PoissonClock

===========================================================================================
----------------- testing Wed Aug 29 01:59:16 UTC 2018 /home/travis/build/icyphy/ptII/ptolemy/actor/lib/test/auto/PoissonClock2.xml
----------------- Instantiating /home/travis/build/icyphy/ptII/ptolemy/actor/lib/test/auto/PoissonClock2.xml
1 ms. Memory: 1590784K Free: 1263420K (79%)
----------------- Invoking toplevel() on ptolemy.moml.MoMLSimpleApplication@7600f08d
----------------- Done invoking toplevel() on ptolemy.moml.MoMLSimpleApplication@7600f08d
reloadAllAccessors: .PoissonClock2

===========================================================================================
----------------- testing Wed Aug 29 01:59:16 UTC 2018 /home/travis/build/icyphy/ptII/ptolemy/actor/lib/test/auto/PoissonClock3.xml
----------------- Instantiating /home/travis/build/icyphy/ptII/ptolemy/actor/lib/test/auto/PoissonClock3.xml
1 ms. Memory: 1590784K Free: 1243527K (78%)
----------------- Invoking toplevel() on ptolemy.moml.MoMLSimpleApplication@6a27e5e7
----------------- Done invoking toplevel() on ptolemy.moml.MoMLSimpleApplication@6a27e5e7
reloadAllAccessors: .PoissonClock3

===========================================================================================
----------------- testing Wed Aug 29 01:59:16 UTC 2018 /home/travis/build/icyphy/ptII/ptolemy/actor/lib/test/auto/PubSubWithInitialTokens.xml
----------------- Instantiating /home/travis/build/icyphy/ptII/ptolemy/actor/lib/test/auto/PubSubWithInitialTokens.xml
1 ms. Memory: 1590784K Free: 1223634K (77%)
----------------- Invoking toplevel() on ptolemy.moml.MoMLSimpleApplication@798e211
----------------- Done invoking toplevel() on ptolemy.moml.MoMLSimpleApplication@798e211
reloadAllAccessors: .PubSubWithInitialTokens

===========================================================================================
----------------- testing Wed Aug 29 01:59:16 UTC 2018 /home/travis/build/icyphy/ptII/ptolemy/actor/lib/test/auto/PubSubWithInitialTokens2.xml
----------------- Instantiating /home/travis/build/icyphy/ptII/ptolemy/actor/lib/test/auto/PubSubWithInitialTokens2.xml
2 ms. Memory: 1590784K Free: 1196329K (75%)
----------------- Invoking toplevel() on ptolemy.moml.MoMLSimpleApplication@65b2cc34
----------------- Done invoking toplevel() on ptolemy.moml.MoMLSimpleApplication@65b2cc34
reloadAllAccessors: .PubSubWithInitialTokens2

===========================================================================================
----------------- testing Wed Aug 29 01:59:16 UTC 2018 /home/travis/build/icyphy/ptII/ptolemy/actor/lib/test/auto/PublisherClassNoParameter.xml
----------------- Instantiating /home/travis/build/icyphy/ptII/ptolemy/actor/lib/test/auto/PublisherClassNoParameter.xml
2 ms. Memory: 1590784K Free: 1176436K (74%)
----------------- Invoking toplevel() on ptolemy.moml.MoMLSimpleApplication@3b97f00d
----------------- Done invoking toplevel() on ptolemy.moml.MoMLSimpleApplication@3b97f00d
reloadAllAccessors: .PublisherClassNoParameter

===========================================================================================
----------------- testing Wed Aug 29 01:59:16 UTC 2018 /home/travis/build/icyphy/ptII/ptolemy/actor/lib/test/auto/PublisherClassParameter.xml
----------------- Instantiating /home/travis/build/icyphy/ptII/ptolemy/actor/lib/test/auto/PublisherClassParameter.xml
2 ms. Memory: 1590784K Free: 1156543K (73%)
----------------- Invoking toplevel() on ptolemy.moml.MoMLSimpleApplication@1481a3ff
----------------- Done invoking toplevel() on ptolemy.moml.MoMLSimpleApplication@1481a3ff
reloadAllAccessors: .PublisherClassParameter

===========================================================================================
----------------- testing Wed Aug 29 01:59:16 UTC 2018 /home/travis/build/icyphy/ptII/ptolemy/actor/lib/test/auto/PublisherNonStrictTest.xml
----------------- Instantiating /home/travis/build/icyphy/ptII/ptolemy/actor/lib/test/auto/PublisherNonStrictTest.xml
2 ms. Memory: 1590784K Free: 1129237K (71%)
----------------- Invoking toplevel() on ptolemy.moml.MoMLSimpleApplication@48e2ef1
----------------- Done invoking toplevel() on ptolemy.moml.MoMLSimpleApplication@48e2ef1
reloadAllAccessors: .PublisherNonStrictTest

===========================================================================================
----------------- testing Wed Aug 29 01:59:16 UTC 2018 /home/travis/build/icyphy/ptII/ptolemy/actor/lib/test/auto/PublisherPort1.xml
----------------- Instantiating /home/travis/build/icyphy/ptII/ptolemy/actor/lib/test/auto/PublisherPort1.xml
3 ms. Memory: 1590784K Free: 1109344K (70%)
----------------- Invoking toplevel() on ptolemy.moml.MoMLSimpleApplication@2a7be920
----------------- Done invoking toplevel() on ptolemy.moml.MoMLSimpleApplication@2a7be920
reloadAllAccessors: .PublisherPort1

===========================================================================================
----------------- testing Wed Aug 29 01:59:16 UTC 2018 /home/travis/build/icyphy/ptII/ptolemy/actor/lib/test/auto/PublisherPort2.xml
----------------- Instantiating /home/travis/build/icyphy/ptII/ptolemy/actor/lib/test/auto/PublisherPort2.xml
1 ms. Memory: 1590784K Free: 1089451K (68%)
----------------- Invoking toplevel() on ptolemy.moml.MoMLSimpleApplication@6e79d32c
----------------- Done invoking toplevel() on ptolemy.moml.MoMLSimpleApplication@6e79d32c
reloadAllAccessors: .PublisherPort2

===========================================================================================
----------------- testing Wed Aug 29 01:59:16 UTC 2018 /home/travis/build/icyphy/ptII/ptolemy/actor/lib/test/auto/PublisherPort3.xml
----------------- Instantiating /home/travis/build/icyphy/ptII/ptolemy/actor/lib/test/auto/PublisherPort3.xml
4 ms. Memory: 1590784K Free: 1062145K (67%)
----------------- Invoking toplevel() on ptolemy.moml.MoMLSimpleApplication@33679595
----------------- Done invoking toplevel() on ptolemy.moml.MoMLSimpleApplication@33679595
reloadAllAccessors: .PublisherPort3

===========================================================================================
----------------- testing Wed Aug 29 01:59:16 UTC 2018 /home/travis/build/icyphy/ptII/ptolemy/actor/lib/test/auto/PublisherPort4.xml
----------------- Instantiating /home/travis/build/icyphy/ptII/ptolemy/actor/lib/test/auto/PublisherPort4.xml
1 ms. Memory: 1590784K Free: 1042252K (66%)
----------------- Invoking toplevel() on ptolemy.moml.MoMLSimpleApplication@55d4deb5
----------------- Done invoking toplevel() on ptolemy.moml.MoMLSimpleApplication@55d4deb5
reloadAllAccessors: .PublisherPort4

===========================================================================================
----------------- testing Wed Aug 29 01:59:16 UTC 2018 /home/travis/build/icyphy/ptII/ptolemy/actor/lib/test/auto/PublisherPort5.xml
----------------- Instantiating /home/travis/build/icyphy/ptII/ptolemy/actor/lib/test/auto/PublisherPort5.xml
3 ms. Memory: 1590784K Free: 1022359K (64%)
----------------- Invoking toplevel() on ptolemy.moml.MoMLSimpleApplication@61ea4ad6
----------------- Done invoking toplevel() on ptolemy.moml.MoMLSimpleApplication@61ea4ad6
reloadAllAccessors: .PublisherPort5

===========================================================================================
----------------- testing Wed Aug 29 01:59:16 UTC 2018 /home/travis/build/icyphy/ptII/ptolemy/actor/lib/test/auto/PublisherPort5LookAlike.xml
----------------- Instantiating /home/travis/build/icyphy/ptII/ptolemy/actor/lib/test/auto/PublisherPort5LookAlike.xml
6 ms. Memory: 1590784K Free: 995053K (63%)
----------------- Invoking toplevel() on ptolemy.moml.MoMLSimpleApplication@28171cf
----------------- Done invoking toplevel() on ptolemy.moml.MoMLSimpleApplication@28171cf
reloadAllAccessors: .PublisherPort5LookAlike

===========================================================================================
----------------- testing Wed Aug 29 01:59:16 UTC 2018 /home/travis/build/icyphy/ptII/ptolemy/actor/lib/test/auto/PublisherPort6.xml
----------------- Instantiating /home/travis/build/icyphy/ptII/ptolemy/actor/lib/test/auto/PublisherPort6.xml
2 ms. Memory: 1590784K Free: 975160K (61%)
----------------- Invoking toplevel() on ptolemy.moml.MoMLSimpleApplication@76cff40d
----------------- Done invoking toplevel() on ptolemy.moml.MoMLSimpleApplication@76cff40d
reloadAllAccessors: .PublisherPort6

===========================================================================================
----------------- testing Wed Aug 29 01:59:16 UTC 2018 /home/travis/build/icyphy/ptII/ptolemy/actor/lib/test/auto/PublisherPort7.xml
----------------- Instantiating /home/travis/build/icyphy/ptII/ptolemy/actor/lib/test/auto/PublisherPort7.xml
3 ms. Memory: 1590784K Free: 955267K (60%)
----------------- Invoking toplevel() on ptolemy.moml.MoMLSimpleApplication@3afeef1c
----------------- Done invoking toplevel() on ptolemy.moml.MoMLSimpleApplication@3afeef1c
reloadAllAccessors: .PublisherPort7

===========================================================================================
----------------- testing Wed Aug 29 01:59:16 UTC 2018 /home/travis/build/icyphy/ptII/ptolemy/actor/lib/test/auto/PublisherPort8.xml
----------------- Instantiating /home/travis/build/icyphy/ptII/ptolemy/actor/lib/test/auto/PublisherPort8.xml
4 ms. Memory: 1590784K Free: 927962K (58%)
----------------- Invoking toplevel() on ptolemy.moml.MoMLSimpleApplication@84dc184
----------------- Done invoking toplevel() on ptolemy.moml.MoMLSimpleApplication@84dc184
reloadAllAccessors: .PublisherPort8

===========================================================================================
----------------- testing Wed Aug 29 01:59:16 UTC 2018 /home/travis/build/icyphy/ptII/ptolemy/actor/lib/test/auto/PublisherPortSubscriberChannelVariablesAOC2.xml
----------------- Instantiating /home/travis/build/icyphy/ptII/ptolemy/actor/lib/test/auto/PublisherPortSubscriberChannelVariablesAOC2.xml
3 ms. Memory: 1590784K Free: 898122K (56%)
----------------- Invoking toplevel() on ptolemy.moml.MoMLSimpleApplication@2e6138b5
----------------- Done invoking toplevel() on ptolemy.moml.MoMLSimpleApplication@2e6138b5
reloadAllAccessors: .PublisherPortSubscriberChannelVariablesAOC2

===========================================================================================
----------------- testing Wed Aug 29 01:59:16 UTC 2018 /home/travis/build/icyphy/ptII/ptolemy/actor/lib/test/auto/PublisherPortSubscriberOpaqueWidthInference.xml
----------------- Instantiating /home/travis/build/icyphy/ptII/ptolemy/actor/lib/test/auto/PublisherPortSubscriberOpaqueWidthInference.xml
2 ms. Memory: 1590784K Free: 878229K (55%)
----------------- Invoking toplevel() on ptolemy.moml.MoMLSimpleApplication@67b18a8b
----------------- Done invoking toplevel() on ptolemy.moml.MoMLSimpleApplication@67b18a8b
reloadAllAccessors: .PublisherPortSubscriberOpaqueWidthInference

===========================================================================================
----------------- testing Wed Aug 29 01:59:16 UTC 2018 /home/travis/build/icyphy/ptII/ptolemy/actor/lib/test/auto/PublisherPortSubscriberPortAdjacent.xml
----------------- Instantiating /home/travis/build/icyphy/ptII/ptolemy/actor/lib/test/auto/PublisherPortSubscriberPortAdjacent.xml
1 ms. Memory: 1590784K Free: 850923K (53%)
----------------- Invoking toplevel() on ptolemy.moml.MoMLSimpleApplication@70f9401c
----------------- Done invoking toplevel() on ptolemy.moml.MoMLSimpleApplication@70f9401c
reloadAllAccessors: .PublisherPortSubscriberPortAdjacent

===========================================================================================
----------------- testing Wed Aug 29 01:59:16 UTC 2018 /home/travis/build/icyphy/ptII/ptolemy/actor/lib/test/auto/PublisherPortSubscriberPortExpression.xml
----------------- Instantiating /home/travis/build/icyphy/ptII/ptolemy/actor/lib/test/auto/PublisherPortSubscriberPortExpression.xml
3 ms. Memory: 1590784K Free: 831030K (52%)
----------------- Invoking toplevel() on ptolemy.moml.MoMLSimpleApplication@666f85dc
----------------- Done invoking toplevel() on ptolemy.moml.MoMLSimpleApplication@666f85dc
reloadAllAccessors: .PublisherPortSubscriberPortExpression

===========================================================================================
----------------- testing Wed Aug 29 01:59:16 UTC 2018 /home/travis/build/icyphy/ptII/ptolemy/actor/lib/test/auto/PublisherPortSubscriberPortOpaqueD3Reverse.xml
----------------- Instantiating /home/travis/build/icyphy/ptII/ptolemy/actor/lib/test/auto/PublisherPortSubscriberPortOpaqueD3Reverse.xml
5 ms. Memory: 1590784K Free: 811137K (51%)
----------------- Invoking toplevel() on ptolemy.moml.MoMLSimpleApplication@b60bd1c
----------------- Done invoking toplevel() on ptolemy.moml.MoMLSimpleApplication@b60bd1c
reloadAllAccessors: .PublisherPortSubscriberPortOpaqueD3Reverse

===========================================================================================
----------------- testing Wed Aug 29 01:59:16 UTC 2018 /home/travis/build/icyphy/ptII/ptolemy/actor/lib/test/auto/PublisherPortSubscriberPortOpaqueWidthInference.xml
----------------- Instantiating /home/travis/build/icyphy/ptII/ptolemy/actor/lib/test/auto/PublisherPortSubscriberPortOpaqueWidthInference.xml
3 ms. Memory: 1590784K Free: 783832K (49%)
----------------- Invoking toplevel() on ptolemy.moml.MoMLSimpleApplication@12833a43
----------------- Done invoking toplevel() on ptolemy.moml.MoMLSimpleApplication@12833a43
reloadAllAccessors: .PublisherPortSubscriberPortOpaqueWidthInference

===========================================================================================
----------------- testing Wed Aug 29 01:59:16 UTC 2018 /home/travis/build/icyphy/ptII/ptolemy/actor/lib/test/auto/PublisherPortToplevelSubscriberPortAOC.xml
----------------- Instantiating /home/travis/build/icyphy/ptII/ptolemy/actor/lib/test/auto/PublisherPortToplevelSubscriberPortAOC.xml
.PublisherPortToplevelSubscriberPortAOC.TestExceptionAttribute: initialize() was not invoked, but wrapup() was.  This is unusual, but not always a problem.  For example, exporting JNLP will do this.
0 ms. Memory: 1590784K Free: 763939K (48%)
----------------- Invoking toplevel() on ptolemy.moml.MoMLSimpleApplication@7fda3c8
----------------- Done invoking toplevel() on ptolemy.moml.MoMLSimpleApplication@7fda3c8
reloadAllAccessors: .PublisherPortToplevelSubscriberPortAOC

===========================================================================================
----------------- testing Wed Aug 29 01:59:16 UTC 2018 /home/travis/build/icyphy/ptII/ptolemy/actor/lib/test/auto/PublisherSubscriber.xml
----------------- Instantiating /home/travis/build/icyphy/ptII/ptolemy/actor/lib/test/auto/PublisherSubscriber.xml
3 ms. Memory: 1590784K Free: 744046K (47%)
----------------- Invoking toplevel() on ptolemy.moml.MoMLSimpleApplication@3abc645c
----------------- Done invoking toplevel() on ptolemy.moml.MoMLSimpleApplication@3abc645c
reloadAllAccessors: .PublisherSubscriber

===========================================================================================
----------------- testing Wed Aug 29 01:59:16 UTC 2018 /home/travis/build/icyphy/ptII/ptolemy/actor/lib/test/auto/PublisherSubscriber10.xml
----------------- Instantiating /home/travis/build/icyphy/ptII/ptolemy/actor/lib/test/auto/PublisherSubscriber10.xml
4 ms. Memory: 1590784K Free: 716740K (45%)
----------------- Invoking toplevel() on ptolemy.moml.MoMLSimpleApplication@254be889
----------------- Done invoking toplevel() on ptolemy.moml.MoMLSimpleApplication@254be889
reloadAllAccessors: .PublisherSubscriber10

===========================================================================================
----------------- testing Wed Aug 29 01:59:16 UTC 2018 /home/travis/build/icyphy/ptII/ptolemy/actor/lib/test/auto/PublisherSubscriber10InitialOutputs.xml
----------------- Instantiating /home/travis/build/icyphy/ptII/ptolemy/actor/lib/test/auto/PublisherSubscriber10InitialOutputs.xml
4 ms. Memory: 1590784K Free: 696847K (44%)
----------------- Invoking toplevel() on ptolemy.moml.MoMLSimpleApplication@849721f
----------------- Done invoking toplevel() on ptolemy.moml.MoMLSimpleApplication@849721f
reloadAllAccessors: .PublisherSubscriber10InitialOutputs

===========================================================================================
----------------- testing Wed Aug 29 01:59:16 UTC 2018 /home/travis/build/icyphy/ptII/ptolemy/actor/lib/test/auto/PublisherSubscriber11.xml
----------------- Instantiating /home/travis/build/icyphy/ptII/ptolemy/actor/lib/test/auto/PublisherSubscriber11.xml
3 ms. Memory: 1590784K Free: 676954K (43%)
----------------- Invoking toplevel() on ptolemy.moml.MoMLSimpleApplication@331c2aa4
----------------- Done invoking toplevel() on ptolemy.moml.MoMLSimpleApplication@331c2aa4
reloadAllAccessors: .PublisherSubscriber11

===========================================================================================
----------------- testing Wed Aug 29 01:59:16 UTC 2018 /home/travis/build/icyphy/ptII/ptolemy/actor/lib/test/auto/PublisherSubscriber12.xml
----------------- Instantiating /home/travis/build/icyphy/ptII/ptolemy/actor/lib/test/auto/PublisherSubscriber12.xml
2 ms. Memory: 1590784K Free: 649648K (41%)
----------------- Invoking toplevel() on ptolemy.moml.MoMLSimpleApplication@2f35379c
----------------- Done invoking toplevel() on ptolemy.moml.MoMLSimpleApplication@2f35379c
reloadAllAccessors: .PublisherSubscriber12

===========================================================================================
----------------- testing Wed Aug 29 01:59:16 UTC 2018 /home/travis/build/icyphy/ptII/ptolemy/actor/lib/test/auto/PublisherSubscriber13.xml
----------------- Instantiating /home/travis/build/icyphy/ptII/ptolemy/actor/lib/test/auto/PublisherSubscriber13.xml
2 ms. Memory: 1590784K Free: 629756K (40%)
----------------- Invoking toplevel() on ptolemy.moml.MoMLSimpleApplication@18b724e7
----------------- Done invoking toplevel() on ptolemy.moml.MoMLSimpleApplication@18b724e7
reloadAllAccessors: .PublisherSubscriber13

===========================================================================================
----------------- testing Wed Aug 29 01:59:16 UTC 2018 /home/travis/build/icyphy/ptII/ptolemy/actor/lib/test/auto/PublisherSubscriber14.xml
----------------- Instantiating /home/travis/build/icyphy/ptII/ptolemy/actor/lib/test/auto/PublisherSubscriber14.xml
2 ms. Memory: 1590784K Free: 609863K (38%)
----------------- Invoking toplevel() on ptolemy.moml.MoMLSimpleApplication@20ad4e9d
----------------- Done invoking toplevel() on ptolemy.moml.MoMLSimpleApplication@20ad4e9d
reloadAllAccessors: .PublisherSubscriber14

===========================================================================================
----------------- testing Wed Aug 29 01:59:16 UTC 2018 /home/travis/build/icyphy/ptII/ptolemy/actor/lib/test/auto/PublisherSubscriber2.xml
----------------- Instantiating /home/travis/build/icyphy/ptII/ptolemy/actor/lib/test/auto/PublisherSubscriber2.xml
1 ms. Memory: 1590784K Free: 582557K (37%)
----------------- Invoking toplevel() on ptolemy.moml.MoMLSimpleApplication@2ab8f9b
----------------- Done invoking toplevel() on ptolemy.moml.MoMLSimpleApplication@2ab8f9b
reloadAllAccessors: .PublisherSubscriber2

===========================================================================================
----------------- testing Wed Aug 29 01:59:16 UTC 2018 /home/travis/build/icyphy/ptII/ptolemy/actor/lib/test/auto/PublisherSubscriber3.xml
----------------- Instantiating /home/travis/build/icyphy/ptII/ptolemy/actor/lib/test/auto/PublisherSubscriber3.xml
2 ms. Memory: 1590784K Free: 562664K (35%)
----------------- Invoking toplevel() on ptolemy.moml.MoMLSimpleApplication@ab5f688
----------------- Done invoking toplevel() on ptolemy.moml.MoMLSimpleApplication@ab5f688
reloadAllAccessors: .PublisherSubscriber3

===========================================================================================
----------------- testing Wed Aug 29 01:59:16 UTC 2018 /home/travis/build/icyphy/ptII/ptolemy/actor/lib/test/auto/PublisherSubscriber4.xml
----------------- Instantiating /home/travis/build/icyphy/ptII/ptolemy/actor/lib/test/auto/PublisherSubscriber4.xml
1 ms. Memory: 1590784K Free: 542771K (34%)
----------------- Invoking toplevel() on ptolemy.moml.MoMLSimpleApplication@2c166a47
----------------- Done invoking toplevel() on ptolemy.moml.MoMLSimpleApplication@2c166a47
reloadAllAccessors: .PublisherSubscriber4

===========================================================================================
----------------- testing Wed Aug 29 01:59:16 UTC 2018 /home/travis/build/icyphy/ptII/ptolemy/actor/lib/test/auto/PublisherSubscriber5.xml
----------------- Instantiating /home/travis/build/icyphy/ptII/ptolemy/actor/lib/test/auto/PublisherSubscriber5.xml
1 ms. Memory: 1590784K Free: 515465K (32%)
----------------- Invoking toplevel() on ptolemy.moml.MoMLSimpleApplication@267a7a64
----------------- Done invoking toplevel() on ptolemy.moml.MoMLSimpleApplication@267a7a64
reloadAllAccessors: .PublisherSubscriber5

===========================================================================================
----------------- testing Wed Aug 29 01:59:16 UTC 2018 /home/travis/build/icyphy/ptII/ptolemy/actor/lib/test/auto/PublisherSubscriber6.xml
----------------- Instantiating /home/travis/build/icyphy/ptII/ptolemy/actor/lib/test/auto/PublisherSubscriber6.xml
2 ms. Memory: 1590784K Free: 495572K (31%)
----------------- Invoking toplevel() on ptolemy.moml.MoMLSimpleApplication@6bf8d75f
----------------- Done invoking toplevel() on ptolemy.moml.MoMLSimpleApplication@6bf8d75f
reloadAllAccessors: .PublisherSubscriber6

===========================================================================================
----------------- testing Wed Aug 29 01:59:16 UTC 2018 /home/travis/build/icyphy/ptII/ptolemy/actor/lib/test/auto/PublisherSubscriber7.xml
----------------- Instantiating /home/travis/build/icyphy/ptII/ptolemy/actor/lib/test/auto/PublisherSubscriber7.xml
3 ms. Memory: 1590784K Free: 475679K (30%)
----------------- Invoking toplevel() on ptolemy.moml.MoMLSimpleApplication@778a90fd
----------------- Done invoking toplevel() on ptolemy.moml.MoMLSimpleApplication@778a90fd
reloadAllAccessors: .PublisherSubscriber7

===========================================================================================
----------------- testing Wed Aug 29 01:59:16 UTC 2018 /home/travis/build/icyphy/ptII/ptolemy/actor/lib/test/auto/PublisherSubscriber8.xml
----------------- Instantiating /home/travis/build/icyphy/ptII/ptolemy/actor/lib/test/auto/PublisherSubscriber8.xml
8 ms. Memory: 1590784K Free: 348908K (22%)
----------------- Invoking toplevel() on ptolemy.moml.MoMLSimpleApplication@428bec97
----------------- Done invoking toplevel() on ptolemy.moml.MoMLSimpleApplication@428bec97
reloadAllAccessors: .PublisherSubscriber8

===========================================================================================
----------------- testing Wed Aug 29 01:59:16 UTC 2018 /home/travis/build/icyphy/ptII/ptolemy/actor/lib/test/auto/PublisherSubscriber9.xml
----------------- Instantiating /home/travis/build/icyphy/ptII/ptolemy/actor/lib/test/auto/PublisherSubscriber9.xml
3 ms. Memory: 1590784K Free: 329016K (21%)
----------------- Invoking toplevel() on ptolemy.moml.MoMLSimpleApplication@165847cd
----------------- Done invoking toplevel() on ptolemy.moml.MoMLSimpleApplication@165847cd
reloadAllAccessors: .PublisherSubscriber9

===========================================================================================
----------------- testing Wed Aug 29 01:59:17 UTC 2018 /home/travis/build/icyphy/ptII/ptolemy/actor/lib/test/auto/PublisherSubscriberAdjacent.xml
----------------- Instantiating /home/travis/build/icyphy/ptII/ptolemy/actor/lib/test/auto/PublisherSubscriberAdjacent.xml
2 ms. Memory: 1590784K Free: 309123K (19%)
----------------- Invoking toplevel() on ptolemy.moml.MoMLSimpleApplication@25f64c47
----------------- Done invoking toplevel() on ptolemy.moml.MoMLSimpleApplication@25f64c47
reloadAllAccessors: .PublisherSubscriberAdjacent

===========================================================================================
----------------- testing Wed Aug 29 01:59:17 UTC 2018 /home/travis/build/icyphy/ptII/ptolemy/actor/lib/test/auto/PublisherSubscriberChannelVariablesAOC2.xml
----------------- Instantiating /home/travis/build/icyphy/ptII/ptolemy/actor/lib/test/auto/PublisherSubscriberChannelVariablesAOC2.xml
2 ms. Memory: 1590784K Free: 279267K (18%)
----------------- Invoking toplevel() on ptolemy.moml.MoMLSimpleApplication@19e69a51
----------------- Done invoking toplevel() on ptolemy.moml.MoMLSimpleApplication@19e69a51
reloadAllAccessors: .PublisherSubscriberChannelVariablesAOC2

===========================================================================================
----------------- testing Wed Aug 29 01:59:17 UTC 2018 /home/travis/build/icyphy/ptII/ptolemy/actor/lib/test/auto/PublisherSubscriberD3.xml
----------------- Instantiating /home/travis/build/icyphy/ptII/ptolemy/actor/lib/test/auto/PublisherSubscriberD3.xml
2 ms. Memory: 1590784K Free: 251961K (16%)
----------------- Invoking toplevel() on ptolemy.moml.MoMLSimpleApplication@3e903f50
----------------- Done invoking toplevel() on ptolemy.moml.MoMLSimpleApplication@3e903f50
reloadAllAccessors: .PublisherSubscriberD3

===========================================================================================
----------------- testing Wed Aug 29 01:59:17 UTC 2018 /home/travis/build/icyphy/ptII/ptolemy/actor/lib/test/auto/PublisherSubscriberD3Reverse.xml
----------------- Instantiating /home/travis/build/icyphy/ptII/ptolemy/actor/lib/test/auto/PublisherSubscriberD3Reverse.xml
2 ms. Memory: 1590784K Free: 232068K (15%)
----------------- Invoking toplevel() on ptolemy.moml.MoMLSimpleApplication@62546b67
----------------- Done invoking toplevel() on ptolemy.moml.MoMLSimpleApplication@62546b67
reloadAllAccessors: .PublisherSubscriberD3Reverse

===========================================================================================
----------------- testing Wed Aug 29 01:59:17 UTC 2018 /home/travis/build/icyphy/ptII/ptolemy/actor/lib/test/auto/PublisherSubscriberExpression.xml
----------------- Instantiating /home/travis/build/icyphy/ptII/ptolemy/actor/lib/test/auto/PublisherSubscriberExpression.xml
6 ms. Memory: 1590784K Free: 212176K (13%)
----------------- Invoking toplevel() on ptolemy.moml.MoMLSimpleApplication@e6aad3
----------------- Done invoking toplevel() on ptolemy.moml.MoMLSimpleApplication@e6aad3
reloadAllAccessors: .PublisherSubscriberExpression

===========================================================================================
----------------- testing Wed Aug 29 01:59:17 UTC 2018 /home/travis/build/icyphy/ptII/ptolemy/actor/lib/test/auto/PublisherSubscriberOpaque.xml
----------------- Instantiating /home/travis/build/icyphy/ptII/ptolemy/actor/lib/test/auto/PublisherSubscriberOpaque.xml
4 ms. Memory: 1590784K Free: 184870K (12%)
----------------- Invoking toplevel() on ptolemy.moml.MoMLSimpleApplication@10a1a164
----------------- Done invoking toplevel() on ptolemy.moml.MoMLSimpleApplication@10a1a164
reloadAllAccessors: .PublisherSubscriberOpaque

===========================================================================================
----------------- testing Wed Aug 29 01:59:17 UTC 2018 /home/travis/build/icyphy/ptII/ptolemy/actor/lib/test/auto/PublisherSubscriberOpaqueD3.xml
----------------- Instantiating /home/travis/build/icyphy/ptII/ptolemy/actor/lib/test/auto/PublisherSubscriberOpaqueD3.xml
6 ms. Memory: 1590784K Free: 164977K (10%)
----------------- Invoking toplevel() on ptolemy.moml.MoMLSimpleApplication@101d1f0f
----------------- Done invoking toplevel() on ptolemy.moml.MoMLSimpleApplication@101d1f0f
reloadAllAccessors: .PublisherSubscriberOpaqueD3

===========================================================================================
----------------- testing Wed Aug 29 01:59:17 UTC 2018 /home/travis/build/icyphy/ptII/ptolemy/actor/lib/test/auto/PublisherSubscriberOpaqueD3Reverse.xml
----------------- Instantiating /home/travis/build/icyphy/ptII/ptolemy/actor/lib/test/auto/PublisherSubscriberOpaqueD3Reverse.xml
7 ms. Memory: 1590784K Free: 145084K (9%)
----------------- Invoking toplevel() on ptolemy.moml.MoMLSimpleApplication@47ffb76c
----------------- Done invoking toplevel() on ptolemy.moml.MoMLSimpleApplication@47ffb76c
reloadAllAccessors: .PublisherSubscriberOpaqueD3Reverse

===========================================================================================
----------------- testing Wed Aug 29 01:59:17 UTC 2018 /home/travis/build/icyphy/ptII/ptolemy/actor/lib/test/auto/PublisherSubscriberOpaqueWidthInference.xml
----------------- Instantiating /home/travis/build/icyphy/ptII/ptolemy/actor/lib/test/auto/PublisherSubscriberOpaqueWidthInference.xml
3 ms. Memory: 1590784K Free: 117778K (7%)
----------------- Invoking toplevel() on ptolemy.moml.MoMLSimpleApplication@75508a1b
----------------- Done invoking toplevel() on ptolemy.moml.MoMLSimpleApplication@75508a1b
reloadAllAccessors: .PublisherSubscriberOpaqueWidthInference

===========================================================================================
----------------- testing Wed Aug 29 01:59:17 UTC 2018 /home/travis/build/icyphy/ptII/ptolemy/actor/lib/test/auto/PublisherTestSubscriber.xml
----------------- Instantiating /home/travis/build/icyphy/ptII/ptolemy/actor/lib/test/auto/PublisherTestSubscriber.xml
3 ms. Memory: 1590784K Free: 97885K (6%)
----------------- Invoking toplevel() on ptolemy.moml.MoMLSimpleApplication@5574efc7
----------------- Done invoking toplevel() on ptolemy.moml.MoMLSimpleApplication@5574efc7
reloadAllAccessors: .PublisherTestSubscriber

===========================================================================================
----------------- testing Wed Aug 29 01:59:17 UTC 2018 /home/travis/build/icyphy/ptII/ptolemy/actor/lib/test/auto/PublisherToplevelSubscriberPortAOC.xml
----------------- Instantiating /home/travis/build/icyphy/ptII/ptolemy/actor/lib/test/auto/PublisherToplevelSubscriberPortAOC.xml
1 ms. Memory: 1590784K Free: 77992K (5%)
----------------- Invoking toplevel() on ptolemy.moml.MoMLSimpleApplication@411e58ae
----------------- Done invoking toplevel() on ptolemy.moml.MoMLSimpleApplication@411e58ae
reloadAllAccessors: .PublisherToplevelSubscriberPortAOC

===========================================================================================
----------------- testing Wed Aug 29 01:59:17 UTC 2018 /home/travis/build/icyphy/ptII/ptolemy/actor/lib/test/auto/PulseFiringLimitDE.xml
----------------- Instantiating /home/travis/build/icyphy/ptII/ptolemy/actor/lib/test/auto/PulseFiringLimitDE.xml
3 ms. Memory: 1590784K Free: 59843K (4%)
----------------- Invoking toplevel() on ptolemy.moml.MoMLSimpleApplication@64d7a536
----------------- Done invoking toplevel() on ptolemy.moml.MoMLSimpleApplication@64d7a536
reloadAllAccessors: .PulseFiringLimitDE

===========================================================================================
----------------- testing Wed Aug 29 01:59:17 UTC 2018 /home/travis/build/icyphy/ptII/ptolemy/actor/lib/test/auto/Ramp1.xml
----------------- Instantiating /home/travis/build/icyphy/ptII/ptolemy/actor/lib/test/auto/Ramp1.xml
1 ms. Memory: 1628672K Free: 1574416K (97%)
----------------- Invoking toplevel() on ptolemy.moml.MoMLSimpleApplication@5c15f02e
----------------- Done invoking toplevel() on ptolemy.moml.MoMLSimpleApplication@5c15f02e
reloadAllAccessors: .Ramp1

===========================================================================================
----------------- testing Wed Aug 29 01:59:17 UTC 2018 /home/travis/build/icyphy/ptII/ptolemy/actor/lib/test/auto/RampFiringLimitDE.xml
----------------- Instantiating /home/travis/build/icyphy/ptII/ptolemy/actor/lib/test/auto/RampFiringLimitDE.xml
7 ms. Memory: 1628672K Free: 1548384K (95%)
----------------- Invoking toplevel() on ptolemy.moml.MoMLSimpleApplication@4bdd765e
----------------- Done invoking toplevel() on ptolemy.moml.MoMLSimpleApplication@4bdd765e
reloadAllAccessors: .RampFiringLimitDE

===========================================================================================
----------------- testing Wed Aug 29 01:59:17 UTC 2018 /home/travis/build/icyphy/ptII/ptolemy/actor/lib/test/auto/RampFiringLimitSDF.xml
----------------- Instantiating /home/travis/build/icyphy/ptII/ptolemy/actor/lib/test/auto/RampFiringLimitSDF.xml
1 ms. Memory: 1628672K Free: 1528232K (94%)
----------------- Invoking toplevel() on ptolemy.moml.MoMLSimpleApplication@2bce43ec
----------------- Done invoking toplevel() on ptolemy.moml.MoMLSimpleApplication@2bce43ec
reloadAllAccessors: .RampFiringLimitSDF

===========================================================================================
----------------- testing Wed Aug 29 01:59:17 UTC 2018 /home/travis/build/icyphy/ptII/ptolemy/actor/lib/test/auto/RandomInteger.xml
----------------- Instantiating /home/travis/build/icyphy/ptII/ptolemy/actor/lib/test/auto/RandomInteger.xml
1 ms. Memory: 1628672K Free: 1502199K (92%)
----------------- Invoking toplevel() on ptolemy.moml.MoMLSimpleApplication@6123abc1
----------------- Done invoking toplevel() on ptolemy.moml.MoMLSimpleApplication@6123abc1
reloadAllAccessors: .RandomInteger

===========================================================================================
----------------- testing Wed Aug 29 01:59:17 UTC 2018 /home/travis/build/icyphy/ptII/ptolemy/actor/lib/test/auto/ReadFile1.xml
----------------- Instantiating /home/travis/build/icyphy/ptII/ptolemy/actor/lib/test/auto/ReadFile1.xml
1 ms. Memory: 1628672K Free: 1482047K (91%)
----------------- Invoking toplevel() on ptolemy.moml.MoMLSimpleApplication@44fb5300
----------------- Done invoking toplevel() on ptolemy.moml.MoMLSimpleApplication@44fb5300
reloadAllAccessors: .ReadFile1

===========================================================================================
----------------- testing Wed Aug 29 01:59:17 UTC 2018 /home/travis/build/icyphy/ptII/ptolemy/actor/lib/test/auto/ReadFile2.xml
----------------- Instantiating /home/travis/build/icyphy/ptII/ptolemy/actor/lib/test/auto/ReadFile2.xml
1 ms. Memory: 1628672K Free: 1456015K (89%)
----------------- Invoking toplevel() on ptolemy.moml.MoMLSimpleApplication@2d967de0
----------------- Done invoking toplevel() on ptolemy.moml.MoMLSimpleApplication@2d967de0
reloadAllAccessors: .ReadFile2

===========================================================================================
----------------- testing Wed Aug 29 01:59:17 UTC 2018 /home/travis/build/icyphy/ptII/ptolemy/actor/lib/test/auto/Reader.xml
----------------- Instantiating /home/travis/build/icyphy/ptII/ptolemy/actor/lib/test/auto/Reader.xml
actor.lib.Reader is obsolete, use actor.lib.io.ExpressionReader instead
1 ms. Memory: 1628672K Free: 1435862K (88%)
----------------- Invoking toplevel() on ptolemy.moml.MoMLSimpleApplication@21fb3d0
----------------- Done invoking toplevel() on ptolemy.moml.MoMLSimpleApplication@21fb3d0
reloadAllAccessors: .Reader

===========================================================================================
----------------- testing Wed Aug 29 01:59:17 UTC 2018 /home/travis/build/icyphy/ptII/ptolemy/actor/lib/test/auto/RecordAssemblerDisplayNameTest.xml
----------------- Instantiating /home/travis/build/icyphy/ptII/ptolemy/actor/lib/test/auto/RecordAssemblerDisplayNameTest.xml
3096 ms. Memory: 1628672K Free: 146019K (9%)
----------------- Invoking toplevel() on ptolemy.moml.MoMLSimpleApplication@101e03be
----------------- Done invoking toplevel() on ptolemy.moml.MoMLSimpleApplication@101e03be
reloadAllAccessors: .RecordAssemblerDisplayNameTest

===========================================================================================
----------------- testing Wed Aug 29 01:59:20 UTC 2018 /home/travis/build/icyphy/ptII/ptolemy/actor/lib/test/auto/RecordAssemblerTypeError.xml
----------------- Instantiating /home/travis/build/icyphy/ptII/ptolemy/actor/lib/test/auto/RecordAssemblerTypeError.xml
4 ms. Memory: 1628672K Free: 109894K (7%)
----------------- Invoking toplevel() on ptolemy.moml.MoMLSimpleApplication@ac3edf3
----------------- Done invoking toplevel() on ptolemy.moml.MoMLSimpleApplication@ac3edf3
reloadAllAccessors: .RecordAssemblerTypeError

===========================================================================================
----------------- testing Wed Aug 29 01:59:20 UTC 2018 /home/travis/build/icyphy/ptII/ptolemy/actor/lib/test/auto/RecordDisassember.xml
----------------- Instantiating /home/travis/build/icyphy/ptII/ptolemy/actor/lib/test/auto/RecordDisassember.xml
2 ms. Memory: 1628672K Free: 89742K (6%)
----------------- Invoking toplevel() on ptolemy.moml.MoMLSimpleApplication@1ae2c6d8
----------------- Done invoking toplevel() on ptolemy.moml.MoMLSimpleApplication@1ae2c6d8
reloadAllAccessors: .RecordDisassember

===========================================================================================
----------------- testing Wed Aug 29 01:59:20 UTC 2018 /home/travis/build/icyphy/ptII/ptolemy/actor/lib/test/auto/RecordDisassemberDisplayNameTest.xml
----------------- Instantiating /home/travis/build/icyphy/ptII/ptolemy/actor/lib/test/auto/RecordDisassemberDisplayNameTest.xml
12 ms. Memory: 1781248K Free: 1736417K (97%)
----------------- Invoking toplevel() on ptolemy.moml.MoMLSimpleApplication@2b0b822d
----------------- Done invoking toplevel() on ptolemy.moml.MoMLSimpleApplication@2b0b822d
reloadAllAccessors: .RecordDisassemberDisplayNameTest

===========================================================================================
----------------- testing Wed Aug 29 01:59:20 UTC 2018 /home/travis/build/icyphy/ptII/ptolemy/actor/lib/test/auto/RecordDisassembler.xml
----------------- Instantiating /home/travis/build/icyphy/ptII/ptolemy/actor/lib/test/auto/RecordDisassembler.xml
2 ms. Memory: 1781248K Free: 1709773K (96%)
----------------- Invoking toplevel() on ptolemy.moml.MoMLSimpleApplication@3c68d445
----------------- Done invoking toplevel() on ptolemy.moml.MoMLSimpleApplication@3c68d445
reloadAllAccessors: .RecordDisassembler

===========================================================================================
----------------- testing Wed Aug 29 01:59:20 UTC 2018 /home/travis/build/icyphy/ptII/ptolemy/actor/lib/test/auto/RecordDisassembler2.xml
----------------- Instantiating /home/travis/build/icyphy/ptII/ptolemy/actor/lib/test/auto/RecordDisassembler2.xml
2 ms. Memory: 1781248K Free: 1688682K (95%)
----------------- Invoking toplevel() on ptolemy.moml.MoMLSimpleApplication@58020364
----------------- Done invoking toplevel() on ptolemy.moml.MoMLSimpleApplication@58020364
reloadAllAccessors: .RecordDisassembler2

===========================================================================================
----------------- testing Wed Aug 29 01:59:20 UTC 2018 /home/travis/build/icyphy/ptII/ptolemy/actor/lib/test/auto/RecordUpdater.xml
----------------- Instantiating /home/travis/build/icyphy/ptII/ptolemy/actor/lib/test/auto/RecordUpdater.xml
1 ms. Memory: 1781248K Free: 1672022K (94%)
----------------- Invoking toplevel() on ptolemy.moml.MoMLSimpleApplication@424c050d
----------------- Done invoking toplevel() on ptolemy.moml.MoMLSimpleApplication@424c050d
reloadAllAccessors: .RecordUpdater

===========================================================================================
----------------- testing Wed Aug 29 01:59:20 UTC 2018 /home/travis/build/icyphy/ptII/ptolemy/actor/lib/test/auto/RecordUpdater2.xml
----------------- Instantiating /home/travis/build/icyphy/ptII/ptolemy/actor/lib/test/auto/RecordUpdater2.xml
3 ms. Memory: 1781248K Free: 1650931K (93%)
----------------- Invoking toplevel() on ptolemy.moml.MoMLSimpleApplication@6e1895a0
----------------- Done invoking toplevel() on ptolemy.moml.MoMLSimpleApplication@6e1895a0
reloadAllAccessors: .RecordUpdater2

===========================================================================================
----------------- testing Wed Aug 29 01:59:20 UTC 2018 /home/travis/build/icyphy/ptII/ptolemy/actor/lib/test/auto/RecursiveLattice.xml
----------------- Instantiating /home/travis/build/icyphy/ptII/ptolemy/actor/lib/test/auto/RecursiveLattice.xml
2 ms. Memory: 1781248K Free: 1634270K (92%)
----------------- Invoking toplevel() on ptolemy.moml.MoMLSimpleApplication@19e774e6
----------------- Done invoking toplevel() on ptolemy.moml.MoMLSimpleApplication@19e774e6
reloadAllAccessors: .RecursiveLattice

===========================================================================================
----------------- testing Wed Aug 29 01:59:20 UTC 2018 /home/travis/build/icyphy/ptII/ptolemy/actor/lib/test/auto/Router.xml
----------------- Instantiating /home/travis/build/icyphy/ptII/ptolemy/actor/lib/test/auto/Router.xml
3003 ms. Memory: 1781248K Free: 1613180K (91%)
----------------- Invoking toplevel() on ptolemy.moml.MoMLSimpleApplication@7fb859f
----------------- Done invoking toplevel() on ptolemy.moml.MoMLSimpleApplication@7fb859f
reloadAllAccessors: .Router

===========================================================================================
----------------- testing Wed Aug 29 01:59:23 UTC 2018 /home/travis/build/icyphy/ptII/ptolemy/actor/lib/test/auto/Router2.xml
----------------- Instantiating /home/travis/build/icyphy/ptII/ptolemy/actor/lib/test/auto/Router2.xml
3004 ms. Memory: 1781248K Free: 1596519K (90%)
----------------- Invoking toplevel() on ptolemy.moml.MoMLSimpleApplication@7e460f88
----------------- Done invoking toplevel() on ptolemy.moml.MoMLSimpleApplication@7e460f88
reloadAllAccessors: .Router2

===========================================================================================
----------------- testing Wed Aug 29 01:59:26 UTC 2018 /home/travis/build/icyphy/ptII/ptolemy/actor/lib/test/auto/RunningMaximum.xml
----------------- Instantiating /home/travis/build/icyphy/ptII/ptolemy/actor/lib/test/auto/RunningMaximum.xml
1 ms. Memory: 1781248K Free: 1575428K (88%)
----------------- Invoking toplevel() on ptolemy.moml.MoMLSimpleApplication@4fc83233
----------------- Done invoking toplevel() on ptolemy.moml.MoMLSimpleApplication@4fc83233
reloadAllAccessors: .RunningMaximum

===========================================================================================
----------------- testing Wed Aug 29 01:59:26 UTC 2018 /home/travis/build/icyphy/ptII/ptolemy/actor/lib/test/auto/RunningMinimum.xml
----------------- Instantiating /home/travis/build/icyphy/ptII/ptolemy/actor/lib/test/auto/RunningMinimum.xml
2 ms. Memory: 1781248K Free: 1558768K (88%)
----------------- Invoking toplevel() on ptolemy.moml.MoMLSimpleApplication@6c3bbcb4
----------------- Done invoking toplevel() on ptolemy.moml.MoMLSimpleApplication@6c3bbcb4
reloadAllAccessors: .RunningMinimum

===========================================================================================
----------------- testing Wed Aug 29 01:59:26 UTC 2018 /home/travis/build/icyphy/ptII/ptolemy/actor/lib/test/auto/Scale.xml
----------------- Instantiating /home/travis/build/icyphy/ptII/ptolemy/actor/lib/test/auto/Scale.xml
1 ms. Memory: 1781248K Free: 1537677K (86%)
----------------- Invoking toplevel() on ptolemy.moml.MoMLSimpleApplication@7c4508b1
----------------- Done invoking toplevel() on ptolemy.moml.MoMLSimpleApplication@7c4508b1
reloadAllAccessors: .Scale

===========================================================================================
----------------- testing Wed Aug 29 01:59:26 UTC 2018 /home/travis/build/icyphy/ptII/ptolemy/actor/lib/test/auto/Scale2.xml
----------------- Instantiating /home/travis/build/icyphy/ptII/ptolemy/actor/lib/test/auto/Scale2.xml
1 ms. Memory: 1781248K Free: 1521017K (85%)
----------------- Invoking toplevel() on ptolemy.moml.MoMLSimpleApplication@4075e6c9
----------------- Done invoking toplevel() on ptolemy.moml.MoMLSimpleApplication@4075e6c9
reloadAllAccessors: .Scale2

===========================================================================================
----------------- testing Wed Aug 29 01:59:26 UTC 2018 /home/travis/build/icyphy/ptII/ptolemy/actor/lib/test/auto/Scale3.xml
----------------- Instantiating /home/travis/build/icyphy/ptII/ptolemy/actor/lib/test/auto/Scale3.xml
2 ms. Memory: 1781248K Free: 1499926K (84%)
----------------- Invoking toplevel() on ptolemy.moml.MoMLSimpleApplication@47500ca8
----------------- Done invoking toplevel() on ptolemy.moml.MoMLSimpleApplication@47500ca8
reloadAllAccessors: .Scale3

===========================================================================================
----------------- testing Wed Aug 29 01:59:26 UTC 2018 /home/travis/build/icyphy/ptII/ptolemy/actor/lib/test/auto/ScaleArray.xml
----------------- Instantiating /home/travis/build/icyphy/ptII/ptolemy/actor/lib/test/auto/ScaleArray.xml
1 ms. Memory: 1781248K Free: 1478835K (83%)
----------------- Invoking toplevel() on ptolemy.moml.MoMLSimpleApplication@425cd586
----------------- Done invoking toplevel() on ptolemy.moml.MoMLSimpleApplication@425cd586
reloadAllAccessors: .ScaleArray

===========================================================================================
----------------- testing Wed Aug 29 01:59:26 UTC 2018 /home/travis/build/icyphy/ptII/ptolemy/actor/lib/test/auto/ScaleArray2.xml
----------------- Instantiating /home/travis/build/icyphy/ptII/ptolemy/actor/lib/test/auto/ScaleArray2.xml
1 ms. Memory: 1781248K Free: 1462175K (82%)
----------------- Invoking toplevel() on ptolemy.moml.MoMLSimpleApplication@6d358ad4
----------------- Done invoking toplevel() on ptolemy.moml.MoMLSimpleApplication@6d358ad4
reloadAllAccessors: .ScaleArray2

===========================================================================================
----------------- testing Wed Aug 29 01:59:26 UTC 2018 /home/travis/build/icyphy/ptII/ptolemy/actor/lib/test/auto/ScaleMatrix.xml
----------------- Instantiating /home/travis/build/icyphy/ptII/ptolemy/actor/lib/test/auto/ScaleMatrix.xml
110 ms. Memory: 1781248K Free: 1432692K (80%)
----------------- Invoking toplevel() on ptolemy.moml.MoMLSimpleApplication@5e820fc7
----------------- Done invoking toplevel() on ptolemy.moml.MoMLSimpleApplication@5e820fc7
reloadAllAccessors: .ScaleMatrix

===========================================================================================
----------------- testing Wed Aug 29 01:59:26 UTC 2018 /home/travis/build/icyphy/ptII/ptolemy/actor/lib/test/auto/Select.xml
----------------- Instantiating /home/travis/build/icyphy/ptII/ptolemy/actor/lib/test/auto/Select.xml
2 ms. Memory: 1781248K Free: 1416032K (79%)
----------------- Invoking toplevel() on ptolemy.moml.MoMLSimpleApplication@15490d8b
----------------- Done invoking toplevel() on ptolemy.moml.MoMLSimpleApplication@15490d8b
reloadAllAccessors: .Select

===========================================================================================
----------------- testing Wed Aug 29 01:59:27 UTC 2018 /home/travis/build/icyphy/ptII/ptolemy/actor/lib/test/auto/Select2.xml
----------------- Instantiating /home/travis/build/icyphy/ptII/ptolemy/actor/lib/test/auto/Select2.xml
1 ms. Memory: 1781248K Free: 1394941K (78%)
----------------- Invoking toplevel() on ptolemy.moml.MoMLSimpleApplication@4125755a
----------------- Done invoking toplevel() on ptolemy.moml.MoMLSimpleApplication@4125755a
reloadAllAccessors: .Select2

===========================================================================================
----------------- testing Wed Aug 29 01:59:27 UTC 2018 /home/travis/build/icyphy/ptII/ptolemy/actor/lib/test/auto/SequenceToArray2.xml
----------------- Instantiating /home/travis/build/icyphy/ptII/ptolemy/actor/lib/test/auto/SequenceToArray2.xml
84 ms. Memory: 1781248K Free: 1294977K (73%)
----------------- Invoking toplevel() on ptolemy.moml.MoMLSimpleApplication@11ccd1cd
----------------- Done invoking toplevel() on ptolemy.moml.MoMLSimpleApplication@11ccd1cd
reloadAllAccessors: .SequenceToArray2

===========================================================================================
----------------- testing Wed Aug 29 01:59:27 UTC 2018 /home/travis/build/icyphy/ptII/ptolemy/actor/lib/test/auto/SequentialClock.xml
----------------- Instantiating /home/travis/build/icyphy/ptII/ptolemy/actor/lib/test/auto/SequentialClock.xml
1 ms. Memory: 1781248K Free: 1273887K (72%)
----------------- Invoking toplevel() on ptolemy.moml.MoMLSimpleApplication@404474a6
----------------- Done invoking toplevel() on ptolemy.moml.MoMLSimpleApplication@404474a6
reloadAllAccessors: .SequentialClock

===========================================================================================
----------------- testing Wed Aug 29 01:59:27 UTC 2018 /home/travis/build/icyphy/ptII/ptolemy/actor/lib/test/auto/SetVariable.xml
----------------- Instantiating /home/travis/build/icyphy/ptII/ptolemy/actor/lib/test/auto/SetVariable.xml
3 ms. Memory: 1781248K Free: 1257226K (71%)
----------------- Invoking toplevel() on ptolemy.moml.MoMLSimpleApplication@171993bc
----------------- Done invoking toplevel() on ptolemy.moml.MoMLSimpleApplication@171993bc
reloadAllAccessors: .SetVariable

===========================================================================================
----------------- testing Wed Aug 29 01:59:27 UTC 2018 /home/travis/build/icyphy/ptII/ptolemy/actor/lib/test/auto/SetVariable2.xml
----------------- Instantiating /home/travis/build/icyphy/ptII/ptolemy/actor/lib/test/auto/SetVariable2.xml
1 ms. Memory: 1781248K Free: 1236136K (69%)
----------------- Invoking toplevel() on ptolemy.moml.MoMLSimpleApplication@3dd54b0a
----------------- Done invoking toplevel() on ptolemy.moml.MoMLSimpleApplication@3dd54b0a
reloadAllAccessors: .SetVariable2

===========================================================================================
----------------- testing Wed Aug 29 01:59:27 UTC 2018 /home/travis/build/icyphy/ptII/ptolemy/actor/lib/test/auto/SetVariable3.xml
----------------- Instantiating /home/travis/build/icyphy/ptII/ptolemy/actor/lib/test/auto/SetVariable3.xml
2 ms. Memory: 1781248K Free: 1215045K (68%)
----------------- Invoking toplevel() on ptolemy.moml.MoMLSimpleApplication@1b1b7f1e
----------------- Done invoking toplevel() on ptolemy.moml.MoMLSimpleApplication@1b1b7f1e
reloadAllAccessors: .SetVariable3

===========================================================================================
----------------- testing Wed Aug 29 01:59:27 UTC 2018 /home/travis/build/icyphy/ptII/ptolemy/actor/lib/test/auto/SetVariable4.xml
----------------- Instantiating /home/travis/build/icyphy/ptII/ptolemy/actor/lib/test/auto/SetVariable4.xml
12 ms. Memory: 1781248K Free: 1140073K (64%)
----------------- Invoking toplevel() on ptolemy.moml.MoMLSimpleApplication@1fe04659
----------------- Done invoking toplevel() on ptolemy.moml.MoMLSimpleApplication@1fe04659
reloadAllAccessors: .SetVariable4

===========================================================================================
----------------- testing Wed Aug 29 01:59:27 UTC 2018 /home/travis/build/icyphy/ptII/ptolemy/actor/lib/test/auto/SetVariable5.xml
----------------- Instantiating /home/travis/build/icyphy/ptII/ptolemy/actor/lib/test/auto/SetVariable5.xml
9 ms. Memory: 1781248K Free: 1118982K (63%)
----------------- Invoking toplevel() on ptolemy.moml.MoMLSimpleApplication@695faccb
----------------- Done invoking toplevel() on ptolemy.moml.MoMLSimpleApplication@695faccb
reloadAllAccessors: .SetVariable5

===========================================================================================
----------------- testing Wed Aug 29 01:59:27 UTC 2018 /home/travis/build/icyphy/ptII/ptolemy/actor/lib/test/auto/Sinewave.xml
----------------- Instantiating /home/travis/build/icyphy/ptII/ptolemy/actor/lib/test/auto/Sinewave.xml
3 ms. Memory: 1781248K Free: 1093983K (61%)
----------------- Invoking toplevel() on ptolemy.moml.MoMLSimpleApplication@1b824809
----------------- Done invoking toplevel() on ptolemy.moml.MoMLSimpleApplication@1b824809
reloadAllAccessors: .Sinewave

===========================================================================================
----------------- testing Wed Aug 29 01:59:27 UTC 2018 /home/travis/build/icyphy/ptII/ptolemy/actor/lib/test/auto/Sinewave2.xml
----------------- Instantiating /home/travis/build/icyphy/ptII/ptolemy/actor/lib/test/auto/Sinewave2.xml
4 ms. Memory: 1781248K Free: 1072893K (60%)
----------------- Invoking toplevel() on ptolemy.moml.MoMLSimpleApplication@6a21549
----------------- Done invoking toplevel() on ptolemy.moml.MoMLSimpleApplication@6a21549
reloadAllAccessors: .Sinewave2

===========================================================================================
----------------- testing Wed Aug 29 01:59:27 UTC 2018 /home/travis/build/icyphy/ptII/ptolemy/actor/lib/test/auto/Sinewave3.xml
----------------- Instantiating /home/travis/build/icyphy/ptII/ptolemy/actor/lib/test/auto/Sinewave3.xml
4 ms. Memory: 1781248K Free: 1056232K (59%)
----------------- Invoking toplevel() on ptolemy.moml.MoMLSimpleApplication@5c00244d
----------------- Done invoking toplevel() on ptolemy.moml.MoMLSimpleApplication@5c00244d
reloadAllAccessors: .Sinewave3

===========================================================================================
----------------- testing Wed Aug 29 01:59:27 UTC 2018 /home/travis/build/icyphy/ptII/ptolemy/actor/lib/test/auto/SingleEvent.xml
----------------- Instantiating /home/travis/build/icyphy/ptII/ptolemy/actor/lib/test/auto/SingleEvent.xml
1 ms. Memory: 1781248K Free: 1035141K (58%)
----------------- Invoking toplevel() on ptolemy.moml.MoMLSimpleApplication@ac70716
----------------- Done invoking toplevel() on ptolemy.moml.MoMLSimpleApplication@ac70716
reloadAllAccessors: .SingleEvent

===========================================================================================
----------------- testing Wed Aug 29 01:59:27 UTC 2018 /home/travis/build/icyphy/ptII/ptolemy/actor/lib/test/auto/Sleep.xml
----------------- Instantiating /home/travis/build/icyphy/ptII/ptolemy/actor/lib/test/auto/Sleep.xml
6003 ms. Memory: 1781248K Free: 1018481K (57%)
----------------- Invoking toplevel() on ptolemy.moml.MoMLSimpleApplication@685b48a3
----------------- Done invoking toplevel() on ptolemy.moml.MoMLSimpleApplication@685b48a3
reloadAllAccessors: .Sleep

===========================================================================================
----------------- testing Wed Aug 29 01:59:33 UTC 2018 /home/travis/build/icyphy/ptII/ptolemy/actor/lib/test/auto/SleepMultipleFire.xml
----------------- Instantiating /home/travis/build/icyphy/ptII/ptolemy/actor/lib/test/auto/SleepMultipleFire.xml
1004 ms. Memory: 1781248K Free: 997390K (56%)
----------------- Invoking toplevel() on ptolemy.moml.MoMLSimpleApplication@7f220a82
----------------- Done invoking toplevel() on ptolemy.moml.MoMLSimpleApplication@7f220a82
reloadAllAccessors: .SleepMultipleFire

===========================================================================================
----------------- testing Wed Aug 29 01:59:34 UTC 2018 /home/travis/build/icyphy/ptII/ptolemy/actor/lib/test/auto/StopDE.xml
----------------- Instantiating /home/travis/build/icyphy/ptII/ptolemy/actor/lib/test/auto/StopDE.xml
2 ms. Memory: 1781248K Free: 980730K (55%)
----------------- Invoking toplevel() on ptolemy.moml.MoMLSimpleApplication@4c4a697a
----------------- Done invoking toplevel() on ptolemy.moml.MoMLSimpleApplication@4c4a697a
reloadAllAccessors: .StopDE

===========================================================================================
----------------- testing Wed Aug 29 01:59:34 UTC 2018 /home/travis/build/icyphy/ptII/ptolemy/actor/lib/test/auto/StopSDF.xml
----------------- Instantiating /home/travis/build/icyphy/ptII/ptolemy/actor/lib/test/auto/StopSDF.xml
1 ms. Memory: 1781248K Free: 959639K (54%)
----------------- Invoking toplevel() on ptolemy.moml.MoMLSimpleApplication@142c0a9d
----------------- Done invoking toplevel() on ptolemy.moml.MoMLSimpleApplication@142c0a9d
reloadAllAccessors: .StopSDF

===========================================================================================
----------------- testing Wed Aug 29 01:59:34 UTC 2018 /home/travis/build/icyphy/ptII/ptolemy/actor/lib/test/auto/StringConstant.xml
----------------- Instantiating /home/travis/build/icyphy/ptII/ptolemy/actor/lib/test/auto/StringConstant.xml
1 ms. Memory: 1781248K Free: 938549K (53%)
----------------- Invoking toplevel() on ptolemy.moml.MoMLSimpleApplication@1543519f
----------------- Done invoking toplevel() on ptolemy.moml.MoMLSimpleApplication@1543519f
reloadAllAccessors: .StringConstant

===========================================================================================
----------------- testing Wed Aug 29 01:59:34 UTC 2018 /home/travis/build/icyphy/ptII/ptolemy/actor/lib/test/auto/SubscriberPortInitialValues1.xml
----------------- Instantiating /home/travis/build/icyphy/ptII/ptolemy/actor/lib/test/auto/SubscriberPortInitialValues1.xml
4 ms. Memory: 1781248K Free: 921888K (52%)
----------------- Invoking toplevel() on ptolemy.moml.MoMLSimpleApplication@4d1c51e1
----------------- Done invoking toplevel() on ptolemy.moml.MoMLSimpleApplication@4d1c51e1
reloadAllAccessors: .SubscriberPortInitialValues1

===========================================================================================
----------------- testing Wed Aug 29 01:59:34 UTC 2018 /home/travis/build/icyphy/ptII/ptolemy/actor/lib/test/auto/SubscriberPortInitialValues13.xml
----------------- Instantiating /home/travis/build/icyphy/ptII/ptolemy/actor/lib/test/auto/SubscriberPortInitialValues13.xml
4 ms. Memory: 1781248K Free: 892459K (50%)
----------------- Invoking toplevel() on ptolemy.moml.MoMLSimpleApplication@30561bc7
----------------- Done invoking toplevel() on ptolemy.moml.MoMLSimpleApplication@30561bc7
reloadAllAccessors: .SubscriberPortInitialValues13

===========================================================================================
----------------- testing Wed Aug 29 01:59:34 UTC 2018 /home/travis/build/icyphy/ptII/ptolemy/actor/lib/test/auto/SubscriberPortInitialValues14.xml
----------------- Instantiating /home/travis/build/icyphy/ptII/ptolemy/actor/lib/test/auto/SubscriberPortInitialValues14.xml
3 ms. Memory: 1781248K Free: 875799K (49%)
----------------- Invoking toplevel() on ptolemy.moml.MoMLSimpleApplication@72e2a20
----------------- Done invoking toplevel() on ptolemy.moml.MoMLSimpleApplication@72e2a20
reloadAllAccessors: .SubscriberPortInitialValues14

===========================================================================================
----------------- testing Wed Aug 29 01:59:34 UTC 2018 /home/travis/build/icyphy/ptII/ptolemy/actor/lib/test/auto/SubscriberPortInitialValues2.xml
----------------- Instantiating /home/travis/build/icyphy/ptII/ptolemy/actor/lib/test/auto/SubscriberPortInitialValues2.xml
3 ms. Memory: 1781248K Free: 854708K (48%)
----------------- Invoking toplevel() on ptolemy.moml.MoMLSimpleApplication@41baf298
----------------- Done invoking toplevel() on ptolemy.moml.MoMLSimpleApplication@41baf298
reloadAllAccessors: .SubscriberPortInitialValues2

===========================================================================================
----------------- testing Wed Aug 29 01:59:34 UTC 2018 /home/travis/build/icyphy/ptII/ptolemy/actor/lib/test/auto/SubscriberPortInitialValues3.xml
----------------- Instantiating /home/travis/build/icyphy/ptII/ptolemy/actor/lib/test/auto/SubscriberPortInitialValues3.xml
4 ms. Memory: 1781248K Free: 838048K (47%)
----------------- Invoking toplevel() on ptolemy.moml.MoMLSimpleApplication@60c6d966
----------------- Done invoking toplevel() on ptolemy.moml.MoMLSimpleApplication@60c6d966
reloadAllAccessors: .SubscriberPortInitialValues3

===========================================================================================
----------------- testing Wed Aug 29 01:59:34 UTC 2018 /home/travis/build/icyphy/ptII/ptolemy/actor/lib/test/auto/SubscriptionAggregator.xml
----------------- Instantiating /home/travis/build/icyphy/ptII/ptolemy/actor/lib/test/auto/SubscriptionAggregator.xml
2 ms. Memory: 1781248K Free: 816957K (46%)
----------------- Invoking toplevel() on ptolemy.moml.MoMLSimpleApplication@67212b03
----------------- Done invoking toplevel() on ptolemy.moml.MoMLSimpleApplication@67212b03
reloadAllAccessors: .SubscriptionAggregator

===========================================================================================
----------------- testing Wed Aug 29 01:59:34 UTC 2018 /home/travis/build/icyphy/ptII/ptolemy/actor/lib/test/auto/SubscriptionAggregator2.xml
----------------- Instantiating /home/travis/build/icyphy/ptII/ptolemy/actor/lib/test/auto/SubscriptionAggregator2.xml
2 ms. Memory: 1781248K Free: 800296K (45%)
----------------- Invoking toplevel() on ptolemy.moml.MoMLSimpleApplication@b33057e
----------------- Done invoking toplevel() on ptolemy.moml.MoMLSimpleApplication@b33057e
reloadAllAccessors: .SubscriptionAggregator2

===========================================================================================
----------------- testing Wed Aug 29 01:59:34 UTC 2018 /home/travis/build/icyphy/ptII/ptolemy/actor/lib/test/auto/SubscriptionAggregator3.xml
----------------- Instantiating /home/travis/build/icyphy/ptII/ptolemy/actor/lib/test/auto/SubscriptionAggregator3.xml
2 ms. Memory: 1781248K Free: 779206K (44%)
----------------- Invoking toplevel() on ptolemy.moml.MoMLSimpleApplication@666bc29c
----------------- Done invoking toplevel() on ptolemy.moml.MoMLSimpleApplication@666bc29c
reloadAllAccessors: .SubscriptionAggregator3

===========================================================================================
----------------- testing Wed Aug 29 01:59:34 UTC 2018 /home/travis/build/icyphy/ptII/ptolemy/actor/lib/test/auto/SubscriptionAggregatorMultiply.xml
----------------- Instantiating /home/travis/build/icyphy/ptII/ptolemy/actor/lib/test/auto/SubscriptionAggregatorMultiply.xml
3 ms. Memory: 1781248K Free: 758115K (43%)
----------------- Invoking toplevel() on ptolemy.moml.MoMLSimpleApplication@a25383a
----------------- Done invoking toplevel() on ptolemy.moml.MoMLSimpleApplication@a25383a
reloadAllAccessors: .SubscriptionAggregatorMultiply

===========================================================================================
----------------- testing Wed Aug 29 01:59:34 UTC 2018 /home/travis/build/icyphy/ptII/ptolemy/actor/lib/test/auto/SubscriptionAggregatorPortMultiply1.xml
----------------- Instantiating /home/travis/build/icyphy/ptII/ptolemy/actor/lib/test/auto/SubscriptionAggregatorPortMultiply1.xml
3 ms. Memory: 1781248K Free: 741454K (42%)
----------------- Invoking toplevel() on ptolemy.moml.MoMLSimpleApplication@2c2c9513
----------------- Done invoking toplevel() on ptolemy.moml.MoMLSimpleApplication@2c2c9513
reloadAllAccessors: .SubscriptionAggregatorPortMultiply1

===========================================================================================
----------------- testing Wed Aug 29 01:59:34 UTC 2018 /home/travis/build/icyphy/ptII/ptolemy/actor/lib/test/auto/Switch.xml
----------------- Instantiating /home/travis/build/icyphy/ptII/ptolemy/actor/lib/test/auto/Switch.xml
4 ms. Memory: 1781248K Free: 670382K (38%)
----------------- Invoking toplevel() on ptolemy.moml.MoMLSimpleApplication@8b7707c
----------------- Done invoking toplevel() on ptolemy.moml.MoMLSimpleApplication@8b7707c
reloadAllAccessors: .Switch

===========================================================================================
----------------- testing Wed Aug 29 01:59:34 UTC 2018 /home/travis/build/icyphy/ptII/ptolemy/actor/lib/test/auto/Switch2.xml
----------------- Instantiating /home/travis/build/icyphy/ptII/ptolemy/actor/lib/test/auto/Switch2.xml
1 ms. Memory: 1781248K Free: 653722K (37%)
----------------- Invoking toplevel() on ptolemy.moml.MoMLSimpleApplication@17264819
----------------- Done invoking toplevel() on ptolemy.moml.MoMLSimpleApplication@17264819
reloadAllAccessors: .Switch2

===========================================================================================
----------------- testing Wed Aug 29 01:59:34 UTC 2018 /home/travis/build/icyphy/ptII/ptolemy/actor/lib/test/auto/SwitchDE.xml
----------------- Instantiating /home/travis/build/icyphy/ptII/ptolemy/actor/lib/test/auto/SwitchDE.xml
1 ms. Memory: 1781248K Free: 632630K (36%)
----------------- Invoking toplevel() on ptolemy.moml.MoMLSimpleApplication@6adfea73
----------------- Done invoking toplevel() on ptolemy.moml.MoMLSimpleApplication@6adfea73
reloadAllAccessors: .SwitchDE

===========================================================================================
----------------- testing Wed Aug 29 01:59:34 UTC 2018 /home/travis/build/icyphy/ptII/ptolemy/actor/lib/test/auto/SynchronizerDE.xml
----------------- Instantiating /home/travis/build/icyphy/ptII/ptolemy/actor/lib/test/auto/SynchronizerDE.xml
3 ms. Memory: 1781248K Free: 615969K (35%)
----------------- Invoking toplevel() on ptolemy.moml.MoMLSimpleApplication@45150554
----------------- Done invoking toplevel() on ptolemy.moml.MoMLSimpleApplication@45150554
reloadAllAccessors: .SynchronizerDE

===========================================================================================
----------------- testing Wed Aug 29 01:59:34 UTC 2018 /home/travis/build/icyphy/ptII/ptolemy/actor/lib/test/auto/Test.xml
----------------- Instantiating /home/travis/build/icyphy/ptII/ptolemy/actor/lib/test/auto/Test.xml
2 ms. Memory: 1781248K Free: 594879K (33%)
----------------- Invoking toplevel() on ptolemy.moml.MoMLSimpleApplication@29040e4e
----------------- Done invoking toplevel() on ptolemy.moml.MoMLSimpleApplication@29040e4e
reloadAllAccessors: .Test

===========================================================================================
----------------- testing Wed Aug 29 01:59:34 UTC 2018 /home/travis/build/icyphy/ptII/ptolemy/actor/lib/test/auto/TestExceptionAttribute1.xml
----------------- Instantiating /home/travis/build/icyphy/ptII/ptolemy/actor/lib/test/auto/TestExceptionAttribute1.xml
0 ms. Memory: 1781248K Free: 573788K (32%)
----------------- Invoking toplevel() on ptolemy.moml.MoMLSimpleApplication@4f394e6
----------------- Done invoking toplevel() on ptolemy.moml.MoMLSimpleApplication@4f394e6
reloadAllAccessors: .TestExceptionAttribute1

===========================================================================================
----------------- testing Wed Aug 29 01:59:34 UTC 2018 /home/travis/build/icyphy/ptII/ptolemy/actor/lib/test/auto/TestExceptionAttribute2.xml
----------------- Instantiating /home/travis/build/icyphy/ptII/ptolemy/actor/lib/test/auto/TestExceptionAttribute2.xml
1 ms. Memory: 1781248K Free: 557127K (31%)
----------------- Invoking toplevel() on ptolemy.moml.MoMLSimpleApplication@63ab0cc2
----------------- Done invoking toplevel() on ptolemy.moml.MoMLSimpleApplication@63ab0cc2
reloadAllAccessors: .TestExceptionAttribute2

===========================================================================================
----------------- testing Wed Aug 29 01:59:34 UTC 2018 /home/travis/build/icyphy/ptII/ptolemy/actor/lib/test/auto/TestExceptionAttribute3.xml
----------------- Instantiating /home/travis/build/icyphy/ptII/ptolemy/actor/lib/test/auto/TestExceptionAttribute3.xml
.TestExceptionAttribute3.TestExceptionAttribute: initialize() was not invoked, but wrapup() was.  This is unusual, but not always a problem.  For example, exporting JNLP will do this.
0 ms. Memory: 1781248K Free: 536037K (30%)
----------------- Invoking toplevel() on ptolemy.moml.MoMLSimpleApplication@24ca210e
----------------- Done invoking toplevel() on ptolemy.moml.MoMLSimpleApplication@24ca210e
reloadAllAccessors: .TestExceptionAttribute3

===========================================================================================
----------------- testing Wed Aug 29 01:59:34 UTC 2018 /home/travis/build/icyphy/ptII/ptolemy/actor/lib/test/auto/TestExceptionAttribute4.xml
----------------- Instantiating /home/travis/build/icyphy/ptII/ptolemy/actor/lib/test/auto/TestExceptionAttribute4.xml
.TestExceptionAttribute4.TestExceptionAttribute: initialize() was not invoked, but wrapup() was.  This is unusual, but not always a problem.  For example, exporting JNLP will do this.
.TestExceptionAttribute4.TestExceptionAttribute2: initialize() was not invoked, but wrapup() was.  This is unusual, but not always a problem.  For example, exporting JNLP will do this.
1 ms. Memory: 1781248K Free: 519376K (29%)
----------------- Invoking toplevel() on ptolemy.moml.MoMLSimpleApplication@5dd65235
----------------- Done invoking toplevel() on ptolemy.moml.MoMLSimpleApplication@5dd65235
reloadAllAccessors: .TestExceptionAttribute4

===========================================================================================
----------------- testing Wed Aug 29 01:59:34 UTC 2018 /home/travis/build/icyphy/ptII/ptolemy/actor/lib/test/auto/TestExceptionHandler1.xml
----------------- Instantiating /home/travis/build/icyphy/ptII/ptolemy/actor/lib/test/auto/TestExceptionHandler1.xml
1 ms. Memory: 1781248K Free: 498286K (28%)
----------------- Invoking toplevel() on ptolemy.moml.MoMLSimpleApplication@e53b130
----------------- Done invoking toplevel() on ptolemy.moml.MoMLSimpleApplication@e53b130
reloadAllAccessors: .TestExceptionHandler1

===========================================================================================
----------------- testing Wed Aug 29 01:59:34 UTC 2018 /home/travis/build/icyphy/ptII/ptolemy/actor/lib/test/auto/TestExceptionHandler2.xml
----------------- Instantiating /home/travis/build/icyphy/ptII/ptolemy/actor/lib/test/auto/TestExceptionHandler2.xml
1 ms. Memory: 1781248K Free: 481625K (27%)
----------------- Invoking toplevel() on ptolemy.moml.MoMLSimpleApplication@417a090a
----------------- Done invoking toplevel() on ptolemy.moml.MoMLSimpleApplication@417a090a
reloadAllAccessors: .TestExceptionHandler2

===========================================================================================
----------------- testing Wed Aug 29 01:59:34 UTC 2018 /home/travis/build/icyphy/ptII/ptolemy/actor/lib/test/auto/TestExceptionHandler3.xml
----------------- Instantiating /home/travis/build/icyphy/ptII/ptolemy/actor/lib/test/auto/TestExceptionHandler3.xml
0 ms. Memory: 1781248K Free: 460534K (26%)
----------------- Invoking toplevel() on ptolemy.moml.MoMLSimpleApplication@11d2aae1
----------------- Done invoking toplevel() on ptolemy.moml.MoMLSimpleApplication@11d2aae1
reloadAllAccessors: .TestExceptionHandler3

===========================================================================================
----------------- testing Wed Aug 29 01:59:34 UTC 2018 /home/travis/build/icyphy/ptII/ptolemy/actor/lib/test/auto/TestExceptionHandler4.xml
----------------- Instantiating /home/travis/build/icyphy/ptII/ptolemy/actor/lib/test/auto/TestExceptionHandler4.xml
0 ms. Memory: 1781248K Free: 443874K (25%)
----------------- Invoking toplevel() on ptolemy.moml.MoMLSimpleApplication@3a08bfe1
----------------- Done invoking toplevel() on ptolemy.moml.MoMLSimpleApplication@3a08bfe1
reloadAllAccessors: .TestExceptionHandler4

===========================================================================================
----------------- testing Wed Aug 29 01:59:34 UTC 2018 /home/travis/build/icyphy/ptII/ptolemy/actor/lib/test/auto/TestRequireCorrectOrder.xml
----------------- Instantiating /home/travis/build/icyphy/ptII/ptolemy/actor/lib/test/auto/TestRequireCorrectOrder.xml
2 ms. Memory: 1781248K Free: 422783K (24%)
----------------- Invoking toplevel() on ptolemy.moml.MoMLSimpleApplication@3b938292
----------------- Done invoking toplevel() on ptolemy.moml.MoMLSimpleApplication@3b938292
reloadAllAccessors: .TestRequireCorrectOrder

===========================================================================================
----------------- testing Wed Aug 29 01:59:34 UTC 2018 /home/travis/build/icyphy/ptII/ptolemy/actor/lib/test/auto/TestSimple.xml
----------------- Instantiating /home/travis/build/icyphy/ptII/ptolemy/actor/lib/test/auto/TestSimple.xml
1 ms. Memory: 1781248K Free: 401692K (23%)
----------------- Invoking toplevel() on ptolemy.moml.MoMLSimpleApplication@73e1ec6
----------------- Done invoking toplevel() on ptolemy.moml.MoMLSimpleApplication@73e1ec6
reloadAllAccessors: .TestSimple

===========================================================================================
----------------- testing Wed Aug 29 01:59:34 UTC 2018 /home/travis/build/icyphy/ptII/ptolemy/actor/lib/test/auto/ThrowModelError.xml
----------------- Instantiating /home/travis/build/icyphy/ptII/ptolemy/actor/lib/test/auto/ThrowModelError.xml
1 ms. Memory: 1781248K Free: 385032K (22%)
----------------- Invoking toplevel() on ptolemy.moml.MoMLSimpleApplication@5ec08412
----------------- Done invoking toplevel() on ptolemy.moml.MoMLSimpleApplication@5ec08412
reloadAllAccessors: .ThrowModelError

===========================================================================================
----------------- testing Wed Aug 29 01:59:34 UTC 2018 /home/travis/build/icyphy/ptII/ptolemy/actor/lib/test/auto/TimeDelayMicrosteps.xml
----------------- Instantiating /home/travis/build/icyphy/ptII/ptolemy/actor/lib/test/auto/TimeDelayMicrosteps.xml
2 ms. Memory: 1781248K Free: 363941K (20%)
----------------- Invoking toplevel() on ptolemy.moml.MoMLSimpleApplication@5479337e
----------------- Done invoking toplevel() on ptolemy.moml.MoMLSimpleApplication@5479337e
reloadAllAccessors: .TimeDelayMicrosteps

===========================================================================================
----------------- testing Wed Aug 29 01:59:34 UTC 2018 /home/travis/build/icyphy/ptII/ptolemy/actor/lib/test/auto/TimeDelayMicrosteps2.xml
----------------- Instantiating /home/travis/build/icyphy/ptII/ptolemy/actor/lib/test/auto/TimeDelayMicrosteps2.xml
2 ms. Memory: 1781248K Free: 347281K (19%)
----------------- Invoking toplevel() on ptolemy.moml.MoMLSimpleApplication@c9d1bd1
----------------- Done invoking toplevel() on ptolemy.moml.MoMLSimpleApplication@c9d1bd1
reloadAllAccessors: .TimeDelayMicrosteps2

===========================================================================================
----------------- testing Wed Aug 29 01:59:34 UTC 2018 /home/travis/build/icyphy/ptII/ptolemy/actor/lib/test/auto/TimeDelayMicrosteps3.xml
----------------- Instantiating /home/travis/build/icyphy/ptII/ptolemy/actor/lib/test/auto/TimeDelayMicrosteps3.xml
3 ms. Memory: 1781248K Free: 326190K (18%)
----------------- Invoking toplevel() on ptolemy.moml.MoMLSimpleApplication@246828f5
----------------- Done invoking toplevel() on ptolemy.moml.MoMLSimpleApplication@246828f5
reloadAllAccessors: .TimeDelayMicrosteps3

===========================================================================================
----------------- testing Wed Aug 29 01:59:34 UTC 2018 /home/travis/build/icyphy/ptII/ptolemy/actor/lib/test/auto/TimeDelayVariableMicrosteps.xml
----------------- Instantiating /home/travis/build/icyphy/ptII/ptolemy/actor/lib/test/auto/TimeDelayVariableMicrosteps.xml
2 ms. Memory: 1781248K Free: 309530K (17%)
----------------- Invoking toplevel() on ptolemy.moml.MoMLSimpleApplication@3baf7583
----------------- Done invoking toplevel() on ptolemy.moml.MoMLSimpleApplication@3baf7583
reloadAllAccessors: .TimeDelayVariableMicrosteps

===========================================================================================
----------------- testing Wed Aug 29 01:59:34 UTC 2018 /home/travis/build/icyphy/ptII/ptolemy/actor/lib/test/auto/TimeGap.xml
----------------- Instantiating /home/travis/build/icyphy/ptII/ptolemy/actor/lib/test/auto/TimeGap.xml
1 ms. Memory: 1781248K Free: 288439K (16%)
----------------- Invoking toplevel() on ptolemy.moml.MoMLSimpleApplication@4137acd4
----------------- Done invoking toplevel() on ptolemy.moml.MoMLSimpleApplication@4137acd4
reloadAllAccessors: .TimeGap

===========================================================================================
----------------- testing Wed Aug 29 01:59:34 UTC 2018 /home/travis/build/icyphy/ptII/ptolemy/actor/lib/test/auto/TimeGap2.xml
----------------- Instantiating /home/travis/build/icyphy/ptII/ptolemy/actor/lib/test/auto/TimeGap2.xml
2 ms. Memory: 1781248K Free: 271778K (15%)
----------------- Invoking toplevel() on ptolemy.moml.MoMLSimpleApplication@84d268d
----------------- Done invoking toplevel() on ptolemy.moml.MoMLSimpleApplication@84d268d
reloadAllAccessors: .TimeGap2

===========================================================================================
----------------- testing Wed Aug 29 01:59:34 UTC 2018 /home/travis/build/icyphy/ptII/ptolemy/actor/lib/test/auto/TimedSinewave.xml
----------------- Instantiating /home/travis/build/icyphy/ptII/ptolemy/actor/lib/test/auto/TimedSinewave.xml
12 ms. Memory: 1781248K Free: 242342K (14%)
----------------- Invoking toplevel() on ptolemy.moml.MoMLSimpleApplication@149bc911
----------------- Done invoking toplevel() on ptolemy.moml.MoMLSimpleApplication@149bc911
reloadAllAccessors: .TimedSinewave

===========================================================================================
----------------- testing Wed Aug 29 01:59:34 UTC 2018 /home/travis/build/icyphy/ptII/ptolemy/actor/lib/test/auto/TimedSinewavePhase.xml
----------------- Instantiating /home/travis/build/icyphy/ptII/ptolemy/actor/lib/test/auto/TimedSinewavePhase.xml
9 ms. Memory: 1781248K Free: 221251K (12%)
----------------- Invoking toplevel() on ptolemy.moml.MoMLSimpleApplication@3c0f66e6
----------------- Done invoking toplevel() on ptolemy.moml.MoMLSimpleApplication@3c0f66e6
reloadAllAccessors: .TimedSinewavePhase

===========================================================================================
----------------- testing Wed Aug 29 01:59:35 UTC 2018 /home/travis/build/icyphy/ptII/ptolemy/actor/lib/test/auto/Timer.xml
----------------- Instantiating /home/travis/build/icyphy/ptII/ptolemy/actor/lib/test/auto/Timer.xml
2 ms. Memory: 1781248K Free: 204590K (11%)
----------------- Invoking toplevel() on ptolemy.moml.MoMLSimpleApplication@ed22d61
----------------- Done invoking toplevel() on ptolemy.moml.MoMLSimpleApplication@ed22d61
reloadAllAccessors: .Timer

===========================================================================================
----------------- testing Wed Aug 29 01:59:35 UTC 2018 /home/travis/build/icyphy/ptII/ptolemy/actor/lib/test/auto/TriangularDistTestModel.xml
----------------- Instantiating /home/travis/build/icyphy/ptII/ptolemy/actor/lib/test/auto/TriangularDistTestModel.xml
1 ms. Memory: 1781248K Free: 183500K (10%)
----------------- Invoking toplevel() on ptolemy.moml.MoMLSimpleApplication@36888bee
----------------- Done invoking toplevel() on ptolemy.moml.MoMLSimpleApplication@36888bee
reloadAllAccessors: .TriangularDistTestModel

===========================================================================================
----------------- testing Wed Aug 29 01:59:35 UTC 2018 /home/travis/build/icyphy/ptII/ptolemy/actor/lib/test/auto/TrigFunction.xml
----------------- Instantiating /home/travis/build/icyphy/ptII/ptolemy/actor/lib/test/auto/TrigFunction.xml
3 ms. Memory: 1781248K Free: 166839K (9%)
----------------- Invoking toplevel() on ptolemy.moml.MoMLSimpleApplication@15553e5a
----------------- Done invoking toplevel() on ptolemy.moml.MoMLSimpleApplication@15553e5a
reloadAllAccessors: .TrigFunction

===========================================================================================
----------------- testing Wed Aug 29 01:59:35 UTC 2018 /home/travis/build/icyphy/ptII/ptolemy/actor/lib/test/auto/TrigFunctionDE.xml
----------------- Instantiating /home/travis/build/icyphy/ptII/ptolemy/actor/lib/test/auto/TrigFunctionDE.xml
2 ms. Memory: 1781248K Free: 145748K (8%)
----------------- Invoking toplevel() on ptolemy.moml.MoMLSimpleApplication@435bc8e
----------------- Done invoking toplevel() on ptolemy.moml.MoMLSimpleApplication@435bc8e
reloadAllAccessors: .TrigFunctionDE

===========================================================================================
----------------- testing Wed Aug 29 01:59:35 UTC 2018 /home/travis/build/icyphy/ptII/ptolemy/actor/lib/test/auto/TrigFunctionInverse.xml
----------------- Instantiating /home/travis/build/icyphy/ptII/ptolemy/actor/lib/test/auto/TrigFunctionInverse.xml
2 ms. Memory: 1781248K Free: 129088K (7%)
----------------- Invoking toplevel() on ptolemy.moml.MoMLSimpleApplication@30c7f7e8
----------------- Done invoking toplevel() on ptolemy.moml.MoMLSimpleApplication@30c7f7e8
reloadAllAccessors: .TrigFunctionInverse

===========================================================================================
----------------- testing Wed Aug 29 01:59:35 UTC 2018 /home/travis/build/icyphy/ptII/ptolemy/actor/lib/test/auto/TrigFunctionTan.xml
----------------- Instantiating /home/travis/build/icyphy/ptII/ptolemy/actor/lib/test/auto/TrigFunctionTan.xml
1 ms. Memory: 1781248K Free: 107997K (6%)
----------------- Invoking toplevel() on ptolemy.moml.MoMLSimpleApplication@6f699cb3
----------------- Done invoking toplevel() on ptolemy.moml.MoMLSimpleApplication@6f699cb3
reloadAllAccessors: .TrigFunctionTan

===========================================================================================
----------------- testing Wed Aug 29 01:59:35 UTC 2018 /home/travis/build/icyphy/ptII/ptolemy/actor/lib/test/auto/TriggeredClock.xml
----------------- Instantiating /home/travis/build/icyphy/ptII/ptolemy/actor/lib/test/auto/TriggeredClock.xml
2 ms. Memory: 1781248K Free: 86906K (5%)
----------------- Invoking toplevel() on ptolemy.moml.MoMLSimpleApplication@4f43f476
----------------- Done invoking toplevel() on ptolemy.moml.MoMLSimpleApplication@4f43f476
reloadAllAccessors: .TriggeredClock

===========================================================================================
----------------- testing Wed Aug 29 01:59:35 UTC 2018 /home/travis/build/icyphy/ptII/ptolemy/actor/lib/test/auto/URLDirectoryReader.xml
----------------- Instantiating /home/travis/build/icyphy/ptII/ptolemy/actor/lib/test/auto/URLDirectoryReader.xml
50 ms. Memory: 1782272K Free: 1737946K (98%)
----------------- Invoking toplevel() on ptolemy.moml.MoMLSimpleApplication@beef693
----------------- Done invoking toplevel() on ptolemy.moml.MoMLSimpleApplication@beef693
reloadAllAccessors: .URLDirectoryReader

===========================================================================================
----------------- testing Wed Aug 29 01:59:35 UTC 2018 /home/travis/build/icyphy/ptII/ptolemy/actor/lib/test/auto/URLDirectoryReader3.xml
----------------- Instantiating /home/travis/build/icyphy/ptII/ptolemy/actor/lib/test/auto/URLDirectoryReader3.xml
1291 ms. Memory: 1782272K Free: 1662942K (93%)
----------------- Invoking toplevel() on ptolemy.moml.MoMLSimpleApplication@39a03eab
----------------- Done invoking toplevel() on ptolemy.moml.MoMLSimpleApplication@39a03eab
reloadAllAccessors: .URLDirectoryReader3

===========================================================================================
----------------- testing Wed Aug 29 01:59:36 UTC 2018 /home/travis/build/icyphy/ptII/ptolemy/actor/lib/test/auto/UnaryMathFunction.xml
----------------- Instantiating /home/travis/build/icyphy/ptII/ptolemy/actor/lib/test/auto/UnaryMathFunction.xml
2 ms. Memory: 1782272K Free: 1642124K (92%)
----------------- Invoking toplevel() on ptolemy.moml.MoMLSimpleApplication@55a0eb8f
----------------- Done invoking toplevel() on ptolemy.moml.MoMLSimpleApplication@55a0eb8f
reloadAllAccessors: .UnaryMathFunction

===========================================================================================
----------------- testing Wed Aug 29 01:59:36 UTC 2018 /home/travis/build/icyphy/ptII/ptolemy/actor/lib/test/auto/Uniform.xml
----------------- Instantiating /home/travis/build/icyphy/ptII/ptolemy/actor/lib/test/auto/Uniform.xml
1 ms. Memory: 1782272K Free: 1625463K (91%)
----------------- Invoking toplevel() on ptolemy.moml.MoMLSimpleApplication@899d8a6
----------------- Done invoking toplevel() on ptolemy.moml.MoMLSimpleApplication@899d8a6
reloadAllAccessors: .Uniform

===========================================================================================
----------------- testing Wed Aug 29 01:59:36 UTC 2018 /home/travis/build/icyphy/ptII/ptolemy/actor/lib/test/auto/UnionDisassemblerTest.xml
----------------- Instantiating /home/travis/build/icyphy/ptII/ptolemy/actor/lib/test/auto/UnionDisassemblerTest.xml
6 ms. Memory: 1782272K Free: 1604645K (90%)
----------------- Invoking toplevel() on ptolemy.moml.MoMLSimpleApplication@79da14a
----------------- Done invoking toplevel() on ptolemy.moml.MoMLSimpleApplication@79da14a
reloadAllAccessors: .UnionDisassemblerTest

===========================================================================================
----------------- testing Wed Aug 29 01:59:36 UTC 2018 /home/travis/build/icyphy/ptII/ptolemy/actor/lib/test/auto/UtilityFunctions.xml
----------------- Instantiating /home/travis/build/icyphy/ptII/ptolemy/actor/lib/test/auto/UtilityFunctions.xml
1 ms. Memory: 1782272K Free: 1583827K (89%)
----------------- Invoking toplevel() on ptolemy.moml.MoMLSimpleApplication@61f399b0
----------------- Done invoking toplevel() on ptolemy.moml.MoMLSimpleApplication@61f399b0
reloadAllAccessors: .UtilityFunctions

===========================================================================================
----------------- testing Wed Aug 29 01:59:36 UTC 2018 /home/travis/build/icyphy/ptII/ptolemy/actor/lib/test/auto/VariableSleep.xml
----------------- Instantiating /home/travis/build/icyphy/ptII/ptolemy/actor/lib/test/auto/VariableSleep.xml
502 ms. Memory: 1782272K Free: 1567167K (88%)
----------------- Invoking toplevel() on ptolemy.moml.MoMLSimpleApplication@1ab4629d
----------------- Done invoking toplevel() on ptolemy.moml.MoMLSimpleApplication@1ab4629d
reloadAllAccessors: .VariableSleep

===========================================================================================
----------------- testing Wed Aug 29 01:59:37 UTC 2018 /home/travis/build/icyphy/ptII/ptolemy/actor/lib/test/auto/VectorAssemblerDisassemblerCT.xml
----------------- Instantiating /home/travis/build/icyphy/ptII/ptolemy/actor/lib/test/auto/VectorAssemblerDisassemblerCT.xml
67 ms. Memory: 1782272K Free: 1529673K (86%)
----------------- Invoking toplevel() on ptolemy.moml.MoMLSimpleApplication@786d38f4
----------------- Done invoking toplevel() on ptolemy.moml.MoMLSimpleApplication@786d38f4
reloadAllAccessors: .VectorAssemblerDisassemblerCT

===========================================================================================
----------------- testing Wed Aug 29 01:59:37 UTC 2018 /home/travis/build/icyphy/ptII/ptolemy/actor/lib/test/auto/VectorAssemblerDisassemblerDE.xml
----------------- Instantiating /home/travis/build/icyphy/ptII/ptolemy/actor/lib/test/auto/VectorAssemblerDisassemblerDE.xml
2 ms. Memory: 1782272K Free: 1513012K (85%)
----------------- Invoking toplevel() on ptolemy.moml.MoMLSimpleApplication@aeea8b7
----------------- Done invoking toplevel() on ptolemy.moml.MoMLSimpleApplication@aeea8b7
reloadAllAccessors: .VectorAssemblerDisassemblerDE

===========================================================================================
----------------- testing Wed Aug 29 01:59:37 UTC 2018 /home/travis/build/icyphy/ptII/ptolemy/actor/lib/test/auto/VectorAssemblerDisassemblerSDF.xml
----------------- Instantiating /home/travis/build/icyphy/ptII/ptolemy/actor/lib/test/auto/VectorAssemblerDisassemblerSDF.xml
2 ms. Memory: 1782272K Free: 1492194K (84%)
----------------- Invoking toplevel() on ptolemy.moml.MoMLSimpleApplication@24916a3e
----------------- Done invoking toplevel() on ptolemy.moml.MoMLSimpleApplication@24916a3e
reloadAllAccessors: .VectorAssemblerDisassemblerSDF

===========================================================================================
----------------- testing Wed Aug 29 01:59:37 UTC 2018 /home/travis/build/icyphy/ptII/ptolemy/actor/lib/test/auto/WallClockTime.xml
----------------- Instantiating /home/travis/build/icyphy/ptII/ptolemy/actor/lib/test/auto/WallClockTime.xml
1004 ms. Memory: 1782272K Free: 1471376K (83%)
----------------- Invoking toplevel() on ptolemy.moml.MoMLSimpleApplication@72c2650f
----------------- Done invoking toplevel() on ptolemy.moml.MoMLSimpleApplication@72c2650f
reloadAllAccessors: .WallClockTime

===========================================================================================
----------------- testing Wed Aug 29 01:59:38 UTC 2018 /home/travis/build/icyphy/ptII/ptolemy/actor/lib/test/auto/WidthTestWithSubscriberPublisher.xml
----------------- Instantiating /home/travis/build/icyphy/ptII/ptolemy/actor/lib/test/auto/WidthTestWithSubscriberPublisher.xml
7 ms. Memory: 1782272K Free: 1446386K (81%)
----------------- Invoking toplevel() on ptolemy.moml.MoMLSimpleApplication@14b7882f
----------------- Done invoking toplevel() on ptolemy.moml.MoMLSimpleApplication@14b7882f
reloadAllAccessors: .WidthTestWithSubscriberPublisher

===========================================================================================
----------------- testing Wed Aug 29 01:59:38 UTC 2018 /home/travis/build/icyphy/ptII/ptolemy/actor/lib/test/auto/WidthTestWithSubscriberPublisher2.xml
----------------- Instantiating /home/travis/build/icyphy/ptII/ptolemy/actor/lib/test/auto/WidthTestWithSubscriberPublisher2.xml
2 ms. Memory: 1782272K Free: 1425568K (80%)
----------------- Invoking toplevel() on ptolemy.moml.MoMLSimpleApplication@3e11c307
----------------- Done invoking toplevel() on ptolemy.moml.MoMLSimpleApplication@3e11c307
reloadAllAccessors: .WidthTestWithSubscriberPublisher2

===========================================================================================
----------------- testing Wed Aug 29 01:59:38 UTC 2018 /home/travis/build/icyphy/ptII/ptolemy/actor/lib/test/auto/WidthTestWithSubscriberPublisher3.xml
----------------- Instantiating /home/travis/build/icyphy/ptII/ptolemy/actor/lib/test/auto/WidthTestWithSubscriberPublisher3.xml
1 ms. Memory: 1782272K Free: 1408907K (79%)
----------------- Invoking toplevel() on ptolemy.moml.MoMLSimpleApplication@18ef042
----------------- Done invoking toplevel() on ptolemy.moml.MoMLSimpleApplication@18ef042
reloadAllAccessors: .WidthTestWithSubscriberPublisher3

===========================================================================================
----------------- testing Wed Aug 29 01:59:38 UTC 2018 /home/travis/build/icyphy/ptII/ptolemy/actor/lib/test/auto/Writer.xml
----------------- Instantiating /home/travis/build/icyphy/ptII/ptolemy/actor/lib/test/auto/Writer.xml
0
1
2
3
4
2 ms. Memory: 1782272K Free: 1388089K (78%)
----------------- Invoking toplevel() on ptolemy.moml.MoMLSimpleApplication@1497cff7
----------------- Done invoking toplevel() on ptolemy.moml.MoMLSimpleApplication@1497cff7
reloadAllAccessors: .Writer

===========================================================================================
----------------- testing Wed Aug 29 01:59:38 UTC 2018 /home/travis/build/icyphy/ptII/ptolemy/actor/lib/test/auto/array.xml
----------------- Instantiating /home/travis/build/icyphy/ptII/ptolemy/actor/lib/test/auto/array.xml
2 ms. Memory: 1782272K Free: 1367271K (77%)
----------------- Invoking toplevel() on ptolemy.moml.MoMLSimpleApplication@34374bca
----------------- Done invoking toplevel() on ptolemy.moml.MoMLSimpleApplication@34374bca
reloadAllAccessors: .array

===========================================================================================
----------------- testing Wed Aug 29 01:59:38 UTC 2018 /home/travis/build/icyphy/ptII/ptolemy/actor/lib/test/auto/array2.xml
----------------- Instantiating /home/travis/build/icyphy/ptII/ptolemy/actor/lib/test/auto/array2.xml
2 ms. Memory: 1782272K Free: 1350611K (76%)
----------------- Invoking toplevel() on ptolemy.moml.MoMLSimpleApplication@4d2dd61f
----------------- Done invoking toplevel() on ptolemy.moml.MoMLSimpleApplication@4d2dd61f
reloadAllAccessors: .array2

===========================================================================================
----------------- testing Wed Aug 29 01:59:38 UTC 2018 /home/travis/build/icyphy/ptII/ptolemy/actor/lib/test/auto/arrayType.xml
----------------- Instantiating /home/travis/build/icyphy/ptII/ptolemy/actor/lib/test/auto/arrayType.xml
1 ms. Memory: 1782272K Free: 1329793K (75%)
----------------- Invoking toplevel() on ptolemy.moml.MoMLSimpleApplication@7d0af099
----------------- Done invoking toplevel() on ptolemy.moml.MoMLSimpleApplication@7d0af099
reloadAllAccessors: .arrayType

===========================================================================================
----------------- testing Wed Aug 29 01:59:38 UTC 2018 /home/travis/build/icyphy/ptII/ptolemy/actor/lib/test/auto/arrayType10.xml
----------------- Instantiating /home/travis/build/icyphy/ptII/ptolemy/actor/lib/test/auto/arrayType10.xml
1 ms. Memory: 1782272K Free: 1313132K (74%)
----------------- Invoking toplevel() on ptolemy.moml.MoMLSimpleApplication@85eb335
----------------- Done invoking toplevel() on ptolemy.moml.MoMLSimpleApplication@85eb335
reloadAllAccessors: .arrayType10

===========================================================================================
----------------- testing Wed Aug 29 01:59:38 UTC 2018 /home/travis/build/icyphy/ptII/ptolemy/actor/lib/test/auto/arrayType11.xml
----------------- Instantiating /home/travis/build/icyphy/ptII/ptolemy/actor/lib/test/auto/arrayType11.xml
2 ms. Memory: 1782272K Free: 1292314K (73%)
----------------- Invoking toplevel() on ptolemy.moml.MoMLSimpleApplication@6ddade7c
----------------- Done invoking toplevel() on ptolemy.moml.MoMLSimpleApplication@6ddade7c
reloadAllAccessors: .arrayType11

===========================================================================================
----------------- testing Wed Aug 29 01:59:38 UTC 2018 /home/travis/build/icyphy/ptII/ptolemy/actor/lib/test/auto/arrayType12.xml
----------------- Instantiating /home/travis/build/icyphy/ptII/ptolemy/actor/lib/test/auto/arrayType12.xml
1 ms. Memory: 1782272K Free: 1271496K (71%)
----------------- Invoking toplevel() on ptolemy.moml.MoMLSimpleApplication@18163416
----------------- Done invoking toplevel() on ptolemy.moml.MoMLSimpleApplication@18163416
reloadAllAccessors: .arrayType12

===========================================================================================
----------------- testing Wed Aug 29 01:59:38 UTC 2018 /home/travis/build/icyphy/ptII/ptolemy/actor/lib/test/auto/arrayType13.xml
----------------- Instantiating /home/travis/build/icyphy/ptII/ptolemy/actor/lib/test/auto/arrayType13.xml
1 ms. Memory: 1782272K Free: 1254836K (70%)
----------------- Invoking toplevel() on ptolemy.moml.MoMLSimpleApplication@5be4bea7
----------------- Done invoking toplevel() on ptolemy.moml.MoMLSimpleApplication@5be4bea7
reloadAllAccessors: .arrayType13

===========================================================================================
----------------- testing Wed Aug 29 01:59:38 UTC 2018 /home/travis/build/icyphy/ptII/ptolemy/actor/lib/test/auto/arrayType14.xml
----------------- Instantiating /home/travis/build/icyphy/ptII/ptolemy/actor/lib/test/auto/arrayType14.xml
1 ms. Memory: 1782272K Free: 1234018K (69%)
----------------- Invoking toplevel() on ptolemy.moml.MoMLSimpleApplication@243c67a8
----------------- Done invoking toplevel() on ptolemy.moml.MoMLSimpleApplication@243c67a8
reloadAllAccessors: .arrayType14

===========================================================================================
----------------- testing Wed Aug 29 01:59:38 UTC 2018 /home/travis/build/icyphy/ptII/ptolemy/actor/lib/test/auto/arrayType15.xml
----------------- Instantiating /home/travis/build/icyphy/ptII/ptolemy/actor/lib/test/auto/arrayType15.xml
3 ms. Memory: 1782272K Free: 1217357K (68%)
----------------- Invoking toplevel() on ptolemy.moml.MoMLSimpleApplication@42e01475
----------------- Done invoking toplevel() on ptolemy.moml.MoMLSimpleApplication@42e01475
reloadAllAccessors: .arrayType15

===========================================================================================
----------------- testing Wed Aug 29 01:59:38 UTC 2018 /home/travis/build/icyphy/ptII/ptolemy/actor/lib/test/auto/arrayType16.xml
----------------- Instantiating /home/travis/build/icyphy/ptII/ptolemy/actor/lib/test/auto/arrayType16.xml
2 ms. Memory: 1782272K Free: 1196539K (67%)
----------------- Invoking toplevel() on ptolemy.moml.MoMLSimpleApplication@20174ce3
----------------- Done invoking toplevel() on ptolemy.moml.MoMLSimpleApplication@20174ce3
reloadAllAccessors: .arrayType16

===========================================================================================
----------------- testing Wed Aug 29 01:59:38 UTC 2018 /home/travis/build/icyphy/ptII/ptolemy/actor/lib/test/auto/arrayType17.xml
----------------- Instantiating /home/travis/build/icyphy/ptII/ptolemy/actor/lib/test/auto/arrayType17.xml
2 ms. Memory: 1782272K Free: 1175721K (66%)
----------------- Invoking toplevel() on ptolemy.moml.MoMLSimpleApplication@1147eaad
----------------- Done invoking toplevel() on ptolemy.moml.MoMLSimpleApplication@1147eaad
reloadAllAccessors: .arrayType17

===========================================================================================
----------------- testing Wed Aug 29 01:59:38 UTC 2018 /home/travis/build/icyphy/ptII/ptolemy/actor/lib/test/auto/arrayType18.xml
----------------- Instantiating /home/travis/build/icyphy/ptII/ptolemy/actor/lib/test/auto/arrayType18.xml
1 ms. Memory: 1782272K Free: 1159061K (65%)
----------------- Invoking toplevel() on ptolemy.moml.MoMLSimpleApplication@66089833
----------------- Done invoking toplevel() on ptolemy.moml.MoMLSimpleApplication@66089833
reloadAllAccessors: .arrayType18

===========================================================================================
----------------- testing Wed Aug 29 01:59:38 UTC 2018 /home/travis/build/icyphy/ptII/ptolemy/actor/lib/test/auto/arrayType19.xml
----------------- Instantiating /home/travis/build/icyphy/ptII/ptolemy/actor/lib/test/auto/arrayType19.xml
2 ms. Memory: 1782272K Free: 1138243K (64%)
----------------- Invoking toplevel() on ptolemy.moml.MoMLSimpleApplication@56266c8c
----------------- Done invoking toplevel() on ptolemy.moml.MoMLSimpleApplication@56266c8c
reloadAllAccessors: .arrayType19

===========================================================================================
----------------- testing Wed Aug 29 01:59:38 UTC 2018 /home/travis/build/icyphy/ptII/ptolemy/actor/lib/test/auto/arrayType2.xml
----------------- Instantiating /home/travis/build/icyphy/ptII/ptolemy/actor/lib/test/auto/arrayType2.xml
1 ms. Memory: 1782272K Free: 1117425K (63%)
----------------- Invoking toplevel() on ptolemy.moml.MoMLSimpleApplication@441bbaaf
----------------- Done invoking toplevel() on ptolemy.moml.MoMLSimpleApplication@441bbaaf
reloadAllAccessors: .arrayType2

===========================================================================================
----------------- testing Wed Aug 29 01:59:38 UTC 2018 /home/travis/build/icyphy/ptII/ptolemy/actor/lib/test/auto/arrayType20.xml
----------------- Instantiating /home/travis/build/icyphy/ptII/ptolemy/actor/lib/test/auto/arrayType20.xml
2 ms. Memory: 1782272K Free: 1100764K (62%)
----------------- Invoking toplevel() on ptolemy.moml.MoMLSimpleApplication@41a13f26
----------------- Done invoking toplevel() on ptolemy.moml.MoMLSimpleApplication@41a13f26
reloadAllAccessors: .arrayType20

===========================================================================================
----------------- testing Wed Aug 29 01:59:38 UTC 2018 /home/travis/build/icyphy/ptII/ptolemy/actor/lib/test/auto/arrayType21.xml
----------------- Instantiating /home/travis/build/icyphy/ptII/ptolemy/actor/lib/test/auto/arrayType21.xml
1 ms. Memory: 1782272K Free: 1079946K (61%)
----------------- Invoking toplevel() on ptolemy.moml.MoMLSimpleApplication@d29f91b
----------------- Done invoking toplevel() on ptolemy.moml.MoMLSimpleApplication@d29f91b
reloadAllAccessors: .arrayType21

===========================================================================================
----------------- testing Wed Aug 29 01:59:38 UTC 2018 /home/travis/build/icyphy/ptII/ptolemy/actor/lib/test/auto/arrayType22.xml
----------------- Instantiating /home/travis/build/icyphy/ptII/ptolemy/actor/lib/test/auto/arrayType22.xml
2 ms. Memory: 1782272K Free: 1063286K (60%)
----------------- Invoking toplevel() on ptolemy.moml.MoMLSimpleApplication@1a6a83fd
----------------- Done invoking toplevel() on ptolemy.moml.MoMLSimpleApplication@1a6a83fd
reloadAllAccessors: .arrayType22

===========================================================================================
----------------- testing Wed Aug 29 01:59:38 UTC 2018 /home/travis/build/icyphy/ptII/ptolemy/actor/lib/test/auto/arrayType23.xml
----------------- Instantiating /home/travis/build/icyphy/ptII/ptolemy/actor/lib/test/auto/arrayType23.xml
1 ms. Memory: 1782272K Free: 1042468K (58%)
----------------- Invoking toplevel() on ptolemy.moml.MoMLSimpleApplication@762a992
----------------- Done invoking toplevel() on ptolemy.moml.MoMLSimpleApplication@762a992
reloadAllAccessors: .arrayType23

===========================================================================================
----------------- testing Wed Aug 29 01:59:38 UTC 2018 /home/travis/build/icyphy/ptII/ptolemy/actor/lib/test/auto/arrayType24.xml
----------------- Instantiating /home/travis/build/icyphy/ptII/ptolemy/actor/lib/test/auto/arrayType24.xml
1 ms. Memory: 1782272K Free: 1021650K (57%)
----------------- Invoking toplevel() on ptolemy.moml.MoMLSimpleApplication@5a799146
----------------- Done invoking toplevel() on ptolemy.moml.MoMLSimpleApplication@5a799146
reloadAllAccessors: .arrayType24

===========================================================================================
----------------- testing Wed Aug 29 01:59:38 UTC 2018 /home/travis/build/icyphy/ptII/ptolemy/actor/lib/test/auto/arrayType25.xml
----------------- Instantiating /home/travis/build/icyphy/ptII/ptolemy/actor/lib/test/auto/arrayType25.xml
1 ms. Memory: 1782272K Free: 1004990K (56%)
----------------- Invoking toplevel() on ptolemy.moml.MoMLSimpleApplication@37f7912a
----------------- Done invoking toplevel() on ptolemy.moml.MoMLSimpleApplication@37f7912a
reloadAllAccessors: .arrayType25

===========================================================================================
----------------- testing Wed Aug 29 01:59:38 UTC 2018 /home/travis/build/icyphy/ptII/ptolemy/actor/lib/test/auto/arrayType26.xml
----------------- Instantiating /home/travis/build/icyphy/ptII/ptolemy/actor/lib/test/auto/arrayType26.xml
1 ms. Memory: 1782272K Free: 984171K (55%)
----------------- Invoking toplevel() on ptolemy.moml.MoMLSimpleApplication@792ee066
----------------- Done invoking toplevel() on ptolemy.moml.MoMLSimpleApplication@792ee066
reloadAllAccessors: .arrayType26

===========================================================================================
----------------- testing Wed Aug 29 01:59:38 UTC 2018 /home/travis/build/icyphy/ptII/ptolemy/actor/lib/test/auto/arrayType27.xml
----------------- Instantiating /home/travis/build/icyphy/ptII/ptolemy/actor/lib/test/auto/arrayType27.xml
1 ms. Memory: 1782272K Free: 967511K (54%)
----------------- Invoking toplevel() on ptolemy.moml.MoMLSimpleApplication@d70fdcc
----------------- Done invoking toplevel() on ptolemy.moml.MoMLSimpleApplication@d70fdcc
reloadAllAccessors: .arrayType27

===========================================================================================
----------------- testing Wed Aug 29 01:59:38 UTC 2018 /home/travis/build/icyphy/ptII/ptolemy/actor/lib/test/auto/arrayType28.xml
----------------- Instantiating /home/travis/build/icyphy/ptII/ptolemy/actor/lib/test/auto/arrayType28.xml
2 ms. Memory: 1782272K Free: 946693K (53%)
----------------- Invoking toplevel() on ptolemy.moml.MoMLSimpleApplication@1d3d83a5
----------------- Done invoking toplevel() on ptolemy.moml.MoMLSimpleApplication@1d3d83a5
reloadAllAccessors: .arrayType28

===========================================================================================
----------------- testing Wed Aug 29 01:59:38 UTC 2018 /home/travis/build/icyphy/ptII/ptolemy/actor/lib/test/auto/arrayType3.xml
----------------- Instantiating /home/travis/build/icyphy/ptII/ptolemy/actor/lib/test/auto/arrayType3.xml
5 ms. Memory: 1782272K Free: 925875K (52%)
----------------- Invoking toplevel() on ptolemy.moml.MoMLSimpleApplication@3ba7e83f
----------------- Done invoking toplevel() on ptolemy.moml.MoMLSimpleApplication@3ba7e83f
reloadAllAccessors: .arrayType3

===========================================================================================
----------------- testing Wed Aug 29 01:59:38 UTC 2018 /home/travis/build/icyphy/ptII/ptolemy/actor/lib/test/auto/arrayType4.xml
----------------- Instantiating /home/travis/build/icyphy/ptII/ptolemy/actor/lib/test/auto/arrayType4.xml
2 ms. Memory: 1782272K Free: 909215K (51%)
----------------- Invoking toplevel() on ptolemy.moml.MoMLSimpleApplication@5d34e511
----------------- Done invoking toplevel() on ptolemy.moml.MoMLSimpleApplication@5d34e511
reloadAllAccessors: .arrayType4

===========================================================================================
----------------- testing Wed Aug 29 01:59:38 UTC 2018 /home/travis/build/icyphy/ptII/ptolemy/actor/lib/test/auto/arrayType5.xml
----------------- Instantiating /home/travis/build/icyphy/ptII/ptolemy/actor/lib/test/auto/arrayType5.xml
2 ms. Memory: 1782272K Free: 888397K (50%)
----------------- Invoking toplevel() on ptolemy.moml.MoMLSimpleApplication@4f17b73c
----------------- Done invoking toplevel() on ptolemy.moml.MoMLSimpleApplication@4f17b73c
reloadAllAccessors: .arrayType5

===========================================================================================
----------------- testing Wed Aug 29 01:59:39 UTC 2018 /home/travis/build/icyphy/ptII/ptolemy/actor/lib/test/auto/arrayType6.xml
----------------- Instantiating /home/travis/build/icyphy/ptII/ptolemy/actor/lib/test/auto/arrayType6.xml
2 ms. Memory: 1782272K Free: 867579K (49%)
----------------- Invoking toplevel() on ptolemy.moml.MoMLSimpleApplication@663416a2
----------------- Done invoking toplevel() on ptolemy.moml.MoMLSimpleApplication@663416a2
reloadAllAccessors: .arrayType6

===========================================================================================
----------------- testing Wed Aug 29 01:59:39 UTC 2018 /home/travis/build/icyphy/ptII/ptolemy/actor/lib/test/auto/arrayType7.xml
----------------- Instantiating /home/travis/build/icyphy/ptII/ptolemy/actor/lib/test/auto/arrayType7.xml
1 ms. Memory: 1782272K Free: 850918K (48%)
----------------- Invoking toplevel() on ptolemy.moml.MoMLSimpleApplication@519dc603
----------------- Done invoking toplevel() on ptolemy.moml.MoMLSimpleApplication@519dc603
reloadAllAccessors: .arrayType7

===========================================================================================
----------------- testing Wed Aug 29 01:59:39 UTC 2018 /home/travis/build/icyphy/ptII/ptolemy/actor/lib/test/auto/arrayType8.xml
----------------- Instantiating /home/travis/build/icyphy/ptII/ptolemy/actor/lib/test/auto/arrayType8.xml
1 ms. Memory: 1782272K Free: 830100K (47%)
----------------- Invoking toplevel() on ptolemy.moml.MoMLSimpleApplication@5b9c71d3
----------------- Done invoking toplevel() on ptolemy.moml.MoMLSimpleApplication@5b9c71d3
reloadAllAccessors: .arrayType8

===========================================================================================
----------------- testing Wed Aug 29 01:59:39 UTC 2018 /home/travis/build/icyphy/ptII/ptolemy/actor/lib/test/auto/arrayType9.xml
----------------- Instantiating /home/travis/build/icyphy/ptII/ptolemy/actor/lib/test/auto/arrayType9.xml
1 ms. Memory: 1782272K Free: 813440K (46%)
----------------- Invoking toplevel() on ptolemy.moml.MoMLSimpleApplication@31f09844
----------------- Done invoking toplevel() on ptolemy.moml.MoMLSimpleApplication@31f09844
reloadAllAccessors: .arrayType9

===========================================================================================
----------------- testing Wed Aug 29 01:59:39 UTC 2018 /home/travis/build/icyphy/ptII/ptolemy/actor/lib/test/auto/cast.xml
----------------- Instantiating /home/travis/build/icyphy/ptII/ptolemy/actor/lib/test/auto/cast.xml
1 ms. Memory: 1782272K Free: 792622K (44%)
----------------- Invoking toplevel() on ptolemy.moml.MoMLSimpleApplication@77e03ff8
----------------- Done invoking toplevel() on ptolemy.moml.MoMLSimpleApplication@77e03ff8
reloadAllAccessors: .cast

===========================================================================================
----------------- testing Wed Aug 29 01:59:39 UTC 2018 /home/travis/build/icyphy/ptII/ptolemy/actor/lib/test/auto/compositeMultiPort.xml
----------------- Instantiating /home/travis/build/icyphy/ptII/ptolemy/actor/lib/test/auto/compositeMultiPort.xml
3 ms. Memory: 1782272K Free: 771804K (43%)
----------------- Invoking toplevel() on ptolemy.moml.MoMLSimpleApplication@6b247b7b
----------------- Done invoking toplevel() on ptolemy.moml.MoMLSimpleApplication@6b247b7b
reloadAllAccessors: .compositeMultiPort

===========================================================================================
----------------- testing Wed Aug 29 01:59:39 UTC 2018 /home/travis/build/icyphy/ptII/ptolemy/actor/lib/test/auto/expressionCastInference.xml
----------------- Instantiating /home/travis/build/icyphy/ptII/ptolemy/actor/lib/test/auto/expressionCastInference.xml
5 ms. Memory: 1782272K Free: 755143K (42%)
----------------- Invoking toplevel() on ptolemy.moml.MoMLSimpleApplication@35f84118
----------------- Done invoking toplevel() on ptolemy.moml.MoMLSimpleApplication@35f84118
reloadAllAccessors: .expressionCastInference

===========================================================================================
----------------- testing Wed Aug 29 01:59:39 UTC 2018 /home/travis/build/icyphy/ptII/ptolemy/actor/lib/test/auto/expressionCastInference2.xml
----------------- Instantiating /home/travis/build/icyphy/ptII/ptolemy/actor/lib/test/auto/expressionCastInference2.xml
1 ms. Memory: 1782272K Free: 734325K (41%)
----------------- Invoking toplevel() on ptolemy.moml.MoMLSimpleApplication@4d054bd2
----------------- Done invoking toplevel() on ptolemy.moml.MoMLSimpleApplication@4d054bd2
reloadAllAccessors: .expressionCastInference2

===========================================================================================
----------------- testing Wed Aug 29 01:59:39 UTC 2018 /home/travis/build/icyphy/ptII/ptolemy/actor/lib/test/auto/expressionInference.xml
----------------- Instantiating /home/travis/build/icyphy/ptII/ptolemy/actor/lib/test/auto/expressionInference.xml
1 ms. Memory: 1782272K Free: 717665K (40%)
----------------- Invoking toplevel() on ptolemy.moml.MoMLSimpleApplication@25d646ca
----------------- Done invoking toplevel() on ptolemy.moml.MoMLSimpleApplication@25d646ca
reloadAllAccessors: .expressionInference

===========================================================================================
----------------- testing Wed Aug 29 01:59:39 UTC 2018 /home/travis/build/icyphy/ptII/ptolemy/actor/lib/test/auto/expression_bug.xml
----------------- Instantiating /home/travis/build/icyphy/ptII/ptolemy/actor/lib/test/auto/expression_bug.xml
1 ms. Memory: 1782272K Free: 696847K (39%)
----------------- Invoking toplevel() on ptolemy.moml.MoMLSimpleApplication@683e542e
----------------- Done invoking toplevel() on ptolemy.moml.MoMLSimpleApplication@683e542e
reloadAllAccessors: .expression_bug

===========================================================================================
----------------- testing Wed Aug 29 01:59:39 UTC 2018 /home/travis/build/icyphy/ptII/ptolemy/actor/lib/test/auto/factorial.xml
----------------- Instantiating /home/travis/build/icyphy/ptII/ptolemy/actor/lib/test/auto/factorial.xml
24 ms. Memory: 1782272K Free: 676029K (38%)
----------------- Invoking toplevel() on ptolemy.moml.MoMLSimpleApplication@b6ad13a
----------------- Done invoking toplevel() on ptolemy.moml.MoMLSimpleApplication@b6ad13a
reloadAllAccessors: .factorial

===========================================================================================
----------------- testing Wed Aug 29 01:59:39 UTC 2018 /home/travis/build/icyphy/ptII/ptolemy/actor/lib/test/auto/filterTest1.xml
----------------- Instantiating /home/travis/build/icyphy/ptII/ptolemy/actor/lib/test/auto/filterTest1.xml
3 ms. Memory: 1782272K Free: 659369K (37%)
----------------- Invoking toplevel() on ptolemy.moml.MoMLSimpleApplication@3ac47360
----------------- Done invoking toplevel() on ptolemy.moml.MoMLSimpleApplication@3ac47360
reloadAllAccessors: .filterTest1

===========================================================================================
----------------- testing Wed Aug 29 01:59:39 UTC 2018 /home/travis/build/icyphy/ptII/ptolemy/actor/lib/test/auto/funcApplyInConst.xml
----------------- Instantiating /home/travis/build/icyphy/ptII/ptolemy/actor/lib/test/auto/funcApplyInConst.xml
1 ms. Memory: 1782272K Free: 638551K (36%)
----------------- Invoking toplevel() on ptolemy.moml.MoMLSimpleApplication@19b2a33
----------------- Done invoking toplevel() on ptolemy.moml.MoMLSimpleApplication@19b2a33
reloadAllAccessors: .funcApplyInConst

===========================================================================================
----------------- testing Wed Aug 29 01:59:39 UTC 2018 /home/travis/build/icyphy/ptII/ptolemy/actor/lib/test/auto/funcApplyInExpr.xml
----------------- Instantiating /home/travis/build/icyphy/ptII/ptolemy/actor/lib/test/auto/funcApplyInExpr.xml
1 ms. Memory: 1782272K Free: 617733K (35%)
----------------- Invoking toplevel() on ptolemy.moml.MoMLSimpleApplication@5a102a26
----------------- Done invoking toplevel() on ptolemy.moml.MoMLSimpleApplication@5a102a26
reloadAllAccessors: .funcApplyInExpr

===========================================================================================
----------------- testing Wed Aug 29 01:59:39 UTC 2018 /home/travis/build/icyphy/ptII/ptolemy/actor/lib/test/auto/function.xml
----------------- Instantiating /home/travis/build/icyphy/ptII/ptolemy/actor/lib/test/auto/function.xml
2 ms. Memory: 1782272K Free: 601073K (34%)
----------------- Invoking toplevel() on ptolemy.moml.MoMLSimpleApplication@6b05a535
----------------- Done invoking toplevel() on ptolemy.moml.MoMLSimpleApplication@6b05a535
reloadAllAccessors: .function

===========================================================================================
----------------- testing Wed Aug 29 01:59:39 UTC 2018 /home/travis/build/icyphy/ptII/ptolemy/actor/lib/test/auto/function2.xml
----------------- Instantiating /home/travis/build/icyphy/ptII/ptolemy/actor/lib/test/auto/function2.xml
1 ms. Memory: 1782272K Free: 580254K (33%)
----------------- Invoking toplevel() on ptolemy.moml.MoMLSimpleApplication@3b6aa777
----------------- Done invoking toplevel() on ptolemy.moml.MoMLSimpleApplication@3b6aa777
reloadAllAccessors: .function2

===========================================================================================
----------------- testing Wed Aug 29 01:59:39 UTC 2018 /home/travis/build/icyphy/ptII/ptolemy/actor/lib/test/auto/function3.xml
----------------- Instantiating /home/travis/build/icyphy/ptII/ptolemy/actor/lib/test/auto/function3.xml
2 ms. Memory: 1782272K Free: 563594K (32%)
----------------- Invoking toplevel() on ptolemy.moml.MoMLSimpleApplication@37bce86f
----------------- Done invoking toplevel() on ptolemy.moml.MoMLSimpleApplication@37bce86f
reloadAllAccessors: .function3

===========================================================================================
----------------- testing Wed Aug 29 01:59:39 UTC 2018 /home/travis/build/icyphy/ptII/ptolemy/actor/lib/test/auto/functionClosureTest1.xml
----------------- Instantiating /home/travis/build/icyphy/ptII/ptolemy/actor/lib/test/auto/functionClosureTest1.xml
2 ms. Memory: 1782272K Free: 542776K (30%)
----------------- Invoking toplevel() on ptolemy.moml.MoMLSimpleApplication@3047154d
----------------- Done invoking toplevel() on ptolemy.moml.MoMLSimpleApplication@3047154d
reloadAllAccessors: .functionClosureTest1

===========================================================================================
----------------- testing Wed Aug 29 01:59:39 UTC 2018 /home/travis/build/icyphy/ptII/ptolemy/actor/lib/test/auto/functionClosureTest2.xml
----------------- Instantiating /home/travis/build/icyphy/ptII/ptolemy/actor/lib/test/auto/functionClosureTest2.xml
1 ms. Memory: 1782272K Free: 521958K (29%)
----------------- Invoking toplevel() on ptolemy.moml.MoMLSimpleApplication@1af728db
----------------- Done invoking toplevel() on ptolemy.moml.MoMLSimpleApplication@1af728db
reloadAllAccessors: .functionClosureTest2

===========================================================================================
----------------- testing Wed Aug 29 01:59:39 UTC 2018 /home/travis/build/icyphy/ptII/ptolemy/actor/lib/test/auto/functionClosureTest3.xml
----------------- Instantiating /home/travis/build/icyphy/ptII/ptolemy/actor/lib/test/auto/functionClosureTest3.xml
2 ms. Memory: 1782272K Free: 505297K (28%)
----------------- Invoking toplevel() on ptolemy.moml.MoMLSimpleApplication@56870e66
----------------- Done invoking toplevel() on ptolemy.moml.MoMLSimpleApplication@56870e66
reloadAllAccessors: .functionClosureTest3

===========================================================================================
----------------- testing Wed Aug 29 01:59:39 UTC 2018 /home/travis/build/icyphy/ptII/ptolemy/actor/lib/test/auto/functionClosureTest4.xml
----------------- Instantiating /home/travis/build/icyphy/ptII/ptolemy/actor/lib/test/auto/functionClosureTest4.xml
4 ms. Memory: 1782272K Free: 484480K (27%)
----------------- Invoking toplevel() on ptolemy.moml.MoMLSimpleApplication@26770a5b
----------------- Done invoking toplevel() on ptolemy.moml.MoMLSimpleApplication@26770a5b
reloadAllAccessors: .functionClosureTest4

===========================================================================================
----------------- testing Wed Aug 29 01:59:39 UTC 2018 /home/travis/build/icyphy/ptII/ptolemy/actor/lib/test/auto/functionClosureTest5.xml
----------------- Instantiating /home/travis/build/icyphy/ptII/ptolemy/actor/lib/test/auto/functionClosureTest5.xml
3 ms. Memory: 1782272K Free: 463662K (26%)
----------------- Invoking toplevel() on ptolemy.moml.MoMLSimpleApplication@5a994b0d
----------------- Done invoking toplevel() on ptolemy.moml.MoMLSimpleApplication@5a994b0d
reloadAllAccessors: .functionClosureTest5

===========================================================================================
----------------- testing Wed Aug 29 01:59:39 UTC 2018 /home/travis/build/icyphy/ptII/ptolemy/actor/lib/test/auto/functionClosureTest6.xml
----------------- Instantiating /home/travis/build/icyphy/ptII/ptolemy/actor/lib/test/auto/functionClosureTest6.xml
2 ms. Memory: 1782272K Free: 447001K (25%)
----------------- Invoking toplevel() on ptolemy.moml.MoMLSimpleApplication@27614856
----------------- Done invoking toplevel() on ptolemy.moml.MoMLSimpleApplication@27614856
reloadAllAccessors: .functionClosureTest6

===========================================================================================
----------------- testing Wed Aug 29 01:59:39 UTC 2018 /home/travis/build/icyphy/ptII/ptolemy/actor/lib/test/auto/functionsOnArcs.xml
----------------- Instantiating /home/travis/build/icyphy/ptII/ptolemy/actor/lib/test/auto/functionsOnArcs.xml
1 ms. Memory: 1782272K Free: 426183K (24%)
----------------- Invoking toplevel() on ptolemy.moml.MoMLSimpleApplication@4324be5c
----------------- Done invoking toplevel() on ptolemy.moml.MoMLSimpleApplication@4324be5c
reloadAllAccessors: .functionsOnArcs

===========================================================================================
----------------- testing Wed Aug 29 01:59:39 UTC 2018 /home/travis/build/icyphy/ptII/ptolemy/actor/lib/test/auto/functionsOnArcsHOF.xml
----------------- Instantiating /home/travis/build/icyphy/ptII/ptolemy/actor/lib/test/auto/functionsOnArcsHOF.xml
6 ms. Memory: 1782272K Free: 409523K (23%)
----------------- Invoking toplevel() on ptolemy.moml.MoMLSimpleApplication@3e851e0e
----------------- Done invoking toplevel() on ptolemy.moml.MoMLSimpleApplication@3e851e0e
reloadAllAccessors: .functionsOnArcsHOF

===========================================================================================
----------------- testing Wed Aug 29 01:59:39 UTC 2018 /home/travis/build/icyphy/ptII/ptolemy/actor/lib/test/auto/logic.xml
----------------- Instantiating /home/travis/build/icyphy/ptII/ptolemy/actor/lib/test/auto/logic.xml
2 ms. Memory: 1782272K Free: 388705K (22%)
----------------- Invoking toplevel() on ptolemy.moml.MoMLSimpleApplication@1220fa87
----------------- Done invoking toplevel() on ptolemy.moml.MoMLSimpleApplication@1220fa87
reloadAllAccessors: .logic

===========================================================================================
----------------- testing Wed Aug 29 01:59:39 UTC 2018 /home/travis/build/icyphy/ptII/ptolemy/actor/lib/test/auto/matrixType.xml
----------------- Instantiating /home/travis/build/icyphy/ptII/ptolemy/actor/lib/test/auto/matrixType.xml
2 ms. Memory: 1782272K Free: 367887K (21%)
----------------- Invoking toplevel() on ptolemy.moml.MoMLSimpleApplication@408500f1
----------------- Done invoking toplevel() on ptolemy.moml.MoMLSimpleApplication@408500f1
reloadAllAccessors: .matrixType

===========================================================================================
----------------- testing Wed Aug 29 01:59:39 UTC 2018 /home/travis/build/icyphy/ptII/ptolemy/actor/lib/test/auto/matrixType10.xml
----------------- Instantiating /home/travis/build/icyphy/ptII/ptolemy/actor/lib/test/auto/matrixType10.xml
2 ms. Memory: 1782272K Free: 351227K (20%)
----------------- Invoking toplevel() on ptolemy.moml.MoMLSimpleApplication@48b4176c
----------------- Done invoking toplevel() on ptolemy.moml.MoMLSimpleApplication@48b4176c
reloadAllAccessors: .matrixType10

===========================================================================================
----------------- testing Wed Aug 29 01:59:39 UTC 2018 /home/travis/build/icyphy/ptII/ptolemy/actor/lib/test/auto/matrixType11.xml
----------------- Instantiating /home/travis/build/icyphy/ptII/ptolemy/actor/lib/test/auto/matrixType11.xml
1 ms. Memory: 1782272K Free: 330409K (19%)
----------------- Invoking toplevel() on ptolemy.moml.MoMLSimpleApplication@6b3a2949
----------------- Done invoking toplevel() on ptolemy.moml.MoMLSimpleApplication@6b3a2949
reloadAllAccessors: .matrixType11

===========================================================================================
----------------- testing Wed Aug 29 01:59:39 UTC 2018 /home/travis/build/icyphy/ptII/ptolemy/actor/lib/test/auto/matrixType12.xml
----------------- Instantiating /home/travis/build/icyphy/ptII/ptolemy/actor/lib/test/auto/matrixType12.xml
1 ms. Memory: 1782272K Free: 309591K (17%)
----------------- Invoking toplevel() on ptolemy.moml.MoMLSimpleApplication@f488dee
----------------- Done invoking toplevel() on ptolemy.moml.MoMLSimpleApplication@f488dee
reloadAllAccessors: .matrixType12

===========================================================================================
----------------- testing Wed Aug 29 01:59:39 UTC 2018 /home/travis/build/icyphy/ptII/ptolemy/actor/lib/test/auto/matrixType13.xml
----------------- Instantiating /home/travis/build/icyphy/ptII/ptolemy/actor/lib/test/auto/matrixType13.xml
2 ms. Memory: 1782272K Free: 292931K (16%)
----------------- Invoking toplevel() on ptolemy.moml.MoMLSimpleApplication@52eaa3a1
----------------- Done invoking toplevel() on ptolemy.moml.MoMLSimpleApplication@52eaa3a1
reloadAllAccessors: .matrixType13

===========================================================================================
----------------- testing Wed Aug 29 01:59:39 UTC 2018 /home/travis/build/icyphy/ptII/ptolemy/actor/lib/test/auto/matrixType14.xml
----------------- Instantiating /home/travis/build/icyphy/ptII/ptolemy/actor/lib/test/auto/matrixType14.xml
1 ms. Memory: 1782272K Free: 272112K (15%)
----------------- Invoking toplevel() on ptolemy.moml.MoMLSimpleApplication@441f263a
----------------- Done invoking toplevel() on ptolemy.moml.MoMLSimpleApplication@441f263a
reloadAllAccessors: .matrixType14

===========================================================================================
----------------- testing Wed Aug 29 01:59:39 UTC 2018 /home/travis/build/icyphy/ptII/ptolemy/actor/lib/test/auto/matrixType2.xml
----------------- Instantiating /home/travis/build/icyphy/ptII/ptolemy/actor/lib/test/auto/matrixType2.xml
1 ms. Memory: 1782272K Free: 255452K (14%)
----------------- Invoking toplevel() on ptolemy.moml.MoMLSimpleApplication@7894ef34
----------------- Done invoking toplevel() on ptolemy.moml.MoMLSimpleApplication@7894ef34
reloadAllAccessors: .matrixType2

===========================================================================================
----------------- testing Wed Aug 29 01:59:39 UTC 2018 /home/travis/build/icyphy/ptII/ptolemy/actor/lib/test/auto/matrixType3.xml
----------------- Instantiating /home/travis/build/icyphy/ptII/ptolemy/actor/lib/test/auto/matrixType3.xml
4 ms. Memory: 1782272K Free: 234634K (13%)
----------------- Invoking toplevel() on ptolemy.moml.MoMLSimpleApplication@3977829f
----------------- Done invoking toplevel() on ptolemy.moml.MoMLSimpleApplication@3977829f
reloadAllAccessors: .matrixType3

===========================================================================================
----------------- testing Wed Aug 29 01:59:39 UTC 2018 /home/travis/build/icyphy/ptII/ptolemy/actor/lib/test/auto/matrixType4.xml
----------------- Instantiating /home/travis/build/icyphy/ptII/ptolemy/actor/lib/test/auto/matrixType4.xml
2 ms. Memory: 1782272K Free: 213816K (12%)
----------------- Invoking toplevel() on ptolemy.moml.MoMLSimpleApplication@2fd8b0e4
----------------- Done invoking toplevel() on ptolemy.moml.MoMLSimpleApplication@2fd8b0e4
reloadAllAccessors: .matrixType4

===========================================================================================
----------------- testing Wed Aug 29 01:59:39 UTC 2018 /home/travis/build/icyphy/ptII/ptolemy/actor/lib/test/auto/matrixType5.xml
----------------- Instantiating /home/travis/build/icyphy/ptII/ptolemy/actor/lib/test/auto/matrixType5.xml
1 ms. Memory: 1782272K Free: 197155K (11%)
----------------- Invoking toplevel() on ptolemy.moml.MoMLSimpleApplication@46c09561
----------------- Done invoking toplevel() on ptolemy.moml.MoMLSimpleApplication@46c09561
reloadAllAccessors: .matrixType5

===========================================================================================
----------------- testing Wed Aug 29 01:59:39 UTC 2018 /home/travis/build/icyphy/ptII/ptolemy/actor/lib/test/auto/matrixType6.xml
----------------- Instantiating /home/travis/build/icyphy/ptII/ptolemy/actor/lib/test/auto/matrixType6.xml
1 ms. Memory: 1782272K Free: 176338K (10%)
----------------- Invoking toplevel() on ptolemy.moml.MoMLSimpleApplication@1ee11ba5
----------------- Done invoking toplevel() on ptolemy.moml.MoMLSimpleApplication@1ee11ba5
reloadAllAccessors: .matrixType6

===========================================================================================
----------------- testing Wed Aug 29 01:59:39 UTC 2018 /home/travis/build/icyphy/ptII/ptolemy/actor/lib/test/auto/matrixType7.xml
----------------- Instantiating /home/travis/build/icyphy/ptII/ptolemy/actor/lib/test/auto/matrixType7.xml
2 ms. Memory: 1782272K Free: 155520K (9%)
----------------- Invoking toplevel() on ptolemy.moml.MoMLSimpleApplication@16e68bfc
----------------- Done invoking toplevel() on ptolemy.moml.MoMLSimpleApplication@16e68bfc
reloadAllAccessors: .matrixType7

===========================================================================================
----------------- testing Wed Aug 29 01:59:39 UTC 2018 /home/travis/build/icyphy/ptII/ptolemy/actor/lib/test/auto/matrixType8.xml
----------------- Instantiating /home/travis/build/icyphy/ptII/ptolemy/actor/lib/test/auto/matrixType8.xml
2 ms. Memory: 1782272K Free: 138859K (8%)
----------------- Invoking toplevel() on ptolemy.moml.MoMLSimpleApplication@1253b4a0
----------------- Done invoking toplevel() on ptolemy.moml.MoMLSimpleApplication@1253b4a0
reloadAllAccessors: .matrixType8

===========================================================================================
----------------- testing Wed Aug 29 01:59:39 UTC 2018 /home/travis/build/icyphy/ptII/ptolemy/actor/lib/test/auto/matrixType9.xml
----------------- Instantiating /home/travis/build/icyphy/ptII/ptolemy/actor/lib/test/auto/matrixType9.xml
1 ms. Memory: 1782272K Free: 118041K (7%)
----------------- Invoking toplevel() on ptolemy.moml.MoMLSimpleApplication@3b6e8c5e
----------------- Done invoking toplevel() on ptolemy.moml.MoMLSimpleApplication@3b6e8c5e
reloadAllAccessors: .matrixType9

===========================================================================================
----------------- testing Wed Aug 29 01:59:39 UTC 2018 /home/travis/build/icyphy/ptII/ptolemy/actor/lib/test/auto/paraFunctest.xml
----------------- Instantiating /home/travis/build/icyphy/ptII/ptolemy/actor/lib/test/auto/paraFunctest.xml
2 ms. Memory: 1782272K Free: 101381K (6%)
----------------- Invoking toplevel() on ptolemy.moml.MoMLSimpleApplication@2de38ddd
----------------- Done invoking toplevel() on ptolemy.moml.MoMLSimpleApplication@2de38ddd
reloadAllAccessors: .paraFunctest

===========================================================================================
----------------- testing Wed Aug 29 01:59:39 UTC 2018 /home/travis/build/icyphy/ptII/ptolemy/actor/lib/test/auto/paraFunctest2.xml
----------------- Instantiating /home/travis/build/icyphy/ptII/ptolemy/actor/lib/test/auto/paraFunctest2.xml
2 ms. Memory: 1782272K Free: 80563K (5%)
----------------- Invoking toplevel() on ptolemy.moml.MoMLSimpleApplication@2d4babac
----------------- Done invoking toplevel() on ptolemy.moml.MoMLSimpleApplication@2d4babac
reloadAllAccessors: .paraFunctest2

===========================================================================================
----------------- testing Wed Aug 29 01:59:39 UTC 2018 /home/travis/build/icyphy/ptII/ptolemy/actor/lib/test/auto/parameterPassing.xml
----------------- Instantiating /home/travis/build/icyphy/ptII/ptolemy/actor/lib/test/auto/parameterPassing.xml
1 ms. Memory: 1782784K Free: 1718783K (96%)
----------------- Invoking toplevel() on ptolemy.moml.MoMLSimpleApplication@b655bff
----------------- Done invoking toplevel() on ptolemy.moml.MoMLSimpleApplication@b655bff
reloadAllAccessors: .parameterPassing

===========================================================================================
----------------- testing Wed Aug 29 01:59:39 UTC 2018 /home/travis/build/icyphy/ptII/ptolemy/actor/lib/test/auto/record.xml
----------------- Instantiating /home/travis/build/icyphy/ptII/ptolemy/actor/lib/test/auto/record.xml
2 ms. Memory: 1782784K Free: 1697884K (95%)
----------------- Invoking toplevel() on ptolemy.moml.MoMLSimpleApplication@1bb194bc
----------------- Done invoking toplevel() on ptolemy.moml.MoMLSimpleApplication@1bb194bc
reloadAllAccessors: .record

===========================================================================================
----------------- testing Wed Aug 29 01:59:39 UTC 2018 /home/travis/build/icyphy/ptII/ptolemy/actor/lib/test/auto/sizedarray1.xml
----------------- Instantiating /home/travis/build/icyphy/ptII/ptolemy/actor/lib/test/auto/sizedarray1.xml
1 ms. Memory: 1782784K Free: 1676986K (94%)
----------------- Invoking toplevel() on ptolemy.moml.MoMLSimpleApplication@4ed0ea8
----------------- Done invoking toplevel() on ptolemy.moml.MoMLSimpleApplication@4ed0ea8
reloadAllAccessors: .sizedarray1

===========================================================================================
----------------- testing Wed Aug 29 01:59:39 UTC 2018 /home/travis/build/icyphy/ptII/ptolemy/actor/lib/test/auto/sizedarray2.xml
----------------- Instantiating /home/travis/build/icyphy/ptII/ptolemy/actor/lib/test/auto/sizedarray2.xml
2 ms. Memory: 1782784K Free: 1660300K (93%)
----------------- Invoking toplevel() on ptolemy.moml.MoMLSimpleApplication@1d56fe03
----------------- Done invoking toplevel() on ptolemy.moml.MoMLSimpleApplication@1d56fe03
reloadAllAccessors: .sizedarray2

===========================================================================================
----------------- testing Wed Aug 29 01:59:39 UTC 2018 /home/travis/build/icyphy/ptII/ptolemy/actor/lib/test/auto/twoPublishers.xml
----------------- Instantiating /home/travis/build/icyphy/ptII/ptolemy/actor/lib/test/auto/twoPublishers.xml
2 ms. Memory: 1782784K Free: 1639401K (92%)
----------------- Invoking toplevel() on ptolemy.moml.MoMLSimpleApplication@3472fef6
----------------- Done invoking toplevel() on ptolemy.moml.MoMLSimpleApplication@3472fef6
reloadAllAccessors: .twoPublishers
AutoTests.java: About to close Vertx.
AutoTests.java: Vertx closed.
]]></system-out>
  <system-err><![CDATA[java.lang.RuntimeException: Execution failed
	at ptolemy.moml.MoMLSimpleApplication$UnloadThread.run(MoMLSimpleApplication.java:402)
Caused by: java.lang.RuntimeException: Normally, we would exit here because Manager.exitAfterWrapup() was called.  However, because the ptolemy.ptII.exitAfterWrapup property is set, we throw this exception instead.
	at ptolemy.util.StringUtilities.exit(StringUtilities.java:363)
	at ptolemy.actor.Manager.wrapup(Manager.java:1531)
	at ptolemy.actor.Manager.execute(Manager.java:407)
	at ptolemy.actor.Manager.run(Manager.java:1263)
	at ptolemy.actor.Manager$PtolemyRunThread.run(Manager.java:1915)
Warning: '.top.test' is in training mode, set the trainingMode parameter to false before checking in
Warning: '.top.test' is in training mode, set the trainingMode parameter to false before checking in
Warning: '.top.test' is in training mode, set the trainingMode parameter to false before checking in
Warning: '.BooleanSwitch_RegressionTest_WrongTrainingValues.Test' is in training mode, set the trainingMode parameter to false before checking in
Warning: '.BooleanSwitch_RegressionTest_WrongTrainingValues.Test2' is in training mode, set the trainingMode parameter to false before checking in
Warning: '.BooleanSwitch_RegressionTest_WrongTrainingValues.Test2' The test produced 0 tokens.
Warning: '.top.testExceptionHandler' is in training mode, set the trainingMode parameter to false before checking in
java.lang.RuntimeException: Execution failed
	at ptolemy.moml.MoMLSimpleApplication$UnloadThread.run(MoMLSimpleApplication.java:402)
Caused by: ptolemy.kernel.util.IllegalActionException: PublisherPorts cannot be used at the top level, use a Publisher actor instead.
  in .PublisherPortToplevelSubscriber.PublisherPort
	at ptolemy.actor.PublisherPort.preinitialize(PublisherPort.java:403)
	at ptolemy.actor.CompositeActor.preinitialize(CompositeActor.java:1769)
	at ptolemy.actor.Manager.preinitializeAndResolveTypes(Manager.java:1040)
	at ptolemy.actor.Manager.initialize(Manager.java:710)
	at ptolemy.actor.Manager.execute(Manager.java:356)
	at ptolemy.actor.Manager.run(Manager.java:1263)
	at ptolemy.actor.Manager$PtolemyRunThread.run(Manager.java:1915)
java.lang.reflect.InvocationTargetException
	at sun.reflect.NativeConstructorAccessorImpl.newInstance0(Native Method)
	at sun.reflect.NativeConstructorAccessorImpl.newInstance(NativeConstructorAccessorImpl.java:62)
	at sun.reflect.DelegatingConstructorAccessorImpl.newInstance(DelegatingConstructorAccessorImpl.java:45)
	at java.lang.reflect.Constructor.newInstance(Constructor.java:423)
	at ptolemy.util.test.junit.AutoKnownFailedTests.RunModel(AutoKnownFailedTests.java:107)
	at sun.reflect.NativeMethodAccessorImpl.invoke0(Native Method)
	at sun.reflect.NativeMethodAccessorImpl.invoke(NativeMethodAccessorImpl.java:62)
	at sun.reflect.DelegatingMethodAccessorImpl.invoke(DelegatingMethodAccessorImpl.java:43)
	at java.lang.reflect.Method.invoke(Method.java:498)
	at org.junit.runners.model.FrameworkMethod$1.runReflectiveCall(FrameworkMethod.java:44)
	at org.junit.internal.runners.model.ReflectiveCallable.run(ReflectiveCallable.java:15)
	at org.junit.runners.model.FrameworkMethod.invokeExplosively(FrameworkMethod.java:41)
	at junitparams.internal.InvokeParameterisedMethod.evaluate(InvokeParameterisedMethod.java:102)
	at org.junit.internal.runners.statements.FailOnTimeout$1.run(FailOnTimeout.java:28)
Caused by: ptolemy.kernel.util.IllegalActionException: PublisherPorts cannot be used at the top level, use a Publisher actor instead.
  in .PublisherPortToplevelSubscriber.PublisherPort
	at ptolemy.actor.PublisherPort.preinitialize(PublisherPort.java:403)
	at ptolemy.actor.CompositeActor.preinitialize(CompositeActor.java:1769)
	at ptolemy.actor.Manager.preinitializeAndResolveTypes(Manager.java:1040)
	at ptolemy.actor.Manager.initialize(Manager.java:710)
	at ptolemy.actor.Manager.execute(Manager.java:356)
	at ptolemy.actor.Manager.run(Manager.java:1263)
	at ptolemy.actor.Manager$PtolemyRunThread.run(Manager.java:1915)
java.lang.RuntimeException: Execution failed
	at ptolemy.moml.MoMLSimpleApplication$UnloadThread.run(MoMLSimpleApplication.java:402)
Caused by: ptolemy.kernel.util.IllegalActionException: SubscriberPorts cannot be used at the top level, use a Subscriber actor instead.
  in .PublisherSubscriberPortToplevel.SubscriberPort
	at ptolemy.actor.SubscriberPort.preinitialize(SubscriberPort.java:328)
	at ptolemy.actor.CompositeActor.preinitialize(CompositeActor.java:1769)
	at ptolemy.actor.Manager.preinitializeAndResolveTypes(Manager.java:1040)
	at ptolemy.actor.Manager.initialize(Manager.java:710)
	at ptolemy.actor.Manager.execute(Manager.java:356)
	at ptolemy.actor.Manager.run(Manager.java:1263)
	at ptolemy.actor.Manager$PtolemyRunThread.run(Manager.java:1915)
java.lang.reflect.InvocationTargetException
	at sun.reflect.NativeConstructorAccessorImpl.newInstance0(Native Method)
	at sun.reflect.NativeConstructorAccessorImpl.newInstance(NativeConstructorAccessorImpl.java:62)
	at sun.reflect.DelegatingConstructorAccessorImpl.newInstance(DelegatingConstructorAccessorImpl.java:45)
	at java.lang.reflect.Constructor.newInstance(Constructor.java:423)
	at ptolemy.util.test.junit.AutoKnownFailedTests.RunModel(AutoKnownFailedTests.java:107)
	at sun.reflect.NativeMethodAccessorImpl.invoke0(Native Method)
	at sun.reflect.NativeMethodAccessorImpl.invoke(NativeMethodAccessorImpl.java:62)
	at sun.reflect.DelegatingMethodAccessorImpl.invoke(DelegatingMethodAccessorImpl.java:43)
	at java.lang.reflect.Method.invoke(Method.java:498)
	at org.junit.runners.model.FrameworkMethod$1.runReflectiveCall(FrameworkMethod.java:44)
	at org.junit.internal.runners.model.ReflectiveCallable.run(ReflectiveCallable.java:15)
	at org.junit.runners.model.FrameworkMethod.invokeExplosively(FrameworkMethod.java:41)
	at junitparams.internal.InvokeParameterisedMethod.evaluate(InvokeParameterisedMethod.java:102)
	at org.junit.internal.runners.statements.FailOnTimeout$1.run(FailOnTimeout.java:28)
Caused by: ptolemy.kernel.util.IllegalActionException: SubscriberPorts cannot be used at the top level, use a Subscriber actor instead.
  in .PublisherSubscriberPortToplevel.SubscriberPort
	at ptolemy.actor.SubscriberPort.preinitialize(SubscriberPort.java:328)
	at ptolemy.actor.CompositeActor.preinitialize(CompositeActor.java:1769)
	at ptolemy.actor.Manager.preinitializeAndResolveTypes(Manager.java:1040)
	at ptolemy.actor.Manager.initialize(Manager.java:710)
	at ptolemy.actor.Manager.execute(Manager.java:356)
	at ptolemy.actor.Manager.run(Manager.java:1263)
	at ptolemy.actor.Manager$PtolemyRunThread.run(Manager.java:1915)
java.lang.RuntimeException: Execution failed
	at ptolemy.moml.MoMLSimpleApplication$UnloadThread.run(MoMLSimpleApplication.java:402)
Caused by: ptolemy.kernel.util.IllegalActionException: SubscriptionAggregatorPorts cannot be used at the top level, use a SubscriptionAggregator actor instead.
  in .PublisherSubscriptionAggregatorPort.SubscriptionAggregatorPort
	at ptolemy.actor.SubscriptionAggregatorPort.preinitialize(SubscriptionAggregatorPort.java:353)
	at ptolemy.actor.CompositeActor.preinitialize(CompositeActor.java:1769)
	at ptolemy.actor.Manager.preinitializeAndResolveTypes(Manager.java:1040)
	at ptolemy.actor.Manager.initialize(Manager.java:710)
	at ptolemy.actor.Manager.execute(Manager.java:356)
	at ptolemy.actor.Manager.run(Manager.java:1263)
	at ptolemy.actor.Manager$PtolemyRunThread.run(Manager.java:1915)
java.lang.reflect.InvocationTargetException
	at sun.reflect.NativeConstructorAccessorImpl.newInstance0(Native Method)
	at sun.reflect.NativeConstructorAccessorImpl.newInstance(NativeConstructorAccessorImpl.java:62)
	at sun.reflect.DelegatingConstructorAccessorImpl.newInstance(DelegatingConstructorAccessorImpl.java:45)
	at java.lang.reflect.Constructor.newInstance(Constructor.java:423)
	at ptolemy.util.test.junit.AutoKnownFailedTests.RunModel(AutoKnownFailedTests.java:107)
	at sun.reflect.NativeMethodAccessorImpl.invoke0(Native Method)
	at sun.reflect.NativeMethodAccessorImpl.invoke(NativeMethodAccessorImpl.java:62)
	at sun.reflect.DelegatingMethodAccessorImpl.invoke(DelegatingMethodAccessorImpl.java:43)
	at java.lang.reflect.Method.invoke(Method.java:498)
	at org.junit.runners.model.FrameworkMethod$1.runReflectiveCall(FrameworkMethod.java:44)
	at org.junit.internal.runners.model.ReflectiveCallable.run(ReflectiveCallable.java:15)
	at org.junit.runners.model.FrameworkMethod.invokeExplosively(FrameworkMethod.java:41)
	at junitparams.internal.InvokeParameterisedMethod.evaluate(InvokeParameterisedMethod.java:102)
	at org.junit.internal.runners.statements.FailOnTimeout$1.run(FailOnTimeout.java:28)
Caused by: ptolemy.kernel.util.IllegalActionException: SubscriptionAggregatorPorts cannot be used at the top level, use a SubscriptionAggregator actor instead.
  in .PublisherSubscriptionAggregatorPort.SubscriptionAggregatorPort
	at ptolemy.actor.SubscriptionAggregatorPort.preinitialize(SubscriptionAggregatorPort.java:353)
	at ptolemy.actor.CompositeActor.preinitialize(CompositeActor.java:1769)
	at ptolemy.actor.Manager.preinitializeAndResolveTypes(Manager.java:1040)
	at ptolemy.actor.Manager.initialize(Manager.java:710)
	at ptolemy.actor.Manager.execute(Manager.java:356)
	at ptolemy.actor.Manager.run(Manager.java:1263)
	at ptolemy.actor.Manager$PtolemyRunThread.run(Manager.java:1915)
java.lang.RuntimeException: Execution failed
	at ptolemy.moml.MoMLSimpleApplication$UnloadThread.run(MoMLSimpleApplication.java:402)
Caused by: ptolemy.kernel.util.IllegalActionException: TypeTest actor has no training data.
  in .sizedarray3.TypeTest
	at ptolemy.actor.lib.TypeTest.initialize(TypeTest.java:250)
	at ptolemy.actor.Director.initialize(Director.java:938)
	at ptolemy.actor.Director.initialize(Director.java:907)
	at ptolemy.actor.sched.StaticSchedulingDirector.initialize(StaticSchedulingDirector.java:159)
	at ptolemy.domains.sdf.kernel.SDFDirector.initialize(SDFDirector.java:544)
	at ptolemy.actor.CompositeActor.initialize(CompositeActor.java:935)
	at ptolemy.actor.Manager.initialize(Manager.java:724)
	at ptolemy.actor.Manager.execute(Manager.java:356)
	at ptolemy.actor.Manager.run(Manager.java:1263)
	at ptolemy.actor.Manager$PtolemyRunThread.run(Manager.java:1915)
java.lang.reflect.InvocationTargetException
	at sun.reflect.NativeConstructorAccessorImpl.newInstance0(Native Method)
	at sun.reflect.NativeConstructorAccessorImpl.newInstance(NativeConstructorAccessorImpl.java:62)
	at sun.reflect.DelegatingConstructorAccessorImpl.newInstance(DelegatingConstructorAccessorImpl.java:45)
	at java.lang.reflect.Constructor.newInstance(Constructor.java:423)
	at ptolemy.util.test.junit.AutoKnownFailedTests.RunModel(AutoKnownFailedTests.java:107)
	at sun.reflect.NativeMethodAccessorImpl.invoke0(Native Method)
	at sun.reflect.NativeMethodAccessorImpl.invoke(NativeMethodAccessorImpl.java:62)
	at sun.reflect.DelegatingMethodAccessorImpl.invoke(DelegatingMethodAccessorImpl.java:43)
	at java.lang.reflect.Method.invoke(Method.java:498)
	at org.junit.runners.model.FrameworkMethod$1.runReflectiveCall(FrameworkMethod.java:44)
	at org.junit.internal.runners.model.ReflectiveCallable.run(ReflectiveCallable.java:15)
	at org.junit.runners.model.FrameworkMethod.invokeExplosively(FrameworkMethod.java:41)
	at junitparams.internal.InvokeParameterisedMethod.evaluate(InvokeParameterisedMethod.java:102)
	at org.junit.internal.runners.statements.FailOnTimeout$1.run(FailOnTimeout.java:28)
Caused by: ptolemy.kernel.util.IllegalActionException: TypeTest actor has no training data.
  in .sizedarray3.TypeTest
	at ptolemy.actor.lib.TypeTest.initialize(TypeTest.java:250)
	at ptolemy.actor.Director.initialize(Director.java:938)
	at ptolemy.actor.Director.initialize(Director.java:907)
	at ptolemy.actor.sched.StaticSchedulingDirector.initialize(StaticSchedulingDirector.java:159)
	at ptolemy.domains.sdf.kernel.SDFDirector.initialize(SDFDirector.java:544)
	at ptolemy.actor.CompositeActor.initialize(CompositeActor.java:935)
	at ptolemy.actor.Manager.initialize(Manager.java:724)
	at ptolemy.actor.Manager.execute(Manager.java:356)
	at ptolemy.actor.Manager.run(Manager.java:1263)
	at ptolemy.actor.Manager$PtolemyRunThread.run(Manager.java:1915)
ptolemy.kernel.util.InternalErrorException: Exec Stdout Gobbler-2: Failed while reading from java.lang.UNIXProcess$ProcessPipeInputStream@6107c2b7. To avoid this, try setting the ignoreIOExceptionReadErrors parameter to true.null
  in .ExecEnvironment.Exec
Because:
Stream closed
	at ptolemy.actor.lib.Exec$_StreamReaderThread._read(Exec.java:762)
	at ptolemy.actor.lib.Exec$_StreamReaderThread.run(Exec.java:706)
Caused by: java.io.IOException: Stream closed
	at sun.nio.cs.StreamDecoder.ensureOpen(StreamDecoder.java:46)
	at sun.nio.cs.StreamDecoder.read(StreamDecoder.java:148)
	at java.io.InputStreamReader.read(InputStreamReader.java:184)
	at ptolemy.actor.lib.Exec$_StreamReaderThread._read(Exec.java:724)
	... 1 more
Caused by: java.io.IOException: Stream closed
	at sun.nio.cs.StreamDecoder.ensureOpen(StreamDecoder.java:46)
	at sun.nio.cs.StreamDecoder.read(StreamDecoder.java:148)
	at java.io.InputStreamReader.read(InputStreamReader.java:184)
	at ptolemy.actor.lib.Exec$_StreamReaderThread._read(Exec.java:724)
	at ptolemy.actor.lib.Exec$_StreamReaderThread.run(Exec.java:706)
]]></system-err>
</testsuite>
