<?xml version="1.0" encoding="UTF-8" ?>
<testsuite errors="0" failures="0" hostname="travis-job-962bf096-6980-434d-8146-5ace029a341f" name="ptolemy.actor.lib.test.junit.JUnitTclTest" skipped="0" tests="517" time="59.763" timestamp="2018-06-20T05:05:47">
  <properties>
    <property name="npm.executable" value="npm" />
    <property name="file.encoding.pkg" value="sun.io" />
    <property name="ptII.mk.exists" value="true" />
    <property name="env.rvm_bin_path" value="/home/travis/.rvm/bin" />
    <property name="java.home" value="/usr/lib/jvm/java-8-oracle/jre" />
    <property name="env.TRAVIS_JOB_NUMBER" value="619.8" />
    <property name="env.DISPLAY" value=":99.0" />
    <property name="java.net.preferIPv4Stack" value="true" />
    <property name="env.SSH_TTY" value="/dev/pts/0" />
    <property name="env.RUN_TESTS" value="true" />
    <property name="timeout.short" value="1000000" />
    <property name="env.TRAVIS_STACK_NODE_ATTRIBUTES" value="/.node-attributes.yml" />
    <property name="junit.formatter" value="xml" />
    <property name="java.endorsed.dirs" value="/usr/lib/jvm/java-8-oracle/jre/lib/endorsed" />
    <property name="env.TRAVIS_SUDO" value="true" />
    <property name="env.LOGNAME" value="travis" />
    <property name="env.PT_TRAVIS_TEST_CORE1_XML" value="true" />
    <property name="jsdoc.home" value="node_modules/@terraswarm/jsdoc" />
    <property name="debuglevel" value="source,lines,vars" />
    <property name="checkstyle.formatter" value="xml" />
    <property name="bin.vergil.makeable" value="true" />
    <property name="env._system_version" value="14.04" />
    <property name="sun.os.patch.level" value="unknown" />
    <property name="java.vendor.url" value="http://java.oracle.com/" />
    <property name="java.version" value="1.8.0_151" />
    <property name="env.TZ" value="UTC" />
    <property name="env.PT_NO_NET" value="true" />
    <property name="env.TRAVIS_PULL_REQUEST_SHA" value="" />
    <property name="env.TRAVIS_SECURE_ENV_VARS" value="true" />
    <property name="env._system_type" value="Linux" />
    <property name="java.vendor.url.bug" value="http://bugreport.sun.com/bugreport/" />
    <property name="env.SSH_CLIENT" value="10.10.4.28 43664 22" />
    <property name="npmjs-org-is-up" value="true" />
    <property name="env.GEM_HOME" value="/home/travis/.rvm/gems/ruby-2.4.1" />
    <property name="env.HAS_ANTARES_THREE_LITTLE_FRONZIES_BADGE" value="true" />
    <property name="env.PS4" value="+" />
    <property name="ant.project.invoked-targets" value="build,test.core1.xml" />
    <property name="env.TRAVIS_PULL_REQUEST_BRANCH" value="" />
    <property name="env.TRAVIS_REPO_SLUG" value="icyphy/ptII" />
    <property name="node.in.path" value="true" />
    <property name="java.maxmemory" value="1400m" />
    <property name="env.RUBY_VERSION" value="ruby-2.4.1" />
    <property name="user.name" value="travis" />
    <property name="env.LANG" value="en_US.UTF-8" />
    <property name="sun.io.unicode.encoding" value="UnicodeLittle" />
    <property name="sun.jnu.encoding" value="UTF-8" />
    <property name="java.runtime.name" value="Java(TM) SE Runtime Environment" />
    <property name="usefile" value="false" />
    <property name="return.code" value="0" />
    <property name="junit.single.formatter" value="plain" />
    <property name="env.DYLD_LIBRARY_PATH" value="/home/travis/pthla/certi-tools/lib:" />
    <property name="env.DEBIAN_FRONTEND" value="noninteractive" />
    <property name="env.SSH_CONNECTION" value="10.10.4.28 43664 10.20.0.12 22" />
    <property name="env.MYSQL_UNIX_PORT" value="/var/run/mysqld/mysqld.sock" />
    <property name="env.TRAVIS_ALLOW_FAILURE" value="false" />
    <property name="env.LC_ALL" value="en_US.UTF-8" />
    <property name="java.specification.name" value="Java Platform API Specification" />
    <property name="node.works" value="true" />
    <property name="user.timezone" value="" />
    <property name="path.separator" value=":" />
    <property name="env.PYTHON_CFLAGS" value="-g -fstack-protector --param=ssp-buffer-size=4 -Wformat -Werror=format-security" />
    <property name="timeout.long" value="4000000" />
    <property name="env.CERTI_HOME" value="/home/travis/pthla/certi-tools" />
    <property name="file.encoding" value="UTF-8" />
    <property name="ant.file.ptII" value="/home/travis/build/icyphy/ptII/build.xml" />
    <property name="javadoc.packagenames" value="com.*,diva.*,lbnl.*,org.hlacerti.*,org.json.*,org.ptolemy.*,org.terraswarm.*,ptolemy.*,ptserver.*" />
    <property name="env.TRAVIS_PULL_REQUEST_SLUG" value="" />
    <property name="ant.project.default-target" value="build" />
    <property name="env.GIT_ASKPASS" value="echo" />
    <property name="env.HOME" value="/home/travis" />
    <property name="sun.java.command" value="org.apache.tools.ant.taskdefs.optional.junit.JUnitTestRunner ptolemy.actor.lib.test.junit.JUnitTclTest skipNonTests=false filtertrace=true haltOnError=false haltOnFailure=false formatter=org.apache.tools.ant.taskdefs.optional.junit.OutErrSummaryJUnitResultFormatter showoutput=true outputtoformatters=true logfailedtests=true threadid=0 logtestlistenerevents=false formatter=org.apache.tools.ant.taskdefs.optional.junit.XMLJUnitResultFormatter,/home/travis/build/icyphy/ptII/reports/junit/TEST-ptolemy.actor.lib.test.junit.JUnitTclTest.xml crashfile=/home/travis/build/icyphy/ptII/junitvmwatcher7684330844628832714.properties propsfile=/home/travis/build/icyphy/ptII/junit4660159499519946510.properties" />
    <property name="env.MANPATH" value="/home/travis/.nvm/versions/node/v7.10.1/share/man:/home/travis/.kiex/elixirs/elixir-1.4.5/man:/home/travis/.rvm/rubies/ruby-2.4.1/share/man:/usr/local/man:/usr/local/cmake-3.9.2/man:/usr/local/clang-5.0.0/share/man:/usr/local/share/man:/usr/share/man:/home/travis/.rvm/man" />
    <property name="env.COMPOSER_NO_INTERACTION" value="1" />
    <property name="env.JDK_SWITCHER_DEFAULT" value="oraclejdk8" />
    <property name="ant.file" value="/home/travis/build/icyphy/ptII/build.xml" />
    <property name="env.TRAVIS_COMMIT_RANGE" value="f55fea10226a...93743b8eac24" />
    <property name="env._system_name" value="Ubuntu" />
    <property name="timeout" value="2400000" />
    <property name="ptII.classpath.optional.property" value="/home/travis/build/icyphy/ptII/lib/bsh-2.0b4.jar:/home/travis/build/icyphy/ptII/lib/ptCal.jar:/home/travis/build/icyphy/ptII/lib/java_cup.jar:/home/travis/build/icyphy/ptII/lib/saxon8.jar:/home/travis/build/icyphy/ptII/lib/saxon8-dom.jar:/home/travis/build/icyphy/ptII/lib/chic.jar:/home/travis/build/icyphy/ptII/lib/ptcolt.jar:/usr/lib/jvm/java-8-oracle/lib/tools.jar:/usr/lib/eclipse/plugins/org.eclipse.jdt.core_3.8.2.dist.jar:/usr/lib/eclipse/plugins/org.eclipse.core.runtime_3.8.0.dist.jar:/usr/lib/eclipse/plugins/org.eclipse.osgi_3.8.1.dist.jar:/usr/lib/eclipse/plugins/org.eclipse.core.resources_3.8.1.dist.jar:/usr/lib/eclipse/plugins/org.eclipse.equinox.common_3.6.100.dist.jar:/usr/lib/eclipse/plugins/org.eclipse.core.jobs_3.5.200.dist.jar:/usr/lib/eclipse/plugins/org.eclipse.core.contenttype_3.4.200.dist.jar:/usr/lib/eclipse/plugins/org.eclipse.equinox.preferences_3.5.0.dist.jar:/usr/lib/eclipse/plugins/org.eclipse.text_3.5.200.dist.jar:/usr/lib/eclipse/plugins/org.eclipse.ui.workbench_3.8.1.dist.jar:/usr/lib/eclipse/plugins/org.eclipse.jface_3.8.0.dist.jar:/usr/lib/eclipse/plugins/org.eclipse.swt_3.8.2.jar:/usr/lib/eclipse/plugins/org.eclipse.jface.text_3.8.1.dist.jar:/usr/lib/eclipse/plugins/org.eclipse.ui.workbench.texteditor_3.8.0.dist.jar:/usr/lib/eclipse/plugins/org.eclipse.ui.editors_3.8.0.dist.jar:/usr/lib/eclipse/plugins/org.eclipse.core.commands_3.6.1.dist.jar:/usr/lib/eclipse/plugins/org.eclipse.equinox.registry_3.5.200.dist.jar:/usr/lib/eclipse/plugins/org.eclipse.ui.console_3.5.100.dist.jar:/usr/lib/eclipse/plugins/org.eclipse.ui.forms_3.5.200.dist.jar:/usr/lib/eclipse/plugins/org.eclipse.ui.ide_3.8.1.dist.jar:/home/travis/build/icyphy/ptII/vendors/oracle/dbxml.jar:/home/travis/build/icyphy/ptII/vendors/oracle/db.jar:/home/travis/build/icyphy/ptII/vendors/misc/itext/iText.jar:/home/travis/build/icyphy/ptII/lib/g4ltl.jar:/home/travis/build/icyphy/ptII/lib/StructuralCoder.jar:/home/travis/build/icyphy/ptII/lib/org-openide-util.jar:/home/travis/build/icyphy/ptII/lib/org-openide-util-lookup.jar:/home/travis/build/icyphy/ptII/lib/org-netbeans-api-visual.jar:/home/travis/build/icyphy/ptII/vendors/jai-1_1_2_01/lib/jai_core.jar:/home/travis/build/icyphy/ptII/vendors/jai-1_1_2_01/lib/jai_codec.jar:/home/travis/build/icyphy/ptII/lib/jcerti.jar:/home/travis/build/icyphy/ptII/lib/smack.jar:/home/travis/build/icyphy/ptII/lib/smackx.jar:/home/travis/build/icyphy/ptII/lib/jetty-all-8.1.5-v20120716.jar:/home/travis/build/icyphy/ptII/lib/javax.servlet-api-3.0.1.jar:/home/travis/build/icyphy/ptII/lib/javax.mail.jar:/home/travis/build/icyphy/ptII/vendors/JMF-2.1.1e/lib/jmf.jar:/home/travis/build/icyphy/ptII/lib/jna-4.0.0-variadic.jar:/home/travis/build/icyphy/ptII/vendors/misc/joystick/Joystick.jar:/home/travis/build/icyphy/ptII/lib/ptjacl.jar:/home/travis/build/icyphy/ptII/lib/jsoup-1.8.2.jar:/home/travis/build/icyphy/ptII/lib/junit-4.8.2.jar:/home/travis/build/icyphy/ptII/lib/JUnitParams-0.4.0.jar:/home/travis/build/icyphy/ptII/ptolemy/actor/lib/excel/jxl.jar:/home/travis/build/icyphy/ptII/lib/jython.jar:/home/travis/build/icyphy/ptII/lib/kieler.jar:/home/travis/build/icyphy/ptII/vendors/opencv/share/OpenCV/java/opencv-341.jar:/home/travis/build/icyphy/ptII/lib/oscP5.jar:/home/travis/build/icyphy/ptII/lib/nrjavaserial-3.11.0.devel.jar:/home/travis/build/icyphy/ptII/vendors/j3d/lib/j3dcore.jar:/home/travis/build/icyphy/ptII/vendors/j3d/lib/j3dutils.jar:/home/travis/build/icyphy/ptII/vendors/j3d/lib/vecmath.jar:/home/travis/build/icyphy/ptII/ptolemy/distributed/jini/jar/jini-core.jar:/home/travis/build/icyphy/ptII/ptolemy/distributed/jini/jar/jini-ext.jar:/home/travis/build/icyphy/ptII/ptolemy/distributed/jini/jar/sun-util.jar:/home/travis/build/icyphy/ptII/lib/protobuf-java-2.4.1.jar:/home/travis/build/icyphy/ptII/lib/org.eclipse.paho.client.mqttv3.jar:/home/travis/build/icyphy/ptII/ptserver/lib/hessian-4.0.7.jar:/home/travis/build/icyphy/ptII/ptserver/lib/wmqtt.jar:/home/travis/build/icyphy/ptII/lib/mapss.jar:/home/travis/build/icyphy/ptII/ptolemy/actor/ptalon/antlr/antlr.jar:/home/travis/build/icyphy/ptII/lib/JRI.jar:/home/travis/build/icyphy/ptII/lib/commons-lang-2.6.jar:/home/travis/build/icyphy/ptII/lib/commons-logging-1.1.1.jar:/home/travis/build/icyphy/ptII/lib/sootclasses.jar:/home/travis/build/icyphy/ptII/ptolemy/actor/lib/database/mysql-connector-java-5.1.6-bin.jar:/home/travis/build/icyphy/ptII/vendors/misc/sphinx4/sphinx4-data-5prealpha.jar:/home/travis/build/icyphy/ptII/vendors/misc/sphinx4/sphinx4-core-5prealpha.jar:/home/travis/build/icyphy/ptII/lib/PDFRenderer.jar:/home/travis/build/icyphy/ptII/lib/svgSalamander.jar:/home/travis/build/icyphy/ptII/lib/rsyntaxtextarea-2.6.0-SNAPSHOT.jar:/home/travis/build/icyphy/ptII/lib/hazelcast-3.8.2.jar:/home/travis/build/icyphy/ptII/lib/jackson-annotations-2.9.0.jar:/home/travis/build/icyphy/ptII/lib/jackson-core-2.9.3.jar:/home/travis/build/icyphy/ptII/lib/jackson-databind-2.9.3.jar:/home/travis/build/icyphy/ptII/lib/netty-buffer-4.1.19.Final.jar:/home/travis/build/icyphy/ptII/lib/netty-codec-4.1.19.Final.jar:/home/travis/build/icyphy/ptII/lib/netty-codec-dns-4.1.19.Final.jar:/home/travis/build/icyphy/ptII/lib/netty-codec-http-4.1.19.Final.jar:/home/travis/build/icyphy/ptII/lib/netty-codec-http2-4.1.19.Final.jar:/home/travis/build/icyphy/ptII/lib/netty-common-4.1.19.Final.jar:/home/travis/build/icyphy/ptII/lib/netty-handler-4.1.19.Final.jar:/home/travis/build/icyphy/ptII/lib/netty-resolver-4.1.19.Final.jar:/home/travis/build/icyphy/ptII/lib/netty-resolver-dns-4.1.19.Final.jar:/home/travis/build/icyphy/ptII/lib/netty-transport-4.1.19.Final.jar:/home/travis/build/icyphy/ptII/lib/vertx-codegen-3.5.1.jar:/home/travis/build/icyphy/ptII/lib/vertx-core-3.5.2-SNAPSHOT.jar:/home/travis/build/icyphy/ptII/lib/vertx-hazelcast-3.5.1.jar:/home/travis/build/icyphy/ptII/lib/vertx-lang-js-3.5.1.jar:/home/travis/build/icyphy/ptII/lib/vertx-service-proxy-3.5.1.jar:/home/travis/build/icyphy/ptII/lib/vertx-web-3.5.1.jar:/home/travis/build/icyphy/ptII/lib/slf4j-api-1.7.13.jar:/home/travis/build/icyphy/ptII/lib/slf4j-simple-1.7.13.jar:/home/travis/build/icyphy/ptII/lib/webcam-capture-0.3.12.jar:/home/travis/build/icyphy/ptII/lib/bridj-0.7.0.jar:/home/travis/build/icyphy/ptII/lib/xbjlib-1.1.0.nrjavaserial.jar" />
    <property name="test.batch" value="**/junit/*.java" />
    <property name="env._" value="/usr/bin/timeout" />
    <property name="java.io.tmpdir" value="/tmp" />
    <property name="user.language" value="en" />
    <property name="env.HISTCONTROL" value="ignoredups:ignorespace" />
    <property name="env.GOROOT" value="/home/travis/.gimme/versions/go1.7.4.linux.amd64" />
    <property name="line.separator" value="&#xa;" />
    <property name="target" value="1.8" />
    <property name="env.TRAVIS_BUILD_DIR" value="/home/travis/build/icyphy/ptII" />
    <property name="env.ANT_OPTS" value="-Xmx2048m" />
    <property name="ant.file.type" value="file" />
    <property name="ptolemy.ptII.batchMode" value="true" />
    <property name="env.HISTSIZE" value="1000" />
    <property name="env.MERB_ENV" value="test" />
    <property name="java.vm.info" value="mixed mode" />
    <property name="source" value="1.8" />
    <property name="java.vm.specification.name" value="Java Virtual Machine Specification" />
    <property name="env.TRAVIS_TEST_RESULT" value="0" />
    <property name="jsdoc.command" value="node_modules/@terraswarm/jsdoc/jsdoc.js" />
    <property name="npm.works" value="true" />
    <property name="cobertura.dir" value="/home/travis/build/icyphy/ptII/vendors/cobertura-2.0.3" />
    <property name="env.rvm_path" value="/home/travis/.rvm" />
    <property name="env.GEM_PATH" value="/home/travis/.rvm/gems/ruby-2.4.1:/home/travis/.rvm/gems/ruby-2.4.1@global" />
    <property name="env.LC_CTYPE" value="en_US.UTF-8" />
    <property name="java.awt.printerjob" value="sun.print.PSPrinterJob" />
    <property name="env.TRAVIS_STACK_NAME" value="garnet" />
    <property name="ant.version" value="Apache Ant(TM) version 1.10.1 compiled on February 2 2017" />
    <property name="ptII.reports" value="/home/travis/build/icyphy/ptII/reports" />
    <property name="env.TRAVIS_STACK_TIMESTAMP" value="2017-12-05 19:33:09 UTC" />
    <property name="ant.file.type.ptII" value="file" />
    <property name="env.RBENV_SHELL" value="bash" />
    <property name="os.name" value="Linux" />
    <property name="java.specification.vendor" value="Oracle Corporation" />
    <property name="env.rvm_version" value="1.29.3 (latest)" />
    <property name="env.TERM" value="xterm" />
    <property name="java.vm.name" value="Java HotSpot(TM) 64-Bit Server VM" />
    <property name="env.TRAVIS_BUILD_NUMBER" value="619" />
    <property name="env.CI" value="true" />
    <property name="java.library.path" value="/home/travis/pthla/certi-tools/lib:/usr/lib/jni:/usr/local/share/OpenCV/java/:/usr/share/OpenCV/java::/usr/java/packages/lib/amd64:/usr/lib64:/lib64:/lib:/usr/lib" />
    <property name="env.rvm_prefix" value="/home/travis" />
    <property name="env.PATH" value="/home/travis/pthla/certi-tools/share/scripts:/home/travis/.rvm/gems/ruby-2.4.1/bin:/home/travis/.rvm/gems/ruby-2.4.1@global/bin:/home/travis/.rvm/rubies/ruby-2.4.1/bin:/home/travis/.rvm/bin:/home/travis/.nvm/versions/node/v7.10.1/bin:./node_modules/.bin:/home/travis/build/icyphy/ptII/bin:/home/travis/pthla/certi-tools/bin:/home/travis/bin:/home/travis/.local/bin:/opt/pyenv/shims:/home/travis/.phpenv/shims:/home/travis/perl5/perlbrew/bin:/home/travis/.kiex/elixirs/elixir-1.4.5/bin:/home/travis/.kiex/bin:/home/travis/gopath/bin:/home/travis/.gimme/versions/go1.7.4.linux.amd64/bin:/usr/local/phantomjs/bin:/usr/local/phantomjs:/usr/local/neo4j-3.2.7/bin:/usr/local/maven-3.5.2/bin:/usr/local/cmake-3.9.2/bin:/usr/local/clang-5.0.0/bin:/usr/local/sbin:/usr/local/bin:/usr/sbin:/usr/bin:/sbin:/bin:/home/travis/.phpenv/bin:/opt/pyenv/bin:/home/travis/.yarn/bin" />
    <property name="env.TRAVIS_OS_NAME" value="linux" />
    <property name="ant.java.version" value="1.8" />
    <property name="basedir" value="/home/travis/build/icyphy/ptII" />
    <property name="java.class.version" value="52.0" />
    <property name="env.SHLVL" value="3" />
    <property name="env.LD_LIBRARY_PATH" value="/home/travis/pthla/certi-tools/lib:/usr/lib/jni:/usr/local/share/OpenCV/java/:/usr/share/OpenCV/java:" />
    <property name="env.RACK_ENV" value="test" />
    <property name="ant.home" value="/home/travis/build/icyphy/ptII/ant" />
    <property name="env.NVM_DIR" value="/home/travis/.nvm" />
    <property name="env.PERLBREW_BASHRC_VERSION" value="0.80" />
    <property name="env.CERTI_FOM_PATH" value="/home/travis/pthla/certi-tools/share/federations" />
    <property name="env.TRAVIS_BUILD_ID" value="394389474" />
    <property name="env.PYENV_ROOT" value="/opt/pyenv" />
    <property name="env.TRAVIS_UID" value="2000" />
    <property name="env.rvm_pretty_print_flag" value="auto" />
    <property name="env.NVM_BIN" value="/home/travis/.nvm/versions/node/v7.10.1/bin" />
    <property name="env.TRAVIS_COMMIT" value="93743b8eac248fea08787f160f264328acd649b3" />
    <property name="env._system_arch" value="x86_64" />
    <property name="node.executable" value="node" />
    <property name="sun.boot.library.path" value="/usr/lib/jvm/java-8-oracle/jre/lib/amd64" />
    <property name="sun.management.compiler" value="HotSpot 64-Bit Tiered Compilers" />
    <property name="env.GOPATH" value="/home/travis/gopath" />
    <property name="java.awt.graphicsenv" value="sun.awt.X11GraphicsEnvironment" />
    <property name="ptolemy.ptII.dir" value="/home/travis/build/icyphy/ptII" />
    <property name="env.USER" value="travis" />
    <property name="env.HISTFILESIZE" value="2000" />
    <property name="timeout.longest" value="19000000" />
    <property name="env.TRAVIS_STACK_FEATURES" value="basic cassandra chromium couchdb disabled-ipv6 docker docker-compose elasticsearch firefox go-toolchain google-chrome jdk memcached mongodb mysql neo4j nodejs_interpreter perl_interpreter perlbrew phantomjs postgresql python_interpreter rabbitmq redis riak ruby_interpreter sqlite xserver" />
    <property name="env.TRAVIS_PULL_REQUEST" value="false" />
    <property name="env.PYENV_SHELL" value="bash" />
    <property name="ant.project.name" value="ptII" />
    <property name="java.vm.specification.version" value="1.8" />
    <property name="env.CERTI_VERSION" value="4.0.0" />
    <property name="env.NLSPATH" value="/usr/dt/lib/nls/msg/%L/%N.cat" />
    <property name="awt.toolkit" value="sun.awt.X11.XToolkit" />
    <property name="env.CERTI_HOST" value="localhost" />
    <property name="env.MY_RUBY_HOME" value="/home/travis/.rvm/rubies/ruby-2.4.1" />
    <property name="sun.cpu.isalist" value="" />
    <property name="java.ext.dirs" value="/usr/lib/jvm/java-8-oracle/jre/lib/ext:/usr/java/packages/lib/ext" />
    <property name="os.version" value="4.4.0-101-generic" />
    <property name="user.home" value="/home/travis" />
    <property name="env.MIX_ARCHIVES" value="/home/travis/.kiex/mix/elixir-1.4.5" />
    <property name="java.vm.vendor" value="Oracle Corporation" />
    <property name="env.TRAVIS_TAG" value="nightly" />
    <property name="env.TRAVIS_FILTERED" value="redirect_io" />
    <property name="javadoc.excludepackagenames" value="adm.cvs2svn.*,build.*,config.*,doc.coding.templates.*,jni.test.jni.meaningOfLife.*,jni.test.jni.testDeux.*,jni.test.jni.testTrois.*,org.terraswarm.accessor.accessors.web.node_modules.*,org.terraswarm.accessor.accessors.web.hosts.cordova.demo.*,org.terraswarm.accessor.accessors.web.hosts.cordova.plugins.*,org.terraswarm.accessor.accessors-svn.*,pt-modules.*,ptolemy.apps.agilent.*,ptolemy.apps.anytimecontrol.*,ptolemy.apps.apes.*,ptolemy.apps.charon.*,ptolemy.apps.crazyboard.*,ptolemy.apps.eclipse.*,ptolemy.apps.etherealSting.*,ptolemy.apps.fullscreen.*,ptolemy.apps.giotto.*,ptolemy.apps.ia.*,ptolemy.apps.interfaces.*,ptolemy.apps.jmf.*,ptolemy.apps.kurt.*,ptolemy.apps.kvm.*,ptolemy.apps.lego.*,ptolemy.apps.lejos.*,ptolemy.apps.midp.*,ptolemy.apps.mobileCoding.*,ptolemy.apps.pendulum.*,ptolemy.apps.rijndael.*,ptolemy.apps.robot.*,ptolemy.apps.security.*,ptolemy.apps.sobel.*,ptolemy.apps.soot.*,ptolemy.apps.throttle.*,ptolemy.apps.tini.*,ptolemy.apps.transmission.*,ptolemy.apps.vergil.*,ptolemy.apps.waba.*,ptolemy.apps.websensor.*,ptolemy.apps.webstart.*,ptolemy.apps.xsl.*,ptolemy.apps.zaurus.*,ptolemy.backtrack.eclipse.plugin.*,ptolemy.backtrack.test.*,ptolemy.codegen.c.actor.lib.oldJavaFiles.*,ptolemy.codegen.dsp.lib.*,ptolemy.codegen.kernel.newInterfaces.*,ptolemy.codegen.lib.*,ptolemy.copernicus.kernel.fragment.*,ptolemy.copernicus.shallow.cg.*,ptolemy.domains.giotto.demo.Hierarchy.Hierarchy.*,ptolemy.domains.giotto.demo.Multimode.Multimode.*,ptolemy.domains.giotto.demo.Simple.Simple.*,ptolemy.domains.gr.lib.experimental.*,ptolemy.domains.gro.*,ptolemy.domains.pdf.*,ptolemy.domains.ptinyos.demo.Surge.output.*,ptolemy.moml.test.NoPackageActor.java*,ptolemy.plot.adm.*,ptolemy.plot.servlet.*,reports.*,signed.*,src.*,target.*,vendors.*,ptolemy.cg.adapter.generic.program.procedural.c.mbed*,ptolemy.actor.lib.fmi.fmus.omc*,ptolemy.domains.openmodelica*,ptdb.kernel.bl.save.test.*,ptdb.kernel.bl.load.test.*,ptdb.kernel.bl.search.test.*,ptdb.kernel.bl.migration.test.*,ptdb.kernel.database.test.*,ptdb.test.*,ptdb.gui.test.*,org.ptolemy.scala.*,diva.util.java2d.svg.*,ptolemy.domains.ptinyos.*,ptolemy.actor.lib.fmi.fmipp.*,,org.terraswarm.accessor.accessors.web.node_modules.*,org.terraswarm.accessor.accessors-svn,ptolemy.apps.*,ptolemy.actor.ptalon.demo.ptinyos.SendAndReceiveCnt.output,ptolemy.actor.ptalon.demo.ptinyos.SenseToLeds.output,ptolemy.domains.ptinyos.demo.CntToLedsAndRfm.output,ptolemy.domains.ptinyos.demo.RfmToLeds.output,ptolemy.domains.ptinyos.demo.SendAndReceiveCnt.output,ptolemy.domains.ptinyos.demo.SenseToLeds.output,ptolemy.actor.lib.jjs.modules.udpSocket.*" />
    <property name="env.JAVA_HOME" value="/usr/lib/jvm/java-8-oracle" />
    <property name="env.PTII" value="/home/travis/build/icyphy/ptII" />
    <property name="env.TRAVIS_COMMIT_MESSAGE" value="Changed demo to new accessor name" />
    <property name="keystore" value="ptKeystore" />
    <property name="env.XDG_SESSION_ID" value="2" />
    <property name="junit.output.dir" value="/home/travis/build/icyphy/ptII/reports/junit" />
    <property name="npm.return.code" value="0" />
    <property name="user.dir" value="/home/travis/build/icyphy/ptII/ptolemy/actor/lib/test" />
    <property name="env.TRAVIS_NODE_VERSION" value="7" />
    <property name="env.XFILESEARCHPATH" value="/usr/dt/app-defaults/%L/Dt" />
    <property name="env.TRAVIS_EVENT_TYPE" value="push" />
    <property name="env.MAIL" value="/var/mail/travis" />
    <property name="env.PWD" value="/home/travis/build/icyphy/ptII" />
    <property name="env.PERLBREW_ROOT" value="/home/travis/perl5/perlbrew" />
    <property name="timeout.npm" value="45000" />
    <property name="env.PAGER" value="cat" />
    <property name="sun.cpu.endian" value="little" />
    <property name="env.TRAVIS_BUILD_STAGE_NAME" value="Test" />
    <property name="env.PERLBREW_HOME" value="/home/travis/.perlbrew" />
    <property name="env.RAILS_ENV" value="test" />
    <property name="java.vm.version" value="25.151-b12" />
    <property name="java.class.path" value="/home/travis/.ptolemyII:/home/travis/.ptolemyII/*:/home/travis/build/icyphy/ptII:/home/travis/build/icyphy/ptII/lib/bsh-2.0b4.jar:/home/travis/build/icyphy/ptII/lib/ptCal.jar:/home/travis/build/icyphy/ptII/lib/java_cup.jar:/home/travis/build/icyphy/ptII/lib/saxon8.jar:/home/travis/build/icyphy/ptII/lib/saxon8-dom.jar:/home/travis/build/icyphy/ptII/lib/chic.jar:/home/travis/build/icyphy/ptII/lib/ptcolt.jar:/usr/lib/jvm/java-8-oracle/lib/tools.jar:/usr/lib/eclipse/plugins/org.eclipse.jdt.core_3.8.2.dist.jar:/usr/lib/eclipse/plugins/org.eclipse.core.runtime_3.8.0.dist.jar:/usr/lib/eclipse/plugins/org.eclipse.osgi_3.8.1.dist.jar:/usr/lib/eclipse/plugins/org.eclipse.core.resources_3.8.1.dist.jar:/usr/lib/eclipse/plugins/org.eclipse.equinox.common_3.6.100.dist.jar:/usr/lib/eclipse/plugins/org.eclipse.core.jobs_3.5.200.dist.jar:/usr/lib/eclipse/plugins/org.eclipse.core.contenttype_3.4.200.dist.jar:/usr/lib/eclipse/plugins/org.eclipse.equinox.preferences_3.5.0.dist.jar:/usr/lib/eclipse/plugins/org.eclipse.text_3.5.200.dist.jar:/usr/lib/eclipse/plugins/org.eclipse.ui.workbench_3.8.1.dist.jar:/usr/lib/eclipse/plugins/org.eclipse.jface_3.8.0.dist.jar:/usr/lib/eclipse/plugins/org.eclipse.swt_3.8.2.jar:/usr/lib/eclipse/plugins/org.eclipse.jface.text_3.8.1.dist.jar:/usr/lib/eclipse/plugins/org.eclipse.ui.workbench.texteditor_3.8.0.dist.jar:/usr/lib/eclipse/plugins/org.eclipse.ui.editors_3.8.0.dist.jar:/usr/lib/eclipse/plugins/org.eclipse.core.commands_3.6.1.dist.jar:/usr/lib/eclipse/plugins/org.eclipse.equinox.registry_3.5.200.dist.jar:/usr/lib/eclipse/plugins/org.eclipse.ui.console_3.5.100.dist.jar:/usr/lib/eclipse/plugins/org.eclipse.ui.forms_3.5.200.dist.jar:/usr/lib/eclipse/plugins/org.eclipse.ui.ide_3.8.1.dist.jar:/home/travis/build/icyphy/ptII/vendors/oracle/dbxml.jar:/home/travis/build/icyphy/ptII/vendors/oracle/db.jar:/home/travis/build/icyphy/ptII/vendors/misc/itext/iText.jar:/home/travis/build/icyphy/ptII/lib/g4ltl.jar:/home/travis/build/icyphy/ptII/lib/StructuralCoder.jar:/home/travis/build/icyphy/ptII/lib/org-openide-util.jar:/home/travis/build/icyphy/ptII/lib/org-openide-util-lookup.jar:/home/travis/build/icyphy/ptII/lib/org-netbeans-api-visual.jar:/home/travis/build/icyphy/ptII/vendors/jai-1_1_2_01/lib/jai_core.jar:/home/travis/build/icyphy/ptII/vendors/jai-1_1_2_01/lib/jai_codec.jar:/home/travis/build/icyphy/ptII/lib/jcerti.jar:/home/travis/build/icyphy/ptII/lib/smack.jar:/home/travis/build/icyphy/ptII/lib/smackx.jar:/home/travis/build/icyphy/ptII/lib/jetty-all-8.1.5-v20120716.jar:/home/travis/build/icyphy/ptII/lib/javax.servlet-api-3.0.1.jar:/home/travis/build/icyphy/ptII/lib/javax.mail.jar:/home/travis/build/icyphy/ptII/vendors/JMF-2.1.1e/lib/jmf.jar:/home/travis/build/icyphy/ptII/lib/jna-4.0.0-variadic.jar:/home/travis/build/icyphy/ptII/vendors/misc/joystick/Joystick.jar:/home/travis/build/icyphy/ptII/lib/ptjacl.jar:/home/travis/build/icyphy/ptII/lib/jsoup-1.8.2.jar:/home/travis/build/icyphy/ptII/lib/junit-4.8.2.jar:/home/travis/build/icyphy/ptII/lib/JUnitParams-0.4.0.jar:/home/travis/build/icyphy/ptII/ptolemy/actor/lib/excel/jxl.jar:/home/travis/build/icyphy/ptII/lib/jython.jar:/home/travis/build/icyphy/ptII/lib/kieler.jar:/home/travis/build/icyphy/ptII/vendors/opencv/share/OpenCV/java/opencv-341.jar:/home/travis/build/icyphy/ptII/lib/oscP5.jar:/home/travis/build/icyphy/ptII/lib/nrjavaserial-3.11.0.devel.jar:/home/travis/build/icyphy/ptII/vendors/j3d/lib/j3dcore.jar:/home/travis/build/icyphy/ptII/vendors/j3d/lib/j3dutils.jar:/home/travis/build/icyphy/ptII/vendors/j3d/lib/vecmath.jar:/home/travis/build/icyphy/ptII/ptolemy/distributed/jini/jar/jini-core.jar:/home/travis/build/icyphy/ptII/ptolemy/distributed/jini/jar/jini-ext.jar:/home/travis/build/icyphy/ptII/ptolemy/distributed/jini/jar/sun-util.jar:/home/travis/build/icyphy/ptII/lib/protobuf-java-2.4.1.jar:/home/travis/build/icyphy/ptII/lib/org.eclipse.paho.client.mqttv3.jar:/home/travis/build/icyphy/ptII/ptserver/lib/hessian-4.0.7.jar:/home/travis/build/icyphy/ptII/ptserver/lib/wmqtt.jar:/home/travis/build/icyphy/ptII/lib/mapss.jar:/home/travis/build/icyphy/ptII/ptolemy/actor/ptalon/antlr/antlr.jar:/home/travis/build/icyphy/ptII/lib/JRI.jar:/home/travis/build/icyphy/ptII/lib/commons-lang-2.6.jar:/home/travis/build/icyphy/ptII/lib/commons-logging-1.1.1.jar:/home/travis/build/icyphy/ptII/lib/sootclasses.jar:/home/travis/build/icyphy/ptII/ptolemy/actor/lib/database/mysql-connector-java-5.1.6-bin.jar:/home/travis/build/icyphy/ptII/vendors/misc/sphinx4/sphinx4-data-5prealpha.jar:/home/travis/build/icyphy/ptII/vendors/misc/sphinx4/sphinx4-core-5prealpha.jar:/home/travis/build/icyphy/ptII/lib/PDFRenderer.jar:/home/travis/build/icyphy/ptII/lib/svgSalamander.jar:/home/travis/build/icyphy/ptII/lib/rsyntaxtextarea-2.6.0-SNAPSHOT.jar:/home/travis/build/icyphy/ptII/lib/hazelcast-3.8.2.jar:/home/travis/build/icyphy/ptII/lib/jackson-annotations-2.9.0.jar:/home/travis/build/icyphy/ptII/lib/jackson-core-2.9.3.jar:/home/travis/build/icyphy/ptII/lib/jackson-databind-2.9.3.jar:/home/travis/build/icyphy/ptII/lib/netty-buffer-4.1.19.Final.jar:/home/travis/build/icyphy/ptII/lib/netty-codec-4.1.19.Final.jar:/home/travis/build/icyphy/ptII/lib/netty-codec-dns-4.1.19.Final.jar:/home/travis/build/icyphy/ptII/lib/netty-codec-http-4.1.19.Final.jar:/home/travis/build/icyphy/ptII/lib/netty-codec-http2-4.1.19.Final.jar:/home/travis/build/icyphy/ptII/lib/netty-common-4.1.19.Final.jar:/home/travis/build/icyphy/ptII/lib/netty-handler-4.1.19.Final.jar:/home/travis/build/icyphy/ptII/lib/netty-resolver-4.1.19.Final.jar:/home/travis/build/icyphy/ptII/lib/netty-resolver-dns-4.1.19.Final.jar:/home/travis/build/icyphy/ptII/lib/netty-transport-4.1.19.Final.jar:/home/travis/build/icyphy/ptII/lib/vertx-codegen-3.5.1.jar:/home/travis/build/icyphy/ptII/lib/vertx-core-3.5.2-SNAPSHOT.jar:/home/travis/build/icyphy/ptII/lib/vertx-hazelcast-3.5.1.jar:/home/travis/build/icyphy/ptII/lib/vertx-lang-js-3.5.1.jar:/home/travis/build/icyphy/ptII/lib/vertx-service-proxy-3.5.1.jar:/home/travis/build/icyphy/ptII/lib/vertx-web-3.5.1.jar:/home/travis/build/icyphy/ptII/lib/slf4j-api-1.7.13.jar:/home/travis/build/icyphy/ptII/lib/slf4j-simple-1.7.13.jar:/home/travis/build/icyphy/ptII/lib/webcam-capture-0.3.12.jar:/home/travis/build/icyphy/ptII/lib/bridj-0.7.0.jar:/home/travis/build/icyphy/ptII/lib/xbjlib-1.1.0.nrjavaserial.jar:/home/travis/build/icyphy/ptII/ptolemy/moml/test:/home/travis/build/icyphy/ptII/ant/lib/ant-launcher.jar:/home/travis/build/icyphy/ptII/ant/lib/ant.jar:/home/travis/build/icyphy/ptII/ant/lib/ant-junit.jar:/home/travis/build/icyphy/ptII/ant/lib/ant-junit4.jar" />
    <property name="ant.library.dir" value="/home/travis/build/icyphy/ptII/ant/lib" />
    <property name="os.arch" value="amd64" />
    <property name="env.TRAVIS_LANGUAGE" value="node_js" />
    <property name="env.CONTINUOUS_INTEGRATION" value="true" />
    <property name="env.TRAVIS_STACK_LANGUAGES" value="__garnet__ c c++ clojure cplusplus cpp default go groovy java node_js php pure_java python ruby scala" />
    <property name="test.name" value="ptolemy.actor.lib.test.junit.JUnitTclTest" />
    <property name="sun.java.launcher" value="SUN_STANDARD" />
    <property name="env.PYTHON_CONFIGURE_OPTS" value="--enable-unicode=ucs4 --with-wide-unicode --enable-shared --enable-ipv6 --enable-loadable-sqlite-extensions --with-computed-gotos" />
    <property name="ant.core.lib" value="/home/travis/build/icyphy/ptII/ant/lib/ant.jar" />
    <property name="java.vm.specification.vendor" value="Oracle Corporation" />
    <property name="env.BCVTB_HOME" value="/home/travis/build/icyphy/ptII/lbnl" />
    <property name="file.separator" value="/" />
    <property name="java.runtime.version" value="1.8.0_151-b12" />
    <property name="spotbugs.home" value="/home/travis/build/icyphy/ptII/vendors/spotbugs-3.1.1" />
    <property name="sun.boot.class.path" value="/usr/lib/jvm/java-8-oracle/jre/lib/resources.jar:/usr/lib/jvm/java-8-oracle/jre/lib/rt.jar:/usr/lib/jvm/java-8-oracle/jre/lib/sunrsasign.jar:/usr/lib/jvm/java-8-oracle/jre/lib/jsse.jar:/usr/lib/jvm/java-8-oracle/jre/lib/jce.jar:/usr/lib/jvm/java-8-oracle/jre/lib/charsets.jar:/usr/lib/jvm/java-8-oracle/jre/lib/jfr.jar:/usr/lib/jvm/java-8-oracle/jre/classes" />
    <property name="env.HAS_JOSH_K_SEAL_OF_APPROVAL" value="true" />
    <property name="env.TRAVIS_OSX_IMAGE" value="" />
    <property name="env.XDG_RUNTIME_DIR" value="/run/user/2000" />
    <property name="env.TRAVIS_BRANCH" value="master" />
    <property name="env.TRAVIS_JOB_ID" value="394389484" />
    <property name="env.CERTI_HOME_TRAVIS" value="/home/travis/pthla/certi-tools" />
    <property name="user.country" value="US" />
    <property name="env.SHELL" value="/bin/bash" />
    <property name="java.maxmemory.large" value="5000m" />
    <property name="model" value="" />
    <property name="env.CASHER_DIR" value="/home/travis/.casher" />
    <property name="env.NVM_CD_FLAGS" value="" />
    <property name="jshint.executable" value="/home/travis/node_modules/jshint/bin/jshint" />
    <property name="java.vendor" value="Oracle Corporation" />
    <property name="env.JRUBY_OPTS" value=" --client -J-XX:+TieredCompilation -J-XX:TieredStopAtLevel=1 -J-Xss2m -Xcompile.invokedynamic=false" />
    <property name="env.TRAVIS_PRE_CHEF_BOOTSTRAP_TIME" value="2017-12-05T19:32:55" />
    <property name="env.TRAVIS_STACK_JOB_BOARD_REGISTER" value="/.job-board-register.yml" />
    <property name="env.ELIXIR_VERSION" value="1.4.5" />
    <property name="java.specification.version" value="1.8" />
    <property name="env.IRBRC" value="/home/travis/.rvm/rubies/ruby-2.4.1/.irbrc" />
    <property name="env.TRAVIS" value="true" />
    <property name="sun.arch.data.model" value="64" />
  </properties>
  <testcase classname="ptolemy.util.test.junit.TclTests" name="[0] /home/travis/build/icyphy/ptII/ptolemy/actor/lib/test/AbsoluteValue.tcl (RunTclFile)" time="0.524" />
  <testcase classname="ptolemy.util.test.junit.TclTests" name="[1] /home/travis/build/icyphy/ptII/ptolemy/actor/lib/test/AddSubtract.tcl (RunTclFile)" time="0.107" />
  <testcase classname="ptolemy.util.test.junit.TclTests" name="[2] /home/travis/build/icyphy/ptII/ptolemy/actor/lib/test/Average.tcl (RunTclFile)" time="0.065" />
  <testcase classname="ptolemy.util.test.junit.TclTests" name="[3] /home/travis/build/icyphy/ptII/ptolemy/actor/lib/test/Bernoulli.tcl (RunTclFile)" time="0.02" />
  <testcase classname="ptolemy.util.test.junit.TclTests" name="[4] /home/travis/build/icyphy/ptII/ptolemy/actor/lib/test/Clock.tcl (RunTclFile)" time="0.078" />
  <testcase classname="ptolemy.util.test.junit.TclTests" name="[5] /home/travis/build/icyphy/ptII/ptolemy/actor/lib/test/Commutator.tcl (RunTclFile)" time="0.094" />
  <testcase classname="ptolemy.util.test.junit.TclTests" name="[6] /home/travis/build/icyphy/ptII/ptolemy/actor/lib/test/Const.tcl (RunTclFile)" time="0.155" />
  <testcase classname="ptolemy.util.test.junit.TclTests" name="[7] /home/travis/build/icyphy/ptII/ptolemy/actor/lib/test/CurrentTime.tcl (RunTclFile)" time="0.024" />
  <testcase classname="ptolemy.util.test.junit.TclTests" name="[8] /home/travis/build/icyphy/ptII/ptolemy/actor/lib/test/DB.tcl (RunTclFile)" time="0.021" />
  <testcase classname="ptolemy.util.test.junit.TclTests" name="[9] /home/travis/build/icyphy/ptII/ptolemy/actor/lib/test/DiscreteRandomSource.tcl (RunTclFile)" time="0.03" />
  <testcase classname="ptolemy.util.test.junit.TclTests" name="[10] /home/travis/build/icyphy/ptII/ptolemy/actor/lib/test/Distributor.tcl (RunTclFile)" time="0.069" />
  <testcase classname="ptolemy.util.test.junit.TclTests" name="[11] /home/travis/build/icyphy/ptII/ptolemy/actor/lib/test/Exit.tcl (RunTclFile)" time="0.069" />
  <testcase classname="ptolemy.util.test.junit.TclTests" name="[12] /home/travis/build/icyphy/ptII/ptolemy/actor/lib/test/Expression.tcl (RunTclFile)" time="0.091" />
  <testcase classname="ptolemy.util.test.junit.TclTests" name="[13] /home/travis/build/icyphy/ptII/ptolemy/actor/lib/test/Gaussian.tcl (RunTclFile)" time="0.094" />
  <testcase classname="ptolemy.util.test.junit.TclTests" name="[14] /home/travis/build/icyphy/ptII/ptolemy/actor/lib/test/IIR.tcl (RunTclFile)" time="0.044" />
  <testcase classname="ptolemy.util.test.junit.TclTests" name="[15] /home/travis/build/icyphy/ptII/ptolemy/actor/lib/test/Interpolator.tcl (RunTclFile)" time="0.121" />
  <testcase classname="ptolemy.util.test.junit.TclTests" name="[16] /home/travis/build/icyphy/ptII/ptolemy/actor/lib/test/MathFunction.tcl (RunTclFile)" time="0.114" />
  <testcase classname="ptolemy.util.test.junit.TclTests" name="[17] /home/travis/build/icyphy/ptII/ptolemy/actor/lib/test/Maximum.tcl (RunTclFile)" time="0.049" />
  <testcase classname="ptolemy.util.test.junit.TclTests" name="[18] /home/travis/build/icyphy/ptII/ptolemy/actor/lib/test/Minimum.tcl (RunTclFile)" time="0.027" />
  <testcase classname="ptolemy.util.test.junit.TclTests" name="[19] /home/travis/build/icyphy/ptII/ptolemy/actor/lib/test/MultiplyDivide.tcl (RunTclFile)" time="0.044" />
  <testcase classname="ptolemy.util.test.junit.TclTests" name="[20] /home/travis/build/icyphy/ptII/ptolemy/actor/lib/test/OrderedMerge.tcl (RunTclFile)" time="0.095" />
  <testcase classname="ptolemy.util.test.junit.TclTests" name="[21] /home/travis/build/icyphy/ptII/ptolemy/actor/lib/test/Publisher.tcl (RunTclFile)" time="0.633" />
  <testcase classname="ptolemy.util.test.junit.TclTests" name="[22] /home/travis/build/icyphy/ptII/ptolemy/actor/lib/test/Pulse.tcl (RunTclFile)" time="0.047" />
  <testcase classname="ptolemy.util.test.junit.TclTests" name="[23] /home/travis/build/icyphy/ptII/ptolemy/actor/lib/test/Ramp.tcl (RunTclFile)" time="1.811" />
  <testcase classname="ptolemy.util.test.junit.TclTests" name="[24] /home/travis/build/icyphy/ptII/ptolemy/actor/lib/test/RampContinuous.tcl (RunTclFile)" time="0.021" />
  <testcase classname="ptolemy.util.test.junit.TclTests" name="[25] /home/travis/build/icyphy/ptII/ptolemy/actor/lib/test/RecordAssembler.tcl (RunTclFile)" time="0.02" />
  <testcase classname="ptolemy.util.test.junit.TclTests" name="[26] /home/travis/build/icyphy/ptII/ptolemy/actor/lib/test/RecordDisassembler.tcl (RunTclFile)" time="0.03" />
  <testcase classname="ptolemy.util.test.junit.TclTests" name="[27] /home/travis/build/icyphy/ptII/ptolemy/actor/lib/test/Scale.tcl (RunTclFile)" time="0.018" />
  <testcase classname="ptolemy.util.test.junit.TclTests" name="[28] /home/travis/build/icyphy/ptII/ptolemy/actor/lib/test/SequentialClock.tcl (RunTclFile)" time="0.013" />
  <testcase classname="ptolemy.util.test.junit.TclTests" name="[29] /home/travis/build/icyphy/ptII/ptolemy/actor/lib/test/SetVariable.tcl (RunTclFile)" time="0.018" />
  <testcase classname="ptolemy.util.test.junit.TclTests" name="[30] /home/travis/build/icyphy/ptII/ptolemy/actor/lib/test/Sinewave.tcl (RunTclFile)" time="0.06" />
  <testcase classname="ptolemy.util.test.junit.TclTests" name="[31] /home/travis/build/icyphy/ptII/ptolemy/actor/lib/test/SubscriptionAggregator.tcl (RunTclFile)" time="2.145" />
  <testcase classname="ptolemy.util.test.junit.TclTests" name="[32] /home/travis/build/icyphy/ptII/ptolemy/actor/lib/test/Test.tcl (RunTclFile)" time="0.106" />
  <testcase classname="ptolemy.util.test.junit.TclTests" name="[33] /home/travis/build/icyphy/ptII/ptolemy/actor/lib/test/TestExceptionHandler.tcl (RunTclFile)" time="0.013" />
  <testcase classname="ptolemy.util.test.junit.TclTests" name="[34] /home/travis/build/icyphy/ptII/ptolemy/actor/lib/test/UnionDisassembler.tcl (RunTclFile)" time="0.063" />
  <testcase classname="ptolemy.util.test.junit.TclTests" name="[35] /home/travis/build/icyphy/ptII/ptolemy/actor/lib/test/VariableClock.tcl (RunTclFile)" time="0.034" />
  <testcase classname="ptolemy.util.test.junit.AutoKnownFailedTests" name="[0] /home/travis/build/icyphy/ptII/ptolemy/actor/lib/test/auto/knownFailedTests/PublisherPortToplevelSubscriber.xml (RunModel)" time="0.017" />
  <testcase classname="ptolemy.util.test.junit.AutoKnownFailedTests" name="[1] /home/travis/build/icyphy/ptII/ptolemy/actor/lib/test/auto/knownFailedTests/PublisherSubscriberPortToplevel.xml (RunModel)" time="0.017" />
  <testcase classname="ptolemy.util.test.junit.AutoKnownFailedTests" name="[2] /home/travis/build/icyphy/ptII/ptolemy/actor/lib/test/auto/knownFailedTests/PublisherSubscriptionAggregatorPort.xml (RunModel)" time="0.03" />
  <testcase classname="ptolemy.util.test.junit.AutoKnownFailedTests" name="[3] /home/travis/build/icyphy/ptII/ptolemy/actor/lib/test/auto/knownFailedTests/sizedarray3.xml (RunModel)" time="0.027" />
  <testcase classname="ptolemy.util.test.junit.AutoNameArchTests" name="[0] ThereAreNoAutoArchTests (RunModel)" time="0.001" />
  <testcase classname="ptolemy.util.test.junit.AutoTests" name="[0] /home/travis/build/icyphy/ptII/ptolemy/actor/lib/test/auto/AbsoluteValue.xml (RunModel)" time="0.136" />
  <testcase classname="ptolemy.util.test.junit.AutoTests" name="[1] /home/travis/build/icyphy/ptII/ptolemy/actor/lib/test/auto/AbsoluteValue2.xml (RunModel)" time="0.079" />
  <testcase classname="ptolemy.util.test.junit.AutoTests" name="[2] /home/travis/build/icyphy/ptII/ptolemy/actor/lib/test/auto/Accumulator.xml (RunModel)" time="0.08" />
  <testcase classname="ptolemy.util.test.junit.AutoTests" name="[3] /home/travis/build/icyphy/ptII/ptolemy/actor/lib/test/auto/Accumulator2.xml (RunModel)" time="0.045" />
  <testcase classname="ptolemy.util.test.junit.AutoTests" name="[4] /home/travis/build/icyphy/ptII/ptolemy/actor/lib/test/auto/Accumulator3.xml (RunModel)" time="0.023" />
  <testcase classname="ptolemy.util.test.junit.AutoTests" name="[5] /home/travis/build/icyphy/ptII/ptolemy/actor/lib/test/auto/ArrayAppend.xml (RunModel)" time="0.036" />
  <testcase classname="ptolemy.util.test.junit.AutoTests" name="[6] /home/travis/build/icyphy/ptII/ptolemy/actor/lib/test/auto/ArrayAppend2.xml (RunModel)" time="0.373" />
  <testcase classname="ptolemy.util.test.junit.AutoTests" name="[7] /home/travis/build/icyphy/ptII/ptolemy/actor/lib/test/auto/ArrayAppend3.xml (RunModel)" time="0.061" />
  <testcase classname="ptolemy.util.test.junit.AutoTests" name="[8] /home/travis/build/icyphy/ptII/ptolemy/actor/lib/test/auto/ArrayAppend4.xml (RunModel)" time="0.015" />
  <testcase classname="ptolemy.util.test.junit.AutoTests" name="[9] /home/travis/build/icyphy/ptII/ptolemy/actor/lib/test/auto/ArrayAppend5.xml (RunModel)" time="0.023" />
  <testcase classname="ptolemy.util.test.junit.AutoTests" name="[10] /home/travis/build/icyphy/ptII/ptolemy/actor/lib/test/auto/ArrayAppend6.xml (RunModel)" time="0.027" />
  <testcase classname="ptolemy.util.test.junit.AutoTests" name="[11] /home/travis/build/icyphy/ptII/ptolemy/actor/lib/test/auto/ArrayAppendPerformanceTest.xml (RunModel)" time="0.051" />
  <testcase classname="ptolemy.util.test.junit.AutoTests" name="[12] /home/travis/build/icyphy/ptII/ptolemy/actor/lib/test/auto/ArrayAppendWithEmptyInput.xml (RunModel)" time="0.058" />
  <testcase classname="ptolemy.util.test.junit.AutoTests" name="[13] /home/travis/build/icyphy/ptII/ptolemy/actor/lib/test/auto/ArrayAverage.xml (RunModel)" time="0.05" />
  <testcase classname="ptolemy.util.test.junit.AutoTests" name="[14] /home/travis/build/icyphy/ptII/ptolemy/actor/lib/test/auto/ArrayContains.xml (RunModel)" time="0.031" />
  <testcase classname="ptolemy.util.test.junit.AutoTests" name="[15] /home/travis/build/icyphy/ptII/ptolemy/actor/lib/test/auto/ArrayElement.xml (RunModel)" time="0.029" />
  <testcase classname="ptolemy.util.test.junit.AutoTests" name="[16] /home/travis/build/icyphy/ptII/ptolemy/actor/lib/test/auto/ArrayElementAsMatrix.xml (RunModel)" time="0.084" />
  <testcase classname="ptolemy.util.test.junit.AutoTests" name="[17] /home/travis/build/icyphy/ptII/ptolemy/actor/lib/test/auto/ArrayElementI.xml (RunModel)" time="0.02" />
  <testcase classname="ptolemy.util.test.junit.AutoTests" name="[18] /home/travis/build/icyphy/ptII/ptolemy/actor/lib/test/auto/ArrayExtract.xml (RunModel)" time="0.03" />
  <testcase classname="ptolemy.util.test.junit.AutoTests" name="[19] /home/travis/build/icyphy/ptII/ptolemy/actor/lib/test/auto/ArrayExtract2.xml (RunModel)" time="0.026" />
  <testcase classname="ptolemy.util.test.junit.AutoTests" name="[20] /home/travis/build/icyphy/ptII/ptolemy/actor/lib/test/auto/ArrayLength.xml (RunModel)" time="0.019" />
  <testcase classname="ptolemy.util.test.junit.AutoTests" name="[21] /home/travis/build/icyphy/ptII/ptolemy/actor/lib/test/auto/ArrayLevelCrossing.xml (RunModel)" time="0.028" />
  <testcase classname="ptolemy.util.test.junit.AutoTests" name="[22] /home/travis/build/icyphy/ptII/ptolemy/actor/lib/test/auto/ArrayLevelCrossing2.xml (RunModel)" time="0.023" />
  <testcase classname="ptolemy.util.test.junit.AutoTests" name="[23] /home/travis/build/icyphy/ptII/ptolemy/actor/lib/test/auto/ArrayPeakSearch.xml (RunModel)" time="0.03" />
  <testcase classname="ptolemy.util.test.junit.AutoTests" name="[24] /home/travis/build/icyphy/ptII/ptolemy/actor/lib/test/auto/ArrayPeakSearch2.xml (RunModel)" time="0.034" />
  <testcase classname="ptolemy.util.test.junit.AutoTests" name="[25] /home/travis/build/icyphy/ptII/ptolemy/actor/lib/test/auto/ArrayPeakSearch3.xml (RunModel)" time="0.029" />
  <testcase classname="ptolemy.util.test.junit.AutoTests" name="[26] /home/travis/build/icyphy/ptII/ptolemy/actor/lib/test/auto/ArrayRemoveElement.xml (RunModel)" time="0.029" />
  <testcase classname="ptolemy.util.test.junit.AutoTests" name="[27] /home/travis/build/icyphy/ptII/ptolemy/actor/lib/test/auto/ArraySort.xml (RunModel)" time="0.033" />
  <testcase classname="ptolemy.util.test.junit.AutoTests" name="[28] /home/travis/build/icyphy/ptII/ptolemy/actor/lib/test/auto/ArraySum.xml (RunModel)" time="0.019" />
  <testcase classname="ptolemy.util.test.junit.AutoTests" name="[29] /home/travis/build/icyphy/ptII/ptolemy/actor/lib/test/auto/ArrayToElements.xml (RunModel)" time="0.016" />
  <testcase classname="ptolemy.util.test.junit.AutoTests" name="[30] /home/travis/build/icyphy/ptII/ptolemy/actor/lib/test/auto/ArrayToMatrix.xml (RunModel)" time="0.051" />
  <testcase classname="ptolemy.util.test.junit.AutoTests" name="[31] /home/travis/build/icyphy/ptII/ptolemy/actor/lib/test/auto/ArrayUpdate1.xml (RunModel)" time="0.02" />
  <testcase classname="ptolemy.util.test.junit.AutoTests" name="[32] /home/travis/build/icyphy/ptII/ptolemy/actor/lib/test/auto/ArrayUpdate2.xml (RunModel)" time="0.029" />
  <testcase classname="ptolemy.util.test.junit.AutoTests" name="[33] /home/travis/build/icyphy/ptII/ptolemy/actor/lib/test/auto/ArrayUpdate3.xml (RunModel)" time="0.039" />
  <testcase classname="ptolemy.util.test.junit.AutoTests" name="[34] /home/travis/build/icyphy/ptII/ptolemy/actor/lib/test/auto/Assert1.xml (RunModel)" time="0.023" />
  <testcase classname="ptolemy.util.test.junit.AutoTests" name="[35] /home/travis/build/icyphy/ptII/ptolemy/actor/lib/test/auto/Assert2.xml (RunModel)" time="0.015" />
  <testcase classname="ptolemy.util.test.junit.AutoTests" name="[36] /home/travis/build/icyphy/ptII/ptolemy/actor/lib/test/auto/BooleanMultiplexor.xml (RunModel)" time="0.013" />
  <testcase classname="ptolemy.util.test.junit.AutoTests" name="[37] /home/travis/build/icyphy/ptII/ptolemy/actor/lib/test/auto/BooleanMultiplexor2.xml (RunModel)" time="0.026" />
  <testcase classname="ptolemy.util.test.junit.AutoTests" name="[38] /home/travis/build/icyphy/ptII/ptolemy/actor/lib/test/auto/BooleanMultiplexor3.xml (RunModel)" time="0.023" />
  <testcase classname="ptolemy.util.test.junit.AutoTests" name="[39] /home/travis/build/icyphy/ptII/ptolemy/actor/lib/test/auto/BooleanSelect.xml (RunModel)" time="0.016" />
  <testcase classname="ptolemy.util.test.junit.AutoTests" name="[40] /home/travis/build/icyphy/ptII/ptolemy/actor/lib/test/auto/BooleanSelect2.xml (RunModel)" time="0.014" />
  <testcase classname="ptolemy.util.test.junit.AutoTests" name="[41] /home/travis/build/icyphy/ptII/ptolemy/actor/lib/test/auto/BooleanSwitch.xml (RunModel)" time="0.014" />
  <testcase classname="ptolemy.util.test.junit.AutoTests" name="[42] /home/travis/build/icyphy/ptII/ptolemy/actor/lib/test/auto/BooleanSwitch2.xml (RunModel)" time="0.011" />
  <testcase classname="ptolemy.util.test.junit.AutoTests" name="[43] /home/travis/build/icyphy/ptII/ptolemy/actor/lib/test/auto/BooleanSwitchCloningBugWithClassRelationGroup.xml (RunModel)" time="0.022" />
  <testcase classname="ptolemy.util.test.junit.AutoTests" name="[44] /home/travis/build/icyphy/ptII/ptolemy/actor/lib/test/auto/BusActors.xml (RunModel)" time="0.038" />
  <testcase classname="ptolemy.util.test.junit.AutoTests" name="[45] /home/travis/build/icyphy/ptII/ptolemy/actor/lib/test/auto/ClassWrapper.xml (RunModel)" time="0.01" />
  <testcase classname="ptolemy.util.test.junit.AutoTests" name="[46] /home/travis/build/icyphy/ptII/ptolemy/actor/lib/test/auto/Clock.xml (RunModel)" time="0.008" />
  <testcase classname="ptolemy.util.test.junit.AutoTests" name="[47] /home/travis/build/icyphy/ptII/ptolemy/actor/lib/test/auto/Clock10.xml (RunModel)" time="0.093" />
  <testcase classname="ptolemy.util.test.junit.AutoTests" name="[48] /home/travis/build/icyphy/ptII/ptolemy/actor/lib/test/auto/Clock11.xml (RunModel)" time="0.018" />
  <testcase classname="ptolemy.util.test.junit.AutoTests" name="[49] /home/travis/build/icyphy/ptII/ptolemy/actor/lib/test/auto/Clock12.xml (RunModel)" time="0.018" />
  <testcase classname="ptolemy.util.test.junit.AutoTests" name="[50] /home/travis/build/icyphy/ptII/ptolemy/actor/lib/test/auto/Clock13.xml (RunModel)" time="0.016" />
  <testcase classname="ptolemy.util.test.junit.AutoTests" name="[51] /home/travis/build/icyphy/ptII/ptolemy/actor/lib/test/auto/Clock14.xml (RunModel)" time="0.021" />
  <testcase classname="ptolemy.util.test.junit.AutoTests" name="[52] /home/travis/build/icyphy/ptII/ptolemy/actor/lib/test/auto/Clock15.xml (RunModel)" time="0.015" />
  <testcase classname="ptolemy.util.test.junit.AutoTests" name="[53] /home/travis/build/icyphy/ptII/ptolemy/actor/lib/test/auto/Clock16.xml (RunModel)" time="0.104" />
  <testcase classname="ptolemy.util.test.junit.AutoTests" name="[54] /home/travis/build/icyphy/ptII/ptolemy/actor/lib/test/auto/Clock17.xml (RunModel)" time="0.054" />
  <testcase classname="ptolemy.util.test.junit.AutoTests" name="[55] /home/travis/build/icyphy/ptII/ptolemy/actor/lib/test/auto/Clock18.xml (RunModel)" time="0.053" />
  <testcase classname="ptolemy.util.test.junit.AutoTests" name="[56] /home/travis/build/icyphy/ptII/ptolemy/actor/lib/test/auto/Clock19.xml (RunModel)" time="0.041" />
  <testcase classname="ptolemy.util.test.junit.AutoTests" name="[57] /home/travis/build/icyphy/ptII/ptolemy/actor/lib/test/auto/Clock2.xml (RunModel)" time="0.015" />
  <testcase classname="ptolemy.util.test.junit.AutoTests" name="[58] /home/travis/build/icyphy/ptII/ptolemy/actor/lib/test/auto/Clock20.xml (RunModel)" time="0.027" />
  <testcase classname="ptolemy.util.test.junit.AutoTests" name="[59] /home/travis/build/icyphy/ptII/ptolemy/actor/lib/test/auto/Clock21.xml (RunModel)" time="0.017" />
  <testcase classname="ptolemy.util.test.junit.AutoTests" name="[60] /home/travis/build/icyphy/ptII/ptolemy/actor/lib/test/auto/Clock22.xml (RunModel)" time="0.016" />
  <testcase classname="ptolemy.util.test.junit.AutoTests" name="[61] /home/travis/build/icyphy/ptII/ptolemy/actor/lib/test/auto/Clock23.xml (RunModel)" time="0.02" />
  <testcase classname="ptolemy.util.test.junit.AutoTests" name="[62] /home/travis/build/icyphy/ptII/ptolemy/actor/lib/test/auto/Clock24.xml (RunModel)" time="0.019" />
  <testcase classname="ptolemy.util.test.junit.AutoTests" name="[63] /home/travis/build/icyphy/ptII/ptolemy/actor/lib/test/auto/Clock4.xml (RunModel)" time="0.016" />
  <testcase classname="ptolemy.util.test.junit.AutoTests" name="[64] /home/travis/build/icyphy/ptII/ptolemy/actor/lib/test/auto/Clock5.xml (RunModel)" time="0.023" />
  <testcase classname="ptolemy.util.test.junit.AutoTests" name="[65] /home/travis/build/icyphy/ptII/ptolemy/actor/lib/test/auto/Clock6.xml (RunModel)" time="0.01" />
  <testcase classname="ptolemy.util.test.junit.AutoTests" name="[66] /home/travis/build/icyphy/ptII/ptolemy/actor/lib/test/auto/Clock7.xml (RunModel)" time="0.011" />
  <testcase classname="ptolemy.util.test.junit.AutoTests" name="[67] /home/travis/build/icyphy/ptII/ptolemy/actor/lib/test/auto/Clock8.xml (RunModel)" time="0.017" />
  <testcase classname="ptolemy.util.test.junit.AutoTests" name="[68] /home/travis/build/icyphy/ptII/ptolemy/actor/lib/test/auto/Clock9.xml (RunModel)" time="0.016" />
  <testcase classname="ptolemy.util.test.junit.AutoTests" name="[69] /home/travis/build/icyphy/ptII/ptolemy/actor/lib/test/auto/CommDistDiscard.xml (RunModel)" time="0.025" />
  <testcase classname="ptolemy.util.test.junit.AutoTests" name="[70] /home/travis/build/icyphy/ptII/ptolemy/actor/lib/test/auto/Commutator.xml (RunModel)" time="0.015" />
  <testcase classname="ptolemy.util.test.junit.AutoTests" name="[71] /home/travis/build/icyphy/ptII/ptolemy/actor/lib/test/auto/Commutator2.xml (RunModel)" time="0.01" />
  <testcase classname="ptolemy.util.test.junit.AutoTests" name="[72] /home/travis/build/icyphy/ptII/ptolemy/actor/lib/test/auto/Commutator3.xml (RunModel)" time="0.013" />
  <testcase classname="ptolemy.util.test.junit.AutoTests" name="[73] /home/travis/build/icyphy/ptII/ptolemy/actor/lib/test/auto/Compare.xml (RunModel)" time="0.018" />
  <testcase classname="ptolemy.util.test.junit.AutoTests" name="[74] /home/travis/build/icyphy/ptII/ptolemy/actor/lib/test/auto/CompareDE.xml (RunModel)" time="0.017" />
  <testcase classname="ptolemy.util.test.junit.AutoTests" name="[75] /home/travis/build/icyphy/ptII/ptolemy/actor/lib/test/auto/ComplexDivide.xml (RunModel)" time="0.008" />
  <testcase classname="ptolemy.util.test.junit.AutoTests" name="[76] /home/travis/build/icyphy/ptII/ptolemy/actor/lib/test/auto/ComputeHistogram.xml (RunModel)" time="0.077" />
  <testcase classname="ptolemy.util.test.junit.AutoTests" name="[77] /home/travis/build/icyphy/ptII/ptolemy/actor/lib/test/auto/ConfigurationSelect.xml (RunModel)" time="0.018" />
  <testcase classname="ptolemy.util.test.junit.AutoTests" name="[78] /home/travis/build/icyphy/ptII/ptolemy/actor/lib/test/auto/ConfigurationSelect2.xml (RunModel)" time="0.012" />
  <testcase classname="ptolemy.util.test.junit.AutoTests" name="[79] /home/travis/build/icyphy/ptII/ptolemy/actor/lib/test/auto/ConfigurationSwitch.xml (RunModel)" time="0.023" />
  <testcase classname="ptolemy.util.test.junit.AutoTests" name="[80] /home/travis/build/icyphy/ptII/ptolemy/actor/lib/test/auto/ConfigurationSwitch2.xml (RunModel)" time="0.02" />
  <testcase classname="ptolemy.util.test.junit.AutoTests" name="[81] /home/travis/build/icyphy/ptII/ptolemy/actor/lib/test/auto/ConfigurationSwitchCloningBugWithClassRelationGroup.xml (RunModel)" time="0.022" />
  <testcase classname="ptolemy.util.test.junit.AutoTests" name="[82] /home/travis/build/icyphy/ptII/ptolemy/actor/lib/test/auto/ConfigurationSwitchSelectSDF.xml (RunModel)" time="0.014" />
  <testcase classname="ptolemy.util.test.junit.AutoTests" name="[83] /home/travis/build/icyphy/ptII/ptolemy/actor/lib/test/auto/ConfigurationSwitchSelectSDF2.xml (RunModel)" time="0.013" />
  <testcase classname="ptolemy.util.test.junit.AutoTests" name="[84] /home/travis/build/icyphy/ptII/ptolemy/actor/lib/test/auto/Const.xml (RunModel)" time="0.006" />
  <testcase classname="ptolemy.util.test.junit.AutoTests" name="[85] /home/travis/build/icyphy/ptII/ptolemy/actor/lib/test/auto/Const2.xml (RunModel)" time="0.014" />
  <testcase classname="ptolemy.util.test.junit.AutoTests" name="[86] /home/travis/build/icyphy/ptII/ptolemy/actor/lib/test/auto/Const3.xml (RunModel)" time="0.007" />
  <testcase classname="ptolemy.util.test.junit.AutoTests" name="[87] /home/travis/build/icyphy/ptII/ptolemy/actor/lib/test/auto/ConstantPublisherPort1.xml (RunModel)" time="0.024" />
  <testcase classname="ptolemy.util.test.junit.AutoTests" name="[88] /home/travis/build/icyphy/ptII/ptolemy/actor/lib/test/auto/ConstantPublisherPort2.xml (RunModel)" time="0.031" />
  <testcase classname="ptolemy.util.test.junit.AutoTests" name="[89] /home/travis/build/icyphy/ptII/ptolemy/actor/lib/test/auto/ConstantPublisherPort3.xml (RunModel)" time="0.019" />
  <testcase classname="ptolemy.util.test.junit.AutoTests" name="[90] /home/travis/build/icyphy/ptII/ptolemy/actor/lib/test/auto/ConstantPublisherPort4.xml (RunModel)" time="0.018" />
  <testcase classname="ptolemy.util.test.junit.AutoTests" name="[91] /home/travis/build/icyphy/ptII/ptolemy/actor/lib/test/auto/ConstantPublisherPort5.xml (RunModel)" time="0.038" />
  <testcase classname="ptolemy.util.test.junit.AutoTests" name="[92] /home/travis/build/icyphy/ptII/ptolemy/actor/lib/test/auto/ConstantPublisherPort6.xml (RunModel)" time="0.031" />
  <testcase classname="ptolemy.util.test.junit.AutoTests" name="[93] /home/travis/build/icyphy/ptII/ptolemy/actor/lib/test/auto/ConstantPublisherPort7.xml (RunModel)" time="0.032" />
  <testcase classname="ptolemy.util.test.junit.AutoTests" name="[94] /home/travis/build/icyphy/ptII/ptolemy/actor/lib/test/auto/ConstraintMonitor1.xml (RunModel)" time="0.037" />
  <testcase classname="ptolemy.util.test.junit.AutoTests" name="[95] /home/travis/build/icyphy/ptII/ptolemy/actor/lib/test/auto/ConstraintMonitor2.xml (RunModel)" time="0.021" />
  <testcase classname="ptolemy.util.test.junit.AutoTests" name="[96] /home/travis/build/icyphy/ptII/ptolemy/actor/lib/test/auto/ConstraintMonitor3.xml (RunModel)" time="0.016" />
  <testcase classname="ptolemy.util.test.junit.AutoTests" name="[97] /home/travis/build/icyphy/ptII/ptolemy/actor/lib/test/auto/ConstraintMonitor4.xml (RunModel)" time="0.012" />
  <testcase classname="ptolemy.util.test.junit.AutoTests" name="[98] /home/travis/build/icyphy/ptII/ptolemy/actor/lib/test/auto/ConstraintMonitor5.xml (RunModel)" time="0.013" />
  <testcase classname="ptolemy.util.test.junit.AutoTests" name="[99] /home/travis/build/icyphy/ptII/ptolemy/actor/lib/test/auto/ConstraintMonitor6.xml (RunModel)" time="0.016" />
  <testcase classname="ptolemy.util.test.junit.AutoTests" name="[100] /home/travis/build/icyphy/ptII/ptolemy/actor/lib/test/auto/ConstraintMonitor7.xml (RunModel)" time="0.022" />
  <testcase classname="ptolemy.util.test.junit.AutoTests" name="[101] /home/travis/build/icyphy/ptII/ptolemy/actor/lib/test/auto/ConstraintMonitor8.xml (RunModel)" time="0.044" />
  <testcase classname="ptolemy.util.test.junit.AutoTests" name="[102] /home/travis/build/icyphy/ptII/ptolemy/actor/lib/test/auto/Counter.xml (RunModel)" time="0.024" />
  <testcase classname="ptolemy.util.test.junit.AutoTests" name="[103] /home/travis/build/icyphy/ptII/ptolemy/actor/lib/test/auto/CurrentTimeSDF.xml (RunModel)" time="0.015" />
  <testcase classname="ptolemy.util.test.junit.AutoTests" name="[104] /home/travis/build/icyphy/ptII/ptolemy/actor/lib/test/auto/DB.xml (RunModel)" time="0.014" />
  <testcase classname="ptolemy.util.test.junit.AutoTests" name="[105] /home/travis/build/icyphy/ptII/ptolemy/actor/lib/test/auto/DBDE.xml (RunModel)" time="0.024" />
  <testcase classname="ptolemy.util.test.junit.AutoTests" name="[106] /home/travis/build/icyphy/ptII/ptolemy/actor/lib/test/auto/DateConstructor.xml (RunModel)" time="0.059" />
  <testcase classname="ptolemy.util.test.junit.AutoTests" name="[107] /home/travis/build/icyphy/ptII/ptolemy/actor/lib/test/auto/DelayTime.xml (RunModel)" time="0.016" />
  <testcase classname="ptolemy.util.test.junit.AutoTests" name="[108] /home/travis/build/icyphy/ptII/ptolemy/actor/lib/test/auto/Dictionary1.xml (RunModel)" time="0.016" />
  <testcase classname="ptolemy.util.test.junit.AutoTests" name="[109] /home/travis/build/icyphy/ptII/ptolemy/actor/lib/test/auto/Dictionary2.xml (RunModel)" time="0.014" />
  <testcase classname="ptolemy.util.test.junit.AutoTests" name="[110] /home/travis/build/icyphy/ptII/ptolemy/actor/lib/test/auto/Dictionary3.xml (RunModel)" time="0.014" />
  <testcase classname="ptolemy.util.test.junit.AutoTests" name="[111] /home/travis/build/icyphy/ptII/ptolemy/actor/lib/test/auto/Dictionary4.xml (RunModel)" time="0.017" />
  <testcase classname="ptolemy.util.test.junit.AutoTests" name="[112] /home/travis/build/icyphy/ptII/ptolemy/actor/lib/test/auto/Differential.xml (RunModel)" time="0.011" />
  <testcase classname="ptolemy.util.test.junit.AutoTests" name="[113] /home/travis/build/icyphy/ptII/ptolemy/actor/lib/test/auto/Director.xml (RunModel)" time="0.01" />
  <testcase classname="ptolemy.util.test.junit.AutoTests" name="[114] /home/travis/build/icyphy/ptII/ptolemy/actor/lib/test/auto/DiscreteClock.xml (RunModel)" time="0.008" />
  <testcase classname="ptolemy.util.test.junit.AutoTests" name="[115] /home/travis/build/icyphy/ptII/ptolemy/actor/lib/test/auto/DiscreteClock10.xml (RunModel)" time="0.012" />
  <testcase classname="ptolemy.util.test.junit.AutoTests" name="[116] /home/travis/build/icyphy/ptII/ptolemy/actor/lib/test/auto/DiscreteClock11.xml (RunModel)" time="0.013" />
  <testcase classname="ptolemy.util.test.junit.AutoTests" name="[117] /home/travis/build/icyphy/ptII/ptolemy/actor/lib/test/auto/DiscreteClock12.xml (RunModel)" time="0.012" />
  <testcase classname="ptolemy.util.test.junit.AutoTests" name="[118] /home/travis/build/icyphy/ptII/ptolemy/actor/lib/test/auto/DiscreteClock13.xml (RunModel)" time="0.012" />
  <testcase classname="ptolemy.util.test.junit.AutoTests" name="[119] /home/travis/build/icyphy/ptII/ptolemy/actor/lib/test/auto/DiscreteClock14.xml (RunModel)" time="0.012" />
  <testcase classname="ptolemy.util.test.junit.AutoTests" name="[120] /home/travis/build/icyphy/ptII/ptolemy/actor/lib/test/auto/DiscreteClock15.xml (RunModel)" time="0.012" />
  <testcase classname="ptolemy.util.test.junit.AutoTests" name="[121] /home/travis/build/icyphy/ptII/ptolemy/actor/lib/test/auto/DiscreteClock16.xml (RunModel)" time="0.539" />
  <testcase classname="ptolemy.util.test.junit.AutoTests" name="[122] /home/travis/build/icyphy/ptII/ptolemy/actor/lib/test/auto/DiscreteClock17.xml (RunModel)" time="0.043" />
  <testcase classname="ptolemy.util.test.junit.AutoTests" name="[123] /home/travis/build/icyphy/ptII/ptolemy/actor/lib/test/auto/DiscreteClock18.xml (RunModel)" time="0.046" />
  <testcase classname="ptolemy.util.test.junit.AutoTests" name="[124] /home/travis/build/icyphy/ptII/ptolemy/actor/lib/test/auto/DiscreteClock19.xml (RunModel)" time="0.05" />
  <testcase classname="ptolemy.util.test.junit.AutoTests" name="[125] /home/travis/build/icyphy/ptII/ptolemy/actor/lib/test/auto/DiscreteClock2.xml (RunModel)" time="0.013" />
  <testcase classname="ptolemy.util.test.junit.AutoTests" name="[126] /home/travis/build/icyphy/ptII/ptolemy/actor/lib/test/auto/DiscreteClock20.xml (RunModel)" time="0.024" />
  <testcase classname="ptolemy.util.test.junit.AutoTests" name="[127] /home/travis/build/icyphy/ptII/ptolemy/actor/lib/test/auto/DiscreteClock21.xml (RunModel)" time="0.015" />
  <testcase classname="ptolemy.util.test.junit.AutoTests" name="[128] /home/travis/build/icyphy/ptII/ptolemy/actor/lib/test/auto/DiscreteClock22.xml (RunModel)" time="0.018" />
  <testcase classname="ptolemy.util.test.junit.AutoTests" name="[129] /home/travis/build/icyphy/ptII/ptolemy/actor/lib/test/auto/DiscreteClock23.xml (RunModel)" time="0.021" />
  <testcase classname="ptolemy.util.test.junit.AutoTests" name="[130] /home/travis/build/icyphy/ptII/ptolemy/actor/lib/test/auto/DiscreteClock24.xml (RunModel)" time="0.016" />
  <testcase classname="ptolemy.util.test.junit.AutoTests" name="[131] /home/travis/build/icyphy/ptII/ptolemy/actor/lib/test/auto/DiscreteClock4.xml (RunModel)" time="0.01" />
  <testcase classname="ptolemy.util.test.junit.AutoTests" name="[132] /home/travis/build/icyphy/ptII/ptolemy/actor/lib/test/auto/DiscreteClock5.xml (RunModel)" time="0.009" />
  <testcase classname="ptolemy.util.test.junit.AutoTests" name="[133] /home/travis/build/icyphy/ptII/ptolemy/actor/lib/test/auto/DiscreteClock6.xml (RunModel)" time="0.008" />
  <testcase classname="ptolemy.util.test.junit.AutoTests" name="[134] /home/travis/build/icyphy/ptII/ptolemy/actor/lib/test/auto/DiscreteClock7.xml (RunModel)" time="0.011" />
  <testcase classname="ptolemy.util.test.junit.AutoTests" name="[135] /home/travis/build/icyphy/ptII/ptolemy/actor/lib/test/auto/DiscreteClock8.xml (RunModel)" time="0.014" />
  <testcase classname="ptolemy.util.test.junit.AutoTests" name="[136] /home/travis/build/icyphy/ptII/ptolemy/actor/lib/test/auto/DiscreteClock9.xml (RunModel)" time="0.01" />
  <testcase classname="ptolemy.util.test.junit.AutoTests" name="[137] /home/travis/build/icyphy/ptII/ptolemy/actor/lib/test/auto/DisplayArray.xml (RunModel)" time="0.008" />
  <testcase classname="ptolemy.util.test.junit.AutoTests" name="[138] /home/travis/build/icyphy/ptII/ptolemy/actor/lib/test/auto/Distributor.xml (RunModel)" time="0.009" />
  <testcase classname="ptolemy.util.test.junit.AutoTests" name="[139] /home/travis/build/icyphy/ptII/ptolemy/actor/lib/test/auto/Distributor2.xml (RunModel)" time="0.009" />
  <testcase classname="ptolemy.util.test.junit.AutoTests" name="[140] /home/travis/build/icyphy/ptII/ptolemy/actor/lib/test/auto/DownSample.xml (RunModel)" time="0.009" />
  <testcase classname="ptolemy.util.test.junit.AutoTests" name="[141] /home/travis/build/icyphy/ptII/ptolemy/actor/lib/test/auto/ElectronicUnitBase1.xml (RunModel)" time="0.054" />
  <testcase classname="ptolemy.util.test.junit.AutoTests" name="[142] /home/travis/build/icyphy/ptII/ptolemy/actor/lib/test/auto/ElementsToArray.xml (RunModel)" time="0.01" />
  <testcase classname="ptolemy.util.test.junit.AutoTests" name="[143] /home/travis/build/icyphy/ptII/ptolemy/actor/lib/test/auto/Equals.xml (RunModel)" time="0.011" />
  <testcase classname="ptolemy.util.test.junit.AutoTests" name="[144] /home/travis/build/icyphy/ptII/ptolemy/actor/lib/test/auto/Exec.xml (RunModel)" time="0.017" />
  <testcase classname="ptolemy.util.test.junit.AutoTests" name="[145] /home/travis/build/icyphy/ptII/ptolemy/actor/lib/test/auto/ExecEnvironment.xml (RunModel)" time="0.037" />
  <testcase classname="ptolemy.util.test.junit.AutoTests" name="[146] /home/travis/build/icyphy/ptII/ptolemy/actor/lib/test/auto/ExecNonZeroReturnOutput.xml (RunModel)" time="0.15" />
  <testcase classname="ptolemy.util.test.junit.AutoTests" name="[147] /home/travis/build/icyphy/ptII/ptolemy/actor/lib/test/auto/ExecRunDemos.xml (RunModel)" time="9.445" />
  <testcase classname="ptolemy.util.test.junit.AutoTests" name="[148] /home/travis/build/icyphy/ptII/ptolemy/actor/lib/test/auto/ExecStop.xml (RunModel)" time="5.026" />
  <testcase classname="ptolemy.util.test.junit.AutoTests" name="[149] /home/travis/build/icyphy/ptII/ptolemy/actor/lib/test/auto/ExecutionTimeSDF.xml (RunModel)" time="6.033" />
  <testcase classname="ptolemy.util.test.junit.AutoTests" name="[150] /home/travis/build/icyphy/ptII/ptolemy/actor/lib/test/auto/Expression1.xml (RunModel)" time="0.009" />
  <testcase classname="ptolemy.util.test.junit.AutoTests" name="[151] /home/travis/build/icyphy/ptII/ptolemy/actor/lib/test/auto/Expression10.xml (RunModel)" time="0.023" />
  <testcase classname="ptolemy.util.test.junit.AutoTests" name="[152] /home/travis/build/icyphy/ptII/ptolemy/actor/lib/test/auto/Expression11.xml (RunModel)" time="0.012" />
  <testcase classname="ptolemy.util.test.junit.AutoTests" name="[153] /home/travis/build/icyphy/ptII/ptolemy/actor/lib/test/auto/Expression12.xml (RunModel)" time="0.014" />
  <testcase classname="ptolemy.util.test.junit.AutoTests" name="[154] /home/travis/build/icyphy/ptII/ptolemy/actor/lib/test/auto/Expression13.xml (RunModel)" time="0.014" />
  <testcase classname="ptolemy.util.test.junit.AutoTests" name="[155] /home/travis/build/icyphy/ptII/ptolemy/actor/lib/test/auto/Expression14.xml (RunModel)" time="0.017" />
  <testcase classname="ptolemy.util.test.junit.AutoTests" name="[156] /home/travis/build/icyphy/ptII/ptolemy/actor/lib/test/auto/Expression15.xml (RunModel)" time="0.009" />
  <testcase classname="ptolemy.util.test.junit.AutoTests" name="[157] /home/travis/build/icyphy/ptII/ptolemy/actor/lib/test/auto/Expression16.xml (RunModel)" time="0.013" />
  <testcase classname="ptolemy.util.test.junit.AutoTests" name="[158] /home/travis/build/icyphy/ptII/ptolemy/actor/lib/test/auto/Expression17.xml (RunModel)" time="0.013" />
  <testcase classname="ptolemy.util.test.junit.AutoTests" name="[159] /home/travis/build/icyphy/ptII/ptolemy/actor/lib/test/auto/Expression18.xml (RunModel)" time="0.014" />
  <testcase classname="ptolemy.util.test.junit.AutoTests" name="[160] /home/travis/build/icyphy/ptII/ptolemy/actor/lib/test/auto/Expression2.xml (RunModel)" time="0.015" />
  <testcase classname="ptolemy.util.test.junit.AutoTests" name="[161] /home/travis/build/icyphy/ptII/ptolemy/actor/lib/test/auto/Expression3.xml (RunModel)" time="0.021" />
  <testcase classname="ptolemy.util.test.junit.AutoTests" name="[162] /home/travis/build/icyphy/ptII/ptolemy/actor/lib/test/auto/Expression4.xml (RunModel)" time="0.02" />
  <testcase classname="ptolemy.util.test.junit.AutoTests" name="[163] /home/travis/build/icyphy/ptII/ptolemy/actor/lib/test/auto/Expression5.xml (RunModel)" time="0.016" />
  <testcase classname="ptolemy.util.test.junit.AutoTests" name="[164] /home/travis/build/icyphy/ptII/ptolemy/actor/lib/test/auto/Expression6.xml (RunModel)" time="0.011" />
  <testcase classname="ptolemy.util.test.junit.AutoTests" name="[165] /home/travis/build/icyphy/ptII/ptolemy/actor/lib/test/auto/Expression7.xml (RunModel)" time="0.013" />
  <testcase classname="ptolemy.util.test.junit.AutoTests" name="[166] /home/travis/build/icyphy/ptII/ptolemy/actor/lib/test/auto/Expression8.xml (RunModel)" time="0.019" />
  <testcase classname="ptolemy.util.test.junit.AutoTests" name="[167] /home/travis/build/icyphy/ptII/ptolemy/actor/lib/test/auto/Expression9.xml (RunModel)" time="0.012" />
  <testcase classname="ptolemy.util.test.junit.AutoTests" name="[168] /home/travis/build/icyphy/ptII/ptolemy/actor/lib/test/auto/ExpressionConcatenateArrayType.xml (RunModel)" time="0.028" />
  <testcase classname="ptolemy.util.test.junit.AutoTests" name="[169] /home/travis/build/icyphy/ptII/ptolemy/actor/lib/test/auto/ExpressionConcatenateArrayType2.xml (RunModel)" time="0.023" />
  <testcase classname="ptolemy.util.test.junit.AutoTests" name="[170] /home/travis/build/icyphy/ptII/ptolemy/actor/lib/test/auto/ExpressionFix.xml (RunModel)" time="0.046" />
  <testcase classname="ptolemy.util.test.junit.AutoTests" name="[171] /home/travis/build/icyphy/ptII/ptolemy/actor/lib/test/auto/ExpressionFix2.xml (RunModel)" time="0.017" />
  <testcase classname="ptolemy.util.test.junit.AutoTests" name="[172] /home/travis/build/icyphy/ptII/ptolemy/actor/lib/test/auto/ExpressionFix3.xml (RunModel)" time="0.015" />
  <testcase classname="ptolemy.util.test.junit.AutoTests" name="[173] /home/travis/build/icyphy/ptII/ptolemy/actor/lib/test/auto/FileWriter1.xml (RunModel)" time="0.011" />
  <testcase classname="ptolemy.util.test.junit.AutoTests" name="[174] /home/travis/build/icyphy/ptII/ptolemy/actor/lib/test/auto/FileWriter2.xml (RunModel)" time="0.011" />
  <testcase classname="ptolemy.util.test.junit.AutoTests" name="[175] /home/travis/build/icyphy/ptII/ptolemy/actor/lib/test/auto/FileWriter3.xml (RunModel)" time="0.021" />
  <testcase classname="ptolemy.util.test.junit.AutoTests" name="[176] /home/travis/build/icyphy/ptII/ptolemy/actor/lib/test/auto/Gaussian.xml (RunModel)" time="0.009" />
  <testcase classname="ptolemy.util.test.junit.AutoTests" name="[177] /home/travis/build/icyphy/ptII/ptolemy/actor/lib/test/auto/Gaussian1.xml (RunModel)" time="0.011" />
  <testcase classname="ptolemy.util.test.junit.AutoTests" name="[178] /home/travis/build/icyphy/ptII/ptolemy/actor/lib/test/auto/Gaussian2.xml (RunModel)" time="0.014" />
  <testcase classname="ptolemy.util.test.junit.AutoTests" name="[179] /home/travis/build/icyphy/ptII/ptolemy/actor/lib/test/auto/GradientAdaptiveLattice.xml (RunModel)" time="0.021" />
  <testcase classname="ptolemy.util.test.junit.AutoTests" name="[180] /home/travis/build/icyphy/ptII/ptolemy/actor/lib/test/auto/IIR.xml (RunModel)" time="0.013" />
  <testcase classname="ptolemy.util.test.junit.AutoTests" name="[181] /home/travis/build/icyphy/ptII/ptolemy/actor/lib/test/auto/InputOutputTransparentPorts.xml (RunModel)" time="0.018" />
  <testcase classname="ptolemy.util.test.junit.AutoTests" name="[182] /home/travis/build/icyphy/ptII/ptolemy/actor/lib/test/auto/Interpolator.xml (RunModel)" time="0.013" />
  <testcase classname="ptolemy.util.test.junit.AutoTests" name="[183] /home/travis/build/icyphy/ptII/ptolemy/actor/lib/test/auto/InterpolatorFiringLimitDE.xml (RunModel)" time="0.013" />
  <testcase classname="ptolemy.util.test.junit.AutoTests" name="[184] /home/travis/build/icyphy/ptII/ptolemy/actor/lib/test/auto/Lattice.xml (RunModel)" time="0.007" />
  <testcase classname="ptolemy.util.test.junit.AutoTests" name="[185] /home/travis/build/icyphy/ptII/ptolemy/actor/lib/test/auto/LazyAOCTestLazy.xml (RunModel)" time="0.023" />
  <testcase classname="ptolemy.util.test.junit.AutoTests" name="[186] /home/travis/build/icyphy/ptII/ptolemy/actor/lib/test/auto/LazyAOCTestNonLazy.xml (RunModel)" time="0.05" />
  <testcase classname="ptolemy.util.test.junit.AutoTests" name="[187] /home/travis/build/icyphy/ptII/ptolemy/actor/lib/test/auto/LazyInnerClass.xml (RunModel)" time="0.054" />
  <testcase classname="ptolemy.util.test.junit.AutoTests" name="[188] /home/travis/build/icyphy/ptII/ptolemy/actor/lib/test/auto/LazyPubSub.xml (RunModel)" time="0.059" />
  <testcase classname="ptolemy.util.test.junit.AutoTests" name="[189] /home/travis/build/icyphy/ptII/ptolemy/actor/lib/test/auto/LazyPubSub2.xml (RunModel)" time="0.046" />
  <testcase classname="ptolemy.util.test.junit.AutoTests" name="[190] /home/travis/build/icyphy/ptII/ptolemy/actor/lib/test/auto/LazyPubSub3.xml (RunModel)" time="0.021" />
  <testcase classname="ptolemy.util.test.junit.AutoTests" name="[191] /home/travis/build/icyphy/ptII/ptolemy/actor/lib/test/auto/LazySubClassModel.xml (RunModel)" time="0.019" />
  <testcase classname="ptolemy.util.test.junit.AutoTests" name="[192] /home/travis/build/icyphy/ptII/ptolemy/actor/lib/test/auto/LevelCrossTest1.xml (RunModel)" time="0.01" />
  <testcase classname="ptolemy.util.test.junit.AutoTests" name="[193] /home/travis/build/icyphy/ptII/ptolemy/actor/lib/test/auto/LevelCrossTest10.xml (RunModel)" time="0.015" />
  <testcase classname="ptolemy.util.test.junit.AutoTests" name="[194] /home/travis/build/icyphy/ptII/ptolemy/actor/lib/test/auto/LevelCrossTest11.xml (RunModel)" time="0.013" />
  <testcase classname="ptolemy.util.test.junit.AutoTests" name="[195] /home/travis/build/icyphy/ptII/ptolemy/actor/lib/test/auto/LevelCrossTest12.xml (RunModel)" time="0.013" />
  <testcase classname="ptolemy.util.test.junit.AutoTests" name="[196] /home/travis/build/icyphy/ptII/ptolemy/actor/lib/test/auto/LevelCrossTest13.xml (RunModel)" time="0.015" />
  <testcase classname="ptolemy.util.test.junit.AutoTests" name="[197] /home/travis/build/icyphy/ptII/ptolemy/actor/lib/test/auto/LevelCrossTest2.xml (RunModel)" time="0.011" />
  <testcase classname="ptolemy.util.test.junit.AutoTests" name="[198] /home/travis/build/icyphy/ptII/ptolemy/actor/lib/test/auto/LevelCrossTest3.xml (RunModel)" time="0.01" />
  <testcase classname="ptolemy.util.test.junit.AutoTests" name="[199] /home/travis/build/icyphy/ptII/ptolemy/actor/lib/test/auto/LevelCrossTest4.xml (RunModel)" time="0.009" />
  <testcase classname="ptolemy.util.test.junit.AutoTests" name="[200] /home/travis/build/icyphy/ptII/ptolemy/actor/lib/test/auto/LevelCrossTest5.xml (RunModel)" time="0.012" />
  <testcase classname="ptolemy.util.test.junit.AutoTests" name="[201] /home/travis/build/icyphy/ptII/ptolemy/actor/lib/test/auto/LevelCrossTest6.xml (RunModel)" time="0.012" />
  <testcase classname="ptolemy.util.test.junit.AutoTests" name="[202] /home/travis/build/icyphy/ptII/ptolemy/actor/lib/test/auto/LevelCrossTest7.xml (RunModel)" time="0.014" />
  <testcase classname="ptolemy.util.test.junit.AutoTests" name="[203] /home/travis/build/icyphy/ptII/ptolemy/actor/lib/test/auto/LevelCrossTest8.xml (RunModel)" time="0.012" />
  <testcase classname="ptolemy.util.test.junit.AutoTests" name="[204] /home/travis/build/icyphy/ptII/ptolemy/actor/lib/test/auto/LevelCrossTest9.xml (RunModel)" time="0.011" />
  <testcase classname="ptolemy.util.test.junit.AutoTests" name="[205] /home/travis/build/icyphy/ptII/ptolemy/actor/lib/test/auto/LevinsonDurbin.xml (RunModel)" time="0.008" />
  <testcase classname="ptolemy.util.test.junit.AutoTests" name="[206] /home/travis/build/icyphy/ptII/ptolemy/actor/lib/test/auto/LevinsonDurbin2.xml (RunModel)" time="0.009" />
  <testcase classname="ptolemy.util.test.junit.AutoTests" name="[207] /home/travis/build/icyphy/ptII/ptolemy/actor/lib/test/auto/LevinsonDurbin3.xml (RunModel)" time="0.017" />
  <testcase classname="ptolemy.util.test.junit.AutoTests" name="[208] /home/travis/build/icyphy/ptII/ptolemy/actor/lib/test/auto/Limiter.xml (RunModel)" time="0.027" />
  <testcase classname="ptolemy.util.test.junit.AutoTests" name="[209] /home/travis/build/icyphy/ptII/ptolemy/actor/lib/test/auto/LinearDifferenceEquationSystem.xml (RunModel)" time="0.019" />
  <testcase classname="ptolemy.util.test.junit.AutoTests" name="[210] /home/travis/build/icyphy/ptII/ptolemy/actor/lib/test/auto/LookupTable.xml (RunModel)" time="0.009" />
  <testcase classname="ptolemy.util.test.junit.AutoTests" name="[211] /home/travis/build/icyphy/ptII/ptolemy/actor/lib/test/auto/MathFunction.xml (RunModel)" time="0.029" />
  <testcase classname="ptolemy.util.test.junit.AutoTests" name="[212] /home/travis/build/icyphy/ptII/ptolemy/actor/lib/test/auto/MathFunction2.xml (RunModel)" time="0.013" />
  <testcase classname="ptolemy.util.test.junit.AutoTests" name="[213] /home/travis/build/icyphy/ptII/ptolemy/actor/lib/test/auto/MathFunction3.xml (RunModel)" time="0.027" />
  <testcase classname="ptolemy.util.test.junit.AutoTests" name="[214] /home/travis/build/icyphy/ptII/ptolemy/actor/lib/test/auto/MatrixCropBoolean.xml (RunModel)" time="0.013" />
  <testcase classname="ptolemy.util.test.junit.AutoTests" name="[215] /home/travis/build/icyphy/ptII/ptolemy/actor/lib/test/auto/MatrixCropComplex.xml (RunModel)" time="0.009" />
  <testcase classname="ptolemy.util.test.junit.AutoTests" name="[216] /home/travis/build/icyphy/ptII/ptolemy/actor/lib/test/auto/MatrixCropDouble.xml (RunModel)" time="0.009" />
  <testcase classname="ptolemy.util.test.junit.AutoTests" name="[217] /home/travis/build/icyphy/ptII/ptolemy/actor/lib/test/auto/MatrixCropFix.xml (RunModel)" time="0.012" />
  <testcase classname="ptolemy.util.test.junit.AutoTests" name="[218] /home/travis/build/icyphy/ptII/ptolemy/actor/lib/test/auto/MatrixCropInt.xml (RunModel)" time="0.009" />
  <testcase classname="ptolemy.util.test.junit.AutoTests" name="[219] /home/travis/build/icyphy/ptII/ptolemy/actor/lib/test/auto/MatrixCropLong.xml (RunModel)" time="0.009" />
  <testcase classname="ptolemy.util.test.junit.AutoTests" name="[220] /home/travis/build/icyphy/ptII/ptolemy/actor/lib/test/auto/MatrixToArray.xml (RunModel)" time="0.062" />
  <testcase classname="ptolemy.util.test.junit.AutoTests" name="[221] /home/travis/build/icyphy/ptII/ptolemy/actor/lib/test/auto/MaxIndex.xml (RunModel)" time="0.011" />
  <testcase classname="ptolemy.util.test.junit.AutoTests" name="[222] /home/travis/build/icyphy/ptII/ptolemy/actor/lib/test/auto/Maximum.xml (RunModel)" time="0.013" />
  <testcase classname="ptolemy.util.test.junit.AutoTests" name="[223] /home/travis/build/icyphy/ptII/ptolemy/actor/lib/test/auto/MaximumComplex.xml (RunModel)" time="0.016" />
  <testcase classname="ptolemy.util.test.junit.AutoTests" name="[224] /home/travis/build/icyphy/ptII/ptolemy/actor/lib/test/auto/MethodCallTest.xml (RunModel)" time="0.023" />
  <testcase classname="ptolemy.util.test.junit.AutoTests" name="[225] /home/travis/build/icyphy/ptII/ptolemy/actor/lib/test/auto/Minimum.xml (RunModel)" time="0.012" />
  <testcase classname="ptolemy.util.test.junit.AutoTests" name="[226] /home/travis/build/icyphy/ptII/ptolemy/actor/lib/test/auto/MinimumComplex.xml (RunModel)" time="0.017" />
  <testcase classname="ptolemy.util.test.junit.AutoTests" name="[227] /home/travis/build/icyphy/ptII/ptolemy/actor/lib/test/auto/MinimumMultiports.xml (RunModel)" time="0.021" />
  <testcase classname="ptolemy.util.test.junit.AutoTests" name="[228] /home/travis/build/icyphy/ptII/ptolemy/actor/lib/test/auto/ModifyDate.xml (RunModel)" time="0.042" />
  <testcase classname="ptolemy.util.test.junit.AutoTests" name="[229] /home/travis/build/icyphy/ptII/ptolemy/actor/lib/test/auto/ModifyDate2.xml (RunModel)" time="0.027" />
  <testcase classname="ptolemy.util.test.junit.AutoTests" name="[230] /home/travis/build/icyphy/ptII/ptolemy/actor/lib/test/auto/MovingAverage.xml (RunModel)" time="0.011" />
  <testcase classname="ptolemy.util.test.junit.AutoTests" name="[231] /home/travis/build/icyphy/ptII/ptolemy/actor/lib/test/auto/MovingMaximum.xml (RunModel)" time="0.011" />
  <testcase classname="ptolemy.util.test.junit.AutoTests" name="[232] /home/travis/build/icyphy/ptII/ptolemy/actor/lib/test/auto/MultipleLinksToSameRelation.xml (RunModel)" time="0.007" />
  <testcase classname="ptolemy.util.test.junit.AutoTests" name="[233] /home/travis/build/icyphy/ptII/ptolemy/actor/lib/test/auto/MultipleLinksToSameRelationDE.xml (RunModel)" time="0.008" />
  <testcase classname="ptolemy.util.test.junit.AutoTests" name="[234] /home/travis/build/icyphy/ptII/ptolemy/actor/lib/test/auto/Multiplexor.xml (RunModel)" time="0.011" />
  <testcase classname="ptolemy.util.test.junit.AutoTests" name="[235] /home/travis/build/icyphy/ptII/ptolemy/actor/lib/test/auto/Multiplexor1.xml (RunModel)" time="0.014" />
  <testcase classname="ptolemy.util.test.junit.AutoTests" name="[236] /home/travis/build/icyphy/ptII/ptolemy/actor/lib/test/auto/Multiplexor2.xml (RunModel)" time="0.013" />
  <testcase classname="ptolemy.util.test.junit.AutoTests" name="[237] /home/travis/build/icyphy/ptII/ptolemy/actor/lib/test/auto/Multiplexor3.xml (RunModel)" time="0.008" />
  <testcase classname="ptolemy.util.test.junit.AutoTests" name="[238] /home/travis/build/icyphy/ptII/ptolemy/actor/lib/test/auto/MultiplexorDE.xml (RunModel)" time="0.016" />
  <testcase classname="ptolemy.util.test.junit.AutoTests" name="[239] /home/travis/build/icyphy/ptII/ptolemy/actor/lib/test/auto/MultiportBroadcastTest.xml (RunModel)" time="0.093" />
  <testcase classname="ptolemy.util.test.junit.AutoTests" name="[240] /home/travis/build/icyphy/ptII/ptolemy/actor/lib/test/auto/MultiportOutHangDuringGetWidth.xml (RunModel)" time="0.028" />
  <testcase classname="ptolemy.util.test.junit.AutoTests" name="[241] /home/travis/build/icyphy/ptII/ptolemy/actor/lib/test/auto/NilToken.xml (RunModel)" time="0.007" />
  <testcase classname="ptolemy.util.test.junit.AutoTests" name="[242] /home/travis/build/icyphy/ptII/ptolemy/actor/lib/test/auto/NilTokenNonStrictTest.xml (RunModel)" time="0.01" />
  <testcase classname="ptolemy.util.test.junit.AutoTests" name="[243] /home/travis/build/icyphy/ptII/ptolemy/actor/lib/test/auto/NilTokenRecord.xml (RunModel)" time="0.016" />
  <testcase classname="ptolemy.util.test.junit.AutoTests" name="[244] /home/travis/build/icyphy/ptII/ptolemy/actor/lib/test/auto/NilTokenTypeTest.xml (RunModel)" time="0.023" />
  <testcase classname="ptolemy.util.test.junit.AutoTests" name="[245] /home/travis/build/icyphy/ptII/ptolemy/actor/lib/test/auto/ObjectToken1.xml (RunModel)" time="0.008" />
  <testcase classname="ptolemy.util.test.junit.AutoTests" name="[246] /home/travis/build/icyphy/ptII/ptolemy/actor/lib/test/auto/OrderedMerge.xml (RunModel)" time="0.013" />
  <testcase classname="ptolemy.util.test.junit.AutoTests" name="[247] /home/travis/build/icyphy/ptII/ptolemy/actor/lib/test/auto/OrderedRecordDisassembler.xml (RunModel)" time="0.012" />
  <testcase classname="ptolemy.util.test.junit.AutoTests" name="[248] /home/travis/build/icyphy/ptII/ptolemy/actor/lib/test/auto/OrderedRecordDisassembler2.xml (RunModel)" time="0.016" />
  <testcase classname="ptolemy.util.test.junit.AutoTests" name="[249] /home/travis/build/icyphy/ptII/ptolemy/actor/lib/test/auto/OrderedRecordUpdater.xml (RunModel)" time="0.009" />
  <testcase classname="ptolemy.util.test.junit.AutoTests" name="[250] /home/travis/build/icyphy/ptII/ptolemy/actor/lib/test/auto/OrderedRecordUpdater2.xml (RunModel)" time="0.012" />
  <testcase classname="ptolemy.util.test.junit.AutoTests" name="[251] /home/travis/build/icyphy/ptII/ptolemy/actor/lib/test/auto/PhaseUnwrap.xml (RunModel)" time="0.011" />
  <testcase classname="ptolemy.util.test.junit.AutoTests" name="[252] /home/travis/build/icyphy/ptII/ptolemy/actor/lib/test/auto/PoissonClock.xml (RunModel)" time="0.01" />
  <testcase classname="ptolemy.util.test.junit.AutoTests" name="[253] /home/travis/build/icyphy/ptII/ptolemy/actor/lib/test/auto/PoissonClock2.xml (RunModel)" time="0.022" />
  <testcase classname="ptolemy.util.test.junit.AutoTests" name="[254] /home/travis/build/icyphy/ptII/ptolemy/actor/lib/test/auto/PoissonClock3.xml (RunModel)" time="0.014" />
  <testcase classname="ptolemy.util.test.junit.AutoTests" name="[255] /home/travis/build/icyphy/ptII/ptolemy/actor/lib/test/auto/PubSubWithInitialTokens.xml (RunModel)" time="0.013" />
  <testcase classname="ptolemy.util.test.junit.AutoTests" name="[256] /home/travis/build/icyphy/ptII/ptolemy/actor/lib/test/auto/PubSubWithInitialTokens2.xml (RunModel)" time="0.011" />
  <testcase classname="ptolemy.util.test.junit.AutoTests" name="[257] /home/travis/build/icyphy/ptII/ptolemy/actor/lib/test/auto/PublisherClassNoParameter.xml (RunModel)" time="0.021" />
  <testcase classname="ptolemy.util.test.junit.AutoTests" name="[258] /home/travis/build/icyphy/ptII/ptolemy/actor/lib/test/auto/PublisherClassParameter.xml (RunModel)" time="0.021" />
  <testcase classname="ptolemy.util.test.junit.AutoTests" name="[259] /home/travis/build/icyphy/ptII/ptolemy/actor/lib/test/auto/PublisherNonStrictTest.xml (RunModel)" time="0.014" />
  <testcase classname="ptolemy.util.test.junit.AutoTests" name="[260] /home/travis/build/icyphy/ptII/ptolemy/actor/lib/test/auto/PublisherPort1.xml (RunModel)" time="0.01" />
  <testcase classname="ptolemy.util.test.junit.AutoTests" name="[261] /home/travis/build/icyphy/ptII/ptolemy/actor/lib/test/auto/PublisherPort2.xml (RunModel)" time="0.008" />
  <testcase classname="ptolemy.util.test.junit.AutoTests" name="[262] /home/travis/build/icyphy/ptII/ptolemy/actor/lib/test/auto/PublisherPort3.xml (RunModel)" time="0.02" />
  <testcase classname="ptolemy.util.test.junit.AutoTests" name="[263] /home/travis/build/icyphy/ptII/ptolemy/actor/lib/test/auto/PublisherPort4.xml (RunModel)" time="0.018" />
  <testcase classname="ptolemy.util.test.junit.AutoTests" name="[264] /home/travis/build/icyphy/ptII/ptolemy/actor/lib/test/auto/PublisherPort5.xml (RunModel)" time="0.015" />
  <testcase classname="ptolemy.util.test.junit.AutoTests" name="[265] /home/travis/build/icyphy/ptII/ptolemy/actor/lib/test/auto/PublisherPort5LookAlike.xml (RunModel)" time="0.016" />
  <testcase classname="ptolemy.util.test.junit.AutoTests" name="[266] /home/travis/build/icyphy/ptII/ptolemy/actor/lib/test/auto/PublisherPort6.xml (RunModel)" time="0.012" />
  <testcase classname="ptolemy.util.test.junit.AutoTests" name="[267] /home/travis/build/icyphy/ptII/ptolemy/actor/lib/test/auto/PublisherPort7.xml (RunModel)" time="0.016" />
  <testcase classname="ptolemy.util.test.junit.AutoTests" name="[268] /home/travis/build/icyphy/ptII/ptolemy/actor/lib/test/auto/PublisherPort8.xml (RunModel)" time="0.015" />
  <testcase classname="ptolemy.util.test.junit.AutoTests" name="[269] /home/travis/build/icyphy/ptII/ptolemy/actor/lib/test/auto/PublisherPortSubscriberChannelVariablesAOC2.xml (RunModel)" time="0.032" />
  <testcase classname="ptolemy.util.test.junit.AutoTests" name="[270] /home/travis/build/icyphy/ptII/ptolemy/actor/lib/test/auto/PublisherPortSubscriberOpaqueWidthInference.xml (RunModel)" time="0.014" />
  <testcase classname="ptolemy.util.test.junit.AutoTests" name="[271] /home/travis/build/icyphy/ptII/ptolemy/actor/lib/test/auto/PublisherPortSubscriberPortAdjacent.xml (RunModel)" time="0.017" />
  <testcase classname="ptolemy.util.test.junit.AutoTests" name="[272] /home/travis/build/icyphy/ptII/ptolemy/actor/lib/test/auto/PublisherPortSubscriberPortExpression.xml (RunModel)" time="0.016" />
  <testcase classname="ptolemy.util.test.junit.AutoTests" name="[273] /home/travis/build/icyphy/ptII/ptolemy/actor/lib/test/auto/PublisherPortSubscriberPortOpaqueD3Reverse.xml (RunModel)" time="0.044" />
  <testcase classname="ptolemy.util.test.junit.AutoTests" name="[274] /home/travis/build/icyphy/ptII/ptolemy/actor/lib/test/auto/PublisherPortSubscriberPortOpaqueWidthInference.xml (RunModel)" time="0.018" />
  <testcase classname="ptolemy.util.test.junit.AutoTests" name="[275] /home/travis/build/icyphy/ptII/ptolemy/actor/lib/test/auto/PublisherPortToplevelSubscriberPortAOC.xml (RunModel)" time="0.01" />
  <testcase classname="ptolemy.util.test.junit.AutoTests" name="[276] /home/travis/build/icyphy/ptII/ptolemy/actor/lib/test/auto/PublisherSubscriber.xml (RunModel)" time="0.012" />
  <testcase classname="ptolemy.util.test.junit.AutoTests" name="[277] /home/travis/build/icyphy/ptII/ptolemy/actor/lib/test/auto/PublisherSubscriber10.xml (RunModel)" time="0.021" />
  <testcase classname="ptolemy.util.test.junit.AutoTests" name="[278] /home/travis/build/icyphy/ptII/ptolemy/actor/lib/test/auto/PublisherSubscriber10InitialOutputs.xml (RunModel)" time="0.027" />
  <testcase classname="ptolemy.util.test.junit.AutoTests" name="[279] /home/travis/build/icyphy/ptII/ptolemy/actor/lib/test/auto/PublisherSubscriber11.xml (RunModel)" time="0.017" />
  <testcase classname="ptolemy.util.test.junit.AutoTests" name="[280] /home/travis/build/icyphy/ptII/ptolemy/actor/lib/test/auto/PublisherSubscriber12.xml (RunModel)" time="0.017" />
  <testcase classname="ptolemy.util.test.junit.AutoTests" name="[281] /home/travis/build/icyphy/ptII/ptolemy/actor/lib/test/auto/PublisherSubscriber13.xml (RunModel)" time="0.015" />
  <testcase classname="ptolemy.util.test.junit.AutoTests" name="[282] /home/travis/build/icyphy/ptII/ptolemy/actor/lib/test/auto/PublisherSubscriber14.xml (RunModel)" time="0.028" />
  <testcase classname="ptolemy.util.test.junit.AutoTests" name="[283] /home/travis/build/icyphy/ptII/ptolemy/actor/lib/test/auto/PublisherSubscriber2.xml (RunModel)" time="0.011" />
  <testcase classname="ptolemy.util.test.junit.AutoTests" name="[284] /home/travis/build/icyphy/ptII/ptolemy/actor/lib/test/auto/PublisherSubscriber3.xml (RunModel)" time="0.013" />
  <testcase classname="ptolemy.util.test.junit.AutoTests" name="[285] /home/travis/build/icyphy/ptII/ptolemy/actor/lib/test/auto/PublisherSubscriber4.xml (RunModel)" time="0.009" />
  <testcase classname="ptolemy.util.test.junit.AutoTests" name="[286] /home/travis/build/icyphy/ptII/ptolemy/actor/lib/test/auto/PublisherSubscriber5.xml (RunModel)" time="0.013" />
  <testcase classname="ptolemy.util.test.junit.AutoTests" name="[287] /home/travis/build/icyphy/ptII/ptolemy/actor/lib/test/auto/PublisherSubscriber6.xml (RunModel)" time="0.014" />
  <testcase classname="ptolemy.util.test.junit.AutoTests" name="[288] /home/travis/build/icyphy/ptII/ptolemy/actor/lib/test/auto/PublisherSubscriber7.xml (RunModel)" time="0.017" />
  <testcase classname="ptolemy.util.test.junit.AutoTests" name="[289] /home/travis/build/icyphy/ptII/ptolemy/actor/lib/test/auto/PublisherSubscriber8.xml (RunModel)" time="0.031" />
  <testcase classname="ptolemy.util.test.junit.AutoTests" name="[290] /home/travis/build/icyphy/ptII/ptolemy/actor/lib/test/auto/PublisherSubscriber9.xml (RunModel)" time="0.018" />
  <testcase classname="ptolemy.util.test.junit.AutoTests" name="[291] /home/travis/build/icyphy/ptII/ptolemy/actor/lib/test/auto/PublisherSubscriberAdjacent.xml (RunModel)" time="0.015" />
  <testcase classname="ptolemy.util.test.junit.AutoTests" name="[292] /home/travis/build/icyphy/ptII/ptolemy/actor/lib/test/auto/PublisherSubscriberChannelVariablesAOC2.xml (RunModel)" time="0.026" />
  <testcase classname="ptolemy.util.test.junit.AutoTests" name="[293] /home/travis/build/icyphy/ptII/ptolemy/actor/lib/test/auto/PublisherSubscriberD3.xml (RunModel)" time="0.018" />
  <testcase classname="ptolemy.util.test.junit.AutoTests" name="[294] /home/travis/build/icyphy/ptII/ptolemy/actor/lib/test/auto/PublisherSubscriberD3Reverse.xml (RunModel)" time="0.011" />
  <testcase classname="ptolemy.util.test.junit.AutoTests" name="[295] /home/travis/build/icyphy/ptII/ptolemy/actor/lib/test/auto/PublisherSubscriberExpression.xml (RunModel)" time="0.018" />
  <testcase classname="ptolemy.util.test.junit.AutoTests" name="[296] /home/travis/build/icyphy/ptII/ptolemy/actor/lib/test/auto/PublisherSubscriberOpaque.xml (RunModel)" time="0.014" />
  <testcase classname="ptolemy.util.test.junit.AutoTests" name="[297] /home/travis/build/icyphy/ptII/ptolemy/actor/lib/test/auto/PublisherSubscriberOpaqueD3.xml (RunModel)" time="0.023" />
  <testcase classname="ptolemy.util.test.junit.AutoTests" name="[298] /home/travis/build/icyphy/ptII/ptolemy/actor/lib/test/auto/PublisherSubscriberOpaqueD3Reverse.xml (RunModel)" time="0.027" />
  <testcase classname="ptolemy.util.test.junit.AutoTests" name="[299] /home/travis/build/icyphy/ptII/ptolemy/actor/lib/test/auto/PublisherSubscriberOpaqueWidthInference.xml (RunModel)" time="0.016" />
  <testcase classname="ptolemy.util.test.junit.AutoTests" name="[300] /home/travis/build/icyphy/ptII/ptolemy/actor/lib/test/auto/PublisherTestSubscriber.xml (RunModel)" time="0.014" />
  <testcase classname="ptolemy.util.test.junit.AutoTests" name="[301] /home/travis/build/icyphy/ptII/ptolemy/actor/lib/test/auto/PublisherToplevelSubscriberPortAOC.xml (RunModel)" time="0.012" />
  <testcase classname="ptolemy.util.test.junit.AutoTests" name="[302] /home/travis/build/icyphy/ptII/ptolemy/actor/lib/test/auto/PulseFiringLimitDE.xml (RunModel)" time="0.018" />
  <testcase classname="ptolemy.util.test.junit.AutoTests" name="[303] /home/travis/build/icyphy/ptII/ptolemy/actor/lib/test/auto/Ramp1.xml (RunModel)" time="0.007" />
  <testcase classname="ptolemy.util.test.junit.AutoTests" name="[304] /home/travis/build/icyphy/ptII/ptolemy/actor/lib/test/auto/RampFiringLimitDE.xml (RunModel)" time="0.011" />
  <testcase classname="ptolemy.util.test.junit.AutoTests" name="[305] /home/travis/build/icyphy/ptII/ptolemy/actor/lib/test/auto/RampFiringLimitSDF.xml (RunModel)" time="0.011" />
  <testcase classname="ptolemy.util.test.junit.AutoTests" name="[306] /home/travis/build/icyphy/ptII/ptolemy/actor/lib/test/auto/RandomInteger.xml (RunModel)" time="0.009" />
  <testcase classname="ptolemy.util.test.junit.AutoTests" name="[307] /home/travis/build/icyphy/ptII/ptolemy/actor/lib/test/auto/ReadFile1.xml (RunModel)" time="0.009" />
  <testcase classname="ptolemy.util.test.junit.AutoTests" name="[308] /home/travis/build/icyphy/ptII/ptolemy/actor/lib/test/auto/ReadFile2.xml (RunModel)" time="0.008" />
  <testcase classname="ptolemy.util.test.junit.AutoTests" name="[309] /home/travis/build/icyphy/ptII/ptolemy/actor/lib/test/auto/Reader.xml (RunModel)" time="0.019" />
  <testcase classname="ptolemy.util.test.junit.AutoTests" name="[310] /home/travis/build/icyphy/ptII/ptolemy/actor/lib/test/auto/RecordAssemblerDisplayNameTest.xml (RunModel)" time="2.96" />
  <testcase classname="ptolemy.util.test.junit.AutoTests" name="[311] /home/travis/build/icyphy/ptII/ptolemy/actor/lib/test/auto/RecordAssemblerTypeError.xml (RunModel)" time="0.037" />
  <testcase classname="ptolemy.util.test.junit.AutoTests" name="[312] /home/travis/build/icyphy/ptII/ptolemy/actor/lib/test/auto/RecordDisassember.xml (RunModel)" time="0.009" />
  <testcase classname="ptolemy.util.test.junit.AutoTests" name="[313] /home/travis/build/icyphy/ptII/ptolemy/actor/lib/test/auto/RecordDisassemberDisplayNameTest.xml (RunModel)" time="0.019" />
  <testcase classname="ptolemy.util.test.junit.AutoTests" name="[314] /home/travis/build/icyphy/ptII/ptolemy/actor/lib/test/auto/RecordDisassembler.xml (RunModel)" time="0.009" />
  <testcase classname="ptolemy.util.test.junit.AutoTests" name="[315] /home/travis/build/icyphy/ptII/ptolemy/actor/lib/test/auto/RecordDisassembler2.xml (RunModel)" time="0.011" />
  <testcase classname="ptolemy.util.test.junit.AutoTests" name="[316] /home/travis/build/icyphy/ptII/ptolemy/actor/lib/test/auto/RecordUpdater.xml (RunModel)" time="0.011" />
  <testcase classname="ptolemy.util.test.junit.AutoTests" name="[317] /home/travis/build/icyphy/ptII/ptolemy/actor/lib/test/auto/RecordUpdater2.xml (RunModel)" time="0.009" />
  <testcase classname="ptolemy.util.test.junit.AutoTests" name="[318] /home/travis/build/icyphy/ptII/ptolemy/actor/lib/test/auto/RecursiveLattice.xml (RunModel)" time="0.009" />
  <testcase classname="ptolemy.util.test.junit.AutoTests" name="[319] /home/travis/build/icyphy/ptII/ptolemy/actor/lib/test/auto/Router.xml (RunModel)" time="3.024" />
  <testcase classname="ptolemy.util.test.junit.AutoTests" name="[320] /home/travis/build/icyphy/ptII/ptolemy/actor/lib/test/auto/Router2.xml (RunModel)" time="3.051" />
  <testcase classname="ptolemy.util.test.junit.AutoTests" name="[321] /home/travis/build/icyphy/ptII/ptolemy/actor/lib/test/auto/RunningMaximum.xml (RunModel)" time="0.022" />
  <testcase classname="ptolemy.util.test.junit.AutoTests" name="[322] /home/travis/build/icyphy/ptII/ptolemy/actor/lib/test/auto/RunningMinimum.xml (RunModel)" time="0.01" />
  <testcase classname="ptolemy.util.test.junit.AutoTests" name="[323] /home/travis/build/icyphy/ptII/ptolemy/actor/lib/test/auto/Scale.xml (RunModel)" time="0.009" />
  <testcase classname="ptolemy.util.test.junit.AutoTests" name="[324] /home/travis/build/icyphy/ptII/ptolemy/actor/lib/test/auto/Scale2.xml (RunModel)" time="0.015" />
  <testcase classname="ptolemy.util.test.junit.AutoTests" name="[325] /home/travis/build/icyphy/ptII/ptolemy/actor/lib/test/auto/Scale3.xml (RunModel)" time="0.014" />
  <testcase classname="ptolemy.util.test.junit.AutoTests" name="[326] /home/travis/build/icyphy/ptII/ptolemy/actor/lib/test/auto/ScaleArray.xml (RunModel)" time="0.007" />
  <testcase classname="ptolemy.util.test.junit.AutoTests" name="[327] /home/travis/build/icyphy/ptII/ptolemy/actor/lib/test/auto/ScaleArray2.xml (RunModel)" time="0.008" />
  <testcase classname="ptolemy.util.test.junit.AutoTests" name="[328] /home/travis/build/icyphy/ptII/ptolemy/actor/lib/test/auto/ScaleMatrix.xml (RunModel)" time="0.136" />
  <testcase classname="ptolemy.util.test.junit.AutoTests" name="[329] /home/travis/build/icyphy/ptII/ptolemy/actor/lib/test/auto/Select.xml (RunModel)" time="0.013" />
  <testcase classname="ptolemy.util.test.junit.AutoTests" name="[330] /home/travis/build/icyphy/ptII/ptolemy/actor/lib/test/auto/Select2.xml (RunModel)" time="0.008" />
  <testcase classname="ptolemy.util.test.junit.AutoTests" name="[331] /home/travis/build/icyphy/ptII/ptolemy/actor/lib/test/auto/SequenceToArray2.xml (RunModel)" time="0.116" />
  <testcase classname="ptolemy.util.test.junit.AutoTests" name="[332] /home/travis/build/icyphy/ptII/ptolemy/actor/lib/test/auto/SequentialClock.xml (RunModel)" time="0.014" />
  <testcase classname="ptolemy.util.test.junit.AutoTests" name="[333] /home/travis/build/icyphy/ptII/ptolemy/actor/lib/test/auto/SetVariable.xml (RunModel)" time="0.011" />
  <testcase classname="ptolemy.util.test.junit.AutoTests" name="[334] /home/travis/build/icyphy/ptII/ptolemy/actor/lib/test/auto/SetVariable2.xml (RunModel)" time="0.012" />
  <testcase classname="ptolemy.util.test.junit.AutoTests" name="[335] /home/travis/build/icyphy/ptII/ptolemy/actor/lib/test/auto/SetVariable3.xml (RunModel)" time="0.014" />
  <testcase classname="ptolemy.util.test.junit.AutoTests" name="[336] /home/travis/build/icyphy/ptII/ptolemy/actor/lib/test/auto/SetVariable4.xml (RunModel)" time="0.03" />
  <testcase classname="ptolemy.util.test.junit.AutoTests" name="[337] /home/travis/build/icyphy/ptII/ptolemy/actor/lib/test/auto/SetVariable5.xml (RunModel)" time="0.039" />
  <testcase classname="ptolemy.util.test.junit.AutoTests" name="[338] /home/travis/build/icyphy/ptII/ptolemy/actor/lib/test/auto/Sinewave.xml (RunModel)" time="0.025" />
  <testcase classname="ptolemy.util.test.junit.AutoTests" name="[339] /home/travis/build/icyphy/ptII/ptolemy/actor/lib/test/auto/Sinewave2.xml (RunModel)" time="0.014" />
  <testcase classname="ptolemy.util.test.junit.AutoTests" name="[340] /home/travis/build/icyphy/ptII/ptolemy/actor/lib/test/auto/Sinewave3.xml (RunModel)" time="0.015" />
  <testcase classname="ptolemy.util.test.junit.AutoTests" name="[341] /home/travis/build/icyphy/ptII/ptolemy/actor/lib/test/auto/SingleEvent.xml (RunModel)" time="0.007" />
  <testcase classname="ptolemy.util.test.junit.AutoTests" name="[342] /home/travis/build/icyphy/ptII/ptolemy/actor/lib/test/auto/Sleep.xml (RunModel)" time="6.013" />
  <testcase classname="ptolemy.util.test.junit.AutoTests" name="[343] /home/travis/build/icyphy/ptII/ptolemy/actor/lib/test/auto/SleepMultipleFire.xml (RunModel)" time="1.027" />
  <testcase classname="ptolemy.util.test.junit.AutoTests" name="[344] /home/travis/build/icyphy/ptII/ptolemy/actor/lib/test/auto/StopDE.xml (RunModel)" time="0.023" />
  <testcase classname="ptolemy.util.test.junit.AutoTests" name="[345] /home/travis/build/icyphy/ptII/ptolemy/actor/lib/test/auto/StopSDF.xml (RunModel)" time="0.013" />
  <testcase classname="ptolemy.util.test.junit.AutoTests" name="[346] /home/travis/build/icyphy/ptII/ptolemy/actor/lib/test/auto/StringConstant.xml (RunModel)" time="0.008" />
  <testcase classname="ptolemy.util.test.junit.AutoTests" name="[347] /home/travis/build/icyphy/ptII/ptolemy/actor/lib/test/auto/SubscriberPortInitialValues1.xml (RunModel)" time="0.016" />
  <testcase classname="ptolemy.util.test.junit.AutoTests" name="[348] /home/travis/build/icyphy/ptII/ptolemy/actor/lib/test/auto/SubscriberPortInitialValues13.xml (RunModel)" time="0.022" />
  <testcase classname="ptolemy.util.test.junit.AutoTests" name="[349] /home/travis/build/icyphy/ptII/ptolemy/actor/lib/test/auto/SubscriberPortInitialValues14.xml (RunModel)" time="0.014" />
  <testcase classname="ptolemy.util.test.junit.AutoTests" name="[350] /home/travis/build/icyphy/ptII/ptolemy/actor/lib/test/auto/SubscriberPortInitialValues2.xml (RunModel)" time="0.015" />
  <testcase classname="ptolemy.util.test.junit.AutoTests" name="[351] /home/travis/build/icyphy/ptII/ptolemy/actor/lib/test/auto/SubscriberPortInitialValues3.xml (RunModel)" time="0.019" />
  <testcase classname="ptolemy.util.test.junit.AutoTests" name="[352] /home/travis/build/icyphy/ptII/ptolemy/actor/lib/test/auto/SubscriptionAggregator.xml (RunModel)" time="0.01" />
  <testcase classname="ptolemy.util.test.junit.AutoTests" name="[353] /home/travis/build/icyphy/ptII/ptolemy/actor/lib/test/auto/SubscriptionAggregator2.xml (RunModel)" time="0.011" />
  <testcase classname="ptolemy.util.test.junit.AutoTests" name="[354] /home/travis/build/icyphy/ptII/ptolemy/actor/lib/test/auto/SubscriptionAggregator3.xml (RunModel)" time="0.015" />
  <testcase classname="ptolemy.util.test.junit.AutoTests" name="[355] /home/travis/build/icyphy/ptII/ptolemy/actor/lib/test/auto/SubscriptionAggregatorMultiply.xml (RunModel)" time="0.014" />
  <testcase classname="ptolemy.util.test.junit.AutoTests" name="[356] /home/travis/build/icyphy/ptII/ptolemy/actor/lib/test/auto/SubscriptionAggregatorPortMultiply1.xml (RunModel)" time="0.013" />
  <testcase classname="ptolemy.util.test.junit.AutoTests" name="[357] /home/travis/build/icyphy/ptII/ptolemy/actor/lib/test/auto/Switch.xml (RunModel)" time="0.013" />
  <testcase classname="ptolemy.util.test.junit.AutoTests" name="[358] /home/travis/build/icyphy/ptII/ptolemy/actor/lib/test/auto/Switch2.xml (RunModel)" time="0.01" />
  <testcase classname="ptolemy.util.test.junit.AutoTests" name="[359] /home/travis/build/icyphy/ptII/ptolemy/actor/lib/test/auto/SwitchDE.xml (RunModel)" time="0.012" />
  <testcase classname="ptolemy.util.test.junit.AutoTests" name="[360] /home/travis/build/icyphy/ptII/ptolemy/actor/lib/test/auto/SynchronizerDE.xml (RunModel)" time="0.018" />
  <testcase classname="ptolemy.util.test.junit.AutoTests" name="[361] /home/travis/build/icyphy/ptII/ptolemy/actor/lib/test/auto/Test.xml (RunModel)" time="0.008" />
  <testcase classname="ptolemy.util.test.junit.AutoTests" name="[362] /home/travis/build/icyphy/ptII/ptolemy/actor/lib/test/auto/TestExceptionAttribute1.xml (RunModel)" time="0.005" />
  <testcase classname="ptolemy.util.test.junit.AutoTests" name="[363] /home/travis/build/icyphy/ptII/ptolemy/actor/lib/test/auto/TestExceptionAttribute2.xml (RunModel)" time="0.006" />
  <testcase classname="ptolemy.util.test.junit.AutoTests" name="[364] /home/travis/build/icyphy/ptII/ptolemy/actor/lib/test/auto/TestExceptionAttribute3.xml (RunModel)" time="0.007" />
  <testcase classname="ptolemy.util.test.junit.AutoTests" name="[365] /home/travis/build/icyphy/ptII/ptolemy/actor/lib/test/auto/TestExceptionAttribute4.xml (RunModel)" time="0.007" />
  <testcase classname="ptolemy.util.test.junit.AutoTests" name="[366] /home/travis/build/icyphy/ptII/ptolemy/actor/lib/test/auto/TestExceptionHandler1.xml (RunModel)" time="0.006" />
  <testcase classname="ptolemy.util.test.junit.AutoTests" name="[367] /home/travis/build/icyphy/ptII/ptolemy/actor/lib/test/auto/TestExceptionHandler2.xml (RunModel)" time="0.006" />
  <testcase classname="ptolemy.util.test.junit.AutoTests" name="[368] /home/travis/build/icyphy/ptII/ptolemy/actor/lib/test/auto/TestExceptionHandler3.xml (RunModel)" time="0.006" />
  <testcase classname="ptolemy.util.test.junit.AutoTests" name="[369] /home/travis/build/icyphy/ptII/ptolemy/actor/lib/test/auto/TestExceptionHandler4.xml (RunModel)" time="0.007" />
  <testcase classname="ptolemy.util.test.junit.AutoTests" name="[370] /home/travis/build/icyphy/ptII/ptolemy/actor/lib/test/auto/TestRequireCorrectOrder.xml (RunModel)" time="0.009" />
  <testcase classname="ptolemy.util.test.junit.AutoTests" name="[371] /home/travis/build/icyphy/ptII/ptolemy/actor/lib/test/auto/TestSimple.xml (RunModel)" time="0.006" />
  <testcase classname="ptolemy.util.test.junit.AutoTests" name="[372] /home/travis/build/icyphy/ptII/ptolemy/actor/lib/test/auto/ThrowModelError.xml (RunModel)" time="0.011" />
  <testcase classname="ptolemy.util.test.junit.AutoTests" name="[373] /home/travis/build/icyphy/ptII/ptolemy/actor/lib/test/auto/TimeDelayMicrosteps.xml (RunModel)" time="0.014" />
  <testcase classname="ptolemy.util.test.junit.AutoTests" name="[374] /home/travis/build/icyphy/ptII/ptolemy/actor/lib/test/auto/TimeDelayMicrosteps2.xml (RunModel)" time="0.015" />
  <testcase classname="ptolemy.util.test.junit.AutoTests" name="[375] /home/travis/build/icyphy/ptII/ptolemy/actor/lib/test/auto/TimeDelayMicrosteps3.xml (RunModel)" time="0.013" />
  <testcase classname="ptolemy.util.test.junit.AutoTests" name="[376] /home/travis/build/icyphy/ptII/ptolemy/actor/lib/test/auto/TimeDelayVariableMicrosteps.xml (RunModel)" time="0.012" />
  <testcase classname="ptolemy.util.test.junit.AutoTests" name="[377] /home/travis/build/icyphy/ptII/ptolemy/actor/lib/test/auto/TimeGap.xml (RunModel)" time="0.013" />
  <testcase classname="ptolemy.util.test.junit.AutoTests" name="[378] /home/travis/build/icyphy/ptII/ptolemy/actor/lib/test/auto/TimeGap2.xml (RunModel)" time="0.011" />
  <testcase classname="ptolemy.util.test.junit.AutoTests" name="[379] /home/travis/build/icyphy/ptII/ptolemy/actor/lib/test/auto/TimedSinewave.xml (RunModel)" time="0.039" />
  <testcase classname="ptolemy.util.test.junit.AutoTests" name="[380] /home/travis/build/icyphy/ptII/ptolemy/actor/lib/test/auto/TimedSinewavePhase.xml (RunModel)" time="0.042" />
  <testcase classname="ptolemy.util.test.junit.AutoTests" name="[381] /home/travis/build/icyphy/ptII/ptolemy/actor/lib/test/auto/Timer.xml (RunModel)" time="0.012" />
  <testcase classname="ptolemy.util.test.junit.AutoTests" name="[382] /home/travis/build/icyphy/ptII/ptolemy/actor/lib/test/auto/TriangularDistTestModel.xml (RunModel)" time="0.017" />
  <testcase classname="ptolemy.util.test.junit.AutoTests" name="[383] /home/travis/build/icyphy/ptII/ptolemy/actor/lib/test/auto/TrigFunction.xml (RunModel)" time="0.01" />
  <testcase classname="ptolemy.util.test.junit.AutoTests" name="[384] /home/travis/build/icyphy/ptII/ptolemy/actor/lib/test/auto/TrigFunctionDE.xml (RunModel)" time="0.012" />
  <testcase classname="ptolemy.util.test.junit.AutoTests" name="[385] /home/travis/build/icyphy/ptII/ptolemy/actor/lib/test/auto/TrigFunctionInverse.xml (RunModel)" time="0.01" />
  <testcase classname="ptolemy.util.test.junit.AutoTests" name="[386] /home/travis/build/icyphy/ptII/ptolemy/actor/lib/test/auto/TrigFunctionTan.xml (RunModel)" time="0.007" />
  <testcase classname="ptolemy.util.test.junit.AutoTests" name="[387] /home/travis/build/icyphy/ptII/ptolemy/actor/lib/test/auto/TriggeredClock.xml (RunModel)" time="0.009" />
  <testcase classname="ptolemy.util.test.junit.AutoTests" name="[388] /home/travis/build/icyphy/ptII/ptolemy/actor/lib/test/auto/URLDirectoryReader.xml (RunModel)" time="0.086" />
  <testcase classname="ptolemy.util.test.junit.AutoTests" name="[389] /home/travis/build/icyphy/ptII/ptolemy/actor/lib/test/auto/URLDirectoryReader3.xml (RunModel)" time="1.401" />
  <testcase classname="ptolemy.util.test.junit.AutoTests" name="[390] /home/travis/build/icyphy/ptII/ptolemy/actor/lib/test/auto/UnaryMathFunction.xml (RunModel)" time="0.057" />
  <testcase classname="ptolemy.util.test.junit.AutoTests" name="[391] /home/travis/build/icyphy/ptII/ptolemy/actor/lib/test/auto/Uniform.xml (RunModel)" time="0.044" />
  <testcase classname="ptolemy.util.test.junit.AutoTests" name="[392] /home/travis/build/icyphy/ptII/ptolemy/actor/lib/test/auto/UnionDisassemblerTest.xml (RunModel)" time="0.019" />
  <testcase classname="ptolemy.util.test.junit.AutoTests" name="[393] /home/travis/build/icyphy/ptII/ptolemy/actor/lib/test/auto/UtilityFunctions.xml (RunModel)" time="0.028" />
  <testcase classname="ptolemy.util.test.junit.AutoTests" name="[394] /home/travis/build/icyphy/ptII/ptolemy/actor/lib/test/auto/VariableSleep.xml (RunModel)" time="0.54" />
  <testcase classname="ptolemy.util.test.junit.AutoTests" name="[395] /home/travis/build/icyphy/ptII/ptolemy/actor/lib/test/auto/VectorAssemblerDisassemblerCT.xml (RunModel)" time="0.137" />
  <testcase classname="ptolemy.util.test.junit.AutoTests" name="[396] /home/travis/build/icyphy/ptII/ptolemy/actor/lib/test/auto/VectorAssemblerDisassemblerDE.xml (RunModel)" time="0.013" />
  <testcase classname="ptolemy.util.test.junit.AutoTests" name="[397] /home/travis/build/icyphy/ptII/ptolemy/actor/lib/test/auto/VectorAssemblerDisassemblerSDF.xml (RunModel)" time="0.012" />
  <testcase classname="ptolemy.util.test.junit.AutoTests" name="[398] /home/travis/build/icyphy/ptII/ptolemy/actor/lib/test/auto/WallClockTime.xml (RunModel)" time="1.013" />
  <testcase classname="ptolemy.util.test.junit.AutoTests" name="[399] /home/travis/build/icyphy/ptII/ptolemy/actor/lib/test/auto/WidthTestWithSubscriberPublisher.xml (RunModel)" time="0.044" />
  <testcase classname="ptolemy.util.test.junit.AutoTests" name="[400] /home/travis/build/icyphy/ptII/ptolemy/actor/lib/test/auto/WidthTestWithSubscriberPublisher2.xml (RunModel)" time="0.026" />
  <testcase classname="ptolemy.util.test.junit.AutoTests" name="[401] /home/travis/build/icyphy/ptII/ptolemy/actor/lib/test/auto/WidthTestWithSubscriberPublisher3.xml (RunModel)" time="0.012" />
  <testcase classname="ptolemy.util.test.junit.AutoTests" name="[402] /home/travis/build/icyphy/ptII/ptolemy/actor/lib/test/auto/Writer.xml (RunModel)" time="0.014" />
  <testcase classname="ptolemy.util.test.junit.AutoTests" name="[403] /home/travis/build/icyphy/ptII/ptolemy/actor/lib/test/auto/array.xml (RunModel)" time="0.011" />
  <testcase classname="ptolemy.util.test.junit.AutoTests" name="[404] /home/travis/build/icyphy/ptII/ptolemy/actor/lib/test/auto/array2.xml (RunModel)" time="0.009" />
  <testcase classname="ptolemy.util.test.junit.AutoTests" name="[405] /home/travis/build/icyphy/ptII/ptolemy/actor/lib/test/auto/arrayType.xml (RunModel)" time="0.011" />
  <testcase classname="ptolemy.util.test.junit.AutoTests" name="[406] /home/travis/build/icyphy/ptII/ptolemy/actor/lib/test/auto/arrayType10.xml (RunModel)" time="0.009" />
  <testcase classname="ptolemy.util.test.junit.AutoTests" name="[407] /home/travis/build/icyphy/ptII/ptolemy/actor/lib/test/auto/arrayType11.xml (RunModel)" time="0.008" />
  <testcase classname="ptolemy.util.test.junit.AutoTests" name="[408] /home/travis/build/icyphy/ptII/ptolemy/actor/lib/test/auto/arrayType12.xml (RunModel)" time="0.011" />
  <testcase classname="ptolemy.util.test.junit.AutoTests" name="[409] /home/travis/build/icyphy/ptII/ptolemy/actor/lib/test/auto/arrayType13.xml (RunModel)" time="0.009" />
  <testcase classname="ptolemy.util.test.junit.AutoTests" name="[410] /home/travis/build/icyphy/ptII/ptolemy/actor/lib/test/auto/arrayType14.xml (RunModel)" time="0.01" />
  <testcase classname="ptolemy.util.test.junit.AutoTests" name="[411] /home/travis/build/icyphy/ptII/ptolemy/actor/lib/test/auto/arrayType15.xml (RunModel)" time="0.01" />
  <testcase classname="ptolemy.util.test.junit.AutoTests" name="[412] /home/travis/build/icyphy/ptII/ptolemy/actor/lib/test/auto/arrayType16.xml (RunModel)" time="0.009" />
  <testcase classname="ptolemy.util.test.junit.AutoTests" name="[413] /home/travis/build/icyphy/ptII/ptolemy/actor/lib/test/auto/arrayType17.xml (RunModel)" time="0.01" />
  <testcase classname="ptolemy.util.test.junit.AutoTests" name="[414] /home/travis/build/icyphy/ptII/ptolemy/actor/lib/test/auto/arrayType18.xml (RunModel)" time="0.01" />
  <testcase classname="ptolemy.util.test.junit.AutoTests" name="[415] /home/travis/build/icyphy/ptII/ptolemy/actor/lib/test/auto/arrayType19.xml (RunModel)" time="0.01" />
  <testcase classname="ptolemy.util.test.junit.AutoTests" name="[416] /home/travis/build/icyphy/ptII/ptolemy/actor/lib/test/auto/arrayType2.xml (RunModel)" time="0.015" />
  <testcase classname="ptolemy.util.test.junit.AutoTests" name="[417] /home/travis/build/icyphy/ptII/ptolemy/actor/lib/test/auto/arrayType20.xml (RunModel)" time="0.01" />
  <testcase classname="ptolemy.util.test.junit.AutoTests" name="[418] /home/travis/build/icyphy/ptII/ptolemy/actor/lib/test/auto/arrayType21.xml (RunModel)" time="0.011" />
  <testcase classname="ptolemy.util.test.junit.AutoTests" name="[419] /home/travis/build/icyphy/ptII/ptolemy/actor/lib/test/auto/arrayType22.xml (RunModel)" time="0.011" />
  <testcase classname="ptolemy.util.test.junit.AutoTests" name="[420] /home/travis/build/icyphy/ptII/ptolemy/actor/lib/test/auto/arrayType23.xml (RunModel)" time="0.009" />
  <testcase classname="ptolemy.util.test.junit.AutoTests" name="[421] /home/travis/build/icyphy/ptII/ptolemy/actor/lib/test/auto/arrayType24.xml (RunModel)" time="0.011" />
  <testcase classname="ptolemy.util.test.junit.AutoTests" name="[422] /home/travis/build/icyphy/ptII/ptolemy/actor/lib/test/auto/arrayType25.xml (RunModel)" time="0.011" />
  <testcase classname="ptolemy.util.test.junit.AutoTests" name="[423] /home/travis/build/icyphy/ptII/ptolemy/actor/lib/test/auto/arrayType26.xml (RunModel)" time="0.016" />
  <testcase classname="ptolemy.util.test.junit.AutoTests" name="[424] /home/travis/build/icyphy/ptII/ptolemy/actor/lib/test/auto/arrayType27.xml (RunModel)" time="0.011" />
  <testcase classname="ptolemy.util.test.junit.AutoTests" name="[425] /home/travis/build/icyphy/ptII/ptolemy/actor/lib/test/auto/arrayType28.xml (RunModel)" time="0.009" />
  <testcase classname="ptolemy.util.test.junit.AutoTests" name="[426] /home/travis/build/icyphy/ptII/ptolemy/actor/lib/test/auto/arrayType3.xml (RunModel)" time="0.008" />
  <testcase classname="ptolemy.util.test.junit.AutoTests" name="[427] /home/travis/build/icyphy/ptII/ptolemy/actor/lib/test/auto/arrayType4.xml (RunModel)" time="0.009" />
  <testcase classname="ptolemy.util.test.junit.AutoTests" name="[428] /home/travis/build/icyphy/ptII/ptolemy/actor/lib/test/auto/arrayType5.xml (RunModel)" time="0.009" />
  <testcase classname="ptolemy.util.test.junit.AutoTests" name="[429] /home/travis/build/icyphy/ptII/ptolemy/actor/lib/test/auto/arrayType6.xml (RunModel)" time="0.007" />
  <testcase classname="ptolemy.util.test.junit.AutoTests" name="[430] /home/travis/build/icyphy/ptII/ptolemy/actor/lib/test/auto/arrayType7.xml (RunModel)" time="0.008" />
  <testcase classname="ptolemy.util.test.junit.AutoTests" name="[431] /home/travis/build/icyphy/ptII/ptolemy/actor/lib/test/auto/arrayType8.xml (RunModel)" time="0.01" />
  <testcase classname="ptolemy.util.test.junit.AutoTests" name="[432] /home/travis/build/icyphy/ptII/ptolemy/actor/lib/test/auto/arrayType9.xml (RunModel)" time="0.022" />
  <testcase classname="ptolemy.util.test.junit.AutoTests" name="[433] /home/travis/build/icyphy/ptII/ptolemy/actor/lib/test/auto/cast.xml (RunModel)" time="0.009" />
  <testcase classname="ptolemy.util.test.junit.AutoTests" name="[434] /home/travis/build/icyphy/ptII/ptolemy/actor/lib/test/auto/compositeMultiPort.xml (RunModel)" time="0.016" />
  <testcase classname="ptolemy.util.test.junit.AutoTests" name="[435] /home/travis/build/icyphy/ptII/ptolemy/actor/lib/test/auto/expressionCastInference.xml (RunModel)" time="0.011" />
  <testcase classname="ptolemy.util.test.junit.AutoTests" name="[436] /home/travis/build/icyphy/ptII/ptolemy/actor/lib/test/auto/expressionCastInference2.xml (RunModel)" time="0.007" />
  <testcase classname="ptolemy.util.test.junit.AutoTests" name="[437] /home/travis/build/icyphy/ptII/ptolemy/actor/lib/test/auto/expressionInference.xml (RunModel)" time="0.007" />
  <testcase classname="ptolemy.util.test.junit.AutoTests" name="[438] /home/travis/build/icyphy/ptII/ptolemy/actor/lib/test/auto/expression_bug.xml (RunModel)" time="0.007" />
  <testcase classname="ptolemy.util.test.junit.AutoTests" name="[439] /home/travis/build/icyphy/ptII/ptolemy/actor/lib/test/auto/factorial.xml (RunModel)" time="0.053" />
  <testcase classname="ptolemy.util.test.junit.AutoTests" name="[440] /home/travis/build/icyphy/ptII/ptolemy/actor/lib/test/auto/filterTest1.xml (RunModel)" time="0.014" />
  <testcase classname="ptolemy.util.test.junit.AutoTests" name="[441] /home/travis/build/icyphy/ptII/ptolemy/actor/lib/test/auto/funcApplyInConst.xml (RunModel)" time="0.006" />
  <testcase classname="ptolemy.util.test.junit.AutoTests" name="[442] /home/travis/build/icyphy/ptII/ptolemy/actor/lib/test/auto/funcApplyInExpr.xml (RunModel)" time="0.005" />
  <testcase classname="ptolemy.util.test.junit.AutoTests" name="[443] /home/travis/build/icyphy/ptII/ptolemy/actor/lib/test/auto/function.xml (RunModel)" time="0.009" />
  <testcase classname="ptolemy.util.test.junit.AutoTests" name="[444] /home/travis/build/icyphy/ptII/ptolemy/actor/lib/test/auto/function2.xml (RunModel)" time="0.01" />
  <testcase classname="ptolemy.util.test.junit.AutoTests" name="[445] /home/travis/build/icyphy/ptII/ptolemy/actor/lib/test/auto/function3.xml (RunModel)" time="0.007" />
  <testcase classname="ptolemy.util.test.junit.AutoTests" name="[446] /home/travis/build/icyphy/ptII/ptolemy/actor/lib/test/auto/functionClosureTest1.xml (RunModel)" time="0.009" />
  <testcase classname="ptolemy.util.test.junit.AutoTests" name="[447] /home/travis/build/icyphy/ptII/ptolemy/actor/lib/test/auto/functionClosureTest2.xml (RunModel)" time="0.01" />
  <testcase classname="ptolemy.util.test.junit.AutoTests" name="[448] /home/travis/build/icyphy/ptII/ptolemy/actor/lib/test/auto/functionClosureTest3.xml (RunModel)" time="0.009" />
  <testcase classname="ptolemy.util.test.junit.AutoTests" name="[449] /home/travis/build/icyphy/ptII/ptolemy/actor/lib/test/auto/functionClosureTest4.xml (RunModel)" time="0.015" />
  <testcase classname="ptolemy.util.test.junit.AutoTests" name="[450] /home/travis/build/icyphy/ptII/ptolemy/actor/lib/test/auto/functionClosureTest5.xml (RunModel)" time="0.011" />
  <testcase classname="ptolemy.util.test.junit.AutoTests" name="[451] /home/travis/build/icyphy/ptII/ptolemy/actor/lib/test/auto/functionClosureTest6.xml (RunModel)" time="0.011" />
  <testcase classname="ptolemy.util.test.junit.AutoTests" name="[452] /home/travis/build/icyphy/ptII/ptolemy/actor/lib/test/auto/functionsOnArcs.xml (RunModel)" time="0.01" />
  <testcase classname="ptolemy.util.test.junit.AutoTests" name="[453] /home/travis/build/icyphy/ptII/ptolemy/actor/lib/test/auto/functionsOnArcsHOF.xml (RunModel)" time="0.012" />
  <testcase classname="ptolemy.util.test.junit.AutoTests" name="[454] /home/travis/build/icyphy/ptII/ptolemy/actor/lib/test/auto/logic.xml (RunModel)" time="0.017" />
  <testcase classname="ptolemy.util.test.junit.AutoTests" name="[455] /home/travis/build/icyphy/ptII/ptolemy/actor/lib/test/auto/matrixType.xml (RunModel)" time="0.009" />
  <testcase classname="ptolemy.util.test.junit.AutoTests" name="[456] /home/travis/build/icyphy/ptII/ptolemy/actor/lib/test/auto/matrixType10.xml (RunModel)" time="0.01" />
  <testcase classname="ptolemy.util.test.junit.AutoTests" name="[457] /home/travis/build/icyphy/ptII/ptolemy/actor/lib/test/auto/matrixType11.xml (RunModel)" time="0.007" />
  <testcase classname="ptolemy.util.test.junit.AutoTests" name="[458] /home/travis/build/icyphy/ptII/ptolemy/actor/lib/test/auto/matrixType12.xml (RunModel)" time="0.009" />
  <testcase classname="ptolemy.util.test.junit.AutoTests" name="[459] /home/travis/build/icyphy/ptII/ptolemy/actor/lib/test/auto/matrixType13.xml (RunModel)" time="0.008" />
  <testcase classname="ptolemy.util.test.junit.AutoTests" name="[460] /home/travis/build/icyphy/ptII/ptolemy/actor/lib/test/auto/matrixType14.xml (RunModel)" time="0.01" />
  <testcase classname="ptolemy.util.test.junit.AutoTests" name="[461] /home/travis/build/icyphy/ptII/ptolemy/actor/lib/test/auto/matrixType2.xml (RunModel)" time="0.008" />
  <testcase classname="ptolemy.util.test.junit.AutoTests" name="[462] /home/travis/build/icyphy/ptII/ptolemy/actor/lib/test/auto/matrixType3.xml (RunModel)" time="0.01" />
  <testcase classname="ptolemy.util.test.junit.AutoTests" name="[463] /home/travis/build/icyphy/ptII/ptolemy/actor/lib/test/auto/matrixType4.xml (RunModel)" time="0.007" />
  <testcase classname="ptolemy.util.test.junit.AutoTests" name="[464] /home/travis/build/icyphy/ptII/ptolemy/actor/lib/test/auto/matrixType5.xml (RunModel)" time="0.008" />
  <testcase classname="ptolemy.util.test.junit.AutoTests" name="[465] /home/travis/build/icyphy/ptII/ptolemy/actor/lib/test/auto/matrixType6.xml (RunModel)" time="0.008" />
  <testcase classname="ptolemy.util.test.junit.AutoTests" name="[466] /home/travis/build/icyphy/ptII/ptolemy/actor/lib/test/auto/matrixType7.xml (RunModel)" time="0.008" />
  <testcase classname="ptolemy.util.test.junit.AutoTests" name="[467] /home/travis/build/icyphy/ptII/ptolemy/actor/lib/test/auto/matrixType8.xml (RunModel)" time="0.009" />
  <testcase classname="ptolemy.util.test.junit.AutoTests" name="[468] /home/travis/build/icyphy/ptII/ptolemy/actor/lib/test/auto/matrixType9.xml (RunModel)" time="0.008" />
  <testcase classname="ptolemy.util.test.junit.AutoTests" name="[469] /home/travis/build/icyphy/ptII/ptolemy/actor/lib/test/auto/paraFunctest.xml (RunModel)" time="0.011" />
  <testcase classname="ptolemy.util.test.junit.AutoTests" name="[470] /home/travis/build/icyphy/ptII/ptolemy/actor/lib/test/auto/paraFunctest2.xml (RunModel)" time="0.008" />
  <testcase classname="ptolemy.util.test.junit.AutoTests" name="[471] /home/travis/build/icyphy/ptII/ptolemy/actor/lib/test/auto/parameterPassing.xml (RunModel)" time="0.008" />
  <testcase classname="ptolemy.util.test.junit.AutoTests" name="[472] /home/travis/build/icyphy/ptII/ptolemy/actor/lib/test/auto/record.xml (RunModel)" time="0.01" />
  <testcase classname="ptolemy.util.test.junit.AutoTests" name="[473] /home/travis/build/icyphy/ptII/ptolemy/actor/lib/test/auto/sizedarray1.xml (RunModel)" time="0.01" />
  <testcase classname="ptolemy.util.test.junit.AutoTests" name="[474] /home/travis/build/icyphy/ptII/ptolemy/actor/lib/test/auto/sizedarray2.xml (RunModel)" time="0.011" />
  <testcase classname="ptolemy.util.test.junit.AutoTests" name="[475] /home/travis/build/icyphy/ptII/ptolemy/actor/lib/test/auto/twoPublishers.xml (RunModel)" time="0.021" />
  <system-out><![CDATA[/home/travis/build/icyphy/ptII/ptolemy/actor/lib/test/AbsoluteValue.tcl
testDefs.tcl: setting time out to 9000 seconds at Wed Jun 20 05:05:47 UTC 2018
74 ms. Memory: 116224K Free: 106766K (92%)
4 ms. Memory: 116224K Free: 105525K (91%)
4 ms. Memory: 116224K Free: 104908K (90%)
8 ms. Memory: 116224K Free: 103699K (89%)
/home/travis/build/icyphy/ptII/ptolemy/actor/lib/test/AddSubtract.tcl
17 ms. Memory: 116224K Free: 101864K (88%)
6 ms. Memory: 116224K Free: 101240K (87%)
10 ms. Memory: 116224K Free: 100623K (87%)
14 ms. Memory: 116224K Free: 99422K (86%)
8 ms. Memory: 116224K Free: 98821K (85%)
4 ms. Memory: 116224K Free: 98205K (84%)
/home/travis/build/icyphy/ptII/ptolemy/actor/lib/test/Average.tcl
6 ms. Memory: 116224K Free: 96395K (83%)
20 ms. Memory: 116224K Free: 95193K (82%)
/home/travis/build/icyphy/ptII/ptolemy/actor/lib/test/Bernoulli.tcl
5 ms. Memory: 116224K Free: 93366K (80%)
2 ms. Memory: 116224K Free: 92749K (80%)
/home/travis/build/icyphy/ptII/ptolemy/actor/lib/test/Clock.tcl
preinitializing
resolving types
initializing
executing number 1
wrapping up
idle
22 ms. Memory: 116224K Free: 90939K (78%)
Completed execution with 5 iterations
preinitializing
resolving types
initializing
executing number 1
wrapping up
idle
3 ms. Memory: 116224K Free: 89706K (77%)
Completed execution with 5 iterations
preinitializing
resolving types
initializing
executing number 1
wrapping up
idle
3 ms. Memory: 116224K Free: 89105K (77%)
Completed execution with 5 iterations
/home/travis/build/icyphy/ptII/ptolemy/actor/lib/test/Commutator.tcl
6 ms. Memory: 116224K Free: 87247K (75%)
6 ms. Memory: 116224K Free: 86006K (74%)
9 ms. Memory: 116224K Free: 81656K (70%)
/home/travis/build/icyphy/ptII/ptolemy/actor/lib/test/Const.tcl
3 ms. Memory: 146944K Free: 139976K (95%)
2 ms. Memory: 146944K Free: 138749K (94%)
11 ms. Memory: 146944K Free: 138749K (94%)
2 ms. Memory: 146944K Free: 137530K (94%)
1 ms. Memory: 146944K Free: 137530K (94%)
14 ms. Memory: 146944K Free: 135093K (92%)
9 ms. Memory: 146944K Free: 135093K (92%)
7 ms. Memory: 146944K Free: 133882K (91%)
/home/travis/build/icyphy/ptII/ptolemy/actor/lib/test/CurrentTime.tcl
preinitializing
resolving types
initializing
executing number 1
wrapping up
idle
7 ms. Memory: 146944K Free: 131444K (89%)
Completed execution with 11 iterations
/home/travis/build/icyphy/ptII/ptolemy/actor/lib/test/DB.tcl
4 ms. Memory: 146944K Free: 130233K (89%)
2 ms. Memory: 146944K Free: 129006K (88%)
2 ms. Memory: 146944K Free: 129006K (88%)
/home/travis/build/icyphy/ptII/ptolemy/actor/lib/test/DiscreteRandomSource.tcl
preinitializing
resolving types
initializing
executing number 1
wrapping up
idle
3 ms. Memory: 146944K Free: 127795K (87%)
Completed execution with 4 iterations
preinitializing
resolving types
initializing
executing number 1
wrapping up
idle
2 ms. Memory: 146944K Free: 126568K (86%)
Completed execution with 4 iterations
preinitializing
resolving types
initializing
executing number 1
wrapping up
idle
2 ms. Memory: 146944K Free: 126568K (86%)
Completed execution with 4 iterations
preinitializing
resolving types
initializing
executing number 1
wrapping up
idle
3 ms. Memory: 146944K Free: 126568K (86%)
Completed execution with 4 iterations
preinitializing
resolving types
initializing
executing number 1
wrapping up
idle
5 ms. Memory: 146944K Free: 125341K (85%)
Completed execution with 4 iterations
/home/travis/build/icyphy/ptII/ptolemy/actor/lib/test/Distributor.tcl
4 ms. Memory: 146944K Free: 124130K (84%)
4 ms. Memory: 146944K Free: 122903K (84%)
StreamChangeRequest.changeExecuted(): <deleteEntity name="rec2"/> succeeded
StreamChangeRequest.changeExecuted(): <deleteRelation name="r2"/> succeeded
StreamChangeRequest.changeExecuted(): Record firings per iteration succeeded
13 ms. Memory: 146944K Free: 119221K (81%)
/home/travis/build/icyphy/ptII/ptolemy/actor/lib/test/Exit.tcl
Exit.tcl: this will print a message about Manager.exitAfterWrapup, which can be ignored.
4 ms. Memory: 146944K Free: 116185K (79%)
/home/travis/build/icyphy/ptII/ptolemy/actor/lib/test/Expression.tcl
5 ms. Memory: 146944K Free: 112534K (77%)
8 ms. Memory: 146944K Free: 112534K (77%)
9 ms. Memory: 146944K Free: 111323K (76%)
preinitializing
resolving types
initializing
executing number 1
wrapping up
idle
5 ms. Memory: 146944K Free: 110112K (75%)
Completed execution with 6 iterations
4 ms. Memory: 146944K Free: 108901K (74%)
4 ms. Memory: 146944K Free: 108901K (74%)
4 ms. Memory: 146944K Free: 107691K (73%)
4 ms. Memory: 146944K Free: 106480K (72%)
4 ms. Memory: 146944K Free: 105269K (72%)
/home/travis/build/icyphy/ptII/ptolemy/actor/lib/test/Gaussian.tcl
14 ms. Memory: 146944K Free: 102847K (70%)
sleeping 1 seconds: .....................................................................................................................................................................................................................................................................................................................................................................................................................................................................................................................................................................................................................................................................................................................................2 ms. Memory: 146944K Free: 99214K (68%)
1 ms. Memory: 146944K Free: 99214K (68%)
2 ms. Memory: 146944K Free: 98003K (67%)
7 ms. Memory: 146944K Free: 98003K (67%)
5 ms. Memory: 146944K Free: 96793K (66%)
/home/travis/build/icyphy/ptII/ptolemy/actor/lib/test/IIR.tcl
/home/travis/build/icyphy/ptII/ptolemy/actor/lib/test/Interpolator.tcl
7 ms. Memory: 146944K Free: 93144K (63%)
2 ms. Memory: 146944K Free: 91933K (63%)
1 ms. Memory: 146944K Free: 91933K (63%)
7 ms. Memory: 146944K Free: 90722K (62%)
8 ms. Memory: 146944K Free: 90722K (62%)
5 ms. Memory: 146944K Free: 89511K (61%)
8 ms. Memory: 146944K Free: 88300K (60%)
8 ms. Memory: 146944K Free: 88300K (60%)
2 ms. Memory: 146944K Free: 87089K (59%)
11 ms. Memory: 146944K Free: 85878K (58%)
/home/travis/build/icyphy/ptII/ptolemy/actor/lib/test/MathFunction.tcl
8 ms. Memory: 146944K Free: 83457K (57%)
11 ms. Memory: 146944K Free: 82246K (56%)
2 ms. Memory: 146944K Free: 82246K (56%)
2 ms. Memory: 146944K Free: 81375K (55%)
7 ms. Memory: 146944K Free: 138902K (95%)
5 ms. Memory: 146944K Free: 137713K (94%)
/home/travis/build/icyphy/ptII/ptolemy/actor/lib/test/Maximum.tcl
13 ms. Memory: 146944K Free: 135335K (92%)
2 ms. Memory: 146944K Free: 135335K (92%)
10 ms. Memory: 146944K Free: 134146K (91%)
3 ms. Memory: 146944K Free: 132957K (90%)
/home/travis/build/icyphy/ptII/ptolemy/actor/lib/test/Minimum.tcl
3 ms. Memory: 146944K Free: 131768K (90%)
2 ms. Memory: 146944K Free: 130579K (89%)
3 ms. Memory: 146944K Free: 130579K (89%)
2 ms. Memory: 146944K Free: 129390K (88%)
/home/travis/build/icyphy/ptII/ptolemy/actor/lib/test/MultiplyDivide.tcl
12 ms. Memory: 146944K Free: 128202K (87%)
3 ms. Memory: 146944K Free: 127013K (86%)
9 ms. Memory: 146944K Free: 125824K (86%)
3 ms. Memory: 146944K Free: 125824K (86%)
5 ms. Memory: 146944K Free: 124635K (85%)
/home/travis/build/icyphy/ptII/ptolemy/actor/lib/test/OrderedMerge.tcl
Connections changed on port: inputA
Connections changed on port: inputB
Connections changed on port: output
Connections changed on port: output
Connections changed on port: output
Connections changed on port: input
.top. Preinitializing ...
Invoking preinitialize():  .top.OrderedMerge
Called preinitialize()
Invoking preinitialize():  .top.Ramp
Called preinitialize()
Invoking preinitialize():  .top.Ramp2
Called preinitialize()
Invoking preinitialize():  .top.Test
Called preinitialize()
Connections changed on port: inputA
Connections changed on port: output
Connections changed on port: inputB
Connections changed on port: output
Connections changed on port: output
Connections changed on port: input
.top. Finished preinitialize().
Called initialize().
Invoking initialize():  .top.OrderedMerge
Initializing actor: .top.OrderedMerge
Adding a thread: .top.OrderedMerge
Invoking initialize():  .top.Ramp
Initializing actor: .top.Ramp
Adding a thread: .top.Ramp
Invoking initialize():  .top.Ramp2
Initializing actor: .top.Ramp2
Adding a thread: .top.Ramp2
Invoking initialize():  .top.Test
Initializing actor: .top.Test
Adding a thread: .top.Test
-- Starting thread.
Called initialize()
Called prefire()
Called fire()
-- Starting thread.
Called initialize()
Called prefire()
Called fire()
Called postfire()
Called prefire()
Called fire()
-- Starting thread.
Called initialize()
Called prefire()
Called fire()
Called postfire()
Called prefire()
Called fire()
Called fire().
Checking for deadlock:
There are 3 Blocked actors, 0 Stopped actors, and 4 active threads.
Waiting for actors to stop.
-- Starting thread.
Called initialize()
Called prefire()
Called fire()
Checking for deadlock:
There are 2 Blocked actors, 0 Stopped actors, and 4 active threads.
Waiting for actors to stop.
Called postfire()
Called prefire()
Called fire()
Checking for deadlock:
There are 3 Blocked actors, 0 Stopped actors, and 4 active threads.
Waiting for actors to stop.
Read input token from inputA with value 0.0
Next port to read input from is inputB
Called postfire()
Called prefire()
Called fire()
Checking for deadlock:
There are 2 Blocked actors, 0 Stopped actors, and 4 active threads.
Waiting for actors to stop.
Called postfire()
Called prefire()
Called fire()
Checking for deadlock:
There are 3 Blocked actors, 0 Stopped actors, and 4 active threads.
Waiting for actors to stop.
Read input token from inputB with value 0.0
Checking for deadlock:
There are 2 Blocked actors, 0 Stopped actors, and 4 active threads.
Waiting for actors to stop.
-- Read input: 0.0, which is expected to match: 0.0
Called prefire()
Called fire()
Checking for deadlock:
There are 3 Blocked actors, 0 Stopped actors, and 4 active threads.
Waiting for actors to stop.
Sent output token with value 0.0
Next port to read input from is inputA
Called postfire()
Called prefire()
Called fire()
Called postfire()
Called prefire()
Called fire()
Checking for deadlock:
There are 3 Blocked actors, 0 Stopped actors, and 4 active threads.
Waiting for actors to stop.
Read input token from inputA with value 1.0
-- Read input: 0.0, which is expected to match: 0.0
Called prefire()
Called fire()
Checking for deadlock:
There are 3 Blocked actors, 0 Stopped actors, and 4 active threads.
Waiting for actors to stop.
Sent output token with value 0.0
Next port to read input from is inputB
Called postfire()
Called prefire()
Called fire()
Checking for deadlock:
There are 2 Blocked actors, 0 Stopped actors, and 4 active threads.
Waiting for actors to stop.
Called postfire()
Called prefire()
Called fire()
Checking for deadlock:
There are 3 Blocked actors, 0 Stopped actors, and 4 active threads.
Waiting for actors to stop.
Read input token from inputB with value 1.5
Checking for deadlock:
There are 2 Blocked actors, 0 Stopped actors, and 4 active threads.
Waiting for actors to stop.
-- Read input: 1.0, which is expected to match: 1.0
Called prefire()
Called fire()
Checking for deadlock:
There are 3 Blocked actors, 0 Stopped actors, and 4 active threads.
Waiting for actors to stop.
Sent output token with value 1.0
Next port to read input from is inputA
Called postfire()
Called prefire()
Called fire()
Called postfire()
Called prefire()
Called fire()
Checking for deadlock:
There are 3 Blocked actors, 0 Stopped actors, and 4 active threads.
Waiting for actors to stop.
Read input token from inputA with value 2.0
-- Read input: 1.5, which is expected to match: 1.5
Called prefire()
Called fire()
Checking for deadlock:
There are 3 Blocked actors, 0 Stopped actors, and 4 active threads.
Waiting for actors to stop.
Sent output token with value 1.5
Next port to read input from is inputB
Called postfire()
Called prefire()
Called fire()
Checking for deadlock:
There are 2 Blocked actors, 0 Stopped actors, and 4 active threads.
Waiting for actors to stop.
Called postfire()
Called prefire()
Called fire()
Checking for deadlock:
There are 3 Blocked actors, 0 Stopped actors, and 4 active threads.
Waiting for actors to stop.
Read input token from inputB with value 3.0
Checking for deadlock:
There are 2 Blocked actors, 0 Stopped actors, and 4 active threads.
Waiting for actors to stop.
-- Read input: 2.0, which is expected to match: 2.0
Called prefire()
Called fire()
Checking for deadlock:
There are 3 Blocked actors, 0 Stopped actors, and 4 active threads.
Waiting for actors to stop.
Sent output token with value 2.0
Next port to read input from is inputA
Called postfire()
Called prefire()
Called fire()
Called postfire()
Called prefire()
Called fire()
Checking for deadlock:
There are 3 Blocked actors, 0 Stopped actors, and 4 active threads.
Waiting for actors to stop.
Read input token from inputA with value 3.0
-- Read input: 3.0, which is expected to match: 3.0
Called prefire()
Called fire()
Checking for deadlock:
There are 3 Blocked actors, 0 Stopped actors, and 4 active threads.
Waiting for actors to stop.
Sent output token with value 3.0
Next port to read input from is inputB
Called postfire()
Called prefire()
Called fire()
Checking for deadlock:
There are 2 Blocked actors, 0 Stopped actors, and 4 active threads.
Waiting for actors to stop.
Called postfire()
Called prefire()
Called fire()
Checking for deadlock:
There are 3 Blocked actors, 0 Stopped actors, and 4 active threads.
Waiting for actors to stop.
Read input token from inputB with value 4.5
Checking for deadlock:
There are 2 Blocked actors, 0 Stopped actors, and 4 active threads.
Waiting for actors to stop.
-- Read input: 3.0, which is expected to match: 3.0
Called prefire()
Called fire()
Checking for deadlock:
There are 3 Blocked actors, 0 Stopped actors, and 4 active threads.
Waiting for actors to stop.
Sent output token with value 3.0
Next port to read input from is inputA
Called postfire()
Called prefire()
Called fire()
Called postfire()
Called prefire()
Called fire()
Checking for deadlock:
There are 3 Blocked actors, 0 Stopped actors, and 4 active threads.
Waiting for actors to stop.
Read input token from inputA with value 4.0
-- Read input: 4.0, which is expected to match: 4.0
Called prefire()
Called fire()
Past the end of training data. Read and discard all inputs.
Checking for deadlock:
There are 3 Blocked actors, 0 Stopped actors, and 4 active threads.
Waiting for actors to stop.
Sent output token with value 4.0
Next port to read input from is inputA
Called postfire()
Called prefire()
Called fire()
Called postfire()
Called prefire()
Called fire()
Checking for deadlock:
There are 3 Blocked actors, 0 Stopped actors, and 4 active threads.
Waiting for actors to stop.
Read input token from inputA with value 5.0
Called prefire()
Called fire()
Past the end of training data. Read and discard all inputs.
Checking for deadlock:
There are 3 Blocked actors, 0 Stopped actors, and 4 active threads.
Waiting for actors to stop.
Sent output token with value 4.5
Next port to read input from is inputB
Called postfire()
Called prefire()
Called fire()
Checking for deadlock:
There are 2 Blocked actors, 0 Stopped actors, and 4 active threads.
Waiting for actors to stop.
Called postfire()
Called prefire()
Called fire()
Checking for deadlock:
There are 3 Blocked actors, 0 Stopped actors, and 4 active threads.
Waiting for actors to stop.
Read input token from inputB with value 6.0
Checking for deadlock:
There are 2 Blocked actors, 0 Stopped actors, and 4 active threads.
Waiting for actors to stop.
Called prefire()
Called fire()
Past the end of training data. Read and discard all inputs.
Checking for deadlock:
There are 3 Blocked actors, 0 Stopped actors, and 4 active threads.
Waiting for actors to stop.
Sent output token with value 5.0
Next port to read input from is inputA
Called postfire()
Called prefire()
Called fire()
Called postfire()
Called prefire()
Called fire()
Checking for deadlock:
There are 3 Blocked actors, 0 Stopped actors, and 4 active threads.
Waiting for actors to stop.
Read input token from inputA with value 6.0
Called prefire()
Called fire()
Past the end of training data. Read and discard all inputs.
Checking for deadlock:
There are 3 Blocked actors, 0 Stopped actors, and 4 active threads.
Waiting for actors to stop.
Sent output token with value 6.0
Next port to read input from is inputB
Called postfire()
Called prefire()
Called fire()
Checking for deadlock:
There are 2 Blocked actors, 0 Stopped actors, and 4 active threads.
Waiting for actors to stop.
Called postfire()
Called prefire()
Called fire()
Checking for deadlock:
There are 3 Blocked actors, 0 Stopped actors, and 4 active threads.
Waiting for actors to stop.
Read input token from inputB with value 7.5
Checking for deadlock:
There are 2 Blocked actors, 0 Stopped actors, and 4 active threads.
Waiting for actors to stop.
Called prefire()
Called fire()
Past the end of training data. Read and discard all inputs.
Checking for deadlock:
There are 3 Blocked actors, 0 Stopped actors, and 4 active threads.
Waiting for actors to stop.
Sent output token with value 6.0
Next port to read input from is inputA
Called postfire()
Called prefire()
Called fire()
Called postfire()
Called prefire()
Called fire()
Checking for deadlock:
There are 3 Blocked actors, 0 Stopped actors, and 4 active threads.
Waiting for actors to stop.
Read input token from inputA with value 7.0
Called prefire()
Called fire()
Past the end of training data. Read and discard all inputs.
Checking for deadlock:
There are 3 Blocked actors, 0 Stopped actors, and 4 active threads.
Waiting for actors to stop.
Sent output token with value 7.0
Next port to read input from is inputA
Called postfire()
Called prefire()
Called fire()
-- Thread wrapup() called.
Called wrapup()
Thread .top.Ramp is exiting.
-- Thread stopped.
Checking for deadlock:
There are 2 Blocked actors, 0 Stopped actors, and 3 active threads.
Waiting for actors to stop.
Read input token from inputA with value 8.0
Called prefire()
Called fire()
Past the end of training data. Read and discard all inputs.
Checking for deadlock:
There are 2 Blocked actors, 0 Stopped actors, and 3 active threads.
Waiting for actors to stop.
Sent output token with value 7.5
Next port to read input from is inputB
Called postfire()
Called prefire()
Called fire()
Checking for deadlock:
There are 1 Blocked actors, 0 Stopped actors, and 3 active threads.
Waiting for actors to stop.
Called postfire()
Called prefire()
Called fire()
Checking for deadlock:
There are 2 Blocked actors, 0 Stopped actors, and 3 active threads.
Waiting for actors to stop.
Read input token from inputB with value 9.0
Checking for deadlock:
There are 1 Blocked actors, 0 Stopped actors, and 3 active threads.
Waiting for actors to stop.
Called prefire()
Called fire()
Past the end of training data. Read and discard all inputs.
Checking for deadlock:
There are 2 Blocked actors, 0 Stopped actors, and 3 active threads.
Waiting for actors to stop.
Sent output token with value 8.0
Next port to read input from is inputA
Called postfire()
Called prefire()
Called fire()
Read input token from inputA with value 9.0
Checking for deadlock:
There are 1 Blocked actors, 0 Stopped actors, and 3 active threads.
Waiting for actors to stop.
Called prefire()
Called fire()
Past the end of training data. Read and discard all inputs.
Checking for deadlock:
There are 2 Blocked actors, 0 Stopped actors, and 3 active threads.
Waiting for actors to stop.
Sent output token with value 9.0
Next port to read input from is inputB
Called postfire()
Called prefire()
Called fire()
Checking for deadlock:
There are 1 Blocked actors, 0 Stopped actors, and 3 active threads.
Waiting for actors to stop.
Called postfire()
Called prefire()
Called fire()
Checking for deadlock:
There are 2 Blocked actors, 0 Stopped actors, and 3 active threads.
Waiting for actors to stop.
Read input token from inputB with value 10.5
Checking for deadlock:
There are 1 Blocked actors, 0 Stopped actors, and 3 active threads.
Waiting for actors to stop.
Called prefire()
Called fire()
Past the end of training data. Read and discard all inputs.
Checking for deadlock:
There are 2 Blocked actors, 0 Stopped actors, and 3 active threads.
Waiting for actors to stop.
Sent output token with value 9.0
Next port to read input from is inputA
Called postfire()
Called prefire()
Called fire()
Checking for deadlock:
There are 3 Blocked actors, 0 Stopped actors, and 3 active threads.
Actors have stopped.
Checking for deadlock:
There are 3 Blocked actors, 0 Stopped actors, and 3 active threads.
Deadlock detected.
Resolving Deadlock
Checking for deadlock:
There are 3 Blocked actors, 0 Stopped actors, and 3 active threads.
Artificial Deadlock - increasing queue capacity.
increasing the capacity of receiver ptolemy.actor.TypedIOPort {.top.OrderedMerge.inputB} to 2
Director: Called postfire().
Called postfire().
_stopRequested = false
_stopFireRequested = false
Returning from postfire(): true
Called fire().
Checking for deadlock:
There are 2 Blocked actors, 0 Stopped actors, and 3 active threads.
Waiting for actors to stop.
-- Thread wrapup() called.
Called wrapup()
Thread .top.Ramp2 is exiting.
-- Thread stopped.
Checking for deadlock:
There are 2 Blocked actors, 0 Stopped actors, and 2 active threads.
Actors have stopped.
Checking for deadlock:
There are 2 Blocked actors, 0 Stopped actors, and 2 active threads.
Deadlock detected.
Resolving Deadlock
Checking for deadlock:
There are 2 Blocked actors, 0 Stopped actors, and 2 active threads.
Deadlock detected: no processes blocked on write, but some are blocked on read.
Called postfire().
_stopRequested = false
_stopFireRequested = false
Returning from postfire(): false
Finished deactivating branches.
Called wrapup().
-- Thread wrapup() called.
Called wrapup()
Thread .top.Test is exiting.
-- Thread stopped.
-- Blocked Receiver call threw TerminateProcessException.
-- Thread wrapup() called.
Called wrapup()
Thread .top.OrderedMerge is exiting.
-- Thread stopped.
-- Blocked Receiver call threw TerminateProcessException.
34 ms. Memory: 146944K Free: 120619K (82%)
.top. Preinitializing ...
Invoking preinitialize():  .top.OrderedMerge
Called preinitialize()
Invoking preinitialize():  .top.Ramp
Called preinitialize()
Invoking preinitialize():  .top.Ramp2
Called preinitialize()
Invoking preinitialize():  .top.Test
Called preinitialize()
.top. Finished preinitialize().
Called initialize().
Invoking initialize():  .top.OrderedMerge
Initializing actor: .top.OrderedMerge
Adding a thread: .top.OrderedMerge
Invoking initialize():  .top.Ramp
Initializing actor: .top.Ramp
Adding a thread: .top.Ramp
Invoking initialize():  .top.Ramp2
Initializing actor: .top.Ramp2
Adding a thread: .top.Ramp2
Invoking initialize():  .top.Test
Initializing actor: .top.Test
Adding a thread: .top.Test
-- Starting thread.
Called initialize()
Called prefire()
Called fire()
-- Starting thread.
Called initialize()
Called prefire()
Called fire()
Called postfire()
Called prefire()
Called fire()
-- Starting thread.
Called initialize()
Called prefire()
Called fire()
Called postfire()
Called prefire()
Called fire()
Called fire().
Checking for deadlock:
There are 3 Blocked actors, 0 Stopped actors, and 4 active threads.
Waiting for actors to stop.
-- Starting thread.
Called initialize()
Called prefire()
Called fire()
Checking for deadlock:
There are 2 Blocked actors, 0 Stopped actors, and 4 active threads.
Waiting for actors to stop.
Read input token from inputA with value 0.0
Called postfire()
Called prefire()
Called fire()
Next port to read input from is inputB
Called postfire()
Called prefire()
Called fire()
Checking for deadlock:
Read input token from inputB with value 0.0
There are 2 Blocked actors, 0 Stopped actors, and 4 active threads.
Waiting for actors to stop.
Checking for deadlock:
Sent output token with value 0.0
There are 1 Blocked actors, 0 Stopped actors, and 4 active threads.
Waiting for actors to stop.
Next port to read input from is inputA
Called postfire()
Called prefire()
Called fire()
-- Read input: 0.0, which is expected to match: 0.0
Called prefire()
Called fire()
Called postfire()
Called prefire()
Called fire()
Read input token from inputA with value 1.0
Sent output token with value 0.0
Next port to read input from is inputB
Called postfire()
Called prefire()
Called fire()
Read input token from inputB with value 1.5
-- Read input: 0.0, which is expected to match: 0.0
Called prefire()
Called fire()
Checking for deadlock:
There are 1 Blocked actors, 0 Stopped actors, and 4 active threads.
Waiting for actors to stop.
Called postfire()
Called prefire()
Called fire()
Called postfire()
Called prefire()
Called fire()
Checking for deadlock:
There are 2 Blocked actors, 0 Stopped actors, and 4 active threads.
Waiting for actors to stop.
-- Read input: 1.0, which is expected to match: 1.0
Called prefire()
Called fire()
Checking for deadlock:
Sent output token with value 1.0
There are 3 Blocked actors, 0 Stopped actors, and 4 active threads.
Waiting for actors to stop.
Next port to read input from is inputA
Called postfire()
Called prefire()
Called fire()
Read input token from inputA with value 2.0
Sent output token with value 1.5
Next port to read input from is inputB
Called postfire()
Called prefire()
Called fire()
Read input token from inputB with value 3.0
Checking for deadlock:
There are 1 Blocked actors, 0 Stopped actors, and 4 active threads.
Waiting for actors to stop.
Called postfire()
Called prefire()
Called fire()
Checking for deadlock:
There are 1 Blocked actors, 0 Stopped actors, and 4 active threads.
Waiting for actors to stop.
-- Read input: 1.5, which is expected to match: 1.5
Sent output token with value 2.0
Called prefire()
Called fire()
Next port to read input from is inputA
Called postfire()
Called prefire()
Called fire()
-- Read input: 2.0, which is expected to match: 2.0
Called prefire()
Called fire()
Called postfire()
Called prefire()
Called fire()
Checking for deadlock:
There are 2 Blocked actors, 0 Stopped actors, and 4 active threads.
Read input token from inputA with value 3.0
Waiting for actors to stop.
Sent output token with value 3.0
Next port to read input from is inputB
Called postfire()
Called prefire()
Called fire()
Read input token from inputB with value 4.5
Called postfire()
-- Read input: 3.0, which is expected to match: 3.0
Called prefire()
Called fire()
Called prefire()
Called fire()
Checking for deadlock:
There are 1 Blocked actors, 0 Stopped actors, and 4 active threads.
Waiting for actors to stop.
Checking for deadlock:
There are 2 Blocked actors, 0 Stopped actors, and 4 active threads.
Waiting for actors to stop.
Checking for deadlock:
Sent output token with value 3.0
There are 1 Blocked actors, 0 Stopped actors, and 4 active threads.
Next port to read input from is inputA
Waiting for actors to stop.
Called postfire()
Called prefire()
Called fire()
Read input token from inputA with value 4.0
-- Read input: 3.0, which is expected to match: 3.0
Sent output token with value 4.0
Called prefire()
Next port to read input from is inputA
Called postfire()
Called fire()
Called prefire()
Called fire()
-- Read input: 4.0, which is expected to match: 4.0
Called prefire()
Called fire()
Past the end of training data. Read and discard all inputs.
Checking for deadlock:
There are 3 Blocked actors, 0 Stopped actors, and 4 active threads.
Waiting for actors to stop.
Called postfire()
Called prefire()
Called fire()
Called postfire()
Called prefire()
Called fire()
Read input token from inputA with value 5.0
Checking for deadlock:
There are 2 Blocked actors, 0 Stopped actors, and 4 active threads.
Waiting for actors to stop.
Sent output token with value 4.5
Next port to read input from is inputB
Called postfire()
Called prefire()
Called fire()
Read input token from inputB with value 6.0
Called prefire()
Called fire()
Past the end of training data. Read and discard all inputs.
Checking for deadlock:
There are 0 Blocked actors, 0 Stopped actors, and 4 active threads.
Waiting for actors to stop.
Called postfire()
Called prefire()
Called fire()
Sent output token with value 5.0
Next port to read input from is inputA
Called postfire()
Called prefire()
Called fire()
Called postfire()
Called prefire()
Called fire()
Called prefire()
Read input token from inputA with value 6.0
Called fire()
Past the end of training data. Read and discard all inputs.
Called prefire()
Called fire()
Sent output token with value 6.0
Checking for deadlock:
There are 1 Blocked actors, 0 Stopped actors, and 4 active threads.
Waiting for actors to stop.
Past the end of training data. Read and discard all inputs.
Checking for deadlock:
There are 2 Blocked actors, 0 Stopped actors, and 4 active threads.
Next port to read input from is inputB
Called postfire()
Waiting for actors to stop.
Called prefire()
Called fire()
Called postfire()
Called prefire()
Called fire()
Read input token from inputB with value 7.5
Sent output token with value 6.0
Next port to read input from is inputA
Called postfire()
Called prefire()
Called fire()
Read input token from inputA with value 7.0
Called postfire()
Called prefire()
Called fire()
Called postfire()
Called prefire()
Called fire()
Checking for deadlock:
There are 3 Blocked actors, 0 Stopped actors, and 4 active threads.
Waiting for actors to stop.
Called prefire()
Called fire()
Past the end of training data. Read and discard all inputs.
Sent output token with value 7.0
Next port to read input from is inputA
Called postfire()
Called prefire()
Called fire()
Called prefire()
Called fire()
Checking for deadlock:
There are 2 Blocked actors, 0 Stopped actors, and 4 active threads.
Waiting for actors to stop.
Read input token from inputA with value 8.0
Checking for deadlock:
There are 1 Blocked actors, 0 Stopped actors, and 4 active threads.
Sent output token with value 7.5
Past the end of training data. Read and discard all inputs.
Waiting for actors to stop.
Next port to read input from is inputB
Called postfire()
Called prefire()
Called fire()
Read input token from inputB with value 9.0
Checking for deadlock:
There are 1 Blocked actors, 0 Stopped actors, and 4 active threads.
Waiting for actors to stop.
Called postfire()
Called prefire()
Called fire()
Called prefire()
Called fire()
Past the end of training data. Read and discard all inputs.
Checking for deadlock:
There are 2 Blocked actors, 0 Stopped actors, and 4 active threads.
Waiting for actors to stop.
Sent output token with value 8.0
Next port to read input from is inputA
Called postfire()
Called prefire()
Called fire()
-- Thread wrapup() called.
Called wrapup()
Thread .top.Ramp is exiting.
-- Thread stopped.
Checking for deadlock:
Read input token from inputA with value 9.0
There are 1 Blocked actors, 0 Stopped actors, and 3 active threads.
Waiting for actors to stop.
Called prefire()
Called fire()
Past the end of training data. Read and discard all inputs.
Checking for deadlock:
There are 2 Blocked actors, 0 Stopped actors, and 3 active threads.
Waiting for actors to stop.
Sent output token with value 9.0
Next port to read input from is inputB
Called postfire()
Called prefire()
Called fire()
Read input token from inputB with value 10.5
Called postfire()
Called prefire()
Called fire()
Checking for deadlock:
There are 2 Blocked actors, 0 Stopped actors, and 3 active threads.
Waiting for actors to stop.
Called prefire()
Called fire()
Past the end of training data. Read and discard all inputs.
Checking for deadlock:
There are 2 Blocked actors, 0 Stopped actors, and 3 active threads.
Waiting for actors to stop.
Sent output token with value 9.0
Next port to read input from is inputA
Called postfire()
Called prefire()
Called fire()
Checking for deadlock:
There are 2 Blocked actors, 0 Stopped actors, and 3 active threads.
Waiting for actors to stop.
Called prefire()
Called fire()
Past the end of training data. Read and discard all inputs.
Checking for deadlock:
There are 3 Blocked actors, 0 Stopped actors, and 3 active threads.
Actors have stopped.
Checking for deadlock:
There are 3 Blocked actors, 0 Stopped actors, and 3 active threads.
Deadlock detected.
Resolving Deadlock
Checking for deadlock:
There are 3 Blocked actors, 0 Stopped actors, and 3 active threads.
Artificial Deadlock - increasing queue capacity.
increasing the capacity of receiver ptolemy.actor.TypedIOPort {.top.OrderedMerge.inputB} to 2
Director: Called postfire().
Called postfire().
_stopRequested = false
_stopFireRequested = false
Returning from postfire(): true
Called fire().
Checking for deadlock:
There are 2 Blocked actors, 0 Stopped actors, and 3 active threads.
Waiting for actors to stop.
-- Thread wrapup() called.
Called wrapup()
Thread .top.Ramp2 is exiting.
-- Thread stopped.
Checking for deadlock:
There are 2 Blocked actors, 0 Stopped actors, and 2 active threads.
Actors have stopped.
Checking for deadlock:
There are 2 Blocked actors, 0 Stopped actors, and 2 active threads.
Deadlock detected.
Resolving Deadlock
Checking for deadlock:
There are 2 Blocked actors, 0 Stopped actors, and 2 active threads.
Deadlock detected: no processes blocked on write, but some are blocked on read.
Called postfire().
_stopRequested = false
_stopFireRequested = false
Returning from postfire(): false
Finished deactivating branches.
Called wrapup().
-- Thread wrapup() called.
Called wrapup()
Thread .top.OrderedMerge is exiting.
-- Thread stopped.
-- Blocked Receiver call threw TerminateProcessException.
-- Thread wrapup() called.
Called wrapup()
Thread .top.Test is exiting.
-- Thread stopped.
-- Blocked Receiver call threw TerminateProcessException.
34 ms. Memory: 146944K Free: 118980K (81%)
/home/travis/build/icyphy/ptII/ptolemy/actor/lib/test/Publisher.tcl
9 ms. Memory: 146944K Free: 111839K (76%)
5 ms. Memory: 146944K Free: 107083K (73%)
2 ms. Memory: 146944K Free: 102296K (70%)
4 ms. Memory: 146944K Free: 101107K (69%)
2 ms. Memory: 146944K Free: 101107K (69%)
3 ms. Memory: 146944K Free: 99918K (68%)
2 ms. Memory: 146944K Free: 98729K (67%)
4 ms. Memory: 146944K Free: 98729K (67%)
1 ms. Memory: 146944K Free: 89186K (61%)
4 ms. Memory: 146944K Free: 84430K (57%)
2 ms. Memory: 146944K Free: 84430K (57%)
1 ms. Memory: 146944K Free: 82053K (56%)
6 ms. Memory: 208384K Free: 194346K (93%)
5 ms. Memory: 208384K Free: 184823K (89%)
7 ms. Memory: 208384K Free: 172912K (83%)
/home/travis/build/icyphy/ptII/ptolemy/actor/lib/test/Pulse.tcl
2 ms. Memory: 208384K Free: 129722K (62%)
1 ms. Memory: 208384K Free: 129722K (62%)
1 ms. Memory: 208384K Free: 127342K (61%)
2 ms. Memory: 208384K Free: 127342K (61%)
1 ms. Memory: 208384K Free: 127342K (61%)
2 ms. Memory: 208384K Free: 127342K (61%)
6 ms. Memory: 208384K Free: 124961K (60%)
2 ms. Memory: 208384K Free: 124961K (60%)
8 ms. Memory: 208384K Free: 124961K (60%)
/home/travis/build/icyphy/ptII/ptolemy/actor/lib/test/Ramp.tcl
5 ms. Memory: 208384K Free: 122580K (59%)
3 ms. Memory: 208384K Free: 120199K (58%)
2 ms. Memory: 208384K Free: 120199K (58%)
3 ms. Memory: 208384K Free: 120199K (58%)
4 ms. Memory: 208384K Free: 120199K (58%)
4 ms. Memory: 208384K Free: 117819K (57%)
4 ms. Memory: 208384K Free: 117819K (57%)
5 actors
11000 microseconds per iteration to create
9 ms. Memory: 208384K Free: 115438K (55%)
2 ms. Memory: 208384K Free: 113057K (54%)
3 ms. Memory: 208384K Free: 113057K (54%)
2 ms. Memory: 208384K Free: 113057K (54%)
50 actors
26000 microseconds per iteration to create
28 ms. Memory: 208384K Free: 96393K (46%)
5 ms. Memory: 208384K Free: 96393K (46%)
6 ms. Memory: 208384K Free: 94012K (45%)
5 ms. Memory: 208384K Free: 94012K (45%)
500 actors
1270000 microseconds per iteration to create
242 ms. Memory: 334336K Free: 287862K (86%)
44 ms. Memory: 334336K Free: 283030K (85%)
43 ms. Memory: 334336K Free: 278197K (83%)
53 ms. Memory: 334336K Free: 273365K (82%)
/home/travis/build/icyphy/ptII/ptolemy/actor/lib/test/RampContinuous.tcl
7 ms. Memory: 334336K Free: 273365K (82%)
/home/travis/build/icyphy/ptII/ptolemy/actor/lib/test/RecordAssembler.tcl
5 ms. Memory: 334336K Free: 268532K (80%)
8 ms. Memory: 334336K Free: 268532K (80%)
/home/travis/build/icyphy/ptII/ptolemy/actor/lib/test/RecordDisassembler.tcl
4 ms. Memory: 334336K Free: 268532K (80%)
5 ms. Memory: 334336K Free: 268532K (80%)
6 ms. Memory: 334336K Free: 263629K (79%)
/home/travis/build/icyphy/ptII/ptolemy/actor/lib/test/Scale.tcl
3 ms. Memory: 334336K Free: 263629K (79%)
2 ms. Memory: 334336K Free: 263629K (79%)
1 ms. Memory: 334336K Free: 263629K (79%)
1 ms. Memory: 334336K Free: 258796K (77%)
2 ms. Memory: 334336K Free: 258796K (77%)
/home/travis/build/icyphy/ptII/ptolemy/actor/lib/test/SequentialClock.tcl
preinitializing
resolving types
initializing
executing number 1
wrapping up
idle
2 ms. Memory: 334336K Free: 258796K (77%)
Completed execution with 5 iterations
preinitializing
resolving types
initializing
executing number 1
wrapping up
idle
2 ms. Memory: 334336K Free: 258796K (77%)
Completed execution with 5 iterations
preinitializing
resolving types
initializing
executing number 1
wrapping up
idle
1 ms. Memory: 334336K Free: 258796K (77%)
Completed execution with 5 iterations
/home/travis/build/icyphy/ptII/ptolemy/actor/lib/test/SetVariable.tcl
4 ms. Memory: 334336K Free: 253964K (76%)
/home/travis/build/icyphy/ptII/ptolemy/actor/lib/test/Sinewave.tcl
/home/travis/build/icyphy/ptII/ptolemy/actor/lib/test/SubscriptionAggregator.tcl
4 ms. Memory: 334336K Free: 239434K (72%)
15 ms. Memory: 334336K Free: 239434K (72%)
1 ms. Memory: 334336K Free: 239434K (72%)
0 ms. Memory: 334336K Free: 239434K (72%)
2 ms. Memory: 334336K Free: 234585K (70%)
3 ms. Memory: 334336K Free: 234585K (70%)
...............................................................1083 ms. Memory: 584192K Free: 366329K (63%)
/home/travis/build/icyphy/ptII/ptolemy/actor/lib/test/Test.tcl
 The next command will produce a warning about training mode,
   which may be ignored.
5 ms. Memory: 584192K Free: 366329K (63%)
3 ms. Memory: 584192K Free: 366329K (63%)
2 ms. Memory: 584192K Free: 366329K (63%)
1 ms. Memory: 584192K Free: 366329K (63%)
16 ms. Memory: 584192K Free: 366329K (63%)
3 ms. Memory: 584192K Free: 356595K (61%)
3 ms. Memory: 584192K Free: 356595K (61%)
 The next command will produce a warning about training mode,
   which may be ignored.
4 ms. Memory: 584192K Free: 356595K (61%)
 The next command will produce a warning about training mode,
   which may be ignored.
3 ms. Memory: 584192K Free: 356595K (61%)
1 ms. Memory: 584192K Free: 356595K (61%)
1 ms. Memory: 584192K Free: 356595K (61%)
1 ms. Memory: 584192K Free: 356595K (61%)
1 ms. Memory: 584192K Free: 356595K (61%)
2 ms. Memory: 584192K Free: 346845K (59%)
/home/travis/build/icyphy/ptII/ptolemy/actor/lib/test/TestExceptionHandler.tcl
 The next command will produce a warning about training mode,
   which may be ignored.
2 ms. Memory: 584192K Free: 346845K (59%)
1 ms. Memory: 584192K Free: 346845K (59%)
0 ms. Memory: 584192K Free: 346845K (59%)
/home/travis/build/icyphy/ptII/ptolemy/actor/lib/test/UnionDisassembler.tcl
16 ms. Memory: 584192K Free: 337095K (58%)
/home/travis/build/icyphy/ptII/ptolemy/actor/lib/test/VariableClock.tcl
preinitializing
resolving types
initializing
executing number 1
wrapping up
idle
9 ms. Memory: 584192K Free: 337095K (58%)
Completed execution with 11 iterations
preinitializing
resolving types
initializing
executing number 1
wrapping up
idle
10 ms. Memory: 584192K Free: 337095K (58%)
Completed execution with 10 iterations
06/20/18 05:05:54
Failed: 0  Total Tests: 234  ((Passed: 234, Newly Passed: 0)  Known Failed: 0) /home/travis/build/icyphy/ptII/ptolemy/actor/lib/test
----------------- testing (KnownFailure) /home/travis/build/icyphy/ptII/ptolemy/actor/lib/test/auto/knownFailedTests/PublisherPortToplevelSubscriber.xml
1 ms. Memory: 584192K Free: 327295K (56%)
Known Failure: java.lang.reflect.InvocationTargetException
----------------- testing (KnownFailure) /home/travis/build/icyphy/ptII/ptolemy/actor/lib/test/auto/knownFailedTests/PublisherSubscriberPortToplevel.xml
0 ms. Memory: 584192K Free: 307696K (53%)
Known Failure: java.lang.reflect.InvocationTargetException
----------------- testing (KnownFailure) /home/travis/build/icyphy/ptII/ptolemy/actor/lib/test/auto/knownFailedTests/PublisherSubscriptionAggregatorPort.xml
5 ms. Memory: 584192K Free: 288096K (49%)
Known Failure: java.lang.reflect.InvocationTargetException
----------------- testing (KnownFailure) /home/travis/build/icyphy/ptII/ptolemy/actor/lib/test/auto/knownFailedTests/sizedarray3.xml
4 ms. Memory: 584192K Free: 268497K (46%)
Known Failure: java.lang.reflect.InvocationTargetException
No auto/linux-amd64/*.xml tests in /home/travis/build/icyphy/ptII/ptolemy/actor/lib/test
AutoTests.java: About to close Vertx.
AutoTests.java: Vertx closed.

===========================================================================================
----------------- testing Wed Jun 20 05:05:55 UTC 2018 /home/travis/build/icyphy/ptII/ptolemy/actor/lib/test/auto/AbsoluteValue.xml
----------------- Instantiating /home/travis/build/icyphy/ptII/ptolemy/actor/lib/test/auto/AbsoluteValue.xml
12 ms. Memory: 584192K Free: 180496K (31%)
----------------- Invoking toplevel() on ptolemy.moml.MoMLSimpleApplication@7ae5152f
----------------- Done invoking toplevel() on ptolemy.moml.MoMLSimpleApplication@7ae5152f
reloadAllAccessors: .AbsoluteValue

===========================================================================================
----------------- testing Wed Jun 20 05:05:55 UTC 2018 /home/travis/build/icyphy/ptII/ptolemy/actor/lib/test/auto/AbsoluteValue2.xml
----------------- Instantiating /home/travis/build/icyphy/ptII/ptolemy/actor/lib/test/auto/AbsoluteValue2.xml
4 ms. Memory: 584192K Free: 165780K (28%)
----------------- Invoking toplevel() on ptolemy.moml.MoMLSimpleApplication@16cede01
----------------- Done invoking toplevel() on ptolemy.moml.MoMLSimpleApplication@16cede01
reloadAllAccessors: .AbsoluteValue2

===========================================================================================
----------------- testing Wed Jun 20 05:05:55 UTC 2018 /home/travis/build/icyphy/ptII/ptolemy/actor/lib/test/auto/Accumulator.xml
----------------- Instantiating /home/travis/build/icyphy/ptII/ptolemy/actor/lib/test/auto/Accumulator.xml
8 ms. Memory: 584192K Free: 155980K (27%)
----------------- Invoking toplevel() on ptolemy.moml.MoMLSimpleApplication@31b6e9c6
----------------- Done invoking toplevel() on ptolemy.moml.MoMLSimpleApplication@31b6e9c6
reloadAllAccessors: .Accumulator

===========================================================================================
----------------- testing Wed Jun 20 05:05:55 UTC 2018 /home/travis/build/icyphy/ptII/ptolemy/actor/lib/test/auto/Accumulator2.xml
----------------- Instantiating /home/travis/build/icyphy/ptII/ptolemy/actor/lib/test/auto/Accumulator2.xml
8 ms. Memory: 584192K Free: 136447K (23%)
----------------- Invoking toplevel() on ptolemy.moml.MoMLSimpleApplication@35b27146
----------------- Done invoking toplevel() on ptolemy.moml.MoMLSimpleApplication@35b27146
reloadAllAccessors: .Accumulator2

===========================================================================================
----------------- testing Wed Jun 20 05:05:55 UTC 2018 /home/travis/build/icyphy/ptII/ptolemy/actor/lib/test/auto/Accumulator3.xml
----------------- Instantiating /home/travis/build/icyphy/ptII/ptolemy/actor/lib/test/auto/Accumulator3.xml
3 ms. Memory: 584192K Free: 126647K (22%)
----------------- Invoking toplevel() on ptolemy.moml.MoMLSimpleApplication@298b8b85
----------------- Done invoking toplevel() on ptolemy.moml.MoMLSimpleApplication@298b8b85
reloadAllAccessors: .Accumulator3

===========================================================================================
----------------- testing Wed Jun 20 05:05:55 UTC 2018 /home/travis/build/icyphy/ptII/ptolemy/actor/lib/test/auto/ArrayAppend.xml
----------------- Instantiating /home/travis/build/icyphy/ptII/ptolemy/actor/lib/test/auto/ArrayAppend.xml
4 ms. Memory: 584192K Free: 116847K (20%)
----------------- Invoking toplevel() on ptolemy.moml.MoMLSimpleApplication@26bcc492
----------------- Done invoking toplevel() on ptolemy.moml.MoMLSimpleApplication@26bcc492
reloadAllAccessors: .ArrayAppend

===========================================================================================
----------------- testing Wed Jun 20 05:05:55 UTC 2018 /home/travis/build/icyphy/ptII/ptolemy/actor/lib/test/auto/ArrayAppend2.xml
----------------- Instantiating /home/travis/build/icyphy/ptII/ptolemy/actor/lib/test/auto/ArrayAppend2.xml
344 ms. Memory: 584704K Free: 522529K (89%)
----------------- Invoking toplevel() on ptolemy.moml.MoMLSimpleApplication@178b5daa
----------------- Done invoking toplevel() on ptolemy.moml.MoMLSimpleApplication@178b5daa
reloadAllAccessors: .ArrayAppend2

===========================================================================================
----------------- testing Wed Jun 20 05:05:55 UTC 2018 /home/travis/build/icyphy/ptII/ptolemy/actor/lib/test/auto/ArrayAppend3.xml
----------------- Instantiating /home/travis/build/icyphy/ptII/ptolemy/actor/lib/test/auto/ArrayAppend3.xml
10 ms. Memory: 584704K Free: 505291K (86%)
----------------- Invoking toplevel() on ptolemy.moml.MoMLSimpleApplication@129da27b
----------------- Done invoking toplevel() on ptolemy.moml.MoMLSimpleApplication@129da27b
reloadAllAccessors: .ArrayAppend3

===========================================================================================
----------------- testing Wed Jun 20 05:05:55 UTC 2018 /home/travis/build/icyphy/ptII/ptolemy/actor/lib/test/auto/ArrayAppend4.xml
----------------- Instantiating /home/travis/build/icyphy/ptII/ptolemy/actor/lib/test/auto/ArrayAppend4.xml
2 ms. Memory: 584704K Free: 498758K (85%)
----------------- Invoking toplevel() on ptolemy.moml.MoMLSimpleApplication@33aa0c07
----------------- Done invoking toplevel() on ptolemy.moml.MoMLSimpleApplication@33aa0c07
reloadAllAccessors: .ArrayAppend4

===========================================================================================
----------------- testing Wed Jun 20 05:05:55 UTC 2018 /home/travis/build/icyphy/ptII/ptolemy/actor/lib/test/auto/ArrayAppend5.xml
----------------- Instantiating /home/travis/build/icyphy/ptII/ptolemy/actor/lib/test/auto/ArrayAppend5.xml
2 ms. Memory: 584704K Free: 492224K (84%)
----------------- Invoking toplevel() on ptolemy.moml.MoMLSimpleApplication@2bba2bcb
----------------- Done invoking toplevel() on ptolemy.moml.MoMLSimpleApplication@2bba2bcb
reloadAllAccessors: .ArrayAppend5

===========================================================================================
----------------- testing Wed Jun 20 05:05:55 UTC 2018 /home/travis/build/icyphy/ptII/ptolemy/actor/lib/test/auto/ArrayAppend6.xml
----------------- Instantiating /home/travis/build/icyphy/ptII/ptolemy/actor/lib/test/auto/ArrayAppend6.xml
3 ms. Memory: 584704K Free: 477592K (82%)
----------------- Invoking toplevel() on ptolemy.moml.MoMLSimpleApplication@444cd89c
----------------- Done invoking toplevel() on ptolemy.moml.MoMLSimpleApplication@444cd89c
reloadAllAccessors: .ArrayAppend6

===========================================================================================
----------------- testing Wed Jun 20 05:05:56 UTC 2018 /home/travis/build/icyphy/ptII/ptolemy/actor/lib/test/auto/ArrayAppendPerformanceTest.xml
----------------- Instantiating /home/travis/build/icyphy/ptII/ptolemy/actor/lib/test/auto/ArrayAppendPerformanceTest.xml
23 ms. Memory: 584704K Free: 464494K (79%)
----------------- Invoking toplevel() on ptolemy.moml.MoMLSimpleApplication@4eab104a
----------------- Done invoking toplevel() on ptolemy.moml.MoMLSimpleApplication@4eab104a
reloadAllAccessors: .ArrayAppendPerformanceTest

===========================================================================================
----------------- testing Wed Jun 20 05:05:56 UTC 2018 /home/travis/build/icyphy/ptII/ptolemy/actor/lib/test/auto/ArrayAppendWithEmptyInput.xml
----------------- Instantiating /home/travis/build/icyphy/ptII/ptolemy/actor/lib/test/auto/ArrayAppendWithEmptyInput.xml
21 ms. Memory: 584704K Free: 454678K (78%)
----------------- Invoking toplevel() on ptolemy.moml.MoMLSimpleApplication@60dff86
----------------- Done invoking toplevel() on ptolemy.moml.MoMLSimpleApplication@60dff86
reloadAllAccessors: .ArrayAppendWithEmptyInput

===========================================================================================
----------------- testing Wed Jun 20 05:05:56 UTC 2018 /home/travis/build/icyphy/ptII/ptolemy/actor/lib/test/auto/ArrayAverage.xml
----------------- Instantiating /home/travis/build/icyphy/ptII/ptolemy/actor/lib/test/auto/ArrayAverage.xml
10 ms. Memory: 584704K Free: 444871K (76%)
----------------- Invoking toplevel() on ptolemy.moml.MoMLSimpleApplication@61e5da90
----------------- Done invoking toplevel() on ptolemy.moml.MoMLSimpleApplication@61e5da90
reloadAllAccessors: .ArrayAverage

===========================================================================================
----------------- testing Wed Jun 20 05:05:56 UTC 2018 /home/travis/build/icyphy/ptII/ptolemy/actor/lib/test/auto/ArrayContains.xml
----------------- Instantiating /home/travis/build/icyphy/ptII/ptolemy/actor/lib/test/auto/ArrayContains.xml
3 ms. Memory: 584704K Free: 426956K (73%)
----------------- Invoking toplevel() on ptolemy.moml.MoMLSimpleApplication@66b88447
----------------- Done invoking toplevel() on ptolemy.moml.MoMLSimpleApplication@66b88447
reloadAllAccessors: .ArrayContains

===========================================================================================
----------------- testing Wed Jun 20 05:05:56 UTC 2018 /home/travis/build/icyphy/ptII/ptolemy/actor/lib/test/auto/ArrayElement.xml
----------------- Instantiating /home/travis/build/icyphy/ptII/ptolemy/actor/lib/test/auto/ArrayElement.xml
8 ms. Memory: 584704K Free: 415523K (71%)
----------------- Invoking toplevel() on ptolemy.moml.MoMLSimpleApplication@84772d3
----------------- Done invoking toplevel() on ptolemy.moml.MoMLSimpleApplication@84772d3
reloadAllAccessors: .ArrayElement

===========================================================================================
----------------- testing Wed Jun 20 05:05:56 UTC 2018 /home/travis/build/icyphy/ptII/ptolemy/actor/lib/test/auto/ArrayElementAsMatrix.xml
----------------- Instantiating /home/travis/build/icyphy/ptII/ptolemy/actor/lib/test/auto/ArrayElementAsMatrix.xml
17 ms. Memory: 584704K Free: 402425K (69%)
----------------- Invoking toplevel() on ptolemy.moml.MoMLSimpleApplication@7d407e64
----------------- Done invoking toplevel() on ptolemy.moml.MoMLSimpleApplication@7d407e64
reloadAllAccessors: .ArrayElementAsMatrix

===========================================================================================
----------------- testing Wed Jun 20 05:05:56 UTC 2018 /home/travis/build/icyphy/ptII/ptolemy/actor/lib/test/auto/ArrayElementI.xml
----------------- Instantiating /home/travis/build/icyphy/ptII/ptolemy/actor/lib/test/auto/ArrayElementI.xml
6 ms. Memory: 584704K Free: 395892K (68%)
----------------- Invoking toplevel() on ptolemy.moml.MoMLSimpleApplication@3e68765d
----------------- Done invoking toplevel() on ptolemy.moml.MoMLSimpleApplication@3e68765d
reloadAllAccessors: .ArrayElementI

===========================================================================================
----------------- testing Wed Jun 20 05:05:56 UTC 2018 /home/travis/build/icyphy/ptII/ptolemy/actor/lib/test/auto/ArrayExtract.xml
----------------- Instantiating /home/travis/build/icyphy/ptII/ptolemy/actor/lib/test/auto/ArrayExtract.xml
4 ms. Memory: 584704K Free: 377977K (65%)
----------------- Invoking toplevel() on ptolemy.moml.MoMLSimpleApplication@6f1b0d12
----------------- Done invoking toplevel() on ptolemy.moml.MoMLSimpleApplication@6f1b0d12
reloadAllAccessors: .ArrayExtract

===========================================================================================
----------------- testing Wed Jun 20 05:05:56 UTC 2018 /home/travis/build/icyphy/ptII/ptolemy/actor/lib/test/auto/ArrayExtract2.xml
----------------- Instantiating /home/travis/build/icyphy/ptII/ptolemy/actor/lib/test/auto/ArrayExtract2.xml
3 ms. Memory: 584704K Free: 371444K (64%)
----------------- Invoking toplevel() on ptolemy.moml.MoMLSimpleApplication@1d9f96be
----------------- Done invoking toplevel() on ptolemy.moml.MoMLSimpleApplication@1d9f96be
reloadAllAccessors: .ArrayExtract2

===========================================================================================
----------------- testing Wed Jun 20 05:05:56 UTC 2018 /home/travis/build/icyphy/ptII/ptolemy/actor/lib/test/auto/ArrayLength.xml
----------------- Instantiating /home/travis/build/icyphy/ptII/ptolemy/actor/lib/test/auto/ArrayLength.xml
2 ms. Memory: 584704K Free: 364911K (62%)
----------------- Invoking toplevel() on ptolemy.moml.MoMLSimpleApplication@4ddc11d9
----------------- Done invoking toplevel() on ptolemy.moml.MoMLSimpleApplication@4ddc11d9
reloadAllAccessors: .ArrayLength

===========================================================================================
----------------- testing Wed Jun 20 05:05:56 UTC 2018 /home/travis/build/icyphy/ptII/ptolemy/actor/lib/test/auto/ArrayLevelCrossing.xml
----------------- Instantiating /home/travis/build/icyphy/ptII/ptolemy/actor/lib/test/auto/ArrayLevelCrossing.xml
8 ms. Memory: 584704K Free: 347004K (59%)
----------------- Invoking toplevel() on ptolemy.moml.MoMLSimpleApplication@38e40feb
----------------- Done invoking toplevel() on ptolemy.moml.MoMLSimpleApplication@38e40feb
reloadAllAccessors: .ArrayLevelCrossing

===========================================================================================
----------------- testing Wed Jun 20 05:05:56 UTC 2018 /home/travis/build/icyphy/ptII/ptolemy/actor/lib/test/auto/ArrayLevelCrossing2.xml
----------------- Instantiating /home/travis/build/icyphy/ptII/ptolemy/actor/lib/test/auto/ArrayLevelCrossing2.xml
2 ms. Memory: 584704K Free: 337188K (58%)
----------------- Invoking toplevel() on ptolemy.moml.MoMLSimpleApplication@4cefbede
----------------- Done invoking toplevel() on ptolemy.moml.MoMLSimpleApplication@4cefbede
reloadAllAccessors: .ArrayLevelCrossing2

===========================================================================================
----------------- testing Wed Jun 20 05:05:56 UTC 2018 /home/travis/build/icyphy/ptII/ptolemy/actor/lib/test/auto/ArrayPeakSearch.xml
----------------- Instantiating /home/travis/build/icyphy/ptII/ptolemy/actor/lib/test/auto/ArrayPeakSearch.xml
4 ms. Memory: 584704K Free: 324106K (55%)
----------------- Invoking toplevel() on ptolemy.moml.MoMLSimpleApplication@ba77e13
----------------- Done invoking toplevel() on ptolemy.moml.MoMLSimpleApplication@ba77e13
reloadAllAccessors: .ArrayPeakSearch

===========================================================================================
----------------- testing Wed Jun 20 05:05:56 UTC 2018 /home/travis/build/icyphy/ptII/ptolemy/actor/lib/test/auto/ArrayPeakSearch2.xml
----------------- Instantiating /home/travis/build/icyphy/ptII/ptolemy/actor/lib/test/auto/ArrayPeakSearch2.xml
4 ms. Memory: 584704K Free: 310992K (53%)
----------------- Invoking toplevel() on ptolemy.moml.MoMLSimpleApplication@5d6bd772
----------------- Done invoking toplevel() on ptolemy.moml.MoMLSimpleApplication@5d6bd772
reloadAllAccessors: .ArrayPeakSearch2

===========================================================================================
----------------- testing Wed Jun 20 05:05:56 UTC 2018 /home/travis/build/icyphy/ptII/ptolemy/actor/lib/test/auto/ArrayPeakSearch3.xml
----------------- Instantiating /home/travis/build/icyphy/ptII/ptolemy/actor/lib/test/auto/ArrayPeakSearch3.xml
4 ms. Memory: 584704K Free: 289826K (50%)
----------------- Invoking toplevel() on ptolemy.moml.MoMLSimpleApplication@1b671f05
----------------- Done invoking toplevel() on ptolemy.moml.MoMLSimpleApplication@1b671f05
reloadAllAccessors: .ArrayPeakSearch3

===========================================================================================
----------------- testing Wed Jun 20 05:05:56 UTC 2018 /home/travis/build/icyphy/ptII/ptolemy/actor/lib/test/auto/ArrayRemoveElement.xml
----------------- Instantiating /home/travis/build/icyphy/ptII/ptolemy/actor/lib/test/auto/ArrayRemoveElement.xml
3 ms. Memory: 584704K Free: 280027K (48%)
----------------- Invoking toplevel() on ptolemy.moml.MoMLSimpleApplication@30753493
----------------- Done invoking toplevel() on ptolemy.moml.MoMLSimpleApplication@30753493
reloadAllAccessors: .ArrayRemoveElement

===========================================================================================
----------------- testing Wed Jun 20 05:05:56 UTC 2018 /home/travis/build/icyphy/ptII/ptolemy/actor/lib/test/auto/ArraySort.xml
----------------- Instantiating /home/travis/build/icyphy/ptII/ptolemy/actor/lib/test/auto/ArraySort.xml
4 ms. Memory: 584704K Free: 266944K (46%)
----------------- Invoking toplevel() on ptolemy.moml.MoMLSimpleApplication@2489577
----------------- Done invoking toplevel() on ptolemy.moml.MoMLSimpleApplication@2489577
reloadAllAccessors: .ArraySort

===========================================================================================
----------------- testing Wed Jun 20 05:05:56 UTC 2018 /home/travis/build/icyphy/ptII/ptolemy/actor/lib/test/auto/ArraySum.xml
----------------- Instantiating /home/travis/build/icyphy/ptII/ptolemy/actor/lib/test/auto/ArraySum.xml
6 ms. Memory: 584704K Free: 257144K (44%)
----------------- Invoking toplevel() on ptolemy.moml.MoMLSimpleApplication@461c8acd
----------------- Done invoking toplevel() on ptolemy.moml.MoMLSimpleApplication@461c8acd
reloadAllAccessors: .ArraySum

===========================================================================================
----------------- testing Wed Jun 20 05:05:56 UTC 2018 /home/travis/build/icyphy/ptII/ptolemy/actor/lib/test/auto/ArrayToElements.xml
----------------- Instantiating /home/travis/build/icyphy/ptII/ptolemy/actor/lib/test/auto/ArrayToElements.xml
4 ms. Memory: 584704K Free: 239230K (41%)
----------------- Invoking toplevel() on ptolemy.moml.MoMLSimpleApplication@ce3cdf4
----------------- Done invoking toplevel() on ptolemy.moml.MoMLSimpleApplication@ce3cdf4
reloadAllAccessors: .ArrayToElements

===========================================================================================
----------------- testing Wed Jun 20 05:05:56 UTC 2018 /home/travis/build/icyphy/ptII/ptolemy/actor/lib/test/auto/ArrayToMatrix.xml
----------------- Instantiating /home/travis/build/icyphy/ptII/ptolemy/actor/lib/test/auto/ArrayToMatrix.xml
8 ms. Memory: 584704K Free: 219598K (38%)
----------------- Invoking toplevel() on ptolemy.moml.MoMLSimpleApplication@44f10a14
----------------- Done invoking toplevel() on ptolemy.moml.MoMLSimpleApplication@44f10a14
reloadAllAccessors: .ArrayToMatrix

===========================================================================================
----------------- testing Wed Jun 20 05:05:56 UTC 2018 /home/travis/build/icyphy/ptII/ptolemy/actor/lib/test/auto/ArrayUpdate1.xml
----------------- Instantiating /home/travis/build/icyphy/ptII/ptolemy/actor/lib/test/auto/ArrayUpdate1.xml
2 ms. Memory: 584704K Free: 213065K (36%)
----------------- Invoking toplevel() on ptolemy.moml.MoMLSimpleApplication@3e199f17
----------------- Done invoking toplevel() on ptolemy.moml.MoMLSimpleApplication@3e199f17
reloadAllAccessors: .ArrayUpdate1

===========================================================================================
----------------- testing Wed Jun 20 05:05:56 UTC 2018 /home/travis/build/icyphy/ptII/ptolemy/actor/lib/test/auto/ArrayUpdate2.xml
----------------- Instantiating /home/travis/build/icyphy/ptII/ptolemy/actor/lib/test/auto/ArrayUpdate2.xml
5 ms. Memory: 584704K Free: 195151K (33%)
----------------- Invoking toplevel() on ptolemy.moml.MoMLSimpleApplication@ebffe88
----------------- Done invoking toplevel() on ptolemy.moml.MoMLSimpleApplication@ebffe88
reloadAllAccessors: .ArrayUpdate2

===========================================================================================
----------------- testing Wed Jun 20 05:05:56 UTC 2018 /home/travis/build/icyphy/ptII/ptolemy/actor/lib/test/auto/ArrayUpdate3.xml
----------------- Instantiating /home/travis/build/icyphy/ptII/ptolemy/actor/lib/test/auto/ArrayUpdate3.xml
10 ms. Memory: 584704K Free: 188618K (32%)
----------------- Invoking toplevel() on ptolemy.moml.MoMLSimpleApplication@7f0a91d6
----------------- Done invoking toplevel() on ptolemy.moml.MoMLSimpleApplication@7f0a91d6
reloadAllAccessors: .ArrayUpdate3

===========================================================================================
----------------- testing Wed Jun 20 05:05:56 UTC 2018 /home/travis/build/icyphy/ptII/ptolemy/actor/lib/test/auto/Assert1.xml
----------------- Instantiating /home/travis/build/icyphy/ptII/ptolemy/actor/lib/test/auto/Assert1.xml
3 ms. Memory: 584704K Free: 182084K (31%)
----------------- Invoking toplevel() on ptolemy.moml.MoMLSimpleApplication@73ab0ef0
----------------- Done invoking toplevel() on ptolemy.moml.MoMLSimpleApplication@73ab0ef0
reloadAllAccessors: .Assert1

===========================================================================================
----------------- testing Wed Jun 20 05:05:56 UTC 2018 /home/travis/build/icyphy/ptII/ptolemy/actor/lib/test/auto/Assert2.xml
----------------- Instantiating /home/travis/build/icyphy/ptII/ptolemy/actor/lib/test/auto/Assert2.xml
6 ms. Memory: 584704K Free: 175551K (30%)
----------------- Invoking toplevel() on ptolemy.moml.MoMLSimpleApplication@41b2bd3f
----------------- Done invoking toplevel() on ptolemy.moml.MoMLSimpleApplication@41b2bd3f
reloadAllAccessors: .Assert2

===========================================================================================
----------------- testing Wed Jun 20 05:05:56 UTC 2018 /home/travis/build/icyphy/ptII/ptolemy/actor/lib/test/auto/BooleanMultiplexor.xml
----------------- Instantiating /home/travis/build/icyphy/ptII/ptolemy/actor/lib/test/auto/BooleanMultiplexor.xml
2 ms. Memory: 584704K Free: 157637K (27%)
----------------- Invoking toplevel() on ptolemy.moml.MoMLSimpleApplication@5fa2825
----------------- Done invoking toplevel() on ptolemy.moml.MoMLSimpleApplication@5fa2825
reloadAllAccessors: .BooleanMultiplexor

===========================================================================================
----------------- testing Wed Jun 20 05:05:57 UTC 2018 /home/travis/build/icyphy/ptII/ptolemy/actor/lib/test/auto/BooleanMultiplexor2.xml
----------------- Instantiating /home/travis/build/icyphy/ptII/ptolemy/actor/lib/test/auto/BooleanMultiplexor2.xml
8 ms. Memory: 584704K Free: 147821K (25%)
----------------- Invoking toplevel() on ptolemy.moml.MoMLSimpleApplication@6abd14cb
----------------- Done invoking toplevel() on ptolemy.moml.MoMLSimpleApplication@6abd14cb
reloadAllAccessors: .BooleanMultiplexor2

===========================================================================================
----------------- testing Wed Jun 20 05:05:57 UTC 2018 /home/travis/build/icyphy/ptII/ptolemy/actor/lib/test/auto/BooleanMultiplexor3.xml
----------------- Instantiating /home/travis/build/icyphy/ptII/ptolemy/actor/lib/test/auto/BooleanMultiplexor3.xml
6 ms. Memory: 584704K Free: 141288K (24%)
----------------- Invoking toplevel() on ptolemy.moml.MoMLSimpleApplication@1b7da456
----------------- Done invoking toplevel() on ptolemy.moml.MoMLSimpleApplication@1b7da456
reloadAllAccessors: .BooleanMultiplexor3

===========================================================================================
----------------- testing Wed Jun 20 05:05:57 UTC 2018 /home/travis/build/icyphy/ptII/ptolemy/actor/lib/test/auto/BooleanSelect.xml
----------------- Instantiating /home/travis/build/icyphy/ptII/ptolemy/actor/lib/test/auto/BooleanSelect.xml
3 ms. Memory: 584704K Free: 131472K (22%)
----------------- Invoking toplevel() on ptolemy.moml.MoMLSimpleApplication@3853128b
----------------- Done invoking toplevel() on ptolemy.moml.MoMLSimpleApplication@3853128b
reloadAllAccessors: .BooleanSelect

===========================================================================================
----------------- testing Wed Jun 20 05:05:57 UTC 2018 /home/travis/build/icyphy/ptII/ptolemy/actor/lib/test/auto/BooleanSelect2.xml
----------------- Instantiating /home/travis/build/icyphy/ptII/ptolemy/actor/lib/test/auto/BooleanSelect2.xml
1 ms. Memory: 584704K Free: 116840K (20%)
----------------- Invoking toplevel() on ptolemy.moml.MoMLSimpleApplication@39e245e8
----------------- Done invoking toplevel() on ptolemy.moml.MoMLSimpleApplication@39e245e8
reloadAllAccessors: .BooleanSelect2

===========================================================================================
----------------- testing Wed Jun 20 05:05:57 UTC 2018 /home/travis/build/icyphy/ptII/ptolemy/actor/lib/test/auto/BooleanSwitch.xml
----------------- Instantiating /home/travis/build/icyphy/ptII/ptolemy/actor/lib/test/auto/BooleanSwitch.xml
2 ms. Memory: 584704K Free: 107024K (18%)
----------------- Invoking toplevel() on ptolemy.moml.MoMLSimpleApplication@7e5ac2f5
----------------- Done invoking toplevel() on ptolemy.moml.MoMLSimpleApplication@7e5ac2f5
reloadAllAccessors: .BooleanSwitch

===========================================================================================
----------------- testing Wed Jun 20 05:05:57 UTC 2018 /home/travis/build/icyphy/ptII/ptolemy/actor/lib/test/auto/BooleanSwitch2.xml
----------------- Instantiating /home/travis/build/icyphy/ptII/ptolemy/actor/lib/test/auto/BooleanSwitch2.xml
2 ms. Memory: 584704K Free: 100491K (17%)
----------------- Invoking toplevel() on ptolemy.moml.MoMLSimpleApplication@27b6d529
----------------- Done invoking toplevel() on ptolemy.moml.MoMLSimpleApplication@27b6d529
reloadAllAccessors: .BooleanSwitch2

===========================================================================================
----------------- testing Wed Jun 20 05:05:57 UTC 2018 /home/travis/build/icyphy/ptII/ptolemy/actor/lib/test/auto/BooleanSwitchCloningBugWithClassRelationGroup.xml
----------------- Instantiating /home/travis/build/icyphy/ptII/ptolemy/actor/lib/test/auto/BooleanSwitchCloningBugWithClassRelationGroup.xml
2 ms. Memory: 584704K Free: 82576K (14%)
----------------- Invoking toplevel() on ptolemy.moml.MoMLSimpleApplication@d136792
----------------- Done invoking toplevel() on ptolemy.moml.MoMLSimpleApplication@d136792
reloadAllAccessors: .BooleanSwitchCloningBugWithClassRelationGroup

===========================================================================================
----------------- testing Wed Jun 20 05:05:57 UTC 2018 /home/travis/build/icyphy/ptII/ptolemy/actor/lib/test/auto/BusActors.xml
----------------- Instantiating /home/travis/build/icyphy/ptII/ptolemy/actor/lib/test/auto/BusActors.xml
6 ms. Memory: 584704K Free: 69494K (12%)
----------------- Invoking toplevel() on ptolemy.moml.MoMLSimpleApplication@416e85cf
----------------- Done invoking toplevel() on ptolemy.moml.MoMLSimpleApplication@416e85cf
reloadAllAccessors: .BusActors

===========================================================================================
----------------- testing Wed Jun 20 05:05:57 UTC 2018 /home/travis/build/icyphy/ptII/ptolemy/actor/lib/test/auto/ClassWrapper.xml
----------------- Instantiating /home/travis/build/icyphy/ptII/ptolemy/actor/lib/test/auto/ClassWrapper.xml
2 ms. Memory: 584704K Free: 62961K (11%)
----------------- Invoking toplevel() on ptolemy.moml.MoMLSimpleApplication@fd83e08
----------------- Done invoking toplevel() on ptolemy.moml.MoMLSimpleApplication@fd83e08
reloadAllAccessors: .ClassWrapper

===========================================================================================
----------------- testing Wed Jun 20 05:05:57 UTC 2018 /home/travis/build/icyphy/ptII/ptolemy/actor/lib/test/auto/Clock.xml
----------------- Instantiating /home/travis/build/icyphy/ptII/ptolemy/actor/lib/test/auto/Clock.xml
2 ms. Memory: 584704K Free: 56428K (10%)
----------------- Invoking toplevel() on ptolemy.moml.MoMLSimpleApplication@6d2cce0
----------------- Done invoking toplevel() on ptolemy.moml.MoMLSimpleApplication@6d2cce0
reloadAllAccessors: .Clock

===========================================================================================
----------------- testing Wed Jun 20 05:05:57 UTC 2018 /home/travis/build/icyphy/ptII/ptolemy/actor/lib/test/auto/Clock10.xml
----------------- Instantiating /home/travis/build/icyphy/ptII/ptolemy/actor/lib/test/auto/Clock10.xml
8 ms. Memory: 885248K Free: 833852K (94%)
----------------- Invoking toplevel() on ptolemy.moml.MoMLSimpleApplication@24472fb1
----------------- Done invoking toplevel() on ptolemy.moml.MoMLSimpleApplication@24472fb1
reloadAllAccessors: .Clock10

===========================================================================================
----------------- testing Wed Jun 20 05:05:57 UTC 2018 /home/travis/build/icyphy/ptII/ptolemy/actor/lib/test/auto/Clock11.xml
----------------- Instantiating /home/travis/build/icyphy/ptII/ptolemy/actor/lib/test/auto/Clock11.xml
5 ms. Memory: 885248K Free: 813885K (92%)
----------------- Invoking toplevel() on ptolemy.moml.MoMLSimpleApplication@7b235f2b
----------------- Done invoking toplevel() on ptolemy.moml.MoMLSimpleApplication@7b235f2b
reloadAllAccessors: .Clock11

===========================================================================================
----------------- testing Wed Jun 20 05:05:57 UTC 2018 /home/travis/build/icyphy/ptII/ptolemy/actor/lib/test/auto/Clock12.xml
----------------- Instantiating /home/travis/build/icyphy/ptII/ptolemy/actor/lib/test/auto/Clock12.xml
6 ms. Memory: 885248K Free: 803426K (91%)
----------------- Invoking toplevel() on ptolemy.moml.MoMLSimpleApplication@34840302
----------------- Done invoking toplevel() on ptolemy.moml.MoMLSimpleApplication@34840302
reloadAllAccessors: .Clock12

===========================================================================================
----------------- testing Wed Jun 20 05:05:57 UTC 2018 /home/travis/build/icyphy/ptII/ptolemy/actor/lib/test/auto/Clock13.xml
----------------- Instantiating /home/travis/build/icyphy/ptII/ptolemy/actor/lib/test/auto/Clock13.xml
4 ms. Memory: 885248K Free: 792968K (90%)
----------------- Invoking toplevel() on ptolemy.moml.MoMLSimpleApplication@2fb3ddec
----------------- Done invoking toplevel() on ptolemy.moml.MoMLSimpleApplication@2fb3ddec
reloadAllAccessors: .Clock13

===========================================================================================
----------------- testing Wed Jun 20 05:05:57 UTC 2018 /home/travis/build/icyphy/ptII/ptolemy/actor/lib/test/auto/Clock14.xml
----------------- Instantiating /home/travis/build/icyphy/ptII/ptolemy/actor/lib/test/auto/Clock14.xml
8 ms. Memory: 885248K Free: 782509K (88%)
----------------- Invoking toplevel() on ptolemy.moml.MoMLSimpleApplication@6d5c60e4
----------------- Done invoking toplevel() on ptolemy.moml.MoMLSimpleApplication@6d5c60e4
reloadAllAccessors: .Clock14

===========================================================================================
----------------- testing Wed Jun 20 05:05:57 UTC 2018 /home/travis/build/icyphy/ptII/ptolemy/actor/lib/test/auto/Clock15.xml
----------------- Instantiating /home/travis/build/icyphy/ptII/ptolemy/actor/lib/test/auto/Clock15.xml
7 ms. Memory: 885248K Free: 762542K (86%)
----------------- Invoking toplevel() on ptolemy.moml.MoMLSimpleApplication@5c275f3c
----------------- Done invoking toplevel() on ptolemy.moml.MoMLSimpleApplication@5c275f3c
reloadAllAccessors: .Clock15

===========================================================================================
----------------- testing Wed Jun 20 05:05:57 UTC 2018 /home/travis/build/icyphy/ptII/ptolemy/actor/lib/test/auto/Clock16.xml
----------------- Instantiating /home/travis/build/icyphy/ptII/ptolemy/actor/lib/test/auto/Clock16.xml
28 ms. Memory: 885248K Free: 741593K (84%)
----------------- Invoking toplevel() on ptolemy.moml.MoMLSimpleApplication@3606adc2
----------------- Done invoking toplevel() on ptolemy.moml.MoMLSimpleApplication@3606adc2
reloadAllAccessors: .Clock16

===========================================================================================
----------------- testing Wed Jun 20 05:05:57 UTC 2018 /home/travis/build/icyphy/ptII/ptolemy/actor/lib/test/auto/Clock17.xml
----------------- Instantiating /home/travis/build/icyphy/ptII/ptolemy/actor/lib/test/auto/Clock17.xml
23 ms. Memory: 885248K Free: 725889K (82%)
----------------- Invoking toplevel() on ptolemy.moml.MoMLSimpleApplication@254cec02
----------------- Done invoking toplevel() on ptolemy.moml.MoMLSimpleApplication@254cec02
reloadAllAccessors: .Clock17

===========================================================================================
----------------- testing Wed Jun 20 05:05:57 UTC 2018 /home/travis/build/icyphy/ptII/ptolemy/actor/lib/test/auto/Clock18.xml
----------------- Instantiating /home/travis/build/icyphy/ptII/ptolemy/actor/lib/test/auto/Clock18.xml
22 ms. Memory: 885248K Free: 710201K (80%)
----------------- Invoking toplevel() on ptolemy.moml.MoMLSimpleApplication@7713712
----------------- Done invoking toplevel() on ptolemy.moml.MoMLSimpleApplication@7713712
reloadAllAccessors: .Clock18

===========================================================================================
----------------- testing Wed Jun 20 05:05:57 UTC 2018 /home/travis/build/icyphy/ptII/ptolemy/actor/lib/test/auto/Clock19.xml
----------------- Instantiating /home/travis/build/icyphy/ptII/ptolemy/actor/lib/test/auto/Clock19.xml
15 ms. Memory: 885248K Free: 684989K (77%)
----------------- Invoking toplevel() on ptolemy.moml.MoMLSimpleApplication@48461962
----------------- Done invoking toplevel() on ptolemy.moml.MoMLSimpleApplication@48461962
reloadAllAccessors: .Clock19

===========================================================================================
----------------- testing Wed Jun 20 05:05:57 UTC 2018 /home/travis/build/icyphy/ptII/ptolemy/actor/lib/test/auto/Clock2.xml
----------------- Instantiating /home/travis/build/icyphy/ptII/ptolemy/actor/lib/test/auto/Clock2.xml
9 ms. Memory: 885248K Free: 674530K (76%)
----------------- Invoking toplevel() on ptolemy.moml.MoMLSimpleApplication@7c0b8ce3
----------------- Done invoking toplevel() on ptolemy.moml.MoMLSimpleApplication@7c0b8ce3
reloadAllAccessors: .Clock2

===========================================================================================
----------------- testing Wed Jun 20 05:05:57 UTC 2018 /home/travis/build/icyphy/ptII/ptolemy/actor/lib/test/auto/Clock20.xml
----------------- Instantiating /home/travis/build/icyphy/ptII/ptolemy/actor/lib/test/auto/Clock20.xml
12 ms. Memory: 885248K Free: 664072K (75%)
----------------- Invoking toplevel() on ptolemy.moml.MoMLSimpleApplication@3d0298f2
----------------- Done invoking toplevel() on ptolemy.moml.MoMLSimpleApplication@3d0298f2
reloadAllAccessors: .Clock20

===========================================================================================
----------------- testing Wed Jun 20 05:05:57 UTC 2018 /home/travis/build/icyphy/ptII/ptolemy/actor/lib/test/auto/Clock21.xml
----------------- Instantiating /home/travis/build/icyphy/ptII/ptolemy/actor/lib/test/auto/Clock21.xml
7 ms. Memory: 885248K Free: 653613K (74%)
----------------- Invoking toplevel() on ptolemy.moml.MoMLSimpleApplication@2a827e60
----------------- Done invoking toplevel() on ptolemy.moml.MoMLSimpleApplication@2a827e60
reloadAllAccessors: .Clock21

===========================================================================================
----------------- testing Wed Jun 20 05:05:57 UTC 2018 /home/travis/build/icyphy/ptII/ptolemy/actor/lib/test/auto/Clock22.xml
----------------- Instantiating /home/travis/build/icyphy/ptII/ptolemy/actor/lib/test/auto/Clock22.xml
6 ms. Memory: 885248K Free: 633646K (72%)
----------------- Invoking toplevel() on ptolemy.moml.MoMLSimpleApplication@4193ed26
----------------- Done invoking toplevel() on ptolemy.moml.MoMLSimpleApplication@4193ed26
reloadAllAccessors: .Clock22

===========================================================================================
----------------- testing Wed Jun 20 05:05:57 UTC 2018 /home/travis/build/icyphy/ptII/ptolemy/actor/lib/test/auto/Clock23.xml
----------------- Instantiating /home/travis/build/icyphy/ptII/ptolemy/actor/lib/test/auto/Clock23.xml
9 ms. Memory: 885248K Free: 623187K (70%)
----------------- Invoking toplevel() on ptolemy.moml.MoMLSimpleApplication@129194df
----------------- Done invoking toplevel() on ptolemy.moml.MoMLSimpleApplication@129194df
reloadAllAccessors: .Clock23

===========================================================================================
----------------- testing Wed Jun 20 05:05:57 UTC 2018 /home/travis/build/icyphy/ptII/ptolemy/actor/lib/test/auto/Clock24.xml
----------------- Instantiating /home/travis/build/icyphy/ptII/ptolemy/actor/lib/test/auto/Clock24.xml
8 ms. Memory: 885248K Free: 612729K (69%)
----------------- Invoking toplevel() on ptolemy.moml.MoMLSimpleApplication@709a5e9b
----------------- Done invoking toplevel() on ptolemy.moml.MoMLSimpleApplication@709a5e9b
reloadAllAccessors: .Clock24

===========================================================================================
----------------- testing Wed Jun 20 05:05:57 UTC 2018 /home/travis/build/icyphy/ptII/ptolemy/actor/lib/test/auto/Clock4.xml
----------------- Instantiating /home/travis/build/icyphy/ptII/ptolemy/actor/lib/test/auto/Clock4.xml
6 ms. Memory: 885248K Free: 602270K (68%)
----------------- Invoking toplevel() on ptolemy.moml.MoMLSimpleApplication@5fc369fa
----------------- Done invoking toplevel() on ptolemy.moml.MoMLSimpleApplication@5fc369fa
reloadAllAccessors: .Clock4

===========================================================================================
----------------- testing Wed Jun 20 05:05:57 UTC 2018 /home/travis/build/icyphy/ptII/ptolemy/actor/lib/test/auto/Clock5.xml
----------------- Instantiating /home/travis/build/icyphy/ptII/ptolemy/actor/lib/test/auto/Clock5.xml
1 ms. Memory: 885248K Free: 582303K (66%)
----------------- Invoking toplevel() on ptolemy.moml.MoMLSimpleApplication@2b734bf6
----------------- Done invoking toplevel() on ptolemy.moml.MoMLSimpleApplication@2b734bf6
reloadAllAccessors: .Clock5

===========================================================================================
----------------- testing Wed Jun 20 05:05:57 UTC 2018 /home/travis/build/icyphy/ptII/ptolemy/actor/lib/test/auto/Clock6.xml
----------------- Instantiating /home/travis/build/icyphy/ptII/ptolemy/actor/lib/test/auto/Clock6.xml
2 ms. Memory: 885248K Free: 571845K (65%)
----------------- Invoking toplevel() on ptolemy.moml.MoMLSimpleApplication@41fea460
----------------- Done invoking toplevel() on ptolemy.moml.MoMLSimpleApplication@41fea460
reloadAllAccessors: .Clock6

===========================================================================================
----------------- testing Wed Jun 20 05:05:57 UTC 2018 /home/travis/build/icyphy/ptII/ptolemy/actor/lib/test/auto/Clock7.xml
----------------- Instantiating /home/travis/build/icyphy/ptII/ptolemy/actor/lib/test/auto/Clock7.xml
3 ms. Memory: 885248K Free: 561386K (63%)
----------------- Invoking toplevel() on ptolemy.moml.MoMLSimpleApplication@29902b
----------------- Done invoking toplevel() on ptolemy.moml.MoMLSimpleApplication@29902b
reloadAllAccessors: .Clock7

===========================================================================================
----------------- testing Wed Jun 20 05:05:57 UTC 2018 /home/travis/build/icyphy/ptII/ptolemy/actor/lib/test/auto/Clock8.xml
----------------- Instantiating /home/travis/build/icyphy/ptII/ptolemy/actor/lib/test/auto/Clock8.xml
6 ms. Memory: 885248K Free: 550928K (62%)
----------------- Invoking toplevel() on ptolemy.moml.MoMLSimpleApplication@db1fedb
----------------- Done invoking toplevel() on ptolemy.moml.MoMLSimpleApplication@db1fedb
reloadAllAccessors: .Clock8

===========================================================================================
----------------- testing Wed Jun 20 05:05:58 UTC 2018 /home/travis/build/icyphy/ptII/ptolemy/actor/lib/test/auto/Clock9.xml
----------------- Instantiating /home/travis/build/icyphy/ptII/ptolemy/actor/lib/test/auto/Clock9.xml
8 ms. Memory: 885248K Free: 540469K (61%)
----------------- Invoking toplevel() on ptolemy.moml.MoMLSimpleApplication@36e18c67
----------------- Done invoking toplevel() on ptolemy.moml.MoMLSimpleApplication@36e18c67
reloadAllAccessors: .Clock9

===========================================================================================
----------------- testing Wed Jun 20 05:05:58 UTC 2018 /home/travis/build/icyphy/ptII/ptolemy/actor/lib/test/auto/CommDistDiscard.xml
----------------- Instantiating /home/travis/build/icyphy/ptII/ptolemy/actor/lib/test/auto/CommDistDiscard.xml
6 ms. Memory: 885248K Free: 520502K (59%)
----------------- Invoking toplevel() on ptolemy.moml.MoMLSimpleApplication@3f3591c8
----------------- Done invoking toplevel() on ptolemy.moml.MoMLSimpleApplication@3f3591c8
reloadAllAccessors: .CommDistDiscard

===========================================================================================
----------------- testing Wed Jun 20 05:05:58 UTC 2018 /home/travis/build/icyphy/ptII/ptolemy/actor/lib/test/auto/Commutator.xml
----------------- Instantiating /home/travis/build/icyphy/ptII/ptolemy/actor/lib/test/auto/Commutator.xml
1 ms. Memory: 885248K Free: 510043K (58%)
----------------- Invoking toplevel() on ptolemy.moml.MoMLSimpleApplication@7943919
----------------- Done invoking toplevel() on ptolemy.moml.MoMLSimpleApplication@7943919
reloadAllAccessors: .Commutator

===========================================================================================
----------------- testing Wed Jun 20 05:05:58 UTC 2018 /home/travis/build/icyphy/ptII/ptolemy/actor/lib/test/auto/Commutator2.xml
----------------- Instantiating /home/travis/build/icyphy/ptII/ptolemy/actor/lib/test/auto/Commutator2.xml
1 ms. Memory: 885248K Free: 499585K (56%)
----------------- Invoking toplevel() on ptolemy.moml.MoMLSimpleApplication@3d9f98f7
----------------- Done invoking toplevel() on ptolemy.moml.MoMLSimpleApplication@3d9f98f7
reloadAllAccessors: .Commutator2

===========================================================================================
----------------- testing Wed Jun 20 05:05:58 UTC 2018 /home/travis/build/icyphy/ptII/ptolemy/actor/lib/test/auto/Commutator3.xml
----------------- Instantiating /home/travis/build/icyphy/ptII/ptolemy/actor/lib/test/auto/Commutator3.xml
2 ms. Memory: 885248K Free: 489126K (55%)
----------------- Invoking toplevel() on ptolemy.moml.MoMLSimpleApplication@390988a9
----------------- Done invoking toplevel() on ptolemy.moml.MoMLSimpleApplication@390988a9
reloadAllAccessors: .Commutator3

===========================================================================================
----------------- testing Wed Jun 20 05:05:58 UTC 2018 /home/travis/build/icyphy/ptII/ptolemy/actor/lib/test/auto/Compare.xml
----------------- Instantiating /home/travis/build/icyphy/ptII/ptolemy/actor/lib/test/auto/Compare.xml
2 ms. Memory: 885248K Free: 469159K (53%)
----------------- Invoking toplevel() on ptolemy.moml.MoMLSimpleApplication@30531aa5
----------------- Done invoking toplevel() on ptolemy.moml.MoMLSimpleApplication@30531aa5
reloadAllAccessors: .Compare

===========================================================================================
----------------- testing Wed Jun 20 05:05:58 UTC 2018 /home/travis/build/icyphy/ptII/ptolemy/actor/lib/test/auto/CompareDE.xml
----------------- Instantiating /home/travis/build/icyphy/ptII/ptolemy/actor/lib/test/auto/CompareDE.xml
4 ms. Memory: 885248K Free: 458701K (52%)
----------------- Invoking toplevel() on ptolemy.moml.MoMLSimpleApplication@5d8c3f47
----------------- Done invoking toplevel() on ptolemy.moml.MoMLSimpleApplication@5d8c3f47
reloadAllAccessors: .CompareDE

===========================================================================================
----------------- testing Wed Jun 20 05:05:58 UTC 2018 /home/travis/build/icyphy/ptII/ptolemy/actor/lib/test/auto/ComplexDivide.xml
----------------- Instantiating /home/travis/build/icyphy/ptII/ptolemy/actor/lib/test/auto/ComplexDivide.xml
1 ms. Memory: 885248K Free: 448242K (51%)
----------------- Invoking toplevel() on ptolemy.moml.MoMLSimpleApplication@5958fc36
----------------- Done invoking toplevel() on ptolemy.moml.MoMLSimpleApplication@5958fc36
reloadAllAccessors: .ComplexDivide

===========================================================================================
----------------- testing Wed Jun 20 05:05:58 UTC 2018 /home/travis/build/icyphy/ptII/ptolemy/actor/lib/test/auto/ComputeHistogram.xml
----------------- Instantiating /home/travis/build/icyphy/ptII/ptolemy/actor/lib/test/auto/ComputeHistogram.xml
36 ms. Memory: 885248K Free: 432555K (49%)
----------------- Invoking toplevel() on ptolemy.moml.MoMLSimpleApplication@113e2e2d
----------------- Done invoking toplevel() on ptolemy.moml.MoMLSimpleApplication@113e2e2d
reloadAllAccessors: .ComputeHistogram

===========================================================================================
----------------- testing Wed Jun 20 05:05:58 UTC 2018 /home/travis/build/icyphy/ptII/ptolemy/actor/lib/test/auto/ConfigurationSelect.xml
----------------- Instantiating /home/travis/build/icyphy/ptII/ptolemy/actor/lib/test/auto/ConfigurationSelect.xml
3 ms. Memory: 885248K Free: 412587K (47%)
----------------- Invoking toplevel() on ptolemy.moml.MoMLSimpleApplication@3a8d274b
----------------- Done invoking toplevel() on ptolemy.moml.MoMLSimpleApplication@3a8d274b
reloadAllAccessors: .ConfigurationSelect

===========================================================================================
----------------- testing Wed Jun 20 05:05:58 UTC 2018 /home/travis/build/icyphy/ptII/ptolemy/actor/lib/test/auto/ConfigurationSelect2.xml
----------------- Instantiating /home/travis/build/icyphy/ptII/ptolemy/actor/lib/test/auto/ConfigurationSelect2.xml
1 ms. Memory: 885248K Free: 402129K (45%)
----------------- Invoking toplevel() on ptolemy.moml.MoMLSimpleApplication@2fc9e5a6
----------------- Done invoking toplevel() on ptolemy.moml.MoMLSimpleApplication@2fc9e5a6
reloadAllAccessors: .ConfigurationSelect2

===========================================================================================
----------------- testing Wed Jun 20 05:05:58 UTC 2018 /home/travis/build/icyphy/ptII/ptolemy/actor/lib/test/auto/ConfigurationSwitch.xml
----------------- Instantiating /home/travis/build/icyphy/ptII/ptolemy/actor/lib/test/auto/ConfigurationSwitch.xml
2 ms. Memory: 885248K Free: 391670K (44%)
----------------- Invoking toplevel() on ptolemy.moml.MoMLSimpleApplication@58e2ee0f
----------------- Done invoking toplevel() on ptolemy.moml.MoMLSimpleApplication@58e2ee0f
reloadAllAccessors: .ConfigurationSwitch

===========================================================================================
----------------- testing Wed Jun 20 05:05:58 UTC 2018 /home/travis/build/icyphy/ptII/ptolemy/actor/lib/test/auto/ConfigurationSwitch2.xml
----------------- Instantiating /home/travis/build/icyphy/ptII/ptolemy/actor/lib/test/auto/ConfigurationSwitch2.xml
4 ms. Memory: 885248K Free: 381212K (43%)
----------------- Invoking toplevel() on ptolemy.moml.MoMLSimpleApplication@4cd506
----------------- Done invoking toplevel() on ptolemy.moml.MoMLSimpleApplication@4cd506
reloadAllAccessors: .ConfigurationSwitch2

===========================================================================================
----------------- testing Wed Jun 20 05:05:58 UTC 2018 /home/travis/build/icyphy/ptII/ptolemy/actor/lib/test/auto/ConfigurationSwitchCloningBugWithClassRelationGroup.xml
----------------- Instantiating /home/travis/build/icyphy/ptII/ptolemy/actor/lib/test/auto/ConfigurationSwitchCloningBugWithClassRelationGroup.xml
1 ms. Memory: 885248K Free: 361244K (41%)
----------------- Invoking toplevel() on ptolemy.moml.MoMLSimpleApplication@74d08b42
----------------- Done invoking toplevel() on ptolemy.moml.MoMLSimpleApplication@74d08b42
reloadAllAccessors: .ConfigurationSwitchCloningBugWithClassRelationGroup

===========================================================================================
----------------- testing Wed Jun 20 05:05:58 UTC 2018 /home/travis/build/icyphy/ptII/ptolemy/actor/lib/test/auto/ConfigurationSwitchSelectSDF.xml
----------------- Instantiating /home/travis/build/icyphy/ptII/ptolemy/actor/lib/test/auto/ConfigurationSwitchSelectSDF.xml
2 ms. Memory: 885248K Free: 350786K (40%)
----------------- Invoking toplevel() on ptolemy.moml.MoMLSimpleApplication@775a88
----------------- Done invoking toplevel() on ptolemy.moml.MoMLSimpleApplication@775a88
reloadAllAccessors: .ConfigurationSwitchSelectSDF

===========================================================================================
----------------- testing Wed Jun 20 05:05:58 UTC 2018 /home/travis/build/icyphy/ptII/ptolemy/actor/lib/test/auto/ConfigurationSwitchSelectSDF2.xml
----------------- Instantiating /home/travis/build/icyphy/ptII/ptolemy/actor/lib/test/auto/ConfigurationSwitchSelectSDF2.xml
3 ms. Memory: 885248K Free: 340327K (38%)
----------------- Invoking toplevel() on ptolemy.moml.MoMLSimpleApplication@75afc2bf
----------------- Done invoking toplevel() on ptolemy.moml.MoMLSimpleApplication@75afc2bf
reloadAllAccessors: .ConfigurationSwitchSelectSDF2

===========================================================================================
----------------- testing Wed Jun 20 05:05:58 UTC 2018 /home/travis/build/icyphy/ptII/ptolemy/actor/lib/test/auto/Const.xml
----------------- Instantiating /home/travis/build/icyphy/ptII/ptolemy/actor/lib/test/auto/Const.xml
1 ms. Memory: 885248K Free: 329869K (37%)
----------------- Invoking toplevel() on ptolemy.moml.MoMLSimpleApplication@60537cf6
----------------- Done invoking toplevel() on ptolemy.moml.MoMLSimpleApplication@60537cf6
reloadAllAccessors: .Const

===========================================================================================
----------------- testing Wed Jun 20 05:05:58 UTC 2018 /home/travis/build/icyphy/ptII/ptolemy/actor/lib/test/auto/Const2.xml
----------------- Instantiating /home/travis/build/icyphy/ptII/ptolemy/actor/lib/test/auto/Const2.xml
2 ms. Memory: 885248K Free: 309901K (35%)
----------------- Invoking toplevel() on ptolemy.moml.MoMLSimpleApplication@3e1cacdd
----------------- Done invoking toplevel() on ptolemy.moml.MoMLSimpleApplication@3e1cacdd
reloadAllAccessors: .Const2

===========================================================================================
----------------- testing Wed Jun 20 05:05:58 UTC 2018 /home/travis/build/icyphy/ptII/ptolemy/actor/lib/test/auto/Const3.xml
----------------- Instantiating /home/travis/build/icyphy/ptII/ptolemy/actor/lib/test/auto/Const3.xml
2 ms. Memory: 885248K Free: 299443K (34%)
----------------- Invoking toplevel() on ptolemy.moml.MoMLSimpleApplication@4d3e4598
----------------- Done invoking toplevel() on ptolemy.moml.MoMLSimpleApplication@4d3e4598
reloadAllAccessors: .Const3

===========================================================================================
----------------- testing Wed Jun 20 05:05:58 UTC 2018 /home/travis/build/icyphy/ptII/ptolemy/actor/lib/test/auto/ConstantPublisherPort1.xml
----------------- Instantiating /home/travis/build/icyphy/ptII/ptolemy/actor/lib/test/auto/ConstantPublisherPort1.xml
6 ms. Memory: 885248K Free: 283739K (32%)
----------------- Invoking toplevel() on ptolemy.moml.MoMLSimpleApplication@27b40c82
----------------- Done invoking toplevel() on ptolemy.moml.MoMLSimpleApplication@27b40c82
reloadAllAccessors: .ConstantPublisherPort1

===========================================================================================
----------------- testing Wed Jun 20 05:05:58 UTC 2018 /home/travis/build/icyphy/ptII/ptolemy/actor/lib/test/auto/ConstantPublisherPort2.xml
----------------- Instantiating /home/travis/build/icyphy/ptII/ptolemy/actor/lib/test/auto/ConstantPublisherPort2.xml
9 ms. Memory: 885248K Free: 273281K (31%)
----------------- Invoking toplevel() on ptolemy.moml.MoMLSimpleApplication@1bec35c0
----------------- Done invoking toplevel() on ptolemy.moml.MoMLSimpleApplication@1bec35c0
reloadAllAccessors: .ConstantPublisherPort2

===========================================================================================
----------------- testing Wed Jun 20 05:05:58 UTC 2018 /home/travis/build/icyphy/ptII/ptolemy/actor/lib/test/auto/ConstantPublisherPort3.xml
----------------- Instantiating /home/travis/build/icyphy/ptII/ptolemy/actor/lib/test/auto/ConstantPublisherPort3.xml
4 ms. Memory: 885248K Free: 262822K (30%)
----------------- Invoking toplevel() on ptolemy.moml.MoMLSimpleApplication@7abcb130
----------------- Done invoking toplevel() on ptolemy.moml.MoMLSimpleApplication@7abcb130
reloadAllAccessors: .ConstantPublisherPort3

===========================================================================================
----------------- testing Wed Jun 20 05:05:58 UTC 2018 /home/travis/build/icyphy/ptII/ptolemy/actor/lib/test/auto/ConstantPublisherPort4.xml
----------------- Instantiating /home/travis/build/icyphy/ptII/ptolemy/actor/lib/test/auto/ConstantPublisherPort4.xml
2 ms. Memory: 885248K Free: 237625K (27%)
----------------- Invoking toplevel() on ptolemy.moml.MoMLSimpleApplication@55de2ffc
----------------- Done invoking toplevel() on ptolemy.moml.MoMLSimpleApplication@55de2ffc
reloadAllAccessors: .ConstantPublisherPort4

===========================================================================================
----------------- testing Wed Jun 20 05:05:58 UTC 2018 /home/travis/build/icyphy/ptII/ptolemy/actor/lib/test/auto/ConstantPublisherPort5.xml
----------------- Instantiating /home/travis/build/icyphy/ptII/ptolemy/actor/lib/test/auto/ConstantPublisherPort5.xml
23 ms. Memory: 885248K Free: 211463K (24%)
----------------- Invoking toplevel() on ptolemy.moml.MoMLSimpleApplication@22329f75
----------------- Done invoking toplevel() on ptolemy.moml.MoMLSimpleApplication@22329f75
reloadAllAccessors: .ConstantPublisherPort5

===========================================================================================
----------------- testing Wed Jun 20 05:05:58 UTC 2018 /home/travis/build/icyphy/ptII/ptolemy/actor/lib/test/auto/ConstantPublisherPort6.xml
----------------- Instantiating /home/travis/build/icyphy/ptII/ptolemy/actor/lib/test/auto/ConstantPublisherPort6.xml
13 ms. Memory: 885248K Free: 185317K (21%)
----------------- Invoking toplevel() on ptolemy.moml.MoMLSimpleApplication@13c13875
----------------- Done invoking toplevel() on ptolemy.moml.MoMLSimpleApplication@13c13875
reloadAllAccessors: .ConstantPublisherPort6

===========================================================================================
----------------- testing Wed Jun 20 05:05:58 UTC 2018 /home/travis/build/icyphy/ptII/ptolemy/actor/lib/test/auto/ConstantPublisherPort7.xml
----------------- Instantiating /home/travis/build/icyphy/ptII/ptolemy/actor/lib/test/auto/ConstantPublisherPort7.xml
12 ms. Memory: 885248K Free: 159170K (18%)
----------------- Invoking toplevel() on ptolemy.moml.MoMLSimpleApplication@4d13b785
----------------- Done invoking toplevel() on ptolemy.moml.MoMLSimpleApplication@4d13b785
reloadAllAccessors: .ConstantPublisherPort7

===========================================================================================
----------------- testing Wed Jun 20 05:05:58 UTC 2018 /home/travis/build/icyphy/ptII/ptolemy/actor/lib/test/auto/ConstraintMonitor1.xml
----------------- Instantiating /home/travis/build/icyphy/ptII/ptolemy/actor/lib/test/auto/ConstraintMonitor1.xml
8 ms. Memory: 885248K Free: 139203K (16%)
----------------- Invoking toplevel() on ptolemy.moml.MoMLSimpleApplication@1d648d13
----------------- Done invoking toplevel() on ptolemy.moml.MoMLSimpleApplication@1d648d13
reloadAllAccessors: .ConstraintMonitor1

===========================================================================================
----------------- testing Wed Jun 20 05:05:58 UTC 2018 /home/travis/build/icyphy/ptII/ptolemy/actor/lib/test/auto/ConstraintMonitor2.xml
----------------- Instantiating /home/travis/build/icyphy/ptII/ptolemy/actor/lib/test/auto/ConstraintMonitor2.xml
6 ms. Memory: 885248K Free: 128744K (15%)
----------------- Invoking toplevel() on ptolemy.moml.MoMLSimpleApplication@45bc1bcc
----------------- Done invoking toplevel() on ptolemy.moml.MoMLSimpleApplication@45bc1bcc
reloadAllAccessors: .ConstraintMonitor2

===========================================================================================
----------------- testing Wed Jun 20 05:05:58 UTC 2018 /home/travis/build/icyphy/ptII/ptolemy/actor/lib/test/auto/ConstraintMonitor3.xml
----------------- Instantiating /home/travis/build/icyphy/ptII/ptolemy/actor/lib/test/auto/ConstraintMonitor3.xml
7 ms. Memory: 885248K Free: 118286K (13%)
----------------- Invoking toplevel() on ptolemy.moml.MoMLSimpleApplication@5e9707b6
----------------- Done invoking toplevel() on ptolemy.moml.MoMLSimpleApplication@5e9707b6
reloadAllAccessors: .ConstraintMonitor3

===========================================================================================
----------------- testing Wed Jun 20 05:05:58 UTC 2018 /home/travis/build/icyphy/ptII/ptolemy/actor/lib/test/auto/ConstraintMonitor4.xml
----------------- Instantiating /home/travis/build/icyphy/ptII/ptolemy/actor/lib/test/auto/ConstraintMonitor4.xml
2 ms. Memory: 885248K Free: 107827K (12%)
----------------- Invoking toplevel() on ptolemy.moml.MoMLSimpleApplication@4159d3ce
----------------- Done invoking toplevel() on ptolemy.moml.MoMLSimpleApplication@4159d3ce
reloadAllAccessors: .ConstraintMonitor4

===========================================================================================
----------------- testing Wed Jun 20 05:05:58 UTC 2018 /home/travis/build/icyphy/ptII/ptolemy/actor/lib/test/auto/ConstraintMonitor5.xml
----------------- Instantiating /home/travis/build/icyphy/ptII/ptolemy/actor/lib/test/auto/ConstraintMonitor5.xml
2 ms. Memory: 885248K Free: 87860K (10%)
----------------- Invoking toplevel() on ptolemy.moml.MoMLSimpleApplication@218e8735
----------------- Done invoking toplevel() on ptolemy.moml.MoMLSimpleApplication@218e8735
reloadAllAccessors: .ConstraintMonitor5

===========================================================================================
----------------- testing Wed Jun 20 05:05:58 UTC 2018 /home/travis/build/icyphy/ptII/ptolemy/actor/lib/test/auto/ConstraintMonitor6.xml
----------------- Instantiating /home/travis/build/icyphy/ptII/ptolemy/actor/lib/test/auto/ConstraintMonitor6.xml
4 ms. Memory: 885248K Free: 77401K (9%)
----------------- Invoking toplevel() on ptolemy.moml.MoMLSimpleApplication@43bfca62
----------------- Done invoking toplevel() on ptolemy.moml.MoMLSimpleApplication@43bfca62
reloadAllAccessors: .ConstraintMonitor6

===========================================================================================
----------------- testing Wed Jun 20 05:05:58 UTC 2018 /home/travis/build/icyphy/ptII/ptolemy/actor/lib/test/auto/ConstraintMonitor7.xml
----------------- Instantiating /home/travis/build/icyphy/ptII/ptolemy/actor/lib/test/auto/ConstraintMonitor7.xml
3 ms. Memory: 885248K Free: 66943K (8%)
----------------- Invoking toplevel() on ptolemy.moml.MoMLSimpleApplication@196ca980
----------------- Done invoking toplevel() on ptolemy.moml.MoMLSimpleApplication@196ca980
reloadAllAccessors: .ConstraintMonitor7

===========================================================================================
----------------- testing Wed Jun 20 05:05:58 UTC 2018 /home/travis/build/icyphy/ptII/ptolemy/actor/lib/test/auto/ConstraintMonitor8.xml
----------------- Instantiating /home/travis/build/icyphy/ptII/ptolemy/actor/lib/test/auto/ConstraintMonitor8.xml
27 ms. Memory: 885760K Free: 836580K (94%)
----------------- Invoking toplevel() on ptolemy.moml.MoMLSimpleApplication@32ae3b6c
----------------- Done invoking toplevel() on ptolemy.moml.MoMLSimpleApplication@32ae3b6c
reloadAllAccessors: .ConstraintMonitor8

===========================================================================================
----------------- testing Wed Jun 20 05:05:58 UTC 2018 /home/travis/build/icyphy/ptII/ptolemy/actor/lib/test/auto/Counter.xml
----------------- Instantiating /home/travis/build/icyphy/ptII/ptolemy/actor/lib/test/auto/Counter.xml
6 ms. Memory: 885760K Free: 819080K (92%)
----------------- Invoking toplevel() on ptolemy.moml.MoMLSimpleApplication@606c6355
----------------- Done invoking toplevel() on ptolemy.moml.MoMLSimpleApplication@606c6355
reloadAllAccessors: .Counter

===========================================================================================
----------------- testing Wed Jun 20 05:05:59 UTC 2018 /home/travis/build/icyphy/ptII/ptolemy/actor/lib/test/auto/CurrentTimeSDF.xml
----------------- Instantiating /home/travis/build/icyphy/ptII/ptolemy/actor/lib/test/auto/CurrentTimeSDF.xml
1 ms. Memory: 885760K Free: 811130K (92%)
----------------- Invoking toplevel() on ptolemy.moml.MoMLSimpleApplication@1edbee0d
----------------- Done invoking toplevel() on ptolemy.moml.MoMLSimpleApplication@1edbee0d
reloadAllAccessors: .CurrentTimeSDF

===========================================================================================
----------------- testing Wed Jun 20 05:05:59 UTC 2018 /home/travis/build/icyphy/ptII/ptolemy/actor/lib/test/auto/DB.xml
----------------- Instantiating /home/travis/build/icyphy/ptII/ptolemy/actor/lib/test/auto/DB.xml
3 ms. Memory: 885760K Free: 803286K (91%)
----------------- Invoking toplevel() on ptolemy.moml.MoMLSimpleApplication@470fe18b
----------------- Done invoking toplevel() on ptolemy.moml.MoMLSimpleApplication@470fe18b
reloadAllAccessors: .DB

===========================================================================================
----------------- testing Wed Jun 20 05:05:59 UTC 2018 /home/travis/build/icyphy/ptII/ptolemy/actor/lib/test/auto/DBDE.xml
----------------- Instantiating /home/travis/build/icyphy/ptII/ptolemy/actor/lib/test/auto/DBDE.xml
2 ms. Memory: 885760K Free: 784523K (89%)
----------------- Invoking toplevel() on ptolemy.moml.MoMLSimpleApplication@11c2348a
----------------- Done invoking toplevel() on ptolemy.moml.MoMLSimpleApplication@11c2348a
reloadAllAccessors: .DBDE

===========================================================================================
----------------- testing Wed Jun 20 05:05:59 UTC 2018 /home/travis/build/icyphy/ptII/ptolemy/actor/lib/test/auto/DateConstructor.xml
----------------- Instantiating /home/travis/build/icyphy/ptII/ptolemy/actor/lib/test/auto/DateConstructor.xml
17 ms. Memory: 885760K Free: 764889K (86%)
----------------- Invoking toplevel() on ptolemy.moml.MoMLSimpleApplication@7c5e7851
----------------- Done invoking toplevel() on ptolemy.moml.MoMLSimpleApplication@7c5e7851
reloadAllAccessors: .DateConstructor

===========================================================================================
----------------- testing Wed Jun 20 05:05:59 UTC 2018 /home/travis/build/icyphy/ptII/ptolemy/actor/lib/test/auto/DelayTime.xml
----------------- Instantiating /home/travis/build/icyphy/ptII/ptolemy/actor/lib/test/auto/DelayTime.xml
3 ms. Memory: 885760K Free: 757045K (85%)
----------------- Invoking toplevel() on ptolemy.moml.MoMLSimpleApplication@6576e98c
----------------- Done invoking toplevel() on ptolemy.moml.MoMLSimpleApplication@6576e98c
reloadAllAccessors: .DelayTime

===========================================================================================
----------------- testing Wed Jun 20 05:05:59 UTC 2018 /home/travis/build/icyphy/ptII/ptolemy/actor/lib/test/auto/Dictionary1.xml
----------------- Instantiating /home/travis/build/icyphy/ptII/ptolemy/actor/lib/test/auto/Dictionary1.xml
1 ms. Memory: 885760K Free: 742212K (84%)
----------------- Invoking toplevel() on ptolemy.moml.MoMLSimpleApplication@798f0845
----------------- Done invoking toplevel() on ptolemy.moml.MoMLSimpleApplication@798f0845
reloadAllAccessors: .Dictionary1

===========================================================================================
----------------- testing Wed Jun 20 05:05:59 UTC 2018 /home/travis/build/icyphy/ptII/ptolemy/actor/lib/test/auto/Dictionary2.xml
----------------- Instantiating /home/travis/build/icyphy/ptII/ptolemy/actor/lib/test/auto/Dictionary2.xml
3 ms. Memory: 885760K Free: 734368K (83%)
----------------- Invoking toplevel() on ptolemy.moml.MoMLSimpleApplication@56f9487b
----------------- Done invoking toplevel() on ptolemy.moml.MoMLSimpleApplication@56f9487b
reloadAllAccessors: .Dictionary2

===========================================================================================
----------------- testing Wed Jun 20 05:05:59 UTC 2018 /home/travis/build/icyphy/ptII/ptolemy/actor/lib/test/auto/Dictionary3.xml
----------------- Instantiating /home/travis/build/icyphy/ptII/ptolemy/actor/lib/test/auto/Dictionary3.xml
1 ms. Memory: 885760K Free: 726524K (82%)
----------------- Invoking toplevel() on ptolemy.moml.MoMLSimpleApplication@5144fb8e
----------------- Done invoking toplevel() on ptolemy.moml.MoMLSimpleApplication@5144fb8e
reloadAllAccessors: .Dictionary3

===========================================================================================
----------------- testing Wed Jun 20 05:05:59 UTC 2018 /home/travis/build/icyphy/ptII/ptolemy/actor/lib/test/auto/Dictionary4.xml
----------------- Instantiating /home/travis/build/icyphy/ptII/ptolemy/actor/lib/test/auto/Dictionary4.xml
2 ms. Memory: 885760K Free: 707753K (80%)
----------------- Invoking toplevel() on ptolemy.moml.MoMLSimpleApplication@6ca34ad2
----------------- Done invoking toplevel() on ptolemy.moml.MoMLSimpleApplication@6ca34ad2
reloadAllAccessors: .Dictionary4

===========================================================================================
----------------- testing Wed Jun 20 05:05:59 UTC 2018 /home/travis/build/icyphy/ptII/ptolemy/actor/lib/test/auto/Differential.xml
----------------- Instantiating /home/travis/build/icyphy/ptII/ptolemy/actor/lib/test/auto/Differential.xml
1 ms. Memory: 885760K Free: 699909K (79%)
----------------- Invoking toplevel() on ptolemy.moml.MoMLSimpleApplication@2f17b732
----------------- Done invoking toplevel() on ptolemy.moml.MoMLSimpleApplication@2f17b732
reloadAllAccessors: .Differential

===========================================================================================
----------------- testing Wed Jun 20 05:05:59 UTC 2018 /home/travis/build/icyphy/ptII/ptolemy/actor/lib/test/auto/Director.xml
----------------- Instantiating /home/travis/build/icyphy/ptII/ptolemy/actor/lib/test/auto/Director.xml
1 ms. Memory: 885760K Free: 692065K (78%)
----------------- Invoking toplevel() on ptolemy.moml.MoMLSimpleApplication@2ecb59b8
----------------- Done invoking toplevel() on ptolemy.moml.MoMLSimpleApplication@2ecb59b8
reloadAllAccessors: .Director

===========================================================================================
----------------- testing Wed Jun 20 05:05:59 UTC 2018 /home/travis/build/icyphy/ptII/ptolemy/actor/lib/test/auto/DiscreteClock.xml
----------------- Instantiating /home/travis/build/icyphy/ptII/ptolemy/actor/lib/test/auto/DiscreteClock.xml
1 ms. Memory: 885760K Free: 677232K (76%)
----------------- Invoking toplevel() on ptolemy.moml.MoMLSimpleApplication@a12b695
----------------- Done invoking toplevel() on ptolemy.moml.MoMLSimpleApplication@a12b695
reloadAllAccessors: .DiscreteClock

===========================================================================================
----------------- testing Wed Jun 20 05:05:59 UTC 2018 /home/travis/build/icyphy/ptII/ptolemy/actor/lib/test/auto/DiscreteClock10.xml
----------------- Instantiating /home/travis/build/icyphy/ptII/ptolemy/actor/lib/test/auto/DiscreteClock10.xml
2 ms. Memory: 885760K Free: 669388K (76%)
----------------- Invoking toplevel() on ptolemy.moml.MoMLSimpleApplication@7b2f1f3a
----------------- Done invoking toplevel() on ptolemy.moml.MoMLSimpleApplication@7b2f1f3a
reloadAllAccessors: .DiscreteClock10

===========================================================================================
----------------- testing Wed Jun 20 05:05:59 UTC 2018 /home/travis/build/icyphy/ptII/ptolemy/actor/lib/test/auto/DiscreteClock11.xml
----------------- Instantiating /home/travis/build/icyphy/ptII/ptolemy/actor/lib/test/auto/DiscreteClock11.xml
2 ms. Memory: 885760K Free: 661544K (75%)
----------------- Invoking toplevel() on ptolemy.moml.MoMLSimpleApplication@79b9ff68
----------------- Done invoking toplevel() on ptolemy.moml.MoMLSimpleApplication@79b9ff68
reloadAllAccessors: .DiscreteClock11

===========================================================================================
----------------- testing Wed Jun 20 05:05:59 UTC 2018 /home/travis/build/icyphy/ptII/ptolemy/actor/lib/test/auto/DiscreteClock12.xml
----------------- Instantiating /home/travis/build/icyphy/ptII/ptolemy/actor/lib/test/auto/DiscreteClock12.xml
2 ms. Memory: 885760K Free: 646710K (73%)
----------------- Invoking toplevel() on ptolemy.moml.MoMLSimpleApplication@59bbc0f
----------------- Done invoking toplevel() on ptolemy.moml.MoMLSimpleApplication@59bbc0f
reloadAllAccessors: .DiscreteClock12

===========================================================================================
----------------- testing Wed Jun 20 05:05:59 UTC 2018 /home/travis/build/icyphy/ptII/ptolemy/actor/lib/test/auto/DiscreteClock13.xml
----------------- Instantiating /home/travis/build/icyphy/ptII/ptolemy/actor/lib/test/auto/DiscreteClock13.xml
2 ms. Memory: 885760K Free: 638867K (72%)
----------------- Invoking toplevel() on ptolemy.moml.MoMLSimpleApplication@2f71c10e
----------------- Done invoking toplevel() on ptolemy.moml.MoMLSimpleApplication@2f71c10e
reloadAllAccessors: .DiscreteClock13

===========================================================================================
----------------- testing Wed Jun 20 05:05:59 UTC 2018 /home/travis/build/icyphy/ptII/ptolemy/actor/lib/test/auto/DiscreteClock14.xml
----------------- Instantiating /home/travis/build/icyphy/ptII/ptolemy/actor/lib/test/auto/DiscreteClock14.xml
2 ms. Memory: 885760K Free: 631023K (71%)
----------------- Invoking toplevel() on ptolemy.moml.MoMLSimpleApplication@2241c11f
----------------- Done invoking toplevel() on ptolemy.moml.MoMLSimpleApplication@2241c11f
reloadAllAccessors: .DiscreteClock14

===========================================================================================
----------------- testing Wed Jun 20 05:05:59 UTC 2018 /home/travis/build/icyphy/ptII/ptolemy/actor/lib/test/auto/DiscreteClock15.xml
----------------- Instantiating /home/travis/build/icyphy/ptII/ptolemy/actor/lib/test/auto/DiscreteClock15.xml
1 ms. Memory: 885760K Free: 616189K (70%)
----------------- Invoking toplevel() on ptolemy.moml.MoMLSimpleApplication@549d18f9
----------------- Done invoking toplevel() on ptolemy.moml.MoMLSimpleApplication@549d18f9
reloadAllAccessors: .DiscreteClock15

===========================================================================================
----------------- testing Wed Jun 20 05:05:59 UTC 2018 /home/travis/build/icyphy/ptII/ptolemy/actor/lib/test/auto/DiscreteClock16.xml
----------------- Instantiating /home/travis/build/icyphy/ptII/ptolemy/actor/lib/test/auto/DiscreteClock16.xml
509 ms. Memory: 1373184K Free: 1329826K (97%)
----------------- Invoking toplevel() on ptolemy.moml.MoMLSimpleApplication@248daf39
----------------- Done invoking toplevel() on ptolemy.moml.MoMLSimpleApplication@248daf39
reloadAllAccessors: .DiscreteClock16

===========================================================================================
----------------- testing Wed Jun 20 05:05:59 UTC 2018 /home/travis/build/icyphy/ptII/ptolemy/actor/lib/test/auto/DiscreteClock17.xml
----------------- Instantiating /home/travis/build/icyphy/ptII/ptolemy/actor/lib/test/auto/DiscreteClock17.xml
16 ms. Memory: 1373184K Free: 1293530K (94%)
----------------- Invoking toplevel() on ptolemy.moml.MoMLSimpleApplication@391bf5c2
----------------- Done invoking toplevel() on ptolemy.moml.MoMLSimpleApplication@391bf5c2
reloadAllAccessors: .DiscreteClock17

===========================================================================================
----------------- testing Wed Jun 20 05:06:00 UTC 2018 /home/travis/build/icyphy/ptII/ptolemy/actor/lib/test/auto/DiscreteClock18.xml
----------------- Instantiating /home/travis/build/icyphy/ptII/ptolemy/actor/lib/test/auto/DiscreteClock18.xml
25 ms. Memory: 1373184K Free: 1274528K (93%)
----------------- Invoking toplevel() on ptolemy.moml.MoMLSimpleApplication@22c1e17
----------------- Done invoking toplevel() on ptolemy.moml.MoMLSimpleApplication@22c1e17
reloadAllAccessors: .DiscreteClock18

===========================================================================================
----------------- testing Wed Jun 20 05:06:00 UTC 2018 /home/travis/build/icyphy/ptII/ptolemy/actor/lib/test/auto/DiscreteClock19.xml
----------------- Instantiating /home/travis/build/icyphy/ptII/ptolemy/actor/lib/test/auto/DiscreteClock19.xml
22 ms. Memory: 1373184K Free: 1255689K (91%)
----------------- Invoking toplevel() on ptolemy.moml.MoMLSimpleApplication@81e7c5d
----------------- Done invoking toplevel() on ptolemy.moml.MoMLSimpleApplication@81e7c5d
reloadAllAccessors: .DiscreteClock19

===========================================================================================
----------------- testing Wed Jun 20 05:06:00 UTC 2018 /home/travis/build/icyphy/ptII/ptolemy/actor/lib/test/auto/DiscreteClock2.xml
----------------- Instantiating /home/travis/build/icyphy/ptII/ptolemy/actor/lib/test/auto/DiscreteClock2.xml
6 ms. Memory: 1373184K Free: 1243140K (91%)
----------------- Invoking toplevel() on ptolemy.moml.MoMLSimpleApplication@6b06b38d
----------------- Done invoking toplevel() on ptolemy.moml.MoMLSimpleApplication@6b06b38d
reloadAllAccessors: .DiscreteClock2

===========================================================================================
----------------- testing Wed Jun 20 05:06:00 UTC 2018 /home/travis/build/icyphy/ptII/ptolemy/actor/lib/test/auto/DiscreteClock20.xml
----------------- Instantiating /home/travis/build/icyphy/ptII/ptolemy/actor/lib/test/auto/DiscreteClock20.xml
12 ms. Memory: 1373184K Free: 1219408K (89%)
----------------- Invoking toplevel() on ptolemy.moml.MoMLSimpleApplication@151335f0
----------------- Done invoking toplevel() on ptolemy.moml.MoMLSimpleApplication@151335f0
reloadAllAccessors: .DiscreteClock20

===========================================================================================
----------------- testing Wed Jun 20 05:06:00 UTC 2018 /home/travis/build/icyphy/ptII/ptolemy/actor/lib/test/auto/DiscreteClock21.xml
----------------- Instantiating /home/travis/build/icyphy/ptII/ptolemy/actor/lib/test/auto/DiscreteClock21.xml
3 ms. Memory: 1373184K Free: 1206859K (88%)
----------------- Invoking toplevel() on ptolemy.moml.MoMLSimpleApplication@1e0c7628
----------------- Done invoking toplevel() on ptolemy.moml.MoMLSimpleApplication@1e0c7628
reloadAllAccessors: .DiscreteClock21

===========================================================================================
----------------- testing Wed Jun 20 05:06:00 UTC 2018 /home/travis/build/icyphy/ptII/ptolemy/actor/lib/test/auto/DiscreteClock22.xml
----------------- Instantiating /home/travis/build/icyphy/ptII/ptolemy/actor/lib/test/auto/DiscreteClock22.xml
7 ms. Memory: 1373184K Free: 1194310K (87%)
----------------- Invoking toplevel() on ptolemy.moml.MoMLSimpleApplication@68f5ab00
----------------- Done invoking toplevel() on ptolemy.moml.MoMLSimpleApplication@68f5ab00
reloadAllAccessors: .DiscreteClock22

===========================================================================================
----------------- testing Wed Jun 20 05:06:00 UTC 2018 /home/travis/build/icyphy/ptII/ptolemy/actor/lib/test/auto/DiscreteClock23.xml
----------------- Instantiating /home/travis/build/icyphy/ptII/ptolemy/actor/lib/test/auto/DiscreteClock23.xml
11 ms. Memory: 1373184K Free: 1181761K (86%)
----------------- Invoking toplevel() on ptolemy.moml.MoMLSimpleApplication@4cec265c
----------------- Done invoking toplevel() on ptolemy.moml.MoMLSimpleApplication@4cec265c
reloadAllAccessors: .DiscreteClock23

===========================================================================================
----------------- testing Wed Jun 20 05:06:00 UTC 2018 /home/travis/build/icyphy/ptII/ptolemy/actor/lib/test/auto/DiscreteClock24.xml
----------------- Instantiating /home/travis/build/icyphy/ptII/ptolemy/actor/lib/test/auto/DiscreteClock24.xml
6 ms. Memory: 1373184K Free: 1169212K (85%)
----------------- Invoking toplevel() on ptolemy.moml.MoMLSimpleApplication@50722273
----------------- Done invoking toplevel() on ptolemy.moml.MoMLSimpleApplication@50722273
reloadAllAccessors: .DiscreteClock24

===========================================================================================
----------------- testing Wed Jun 20 05:06:00 UTC 2018 /home/travis/build/icyphy/ptII/ptolemy/actor/lib/test/auto/DiscreteClock4.xml
----------------- Instantiating /home/travis/build/icyphy/ptII/ptolemy/actor/lib/test/auto/DiscreteClock4.xml
1 ms. Memory: 1373184K Free: 1145480K (83%)
----------------- Invoking toplevel() on ptolemy.moml.MoMLSimpleApplication@428b2ecb
----------------- Done invoking toplevel() on ptolemy.moml.MoMLSimpleApplication@428b2ecb
reloadAllAccessors: .DiscreteClock4

===========================================================================================
----------------- testing Wed Jun 20 05:06:00 UTC 2018 /home/travis/build/icyphy/ptII/ptolemy/actor/lib/test/auto/DiscreteClock5.xml
----------------- Instantiating /home/travis/build/icyphy/ptII/ptolemy/actor/lib/test/auto/DiscreteClock5.xml
1 ms. Memory: 1373184K Free: 1132931K (83%)
----------------- Invoking toplevel() on ptolemy.moml.MoMLSimpleApplication@5d6a5953
----------------- Done invoking toplevel() on ptolemy.moml.MoMLSimpleApplication@5d6a5953
reloadAllAccessors: .DiscreteClock5

===========================================================================================
----------------- testing Wed Jun 20 05:06:00 UTC 2018 /home/travis/build/icyphy/ptII/ptolemy/actor/lib/test/auto/DiscreteClock6.xml
----------------- Instantiating /home/travis/build/icyphy/ptII/ptolemy/actor/lib/test/auto/DiscreteClock6.xml
2 ms. Memory: 1373184K Free: 1120382K (82%)
----------------- Invoking toplevel() on ptolemy.moml.MoMLSimpleApplication@f431145
----------------- Done invoking toplevel() on ptolemy.moml.MoMLSimpleApplication@f431145
reloadAllAccessors: .DiscreteClock6

===========================================================================================
----------------- testing Wed Jun 20 05:06:00 UTC 2018 /home/travis/build/icyphy/ptII/ptolemy/actor/lib/test/auto/DiscreteClock7.xml
----------------- Instantiating /home/travis/build/icyphy/ptII/ptolemy/actor/lib/test/auto/DiscreteClock7.xml
1 ms. Memory: 1373184K Free: 1107833K (81%)
----------------- Invoking toplevel() on ptolemy.moml.MoMLSimpleApplication@644cdb3d
----------------- Done invoking toplevel() on ptolemy.moml.MoMLSimpleApplication@644cdb3d
reloadAllAccessors: .DiscreteClock7

===========================================================================================
----------------- testing Wed Jun 20 05:06:00 UTC 2018 /home/travis/build/icyphy/ptII/ptolemy/actor/lib/test/auto/DiscreteClock8.xml
----------------- Instantiating /home/travis/build/icyphy/ptII/ptolemy/actor/lib/test/auto/DiscreteClock8.xml
1 ms. Memory: 1373184K Free: 1095284K (80%)
----------------- Invoking toplevel() on ptolemy.moml.MoMLSimpleApplication@7f99945
----------------- Done invoking toplevel() on ptolemy.moml.MoMLSimpleApplication@7f99945
reloadAllAccessors: .DiscreteClock8

===========================================================================================
----------------- testing Wed Jun 20 05:06:00 UTC 2018 /home/travis/build/icyphy/ptII/ptolemy/actor/lib/test/auto/DiscreteClock9.xml
----------------- Instantiating /home/travis/build/icyphy/ptII/ptolemy/actor/lib/test/auto/DiscreteClock9.xml
1 ms. Memory: 1373184K Free: 1071552K (78%)
----------------- Invoking toplevel() on ptolemy.moml.MoMLSimpleApplication@5d6d42a0
----------------- Done invoking toplevel() on ptolemy.moml.MoMLSimpleApplication@5d6d42a0
reloadAllAccessors: .DiscreteClock9

===========================================================================================
----------------- testing Wed Jun 20 05:06:00 UTC 2018 /home/travis/build/icyphy/ptII/ptolemy/actor/lib/test/auto/DisplayArray.xml
----------------- Instantiating /home/travis/build/icyphy/ptII/ptolemy/actor/lib/test/auto/DisplayArray.xml
1 ms. Memory: 1373184K Free: 1059003K (77%)
----------------- Invoking toplevel() on ptolemy.moml.MoMLSimpleApplication@7b0f319a
----------------- Done invoking toplevel() on ptolemy.moml.MoMLSimpleApplication@7b0f319a
reloadAllAccessors: .DisplayArray

===========================================================================================
----------------- testing Wed Jun 20 05:06:00 UTC 2018 /home/travis/build/icyphy/ptII/ptolemy/actor/lib/test/auto/Distributor.xml
----------------- Instantiating /home/travis/build/icyphy/ptII/ptolemy/actor/lib/test/auto/Distributor.xml
2 ms. Memory: 1373184K Free: 1046454K (76%)
----------------- Invoking toplevel() on ptolemy.moml.MoMLSimpleApplication@48c235e9
----------------- Done invoking toplevel() on ptolemy.moml.MoMLSimpleApplication@48c235e9
reloadAllAccessors: .Distributor

===========================================================================================
----------------- testing Wed Jun 20 05:06:00 UTC 2018 /home/travis/build/icyphy/ptII/ptolemy/actor/lib/test/auto/Distributor2.xml
----------------- Instantiating /home/travis/build/icyphy/ptII/ptolemy/actor/lib/test/auto/Distributor2.xml
1 ms. Memory: 1373184K Free: 1033905K (75%)
----------------- Invoking toplevel() on ptolemy.moml.MoMLSimpleApplication@34d54b72
----------------- Done invoking toplevel() on ptolemy.moml.MoMLSimpleApplication@34d54b72
reloadAllAccessors: .Distributor2

===========================================================================================
----------------- testing Wed Jun 20 05:06:00 UTC 2018 /home/travis/build/icyphy/ptII/ptolemy/actor/lib/test/auto/DownSample.xml
----------------- Instantiating /home/travis/build/icyphy/ptII/ptolemy/actor/lib/test/auto/DownSample.xml
1 ms. Memory: 1373184K Free: 1021356K (74%)
----------------- Invoking toplevel() on ptolemy.moml.MoMLSimpleApplication@19f8dc02
----------------- Done invoking toplevel() on ptolemy.moml.MoMLSimpleApplication@19f8dc02
reloadAllAccessors: .DownSample

===========================================================================================
----------------- testing Wed Jun 20 05:06:00 UTC 2018 /home/travis/build/icyphy/ptII/ptolemy/actor/lib/test/auto/ElectronicUnitBase1.xml
----------------- Instantiating /home/travis/build/icyphy/ptII/ptolemy/actor/lib/test/auto/ElectronicUnitBase1.xml
17 ms. Memory: 1373184K Free: 985067K (72%)
----------------- Invoking toplevel() on ptolemy.moml.MoMLSimpleApplication@19ccfe75
----------------- Done invoking toplevel() on ptolemy.moml.MoMLSimpleApplication@19ccfe75
reloadAllAccessors: .ElectronicUnitBase1

===========================================================================================
----------------- testing Wed Jun 20 05:06:00 UTC 2018 /home/travis/build/icyphy/ptII/ptolemy/actor/lib/test/auto/ElementsToArray.xml
----------------- Instantiating /home/travis/build/icyphy/ptII/ptolemy/actor/lib/test/auto/ElementsToArray.xml
2 ms. Memory: 1373184K Free: 972518K (71%)
----------------- Invoking toplevel() on ptolemy.moml.MoMLSimpleApplication@5de79d66
----------------- Done invoking toplevel() on ptolemy.moml.MoMLSimpleApplication@5de79d66
reloadAllAccessors: .ElementsToArray

===========================================================================================
----------------- testing Wed Jun 20 05:06:00 UTC 2018 /home/travis/build/icyphy/ptII/ptolemy/actor/lib/test/auto/Equals.xml
----------------- Instantiating /home/travis/build/icyphy/ptII/ptolemy/actor/lib/test/auto/Equals.xml
1 ms. Memory: 1373184K Free: 959969K (70%)
----------------- Invoking toplevel() on ptolemy.moml.MoMLSimpleApplication@345a11d4
----------------- Done invoking toplevel() on ptolemy.moml.MoMLSimpleApplication@345a11d4
reloadAllAccessors: .Equals

===========================================================================================
----------------- testing Wed Jun 20 05:06:00 UTC 2018 /home/travis/build/icyphy/ptII/ptolemy/actor/lib/test/auto/Exec.xml
----------------- Instantiating /home/travis/build/icyphy/ptII/ptolemy/actor/lib/test/auto/Exec.xml
7 ms. Memory: 1373184K Free: 928596K (68%)
----------------- Invoking toplevel() on ptolemy.moml.MoMLSimpleApplication@67581ac7
----------------- Done invoking toplevel() on ptolemy.moml.MoMLSimpleApplication@67581ac7
reloadAllAccessors: .Exec

===========================================================================================
----------------- testing Wed Jun 20 05:06:00 UTC 2018 /home/travis/build/icyphy/ptII/ptolemy/actor/lib/test/auto/ExecEnvironment.xml
----------------- Instantiating /home/travis/build/icyphy/ptII/ptolemy/actor/lib/test/auto/ExecEnvironment.xml
26 ms. Memory: 1373184K Free: 904864K (66%)
----------------- Invoking toplevel() on ptolemy.moml.MoMLSimpleApplication@240e357e
----------------- Done invoking toplevel() on ptolemy.moml.MoMLSimpleApplication@240e357e
reloadAllAccessors: .ExecEnvironment

===========================================================================================
----------------- testing Wed Jun 20 05:06:00 UTC 2018 /home/travis/build/icyphy/ptII/ptolemy/actor/lib/test/auto/ExecNonZeroReturnOutput.xml
----------------- Instantiating /home/travis/build/icyphy/ptII/ptolemy/actor/lib/test/auto/ExecNonZeroReturnOutput.xml
131 ms. Memory: 1373184K Free: 810745K (59%)
----------------- Invoking toplevel() on ptolemy.moml.MoMLSimpleApplication@638e8f16
----------------- Done invoking toplevel() on ptolemy.moml.MoMLSimpleApplication@638e8f16
reloadAllAccessors: .ExecNonZeroReturnOutput

===========================================================================================
----------------- testing Wed Jun 20 05:06:00 UTC 2018 /home/travis/build/icyphy/ptII/ptolemy/actor/lib/test/auto/ExecRunDemos.xml
----------------- Instantiating /home/travis/build/icyphy/ptII/ptolemy/actor/lib/test/auto/ExecRunDemos.xml
Finished: 59 ms. Memory: 116224K Free: 100086K (86%)

Finished: 57 ms. Memory: 116224K Free: 96358K (83%)

Finished: 49 ms. Memory: 116224K Free: 96950K (83%)

Finished: 49 ms. Memory: 116224K Free: 98236K (85%)

Finished: 44 ms. Memory: 116224K Free: 100059K (86%)

9382 ms. Memory: 1373184K Free: 722871K (53%)
----------------- Invoking toplevel() on ptolemy.moml.MoMLSimpleApplication@734b72f0
----------------- Done invoking toplevel() on ptolemy.moml.MoMLSimpleApplication@734b72f0
reloadAllAccessors: .ExecRunDemos

===========================================================================================
----------------- testing Wed Jun 20 05:06:10 UTC 2018 /home/travis/build/icyphy/ptII/ptolemy/actor/lib/test/auto/ExecStop.xml
----------------- Instantiating /home/travis/build/icyphy/ptII/ptolemy/actor/lib/test/auto/ExecStop.xml
5008 ms. Memory: 1373184K Free: 484436K (35%)
----------------- Invoking toplevel() on ptolemy.moml.MoMLSimpleApplication@1f5d06be
----------------- Done invoking toplevel() on ptolemy.moml.MoMLSimpleApplication@1f5d06be
reloadAllAccessors: .ExecStop

===========================================================================================
----------------- testing Wed Jun 20 05:06:15 UTC 2018 /home/travis/build/icyphy/ptII/ptolemy/actor/lib/test/auto/ExecutionTimeSDF.xml
----------------- Instantiating /home/travis/build/icyphy/ptII/ptolemy/actor/lib/test/auto/ExecutionTimeSDF.xml
Fired ExecutionTime: 1039600000
Fired ExecutionTime: 1001600000
Fired ExecutionTime: -1660167296
6005 ms. Memory: 1373184K Free: 465597K (34%)
----------------- Invoking toplevel() on ptolemy.moml.MoMLSimpleApplication@3492d3ac
----------------- Done invoking toplevel() on ptolemy.moml.MoMLSimpleApplication@3492d3ac
reloadAllAccessors: .ExecutionTimeSDF

===========================================================================================
----------------- testing Wed Jun 20 05:06:21 UTC 2018 /home/travis/build/icyphy/ptII/ptolemy/actor/lib/test/auto/Expression1.xml
----------------- Instantiating /home/travis/build/icyphy/ptII/ptolemy/actor/lib/test/auto/Expression1.xml
2 ms. Memory: 1373184K Free: 441865K (32%)
----------------- Invoking toplevel() on ptolemy.moml.MoMLSimpleApplication@76efbd0a
----------------- Done invoking toplevel() on ptolemy.moml.MoMLSimpleApplication@76efbd0a
reloadAllAccessors: .Expression1

===========================================================================================
----------------- testing Wed Jun 20 05:06:21 UTC 2018 /home/travis/build/icyphy/ptII/ptolemy/actor/lib/test/auto/Expression10.xml
----------------- Instantiating /home/travis/build/icyphy/ptII/ptolemy/actor/lib/test/auto/Expression10.xml
10 ms. Memory: 1373184K Free: 429316K (31%)
----------------- Invoking toplevel() on ptolemy.moml.MoMLSimpleApplication@4ab28666
----------------- Done invoking toplevel() on ptolemy.moml.MoMLSimpleApplication@4ab28666
reloadAllAccessors: .Expression10

===========================================================================================
----------------- testing Wed Jun 20 05:06:21 UTC 2018 /home/travis/build/icyphy/ptII/ptolemy/actor/lib/test/auto/Expression11.xml
----------------- Instantiating /home/travis/build/icyphy/ptII/ptolemy/actor/lib/test/auto/Expression11.xml
2 ms. Memory: 1373184K Free: 416766K (30%)
----------------- Invoking toplevel() on ptolemy.moml.MoMLSimpleApplication@56919dac
----------------- Done invoking toplevel() on ptolemy.moml.MoMLSimpleApplication@56919dac
reloadAllAccessors: .Expression11

===========================================================================================
----------------- testing Wed Jun 20 05:06:21 UTC 2018 /home/travis/build/icyphy/ptII/ptolemy/actor/lib/test/auto/Expression12.xml
----------------- Instantiating /home/travis/build/icyphy/ptII/ptolemy/actor/lib/test/auto/Expression12.xml
3 ms. Memory: 1373184K Free: 404217K (29%)
----------------- Invoking toplevel() on ptolemy.moml.MoMLSimpleApplication@322e001c
----------------- Done invoking toplevel() on ptolemy.moml.MoMLSimpleApplication@322e001c
reloadAllAccessors: .Expression12

===========================================================================================
----------------- testing Wed Jun 20 05:06:21 UTC 2018 /home/travis/build/icyphy/ptII/ptolemy/actor/lib/test/auto/Expression13.xml
----------------- Instantiating /home/travis/build/icyphy/ptII/ptolemy/actor/lib/test/auto/Expression13.xml
3 ms. Memory: 1373184K Free: 391668K (29%)
----------------- Invoking toplevel() on ptolemy.moml.MoMLSimpleApplication@6cc2355d
----------------- Done invoking toplevel() on ptolemy.moml.MoMLSimpleApplication@6cc2355d
reloadAllAccessors: .Expression13

===========================================================================================
----------------- testing Wed Jun 20 05:06:21 UTC 2018 /home/travis/build/icyphy/ptII/ptolemy/actor/lib/test/auto/Expression14.xml
----------------- Instantiating /home/travis/build/icyphy/ptII/ptolemy/actor/lib/test/auto/Expression14.xml
4 ms. Memory: 1373184K Free: 367937K (27%)
----------------- Invoking toplevel() on ptolemy.moml.MoMLSimpleApplication@1bf79909
----------------- Done invoking toplevel() on ptolemy.moml.MoMLSimpleApplication@1bf79909
reloadAllAccessors: .Expression14

===========================================================================================
----------------- testing Wed Jun 20 05:06:21 UTC 2018 /home/travis/build/icyphy/ptII/ptolemy/actor/lib/test/auto/Expression15.xml
----------------- Instantiating /home/travis/build/icyphy/ptII/ptolemy/actor/lib/test/auto/Expression15.xml
2 ms. Memory: 1373184K Free: 355387K (26%)
----------------- Invoking toplevel() on ptolemy.moml.MoMLSimpleApplication@7bdb81be
----------------- Done invoking toplevel() on ptolemy.moml.MoMLSimpleApplication@7bdb81be
reloadAllAccessors: .Expression15

===========================================================================================
----------------- testing Wed Jun 20 05:06:21 UTC 2018 /home/travis/build/icyphy/ptII/ptolemy/actor/lib/test/auto/Expression16.xml
----------------- Instantiating /home/travis/build/icyphy/ptII/ptolemy/actor/lib/test/auto/Expression16.xml
3 ms. Memory: 1373184K Free: 342838K (25%)
----------------- Invoking toplevel() on ptolemy.moml.MoMLSimpleApplication@440884fa
----------------- Done invoking toplevel() on ptolemy.moml.MoMLSimpleApplication@440884fa
reloadAllAccessors: .Expression16

===========================================================================================
----------------- testing Wed Jun 20 05:06:21 UTC 2018 /home/travis/build/icyphy/ptII/ptolemy/actor/lib/test/auto/Expression17.xml
----------------- Instantiating /home/travis/build/icyphy/ptII/ptolemy/actor/lib/test/auto/Expression17.xml
3 ms. Memory: 1373184K Free: 330289K (24%)
----------------- Invoking toplevel() on ptolemy.moml.MoMLSimpleApplication@612a13c9
----------------- Done invoking toplevel() on ptolemy.moml.MoMLSimpleApplication@612a13c9
reloadAllAccessors: .Expression17

===========================================================================================
----------------- testing Wed Jun 20 05:06:21 UTC 2018 /home/travis/build/icyphy/ptII/ptolemy/actor/lib/test/auto/Expression18.xml
----------------- Instantiating /home/travis/build/icyphy/ptII/ptolemy/actor/lib/test/auto/Expression18.xml
3 ms. Memory: 1373184K Free: 317740K (23%)
----------------- Invoking toplevel() on ptolemy.moml.MoMLSimpleApplication@6ce0daa2
----------------- Done invoking toplevel() on ptolemy.moml.MoMLSimpleApplication@6ce0daa2
reloadAllAccessors: .Expression18

===========================================================================================
----------------- testing Wed Jun 20 05:06:21 UTC 2018 /home/travis/build/icyphy/ptII/ptolemy/actor/lib/test/auto/Expression2.xml
----------------- Instantiating /home/travis/build/icyphy/ptII/ptolemy/actor/lib/test/auto/Expression2.xml
3 ms. Memory: 1373184K Free: 294009K (21%)
----------------- Invoking toplevel() on ptolemy.moml.MoMLSimpleApplication@68ad97c1
----------------- Done invoking toplevel() on ptolemy.moml.MoMLSimpleApplication@68ad97c1
reloadAllAccessors: .Expression2

===========================================================================================
----------------- testing Wed Jun 20 05:06:21 UTC 2018 /home/travis/build/icyphy/ptII/ptolemy/actor/lib/test/auto/Expression3.xml
----------------- Instantiating /home/travis/build/icyphy/ptII/ptolemy/actor/lib/test/auto/Expression3.xml
7 ms. Memory: 1373184K Free: 281460K (20%)
----------------- Invoking toplevel() on ptolemy.moml.MoMLSimpleApplication@67a11fcb
----------------- Done invoking toplevel() on ptolemy.moml.MoMLSimpleApplication@67a11fcb
reloadAllAccessors: .Expression3

===========================================================================================
----------------- testing Wed Jun 20 05:06:21 UTC 2018 /home/travis/build/icyphy/ptII/ptolemy/actor/lib/test/auto/Expression4.xml
----------------- Instantiating /home/travis/build/icyphy/ptII/ptolemy/actor/lib/test/auto/Expression4.xml
5 ms. Memory: 1373184K Free: 268910K (20%)
----------------- Invoking toplevel() on ptolemy.moml.MoMLSimpleApplication@42a63597
----------------- Done invoking toplevel() on ptolemy.moml.MoMLSimpleApplication@42a63597
reloadAllAccessors: .Expression4

===========================================================================================
----------------- testing Wed Jun 20 05:06:21 UTC 2018 /home/travis/build/icyphy/ptII/ptolemy/actor/lib/test/auto/Expression5.xml
----------------- Instantiating /home/travis/build/icyphy/ptII/ptolemy/actor/lib/test/auto/Expression5.xml
7 ms. Memory: 1373184K Free: 256361K (19%)
----------------- Invoking toplevel() on ptolemy.moml.MoMLSimpleApplication@599e0be4
----------------- Done invoking toplevel() on ptolemy.moml.MoMLSimpleApplication@599e0be4
reloadAllAccessors: .Expression5

===========================================================================================
----------------- testing Wed Jun 20 05:06:21 UTC 2018 /home/travis/build/icyphy/ptII/ptolemy/actor/lib/test/auto/Expression6.xml
----------------- Instantiating /home/travis/build/icyphy/ptII/ptolemy/actor/lib/test/auto/Expression6.xml
2 ms. Memory: 1373184K Free: 243812K (18%)
----------------- Invoking toplevel() on ptolemy.moml.MoMLSimpleApplication@2fd86090
----------------- Done invoking toplevel() on ptolemy.moml.MoMLSimpleApplication@2fd86090
reloadAllAccessors: .Expression6

===========================================================================================
----------------- testing Wed Jun 20 05:06:21 UTC 2018 /home/travis/build/icyphy/ptII/ptolemy/actor/lib/test/auto/Expression7.xml
----------------- Instantiating /home/travis/build/icyphy/ptII/ptolemy/actor/lib/test/auto/Expression7.xml
4 ms. Memory: 1373184K Free: 220080K (16%)
----------------- Invoking toplevel() on ptolemy.moml.MoMLSimpleApplication@38f96127
----------------- Done invoking toplevel() on ptolemy.moml.MoMLSimpleApplication@38f96127
reloadAllAccessors: .Expression7

===========================================================================================
----------------- testing Wed Jun 20 05:06:21 UTC 2018 /home/travis/build/icyphy/ptII/ptolemy/actor/lib/test/auto/Expression8.xml
----------------- Instantiating /home/travis/build/icyphy/ptII/ptolemy/actor/lib/test/auto/Expression8.xml
10 ms. Memory: 1373184K Free: 207531K (15%)
----------------- Invoking toplevel() on ptolemy.moml.MoMLSimpleApplication@1019e4e3
----------------- Done invoking toplevel() on ptolemy.moml.MoMLSimpleApplication@1019e4e3
reloadAllAccessors: .Expression8

===========================================================================================
----------------- testing Wed Jun 20 05:06:21 UTC 2018 /home/travis/build/icyphy/ptII/ptolemy/actor/lib/test/auto/Expression9.xml
----------------- Instantiating /home/travis/build/icyphy/ptII/ptolemy/actor/lib/test/auto/Expression9.xml
2 ms. Memory: 1373184K Free: 194982K (14%)
----------------- Invoking toplevel() on ptolemy.moml.MoMLSimpleApplication@3a92e3aa
----------------- Done invoking toplevel() on ptolemy.moml.MoMLSimpleApplication@3a92e3aa
reloadAllAccessors: .Expression9

===========================================================================================
----------------- testing Wed Jun 20 05:06:21 UTC 2018 /home/travis/build/icyphy/ptII/ptolemy/actor/lib/test/auto/ExpressionConcatenateArrayType.xml
----------------- Instantiating /home/travis/build/icyphy/ptII/ptolemy/actor/lib/test/auto/ExpressionConcatenateArrayType.xml
3 ms. Memory: 1373184K Free: 182433K (13%)
----------------- Invoking toplevel() on ptolemy.moml.MoMLSimpleApplication@205cca8e
----------------- Done invoking toplevel() on ptolemy.moml.MoMLSimpleApplication@205cca8e
reloadAllAccessors: .ExpressionConcatenateArrayType

===========================================================================================
----------------- testing Wed Jun 20 05:06:21 UTC 2018 /home/travis/build/icyphy/ptII/ptolemy/actor/lib/test/auto/ExpressionConcatenateArrayType2.xml
----------------- Instantiating /home/travis/build/icyphy/ptII/ptolemy/actor/lib/test/auto/ExpressionConcatenateArrayType2.xml
3 ms. Memory: 1373184K Free: 169884K (12%)
----------------- Invoking toplevel() on ptolemy.moml.MoMLSimpleApplication@1c58e526
----------------- Done invoking toplevel() on ptolemy.moml.MoMLSimpleApplication@1c58e526
reloadAllAccessors: .ExpressionConcatenateArrayType2

===========================================================================================
----------------- testing Wed Jun 20 05:06:21 UTC 2018 /home/travis/build/icyphy/ptII/ptolemy/actor/lib/test/auto/ExpressionFix.xml
----------------- Instantiating /home/travis/build/icyphy/ptII/ptolemy/actor/lib/test/auto/ExpressionFix.xml
22 ms. Memory: 1373184K Free: 146152K (11%)
----------------- Invoking toplevel() on ptolemy.moml.MoMLSimpleApplication@155f528d
----------------- Done invoking toplevel() on ptolemy.moml.MoMLSimpleApplication@155f528d
reloadAllAccessors: .ExpressionFix

===========================================================================================
----------------- testing Wed Jun 20 05:06:21 UTC 2018 /home/travis/build/icyphy/ptII/ptolemy/actor/lib/test/auto/ExpressionFix2.xml
----------------- Instantiating /home/travis/build/icyphy/ptII/ptolemy/actor/lib/test/auto/ExpressionFix2.xml
6 ms. Memory: 1373184K Free: 133603K (10%)
----------------- Invoking toplevel() on ptolemy.moml.MoMLSimpleApplication@5c442f9f
----------------- Done invoking toplevel() on ptolemy.moml.MoMLSimpleApplication@5c442f9f
reloadAllAccessors: .ExpressionFix2

===========================================================================================
----------------- testing Wed Jun 20 05:06:21 UTC 2018 /home/travis/build/icyphy/ptII/ptolemy/actor/lib/test/auto/ExpressionFix3.xml
----------------- Instantiating /home/travis/build/icyphy/ptII/ptolemy/actor/lib/test/auto/ExpressionFix3.xml
3 ms. Memory: 1373184K Free: 121054K (9%)
----------------- Invoking toplevel() on ptolemy.moml.MoMLSimpleApplication@6bdc22c7
----------------- Done invoking toplevel() on ptolemy.moml.MoMLSimpleApplication@6bdc22c7
reloadAllAccessors: .ExpressionFix3

===========================================================================================
----------------- testing Wed Jun 20 05:06:21 UTC 2018 /home/travis/build/icyphy/ptII/ptolemy/actor/lib/test/auto/FileWriter1.xml
----------------- Instantiating /home/travis/build/icyphy/ptII/ptolemy/actor/lib/test/auto/FileWriter1.xml
3 ms. Memory: 1373184K Free: 108505K (8%)
----------------- Invoking toplevel() on ptolemy.moml.MoMLSimpleApplication@5364d464
----------------- Done invoking toplevel() on ptolemy.moml.MoMLSimpleApplication@5364d464
reloadAllAccessors: .FileWriter1

===========================================================================================
----------------- testing Wed Jun 20 05:06:21 UTC 2018 /home/travis/build/icyphy/ptII/ptolemy/actor/lib/test/auto/FileWriter2.xml
----------------- Instantiating /home/travis/build/icyphy/ptII/ptolemy/actor/lib/test/auto/FileWriter2.xml
3 ms. Memory: 1373184K Free: 95956K (7%)
----------------- Invoking toplevel() on ptolemy.moml.MoMLSimpleApplication@6242b9d9
----------------- Done invoking toplevel() on ptolemy.moml.MoMLSimpleApplication@6242b9d9
reloadAllAccessors: .FileWriter2

===========================================================================================
----------------- testing Wed Jun 20 05:06:21 UTC 2018 /home/travis/build/icyphy/ptII/ptolemy/actor/lib/test/auto/FileWriter3.xml
----------------- Instantiating /home/travis/build/icyphy/ptII/ptolemy/actor/lib/test/auto/FileWriter3.xml
8 ms. Memory: 1373696K Free: 1332555K (97%)
----------------- Invoking toplevel() on ptolemy.moml.MoMLSimpleApplication@644d82a2
----------------- Done invoking toplevel() on ptolemy.moml.MoMLSimpleApplication@644d82a2
reloadAllAccessors: .FileWriter3

===========================================================================================
----------------- testing Wed Jun 20 05:06:21 UTC 2018 /home/travis/build/icyphy/ptII/ptolemy/actor/lib/test/auto/Gaussian.xml
----------------- Instantiating /home/travis/build/icyphy/ptII/ptolemy/actor/lib/test/auto/Gaussian.xml
1 ms. Memory: 1373696K Free: 1308739K (95%)
----------------- Invoking toplevel() on ptolemy.moml.MoMLSimpleApplication@63a2fe67
----------------- Done invoking toplevel() on ptolemy.moml.MoMLSimpleApplication@63a2fe67
reloadAllAccessors: .Gaussian

===========================================================================================
----------------- testing Wed Jun 20 05:06:21 UTC 2018 /home/travis/build/icyphy/ptII/ptolemy/actor/lib/test/auto/Gaussian1.xml
----------------- Instantiating /home/travis/build/icyphy/ptII/ptolemy/actor/lib/test/auto/Gaussian1.xml
2 ms. Memory: 1373696K Free: 1296190K (94%)
----------------- Invoking toplevel() on ptolemy.moml.MoMLSimpleApplication@2a15d4a8
----------------- Done invoking toplevel() on ptolemy.moml.MoMLSimpleApplication@2a15d4a8
reloadAllAccessors: .Gaussian1

===========================================================================================
----------------- testing Wed Jun 20 05:06:21 UTC 2018 /home/travis/build/icyphy/ptII/ptolemy/actor/lib/test/auto/Gaussian2.xml
----------------- Instantiating /home/travis/build/icyphy/ptII/ptolemy/actor/lib/test/auto/Gaussian2.xml
1 ms. Memory: 1373696K Free: 1283641K (93%)
----------------- Invoking toplevel() on ptolemy.moml.MoMLSimpleApplication@54a3df50
----------------- Done invoking toplevel() on ptolemy.moml.MoMLSimpleApplication@54a3df50
reloadAllAccessors: .Gaussian2

===========================================================================================
----------------- testing Wed Jun 20 05:06:21 UTC 2018 /home/travis/build/icyphy/ptII/ptolemy/actor/lib/test/auto/GradientAdaptiveLattice.xml
----------------- Instantiating /home/travis/build/icyphy/ptII/ptolemy/actor/lib/test/auto/GradientAdaptiveLattice.xml
9 ms. Memory: 1373696K Free: 1262962K (92%)
----------------- Invoking toplevel() on ptolemy.moml.MoMLSimpleApplication@7f450a72
----------------- Done invoking toplevel() on ptolemy.moml.MoMLSimpleApplication@7f450a72
reloadAllAccessors: .GradientAdaptiveLattice

===========================================================================================
----------------- testing Wed Jun 20 05:06:21 UTC 2018 /home/travis/build/icyphy/ptII/ptolemy/actor/lib/test/auto/IIR.xml
----------------- Instantiating /home/travis/build/icyphy/ptII/ptolemy/actor/lib/test/auto/IIR.xml
1 ms. Memory: 1373696K Free: 1250413K (91%)
----------------- Invoking toplevel() on ptolemy.moml.MoMLSimpleApplication@74aa062d
----------------- Done invoking toplevel() on ptolemy.moml.MoMLSimpleApplication@74aa062d
reloadAllAccessors: .IIR

===========================================================================================
----------------- testing Wed Jun 20 05:06:21 UTC 2018 /home/travis/build/icyphy/ptII/ptolemy/actor/lib/test/auto/InputOutputTransparentPorts.xml
----------------- Instantiating /home/travis/build/icyphy/ptII/ptolemy/actor/lib/test/auto/InputOutputTransparentPorts.xml
2 ms. Memory: 1373696K Free: 1237864K (90%)
----------------- Invoking toplevel() on ptolemy.moml.MoMLSimpleApplication@48ef5f9e
----------------- Done invoking toplevel() on ptolemy.moml.MoMLSimpleApplication@48ef5f9e
reloadAllAccessors: .InputOutputTransparentPorts

===========================================================================================
----------------- testing Wed Jun 20 05:06:21 UTC 2018 /home/travis/build/icyphy/ptII/ptolemy/actor/lib/test/auto/Interpolator.xml
----------------- Instantiating /home/travis/build/icyphy/ptII/ptolemy/actor/lib/test/auto/Interpolator.xml
5 ms. Memory: 1373696K Free: 1225315K (89%)
----------------- Invoking toplevel() on ptolemy.moml.MoMLSimpleApplication@7a253123
----------------- Done invoking toplevel() on ptolemy.moml.MoMLSimpleApplication@7a253123
reloadAllAccessors: .Interpolator

===========================================================================================
----------------- testing Wed Jun 20 05:06:21 UTC 2018 /home/travis/build/icyphy/ptII/ptolemy/actor/lib/test/auto/InterpolatorFiringLimitDE.xml
----------------- Instantiating /home/travis/build/icyphy/ptII/ptolemy/actor/lib/test/auto/InterpolatorFiringLimitDE.xml
3 ms. Memory: 1373696K Free: 1204636K (88%)
----------------- Invoking toplevel() on ptolemy.moml.MoMLSimpleApplication@3e928f56
----------------- Done invoking toplevel() on ptolemy.moml.MoMLSimpleApplication@3e928f56
reloadAllAccessors: .InterpolatorFiringLimitDE

===========================================================================================
----------------- testing Wed Jun 20 05:06:21 UTC 2018 /home/travis/build/icyphy/ptII/ptolemy/actor/lib/test/auto/Lattice.xml
----------------- Instantiating /home/travis/build/icyphy/ptII/ptolemy/actor/lib/test/auto/Lattice.xml
1 ms. Memory: 1373696K Free: 1192087K (87%)
----------------- Invoking toplevel() on ptolemy.moml.MoMLSimpleApplication@492faf4b
----------------- Done invoking toplevel() on ptolemy.moml.MoMLSimpleApplication@492faf4b
reloadAllAccessors: .Lattice

===========================================================================================
----------------- testing Wed Jun 20 05:06:21 UTC 2018 /home/travis/build/icyphy/ptII/ptolemy/actor/lib/test/auto/LazyAOCTestLazy.xml
----------------- Instantiating /home/travis/build/icyphy/ptII/ptolemy/actor/lib/test/auto/LazyAOCTestLazy.xml
8 ms. Memory: 1373696K Free: 1179537K (86%)
----------------- Invoking toplevel() on ptolemy.moml.MoMLSimpleApplication@75812b96
----------------- Done invoking toplevel() on ptolemy.moml.MoMLSimpleApplication@75812b96
reloadAllAccessors: .LazyAOCTestLazy

===========================================================================================
----------------- testing Wed Jun 20 05:06:22 UTC 2018 /home/travis/build/icyphy/ptII/ptolemy/actor/lib/test/auto/LazyAOCTestNonLazy.xml
----------------- Instantiating /home/travis/build/icyphy/ptII/ptolemy/actor/lib/test/auto/LazyAOCTestNonLazy.xml
4 ms. Memory: 1373696K Free: 1158859K (84%)
----------------- Invoking toplevel() on ptolemy.moml.MoMLSimpleApplication@7195a715
----------------- Done invoking toplevel() on ptolemy.moml.MoMLSimpleApplication@7195a715
reloadAllAccessors: .LazyAOCTestNonLazy

===========================================================================================
----------------- testing Wed Jun 20 05:06:22 UTC 2018 /home/travis/build/icyphy/ptII/ptolemy/actor/lib/test/auto/LazyInnerClass.xml
----------------- Instantiating /home/travis/build/icyphy/ptII/ptolemy/actor/lib/test/auto/LazyInnerClass.xml
23 ms. Memory: 1373696K Free: 1146310K (83%)
----------------- Invoking toplevel() on ptolemy.moml.MoMLSimpleApplication@47fd4a
----------------- Done invoking toplevel() on ptolemy.moml.MoMLSimpleApplication@47fd4a
reloadAllAccessors: .LazyInnerClass

===========================================================================================
----------------- testing Wed Jun 20 05:06:22 UTC 2018 /home/travis/build/icyphy/ptII/ptolemy/actor/lib/test/auto/LazyPubSub.xml
----------------- Instantiating /home/travis/build/icyphy/ptII/ptolemy/actor/lib/test/auto/LazyPubSub.xml
24 ms. Memory: 1373696K Free: 1133760K (83%)
----------------- Invoking toplevel() on ptolemy.moml.MoMLSimpleApplication@761d27d6
----------------- Done invoking toplevel() on ptolemy.moml.MoMLSimpleApplication@761d27d6
reloadAllAccessors: .LazyPubSub

===========================================================================================
----------------- testing Wed Jun 20 05:06:22 UTC 2018 /home/travis/build/icyphy/ptII/ptolemy/actor/lib/test/auto/LazyPubSub2.xml
----------------- Instantiating /home/travis/build/icyphy/ptII/ptolemy/actor/lib/test/auto/LazyPubSub2.xml
17 ms. Memory: 1373696K Free: 1121211K (82%)
----------------- Invoking toplevel() on ptolemy.moml.MoMLSimpleApplication@73f22d1c
----------------- Done invoking toplevel() on ptolemy.moml.MoMLSimpleApplication@73f22d1c
reloadAllAccessors: .LazyPubSub2

===========================================================================================
----------------- testing Wed Jun 20 05:06:22 UTC 2018 /home/travis/build/icyphy/ptII/ptolemy/actor/lib/test/auto/LazyPubSub3.xml
----------------- Instantiating /home/travis/build/icyphy/ptII/ptolemy/actor/lib/test/auto/LazyPubSub3.xml
10 ms. Memory: 1373696K Free: 1100422K (80%)
----------------- Invoking toplevel() on ptolemy.moml.MoMLSimpleApplication@42491d4a
----------------- Done invoking toplevel() on ptolemy.moml.MoMLSimpleApplication@42491d4a
reloadAllAccessors: .LazyPubSub3

===========================================================================================
----------------- testing Wed Jun 20 05:06:22 UTC 2018 /home/travis/build/icyphy/ptII/ptolemy/actor/lib/test/auto/LazySubClassModel.xml
----------------- Instantiating /home/travis/build/icyphy/ptII/ptolemy/actor/lib/test/auto/LazySubClassModel.xml
1 ms. Memory: 1373696K Free: 1081598K (79%)
----------------- Invoking toplevel() on ptolemy.moml.MoMLSimpleApplication@35fc42d3
----------------- Done invoking toplevel() on ptolemy.moml.MoMLSimpleApplication@35fc42d3
reloadAllAccessors: .LazySubClassModel

===========================================================================================
----------------- testing Wed Jun 20 05:06:22 UTC 2018 /home/travis/build/icyphy/ptII/ptolemy/actor/lib/test/auto/LevelCrossTest1.xml
----------------- Instantiating /home/travis/build/icyphy/ptII/ptolemy/actor/lib/test/auto/LevelCrossTest1.xml
2 ms. Memory: 1373696K Free: 1069049K (78%)
----------------- Invoking toplevel() on ptolemy.moml.MoMLSimpleApplication@7ef96817
----------------- Done invoking toplevel() on ptolemy.moml.MoMLSimpleApplication@7ef96817
reloadAllAccessors: .broken

===========================================================================================
----------------- testing Wed Jun 20 05:06:22 UTC 2018 /home/travis/build/icyphy/ptII/ptolemy/actor/lib/test/auto/LevelCrossTest10.xml
----------------- Instantiating /home/travis/build/icyphy/ptII/ptolemy/actor/lib/test/auto/LevelCrossTest10.xml
1 ms. Memory: 1373696K Free: 1048370K (76%)
----------------- Invoking toplevel() on ptolemy.moml.MoMLSimpleApplication@24e72cc
----------------- Done invoking toplevel() on ptolemy.moml.MoMLSimpleApplication@24e72cc
reloadAllAccessors: .LevelCrossTest10

===========================================================================================
----------------- testing Wed Jun 20 05:06:22 UTC 2018 /home/travis/build/icyphy/ptII/ptolemy/actor/lib/test/auto/LevelCrossTest11.xml
----------------- Instantiating /home/travis/build/icyphy/ptII/ptolemy/actor/lib/test/auto/LevelCrossTest11.xml
1 ms. Memory: 1373696K Free: 1035821K (75%)
----------------- Invoking toplevel() on ptolemy.moml.MoMLSimpleApplication@271f6973
----------------- Done invoking toplevel() on ptolemy.moml.MoMLSimpleApplication@271f6973
reloadAllAccessors: .LevelCrossTest11

===========================================================================================
----------------- testing Wed Jun 20 05:06:22 UTC 2018 /home/travis/build/icyphy/ptII/ptolemy/actor/lib/test/auto/LevelCrossTest12.xml
----------------- Instantiating /home/travis/build/icyphy/ptII/ptolemy/actor/lib/test/auto/LevelCrossTest12.xml
1 ms. Memory: 1373696K Free: 1023272K (74%)
----------------- Invoking toplevel() on ptolemy.moml.MoMLSimpleApplication@2eb3a2f5
----------------- Done invoking toplevel() on ptolemy.moml.MoMLSimpleApplication@2eb3a2f5
reloadAllAccessors: .LevelCrossTest12

===========================================================================================
----------------- testing Wed Jun 20 05:06:22 UTC 2018 /home/travis/build/icyphy/ptII/ptolemy/actor/lib/test/auto/LevelCrossTest13.xml
----------------- Instantiating /home/travis/build/icyphy/ptII/ptolemy/actor/lib/test/auto/LevelCrossTest13.xml
1 ms. Memory: 1373696K Free: 1004432K (73%)
----------------- Invoking toplevel() on ptolemy.moml.MoMLSimpleApplication@4745d54e
----------------- Done invoking toplevel() on ptolemy.moml.MoMLSimpleApplication@4745d54e
reloadAllAccessors: .LevelCrossTest13

===========================================================================================
----------------- testing Wed Jun 20 05:06:22 UTC 2018 /home/travis/build/icyphy/ptII/ptolemy/actor/lib/test/auto/LevelCrossTest2.xml
----------------- Instantiating /home/travis/build/icyphy/ptII/ptolemy/actor/lib/test/auto/LevelCrossTest2.xml
1 ms. Memory: 1373696K Free: 983753K (72%)
----------------- Invoking toplevel() on ptolemy.moml.MoMLSimpleApplication@4b577655
----------------- Done invoking toplevel() on ptolemy.moml.MoMLSimpleApplication@4b577655
reloadAllAccessors: .broken

===========================================================================================
----------------- testing Wed Jun 20 05:06:22 UTC 2018 /home/travis/build/icyphy/ptII/ptolemy/actor/lib/test/auto/LevelCrossTest3.xml
----------------- Instantiating /home/travis/build/icyphy/ptII/ptolemy/actor/lib/test/auto/LevelCrossTest3.xml
1 ms. Memory: 1373696K Free: 971204K (71%)
----------------- Invoking toplevel() on ptolemy.moml.MoMLSimpleApplication@3cc860a0
----------------- Done invoking toplevel() on ptolemy.moml.MoMLSimpleApplication@3cc860a0
reloadAllAccessors: .LevelCrossTest3

===========================================================================================
----------------- testing Wed Jun 20 05:06:22 UTC 2018 /home/travis/build/icyphy/ptII/ptolemy/actor/lib/test/auto/LevelCrossTest4.xml
----------------- Instantiating /home/travis/build/icyphy/ptII/ptolemy/actor/lib/test/auto/LevelCrossTest4.xml
1 ms. Memory: 1373696K Free: 958655K (70%)
----------------- Invoking toplevel() on ptolemy.moml.MoMLSimpleApplication@11efee54
----------------- Done invoking toplevel() on ptolemy.moml.MoMLSimpleApplication@11efee54
reloadAllAccessors: .broken

===========================================================================================
----------------- testing Wed Jun 20 05:06:22 UTC 2018 /home/travis/build/icyphy/ptII/ptolemy/actor/lib/test/auto/LevelCrossTest5.xml
----------------- Instantiating /home/travis/build/icyphy/ptII/ptolemy/actor/lib/test/auto/LevelCrossTest5.xml
2 ms. Memory: 1373696K Free: 937976K (68%)
----------------- Invoking toplevel() on ptolemy.moml.MoMLSimpleApplication@6f45707f
----------------- Done invoking toplevel() on ptolemy.moml.MoMLSimpleApplication@6f45707f
reloadAllAccessors: .LevelCrossTest5

===========================================================================================
----------------- testing Wed Jun 20 05:06:22 UTC 2018 /home/travis/build/icyphy/ptII/ptolemy/actor/lib/test/auto/LevelCrossTest6.xml
----------------- Instantiating /home/travis/build/icyphy/ptII/ptolemy/actor/lib/test/auto/LevelCrossTest6.xml
1 ms. Memory: 1373696K Free: 925427K (67%)
----------------- Invoking toplevel() on ptolemy.moml.MoMLSimpleApplication@68444731
----------------- Done invoking toplevel() on ptolemy.moml.MoMLSimpleApplication@68444731
reloadAllAccessors: .LevelCrossTest6

===========================================================================================
----------------- testing Wed Jun 20 05:06:22 UTC 2018 /home/travis/build/icyphy/ptII/ptolemy/actor/lib/test/auto/LevelCrossTest7.xml
----------------- Instantiating /home/travis/build/icyphy/ptII/ptolemy/actor/lib/test/auto/LevelCrossTest7.xml
1 ms. Memory: 1373696K Free: 912878K (66%)
----------------- Invoking toplevel() on ptolemy.moml.MoMLSimpleApplication@75c9b33b
----------------- Done invoking toplevel() on ptolemy.moml.MoMLSimpleApplication@75c9b33b
reloadAllAccessors: .LevelCrossTest7

===========================================================================================
----------------- testing Wed Jun 20 05:06:22 UTC 2018 /home/travis/build/icyphy/ptII/ptolemy/actor/lib/test/auto/LevelCrossTest8.xml
----------------- Instantiating /home/travis/build/icyphy/ptII/ptolemy/actor/lib/test/auto/LevelCrossTest8.xml
1 ms. Memory: 1373696K Free: 900329K (66%)
----------------- Invoking toplevel() on ptolemy.moml.MoMLSimpleApplication@4ce3527d
----------------- Done invoking toplevel() on ptolemy.moml.MoMLSimpleApplication@4ce3527d
reloadAllAccessors: .LevelCrossTest8

===========================================================================================
----------------- testing Wed Jun 20 05:06:22 UTC 2018 /home/travis/build/icyphy/ptII/ptolemy/actor/lib/test/auto/LevelCrossTest9.xml
----------------- Instantiating /home/travis/build/icyphy/ptII/ptolemy/actor/lib/test/auto/LevelCrossTest9.xml
1 ms. Memory: 1373696K Free: 879650K (64%)
----------------- Invoking toplevel() on ptolemy.moml.MoMLSimpleApplication@231b6bb5
----------------- Done invoking toplevel() on ptolemy.moml.MoMLSimpleApplication@231b6bb5
reloadAllAccessors: .LevelCrossTest9

===========================================================================================
----------------- testing Wed Jun 20 05:06:22 UTC 2018 /home/travis/build/icyphy/ptII/ptolemy/actor/lib/test/auto/LevinsonDurbin.xml
----------------- Instantiating /home/travis/build/icyphy/ptII/ptolemy/actor/lib/test/auto/LevinsonDurbin.xml
2 ms. Memory: 1373696K Free: 867101K (63%)
----------------- Invoking toplevel() on ptolemy.moml.MoMLSimpleApplication@4b7879e7
----------------- Done invoking toplevel() on ptolemy.moml.MoMLSimpleApplication@4b7879e7
reloadAllAccessors: .LevinsonDurbin

===========================================================================================
----------------- testing Wed Jun 20 05:06:22 UTC 2018 /home/travis/build/icyphy/ptII/ptolemy/actor/lib/test/auto/LevinsonDurbin2.xml
----------------- Instantiating /home/travis/build/icyphy/ptII/ptolemy/actor/lib/test/auto/LevinsonDurbin2.xml
1 ms. Memory: 1373696K Free: 854552K (62%)
----------------- Invoking toplevel() on ptolemy.moml.MoMLSimpleApplication@4734dc8
----------------- Done invoking toplevel() on ptolemy.moml.MoMLSimpleApplication@4734dc8
reloadAllAccessors: .LevinsonDurbin2

===========================================================================================
----------------- testing Wed Jun 20 05:06:22 UTC 2018 /home/travis/build/icyphy/ptII/ptolemy/actor/lib/test/auto/LevinsonDurbin3.xml
----------------- Instantiating /home/travis/build/icyphy/ptII/ptolemy/actor/lib/test/auto/LevinsonDurbin3.xml
1 ms. Memory: 1373696K Free: 833873K (61%)
----------------- Invoking toplevel() on ptolemy.moml.MoMLSimpleApplication@1d3e1a03
----------------- Done invoking toplevel() on ptolemy.moml.MoMLSimpleApplication@1d3e1a03
reloadAllAccessors: .LevinsonDurbin3

===========================================================================================
----------------- testing Wed Jun 20 05:06:22 UTC 2018 /home/travis/build/icyphy/ptII/ptolemy/actor/lib/test/auto/Limiter.xml
----------------- Instantiating /home/travis/build/icyphy/ptII/ptolemy/actor/lib/test/auto/Limiter.xml
5 ms. Memory: 1373696K Free: 815033K (59%)
----------------- Invoking toplevel() on ptolemy.moml.MoMLSimpleApplication@64ef968e
----------------- Done invoking toplevel() on ptolemy.moml.MoMLSimpleApplication@64ef968e
reloadAllAccessors: .Limiter

===========================================================================================
----------------- testing Wed Jun 20 05:06:22 UTC 2018 /home/travis/build/icyphy/ptII/ptolemy/actor/lib/test/auto/LinearDifferenceEquationSystem.xml
----------------- Instantiating /home/travis/build/icyphy/ptII/ptolemy/actor/lib/test/auto/LinearDifferenceEquationSystem.xml
3 ms. Memory: 1373696K Free: 802484K (58%)
----------------- Invoking toplevel() on ptolemy.moml.MoMLSimpleApplication@4c8e3d08
----------------- Done invoking toplevel() on ptolemy.moml.MoMLSimpleApplication@4c8e3d08
reloadAllAccessors: .LinearDifferenceEquationSystem

===========================================================================================
----------------- testing Wed Jun 20 05:06:22 UTC 2018 /home/travis/build/icyphy/ptII/ptolemy/actor/lib/test/auto/LookupTable.xml
----------------- Instantiating /home/travis/build/icyphy/ptII/ptolemy/actor/lib/test/auto/LookupTable.xml
2 ms. Memory: 1373696K Free: 789935K (58%)
----------------- Invoking toplevel() on ptolemy.moml.MoMLSimpleApplication@79cace8e
----------------- Done invoking toplevel() on ptolemy.moml.MoMLSimpleApplication@79cace8e
reloadAllAccessors: .LookupTable

===========================================================================================
----------------- testing Wed Jun 20 05:06:22 UTC 2018 /home/travis/build/icyphy/ptII/ptolemy/actor/lib/test/auto/MathFunction.xml
----------------- Instantiating /home/travis/build/icyphy/ptII/ptolemy/actor/lib/test/auto/MathFunction.xml
6 ms. Memory: 1373696K Free: 769256K (56%)
----------------- Invoking toplevel() on ptolemy.moml.MoMLSimpleApplication@41059289
----------------- Done invoking toplevel() on ptolemy.moml.MoMLSimpleApplication@41059289
reloadAllAccessors: .MathFunction

===========================================================================================
----------------- testing Wed Jun 20 05:06:22 UTC 2018 /home/travis/build/icyphy/ptII/ptolemy/actor/lib/test/auto/MathFunction2.xml
----------------- Instantiating /home/travis/build/icyphy/ptII/ptolemy/actor/lib/test/auto/MathFunction2.xml
1 ms. Memory: 1373696K Free: 756707K (55%)
----------------- Invoking toplevel() on ptolemy.moml.MoMLSimpleApplication@6d6bc27
----------------- Done invoking toplevel() on ptolemy.moml.MoMLSimpleApplication@6d6bc27
reloadAllAccessors: .MathFunction2

===========================================================================================
----------------- testing Wed Jun 20 05:06:22 UTC 2018 /home/travis/build/icyphy/ptII/ptolemy/actor/lib/test/auto/MathFunction3.xml
----------------- Instantiating /home/travis/build/icyphy/ptII/ptolemy/actor/lib/test/auto/MathFunction3.xml
5 ms. Memory: 1373696K Free: 744158K (54%)
----------------- Invoking toplevel() on ptolemy.moml.MoMLSimpleApplication@69ddffd3
----------------- Done invoking toplevel() on ptolemy.moml.MoMLSimpleApplication@69ddffd3
reloadAllAccessors: .MathFunction3

===========================================================================================
----------------- testing Wed Jun 20 05:06:22 UTC 2018 /home/travis/build/icyphy/ptII/ptolemy/actor/lib/test/auto/MatrixCropBoolean.xml
----------------- Instantiating /home/travis/build/icyphy/ptII/ptolemy/actor/lib/test/auto/MatrixCropBoolean.xml
3 ms. Memory: 1373696K Free: 723479K (53%)
----------------- Invoking toplevel() on ptolemy.moml.MoMLSimpleApplication@68a9f3f2
----------------- Done invoking toplevel() on ptolemy.moml.MoMLSimpleApplication@68a9f3f2
reloadAllAccessors: .MatrixCropBoolean

===========================================================================================
----------------- testing Wed Jun 20 05:06:22 UTC 2018 /home/travis/build/icyphy/ptII/ptolemy/actor/lib/test/auto/MatrixCropComplex.xml
----------------- Instantiating /home/travis/build/icyphy/ptII/ptolemy/actor/lib/test/auto/MatrixCropComplex.xml
1 ms. Memory: 1373696K Free: 710930K (52%)
----------------- Invoking toplevel() on ptolemy.moml.MoMLSimpleApplication@15c5faae
----------------- Done invoking toplevel() on ptolemy.moml.MoMLSimpleApplication@15c5faae
reloadAllAccessors: .MatrixCropComplex

===========================================================================================
----------------- testing Wed Jun 20 05:06:22 UTC 2018 /home/travis/build/icyphy/ptII/ptolemy/actor/lib/test/auto/MatrixCropDouble.xml
----------------- Instantiating /home/travis/build/icyphy/ptII/ptolemy/actor/lib/test/auto/MatrixCropDouble.xml
2 ms. Memory: 1373696K Free: 698381K (51%)
----------------- Invoking toplevel() on ptolemy.moml.MoMLSimpleApplication@7b578ff7
----------------- Done invoking toplevel() on ptolemy.moml.MoMLSimpleApplication@7b578ff7
reloadAllAccessors: .MatrixCropDouble

===========================================================================================
----------------- testing Wed Jun 20 05:06:22 UTC 2018 /home/travis/build/icyphy/ptII/ptolemy/actor/lib/test/auto/MatrixCropFix.xml
----------------- Instantiating /home/travis/build/icyphy/ptII/ptolemy/actor/lib/test/auto/MatrixCropFix.xml
1 ms. Memory: 1373696K Free: 685832K (50%)
----------------- Invoking toplevel() on ptolemy.moml.MoMLSimpleApplication@5e493e5b
----------------- Done invoking toplevel() on ptolemy.moml.MoMLSimpleApplication@5e493e5b
reloadAllAccessors: .MatrixCropFix

===========================================================================================
----------------- testing Wed Jun 20 05:06:22 UTC 2018 /home/travis/build/icyphy/ptII/ptolemy/actor/lib/test/auto/MatrixCropInt.xml
----------------- Instantiating /home/travis/build/icyphy/ptII/ptolemy/actor/lib/test/auto/MatrixCropInt.xml
1 ms. Memory: 1373696K Free: 665153K (48%)
----------------- Invoking toplevel() on ptolemy.moml.MoMLSimpleApplication@710f114d
----------------- Done invoking toplevel() on ptolemy.moml.MoMLSimpleApplication@710f114d
reloadAllAccessors: .MatrixCropInt

===========================================================================================
----------------- testing Wed Jun 20 05:06:22 UTC 2018 /home/travis/build/icyphy/ptII/ptolemy/actor/lib/test/auto/MatrixCropLong.xml
----------------- Instantiating /home/travis/build/icyphy/ptII/ptolemy/actor/lib/test/auto/MatrixCropLong.xml
3 ms. Memory: 1373696K Free: 652604K (48%)
----------------- Invoking toplevel() on ptolemy.moml.MoMLSimpleApplication@5fb4362
----------------- Done invoking toplevel() on ptolemy.moml.MoMLSimpleApplication@5fb4362
reloadAllAccessors: .MatrixCropLong

===========================================================================================
----------------- testing Wed Jun 20 05:06:22 UTC 2018 /home/travis/build/icyphy/ptII/ptolemy/actor/lib/test/auto/MatrixToArray.xml
----------------- Instantiating /home/travis/build/icyphy/ptII/ptolemy/actor/lib/test/auto/MatrixToArray.xml
9 ms. Memory: 1373696K Free: 627482K (46%)
----------------- Invoking toplevel() on ptolemy.moml.MoMLSimpleApplication@5744d7a0
----------------- Done invoking toplevel() on ptolemy.moml.MoMLSimpleApplication@5744d7a0
reloadAllAccessors: .MatrixToArray

===========================================================================================
----------------- testing Wed Jun 20 05:06:22 UTC 2018 /home/travis/build/icyphy/ptII/ptolemy/actor/lib/test/auto/MaxIndex.xml
----------------- Instantiating /home/travis/build/icyphy/ptII/ptolemy/actor/lib/test/auto/MaxIndex.xml
2 ms. Memory: 1373696K Free: 606803K (44%)
----------------- Invoking toplevel() on ptolemy.moml.MoMLSimpleApplication@39dd30da
----------------- Done invoking toplevel() on ptolemy.moml.MoMLSimpleApplication@39dd30da
reloadAllAccessors: .MaxIndex

===========================================================================================
----------------- testing Wed Jun 20 05:06:22 UTC 2018 /home/travis/build/icyphy/ptII/ptolemy/actor/lib/test/auto/Maximum.xml
----------------- Instantiating /home/travis/build/icyphy/ptII/ptolemy/actor/lib/test/auto/Maximum.xml
2 ms. Memory: 1373696K Free: 594254K (43%)
----------------- Invoking toplevel() on ptolemy.moml.MoMLSimpleApplication@1d3476c9
----------------- Done invoking toplevel() on ptolemy.moml.MoMLSimpleApplication@1d3476c9
reloadAllAccessors: .Maximum

===========================================================================================
----------------- testing Wed Jun 20 05:06:22 UTC 2018 /home/travis/build/icyphy/ptII/ptolemy/actor/lib/test/auto/MaximumComplex.xml
----------------- Instantiating /home/travis/build/icyphy/ptII/ptolemy/actor/lib/test/auto/MaximumComplex.xml
4 ms. Memory: 1373696K Free: 581705K (42%)
----------------- Invoking toplevel() on ptolemy.moml.MoMLSimpleApplication@621796dc
----------------- Done invoking toplevel() on ptolemy.moml.MoMLSimpleApplication@621796dc
reloadAllAccessors: .MaximumComplex

===========================================================================================
----------------- testing Wed Jun 20 05:06:22 UTC 2018 /home/travis/build/icyphy/ptII/ptolemy/actor/lib/test/auto/MethodCallTest.xml
----------------- Instantiating /home/travis/build/icyphy/ptII/ptolemy/actor/lib/test/auto/MethodCallTest.xml
1 ms. Memory: 1373696K Free: 560999K (41%)
----------------- Invoking toplevel() on ptolemy.moml.MoMLSimpleApplication@3ff7bb93
----------------- Done invoking toplevel() on ptolemy.moml.MoMLSimpleApplication@3ff7bb93
reloadAllAccessors: .MethodCallTest

===========================================================================================
----------------- testing Wed Jun 20 05:06:22 UTC 2018 /home/travis/build/icyphy/ptII/ptolemy/actor/lib/test/auto/Minimum.xml
----------------- Instantiating /home/travis/build/icyphy/ptII/ptolemy/actor/lib/test/auto/Minimum.xml
2 ms. Memory: 1373696K Free: 540320K (39%)
----------------- Invoking toplevel() on ptolemy.moml.MoMLSimpleApplication@55b3585
----------------- Done invoking toplevel() on ptolemy.moml.MoMLSimpleApplication@55b3585
reloadAllAccessors: .Minimum

===========================================================================================
----------------- testing Wed Jun 20 05:06:22 UTC 2018 /home/travis/build/icyphy/ptII/ptolemy/actor/lib/test/auto/MinimumComplex.xml
----------------- Instantiating /home/travis/build/icyphy/ptII/ptolemy/actor/lib/test/auto/MinimumComplex.xml
3 ms. Memory: 1373696K Free: 527771K (38%)
----------------- Invoking toplevel() on ptolemy.moml.MoMLSimpleApplication@7b91c1a7
----------------- Done invoking toplevel() on ptolemy.moml.MoMLSimpleApplication@7b91c1a7
reloadAllAccessors: .MinimumComplex

===========================================================================================
----------------- testing Wed Jun 20 05:06:22 UTC 2018 /home/travis/build/icyphy/ptII/ptolemy/actor/lib/test/auto/MinimumMultiports.xml
----------------- Instantiating /home/travis/build/icyphy/ptII/ptolemy/actor/lib/test/auto/MinimumMultiports.xml
4 ms. Memory: 1373696K Free: 515222K (38%)
----------------- Invoking toplevel() on ptolemy.moml.MoMLSimpleApplication@58c36574
----------------- Done invoking toplevel() on ptolemy.moml.MoMLSimpleApplication@58c36574
reloadAllAccessors: .MinimumMultiports

===========================================================================================
----------------- testing Wed Jun 20 05:06:23 UTC 2018 /home/travis/build/icyphy/ptII/ptolemy/actor/lib/test/auto/ModifyDate.xml
----------------- Instantiating /home/travis/build/icyphy/ptII/ptolemy/actor/lib/test/auto/ModifyDate.xml
8 ms. Memory: 1373696K Free: 488261K (36%)
----------------- Invoking toplevel() on ptolemy.moml.MoMLSimpleApplication@330d8ea0
----------------- Done invoking toplevel() on ptolemy.moml.MoMLSimpleApplication@330d8ea0
reloadAllAccessors: .ModifyDate

===========================================================================================
----------------- testing Wed Jun 20 05:06:23 UTC 2018 /home/travis/build/icyphy/ptII/ptolemy/actor/lib/test/auto/ModifyDate2.xml
----------------- Instantiating /home/travis/build/icyphy/ptII/ptolemy/actor/lib/test/auto/ModifyDate2.xml
2 ms. Memory: 1373696K Free: 469437K (34%)
----------------- Invoking toplevel() on ptolemy.moml.MoMLSimpleApplication@5dc9ce1d
----------------- Done invoking toplevel() on ptolemy.moml.MoMLSimpleApplication@5dc9ce1d
reloadAllAccessors: .ModifyDate2

===========================================================================================
----------------- testing Wed Jun 20 05:06:23 UTC 2018 /home/travis/build/icyphy/ptII/ptolemy/actor/lib/test/auto/MovingAverage.xml
----------------- Instantiating /home/travis/build/icyphy/ptII/ptolemy/actor/lib/test/auto/MovingAverage.xml
2 ms. Memory: 1373696K Free: 456888K (33%)
----------------- Invoking toplevel() on ptolemy.moml.MoMLSimpleApplication@2f46a6c6
----------------- Done invoking toplevel() on ptolemy.moml.MoMLSimpleApplication@2f46a6c6
reloadAllAccessors: .MovingAverage

===========================================================================================
----------------- testing Wed Jun 20 05:06:23 UTC 2018 /home/travis/build/icyphy/ptII/ptolemy/actor/lib/test/auto/MovingMaximum.xml
----------------- Instantiating /home/travis/build/icyphy/ptII/ptolemy/actor/lib/test/auto/MovingMaximum.xml
2 ms. Memory: 1373696K Free: 444339K (32%)
----------------- Invoking toplevel() on ptolemy.moml.MoMLSimpleApplication@6f81ed4
----------------- Done invoking toplevel() on ptolemy.moml.MoMLSimpleApplication@6f81ed4
reloadAllAccessors: .MovingMaximum

===========================================================================================
----------------- testing Wed Jun 20 05:06:23 UTC 2018 /home/travis/build/icyphy/ptII/ptolemy/actor/lib/test/auto/MultipleLinksToSameRelation.xml
----------------- Instantiating /home/travis/build/icyphy/ptII/ptolemy/actor/lib/test/auto/MultipleLinksToSameRelation.xml
2 ms. Memory: 1373696K Free: 423660K (31%)
----------------- Invoking toplevel() on ptolemy.moml.MoMLSimpleApplication@249628fa
----------------- Done invoking toplevel() on ptolemy.moml.MoMLSimpleApplication@249628fa
reloadAllAccessors: .MultipleLinksToSameRelation

===========================================================================================
----------------- testing Wed Jun 20 05:06:23 UTC 2018 /home/travis/build/icyphy/ptII/ptolemy/actor/lib/test/auto/MultipleLinksToSameRelationDE.xml
----------------- Instantiating /home/travis/build/icyphy/ptII/ptolemy/actor/lib/test/auto/MultipleLinksToSameRelationDE.xml
1 ms. Memory: 1373696K Free: 411111K (30%)
----------------- Invoking toplevel() on ptolemy.moml.MoMLSimpleApplication@5824f178
----------------- Done invoking toplevel() on ptolemy.moml.MoMLSimpleApplication@5824f178
reloadAllAccessors: .MultipleLinksToSameRelationDE

===========================================================================================
----------------- testing Wed Jun 20 05:06:23 UTC 2018 /home/travis/build/icyphy/ptII/ptolemy/actor/lib/test/auto/Multiplexor.xml
----------------- Instantiating /home/travis/build/icyphy/ptII/ptolemy/actor/lib/test/auto/Multiplexor.xml
2 ms. Memory: 1373696K Free: 398561K (29%)
----------------- Invoking toplevel() on ptolemy.moml.MoMLSimpleApplication@123aee6
----------------- Done invoking toplevel() on ptolemy.moml.MoMLSimpleApplication@123aee6
reloadAllAccessors: .Multiplexor

===========================================================================================
----------------- testing Wed Jun 20 05:06:23 UTC 2018 /home/travis/build/icyphy/ptII/ptolemy/actor/lib/test/auto/Multiplexor1.xml
----------------- Instantiating /home/travis/build/icyphy/ptII/ptolemy/actor/lib/test/auto/Multiplexor1.xml
1 ms. Memory: 1373696K Free: 377883K (28%)
----------------- Invoking toplevel() on ptolemy.moml.MoMLSimpleApplication@59893e22
----------------- Done invoking toplevel() on ptolemy.moml.MoMLSimpleApplication@59893e22
reloadAllAccessors: .Multiplexor1

===========================================================================================
----------------- testing Wed Jun 20 05:06:23 UTC 2018 /home/travis/build/icyphy/ptII/ptolemy/actor/lib/test/auto/Multiplexor2.xml
----------------- Instantiating /home/travis/build/icyphy/ptII/ptolemy/actor/lib/test/auto/Multiplexor2.xml
4 ms. Memory: 1373696K Free: 365334K (27%)
----------------- Invoking toplevel() on ptolemy.moml.MoMLSimpleApplication@3450a5ca
----------------- Done invoking toplevel() on ptolemy.moml.MoMLSimpleApplication@3450a5ca
reloadAllAccessors: .Multiplexor2

===========================================================================================
----------------- testing Wed Jun 20 05:06:23 UTC 2018 /home/travis/build/icyphy/ptII/ptolemy/actor/lib/test/auto/Multiplexor3.xml
----------------- Instantiating /home/travis/build/icyphy/ptII/ptolemy/actor/lib/test/auto/Multiplexor3.xml
1 ms. Memory: 1373696K Free: 352784K (26%)
----------------- Invoking toplevel() on ptolemy.moml.MoMLSimpleApplication@3ec44cb
----------------- Done invoking toplevel() on ptolemy.moml.MoMLSimpleApplication@3ec44cb
reloadAllAccessors: .Multiplexor3

===========================================================================================
----------------- testing Wed Jun 20 05:06:23 UTC 2018 /home/travis/build/icyphy/ptII/ptolemy/actor/lib/test/auto/MultiplexorDE.xml
----------------- Instantiating /home/travis/build/icyphy/ptII/ptolemy/actor/lib/test/auto/MultiplexorDE.xml
3 ms. Memory: 1373696K Free: 340235K (25%)
----------------- Invoking toplevel() on ptolemy.moml.MoMLSimpleApplication@682ff914
----------------- Done invoking toplevel() on ptolemy.moml.MoMLSimpleApplication@682ff914
reloadAllAccessors: .MultiplexorDE

===========================================================================================
----------------- testing Wed Jun 20 05:06:23 UTC 2018 /home/travis/build/icyphy/ptII/ptolemy/actor/lib/test/auto/MultiportBroadcastTest.xml
----------------- Instantiating /home/travis/build/icyphy/ptII/ptolemy/actor/lib/test/auto/MultiportBroadcastTest.xml
84 ms. Memory: 1373696K Free: 319557K (23%)
----------------- Invoking toplevel() on ptolemy.moml.MoMLSimpleApplication@6bd147d7
----------------- Done invoking toplevel() on ptolemy.moml.MoMLSimpleApplication@6bd147d7
reloadAllAccessors: .MultiportBroadcastTest

===========================================================================================
----------------- testing Wed Jun 20 05:06:23 UTC 2018 /home/travis/build/icyphy/ptII/ptolemy/actor/lib/test/auto/MultiportOutHangDuringGetWidth.xml
----------------- Instantiating /home/travis/build/icyphy/ptII/ptolemy/actor/lib/test/auto/MultiportOutHangDuringGetWidth.xml
4 ms. Memory: 1373696K Free: 300733K (22%)
----------------- Invoking toplevel() on ptolemy.moml.MoMLSimpleApplication@20e7457e
----------------- Done invoking toplevel() on ptolemy.moml.MoMLSimpleApplication@20e7457e
reloadAllAccessors: .MultiportOutHangDuringGetWidth

===========================================================================================
----------------- testing Wed Jun 20 05:06:23 UTC 2018 /home/travis/build/icyphy/ptII/ptolemy/actor/lib/test/auto/NilToken.xml
----------------- Instantiating /home/travis/build/icyphy/ptII/ptolemy/actor/lib/test/auto/NilToken.xml
1 ms. Memory: 1373696K Free: 288184K (21%)
----------------- Invoking toplevel() on ptolemy.moml.MoMLSimpleApplication@2966d204
----------------- Done invoking toplevel() on ptolemy.moml.MoMLSimpleApplication@2966d204
reloadAllAccessors: .NilToken

===========================================================================================
----------------- testing Wed Jun 20 05:06:23 UTC 2018 /home/travis/build/icyphy/ptII/ptolemy/actor/lib/test/auto/NilTokenNonStrictTest.xml
----------------- Instantiating /home/travis/build/icyphy/ptII/ptolemy/actor/lib/test/auto/NilTokenNonStrictTest.xml
2 ms. Memory: 1373696K Free: 267505K (19%)
----------------- Invoking toplevel() on ptolemy.moml.MoMLSimpleApplication@5896d108
----------------- Done invoking toplevel() on ptolemy.moml.MoMLSimpleApplication@5896d108
reloadAllAccessors: .NilTokenNonStrictTest

===========================================================================================
----------------- testing Wed Jun 20 05:06:23 UTC 2018 /home/travis/build/icyphy/ptII/ptolemy/actor/lib/test/auto/NilTokenRecord.xml
----------------- Instantiating /home/travis/build/icyphy/ptII/ptolemy/actor/lib/test/auto/NilTokenRecord.xml
4 ms. Memory: 1373696K Free: 254956K (19%)
----------------- Invoking toplevel() on ptolemy.moml.MoMLSimpleApplication@612e06ea
----------------- Done invoking toplevel() on ptolemy.moml.MoMLSimpleApplication@612e06ea
reloadAllAccessors: .NilTokenRecord

===========================================================================================
----------------- testing Wed Jun 20 05:06:23 UTC 2018 /home/travis/build/icyphy/ptII/ptolemy/actor/lib/test/auto/NilTokenTypeTest.xml
----------------- Instantiating /home/travis/build/icyphy/ptII/ptolemy/actor/lib/test/auto/NilTokenTypeTest.xml
4 ms. Memory: 1373696K Free: 236132K (17%)
----------------- Invoking toplevel() on ptolemy.moml.MoMLSimpleApplication@563a7a86
----------------- Done invoking toplevel() on ptolemy.moml.MoMLSimpleApplication@563a7a86
reloadAllAccessors: .NilTokenTypeTest

===========================================================================================
----------------- testing Wed Jun 20 05:06:23 UTC 2018 /home/travis/build/icyphy/ptII/ptolemy/actor/lib/test/auto/ObjectToken1.xml
----------------- Instantiating /home/travis/build/icyphy/ptII/ptolemy/actor/lib/test/auto/ObjectToken1.xml
2 ms. Memory: 1373696K Free: 215453K (16%)
----------------- Invoking toplevel() on ptolemy.moml.MoMLSimpleApplication@6714d695
----------------- Done invoking toplevel() on ptolemy.moml.MoMLSimpleApplication@6714d695
reloadAllAccessors: .ObjectToken1

===========================================================================================
----------------- testing Wed Jun 20 05:06:23 UTC 2018 /home/travis/build/icyphy/ptII/ptolemy/actor/lib/test/auto/OrderedMerge.xml
----------------- Instantiating /home/travis/build/icyphy/ptII/ptolemy/actor/lib/test/auto/OrderedMerge.xml
6 ms. Memory: 1373696K Free: 177806K (13%)
----------------- Invoking toplevel() on ptolemy.moml.MoMLSimpleApplication@28e9c0ed
----------------- Done invoking toplevel() on ptolemy.moml.MoMLSimpleApplication@28e9c0ed
reloadAllAccessors: .OrderedMerge

===========================================================================================
----------------- testing Wed Jun 20 05:06:23 UTC 2018 /home/travis/build/icyphy/ptII/ptolemy/actor/lib/test/auto/OrderedRecordDisassembler.xml
----------------- Instantiating /home/travis/build/icyphy/ptII/ptolemy/actor/lib/test/auto/OrderedRecordDisassembler.xml
3 ms. Memory: 1373696K Free: 165257K (12%)
----------------- Invoking toplevel() on ptolemy.moml.MoMLSimpleApplication@ef1ceec
----------------- Done invoking toplevel() on ptolemy.moml.MoMLSimpleApplication@ef1ceec
reloadAllAccessors: .OrderedRecordDisassembler

===========================================================================================
----------------- testing Wed Jun 20 05:06:23 UTC 2018 /home/travis/build/icyphy/ptII/ptolemy/actor/lib/test/auto/OrderedRecordDisassembler2.xml
----------------- Instantiating /home/travis/build/icyphy/ptII/ptolemy/actor/lib/test/auto/OrderedRecordDisassembler2.xml
3 ms. Memory: 1373696K Free: 152707K (11%)
----------------- Invoking toplevel() on ptolemy.moml.MoMLSimpleApplication@2781486b
----------------- Done invoking toplevel() on ptolemy.moml.MoMLSimpleApplication@2781486b
reloadAllAccessors: .OrderedRecordDisassembler2

===========================================================================================
----------------- testing Wed Jun 20 05:06:23 UTC 2018 /home/travis/build/icyphy/ptII/ptolemy/actor/lib/test/auto/OrderedRecordUpdater.xml
----------------- Instantiating /home/travis/build/icyphy/ptII/ptolemy/actor/lib/test/auto/OrderedRecordUpdater.xml
1 ms. Memory: 1373696K Free: 132029K (10%)
----------------- Invoking toplevel() on ptolemy.moml.MoMLSimpleApplication@2fb5a16d
----------------- Done invoking toplevel() on ptolemy.moml.MoMLSimpleApplication@2fb5a16d
reloadAllAccessors: .RecordUpdater

===========================================================================================
----------------- testing Wed Jun 20 05:06:23 UTC 2018 /home/travis/build/icyphy/ptII/ptolemy/actor/lib/test/auto/OrderedRecordUpdater2.xml
----------------- Instantiating /home/travis/build/icyphy/ptII/ptolemy/actor/lib/test/auto/OrderedRecordUpdater2.xml
2 ms. Memory: 1373696K Free: 119480K (9%)
----------------- Invoking toplevel() on ptolemy.moml.MoMLSimpleApplication@23c39e51
----------------- Done invoking toplevel() on ptolemy.moml.MoMLSimpleApplication@23c39e51
reloadAllAccessors: .RecordUpdater2

===========================================================================================
----------------- testing Wed Jun 20 05:06:23 UTC 2018 /home/travis/build/icyphy/ptII/ptolemy/actor/lib/test/auto/PhaseUnwrap.xml
----------------- Instantiating /home/travis/build/icyphy/ptII/ptolemy/actor/lib/test/auto/PhaseUnwrap.xml
1 ms. Memory: 1373696K Free: 106931K (8%)
----------------- Invoking toplevel() on ptolemy.moml.MoMLSimpleApplication@587834be
----------------- Done invoking toplevel() on ptolemy.moml.MoMLSimpleApplication@587834be
reloadAllAccessors: .PhaseUnwrap

===========================================================================================
----------------- testing Wed Jun 20 05:06:23 UTC 2018 /home/travis/build/icyphy/ptII/ptolemy/actor/lib/test/auto/PoissonClock.xml
----------------- Instantiating /home/travis/build/icyphy/ptII/ptolemy/actor/lib/test/auto/PoissonClock.xml
1 ms. Memory: 1373696K Free: 86252K (6%)
----------------- Invoking toplevel() on ptolemy.moml.MoMLSimpleApplication@4583f58c
----------------- Done invoking toplevel() on ptolemy.moml.MoMLSimpleApplication@4583f58c
reloadAllAccessors: .PoissonClock

===========================================================================================
----------------- testing Wed Jun 20 05:06:23 UTC 2018 /home/travis/build/icyphy/ptII/ptolemy/actor/lib/test/auto/PoissonClock2.xml
----------------- Instantiating /home/travis/build/icyphy/ptII/ptolemy/actor/lib/test/auto/PoissonClock2.xml
14 ms. Memory: 1570304K Free: 1527885K (97%)
----------------- Invoking toplevel() on ptolemy.moml.MoMLSimpleApplication@bd449ee
----------------- Done invoking toplevel() on ptolemy.moml.MoMLSimpleApplication@bd449ee
reloadAllAccessors: .PoissonClock2

===========================================================================================
----------------- testing Wed Jun 20 05:06:23 UTC 2018 /home/travis/build/icyphy/ptII/ptolemy/actor/lib/test/auto/PoissonClock3.xml
----------------- Instantiating /home/travis/build/icyphy/ptII/ptolemy/actor/lib/test/auto/PoissonClock3.xml
1 ms. Memory: 1570304K Free: 1504690K (96%)
----------------- Invoking toplevel() on ptolemy.moml.MoMLSimpleApplication@d4ff4b3
----------------- Done invoking toplevel() on ptolemy.moml.MoMLSimpleApplication@d4ff4b3
reloadAllAccessors: .PoissonClock3

===========================================================================================
----------------- testing Wed Jun 20 05:06:23 UTC 2018 /home/travis/build/icyphy/ptII/ptolemy/actor/lib/test/auto/PubSubWithInitialTokens.xml
----------------- Instantiating /home/travis/build/icyphy/ptII/ptolemy/actor/lib/test/auto/PubSubWithInitialTokens.xml
2 ms. Memory: 1570304K Free: 1492926K (95%)
----------------- Invoking toplevel() on ptolemy.moml.MoMLSimpleApplication@3bd67c74
----------------- Done invoking toplevel() on ptolemy.moml.MoMLSimpleApplication@3bd67c74
reloadAllAccessors: .PubSubWithInitialTokens

===========================================================================================
----------------- testing Wed Jun 20 05:06:23 UTC 2018 /home/travis/build/icyphy/ptII/ptolemy/actor/lib/test/auto/PubSubWithInitialTokens2.xml
----------------- Instantiating /home/travis/build/icyphy/ptII/ptolemy/actor/lib/test/auto/PubSubWithInitialTokens2.xml
2 ms. Memory: 1570304K Free: 1481162K (94%)
----------------- Invoking toplevel() on ptolemy.moml.MoMLSimpleApplication@76700eb2
----------------- Done invoking toplevel() on ptolemy.moml.MoMLSimpleApplication@76700eb2
reloadAllAccessors: .PubSubWithInitialTokens2

===========================================================================================
----------------- testing Wed Jun 20 05:06:23 UTC 2018 /home/travis/build/icyphy/ptII/ptolemy/actor/lib/test/auto/PublisherClassNoParameter.xml
----------------- Instantiating /home/travis/build/icyphy/ptII/ptolemy/actor/lib/test/auto/PublisherClassNoParameter.xml
2 ms. Memory: 1570304K Free: 1455846K (93%)
----------------- Invoking toplevel() on ptolemy.moml.MoMLSimpleApplication@64d28445
----------------- Done invoking toplevel() on ptolemy.moml.MoMLSimpleApplication@64d28445
reloadAllAccessors: .PublisherClassNoParameter

===========================================================================================
----------------- testing Wed Jun 20 05:06:23 UTC 2018 /home/travis/build/icyphy/ptII/ptolemy/actor/lib/test/auto/PublisherClassParameter.xml
----------------- Instantiating /home/travis/build/icyphy/ptII/ptolemy/actor/lib/test/auto/PublisherClassParameter.xml
1 ms. Memory: 1570304K Free: 1438184K (92%)
----------------- Invoking toplevel() on ptolemy.moml.MoMLSimpleApplication@6b588951
----------------- Done invoking toplevel() on ptolemy.moml.MoMLSimpleApplication@6b588951
reloadAllAccessors: .PublisherClassParameter

===========================================================================================
----------------- testing Wed Jun 20 05:06:23 UTC 2018 /home/travis/build/icyphy/ptII/ptolemy/actor/lib/test/auto/PublisherNonStrictTest.xml
----------------- Instantiating /home/travis/build/icyphy/ptII/ptolemy/actor/lib/test/auto/PublisherNonStrictTest.xml
3 ms. Memory: 1570304K Free: 1426420K (91%)
----------------- Invoking toplevel() on ptolemy.moml.MoMLSimpleApplication@70f7e1be
----------------- Done invoking toplevel() on ptolemy.moml.MoMLSimpleApplication@70f7e1be
reloadAllAccessors: .PublisherNonStrictTest

===========================================================================================
----------------- testing Wed Jun 20 05:06:23 UTC 2018 /home/travis/build/icyphy/ptII/ptolemy/actor/lib/test/auto/PublisherPort1.xml
----------------- Instantiating /home/travis/build/icyphy/ptII/ptolemy/actor/lib/test/auto/PublisherPort1.xml
2 ms. Memory: 1570304K Free: 1406986K (90%)
----------------- Invoking toplevel() on ptolemy.moml.MoMLSimpleApplication@48c4ae54
----------------- Done invoking toplevel() on ptolemy.moml.MoMLSimpleApplication@48c4ae54
reloadAllAccessors: .PublisherPort1

===========================================================================================
----------------- testing Wed Jun 20 05:06:23 UTC 2018 /home/travis/build/icyphy/ptII/ptolemy/actor/lib/test/auto/PublisherPort2.xml
----------------- Instantiating /home/travis/build/icyphy/ptII/ptolemy/actor/lib/test/auto/PublisherPort2.xml
2 ms. Memory: 1570304K Free: 1395222K (89%)
----------------- Invoking toplevel() on ptolemy.moml.MoMLSimpleApplication@60e7330b
----------------- Done invoking toplevel() on ptolemy.moml.MoMLSimpleApplication@60e7330b
reloadAllAccessors: .PublisherPort2

===========================================================================================
----------------- testing Wed Jun 20 05:06:23 UTC 2018 /home/travis/build/icyphy/ptII/ptolemy/actor/lib/test/auto/PublisherPort3.xml
----------------- Instantiating /home/travis/build/icyphy/ptII/ptolemy/actor/lib/test/auto/PublisherPort3.xml
8 ms. Memory: 1570304K Free: 1383458K (88%)
----------------- Invoking toplevel() on ptolemy.moml.MoMLSimpleApplication@6c2edf7
----------------- Done invoking toplevel() on ptolemy.moml.MoMLSimpleApplication@6c2edf7
reloadAllAccessors: .PublisherPort3

===========================================================================================
----------------- testing Wed Jun 20 05:06:23 UTC 2018 /home/travis/build/icyphy/ptII/ptolemy/actor/lib/test/auto/PublisherPort4.xml
----------------- Instantiating /home/travis/build/icyphy/ptII/ptolemy/actor/lib/test/auto/PublisherPort4.xml
2 ms. Memory: 1570304K Free: 1364024K (87%)
----------------- Invoking toplevel() on ptolemy.moml.MoMLSimpleApplication@3abdd393
----------------- Done invoking toplevel() on ptolemy.moml.MoMLSimpleApplication@3abdd393
reloadAllAccessors: .PublisherPort4

===========================================================================================
----------------- testing Wed Jun 20 05:06:23 UTC 2018 /home/travis/build/icyphy/ptII/ptolemy/actor/lib/test/auto/PublisherPort5.xml
----------------- Instantiating /home/travis/build/icyphy/ptII/ptolemy/actor/lib/test/auto/PublisherPort5.xml
4 ms. Memory: 1570304K Free: 1352260K (86%)
----------------- Invoking toplevel() on ptolemy.moml.MoMLSimpleApplication@44ad2757
----------------- Done invoking toplevel() on ptolemy.moml.MoMLSimpleApplication@44ad2757
reloadAllAccessors: .PublisherPort5

===========================================================================================
----------------- testing Wed Jun 20 05:06:23 UTC 2018 /home/travis/build/icyphy/ptII/ptolemy/actor/lib/test/auto/PublisherPort5LookAlike.xml
----------------- Instantiating /home/travis/build/icyphy/ptII/ptolemy/actor/lib/test/auto/PublisherPort5LookAlike.xml
6 ms. Memory: 1570304K Free: 1340496K (85%)
----------------- Invoking toplevel() on ptolemy.moml.MoMLSimpleApplication@52c3a3f6
----------------- Done invoking toplevel() on ptolemy.moml.MoMLSimpleApplication@52c3a3f6
reloadAllAccessors: .PublisherPort5LookAlike

===========================================================================================
----------------- testing Wed Jun 20 05:06:23 UTC 2018 /home/travis/build/icyphy/ptII/ptolemy/actor/lib/test/auto/PublisherPort6.xml
----------------- Instantiating /home/travis/build/icyphy/ptII/ptolemy/actor/lib/test/auto/PublisherPort6.xml
1 ms. Memory: 1570304K Free: 1321061K (84%)
----------------- Invoking toplevel() on ptolemy.moml.MoMLSimpleApplication@22f48b9d
----------------- Done invoking toplevel() on ptolemy.moml.MoMLSimpleApplication@22f48b9d
reloadAllAccessors: .PublisherPort6

===========================================================================================
----------------- testing Wed Jun 20 05:06:23 UTC 2018 /home/travis/build/icyphy/ptII/ptolemy/actor/lib/test/auto/PublisherPort7.xml
----------------- Instantiating /home/travis/build/icyphy/ptII/ptolemy/actor/lib/test/auto/PublisherPort7.xml
4 ms. Memory: 1570304K Free: 1309298K (83%)
----------------- Invoking toplevel() on ptolemy.moml.MoMLSimpleApplication@7e556ea3
----------------- Done invoking toplevel() on ptolemy.moml.MoMLSimpleApplication@7e556ea3
reloadAllAccessors: .PublisherPort7

===========================================================================================
----------------- testing Wed Jun 20 05:06:23 UTC 2018 /home/travis/build/icyphy/ptII/ptolemy/actor/lib/test/auto/PublisherPort8.xml
----------------- Instantiating /home/travis/build/icyphy/ptII/ptolemy/actor/lib/test/auto/PublisherPort8.xml
4 ms. Memory: 1570304K Free: 1297534K (83%)
----------------- Invoking toplevel() on ptolemy.moml.MoMLSimpleApplication@2484e90c
----------------- Done invoking toplevel() on ptolemy.moml.MoMLSimpleApplication@2484e90c
reloadAllAccessors: .PublisherPort8

===========================================================================================
----------------- testing Wed Jun 20 05:06:23 UTC 2018 /home/travis/build/icyphy/ptII/ptolemy/actor/lib/test/auto/PublisherPortSubscriberChannelVariablesAOC2.xml
----------------- Instantiating /home/travis/build/icyphy/ptII/ptolemy/actor/lib/test/auto/PublisherPortSubscriberChannelVariablesAOC2.xml
2 ms. Memory: 1570304K Free: 1274007K (81%)
----------------- Invoking toplevel() on ptolemy.moml.MoMLSimpleApplication@326ca63e
----------------- Done invoking toplevel() on ptolemy.moml.MoMLSimpleApplication@326ca63e
reloadAllAccessors: .PublisherPortSubscriberChannelVariablesAOC2

===========================================================================================
----------------- testing Wed Jun 20 05:06:23 UTC 2018 /home/travis/build/icyphy/ptII/ptolemy/actor/lib/test/auto/PublisherPortSubscriberOpaqueWidthInference.xml
----------------- Instantiating /home/travis/build/icyphy/ptII/ptolemy/actor/lib/test/auto/PublisherPortSubscriberOpaqueWidthInference.xml
3 ms. Memory: 1570304K Free: 1254572K (80%)
----------------- Invoking toplevel() on ptolemy.moml.MoMLSimpleApplication@585600d3
----------------- Done invoking toplevel() on ptolemy.moml.MoMLSimpleApplication@585600d3
reloadAllAccessors: .PublisherPortSubscriberOpaqueWidthInference

===========================================================================================
----------------- testing Wed Jun 20 05:06:23 UTC 2018 /home/travis/build/icyphy/ptII/ptolemy/actor/lib/test/auto/PublisherPortSubscriberPortAdjacent.xml
----------------- Instantiating /home/travis/build/icyphy/ptII/ptolemy/actor/lib/test/auto/PublisherPortSubscriberPortAdjacent.xml
1 ms. Memory: 1570304K Free: 1236910K (79%)
----------------- Invoking toplevel() on ptolemy.moml.MoMLSimpleApplication@45714a4b
----------------- Done invoking toplevel() on ptolemy.moml.MoMLSimpleApplication@45714a4b
reloadAllAccessors: .PublisherPortSubscriberPortAdjacent

===========================================================================================
----------------- testing Wed Jun 20 05:06:23 UTC 2018 /home/travis/build/icyphy/ptII/ptolemy/actor/lib/test/auto/PublisherPortSubscriberPortExpression.xml
----------------- Instantiating /home/travis/build/icyphy/ptII/ptolemy/actor/lib/test/auto/PublisherPortSubscriberPortExpression.xml
4 ms. Memory: 1570304K Free: 1225147K (78%)
----------------- Invoking toplevel() on ptolemy.moml.MoMLSimpleApplication@3b7eeefc
----------------- Done invoking toplevel() on ptolemy.moml.MoMLSimpleApplication@3b7eeefc
reloadAllAccessors: .PublisherPortSubscriberPortExpression

===========================================================================================
----------------- testing Wed Jun 20 05:06:23 UTC 2018 /home/travis/build/icyphy/ptII/ptolemy/actor/lib/test/auto/PublisherPortSubscriberPortOpaqueD3Reverse.xml
----------------- Instantiating /home/travis/build/icyphy/ptII/ptolemy/actor/lib/test/auto/PublisherPortSubscriberPortOpaqueD3Reverse.xml
14 ms. Memory: 1570304K Free: 1199814K (76%)
----------------- Invoking toplevel() on ptolemy.moml.MoMLSimpleApplication@50eacaac
----------------- Done invoking toplevel() on ptolemy.moml.MoMLSimpleApplication@50eacaac
reloadAllAccessors: .PublisherPortSubscriberPortOpaqueD3Reverse

===========================================================================================
----------------- testing Wed Jun 20 05:06:24 UTC 2018 /home/travis/build/icyphy/ptII/ptolemy/actor/lib/test/auto/PublisherPortSubscriberPortOpaqueWidthInference.xml
----------------- Instantiating /home/travis/build/icyphy/ptII/ptolemy/actor/lib/test/auto/PublisherPortSubscriberPortOpaqueWidthInference.xml
3 ms. Memory: 1570304K Free: 1188050K (76%)
----------------- Invoking toplevel() on ptolemy.moml.MoMLSimpleApplication@11f4c768
----------------- Done invoking toplevel() on ptolemy.moml.MoMLSimpleApplication@11f4c768
reloadAllAccessors: .PublisherPortSubscriberPortOpaqueWidthInference

===========================================================================================
----------------- testing Wed Jun 20 05:06:24 UTC 2018 /home/travis/build/icyphy/ptII/ptolemy/actor/lib/test/auto/PublisherPortToplevelSubscriberPortAOC.xml
----------------- Instantiating /home/travis/build/icyphy/ptII/ptolemy/actor/lib/test/auto/PublisherPortToplevelSubscriberPortAOC.xml
.PublisherPortToplevelSubscriberPortAOC.TestExceptionAttribute: initialize() was not invoked, but wrapup() was.  This is unusual, but not always a problem.  For example, exporting JNLP will do this.
1 ms. Memory: 1570304K Free: 1176287K (75%)
----------------- Invoking toplevel() on ptolemy.moml.MoMLSimpleApplication@32417ee8
----------------- Done invoking toplevel() on ptolemy.moml.MoMLSimpleApplication@32417ee8
reloadAllAccessors: .PublisherPortToplevelSubscriberPortAOC

===========================================================================================
----------------- testing Wed Jun 20 05:06:24 UTC 2018 /home/travis/build/icyphy/ptII/ptolemy/actor/lib/test/auto/PublisherSubscriber.xml
----------------- Instantiating /home/travis/build/icyphy/ptII/ptolemy/actor/lib/test/auto/PublisherSubscriber.xml
3 ms. Memory: 1570304K Free: 1156852K (74%)
----------------- Invoking toplevel() on ptolemy.moml.MoMLSimpleApplication@7366ad93
----------------- Done invoking toplevel() on ptolemy.moml.MoMLSimpleApplication@7366ad93
reloadAllAccessors: .PublisherSubscriber

===========================================================================================
----------------- testing Wed Jun 20 05:06:24 UTC 2018 /home/travis/build/icyphy/ptII/ptolemy/actor/lib/test/auto/PublisherSubscriber10.xml
----------------- Instantiating /home/travis/build/icyphy/ptII/ptolemy/actor/lib/test/auto/PublisherSubscriber10.xml
6 ms. Memory: 1570304K Free: 1139190K (73%)
----------------- Invoking toplevel() on ptolemy.moml.MoMLSimpleApplication@2aa35269
----------------- Done invoking toplevel() on ptolemy.moml.MoMLSimpleApplication@2aa35269
reloadAllAccessors: .PublisherSubscriber10

===========================================================================================
----------------- testing Wed Jun 20 05:06:24 UTC 2018 /home/travis/build/icyphy/ptII/ptolemy/actor/lib/test/auto/PublisherSubscriber10InitialOutputs.xml
----------------- Instantiating /home/travis/build/icyphy/ptII/ptolemy/actor/lib/test/auto/PublisherSubscriber10InitialOutputs.xml
11 ms. Memory: 1570304K Free: 1121529K (71%)
----------------- Invoking toplevel() on ptolemy.moml.MoMLSimpleApplication@6487285
----------------- Done invoking toplevel() on ptolemy.moml.MoMLSimpleApplication@6487285
reloadAllAccessors: .PublisherSubscriber10InitialOutputs

===========================================================================================
----------------- testing Wed Jun 20 05:06:24 UTC 2018 /home/travis/build/icyphy/ptII/ptolemy/actor/lib/test/auto/PublisherSubscriber11.xml
----------------- Instantiating /home/travis/build/icyphy/ptII/ptolemy/actor/lib/test/auto/PublisherSubscriber11.xml
3 ms. Memory: 1570304K Free: 1102094K (70%)
----------------- Invoking toplevel() on ptolemy.moml.MoMLSimpleApplication@16f83030
----------------- Done invoking toplevel() on ptolemy.moml.MoMLSimpleApplication@16f83030
reloadAllAccessors: .PublisherSubscriber11

===========================================================================================
----------------- testing Wed Jun 20 05:06:24 UTC 2018 /home/travis/build/icyphy/ptII/ptolemy/actor/lib/test/auto/PublisherSubscriber12.xml
----------------- Instantiating /home/travis/build/icyphy/ptII/ptolemy/actor/lib/test/auto/PublisherSubscriber12.xml
5 ms. Memory: 1570304K Free: 1090330K (69%)
----------------- Invoking toplevel() on ptolemy.moml.MoMLSimpleApplication@428e7194
----------------- Done invoking toplevel() on ptolemy.moml.MoMLSimpleApplication@428e7194
reloadAllAccessors: .PublisherSubscriber12

===========================================================================================
----------------- testing Wed Jun 20 05:06:24 UTC 2018 /home/travis/build/icyphy/ptII/ptolemy/actor/lib/test/auto/PublisherSubscriber13.xml
----------------- Instantiating /home/travis/build/icyphy/ptII/ptolemy/actor/lib/test/auto/PublisherSubscriber13.xml
2 ms. Memory: 1570304K Free: 1078567K (69%)
----------------- Invoking toplevel() on ptolemy.moml.MoMLSimpleApplication@29a9f267
----------------- Done invoking toplevel() on ptolemy.moml.MoMLSimpleApplication@29a9f267
reloadAllAccessors: .PublisherSubscriber13

===========================================================================================
----------------- testing Wed Jun 20 05:06:24 UTC 2018 /home/travis/build/icyphy/ptII/ptolemy/actor/lib/test/auto/PublisherSubscriber14.xml
----------------- Instantiating /home/travis/build/icyphy/ptII/ptolemy/actor/lib/test/auto/PublisherSubscriber14.xml
2 ms. Memory: 1570304K Free: 1053250K (67%)
----------------- Invoking toplevel() on ptolemy.moml.MoMLSimpleApplication@7b713745
----------------- Done invoking toplevel() on ptolemy.moml.MoMLSimpleApplication@7b713745
reloadAllAccessors: .PublisherSubscriber14

===========================================================================================
----------------- testing Wed Jun 20 05:06:24 UTC 2018 /home/travis/build/icyphy/ptII/ptolemy/actor/lib/test/auto/PublisherSubscriber2.xml
----------------- Instantiating /home/travis/build/icyphy/ptII/ptolemy/actor/lib/test/auto/PublisherSubscriber2.xml
3 ms. Memory: 1570304K Free: 1041486K (66%)
----------------- Invoking toplevel() on ptolemy.moml.MoMLSimpleApplication@1c0ce667
----------------- Done invoking toplevel() on ptolemy.moml.MoMLSimpleApplication@1c0ce667
reloadAllAccessors: .PublisherSubscriber2

===========================================================================================
----------------- testing Wed Jun 20 05:06:24 UTC 2018 /home/travis/build/icyphy/ptII/ptolemy/actor/lib/test/auto/PublisherSubscriber3.xml
----------------- Instantiating /home/travis/build/icyphy/ptII/ptolemy/actor/lib/test/auto/PublisherSubscriber3.xml
2 ms. Memory: 1570304K Free: 1029723K (66%)
----------------- Invoking toplevel() on ptolemy.moml.MoMLSimpleApplication@54138b8d
----------------- Done invoking toplevel() on ptolemy.moml.MoMLSimpleApplication@54138b8d
reloadAllAccessors: .PublisherSubscriber3

===========================================================================================
----------------- testing Wed Jun 20 05:06:24 UTC 2018 /home/travis/build/icyphy/ptII/ptolemy/actor/lib/test/auto/PublisherSubscriber4.xml
----------------- Instantiating /home/travis/build/icyphy/ptII/ptolemy/actor/lib/test/auto/PublisherSubscriber4.xml
1 ms. Memory: 1570304K Free: 1010288K (64%)
----------------- Invoking toplevel() on ptolemy.moml.MoMLSimpleApplication@4bf50e48
----------------- Done invoking toplevel() on ptolemy.moml.MoMLSimpleApplication@4bf50e48
reloadAllAccessors: .PublisherSubscriber4

===========================================================================================
----------------- testing Wed Jun 20 05:06:24 UTC 2018 /home/travis/build/icyphy/ptII/ptolemy/actor/lib/test/auto/PublisherSubscriber5.xml
----------------- Instantiating /home/travis/build/icyphy/ptII/ptolemy/actor/lib/test/auto/PublisherSubscriber5.xml
4 ms. Memory: 1570304K Free: 998524K (64%)
----------------- Invoking toplevel() on ptolemy.moml.MoMLSimpleApplication@1221cd8a
----------------- Done invoking toplevel() on ptolemy.moml.MoMLSimpleApplication@1221cd8a
reloadAllAccessors: .PublisherSubscriber5

===========================================================================================
----------------- testing Wed Jun 20 05:06:24 UTC 2018 /home/travis/build/icyphy/ptII/ptolemy/actor/lib/test/auto/PublisherSubscriber6.xml
----------------- Instantiating /home/travis/build/icyphy/ptII/ptolemy/actor/lib/test/auto/PublisherSubscriber6.xml
4 ms. Memory: 1570304K Free: 986761K (63%)
----------------- Invoking toplevel() on ptolemy.moml.MoMLSimpleApplication@ae4a4cd
----------------- Done invoking toplevel() on ptolemy.moml.MoMLSimpleApplication@ae4a4cd
reloadAllAccessors: .PublisherSubscriber6

===========================================================================================
----------------- testing Wed Jun 20 05:06:24 UTC 2018 /home/travis/build/icyphy/ptII/ptolemy/actor/lib/test/auto/PublisherSubscriber7.xml
----------------- Instantiating /home/travis/build/icyphy/ptII/ptolemy/actor/lib/test/auto/PublisherSubscriber7.xml
6 ms. Memory: 1570304K Free: 974997K (62%)
----------------- Invoking toplevel() on ptolemy.moml.MoMLSimpleApplication@4fc4fb26
----------------- Done invoking toplevel() on ptolemy.moml.MoMLSimpleApplication@4fc4fb26
reloadAllAccessors: .PublisherSubscriber7

===========================================================================================
----------------- testing Wed Jun 20 05:06:24 UTC 2018 /home/travis/build/icyphy/ptII/ptolemy/actor/lib/test/auto/PublisherSubscriber8.xml
----------------- Instantiating /home/travis/build/icyphy/ptII/ptolemy/actor/lib/test/auto/PublisherSubscriber8.xml
18 ms. Memory: 1570304K Free: 896743K (57%)
----------------- Invoking toplevel() on ptolemy.moml.MoMLSimpleApplication@4d1215d0
----------------- Done invoking toplevel() on ptolemy.moml.MoMLSimpleApplication@4d1215d0
reloadAllAccessors: .PublisherSubscriber8

===========================================================================================
----------------- testing Wed Jun 20 05:06:24 UTC 2018 /home/travis/build/icyphy/ptII/ptolemy/actor/lib/test/auto/PublisherSubscriber9.xml
----------------- Instantiating /home/travis/build/icyphy/ptII/ptolemy/actor/lib/test/auto/PublisherSubscriber9.xml
2 ms. Memory: 1570304K Free: 884980K (56%)
----------------- Invoking toplevel() on ptolemy.moml.MoMLSimpleApplication@5158f487
----------------- Done invoking toplevel() on ptolemy.moml.MoMLSimpleApplication@5158f487
reloadAllAccessors: .PublisherSubscriber9

===========================================================================================
----------------- testing Wed Jun 20 05:06:24 UTC 2018 /home/travis/build/icyphy/ptII/ptolemy/actor/lib/test/auto/PublisherSubscriberAdjacent.xml
----------------- Instantiating /home/travis/build/icyphy/ptII/ptolemy/actor/lib/test/auto/PublisherSubscriberAdjacent.xml
2 ms. Memory: 1570304K Free: 867326K (55%)
----------------- Invoking toplevel() on ptolemy.moml.MoMLSimpleApplication@21d8ab88
----------------- Done invoking toplevel() on ptolemy.moml.MoMLSimpleApplication@21d8ab88
reloadAllAccessors: .PublisherSubscriberAdjacent

===========================================================================================
----------------- testing Wed Jun 20 05:06:24 UTC 2018 /home/travis/build/icyphy/ptII/ptolemy/actor/lib/test/auto/PublisherSubscriberChannelVariablesAOC2.xml
----------------- Instantiating /home/travis/build/icyphy/ptII/ptolemy/actor/lib/test/auto/PublisherSubscriberChannelVariablesAOC2.xml
2 ms. Memory: 1570304K Free: 836096K (53%)
----------------- Invoking toplevel() on ptolemy.moml.MoMLSimpleApplication@30a808bc
----------------- Done invoking toplevel() on ptolemy.moml.MoMLSimpleApplication@30a808bc
reloadAllAccessors: .PublisherSubscriberChannelVariablesAOC2

===========================================================================================
----------------- testing Wed Jun 20 05:06:24 UTC 2018 /home/travis/build/icyphy/ptII/ptolemy/actor/lib/test/auto/PublisherSubscriberD3.xml
----------------- Instantiating /home/travis/build/icyphy/ptII/ptolemy/actor/lib/test/auto/PublisherSubscriberD3.xml
1 ms. Memory: 1570304K Free: 824332K (52%)
----------------- Invoking toplevel() on ptolemy.moml.MoMLSimpleApplication@7a8cd0b
----------------- Done invoking toplevel() on ptolemy.moml.MoMLSimpleApplication@7a8cd0b
reloadAllAccessors: .PublisherSubscriberD3

===========================================================================================
----------------- testing Wed Jun 20 05:06:24 UTC 2018 /home/travis/build/icyphy/ptII/ptolemy/actor/lib/test/auto/PublisherSubscriberD3Reverse.xml
----------------- Instantiating /home/travis/build/icyphy/ptII/ptolemy/actor/lib/test/auto/PublisherSubscriberD3Reverse.xml
1 ms. Memory: 1570304K Free: 812568K (52%)
----------------- Invoking toplevel() on ptolemy.moml.MoMLSimpleApplication@444b14ed
----------------- Done invoking toplevel() on ptolemy.moml.MoMLSimpleApplication@444b14ed
reloadAllAccessors: .PublisherSubscriberD3Reverse

===========================================================================================
----------------- testing Wed Jun 20 05:06:24 UTC 2018 /home/travis/build/icyphy/ptII/ptolemy/actor/lib/test/auto/PublisherSubscriberExpression.xml
----------------- Instantiating /home/travis/build/icyphy/ptII/ptolemy/actor/lib/test/auto/PublisherSubscriberExpression.xml
4 ms. Memory: 1570304K Free: 787252K (50%)
----------------- Invoking toplevel() on ptolemy.moml.MoMLSimpleApplication@4fca28ad
----------------- Done invoking toplevel() on ptolemy.moml.MoMLSimpleApplication@4fca28ad
reloadAllAccessors: .PublisherSubscriberExpression

===========================================================================================
----------------- testing Wed Jun 20 05:06:24 UTC 2018 /home/travis/build/icyphy/ptII/ptolemy/actor/lib/test/auto/PublisherSubscriberOpaque.xml
----------------- Instantiating /home/travis/build/icyphy/ptII/ptolemy/actor/lib/test/auto/PublisherSubscriberOpaque.xml
3 ms. Memory: 1570304K Free: 775488K (49%)
----------------- Invoking toplevel() on ptolemy.moml.MoMLSimpleApplication@72a36162
----------------- Done invoking toplevel() on ptolemy.moml.MoMLSimpleApplication@72a36162
reloadAllAccessors: .PublisherSubscriberOpaque

===========================================================================================
----------------- testing Wed Jun 20 05:06:24 UTC 2018 /home/travis/build/icyphy/ptII/ptolemy/actor/lib/test/auto/PublisherSubscriberOpaqueD3.xml
----------------- Instantiating /home/travis/build/icyphy/ptII/ptolemy/actor/lib/test/auto/PublisherSubscriberOpaqueD3.xml
5 ms. Memory: 1570304K Free: 757827K (48%)
----------------- Invoking toplevel() on ptolemy.moml.MoMLSimpleApplication@3fad8374
----------------- Done invoking toplevel() on ptolemy.moml.MoMLSimpleApplication@3fad8374
reloadAllAccessors: .PublisherSubscriberOpaqueD3

===========================================================================================
----------------- testing Wed Jun 20 05:06:24 UTC 2018 /home/travis/build/icyphy/ptII/ptolemy/actor/lib/test/auto/PublisherSubscriberOpaqueD3Reverse.xml
----------------- Instantiating /home/travis/build/icyphy/ptII/ptolemy/actor/lib/test/auto/PublisherSubscriberOpaqueD3Reverse.xml
7 ms. Memory: 1570304K Free: 732494K (47%)
----------------- Invoking toplevel() on ptolemy.moml.MoMLSimpleApplication@4553fa66
----------------- Done invoking toplevel() on ptolemy.moml.MoMLSimpleApplication@4553fa66
reloadAllAccessors: .PublisherSubscriberOpaqueD3Reverse

===========================================================================================
----------------- testing Wed Jun 20 05:06:24 UTC 2018 /home/travis/build/icyphy/ptII/ptolemy/actor/lib/test/auto/PublisherSubscriberOpaqueWidthInference.xml
----------------- Instantiating /home/travis/build/icyphy/ptII/ptolemy/actor/lib/test/auto/PublisherSubscriberOpaqueWidthInference.xml
3 ms. Memory: 1570304K Free: 720730K (46%)
----------------- Invoking toplevel() on ptolemy.moml.MoMLSimpleApplication@4c00577d
----------------- Done invoking toplevel() on ptolemy.moml.MoMLSimpleApplication@4c00577d
reloadAllAccessors: .PublisherSubscriberOpaqueWidthInference

===========================================================================================
----------------- testing Wed Jun 20 05:06:24 UTC 2018 /home/travis/build/icyphy/ptII/ptolemy/actor/lib/test/auto/PublisherTestSubscriber.xml
----------------- Instantiating /home/travis/build/icyphy/ptII/ptolemy/actor/lib/test/auto/PublisherTestSubscriber.xml
3 ms. Memory: 1570304K Free: 708967K (45%)
----------------- Invoking toplevel() on ptolemy.moml.MoMLSimpleApplication@5a730bd4
----------------- Done invoking toplevel() on ptolemy.moml.MoMLSimpleApplication@5a730bd4
reloadAllAccessors: .PublisherTestSubscriber

===========================================================================================
----------------- testing Wed Jun 20 05:06:24 UTC 2018 /home/travis/build/icyphy/ptII/ptolemy/actor/lib/test/auto/PublisherToplevelSubscriberPortAOC.xml
----------------- Instantiating /home/travis/build/icyphy/ptII/ptolemy/actor/lib/test/auto/PublisherToplevelSubscriberPortAOC.xml
2 ms. Memory: 1570304K Free: 689532K (44%)
----------------- Invoking toplevel() on ptolemy.moml.MoMLSimpleApplication@6446eaaa
----------------- Done invoking toplevel() on ptolemy.moml.MoMLSimpleApplication@6446eaaa
reloadAllAccessors: .PublisherToplevelSubscriberPortAOC

===========================================================================================
----------------- testing Wed Jun 20 05:06:24 UTC 2018 /home/travis/build/icyphy/ptII/ptolemy/actor/lib/test/auto/PulseFiringLimitDE.xml
----------------- Instantiating /home/travis/build/icyphy/ptII/ptolemy/actor/lib/test/auto/PulseFiringLimitDE.xml
2 ms. Memory: 1570304K Free: 677768K (43%)
----------------- Invoking toplevel() on ptolemy.moml.MoMLSimpleApplication@5bc4904f
----------------- Done invoking toplevel() on ptolemy.moml.MoMLSimpleApplication@5bc4904f
reloadAllAccessors: .PulseFiringLimitDE

===========================================================================================
----------------- testing Wed Jun 20 05:06:24 UTC 2018 /home/travis/build/icyphy/ptII/ptolemy/actor/lib/test/auto/Ramp1.xml
----------------- Instantiating /home/travis/build/icyphy/ptII/ptolemy/actor/lib/test/auto/Ramp1.xml
1 ms. Memory: 1570304K Free: 666004K (42%)
----------------- Invoking toplevel() on ptolemy.moml.MoMLSimpleApplication@3abed332
----------------- Done invoking toplevel() on ptolemy.moml.MoMLSimpleApplication@3abed332
reloadAllAccessors: .Ramp1

===========================================================================================
----------------- testing Wed Jun 20 05:06:24 UTC 2018 /home/travis/build/icyphy/ptII/ptolemy/actor/lib/test/auto/RampFiringLimitDE.xml
----------------- Instantiating /home/travis/build/icyphy/ptII/ptolemy/actor/lib/test/auto/RampFiringLimitDE.xml
3 ms. Memory: 1570304K Free: 646570K (41%)
----------------- Invoking toplevel() on ptolemy.moml.MoMLSimpleApplication@92a6f39
----------------- Done invoking toplevel() on ptolemy.moml.MoMLSimpleApplication@92a6f39
reloadAllAccessors: .RampFiringLimitDE

===========================================================================================
----------------- testing Wed Jun 20 05:06:24 UTC 2018 /home/travis/build/icyphy/ptII/ptolemy/actor/lib/test/auto/RampFiringLimitSDF.xml
----------------- Instantiating /home/travis/build/icyphy/ptII/ptolemy/actor/lib/test/auto/RampFiringLimitSDF.xml
1 ms. Memory: 1570304K Free: 634806K (40%)
----------------- Invoking toplevel() on ptolemy.moml.MoMLSimpleApplication@62eaf86e
----------------- Done invoking toplevel() on ptolemy.moml.MoMLSimpleApplication@62eaf86e
reloadAllAccessors: .RampFiringLimitSDF

===========================================================================================
----------------- testing Wed Jun 20 05:06:24 UTC 2018 /home/travis/build/icyphy/ptII/ptolemy/actor/lib/test/auto/RandomInteger.xml
----------------- Instantiating /home/travis/build/icyphy/ptII/ptolemy/actor/lib/test/auto/RandomInteger.xml
2 ms. Memory: 1570304K Free: 623042K (40%)
----------------- Invoking toplevel() on ptolemy.moml.MoMLSimpleApplication@3db9aa19
----------------- Done invoking toplevel() on ptolemy.moml.MoMLSimpleApplication@3db9aa19
reloadAllAccessors: .RandomInteger

===========================================================================================
----------------- testing Wed Jun 20 05:06:24 UTC 2018 /home/travis/build/icyphy/ptII/ptolemy/actor/lib/test/auto/ReadFile1.xml
----------------- Instantiating /home/travis/build/icyphy/ptII/ptolemy/actor/lib/test/auto/ReadFile1.xml
2 ms. Memory: 1570304K Free: 603608K (38%)
----------------- Invoking toplevel() on ptolemy.moml.MoMLSimpleApplication@46a8c9f5
----------------- Done invoking toplevel() on ptolemy.moml.MoMLSimpleApplication@46a8c9f5
reloadAllAccessors: .ReadFile1

===========================================================================================
----------------- testing Wed Jun 20 05:06:24 UTC 2018 /home/travis/build/icyphy/ptII/ptolemy/actor/lib/test/auto/ReadFile2.xml
----------------- Instantiating /home/travis/build/icyphy/ptII/ptolemy/actor/lib/test/auto/ReadFile2.xml
1 ms. Memory: 1570304K Free: 591844K (38%)
----------------- Invoking toplevel() on ptolemy.moml.MoMLSimpleApplication@266b73e
----------------- Done invoking toplevel() on ptolemy.moml.MoMLSimpleApplication@266b73e
reloadAllAccessors: .ReadFile2

===========================================================================================
----------------- testing Wed Jun 20 05:06:24 UTC 2018 /home/travis/build/icyphy/ptII/ptolemy/actor/lib/test/auto/Reader.xml
----------------- Instantiating /home/travis/build/icyphy/ptII/ptolemy/actor/lib/test/auto/Reader.xml
actor.lib.Reader is obsolete, use actor.lib.io.ExpressionReader instead
6 ms. Memory: 1570304K Free: 580080K (37%)
----------------- Invoking toplevel() on ptolemy.moml.MoMLSimpleApplication@4e41709f
----------------- Done invoking toplevel() on ptolemy.moml.MoMLSimpleApplication@4e41709f
reloadAllAccessors: .Reader

===========================================================================================
----------------- testing Wed Jun 20 05:06:24 UTC 2018 /home/travis/build/icyphy/ptII/ptolemy/actor/lib/test/auto/RecordAssemblerDisplayNameTest.xml
----------------- Instantiating /home/travis/build/icyphy/ptII/ptolemy/actor/lib/test/auto/RecordAssemblerDisplayNameTest.xml
2950 ms. Memory: 1603584K Free: 797420K (50%)
----------------- Invoking toplevel() on ptolemy.moml.MoMLSimpleApplication@2da6bee8
----------------- Done invoking toplevel() on ptolemy.moml.MoMLSimpleApplication@2da6bee8
reloadAllAccessors: .RecordAssemblerDisplayNameTest

===========================================================================================
----------------- testing Wed Jun 20 05:06:27 UTC 2018 /home/travis/build/icyphy/ptII/ptolemy/actor/lib/test/auto/RecordAssemblerTypeError.xml
----------------- Instantiating /home/travis/build/icyphy/ptII/ptolemy/actor/lib/test/auto/RecordAssemblerTypeError.xml
10 ms. Memory: 1603584K Free: 766080K (48%)
----------------- Invoking toplevel() on ptolemy.moml.MoMLSimpleApplication@48f015d2
----------------- Done invoking toplevel() on ptolemy.moml.MoMLSimpleApplication@48f015d2
reloadAllAccessors: .RecordAssemblerTypeError

===========================================================================================
----------------- testing Wed Jun 20 05:06:27 UTC 2018 /home/travis/build/icyphy/ptII/ptolemy/actor/lib/test/auto/RecordDisassember.xml
----------------- Instantiating /home/travis/build/icyphy/ptII/ptolemy/actor/lib/test/auto/RecordDisassember.xml
3 ms. Memory: 1603584K Free: 751227K (47%)
----------------- Invoking toplevel() on ptolemy.moml.MoMLSimpleApplication@6b2f5e81
----------------- Done invoking toplevel() on ptolemy.moml.MoMLSimpleApplication@6b2f5e81
reloadAllAccessors: .RecordDisassember

===========================================================================================
----------------- testing Wed Jun 20 05:06:27 UTC 2018 /home/travis/build/icyphy/ptII/ptolemy/actor/lib/test/auto/RecordDisassemberDisplayNameTest.xml
----------------- Instantiating /home/travis/build/icyphy/ptII/ptolemy/actor/lib/test/auto/RecordDisassemberDisplayNameTest.xml
4 ms. Memory: 1603584K Free: 730340K (46%)
----------------- Invoking toplevel() on ptolemy.moml.MoMLSimpleApplication@c0bd9df
----------------- Done invoking toplevel() on ptolemy.moml.MoMLSimpleApplication@c0bd9df
reloadAllAccessors: .RecordDisassemberDisplayNameTest

===========================================================================================
----------------- testing Wed Jun 20 05:06:27 UTC 2018 /home/travis/build/icyphy/ptII/ptolemy/actor/lib/test/auto/RecordDisassembler.xml
----------------- Instantiating /home/travis/build/icyphy/ptII/ptolemy/actor/lib/test/auto/RecordDisassembler.xml
2 ms. Memory: 1603584K Free: 715487K (45%)
----------------- Invoking toplevel() on ptolemy.moml.MoMLSimpleApplication@4895d836
----------------- Done invoking toplevel() on ptolemy.moml.MoMLSimpleApplication@4895d836
reloadAllAccessors: .RecordDisassembler

===========================================================================================
----------------- testing Wed Jun 20 05:06:27 UTC 2018 /home/travis/build/icyphy/ptII/ptolemy/actor/lib/test/auto/RecordDisassembler2.xml
----------------- Instantiating /home/travis/build/icyphy/ptII/ptolemy/actor/lib/test/auto/RecordDisassembler2.xml
2 ms. Memory: 1603584K Free: 694600K (43%)
----------------- Invoking toplevel() on ptolemy.moml.MoMLSimpleApplication@7d1e750f
----------------- Done invoking toplevel() on ptolemy.moml.MoMLSimpleApplication@7d1e750f
reloadAllAccessors: .RecordDisassembler2

===========================================================================================
----------------- testing Wed Jun 20 05:06:27 UTC 2018 /home/travis/build/icyphy/ptII/ptolemy/actor/lib/test/auto/RecordUpdater.xml
----------------- Instantiating /home/travis/build/icyphy/ptII/ptolemy/actor/lib/test/auto/RecordUpdater.xml
2 ms. Memory: 1603584K Free: 679747K (42%)
----------------- Invoking toplevel() on ptolemy.moml.MoMLSimpleApplication@69d0edd2
----------------- Done invoking toplevel() on ptolemy.moml.MoMLSimpleApplication@69d0edd2
reloadAllAccessors: .RecordUpdater

===========================================================================================
----------------- testing Wed Jun 20 05:06:27 UTC 2018 /home/travis/build/icyphy/ptII/ptolemy/actor/lib/test/auto/RecordUpdater2.xml
----------------- Instantiating /home/travis/build/icyphy/ptII/ptolemy/actor/lib/test/auto/RecordUpdater2.xml
1 ms. Memory: 1603584K Free: 664894K (41%)
----------------- Invoking toplevel() on ptolemy.moml.MoMLSimpleApplication@6f668df5
----------------- Done invoking toplevel() on ptolemy.moml.MoMLSimpleApplication@6f668df5
reloadAllAccessors: .RecordUpdater2

===========================================================================================
----------------- testing Wed Jun 20 05:06:27 UTC 2018 /home/travis/build/icyphy/ptII/ptolemy/actor/lib/test/auto/RecursiveLattice.xml
----------------- Instantiating /home/travis/build/icyphy/ptII/ptolemy/actor/lib/test/auto/RecursiveLattice.xml
1 ms. Memory: 1603584K Free: 644007K (40%)
----------------- Invoking toplevel() on ptolemy.moml.MoMLSimpleApplication@6ac0269b
----------------- Done invoking toplevel() on ptolemy.moml.MoMLSimpleApplication@6ac0269b
reloadAllAccessors: .RecursiveLattice

===========================================================================================
----------------- testing Wed Jun 20 05:06:27 UTC 2018 /home/travis/build/icyphy/ptII/ptolemy/actor/lib/test/auto/Router.xml
----------------- Instantiating /home/travis/build/icyphy/ptII/ptolemy/actor/lib/test/auto/Router.xml
3003 ms. Memory: 1603584K Free: 629153K (39%)
----------------- Invoking toplevel() on ptolemy.moml.MoMLSimpleApplication@3fbded90
----------------- Done invoking toplevel() on ptolemy.moml.MoMLSimpleApplication@3fbded90
reloadAllAccessors: .Router

===========================================================================================
----------------- testing Wed Jun 20 05:06:30 UTC 2018 /home/travis/build/icyphy/ptII/ptolemy/actor/lib/test/auto/Router2.xml
----------------- Instantiating /home/travis/build/icyphy/ptII/ptolemy/actor/lib/test/auto/Router2.xml
3003 ms. Memory: 1603584K Free: 608266K (38%)
----------------- Invoking toplevel() on ptolemy.moml.MoMLSimpleApplication@6e80b418
----------------- Done invoking toplevel() on ptolemy.moml.MoMLSimpleApplication@6e80b418
reloadAllAccessors: .Router2

===========================================================================================
----------------- testing Wed Jun 20 05:06:34 UTC 2018 /home/travis/build/icyphy/ptII/ptolemy/actor/lib/test/auto/RunningMaximum.xml
----------------- Instantiating /home/travis/build/icyphy/ptII/ptolemy/actor/lib/test/auto/RunningMaximum.xml
1 ms. Memory: 1603584K Free: 593413K (37%)
----------------- Invoking toplevel() on ptolemy.moml.MoMLSimpleApplication@2ed76655
----------------- Done invoking toplevel() on ptolemy.moml.MoMLSimpleApplication@2ed76655
reloadAllAccessors: .RunningMaximum

===========================================================================================
----------------- testing Wed Jun 20 05:06:34 UTC 2018 /home/travis/build/icyphy/ptII/ptolemy/actor/lib/test/auto/RunningMinimum.xml
----------------- Instantiating /home/travis/build/icyphy/ptII/ptolemy/actor/lib/test/auto/RunningMinimum.xml
2 ms. Memory: 1603584K Free: 578560K (36%)
----------------- Invoking toplevel() on ptolemy.moml.MoMLSimpleApplication@5dca96ee
----------------- Done invoking toplevel() on ptolemy.moml.MoMLSimpleApplication@5dca96ee
reloadAllAccessors: .RunningMinimum

===========================================================================================
----------------- testing Wed Jun 20 05:06:34 UTC 2018 /home/travis/build/icyphy/ptII/ptolemy/actor/lib/test/auto/Scale.xml
----------------- Instantiating /home/travis/build/icyphy/ptII/ptolemy/actor/lib/test/auto/Scale.xml
1 ms. Memory: 1603584K Free: 557673K (35%)
----------------- Invoking toplevel() on ptolemy.moml.MoMLSimpleApplication@6d5d08a3
----------------- Done invoking toplevel() on ptolemy.moml.MoMLSimpleApplication@6d5d08a3
reloadAllAccessors: .Scale

===========================================================================================
----------------- testing Wed Jun 20 05:06:34 UTC 2018 /home/travis/build/icyphy/ptII/ptolemy/actor/lib/test/auto/Scale2.xml
----------------- Instantiating /home/travis/build/icyphy/ptII/ptolemy/actor/lib/test/auto/Scale2.xml
2 ms. Memory: 1603584K Free: 542820K (34%)
----------------- Invoking toplevel() on ptolemy.moml.MoMLSimpleApplication@7444bb31
----------------- Done invoking toplevel() on ptolemy.moml.MoMLSimpleApplication@7444bb31
reloadAllAccessors: .Scale2

===========================================================================================
----------------- testing Wed Jun 20 05:06:34 UTC 2018 /home/travis/build/icyphy/ptII/ptolemy/actor/lib/test/auto/Scale3.xml
----------------- Instantiating /home/travis/build/icyphy/ptII/ptolemy/actor/lib/test/auto/Scale3.xml
2 ms. Memory: 1603584K Free: 521933K (33%)
----------------- Invoking toplevel() on ptolemy.moml.MoMLSimpleApplication@2371c29a
----------------- Done invoking toplevel() on ptolemy.moml.MoMLSimpleApplication@2371c29a
reloadAllAccessors: .Scale3

===========================================================================================
----------------- testing Wed Jun 20 05:06:34 UTC 2018 /home/travis/build/icyphy/ptII/ptolemy/actor/lib/test/auto/ScaleArray.xml
----------------- Instantiating /home/travis/build/icyphy/ptII/ptolemy/actor/lib/test/auto/ScaleArray.xml
1 ms. Memory: 1603584K Free: 507080K (32%)
----------------- Invoking toplevel() on ptolemy.moml.MoMLSimpleApplication@4a8a98ac
----------------- Done invoking toplevel() on ptolemy.moml.MoMLSimpleApplication@4a8a98ac
reloadAllAccessors: .ScaleArray

===========================================================================================
----------------- testing Wed Jun 20 05:06:34 UTC 2018 /home/travis/build/icyphy/ptII/ptolemy/actor/lib/test/auto/ScaleArray2.xml
----------------- Instantiating /home/travis/build/icyphy/ptII/ptolemy/actor/lib/test/auto/ScaleArray2.xml
1 ms. Memory: 1603584K Free: 492227K (31%)
----------------- Invoking toplevel() on ptolemy.moml.MoMLSimpleApplication@738f8dbb
----------------- Done invoking toplevel() on ptolemy.moml.MoMLSimpleApplication@738f8dbb
reloadAllAccessors: .ScaleArray2

===========================================================================================
----------------- testing Wed Jun 20 05:06:34 UTC 2018 /home/travis/build/icyphy/ptII/ptolemy/actor/lib/test/auto/ScaleMatrix.xml
----------------- Instantiating /home/travis/build/icyphy/ptII/ptolemy/actor/lib/test/auto/ScaleMatrix.xml
128 ms. Memory: 1603584K Free: 463913K (29%)
----------------- Invoking toplevel() on ptolemy.moml.MoMLSimpleApplication@6e08181e
----------------- Done invoking toplevel() on ptolemy.moml.MoMLSimpleApplication@6e08181e
reloadAllAccessors: .ScaleMatrix

===========================================================================================
----------------- testing Wed Jun 20 05:06:34 UTC 2018 /home/travis/build/icyphy/ptII/ptolemy/actor/lib/test/auto/Select.xml
----------------- Instantiating /home/travis/build/icyphy/ptII/ptolemy/actor/lib/test/auto/Select.xml
2 ms. Memory: 1603584K Free: 449060K (28%)
----------------- Invoking toplevel() on ptolemy.moml.MoMLSimpleApplication@59cf0d7c
----------------- Done invoking toplevel() on ptolemy.moml.MoMLSimpleApplication@59cf0d7c
reloadAllAccessors: .Select

===========================================================================================
----------------- testing Wed Jun 20 05:06:34 UTC 2018 /home/travis/build/icyphy/ptII/ptolemy/actor/lib/test/auto/Select2.xml
----------------- Instantiating /home/travis/build/icyphy/ptII/ptolemy/actor/lib/test/auto/Select2.xml
1 ms. Memory: 1603584K Free: 428173K (27%)
----------------- Invoking toplevel() on ptolemy.moml.MoMLSimpleApplication@77f16f97
----------------- Done invoking toplevel() on ptolemy.moml.MoMLSimpleApplication@77f16f97
reloadAllAccessors: .Select2

===========================================================================================
----------------- testing Wed Jun 20 05:06:34 UTC 2018 /home/travis/build/icyphy/ptII/ptolemy/actor/lib/test/auto/SequenceToArray2.xml
----------------- Instantiating /home/travis/build/icyphy/ptII/ptolemy/actor/lib/test/auto/SequenceToArray2.xml
78 ms. Memory: 1603584K Free: 339054K (21%)
----------------- Invoking toplevel() on ptolemy.moml.MoMLSimpleApplication@34376183
----------------- Done invoking toplevel() on ptolemy.moml.MoMLSimpleApplication@34376183
reloadAllAccessors: .SequenceToArray2

===========================================================================================
----------------- testing Wed Jun 20 05:06:34 UTC 2018 /home/travis/build/icyphy/ptII/ptolemy/actor/lib/test/auto/SequentialClock.xml
----------------- Instantiating /home/travis/build/icyphy/ptII/ptolemy/actor/lib/test/auto/SequentialClock.xml
5 ms. Memory: 1603584K Free: 318167K (20%)
----------------- Invoking toplevel() on ptolemy.moml.MoMLSimpleApplication@f320110
----------------- Done invoking toplevel() on ptolemy.moml.MoMLSimpleApplication@f320110
reloadAllAccessors: .SequentialClock

===========================================================================================
----------------- testing Wed Jun 20 05:06:34 UTC 2018 /home/travis/build/icyphy/ptII/ptolemy/actor/lib/test/auto/SetVariable.xml
----------------- Instantiating /home/travis/build/icyphy/ptII/ptolemy/actor/lib/test/auto/SetVariable.xml
2 ms. Memory: 1603584K Free: 303313K (19%)
----------------- Invoking toplevel() on ptolemy.moml.MoMLSimpleApplication@50c7aea4
----------------- Done invoking toplevel() on ptolemy.moml.MoMLSimpleApplication@50c7aea4
reloadAllAccessors: .SetVariable

===========================================================================================
----------------- testing Wed Jun 20 05:06:34 UTC 2018 /home/travis/build/icyphy/ptII/ptolemy/actor/lib/test/auto/SetVariable2.xml
----------------- Instantiating /home/travis/build/icyphy/ptII/ptolemy/actor/lib/test/auto/SetVariable2.xml
5 ms. Memory: 1603584K Free: 288460K (18%)
----------------- Invoking toplevel() on ptolemy.moml.MoMLSimpleApplication@1b1b68b
----------------- Done invoking toplevel() on ptolemy.moml.MoMLSimpleApplication@1b1b68b
reloadAllAccessors: .SetVariable2

===========================================================================================
----------------- testing Wed Jun 20 05:06:34 UTC 2018 /home/travis/build/icyphy/ptII/ptolemy/actor/lib/test/auto/SetVariable3.xml
----------------- Instantiating /home/travis/build/icyphy/ptII/ptolemy/actor/lib/test/auto/SetVariable3.xml
6 ms. Memory: 1603584K Free: 267573K (17%)
----------------- Invoking toplevel() on ptolemy.moml.MoMLSimpleApplication@533755ad
----------------- Done invoking toplevel() on ptolemy.moml.MoMLSimpleApplication@533755ad
reloadAllAccessors: .SetVariable3

===========================================================================================
----------------- testing Wed Jun 20 05:06:34 UTC 2018 /home/travis/build/icyphy/ptII/ptolemy/actor/lib/test/auto/SetVariable4.xml
----------------- Instantiating /home/travis/build/icyphy/ptII/ptolemy/actor/lib/test/auto/SetVariable4.xml
17 ms. Memory: 1603584K Free: 200734K (13%)
----------------- Invoking toplevel() on ptolemy.moml.MoMLSimpleApplication@1652f5e1
----------------- Done invoking toplevel() on ptolemy.moml.MoMLSimpleApplication@1652f5e1
reloadAllAccessors: .SetVariable4

===========================================================================================
----------------- testing Wed Jun 20 05:06:34 UTC 2018 /home/travis/build/icyphy/ptII/ptolemy/actor/lib/test/auto/SetVariable5.xml
----------------- Instantiating /home/travis/build/icyphy/ptII/ptolemy/actor/lib/test/auto/SetVariable5.xml
13 ms. Memory: 1603584K Free: 179847K (11%)
----------------- Invoking toplevel() on ptolemy.moml.MoMLSimpleApplication@3a594b83
----------------- Done invoking toplevel() on ptolemy.moml.MoMLSimpleApplication@3a594b83
reloadAllAccessors: .SetVariable5

===========================================================================================
----------------- testing Wed Jun 20 05:06:34 UTC 2018 /home/travis/build/icyphy/ptII/ptolemy/actor/lib/test/auto/Sinewave.xml
----------------- Instantiating /home/travis/build/icyphy/ptII/ptolemy/actor/lib/test/auto/Sinewave.xml
5 ms. Memory: 1603584K Free: 157552K (10%)
----------------- Invoking toplevel() on ptolemy.moml.MoMLSimpleApplication@2f2efcff
----------------- Done invoking toplevel() on ptolemy.moml.MoMLSimpleApplication@2f2efcff
reloadAllAccessors: .Sinewave

===========================================================================================
----------------- testing Wed Jun 20 05:06:34 UTC 2018 /home/travis/build/icyphy/ptII/ptolemy/actor/lib/test/auto/Sinewave2.xml
----------------- Instantiating /home/travis/build/icyphy/ptII/ptolemy/actor/lib/test/auto/Sinewave2.xml
4 ms. Memory: 1603584K Free: 142699K (9%)
----------------- Invoking toplevel() on ptolemy.moml.MoMLSimpleApplication@10eb7f9b
----------------- Done invoking toplevel() on ptolemy.moml.MoMLSimpleApplication@10eb7f9b
reloadAllAccessors: .Sinewave2

===========================================================================================
----------------- testing Wed Jun 20 05:06:34 UTC 2018 /home/travis/build/icyphy/ptII/ptolemy/actor/lib/test/auto/Sinewave3.xml
----------------- Instantiating /home/travis/build/icyphy/ptII/ptolemy/actor/lib/test/auto/Sinewave3.xml
5 ms. Memory: 1603584K Free: 121812K (8%)
----------------- Invoking toplevel() on ptolemy.moml.MoMLSimpleApplication@328cd85f
----------------- Done invoking toplevel() on ptolemy.moml.MoMLSimpleApplication@328cd85f
reloadAllAccessors: .Sinewave3

===========================================================================================
----------------- testing Wed Jun 20 05:06:34 UTC 2018 /home/travis/build/icyphy/ptII/ptolemy/actor/lib/test/auto/SingleEvent.xml
----------------- Instantiating /home/travis/build/icyphy/ptII/ptolemy/actor/lib/test/auto/SingleEvent.xml
1 ms. Memory: 1603584K Free: 106959K (7%)
----------------- Invoking toplevel() on ptolemy.moml.MoMLSimpleApplication@6261b96a
----------------- Done invoking toplevel() on ptolemy.moml.MoMLSimpleApplication@6261b96a
reloadAllAccessors: .SingleEvent

===========================================================================================
----------------- testing Wed Jun 20 05:06:34 UTC 2018 /home/travis/build/icyphy/ptII/ptolemy/actor/lib/test/auto/Sleep.xml
----------------- Instantiating /home/travis/build/icyphy/ptII/ptolemy/actor/lib/test/auto/Sleep.xml
6003 ms. Memory: 1603584K Free: 86071K (5%)
----------------- Invoking toplevel() on ptolemy.moml.MoMLSimpleApplication@21ed1018
----------------- Done invoking toplevel() on ptolemy.moml.MoMLSimpleApplication@21ed1018
reloadAllAccessors: .Sleep

===========================================================================================
----------------- testing Wed Jun 20 05:06:40 UTC 2018 /home/travis/build/icyphy/ptII/ptolemy/actor/lib/test/auto/SleepMultipleFire.xml
----------------- Instantiating /home/travis/build/icyphy/ptII/ptolemy/actor/lib/test/auto/SleepMultipleFire.xml
1010 ms. Memory: 1760768K Free: 1717351K (98%)
----------------- Invoking toplevel() on ptolemy.moml.MoMLSimpleApplication@1d9e78bb
----------------- Done invoking toplevel() on ptolemy.moml.MoMLSimpleApplication@1d9e78bb
reloadAllAccessors: .SleepMultipleFire

===========================================================================================
----------------- testing Wed Jun 20 05:06:41 UTC 2018 /home/travis/build/icyphy/ptII/ptolemy/actor/lib/test/auto/StopDE.xml
----------------- Instantiating /home/travis/build/icyphy/ptII/ptolemy/actor/lib/test/auto/StopDE.xml
6 ms. Memory: 1760768K Free: 1691669K (96%)
----------------- Invoking toplevel() on ptolemy.moml.MoMLSimpleApplication@7c3d39e0
----------------- Done invoking toplevel() on ptolemy.moml.MoMLSimpleApplication@7c3d39e0
reloadAllAccessors: .StopDE

===========================================================================================
----------------- testing Wed Jun 20 05:06:41 UTC 2018 /home/travis/build/icyphy/ptII/ptolemy/actor/lib/test/auto/StopSDF.xml
----------------- Instantiating /home/travis/build/icyphy/ptII/ptolemy/actor/lib/test/auto/StopSDF.xml
2 ms. Memory: 1760768K Free: 1670127K (95%)
----------------- Invoking toplevel() on ptolemy.moml.MoMLSimpleApplication@102de1d6
----------------- Done invoking toplevel() on ptolemy.moml.MoMLSimpleApplication@102de1d6
reloadAllAccessors: .StopSDF

===========================================================================================
----------------- testing Wed Jun 20 05:06:41 UTC 2018 /home/travis/build/icyphy/ptII/ptolemy/actor/lib/test/auto/StringConstant.xml
----------------- Instantiating /home/travis/build/icyphy/ptII/ptolemy/actor/lib/test/auto/StringConstant.xml
2 ms. Memory: 1760768K Free: 1653569K (94%)
----------------- Invoking toplevel() on ptolemy.moml.MoMLSimpleApplication@6ff38ecb
----------------- Done invoking toplevel() on ptolemy.moml.MoMLSimpleApplication@6ff38ecb
reloadAllAccessors: .StringConstant

===========================================================================================
----------------- testing Wed Jun 20 05:06:41 UTC 2018 /home/travis/build/icyphy/ptII/ptolemy/actor/lib/test/auto/SubscriberPortInitialValues1.xml
----------------- Instantiating /home/travis/build/icyphy/ptII/ptolemy/actor/lib/test/auto/SubscriberPortInitialValues1.xml
5 ms. Memory: 1760768K Free: 1632026K (93%)
----------------- Invoking toplevel() on ptolemy.moml.MoMLSimpleApplication@4eaae139
----------------- Done invoking toplevel() on ptolemy.moml.MoMLSimpleApplication@4eaae139
reloadAllAccessors: .SubscriberPortInitialValues1

===========================================================================================
----------------- testing Wed Jun 20 05:06:41 UTC 2018 /home/travis/build/icyphy/ptII/ptolemy/actor/lib/test/auto/SubscriberPortInitialValues13.xml
----------------- Instantiating /home/travis/build/icyphy/ptII/ptolemy/actor/lib/test/auto/SubscriberPortInitialValues13.xml
4 ms. Memory: 1760768K Free: 1607173K (91%)
----------------- Invoking toplevel() on ptolemy.moml.MoMLSimpleApplication@f33c40c
----------------- Done invoking toplevel() on ptolemy.moml.MoMLSimpleApplication@f33c40c
reloadAllAccessors: .SubscriberPortInitialValues13

===========================================================================================
----------------- testing Wed Jun 20 05:06:41 UTC 2018 /home/travis/build/icyphy/ptII/ptolemy/actor/lib/test/auto/SubscriberPortInitialValues14.xml
----------------- Instantiating /home/travis/build/icyphy/ptII/ptolemy/actor/lib/test/auto/SubscriberPortInitialValues14.xml
4 ms. Memory: 1760768K Free: 1585630K (90%)
----------------- Invoking toplevel() on ptolemy.moml.MoMLSimpleApplication@496b4750
----------------- Done invoking toplevel() on ptolemy.moml.MoMLSimpleApplication@496b4750
reloadAllAccessors: .SubscriberPortInitialValues14

===========================================================================================
----------------- testing Wed Jun 20 05:06:41 UTC 2018 /home/travis/build/icyphy/ptII/ptolemy/actor/lib/test/auto/SubscriberPortInitialValues2.xml
----------------- Instantiating /home/travis/build/icyphy/ptII/ptolemy/actor/lib/test/auto/SubscriberPortInitialValues2.xml
3 ms. Memory: 1760768K Free: 1569072K (89%)
----------------- Invoking toplevel() on ptolemy.moml.MoMLSimpleApplication@6c35d70e
----------------- Done invoking toplevel() on ptolemy.moml.MoMLSimpleApplication@6c35d70e
reloadAllAccessors: .SubscriberPortInitialValues2

===========================================================================================
----------------- testing Wed Jun 20 05:06:41 UTC 2018 /home/travis/build/icyphy/ptII/ptolemy/actor/lib/test/auto/SubscriberPortInitialValues3.xml
----------------- Instantiating /home/travis/build/icyphy/ptII/ptolemy/actor/lib/test/auto/SubscriberPortInitialValues3.xml
3 ms. Memory: 1760768K Free: 1547530K (88%)
----------------- Invoking toplevel() on ptolemy.moml.MoMLSimpleApplication@287fd119
----------------- Done invoking toplevel() on ptolemy.moml.MoMLSimpleApplication@287fd119
reloadAllAccessors: .SubscriberPortInitialValues3

===========================================================================================
----------------- testing Wed Jun 20 05:06:41 UTC 2018 /home/travis/build/icyphy/ptII/ptolemy/actor/lib/test/auto/SubscriptionAggregator.xml
----------------- Instantiating /home/travis/build/icyphy/ptII/ptolemy/actor/lib/test/auto/SubscriptionAggregator.xml
2 ms. Memory: 1760768K Free: 1530972K (87%)
----------------- Invoking toplevel() on ptolemy.moml.MoMLSimpleApplication@6dbf8465
----------------- Done invoking toplevel() on ptolemy.moml.MoMLSimpleApplication@6dbf8465
reloadAllAccessors: .SubscriptionAggregator

===========================================================================================
----------------- testing Wed Jun 20 05:06:41 UTC 2018 /home/travis/build/icyphy/ptII/ptolemy/actor/lib/test/auto/SubscriptionAggregator2.xml
----------------- Instantiating /home/travis/build/icyphy/ptII/ptolemy/actor/lib/test/auto/SubscriptionAggregator2.xml
2 ms. Memory: 1760768K Free: 1509429K (86%)
----------------- Invoking toplevel() on ptolemy.moml.MoMLSimpleApplication@64ddecf8
----------------- Done invoking toplevel() on ptolemy.moml.MoMLSimpleApplication@64ddecf8
reloadAllAccessors: .SubscriptionAggregator2

===========================================================================================
----------------- testing Wed Jun 20 05:06:41 UTC 2018 /home/travis/build/icyphy/ptII/ptolemy/actor/lib/test/auto/SubscriptionAggregator3.xml
----------------- Instantiating /home/travis/build/icyphy/ptII/ptolemy/actor/lib/test/auto/SubscriptionAggregator3.xml
2 ms. Memory: 1760768K Free: 1492871K (85%)
----------------- Invoking toplevel() on ptolemy.moml.MoMLSimpleApplication@3d5c13b4
----------------- Done invoking toplevel() on ptolemy.moml.MoMLSimpleApplication@3d5c13b4
reloadAllAccessors: .SubscriptionAggregator3

===========================================================================================
----------------- testing Wed Jun 20 05:06:41 UTC 2018 /home/travis/build/icyphy/ptII/ptolemy/actor/lib/test/auto/SubscriptionAggregatorMultiply.xml
----------------- Instantiating /home/travis/build/icyphy/ptII/ptolemy/actor/lib/test/auto/SubscriptionAggregatorMultiply.xml
3 ms. Memory: 1760768K Free: 1471328K (84%)
----------------- Invoking toplevel() on ptolemy.moml.MoMLSimpleApplication@52251c15
----------------- Done invoking toplevel() on ptolemy.moml.MoMLSimpleApplication@52251c15
reloadAllAccessors: .SubscriptionAggregatorMultiply

===========================================================================================
----------------- testing Wed Jun 20 05:06:41 UTC 2018 /home/travis/build/icyphy/ptII/ptolemy/actor/lib/test/auto/SubscriptionAggregatorPortMultiply1.xml
----------------- Instantiating /home/travis/build/icyphy/ptII/ptolemy/actor/lib/test/auto/SubscriptionAggregatorPortMultiply1.xml
3 ms. Memory: 1760768K Free: 1454770K (83%)
----------------- Invoking toplevel() on ptolemy.moml.MoMLSimpleApplication@52577a59
----------------- Done invoking toplevel() on ptolemy.moml.MoMLSimpleApplication@52577a59
reloadAllAccessors: .SubscriptionAggregatorPortMultiply1

===========================================================================================
----------------- testing Wed Jun 20 05:06:41 UTC 2018 /home/travis/build/icyphy/ptII/ptolemy/actor/lib/test/auto/Switch.xml
----------------- Instantiating /home/travis/build/icyphy/ptII/ptolemy/actor/lib/test/auto/Switch.xml
3 ms. Memory: 1760768K Free: 1383513K (79%)
----------------- Invoking toplevel() on ptolemy.moml.MoMLSimpleApplication@9859e46
----------------- Done invoking toplevel() on ptolemy.moml.MoMLSimpleApplication@9859e46
reloadAllAccessors: .Switch

===========================================================================================
----------------- testing Wed Jun 20 05:06:41 UTC 2018 /home/travis/build/icyphy/ptII/ptolemy/actor/lib/test/auto/Switch2.xml
----------------- Instantiating /home/travis/build/icyphy/ptII/ptolemy/actor/lib/test/auto/Switch2.xml
1 ms. Memory: 1760768K Free: 1366955K (78%)
----------------- Invoking toplevel() on ptolemy.moml.MoMLSimpleApplication@6a1e2d2
----------------- Done invoking toplevel() on ptolemy.moml.MoMLSimpleApplication@6a1e2d2
reloadAllAccessors: .Switch2

===========================================================================================
----------------- testing Wed Jun 20 05:06:42 UTC 2018 /home/travis/build/icyphy/ptII/ptolemy/actor/lib/test/auto/SwitchDE.xml
----------------- Instantiating /home/travis/build/icyphy/ptII/ptolemy/actor/lib/test/auto/SwitchDE.xml
1 ms. Memory: 1760768K Free: 1345413K (76%)
----------------- Invoking toplevel() on ptolemy.moml.MoMLSimpleApplication@10cdae3b
----------------- Done invoking toplevel() on ptolemy.moml.MoMLSimpleApplication@10cdae3b
reloadAllAccessors: .SwitchDE

===========================================================================================
----------------- testing Wed Jun 20 05:06:42 UTC 2018 /home/travis/build/icyphy/ptII/ptolemy/actor/lib/test/auto/SynchronizerDE.xml
----------------- Instantiating /home/travis/build/icyphy/ptII/ptolemy/actor/lib/test/auto/SynchronizerDE.xml
3 ms. Memory: 1760768K Free: 1328855K (75%)
----------------- Invoking toplevel() on ptolemy.moml.MoMLSimpleApplication@43e04c5b
----------------- Done invoking toplevel() on ptolemy.moml.MoMLSimpleApplication@43e04c5b
reloadAllAccessors: .SynchronizerDE

===========================================================================================
----------------- testing Wed Jun 20 05:06:42 UTC 2018 /home/travis/build/icyphy/ptII/ptolemy/actor/lib/test/auto/Test.xml
----------------- Instantiating /home/travis/build/icyphy/ptII/ptolemy/actor/lib/test/auto/Test.xml
2 ms. Memory: 1760768K Free: 1307312K (74%)
----------------- Invoking toplevel() on ptolemy.moml.MoMLSimpleApplication@758f9493
----------------- Done invoking toplevel() on ptolemy.moml.MoMLSimpleApplication@758f9493
reloadAllAccessors: .Test

===========================================================================================
----------------- testing Wed Jun 20 05:06:42 UTC 2018 /home/travis/build/icyphy/ptII/ptolemy/actor/lib/test/auto/TestExceptionAttribute1.xml
----------------- Instantiating /home/travis/build/icyphy/ptII/ptolemy/actor/lib/test/auto/TestExceptionAttribute1.xml
1 ms. Memory: 1760768K Free: 1290754K (73%)
----------------- Invoking toplevel() on ptolemy.moml.MoMLSimpleApplication@45eed320
----------------- Done invoking toplevel() on ptolemy.moml.MoMLSimpleApplication@45eed320
reloadAllAccessors: .TestExceptionAttribute1

===========================================================================================
----------------- testing Wed Jun 20 05:06:42 UTC 2018 /home/travis/build/icyphy/ptII/ptolemy/actor/lib/test/auto/TestExceptionAttribute2.xml
----------------- Instantiating /home/travis/build/icyphy/ptII/ptolemy/actor/lib/test/auto/TestExceptionAttribute2.xml
1 ms. Memory: 1760768K Free: 1269212K (72%)
----------------- Invoking toplevel() on ptolemy.moml.MoMLSimpleApplication@865af87
----------------- Done invoking toplevel() on ptolemy.moml.MoMLSimpleApplication@865af87
reloadAllAccessors: .TestExceptionAttribute2

===========================================================================================
----------------- testing Wed Jun 20 05:06:42 UTC 2018 /home/travis/build/icyphy/ptII/ptolemy/actor/lib/test/auto/TestExceptionAttribute3.xml
----------------- Instantiating /home/travis/build/icyphy/ptII/ptolemy/actor/lib/test/auto/TestExceptionAttribute3.xml
.TestExceptionAttribute3.TestExceptionAttribute: initialize() was not invoked, but wrapup() was.  This is unusual, but not always a problem.  For example, exporting JNLP will do this.
0 ms. Memory: 1760768K Free: 1252653K (71%)
----------------- Invoking toplevel() on ptolemy.moml.MoMLSimpleApplication@5fc55756
----------------- Done invoking toplevel() on ptolemy.moml.MoMLSimpleApplication@5fc55756
reloadAllAccessors: .TestExceptionAttribute3

===========================================================================================
----------------- testing Wed Jun 20 05:06:42 UTC 2018 /home/travis/build/icyphy/ptII/ptolemy/actor/lib/test/auto/TestExceptionAttribute4.xml
----------------- Instantiating /home/travis/build/icyphy/ptII/ptolemy/actor/lib/test/auto/TestExceptionAttribute4.xml
.TestExceptionAttribute4.TestExceptionAttribute: initialize() was not invoked, but wrapup() was.  This is unusual, but not always a problem.  For example, exporting JNLP will do this.
.TestExceptionAttribute4.TestExceptionAttribute2: initialize() was not invoked, but wrapup() was.  This is unusual, but not always a problem.  For example, exporting JNLP will do this.
0 ms. Memory: 1760768K Free: 1231111K (70%)
----------------- Invoking toplevel() on ptolemy.moml.MoMLSimpleApplication@1099ed7
----------------- Done invoking toplevel() on ptolemy.moml.MoMLSimpleApplication@1099ed7
reloadAllAccessors: .TestExceptionAttribute4

===========================================================================================
----------------- testing Wed Jun 20 05:06:42 UTC 2018 /home/travis/build/icyphy/ptII/ptolemy/actor/lib/test/auto/TestExceptionHandler1.xml
----------------- Instantiating /home/travis/build/icyphy/ptII/ptolemy/actor/lib/test/auto/TestExceptionHandler1.xml
1 ms. Memory: 1760768K Free: 1214553K (69%)
----------------- Invoking toplevel() on ptolemy.moml.MoMLSimpleApplication@2a71e78e
----------------- Done invoking toplevel() on ptolemy.moml.MoMLSimpleApplication@2a71e78e
reloadAllAccessors: .TestExceptionHandler1

===========================================================================================
----------------- testing Wed Jun 20 05:06:42 UTC 2018 /home/travis/build/icyphy/ptII/ptolemy/actor/lib/test/auto/TestExceptionHandler2.xml
----------------- Instantiating /home/travis/build/icyphy/ptII/ptolemy/actor/lib/test/auto/TestExceptionHandler2.xml
1 ms. Memory: 1760768K Free: 1193010K (68%)
----------------- Invoking toplevel() on ptolemy.moml.MoMLSimpleApplication@438b2277
----------------- Done invoking toplevel() on ptolemy.moml.MoMLSimpleApplication@438b2277
reloadAllAccessors: .TestExceptionHandler2

===========================================================================================
----------------- testing Wed Jun 20 05:06:42 UTC 2018 /home/travis/build/icyphy/ptII/ptolemy/actor/lib/test/auto/TestExceptionHandler3.xml
----------------- Instantiating /home/travis/build/icyphy/ptII/ptolemy/actor/lib/test/auto/TestExceptionHandler3.xml
1 ms. Memory: 1760768K Free: 1176452K (67%)
----------------- Invoking toplevel() on ptolemy.moml.MoMLSimpleApplication@7672bc45
----------------- Done invoking toplevel() on ptolemy.moml.MoMLSimpleApplication@7672bc45
reloadAllAccessors: .TestExceptionHandler3

===========================================================================================
----------------- testing Wed Jun 20 05:06:42 UTC 2018 /home/travis/build/icyphy/ptII/ptolemy/actor/lib/test/auto/TestExceptionHandler4.xml
----------------- Instantiating /home/travis/build/icyphy/ptII/ptolemy/actor/lib/test/auto/TestExceptionHandler4.xml
0 ms. Memory: 1760768K Free: 1154909K (66%)
----------------- Invoking toplevel() on ptolemy.moml.MoMLSimpleApplication@5d8b9451
----------------- Done invoking toplevel() on ptolemy.moml.MoMLSimpleApplication@5d8b9451
reloadAllAccessors: .TestExceptionHandler4

===========================================================================================
----------------- testing Wed Jun 20 05:06:42 UTC 2018 /home/travis/build/icyphy/ptII/ptolemy/actor/lib/test/auto/TestRequireCorrectOrder.xml
----------------- Instantiating /home/travis/build/icyphy/ptII/ptolemy/actor/lib/test/auto/TestRequireCorrectOrder.xml
2 ms. Memory: 1760768K Free: 1138351K (65%)
----------------- Invoking toplevel() on ptolemy.moml.MoMLSimpleApplication@1405b446
----------------- Done invoking toplevel() on ptolemy.moml.MoMLSimpleApplication@1405b446
reloadAllAccessors: .TestRequireCorrectOrder

===========================================================================================
----------------- testing Wed Jun 20 05:06:42 UTC 2018 /home/travis/build/icyphy/ptII/ptolemy/actor/lib/test/auto/TestSimple.xml
----------------- Instantiating /home/travis/build/icyphy/ptII/ptolemy/actor/lib/test/auto/TestSimple.xml
1 ms. Memory: 1760768K Free: 1116808K (63%)
----------------- Invoking toplevel() on ptolemy.moml.MoMLSimpleApplication@5f45fa43
----------------- Done invoking toplevel() on ptolemy.moml.MoMLSimpleApplication@5f45fa43
reloadAllAccessors: .TestSimple

===========================================================================================
----------------- testing Wed Jun 20 05:06:42 UTC 2018 /home/travis/build/icyphy/ptII/ptolemy/actor/lib/test/auto/ThrowModelError.xml
----------------- Instantiating /home/travis/build/icyphy/ptII/ptolemy/actor/lib/test/auto/ThrowModelError.xml
1 ms. Memory: 1760768K Free: 1100250K (62%)
----------------- Invoking toplevel() on ptolemy.moml.MoMLSimpleApplication@1c0508db
----------------- Done invoking toplevel() on ptolemy.moml.MoMLSimpleApplication@1c0508db
reloadAllAccessors: .ThrowModelError

===========================================================================================
----------------- testing Wed Jun 20 05:06:42 UTC 2018 /home/travis/build/icyphy/ptII/ptolemy/actor/lib/test/auto/TimeDelayMicrosteps.xml
----------------- Instantiating /home/travis/build/icyphy/ptII/ptolemy/actor/lib/test/auto/TimeDelayMicrosteps.xml
3 ms. Memory: 1760768K Free: 1078708K (61%)
----------------- Invoking toplevel() on ptolemy.moml.MoMLSimpleApplication@68d8943f
----------------- Done invoking toplevel() on ptolemy.moml.MoMLSimpleApplication@68d8943f
reloadAllAccessors: .TimeDelayMicrosteps

===========================================================================================
----------------- testing Wed Jun 20 05:06:42 UTC 2018 /home/travis/build/icyphy/ptII/ptolemy/actor/lib/test/auto/TimeDelayMicrosteps2.xml
----------------- Instantiating /home/travis/build/icyphy/ptII/ptolemy/actor/lib/test/auto/TimeDelayMicrosteps2.xml
3 ms. Memory: 1760768K Free: 1062150K (60%)
----------------- Invoking toplevel() on ptolemy.moml.MoMLSimpleApplication@2025d5ac
----------------- Done invoking toplevel() on ptolemy.moml.MoMLSimpleApplication@2025d5ac
reloadAllAccessors: .TimeDelayMicrosteps2

===========================================================================================
----------------- testing Wed Jun 20 05:06:42 UTC 2018 /home/travis/build/icyphy/ptII/ptolemy/actor/lib/test/auto/TimeDelayMicrosteps3.xml
----------------- Instantiating /home/travis/build/icyphy/ptII/ptolemy/actor/lib/test/auto/TimeDelayMicrosteps3.xml
3 ms. Memory: 1760768K Free: 1040607K (59%)
----------------- Invoking toplevel() on ptolemy.moml.MoMLSimpleApplication@7e6d973c
----------------- Done invoking toplevel() on ptolemy.moml.MoMLSimpleApplication@7e6d973c
reloadAllAccessors: .TimeDelayMicrosteps3

===========================================================================================
----------------- testing Wed Jun 20 05:06:42 UTC 2018 /home/travis/build/icyphy/ptII/ptolemy/actor/lib/test/auto/TimeDelayVariableMicrosteps.xml
----------------- Instantiating /home/travis/build/icyphy/ptII/ptolemy/actor/lib/test/auto/TimeDelayVariableMicrosteps.xml
2 ms. Memory: 1760768K Free: 1024049K (58%)
----------------- Invoking toplevel() on ptolemy.moml.MoMLSimpleApplication@7d96a40f
----------------- Done invoking toplevel() on ptolemy.moml.MoMLSimpleApplication@7d96a40f
reloadAllAccessors: .TimeDelayVariableMicrosteps

===========================================================================================
----------------- testing Wed Jun 20 05:06:42 UTC 2018 /home/travis/build/icyphy/ptII/ptolemy/actor/lib/test/auto/TimeGap.xml
----------------- Instantiating /home/travis/build/icyphy/ptII/ptolemy/actor/lib/test/auto/TimeGap.xml
3 ms. Memory: 1760768K Free: 1002506K (57%)
----------------- Invoking toplevel() on ptolemy.moml.MoMLSimpleApplication@217f73fa
----------------- Done invoking toplevel() on ptolemy.moml.MoMLSimpleApplication@217f73fa
reloadAllAccessors: .TimeGap

===========================================================================================
----------------- testing Wed Jun 20 05:06:42 UTC 2018 /home/travis/build/icyphy/ptII/ptolemy/actor/lib/test/auto/TimeGap2.xml
----------------- Instantiating /home/travis/build/icyphy/ptII/ptolemy/actor/lib/test/auto/TimeGap2.xml
2 ms. Memory: 1760768K Free: 985948K (56%)
----------------- Invoking toplevel() on ptolemy.moml.MoMLSimpleApplication@6dd44765
----------------- Done invoking toplevel() on ptolemy.moml.MoMLSimpleApplication@6dd44765
reloadAllAccessors: .TimeGap2

===========================================================================================
----------------- testing Wed Jun 20 05:06:42 UTC 2018 /home/travis/build/icyphy/ptII/ptolemy/actor/lib/test/auto/TimedSinewave.xml
----------------- Instantiating /home/travis/build/icyphy/ptII/ptolemy/actor/lib/test/auto/TimedSinewave.xml
12 ms. Memory: 1760768K Free: 956111K (54%)
----------------- Invoking toplevel() on ptolemy.moml.MoMLSimpleApplication@ab22d00
----------------- Done invoking toplevel() on ptolemy.moml.MoMLSimpleApplication@ab22d00
reloadAllAccessors: .TimedSinewave

===========================================================================================
----------------- testing Wed Jun 20 05:06:42 UTC 2018 /home/travis/build/icyphy/ptII/ptolemy/actor/lib/test/auto/TimedSinewavePhase.xml
----------------- Instantiating /home/travis/build/icyphy/ptII/ptolemy/actor/lib/test/auto/TimedSinewavePhase.xml
8 ms. Memory: 1760768K Free: 939553K (53%)
----------------- Invoking toplevel() on ptolemy.moml.MoMLSimpleApplication@791ba563
----------------- Done invoking toplevel() on ptolemy.moml.MoMLSimpleApplication@791ba563
reloadAllAccessors: .TimedSinewavePhase

===========================================================================================
----------------- testing Wed Jun 20 05:06:42 UTC 2018 /home/travis/build/icyphy/ptII/ptolemy/actor/lib/test/auto/Timer.xml
----------------- Instantiating /home/travis/build/icyphy/ptII/ptolemy/actor/lib/test/auto/Timer.xml
1 ms. Memory: 1760768K Free: 918010K (52%)
----------------- Invoking toplevel() on ptolemy.moml.MoMLSimpleApplication@73729834
----------------- Done invoking toplevel() on ptolemy.moml.MoMLSimpleApplication@73729834
reloadAllAccessors: .Timer

===========================================================================================
----------------- testing Wed Jun 20 05:06:42 UTC 2018 /home/travis/build/icyphy/ptII/ptolemy/actor/lib/test/auto/TriangularDistTestModel.xml
----------------- Instantiating /home/travis/build/icyphy/ptII/ptolemy/actor/lib/test/auto/TriangularDistTestModel.xml
2 ms. Memory: 1760768K Free: 901452K (51%)
----------------- Invoking toplevel() on ptolemy.moml.MoMLSimpleApplication@711e3919
----------------- Done invoking toplevel() on ptolemy.moml.MoMLSimpleApplication@711e3919
reloadAllAccessors: .TriangularDistTestModel

===========================================================================================
----------------- testing Wed Jun 20 05:06:42 UTC 2018 /home/travis/build/icyphy/ptII/ptolemy/actor/lib/test/auto/TrigFunction.xml
----------------- Instantiating /home/travis/build/icyphy/ptII/ptolemy/actor/lib/test/auto/TrigFunction.xml
2 ms. Memory: 1760768K Free: 879910K (50%)
----------------- Invoking toplevel() on ptolemy.moml.MoMLSimpleApplication@6d4abfd9
----------------- Done invoking toplevel() on ptolemy.moml.MoMLSimpleApplication@6d4abfd9
reloadAllAccessors: .TrigFunction

===========================================================================================
----------------- testing Wed Jun 20 05:06:42 UTC 2018 /home/travis/build/icyphy/ptII/ptolemy/actor/lib/test/auto/TrigFunctionDE.xml
----------------- Instantiating /home/travis/build/icyphy/ptII/ptolemy/actor/lib/test/auto/TrigFunctionDE.xml
2 ms. Memory: 1760768K Free: 863351K (49%)
----------------- Invoking toplevel() on ptolemy.moml.MoMLSimpleApplication@c577837
----------------- Done invoking toplevel() on ptolemy.moml.MoMLSimpleApplication@c577837
reloadAllAccessors: .TrigFunctionDE

===========================================================================================
----------------- testing Wed Jun 20 05:06:42 UTC 2018 /home/travis/build/icyphy/ptII/ptolemy/actor/lib/test/auto/TrigFunctionInverse.xml
----------------- Instantiating /home/travis/build/icyphy/ptII/ptolemy/actor/lib/test/auto/TrigFunctionInverse.xml
1 ms. Memory: 1760768K Free: 841809K (48%)
----------------- Invoking toplevel() on ptolemy.moml.MoMLSimpleApplication@738b8d38
----------------- Done invoking toplevel() on ptolemy.moml.MoMLSimpleApplication@738b8d38
reloadAllAccessors: .TrigFunctionInverse

===========================================================================================
----------------- testing Wed Jun 20 05:06:42 UTC 2018 /home/travis/build/icyphy/ptII/ptolemy/actor/lib/test/auto/TrigFunctionTan.xml
----------------- Instantiating /home/travis/build/icyphy/ptII/ptolemy/actor/lib/test/auto/TrigFunctionTan.xml
2 ms. Memory: 1760768K Free: 825251K (47%)
----------------- Invoking toplevel() on ptolemy.moml.MoMLSimpleApplication@79c7881e
----------------- Done invoking toplevel() on ptolemy.moml.MoMLSimpleApplication@79c7881e
reloadAllAccessors: .TrigFunctionTan

===========================================================================================
----------------- testing Wed Jun 20 05:06:42 UTC 2018 /home/travis/build/icyphy/ptII/ptolemy/actor/lib/test/auto/TriggeredClock.xml
----------------- Instantiating /home/travis/build/icyphy/ptII/ptolemy/actor/lib/test/auto/TriggeredClock.xml
1 ms. Memory: 1760768K Free: 803708K (46%)
----------------- Invoking toplevel() on ptolemy.moml.MoMLSimpleApplication@1ca55af1
----------------- Done invoking toplevel() on ptolemy.moml.MoMLSimpleApplication@1ca55af1
reloadAllAccessors: .TriggeredClock

===========================================================================================
----------------- testing Wed Jun 20 05:06:42 UTC 2018 /home/travis/build/icyphy/ptII/ptolemy/actor/lib/test/auto/URLDirectoryReader.xml
----------------- Instantiating /home/travis/build/icyphy/ptII/ptolemy/actor/lib/test/auto/URLDirectoryReader.xml
31 ms. Memory: 1760768K Free: 787150K (45%)
----------------- Invoking toplevel() on ptolemy.moml.MoMLSimpleApplication@3f887ebb
----------------- Done invoking toplevel() on ptolemy.moml.MoMLSimpleApplication@3f887ebb
reloadAllAccessors: .URLDirectoryReader

===========================================================================================
----------------- testing Wed Jun 20 05:06:42 UTC 2018 /home/travis/build/icyphy/ptII/ptolemy/actor/lib/test/auto/URLDirectoryReader3.xml
----------------- Instantiating /home/travis/build/icyphy/ptII/ptolemy/actor/lib/test/auto/URLDirectoryReader3.xml
1197 ms. Memory: 1760768K Free: 715932K (41%)
----------------- Invoking toplevel() on ptolemy.moml.MoMLSimpleApplication@6af36115
----------------- Done invoking toplevel() on ptolemy.moml.MoMLSimpleApplication@6af36115
reloadAllAccessors: .URLDirectoryReader3

===========================================================================================
----------------- testing Wed Jun 20 05:06:44 UTC 2018 /home/travis/build/icyphy/ptII/ptolemy/actor/lib/test/auto/UnaryMathFunction.xml
----------------- Instantiating /home/travis/build/icyphy/ptII/ptolemy/actor/lib/test/auto/UnaryMathFunction.xml
3 ms. Memory: 1760768K Free: 699374K (40%)
----------------- Invoking toplevel() on ptolemy.moml.MoMLSimpleApplication@59134fb1
----------------- Done invoking toplevel() on ptolemy.moml.MoMLSimpleApplication@59134fb1
reloadAllAccessors: .UnaryMathFunction

===========================================================================================
----------------- testing Wed Jun 20 05:06:44 UTC 2018 /home/travis/build/icyphy/ptII/ptolemy/actor/lib/test/auto/Uniform.xml
----------------- Instantiating /home/travis/build/icyphy/ptII/ptolemy/actor/lib/test/auto/Uniform.xml
2 ms. Memory: 1760768K Free: 677832K (38%)
----------------- Invoking toplevel() on ptolemy.moml.MoMLSimpleApplication@358ba28b
----------------- Done invoking toplevel() on ptolemy.moml.MoMLSimpleApplication@358ba28b
reloadAllAccessors: .Uniform

===========================================================================================
----------------- testing Wed Jun 20 05:06:44 UTC 2018 /home/travis/build/icyphy/ptII/ptolemy/actor/lib/test/auto/UnionDisassemblerTest.xml
----------------- Instantiating /home/travis/build/icyphy/ptII/ptolemy/actor/lib/test/auto/UnionDisassemblerTest.xml
7 ms. Memory: 1760768K Free: 661274K (38%)
----------------- Invoking toplevel() on ptolemy.moml.MoMLSimpleApplication@5449da4f
----------------- Done invoking toplevel() on ptolemy.moml.MoMLSimpleApplication@5449da4f
reloadAllAccessors: .UnionDisassemblerTest

===========================================================================================
----------------- testing Wed Jun 20 05:06:44 UTC 2018 /home/travis/build/icyphy/ptII/ptolemy/actor/lib/test/auto/UtilityFunctions.xml
----------------- Instantiating /home/travis/build/icyphy/ptII/ptolemy/actor/lib/test/auto/UtilityFunctions.xml
2 ms. Memory: 1760768K Free: 639731K (36%)
----------------- Invoking toplevel() on ptolemy.moml.MoMLSimpleApplication@6a5fde2d
----------------- Done invoking toplevel() on ptolemy.moml.MoMLSimpleApplication@6a5fde2d
reloadAllAccessors: .UtilityFunctions

===========================================================================================
----------------- testing Wed Jun 20 05:06:44 UTC 2018 /home/travis/build/icyphy/ptII/ptolemy/actor/lib/test/auto/VariableSleep.xml
----------------- Instantiating /home/travis/build/icyphy/ptII/ptolemy/actor/lib/test/auto/VariableSleep.xml
512 ms. Memory: 1760768K Free: 623173K (35%)
----------------- Invoking toplevel() on ptolemy.moml.MoMLSimpleApplication@aa1fad6
----------------- Done invoking toplevel() on ptolemy.moml.MoMLSimpleApplication@aa1fad6
reloadAllAccessors: .VariableSleep

===========================================================================================
----------------- testing Wed Jun 20 05:06:44 UTC 2018 /home/travis/build/icyphy/ptII/ptolemy/actor/lib/test/auto/VectorAssemblerDisassemblerCT.xml
----------------- Instantiating /home/travis/build/icyphy/ptII/ptolemy/actor/lib/test/auto/VectorAssemblerDisassemblerCT.xml
74 ms. Memory: 1760768K Free: 585064K (33%)
----------------- Invoking toplevel() on ptolemy.moml.MoMLSimpleApplication@236b52ba
----------------- Done invoking toplevel() on ptolemy.moml.MoMLSimpleApplication@236b52ba
reloadAllAccessors: .VectorAssemblerDisassemblerCT

===========================================================================================
----------------- testing Wed Jun 20 05:06:44 UTC 2018 /home/travis/build/icyphy/ptII/ptolemy/actor/lib/test/auto/VectorAssemblerDisassemblerDE.xml
----------------- Instantiating /home/travis/build/icyphy/ptII/ptolemy/actor/lib/test/auto/VectorAssemblerDisassemblerDE.xml
2 ms. Memory: 1760768K Free: 563522K (32%)
----------------- Invoking toplevel() on ptolemy.moml.MoMLSimpleApplication@f05f84a
----------------- Done invoking toplevel() on ptolemy.moml.MoMLSimpleApplication@f05f84a
reloadAllAccessors: .VectorAssemblerDisassemblerDE

===========================================================================================
----------------- testing Wed Jun 20 05:06:44 UTC 2018 /home/travis/build/icyphy/ptII/ptolemy/actor/lib/test/auto/VectorAssemblerDisassemblerSDF.xml
----------------- Instantiating /home/travis/build/icyphy/ptII/ptolemy/actor/lib/test/auto/VectorAssemblerDisassemblerSDF.xml
2 ms. Memory: 1760768K Free: 546964K (31%)
----------------- Invoking toplevel() on ptolemy.moml.MoMLSimpleApplication@59d8917f
----------------- Done invoking toplevel() on ptolemy.moml.MoMLSimpleApplication@59d8917f
reloadAllAccessors: .VectorAssemblerDisassemblerSDF

===========================================================================================
----------------- testing Wed Jun 20 05:06:44 UTC 2018 /home/travis/build/icyphy/ptII/ptolemy/actor/lib/test/auto/WallClockTime.xml
----------------- Instantiating /home/travis/build/icyphy/ptII/ptolemy/actor/lib/test/auto/WallClockTime.xml
1004 ms. Memory: 1760768K Free: 525421K (30%)
----------------- Invoking toplevel() on ptolemy.moml.MoMLSimpleApplication@331de6e1
----------------- Done invoking toplevel() on ptolemy.moml.MoMLSimpleApplication@331de6e1
reloadAllAccessors: .WallClockTime

===========================================================================================
----------------- testing Wed Jun 20 05:06:45 UTC 2018 /home/travis/build/icyphy/ptII/ptolemy/actor/lib/test/auto/WidthTestWithSubscriberPublisher.xml
----------------- Instantiating /home/travis/build/icyphy/ptII/ptolemy/actor/lib/test/auto/WidthTestWithSubscriberPublisher.xml
6 ms. Memory: 1760768K Free: 500568K (28%)
----------------- Invoking toplevel() on ptolemy.moml.MoMLSimpleApplication@5fe38525
----------------- Done invoking toplevel() on ptolemy.moml.MoMLSimpleApplication@5fe38525
reloadAllAccessors: .WidthTestWithSubscriberPublisher

===========================================================================================
----------------- testing Wed Jun 20 05:06:45 UTC 2018 /home/travis/build/icyphy/ptII/ptolemy/actor/lib/test/auto/WidthTestWithSubscriberPublisher2.xml
----------------- Instantiating /home/travis/build/icyphy/ptII/ptolemy/actor/lib/test/auto/WidthTestWithSubscriberPublisher2.xml
3 ms. Memory: 1760768K Free: 479026K (27%)
----------------- Invoking toplevel() on ptolemy.moml.MoMLSimpleApplication@32a52aa2
----------------- Done invoking toplevel() on ptolemy.moml.MoMLSimpleApplication@32a52aa2
reloadAllAccessors: .WidthTestWithSubscriberPublisher2

===========================================================================================
----------------- testing Wed Jun 20 05:06:45 UTC 2018 /home/travis/build/icyphy/ptII/ptolemy/actor/lib/test/auto/WidthTestWithSubscriberPublisher3.xml
----------------- Instantiating /home/travis/build/icyphy/ptII/ptolemy/actor/lib/test/auto/WidthTestWithSubscriberPublisher3.xml
2 ms. Memory: 1760768K Free: 462468K (26%)
----------------- Invoking toplevel() on ptolemy.moml.MoMLSimpleApplication@4d888ae2
----------------- Done invoking toplevel() on ptolemy.moml.MoMLSimpleApplication@4d888ae2
reloadAllAccessors: .WidthTestWithSubscriberPublisher3

===========================================================================================
----------------- testing Wed Jun 20 05:06:46 UTC 2018 /home/travis/build/icyphy/ptII/ptolemy/actor/lib/test/auto/Writer.xml
----------------- Instantiating /home/travis/build/icyphy/ptII/ptolemy/actor/lib/test/auto/Writer.xml
0
1
2
3
4
1 ms. Memory: 1760768K Free: 440925K (25%)
----------------- Invoking toplevel() on ptolemy.moml.MoMLSimpleApplication@34da9b85
----------------- Done invoking toplevel() on ptolemy.moml.MoMLSimpleApplication@34da9b85
reloadAllAccessors: .Writer

===========================================================================================
----------------- testing Wed Jun 20 05:06:46 UTC 2018 /home/travis/build/icyphy/ptII/ptolemy/actor/lib/test/auto/array.xml
----------------- Instantiating /home/travis/build/icyphy/ptII/ptolemy/actor/lib/test/auto/array.xml
2 ms. Memory: 1760768K Free: 424367K (24%)
----------------- Invoking toplevel() on ptolemy.moml.MoMLSimpleApplication@f2b00af
----------------- Done invoking toplevel() on ptolemy.moml.MoMLSimpleApplication@f2b00af
reloadAllAccessors: .array

===========================================================================================
----------------- testing Wed Jun 20 05:06:46 UTC 2018 /home/travis/build/icyphy/ptII/ptolemy/actor/lib/test/auto/array2.xml
----------------- Instantiating /home/travis/build/icyphy/ptII/ptolemy/actor/lib/test/auto/array2.xml
2 ms. Memory: 1760768K Free: 402824K (23%)
----------------- Invoking toplevel() on ptolemy.moml.MoMLSimpleApplication@10d2b89a
----------------- Done invoking toplevel() on ptolemy.moml.MoMLSimpleApplication@10d2b89a
reloadAllAccessors: .array2

===========================================================================================
----------------- testing Wed Jun 20 05:06:46 UTC 2018 /home/travis/build/icyphy/ptII/ptolemy/actor/lib/test/auto/arrayType.xml
----------------- Instantiating /home/travis/build/icyphy/ptII/ptolemy/actor/lib/test/auto/arrayType.xml
2 ms. Memory: 1760768K Free: 386266K (22%)
----------------- Invoking toplevel() on ptolemy.moml.MoMLSimpleApplication@2be6681b
----------------- Done invoking toplevel() on ptolemy.moml.MoMLSimpleApplication@2be6681b
reloadAllAccessors: .arrayType

===========================================================================================
----------------- testing Wed Jun 20 05:06:46 UTC 2018 /home/travis/build/icyphy/ptII/ptolemy/actor/lib/test/auto/arrayType10.xml
----------------- Instantiating /home/travis/build/icyphy/ptII/ptolemy/actor/lib/test/auto/arrayType10.xml
1 ms. Memory: 1760768K Free: 364724K (21%)
----------------- Invoking toplevel() on ptolemy.moml.MoMLSimpleApplication@5cfd30d2
----------------- Done invoking toplevel() on ptolemy.moml.MoMLSimpleApplication@5cfd30d2
reloadAllAccessors: .arrayType10

===========================================================================================
----------------- testing Wed Jun 20 05:06:46 UTC 2018 /home/travis/build/icyphy/ptII/ptolemy/actor/lib/test/auto/arrayType11.xml
----------------- Instantiating /home/travis/build/icyphy/ptII/ptolemy/actor/lib/test/auto/arrayType11.xml
1 ms. Memory: 1760768K Free: 348166K (20%)
----------------- Invoking toplevel() on ptolemy.moml.MoMLSimpleApplication@65844ec2
----------------- Done invoking toplevel() on ptolemy.moml.MoMLSimpleApplication@65844ec2
reloadAllAccessors: .arrayType11

===========================================================================================
----------------- testing Wed Jun 20 05:06:46 UTC 2018 /home/travis/build/icyphy/ptII/ptolemy/actor/lib/test/auto/arrayType12.xml
----------------- Instantiating /home/travis/build/icyphy/ptII/ptolemy/actor/lib/test/auto/arrayType12.xml
3 ms. Memory: 1760768K Free: 326623K (19%)
----------------- Invoking toplevel() on ptolemy.moml.MoMLSimpleApplication@4e0f105c
----------------- Done invoking toplevel() on ptolemy.moml.MoMLSimpleApplication@4e0f105c
reloadAllAccessors: .arrayType12

===========================================================================================
----------------- testing Wed Jun 20 05:06:46 UTC 2018 /home/travis/build/icyphy/ptII/ptolemy/actor/lib/test/auto/arrayType13.xml
----------------- Instantiating /home/travis/build/icyphy/ptII/ptolemy/actor/lib/test/auto/arrayType13.xml
2 ms. Memory: 1760768K Free: 310065K (18%)
----------------- Invoking toplevel() on ptolemy.moml.MoMLSimpleApplication@6c41b9e
----------------- Done invoking toplevel() on ptolemy.moml.MoMLSimpleApplication@6c41b9e
reloadAllAccessors: .arrayType13

===========================================================================================
----------------- testing Wed Jun 20 05:06:46 UTC 2018 /home/travis/build/icyphy/ptII/ptolemy/actor/lib/test/auto/arrayType14.xml
----------------- Instantiating /home/travis/build/icyphy/ptII/ptolemy/actor/lib/test/auto/arrayType14.xml
1 ms. Memory: 1760768K Free: 288522K (16%)
----------------- Invoking toplevel() on ptolemy.moml.MoMLSimpleApplication@4b080eea
----------------- Done invoking toplevel() on ptolemy.moml.MoMLSimpleApplication@4b080eea
reloadAllAccessors: .arrayType14

===========================================================================================
----------------- testing Wed Jun 20 05:06:46 UTC 2018 /home/travis/build/icyphy/ptII/ptolemy/actor/lib/test/auto/arrayType15.xml
----------------- Instantiating /home/travis/build/icyphy/ptII/ptolemy/actor/lib/test/auto/arrayType15.xml
3 ms. Memory: 1760768K Free: 271964K (15%)
----------------- Invoking toplevel() on ptolemy.moml.MoMLSimpleApplication@628712e2
----------------- Done invoking toplevel() on ptolemy.moml.MoMLSimpleApplication@628712e2
reloadAllAccessors: .arrayType15

===========================================================================================
----------------- testing Wed Jun 20 05:06:46 UTC 2018 /home/travis/build/icyphy/ptII/ptolemy/actor/lib/test/auto/arrayType16.xml
----------------- Instantiating /home/travis/build/icyphy/ptII/ptolemy/actor/lib/test/auto/arrayType16.xml
1 ms. Memory: 1760768K Free: 250421K (14%)
----------------- Invoking toplevel() on ptolemy.moml.MoMLSimpleApplication@7bedaf1c
----------------- Done invoking toplevel() on ptolemy.moml.MoMLSimpleApplication@7bedaf1c
reloadAllAccessors: .arrayType16

===========================================================================================
----------------- testing Wed Jun 20 05:06:46 UTC 2018 /home/travis/build/icyphy/ptII/ptolemy/actor/lib/test/auto/arrayType17.xml
----------------- Instantiating /home/travis/build/icyphy/ptII/ptolemy/actor/lib/test/auto/arrayType17.xml
2 ms. Memory: 1760768K Free: 233863K (13%)
----------------- Invoking toplevel() on ptolemy.moml.MoMLSimpleApplication@5be4bea7
----------------- Done invoking toplevel() on ptolemy.moml.MoMLSimpleApplication@5be4bea7
reloadAllAccessors: .arrayType17

===========================================================================================
----------------- testing Wed Jun 20 05:06:46 UTC 2018 /home/travis/build/icyphy/ptII/ptolemy/actor/lib/test/auto/arrayType18.xml
----------------- Instantiating /home/travis/build/icyphy/ptII/ptolemy/actor/lib/test/auto/arrayType18.xml
1 ms. Memory: 1760768K Free: 212320K (12%)
----------------- Invoking toplevel() on ptolemy.moml.MoMLSimpleApplication@2cd3467c
----------------- Done invoking toplevel() on ptolemy.moml.MoMLSimpleApplication@2cd3467c
reloadAllAccessors: .arrayType18

===========================================================================================
----------------- testing Wed Jun 20 05:06:46 UTC 2018 /home/travis/build/icyphy/ptII/ptolemy/actor/lib/test/auto/arrayType19.xml
----------------- Instantiating /home/travis/build/icyphy/ptII/ptolemy/actor/lib/test/auto/arrayType19.xml
1 ms. Memory: 1760768K Free: 195762K (11%)
----------------- Invoking toplevel() on ptolemy.moml.MoMLSimpleApplication@7f041748
----------------- Done invoking toplevel() on ptolemy.moml.MoMLSimpleApplication@7f041748
reloadAllAccessors: .arrayType19

===========================================================================================
----------------- testing Wed Jun 20 05:06:46 UTC 2018 /home/travis/build/icyphy/ptII/ptolemy/actor/lib/test/auto/arrayType2.xml
----------------- Instantiating /home/travis/build/icyphy/ptII/ptolemy/actor/lib/test/auto/arrayType2.xml
2 ms. Memory: 1760768K Free: 174220K (10%)
----------------- Invoking toplevel() on ptolemy.moml.MoMLSimpleApplication@72a53248
----------------- Done invoking toplevel() on ptolemy.moml.MoMLSimpleApplication@72a53248
reloadAllAccessors: .arrayType2

===========================================================================================
----------------- testing Wed Jun 20 05:06:46 UTC 2018 /home/travis/build/icyphy/ptII/ptolemy/actor/lib/test/auto/arrayType20.xml
----------------- Instantiating /home/travis/build/icyphy/ptII/ptolemy/actor/lib/test/auto/arrayType20.xml
2 ms. Memory: 1760768K Free: 157662K (9%)
----------------- Invoking toplevel() on ptolemy.moml.MoMLSimpleApplication@44059d89
----------------- Done invoking toplevel() on ptolemy.moml.MoMLSimpleApplication@44059d89
reloadAllAccessors: .arrayType20

===========================================================================================
----------------- testing Wed Jun 20 05:06:46 UTC 2018 /home/travis/build/icyphy/ptII/ptolemy/actor/lib/test/auto/arrayType21.xml
----------------- Instantiating /home/travis/build/icyphy/ptII/ptolemy/actor/lib/test/auto/arrayType21.xml
3 ms. Memory: 1760768K Free: 136119K (8%)
----------------- Invoking toplevel() on ptolemy.moml.MoMLSimpleApplication@6440836b
----------------- Done invoking toplevel() on ptolemy.moml.MoMLSimpleApplication@6440836b
reloadAllAccessors: .arrayType21

===========================================================================================
----------------- testing Wed Jun 20 05:06:46 UTC 2018 /home/travis/build/icyphy/ptII/ptolemy/actor/lib/test/auto/arrayType22.xml
----------------- Instantiating /home/travis/build/icyphy/ptII/ptolemy/actor/lib/test/auto/arrayType22.xml
3 ms. Memory: 1760768K Free: 119561K (7%)
----------------- Invoking toplevel() on ptolemy.moml.MoMLSimpleApplication@22cac3af
----------------- Done invoking toplevel() on ptolemy.moml.MoMLSimpleApplication@22cac3af
reloadAllAccessors: .arrayType22

===========================================================================================
----------------- testing Wed Jun 20 05:06:46 UTC 2018 /home/travis/build/icyphy/ptII/ptolemy/actor/lib/test/auto/arrayType23.xml
----------------- Instantiating /home/travis/build/icyphy/ptII/ptolemy/actor/lib/test/auto/arrayType23.xml
2 ms. Memory: 1760768K Free: 98018K (6%)
----------------- Invoking toplevel() on ptolemy.moml.MoMLSimpleApplication@1f17153d
----------------- Done invoking toplevel() on ptolemy.moml.MoMLSimpleApplication@1f17153d
reloadAllAccessors: .arrayType23

===========================================================================================
----------------- testing Wed Jun 20 05:06:46 UTC 2018 /home/travis/build/icyphy/ptII/ptolemy/actor/lib/test/auto/arrayType24.xml
----------------- Instantiating /home/travis/build/icyphy/ptII/ptolemy/actor/lib/test/auto/arrayType24.xml
2 ms. Memory: 1760768K Free: 76476K (4%)
----------------- Invoking toplevel() on ptolemy.moml.MoMLSimpleApplication@6d0d0b47
----------------- Done invoking toplevel() on ptolemy.moml.MoMLSimpleApplication@6d0d0b47
reloadAllAccessors: .arrayType24

===========================================================================================
----------------- testing Wed Jun 20 05:06:46 UTC 2018 /home/travis/build/icyphy/ptII/ptolemy/actor/lib/test/auto/arrayType25.xml
----------------- Instantiating /home/travis/build/icyphy/ptII/ptolemy/actor/lib/test/auto/arrayType25.xml
2 ms. Memory: 1760768K Free: 65683K (4%)
----------------- Invoking toplevel() on ptolemy.moml.MoMLSimpleApplication@4d89ea57
----------------- Done invoking toplevel() on ptolemy.moml.MoMLSimpleApplication@4d89ea57
reloadAllAccessors: .arrayType25

===========================================================================================
----------------- testing Wed Jun 20 05:06:46 UTC 2018 /home/travis/build/icyphy/ptII/ptolemy/actor/lib/test/auto/arrayType26.xml
----------------- Instantiating /home/travis/build/icyphy/ptII/ptolemy/actor/lib/test/auto/arrayType26.xml
1 ms. Memory: 1772544K Free: 1696619K (96%)
----------------- Invoking toplevel() on ptolemy.moml.MoMLSimpleApplication@5690649d
----------------- Done invoking toplevel() on ptolemy.moml.MoMLSimpleApplication@5690649d
reloadAllAccessors: .arrayType26

===========================================================================================
----------------- testing Wed Jun 20 05:06:46 UTC 2018 /home/travis/build/icyphy/ptII/ptolemy/actor/lib/test/auto/arrayType27.xml
----------------- Instantiating /home/travis/build/icyphy/ptII/ptolemy/actor/lib/test/auto/arrayType27.xml
1 ms. Memory: 1772544K Free: 1680061K (95%)
----------------- Invoking toplevel() on ptolemy.moml.MoMLSimpleApplication@2233fa2c
----------------- Done invoking toplevel() on ptolemy.moml.MoMLSimpleApplication@2233fa2c
reloadAllAccessors: .arrayType27

===========================================================================================
----------------- testing Wed Jun 20 05:06:46 UTC 2018 /home/travis/build/icyphy/ptII/ptolemy/actor/lib/test/auto/arrayType28.xml
----------------- Instantiating /home/travis/build/icyphy/ptII/ptolemy/actor/lib/test/auto/arrayType28.xml
1 ms. Memory: 1772544K Free: 1658808K (94%)
----------------- Invoking toplevel() on ptolemy.moml.MoMLSimpleApplication@7426648e
----------------- Done invoking toplevel() on ptolemy.moml.MoMLSimpleApplication@7426648e
reloadAllAccessors: .arrayType28

===========================================================================================
----------------- testing Wed Jun 20 05:06:46 UTC 2018 /home/travis/build/icyphy/ptII/ptolemy/actor/lib/test/auto/arrayType3.xml
----------------- Instantiating /home/travis/build/icyphy/ptII/ptolemy/actor/lib/test/auto/arrayType3.xml
1 ms. Memory: 1772544K Free: 1642250K (93%)
----------------- Invoking toplevel() on ptolemy.moml.MoMLSimpleApplication@3c1dd446
----------------- Done invoking toplevel() on ptolemy.moml.MoMLSimpleApplication@3c1dd446
reloadAllAccessors: .arrayType3

===========================================================================================
----------------- testing Wed Jun 20 05:06:46 UTC 2018 /home/travis/build/icyphy/ptII/ptolemy/actor/lib/test/auto/arrayType4.xml
----------------- Instantiating /home/travis/build/icyphy/ptII/ptolemy/actor/lib/test/auto/arrayType4.xml
1 ms. Memory: 1772544K Free: 1620997K (91%)
----------------- Invoking toplevel() on ptolemy.moml.MoMLSimpleApplication@318b2606
----------------- Done invoking toplevel() on ptolemy.moml.MoMLSimpleApplication@318b2606
reloadAllAccessors: .arrayType4

===========================================================================================
----------------- testing Wed Jun 20 05:06:46 UTC 2018 /home/travis/build/icyphy/ptII/ptolemy/actor/lib/test/auto/arrayType5.xml
----------------- Instantiating /home/travis/build/icyphy/ptII/ptolemy/actor/lib/test/auto/arrayType5.xml
1 ms. Memory: 1772544K Free: 1604439K (91%)
----------------- Invoking toplevel() on ptolemy.moml.MoMLSimpleApplication@5fae4053
----------------- Done invoking toplevel() on ptolemy.moml.MoMLSimpleApplication@5fae4053
reloadAllAccessors: .arrayType5

===========================================================================================
----------------- testing Wed Jun 20 05:06:46 UTC 2018 /home/travis/build/icyphy/ptII/ptolemy/actor/lib/test/auto/arrayType6.xml
----------------- Instantiating /home/travis/build/icyphy/ptII/ptolemy/actor/lib/test/auto/arrayType6.xml
1 ms. Memory: 1772544K Free: 1583186K (89%)
----------------- Invoking toplevel() on ptolemy.moml.MoMLSimpleApplication@5d08768b
----------------- Done invoking toplevel() on ptolemy.moml.MoMLSimpleApplication@5d08768b
reloadAllAccessors: .arrayType6

===========================================================================================
----------------- testing Wed Jun 20 05:06:46 UTC 2018 /home/travis/build/icyphy/ptII/ptolemy/actor/lib/test/auto/arrayType7.xml
----------------- Instantiating /home/travis/build/icyphy/ptII/ptolemy/actor/lib/test/auto/arrayType7.xml
2 ms. Memory: 1772544K Free: 1566628K (88%)
----------------- Invoking toplevel() on ptolemy.moml.MoMLSimpleApplication@38cbd9f5
----------------- Done invoking toplevel() on ptolemy.moml.MoMLSimpleApplication@38cbd9f5
reloadAllAccessors: .arrayType7

===========================================================================================
----------------- testing Wed Jun 20 05:06:46 UTC 2018 /home/travis/build/icyphy/ptII/ptolemy/actor/lib/test/auto/arrayType8.xml
----------------- Instantiating /home/travis/build/icyphy/ptII/ptolemy/actor/lib/test/auto/arrayType8.xml
1 ms. Memory: 1772544K Free: 1545375K (87%)
----------------- Invoking toplevel() on ptolemy.moml.MoMLSimpleApplication@73b993e5
----------------- Done invoking toplevel() on ptolemy.moml.MoMLSimpleApplication@73b993e5
reloadAllAccessors: .arrayType8

===========================================================================================
----------------- testing Wed Jun 20 05:06:46 UTC 2018 /home/travis/build/icyphy/ptII/ptolemy/actor/lib/test/auto/arrayType9.xml
----------------- Instantiating /home/travis/build/icyphy/ptII/ptolemy/actor/lib/test/auto/arrayType9.xml
1 ms. Memory: 1772544K Free: 1524122K (86%)
----------------- Invoking toplevel() on ptolemy.moml.MoMLSimpleApplication@6af4ddea
----------------- Done invoking toplevel() on ptolemy.moml.MoMLSimpleApplication@6af4ddea
reloadAllAccessors: .arrayType9

===========================================================================================
----------------- testing Wed Jun 20 05:06:46 UTC 2018 /home/travis/build/icyphy/ptII/ptolemy/actor/lib/test/auto/cast.xml
----------------- Instantiating /home/travis/build/icyphy/ptII/ptolemy/actor/lib/test/auto/cast.xml
2 ms. Memory: 1772544K Free: 1507564K (85%)
----------------- Invoking toplevel() on ptolemy.moml.MoMLSimpleApplication@625d892b
----------------- Done invoking toplevel() on ptolemy.moml.MoMLSimpleApplication@625d892b
reloadAllAccessors: .cast

===========================================================================================
----------------- testing Wed Jun 20 05:06:46 UTC 2018 /home/travis/build/icyphy/ptII/ptolemy/actor/lib/test/auto/compositeMultiPort.xml
----------------- Instantiating /home/travis/build/icyphy/ptII/ptolemy/actor/lib/test/auto/compositeMultiPort.xml
3 ms. Memory: 1772544K Free: 1486311K (84%)
----------------- Invoking toplevel() on ptolemy.moml.MoMLSimpleApplication@671c8278
----------------- Done invoking toplevel() on ptolemy.moml.MoMLSimpleApplication@671c8278
reloadAllAccessors: .compositeMultiPort

===========================================================================================
----------------- testing Wed Jun 20 05:06:46 UTC 2018 /home/travis/build/icyphy/ptII/ptolemy/actor/lib/test/auto/expressionCastInference.xml
----------------- Instantiating /home/travis/build/icyphy/ptII/ptolemy/actor/lib/test/auto/expressionCastInference.xml
3 ms. Memory: 1772544K Free: 1469753K (83%)
----------------- Invoking toplevel() on ptolemy.moml.MoMLSimpleApplication@659a85e8
----------------- Done invoking toplevel() on ptolemy.moml.MoMLSimpleApplication@659a85e8
reloadAllAccessors: .expressionCastInference

===========================================================================================
----------------- testing Wed Jun 20 05:06:46 UTC 2018 /home/travis/build/icyphy/ptII/ptolemy/actor/lib/test/auto/expressionCastInference2.xml
----------------- Instantiating /home/travis/build/icyphy/ptII/ptolemy/actor/lib/test/auto/expressionCastInference2.xml
1 ms. Memory: 1772544K Free: 1448500K (82%)
----------------- Invoking toplevel() on ptolemy.moml.MoMLSimpleApplication@5c85078f
----------------- Done invoking toplevel() on ptolemy.moml.MoMLSimpleApplication@5c85078f
reloadAllAccessors: .expressionCastInference2

===========================================================================================
----------------- testing Wed Jun 20 05:06:46 UTC 2018 /home/travis/build/icyphy/ptII/ptolemy/actor/lib/test/auto/expressionInference.xml
----------------- Instantiating /home/travis/build/icyphy/ptII/ptolemy/actor/lib/test/auto/expressionInference.xml
1 ms. Memory: 1772544K Free: 1431942K (81%)
----------------- Invoking toplevel() on ptolemy.moml.MoMLSimpleApplication@639f82ea
----------------- Done invoking toplevel() on ptolemy.moml.MoMLSimpleApplication@639f82ea
reloadAllAccessors: .expressionInference

===========================================================================================
----------------- testing Wed Jun 20 05:06:46 UTC 2018 /home/travis/build/icyphy/ptII/ptolemy/actor/lib/test/auto/expression_bug.xml
----------------- Instantiating /home/travis/build/icyphy/ptII/ptolemy/actor/lib/test/auto/expression_bug.xml
1 ms. Memory: 1772544K Free: 1410689K (80%)
----------------- Invoking toplevel() on ptolemy.moml.MoMLSimpleApplication@1326ad24
----------------- Done invoking toplevel() on ptolemy.moml.MoMLSimpleApplication@1326ad24
reloadAllAccessors: .expression_bug

===========================================================================================
----------------- testing Wed Jun 20 05:06:46 UTC 2018 /home/travis/build/icyphy/ptII/ptolemy/actor/lib/test/auto/factorial.xml
----------------- Instantiating /home/travis/build/icyphy/ptII/ptolemy/actor/lib/test/auto/factorial.xml
38 ms. Memory: 1772544K Free: 1389410K (78%)
----------------- Invoking toplevel() on ptolemy.moml.MoMLSimpleApplication@7748d9e8
----------------- Done invoking toplevel() on ptolemy.moml.MoMLSimpleApplication@7748d9e8
reloadAllAccessors: .factorial

===========================================================================================
----------------- testing Wed Jun 20 05:06:46 UTC 2018 /home/travis/build/icyphy/ptII/ptolemy/actor/lib/test/auto/filterTest1.xml
----------------- Instantiating /home/travis/build/icyphy/ptII/ptolemy/actor/lib/test/auto/filterTest1.xml
3 ms. Memory: 1772544K Free: 1372852K (77%)
----------------- Invoking toplevel() on ptolemy.moml.MoMLSimpleApplication@2f0d92f4
----------------- Done invoking toplevel() on ptolemy.moml.MoMLSimpleApplication@2f0d92f4
reloadAllAccessors: .filterTest1

===========================================================================================
----------------- testing Wed Jun 20 05:06:46 UTC 2018 /home/travis/build/icyphy/ptII/ptolemy/actor/lib/test/auto/funcApplyInConst.xml
----------------- Instantiating /home/travis/build/icyphy/ptII/ptolemy/actor/lib/test/auto/funcApplyInConst.xml
1 ms. Memory: 1772544K Free: 1351599K (76%)
----------------- Invoking toplevel() on ptolemy.moml.MoMLSimpleApplication@66144f9
----------------- Done invoking toplevel() on ptolemy.moml.MoMLSimpleApplication@66144f9
reloadAllAccessors: .funcApplyInConst

===========================================================================================
----------------- testing Wed Jun 20 05:06:46 UTC 2018 /home/travis/build/icyphy/ptII/ptolemy/actor/lib/test/auto/funcApplyInExpr.xml
----------------- Instantiating /home/travis/build/icyphy/ptII/ptolemy/actor/lib/test/auto/funcApplyInExpr.xml
1 ms. Memory: 1772544K Free: 1335041K (75%)
----------------- Invoking toplevel() on ptolemy.moml.MoMLSimpleApplication@72cadfee
----------------- Done invoking toplevel() on ptolemy.moml.MoMLSimpleApplication@72cadfee
reloadAllAccessors: .funcApplyInExpr

===========================================================================================
----------------- testing Wed Jun 20 05:06:46 UTC 2018 /home/travis/build/icyphy/ptII/ptolemy/actor/lib/test/auto/function.xml
----------------- Instantiating /home/travis/build/icyphy/ptII/ptolemy/actor/lib/test/auto/function.xml
1 ms. Memory: 1772544K Free: 1313788K (74%)
----------------- Invoking toplevel() on ptolemy.moml.MoMLSimpleApplication@74b03461
----------------- Done invoking toplevel() on ptolemy.moml.MoMLSimpleApplication@74b03461
reloadAllAccessors: .function

===========================================================================================
----------------- testing Wed Jun 20 05:06:46 UTC 2018 /home/travis/build/icyphy/ptII/ptolemy/actor/lib/test/auto/function2.xml
----------------- Instantiating /home/travis/build/icyphy/ptII/ptolemy/actor/lib/test/auto/function2.xml
1 ms. Memory: 1772544K Free: 1297230K (73%)
----------------- Invoking toplevel() on ptolemy.moml.MoMLSimpleApplication@3419d3bd
----------------- Done invoking toplevel() on ptolemy.moml.MoMLSimpleApplication@3419d3bd
reloadAllAccessors: .function2

===========================================================================================
----------------- testing Wed Jun 20 05:06:46 UTC 2018 /home/travis/build/icyphy/ptII/ptolemy/actor/lib/test/auto/function3.xml
----------------- Instantiating /home/travis/build/icyphy/ptII/ptolemy/actor/lib/test/auto/function3.xml
1 ms. Memory: 1772544K Free: 1275977K (72%)
----------------- Invoking toplevel() on ptolemy.moml.MoMLSimpleApplication@53a323f0
----------------- Done invoking toplevel() on ptolemy.moml.MoMLSimpleApplication@53a323f0
reloadAllAccessors: .function3

===========================================================================================
----------------- testing Wed Jun 20 05:06:46 UTC 2018 /home/travis/build/icyphy/ptII/ptolemy/actor/lib/test/auto/functionClosureTest1.xml
----------------- Instantiating /home/travis/build/icyphy/ptII/ptolemy/actor/lib/test/auto/functionClosureTest1.xml
1 ms. Memory: 1772544K Free: 1259419K (71%)
----------------- Invoking toplevel() on ptolemy.moml.MoMLSimpleApplication@167da4cc
----------------- Done invoking toplevel() on ptolemy.moml.MoMLSimpleApplication@167da4cc
reloadAllAccessors: .functionClosureTest1

===========================================================================================
----------------- testing Wed Jun 20 05:06:46 UTC 2018 /home/travis/build/icyphy/ptII/ptolemy/actor/lib/test/auto/functionClosureTest2.xml
----------------- Instantiating /home/travis/build/icyphy/ptII/ptolemy/actor/lib/test/auto/functionClosureTest2.xml
1 ms. Memory: 1772544K Free: 1238166K (70%)
----------------- Invoking toplevel() on ptolemy.moml.MoMLSimpleApplication@96ec05e
----------------- Done invoking toplevel() on ptolemy.moml.MoMLSimpleApplication@96ec05e
reloadAllAccessors: .functionClosureTest2

===========================================================================================
----------------- testing Wed Jun 20 05:06:46 UTC 2018 /home/travis/build/icyphy/ptII/ptolemy/actor/lib/test/auto/functionClosureTest3.xml
----------------- Instantiating /home/travis/build/icyphy/ptII/ptolemy/actor/lib/test/auto/functionClosureTest3.xml
1 ms. Memory: 1772544K Free: 1216913K (69%)
----------------- Invoking toplevel() on ptolemy.moml.MoMLSimpleApplication@75b8f79b
----------------- Done invoking toplevel() on ptolemy.moml.MoMLSimpleApplication@75b8f79b
reloadAllAccessors: .functionClosureTest3

===========================================================================================
----------------- testing Wed Jun 20 05:06:46 UTC 2018 /home/travis/build/icyphy/ptII/ptolemy/actor/lib/test/auto/functionClosureTest4.xml
----------------- Instantiating /home/travis/build/icyphy/ptII/ptolemy/actor/lib/test/auto/functionClosureTest4.xml
3 ms. Memory: 1772544K Free: 1200355K (68%)
----------------- Invoking toplevel() on ptolemy.moml.MoMLSimpleApplication@4d531c36
----------------- Done invoking toplevel() on ptolemy.moml.MoMLSimpleApplication@4d531c36
reloadAllAccessors: .functionClosureTest4

===========================================================================================
----------------- testing Wed Jun 20 05:06:46 UTC 2018 /home/travis/build/icyphy/ptII/ptolemy/actor/lib/test/auto/functionClosureTest5.xml
----------------- Instantiating /home/travis/build/icyphy/ptII/ptolemy/actor/lib/test/auto/functionClosureTest5.xml
3 ms. Memory: 1772544K Free: 1179102K (67%)
----------------- Invoking toplevel() on ptolemy.moml.MoMLSimpleApplication@6e8d8b87
----------------- Done invoking toplevel() on ptolemy.moml.MoMLSimpleApplication@6e8d8b87
reloadAllAccessors: .functionClosureTest5

===========================================================================================
----------------- testing Wed Jun 20 05:06:46 UTC 2018 /home/travis/build/icyphy/ptII/ptolemy/actor/lib/test/auto/functionClosureTest6.xml
----------------- Instantiating /home/travis/build/icyphy/ptII/ptolemy/actor/lib/test/auto/functionClosureTest6.xml
3 ms. Memory: 1772544K Free: 1162544K (66%)
----------------- Invoking toplevel() on ptolemy.moml.MoMLSimpleApplication@6670cd86
----------------- Done invoking toplevel() on ptolemy.moml.MoMLSimpleApplication@6670cd86
reloadAllAccessors: .functionClosureTest6

===========================================================================================
----------------- testing Wed Jun 20 05:06:46 UTC 2018 /home/travis/build/icyphy/ptII/ptolemy/actor/lib/test/auto/functionsOnArcs.xml
----------------- Instantiating /home/travis/build/icyphy/ptII/ptolemy/actor/lib/test/auto/functionsOnArcs.xml
2 ms. Memory: 1772544K Free: 1141291K (64%)
----------------- Invoking toplevel() on ptolemy.moml.MoMLSimpleApplication@1be58a67
----------------- Done invoking toplevel() on ptolemy.moml.MoMLSimpleApplication@1be58a67
reloadAllAccessors: .functionsOnArcs

===========================================================================================
----------------- testing Wed Jun 20 05:06:46 UTC 2018 /home/travis/build/icyphy/ptII/ptolemy/actor/lib/test/auto/functionsOnArcsHOF.xml
----------------- Instantiating /home/travis/build/icyphy/ptII/ptolemy/actor/lib/test/auto/functionsOnArcsHOF.xml
3 ms. Memory: 1772544K Free: 1124733K (63%)
----------------- Invoking toplevel() on ptolemy.moml.MoMLSimpleApplication@16ccc3c2
----------------- Done invoking toplevel() on ptolemy.moml.MoMLSimpleApplication@16ccc3c2
reloadAllAccessors: .functionsOnArcsHOF

===========================================================================================
----------------- testing Wed Jun 20 05:06:46 UTC 2018 /home/travis/build/icyphy/ptII/ptolemy/actor/lib/test/auto/logic.xml
----------------- Instantiating /home/travis/build/icyphy/ptII/ptolemy/actor/lib/test/auto/logic.xml
2 ms. Memory: 1772544K Free: 1103480K (62%)
----------------- Invoking toplevel() on ptolemy.moml.MoMLSimpleApplication@4d15d62f
----------------- Done invoking toplevel() on ptolemy.moml.MoMLSimpleApplication@4d15d62f
reloadAllAccessors: .logic

===========================================================================================
----------------- testing Wed Jun 20 05:06:46 UTC 2018 /home/travis/build/icyphy/ptII/ptolemy/actor/lib/test/auto/matrixType.xml
----------------- Instantiating /home/travis/build/icyphy/ptII/ptolemy/actor/lib/test/auto/matrixType.xml
1 ms. Memory: 1772544K Free: 1082227K (61%)
----------------- Invoking toplevel() on ptolemy.moml.MoMLSimpleApplication@4c5417cd
----------------- Done invoking toplevel() on ptolemy.moml.MoMLSimpleApplication@4c5417cd
reloadAllAccessors: .matrixType

===========================================================================================
----------------- testing Wed Jun 20 05:06:46 UTC 2018 /home/travis/build/icyphy/ptII/ptolemy/actor/lib/test/auto/matrixType10.xml
----------------- Instantiating /home/travis/build/icyphy/ptII/ptolemy/actor/lib/test/auto/matrixType10.xml
2 ms. Memory: 1772544K Free: 1065669K (60%)
----------------- Invoking toplevel() on ptolemy.moml.MoMLSimpleApplication@48b55e7b
----------------- Done invoking toplevel() on ptolemy.moml.MoMLSimpleApplication@48b55e7b
reloadAllAccessors: .matrixType10

===========================================================================================
----------------- testing Wed Jun 20 05:06:46 UTC 2018 /home/travis/build/icyphy/ptII/ptolemy/actor/lib/test/auto/matrixType11.xml
----------------- Instantiating /home/travis/build/icyphy/ptII/ptolemy/actor/lib/test/auto/matrixType11.xml
1 ms. Memory: 1772544K Free: 1044416K (59%)
----------------- Invoking toplevel() on ptolemy.moml.MoMLSimpleApplication@7f2163a0
----------------- Done invoking toplevel() on ptolemy.moml.MoMLSimpleApplication@7f2163a0
reloadAllAccessors: .matrixType11

===========================================================================================
----------------- testing Wed Jun 20 05:06:46 UTC 2018 /home/travis/build/icyphy/ptII/ptolemy/actor/lib/test/auto/matrixType12.xml
----------------- Instantiating /home/travis/build/icyphy/ptII/ptolemy/actor/lib/test/auto/matrixType12.xml
1 ms. Memory: 1772544K Free: 1027858K (58%)
----------------- Invoking toplevel() on ptolemy.moml.MoMLSimpleApplication@79215763
----------------- Done invoking toplevel() on ptolemy.moml.MoMLSimpleApplication@79215763
reloadAllAccessors: .matrixType12

===========================================================================================
----------------- testing Wed Jun 20 05:06:46 UTC 2018 /home/travis/build/icyphy/ptII/ptolemy/actor/lib/test/auto/matrixType13.xml
----------------- Instantiating /home/travis/build/icyphy/ptII/ptolemy/actor/lib/test/auto/matrixType13.xml
2 ms. Memory: 1772544K Free: 1006605K (57%)
----------------- Invoking toplevel() on ptolemy.moml.MoMLSimpleApplication@47bb6531
----------------- Done invoking toplevel() on ptolemy.moml.MoMLSimpleApplication@47bb6531
reloadAllAccessors: .matrixType13

===========================================================================================
----------------- testing Wed Jun 20 05:06:46 UTC 2018 /home/travis/build/icyphy/ptII/ptolemy/actor/lib/test/auto/matrixType14.xml
----------------- Instantiating /home/travis/build/icyphy/ptII/ptolemy/actor/lib/test/auto/matrixType14.xml
1 ms. Memory: 1772544K Free: 990047K (56%)
----------------- Invoking toplevel() on ptolemy.moml.MoMLSimpleApplication@8ec2305
----------------- Done invoking toplevel() on ptolemy.moml.MoMLSimpleApplication@8ec2305
reloadAllAccessors: .matrixType14

===========================================================================================
----------------- testing Wed Jun 20 05:06:46 UTC 2018 /home/travis/build/icyphy/ptII/ptolemy/actor/lib/test/auto/matrixType2.xml
----------------- Instantiating /home/travis/build/icyphy/ptII/ptolemy/actor/lib/test/auto/matrixType2.xml
2 ms. Memory: 1772544K Free: 968794K (55%)
----------------- Invoking toplevel() on ptolemy.moml.MoMLSimpleApplication@31e6530c
----------------- Done invoking toplevel() on ptolemy.moml.MoMLSimpleApplication@31e6530c
reloadAllAccessors: .matrixType2

===========================================================================================
----------------- testing Wed Jun 20 05:06:46 UTC 2018 /home/travis/build/icyphy/ptII/ptolemy/actor/lib/test/auto/matrixType3.xml
----------------- Instantiating /home/travis/build/icyphy/ptII/ptolemy/actor/lib/test/auto/matrixType3.xml
4 ms. Memory: 1772544K Free: 952236K (54%)
----------------- Invoking toplevel() on ptolemy.moml.MoMLSimpleApplication@3d808e84
----------------- Done invoking toplevel() on ptolemy.moml.MoMLSimpleApplication@3d808e84
reloadAllAccessors: .matrixType3

===========================================================================================
----------------- testing Wed Jun 20 05:06:47 UTC 2018 /home/travis/build/icyphy/ptII/ptolemy/actor/lib/test/auto/matrixType4.xml
----------------- Instantiating /home/travis/build/icyphy/ptII/ptolemy/actor/lib/test/auto/matrixType4.xml
1 ms. Memory: 1772544K Free: 930982K (53%)
----------------- Invoking toplevel() on ptolemy.moml.MoMLSimpleApplication@df75cd7
----------------- Done invoking toplevel() on ptolemy.moml.MoMLSimpleApplication@df75cd7
reloadAllAccessors: .matrixType4

===========================================================================================
----------------- testing Wed Jun 20 05:06:47 UTC 2018 /home/travis/build/icyphy/ptII/ptolemy/actor/lib/test/auto/matrixType5.xml
----------------- Instantiating /home/travis/build/icyphy/ptII/ptolemy/actor/lib/test/auto/matrixType5.xml
1 ms. Memory: 1772544K Free: 909729K (51%)
----------------- Invoking toplevel() on ptolemy.moml.MoMLSimpleApplication@78637fa8
----------------- Done invoking toplevel() on ptolemy.moml.MoMLSimpleApplication@78637fa8
reloadAllAccessors: .matrixType5

===========================================================================================
----------------- testing Wed Jun 20 05:06:47 UTC 2018 /home/travis/build/icyphy/ptII/ptolemy/actor/lib/test/auto/matrixType6.xml
----------------- Instantiating /home/travis/build/icyphy/ptII/ptolemy/actor/lib/test/auto/matrixType6.xml
1 ms. Memory: 1772544K Free: 893171K (50%)
----------------- Invoking toplevel() on ptolemy.moml.MoMLSimpleApplication@3b6dc083
----------------- Done invoking toplevel() on ptolemy.moml.MoMLSimpleApplication@3b6dc083
reloadAllAccessors: .matrixType6

===========================================================================================
----------------- testing Wed Jun 20 05:06:47 UTC 2018 /home/travis/build/icyphy/ptII/ptolemy/actor/lib/test/auto/matrixType7.xml
----------------- Instantiating /home/travis/build/icyphy/ptII/ptolemy/actor/lib/test/auto/matrixType7.xml
1 ms. Memory: 1772544K Free: 871918K (49%)
----------------- Invoking toplevel() on ptolemy.moml.MoMLSimpleApplication@1e5478bb
----------------- Done invoking toplevel() on ptolemy.moml.MoMLSimpleApplication@1e5478bb
reloadAllAccessors: .matrixType7

===========================================================================================
----------------- testing Wed Jun 20 05:06:47 UTC 2018 /home/travis/build/icyphy/ptII/ptolemy/actor/lib/test/auto/matrixType8.xml
----------------- Instantiating /home/travis/build/icyphy/ptII/ptolemy/actor/lib/test/auto/matrixType8.xml
2 ms. Memory: 1772544K Free: 855360K (48%)
----------------- Invoking toplevel() on ptolemy.moml.MoMLSimpleApplication@1b5d446a
----------------- Done invoking toplevel() on ptolemy.moml.MoMLSimpleApplication@1b5d446a
reloadAllAccessors: .matrixType8

===========================================================================================
----------------- testing Wed Jun 20 05:06:47 UTC 2018 /home/travis/build/icyphy/ptII/ptolemy/actor/lib/test/auto/matrixType9.xml
----------------- Instantiating /home/travis/build/icyphy/ptII/ptolemy/actor/lib/test/auto/matrixType9.xml
2 ms. Memory: 1772544K Free: 834107K (47%)
----------------- Invoking toplevel() on ptolemy.moml.MoMLSimpleApplication@15010e25
----------------- Done invoking toplevel() on ptolemy.moml.MoMLSimpleApplication@15010e25
reloadAllAccessors: .matrixType9

===========================================================================================
----------------- testing Wed Jun 20 05:06:47 UTC 2018 /home/travis/build/icyphy/ptII/ptolemy/actor/lib/test/auto/paraFunctest.xml
----------------- Instantiating /home/travis/build/icyphy/ptII/ptolemy/actor/lib/test/auto/paraFunctest.xml
3 ms. Memory: 1772544K Free: 817549K (46%)
----------------- Invoking toplevel() on ptolemy.moml.MoMLSimpleApplication@4f7ff42f
----------------- Done invoking toplevel() on ptolemy.moml.MoMLSimpleApplication@4f7ff42f
reloadAllAccessors: .paraFunctest

===========================================================================================
----------------- testing Wed Jun 20 05:06:47 UTC 2018 /home/travis/build/icyphy/ptII/ptolemy/actor/lib/test/auto/paraFunctest2.xml
----------------- Instantiating /home/travis/build/icyphy/ptII/ptolemy/actor/lib/test/auto/paraFunctest2.xml
1 ms. Memory: 1772544K Free: 796296K (45%)
----------------- Invoking toplevel() on ptolemy.moml.MoMLSimpleApplication@11de93c7
----------------- Done invoking toplevel() on ptolemy.moml.MoMLSimpleApplication@11de93c7
reloadAllAccessors: .paraFunctest2

===========================================================================================
----------------- testing Wed Jun 20 05:06:47 UTC 2018 /home/travis/build/icyphy/ptII/ptolemy/actor/lib/test/auto/parameterPassing.xml
----------------- Instantiating /home/travis/build/icyphy/ptII/ptolemy/actor/lib/test/auto/parameterPassing.xml
1 ms. Memory: 1772544K Free: 775043K (44%)
----------------- Invoking toplevel() on ptolemy.moml.MoMLSimpleApplication@696b6cad
----------------- Done invoking toplevel() on ptolemy.moml.MoMLSimpleApplication@696b6cad
reloadAllAccessors: .parameterPassing

===========================================================================================
----------------- testing Wed Jun 20 05:06:47 UTC 2018 /home/travis/build/icyphy/ptII/ptolemy/actor/lib/test/auto/record.xml
----------------- Instantiating /home/travis/build/icyphy/ptII/ptolemy/actor/lib/test/auto/record.xml
3 ms. Memory: 1772544K Free: 758485K (43%)
----------------- Invoking toplevel() on ptolemy.moml.MoMLSimpleApplication@5c2b2fcb
----------------- Done invoking toplevel() on ptolemy.moml.MoMLSimpleApplication@5c2b2fcb
reloadAllAccessors: .record

===========================================================================================
----------------- testing Wed Jun 20 05:06:47 UTC 2018 /home/travis/build/icyphy/ptII/ptolemy/actor/lib/test/auto/sizedarray1.xml
----------------- Instantiating /home/travis/build/icyphy/ptII/ptolemy/actor/lib/test/auto/sizedarray1.xml
1 ms. Memory: 1772544K Free: 737232K (42%)
----------------- Invoking toplevel() on ptolemy.moml.MoMLSimpleApplication@f38c4e9
----------------- Done invoking toplevel() on ptolemy.moml.MoMLSimpleApplication@f38c4e9
reloadAllAccessors: .sizedarray1

===========================================================================================
----------------- testing Wed Jun 20 05:06:47 UTC 2018 /home/travis/build/icyphy/ptII/ptolemy/actor/lib/test/auto/sizedarray2.xml
----------------- Instantiating /home/travis/build/icyphy/ptII/ptolemy/actor/lib/test/auto/sizedarray2.xml
3 ms. Memory: 1772544K Free: 720674K (41%)
----------------- Invoking toplevel() on ptolemy.moml.MoMLSimpleApplication@2bd7a300
----------------- Done invoking toplevel() on ptolemy.moml.MoMLSimpleApplication@2bd7a300
reloadAllAccessors: .sizedarray2

===========================================================================================
----------------- testing Wed Jun 20 05:06:47 UTC 2018 /home/travis/build/icyphy/ptII/ptolemy/actor/lib/test/auto/twoPublishers.xml
----------------- Instantiating /home/travis/build/icyphy/ptII/ptolemy/actor/lib/test/auto/twoPublishers.xml
4 ms. Memory: 1772544K Free: 691126K (39%)
----------------- Invoking toplevel() on ptolemy.moml.MoMLSimpleApplication@446fbcad
----------------- Done invoking toplevel() on ptolemy.moml.MoMLSimpleApplication@446fbcad
reloadAllAccessors: .twoPublishers
AutoTests.java: About to close Vertx.
AutoTests.java: Vertx closed.
]]></system-out>
  <system-err><![CDATA[java.lang.RuntimeException: Execution failed
	at ptolemy.moml.MoMLSimpleApplication$UnloadThread.run(MoMLSimpleApplication.java:402)
Caused by: java.lang.RuntimeException: Normally, we would exit here because Manager.exitAfterWrapup() was called.  However, because the ptolemy.ptII.exitAfterWrapup property is set, we throw this exception instead.
	at ptolemy.util.StringUtilities.exit(StringUtilities.java:363)
	at ptolemy.actor.Manager.wrapup(Manager.java:1531)
	at ptolemy.actor.Manager.execute(Manager.java:407)
	at ptolemy.actor.Manager.run(Manager.java:1263)
	at ptolemy.actor.Manager$PtolemyRunThread.run(Manager.java:1915)
Warning: '.top.test' is in training mode, set the trainingMode parameter to false before checking in
Warning: '.top.test' is in training mode, set the trainingMode parameter to false before checking in
Warning: '.top.test' is in training mode, set the trainingMode parameter to false before checking in
Warning: '.BooleanSwitch_RegressionTest_WrongTrainingValues.Test' is in training mode, set the trainingMode parameter to false before checking in
Warning: '.BooleanSwitch_RegressionTest_WrongTrainingValues.Test2' is in training mode, set the trainingMode parameter to false before checking in
Warning: '.BooleanSwitch_RegressionTest_WrongTrainingValues.Test2' The test produced 0 tokens.
Warning: '.top.testExceptionHandler' is in training mode, set the trainingMode parameter to false before checking in
java.lang.RuntimeException: Execution failed
	at ptolemy.moml.MoMLSimpleApplication$UnloadThread.run(MoMLSimpleApplication.java:402)
Caused by: ptolemy.kernel.util.IllegalActionException: PublisherPorts cannot be used at the top level, use a Publisher actor instead.
  in .PublisherPortToplevelSubscriber.PublisherPort
	at ptolemy.actor.PublisherPort.preinitialize(PublisherPort.java:403)
	at ptolemy.actor.CompositeActor.preinitialize(CompositeActor.java:1769)
	at ptolemy.actor.Manager.preinitializeAndResolveTypes(Manager.java:1040)
	at ptolemy.actor.Manager.initialize(Manager.java:710)
	at ptolemy.actor.Manager.execute(Manager.java:356)
	at ptolemy.actor.Manager.run(Manager.java:1263)
	at ptolemy.actor.Manager$PtolemyRunThread.run(Manager.java:1915)
java.lang.reflect.InvocationTargetException
	at sun.reflect.NativeConstructorAccessorImpl.newInstance0(Native Method)
	at sun.reflect.NativeConstructorAccessorImpl.newInstance(NativeConstructorAccessorImpl.java:62)
	at sun.reflect.DelegatingConstructorAccessorImpl.newInstance(DelegatingConstructorAccessorImpl.java:45)
	at java.lang.reflect.Constructor.newInstance(Constructor.java:423)
	at ptolemy.util.test.junit.AutoKnownFailedTests.RunModel(AutoKnownFailedTests.java:107)
	at sun.reflect.NativeMethodAccessorImpl.invoke0(Native Method)
	at sun.reflect.NativeMethodAccessorImpl.invoke(NativeMethodAccessorImpl.java:62)
	at sun.reflect.DelegatingMethodAccessorImpl.invoke(DelegatingMethodAccessorImpl.java:43)
	at java.lang.reflect.Method.invoke(Method.java:498)
	at org.junit.runners.model.FrameworkMethod$1.runReflectiveCall(FrameworkMethod.java:44)
	at org.junit.internal.runners.model.ReflectiveCallable.run(ReflectiveCallable.java:15)
	at org.junit.runners.model.FrameworkMethod.invokeExplosively(FrameworkMethod.java:41)
	at junitparams.internal.InvokeParameterisedMethod.evaluate(InvokeParameterisedMethod.java:102)
	at org.junit.internal.runners.statements.FailOnTimeout$1.run(FailOnTimeout.java:28)
Caused by: ptolemy.kernel.util.IllegalActionException: PublisherPorts cannot be used at the top level, use a Publisher actor instead.
  in .PublisherPortToplevelSubscriber.PublisherPort
	at ptolemy.actor.PublisherPort.preinitialize(PublisherPort.java:403)
	at ptolemy.actor.CompositeActor.preinitialize(CompositeActor.java:1769)
	at ptolemy.actor.Manager.preinitializeAndResolveTypes(Manager.java:1040)
	at ptolemy.actor.Manager.initialize(Manager.java:710)
	at ptolemy.actor.Manager.execute(Manager.java:356)
	at ptolemy.actor.Manager.run(Manager.java:1263)
	at ptolemy.actor.Manager$PtolemyRunThread.run(Manager.java:1915)
java.lang.RuntimeException: Execution failed
	at ptolemy.moml.MoMLSimpleApplication$UnloadThread.run(MoMLSimpleApplication.java:402)
Caused by: ptolemy.kernel.util.IllegalActionException: SubscriberPorts cannot be used at the top level, use a Subscriber actor instead.
  in .PublisherSubscriberPortToplevel.SubscriberPort
	at ptolemy.actor.SubscriberPort.preinitialize(SubscriberPort.java:328)
	at ptolemy.actor.CompositeActor.preinitialize(CompositeActor.java:1769)
	at ptolemy.actor.Manager.preinitializeAndResolveTypes(Manager.java:1040)
	at ptolemy.actor.Manager.initialize(Manager.java:710)
	at ptolemy.actor.Manager.execute(Manager.java:356)
	at ptolemy.actor.Manager.run(Manager.java:1263)
	at ptolemy.actor.Manager$PtolemyRunThread.run(Manager.java:1915)
java.lang.reflect.InvocationTargetException
	at sun.reflect.NativeConstructorAccessorImpl.newInstance0(Native Method)
	at sun.reflect.NativeConstructorAccessorImpl.newInstance(NativeConstructorAccessorImpl.java:62)
	at sun.reflect.DelegatingConstructorAccessorImpl.newInstance(DelegatingConstructorAccessorImpl.java:45)
	at java.lang.reflect.Constructor.newInstance(Constructor.java:423)
	at ptolemy.util.test.junit.AutoKnownFailedTests.RunModel(AutoKnownFailedTests.java:107)
	at sun.reflect.NativeMethodAccessorImpl.invoke0(Native Method)
	at sun.reflect.NativeMethodAccessorImpl.invoke(NativeMethodAccessorImpl.java:62)
	at sun.reflect.DelegatingMethodAccessorImpl.invoke(DelegatingMethodAccessorImpl.java:43)
	at java.lang.reflect.Method.invoke(Method.java:498)
	at org.junit.runners.model.FrameworkMethod$1.runReflectiveCall(FrameworkMethod.java:44)
	at org.junit.internal.runners.model.ReflectiveCallable.run(ReflectiveCallable.java:15)
	at org.junit.runners.model.FrameworkMethod.invokeExplosively(FrameworkMethod.java:41)
	at junitparams.internal.InvokeParameterisedMethod.evaluate(InvokeParameterisedMethod.java:102)
	at org.junit.internal.runners.statements.FailOnTimeout$1.run(FailOnTimeout.java:28)
Caused by: ptolemy.kernel.util.IllegalActionException: SubscriberPorts cannot be used at the top level, use a Subscriber actor instead.
  in .PublisherSubscriberPortToplevel.SubscriberPort
	at ptolemy.actor.SubscriberPort.preinitialize(SubscriberPort.java:328)
	at ptolemy.actor.CompositeActor.preinitialize(CompositeActor.java:1769)
	at ptolemy.actor.Manager.preinitializeAndResolveTypes(Manager.java:1040)
	at ptolemy.actor.Manager.initialize(Manager.java:710)
	at ptolemy.actor.Manager.execute(Manager.java:356)
	at ptolemy.actor.Manager.run(Manager.java:1263)
	at ptolemy.actor.Manager$PtolemyRunThread.run(Manager.java:1915)
java.lang.RuntimeException: Execution failed
	at ptolemy.moml.MoMLSimpleApplication$UnloadThread.run(MoMLSimpleApplication.java:402)
Caused by: ptolemy.kernel.util.IllegalActionException: SubscriptionAggregatorPorts cannot be used at the top level, use a SubscriptionAggregator actor instead.
  in .PublisherSubscriptionAggregatorPort.SubscriptionAggregatorPort
	at ptolemy.actor.SubscriptionAggregatorPort.preinitialize(SubscriptionAggregatorPort.java:353)
	at ptolemy.actor.CompositeActor.preinitialize(CompositeActor.java:1769)
	at ptolemy.actor.Manager.preinitializeAndResolveTypes(Manager.java:1040)
	at ptolemy.actor.Manager.initialize(Manager.java:710)
	at ptolemy.actor.Manager.execute(Manager.java:356)
	at ptolemy.actor.Manager.run(Manager.java:1263)
	at ptolemy.actor.Manager$PtolemyRunThread.run(Manager.java:1915)
java.lang.reflect.InvocationTargetException
	at sun.reflect.NativeConstructorAccessorImpl.newInstance0(Native Method)
	at sun.reflect.NativeConstructorAccessorImpl.newInstance(NativeConstructorAccessorImpl.java:62)
	at sun.reflect.DelegatingConstructorAccessorImpl.newInstance(DelegatingConstructorAccessorImpl.java:45)
	at java.lang.reflect.Constructor.newInstance(Constructor.java:423)
	at ptolemy.util.test.junit.AutoKnownFailedTests.RunModel(AutoKnownFailedTests.java:107)
	at sun.reflect.NativeMethodAccessorImpl.invoke0(Native Method)
	at sun.reflect.NativeMethodAccessorImpl.invoke(NativeMethodAccessorImpl.java:62)
	at sun.reflect.DelegatingMethodAccessorImpl.invoke(DelegatingMethodAccessorImpl.java:43)
	at java.lang.reflect.Method.invoke(Method.java:498)
	at org.junit.runners.model.FrameworkMethod$1.runReflectiveCall(FrameworkMethod.java:44)
	at org.junit.internal.runners.model.ReflectiveCallable.run(ReflectiveCallable.java:15)
	at org.junit.runners.model.FrameworkMethod.invokeExplosively(FrameworkMethod.java:41)
	at junitparams.internal.InvokeParameterisedMethod.evaluate(InvokeParameterisedMethod.java:102)
	at org.junit.internal.runners.statements.FailOnTimeout$1.run(FailOnTimeout.java:28)
Caused by: ptolemy.kernel.util.IllegalActionException: SubscriptionAggregatorPorts cannot be used at the top level, use a SubscriptionAggregator actor instead.
  in .PublisherSubscriptionAggregatorPort.SubscriptionAggregatorPort
	at ptolemy.actor.SubscriptionAggregatorPort.preinitialize(SubscriptionAggregatorPort.java:353)
	at ptolemy.actor.CompositeActor.preinitialize(CompositeActor.java:1769)
	at ptolemy.actor.Manager.preinitializeAndResolveTypes(Manager.java:1040)
	at ptolemy.actor.Manager.initialize(Manager.java:710)
	at ptolemy.actor.Manager.execute(Manager.java:356)
	at ptolemy.actor.Manager.run(Manager.java:1263)
	at ptolemy.actor.Manager$PtolemyRunThread.run(Manager.java:1915)
java.lang.RuntimeException: Execution failed
	at ptolemy.moml.MoMLSimpleApplication$UnloadThread.run(MoMLSimpleApplication.java:402)
Caused by: ptolemy.kernel.util.IllegalActionException: TypeTest actor has no training data.
  in .sizedarray3.TypeTest
	at ptolemy.actor.lib.TypeTest.initialize(TypeTest.java:250)
	at ptolemy.actor.Director.initialize(Director.java:938)
	at ptolemy.actor.Director.initialize(Director.java:907)
	at ptolemy.actor.sched.StaticSchedulingDirector.initialize(StaticSchedulingDirector.java:159)
	at ptolemy.domains.sdf.kernel.SDFDirector.initialize(SDFDirector.java:544)
	at ptolemy.actor.CompositeActor.initialize(CompositeActor.java:935)
	at ptolemy.actor.Manager.initialize(Manager.java:724)
	at ptolemy.actor.Manager.execute(Manager.java:356)
	at ptolemy.actor.Manager.run(Manager.java:1263)
	at ptolemy.actor.Manager$PtolemyRunThread.run(Manager.java:1915)
java.lang.reflect.InvocationTargetException
	at sun.reflect.NativeConstructorAccessorImpl.newInstance0(Native Method)
	at sun.reflect.NativeConstructorAccessorImpl.newInstance(NativeConstructorAccessorImpl.java:62)
	at sun.reflect.DelegatingConstructorAccessorImpl.newInstance(DelegatingConstructorAccessorImpl.java:45)
	at java.lang.reflect.Constructor.newInstance(Constructor.java:423)
	at ptolemy.util.test.junit.AutoKnownFailedTests.RunModel(AutoKnownFailedTests.java:107)
	at sun.reflect.NativeMethodAccessorImpl.invoke0(Native Method)
	at sun.reflect.NativeMethodAccessorImpl.invoke(NativeMethodAccessorImpl.java:62)
	at sun.reflect.DelegatingMethodAccessorImpl.invoke(DelegatingMethodAccessorImpl.java:43)
	at java.lang.reflect.Method.invoke(Method.java:498)
	at org.junit.runners.model.FrameworkMethod$1.runReflectiveCall(FrameworkMethod.java:44)
	at org.junit.internal.runners.model.ReflectiveCallable.run(ReflectiveCallable.java:15)
	at org.junit.runners.model.FrameworkMethod.invokeExplosively(FrameworkMethod.java:41)
	at junitparams.internal.InvokeParameterisedMethod.evaluate(InvokeParameterisedMethod.java:102)
	at org.junit.internal.runners.statements.FailOnTimeout$1.run(FailOnTimeout.java:28)
Caused by: ptolemy.kernel.util.IllegalActionException: TypeTest actor has no training data.
  in .sizedarray3.TypeTest
	at ptolemy.actor.lib.TypeTest.initialize(TypeTest.java:250)
	at ptolemy.actor.Director.initialize(Director.java:938)
	at ptolemy.actor.Director.initialize(Director.java:907)
	at ptolemy.actor.sched.StaticSchedulingDirector.initialize(StaticSchedulingDirector.java:159)
	at ptolemy.domains.sdf.kernel.SDFDirector.initialize(SDFDirector.java:544)
	at ptolemy.actor.CompositeActor.initialize(CompositeActor.java:935)
	at ptolemy.actor.Manager.initialize(Manager.java:724)
	at ptolemy.actor.Manager.execute(Manager.java:356)
	at ptolemy.actor.Manager.run(Manager.java:1263)
	at ptolemy.actor.Manager$PtolemyRunThread.run(Manager.java:1915)
]]></system-err>
</testsuite>
