<?xml version="1.0" encoding="UTF-8" ?>
<testsuite errors="0" failures="0" hostname="travis-job-ac96d702-177c-4c11-9944-93f84bdb82ed" name="ptolemy.domains.de.test.junit.JUnitTclTest" skipped="0" tests="101" time="121.793" timestamp="2020-03-22T13:25:20">
  <properties>
    <property name="npm.executable" value="npm" />
    <property name="env.TRAVIS_ROOT" value="/" />
    <property name="ptII.mk.exists" value="true" />
    <property name="env.TRAVIS_APP_HOST" value="build.travis-ci.org" />
    <property name="env.rvm_bin_path" value="/home/travis/.rvm/bin" />
    <property name="java.home" value="/usr/local/lib/jvm/openjdk11" />
    <property name="env.TRAVIS_JOB_NUMBER" value="1578.9" />
    <property name="env.TRAVIS_HOME" value="/home/travis" />
    <property name="env.DISPLAY" value=":99.0" />
    <property name="env.TRAVIS_INIT" value="systemd" />
    <property name="env.SSH_TTY" value="/dev/pts/0" />
    <property name="java.net.preferIPv4Stack" value="true" />
    <property name="env.RUN_TESTS" value="true" />
    <property name="timeout.short" value="1000000" />
    <property name="junit.formatter" value="xml" />
    <property name="env.TRAVIS_SUDO" value="true" />
    <property name="env.TRAVIS_JOB_NAME" value="" />
    <property name="env.TRAVIS_STACK_NODE_ATTRIBUTES" value="/.node-attributes.yml" />
    <property name="env.LOGNAME" value="travis" />
    <property name="jsdoc.home" value="node_modules/@terraswarm/jsdoc" />
    <property name="debuglevel" value="source,lines,vars" />
    <property name="checkstyle.formatter" value="xml" />
    <property name="env._system_version" value="16.04" />
    <property name="bin.vergil.makeable" value="true" />
    <property name="sun.os.patch.level" value="unknown" />
    <property name="java.vendor.url" value="http://java.oracle.com/" />
    <property name="env.TRAVIS_BUILD_WEB_URL" value="https://travis-ci.org/icyphy/ptII/builds/665476544" />
    <property name="java.version" value="11.0.2" />
    <property name="env.TZ" value="UTC" />
    <property name="env.TRAVIS_PULL_REQUEST_SHA" value="" />
    <property name="env.PT_NO_NET" value="true" />
    <property name="env.TRAVIS_SECURE_ENV_VARS" value="true" />
    <property name="env._system_type" value="Linux" />
    <property name="java.vendor.url.bug" value="http://bugreport.java.com/bugreport/" />
    <property name="npmjs-org-is-up" value="true" />
    <property name="env.LANGUAGE" value="en_US.UTF-8" />
    <property name="env.SSH_CLIENT" value="10.24.1.74 56350 22" />
    <property name="env.GEM_HOME" value="/home/travis/.rvm/gems/ruby-2.5.3" />
    <property name="env.HAS_ANTARES_THREE_LITTLE_FRONZIES_BADGE" value="true" />
    <property name="java.version.date" value="2019-01-15" />
    <property name="env.PS4" value="+" />
    <property name="ant.project.invoked-targets" value="build,test.core2.xml" />
    <property name="env.TRAVIS_PULL_REQUEST_BRANCH" value="" />
    <property name="env.TRAVIS_REPO_SLUG" value="icyphy/ptII" />
    <property name="env.XDG_DATA_DIRS" value="/usr/local/share:/usr/share:/var/lib/snapd/desktop" />
    <property name="jdk.debug" value="release" />
    <property name="env.TRAVIS_APT_PROXY" value="http://build-cache.travisci.net" />
    <property name="env.TRAVIS_CPU_ARCH" value="amd64" />
    <property name="node.in.path" value="true" />
    <property name="user.name" value="travis" />
    <property name="java.maxmemory" value="1400m" />
    <property name="env.RUBY_VERSION" value="ruby-2.5.3" />
    <property name="env.LANG" value="en_US.UTF-8" />
    <property name="sun.io.unicode.encoding" value="UnicodeLittle" />
    <property name="sun.jnu.encoding" value="UTF-8" />
    <property name="java.runtime.name" value="OpenJDK Runtime Environment" />
    <property name="usefile" value="false" />
    <property name="return.code" value="0" />
    <property name="junit.single.formatter" value="plain" />
    <property name="env.DYLD_LIBRARY_PATH" value="/home/travis/pthla/certi-tools/lib:" />
    <property name="env.DEBIAN_FRONTEND" value="noninteractive" />
    <property name="env.SSH_CONNECTION" value="10.24.1.74 56350 10.20.0.193 22" />
    <property name="env.MYSQL_UNIX_PORT" value="/var/run/mysqld/mysqld.sock" />
    <property name="env.LC_ALL" value="en_US.UTF-8" />
    <property name="env.TRAVIS_ALLOW_FAILURE" value="false" />
    <property name="env.TRAVIS_JOB_WEB_URL" value="https://travis-ci.org/icyphy/ptII/jobs/665476553" />
    <property name="java.specification.name" value="Java Platform API Specification" />
    <property name="node.works" value="true" />
    <property name="user.timezone" value="" />
    <property name="path.separator" value=":" />
    <property name="env.TRAVIS_ENABLE_INFRA_DETECTION" value="true" />
    <property name="env.PYTHON_CFLAGS" value="-g -fstack-protector --param=ssp-buffer-size=4 -Wformat -Werror=format-security" />
    <property name="timeout.long" value="4000000" />
    <property name="env.CERTI_HOME" value="/home/travis/pthla/certi-tools" />
    <property name="ant.file.ptII" value="/home/travis/build/icyphy/ptII/build.xml" />
    <property name="javadoc.packagenames" value="com.*,diva.*,lbnl.*,org.hlacerti.*,org.json.*,org.ptolemy.*,org.terraswarm.*,ptolemy.*,ptserver.*" />
    <property name="file.encoding" value="UTF-8" />
    <property name="env.TRAVIS_PULL_REQUEST_SLUG" value="" />
    <property name="ant.project.default-target" value="build" />
    <property name="env.GIT_ASKPASS" value="echo" />
    <property name="env.HOME" value="/home/travis" />
    <property name="sun.java.command" value="org.apache.tools.ant.taskdefs.optional.junit.JUnitTestRunner ptolemy.domains.de.test.junit.JUnitTclTest skipNonTests=false filtertrace=true haltOnError=false haltOnFailure=false formatter=org.apache.tools.ant.taskdefs.optional.junit.OutErrSummaryJUnitResultFormatter showoutput=true outputtoformatters=true logfailedtests=true threadid=0 logtestlistenerevents=false formatter=org.apache.tools.ant.taskdefs.optional.junit.XMLJUnitResultFormatter,/home/travis/build/icyphy/ptII/reports/junit/TEST-ptolemy.domains.de.test.junit.JUnitTclTest.xml crashfile=/home/travis/build/icyphy/ptII/junitvmwatcher13395110630423769020.properties propsfile=/home/travis/build/icyphy/ptII/junit12248521671634896354.properties" />
    <property name="env.COMPOSER_NO_INTERACTION" value="1" />
    <property name="env.MANPATH" value="/home/travis/.nvm/versions/node/v7.10.1/share/man:/home/travis/.rvm/rubies/ruby-2.5.3/share/man:/usr/local/cmake-3.12.4/man:/usr/local/clang-7.0.0/share/man:/usr/local/man:/usr/local/share/man:/usr/share/man:/home/travis/.rvm/man" />
    <property name="env.TRAVIS_TIMER_ID" value="063552cc" />
    <property name="ant.file" value="/home/travis/build/icyphy/ptII/build.xml" />
    <property name="env.TRAVIS_COMMIT_RANGE" value="3e950cfe0f3c004454147d0a7dfedd7f8d8e77cc...52bfcaaec950ad6b43d11ffdb9cd3f924b0c1f76" />
    <property name="env._system_name" value="Ubuntu" />
    <property name="ptII.classpath.optional.property" value="/home/travis/build/icyphy/ptII/lib/bsh-2.0b4.jar:/home/travis/build/icyphy/ptII/lib/ptCal.jar:/home/travis/build/icyphy/ptII/lib/java_cup.jar:/home/travis/build/icyphy/ptII/lib/saxon8.jar:/home/travis/build/icyphy/ptII/lib/saxon8-dom.jar:/home/travis/build/icyphy/ptII/lib/chic.jar:/home/travis/build/icyphy/ptII/lib/ptcolt.jar:/home/travis/build/icyphy/ptII/vendors/misc/itext/iText.jar:/home/travis/build/icyphy/ptII/lib/g4ltl.jar:/home/travis/build/icyphy/ptII/lib/StructuralCoder.jar:/home/travis/build/icyphy/ptII/lib/jcerti.jar:/home/travis/build/icyphy/ptII/lib/javax.mail.jar:/home/travis/build/icyphy/ptII/vendors/JMF-2.1.1e/lib/jmf.jar:/home/travis/build/icyphy/ptII/lib/jna-4.0.0-variadic.jar:/home/travis/build/icyphy/ptII/vendors/misc/joystick/Joystick.jar:/home/travis/build/icyphy/ptII/lib/ptjacl.jar:/home/travis/build/icyphy/ptII/lib/jsoup-1.8.2.jar:/home/travis/build/icyphy/ptII/lib/junit-4.8.2.jar:/home/travis/build/icyphy/ptII/lib/JUnitParams-0.4.0.jar:/home/travis/build/icyphy/ptII/ptolemy/actor/lib/excel/jxl.jar:/home/travis/build/icyphy/ptII/lib/jython.jar:/home/travis/build/icyphy/ptII/lib/kieler.jar:/home/travis/build/icyphy/ptII/vendors/opencv/share/OpenCV/java/opencv-341.jar:/home/travis/build/icyphy/ptII/lib/oscP5.jar:/home/travis/build/icyphy/ptII/lib/nrjavaserial-3.11.0.devel.jar:/home/travis/build/icyphy/ptII/vendors/j3d/lib/Linux/j3dcore.jar:/home/travis/build/icyphy/ptII/vendors/j3d/lib/Linux/j3dutils.jar:/home/travis/build/icyphy/ptII/vendors/j3d/lib/Linux/vecmath.jar:/home/travis/build/icyphy/ptII/vendors/jogl/lib/Linux/gluegen-rt-natives-linux-amd64.jar:/home/travis/build/icyphy/ptII/vendors/jogl/lib/Linux/gluegen-rt.jar:/home/travis/build/icyphy/ptII/vendors/jogl/lib/Linux/jogl-all-natives-linux-amd64.jar:/home/travis/build/icyphy/ptII/vendors/jogl/lib/Linux/jogl-all.jar:/home/travis/build/icyphy/ptII/ptolemy/distributed/jini/jar/jini-core.jar:/home/travis/build/icyphy/ptII/ptolemy/distributed/jini/jar/jini-ext.jar:/home/travis/build/icyphy/ptII/ptolemy/distributed/jini/jar/sun-util.jar:/home/travis/build/icyphy/ptII/lib/protobuf-java-2.4.1.jar:/home/travis/build/icyphy/ptII/lib/org.eclipse.paho.client.mqttv3.jar:/home/travis/build/icyphy/ptII/lib/mapss.jar:/home/travis/build/icyphy/ptII/ptolemy/actor/ptalon/antlr/antlr.jar:/home/travis/build/icyphy/ptII/lib/JRI.jar:/home/travis/build/icyphy/ptII/lib/commons-lang-2.6.jar:/home/travis/build/icyphy/ptII/lib/commons-logging-1.1.1.jar:/home/travis/build/icyphy/ptII/lib/sootclasses.jar:/home/travis/build/icyphy/ptII/ptolemy/actor/lib/database/mysql-connector-java-5.1.6-bin.jar:/home/travis/build/icyphy/ptII/vendors/misc/sphinx4/sphinx4-data-5prealpha.jar:/home/travis/build/icyphy/ptII/vendors/misc/sphinx4/sphinx4-core-5prealpha.jar:/home/travis/build/icyphy/ptII/lib/PDFRenderer.jar:/home/travis/build/icyphy/ptII/lib/svgSalamander.jar:/home/travis/build/icyphy/ptII/lib/rsyntaxtextarea-2.6.0-SNAPSHOT.jar:/home/travis/build/icyphy/ptII/lib/hazelcast-3.8.2.jar:/home/travis/build/icyphy/ptII/lib/jackson-annotations-2.9.0.jar:/home/travis/build/icyphy/ptII/lib/jackson-core-2.9.3.jar:/home/travis/build/icyphy/ptII/lib/jackson-databind-2.9.3.jar:/home/travis/build/icyphy/ptII/lib/netty-buffer-4.1.19.Final.jar:/home/travis/build/icyphy/ptII/lib/netty-codec-4.1.19.Final.jar:/home/travis/build/icyphy/ptII/lib/netty-codec-dns-4.1.19.Final.jar:/home/travis/build/icyphy/ptII/lib/netty-codec-http-4.1.19.Final.jar:/home/travis/build/icyphy/ptII/lib/netty-codec-http2-4.1.19.Final.jar:/home/travis/build/icyphy/ptII/lib/netty-common-4.1.19.Final.jar:/home/travis/build/icyphy/ptII/lib/netty-handler-4.1.19.Final.jar:/home/travis/build/icyphy/ptII/lib/netty-resolver-4.1.19.Final.jar:/home/travis/build/icyphy/ptII/lib/netty-resolver-dns-4.1.19.Final.jar:/home/travis/build/icyphy/ptII/lib/netty-transport-4.1.19.Final.jar:/home/travis/build/icyphy/ptII/lib/vertx-codegen-3.5.1.jar:/home/travis/build/icyphy/ptII/lib/vertx-core-3.5.2-SNAPSHOT.jar:/home/travis/build/icyphy/ptII/lib/vertx-hazelcast-3.5.1.jar:/home/travis/build/icyphy/ptII/lib/vertx-lang-js-3.5.1.jar:/home/travis/build/icyphy/ptII/lib/vertx-service-proxy-3.5.1.jar:/home/travis/build/icyphy/ptII/lib/vertx-web-3.5.1.jar:/home/travis/build/icyphy/ptII/lib/slf4j-api-1.7.13.jar:/home/travis/build/icyphy/ptII/lib/slf4j-simple-1.7.13.jar:/home/travis/build/icyphy/ptII/lib/webcam-capture-0.3.12.jar:/home/travis/build/icyphy/ptII/lib/bridj-0.7.0.jar:/home/travis/build/icyphy/ptII/lib/xbjlib-1.1.0.nrjavaserial.jar" />
    <property name="timeout" value="2400000" />
    <property name="test.batch" value="**/junit/*.java" />
    <property name="env._" value="/usr/bin/timeout" />
    <property name="java.io.tmpdir" value="/tmp" />
    <property name="user.language" value="en" />
    <property name="env.TRAVIS_INTERNAL_RUBY_REGEX" value="^ruby-(2\.[0-4]\.[0-9]|1\.9\.3)" />
    <property name="env.HISTCONTROL" value="ignoredups:ignorespace" />
    <property name="env.GOROOT" value="/home/travis/.gimme/versions/go1.11.1.linux.amd64" />
    <property name="line.separator" value="&#xa;" />
    <property name="target" value="11" />
    <property name="env.TRAVIS_BUILD_DIR" value="/home/travis/build/icyphy/ptII" />
    <property name="env.ANT_OPTS" value="-Xmx2048m" />
    <property name="ant.file.type" value="file" />
    <property name="ptolemy.ptII.batchMode" value="true" />
    <property name="env.HISTSIZE" value="1000" />
    <property name="env.MERB_ENV" value="test" />
    <property name="java.vm.info" value="mixed mode" />
    <property name="source" value="11" />
    <property name="java.vm.specification.name" value="Java Virtual Machine Specification" />
    <property name="env.TRAVIS_TEST_RESULT" value="0" />
    <property name="jsdoc.command" value="node_modules/@terraswarm/jsdoc/jsdoc.js" />
    <property name="npm.works" value="true" />
    <property name="cobertura.dir" value="/home/travis/build/icyphy/ptII/vendors/cobertura-2.0.3" />
    <property name="jsdoc.command.exists" value="true" />
    <property name="env.rvm_path" value="/home/travis/.rvm" />
    <property name="env.GEM_PATH" value="/home/travis/.rvm/gems/ruby-2.5.3:/home/travis/.rvm/gems/ruby-2.5.3@global" />
    <property name="env.LC_CTYPE" value="en_US.UTF-8" />
    <property name="env.TRAVIS_CMD" value="$PTII/bin/ptIITravisBuild.sh $SECONDS" />
    <property name="java.awt.printerjob" value="sun.print.PSPrinterJob" />
    <property name="env.TRAVIS_STACK_NAME" value="sardonyx" />
    <property name="env.TRAVIS_TIMER_START_TIME" value="1584883305096664298" />
    <property name="ant.version" value="Apache Ant(TM) version 1.10.1 compiled on February 2 2017" />
    <property name="ptII.reports" value="/home/travis/build/icyphy/ptII/reports" />
    <property name="env.TRAVIS_STACK_TIMESTAMP" value="2019-03-25 16:16:56 UTC" />
    <property name="ant.file.type.ptII" value="file" />
    <property name="env.RBENV_SHELL" value="bash" />
    <property name="os.name" value="Linux" />
    <property name="java.specification.vendor" value="Oracle Corporation" />
    <property name="env.rvm_version" value="1.29.7 (latest)" />
    <property name="env.TRAVIS_INFRA" value="unknown" />
    <property name="env.TERM" value="xterm" />
    <property name="java.vm.name" value="OpenJDK 64-Bit Server VM" />
    <property name="env.TRAVIS_BUILD_NUMBER" value="1578" />
    <property name="env.CI" value="true" />
    <property name="java.library.path" value="/home/travis/pthla/certi-tools/lib:/usr/lib/jni:/usr/local/share/OpenCV/java/:/usr/share/OpenCV/java::/usr/java/packages/lib:/usr/lib64:/lib64:/lib:/usr/lib" />
    <property name="jdk.module.path" value="/home/travis/build/icyphy/ptII/vendors/javafx/javafx-sdk-11.0.2/lib:" />
    <property name="env.rvm_prefix" value="/home/travis" />
    <property name="env.PATH" value="/home/travis/pthla/certi-tools/share/scripts:/home/travis/.rvm/gems/ruby-2.5.3/bin:/home/travis/.rvm/gems/ruby-2.5.3@global/bin:/home/travis/.rvm/rubies/ruby-2.5.3/bin:/home/travis/.rvm/bin:/home/travis/.nvm/versions/node/v7.10.1/bin:./node_modules/.bin:/home/travis/build/icyphy/ptII/bin:/home/travis/pthla/certi-tools/bin:/home/travis/bin:/home/travis/.local/bin:/usr/local/lib/jvm/openjdk11/bin:/opt/pyenv/shims:/home/travis/.phpenv/shims:/home/travis/perl5/perlbrew/bin:/home/travis/gopath/bin:/home/travis/.gimme/versions/go1.11.1.linux.amd64/bin:/usr/local/maven-3.6.0/bin:/usr/local/cmake-3.12.4/bin:/usr/local/clang-7.0.0/bin:/usr/local/sbin:/usr/local/bin:/usr/sbin:/usr/bin:/sbin:/bin:/snap/bin:/home/travis/.phpenv/bin:/opt/pyenv/bin:/home/travis/.yarn/bin" />
    <property name="env.TRAVIS_OS_NAME" value="linux" />
    <property name="ant.java.version" value="9" />
    <property name="basedir" value="/home/travis/build/icyphy/ptII" />
    <property name="java.class.version" value="55.0" />
    <property name="env.SHLVL" value="3" />
    <property name="env.LD_LIBRARY_PATH" value="/home/travis/pthla/certi-tools/lib:/usr/lib/jni:/usr/local/share/OpenCV/java/:/usr/share/OpenCV/java:" />
    <property name="env.RACK_ENV" value="test" />
    <property name="ant.home" value="/home/travis/build/icyphy/ptII/ant" />
    <property name="env.NVM_DIR" value="/home/travis/.nvm" />
    <property name="env.CERTI_FOM_PATH" value="/home/travis/pthla/certi-tools/share/federations" />
    <property name="env.TRAVIS_BUILD_ID" value="665476544" />
    <property name="env.PYENV_ROOT" value="/opt/pyenv" />
    <property name="env.TRAVIS_UID" value="2000" />
    <property name="prism.verbose" value="true" />
    <property name="env.NVM_BIN" value="/home/travis/.nvm/versions/node/v7.10.1/bin" />
    <property name="env.TRAVIS_COMMIT" value="52bfcaaec950ad6b43d11ffdb9cd3f924b0c1f76" />
    <property name="env._system_arch" value="x86_64" />
    <property name="node.executable" value="node" />
    <property name="sun.boot.library.path" value="/usr/local/lib/jvm/openjdk11/lib" />
    <property name="sun.management.compiler" value="HotSpot 64-Bit Tiered Compilers" />
    <property name="java.awt.graphicsenv" value="sun.awt.X11GraphicsEnvironment" />
    <property name="env.GOPATH" value="/home/travis/gopath" />
    <property name="ptolemy.ptII.dir" value="/home/travis/build/icyphy/ptII" />
    <property name="env.USER" value="travis" />
    <property name="env.HISTFILESIZE" value="2000" />
    <property name="env.NVM_INC" value="/home/travis/.nvm/versions/node/v7.10.1/include/node" />
    <property name="timeout.longest" value="19000000" />
    <property name="env.PERLBREW_SHELLRC_VERSION" value="0.86" />
    <property name="env.TRAVIS_STACK_FEATURES" value="basic couchdb disabled-ipv6 docker docker-compose elasticsearch firefox go-toolchain google-chrome jdk memcached mongodb mysql nodejs_interpreter perl_interpreter perlbrew phantomjs postgresql python_interpreter redis ruby_interpreter sqlite xserver" />
    <property name="env.TRAVIS_PULL_REQUEST" value="false" />
    <property name="env.PYENV_SHELL" value="bash" />
    <property name="ant.project.name" value="ptII" />
    <property name="env.ANSI_RESET" value="\033[0m" />
    <property name="java.vm.specification.version" value="11" />
    <property name="env.TRAVIS_DIST" value="xenial" />
    <property name="env.CERTI_VERSION" value="4.0.0" />
    <property name="env.CERTI_HOST" value="localhost" />
    <property name="awt.toolkit" value="sun.awt.X11.XToolkit" />
    <property name="env.MY_RUBY_HOME" value="/home/travis/.rvm/rubies/ruby-2.5.3" />
    <property name="sun.cpu.isalist" value="" />
    <property name="env.TRAVIS_TMPDIR" value="/tmp/tmp.1EeECm2q3d" />
    <property name="java.vm.compressedOopsMode" value="Zero based" />
    <property name="os.version" value="4.15.0-1028-gcp" />
    <property name="user.home" value="/home/travis" />
    <property name="java.vm.vendor" value="Oracle Corporation" />
    <property name="env.TRAVIS_TAG" value="nightly" />
    <property name="env.ANSI_YELLOW" value="\033[33;1m" />
    <property name="env.TRAVIS_FILTERED" value="redirect_io" />
    <property name="env.ANSI_GREEN" value="\033[32;1m" />
    <property name="env.JAVA_HOME" value="/usr/local/lib/jvm/openjdk11" />
    <property name="javadoc.excludepackagenames" value="adm.cvs2svn.*,build.*,config.*,doc.coding.templates.*,jni.test.jni.meaningOfLife.*,jni.test.jni.testDeux.*,jni.test.jni.testTrois.*,org.terraswarm.accessor.accessors.web.node_modules.*,org.terraswarm.accessor.accessors.web.hosts.cordova.demo.*,org.terraswarm.accessor.accessors.web.hosts.cordova.plugins.*,org.terraswarm.accessor.accessors-svn.*,pt-modules.*,ptolemy.apps.agilent.*,ptolemy.apps.anytimecontrol.*,ptolemy.apps.apes.*,ptolemy.apps.charon.*,ptolemy.apps.crazyboard.*,ptolemy.apps.eclipse.*,ptolemy.apps.etherealSting.*,ptolemy.apps.fullscreen.*,ptolemy.apps.giotto.*,ptolemy.apps.ia.*,ptolemy.apps.interfaces.*,ptolemy.apps.jmf.*,ptolemy.apps.kurt.*,ptolemy.apps.kvm.*,ptolemy.apps.lego.*,ptolemy.apps.lejos.*,ptolemy.apps.midp.*,ptolemy.apps.mobileCoding.*,ptolemy.apps.pendulum.*,ptolemy.apps.rijndael.*,ptolemy.apps.robot.*,ptolemy.apps.security.*,ptolemy.apps.sobel.*,ptolemy.apps.soot.*,ptolemy.apps.throttle.*,ptolemy.apps.tini.*,ptolemy.apps.transmission.*,ptolemy.apps.vergil.*,ptolemy.apps.waba.*,ptolemy.apps.websensor.*,ptolemy.apps.webstart.*,ptolemy.apps.xsl.*,ptolemy.apps.zaurus.*,ptolemy.codegen.c.actor.lib.oldJavaFiles.*,ptolemy.codegen.dsp.lib.*,ptolemy.codegen.kernel.newInterfaces.*,ptolemy.codegen.lib.*,ptolemy.copernicus.kernel.fragment.*,ptolemy.copernicus.shallow.cg.*,ptolemy.domains.giotto.demo.Hierarchy.Hierarchy.*,ptolemy.domains.giotto.demo.Multimode.Multimode.*,ptolemy.domains.giotto.demo.Simple.Simple.*,ptolemy.domains.gr.lib.experimental.*,ptolemy.domains.gro.*,ptolemy.domains.pdf.*,ptolemy.domains.ptinyos.demo.Surge.output.*,ptolemy.moml.test.NoPackageActor.java*,ptolemy.plot.adm.*,ptolemy.plot.servlet.*,reports.*,signed.*,src.*,target.*,vendors.*,ptolemy.copernicus.applet.*,ptolemy.media.viewer.*,ptolemy.actor.corba.*,doc.doclets.*,ptolemy.apps.eclipse.awt.*,ptolemy.backtrack.*,ptolemy.backtrack.ast.*,ptolemy.cg.adapter.generic.program.procedural.c.mbed*,ptolemy.homer.*,ptolemy.actor.lib.jai.*,org.ptolemy.scala.*,diva.util.java2d.svg.*,ptolemy.domains.ptinyos.*,ptolemy.actor.lib.fmi.fmipp.*,,org.terraswarm.accessor.accessors.web.node_modules.*,org.terraswarm.accessor.accessors-svn,ptolemy.apps.*,ptolemy.actor.ptalon.demo.ptinyos.SendAndReceiveCnt.output,ptolemy.actor.ptalon.demo.ptinyos.SenseToLeds.output,ptolemy.domains.ptinyos.demo.CntToLedsAndRfm.output,ptolemy.domains.ptinyos.demo.RfmToLeds.output,ptolemy.domains.ptinyos.demo.SendAndReceiveCnt.output,ptolemy.domains.ptinyos.demo.SenseToLeds.output,ptolemy.actor.lib.jjs.modules.udpSocket.*" />
    <property name="env.PTII" value="/home/travis/build/icyphy/ptII" />
    <property name="env.XDG_SESSION_ID" value="2" />
    <property name="keystore" value="ptKeystore" />
    <property name="env.TRAVIS_COMMIT_MESSAGE" value="Updating models using array data type." />
    <property name="junit.output.dir" value="/home/travis/build/icyphy/ptII/reports/junit" />
    <property name="npm.return.code" value="0" />
    <property name="user.dir" value="/home/travis/build/icyphy/ptII/ptolemy/domains/de/test" />
    <property name="env.TRAVIS_NODE_VERSION" value="7" />
    <property name="env.TRAVIS_EVENT_TYPE" value="cron" />
    <property name="env.MAIL" value="/var/mail/travis" />
    <property name="env.PERLBREW_ROOT" value="/home/travis/perl5/perlbrew" />
    <property name="env.PWD" value="/home/travis/build/icyphy/ptII" />
    <property name="timeout.npm" value="45000" />
    <property name="env.PT_TRAVIS_TEST_CORE2_XML" value="true" />
    <property name="env.TRAVIS_ARCH" value="amd64" />
    <property name="sun.cpu.endian" value="little" />
    <property name="env.PAGER" value="cat" />
    <property name="env.TRAVIS_BUILD_STAGE_NAME" value="Test" />
    <property name="env.PERLBREW_HOME" value="/home/travis/.perlbrew" />
    <property name="java.vm.version" value="11.0.2+9" />
    <property name="env.RAILS_ENV" value="test" />
    <property name="java.class.path" value="/home/travis/build/icyphy/ptII:/home/travis/build/icyphy/ptII/lib/bsh-2.0b4.jar:/home/travis/build/icyphy/ptII/lib/ptCal.jar:/home/travis/build/icyphy/ptII/lib/java_cup.jar:/home/travis/build/icyphy/ptII/lib/saxon8.jar:/home/travis/build/icyphy/ptII/lib/saxon8-dom.jar:/home/travis/build/icyphy/ptII/lib/chic.jar:/home/travis/build/icyphy/ptII/lib/ptcolt.jar:/home/travis/build/icyphy/ptII/vendors/misc/itext/iText.jar:/home/travis/build/icyphy/ptII/lib/g4ltl.jar:/home/travis/build/icyphy/ptII/lib/StructuralCoder.jar:/home/travis/build/icyphy/ptII/lib/jcerti.jar:/home/travis/build/icyphy/ptII/lib/javax.mail.jar:/home/travis/build/icyphy/ptII/vendors/JMF-2.1.1e/lib/jmf.jar:/home/travis/build/icyphy/ptII/lib/jna-4.0.0-variadic.jar:/home/travis/build/icyphy/ptII/vendors/misc/joystick/Joystick.jar:/home/travis/build/icyphy/ptII/lib/ptjacl.jar:/home/travis/build/icyphy/ptII/lib/jsoup-1.8.2.jar:/home/travis/build/icyphy/ptII/lib/junit-4.8.2.jar:/home/travis/build/icyphy/ptII/lib/JUnitParams-0.4.0.jar:/home/travis/build/icyphy/ptII/ptolemy/actor/lib/excel/jxl.jar:/home/travis/build/icyphy/ptII/lib/jython.jar:/home/travis/build/icyphy/ptII/lib/kieler.jar:/home/travis/build/icyphy/ptII/vendors/opencv/share/OpenCV/java/opencv-341.jar:/home/travis/build/icyphy/ptII/lib/oscP5.jar:/home/travis/build/icyphy/ptII/lib/nrjavaserial-3.11.0.devel.jar:/home/travis/build/icyphy/ptII/vendors/j3d/lib/Linux/j3dcore.jar:/home/travis/build/icyphy/ptII/vendors/j3d/lib/Linux/j3dutils.jar:/home/travis/build/icyphy/ptII/vendors/j3d/lib/Linux/vecmath.jar:/home/travis/build/icyphy/ptII/vendors/jogl/lib/Linux/gluegen-rt-natives-linux-amd64.jar:/home/travis/build/icyphy/ptII/vendors/jogl/lib/Linux/gluegen-rt.jar:/home/travis/build/icyphy/ptII/vendors/jogl/lib/Linux/jogl-all-natives-linux-amd64.jar:/home/travis/build/icyphy/ptII/vendors/jogl/lib/Linux/jogl-all.jar:/home/travis/build/icyphy/ptII/ptolemy/distributed/jini/jar/jini-core.jar:/home/travis/build/icyphy/ptII/ptolemy/distributed/jini/jar/jini-ext.jar:/home/travis/build/icyphy/ptII/ptolemy/distributed/jini/jar/sun-util.jar:/home/travis/build/icyphy/ptII/lib/protobuf-java-2.4.1.jar:/home/travis/build/icyphy/ptII/lib/org.eclipse.paho.client.mqttv3.jar:/home/travis/build/icyphy/ptII/lib/mapss.jar:/home/travis/build/icyphy/ptII/ptolemy/actor/ptalon/antlr/antlr.jar:/home/travis/build/icyphy/ptII/lib/JRI.jar:/home/travis/build/icyphy/ptII/lib/commons-lang-2.6.jar:/home/travis/build/icyphy/ptII/lib/commons-logging-1.1.1.jar:/home/travis/build/icyphy/ptII/lib/sootclasses.jar:/home/travis/build/icyphy/ptII/ptolemy/actor/lib/database/mysql-connector-java-5.1.6-bin.jar:/home/travis/build/icyphy/ptII/vendors/misc/sphinx4/sphinx4-data-5prealpha.jar:/home/travis/build/icyphy/ptII/vendors/misc/sphinx4/sphinx4-core-5prealpha.jar:/home/travis/build/icyphy/ptII/lib/PDFRenderer.jar:/home/travis/build/icyphy/ptII/lib/svgSalamander.jar:/home/travis/build/icyphy/ptII/lib/rsyntaxtextarea-2.6.0-SNAPSHOT.jar:/home/travis/build/icyphy/ptII/lib/hazelcast-3.8.2.jar:/home/travis/build/icyphy/ptII/lib/jackson-annotations-2.9.0.jar:/home/travis/build/icyphy/ptII/lib/jackson-core-2.9.3.jar:/home/travis/build/icyphy/ptII/lib/jackson-databind-2.9.3.jar:/home/travis/build/icyphy/ptII/lib/netty-buffer-4.1.19.Final.jar:/home/travis/build/icyphy/ptII/lib/netty-codec-4.1.19.Final.jar:/home/travis/build/icyphy/ptII/lib/netty-codec-dns-4.1.19.Final.jar:/home/travis/build/icyphy/ptII/lib/netty-codec-http-4.1.19.Final.jar:/home/travis/build/icyphy/ptII/lib/netty-codec-http2-4.1.19.Final.jar:/home/travis/build/icyphy/ptII/lib/netty-common-4.1.19.Final.jar:/home/travis/build/icyphy/ptII/lib/netty-handler-4.1.19.Final.jar:/home/travis/build/icyphy/ptII/lib/netty-resolver-4.1.19.Final.jar:/home/travis/build/icyphy/ptII/lib/netty-resolver-dns-4.1.19.Final.jar:/home/travis/build/icyphy/ptII/lib/netty-transport-4.1.19.Final.jar:/home/travis/build/icyphy/ptII/lib/vertx-codegen-3.5.1.jar:/home/travis/build/icyphy/ptII/lib/vertx-core-3.5.2-SNAPSHOT.jar:/home/travis/build/icyphy/ptII/lib/vertx-hazelcast-3.5.1.jar:/home/travis/build/icyphy/ptII/lib/vertx-lang-js-3.5.1.jar:/home/travis/build/icyphy/ptII/lib/vertx-service-proxy-3.5.1.jar:/home/travis/build/icyphy/ptII/lib/vertx-web-3.5.1.jar:/home/travis/build/icyphy/ptII/lib/slf4j-api-1.7.13.jar:/home/travis/build/icyphy/ptII/lib/slf4j-simple-1.7.13.jar:/home/travis/build/icyphy/ptII/lib/webcam-capture-0.3.12.jar:/home/travis/build/icyphy/ptII/lib/bridj-0.7.0.jar:/home/travis/build/icyphy/ptII/lib/xbjlib-1.1.0.nrjavaserial.jar:/home/travis/build/icyphy/ptII/ptolemy/moml/test:/home/travis/build/icyphy/ptII/ant/lib/ant-launcher.jar:/home/travis/build/icyphy/ptII/ant/lib/ant.jar:/home/travis/build/icyphy/ptII/ant/lib/ant-junit.jar:/home/travis/build/icyphy/ptII/ant/lib/ant-junit4.jar" />
    <property name="ant.library.dir" value="/home/travis/build/icyphy/ptII/ant/lib" />
    <property name="os.arch" value="amd64" />
    <property name="env.CONTINUOUS_INTEGRATION" value="true" />
    <property name="env.TRAVIS_LANGUAGE" value="node_js" />
    <property name="env.TRAVIS_STACK_LANGUAGES" value="__sardonyx__ c c++ clojure cplusplus cpp default generic go groovy java node_js php pure_java python ruby scala" />
    <property name="test.name" value="ptolemy.actor.lib.test.junit.JUnitTclTest" />
    <property name="env.APT_KEY_DONT_WARN_ON_DANGEROUS_USAGE" value="1" />
    <property name="sun.java.launcher" value="SUN_STANDARD" />
    <property name="env.PYTHON_CONFIGURE_OPTS" value="--enable-unicode=ucs4 --with-wide-unicode --enable-shared --enable-ipv6 --enable-loadable-sqlite-extensions --with-computed-gotos" />
    <property name="ant.core.lib" value="/home/travis/build/icyphy/ptII/ant/lib/ant.jar" />
    <property name="java.vm.specification.vendor" value="Oracle Corporation" />
    <property name="env.BCVTB_HOME" value="/home/travis/build/icyphy/ptII/lbnl" />
    <property name="file.separator" value="/" />
    <property name="spotbugs.home" value="/home/travis/build/icyphy/ptII/vendors/spotbugs-3.1.1" />
    <property name="java.runtime.version" value="11.0.2+9" />
    <property name="env.ANSI_CLEAR" value="\033[0K" />
    <property name="javafx.verbose" value="true" />
    <property name="env.HAS_JOSH_K_SEAL_OF_APPROVAL" value="true" />
    <property name="env.XDG_RUNTIME_DIR" value="/run/user/2000" />
    <property name="env.TRAVIS_OSX_IMAGE" value="" />
    <property name="env.TRAVIS_JOB_ID" value="665476553" />
    <property name="env.TRAVIS_BRANCH" value="master" />
    <property name="user.country" value="US" />
    <property name="env.CERTI_HOME_TRAVIS" value="/home/travis/pthla/certi-tools" />
    <property name="env.SHELL" value="/bin/bash" />
    <property name="java.maxmemory.large" value="3200m" />
    <property name="model" value="" />
    <property name="env.CASHER_DIR" value="/home/travis/.casher" />
    <property name="env.NVM_CD_FLAGS" value="" />
    <property name="java.vendor.version" value="18.9" />
    <property name="jshint.executable" value="/home/travis/node_modules/jshint/bin/jshint" />
    <property name="env.JRUBY_OPTS" value=" --client -J-XX:+TieredCompilation -J-XX:TieredStopAtLevel=1 -J-Xss2m -Xcompile.invokedynamic=false" />
    <property name="java.vendor" value="Oracle Corporation" />
    <property name="env.TRAVIS_PRE_CHEF_BOOTSTRAP_TIME" value="2019-03-25T16:16:42" />
    <property name="env.TRAVIS_STACK_JOB_BOARD_REGISTER" value="/.job-board-register.yml" />
    <property name="env.ANSI_RED" value="\033[31;1m" />
    <property name="java.specification.version" value="11" />
    <property name="env.IRBRC" value="/home/travis/.rvm/rubies/ruby-2.5.3/.irbrc" />
    <property name="env.TRAVIS" value="true" />
    <property name="sun.arch.data.model" value="64" />
  </properties>
  <testcase classname="ptolemy.util.test.junit.TclTests" name="[0] /home/travis/build/icyphy/ptII/ptolemy/domains/de/test/DependencyLoop.tcl (RunTclFile)" time="0.99" />
  <testcase classname="ptolemy.util.test.junit.TclTests" name="[1] /home/travis/build/icyphy/ptII/ptolemy/domains/de/test/RunDETestsAsQSS.tcl (RunTclFile)" time="82.753" />
  <testcase classname="ptolemy.util.test.junit.AutoKnownFailedTests" name="[0] /home/travis/build/icyphy/ptII/ptolemy/domains/de/test/auto/knownFailedTests/DESDFClockTest.xml (RunModel)" time="2.049" />
  <testcase classname="ptolemy.util.test.junit.AutoKnownFailedTests" name="[1] /home/travis/build/icyphy/ptII/ptolemy/domains/de/test/auto/knownFailedTests/DirectFeedback.xml (RunModel)" time="0.018" />
  <testcase classname="ptolemy.util.test.junit.AutoKnownFailedTests" name="[2] /home/travis/build/icyphy/ptII/ptolemy/domains/de/test/auto/knownFailedTests/FSMSource.xml (RunModel)" time="0.026" />
  <testcase classname="ptolemy.util.test.junit.AutoKnownFailedTests" name="[3] /home/travis/build/icyphy/ptII/ptolemy/domains/de/test/auto/knownFailedTests/HierarchicalModel.xml (RunModel)" time="0.051" />
  <testcase classname="ptolemy.util.test.junit.AutoKnownFailedTests" name="[4] /home/travis/build/icyphy/ptII/ptolemy/domains/de/test/auto/knownFailedTests/dependencyLoop.xml (RunModel)" time="0.037" />
  <testcase classname="ptolemy.util.test.junit.AutoKnownFailedTests" name="[5] /home/travis/build/icyphy/ptII/ptolemy/domains/de/test/auto/knownFailedTests/dependencyLoop2.xml (RunModel)" time="0.042" />
  <testcase classname="ptolemy.util.test.junit.AutoNameArchTests" name="[0] ThereAreNoAutoArchTests (RunModel)" time="0.001" />
  <testcase classname="ptolemy.util.test.junit.AutoTests" name="[0] /home/travis/build/icyphy/ptII/ptolemy/domains/de/test/auto/ActorDepthCalculation_actorWithoutPorts.xml (RunModel)" time="0.021" />
  <testcase classname="ptolemy.util.test.junit.AutoTests" name="[1] /home/travis/build/icyphy/ptII/ptolemy/domains/de/test/auto/AssemblyLine.xml (RunModel)" time="0.026" />
  <testcase classname="ptolemy.util.test.junit.AutoTests" name="[2] /home/travis/build/icyphy/ptII/ptolemy/domains/de/test/auto/CQBug1.xml (RunModel)" time="0.01" />
  <testcase classname="ptolemy.util.test.junit.AutoTests" name="[3] /home/travis/build/icyphy/ptII/ptolemy/domains/de/test/auto/CancelFireAt.xml (RunModel)" time="0.011" />
  <testcase classname="ptolemy.util.test.junit.AutoTests" name="[4] /home/travis/build/icyphy/ptII/ptolemy/domains/de/test/auto/CausalityAndComposabilityAnalysis.xml (RunModel)" time="0.021" />
  <testcase classname="ptolemy.util.test.junit.AutoTests" name="[5] /home/travis/build/icyphy/ptII/ptolemy/domains/de/test/auto/CausalityInterface1.xml (RunModel)" time="0.019" />
  <testcase classname="ptolemy.util.test.junit.AutoTests" name="[6] /home/travis/build/icyphy/ptII/ptolemy/domains/de/test/auto/CausalityInterface15.xml (RunModel)" time="0.017" />
  <testcase classname="ptolemy.util.test.junit.AutoTests" name="[7] /home/travis/build/icyphy/ptII/ptolemy/domains/de/test/auto/CausalityInterface2.xml (RunModel)" time="0.012" />
  <testcase classname="ptolemy.util.test.junit.AutoTests" name="[8] /home/travis/build/icyphy/ptII/ptolemy/domains/de/test/auto/CausalityInterface3.xml (RunModel)" time="0.012" />
  <testcase classname="ptolemy.util.test.junit.AutoTests" name="[9] /home/travis/build/icyphy/ptII/ptolemy/domains/de/test/auto/ClockDrift.xml (RunModel)" time="0.038" />
  <testcase classname="ptolemy.util.test.junit.AutoTests" name="[10] /home/travis/build/icyphy/ptII/ptolemy/domains/de/test/auto/ClockDriftAndValueChange.xml (RunModel)" time="0.029" />
  <testcase classname="ptolemy.util.test.junit.AutoTests" name="[11] /home/travis/build/icyphy/ptII/ptolemy/domains/de/test/auto/ClockDriftChange.xml (RunModel)" time="0.033" />
  <testcase classname="ptolemy.util.test.junit.AutoTests" name="[12] /home/travis/build/icyphy/ptII/ptolemy/domains/de/test/auto/ComposableCausalityAnalysis.xml (RunModel)" time="0.02" />
  <testcase classname="ptolemy.util.test.junit.AutoTests" name="[13] /home/travis/build/icyphy/ptII/ptolemy/domains/de/test/auto/DEFixedPointLimitation.xml (RunModel)" time="0.01" />
  <testcase classname="ptolemy.util.test.junit.AutoTests" name="[14] /home/travis/build/icyphy/ptII/ptolemy/domains/de/test/auto/DEScheduleTest.xml (RunModel)" time="0.014" />
  <testcase classname="ptolemy.util.test.junit.AutoTests" name="[15] /home/travis/build/icyphy/ptII/ptolemy/domains/de/test/auto/DEinDEwithStartTimes.xml (RunModel)" time="0.013" />
  <testcase classname="ptolemy.util.test.junit.AutoTests" name="[16] /home/travis/build/icyphy/ptII/ptolemy/domains/de/test/auto/DEinDEwithStartTimes2.xml (RunModel)" time="0.019" />
  <testcase classname="ptolemy.util.test.junit.AutoTests" name="[17] /home/travis/build/icyphy/ptII/ptolemy/domains/de/test/auto/DateDemo.xml (RunModel)" time="0.031" />
  <testcase classname="ptolemy.util.test.junit.AutoTests" name="[18] /home/travis/build/icyphy/ptII/ptolemy/domains/de/test/auto/DateToEvent.xml (RunModel)" time="2.043" />
  <testcase classname="ptolemy.util.test.junit.AutoTests" name="[19] /home/travis/build/icyphy/ptII/ptolemy/domains/de/test/auto/DepthTest1.xml (RunModel)" time="0.008" />
  <testcase classname="ptolemy.util.test.junit.AutoTests" name="[20] /home/travis/build/icyphy/ptII/ptolemy/domains/de/test/auto/DepthTest2.xml (RunModel)" time="0.018" />
  <testcase classname="ptolemy.util.test.junit.AutoTests" name="[21] /home/travis/build/icyphy/ptII/ptolemy/domains/de/test/auto/DepthTest3.xml (RunModel)" time="0.009" />
  <testcase classname="ptolemy.util.test.junit.AutoTests" name="[22] /home/travis/build/icyphy/ptII/ptolemy/domains/de/test/auto/DepthTest4.xml (RunModel)" time="0.017" />
  <testcase classname="ptolemy.util.test.junit.AutoTests" name="[23] /home/travis/build/icyphy/ptII/ptolemy/domains/de/test/auto/DepthTest5.xml (RunModel)" time="0.019" />
  <testcase classname="ptolemy.util.test.junit.AutoTests" name="[24] /home/travis/build/icyphy/ptII/ptolemy/domains/de/test/auto/DepthTest6.xml (RunModel)" time="0.017" />
  <testcase classname="ptolemy.util.test.junit.AutoTests" name="[25] /home/travis/build/icyphy/ptII/ptolemy/domains/de/test/auto/DepthTest7.xml (RunModel)" time="0.011" />
  <testcase classname="ptolemy.util.test.junit.AutoTests" name="[26] /home/travis/build/icyphy/ptII/ptolemy/domains/de/test/auto/EventToDate.xml (RunModel)" time="3.032" />
  <testcase classname="ptolemy.util.test.junit.AutoTests" name="[27] /home/travis/build/icyphy/ptII/ptolemy/domains/de/test/auto/FSM1.xml (RunModel)" time="0.051" />
  <testcase classname="ptolemy.util.test.junit.AutoTests" name="[28] /home/travis/build/icyphy/ptII/ptolemy/domains/de/test/auto/FSM7.xml (RunModel)" time="0.041" />
  <testcase classname="ptolemy.util.test.junit.AutoTests" name="[29] /home/travis/build/icyphy/ptII/ptolemy/domains/de/test/auto/Inspection.xml (RunModel)" time="0.044" />
  <testcase classname="ptolemy.util.test.junit.AutoTests" name="[30] /home/travis/build/icyphy/ptII/ptolemy/domains/de/test/auto/Iteration.xml (RunModel)" time="0.022" />
  <testcase classname="ptolemy.util.test.junit.AutoTests" name="[31] /home/travis/build/icyphy/ptII/ptolemy/domains/de/test/auto/LineFault.xml (RunModel)" time="0.499" />
  <testcase classname="ptolemy.util.test.junit.AutoTests" name="[32] /home/travis/build/icyphy/ptII/ptolemy/domains/de/test/auto/MergeModel1Add.xml (RunModel)" time="0.053" />
  <testcase classname="ptolemy.util.test.junit.AutoTests" name="[33] /home/travis/build/icyphy/ptII/ptolemy/domains/de/test/auto/MergeModel2Add.xml (RunModel)" time="0.034" />
  <testcase classname="ptolemy.util.test.junit.AutoTests" name="[34] /home/travis/build/icyphy/ptII/ptolemy/domains/de/test/auto/MergeModel3Add.xml (RunModel)" time="0.045" />
  <testcase classname="ptolemy.util.test.junit.AutoTests" name="[35] /home/travis/build/icyphy/ptII/ptolemy/domains/de/test/auto/MergeWithoutDiscard.xml (RunModel)" time="0.012" />
  <testcase classname="ptolemy.util.test.junit.AutoTests" name="[36] /home/travis/build/icyphy/ptII/ptolemy/domains/de/test/auto/Modal1.xml (RunModel)" time="0.028" />
  <testcase classname="ptolemy.util.test.junit.AutoTests" name="[37] /home/travis/build/icyphy/ptII/ptolemy/domains/de/test/auto/Modal2.xml (RunModel)" time="0.024" />
  <testcase classname="ptolemy.util.test.junit.AutoTests" name="[38] /home/travis/build/icyphy/ptII/ptolemy/domains/de/test/auto/Modal3.xml (RunModel)" time="0.031" />
  <testcase classname="ptolemy.util.test.junit.AutoTests" name="[39] /home/travis/build/icyphy/ptII/ptolemy/domains/de/test/auto/Modal4.xml (RunModel)" time="0.028" />
  <testcase classname="ptolemy.util.test.junit.AutoTests" name="[40] /home/travis/build/icyphy/ptII/ptolemy/domains/de/test/auto/Modal5.xml (RunModel)" time="0.026" />
  <testcase classname="ptolemy.util.test.junit.AutoTests" name="[41] /home/travis/build/icyphy/ptII/ptolemy/domains/de/test/auto/Modal6.xml (RunModel)" time="0.024" />
  <testcase classname="ptolemy.util.test.junit.AutoTests" name="[42] /home/travis/build/icyphy/ptII/ptolemy/domains/de/test/auto/Modal7.xml (RunModel)" time="0.029" />
  <testcase classname="ptolemy.util.test.junit.AutoTests" name="[43] /home/travis/build/icyphy/ptII/ptolemy/domains/de/test/auto/ModalModel.xml (RunModel)" time="0.178" />
  <testcase classname="ptolemy.util.test.junit.AutoTests" name="[44] /home/travis/build/icyphy/ptII/ptolemy/domains/de/test/auto/ModalSource.xml (RunModel)" time="0.027" />
  <testcase classname="ptolemy.util.test.junit.AutoTests" name="[45] /home/travis/build/icyphy/ptII/ptolemy/domains/de/test/auto/NonInterruptibleTimerZeroDelay.xml (RunModel)" time="0.01" />
  <testcase classname="ptolemy.util.test.junit.AutoTests" name="[46] /home/travis/build/icyphy/ptII/ptolemy/domains/de/test/auto/OpenQueueingNetwork.xml (RunModel)" time="2.339" />
  <testcase classname="ptolemy.util.test.junit.AutoTests" name="[47] /home/travis/build/icyphy/ptII/ptolemy/domains/de/test/auto/OpenQueuingNetwork.xml (RunModel)" time="0.264" />
  <testcase classname="ptolemy.util.test.junit.AutoTests" name="[48] /home/travis/build/icyphy/ptII/ptolemy/domains/de/test/auto/PeriodicSampler.xml (RunModel)" time="0.013" />
  <testcase classname="ptolemy.util.test.junit.AutoTests" name="[49] /home/travis/build/icyphy/ptII/ptolemy/domains/de/test/auto/PersistentIO.xml (RunModel)" time="0.016" />
  <testcase classname="ptolemy.util.test.junit.AutoTests" name="[50] /home/travis/build/icyphy/ptII/ptolemy/domains/de/test/auto/PortParameterResetOnInitialize.xml (RunModel)" time="0.013" />
  <testcase classname="ptolemy.util.test.junit.AutoTests" name="[51] /home/travis/build/icyphy/ptII/ptolemy/domains/de/test/auto/PortParameterUpdates.xml (RunModel)" time="0.012" />
  <testcase classname="ptolemy.util.test.junit.AutoTests" name="[52] /home/travis/build/icyphy/ptII/ptolemy/domains/de/test/auto/QueueAndServer.xml (RunModel)" time="0.019" />
  <testcase classname="ptolemy.util.test.junit.AutoTests" name="[53] /home/travis/build/icyphy/ptII/ptolemy/domains/de/test/auto/Records.xml (RunModel)" time="0.013" />
  <testcase classname="ptolemy.util.test.junit.AutoTests" name="[54] /home/travis/build/icyphy/ptII/ptolemy/domains/de/test/auto/ResetTransitionWithStartTime1.xml (RunModel)" time="0.026" />
  <testcase classname="ptolemy.util.test.junit.AutoTests" name="[55] /home/travis/build/icyphy/ptII/ptolemy/domains/de/test/auto/ResetTransitionWithStartTime2.xml (RunModel)" time="0.019" />
  <testcase classname="ptolemy.util.test.junit.AutoTests" name="[56] /home/travis/build/icyphy/ptII/ptolemy/domains/de/test/auto/ResetTransitionWithStartTime3.xml (RunModel)" time="0.021" />
  <testcase classname="ptolemy.util.test.junit.AutoTests" name="[57] /home/travis/build/icyphy/ptII/ptolemy/domains/de/test/auto/ResetTransitionWithStartTime4.xml (RunModel)" time="0.022" />
  <testcase classname="ptolemy.util.test.junit.AutoTests" name="[58] /home/travis/build/icyphy/ptII/ptolemy/domains/de/test/auto/ResettableTimer1.xml (RunModel)" time="0.009" />
  <testcase classname="ptolemy.util.test.junit.AutoTests" name="[59] /home/travis/build/icyphy/ptII/ptolemy/domains/de/test/auto/ResettableTimer2.xml (RunModel)" time="0.008" />
  <testcase classname="ptolemy.util.test.junit.AutoTests" name="[60] /home/travis/build/icyphy/ptII/ptolemy/domains/de/test/auto/ResettableTimer3.xml (RunModel)" time="0.008" />
  <testcase classname="ptolemy.util.test.junit.AutoTests" name="[61] /home/travis/build/icyphy/ptII/ptolemy/domains/de/test/auto/ResettableTimer4.xml (RunModel)" time="0.008" />
  <testcase classname="ptolemy.util.test.junit.AutoTests" name="[62] /home/travis/build/icyphy/ptII/ptolemy/domains/de/test/auto/ResettableTimer5.xml (RunModel)" time="0.009" />
  <testcase classname="ptolemy.util.test.junit.AutoTests" name="[63] /home/travis/build/icyphy/ptII/ptolemy/domains/de/test/auto/ResettableTimer6.xml (RunModel)" time="0.015" />
  <testcase classname="ptolemy.util.test.junit.AutoTests" name="[64] /home/travis/build/icyphy/ptII/ptolemy/domains/de/test/auto/ServerZeroDelay.xml (RunModel)" time="0.009" />
  <testcase classname="ptolemy.util.test.junit.AutoTests" name="[65] /home/travis/build/icyphy/ptII/ptolemy/domains/de/test/auto/SmartSender.xml (RunModel)" time="3.009" />
  <testcase classname="ptolemy.util.test.junit.AutoTests" name="[66] /home/travis/build/icyphy/ptII/ptolemy/domains/de/test/auto/ThreadedComposite.xml (RunModel)" time="0.115" />
  <testcase classname="ptolemy.util.test.junit.AutoTests" name="[67] /home/travis/build/icyphy/ptII/ptolemy/domains/de/test/auto/Time.xml (RunModel)" time="0.361" />
  <testcase classname="ptolemy.util.test.junit.AutoTests" name="[68] /home/travis/build/icyphy/ptII/ptolemy/domains/de/test/auto/TimeDelayZeroDelay.xml (RunModel)" time="0.011" />
  <testcase classname="ptolemy.util.test.junit.AutoTests" name="[69] /home/travis/build/icyphy/ptII/ptolemy/domains/de/test/auto/TimerZeroDelay.xml (RunModel)" time="0.009" />
  <testcase classname="ptolemy.util.test.junit.AutoTests" name="[70] /home/travis/build/icyphy/ptII/ptolemy/domains/de/test/auto/TimingParadox.xml (RunModel)" time="0.305" />
  <testcase classname="ptolemy.util.test.junit.AutoTests" name="[71] /home/travis/build/icyphy/ptII/ptolemy/domains/de/test/auto/TransferInputs.xml (RunModel)" time="0.016" />
  <testcase classname="ptolemy.util.test.junit.AutoTests" name="[72] /home/travis/build/icyphy/ptII/ptolemy/domains/de/test/auto/TransferOutputs2.xml (RunModel)" time="0.014" />
  <testcase classname="ptolemy.util.test.junit.AutoTests" name="[73] /home/travis/build/icyphy/ptII/ptolemy/domains/de/test/auto/Trilateration.xml (RunModel)" time="10.021" />
  <testcase classname="ptolemy.util.test.junit.AutoTests" name="[74] /home/travis/build/icyphy/ptII/ptolemy/domains/de/test/auto/TwoSigmaDelta.xml (RunModel)" time="1.808" />
  <testcase classname="ptolemy.util.test.junit.AutoTests" name="[75] /home/travis/build/icyphy/ptII/ptolemy/domains/de/test/auto/VariableDelay.xml (RunModel)" time="0.019" />
  <testcase classname="ptolemy.util.test.junit.AutoTests" name="[76] /home/travis/build/icyphy/ptII/ptolemy/domains/de/test/auto/VariableDelay2.xml (RunModel)" time="0.008" />
  <testcase classname="ptolemy.util.test.junit.AutoTests" name="[77] /home/travis/build/icyphy/ptII/ptolemy/domains/de/test/auto/VariableDelayZeroDelay.xml (RunModel)" time="0.011" />
  <testcase classname="ptolemy.util.test.junit.AutoTests" name="[78] /home/travis/build/icyphy/ptII/ptolemy/domains/de/test/auto/VariableDelayZeroDelay2.xml (RunModel)" time="0.014" />
  <testcase classname="ptolemy.util.test.junit.AutoTests" name="[79] /home/travis/build/icyphy/ptII/ptolemy/domains/de/test/auto/deInCt.xml (RunModel)" time="0.016" />
  <testcase classname="ptolemy.util.test.junit.AutoTests" name="[80] /home/travis/build/icyphy/ptII/ptolemy/domains/de/test/auto/deInCt2.xml (RunModel)" time="0.012" />
  <testcase classname="ptolemy.util.test.junit.AutoTests" name="[81] /home/travis/build/icyphy/ptII/ptolemy/domains/de/test/auto/dynamicCausalityInterface1.xml (RunModel)" time="0.019" />
  <testcase classname="ptolemy.util.test.junit.AutoTests" name="[82] /home/travis/build/icyphy/ptII/ptolemy/domains/de/test/auto/fsm_de_test.xml (RunModel)" time="0.024" />
  <testcase classname="ptolemy.util.test.junit.AutoTests" name="[83] /home/travis/build/icyphy/ptII/ptolemy/domains/de/test/auto/functionDependencyReconstruction.xml (RunModel)" time="0.026" />
  <testcase classname="ptolemy.util.test.junit.AutoTests" name="[84] /home/travis/build/icyphy/ptII/ptolemy/domains/de/test/auto/multirate.xml (RunModel)" time="0.014" />
  <testcase classname="ptolemy.util.test.junit.AutoTests" name="[85] /home/travis/build/icyphy/ptII/ptolemy/domains/de/test/auto/multirate2.xml (RunModel)" time="0.012" />
  <testcase classname="ptolemy.util.test.junit.AutoTests" name="[86] /home/travis/build/icyphy/ptII/ptolemy/domains/de/test/auto/realtime.xml (RunModel)" time="10.012" />
  <testcase classname="ptolemy.util.test.junit.AutoTests" name="[87] /home/travis/build/icyphy/ptII/ptolemy/domains/de/test/auto/relationGroup.xml (RunModel)" time="0.008" />
  <testcase classname="ptolemy.util.test.junit.AutoTests" name="[88] /home/travis/build/icyphy/ptII/ptolemy/domains/de/test/auto/relationGroup2.xml (RunModel)" time="0.008" />
  <testcase classname="ptolemy.util.test.junit.AutoTests" name="[89] /home/travis/build/icyphy/ptII/ptolemy/domains/de/test/auto/sortWithOpaquePorts.xml (RunModel)" time="0.016" />
  <testcase classname="ptolemy.util.test.junit.AutoTests" name="[90] /home/travis/build/icyphy/ptII/ptolemy/domains/de/test/auto/transferInputsandOutputs.xml (RunModel)" time="0.014" />
  <testcase classname="ptolemy.util.test.junit.AutoTests" name="[91] /home/travis/build/icyphy/ptII/ptolemy/domains/de/test/auto/triggerType.xml (RunModel)" time="0.009" />
  <system-out><![CDATA[/home/travis/build/icyphy/ptII/ptolemy/domains/de/test/DependencyLoop.tcl
testDefs.tcl: setting time out to 9000 seconds at Sun Mar 22 13:25:20 UTC 2020
77 ms. Memory: 129024K Free: 79142K (61%)
17 ms. Memory: 129024K Free: 61719K (48%)
/home/travis/build/icyphy/ptII/ptolemy/domains/de/test/RunDETestsAsQSS.tcl
Run the DE tests using ptolemy.domains.qss.test.QSSDirectorTest, which extends QSSDirector and prints a message in the constructors.
------------------ testing $PTII/ptolemy/domains/de/test/auto/knownFailedTests/DirectFeedback.xml (Known Failure) 
47 ms. Memory: 129024K Free: 55590K (43%)


==== $PTIIhome/travis/build/icyphy/ptII/ptolemy/domains/de/test/../../../../: Auto Automatic test in file $PTII/ptolemy/domains/de/test/auto/knownFailedTests/DirectFeedback.xml
==== Contents of test case:

	    # FIXME: we should use $relativeFilename here, but it
	    # might have backslashes under Windows, which causes no end
	    # of trouble.
	    createAndExecute $file
	    list {}
	
.... Test generated KNOWN error:
    while executing
ptolemy.kernel.util.IllegalActionException: Test fails in iteration 1.
Value was: 1.0. Should have been: 2.0
  in .DirectFeedback.Test
	at ptolemy.actor.lib.Test.fire(Test.java:268)
	at ptolemy.domains.de.kernel.DEDirector._fire(DEDirector.java:1949)
	at ptolemy.domains.de.kernel.DEDirector.fire(DEDirector.java:502)
	at ptolemy.actor.CompositeActor.fire(CompositeActor.java:455)
	at ptolemy.actor.Manager.iterate(Manager.java:851)
	at ptolemy.actor.Manager.execute(Manager.java:369)
	at ptolemy.actor.Manager.run(Manager.java:1263)
	at ptolemy.actor.Manager$PtolemyRunThread.run(Manager.java:1933)

    while executing
ptolemy.kernel.util.IllegalActionException: Test fails in iteration 1.
Value was: 1.0. Should have been: 2.0
  in .DirectFeedback.Test
    while executing
"java::new ptolemy.moml.MoMLSimpleApplication $file
"
    (procedure "createAndExecute" line 2)
    invoked from within
"createAndExecute $file"
    ("uplevel" body line 5)
    invoked from within
"uplevel $contents_of_test"
------------------ testing $PTII/ptolemy/domains/de/test/auto/knownFailedTests/dependencyLoop.xml (Known Failure) 
19 ms. Memory: 129024K Free: 52518K (41%)


==== $PTIIhome/travis/build/icyphy/ptII/ptolemy/domains/de/test/../../../../: Auto Automatic test in file $PTII/ptolemy/domains/de/test/auto/knownFailedTests/dependencyLoop.xml
==== Contents of test case:

	    # FIXME: we should use $relativeFilename here, but it
	    # might have backslashes under Windows, which causes no end
	    # of trouble.
	    createAndExecute $file
	    list {}
	
.... Test generated KNOWN error:
    while executing
ptolemy.kernel.util.IllegalActionException: Found a zero delay loop containing .dependencyLoop.original
  in .dependencyLoop and .dependencyLoop.original
	at ptolemy.actor.util.CausalityInterfaceForComposites._computeOutputPortDepth(CausalityInterfaceForComposites.java:759)
	at ptolemy.actor.util.CausalityInterfaceForComposites._computeInputDepth(CausalityInterfaceForComposites.java:696)
	at ptolemy.actor.util.CausalityInterfaceForComposites._computeOutputPortDepth(CausalityInterfaceForComposites.java:765)
	at ptolemy.actor.util.CausalityInterfaceForComposites._computeInputDepth(CausalityInterfaceForComposites.java:696)
	at ptolemy.actor.util.CausalityInterfaceForComposites._computeOutputPortDepth(CausalityInterfaceForComposites.java:765)
	at ptolemy.actor.util.CausalityInterfaceForComposites._computeInputDepth(CausalityInterfaceForComposites.java:696)
	at ptolemy.actor.util.CausalityInterfaceForComposites._computeActorDepth(CausalityInterfaceForComposites.java:532)
	at ptolemy.actor.util.CausalityInterfaceForComposites.checkForCycles(CausalityInterfaceForComposites.java:96)
	at ptolemy.domains.de.kernel.DEDirector.preinitialize(DEDirector.java:1338)
	at ptolemy.actor.CompositeActor.preinitialize(CompositeActor.java:1828)
	at ptolemy.actor.Manager.preinitializeAndResolveTypes(Manager.java:1040)
	at ptolemy.actor.Manager.initialize(Manager.java:710)
	at ptolemy.actor.Manager.execute(Manager.java:356)
	at ptolemy.actor.Manager.run(Manager.java:1263)
	at ptolemy.actor.Manager$PtolemyRunThread.run(Manager.java:1933)

    while executing
ptolemy.kernel.util.IllegalActionException: Found a zero delay loop containing .dependencyLoop.original
  in .dependencyLoop and .dependencyLoop.original
    while executing
"java::new ptolemy.moml.MoMLSimpleApplication $file
"
    (procedure "createAndExecute" line 2)
    invoked from within
"createAndExecute $file"
    ("uplevel" body line 5)
    invoked from within
"uplevel $contents_of_test"
------------------ testing $PTII/ptolemy/domains/de/test/auto/knownFailedTests/FSMSource.xml (Known Failure) 
63 ms. Memory: 129024K Free: 110860K (86%)
!!!! Auto was marked as failing, but now passes
------------------ testing $PTII/ptolemy/domains/de/test/auto/knownFailedTests/HierarchicalModel.xml (Known Failure) 
5 ms. Memory: 129024K Free: 96829K (75%)


==== $PTIIhome/travis/build/icyphy/ptII/ptolemy/domains/de/test/../../../../: Auto Automatic test in file $PTII/ptolemy/domains/de/test/auto/knownFailedTests/HierarchicalModel.xml
==== Contents of test case:

	    # FIXME: we should use $relativeFilename here, but it
	    # might have backslashes under Windows, which causes no end
	    # of trouble.
	    createAndExecute $file
	    list {}
	
.... Test generated KNOWN error:
    while executing
ptolemy.kernel.util.IllegalActionException: Found a zero delay loop containing .HierarchicalModel.A
  in .HierarchicalModel and .HierarchicalModel.A
	at ptolemy.actor.util.CausalityInterfaceForComposites._computeOutputPortDepth(CausalityInterfaceForComposites.java:759)
	at ptolemy.actor.util.CausalityInterfaceForComposites._computeInputDepth(CausalityInterfaceForComposites.java:696)
	at ptolemy.actor.util.CausalityInterfaceForComposites._computeOutputPortDepth(CausalityInterfaceForComposites.java:765)
	at ptolemy.actor.util.CausalityInterfaceForComposites._computeInputDepth(CausalityInterfaceForComposites.java:696)
	at ptolemy.actor.util.CausalityInterfaceForComposites._computeOutputPortDepth(CausalityInterfaceForComposites.java:765)
	at ptolemy.actor.util.CausalityInterfaceForComposites._computeInputDepth(CausalityInterfaceForComposites.java:696)
	at ptolemy.actor.util.CausalityInterfaceForComposites._computeActorDepth(CausalityInterfaceForComposites.java:532)
	at ptolemy.actor.util.CausalityInterfaceForComposites.checkForCycles(CausalityInterfaceForComposites.java:96)
	at ptolemy.domains.de.kernel.DEDirector.preinitialize(DEDirector.java:1338)
	at ptolemy.actor.CompositeActor.preinitialize(CompositeActor.java:1828)
	at ptolemy.actor.Manager.preinitializeAndResolveTypes(Manager.java:1040)
	at ptolemy.actor.Manager.initialize(Manager.java:710)
	at ptolemy.actor.Manager.execute(Manager.java:356)
	at ptolemy.actor.Manager.run(Manager.java:1263)
	at ptolemy.actor.Manager$PtolemyRunThread.run(Manager.java:1933)

    while executing
ptolemy.kernel.util.IllegalActionException: Found a zero delay loop containing .HierarchicalModel.A
  in .HierarchicalModel and .HierarchicalModel.A
    while executing
"java::new ptolemy.moml.MoMLSimpleApplication $file
"
    (procedure "createAndExecute" line 2)
    invoked from within
"createAndExecute $file"
    ("uplevel" body line 5)
    invoked from within
"uplevel $contents_of_test"
------------------ testing $PTII/ptolemy/domains/de/test/auto/knownFailedTests/dependencyLoop2.xml (Known Failure) 
7 ms. Memory: 129024K Free: 80429K (62%)


==== $PTIIhome/travis/build/icyphy/ptII/ptolemy/domains/de/test/../../../../: Auto Automatic test in file $PTII/ptolemy/domains/de/test/auto/knownFailedTests/dependencyLoop2.xml
==== Contents of test case:

	    # FIXME: we should use $relativeFilename here, but it
	    # might have backslashes under Windows, which causes no end
	    # of trouble.
	    createAndExecute $file
	    list {}
	
.... Test generated KNOWN error:
    while executing
ptolemy.kernel.util.IllegalActionException: Found a zero delay loop containing .dependencyLoop2.original
  in .dependencyLoop2 and .dependencyLoop2.original
	at ptolemy.actor.util.CausalityInterfaceForComposites._computeOutputPortDepth(CausalityInterfaceForComposites.java:759)
	at ptolemy.actor.util.CausalityInterfaceForComposites._computeInputDepth(CausalityInterfaceForComposites.java:696)
	at ptolemy.actor.util.CausalityInterfaceForComposites._computeOutputPortDepth(CausalityInterfaceForComposites.java:765)
	at ptolemy.actor.util.CausalityInterfaceForComposites._computeInputDepth(CausalityInterfaceForComposites.java:696)
	at ptolemy.actor.util.CausalityInterfaceForComposites._computeOutputPortDepth(CausalityInterfaceForComposites.java:765)
	at ptolemy.actor.util.CausalityInterfaceForComposites._computeInputDepth(CausalityInterfaceForComposites.java:696)
	at ptolemy.actor.util.CausalityInterfaceForComposites._computeActorDepth(CausalityInterfaceForComposites.java:532)
	at ptolemy.actor.util.CausalityInterfaceForComposites.checkForCycles(CausalityInterfaceForComposites.java:96)
	at ptolemy.domains.de.kernel.DEDirector.preinitialize(DEDirector.java:1338)
	at ptolemy.actor.CompositeActor.preinitialize(CompositeActor.java:1828)
	at ptolemy.actor.Manager.preinitializeAndResolveTypes(Manager.java:1040)
	at ptolemy.actor.Manager.initialize(Manager.java:710)
	at ptolemy.actor.Manager.execute(Manager.java:356)
	at ptolemy.actor.Manager.run(Manager.java:1263)
	at ptolemy.actor.Manager$PtolemyRunThread.run(Manager.java:1933)

    while executing
ptolemy.kernel.util.IllegalActionException: Found a zero delay loop containing .dependencyLoop2.original
  in .dependencyLoop2 and .dependencyLoop2.original
    while executing
"java::new ptolemy.moml.MoMLSimpleApplication $file
"
    (procedure "createAndExecute" line 2)
    invoked from within
"createAndExecute $file"
    ("uplevel" body line 5)
    invoked from within
"uplevel $contents_of_test"
------------------ testing $PTII/ptolemy/domains/de/test/auto/knownFailedTests/DESDFClockTest.xml (Known Failure) 
2042 ms. Memory: 129024K Free: 67147K (52%)


==== $PTIIhome/travis/build/icyphy/ptII/ptolemy/domains/de/test/../../../../: Auto Automatic test in file $PTII/ptolemy/domains/de/test/auto/knownFailedTests/DESDFClockTest.xml
==== Contents of test case:

	    # FIXME: we should use $relativeFilename here, but it
	    # might have backslashes under Windows, which causes no end
	    # of trouble.
	    createAndExecute $file
	    list {}
	
.... Test generated KNOWN error:
    while executing
ptolemy.kernel.util.IllegalActionException: Actor is not ready to fire.  Perhaps UpSample.prefire() returned false? Try debugging the actor by selecting "Listen to Actor".  Also, for SDF check moml for tokenConsumptionRate on input.
  in .DESDFClockTest.Play Bell.Copy1:SDF Director and .DESDFClockTest.Play Bell.UpSample
	at ptolemy.actor.sched.StaticSchedulingDirector.fire(StaticSchedulingDirector.java:227)
	at ptolemy.domains.sdf.kernel.SDFDirector.fire(SDFDirector.java:500)
	at ptolemy.actor.CompositeActor.fire(CompositeActor.java:455)
	at ptolemy.domains.de.kernel.DEDirector._fire(DEDirector.java:1949)
	at ptolemy.domains.de.kernel.DEDirector.fire(DEDirector.java:502)
	at ptolemy.actor.CompositeActor.fire(CompositeActor.java:455)
	at ptolemy.actor.Manager.iterate(Manager.java:851)
	at ptolemy.actor.Manager.execute(Manager.java:369)
	at ptolemy.actor.Manager.run(Manager.java:1263)
	at ptolemy.actor.Manager$PtolemyRunThread.run(Manager.java:1933)

    while executing
ptolemy.kernel.util.IllegalActionException: Actor is not ready to fire.  Perhaps UpSample.prefire() returned false? Try debugging the actor by selecting "Listen to Actor".  Also, for SDF check moml for tokenConsumptionRate on input.
  in .DESDFClockTest.Play Bell.Copy1:SDF Director and .DESDFClockTest.Play Bell.UpSample
    while executing
"java::new ptolemy.moml.MoMLSimpleApplication $file
"
    (procedure "createAndExecute" line 2)
    invoked from within
"createAndExecute $file"
    ("uplevel" body line 5)
    invoked from within
"uplevel $contents_of_test"
------------------ testing $PTII/ptolemy/domains/de/test/auto/ActorDepthCalculation_actorWithoutPorts.xml
auto.tcl: Setting watchdog for 200 seconds at Sun Mar 22 13:25:24 UTC 2020
4 ms. Memory: 129024K Free: 59469K (46%)
ptolemy.util.test.WatchDog.cancel(): canceling Sun Mar 22 13:25:24 UTC 2020
auto.tcl: Setting watchdog for 200 seconds at Sun Mar 22 13:25:24 UTC 2020
5 ms. Memory: 129024K Free: 57931K (45%)
ptolemy.util.test.WatchDog.cancel(): canceling Sun Mar 22 13:25:24 UTC 2020
------------------ testing $PTII/ptolemy/domains/de/test/auto/AssemblyLine.xml
auto.tcl: Setting watchdog for 200 seconds at Sun Mar 22 13:25:24 UTC 2020
16 ms. Memory: 51200K Free: 27487K (54%)
ptolemy.util.test.WatchDog.cancel(): canceling Sun Mar 22 13:25:24 UTC 2020
auto.tcl: Setting watchdog for 200 seconds at Sun Mar 22 13:25:24 UTC 2020
12 ms. Memory: 51200K Free: 26731K (52%)
ptolemy.util.test.WatchDog.cancel(): canceling Sun Mar 22 13:25:24 UTC 2020
------------------ testing $PTII/ptolemy/domains/de/test/auto/CQBug1.xml
auto.tcl: Setting watchdog for 200 seconds at Sun Mar 22 13:25:24 UTC 2020
3 ms. Memory: 51200K Free: 33558K (66%)
ptolemy.util.test.WatchDog.cancel(): canceling Sun Mar 22 13:25:24 UTC 2020
auto.tcl: Setting watchdog for 200 seconds at Sun Mar 22 13:25:24 UTC 2020
2 ms. Memory: 51200K Free: 32802K (64%)
ptolemy.util.test.WatchDog.cancel(): canceling Sun Mar 22 13:25:24 UTC 2020
------------------ testing $PTII/ptolemy/domains/de/test/auto/CancelFireAt.xml
auto.tcl: Setting watchdog for 200 seconds at Sun Mar 22 13:25:24 UTC 2020
7 ms. Memory: 51200K Free: 34476K (67%)
ptolemy.util.test.WatchDog.cancel(): canceling Sun Mar 22 13:25:24 UTC 2020
auto.tcl: Setting watchdog for 200 seconds at Sun Mar 22 13:25:24 UTC 2020
2 ms. Memory: 51200K Free: 34083K (67%)
ptolemy.util.test.WatchDog.cancel(): canceling Sun Mar 22 13:25:24 UTC 2020
------------------ testing $PTII/ptolemy/domains/de/test/auto/CausalityAndComposabilityAnalysis.xml
auto.tcl: Setting watchdog for 200 seconds at Sun Mar 22 13:25:24 UTC 2020
5 ms. Memory: 51200K Free: 32331K (63%)
ptolemy.util.test.WatchDog.cancel(): canceling Sun Mar 22 13:25:24 UTC 2020
auto.tcl: Setting watchdog for 200 seconds at Sun Mar 22 13:25:24 UTC 2020
4 ms. Memory: 51200K Free: 31961K (62%)
ptolemy.util.test.WatchDog.cancel(): canceling Sun Mar 22 13:25:24 UTC 2020
------------------ testing $PTII/ptolemy/domains/de/test/auto/CausalityInterface1.xml
auto.tcl: Setting watchdog for 200 seconds at Sun Mar 22 13:25:25 UTC 2020
26 ms. Memory: 51200K Free: 31364K (61%)
ptolemy.util.test.WatchDog.cancel(): canceling Sun Mar 22 13:25:25 UTC 2020
auto.tcl: Setting watchdog for 200 seconds at Sun Mar 22 13:25:25 UTC 2020
3 ms. Memory: 51200K Free: 30058K (59%)
ptolemy.util.test.WatchDog.cancel(): canceling Sun Mar 22 13:25:25 UTC 2020
------------------ testing $PTII/ptolemy/domains/de/test/auto/CausalityInterface15.xml
auto.tcl: Setting watchdog for 200 seconds at Sun Mar 22 13:25:25 UTC 2020
12 ms. Memory: 51200K Free: 30969K (60%)
ptolemy.util.test.WatchDog.cancel(): canceling Sun Mar 22 13:25:25 UTC 2020
auto.tcl: Setting watchdog for 200 seconds at Sun Mar 22 13:25:25 UTC 2020
6 ms. Memory: 51200K Free: 30430K (59%)
ptolemy.util.test.WatchDog.cancel(): canceling Sun Mar 22 13:25:25 UTC 2020
------------------ testing $PTII/ptolemy/domains/de/test/auto/CausalityInterface2.xml
auto.tcl: Setting watchdog for 200 seconds at Sun Mar 22 13:25:25 UTC 2020
12 ms. Memory: 51200K Free: 32024K (63%)
ptolemy.util.test.WatchDog.cancel(): canceling Sun Mar 22 13:25:25 UTC 2020
auto.tcl: Setting watchdog for 200 seconds at Sun Mar 22 13:25:25 UTC 2020
3 ms. Memory: 51200K Free: 31417K (61%)
ptolemy.util.test.WatchDog.cancel(): canceling Sun Mar 22 13:25:25 UTC 2020
------------------ testing $PTII/ptolemy/domains/de/test/auto/CausalityInterface3.xml
auto.tcl: Setting watchdog for 200 seconds at Sun Mar 22 13:25:25 UTC 2020
4 ms. Memory: 51200K Free: 31576K (62%)
ptolemy.util.test.WatchDog.cancel(): canceling Sun Mar 22 13:25:25 UTC 2020
auto.tcl: Setting watchdog for 200 seconds at Sun Mar 22 13:25:25 UTC 2020
2 ms. Memory: 51200K Free: 30821K (60%)
ptolemy.util.test.WatchDog.cancel(): canceling Sun Mar 22 13:25:25 UTC 2020
------------------ testing $PTII/ptolemy/domains/de/test/auto/ClockDrift.xml
auto.tcl: Setting watchdog for 200 seconds at Sun Mar 22 13:25:25 UTC 2020
78 ms. Memory: 51200K Free: 23864K (47%)
ptolemy.util.test.WatchDog.cancel(): canceling Sun Mar 22 13:25:25 UTC 2020
auto.tcl: Setting watchdog for 200 seconds at Sun Mar 22 13:25:25 UTC 2020
45 ms. Memory: 51200K Free: 20806K (41%)
ptolemy.util.test.WatchDog.cancel(): canceling Sun Mar 22 13:25:25 UTC 2020
------------------ testing $PTII/ptolemy/domains/de/test/auto/ClockDriftAndValueChange.xml
auto.tcl: Setting watchdog for 200 seconds at Sun Mar 22 13:25:25 UTC 2020
35 ms. Memory: 51200K Free: 24502K (48%)
ptolemy.util.test.WatchDog.cancel(): canceling Sun Mar 22 13:25:25 UTC 2020
auto.tcl: Setting watchdog for 200 seconds at Sun Mar 22 13:25:25 UTC 2020
16 ms. Memory: 51200K Free: 21430K (42%)
ptolemy.util.test.WatchDog.cancel(): canceling Sun Mar 22 13:25:25 UTC 2020
------------------ testing $PTII/ptolemy/domains/de/test/auto/ClockDriftChange.xml
auto.tcl: Setting watchdog for 200 seconds at Sun Mar 22 13:25:25 UTC 2020
14 ms. Memory: 51200K Free: 26015K (51%)
ptolemy.util.test.WatchDog.cancel(): canceling Sun Mar 22 13:25:25 UTC 2020
auto.tcl: Setting watchdog for 200 seconds at Sun Mar 22 13:25:25 UTC 2020
16 ms. Memory: 51200K Free: 23478K (46%)
ptolemy.util.test.WatchDog.cancel(): canceling Sun Mar 22 13:25:25 UTC 2020
------------------ testing $PTII/ptolemy/domains/de/test/auto/ComposableCausalityAnalysis.xml
auto.tcl: Setting watchdog for 200 seconds at Sun Mar 22 13:25:25 UTC 2020
2 ms. Memory: 51200K Free: 30844K (60%)
ptolemy.util.test.WatchDog.cancel(): canceling Sun Mar 22 13:25:25 UTC 2020
auto.tcl: Setting watchdog for 200 seconds at Sun Mar 22 13:25:25 UTC 2020
4 ms. Memory: 51200K Free: 29820K (58%)
ptolemy.util.test.WatchDog.cancel(): canceling Sun Mar 22 13:25:25 UTC 2020
------------------ testing $PTII/ptolemy/domains/de/test/auto/DEFixedPointLimitation.xml
auto.tcl: Setting watchdog for 200 seconds at Sun Mar 22 13:25:25 UTC 2020
7 ms. Memory: 51200K Free: 32242K (63%)
ptolemy.util.test.WatchDog.cancel(): canceling Sun Mar 22 13:25:25 UTC 2020
auto.tcl: Setting watchdog for 200 seconds at Sun Mar 22 13:25:25 UTC 2020
1 ms. Memory: 51200K Free: 31387K (61%)
ptolemy.util.test.WatchDog.cancel(): canceling Sun Mar 22 13:25:25 UTC 2020
------------------ testing $PTII/ptolemy/domains/de/test/auto/DEScheduleTest.xml
auto.tcl: Setting watchdog for 200 seconds at Sun Mar 22 13:25:25 UTC 2020
9 ms. Memory: 51200K Free: 32588K (64%)
ptolemy.util.test.WatchDog.cancel(): canceling Sun Mar 22 13:25:25 UTC 2020
auto.tcl: Setting watchdog for 200 seconds at Sun Mar 22 13:25:25 UTC 2020
3 ms. Memory: 51200K Free: 31822K (62%)
ptolemy.util.test.WatchDog.cancel(): canceling Sun Mar 22 13:25:25 UTC 2020
------------------ testing $PTII/ptolemy/domains/de/test/auto/DEinDEwithStartTimes.xml
auto.tcl: Setting watchdog for 200 seconds at Sun Mar 22 13:25:26 UTC 2020
3 ms. Memory: 51200K Free: 30749K (60%)
ptolemy.util.test.WatchDog.cancel(): canceling Sun Mar 22 13:25:26 UTC 2020
auto.tcl: Setting watchdog for 200 seconds at Sun Mar 22 13:25:26 UTC 2020
3 ms. Memory: 51200K Free: 29725K (58%)
ptolemy.util.test.WatchDog.cancel(): canceling Sun Mar 22 13:25:26 UTC 2020
------------------ testing $PTII/ptolemy/domains/de/test/auto/DEinDEwithStartTimes2.xml
auto.tcl: Setting watchdog for 200 seconds at Sun Mar 22 13:25:26 UTC 2020
6 ms. Memory: 51200K Free: 29920K (58%)
ptolemy.util.test.WatchDog.cancel(): canceling Sun Mar 22 13:25:26 UTC 2020
auto.tcl: Setting watchdog for 200 seconds at Sun Mar 22 13:25:26 UTC 2020
2 ms. Memory: 51200K Free: 28680K (56%)
ptolemy.util.test.WatchDog.cancel(): canceling Sun Mar 22 13:25:26 UTC 2020
------------------ testing $PTII/ptolemy/domains/de/test/auto/DateDemo.xml
auto.tcl: Setting watchdog for 200 seconds at Sun Mar 22 13:25:26 UTC 2020
18 ms. Memory: 51200K Free: 24784K (48%)
ptolemy.util.test.WatchDog.cancel(): canceling Sun Mar 22 13:25:26 UTC 2020
auto.tcl: Setting watchdog for 200 seconds at Sun Mar 22 13:25:26 UTC 2020
6 ms. Memory: 51200K Free: 23128K (45%)
ptolemy.util.test.WatchDog.cancel(): canceling Sun Mar 22 13:25:26 UTC 2020
------------------ testing $PTII/ptolemy/domains/de/test/auto/DateToEvent.xml
auto.tcl: Setting watchdog for 200 seconds at Sun Mar 22 13:25:26 UTC 2020
2015 ms. Memory: 51200K Free: 19710K (38%)
ptolemy.util.test.WatchDog.cancel(): canceling Sun Mar 22 13:25:28 UTC 2020
auto.tcl: Setting watchdog for 200 seconds at Sun Mar 22 13:25:28 UTC 2020
2006 ms. Memory: 51200K Free: 19283K (38%)
ptolemy.util.test.WatchDog.cancel(): canceling Sun Mar 22 13:25:30 UTC 2020
------------------ testing $PTII/ptolemy/domains/de/test/auto/DepthTest1.xml
auto.tcl: Setting watchdog for 200 seconds at Sun Mar 22 13:25:30 UTC 2020
3 ms. Memory: 51200K Free: 33432K (65%)
ptolemy.util.test.WatchDog.cancel(): canceling Sun Mar 22 13:25:30 UTC 2020
auto.tcl: Setting watchdog for 200 seconds at Sun Mar 22 13:25:30 UTC 2020
1 ms. Memory: 51200K Free: 32936K (64%)
ptolemy.util.test.WatchDog.cancel(): canceling Sun Mar 22 13:25:30 UTC 2020
------------------ testing $PTII/ptolemy/domains/de/test/auto/DepthTest2.xml
auto.tcl: Setting watchdog for 200 seconds at Sun Mar 22 13:25:30 UTC 2020
3 ms. Memory: 51200K Free: 30203K (59%)
ptolemy.util.test.WatchDog.cancel(): canceling Sun Mar 22 13:25:30 UTC 2020
auto.tcl: Setting watchdog for 200 seconds at Sun Mar 22 13:25:30 UTC 2020
1 ms. Memory: 51200K Free: 29771K (58%)
ptolemy.util.test.WatchDog.cancel(): canceling Sun Mar 22 13:25:30 UTC 2020
------------------ testing $PTII/ptolemy/domains/de/test/auto/DepthTest3.xml
auto.tcl: Setting watchdog for 200 seconds at Sun Mar 22 13:25:30 UTC 2020
6 ms. Memory: 51200K Free: 33142K (65%)
ptolemy.util.test.WatchDog.cancel(): canceling Sun Mar 22 13:25:30 UTC 2020
auto.tcl: Setting watchdog for 200 seconds at Sun Mar 22 13:25:30 UTC 2020
1 ms. Memory: 51200K Free: 32709K (64%)
ptolemy.util.test.WatchDog.cancel(): canceling Sun Mar 22 13:25:30 UTC 2020
------------------ testing $PTII/ptolemy/domains/de/test/auto/DepthTest4.xml
auto.tcl: Setting watchdog for 200 seconds at Sun Mar 22 13:25:30 UTC 2020
3 ms. Memory: 51200K Free: 31972K (62%)
ptolemy.util.test.WatchDog.cancel(): canceling Sun Mar 22 13:25:30 UTC 2020
auto.tcl: Setting watchdog for 200 seconds at Sun Mar 22 13:25:30 UTC 2020
2 ms. Memory: 51200K Free: 31324K (61%)
ptolemy.util.test.WatchDog.cancel(): canceling Sun Mar 22 13:25:30 UTC 2020
------------------ testing $PTII/ptolemy/domains/de/test/auto/DepthTest5.xml
auto.tcl: Setting watchdog for 200 seconds at Sun Mar 22 13:25:30 UTC 2020
3 ms. Memory: 51200K Free: 31418K (61%)
ptolemy.util.test.WatchDog.cancel(): canceling Sun Mar 22 13:25:30 UTC 2020
auto.tcl: Setting watchdog for 200 seconds at Sun Mar 22 13:25:30 UTC 2020
2 ms. Memory: 51200K Free: 30684K (60%)
ptolemy.util.test.WatchDog.cancel(): canceling Sun Mar 22 13:25:30 UTC 2020
------------------ testing $PTII/ptolemy/domains/de/test/auto/DepthTest6.xml
auto.tcl: Setting watchdog for 200 seconds at Sun Mar 22 13:25:30 UTC 2020
3 ms. Memory: 51200K Free: 31157K (61%)
ptolemy.util.test.WatchDog.cancel(): canceling Sun Mar 22 13:25:30 UTC 2020
auto.tcl: Setting watchdog for 200 seconds at Sun Mar 22 13:25:30 UTC 2020
3 ms. Memory: 51200K Free: 30725K (60%)
ptolemy.util.test.WatchDog.cancel(): canceling Sun Mar 22 13:25:30 UTC 2020
------------------ testing $PTII/ptolemy/domains/de/test/auto/DepthTest7.xml
auto.tcl: Setting watchdog for 200 seconds at Sun Mar 22 13:25:30 UTC 2020
2 ms. Memory: 51200K Free: 31424K (61%)
ptolemy.util.test.WatchDog.cancel(): canceling Sun Mar 22 13:25:30 UTC 2020
auto.tcl: Setting watchdog for 200 seconds at Sun Mar 22 13:25:30 UTC 2020
2 ms. Memory: 51200K Free: 31008K (61%)
ptolemy.util.test.WatchDog.cancel(): canceling Sun Mar 22 13:25:30 UTC 2020
------------------ testing $PTII/ptolemy/domains/de/test/auto/EventToDate.xml
auto.tcl: Setting watchdog for 200 seconds at Sun Mar 22 13:25:30 UTC 2020
3008 ms. Memory: 51200K Free: 22686K (44%)
ptolemy.util.test.WatchDog.cancel(): canceling Sun Mar 22 13:25:33 UTC 2020
auto.tcl: Setting watchdog for 200 seconds at Sun Mar 22 13:25:33 UTC 2020
3004 ms. Memory: 51200K Free: 22069K (43%)
ptolemy.util.test.WatchDog.cancel(): canceling Sun Mar 22 13:25:36 UTC 2020
------------------ testing $PTII/ptolemy/domains/de/test/auto/FSM1.xml
auto.tcl: Setting watchdog for 200 seconds at Sun Mar 22 13:25:36 UTC 2020
16 ms. Memory: 51200K Free: 23967K (47%)
ptolemy.util.test.WatchDog.cancel(): canceling Sun Mar 22 13:25:37 UTC 2020
auto.tcl: Setting watchdog for 200 seconds at Sun Mar 22 13:25:37 UTC 2020
15 ms. Memory: 51200K Free: 20707K (40%)
ptolemy.util.test.WatchDog.cancel(): canceling Sun Mar 22 13:25:37 UTC 2020
------------------ testing $PTII/ptolemy/domains/de/test/auto/FSM7.xml
auto.tcl: Setting watchdog for 200 seconds at Sun Mar 22 13:25:37 UTC 2020
14 ms. Memory: 51200K Free: 23625K (46%)
ptolemy.util.test.WatchDog.cancel(): canceling Sun Mar 22 13:25:37 UTC 2020
auto.tcl: Setting watchdog for 200 seconds at Sun Mar 22 13:25:37 UTC 2020
16 ms. Memory: 51200K Free: 20514K (40%)
ptolemy.util.test.WatchDog.cancel(): canceling Sun Mar 22 13:25:37 UTC 2020
------------------ testing $PTII/ptolemy/domains/de/test/auto/Inspection.xml
auto.tcl: Setting watchdog for 200 seconds at Sun Mar 22 13:25:37 UTC 2020
19 ms. Memory: 51200K Free: 23390K (46%)
ptolemy.util.test.WatchDog.cancel(): canceling Sun Mar 22 13:25:37 UTC 2020
auto.tcl: Setting watchdog for 200 seconds at Sun Mar 22 13:25:37 UTC 2020
15 ms. Memory: 51200K Free: 21549K (42%)
ptolemy.util.test.WatchDog.cancel(): canceling Sun Mar 22 13:25:37 UTC 2020
------------------ testing $PTII/ptolemy/domains/de/test/auto/Iteration.xml
auto.tcl: Setting watchdog for 200 seconds at Sun Mar 22 13:25:37 UTC 2020
6 ms. Memory: 51200K Free: 29191K (57%)
ptolemy.util.test.WatchDog.cancel(): canceling Sun Mar 22 13:25:37 UTC 2020
auto.tcl: Setting watchdog for 200 seconds at Sun Mar 22 13:25:37 UTC 2020
6 ms. Memory: 51200K Free: 28002K (55%)
ptolemy.util.test.WatchDog.cancel(): canceling Sun Mar 22 13:25:37 UTC 2020
------------------ testing $PTII/ptolemy/domains/de/test/auto/LineFault.xml
auto.tcl: Setting watchdog for 200 seconds at Sun Mar 22 13:25:37 UTC 2020
561 ms. Memory: 61440K Free: 36920K (60%)
ptolemy.util.test.WatchDog.cancel(): canceling Sun Mar 22 13:25:38 UTC 2020
auto.tcl: Setting watchdog for 200 seconds at Sun Mar 22 13:25:38 UTC 2020
510 ms. Memory: 61440K Free: 41370K (67%)
ptolemy.util.test.WatchDog.cancel(): canceling Sun Mar 22 13:25:38 UTC 2020
------------------ testing $PTII/ptolemy/domains/de/test/auto/MergeModel1Add.xml
auto.tcl: Setting watchdog for 200 seconds at Sun Mar 22 13:25:38 UTC 2020
26 ms. Memory: 58368K Free: 21921K (38%)
ptolemy.util.test.WatchDog.cancel(): canceling Sun Mar 22 13:25:38 UTC 2020
auto.tcl: Setting watchdog for 200 seconds at Sun Mar 22 13:25:38 UTC 2020
9 ms. Memory: 58368K Free: 20305K (35%)
ptolemy.util.test.WatchDog.cancel(): canceling Sun Mar 22 13:25:38 UTC 2020
------------------ testing $PTII/ptolemy/domains/de/test/auto/MergeModel2Add.xml
auto.tcl: Setting watchdog for 200 seconds at Sun Mar 22 13:25:38 UTC 2020
10 ms. Memory: 55296K Free: 21808K (39%)
ptolemy.util.test.WatchDog.cancel(): canceling Sun Mar 22 13:25:38 UTC 2020
auto.tcl: Setting watchdog for 200 seconds at Sun Mar 22 13:25:38 UTC 2020
11 ms. Memory: 55296K Free: 20059K (36%)
ptolemy.util.test.WatchDog.cancel(): canceling Sun Mar 22 13:25:38 UTC 2020
------------------ testing $PTII/ptolemy/domains/de/test/auto/MergeModel3Add.xml
auto.tcl: Setting watchdog for 200 seconds at Sun Mar 22 13:25:39 UTC 2020
8 ms. Memory: 51200K Free: 17444K (34%)
ptolemy.util.test.WatchDog.cancel(): canceling Sun Mar 22 13:25:39 UTC 2020
auto.tcl: Setting watchdog for 200 seconds at Sun Mar 22 13:25:39 UTC 2020
8 ms. Memory: 51200K Free: 16002K (31%)
ptolemy.util.test.WatchDog.cancel(): canceling Sun Mar 22 13:25:39 UTC 2020
------------------ testing $PTII/ptolemy/domains/de/test/auto/MergeWithoutDiscard.xml
auto.tcl: Setting watchdog for 200 seconds at Sun Mar 22 13:25:39 UTC 2020
2 ms. Memory: 51200K Free: 32354K (63%)
ptolemy.util.test.WatchDog.cancel(): canceling Sun Mar 22 13:25:39 UTC 2020
auto.tcl: Setting watchdog for 200 seconds at Sun Mar 22 13:25:39 UTC 2020
1 ms. Memory: 51200K Free: 31866K (62%)
ptolemy.util.test.WatchDog.cancel(): canceling Sun Mar 22 13:25:39 UTC 2020
------------------ testing $PTII/ptolemy/domains/de/test/auto/Modal1.xml
auto.tcl: Setting watchdog for 200 seconds at Sun Mar 22 13:25:39 UTC 2020
18 ms. Memory: 51200K Free: 23944K (47%)
ptolemy.util.test.WatchDog.cancel(): canceling Sun Mar 22 13:25:39 UTC 2020
auto.tcl: Setting watchdog for 200 seconds at Sun Mar 22 13:25:39 UTC 2020
22 ms. Memory: 51200K Free: 20380K (40%)
ptolemy.util.test.WatchDog.cancel(): canceling Sun Mar 22 13:25:39 UTC 2020
------------------ testing $PTII/ptolemy/domains/de/test/auto/Modal2.xml
auto.tcl: Setting watchdog for 200 seconds at Sun Mar 22 13:25:39 UTC 2020
10 ms. Memory: 51200K Free: 24070K (47%)
ptolemy.util.test.WatchDog.cancel(): canceling Sun Mar 22 13:25:39 UTC 2020
auto.tcl: Setting watchdog for 200 seconds at Sun Mar 22 13:25:39 UTC 2020
11 ms. Memory: 51200K Free: 20800K (41%)
ptolemy.util.test.WatchDog.cancel(): canceling Sun Mar 22 13:25:39 UTC 2020
------------------ testing $PTII/ptolemy/domains/de/test/auto/Modal3.xml
auto.tcl: Setting watchdog for 200 seconds at Sun Mar 22 13:25:39 UTC 2020
13 ms. Memory: 51200K Free: 23730K (46%)
ptolemy.util.test.WatchDog.cancel(): canceling Sun Mar 22 13:25:39 UTC 2020
auto.tcl: Setting watchdog for 200 seconds at Sun Mar 22 13:25:39 UTC 2020
13 ms. Memory: 51200K Free: 20342K (40%)
ptolemy.util.test.WatchDog.cancel(): canceling Sun Mar 22 13:25:39 UTC 2020
------------------ testing $PTII/ptolemy/domains/de/test/auto/Modal4.xml
auto.tcl: Setting watchdog for 200 seconds at Sun Mar 22 13:25:39 UTC 2020
20 ms. Memory: 51200K Free: 23042K (45%)
ptolemy.util.test.WatchDog.cancel(): canceling Sun Mar 22 13:25:39 UTC 2020
auto.tcl: Setting watchdog for 200 seconds at Sun Mar 22 13:25:39 UTC 2020
12 ms. Memory: 51200K Free: 19348K (38%)
ptolemy.util.test.WatchDog.cancel(): canceling Sun Mar 22 13:25:39 UTC 2020
------------------ testing $PTII/ptolemy/domains/de/test/auto/Modal5.xml
auto.tcl: Setting watchdog for 200 seconds at Sun Mar 22 13:25:39 UTC 2020
17 ms. Memory: 51200K Free: 23007K (45%)
ptolemy.util.test.WatchDog.cancel(): canceling Sun Mar 22 13:25:39 UTC 2020
auto.tcl: Setting watchdog for 200 seconds at Sun Mar 22 13:25:39 UTC 2020
21 ms. Memory: 51200K Free: 19344K (38%)
ptolemy.util.test.WatchDog.cancel(): canceling Sun Mar 22 13:25:39 UTC 2020
------------------ testing $PTII/ptolemy/domains/de/test/auto/Modal6.xml
auto.tcl: Setting watchdog for 200 seconds at Sun Mar 22 13:25:39 UTC 2020
16 ms. Memory: 51200K Free: 23758K (46%)
ptolemy.util.test.WatchDog.cancel(): canceling Sun Mar 22 13:25:39 UTC 2020
auto.tcl: Setting watchdog for 200 seconds at Sun Mar 22 13:25:39 UTC 2020
17 ms. Memory: 51200K Free: 20231K (40%)
ptolemy.util.test.WatchDog.cancel(): canceling Sun Mar 22 13:25:39 UTC 2020
------------------ testing $PTII/ptolemy/domains/de/test/auto/Modal7.xml
auto.tcl: Setting watchdog for 200 seconds at Sun Mar 22 13:25:39 UTC 2020
9 ms. Memory: 51200K Free: 22743K (44%)
ptolemy.util.test.WatchDog.cancel(): canceling Sun Mar 22 13:25:39 UTC 2020
auto.tcl: Setting watchdog for 200 seconds at Sun Mar 22 13:25:39 UTC 2020
9 ms. Memory: 51200K Free: 19350K (38%)
ptolemy.util.test.WatchDog.cancel(): canceling Sun Mar 22 13:25:39 UTC 2020
------------------ testing $PTII/ptolemy/domains/de/test/auto/ModalModel.xml
auto.tcl: Setting watchdog for 200 seconds at Sun Mar 22 13:25:39 UTC 2020
167 ms. Memory: 51200K Free: 19678K (38%)
ptolemy.util.test.WatchDog.cancel(): canceling Sun Mar 22 13:25:40 UTC 2020
auto.tcl: Setting watchdog for 200 seconds at Sun Mar 22 13:25:40 UTC 2020
186 ms. Memory: 61440K Free: 23496K (38%)
ptolemy.util.test.WatchDog.cancel(): canceling Sun Mar 22 13:25:40 UTC 2020
------------------ testing $PTII/ptolemy/domains/de/test/auto/ModalSource.xml
auto.tcl: Setting watchdog for 200 seconds at Sun Mar 22 13:25:40 UTC 2020
6 ms. Memory: 58368K Free: 35036K (60%)
ptolemy.util.test.WatchDog.cancel(): canceling Sun Mar 22 13:25:40 UTC 2020
auto.tcl: Setting watchdog for 200 seconds at Sun Mar 22 13:25:40 UTC 2020
6 ms. Memory: 58368K Free: 33072K (57%)
ptolemy.util.test.WatchDog.cancel(): canceling Sun Mar 22 13:25:40 UTC 2020
------------------ testing $PTII/ptolemy/domains/de/test/auto/NonInterruptibleTimerZeroDelay.xml
auto.tcl: Setting watchdog for 200 seconds at Sun Mar 22 13:25:40 UTC 2020
2 ms. Memory: 55296K Free: 36831K (67%)
ptolemy.util.test.WatchDog.cancel(): canceling Sun Mar 22 13:25:40 UTC 2020
auto.tcl: Setting watchdog for 200 seconds at Sun Mar 22 13:25:40 UTC 2020
2 ms. Memory: 55296K Free: 36198K (65%)
ptolemy.util.test.WatchDog.cancel(): canceling Sun Mar 22 13:25:40 UTC 2020
------------------ testing $PTII/ptolemy/domains/de/test/auto/OpenQueueingNetwork.xml
auto.tcl: Setting watchdog for 200 seconds at Sun Mar 22 13:25:40 UTC 2020
2719 ms. Memory: 84992K Free: 52969K (62%)
ptolemy.util.test.WatchDog.cancel(): canceling Sun Mar 22 13:25:43 UTC 2020
auto.tcl: Setting watchdog for 200 seconds at Sun Mar 22 13:25:43 UTC 2020
2306 ms. Memory: 84992K Free: 31462K (37%)
ptolemy.util.test.WatchDog.cancel(): canceling Sun Mar 22 13:25:45 UTC 2020
------------------ testing $PTII/ptolemy/domains/de/test/auto/OpenQueuingNetwork.xml
auto.tcl: Setting watchdog for 200 seconds at Sun Mar 22 13:25:45 UTC 2020
270 ms. Memory: 55296K Free: 22817K (41%)
ptolemy.util.test.WatchDog.cancel(): canceling Sun Mar 22 13:25:45 UTC 2020
auto.tcl: Setting watchdog for 200 seconds at Sun Mar 22 13:25:45 UTC 2020
257 ms. Memory: 55296K Free: 31412K (57%)
ptolemy.util.test.WatchDog.cancel(): canceling Sun Mar 22 13:25:46 UTC 2020
------------------ testing $PTII/ptolemy/domains/de/test/auto/PeriodicSampler.xml
auto.tcl: Setting watchdog for 200 seconds at Sun Mar 22 13:25:46 UTC 2020
2 ms. Memory: 51200K Free: 32017K (63%)
ptolemy.util.test.WatchDog.cancel(): canceling Sun Mar 22 13:25:46 UTC 2020
auto.tcl: Setting watchdog for 200 seconds at Sun Mar 22 13:25:46 UTC 2020
2 ms. Memory: 51200K Free: 31527K (62%)
ptolemy.util.test.WatchDog.cancel(): canceling Sun Mar 22 13:25:46 UTC 2020
------------------ testing $PTII/ptolemy/domains/de/test/auto/PersistentIO.xml
auto.tcl: Setting watchdog for 200 seconds at Sun Mar 22 13:25:46 UTC 2020
6 ms. Memory: 51200K Free: 26941K (53%)
ptolemy.util.test.WatchDog.cancel(): canceling Sun Mar 22 13:25:46 UTC 2020
auto.tcl: Setting watchdog for 200 seconds at Sun Mar 22 13:25:46 UTC 2020
4 ms. Memory: 51200K Free: 25443K (50%)
ptolemy.util.test.WatchDog.cancel(): canceling Sun Mar 22 13:25:46 UTC 2020
------------------ testing $PTII/ptolemy/domains/de/test/auto/PortParameterResetOnInitialize.xml
auto.tcl: Setting watchdog for 200 seconds at Sun Mar 22 13:25:46 UTC 2020
7 ms. Memory: 51200K Free: 31917K (62%)
ptolemy.util.test.WatchDog.cancel(): canceling Sun Mar 22 13:25:46 UTC 2020
auto.tcl: Setting watchdog for 200 seconds at Sun Mar 22 13:25:46 UTC 2020
2 ms. Memory: 51200K Free: 31437K (61%)
ptolemy.util.test.WatchDog.cancel(): canceling Sun Mar 22 13:25:46 UTC 2020
------------------ testing $PTII/ptolemy/domains/de/test/auto/PortParameterUpdates.xml
auto.tcl: Setting watchdog for 200 seconds at Sun Mar 22 13:25:46 UTC 2020
6 ms. Memory: 51200K Free: 30023K (59%)
ptolemy.util.test.WatchDog.cancel(): canceling Sun Mar 22 13:25:46 UTC 2020
auto.tcl: Setting watchdog for 200 seconds at Sun Mar 22 13:25:46 UTC 2020
5 ms. Memory: 51200K Free: 29023K (57%)
ptolemy.util.test.WatchDog.cancel(): canceling Sun Mar 22 13:25:46 UTC 2020
------------------ testing $PTII/ptolemy/domains/de/test/auto/QueueAndServer.xml
auto.tcl: Setting watchdog for 200 seconds at Sun Mar 22 13:25:46 UTC 2020
14 ms. Memory: 51200K Free: 28964K (57%)
ptolemy.util.test.WatchDog.cancel(): canceling Sun Mar 22 13:25:46 UTC 2020
auto.tcl: Setting watchdog for 200 seconds at Sun Mar 22 13:25:46 UTC 2020
7 ms. Memory: 51200K Free: 27453K (54%)
ptolemy.util.test.WatchDog.cancel(): canceling Sun Mar 22 13:25:46 UTC 2020
------------------ testing $PTII/ptolemy/domains/de/test/auto/Records.xml
auto.tcl: Setting watchdog for 200 seconds at Sun Mar 22 13:25:46 UTC 2020
5 ms. Memory: 51200K Free: 31179K (61%)
ptolemy.util.test.WatchDog.cancel(): canceling Sun Mar 22 13:25:46 UTC 2020
auto.tcl: Setting watchdog for 200 seconds at Sun Mar 22 13:25:46 UTC 2020
3 ms. Memory: 51200K Free: 30691K (60%)
ptolemy.util.test.WatchDog.cancel(): canceling Sun Mar 22 13:25:46 UTC 2020
------------------ testing $PTII/ptolemy/domains/de/test/auto/ResetTransitionWithStartTime1.xml
auto.tcl: Setting watchdog for 200 seconds at Sun Mar 22 13:25:46 UTC 2020
9 ms. Memory: 51200K Free: 28426K (56%)
ptolemy.util.test.WatchDog.cancel(): canceling Sun Mar 22 13:25:46 UTC 2020
auto.tcl: Setting watchdog for 200 seconds at Sun Mar 22 13:25:46 UTC 2020
6 ms. Memory: 51200K Free: 25857K (51%)
ptolemy.util.test.WatchDog.cancel(): canceling Sun Mar 22 13:25:46 UTC 2020
------------------ testing $PTII/ptolemy/domains/de/test/auto/ResetTransitionWithStartTime2.xml
auto.tcl: Setting watchdog for 200 seconds at Sun Mar 22 13:25:46 UTC 2020
4 ms. Memory: 51200K Free: 28380K (55%)
ptolemy.util.test.WatchDog.cancel(): canceling Sun Mar 22 13:25:46 UTC 2020
auto.tcl: Setting watchdog for 200 seconds at Sun Mar 22 13:25:46 UTC 2020
8 ms. Memory: 51200K Free: 26332K (51%)
ptolemy.util.test.WatchDog.cancel(): canceling Sun Mar 22 13:25:46 UTC 2020
------------------ testing $PTII/ptolemy/domains/de/test/auto/ResetTransitionWithStartTime3.xml
auto.tcl: Setting watchdog for 200 seconds at Sun Mar 22 13:25:46 UTC 2020
6 ms. Memory: 51200K Free: 28379K (55%)
ptolemy.util.test.WatchDog.cancel(): canceling Sun Mar 22 13:25:46 UTC 2020
auto.tcl: Setting watchdog for 200 seconds at Sun Mar 22 13:25:46 UTC 2020
5 ms. Memory: 51200K Free: 25811K (50%)
ptolemy.util.test.WatchDog.cancel(): canceling Sun Mar 22 13:25:46 UTC 2020
------------------ testing $PTII/ptolemy/domains/de/test/auto/ResetTransitionWithStartTime4.xml
auto.tcl: Setting watchdog for 200 seconds at Sun Mar 22 13:25:46 UTC 2020
8 ms. Memory: 51200K Free: 28826K (56%)
ptolemy.util.test.WatchDog.cancel(): canceling Sun Mar 22 13:25:46 UTC 2020
auto.tcl: Setting watchdog for 200 seconds at Sun Mar 22 13:25:46 UTC 2020
3 ms. Memory: 51200K Free: 27392K (54%)
ptolemy.util.test.WatchDog.cancel(): canceling Sun Mar 22 13:25:46 UTC 2020
------------------ testing $PTII/ptolemy/domains/de/test/auto/ResettableTimer1.xml
auto.tcl: Setting watchdog for 200 seconds at Sun Mar 22 13:25:46 UTC 2020
2 ms. Memory: 51200K Free: 32553K (64%)
ptolemy.util.test.WatchDog.cancel(): canceling Sun Mar 22 13:25:46 UTC 2020
auto.tcl: Setting watchdog for 200 seconds at Sun Mar 22 13:25:46 UTC 2020
2 ms. Memory: 51200K Free: 31949K (62%)
ptolemy.util.test.WatchDog.cancel(): canceling Sun Mar 22 13:25:46 UTC 2020
------------------ testing $PTII/ptolemy/domains/de/test/auto/ResettableTimer2.xml
auto.tcl: Setting watchdog for 200 seconds at Sun Mar 22 13:25:47 UTC 2020
3 ms. Memory: 51200K Free: 32620K (64%)
ptolemy.util.test.WatchDog.cancel(): canceling Sun Mar 22 13:25:47 UTC 2020
auto.tcl: Setting watchdog for 200 seconds at Sun Mar 22 13:25:47 UTC 2020
2 ms. Memory: 51200K Free: 32000K (63%)
ptolemy.util.test.WatchDog.cancel(): canceling Sun Mar 22 13:25:47 UTC 2020
------------------ testing $PTII/ptolemy/domains/de/test/auto/ResettableTimer3.xml
auto.tcl: Setting watchdog for 200 seconds at Sun Mar 22 13:25:47 UTC 2020
1 ms. Memory: 51200K Free: 33022K (64%)
ptolemy.util.test.WatchDog.cancel(): canceling Sun Mar 22 13:25:47 UTC 2020
auto.tcl: Setting watchdog for 200 seconds at Sun Mar 22 13:25:47 UTC 2020
1 ms. Memory: 51200K Free: 32534K (64%)
ptolemy.util.test.WatchDog.cancel(): canceling Sun Mar 22 13:25:47 UTC 2020
------------------ testing $PTII/ptolemy/domains/de/test/auto/ResettableTimer4.xml
auto.tcl: Setting watchdog for 200 seconds at Sun Mar 22 13:25:47 UTC 2020
1 ms. Memory: 51200K Free: 32547K (64%)
ptolemy.util.test.WatchDog.cancel(): canceling Sun Mar 22 13:25:47 UTC 2020
auto.tcl: Setting watchdog for 200 seconds at Sun Mar 22 13:25:47 UTC 2020
1 ms. Memory: 51200K Free: 32547K (64%)
ptolemy.util.test.WatchDog.cancel(): canceling Sun Mar 22 13:25:47 UTC 2020
------------------ testing $PTII/ptolemy/domains/de/test/auto/ResettableTimer5.xml
auto.tcl: Setting watchdog for 200 seconds at Sun Mar 22 13:25:47 UTC 2020
2 ms. Memory: 51200K Free: 32524K (64%)
ptolemy.util.test.WatchDog.cancel(): canceling Sun Mar 22 13:25:47 UTC 2020
auto.tcl: Setting watchdog for 200 seconds at Sun Mar 22 13:25:47 UTC 2020
1 ms. Memory: 51200K Free: 32032K (63%)
ptolemy.util.test.WatchDog.cancel(): canceling Sun Mar 22 13:25:47 UTC 2020
------------------ testing $PTII/ptolemy/domains/de/test/auto/ResettableTimer6.xml
auto.tcl: Setting watchdog for 200 seconds at Sun Mar 22 13:25:47 UTC 2020
2 ms. Memory: 51200K Free: 31970K (62%)
ptolemy.util.test.WatchDog.cancel(): canceling Sun Mar 22 13:25:47 UTC 2020
auto.tcl: Setting watchdog for 200 seconds at Sun Mar 22 13:25:47 UTC 2020
1 ms. Memory: 51200K Free: 31490K (62%)
ptolemy.util.test.WatchDog.cancel(): canceling Sun Mar 22 13:25:47 UTC 2020
------------------ testing $PTII/ptolemy/domains/de/test/auto/ServerZeroDelay.xml
auto.tcl: Setting watchdog for 200 seconds at Sun Mar 22 13:25:47 UTC 2020
2 ms. Memory: 51200K Free: 32505K (63%)
ptolemy.util.test.WatchDog.cancel(): canceling Sun Mar 22 13:25:47 UTC 2020
auto.tcl: Setting watchdog for 200 seconds at Sun Mar 22 13:25:47 UTC 2020
2 ms. Memory: 51200K Free: 31494K (62%)
ptolemy.util.test.WatchDog.cancel(): canceling Sun Mar 22 13:25:47 UTC 2020
------------------ testing $PTII/ptolemy/domains/de/test/auto/SmartSender.xml
auto.tcl: Setting watchdog for 200 seconds at Sun Mar 22 13:25:47 UTC 2020
3001 ms. Memory: 51200K Free: 32508K (63%)
ptolemy.util.test.WatchDog.cancel(): canceling Sun Mar 22 13:25:50 UTC 2020
auto.tcl: Setting watchdog for 200 seconds at Sun Mar 22 13:25:50 UTC 2020
3001 ms. Memory: 51200K Free: 32010K (63%)
ptolemy.util.test.WatchDog.cancel(): canceling Sun Mar 22 13:25:53 UTC 2020
------------------ testing $PTII/ptolemy/domains/de/test/auto/ThreadedComposite.xml
auto.tcl: Setting watchdog for 200 seconds at Sun Mar 22 13:25:53 UTC 2020
210 ms. Memory: 51200K Free: 12544K (25%)
ptolemy.util.test.WatchDog.cancel(): canceling Sun Mar 22 13:25:53 UTC 2020
auto.tcl: Setting watchdog for 200 seconds at Sun Mar 22 13:25:53 UTC 2020
136 ms. Memory: 51200K Free: 25100K (49%)
ptolemy.util.test.WatchDog.cancel(): canceling Sun Mar 22 13:25:53 UTC 2020
------------------ testing $PTII/ptolemy/domains/de/test/auto/Time.xml
auto.tcl: Setting watchdog for 200 seconds at Sun Mar 22 13:25:53 UTC 2020
454 ms. Memory: 51200K Free: 7694K (15%)
ptolemy.util.test.WatchDog.cancel(): canceling Sun Mar 22 13:25:54 UTC 2020
auto.tcl: Setting watchdog for 200 seconds at Sun Mar 22 13:25:54 UTC 2020
443 ms. Memory: 51200K Free: 11637K (23%)
ptolemy.util.test.WatchDog.cancel(): canceling Sun Mar 22 13:25:54 UTC 2020
------------------ testing $PTII/ptolemy/domains/de/test/auto/TimeDelayZeroDelay.xml
auto.tcl: Setting watchdog for 200 seconds at Sun Mar 22 13:25:54 UTC 2020
3 ms. Memory: 51200K Free: 32431K (63%)
ptolemy.util.test.WatchDog.cancel(): canceling Sun Mar 22 13:25:54 UTC 2020
auto.tcl: Setting watchdog for 200 seconds at Sun Mar 22 13:25:54 UTC 2020
2 ms. Memory: 51200K Free: 31573K (62%)
ptolemy.util.test.WatchDog.cancel(): canceling Sun Mar 22 13:25:54 UTC 2020
------------------ testing $PTII/ptolemy/domains/de/test/auto/TimerZeroDelay.xml
auto.tcl: Setting watchdog for 200 seconds at Sun Mar 22 13:25:54 UTC 2020
2 ms. Memory: 51200K Free: 32908K (64%)
ptolemy.util.test.WatchDog.cancel(): canceling Sun Mar 22 13:25:54 UTC 2020
auto.tcl: Setting watchdog for 200 seconds at Sun Mar 22 13:25:54 UTC 2020
2 ms. Memory: 51200K Free: 32062K (63%)
ptolemy.util.test.WatchDog.cancel(): canceling Sun Mar 22 13:25:54 UTC 2020
------------------ testing $PTII/ptolemy/domains/de/test/auto/TimingParadox.xml
auto.tcl: Setting watchdog for 200 seconds at Sun Mar 22 13:25:54 UTC 2020
330 ms. Memory: 51200K Free: 18115K (35%)
ptolemy.util.test.WatchDog.cancel(): canceling Sun Mar 22 13:25:55 UTC 2020
auto.tcl: Setting watchdog for 200 seconds at Sun Mar 22 13:25:55 UTC 2020
294 ms. Memory: 51200K Free: 34962K (68%)
ptolemy.util.test.WatchDog.cancel(): canceling Sun Mar 22 13:25:55 UTC 2020
------------------ testing $PTII/ptolemy/domains/de/test/auto/TransferInputs.xml
auto.tcl: Setting watchdog for 200 seconds at Sun Mar 22 13:25:55 UTC 2020
1 ms. Memory: 51200K Free: 30949K (60%)
ptolemy.util.test.WatchDog.cancel(): canceling Sun Mar 22 13:25:55 UTC 2020
auto.tcl: Setting watchdog for 200 seconds at Sun Mar 22 13:25:55 UTC 2020
2 ms. Memory: 51200K Free: 30034K (59%)
ptolemy.util.test.WatchDog.cancel(): canceling Sun Mar 22 13:25:55 UTC 2020
------------------ testing $PTII/ptolemy/domains/de/test/auto/TransferOutputs2.xml
auto.tcl: Setting watchdog for 200 seconds at Sun Mar 22 13:25:55 UTC 2020
3 ms. Memory: 51200K Free: 28384K (55%)
ptolemy.util.test.WatchDog.cancel(): canceling Sun Mar 22 13:25:55 UTC 2020
auto.tcl: Setting watchdog for 200 seconds at Sun Mar 22 13:25:55 UTC 2020
3 ms. Memory: 51200K Free: 26979K (53%)
ptolemy.util.test.WatchDog.cancel(): canceling Sun Mar 22 13:25:55 UTC 2020
------------------ testing $PTII/ptolemy/domains/de/test/auto/Trilateration.xml
auto.tcl: Setting watchdog for 200 seconds at Sun Mar 22 13:25:55 UTC 2020
12963 ms. Memory: 531456K Free: 436695K (82%)
ptolemy.util.test.WatchDog.cancel(): canceling Sun Mar 22 13:26:09 UTC 2020
auto.tcl: Setting watchdog for 200 seconds at Sun Mar 22 13:26:09 UTC 2020
8958 ms. Memory: 531456K Free: 332091K (62%)
ptolemy.util.test.WatchDog.cancel(): canceling Sun Mar 22 13:26:18 UTC 2020
------------------ testing $PTII/ptolemy/domains/de/test/auto/TwoSigmaDelta.xml
auto.tcl: Setting watchdog for 200 seconds at Sun Mar 22 13:26:18 UTC 2020
2259 ms. Memory: 89088K Free: 14782K (17%)
ptolemy.util.test.WatchDog.cancel(): canceling Sun Mar 22 13:26:21 UTC 2020
auto.tcl: Setting watchdog for 200 seconds at Sun Mar 22 13:26:21 UTC 2020
1724 ms. Memory: 89088K Free: 61863K (69%)
ptolemy.util.test.WatchDog.cancel(): canceling Sun Mar 22 13:26:22 UTC 2020
------------------ testing $PTII/ptolemy/domains/de/test/auto/VariableDelay.xml
auto.tcl: Setting watchdog for 200 seconds at Sun Mar 22 13:26:22 UTC 2020
3 ms. Memory: 55296K Free: 35535K (64%)
ptolemy.util.test.WatchDog.cancel(): canceling Sun Mar 22 13:26:22 UTC 2020
auto.tcl: Setting watchdog for 200 seconds at Sun Mar 22 13:26:22 UTC 2020
2 ms. Memory: 55296K Free: 34525K (62%)
ptolemy.util.test.WatchDog.cancel(): canceling Sun Mar 22 13:26:22 UTC 2020
------------------ testing $PTII/ptolemy/domains/de/test/auto/VariableDelay2.xml
auto.tcl: Setting watchdog for 200 seconds at Sun Mar 22 13:26:23 UTC 2020
3 ms. Memory: 51200K Free: 32366K (63%)
ptolemy.util.test.WatchDog.cancel(): canceling Sun Mar 22 13:26:23 UTC 2020
auto.tcl: Setting watchdog for 200 seconds at Sun Mar 22 13:26:23 UTC 2020
2 ms. Memory: 51200K Free: 31342K (61%)
ptolemy.util.test.WatchDog.cancel(): canceling Sun Mar 22 13:26:23 UTC 2020
------------------ testing $PTII/ptolemy/domains/de/test/auto/VariableDelayZeroDelay.xml
auto.tcl: Setting watchdog for 200 seconds at Sun Mar 22 13:26:23 UTC 2020
2 ms. Memory: 51200K Free: 32365K (63%)
ptolemy.util.test.WatchDog.cancel(): canceling Sun Mar 22 13:26:23 UTC 2020
auto.tcl: Setting watchdog for 200 seconds at Sun Mar 22 13:26:23 UTC 2020
2 ms. Memory: 51200K Free: 31837K (62%)
ptolemy.util.test.WatchDog.cancel(): canceling Sun Mar 22 13:26:23 UTC 2020
------------------ testing $PTII/ptolemy/domains/de/test/auto/VariableDelayZeroDelay2.xml
auto.tcl: Setting watchdog for 200 seconds at Sun Mar 22 13:26:23 UTC 2020
1 ms. Memory: 51200K Free: 32364K (63%)
ptolemy.util.test.WatchDog.cancel(): canceling Sun Mar 22 13:26:23 UTC 2020
auto.tcl: Setting watchdog for 200 seconds at Sun Mar 22 13:26:23 UTC 2020
1 ms. Memory: 51200K Free: 31353K (61%)
ptolemy.util.test.WatchDog.cancel(): canceling Sun Mar 22 13:26:23 UTC 2020
------------------ testing $PTII/ptolemy/domains/de/test/auto/deInCt.xml
auto.tcl: Setting watchdog for 200 seconds at Sun Mar 22 13:26:23 UTC 2020
0
1
1
1
0
0
0
1
1
1
0
0
1
1
1
1
0
0
0
0
1
1
1
1
0
0
0
0
1
1
1
0
0
0
1
1
1
9 ms. Memory: 51200K Free: 31337K (61%)
ptolemy.util.test.WatchDog.cancel(): canceling Sun Mar 22 13:26:23 UTC 2020
auto.tcl: Setting watchdog for 200 seconds at Sun Mar 22 13:26:23 UTC 2020
0
1
1
1
0
0
0
0
0
0
1
1
1
1
0
0
0
1
1
1
1
0
0
0
0
0
6 ms. Memory: 51200K Free: 29814K (58%)
ptolemy.util.test.WatchDog.cancel(): canceling Sun Mar 22 13:26:23 UTC 2020
------------------ testing $PTII/ptolemy/domains/de/test/auto/deInCt2.xml
auto.tcl: Setting watchdog for 200 seconds at Sun Mar 22 13:26:23 UTC 2020
0
1
1
1
0
0
1
1
1
0
0
1
1
1
0
0
1
1
1
0
0
1
1
1
0
0
1
1
1
0
0
1
1
1
0
0
1
1
1
0
0
0
9 ms. Memory: 51200K Free: 31337K (61%)
ptolemy.util.test.WatchDog.cancel(): canceling Sun Mar 22 13:26:23 UTC 2020
auto.tcl: Setting watchdog for 200 seconds at Sun Mar 22 13:26:23 UTC 2020
0
1
1
1
0
0
1
1
1
0
0
1
1
1
0
0
1
1
1
0
0
1
1
1
0
0
1
1
1
0
0
1
1
1
0
0
1
1
1
0
0
0
6 ms. Memory: 51200K Free: 29800K (58%)
ptolemy.util.test.WatchDog.cancel(): canceling Sun Mar 22 13:26:23 UTC 2020
------------------ testing $PTII/ptolemy/domains/de/test/auto/dynamicCausalityInterface1.xml
auto.tcl: Setting watchdog for 200 seconds at Sun Mar 22 13:26:23 UTC 2020
2 ms. Memory: 51200K Free: 27236K (53%)
ptolemy.util.test.WatchDog.cancel(): canceling Sun Mar 22 13:26:23 UTC 2020
auto.tcl: Setting watchdog for 200 seconds at Sun Mar 22 13:26:23 UTC 2020
0 ms. Memory: 51200K Free: 26738K (52%)
ptolemy.util.test.WatchDog.cancel(): canceling Sun Mar 22 13:26:23 UTC 2020
------------------ testing $PTII/ptolemy/domains/de/test/auto/fsm_de_test.xml
auto.tcl: Setting watchdog for 200 seconds at Sun Mar 22 13:26:23 UTC 2020
6 ms. Memory: 51200K Free: 27135K (53%)
ptolemy.util.test.WatchDog.cancel(): canceling Sun Mar 22 13:26:23 UTC 2020
auto.tcl: Setting watchdog for 200 seconds at Sun Mar 22 13:26:23 UTC 2020
6 ms. Memory: 51200K Free: 25087K (49%)
ptolemy.util.test.WatchDog.cancel(): canceling Sun Mar 22 13:26:23 UTC 2020
------------------ testing $PTII/ptolemy/domains/de/test/auto/functionDependencyReconstruction.xml
auto.tcl: Setting watchdog for 200 seconds at Sun Mar 22 13:26:23 UTC 2020
2 ms. Memory: 51200K Free: 21126K (41%)
ptolemy.util.test.WatchDog.cancel(): canceling Sun Mar 22 13:26:23 UTC 2020
auto.tcl: Setting watchdog for 200 seconds at Sun Mar 22 13:26:23 UTC 2020
3 ms. Memory: 51200K Free: 18932K (37%)
ptolemy.util.test.WatchDog.cancel(): canceling Sun Mar 22 13:26:23 UTC 2020
------------------ testing $PTII/ptolemy/domains/de/test/auto/multirate.xml
auto.tcl: Setting watchdog for 200 seconds at Sun Mar 22 13:26:23 UTC 2020
3 ms. Memory: 51200K Free: 29709K (58%)
ptolemy.util.test.WatchDog.cancel(): canceling Sun Mar 22 13:26:23 UTC 2020
auto.tcl: Setting watchdog for 200 seconds at Sun Mar 22 13:26:23 UTC 2020
2 ms. Memory: 51200K Free: 28030K (55%)
ptolemy.util.test.WatchDog.cancel(): canceling Sun Mar 22 13:26:23 UTC 2020
------------------ testing $PTII/ptolemy/domains/de/test/auto/multirate2.xml
auto.tcl: Setting watchdog for 200 seconds at Sun Mar 22 13:26:23 UTC 2020
5 ms. Memory: 51200K Free: 29931K (58%)
ptolemy.util.test.WatchDog.cancel(): canceling Sun Mar 22 13:26:23 UTC 2020
auto.tcl: Setting watchdog for 200 seconds at Sun Mar 22 13:26:23 UTC 2020
3 ms. Memory: 51200K Free: 28692K (56%)
ptolemy.util.test.WatchDog.cancel(): canceling Sun Mar 22 13:26:23 UTC 2020
------------------ testing $PTII/ptolemy/domains/de/test/auto/realtime.xml
auto.tcl: Setting watchdog for 200 seconds at Sun Mar 22 13:26:23 UTC 2020
10001 ms. Memory: 51200K Free: 32017K (63%)
ptolemy.util.test.WatchDog.cancel(): canceling Sun Mar 22 13:26:33 UTC 2020
auto.tcl: Setting watchdog for 200 seconds at Sun Mar 22 13:26:33 UTC 2020
10003 ms. Memory: 51200K Free: 31282K (61%)
ptolemy.util.test.WatchDog.cancel(): canceling Sun Mar 22 13:26:43 UTC 2020
------------------ testing $PTII/ptolemy/domains/de/test/auto/relationGroup.xml
auto.tcl: Setting watchdog for 200 seconds at Sun Mar 22 13:26:43 UTC 2020
10 ms. Memory: 51200K Free: 33096K (65%)
ptolemy.util.test.WatchDog.cancel(): canceling Sun Mar 22 13:26:43 UTC 2020
auto.tcl: Setting watchdog for 200 seconds at Sun Mar 22 13:26:43 UTC 2020
1 ms. Memory: 51200K Free: 32361K (63%)
ptolemy.util.test.WatchDog.cancel(): canceling Sun Mar 22 13:26:43 UTC 2020
------------------ testing $PTII/ptolemy/domains/de/test/auto/relationGroup2.xml
auto.tcl: Setting watchdog for 200 seconds at Sun Mar 22 13:26:43 UTC 2020
1 ms. Memory: 51200K Free: 33121K (65%)
ptolemy.util.test.WatchDog.cancel(): canceling Sun Mar 22 13:26:43 UTC 2020
auto.tcl: Setting watchdog for 200 seconds at Sun Mar 22 13:26:43 UTC 2020
1 ms. Memory: 51200K Free: 32386K (63%)
ptolemy.util.test.WatchDog.cancel(): canceling Sun Mar 22 13:26:43 UTC 2020
------------------ testing $PTII/ptolemy/domains/de/test/auto/sortWithOpaquePorts.xml
auto.tcl: Setting watchdog for 200 seconds at Sun Mar 22 13:26:43 UTC 2020
2 ms. Memory: 51200K Free: 31858K (62%)
ptolemy.util.test.WatchDog.cancel(): canceling Sun Mar 22 13:26:43 UTC 2020
auto.tcl: Setting watchdog for 200 seconds at Sun Mar 22 13:26:43 UTC 2020
2 ms. Memory: 51200K Free: 30836K (60%)
ptolemy.util.test.WatchDog.cancel(): canceling Sun Mar 22 13:26:43 UTC 2020
------------------ testing $PTII/ptolemy/domains/de/test/auto/transferInputsandOutputs.xml
auto.tcl: Setting watchdog for 200 seconds at Sun Mar 22 13:26:43 UTC 2020
2 ms. Memory: 51200K Free: 29302K (57%)
ptolemy.util.test.WatchDog.cancel(): canceling Sun Mar 22 13:26:43 UTC 2020
auto.tcl: Setting watchdog for 200 seconds at Sun Mar 22 13:26:43 UTC 2020
2 ms. Memory: 51200K Free: 28302K (55%)
ptolemy.util.test.WatchDog.cancel(): canceling Sun Mar 22 13:26:43 UTC 2020
------------------ testing $PTII/ptolemy/domains/de/test/auto/triggerType.xml
auto.tcl: Setting watchdog for 200 seconds at Sun Mar 22 13:26:43 UTC 2020
2 ms. Memory: 51200K Free: 32327K (63%)
ptolemy.util.test.WatchDog.cancel(): canceling Sun Mar 22 13:26:43 UTC 2020
auto.tcl: Setting watchdog for 200 seconds at Sun Mar 22 13:26:43 UTC 2020
1 ms. Memory: 51200K Free: 31313K (61%)
ptolemy.util.test.WatchDog.cancel(): canceling Sun Mar 22 13:26:43 UTC 2020
03/22/20 01:26:44
Failed: 0  Total Tests: 192  ((Passed: 187, Newly Passed: 1)  Known Failed: 5) /home/travis/build/icyphy/ptII/ptolemy/domains/de/test
03/22/20 01:26:44
Failed: 0  Total Tests: 192  ((Passed: 187, Newly Passed: 1)  Known Failed: 5) /home/travis/build/icyphy/ptII/ptolemy/domains/de/test
----------------- testing (KnownFailure) /home/travis/build/icyphy/ptII/ptolemy/domains/de/test/auto/knownFailedTests/DESDFClockTest.xml
2011 ms. Memory: 51200K Free: 25212K (49%)
Known Failure: java.lang.reflect.InvocationTargetException
----------------- testing (KnownFailure) /home/travis/build/icyphy/ptII/ptolemy/domains/de/test/auto/knownFailedTests/DirectFeedback.xml
2 ms. Memory: 51200K Free: 21626K (42%)
Known Failure: java.lang.reflect.InvocationTargetException
----------------- testing (KnownFailure) /home/travis/build/icyphy/ptII/ptolemy/domains/de/test/auto/knownFailedTests/FSMSource.xml
7 ms. Memory: 51200K Free: 13420K (26%)
----------------- testing (KnownFailure) /home/travis/build/icyphy/ptII/ptolemy/domains/de/test/auto/knownFailedTests/HierarchicalModel.xml
2 ms. Memory: 51200K Free: 26439K (52%)
Known Failure: java.lang.reflect.InvocationTargetException
----------------- testing (KnownFailure) /home/travis/build/icyphy/ptII/ptolemy/domains/de/test/auto/knownFailedTests/dependencyLoop.xml
2 ms. Memory: 51200K Free: 11079K (22%)
Known Failure: java.lang.reflect.InvocationTargetException
----------------- testing (KnownFailure) /home/travis/build/icyphy/ptII/ptolemy/domains/de/test/auto/knownFailedTests/dependencyLoop2.xml
6 ms. Memory: 51200K Free: 24833K (49%)
Known Failure: java.lang.reflect.InvocationTargetException
No auto/linux-amd64/*.xml tests in /home/travis/build/icyphy/ptII/ptolemy/domains/de/test
AutoTests.java: About to close Vertx.
AutoTests.java: Vertx closed.

===========================================================================================
----------------- testing Sun Mar 22 13:26:46 UTC 2020 /home/travis/build/icyphy/ptII/ptolemy/domains/de/test/auto/ActorDepthCalculation_actorWithoutPorts.xml
----------------- Instantiating /home/travis/build/icyphy/ptII/ptolemy/domains/de/test/auto/ActorDepthCalculation_actorWithoutPorts.xml
2 ms. Memory: 51200K Free: 17953K (35%)
----------------- Invoking toplevel() on ptolemy.moml.MoMLSimpleApplication@7f40a3a5
----------------- Done invoking toplevel() on ptolemy.moml.MoMLSimpleApplication@7f40a3a5
reloadAllAccessors: .ActorDepthCalculation_actorWithoutPorts

===========================================================================================
----------------- testing Sun Mar 22 13:26:46 UTC 2020 /home/travis/build/icyphy/ptII/ptolemy/domains/de/test/auto/AssemblyLine.xml
----------------- Instantiating /home/travis/build/icyphy/ptII/ptolemy/domains/de/test/auto/AssemblyLine.xml
3 ms. Memory: 51200K Free: 10809K (21%)
----------------- Invoking toplevel() on ptolemy.moml.MoMLSimpleApplication@5a049442
----------------- Done invoking toplevel() on ptolemy.moml.MoMLSimpleApplication@5a049442
reloadAllAccessors: .AssemblyLine

===========================================================================================
----------------- testing Sun Mar 22 13:26:46 UTC 2020 /home/travis/build/icyphy/ptII/ptolemy/domains/de/test/auto/CQBug1.xml
----------------- Instantiating /home/travis/build/icyphy/ptII/ptolemy/domains/de/test/auto/CQBug1.xml
1 ms. Memory: 51200K Free: 8040K (16%)
----------------- Invoking toplevel() on ptolemy.moml.MoMLSimpleApplication@373d0b3
----------------- Done invoking toplevel() on ptolemy.moml.MoMLSimpleApplication@373d0b3
reloadAllAccessors: .CQBug1

===========================================================================================
----------------- testing Sun Mar 22 13:26:46 UTC 2020 /home/travis/build/icyphy/ptII/ptolemy/domains/de/test/auto/CancelFireAt.xml
----------------- Instantiating /home/travis/build/icyphy/ptII/ptolemy/domains/de/test/auto/CancelFireAt.xml
1 ms. Memory: 51200K Free: 34393K (67%)
----------------- Invoking toplevel() on ptolemy.moml.MoMLSimpleApplication@3ab434c8
----------------- Done invoking toplevel() on ptolemy.moml.MoMLSimpleApplication@3ab434c8
reloadAllAccessors: .CancelFireAt

===========================================================================================
----------------- testing Sun Mar 22 13:26:46 UTC 2020 /home/travis/build/icyphy/ptII/ptolemy/domains/de/test/auto/CausalityAndComposabilityAnalysis.xml
----------------- Instantiating /home/travis/build/icyphy/ptII/ptolemy/domains/de/test/auto/CausalityAndComposabilityAnalysis.xml
11 ms. Memory: 51200K Free: 30167K (59%)
----------------- Invoking toplevel() on ptolemy.moml.MoMLSimpleApplication@56a703b0
----------------- Done invoking toplevel() on ptolemy.moml.MoMLSimpleApplication@56a703b0
reloadAllAccessors: .CausalityAndComposabilityAnalysis

===========================================================================================
----------------- testing Sun Mar 22 13:26:46 UTC 2020 /home/travis/build/icyphy/ptII/ptolemy/domains/de/test/auto/CausalityInterface1.xml
----------------- Instantiating /home/travis/build/icyphy/ptII/ptolemy/domains/de/test/auto/CausalityInterface1.xml
5 ms. Memory: 51200K Free: 25015K (49%)
----------------- Invoking toplevel() on ptolemy.moml.MoMLSimpleApplication@1e0efd10
----------------- Done invoking toplevel() on ptolemy.moml.MoMLSimpleApplication@1e0efd10
reloadAllAccessors: .CausalityInterface1

===========================================================================================
----------------- testing Sun Mar 22 13:26:46 UTC 2020 /home/travis/build/icyphy/ptII/ptolemy/domains/de/test/auto/CausalityInterface15.xml
----------------- Instantiating /home/travis/build/icyphy/ptII/ptolemy/domains/de/test/auto/CausalityInterface15.xml
2 ms. Memory: 51200K Free: 19477K (38%)
----------------- Invoking toplevel() on ptolemy.moml.MoMLSimpleApplication@5cf88352
----------------- Done invoking toplevel() on ptolemy.moml.MoMLSimpleApplication@5cf88352
reloadAllAccessors: .CausalityInterface15

===========================================================================================
----------------- testing Sun Mar 22 13:26:46 UTC 2020 /home/travis/build/icyphy/ptII/ptolemy/domains/de/test/auto/CausalityInterface2.xml
----------------- Instantiating /home/travis/build/icyphy/ptII/ptolemy/domains/de/test/auto/CausalityInterface2.xml
1 ms. Memory: 51200K Free: 14837K (29%)
----------------- Invoking toplevel() on ptolemy.moml.MoMLSimpleApplication@7d575b36
----------------- Done invoking toplevel() on ptolemy.moml.MoMLSimpleApplication@7d575b36
reloadAllAccessors: .CausalityInterface2

===========================================================================================
----------------- testing Sun Mar 22 13:26:46 UTC 2020 /home/travis/build/icyphy/ptII/ptolemy/domains/de/test/auto/CausalityInterface3.xml
----------------- Instantiating /home/travis/build/icyphy/ptII/ptolemy/domains/de/test/auto/CausalityInterface3.xml
3 ms. Memory: 51200K Free: 9980K (19%)
----------------- Invoking toplevel() on ptolemy.moml.MoMLSimpleApplication@40c886f0
----------------- Done invoking toplevel() on ptolemy.moml.MoMLSimpleApplication@40c886f0
reloadAllAccessors: .CausalityInterface3

===========================================================================================
----------------- testing Sun Mar 22 13:26:46 UTC 2020 /home/travis/build/icyphy/ptII/ptolemy/domains/de/test/auto/ClockDrift.xml
----------------- Instantiating /home/travis/build/icyphy/ptII/ptolemy/domains/de/test/auto/ClockDrift.xml
15 ms. Memory: 51200K Free: 26611K (52%)
----------------- Invoking toplevel() on ptolemy.moml.MoMLSimpleApplication@7ec7fcda
----------------- Done invoking toplevel() on ptolemy.moml.MoMLSimpleApplication@7ec7fcda
reloadAllAccessors: .ClockDrift

===========================================================================================
----------------- testing Sun Mar 22 13:26:46 UTC 2020 /home/travis/build/icyphy/ptII/ptolemy/domains/de/test/auto/ClockDriftAndValueChange.xml
----------------- Instantiating /home/travis/build/icyphy/ptII/ptolemy/domains/de/test/auto/ClockDriftAndValueChange.xml
9 ms. Memory: 51200K Free: 14965K (29%)
----------------- Invoking toplevel() on ptolemy.moml.MoMLSimpleApplication@62d86606
----------------- Done invoking toplevel() on ptolemy.moml.MoMLSimpleApplication@62d86606
reloadAllAccessors: .ClockDriftAndValueChange

===========================================================================================
----------------- testing Sun Mar 22 13:26:46 UTC 2020 /home/travis/build/icyphy/ptII/ptolemy/domains/de/test/auto/ClockDriftChange.xml
----------------- Instantiating /home/travis/build/icyphy/ptII/ptolemy/domains/de/test/auto/ClockDriftChange.xml
12 ms. Memory: 51200K Free: 33898K (66%)
----------------- Invoking toplevel() on ptolemy.moml.MoMLSimpleApplication@2fef0b0e
----------------- Done invoking toplevel() on ptolemy.moml.MoMLSimpleApplication@2fef0b0e
reloadAllAccessors: .ClockDriftChange

===========================================================================================
----------------- testing Sun Mar 22 13:26:46 UTC 2020 /home/travis/build/icyphy/ptII/ptolemy/domains/de/test/auto/ComposableCausalityAnalysis.xml
----------------- Instantiating /home/travis/build/icyphy/ptII/ptolemy/domains/de/test/auto/ComposableCausalityAnalysis.xml
1 ms. Memory: 51200K Free: 27944K (55%)
----------------- Invoking toplevel() on ptolemy.moml.MoMLSimpleApplication@69d48bad
----------------- Done invoking toplevel() on ptolemy.moml.MoMLSimpleApplication@69d48bad
reloadAllAccessors: .ComposableCausalityAnalysis

===========================================================================================
----------------- testing Sun Mar 22 13:26:46 UTC 2020 /home/travis/build/icyphy/ptII/ptolemy/domains/de/test/auto/DEFixedPointLimitation.xml
----------------- Instantiating /home/travis/build/icyphy/ptII/ptolemy/domains/de/test/auto/DEFixedPointLimitation.xml
1 ms. Memory: 51200K Free: 23215K (45%)
----------------- Invoking toplevel() on ptolemy.moml.MoMLSimpleApplication@27be98e6
----------------- Done invoking toplevel() on ptolemy.moml.MoMLSimpleApplication@27be98e6
reloadAllAccessors: .DEFixedPointLimitation

===========================================================================================
----------------- testing Sun Mar 22 13:26:46 UTC 2020 /home/travis/build/icyphy/ptII/ptolemy/domains/de/test/auto/DEScheduleTest.xml
----------------- Instantiating /home/travis/build/icyphy/ptII/ptolemy/domains/de/test/auto/DEScheduleTest.xml
2 ms. Memory: 51200K Free: 19038K (37%)
----------------- Invoking toplevel() on ptolemy.moml.MoMLSimpleApplication@4b560447
----------------- Done invoking toplevel() on ptolemy.moml.MoMLSimpleApplication@4b560447
reloadAllAccessors: .DEScheduleTest

===========================================================================================
----------------- testing Sun Mar 22 13:26:46 UTC 2020 /home/travis/build/icyphy/ptII/ptolemy/domains/de/test/auto/DEinDEwithStartTimes.xml
----------------- Instantiating /home/travis/build/icyphy/ptII/ptolemy/domains/de/test/auto/DEinDEwithStartTimes.xml
2 ms. Memory: 51200K Free: 13207K (26%)
----------------- Invoking toplevel() on ptolemy.moml.MoMLSimpleApplication@184b13fb
----------------- Done invoking toplevel() on ptolemy.moml.MoMLSimpleApplication@184b13fb
reloadAllAccessors: .DEinDEwithStartTimes

===========================================================================================
----------------- testing Sun Mar 22 13:26:46 UTC 2020 /home/travis/build/icyphy/ptII/ptolemy/domains/de/test/auto/DEinDEwithStartTimes2.xml
----------------- Instantiating /home/travis/build/icyphy/ptII/ptolemy/domains/de/test/auto/DEinDEwithStartTimes2.xml
2 ms. Memory: 51200K Free: 34147K (67%)
----------------- Invoking toplevel() on ptolemy.moml.MoMLSimpleApplication@5395d785
----------------- Done invoking toplevel() on ptolemy.moml.MoMLSimpleApplication@5395d785
reloadAllAccessors: .DEinDEwithStartTimes2

===========================================================================================
----------------- testing Sun Mar 22 13:26:46 UTC 2020 /home/travis/build/icyphy/ptII/ptolemy/domains/de/test/auto/DateDemo.xml
----------------- Instantiating /home/travis/build/icyphy/ptII/ptolemy/domains/de/test/auto/DateDemo.xml
6 ms. Memory: 51200K Free: 22851K (45%)
----------------- Invoking toplevel() on ptolemy.moml.MoMLSimpleApplication@6311b4c4
----------------- Done invoking toplevel() on ptolemy.moml.MoMLSimpleApplication@6311b4c4
reloadAllAccessors: .DateDemo

===========================================================================================
----------------- testing Sun Mar 22 13:26:46 UTC 2020 /home/travis/build/icyphy/ptII/ptolemy/domains/de/test/auto/DateToEvent.xml
----------------- Instantiating /home/travis/build/icyphy/ptII/ptolemy/domains/de/test/auto/DateToEvent.xml
2011 ms. Memory: 51200K Free: 35072K (69%)
----------------- Invoking toplevel() on ptolemy.moml.MoMLSimpleApplication@4dce29
----------------- Done invoking toplevel() on ptolemy.moml.MoMLSimpleApplication@4dce29
reloadAllAccessors: .DateToEvent

===========================================================================================
----------------- testing Sun Mar 22 13:26:48 UTC 2020 /home/travis/build/icyphy/ptII/ptolemy/domains/de/test/auto/DepthTest1.xml
----------------- Instantiating /home/travis/build/icyphy/ptII/ptolemy/domains/de/test/auto/DepthTest1.xml
1 ms. Memory: 51200K Free: 32091K (63%)
----------------- Invoking toplevel() on ptolemy.moml.MoMLSimpleApplication@7d6321a6
----------------- Done invoking toplevel() on ptolemy.moml.MoMLSimpleApplication@7d6321a6
reloadAllAccessors: .DepthTest1

===========================================================================================
----------------- testing Sun Mar 22 13:26:48 UTC 2020 /home/travis/build/icyphy/ptII/ptolemy/domains/de/test/auto/DepthTest2.xml
----------------- Instantiating /home/travis/build/icyphy/ptII/ptolemy/domains/de/test/auto/DepthTest2.xml
1 ms. Memory: 51200K Free: 25861K (51%)
----------------- Invoking toplevel() on ptolemy.moml.MoMLSimpleApplication@6510ca0c
----------------- Done invoking toplevel() on ptolemy.moml.MoMLSimpleApplication@6510ca0c
reloadAllAccessors: .DepthTest2

===========================================================================================
----------------- testing Sun Mar 22 13:26:48 UTC 2020 /home/travis/build/icyphy/ptII/ptolemy/domains/de/test/auto/DepthTest3.xml
----------------- Instantiating /home/travis/build/icyphy/ptII/ptolemy/domains/de/test/auto/DepthTest3.xml
1 ms. Memory: 51200K Free: 22875K (45%)
----------------- Invoking toplevel() on ptolemy.moml.MoMLSimpleApplication@49c33ddb
----------------- Done invoking toplevel() on ptolemy.moml.MoMLSimpleApplication@49c33ddb
reloadAllAccessors: .DepthTest3

===========================================================================================
----------------- testing Sun Mar 22 13:26:48 UTC 2020 /home/travis/build/icyphy/ptII/ptolemy/domains/de/test/auto/DepthTest4.xml
----------------- Instantiating /home/travis/build/icyphy/ptII/ptolemy/domains/de/test/auto/DepthTest4.xml
1 ms. Memory: 51200K Free: 18142K (35%)
----------------- Invoking toplevel() on ptolemy.moml.MoMLSimpleApplication@2a6e4ee
----------------- Done invoking toplevel() on ptolemy.moml.MoMLSimpleApplication@2a6e4ee
reloadAllAccessors: .DepthTest4

===========================================================================================
----------------- testing Sun Mar 22 13:26:48 UTC 2020 /home/travis/build/icyphy/ptII/ptolemy/domains/de/test/auto/DepthTest5.xml
----------------- Instantiating /home/travis/build/icyphy/ptII/ptolemy/domains/de/test/auto/DepthTest5.xml
9 ms. Memory: 51200K Free: 12750K (25%)
----------------- Invoking toplevel() on ptolemy.moml.MoMLSimpleApplication@5e297d99
----------------- Done invoking toplevel() on ptolemy.moml.MoMLSimpleApplication@5e297d99
reloadAllAccessors: .DepthTest5

===========================================================================================
----------------- testing Sun Mar 22 13:26:48 UTC 2020 /home/travis/build/icyphy/ptII/ptolemy/domains/de/test/auto/DepthTest6.xml
----------------- Instantiating /home/travis/build/icyphy/ptII/ptolemy/domains/de/test/auto/DepthTest6.xml
6 ms. Memory: 51200K Free: 35367K (69%)
----------------- Invoking toplevel() on ptolemy.moml.MoMLSimpleApplication@1ed68dce
----------------- Done invoking toplevel() on ptolemy.moml.MoMLSimpleApplication@1ed68dce
reloadAllAccessors: .DepthTest6

===========================================================================================
----------------- testing Sun Mar 22 13:26:48 UTC 2020 /home/travis/build/icyphy/ptII/ptolemy/domains/de/test/auto/DepthTest7.xml
----------------- Instantiating /home/travis/build/icyphy/ptII/ptolemy/domains/de/test/auto/DepthTest7.xml
1 ms. Memory: 51200K Free: 30312K (59%)
----------------- Invoking toplevel() on ptolemy.moml.MoMLSimpleApplication@7b602688
----------------- Done invoking toplevel() on ptolemy.moml.MoMLSimpleApplication@7b602688
reloadAllAccessors: .DepthTest7

===========================================================================================
----------------- testing Sun Mar 22 13:26:48 UTC 2020 /home/travis/build/icyphy/ptII/ptolemy/domains/de/test/auto/EventToDate.xml
----------------- Instantiating /home/travis/build/icyphy/ptII/ptolemy/domains/de/test/auto/EventToDate.xml
3004 ms. Memory: 51200K Free: 16784K (33%)
----------------- Invoking toplevel() on ptolemy.moml.MoMLSimpleApplication@2accaa63
----------------- Done invoking toplevel() on ptolemy.moml.MoMLSimpleApplication@2accaa63
reloadAllAccessors: .EventToDate

===========================================================================================
----------------- testing Sun Mar 22 13:26:51 UTC 2020 /home/travis/build/icyphy/ptII/ptolemy/domains/de/test/auto/FSM1.xml
----------------- Instantiating /home/travis/build/icyphy/ptII/ptolemy/domains/de/test/auto/FSM1.xml
23 ms. Memory: 51200K Free: 32214K (63%)
----------------- Invoking toplevel() on ptolemy.moml.MoMLSimpleApplication@763ed618
----------------- Done invoking toplevel() on ptolemy.moml.MoMLSimpleApplication@763ed618
reloadAllAccessors: .FSM1

===========================================================================================
----------------- testing Sun Mar 22 13:26:51 UTC 2020 /home/travis/build/icyphy/ptII/ptolemy/domains/de/test/auto/FSM7.xml
----------------- Instantiating /home/travis/build/icyphy/ptII/ptolemy/domains/de/test/auto/FSM7.xml
19 ms. Memory: 51200K Free: 19967K (39%)
----------------- Invoking toplevel() on ptolemy.moml.MoMLSimpleApplication@673101b1
----------------- Done invoking toplevel() on ptolemy.moml.MoMLSimpleApplication@673101b1
reloadAllAccessors: .FSM7

===========================================================================================
----------------- testing Sun Mar 22 13:26:51 UTC 2020 /home/travis/build/icyphy/ptII/ptolemy/domains/de/test/auto/Inspection.xml
----------------- Instantiating /home/travis/build/icyphy/ptII/ptolemy/domains/de/test/auto/Inspection.xml
15 ms. Memory: 51200K Free: 35196K (69%)
----------------- Invoking toplevel() on ptolemy.moml.MoMLSimpleApplication@7b535469
----------------- Done invoking toplevel() on ptolemy.moml.MoMLSimpleApplication@7b535469
reloadAllAccessors: .Inspection

===========================================================================================
----------------- testing Sun Mar 22 13:26:51 UTC 2020 /home/travis/build/icyphy/ptII/ptolemy/domains/de/test/auto/Iteration.xml
----------------- Instantiating /home/travis/build/icyphy/ptII/ptolemy/domains/de/test/auto/Iteration.xml
8 ms. Memory: 51200K Free: 28033K (55%)
----------------- Invoking toplevel() on ptolemy.moml.MoMLSimpleApplication@3be620ff
----------------- Done invoking toplevel() on ptolemy.moml.MoMLSimpleApplication@3be620ff
reloadAllAccessors: .Iteration

===========================================================================================
----------------- testing Sun Mar 22 13:26:52 UTC 2020 /home/travis/build/icyphy/ptII/ptolemy/domains/de/test/auto/LineFault.xml
----------------- Instantiating /home/travis/build/icyphy/ptII/ptolemy/domains/de/test/auto/LineFault.xml
376 ms. Memory: 51200K Free: 22586K (44%)
----------------- Invoking toplevel() on ptolemy.moml.MoMLSimpleApplication@7deedf07
----------------- Done invoking toplevel() on ptolemy.moml.MoMLSimpleApplication@7deedf07
reloadAllAccessors: .LineFault

===========================================================================================
----------------- testing Sun Mar 22 13:26:52 UTC 2020 /home/travis/build/icyphy/ptII/ptolemy/domains/de/test/auto/MergeModel1Add.xml
----------------- Instantiating /home/travis/build/icyphy/ptII/ptolemy/domains/de/test/auto/MergeModel1Add.xml
7 ms. Memory: 51200K Free: 29438K (57%)
----------------- Invoking toplevel() on ptolemy.moml.MoMLSimpleApplication@57f0582e
----------------- Done invoking toplevel() on ptolemy.moml.MoMLSimpleApplication@57f0582e
reloadAllAccessors: .MergeModel1Add

===========================================================================================
----------------- testing Sun Mar 22 13:26:52 UTC 2020 /home/travis/build/icyphy/ptII/ptolemy/domains/de/test/auto/MergeModel2Add.xml
----------------- Instantiating /home/travis/build/icyphy/ptII/ptolemy/domains/de/test/auto/MergeModel2Add.xml
4 ms. Memory: 51200K Free: 11224K (22%)
----------------- Invoking toplevel() on ptolemy.moml.MoMLSimpleApplication@72e13a3a
----------------- Done invoking toplevel() on ptolemy.moml.MoMLSimpleApplication@72e13a3a
reloadAllAccessors: .MergeModel2Add

===========================================================================================
----------------- testing Sun Mar 22 13:26:52 UTC 2020 /home/travis/build/icyphy/ptII/ptolemy/domains/de/test/auto/MergeModel3Add.xml
----------------- Instantiating /home/travis/build/icyphy/ptII/ptolemy/domains/de/test/auto/MergeModel3Add.xml
5 ms. Memory: 51200K Free: 19343K (38%)
----------------- Invoking toplevel() on ptolemy.moml.MoMLSimpleApplication@75b5dd93
----------------- Done invoking toplevel() on ptolemy.moml.MoMLSimpleApplication@75b5dd93
reloadAllAccessors: .MergeModel3Add

===========================================================================================
----------------- testing Sun Mar 22 13:26:52 UTC 2020 /home/travis/build/icyphy/ptII/ptolemy/domains/de/test/auto/MergeWithoutDiscard.xml
----------------- Instantiating /home/travis/build/icyphy/ptII/ptolemy/domains/de/test/auto/MergeWithoutDiscard.xml
1 ms. Memory: 51200K Free: 15247K (30%)
----------------- Invoking toplevel() on ptolemy.moml.MoMLSimpleApplication@450e2efe
----------------- Done invoking toplevel() on ptolemy.moml.MoMLSimpleApplication@450e2efe
reloadAllAccessors: .MergeWithoutDiscard

===========================================================================================
----------------- testing Sun Mar 22 13:26:52 UTC 2020 /home/travis/build/icyphy/ptII/ptolemy/domains/de/test/auto/Modal1.xml
----------------- Instantiating /home/travis/build/icyphy/ptII/ptolemy/domains/de/test/auto/Modal1.xml
9 ms. Memory: 51200K Free: 28695K (56%)
----------------- Invoking toplevel() on ptolemy.moml.MoMLSimpleApplication@40be3422
----------------- Done invoking toplevel() on ptolemy.moml.MoMLSimpleApplication@40be3422
reloadAllAccessors: .Modal1

===========================================================================================
----------------- testing Sun Mar 22 13:26:52 UTC 2020 /home/travis/build/icyphy/ptII/ptolemy/domains/de/test/auto/Modal2.xml
----------------- Instantiating /home/travis/build/icyphy/ptII/ptolemy/domains/de/test/auto/Modal2.xml
8 ms. Memory: 51200K Free: 16399K (32%)
----------------- Invoking toplevel() on ptolemy.moml.MoMLSimpleApplication@2f531284
----------------- Done invoking toplevel() on ptolemy.moml.MoMLSimpleApplication@2f531284
reloadAllAccessors: .Modal2

===========================================================================================
----------------- testing Sun Mar 22 13:26:52 UTC 2020 /home/travis/build/icyphy/ptII/ptolemy/domains/de/test/auto/Modal3.xml
----------------- Instantiating /home/travis/build/icyphy/ptII/ptolemy/domains/de/test/auto/Modal3.xml
6 ms. Memory: 51200K Free: 29750K (58%)
----------------- Invoking toplevel() on ptolemy.moml.MoMLSimpleApplication@61886cae
----------------- Done invoking toplevel() on ptolemy.moml.MoMLSimpleApplication@61886cae
reloadAllAccessors: .Modal3

===========================================================================================
----------------- testing Sun Mar 22 13:26:52 UTC 2020 /home/travis/build/icyphy/ptII/ptolemy/domains/de/test/auto/Modal4.xml
----------------- Instantiating /home/travis/build/icyphy/ptII/ptolemy/domains/de/test/auto/Modal4.xml
11 ms. Memory: 51200K Free: 16710K (33%)
----------------- Invoking toplevel() on ptolemy.moml.MoMLSimpleApplication@35b3e3
----------------- Done invoking toplevel() on ptolemy.moml.MoMLSimpleApplication@35b3e3
reloadAllAccessors: .Modal4

===========================================================================================
----------------- testing Sun Mar 22 13:26:52 UTC 2020 /home/travis/build/icyphy/ptII/ptolemy/domains/de/test/auto/Modal5.xml
----------------- Instantiating /home/travis/build/icyphy/ptII/ptolemy/domains/de/test/auto/Modal5.xml
8 ms. Memory: 51200K Free: 29263K (57%)
----------------- Invoking toplevel() on ptolemy.moml.MoMLSimpleApplication@12c63afc
----------------- Done invoking toplevel() on ptolemy.moml.MoMLSimpleApplication@12c63afc
reloadAllAccessors: .Modal5

===========================================================================================
----------------- testing Sun Mar 22 13:26:52 UTC 2020 /home/travis/build/icyphy/ptII/ptolemy/domains/de/test/auto/Modal6.xml
----------------- Instantiating /home/travis/build/icyphy/ptII/ptolemy/domains/de/test/auto/Modal6.xml
9 ms. Memory: 51200K Free: 16991K (33%)
----------------- Invoking toplevel() on ptolemy.moml.MoMLSimpleApplication@26dcc5e8
----------------- Done invoking toplevel() on ptolemy.moml.MoMLSimpleApplication@26dcc5e8
reloadAllAccessors: .Modal6

===========================================================================================
----------------- testing Sun Mar 22 13:26:52 UTC 2020 /home/travis/build/icyphy/ptII/ptolemy/domains/de/test/auto/Modal7.xml
----------------- Instantiating /home/travis/build/icyphy/ptII/ptolemy/domains/de/test/auto/Modal7.xml
7 ms. Memory: 51200K Free: 29248K (57%)
----------------- Invoking toplevel() on ptolemy.moml.MoMLSimpleApplication@5386be87
----------------- Done invoking toplevel() on ptolemy.moml.MoMLSimpleApplication@5386be87
reloadAllAccessors: .Modal7

===========================================================================================
----------------- testing Sun Mar 22 13:26:52 UTC 2020 /home/travis/build/icyphy/ptII/ptolemy/domains/de/test/auto/ModalModel.xml
----------------- Instantiating /home/travis/build/icyphy/ptII/ptolemy/domains/de/test/auto/ModalModel.xml
140 ms. Memory: 51200K Free: 12862K (25%)
----------------- Invoking toplevel() on ptolemy.moml.MoMLSimpleApplication@3e13c68b
----------------- Done invoking toplevel() on ptolemy.moml.MoMLSimpleApplication@3e13c68b
reloadAllAccessors: .ModalModel

===========================================================================================
----------------- testing Sun Mar 22 13:26:53 UTC 2020 /home/travis/build/icyphy/ptII/ptolemy/domains/de/test/auto/ModalSource.xml
----------------- Instantiating /home/travis/build/icyphy/ptII/ptolemy/domains/de/test/auto/ModalSource.xml
6 ms. Memory: 61440K Free: 40876K (67%)
----------------- Invoking toplevel() on ptolemy.moml.MoMLSimpleApplication@36abe1
----------------- Done invoking toplevel() on ptolemy.moml.MoMLSimpleApplication@36abe1
reloadAllAccessors: .ModalSource

===========================================================================================
----------------- testing Sun Mar 22 13:26:53 UTC 2020 /home/travis/build/icyphy/ptII/ptolemy/domains/de/test/auto/NonInterruptibleTimerZeroDelay.xml
----------------- Instantiating /home/travis/build/icyphy/ptII/ptolemy/domains/de/test/auto/NonInterruptibleTimerZeroDelay.xml
2 ms. Memory: 61440K Free: 37382K (61%)
----------------- Invoking toplevel() on ptolemy.moml.MoMLSimpleApplication@2a7abf6e
----------------- Done invoking toplevel() on ptolemy.moml.MoMLSimpleApplication@2a7abf6e
reloadAllAccessors: .NonInterruptibleTimerZeroDelay

===========================================================================================
----------------- testing Sun Mar 22 13:26:53 UTC 2020 /home/travis/build/icyphy/ptII/ptolemy/domains/de/test/auto/OpenQueueingNetwork.xml
----------------- Instantiating /home/travis/build/icyphy/ptII/ptolemy/domains/de/test/auto/OpenQueueingNetwork.xml
2247 ms. Memory: 145408K Free: 86050K (59%)
----------------- Invoking toplevel() on ptolemy.moml.MoMLSimpleApplication@46756ecd
----------------- Done invoking toplevel() on ptolemy.moml.MoMLSimpleApplication@46756ecd
reloadAllAccessors: .OpenQueueingNetwork

===========================================================================================
----------------- testing Sun Mar 22 13:26:55 UTC 2020 /home/travis/build/icyphy/ptII/ptolemy/domains/de/test/auto/OpenQueuingNetwork.xml
----------------- Instantiating /home/travis/build/icyphy/ptII/ptolemy/domains/de/test/auto/OpenQueuingNetwork.xml
219 ms. Memory: 145408K Free: 87533K (60%)
----------------- Invoking toplevel() on ptolemy.moml.MoMLSimpleApplication@3bca8498
----------------- Done invoking toplevel() on ptolemy.moml.MoMLSimpleApplication@3bca8498
reloadAllAccessors: .OpenQueuingNetwork

===========================================================================================
----------------- testing Sun Mar 22 13:26:55 UTC 2020 /home/travis/build/icyphy/ptII/ptolemy/domains/de/test/auto/PeriodicSampler.xml
----------------- Instantiating /home/travis/build/icyphy/ptII/ptolemy/domains/de/test/auto/PeriodicSampler.xml
2 ms. Memory: 145408K Free: 82923K (57%)
----------------- Invoking toplevel() on ptolemy.moml.MoMLSimpleApplication@31fbf537
----------------- Done invoking toplevel() on ptolemy.moml.MoMLSimpleApplication@31fbf537
reloadAllAccessors: .PeriodicSampler

===========================================================================================
----------------- testing Sun Mar 22 13:26:55 UTC 2020 /home/travis/build/icyphy/ptII/ptolemy/domains/de/test/auto/PersistentIO.xml
----------------- Instantiating /home/travis/build/icyphy/ptII/ptolemy/domains/de/test/auto/PersistentIO.xml
3 ms. Memory: 145408K Free: 73197K (50%)
----------------- Invoking toplevel() on ptolemy.moml.MoMLSimpleApplication@1e7f14d8
----------------- Done invoking toplevel() on ptolemy.moml.MoMLSimpleApplication@1e7f14d8
reloadAllAccessors: .PersistentIO

===========================================================================================
----------------- testing Sun Mar 22 13:26:55 UTC 2020 /home/travis/build/icyphy/ptII/ptolemy/domains/de/test/auto/PortParameterResetOnInitialize.xml
----------------- Instantiating /home/travis/build/icyphy/ptII/ptolemy/domains/de/test/auto/PortParameterResetOnInitialize.xml
4 ms. Memory: 145408K Free: 68581K (47%)
----------------- Invoking toplevel() on ptolemy.moml.MoMLSimpleApplication@36c147d7
----------------- Done invoking toplevel() on ptolemy.moml.MoMLSimpleApplication@36c147d7
reloadAllAccessors: .PortParameterResetOnInitialize

===========================================================================================
----------------- testing Sun Mar 22 13:26:55 UTC 2020 /home/travis/build/icyphy/ptII/ptolemy/domains/de/test/auto/PortParameterUpdates.xml
----------------- Instantiating /home/travis/build/icyphy/ptII/ptolemy/domains/de/test/auto/PortParameterUpdates.xml
3 ms. Memory: 145408K Free: 61933K (43%)
----------------- Invoking toplevel() on ptolemy.moml.MoMLSimpleApplication@47d00fa5
----------------- Done invoking toplevel() on ptolemy.moml.MoMLSimpleApplication@47d00fa5
reloadAllAccessors: .PortParameterUpdates

===========================================================================================
----------------- testing Sun Mar 22 13:26:55 UTC 2020 /home/travis/build/icyphy/ptII/ptolemy/domains/de/test/auto/QueueAndServer.xml
----------------- Instantiating /home/travis/build/icyphy/ptII/ptolemy/domains/de/test/auto/QueueAndServer.xml
4 ms. Memory: 145408K Free: 54251K (37%)
----------------- Invoking toplevel() on ptolemy.moml.MoMLSimpleApplication@3f5bb3b4
----------------- Done invoking toplevel() on ptolemy.moml.MoMLSimpleApplication@3f5bb3b4
reloadAllAccessors: .QueueAndServer

===========================================================================================
----------------- testing Sun Mar 22 13:26:55 UTC 2020 /home/travis/build/icyphy/ptII/ptolemy/domains/de/test/auto/Records.xml
----------------- Instantiating /home/travis/build/icyphy/ptII/ptolemy/domains/de/test/auto/Records.xml
4 ms. Memory: 145408K Free: 48621K (33%)
----------------- Invoking toplevel() on ptolemy.moml.MoMLSimpleApplication@43252f27
----------------- Done invoking toplevel() on ptolemy.moml.MoMLSimpleApplication@43252f27
reloadAllAccessors: .Records

===========================================================================================
----------------- testing Sun Mar 22 13:26:55 UTC 2020 /home/travis/build/icyphy/ptII/ptolemy/domains/de/test/auto/ResetTransitionWithStartTime1.xml
----------------- Instantiating /home/travis/build/icyphy/ptII/ptolemy/domains/de/test/auto/ResetTransitionWithStartTime1.xml
6 ms. Memory: 175104K Free: 151552K (87%)
----------------- Invoking toplevel() on ptolemy.moml.MoMLSimpleApplication@3ac1e2a8
----------------- Done invoking toplevel() on ptolemy.moml.MoMLSimpleApplication@3ac1e2a8
reloadAllAccessors: .ResetTransitionWithStartTime1

===========================================================================================
----------------- testing Sun Mar 22 13:26:55 UTC 2020 /home/travis/build/icyphy/ptII/ptolemy/domains/de/test/auto/ResetTransitionWithStartTime2.xml
----------------- Instantiating /home/travis/build/icyphy/ptII/ptolemy/domains/de/test/auto/ResetTransitionWithStartTime2.xml
5 ms. Memory: 175104K Free: 143360K (82%)
----------------- Invoking toplevel() on ptolemy.moml.MoMLSimpleApplication@396c4ede
----------------- Done invoking toplevel() on ptolemy.moml.MoMLSimpleApplication@396c4ede
reloadAllAccessors: .ResetTransitionWithStartTime2

===========================================================================================
----------------- testing Sun Mar 22 13:26:55 UTC 2020 /home/travis/build/icyphy/ptII/ptolemy/domains/de/test/auto/ResetTransitionWithStartTime3.xml
----------------- Instantiating /home/travis/build/icyphy/ptII/ptolemy/domains/de/test/auto/ResetTransitionWithStartTime3.xml
5 ms. Memory: 175104K Free: 135168K (77%)
----------------- Invoking toplevel() on ptolemy.moml.MoMLSimpleApplication@55871484
----------------- Done invoking toplevel() on ptolemy.moml.MoMLSimpleApplication@55871484
reloadAllAccessors: .ResetTransitionWithStartTime3

===========================================================================================
----------------- testing Sun Mar 22 13:26:55 UTC 2020 /home/travis/build/icyphy/ptII/ptolemy/domains/de/test/auto/ResetTransitionWithStartTime4.xml
----------------- Instantiating /home/travis/build/icyphy/ptII/ptolemy/domains/de/test/auto/ResetTransitionWithStartTime4.xml
4 ms. Memory: 175104K Free: 127480K (73%)
----------------- Invoking toplevel() on ptolemy.moml.MoMLSimpleApplication@69ec886c
----------------- Done invoking toplevel() on ptolemy.moml.MoMLSimpleApplication@69ec886c
reloadAllAccessors: .ResetTransitionWithStartTime4

===========================================================================================
----------------- testing Sun Mar 22 13:26:55 UTC 2020 /home/travis/build/icyphy/ptII/ptolemy/domains/de/test/auto/ResettableTimer1.xml
----------------- Instantiating /home/travis/build/icyphy/ptII/ptolemy/domains/de/test/auto/ResettableTimer1.xml
1 ms. Memory: 175104K Free: 123360K (70%)
----------------- Invoking toplevel() on ptolemy.moml.MoMLSimpleApplication@4c9eeb80
----------------- Done invoking toplevel() on ptolemy.moml.MoMLSimpleApplication@4c9eeb80
reloadAllAccessors: .ResettableTimer1

===========================================================================================
----------------- testing Sun Mar 22 13:26:55 UTC 2020 /home/travis/build/icyphy/ptII/ptolemy/domains/de/test/auto/ResettableTimer2.xml
----------------- Instantiating /home/travis/build/icyphy/ptII/ptolemy/domains/de/test/auto/ResettableTimer2.xml
2 ms. Memory: 175104K Free: 119264K (68%)
----------------- Invoking toplevel() on ptolemy.moml.MoMLSimpleApplication@6f592d71
----------------- Done invoking toplevel() on ptolemy.moml.MoMLSimpleApplication@6f592d71
reloadAllAccessors: .ResettableTimer2

===========================================================================================
----------------- testing Sun Mar 22 13:26:55 UTC 2020 /home/travis/build/icyphy/ptII/ptolemy/domains/de/test/auto/ResettableTimer3.xml
----------------- Instantiating /home/travis/build/icyphy/ptII/ptolemy/domains/de/test/auto/ResettableTimer3.xml
1 ms. Memory: 175104K Free: 115198K (66%)
----------------- Invoking toplevel() on ptolemy.moml.MoMLSimpleApplication@71ad41d6
----------------- Done invoking toplevel() on ptolemy.moml.MoMLSimpleApplication@71ad41d6
reloadAllAccessors: .ResettableTimer3

===========================================================================================
----------------- testing Sun Mar 22 13:26:55 UTC 2020 /home/travis/build/icyphy/ptII/ptolemy/domains/de/test/auto/ResettableTimer4.xml
----------------- Instantiating /home/travis/build/icyphy/ptII/ptolemy/domains/de/test/auto/ResettableTimer4.xml
1 ms. Memory: 175104K Free: 111102K (63%)
----------------- Invoking toplevel() on ptolemy.moml.MoMLSimpleApplication@3303861e
----------------- Done invoking toplevel() on ptolemy.moml.MoMLSimpleApplication@3303861e
reloadAllAccessors: .ResettableTimer4

===========================================================================================
----------------- testing Sun Mar 22 13:26:55 UTC 2020 /home/travis/build/icyphy/ptII/ptolemy/domains/de/test/auto/ResettableTimer5.xml
----------------- Instantiating /home/travis/build/icyphy/ptII/ptolemy/domains/de/test/auto/ResettableTimer5.xml
1 ms. Memory: 175104K Free: 107006K (61%)
----------------- Invoking toplevel() on ptolemy.moml.MoMLSimpleApplication@247e1bf3
----------------- Done invoking toplevel() on ptolemy.moml.MoMLSimpleApplication@247e1bf3
reloadAllAccessors: .ResettableTimer5

===========================================================================================
----------------- testing Sun Mar 22 13:26:55 UTC 2020 /home/travis/build/icyphy/ptII/ptolemy/domains/de/test/auto/ResettableTimer6.xml
----------------- Instantiating /home/travis/build/icyphy/ptII/ptolemy/domains/de/test/auto/ResettableTimer6.xml
6 ms. Memory: 175104K Free: 102398K (58%)
----------------- Invoking toplevel() on ptolemy.moml.MoMLSimpleApplication@4c25d7ea
----------------- Done invoking toplevel() on ptolemy.moml.MoMLSimpleApplication@4c25d7ea
reloadAllAccessors: .ResettableTimer6

===========================================================================================
----------------- testing Sun Mar 22 13:26:55 UTC 2020 /home/travis/build/icyphy/ptII/ptolemy/domains/de/test/auto/ServerZeroDelay.xml
----------------- Instantiating /home/travis/build/icyphy/ptII/ptolemy/domains/de/test/auto/ServerZeroDelay.xml
2 ms. Memory: 175104K Free: 98304K (56%)
----------------- Invoking toplevel() on ptolemy.moml.MoMLSimpleApplication@50c0499a
----------------- Done invoking toplevel() on ptolemy.moml.MoMLSimpleApplication@50c0499a
reloadAllAccessors: .ServerZeroDelay

===========================================================================================
----------------- testing Sun Mar 22 13:26:55 UTC 2020 /home/travis/build/icyphy/ptII/ptolemy/domains/de/test/auto/SmartSender.xml
----------------- Instantiating /home/travis/build/icyphy/ptII/ptolemy/domains/de/test/auto/SmartSender.xml
3002 ms. Memory: 175104K Free: 94208K (54%)
----------------- Invoking toplevel() on ptolemy.moml.MoMLSimpleApplication@1d6b2dbd
----------------- Done invoking toplevel() on ptolemy.moml.MoMLSimpleApplication@1d6b2dbd
reloadAllAccessors: .SmartSender

===========================================================================================
----------------- testing Sun Mar 22 13:26:58 UTC 2020 /home/travis/build/icyphy/ptII/ptolemy/domains/de/test/auto/ThreadedComposite.xml
----------------- Instantiating /home/travis/build/icyphy/ptII/ptolemy/domains/de/test/auto/ThreadedComposite.xml
94 ms. Memory: 175104K Free: 74752K (43%)
----------------- Invoking toplevel() on ptolemy.moml.MoMLSimpleApplication@7960e1f2
----------------- Done invoking toplevel() on ptolemy.moml.MoMLSimpleApplication@7960e1f2
reloadAllAccessors: .ThreadedComposite

===========================================================================================
----------------- testing Sun Mar 22 13:26:59 UTC 2020 /home/travis/build/icyphy/ptII/ptolemy/domains/de/test/auto/Time.xml
----------------- Instantiating /home/travis/build/icyphy/ptII/ptolemy/domains/de/test/auto/Time.xml
348 ms. Memory: 175104K Free: 121420K (69%)
----------------- Invoking toplevel() on ptolemy.moml.MoMLSimpleApplication@4f4e30e9
----------------- Done invoking toplevel() on ptolemy.moml.MoMLSimpleApplication@4f4e30e9
reloadAllAccessors: .Time

===========================================================================================
----------------- testing Sun Mar 22 13:26:59 UTC 2020 /home/travis/build/icyphy/ptII/ptolemy/domains/de/test/auto/TimeDelayZeroDelay.xml
----------------- Instantiating /home/travis/build/icyphy/ptII/ptolemy/domains/de/test/auto/TimeDelayZeroDelay.xml
2 ms. Memory: 175104K Free: 117164K (67%)
----------------- Invoking toplevel() on ptolemy.moml.MoMLSimpleApplication@a99a866
----------------- Done invoking toplevel() on ptolemy.moml.MoMLSimpleApplication@a99a866
reloadAllAccessors: .TimeDelayZeroDelay

===========================================================================================
----------------- testing Sun Mar 22 13:26:59 UTC 2020 /home/travis/build/icyphy/ptII/ptolemy/domains/de/test/auto/TimerZeroDelay.xml
----------------- Instantiating /home/travis/build/icyphy/ptII/ptolemy/domains/de/test/auto/TimerZeroDelay.xml
2 ms. Memory: 175104K Free: 113068K (65%)
----------------- Invoking toplevel() on ptolemy.moml.MoMLSimpleApplication@e1cdc4b
----------------- Done invoking toplevel() on ptolemy.moml.MoMLSimpleApplication@e1cdc4b
reloadAllAccessors: .TimerZeroDelay

===========================================================================================
----------------- testing Sun Mar 22 13:26:59 UTC 2020 /home/travis/build/icyphy/ptII/ptolemy/domains/de/test/auto/TimingParadox.xml
----------------- Instantiating /home/travis/build/icyphy/ptII/ptolemy/domains/de/test/auto/TimingParadox.xml
245 ms. Memory: 175104K Free: 149008K (85%)
----------------- Invoking toplevel() on ptolemy.moml.MoMLSimpleApplication@75f0fd7
----------------- Done invoking toplevel() on ptolemy.moml.MoMLSimpleApplication@75f0fd7
reloadAllAccessors: .TimingParadox

===========================================================================================
----------------- testing Sun Mar 22 13:26:59 UTC 2020 /home/travis/build/icyphy/ptII/ptolemy/domains/de/test/auto/TransferInputs.xml
----------------- Instantiating /home/travis/build/icyphy/ptII/ptolemy/domains/de/test/auto/TransferInputs.xml
1 ms. Memory: 175104K Free: 143837K (82%)
----------------- Invoking toplevel() on ptolemy.moml.MoMLSimpleApplication@3dcb3d74
----------------- Done invoking toplevel() on ptolemy.moml.MoMLSimpleApplication@3dcb3d74
reloadAllAccessors: .TransferInputs

===========================================================================================
----------------- testing Sun Mar 22 13:26:59 UTC 2020 /home/travis/build/icyphy/ptII/ptolemy/domains/de/test/auto/TransferOutputs2.xml
----------------- Instantiating /home/travis/build/icyphy/ptII/ptolemy/domains/de/test/auto/TransferOutputs2.xml
2 ms. Memory: 175104K Free: 135675K (77%)
----------------- Invoking toplevel() on ptolemy.moml.MoMLSimpleApplication@3eeab78e
----------------- Done invoking toplevel() on ptolemy.moml.MoMLSimpleApplication@3eeab78e
reloadAllAccessors: .TransferOutputs2

===========================================================================================
----------------- testing Sun Mar 22 13:26:59 UTC 2020 /home/travis/build/icyphy/ptII/ptolemy/domains/de/test/auto/Trilateration.xml
----------------- Instantiating /home/travis/build/icyphy/ptII/ptolemy/domains/de/test/auto/Trilateration.xml
9371 ms. Memory: 396288K Free: 362948K (92%)
----------------- Invoking toplevel() on ptolemy.moml.MoMLSimpleApplication@5a3c4046
----------------- Done invoking toplevel() on ptolemy.moml.MoMLSimpleApplication@5a3c4046
reloadAllAccessors: .Trilateration

===========================================================================================
----------------- testing Sun Mar 22 13:27:09 UTC 2020 /home/travis/build/icyphy/ptII/ptolemy/domains/de/test/auto/TwoSigmaDelta.xml
----------------- Instantiating /home/travis/build/icyphy/ptII/ptolemy/domains/de/test/auto/TwoSigmaDelta.xml
1757 ms. Memory: 396288K Free: 162754K (41%)
----------------- Invoking toplevel() on ptolemy.moml.MoMLSimpleApplication@76e15231
----------------- Done invoking toplevel() on ptolemy.moml.MoMLSimpleApplication@76e15231
reloadAllAccessors: .TwoSigmaDelta

===========================================================================================
----------------- testing Sun Mar 22 13:27:11 UTC 2020 /home/travis/build/icyphy/ptII/ptolemy/domains/de/test/auto/VariableDelay.xml
----------------- Instantiating /home/travis/build/icyphy/ptII/ptolemy/domains/de/test/auto/VariableDelay.xml
3 ms. Memory: 396288K Free: 158148K (40%)
----------------- Invoking toplevel() on ptolemy.moml.MoMLSimpleApplication@6bc4c87
----------------- Done invoking toplevel() on ptolemy.moml.MoMLSimpleApplication@6bc4c87
reloadAllAccessors: .VariableDelay

===========================================================================================
----------------- testing Sun Mar 22 13:27:11 UTC 2020 /home/travis/build/icyphy/ptII/ptolemy/domains/de/test/auto/VariableDelay2.xml
----------------- Instantiating /home/travis/build/icyphy/ptII/ptolemy/domains/de/test/auto/VariableDelay2.xml
2 ms. Memory: 396288K Free: 153028K (39%)
----------------- Invoking toplevel() on ptolemy.moml.MoMLSimpleApplication@478e9b05
----------------- Done invoking toplevel() on ptolemy.moml.MoMLSimpleApplication@478e9b05
reloadAllAccessors: .VariableDelay2

===========================================================================================
----------------- testing Sun Mar 22 13:27:11 UTC 2020 /home/travis/build/icyphy/ptII/ptolemy/domains/de/test/auto/VariableDelayZeroDelay.xml
----------------- Instantiating /home/travis/build/icyphy/ptII/ptolemy/domains/de/test/auto/VariableDelayZeroDelay.xml
2 ms. Memory: 396288K Free: 148932K (38%)
----------------- Invoking toplevel() on ptolemy.moml.MoMLSimpleApplication@7c88935b
----------------- Done invoking toplevel() on ptolemy.moml.MoMLSimpleApplication@7c88935b
reloadAllAccessors: .VariableDelayZeroDelay

===========================================================================================
----------------- testing Sun Mar 22 13:27:11 UTC 2020 /home/travis/build/icyphy/ptII/ptolemy/domains/de/test/auto/VariableDelayZeroDelay2.xml
----------------- Instantiating /home/travis/build/icyphy/ptII/ptolemy/domains/de/test/auto/VariableDelayZeroDelay2.xml
2 ms. Memory: 396288K Free: 144322K (36%)
----------------- Invoking toplevel() on ptolemy.moml.MoMLSimpleApplication@698c901
----------------- Done invoking toplevel() on ptolemy.moml.MoMLSimpleApplication@698c901
reloadAllAccessors: .VariableDelayZeroDelay2

===========================================================================================
----------------- testing Sun Mar 22 13:27:11 UTC 2020 /home/travis/build/icyphy/ptII/ptolemy/domains/de/test/auto/deInCt.xml
----------------- Instantiating /home/travis/build/icyphy/ptII/ptolemy/domains/de/test/auto/deInCt.xml
0
1
1
1
0
0
1
1
1
0
0
0
1
1
1
0
0
0
0
1
1
1
1
0
0
0
1
1
1
1
1
1
1
7 ms. Memory: 396288K Free: 139202K (35%)
----------------- Invoking toplevel() on ptolemy.moml.MoMLSimpleApplication@16b397d
----------------- Done invoking toplevel() on ptolemy.moml.MoMLSimpleApplication@16b397d
reloadAllAccessors: .deInCt

===========================================================================================
----------------- testing Sun Mar 22 13:27:11 UTC 2020 /home/travis/build/icyphy/ptII/ptolemy/domains/de/test/auto/deInCt2.xml
----------------- Instantiating /home/travis/build/icyphy/ptII/ptolemy/domains/de/test/auto/deInCt2.xml
0
1
1
1
0
0
1
1
1
0
0
1
1
1
0
0
1
1
1
0
0
1
1
1
0
0
1
1
1
0
0
1
1
1
0
0
1
1
1
0
0
0
6 ms. Memory: 396288K Free: 134076K (34%)
----------------- Invoking toplevel() on ptolemy.moml.MoMLSimpleApplication@77d8dba2
----------------- Done invoking toplevel() on ptolemy.moml.MoMLSimpleApplication@77d8dba2
reloadAllAccessors: .deInCt2

===========================================================================================
----------------- testing Sun Mar 22 13:27:11 UTC 2020 /home/travis/build/icyphy/ptII/ptolemy/domains/de/test/auto/dynamicCausalityInterface1.xml
----------------- Instantiating /home/travis/build/icyphy/ptII/ptolemy/domains/de/test/auto/dynamicCausalityInterface1.xml
1 ms. Memory: 396288K Free: 361199K (91%)
----------------- Invoking toplevel() on ptolemy.moml.MoMLSimpleApplication@6ad93637
----------------- Done invoking toplevel() on ptolemy.moml.MoMLSimpleApplication@6ad93637
reloadAllAccessors: .dynamicCausalityInterface1

===========================================================================================
----------------- testing Sun Mar 22 13:27:11 UTC 2020 /home/travis/build/icyphy/ptII/ptolemy/domains/de/test/auto/fsm_de_test.xml
----------------- Instantiating /home/travis/build/icyphy/ptII/ptolemy/domains/de/test/auto/fsm_de_test.xml
5 ms. Memory: 396288K Free: 351999K (89%)
----------------- Invoking toplevel() on ptolemy.moml.MoMLSimpleApplication@5a1b37ec
----------------- Done invoking toplevel() on ptolemy.moml.MoMLSimpleApplication@5a1b37ec
reloadAllAccessors: .fsm_de_test

===========================================================================================
----------------- testing Sun Mar 22 13:27:11 UTC 2020 /home/travis/build/icyphy/ptII/ptolemy/domains/de/test/auto/functionDependencyReconstruction.xml
----------------- Instantiating /home/travis/build/icyphy/ptII/ptolemy/domains/de/test/auto/functionDependencyReconstruction.xml
2 ms. Memory: 396288K Free: 337167K (85%)
----------------- Invoking toplevel() on ptolemy.moml.MoMLSimpleApplication@1ebfef08
----------------- Done invoking toplevel() on ptolemy.moml.MoMLSimpleApplication@1ebfef08
reloadAllAccessors: .functionDependencyReconstruction

===========================================================================================
----------------- testing Sun Mar 22 13:27:11 UTC 2020 /home/travis/build/icyphy/ptII/ptolemy/domains/de/test/auto/multirate.xml
----------------- Instantiating /home/travis/build/icyphy/ptII/ptolemy/domains/de/test/auto/multirate.xml
2 ms. Memory: 396288K Free: 330495K (83%)
----------------- Invoking toplevel() on ptolemy.moml.MoMLSimpleApplication@21a1be8
----------------- Done invoking toplevel() on ptolemy.moml.MoMLSimpleApplication@21a1be8
reloadAllAccessors: .multirate

===========================================================================================
----------------- testing Sun Mar 22 13:27:11 UTC 2020 /home/travis/build/icyphy/ptII/ptolemy/domains/de/test/auto/multirate2.xml
----------------- Instantiating /home/travis/build/icyphy/ptII/ptolemy/domains/de/test/auto/multirate2.xml
2 ms. Memory: 396288K Free: 323855K (82%)
----------------- Invoking toplevel() on ptolemy.moml.MoMLSimpleApplication@33003f9b
----------------- Done invoking toplevel() on ptolemy.moml.MoMLSimpleApplication@33003f9b
reloadAllAccessors: .multirate2

===========================================================================================
----------------- testing Sun Mar 22 13:27:11 UTC 2020 /home/travis/build/icyphy/ptII/ptolemy/domains/de/test/auto/realtime.xml
----------------- Instantiating /home/travis/build/icyphy/ptII/ptolemy/domains/de/test/auto/realtime.xml
10001 ms. Memory: 396288K Free: 319245K (81%)
----------------- Invoking toplevel() on ptolemy.moml.MoMLSimpleApplication@1d4677df
----------------- Done invoking toplevel() on ptolemy.moml.MoMLSimpleApplication@1d4677df
reloadAllAccessors: .realtime

===========================================================================================
----------------- testing Sun Mar 22 13:27:21 UTC 2020 /home/travis/build/icyphy/ptII/ptolemy/domains/de/test/auto/relationGroup.xml
----------------- Instantiating /home/travis/build/icyphy/ptII/ptolemy/domains/de/test/auto/relationGroup.xml
1 ms. Memory: 396288K Free: 315663K (80%)
----------------- Invoking toplevel() on ptolemy.moml.MoMLSimpleApplication@2c726a0f
----------------- Done invoking toplevel() on ptolemy.moml.MoMLSimpleApplication@2c726a0f
reloadAllAccessors: .relationGroup

===========================================================================================
----------------- testing Sun Mar 22 13:27:21 UTC 2020 /home/travis/build/icyphy/ptII/ptolemy/domains/de/test/auto/relationGroup2.xml
----------------- Instantiating /home/travis/build/icyphy/ptII/ptolemy/domains/de/test/auto/relationGroup2.xml
1 ms. Memory: 396288K Free: 312077K (79%)
----------------- Invoking toplevel() on ptolemy.moml.MoMLSimpleApplication@6b834327
----------------- Done invoking toplevel() on ptolemy.moml.MoMLSimpleApplication@6b834327
reloadAllAccessors: .relationGroup2

===========================================================================================
----------------- testing Sun Mar 22 13:27:21 UTC 2020 /home/travis/build/icyphy/ptII/ptolemy/domains/de/test/auto/sortWithOpaquePorts.xml
----------------- Instantiating /home/travis/build/icyphy/ptII/ptolemy/domains/de/test/auto/sortWithOpaquePorts.xml
1 ms. Memory: 396288K Free: 307471K (78%)
----------------- Invoking toplevel() on ptolemy.moml.MoMLSimpleApplication@38aa7046
----------------- Done invoking toplevel() on ptolemy.moml.MoMLSimpleApplication@38aa7046
reloadAllAccessors: .sortWithOpaquePorts

===========================================================================================
----------------- testing Sun Mar 22 13:27:21 UTC 2020 /home/travis/build/icyphy/ptII/ptolemy/domains/de/test/auto/transferInputsandOutputs.xml
----------------- Instantiating /home/travis/build/icyphy/ptII/ptolemy/domains/de/test/auto/transferInputsandOutputs.xml
2 ms. Memory: 396288K Free: 300303K (76%)
----------------- Invoking toplevel() on ptolemy.moml.MoMLSimpleApplication@25d4c260
----------------- Done invoking toplevel() on ptolemy.moml.MoMLSimpleApplication@25d4c260
reloadAllAccessors: .transferInputsandOutputs

===========================================================================================
----------------- testing Sun Mar 22 13:27:21 UTC 2020 /home/travis/build/icyphy/ptII/ptolemy/domains/de/test/auto/triggerType.xml
----------------- Instantiating /home/travis/build/icyphy/ptII/ptolemy/domains/de/test/auto/triggerType.xml
1 ms. Memory: 396288K Free: 296207K (75%)
----------------- Invoking toplevel() on ptolemy.moml.MoMLSimpleApplication@1074e464
----------------- Done invoking toplevel() on ptolemy.moml.MoMLSimpleApplication@1074e464
reloadAllAccessors: .triggerType
AutoTests.java: About to close Vertx.
AutoTests.java: Vertx closed.
]]></system-out>
  <system-err><![CDATA[java.lang.RuntimeException: Execution failed
	at ptolemy.moml.MoMLSimpleApplication$UnloadThread.run(MoMLSimpleApplication.java:402)
Caused by: ptolemy.kernel.util.IllegalActionException: Found a zero delay loop containing .dependencyLoop.original
  in .dependencyLoop and .dependencyLoop.original
	at ptolemy.actor.util.CausalityInterfaceForComposites._computeOutputPortDepth(CausalityInterfaceForComposites.java:759)
	at ptolemy.actor.util.CausalityInterfaceForComposites._computeInputDepth(CausalityInterfaceForComposites.java:696)
	at ptolemy.actor.util.CausalityInterfaceForComposites._computeOutputPortDepth(CausalityInterfaceForComposites.java:765)
	at ptolemy.actor.util.CausalityInterfaceForComposites._computeInputDepth(CausalityInterfaceForComposites.java:696)
	at ptolemy.actor.util.CausalityInterfaceForComposites._computeOutputPortDepth(CausalityInterfaceForComposites.java:765)
	at ptolemy.actor.util.CausalityInterfaceForComposites._computeInputDepth(CausalityInterfaceForComposites.java:696)
	at ptolemy.actor.util.CausalityInterfaceForComposites._computeActorDepth(CausalityInterfaceForComposites.java:532)
	at ptolemy.actor.util.CausalityInterfaceForComposites.checkForCycles(CausalityInterfaceForComposites.java:96)
	at ptolemy.domains.de.kernel.DEDirector.preinitialize(DEDirector.java:1338)
	at ptolemy.actor.CompositeActor.preinitialize(CompositeActor.java:1828)
	at ptolemy.actor.Manager.preinitializeAndResolveTypes(Manager.java:1040)
	at ptolemy.actor.Manager.initialize(Manager.java:710)
	at ptolemy.actor.Manager.execute(Manager.java:356)
	at ptolemy.actor.Manager.run(Manager.java:1263)
	at ptolemy.actor.Manager$PtolemyRunThread.run(Manager.java:1933)
java.lang.RuntimeException: Execution failed
	at ptolemy.moml.MoMLSimpleApplication$UnloadThread.run(MoMLSimpleApplication.java:402)
Caused by: ptolemy.kernel.util.IllegalActionException: Found a zero delay loop containing .dependencyLoop2.original
  in .dependencyLoop2 and .dependencyLoop2.original
	at ptolemy.actor.util.CausalityInterfaceForComposites._computeOutputPortDepth(CausalityInterfaceForComposites.java:759)
	at ptolemy.actor.util.CausalityInterfaceForComposites._computeInputDepth(CausalityInterfaceForComposites.java:696)
	at ptolemy.actor.util.CausalityInterfaceForComposites._computeOutputPortDepth(CausalityInterfaceForComposites.java:765)
	at ptolemy.actor.util.CausalityInterfaceForComposites._computeInputDepth(CausalityInterfaceForComposites.java:696)
	at ptolemy.actor.util.CausalityInterfaceForComposites._computeOutputPortDepth(CausalityInterfaceForComposites.java:765)
	at ptolemy.actor.util.CausalityInterfaceForComposites._computeInputDepth(CausalityInterfaceForComposites.java:696)
	at ptolemy.actor.util.CausalityInterfaceForComposites._computeActorDepth(CausalityInterfaceForComposites.java:532)
	at ptolemy.actor.util.CausalityInterfaceForComposites.checkForCycles(CausalityInterfaceForComposites.java:96)
	at ptolemy.domains.de.kernel.DEDirector.preinitialize(DEDirector.java:1338)
	at ptolemy.actor.CompositeActor.preinitialize(CompositeActor.java:1828)
	at ptolemy.actor.Manager.preinitializeAndResolveTypes(Manager.java:1040)
	at ptolemy.actor.Manager.initialize(Manager.java:710)
	at ptolemy.actor.Manager.execute(Manager.java:356)
	at ptolemy.actor.Manager.run(Manager.java:1263)
	at ptolemy.actor.Manager$PtolemyRunThread.run(Manager.java:1933)
java.lang.RuntimeException: Execution failed
	at ptolemy.moml.MoMLSimpleApplication$UnloadThread.run(MoMLSimpleApplication.java:402)
Caused by: ptolemy.kernel.util.IllegalActionException: Test fails in iteration 1.
Value was: 1.0. Should have been: 2.0
  in .DirectFeedback.Test
	at ptolemy.actor.lib.Test.fire(Test.java:268)
	at ptolemy.domains.de.kernel.DEDirector._fire(DEDirector.java:1949)
	at ptolemy.domains.de.kernel.DEDirector.fire(DEDirector.java:502)
	at ptolemy.actor.CompositeActor.fire(CompositeActor.java:455)
	at ptolemy.actor.Manager.iterate(Manager.java:851)
	at ptolemy.actor.Manager.execute(Manager.java:369)
	at ptolemy.actor.Manager.run(Manager.java:1263)
	at ptolemy.actor.Manager$PtolemyRunThread.run(Manager.java:1933)
java.lang.RuntimeException: Execution failed
	at ptolemy.moml.MoMLSimpleApplication$UnloadThread.run(MoMLSimpleApplication.java:402)
Caused by: ptolemy.kernel.util.IllegalActionException: Found a zero delay loop containing .dependencyLoop.original
  in .dependencyLoop and .dependencyLoop.original
	at ptolemy.actor.util.CausalityInterfaceForComposites._computeOutputPortDepth(CausalityInterfaceForComposites.java:759)
	at ptolemy.actor.util.CausalityInterfaceForComposites._computeInputDepth(CausalityInterfaceForComposites.java:696)
	at ptolemy.actor.util.CausalityInterfaceForComposites._computeOutputPortDepth(CausalityInterfaceForComposites.java:765)
	at ptolemy.actor.util.CausalityInterfaceForComposites._computeInputDepth(CausalityInterfaceForComposites.java:696)
	at ptolemy.actor.util.CausalityInterfaceForComposites._computeOutputPortDepth(CausalityInterfaceForComposites.java:765)
	at ptolemy.actor.util.CausalityInterfaceForComposites._computeInputDepth(CausalityInterfaceForComposites.java:696)
	at ptolemy.actor.util.CausalityInterfaceForComposites._computeActorDepth(CausalityInterfaceForComposites.java:532)
	at ptolemy.actor.util.CausalityInterfaceForComposites.checkForCycles(CausalityInterfaceForComposites.java:96)
	at ptolemy.domains.de.kernel.DEDirector.preinitialize(DEDirector.java:1338)
	at ptolemy.actor.CompositeActor.preinitialize(CompositeActor.java:1828)
	at ptolemy.actor.Manager.preinitializeAndResolveTypes(Manager.java:1040)
	at ptolemy.actor.Manager.initialize(Manager.java:710)
	at ptolemy.actor.Manager.execute(Manager.java:356)
	at ptolemy.actor.Manager.run(Manager.java:1263)
	at ptolemy.actor.Manager$PtolemyRunThread.run(Manager.java:1933)
java.lang.RuntimeException: Execution failed
	at ptolemy.moml.MoMLSimpleApplication$UnloadThread.run(MoMLSimpleApplication.java:402)
Caused by: ptolemy.kernel.util.IllegalActionException: Found a zero delay loop containing .HierarchicalModel.A
  in .HierarchicalModel and .HierarchicalModel.A
	at ptolemy.actor.util.CausalityInterfaceForComposites._computeOutputPortDepth(CausalityInterfaceForComposites.java:759)
	at ptolemy.actor.util.CausalityInterfaceForComposites._computeInputDepth(CausalityInterfaceForComposites.java:696)
	at ptolemy.actor.util.CausalityInterfaceForComposites._computeOutputPortDepth(CausalityInterfaceForComposites.java:765)
	at ptolemy.actor.util.CausalityInterfaceForComposites._computeInputDepth(CausalityInterfaceForComposites.java:696)
	at ptolemy.actor.util.CausalityInterfaceForComposites._computeOutputPortDepth(CausalityInterfaceForComposites.java:765)
	at ptolemy.actor.util.CausalityInterfaceForComposites._computeInputDepth(CausalityInterfaceForComposites.java:696)
	at ptolemy.actor.util.CausalityInterfaceForComposites._computeActorDepth(CausalityInterfaceForComposites.java:532)
	at ptolemy.actor.util.CausalityInterfaceForComposites.checkForCycles(CausalityInterfaceForComposites.java:96)
	at ptolemy.domains.de.kernel.DEDirector.preinitialize(DEDirector.java:1338)
	at ptolemy.actor.CompositeActor.preinitialize(CompositeActor.java:1828)
	at ptolemy.actor.Manager.preinitializeAndResolveTypes(Manager.java:1040)
	at ptolemy.actor.Manager.initialize(Manager.java:710)
	at ptolemy.actor.Manager.execute(Manager.java:356)
	at ptolemy.actor.Manager.run(Manager.java:1263)
	at ptolemy.actor.Manager$PtolemyRunThread.run(Manager.java:1933)
java.lang.RuntimeException: Execution failed
	at ptolemy.moml.MoMLSimpleApplication$UnloadThread.run(MoMLSimpleApplication.java:402)
Caused by: ptolemy.kernel.util.IllegalActionException: Found a zero delay loop containing .dependencyLoop2.original
  in .dependencyLoop2 and .dependencyLoop2.original
	at ptolemy.actor.util.CausalityInterfaceForComposites._computeOutputPortDepth(CausalityInterfaceForComposites.java:759)
	at ptolemy.actor.util.CausalityInterfaceForComposites._computeInputDepth(CausalityInterfaceForComposites.java:696)
	at ptolemy.actor.util.CausalityInterfaceForComposites._computeOutputPortDepth(CausalityInterfaceForComposites.java:765)
	at ptolemy.actor.util.CausalityInterfaceForComposites._computeInputDepth(CausalityInterfaceForComposites.java:696)
	at ptolemy.actor.util.CausalityInterfaceForComposites._computeOutputPortDepth(CausalityInterfaceForComposites.java:765)
	at ptolemy.actor.util.CausalityInterfaceForComposites._computeInputDepth(CausalityInterfaceForComposites.java:696)
	at ptolemy.actor.util.CausalityInterfaceForComposites._computeActorDepth(CausalityInterfaceForComposites.java:532)
	at ptolemy.actor.util.CausalityInterfaceForComposites.checkForCycles(CausalityInterfaceForComposites.java:96)
	at ptolemy.domains.de.kernel.DEDirector.preinitialize(DEDirector.java:1338)
	at ptolemy.actor.CompositeActor.preinitialize(CompositeActor.java:1828)
	at ptolemy.actor.Manager.preinitializeAndResolveTypes(Manager.java:1040)
	at ptolemy.actor.Manager.initialize(Manager.java:710)
	at ptolemy.actor.Manager.execute(Manager.java:356)
	at ptolemy.actor.Manager.run(Manager.java:1263)
	at ptolemy.actor.Manager$PtolemyRunThread.run(Manager.java:1933)
java.lang.RuntimeException: Execution failed
	at ptolemy.moml.MoMLSimpleApplication$UnloadThread.run(MoMLSimpleApplication.java:402)
Caused by: ptolemy.kernel.util.IllegalActionException: Actor is not ready to fire.  Perhaps UpSample.prefire() returned false? Try debugging the actor by selecting "Listen to Actor".  Also, for SDF check moml for tokenConsumptionRate on input.
  in .DESDFClockTest.Play Bell.Copy1:SDF Director and .DESDFClockTest.Play Bell.UpSample
	at ptolemy.actor.sched.StaticSchedulingDirector.fire(StaticSchedulingDirector.java:227)
	at ptolemy.domains.sdf.kernel.SDFDirector.fire(SDFDirector.java:500)
	at ptolemy.actor.CompositeActor.fire(CompositeActor.java:455)
	at ptolemy.domains.de.kernel.DEDirector._fire(DEDirector.java:1949)
	at ptolemy.domains.de.kernel.DEDirector.fire(DEDirector.java:502)
	at ptolemy.actor.CompositeActor.fire(CompositeActor.java:455)
	at ptolemy.actor.Manager.iterate(Manager.java:851)
	at ptolemy.actor.Manager.execute(Manager.java:369)
	at ptolemy.actor.Manager.run(Manager.java:1263)
	at ptolemy.actor.Manager$PtolemyRunThread.run(Manager.java:1933)
java.lang.RuntimeException: Execution failed
	at ptolemy.moml.MoMLSimpleApplication$UnloadThread.run(MoMLSimpleApplication.java:402)
Caused by: ptolemy.kernel.util.IllegalActionException: Actor is not ready to fire.  Perhaps UpSample.prefire() returned false? Try debugging the actor by selecting "Listen to Actor".  Also, for SDF check moml for tokenConsumptionRate on input.
  in .DESDFClockTest.Play Bell.Copy1:SDF Director and .DESDFClockTest.Play Bell.UpSample
	at ptolemy.actor.sched.StaticSchedulingDirector.fire(StaticSchedulingDirector.java:227)
	at ptolemy.domains.sdf.kernel.SDFDirector.fire(SDFDirector.java:500)
	at ptolemy.actor.CompositeActor.fire(CompositeActor.java:455)
	at ptolemy.domains.de.kernel.DEDirector._fire(DEDirector.java:1949)
	at ptolemy.domains.de.kernel.DEDirector.fire(DEDirector.java:502)
	at ptolemy.actor.CompositeActor.fire(CompositeActor.java:455)
	at ptolemy.actor.Manager.iterate(Manager.java:851)
	at ptolemy.actor.Manager.execute(Manager.java:369)
	at ptolemy.actor.Manager.run(Manager.java:1263)
	at ptolemy.actor.Manager$PtolemyRunThread.run(Manager.java:1933)
java.lang.reflect.InvocationTargetException
	at java.base/jdk.internal.reflect.NativeConstructorAccessorImpl.newInstance0(Native Method)
	at java.base/jdk.internal.reflect.NativeConstructorAccessorImpl.newInstance(NativeConstructorAccessorImpl.java:62)
	at java.base/jdk.internal.reflect.DelegatingConstructorAccessorImpl.newInstance(DelegatingConstructorAccessorImpl.java:45)
	at java.base/java.lang.reflect.Constructor.newInstance(Constructor.java:490)
	at ptolemy.util.test.junit.AutoKnownFailedTests.RunModel(AutoKnownFailedTests.java:105)
	at java.base/jdk.internal.reflect.NativeMethodAccessorImpl.invoke0(Native Method)
	at java.base/jdk.internal.reflect.NativeMethodAccessorImpl.invoke(NativeMethodAccessorImpl.java:62)
	at java.base/jdk.internal.reflect.DelegatingMethodAccessorImpl.invoke(DelegatingMethodAccessorImpl.java:43)
	at java.base/java.lang.reflect.Method.invoke(Method.java:566)
	at org.junit.runners.model.FrameworkMethod$1.runReflectiveCall(FrameworkMethod.java:44)
	at org.junit.internal.runners.model.ReflectiveCallable.run(ReflectiveCallable.java:15)
	at org.junit.runners.model.FrameworkMethod.invokeExplosively(FrameworkMethod.java:41)
	at junitparams.internal.InvokeParameterisedMethod.evaluate(InvokeParameterisedMethod.java:102)
	at org.junit.internal.runners.statements.FailOnTimeout$1.run(FailOnTimeout.java:28)
Caused by: ptolemy.kernel.util.IllegalActionException: Actor is not ready to fire.  Perhaps UpSample.prefire() returned false? Try debugging the actor by selecting "Listen to Actor".  Also, for SDF check moml for tokenConsumptionRate on input.
  in .DESDFClockTest.Play Bell.Copy1:SDF Director and .DESDFClockTest.Play Bell.UpSample
	at ptolemy.actor.sched.StaticSchedulingDirector.fire(StaticSchedulingDirector.java:227)
	at ptolemy.domains.sdf.kernel.SDFDirector.fire(SDFDirector.java:500)
	at ptolemy.actor.CompositeActor.fire(CompositeActor.java:455)
	at ptolemy.domains.de.kernel.DEDirector._fire(DEDirector.java:1949)
	at ptolemy.domains.de.kernel.DEDirector.fire(DEDirector.java:502)
	at ptolemy.actor.CompositeActor.fire(CompositeActor.java:455)
	at ptolemy.actor.Manager.iterate(Manager.java:851)
	at ptolemy.actor.Manager.execute(Manager.java:369)
	at ptolemy.actor.Manager.run(Manager.java:1263)
	at ptolemy.actor.Manager$PtolemyRunThread.run(Manager.java:1933)
java.lang.RuntimeException: Execution failed
	at ptolemy.moml.MoMLSimpleApplication$UnloadThread.run(MoMLSimpleApplication.java:402)
Caused by: ptolemy.kernel.util.IllegalActionException: Test fails in iteration 1.
Value was: 1.0. Should have been: 2.0
  in .DirectFeedback.Test
	at ptolemy.actor.lib.Test.fire(Test.java:268)
	at ptolemy.domains.de.kernel.DEDirector._fire(DEDirector.java:1949)
	at ptolemy.domains.de.kernel.DEDirector.fire(DEDirector.java:502)
	at ptolemy.actor.CompositeActor.fire(CompositeActor.java:455)
	at ptolemy.actor.Manager.iterate(Manager.java:851)
	at ptolemy.actor.Manager.execute(Manager.java:369)
	at ptolemy.actor.Manager.run(Manager.java:1263)
	at ptolemy.actor.Manager$PtolemyRunThread.run(Manager.java:1933)
java.lang.reflect.InvocationTargetException
	at java.base/jdk.internal.reflect.NativeConstructorAccessorImpl.newInstance0(Native Method)
	at java.base/jdk.internal.reflect.NativeConstructorAccessorImpl.newInstance(NativeConstructorAccessorImpl.java:62)
	at java.base/jdk.internal.reflect.DelegatingConstructorAccessorImpl.newInstance(DelegatingConstructorAccessorImpl.java:45)
	at java.base/java.lang.reflect.Constructor.newInstance(Constructor.java:490)
	at ptolemy.util.test.junit.AutoKnownFailedTests.RunModel(AutoKnownFailedTests.java:105)
	at java.base/jdk.internal.reflect.NativeMethodAccessorImpl.invoke0(Native Method)
	at java.base/jdk.internal.reflect.NativeMethodAccessorImpl.invoke(NativeMethodAccessorImpl.java:62)
	at java.base/jdk.internal.reflect.DelegatingMethodAccessorImpl.invoke(DelegatingMethodAccessorImpl.java:43)
	at java.base/java.lang.reflect.Method.invoke(Method.java:566)
	at org.junit.runners.model.FrameworkMethod$1.runReflectiveCall(FrameworkMethod.java:44)
	at org.junit.internal.runners.model.ReflectiveCallable.run(ReflectiveCallable.java:15)
	at org.junit.runners.model.FrameworkMethod.invokeExplosively(FrameworkMethod.java:41)
	at junitparams.internal.InvokeParameterisedMethod.evaluate(InvokeParameterisedMethod.java:102)
	at org.junit.internal.runners.statements.FailOnTimeout$1.run(FailOnTimeout.java:28)
Caused by: ptolemy.kernel.util.IllegalActionException: Test fails in iteration 1.
Value was: 1.0. Should have been: 2.0
  in .DirectFeedback.Test
	at ptolemy.actor.lib.Test.fire(Test.java:268)
	at ptolemy.domains.de.kernel.DEDirector._fire(DEDirector.java:1949)
	at ptolemy.domains.de.kernel.DEDirector.fire(DEDirector.java:502)
	at ptolemy.actor.CompositeActor.fire(CompositeActor.java:455)
	at ptolemy.actor.Manager.iterate(Manager.java:851)
	at ptolemy.actor.Manager.execute(Manager.java:369)
	at ptolemy.actor.Manager.run(Manager.java:1263)
	at ptolemy.actor.Manager$PtolemyRunThread.run(Manager.java:1933)
java.lang.RuntimeException: Execution failed
	at ptolemy.moml.MoMLSimpleApplication$UnloadThread.run(MoMLSimpleApplication.java:402)
Caused by: ptolemy.kernel.util.IllegalActionException: Found a zero delay loop containing .HierarchicalModel.A
  in .HierarchicalModel and .HierarchicalModel.A
	at ptolemy.actor.util.CausalityInterfaceForComposites._computeOutputPortDepth(CausalityInterfaceForComposites.java:759)
	at ptolemy.actor.util.CausalityInterfaceForComposites._computeInputDepth(CausalityInterfaceForComposites.java:696)
	at ptolemy.actor.util.CausalityInterfaceForComposites._computeOutputPortDepth(CausalityInterfaceForComposites.java:765)
	at ptolemy.actor.util.CausalityInterfaceForComposites._computeInputDepth(CausalityInterfaceForComposites.java:696)
	at ptolemy.actor.util.CausalityInterfaceForComposites._computeOutputPortDepth(CausalityInterfaceForComposites.java:765)
	at ptolemy.actor.util.CausalityInterfaceForComposites._computeInputDepth(CausalityInterfaceForComposites.java:696)
	at ptolemy.actor.util.CausalityInterfaceForComposites._computeActorDepth(CausalityInterfaceForComposites.java:532)
	at ptolemy.actor.util.CausalityInterfaceForComposites.checkForCycles(CausalityInterfaceForComposites.java:96)
	at ptolemy.domains.de.kernel.DEDirector.preinitialize(DEDirector.java:1338)
	at ptolemy.actor.CompositeActor.preinitialize(CompositeActor.java:1828)
	at ptolemy.actor.Manager.preinitializeAndResolveTypes(Manager.java:1040)
	at ptolemy.actor.Manager.initialize(Manager.java:710)
	at ptolemy.actor.Manager.execute(Manager.java:356)
	at ptolemy.actor.Manager.run(Manager.java:1263)
	at ptolemy.actor.Manager$PtolemyRunThread.run(Manager.java:1933)
java.lang.reflect.InvocationTargetException
	at java.base/jdk.internal.reflect.NativeConstructorAccessorImpl.newInstance0(Native Method)
	at java.base/jdk.internal.reflect.NativeConstructorAccessorImpl.newInstance(NativeConstructorAccessorImpl.java:62)
	at java.base/jdk.internal.reflect.DelegatingConstructorAccessorImpl.newInstance(DelegatingConstructorAccessorImpl.java:45)
	at java.base/java.lang.reflect.Constructor.newInstance(Constructor.java:490)
	at ptolemy.util.test.junit.AutoKnownFailedTests.RunModel(AutoKnownFailedTests.java:105)
	at java.base/jdk.internal.reflect.NativeMethodAccessorImpl.invoke0(Native Method)
	at java.base/jdk.internal.reflect.NativeMethodAccessorImpl.invoke(NativeMethodAccessorImpl.java:62)
	at java.base/jdk.internal.reflect.DelegatingMethodAccessorImpl.invoke(DelegatingMethodAccessorImpl.java:43)
	at java.base/java.lang.reflect.Method.invoke(Method.java:566)
	at org.junit.runners.model.FrameworkMethod$1.runReflectiveCall(FrameworkMethod.java:44)
	at org.junit.internal.runners.model.ReflectiveCallable.run(ReflectiveCallable.java:15)
	at org.junit.runners.model.FrameworkMethod.invokeExplosively(FrameworkMethod.java:41)
	at junitparams.internal.InvokeParameterisedMethod.evaluate(InvokeParameterisedMethod.java:102)
	at org.junit.internal.runners.statements.FailOnTimeout$1.run(FailOnTimeout.java:28)
Caused by: ptolemy.kernel.util.IllegalActionException: Found a zero delay loop containing .HierarchicalModel.A
  in .HierarchicalModel and .HierarchicalModel.A
	at ptolemy.actor.util.CausalityInterfaceForComposites._computeOutputPortDepth(CausalityInterfaceForComposites.java:759)
	at ptolemy.actor.util.CausalityInterfaceForComposites._computeInputDepth(CausalityInterfaceForComposites.java:696)
	at ptolemy.actor.util.CausalityInterfaceForComposites._computeOutputPortDepth(CausalityInterfaceForComposites.java:765)
	at ptolemy.actor.util.CausalityInterfaceForComposites._computeInputDepth(CausalityInterfaceForComposites.java:696)
	at ptolemy.actor.util.CausalityInterfaceForComposites._computeOutputPortDepth(CausalityInterfaceForComposites.java:765)
	at ptolemy.actor.util.CausalityInterfaceForComposites._computeInputDepth(CausalityInterfaceForComposites.java:696)
	at ptolemy.actor.util.CausalityInterfaceForComposites._computeActorDepth(CausalityInterfaceForComposites.java:532)
	at ptolemy.actor.util.CausalityInterfaceForComposites.checkForCycles(CausalityInterfaceForComposites.java:96)
	at ptolemy.domains.de.kernel.DEDirector.preinitialize(DEDirector.java:1338)
	at ptolemy.actor.CompositeActor.preinitialize(CompositeActor.java:1828)
	at ptolemy.actor.Manager.preinitializeAndResolveTypes(Manager.java:1040)
	at ptolemy.actor.Manager.initialize(Manager.java:710)
	at ptolemy.actor.Manager.execute(Manager.java:356)
	at ptolemy.actor.Manager.run(Manager.java:1263)
	at ptolemy.actor.Manager$PtolemyRunThread.run(Manager.java:1933)
java.lang.RuntimeException: Execution failed
	at ptolemy.moml.MoMLSimpleApplication$UnloadThread.run(MoMLSimpleApplication.java:402)
Caused by: ptolemy.kernel.util.IllegalActionException: Found a zero delay loop containing .dependencyLoop.original
  in .dependencyLoop and .dependencyLoop.original
	at ptolemy.actor.util.CausalityInterfaceForComposites._computeOutputPortDepth(CausalityInterfaceForComposites.java:759)
	at ptolemy.actor.util.CausalityInterfaceForComposites._computeInputDepth(CausalityInterfaceForComposites.java:696)
	at ptolemy.actor.util.CausalityInterfaceForComposites._computeOutputPortDepth(CausalityInterfaceForComposites.java:765)
	at ptolemy.actor.util.CausalityInterfaceForComposites._computeInputDepth(CausalityInterfaceForComposites.java:696)
	at ptolemy.actor.util.CausalityInterfaceForComposites._computeOutputPortDepth(CausalityInterfaceForComposites.java:765)
	at ptolemy.actor.util.CausalityInterfaceForComposites._computeInputDepth(CausalityInterfaceForComposites.java:696)
	at ptolemy.actor.util.CausalityInterfaceForComposites._computeActorDepth(CausalityInterfaceForComposites.java:532)
	at ptolemy.actor.util.CausalityInterfaceForComposites.checkForCycles(CausalityInterfaceForComposites.java:96)
	at ptolemy.domains.de.kernel.DEDirector.preinitialize(DEDirector.java:1338)
	at ptolemy.actor.CompositeActor.preinitialize(CompositeActor.java:1828)
	at ptolemy.actor.Manager.preinitializeAndResolveTypes(Manager.java:1040)
	at ptolemy.actor.Manager.initialize(Manager.java:710)
	at ptolemy.actor.Manager.execute(Manager.java:356)
	at ptolemy.actor.Manager.run(Manager.java:1263)
	at ptolemy.actor.Manager$PtolemyRunThread.run(Manager.java:1933)
java.lang.reflect.InvocationTargetException
	at java.base/jdk.internal.reflect.NativeConstructorAccessorImpl.newInstance0(Native Method)
	at java.base/jdk.internal.reflect.NativeConstructorAccessorImpl.newInstance(NativeConstructorAccessorImpl.java:62)
	at java.base/jdk.internal.reflect.DelegatingConstructorAccessorImpl.newInstance(DelegatingConstructorAccessorImpl.java:45)
	at java.base/java.lang.reflect.Constructor.newInstance(Constructor.java:490)
	at ptolemy.util.test.junit.AutoKnownFailedTests.RunModel(AutoKnownFailedTests.java:105)
	at java.base/jdk.internal.reflect.NativeMethodAccessorImpl.invoke0(Native Method)
	at java.base/jdk.internal.reflect.NativeMethodAccessorImpl.invoke(NativeMethodAccessorImpl.java:62)
	at java.base/jdk.internal.reflect.DelegatingMethodAccessorImpl.invoke(DelegatingMethodAccessorImpl.java:43)
	at java.base/java.lang.reflect.Method.invoke(Method.java:566)
	at org.junit.runners.model.FrameworkMethod$1.runReflectiveCall(FrameworkMethod.java:44)
	at org.junit.internal.runners.model.ReflectiveCallable.run(ReflectiveCallable.java:15)
	at org.junit.runners.model.FrameworkMethod.invokeExplosively(FrameworkMethod.java:41)
	at junitparams.internal.InvokeParameterisedMethod.evaluate(InvokeParameterisedMethod.java:102)
	at org.junit.internal.runners.statements.FailOnTimeout$1.run(FailOnTimeout.java:28)
Caused by: ptolemy.kernel.util.IllegalActionException: Found a zero delay loop containing .dependencyLoop.original
  in .dependencyLoop and .dependencyLoop.original
	at ptolemy.actor.util.CausalityInterfaceForComposites._computeOutputPortDepth(CausalityInterfaceForComposites.java:759)
	at ptolemy.actor.util.CausalityInterfaceForComposites._computeInputDepth(CausalityInterfaceForComposites.java:696)
	at ptolemy.actor.util.CausalityInterfaceForComposites._computeOutputPortDepth(CausalityInterfaceForComposites.java:765)
	at ptolemy.actor.util.CausalityInterfaceForComposites._computeInputDepth(CausalityInterfaceForComposites.java:696)
	at ptolemy.actor.util.CausalityInterfaceForComposites._computeOutputPortDepth(CausalityInterfaceForComposites.java:765)
	at ptolemy.actor.util.CausalityInterfaceForComposites._computeInputDepth(CausalityInterfaceForComposites.java:696)
	at ptolemy.actor.util.CausalityInterfaceForComposites._computeActorDepth(CausalityInterfaceForComposites.java:532)
	at ptolemy.actor.util.CausalityInterfaceForComposites.checkForCycles(CausalityInterfaceForComposites.java:96)
	at ptolemy.domains.de.kernel.DEDirector.preinitialize(DEDirector.java:1338)
	at ptolemy.actor.CompositeActor.preinitialize(CompositeActor.java:1828)
	at ptolemy.actor.Manager.preinitializeAndResolveTypes(Manager.java:1040)
	at ptolemy.actor.Manager.initialize(Manager.java:710)
	at ptolemy.actor.Manager.execute(Manager.java:356)
	at ptolemy.actor.Manager.run(Manager.java:1263)
	at ptolemy.actor.Manager$PtolemyRunThread.run(Manager.java:1933)
java.lang.RuntimeException: Execution failed
	at ptolemy.moml.MoMLSimpleApplication$UnloadThread.run(MoMLSimpleApplication.java:402)
Caused by: ptolemy.kernel.util.IllegalActionException: Found a zero delay loop containing .dependencyLoop2.original
  in .dependencyLoop2 and .dependencyLoop2.original
	at ptolemy.actor.util.CausalityInterfaceForComposites._computeOutputPortDepth(CausalityInterfaceForComposites.java:759)
	at ptolemy.actor.util.CausalityInterfaceForComposites._computeInputDepth(CausalityInterfaceForComposites.java:696)
	at ptolemy.actor.util.CausalityInterfaceForComposites._computeOutputPortDepth(CausalityInterfaceForComposites.java:765)
	at ptolemy.actor.util.CausalityInterfaceForComposites._computeInputDepth(CausalityInterfaceForComposites.java:696)
	at ptolemy.actor.util.CausalityInterfaceForComposites._computeOutputPortDepth(CausalityInterfaceForComposites.java:765)
	at ptolemy.actor.util.CausalityInterfaceForComposites._computeInputDepth(CausalityInterfaceForComposites.java:696)
	at ptolemy.actor.util.CausalityInterfaceForComposites._computeActorDepth(CausalityInterfaceForComposites.java:532)
	at ptolemy.actor.util.CausalityInterfaceForComposites.checkForCycles(CausalityInterfaceForComposites.java:96)
	at ptolemy.domains.de.kernel.DEDirector.preinitialize(DEDirector.java:1338)
	at ptolemy.actor.CompositeActor.preinitialize(CompositeActor.java:1828)
	at ptolemy.actor.Manager.preinitializeAndResolveTypes(Manager.java:1040)
	at ptolemy.actor.Manager.initialize(Manager.java:710)
	at ptolemy.actor.Manager.execute(Manager.java:356)
	at ptolemy.actor.Manager.run(Manager.java:1263)
	at ptolemy.actor.Manager$PtolemyRunThread.run(Manager.java:1933)
java.lang.reflect.InvocationTargetException
	at java.base/jdk.internal.reflect.NativeConstructorAccessorImpl.newInstance0(Native Method)
	at java.base/jdk.internal.reflect.NativeConstructorAccessorImpl.newInstance(NativeConstructorAccessorImpl.java:62)
	at java.base/jdk.internal.reflect.DelegatingConstructorAccessorImpl.newInstance(DelegatingConstructorAccessorImpl.java:45)
	at java.base/java.lang.reflect.Constructor.newInstance(Constructor.java:490)
	at ptolemy.util.test.junit.AutoKnownFailedTests.RunModel(AutoKnownFailedTests.java:105)
	at java.base/jdk.internal.reflect.NativeMethodAccessorImpl.invoke0(Native Method)
	at java.base/jdk.internal.reflect.NativeMethodAccessorImpl.invoke(NativeMethodAccessorImpl.java:62)
	at java.base/jdk.internal.reflect.DelegatingMethodAccessorImpl.invoke(DelegatingMethodAccessorImpl.java:43)
	at java.base/java.lang.reflect.Method.invoke(Method.java:566)
	at org.junit.runners.model.FrameworkMethod$1.runReflectiveCall(FrameworkMethod.java:44)
	at org.junit.internal.runners.model.ReflectiveCallable.run(ReflectiveCallable.java:15)
	at org.junit.runners.model.FrameworkMethod.invokeExplosively(FrameworkMethod.java:41)
	at junitparams.internal.InvokeParameterisedMethod.evaluate(InvokeParameterisedMethod.java:102)
	at org.junit.internal.runners.statements.FailOnTimeout$1.run(FailOnTimeout.java:28)
Caused by: ptolemy.kernel.util.IllegalActionException: Found a zero delay loop containing .dependencyLoop2.original
  in .dependencyLoop2 and .dependencyLoop2.original
	at ptolemy.actor.util.CausalityInterfaceForComposites._computeOutputPortDepth(CausalityInterfaceForComposites.java:759)
	at ptolemy.actor.util.CausalityInterfaceForComposites._computeInputDepth(CausalityInterfaceForComposites.java:696)
	at ptolemy.actor.util.CausalityInterfaceForComposites._computeOutputPortDepth(CausalityInterfaceForComposites.java:765)
	at ptolemy.actor.util.CausalityInterfaceForComposites._computeInputDepth(CausalityInterfaceForComposites.java:696)
	at ptolemy.actor.util.CausalityInterfaceForComposites._computeOutputPortDepth(CausalityInterfaceForComposites.java:765)
	at ptolemy.actor.util.CausalityInterfaceForComposites._computeInputDepth(CausalityInterfaceForComposites.java:696)
	at ptolemy.actor.util.CausalityInterfaceForComposites._computeActorDepth(CausalityInterfaceForComposites.java:532)
	at ptolemy.actor.util.CausalityInterfaceForComposites.checkForCycles(CausalityInterfaceForComposites.java:96)
	at ptolemy.domains.de.kernel.DEDirector.preinitialize(DEDirector.java:1338)
	at ptolemy.actor.CompositeActor.preinitialize(CompositeActor.java:1828)
	at ptolemy.actor.Manager.preinitializeAndResolveTypes(Manager.java:1040)
	at ptolemy.actor.Manager.initialize(Manager.java:710)
	at ptolemy.actor.Manager.execute(Manager.java:356)
	at ptolemy.actor.Manager.run(Manager.java:1263)
	at ptolemy.actor.Manager$PtolemyRunThread.run(Manager.java:1933)
]]></system-err>
</testsuite>
