<?xml version="1.0" encoding="UTF-8" ?>
<testsuite errors="0" failures="0" hostname="travis-job-1ab238d3-37d9-44dd-b013-5084e003e5cc" name="ptolemy.domains.de.test.junit.JUnitTclTest" skipped="0" tests="101" time="131.8" timestamp="2019-07-06T06:33:57">
  <properties>
    <property name="npm.executable" value="npm" />
    <property name="env.TRAVIS_ROOT" value="/" />
    <property name="ptII.mk.exists" value="true" />
    <property name="env.TRAVIS_APP_HOST" value="build.travis-ci.org" />
    <property name="env.rvm_bin_path" value="/home/travis/.rvm/bin" />
    <property name="java.home" value="/usr/local/lib/jvm/openjdk11" />
    <property name="env.TRAVIS_JOB_NUMBER" value="1196.9" />
    <property name="env.TRAVIS_HOME" value="/home/travis" />
    <property name="env.DISPLAY" value=":99.0" />
    <property name="env.TRAVIS_INIT" value="systemd" />
    <property name="env.SSH_TTY" value="/dev/pts/0" />
    <property name="java.net.preferIPv4Stack" value="true" />
    <property name="env.RUN_TESTS" value="true" />
    <property name="timeout.short" value="1000000" />
    <property name="junit.formatter" value="xml" />
    <property name="env.TRAVIS_SUDO" value="true" />
    <property name="env.TRAVIS_JOB_NAME" value="" />
    <property name="env.TRAVIS_STACK_NODE_ATTRIBUTES" value="/.node-attributes.yml" />
    <property name="env.LOGNAME" value="travis" />
    <property name="jsdoc.home" value="node_modules/@terraswarm/jsdoc" />
    <property name="debuglevel" value="source,lines,vars" />
    <property name="checkstyle.formatter" value="xml" />
    <property name="env._system_version" value="16.04" />
    <property name="bin.vergil.makeable" value="true" />
    <property name="sun.os.patch.level" value="unknown" />
    <property name="java.vendor.url" value="http://java.oracle.com/" />
    <property name="env.TRAVIS_BUILD_WEB_URL" value="https://travis-ci.org/icyphy/ptII/builds/554939431" />
    <property name="java.version" value="11.0.2" />
    <property name="env.TZ" value="UTC" />
    <property name="env.PT_NO_NET" value="true" />
    <property name="env.TRAVIS_PULL_REQUEST_SHA" value="" />
    <property name="env.TRAVIS_SECURE_ENV_VARS" value="true" />
    <property name="env._system_type" value="Linux" />
    <property name="java.vendor.url.bug" value="http://bugreport.java.com/bugreport/" />
    <property name="npmjs-org-is-up" value="true" />
    <property name="env.LANGUAGE" value="en_US.UTF-8" />
    <property name="env.SSH_CLIENT" value="10.10.16.83 57024 22" />
    <property name="env.GEM_HOME" value="/home/travis/.rvm/gems/ruby-2.5.3" />
    <property name="env.HAS_ANTARES_THREE_LITTLE_FRONZIES_BADGE" value="true" />
    <property name="java.version.date" value="2019-01-15" />
    <property name="env.PS4" value="+" />
    <property name="ant.project.invoked-targets" value="build,test.core2.xml" />
    <property name="env.TRAVIS_PULL_REQUEST_BRANCH" value="" />
    <property name="env.TRAVIS_REPO_SLUG" value="icyphy/ptII" />
    <property name="env.XDG_DATA_DIRS" value="/usr/local/share:/usr/share:/var/lib/snapd/desktop" />
    <property name="jdk.debug" value="release" />
    <property name="env.TRAVIS_APT_PROXY" value="http://apt.cache.travis-ci.com" />
    <property name="node.in.path" value="true" />
    <property name="user.name" value="travis" />
    <property name="java.maxmemory" value="1400m" />
    <property name="env.RUBY_VERSION" value="ruby-2.5.3" />
    <property name="env.LANG" value="en_US.UTF-8" />
    <property name="sun.io.unicode.encoding" value="UnicodeLittle" />
    <property name="sun.jnu.encoding" value="UTF-8" />
    <property name="java.runtime.name" value="OpenJDK Runtime Environment" />
    <property name="usefile" value="false" />
    <property name="return.code" value="0" />
    <property name="junit.single.formatter" value="plain" />
    <property name="env.DYLD_LIBRARY_PATH" value="/home/travis/pthla/certi-tools/lib:" />
    <property name="env.DEBIAN_FRONTEND" value="noninteractive" />
    <property name="env.SSH_CONNECTION" value="10.10.16.83 57024 10.20.1.151 22" />
    <property name="env.MYSQL_UNIX_PORT" value="/var/run/mysqld/mysqld.sock" />
    <property name="env.LC_ALL" value="en_US.UTF-8" />
    <property name="env.TRAVIS_ALLOW_FAILURE" value="false" />
    <property name="env.TRAVIS_JOB_WEB_URL" value="https://travis-ci.org/icyphy/ptII/jobs/554939440" />
    <property name="java.specification.name" value="Java Platform API Specification" />
    <property name="node.works" value="true" />
    <property name="user.timezone" value="" />
    <property name="path.separator" value=":" />
    <property name="env.TRAVIS_ENABLE_INFRA_DETECTION" value="true" />
    <property name="env.PYTHON_CFLAGS" value="-g -fstack-protector --param=ssp-buffer-size=4 -Wformat -Werror=format-security" />
    <property name="timeout.long" value="4000000" />
    <property name="env.CERTI_HOME" value="/home/travis/pthla/certi-tools" />
    <property name="ant.file.ptII" value="/home/travis/build/icyphy/ptII/build.xml" />
    <property name="javadoc.packagenames" value="com.*,diva.*,lbnl.*,org.hlacerti.*,org.json.*,org.ptolemy.*,org.terraswarm.*,ptolemy.*,ptserver.*" />
    <property name="file.encoding" value="UTF-8" />
    <property name="env.TRAVIS_PULL_REQUEST_SLUG" value="" />
    <property name="ant.project.default-target" value="build" />
    <property name="env.GIT_ASKPASS" value="echo" />
    <property name="env.HOME" value="/home/travis" />
    <property name="sun.java.command" value="org.apache.tools.ant.taskdefs.optional.junit.JUnitTestRunner ptolemy.domains.de.test.junit.JUnitTclTest skipNonTests=false filtertrace=true haltOnError=false haltOnFailure=false formatter=org.apache.tools.ant.taskdefs.optional.junit.OutErrSummaryJUnitResultFormatter showoutput=true outputtoformatters=true logfailedtests=true threadid=0 logtestlistenerevents=false formatter=org.apache.tools.ant.taskdefs.optional.junit.XMLJUnitResultFormatter,/home/travis/build/icyphy/ptII/reports/junit/TEST-ptolemy.domains.de.test.junit.JUnitTclTest.xml crashfile=/home/travis/build/icyphy/ptII/junitvmwatcher10700945874254340846.properties propsfile=/home/travis/build/icyphy/ptII/junit3168672527521401665.properties" />
    <property name="env.COMPOSER_NO_INTERACTION" value="1" />
    <property name="env.MANPATH" value="/home/travis/.nvm/versions/node/v7.10.1/share/man:/home/travis/.rvm/rubies/ruby-2.5.3/share/man:/usr/local/cmake-3.12.4/man:/usr/local/clang-7.0.0/share/man:/usr/local/man:/usr/local/share/man:/usr/share/man:/home/travis/.rvm/man" />
    <property name="env.TRAVIS_TIMER_ID" value="2975b31d" />
    <property name="ant.file" value="/home/travis/build/icyphy/ptII/build.xml" />
    <property name="env.TRAVIS_COMMIT_RANGE" value="bbbff3adea58...3871c4168cdf" />
    <property name="env._system_name" value="Ubuntu" />
    <property name="ptII.classpath.optional.property" value="/home/travis/build/icyphy/ptII/lib/bsh-2.0b4.jar:/home/travis/build/icyphy/ptII/lib/ptCal.jar:/home/travis/build/icyphy/ptII/lib/java_cup.jar:/home/travis/build/icyphy/ptII/lib/saxon8.jar:/home/travis/build/icyphy/ptII/lib/saxon8-dom.jar:/home/travis/build/icyphy/ptII/lib/chic.jar:/home/travis/build/icyphy/ptII/lib/ptcolt.jar:/home/travis/build/icyphy/ptII/vendors/misc/itext/iText.jar:/home/travis/build/icyphy/ptII/lib/g4ltl.jar:/home/travis/build/icyphy/ptII/lib/StructuralCoder.jar:/home/travis/build/icyphy/ptII/vendors/jai-1_1_2_01/lib/jai_core.jar:/home/travis/build/icyphy/ptII/vendors/jai-1_1_2_01/lib/jai_codec.jar:/home/travis/build/icyphy/ptII/lib/jcerti.jar:/home/travis/build/icyphy/ptII/lib/javax.mail.jar:/home/travis/build/icyphy/ptII/vendors/JMF-2.1.1e/lib/jmf.jar:/home/travis/build/icyphy/ptII/lib/jna-4.0.0-variadic.jar:/home/travis/build/icyphy/ptII/vendors/misc/joystick/Joystick.jar:/home/travis/build/icyphy/ptII/lib/ptjacl.jar:/home/travis/build/icyphy/ptII/lib/jsoup-1.8.2.jar:/home/travis/build/icyphy/ptII/lib/junit-4.8.2.jar:/home/travis/build/icyphy/ptII/lib/JUnitParams-0.4.0.jar:/home/travis/build/icyphy/ptII/ptolemy/actor/lib/excel/jxl.jar:/home/travis/build/icyphy/ptII/lib/jython.jar:/home/travis/build/icyphy/ptII/lib/kieler.jar:/home/travis/build/icyphy/ptII/vendors/opencv/share/OpenCV/java/opencv-341.jar:/home/travis/build/icyphy/ptII/lib/oscP5.jar:/home/travis/build/icyphy/ptII/lib/nrjavaserial-3.11.0.devel.jar:/home/travis/build/icyphy/ptII/vendors/j3d/lib/j3dcore.jar:/home/travis/build/icyphy/ptII/vendors/j3d/lib/j3dutils.jar:/home/travis/build/icyphy/ptII/vendors/j3d/lib/vecmath.jar:/home/travis/build/icyphy/ptII/ptolemy/distributed/jini/jar/jini-core.jar:/home/travis/build/icyphy/ptII/ptolemy/distributed/jini/jar/jini-ext.jar:/home/travis/build/icyphy/ptII/ptolemy/distributed/jini/jar/sun-util.jar:/home/travis/build/icyphy/ptII/lib/protobuf-java-2.4.1.jar:/home/travis/build/icyphy/ptII/lib/org.eclipse.paho.client.mqttv3.jar:/home/travis/build/icyphy/ptII/lib/mapss.jar:/home/travis/build/icyphy/ptII/ptolemy/actor/ptalon/antlr/antlr.jar:/home/travis/build/icyphy/ptII/lib/JRI.jar:/home/travis/build/icyphy/ptII/lib/commons-lang-2.6.jar:/home/travis/build/icyphy/ptII/lib/commons-logging-1.1.1.jar:/home/travis/build/icyphy/ptII/lib/sootclasses.jar:/home/travis/build/icyphy/ptII/ptolemy/actor/lib/database/mysql-connector-java-5.1.6-bin.jar:/home/travis/build/icyphy/ptII/vendors/misc/sphinx4/sphinx4-data-5prealpha.jar:/home/travis/build/icyphy/ptII/vendors/misc/sphinx4/sphinx4-core-5prealpha.jar:/home/travis/build/icyphy/ptII/lib/PDFRenderer.jar:/home/travis/build/icyphy/ptII/lib/svgSalamander.jar:/home/travis/build/icyphy/ptII/lib/rsyntaxtextarea-2.6.0-SNAPSHOT.jar:/home/travis/build/icyphy/ptII/lib/hazelcast-3.8.2.jar:/home/travis/build/icyphy/ptII/lib/jackson-annotations-2.9.0.jar:/home/travis/build/icyphy/ptII/lib/jackson-core-2.9.3.jar:/home/travis/build/icyphy/ptII/lib/jackson-databind-2.9.3.jar:/home/travis/build/icyphy/ptII/lib/netty-buffer-4.1.19.Final.jar:/home/travis/build/icyphy/ptII/lib/netty-codec-4.1.19.Final.jar:/home/travis/build/icyphy/ptII/lib/netty-codec-dns-4.1.19.Final.jar:/home/travis/build/icyphy/ptII/lib/netty-codec-http-4.1.19.Final.jar:/home/travis/build/icyphy/ptII/lib/netty-codec-http2-4.1.19.Final.jar:/home/travis/build/icyphy/ptII/lib/netty-common-4.1.19.Final.jar:/home/travis/build/icyphy/ptII/lib/netty-handler-4.1.19.Final.jar:/home/travis/build/icyphy/ptII/lib/netty-resolver-4.1.19.Final.jar:/home/travis/build/icyphy/ptII/lib/netty-resolver-dns-4.1.19.Final.jar:/home/travis/build/icyphy/ptII/lib/netty-transport-4.1.19.Final.jar:/home/travis/build/icyphy/ptII/lib/vertx-codegen-3.5.1.jar:/home/travis/build/icyphy/ptII/lib/vertx-core-3.5.2-SNAPSHOT.jar:/home/travis/build/icyphy/ptII/lib/vertx-hazelcast-3.5.1.jar:/home/travis/build/icyphy/ptII/lib/vertx-lang-js-3.5.1.jar:/home/travis/build/icyphy/ptII/lib/vertx-service-proxy-3.5.1.jar:/home/travis/build/icyphy/ptII/lib/vertx-web-3.5.1.jar:/home/travis/build/icyphy/ptII/lib/slf4j-api-1.7.13.jar:/home/travis/build/icyphy/ptII/lib/slf4j-simple-1.7.13.jar:/home/travis/build/icyphy/ptII/lib/webcam-capture-0.3.12.jar:/home/travis/build/icyphy/ptII/lib/bridj-0.7.0.jar:/home/travis/build/icyphy/ptII/lib/xbjlib-1.1.0.nrjavaserial.jar" />
    <property name="timeout" value="2400000" />
    <property name="test.batch" value="**/junit/*.java" />
    <property name="env._" value="/usr/bin/timeout" />
    <property name="java.io.tmpdir" value="/tmp" />
    <property name="user.language" value="en" />
    <property name="env.TRAVIS_INTERNAL_RUBY_REGEX" value="^ruby-(2\.[0-4]\.[0-9]|1\.9\.3)" />
    <property name="env.HISTCONTROL" value="ignoredups:ignorespace" />
    <property name="env.GOROOT" value="/home/travis/.gimme/versions/go1.11.1.linux.amd64" />
    <property name="line.separator" value="&#xa;" />
    <property name="target" value="11" />
    <property name="env.TRAVIS_BUILD_DIR" value="/home/travis/build/icyphy/ptII" />
    <property name="env.ANT_OPTS" value="-Xmx2048m" />
    <property name="ant.file.type" value="file" />
    <property name="ptolemy.ptII.batchMode" value="true" />
    <property name="env.HISTSIZE" value="1000" />
    <property name="env.MERB_ENV" value="test" />
    <property name="java.vm.info" value="mixed mode" />
    <property name="source" value="11" />
    <property name="java.vm.specification.name" value="Java Virtual Machine Specification" />
    <property name="env.TRAVIS_TEST_RESULT" value="0" />
    <property name="jsdoc.command" value="node_modules/@terraswarm/jsdoc/jsdoc.js" />
    <property name="npm.works" value="true" />
    <property name="cobertura.dir" value="/home/travis/build/icyphy/ptII/vendors/cobertura-2.0.3" />
    <property name="env.rvm_path" value="/home/travis/.rvm" />
    <property name="env.GEM_PATH" value="/home/travis/.rvm/gems/ruby-2.5.3:/home/travis/.rvm/gems/ruby-2.5.3@global" />
    <property name="env.LC_CTYPE" value="en_US.UTF-8" />
    <property name="env.TRAVIS_CMD" value="$PTII/bin/ptIITravisBuild.sh $SECONDS" />
    <property name="java.awt.printerjob" value="sun.print.PSPrinterJob" />
    <property name="env.TRAVIS_STACK_NAME" value="sardonyx" />
    <property name="env.TRAVIS_TIMER_START_TIME" value="1562394613969675581" />
    <property name="ant.version" value="Apache Ant(TM) version 1.10.1 compiled on February 2 2017" />
    <property name="ptII.reports" value="/home/travis/build/icyphy/ptII/reports" />
    <property name="env.TRAVIS_STACK_TIMESTAMP" value="2019-03-25 16:16:56 UTC" />
    <property name="ant.file.type.ptII" value="file" />
    <property name="env.RBENV_SHELL" value="bash" />
    <property name="os.name" value="Linux" />
    <property name="java.specification.vendor" value="Oracle Corporation" />
    <property name="env.rvm_version" value="1.29.7 (latest)" />
    <property name="env.TRAVIS_INFRA" value="unknown" />
    <property name="env.TERM" value="xterm" />
    <property name="java.vm.name" value="OpenJDK 64-Bit Server VM" />
    <property name="env.TRAVIS_BUILD_NUMBER" value="1196" />
    <property name="env.CI" value="true" />
    <property name="java.library.path" value="/home/travis/pthla/certi-tools/lib:/usr/lib/jni:/usr/local/share/OpenCV/java/:/usr/share/OpenCV/java::/usr/java/packages/lib:/usr/lib64:/lib64:/lib:/usr/lib" />
    <property name="env.rvm_prefix" value="/home/travis" />
    <property name="env.PATH" value="/home/travis/pthla/certi-tools/share/scripts:/home/travis/.rvm/gems/ruby-2.5.3/bin:/home/travis/.rvm/gems/ruby-2.5.3@global/bin:/home/travis/.rvm/rubies/ruby-2.5.3/bin:/home/travis/.rvm/bin:/home/travis/.nvm/versions/node/v7.10.1/bin:./node_modules/.bin:/home/travis/build/icyphy/ptII/bin:/home/travis/pthla/certi-tools/bin:/home/travis/bin:/home/travis/.local/bin:/usr/local/lib/jvm/openjdk11/bin:/opt/pyenv/shims:/home/travis/.phpenv/shims:/home/travis/perl5/perlbrew/bin:/home/travis/gopath/bin:/home/travis/.gimme/versions/go1.11.1.linux.amd64/bin:/usr/local/maven-3.6.0/bin:/usr/local/cmake-3.12.4/bin:/usr/local/clang-7.0.0/bin:/usr/local/sbin:/usr/local/bin:/usr/sbin:/usr/bin:/sbin:/bin:/snap/bin:/home/travis/.phpenv/bin:/opt/pyenv/bin:/home/travis/.yarn/bin" />
    <property name="env.TRAVIS_OS_NAME" value="linux" />
    <property name="ant.java.version" value="9" />
    <property name="basedir" value="/home/travis/build/icyphy/ptII" />
    <property name="java.class.version" value="55.0" />
    <property name="env.SHLVL" value="3" />
    <property name="env.LD_LIBRARY_PATH" value="/home/travis/pthla/certi-tools/lib:/usr/lib/jni:/usr/local/share/OpenCV/java/:/usr/share/OpenCV/java:" />
    <property name="env.RACK_ENV" value="test" />
    <property name="ant.home" value="/home/travis/build/icyphy/ptII/ant" />
    <property name="env.NVM_DIR" value="/home/travis/.nvm" />
    <property name="env.CERTI_FOM_PATH" value="/home/travis/pthla/certi-tools/share/federations" />
    <property name="env.TRAVIS_BUILD_ID" value="554939431" />
    <property name="env.PYENV_ROOT" value="/opt/pyenv" />
    <property name="env.TRAVIS_UID" value="2000" />
    <property name="env.NVM_BIN" value="/home/travis/.nvm/versions/node/v7.10.1/bin" />
    <property name="env.TRAVIS_COMMIT" value="3871c4168cdf97692a0adaf236ab4dd3b8d46c8b" />
    <property name="env._system_arch" value="x86_64" />
    <property name="node.executable" value="node" />
    <property name="sun.boot.library.path" value="/usr/local/lib/jvm/openjdk11/lib" />
    <property name="sun.management.compiler" value="HotSpot 64-Bit Tiered Compilers" />
    <property name="java.awt.graphicsenv" value="sun.awt.X11GraphicsEnvironment" />
    <property name="env.GOPATH" value="/home/travis/gopath" />
    <property name="ptolemy.ptII.dir" value="/home/travis/build/icyphy/ptII" />
    <property name="env.USER" value="travis" />
    <property name="env.HISTFILESIZE" value="2000" />
    <property name="timeout.longest" value="19000000" />
    <property name="env.PERLBREW_SHELLRC_VERSION" value="0.86" />
    <property name="env.TRAVIS_STACK_FEATURES" value="basic couchdb disabled-ipv6 docker docker-compose elasticsearch firefox go-toolchain google-chrome jdk memcached mongodb mysql nodejs_interpreter perl_interpreter perlbrew phantomjs postgresql python_interpreter redis ruby_interpreter sqlite xserver" />
    <property name="env.TRAVIS_PULL_REQUEST" value="false" />
    <property name="env.PYENV_SHELL" value="bash" />
    <property name="ant.project.name" value="ptII" />
    <property name="env.ANSI_RESET" value="\033[0m" />
    <property name="java.vm.specification.version" value="11" />
    <property name="env.TRAVIS_DIST" value="xenial" />
    <property name="env.CERTI_VERSION" value="4.0.0" />
    <property name="env.CERTI_HOST" value="localhost" />
    <property name="awt.toolkit" value="sun.awt.X11.XToolkit" />
    <property name="env.MY_RUBY_HOME" value="/home/travis/.rvm/rubies/ruby-2.5.3" />
    <property name="sun.cpu.isalist" value="" />
    <property name="env.TRAVIS_TMPDIR" value="/tmp/tmp.SaWPOPvXFc" />
    <property name="java.vm.compressedOopsMode" value="Zero based" />
    <property name="os.version" value="4.15.0-1028-gcp" />
    <property name="user.home" value="/home/travis" />
    <property name="java.vm.vendor" value="Oracle Corporation" />
    <property name="env.TRAVIS_TAG" value="nightly" />
    <property name="env.ANSI_YELLOW" value="\033[33;1m" />
    <property name="env.TRAVIS_FILTERED" value="redirect_io" />
    <property name="env.ANSI_GREEN" value="\033[32;1m" />
    <property name="env.JAVA_HOME" value="/usr/local/lib/jvm/openjdk11" />
    <property name="javadoc.excludepackagenames" value="adm.cvs2svn.*,build.*,config.*,doc.coding.templates.*,jni.test.jni.meaningOfLife.*,jni.test.jni.testDeux.*,jni.test.jni.testTrois.*,org.terraswarm.accessor.accessors.web.node_modules.*,org.terraswarm.accessor.accessors.web.hosts.cordova.demo.*,org.terraswarm.accessor.accessors.web.hosts.cordova.plugins.*,org.terraswarm.accessor.accessors-svn.*,pt-modules.*,ptolemy.apps.agilent.*,ptolemy.apps.anytimecontrol.*,ptolemy.apps.apes.*,ptolemy.apps.charon.*,ptolemy.apps.crazyboard.*,ptolemy.apps.eclipse.*,ptolemy.apps.etherealSting.*,ptolemy.apps.fullscreen.*,ptolemy.apps.giotto.*,ptolemy.apps.ia.*,ptolemy.apps.interfaces.*,ptolemy.apps.jmf.*,ptolemy.apps.kurt.*,ptolemy.apps.kvm.*,ptolemy.apps.lego.*,ptolemy.apps.lejos.*,ptolemy.apps.midp.*,ptolemy.apps.mobileCoding.*,ptolemy.apps.pendulum.*,ptolemy.apps.rijndael.*,ptolemy.apps.robot.*,ptolemy.apps.security.*,ptolemy.apps.sobel.*,ptolemy.apps.soot.*,ptolemy.apps.throttle.*,ptolemy.apps.tini.*,ptolemy.apps.transmission.*,ptolemy.apps.vergil.*,ptolemy.apps.waba.*,ptolemy.apps.websensor.*,ptolemy.apps.webstart.*,ptolemy.apps.xsl.*,ptolemy.apps.zaurus.*,ptolemy.codegen.c.actor.lib.oldJavaFiles.*,ptolemy.codegen.dsp.lib.*,ptolemy.codegen.kernel.newInterfaces.*,ptolemy.codegen.lib.*,ptolemy.copernicus.kernel.fragment.*,ptolemy.copernicus.shallow.cg.*,ptolemy.domains.giotto.demo.Hierarchy.Hierarchy.*,ptolemy.domains.giotto.demo.Multimode.Multimode.*,ptolemy.domains.giotto.demo.Simple.Simple.*,ptolemy.domains.gr.lib.experimental.*,ptolemy.domains.gro.*,ptolemy.domains.pdf.*,ptolemy.domains.ptinyos.demo.Surge.output.*,ptolemy.moml.test.NoPackageActor.java*,ptolemy.plot.adm.*,ptolemy.plot.servlet.*,reports.*,signed.*,src.*,target.*,vendors.*,ptolemy.copernicus.applet.*,ptolemy.media.viewer.*,ptolemy.actor.corba.*,doc.doclets.*,ptolemy.apps.eclipse.awt.*,ptolemy.backtrack.*,ptolemy.backtrack.ast.*,ptolemy.cg.adapter.generic.program.procedural.c.mbed*,ptolemy.homer.*,ptolemy.actor.lib.jjs.modules.audio.*,org.ptolemy.scala.*,diva.util.java2d.svg.*,ptolemy.domains.ptinyos.*,ptolemy.actor.lib.fmi.fmipp.*,,org.terraswarm.accessor.accessors.web.node_modules.*,org.terraswarm.accessor.accessors-svn,ptolemy.apps.*,ptolemy.actor.ptalon.demo.ptinyos.SendAndReceiveCnt.output,ptolemy.actor.ptalon.demo.ptinyos.SenseToLeds.output,ptolemy.domains.ptinyos.demo.CntToLedsAndRfm.output,ptolemy.domains.ptinyos.demo.RfmToLeds.output,ptolemy.domains.ptinyos.demo.SendAndReceiveCnt.output,ptolemy.domains.ptinyos.demo.SenseToLeds.output,ptolemy.actor.lib.jjs.modules.udpSocket.*" />
    <property name="env.PTII" value="/home/travis/build/icyphy/ptII" />
    <property name="env.XDG_SESSION_ID" value="2" />
    <property name="keystore" value="ptKeystore" />
    <property name="env.TRAVIS_COMMIT_MESSAGE" value="Fixed typos in comments" />
    <property name="junit.output.dir" value="/home/travis/build/icyphy/ptII/reports/junit" />
    <property name="npm.return.code" value="0" />
    <property name="user.dir" value="/home/travis/build/icyphy/ptII/ptolemy/domains/de/test" />
    <property name="env.TRAVIS_NODE_VERSION" value="7" />
    <property name="env.TRAVIS_EVENT_TYPE" value="push" />
    <property name="env.MAIL" value="/var/mail/travis" />
    <property name="env.PERLBREW_ROOT" value="/home/travis/perl5/perlbrew" />
    <property name="env.PWD" value="/home/travis/build/icyphy/ptII" />
    <property name="timeout.npm" value="45000" />
    <property name="env.PT_TRAVIS_TEST_CORE2_XML" value="true" />
    <property name="env.TRAVIS_ARCH" value="amd64" />
    <property name="sun.cpu.endian" value="little" />
    <property name="env.PAGER" value="cat" />
    <property name="env.TRAVIS_BUILD_STAGE_NAME" value="Test" />
    <property name="env.PERLBREW_HOME" value="/home/travis/.perlbrew" />
    <property name="java.vm.version" value="11.0.2+9" />
    <property name="env.RAILS_ENV" value="test" />
    <property name="java.class.path" value="/home/travis/build/icyphy/ptII:/home/travis/build/icyphy/ptII/lib/bsh-2.0b4.jar:/home/travis/build/icyphy/ptII/lib/ptCal.jar:/home/travis/build/icyphy/ptII/lib/java_cup.jar:/home/travis/build/icyphy/ptII/lib/saxon8.jar:/home/travis/build/icyphy/ptII/lib/saxon8-dom.jar:/home/travis/build/icyphy/ptII/lib/chic.jar:/home/travis/build/icyphy/ptII/lib/ptcolt.jar:/home/travis/build/icyphy/ptII/vendors/misc/itext/iText.jar:/home/travis/build/icyphy/ptII/lib/g4ltl.jar:/home/travis/build/icyphy/ptII/lib/StructuralCoder.jar:/home/travis/build/icyphy/ptII/vendors/jai-1_1_2_01/lib/jai_core.jar:/home/travis/build/icyphy/ptII/vendors/jai-1_1_2_01/lib/jai_codec.jar:/home/travis/build/icyphy/ptII/lib/jcerti.jar:/home/travis/build/icyphy/ptII/lib/javax.mail.jar:/home/travis/build/icyphy/ptII/vendors/JMF-2.1.1e/lib/jmf.jar:/home/travis/build/icyphy/ptII/lib/jna-4.0.0-variadic.jar:/home/travis/build/icyphy/ptII/vendors/misc/joystick/Joystick.jar:/home/travis/build/icyphy/ptII/lib/ptjacl.jar:/home/travis/build/icyphy/ptII/lib/jsoup-1.8.2.jar:/home/travis/build/icyphy/ptII/lib/junit-4.8.2.jar:/home/travis/build/icyphy/ptII/lib/JUnitParams-0.4.0.jar:/home/travis/build/icyphy/ptII/ptolemy/actor/lib/excel/jxl.jar:/home/travis/build/icyphy/ptII/lib/jython.jar:/home/travis/build/icyphy/ptII/lib/kieler.jar:/home/travis/build/icyphy/ptII/vendors/opencv/share/OpenCV/java/opencv-341.jar:/home/travis/build/icyphy/ptII/lib/oscP5.jar:/home/travis/build/icyphy/ptII/lib/nrjavaserial-3.11.0.devel.jar:/home/travis/build/icyphy/ptII/vendors/j3d/lib/j3dcore.jar:/home/travis/build/icyphy/ptII/vendors/j3d/lib/j3dutils.jar:/home/travis/build/icyphy/ptII/vendors/j3d/lib/vecmath.jar:/home/travis/build/icyphy/ptII/ptolemy/distributed/jini/jar/jini-core.jar:/home/travis/build/icyphy/ptII/ptolemy/distributed/jini/jar/jini-ext.jar:/home/travis/build/icyphy/ptII/ptolemy/distributed/jini/jar/sun-util.jar:/home/travis/build/icyphy/ptII/lib/protobuf-java-2.4.1.jar:/home/travis/build/icyphy/ptII/lib/org.eclipse.paho.client.mqttv3.jar:/home/travis/build/icyphy/ptII/lib/mapss.jar:/home/travis/build/icyphy/ptII/ptolemy/actor/ptalon/antlr/antlr.jar:/home/travis/build/icyphy/ptII/lib/JRI.jar:/home/travis/build/icyphy/ptII/lib/commons-lang-2.6.jar:/home/travis/build/icyphy/ptII/lib/commons-logging-1.1.1.jar:/home/travis/build/icyphy/ptII/lib/sootclasses.jar:/home/travis/build/icyphy/ptII/ptolemy/actor/lib/database/mysql-connector-java-5.1.6-bin.jar:/home/travis/build/icyphy/ptII/vendors/misc/sphinx4/sphinx4-data-5prealpha.jar:/home/travis/build/icyphy/ptII/vendors/misc/sphinx4/sphinx4-core-5prealpha.jar:/home/travis/build/icyphy/ptII/lib/PDFRenderer.jar:/home/travis/build/icyphy/ptII/lib/svgSalamander.jar:/home/travis/build/icyphy/ptII/lib/rsyntaxtextarea-2.6.0-SNAPSHOT.jar:/home/travis/build/icyphy/ptII/lib/hazelcast-3.8.2.jar:/home/travis/build/icyphy/ptII/lib/jackson-annotations-2.9.0.jar:/home/travis/build/icyphy/ptII/lib/jackson-core-2.9.3.jar:/home/travis/build/icyphy/ptII/lib/jackson-databind-2.9.3.jar:/home/travis/build/icyphy/ptII/lib/netty-buffer-4.1.19.Final.jar:/home/travis/build/icyphy/ptII/lib/netty-codec-4.1.19.Final.jar:/home/travis/build/icyphy/ptII/lib/netty-codec-dns-4.1.19.Final.jar:/home/travis/build/icyphy/ptII/lib/netty-codec-http-4.1.19.Final.jar:/home/travis/build/icyphy/ptII/lib/netty-codec-http2-4.1.19.Final.jar:/home/travis/build/icyphy/ptII/lib/netty-common-4.1.19.Final.jar:/home/travis/build/icyphy/ptII/lib/netty-handler-4.1.19.Final.jar:/home/travis/build/icyphy/ptII/lib/netty-resolver-4.1.19.Final.jar:/home/travis/build/icyphy/ptII/lib/netty-resolver-dns-4.1.19.Final.jar:/home/travis/build/icyphy/ptII/lib/netty-transport-4.1.19.Final.jar:/home/travis/build/icyphy/ptII/lib/vertx-codegen-3.5.1.jar:/home/travis/build/icyphy/ptII/lib/vertx-core-3.5.2-SNAPSHOT.jar:/home/travis/build/icyphy/ptII/lib/vertx-hazelcast-3.5.1.jar:/home/travis/build/icyphy/ptII/lib/vertx-lang-js-3.5.1.jar:/home/travis/build/icyphy/ptII/lib/vertx-service-proxy-3.5.1.jar:/home/travis/build/icyphy/ptII/lib/vertx-web-3.5.1.jar:/home/travis/build/icyphy/ptII/lib/slf4j-api-1.7.13.jar:/home/travis/build/icyphy/ptII/lib/slf4j-simple-1.7.13.jar:/home/travis/build/icyphy/ptII/lib/webcam-capture-0.3.12.jar:/home/travis/build/icyphy/ptII/lib/bridj-0.7.0.jar:/home/travis/build/icyphy/ptII/lib/xbjlib-1.1.0.nrjavaserial.jar:/home/travis/build/icyphy/ptII/ptolemy/moml/test:/home/travis/build/icyphy/ptII/ant/lib/ant-launcher.jar:/home/travis/build/icyphy/ptII/ant/lib/ant.jar:/home/travis/build/icyphy/ptII/ant/lib/ant-junit.jar:/home/travis/build/icyphy/ptII/ant/lib/ant-junit4.jar" />
    <property name="ant.library.dir" value="/home/travis/build/icyphy/ptII/ant/lib" />
    <property name="os.arch" value="amd64" />
    <property name="env.CONTINUOUS_INTEGRATION" value="true" />
    <property name="env.TRAVIS_LANGUAGE" value="node_js" />
    <property name="env.TRAVIS_STACK_LANGUAGES" value="__sardonyx__ c c++ clojure cplusplus cpp default generic go groovy java node_js php pure_java python ruby scala" />
    <property name="test.name" value="ptolemy.actor.lib.test.junit.JUnitTclTest" />
    <property name="env.APT_KEY_DONT_WARN_ON_DANGEROUS_USAGE" value="1" />
    <property name="sun.java.launcher" value="SUN_STANDARD" />
    <property name="env.PYTHON_CONFIGURE_OPTS" value="--enable-unicode=ucs4 --with-wide-unicode --enable-shared --enable-ipv6 --enable-loadable-sqlite-extensions --with-computed-gotos" />
    <property name="ant.core.lib" value="/home/travis/build/icyphy/ptII/ant/lib/ant.jar" />
    <property name="java.vm.specification.vendor" value="Oracle Corporation" />
    <property name="env.BCVTB_HOME" value="/home/travis/build/icyphy/ptII/lbnl" />
    <property name="file.separator" value="/" />
    <property name="spotbugs.home" value="/home/travis/build/icyphy/ptII/vendors/spotbugs-3.1.1" />
    <property name="java.runtime.version" value="11.0.2+9" />
    <property name="env.ANSI_CLEAR" value="\033[0K" />
    <property name="env.HAS_JOSH_K_SEAL_OF_APPROVAL" value="true" />
    <property name="env.XDG_RUNTIME_DIR" value="/run/user/2000" />
    <property name="env.TRAVIS_OSX_IMAGE" value="" />
    <property name="env.TRAVIS_JOB_ID" value="554939440" />
    <property name="env.TRAVIS_BRANCH" value="master" />
    <property name="user.country" value="US" />
    <property name="env.CERTI_HOME_TRAVIS" value="/home/travis/pthla/certi-tools" />
    <property name="env.SHELL" value="/bin/bash" />
    <property name="java.maxmemory.large" value="5000m" />
    <property name="model" value="" />
    <property name="env.CASHER_DIR" value="/home/travis/.casher" />
    <property name="env.NVM_CD_FLAGS" value="" />
    <property name="java.vendor.version" value="18.9" />
    <property name="jshint.executable" value="/home/travis/node_modules/jshint/bin/jshint" />
    <property name="env.JRUBY_OPTS" value=" --client -J-XX:+TieredCompilation -J-XX:TieredStopAtLevel=1 -J-Xss2m -Xcompile.invokedynamic=false" />
    <property name="java.vendor" value="Oracle Corporation" />
    <property name="env.TRAVIS_PRE_CHEF_BOOTSTRAP_TIME" value="2019-03-25T16:16:42" />
    <property name="env.TRAVIS_STACK_JOB_BOARD_REGISTER" value="/.job-board-register.yml" />
    <property name="env.ANSI_RED" value="\033[31;1m" />
    <property name="java.specification.version" value="11" />
    <property name="env.IRBRC" value="/home/travis/.rvm/rubies/ruby-2.5.3/.irbrc" />
    <property name="env.TRAVIS" value="true" />
    <property name="sun.arch.data.model" value="64" />
  </properties>
  <testcase classname="ptolemy.util.test.junit.TclTests" name="[0] /home/travis/build/icyphy/ptII/ptolemy/domains/de/test/DependencyLoop.tcl (RunTclFile)" time="1.041" />
  <testcase classname="ptolemy.util.test.junit.TclTests" name="[1] /home/travis/build/icyphy/ptII/ptolemy/domains/de/test/RunDETestsAsQSS.tcl (RunTclFile)" time="89.623" />
  <testcase classname="ptolemy.util.test.junit.AutoKnownFailedTests" name="[0] /home/travis/build/icyphy/ptII/ptolemy/domains/de/test/auto/knownFailedTests/DESDFClockTest.xml (RunModel)" time="2.039" />
  <testcase classname="ptolemy.util.test.junit.AutoKnownFailedTests" name="[1] /home/travis/build/icyphy/ptII/ptolemy/domains/de/test/auto/knownFailedTests/DirectFeedback.xml (RunModel)" time="0.015" />
  <testcase classname="ptolemy.util.test.junit.AutoKnownFailedTests" name="[2] /home/travis/build/icyphy/ptII/ptolemy/domains/de/test/auto/knownFailedTests/FSMSource.xml (RunModel)" time="0.039" />
  <testcase classname="ptolemy.util.test.junit.AutoKnownFailedTests" name="[3] /home/travis/build/icyphy/ptII/ptolemy/domains/de/test/auto/knownFailedTests/HierarchicalModel.xml (RunModel)" time="0.056" />
  <testcase classname="ptolemy.util.test.junit.AutoKnownFailedTests" name="[4] /home/travis/build/icyphy/ptII/ptolemy/domains/de/test/auto/knownFailedTests/dependencyLoop.xml (RunModel)" time="0.044" />
  <testcase classname="ptolemy.util.test.junit.AutoKnownFailedTests" name="[5] /home/travis/build/icyphy/ptII/ptolemy/domains/de/test/auto/knownFailedTests/dependencyLoop2.xml (RunModel)" time="0.044" />
  <testcase classname="ptolemy.util.test.junit.AutoNameArchTests" name="[0] ThereAreNoAutoArchTests (RunModel)" time="0.001" />
  <testcase classname="ptolemy.util.test.junit.AutoTests" name="[0] /home/travis/build/icyphy/ptII/ptolemy/domains/de/test/auto/ActorDepthCalculation_actorWithoutPorts.xml (RunModel)" time="0.024" />
  <testcase classname="ptolemy.util.test.junit.AutoTests" name="[1] /home/travis/build/icyphy/ptII/ptolemy/domains/de/test/auto/AssemblyLine.xml (RunModel)" time="0.022" />
  <testcase classname="ptolemy.util.test.junit.AutoTests" name="[2] /home/travis/build/icyphy/ptII/ptolemy/domains/de/test/auto/CQBug1.xml (RunModel)" time="0.011" />
  <testcase classname="ptolemy.util.test.junit.AutoTests" name="[3] /home/travis/build/icyphy/ptII/ptolemy/domains/de/test/auto/CancelFireAt.xml (RunModel)" time="0.017" />
  <testcase classname="ptolemy.util.test.junit.AutoTests" name="[4] /home/travis/build/icyphy/ptII/ptolemy/domains/de/test/auto/CausalityAndComposabilityAnalysis.xml (RunModel)" time="0.02" />
  <testcase classname="ptolemy.util.test.junit.AutoTests" name="[5] /home/travis/build/icyphy/ptII/ptolemy/domains/de/test/auto/CausalityInterface1.xml (RunModel)" time="0.02" />
  <testcase classname="ptolemy.util.test.junit.AutoTests" name="[6] /home/travis/build/icyphy/ptII/ptolemy/domains/de/test/auto/CausalityInterface15.xml (RunModel)" time="0.021" />
  <testcase classname="ptolemy.util.test.junit.AutoTests" name="[7] /home/travis/build/icyphy/ptII/ptolemy/domains/de/test/auto/CausalityInterface2.xml (RunModel)" time="0.013" />
  <testcase classname="ptolemy.util.test.junit.AutoTests" name="[8] /home/travis/build/icyphy/ptII/ptolemy/domains/de/test/auto/CausalityInterface3.xml (RunModel)" time="0.012" />
  <testcase classname="ptolemy.util.test.junit.AutoTests" name="[9] /home/travis/build/icyphy/ptII/ptolemy/domains/de/test/auto/ClockDrift.xml (RunModel)" time="0.037" />
  <testcase classname="ptolemy.util.test.junit.AutoTests" name="[10] /home/travis/build/icyphy/ptII/ptolemy/domains/de/test/auto/ClockDriftAndValueChange.xml (RunModel)" time="0.033" />
  <testcase classname="ptolemy.util.test.junit.AutoTests" name="[11] /home/travis/build/icyphy/ptII/ptolemy/domains/de/test/auto/ClockDriftChange.xml (RunModel)" time="0.021" />
  <testcase classname="ptolemy.util.test.junit.AutoTests" name="[12] /home/travis/build/icyphy/ptII/ptolemy/domains/de/test/auto/ComposableCausalityAnalysis.xml (RunModel)" time="0.022" />
  <testcase classname="ptolemy.util.test.junit.AutoTests" name="[13] /home/travis/build/icyphy/ptII/ptolemy/domains/de/test/auto/DEFixedPointLimitation.xml (RunModel)" time="0.009" />
  <testcase classname="ptolemy.util.test.junit.AutoTests" name="[14] /home/travis/build/icyphy/ptII/ptolemy/domains/de/test/auto/DEScheduleTest.xml (RunModel)" time="0.013" />
  <testcase classname="ptolemy.util.test.junit.AutoTests" name="[15] /home/travis/build/icyphy/ptII/ptolemy/domains/de/test/auto/DEinDEwithStartTimes.xml (RunModel)" time="0.018" />
  <testcase classname="ptolemy.util.test.junit.AutoTests" name="[16] /home/travis/build/icyphy/ptII/ptolemy/domains/de/test/auto/DEinDEwithStartTimes2.xml (RunModel)" time="0.015" />
  <testcase classname="ptolemy.util.test.junit.AutoTests" name="[17] /home/travis/build/icyphy/ptII/ptolemy/domains/de/test/auto/DateDemo.xml (RunModel)" time="0.04" />
  <testcase classname="ptolemy.util.test.junit.AutoTests" name="[18] /home/travis/build/icyphy/ptII/ptolemy/domains/de/test/auto/DateToEvent.xml (RunModel)" time="2.044" />
  <testcase classname="ptolemy.util.test.junit.AutoTests" name="[19] /home/travis/build/icyphy/ptII/ptolemy/domains/de/test/auto/DepthTest1.xml (RunModel)" time="0.012" />
  <testcase classname="ptolemy.util.test.junit.AutoTests" name="[20] /home/travis/build/icyphy/ptII/ptolemy/domains/de/test/auto/DepthTest2.xml (RunModel)" time="0.017" />
  <testcase classname="ptolemy.util.test.junit.AutoTests" name="[21] /home/travis/build/icyphy/ptII/ptolemy/domains/de/test/auto/DepthTest3.xml (RunModel)" time="0.012" />
  <testcase classname="ptolemy.util.test.junit.AutoTests" name="[22] /home/travis/build/icyphy/ptII/ptolemy/domains/de/test/auto/DepthTest4.xml (RunModel)" time="0.012" />
  <testcase classname="ptolemy.util.test.junit.AutoTests" name="[23] /home/travis/build/icyphy/ptII/ptolemy/domains/de/test/auto/DepthTest5.xml (RunModel)" time="0.023" />
  <testcase classname="ptolemy.util.test.junit.AutoTests" name="[24] /home/travis/build/icyphy/ptII/ptolemy/domains/de/test/auto/DepthTest6.xml (RunModel)" time="0.018" />
  <testcase classname="ptolemy.util.test.junit.AutoTests" name="[25] /home/travis/build/icyphy/ptII/ptolemy/domains/de/test/auto/DepthTest7.xml (RunModel)" time="0.012" />
  <testcase classname="ptolemy.util.test.junit.AutoTests" name="[26] /home/travis/build/icyphy/ptII/ptolemy/domains/de/test/auto/EventToDate.xml (RunModel)" time="3.04" />
  <testcase classname="ptolemy.util.test.junit.AutoTests" name="[27] /home/travis/build/icyphy/ptII/ptolemy/domains/de/test/auto/FSM1.xml (RunModel)" time="0.054" />
  <testcase classname="ptolemy.util.test.junit.AutoTests" name="[28] /home/travis/build/icyphy/ptII/ptolemy/domains/de/test/auto/FSM7.xml (RunModel)" time="0.045" />
  <testcase classname="ptolemy.util.test.junit.AutoTests" name="[29] /home/travis/build/icyphy/ptII/ptolemy/domains/de/test/auto/Inspection.xml (RunModel)" time="0.071" />
  <testcase classname="ptolemy.util.test.junit.AutoTests" name="[30] /home/travis/build/icyphy/ptII/ptolemy/domains/de/test/auto/Iteration.xml (RunModel)" time="0.034" />
  <testcase classname="ptolemy.util.test.junit.AutoTests" name="[31] /home/travis/build/icyphy/ptII/ptolemy/domains/de/test/auto/LineFault.xml (RunModel)" time="0.616" />
  <testcase classname="ptolemy.util.test.junit.AutoTests" name="[32] /home/travis/build/icyphy/ptII/ptolemy/domains/de/test/auto/MergeModel1Add.xml (RunModel)" time="0.055" />
  <testcase classname="ptolemy.util.test.junit.AutoTests" name="[33] /home/travis/build/icyphy/ptII/ptolemy/domains/de/test/auto/MergeModel2Add.xml (RunModel)" time="0.034" />
  <testcase classname="ptolemy.util.test.junit.AutoTests" name="[34] /home/travis/build/icyphy/ptII/ptolemy/domains/de/test/auto/MergeModel3Add.xml (RunModel)" time="0.048" />
  <testcase classname="ptolemy.util.test.junit.AutoTests" name="[35] /home/travis/build/icyphy/ptII/ptolemy/domains/de/test/auto/MergeWithoutDiscard.xml (RunModel)" time="0.01" />
  <testcase classname="ptolemy.util.test.junit.AutoTests" name="[36] /home/travis/build/icyphy/ptII/ptolemy/domains/de/test/auto/Modal1.xml (RunModel)" time="0.034" />
  <testcase classname="ptolemy.util.test.junit.AutoTests" name="[37] /home/travis/build/icyphy/ptII/ptolemy/domains/de/test/auto/Modal2.xml (RunModel)" time="0.027" />
  <testcase classname="ptolemy.util.test.junit.AutoTests" name="[38] /home/travis/build/icyphy/ptII/ptolemy/domains/de/test/auto/Modal3.xml (RunModel)" time="0.034" />
  <testcase classname="ptolemy.util.test.junit.AutoTests" name="[39] /home/travis/build/icyphy/ptII/ptolemy/domains/de/test/auto/Modal4.xml (RunModel)" time="0.031" />
  <testcase classname="ptolemy.util.test.junit.AutoTests" name="[40] /home/travis/build/icyphy/ptII/ptolemy/domains/de/test/auto/Modal5.xml (RunModel)" time="0.028" />
  <testcase classname="ptolemy.util.test.junit.AutoTests" name="[41] /home/travis/build/icyphy/ptII/ptolemy/domains/de/test/auto/Modal6.xml (RunModel)" time="0.033" />
  <testcase classname="ptolemy.util.test.junit.AutoTests" name="[42] /home/travis/build/icyphy/ptII/ptolemy/domains/de/test/auto/Modal7.xml (RunModel)" time="0.027" />
  <testcase classname="ptolemy.util.test.junit.AutoTests" name="[43] /home/travis/build/icyphy/ptII/ptolemy/domains/de/test/auto/ModalModel.xml (RunModel)" time="0.177" />
  <testcase classname="ptolemy.util.test.junit.AutoTests" name="[44] /home/travis/build/icyphy/ptII/ptolemy/domains/de/test/auto/ModalSource.xml (RunModel)" time="0.018" />
  <testcase classname="ptolemy.util.test.junit.AutoTests" name="[45] /home/travis/build/icyphy/ptII/ptolemy/domains/de/test/auto/NonInterruptibleTimerZeroDelay.xml (RunModel)" time="0.019" />
  <testcase classname="ptolemy.util.test.junit.AutoTests" name="[46] /home/travis/build/icyphy/ptII/ptolemy/domains/de/test/auto/OpenQueueingNetwork.xml (RunModel)" time="2.342" />
  <testcase classname="ptolemy.util.test.junit.AutoTests" name="[47] /home/travis/build/icyphy/ptII/ptolemy/domains/de/test/auto/OpenQueuingNetwork.xml (RunModel)" time="0.251" />
  <testcase classname="ptolemy.util.test.junit.AutoTests" name="[48] /home/travis/build/icyphy/ptII/ptolemy/domains/de/test/auto/PeriodicSampler.xml (RunModel)" time="0.013" />
  <testcase classname="ptolemy.util.test.junit.AutoTests" name="[49] /home/travis/build/icyphy/ptII/ptolemy/domains/de/test/auto/PersistentIO.xml (RunModel)" time="0.019" />
  <testcase classname="ptolemy.util.test.junit.AutoTests" name="[50] /home/travis/build/icyphy/ptII/ptolemy/domains/de/test/auto/PortParameterResetOnInitialize.xml (RunModel)" time="0.009" />
  <testcase classname="ptolemy.util.test.junit.AutoTests" name="[51] /home/travis/build/icyphy/ptII/ptolemy/domains/de/test/auto/PortParameterUpdates.xml (RunModel)" time="0.013" />
  <testcase classname="ptolemy.util.test.junit.AutoTests" name="[52] /home/travis/build/icyphy/ptII/ptolemy/domains/de/test/auto/QueueAndServer.xml (RunModel)" time="0.02" />
  <testcase classname="ptolemy.util.test.junit.AutoTests" name="[53] /home/travis/build/icyphy/ptII/ptolemy/domains/de/test/auto/Records.xml (RunModel)" time="0.016" />
  <testcase classname="ptolemy.util.test.junit.AutoTests" name="[54] /home/travis/build/icyphy/ptII/ptolemy/domains/de/test/auto/ResetTransitionWithStartTime1.xml (RunModel)" time="0.018" />
  <testcase classname="ptolemy.util.test.junit.AutoTests" name="[55] /home/travis/build/icyphy/ptII/ptolemy/domains/de/test/auto/ResetTransitionWithStartTime2.xml (RunModel)" time="0.018" />
  <testcase classname="ptolemy.util.test.junit.AutoTests" name="[56] /home/travis/build/icyphy/ptII/ptolemy/domains/de/test/auto/ResetTransitionWithStartTime3.xml (RunModel)" time="0.02" />
  <testcase classname="ptolemy.util.test.junit.AutoTests" name="[57] /home/travis/build/icyphy/ptII/ptolemy/domains/de/test/auto/ResetTransitionWithStartTime4.xml (RunModel)" time="0.02" />
  <testcase classname="ptolemy.util.test.junit.AutoTests" name="[58] /home/travis/build/icyphy/ptII/ptolemy/domains/de/test/auto/ResettableTimer1.xml (RunModel)" time="0.009" />
  <testcase classname="ptolemy.util.test.junit.AutoTests" name="[59] /home/travis/build/icyphy/ptII/ptolemy/domains/de/test/auto/ResettableTimer2.xml (RunModel)" time="0.008" />
  <testcase classname="ptolemy.util.test.junit.AutoTests" name="[60] /home/travis/build/icyphy/ptII/ptolemy/domains/de/test/auto/ResettableTimer3.xml (RunModel)" time="0.01" />
  <testcase classname="ptolemy.util.test.junit.AutoTests" name="[61] /home/travis/build/icyphy/ptII/ptolemy/domains/de/test/auto/ResettableTimer4.xml (RunModel)" time="0.01" />
  <testcase classname="ptolemy.util.test.junit.AutoTests" name="[62] /home/travis/build/icyphy/ptII/ptolemy/domains/de/test/auto/ResettableTimer5.xml (RunModel)" time="0.01" />
  <testcase classname="ptolemy.util.test.junit.AutoTests" name="[63] /home/travis/build/icyphy/ptII/ptolemy/domains/de/test/auto/ResettableTimer6.xml (RunModel)" time="0.015" />
  <testcase classname="ptolemy.util.test.junit.AutoTests" name="[64] /home/travis/build/icyphy/ptII/ptolemy/domains/de/test/auto/ServerZeroDelay.xml (RunModel)" time="0.011" />
  <testcase classname="ptolemy.util.test.junit.AutoTests" name="[65] /home/travis/build/icyphy/ptII/ptolemy/domains/de/test/auto/SmartSender.xml (RunModel)" time="3.01" />
  <testcase classname="ptolemy.util.test.junit.AutoTests" name="[66] /home/travis/build/icyphy/ptII/ptolemy/domains/de/test/auto/ThreadedComposite.xml (RunModel)" time="0.163" />
  <testcase classname="ptolemy.util.test.junit.AutoTests" name="[67] /home/travis/build/icyphy/ptII/ptolemy/domains/de/test/auto/Time.xml (RunModel)" time="0.415" />
  <testcase classname="ptolemy.util.test.junit.AutoTests" name="[68] /home/travis/build/icyphy/ptII/ptolemy/domains/de/test/auto/TimeDelayZeroDelay.xml (RunModel)" time="0.017" />
  <testcase classname="ptolemy.util.test.junit.AutoTests" name="[69] /home/travis/build/icyphy/ptII/ptolemy/domains/de/test/auto/TimerZeroDelay.xml (RunModel)" time="0.01" />
  <testcase classname="ptolemy.util.test.junit.AutoTests" name="[70] /home/travis/build/icyphy/ptII/ptolemy/domains/de/test/auto/TimingParadox.xml (RunModel)" time="0.377" />
  <testcase classname="ptolemy.util.test.junit.AutoTests" name="[71] /home/travis/build/icyphy/ptII/ptolemy/domains/de/test/auto/TransferInputs.xml (RunModel)" time="0.01" />
  <testcase classname="ptolemy.util.test.junit.AutoTests" name="[72] /home/travis/build/icyphy/ptII/ptolemy/domains/de/test/auto/TransferOutputs2.xml (RunModel)" time="0.014" />
  <testcase classname="ptolemy.util.test.junit.AutoTests" name="[73] /home/travis/build/icyphy/ptII/ptolemy/domains/de/test/auto/Trilateration.xml (RunModel)" time="12.221" />
  <testcase classname="ptolemy.util.test.junit.AutoTests" name="[74] /home/travis/build/icyphy/ptII/ptolemy/domains/de/test/auto/TwoSigmaDelta.xml (RunModel)" time="2.061" />
  <testcase classname="ptolemy.util.test.junit.AutoTests" name="[75] /home/travis/build/icyphy/ptII/ptolemy/domains/de/test/auto/VariableDelay.xml (RunModel)" time="0.015" />
  <testcase classname="ptolemy.util.test.junit.AutoTests" name="[76] /home/travis/build/icyphy/ptII/ptolemy/domains/de/test/auto/VariableDelay2.xml (RunModel)" time="0.017" />
  <testcase classname="ptolemy.util.test.junit.AutoTests" name="[77] /home/travis/build/icyphy/ptII/ptolemy/domains/de/test/auto/VariableDelayZeroDelay.xml (RunModel)" time="0.026" />
  <testcase classname="ptolemy.util.test.junit.AutoTests" name="[78] /home/travis/build/icyphy/ptII/ptolemy/domains/de/test/auto/VariableDelayZeroDelay2.xml (RunModel)" time="0.013" />
  <testcase classname="ptolemy.util.test.junit.AutoTests" name="[79] /home/travis/build/icyphy/ptII/ptolemy/domains/de/test/auto/deInCt.xml (RunModel)" time="0.019" />
  <testcase classname="ptolemy.util.test.junit.AutoTests" name="[80] /home/travis/build/icyphy/ptII/ptolemy/domains/de/test/auto/deInCt2.xml (RunModel)" time="0.02" />
  <testcase classname="ptolemy.util.test.junit.AutoTests" name="[81] /home/travis/build/icyphy/ptII/ptolemy/domains/de/test/auto/dynamicCausalityInterface1.xml (RunModel)" time="0.029" />
  <testcase classname="ptolemy.util.test.junit.AutoTests" name="[82] /home/travis/build/icyphy/ptII/ptolemy/domains/de/test/auto/fsm_de_test.xml (RunModel)" time="0.038" />
  <testcase classname="ptolemy.util.test.junit.AutoTests" name="[83] /home/travis/build/icyphy/ptII/ptolemy/domains/de/test/auto/functionDependencyReconstruction.xml (RunModel)" time="0.079" />
  <testcase classname="ptolemy.util.test.junit.AutoTests" name="[84] /home/travis/build/icyphy/ptII/ptolemy/domains/de/test/auto/multirate.xml (RunModel)" time="0.042" />
  <testcase classname="ptolemy.util.test.junit.AutoTests" name="[85] /home/travis/build/icyphy/ptII/ptolemy/domains/de/test/auto/multirate2.xml (RunModel)" time="0.027" />
  <testcase classname="ptolemy.util.test.junit.AutoTests" name="[86] /home/travis/build/icyphy/ptII/ptolemy/domains/de/test/auto/realtime.xml (RunModel)" time="10.026" />
  <testcase classname="ptolemy.util.test.junit.AutoTests" name="[87] /home/travis/build/icyphy/ptII/ptolemy/domains/de/test/auto/relationGroup.xml (RunModel)" time="0.013" />
  <testcase classname="ptolemy.util.test.junit.AutoTests" name="[88] /home/travis/build/icyphy/ptII/ptolemy/domains/de/test/auto/relationGroup2.xml (RunModel)" time="0.008" />
  <testcase classname="ptolemy.util.test.junit.AutoTests" name="[89] /home/travis/build/icyphy/ptII/ptolemy/domains/de/test/auto/sortWithOpaquePorts.xml (RunModel)" time="0.01" />
  <testcase classname="ptolemy.util.test.junit.AutoTests" name="[90] /home/travis/build/icyphy/ptII/ptolemy/domains/de/test/auto/transferInputsandOutputs.xml (RunModel)" time="0.015" />
  <testcase classname="ptolemy.util.test.junit.AutoTests" name="[91] /home/travis/build/icyphy/ptII/ptolemy/domains/de/test/auto/triggerType.xml (RunModel)" time="0.012" />
  <system-out><![CDATA[/home/travis/build/icyphy/ptII/ptolemy/domains/de/test/DependencyLoop.tcl
testDefs.tcl: setting time out to 9000 seconds at Sat Jul 06 06:33:57 UTC 2019
90 ms. Memory: 120832K Free: 99135K (82%)
25 ms. Memory: 167936K Free: 150181K (89%)
/home/travis/build/icyphy/ptII/ptolemy/domains/de/test/RunDETestsAsQSS.tcl
Run the DE tests using ptolemy.domains.qss.test.QSSDirectorTest, which extends QSSDirector and prints a message in the constructors.
------------------ testing $PTII/ptolemy/domains/de/test/auto/knownFailedTests/DirectFeedback.xml (Known Failure) 
54 ms. Memory: 167936K Free: 144565K (86%)


==== $PTIIhome/travis/build/icyphy/ptII/ptolemy/domains/de/test/../../../../: Auto Automatic test in file $PTII/ptolemy/domains/de/test/auto/knownFailedTests/DirectFeedback.xml
==== Contents of test case:

	    # FIXME: we should use $relativeFilename here, but it
	    # might have backslashes under Windows, which causes no end
	    # of trouble.
	    createAndExecute $file
	    list {}
	
.... Test generated KNOWN error:
    while executing
ptolemy.kernel.util.IllegalActionException: Test fails in iteration 1.
Value was: 1.0. Should have been: 2.0
  in .DirectFeedback.Test
	at ptolemy.actor.lib.Test.fire(Test.java:268)
	at ptolemy.domains.de.kernel.DEDirector._fire(DEDirector.java:1949)
	at ptolemy.domains.de.kernel.DEDirector.fire(DEDirector.java:502)
	at ptolemy.actor.CompositeActor.fire(CompositeActor.java:455)
	at ptolemy.actor.Manager.iterate(Manager.java:851)
	at ptolemy.actor.Manager.execute(Manager.java:369)
	at ptolemy.actor.Manager.run(Manager.java:1263)
	at ptolemy.actor.Manager$PtolemyRunThread.run(Manager.java:1915)

    while executing
ptolemy.kernel.util.IllegalActionException: Test fails in iteration 1.
Value was: 1.0. Should have been: 2.0
  in .DirectFeedback.Test
    while executing
"java::new ptolemy.moml.MoMLSimpleApplication $file
"
    (procedure "createAndExecute" line 2)
    invoked from within
"createAndExecute $file"
    ("uplevel" body line 5)
    invoked from within
"uplevel $contents_of_test"
------------------ testing $PTII/ptolemy/domains/de/test/auto/knownFailedTests/dependencyLoop.xml (Known Failure) 
23 ms. Memory: 167936K Free: 141493K (84%)


==== $PTIIhome/travis/build/icyphy/ptII/ptolemy/domains/de/test/../../../../: Auto Automatic test in file $PTII/ptolemy/domains/de/test/auto/knownFailedTests/dependencyLoop.xml
==== Contents of test case:

	    # FIXME: we should use $relativeFilename here, but it
	    # might have backslashes under Windows, which causes no end
	    # of trouble.
	    createAndExecute $file
	    list {}
	
.... Test generated KNOWN error:
    while executing
ptolemy.kernel.util.IllegalActionException: Found a zero delay loop containing .dependencyLoop.original
  in .dependencyLoop and .dependencyLoop.original
	at ptolemy.actor.util.CausalityInterfaceForComposites._computeOutputPortDepth(CausalityInterfaceForComposites.java:759)
	at ptolemy.actor.util.CausalityInterfaceForComposites._computeInputDepth(CausalityInterfaceForComposites.java:696)
	at ptolemy.actor.util.CausalityInterfaceForComposites._computeOutputPortDepth(CausalityInterfaceForComposites.java:765)
	at ptolemy.actor.util.CausalityInterfaceForComposites._computeInputDepth(CausalityInterfaceForComposites.java:696)
	at ptolemy.actor.util.CausalityInterfaceForComposites._computeOutputPortDepth(CausalityInterfaceForComposites.java:765)
	at ptolemy.actor.util.CausalityInterfaceForComposites._computeInputDepth(CausalityInterfaceForComposites.java:696)
	at ptolemy.actor.util.CausalityInterfaceForComposites._computeActorDepth(CausalityInterfaceForComposites.java:532)
	at ptolemy.actor.util.CausalityInterfaceForComposites.checkForCycles(CausalityInterfaceForComposites.java:96)
	at ptolemy.domains.de.kernel.DEDirector.preinitialize(DEDirector.java:1338)
	at ptolemy.actor.CompositeActor.preinitialize(CompositeActor.java:1828)
	at ptolemy.actor.Manager.preinitializeAndResolveTypes(Manager.java:1040)
	at ptolemy.actor.Manager.initialize(Manager.java:710)
	at ptolemy.actor.Manager.execute(Manager.java:356)
	at ptolemy.actor.Manager.run(Manager.java:1263)
	at ptolemy.actor.Manager$PtolemyRunThread.run(Manager.java:1915)

    while executing
ptolemy.kernel.util.IllegalActionException: Found a zero delay loop containing .dependencyLoop.original
  in .dependencyLoop and .dependencyLoop.original
    while executing
"java::new ptolemy.moml.MoMLSimpleApplication $file
"
    (procedure "createAndExecute" line 2)
    invoked from within
"createAndExecute $file"
    ("uplevel" body line 5)
    invoked from within
"uplevel $contents_of_test"
------------------ testing $PTII/ptolemy/domains/de/test/auto/knownFailedTests/FSMSource.xml (Known Failure) 
89 ms. Memory: 167936K Free: 132773K (79%)
!!!! Auto was marked as failing, but now passes
------------------ testing $PTII/ptolemy/domains/de/test/auto/knownFailedTests/HierarchicalModel.xml (Known Failure) 
13 ms. Memory: 167936K Free: 115365K (69%)


==== $PTIIhome/travis/build/icyphy/ptII/ptolemy/domains/de/test/../../../../: Auto Automatic test in file $PTII/ptolemy/domains/de/test/auto/knownFailedTests/HierarchicalModel.xml
==== Contents of test case:

	    # FIXME: we should use $relativeFilename here, but it
	    # might have backslashes under Windows, which causes no end
	    # of trouble.
	    createAndExecute $file
	    list {}
	
.... Test generated KNOWN error:
    while executing
ptolemy.kernel.util.IllegalActionException: Found a zero delay loop containing .HierarchicalModel.A
  in .HierarchicalModel and .HierarchicalModel.A
	at ptolemy.actor.util.CausalityInterfaceForComposites._computeOutputPortDepth(CausalityInterfaceForComposites.java:759)
	at ptolemy.actor.util.CausalityInterfaceForComposites._computeInputDepth(CausalityInterfaceForComposites.java:696)
	at ptolemy.actor.util.CausalityInterfaceForComposites._computeOutputPortDepth(CausalityInterfaceForComposites.java:765)
	at ptolemy.actor.util.CausalityInterfaceForComposites._computeInputDepth(CausalityInterfaceForComposites.java:696)
	at ptolemy.actor.util.CausalityInterfaceForComposites._computeOutputPortDepth(CausalityInterfaceForComposites.java:765)
	at ptolemy.actor.util.CausalityInterfaceForComposites._computeInputDepth(CausalityInterfaceForComposites.java:696)
	at ptolemy.actor.util.CausalityInterfaceForComposites._computeActorDepth(CausalityInterfaceForComposites.java:532)
	at ptolemy.actor.util.CausalityInterfaceForComposites.checkForCycles(CausalityInterfaceForComposites.java:96)
	at ptolemy.domains.de.kernel.DEDirector.preinitialize(DEDirector.java:1338)
	at ptolemy.actor.CompositeActor.preinitialize(CompositeActor.java:1828)
	at ptolemy.actor.Manager.preinitializeAndResolveTypes(Manager.java:1040)
	at ptolemy.actor.Manager.initialize(Manager.java:710)
	at ptolemy.actor.Manager.execute(Manager.java:356)
	at ptolemy.actor.Manager.run(Manager.java:1263)
	at ptolemy.actor.Manager$PtolemyRunThread.run(Manager.java:1915)

    while executing
ptolemy.kernel.util.IllegalActionException: Found a zero delay loop containing .HierarchicalModel.A
  in .HierarchicalModel and .HierarchicalModel.A
    while executing
"java::new ptolemy.moml.MoMLSimpleApplication $file
"
    (procedure "createAndExecute" line 2)
    invoked from within
"createAndExecute $file"
    ("uplevel" body line 5)
    invoked from within
"uplevel $contents_of_test"
------------------ testing $PTII/ptolemy/domains/de/test/auto/knownFailedTests/dependencyLoop2.xml (Known Failure) 
14 ms. Memory: 167936K Free: 111797K (67%)


==== $PTIIhome/travis/build/icyphy/ptII/ptolemy/domains/de/test/../../../../: Auto Automatic test in file $PTII/ptolemy/domains/de/test/auto/knownFailedTests/dependencyLoop2.xml
==== Contents of test case:

	    # FIXME: we should use $relativeFilename here, but it
	    # might have backslashes under Windows, which causes no end
	    # of trouble.
	    createAndExecute $file
	    list {}
	
.... Test generated KNOWN error:
    while executing
ptolemy.kernel.util.IllegalActionException: Found a zero delay loop containing .dependencyLoop2.original
  in .dependencyLoop2 and .dependencyLoop2.original
	at ptolemy.actor.util.CausalityInterfaceForComposites._computeOutputPortDepth(CausalityInterfaceForComposites.java:759)
	at ptolemy.actor.util.CausalityInterfaceForComposites._computeInputDepth(CausalityInterfaceForComposites.java:696)
	at ptolemy.actor.util.CausalityInterfaceForComposites._computeOutputPortDepth(CausalityInterfaceForComposites.java:765)
	at ptolemy.actor.util.CausalityInterfaceForComposites._computeInputDepth(CausalityInterfaceForComposites.java:696)
	at ptolemy.actor.util.CausalityInterfaceForComposites._computeOutputPortDepth(CausalityInterfaceForComposites.java:765)
	at ptolemy.actor.util.CausalityInterfaceForComposites._computeInputDepth(CausalityInterfaceForComposites.java:696)
	at ptolemy.actor.util.CausalityInterfaceForComposites._computeActorDepth(CausalityInterfaceForComposites.java:532)
	at ptolemy.actor.util.CausalityInterfaceForComposites.checkForCycles(CausalityInterfaceForComposites.java:96)
	at ptolemy.domains.de.kernel.DEDirector.preinitialize(DEDirector.java:1338)
	at ptolemy.actor.CompositeActor.preinitialize(CompositeActor.java:1828)
	at ptolemy.actor.Manager.preinitializeAndResolveTypes(Manager.java:1040)
	at ptolemy.actor.Manager.initialize(Manager.java:710)
	at ptolemy.actor.Manager.execute(Manager.java:356)
	at ptolemy.actor.Manager.run(Manager.java:1263)
	at ptolemy.actor.Manager$PtolemyRunThread.run(Manager.java:1915)

    while executing
ptolemy.kernel.util.IllegalActionException: Found a zero delay loop containing .dependencyLoop2.original
  in .dependencyLoop2 and .dependencyLoop2.original
    while executing
"java::new ptolemy.moml.MoMLSimpleApplication $file
"
    (procedure "createAndExecute" line 2)
    invoked from within
"createAndExecute $file"
    ("uplevel" body line 5)
    invoked from within
"uplevel $contents_of_test"
------------------ testing $PTII/ptolemy/domains/de/test/auto/knownFailedTests/DESDFClockTest.xml (Known Failure) 
2069 ms. Memory: 167936K Free: 99509K (59%)


==== $PTIIhome/travis/build/icyphy/ptII/ptolemy/domains/de/test/../../../../: Auto Automatic test in file $PTII/ptolemy/domains/de/test/auto/knownFailedTests/DESDFClockTest.xml
==== Contents of test case:

	    # FIXME: we should use $relativeFilename here, but it
	    # might have backslashes under Windows, which causes no end
	    # of trouble.
	    createAndExecute $file
	    list {}
	
.... Test generated KNOWN error:
    while executing
ptolemy.kernel.util.IllegalActionException: Actor is not ready to fire.  Perhaps UpSample.prefire() returned false? Try debugging the actor by selecting "Listen to Actor".  Also, for SDF check moml for tokenConsumptionRate on input.
  in .DESDFClockTest.Play Bell.Copy1:SDF Director and .DESDFClockTest.Play Bell.UpSample
	at ptolemy.actor.sched.StaticSchedulingDirector.fire(StaticSchedulingDirector.java:227)
	at ptolemy.domains.sdf.kernel.SDFDirector.fire(SDFDirector.java:500)
	at ptolemy.actor.CompositeActor.fire(CompositeActor.java:455)
	at ptolemy.domains.de.kernel.DEDirector._fire(DEDirector.java:1949)
	at ptolemy.domains.de.kernel.DEDirector.fire(DEDirector.java:502)
	at ptolemy.actor.CompositeActor.fire(CompositeActor.java:455)
	at ptolemy.actor.Manager.iterate(Manager.java:851)
	at ptolemy.actor.Manager.execute(Manager.java:369)
	at ptolemy.actor.Manager.run(Manager.java:1263)
	at ptolemy.actor.Manager$PtolemyRunThread.run(Manager.java:1915)

    while executing
ptolemy.kernel.util.IllegalActionException: Actor is not ready to fire.  Perhaps UpSample.prefire() returned false? Try debugging the actor by selecting "Listen to Actor".  Also, for SDF check moml for tokenConsumptionRate on input.
  in .DESDFClockTest.Play Bell.Copy1:SDF Director and .DESDFClockTest.Play Bell.UpSample
    while executing
"java::new ptolemy.moml.MoMLSimpleApplication $file
"
    (procedure "createAndExecute" line 2)
    invoked from within
"createAndExecute $file"
    ("uplevel" body line 5)
    invoked from within
"uplevel $contents_of_test"
------------------ testing $PTII/ptolemy/domains/de/test/auto/ActorDepthCalculation_actorWithoutPorts.xml
auto.tcl: Setting watchdog for 200 seconds at Sat Jul 06 06:34:01 UTC 2019
11 ms. Memory: 167936K Free: 91813K (55%)
ptolemy.util.test.WatchDog.cancel(): canceling Sat Jul 06 06:34:01 UTC 2019
auto.tcl: Setting watchdog for 200 seconds at Sat Jul 06 06:34:01 UTC 2019
5 ms. Memory: 167936K Free: 90773K (54%)
ptolemy.util.test.WatchDog.cancel(): canceling Sat Jul 06 06:34:01 UTC 2019
------------------ testing $PTII/ptolemy/domains/de/test/auto/AssemblyLine.xml
auto.tcl: Setting watchdog for 200 seconds at Sat Jul 06 06:34:02 UTC 2019
25 ms. Memory: 45056K Free: 23795K (53%)
ptolemy.util.test.WatchDog.cancel(): canceling Sat Jul 06 06:34:02 UTC 2019
auto.tcl: Setting watchdog for 200 seconds at Sat Jul 06 06:34:02 UTC 2019
8 ms. Memory: 45056K Free: 23186K (51%)
ptolemy.util.test.WatchDog.cancel(): canceling Sat Jul 06 06:34:02 UTC 2019
------------------ testing $PTII/ptolemy/domains/de/test/auto/CQBug1.xml
auto.tcl: Setting watchdog for 200 seconds at Sat Jul 06 06:34:02 UTC 2019
3 ms. Memory: 45056K Free: 29318K (65%)
ptolemy.util.test.WatchDog.cancel(): canceling Sat Jul 06 06:34:02 UTC 2019
auto.tcl: Setting watchdog for 200 seconds at Sat Jul 06 06:34:02 UTC 2019
3 ms. Memory: 45056K Free: 28995K (64%)
ptolemy.util.test.WatchDog.cancel(): canceling Sat Jul 06 06:34:02 UTC 2019
------------------ testing $PTII/ptolemy/domains/de/test/auto/CancelFireAt.xml
auto.tcl: Setting watchdog for 200 seconds at Sat Jul 06 06:34:02 UTC 2019
13 ms. Memory: 45056K Free: 30260K (67%)
ptolemy.util.test.WatchDog.cancel(): canceling Sat Jul 06 06:34:02 UTC 2019
auto.tcl: Setting watchdog for 200 seconds at Sat Jul 06 06:34:02 UTC 2019
2 ms. Memory: 45056K Free: 29717K (66%)
ptolemy.util.test.WatchDog.cancel(): canceling Sat Jul 06 06:34:02 UTC 2019
------------------ testing $PTII/ptolemy/domains/de/test/auto/CausalityAndComposabilityAnalysis.xml
auto.tcl: Setting watchdog for 200 seconds at Sat Jul 06 06:34:02 UTC 2019
6 ms. Memory: 45056K Free: 28217K (63%)
ptolemy.util.test.WatchDog.cancel(): canceling Sat Jul 06 06:34:02 UTC 2019
auto.tcl: Setting watchdog for 200 seconds at Sat Jul 06 06:34:02 UTC 2019
13 ms. Memory: 45056K Free: 27654K (61%)
ptolemy.util.test.WatchDog.cancel(): canceling Sat Jul 06 06:34:02 UTC 2019
------------------ testing $PTII/ptolemy/domains/de/test/auto/CausalityInterface1.xml
auto.tcl: Setting watchdog for 200 seconds at Sat Jul 06 06:34:02 UTC 2019
31 ms. Memory: 45056K Free: 26835K (60%)
ptolemy.util.test.WatchDog.cancel(): canceling Sat Jul 06 06:34:02 UTC 2019
auto.tcl: Setting watchdog for 200 seconds at Sat Jul 06 06:34:02 UTC 2019
4 ms. Memory: 45056K Free: 25778K (57%)
ptolemy.util.test.WatchDog.cancel(): canceling Sat Jul 06 06:34:02 UTC 2019
------------------ testing $PTII/ptolemy/domains/de/test/auto/CausalityInterface15.xml
auto.tcl: Setting watchdog for 200 seconds at Sat Jul 06 06:34:02 UTC 2019
5 ms. Memory: 45056K Free: 26715K (59%)
ptolemy.util.test.WatchDog.cancel(): canceling Sat Jul 06 06:34:03 UTC 2019
auto.tcl: Setting watchdog for 200 seconds at Sat Jul 06 06:34:03 UTC 2019
4 ms. Memory: 45056K Free: 25966K (58%)
ptolemy.util.test.WatchDog.cancel(): canceling Sat Jul 06 06:34:03 UTC 2019
------------------ testing $PTII/ptolemy/domains/de/test/auto/CausalityInterface2.xml
auto.tcl: Setting watchdog for 200 seconds at Sat Jul 06 06:34:03 UTC 2019
4 ms. Memory: 45056K Free: 27764K (62%)
ptolemy.util.test.WatchDog.cancel(): canceling Sat Jul 06 06:34:03 UTC 2019
auto.tcl: Setting watchdog for 200 seconds at Sat Jul 06 06:34:03 UTC 2019
3 ms. Memory: 45056K Free: 27007K (60%)
ptolemy.util.test.WatchDog.cancel(): canceling Sat Jul 06 06:34:03 UTC 2019
------------------ testing $PTII/ptolemy/domains/de/test/auto/CausalityInterface3.xml
auto.tcl: Setting watchdog for 200 seconds at Sat Jul 06 06:34:03 UTC 2019
3 ms. Memory: 45056K Free: 27282K (61%)
ptolemy.util.test.WatchDog.cancel(): canceling Sat Jul 06 06:34:03 UTC 2019
auto.tcl: Setting watchdog for 200 seconds at Sat Jul 06 06:34:03 UTC 2019
3 ms. Memory: 45056K Free: 26741K (59%)
ptolemy.util.test.WatchDog.cancel(): canceling Sat Jul 06 06:34:03 UTC 2019
------------------ testing $PTII/ptolemy/domains/de/test/auto/ClockDrift.xml
auto.tcl: Setting watchdog for 200 seconds at Sat Jul 06 06:34:03 UTC 2019
101 ms. Memory: 45056K Free: 19746K (44%)
ptolemy.util.test.WatchDog.cancel(): canceling Sat Jul 06 06:34:03 UTC 2019
auto.tcl: Setting watchdog for 200 seconds at Sat Jul 06 06:34:03 UTC 2019
66 ms. Memory: 45056K Free: 16751K (37%)
ptolemy.util.test.WatchDog.cancel(): canceling Sat Jul 06 06:34:03 UTC 2019
------------------ testing $PTII/ptolemy/domains/de/test/auto/ClockDriftAndValueChange.xml
auto.tcl: Setting watchdog for 200 seconds at Sat Jul 06 06:34:03 UTC 2019
43 ms. Memory: 45056K Free: 20265K (45%)
ptolemy.util.test.WatchDog.cancel(): canceling Sat Jul 06 06:34:03 UTC 2019
auto.tcl: Setting watchdog for 200 seconds at Sat Jul 06 06:34:03 UTC 2019
30 ms. Memory: 45056K Free: 17083K (38%)
ptolemy.util.test.WatchDog.cancel(): canceling Sat Jul 06 06:34:03 UTC 2019
------------------ testing $PTII/ptolemy/domains/de/test/auto/ClockDriftChange.xml
auto.tcl: Setting watchdog for 200 seconds at Sat Jul 06 06:34:03 UTC 2019
22 ms. Memory: 45056K Free: 21989K (49%)
ptolemy.util.test.WatchDog.cancel(): canceling Sat Jul 06 06:34:03 UTC 2019
auto.tcl: Setting watchdog for 200 seconds at Sat Jul 06 06:34:03 UTC 2019
24 ms. Memory: 45056K Free: 19395K (43%)
ptolemy.util.test.WatchDog.cancel(): canceling Sat Jul 06 06:34:03 UTC 2019
------------------ testing $PTII/ptolemy/domains/de/test/auto/ComposableCausalityAnalysis.xml
auto.tcl: Setting watchdog for 200 seconds at Sat Jul 06 06:34:03 UTC 2019
3 ms. Memory: 45056K Free: 26265K (58%)
ptolemy.util.test.WatchDog.cancel(): canceling Sat Jul 06 06:34:03 UTC 2019
auto.tcl: Setting watchdog for 200 seconds at Sat Jul 06 06:34:03 UTC 2019
2 ms. Memory: 45056K Free: 25269K (56%)
ptolemy.util.test.WatchDog.cancel(): canceling Sat Jul 06 06:34:03 UTC 2019
------------------ testing $PTII/ptolemy/domains/de/test/auto/DEFixedPointLimitation.xml
auto.tcl: Setting watchdog for 200 seconds at Sat Jul 06 06:34:03 UTC 2019
2 ms. Memory: 45056K Free: 27662K (61%)
ptolemy.util.test.WatchDog.cancel(): canceling Sat Jul 06 06:34:03 UTC 2019
auto.tcl: Setting watchdog for 200 seconds at Sat Jul 06 06:34:03 UTC 2019
4 ms. Memory: 45056K Free: 26930K (60%)
ptolemy.util.test.WatchDog.cancel(): canceling Sat Jul 06 06:34:03 UTC 2019
------------------ testing $PTII/ptolemy/domains/de/test/auto/DEScheduleTest.xml
auto.tcl: Setting watchdog for 200 seconds at Sat Jul 06 06:34:03 UTC 2019
9 ms. Memory: 45056K Free: 28088K (62%)
ptolemy.util.test.WatchDog.cancel(): canceling Sat Jul 06 06:34:03 UTC 2019
auto.tcl: Setting watchdog for 200 seconds at Sat Jul 06 06:34:03 UTC 2019
3 ms. Memory: 45056K Free: 27267K (61%)
ptolemy.util.test.WatchDog.cancel(): canceling Sat Jul 06 06:34:04 UTC 2019
------------------ testing $PTII/ptolemy/domains/de/test/auto/DEinDEwithStartTimes.xml
auto.tcl: Setting watchdog for 200 seconds at Sat Jul 06 06:34:04 UTC 2019
4 ms. Memory: 45056K Free: 26491K (59%)
ptolemy.util.test.WatchDog.cancel(): canceling Sat Jul 06 06:34:04 UTC 2019
auto.tcl: Setting watchdog for 200 seconds at Sat Jul 06 06:34:04 UTC 2019
6 ms. Memory: 45056K Free: 25163K (56%)
ptolemy.util.test.WatchDog.cancel(): canceling Sat Jul 06 06:34:04 UTC 2019
------------------ testing $PTII/ptolemy/domains/de/test/auto/DEinDEwithStartTimes2.xml
auto.tcl: Setting watchdog for 200 seconds at Sat Jul 06 06:34:04 UTC 2019
7 ms. Memory: 45056K Free: 25571K (57%)
ptolemy.util.test.WatchDog.cancel(): canceling Sat Jul 06 06:34:04 UTC 2019
auto.tcl: Setting watchdog for 200 seconds at Sat Jul 06 06:34:04 UTC 2019
4 ms. Memory: 45056K Free: 24321K (54%)
ptolemy.util.test.WatchDog.cancel(): canceling Sat Jul 06 06:34:04 UTC 2019
------------------ testing $PTII/ptolemy/domains/de/test/auto/DateDemo.xml
auto.tcl: Setting watchdog for 200 seconds at Sat Jul 06 06:34:04 UTC 2019
16 ms. Memory: 45056K Free: 20088K (45%)
ptolemy.util.test.WatchDog.cancel(): canceling Sat Jul 06 06:34:04 UTC 2019
auto.tcl: Setting watchdog for 200 seconds at Sat Jul 06 06:34:04 UTC 2019
10 ms. Memory: 45056K Free: 18432K (41%)
ptolemy.util.test.WatchDog.cancel(): canceling Sat Jul 06 06:34:04 UTC 2019
------------------ testing $PTII/ptolemy/domains/de/test/auto/DateToEvent.xml
auto.tcl: Setting watchdog for 200 seconds at Sat Jul 06 06:34:04 UTC 2019
2011 ms. Memory: 45056K Free: 15683K (35%)
ptolemy.util.test.WatchDog.cancel(): canceling Sat Jul 06 06:34:06 UTC 2019
auto.tcl: Setting watchdog for 200 seconds at Sat Jul 06 06:34:06 UTC 2019
2005 ms. Memory: 45056K Free: 30542K (68%)
ptolemy.util.test.WatchDog.cancel(): canceling Sat Jul 06 06:34:08 UTC 2019
------------------ testing $PTII/ptolemy/domains/de/test/auto/DepthTest1.xml
auto.tcl: Setting watchdog for 200 seconds at Sat Jul 06 06:34:08 UTC 2019
3 ms. Memory: 45056K Free: 28906K (64%)
ptolemy.util.test.WatchDog.cancel(): canceling Sat Jul 06 06:34:08 UTC 2019
auto.tcl: Setting watchdog for 200 seconds at Sat Jul 06 06:34:08 UTC 2019
2 ms. Memory: 45056K Free: 28493K (63%)
ptolemy.util.test.WatchDog.cancel(): canceling Sat Jul 06 06:34:08 UTC 2019
------------------ testing $PTII/ptolemy/domains/de/test/auto/DepthTest2.xml
auto.tcl: Setting watchdog for 200 seconds at Sat Jul 06 06:34:08 UTC 2019
8 ms. Memory: 45056K Free: 25780K (57%)
ptolemy.util.test.WatchDog.cancel(): canceling Sat Jul 06 06:34:08 UTC 2019
auto.tcl: Setting watchdog for 200 seconds at Sat Jul 06 06:34:08 UTC 2019
2 ms. Memory: 45056K Free: 25157K (56%)
ptolemy.util.test.WatchDog.cancel(): canceling Sat Jul 06 06:34:08 UTC 2019
------------------ testing $PTII/ptolemy/domains/de/test/auto/DepthTest3.xml
auto.tcl: Setting watchdog for 200 seconds at Sat Jul 06 06:34:08 UTC 2019
5 ms. Memory: 45056K Free: 29238K (65%)
ptolemy.util.test.WatchDog.cancel(): canceling Sat Jul 06 06:34:08 UTC 2019
auto.tcl: Setting watchdog for 200 seconds at Sat Jul 06 06:34:08 UTC 2019
1 ms. Memory: 45056K Free: 28482K (63%)
ptolemy.util.test.WatchDog.cancel(): canceling Sat Jul 06 06:34:08 UTC 2019
------------------ testing $PTII/ptolemy/domains/de/test/auto/DepthTest4.xml
auto.tcl: Setting watchdog for 200 seconds at Sat Jul 06 06:34:08 UTC 2019
4 ms. Memory: 45056K Free: 27414K (61%)
ptolemy.util.test.WatchDog.cancel(): canceling Sat Jul 06 06:34:08 UTC 2019
auto.tcl: Setting watchdog for 200 seconds at Sat Jul 06 06:34:08 UTC 2019
2 ms. Memory: 45056K Free: 26479K (59%)
ptolemy.util.test.WatchDog.cancel(): canceling Sat Jul 06 06:34:08 UTC 2019
------------------ testing $PTII/ptolemy/domains/de/test/auto/DepthTest5.xml
auto.tcl: Setting watchdog for 200 seconds at Sat Jul 06 06:34:08 UTC 2019
4 ms. Memory: 45056K Free: 26720K (59%)
ptolemy.util.test.WatchDog.cancel(): canceling Sat Jul 06 06:34:08 UTC 2019
auto.tcl: Setting watchdog for 200 seconds at Sat Jul 06 06:34:08 UTC 2019
2 ms. Memory: 45056K Free: 26120K (58%)
ptolemy.util.test.WatchDog.cancel(): canceling Sat Jul 06 06:34:08 UTC 2019
------------------ testing $PTII/ptolemy/domains/de/test/auto/DepthTest6.xml
auto.tcl: Setting watchdog for 200 seconds at Sat Jul 06 06:34:08 UTC 2019
4 ms. Memory: 45056K Free: 26682K (59%)
ptolemy.util.test.WatchDog.cancel(): canceling Sat Jul 06 06:34:08 UTC 2019
auto.tcl: Setting watchdog for 200 seconds at Sat Jul 06 06:34:08 UTC 2019
3 ms. Memory: 45056K Free: 26098K (58%)
ptolemy.util.test.WatchDog.cancel(): canceling Sat Jul 06 06:34:08 UTC 2019
------------------ testing $PTII/ptolemy/domains/de/test/auto/DepthTest7.xml
auto.tcl: Setting watchdog for 200 seconds at Sat Jul 06 06:34:08 UTC 2019
3 ms. Memory: 45056K Free: 27518K (61%)
ptolemy.util.test.WatchDog.cancel(): canceling Sat Jul 06 06:34:08 UTC 2019
auto.tcl: Setting watchdog for 200 seconds at Sat Jul 06 06:34:08 UTC 2019
2 ms. Memory: 45056K Free: 26791K (59%)
ptolemy.util.test.WatchDog.cancel(): canceling Sat Jul 06 06:34:08 UTC 2019
------------------ testing $PTII/ptolemy/domains/de/test/auto/EventToDate.xml
auto.tcl: Setting watchdog for 200 seconds at Sat Jul 06 06:34:08 UTC 2019
3005 ms. Memory: 45056K Free: 18556K (41%)
ptolemy.util.test.WatchDog.cancel(): canceling Sat Jul 06 06:34:12 UTC 2019
auto.tcl: Setting watchdog for 200 seconds at Sat Jul 06 06:34:12 UTC 2019
3006 ms. Memory: 45056K Free: 17591K (39%)
ptolemy.util.test.WatchDog.cancel(): canceling Sat Jul 06 06:34:15 UTC 2019
------------------ testing $PTII/ptolemy/domains/de/test/auto/FSM1.xml
auto.tcl: Setting watchdog for 200 seconds at Sat Jul 06 06:34:15 UTC 2019
23 ms. Memory: 45056K Free: 19476K (43%)
ptolemy.util.test.WatchDog.cancel(): canceling Sat Jul 06 06:34:15 UTC 2019
auto.tcl: Setting watchdog for 200 seconds at Sat Jul 06 06:34:15 UTC 2019
15 ms. Memory: 45056K Free: 16249K (36%)
ptolemy.util.test.WatchDog.cancel(): canceling Sat Jul 06 06:34:15 UTC 2019
------------------ testing $PTII/ptolemy/domains/de/test/auto/FSM7.xml
auto.tcl: Setting watchdog for 200 seconds at Sat Jul 06 06:34:15 UTC 2019
28 ms. Memory: 45056K Free: 19293K (43%)
ptolemy.util.test.WatchDog.cancel(): canceling Sat Jul 06 06:34:15 UTC 2019
auto.tcl: Setting watchdog for 200 seconds at Sat Jul 06 06:34:15 UTC 2019
19 ms. Memory: 45056K Free: 16149K (36%)
ptolemy.util.test.WatchDog.cancel(): canceling Sat Jul 06 06:34:15 UTC 2019
------------------ testing $PTII/ptolemy/domains/de/test/auto/Inspection.xml
auto.tcl: Setting watchdog for 200 seconds at Sat Jul 06 06:34:15 UTC 2019
29 ms. Memory: 45056K Free: 19292K (43%)
ptolemy.util.test.WatchDog.cancel(): canceling Sat Jul 06 06:34:15 UTC 2019
auto.tcl: Setting watchdog for 200 seconds at Sat Jul 06 06:34:15 UTC 2019
18 ms. Memory: 45056K Free: 17502K (39%)
ptolemy.util.test.WatchDog.cancel(): canceling Sat Jul 06 06:34:15 UTC 2019
------------------ testing $PTII/ptolemy/domains/de/test/auto/Iteration.xml
auto.tcl: Setting watchdog for 200 seconds at Sat Jul 06 06:34:15 UTC 2019
8 ms. Memory: 45056K Free: 24941K (55%)
ptolemy.util.test.WatchDog.cancel(): canceling Sat Jul 06 06:34:15 UTC 2019
auto.tcl: Setting watchdog for 200 seconds at Sat Jul 06 06:34:15 UTC 2019
6 ms. Memory: 45056K Free: 23857K (53%)
ptolemy.util.test.WatchDog.cancel(): canceling Sat Jul 06 06:34:15 UTC 2019
------------------ testing $PTII/ptolemy/domains/de/test/auto/LineFault.xml
auto.tcl: Setting watchdog for 200 seconds at Sat Jul 06 06:34:15 UTC 2019
637 ms. Memory: 54272K Free: 37924K (70%)
ptolemy.util.test.WatchDog.cancel(): canceling Sat Jul 06 06:34:16 UTC 2019
auto.tcl: Setting watchdog for 200 seconds at Sat Jul 06 06:34:16 UTC 2019
583 ms. Memory: 54272K Free: 27689K (51%)
ptolemy.util.test.WatchDog.cancel(): canceling Sat Jul 06 06:34:16 UTC 2019
------------------ testing $PTII/ptolemy/domains/de/test/auto/MergeModel1Add.xml
auto.tcl: Setting watchdog for 200 seconds at Sat Jul 06 06:34:17 UTC 2019
40 ms. Memory: 51200K Free: 17023K (33%)
ptolemy.util.test.WatchDog.cancel(): canceling Sat Jul 06 06:34:17 UTC 2019
auto.tcl: Setting watchdog for 200 seconds at Sat Jul 06 06:34:17 UTC 2019
11 ms. Memory: 51200K Free: 15369K (30%)
ptolemy.util.test.WatchDog.cancel(): canceling Sat Jul 06 06:34:17 UTC 2019
------------------ testing $PTII/ptolemy/domains/de/test/auto/MergeModel2Add.xml
auto.tcl: Setting watchdog for 200 seconds at Sat Jul 06 06:34:17 UTC 2019
10 ms. Memory: 48128K Free: 16525K (34%)
ptolemy.util.test.WatchDog.cancel(): canceling Sat Jul 06 06:34:17 UTC 2019
auto.tcl: Setting watchdog for 200 seconds at Sat Jul 06 06:34:17 UTC 2019
8 ms. Memory: 48128K Free: 15078K (31%)
ptolemy.util.test.WatchDog.cancel(): canceling Sat Jul 06 06:34:17 UTC 2019
------------------ testing $PTII/ptolemy/domains/de/test/auto/MergeModel3Add.xml
auto.tcl: Setting watchdog for 200 seconds at Sat Jul 06 06:34:17 UTC 2019
8 ms. Memory: 48128K Free: 16290K (34%)
ptolemy.util.test.WatchDog.cancel(): canceling Sat Jul 06 06:34:17 UTC 2019
auto.tcl: Setting watchdog for 200 seconds at Sat Jul 06 06:34:17 UTC 2019
8 ms. Memory: 48128K Free: 14633K (30%)
ptolemy.util.test.WatchDog.cancel(): canceling Sat Jul 06 06:34:17 UTC 2019
------------------ testing $PTII/ptolemy/domains/de/test/auto/MergeWithoutDiscard.xml
auto.tcl: Setting watchdog for 200 seconds at Sat Jul 06 06:34:17 UTC 2019
2 ms. Memory: 45056K Free: 27523K (61%)
ptolemy.util.test.WatchDog.cancel(): canceling Sat Jul 06 06:34:17 UTC 2019
auto.tcl: Setting watchdog for 200 seconds at Sat Jul 06 06:34:17 UTC 2019
1 ms. Memory: 45056K Free: 27125K (60%)
ptolemy.util.test.WatchDog.cancel(): canceling Sat Jul 06 06:34:17 UTC 2019
------------------ testing $PTII/ptolemy/domains/de/test/auto/Modal1.xml
auto.tcl: Setting watchdog for 200 seconds at Sat Jul 06 06:34:17 UTC 2019
12 ms. Memory: 45056K Free: 19679K (44%)
ptolemy.util.test.WatchDog.cancel(): canceling Sat Jul 06 06:34:17 UTC 2019
auto.tcl: Setting watchdog for 200 seconds at Sat Jul 06 06:34:17 UTC 2019
13 ms. Memory: 45056K Free: 16420K (36%)
ptolemy.util.test.WatchDog.cancel(): canceling Sat Jul 06 06:34:17 UTC 2019
------------------ testing $PTII/ptolemy/domains/de/test/auto/Modal2.xml
auto.tcl: Setting watchdog for 200 seconds at Sat Jul 06 06:34:17 UTC 2019
16 ms. Memory: 45056K Free: 19565K (43%)
ptolemy.util.test.WatchDog.cancel(): canceling Sat Jul 06 06:34:17 UTC 2019
auto.tcl: Setting watchdog for 200 seconds at Sat Jul 06 06:34:17 UTC 2019
13 ms. Memory: 45056K Free: 16307K (36%)
ptolemy.util.test.WatchDog.cancel(): canceling Sat Jul 06 06:34:17 UTC 2019
------------------ testing $PTII/ptolemy/domains/de/test/auto/Modal3.xml
auto.tcl: Setting watchdog for 200 seconds at Sat Jul 06 06:34:17 UTC 2019
14 ms. Memory: 45056K Free: 19564K (43%)
ptolemy.util.test.WatchDog.cancel(): canceling Sat Jul 06 06:34:17 UTC 2019
auto.tcl: Setting watchdog for 200 seconds at Sat Jul 06 06:34:17 UTC 2019
14 ms. Memory: 45056K Free: 16360K (36%)
ptolemy.util.test.WatchDog.cancel(): canceling Sat Jul 06 06:34:17 UTC 2019
------------------ testing $PTII/ptolemy/domains/de/test/auto/Modal4.xml
auto.tcl: Setting watchdog for 200 seconds at Sat Jul 06 06:34:17 UTC 2019
28 ms. Memory: 45056K Free: 18538K (41%)
ptolemy.util.test.WatchDog.cancel(): canceling Sat Jul 06 06:34:17 UTC 2019
auto.tcl: Setting watchdog for 200 seconds at Sat Jul 06 06:34:17 UTC 2019
18 ms. Memory: 45056K Free: 14659K (33%)
ptolemy.util.test.WatchDog.cancel(): canceling Sat Jul 06 06:34:17 UTC 2019
------------------ testing $PTII/ptolemy/domains/de/test/auto/Modal5.xml
auto.tcl: Setting watchdog for 200 seconds at Sat Jul 06 06:34:17 UTC 2019
13 ms. Memory: 45056K Free: 18742K (42%)
ptolemy.util.test.WatchDog.cancel(): canceling Sat Jul 06 06:34:17 UTC 2019
auto.tcl: Setting watchdog for 200 seconds at Sat Jul 06 06:34:17 UTC 2019
15 ms. Memory: 45056K Free: 14965K (33%)
ptolemy.util.test.WatchDog.cancel(): canceling Sat Jul 06 06:34:17 UTC 2019
------------------ testing $PTII/ptolemy/domains/de/test/auto/Modal6.xml
auto.tcl: Setting watchdog for 200 seconds at Sat Jul 06 06:34:18 UTC 2019
13 ms. Memory: 45056K Free: 19310K (43%)
ptolemy.util.test.WatchDog.cancel(): canceling Sat Jul 06 06:34:18 UTC 2019
auto.tcl: Setting watchdog for 200 seconds at Sat Jul 06 06:34:18 UTC 2019
14 ms. Memory: 45056K Free: 15671K (35%)
ptolemy.util.test.WatchDog.cancel(): canceling Sat Jul 06 06:34:18 UTC 2019
------------------ testing $PTII/ptolemy/domains/de/test/auto/Modal7.xml
auto.tcl: Setting watchdog for 200 seconds at Sat Jul 06 06:34:18 UTC 2019
10 ms. Memory: 45056K Free: 18278K (41%)
ptolemy.util.test.WatchDog.cancel(): canceling Sat Jul 06 06:34:18 UTC 2019
auto.tcl: Setting watchdog for 200 seconds at Sat Jul 06 06:34:18 UTC 2019
13 ms. Memory: 45056K Free: 15014K (33%)
ptolemy.util.test.WatchDog.cancel(): canceling Sat Jul 06 06:34:18 UTC 2019
------------------ testing $PTII/ptolemy/domains/de/test/auto/ModalModel.xml
auto.tcl: Setting watchdog for 200 seconds at Sat Jul 06 06:34:18 UTC 2019
231 ms. Memory: 54272K Free: 14866K (27%)
ptolemy.util.test.WatchDog.cancel(): canceling Sat Jul 06 06:34:18 UTC 2019
auto.tcl: Setting watchdog for 200 seconds at Sat Jul 06 06:34:18 UTC 2019
215 ms. Memory: 54272K Free: 35366K (65%)
ptolemy.util.test.WatchDog.cancel(): canceling Sat Jul 06 06:34:18 UTC 2019
------------------ testing $PTII/ptolemy/domains/de/test/auto/ModalSource.xml
auto.tcl: Setting watchdog for 200 seconds at Sat Jul 06 06:34:18 UTC 2019
11 ms. Memory: 48128K Free: 26389K (55%)
ptolemy.util.test.WatchDog.cancel(): canceling Sat Jul 06 06:34:18 UTC 2019
auto.tcl: Setting watchdog for 200 seconds at Sat Jul 06 06:34:18 UTC 2019
7 ms. Memory: 48128K Free: 24341K (51%)
ptolemy.util.test.WatchDog.cancel(): canceling Sat Jul 06 06:34:18 UTC 2019
------------------ testing $PTII/ptolemy/domains/de/test/auto/NonInterruptibleTimerZeroDelay.xml
auto.tcl: Setting watchdog for 200 seconds at Sat Jul 06 06:34:18 UTC 2019
3 ms. Memory: 48128K Free: 31570K (66%)
ptolemy.util.test.WatchDog.cancel(): canceling Sat Jul 06 06:34:18 UTC 2019
auto.tcl: Setting watchdog for 200 seconds at Sat Jul 06 06:34:18 UTC 2019
2 ms. Memory: 48128K Free: 30684K (64%)
ptolemy.util.test.WatchDog.cancel(): canceling Sat Jul 06 06:34:18 UTC 2019
------------------ testing $PTII/ptolemy/domains/de/test/auto/OpenQueueingNetwork.xml
auto.tcl: Setting watchdog for 200 seconds at Sat Jul 06 06:34:18 UTC 2019
2697 ms. Memory: 136192K Free: 77495K (57%)
ptolemy.util.test.WatchDog.cancel(): canceling Sat Jul 06 06:34:21 UTC 2019
auto.tcl: Setting watchdog for 200 seconds at Sat Jul 06 06:34:21 UTC 2019
2567 ms. Memory: 176128K Free: 87657K (50%)
ptolemy.util.test.WatchDog.cancel(): canceling Sat Jul 06 06:34:24 UTC 2019
------------------ testing $PTII/ptolemy/domains/de/test/auto/OpenQueuingNetwork.xml
auto.tcl: Setting watchdog for 200 seconds at Sat Jul 06 06:34:24 UTC 2019
246 ms. Memory: 51200K Free: 16202K (32%)
ptolemy.util.test.WatchDog.cancel(): canceling Sat Jul 06 06:34:24 UTC 2019
auto.tcl: Setting watchdog for 200 seconds at Sat Jul 06 06:34:24 UTC 2019
291 ms. Memory: 51200K Free: 20817K (41%)
ptolemy.util.test.WatchDog.cancel(): canceling Sat Jul 06 06:34:25 UTC 2019
------------------ testing $PTII/ptolemy/domains/de/test/auto/PeriodicSampler.xml
auto.tcl: Setting watchdog for 200 seconds at Sat Jul 06 06:34:25 UTC 2019
3 ms. Memory: 48128K Free: 30526K (63%)
ptolemy.util.test.WatchDog.cancel(): canceling Sat Jul 06 06:34:25 UTC 2019
auto.tcl: Setting watchdog for 200 seconds at Sat Jul 06 06:34:25 UTC 2019
2 ms. Memory: 48128K Free: 30030K (62%)
ptolemy.util.test.WatchDog.cancel(): canceling Sat Jul 06 06:34:25 UTC 2019
------------------ testing $PTII/ptolemy/domains/de/test/auto/PersistentIO.xml
auto.tcl: Setting watchdog for 200 seconds at Sat Jul 06 06:34:25 UTC 2019
6 ms. Memory: 48128K Free: 25458K (53%)
ptolemy.util.test.WatchDog.cancel(): canceling Sat Jul 06 06:34:25 UTC 2019
auto.tcl: Setting watchdog for 200 seconds at Sat Jul 06 06:34:25 UTC 2019
3 ms. Memory: 48128K Free: 23993K (50%)
ptolemy.util.test.WatchDog.cancel(): canceling Sat Jul 06 06:34:25 UTC 2019
------------------ testing $PTII/ptolemy/domains/de/test/auto/PortParameterResetOnInitialize.xml
auto.tcl: Setting watchdog for 200 seconds at Sat Jul 06 06:34:25 UTC 2019
2 ms. Memory: 48128K Free: 30434K (63%)
ptolemy.util.test.WatchDog.cancel(): canceling Sat Jul 06 06:34:25 UTC 2019
auto.tcl: Setting watchdog for 200 seconds at Sat Jul 06 06:34:25 UTC 2019
1 ms. Memory: 48128K Free: 29951K (62%)
ptolemy.util.test.WatchDog.cancel(): canceling Sat Jul 06 06:34:25 UTC 2019
------------------ testing $PTII/ptolemy/domains/de/test/auto/PortParameterUpdates.xml
auto.tcl: Setting watchdog for 200 seconds at Sat Jul 06 06:34:25 UTC 2019
3 ms. Memory: 45056K Free: 25460K (57%)
ptolemy.util.test.WatchDog.cancel(): canceling Sat Jul 06 06:34:25 UTC 2019
auto.tcl: Setting watchdog for 200 seconds at Sat Jul 06 06:34:25 UTC 2019
4 ms. Memory: 45056K Free: 24033K (53%)
ptolemy.util.test.WatchDog.cancel(): canceling Sat Jul 06 06:34:25 UTC 2019
------------------ testing $PTII/ptolemy/domains/de/test/auto/QueueAndServer.xml
auto.tcl: Setting watchdog for 200 seconds at Sat Jul 06 06:34:25 UTC 2019
14 ms. Memory: 45056K Free: 24421K (54%)
ptolemy.util.test.WatchDog.cancel(): canceling Sat Jul 06 06:34:25 UTC 2019
auto.tcl: Setting watchdog for 200 seconds at Sat Jul 06 06:34:25 UTC 2019
7 ms. Memory: 45056K Free: 23015K (51%)
ptolemy.util.test.WatchDog.cancel(): canceling Sat Jul 06 06:34:25 UTC 2019
------------------ testing $PTII/ptolemy/domains/de/test/auto/Records.xml
auto.tcl: Setting watchdog for 200 seconds at Sat Jul 06 06:34:25 UTC 2019
5 ms. Memory: 45056K Free: 26905K (60%)
ptolemy.util.test.WatchDog.cancel(): canceling Sat Jul 06 06:34:25 UTC 2019
auto.tcl: Setting watchdog for 200 seconds at Sat Jul 06 06:34:25 UTC 2019
3 ms. Memory: 45056K Free: 26452K (59%)
ptolemy.util.test.WatchDog.cancel(): canceling Sat Jul 06 06:34:25 UTC 2019
------------------ testing $PTII/ptolemy/domains/de/test/auto/ResetTransitionWithStartTime1.xml
auto.tcl: Setting watchdog for 200 seconds at Sat Jul 06 06:34:25 UTC 2019
13 ms. Memory: 45056K Free: 23862K (53%)
ptolemy.util.test.WatchDog.cancel(): canceling Sat Jul 06 06:34:25 UTC 2019
auto.tcl: Setting watchdog for 200 seconds at Sat Jul 06 06:34:25 UTC 2019
6 ms. Memory: 45056K Free: 21383K (47%)
ptolemy.util.test.WatchDog.cancel(): canceling Sat Jul 06 06:34:25 UTC 2019
------------------ testing $PTII/ptolemy/domains/de/test/auto/ResetTransitionWithStartTime2.xml
auto.tcl: Setting watchdog for 200 seconds at Sat Jul 06 06:34:25 UTC 2019
8 ms. Memory: 45056K Free: 23818K (53%)
ptolemy.util.test.WatchDog.cancel(): canceling Sat Jul 06 06:34:25 UTC 2019
auto.tcl: Setting watchdog for 200 seconds at Sat Jul 06 06:34:25 UTC 2019
6 ms. Memory: 45056K Free: 21307K (47%)
ptolemy.util.test.WatchDog.cancel(): canceling Sat Jul 06 06:34:25 UTC 2019
------------------ testing $PTII/ptolemy/domains/de/test/auto/ResetTransitionWithStartTime3.xml
auto.tcl: Setting watchdog for 200 seconds at Sat Jul 06 06:34:25 UTC 2019
6 ms. Memory: 45056K Free: 23968K (53%)
ptolemy.util.test.WatchDog.cancel(): canceling Sat Jul 06 06:34:25 UTC 2019
auto.tcl: Setting watchdog for 200 seconds at Sat Jul 06 06:34:25 UTC 2019
6 ms. Memory: 45056K Free: 21769K (48%)
ptolemy.util.test.WatchDog.cancel(): canceling Sat Jul 06 06:34:25 UTC 2019
------------------ testing $PTII/ptolemy/domains/de/test/auto/ResetTransitionWithStartTime4.xml
auto.tcl: Setting watchdog for 200 seconds at Sat Jul 06 06:34:25 UTC 2019
16 ms. Memory: 45056K Free: 24338K (54%)
ptolemy.util.test.WatchDog.cancel(): canceling Sat Jul 06 06:34:25 UTC 2019
auto.tcl: Setting watchdog for 200 seconds at Sat Jul 06 06:34:25 UTC 2019
5 ms. Memory: 45056K Free: 22942K (51%)
ptolemy.util.test.WatchDog.cancel(): canceling Sat Jul 06 06:34:25 UTC 2019
------------------ testing $PTII/ptolemy/domains/de/test/auto/ResettableTimer1.xml
auto.tcl: Setting watchdog for 200 seconds at Sat Jul 06 06:34:25 UTC 2019
3 ms. Memory: 45056K Free: 28138K (62%)
ptolemy.util.test.WatchDog.cancel(): canceling Sat Jul 06 06:34:25 UTC 2019
auto.tcl: Setting watchdog for 200 seconds at Sat Jul 06 06:34:25 UTC 2019
2 ms. Memory: 45056K Free: 27447K (61%)
ptolemy.util.test.WatchDog.cancel(): canceling Sat Jul 06 06:34:25 UTC 2019
------------------ testing $PTII/ptolemy/domains/de/test/auto/ResettableTimer2.xml
auto.tcl: Setting watchdog for 200 seconds at Sat Jul 06 06:34:25 UTC 2019
2 ms. Memory: 45056K Free: 28181K (63%)
ptolemy.util.test.WatchDog.cancel(): canceling Sat Jul 06 06:34:25 UTC 2019
auto.tcl: Setting watchdog for 200 seconds at Sat Jul 06 06:34:25 UTC 2019
2 ms. Memory: 45056K Free: 27069K (60%)
ptolemy.util.test.WatchDog.cancel(): canceling Sat Jul 06 06:34:25 UTC 2019
------------------ testing $PTII/ptolemy/domains/de/test/auto/ResettableTimer3.xml
auto.tcl: Setting watchdog for 200 seconds at Sat Jul 06 06:34:26 UTC 2019
1 ms. Memory: 45056K Free: 28445K (63%)
ptolemy.util.test.WatchDog.cancel(): canceling Sat Jul 06 06:34:26 UTC 2019
auto.tcl: Setting watchdog for 200 seconds at Sat Jul 06 06:34:26 UTC 2019
1 ms. Memory: 45056K Free: 27949K (62%)
ptolemy.util.test.WatchDog.cancel(): canceling Sat Jul 06 06:34:26 UTC 2019
------------------ testing $PTII/ptolemy/domains/de/test/auto/ResettableTimer4.xml
auto.tcl: Setting watchdog for 200 seconds at Sat Jul 06 06:34:26 UTC 2019
2 ms. Memory: 45056K Free: 28445K (63%)
ptolemy.util.test.WatchDog.cancel(): canceling Sat Jul 06 06:34:26 UTC 2019
auto.tcl: Setting watchdog for 200 seconds at Sat Jul 06 06:34:26 UTC 2019
1 ms. Memory: 45056K Free: 27963K (62%)
ptolemy.util.test.WatchDog.cancel(): canceling Sat Jul 06 06:34:26 UTC 2019
------------------ testing $PTII/ptolemy/domains/de/test/auto/ResettableTimer5.xml
auto.tcl: Setting watchdog for 200 seconds at Sat Jul 06 06:34:26 UTC 2019
1 ms. Memory: 45056K Free: 27994K (62%)
ptolemy.util.test.WatchDog.cancel(): canceling Sat Jul 06 06:34:26 UTC 2019
auto.tcl: Setting watchdog for 200 seconds at Sat Jul 06 06:34:26 UTC 2019
1 ms. Memory: 45056K Free: 27066K (60%)
ptolemy.util.test.WatchDog.cancel(): canceling Sat Jul 06 06:34:26 UTC 2019
------------------ testing $PTII/ptolemy/domains/de/test/auto/ResettableTimer6.xml
auto.tcl: Setting watchdog for 200 seconds at Sat Jul 06 06:34:26 UTC 2019
1 ms. Memory: 45056K Free: 27420K (61%)
ptolemy.util.test.WatchDog.cancel(): canceling Sat Jul 06 06:34:26 UTC 2019
auto.tcl: Setting watchdog for 200 seconds at Sat Jul 06 06:34:26 UTC 2019
1 ms. Memory: 45056K Free: 26927K (60%)
ptolemy.util.test.WatchDog.cancel(): canceling Sat Jul 06 06:34:26 UTC 2019
------------------ testing $PTII/ptolemy/domains/de/test/auto/ServerZeroDelay.xml
auto.tcl: Setting watchdog for 200 seconds at Sat Jul 06 06:34:26 UTC 2019
2 ms. Memory: 45056K Free: 28117K (62%)
ptolemy.util.test.WatchDog.cancel(): canceling Sat Jul 06 06:34:26 UTC 2019
auto.tcl: Setting watchdog for 200 seconds at Sat Jul 06 06:34:26 UTC 2019
2 ms. Memory: 45056K Free: 27051K (60%)
ptolemy.util.test.WatchDog.cancel(): canceling Sat Jul 06 06:34:26 UTC 2019
------------------ testing $PTII/ptolemy/domains/de/test/auto/SmartSender.xml
auto.tcl: Setting watchdog for 200 seconds at Sat Jul 06 06:34:26 UTC 2019
3001 ms. Memory: 45056K Free: 27937K (62%)
ptolemy.util.test.WatchDog.cancel(): canceling Sat Jul 06 06:34:29 UTC 2019
auto.tcl: Setting watchdog for 200 seconds at Sat Jul 06 06:34:29 UTC 2019
3001 ms. Memory: 45056K Free: 27467K (61%)
ptolemy.util.test.WatchDog.cancel(): canceling Sat Jul 06 06:34:32 UTC 2019
------------------ testing $PTII/ptolemy/domains/de/test/auto/ThreadedComposite.xml
auto.tcl: Setting watchdog for 200 seconds at Sat Jul 06 06:34:32 UTC 2019
239 ms. Memory: 45056K Free: 7756K (17%)
ptolemy.util.test.WatchDog.cancel(): canceling Sat Jul 06 06:34:32 UTC 2019
auto.tcl: Setting watchdog for 200 seconds at Sat Jul 06 06:34:32 UTC 2019
249 ms. Memory: 45056K Free: 12175K (27%)
ptolemy.util.test.WatchDog.cancel(): canceling Sat Jul 06 06:34:32 UTC 2019
------------------ testing $PTII/ptolemy/domains/de/test/auto/Time.xml
auto.tcl: Setting watchdog for 200 seconds at Sat Jul 06 06:34:32 UTC 2019
558 ms. Memory: 45056K Free: 21365K (47%)
ptolemy.util.test.WatchDog.cancel(): canceling Sat Jul 06 06:34:33 UTC 2019
auto.tcl: Setting watchdog for 200 seconds at Sat Jul 06 06:34:33 UTC 2019
507 ms. Memory: 63488K Free: 43995K (69%)
ptolemy.util.test.WatchDog.cancel(): canceling Sat Jul 06 06:34:34 UTC 2019
------------------ testing $PTII/ptolemy/domains/de/test/auto/TimeDelayZeroDelay.xml
auto.tcl: Setting watchdog for 200 seconds at Sat Jul 06 06:34:34 UTC 2019
2 ms. Memory: 45056K Free: 28345K (63%)
ptolemy.util.test.WatchDog.cancel(): canceling Sat Jul 06 06:34:34 UTC 2019
auto.tcl: Setting watchdog for 200 seconds at Sat Jul 06 06:34:34 UTC 2019
2 ms. Memory: 45056K Free: 27484K (61%)
ptolemy.util.test.WatchDog.cancel(): canceling Sat Jul 06 06:34:34 UTC 2019
------------------ testing $PTII/ptolemy/domains/de/test/auto/TimerZeroDelay.xml
auto.tcl: Setting watchdog for 200 seconds at Sat Jul 06 06:34:34 UTC 2019
3 ms. Memory: 45056K Free: 28400K (63%)
ptolemy.util.test.WatchDog.cancel(): canceling Sat Jul 06 06:34:34 UTC 2019
auto.tcl: Setting watchdog for 200 seconds at Sat Jul 06 06:34:34 UTC 2019
3 ms. Memory: 45056K Free: 27540K (61%)
ptolemy.util.test.WatchDog.cancel(): canceling Sat Jul 06 06:34:34 UTC 2019
------------------ testing $PTII/ptolemy/domains/de/test/auto/TimingParadox.xml
auto.tcl: Setting watchdog for 200 seconds at Sat Jul 06 06:34:34 UTC 2019
345 ms. Memory: 45056K Free: 25760K (57%)
ptolemy.util.test.WatchDog.cancel(): canceling Sat Jul 06 06:34:34 UTC 2019
auto.tcl: Setting watchdog for 200 seconds at Sat Jul 06 06:34:34 UTC 2019
338 ms. Memory: 45056K Free: 9978K (22%)
ptolemy.util.test.WatchDog.cancel(): canceling Sat Jul 06 06:34:35 UTC 2019
------------------ testing $PTII/ptolemy/domains/de/test/auto/TransferInputs.xml
auto.tcl: Setting watchdog for 200 seconds at Sat Jul 06 06:34:35 UTC 2019
1 ms. Memory: 45056K Free: 26429K (59%)
ptolemy.util.test.WatchDog.cancel(): canceling Sat Jul 06 06:34:35 UTC 2019
auto.tcl: Setting watchdog for 200 seconds at Sat Jul 06 06:34:35 UTC 2019
2 ms. Memory: 45056K Free: 25517K (57%)
ptolemy.util.test.WatchDog.cancel(): canceling Sat Jul 06 06:34:35 UTC 2019
------------------ testing $PTII/ptolemy/domains/de/test/auto/TransferOutputs2.xml
auto.tcl: Setting watchdog for 200 seconds at Sat Jul 06 06:34:35 UTC 2019
2 ms. Memory: 45056K Free: 23898K (53%)
ptolemy.util.test.WatchDog.cancel(): canceling Sat Jul 06 06:34:35 UTC 2019
auto.tcl: Setting watchdog for 200 seconds at Sat Jul 06 06:34:35 UTC 2019
4 ms. Memory: 45056K Free: 22385K (50%)
ptolemy.util.test.WatchDog.cancel(): canceling Sat Jul 06 06:34:35 UTC 2019
------------------ testing $PTII/ptolemy/domains/de/test/auto/Trilateration.xml
auto.tcl: Setting watchdog for 200 seconds at Sat Jul 06 06:34:35 UTC 2019
14561 ms. Memory: 527360K Free: 287921K (55%)
ptolemy.util.test.WatchDog.cancel(): canceling Sat Jul 06 06:34:50 UTC 2019
auto.tcl: Setting watchdog for 200 seconds at Sat Jul 06 06:34:50 UTC 2019
11161 ms. Memory: 527360K Free: 479717K (91%)
ptolemy.util.test.WatchDog.cancel(): canceling Sat Jul 06 06:35:02 UTC 2019
------------------ testing $PTII/ptolemy/domains/de/test/auto/TwoSigmaDelta.xml
auto.tcl: Setting watchdog for 200 seconds at Sat Jul 06 06:35:02 UTC 2019
2906 ms. Memory: 86016K Free: 57292K (67%)
ptolemy.util.test.WatchDog.cancel(): canceling Sat Jul 06 06:35:05 UTC 2019
auto.tcl: Setting watchdog for 200 seconds at Sat Jul 06 06:35:05 UTC 2019
2050 ms. Memory: 86016K Free: 49090K (57%)
ptolemy.util.test.WatchDog.cancel(): canceling Sat Jul 06 06:35:07 UTC 2019
------------------ testing $PTII/ptolemy/domains/de/test/auto/VariableDelay.xml
auto.tcl: Setting watchdog for 200 seconds at Sat Jul 06 06:35:07 UTC 2019
2 ms. Memory: 48128K Free: 29942K (62%)
ptolemy.util.test.WatchDog.cancel(): canceling Sat Jul 06 06:35:07 UTC 2019
auto.tcl: Setting watchdog for 200 seconds at Sat Jul 06 06:35:07 UTC 2019
2 ms. Memory: 48128K Free: 28924K (60%)
ptolemy.util.test.WatchDog.cancel(): canceling Sat Jul 06 06:35:07 UTC 2019
------------------ testing $PTII/ptolemy/domains/de/test/auto/VariableDelay2.xml
auto.tcl: Setting watchdog for 200 seconds at Sat Jul 06 06:35:07 UTC 2019
3 ms. Memory: 45056K Free: 27275K (61%)
ptolemy.util.test.WatchDog.cancel(): canceling Sat Jul 06 06:35:07 UTC 2019
auto.tcl: Setting watchdog for 200 seconds at Sat Jul 06 06:35:07 UTC 2019
1 ms. Memory: 45056K Free: 26765K (59%)
ptolemy.util.test.WatchDog.cancel(): canceling Sat Jul 06 06:35:07 UTC 2019
------------------ testing $PTII/ptolemy/domains/de/test/auto/VariableDelayZeroDelay.xml
auto.tcl: Setting watchdog for 200 seconds at Sat Jul 06 06:35:07 UTC 2019
2 ms. Memory: 45056K Free: 27797K (62%)
ptolemy.util.test.WatchDog.cancel(): canceling Sat Jul 06 06:35:07 UTC 2019
auto.tcl: Setting watchdog for 200 seconds at Sat Jul 06 06:35:07 UTC 2019
2 ms. Memory: 45056K Free: 27293K (61%)
ptolemy.util.test.WatchDog.cancel(): canceling Sat Jul 06 06:35:07 UTC 2019
------------------ testing $PTII/ptolemy/domains/de/test/auto/VariableDelayZeroDelay2.xml
auto.tcl: Setting watchdog for 200 seconds at Sat Jul 06 06:35:07 UTC 2019
4 ms. Memory: 45056K Free: 27788K (62%)
ptolemy.util.test.WatchDog.cancel(): canceling Sat Jul 06 06:35:07 UTC 2019
auto.tcl: Setting watchdog for 200 seconds at Sat Jul 06 06:35:07 UTC 2019
2 ms. Memory: 45056K Free: 26867K (60%)
ptolemy.util.test.WatchDog.cancel(): canceling Sat Jul 06 06:35:07 UTC 2019
------------------ testing $PTII/ptolemy/domains/de/test/auto/deInCt.xml
auto.tcl: Setting watchdog for 200 seconds at Sat Jul 06 06:35:07 UTC 2019
0
1
1
1
1
0
0
0
1
1
1
0
0
0
1
1
1
0
0
0
1
1
1
1
0
0
0
0
1
1
0
0
0
0
0
1
1
1
0
0
1
1
0
0
1
1
1
1
11 ms. Memory: 45056K Free: 26799K (59%)
ptolemy.util.test.WatchDog.cancel(): canceling Sat Jul 06 06:35:07 UTC 2019
auto.tcl: Setting watchdog for 200 seconds at Sat Jul 06 06:35:07 UTC 2019
0
1
1
1
0
0
0
0
1
1
0
0
0
1
1
1
0
0
0
1
1
1
1
1
0
0
0
1
1
1
1
0
0
0
1
1
1
1
1
6 ms. Memory: 45056K Free: 25279K (56%)
ptolemy.util.test.WatchDog.cancel(): canceling Sat Jul 06 06:35:07 UTC 2019
------------------ testing $PTII/ptolemy/domains/de/test/auto/deInCt2.xml
auto.tcl: Setting watchdog for 200 seconds at Sat Jul 06 06:35:07 UTC 2019
0
1
1
1
0
0
1
1
1
0
0
1
1
1
0
0
1
1
1
0
0
1
1
1
0
0
1
1
1
0
0
1
1
1
0
0
1
1
1
0
0
0
11 ms. Memory: 45056K Free: 26772K (59%)
ptolemy.util.test.WatchDog.cancel(): canceling Sat Jul 06 06:35:07 UTC 2019
auto.tcl: Setting watchdog for 200 seconds at Sat Jul 06 06:35:07 UTC 2019
0
1
1
1
0
0
1
1
1
0
0
1
1
1
0
0
1
1
1
0
0
1
1
1
0
0
1
1
1
0
0
1
1
1
0
0
1
1
1
0
0
0
8 ms. Memory: 45056K Free: 25282K (56%)
ptolemy.util.test.WatchDog.cancel(): canceling Sat Jul 06 06:35:07 UTC 2019
------------------ testing $PTII/ptolemy/domains/de/test/auto/dynamicCausalityInterface1.xml
auto.tcl: Setting watchdog for 200 seconds at Sat Jul 06 06:35:07 UTC 2019
2 ms. Memory: 45056K Free: 22661K (50%)
ptolemy.util.test.WatchDog.cancel(): canceling Sat Jul 06 06:35:07 UTC 2019
auto.tcl: Setting watchdog for 200 seconds at Sat Jul 06 06:35:07 UTC 2019
1 ms. Memory: 45056K Free: 22184K (49%)
ptolemy.util.test.WatchDog.cancel(): canceling Sat Jul 06 06:35:07 UTC 2019
------------------ testing $PTII/ptolemy/domains/de/test/auto/fsm_de_test.xml
auto.tcl: Setting watchdog for 200 seconds at Sat Jul 06 06:35:07 UTC 2019
7 ms. Memory: 45056K Free: 22560K (50%)
ptolemy.util.test.WatchDog.cancel(): canceling Sat Jul 06 06:35:07 UTC 2019
auto.tcl: Setting watchdog for 200 seconds at Sat Jul 06 06:35:07 UTC 2019
5 ms. Memory: 45056K Free: 20553K (46%)
ptolemy.util.test.WatchDog.cancel(): canceling Sat Jul 06 06:35:07 UTC 2019
------------------ testing $PTII/ptolemy/domains/de/test/auto/functionDependencyReconstruction.xml
auto.tcl: Setting watchdog for 200 seconds at Sat Jul 06 06:35:07 UTC 2019
3 ms. Memory: 45056K Free: 16423K (36%)
ptolemy.util.test.WatchDog.cancel(): canceling Sat Jul 06 06:35:07 UTC 2019
auto.tcl: Setting watchdog for 200 seconds at Sat Jul 06 06:35:07 UTC 2019
4 ms. Memory: 45056K Free: 14447K (32%)
ptolemy.util.test.WatchDog.cancel(): canceling Sat Jul 06 06:35:07 UTC 2019
------------------ testing $PTII/ptolemy/domains/de/test/auto/multirate.xml
auto.tcl: Setting watchdog for 200 seconds at Sat Jul 06 06:35:08 UTC 2019
4 ms. Memory: 45056K Free: 24972K (55%)
ptolemy.util.test.WatchDog.cancel(): canceling Sat Jul 06 06:35:08 UTC 2019
auto.tcl: Setting watchdog for 200 seconds at Sat Jul 06 06:35:08 UTC 2019
3 ms. Memory: 45056K Free: 23558K (52%)
ptolemy.util.test.WatchDog.cancel(): canceling Sat Jul 06 06:35:08 UTC 2019
------------------ testing $PTII/ptolemy/domains/de/test/auto/multirate2.xml
auto.tcl: Setting watchdog for 200 seconds at Sat Jul 06 06:35:08 UTC 2019
3 ms. Memory: 45056K Free: 25157K (56%)
ptolemy.util.test.WatchDog.cancel(): canceling Sat Jul 06 06:35:08 UTC 2019
auto.tcl: Setting watchdog for 200 seconds at Sat Jul 06 06:35:08 UTC 2019
3 ms. Memory: 45056K Free: 23718K (53%)
ptolemy.util.test.WatchDog.cancel(): canceling Sat Jul 06 06:35:08 UTC 2019
------------------ testing $PTII/ptolemy/domains/de/test/auto/realtime.xml
auto.tcl: Setting watchdog for 200 seconds at Sat Jul 06 06:35:08 UTC 2019
10002 ms. Memory: 45056K Free: 27238K (60%)
ptolemy.util.test.WatchDog.cancel(): canceling Sat Jul 06 06:35:18 UTC 2019
auto.tcl: Setting watchdog for 200 seconds at Sat Jul 06 06:35:18 UTC 2019
10002 ms. Memory: 45056K Free: 26264K (58%)
ptolemy.util.test.WatchDog.cancel(): canceling Sat Jul 06 06:35:28 UTC 2019
------------------ testing $PTII/ptolemy/domains/de/test/auto/relationGroup.xml
auto.tcl: Setting watchdog for 200 seconds at Sat Jul 06 06:35:28 UTC 2019
2 ms. Memory: 45056K Free: 28512K (63%)
ptolemy.util.test.WatchDog.cancel(): canceling Sat Jul 06 06:35:28 UTC 2019
auto.tcl: Setting watchdog for 200 seconds at Sat Jul 06 06:35:28 UTC 2019
2 ms. Memory: 45056K Free: 27757K (62%)
ptolemy.util.test.WatchDog.cancel(): canceling Sat Jul 06 06:35:28 UTC 2019
------------------ testing $PTII/ptolemy/domains/de/test/auto/relationGroup2.xml
auto.tcl: Setting watchdog for 200 seconds at Sat Jul 06 06:35:28 UTC 2019
1 ms. Memory: 45056K Free: 28294K (63%)
ptolemy.util.test.WatchDog.cancel(): canceling Sat Jul 06 06:35:28 UTC 2019
auto.tcl: Setting watchdog for 200 seconds at Sat Jul 06 06:35:28 UTC 2019
1 ms. Memory: 45056K Free: 27323K (61%)
ptolemy.util.test.WatchDog.cancel(): canceling Sat Jul 06 06:35:28 UTC 2019
------------------ testing $PTII/ptolemy/domains/de/test/auto/sortWithOpaquePorts.xml
auto.tcl: Setting watchdog for 200 seconds at Sat Jul 06 06:35:28 UTC 2019
1 ms. Memory: 45056K Free: 27299K (61%)
ptolemy.util.test.WatchDog.cancel(): canceling Sat Jul 06 06:35:28 UTC 2019
auto.tcl: Setting watchdog for 200 seconds at Sat Jul 06 06:35:28 UTC 2019
2 ms. Memory: 45056K Free: 26275K (58%)
ptolemy.util.test.WatchDog.cancel(): canceling Sat Jul 06 06:35:28 UTC 2019
------------------ testing $PTII/ptolemy/domains/de/test/auto/transferInputsandOutputs.xml
auto.tcl: Setting watchdog for 200 seconds at Sat Jul 06 06:35:28 UTC 2019
3 ms. Memory: 45056K Free: 24747K (55%)
ptolemy.util.test.WatchDog.cancel(): canceling Sat Jul 06 06:35:28 UTC 2019
auto.tcl: Setting watchdog for 200 seconds at Sat Jul 06 06:35:28 UTC 2019
2 ms. Memory: 45056K Free: 23830K (53%)
ptolemy.util.test.WatchDog.cancel(): canceling Sat Jul 06 06:35:28 UTC 2019
------------------ testing $PTII/ptolemy/domains/de/test/auto/triggerType.xml
auto.tcl: Setting watchdog for 200 seconds at Sat Jul 06 06:35:28 UTC 2019
1 ms. Memory: 45056K Free: 27772K (62%)
ptolemy.util.test.WatchDog.cancel(): canceling Sat Jul 06 06:35:28 UTC 2019
auto.tcl: Setting watchdog for 200 seconds at Sat Jul 06 06:35:28 UTC 2019
2 ms. Memory: 45056K Free: 26825K (60%)
ptolemy.util.test.WatchDog.cancel(): canceling Sat Jul 06 06:35:28 UTC 2019
07/06/19 06:35:28
Failed: 0  Total Tests: 192  ((Passed: 187, Newly Passed: 1)  Known Failed: 5) /home/travis/build/icyphy/ptII/ptolemy/domains/de/test
07/06/19 06:35:28
Failed: 0  Total Tests: 192  ((Passed: 187, Newly Passed: 1)  Known Failed: 5) /home/travis/build/icyphy/ptII/ptolemy/domains/de/test
----------------- testing (KnownFailure) /home/travis/build/icyphy/ptII/ptolemy/domains/de/test/auto/knownFailedTests/DESDFClockTest.xml
2017 ms. Memory: 45056K Free: 21150K (47%)
Known Failure: java.lang.reflect.InvocationTargetException
----------------- testing (KnownFailure) /home/travis/build/icyphy/ptII/ptolemy/domains/de/test/auto/knownFailedTests/DirectFeedback.xml
1 ms. Memory: 45056K Free: 17054K (38%)
Known Failure: java.lang.reflect.InvocationTargetException
----------------- testing (KnownFailure) /home/travis/build/icyphy/ptII/ptolemy/domains/de/test/auto/knownFailedTests/FSMSource.xml
16 ms. Memory: 45056K Free: 9376K (21%)
----------------- testing (KnownFailure) /home/travis/build/icyphy/ptII/ptolemy/domains/de/test/auto/knownFailedTests/HierarchicalModel.xml
4 ms. Memory: 45056K Free: 18563K (41%)
Known Failure: java.lang.reflect.InvocationTargetException
----------------- testing (KnownFailure) /home/travis/build/icyphy/ptII/ptolemy/domains/de/test/auto/knownFailedTests/dependencyLoop.xml
3 ms. Memory: 45056K Free: 28063K (62%)
Known Failure: java.lang.reflect.InvocationTargetException
----------------- testing (KnownFailure) /home/travis/build/icyphy/ptII/ptolemy/domains/de/test/auto/knownFailedTests/dependencyLoop2.xml
2 ms. Memory: 45056K Free: 13219K (29%)
Known Failure: java.lang.reflect.InvocationTargetException
No auto/linux-amd64/*.xml tests in /home/travis/build/icyphy/ptII/ptolemy/domains/de/test
AutoTests.java: About to close Vertx.
AutoTests.java: Vertx closed.

===========================================================================================
----------------- testing Sat Jul 06 06:35:30 UTC 2019 /home/travis/build/icyphy/ptII/ptolemy/domains/de/test/auto/ActorDepthCalculation_actorWithoutPorts.xml
----------------- Instantiating /home/travis/build/icyphy/ptII/ptolemy/domains/de/test/auto/ActorDepthCalculation_actorWithoutPorts.xml
6 ms. Memory: 45056K Free: 31332K (70%)
----------------- Invoking toplevel() on ptolemy.moml.MoMLSimpleApplication@4beec522
----------------- Done invoking toplevel() on ptolemy.moml.MoMLSimpleApplication@4beec522
reloadAllAccessors: .ActorDepthCalculation_actorWithoutPorts

===========================================================================================
----------------- testing Sat Jul 06 06:35:30 UTC 2019 /home/travis/build/icyphy/ptII/ptolemy/domains/de/test/auto/AssemblyLine.xml
----------------- Instantiating /home/travis/build/icyphy/ptII/ptolemy/domains/de/test/auto/AssemblyLine.xml
3 ms. Memory: 45056K Free: 24118K (54%)
----------------- Invoking toplevel() on ptolemy.moml.MoMLSimpleApplication@e8e8f5b
----------------- Done invoking toplevel() on ptolemy.moml.MoMLSimpleApplication@e8e8f5b
reloadAllAccessors: .AssemblyLine

===========================================================================================
----------------- testing Sat Jul 06 06:35:30 UTC 2019 /home/travis/build/icyphy/ptII/ptolemy/domains/de/test/auto/CQBug1.xml
----------------- Instantiating /home/travis/build/icyphy/ptII/ptolemy/domains/de/test/auto/CQBug1.xml
0 ms. Memory: 45056K Free: 21000K (47%)
----------------- Invoking toplevel() on ptolemy.moml.MoMLSimpleApplication@4a5ad71f
----------------- Done invoking toplevel() on ptolemy.moml.MoMLSimpleApplication@4a5ad71f
reloadAllAccessors: .CQBug1

===========================================================================================
----------------- testing Sat Jul 06 06:35:30 UTC 2019 /home/travis/build/icyphy/ptII/ptolemy/domains/de/test/auto/CancelFireAt.xml
----------------- Instantiating /home/travis/build/icyphy/ptII/ptolemy/domains/de/test/auto/CancelFireAt.xml
8 ms. Memory: 45056K Free: 18762K (42%)
----------------- Invoking toplevel() on ptolemy.moml.MoMLSimpleApplication@71d231e7
----------------- Done invoking toplevel() on ptolemy.moml.MoMLSimpleApplication@71d231e7
reloadAllAccessors: .CancelFireAt

===========================================================================================
----------------- testing Sat Jul 06 06:35:30 UTC 2019 /home/travis/build/icyphy/ptII/ptolemy/domains/de/test/auto/CausalityAndComposabilityAnalysis.xml
----------------- Instantiating /home/travis/build/icyphy/ptII/ptolemy/domains/de/test/auto/CausalityAndComposabilityAnalysis.xml
2 ms. Memory: 45056K Free: 14658K (33%)
----------------- Invoking toplevel() on ptolemy.moml.MoMLSimpleApplication@5f26ff4d
----------------- Done invoking toplevel() on ptolemy.moml.MoMLSimpleApplication@5f26ff4d
reloadAllAccessors: .CausalityAndComposabilityAnalysis

===========================================================================================
----------------- testing Sat Jul 06 06:35:30 UTC 2019 /home/travis/build/icyphy/ptII/ptolemy/domains/de/test/auto/CausalityInterface1.xml
----------------- Instantiating /home/travis/build/icyphy/ptII/ptolemy/domains/de/test/auto/CausalityInterface1.xml
7 ms. Memory: 45056K Free: 9782K (22%)
----------------- Invoking toplevel() on ptolemy.moml.MoMLSimpleApplication@101ed7d7
----------------- Done invoking toplevel() on ptolemy.moml.MoMLSimpleApplication@101ed7d7
reloadAllAccessors: .CausalityInterface1

===========================================================================================
----------------- testing Sat Jul 06 06:35:31 UTC 2019 /home/travis/build/icyphy/ptII/ptolemy/domains/de/test/auto/CausalityInterface15.xml
----------------- Instantiating /home/travis/build/icyphy/ptII/ptolemy/domains/de/test/auto/CausalityInterface15.xml
2 ms. Memory: 45056K Free: 28955K (64%)
----------------- Invoking toplevel() on ptolemy.moml.MoMLSimpleApplication@13667f28
----------------- Done invoking toplevel() on ptolemy.moml.MoMLSimpleApplication@13667f28
reloadAllAccessors: .CausalityInterface15

===========================================================================================
----------------- testing Sat Jul 06 06:35:31 UTC 2019 /home/travis/build/icyphy/ptII/ptolemy/domains/de/test/auto/CausalityInterface2.xml
----------------- Instantiating /home/travis/build/icyphy/ptII/ptolemy/domains/de/test/auto/CausalityInterface2.xml
1 ms. Memory: 45056K Free: 24443K (54%)
----------------- Invoking toplevel() on ptolemy.moml.MoMLSimpleApplication@649ae0ba
----------------- Done invoking toplevel() on ptolemy.moml.MoMLSimpleApplication@649ae0ba
reloadAllAccessors: .CausalityInterface2

===========================================================================================
----------------- testing Sat Jul 06 06:35:31 UTC 2019 /home/travis/build/icyphy/ptII/ptolemy/domains/de/test/auto/CausalityInterface3.xml
----------------- Instantiating /home/travis/build/icyphy/ptII/ptolemy/domains/de/test/auto/CausalityInterface3.xml
2 ms. Memory: 45056K Free: 19635K (44%)
----------------- Invoking toplevel() on ptolemy.moml.MoMLSimpleApplication@651c4319
----------------- Done invoking toplevel() on ptolemy.moml.MoMLSimpleApplication@651c4319
reloadAllAccessors: .CausalityInterface3

===========================================================================================
----------------- testing Sat Jul 06 06:35:31 UTC 2019 /home/travis/build/icyphy/ptII/ptolemy/domains/de/test/auto/ClockDrift.xml
----------------- Instantiating /home/travis/build/icyphy/ptII/ptolemy/domains/de/test/auto/ClockDrift.xml
16 ms. Memory: 45056K Free: 8013K (18%)
----------------- Invoking toplevel() on ptolemy.moml.MoMLSimpleApplication@3864a38d
----------------- Done invoking toplevel() on ptolemy.moml.MoMLSimpleApplication@3864a38d
reloadAllAccessors: .ClockDrift

===========================================================================================
----------------- testing Sat Jul 06 06:35:31 UTC 2019 /home/travis/build/icyphy/ptII/ptolemy/domains/de/test/auto/ClockDriftAndValueChange.xml
----------------- Instantiating /home/travis/build/icyphy/ptII/ptolemy/domains/de/test/auto/ClockDriftAndValueChange.xml
10 ms. Memory: 45056K Free: 21326K (47%)
----------------- Invoking toplevel() on ptolemy.moml.MoMLSimpleApplication@142d01e2
----------------- Done invoking toplevel() on ptolemy.moml.MoMLSimpleApplication@142d01e2
reloadAllAccessors: .ClockDriftAndValueChange

===========================================================================================
----------------- testing Sat Jul 06 06:35:31 UTC 2019 /home/travis/build/icyphy/ptII/ptolemy/domains/de/test/auto/ClockDriftChange.xml
----------------- Instantiating /home/travis/build/icyphy/ptII/ptolemy/domains/de/test/auto/ClockDriftChange.xml
8 ms. Memory: 45056K Free: 11616K (26%)
----------------- Invoking toplevel() on ptolemy.moml.MoMLSimpleApplication@468c5d3d
----------------- Done invoking toplevel() on ptolemy.moml.MoMLSimpleApplication@468c5d3d
reloadAllAccessors: .ClockDriftChange

===========================================================================================
----------------- testing Sat Jul 06 06:35:31 UTC 2019 /home/travis/build/icyphy/ptII/ptolemy/domains/de/test/auto/ComposableCausalityAnalysis.xml
----------------- Instantiating /home/travis/build/icyphy/ptII/ptolemy/domains/de/test/auto/ComposableCausalityAnalysis.xml
8 ms. Memory: 45056K Free: 30693K (68%)
----------------- Invoking toplevel() on ptolemy.moml.MoMLSimpleApplication@308b37b3
----------------- Done invoking toplevel() on ptolemy.moml.MoMLSimpleApplication@308b37b3
reloadAllAccessors: .ComposableCausalityAnalysis

===========================================================================================
----------------- testing Sat Jul 06 06:35:31 UTC 2019 /home/travis/build/icyphy/ptII/ptolemy/domains/de/test/auto/DEFixedPointLimitation.xml
----------------- Instantiating /home/travis/build/icyphy/ptII/ptolemy/domains/de/test/auto/DEFixedPointLimitation.xml
1 ms. Memory: 45056K Free: 26151K (58%)
----------------- Invoking toplevel() on ptolemy.moml.MoMLSimpleApplication@3163357b
----------------- Done invoking toplevel() on ptolemy.moml.MoMLSimpleApplication@3163357b
reloadAllAccessors: .DEFixedPointLimitation

===========================================================================================
----------------- testing Sat Jul 06 06:35:31 UTC 2019 /home/travis/build/icyphy/ptII/ptolemy/domains/de/test/auto/DEScheduleTest.xml
----------------- Instantiating /home/travis/build/icyphy/ptII/ptolemy/domains/de/test/auto/DEScheduleTest.xml
2 ms. Memory: 45056K Free: 21999K (49%)
----------------- Invoking toplevel() on ptolemy.moml.MoMLSimpleApplication@3084cc45
----------------- Done invoking toplevel() on ptolemy.moml.MoMLSimpleApplication@3084cc45
reloadAllAccessors: .DEScheduleTest

===========================================================================================
----------------- testing Sat Jul 06 06:35:31 UTC 2019 /home/travis/build/icyphy/ptII/ptolemy/domains/de/test/auto/DEinDEwithStartTimes.xml
----------------- Instantiating /home/travis/build/icyphy/ptII/ptolemy/domains/de/test/auto/DEinDEwithStartTimes.xml
2 ms. Memory: 45056K Free: 16371K (36%)
----------------- Invoking toplevel() on ptolemy.moml.MoMLSimpleApplication@70e282c0
----------------- Done invoking toplevel() on ptolemy.moml.MoMLSimpleApplication@70e282c0
reloadAllAccessors: .DEinDEwithStartTimes

===========================================================================================
----------------- testing Sat Jul 06 06:35:31 UTC 2019 /home/travis/build/icyphy/ptII/ptolemy/domains/de/test/auto/DEinDEwithStartTimes2.xml
----------------- Instantiating /home/travis/build/icyphy/ptII/ptolemy/domains/de/test/auto/DEinDEwithStartTimes2.xml
3 ms. Memory: 45056K Free: 9939K (22%)
----------------- Invoking toplevel() on ptolemy.moml.MoMLSimpleApplication@3d7535d2
----------------- Done invoking toplevel() on ptolemy.moml.MoMLSimpleApplication@3d7535d2
reloadAllAccessors: .DEinDEwithStartTimes2

===========================================================================================
----------------- testing Sat Jul 06 06:35:31 UTC 2019 /home/travis/build/icyphy/ptII/ptolemy/domains/de/test/auto/DateDemo.xml
----------------- Instantiating /home/travis/build/icyphy/ptII/ptolemy/domains/de/test/auto/DateDemo.xml
8 ms. Memory: 45056K Free: 23378K (52%)
----------------- Invoking toplevel() on ptolemy.moml.MoMLSimpleApplication@66fc0b17
----------------- Done invoking toplevel() on ptolemy.moml.MoMLSimpleApplication@66fc0b17
reloadAllAccessors: .DateDemo

===========================================================================================
----------------- testing Sat Jul 06 06:35:31 UTC 2019 /home/travis/build/icyphy/ptII/ptolemy/domains/de/test/auto/DateToEvent.xml
----------------- Instantiating /home/travis/build/icyphy/ptII/ptolemy/domains/de/test/auto/DateToEvent.xml
2004 ms. Memory: 45056K Free: 7897K (18%)
----------------- Invoking toplevel() on ptolemy.moml.MoMLSimpleApplication@3e6cf87c
----------------- Done invoking toplevel() on ptolemy.moml.MoMLSimpleApplication@3e6cf87c
reloadAllAccessors: .DateToEvent

===========================================================================================
----------------- testing Sat Jul 06 06:35:33 UTC 2019 /home/travis/build/icyphy/ptII/ptolemy/domains/de/test/auto/DepthTest1.xml
----------------- Instantiating /home/travis/build/icyphy/ptII/ptolemy/domains/de/test/auto/DepthTest1.xml
1 ms. Memory: 45056K Free: 29157K (65%)
----------------- Invoking toplevel() on ptolemy.moml.MoMLSimpleApplication@1b764d2f
----------------- Done invoking toplevel() on ptolemy.moml.MoMLSimpleApplication@1b764d2f
reloadAllAccessors: .DepthTest1

===========================================================================================
----------------- testing Sat Jul 06 06:35:33 UTC 2019 /home/travis/build/icyphy/ptII/ptolemy/domains/de/test/auto/DepthTest2.xml
----------------- Instantiating /home/travis/build/icyphy/ptII/ptolemy/domains/de/test/auto/DepthTest2.xml
1 ms. Memory: 45056K Free: 22888K (51%)
----------------- Invoking toplevel() on ptolemy.moml.MoMLSimpleApplication@5b9f8f9a
----------------- Done invoking toplevel() on ptolemy.moml.MoMLSimpleApplication@5b9f8f9a
reloadAllAccessors: .DepthTest2

===========================================================================================
----------------- testing Sat Jul 06 06:35:33 UTC 2019 /home/travis/build/icyphy/ptII/ptolemy/domains/de/test/auto/DepthTest3.xml
----------------- Instantiating /home/travis/build/icyphy/ptII/ptolemy/domains/de/test/auto/DepthTest3.xml
1 ms. Memory: 45056K Free: 20014K (44%)
----------------- Invoking toplevel() on ptolemy.moml.MoMLSimpleApplication@5346fe12
----------------- Done invoking toplevel() on ptolemy.moml.MoMLSimpleApplication@5346fe12
reloadAllAccessors: .DepthTest3

===========================================================================================
----------------- testing Sat Jul 06 06:35:33 UTC 2019 /home/travis/build/icyphy/ptII/ptolemy/domains/de/test/auto/DepthTest4.xml
----------------- Instantiating /home/travis/build/icyphy/ptII/ptolemy/domains/de/test/auto/DepthTest4.xml
1 ms. Memory: 45056K Free: 15224K (34%)
----------------- Invoking toplevel() on ptolemy.moml.MoMLSimpleApplication@129cf26b
----------------- Done invoking toplevel() on ptolemy.moml.MoMLSimpleApplication@129cf26b
reloadAllAccessors: .DepthTest4

===========================================================================================
----------------- testing Sat Jul 06 06:35:33 UTC 2019 /home/travis/build/icyphy/ptII/ptolemy/domains/de/test/auto/DepthTest5.xml
----------------- Instantiating /home/travis/build/icyphy/ptII/ptolemy/domains/de/test/auto/DepthTest5.xml
4 ms. Memory: 45056K Free: 10104K (22%)
----------------- Invoking toplevel() on ptolemy.moml.MoMLSimpleApplication@3711d444
----------------- Done invoking toplevel() on ptolemy.moml.MoMLSimpleApplication@3711d444
reloadAllAccessors: .DepthTest5

===========================================================================================
----------------- testing Sat Jul 06 06:35:33 UTC 2019 /home/travis/build/icyphy/ptII/ptolemy/domains/de/test/auto/DepthTest6.xml
----------------- Instantiating /home/travis/build/icyphy/ptII/ptolemy/domains/de/test/auto/DepthTest6.xml
5 ms. Memory: 45056K Free: 28272K (63%)
----------------- Invoking toplevel() on ptolemy.moml.MoMLSimpleApplication@141f189e
----------------- Done invoking toplevel() on ptolemy.moml.MoMLSimpleApplication@141f189e
reloadAllAccessors: .DepthTest6

===========================================================================================
----------------- testing Sat Jul 06 06:35:33 UTC 2019 /home/travis/build/icyphy/ptII/ptolemy/domains/de/test/auto/DepthTest7.xml
----------------- Instantiating /home/travis/build/icyphy/ptII/ptolemy/domains/de/test/auto/DepthTest7.xml
1 ms. Memory: 45056K Free: 23311K (52%)
----------------- Invoking toplevel() on ptolemy.moml.MoMLSimpleApplication@16144db9
----------------- Done invoking toplevel() on ptolemy.moml.MoMLSimpleApplication@16144db9
reloadAllAccessors: .DepthTest7

===========================================================================================
----------------- testing Sat Jul 06 06:35:33 UTC 2019 /home/travis/build/icyphy/ptII/ptolemy/domains/de/test/auto/EventToDate.xml
----------------- Instantiating /home/travis/build/icyphy/ptII/ptolemy/domains/de/test/auto/EventToDate.xml
3003 ms. Memory: 45056K Free: 10234K (23%)
----------------- Invoking toplevel() on ptolemy.moml.MoMLSimpleApplication@6df382e8
----------------- Done invoking toplevel() on ptolemy.moml.MoMLSimpleApplication@6df382e8
reloadAllAccessors: .EventToDate

===========================================================================================
----------------- testing Sat Jul 06 06:35:36 UTC 2019 /home/travis/build/icyphy/ptII/ptolemy/domains/de/test/auto/FSM1.xml
----------------- Instantiating /home/travis/build/icyphy/ptII/ptolemy/domains/de/test/auto/FSM1.xml
27 ms. Memory: 45056K Free: 21649K (48%)
----------------- Invoking toplevel() on ptolemy.moml.MoMLSimpleApplication@7659822
----------------- Done invoking toplevel() on ptolemy.moml.MoMLSimpleApplication@7659822
reloadAllAccessors: .FSM1

===========================================================================================
----------------- testing Sat Jul 06 06:35:36 UTC 2019 /home/travis/build/icyphy/ptII/ptolemy/domains/de/test/auto/FSM7.xml
----------------- Instantiating /home/travis/build/icyphy/ptII/ptolemy/domains/de/test/auto/FSM7.xml
9 ms. Memory: 45056K Free: 9345K (21%)
----------------- Invoking toplevel() on ptolemy.moml.MoMLSimpleApplication@3400a8a5
----------------- Done invoking toplevel() on ptolemy.moml.MoMLSimpleApplication@3400a8a5
reloadAllAccessors: .FSM7

===========================================================================================
----------------- testing Sat Jul 06 06:35:36 UTC 2019 /home/travis/build/icyphy/ptII/ptolemy/domains/de/test/auto/Inspection.xml
----------------- Instantiating /home/travis/build/icyphy/ptII/ptolemy/domains/de/test/auto/Inspection.xml
19 ms. Memory: 45056K Free: 20906K (46%)
----------------- Invoking toplevel() on ptolemy.moml.MoMLSimpleApplication@101946c4
----------------- Done invoking toplevel() on ptolemy.moml.MoMLSimpleApplication@101946c4
reloadAllAccessors: .Inspection

===========================================================================================
----------------- testing Sat Jul 06 06:35:36 UTC 2019 /home/travis/build/icyphy/ptII/ptolemy/domains/de/test/auto/Iteration.xml
----------------- Instantiating /home/travis/build/icyphy/ptII/ptolemy/domains/de/test/auto/Iteration.xml
10 ms. Memory: 45056K Free: 13897K (31%)
----------------- Invoking toplevel() on ptolemy.moml.MoMLSimpleApplication@115df9a2
----------------- Done invoking toplevel() on ptolemy.moml.MoMLSimpleApplication@115df9a2
reloadAllAccessors: .Iteration

===========================================================================================
----------------- testing Sat Jul 06 06:35:36 UTC 2019 /home/travis/build/icyphy/ptII/ptolemy/domains/de/test/auto/LineFault.xml
----------------- Instantiating /home/travis/build/icyphy/ptII/ptolemy/domains/de/test/auto/LineFault.xml
480 ms. Memory: 54272K Free: 24721K (46%)
----------------- Invoking toplevel() on ptolemy.moml.MoMLSimpleApplication@b5af3cd
----------------- Done invoking toplevel() on ptolemy.moml.MoMLSimpleApplication@b5af3cd
reloadAllAccessors: .LineFault

===========================================================================================
----------------- testing Sat Jul 06 06:35:37 UTC 2019 /home/travis/build/icyphy/ptII/ptolemy/domains/de/test/auto/MergeModel1Add.xml
----------------- Instantiating /home/travis/build/icyphy/ptII/ptolemy/domains/de/test/auto/MergeModel1Add.xml
5 ms. Memory: 54272K Free: 30893K (57%)
----------------- Invoking toplevel() on ptolemy.moml.MoMLSimpleApplication@485b6516
----------------- Done invoking toplevel() on ptolemy.moml.MoMLSimpleApplication@485b6516
reloadAllAccessors: .MergeModel1Add

===========================================================================================
----------------- testing Sat Jul 06 06:35:37 UTC 2019 /home/travis/build/icyphy/ptII/ptolemy/domains/de/test/auto/MergeModel2Add.xml
----------------- Instantiating /home/travis/build/icyphy/ptII/ptolemy/domains/de/test/auto/MergeModel2Add.xml
6 ms. Memory: 54272K Free: 13743K (25%)
----------------- Invoking toplevel() on ptolemy.moml.MoMLSimpleApplication@5a9ce0eb
----------------- Done invoking toplevel() on ptolemy.moml.MoMLSimpleApplication@5a9ce0eb
reloadAllAccessors: .MergeModel2Add

===========================================================================================
----------------- testing Sat Jul 06 06:35:37 UTC 2019 /home/travis/build/icyphy/ptII/ptolemy/domains/de/test/auto/MergeModel3Add.xml
----------------- Instantiating /home/travis/build/icyphy/ptII/ptolemy/domains/de/test/auto/MergeModel3Add.xml
5 ms. Memory: 54272K Free: 22246K (41%)
----------------- Invoking toplevel() on ptolemy.moml.MoMLSimpleApplication@457873e4
----------------- Done invoking toplevel() on ptolemy.moml.MoMLSimpleApplication@457873e4
reloadAllAccessors: .MergeModel3Add

===========================================================================================
----------------- testing Sat Jul 06 06:35:37 UTC 2019 /home/travis/build/icyphy/ptII/ptolemy/domains/de/test/auto/MergeWithoutDiscard.xml
----------------- Instantiating /home/travis/build/icyphy/ptII/ptolemy/domains/de/test/auto/MergeWithoutDiscard.xml
1 ms. Memory: 54272K Free: 18150K (33%)
----------------- Invoking toplevel() on ptolemy.moml.MoMLSimpleApplication@16f6b9a6
----------------- Done invoking toplevel() on ptolemy.moml.MoMLSimpleApplication@16f6b9a6
reloadAllAccessors: .MergeWithoutDiscard

===========================================================================================
----------------- testing Sat Jul 06 06:35:37 UTC 2019 /home/travis/build/icyphy/ptII/ptolemy/domains/de/test/auto/Modal1.xml
----------------- Instantiating /home/travis/build/icyphy/ptII/ptolemy/domains/de/test/auto/Modal1.xml
10 ms. Memory: 54272K Free: 31520K (58%)
----------------- Invoking toplevel() on ptolemy.moml.MoMLSimpleApplication@4a85925a
----------------- Done invoking toplevel() on ptolemy.moml.MoMLSimpleApplication@4a85925a
reloadAllAccessors: .Modal1

===========================================================================================
----------------- testing Sat Jul 06 06:35:37 UTC 2019 /home/travis/build/icyphy/ptII/ptolemy/domains/de/test/auto/Modal2.xml
----------------- Instantiating /home/travis/build/icyphy/ptII/ptolemy/domains/de/test/auto/Modal2.xml
8 ms. Memory: 54272K Free: 19782K (36%)
----------------- Invoking toplevel() on ptolemy.moml.MoMLSimpleApplication@21c93356
----------------- Done invoking toplevel() on ptolemy.moml.MoMLSimpleApplication@21c93356
reloadAllAccessors: .Modal2

===========================================================================================
----------------- testing Sat Jul 06 06:35:37 UTC 2019 /home/travis/build/icyphy/ptII/ptolemy/domains/de/test/auto/Modal3.xml
----------------- Instantiating /home/travis/build/icyphy/ptII/ptolemy/domains/de/test/auto/Modal3.xml
8 ms. Memory: 65536K Free: 45497K (69%)
----------------- Invoking toplevel() on ptolemy.moml.MoMLSimpleApplication@3807775d
----------------- Done invoking toplevel() on ptolemy.moml.MoMLSimpleApplication@3807775d
reloadAllAccessors: .Modal3

===========================================================================================
----------------- testing Sat Jul 06 06:35:37 UTC 2019 /home/travis/build/icyphy/ptII/ptolemy/domains/de/test/auto/Modal4.xml
----------------- Instantiating /home/travis/build/icyphy/ptII/ptolemy/domains/de/test/auto/Modal4.xml
9 ms. Memory: 65536K Free: 32558K (50%)
----------------- Invoking toplevel() on ptolemy.moml.MoMLSimpleApplication@647bf5f2
----------------- Done invoking toplevel() on ptolemy.moml.MoMLSimpleApplication@647bf5f2
reloadAllAccessors: .Modal4

===========================================================================================
----------------- testing Sat Jul 06 06:35:37 UTC 2019 /home/travis/build/icyphy/ptII/ptolemy/domains/de/test/auto/Modal5.xml
----------------- Instantiating /home/travis/build/icyphy/ptII/ptolemy/domains/de/test/auto/Modal5.xml
10 ms. Memory: 65536K Free: 19579K (30%)
----------------- Invoking toplevel() on ptolemy.moml.MoMLSimpleApplication@6997bffa
----------------- Done invoking toplevel() on ptolemy.moml.MoMLSimpleApplication@6997bffa
reloadAllAccessors: .Modal5

===========================================================================================
----------------- testing Sat Jul 06 06:35:37 UTC 2019 /home/travis/build/icyphy/ptII/ptolemy/domains/de/test/auto/Modal6.xml
----------------- Instantiating /home/travis/build/icyphy/ptII/ptolemy/domains/de/test/auto/Modal6.xml
9 ms. Memory: 65536K Free: 39008K (60%)
----------------- Invoking toplevel() on ptolemy.moml.MoMLSimpleApplication@74459787
----------------- Done invoking toplevel() on ptolemy.moml.MoMLSimpleApplication@74459787
reloadAllAccessors: .Modal6

===========================================================================================
----------------- testing Sat Jul 06 06:35:37 UTC 2019 /home/travis/build/icyphy/ptII/ptolemy/domains/de/test/auto/Modal7.xml
----------------- Instantiating /home/travis/build/icyphy/ptII/ptolemy/domains/de/test/auto/Modal7.xml
7 ms. Memory: 65536K Free: 25680K (39%)
----------------- Invoking toplevel() on ptolemy.moml.MoMLSimpleApplication@5dd4b9ea
----------------- Done invoking toplevel() on ptolemy.moml.MoMLSimpleApplication@5dd4b9ea
reloadAllAccessors: .Modal7

===========================================================================================
----------------- testing Sat Jul 06 06:35:37 UTC 2019 /home/travis/build/icyphy/ptII/ptolemy/domains/de/test/auto/ModalModel.xml
----------------- Instantiating /home/travis/build/icyphy/ptII/ptolemy/domains/de/test/auto/ModalModel.xml
123 ms. Memory: 65536K Free: 24936K (38%)
----------------- Invoking toplevel() on ptolemy.moml.MoMLSimpleApplication@23888b9c
----------------- Done invoking toplevel() on ptolemy.moml.MoMLSimpleApplication@23888b9c
reloadAllAccessors: .ModalModel

===========================================================================================
----------------- testing Sat Jul 06 06:35:37 UTC 2019 /home/travis/build/icyphy/ptII/ptolemy/domains/de/test/auto/ModalSource.xml
----------------- Instantiating /home/travis/build/icyphy/ptII/ptolemy/domains/de/test/auto/ModalSource.xml
4 ms. Memory: 65536K Free: 16867K (26%)
----------------- Invoking toplevel() on ptolemy.moml.MoMLSimpleApplication@32cacdde
----------------- Done invoking toplevel() on ptolemy.moml.MoMLSimpleApplication@32cacdde
reloadAllAccessors: .ModalSource

===========================================================================================
----------------- testing Sat Jul 06 06:35:37 UTC 2019 /home/travis/build/icyphy/ptII/ptolemy/domains/de/test/auto/NonInterruptibleTimerZeroDelay.xml
----------------- Instantiating /home/travis/build/icyphy/ptII/ptolemy/domains/de/test/auto/NonInterruptibleTimerZeroDelay.xml
2 ms. Memory: 121856K Free: 103518K (85%)
----------------- Invoking toplevel() on ptolemy.moml.MoMLSimpleApplication@5d334d1e
----------------- Done invoking toplevel() on ptolemy.moml.MoMLSimpleApplication@5d334d1e
reloadAllAccessors: .NonInterruptibleTimerZeroDelay

===========================================================================================
----------------- testing Sat Jul 06 06:35:37 UTC 2019 /home/travis/build/icyphy/ptII/ptolemy/domains/de/test/auto/OpenQueueingNetwork.xml
----------------- Instantiating /home/travis/build/icyphy/ptII/ptolemy/domains/de/test/auto/OpenQueueingNetwork.xml
2235 ms. Memory: 234496K Free: 160517K (68%)
----------------- Invoking toplevel() on ptolemy.moml.MoMLSimpleApplication@66c46815
----------------- Done invoking toplevel() on ptolemy.moml.MoMLSimpleApplication@66c46815
reloadAllAccessors: .OpenQueueingNetwork

===========================================================================================
----------------- testing Sat Jul 06 06:35:40 UTC 2019 /home/travis/build/icyphy/ptII/ptolemy/domains/de/test/auto/OpenQueuingNetwork.xml
----------------- Instantiating /home/travis/build/icyphy/ptII/ptolemy/domains/de/test/auto/OpenQueuingNetwork.xml
205 ms. Memory: 234496K Free: 201320K (86%)
----------------- Invoking toplevel() on ptolemy.moml.MoMLSimpleApplication@4d432d87
----------------- Done invoking toplevel() on ptolemy.moml.MoMLSimpleApplication@4d432d87
reloadAllAccessors: .OpenQueuingNetwork

===========================================================================================
----------------- testing Sat Jul 06 06:35:40 UTC 2019 /home/travis/build/icyphy/ptII/ptolemy/domains/de/test/auto/PeriodicSampler.xml
----------------- Instantiating /home/travis/build/icyphy/ptII/ptolemy/domains/de/test/auto/PeriodicSampler.xml
1 ms. Memory: 234496K Free: 196714K (84%)
----------------- Invoking toplevel() on ptolemy.moml.MoMLSimpleApplication@4c73732b
----------------- Done invoking toplevel() on ptolemy.moml.MoMLSimpleApplication@4c73732b
reloadAllAccessors: .PeriodicSampler

===========================================================================================
----------------- testing Sat Jul 06 06:35:40 UTC 2019 /home/travis/build/icyphy/ptII/ptolemy/domains/de/test/auto/PersistentIO.xml
----------------- Instantiating /home/travis/build/icyphy/ptII/ptolemy/domains/de/test/auto/PersistentIO.xml
4 ms. Memory: 234496K Free: 187498K (80%)
----------------- Invoking toplevel() on ptolemy.moml.MoMLSimpleApplication@45e3d665
----------------- Done invoking toplevel() on ptolemy.moml.MoMLSimpleApplication@45e3d665
reloadAllAccessors: .PersistentIO

===========================================================================================
----------------- testing Sat Jul 06 06:35:40 UTC 2019 /home/travis/build/icyphy/ptII/ptolemy/domains/de/test/auto/PortParameterResetOnInitialize.xml
----------------- Instantiating /home/travis/build/icyphy/ptII/ptolemy/domains/de/test/auto/PortParameterResetOnInitialize.xml
1 ms. Memory: 234496K Free: 182882K (78%)
----------------- Invoking toplevel() on ptolemy.moml.MoMLSimpleApplication@3634c312
----------------- Done invoking toplevel() on ptolemy.moml.MoMLSimpleApplication@3634c312
reloadAllAccessors: .PortParameterResetOnInitialize

===========================================================================================
----------------- testing Sat Jul 06 06:35:40 UTC 2019 /home/travis/build/icyphy/ptII/ptolemy/domains/de/test/auto/PortParameterUpdates.xml
----------------- Instantiating /home/travis/build/icyphy/ptII/ptolemy/domains/de/test/auto/PortParameterUpdates.xml
4 ms. Memory: 234496K Free: 176730K (75%)
----------------- Invoking toplevel() on ptolemy.moml.MoMLSimpleApplication@24d04a0d
----------------- Done invoking toplevel() on ptolemy.moml.MoMLSimpleApplication@24d04a0d
reloadAllAccessors: .PortParameterUpdates

===========================================================================================
----------------- testing Sat Jul 06 06:35:40 UTC 2019 /home/travis/build/icyphy/ptII/ptolemy/domains/de/test/auto/QueueAndServer.xml
----------------- Instantiating /home/travis/build/icyphy/ptII/ptolemy/domains/de/test/auto/QueueAndServer.xml
4 ms. Memory: 234496K Free: 169066K (72%)
----------------- Invoking toplevel() on ptolemy.moml.MoMLSimpleApplication@3ba32997
----------------- Done invoking toplevel() on ptolemy.moml.MoMLSimpleApplication@3ba32997
reloadAllAccessors: .QueueAndServer

===========================================================================================
----------------- testing Sat Jul 06 06:35:40 UTC 2019 /home/travis/build/icyphy/ptII/ptolemy/domains/de/test/auto/Records.xml
----------------- Instantiating /home/travis/build/icyphy/ptII/ptolemy/domains/de/test/auto/Records.xml
6 ms. Memory: 234496K Free: 163432K (70%)
----------------- Invoking toplevel() on ptolemy.moml.MoMLSimpleApplication@217dab78
----------------- Done invoking toplevel() on ptolemy.moml.MoMLSimpleApplication@217dab78
reloadAllAccessors: .Records

===========================================================================================
----------------- testing Sat Jul 06 06:35:40 UTC 2019 /home/travis/build/icyphy/ptII/ptolemy/domains/de/test/auto/ResetTransitionWithStartTime1.xml
----------------- Instantiating /home/travis/build/icyphy/ptII/ptolemy/domains/de/test/auto/ResetTransitionWithStartTime1.xml
6 ms. Memory: 234496K Free: 155226K (66%)
----------------- Invoking toplevel() on ptolemy.moml.MoMLSimpleApplication@1b2d8757
----------------- Done invoking toplevel() on ptolemy.moml.MoMLSimpleApplication@1b2d8757
reloadAllAccessors: .ResetTransitionWithStartTime1

===========================================================================================
----------------- testing Sat Jul 06 06:35:40 UTC 2019 /home/travis/build/icyphy/ptII/ptolemy/domains/de/test/auto/ResetTransitionWithStartTime2.xml
----------------- Instantiating /home/travis/build/icyphy/ptII/ptolemy/domains/de/test/auto/ResetTransitionWithStartTime2.xml
4 ms. Memory: 234496K Free: 147034K (63%)
----------------- Invoking toplevel() on ptolemy.moml.MoMLSimpleApplication@467c4c11
----------------- Done invoking toplevel() on ptolemy.moml.MoMLSimpleApplication@467c4c11
reloadAllAccessors: .ResetTransitionWithStartTime2

===========================================================================================
----------------- testing Sat Jul 06 06:35:40 UTC 2019 /home/travis/build/icyphy/ptII/ptolemy/domains/de/test/auto/ResetTransitionWithStartTime3.xml
----------------- Instantiating /home/travis/build/icyphy/ptII/ptolemy/domains/de/test/auto/ResetTransitionWithStartTime3.xml
4 ms. Memory: 234496K Free: 138850K (59%)
----------------- Invoking toplevel() on ptolemy.moml.MoMLSimpleApplication@38eaa395
----------------- Done invoking toplevel() on ptolemy.moml.MoMLSimpleApplication@38eaa395
reloadAllAccessors: .ResetTransitionWithStartTime3

===========================================================================================
----------------- testing Sat Jul 06 06:35:40 UTC 2019 /home/travis/build/icyphy/ptII/ptolemy/domains/de/test/auto/ResetTransitionWithStartTime4.xml
----------------- Instantiating /home/travis/build/icyphy/ptII/ptolemy/domains/de/test/auto/ResetTransitionWithStartTime4.xml
3 ms. Memory: 234496K Free: 131178K (56%)
----------------- Invoking toplevel() on ptolemy.moml.MoMLSimpleApplication@ddb35a5
----------------- Done invoking toplevel() on ptolemy.moml.MoMLSimpleApplication@ddb35a5
reloadAllAccessors: .ResetTransitionWithStartTime4

===========================================================================================
----------------- testing Sat Jul 06 06:35:40 UTC 2019 /home/travis/build/icyphy/ptII/ptolemy/domains/de/test/auto/ResettableTimer1.xml
----------------- Instantiating /home/travis/build/icyphy/ptII/ptolemy/domains/de/test/auto/ResettableTimer1.xml
2 ms. Memory: 234496K Free: 127082K (54%)
----------------- Invoking toplevel() on ptolemy.moml.MoMLSimpleApplication@13202516
----------------- Done invoking toplevel() on ptolemy.moml.MoMLSimpleApplication@13202516
reloadAllAccessors: .ResettableTimer1

===========================================================================================
----------------- testing Sat Jul 06 06:35:40 UTC 2019 /home/travis/build/icyphy/ptII/ptolemy/domains/de/test/auto/ResettableTimer2.xml
----------------- Instantiating /home/travis/build/icyphy/ptII/ptolemy/domains/de/test/auto/ResettableTimer2.xml
1 ms. Memory: 234496K Free: 122986K (52%)
----------------- Invoking toplevel() on ptolemy.moml.MoMLSimpleApplication@6fa31404
----------------- Done invoking toplevel() on ptolemy.moml.MoMLSimpleApplication@6fa31404
reloadAllAccessors: .ResettableTimer2

===========================================================================================
----------------- testing Sat Jul 06 06:35:40 UTC 2019 /home/travis/build/icyphy/ptII/ptolemy/domains/de/test/auto/ResettableTimer3.xml
----------------- Instantiating /home/travis/build/icyphy/ptII/ptolemy/domains/de/test/auto/ResettableTimer3.xml
1 ms. Memory: 234496K Free: 118890K (51%)
----------------- Invoking toplevel() on ptolemy.moml.MoMLSimpleApplication@10dab855
----------------- Done invoking toplevel() on ptolemy.moml.MoMLSimpleApplication@10dab855
reloadAllAccessors: .ResettableTimer3

===========================================================================================
----------------- testing Sat Jul 06 06:35:40 UTC 2019 /home/travis/build/icyphy/ptII/ptolemy/domains/de/test/auto/ResettableTimer4.xml
----------------- Instantiating /home/travis/build/icyphy/ptII/ptolemy/domains/de/test/auto/ResettableTimer4.xml
3 ms. Memory: 234496K Free: 115290K (49%)
----------------- Invoking toplevel() on ptolemy.moml.MoMLSimpleApplication@7026df6a
----------------- Done invoking toplevel() on ptolemy.moml.MoMLSimpleApplication@7026df6a
reloadAllAccessors: .ResettableTimer4

===========================================================================================
----------------- testing Sat Jul 06 06:35:40 UTC 2019 /home/travis/build/icyphy/ptII/ptolemy/domains/de/test/auto/ResettableTimer5.xml
----------------- Instantiating /home/travis/build/icyphy/ptII/ptolemy/domains/de/test/auto/ResettableTimer5.xml
1 ms. Memory: 234496K Free: 110698K (47%)
----------------- Invoking toplevel() on ptolemy.moml.MoMLSimpleApplication@9b6991e
----------------- Done invoking toplevel() on ptolemy.moml.MoMLSimpleApplication@9b6991e
reloadAllAccessors: .ResettableTimer5

===========================================================================================
----------------- testing Sat Jul 06 06:35:40 UTC 2019 /home/travis/build/icyphy/ptII/ptolemy/domains/de/test/auto/ResettableTimer6.xml
----------------- Instantiating /home/travis/build/icyphy/ptII/ptolemy/domains/de/test/auto/ResettableTimer6.xml
7 ms. Memory: 234496K Free: 106088K (45%)
----------------- Invoking toplevel() on ptolemy.moml.MoMLSimpleApplication@35faaf30
----------------- Done invoking toplevel() on ptolemy.moml.MoMLSimpleApplication@35faaf30
reloadAllAccessors: .ResettableTimer6

===========================================================================================
----------------- testing Sat Jul 06 06:35:40 UTC 2019 /home/travis/build/icyphy/ptII/ptolemy/domains/de/test/auto/ServerZeroDelay.xml
----------------- Instantiating /home/travis/build/icyphy/ptII/ptolemy/domains/de/test/auto/ServerZeroDelay.xml
2 ms. Memory: 234496K Free: 101978K (43%)
----------------- Invoking toplevel() on ptolemy.moml.MoMLSimpleApplication@2d092c25
----------------- Done invoking toplevel() on ptolemy.moml.MoMLSimpleApplication@2d092c25
reloadAllAccessors: .ServerZeroDelay

===========================================================================================
----------------- testing Sat Jul 06 06:35:40 UTC 2019 /home/travis/build/icyphy/ptII/ptolemy/domains/de/test/auto/SmartSender.xml
----------------- Instantiating /home/travis/build/icyphy/ptII/ptolemy/domains/de/test/auto/SmartSender.xml
3002 ms. Memory: 234496K Free: 97896K (42%)
----------------- Invoking toplevel() on ptolemy.moml.MoMLSimpleApplication@2e8f2b2
----------------- Done invoking toplevel() on ptolemy.moml.MoMLSimpleApplication@2e8f2b2
reloadAllAccessors: .SmartSender

===========================================================================================
----------------- testing Sat Jul 06 06:35:43 UTC 2019 /home/travis/build/icyphy/ptII/ptolemy/domains/de/test/auto/ThreadedComposite.xml
----------------- Instantiating /home/travis/build/icyphy/ptII/ptolemy/domains/de/test/auto/ThreadedComposite.xml
131 ms. Memory: 323584K Free: 289145K (89%)
----------------- Invoking toplevel() on ptolemy.moml.MoMLSimpleApplication@44aa33fb
----------------- Done invoking toplevel() on ptolemy.moml.MoMLSimpleApplication@44aa33fb
reloadAllAccessors: .ThreadedComposite

===========================================================================================
----------------- testing Sat Jul 06 06:35:43 UTC 2019 /home/travis/build/icyphy/ptII/ptolemy/domains/de/test/auto/Time.xml
----------------- Instantiating /home/travis/build/icyphy/ptII/ptolemy/domains/de/test/auto/Time.xml
403 ms. Memory: 323584K Free: 236921K (73%)
----------------- Invoking toplevel() on ptolemy.moml.MoMLSimpleApplication@36368c14
----------------- Done invoking toplevel() on ptolemy.moml.MoMLSimpleApplication@36368c14
reloadAllAccessors: .Time

===========================================================================================
----------------- testing Sat Jul 06 06:35:44 UTC 2019 /home/travis/build/icyphy/ptII/ptolemy/domains/de/test/auto/TimeDelayZeroDelay.xml
----------------- Instantiating /home/travis/build/icyphy/ptII/ptolemy/domains/de/test/auto/TimeDelayZeroDelay.xml
2 ms. Memory: 323584K Free: 232825K (72%)
----------------- Invoking toplevel() on ptolemy.moml.MoMLSimpleApplication@6f87dbcb
----------------- Done invoking toplevel() on ptolemy.moml.MoMLSimpleApplication@6f87dbcb
reloadAllAccessors: .TimeDelayZeroDelay

===========================================================================================
----------------- testing Sat Jul 06 06:35:44 UTC 2019 /home/travis/build/icyphy/ptII/ptolemy/domains/de/test/auto/TimerZeroDelay.xml
----------------- Instantiating /home/travis/build/icyphy/ptII/ptolemy/domains/de/test/auto/TimerZeroDelay.xml
2 ms. Memory: 323584K Free: 228729K (71%)
----------------- Invoking toplevel() on ptolemy.moml.MoMLSimpleApplication@17d1567
----------------- Done invoking toplevel() on ptolemy.moml.MoMLSimpleApplication@17d1567
reloadAllAccessors: .TimerZeroDelay

===========================================================================================
----------------- testing Sat Jul 06 06:35:44 UTC 2019 /home/travis/build/icyphy/ptII/ptolemy/domains/de/test/auto/TimingParadox.xml
----------------- Instantiating /home/travis/build/icyphy/ptII/ptolemy/domains/de/test/auto/TimingParadox.xml
306 ms. Memory: 323584K Free: 161145K (50%)
----------------- Invoking toplevel() on ptolemy.moml.MoMLSimpleApplication@4613bfd0
----------------- Done invoking toplevel() on ptolemy.moml.MoMLSimpleApplication@4613bfd0
reloadAllAccessors: .TimingParadox

===========================================================================================
----------------- testing Sat Jul 06 06:35:44 UTC 2019 /home/travis/build/icyphy/ptII/ptolemy/domains/de/test/auto/TransferInputs.xml
----------------- Instantiating /home/travis/build/icyphy/ptII/ptolemy/domains/de/test/auto/TransferInputs.xml
1 ms. Memory: 323584K Free: 156521K (48%)
----------------- Invoking toplevel() on ptolemy.moml.MoMLSimpleApplication@17a452a2
----------------- Done invoking toplevel() on ptolemy.moml.MoMLSimpleApplication@17a452a2
reloadAllAccessors: .TransferInputs

===========================================================================================
----------------- testing Sat Jul 06 06:35:44 UTC 2019 /home/travis/build/icyphy/ptII/ptolemy/domains/de/test/auto/TransferOutputs2.xml
----------------- Instantiating /home/travis/build/icyphy/ptII/ptolemy/domains/de/test/auto/TransferOutputs2.xml
2 ms. Memory: 323584K Free: 148857K (46%)
----------------- Invoking toplevel() on ptolemy.moml.MoMLSimpleApplication@218f5e0f
----------------- Done invoking toplevel() on ptolemy.moml.MoMLSimpleApplication@218f5e0f
reloadAllAccessors: .TransferOutputs2

===========================================================================================
----------------- testing Sat Jul 06 06:35:44 UTC 2019 /home/travis/build/icyphy/ptII/ptolemy/domains/de/test/auto/Trilateration.xml
----------------- Instantiating /home/travis/build/icyphy/ptII/ptolemy/domains/de/test/auto/Trilateration.xml
11564 ms. Memory: 491520K Free: 320960K (65%)
----------------- Invoking toplevel() on ptolemy.moml.MoMLSimpleApplication@648472d8
----------------- Done invoking toplevel() on ptolemy.moml.MoMLSimpleApplication@648472d8
reloadAllAccessors: .Trilateration

===========================================================================================
----------------- testing Sat Jul 06 06:35:57 UTC 2019 /home/travis/build/icyphy/ptII/ptolemy/domains/de/test/auto/TwoSigmaDelta.xml
----------------- Instantiating /home/travis/build/icyphy/ptII/ptolemy/domains/de/test/auto/TwoSigmaDelta.xml
1995 ms. Memory: 589824K Free: 510394K (87%)
----------------- Invoking toplevel() on ptolemy.moml.MoMLSimpleApplication@1905cd3d
----------------- Done invoking toplevel() on ptolemy.moml.MoMLSimpleApplication@1905cd3d
reloadAllAccessors: .TwoSigmaDelta

===========================================================================================
----------------- testing Sat Jul 06 06:35:59 UTC 2019 /home/travis/build/icyphy/ptII/ptolemy/domains/de/test/auto/VariableDelay.xml
----------------- Instantiating /home/travis/build/icyphy/ptII/ptolemy/domains/de/test/auto/VariableDelay.xml
2 ms. Memory: 589824K Free: 505244K (86%)
----------------- Invoking toplevel() on ptolemy.moml.MoMLSimpleApplication@1f57002c
----------------- Done invoking toplevel() on ptolemy.moml.MoMLSimpleApplication@1f57002c
reloadAllAccessors: .VariableDelay

===========================================================================================
----------------- testing Sat Jul 06 06:35:59 UTC 2019 /home/travis/build/icyphy/ptII/ptolemy/domains/de/test/auto/VariableDelay2.xml
----------------- Instantiating /home/travis/build/icyphy/ptII/ptolemy/domains/de/test/auto/VariableDelay2.xml
2 ms. Memory: 589824K Free: 500668K (85%)
----------------- Invoking toplevel() on ptolemy.moml.MoMLSimpleApplication@3454b0b6
----------------- Done invoking toplevel() on ptolemy.moml.MoMLSimpleApplication@3454b0b6
reloadAllAccessors: .VariableDelay2

===========================================================================================
----------------- testing Sat Jul 06 06:35:59 UTC 2019 /home/travis/build/icyphy/ptII/ptolemy/domains/de/test/auto/VariableDelayZeroDelay.xml
----------------- Instantiating /home/travis/build/icyphy/ptII/ptolemy/domains/de/test/auto/VariableDelayZeroDelay.xml
3 ms. Memory: 589824K Free: 496572K (84%)
----------------- Invoking toplevel() on ptolemy.moml.MoMLSimpleApplication@64e6d6bc
----------------- Done invoking toplevel() on ptolemy.moml.MoMLSimpleApplication@64e6d6bc
reloadAllAccessors: .VariableDelayZeroDelay

===========================================================================================
----------------- testing Sat Jul 06 06:35:59 UTC 2019 /home/travis/build/icyphy/ptII/ptolemy/domains/de/test/auto/VariableDelayZeroDelay2.xml
----------------- Instantiating /home/travis/build/icyphy/ptII/ptolemy/domains/de/test/auto/VariableDelayZeroDelay2.xml
2 ms. Memory: 589824K Free: 492476K (83%)
----------------- Invoking toplevel() on ptolemy.moml.MoMLSimpleApplication@6cf15349
----------------- Done invoking toplevel() on ptolemy.moml.MoMLSimpleApplication@6cf15349
reloadAllAccessors: .VariableDelayZeroDelay2

===========================================================================================
----------------- testing Sat Jul 06 06:35:59 UTC 2019 /home/travis/build/icyphy/ptII/ptolemy/domains/de/test/auto/deInCt.xml
----------------- Instantiating /home/travis/build/icyphy/ptII/ptolemy/domains/de/test/auto/deInCt.xml
0
1
1
1
1
0
0
0
0
0
1
1
0
0
0
1
1
1
0
0
0
0
0
0
1
1
1
1
7 ms. Memory: 589824K Free: 487356K (83%)
----------------- Invoking toplevel() on ptolemy.moml.MoMLSimpleApplication@437c8417
----------------- Done invoking toplevel() on ptolemy.moml.MoMLSimpleApplication@437c8417
reloadAllAccessors: .deInCt

===========================================================================================
----------------- testing Sat Jul 06 06:35:59 UTC 2019 /home/travis/build/icyphy/ptII/ptolemy/domains/de/test/auto/deInCt2.xml
----------------- Instantiating /home/travis/build/icyphy/ptII/ptolemy/domains/de/test/auto/deInCt2.xml
0
1
1
1
0
0
1
1
1
0
0
1
1
1
0
0
1
1
1
0
0
1
1
1
0
0
1
1
1
0
0
1
1
1
0
0
1
1
1
0
0
0
9 ms. Memory: 589824K Free: 482236K (82%)
----------------- Invoking toplevel() on ptolemy.moml.MoMLSimpleApplication@40110997
----------------- Done invoking toplevel() on ptolemy.moml.MoMLSimpleApplication@40110997
reloadAllAccessors: .deInCt2

===========================================================================================
----------------- testing Sat Jul 06 06:35:59 UTC 2019 /home/travis/build/icyphy/ptII/ptolemy/domains/de/test/auto/dynamicCausalityInterface1.xml
----------------- Instantiating /home/travis/build/icyphy/ptII/ptolemy/domains/de/test/auto/dynamicCausalityInterface1.xml
0 ms. Memory: 589824K Free: 473020K (80%)
----------------- Invoking toplevel() on ptolemy.moml.MoMLSimpleApplication@3d9db599
----------------- Done invoking toplevel() on ptolemy.moml.MoMLSimpleApplication@3d9db599
reloadAllAccessors: .dynamicCausalityInterface1

===========================================================================================
----------------- testing Sat Jul 06 06:35:59 UTC 2019 /home/travis/build/icyphy/ptII/ptolemy/domains/de/test/auto/fsm_de_test.xml
----------------- Instantiating /home/travis/build/icyphy/ptII/ptolemy/domains/de/test/auto/fsm_de_test.xml
4 ms. Memory: 589824K Free: 463804K (79%)
----------------- Invoking toplevel() on ptolemy.moml.MoMLSimpleApplication@1aa3cb01
----------------- Done invoking toplevel() on ptolemy.moml.MoMLSimpleApplication@1aa3cb01
reloadAllAccessors: .fsm_de_test

===========================================================================================
----------------- testing Sat Jul 06 06:35:59 UTC 2019 /home/travis/build/icyphy/ptII/ptolemy/domains/de/test/auto/functionDependencyReconstruction.xml
----------------- Instantiating /home/travis/build/icyphy/ptII/ptolemy/domains/de/test/auto/functionDependencyReconstruction.xml
3 ms. Memory: 589824K Free: 448948K (76%)
----------------- Invoking toplevel() on ptolemy.moml.MoMLSimpleApplication@25695af8
----------------- Done invoking toplevel() on ptolemy.moml.MoMLSimpleApplication@25695af8
reloadAllAccessors: .functionDependencyReconstruction

===========================================================================================
----------------- testing Sat Jul 06 06:35:59 UTC 2019 /home/travis/build/icyphy/ptII/ptolemy/domains/de/test/auto/multirate.xml
----------------- Instantiating /home/travis/build/icyphy/ptII/ptolemy/domains/de/test/auto/multirate.xml
11 ms. Memory: 589824K Free: 442300K (75%)
----------------- Invoking toplevel() on ptolemy.moml.MoMLSimpleApplication@13d34b11
----------------- Done invoking toplevel() on ptolemy.moml.MoMLSimpleApplication@13d34b11
reloadAllAccessors: .multirate

===========================================================================================
----------------- testing Sat Jul 06 06:35:59 UTC 2019 /home/travis/build/icyphy/ptII/ptolemy/domains/de/test/auto/multirate2.xml
----------------- Instantiating /home/travis/build/icyphy/ptII/ptolemy/domains/de/test/auto/multirate2.xml
2 ms. Memory: 589824K Free: 435628K (74%)
----------------- Invoking toplevel() on ptolemy.moml.MoMLSimpleApplication@58787ec0
----------------- Done invoking toplevel() on ptolemy.moml.MoMLSimpleApplication@58787ec0
reloadAllAccessors: .multirate2

===========================================================================================
----------------- testing Sat Jul 06 06:35:59 UTC 2019 /home/travis/build/icyphy/ptII/ptolemy/domains/de/test/auto/realtime.xml
----------------- Instantiating /home/travis/build/icyphy/ptII/ptolemy/domains/de/test/auto/realtime.xml
10003 ms. Memory: 589824K Free: 431036K (73%)
----------------- Invoking toplevel() on ptolemy.moml.MoMLSimpleApplication@343a3b15
----------------- Done invoking toplevel() on ptolemy.moml.MoMLSimpleApplication@343a3b15
reloadAllAccessors: .realtime

===========================================================================================
----------------- testing Sat Jul 06 06:36:09 UTC 2019 /home/travis/build/icyphy/ptII/ptolemy/domains/de/test/auto/relationGroup.xml
----------------- Instantiating /home/travis/build/icyphy/ptII/ptolemy/domains/de/test/auto/relationGroup.xml
1 ms. Memory: 589824K Free: 427450K (72%)
----------------- Invoking toplevel() on ptolemy.moml.MoMLSimpleApplication@14812074
----------------- Done invoking toplevel() on ptolemy.moml.MoMLSimpleApplication@14812074
reloadAllAccessors: .relationGroup

===========================================================================================
----------------- testing Sat Jul 06 06:36:09 UTC 2019 /home/travis/build/icyphy/ptII/ptolemy/domains/de/test/auto/relationGroup2.xml
----------------- Instantiating /home/travis/build/icyphy/ptII/ptolemy/domains/de/test/auto/relationGroup2.xml
2 ms. Memory: 589824K Free: 423868K (72%)
----------------- Invoking toplevel() on ptolemy.moml.MoMLSimpleApplication@6635f608
----------------- Done invoking toplevel() on ptolemy.moml.MoMLSimpleApplication@6635f608
reloadAllAccessors: .relationGroup2

===========================================================================================
----------------- testing Sat Jul 06 06:36:09 UTC 2019 /home/travis/build/icyphy/ptII/ptolemy/domains/de/test/auto/sortWithOpaquePorts.xml
----------------- Instantiating /home/travis/build/icyphy/ptII/ptolemy/domains/de/test/auto/sortWithOpaquePorts.xml
2 ms. Memory: 589824K Free: 419228K (71%)
----------------- Invoking toplevel() on ptolemy.moml.MoMLSimpleApplication@9043ef2
----------------- Done invoking toplevel() on ptolemy.moml.MoMLSimpleApplication@9043ef2
reloadAllAccessors: .sortWithOpaquePorts

===========================================================================================
----------------- testing Sat Jul 06 06:36:09 UTC 2019 /home/travis/build/icyphy/ptII/ptolemy/domains/de/test/auto/transferInputsandOutputs.xml
----------------- Instantiating /home/travis/build/icyphy/ptII/ptolemy/domains/de/test/auto/transferInputsandOutputs.xml
2 ms. Memory: 589824K Free: 412090K (70%)
----------------- Invoking toplevel() on ptolemy.moml.MoMLSimpleApplication@4d59f2ff
----------------- Done invoking toplevel() on ptolemy.moml.MoMLSimpleApplication@4d59f2ff
reloadAllAccessors: .transferInputsandOutputs

===========================================================================================
----------------- testing Sat Jul 06 06:36:09 UTC 2019 /home/travis/build/icyphy/ptII/ptolemy/domains/de/test/auto/triggerType.xml
----------------- Instantiating /home/travis/build/icyphy/ptII/ptolemy/domains/de/test/auto/triggerType.xml
2 ms. Memory: 589824K Free: 407980K (69%)
----------------- Invoking toplevel() on ptolemy.moml.MoMLSimpleApplication@228e308c
----------------- Done invoking toplevel() on ptolemy.moml.MoMLSimpleApplication@228e308c
reloadAllAccessors: .triggerType
AutoTests.java: About to close Vertx.
AutoTests.java: Vertx closed.
]]></system-out>
  <system-err><![CDATA[java.lang.RuntimeException: Execution failed
	at ptolemy.moml.MoMLSimpleApplication$UnloadThread.run(MoMLSimpleApplication.java:402)
Caused by: ptolemy.kernel.util.IllegalActionException: Found a zero delay loop containing .dependencyLoop.original
  in .dependencyLoop and .dependencyLoop.original
	at ptolemy.actor.util.CausalityInterfaceForComposites._computeOutputPortDepth(CausalityInterfaceForComposites.java:759)
	at ptolemy.actor.util.CausalityInterfaceForComposites._computeInputDepth(CausalityInterfaceForComposites.java:696)
	at ptolemy.actor.util.CausalityInterfaceForComposites._computeOutputPortDepth(CausalityInterfaceForComposites.java:765)
	at ptolemy.actor.util.CausalityInterfaceForComposites._computeInputDepth(CausalityInterfaceForComposites.java:696)
	at ptolemy.actor.util.CausalityInterfaceForComposites._computeOutputPortDepth(CausalityInterfaceForComposites.java:765)
	at ptolemy.actor.util.CausalityInterfaceForComposites._computeInputDepth(CausalityInterfaceForComposites.java:696)
	at ptolemy.actor.util.CausalityInterfaceForComposites._computeActorDepth(CausalityInterfaceForComposites.java:532)
	at ptolemy.actor.util.CausalityInterfaceForComposites.checkForCycles(CausalityInterfaceForComposites.java:96)
	at ptolemy.domains.de.kernel.DEDirector.preinitialize(DEDirector.java:1338)
	at ptolemy.actor.CompositeActor.preinitialize(CompositeActor.java:1828)
	at ptolemy.actor.Manager.preinitializeAndResolveTypes(Manager.java:1040)
	at ptolemy.actor.Manager.initialize(Manager.java:710)
	at ptolemy.actor.Manager.execute(Manager.java:356)
	at ptolemy.actor.Manager.run(Manager.java:1263)
	at ptolemy.actor.Manager$PtolemyRunThread.run(Manager.java:1915)
java.lang.RuntimeException: Execution failed
	at ptolemy.moml.MoMLSimpleApplication$UnloadThread.run(MoMLSimpleApplication.java:402)
Caused by: ptolemy.kernel.util.IllegalActionException: Found a zero delay loop containing .dependencyLoop2.original
  in .dependencyLoop2 and .dependencyLoop2.original
	at ptolemy.actor.util.CausalityInterfaceForComposites._computeOutputPortDepth(CausalityInterfaceForComposites.java:759)
	at ptolemy.actor.util.CausalityInterfaceForComposites._computeInputDepth(CausalityInterfaceForComposites.java:696)
	at ptolemy.actor.util.CausalityInterfaceForComposites._computeOutputPortDepth(CausalityInterfaceForComposites.java:765)
	at ptolemy.actor.util.CausalityInterfaceForComposites._computeInputDepth(CausalityInterfaceForComposites.java:696)
	at ptolemy.actor.util.CausalityInterfaceForComposites._computeOutputPortDepth(CausalityInterfaceForComposites.java:765)
	at ptolemy.actor.util.CausalityInterfaceForComposites._computeInputDepth(CausalityInterfaceForComposites.java:696)
	at ptolemy.actor.util.CausalityInterfaceForComposites._computeActorDepth(CausalityInterfaceForComposites.java:532)
	at ptolemy.actor.util.CausalityInterfaceForComposites.checkForCycles(CausalityInterfaceForComposites.java:96)
	at ptolemy.domains.de.kernel.DEDirector.preinitialize(DEDirector.java:1338)
	at ptolemy.actor.CompositeActor.preinitialize(CompositeActor.java:1828)
	at ptolemy.actor.Manager.preinitializeAndResolveTypes(Manager.java:1040)
	at ptolemy.actor.Manager.initialize(Manager.java:710)
	at ptolemy.actor.Manager.execute(Manager.java:356)
	at ptolemy.actor.Manager.run(Manager.java:1263)
	at ptolemy.actor.Manager$PtolemyRunThread.run(Manager.java:1915)
java.lang.RuntimeException: Execution failed
	at ptolemy.moml.MoMLSimpleApplication$UnloadThread.run(MoMLSimpleApplication.java:402)
Caused by: ptolemy.kernel.util.IllegalActionException: Test fails in iteration 1.
Value was: 1.0. Should have been: 2.0
  in .DirectFeedback.Test
	at ptolemy.actor.lib.Test.fire(Test.java:268)
	at ptolemy.domains.de.kernel.DEDirector._fire(DEDirector.java:1949)
	at ptolemy.domains.de.kernel.DEDirector.fire(DEDirector.java:502)
	at ptolemy.actor.CompositeActor.fire(CompositeActor.java:455)
	at ptolemy.actor.Manager.iterate(Manager.java:851)
	at ptolemy.actor.Manager.execute(Manager.java:369)
	at ptolemy.actor.Manager.run(Manager.java:1263)
	at ptolemy.actor.Manager$PtolemyRunThread.run(Manager.java:1915)
java.lang.RuntimeException: Execution failed
	at ptolemy.moml.MoMLSimpleApplication$UnloadThread.run(MoMLSimpleApplication.java:402)
Caused by: ptolemy.kernel.util.IllegalActionException: Found a zero delay loop containing .dependencyLoop.original
  in .dependencyLoop and .dependencyLoop.original
	at ptolemy.actor.util.CausalityInterfaceForComposites._computeOutputPortDepth(CausalityInterfaceForComposites.java:759)
	at ptolemy.actor.util.CausalityInterfaceForComposites._computeInputDepth(CausalityInterfaceForComposites.java:696)
	at ptolemy.actor.util.CausalityInterfaceForComposites._computeOutputPortDepth(CausalityInterfaceForComposites.java:765)
	at ptolemy.actor.util.CausalityInterfaceForComposites._computeInputDepth(CausalityInterfaceForComposites.java:696)
	at ptolemy.actor.util.CausalityInterfaceForComposites._computeOutputPortDepth(CausalityInterfaceForComposites.java:765)
	at ptolemy.actor.util.CausalityInterfaceForComposites._computeInputDepth(CausalityInterfaceForComposites.java:696)
	at ptolemy.actor.util.CausalityInterfaceForComposites._computeActorDepth(CausalityInterfaceForComposites.java:532)
	at ptolemy.actor.util.CausalityInterfaceForComposites.checkForCycles(CausalityInterfaceForComposites.java:96)
	at ptolemy.domains.de.kernel.DEDirector.preinitialize(DEDirector.java:1338)
	at ptolemy.actor.CompositeActor.preinitialize(CompositeActor.java:1828)
	at ptolemy.actor.Manager.preinitializeAndResolveTypes(Manager.java:1040)
	at ptolemy.actor.Manager.initialize(Manager.java:710)
	at ptolemy.actor.Manager.execute(Manager.java:356)
	at ptolemy.actor.Manager.run(Manager.java:1263)
	at ptolemy.actor.Manager$PtolemyRunThread.run(Manager.java:1915)
java.lang.RuntimeException: Execution failed
	at ptolemy.moml.MoMLSimpleApplication$UnloadThread.run(MoMLSimpleApplication.java:402)
Caused by: ptolemy.kernel.util.IllegalActionException: Found a zero delay loop containing .HierarchicalModel.A
  in .HierarchicalModel and .HierarchicalModel.A
	at ptolemy.actor.util.CausalityInterfaceForComposites._computeOutputPortDepth(CausalityInterfaceForComposites.java:759)
	at ptolemy.actor.util.CausalityInterfaceForComposites._computeInputDepth(CausalityInterfaceForComposites.java:696)
	at ptolemy.actor.util.CausalityInterfaceForComposites._computeOutputPortDepth(CausalityInterfaceForComposites.java:765)
	at ptolemy.actor.util.CausalityInterfaceForComposites._computeInputDepth(CausalityInterfaceForComposites.java:696)
	at ptolemy.actor.util.CausalityInterfaceForComposites._computeOutputPortDepth(CausalityInterfaceForComposites.java:765)
	at ptolemy.actor.util.CausalityInterfaceForComposites._computeInputDepth(CausalityInterfaceForComposites.java:696)
	at ptolemy.actor.util.CausalityInterfaceForComposites._computeActorDepth(CausalityInterfaceForComposites.java:532)
	at ptolemy.actor.util.CausalityInterfaceForComposites.checkForCycles(CausalityInterfaceForComposites.java:96)
	at ptolemy.domains.de.kernel.DEDirector.preinitialize(DEDirector.java:1338)
	at ptolemy.actor.CompositeActor.preinitialize(CompositeActor.java:1828)
	at ptolemy.actor.Manager.preinitializeAndResolveTypes(Manager.java:1040)
	at ptolemy.actor.Manager.initialize(Manager.java:710)
	at ptolemy.actor.Manager.execute(Manager.java:356)
	at ptolemy.actor.Manager.run(Manager.java:1263)
	at ptolemy.actor.Manager$PtolemyRunThread.run(Manager.java:1915)
java.lang.RuntimeException: Execution failed
	at ptolemy.moml.MoMLSimpleApplication$UnloadThread.run(MoMLSimpleApplication.java:402)
Caused by: ptolemy.kernel.util.IllegalActionException: Found a zero delay loop containing .dependencyLoop2.original
  in .dependencyLoop2 and .dependencyLoop2.original
	at ptolemy.actor.util.CausalityInterfaceForComposites._computeOutputPortDepth(CausalityInterfaceForComposites.java:759)
	at ptolemy.actor.util.CausalityInterfaceForComposites._computeInputDepth(CausalityInterfaceForComposites.java:696)
	at ptolemy.actor.util.CausalityInterfaceForComposites._computeOutputPortDepth(CausalityInterfaceForComposites.java:765)
	at ptolemy.actor.util.CausalityInterfaceForComposites._computeInputDepth(CausalityInterfaceForComposites.java:696)
	at ptolemy.actor.util.CausalityInterfaceForComposites._computeOutputPortDepth(CausalityInterfaceForComposites.java:765)
	at ptolemy.actor.util.CausalityInterfaceForComposites._computeInputDepth(CausalityInterfaceForComposites.java:696)
	at ptolemy.actor.util.CausalityInterfaceForComposites._computeActorDepth(CausalityInterfaceForComposites.java:532)
	at ptolemy.actor.util.CausalityInterfaceForComposites.checkForCycles(CausalityInterfaceForComposites.java:96)
	at ptolemy.domains.de.kernel.DEDirector.preinitialize(DEDirector.java:1338)
	at ptolemy.actor.CompositeActor.preinitialize(CompositeActor.java:1828)
	at ptolemy.actor.Manager.preinitializeAndResolveTypes(Manager.java:1040)
	at ptolemy.actor.Manager.initialize(Manager.java:710)
	at ptolemy.actor.Manager.execute(Manager.java:356)
	at ptolemy.actor.Manager.run(Manager.java:1263)
	at ptolemy.actor.Manager$PtolemyRunThread.run(Manager.java:1915)
java.lang.RuntimeException: Execution failed
	at ptolemy.moml.MoMLSimpleApplication$UnloadThread.run(MoMLSimpleApplication.java:402)
Caused by: ptolemy.kernel.util.IllegalActionException: Actor is not ready to fire.  Perhaps UpSample.prefire() returned false? Try debugging the actor by selecting "Listen to Actor".  Also, for SDF check moml for tokenConsumptionRate on input.
  in .DESDFClockTest.Play Bell.Copy1:SDF Director and .DESDFClockTest.Play Bell.UpSample
	at ptolemy.actor.sched.StaticSchedulingDirector.fire(StaticSchedulingDirector.java:227)
	at ptolemy.domains.sdf.kernel.SDFDirector.fire(SDFDirector.java:500)
	at ptolemy.actor.CompositeActor.fire(CompositeActor.java:455)
	at ptolemy.domains.de.kernel.DEDirector._fire(DEDirector.java:1949)
	at ptolemy.domains.de.kernel.DEDirector.fire(DEDirector.java:502)
	at ptolemy.actor.CompositeActor.fire(CompositeActor.java:455)
	at ptolemy.actor.Manager.iterate(Manager.java:851)
	at ptolemy.actor.Manager.execute(Manager.java:369)
	at ptolemy.actor.Manager.run(Manager.java:1263)
	at ptolemy.actor.Manager$PtolemyRunThread.run(Manager.java:1915)
java.lang.RuntimeException: Execution failed
	at ptolemy.moml.MoMLSimpleApplication$UnloadThread.run(MoMLSimpleApplication.java:402)
Caused by: ptolemy.kernel.util.IllegalActionException: Actor is not ready to fire.  Perhaps UpSample.prefire() returned false? Try debugging the actor by selecting "Listen to Actor".  Also, for SDF check moml for tokenConsumptionRate on input.
  in .DESDFClockTest.Play Bell.Copy1:SDF Director and .DESDFClockTest.Play Bell.UpSample
	at ptolemy.actor.sched.StaticSchedulingDirector.fire(StaticSchedulingDirector.java:227)
	at ptolemy.domains.sdf.kernel.SDFDirector.fire(SDFDirector.java:500)
	at ptolemy.actor.CompositeActor.fire(CompositeActor.java:455)
	at ptolemy.domains.de.kernel.DEDirector._fire(DEDirector.java:1949)
	at ptolemy.domains.de.kernel.DEDirector.fire(DEDirector.java:502)
	at ptolemy.actor.CompositeActor.fire(CompositeActor.java:455)
	at ptolemy.actor.Manager.iterate(Manager.java:851)
	at ptolemy.actor.Manager.execute(Manager.java:369)
	at ptolemy.actor.Manager.run(Manager.java:1263)
	at ptolemy.actor.Manager$PtolemyRunThread.run(Manager.java:1915)
java.lang.reflect.InvocationTargetException
	at java.base/jdk.internal.reflect.NativeConstructorAccessorImpl.newInstance0(Native Method)
	at java.base/jdk.internal.reflect.NativeConstructorAccessorImpl.newInstance(NativeConstructorAccessorImpl.java:62)
	at java.base/jdk.internal.reflect.DelegatingConstructorAccessorImpl.newInstance(DelegatingConstructorAccessorImpl.java:45)
	at java.base/java.lang.reflect.Constructor.newInstance(Constructor.java:490)
	at ptolemy.util.test.junit.AutoKnownFailedTests.RunModel(AutoKnownFailedTests.java:105)
	at java.base/jdk.internal.reflect.NativeMethodAccessorImpl.invoke0(Native Method)
	at java.base/jdk.internal.reflect.NativeMethodAccessorImpl.invoke(NativeMethodAccessorImpl.java:62)
	at java.base/jdk.internal.reflect.DelegatingMethodAccessorImpl.invoke(DelegatingMethodAccessorImpl.java:43)
	at java.base/java.lang.reflect.Method.invoke(Method.java:566)
	at org.junit.runners.model.FrameworkMethod$1.runReflectiveCall(FrameworkMethod.java:44)
	at org.junit.internal.runners.model.ReflectiveCallable.run(ReflectiveCallable.java:15)
	at org.junit.runners.model.FrameworkMethod.invokeExplosively(FrameworkMethod.java:41)
	at junitparams.internal.InvokeParameterisedMethod.evaluate(InvokeParameterisedMethod.java:102)
	at org.junit.internal.runners.statements.FailOnTimeout$1.run(FailOnTimeout.java:28)
Caused by: ptolemy.kernel.util.IllegalActionException: Actor is not ready to fire.  Perhaps UpSample.prefire() returned false? Try debugging the actor by selecting "Listen to Actor".  Also, for SDF check moml for tokenConsumptionRate on input.
  in .DESDFClockTest.Play Bell.Copy1:SDF Director and .DESDFClockTest.Play Bell.UpSample
	at ptolemy.actor.sched.StaticSchedulingDirector.fire(StaticSchedulingDirector.java:227)
	at ptolemy.domains.sdf.kernel.SDFDirector.fire(SDFDirector.java:500)
	at ptolemy.actor.CompositeActor.fire(CompositeActor.java:455)
	at ptolemy.domains.de.kernel.DEDirector._fire(DEDirector.java:1949)
	at ptolemy.domains.de.kernel.DEDirector.fire(DEDirector.java:502)
	at ptolemy.actor.CompositeActor.fire(CompositeActor.java:455)
	at ptolemy.actor.Manager.iterate(Manager.java:851)
	at ptolemy.actor.Manager.execute(Manager.java:369)
	at ptolemy.actor.Manager.run(Manager.java:1263)
	at ptolemy.actor.Manager$PtolemyRunThread.run(Manager.java:1915)
java.lang.RuntimeException: Execution failed
	at ptolemy.moml.MoMLSimpleApplication$UnloadThread.run(MoMLSimpleApplication.java:402)
Caused by: ptolemy.kernel.util.IllegalActionException: Test fails in iteration 1.
Value was: 1.0. Should have been: 2.0
  in .DirectFeedback.Test
	at ptolemy.actor.lib.Test.fire(Test.java:268)
	at ptolemy.domains.de.kernel.DEDirector._fire(DEDirector.java:1949)
	at ptolemy.domains.de.kernel.DEDirector.fire(DEDirector.java:502)
	at ptolemy.actor.CompositeActor.fire(CompositeActor.java:455)
	at ptolemy.actor.Manager.iterate(Manager.java:851)
	at ptolemy.actor.Manager.execute(Manager.java:369)
	at ptolemy.actor.Manager.run(Manager.java:1263)
	at ptolemy.actor.Manager$PtolemyRunThread.run(Manager.java:1915)
java.lang.reflect.InvocationTargetException
	at java.base/jdk.internal.reflect.NativeConstructorAccessorImpl.newInstance0(Native Method)
	at java.base/jdk.internal.reflect.NativeConstructorAccessorImpl.newInstance(NativeConstructorAccessorImpl.java:62)
	at java.base/jdk.internal.reflect.DelegatingConstructorAccessorImpl.newInstance(DelegatingConstructorAccessorImpl.java:45)
	at java.base/java.lang.reflect.Constructor.newInstance(Constructor.java:490)
	at ptolemy.util.test.junit.AutoKnownFailedTests.RunModel(AutoKnownFailedTests.java:105)
	at java.base/jdk.internal.reflect.NativeMethodAccessorImpl.invoke0(Native Method)
	at java.base/jdk.internal.reflect.NativeMethodAccessorImpl.invoke(NativeMethodAccessorImpl.java:62)
	at java.base/jdk.internal.reflect.DelegatingMethodAccessorImpl.invoke(DelegatingMethodAccessorImpl.java:43)
	at java.base/java.lang.reflect.Method.invoke(Method.java:566)
	at org.junit.runners.model.FrameworkMethod$1.runReflectiveCall(FrameworkMethod.java:44)
	at org.junit.internal.runners.model.ReflectiveCallable.run(ReflectiveCallable.java:15)
	at org.junit.runners.model.FrameworkMethod.invokeExplosively(FrameworkMethod.java:41)
	at junitparams.internal.InvokeParameterisedMethod.evaluate(InvokeParameterisedMethod.java:102)
	at org.junit.internal.runners.statements.FailOnTimeout$1.run(FailOnTimeout.java:28)
Caused by: ptolemy.kernel.util.IllegalActionException: Test fails in iteration 1.
Value was: 1.0. Should have been: 2.0
  in .DirectFeedback.Test
	at ptolemy.actor.lib.Test.fire(Test.java:268)
	at ptolemy.domains.de.kernel.DEDirector._fire(DEDirector.java:1949)
	at ptolemy.domains.de.kernel.DEDirector.fire(DEDirector.java:502)
	at ptolemy.actor.CompositeActor.fire(CompositeActor.java:455)
	at ptolemy.actor.Manager.iterate(Manager.java:851)
	at ptolemy.actor.Manager.execute(Manager.java:369)
	at ptolemy.actor.Manager.run(Manager.java:1263)
	at ptolemy.actor.Manager$PtolemyRunThread.run(Manager.java:1915)
java.lang.RuntimeException: Execution failed
	at ptolemy.moml.MoMLSimpleApplication$UnloadThread.run(MoMLSimpleApplication.java:402)
Caused by: ptolemy.kernel.util.IllegalActionException: Found a zero delay loop containing .HierarchicalModel.A
  in .HierarchicalModel and .HierarchicalModel.A
	at ptolemy.actor.util.CausalityInterfaceForComposites._computeOutputPortDepth(CausalityInterfaceForComposites.java:759)
	at ptolemy.actor.util.CausalityInterfaceForComposites._computeInputDepth(CausalityInterfaceForComposites.java:696)
	at ptolemy.actor.util.CausalityInterfaceForComposites._computeOutputPortDepth(CausalityInterfaceForComposites.java:765)
	at ptolemy.actor.util.CausalityInterfaceForComposites._computeInputDepth(CausalityInterfaceForComposites.java:696)
	at ptolemy.actor.util.CausalityInterfaceForComposites._computeOutputPortDepth(CausalityInterfaceForComposites.java:765)
	at ptolemy.actor.util.CausalityInterfaceForComposites._computeInputDepth(CausalityInterfaceForComposites.java:696)
	at ptolemy.actor.util.CausalityInterfaceForComposites._computeActorDepth(CausalityInterfaceForComposites.java:532)
	at ptolemy.actor.util.CausalityInterfaceForComposites.checkForCycles(CausalityInterfaceForComposites.java:96)
	at ptolemy.domains.de.kernel.DEDirector.preinitialize(DEDirector.java:1338)
	at ptolemy.actor.CompositeActor.preinitialize(CompositeActor.java:1828)
	at ptolemy.actor.Manager.preinitializeAndResolveTypes(Manager.java:1040)
	at ptolemy.actor.Manager.initialize(Manager.java:710)
	at ptolemy.actor.Manager.execute(Manager.java:356)
	at ptolemy.actor.Manager.run(Manager.java:1263)
	at ptolemy.actor.Manager$PtolemyRunThread.run(Manager.java:1915)
java.lang.reflect.InvocationTargetException
	at java.base/jdk.internal.reflect.NativeConstructorAccessorImpl.newInstance0(Native Method)
	at java.base/jdk.internal.reflect.NativeConstructorAccessorImpl.newInstance(NativeConstructorAccessorImpl.java:62)
	at java.base/jdk.internal.reflect.DelegatingConstructorAccessorImpl.newInstance(DelegatingConstructorAccessorImpl.java:45)
	at java.base/java.lang.reflect.Constructor.newInstance(Constructor.java:490)
	at ptolemy.util.test.junit.AutoKnownFailedTests.RunModel(AutoKnownFailedTests.java:105)
	at java.base/jdk.internal.reflect.NativeMethodAccessorImpl.invoke0(Native Method)
	at java.base/jdk.internal.reflect.NativeMethodAccessorImpl.invoke(NativeMethodAccessorImpl.java:62)
	at java.base/jdk.internal.reflect.DelegatingMethodAccessorImpl.invoke(DelegatingMethodAccessorImpl.java:43)
	at java.base/java.lang.reflect.Method.invoke(Method.java:566)
	at org.junit.runners.model.FrameworkMethod$1.runReflectiveCall(FrameworkMethod.java:44)
	at org.junit.internal.runners.model.ReflectiveCallable.run(ReflectiveCallable.java:15)
	at org.junit.runners.model.FrameworkMethod.invokeExplosively(FrameworkMethod.java:41)
	at junitparams.internal.InvokeParameterisedMethod.evaluate(InvokeParameterisedMethod.java:102)
	at org.junit.internal.runners.statements.FailOnTimeout$1.run(FailOnTimeout.java:28)
Caused by: ptolemy.kernel.util.IllegalActionException: Found a zero delay loop containing .HierarchicalModel.A
  in .HierarchicalModel and .HierarchicalModel.A
	at ptolemy.actor.util.CausalityInterfaceForComposites._computeOutputPortDepth(CausalityInterfaceForComposites.java:759)
	at ptolemy.actor.util.CausalityInterfaceForComposites._computeInputDepth(CausalityInterfaceForComposites.java:696)
	at ptolemy.actor.util.CausalityInterfaceForComposites._computeOutputPortDepth(CausalityInterfaceForComposites.java:765)
	at ptolemy.actor.util.CausalityInterfaceForComposites._computeInputDepth(CausalityInterfaceForComposites.java:696)
	at ptolemy.actor.util.CausalityInterfaceForComposites._computeOutputPortDepth(CausalityInterfaceForComposites.java:765)
	at ptolemy.actor.util.CausalityInterfaceForComposites._computeInputDepth(CausalityInterfaceForComposites.java:696)
	at ptolemy.actor.util.CausalityInterfaceForComposites._computeActorDepth(CausalityInterfaceForComposites.java:532)
	at ptolemy.actor.util.CausalityInterfaceForComposites.checkForCycles(CausalityInterfaceForComposites.java:96)
	at ptolemy.domains.de.kernel.DEDirector.preinitialize(DEDirector.java:1338)
	at ptolemy.actor.CompositeActor.preinitialize(CompositeActor.java:1828)
	at ptolemy.actor.Manager.preinitializeAndResolveTypes(Manager.java:1040)
	at ptolemy.actor.Manager.initialize(Manager.java:710)
	at ptolemy.actor.Manager.execute(Manager.java:356)
	at ptolemy.actor.Manager.run(Manager.java:1263)
	at ptolemy.actor.Manager$PtolemyRunThread.run(Manager.java:1915)
java.lang.RuntimeException: Execution failed
	at ptolemy.moml.MoMLSimpleApplication$UnloadThread.run(MoMLSimpleApplication.java:402)
Caused by: ptolemy.kernel.util.IllegalActionException: Found a zero delay loop containing .dependencyLoop.original
  in .dependencyLoop and .dependencyLoop.original
	at ptolemy.actor.util.CausalityInterfaceForComposites._computeOutputPortDepth(CausalityInterfaceForComposites.java:759)
	at ptolemy.actor.util.CausalityInterfaceForComposites._computeInputDepth(CausalityInterfaceForComposites.java:696)
	at ptolemy.actor.util.CausalityInterfaceForComposites._computeOutputPortDepth(CausalityInterfaceForComposites.java:765)
	at ptolemy.actor.util.CausalityInterfaceForComposites._computeInputDepth(CausalityInterfaceForComposites.java:696)
	at ptolemy.actor.util.CausalityInterfaceForComposites._computeOutputPortDepth(CausalityInterfaceForComposites.java:765)
	at ptolemy.actor.util.CausalityInterfaceForComposites._computeInputDepth(CausalityInterfaceForComposites.java:696)
	at ptolemy.actor.util.CausalityInterfaceForComposites._computeActorDepth(CausalityInterfaceForComposites.java:532)
	at ptolemy.actor.util.CausalityInterfaceForComposites.checkForCycles(CausalityInterfaceForComposites.java:96)
	at ptolemy.domains.de.kernel.DEDirector.preinitialize(DEDirector.java:1338)
	at ptolemy.actor.CompositeActor.preinitialize(CompositeActor.java:1828)
	at ptolemy.actor.Manager.preinitializeAndResolveTypes(Manager.java:1040)
	at ptolemy.actor.Manager.initialize(Manager.java:710)
	at ptolemy.actor.Manager.execute(Manager.java:356)
	at ptolemy.actor.Manager.run(Manager.java:1263)
	at ptolemy.actor.Manager$PtolemyRunThread.run(Manager.java:1915)
java.lang.reflect.InvocationTargetException
	at java.base/jdk.internal.reflect.NativeConstructorAccessorImpl.newInstance0(Native Method)
	at java.base/jdk.internal.reflect.NativeConstructorAccessorImpl.newInstance(NativeConstructorAccessorImpl.java:62)
	at java.base/jdk.internal.reflect.DelegatingConstructorAccessorImpl.newInstance(DelegatingConstructorAccessorImpl.java:45)
	at java.base/java.lang.reflect.Constructor.newInstance(Constructor.java:490)
	at ptolemy.util.test.junit.AutoKnownFailedTests.RunModel(AutoKnownFailedTests.java:105)
	at java.base/jdk.internal.reflect.NativeMethodAccessorImpl.invoke0(Native Method)
	at java.base/jdk.internal.reflect.NativeMethodAccessorImpl.invoke(NativeMethodAccessorImpl.java:62)
	at java.base/jdk.internal.reflect.DelegatingMethodAccessorImpl.invoke(DelegatingMethodAccessorImpl.java:43)
	at java.base/java.lang.reflect.Method.invoke(Method.java:566)
	at org.junit.runners.model.FrameworkMethod$1.runReflectiveCall(FrameworkMethod.java:44)
	at org.junit.internal.runners.model.ReflectiveCallable.run(ReflectiveCallable.java:15)
	at org.junit.runners.model.FrameworkMethod.invokeExplosively(FrameworkMethod.java:41)
	at junitparams.internal.InvokeParameterisedMethod.evaluate(InvokeParameterisedMethod.java:102)
	at org.junit.internal.runners.statements.FailOnTimeout$1.run(FailOnTimeout.java:28)
Caused by: ptolemy.kernel.util.IllegalActionException: Found a zero delay loop containing .dependencyLoop.original
  in .dependencyLoop and .dependencyLoop.original
	at ptolemy.actor.util.CausalityInterfaceForComposites._computeOutputPortDepth(CausalityInterfaceForComposites.java:759)
	at ptolemy.actor.util.CausalityInterfaceForComposites._computeInputDepth(CausalityInterfaceForComposites.java:696)
	at ptolemy.actor.util.CausalityInterfaceForComposites._computeOutputPortDepth(CausalityInterfaceForComposites.java:765)
	at ptolemy.actor.util.CausalityInterfaceForComposites._computeInputDepth(CausalityInterfaceForComposites.java:696)
	at ptolemy.actor.util.CausalityInterfaceForComposites._computeOutputPortDepth(CausalityInterfaceForComposites.java:765)
	at ptolemy.actor.util.CausalityInterfaceForComposites._computeInputDepth(CausalityInterfaceForComposites.java:696)
	at ptolemy.actor.util.CausalityInterfaceForComposites._computeActorDepth(CausalityInterfaceForComposites.java:532)
	at ptolemy.actor.util.CausalityInterfaceForComposites.checkForCycles(CausalityInterfaceForComposites.java:96)
	at ptolemy.domains.de.kernel.DEDirector.preinitialize(DEDirector.java:1338)
	at ptolemy.actor.CompositeActor.preinitialize(CompositeActor.java:1828)
	at ptolemy.actor.Manager.preinitializeAndResolveTypes(Manager.java:1040)
	at ptolemy.actor.Manager.initialize(Manager.java:710)
	at ptolemy.actor.Manager.execute(Manager.java:356)
	at ptolemy.actor.Manager.run(Manager.java:1263)
	at ptolemy.actor.Manager$PtolemyRunThread.run(Manager.java:1915)
java.lang.RuntimeException: Execution failed
	at ptolemy.moml.MoMLSimpleApplication$UnloadThread.run(MoMLSimpleApplication.java:402)
Caused by: ptolemy.kernel.util.IllegalActionException: Found a zero delay loop containing .dependencyLoop2.original
  in .dependencyLoop2 and .dependencyLoop2.original
	at ptolemy.actor.util.CausalityInterfaceForComposites._computeOutputPortDepth(CausalityInterfaceForComposites.java:759)
	at ptolemy.actor.util.CausalityInterfaceForComposites._computeInputDepth(CausalityInterfaceForComposites.java:696)
	at ptolemy.actor.util.CausalityInterfaceForComposites._computeOutputPortDepth(CausalityInterfaceForComposites.java:765)
	at ptolemy.actor.util.CausalityInterfaceForComposites._computeInputDepth(CausalityInterfaceForComposites.java:696)
	at ptolemy.actor.util.CausalityInterfaceForComposites._computeOutputPortDepth(CausalityInterfaceForComposites.java:765)
	at ptolemy.actor.util.CausalityInterfaceForComposites._computeInputDepth(CausalityInterfaceForComposites.java:696)
	at ptolemy.actor.util.CausalityInterfaceForComposites._computeActorDepth(CausalityInterfaceForComposites.java:532)
	at ptolemy.actor.util.CausalityInterfaceForComposites.checkForCycles(CausalityInterfaceForComposites.java:96)
	at ptolemy.domains.de.kernel.DEDirector.preinitialize(DEDirector.java:1338)
	at ptolemy.actor.CompositeActor.preinitialize(CompositeActor.java:1828)
	at ptolemy.actor.Manager.preinitializeAndResolveTypes(Manager.java:1040)
	at ptolemy.actor.Manager.initialize(Manager.java:710)
	at ptolemy.actor.Manager.execute(Manager.java:356)
	at ptolemy.actor.Manager.run(Manager.java:1263)
	at ptolemy.actor.Manager$PtolemyRunThread.run(Manager.java:1915)
java.lang.reflect.InvocationTargetException
	at java.base/jdk.internal.reflect.NativeConstructorAccessorImpl.newInstance0(Native Method)
	at java.base/jdk.internal.reflect.NativeConstructorAccessorImpl.newInstance(NativeConstructorAccessorImpl.java:62)
	at java.base/jdk.internal.reflect.DelegatingConstructorAccessorImpl.newInstance(DelegatingConstructorAccessorImpl.java:45)
	at java.base/java.lang.reflect.Constructor.newInstance(Constructor.java:490)
	at ptolemy.util.test.junit.AutoKnownFailedTests.RunModel(AutoKnownFailedTests.java:105)
	at java.base/jdk.internal.reflect.NativeMethodAccessorImpl.invoke0(Native Method)
	at java.base/jdk.internal.reflect.NativeMethodAccessorImpl.invoke(NativeMethodAccessorImpl.java:62)
	at java.base/jdk.internal.reflect.DelegatingMethodAccessorImpl.invoke(DelegatingMethodAccessorImpl.java:43)
	at java.base/java.lang.reflect.Method.invoke(Method.java:566)
	at org.junit.runners.model.FrameworkMethod$1.runReflectiveCall(FrameworkMethod.java:44)
	at org.junit.internal.runners.model.ReflectiveCallable.run(ReflectiveCallable.java:15)
	at org.junit.runners.model.FrameworkMethod.invokeExplosively(FrameworkMethod.java:41)
	at junitparams.internal.InvokeParameterisedMethod.evaluate(InvokeParameterisedMethod.java:102)
	at org.junit.internal.runners.statements.FailOnTimeout$1.run(FailOnTimeout.java:28)
Caused by: ptolemy.kernel.util.IllegalActionException: Found a zero delay loop containing .dependencyLoop2.original
  in .dependencyLoop2 and .dependencyLoop2.original
	at ptolemy.actor.util.CausalityInterfaceForComposites._computeOutputPortDepth(CausalityInterfaceForComposites.java:759)
	at ptolemy.actor.util.CausalityInterfaceForComposites._computeInputDepth(CausalityInterfaceForComposites.java:696)
	at ptolemy.actor.util.CausalityInterfaceForComposites._computeOutputPortDepth(CausalityInterfaceForComposites.java:765)
	at ptolemy.actor.util.CausalityInterfaceForComposites._computeInputDepth(CausalityInterfaceForComposites.java:696)
	at ptolemy.actor.util.CausalityInterfaceForComposites._computeOutputPortDepth(CausalityInterfaceForComposites.java:765)
	at ptolemy.actor.util.CausalityInterfaceForComposites._computeInputDepth(CausalityInterfaceForComposites.java:696)
	at ptolemy.actor.util.CausalityInterfaceForComposites._computeActorDepth(CausalityInterfaceForComposites.java:532)
	at ptolemy.actor.util.CausalityInterfaceForComposites.checkForCycles(CausalityInterfaceForComposites.java:96)
	at ptolemy.domains.de.kernel.DEDirector.preinitialize(DEDirector.java:1338)
	at ptolemy.actor.CompositeActor.preinitialize(CompositeActor.java:1828)
	at ptolemy.actor.Manager.preinitializeAndResolveTypes(Manager.java:1040)
	at ptolemy.actor.Manager.initialize(Manager.java:710)
	at ptolemy.actor.Manager.execute(Manager.java:356)
	at ptolemy.actor.Manager.run(Manager.java:1263)
	at ptolemy.actor.Manager$PtolemyRunThread.run(Manager.java:1915)
]]></system-err>
</testsuite>
