<?xml version="1.0" encoding="UTF-8" ?>
<testsuite errors="0" failures="0" hostname="travis-job-99dcc982-b869-4e81-9a9a-39a2876a21de" name="ptolemy.domains.de.test.junit.JUnitTclTest" skipped="0" tests="101" time="124.874" timestamp="2018-06-13T16:57:59">
  <properties>
    <property name="npm.executable" value="npm" />
    <property name="file.encoding.pkg" value="sun.io" />
    <property name="ptII.mk.exists" value="true" />
    <property name="env.rvm_bin_path" value="/home/travis/.rvm/bin" />
    <property name="java.home" value="/usr/lib/jvm/java-8-oracle/jre" />
    <property name="env.TRAVIS_JOB_NUMBER" value="578.8" />
    <property name="env.DISPLAY" value=":99.0" />
    <property name="java.net.preferIPv4Stack" value="true" />
    <property name="env.SSH_TTY" value="/dev/pts/0" />
    <property name="env.RUN_TESTS" value="true" />
    <property name="timeout.short" value="1000000" />
    <property name="env.TRAVIS_STACK_NODE_ATTRIBUTES" value="/.node-attributes.yml" />
    <property name="junit.formatter" value="xml" />
    <property name="java.endorsed.dirs" value="/usr/lib/jvm/java-8-oracle/jre/lib/endorsed" />
    <property name="env.TRAVIS_SUDO" value="true" />
    <property name="env.LOGNAME" value="travis" />
    <property name="jsdoc.home" value="node_modules/@terraswarm/jsdoc" />
    <property name="debuglevel" value="source,lines,vars" />
    <property name="checkstyle.formatter" value="xml" />
    <property name="bin.vergil.makeable" value="true" />
    <property name="env._system_version" value="14.04" />
    <property name="sun.os.patch.level" value="unknown" />
    <property name="java.vendor.url" value="http://java.oracle.com/" />
    <property name="java.version" value="1.8.0_151" />
    <property name="env.TZ" value="UTC" />
    <property name="env.PT_NO_NET" value="true" />
    <property name="env.TRAVIS_PULL_REQUEST_SHA" value="" />
    <property name="env.TRAVIS_SECURE_ENV_VARS" value="true" />
    <property name="env._system_type" value="Linux" />
    <property name="java.vendor.url.bug" value="http://bugreport.sun.com/bugreport/" />
    <property name="env.SSH_CLIENT" value="10.10.4.34 36406 22" />
    <property name="npmjs-org-is-up" value="true" />
    <property name="env.GEM_HOME" value="/home/travis/.rvm/gems/ruby-2.4.1" />
    <property name="env.HAS_ANTARES_THREE_LITTLE_FRONZIES_BADGE" value="true" />
    <property name="env.PS4" value="+" />
    <property name="ant.project.invoked-targets" value="build,test.core2.xml" />
    <property name="env.TRAVIS_PULL_REQUEST_BRANCH" value="" />
    <property name="env.TRAVIS_REPO_SLUG" value="icyphy/ptII" />
    <property name="node.in.path" value="true" />
    <property name="java.maxmemory" value="1400m" />
    <property name="env.RUBY_VERSION" value="ruby-2.4.1" />
    <property name="user.name" value="travis" />
    <property name="env.LANG" value="en_US.UTF-8" />
    <property name="sun.io.unicode.encoding" value="UnicodeLittle" />
    <property name="sun.jnu.encoding" value="UTF-8" />
    <property name="java.runtime.name" value="Java(TM) SE Runtime Environment" />
    <property name="usefile" value="false" />
    <property name="return.code" value="0" />
    <property name="junit.single.formatter" value="plain" />
    <property name="env.DYLD_LIBRARY_PATH" value="/home/travis/pthla/certi-tools/lib:" />
    <property name="env.DEBIAN_FRONTEND" value="noninteractive" />
    <property name="env.SSH_CONNECTION" value="10.10.4.34 36406 10.20.0.151 22" />
    <property name="env.MYSQL_UNIX_PORT" value="/var/run/mysqld/mysqld.sock" />
    <property name="env.TRAVIS_ALLOW_FAILURE" value="false" />
    <property name="env.LC_ALL" value="en_US.UTF-8" />
    <property name="java.specification.name" value="Java Platform API Specification" />
    <property name="node.works" value="true" />
    <property name="user.timezone" value="" />
    <property name="path.separator" value=":" />
    <property name="env.PYTHON_CFLAGS" value="-g -fstack-protector --param=ssp-buffer-size=4 -Wformat -Werror=format-security" />
    <property name="timeout.long" value="4000000" />
    <property name="env.CERTI_HOME" value="/home/travis/pthla/certi-tools" />
    <property name="file.encoding" value="UTF-8" />
    <property name="ant.file.ptII" value="/home/travis/build/icyphy/ptII/build.xml" />
    <property name="javadoc.packagenames" value="com.*,diva.*,lbnl.*,org.hlacerti.*,org.json.*,org.ptolemy.*,org.terraswarm.*,ptolemy.*,ptserver.*" />
    <property name="env.TRAVIS_PULL_REQUEST_SLUG" value="" />
    <property name="ant.project.default-target" value="build" />
    <property name="env.GIT_ASKPASS" value="echo" />
    <property name="env.HOME" value="/home/travis" />
    <property name="sun.java.command" value="org.apache.tools.ant.taskdefs.optional.junit.JUnitTestRunner ptolemy.domains.de.test.junit.JUnitTclTest skipNonTests=false filtertrace=true haltOnError=false haltOnFailure=false formatter=org.apache.tools.ant.taskdefs.optional.junit.OutErrSummaryJUnitResultFormatter showoutput=true outputtoformatters=true logfailedtests=true threadid=0 logtestlistenerevents=false formatter=org.apache.tools.ant.taskdefs.optional.junit.XMLJUnitResultFormatter,/home/travis/build/icyphy/ptII/reports/junit/TEST-ptolemy.domains.de.test.junit.JUnitTclTest.xml crashfile=/home/travis/build/icyphy/ptII/junitvmwatcher3620650669447734775.properties propsfile=/home/travis/build/icyphy/ptII/junit452816988683733320.properties" />
    <property name="env.MANPATH" value="/home/travis/.nvm/versions/node/v7.10.1/share/man:/home/travis/.kiex/elixirs/elixir-1.4.5/man:/home/travis/.rvm/rubies/ruby-2.4.1/share/man:/usr/local/man:/usr/local/cmake-3.9.2/man:/usr/local/clang-5.0.0/share/man:/usr/local/share/man:/usr/share/man:/home/travis/.rvm/man" />
    <property name="env.COMPOSER_NO_INTERACTION" value="1" />
    <property name="env.JDK_SWITCHER_DEFAULT" value="oraclejdk8" />
    <property name="ant.file" value="/home/travis/build/icyphy/ptII/build.xml" />
    <property name="env.TRAVIS_COMMIT_RANGE" value="1ef97af83af0...d681ac111334" />
    <property name="env._system_name" value="Ubuntu" />
    <property name="timeout" value="2400000" />
    <property name="ptII.classpath.optional.property" value="/home/travis/build/icyphy/ptII/lib/bsh-2.0b4.jar:/home/travis/build/icyphy/ptII/lib/ptCal.jar:/home/travis/build/icyphy/ptII/lib/java_cup.jar:/home/travis/build/icyphy/ptII/lib/saxon8.jar:/home/travis/build/icyphy/ptII/lib/saxon8-dom.jar:/home/travis/build/icyphy/ptII/lib/chic.jar:/home/travis/build/icyphy/ptII/lib/ptcolt.jar:/usr/lib/jvm/java-8-oracle/lib/tools.jar:/usr/lib/eclipse/plugins/org.eclipse.jdt.core_3.8.2.dist.jar:/usr/lib/eclipse/plugins/org.eclipse.core.runtime_3.8.0.dist.jar:/usr/lib/eclipse/plugins/org.eclipse.osgi_3.8.1.dist.jar:/usr/lib/eclipse/plugins/org.eclipse.core.resources_3.8.1.dist.jar:/usr/lib/eclipse/plugins/org.eclipse.equinox.common_3.6.100.dist.jar:/usr/lib/eclipse/plugins/org.eclipse.core.jobs_3.5.200.dist.jar:/usr/lib/eclipse/plugins/org.eclipse.core.contenttype_3.4.200.dist.jar:/usr/lib/eclipse/plugins/org.eclipse.equinox.preferences_3.5.0.dist.jar:/usr/lib/eclipse/plugins/org.eclipse.text_3.5.200.dist.jar:/usr/lib/eclipse/plugins/org.eclipse.ui.workbench_3.8.1.dist.jar:/usr/lib/eclipse/plugins/org.eclipse.jface_3.8.0.dist.jar:/usr/lib/eclipse/plugins/org.eclipse.swt_3.8.2.jar:/usr/lib/eclipse/plugins/org.eclipse.jface.text_3.8.1.dist.jar:/usr/lib/eclipse/plugins/org.eclipse.ui.workbench.texteditor_3.8.0.dist.jar:/usr/lib/eclipse/plugins/org.eclipse.ui.editors_3.8.0.dist.jar:/usr/lib/eclipse/plugins/org.eclipse.core.commands_3.6.1.dist.jar:/usr/lib/eclipse/plugins/org.eclipse.equinox.registry_3.5.200.dist.jar:/usr/lib/eclipse/plugins/org.eclipse.ui.console_3.5.100.dist.jar:/usr/lib/eclipse/plugins/org.eclipse.ui.forms_3.5.200.dist.jar:/usr/lib/eclipse/plugins/org.eclipse.ui.ide_3.8.1.dist.jar:/home/travis/build/icyphy/ptII/vendors/oracle/dbxml.jar:/home/travis/build/icyphy/ptII/vendors/oracle/db.jar:/home/travis/build/icyphy/ptII/vendors/misc/itext/iText.jar:/home/travis/build/icyphy/ptII/lib/g4ltl.jar:/home/travis/build/icyphy/ptII/lib/StructuralCoder.jar:/home/travis/build/icyphy/ptII/lib/org-openide-util.jar:/home/travis/build/icyphy/ptII/lib/org-openide-util-lookup.jar:/home/travis/build/icyphy/ptII/lib/org-netbeans-api-visual.jar:/home/travis/build/icyphy/ptII/vendors/jai-1_1_2_01/lib/jai_core.jar:/home/travis/build/icyphy/ptII/vendors/jai-1_1_2_01/lib/jai_codec.jar:/home/travis/build/icyphy/ptII/lib/jcerti.jar:/home/travis/build/icyphy/ptII/lib/smack.jar:/home/travis/build/icyphy/ptII/lib/smackx.jar:/home/travis/build/icyphy/ptII/lib/jetty-all-8.1.5-v20120716.jar:/home/travis/build/icyphy/ptII/lib/javax.servlet-api-3.0.1.jar:/home/travis/build/icyphy/ptII/lib/javax.mail.jar:/home/travis/build/icyphy/ptII/vendors/JMF-2.1.1e/lib/jmf.jar:/home/travis/build/icyphy/ptII/lib/jna-4.0.0-variadic.jar:/home/travis/build/icyphy/ptII/vendors/misc/joystick/Joystick.jar:/home/travis/build/icyphy/ptII/lib/ptjacl.jar:/home/travis/build/icyphy/ptII/lib/jsoup-1.8.2.jar:/home/travis/build/icyphy/ptII/lib/junit-4.8.2.jar:/home/travis/build/icyphy/ptII/lib/JUnitParams-0.4.0.jar:/home/travis/build/icyphy/ptII/ptolemy/actor/lib/excel/jxl.jar:/home/travis/build/icyphy/ptII/lib/jython.jar:/home/travis/build/icyphy/ptII/lib/kieler.jar:/home/travis/build/icyphy/ptII/vendors/opencv/share/OpenCV/java/opencv-341.jar:/home/travis/build/icyphy/ptII/lib/oscP5.jar:/home/travis/build/icyphy/ptII/lib/nrjavaserial-3.11.0.devel.jar:/usr/share/java/j3dcore.jar:/usr/share/java/j3dutils.jar:/usr/share/java/vecmath.jar:/home/travis/build/icyphy/ptII/ptolemy/distributed/jini/jar/jini-core.jar:/home/travis/build/icyphy/ptII/ptolemy/distributed/jini/jar/jini-ext.jar:/home/travis/build/icyphy/ptII/ptolemy/distributed/jini/jar/sun-util.jar:/home/travis/build/icyphy/ptII/lib/protobuf-java-2.4.1.jar:/home/travis/build/icyphy/ptII/lib/org.eclipse.paho.client.mqttv3.jar:/home/travis/build/icyphy/ptII/ptserver/lib/hessian-4.0.7.jar:/home/travis/build/icyphy/ptII/ptserver/lib/wmqtt.jar:/home/travis/build/icyphy/ptII/lib/mapss.jar:/home/travis/build/icyphy/ptII/ptolemy/actor/ptalon/antlr/antlr.jar:/home/travis/build/icyphy/ptII/lib/JRI.jar:/home/travis/build/icyphy/ptII/lib/commons-lang-2.6.jar:/home/travis/build/icyphy/ptII/lib/commons-logging-1.1.1.jar:/home/travis/build/icyphy/ptII/lib/sootclasses.jar:/home/travis/build/icyphy/ptII/ptolemy/actor/lib/database/mysql-connector-java-5.1.6-bin.jar:/home/travis/build/icyphy/ptII/vendors/misc/sphinx4/sphinx4-data-5prealpha.jar:/home/travis/build/icyphy/ptII/vendors/misc/sphinx4/sphinx4-core-5prealpha.jar:/home/travis/build/icyphy/ptII/lib/PDFRenderer.jar:/home/travis/build/icyphy/ptII/lib/svgSalamander.jar:/home/travis/build/icyphy/ptII/lib/rsyntaxtextarea-2.6.0-SNAPSHOT.jar:/home/travis/build/icyphy/ptII/lib/hazelcast-3.8.2.jar:/home/travis/build/icyphy/ptII/lib/jackson-annotations-2.9.0.jar:/home/travis/build/icyphy/ptII/lib/jackson-core-2.9.3.jar:/home/travis/build/icyphy/ptII/lib/jackson-databind-2.9.3.jar:/home/travis/build/icyphy/ptII/lib/netty-buffer-4.1.19.Final.jar:/home/travis/build/icyphy/ptII/lib/netty-codec-4.1.19.Final.jar:/home/travis/build/icyphy/ptII/lib/netty-codec-dns-4.1.19.Final.jar:/home/travis/build/icyphy/ptII/lib/netty-codec-http-4.1.19.Final.jar:/home/travis/build/icyphy/ptII/lib/netty-codec-http2-4.1.19.Final.jar:/home/travis/build/icyphy/ptII/lib/netty-common-4.1.19.Final.jar:/home/travis/build/icyphy/ptII/lib/netty-handler-4.1.19.Final.jar:/home/travis/build/icyphy/ptII/lib/netty-resolver-4.1.19.Final.jar:/home/travis/build/icyphy/ptII/lib/netty-resolver-dns-4.1.19.Final.jar:/home/travis/build/icyphy/ptII/lib/netty-transport-4.1.19.Final.jar:/home/travis/build/icyphy/ptII/lib/vertx-codegen-3.5.1.jar:/home/travis/build/icyphy/ptII/lib/vertx-core-3.5.2-SNAPSHOT.jar:/home/travis/build/icyphy/ptII/lib/vertx-hazelcast-3.5.1.jar:/home/travis/build/icyphy/ptII/lib/vertx-lang-js-3.5.1.jar:/home/travis/build/icyphy/ptII/lib/vertx-service-proxy-3.5.1.jar:/home/travis/build/icyphy/ptII/lib/vertx-web-3.5.1.jar:/home/travis/build/icyphy/ptII/lib/slf4j-api-1.7.13.jar:/home/travis/build/icyphy/ptII/lib/slf4j-simple-1.7.13.jar:/home/travis/build/icyphy/ptII/lib/webcam-capture-0.3.12.jar:/home/travis/build/icyphy/ptII/lib/bridj-0.7.0.jar:/home/travis/build/icyphy/ptII/lib/xbjlib-1.1.0.nrjavaserial.jar" />
    <property name="test.batch" value="**/junit/*.java" />
    <property name="env._" value="/usr/bin/timeout" />
    <property name="java.io.tmpdir" value="/tmp" />
    <property name="user.language" value="en" />
    <property name="env.HISTCONTROL" value="ignoredups:ignorespace" />
    <property name="env.GOROOT" value="/home/travis/.gimme/versions/go1.7.4.linux.amd64" />
    <property name="line.separator" value="&#xa;" />
    <property name="target" value="1.8" />
    <property name="env.TRAVIS_BUILD_DIR" value="/home/travis/build/icyphy/ptII" />
    <property name="env.ANT_OPTS" value="-Xmx2048m" />
    <property name="ant.file.type" value="file" />
    <property name="ptolemy.ptII.batchMode" value="true" />
    <property name="env.HISTSIZE" value="1000" />
    <property name="env.MERB_ENV" value="test" />
    <property name="java.vm.info" value="mixed mode" />
    <property name="source" value="1.8" />
    <property name="java.vm.specification.name" value="Java Virtual Machine Specification" />
    <property name="env.TRAVIS_TEST_RESULT" value="0" />
    <property name="jsdoc.command" value="node_modules/@terraswarm/jsdoc/jsdoc.js" />
    <property name="npm.works" value="true" />
    <property name="cobertura.dir" value="/home/travis/build/icyphy/ptII/vendors/cobertura-2.0.3" />
    <property name="env.rvm_path" value="/home/travis/.rvm" />
    <property name="env.GEM_PATH" value="/home/travis/.rvm/gems/ruby-2.4.1:/home/travis/.rvm/gems/ruby-2.4.1@global" />
    <property name="env.LC_CTYPE" value="en_US.UTF-8" />
    <property name="java.awt.printerjob" value="sun.print.PSPrinterJob" />
    <property name="env.TRAVIS_STACK_NAME" value="garnet" />
    <property name="ant.version" value="Apache Ant(TM) version 1.10.1 compiled on February 2 2017" />
    <property name="ptII.reports" value="/home/travis/build/icyphy/ptII/reports" />
    <property name="env.TRAVIS_STACK_TIMESTAMP" value="2017-12-05 19:33:09 UTC" />
    <property name="ant.file.type.ptII" value="file" />
    <property name="env.RBENV_SHELL" value="bash" />
    <property name="os.name" value="Linux" />
    <property name="java.specification.vendor" value="Oracle Corporation" />
    <property name="env.rvm_version" value="1.29.3 (latest)" />
    <property name="env.TERM" value="xterm" />
    <property name="java.vm.name" value="Java HotSpot(TM) 64-Bit Server VM" />
    <property name="env.TRAVIS_BUILD_NUMBER" value="578" />
    <property name="env.CI" value="true" />
    <property name="java.library.path" value="/home/travis/pthla/certi-tools/lib:/usr/lib/jni:/usr/local/share/OpenCV/java/:/usr/share/OpenCV/java::/usr/java/packages/lib/amd64:/usr/lib64:/lib64:/lib:/usr/lib" />
    <property name="env.rvm_prefix" value="/home/travis" />
    <property name="env.PATH" value="/home/travis/pthla/certi-tools/share/scripts:/home/travis/.rvm/gems/ruby-2.4.1/bin:/home/travis/.rvm/gems/ruby-2.4.1@global/bin:/home/travis/.rvm/rubies/ruby-2.4.1/bin:/home/travis/.rvm/bin:/home/travis/.nvm/versions/node/v7.10.1/bin:./node_modules/.bin:/home/travis/build/icyphy/ptII/bin:/home/travis/pthla/certi-tools/bin:/home/travis/bin:/home/travis/.local/bin:/opt/pyenv/shims:/home/travis/.phpenv/shims:/home/travis/perl5/perlbrew/bin:/home/travis/.kiex/elixirs/elixir-1.4.5/bin:/home/travis/.kiex/bin:/home/travis/gopath/bin:/home/travis/.gimme/versions/go1.7.4.linux.amd64/bin:/usr/local/phantomjs/bin:/usr/local/phantomjs:/usr/local/neo4j-3.2.7/bin:/usr/local/maven-3.5.2/bin:/usr/local/cmake-3.9.2/bin:/usr/local/clang-5.0.0/bin:/usr/local/sbin:/usr/local/bin:/usr/sbin:/usr/bin:/sbin:/bin:/home/travis/.phpenv/bin:/opt/pyenv/bin:/home/travis/.yarn/bin" />
    <property name="env.TRAVIS_OS_NAME" value="linux" />
    <property name="ant.java.version" value="1.8" />
    <property name="basedir" value="/home/travis/build/icyphy/ptII" />
    <property name="java.class.version" value="52.0" />
    <property name="env.SHLVL" value="3" />
    <property name="env.LD_LIBRARY_PATH" value="/home/travis/pthla/certi-tools/lib:/usr/lib/jni:/usr/local/share/OpenCV/java/:/usr/share/OpenCV/java:" />
    <property name="env.RACK_ENV" value="test" />
    <property name="ant.home" value="/home/travis/build/icyphy/ptII/ant" />
    <property name="env.NVM_DIR" value="/home/travis/.nvm" />
    <property name="env.PERLBREW_BASHRC_VERSION" value="0.80" />
    <property name="env.CERTI_FOM_PATH" value="/home/travis/pthla/certi-tools/share/federations" />
    <property name="env.TRAVIS_BUILD_ID" value="391839867" />
    <property name="env.PYENV_ROOT" value="/opt/pyenv" />
    <property name="env.TRAVIS_UID" value="2000" />
    <property name="env.rvm_pretty_print_flag" value="auto" />
    <property name="env.NVM_BIN" value="/home/travis/.nvm/versions/node/v7.10.1/bin" />
    <property name="env.TRAVIS_COMMIT" value="d681ac1113348e402d27dafc3ce9accf553c4d10" />
    <property name="env._system_arch" value="x86_64" />
    <property name="node.executable" value="node" />
    <property name="sun.boot.library.path" value="/usr/lib/jvm/java-8-oracle/jre/lib/amd64" />
    <property name="sun.management.compiler" value="HotSpot 64-Bit Tiered Compilers" />
    <property name="env.GOPATH" value="/home/travis/gopath" />
    <property name="java.awt.graphicsenv" value="sun.awt.X11GraphicsEnvironment" />
    <property name="ptolemy.ptII.dir" value="/home/travis/build/icyphy/ptII" />
    <property name="env.USER" value="travis" />
    <property name="env.HISTFILESIZE" value="2000" />
    <property name="timeout.longest" value="19000000" />
    <property name="env.TRAVIS_STACK_FEATURES" value="basic cassandra chromium couchdb disabled-ipv6 docker docker-compose elasticsearch firefox go-toolchain google-chrome jdk memcached mongodb mysql neo4j nodejs_interpreter perl_interpreter perlbrew phantomjs postgresql python_interpreter rabbitmq redis riak ruby_interpreter sqlite xserver" />
    <property name="env.TRAVIS_PULL_REQUEST" value="false" />
    <property name="env.PYENV_SHELL" value="bash" />
    <property name="ant.project.name" value="ptII" />
    <property name="java.vm.specification.version" value="1.8" />
    <property name="env.CERTI_VERSION" value="4.0.0" />
    <property name="env.NLSPATH" value="/usr/dt/lib/nls/msg/%L/%N.cat" />
    <property name="awt.toolkit" value="sun.awt.X11.XToolkit" />
    <property name="env.CERTI_HOST" value="localhost" />
    <property name="env.MY_RUBY_HOME" value="/home/travis/.rvm/rubies/ruby-2.4.1" />
    <property name="sun.cpu.isalist" value="" />
    <property name="java.ext.dirs" value="/usr/lib/jvm/java-8-oracle/jre/lib/ext:/usr/java/packages/lib/ext" />
    <property name="os.version" value="4.4.0-101-generic" />
    <property name="user.home" value="/home/travis" />
    <property name="env.MIX_ARCHIVES" value="/home/travis/.kiex/mix/elixir-1.4.5" />
    <property name="java.vm.vendor" value="Oracle Corporation" />
    <property name="env.TRAVIS_TAG" value="nightly" />
    <property name="env.TRAVIS_FILTERED" value="redirect_io" />
    <property name="javadoc.excludepackagenames" value="adm.cvs2svn.*,build.*,config.*,doc.coding.templates.*,jni.test.jni.meaningOfLife.*,jni.test.jni.testDeux.*,jni.test.jni.testTrois.*,org.terraswarm.accessor.accessors.web.node_modules.*,org.terraswarm.accessor.accessors.web.hosts.cordova.demo.*,org.terraswarm.accessor.accessors.web.hosts.cordova.plugins.*,org.terraswarm.accessor.accessors-svn.*,pt-modules.*,ptolemy.apps.agilent.*,ptolemy.apps.anytimecontrol.*,ptolemy.apps.apes.*,ptolemy.apps.charon.*,ptolemy.apps.crazyboard.*,ptolemy.apps.eclipse.*,ptolemy.apps.etherealSting.*,ptolemy.apps.fullscreen.*,ptolemy.apps.giotto.*,ptolemy.apps.ia.*,ptolemy.apps.interfaces.*,ptolemy.apps.jmf.*,ptolemy.apps.kurt.*,ptolemy.apps.kvm.*,ptolemy.apps.lego.*,ptolemy.apps.lejos.*,ptolemy.apps.midp.*,ptolemy.apps.mobileCoding.*,ptolemy.apps.pendulum.*,ptolemy.apps.rijndael.*,ptolemy.apps.robot.*,ptolemy.apps.security.*,ptolemy.apps.sobel.*,ptolemy.apps.soot.*,ptolemy.apps.throttle.*,ptolemy.apps.tini.*,ptolemy.apps.transmission.*,ptolemy.apps.vergil.*,ptolemy.apps.waba.*,ptolemy.apps.websensor.*,ptolemy.apps.webstart.*,ptolemy.apps.xsl.*,ptolemy.apps.zaurus.*,ptolemy.backtrack.eclipse.plugin.*,ptolemy.backtrack.test.*,ptolemy.codegen.c.actor.lib.oldJavaFiles.*,ptolemy.codegen.dsp.lib.*,ptolemy.codegen.kernel.newInterfaces.*,ptolemy.codegen.lib.*,ptolemy.copernicus.kernel.fragment.*,ptolemy.copernicus.shallow.cg.*,ptolemy.domains.giotto.demo.Hierarchy.Hierarchy.*,ptolemy.domains.giotto.demo.Multimode.Multimode.*,ptolemy.domains.giotto.demo.Simple.Simple.*,ptolemy.domains.gr.lib.experimental.*,ptolemy.domains.gro.*,ptolemy.domains.pdf.*,ptolemy.domains.ptinyos.demo.Surge.output.*,ptolemy.moml.test.NoPackageActor.java*,ptolemy.plot.adm.*,ptolemy.plot.servlet.*,reports.*,signed.*,src.*,target.*,vendors.*,ptolemy.cg.adapter.generic.program.procedural.c.mbed*,ptolemy.actor.lib.fmi.fmus.omc*,ptolemy.domains.openmodelica*,ptdb.kernel.bl.save.test.*,ptdb.kernel.bl.load.test.*,ptdb.kernel.bl.search.test.*,ptdb.kernel.bl.migration.test.*,ptdb.kernel.database.test.*,ptdb.test.*,ptdb.gui.test.*,org.ptolemy.scala.*,diva.util.java2d.svg.*,ptolemy.domains.ptinyos.*,ptolemy.actor.lib.fmi.fmipp.*,,org.terraswarm.accessor.accessors.web.node_modules.*,org.terraswarm.accessor.accessors-svn,ptolemy.apps.*,ptolemy.actor.ptalon.demo.ptinyos.SendAndReceiveCnt.output,ptolemy.actor.ptalon.demo.ptinyos.SenseToLeds.output,ptolemy.domains.ptinyos.demo.CntToLedsAndRfm.output,ptolemy.domains.ptinyos.demo.RfmToLeds.output,ptolemy.domains.ptinyos.demo.SendAndReceiveCnt.output,ptolemy.domains.ptinyos.demo.SenseToLeds.output,ptolemy.actor.lib.jjs.modules.udpSocket.*" />
    <property name="env.JAVA_HOME" value="/usr/lib/jvm/java-8-oracle" />
    <property name="env.PTII" value="/home/travis/build/icyphy/ptII" />
    <property name="env.TRAVIS_COMMIT_MESSAGE" value="Updated version number to 11.0.beta." />
    <property name="keystore" value="ptKeystore" />
    <property name="env.XDG_SESSION_ID" value="2" />
    <property name="junit.output.dir" value="/home/travis/build/icyphy/ptII/reports/junit" />
    <property name="npm.return.code" value="0" />
    <property name="user.dir" value="/home/travis/build/icyphy/ptII/ptolemy/domains/de/test" />
    <property name="env.TRAVIS_NODE_VERSION" value="7" />
    <property name="env.XFILESEARCHPATH" value="/usr/dt/app-defaults/%L/Dt" />
    <property name="env.TRAVIS_EVENT_TYPE" value="push" />
    <property name="env.MAIL" value="/var/mail/travis" />
    <property name="env.PWD" value="/home/travis/build/icyphy/ptII" />
    <property name="env.PERLBREW_ROOT" value="/home/travis/perl5/perlbrew" />
    <property name="timeout.npm" value="45000" />
    <property name="env.PT_TRAVIS_TEST_CORE2_XML" value="true" />
    <property name="env.PAGER" value="cat" />
    <property name="sun.cpu.endian" value="little" />
    <property name="env.TRAVIS_BUILD_STAGE_NAME" value="Test" />
    <property name="env.PERLBREW_HOME" value="/home/travis/.perlbrew" />
    <property name="env.RAILS_ENV" value="test" />
    <property name="java.vm.version" value="25.151-b12" />
    <property name="java.class.path" value="/home/travis/build/icyphy/ptII:/home/travis/build/icyphy/ptII/lib/bsh-2.0b4.jar:/home/travis/build/icyphy/ptII/lib/ptCal.jar:/home/travis/build/icyphy/ptII/lib/java_cup.jar:/home/travis/build/icyphy/ptII/lib/saxon8.jar:/home/travis/build/icyphy/ptII/lib/saxon8-dom.jar:/home/travis/build/icyphy/ptII/lib/chic.jar:/home/travis/build/icyphy/ptII/lib/ptcolt.jar:/usr/lib/jvm/java-8-oracle/lib/tools.jar:/usr/lib/eclipse/plugins/org.eclipse.jdt.core_3.8.2.dist.jar:/usr/lib/eclipse/plugins/org.eclipse.core.runtime_3.8.0.dist.jar:/usr/lib/eclipse/plugins/org.eclipse.osgi_3.8.1.dist.jar:/usr/lib/eclipse/plugins/org.eclipse.core.resources_3.8.1.dist.jar:/usr/lib/eclipse/plugins/org.eclipse.equinox.common_3.6.100.dist.jar:/usr/lib/eclipse/plugins/org.eclipse.core.jobs_3.5.200.dist.jar:/usr/lib/eclipse/plugins/org.eclipse.core.contenttype_3.4.200.dist.jar:/usr/lib/eclipse/plugins/org.eclipse.equinox.preferences_3.5.0.dist.jar:/usr/lib/eclipse/plugins/org.eclipse.text_3.5.200.dist.jar:/usr/lib/eclipse/plugins/org.eclipse.ui.workbench_3.8.1.dist.jar:/usr/lib/eclipse/plugins/org.eclipse.jface_3.8.0.dist.jar:/usr/lib/eclipse/plugins/org.eclipse.swt_3.8.2.jar:/usr/lib/eclipse/plugins/org.eclipse.jface.text_3.8.1.dist.jar:/usr/lib/eclipse/plugins/org.eclipse.ui.workbench.texteditor_3.8.0.dist.jar:/usr/lib/eclipse/plugins/org.eclipse.ui.editors_3.8.0.dist.jar:/usr/lib/eclipse/plugins/org.eclipse.core.commands_3.6.1.dist.jar:/usr/lib/eclipse/plugins/org.eclipse.equinox.registry_3.5.200.dist.jar:/usr/lib/eclipse/plugins/org.eclipse.ui.console_3.5.100.dist.jar:/usr/lib/eclipse/plugins/org.eclipse.ui.forms_3.5.200.dist.jar:/usr/lib/eclipse/plugins/org.eclipse.ui.ide_3.8.1.dist.jar:/home/travis/build/icyphy/ptII/vendors/oracle/dbxml.jar:/home/travis/build/icyphy/ptII/vendors/oracle/db.jar:/home/travis/build/icyphy/ptII/vendors/misc/itext/iText.jar:/home/travis/build/icyphy/ptII/lib/g4ltl.jar:/home/travis/build/icyphy/ptII/lib/StructuralCoder.jar:/home/travis/build/icyphy/ptII/lib/org-openide-util.jar:/home/travis/build/icyphy/ptII/lib/org-openide-util-lookup.jar:/home/travis/build/icyphy/ptII/lib/org-netbeans-api-visual.jar:/home/travis/build/icyphy/ptII/vendors/jai-1_1_2_01/lib/jai_core.jar:/home/travis/build/icyphy/ptII/vendors/jai-1_1_2_01/lib/jai_codec.jar:/home/travis/build/icyphy/ptII/lib/jcerti.jar:/home/travis/build/icyphy/ptII/lib/smack.jar:/home/travis/build/icyphy/ptII/lib/smackx.jar:/home/travis/build/icyphy/ptII/lib/jetty-all-8.1.5-v20120716.jar:/home/travis/build/icyphy/ptII/lib/javax.servlet-api-3.0.1.jar:/home/travis/build/icyphy/ptII/lib/javax.mail.jar:/home/travis/build/icyphy/ptII/vendors/JMF-2.1.1e/lib/jmf.jar:/home/travis/build/icyphy/ptII/lib/jna-4.0.0-variadic.jar:/home/travis/build/icyphy/ptII/vendors/misc/joystick/Joystick.jar:/home/travis/build/icyphy/ptII/lib/ptjacl.jar:/home/travis/build/icyphy/ptII/lib/jsoup-1.8.2.jar:/home/travis/build/icyphy/ptII/lib/junit-4.8.2.jar:/home/travis/build/icyphy/ptII/lib/JUnitParams-0.4.0.jar:/home/travis/build/icyphy/ptII/ptolemy/actor/lib/excel/jxl.jar:/home/travis/build/icyphy/ptII/lib/jython.jar:/home/travis/build/icyphy/ptII/lib/kieler.jar:/home/travis/build/icyphy/ptII/vendors/opencv/share/OpenCV/java/opencv-341.jar:/home/travis/build/icyphy/ptII/lib/oscP5.jar:/home/travis/build/icyphy/ptII/lib/nrjavaserial-3.11.0.devel.jar:/usr/share/java/j3dcore.jar:/usr/share/java/j3dutils.jar:/usr/share/java/vecmath.jar:/home/travis/build/icyphy/ptII/ptolemy/distributed/jini/jar/jini-core.jar:/home/travis/build/icyphy/ptII/ptolemy/distributed/jini/jar/jini-ext.jar:/home/travis/build/icyphy/ptII/ptolemy/distributed/jini/jar/sun-util.jar:/home/travis/build/icyphy/ptII/lib/protobuf-java-2.4.1.jar:/home/travis/build/icyphy/ptII/lib/org.eclipse.paho.client.mqttv3.jar:/home/travis/build/icyphy/ptII/ptserver/lib/hessian-4.0.7.jar:/home/travis/build/icyphy/ptII/ptserver/lib/wmqtt.jar:/home/travis/build/icyphy/ptII/lib/mapss.jar:/home/travis/build/icyphy/ptII/ptolemy/actor/ptalon/antlr/antlr.jar:/home/travis/build/icyphy/ptII/lib/JRI.jar:/home/travis/build/icyphy/ptII/lib/commons-lang-2.6.jar:/home/travis/build/icyphy/ptII/lib/commons-logging-1.1.1.jar:/home/travis/build/icyphy/ptII/lib/sootclasses.jar:/home/travis/build/icyphy/ptII/ptolemy/actor/lib/database/mysql-connector-java-5.1.6-bin.jar:/home/travis/build/icyphy/ptII/vendors/misc/sphinx4/sphinx4-data-5prealpha.jar:/home/travis/build/icyphy/ptII/vendors/misc/sphinx4/sphinx4-core-5prealpha.jar:/home/travis/build/icyphy/ptII/lib/PDFRenderer.jar:/home/travis/build/icyphy/ptII/lib/svgSalamander.jar:/home/travis/build/icyphy/ptII/lib/rsyntaxtextarea-2.6.0-SNAPSHOT.jar:/home/travis/build/icyphy/ptII/lib/hazelcast-3.8.2.jar:/home/travis/build/icyphy/ptII/lib/jackson-annotations-2.9.0.jar:/home/travis/build/icyphy/ptII/lib/jackson-core-2.9.3.jar:/home/travis/build/icyphy/ptII/lib/jackson-databind-2.9.3.jar:/home/travis/build/icyphy/ptII/lib/netty-buffer-4.1.19.Final.jar:/home/travis/build/icyphy/ptII/lib/netty-codec-4.1.19.Final.jar:/home/travis/build/icyphy/ptII/lib/netty-codec-dns-4.1.19.Final.jar:/home/travis/build/icyphy/ptII/lib/netty-codec-http-4.1.19.Final.jar:/home/travis/build/icyphy/ptII/lib/netty-codec-http2-4.1.19.Final.jar:/home/travis/build/icyphy/ptII/lib/netty-common-4.1.19.Final.jar:/home/travis/build/icyphy/ptII/lib/netty-handler-4.1.19.Final.jar:/home/travis/build/icyphy/ptII/lib/netty-resolver-4.1.19.Final.jar:/home/travis/build/icyphy/ptII/lib/netty-resolver-dns-4.1.19.Final.jar:/home/travis/build/icyphy/ptII/lib/netty-transport-4.1.19.Final.jar:/home/travis/build/icyphy/ptII/lib/vertx-codegen-3.5.1.jar:/home/travis/build/icyphy/ptII/lib/vertx-core-3.5.2-SNAPSHOT.jar:/home/travis/build/icyphy/ptII/lib/vertx-hazelcast-3.5.1.jar:/home/travis/build/icyphy/ptII/lib/vertx-lang-js-3.5.1.jar:/home/travis/build/icyphy/ptII/lib/vertx-service-proxy-3.5.1.jar:/home/travis/build/icyphy/ptII/lib/vertx-web-3.5.1.jar:/home/travis/build/icyphy/ptII/lib/slf4j-api-1.7.13.jar:/home/travis/build/icyphy/ptII/lib/slf4j-simple-1.7.13.jar:/home/travis/build/icyphy/ptII/lib/webcam-capture-0.3.12.jar:/home/travis/build/icyphy/ptII/lib/bridj-0.7.0.jar:/home/travis/build/icyphy/ptII/lib/xbjlib-1.1.0.nrjavaserial.jar:/home/travis/build/icyphy/ptII/ptolemy/moml/test:/home/travis/build/icyphy/ptII/ant/lib/ant-launcher.jar:/home/travis/build/icyphy/ptII/ant/lib/ant.jar:/home/travis/build/icyphy/ptII/ant/lib/ant-junit.jar:/home/travis/build/icyphy/ptII/ant/lib/ant-junit4.jar" />
    <property name="ant.library.dir" value="/home/travis/build/icyphy/ptII/ant/lib" />
    <property name="os.arch" value="amd64" />
    <property name="env.TRAVIS_LANGUAGE" value="node_js" />
    <property name="env.CONTINUOUS_INTEGRATION" value="true" />
    <property name="env.TRAVIS_STACK_LANGUAGES" value="__garnet__ c c++ clojure cplusplus cpp default go groovy java node_js php pure_java python ruby scala" />
    <property name="test.name" value="ptolemy.actor.lib.test.junit.JUnitTclTest" />
    <property name="sun.java.launcher" value="SUN_STANDARD" />
    <property name="env.PYTHON_CONFIGURE_OPTS" value="--enable-unicode=ucs4 --with-wide-unicode --enable-shared --enable-ipv6 --enable-loadable-sqlite-extensions --with-computed-gotos" />
    <property name="ant.core.lib" value="/home/travis/build/icyphy/ptII/ant/lib/ant.jar" />
    <property name="java.vm.specification.vendor" value="Oracle Corporation" />
    <property name="env.BCVTB_HOME" value="/home/travis/build/icyphy/ptII/lbnl" />
    <property name="file.separator" value="/" />
    <property name="java.runtime.version" value="1.8.0_151-b12" />
    <property name="spotbugs.home" value="/home/travis/build/icyphy/ptII/vendors/spotbugs-3.1.1" />
    <property name="sun.boot.class.path" value="/usr/lib/jvm/java-8-oracle/jre/lib/resources.jar:/usr/lib/jvm/java-8-oracle/jre/lib/rt.jar:/usr/lib/jvm/java-8-oracle/jre/lib/sunrsasign.jar:/usr/lib/jvm/java-8-oracle/jre/lib/jsse.jar:/usr/lib/jvm/java-8-oracle/jre/lib/jce.jar:/usr/lib/jvm/java-8-oracle/jre/lib/charsets.jar:/usr/lib/jvm/java-8-oracle/jre/lib/jfr.jar:/usr/lib/jvm/java-8-oracle/jre/classes" />
    <property name="env.HAS_JOSH_K_SEAL_OF_APPROVAL" value="true" />
    <property name="env.TRAVIS_OSX_IMAGE" value="" />
    <property name="env.XDG_RUNTIME_DIR" value="/run/user/2000" />
    <property name="env.TRAVIS_BRANCH" value="master" />
    <property name="env.TRAVIS_JOB_ID" value="391839878" />
    <property name="env.CERTI_HOME_TRAVIS" value="/home/travis/pthla/certi-tools" />
    <property name="user.country" value="US" />
    <property name="env.SHELL" value="/bin/bash" />
    <property name="java.maxmemory.large" value="5000m" />
    <property name="model" value="" />
    <property name="env.CASHER_DIR" value="/home/travis/.casher" />
    <property name="env.NVM_CD_FLAGS" value="" />
    <property name="jshint.executable" value="/home/travis/node_modules/jshint/bin/jshint" />
    <property name="java.vendor" value="Oracle Corporation" />
    <property name="env.JRUBY_OPTS" value=" --client -J-XX:+TieredCompilation -J-XX:TieredStopAtLevel=1 -J-Xss2m -Xcompile.invokedynamic=false" />
    <property name="env.TRAVIS_PRE_CHEF_BOOTSTRAP_TIME" value="2017-12-05T19:32:55" />
    <property name="env.TRAVIS_STACK_JOB_BOARD_REGISTER" value="/.job-board-register.yml" />
    <property name="env.ELIXIR_VERSION" value="1.4.5" />
    <property name="java.specification.version" value="1.8" />
    <property name="env.IRBRC" value="/home/travis/.rvm/rubies/ruby-2.4.1/.irbrc" />
    <property name="env.TRAVIS" value="true" />
    <property name="sun.arch.data.model" value="64" />
  </properties>
  <testcase classname="ptolemy.util.test.junit.TclTests" name="[0] /home/travis/build/icyphy/ptII/ptolemy/domains/de/test/DependencyLoop.tcl (RunTclFile)" time="0.685" />
  <testcase classname="ptolemy.util.test.junit.TclTests" name="[1] /home/travis/build/icyphy/ptII/ptolemy/domains/de/test/RunDETestsAsQSS.tcl (RunTclFile)" time="86.319" />
  <testcase classname="ptolemy.util.test.junit.AutoKnownFailedTests" name="[0] /home/travis/build/icyphy/ptII/ptolemy/domains/de/test/auto/knownFailedTests/DESDFClockTest.xml (RunModel)" time="2.022" />
  <testcase classname="ptolemy.util.test.junit.AutoKnownFailedTests" name="[1] /home/travis/build/icyphy/ptII/ptolemy/domains/de/test/auto/knownFailedTests/DirectFeedback.xml (RunModel)" time="0.009" />
  <testcase classname="ptolemy.util.test.junit.AutoKnownFailedTests" name="[2] /home/travis/build/icyphy/ptII/ptolemy/domains/de/test/auto/knownFailedTests/FSMSource.xml (RunModel)" time="0.015" />
  <testcase classname="ptolemy.util.test.junit.AutoKnownFailedTests" name="[3] /home/travis/build/icyphy/ptII/ptolemy/domains/de/test/auto/knownFailedTests/HierarchicalModel.xml (RunModel)" time="0.036" />
  <testcase classname="ptolemy.util.test.junit.AutoKnownFailedTests" name="[4] /home/travis/build/icyphy/ptII/ptolemy/domains/de/test/auto/knownFailedTests/dependencyLoop.xml (RunModel)" time="0.032" />
  <testcase classname="ptolemy.util.test.junit.AutoKnownFailedTests" name="[5] /home/travis/build/icyphy/ptII/ptolemy/domains/de/test/auto/knownFailedTests/dependencyLoop2.xml (RunModel)" time="0.022" />
  <testcase classname="ptolemy.util.test.junit.AutoNameArchTests" name="[0] ThereAreNoAutoArchTests (RunModel)" time="0.004" />
  <testcase classname="ptolemy.util.test.junit.AutoTests" name="[0] /home/travis/build/icyphy/ptII/ptolemy/domains/de/test/auto/ActorDepthCalculation_actorWithoutPorts.xml (RunModel)" time="0.018" />
  <testcase classname="ptolemy.util.test.junit.AutoTests" name="[1] /home/travis/build/icyphy/ptII/ptolemy/domains/de/test/auto/AssemblyLine.xml (RunModel)" time="0.015" />
  <testcase classname="ptolemy.util.test.junit.AutoTests" name="[2] /home/travis/build/icyphy/ptII/ptolemy/domains/de/test/auto/CQBug1.xml (RunModel)" time="0.005" />
  <testcase classname="ptolemy.util.test.junit.AutoTests" name="[3] /home/travis/build/icyphy/ptII/ptolemy/domains/de/test/auto/CancelFireAt.xml (RunModel)" time="0.004" />
  <testcase classname="ptolemy.util.test.junit.AutoTests" name="[4] /home/travis/build/icyphy/ptII/ptolemy/domains/de/test/auto/CausalityAndComposabilityAnalysis.xml (RunModel)" time="0.007" />
  <testcase classname="ptolemy.util.test.junit.AutoTests" name="[5] /home/travis/build/icyphy/ptII/ptolemy/domains/de/test/auto/CausalityInterface1.xml (RunModel)" time="0.007" />
  <testcase classname="ptolemy.util.test.junit.AutoTests" name="[6] /home/travis/build/icyphy/ptII/ptolemy/domains/de/test/auto/CausalityInterface15.xml (RunModel)" time="0.008" />
  <testcase classname="ptolemy.util.test.junit.AutoTests" name="[7] /home/travis/build/icyphy/ptII/ptolemy/domains/de/test/auto/CausalityInterface2.xml (RunModel)" time="0.007" />
  <testcase classname="ptolemy.util.test.junit.AutoTests" name="[8] /home/travis/build/icyphy/ptII/ptolemy/domains/de/test/auto/CausalityInterface3.xml (RunModel)" time="0.009" />
  <testcase classname="ptolemy.util.test.junit.AutoTests" name="[9] /home/travis/build/icyphy/ptII/ptolemy/domains/de/test/auto/ClockDrift.xml (RunModel)" time="0.022" />
  <testcase classname="ptolemy.util.test.junit.AutoTests" name="[10] /home/travis/build/icyphy/ptII/ptolemy/domains/de/test/auto/ClockDriftAndValueChange.xml (RunModel)" time="0.03" />
  <testcase classname="ptolemy.util.test.junit.AutoTests" name="[11] /home/travis/build/icyphy/ptII/ptolemy/domains/de/test/auto/ClockDriftChange.xml (RunModel)" time="0.017" />
  <testcase classname="ptolemy.util.test.junit.AutoTests" name="[12] /home/travis/build/icyphy/ptII/ptolemy/domains/de/test/auto/ComposableCausalityAnalysis.xml (RunModel)" time="0.009" />
  <testcase classname="ptolemy.util.test.junit.AutoTests" name="[13] /home/travis/build/icyphy/ptII/ptolemy/domains/de/test/auto/DEFixedPointLimitation.xml (RunModel)" time="0.006" />
  <testcase classname="ptolemy.util.test.junit.AutoTests" name="[14] /home/travis/build/icyphy/ptII/ptolemy/domains/de/test/auto/DEScheduleTest.xml (RunModel)" time="0.021" />
  <testcase classname="ptolemy.util.test.junit.AutoTests" name="[15] /home/travis/build/icyphy/ptII/ptolemy/domains/de/test/auto/DEinDEwithStartTimes.xml (RunModel)" time="0.011" />
  <testcase classname="ptolemy.util.test.junit.AutoTests" name="[16] /home/travis/build/icyphy/ptII/ptolemy/domains/de/test/auto/DEinDEwithStartTimes2.xml (RunModel)" time="0.011" />
  <testcase classname="ptolemy.util.test.junit.AutoTests" name="[17] /home/travis/build/icyphy/ptII/ptolemy/domains/de/test/auto/DateDemo.xml (RunModel)" time="0.022" />
  <testcase classname="ptolemy.util.test.junit.AutoTests" name="[18] /home/travis/build/icyphy/ptII/ptolemy/domains/de/test/auto/DateToEvent.xml (RunModel)" time="2.027" />
  <testcase classname="ptolemy.util.test.junit.AutoTests" name="[19] /home/travis/build/icyphy/ptII/ptolemy/domains/de/test/auto/DepthTest1.xml (RunModel)" time="0.018" />
  <testcase classname="ptolemy.util.test.junit.AutoTests" name="[20] /home/travis/build/icyphy/ptII/ptolemy/domains/de/test/auto/DepthTest2.xml (RunModel)" time="0.011" />
  <testcase classname="ptolemy.util.test.junit.AutoTests" name="[21] /home/travis/build/icyphy/ptII/ptolemy/domains/de/test/auto/DepthTest3.xml (RunModel)" time="0.004" />
  <testcase classname="ptolemy.util.test.junit.AutoTests" name="[22] /home/travis/build/icyphy/ptII/ptolemy/domains/de/test/auto/DepthTest4.xml (RunModel)" time="0.007" />
  <testcase classname="ptolemy.util.test.junit.AutoTests" name="[23] /home/travis/build/icyphy/ptII/ptolemy/domains/de/test/auto/DepthTest5.xml (RunModel)" time="0.009" />
  <testcase classname="ptolemy.util.test.junit.AutoTests" name="[24] /home/travis/build/icyphy/ptII/ptolemy/domains/de/test/auto/DepthTest6.xml (RunModel)" time="0.008" />
  <testcase classname="ptolemy.util.test.junit.AutoTests" name="[25] /home/travis/build/icyphy/ptII/ptolemy/domains/de/test/auto/DepthTest7.xml (RunModel)" time="0.009" />
  <testcase classname="ptolemy.util.test.junit.AutoTests" name="[26] /home/travis/build/icyphy/ptII/ptolemy/domains/de/test/auto/EventToDate.xml (RunModel)" time="3.021" />
  <testcase classname="ptolemy.util.test.junit.AutoTests" name="[27] /home/travis/build/icyphy/ptII/ptolemy/domains/de/test/auto/FSM1.xml (RunModel)" time="0.019" />
  <testcase classname="ptolemy.util.test.junit.AutoTests" name="[28] /home/travis/build/icyphy/ptII/ptolemy/domains/de/test/auto/FSM7.xml (RunModel)" time="0.025" />
  <testcase classname="ptolemy.util.test.junit.AutoTests" name="[29] /home/travis/build/icyphy/ptII/ptolemy/domains/de/test/auto/Inspection.xml (RunModel)" time="0.034" />
  <testcase classname="ptolemy.util.test.junit.AutoTests" name="[30] /home/travis/build/icyphy/ptII/ptolemy/domains/de/test/auto/Iteration.xml (RunModel)" time="0.017" />
  <testcase classname="ptolemy.util.test.junit.AutoTests" name="[31] /home/travis/build/icyphy/ptII/ptolemy/domains/de/test/auto/LineFault.xml (RunModel)" time="0.393" />
  <testcase classname="ptolemy.util.test.junit.AutoTests" name="[32] /home/travis/build/icyphy/ptII/ptolemy/domains/de/test/auto/MergeModel1Add.xml (RunModel)" time="0.029" />
  <testcase classname="ptolemy.util.test.junit.AutoTests" name="[33] /home/travis/build/icyphy/ptII/ptolemy/domains/de/test/auto/MergeModel2Add.xml (RunModel)" time="0.026" />
  <testcase classname="ptolemy.util.test.junit.AutoTests" name="[34] /home/travis/build/icyphy/ptII/ptolemy/domains/de/test/auto/MergeModel3Add.xml (RunModel)" time="0.028" />
  <testcase classname="ptolemy.util.test.junit.AutoTests" name="[35] /home/travis/build/icyphy/ptII/ptolemy/domains/de/test/auto/MergeWithoutDiscard.xml (RunModel)" time="0.007" />
  <testcase classname="ptolemy.util.test.junit.AutoTests" name="[36] /home/travis/build/icyphy/ptII/ptolemy/domains/de/test/auto/Modal1.xml (RunModel)" time="0.022" />
  <testcase classname="ptolemy.util.test.junit.AutoTests" name="[37] /home/travis/build/icyphy/ptII/ptolemy/domains/de/test/auto/Modal2.xml (RunModel)" time="0.02" />
  <testcase classname="ptolemy.util.test.junit.AutoTests" name="[38] /home/travis/build/icyphy/ptII/ptolemy/domains/de/test/auto/Modal3.xml (RunModel)" time="0.02" />
  <testcase classname="ptolemy.util.test.junit.AutoTests" name="[39] /home/travis/build/icyphy/ptII/ptolemy/domains/de/test/auto/Modal4.xml (RunModel)" time="0.02" />
  <testcase classname="ptolemy.util.test.junit.AutoTests" name="[40] /home/travis/build/icyphy/ptII/ptolemy/domains/de/test/auto/Modal5.xml (RunModel)" time="0.022" />
  <testcase classname="ptolemy.util.test.junit.AutoTests" name="[41] /home/travis/build/icyphy/ptII/ptolemy/domains/de/test/auto/Modal6.xml (RunModel)" time="0.017" />
  <testcase classname="ptolemy.util.test.junit.AutoTests" name="[42] /home/travis/build/icyphy/ptII/ptolemy/domains/de/test/auto/Modal7.xml (RunModel)" time="0.019" />
  <testcase classname="ptolemy.util.test.junit.AutoTests" name="[43] /home/travis/build/icyphy/ptII/ptolemy/domains/de/test/auto/ModalModel.xml (RunModel)" time="0.118" />
  <testcase classname="ptolemy.util.test.junit.AutoTests" name="[44] /home/travis/build/icyphy/ptII/ptolemy/domains/de/test/auto/ModalSource.xml (RunModel)" time="0.012" />
  <testcase classname="ptolemy.util.test.junit.AutoTests" name="[45] /home/travis/build/icyphy/ptII/ptolemy/domains/de/test/auto/NonInterruptibleTimerZeroDelay.xml (RunModel)" time="0.007" />
  <testcase classname="ptolemy.util.test.junit.AutoTests" name="[46] /home/travis/build/icyphy/ptII/ptolemy/domains/de/test/auto/OpenQueueingNetwork.xml (RunModel)" time="1.53" />
  <testcase classname="ptolemy.util.test.junit.AutoTests" name="[47] /home/travis/build/icyphy/ptII/ptolemy/domains/de/test/auto/OpenQueuingNetwork.xml (RunModel)" time="0.24" />
  <testcase classname="ptolemy.util.test.junit.AutoTests" name="[48] /home/travis/build/icyphy/ptII/ptolemy/domains/de/test/auto/PeriodicSampler.xml (RunModel)" time="0.008" />
  <testcase classname="ptolemy.util.test.junit.AutoTests" name="[49] /home/travis/build/icyphy/ptII/ptolemy/domains/de/test/auto/PersistentIO.xml (RunModel)" time="0.023" />
  <testcase classname="ptolemy.util.test.junit.AutoTests" name="[50] /home/travis/build/icyphy/ptII/ptolemy/domains/de/test/auto/PortParameterResetOnInitialize.xml (RunModel)" time="0.01" />
  <testcase classname="ptolemy.util.test.junit.AutoTests" name="[51] /home/travis/build/icyphy/ptII/ptolemy/domains/de/test/auto/PortParameterUpdates.xml (RunModel)" time="0.017" />
  <testcase classname="ptolemy.util.test.junit.AutoTests" name="[52] /home/travis/build/icyphy/ptII/ptolemy/domains/de/test/auto/QueueAndServer.xml (RunModel)" time="0.023" />
  <testcase classname="ptolemy.util.test.junit.AutoTests" name="[53] /home/travis/build/icyphy/ptII/ptolemy/domains/de/test/auto/Records.xml (RunModel)" time="0.017" />
  <testcase classname="ptolemy.util.test.junit.AutoTests" name="[54] /home/travis/build/icyphy/ptII/ptolemy/domains/de/test/auto/ResetTransitionWithStartTime1.xml (RunModel)" time="0.017" />
  <testcase classname="ptolemy.util.test.junit.AutoTests" name="[55] /home/travis/build/icyphy/ptII/ptolemy/domains/de/test/auto/ResetTransitionWithStartTime2.xml (RunModel)" time="0.016" />
  <testcase classname="ptolemy.util.test.junit.AutoTests" name="[56] /home/travis/build/icyphy/ptII/ptolemy/domains/de/test/auto/ResetTransitionWithStartTime3.xml (RunModel)" time="0.027" />
  <testcase classname="ptolemy.util.test.junit.AutoTests" name="[57] /home/travis/build/icyphy/ptII/ptolemy/domains/de/test/auto/ResetTransitionWithStartTime4.xml (RunModel)" time="0.018" />
  <testcase classname="ptolemy.util.test.junit.AutoTests" name="[58] /home/travis/build/icyphy/ptII/ptolemy/domains/de/test/auto/ResettableTimer1.xml (RunModel)" time="0.01" />
  <testcase classname="ptolemy.util.test.junit.AutoTests" name="[59] /home/travis/build/icyphy/ptII/ptolemy/domains/de/test/auto/ResettableTimer2.xml (RunModel)" time="0.011" />
  <testcase classname="ptolemy.util.test.junit.AutoTests" name="[60] /home/travis/build/icyphy/ptII/ptolemy/domains/de/test/auto/ResettableTimer3.xml (RunModel)" time="0.007" />
  <testcase classname="ptolemy.util.test.junit.AutoTests" name="[61] /home/travis/build/icyphy/ptII/ptolemy/domains/de/test/auto/ResettableTimer4.xml (RunModel)" time="0.009" />
  <testcase classname="ptolemy.util.test.junit.AutoTests" name="[62] /home/travis/build/icyphy/ptII/ptolemy/domains/de/test/auto/ResettableTimer5.xml (RunModel)" time="0.008" />
  <testcase classname="ptolemy.util.test.junit.AutoTests" name="[63] /home/travis/build/icyphy/ptII/ptolemy/domains/de/test/auto/ResettableTimer6.xml (RunModel)" time="0.02" />
  <testcase classname="ptolemy.util.test.junit.AutoTests" name="[64] /home/travis/build/icyphy/ptII/ptolemy/domains/de/test/auto/ServerZeroDelay.xml (RunModel)" time="0.011" />
  <testcase classname="ptolemy.util.test.junit.AutoTests" name="[65] /home/travis/build/icyphy/ptII/ptolemy/domains/de/test/auto/SmartSender.xml (RunModel)" time="3.008" />
  <testcase classname="ptolemy.util.test.junit.AutoTests" name="[66] /home/travis/build/icyphy/ptII/ptolemy/domains/de/test/auto/ThreadedComposite.xml (RunModel)" time="0.133" />
  <testcase classname="ptolemy.util.test.junit.AutoTests" name="[67] /home/travis/build/icyphy/ptII/ptolemy/domains/de/test/auto/Time.xml (RunModel)" time="0.412" />
  <testcase classname="ptolemy.util.test.junit.AutoTests" name="[68] /home/travis/build/icyphy/ptII/ptolemy/domains/de/test/auto/TimeDelayZeroDelay.xml (RunModel)" time="0.014" />
  <testcase classname="ptolemy.util.test.junit.AutoTests" name="[69] /home/travis/build/icyphy/ptII/ptolemy/domains/de/test/auto/TimerZeroDelay.xml (RunModel)" time="0.01" />
  <testcase classname="ptolemy.util.test.junit.AutoTests" name="[70] /home/travis/build/icyphy/ptII/ptolemy/domains/de/test/auto/TimingParadox.xml (RunModel)" time="0.335" />
  <testcase classname="ptolemy.util.test.junit.AutoTests" name="[71] /home/travis/build/icyphy/ptII/ptolemy/domains/de/test/auto/TransferInputs.xml (RunModel)" time="0.008" />
  <testcase classname="ptolemy.util.test.junit.AutoTests" name="[72] /home/travis/build/icyphy/ptII/ptolemy/domains/de/test/auto/TransferOutputs2.xml (RunModel)" time="0.02" />
  <testcase classname="ptolemy.util.test.junit.AutoTests" name="[73] /home/travis/build/icyphy/ptII/ptolemy/domains/de/test/auto/Trilateration.xml (RunModel)" time="11.073" />
  <testcase classname="ptolemy.util.test.junit.AutoTests" name="[74] /home/travis/build/icyphy/ptII/ptolemy/domains/de/test/auto/TwoSigmaDelta.xml (RunModel)" time="2.016" />
  <testcase classname="ptolemy.util.test.junit.AutoTests" name="[75] /home/travis/build/icyphy/ptII/ptolemy/domains/de/test/auto/VariableDelay.xml (RunModel)" time="0.01" />
  <testcase classname="ptolemy.util.test.junit.AutoTests" name="[76] /home/travis/build/icyphy/ptII/ptolemy/domains/de/test/auto/VariableDelay2.xml (RunModel)" time="0.009" />
  <testcase classname="ptolemy.util.test.junit.AutoTests" name="[77] /home/travis/build/icyphy/ptII/ptolemy/domains/de/test/auto/VariableDelayZeroDelay.xml (RunModel)" time="0.019" />
  <testcase classname="ptolemy.util.test.junit.AutoTests" name="[78] /home/travis/build/icyphy/ptII/ptolemy/domains/de/test/auto/VariableDelayZeroDelay2.xml (RunModel)" time="0.013" />
  <testcase classname="ptolemy.util.test.junit.AutoTests" name="[79] /home/travis/build/icyphy/ptII/ptolemy/domains/de/test/auto/deInCt.xml (RunModel)" time="0.011" />
  <testcase classname="ptolemy.util.test.junit.AutoTests" name="[80] /home/travis/build/icyphy/ptII/ptolemy/domains/de/test/auto/deInCt2.xml (RunModel)" time="0.014" />
  <testcase classname="ptolemy.util.test.junit.AutoTests" name="[81] /home/travis/build/icyphy/ptII/ptolemy/domains/de/test/auto/dynamicCausalityInterface1.xml (RunModel)" time="0.017" />
  <testcase classname="ptolemy.util.test.junit.AutoTests" name="[82] /home/travis/build/icyphy/ptII/ptolemy/domains/de/test/auto/fsm_de_test.xml (RunModel)" time="0.02" />
  <testcase classname="ptolemy.util.test.junit.AutoTests" name="[83] /home/travis/build/icyphy/ptII/ptolemy/domains/de/test/auto/functionDependencyReconstruction.xml (RunModel)" time="0.029" />
  <testcase classname="ptolemy.util.test.junit.AutoTests" name="[84] /home/travis/build/icyphy/ptII/ptolemy/domains/de/test/auto/multirate.xml (RunModel)" time="0.013" />
  <testcase classname="ptolemy.util.test.junit.AutoTests" name="[85] /home/travis/build/icyphy/ptII/ptolemy/domains/de/test/auto/multirate2.xml (RunModel)" time="0.012" />
  <testcase classname="ptolemy.util.test.junit.AutoTests" name="[86] /home/travis/build/icyphy/ptII/ptolemy/domains/de/test/auto/realtime.xml (RunModel)" time="10.009" />
  <testcase classname="ptolemy.util.test.junit.AutoTests" name="[87] /home/travis/build/icyphy/ptII/ptolemy/domains/de/test/auto/relationGroup.xml (RunModel)" time="0.015" />
  <testcase classname="ptolemy.util.test.junit.AutoTests" name="[88] /home/travis/build/icyphy/ptII/ptolemy/domains/de/test/auto/relationGroup2.xml (RunModel)" time="0.011" />
  <testcase classname="ptolemy.util.test.junit.AutoTests" name="[89] /home/travis/build/icyphy/ptII/ptolemy/domains/de/test/auto/sortWithOpaquePorts.xml (RunModel)" time="0.01" />
  <testcase classname="ptolemy.util.test.junit.AutoTests" name="[90] /home/travis/build/icyphy/ptII/ptolemy/domains/de/test/auto/transferInputsandOutputs.xml (RunModel)" time="0.014" />
  <testcase classname="ptolemy.util.test.junit.AutoTests" name="[91] /home/travis/build/icyphy/ptII/ptolemy/domains/de/test/auto/triggerType.xml (RunModel)" time="0.01" />
  <system-out><![CDATA[/home/travis/build/icyphy/ptII/ptolemy/domains/de/test/DependencyLoop.tcl
testDefs.tcl: setting time out to 9000 seconds at Wed Jun 13 16:57:59 UTC 2018
13 ms. Memory: 116224K Free: 95063K (82%)
6 ms. Memory: 146944K Free: 137846K (94%)
/home/travis/build/icyphy/ptII/ptolemy/domains/de/test/RunDETestsAsQSS.tcl
Run the DE tests using ptolemy.domains.qss.test.QSSDirectorTest, which extends QSSDirector and prints a message in the constructors.
------------------ testing $PTII/ptolemy/domains/de/test/auto/knownFailedTests/dependencyLoop.xml (Known Failure) 
6 ms. Memory: 146944K Free: 133173K (91%)


==== $PTIIhome/travis/build/icyphy/ptII/ptolemy/domains/de/test/../../../../: Auto Automatic test in file $PTII/ptolemy/domains/de/test/auto/knownFailedTests/dependencyLoop.xml
==== Contents of test case:

	    # FIXME: we should use $relativeFilename here, but it
	    # might have backslashes under Windows, which causes no end
	    # of trouble.
	    createAndExecute $file
	    list {}
	
.... Test generated KNOWN error:
    while executing
ptolemy.kernel.util.IllegalActionException: Found a zero delay loop containing .dependencyLoop.original
  in .dependencyLoop and .dependencyLoop.original
	at ptolemy.actor.util.CausalityInterfaceForComposites._computeOutputPortDepth(CausalityInterfaceForComposites.java:759)
	at ptolemy.actor.util.CausalityInterfaceForComposites._computeInputDepth(CausalityInterfaceForComposites.java:696)
	at ptolemy.actor.util.CausalityInterfaceForComposites._computeOutputPortDepth(CausalityInterfaceForComposites.java:765)
	at ptolemy.actor.util.CausalityInterfaceForComposites._computeInputDepth(CausalityInterfaceForComposites.java:696)
	at ptolemy.actor.util.CausalityInterfaceForComposites._computeOutputPortDepth(CausalityInterfaceForComposites.java:765)
	at ptolemy.actor.util.CausalityInterfaceForComposites._computeInputDepth(CausalityInterfaceForComposites.java:696)
	at ptolemy.actor.util.CausalityInterfaceForComposites._computeActorDepth(CausalityInterfaceForComposites.java:532)
	at ptolemy.actor.util.CausalityInterfaceForComposites.checkForCycles(CausalityInterfaceForComposites.java:96)
	at ptolemy.domains.de.kernel.DEDirector.preinitialize(DEDirector.java:1338)
	at ptolemy.actor.CompositeActor.preinitialize(CompositeActor.java:1828)
	at ptolemy.actor.Manager.preinitializeAndResolveTypes(Manager.java:1040)
	at ptolemy.actor.Manager.initialize(Manager.java:710)
	at ptolemy.actor.Manager.execute(Manager.java:356)
	at ptolemy.actor.Manager.run(Manager.java:1263)
	at ptolemy.actor.Manager$PtolemyRunThread.run(Manager.java:1915)

    while executing
ptolemy.kernel.util.IllegalActionException: Found a zero delay loop containing .dependencyLoop.original
  in .dependencyLoop and .dependencyLoop.original
    while executing
"java::new ptolemy.moml.MoMLSimpleApplication $file
"
    (procedure "createAndExecute" line 2)
    invoked from within
"createAndExecute $file"
    ("uplevel" body line 5)
    invoked from within
"uplevel $contents_of_test"
------------------ testing $PTII/ptolemy/domains/de/test/auto/knownFailedTests/DESDFClockTest.xml (Known Failure) 
2046 ms. Memory: 146944K Free: 117697K (80%)


==== $PTIIhome/travis/build/icyphy/ptII/ptolemy/domains/de/test/../../../../: Auto Automatic test in file $PTII/ptolemy/domains/de/test/auto/knownFailedTests/DESDFClockTest.xml
==== Contents of test case:

	    # FIXME: we should use $relativeFilename here, but it
	    # might have backslashes under Windows, which causes no end
	    # of trouble.
	    createAndExecute $file
	    list {}
	
.... Test generated KNOWN error:
    while executing
ptolemy.kernel.util.IllegalActionException: Actor is not ready to fire.  Perhaps UpSample.prefire() returned false? Try debugging the actor by selecting "Listen to Actor".  Also, for SDF check moml for tokenConsumptionRate on input.
  in .DESDFClockTest.Play Bell.Copy1:SDF Director and .DESDFClockTest.Play Bell.UpSample
	at ptolemy.actor.sched.StaticSchedulingDirector.fire(StaticSchedulingDirector.java:227)
	at ptolemy.domains.sdf.kernel.SDFDirector.fire(SDFDirector.java:500)
	at ptolemy.actor.CompositeActor.fire(CompositeActor.java:455)
	at ptolemy.domains.de.kernel.DEDirector._fire(DEDirector.java:1949)
	at ptolemy.domains.de.kernel.DEDirector.fire(DEDirector.java:502)
	at ptolemy.actor.CompositeActor.fire(CompositeActor.java:455)
	at ptolemy.actor.Manager.iterate(Manager.java:851)
	at ptolemy.actor.Manager.execute(Manager.java:369)
	at ptolemy.actor.Manager.run(Manager.java:1263)
	at ptolemy.actor.Manager$PtolemyRunThread.run(Manager.java:1915)

    while executing
ptolemy.kernel.util.IllegalActionException: Actor is not ready to fire.  Perhaps UpSample.prefire() returned false? Try debugging the actor by selecting "Listen to Actor".  Also, for SDF check moml for tokenConsumptionRate on input.
  in .DESDFClockTest.Play Bell.Copy1:SDF Director and .DESDFClockTest.Play Bell.UpSample
    while executing
"java::new ptolemy.moml.MoMLSimpleApplication $file
"
    (procedure "createAndExecute" line 2)
    invoked from within
"createAndExecute $file"
    ("uplevel" body line 5)
    invoked from within
"uplevel $contents_of_test"
------------------ testing $PTII/ptolemy/domains/de/test/auto/knownFailedTests/FSMSource.xml (Known Failure) 
32 ms. Memory: 146944K Free: 108692K (74%)
!!!! Auto was marked as failing, but now passes
------------------ testing $PTII/ptolemy/domains/de/test/auto/knownFailedTests/dependencyLoop2.xml (Known Failure) 
5 ms. Memory: 146944K Free: 106809K (73%)


==== $PTIIhome/travis/build/icyphy/ptII/ptolemy/domains/de/test/../../../../: Auto Automatic test in file $PTII/ptolemy/domains/de/test/auto/knownFailedTests/dependencyLoop2.xml
==== Contents of test case:

	    # FIXME: we should use $relativeFilename here, but it
	    # might have backslashes under Windows, which causes no end
	    # of trouble.
	    createAndExecute $file
	    list {}
	
.... Test generated KNOWN error:
    while executing
ptolemy.kernel.util.IllegalActionException: Found a zero delay loop containing .dependencyLoop2.original
  in .dependencyLoop2 and .dependencyLoop2.original
	at ptolemy.actor.util.CausalityInterfaceForComposites._computeOutputPortDepth(CausalityInterfaceForComposites.java:759)
	at ptolemy.actor.util.CausalityInterfaceForComposites._computeInputDepth(CausalityInterfaceForComposites.java:696)
	at ptolemy.actor.util.CausalityInterfaceForComposites._computeOutputPortDepth(CausalityInterfaceForComposites.java:765)
	at ptolemy.actor.util.CausalityInterfaceForComposites._computeInputDepth(CausalityInterfaceForComposites.java:696)
	at ptolemy.actor.util.CausalityInterfaceForComposites._computeOutputPortDepth(CausalityInterfaceForComposites.java:765)
	at ptolemy.actor.util.CausalityInterfaceForComposites._computeInputDepth(CausalityInterfaceForComposites.java:696)
	at ptolemy.actor.util.CausalityInterfaceForComposites._computeActorDepth(CausalityInterfaceForComposites.java:532)
	at ptolemy.actor.util.CausalityInterfaceForComposites.checkForCycles(CausalityInterfaceForComposites.java:96)
	at ptolemy.domains.de.kernel.DEDirector.preinitialize(DEDirector.java:1338)
	at ptolemy.actor.CompositeActor.preinitialize(CompositeActor.java:1828)
	at ptolemy.actor.Manager.preinitializeAndResolveTypes(Manager.java:1040)
	at ptolemy.actor.Manager.initialize(Manager.java:710)
	at ptolemy.actor.Manager.execute(Manager.java:356)
	at ptolemy.actor.Manager.run(Manager.java:1263)
	at ptolemy.actor.Manager$PtolemyRunThread.run(Manager.java:1915)

    while executing
ptolemy.kernel.util.IllegalActionException: Found a zero delay loop containing .dependencyLoop2.original
  in .dependencyLoop2 and .dependencyLoop2.original
    while executing
"java::new ptolemy.moml.MoMLSimpleApplication $file
"
    (procedure "createAndExecute" line 2)
    invoked from within
"createAndExecute $file"
    ("uplevel" body line 5)
    invoked from within
"uplevel $contents_of_test"
------------------ testing $PTII/ptolemy/domains/de/test/auto/knownFailedTests/HierarchicalModel.xml (Known Failure) 
6 ms. Memory: 146944K Free: 85139K (58%)


==== $PTIIhome/travis/build/icyphy/ptII/ptolemy/domains/de/test/../../../../: Auto Automatic test in file $PTII/ptolemy/domains/de/test/auto/knownFailedTests/HierarchicalModel.xml
==== Contents of test case:

	    # FIXME: we should use $relativeFilename here, but it
	    # might have backslashes under Windows, which causes no end
	    # of trouble.
	    createAndExecute $file
	    list {}
	
.... Test generated KNOWN error:
    while executing
ptolemy.kernel.util.IllegalActionException: Found a zero delay loop containing .HierarchicalModel.A
  in .HierarchicalModel and .HierarchicalModel.A
	at ptolemy.actor.util.CausalityInterfaceForComposites._computeOutputPortDepth(CausalityInterfaceForComposites.java:759)
	at ptolemy.actor.util.CausalityInterfaceForComposites._computeInputDepth(CausalityInterfaceForComposites.java:696)
	at ptolemy.actor.util.CausalityInterfaceForComposites._computeOutputPortDepth(CausalityInterfaceForComposites.java:765)
	at ptolemy.actor.util.CausalityInterfaceForComposites._computeInputDepth(CausalityInterfaceForComposites.java:696)
	at ptolemy.actor.util.CausalityInterfaceForComposites._computeOutputPortDepth(CausalityInterfaceForComposites.java:765)
	at ptolemy.actor.util.CausalityInterfaceForComposites._computeInputDepth(CausalityInterfaceForComposites.java:696)
	at ptolemy.actor.util.CausalityInterfaceForComposites._computeActorDepth(CausalityInterfaceForComposites.java:532)
	at ptolemy.actor.util.CausalityInterfaceForComposites.checkForCycles(CausalityInterfaceForComposites.java:96)
	at ptolemy.domains.de.kernel.DEDirector.preinitialize(DEDirector.java:1338)
	at ptolemy.actor.CompositeActor.preinitialize(CompositeActor.java:1828)
	at ptolemy.actor.Manager.preinitializeAndResolveTypes(Manager.java:1040)
	at ptolemy.actor.Manager.initialize(Manager.java:710)
	at ptolemy.actor.Manager.execute(Manager.java:356)
	at ptolemy.actor.Manager.run(Manager.java:1263)
	at ptolemy.actor.Manager$PtolemyRunThread.run(Manager.java:1915)

    while executing
ptolemy.kernel.util.IllegalActionException: Found a zero delay loop containing .HierarchicalModel.A
  in .HierarchicalModel and .HierarchicalModel.A
    while executing
"java::new ptolemy.moml.MoMLSimpleApplication $file
"
    (procedure "createAndExecute" line 2)
    invoked from within
"createAndExecute $file"
    ("uplevel" body line 5)
    invoked from within
"uplevel $contents_of_test"
------------------ testing $PTII/ptolemy/domains/de/test/auto/knownFailedTests/DirectFeedback.xml (Known Failure) 
14 ms. Memory: 146944K Free: 142623K (97%)


==== $PTIIhome/travis/build/icyphy/ptII/ptolemy/domains/de/test/../../../../: Auto Automatic test in file $PTII/ptolemy/domains/de/test/auto/knownFailedTests/DirectFeedback.xml
==== Contents of test case:

	    # FIXME: we should use $relativeFilename here, but it
	    # might have backslashes under Windows, which causes no end
	    # of trouble.
	    createAndExecute $file
	    list {}
	
.... Test generated KNOWN error:
    while executing
ptolemy.kernel.util.IllegalActionException: Test fails in iteration 1.
Value was: 1.0. Should have been: 2.0
  in .DirectFeedback.Test
	at ptolemy.actor.lib.Test.fire(Test.java:268)
	at ptolemy.domains.de.kernel.DEDirector._fire(DEDirector.java:1949)
	at ptolemy.domains.de.kernel.DEDirector.fire(DEDirector.java:502)
	at ptolemy.actor.CompositeActor.fire(CompositeActor.java:455)
	at ptolemy.actor.Manager.iterate(Manager.java:851)
	at ptolemy.actor.Manager.execute(Manager.java:369)
	at ptolemy.actor.Manager.run(Manager.java:1263)
	at ptolemy.actor.Manager$PtolemyRunThread.run(Manager.java:1915)

    while executing
ptolemy.kernel.util.IllegalActionException: Test fails in iteration 1.
Value was: 1.0. Should have been: 2.0
  in .DirectFeedback.Test
    while executing
"java::new ptolemy.moml.MoMLSimpleApplication $file
"
    (procedure "createAndExecute" line 2)
    invoked from within
"createAndExecute $file"
    ("uplevel" body line 5)
    invoked from within
"uplevel $contents_of_test"
------------------ testing $PTII/ptolemy/domains/de/test/auto/ActorDepthCalculation_actorWithoutPorts.xml
auto.tcl: Setting watchdog for 200 seconds at Wed Jun 13 16:58:02 UTC 2018
4 ms. Memory: 146944K Free: 133653K (91%)
ptolemy.util.test.WatchDog.cancel(): canceling Wed Jun 13 16:58:02 UTC 2018
auto.tcl: Setting watchdog for 200 seconds at Wed Jun 13 16:58:02 UTC 2018
4 ms. Memory: 146944K Free: 132613K (90%)
ptolemy.util.test.WatchDog.cancel(): canceling Wed Jun 13 16:58:02 UTC 2018
------------------ testing $PTII/ptolemy/domains/de/test/auto/AssemblyLine.xml
auto.tcl: Setting watchdog for 200 seconds at Wed Jun 13 16:58:02 UTC 2018
12 ms. Memory: 208384K Free: 182820K (88%)
ptolemy.util.test.WatchDog.cancel(): canceling Wed Jun 13 16:58:02 UTC 2018
auto.tcl: Setting watchdog for 200 seconds at Wed Jun 13 16:58:02 UTC 2018
7 ms. Memory: 208384K Free: 182820K (88%)
ptolemy.util.test.WatchDog.cancel(): canceling Wed Jun 13 16:58:02 UTC 2018
------------------ testing $PTII/ptolemy/domains/de/test/auto/CQBug1.xml
auto.tcl: Setting watchdog for 200 seconds at Wed Jun 13 16:58:02 UTC 2018
5 ms. Memory: 208384K Free: 197709K (95%)
ptolemy.util.test.WatchDog.cancel(): canceling Wed Jun 13 16:58:02 UTC 2018
auto.tcl: Setting watchdog for 200 seconds at Wed Jun 13 16:58:02 UTC 2018
3 ms. Memory: 208384K Free: 197709K (95%)
ptolemy.util.test.WatchDog.cancel(): canceling Wed Jun 13 16:58:03 UTC 2018
------------------ testing $PTII/ptolemy/domains/de/test/auto/CancelFireAt.xml
auto.tcl: Setting watchdog for 200 seconds at Wed Jun 13 16:58:03 UTC 2018
6 ms. Memory: 208384K Free: 201433K (97%)
ptolemy.util.test.WatchDog.cancel(): canceling Wed Jun 13 16:58:03 UTC 2018
auto.tcl: Setting watchdog for 200 seconds at Wed Jun 13 16:58:03 UTC 2018
2 ms. Memory: 208384K Free: 199324K (96%)
ptolemy.util.test.WatchDog.cancel(): canceling Wed Jun 13 16:58:03 UTC 2018
------------------ testing $PTII/ptolemy/domains/de/test/auto/CausalityAndComposabilityAnalysis.xml
auto.tcl: Setting watchdog for 200 seconds at Wed Jun 13 16:58:03 UTC 2018
13 ms. Memory: 208384K Free: 196476K (94%)
ptolemy.util.test.WatchDog.cancel(): canceling Wed Jun 13 16:58:03 UTC 2018
auto.tcl: Setting watchdog for 200 seconds at Wed Jun 13 16:58:03 UTC 2018
14 ms. Memory: 208384K Free: 196476K (94%)
ptolemy.util.test.WatchDog.cancel(): canceling Wed Jun 13 16:58:03 UTC 2018
------------------ testing $PTII/ptolemy/domains/de/test/auto/CausalityInterface1.xml
auto.tcl: Setting watchdog for 200 seconds at Wed Jun 13 16:58:03 UTC 2018
21 ms. Memory: 208384K Free: 196412K (94%)
ptolemy.util.test.WatchDog.cancel(): canceling Wed Jun 13 16:58:03 UTC 2018
auto.tcl: Setting watchdog for 200 seconds at Wed Jun 13 16:58:03 UTC 2018
8 ms. Memory: 208384K Free: 196412K (94%)
ptolemy.util.test.WatchDog.cancel(): canceling Wed Jun 13 16:58:03 UTC 2018
------------------ testing $PTII/ptolemy/domains/de/test/auto/CausalityInterface15.xml
auto.tcl: Setting watchdog for 200 seconds at Wed Jun 13 16:58:03 UTC 2018
16 ms. Memory: 208384K Free: 196404K (94%)
ptolemy.util.test.WatchDog.cancel(): canceling Wed Jun 13 16:58:03 UTC 2018
auto.tcl: Setting watchdog for 200 seconds at Wed Jun 13 16:58:03 UTC 2018
8 ms. Memory: 208384K Free: 196404K (94%)
ptolemy.util.test.WatchDog.cancel(): canceling Wed Jun 13 16:58:03 UTC 2018
------------------ testing $PTII/ptolemy/domains/de/test/auto/CausalityInterface2.xml
auto.tcl: Setting watchdog for 200 seconds at Wed Jun 13 16:58:03 UTC 2018
4 ms. Memory: 208384K Free: 196724K (94%)
ptolemy.util.test.WatchDog.cancel(): canceling Wed Jun 13 16:58:03 UTC 2018
auto.tcl: Setting watchdog for 200 seconds at Wed Jun 13 16:58:03 UTC 2018
7 ms. Memory: 208384K Free: 196387K (94%)
ptolemy.util.test.WatchDog.cancel(): canceling Wed Jun 13 16:58:03 UTC 2018
------------------ testing $PTII/ptolemy/domains/de/test/auto/CausalityInterface3.xml
auto.tcl: Setting watchdog for 200 seconds at Wed Jun 13 16:58:03 UTC 2018
7 ms. Memory: 208384K Free: 196399K (94%)
ptolemy.util.test.WatchDog.cancel(): canceling Wed Jun 13 16:58:03 UTC 2018
auto.tcl: Setting watchdog for 200 seconds at Wed Jun 13 16:58:03 UTC 2018
2 ms. Memory: 208384K Free: 196399K (94%)
ptolemy.util.test.WatchDog.cancel(): canceling Wed Jun 13 16:58:03 UTC 2018
------------------ testing $PTII/ptolemy/domains/de/test/auto/ClockDrift.xml
auto.tcl: Setting watchdog for 200 seconds at Wed Jun 13 16:58:03 UTC 2018
96 ms. Memory: 208384K Free: 187604K (90%)
ptolemy.util.test.WatchDog.cancel(): canceling Wed Jun 13 16:58:03 UTC 2018
auto.tcl: Setting watchdog for 200 seconds at Wed Jun 13 16:58:03 UTC 2018
63 ms. Memory: 208384K Free: 185496K (89%)
ptolemy.util.test.WatchDog.cancel(): canceling Wed Jun 13 16:58:03 UTC 2018
------------------ testing $PTII/ptolemy/domains/de/test/auto/ClockDriftAndValueChange.xml
auto.tcl: Setting watchdog for 200 seconds at Wed Jun 13 16:58:03 UTC 2018
49 ms. Memory: 208384K Free: 187438K (90%)
ptolemy.util.test.WatchDog.cancel(): canceling Wed Jun 13 16:58:04 UTC 2018
auto.tcl: Setting watchdog for 200 seconds at Wed Jun 13 16:58:04 UTC 2018
30 ms. Memory: 208384K Free: 185330K (89%)
ptolemy.util.test.WatchDog.cancel(): canceling Wed Jun 13 16:58:04 UTC 2018
------------------ testing $PTII/ptolemy/domains/de/test/auto/ClockDriftChange.xml
auto.tcl: Setting watchdog for 200 seconds at Wed Jun 13 16:58:04 UTC 2018
31 ms. Memory: 208384K Free: 190774K (92%)
ptolemy.util.test.WatchDog.cancel(): canceling Wed Jun 13 16:58:04 UTC 2018
auto.tcl: Setting watchdog for 200 seconds at Wed Jun 13 16:58:04 UTC 2018
18 ms. Memory: 208384K Free: 188665K (91%)
ptolemy.util.test.WatchDog.cancel(): canceling Wed Jun 13 16:58:04 UTC 2018
------------------ testing $PTII/ptolemy/domains/de/test/auto/ComposableCausalityAnalysis.xml
auto.tcl: Setting watchdog for 200 seconds at Wed Jun 13 16:58:04 UTC 2018
1 ms. Memory: 208384K Free: 196250K (94%)
ptolemy.util.test.WatchDog.cancel(): canceling Wed Jun 13 16:58:04 UTC 2018
auto.tcl: Setting watchdog for 200 seconds at Wed Jun 13 16:58:04 UTC 2018
2 ms. Memory: 208384K Free: 194142K (93%)
ptolemy.util.test.WatchDog.cancel(): canceling Wed Jun 13 16:58:04 UTC 2018
------------------ testing $PTII/ptolemy/domains/de/test/auto/DEFixedPointLimitation.xml
auto.tcl: Setting watchdog for 200 seconds at Wed Jun 13 16:58:04 UTC 2018
2 ms. Memory: 208384K Free: 196331K (94%)
ptolemy.util.test.WatchDog.cancel(): canceling Wed Jun 13 16:58:04 UTC 2018
auto.tcl: Setting watchdog for 200 seconds at Wed Jun 13 16:58:04 UTC 2018
2 ms. Memory: 208384K Free: 196331K (94%)
ptolemy.util.test.WatchDog.cancel(): canceling Wed Jun 13 16:58:04 UTC 2018
------------------ testing $PTII/ptolemy/domains/de/test/auto/DEScheduleTest.xml
auto.tcl: Setting watchdog for 200 seconds at Wed Jun 13 16:58:04 UTC 2018
4 ms. Memory: 208384K Free: 198475K (95%)
ptolemy.util.test.WatchDog.cancel(): canceling Wed Jun 13 16:58:04 UTC 2018
auto.tcl: Setting watchdog for 200 seconds at Wed Jun 13 16:58:04 UTC 2018
3 ms. Memory: 208384K Free: 196366K (94%)
ptolemy.util.test.WatchDog.cancel(): canceling Wed Jun 13 16:58:04 UTC 2018
------------------ testing $PTII/ptolemy/domains/de/test/auto/DEinDEwithStartTimes.xml
auto.tcl: Setting watchdog for 200 seconds at Wed Jun 13 16:58:04 UTC 2018
7 ms. Memory: 208384K Free: 196336K (94%)
ptolemy.util.test.WatchDog.cancel(): canceling Wed Jun 13 16:58:04 UTC 2018
auto.tcl: Setting watchdog for 200 seconds at Wed Jun 13 16:58:04 UTC 2018
4 ms. Memory: 208384K Free: 194228K (93%)
ptolemy.util.test.WatchDog.cancel(): canceling Wed Jun 13 16:58:04 UTC 2018
------------------ testing $PTII/ptolemy/domains/de/test/auto/DEinDEwithStartTimes2.xml
auto.tcl: Setting watchdog for 200 seconds at Wed Jun 13 16:58:04 UTC 2018
4 ms. Memory: 208384K Free: 196316K (94%)
ptolemy.util.test.WatchDog.cancel(): canceling Wed Jun 13 16:58:04 UTC 2018
auto.tcl: Setting watchdog for 200 seconds at Wed Jun 13 16:58:04 UTC 2018
4 ms. Memory: 208384K Free: 194208K (93%)
ptolemy.util.test.WatchDog.cancel(): canceling Wed Jun 13 16:58:04 UTC 2018
------------------ testing $PTII/ptolemy/domains/de/test/auto/DateDemo.xml
auto.tcl: Setting watchdog for 200 seconds at Wed Jun 13 16:58:04 UTC 2018
11 ms. Memory: 208384K Free: 188722K (91%)
ptolemy.util.test.WatchDog.cancel(): canceling Wed Jun 13 16:58:04 UTC 2018
auto.tcl: Setting watchdog for 200 seconds at Wed Jun 13 16:58:04 UTC 2018
6 ms. Memory: 208384K Free: 186613K (90%)
ptolemy.util.test.WatchDog.cancel(): canceling Wed Jun 13 16:58:04 UTC 2018
------------------ testing $PTII/ptolemy/domains/de/test/auto/DateToEvent.xml
auto.tcl: Setting watchdog for 200 seconds at Wed Jun 13 16:58:04 UTC 2018
2010 ms. Memory: 208384K Free: 183430K (88%)
ptolemy.util.test.WatchDog.cancel(): canceling Wed Jun 13 16:58:06 UTC 2018
auto.tcl: Setting watchdog for 200 seconds at Wed Jun 13 16:58:06 UTC 2018
2007 ms. Memory: 208384K Free: 180972K (87%)
ptolemy.util.test.WatchDog.cancel(): canceling Wed Jun 13 16:58:08 UTC 2018
------------------ testing $PTII/ptolemy/domains/de/test/auto/DepthTest1.xml
auto.tcl: Setting watchdog for 200 seconds at Wed Jun 13 16:58:08 UTC 2018
7 ms. Memory: 208384K Free: 198005K (95%)
ptolemy.util.test.WatchDog.cancel(): canceling Wed Jun 13 16:58:08 UTC 2018
auto.tcl: Setting watchdog for 200 seconds at Wed Jun 13 16:58:08 UTC 2018
2 ms. Memory: 208384K Free: 198005K (95%)
ptolemy.util.test.WatchDog.cancel(): canceling Wed Jun 13 16:58:08 UTC 2018
------------------ testing $PTII/ptolemy/domains/de/test/auto/DepthTest2.xml
auto.tcl: Setting watchdog for 200 seconds at Wed Jun 13 16:58:08 UTC 2018
8 ms. Memory: 208384K Free: 194188K (93%)
ptolemy.util.test.WatchDog.cancel(): canceling Wed Jun 13 16:58:09 UTC 2018
auto.tcl: Setting watchdog for 200 seconds at Wed Jun 13 16:58:09 UTC 2018
2 ms. Memory: 208384K Free: 194188K (93%)
ptolemy.util.test.WatchDog.cancel(): canceling Wed Jun 13 16:58:09 UTC 2018
------------------ testing $PTII/ptolemy/domains/de/test/auto/DepthTest3.xml
auto.tcl: Setting watchdog for 200 seconds at Wed Jun 13 16:58:09 UTC 2018
2 ms. Memory: 208384K Free: 198339K (95%)
ptolemy.util.test.WatchDog.cancel(): canceling Wed Jun 13 16:58:09 UTC 2018
auto.tcl: Setting watchdog for 200 seconds at Wed Jun 13 16:58:09 UTC 2018
6 ms. Memory: 208384K Free: 198339K (95%)
ptolemy.util.test.WatchDog.cancel(): canceling Wed Jun 13 16:58:09 UTC 2018
------------------ testing $PTII/ptolemy/domains/de/test/auto/DepthTest4.xml
auto.tcl: Setting watchdog for 200 seconds at Wed Jun 13 16:58:09 UTC 2018
4 ms. Memory: 208384K Free: 196318K (94%)
ptolemy.util.test.WatchDog.cancel(): canceling Wed Jun 13 16:58:09 UTC 2018
auto.tcl: Setting watchdog for 200 seconds at Wed Jun 13 16:58:09 UTC 2018
3 ms. Memory: 208384K Free: 196318K (94%)
ptolemy.util.test.WatchDog.cancel(): canceling Wed Jun 13 16:58:09 UTC 2018
------------------ testing $PTII/ptolemy/domains/de/test/auto/DepthTest5.xml
auto.tcl: Setting watchdog for 200 seconds at Wed Jun 13 16:58:09 UTC 2018
11 ms. Memory: 208384K Free: 196603K (94%)
ptolemy.util.test.WatchDog.cancel(): canceling Wed Jun 13 16:58:09 UTC 2018
auto.tcl: Setting watchdog for 200 seconds at Wed Jun 13 16:58:09 UTC 2018
2 ms. Memory: 208384K Free: 196603K (94%)
ptolemy.util.test.WatchDog.cancel(): canceling Wed Jun 13 16:58:09 UTC 2018
------------------ testing $PTII/ptolemy/domains/de/test/auto/DepthTest6.xml
auto.tcl: Setting watchdog for 200 seconds at Wed Jun 13 16:58:09 UTC 2018
6 ms. Memory: 208384K Free: 196572K (94%)
ptolemy.util.test.WatchDog.cancel(): canceling Wed Jun 13 16:58:09 UTC 2018
auto.tcl: Setting watchdog for 200 seconds at Wed Jun 13 16:58:09 UTC 2018
3 ms. Memory: 208384K Free: 196572K (94%)
ptolemy.util.test.WatchDog.cancel(): canceling Wed Jun 13 16:58:09 UTC 2018
------------------ testing $PTII/ptolemy/domains/de/test/auto/DepthTest7.xml
auto.tcl: Setting watchdog for 200 seconds at Wed Jun 13 16:58:09 UTC 2018
6 ms. Memory: 208384K Free: 194994K (94%)
ptolemy.util.test.WatchDog.cancel(): canceling Wed Jun 13 16:58:09 UTC 2018
auto.tcl: Setting watchdog for 200 seconds at Wed Jun 13 16:58:09 UTC 2018
2 ms. Memory: 208384K Free: 194994K (94%)
ptolemy.util.test.WatchDog.cancel(): canceling Wed Jun 13 16:58:09 UTC 2018
------------------ testing $PTII/ptolemy/domains/de/test/auto/EventToDate.xml
auto.tcl: Setting watchdog for 200 seconds at Wed Jun 13 16:58:09 UTC 2018
3011 ms. Memory: 208384K Free: 185702K (89%)
ptolemy.util.test.WatchDog.cancel(): canceling Wed Jun 13 16:58:12 UTC 2018
auto.tcl: Setting watchdog for 200 seconds at Wed Jun 13 16:58:12 UTC 2018
3004 ms. Memory: 208384K Free: 185702K (89%)
ptolemy.util.test.WatchDog.cancel(): canceling Wed Jun 13 16:58:15 UTC 2018
------------------ testing $PTII/ptolemy/domains/de/test/auto/FSM1.xml
auto.tcl: Setting watchdog for 200 seconds at Wed Jun 13 16:58:15 UTC 2018
19 ms. Memory: 208384K Free: 189258K (91%)
ptolemy.util.test.WatchDog.cancel(): canceling Wed Jun 13 16:58:15 UTC 2018
auto.tcl: Setting watchdog for 200 seconds at Wed Jun 13 16:58:15 UTC 2018
14 ms. Memory: 208384K Free: 185041K (89%)
ptolemy.util.test.WatchDog.cancel(): canceling Wed Jun 13 16:58:15 UTC 2018
------------------ testing $PTII/ptolemy/domains/de/test/auto/FSM7.xml
auto.tcl: Setting watchdog for 200 seconds at Wed Jun 13 16:58:15 UTC 2018
27 ms. Memory: 208384K Free: 187350K (90%)
ptolemy.util.test.WatchDog.cancel(): canceling Wed Jun 13 16:58:15 UTC 2018
auto.tcl: Setting watchdog for 200 seconds at Wed Jun 13 16:58:15 UTC 2018
20 ms. Memory: 208384K Free: 185242K (89%)
ptolemy.util.test.WatchDog.cancel(): canceling Wed Jun 13 16:58:15 UTC 2018
------------------ testing $PTII/ptolemy/domains/de/test/auto/Inspection.xml
auto.tcl: Setting watchdog for 200 seconds at Wed Jun 13 16:58:15 UTC 2018
32 ms. Memory: 208384K Free: 188902K (91%)
ptolemy.util.test.WatchDog.cancel(): canceling Wed Jun 13 16:58:15 UTC 2018
auto.tcl: Setting watchdog for 200 seconds at Wed Jun 13 16:58:15 UTC 2018
30 ms. Memory: 208384K Free: 186794K (90%)
ptolemy.util.test.WatchDog.cancel(): canceling Wed Jun 13 16:58:15 UTC 2018
------------------ testing $PTII/ptolemy/domains/de/test/auto/Iteration.xml
auto.tcl: Setting watchdog for 200 seconds at Wed Jun 13 16:58:15 UTC 2018
7 ms. Memory: 208384K Free: 194257K (93%)
ptolemy.util.test.WatchDog.cancel(): canceling Wed Jun 13 16:58:16 UTC 2018
auto.tcl: Setting watchdog for 200 seconds at Wed Jun 13 16:58:16 UTC 2018
8 ms. Memory: 208384K Free: 194257K (93%)
ptolemy.util.test.WatchDog.cancel(): canceling Wed Jun 13 16:58:16 UTC 2018
------------------ testing $PTII/ptolemy/domains/de/test/auto/LineFault.xml
auto.tcl: Setting watchdog for 200 seconds at Wed Jun 13 16:58:16 UTC 2018
673 ms. Memory: 208384K Free: 194873K (94%)
ptolemy.util.test.WatchDog.cancel(): canceling Wed Jun 13 16:58:17 UTC 2018
auto.tcl: Setting watchdog for 200 seconds at Wed Jun 13 16:58:17 UTC 2018
603 ms. Memory: 208384K Free: 137310K (66%)
ptolemy.util.test.WatchDog.cancel(): canceling Wed Jun 13 16:58:17 UTC 2018
------------------ testing $PTII/ptolemy/domains/de/test/auto/MergeModel1Add.xml
auto.tcl: Setting watchdog for 200 seconds at Wed Jun 13 16:58:17 UTC 2018
24 ms. Memory: 331264K Free: 302888K (91%)
ptolemy.util.test.WatchDog.cancel(): canceling Wed Jun 13 16:58:17 UTC 2018
auto.tcl: Setting watchdog for 200 seconds at Wed Jun 13 16:58:17 UTC 2018
18 ms. Memory: 331264K Free: 298955K (90%)
ptolemy.util.test.WatchDog.cancel(): canceling Wed Jun 13 16:58:17 UTC 2018
------------------ testing $PTII/ptolemy/domains/de/test/auto/MergeModel2Add.xml
auto.tcl: Setting watchdog for 200 seconds at Wed Jun 13 16:58:17 UTC 2018
13 ms. Memory: 331264K Free: 304225K (92%)
ptolemy.util.test.WatchDog.cancel(): canceling Wed Jun 13 16:58:17 UTC 2018
auto.tcl: Setting watchdog for 200 seconds at Wed Jun 13 16:58:17 UTC 2018
11 ms. Memory: 331264K Free: 300292K (91%)
ptolemy.util.test.WatchDog.cancel(): canceling Wed Jun 13 16:58:17 UTC 2018
------------------ testing $PTII/ptolemy/domains/de/test/auto/MergeModel3Add.xml
auto.tcl: Setting watchdog for 200 seconds at Wed Jun 13 16:58:18 UTC 2018
11 ms. Memory: 331264K Free: 303825K (92%)
ptolemy.util.test.WatchDog.cancel(): canceling Wed Jun 13 16:58:18 UTC 2018
auto.tcl: Setting watchdog for 200 seconds at Wed Jun 13 16:58:18 UTC 2018
9 ms. Memory: 331264K Free: 299892K (91%)
ptolemy.util.test.WatchDog.cancel(): canceling Wed Jun 13 16:58:18 UTC 2018
------------------ testing $PTII/ptolemy/domains/de/test/auto/MergeWithoutDiscard.xml
auto.tcl: Setting watchdog for 200 seconds at Wed Jun 13 16:58:18 UTC 2018
7 ms. Memory: 331264K Free: 315619K (95%)
ptolemy.util.test.WatchDog.cancel(): canceling Wed Jun 13 16:58:18 UTC 2018
auto.tcl: Setting watchdog for 200 seconds at Wed Jun 13 16:58:18 UTC 2018
1 ms. Memory: 331264K Free: 315619K (95%)
ptolemy.util.test.WatchDog.cancel(): canceling Wed Jun 13 16:58:18 UTC 2018
------------------ testing $PTII/ptolemy/domains/de/test/auto/Modal1.xml
auto.tcl: Setting watchdog for 200 seconds at Wed Jun 13 16:58:18 UTC 2018
18 ms. Memory: 331264K Free: 309534K (93%)
ptolemy.util.test.WatchDog.cancel(): canceling Wed Jun 13 16:58:18 UTC 2018
auto.tcl: Setting watchdog for 200 seconds at Wed Jun 13 16:58:18 UTC 2018
18 ms. Memory: 331264K Free: 305601K (92%)
ptolemy.util.test.WatchDog.cancel(): canceling Wed Jun 13 16:58:18 UTC 2018
------------------ testing $PTII/ptolemy/domains/de/test/auto/Modal2.xml
auto.tcl: Setting watchdog for 200 seconds at Wed Jun 13 16:58:18 UTC 2018
13 ms. Memory: 331264K Free: 309400K (93%)
ptolemy.util.test.WatchDog.cancel(): canceling Wed Jun 13 16:58:18 UTC 2018
auto.tcl: Setting watchdog for 200 seconds at Wed Jun 13 16:58:18 UTC 2018
10 ms. Memory: 331264K Free: 305467K (92%)
ptolemy.util.test.WatchDog.cancel(): canceling Wed Jun 13 16:58:18 UTC 2018
------------------ testing $PTII/ptolemy/domains/de/test/auto/Modal3.xml
auto.tcl: Setting watchdog for 200 seconds at Wed Jun 13 16:58:18 UTC 2018
13 ms. Memory: 331264K Free: 309692K (93%)
ptolemy.util.test.WatchDog.cancel(): canceling Wed Jun 13 16:58:18 UTC 2018
auto.tcl: Setting watchdog for 200 seconds at Wed Jun 13 16:58:18 UTC 2018
9 ms. Memory: 331264K Free: 305473K (92%)
ptolemy.util.test.WatchDog.cancel(): canceling Wed Jun 13 16:58:18 UTC 2018
------------------ testing $PTII/ptolemy/domains/de/test/auto/Modal4.xml
auto.tcl: Setting watchdog for 200 seconds at Wed Jun 13 16:58:18 UTC 2018
11 ms. Memory: 331264K Free: 309412K (93%)
ptolemy.util.test.WatchDog.cancel(): canceling Wed Jun 13 16:58:18 UTC 2018
auto.tcl: Setting watchdog for 200 seconds at Wed Jun 13 16:58:18 UTC 2018
14 ms. Memory: 331264K Free: 305479K (92%)
ptolemy.util.test.WatchDog.cancel(): canceling Wed Jun 13 16:58:18 UTC 2018
------------------ testing $PTII/ptolemy/domains/de/test/auto/Modal5.xml
auto.tcl: Setting watchdog for 200 seconds at Wed Jun 13 16:58:18 UTC 2018
15 ms. Memory: 331264K Free: 309400K (93%)
ptolemy.util.test.WatchDog.cancel(): canceling Wed Jun 13 16:58:18 UTC 2018
auto.tcl: Setting watchdog for 200 seconds at Wed Jun 13 16:58:18 UTC 2018
14 ms. Memory: 331264K Free: 305466K (92%)
ptolemy.util.test.WatchDog.cancel(): canceling Wed Jun 13 16:58:18 UTC 2018
------------------ testing $PTII/ptolemy/domains/de/test/auto/Modal6.xml
auto.tcl: Setting watchdog for 200 seconds at Wed Jun 13 16:58:18 UTC 2018
16 ms. Memory: 331264K Free: 309397K (93%)
ptolemy.util.test.WatchDog.cancel(): canceling Wed Jun 13 16:58:18 UTC 2018
auto.tcl: Setting watchdog for 200 seconds at Wed Jun 13 16:58:18 UTC 2018
12 ms. Memory: 331264K Free: 305464K (92%)
ptolemy.util.test.WatchDog.cancel(): canceling Wed Jun 13 16:58:18 UTC 2018
------------------ testing $PTII/ptolemy/domains/de/test/auto/Modal7.xml
auto.tcl: Setting watchdog for 200 seconds at Wed Jun 13 16:58:18 UTC 2018
13 ms. Memory: 331264K Free: 309397K (93%)
ptolemy.util.test.WatchDog.cancel(): canceling Wed Jun 13 16:58:18 UTC 2018
auto.tcl: Setting watchdog for 200 seconds at Wed Jun 13 16:58:18 UTC 2018
12 ms. Memory: 331264K Free: 305464K (92%)
ptolemy.util.test.WatchDog.cancel(): canceling Wed Jun 13 16:58:18 UTC 2018
------------------ testing $PTII/ptolemy/domains/de/test/auto/ModalModel.xml
auto.tcl: Setting watchdog for 200 seconds at Wed Jun 13 16:58:18 UTC 2018
199 ms. Memory: 331264K Free: 245956K (74%)
ptolemy.util.test.WatchDog.cancel(): canceling Wed Jun 13 16:58:19 UTC 2018
auto.tcl: Setting watchdog for 200 seconds at Wed Jun 13 16:58:19 UTC 2018
172 ms. Memory: 331264K Free: 190894K (58%)
ptolemy.util.test.WatchDog.cancel(): canceling Wed Jun 13 16:58:19 UTC 2018
------------------ testing $PTII/ptolemy/domains/de/test/auto/ModalSource.xml
auto.tcl: Setting watchdog for 200 seconds at Wed Jun 13 16:58:19 UTC 2018
9 ms. Memory: 331264K Free: 316163K (95%)
ptolemy.util.test.WatchDog.cancel(): canceling Wed Jun 13 16:58:19 UTC 2018
auto.tcl: Setting watchdog for 200 seconds at Wed Jun 13 16:58:19 UTC 2018
6 ms. Memory: 331264K Free: 312652K (94%)
ptolemy.util.test.WatchDog.cancel(): canceling Wed Jun 13 16:58:19 UTC 2018
------------------ testing $PTII/ptolemy/domains/de/test/auto/NonInterruptibleTimerZeroDelay.xml
auto.tcl: Setting watchdog for 200 seconds at Wed Jun 13 16:58:19 UTC 2018
5 ms. Memory: 331264K Free: 320505K (97%)
ptolemy.util.test.WatchDog.cancel(): canceling Wed Jun 13 16:58:19 UTC 2018
auto.tcl: Setting watchdog for 200 seconds at Wed Jun 13 16:58:19 UTC 2018
2 ms. Memory: 331264K Free: 317001K (96%)
ptolemy.util.test.WatchDog.cancel(): canceling Wed Jun 13 16:58:19 UTC 2018
------------------ testing $PTII/ptolemy/domains/de/test/auto/OpenQueueingNetwork.xml
auto.tcl: Setting watchdog for 200 seconds at Wed Jun 13 16:58:19 UTC 2018
2560 ms. Memory: 317952K Free: 157054K (49%)
ptolemy.util.test.WatchDog.cancel(): canceling Wed Jun 13 16:58:22 UTC 2018
auto.tcl: Setting watchdog for 200 seconds at Wed Jun 13 16:58:22 UTC 2018
2481 ms. Memory: 287232K Free: 210779K (73%)
ptolemy.util.test.WatchDog.cancel(): canceling Wed Jun 13 16:58:24 UTC 2018
------------------ testing $PTII/ptolemy/domains/de/test/auto/OpenQueuingNetwork.xml
auto.tcl: Setting watchdog for 200 seconds at Wed Jun 13 16:58:24 UTC 2018
226 ms. Memory: 287232K Free: 187178K (65%)
ptolemy.util.test.WatchDog.cancel(): canceling Wed Jun 13 16:58:25 UTC 2018
auto.tcl: Setting watchdog for 200 seconds at Wed Jun 13 16:58:25 UTC 2018
222 ms. Memory: 287232K Free: 126901K (44%)
ptolemy.util.test.WatchDog.cancel(): canceling Wed Jun 13 16:58:25 UTC 2018
------------------ testing $PTII/ptolemy/domains/de/test/auto/PeriodicSampler.xml
auto.tcl: Setting watchdog for 200 seconds at Wed Jun 13 16:58:25 UTC 2018
2 ms. Memory: 289792K Free: 274464K (95%)
ptolemy.util.test.WatchDog.cancel(): canceling Wed Jun 13 16:58:25 UTC 2018
auto.tcl: Setting watchdog for 200 seconds at Wed Jun 13 16:58:25 UTC 2018
2 ms. Memory: 289792K Free: 274464K (95%)
ptolemy.util.test.WatchDog.cancel(): canceling Wed Jun 13 16:58:25 UTC 2018
------------------ testing $PTII/ptolemy/domains/de/test/auto/PersistentIO.xml
auto.tcl: Setting watchdog for 200 seconds at Wed Jun 13 16:58:25 UTC 2018
5 ms. Memory: 287232K Free: 266715K (93%)
ptolemy.util.test.WatchDog.cancel(): canceling Wed Jun 13 16:58:25 UTC 2018
auto.tcl: Setting watchdog for 200 seconds at Wed Jun 13 16:58:25 UTC 2018
4 ms. Memory: 287232K Free: 266715K (93%)
ptolemy.util.test.WatchDog.cancel(): canceling Wed Jun 13 16:58:25 UTC 2018
------------------ testing $PTII/ptolemy/domains/de/test/auto/PortParameterResetOnInitialize.xml
auto.tcl: Setting watchdog for 200 seconds at Wed Jun 13 16:58:25 UTC 2018
5 ms. Memory: 289280K Free: 274422K (95%)
ptolemy.util.test.WatchDog.cancel(): canceling Wed Jun 13 16:58:25 UTC 2018
auto.tcl: Setting watchdog for 200 seconds at Wed Jun 13 16:58:25 UTC 2018
2 ms. Memory: 289280K Free: 274321K (95%)
ptolemy.util.test.WatchDog.cancel(): canceling Wed Jun 13 16:58:25 UTC 2018
------------------ testing $PTII/ptolemy/domains/de/test/auto/PortParameterUpdates.xml
auto.tcl: Setting watchdog for 200 seconds at Wed Jun 13 16:58:25 UTC 2018
3 ms. Memory: 287232K Free: 272398K (95%)
ptolemy.util.test.WatchDog.cancel(): canceling Wed Jun 13 16:58:25 UTC 2018
auto.tcl: Setting watchdog for 200 seconds at Wed Jun 13 16:58:25 UTC 2018
3 ms. Memory: 287232K Free: 269488K (94%)
ptolemy.util.test.WatchDog.cancel(): canceling Wed Jun 13 16:58:25 UTC 2018
------------------ testing $PTII/ptolemy/domains/de/test/auto/QueueAndServer.xml
auto.tcl: Setting watchdog for 200 seconds at Wed Jun 13 16:58:25 UTC 2018
22 ms. Memory: 289280K Free: 273557K (95%)
ptolemy.util.test.WatchDog.cancel(): canceling Wed Jun 13 16:58:25 UTC 2018
auto.tcl: Setting watchdog for 200 seconds at Wed Jun 13 16:58:25 UTC 2018
7 ms. Memory: 289280K Free: 273557K (95%)
ptolemy.util.test.WatchDog.cancel(): canceling Wed Jun 13 16:58:25 UTC 2018
------------------ testing $PTII/ptolemy/domains/de/test/auto/Records.xml
auto.tcl: Setting watchdog for 200 seconds at Wed Jun 13 16:58:25 UTC 2018
9 ms. Memory: 287232K Free: 274360K (96%)
ptolemy.util.test.WatchDog.cancel(): canceling Wed Jun 13 16:58:25 UTC 2018
auto.tcl: Setting watchdog for 200 seconds at Wed Jun 13 16:58:25 UTC 2018
2 ms. Memory: 287232K Free: 274360K (96%)
ptolemy.util.test.WatchDog.cancel(): canceling Wed Jun 13 16:58:25 UTC 2018
------------------ testing $PTII/ptolemy/domains/de/test/auto/ResetTransitionWithStartTime1.xml
auto.tcl: Setting watchdog for 200 seconds at Wed Jun 13 16:58:25 UTC 2018
9 ms. Memory: 288768K Free: 273026K (95%)
ptolemy.util.test.WatchDog.cancel(): canceling Wed Jun 13 16:58:25 UTC 2018
auto.tcl: Setting watchdog for 200 seconds at Wed Jun 13 16:58:25 UTC 2018
4 ms. Memory: 288768K Free: 270116K (94%)
ptolemy.util.test.WatchDog.cancel(): canceling Wed Jun 13 16:58:25 UTC 2018
------------------ testing $PTII/ptolemy/domains/de/test/auto/ResetTransitionWithStartTime2.xml
auto.tcl: Setting watchdog for 200 seconds at Wed Jun 13 16:58:25 UTC 2018
4 ms. Memory: 287232K Free: 271582K (95%)
ptolemy.util.test.WatchDog.cancel(): canceling Wed Jun 13 16:58:25 UTC 2018
auto.tcl: Setting watchdog for 200 seconds at Wed Jun 13 16:58:25 UTC 2018
5 ms. Memory: 287232K Free: 268672K (94%)
ptolemy.util.test.WatchDog.cancel(): canceling Wed Jun 13 16:58:25 UTC 2018
------------------ testing $PTII/ptolemy/domains/de/test/auto/ResetTransitionWithStartTime3.xml
auto.tcl: Setting watchdog for 200 seconds at Wed Jun 13 16:58:26 UTC 2018
4 ms. Memory: 288768K Free: 273016K (95%)
ptolemy.util.test.WatchDog.cancel(): canceling Wed Jun 13 16:58:26 UTC 2018
auto.tcl: Setting watchdog for 200 seconds at Wed Jun 13 16:58:26 UTC 2018
5 ms. Memory: 288768K Free: 270106K (94%)
ptolemy.util.test.WatchDog.cancel(): canceling Wed Jun 13 16:58:26 UTC 2018
------------------ testing $PTII/ptolemy/domains/de/test/auto/ResetTransitionWithStartTime4.xml
auto.tcl: Setting watchdog for 200 seconds at Wed Jun 13 16:58:26 UTC 2018
4 ms. Memory: 287232K Free: 271477K (95%)
ptolemy.util.test.WatchDog.cancel(): canceling Wed Jun 13 16:58:26 UTC 2018
auto.tcl: Setting watchdog for 200 seconds at Wed Jun 13 16:58:26 UTC 2018
4 ms. Memory: 287232K Free: 271477K (95%)
ptolemy.util.test.WatchDog.cancel(): canceling Wed Jun 13 16:58:26 UTC 2018
------------------ testing $PTII/ptolemy/domains/de/test/auto/ResettableTimer1.xml
auto.tcl: Setting watchdog for 200 seconds at Wed Jun 13 16:58:26 UTC 2018
2 ms. Memory: 288768K Free: 275919K (96%)
ptolemy.util.test.WatchDog.cancel(): canceling Wed Jun 13 16:58:26 UTC 2018
auto.tcl: Setting watchdog for 200 seconds at Wed Jun 13 16:58:26 UTC 2018
2 ms. Memory: 288768K Free: 275919K (96%)
ptolemy.util.test.WatchDog.cancel(): canceling Wed Jun 13 16:58:26 UTC 2018
------------------ testing $PTII/ptolemy/domains/de/test/auto/ResettableTimer2.xml
auto.tcl: Setting watchdog for 200 seconds at Wed Jun 13 16:58:26 UTC 2018
2 ms. Memory: 287232K Free: 274425K (96%)
ptolemy.util.test.WatchDog.cancel(): canceling Wed Jun 13 16:58:26 UTC 2018
auto.tcl: Setting watchdog for 200 seconds at Wed Jun 13 16:58:26 UTC 2018
2 ms. Memory: 287232K Free: 274425K (96%)
ptolemy.util.test.WatchDog.cancel(): canceling Wed Jun 13 16:58:26 UTC 2018
------------------ testing $PTII/ptolemy/domains/de/test/auto/ResettableTimer3.xml
auto.tcl: Setting watchdog for 200 seconds at Wed Jun 13 16:58:26 UTC 2018
2 ms. Memory: 288256K Free: 275465K (96%)
ptolemy.util.test.WatchDog.cancel(): canceling Wed Jun 13 16:58:26 UTC 2018
auto.tcl: Setting watchdog for 200 seconds at Wed Jun 13 16:58:26 UTC 2018
1 ms. Memory: 288256K Free: 275465K (96%)
ptolemy.util.test.WatchDog.cancel(): canceling Wed Jun 13 16:58:26 UTC 2018
------------------ testing $PTII/ptolemy/domains/de/test/auto/ResettableTimer4.xml
auto.tcl: Setting watchdog for 200 seconds at Wed Jun 13 16:58:26 UTC 2018
1 ms. Memory: 287232K Free: 274555K (96%)
ptolemy.util.test.WatchDog.cancel(): canceling Wed Jun 13 16:58:26 UTC 2018
auto.tcl: Setting watchdog for 200 seconds at Wed Jun 13 16:58:26 UTC 2018
1 ms. Memory: 287232K Free: 274555K (96%)
ptolemy.util.test.WatchDog.cancel(): canceling Wed Jun 13 16:58:26 UTC 2018
------------------ testing $PTII/ptolemy/domains/de/test/auto/ResettableTimer5.xml
auto.tcl: Setting watchdog for 200 seconds at Wed Jun 13 16:58:26 UTC 2018
1 ms. Memory: 288256K Free: 275561K (96%)
ptolemy.util.test.WatchDog.cancel(): canceling Wed Jun 13 16:58:26 UTC 2018
auto.tcl: Setting watchdog for 200 seconds at Wed Jun 13 16:58:26 UTC 2018
2 ms. Memory: 288256K Free: 275561K (96%)
ptolemy.util.test.WatchDog.cancel(): canceling Wed Jun 13 16:58:26 UTC 2018
------------------ testing $PTII/ptolemy/domains/de/test/auto/ResettableTimer6.xml
auto.tcl: Setting watchdog for 200 seconds at Wed Jun 13 16:58:26 UTC 2018
2 ms. Memory: 287232K Free: 272343K (95%)
ptolemy.util.test.WatchDog.cancel(): canceling Wed Jun 13 16:58:26 UTC 2018
auto.tcl: Setting watchdog for 200 seconds at Wed Jun 13 16:58:26 UTC 2018
1 ms. Memory: 287232K Free: 272343K (95%)
ptolemy.util.test.WatchDog.cancel(): canceling Wed Jun 13 16:58:26 UTC 2018
------------------ testing $PTII/ptolemy/domains/de/test/auto/ServerZeroDelay.xml
auto.tcl: Setting watchdog for 200 seconds at Wed Jun 13 16:58:26 UTC 2018
2 ms. Memory: 288256K Free: 275501K (96%)
ptolemy.util.test.WatchDog.cancel(): canceling Wed Jun 13 16:58:26 UTC 2018
auto.tcl: Setting watchdog for 200 seconds at Wed Jun 13 16:58:26 UTC 2018
3 ms. Memory: 288256K Free: 275501K (96%)
ptolemy.util.test.WatchDog.cancel(): canceling Wed Jun 13 16:58:26 UTC 2018
------------------ testing $PTII/ptolemy/domains/de/test/auto/SmartSender.xml
auto.tcl: Setting watchdog for 200 seconds at Wed Jun 13 16:58:26 UTC 2018
3001 ms. Memory: 287232K Free: 272414K (95%)
ptolemy.util.test.WatchDog.cancel(): canceling Wed Jun 13 16:58:29 UTC 2018
auto.tcl: Setting watchdog for 200 seconds at Wed Jun 13 16:58:29 UTC 2018
3003 ms. Memory: 287232K Free: 272414K (95%)
ptolemy.util.test.WatchDog.cancel(): canceling Wed Jun 13 16:58:32 UTC 2018
------------------ testing $PTII/ptolemy/domains/de/test/auto/ThreadedComposite.xml
auto.tcl: Setting watchdog for 200 seconds at Wed Jun 13 16:58:32 UTC 2018
306 ms. Memory: 288256K Free: 248194K (86%)
ptolemy.util.test.WatchDog.cancel(): canceling Wed Jun 13 16:58:32 UTC 2018
auto.tcl: Setting watchdog for 200 seconds at Wed Jun 13 16:58:32 UTC 2018
191 ms. Memory: 288256K Free: 230056K (80%)
ptolemy.util.test.WatchDog.cancel(): canceling Wed Jun 13 16:58:33 UTC 2018
------------------ testing $PTII/ptolemy/domains/de/test/auto/Time.xml
auto.tcl: Setting watchdog for 200 seconds at Wed Jun 13 16:58:33 UTC 2018
456 ms. Memory: 287232K Free: 220581K (77%)
ptolemy.util.test.WatchDog.cancel(): canceling Wed Jun 13 16:58:33 UTC 2018
auto.tcl: Setting watchdog for 200 seconds at Wed Jun 13 16:58:33 UTC 2018
444 ms. Memory: 287232K Free: 165592K (58%)
ptolemy.util.test.WatchDog.cancel(): canceling Wed Jun 13 16:58:34 UTC 2018
------------------ testing $PTII/ptolemy/domains/de/test/auto/TimeDelayZeroDelay.xml
auto.tcl: Setting watchdog for 200 seconds at Wed Jun 13 16:58:34 UTC 2018
2 ms. Memory: 287744K Free: 275433K (96%)
ptolemy.util.test.WatchDog.cancel(): canceling Wed Jun 13 16:58:34 UTC 2018
auto.tcl: Setting watchdog for 200 seconds at Wed Jun 13 16:58:34 UTC 2018
2 ms. Memory: 287744K Free: 275433K (96%)
ptolemy.util.test.WatchDog.cancel(): canceling Wed Jun 13 16:58:34 UTC 2018
------------------ testing $PTII/ptolemy/domains/de/test/auto/TimerZeroDelay.xml
auto.tcl: Setting watchdog for 200 seconds at Wed Jun 13 16:58:34 UTC 2018
2 ms. Memory: 287232K Free: 275031K (96%)
ptolemy.util.test.WatchDog.cancel(): canceling Wed Jun 13 16:58:34 UTC 2018
auto.tcl: Setting watchdog for 200 seconds at Wed Jun 13 16:58:34 UTC 2018
2 ms. Memory: 287232K Free: 275031K (96%)
ptolemy.util.test.WatchDog.cancel(): canceling Wed Jun 13 16:58:34 UTC 2018
------------------ testing $PTII/ptolemy/domains/de/test/auto/TimingParadox.xml
auto.tcl: Setting watchdog for 200 seconds at Wed Jun 13 16:58:34 UTC 2018
310 ms. Memory: 287744K Free: 209187K (73%)
ptolemy.util.test.WatchDog.cancel(): canceling Wed Jun 13 16:58:34 UTC 2018
auto.tcl: Setting watchdog for 200 seconds at Wed Jun 13 16:58:34 UTC 2018
293 ms. Memory: 287744K Free: 172826K (60%)
ptolemy.util.test.WatchDog.cancel(): canceling Wed Jun 13 16:58:34 UTC 2018
------------------ testing $PTII/ptolemy/domains/de/test/auto/TransferInputs.xml
auto.tcl: Setting watchdog for 200 seconds at Wed Jun 13 16:58:35 UTC 2018
1 ms. Memory: 287744K Free: 274425K (95%)
ptolemy.util.test.WatchDog.cancel(): canceling Wed Jun 13 16:58:35 UTC 2018
auto.tcl: Setting watchdog for 200 seconds at Wed Jun 13 16:58:35 UTC 2018
1 ms. Memory: 287744K Free: 274425K (95%)
ptolemy.util.test.WatchDog.cancel(): canceling Wed Jun 13 16:58:35 UTC 2018
------------------ testing $PTII/ptolemy/domains/de/test/auto/TransferOutputs2.xml
auto.tcl: Setting watchdog for 200 seconds at Wed Jun 13 16:58:35 UTC 2018
3 ms. Memory: 287232K Free: 272407K (95%)
ptolemy.util.test.WatchDog.cancel(): canceling Wed Jun 13 16:58:35 UTC 2018
auto.tcl: Setting watchdog for 200 seconds at Wed Jun 13 16:58:35 UTC 2018
3 ms. Memory: 287232K Free: 269783K (94%)
ptolemy.util.test.WatchDog.cancel(): canceling Wed Jun 13 16:58:35 UTC 2018
------------------ testing $PTII/ptolemy/domains/de/test/auto/Trilateration.xml
auto.tcl: Setting watchdog for 200 seconds at Wed Jun 13 16:58:35 UTC 2018
12788 ms. Memory: 473088K Free: 244801K (52%)
ptolemy.util.test.WatchDog.cancel(): canceling Wed Jun 13 16:58:48 UTC 2018
auto.tcl: Setting watchdog for 200 seconds at Wed Jun 13 16:58:48 UTC 2018
10680 ms. Memory: 352256K Free: 186990K (53%)
ptolemy.util.test.WatchDog.cancel(): canceling Wed Jun 13 16:58:59 UTC 2018
------------------ testing $PTII/ptolemy/domains/de/test/auto/TwoSigmaDelta.xml
auto.tcl: Setting watchdog for 200 seconds at Wed Jun 13 16:58:59 UTC 2018
2587 ms. Memory: 339968K Free: 317487K (93%)
ptolemy.util.test.WatchDog.cancel(): canceling Wed Jun 13 16:59:02 UTC 2018
auto.tcl: Setting watchdog for 200 seconds at Wed Jun 13 16:59:02 UTC 2018
1944 ms. Memory: 339968K Free: 87405K (26%)
ptolemy.util.test.WatchDog.cancel(): canceling Wed Jun 13 16:59:04 UTC 2018
------------------ testing $PTII/ptolemy/domains/de/test/auto/VariableDelay.xml
auto.tcl: Setting watchdog for 200 seconds at Wed Jun 13 16:59:04 UTC 2018
4 ms. Memory: 337408K Free: 313415K (93%)
ptolemy.util.test.WatchDog.cancel(): canceling Wed Jun 13 16:59:04 UTC 2018
auto.tcl: Setting watchdog for 200 seconds at Wed Jun 13 16:59:04 UTC 2018
2 ms. Memory: 337408K Free: 309484K (92%)
ptolemy.util.test.WatchDog.cancel(): canceling Wed Jun 13 16:59:04 UTC 2018
------------------ testing $PTII/ptolemy/domains/de/test/auto/VariableDelay2.xml
auto.tcl: Setting watchdog for 200 seconds at Wed Jun 13 16:59:04 UTC 2018
2 ms. Memory: 339456K Free: 315864K (93%)
ptolemy.util.test.WatchDog.cancel(): canceling Wed Jun 13 16:59:04 UTC 2018
auto.tcl: Setting watchdog for 200 seconds at Wed Jun 13 16:59:04 UTC 2018
1 ms. Memory: 339456K Free: 311925K (92%)
ptolemy.util.test.WatchDog.cancel(): canceling Wed Jun 13 16:59:04 UTC 2018
------------------ testing $PTII/ptolemy/domains/de/test/auto/VariableDelayZeroDelay.xml
auto.tcl: Setting watchdog for 200 seconds at Wed Jun 13 16:59:04 UTC 2018
6 ms. Memory: 337408K Free: 311255K (92%)
ptolemy.util.test.WatchDog.cancel(): canceling Wed Jun 13 16:59:04 UTC 2018
auto.tcl: Setting watchdog for 200 seconds at Wed Jun 13 16:59:04 UTC 2018
2 ms. Memory: 337408K Free: 311255K (92%)
ptolemy.util.test.WatchDog.cancel(): canceling Wed Jun 13 16:59:04 UTC 2018
------------------ testing $PTII/ptolemy/domains/de/test/auto/VariableDelayZeroDelay2.xml
auto.tcl: Setting watchdog for 200 seconds at Wed Jun 13 16:59:04 UTC 2018
2 ms. Memory: 339456K Free: 313301K (92%)
ptolemy.util.test.WatchDog.cancel(): canceling Wed Jun 13 16:59:04 UTC 2018
auto.tcl: Setting watchdog for 200 seconds at Wed Jun 13 16:59:04 UTC 2018
1 ms. Memory: 339456K Free: 309370K (91%)
ptolemy.util.test.WatchDog.cancel(): canceling Wed Jun 13 16:59:04 UTC 2018
------------------ testing $PTII/ptolemy/domains/de/test/auto/deInCt.xml
auto.tcl: Setting watchdog for 200 seconds at Wed Jun 13 16:59:04 UTC 2018
0
1
1
1
0
0
0
0
1
1
1
0
0
0
1
1
1
1
1
0
0
1
1
1
0
0
0
0
0
1
1
1
1
12 ms. Memory: 337408K Free: 307315K (91%)
ptolemy.util.test.WatchDog.cancel(): canceling Wed Jun 13 16:59:04 UTC 2018
auto.tcl: Setting watchdog for 200 seconds at Wed Jun 13 16:59:04 UTC 2018
0
1
1
1
1
1
0
0
0
0
0
1
1
1
0
0
0
0
1
1
1
0
0
0
0
1
1
1
0
0
0
1
1
1
1
9 ms. Memory: 337408K Free: 307315K (91%)
ptolemy.util.test.WatchDog.cancel(): canceling Wed Jun 13 16:59:04 UTC 2018
------------------ testing $PTII/ptolemy/domains/de/test/auto/deInCt2.xml
auto.tcl: Setting watchdog for 200 seconds at Wed Jun 13 16:59:05 UTC 2018
0
1
1
1
0
0
1
1
1
0
0
1
1
1
0
0
1
1
1
0
0
1
1
1
0
0
1
1
1
0
0
1
1
1
0
0
1
1
1
0
0
0
17 ms. Memory: 338944K Free: 308835K (91%)
ptolemy.util.test.WatchDog.cancel(): canceling Wed Jun 13 16:59:05 UTC 2018
auto.tcl: Setting watchdog for 200 seconds at Wed Jun 13 16:59:05 UTC 2018
0
1
1
1
0
0
1
1
1
0
0
1
1
1
0
0
1
1
1
0
0
1
1
1
0
0
1
1
1
0
0
1
1
1
0
0
1
1
1
0
0
0
9 ms. Memory: 338944K Free: 308835K (91%)
ptolemy.util.test.WatchDog.cancel(): canceling Wed Jun 13 16:59:05 UTC 2018
------------------ testing $PTII/ptolemy/domains/de/test/auto/dynamicCausalityInterface1.xml
auto.tcl: Setting watchdog for 200 seconds at Wed Jun 13 16:59:05 UTC 2018
1 ms. Memory: 337408K Free: 305928K (91%)
ptolemy.util.test.WatchDog.cancel(): canceling Wed Jun 13 16:59:05 UTC 2018
auto.tcl: Setting watchdog for 200 seconds at Wed Jun 13 16:59:05 UTC 2018
0 ms. Memory: 337408K Free: 305928K (91%)
ptolemy.util.test.WatchDog.cancel(): canceling Wed Jun 13 16:59:05 UTC 2018
------------------ testing $PTII/ptolemy/domains/de/test/auto/fsm_de_test.xml
auto.tcl: Setting watchdog for 200 seconds at Wed Jun 13 16:59:05 UTC 2018
6 ms. Memory: 338944K Free: 304798K (90%)
ptolemy.util.test.WatchDog.cancel(): canceling Wed Jun 13 16:59:05 UTC 2018
auto.tcl: Setting watchdog for 200 seconds at Wed Jun 13 16:59:05 UTC 2018
5 ms. Memory: 338944K Free: 304798K (90%)
ptolemy.util.test.WatchDog.cancel(): canceling Wed Jun 13 16:59:05 UTC 2018
------------------ testing $PTII/ptolemy/domains/de/test/auto/functionDependencyReconstruction.xml
auto.tcl: Setting watchdog for 200 seconds at Wed Jun 13 16:59:05 UTC 2018
2 ms. Memory: 337408K Free: 299330K (89%)
ptolemy.util.test.WatchDog.cancel(): canceling Wed Jun 13 16:59:05 UTC 2018
auto.tcl: Setting watchdog for 200 seconds at Wed Jun 13 16:59:05 UTC 2018
3 ms. Memory: 337408K Free: 295383K (88%)
ptolemy.util.test.WatchDog.cancel(): canceling Wed Jun 13 16:59:05 UTC 2018
------------------ testing $PTII/ptolemy/domains/de/test/auto/multirate.xml
auto.tcl: Setting watchdog for 200 seconds at Wed Jun 13 16:59:05 UTC 2018
2 ms. Memory: 338432K Free: 308101K (91%)
ptolemy.util.test.WatchDog.cancel(): canceling Wed Jun 13 16:59:05 UTC 2018
auto.tcl: Setting watchdog for 200 seconds at Wed Jun 13 16:59:05 UTC 2018
2 ms. Memory: 338432K Free: 308101K (91%)
ptolemy.util.test.WatchDog.cancel(): canceling Wed Jun 13 16:59:05 UTC 2018
------------------ testing $PTII/ptolemy/domains/de/test/auto/multirate2.xml
auto.tcl: Setting watchdog for 200 seconds at Wed Jun 13 16:59:05 UTC 2018
2 ms. Memory: 337408K Free: 307250K (91%)
ptolemy.util.test.WatchDog.cancel(): canceling Wed Jun 13 16:59:05 UTC 2018
auto.tcl: Setting watchdog for 200 seconds at Wed Jun 13 16:59:05 UTC 2018
3 ms. Memory: 337408K Free: 307250K (91%)
ptolemy.util.test.WatchDog.cancel(): canceling Wed Jun 13 16:59:05 UTC 2018
------------------ testing $PTII/ptolemy/domains/de/test/auto/realtime.xml
auto.tcl: Setting watchdog for 200 seconds at Wed Jun 13 16:59:05 UTC 2018
10001 ms. Memory: 338432K Free: 308268K (91%)
ptolemy.util.test.WatchDog.cancel(): canceling Wed Jun 13 16:59:15 UTC 2018
auto.tcl: Setting watchdog for 200 seconds at Wed Jun 13 16:59:15 UTC 2018
10002 ms. Memory: 338432K Free: 308268K (91%)
ptolemy.util.test.WatchDog.cancel(): canceling Wed Jun 13 16:59:25 UTC 2018
------------------ testing $PTII/ptolemy/domains/de/test/auto/relationGroup.xml
auto.tcl: Setting watchdog for 200 seconds at Wed Jun 13 16:59:25 UTC 2018
1 ms. Memory: 337408K Free: 311221K (92%)
ptolemy.util.test.WatchDog.cancel(): canceling Wed Jun 13 16:59:25 UTC 2018
auto.tcl: Setting watchdog for 200 seconds at Wed Jun 13 16:59:25 UTC 2018
1 ms. Memory: 337408K Free: 311221K (92%)
ptolemy.util.test.WatchDog.cancel(): canceling Wed Jun 13 16:59:25 UTC 2018
------------------ testing $PTII/ptolemy/domains/de/test/auto/relationGroup2.xml
auto.tcl: Setting watchdog for 200 seconds at Wed Jun 13 16:59:25 UTC 2018
1 ms. Memory: 338432K Free: 312272K (92%)
ptolemy.util.test.WatchDog.cancel(): canceling Wed Jun 13 16:59:25 UTC 2018
auto.tcl: Setting watchdog for 200 seconds at Wed Jun 13 16:59:25 UTC 2018
1 ms. Memory: 338432K Free: 312272K (92%)
ptolemy.util.test.WatchDog.cancel(): canceling Wed Jun 13 16:59:25 UTC 2018
------------------ testing $PTII/ptolemy/domains/de/test/auto/sortWithOpaquePorts.xml
auto.tcl: Setting watchdog for 200 seconds at Wed Jun 13 16:59:26 UTC 2018
2 ms. Memory: 337408K Free: 311248K (92%)
ptolemy.util.test.WatchDog.cancel(): canceling Wed Jun 13 16:59:26 UTC 2018
auto.tcl: Setting watchdog for 200 seconds at Wed Jun 13 16:59:26 UTC 2018
2 ms. Memory: 337408K Free: 307301K (91%)
ptolemy.util.test.WatchDog.cancel(): canceling Wed Jun 13 16:59:26 UTC 2018
------------------ testing $PTII/ptolemy/domains/de/test/auto/transferInputsandOutputs.xml
auto.tcl: Setting watchdog for 200 seconds at Wed Jun 13 16:59:26 UTC 2018
2 ms. Memory: 337920K Free: 307800K (91%)
ptolemy.util.test.WatchDog.cancel(): canceling Wed Jun 13 16:59:26 UTC 2018
auto.tcl: Setting watchdog for 200 seconds at Wed Jun 13 16:59:26 UTC 2018
1 ms. Memory: 337920K Free: 307800K (91%)
ptolemy.util.test.WatchDog.cancel(): canceling Wed Jun 13 16:59:26 UTC 2018
------------------ testing $PTII/ptolemy/domains/de/test/auto/triggerType.xml
auto.tcl: Setting watchdog for 200 seconds at Wed Jun 13 16:59:26 UTC 2018
3 ms. Memory: 337408K Free: 311185K (92%)
ptolemy.util.test.WatchDog.cancel(): canceling Wed Jun 13 16:59:26 UTC 2018
auto.tcl: Setting watchdog for 200 seconds at Wed Jun 13 16:59:26 UTC 2018
1 ms. Memory: 337408K Free: 307254K (91%)
ptolemy.util.test.WatchDog.cancel(): canceling Wed Jun 13 16:59:26 UTC 2018
06/13/18 04:59:26
Failed: 0  Total Tests: 192  ((Passed: 187, Newly Passed: 1)  Known Failed: 5) /home/travis/build/icyphy/ptII/ptolemy/domains/de/test
06/13/18 04:59:26
Failed: 0  Total Tests: 192  ((Passed: 187, Newly Passed: 1)  Known Failed: 5) /home/travis/build/icyphy/ptII/ptolemy/domains/de/test
----------------- testing (KnownFailure) /home/travis/build/icyphy/ptII/ptolemy/domains/de/test/auto/knownFailedTests/DESDFClockTest.xml
2007 ms. Memory: 337920K Free: 301491K (89%)
Known Failure: java.lang.reflect.InvocationTargetException
----------------- testing (KnownFailure) /home/travis/build/icyphy/ptII/ptolemy/domains/de/test/auto/knownFailedTests/DirectFeedback.xml
1 ms. Memory: 337920K Free: 281011K (83%)
Known Failure: java.lang.reflect.InvocationTargetException
----------------- testing (KnownFailure) /home/travis/build/icyphy/ptII/ptolemy/domains/de/test/auto/knownFailedTests/FSMSource.xml
4 ms. Memory: 337920K Free: 255395K (76%)
----------------- testing (KnownFailure) /home/travis/build/icyphy/ptII/ptolemy/domains/de/test/auto/knownFailedTests/HierarchicalModel.xml
2 ms. Memory: 337920K Free: 229771K (68%)
Known Failure: java.lang.reflect.InvocationTargetException
----------------- testing (KnownFailure) /home/travis/build/icyphy/ptII/ptolemy/domains/de/test/auto/knownFailedTests/dependencyLoop.xml
2 ms. Memory: 337920K Free: 199050K (59%)
Known Failure: java.lang.reflect.InvocationTargetException
----------------- testing (KnownFailure) /home/travis/build/icyphy/ptII/ptolemy/domains/de/test/auto/knownFailedTests/dependencyLoop2.xml
2 ms. Memory: 337920K Free: 168330K (50%)
Known Failure: java.lang.reflect.InvocationTargetException
No auto/linux-amd64/*.xml tests in /home/travis/build/icyphy/ptII/ptolemy/domains/de/test
AutoTests.java: About to close Vertx.
AutoTests.java: Vertx closed.

===========================================================================================
----------------- testing Wed Jun 13 16:59:28 UTC 2018 /home/travis/build/icyphy/ptII/ptolemy/domains/de/test/auto/ActorDepthCalculation_actorWithoutPorts.xml
----------------- Instantiating /home/travis/build/icyphy/ptII/ptolemy/domains/de/test/auto/ActorDepthCalculation_actorWithoutPorts.xml
1 ms. Memory: 337920K Free: 142729K (42%)
----------------- Invoking toplevel() on ptolemy.moml.MoMLSimpleApplication@75ba1c5d
----------------- Done invoking toplevel() on ptolemy.moml.MoMLSimpleApplication@75ba1c5d
reloadAllAccessors: .ActorDepthCalculation_actorWithoutPorts

===========================================================================================
----------------- testing Wed Jun 13 16:59:28 UTC 2018 /home/travis/build/icyphy/ptII/ptolemy/domains/de/test/auto/AssemblyLine.xml
----------------- Instantiating /home/travis/build/icyphy/ptII/ptolemy/domains/de/test/auto/AssemblyLine.xml
3 ms. Memory: 337920K Free: 127353K (38%)
----------------- Invoking toplevel() on ptolemy.moml.MoMLSimpleApplication@b53e34
----------------- Done invoking toplevel() on ptolemy.moml.MoMLSimpleApplication@b53e34
reloadAllAccessors: .AssemblyLine

===========================================================================================
----------------- testing Wed Jun 13 16:59:28 UTC 2018 /home/travis/build/icyphy/ptII/ptolemy/domains/de/test/auto/CQBug1.xml
----------------- Instantiating /home/travis/build/icyphy/ptII/ptolemy/domains/de/test/auto/CQBug1.xml
0 ms. Memory: 337920K Free: 117113K (35%)
----------------- Invoking toplevel() on ptolemy.moml.MoMLSimpleApplication@15155c51
----------------- Done invoking toplevel() on ptolemy.moml.MoMLSimpleApplication@15155c51
reloadAllAccessors: .CQBug1

===========================================================================================
----------------- testing Wed Jun 13 16:59:28 UTC 2018 /home/travis/build/icyphy/ptII/ptolemy/domains/de/test/auto/CancelFireAt.xml
----------------- Instantiating /home/travis/build/icyphy/ptII/ptolemy/domains/de/test/auto/CancelFireAt.xml
0 ms. Memory: 337920K Free: 106873K (32%)
----------------- Invoking toplevel() on ptolemy.moml.MoMLSimpleApplication@76118caf
----------------- Done invoking toplevel() on ptolemy.moml.MoMLSimpleApplication@76118caf
reloadAllAccessors: .CancelFireAt

===========================================================================================
----------------- testing Wed Jun 13 16:59:28 UTC 2018 /home/travis/build/icyphy/ptII/ptolemy/domains/de/test/auto/CausalityAndComposabilityAnalysis.xml
----------------- Instantiating /home/travis/build/icyphy/ptII/ptolemy/domains/de/test/auto/CausalityAndComposabilityAnalysis.xml
1 ms. Memory: 337920K Free: 96633K (29%)
----------------- Invoking toplevel() on ptolemy.moml.MoMLSimpleApplication@2b659a99
----------------- Done invoking toplevel() on ptolemy.moml.MoMLSimpleApplication@2b659a99
reloadAllAccessors: .CausalityAndComposabilityAnalysis

===========================================================================================
----------------- testing Wed Jun 13 16:59:28 UTC 2018 /home/travis/build/icyphy/ptII/ptolemy/domains/de/test/auto/CausalityInterface1.xml
----------------- Instantiating /home/travis/build/icyphy/ptII/ptolemy/domains/de/test/auto/CausalityInterface1.xml
2 ms. Memory: 337920K Free: 86393K (26%)
----------------- Invoking toplevel() on ptolemy.moml.MoMLSimpleApplication@43c0ab77
----------------- Done invoking toplevel() on ptolemy.moml.MoMLSimpleApplication@43c0ab77
reloadAllAccessors: .CausalityInterface1

===========================================================================================
----------------- testing Wed Jun 13 16:59:28 UTC 2018 /home/travis/build/icyphy/ptII/ptolemy/domains/de/test/auto/CausalityInterface15.xml
----------------- Instantiating /home/travis/build/icyphy/ptII/ptolemy/domains/de/test/auto/CausalityInterface15.xml
1 ms. Memory: 337920K Free: 72222K (21%)
----------------- Invoking toplevel() on ptolemy.moml.MoMLSimpleApplication@549f3d92
----------------- Done invoking toplevel() on ptolemy.moml.MoMLSimpleApplication@549f3d92
reloadAllAccessors: .CausalityInterface15

===========================================================================================
----------------- testing Wed Jun 13 16:59:28 UTC 2018 /home/travis/build/icyphy/ptII/ptolemy/domains/de/test/auto/CausalityInterface2.xml
----------------- Instantiating /home/travis/build/icyphy/ptII/ptolemy/domains/de/test/auto/CausalityInterface2.xml
1 ms. Memory: 337920K Free: 64803K (19%)
----------------- Invoking toplevel() on ptolemy.moml.MoMLSimpleApplication@384b4727
----------------- Done invoking toplevel() on ptolemy.moml.MoMLSimpleApplication@384b4727
reloadAllAccessors: .CausalityInterface2

===========================================================================================
----------------- testing Wed Jun 13 16:59:28 UTC 2018 /home/travis/build/icyphy/ptII/ptolemy/domains/de/test/auto/CausalityInterface3.xml
----------------- Instantiating /home/travis/build/icyphy/ptII/ptolemy/domains/de/test/auto/CausalityInterface3.xml
1 ms. Memory: 326144K Free: 298970K (92%)
----------------- Invoking toplevel() on ptolemy.moml.MoMLSimpleApplication@2eb82b66
----------------- Done invoking toplevel() on ptolemy.moml.MoMLSimpleApplication@2eb82b66
reloadAllAccessors: .CausalityInterface3

===========================================================================================
----------------- testing Wed Jun 13 16:59:28 UTC 2018 /home/travis/build/icyphy/ptII/ptolemy/domains/de/test/auto/ClockDrift.xml
----------------- Instantiating /home/travis/build/icyphy/ptII/ptolemy/domains/de/test/auto/ClockDrift.xml
8 ms. Memory: 326144K Free: 276921K (85%)
----------------- Invoking toplevel() on ptolemy.moml.MoMLSimpleApplication@12883769
----------------- Done invoking toplevel() on ptolemy.moml.MoMLSimpleApplication@12883769
reloadAllAccessors: .ClockDrift

===========================================================================================
----------------- testing Wed Jun 13 16:59:28 UTC 2018 /home/travis/build/icyphy/ptII/ptolemy/domains/de/test/auto/ClockDriftAndValueChange.xml
----------------- Instantiating /home/travis/build/icyphy/ptII/ptolemy/domains/de/test/auto/ClockDriftAndValueChange.xml
8 ms. Memory: 326144K Free: 257310K (79%)
----------------- Invoking toplevel() on ptolemy.moml.MoMLSimpleApplication@27d16e6a
----------------- Done invoking toplevel() on ptolemy.moml.MoMLSimpleApplication@27d16e6a
reloadAllAccessors: .ClockDriftAndValueChange

===========================================================================================
----------------- testing Wed Jun 13 16:59:28 UTC 2018 /home/travis/build/icyphy/ptII/ptolemy/domains/de/test/auto/ClockDriftChange.xml
----------------- Instantiating /home/travis/build/icyphy/ptII/ptolemy/domains/de/test/auto/ClockDriftChange.xml
7 ms. Memory: 326144K Free: 242610K (74%)
----------------- Invoking toplevel() on ptolemy.moml.MoMLSimpleApplication@601d9b56
----------------- Done invoking toplevel() on ptolemy.moml.MoMLSimpleApplication@601d9b56
reloadAllAccessors: .ClockDriftChange

===========================================================================================
----------------- testing Wed Jun 13 16:59:28 UTC 2018 /home/travis/build/icyphy/ptII/ptolemy/domains/de/test/auto/ComposableCausalityAnalysis.xml
----------------- Instantiating /home/travis/build/icyphy/ptII/ptolemy/domains/de/test/auto/ComposableCausalityAnalysis.xml
1 ms. Memory: 326144K Free: 227910K (70%)
----------------- Invoking toplevel() on ptolemy.moml.MoMLSimpleApplication@465a5503
----------------- Done invoking toplevel() on ptolemy.moml.MoMLSimpleApplication@465a5503
reloadAllAccessors: .ComposableCausalityAnalysis

===========================================================================================
----------------- testing Wed Jun 13 16:59:28 UTC 2018 /home/travis/build/icyphy/ptII/ptolemy/domains/de/test/auto/DEFixedPointLimitation.xml
----------------- Instantiating /home/travis/build/icyphy/ptII/ptolemy/domains/de/test/auto/DEFixedPointLimitation.xml
0 ms. Memory: 326144K Free: 218120K (67%)
----------------- Invoking toplevel() on ptolemy.moml.MoMLSimpleApplication@3f9ce40d
----------------- Done invoking toplevel() on ptolemy.moml.MoMLSimpleApplication@3f9ce40d
reloadAllAccessors: .DEFixedPointLimitation

===========================================================================================
----------------- testing Wed Jun 13 16:59:28 UTC 2018 /home/travis/build/icyphy/ptII/ptolemy/domains/de/test/auto/DEScheduleTest.xml
----------------- Instantiating /home/travis/build/icyphy/ptII/ptolemy/domains/de/test/auto/DEScheduleTest.xml
1 ms. Memory: 326144K Free: 205862K (63%)
----------------- Invoking toplevel() on ptolemy.moml.MoMLSimpleApplication@72edb303
----------------- Done invoking toplevel() on ptolemy.moml.MoMLSimpleApplication@72edb303
reloadAllAccessors: .DEScheduleTest

===========================================================================================
----------------- testing Wed Jun 13 16:59:28 UTC 2018 /home/travis/build/icyphy/ptII/ptolemy/domains/de/test/auto/DEinDEwithStartTimes.xml
----------------- Instantiating /home/travis/build/icyphy/ptII/ptolemy/domains/de/test/auto/DEinDEwithStartTimes.xml
2 ms. Memory: 326144K Free: 196072K (60%)
----------------- Invoking toplevel() on ptolemy.moml.MoMLSimpleApplication@59aef779
----------------- Done invoking toplevel() on ptolemy.moml.MoMLSimpleApplication@59aef779
reloadAllAccessors: .DEinDEwithStartTimes

===========================================================================================
----------------- testing Wed Jun 13 16:59:28 UTC 2018 /home/travis/build/icyphy/ptII/ptolemy/domains/de/test/auto/DEinDEwithStartTimes2.xml
----------------- Instantiating /home/travis/build/icyphy/ptII/ptolemy/domains/de/test/auto/DEinDEwithStartTimes2.xml
1 ms. Memory: 326144K Free: 181380K (56%)
----------------- Invoking toplevel() on ptolemy.moml.MoMLSimpleApplication@37282d1a
----------------- Done invoking toplevel() on ptolemy.moml.MoMLSimpleApplication@37282d1a
reloadAllAccessors: .DEinDEwithStartTimes2

===========================================================================================
----------------- testing Wed Jun 13 16:59:28 UTC 2018 /home/travis/build/icyphy/ptII/ptolemy/domains/de/test/auto/DateDemo.xml
----------------- Instantiating /home/travis/build/icyphy/ptII/ptolemy/domains/de/test/auto/DateDemo.xml
4 ms. Memory: 326144K Free: 161777K (50%)
----------------- Invoking toplevel() on ptolemy.moml.MoMLSimpleApplication@6d9a6aa3
----------------- Done invoking toplevel() on ptolemy.moml.MoMLSimpleApplication@6d9a6aa3
reloadAllAccessors: .DateDemo

===========================================================================================
----------------- testing Wed Jun 13 16:59:28 UTC 2018 /home/travis/build/icyphy/ptII/ptolemy/domains/de/test/auto/DateToEvent.xml
----------------- Instantiating /home/travis/build/icyphy/ptII/ptolemy/domains/de/test/auto/DateToEvent.xml
2003 ms. Memory: 326144K Free: 137287K (42%)
----------------- Invoking toplevel() on ptolemy.moml.MoMLSimpleApplication@6cf59fa4
----------------- Done invoking toplevel() on ptolemy.moml.MoMLSimpleApplication@6cf59fa4
reloadAllAccessors: .DateToEvent

===========================================================================================
----------------- testing Wed Jun 13 16:59:30 UTC 2018 /home/travis/build/icyphy/ptII/ptolemy/domains/de/test/auto/DepthTest1.xml
----------------- Instantiating /home/travis/build/icyphy/ptII/ptolemy/domains/de/test/auto/DepthTest1.xml
1 ms. Memory: 326144K Free: 125029K (38%)
----------------- Invoking toplevel() on ptolemy.moml.MoMLSimpleApplication@65783e70
----------------- Done invoking toplevel() on ptolemy.moml.MoMLSimpleApplication@65783e70
reloadAllAccessors: .DepthTest1

===========================================================================================
----------------- testing Wed Jun 13 16:59:30 UTC 2018 /home/travis/build/icyphy/ptII/ptolemy/domains/de/test/auto/DepthTest2.xml
----------------- Instantiating /home/travis/build/icyphy/ptII/ptolemy/domains/de/test/auto/DepthTest2.xml
1 ms. Memory: 326144K Free: 110328K (34%)
----------------- Invoking toplevel() on ptolemy.moml.MoMLSimpleApplication@54d9156d
----------------- Done invoking toplevel() on ptolemy.moml.MoMLSimpleApplication@54d9156d
reloadAllAccessors: .DepthTest2

===========================================================================================
----------------- testing Wed Jun 13 16:59:30 UTC 2018 /home/travis/build/icyphy/ptII/ptolemy/domains/de/test/auto/DepthTest3.xml
----------------- Instantiating /home/travis/build/icyphy/ptII/ptolemy/domains/de/test/auto/DepthTest3.xml
0 ms. Memory: 326144K Free: 100539K (31%)
----------------- Invoking toplevel() on ptolemy.moml.MoMLSimpleApplication@45abeaed
----------------- Done invoking toplevel() on ptolemy.moml.MoMLSimpleApplication@45abeaed
reloadAllAccessors: .DepthTest3

===========================================================================================
----------------- testing Wed Jun 13 16:59:30 UTC 2018 /home/travis/build/icyphy/ptII/ptolemy/domains/de/test/auto/DepthTest4.xml
----------------- Instantiating /home/travis/build/icyphy/ptII/ptolemy/domains/de/test/auto/DepthTest4.xml
1 ms. Memory: 326144K Free: 90749K (28%)
----------------- Invoking toplevel() on ptolemy.moml.MoMLSimpleApplication@4edd04f2
----------------- Done invoking toplevel() on ptolemy.moml.MoMLSimpleApplication@4edd04f2
reloadAllAccessors: .DepthTest4

===========================================================================================
----------------- testing Wed Jun 13 16:59:30 UTC 2018 /home/travis/build/icyphy/ptII/ptolemy/domains/de/test/auto/DepthTest5.xml
----------------- Instantiating /home/travis/build/icyphy/ptII/ptolemy/domains/de/test/auto/DepthTest5.xml
1 ms. Memory: 326144K Free: 76049K (23%)
----------------- Invoking toplevel() on ptolemy.moml.MoMLSimpleApplication@b3667a8
----------------- Done invoking toplevel() on ptolemy.moml.MoMLSimpleApplication@b3667a8
reloadAllAccessors: .DepthTest5

===========================================================================================
----------------- testing Wed Jun 13 16:59:30 UTC 2018 /home/travis/build/icyphy/ptII/ptolemy/domains/de/test/auto/DepthTest6.xml
----------------- Instantiating /home/travis/build/icyphy/ptII/ptolemy/domains/de/test/auto/DepthTest6.xml
1 ms. Memory: 326144K Free: 64026K (20%)
----------------- Invoking toplevel() on ptolemy.moml.MoMLSimpleApplication@3b01be1c
----------------- Done invoking toplevel() on ptolemy.moml.MoMLSimpleApplication@3b01be1c
reloadAllAccessors: .DepthTest6

===========================================================================================
----------------- testing Wed Jun 13 16:59:30 UTC 2018 /home/travis/build/icyphy/ptII/ptolemy/domains/de/test/auto/DepthTest7.xml
----------------- Instantiating /home/travis/build/icyphy/ptII/ptolemy/domains/de/test/auto/DepthTest7.xml
1 ms. Memory: 315904K Free: 289820K (92%)
----------------- Invoking toplevel() on ptolemy.moml.MoMLSimpleApplication@12e49cdb
----------------- Done invoking toplevel() on ptolemy.moml.MoMLSimpleApplication@12e49cdb
reloadAllAccessors: .DepthTest7

===========================================================================================
----------------- testing Wed Jun 13 16:59:30 UTC 2018 /home/travis/build/icyphy/ptII/ptolemy/domains/de/test/auto/EventToDate.xml
----------------- Instantiating /home/travis/build/icyphy/ptII/ptolemy/domains/de/test/auto/EventToDate.xml
3003 ms. Memory: 315904K Free: 271037K (86%)
----------------- Invoking toplevel() on ptolemy.moml.MoMLSimpleApplication@5595cef1
----------------- Done invoking toplevel() on ptolemy.moml.MoMLSimpleApplication@5595cef1
reloadAllAccessors: .EventToDate

===========================================================================================
----------------- testing Wed Jun 13 16:59:33 UTC 2018 /home/travis/build/icyphy/ptII/ptolemy/domains/de/test/auto/FSM1.xml
----------------- Instantiating /home/travis/build/icyphy/ptII/ptolemy/domains/de/test/auto/FSM1.xml
5 ms. Memory: 315904K Free: 254623K (81%)
----------------- Invoking toplevel() on ptolemy.moml.MoMLSimpleApplication@6fc74b71
----------------- Done invoking toplevel() on ptolemy.moml.MoMLSimpleApplication@6fc74b71
reloadAllAccessors: .FSM1

===========================================================================================
----------------- testing Wed Jun 13 16:59:33 UTC 2018 /home/travis/build/icyphy/ptII/ptolemy/domains/de/test/auto/FSM7.xml
----------------- Instantiating /home/travis/build/icyphy/ptII/ptolemy/domains/de/test/auto/FSM7.xml
12 ms. Memory: 315904K Free: 236588K (75%)
----------------- Invoking toplevel() on ptolemy.moml.MoMLSimpleApplication@7d0d1b50
----------------- Done invoking toplevel() on ptolemy.moml.MoMLSimpleApplication@7d0d1b50
reloadAllAccessors: .FSM7

===========================================================================================
----------------- testing Wed Jun 13 16:59:33 UTC 2018 /home/travis/build/icyphy/ptII/ptolemy/domains/de/test/auto/Inspection.xml
----------------- Instantiating /home/travis/build/icyphy/ptII/ptolemy/domains/de/test/auto/Inspection.xml
11 ms. Memory: 315904K Free: 222540K (70%)
----------------- Invoking toplevel() on ptolemy.moml.MoMLSimpleApplication@506c0d2c
----------------- Done invoking toplevel() on ptolemy.moml.MoMLSimpleApplication@506c0d2c
reloadAllAccessors: .Inspection

===========================================================================================
----------------- testing Wed Jun 13 16:59:33 UTC 2018 /home/travis/build/icyphy/ptII/ptolemy/domains/de/test/auto/Iteration.xml
----------------- Instantiating /home/travis/build/icyphy/ptII/ptolemy/domains/de/test/auto/Iteration.xml
7 ms. Memory: 315904K Free: 213165K (67%)
----------------- Invoking toplevel() on ptolemy.moml.MoMLSimpleApplication@5f106fde
----------------- Done invoking toplevel() on ptolemy.moml.MoMLSimpleApplication@5f106fde
reloadAllAccessors: .Iteration

===========================================================================================
----------------- testing Wed Jun 13 16:59:33 UTC 2018 /home/travis/build/icyphy/ptII/ptolemy/domains/de/test/auto/LineFault.xml
----------------- Instantiating /home/travis/build/icyphy/ptII/ptolemy/domains/de/test/auto/LineFault.xml
311 ms. Memory: 315904K Free: 91999K (29%)
----------------- Invoking toplevel() on ptolemy.moml.MoMLSimpleApplication@1f9c216e
----------------- Done invoking toplevel() on ptolemy.moml.MoMLSimpleApplication@1f9c216e
reloadAllAccessors: .LineFault

===========================================================================================
----------------- testing Wed Jun 13 16:59:34 UTC 2018 /home/travis/build/icyphy/ptII/ptolemy/domains/de/test/auto/MergeModel1Add.xml
----------------- Instantiating /home/travis/build/icyphy/ptII/ptolemy/domains/de/test/auto/MergeModel1Add.xml
3 ms. Memory: 315904K Free: 70900K (22%)
----------------- Invoking toplevel() on ptolemy.moml.MoMLSimpleApplication@6ea78135
----------------- Done invoking toplevel() on ptolemy.moml.MoMLSimpleApplication@6ea78135
reloadAllAccessors: .MergeModel1Add

===========================================================================================
----------------- testing Wed Jun 13 16:59:34 UTC 2018 /home/travis/build/icyphy/ptII/ptolemy/domains/de/test/auto/MergeModel2Add.xml
----------------- Instantiating /home/travis/build/icyphy/ptII/ptolemy/domains/de/test/auto/MergeModel2Add.xml
4 ms. Memory: 305664K Free: 273537K (89%)
----------------- Invoking toplevel() on ptolemy.moml.MoMLSimpleApplication@79952e76
----------------- Done invoking toplevel() on ptolemy.moml.MoMLSimpleApplication@79952e76
reloadAllAccessors: .MergeModel2Add

===========================================================================================
----------------- testing Wed Jun 13 16:59:34 UTC 2018 /home/travis/build/icyphy/ptII/ptolemy/domains/de/test/auto/MergeModel3Add.xml
----------------- Instantiating /home/travis/build/icyphy/ptII/ptolemy/domains/de/test/auto/MergeModel3Add.xml
5 ms. Memory: 305664K Free: 252322K (83%)
----------------- Invoking toplevel() on ptolemy.moml.MoMLSimpleApplication@6b424fe9
----------------- Done invoking toplevel() on ptolemy.moml.MoMLSimpleApplication@6b424fe9
reloadAllAccessors: .MergeModel3Add

===========================================================================================
----------------- testing Wed Jun 13 16:59:34 UTC 2018 /home/travis/build/icyphy/ptII/ptolemy/domains/de/test/auto/MergeWithoutDiscard.xml
----------------- Instantiating /home/travis/build/icyphy/ptII/ptolemy/domains/de/test/auto/MergeWithoutDiscard.xml
1 ms. Memory: 305664K Free: 245594K (80%)
----------------- Invoking toplevel() on ptolemy.moml.MoMLSimpleApplication@1acd8f74
----------------- Done invoking toplevel() on ptolemy.moml.MoMLSimpleApplication@1acd8f74
reloadAllAccessors: .MergeWithoutDiscard

===========================================================================================
----------------- testing Wed Jun 13 16:59:34 UTC 2018 /home/travis/build/icyphy/ptII/ptolemy/domains/de/test/auto/Modal1.xml
----------------- Instantiating /home/travis/build/icyphy/ptII/ptolemy/domains/de/test/auto/Modal1.xml
6 ms. Memory: 305664K Free: 228879K (75%)
----------------- Invoking toplevel() on ptolemy.moml.MoMLSimpleApplication@129b57dd
----------------- Done invoking toplevel() on ptolemy.moml.MoMLSimpleApplication@129b57dd
reloadAllAccessors: .Modal1

===========================================================================================
----------------- testing Wed Jun 13 16:59:34 UTC 2018 /home/travis/build/icyphy/ptII/ptolemy/domains/de/test/auto/Modal2.xml
----------------- Instantiating /home/travis/build/icyphy/ptII/ptolemy/domains/de/test/auto/Modal2.xml
6 ms. Memory: 305664K Free: 213184K (70%)
----------------- Invoking toplevel() on ptolemy.moml.MoMLSimpleApplication@d9a672a
----------------- Done invoking toplevel() on ptolemy.moml.MoMLSimpleApplication@d9a672a
reloadAllAccessors: .Modal2

===========================================================================================
----------------- testing Wed Jun 13 16:59:34 UTC 2018 /home/travis/build/icyphy/ptII/ptolemy/domains/de/test/auto/Modal3.xml
----------------- Instantiating /home/travis/build/icyphy/ptII/ptolemy/domains/de/test/auto/Modal3.xml
6 ms. Memory: 305664K Free: 196469K (64%)
----------------- Invoking toplevel() on ptolemy.moml.MoMLSimpleApplication@76a5ca5a
----------------- Done invoking toplevel() on ptolemy.moml.MoMLSimpleApplication@76a5ca5a
reloadAllAccessors: .Modal3

===========================================================================================
----------------- testing Wed Jun 13 16:59:34 UTC 2018 /home/travis/build/icyphy/ptII/ptolemy/domains/de/test/auto/Modal4.xml
----------------- Instantiating /home/travis/build/icyphy/ptII/ptolemy/domains/de/test/auto/Modal4.xml
6 ms. Memory: 305664K Free: 180767K (59%)
----------------- Invoking toplevel() on ptolemy.moml.MoMLSimpleApplication@38adfd6b
----------------- Done invoking toplevel() on ptolemy.moml.MoMLSimpleApplication@38adfd6b
reloadAllAccessors: .Modal4

===========================================================================================
----------------- testing Wed Jun 13 16:59:34 UTC 2018 /home/travis/build/icyphy/ptII/ptolemy/domains/de/test/auto/Modal5.xml
----------------- Instantiating /home/travis/build/icyphy/ptII/ptolemy/domains/de/test/auto/Modal5.xml
5 ms. Memory: 305664K Free: 164052K (54%)
----------------- Invoking toplevel() on ptolemy.moml.MoMLSimpleApplication@5c02bf0b
----------------- Done invoking toplevel() on ptolemy.moml.MoMLSimpleApplication@5c02bf0b
reloadAllAccessors: .Modal5

===========================================================================================
----------------- testing Wed Jun 13 16:59:34 UTC 2018 /home/travis/build/icyphy/ptII/ptolemy/domains/de/test/auto/Modal6.xml
----------------- Instantiating /home/travis/build/icyphy/ptII/ptolemy/domains/de/test/auto/Modal6.xml
5 ms. Memory: 305664K Free: 148341K (49%)
----------------- Invoking toplevel() on ptolemy.moml.MoMLSimpleApplication@42431c7a
----------------- Done invoking toplevel() on ptolemy.moml.MoMLSimpleApplication@42431c7a
reloadAllAccessors: .Modal6

===========================================================================================
----------------- testing Wed Jun 13 16:59:34 UTC 2018 /home/travis/build/icyphy/ptII/ptolemy/domains/de/test/auto/Modal7.xml
----------------- Instantiating /home/travis/build/icyphy/ptII/ptolemy/domains/de/test/auto/Modal7.xml
4 ms. Memory: 305664K Free: 131634K (43%)
----------------- Invoking toplevel() on ptolemy.moml.MoMLSimpleApplication@abaeabc
----------------- Done invoking toplevel() on ptolemy.moml.MoMLSimpleApplication@abaeabc
reloadAllAccessors: .Modal7

===========================================================================================
----------------- testing Wed Jun 13 16:59:34 UTC 2018 /home/travis/build/icyphy/ptII/ptolemy/domains/de/test/auto/ModalModel.xml
----------------- Instantiating /home/travis/build/icyphy/ptII/ptolemy/domains/de/test/auto/ModalModel.xml
88 ms. Memory: 295936K Free: 273972K (93%)
----------------- Invoking toplevel() on ptolemy.moml.MoMLSimpleApplication@5e10d51c
----------------- Done invoking toplevel() on ptolemy.moml.MoMLSimpleApplication@5e10d51c
reloadAllAccessors: .ModalModel

===========================================================================================
----------------- testing Wed Jun 13 16:59:34 UTC 2018 /home/travis/build/icyphy/ptII/ptolemy/domains/de/test/auto/ModalSource.xml
----------------- Instantiating /home/travis/build/icyphy/ptII/ptolemy/domains/de/test/auto/ModalSource.xml
3 ms. Memory: 295936K Free: 263485K (89%)
----------------- Invoking toplevel() on ptolemy.moml.MoMLSimpleApplication@38289112
----------------- Done invoking toplevel() on ptolemy.moml.MoMLSimpleApplication@38289112
reloadAllAccessors: .ModalSource

===========================================================================================
----------------- testing Wed Jun 13 16:59:34 UTC 2018 /home/travis/build/icyphy/ptII/ptolemy/domains/de/test/auto/NonInterruptibleTimerZeroDelay.xml
----------------- Instantiating /home/travis/build/icyphy/ptII/ptolemy/domains/de/test/auto/NonInterruptibleTimerZeroDelay.xml
2 ms. Memory: 295936K Free: 256379K (87%)
----------------- Invoking toplevel() on ptolemy.moml.MoMLSimpleApplication@68c990b7
----------------- Done invoking toplevel() on ptolemy.moml.MoMLSimpleApplication@68c990b7
reloadAllAccessors: .NonInterruptibleTimerZeroDelay

===========================================================================================
----------------- testing Wed Jun 13 16:59:34 UTC 2018 /home/travis/build/icyphy/ptII/ptolemy/domains/de/test/auto/OpenQueueingNetwork.xml
----------------- Instantiating /home/travis/build/icyphy/ptII/ptolemy/domains/de/test/auto/OpenQueueingNetwork.xml
1474 ms. Memory: 269312K Free: 223347K (83%)
----------------- Invoking toplevel() on ptolemy.moml.MoMLSimpleApplication@44887426
----------------- Done invoking toplevel() on ptolemy.moml.MoMLSimpleApplication@44887426
reloadAllAccessors: .OpenQueueingNetwork

===========================================================================================
----------------- testing Wed Jun 13 16:59:36 UTC 2018 /home/travis/build/icyphy/ptII/ptolemy/domains/de/test/auto/OpenQueuingNetwork.xml
----------------- Instantiating /home/travis/build/icyphy/ptII/ptolemy/domains/de/test/auto/OpenQueuingNetwork.xml
210 ms. Memory: 269312K Free: 132849K (49%)
----------------- Invoking toplevel() on ptolemy.moml.MoMLSimpleApplication@42b7e6e4
----------------- Done invoking toplevel() on ptolemy.moml.MoMLSimpleApplication@42b7e6e4
reloadAllAccessors: .OpenQueuingNetwork

===========================================================================================
----------------- testing Wed Jun 13 16:59:36 UTC 2018 /home/travis/build/icyphy/ptII/ptolemy/domains/de/test/auto/PeriodicSampler.xml
----------------- Instantiating /home/travis/build/icyphy/ptII/ptolemy/domains/de/test/auto/PeriodicSampler.xml
2 ms. Memory: 269312K Free: 126801K (47%)
----------------- Invoking toplevel() on ptolemy.moml.MoMLSimpleApplication@6d9c29d3
----------------- Done invoking toplevel() on ptolemy.moml.MoMLSimpleApplication@6d9c29d3
reloadAllAccessors: .PeriodicSampler

===========================================================================================
----------------- testing Wed Jun 13 16:59:36 UTC 2018 /home/travis/build/icyphy/ptII/ptolemy/domains/de/test/auto/PersistentIO.xml
----------------- Instantiating /home/travis/build/icyphy/ptII/ptolemy/domains/de/test/auto/PersistentIO.xml
8 ms. Memory: 269312K Free: 115099K (43%)
----------------- Invoking toplevel() on ptolemy.moml.MoMLSimpleApplication@4e73301e
----------------- Done invoking toplevel() on ptolemy.moml.MoMLSimpleApplication@4e73301e
reloadAllAccessors: .PersistentIO

===========================================================================================
----------------- testing Wed Jun 13 16:59:36 UTC 2018 /home/travis/build/icyphy/ptII/ptolemy/domains/de/test/auto/PortParameterResetOnInitialize.xml
----------------- Instantiating /home/travis/build/icyphy/ptII/ptolemy/domains/de/test/auto/PortParameterResetOnInitialize.xml
1 ms. Memory: 269312K Free: 108656K (40%)
----------------- Invoking toplevel() on ptolemy.moml.MoMLSimpleApplication@1bf56ede
----------------- Done invoking toplevel() on ptolemy.moml.MoMLSimpleApplication@1bf56ede
reloadAllAccessors: .PortParameterResetOnInitialize

===========================================================================================
----------------- testing Wed Jun 13 16:59:36 UTC 2018 /home/travis/build/icyphy/ptII/ptolemy/domains/de/test/auto/PortParameterUpdates.xml
----------------- Instantiating /home/travis/build/icyphy/ptII/ptolemy/domains/de/test/auto/PortParameterUpdates.xml
3 ms. Memory: 269312K Free: 100741K (37%)
----------------- Invoking toplevel() on ptolemy.moml.MoMLSimpleApplication@1553ae46
----------------- Done invoking toplevel() on ptolemy.moml.MoMLSimpleApplication@1553ae46
reloadAllAccessors: .PortParameterUpdates

===========================================================================================
----------------- testing Wed Jun 13 16:59:36 UTC 2018 /home/travis/build/icyphy/ptII/ptolemy/domains/de/test/auto/QueueAndServer.xml
----------------- Instantiating /home/travis/build/icyphy/ptII/ptolemy/domains/de/test/auto/QueueAndServer.xml
5 ms. Memory: 269312K Free: 90927K (34%)
----------------- Invoking toplevel() on ptolemy.moml.MoMLSimpleApplication@47be5ff9
----------------- Done invoking toplevel() on ptolemy.moml.MoMLSimpleApplication@47be5ff9
reloadAllAccessors: .QueueAndServer

===========================================================================================
----------------- testing Wed Jun 13 16:59:36 UTC 2018 /home/travis/build/icyphy/ptII/ptolemy/domains/de/test/auto/Records.xml
----------------- Instantiating /home/travis/build/icyphy/ptII/ptolemy/domains/de/test/auto/Records.xml
3 ms. Memory: 269312K Free: 83007K (31%)
----------------- Invoking toplevel() on ptolemy.moml.MoMLSimpleApplication@632c97b0
----------------- Done invoking toplevel() on ptolemy.moml.MoMLSimpleApplication@632c97b0
reloadAllAccessors: .Records

===========================================================================================
----------------- testing Wed Jun 13 16:59:36 UTC 2018 /home/travis/build/icyphy/ptII/ptolemy/domains/de/test/auto/ResetTransitionWithStartTime1.xml
----------------- Instantiating /home/travis/build/icyphy/ptII/ptolemy/domains/de/test/auto/ResetTransitionWithStartTime1.xml
4 ms. Memory: 269312K Free: 70903K (26%)
----------------- Invoking toplevel() on ptolemy.moml.MoMLSimpleApplication@7657b4ae
----------------- Done invoking toplevel() on ptolemy.moml.MoMLSimpleApplication@7657b4ae
reloadAllAccessors: .ResetTransitionWithStartTime1

===========================================================================================
----------------- testing Wed Jun 13 16:59:36 UTC 2018 /home/travis/build/icyphy/ptII/ptolemy/domains/de/test/auto/ResetTransitionWithStartTime2.xml
----------------- Instantiating /home/travis/build/icyphy/ptII/ptolemy/domains/de/test/auto/ResetTransitionWithStartTime2.xml
4 ms. Memory: 269312K Free: 60490K (22%)
----------------- Invoking toplevel() on ptolemy.moml.MoMLSimpleApplication@1af5394b
----------------- Done invoking toplevel() on ptolemy.moml.MoMLSimpleApplication@1af5394b
reloadAllAccessors: .ResetTransitionWithStartTime2

===========================================================================================
----------------- testing Wed Jun 13 16:59:36 UTC 2018 /home/travis/build/icyphy/ptII/ptolemy/domains/de/test/auto/ResetTransitionWithStartTime3.xml
----------------- Instantiating /home/travis/build/icyphy/ptII/ptolemy/domains/de/test/auto/ResetTransitionWithStartTime3.xml
11 ms. Memory: 263168K Free: 230823K (88%)
----------------- Invoking toplevel() on ptolemy.moml.MoMLSimpleApplication@4b8b6aea
----------------- Done invoking toplevel() on ptolemy.moml.MoMLSimpleApplication@4b8b6aea
reloadAllAccessors: .ResetTransitionWithStartTime3

===========================================================================================
----------------- testing Wed Jun 13 16:59:36 UTC 2018 /home/travis/build/icyphy/ptII/ptolemy/domains/de/test/auto/ResetTransitionWithStartTime4.xml
----------------- Instantiating /home/travis/build/icyphy/ptII/ptolemy/domains/de/test/auto/ResetTransitionWithStartTime4.xml
3 ms. Memory: 263168K Free: 221239K (84%)
----------------- Invoking toplevel() on ptolemy.moml.MoMLSimpleApplication@26c75e37
----------------- Done invoking toplevel() on ptolemy.moml.MoMLSimpleApplication@26c75e37
reloadAllAccessors: .ResetTransitionWithStartTime4

===========================================================================================
----------------- testing Wed Jun 13 16:59:36 UTC 2018 /home/travis/build/icyphy/ptII/ptolemy/domains/de/test/auto/ResettableTimer1.xml
----------------- Instantiating /home/travis/build/icyphy/ptII/ptolemy/domains/de/test/auto/ResettableTimer1.xml
2 ms. Memory: 263168K Free: 215538K (82%)
----------------- Invoking toplevel() on ptolemy.moml.MoMLSimpleApplication@427ae99c
----------------- Done invoking toplevel() on ptolemy.moml.MoMLSimpleApplication@427ae99c
reloadAllAccessors: .ResettableTimer1

===========================================================================================
----------------- testing Wed Jun 13 16:59:36 UTC 2018 /home/travis/build/icyphy/ptII/ptolemy/domains/de/test/auto/ResettableTimer2.xml
----------------- Instantiating /home/travis/build/icyphy/ptII/ptolemy/domains/de/test/auto/ResettableTimer2.xml
2 ms. Memory: 263168K Free: 209559K (80%)
----------------- Invoking toplevel() on ptolemy.moml.MoMLSimpleApplication@33ea5f79
----------------- Done invoking toplevel() on ptolemy.moml.MoMLSimpleApplication@33ea5f79
reloadAllAccessors: .ResettableTimer2

===========================================================================================
----------------- testing Wed Jun 13 16:59:36 UTC 2018 /home/travis/build/icyphy/ptII/ptolemy/domains/de/test/auto/ResettableTimer3.xml
----------------- Instantiating /home/travis/build/icyphy/ptII/ptolemy/domains/de/test/auto/ResettableTimer3.xml
1 ms. Memory: 263168K Free: 203580K (77%)
----------------- Invoking toplevel() on ptolemy.moml.MoMLSimpleApplication@79da234b
----------------- Done invoking toplevel() on ptolemy.moml.MoMLSimpleApplication@79da234b
reloadAllAccessors: .ResettableTimer3

===========================================================================================
----------------- testing Wed Jun 13 16:59:36 UTC 2018 /home/travis/build/icyphy/ptII/ptolemy/domains/de/test/auto/ResettableTimer4.xml
----------------- Instantiating /home/travis/build/icyphy/ptII/ptolemy/domains/de/test/auto/ResettableTimer4.xml
1 ms. Memory: 263168K Free: 197601K (75%)
----------------- Invoking toplevel() on ptolemy.moml.MoMLSimpleApplication@447f0ec8
----------------- Done invoking toplevel() on ptolemy.moml.MoMLSimpleApplication@447f0ec8
reloadAllAccessors: .ResettableTimer4

===========================================================================================
----------------- testing Wed Jun 13 16:59:36 UTC 2018 /home/travis/build/icyphy/ptII/ptolemy/domains/de/test/auto/ResettableTimer5.xml
----------------- Instantiating /home/travis/build/icyphy/ptII/ptolemy/domains/de/test/auto/ResettableTimer5.xml
1 ms. Memory: 263168K Free: 189820K (72%)
----------------- Invoking toplevel() on ptolemy.moml.MoMLSimpleApplication@5a934271
----------------- Done invoking toplevel() on ptolemy.moml.MoMLSimpleApplication@5a934271
reloadAllAccessors: .ResettableTimer5

===========================================================================================
----------------- testing Wed Jun 13 16:59:36 UTC 2018 /home/travis/build/icyphy/ptII/ptolemy/domains/de/test/auto/ResettableTimer6.xml
----------------- Instantiating /home/travis/build/icyphy/ptII/ptolemy/domains/de/test/auto/ResettableTimer6.xml
4 ms. Memory: 263168K Free: 182036K (69%)
----------------- Invoking toplevel() on ptolemy.moml.MoMLSimpleApplication@24de9456
----------------- Done invoking toplevel() on ptolemy.moml.MoMLSimpleApplication@24de9456
reloadAllAccessors: .ResettableTimer6

===========================================================================================
----------------- testing Wed Jun 13 16:59:36 UTC 2018 /home/travis/build/icyphy/ptII/ptolemy/domains/de/test/auto/ServerZeroDelay.xml
----------------- Instantiating /home/travis/build/icyphy/ptII/ptolemy/domains/de/test/auto/ServerZeroDelay.xml
1 ms. Memory: 263168K Free: 176057K (67%)
----------------- Invoking toplevel() on ptolemy.moml.MoMLSimpleApplication@3d36c5a3
----------------- Done invoking toplevel() on ptolemy.moml.MoMLSimpleApplication@3d36c5a3
reloadAllAccessors: .ServerZeroDelay

===========================================================================================
----------------- testing Wed Jun 13 16:59:36 UTC 2018 /home/travis/build/icyphy/ptII/ptolemy/domains/de/test/auto/SmartSender.xml
----------------- Instantiating /home/travis/build/icyphy/ptII/ptolemy/domains/de/test/auto/SmartSender.xml
3002 ms. Memory: 263168K Free: 170078K (65%)
----------------- Invoking toplevel() on ptolemy.moml.MoMLSimpleApplication@770a15f0
----------------- Done invoking toplevel() on ptolemy.moml.MoMLSimpleApplication@770a15f0
reloadAllAccessors: .SmartSender

===========================================================================================
----------------- testing Wed Jun 13 16:59:39 UTC 2018 /home/travis/build/icyphy/ptII/ptolemy/domains/de/test/auto/ThreadedComposite.xml
----------------- Instantiating /home/travis/build/icyphy/ptII/ptolemy/domains/de/test/auto/ThreadedComposite.xml
105 ms. Memory: 263168K Free: 144520K (55%)
----------------- Invoking toplevel() on ptolemy.moml.MoMLSimpleApplication@a43869
----------------- Done invoking toplevel() on ptolemy.moml.MoMLSimpleApplication@a43869
reloadAllAccessors: .ThreadedComposite

===========================================================================================
----------------- testing Wed Jun 13 16:59:39 UTC 2018 /home/travis/build/icyphy/ptII/ptolemy/domains/de/test/auto/Time.xml
----------------- Instantiating /home/travis/build/icyphy/ptII/ptolemy/domains/de/test/auto/Time.xml
400 ms. Memory: 263168K Free: 86259K (33%)
----------------- Invoking toplevel() on ptolemy.moml.MoMLSimpleApplication@7f481256
----------------- Done invoking toplevel() on ptolemy.moml.MoMLSimpleApplication@7f481256
reloadAllAccessors: .Time

===========================================================================================
----------------- testing Wed Jun 13 16:59:40 UTC 2018 /home/travis/build/icyphy/ptII/ptolemy/domains/de/test/auto/TimeDelayZeroDelay.xml
----------------- Instantiating /home/travis/build/icyphy/ptII/ptolemy/domains/de/test/auto/TimeDelayZeroDelay.xml
2 ms. Memory: 263168K Free: 80295K (31%)
----------------- Invoking toplevel() on ptolemy.moml.MoMLSimpleApplication@5c36bd03
----------------- Done invoking toplevel() on ptolemy.moml.MoMLSimpleApplication@5c36bd03
reloadAllAccessors: .TimeDelayZeroDelay

===========================================================================================
----------------- testing Wed Jun 13 16:59:40 UTC 2018 /home/travis/build/icyphy/ptII/ptolemy/domains/de/test/auto/TimerZeroDelay.xml
----------------- Instantiating /home/travis/build/icyphy/ptII/ptolemy/domains/de/test/auto/TimerZeroDelay.xml
1 ms. Memory: 263168K Free: 74324K (28%)
----------------- Invoking toplevel() on ptolemy.moml.MoMLSimpleApplication@54c6bead
----------------- Done invoking toplevel() on ptolemy.moml.MoMLSimpleApplication@54c6bead
reloadAllAccessors: .TimerZeroDelay

===========================================================================================
----------------- testing Wed Jun 13 16:59:40 UTC 2018 /home/travis/build/icyphy/ptII/ptolemy/domains/de/test/auto/TimingParadox.xml
----------------- Instantiating /home/travis/build/icyphy/ptII/ptolemy/domains/de/test/auto/TimingParadox.xml
276 ms. Memory: 254464K Free: 176337K (69%)
----------------- Invoking toplevel() on ptolemy.moml.MoMLSimpleApplication@c547812
----------------- Done invoking toplevel() on ptolemy.moml.MoMLSimpleApplication@c547812
reloadAllAccessors: .TimingParadox

===========================================================================================
----------------- testing Wed Jun 13 16:59:40 UTC 2018 /home/travis/build/icyphy/ptII/ptolemy/domains/de/test/auto/TransferInputs.xml
----------------- Instantiating /home/travis/build/icyphy/ptII/ptolemy/domains/de/test/auto/TransferInputs.xml
1 ms. Memory: 254464K Free: 170474K (67%)
----------------- Invoking toplevel() on ptolemy.moml.MoMLSimpleApplication@652b4140
----------------- Done invoking toplevel() on ptolemy.moml.MoMLSimpleApplication@652b4140
reloadAllAccessors: .TransferInputs

===========================================================================================
----------------- testing Wed Jun 13 16:59:40 UTC 2018 /home/travis/build/icyphy/ptII/ptolemy/domains/de/test/auto/TransferOutputs2.xml
----------------- Instantiating /home/travis/build/icyphy/ptII/ptolemy/domains/de/test/auto/TransferOutputs2.xml
2 ms. Memory: 254464K Free: 161368K (63%)
----------------- Invoking toplevel() on ptolemy.moml.MoMLSimpleApplication@362f2869
----------------- Done invoking toplevel() on ptolemy.moml.MoMLSimpleApplication@362f2869
reloadAllAccessors: .TransferOutputs2

===========================================================================================
----------------- testing Wed Jun 13 16:59:40 UTC 2018 /home/travis/build/icyphy/ptII/ptolemy/domains/de/test/auto/Trilateration.xml
----------------- Instantiating /home/travis/build/icyphy/ptII/ptolemy/domains/de/test/auto/Trilateration.xml
10352 ms. Memory: 779264K Free: 394209K (51%)
----------------- Invoking toplevel() on ptolemy.moml.MoMLSimpleApplication@38f2e22d
----------------- Done invoking toplevel() on ptolemy.moml.MoMLSimpleApplication@38f2e22d
reloadAllAccessors: .Trilateration

===========================================================================================
----------------- testing Wed Jun 13 16:59:51 UTC 2018 /home/travis/build/icyphy/ptII/ptolemy/domains/de/test/auto/TwoSigmaDelta.xml
----------------- Instantiating /home/travis/build/icyphy/ptII/ptolemy/domains/de/test/auto/TwoSigmaDelta.xml
1973 ms. Memory: 779264K Free: 95274K (12%)
----------------- Invoking toplevel() on ptolemy.moml.MoMLSimpleApplication@40df4f5b
----------------- Done invoking toplevel() on ptolemy.moml.MoMLSimpleApplication@40df4f5b
reloadAllAccessors: .TwoSigmaDelta

===========================================================================================
----------------- testing Wed Jun 13 16:59:53 UTC 2018 /home/travis/build/icyphy/ptII/ptolemy/domains/de/test/auto/VariableDelay.xml
----------------- Instantiating /home/travis/build/icyphy/ptII/ptolemy/domains/de/test/auto/VariableDelay.xml
3 ms. Memory: 779264K Free: 66933K (9%)
----------------- Invoking toplevel() on ptolemy.moml.MoMLSimpleApplication@6f1233ef
----------------- Done invoking toplevel() on ptolemy.moml.MoMLSimpleApplication@6f1233ef
reloadAllAccessors: .VariableDelay

===========================================================================================
----------------- testing Wed Jun 13 16:59:53 UTC 2018 /home/travis/build/icyphy/ptII/ptolemy/domains/de/test/auto/VariableDelay2.xml
----------------- Instantiating /home/travis/build/icyphy/ptII/ptolemy/domains/de/test/auto/VariableDelay2.xml
2 ms. Memory: 779264K Free: 51325K (7%)
----------------- Invoking toplevel() on ptolemy.moml.MoMLSimpleApplication@6ab946b4
----------------- Done invoking toplevel() on ptolemy.moml.MoMLSimpleApplication@6ab946b4
reloadAllAccessors: .VariableDelay2

===========================================================================================
----------------- testing Wed Jun 13 16:59:53 UTC 2018 /home/travis/build/icyphy/ptII/ptolemy/domains/de/test/auto/VariableDelayZeroDelay.xml
----------------- Instantiating /home/travis/build/icyphy/ptII/ptolemy/domains/de/test/auto/VariableDelayZeroDelay.xml
9 ms. Memory: 741376K Free: 679242K (92%)
----------------- Invoking toplevel() on ptolemy.moml.MoMLSimpleApplication@604f714d
----------------- Done invoking toplevel() on ptolemy.moml.MoMLSimpleApplication@604f714d
reloadAllAccessors: .VariableDelayZeroDelay

===========================================================================================
----------------- testing Wed Jun 13 16:59:53 UTC 2018 /home/travis/build/icyphy/ptII/ptolemy/domains/de/test/auto/VariableDelayZeroDelay2.xml
----------------- Instantiating /home/travis/build/icyphy/ptII/ptolemy/domains/de/test/auto/VariableDelayZeroDelay2.xml
2 ms. Memory: 741376K Free: 652440K (88%)
----------------- Invoking toplevel() on ptolemy.moml.MoMLSimpleApplication@3f79f09e
----------------- Done invoking toplevel() on ptolemy.moml.MoMLSimpleApplication@3f79f09e
reloadAllAccessors: .VariableDelayZeroDelay2

===========================================================================================
----------------- testing Wed Jun 13 16:59:53 UTC 2018 /home/travis/build/icyphy/ptII/ptolemy/domains/de/test/auto/deInCt.xml
----------------- Instantiating /home/travis/build/icyphy/ptII/ptolemy/domains/de/test/auto/deInCt.xml
0
1
1
1
0
0
0
1
1
1
0
0
0
0
0
1
1
1
1
0
0
0
1
1
1
1
0
0
0
1
1
1
1
0
0
0
4 ms. Memory: 741376K Free: 625233K (84%)
----------------- Invoking toplevel() on ptolemy.moml.MoMLSimpleApplication@6aa42664
----------------- Done invoking toplevel() on ptolemy.moml.MoMLSimpleApplication@6aa42664
reloadAllAccessors: .deInCt

===========================================================================================
----------------- testing Wed Jun 13 16:59:53 UTC 2018 /home/travis/build/icyphy/ptII/ptolemy/domains/de/test/auto/deInCt2.xml
----------------- Instantiating /home/travis/build/icyphy/ptII/ptolemy/domains/de/test/auto/deInCt2.xml
0
1
1
1
0
0
1
1
1
0
0
1
1
1
0
0
1
1
1
0
0
1
1
1
0
0
1
1
1
0
0
1
1
1
0
0
1
1
1
0
0
0
5 ms. Memory: 741376K Free: 598431K (81%)
----------------- Invoking toplevel() on ptolemy.moml.MoMLSimpleApplication@6aa2af41
----------------- Done invoking toplevel() on ptolemy.moml.MoMLSimpleApplication@6aa2af41
reloadAllAccessors: .deInCt2

===========================================================================================
----------------- testing Wed Jun 13 16:59:53 UTC 2018 /home/travis/build/icyphy/ptII/ptolemy/domains/de/test/auto/dynamicCausalityInterface1.xml
----------------- Instantiating /home/travis/build/icyphy/ptII/ptolemy/domains/de/test/auto/dynamicCausalityInterface1.xml
1 ms. Memory: 741376K Free: 571216K (77%)
----------------- Invoking toplevel() on ptolemy.moml.MoMLSimpleApplication@1a98f773
----------------- Done invoking toplevel() on ptolemy.moml.MoMLSimpleApplication@1a98f773
reloadAllAccessors: .dynamicCausalityInterface1

===========================================================================================
----------------- testing Wed Jun 13 16:59:53 UTC 2018 /home/travis/build/icyphy/ptII/ptolemy/domains/de/test/auto/fsm_de_test.xml
----------------- Instantiating /home/travis/build/icyphy/ptII/ptolemy/domains/de/test/auto/fsm_de_test.xml
4 ms. Memory: 741376K Free: 544412K (73%)
----------------- Invoking toplevel() on ptolemy.moml.MoMLSimpleApplication@e55847d
----------------- Done invoking toplevel() on ptolemy.moml.MoMLSimpleApplication@e55847d
reloadAllAccessors: .fsm_de_test

===========================================================================================
----------------- testing Wed Jun 13 16:59:53 UTC 2018 /home/travis/build/icyphy/ptII/ptolemy/domains/de/test/auto/functionDependencyReconstruction.xml
----------------- Instantiating /home/travis/build/icyphy/ptII/ptolemy/domains/de/test/auto/functionDependencyReconstruction.xml
2 ms. Memory: 741376K Free: 504394K (68%)
----------------- Invoking toplevel() on ptolemy.moml.MoMLSimpleApplication@3bd71213
----------------- Done invoking toplevel() on ptolemy.moml.MoMLSimpleApplication@3bd71213
reloadAllAccessors: .functionDependencyReconstruction

===========================================================================================
----------------- testing Wed Jun 13 16:59:53 UTC 2018 /home/travis/build/icyphy/ptII/ptolemy/domains/de/test/auto/multirate.xml
----------------- Instantiating /home/travis/build/icyphy/ptII/ptolemy/domains/de/test/auto/multirate.xml
3 ms. Memory: 741376K Free: 477187K (64%)
----------------- Invoking toplevel() on ptolemy.moml.MoMLSimpleApplication@662b36a4
----------------- Done invoking toplevel() on ptolemy.moml.MoMLSimpleApplication@662b36a4
reloadAllAccessors: .multirate

===========================================================================================
----------------- testing Wed Jun 13 16:59:53 UTC 2018 /home/travis/build/icyphy/ptII/ptolemy/domains/de/test/auto/multirate2.xml
----------------- Instantiating /home/travis/build/icyphy/ptII/ptolemy/domains/de/test/auto/multirate2.xml
3 ms. Memory: 741376K Free: 450385K (61%)
----------------- Invoking toplevel() on ptolemy.moml.MoMLSimpleApplication@348a43d2
----------------- Done invoking toplevel() on ptolemy.moml.MoMLSimpleApplication@348a43d2
reloadAllAccessors: .multirate2

===========================================================================================
----------------- testing Wed Jun 13 16:59:53 UTC 2018 /home/travis/build/icyphy/ptII/ptolemy/domains/de/test/auto/realtime.xml
----------------- Instantiating /home/travis/build/icyphy/ptII/ptolemy/domains/de/test/auto/realtime.xml
10002 ms. Memory: 741376K Free: 423582K (57%)
----------------- Invoking toplevel() on ptolemy.moml.MoMLSimpleApplication@e4303d1
----------------- Done invoking toplevel() on ptolemy.moml.MoMLSimpleApplication@e4303d1
reloadAllAccessors: .realtime

===========================================================================================
----------------- testing Wed Jun 13 17:00:03 UTC 2018 /home/travis/build/icyphy/ptII/ptolemy/domains/de/test/auto/relationGroup.xml
----------------- Instantiating /home/travis/build/icyphy/ptII/ptolemy/domains/de/test/auto/relationGroup.xml
1 ms. Memory: 741376K Free: 396376K (53%)
----------------- Invoking toplevel() on ptolemy.moml.MoMLSimpleApplication@1339beb4
----------------- Done invoking toplevel() on ptolemy.moml.MoMLSimpleApplication@1339beb4
reloadAllAccessors: .relationGroup

===========================================================================================
----------------- testing Wed Jun 13 17:00:03 UTC 2018 /home/travis/build/icyphy/ptII/ptolemy/domains/de/test/auto/relationGroup2.xml
----------------- Instantiating /home/travis/build/icyphy/ptII/ptolemy/domains/de/test/auto/relationGroup2.xml
1 ms. Memory: 741376K Free: 369573K (50%)
----------------- Invoking toplevel() on ptolemy.moml.MoMLSimpleApplication@2fe2d320
----------------- Done invoking toplevel() on ptolemy.moml.MoMLSimpleApplication@2fe2d320
reloadAllAccessors: .relationGroup2

===========================================================================================
----------------- testing Wed Jun 13 17:00:04 UTC 2018 /home/travis/build/icyphy/ptII/ptolemy/domains/de/test/auto/sortWithOpaquePorts.xml
----------------- Instantiating /home/travis/build/icyphy/ptII/ptolemy/domains/de/test/auto/sortWithOpaquePorts.xml
1 ms. Memory: 741376K Free: 342771K (46%)
----------------- Invoking toplevel() on ptolemy.moml.MoMLSimpleApplication@2fe1d21a
----------------- Done invoking toplevel() on ptolemy.moml.MoMLSimpleApplication@2fe1d21a
reloadAllAccessors: .sortWithOpaquePorts

===========================================================================================
----------------- testing Wed Jun 13 17:00:04 UTC 2018 /home/travis/build/icyphy/ptII/ptolemy/domains/de/test/auto/transferInputsandOutputs.xml
----------------- Instantiating /home/travis/build/icyphy/ptII/ptolemy/domains/de/test/auto/transferInputsandOutputs.xml
1 ms. Memory: 741376K Free: 315564K (43%)
----------------- Invoking toplevel() on ptolemy.moml.MoMLSimpleApplication@7e56c1f1
----------------- Done invoking toplevel() on ptolemy.moml.MoMLSimpleApplication@7e56c1f1
reloadAllAccessors: .transferInputsandOutputs

===========================================================================================
----------------- testing Wed Jun 13 17:00:04 UTC 2018 /home/travis/build/icyphy/ptII/ptolemy/domains/de/test/auto/triggerType.xml
----------------- Instantiating /home/travis/build/icyphy/ptII/ptolemy/domains/de/test/auto/triggerType.xml
2 ms. Memory: 741376K Free: 288762K (39%)
----------------- Invoking toplevel() on ptolemy.moml.MoMLSimpleApplication@6ff3d6f4
----------------- Done invoking toplevel() on ptolemy.moml.MoMLSimpleApplication@6ff3d6f4
reloadAllAccessors: .triggerType
AutoTests.java: About to close Vertx.
AutoTests.java: Vertx closed.
]]></system-out>
  <system-err><![CDATA[java.lang.RuntimeException: Execution failed
	at ptolemy.moml.MoMLSimpleApplication$UnloadThread.run(MoMLSimpleApplication.java:402)
Caused by: ptolemy.kernel.util.IllegalActionException: Found a zero delay loop containing .dependencyLoop.original
  in .dependencyLoop and .dependencyLoop.original
	at ptolemy.actor.util.CausalityInterfaceForComposites._computeOutputPortDepth(CausalityInterfaceForComposites.java:759)
	at ptolemy.actor.util.CausalityInterfaceForComposites._computeInputDepth(CausalityInterfaceForComposites.java:696)
	at ptolemy.actor.util.CausalityInterfaceForComposites._computeOutputPortDepth(CausalityInterfaceForComposites.java:765)
	at ptolemy.actor.util.CausalityInterfaceForComposites._computeInputDepth(CausalityInterfaceForComposites.java:696)
	at ptolemy.actor.util.CausalityInterfaceForComposites._computeOutputPortDepth(CausalityInterfaceForComposites.java:765)
	at ptolemy.actor.util.CausalityInterfaceForComposites._computeInputDepth(CausalityInterfaceForComposites.java:696)
	at ptolemy.actor.util.CausalityInterfaceForComposites._computeActorDepth(CausalityInterfaceForComposites.java:532)
	at ptolemy.actor.util.CausalityInterfaceForComposites.checkForCycles(CausalityInterfaceForComposites.java:96)
	at ptolemy.domains.de.kernel.DEDirector.preinitialize(DEDirector.java:1338)
	at ptolemy.actor.CompositeActor.preinitialize(CompositeActor.java:1828)
	at ptolemy.actor.Manager.preinitializeAndResolveTypes(Manager.java:1040)
	at ptolemy.actor.Manager.initialize(Manager.java:710)
	at ptolemy.actor.Manager.execute(Manager.java:356)
	at ptolemy.actor.Manager.run(Manager.java:1263)
	at ptolemy.actor.Manager$PtolemyRunThread.run(Manager.java:1915)
java.lang.RuntimeException: Execution failed
	at ptolemy.moml.MoMLSimpleApplication$UnloadThread.run(MoMLSimpleApplication.java:402)
Caused by: ptolemy.kernel.util.IllegalActionException: Found a zero delay loop containing .dependencyLoop2.original
  in .dependencyLoop2 and .dependencyLoop2.original
	at ptolemy.actor.util.CausalityInterfaceForComposites._computeOutputPortDepth(CausalityInterfaceForComposites.java:759)
	at ptolemy.actor.util.CausalityInterfaceForComposites._computeInputDepth(CausalityInterfaceForComposites.java:696)
	at ptolemy.actor.util.CausalityInterfaceForComposites._computeOutputPortDepth(CausalityInterfaceForComposites.java:765)
	at ptolemy.actor.util.CausalityInterfaceForComposites._computeInputDepth(CausalityInterfaceForComposites.java:696)
	at ptolemy.actor.util.CausalityInterfaceForComposites._computeOutputPortDepth(CausalityInterfaceForComposites.java:765)
	at ptolemy.actor.util.CausalityInterfaceForComposites._computeInputDepth(CausalityInterfaceForComposites.java:696)
	at ptolemy.actor.util.CausalityInterfaceForComposites._computeActorDepth(CausalityInterfaceForComposites.java:532)
	at ptolemy.actor.util.CausalityInterfaceForComposites.checkForCycles(CausalityInterfaceForComposites.java:96)
	at ptolemy.domains.de.kernel.DEDirector.preinitialize(DEDirector.java:1338)
	at ptolemy.actor.CompositeActor.preinitialize(CompositeActor.java:1828)
	at ptolemy.actor.Manager.preinitializeAndResolveTypes(Manager.java:1040)
	at ptolemy.actor.Manager.initialize(Manager.java:710)
	at ptolemy.actor.Manager.execute(Manager.java:356)
	at ptolemy.actor.Manager.run(Manager.java:1263)
	at ptolemy.actor.Manager$PtolemyRunThread.run(Manager.java:1915)
java.lang.RuntimeException: Execution failed
	at ptolemy.moml.MoMLSimpleApplication$UnloadThread.run(MoMLSimpleApplication.java:402)
Caused by: ptolemy.kernel.util.IllegalActionException: Found a zero delay loop containing .dependencyLoop.original
  in .dependencyLoop and .dependencyLoop.original
	at ptolemy.actor.util.CausalityInterfaceForComposites._computeOutputPortDepth(CausalityInterfaceForComposites.java:759)
	at ptolemy.actor.util.CausalityInterfaceForComposites._computeInputDepth(CausalityInterfaceForComposites.java:696)
	at ptolemy.actor.util.CausalityInterfaceForComposites._computeOutputPortDepth(CausalityInterfaceForComposites.java:765)
	at ptolemy.actor.util.CausalityInterfaceForComposites._computeInputDepth(CausalityInterfaceForComposites.java:696)
	at ptolemy.actor.util.CausalityInterfaceForComposites._computeOutputPortDepth(CausalityInterfaceForComposites.java:765)
	at ptolemy.actor.util.CausalityInterfaceForComposites._computeInputDepth(CausalityInterfaceForComposites.java:696)
	at ptolemy.actor.util.CausalityInterfaceForComposites._computeActorDepth(CausalityInterfaceForComposites.java:532)
	at ptolemy.actor.util.CausalityInterfaceForComposites.checkForCycles(CausalityInterfaceForComposites.java:96)
	at ptolemy.domains.de.kernel.DEDirector.preinitialize(DEDirector.java:1338)
	at ptolemy.actor.CompositeActor.preinitialize(CompositeActor.java:1828)
	at ptolemy.actor.Manager.preinitializeAndResolveTypes(Manager.java:1040)
	at ptolemy.actor.Manager.initialize(Manager.java:710)
	at ptolemy.actor.Manager.execute(Manager.java:356)
	at ptolemy.actor.Manager.run(Manager.java:1263)
	at ptolemy.actor.Manager$PtolemyRunThread.run(Manager.java:1915)
java.lang.RuntimeException: Execution failed
	at ptolemy.moml.MoMLSimpleApplication$UnloadThread.run(MoMLSimpleApplication.java:402)
Caused by: ptolemy.kernel.util.IllegalActionException: Actor is not ready to fire.  Perhaps UpSample.prefire() returned false? Try debugging the actor by selecting "Listen to Actor".  Also, for SDF check moml for tokenConsumptionRate on input.
  in .DESDFClockTest.Play Bell.Copy1:SDF Director and .DESDFClockTest.Play Bell.UpSample
	at ptolemy.actor.sched.StaticSchedulingDirector.fire(StaticSchedulingDirector.java:227)
	at ptolemy.domains.sdf.kernel.SDFDirector.fire(SDFDirector.java:500)
	at ptolemy.actor.CompositeActor.fire(CompositeActor.java:455)
	at ptolemy.domains.de.kernel.DEDirector._fire(DEDirector.java:1949)
	at ptolemy.domains.de.kernel.DEDirector.fire(DEDirector.java:502)
	at ptolemy.actor.CompositeActor.fire(CompositeActor.java:455)
	at ptolemy.actor.Manager.iterate(Manager.java:851)
	at ptolemy.actor.Manager.execute(Manager.java:369)
	at ptolemy.actor.Manager.run(Manager.java:1263)
	at ptolemy.actor.Manager$PtolemyRunThread.run(Manager.java:1915)
java.lang.RuntimeException: Execution failed
	at ptolemy.moml.MoMLSimpleApplication$UnloadThread.run(MoMLSimpleApplication.java:402)
Caused by: ptolemy.kernel.util.IllegalActionException: Found a zero delay loop containing .dependencyLoop2.original
  in .dependencyLoop2 and .dependencyLoop2.original
	at ptolemy.actor.util.CausalityInterfaceForComposites._computeOutputPortDepth(CausalityInterfaceForComposites.java:759)
	at ptolemy.actor.util.CausalityInterfaceForComposites._computeInputDepth(CausalityInterfaceForComposites.java:696)
	at ptolemy.actor.util.CausalityInterfaceForComposites._computeOutputPortDepth(CausalityInterfaceForComposites.java:765)
	at ptolemy.actor.util.CausalityInterfaceForComposites._computeInputDepth(CausalityInterfaceForComposites.java:696)
	at ptolemy.actor.util.CausalityInterfaceForComposites._computeOutputPortDepth(CausalityInterfaceForComposites.java:765)
	at ptolemy.actor.util.CausalityInterfaceForComposites._computeInputDepth(CausalityInterfaceForComposites.java:696)
	at ptolemy.actor.util.CausalityInterfaceForComposites._computeActorDepth(CausalityInterfaceForComposites.java:532)
	at ptolemy.actor.util.CausalityInterfaceForComposites.checkForCycles(CausalityInterfaceForComposites.java:96)
	at ptolemy.domains.de.kernel.DEDirector.preinitialize(DEDirector.java:1338)
	at ptolemy.actor.CompositeActor.preinitialize(CompositeActor.java:1828)
	at ptolemy.actor.Manager.preinitializeAndResolveTypes(Manager.java:1040)
	at ptolemy.actor.Manager.initialize(Manager.java:710)
	at ptolemy.actor.Manager.execute(Manager.java:356)
	at ptolemy.actor.Manager.run(Manager.java:1263)
	at ptolemy.actor.Manager$PtolemyRunThread.run(Manager.java:1915)
java.lang.RuntimeException: Execution failed
	at ptolemy.moml.MoMLSimpleApplication$UnloadThread.run(MoMLSimpleApplication.java:402)
Caused by: ptolemy.kernel.util.IllegalActionException: Found a zero delay loop containing .HierarchicalModel.A
  in .HierarchicalModel and .HierarchicalModel.A
	at ptolemy.actor.util.CausalityInterfaceForComposites._computeOutputPortDepth(CausalityInterfaceForComposites.java:759)
	at ptolemy.actor.util.CausalityInterfaceForComposites._computeInputDepth(CausalityInterfaceForComposites.java:696)
	at ptolemy.actor.util.CausalityInterfaceForComposites._computeOutputPortDepth(CausalityInterfaceForComposites.java:765)
	at ptolemy.actor.util.CausalityInterfaceForComposites._computeInputDepth(CausalityInterfaceForComposites.java:696)
	at ptolemy.actor.util.CausalityInterfaceForComposites._computeOutputPortDepth(CausalityInterfaceForComposites.java:765)
	at ptolemy.actor.util.CausalityInterfaceForComposites._computeInputDepth(CausalityInterfaceForComposites.java:696)
	at ptolemy.actor.util.CausalityInterfaceForComposites._computeActorDepth(CausalityInterfaceForComposites.java:532)
	at ptolemy.actor.util.CausalityInterfaceForComposites.checkForCycles(CausalityInterfaceForComposites.java:96)
	at ptolemy.domains.de.kernel.DEDirector.preinitialize(DEDirector.java:1338)
	at ptolemy.actor.CompositeActor.preinitialize(CompositeActor.java:1828)
	at ptolemy.actor.Manager.preinitializeAndResolveTypes(Manager.java:1040)
	at ptolemy.actor.Manager.initialize(Manager.java:710)
	at ptolemy.actor.Manager.execute(Manager.java:356)
	at ptolemy.actor.Manager.run(Manager.java:1263)
	at ptolemy.actor.Manager$PtolemyRunThread.run(Manager.java:1915)
java.lang.RuntimeException: Execution failed
	at ptolemy.moml.MoMLSimpleApplication$UnloadThread.run(MoMLSimpleApplication.java:402)
Caused by: ptolemy.kernel.util.IllegalActionException: Test fails in iteration 1.
Value was: 1.0. Should have been: 2.0
  in .DirectFeedback.Test
	at ptolemy.actor.lib.Test.fire(Test.java:268)
	at ptolemy.domains.de.kernel.DEDirector._fire(DEDirector.java:1949)
	at ptolemy.domains.de.kernel.DEDirector.fire(DEDirector.java:502)
	at ptolemy.actor.CompositeActor.fire(CompositeActor.java:455)
	at ptolemy.actor.Manager.iterate(Manager.java:851)
	at ptolemy.actor.Manager.execute(Manager.java:369)
	at ptolemy.actor.Manager.run(Manager.java:1263)
	at ptolemy.actor.Manager$PtolemyRunThread.run(Manager.java:1915)
java.lang.RuntimeException: Execution failed
	at ptolemy.moml.MoMLSimpleApplication$UnloadThread.run(MoMLSimpleApplication.java:402)
Caused by: ptolemy.kernel.util.IllegalActionException: Actor is not ready to fire.  Perhaps UpSample.prefire() returned false? Try debugging the actor by selecting "Listen to Actor".  Also, for SDF check moml for tokenConsumptionRate on input.
  in .DESDFClockTest.Play Bell.Copy1:SDF Director and .DESDFClockTest.Play Bell.UpSample
	at ptolemy.actor.sched.StaticSchedulingDirector.fire(StaticSchedulingDirector.java:227)
	at ptolemy.domains.sdf.kernel.SDFDirector.fire(SDFDirector.java:500)
	at ptolemy.actor.CompositeActor.fire(CompositeActor.java:455)
	at ptolemy.domains.de.kernel.DEDirector._fire(DEDirector.java:1949)
	at ptolemy.domains.de.kernel.DEDirector.fire(DEDirector.java:502)
	at ptolemy.actor.CompositeActor.fire(CompositeActor.java:455)
	at ptolemy.actor.Manager.iterate(Manager.java:851)
	at ptolemy.actor.Manager.execute(Manager.java:369)
	at ptolemy.actor.Manager.run(Manager.java:1263)
	at ptolemy.actor.Manager$PtolemyRunThread.run(Manager.java:1915)
java.lang.reflect.InvocationTargetException
	at sun.reflect.NativeConstructorAccessorImpl.newInstance0(Native Method)
	at sun.reflect.NativeConstructorAccessorImpl.newInstance(NativeConstructorAccessorImpl.java:62)
	at sun.reflect.DelegatingConstructorAccessorImpl.newInstance(DelegatingConstructorAccessorImpl.java:45)
	at java.lang.reflect.Constructor.newInstance(Constructor.java:423)
	at ptolemy.util.test.junit.AutoKnownFailedTests.RunModel(AutoKnownFailedTests.java:107)
	at sun.reflect.NativeMethodAccessorImpl.invoke0(Native Method)
	at sun.reflect.NativeMethodAccessorImpl.invoke(NativeMethodAccessorImpl.java:62)
	at sun.reflect.DelegatingMethodAccessorImpl.invoke(DelegatingMethodAccessorImpl.java:43)
	at java.lang.reflect.Method.invoke(Method.java:498)
	at org.junit.runners.model.FrameworkMethod$1.runReflectiveCall(FrameworkMethod.java:44)
	at org.junit.internal.runners.model.ReflectiveCallable.run(ReflectiveCallable.java:15)
	at org.junit.runners.model.FrameworkMethod.invokeExplosively(FrameworkMethod.java:41)
	at junitparams.internal.InvokeParameterisedMethod.evaluate(InvokeParameterisedMethod.java:102)
	at org.junit.internal.runners.statements.FailOnTimeout$1.run(FailOnTimeout.java:28)
Caused by: ptolemy.kernel.util.IllegalActionException: Actor is not ready to fire.  Perhaps UpSample.prefire() returned false? Try debugging the actor by selecting "Listen to Actor".  Also, for SDF check moml for tokenConsumptionRate on input.
  in .DESDFClockTest.Play Bell.Copy1:SDF Director and .DESDFClockTest.Play Bell.UpSample
	at ptolemy.actor.sched.StaticSchedulingDirector.fire(StaticSchedulingDirector.java:227)
	at ptolemy.domains.sdf.kernel.SDFDirector.fire(SDFDirector.java:500)
	at ptolemy.actor.CompositeActor.fire(CompositeActor.java:455)
	at ptolemy.domains.de.kernel.DEDirector._fire(DEDirector.java:1949)
	at ptolemy.domains.de.kernel.DEDirector.fire(DEDirector.java:502)
	at ptolemy.actor.CompositeActor.fire(CompositeActor.java:455)
	at ptolemy.actor.Manager.iterate(Manager.java:851)
	at ptolemy.actor.Manager.execute(Manager.java:369)
	at ptolemy.actor.Manager.run(Manager.java:1263)
	at ptolemy.actor.Manager$PtolemyRunThread.run(Manager.java:1915)
java.lang.RuntimeException: Execution failed
	at ptolemy.moml.MoMLSimpleApplication$UnloadThread.run(MoMLSimpleApplication.java:402)
Caused by: ptolemy.kernel.util.IllegalActionException: Test fails in iteration 1.
Value was: 1.0. Should have been: 2.0
  in .DirectFeedback.Test
	at ptolemy.actor.lib.Test.fire(Test.java:268)
	at ptolemy.domains.de.kernel.DEDirector._fire(DEDirector.java:1949)
	at ptolemy.domains.de.kernel.DEDirector.fire(DEDirector.java:502)
	at ptolemy.actor.CompositeActor.fire(CompositeActor.java:455)
	at ptolemy.actor.Manager.iterate(Manager.java:851)
	at ptolemy.actor.Manager.execute(Manager.java:369)
	at ptolemy.actor.Manager.run(Manager.java:1263)
	at ptolemy.actor.Manager$PtolemyRunThread.run(Manager.java:1915)
java.lang.reflect.InvocationTargetException
	at sun.reflect.NativeConstructorAccessorImpl.newInstance0(Native Method)
	at sun.reflect.NativeConstructorAccessorImpl.newInstance(NativeConstructorAccessorImpl.java:62)
	at sun.reflect.DelegatingConstructorAccessorImpl.newInstance(DelegatingConstructorAccessorImpl.java:45)
	at java.lang.reflect.Constructor.newInstance(Constructor.java:423)
	at ptolemy.util.test.junit.AutoKnownFailedTests.RunModel(AutoKnownFailedTests.java:107)
	at sun.reflect.NativeMethodAccessorImpl.invoke0(Native Method)
	at sun.reflect.NativeMethodAccessorImpl.invoke(NativeMethodAccessorImpl.java:62)
	at sun.reflect.DelegatingMethodAccessorImpl.invoke(DelegatingMethodAccessorImpl.java:43)
	at java.lang.reflect.Method.invoke(Method.java:498)
	at org.junit.runners.model.FrameworkMethod$1.runReflectiveCall(FrameworkMethod.java:44)
	at org.junit.internal.runners.model.ReflectiveCallable.run(ReflectiveCallable.java:15)
	at org.junit.runners.model.FrameworkMethod.invokeExplosively(FrameworkMethod.java:41)
	at junitparams.internal.InvokeParameterisedMethod.evaluate(InvokeParameterisedMethod.java:102)
	at org.junit.internal.runners.statements.FailOnTimeout$1.run(FailOnTimeout.java:28)
Caused by: ptolemy.kernel.util.IllegalActionException: Test fails in iteration 1.
Value was: 1.0. Should have been: 2.0
  in .DirectFeedback.Test
	at ptolemy.actor.lib.Test.fire(Test.java:268)
	at ptolemy.domains.de.kernel.DEDirector._fire(DEDirector.java:1949)
	at ptolemy.domains.de.kernel.DEDirector.fire(DEDirector.java:502)
	at ptolemy.actor.CompositeActor.fire(CompositeActor.java:455)
	at ptolemy.actor.Manager.iterate(Manager.java:851)
	at ptolemy.actor.Manager.execute(Manager.java:369)
	at ptolemy.actor.Manager.run(Manager.java:1263)
	at ptolemy.actor.Manager$PtolemyRunThread.run(Manager.java:1915)
java.lang.RuntimeException: Execution failed
	at ptolemy.moml.MoMLSimpleApplication$UnloadThread.run(MoMLSimpleApplication.java:402)
Caused by: ptolemy.kernel.util.IllegalActionException: Found a zero delay loop containing .HierarchicalModel.A
  in .HierarchicalModel and .HierarchicalModel.A
	at ptolemy.actor.util.CausalityInterfaceForComposites._computeOutputPortDepth(CausalityInterfaceForComposites.java:759)
	at ptolemy.actor.util.CausalityInterfaceForComposites._computeInputDepth(CausalityInterfaceForComposites.java:696)
	at ptolemy.actor.util.CausalityInterfaceForComposites._computeOutputPortDepth(CausalityInterfaceForComposites.java:765)
	at ptolemy.actor.util.CausalityInterfaceForComposites._computeInputDepth(CausalityInterfaceForComposites.java:696)
	at ptolemy.actor.util.CausalityInterfaceForComposites._computeOutputPortDepth(CausalityInterfaceForComposites.java:765)
	at ptolemy.actor.util.CausalityInterfaceForComposites._computeInputDepth(CausalityInterfaceForComposites.java:696)
	at ptolemy.actor.util.CausalityInterfaceForComposites._computeActorDepth(CausalityInterfaceForComposites.java:532)
	at ptolemy.actor.util.CausalityInterfaceForComposites.checkForCycles(CausalityInterfaceForComposites.java:96)
	at ptolemy.domains.de.kernel.DEDirector.preinitialize(DEDirector.java:1338)
	at ptolemy.actor.CompositeActor.preinitialize(CompositeActor.java:1828)
	at ptolemy.actor.Manager.preinitializeAndResolveTypes(Manager.java:1040)
	at ptolemy.actor.Manager.initialize(Manager.java:710)
	at ptolemy.actor.Manager.execute(Manager.java:356)
	at ptolemy.actor.Manager.run(Manager.java:1263)
	at ptolemy.actor.Manager$PtolemyRunThread.run(Manager.java:1915)
java.lang.reflect.InvocationTargetException
	at sun.reflect.NativeConstructorAccessorImpl.newInstance0(Native Method)
	at sun.reflect.NativeConstructorAccessorImpl.newInstance(NativeConstructorAccessorImpl.java:62)
	at sun.reflect.DelegatingConstructorAccessorImpl.newInstance(DelegatingConstructorAccessorImpl.java:45)
	at java.lang.reflect.Constructor.newInstance(Constructor.java:423)
	at ptolemy.util.test.junit.AutoKnownFailedTests.RunModel(AutoKnownFailedTests.java:107)
	at sun.reflect.NativeMethodAccessorImpl.invoke0(Native Method)
	at sun.reflect.NativeMethodAccessorImpl.invoke(NativeMethodAccessorImpl.java:62)
	at sun.reflect.DelegatingMethodAccessorImpl.invoke(DelegatingMethodAccessorImpl.java:43)
	at java.lang.reflect.Method.invoke(Method.java:498)
	at org.junit.runners.model.FrameworkMethod$1.runReflectiveCall(FrameworkMethod.java:44)
	at org.junit.internal.runners.model.ReflectiveCallable.run(ReflectiveCallable.java:15)
	at org.junit.runners.model.FrameworkMethod.invokeExplosively(FrameworkMethod.java:41)
	at junitparams.internal.InvokeParameterisedMethod.evaluate(InvokeParameterisedMethod.java:102)
	at org.junit.internal.runners.statements.FailOnTimeout$1.run(FailOnTimeout.java:28)
Caused by: ptolemy.kernel.util.IllegalActionException: Found a zero delay loop containing .HierarchicalModel.A
  in .HierarchicalModel and .HierarchicalModel.A
	at ptolemy.actor.util.CausalityInterfaceForComposites._computeOutputPortDepth(CausalityInterfaceForComposites.java:759)
	at ptolemy.actor.util.CausalityInterfaceForComposites._computeInputDepth(CausalityInterfaceForComposites.java:696)
	at ptolemy.actor.util.CausalityInterfaceForComposites._computeOutputPortDepth(CausalityInterfaceForComposites.java:765)
	at ptolemy.actor.util.CausalityInterfaceForComposites._computeInputDepth(CausalityInterfaceForComposites.java:696)
	at ptolemy.actor.util.CausalityInterfaceForComposites._computeOutputPortDepth(CausalityInterfaceForComposites.java:765)
	at ptolemy.actor.util.CausalityInterfaceForComposites._computeInputDepth(CausalityInterfaceForComposites.java:696)
	at ptolemy.actor.util.CausalityInterfaceForComposites._computeActorDepth(CausalityInterfaceForComposites.java:532)
	at ptolemy.actor.util.CausalityInterfaceForComposites.checkForCycles(CausalityInterfaceForComposites.java:96)
	at ptolemy.domains.de.kernel.DEDirector.preinitialize(DEDirector.java:1338)
	at ptolemy.actor.CompositeActor.preinitialize(CompositeActor.java:1828)
	at ptolemy.actor.Manager.preinitializeAndResolveTypes(Manager.java:1040)
	at ptolemy.actor.Manager.initialize(Manager.java:710)
	at ptolemy.actor.Manager.execute(Manager.java:356)
	at ptolemy.actor.Manager.run(Manager.java:1263)
	at ptolemy.actor.Manager$PtolemyRunThread.run(Manager.java:1915)
java.lang.RuntimeException: Execution failed
	at ptolemy.moml.MoMLSimpleApplication$UnloadThread.run(MoMLSimpleApplication.java:402)
Caused by: ptolemy.kernel.util.IllegalActionException: Found a zero delay loop containing .dependencyLoop.original
  in .dependencyLoop and .dependencyLoop.original
	at ptolemy.actor.util.CausalityInterfaceForComposites._computeOutputPortDepth(CausalityInterfaceForComposites.java:759)
	at ptolemy.actor.util.CausalityInterfaceForComposites._computeInputDepth(CausalityInterfaceForComposites.java:696)
	at ptolemy.actor.util.CausalityInterfaceForComposites._computeOutputPortDepth(CausalityInterfaceForComposites.java:765)
	at ptolemy.actor.util.CausalityInterfaceForComposites._computeInputDepth(CausalityInterfaceForComposites.java:696)
	at ptolemy.actor.util.CausalityInterfaceForComposites._computeOutputPortDepth(CausalityInterfaceForComposites.java:765)
	at ptolemy.actor.util.CausalityInterfaceForComposites._computeInputDepth(CausalityInterfaceForComposites.java:696)
	at ptolemy.actor.util.CausalityInterfaceForComposites._computeActorDepth(CausalityInterfaceForComposites.java:532)
	at ptolemy.actor.util.CausalityInterfaceForComposites.checkForCycles(CausalityInterfaceForComposites.java:96)
	at ptolemy.domains.de.kernel.DEDirector.preinitialize(DEDirector.java:1338)
	at ptolemy.actor.CompositeActor.preinitialize(CompositeActor.java:1828)
	at ptolemy.actor.Manager.preinitializeAndResolveTypes(Manager.java:1040)
	at ptolemy.actor.Manager.initialize(Manager.java:710)
	at ptolemy.actor.Manager.execute(Manager.java:356)
	at ptolemy.actor.Manager.run(Manager.java:1263)
	at ptolemy.actor.Manager$PtolemyRunThread.run(Manager.java:1915)
java.lang.reflect.InvocationTargetException
	at sun.reflect.NativeConstructorAccessorImpl.newInstance0(Native Method)
	at sun.reflect.NativeConstructorAccessorImpl.newInstance(NativeConstructorAccessorImpl.java:62)
	at sun.reflect.DelegatingConstructorAccessorImpl.newInstance(DelegatingConstructorAccessorImpl.java:45)
	at java.lang.reflect.Constructor.newInstance(Constructor.java:423)
	at ptolemy.util.test.junit.AutoKnownFailedTests.RunModel(AutoKnownFailedTests.java:107)
	at sun.reflect.NativeMethodAccessorImpl.invoke0(Native Method)
	at sun.reflect.NativeMethodAccessorImpl.invoke(NativeMethodAccessorImpl.java:62)
	at sun.reflect.DelegatingMethodAccessorImpl.invoke(DelegatingMethodAccessorImpl.java:43)
	at java.lang.reflect.Method.invoke(Method.java:498)
	at org.junit.runners.model.FrameworkMethod$1.runReflectiveCall(FrameworkMethod.java:44)
	at org.junit.internal.runners.model.ReflectiveCallable.run(ReflectiveCallable.java:15)
	at org.junit.runners.model.FrameworkMethod.invokeExplosively(FrameworkMethod.java:41)
	at junitparams.internal.InvokeParameterisedMethod.evaluate(InvokeParameterisedMethod.java:102)
	at org.junit.internal.runners.statements.FailOnTimeout$1.run(FailOnTimeout.java:28)
Caused by: ptolemy.kernel.util.IllegalActionException: Found a zero delay loop containing .dependencyLoop.original
  in .dependencyLoop and .dependencyLoop.original
	at ptolemy.actor.util.CausalityInterfaceForComposites._computeOutputPortDepth(CausalityInterfaceForComposites.java:759)
	at ptolemy.actor.util.CausalityInterfaceForComposites._computeInputDepth(CausalityInterfaceForComposites.java:696)
	at ptolemy.actor.util.CausalityInterfaceForComposites._computeOutputPortDepth(CausalityInterfaceForComposites.java:765)
	at ptolemy.actor.util.CausalityInterfaceForComposites._computeInputDepth(CausalityInterfaceForComposites.java:696)
	at ptolemy.actor.util.CausalityInterfaceForComposites._computeOutputPortDepth(CausalityInterfaceForComposites.java:765)
	at ptolemy.actor.util.CausalityInterfaceForComposites._computeInputDepth(CausalityInterfaceForComposites.java:696)
	at ptolemy.actor.util.CausalityInterfaceForComposites._computeActorDepth(CausalityInterfaceForComposites.java:532)
	at ptolemy.actor.util.CausalityInterfaceForComposites.checkForCycles(CausalityInterfaceForComposites.java:96)
	at ptolemy.domains.de.kernel.DEDirector.preinitialize(DEDirector.java:1338)
	at ptolemy.actor.CompositeActor.preinitialize(CompositeActor.java:1828)
	at ptolemy.actor.Manager.preinitializeAndResolveTypes(Manager.java:1040)
	at ptolemy.actor.Manager.initialize(Manager.java:710)
	at ptolemy.actor.Manager.execute(Manager.java:356)
	at ptolemy.actor.Manager.run(Manager.java:1263)
	at ptolemy.actor.Manager$PtolemyRunThread.run(Manager.java:1915)
java.lang.RuntimeException: Execution failed
	at ptolemy.moml.MoMLSimpleApplication$UnloadThread.run(MoMLSimpleApplication.java:402)
Caused by: ptolemy.kernel.util.IllegalActionException: Found a zero delay loop containing .dependencyLoop2.original
  in .dependencyLoop2 and .dependencyLoop2.original
	at ptolemy.actor.util.CausalityInterfaceForComposites._computeOutputPortDepth(CausalityInterfaceForComposites.java:759)
	at ptolemy.actor.util.CausalityInterfaceForComposites._computeInputDepth(CausalityInterfaceForComposites.java:696)
	at ptolemy.actor.util.CausalityInterfaceForComposites._computeOutputPortDepth(CausalityInterfaceForComposites.java:765)
	at ptolemy.actor.util.CausalityInterfaceForComposites._computeInputDepth(CausalityInterfaceForComposites.java:696)
	at ptolemy.actor.util.CausalityInterfaceForComposites._computeOutputPortDepth(CausalityInterfaceForComposites.java:765)
	at ptolemy.actor.util.CausalityInterfaceForComposites._computeInputDepth(CausalityInterfaceForComposites.java:696)
	at ptolemy.actor.util.CausalityInterfaceForComposites._computeActorDepth(CausalityInterfaceForComposites.java:532)
	at ptolemy.actor.util.CausalityInterfaceForComposites.checkForCycles(CausalityInterfaceForComposites.java:96)
	at ptolemy.domains.de.kernel.DEDirector.preinitialize(DEDirector.java:1338)
	at ptolemy.actor.CompositeActor.preinitialize(CompositeActor.java:1828)
	at ptolemy.actor.Manager.preinitializeAndResolveTypes(Manager.java:1040)
	at ptolemy.actor.Manager.initialize(Manager.java:710)
	at ptolemy.actor.Manager.execute(Manager.java:356)
	at ptolemy.actor.Manager.run(Manager.java:1263)
	at ptolemy.actor.Manager$PtolemyRunThread.run(Manager.java:1915)
java.lang.reflect.InvocationTargetException
	at sun.reflect.NativeConstructorAccessorImpl.newInstance0(Native Method)
	at sun.reflect.NativeConstructorAccessorImpl.newInstance(NativeConstructorAccessorImpl.java:62)
	at sun.reflect.DelegatingConstructorAccessorImpl.newInstance(DelegatingConstructorAccessorImpl.java:45)
	at java.lang.reflect.Constructor.newInstance(Constructor.java:423)
	at ptolemy.util.test.junit.AutoKnownFailedTests.RunModel(AutoKnownFailedTests.java:107)
	at sun.reflect.NativeMethodAccessorImpl.invoke0(Native Method)
	at sun.reflect.NativeMethodAccessorImpl.invoke(NativeMethodAccessorImpl.java:62)
	at sun.reflect.DelegatingMethodAccessorImpl.invoke(DelegatingMethodAccessorImpl.java:43)
	at java.lang.reflect.Method.invoke(Method.java:498)
	at org.junit.runners.model.FrameworkMethod$1.runReflectiveCall(FrameworkMethod.java:44)
	at org.junit.internal.runners.model.ReflectiveCallable.run(ReflectiveCallable.java:15)
	at org.junit.runners.model.FrameworkMethod.invokeExplosively(FrameworkMethod.java:41)
	at junitparams.internal.InvokeParameterisedMethod.evaluate(InvokeParameterisedMethod.java:102)
	at org.junit.internal.runners.statements.FailOnTimeout$1.run(FailOnTimeout.java:28)
Caused by: ptolemy.kernel.util.IllegalActionException: Found a zero delay loop containing .dependencyLoop2.original
  in .dependencyLoop2 and .dependencyLoop2.original
	at ptolemy.actor.util.CausalityInterfaceForComposites._computeOutputPortDepth(CausalityInterfaceForComposites.java:759)
	at ptolemy.actor.util.CausalityInterfaceForComposites._computeInputDepth(CausalityInterfaceForComposites.java:696)
	at ptolemy.actor.util.CausalityInterfaceForComposites._computeOutputPortDepth(CausalityInterfaceForComposites.java:765)
	at ptolemy.actor.util.CausalityInterfaceForComposites._computeInputDepth(CausalityInterfaceForComposites.java:696)
	at ptolemy.actor.util.CausalityInterfaceForComposites._computeOutputPortDepth(CausalityInterfaceForComposites.java:765)
	at ptolemy.actor.util.CausalityInterfaceForComposites._computeInputDepth(CausalityInterfaceForComposites.java:696)
	at ptolemy.actor.util.CausalityInterfaceForComposites._computeActorDepth(CausalityInterfaceForComposites.java:532)
	at ptolemy.actor.util.CausalityInterfaceForComposites.checkForCycles(CausalityInterfaceForComposites.java:96)
	at ptolemy.domains.de.kernel.DEDirector.preinitialize(DEDirector.java:1338)
	at ptolemy.actor.CompositeActor.preinitialize(CompositeActor.java:1828)
	at ptolemy.actor.Manager.preinitializeAndResolveTypes(Manager.java:1040)
	at ptolemy.actor.Manager.initialize(Manager.java:710)
	at ptolemy.actor.Manager.execute(Manager.java:356)
	at ptolemy.actor.Manager.run(Manager.java:1263)
	at ptolemy.actor.Manager$PtolemyRunThread.run(Manager.java:1915)
]]></system-err>
</testsuite>
