<?xml version="1.0" encoding="UTF-8" ?>
<testsuite errors="0" failures="0" hostname="travis-job-5e2dffd0-c678-4816-8b1a-40cb5d18c1be" name="ptolemy.domains.de.test.junit.JUnitTclTest" skipped="0" tests="101" time="124.555" timestamp="2020-08-19T15:28:30">
  <properties>
    <property name="npm.executable" value="npm" />
    <property name="env.TRAVIS_ROOT" value="/" />
    <property name="ptII.mk.exists" value="true" />
    <property name="env.TRAVIS_APP_HOST" value="build.travis-ci.org" />
    <property name="env.rvm_bin_path" value="/home/travis/.rvm/bin" />
    <property name="java.home" value="/usr/local/lib/jvm/openjdk11" />
    <property name="env.TRAVIS_JOB_NUMBER" value="1737.9" />
    <property name="env.TRAVIS_HOME" value="/home/travis" />
    <property name="env.DISPLAY" value=":99.0" />
    <property name="env.TRAVIS_INIT" value="systemd" />
    <property name="env.SSH_TTY" value="/dev/pts/0" />
    <property name="java.net.preferIPv4Stack" value="true" />
    <property name="env.RUN_TESTS" value="true" />
    <property name="timeout.short" value="1000000" />
    <property name="junit.formatter" value="xml" />
    <property name="env.TRAVIS_SUDO" value="true" />
    <property name="env.TRAVIS_JOB_NAME" value="" />
    <property name="env.TRAVIS_STACK_NODE_ATTRIBUTES" value="/.node-attributes.yml" />
    <property name="env.LOGNAME" value="travis" />
    <property name="jsdoc.home" value="node_modules/@terraswarm/jsdoc" />
    <property name="debuglevel" value="source,lines,vars" />
    <property name="checkstyle.formatter" value="xml" />
    <property name="bin.vergil.makeable" value="true" />
    <property name="sun.os.patch.level" value="unknown" />
    <property name="java.vendor.url" value="http://java.oracle.com/" />
    <property name="env.TRAVIS_BUILD_WEB_URL" value="https://travis-ci.org/icyphy/ptII/builds/719313736" />
    <property name="java.version" value="11.0.2" />
    <property name="env.TZ" value="UTC" />
    <property name="env.TRAVIS_PULL_REQUEST_SHA" value="" />
    <property name="env.PT_NO_NET" value="true" />
    <property name="env.TRAVIS_SECURE_ENV_VARS" value="true" />
    <property name="java.vendor.url.bug" value="http://bugreport.java.com/bugreport/" />
    <property name="npmjs-org-is-up" value="true" />
    <property name="env.LANGUAGE" value="en_US.UTF-8" />
    <property name="env.SSH_CLIENT" value="10.44.0.113 57344 22" />
    <property name="env.GEM_HOME" value="/home/travis/.rvm/gems/ruby-2.5.3" />
    <property name="env.HAS_ANTARES_THREE_LITTLE_FRONZIES_BADGE" value="true" />
    <property name="java.version.date" value="2019-01-15" />
    <property name="env.PS4" value="+" />
    <property name="ant.project.invoked-targets" value="build,test.core2.xml" />
    <property name="env.TRAVIS_PULL_REQUEST_BRANCH" value="" />
    <property name="env.TRAVIS_REPO_SLUG" value="icyphy/ptII" />
    <property name="env.XDG_DATA_DIRS" value="/usr/local/share:/usr/share:/var/lib/snapd/desktop" />
    <property name="jdk.debug" value="release" />
    <property name="env.TRAVIS_APT_PROXY" value="http://build-cache.travisci.net" />
    <property name="env.TRAVIS_CPU_ARCH" value="amd64" />
    <property name="node.in.path" value="true" />
    <property name="user.name" value="travis" />
    <property name="java.maxmemory" value="1400m" />
    <property name="env.RUBY_VERSION" value="ruby-2.5.3" />
    <property name="env.LANG" value="en_US.UTF-8" />
    <property name="sun.io.unicode.encoding" value="UnicodeLittle" />
    <property name="sun.jnu.encoding" value="UTF-8" />
    <property name="java.runtime.name" value="OpenJDK Runtime Environment" />
    <property name="usefile" value="false" />
    <property name="return.code" value="0" />
    <property name="junit.single.formatter" value="plain" />
    <property name="env.DYLD_LIBRARY_PATH" value="/home/travis/pthla/certi-tools/lib:" />
    <property name="env.DEBIAN_FRONTEND" value="noninteractive" />
    <property name="env.SSH_CONNECTION" value="10.44.0.113 57344 10.20.1.161 22" />
    <property name="env.MYSQL_UNIX_PORT" value="/var/run/mysqld/mysqld.sock" />
    <property name="env.LC_ALL" value="en_US.UTF-8" />
    <property name="env.TRAVIS_ALLOW_FAILURE" value="" />
    <property name="env.TRAVIS_JOB_WEB_URL" value="https://travis-ci.org/icyphy/ptII/jobs/719313746" />
    <property name="java.specification.name" value="Java Platform API Specification" />
    <property name="node.works" value="true" />
    <property name="user.timezone" value="" />
    <property name="path.separator" value=":" />
    <property name="env.TRAVIS_ENABLE_INFRA_DETECTION" value="true" />
    <property name="env.PYTHON_CFLAGS" value="-g -fstack-protector --param=ssp-buffer-size=4 -Wformat -Werror=format-security" />
    <property name="timeout.long" value="4000000" />
    <property name="env.CERTI_HOME" value="/home/travis/pthla/certi-tools" />
    <property name="ant.file.ptII" value="/home/travis/build/icyphy/ptII/build.xml" />
    <property name="javadoc.packagenames" value="com.*,diva.*,lbnl.*,org.hlacerti.*,org.json.*,org.ptolemy.*,org.terraswarm.*,ptolemy.*,ptserver.*" />
    <property name="file.encoding" value="UTF-8" />
    <property name="env.TRAVIS_PULL_REQUEST_SLUG" value="" />
    <property name="ant.project.default-target" value="build" />
    <property name="env.GIT_ASKPASS" value="echo" />
    <property name="env.HOME" value="/home/travis" />
    <property name="sun.java.command" value="org.apache.tools.ant.taskdefs.optional.junit.JUnitTestRunner ptolemy.domains.de.test.junit.JUnitTclTest skipNonTests=false filtertrace=true haltOnError=false haltOnFailure=false formatter=org.apache.tools.ant.taskdefs.optional.junit.OutErrSummaryJUnitResultFormatter showoutput=true outputtoformatters=true logfailedtests=true threadid=0 logtestlistenerevents=false formatter=org.apache.tools.ant.taskdefs.optional.junit.XMLJUnitResultFormatter,/home/travis/build/icyphy/ptII/reports/junit/TEST-ptolemy.domains.de.test.junit.JUnitTclTest.xml crashfile=/home/travis/build/icyphy/ptII/junitvmwatcher5754781300080394090.properties propsfile=/home/travis/build/icyphy/ptII/junit16127310149715093169.properties" />
    <property name="env.COMPOSER_NO_INTERACTION" value="1" />
    <property name="env.MANPATH" value="/home/travis/.nvm/versions/node/v7.10.1/share/man:/home/travis/.rvm/rubies/ruby-2.5.3/share/man:/usr/local/cmake-3.12.4/man:/usr/local/clang-7.0.0/share/man:/usr/local/man:/usr/local/share/man:/usr/share/man:/home/travis/.rvm/man" />
    <property name="env.TRAVIS_TIMER_ID" value="0999eec8" />
    <property name="ant.file" value="/home/travis/build/icyphy/ptII/build.xml" />
    <property name="env.TRAVIS_COMMIT_RANGE" value="17979da7832bb1a899771395d4b6dec33713c3c1...3bb573e462e9b4151952318d01b7e361e9f419ad" />
    <property name="ptII.classpath.optional.property" value="/home/travis/build/icyphy/ptII/lib/bsh-2.0b4.jar:/home/travis/build/icyphy/ptII/lib/ptCal.jar:/home/travis/build/icyphy/ptII/lib/java_cup.jar:/home/travis/build/icyphy/ptII/lib/saxon8.jar:/home/travis/build/icyphy/ptII/lib/saxon8-dom.jar:/home/travis/build/icyphy/ptII/lib/chic.jar:/home/travis/build/icyphy/ptII/lib/ptcolt.jar:/home/travis/build/icyphy/ptII/vendors/misc/itext/iText.jar:/home/travis/build/icyphy/ptII/lib/g4ltl.jar:/home/travis/build/icyphy/ptII/lib/StructuralCoder.jar:/home/travis/build/icyphy/ptII/lib/jcerti.jar:/home/travis/build/icyphy/ptII/lib/javax.mail.jar:/home/travis/build/icyphy/ptII/vendors/JMF-2.1.1e/lib/jmf.jar:/home/travis/build/icyphy/ptII/lib/jna-4.0.0-variadic.jar:/home/travis/build/icyphy/ptII/vendors/misc/joystick/Joystick.jar:/home/travis/build/icyphy/ptII/lib/ptjacl.jar:/home/travis/build/icyphy/ptII/lib/jsoup-1.8.2.jar:/home/travis/build/icyphy/ptII/lib/junit-4.8.2.jar:/home/travis/build/icyphy/ptII/lib/JUnitParams-0.4.0.jar:/home/travis/build/icyphy/ptII/ptolemy/actor/lib/excel/jxl.jar:/home/travis/build/icyphy/ptII/lib/jython.jar:/home/travis/build/icyphy/ptII/lib/kieler.jar:/home/travis/build/icyphy/ptII/vendors/opencv/share/OpenCV/java/opencv-341.jar:/home/travis/build/icyphy/ptII/lib/oscP5.jar:/home/travis/build/icyphy/ptII/lib/nrjavaserial-3.11.0.devel.jar:/home/travis/build/icyphy/ptII/vendors/j3d/lib/Linux/j3dcore.jar:/home/travis/build/icyphy/ptII/vendors/j3d/lib/Linux/j3dutils.jar:/home/travis/build/icyphy/ptII/vendors/j3d/lib/Linux/vecmath.jar:/home/travis/build/icyphy/ptII/vendors/jogl/lib/Linux/gluegen-rt-natives-linux-amd64.jar:/home/travis/build/icyphy/ptII/vendors/jogl/lib/Linux/gluegen-rt.jar:/home/travis/build/icyphy/ptII/vendors/jogl/lib/Linux/jogl-all-natives-linux-amd64.jar:/home/travis/build/icyphy/ptII/vendors/jogl/lib/Linux/jogl-all.jar:/home/travis/build/icyphy/ptII/ptolemy/distributed/jini/jar/jini-core.jar:/home/travis/build/icyphy/ptII/ptolemy/distributed/jini/jar/jini-ext.jar:/home/travis/build/icyphy/ptII/ptolemy/distributed/jini/jar/sun-util.jar:/home/travis/build/icyphy/ptII/lib/protobuf-java-2.4.1.jar:/home/travis/build/icyphy/ptII/lib/org.eclipse.paho.client.mqttv3.jar:/home/travis/build/icyphy/ptII/lib/mapss.jar:/home/travis/build/icyphy/ptII/ptolemy/actor/ptalon/antlr/antlr.jar:/home/travis/build/icyphy/ptII/lib/JRI.jar:/home/travis/build/icyphy/ptII/lib/commons-lang-2.6.jar:/home/travis/build/icyphy/ptII/lib/commons-logging-1.1.1.jar:/home/travis/build/icyphy/ptII/lib/sootclasses.jar:/home/travis/build/icyphy/ptII/ptolemy/actor/lib/database/mysql-connector-java-5.1.6-bin.jar:/home/travis/build/icyphy/ptII/vendors/misc/sphinx4/sphinx4-data-5prealpha.jar:/home/travis/build/icyphy/ptII/vendors/misc/sphinx4/sphinx4-core-5prealpha.jar:/home/travis/build/icyphy/ptII/lib/PDFRenderer.jar:/home/travis/build/icyphy/ptII/lib/svgSalamander.jar:/home/travis/build/icyphy/ptII/lib/rsyntaxtextarea-2.6.0-SNAPSHOT.jar:/home/travis/build/icyphy/ptII/lib/hazelcast-3.8.2.jar:/home/travis/build/icyphy/ptII/lib/jackson-annotations-2.9.0.jar:/home/travis/build/icyphy/ptII/lib/jackson-core-2.9.3.jar:/home/travis/build/icyphy/ptII/lib/jackson-databind-2.9.3.jar:/home/travis/build/icyphy/ptII/lib/netty-buffer-4.1.19.Final.jar:/home/travis/build/icyphy/ptII/lib/netty-codec-4.1.19.Final.jar:/home/travis/build/icyphy/ptII/lib/netty-codec-dns-4.1.19.Final.jar:/home/travis/build/icyphy/ptII/lib/netty-codec-http-4.1.19.Final.jar:/home/travis/build/icyphy/ptII/lib/netty-codec-http2-4.1.19.Final.jar:/home/travis/build/icyphy/ptII/lib/netty-common-4.1.19.Final.jar:/home/travis/build/icyphy/ptII/lib/netty-handler-4.1.19.Final.jar:/home/travis/build/icyphy/ptII/lib/netty-resolver-4.1.19.Final.jar:/home/travis/build/icyphy/ptII/lib/netty-resolver-dns-4.1.19.Final.jar:/home/travis/build/icyphy/ptII/lib/netty-transport-4.1.19.Final.jar:/home/travis/build/icyphy/ptII/lib/vertx-codegen-3.5.1.jar:/home/travis/build/icyphy/ptII/lib/vertx-core-3.5.2-SNAPSHOT.jar:/home/travis/build/icyphy/ptII/lib/vertx-hazelcast-3.5.1.jar:/home/travis/build/icyphy/ptII/lib/vertx-lang-js-3.5.1.jar:/home/travis/build/icyphy/ptII/lib/vertx-service-proxy-3.5.1.jar:/home/travis/build/icyphy/ptII/lib/vertx-web-3.5.1.jar:/home/travis/build/icyphy/ptII/lib/slf4j-api-1.7.13.jar:/home/travis/build/icyphy/ptII/lib/slf4j-simple-1.7.13.jar:/home/travis/build/icyphy/ptII/lib/webcam-capture-0.3.12.jar:/home/travis/build/icyphy/ptII/lib/bridj-0.7.0.jar:/home/travis/build/icyphy/ptII/lib/xbjlib-1.1.0.nrjavaserial.jar" />
    <property name="timeout" value="2400000" />
    <property name="test.batch" value="**/junit/*.java" />
    <property name="env._" value="/usr/bin/timeout" />
    <property name="java.io.tmpdir" value="/tmp" />
    <property name="user.language" value="en" />
    <property name="env.TRAVIS_INTERNAL_RUBY_REGEX" value="^ruby-(2\.[0-4]\.[0-9]|1\.9\.3)" />
    <property name="env.HISTCONTROL" value="ignoredups:ignorespace" />
    <property name="env.GOROOT" value="/home/travis/.gimme/versions/go1.11.1.linux.amd64" />
    <property name="line.separator" value="&#xa;" />
    <property name="target" value="11" />
    <property name="env.TRAVIS_BUILD_DIR" value="/home/travis/build/icyphy/ptII" />
    <property name="env.ANT_OPTS" value="-Xmx2048m" />
    <property name="ant.file.type" value="file" />
    <property name="ptolemy.ptII.batchMode" value="true" />
    <property name="env.HISTSIZE" value="1000" />
    <property name="env.MERB_ENV" value="test" />
    <property name="java.vm.info" value="mixed mode" />
    <property name="source" value="11" />
    <property name="java.vm.specification.name" value="Java Virtual Machine Specification" />
    <property name="env.TRAVIS_TEST_RESULT" value="0" />
    <property name="jsdoc.command" value="node_modules/@terraswarm/jsdoc/jsdoc.js" />
    <property name="npm.works" value="true" />
    <property name="cobertura.dir" value="/home/travis/build/icyphy/ptII/vendors/cobertura-2.0.3" />
    <property name="jsdoc.command.exists" value="true" />
    <property name="env.rvm_path" value="/home/travis/.rvm" />
    <property name="env.GEM_PATH" value="/home/travis/.rvm/gems/ruby-2.5.3:/home/travis/.rvm/gems/ruby-2.5.3@global" />
    <property name="env.LC_CTYPE" value="en_US.UTF-8" />
    <property name="env.TRAVIS_CMD" value="$PTII/bin/ptIITravisBuild.sh $SECONDS" />
    <property name="java.awt.printerjob" value="sun.print.PSPrinterJob" />
    <property name="env.TRAVIS_STACK_NAME" value="sardonyx" />
    <property name="env.TRAVIS_TIMER_START_TIME" value="1597850707128134395" />
    <property name="ant.version" value="Apache Ant(TM) version 1.10.1 compiled on February 2 2017" />
    <property name="ptII.reports" value="/home/travis/build/icyphy/ptII/reports" />
    <property name="env.TRAVIS_STACK_TIMESTAMP" value="2020-06-24 13:13:18 UTC" />
    <property name="ant.file.type.ptII" value="file" />
    <property name="env.RBENV_SHELL" value="bash" />
    <property name="os.name" value="Linux" />
    <property name="java.specification.vendor" value="Oracle Corporation" />
    <property name="env.rvm_version" value="1.29.10 (latest)" />
    <property name="env.TRAVIS_INFRA" value="unknown" />
    <property name="env.TERM" value="xterm" />
    <property name="java.vm.name" value="OpenJDK 64-Bit Server VM" />
    <property name="env.TRAVIS_BUILD_NUMBER" value="1737" />
    <property name="env.CI" value="true" />
    <property name="java.library.path" value="/home/travis/pthla/certi-tools/lib:/usr/lib/jni:/usr/local/share/OpenCV/java/:/usr/share/OpenCV/java::/usr/java/packages/lib:/usr/lib64:/lib64:/lib:/usr/lib" />
    <property name="jdk.module.path" value="/home/travis/build/icyphy/ptII/vendors/javafx/javafx-sdk-11.0.2/lib:" />
    <property name="env.rvm_prefix" value="/home/travis" />
    <property name="env.PATH" value="/home/travis/pthla/certi-tools/share/scripts:/home/travis/.rvm/gems/ruby-2.5.3/bin:/home/travis/.rvm/gems/ruby-2.5.3@global/bin:/home/travis/.rvm/rubies/ruby-2.5.3/bin:/home/travis/.rvm/bin:/home/travis/.nvm/versions/node/v7.10.1/bin:./node_modules/.bin:/home/travis/build/icyphy/ptII/bin:/home/travis/pthla/certi-tools/bin:/home/travis/bin:/home/travis/.local/bin:/usr/local/lib/jvm/openjdk11/bin:/opt/pyenv/shims:/home/travis/.phpenv/shims:/home/travis/perl5/perlbrew/bin:/home/travis/gopath/bin:/home/travis/.gimme/versions/go1.11.1.linux.amd64/bin:/usr/local/maven-3.6.3/bin:/usr/local/cmake-3.12.4/bin:/usr/local/clang-7.0.0/bin:/usr/local/sbin:/usr/local/bin:/usr/sbin:/usr/bin:/sbin:/bin:/snap/bin:/home/travis/.phpenv/bin:/opt/pyenv/bin:/home/travis/.yarn/bin" />
    <property name="env.TRAVIS_OS_NAME" value="linux" />
    <property name="ant.java.version" value="9" />
    <property name="basedir" value="/home/travis/build/icyphy/ptII" />
    <property name="java.class.version" value="55.0" />
    <property name="env.SHLVL" value="3" />
    <property name="env.LD_LIBRARY_PATH" value="/home/travis/pthla/certi-tools/lib:/usr/lib/jni:/usr/local/share/OpenCV/java/:/usr/share/OpenCV/java:" />
    <property name="env.RACK_ENV" value="test" />
    <property name="ant.home" value="/home/travis/build/icyphy/ptII/ant" />
    <property name="env.NVM_DIR" value="/home/travis/.nvm" />
    <property name="env.CERTI_FOM_PATH" value="/home/travis/pthla/certi-tools/share/federations" />
    <property name="env.TRAVIS_BUILD_ID" value="719313736" />
    <property name="env.PYENV_ROOT" value="/opt/pyenv" />
    <property name="env.TRAVIS_UID" value="2000" />
    <property name="prism.verbose" value="true" />
    <property name="env.NVM_BIN" value="/home/travis/.nvm/versions/node/v7.10.1/bin" />
    <property name="env.TRAVIS_COMMIT" value="3bb573e462e9b4151952318d01b7e361e9f419ad" />
    <property name="node.executable" value="node" />
    <property name="sun.boot.library.path" value="/usr/local/lib/jvm/openjdk11/lib" />
    <property name="sun.management.compiler" value="HotSpot 64-Bit Tiered Compilers" />
    <property name="java.awt.graphicsenv" value="sun.awt.X11GraphicsEnvironment" />
    <property name="env.GOPATH" value="/home/travis/gopath" />
    <property name="ptolemy.ptII.dir" value="/home/travis/build/icyphy/ptII" />
    <property name="env.USER" value="travis" />
    <property name="env.HISTFILESIZE" value="2000" />
    <property name="env.NVM_INC" value="/home/travis/.nvm/versions/node/v7.10.1/include/node" />
    <property name="timeout.longest" value="19000000" />
    <property name="env.PERLBREW_SHELLRC_VERSION" value="0.88" />
    <property name="env.TRAVIS_STACK_FEATURES" value="basic couchdb disabled-ipv6 docker docker-compose elasticsearch firefox go-toolchain google-chrome jdk memcached mongodb mysql nodejs_interpreter perl_interpreter perlbrew phantomjs postgresql python_interpreter redis ruby_interpreter sqlite xserver" />
    <property name="env.TRAVIS_PULL_REQUEST" value="false" />
    <property name="env.PYENV_SHELL" value="bash" />
    <property name="ant.project.name" value="ptII" />
    <property name="env.ANSI_RESET" value="\033[0m" />
    <property name="java.vm.specification.version" value="11" />
    <property name="env.TRAVIS_DIST" value="xenial" />
    <property name="env.CERTI_VERSION" value="4.0.0" />
    <property name="env.CERTI_HOST" value="localhost" />
    <property name="awt.toolkit" value="sun.awt.X11.XToolkit" />
    <property name="env.MY_RUBY_HOME" value="/home/travis/.rvm/rubies/ruby-2.5.3" />
    <property name="sun.cpu.isalist" value="" />
    <property name="env.TRAVIS_TMPDIR" value="/tmp/tmp.ht32lVv3iV" />
    <property name="java.vm.compressedOopsMode" value="Zero based" />
    <property name="os.version" value="4.15.0-1077-gcp" />
    <property name="user.home" value="/home/travis" />
    <property name="java.vm.vendor" value="Oracle Corporation" />
    <property name="env.TRAVIS_TAG" value="nightly" />
    <property name="env.ANSI_YELLOW" value="\033[33;1m" />
    <property name="env.TRAVIS_FILTERED" value="redirect_io" />
    <property name="env.ANSI_GREEN" value="\033[32;1m" />
    <property name="env.JAVA_HOME" value="/usr/local/lib/jvm/openjdk11" />
    <property name="javadoc.excludepackagenames" value="adm.cvs2svn.*,build.*,config.*,doc.coding.templates.*,jni.test.jni.meaningOfLife.*,jni.test.jni.testDeux.*,jni.test.jni.testTrois.*,org.terraswarm.accessor.accessors.web.node_modules.*,org.terraswarm.accessor.accessors.web.hosts.cordova.demo.*,org.terraswarm.accessor.accessors.web.hosts.cordova.plugins.*,org.terraswarm.accessor.accessors-svn.*,pt-modules.*,ptolemy.apps.agilent.*,ptolemy.apps.anytimecontrol.*,ptolemy.apps.apes.*,ptolemy.apps.charon.*,ptolemy.apps.crazyboard.*,ptolemy.apps.eclipse.*,ptolemy.apps.etherealSting.*,ptolemy.apps.fullscreen.*,ptolemy.apps.giotto.*,ptolemy.apps.ia.*,ptolemy.apps.interfaces.*,ptolemy.apps.jmf.*,ptolemy.apps.kurt.*,ptolemy.apps.kvm.*,ptolemy.apps.lego.*,ptolemy.apps.lejos.*,ptolemy.apps.midp.*,ptolemy.apps.mobileCoding.*,ptolemy.apps.pendulum.*,ptolemy.apps.rijndael.*,ptolemy.apps.robot.*,ptolemy.apps.security.*,ptolemy.apps.sobel.*,ptolemy.apps.soot.*,ptolemy.apps.throttle.*,ptolemy.apps.tini.*,ptolemy.apps.transmission.*,ptolemy.apps.vergil.*,ptolemy.apps.waba.*,ptolemy.apps.websensor.*,ptolemy.apps.webstart.*,ptolemy.apps.xsl.*,ptolemy.apps.zaurus.*,ptolemy.codegen.c.actor.lib.oldJavaFiles.*,ptolemy.codegen.dsp.lib.*,ptolemy.codegen.kernel.newInterfaces.*,ptolemy.codegen.lib.*,ptolemy.copernicus.kernel.fragment.*,ptolemy.copernicus.shallow.cg.*,ptolemy.domains.giotto.demo.Hierarchy.Hierarchy.*,ptolemy.domains.giotto.demo.Multimode.Multimode.*,ptolemy.domains.giotto.demo.Simple.Simple.*,ptolemy.domains.gr.lib.experimental.*,ptolemy.domains.gro.*,ptolemy.domains.pdf.*,ptolemy.domains.ptinyos.demo.Surge.output.*,ptolemy.moml.test.NoPackageActor.java*,ptolemy.plot.adm.*,ptolemy.plot.servlet.*,reports.*,signed.*,src.*,target.*,vendors.*,ptolemy.copernicus.applet.*,ptolemy.media.viewer.*,ptolemy.actor.corba.*,doc.doclets.*,ptolemy.apps.eclipse.awt.*,ptolemy.backtrack.*,ptolemy.backtrack.ast.*,ptolemy.cg.adapter.generic.program.procedural.c.mbed*,ptolemy.homer.*,ptolemy.actor.lib.jai.*,org.ptolemy.scala.*,diva.util.java2d.svg.*,ptolemy.domains.ptinyos.*,ptolemy.actor.lib.fmi.fmipp.*,,org.terraswarm.accessor.accessors.web.node_modules.*,org.terraswarm.accessor.accessors-svn,ptolemy.apps.*,ptolemy.actor.ptalon.demo.ptinyos.SendAndReceiveCnt.output,ptolemy.actor.ptalon.demo.ptinyos.SenseToLeds.output,ptolemy.domains.ptinyos.demo.CntToLedsAndRfm.output,ptolemy.domains.ptinyos.demo.RfmToLeds.output,ptolemy.domains.ptinyos.demo.SendAndReceiveCnt.output,ptolemy.domains.ptinyos.demo.SenseToLeds.output,ptolemy.actor.lib.jjs.modules.udpSocket.*" />
    <property name="env.PTII" value="/home/travis/build/icyphy/ptII" />
    <property name="env.XDG_SESSION_ID" value="2" />
    <property name="keystore" value="ptKeystore" />
    <property name="env.TRAVIS_COMMIT_MESSAGE" value="Removed duplicate $CLASSPATH/ptolemy/domains/sdf/demo/MaximumEntropySpectrum/MaximumEntropySpectrum.xml" />
    <property name="junit.output.dir" value="/home/travis/build/icyphy/ptII/reports/junit" />
    <property name="npm.return.code" value="0" />
    <property name="user.dir" value="/home/travis/build/icyphy/ptII/ptolemy/domains/de/test" />
    <property name="env.TRAVIS_NODE_VERSION" value="7" />
    <property name="env.TRAVIS_EVENT_TYPE" value="cron" />
    <property name="env.MAIL" value="/var/mail/travis" />
    <property name="env.PERLBREW_ROOT" value="/home/travis/perl5/perlbrew" />
    <property name="env.PWD" value="/home/travis/build/icyphy/ptII" />
    <property name="timeout.npm" value="45000" />
    <property name="env.PT_TRAVIS_TEST_CORE2_XML" value="true" />
    <property name="env.TRAVIS_ARCH" value="amd64" />
    <property name="sun.cpu.endian" value="little" />
    <property name="env.PAGER" value="cat" />
    <property name="env.TRAVIS_BUILD_STAGE_NAME" value="test" />
    <property name="env.PERLBREW_HOME" value="/home/travis/.perlbrew" />
    <property name="java.vm.version" value="11.0.2+9" />
    <property name="env.RAILS_ENV" value="test" />
    <property name="java.class.path" value="/home/travis/build/icyphy/ptII:/home/travis/build/icyphy/ptII/lib/bsh-2.0b4.jar:/home/travis/build/icyphy/ptII/lib/ptCal.jar:/home/travis/build/icyphy/ptII/lib/java_cup.jar:/home/travis/build/icyphy/ptII/lib/saxon8.jar:/home/travis/build/icyphy/ptII/lib/saxon8-dom.jar:/home/travis/build/icyphy/ptII/lib/chic.jar:/home/travis/build/icyphy/ptII/lib/ptcolt.jar:/home/travis/build/icyphy/ptII/vendors/misc/itext/iText.jar:/home/travis/build/icyphy/ptII/lib/g4ltl.jar:/home/travis/build/icyphy/ptII/lib/StructuralCoder.jar:/home/travis/build/icyphy/ptII/lib/jcerti.jar:/home/travis/build/icyphy/ptII/lib/javax.mail.jar:/home/travis/build/icyphy/ptII/vendors/JMF-2.1.1e/lib/jmf.jar:/home/travis/build/icyphy/ptII/lib/jna-4.0.0-variadic.jar:/home/travis/build/icyphy/ptII/vendors/misc/joystick/Joystick.jar:/home/travis/build/icyphy/ptII/lib/ptjacl.jar:/home/travis/build/icyphy/ptII/lib/jsoup-1.8.2.jar:/home/travis/build/icyphy/ptII/lib/junit-4.8.2.jar:/home/travis/build/icyphy/ptII/lib/JUnitParams-0.4.0.jar:/home/travis/build/icyphy/ptII/ptolemy/actor/lib/excel/jxl.jar:/home/travis/build/icyphy/ptII/lib/jython.jar:/home/travis/build/icyphy/ptII/lib/kieler.jar:/home/travis/build/icyphy/ptII/vendors/opencv/share/OpenCV/java/opencv-341.jar:/home/travis/build/icyphy/ptII/lib/oscP5.jar:/home/travis/build/icyphy/ptII/lib/nrjavaserial-3.11.0.devel.jar:/home/travis/build/icyphy/ptII/vendors/j3d/lib/Linux/j3dcore.jar:/home/travis/build/icyphy/ptII/vendors/j3d/lib/Linux/j3dutils.jar:/home/travis/build/icyphy/ptII/vendors/j3d/lib/Linux/vecmath.jar:/home/travis/build/icyphy/ptII/vendors/jogl/lib/Linux/gluegen-rt-natives-linux-amd64.jar:/home/travis/build/icyphy/ptII/vendors/jogl/lib/Linux/gluegen-rt.jar:/home/travis/build/icyphy/ptII/vendors/jogl/lib/Linux/jogl-all-natives-linux-amd64.jar:/home/travis/build/icyphy/ptII/vendors/jogl/lib/Linux/jogl-all.jar:/home/travis/build/icyphy/ptII/ptolemy/distributed/jini/jar/jini-core.jar:/home/travis/build/icyphy/ptII/ptolemy/distributed/jini/jar/jini-ext.jar:/home/travis/build/icyphy/ptII/ptolemy/distributed/jini/jar/sun-util.jar:/home/travis/build/icyphy/ptII/lib/protobuf-java-2.4.1.jar:/home/travis/build/icyphy/ptII/lib/org.eclipse.paho.client.mqttv3.jar:/home/travis/build/icyphy/ptII/lib/mapss.jar:/home/travis/build/icyphy/ptII/ptolemy/actor/ptalon/antlr/antlr.jar:/home/travis/build/icyphy/ptII/lib/JRI.jar:/home/travis/build/icyphy/ptII/lib/commons-lang-2.6.jar:/home/travis/build/icyphy/ptII/lib/commons-logging-1.1.1.jar:/home/travis/build/icyphy/ptII/lib/sootclasses.jar:/home/travis/build/icyphy/ptII/ptolemy/actor/lib/database/mysql-connector-java-5.1.6-bin.jar:/home/travis/build/icyphy/ptII/vendors/misc/sphinx4/sphinx4-data-5prealpha.jar:/home/travis/build/icyphy/ptII/vendors/misc/sphinx4/sphinx4-core-5prealpha.jar:/home/travis/build/icyphy/ptII/lib/PDFRenderer.jar:/home/travis/build/icyphy/ptII/lib/svgSalamander.jar:/home/travis/build/icyphy/ptII/lib/rsyntaxtextarea-2.6.0-SNAPSHOT.jar:/home/travis/build/icyphy/ptII/lib/hazelcast-3.8.2.jar:/home/travis/build/icyphy/ptII/lib/jackson-annotations-2.9.0.jar:/home/travis/build/icyphy/ptII/lib/jackson-core-2.9.3.jar:/home/travis/build/icyphy/ptII/lib/jackson-databind-2.9.3.jar:/home/travis/build/icyphy/ptII/lib/netty-buffer-4.1.19.Final.jar:/home/travis/build/icyphy/ptII/lib/netty-codec-4.1.19.Final.jar:/home/travis/build/icyphy/ptII/lib/netty-codec-dns-4.1.19.Final.jar:/home/travis/build/icyphy/ptII/lib/netty-codec-http-4.1.19.Final.jar:/home/travis/build/icyphy/ptII/lib/netty-codec-http2-4.1.19.Final.jar:/home/travis/build/icyphy/ptII/lib/netty-common-4.1.19.Final.jar:/home/travis/build/icyphy/ptII/lib/netty-handler-4.1.19.Final.jar:/home/travis/build/icyphy/ptII/lib/netty-resolver-4.1.19.Final.jar:/home/travis/build/icyphy/ptII/lib/netty-resolver-dns-4.1.19.Final.jar:/home/travis/build/icyphy/ptII/lib/netty-transport-4.1.19.Final.jar:/home/travis/build/icyphy/ptII/lib/vertx-codegen-3.5.1.jar:/home/travis/build/icyphy/ptII/lib/vertx-core-3.5.2-SNAPSHOT.jar:/home/travis/build/icyphy/ptII/lib/vertx-hazelcast-3.5.1.jar:/home/travis/build/icyphy/ptII/lib/vertx-lang-js-3.5.1.jar:/home/travis/build/icyphy/ptII/lib/vertx-service-proxy-3.5.1.jar:/home/travis/build/icyphy/ptII/lib/vertx-web-3.5.1.jar:/home/travis/build/icyphy/ptII/lib/slf4j-api-1.7.13.jar:/home/travis/build/icyphy/ptII/lib/slf4j-simple-1.7.13.jar:/home/travis/build/icyphy/ptII/lib/webcam-capture-0.3.12.jar:/home/travis/build/icyphy/ptII/lib/bridj-0.7.0.jar:/home/travis/build/icyphy/ptII/lib/xbjlib-1.1.0.nrjavaserial.jar:/home/travis/build/icyphy/ptII/ptolemy/moml/test:/home/travis/build/icyphy/ptII/ant/lib/ant-launcher.jar:/home/travis/build/icyphy/ptII/ant/lib/ant.jar:/home/travis/build/icyphy/ptII/ant/lib/ant-junit.jar:/home/travis/build/icyphy/ptII/ant/lib/ant-junit4.jar" />
    <property name="ant.library.dir" value="/home/travis/build/icyphy/ptII/ant/lib" />
    <property name="os.arch" value="amd64" />
    <property name="env.CONTINUOUS_INTEGRATION" value="true" />
    <property name="env.TRAVIS_LANGUAGE" value="node_js" />
    <property name="env.TRAVIS_STACK_LANGUAGES" value="__sardonyx__ c c++ clojure cplusplus cpp default generic go groovy java node_js php pure_java python ruby scala" />
    <property name="test.name" value="ptolemy.actor.lib.test.junit.JUnitTclTest" />
    <property name="env.APT_KEY_DONT_WARN_ON_DANGEROUS_USAGE" value="1" />
    <property name="sun.java.launcher" value="SUN_STANDARD" />
    <property name="env.PYTHON_CONFIGURE_OPTS" value="--enable-unicode=ucs4 --with-wide-unicode --enable-shared --enable-ipv6 --enable-loadable-sqlite-extensions --with-computed-gotos" />
    <property name="ant.core.lib" value="/home/travis/build/icyphy/ptII/ant/lib/ant.jar" />
    <property name="java.vm.specification.vendor" value="Oracle Corporation" />
    <property name="env.BCVTB_HOME" value="/home/travis/build/icyphy/ptII/lbnl" />
    <property name="file.separator" value="/" />
    <property name="spotbugs.home" value="/home/travis/build/icyphy/ptII/vendors/spotbugs-3.1.1" />
    <property name="java.runtime.version" value="11.0.2+9" />
    <property name="javafx.verbose" value="true" />
    <property name="env.ANSI_CLEAR" value="\033[0K" />
    <property name="env.HAS_JOSH_K_SEAL_OF_APPROVAL" value="true" />
    <property name="env.XDG_RUNTIME_DIR" value="/run/user/2000" />
    <property name="env.TRAVIS_OSX_IMAGE" value="" />
    <property name="env.TRAVIS_JOB_ID" value="719313746" />
    <property name="env.TRAVIS_BRANCH" value="master" />
    <property name="user.country" value="US" />
    <property name="env.CERTI_HOME_TRAVIS" value="/home/travis/pthla/certi-tools" />
    <property name="env.SHELL" value="/bin/bash" />
    <property name="java.maxmemory.large" value="3200m" />
    <property name="model" value="" />
    <property name="env.CASHER_DIR" value="/home/travis/.casher" />
    <property name="env.NVM_CD_FLAGS" value="" />
    <property name="java.vendor.version" value="18.9" />
    <property name="jshint.executable" value="/home/travis/node_modules/jshint/bin/jshint" />
    <property name="env.JRUBY_OPTS" value=" --client -J-XX:+TieredCompilation -J-XX:TieredStopAtLevel=1 -J-Xss2m -Xcompile.invokedynamic=false" />
    <property name="java.vendor" value="Oracle Corporation" />
    <property name="env.TRAVIS_PRE_CHEF_BOOTSTRAP_TIME" value="2020-06-24T13:13:03" />
    <property name="env.TRAVIS_STACK_JOB_BOARD_REGISTER" value="/.job-board-register.yml" />
    <property name="env.ANSI_RED" value="\033[31;1m" />
    <property name="java.specification.version" value="11" />
    <property name="env.IRBRC" value="/home/travis/.rvm/rubies/ruby-2.5.3/.irbrc" />
    <property name="env.TRAVIS" value="true" />
    <property name="sun.arch.data.model" value="64" />
  </properties>
  <testcase classname="ptolemy.util.test.junit.TclTests" name="[0] /home/travis/build/icyphy/ptII/ptolemy/domains/de/test/DependencyLoop.tcl (RunTclFile)" time="1.1" />
  <testcase classname="ptolemy.util.test.junit.TclTests" name="[1] /home/travis/build/icyphy/ptII/ptolemy/domains/de/test/RunDETestsAsQSS.tcl (RunTclFile)" time="83.509" />
  <testcase classname="ptolemy.util.test.junit.AutoKnownFailedTests" name="[0] /home/travis/build/icyphy/ptII/ptolemy/domains/de/test/auto/knownFailedTests/DESDFClockTest.xml (RunModel)" time="2.074" />
  <testcase classname="ptolemy.util.test.junit.AutoKnownFailedTests" name="[1] /home/travis/build/icyphy/ptII/ptolemy/domains/de/test/auto/knownFailedTests/DirectFeedback.xml (RunModel)" time="0.015" />
  <testcase classname="ptolemy.util.test.junit.AutoKnownFailedTests" name="[2] /home/travis/build/icyphy/ptII/ptolemy/domains/de/test/auto/knownFailedTests/FSMSource.xml (RunModel)" time="0.023" />
  <testcase classname="ptolemy.util.test.junit.AutoKnownFailedTests" name="[3] /home/travis/build/icyphy/ptII/ptolemy/domains/de/test/auto/knownFailedTests/HierarchicalModel.xml (RunModel)" time="0.043" />
  <testcase classname="ptolemy.util.test.junit.AutoKnownFailedTests" name="[4] /home/travis/build/icyphy/ptII/ptolemy/domains/de/test/auto/knownFailedTests/dependencyLoop.xml (RunModel)" time="0.041" />
  <testcase classname="ptolemy.util.test.junit.AutoKnownFailedTests" name="[5] /home/travis/build/icyphy/ptII/ptolemy/domains/de/test/auto/knownFailedTests/dependencyLoop2.xml (RunModel)" time="0.043" />
  <testcase classname="ptolemy.util.test.junit.AutoNameArchTests" name="[0] ThereAreNoAutoArchTests (RunModel)" time="0.004" />
  <testcase classname="ptolemy.util.test.junit.AutoTests" name="[0] /home/travis/build/icyphy/ptII/ptolemy/domains/de/test/auto/ActorDepthCalculation_actorWithoutPorts.xml (RunModel)" time="0.025" />
  <testcase classname="ptolemy.util.test.junit.AutoTests" name="[1] /home/travis/build/icyphy/ptII/ptolemy/domains/de/test/auto/AssemblyLine.xml (RunModel)" time="0.027" />
  <testcase classname="ptolemy.util.test.junit.AutoTests" name="[2] /home/travis/build/icyphy/ptII/ptolemy/domains/de/test/auto/CQBug1.xml (RunModel)" time="0.011" />
  <testcase classname="ptolemy.util.test.junit.AutoTests" name="[3] /home/travis/build/icyphy/ptII/ptolemy/domains/de/test/auto/CancelFireAt.xml (RunModel)" time="0.017" />
  <testcase classname="ptolemy.util.test.junit.AutoTests" name="[4] /home/travis/build/icyphy/ptII/ptolemy/domains/de/test/auto/CausalityAndComposabilityAnalysis.xml (RunModel)" time="0.013" />
  <testcase classname="ptolemy.util.test.junit.AutoTests" name="[5] /home/travis/build/icyphy/ptII/ptolemy/domains/de/test/auto/CausalityInterface1.xml (RunModel)" time="0.019" />
  <testcase classname="ptolemy.util.test.junit.AutoTests" name="[6] /home/travis/build/icyphy/ptII/ptolemy/domains/de/test/auto/CausalityInterface15.xml (RunModel)" time="0.017" />
  <testcase classname="ptolemy.util.test.junit.AutoTests" name="[7] /home/travis/build/icyphy/ptII/ptolemy/domains/de/test/auto/CausalityInterface2.xml (RunModel)" time="0.015" />
  <testcase classname="ptolemy.util.test.junit.AutoTests" name="[8] /home/travis/build/icyphy/ptII/ptolemy/domains/de/test/auto/CausalityInterface3.xml (RunModel)" time="0.016" />
  <testcase classname="ptolemy.util.test.junit.AutoTests" name="[9] /home/travis/build/icyphy/ptII/ptolemy/domains/de/test/auto/ClockDrift.xml (RunModel)" time="0.036" />
  <testcase classname="ptolemy.util.test.junit.AutoTests" name="[10] /home/travis/build/icyphy/ptII/ptolemy/domains/de/test/auto/ClockDriftAndValueChange.xml (RunModel)" time="0.029" />
  <testcase classname="ptolemy.util.test.junit.AutoTests" name="[11] /home/travis/build/icyphy/ptII/ptolemy/domains/de/test/auto/ClockDriftChange.xml (RunModel)" time="0.029" />
  <testcase classname="ptolemy.util.test.junit.AutoTests" name="[12] /home/travis/build/icyphy/ptII/ptolemy/domains/de/test/auto/ComposableCausalityAnalysis.xml (RunModel)" time="0.015" />
  <testcase classname="ptolemy.util.test.junit.AutoTests" name="[13] /home/travis/build/icyphy/ptII/ptolemy/domains/de/test/auto/DEFixedPointLimitation.xml (RunModel)" time="0.01" />
  <testcase classname="ptolemy.util.test.junit.AutoTests" name="[14] /home/travis/build/icyphy/ptII/ptolemy/domains/de/test/auto/DEScheduleTest.xml (RunModel)" time="0.016" />
  <testcase classname="ptolemy.util.test.junit.AutoTests" name="[15] /home/travis/build/icyphy/ptII/ptolemy/domains/de/test/auto/DEinDEwithStartTimes.xml (RunModel)" time="0.018" />
  <testcase classname="ptolemy.util.test.junit.AutoTests" name="[16] /home/travis/build/icyphy/ptII/ptolemy/domains/de/test/auto/DEinDEwithStartTimes2.xml (RunModel)" time="0.024" />
  <testcase classname="ptolemy.util.test.junit.AutoTests" name="[17] /home/travis/build/icyphy/ptII/ptolemy/domains/de/test/auto/DateDemo.xml (RunModel)" time="0.03" />
  <testcase classname="ptolemy.util.test.junit.AutoTests" name="[18] /home/travis/build/icyphy/ptII/ptolemy/domains/de/test/auto/DateToEvent.xml (RunModel)" time="2.041" />
  <testcase classname="ptolemy.util.test.junit.AutoTests" name="[19] /home/travis/build/icyphy/ptII/ptolemy/domains/de/test/auto/DepthTest1.xml (RunModel)" time="0.011" />
  <testcase classname="ptolemy.util.test.junit.AutoTests" name="[20] /home/travis/build/icyphy/ptII/ptolemy/domains/de/test/auto/DepthTest2.xml (RunModel)" time="0.017" />
  <testcase classname="ptolemy.util.test.junit.AutoTests" name="[21] /home/travis/build/icyphy/ptII/ptolemy/domains/de/test/auto/DepthTest3.xml (RunModel)" time="0.009" />
  <testcase classname="ptolemy.util.test.junit.AutoTests" name="[22] /home/travis/build/icyphy/ptII/ptolemy/domains/de/test/auto/DepthTest4.xml (RunModel)" time="0.028" />
  <testcase classname="ptolemy.util.test.junit.AutoTests" name="[23] /home/travis/build/icyphy/ptII/ptolemy/domains/de/test/auto/DepthTest5.xml (RunModel)" time="0.02" />
  <testcase classname="ptolemy.util.test.junit.AutoTests" name="[24] /home/travis/build/icyphy/ptII/ptolemy/domains/de/test/auto/DepthTest6.xml (RunModel)" time="0.015" />
  <testcase classname="ptolemy.util.test.junit.AutoTests" name="[25] /home/travis/build/icyphy/ptII/ptolemy/domains/de/test/auto/DepthTest7.xml (RunModel)" time="0.012" />
  <testcase classname="ptolemy.util.test.junit.AutoTests" name="[26] /home/travis/build/icyphy/ptII/ptolemy/domains/de/test/auto/EventToDate.xml (RunModel)" time="3.056" />
  <testcase classname="ptolemy.util.test.junit.AutoTests" name="[27] /home/travis/build/icyphy/ptII/ptolemy/domains/de/test/auto/FSM1.xml (RunModel)" time="0.043" />
  <testcase classname="ptolemy.util.test.junit.AutoTests" name="[28] /home/travis/build/icyphy/ptII/ptolemy/domains/de/test/auto/FSM7.xml (RunModel)" time="0.029" />
  <testcase classname="ptolemy.util.test.junit.AutoTests" name="[29] /home/travis/build/icyphy/ptII/ptolemy/domains/de/test/auto/Inspection.xml (RunModel)" time="0.042" />
  <testcase classname="ptolemy.util.test.junit.AutoTests" name="[30] /home/travis/build/icyphy/ptII/ptolemy/domains/de/test/auto/Iteration.xml (RunModel)" time="0.028" />
  <testcase classname="ptolemy.util.test.junit.AutoTests" name="[31] /home/travis/build/icyphy/ptII/ptolemy/domains/de/test/auto/LineFault.xml (RunModel)" time="0.526" />
  <testcase classname="ptolemy.util.test.junit.AutoTests" name="[32] /home/travis/build/icyphy/ptII/ptolemy/domains/de/test/auto/MergeModel1Add.xml (RunModel)" time="0.045" />
  <testcase classname="ptolemy.util.test.junit.AutoTests" name="[33] /home/travis/build/icyphy/ptII/ptolemy/domains/de/test/auto/MergeModel2Add.xml (RunModel)" time="0.033" />
  <testcase classname="ptolemy.util.test.junit.AutoTests" name="[34] /home/travis/build/icyphy/ptII/ptolemy/domains/de/test/auto/MergeModel3Add.xml (RunModel)" time="0.044" />
  <testcase classname="ptolemy.util.test.junit.AutoTests" name="[35] /home/travis/build/icyphy/ptII/ptolemy/domains/de/test/auto/MergeWithoutDiscard.xml (RunModel)" time="0.012" />
  <testcase classname="ptolemy.util.test.junit.AutoTests" name="[36] /home/travis/build/icyphy/ptII/ptolemy/domains/de/test/auto/Modal1.xml (RunModel)" time="0.037" />
  <testcase classname="ptolemy.util.test.junit.AutoTests" name="[37] /home/travis/build/icyphy/ptII/ptolemy/domains/de/test/auto/Modal2.xml (RunModel)" time="0.031" />
  <testcase classname="ptolemy.util.test.junit.AutoTests" name="[38] /home/travis/build/icyphy/ptII/ptolemy/domains/de/test/auto/Modal3.xml (RunModel)" time="0.033" />
  <testcase classname="ptolemy.util.test.junit.AutoTests" name="[39] /home/travis/build/icyphy/ptII/ptolemy/domains/de/test/auto/Modal4.xml (RunModel)" time="0.035" />
  <testcase classname="ptolemy.util.test.junit.AutoTests" name="[40] /home/travis/build/icyphy/ptII/ptolemy/domains/de/test/auto/Modal5.xml (RunModel)" time="0.032" />
  <testcase classname="ptolemy.util.test.junit.AutoTests" name="[41] /home/travis/build/icyphy/ptII/ptolemy/domains/de/test/auto/Modal6.xml (RunModel)" time="0.027" />
  <testcase classname="ptolemy.util.test.junit.AutoTests" name="[42] /home/travis/build/icyphy/ptII/ptolemy/domains/de/test/auto/Modal7.xml (RunModel)" time="0.043" />
  <testcase classname="ptolemy.util.test.junit.AutoTests" name="[43] /home/travis/build/icyphy/ptII/ptolemy/domains/de/test/auto/ModalModel.xml (RunModel)" time="0.171" />
  <testcase classname="ptolemy.util.test.junit.AutoTests" name="[44] /home/travis/build/icyphy/ptII/ptolemy/domains/de/test/auto/ModalSource.xml (RunModel)" time="0.025" />
  <testcase classname="ptolemy.util.test.junit.AutoTests" name="[45] /home/travis/build/icyphy/ptII/ptolemy/domains/de/test/auto/NonInterruptibleTimerZeroDelay.xml (RunModel)" time="0.012" />
  <testcase classname="ptolemy.util.test.junit.AutoTests" name="[46] /home/travis/build/icyphy/ptII/ptolemy/domains/de/test/auto/OpenQueueingNetwork.xml (RunModel)" time="2.393" />
  <testcase classname="ptolemy.util.test.junit.AutoTests" name="[47] /home/travis/build/icyphy/ptII/ptolemy/domains/de/test/auto/OpenQueuingNetwork.xml (RunModel)" time="0.316" />
  <testcase classname="ptolemy.util.test.junit.AutoTests" name="[48] /home/travis/build/icyphy/ptII/ptolemy/domains/de/test/auto/PeriodicSampler.xml (RunModel)" time="0.015" />
  <testcase classname="ptolemy.util.test.junit.AutoTests" name="[49] /home/travis/build/icyphy/ptII/ptolemy/domains/de/test/auto/PersistentIO.xml (RunModel)" time="0.017" />
  <testcase classname="ptolemy.util.test.junit.AutoTests" name="[50] /home/travis/build/icyphy/ptII/ptolemy/domains/de/test/auto/PortParameterResetOnInitialize.xml (RunModel)" time="0.009" />
  <testcase classname="ptolemy.util.test.junit.AutoTests" name="[51] /home/travis/build/icyphy/ptII/ptolemy/domains/de/test/auto/PortParameterUpdates.xml (RunModel)" time="0.015" />
  <testcase classname="ptolemy.util.test.junit.AutoTests" name="[52] /home/travis/build/icyphy/ptII/ptolemy/domains/de/test/auto/QueueAndServer.xml (RunModel)" time="0.024" />
  <testcase classname="ptolemy.util.test.junit.AutoTests" name="[53] /home/travis/build/icyphy/ptII/ptolemy/domains/de/test/auto/Records.xml (RunModel)" time="0.034" />
  <testcase classname="ptolemy.util.test.junit.AutoTests" name="[54] /home/travis/build/icyphy/ptII/ptolemy/domains/de/test/auto/ResetTransitionWithStartTime1.xml (RunModel)" time="0.022" />
  <testcase classname="ptolemy.util.test.junit.AutoTests" name="[55] /home/travis/build/icyphy/ptII/ptolemy/domains/de/test/auto/ResetTransitionWithStartTime2.xml (RunModel)" time="0.025" />
  <testcase classname="ptolemy.util.test.junit.AutoTests" name="[56] /home/travis/build/icyphy/ptII/ptolemy/domains/de/test/auto/ResetTransitionWithStartTime3.xml (RunModel)" time="0.022" />
  <testcase classname="ptolemy.util.test.junit.AutoTests" name="[57] /home/travis/build/icyphy/ptII/ptolemy/domains/de/test/auto/ResetTransitionWithStartTime4.xml (RunModel)" time="0.019" />
  <testcase classname="ptolemy.util.test.junit.AutoTests" name="[58] /home/travis/build/icyphy/ptII/ptolemy/domains/de/test/auto/ResettableTimer1.xml (RunModel)" time="0.01" />
  <testcase classname="ptolemy.util.test.junit.AutoTests" name="[59] /home/travis/build/icyphy/ptII/ptolemy/domains/de/test/auto/ResettableTimer2.xml (RunModel)" time="0.009" />
  <testcase classname="ptolemy.util.test.junit.AutoTests" name="[60] /home/travis/build/icyphy/ptII/ptolemy/domains/de/test/auto/ResettableTimer3.xml (RunModel)" time="0.01" />
  <testcase classname="ptolemy.util.test.junit.AutoTests" name="[61] /home/travis/build/icyphy/ptII/ptolemy/domains/de/test/auto/ResettableTimer4.xml (RunModel)" time="0.01" />
  <testcase classname="ptolemy.util.test.junit.AutoTests" name="[62] /home/travis/build/icyphy/ptII/ptolemy/domains/de/test/auto/ResettableTimer5.xml (RunModel)" time="0.009" />
  <testcase classname="ptolemy.util.test.junit.AutoTests" name="[63] /home/travis/build/icyphy/ptII/ptolemy/domains/de/test/auto/ResettableTimer6.xml (RunModel)" time="0.019" />
  <testcase classname="ptolemy.util.test.junit.AutoTests" name="[64] /home/travis/build/icyphy/ptII/ptolemy/domains/de/test/auto/ServerZeroDelay.xml (RunModel)" time="0.01" />
  <testcase classname="ptolemy.util.test.junit.AutoTests" name="[65] /home/travis/build/icyphy/ptII/ptolemy/domains/de/test/auto/SmartSender.xml (RunModel)" time="3.008" />
  <testcase classname="ptolemy.util.test.junit.AutoTests" name="[66] /home/travis/build/icyphy/ptII/ptolemy/domains/de/test/auto/ThreadedComposite.xml (RunModel)" time="0.14" />
  <testcase classname="ptolemy.util.test.junit.AutoTests" name="[67] /home/travis/build/icyphy/ptII/ptolemy/domains/de/test/auto/Time.xml (RunModel)" time="0.35" />
  <testcase classname="ptolemy.util.test.junit.AutoTests" name="[68] /home/travis/build/icyphy/ptII/ptolemy/domains/de/test/auto/TimeDelayZeroDelay.xml (RunModel)" time="0.011" />
  <testcase classname="ptolemy.util.test.junit.AutoTests" name="[69] /home/travis/build/icyphy/ptII/ptolemy/domains/de/test/auto/TimerZeroDelay.xml (RunModel)" time="0.01" />
  <testcase classname="ptolemy.util.test.junit.AutoTests" name="[70] /home/travis/build/icyphy/ptII/ptolemy/domains/de/test/auto/TimingParadox.xml (RunModel)" time="0.32" />
  <testcase classname="ptolemy.util.test.junit.AutoTests" name="[71] /home/travis/build/icyphy/ptII/ptolemy/domains/de/test/auto/TransferInputs.xml (RunModel)" time="0.014" />
  <testcase classname="ptolemy.util.test.junit.AutoTests" name="[72] /home/travis/build/icyphy/ptII/ptolemy/domains/de/test/auto/TransferOutputs2.xml (RunModel)" time="0.014" />
  <testcase classname="ptolemy.util.test.junit.AutoTests" name="[73] /home/travis/build/icyphy/ptII/ptolemy/domains/de/test/auto/Trilateration.xml (RunModel)" time="11.658" />
  <testcase classname="ptolemy.util.test.junit.AutoTests" name="[74] /home/travis/build/icyphy/ptII/ptolemy/domains/de/test/auto/TwoSigmaDelta.xml (RunModel)" time="1.743" />
  <testcase classname="ptolemy.util.test.junit.AutoTests" name="[75] /home/travis/build/icyphy/ptII/ptolemy/domains/de/test/auto/VariableDelay.xml (RunModel)" time="0.01" />
  <testcase classname="ptolemy.util.test.junit.AutoTests" name="[76] /home/travis/build/icyphy/ptII/ptolemy/domains/de/test/auto/VariableDelay2.xml (RunModel)" time="0.008" />
  <testcase classname="ptolemy.util.test.junit.AutoTests" name="[77] /home/travis/build/icyphy/ptII/ptolemy/domains/de/test/auto/VariableDelayZeroDelay.xml (RunModel)" time="0.012" />
  <testcase classname="ptolemy.util.test.junit.AutoTests" name="[78] /home/travis/build/icyphy/ptII/ptolemy/domains/de/test/auto/VariableDelayZeroDelay2.xml (RunModel)" time="0.014" />
  <testcase classname="ptolemy.util.test.junit.AutoTests" name="[79] /home/travis/build/icyphy/ptII/ptolemy/domains/de/test/auto/deInCt.xml (RunModel)" time="0.015" />
  <testcase classname="ptolemy.util.test.junit.AutoTests" name="[80] /home/travis/build/icyphy/ptII/ptolemy/domains/de/test/auto/deInCt2.xml (RunModel)" time="0.013" />
  <testcase classname="ptolemy.util.test.junit.AutoTests" name="[81] /home/travis/build/icyphy/ptII/ptolemy/domains/de/test/auto/dynamicCausalityInterface1.xml (RunModel)" time="0.017" />
  <testcase classname="ptolemy.util.test.junit.AutoTests" name="[82] /home/travis/build/icyphy/ptII/ptolemy/domains/de/test/auto/fsm_de_test.xml (RunModel)" time="0.021" />
  <testcase classname="ptolemy.util.test.junit.AutoTests" name="[83] /home/travis/build/icyphy/ptII/ptolemy/domains/de/test/auto/functionDependencyReconstruction.xml (RunModel)" time="0.041" />
  <testcase classname="ptolemy.util.test.junit.AutoTests" name="[84] /home/travis/build/icyphy/ptII/ptolemy/domains/de/test/auto/multirate.xml (RunModel)" time="0.021" />
  <testcase classname="ptolemy.util.test.junit.AutoTests" name="[85] /home/travis/build/icyphy/ptII/ptolemy/domains/de/test/auto/multirate2.xml (RunModel)" time="0.022" />
  <testcase classname="ptolemy.util.test.junit.AutoTests" name="[86] /home/travis/build/icyphy/ptII/ptolemy/domains/de/test/auto/realtime.xml (RunModel)" time="10.01" />
  <testcase classname="ptolemy.util.test.junit.AutoTests" name="[87] /home/travis/build/icyphy/ptII/ptolemy/domains/de/test/auto/relationGroup.xml (RunModel)" time="0.008" />
  <testcase classname="ptolemy.util.test.junit.AutoTests" name="[88] /home/travis/build/icyphy/ptII/ptolemy/domains/de/test/auto/relationGroup2.xml (RunModel)" time="0.009" />
  <testcase classname="ptolemy.util.test.junit.AutoTests" name="[89] /home/travis/build/icyphy/ptII/ptolemy/domains/de/test/auto/sortWithOpaquePorts.xml (RunModel)" time="0.008" />
  <testcase classname="ptolemy.util.test.junit.AutoTests" name="[90] /home/travis/build/icyphy/ptII/ptolemy/domains/de/test/auto/transferInputsandOutputs.xml (RunModel)" time="0.015" />
  <testcase classname="ptolemy.util.test.junit.AutoTests" name="[91] /home/travis/build/icyphy/ptII/ptolemy/domains/de/test/auto/triggerType.xml (RunModel)" time="0.007" />
  <system-out><![CDATA[/home/travis/build/icyphy/ptII/ptolemy/domains/de/test/DependencyLoop.tcl
testDefs.tcl: setting time out to 9000 seconds at Wed Aug 19 15:28:30 UTC 2020
69 ms. Memory: 129024K Free: 78277K (61%)
32 ms. Memory: 129024K Free: 60862K (47%)
/home/travis/build/icyphy/ptII/ptolemy/domains/de/test/RunDETestsAsQSS.tcl
Run the DE tests using ptolemy.domains.qss.test.QSSDirectorTest, which extends QSSDirector and prints a message in the constructors.
------------------ testing $PTII/ptolemy/domains/de/test/auto/knownFailedTests/DirectFeedback.xml (Known Failure) 
42 ms. Memory: 129024K Free: 55239K (43%)


==== $PTIIhome/travis/build/icyphy/ptII/ptolemy/domains/de/test/../../../../: Auto Automatic test in file $PTII/ptolemy/domains/de/test/auto/knownFailedTests/DirectFeedback.xml
==== Contents of test case:

	    # FIXME: we should use $relativeFilename here, but it
	    # might have backslashes under Windows, which causes no end
	    # of trouble.
	    createAndExecute $file
	    list {}
	
.... Test generated KNOWN error:
    while executing
ptolemy.kernel.util.IllegalActionException: Test fails in iteration 1.
Value was: 1.0. Should have been: 2.0
  in .DirectFeedback.Test
	at ptolemy.actor.lib.Test.fire(Test.java:268)
	at ptolemy.domains.de.kernel.DEDirector._fire(DEDirector.java:1949)
	at ptolemy.domains.de.kernel.DEDirector.fire(DEDirector.java:502)
	at ptolemy.actor.CompositeActor.fire(CompositeActor.java:455)
	at ptolemy.actor.Manager.iterate(Manager.java:851)
	at ptolemy.actor.Manager.execute(Manager.java:369)
	at ptolemy.actor.Manager.run(Manager.java:1263)
	at ptolemy.actor.Manager$PtolemyRunThread.run(Manager.java:1933)

    while executing
ptolemy.kernel.util.IllegalActionException: Test fails in iteration 1.
Value was: 1.0. Should have been: 2.0
  in .DirectFeedback.Test
    while executing
"java::new ptolemy.moml.MoMLSimpleApplication $file
"
    (procedure "createAndExecute" line 2)
    invoked from within
"createAndExecute $file"
    ("uplevel" body line 5)
    invoked from within
"uplevel $contents_of_test"
------------------ testing $PTII/ptolemy/domains/de/test/auto/knownFailedTests/dependencyLoop.xml (Known Failure) 
8 ms. Memory: 129024K Free: 52167K (40%)


==== $PTIIhome/travis/build/icyphy/ptII/ptolemy/domains/de/test/../../../../: Auto Automatic test in file $PTII/ptolemy/domains/de/test/auto/knownFailedTests/dependencyLoop.xml
==== Contents of test case:

	    # FIXME: we should use $relativeFilename here, but it
	    # might have backslashes under Windows, which causes no end
	    # of trouble.
	    createAndExecute $file
	    list {}
	
.... Test generated KNOWN error:
    while executing
ptolemy.kernel.util.IllegalActionException: Found a zero delay loop containing .dependencyLoop.original
  in .dependencyLoop and .dependencyLoop.original
	at ptolemy.actor.util.CausalityInterfaceForComposites._computeOutputPortDepth(CausalityInterfaceForComposites.java:759)
	at ptolemy.actor.util.CausalityInterfaceForComposites._computeInputDepth(CausalityInterfaceForComposites.java:696)
	at ptolemy.actor.util.CausalityInterfaceForComposites._computeOutputPortDepth(CausalityInterfaceForComposites.java:765)
	at ptolemy.actor.util.CausalityInterfaceForComposites._computeInputDepth(CausalityInterfaceForComposites.java:696)
	at ptolemy.actor.util.CausalityInterfaceForComposites._computeOutputPortDepth(CausalityInterfaceForComposites.java:765)
	at ptolemy.actor.util.CausalityInterfaceForComposites._computeInputDepth(CausalityInterfaceForComposites.java:696)
	at ptolemy.actor.util.CausalityInterfaceForComposites._computeActorDepth(CausalityInterfaceForComposites.java:532)
	at ptolemy.actor.util.CausalityInterfaceForComposites.checkForCycles(CausalityInterfaceForComposites.java:96)
	at ptolemy.domains.de.kernel.DEDirector.preinitialize(DEDirector.java:1338)
	at ptolemy.actor.CompositeActor.preinitialize(CompositeActor.java:1828)
	at ptolemy.actor.Manager.preinitializeAndResolveTypes(Manager.java:1040)
	at ptolemy.actor.Manager.initialize(Manager.java:710)
	at ptolemy.actor.Manager.execute(Manager.java:356)
	at ptolemy.actor.Manager.run(Manager.java:1263)
	at ptolemy.actor.Manager$PtolemyRunThread.run(Manager.java:1933)

    while executing
ptolemy.kernel.util.IllegalActionException: Found a zero delay loop containing .dependencyLoop.original
  in .dependencyLoop and .dependencyLoop.original
    while executing
"java::new ptolemy.moml.MoMLSimpleApplication $file
"
    (procedure "createAndExecute" line 2)
    invoked from within
"createAndExecute $file"
    ("uplevel" body line 5)
    invoked from within
"uplevel $contents_of_test"
------------------ testing $PTII/ptolemy/domains/de/test/auto/knownFailedTests/FSMSource.xml (Known Failure) 
63 ms. Memory: 129024K Free: 111308K (86%)
!!!! Auto was marked as failing, but now passes
------------------ testing $PTII/ptolemy/domains/de/test/auto/knownFailedTests/HierarchicalModel.xml (Known Failure) 
6 ms. Memory: 129024K Free: 93551K (73%)


==== $PTIIhome/travis/build/icyphy/ptII/ptolemy/domains/de/test/../../../../: Auto Automatic test in file $PTII/ptolemy/domains/de/test/auto/knownFailedTests/HierarchicalModel.xml
==== Contents of test case:

	    # FIXME: we should use $relativeFilename here, but it
	    # might have backslashes under Windows, which causes no end
	    # of trouble.
	    createAndExecute $file
	    list {}
	
.... Test generated KNOWN error:
    while executing
ptolemy.kernel.util.IllegalActionException: Found a zero delay loop containing .HierarchicalModel.A
  in .HierarchicalModel and .HierarchicalModel.A
	at ptolemy.actor.util.CausalityInterfaceForComposites._computeOutputPortDepth(CausalityInterfaceForComposites.java:759)
	at ptolemy.actor.util.CausalityInterfaceForComposites._computeInputDepth(CausalityInterfaceForComposites.java:696)
	at ptolemy.actor.util.CausalityInterfaceForComposites._computeOutputPortDepth(CausalityInterfaceForComposites.java:765)
	at ptolemy.actor.util.CausalityInterfaceForComposites._computeInputDepth(CausalityInterfaceForComposites.java:696)
	at ptolemy.actor.util.CausalityInterfaceForComposites._computeOutputPortDepth(CausalityInterfaceForComposites.java:765)
	at ptolemy.actor.util.CausalityInterfaceForComposites._computeInputDepth(CausalityInterfaceForComposites.java:696)
	at ptolemy.actor.util.CausalityInterfaceForComposites._computeActorDepth(CausalityInterfaceForComposites.java:532)
	at ptolemy.actor.util.CausalityInterfaceForComposites.checkForCycles(CausalityInterfaceForComposites.java:96)
	at ptolemy.domains.de.kernel.DEDirector.preinitialize(DEDirector.java:1338)
	at ptolemy.actor.CompositeActor.preinitialize(CompositeActor.java:1828)
	at ptolemy.actor.Manager.preinitializeAndResolveTypes(Manager.java:1040)
	at ptolemy.actor.Manager.initialize(Manager.java:710)
	at ptolemy.actor.Manager.execute(Manager.java:356)
	at ptolemy.actor.Manager.run(Manager.java:1263)
	at ptolemy.actor.Manager$PtolemyRunThread.run(Manager.java:1933)

    while executing
ptolemy.kernel.util.IllegalActionException: Found a zero delay loop containing .HierarchicalModel.A
  in .HierarchicalModel and .HierarchicalModel.A
    while executing
"java::new ptolemy.moml.MoMLSimpleApplication $file
"
    (procedure "createAndExecute" line 2)
    invoked from within
"createAndExecute $file"
    ("uplevel" body line 5)
    invoked from within
"uplevel $contents_of_test"
------------------ testing $PTII/ptolemy/domains/de/test/auto/knownFailedTests/dependencyLoop2.xml (Known Failure) 
10 ms. Memory: 129024K Free: 77524K (60%)


==== $PTIIhome/travis/build/icyphy/ptII/ptolemy/domains/de/test/../../../../: Auto Automatic test in file $PTII/ptolemy/domains/de/test/auto/knownFailedTests/dependencyLoop2.xml
==== Contents of test case:

	    # FIXME: we should use $relativeFilename here, but it
	    # might have backslashes under Windows, which causes no end
	    # of trouble.
	    createAndExecute $file
	    list {}
	
.... Test generated KNOWN error:
    while executing
ptolemy.kernel.util.IllegalActionException: Found a zero delay loop containing .dependencyLoop2.original
  in .dependencyLoop2 and .dependencyLoop2.original
	at ptolemy.actor.util.CausalityInterfaceForComposites._computeOutputPortDepth(CausalityInterfaceForComposites.java:759)
	at ptolemy.actor.util.CausalityInterfaceForComposites._computeInputDepth(CausalityInterfaceForComposites.java:696)
	at ptolemy.actor.util.CausalityInterfaceForComposites._computeOutputPortDepth(CausalityInterfaceForComposites.java:765)
	at ptolemy.actor.util.CausalityInterfaceForComposites._computeInputDepth(CausalityInterfaceForComposites.java:696)
	at ptolemy.actor.util.CausalityInterfaceForComposites._computeOutputPortDepth(CausalityInterfaceForComposites.java:765)
	at ptolemy.actor.util.CausalityInterfaceForComposites._computeInputDepth(CausalityInterfaceForComposites.java:696)
	at ptolemy.actor.util.CausalityInterfaceForComposites._computeActorDepth(CausalityInterfaceForComposites.java:532)
	at ptolemy.actor.util.CausalityInterfaceForComposites.checkForCycles(CausalityInterfaceForComposites.java:96)
	at ptolemy.domains.de.kernel.DEDirector.preinitialize(DEDirector.java:1338)
	at ptolemy.actor.CompositeActor.preinitialize(CompositeActor.java:1828)
	at ptolemy.actor.Manager.preinitializeAndResolveTypes(Manager.java:1040)
	at ptolemy.actor.Manager.initialize(Manager.java:710)
	at ptolemy.actor.Manager.execute(Manager.java:356)
	at ptolemy.actor.Manager.run(Manager.java:1263)
	at ptolemy.actor.Manager$PtolemyRunThread.run(Manager.java:1933)

    while executing
ptolemy.kernel.util.IllegalActionException: Found a zero delay loop containing .dependencyLoop2.original
  in .dependencyLoop2 and .dependencyLoop2.original
    while executing
"java::new ptolemy.moml.MoMLSimpleApplication $file
"
    (procedure "createAndExecute" line 2)
    invoked from within
"createAndExecute $file"
    ("uplevel" body line 5)
    invoked from within
"uplevel $contents_of_test"
------------------ testing $PTII/ptolemy/domains/de/test/auto/knownFailedTests/DESDFClockTest.xml (Known Failure) 
2070 ms. Memory: 129024K Free: 108322K (84%)


==== $PTIIhome/travis/build/icyphy/ptII/ptolemy/domains/de/test/../../../../: Auto Automatic test in file $PTII/ptolemy/domains/de/test/auto/knownFailedTests/DESDFClockTest.xml
==== Contents of test case:

	    # FIXME: we should use $relativeFilename here, but it
	    # might have backslashes under Windows, which causes no end
	    # of trouble.
	    createAndExecute $file
	    list {}
	
.... Test generated KNOWN error:
    while executing
ptolemy.kernel.util.IllegalActionException: Actor is not ready to fire.  Perhaps UpSample.prefire() returned false? Try debugging the actor by selecting "Listen to Actor".  Also, for SDF check moml for tokenConsumptionRate on input.
  in .DESDFClockTest.Play Bell.Copy1:SDF Director and .DESDFClockTest.Play Bell.UpSample
	at ptolemy.actor.sched.StaticSchedulingDirector.fire(StaticSchedulingDirector.java:227)
	at ptolemy.domains.sdf.kernel.SDFDirector.fire(SDFDirector.java:500)
	at ptolemy.actor.CompositeActor.fire(CompositeActor.java:455)
	at ptolemy.domains.de.kernel.DEDirector._fire(DEDirector.java:1949)
	at ptolemy.domains.de.kernel.DEDirector.fire(DEDirector.java:502)
	at ptolemy.actor.CompositeActor.fire(CompositeActor.java:455)
	at ptolemy.actor.Manager.iterate(Manager.java:851)
	at ptolemy.actor.Manager.execute(Manager.java:369)
	at ptolemy.actor.Manager.run(Manager.java:1263)
	at ptolemy.actor.Manager$PtolemyRunThread.run(Manager.java:1933)

    while executing
ptolemy.kernel.util.IllegalActionException: Actor is not ready to fire.  Perhaps UpSample.prefire() returned false? Try debugging the actor by selecting "Listen to Actor".  Also, for SDF check moml for tokenConsumptionRate on input.
  in .DESDFClockTest.Play Bell.Copy1:SDF Director and .DESDFClockTest.Play Bell.UpSample
    while executing
"java::new ptolemy.moml.MoMLSimpleApplication $file
"
    (procedure "createAndExecute" line 2)
    invoked from within
"createAndExecute $file"
    ("uplevel" body line 5)
    invoked from within
"uplevel $contents_of_test"
------------------ testing $PTII/ptolemy/domains/de/test/auto/ActorDepthCalculation_actorWithoutPorts.xml
auto.tcl: Setting watchdog for 200 seconds at Wed Aug 19 15:28:34 UTC 2020
6 ms. Memory: 129024K Free: 100626K (78%)
ptolemy.util.test.WatchDog.cancel(): canceling Wed Aug 19 15:28:34 UTC 2020
auto.tcl: Setting watchdog for 200 seconds at Wed Aug 19 15:28:34 UTC 2020
6 ms. Memory: 129024K Free: 99106K (77%)
ptolemy.util.test.WatchDog.cancel(): canceling Wed Aug 19 15:28:34 UTC 2020
------------------ testing $PTII/ptolemy/domains/de/test/auto/AssemblyLine.xml
auto.tcl: Setting watchdog for 200 seconds at Wed Aug 19 15:28:35 UTC 2020
10 ms. Memory: 48128K Free: 24923K (52%)
ptolemy.util.test.WatchDog.cancel(): canceling Wed Aug 19 15:28:35 UTC 2020
auto.tcl: Setting watchdog for 200 seconds at Wed Aug 19 15:28:35 UTC 2020
13 ms. Memory: 48128K Free: 24244K (50%)
ptolemy.util.test.WatchDog.cancel(): canceling Wed Aug 19 15:28:35 UTC 2020
------------------ testing $PTII/ptolemy/domains/de/test/auto/CQBug1.xml
auto.tcl: Setting watchdog for 200 seconds at Wed Aug 19 15:28:35 UTC 2020
2 ms. Memory: 48128K Free: 30489K (63%)
ptolemy.util.test.WatchDog.cancel(): canceling Wed Aug 19 15:28:35 UTC 2020
auto.tcl: Setting watchdog for 200 seconds at Wed Aug 19 15:28:35 UTC 2020
2 ms. Memory: 48128K Free: 30058K (62%)
ptolemy.util.test.WatchDog.cancel(): canceling Wed Aug 19 15:28:35 UTC 2020
------------------ testing $PTII/ptolemy/domains/de/test/auto/CancelFireAt.xml
auto.tcl: Setting watchdog for 200 seconds at Wed Aug 19 15:28:35 UTC 2020
5 ms. Memory: 48128K Free: 31673K (66%)
ptolemy.util.test.WatchDog.cancel(): canceling Wed Aug 19 15:28:35 UTC 2020
auto.tcl: Setting watchdog for 200 seconds at Wed Aug 19 15:28:35 UTC 2020
3 ms. Memory: 48128K Free: 31258K (65%)
ptolemy.util.test.WatchDog.cancel(): canceling Wed Aug 19 15:28:35 UTC 2020
------------------ testing $PTII/ptolemy/domains/de/test/auto/CausalityAndComposabilityAnalysis.xml
auto.tcl: Setting watchdog for 200 seconds at Wed Aug 19 15:28:35 UTC 2020
9 ms. Memory: 48128K Free: 29376K (61%)
ptolemy.util.test.WatchDog.cancel(): canceling Wed Aug 19 15:28:35 UTC 2020
auto.tcl: Setting watchdog for 200 seconds at Wed Aug 19 15:28:35 UTC 2020
5 ms. Memory: 48128K Free: 28927K (60%)
ptolemy.util.test.WatchDog.cancel(): canceling Wed Aug 19 15:28:35 UTC 2020
------------------ testing $PTII/ptolemy/domains/de/test/auto/CausalityInterface1.xml
auto.tcl: Setting watchdog for 200 seconds at Wed Aug 19 15:28:35 UTC 2020
35 ms. Memory: 48128K Free: 28329K (59%)
ptolemy.util.test.WatchDog.cancel(): canceling Wed Aug 19 15:28:35 UTC 2020
auto.tcl: Setting watchdog for 200 seconds at Wed Aug 19 15:28:35 UTC 2020
5 ms. Memory: 48128K Free: 27334K (57%)
ptolemy.util.test.WatchDog.cancel(): canceling Wed Aug 19 15:28:35 UTC 2020
------------------ testing $PTII/ptolemy/domains/de/test/auto/CausalityInterface15.xml
auto.tcl: Setting watchdog for 200 seconds at Wed Aug 19 15:28:35 UTC 2020
11 ms. Memory: 48128K Free: 28278K (59%)
ptolemy.util.test.WatchDog.cancel(): canceling Wed Aug 19 15:28:35 UTC 2020
auto.tcl: Setting watchdog for 200 seconds at Wed Aug 19 15:28:35 UTC 2020
7 ms. Memory: 48128K Free: 27332K (57%)
ptolemy.util.test.WatchDog.cancel(): canceling Wed Aug 19 15:28:35 UTC 2020
------------------ testing $PTII/ptolemy/domains/de/test/auto/CausalityInterface2.xml
auto.tcl: Setting watchdog for 200 seconds at Wed Aug 19 15:28:35 UTC 2020
6 ms. Memory: 48128K Free: 29231K (61%)
ptolemy.util.test.WatchDog.cancel(): canceling Wed Aug 19 15:28:35 UTC 2020
auto.tcl: Setting watchdog for 200 seconds at Wed Aug 19 15:28:35 UTC 2020
3 ms. Memory: 48128K Free: 28320K (59%)
ptolemy.util.test.WatchDog.cancel(): canceling Wed Aug 19 15:28:35 UTC 2020
------------------ testing $PTII/ptolemy/domains/de/test/auto/CausalityInterface3.xml
auto.tcl: Setting watchdog for 200 seconds at Wed Aug 19 15:28:35 UTC 2020
5 ms. Memory: 48128K Free: 28508K (59%)
ptolemy.util.test.WatchDog.cancel(): canceling Wed Aug 19 15:28:35 UTC 2020
auto.tcl: Setting watchdog for 200 seconds at Wed Aug 19 15:28:35 UTC 2020
4 ms. Memory: 48128K Free: 27745K (58%)
ptolemy.util.test.WatchDog.cancel(): canceling Wed Aug 19 15:28:35 UTC 2020
------------------ testing $PTII/ptolemy/domains/de/test/auto/ClockDrift.xml
auto.tcl: Setting watchdog for 200 seconds at Wed Aug 19 15:28:36 UTC 2020
45 ms. Memory: 48128K Free: 21118K (44%)
ptolemy.util.test.WatchDog.cancel(): canceling Wed Aug 19 15:28:36 UTC 2020
auto.tcl: Setting watchdog for 200 seconds at Wed Aug 19 15:28:36 UTC 2020
61 ms. Memory: 48128K Free: 18103K (38%)
ptolemy.util.test.WatchDog.cancel(): canceling Wed Aug 19 15:28:36 UTC 2020
------------------ testing $PTII/ptolemy/domains/de/test/auto/ClockDriftAndValueChange.xml
auto.tcl: Setting watchdog for 200 seconds at Wed Aug 19 15:28:36 UTC 2020
46 ms. Memory: 48128K Free: 21202K (44%)
ptolemy.util.test.WatchDog.cancel(): canceling Wed Aug 19 15:28:36 UTC 2020
auto.tcl: Setting watchdog for 200 seconds at Wed Aug 19 15:28:36 UTC 2020
39 ms. Memory: 48128K Free: 18368K (38%)
ptolemy.util.test.WatchDog.cancel(): canceling Wed Aug 19 15:28:36 UTC 2020
------------------ testing $PTII/ptolemy/domains/de/test/auto/ClockDriftChange.xml
auto.tcl: Setting watchdog for 200 seconds at Wed Aug 19 15:28:36 UTC 2020
20 ms. Memory: 48128K Free: 23245K (48%)
ptolemy.util.test.WatchDog.cancel(): canceling Wed Aug 19 15:28:36 UTC 2020
auto.tcl: Setting watchdog for 200 seconds at Wed Aug 19 15:28:36 UTC 2020
33 ms. Memory: 48128K Free: 20667K (43%)
ptolemy.util.test.WatchDog.cancel(): canceling Wed Aug 19 15:28:36 UTC 2020
------------------ testing $PTII/ptolemy/domains/de/test/auto/ComposableCausalityAnalysis.xml
auto.tcl: Setting watchdog for 200 seconds at Wed Aug 19 15:28:36 UTC 2020
2 ms. Memory: 48128K Free: 27664K (57%)
ptolemy.util.test.WatchDog.cancel(): canceling Wed Aug 19 15:28:36 UTC 2020
auto.tcl: Setting watchdog for 200 seconds at Wed Aug 19 15:28:36 UTC 2020
4 ms. Memory: 48128K Free: 26547K (55%)
ptolemy.util.test.WatchDog.cancel(): canceling Wed Aug 19 15:28:36 UTC 2020
------------------ testing $PTII/ptolemy/domains/de/test/auto/DEFixedPointLimitation.xml
auto.tcl: Setting watchdog for 200 seconds at Wed Aug 19 15:28:36 UTC 2020
2 ms. Memory: 48128K Free: 28994K (60%)
ptolemy.util.test.WatchDog.cancel(): canceling Wed Aug 19 15:28:36 UTC 2020
auto.tcl: Setting watchdog for 200 seconds at Wed Aug 19 15:28:36 UTC 2020
1 ms. Memory: 48128K Free: 28061K (58%)
ptolemy.util.test.WatchDog.cancel(): canceling Wed Aug 19 15:28:36 UTC 2020
------------------ testing $PTII/ptolemy/domains/de/test/auto/DEScheduleTest.xml
auto.tcl: Setting watchdog for 200 seconds at Wed Aug 19 15:28:36 UTC 2020
4 ms. Memory: 48128K Free: 29280K (61%)
ptolemy.util.test.WatchDog.cancel(): canceling Wed Aug 19 15:28:36 UTC 2020
auto.tcl: Setting watchdog for 200 seconds at Wed Aug 19 15:28:36 UTC 2020
2 ms. Memory: 48128K Free: 28516K (59%)
ptolemy.util.test.WatchDog.cancel(): canceling Wed Aug 19 15:28:36 UTC 2020
------------------ testing $PTII/ptolemy/domains/de/test/auto/DEinDEwithStartTimes.xml
auto.tcl: Setting watchdog for 200 seconds at Wed Aug 19 15:28:36 UTC 2020
7 ms. Memory: 48128K Free: 27460K (57%)
ptolemy.util.test.WatchDog.cancel(): canceling Wed Aug 19 15:28:36 UTC 2020
auto.tcl: Setting watchdog for 200 seconds at Wed Aug 19 15:28:36 UTC 2020
4 ms. Memory: 48128K Free: 26419K (55%)
ptolemy.util.test.WatchDog.cancel(): canceling Wed Aug 19 15:28:36 UTC 2020
------------------ testing $PTII/ptolemy/domains/de/test/auto/DEinDEwithStartTimes2.xml
auto.tcl: Setting watchdog for 200 seconds at Wed Aug 19 15:28:36 UTC 2020
4 ms. Memory: 48128K Free: 26651K (55%)
ptolemy.util.test.WatchDog.cancel(): canceling Wed Aug 19 15:28:36 UTC 2020
auto.tcl: Setting watchdog for 200 seconds at Wed Aug 19 15:28:36 UTC 2020
4 ms. Memory: 48128K Free: 25374K (53%)
ptolemy.util.test.WatchDog.cancel(): canceling Wed Aug 19 15:28:36 UTC 2020
------------------ testing $PTII/ptolemy/domains/de/test/auto/DateDemo.xml
auto.tcl: Setting watchdog for 200 seconds at Wed Aug 19 15:28:36 UTC 2020
26 ms. Memory: 48128K Free: 21027K (44%)
ptolemy.util.test.WatchDog.cancel(): canceling Wed Aug 19 15:28:36 UTC 2020
auto.tcl: Setting watchdog for 200 seconds at Wed Aug 19 15:28:36 UTC 2020
12 ms. Memory: 48128K Free: 19463K (40%)
ptolemy.util.test.WatchDog.cancel(): canceling Wed Aug 19 15:28:37 UTC 2020
------------------ testing $PTII/ptolemy/domains/de/test/auto/DateToEvent.xml
auto.tcl: Setting watchdog for 200 seconds at Wed Aug 19 15:28:37 UTC 2020
2011 ms. Memory: 48128K Free: 16937K (35%)
ptolemy.util.test.WatchDog.cancel(): canceling Wed Aug 19 15:28:39 UTC 2020
auto.tcl: Setting watchdog for 200 seconds at Wed Aug 19 15:28:39 UTC 2020
2006 ms. Memory: 48128K Free: 16150K (34%)
ptolemy.util.test.WatchDog.cancel(): canceling Wed Aug 19 15:28:41 UTC 2020
------------------ testing $PTII/ptolemy/domains/de/test/auto/DepthTest1.xml
auto.tcl: Setting watchdog for 200 seconds at Wed Aug 19 15:28:41 UTC 2020
4 ms. Memory: 48128K Free: 30083K (63%)
ptolemy.util.test.WatchDog.cancel(): canceling Wed Aug 19 15:28:41 UTC 2020
auto.tcl: Setting watchdog for 200 seconds at Wed Aug 19 15:28:41 UTC 2020
3 ms. Memory: 48128K Free: 29671K (62%)
ptolemy.util.test.WatchDog.cancel(): canceling Wed Aug 19 15:28:41 UTC 2020
------------------ testing $PTII/ptolemy/domains/de/test/auto/DepthTest2.xml
auto.tcl: Setting watchdog for 200 seconds at Wed Aug 19 15:28:41 UTC 2020
3 ms. Memory: 48128K Free: 26938K (56%)
ptolemy.util.test.WatchDog.cancel(): canceling Wed Aug 19 15:28:41 UTC 2020
auto.tcl: Setting watchdog for 200 seconds at Wed Aug 19 15:28:41 UTC 2020
4 ms. Memory: 48128K Free: 26521K (55%)
ptolemy.util.test.WatchDog.cancel(): canceling Wed Aug 19 15:28:41 UTC 2020
------------------ testing $PTII/ptolemy/domains/de/test/auto/DepthTest3.xml
auto.tcl: Setting watchdog for 200 seconds at Wed Aug 19 15:28:41 UTC 2020
2 ms. Memory: 48128K Free: 30411K (63%)
ptolemy.util.test.WatchDog.cancel(): canceling Wed Aug 19 15:28:41 UTC 2020
auto.tcl: Setting watchdog for 200 seconds at Wed Aug 19 15:28:41 UTC 2020
2 ms. Memory: 48128K Free: 29974K (62%)
ptolemy.util.test.WatchDog.cancel(): canceling Wed Aug 19 15:28:41 UTC 2020
------------------ testing $PTII/ptolemy/domains/de/test/auto/DepthTest4.xml
auto.tcl: Setting watchdog for 200 seconds at Wed Aug 19 15:28:41 UTC 2020
5 ms. Memory: 48128K Free: 28762K (60%)
ptolemy.util.test.WatchDog.cancel(): canceling Wed Aug 19 15:28:41 UTC 2020
auto.tcl: Setting watchdog for 200 seconds at Wed Aug 19 15:28:41 UTC 2020
2 ms. Memory: 48128K Free: 28039K (58%)
ptolemy.util.test.WatchDog.cancel(): canceling Wed Aug 19 15:28:41 UTC 2020
------------------ testing $PTII/ptolemy/domains/de/test/auto/DepthTest5.xml
auto.tcl: Setting watchdog for 200 seconds at Wed Aug 19 15:28:41 UTC 2020
5 ms. Memory: 48128K Free: 28145K (58%)
ptolemy.util.test.WatchDog.cancel(): canceling Wed Aug 19 15:28:41 UTC 2020
auto.tcl: Setting watchdog for 200 seconds at Wed Aug 19 15:28:41 UTC 2020
4 ms. Memory: 48128K Free: 27373K (57%)
ptolemy.util.test.WatchDog.cancel(): canceling Wed Aug 19 15:28:41 UTC 2020
------------------ testing $PTII/ptolemy/domains/de/test/auto/DepthTest6.xml
auto.tcl: Setting watchdog for 200 seconds at Wed Aug 19 15:28:41 UTC 2020
4 ms. Memory: 48128K Free: 27846K (58%)
ptolemy.util.test.WatchDog.cancel(): canceling Wed Aug 19 15:28:41 UTC 2020
auto.tcl: Setting watchdog for 200 seconds at Wed Aug 19 15:28:41 UTC 2020
2 ms. Memory: 48128K Free: 27424K (57%)
ptolemy.util.test.WatchDog.cancel(): canceling Wed Aug 19 15:28:41 UTC 2020
------------------ testing $PTII/ptolemy/domains/de/test/auto/DepthTest7.xml
auto.tcl: Setting watchdog for 200 seconds at Wed Aug 19 15:28:41 UTC 2020
3 ms. Memory: 48128K Free: 28687K (60%)
ptolemy.util.test.WatchDog.cancel(): canceling Wed Aug 19 15:28:41 UTC 2020
auto.tcl: Setting watchdog for 200 seconds at Wed Aug 19 15:28:41 UTC 2020
3 ms. Memory: 48128K Free: 27942K (58%)
ptolemy.util.test.WatchDog.cancel(): canceling Wed Aug 19 15:28:41 UTC 2020
------------------ testing $PTII/ptolemy/domains/de/test/auto/EventToDate.xml
auto.tcl: Setting watchdog for 200 seconds at Wed Aug 19 15:28:41 UTC 2020
3010 ms. Memory: 48128K Free: 19478K (40%)
ptolemy.util.test.WatchDog.cancel(): canceling Wed Aug 19 15:28:44 UTC 2020
auto.tcl: Setting watchdog for 200 seconds at Wed Aug 19 15:28:44 UTC 2020
3005 ms. Memory: 48128K Free: 18739K (39%)
ptolemy.util.test.WatchDog.cancel(): canceling Wed Aug 19 15:28:47 UTC 2020
------------------ testing $PTII/ptolemy/domains/de/test/auto/FSM1.xml
auto.tcl: Setting watchdog for 200 seconds at Wed Aug 19 15:28:47 UTC 2020
45 ms. Memory: 48128K Free: 20690K (43%)
ptolemy.util.test.WatchDog.cancel(): canceling Wed Aug 19 15:28:47 UTC 2020
auto.tcl: Setting watchdog for 200 seconds at Wed Aug 19 15:28:47 UTC 2020
32 ms. Memory: 48128K Free: 17449K (36%)
ptolemy.util.test.WatchDog.cancel(): canceling Wed Aug 19 15:28:47 UTC 2020
------------------ testing $PTII/ptolemy/domains/de/test/auto/FSM7.xml
auto.tcl: Setting watchdog for 200 seconds at Wed Aug 19 15:28:47 UTC 2020
14 ms. Memory: 48128K Free: 20380K (42%)
ptolemy.util.test.WatchDog.cancel(): canceling Wed Aug 19 15:28:48 UTC 2020
auto.tcl: Setting watchdog for 200 seconds at Wed Aug 19 15:28:48 UTC 2020
22 ms. Memory: 48128K Free: 17213K (36%)
ptolemy.util.test.WatchDog.cancel(): canceling Wed Aug 19 15:28:48 UTC 2020
------------------ testing $PTII/ptolemy/domains/de/test/auto/Inspection.xml
auto.tcl: Setting watchdog for 200 seconds at Wed Aug 19 15:28:48 UTC 2020
27 ms. Memory: 48128K Free: 20398K (42%)
ptolemy.util.test.WatchDog.cancel(): canceling Wed Aug 19 15:28:48 UTC 2020
auto.tcl: Setting watchdog for 200 seconds at Wed Aug 19 15:28:48 UTC 2020
30 ms. Memory: 48128K Free: 18673K (39%)
ptolemy.util.test.WatchDog.cancel(): canceling Wed Aug 19 15:28:48 UTC 2020
------------------ testing $PTII/ptolemy/domains/de/test/auto/Iteration.xml
auto.tcl: Setting watchdog for 200 seconds at Wed Aug 19 15:28:48 UTC 2020
7 ms. Memory: 48128K Free: 26141K (54%)
ptolemy.util.test.WatchDog.cancel(): canceling Wed Aug 19 15:28:48 UTC 2020
auto.tcl: Setting watchdog for 200 seconds at Wed Aug 19 15:28:48 UTC 2020
7 ms. Memory: 48128K Free: 24728K (51%)
ptolemy.util.test.WatchDog.cancel(): canceling Wed Aug 19 15:28:48 UTC 2020
------------------ testing $PTII/ptolemy/domains/de/test/auto/LineFault.xml
auto.tcl: Setting watchdog for 200 seconds at Wed Aug 19 15:28:48 UTC 2020
684 ms. Memory: 48128K Free: 23411K (49%)
ptolemy.util.test.WatchDog.cancel(): canceling Wed Aug 19 15:28:49 UTC 2020
auto.tcl: Setting watchdog for 200 seconds at Wed Aug 19 15:28:49 UTC 2020
523 ms. Memory: 58368K Free: 20417K (35%)
ptolemy.util.test.WatchDog.cancel(): canceling Wed Aug 19 15:28:49 UTC 2020
------------------ testing $PTII/ptolemy/domains/de/test/auto/MergeModel1Add.xml
auto.tcl: Setting watchdog for 200 seconds at Wed Aug 19 15:28:49 UTC 2020
17 ms. Memory: 55296K Free: 19299K (35%)
ptolemy.util.test.WatchDog.cancel(): canceling Wed Aug 19 15:28:49 UTC 2020
auto.tcl: Setting watchdog for 200 seconds at Wed Aug 19 15:28:49 UTC 2020
10 ms. Memory: 55296K Free: 17653K (32%)
ptolemy.util.test.WatchDog.cancel(): canceling Wed Aug 19 15:28:49 UTC 2020
------------------ testing $PTII/ptolemy/domains/de/test/auto/MergeModel2Add.xml
auto.tcl: Setting watchdog for 200 seconds at Wed Aug 19 15:28:50 UTC 2020
9 ms. Memory: 55296K Free: 21105K (38%)
ptolemy.util.test.WatchDog.cancel(): canceling Wed Aug 19 15:28:50 UTC 2020
auto.tcl: Setting watchdog for 200 seconds at Wed Aug 19 15:28:50 UTC 2020
8 ms. Memory: 55296K Free: 19376K (35%)
ptolemy.util.test.WatchDog.cancel(): canceling Wed Aug 19 15:28:50 UTC 2020
------------------ testing $PTII/ptolemy/domains/de/test/auto/MergeModel3Add.xml
auto.tcl: Setting watchdog for 200 seconds at Wed Aug 19 15:28:50 UTC 2020
10 ms. Memory: 55296K Free: 21351K (39%)
ptolemy.util.test.WatchDog.cancel(): canceling Wed Aug 19 15:28:50 UTC 2020
auto.tcl: Setting watchdog for 200 seconds at Wed Aug 19 15:28:50 UTC 2020
14 ms. Memory: 55296K Free: 19827K (36%)
ptolemy.util.test.WatchDog.cancel(): canceling Wed Aug 19 15:28:50 UTC 2020
------------------ testing $PTII/ptolemy/domains/de/test/auto/MergeWithoutDiscard.xml
auto.tcl: Setting watchdog for 200 seconds at Wed Aug 19 15:28:50 UTC 2020
1 ms. Memory: 55296K Free: 35891K (65%)
ptolemy.util.test.WatchDog.cancel(): canceling Wed Aug 19 15:28:50 UTC 2020
auto.tcl: Setting watchdog for 200 seconds at Wed Aug 19 15:28:50 UTC 2020
1 ms. Memory: 55296K Free: 35456K (64%)
ptolemy.util.test.WatchDog.cancel(): canceling Wed Aug 19 15:28:50 UTC 2020
------------------ testing $PTII/ptolemy/domains/de/test/auto/Modal1.xml
auto.tcl: Setting watchdog for 200 seconds at Wed Aug 19 15:28:50 UTC 2020
15 ms. Memory: 51200K Free: 23758K (46%)
ptolemy.util.test.WatchDog.cancel(): canceling Wed Aug 19 15:28:50 UTC 2020
auto.tcl: Setting watchdog for 200 seconds at Wed Aug 19 15:28:50 UTC 2020
19 ms. Memory: 51200K Free: 20322K (40%)
ptolemy.util.test.WatchDog.cancel(): canceling Wed Aug 19 15:28:50 UTC 2020
------------------ testing $PTII/ptolemy/domains/de/test/auto/Modal2.xml
auto.tcl: Setting watchdog for 200 seconds at Wed Aug 19 15:28:50 UTC 2020
13 ms. Memory: 51200K Free: 23870K (47%)
ptolemy.util.test.WatchDog.cancel(): canceling Wed Aug 19 15:28:50 UTC 2020
auto.tcl: Setting watchdog for 200 seconds at Wed Aug 19 15:28:50 UTC 2020
12 ms. Memory: 51200K Free: 20600K (40%)
ptolemy.util.test.WatchDog.cancel(): canceling Wed Aug 19 15:28:50 UTC 2020
------------------ testing $PTII/ptolemy/domains/de/test/auto/Modal3.xml
auto.tcl: Setting watchdog for 200 seconds at Wed Aug 19 15:28:50 UTC 2020
10 ms. Memory: 51200K Free: 23603K (46%)
ptolemy.util.test.WatchDog.cancel(): canceling Wed Aug 19 15:28:50 UTC 2020
auto.tcl: Setting watchdog for 200 seconds at Wed Aug 19 15:28:50 UTC 2020
11 ms. Memory: 51200K Free: 20651K (40%)
ptolemy.util.test.WatchDog.cancel(): canceling Wed Aug 19 15:28:50 UTC 2020
------------------ testing $PTII/ptolemy/domains/de/test/auto/Modal4.xml
auto.tcl: Setting watchdog for 200 seconds at Wed Aug 19 15:28:50 UTC 2020
12 ms. Memory: 51200K Free: 22812K (45%)
ptolemy.util.test.WatchDog.cancel(): canceling Wed Aug 19 15:28:50 UTC 2020
auto.tcl: Setting watchdog for 200 seconds at Wed Aug 19 15:28:50 UTC 2020
15 ms. Memory: 51200K Free: 18983K (37%)
ptolemy.util.test.WatchDog.cancel(): canceling Wed Aug 19 15:28:50 UTC 2020
------------------ testing $PTII/ptolemy/domains/de/test/auto/Modal5.xml
auto.tcl: Setting watchdog for 200 seconds at Wed Aug 19 15:28:50 UTC 2020
10 ms. Memory: 51200K Free: 22798K (45%)
ptolemy.util.test.WatchDog.cancel(): canceling Wed Aug 19 15:28:50 UTC 2020
auto.tcl: Setting watchdog for 200 seconds at Wed Aug 19 15:28:50 UTC 2020
11 ms. Memory: 51200K Free: 18970K (37%)
ptolemy.util.test.WatchDog.cancel(): canceling Wed Aug 19 15:28:50 UTC 2020
------------------ testing $PTII/ptolemy/domains/de/test/auto/Modal6.xml
auto.tcl: Setting watchdog for 200 seconds at Wed Aug 19 15:28:50 UTC 2020
11 ms. Memory: 51200K Free: 23615K (46%)
ptolemy.util.test.WatchDog.cancel(): canceling Wed Aug 19 15:28:50 UTC 2020
auto.tcl: Setting watchdog for 200 seconds at Wed Aug 19 15:28:50 UTC 2020
13 ms. Memory: 51200K Free: 19632K (38%)
ptolemy.util.test.WatchDog.cancel(): canceling Wed Aug 19 15:28:50 UTC 2020
------------------ testing $PTII/ptolemy/domains/de/test/auto/Modal7.xml
auto.tcl: Setting watchdog for 200 seconds at Wed Aug 19 15:28:50 UTC 2020
17 ms. Memory: 51200K Free: 22562K (44%)
ptolemy.util.test.WatchDog.cancel(): canceling Wed Aug 19 15:28:50 UTC 2020
auto.tcl: Setting watchdog for 200 seconds at Wed Aug 19 15:28:50 UTC 2020
9 ms. Memory: 51200K Free: 18969K (37%)
ptolemy.util.test.WatchDog.cancel(): canceling Wed Aug 19 15:28:50 UTC 2020
------------------ testing $PTII/ptolemy/domains/de/test/auto/ModalModel.xml
auto.tcl: Setting watchdog for 200 seconds at Wed Aug 19 15:28:51 UTC 2020
218 ms. Memory: 51200K Free: 13030K (25%)
ptolemy.util.test.WatchDog.cancel(): canceling Wed Aug 19 15:28:51 UTC 2020
auto.tcl: Setting watchdog for 200 seconds at Wed Aug 19 15:28:51 UTC 2020
199 ms. Memory: 61440K Free: 41703K (68%)
ptolemy.util.test.WatchDog.cancel(): canceling Wed Aug 19 15:28:51 UTC 2020
------------------ testing $PTII/ptolemy/domains/de/test/auto/ModalSource.xml
auto.tcl: Setting watchdog for 200 seconds at Wed Aug 19 15:28:51 UTC 2020
11 ms. Memory: 55296K Free: 31739K (57%)
ptolemy.util.test.WatchDog.cancel(): canceling Wed Aug 19 15:28:51 UTC 2020
auto.tcl: Setting watchdog for 200 seconds at Wed Aug 19 15:28:51 UTC 2020
6 ms. Memory: 55296K Free: 29691K (54%)
ptolemy.util.test.WatchDog.cancel(): canceling Wed Aug 19 15:28:51 UTC 2020
------------------ testing $PTII/ptolemy/domains/de/test/auto/NonInterruptibleTimerZeroDelay.xml
auto.tcl: Setting watchdog for 200 seconds at Wed Aug 19 15:28:51 UTC 2020
3 ms. Memory: 55296K Free: 36645K (66%)
ptolemy.util.test.WatchDog.cancel(): canceling Wed Aug 19 15:28:51 UTC 2020
auto.tcl: Setting watchdog for 200 seconds at Wed Aug 19 15:28:51 UTC 2020
2 ms. Memory: 55296K Free: 36009K (65%)
ptolemy.util.test.WatchDog.cancel(): canceling Wed Aug 19 15:28:51 UTC 2020
------------------ testing $PTII/ptolemy/domains/de/test/auto/OpenQueueingNetwork.xml
auto.tcl: Setting watchdog for 200 seconds at Wed Aug 19 15:28:51 UTC 2020
2766 ms. Memory: 128000K Free: 90429K (71%)
ptolemy.util.test.WatchDog.cancel(): canceling Wed Aug 19 15:28:54 UTC 2020
auto.tcl: Setting watchdog for 200 seconds at Wed Aug 19 15:28:54 UTC 2020
2540 ms. Memory: 153600K Free: 119199K (78%)
ptolemy.util.test.WatchDog.cancel(): canceling Wed Aug 19 15:28:57 UTC 2020
------------------ testing $PTII/ptolemy/domains/de/test/auto/OpenQueuingNetwork.xml
auto.tcl: Setting watchdog for 200 seconds at Wed Aug 19 15:28:57 UTC 2020
233 ms. Memory: 55296K Free: 24236K (44%)
ptolemy.util.test.WatchDog.cancel(): canceling Wed Aug 19 15:28:57 UTC 2020
auto.tcl: Setting watchdog for 200 seconds at Wed Aug 19 15:28:57 UTC 2020
233 ms. Memory: 55296K Free: 32714K (59%)
ptolemy.util.test.WatchDog.cancel(): canceling Wed Aug 19 15:28:57 UTC 2020
------------------ testing $PTII/ptolemy/domains/de/test/auto/PeriodicSampler.xml
auto.tcl: Setting watchdog for 200 seconds at Wed Aug 19 15:28:57 UTC 2020
2 ms. Memory: 55296K Free: 35877K (65%)
ptolemy.util.test.WatchDog.cancel(): canceling Wed Aug 19 15:28:57 UTC 2020
auto.tcl: Setting watchdog for 200 seconds at Wed Aug 19 15:28:57 UTC 2020
2 ms. Memory: 55296K Free: 35357K (64%)
ptolemy.util.test.WatchDog.cancel(): canceling Wed Aug 19 15:28:57 UTC 2020
------------------ testing $PTII/ptolemy/domains/de/test/auto/PersistentIO.xml
auto.tcl: Setting watchdog for 200 seconds at Wed Aug 19 15:28:57 UTC 2020
14 ms. Memory: 55296K Free: 30801K (56%)
ptolemy.util.test.WatchDog.cancel(): canceling Wed Aug 19 15:28:57 UTC 2020
auto.tcl: Setting watchdog for 200 seconds at Wed Aug 19 15:28:57 UTC 2020
4 ms. Memory: 55296K Free: 29281K (53%)
ptolemy.util.test.WatchDog.cancel(): canceling Wed Aug 19 15:28:57 UTC 2020
------------------ testing $PTII/ptolemy/domains/de/test/auto/PortParameterResetOnInitialize.xml
auto.tcl: Setting watchdog for 200 seconds at Wed Aug 19 15:28:57 UTC 2020
8 ms. Memory: 55296K Free: 35799K (65%)
ptolemy.util.test.WatchDog.cancel(): canceling Wed Aug 19 15:28:58 UTC 2020
auto.tcl: Setting watchdog for 200 seconds at Wed Aug 19 15:28:58 UTC 2020
2 ms. Memory: 55296K Free: 35289K (64%)
ptolemy.util.test.WatchDog.cancel(): canceling Wed Aug 19 15:28:58 UTC 2020
------------------ testing $PTII/ptolemy/domains/de/test/auto/PortParameterUpdates.xml
auto.tcl: Setting watchdog for 200 seconds at Wed Aug 19 15:28:58 UTC 2020
6 ms. Memory: 55296K Free: 34084K (62%)
ptolemy.util.test.WatchDog.cancel(): canceling Wed Aug 19 15:28:58 UTC 2020
auto.tcl: Setting watchdog for 200 seconds at Wed Aug 19 15:28:58 UTC 2020
3 ms. Memory: 55296K Free: 32863K (59%)
ptolemy.util.test.WatchDog.cancel(): canceling Wed Aug 19 15:28:58 UTC 2020
------------------ testing $PTII/ptolemy/domains/de/test/auto/QueueAndServer.xml
auto.tcl: Setting watchdog for 200 seconds at Wed Aug 19 15:28:58 UTC 2020
6 ms. Memory: 51200K Free: 28666K (56%)
ptolemy.util.test.WatchDog.cancel(): canceling Wed Aug 19 15:28:58 UTC 2020
auto.tcl: Setting watchdog for 200 seconds at Wed Aug 19 15:28:58 UTC 2020
6 ms. Memory: 51200K Free: 27240K (53%)
ptolemy.util.test.WatchDog.cancel(): canceling Wed Aug 19 15:28:58 UTC 2020
------------------ testing $PTII/ptolemy/domains/de/test/auto/Records.xml
auto.tcl: Setting watchdog for 200 seconds at Wed Aug 19 15:28:58 UTC 2020
6 ms. Memory: 51200K Free: 30941K (60%)
ptolemy.util.test.WatchDog.cancel(): canceling Wed Aug 19 15:28:58 UTC 2020
auto.tcl: Setting watchdog for 200 seconds at Wed Aug 19 15:28:58 UTC 2020
2 ms. Memory: 51200K Free: 30438K (59%)
ptolemy.util.test.WatchDog.cancel(): canceling Wed Aug 19 15:28:58 UTC 2020
------------------ testing $PTII/ptolemy/domains/de/test/auto/ResetTransitionWithStartTime1.xml
auto.tcl: Setting watchdog for 200 seconds at Wed Aug 19 15:28:58 UTC 2020
12 ms. Memory: 51200K Free: 28188K (55%)
ptolemy.util.test.WatchDog.cancel(): canceling Wed Aug 19 15:28:58 UTC 2020
auto.tcl: Setting watchdog for 200 seconds at Wed Aug 19 15:28:58 UTC 2020
7 ms. Memory: 51200K Free: 25651K (50%)
ptolemy.util.test.WatchDog.cancel(): canceling Wed Aug 19 15:28:58 UTC 2020
------------------ testing $PTII/ptolemy/domains/de/test/auto/ResetTransitionWithStartTime2.xml
auto.tcl: Setting watchdog for 200 seconds at Wed Aug 19 15:28:58 UTC 2020
7 ms. Memory: 51200K Free: 28144K (55%)
ptolemy.util.test.WatchDog.cancel(): canceling Wed Aug 19 15:28:58 UTC 2020
auto.tcl: Setting watchdog for 200 seconds at Wed Aug 19 15:28:58 UTC 2020
9 ms. Memory: 51200K Free: 26096K (51%)
ptolemy.util.test.WatchDog.cancel(): canceling Wed Aug 19 15:28:58 UTC 2020
------------------ testing $PTII/ptolemy/domains/de/test/auto/ResetTransitionWithStartTime3.xml
auto.tcl: Setting watchdog for 200 seconds at Wed Aug 19 15:28:58 UTC 2020
11 ms. Memory: 51200K Free: 28143K (55%)
ptolemy.util.test.WatchDog.cancel(): canceling Wed Aug 19 15:28:58 UTC 2020
auto.tcl: Setting watchdog for 200 seconds at Wed Aug 19 15:28:58 UTC 2020
9 ms. Memory: 51200K Free: 26127K (51%)
ptolemy.util.test.WatchDog.cancel(): canceling Wed Aug 19 15:28:58 UTC 2020
------------------ testing $PTII/ptolemy/domains/de/test/auto/ResetTransitionWithStartTime4.xml
auto.tcl: Setting watchdog for 200 seconds at Wed Aug 19 15:28:58 UTC 2020
11 ms. Memory: 51200K Free: 28559K (56%)
ptolemy.util.test.WatchDog.cancel(): canceling Wed Aug 19 15:28:58 UTC 2020
auto.tcl: Setting watchdog for 200 seconds at Wed Aug 19 15:28:58 UTC 2020
3 ms. Memory: 51200K Free: 27125K (53%)
ptolemy.util.test.WatchDog.cancel(): canceling Wed Aug 19 15:28:58 UTC 2020
------------------ testing $PTII/ptolemy/domains/de/test/auto/ResettableTimer1.xml
auto.tcl: Setting watchdog for 200 seconds at Wed Aug 19 15:28:58 UTC 2020
2 ms. Memory: 51200K Free: 32347K (63%)
ptolemy.util.test.WatchDog.cancel(): canceling Wed Aug 19 15:28:58 UTC 2020
auto.tcl: Setting watchdog for 200 seconds at Wed Aug 19 15:28:58 UTC 2020
2 ms. Memory: 51200K Free: 31698K (62%)
ptolemy.util.test.WatchDog.cancel(): canceling Wed Aug 19 15:28:58 UTC 2020
------------------ testing $PTII/ptolemy/domains/de/test/auto/ResettableTimer2.xml
auto.tcl: Setting watchdog for 200 seconds at Wed Aug 19 15:28:58 UTC 2020
2 ms. Memory: 51200K Free: 32391K (63%)
ptolemy.util.test.WatchDog.cancel(): canceling Wed Aug 19 15:28:58 UTC 2020
auto.tcl: Setting watchdog for 200 seconds at Wed Aug 19 15:28:58 UTC 2020
2 ms. Memory: 51200K Free: 31298K (61%)
ptolemy.util.test.WatchDog.cancel(): canceling Wed Aug 19 15:28:58 UTC 2020
------------------ testing $PTII/ptolemy/domains/de/test/auto/ResettableTimer3.xml
auto.tcl: Setting watchdog for 200 seconds at Wed Aug 19 15:28:58 UTC 2020
1 ms. Memory: 51200K Free: 32283K (63%)
ptolemy.util.test.WatchDog.cancel(): canceling Wed Aug 19 15:28:58 UTC 2020
auto.tcl: Setting watchdog for 200 seconds at Wed Aug 19 15:28:58 UTC 2020
2 ms. Memory: 51200K Free: 32275K (63%)
ptolemy.util.test.WatchDog.cancel(): canceling Wed Aug 19 15:28:58 UTC 2020
------------------ testing $PTII/ptolemy/domains/de/test/auto/ResettableTimer4.xml
auto.tcl: Setting watchdog for 200 seconds at Wed Aug 19 15:28:58 UTC 2020
1 ms. Memory: 51200K Free: 32311K (63%)
ptolemy.util.test.WatchDog.cancel(): canceling Wed Aug 19 15:28:58 UTC 2020
auto.tcl: Setting watchdog for 200 seconds at Wed Aug 19 15:28:58 UTC 2020
2 ms. Memory: 51200K Free: 31799K (62%)
ptolemy.util.test.WatchDog.cancel(): canceling Wed Aug 19 15:28:58 UTC 2020
------------------ testing $PTII/ptolemy/domains/de/test/auto/ResettableTimer5.xml
auto.tcl: Setting watchdog for 200 seconds at Wed Aug 19 15:28:58 UTC 2020
1 ms. Memory: 51200K Free: 31758K (62%)
ptolemy.util.test.WatchDog.cancel(): canceling Wed Aug 19 15:28:58 UTC 2020
auto.tcl: Setting watchdog for 200 seconds at Wed Aug 19 15:28:58 UTC 2020
1 ms. Memory: 51200K Free: 31271K (61%)
ptolemy.util.test.WatchDog.cancel(): canceling Wed Aug 19 15:28:58 UTC 2020
------------------ testing $PTII/ptolemy/domains/de/test/auto/ResettableTimer6.xml
auto.tcl: Setting watchdog for 200 seconds at Wed Aug 19 15:28:58 UTC 2020
4 ms. Memory: 51200K Free: 31749K (62%)
ptolemy.util.test.WatchDog.cancel(): canceling Wed Aug 19 15:28:58 UTC 2020
auto.tcl: Setting watchdog for 200 seconds at Wed Aug 19 15:28:58 UTC 2020
1 ms. Memory: 51200K Free: 31253K (61%)
ptolemy.util.test.WatchDog.cancel(): canceling Wed Aug 19 15:28:58 UTC 2020
------------------ testing $PTII/ptolemy/domains/de/test/auto/ServerZeroDelay.xml
auto.tcl: Setting watchdog for 200 seconds at Wed Aug 19 15:28:58 UTC 2020
2 ms. Memory: 51200K Free: 32268K (63%)
ptolemy.util.test.WatchDog.cancel(): canceling Wed Aug 19 15:28:59 UTC 2020
auto.tcl: Setting watchdog for 200 seconds at Wed Aug 19 15:28:59 UTC 2020
2 ms. Memory: 51200K Free: 31258K (61%)
ptolemy.util.test.WatchDog.cancel(): canceling Wed Aug 19 15:28:59 UTC 2020
------------------ testing $PTII/ptolemy/domains/de/test/auto/SmartSender.xml
auto.tcl: Setting watchdog for 200 seconds at Wed Aug 19 15:28:59 UTC 2020
3001 ms. Memory: 51200K Free: 32263K (63%)
ptolemy.util.test.WatchDog.cancel(): canceling Wed Aug 19 15:29:02 UTC 2020
auto.tcl: Setting watchdog for 200 seconds at Wed Aug 19 15:29:02 UTC 2020
3002 ms. Memory: 51200K Free: 31759K (62%)
ptolemy.util.test.WatchDog.cancel(): canceling Wed Aug 19 15:29:05 UTC 2020
------------------ testing $PTII/ptolemy/domains/de/test/auto/ThreadedComposite.xml
auto.tcl: Setting watchdog for 200 seconds at Wed Aug 19 15:29:05 UTC 2020
256 ms. Memory: 51200K Free: 10773K (21%)
ptolemy.util.test.WatchDog.cancel(): canceling Wed Aug 19 15:29:05 UTC 2020
auto.tcl: Setting watchdog for 200 seconds at Wed Aug 19 15:29:05 UTC 2020
137 ms. Memory: 51200K Free: 25651K (50%)
ptolemy.util.test.WatchDog.cancel(): canceling Wed Aug 19 15:29:05 UTC 2020
------------------ testing $PTII/ptolemy/domains/de/test/auto/Time.xml
auto.tcl: Setting watchdog for 200 seconds at Wed Aug 19 15:29:05 UTC 2020
530 ms. Memory: 51200K Free: 34464K (67%)
ptolemy.util.test.WatchDog.cancel(): canceling Wed Aug 19 15:29:06 UTC 2020
auto.tcl: Setting watchdog for 200 seconds at Wed Aug 19 15:29:06 UTC 2020
401 ms. Memory: 65536K Free: 22698K (35%)
ptolemy.util.test.WatchDog.cancel(): canceling Wed Aug 19 15:29:06 UTC 2020
------------------ testing $PTII/ptolemy/domains/de/test/auto/TimeDelayZeroDelay.xml
auto.tcl: Setting watchdog for 200 seconds at Wed Aug 19 15:29:06 UTC 2020
3 ms. Memory: 51200K Free: 32193K (63%)
ptolemy.util.test.WatchDog.cancel(): canceling Wed Aug 19 15:29:06 UTC 2020
auto.tcl: Setting watchdog for 200 seconds at Wed Aug 19 15:29:06 UTC 2020
2 ms. Memory: 51200K Free: 31727K (62%)
ptolemy.util.test.WatchDog.cancel(): canceling Wed Aug 19 15:29:06 UTC 2020
------------------ testing $PTII/ptolemy/domains/de/test/auto/TimerZeroDelay.xml
auto.tcl: Setting watchdog for 200 seconds at Wed Aug 19 15:29:06 UTC 2020
4 ms. Memory: 51200K Free: 32623K (64%)
ptolemy.util.test.WatchDog.cancel(): canceling Wed Aug 19 15:29:06 UTC 2020
auto.tcl: Setting watchdog for 200 seconds at Wed Aug 19 15:29:06 UTC 2020
2 ms. Memory: 51200K Free: 32236K (63%)
ptolemy.util.test.WatchDog.cancel(): canceling Wed Aug 19 15:29:06 UTC 2020
------------------ testing $PTII/ptolemy/domains/de/test/auto/TimingParadox.xml
auto.tcl: Setting watchdog for 200 seconds at Wed Aug 19 15:29:06 UTC 2020
260 ms. Memory: 51200K Free: 17855K (35%)
ptolemy.util.test.WatchDog.cancel(): canceling Wed Aug 19 15:29:07 UTC 2020
auto.tcl: Setting watchdog for 200 seconds at Wed Aug 19 15:29:07 UTC 2020
284 ms. Memory: 51200K Free: 32021K (63%)
ptolemy.util.test.WatchDog.cancel(): canceling Wed Aug 19 15:29:07 UTC 2020
------------------ testing $PTII/ptolemy/domains/de/test/auto/TransferInputs.xml
auto.tcl: Setting watchdog for 200 seconds at Wed Aug 19 15:29:07 UTC 2020
2 ms. Memory: 51200K Free: 30718K (60%)
ptolemy.util.test.WatchDog.cancel(): canceling Wed Aug 19 15:29:07 UTC 2020
auto.tcl: Setting watchdog for 200 seconds at Wed Aug 19 15:29:07 UTC 2020
2 ms. Memory: 51200K Free: 29796K (58%)
ptolemy.util.test.WatchDog.cancel(): canceling Wed Aug 19 15:29:07 UTC 2020
------------------ testing $PTII/ptolemy/domains/de/test/auto/TransferOutputs2.xml
auto.tcl: Setting watchdog for 200 seconds at Wed Aug 19 15:29:07 UTC 2020
2 ms. Memory: 51200K Free: 28147K (55%)
ptolemy.util.test.WatchDog.cancel(): canceling Wed Aug 19 15:29:07 UTC 2020
auto.tcl: Setting watchdog for 200 seconds at Wed Aug 19 15:29:07 UTC 2020
3 ms. Memory: 51200K Free: 26741K (52%)
ptolemy.util.test.WatchDog.cancel(): canceling Wed Aug 19 15:29:07 UTC 2020
------------------ testing $PTII/ptolemy/domains/de/test/auto/Trilateration.xml
auto.tcl: Setting watchdog for 200 seconds at Wed Aug 19 15:29:07 UTC 2020
12039 ms. Memory: 482304K Free: 342215K (71%)
ptolemy.util.test.WatchDog.cancel(): canceling Wed Aug 19 15:29:20 UTC 2020
auto.tcl: Setting watchdog for 200 seconds at Wed Aug 19 15:29:20 UTC 2020
9108 ms. Memory: 482304K Free: 278696K (58%)
ptolemy.util.test.WatchDog.cancel(): canceling Wed Aug 19 15:29:29 UTC 2020
------------------ testing $PTII/ptolemy/domains/de/test/auto/TwoSigmaDelta.xml
auto.tcl: Setting watchdog for 200 seconds at Wed Aug 19 15:29:29 UTC 2020
2312 ms. Memory: 92160K Free: 32407K (35%)
ptolemy.util.test.WatchDog.cancel(): canceling Wed Aug 19 15:29:32 UTC 2020
auto.tcl: Setting watchdog for 200 seconds at Wed Aug 19 15:29:32 UTC 2020
1653 ms. Memory: 92160K Free: 36525K (40%)
ptolemy.util.test.WatchDog.cancel(): canceling Wed Aug 19 15:29:34 UTC 2020
------------------ testing $PTII/ptolemy/domains/de/test/auto/VariableDelay.xml
auto.tcl: Setting watchdog for 200 seconds at Wed Aug 19 15:29:34 UTC 2020
2 ms. Memory: 55296K Free: 35279K (64%)
ptolemy.util.test.WatchDog.cancel(): canceling Wed Aug 19 15:29:34 UTC 2020
auto.tcl: Setting watchdog for 200 seconds at Wed Aug 19 15:29:34 UTC 2020
2 ms. Memory: 55296K Free: 34285K (62%)
ptolemy.util.test.WatchDog.cancel(): canceling Wed Aug 19 15:29:34 UTC 2020
------------------ testing $PTII/ptolemy/domains/de/test/auto/VariableDelay2.xml
auto.tcl: Setting watchdog for 200 seconds at Wed Aug 19 15:29:34 UTC 2020
7 ms. Memory: 55296K Free: 35889K (65%)
ptolemy.util.test.WatchDog.cancel(): canceling Wed Aug 19 15:29:34 UTC 2020
auto.tcl: Setting watchdog for 200 seconds at Wed Aug 19 15:29:34 UTC 2020
2 ms. Memory: 55296K Free: 35360K (64%)
ptolemy.util.test.WatchDog.cancel(): canceling Wed Aug 19 15:29:34 UTC 2020
------------------ testing $PTII/ptolemy/domains/de/test/auto/VariableDelayZeroDelay.xml
auto.tcl: Setting watchdog for 200 seconds at Wed Aug 19 15:29:34 UTC 2020
2 ms. Memory: 55296K Free: 36221K (66%)
ptolemy.util.test.WatchDog.cancel(): canceling Wed Aug 19 15:29:34 UTC 2020
auto.tcl: Setting watchdog for 200 seconds at Wed Aug 19 15:29:34 UTC 2020
2 ms. Memory: 55296K Free: 35677K (65%)
ptolemy.util.test.WatchDog.cancel(): canceling Wed Aug 19 15:29:34 UTC 2020
------------------ testing $PTII/ptolemy/domains/de/test/auto/VariableDelayZeroDelay2.xml
auto.tcl: Setting watchdog for 200 seconds at Wed Aug 19 15:29:34 UTC 2020
2 ms. Memory: 51200K Free: 32124K (63%)
ptolemy.util.test.WatchDog.cancel(): canceling Wed Aug 19 15:29:34 UTC 2020
auto.tcl: Setting watchdog for 200 seconds at Wed Aug 19 15:29:34 UTC 2020
2 ms. Memory: 51200K Free: 31100K (61%)
ptolemy.util.test.WatchDog.cancel(): canceling Wed Aug 19 15:29:34 UTC 2020
------------------ testing $PTII/ptolemy/domains/de/test/auto/deInCt.xml
auto.tcl: Setting watchdog for 200 seconds at Wed Aug 19 15:29:34 UTC 2020
0
1
1
1
0
0
0
1
1
1
0
0
0
1
1
1
1
1
1
0
0
0
1
1
1
0
0
0
1
1
1
0
0
0
0
1
1
1
0
0
0
0
21 ms. Memory: 51200K Free: 31097K (61%)
ptolemy.util.test.WatchDog.cancel(): canceling Wed Aug 19 15:29:34 UTC 2020
auto.tcl: Setting watchdog for 200 seconds at Wed Aug 19 15:29:34 UTC 2020
0
1
1
1
1
0
0
0
1
1
1
0
0
0
1
1
1
0
0
0
1
1
1
1
0
0
1
1
1
0
0
0
1
1
0
0
0
1
1
0
0
0
1
1
1
0
0
0
1
1
0
0
0
1
1
1
0
0
0
10 ms. Memory: 51200K Free: 29545K (58%)
ptolemy.util.test.WatchDog.cancel(): canceling Wed Aug 19 15:29:34 UTC 2020
------------------ testing $PTII/ptolemy/domains/de/test/auto/deInCt2.xml
auto.tcl: Setting watchdog for 200 seconds at Wed Aug 19 15:29:34 UTC 2020
0
1
1
1
0
0
1
1
1
0
0
1
1
1
0
0
1
1
1
0
0
1
1
1
0
0
1
1
1
0
0
1
1
1
0
0
1
1
1
0
0
0
11 ms. Memory: 51200K Free: 31098K (61%)
ptolemy.util.test.WatchDog.cancel(): canceling Wed Aug 19 15:29:34 UTC 2020
auto.tcl: Setting watchdog for 200 seconds at Wed Aug 19 15:29:34 UTC 2020
0
1
1
1
0
0
1
1
1
0
0
1
1
1
0
0
1
1
1
0
0
1
1
1
0
0
1
1
1
0
0
1
1
1
0
0
1
1
1
0
0
0
8 ms. Memory: 51200K Free: 29550K (58%)
ptolemy.util.test.WatchDog.cancel(): canceling Wed Aug 19 15:29:34 UTC 2020
------------------ testing $PTII/ptolemy/domains/de/test/auto/dynamicCausalityInterface1.xml
auto.tcl: Setting watchdog for 200 seconds at Wed Aug 19 15:29:34 UTC 2020
1 ms. Memory: 51200K Free: 26996K (53%)
ptolemy.util.test.WatchDog.cancel(): canceling Wed Aug 19 15:29:34 UTC 2020
auto.tcl: Setting watchdog for 200 seconds at Wed Aug 19 15:29:34 UTC 2020
1 ms. Memory: 51200K Free: 26487K (52%)
ptolemy.util.test.WatchDog.cancel(): canceling Wed Aug 19 15:29:34 UTC 2020
------------------ testing $PTII/ptolemy/domains/de/test/auto/fsm_de_test.xml
auto.tcl: Setting watchdog for 200 seconds at Wed Aug 19 15:29:34 UTC 2020
10 ms. Memory: 51200K Free: 26895K (53%)
ptolemy.util.test.WatchDog.cancel(): canceling Wed Aug 19 15:29:34 UTC 2020
auto.tcl: Setting watchdog for 200 seconds at Wed Aug 19 15:29:34 UTC 2020
10 ms. Memory: 51200K Free: 24847K (49%)
ptolemy.util.test.WatchDog.cancel(): canceling Wed Aug 19 15:29:34 UTC 2020
------------------ testing $PTII/ptolemy/domains/de/test/auto/functionDependencyReconstruction.xml
auto.tcl: Setting watchdog for 200 seconds at Wed Aug 19 15:29:34 UTC 2020
2 ms. Memory: 51200K Free: 20740K (41%)
ptolemy.util.test.WatchDog.cancel(): canceling Wed Aug 19 15:29:34 UTC 2020
auto.tcl: Setting watchdog for 200 seconds at Wed Aug 19 15:29:34 UTC 2020
3 ms. Memory: 51200K Free: 18692K (37%)
ptolemy.util.test.WatchDog.cancel(): canceling Wed Aug 19 15:29:34 UTC 2020
------------------ testing $PTII/ptolemy/domains/de/test/auto/multirate.xml
auto.tcl: Setting watchdog for 200 seconds at Wed Aug 19 15:29:34 UTC 2020
4 ms. Memory: 51200K Free: 29536K (58%)
ptolemy.util.test.WatchDog.cancel(): canceling Wed Aug 19 15:29:34 UTC 2020
auto.tcl: Setting watchdog for 200 seconds at Wed Aug 19 15:29:34 UTC 2020
4 ms. Memory: 51200K Free: 27798K (54%)
ptolemy.util.test.WatchDog.cancel(): canceling Wed Aug 19 15:29:34 UTC 2020
------------------ testing $PTII/ptolemy/domains/de/test/auto/multirate2.xml
auto.tcl: Setting watchdog for 200 seconds at Wed Aug 19 15:29:34 UTC 2020
5 ms. Memory: 51200K Free: 29492K (58%)
ptolemy.util.test.WatchDog.cancel(): canceling Wed Aug 19 15:29:34 UTC 2020
auto.tcl: Setting watchdog for 200 seconds at Wed Aug 19 15:29:34 UTC 2020
3 ms. Memory: 51200K Free: 27979K (55%)
ptolemy.util.test.WatchDog.cancel(): canceling Wed Aug 19 15:29:34 UTC 2020
------------------ testing $PTII/ptolemy/domains/de/test/auto/realtime.xml
auto.tcl: Setting watchdog for 200 seconds at Wed Aug 19 15:29:34 UTC 2020
10001 ms. Memory: 51200K Free: 31777K (62%)
ptolemy.util.test.WatchDog.cancel(): canceling Wed Aug 19 15:29:44 UTC 2020
auto.tcl: Setting watchdog for 200 seconds at Wed Aug 19 15:29:44 UTC 2020
10001 ms. Memory: 51200K Free: 31042K (61%)
ptolemy.util.test.WatchDog.cancel(): canceling Wed Aug 19 15:29:54 UTC 2020
------------------ testing $PTII/ptolemy/domains/de/test/auto/relationGroup.xml
auto.tcl: Setting watchdog for 200 seconds at Wed Aug 19 15:29:55 UTC 2020
2 ms. Memory: 51200K Free: 32827K (64%)
ptolemy.util.test.WatchDog.cancel(): canceling Wed Aug 19 15:29:55 UTC 2020
auto.tcl: Setting watchdog for 200 seconds at Wed Aug 19 15:29:55 UTC 2020
1 ms. Memory: 51200K Free: 32092K (63%)
ptolemy.util.test.WatchDog.cancel(): canceling Wed Aug 19 15:29:55 UTC 2020
------------------ testing $PTII/ptolemy/domains/de/test/auto/relationGroup2.xml
auto.tcl: Setting watchdog for 200 seconds at Wed Aug 19 15:29:55 UTC 2020
1 ms. Memory: 51200K Free: 32658K (64%)
ptolemy.util.test.WatchDog.cancel(): canceling Wed Aug 19 15:29:55 UTC 2020
auto.tcl: Setting watchdog for 200 seconds at Wed Aug 19 15:29:55 UTC 2020
2 ms. Memory: 51200K Free: 32148K (63%)
ptolemy.util.test.WatchDog.cancel(): canceling Wed Aug 19 15:29:55 UTC 2020
------------------ testing $PTII/ptolemy/domains/de/test/auto/sortWithOpaquePorts.xml
auto.tcl: Setting watchdog for 200 seconds at Wed Aug 19 15:29:55 UTC 2020
1 ms. Memory: 51200K Free: 31621K (62%)
ptolemy.util.test.WatchDog.cancel(): canceling Wed Aug 19 15:29:55 UTC 2020
auto.tcl: Setting watchdog for 200 seconds at Wed Aug 19 15:29:55 UTC 2020
2 ms. Memory: 51200K Free: 30597K (60%)
ptolemy.util.test.WatchDog.cancel(): canceling Wed Aug 19 15:29:55 UTC 2020
------------------ testing $PTII/ptolemy/domains/de/test/auto/transferInputsandOutputs.xml
auto.tcl: Setting watchdog for 200 seconds at Wed Aug 19 15:29:55 UTC 2020
2 ms. Memory: 51200K Free: 29065K (57%)
ptolemy.util.test.WatchDog.cancel(): canceling Wed Aug 19 15:29:55 UTC 2020
auto.tcl: Setting watchdog for 200 seconds at Wed Aug 19 15:29:55 UTC 2020
1 ms. Memory: 51200K Free: 28041K (55%)
ptolemy.util.test.WatchDog.cancel(): canceling Wed Aug 19 15:29:55 UTC 2020
------------------ testing $PTII/ptolemy/domains/de/test/auto/triggerType.xml
auto.tcl: Setting watchdog for 200 seconds at Wed Aug 19 15:29:55 UTC 2020
2 ms. Memory: 51200K Free: 32090K (63%)
ptolemy.util.test.WatchDog.cancel(): canceling Wed Aug 19 15:29:55 UTC 2020
auto.tcl: Setting watchdog for 200 seconds at Wed Aug 19 15:29:55 UTC 2020
2 ms. Memory: 51200K Free: 31069K (61%)
ptolemy.util.test.WatchDog.cancel(): canceling Wed Aug 19 15:29:55 UTC 2020
08/19/20 03:29:55
Failed: 0  Total Tests: 192  ((Passed: 187, Newly Passed: 1)  Known Failed: 5) /home/travis/build/icyphy/ptII/ptolemy/domains/de/test
08/19/20 03:29:55
Failed: 0  Total Tests: 192  ((Passed: 187, Newly Passed: 1)  Known Failed: 5) /home/travis/build/icyphy/ptII/ptolemy/domains/de/test
----------------- testing (KnownFailure) /home/travis/build/icyphy/ptII/ptolemy/domains/de/test/auto/knownFailedTests/DESDFClockTest.xml
2027 ms. Memory: 51200K Free: 25484K (50%)
Known Failure: java.lang.reflect.InvocationTargetException
----------------- testing (KnownFailure) /home/travis/build/icyphy/ptII/ptolemy/domains/de/test/auto/knownFailedTests/DirectFeedback.xml
2 ms. Memory: 51200K Free: 21388K (42%)
Known Failure: java.lang.reflect.InvocationTargetException
----------------- testing (KnownFailure) /home/travis/build/icyphy/ptII/ptolemy/domains/de/test/auto/knownFailedTests/FSMSource.xml
7 ms. Memory: 51200K Free: 13710K (27%)
----------------- testing (KnownFailure) /home/travis/build/icyphy/ptII/ptolemy/domains/de/test/auto/knownFailedTests/HierarchicalModel.xml
3 ms. Memory: 51200K Free: 25924K (51%)
Known Failure: java.lang.reflect.InvocationTargetException
----------------- testing (KnownFailure) /home/travis/build/icyphy/ptII/ptolemy/domains/de/test/auto/knownFailedTests/dependencyLoop.xml
2 ms. Memory: 51200K Free: 10617K (21%)
Known Failure: java.lang.reflect.InvocationTargetException
----------------- testing (KnownFailure) /home/travis/build/icyphy/ptII/ptolemy/domains/de/test/auto/knownFailedTests/dependencyLoop2.xml
8 ms. Memory: 51200K Free: 23453K (46%)
Known Failure: java.lang.reflect.InvocationTargetException
No auto/linux-amd64/*.xml tests in /home/travis/build/icyphy/ptII/ptolemy/domains/de/test
AutoTests.java: About to close Vertx.
AutoTests.java: Vertx closed.

===========================================================================================
----------------- testing Wed Aug 19 15:29:57 UTC 2020 /home/travis/build/icyphy/ptII/ptolemy/domains/de/test/auto/ActorDepthCalculation_actorWithoutPorts.xml
----------------- Instantiating /home/travis/build/icyphy/ptII/ptolemy/domains/de/test/auto/ActorDepthCalculation_actorWithoutPorts.xml
2 ms. Memory: 51200K Free: 17008K (33%)
----------------- Invoking toplevel() on ptolemy.moml.MoMLSimpleApplication@9d7414
----------------- Done invoking toplevel() on ptolemy.moml.MoMLSimpleApplication@9d7414
reloadAllAccessors: .ActorDepthCalculation_actorWithoutPorts

===========================================================================================
----------------- testing Wed Aug 19 15:29:57 UTC 2020 /home/travis/build/icyphy/ptII/ptolemy/domains/de/test/auto/AssemblyLine.xml
----------------- Instantiating /home/travis/build/icyphy/ptII/ptolemy/domains/de/test/auto/AssemblyLine.xml
9 ms. Memory: 51200K Free: 9862K (19%)
----------------- Invoking toplevel() on ptolemy.moml.MoMLSimpleApplication@16e1ca0e
----------------- Done invoking toplevel() on ptolemy.moml.MoMLSimpleApplication@16e1ca0e
reloadAllAccessors: .AssemblyLine

===========================================================================================
----------------- testing Wed Aug 19 15:29:57 UTC 2020 /home/travis/build/icyphy/ptII/ptolemy/domains/de/test/auto/CQBug1.xml
----------------- Instantiating /home/travis/build/icyphy/ptII/ptolemy/domains/de/test/auto/CQBug1.xml
0 ms. Memory: 51200K Free: 34616K (68%)
----------------- Invoking toplevel() on ptolemy.moml.MoMLSimpleApplication@362f9479
----------------- Done invoking toplevel() on ptolemy.moml.MoMLSimpleApplication@362f9479
reloadAllAccessors: .CQBug1

===========================================================================================
----------------- testing Wed Aug 19 15:29:57 UTC 2020 /home/travis/build/icyphy/ptII/ptolemy/domains/de/test/auto/CancelFireAt.xml
----------------- Instantiating /home/travis/build/icyphy/ptII/ptolemy/domains/de/test/auto/CancelFireAt.xml
1 ms. Memory: 51200K Free: 31983K (62%)
----------------- Invoking toplevel() on ptolemy.moml.MoMLSimpleApplication@3bc8f011
----------------- Done invoking toplevel() on ptolemy.moml.MoMLSimpleApplication@3bc8f011
reloadAllAccessors: .CancelFireAt

===========================================================================================
----------------- testing Wed Aug 19 15:29:57 UTC 2020 /home/travis/build/icyphy/ptII/ptolemy/domains/de/test/auto/CausalityAndComposabilityAnalysis.xml
----------------- Instantiating /home/travis/build/icyphy/ptII/ptolemy/domains/de/test/auto/CausalityAndComposabilityAnalysis.xml
2 ms. Memory: 51200K Free: 27462K (54%)
----------------- Invoking toplevel() on ptolemy.moml.MoMLSimpleApplication@14ee566c
----------------- Done invoking toplevel() on ptolemy.moml.MoMLSimpleApplication@14ee566c
reloadAllAccessors: .CausalityAndComposabilityAnalysis

===========================================================================================
----------------- testing Wed Aug 19 15:29:57 UTC 2020 /home/travis/build/icyphy/ptII/ptolemy/domains/de/test/auto/CausalityInterface1.xml
----------------- Instantiating /home/travis/build/icyphy/ptII/ptolemy/domains/de/test/auto/CausalityInterface1.xml
6 ms. Memory: 51200K Free: 22620K (44%)
----------------- Invoking toplevel() on ptolemy.moml.MoMLSimpleApplication@19fcb602
----------------- Done invoking toplevel() on ptolemy.moml.MoMLSimpleApplication@19fcb602
reloadAllAccessors: .CausalityInterface1

===========================================================================================
----------------- testing Wed Aug 19 15:29:57 UTC 2020 /home/travis/build/icyphy/ptII/ptolemy/domains/de/test/auto/CausalityInterface15.xml
----------------- Instantiating /home/travis/build/icyphy/ptII/ptolemy/domains/de/test/auto/CausalityInterface15.xml
2 ms. Memory: 51200K Free: 17222K (34%)
----------------- Invoking toplevel() on ptolemy.moml.MoMLSimpleApplication@5da45f40
----------------- Done invoking toplevel() on ptolemy.moml.MoMLSimpleApplication@5da45f40
reloadAllAccessors: .CausalityInterface15

===========================================================================================
----------------- testing Wed Aug 19 15:29:57 UTC 2020 /home/travis/build/icyphy/ptII/ptolemy/domains/de/test/auto/CausalityInterface2.xml
----------------- Instantiating /home/travis/build/icyphy/ptII/ptolemy/domains/de/test/auto/CausalityInterface2.xml
2 ms. Memory: 51200K Free: 12549K (25%)
----------------- Invoking toplevel() on ptolemy.moml.MoMLSimpleApplication@6c8fe61d
----------------- Done invoking toplevel() on ptolemy.moml.MoMLSimpleApplication@6c8fe61d
reloadAllAccessors: .CausalityInterface2

===========================================================================================
----------------- testing Wed Aug 19 15:29:57 UTC 2020 /home/travis/build/icyphy/ptII/ptolemy/domains/de/test/auto/CausalityInterface3.xml
----------------- Instantiating /home/travis/build/icyphy/ptII/ptolemy/domains/de/test/auto/CausalityInterface3.xml
6 ms. Memory: 51200K Free: 35327K (69%)
----------------- Invoking toplevel() on ptolemy.moml.MoMLSimpleApplication@71cdc155
----------------- Done invoking toplevel() on ptolemy.moml.MoMLSimpleApplication@71cdc155
reloadAllAccessors: .CausalityInterface3

===========================================================================================
----------------- testing Wed Aug 19 15:29:57 UTC 2020 /home/travis/build/icyphy/ptII/ptolemy/domains/de/test/auto/ClockDrift.xml
----------------- Instantiating /home/travis/build/icyphy/ptII/ptolemy/domains/de/test/auto/ClockDrift.xml
12 ms. Memory: 51200K Free: 23323K (46%)
----------------- Invoking toplevel() on ptolemy.moml.MoMLSimpleApplication@433bdc50
----------------- Done invoking toplevel() on ptolemy.moml.MoMLSimpleApplication@433bdc50
reloadAllAccessors: .ClockDrift

===========================================================================================
----------------- testing Wed Aug 19 15:29:57 UTC 2020 /home/travis/build/icyphy/ptII/ptolemy/domains/de/test/auto/ClockDriftAndValueChange.xml
----------------- Instantiating /home/travis/build/icyphy/ptII/ptolemy/domains/de/test/auto/ClockDriftAndValueChange.xml
10 ms. Memory: 51200K Free: 11492K (22%)
----------------- Invoking toplevel() on ptolemy.moml.MoMLSimpleApplication@267bf400
----------------- Done invoking toplevel() on ptolemy.moml.MoMLSimpleApplication@267bf400
reloadAllAccessors: .ClockDriftAndValueChange

===========================================================================================
----------------- testing Wed Aug 19 15:29:57 UTC 2020 /home/travis/build/icyphy/ptII/ptolemy/domains/de/test/auto/ClockDriftChange.xml
----------------- Instantiating /home/travis/build/icyphy/ptII/ptolemy/domains/de/test/auto/ClockDriftChange.xml
9 ms. Memory: 51200K Free: 29304K (57%)
----------------- Invoking toplevel() on ptolemy.moml.MoMLSimpleApplication@5e1efde5
----------------- Done invoking toplevel() on ptolemy.moml.MoMLSimpleApplication@5e1efde5
reloadAllAccessors: .ClockDriftChange

===========================================================================================
----------------- testing Wed Aug 19 15:29:57 UTC 2020 /home/travis/build/icyphy/ptII/ptolemy/domains/de/test/auto/ComposableCausalityAnalysis.xml
----------------- Instantiating /home/travis/build/icyphy/ptII/ptolemy/domains/de/test/auto/ComposableCausalityAnalysis.xml
2 ms. Memory: 51200K Free: 23727K (46%)
----------------- Invoking toplevel() on ptolemy.moml.MoMLSimpleApplication@37592c8e
----------------- Done invoking toplevel() on ptolemy.moml.MoMLSimpleApplication@37592c8e
reloadAllAccessors: .ComposableCausalityAnalysis

===========================================================================================
----------------- testing Wed Aug 19 15:29:57 UTC 2020 /home/travis/build/icyphy/ptII/ptolemy/domains/de/test/auto/DEFixedPointLimitation.xml
----------------- Instantiating /home/travis/build/icyphy/ptII/ptolemy/domains/de/test/auto/DEFixedPointLimitation.xml
1 ms. Memory: 51200K Free: 19056K (37%)
----------------- Invoking toplevel() on ptolemy.moml.MoMLSimpleApplication@7c0fd43e
----------------- Done invoking toplevel() on ptolemy.moml.MoMLSimpleApplication@7c0fd43e
reloadAllAccessors: .DEFixedPointLimitation

===========================================================================================
----------------- testing Wed Aug 19 15:29:57 UTC 2020 /home/travis/build/icyphy/ptII/ptolemy/domains/de/test/auto/DEScheduleTest.xml
----------------- Instantiating /home/travis/build/icyphy/ptII/ptolemy/domains/de/test/auto/DEScheduleTest.xml
2 ms. Memory: 51200K Free: 14921K (29%)
----------------- Invoking toplevel() on ptolemy.moml.MoMLSimpleApplication@23efb19e
----------------- Done invoking toplevel() on ptolemy.moml.MoMLSimpleApplication@23efb19e
reloadAllAccessors: .DEScheduleTest

===========================================================================================
----------------- testing Wed Aug 19 15:29:57 UTC 2020 /home/travis/build/icyphy/ptII/ptolemy/domains/de/test/auto/DEinDEwithStartTimes.xml
----------------- Instantiating /home/travis/build/icyphy/ptII/ptolemy/domains/de/test/auto/DEinDEwithStartTimes.xml
2 ms. Memory: 51200K Free: 9181K (18%)
----------------- Invoking toplevel() on ptolemy.moml.MoMLSimpleApplication@24f3e4ac
----------------- Done invoking toplevel() on ptolemy.moml.MoMLSimpleApplication@24f3e4ac
reloadAllAccessors: .DEinDEwithStartTimes

===========================================================================================
----------------- testing Wed Aug 19 15:29:57 UTC 2020 /home/travis/build/icyphy/ptII/ptolemy/domains/de/test/auto/DEinDEwithStartTimes2.xml
----------------- Instantiating /home/travis/build/icyphy/ptII/ptolemy/domains/de/test/auto/DEinDEwithStartTimes2.xml
3 ms. Memory: 51200K Free: 29339K (57%)
----------------- Invoking toplevel() on ptolemy.moml.MoMLSimpleApplication@5209f789
----------------- Done invoking toplevel() on ptolemy.moml.MoMLSimpleApplication@5209f789
reloadAllAccessors: .DEinDEwithStartTimes2

===========================================================================================
----------------- testing Wed Aug 19 15:29:57 UTC 2020 /home/travis/build/icyphy/ptII/ptolemy/domains/de/test/auto/DateDemo.xml
----------------- Instantiating /home/travis/build/icyphy/ptII/ptolemy/domains/de/test/auto/DateDemo.xml
6 ms. Memory: 51200K Free: 18222K (36%)
----------------- Invoking toplevel() on ptolemy.moml.MoMLSimpleApplication@4e718416
----------------- Done invoking toplevel() on ptolemy.moml.MoMLSimpleApplication@4e718416
reloadAllAccessors: .DateDemo

===========================================================================================
----------------- testing Wed Aug 19 15:29:57 UTC 2020 /home/travis/build/icyphy/ptII/ptolemy/domains/de/test/auto/DateToEvent.xml
----------------- Instantiating /home/travis/build/icyphy/ptII/ptolemy/domains/de/test/auto/DateToEvent.xml
2004 ms. Memory: 51200K Free: 28895K (56%)
----------------- Invoking toplevel() on ptolemy.moml.MoMLSimpleApplication@15911765
----------------- Done invoking toplevel() on ptolemy.moml.MoMLSimpleApplication@15911765
reloadAllAccessors: .DateToEvent

===========================================================================================
----------------- testing Wed Aug 19 15:30:00 UTC 2020 /home/travis/build/icyphy/ptII/ptolemy/domains/de/test/auto/DepthTest1.xml
----------------- Instantiating /home/travis/build/icyphy/ptII/ptolemy/domains/de/test/auto/DepthTest1.xml
1 ms. Memory: 51200K Free: 26000K (51%)
----------------- Invoking toplevel() on ptolemy.moml.MoMLSimpleApplication@724a7394
----------------- Done invoking toplevel() on ptolemy.moml.MoMLSimpleApplication@724a7394
reloadAllAccessors: .DepthTest1

===========================================================================================
----------------- testing Wed Aug 19 15:30:00 UTC 2020 /home/travis/build/icyphy/ptII/ptolemy/domains/de/test/auto/DepthTest2.xml
----------------- Instantiating /home/travis/build/icyphy/ptII/ptolemy/domains/de/test/auto/DepthTest2.xml
1 ms. Memory: 51200K Free: 19447K (38%)
----------------- Invoking toplevel() on ptolemy.moml.MoMLSimpleApplication@70025d6
----------------- Done invoking toplevel() on ptolemy.moml.MoMLSimpleApplication@70025d6
reloadAllAccessors: .DepthTest2

===========================================================================================
----------------- testing Wed Aug 19 15:30:00 UTC 2020 /home/travis/build/icyphy/ptII/ptolemy/domains/de/test/auto/DepthTest3.xml
----------------- Instantiating /home/travis/build/icyphy/ptII/ptolemy/domains/de/test/auto/DepthTest3.xml
2 ms. Memory: 51200K Free: 16528K (32%)
----------------- Invoking toplevel() on ptolemy.moml.MoMLSimpleApplication@3367a6e9
----------------- Done invoking toplevel() on ptolemy.moml.MoMLSimpleApplication@3367a6e9
reloadAllAccessors: .DepthTest3

===========================================================================================
----------------- testing Wed Aug 19 15:30:00 UTC 2020 /home/travis/build/icyphy/ptII/ptolemy/domains/de/test/auto/DepthTest4.xml
----------------- Instantiating /home/travis/build/icyphy/ptII/ptolemy/domains/de/test/auto/DepthTest4.xml
2 ms. Memory: 51200K Free: 11844K (23%)
----------------- Invoking toplevel() on ptolemy.moml.MoMLSimpleApplication@2103a612
----------------- Done invoking toplevel() on ptolemy.moml.MoMLSimpleApplication@2103a612
reloadAllAccessors: .DepthTest4

===========================================================================================
----------------- testing Wed Aug 19 15:30:00 UTC 2020 /home/travis/build/icyphy/ptII/ptolemy/domains/de/test/auto/DepthTest5.xml
----------------- Instantiating /home/travis/build/icyphy/ptII/ptolemy/domains/de/test/auto/DepthTest5.xml
2 ms. Memory: 51200K Free: 33595K (66%)
----------------- Invoking toplevel() on ptolemy.moml.MoMLSimpleApplication@1d4201be
----------------- Done invoking toplevel() on ptolemy.moml.MoMLSimpleApplication@1d4201be
reloadAllAccessors: .DepthTest5

===========================================================================================
----------------- testing Wed Aug 19 15:30:00 UTC 2020 /home/travis/build/icyphy/ptII/ptolemy/domains/de/test/auto/DepthTest6.xml
----------------- Instantiating /home/travis/build/icyphy/ptII/ptolemy/domains/de/test/auto/DepthTest6.xml
2 ms. Memory: 51200K Free: 28296K (55%)
----------------- Invoking toplevel() on ptolemy.moml.MoMLSimpleApplication@64df1464
----------------- Done invoking toplevel() on ptolemy.moml.MoMLSimpleApplication@64df1464
reloadAllAccessors: .DepthTest6

===========================================================================================
----------------- testing Wed Aug 19 15:30:00 UTC 2020 /home/travis/build/icyphy/ptII/ptolemy/domains/de/test/auto/DepthTest7.xml
----------------- Instantiating /home/travis/build/icyphy/ptII/ptolemy/domains/de/test/auto/DepthTest7.xml
1 ms. Memory: 51200K Free: 23451K (46%)
----------------- Invoking toplevel() on ptolemy.moml.MoMLSimpleApplication@7b60eddc
----------------- Done invoking toplevel() on ptolemy.moml.MoMLSimpleApplication@7b60eddc
reloadAllAccessors: .DepthTest7

===========================================================================================
----------------- testing Wed Aug 19 15:30:00 UTC 2020 /home/travis/build/icyphy/ptII/ptolemy/domains/de/test/auto/EventToDate.xml
----------------- Instantiating /home/travis/build/icyphy/ptII/ptolemy/domains/de/test/auto/EventToDate.xml
3019 ms. Memory: 51200K Free: 10083K (20%)
----------------- Invoking toplevel() on ptolemy.moml.MoMLSimpleApplication@59b5c6e
----------------- Done invoking toplevel() on ptolemy.moml.MoMLSimpleApplication@59b5c6e
reloadAllAccessors: .EventToDate

===========================================================================================
----------------- testing Wed Aug 19 15:30:03 UTC 2020 /home/travis/build/icyphy/ptII/ptolemy/domains/de/test/auto/FSM1.xml
----------------- Instantiating /home/travis/build/icyphy/ptII/ptolemy/domains/de/test/auto/FSM1.xml
12 ms. Memory: 51200K Free: 24552K (48%)
----------------- Invoking toplevel() on ptolemy.moml.MoMLSimpleApplication@3a0247ad
----------------- Done invoking toplevel() on ptolemy.moml.MoMLSimpleApplication@3a0247ad
reloadAllAccessors: .FSM1

===========================================================================================
----------------- testing Wed Aug 19 15:30:03 UTC 2020 /home/travis/build/icyphy/ptII/ptolemy/domains/de/test/auto/FSM7.xml
----------------- Instantiating /home/travis/build/icyphy/ptII/ptolemy/domains/de/test/auto/FSM7.xml
10 ms. Memory: 51200K Free: 12194K (24%)
----------------- Invoking toplevel() on ptolemy.moml.MoMLSimpleApplication@146958a4
----------------- Done invoking toplevel() on ptolemy.moml.MoMLSimpleApplication@146958a4
reloadAllAccessors: .FSM7

===========================================================================================
----------------- testing Wed Aug 19 15:30:03 UTC 2020 /home/travis/build/icyphy/ptII/ptolemy/domains/de/test/auto/Inspection.xml
----------------- Instantiating /home/travis/build/icyphy/ptII/ptolemy/domains/de/test/auto/Inspection.xml
15 ms. Memory: 51200K Free: 26387K (52%)
----------------- Invoking toplevel() on ptolemy.moml.MoMLSimpleApplication@724da6a7
----------------- Done invoking toplevel() on ptolemy.moml.MoMLSimpleApplication@724da6a7
reloadAllAccessors: .Inspection

===========================================================================================
----------------- testing Wed Aug 19 15:30:03 UTC 2020 /home/travis/build/icyphy/ptII/ptolemy/domains/de/test/auto/Iteration.xml
----------------- Instantiating /home/travis/build/icyphy/ptII/ptolemy/domains/de/test/auto/Iteration.xml
10 ms. Memory: 51200K Free: 19461K (38%)
----------------- Invoking toplevel() on ptolemy.moml.MoMLSimpleApplication@43eec5da
----------------- Done invoking toplevel() on ptolemy.moml.MoMLSimpleApplication@43eec5da
reloadAllAccessors: .Iteration

===========================================================================================
----------------- testing Wed Aug 19 15:30:03 UTC 2020 /home/travis/build/icyphy/ptII/ptolemy/domains/de/test/auto/LineFault.xml
----------------- Instantiating /home/travis/build/icyphy/ptII/ptolemy/domains/de/test/auto/LineFault.xml
407 ms. Memory: 51200K Free: 32858K (64%)
----------------- Invoking toplevel() on ptolemy.moml.MoMLSimpleApplication@1fcce4c7
----------------- Done invoking toplevel() on ptolemy.moml.MoMLSimpleApplication@1fcce4c7
reloadAllAccessors: .LineFault

===========================================================================================
----------------- testing Wed Aug 19 15:30:03 UTC 2020 /home/travis/build/icyphy/ptII/ptolemy/domains/de/test/auto/MergeModel1Add.xml
----------------- Instantiating /home/travis/build/icyphy/ptII/ptolemy/domains/de/test/auto/MergeModel1Add.xml
6 ms. Memory: 51200K Free: 13889K (27%)
----------------- Invoking toplevel() on ptolemy.moml.MoMLSimpleApplication@326f4a3d
----------------- Done invoking toplevel() on ptolemy.moml.MoMLSimpleApplication@326f4a3d
reloadAllAccessors: .MergeModel1Add

===========================================================================================
----------------- testing Wed Aug 19 15:30:03 UTC 2020 /home/travis/build/icyphy/ptII/ptolemy/domains/de/test/auto/MergeModel2Add.xml
----------------- Instantiating /home/travis/build/icyphy/ptII/ptolemy/domains/de/test/auto/MergeModel2Add.xml
5 ms. Memory: 51200K Free: 20172K (39%)
----------------- Invoking toplevel() on ptolemy.moml.MoMLSimpleApplication@512233fb
----------------- Done invoking toplevel() on ptolemy.moml.MoMLSimpleApplication@512233fb
reloadAllAccessors: .MergeModel2Add

===========================================================================================
----------------- testing Wed Aug 19 15:30:03 UTC 2020 /home/travis/build/icyphy/ptII/ptolemy/domains/de/test/auto/MergeModel3Add.xml
----------------- Instantiating /home/travis/build/icyphy/ptII/ptolemy/domains/de/test/auto/MergeModel3Add.xml
5 ms. Memory: 51200K Free: 26643K (52%)
----------------- Invoking toplevel() on ptolemy.moml.MoMLSimpleApplication@10395b86
----------------- Done invoking toplevel() on ptolemy.moml.MoMLSimpleApplication@10395b86
reloadAllAccessors: .MergeModel3Add

===========================================================================================
----------------- testing Wed Aug 19 15:30:04 UTC 2020 /home/travis/build/icyphy/ptII/ptolemy/domains/de/test/auto/MergeWithoutDiscard.xml
----------------- Instantiating /home/travis/build/icyphy/ptII/ptolemy/domains/de/test/auto/MergeWithoutDiscard.xml
1 ms. Memory: 51200K Free: 22506K (44%)
----------------- Invoking toplevel() on ptolemy.moml.MoMLSimpleApplication@4f59de80
----------------- Done invoking toplevel() on ptolemy.moml.MoMLSimpleApplication@4f59de80
reloadAllAccessors: .MergeWithoutDiscard

===========================================================================================
----------------- testing Wed Aug 19 15:30:04 UTC 2020 /home/travis/build/icyphy/ptII/ptolemy/domains/de/test/auto/Modal1.xml
----------------- Instantiating /home/travis/build/icyphy/ptII/ptolemy/domains/de/test/auto/Modal1.xml
17 ms. Memory: 51200K Free: 35164K (69%)
----------------- Invoking toplevel() on ptolemy.moml.MoMLSimpleApplication@33a63b74
----------------- Done invoking toplevel() on ptolemy.moml.MoMLSimpleApplication@33a63b74
reloadAllAccessors: .Modal1

===========================================================================================
----------------- testing Wed Aug 19 15:30:04 UTC 2020 /home/travis/build/icyphy/ptII/ptolemy/domains/de/test/auto/Modal2.xml
----------------- Instantiating /home/travis/build/icyphy/ptII/ptolemy/domains/de/test/auto/Modal2.xml
8 ms. Memory: 51200K Free: 22838K (45%)
----------------- Invoking toplevel() on ptolemy.moml.MoMLSimpleApplication@2094b465
----------------- Done invoking toplevel() on ptolemy.moml.MoMLSimpleApplication@2094b465
reloadAllAccessors: .Modal2

===========================================================================================
----------------- testing Wed Aug 19 15:30:04 UTC 2020 /home/travis/build/icyphy/ptII/ptolemy/domains/de/test/auto/Modal3.xml
----------------- Instantiating /home/travis/build/icyphy/ptII/ptolemy/domains/de/test/auto/Modal3.xml
13 ms. Memory: 51200K Free: 35251K (69%)
----------------- Invoking toplevel() on ptolemy.moml.MoMLSimpleApplication@b11384a
----------------- Done invoking toplevel() on ptolemy.moml.MoMLSimpleApplication@b11384a
reloadAllAccessors: .Modal3

===========================================================================================
----------------- testing Wed Aug 19 15:30:04 UTC 2020 /home/travis/build/icyphy/ptII/ptolemy/domains/de/test/auto/Modal4.xml
----------------- Instantiating /home/travis/build/icyphy/ptII/ptolemy/domains/de/test/auto/Modal4.xml
12 ms. Memory: 51200K Free: 22012K (43%)
----------------- Invoking toplevel() on ptolemy.moml.MoMLSimpleApplication@3f97478
----------------- Done invoking toplevel() on ptolemy.moml.MoMLSimpleApplication@3f97478
reloadAllAccessors: .Modal4

===========================================================================================
----------------- testing Wed Aug 19 15:30:04 UTC 2020 /home/travis/build/icyphy/ptII/ptolemy/domains/de/test/auto/Modal5.xml
----------------- Instantiating /home/travis/build/icyphy/ptII/ptolemy/domains/de/test/auto/Modal5.xml
13 ms. Memory: 51200K Free: 33579K (66%)
----------------- Invoking toplevel() on ptolemy.moml.MoMLSimpleApplication@64689c74
----------------- Done invoking toplevel() on ptolemy.moml.MoMLSimpleApplication@64689c74
reloadAllAccessors: .Modal5

===========================================================================================
----------------- testing Wed Aug 19 15:30:04 UTC 2020 /home/travis/build/icyphy/ptII/ptolemy/domains/de/test/auto/Modal6.xml
----------------- Instantiating /home/travis/build/icyphy/ptII/ptolemy/domains/de/test/auto/Modal6.xml
9 ms. Memory: 51200K Free: 21198K (41%)
----------------- Invoking toplevel() on ptolemy.moml.MoMLSimpleApplication@28899959
----------------- Done invoking toplevel() on ptolemy.moml.MoMLSimpleApplication@28899959
reloadAllAccessors: .Modal6

===========================================================================================
----------------- testing Wed Aug 19 15:30:04 UTC 2020 /home/travis/build/icyphy/ptII/ptolemy/domains/de/test/auto/Modal7.xml
----------------- Instantiating /home/travis/build/icyphy/ptII/ptolemy/domains/de/test/auto/Modal7.xml
16 ms. Memory: 51200K Free: 32531K (64%)
----------------- Invoking toplevel() on ptolemy.moml.MoMLSimpleApplication@228f6047
----------------- Done invoking toplevel() on ptolemy.moml.MoMLSimpleApplication@228f6047
reloadAllAccessors: .Modal7

===========================================================================================
----------------- testing Wed Aug 19 15:30:04 UTC 2020 /home/travis/build/icyphy/ptII/ptolemy/domains/de/test/auto/ModalModel.xml
----------------- Instantiating /home/travis/build/icyphy/ptII/ptolemy/domains/de/test/auto/ModalModel.xml
129 ms. Memory: 61440K Free: 24022K (39%)
----------------- Invoking toplevel() on ptolemy.moml.MoMLSimpleApplication@2d502bfc
----------------- Done invoking toplevel() on ptolemy.moml.MoMLSimpleApplication@2d502bfc
reloadAllAccessors: .ModalModel

===========================================================================================
----------------- testing Wed Aug 19 15:30:04 UTC 2020 /home/travis/build/icyphy/ptII/ptolemy/domains/de/test/auto/ModalSource.xml
----------------- Instantiating /home/travis/build/icyphy/ptII/ptolemy/domains/de/test/auto/ModalSource.xml
8 ms. Memory: 61440K Free: 45036K (73%)
----------------- Invoking toplevel() on ptolemy.moml.MoMLSimpleApplication@18ddb800
----------------- Done invoking toplevel() on ptolemy.moml.MoMLSimpleApplication@18ddb800
reloadAllAccessors: .ModalSource

===========================================================================================
----------------- testing Wed Aug 19 15:30:04 UTC 2020 /home/travis/build/icyphy/ptII/ptolemy/domains/de/test/auto/NonInterruptibleTimerZeroDelay.xml
----------------- Instantiating /home/travis/build/icyphy/ptII/ptolemy/domains/de/test/auto/NonInterruptibleTimerZeroDelay.xml
2 ms. Memory: 61440K Free: 41070K (67%)
----------------- Invoking toplevel() on ptolemy.moml.MoMLSimpleApplication@65ce6241
----------------- Done invoking toplevel() on ptolemy.moml.MoMLSimpleApplication@65ce6241
reloadAllAccessors: .NonInterruptibleTimerZeroDelay

===========================================================================================
----------------- testing Wed Aug 19 15:30:04 UTC 2020 /home/travis/build/icyphy/ptII/ptolemy/domains/de/test/auto/OpenQueueingNetwork.xml
----------------- Instantiating /home/travis/build/icyphy/ptII/ptolemy/domains/de/test/auto/OpenQueueingNetwork.xml
2302 ms. Memory: 136192K Free: 80657K (59%)
----------------- Invoking toplevel() on ptolemy.moml.MoMLSimpleApplication@744768f9
----------------- Done invoking toplevel() on ptolemy.moml.MoMLSimpleApplication@744768f9
reloadAllAccessors: .OpenQueueingNetwork

===========================================================================================
----------------- testing Wed Aug 19 15:30:06 UTC 2020 /home/travis/build/icyphy/ptII/ptolemy/domains/de/test/auto/OpenQueuingNetwork.xml
----------------- Instantiating /home/travis/build/icyphy/ptII/ptolemy/domains/de/test/auto/OpenQueuingNetwork.xml
266 ms. Memory: 176128K Free: 116573K (66%)
----------------- Invoking toplevel() on ptolemy.moml.MoMLSimpleApplication@1cee14b
----------------- Done invoking toplevel() on ptolemy.moml.MoMLSimpleApplication@1cee14b
reloadAllAccessors: .OpenQueuingNetwork

===========================================================================================
----------------- testing Wed Aug 19 15:30:07 UTC 2020 /home/travis/build/icyphy/ptII/ptolemy/domains/de/test/auto/PeriodicSampler.xml
----------------- Instantiating /home/travis/build/icyphy/ptII/ptolemy/domains/de/test/auto/PeriodicSampler.xml
2 ms. Memory: 176128K Free: 111875K (64%)
----------------- Invoking toplevel() on ptolemy.moml.MoMLSimpleApplication@72b42fd7
----------------- Done invoking toplevel() on ptolemy.moml.MoMLSimpleApplication@72b42fd7
reloadAllAccessors: .PeriodicSampler

===========================================================================================
----------------- testing Wed Aug 19 15:30:07 UTC 2020 /home/travis/build/icyphy/ptII/ptolemy/domains/de/test/auto/PersistentIO.xml
----------------- Instantiating /home/travis/build/icyphy/ptII/ptolemy/domains/de/test/auto/PersistentIO.xml
3 ms. Memory: 176128K Free: 102115K (58%)
----------------- Invoking toplevel() on ptolemy.moml.MoMLSimpleApplication@26662436
----------------- Done invoking toplevel() on ptolemy.moml.MoMLSimpleApplication@26662436
reloadAllAccessors: .PersistentIO

===========================================================================================
----------------- testing Wed Aug 19 15:30:07 UTC 2020 /home/travis/build/icyphy/ptII/ptolemy/domains/de/test/auto/PortParameterResetOnInitialize.xml
----------------- Instantiating /home/travis/build/icyphy/ptII/ptolemy/domains/de/test/auto/PortParameterResetOnInitialize.xml
1 ms. Memory: 176128K Free: 97539K (55%)
----------------- Invoking toplevel() on ptolemy.moml.MoMLSimpleApplication@47d40e0c
----------------- Done invoking toplevel() on ptolemy.moml.MoMLSimpleApplication@47d40e0c
reloadAllAccessors: .PortParameterResetOnInitialize

===========================================================================================
----------------- testing Wed Aug 19 15:30:07 UTC 2020 /home/travis/build/icyphy/ptII/ptolemy/domains/de/test/auto/PortParameterUpdates.xml
----------------- Instantiating /home/travis/build/icyphy/ptII/ptolemy/domains/de/test/auto/PortParameterUpdates.xml
4 ms. Memory: 176128K Free: 90867K (52%)
----------------- Invoking toplevel() on ptolemy.moml.MoMLSimpleApplication@124052f8
----------------- Done invoking toplevel() on ptolemy.moml.MoMLSimpleApplication@124052f8
reloadAllAccessors: .PortParameterUpdates

===========================================================================================
----------------- testing Wed Aug 19 15:30:07 UTC 2020 /home/travis/build/icyphy/ptII/ptolemy/domains/de/test/auto/QueueAndServer.xml
----------------- Instantiating /home/travis/build/icyphy/ptII/ptolemy/domains/de/test/auto/QueueAndServer.xml
9 ms. Memory: 176128K Free: 83203K (47%)
----------------- Invoking toplevel() on ptolemy.moml.MoMLSimpleApplication@249142b3
----------------- Done invoking toplevel() on ptolemy.moml.MoMLSimpleApplication@249142b3
reloadAllAccessors: .QueueAndServer

===========================================================================================
----------------- testing Wed Aug 19 15:30:07 UTC 2020 /home/travis/build/icyphy/ptII/ptolemy/domains/de/test/auto/Records.xml
----------------- Instantiating /home/travis/build/icyphy/ptII/ptolemy/domains/de/test/auto/Records.xml
2 ms. Memory: 176128K Free: 77569K (44%)
----------------- Invoking toplevel() on ptolemy.moml.MoMLSimpleApplication@7aeefc5d
----------------- Done invoking toplevel() on ptolemy.moml.MoMLSimpleApplication@7aeefc5d
reloadAllAccessors: .Records

===========================================================================================
----------------- testing Wed Aug 19 15:30:07 UTC 2020 /home/travis/build/icyphy/ptII/ptolemy/domains/de/test/auto/ResetTransitionWithStartTime1.xml
----------------- Instantiating /home/travis/build/icyphy/ptII/ptolemy/domains/de/test/auto/ResetTransitionWithStartTime1.xml
9 ms. Memory: 176128K Free: 69363K (39%)
----------------- Invoking toplevel() on ptolemy.moml.MoMLSimpleApplication@123425b4
----------------- Done invoking toplevel() on ptolemy.moml.MoMLSimpleApplication@123425b4
reloadAllAccessors: .ResetTransitionWithStartTime1

===========================================================================================
----------------- testing Wed Aug 19 15:30:07 UTC 2020 /home/travis/build/icyphy/ptII/ptolemy/domains/de/test/auto/ResetTransitionWithStartTime2.xml
----------------- Instantiating /home/travis/build/icyphy/ptII/ptolemy/domains/de/test/auto/ResetTransitionWithStartTime2.xml
5 ms. Memory: 176128K Free: 154691K (88%)
----------------- Invoking toplevel() on ptolemy.moml.MoMLSimpleApplication@3ad163e
----------------- Done invoking toplevel() on ptolemy.moml.MoMLSimpleApplication@3ad163e
reloadAllAccessors: .ResetTransitionWithStartTime2

===========================================================================================
----------------- testing Wed Aug 19 15:30:07 UTC 2020 /home/travis/build/icyphy/ptII/ptolemy/domains/de/test/auto/ResetTransitionWithStartTime3.xml
----------------- Instantiating /home/travis/build/icyphy/ptII/ptolemy/domains/de/test/auto/ResetTransitionWithStartTime3.xml
4 ms. Memory: 176128K Free: 146499K (83%)
----------------- Invoking toplevel() on ptolemy.moml.MoMLSimpleApplication@16a6aba4
----------------- Done invoking toplevel() on ptolemy.moml.MoMLSimpleApplication@16a6aba4
reloadAllAccessors: .ResetTransitionWithStartTime3

===========================================================================================
----------------- testing Wed Aug 19 15:30:07 UTC 2020 /home/travis/build/icyphy/ptII/ptolemy/domains/de/test/auto/ResetTransitionWithStartTime4.xml
----------------- Instantiating /home/travis/build/icyphy/ptII/ptolemy/domains/de/test/auto/ResetTransitionWithStartTime4.xml
3 ms. Memory: 176128K Free: 138835K (79%)
----------------- Invoking toplevel() on ptolemy.moml.MoMLSimpleApplication@480e8407
----------------- Done invoking toplevel() on ptolemy.moml.MoMLSimpleApplication@480e8407
reloadAllAccessors: .ResetTransitionWithStartTime4

===========================================================================================
----------------- testing Wed Aug 19 15:30:07 UTC 2020 /home/travis/build/icyphy/ptII/ptolemy/domains/de/test/auto/ResettableTimer1.xml
----------------- Instantiating /home/travis/build/icyphy/ptII/ptolemy/domains/de/test/auto/ResettableTimer1.xml
1 ms. Memory: 176128K Free: 134739K (77%)
----------------- Invoking toplevel() on ptolemy.moml.MoMLSimpleApplication@4ebe47ca
----------------- Done invoking toplevel() on ptolemy.moml.MoMLSimpleApplication@4ebe47ca
reloadAllAccessors: .ResettableTimer1

===========================================================================================
----------------- testing Wed Aug 19 15:30:07 UTC 2020 /home/travis/build/icyphy/ptII/ptolemy/domains/de/test/auto/ResettableTimer2.xml
----------------- Instantiating /home/travis/build/icyphy/ptII/ptolemy/domains/de/test/auto/ResettableTimer2.xml
2 ms. Memory: 176128K Free: 130643K (74%)
----------------- Invoking toplevel() on ptolemy.moml.MoMLSimpleApplication@622de323
----------------- Done invoking toplevel() on ptolemy.moml.MoMLSimpleApplication@622de323
reloadAllAccessors: .ResettableTimer2

===========================================================================================
----------------- testing Wed Aug 19 15:30:07 UTC 2020 /home/travis/build/icyphy/ptII/ptolemy/domains/de/test/auto/ResettableTimer3.xml
----------------- Instantiating /home/travis/build/icyphy/ptII/ptolemy/domains/de/test/auto/ResettableTimer3.xml
2 ms. Memory: 176128K Free: 126547K (72%)
----------------- Invoking toplevel() on ptolemy.moml.MoMLSimpleApplication@41890436
----------------- Done invoking toplevel() on ptolemy.moml.MoMLSimpleApplication@41890436
reloadAllAccessors: .ResettableTimer3

===========================================================================================
----------------- testing Wed Aug 19 15:30:07 UTC 2020 /home/travis/build/icyphy/ptII/ptolemy/domains/de/test/auto/ResettableTimer4.xml
----------------- Instantiating /home/travis/build/icyphy/ptII/ptolemy/domains/de/test/auto/ResettableTimer4.xml
1 ms. Memory: 176128K Free: 122451K (70%)
----------------- Invoking toplevel() on ptolemy.moml.MoMLSimpleApplication@76813cc0
----------------- Done invoking toplevel() on ptolemy.moml.MoMLSimpleApplication@76813cc0
reloadAllAccessors: .ResettableTimer4

===========================================================================================
----------------- testing Wed Aug 19 15:30:07 UTC 2020 /home/travis/build/icyphy/ptII/ptolemy/domains/de/test/auto/ResettableTimer5.xml
----------------- Instantiating /home/travis/build/icyphy/ptII/ptolemy/domains/de/test/auto/ResettableTimer5.xml
1 ms. Memory: 176128K Free: 117841K (67%)
----------------- Invoking toplevel() on ptolemy.moml.MoMLSimpleApplication@54245912
----------------- Done invoking toplevel() on ptolemy.moml.MoMLSimpleApplication@54245912
reloadAllAccessors: .ResettableTimer5

===========================================================================================
----------------- testing Wed Aug 19 15:30:07 UTC 2020 /home/travis/build/icyphy/ptII/ptolemy/domains/de/test/auto/ResettableTimer6.xml
----------------- Instantiating /home/travis/build/icyphy/ptII/ptolemy/domains/de/test/auto/ResettableTimer6.xml
8 ms. Memory: 176128K Free: 113233K (64%)
----------------- Invoking toplevel() on ptolemy.moml.MoMLSimpleApplication@6974af5d
----------------- Done invoking toplevel() on ptolemy.moml.MoMLSimpleApplication@6974af5d
reloadAllAccessors: .ResettableTimer6

===========================================================================================
----------------- testing Wed Aug 19 15:30:07 UTC 2020 /home/travis/build/icyphy/ptII/ptolemy/domains/de/test/auto/ServerZeroDelay.xml
----------------- Instantiating /home/travis/build/icyphy/ptII/ptolemy/domains/de/test/auto/ServerZeroDelay.xml
2 ms. Memory: 176128K Free: 109139K (62%)
----------------- Invoking toplevel() on ptolemy.moml.MoMLSimpleApplication@184b77b2
----------------- Done invoking toplevel() on ptolemy.moml.MoMLSimpleApplication@184b77b2
reloadAllAccessors: .ServerZeroDelay

===========================================================================================
----------------- testing Wed Aug 19 15:30:07 UTC 2020 /home/travis/build/icyphy/ptII/ptolemy/domains/de/test/auto/SmartSender.xml
----------------- Instantiating /home/travis/build/icyphy/ptII/ptolemy/domains/de/test/auto/SmartSender.xml
3002 ms. Memory: 176128K Free: 104529K (59%)
----------------- Invoking toplevel() on ptolemy.moml.MoMLSimpleApplication@3453031f
----------------- Done invoking toplevel() on ptolemy.moml.MoMLSimpleApplication@3453031f
reloadAllAccessors: .SmartSender

===========================================================================================
----------------- testing Wed Aug 19 15:30:10 UTC 2020 /home/travis/build/icyphy/ptII/ptolemy/domains/de/test/auto/ThreadedComposite.xml
----------------- Instantiating /home/travis/build/icyphy/ptII/ptolemy/domains/de/test/auto/ThreadedComposite.xml
101 ms. Memory: 176128K Free: 84049K (48%)
----------------- Invoking toplevel() on ptolemy.moml.MoMLSimpleApplication@b7948f
----------------- Done invoking toplevel() on ptolemy.moml.MoMLSimpleApplication@b7948f
reloadAllAccessors: .ThreadedComposite

===========================================================================================
----------------- testing Wed Aug 19 15:30:10 UTC 2020 /home/travis/build/icyphy/ptII/ptolemy/domains/de/test/auto/Time.xml
----------------- Instantiating /home/travis/build/icyphy/ptII/ptolemy/domains/de/test/auto/Time.xml
340 ms. Memory: 176128K Free: 128846K (73%)
----------------- Invoking toplevel() on ptolemy.moml.MoMLSimpleApplication@50e85c2b
----------------- Done invoking toplevel() on ptolemy.moml.MoMLSimpleApplication@50e85c2b
reloadAllAccessors: .Time

===========================================================================================
----------------- testing Wed Aug 19 15:30:10 UTC 2020 /home/travis/build/icyphy/ptII/ptolemy/domains/de/test/auto/TimeDelayZeroDelay.xml
----------------- Instantiating /home/travis/build/icyphy/ptII/ptolemy/domains/de/test/auto/TimeDelayZeroDelay.xml
2 ms. Memory: 176128K Free: 124643K (71%)
----------------- Invoking toplevel() on ptolemy.moml.MoMLSimpleApplication@52494413
----------------- Done invoking toplevel() on ptolemy.moml.MoMLSimpleApplication@52494413
reloadAllAccessors: .TimeDelayZeroDelay

===========================================================================================
----------------- testing Wed Aug 19 15:30:11 UTC 2020 /home/travis/build/icyphy/ptII/ptolemy/domains/de/test/auto/TimerZeroDelay.xml
----------------- Instantiating /home/travis/build/icyphy/ptII/ptolemy/domains/de/test/auto/TimerZeroDelay.xml
2 ms. Memory: 176128K Free: 120547K (68%)
----------------- Invoking toplevel() on ptolemy.moml.MoMLSimpleApplication@77366f99
----------------- Done invoking toplevel() on ptolemy.moml.MoMLSimpleApplication@77366f99
reloadAllAccessors: .TimerZeroDelay

===========================================================================================
----------------- testing Wed Aug 19 15:30:11 UTC 2020 /home/travis/build/icyphy/ptII/ptolemy/domains/de/test/auto/TimingParadox.xml
----------------- Instantiating /home/travis/build/icyphy/ptII/ptolemy/domains/de/test/auto/TimingParadox.xml
261 ms. Memory: 176128K Free: 155419K (88%)
----------------- Invoking toplevel() on ptolemy.moml.MoMLSimpleApplication@56ba8237
----------------- Done invoking toplevel() on ptolemy.moml.MoMLSimpleApplication@56ba8237
reloadAllAccessors: .TimingParadox

===========================================================================================
----------------- testing Wed Aug 19 15:30:11 UTC 2020 /home/travis/build/icyphy/ptII/ptolemy/domains/de/test/auto/TransferInputs.xml
----------------- Instantiating /home/travis/build/icyphy/ptII/ptolemy/domains/de/test/auto/TransferInputs.xml
2 ms. Memory: 176128K Free: 150299K (85%)
----------------- Invoking toplevel() on ptolemy.moml.MoMLSimpleApplication@6765d5d2
----------------- Done invoking toplevel() on ptolemy.moml.MoMLSimpleApplication@6765d5d2
reloadAllAccessors: .TransferInputs

===========================================================================================
----------------- testing Wed Aug 19 15:30:11 UTC 2020 /home/travis/build/icyphy/ptII/ptolemy/domains/de/test/auto/TransferOutputs2.xml
----------------- Instantiating /home/travis/build/icyphy/ptII/ptolemy/domains/de/test/auto/TransferOutputs2.xml
2 ms. Memory: 176128K Free: 142107K (81%)
----------------- Invoking toplevel() on ptolemy.moml.MoMLSimpleApplication@4f6daa51
----------------- Done invoking toplevel() on ptolemy.moml.MoMLSimpleApplication@4f6daa51
reloadAllAccessors: .TransferOutputs2

===========================================================================================
----------------- testing Wed Aug 19 15:30:11 UTC 2020 /home/travis/build/icyphy/ptII/ptolemy/domains/de/test/auto/Trilateration.xml
----------------- Instantiating /home/travis/build/icyphy/ptII/ptolemy/domains/de/test/auto/Trilateration.xml
10875 ms. Memory: 428032K Free: 148326K (35%)
----------------- Invoking toplevel() on ptolemy.moml.MoMLSimpleApplication@6c2c8161
----------------- Done invoking toplevel() on ptolemy.moml.MoMLSimpleApplication@6c2c8161
reloadAllAccessors: .Trilateration

===========================================================================================
----------------- testing Wed Aug 19 15:30:23 UTC 2020 /home/travis/build/icyphy/ptII/ptolemy/domains/de/test/auto/TwoSigmaDelta.xml
----------------- Instantiating /home/travis/build/icyphy/ptII/ptolemy/domains/de/test/auto/TwoSigmaDelta.xml
1693 ms. Memory: 428032K Free: 198551K (46%)
----------------- Invoking toplevel() on ptolemy.moml.MoMLSimpleApplication@37e77cd5
----------------- Done invoking toplevel() on ptolemy.moml.MoMLSimpleApplication@37e77cd5
reloadAllAccessors: .TwoSigmaDelta

===========================================================================================
----------------- testing Wed Aug 19 15:30:24 UTC 2020 /home/travis/build/icyphy/ptII/ptolemy/domains/de/test/auto/VariableDelay.xml
----------------- Instantiating /home/travis/build/icyphy/ptII/ptolemy/domains/de/test/auto/VariableDelay.xml
2 ms. Memory: 428032K Free: 193935K (45%)
----------------- Invoking toplevel() on ptolemy.moml.MoMLSimpleApplication@9b68585
----------------- Done invoking toplevel() on ptolemy.moml.MoMLSimpleApplication@9b68585
reloadAllAccessors: .VariableDelay

===========================================================================================
----------------- testing Wed Aug 19 15:30:24 UTC 2020 /home/travis/build/icyphy/ptII/ptolemy/domains/de/test/auto/VariableDelay2.xml
----------------- Instantiating /home/travis/build/icyphy/ptII/ptolemy/domains/de/test/auto/VariableDelay2.xml
2 ms. Memory: 428032K Free: 189335K (44%)
----------------- Invoking toplevel() on ptolemy.moml.MoMLSimpleApplication@3c6424d9
----------------- Done invoking toplevel() on ptolemy.moml.MoMLSimpleApplication@3c6424d9
reloadAllAccessors: .VariableDelay2

===========================================================================================
----------------- testing Wed Aug 19 15:30:24 UTC 2020 /home/travis/build/icyphy/ptII/ptolemy/domains/de/test/auto/VariableDelayZeroDelay.xml
----------------- Instantiating /home/travis/build/icyphy/ptII/ptolemy/domains/de/test/auto/VariableDelayZeroDelay.xml
4 ms. Memory: 428032K Free: 185239K (43%)
----------------- Invoking toplevel() on ptolemy.moml.MoMLSimpleApplication@7a1d6036
----------------- Done invoking toplevel() on ptolemy.moml.MoMLSimpleApplication@7a1d6036
reloadAllAccessors: .VariableDelayZeroDelay

===========================================================================================
----------------- testing Wed Aug 19 15:30:24 UTC 2020 /home/travis/build/icyphy/ptII/ptolemy/domains/de/test/auto/VariableDelayZeroDelay2.xml
----------------- Instantiating /home/travis/build/icyphy/ptII/ptolemy/domains/de/test/auto/VariableDelayZeroDelay2.xml
7 ms. Memory: 428032K Free: 181143K (42%)
----------------- Invoking toplevel() on ptolemy.moml.MoMLSimpleApplication@5c838468
----------------- Done invoking toplevel() on ptolemy.moml.MoMLSimpleApplication@5c838468
reloadAllAccessors: .VariableDelayZeroDelay2

===========================================================================================
----------------- testing Wed Aug 19 15:30:24 UTC 2020 /home/travis/build/icyphy/ptII/ptolemy/domains/de/test/auto/deInCt.xml
----------------- Instantiating /home/travis/build/icyphy/ptII/ptolemy/domains/de/test/auto/deInCt.xml
0
1
1
1
0
0
0
1
1
1
0
0
0
1
1
1
1
0
0
1
1
1
0
0
0
0
0
1
1
1
0
0
0
1
1
1
1
0
0
0
0
6 ms. Memory: 428032K Free: 176023K (41%)
----------------- Invoking toplevel() on ptolemy.moml.MoMLSimpleApplication@5a889d61
----------------- Done invoking toplevel() on ptolemy.moml.MoMLSimpleApplication@5a889d61
reloadAllAccessors: .deInCt

===========================================================================================
----------------- testing Wed Aug 19 15:30:24 UTC 2020 /home/travis/build/icyphy/ptII/ptolemy/domains/de/test/auto/deInCt2.xml
----------------- Instantiating /home/travis/build/icyphy/ptII/ptolemy/domains/de/test/auto/deInCt2.xml
0
1
1
1
0
0
1
1
1
0
0
1
1
1
0
0
1
1
1
0
0
1
1
1
0
0
1
1
1
0
0
1
1
1
0
0
1
1
1
0
0
0
4 ms. Memory: 428032K Free: 170903K (40%)
----------------- Invoking toplevel() on ptolemy.moml.MoMLSimpleApplication@8c3a587
----------------- Done invoking toplevel() on ptolemy.moml.MoMLSimpleApplication@8c3a587
reloadAllAccessors: .deInCt2

===========================================================================================
----------------- testing Wed Aug 19 15:30:24 UTC 2020 /home/travis/build/icyphy/ptII/ptolemy/domains/de/test/auto/dynamicCausalityInterface1.xml
----------------- Instantiating /home/travis/build/icyphy/ptII/ptolemy/domains/de/test/auto/dynamicCausalityInterface1.xml
1 ms. Memory: 428032K Free: 161687K (38%)
----------------- Invoking toplevel() on ptolemy.moml.MoMLSimpleApplication@200224b
----------------- Done invoking toplevel() on ptolemy.moml.MoMLSimpleApplication@200224b
reloadAllAccessors: .dynamicCausalityInterface1

===========================================================================================
----------------- testing Wed Aug 19 15:30:24 UTC 2020 /home/travis/build/icyphy/ptII/ptolemy/domains/de/test/auto/fsm_de_test.xml
----------------- Instantiating /home/travis/build/icyphy/ptII/ptolemy/domains/de/test/auto/fsm_de_test.xml
5 ms. Memory: 428032K Free: 152471K (36%)
----------------- Invoking toplevel() on ptolemy.moml.MoMLSimpleApplication@3f5d745b
----------------- Done invoking toplevel() on ptolemy.moml.MoMLSimpleApplication@3f5d745b
reloadAllAccessors: .fsm_de_test

===========================================================================================
----------------- testing Wed Aug 19 15:30:24 UTC 2020 /home/travis/build/icyphy/ptII/ptolemy/domains/de/test/auto/functionDependencyReconstruction.xml
----------------- Instantiating /home/travis/build/icyphy/ptII/ptolemy/domains/de/test/auto/functionDependencyReconstruction.xml
3 ms. Memory: 428032K Free: 389823K (91%)
----------------- Invoking toplevel() on ptolemy.moml.MoMLSimpleApplication@68c31e12
----------------- Done invoking toplevel() on ptolemy.moml.MoMLSimpleApplication@68c31e12
reloadAllAccessors: .functionDependencyReconstruction

===========================================================================================
----------------- testing Wed Aug 19 15:30:24 UTC 2020 /home/travis/build/icyphy/ptII/ptolemy/domains/de/test/auto/multirate.xml
----------------- Instantiating /home/travis/build/icyphy/ptII/ptolemy/domains/de/test/auto/multirate.xml
3 ms. Memory: 428032K Free: 383169K (90%)
----------------- Invoking toplevel() on ptolemy.moml.MoMLSimpleApplication@4da7d50b
----------------- Done invoking toplevel() on ptolemy.moml.MoMLSimpleApplication@4da7d50b
reloadAllAccessors: .multirate

===========================================================================================
----------------- testing Wed Aug 19 15:30:24 UTC 2020 /home/travis/build/icyphy/ptII/ptolemy/domains/de/test/auto/multirate2.xml
----------------- Instantiating /home/travis/build/icyphy/ptII/ptolemy/domains/de/test/auto/multirate2.xml
2 ms. Memory: 428032K Free: 376497K (88%)
----------------- Invoking toplevel() on ptolemy.moml.MoMLSimpleApplication@1e204b56
----------------- Done invoking toplevel() on ptolemy.moml.MoMLSimpleApplication@1e204b56
reloadAllAccessors: .multirate2

===========================================================================================
----------------- testing Wed Aug 19 15:30:24 UTC 2020 /home/travis/build/icyphy/ptII/ptolemy/domains/de/test/auto/realtime.xml
----------------- Instantiating /home/travis/build/icyphy/ptII/ptolemy/domains/de/test/auto/realtime.xml
10002 ms. Memory: 428032K Free: 371905K (87%)
----------------- Invoking toplevel() on ptolemy.moml.MoMLSimpleApplication@6bbeedbe
----------------- Done invoking toplevel() on ptolemy.moml.MoMLSimpleApplication@6bbeedbe
reloadAllAccessors: .realtime

===========================================================================================
----------------- testing Wed Aug 19 15:30:35 UTC 2020 /home/travis/build/icyphy/ptII/ptolemy/domains/de/test/auto/relationGroup.xml
----------------- Instantiating /home/travis/build/icyphy/ptII/ptolemy/domains/de/test/auto/relationGroup.xml
1 ms. Memory: 428032K Free: 368319K (86%)
----------------- Invoking toplevel() on ptolemy.moml.MoMLSimpleApplication@1d3d2d6c
----------------- Done invoking toplevel() on ptolemy.moml.MoMLSimpleApplication@1d3d2d6c
reloadAllAccessors: .relationGroup

===========================================================================================
----------------- testing Wed Aug 19 15:30:35 UTC 2020 /home/travis/build/icyphy/ptII/ptolemy/domains/de/test/auto/relationGroup2.xml
----------------- Instantiating /home/travis/build/icyphy/ptII/ptolemy/domains/de/test/auto/relationGroup2.xml
1 ms. Memory: 428032K Free: 364737K (85%)
----------------- Invoking toplevel() on ptolemy.moml.MoMLSimpleApplication@fe035ff
----------------- Done invoking toplevel() on ptolemy.moml.MoMLSimpleApplication@fe035ff
reloadAllAccessors: .relationGroup2

===========================================================================================
----------------- testing Wed Aug 19 15:30:35 UTC 2020 /home/travis/build/icyphy/ptII/ptolemy/domains/de/test/auto/sortWithOpaquePorts.xml
----------------- Instantiating /home/travis/build/icyphy/ptII/ptolemy/domains/de/test/auto/sortWithOpaquePorts.xml
1 ms. Memory: 428032K Free: 360097K (84%)
----------------- Invoking toplevel() on ptolemy.moml.MoMLSimpleApplication@66bddaa7
----------------- Done invoking toplevel() on ptolemy.moml.MoMLSimpleApplication@66bddaa7
reloadAllAccessors: .sortWithOpaquePorts

===========================================================================================
----------------- testing Wed Aug 19 15:30:35 UTC 2020 /home/travis/build/icyphy/ptII/ptolemy/domains/de/test/auto/transferInputsandOutputs.xml
----------------- Instantiating /home/travis/build/icyphy/ptII/ptolemy/domains/de/test/auto/transferInputsandOutputs.xml
1 ms. Memory: 428032K Free: 352959K (82%)
----------------- Invoking toplevel() on ptolemy.moml.MoMLSimpleApplication@41e09133
----------------- Done invoking toplevel() on ptolemy.moml.MoMLSimpleApplication@41e09133
reloadAllAccessors: .transferInputsandOutputs

===========================================================================================
----------------- testing Wed Aug 19 15:30:35 UTC 2020 /home/travis/build/icyphy/ptII/ptolemy/domains/de/test/auto/triggerType.xml
----------------- Instantiating /home/travis/build/icyphy/ptII/ptolemy/domains/de/test/auto/triggerType.xml
1 ms. Memory: 428032K Free: 348833K (81%)
----------------- Invoking toplevel() on ptolemy.moml.MoMLSimpleApplication@614f28d8
----------------- Done invoking toplevel() on ptolemy.moml.MoMLSimpleApplication@614f28d8
reloadAllAccessors: .triggerType
AutoTests.java: About to close Vertx.
AutoTests.java: Vertx closed.
]]></system-out>
  <system-err><![CDATA[java.lang.RuntimeException: Execution failed
	at ptolemy.moml.MoMLSimpleApplication$UnloadThread.run(MoMLSimpleApplication.java:402)
Caused by: ptolemy.kernel.util.IllegalActionException: Found a zero delay loop containing .dependencyLoop.original
  in .dependencyLoop and .dependencyLoop.original
	at ptolemy.actor.util.CausalityInterfaceForComposites._computeOutputPortDepth(CausalityInterfaceForComposites.java:759)
	at ptolemy.actor.util.CausalityInterfaceForComposites._computeInputDepth(CausalityInterfaceForComposites.java:696)
	at ptolemy.actor.util.CausalityInterfaceForComposites._computeOutputPortDepth(CausalityInterfaceForComposites.java:765)
	at ptolemy.actor.util.CausalityInterfaceForComposites._computeInputDepth(CausalityInterfaceForComposites.java:696)
	at ptolemy.actor.util.CausalityInterfaceForComposites._computeOutputPortDepth(CausalityInterfaceForComposites.java:765)
	at ptolemy.actor.util.CausalityInterfaceForComposites._computeInputDepth(CausalityInterfaceForComposites.java:696)
	at ptolemy.actor.util.CausalityInterfaceForComposites._computeActorDepth(CausalityInterfaceForComposites.java:532)
	at ptolemy.actor.util.CausalityInterfaceForComposites.checkForCycles(CausalityInterfaceForComposites.java:96)
	at ptolemy.domains.de.kernel.DEDirector.preinitialize(DEDirector.java:1338)
	at ptolemy.actor.CompositeActor.preinitialize(CompositeActor.java:1828)
	at ptolemy.actor.Manager.preinitializeAndResolveTypes(Manager.java:1040)
	at ptolemy.actor.Manager.initialize(Manager.java:710)
	at ptolemy.actor.Manager.execute(Manager.java:356)
	at ptolemy.actor.Manager.run(Manager.java:1263)
	at ptolemy.actor.Manager$PtolemyRunThread.run(Manager.java:1933)
java.lang.RuntimeException: Execution failed
	at ptolemy.moml.MoMLSimpleApplication$UnloadThread.run(MoMLSimpleApplication.java:402)
Caused by: ptolemy.kernel.util.IllegalActionException: Found a zero delay loop containing .dependencyLoop2.original
  in .dependencyLoop2 and .dependencyLoop2.original
	at ptolemy.actor.util.CausalityInterfaceForComposites._computeOutputPortDepth(CausalityInterfaceForComposites.java:759)
	at ptolemy.actor.util.CausalityInterfaceForComposites._computeInputDepth(CausalityInterfaceForComposites.java:696)
	at ptolemy.actor.util.CausalityInterfaceForComposites._computeOutputPortDepth(CausalityInterfaceForComposites.java:765)
	at ptolemy.actor.util.CausalityInterfaceForComposites._computeInputDepth(CausalityInterfaceForComposites.java:696)
	at ptolemy.actor.util.CausalityInterfaceForComposites._computeOutputPortDepth(CausalityInterfaceForComposites.java:765)
	at ptolemy.actor.util.CausalityInterfaceForComposites._computeInputDepth(CausalityInterfaceForComposites.java:696)
	at ptolemy.actor.util.CausalityInterfaceForComposites._computeActorDepth(CausalityInterfaceForComposites.java:532)
	at ptolemy.actor.util.CausalityInterfaceForComposites.checkForCycles(CausalityInterfaceForComposites.java:96)
	at ptolemy.domains.de.kernel.DEDirector.preinitialize(DEDirector.java:1338)
	at ptolemy.actor.CompositeActor.preinitialize(CompositeActor.java:1828)
	at ptolemy.actor.Manager.preinitializeAndResolveTypes(Manager.java:1040)
	at ptolemy.actor.Manager.initialize(Manager.java:710)
	at ptolemy.actor.Manager.execute(Manager.java:356)
	at ptolemy.actor.Manager.run(Manager.java:1263)
	at ptolemy.actor.Manager$PtolemyRunThread.run(Manager.java:1933)
java.lang.RuntimeException: Execution failed
	at ptolemy.moml.MoMLSimpleApplication$UnloadThread.run(MoMLSimpleApplication.java:402)
Caused by: ptolemy.kernel.util.IllegalActionException: Test fails in iteration 1.
Value was: 1.0. Should have been: 2.0
  in .DirectFeedback.Test
	at ptolemy.actor.lib.Test.fire(Test.java:268)
	at ptolemy.domains.de.kernel.DEDirector._fire(DEDirector.java:1949)
	at ptolemy.domains.de.kernel.DEDirector.fire(DEDirector.java:502)
	at ptolemy.actor.CompositeActor.fire(CompositeActor.java:455)
	at ptolemy.actor.Manager.iterate(Manager.java:851)
	at ptolemy.actor.Manager.execute(Manager.java:369)
	at ptolemy.actor.Manager.run(Manager.java:1263)
	at ptolemy.actor.Manager$PtolemyRunThread.run(Manager.java:1933)
java.lang.RuntimeException: Execution failed
	at ptolemy.moml.MoMLSimpleApplication$UnloadThread.run(MoMLSimpleApplication.java:402)
Caused by: ptolemy.kernel.util.IllegalActionException: Found a zero delay loop containing .dependencyLoop.original
  in .dependencyLoop and .dependencyLoop.original
	at ptolemy.actor.util.CausalityInterfaceForComposites._computeOutputPortDepth(CausalityInterfaceForComposites.java:759)
	at ptolemy.actor.util.CausalityInterfaceForComposites._computeInputDepth(CausalityInterfaceForComposites.java:696)
	at ptolemy.actor.util.CausalityInterfaceForComposites._computeOutputPortDepth(CausalityInterfaceForComposites.java:765)
	at ptolemy.actor.util.CausalityInterfaceForComposites._computeInputDepth(CausalityInterfaceForComposites.java:696)
	at ptolemy.actor.util.CausalityInterfaceForComposites._computeOutputPortDepth(CausalityInterfaceForComposites.java:765)
	at ptolemy.actor.util.CausalityInterfaceForComposites._computeInputDepth(CausalityInterfaceForComposites.java:696)
	at ptolemy.actor.util.CausalityInterfaceForComposites._computeActorDepth(CausalityInterfaceForComposites.java:532)
	at ptolemy.actor.util.CausalityInterfaceForComposites.checkForCycles(CausalityInterfaceForComposites.java:96)
	at ptolemy.domains.de.kernel.DEDirector.preinitialize(DEDirector.java:1338)
	at ptolemy.actor.CompositeActor.preinitialize(CompositeActor.java:1828)
	at ptolemy.actor.Manager.preinitializeAndResolveTypes(Manager.java:1040)
	at ptolemy.actor.Manager.initialize(Manager.java:710)
	at ptolemy.actor.Manager.execute(Manager.java:356)
	at ptolemy.actor.Manager.run(Manager.java:1263)
	at ptolemy.actor.Manager$PtolemyRunThread.run(Manager.java:1933)
java.lang.RuntimeException: Execution failed
	at ptolemy.moml.MoMLSimpleApplication$UnloadThread.run(MoMLSimpleApplication.java:402)
Caused by: ptolemy.kernel.util.IllegalActionException: Found a zero delay loop containing .HierarchicalModel.A
  in .HierarchicalModel and .HierarchicalModel.A
	at ptolemy.actor.util.CausalityInterfaceForComposites._computeOutputPortDepth(CausalityInterfaceForComposites.java:759)
	at ptolemy.actor.util.CausalityInterfaceForComposites._computeInputDepth(CausalityInterfaceForComposites.java:696)
	at ptolemy.actor.util.CausalityInterfaceForComposites._computeOutputPortDepth(CausalityInterfaceForComposites.java:765)
	at ptolemy.actor.util.CausalityInterfaceForComposites._computeInputDepth(CausalityInterfaceForComposites.java:696)
	at ptolemy.actor.util.CausalityInterfaceForComposites._computeOutputPortDepth(CausalityInterfaceForComposites.java:765)
	at ptolemy.actor.util.CausalityInterfaceForComposites._computeInputDepth(CausalityInterfaceForComposites.java:696)
	at ptolemy.actor.util.CausalityInterfaceForComposites._computeActorDepth(CausalityInterfaceForComposites.java:532)
	at ptolemy.actor.util.CausalityInterfaceForComposites.checkForCycles(CausalityInterfaceForComposites.java:96)
	at ptolemy.domains.de.kernel.DEDirector.preinitialize(DEDirector.java:1338)
	at ptolemy.actor.CompositeActor.preinitialize(CompositeActor.java:1828)
	at ptolemy.actor.Manager.preinitializeAndResolveTypes(Manager.java:1040)
	at ptolemy.actor.Manager.initialize(Manager.java:710)
	at ptolemy.actor.Manager.execute(Manager.java:356)
	at ptolemy.actor.Manager.run(Manager.java:1263)
	at ptolemy.actor.Manager$PtolemyRunThread.run(Manager.java:1933)
java.lang.RuntimeException: Execution failed
	at ptolemy.moml.MoMLSimpleApplication$UnloadThread.run(MoMLSimpleApplication.java:402)
Caused by: ptolemy.kernel.util.IllegalActionException: Found a zero delay loop containing .dependencyLoop2.original
  in .dependencyLoop2 and .dependencyLoop2.original
	at ptolemy.actor.util.CausalityInterfaceForComposites._computeOutputPortDepth(CausalityInterfaceForComposites.java:759)
	at ptolemy.actor.util.CausalityInterfaceForComposites._computeInputDepth(CausalityInterfaceForComposites.java:696)
	at ptolemy.actor.util.CausalityInterfaceForComposites._computeOutputPortDepth(CausalityInterfaceForComposites.java:765)
	at ptolemy.actor.util.CausalityInterfaceForComposites._computeInputDepth(CausalityInterfaceForComposites.java:696)
	at ptolemy.actor.util.CausalityInterfaceForComposites._computeOutputPortDepth(CausalityInterfaceForComposites.java:765)
	at ptolemy.actor.util.CausalityInterfaceForComposites._computeInputDepth(CausalityInterfaceForComposites.java:696)
	at ptolemy.actor.util.CausalityInterfaceForComposites._computeActorDepth(CausalityInterfaceForComposites.java:532)
	at ptolemy.actor.util.CausalityInterfaceForComposites.checkForCycles(CausalityInterfaceForComposites.java:96)
	at ptolemy.domains.de.kernel.DEDirector.preinitialize(DEDirector.java:1338)
	at ptolemy.actor.CompositeActor.preinitialize(CompositeActor.java:1828)
	at ptolemy.actor.Manager.preinitializeAndResolveTypes(Manager.java:1040)
	at ptolemy.actor.Manager.initialize(Manager.java:710)
	at ptolemy.actor.Manager.execute(Manager.java:356)
	at ptolemy.actor.Manager.run(Manager.java:1263)
	at ptolemy.actor.Manager$PtolemyRunThread.run(Manager.java:1933)
java.lang.RuntimeException: Execution failed
	at ptolemy.moml.MoMLSimpleApplication$UnloadThread.run(MoMLSimpleApplication.java:402)
Caused by: ptolemy.kernel.util.IllegalActionException: Actor is not ready to fire.  Perhaps UpSample.prefire() returned false? Try debugging the actor by selecting "Listen to Actor".  Also, for SDF check moml for tokenConsumptionRate on input.
  in .DESDFClockTest.Play Bell.Copy1:SDF Director and .DESDFClockTest.Play Bell.UpSample
	at ptolemy.actor.sched.StaticSchedulingDirector.fire(StaticSchedulingDirector.java:227)
	at ptolemy.domains.sdf.kernel.SDFDirector.fire(SDFDirector.java:500)
	at ptolemy.actor.CompositeActor.fire(CompositeActor.java:455)
	at ptolemy.domains.de.kernel.DEDirector._fire(DEDirector.java:1949)
	at ptolemy.domains.de.kernel.DEDirector.fire(DEDirector.java:502)
	at ptolemy.actor.CompositeActor.fire(CompositeActor.java:455)
	at ptolemy.actor.Manager.iterate(Manager.java:851)
	at ptolemy.actor.Manager.execute(Manager.java:369)
	at ptolemy.actor.Manager.run(Manager.java:1263)
	at ptolemy.actor.Manager$PtolemyRunThread.run(Manager.java:1933)
java.lang.RuntimeException: Execution failed
	at ptolemy.moml.MoMLSimpleApplication$UnloadThread.run(MoMLSimpleApplication.java:402)
Caused by: ptolemy.kernel.util.IllegalActionException: Actor is not ready to fire.  Perhaps UpSample.prefire() returned false? Try debugging the actor by selecting "Listen to Actor".  Also, for SDF check moml for tokenConsumptionRate on input.
  in .DESDFClockTest.Play Bell.Copy1:SDF Director and .DESDFClockTest.Play Bell.UpSample
	at ptolemy.actor.sched.StaticSchedulingDirector.fire(StaticSchedulingDirector.java:227)
	at ptolemy.domains.sdf.kernel.SDFDirector.fire(SDFDirector.java:500)
	at ptolemy.actor.CompositeActor.fire(CompositeActor.java:455)
	at ptolemy.domains.de.kernel.DEDirector._fire(DEDirector.java:1949)
	at ptolemy.domains.de.kernel.DEDirector.fire(DEDirector.java:502)
	at ptolemy.actor.CompositeActor.fire(CompositeActor.java:455)
	at ptolemy.actor.Manager.iterate(Manager.java:851)
	at ptolemy.actor.Manager.execute(Manager.java:369)
	at ptolemy.actor.Manager.run(Manager.java:1263)
	at ptolemy.actor.Manager$PtolemyRunThread.run(Manager.java:1933)
java.lang.reflect.InvocationTargetException
	at java.base/jdk.internal.reflect.NativeConstructorAccessorImpl.newInstance0(Native Method)
	at java.base/jdk.internal.reflect.NativeConstructorAccessorImpl.newInstance(NativeConstructorAccessorImpl.java:62)
	at java.base/jdk.internal.reflect.DelegatingConstructorAccessorImpl.newInstance(DelegatingConstructorAccessorImpl.java:45)
	at java.base/java.lang.reflect.Constructor.newInstance(Constructor.java:490)
	at ptolemy.util.test.junit.AutoKnownFailedTests.RunModel(AutoKnownFailedTests.java:105)
	at java.base/jdk.internal.reflect.NativeMethodAccessorImpl.invoke0(Native Method)
	at java.base/jdk.internal.reflect.NativeMethodAccessorImpl.invoke(NativeMethodAccessorImpl.java:62)
	at java.base/jdk.internal.reflect.DelegatingMethodAccessorImpl.invoke(DelegatingMethodAccessorImpl.java:43)
	at java.base/java.lang.reflect.Method.invoke(Method.java:566)
	at org.junit.runners.model.FrameworkMethod$1.runReflectiveCall(FrameworkMethod.java:44)
	at org.junit.internal.runners.model.ReflectiveCallable.run(ReflectiveCallable.java:15)
	at org.junit.runners.model.FrameworkMethod.invokeExplosively(FrameworkMethod.java:41)
	at junitparams.internal.InvokeParameterisedMethod.evaluate(InvokeParameterisedMethod.java:102)
	at org.junit.internal.runners.statements.FailOnTimeout$1.run(FailOnTimeout.java:28)
Caused by: ptolemy.kernel.util.IllegalActionException: Actor is not ready to fire.  Perhaps UpSample.prefire() returned false? Try debugging the actor by selecting "Listen to Actor".  Also, for SDF check moml for tokenConsumptionRate on input.
  in .DESDFClockTest.Play Bell.Copy1:SDF Director and .DESDFClockTest.Play Bell.UpSample
	at ptolemy.actor.sched.StaticSchedulingDirector.fire(StaticSchedulingDirector.java:227)
	at ptolemy.domains.sdf.kernel.SDFDirector.fire(SDFDirector.java:500)
	at ptolemy.actor.CompositeActor.fire(CompositeActor.java:455)
	at ptolemy.domains.de.kernel.DEDirector._fire(DEDirector.java:1949)
	at ptolemy.domains.de.kernel.DEDirector.fire(DEDirector.java:502)
	at ptolemy.actor.CompositeActor.fire(CompositeActor.java:455)
	at ptolemy.actor.Manager.iterate(Manager.java:851)
	at ptolemy.actor.Manager.execute(Manager.java:369)
	at ptolemy.actor.Manager.run(Manager.java:1263)
	at ptolemy.actor.Manager$PtolemyRunThread.run(Manager.java:1933)
java.lang.RuntimeException: Execution failed
	at ptolemy.moml.MoMLSimpleApplication$UnloadThread.run(MoMLSimpleApplication.java:402)
Caused by: ptolemy.kernel.util.IllegalActionException: Test fails in iteration 1.
Value was: 1.0. Should have been: 2.0
  in .DirectFeedback.Test
	at ptolemy.actor.lib.Test.fire(Test.java:268)
	at ptolemy.domains.de.kernel.DEDirector._fire(DEDirector.java:1949)
	at ptolemy.domains.de.kernel.DEDirector.fire(DEDirector.java:502)
	at ptolemy.actor.CompositeActor.fire(CompositeActor.java:455)
	at ptolemy.actor.Manager.iterate(Manager.java:851)
	at ptolemy.actor.Manager.execute(Manager.java:369)
	at ptolemy.actor.Manager.run(Manager.java:1263)
	at ptolemy.actor.Manager$PtolemyRunThread.run(Manager.java:1933)
java.lang.reflect.InvocationTargetException
	at java.base/jdk.internal.reflect.NativeConstructorAccessorImpl.newInstance0(Native Method)
	at java.base/jdk.internal.reflect.NativeConstructorAccessorImpl.newInstance(NativeConstructorAccessorImpl.java:62)
	at java.base/jdk.internal.reflect.DelegatingConstructorAccessorImpl.newInstance(DelegatingConstructorAccessorImpl.java:45)
	at java.base/java.lang.reflect.Constructor.newInstance(Constructor.java:490)
	at ptolemy.util.test.junit.AutoKnownFailedTests.RunModel(AutoKnownFailedTests.java:105)
	at java.base/jdk.internal.reflect.NativeMethodAccessorImpl.invoke0(Native Method)
	at java.base/jdk.internal.reflect.NativeMethodAccessorImpl.invoke(NativeMethodAccessorImpl.java:62)
	at java.base/jdk.internal.reflect.DelegatingMethodAccessorImpl.invoke(DelegatingMethodAccessorImpl.java:43)
	at java.base/java.lang.reflect.Method.invoke(Method.java:566)
	at org.junit.runners.model.FrameworkMethod$1.runReflectiveCall(FrameworkMethod.java:44)
	at org.junit.internal.runners.model.ReflectiveCallable.run(ReflectiveCallable.java:15)
	at org.junit.runners.model.FrameworkMethod.invokeExplosively(FrameworkMethod.java:41)
	at junitparams.internal.InvokeParameterisedMethod.evaluate(InvokeParameterisedMethod.java:102)
	at org.junit.internal.runners.statements.FailOnTimeout$1.run(FailOnTimeout.java:28)
Caused by: ptolemy.kernel.util.IllegalActionException: Test fails in iteration 1.
Value was: 1.0. Should have been: 2.0
  in .DirectFeedback.Test
	at ptolemy.actor.lib.Test.fire(Test.java:268)
	at ptolemy.domains.de.kernel.DEDirector._fire(DEDirector.java:1949)
	at ptolemy.domains.de.kernel.DEDirector.fire(DEDirector.java:502)
	at ptolemy.actor.CompositeActor.fire(CompositeActor.java:455)
	at ptolemy.actor.Manager.iterate(Manager.java:851)
	at ptolemy.actor.Manager.execute(Manager.java:369)
	at ptolemy.actor.Manager.run(Manager.java:1263)
	at ptolemy.actor.Manager$PtolemyRunThread.run(Manager.java:1933)
java.lang.RuntimeException: Execution failed
	at ptolemy.moml.MoMLSimpleApplication$UnloadThread.run(MoMLSimpleApplication.java:402)
Caused by: ptolemy.kernel.util.IllegalActionException: Found a zero delay loop containing .HierarchicalModel.A
  in .HierarchicalModel and .HierarchicalModel.A
	at ptolemy.actor.util.CausalityInterfaceForComposites._computeOutputPortDepth(CausalityInterfaceForComposites.java:759)
	at ptolemy.actor.util.CausalityInterfaceForComposites._computeInputDepth(CausalityInterfaceForComposites.java:696)
	at ptolemy.actor.util.CausalityInterfaceForComposites._computeOutputPortDepth(CausalityInterfaceForComposites.java:765)
	at ptolemy.actor.util.CausalityInterfaceForComposites._computeInputDepth(CausalityInterfaceForComposites.java:696)
	at ptolemy.actor.util.CausalityInterfaceForComposites._computeOutputPortDepth(CausalityInterfaceForComposites.java:765)
	at ptolemy.actor.util.CausalityInterfaceForComposites._computeInputDepth(CausalityInterfaceForComposites.java:696)
	at ptolemy.actor.util.CausalityInterfaceForComposites._computeActorDepth(CausalityInterfaceForComposites.java:532)
	at ptolemy.actor.util.CausalityInterfaceForComposites.checkForCycles(CausalityInterfaceForComposites.java:96)
	at ptolemy.domains.de.kernel.DEDirector.preinitialize(DEDirector.java:1338)
	at ptolemy.actor.CompositeActor.preinitialize(CompositeActor.java:1828)
	at ptolemy.actor.Manager.preinitializeAndResolveTypes(Manager.java:1040)
	at ptolemy.actor.Manager.initialize(Manager.java:710)
	at ptolemy.actor.Manager.execute(Manager.java:356)
	at ptolemy.actor.Manager.run(Manager.java:1263)
	at ptolemy.actor.Manager$PtolemyRunThread.run(Manager.java:1933)
java.lang.reflect.InvocationTargetException
	at java.base/jdk.internal.reflect.NativeConstructorAccessorImpl.newInstance0(Native Method)
	at java.base/jdk.internal.reflect.NativeConstructorAccessorImpl.newInstance(NativeConstructorAccessorImpl.java:62)
	at java.base/jdk.internal.reflect.DelegatingConstructorAccessorImpl.newInstance(DelegatingConstructorAccessorImpl.java:45)
	at java.base/java.lang.reflect.Constructor.newInstance(Constructor.java:490)
	at ptolemy.util.test.junit.AutoKnownFailedTests.RunModel(AutoKnownFailedTests.java:105)
	at java.base/jdk.internal.reflect.NativeMethodAccessorImpl.invoke0(Native Method)
	at java.base/jdk.internal.reflect.NativeMethodAccessorImpl.invoke(NativeMethodAccessorImpl.java:62)
	at java.base/jdk.internal.reflect.DelegatingMethodAccessorImpl.invoke(DelegatingMethodAccessorImpl.java:43)
	at java.base/java.lang.reflect.Method.invoke(Method.java:566)
	at org.junit.runners.model.FrameworkMethod$1.runReflectiveCall(FrameworkMethod.java:44)
	at org.junit.internal.runners.model.ReflectiveCallable.run(ReflectiveCallable.java:15)
	at org.junit.runners.model.FrameworkMethod.invokeExplosively(FrameworkMethod.java:41)
	at junitparams.internal.InvokeParameterisedMethod.evaluate(InvokeParameterisedMethod.java:102)
	at org.junit.internal.runners.statements.FailOnTimeout$1.run(FailOnTimeout.java:28)
Caused by: ptolemy.kernel.util.IllegalActionException: Found a zero delay loop containing .HierarchicalModel.A
  in .HierarchicalModel and .HierarchicalModel.A
	at ptolemy.actor.util.CausalityInterfaceForComposites._computeOutputPortDepth(CausalityInterfaceForComposites.java:759)
	at ptolemy.actor.util.CausalityInterfaceForComposites._computeInputDepth(CausalityInterfaceForComposites.java:696)
	at ptolemy.actor.util.CausalityInterfaceForComposites._computeOutputPortDepth(CausalityInterfaceForComposites.java:765)
	at ptolemy.actor.util.CausalityInterfaceForComposites._computeInputDepth(CausalityInterfaceForComposites.java:696)
	at ptolemy.actor.util.CausalityInterfaceForComposites._computeOutputPortDepth(CausalityInterfaceForComposites.java:765)
	at ptolemy.actor.util.CausalityInterfaceForComposites._computeInputDepth(CausalityInterfaceForComposites.java:696)
	at ptolemy.actor.util.CausalityInterfaceForComposites._computeActorDepth(CausalityInterfaceForComposites.java:532)
	at ptolemy.actor.util.CausalityInterfaceForComposites.checkForCycles(CausalityInterfaceForComposites.java:96)
	at ptolemy.domains.de.kernel.DEDirector.preinitialize(DEDirector.java:1338)
	at ptolemy.actor.CompositeActor.preinitialize(CompositeActor.java:1828)
	at ptolemy.actor.Manager.preinitializeAndResolveTypes(Manager.java:1040)
	at ptolemy.actor.Manager.initialize(Manager.java:710)
	at ptolemy.actor.Manager.execute(Manager.java:356)
	at ptolemy.actor.Manager.run(Manager.java:1263)
	at ptolemy.actor.Manager$PtolemyRunThread.run(Manager.java:1933)
java.lang.RuntimeException: Execution failed
	at ptolemy.moml.MoMLSimpleApplication$UnloadThread.run(MoMLSimpleApplication.java:402)
Caused by: ptolemy.kernel.util.IllegalActionException: Found a zero delay loop containing .dependencyLoop.original
  in .dependencyLoop and .dependencyLoop.original
	at ptolemy.actor.util.CausalityInterfaceForComposites._computeOutputPortDepth(CausalityInterfaceForComposites.java:759)
	at ptolemy.actor.util.CausalityInterfaceForComposites._computeInputDepth(CausalityInterfaceForComposites.java:696)
	at ptolemy.actor.util.CausalityInterfaceForComposites._computeOutputPortDepth(CausalityInterfaceForComposites.java:765)
	at ptolemy.actor.util.CausalityInterfaceForComposites._computeInputDepth(CausalityInterfaceForComposites.java:696)
	at ptolemy.actor.util.CausalityInterfaceForComposites._computeOutputPortDepth(CausalityInterfaceForComposites.java:765)
	at ptolemy.actor.util.CausalityInterfaceForComposites._computeInputDepth(CausalityInterfaceForComposites.java:696)
	at ptolemy.actor.util.CausalityInterfaceForComposites._computeActorDepth(CausalityInterfaceForComposites.java:532)
	at ptolemy.actor.util.CausalityInterfaceForComposites.checkForCycles(CausalityInterfaceForComposites.java:96)
	at ptolemy.domains.de.kernel.DEDirector.preinitialize(DEDirector.java:1338)
	at ptolemy.actor.CompositeActor.preinitialize(CompositeActor.java:1828)
	at ptolemy.actor.Manager.preinitializeAndResolveTypes(Manager.java:1040)
	at ptolemy.actor.Manager.initialize(Manager.java:710)
	at ptolemy.actor.Manager.execute(Manager.java:356)
	at ptolemy.actor.Manager.run(Manager.java:1263)
	at ptolemy.actor.Manager$PtolemyRunThread.run(Manager.java:1933)
java.lang.reflect.InvocationTargetException
	at java.base/jdk.internal.reflect.NativeConstructorAccessorImpl.newInstance0(Native Method)
	at java.base/jdk.internal.reflect.NativeConstructorAccessorImpl.newInstance(NativeConstructorAccessorImpl.java:62)
	at java.base/jdk.internal.reflect.DelegatingConstructorAccessorImpl.newInstance(DelegatingConstructorAccessorImpl.java:45)
	at java.base/java.lang.reflect.Constructor.newInstance(Constructor.java:490)
	at ptolemy.util.test.junit.AutoKnownFailedTests.RunModel(AutoKnownFailedTests.java:105)
	at java.base/jdk.internal.reflect.NativeMethodAccessorImpl.invoke0(Native Method)
	at java.base/jdk.internal.reflect.NativeMethodAccessorImpl.invoke(NativeMethodAccessorImpl.java:62)
	at java.base/jdk.internal.reflect.DelegatingMethodAccessorImpl.invoke(DelegatingMethodAccessorImpl.java:43)
	at java.base/java.lang.reflect.Method.invoke(Method.java:566)
	at org.junit.runners.model.FrameworkMethod$1.runReflectiveCall(FrameworkMethod.java:44)
	at org.junit.internal.runners.model.ReflectiveCallable.run(ReflectiveCallable.java:15)
	at org.junit.runners.model.FrameworkMethod.invokeExplosively(FrameworkMethod.java:41)
	at junitparams.internal.InvokeParameterisedMethod.evaluate(InvokeParameterisedMethod.java:102)
	at org.junit.internal.runners.statements.FailOnTimeout$1.run(FailOnTimeout.java:28)
Caused by: ptolemy.kernel.util.IllegalActionException: Found a zero delay loop containing .dependencyLoop.original
  in .dependencyLoop and .dependencyLoop.original
	at ptolemy.actor.util.CausalityInterfaceForComposites._computeOutputPortDepth(CausalityInterfaceForComposites.java:759)
	at ptolemy.actor.util.CausalityInterfaceForComposites._computeInputDepth(CausalityInterfaceForComposites.java:696)
	at ptolemy.actor.util.CausalityInterfaceForComposites._computeOutputPortDepth(CausalityInterfaceForComposites.java:765)
	at ptolemy.actor.util.CausalityInterfaceForComposites._computeInputDepth(CausalityInterfaceForComposites.java:696)
	at ptolemy.actor.util.CausalityInterfaceForComposites._computeOutputPortDepth(CausalityInterfaceForComposites.java:765)
	at ptolemy.actor.util.CausalityInterfaceForComposites._computeInputDepth(CausalityInterfaceForComposites.java:696)
	at ptolemy.actor.util.CausalityInterfaceForComposites._computeActorDepth(CausalityInterfaceForComposites.java:532)
	at ptolemy.actor.util.CausalityInterfaceForComposites.checkForCycles(CausalityInterfaceForComposites.java:96)
	at ptolemy.domains.de.kernel.DEDirector.preinitialize(DEDirector.java:1338)
	at ptolemy.actor.CompositeActor.preinitialize(CompositeActor.java:1828)
	at ptolemy.actor.Manager.preinitializeAndResolveTypes(Manager.java:1040)
	at ptolemy.actor.Manager.initialize(Manager.java:710)
	at ptolemy.actor.Manager.execute(Manager.java:356)
	at ptolemy.actor.Manager.run(Manager.java:1263)
	at ptolemy.actor.Manager$PtolemyRunThread.run(Manager.java:1933)
java.lang.RuntimeException: Execution failed
	at ptolemy.moml.MoMLSimpleApplication$UnloadThread.run(MoMLSimpleApplication.java:402)
Caused by: ptolemy.kernel.util.IllegalActionException: Found a zero delay loop containing .dependencyLoop2.original
  in .dependencyLoop2 and .dependencyLoop2.original
	at ptolemy.actor.util.CausalityInterfaceForComposites._computeOutputPortDepth(CausalityInterfaceForComposites.java:759)
	at ptolemy.actor.util.CausalityInterfaceForComposites._computeInputDepth(CausalityInterfaceForComposites.java:696)
	at ptolemy.actor.util.CausalityInterfaceForComposites._computeOutputPortDepth(CausalityInterfaceForComposites.java:765)
	at ptolemy.actor.util.CausalityInterfaceForComposites._computeInputDepth(CausalityInterfaceForComposites.java:696)
	at ptolemy.actor.util.CausalityInterfaceForComposites._computeOutputPortDepth(CausalityInterfaceForComposites.java:765)
	at ptolemy.actor.util.CausalityInterfaceForComposites._computeInputDepth(CausalityInterfaceForComposites.java:696)
	at ptolemy.actor.util.CausalityInterfaceForComposites._computeActorDepth(CausalityInterfaceForComposites.java:532)
	at ptolemy.actor.util.CausalityInterfaceForComposites.checkForCycles(CausalityInterfaceForComposites.java:96)
	at ptolemy.domains.de.kernel.DEDirector.preinitialize(DEDirector.java:1338)
	at ptolemy.actor.CompositeActor.preinitialize(CompositeActor.java:1828)
	at ptolemy.actor.Manager.preinitializeAndResolveTypes(Manager.java:1040)
	at ptolemy.actor.Manager.initialize(Manager.java:710)
	at ptolemy.actor.Manager.execute(Manager.java:356)
	at ptolemy.actor.Manager.run(Manager.java:1263)
	at ptolemy.actor.Manager$PtolemyRunThread.run(Manager.java:1933)
java.lang.reflect.InvocationTargetException
	at java.base/jdk.internal.reflect.NativeConstructorAccessorImpl.newInstance0(Native Method)
	at java.base/jdk.internal.reflect.NativeConstructorAccessorImpl.newInstance(NativeConstructorAccessorImpl.java:62)
	at java.base/jdk.internal.reflect.DelegatingConstructorAccessorImpl.newInstance(DelegatingConstructorAccessorImpl.java:45)
	at java.base/java.lang.reflect.Constructor.newInstance(Constructor.java:490)
	at ptolemy.util.test.junit.AutoKnownFailedTests.RunModel(AutoKnownFailedTests.java:105)
	at java.base/jdk.internal.reflect.NativeMethodAccessorImpl.invoke0(Native Method)
	at java.base/jdk.internal.reflect.NativeMethodAccessorImpl.invoke(NativeMethodAccessorImpl.java:62)
	at java.base/jdk.internal.reflect.DelegatingMethodAccessorImpl.invoke(DelegatingMethodAccessorImpl.java:43)
	at java.base/java.lang.reflect.Method.invoke(Method.java:566)
	at org.junit.runners.model.FrameworkMethod$1.runReflectiveCall(FrameworkMethod.java:44)
	at org.junit.internal.runners.model.ReflectiveCallable.run(ReflectiveCallable.java:15)
	at org.junit.runners.model.FrameworkMethod.invokeExplosively(FrameworkMethod.java:41)
	at junitparams.internal.InvokeParameterisedMethod.evaluate(InvokeParameterisedMethod.java:102)
	at org.junit.internal.runners.statements.FailOnTimeout$1.run(FailOnTimeout.java:28)
Caused by: ptolemy.kernel.util.IllegalActionException: Found a zero delay loop containing .dependencyLoop2.original
  in .dependencyLoop2 and .dependencyLoop2.original
	at ptolemy.actor.util.CausalityInterfaceForComposites._computeOutputPortDepth(CausalityInterfaceForComposites.java:759)
	at ptolemy.actor.util.CausalityInterfaceForComposites._computeInputDepth(CausalityInterfaceForComposites.java:696)
	at ptolemy.actor.util.CausalityInterfaceForComposites._computeOutputPortDepth(CausalityInterfaceForComposites.java:765)
	at ptolemy.actor.util.CausalityInterfaceForComposites._computeInputDepth(CausalityInterfaceForComposites.java:696)
	at ptolemy.actor.util.CausalityInterfaceForComposites._computeOutputPortDepth(CausalityInterfaceForComposites.java:765)
	at ptolemy.actor.util.CausalityInterfaceForComposites._computeInputDepth(CausalityInterfaceForComposites.java:696)
	at ptolemy.actor.util.CausalityInterfaceForComposites._computeActorDepth(CausalityInterfaceForComposites.java:532)
	at ptolemy.actor.util.CausalityInterfaceForComposites.checkForCycles(CausalityInterfaceForComposites.java:96)
	at ptolemy.domains.de.kernel.DEDirector.preinitialize(DEDirector.java:1338)
	at ptolemy.actor.CompositeActor.preinitialize(CompositeActor.java:1828)
	at ptolemy.actor.Manager.preinitializeAndResolveTypes(Manager.java:1040)
	at ptolemy.actor.Manager.initialize(Manager.java:710)
	at ptolemy.actor.Manager.execute(Manager.java:356)
	at ptolemy.actor.Manager.run(Manager.java:1263)
	at ptolemy.actor.Manager$PtolemyRunThread.run(Manager.java:1933)
]]></system-err>
</testsuite>
